<?xml version="1.0" encoding="UTF-8"?>
<testsuite xmlns:xsi="http://www.w3.org/2001/XMLSchema-instance" xsi:noNamespaceSchemaLocation="https://maven.apache.org/surefire/maven-surefire-plugin/xsd/surefire-test-report.xsd" name="org.apache.hadoop.ozone.client.rpc.TestBlockOutputStreamWithFailures" time="746.321" tests="8" errors="0" skipped="0" failures="2">
  <properties>
    <property name="awt.toolkit" value="sun.awt.X11.XToolkit"/>
    <property name="file.encoding.pkg" value="sun.io"/>
    <property name="java.specification.version" value="1.8"/>
    <property name="sun.cpu.isalist" value=""/>
    <property name="sun.jnu.encoding" value="UTF-8"/>
    <property name="java.class.path" value="/workdir/hadoop-ozone/integration-test/target/test-classes:/workdir/hadoop-ozone/integration-test/target/classes:/home/user/.m2/repository/org/apache/hadoop/hadoop-ozone-common/0.5.0-SNAPSHOT/hadoop-ozone-common-0.5.0-SNAPSHOT.jar:/home/user/.m2/repository/org/apache/commons/commons-compress/1.4.1/commons-compress-1.4.1.jar:/home/user/.m2/repository/org/tukaani/xz/1.0/xz-1.0.jar:/home/user/.m2/repository/org/apache/hadoop/hadoop-common/3.2.0/hadoop-common-3.2.0.jar:/home/user/.m2/repository/org/apache/hadoop/hadoop-hdfs/3.2.0/hadoop-hdfs-3.2.0.jar:/home/user/.m2/repository/org/apache/hadoop/hadoop-hdfs-client/3.2.0/hadoop-hdfs-client-3.2.0.jar:/home/user/.m2/repository/com/fasterxml/jackson/core/jackson-annotations/2.9.5/jackson-annotations-2.9.5.jar:/home/user/.m2/repository/org/apache/hadoop/hadoop-hdds-common/0.5.0-SNAPSHOT/hadoop-hdds-common-0.5.0-SNAPSHOT.jar:/home/user/.m2/repository/javax/annotation/javax.annotation-api/1.2/javax.annotation-api-1.2.jar:/home/user/.m2/repository/org/apache/ratis/ratis-server/0.4.0-78e95b9-SNAPSHOT/ratis-server-0.4.0-78e95b9-SNAPSHOT.jar:/home/user/.m2/repository/org/apache/ratis/ratis-thirdparty-misc/0.2.0/ratis-thirdparty-misc-0.2.0.jar:/home/user/.m2/repository/org/apache/ratis/ratis-proto/0.4.0-78e95b9-SNAPSHOT/ratis-proto-0.4.0-78e95b9-SNAPSHOT.jar:/home/user/.m2/repository/org/apache/ratis/ratis-common/0.4.0-78e95b9-SNAPSHOT/ratis-common-0.4.0-78e95b9-SNAPSHOT.jar:/home/user/.m2/repository/org/apache/ratis/ratis-client/0.4.0-78e95b9-SNAPSHOT/ratis-client-0.4.0-78e95b9-SNAPSHOT.jar:/home/user/.m2/repository/org/apache/ratis/ratis-metrics/0.4.0-78e95b9-SNAPSHOT/ratis-metrics-0.4.0-78e95b9-SNAPSHOT.jar:/home/user/.m2/repository/com/github/joshelser/dropwizard-metrics-hadoop-metrics2-reporter/0.1.2/dropwizard-metrics-hadoop-metrics2-reporter-0.1.2.jar:/home/user/.m2/repository/io/dropwizard/metrics/metrics-jvm/3.2.5/metrics-jvm-3.2.5.jar:/home/user/.m2/repository/io/dropwizard/metrics/metrics-ganglia/3.2.5/metrics-ganglia-3.2.5.jar:/home/user/.m2/repository/info/ganglia/gmetric4j/gmetric4j/1.0.7/gmetric4j-1.0.7.jar:/home/user/.m2/repository/org/apache/ratis/ratis-netty/0.4.0-78e95b9-SNAPSHOT/ratis-netty-0.4.0-78e95b9-SNAPSHOT.jar:/home/user/.m2/repository/org/apache/ratis/ratis-grpc/0.4.0-78e95b9-SNAPSHOT/ratis-grpc-0.4.0-78e95b9-SNAPSHOT.jar:/home/user/.m2/repository/org/rocksdb/rocksdbjni/6.0.1/rocksdbjni-6.0.1.jar:/home/user/.m2/repository/org/apache/logging/log4j/log4j-api/2.11.0/log4j-api-2.11.0.jar:/home/user/.m2/repository/org/apache/logging/log4j/log4j-core/2.11.0/log4j-core-2.11.0.jar:/home/user/.m2/repository/com/lmax/disruptor/3.4.2/disruptor-3.4.2.jar:/home/user/.m2/repository/org/apache/commons/commons-pool2/2.6.0/commons-pool2-2.6.0.jar:/home/user/.m2/repository/org/bouncycastle/bcpkix-jdk15on/1.60/bcpkix-jdk15on-1.60.jar:/home/user/.m2/repository/commons-validator/commons-validator/1.6/commons-validator-1.6.jar:/home/user/.m2/repository/commons-digester/commons-digester/1.8.1/commons-digester-1.8.1.jar:/home/user/.m2/repository/io/jaegertracing/jaeger-client/0.33.1/jaeger-client-0.33.1.jar:/home/user/.m2/repository/io/jaegertracing/jaeger-thrift/0.33.1/jaeger-thrift-0.33.1.jar:/home/user/.m2/repository/org/apache/thrift/libthrift/0.11.0/libthrift-0.11.0.jar:/home/user/.m2/repository/com/squareup/okhttp3/okhttp/3.9.0/okhttp-3.9.0.jar:/home/user/.m2/repository/com/squareup/okio/okio/1.13.0/okio-1.13.0.jar:/home/user/.m2/repository/io/jaegertracing/jaeger-core/0.33.1/jaeger-core-0.33.1.jar:/home/user/.m2/repository/io/jaegertracing/jaeger-tracerresolver/0.33.1/jaeger-tracerresolver-0.33.1.jar:/home/user/.m2/repository/io/opentracing/contrib/opentracing-tracerresolver/0.1.5/opentracing-tracerresolver-0.1.5.jar:/home/user/.m2/repository/io/opentracing/opentracing-util/0.31.0/opentracing-util-0.31.0.jar:/home/user/.m2/repository/io/opentracing/opentracing-api/0.31.0/opentracing-api-0.31.0.jar:/home/user/.m2/repository/io/opentracing/opentracing-noop/0.31.0/opentracing-noop-0.31.0.jar:/home/user/.m2/repository/org/apache/hadoop/hadoop-hdds-server-framework/0.5.0-SNAPSHOT/hadoop-hdds-server-framework-0.5.0-SNAPSHOT.jar:/home/user/.m2/repository/org/apache/hadoop/hadoop-hdds-container-service/0.5.0-SNAPSHOT/hadoop-hdds-container-service-0.5.0-SNAPSHOT.jar:/home/user/.m2/repository/org/apache/hadoop/hadoop-hdds-client/0.5.0-SNAPSHOT/hadoop-hdds-client-0.5.0-SNAPSHOT.jar:/home/user/.m2/repository/org/apache/hadoop/hadoop-hdds-tools/0.5.0-SNAPSHOT/hadoop-hdds-tools-0.5.0-SNAPSHOT.jar:/home/user/.m2/repository/org/apache/hadoop/hadoop-hdds-server-scm/0.5.0-SNAPSHOT/hadoop-hdds-server-scm-0.5.0-SNAPSHOT.jar:/home/user/.m2/repository/org/apache/hadoop/hadoop-hdds-docs/0.5.0-SNAPSHOT/hadoop-hdds-docs-0.5.0-SNAPSHOT.jar:/home/user/.m2/repository/io/dropwizard/metrics/metrics-core/3.2.4/metrics-core-3.2.4.jar:/home/user/.m2/repository/org/hamcrest/hamcrest-all/1.3/hamcrest-all-1.3.jar:/home/user/.m2/repository/org/bouncycastle/bcprov-jdk15on/1.60/bcprov-jdk15on-1.60.jar:/home/user/.m2/repository/info/picocli/picocli/3.9.6/picocli-3.9.6.jar:/home/user/.m2/repository/com/google/protobuf/protobuf-java/2.5.0/protobuf-java-2.5.0.jar:/home/user/.m2/repository/com/google/guava/guava/11.0.2/guava-11.0.2.jar:/home/user/.m2/repository/org/apache/hadoop/hadoop-ozone-ozone-manager/0.5.0-SNAPSHOT/hadoop-ozone-ozone-manager-0.5.0-SNAPSHOT.jar:/home/user/.m2/repository/org/apache/hadoop/hadoop-minikdc/3.2.0/hadoop-minikdc-3.2.0.jar:/home/user/.m2/repository/commons-io/commons-io/2.5/commons-io-2.5.jar:/home/user/.m2/repository/org/apache/kerby/kerb-simplekdc/1.0.1/kerb-simplekdc-1.0.1.jar:/home/user/.m2/repository/org/apache/kerby/kerb-client/1.0.1/kerb-client-1.0.1.jar:/home/user/.m2/repository/org/apache/kerby/kerby-config/1.0.1/kerby-config-1.0.1.jar:/home/user/.m2/repository/org/apache/kerby/kerb-core/1.0.1/kerb-core-1.0.1.jar:/home/user/.m2/repository/org/apache/kerby/kerby-pkix/1.0.1/kerby-pkix-1.0.1.jar:/home/user/.m2/repository/org/apache/kerby/kerby-asn1/1.0.1/kerby-asn1-1.0.1.jar:/home/user/.m2/repository/org/apache/kerby/kerby-util/1.0.1/kerby-util-1.0.1.jar:/home/user/.m2/repository/org/apache/kerby/kerb-common/1.0.1/kerb-common-1.0.1.jar:/home/user/.m2/repository/org/apache/kerby/kerb-crypto/1.0.1/kerb-crypto-1.0.1.jar:/home/user/.m2/repository/org/apache/kerby/kerb-util/1.0.1/kerb-util-1.0.1.jar:/home/user/.m2/repository/org/apache/kerby/token-provider/1.0.1/token-provider-1.0.1.jar:/home/user/.m2/repository/org/apache/kerby/kerb-admin/1.0.1/kerb-admin-1.0.1.jar:/home/user/.m2/repository/org/apache/kerby/kerb-server/1.0.1/kerb-server-1.0.1.jar:/home/user/.m2/repository/org/apache/kerby/kerb-identity/1.0.1/kerb-identity-1.0.1.jar:/home/user/.m2/repository/org/apache/kerby/kerby-xdr/1.0.1/kerby-xdr-1.0.1.jar:/home/user/.m2/repository/org/slf4j/slf4j-log4j12/1.7.25/slf4j-log4j12-1.7.25.jar:/home/user/.m2/repository/org/apache/hadoop/hadoop-ozone-s3gateway/0.5.0-SNAPSHOT/hadoop-ozone-s3gateway-0.5.0-SNAPSHOT.jar:/home/user/.m2/repository/org/jboss/weld/servlet/weld-servlet/2.4.7.Final/weld-servlet-2.4.7.Final.jar:/home/user/.m2/repository/org/glassfish/jersey/containers/jersey-container-servlet-core/2.27/jersey-container-servlet-core-2.27.jar:/home/user/.m2/repository/org/glassfish/hk2/external/javax.inject/2.5.0-b42/javax.inject-2.5.0-b42.jar:/home/user/.m2/repository/org/glassfish/jersey/core/jersey-common/2.27/jersey-common-2.27.jar:/home/user/.m2/repository/org/glassfish/hk2/osgi-resource-locator/1.0.1/osgi-resource-locator-1.0.1.jar:/home/user/.m2/repository/javax/ws/rs/javax.ws.rs-api/2.1/javax.ws.rs-api-2.1.jar:/home/user/.m2/repository/org/glassfish/jersey/ext/cdi/jersey-cdi1x/2.27/jersey-cdi1x-2.27.jar:/home/user/.m2/repository/org/glassfish/jersey/inject/jersey-hk2/2.27/jersey-hk2-2.27.jar:/home/user/.m2/repository/org/glassfish/hk2/hk2-locator/2.5.0-b42/hk2-locator-2.5.0-b42.jar:/home/user/.m2/repository/org/javassist/javassist/3.22.0-CR2/javassist-3.22.0-CR2.jar:/home/user/.m2/repository/org/glassfish/hk2/hk2-api/2.5.0/hk2-api-2.5.0.jar:/home/user/.m2/repository/org/glassfish/hk2/external/jakarta.inject/2.5.0/jakarta.inject-2.5.0.jar:/home/user/.m2/repository/org/glassfish/hk2/hk2-utils/2.5.0/hk2-utils-2.5.0.jar:/home/user/.m2/repository/jakarta/annotation/jakarta.annotation-api/1.3.4/jakarta.annotation-api-1.3.4.jar:/home/user/.m2/repository/org/glassfish/hk2/external/aopalliance-repackaged/2.5.0/aopalliance-repackaged-2.5.0.jar:/home/user/.m2/repository/com/fasterxml/jackson/dataformat/jackson-dataformat-xml/2.9.0/jackson-dataformat-xml-2.9.0.jar:/home/user/.m2/repository/com/fasterxml/jackson/core/jackson-core/2.9.5/jackson-core-2.9.5.jar:/home/user/.m2/repository/com/fasterxml/jackson/module/jackson-module-jaxb-annotations/2.9.5/jackson-module-jaxb-annotations-2.9.5.jar:/home/user/.m2/repository/javax/enterprise/cdi-api/1.2/cdi-api-1.2.jar:/home/user/.m2/repository/javax/el/javax.el-api/3.0.0/javax.el-api-3.0.0.jar:/home/user/.m2/repository/javax/interceptor/javax.interceptor-api/1.2/javax.interceptor-api-1.2.jar:/home/user/.m2/repository/javax/inject/javax.inject/1/javax.inject-1.jar:/home/user/.m2/repository/com/sun/xml/bind/jaxb-impl/2.3.0.1/jaxb-impl-2.3.0.1.jar:/home/user/.m2/repository/com/sun/xml/bind/jaxb-core/2.3.0.1/jaxb-core-2.3.0.1.jar:/home/user/.m2/repository/javax/xml/bind/jaxb-api/2.3.0/jaxb-api-2.3.0.jar:/home/user/.m2/repository/javax/activation/activation/1.1.1/activation-1.1.1.jar:/home/user/.m2/repository/org/apache/hadoop/hadoop-ozone-csi/0.5.0-SNAPSHOT/hadoop-ozone-csi-0.5.0-SNAPSHOT.jar:/home/user/.m2/repository/com/google/protobuf/protobuf-java-util/3.5.1/protobuf-java-util-3.5.1.jar:/home/user/.m2/repository/org/apache/hadoop/hadoop-hdds-config/0.5.0-SNAPSHOT/hadoop-hdds-config-0.5.0-SNAPSHOT.jar:/home/user/.m2/repository/io/grpc/grpc-netty/1.17.1/grpc-netty-1.17.1.jar:/home/user/.m2/repository/io/grpc/grpc-core/1.17.1/grpc-core-1.17.1.jar:/home/user/.m2/repository/io/grpc/grpc-context/1.17.1/grpc-context-1.17.1.jar:/home/user/.m2/repository/com/google/errorprone/error_prone_annotations/2.2.0/error_prone_annotations-2.2.0.jar:/home/user/.m2/repository/org/codehaus/mojo/animal-sniffer-annotations/1.17/animal-sniffer-annotations-1.17.jar:/home/user/.m2/repository/io/opencensus/opencensus-api/0.17.0/opencensus-api-0.17.0.jar:/home/user/.m2/repository/io/opencensus/opencensus-contrib-grpc-metrics/0.17.0/opencensus-contrib-grpc-metrics-0.17.0.jar:/home/user/.m2/repository/io/netty/netty-codec-http2/4.1.30.Final/netty-codec-http2-4.1.30.Final.jar:/home/user/.m2/repository/io/netty/netty-codec-http/4.1.30.Final/netty-codec-http-4.1.30.Final.jar:/home/user/.m2/repository/io/netty/netty-codec/4.1.30.Final/netty-codec-4.1.30.Final.jar:/home/user/.m2/repository/io/netty/netty-handler/4.1.30.Final/netty-handler-4.1.30.Final.jar:/home/user/.m2/repository/io/netty/netty-handler-proxy/4.1.30.Final/netty-handler-proxy-4.1.30.Final.jar:/home/user/.m2/repository/io/netty/netty-codec-socks/4.1.30.Final/netty-codec-socks-4.1.30.Final.jar:/home/user/.m2/repository/io/netty/netty-transport-native-epoll/4.1.30.Final/netty-transport-native-epoll-4.1.30.Final.jar:/home/user/.m2/repository/io/netty/netty-common/4.1.30.Final/netty-common-4.1.30.Final.jar:/home/user/.m2/repository/io/netty/netty-buffer/4.1.30.Final/netty-buffer-4.1.30.Final.jar:/home/user/.m2/repository/io/netty/netty-transport/4.1.30.Final/netty-transport-4.1.30.Final.jar:/home/user/.m2/repository/io/netty/netty-resolver/4.1.30.Final/netty-resolver-4.1.30.Final.jar:/home/user/.m2/repository/io/netty/netty-transport-native-unix-common/4.1.30.Final/netty-transport-native-unix-common-4.1.30.Final.jar:/home/user/.m2/repository/io/grpc/grpc-protobuf/1.17.1/grpc-protobuf-1.17.1.jar:/home/user/.m2/repository/com/google/api/grpc/proto-google-common-protos/1.0.0/proto-google-common-protos-1.0.0.jar:/home/user/.m2/repository/io/grpc/grpc-protobuf-lite/1.17.1/grpc-protobuf-lite-1.17.1.jar:/home/user/.m2/repository/io/grpc/grpc-stub/1.17.1/grpc-stub-1.17.1.jar:/home/user/.m2/repository/org/apache/hadoop/hadoop-ozone-recon/0.5.0-SNAPSHOT/hadoop-ozone-recon-0.5.0-SNAPSHOT.jar:/home/user/.m2/repository/org/apache/hadoop/hadoop-ozone-reconcodegen/0.5.0-SNAPSHOT/hadoop-ozone-reconcodegen-0.5.0-SNAPSHOT.jar:/home/user/.m2/repository/com/google/inject/extensions/guice-multibindings/4.0/guice-multibindings-4.0.jar:/home/user/.m2/repository/com/google/inject/guice/4.0/guice-4.0.jar:/home/user/.m2/repository/aopalliance/aopalliance/1.0/aopalliance-1.0.jar:/home/user/.m2/repository/com/google/inject/extensions/guice-servlet/4.0/guice-servlet-4.0.jar:/home/user/.m2/repository/org/glassfish/jersey/containers/jersey-container-servlet/2.27/jersey-container-servlet-2.27.jar:/home/user/.m2/repository/org/glassfish/hk2/guice-bridge/2.5.0/guice-bridge-2.5.0.jar:/home/user/.m2/repository/org/glassfish/jersey/core/jersey-server/2.27/jersey-server-2.27.jar:/home/user/.m2/repository/org/glassfish/jersey/core/jersey-client/2.27/jersey-client-2.27.jar:/home/user/.m2/repository/org/glassfish/jersey/media/jersey-media-jaxb/2.27/jersey-media-jaxb-2.27.jar:/home/user/.m2/repository/javax/validation/validation-api/1.1.0.Final/validation-api-1.1.0.Final.jar:/home/user/.m2/repository/org/glassfish/jersey/media/jersey-media-json-jackson/2.27/jersey-media-json-jackson-2.27.jar:/home/user/.m2/repository/org/glassfish/jersey/ext/jersey-entity-filtering/2.27/jersey-entity-filtering-2.27.jar:/home/user/.m2/repository/com/google/inject/extensions/guice-assistedinject/4.0/guice-assistedinject-4.0.jar:/home/user/.m2/repository/org/jooq/jooq/3.11.10/jooq-3.11.10.jar:/home/user/.m2/repository/org/jooq/jooq-meta/3.11.10/jooq-meta-3.11.10.jar:/home/user/.m2/repository/org/jooq/jooq-codegen/3.11.10/jooq-codegen-3.11.10.jar:/home/user/.m2/repository/com/jolbox/bonecp/0.8.0.RELEASE/bonecp-0.8.0.RELEASE.jar:/home/user/.m2/repository/org/xerial/sqlite-jdbc/3.25.2/sqlite-jdbc-3.25.2.jar:/home/user/.m2/repository/org/springframework/spring-jdbc/5.1.3.RELEASE/spring-jdbc-5.1.3.RELEASE.jar:/home/user/.m2/repository/org/springframework/spring-beans/5.1.3.RELEASE/spring-beans-5.1.3.RELEASE.jar:/home/user/.m2/repository/org/springframework/spring-core/5.1.3.RELEASE/spring-core-5.1.3.RELEASE.jar:/home/user/.m2/repository/org/springframework/spring-jcl/5.1.3.RELEASE/spring-jcl-5.1.3.RELEASE.jar:/home/user/.m2/repository/org/springframework/spring-tx/5.1.3.RELEASE/spring-tx-5.1.3.RELEASE.jar:/home/user/.m2/repository/org/apache/hadoop/hadoop-ozone-client/0.5.0-SNAPSHOT/hadoop-ozone-client-0.5.0-SNAPSHOT.jar:/home/user/.m2/repository/commons-lang/commons-lang/2.6/commons-lang-2.6.jar:/home/user/.m2/repository/org/apache/hadoop/hadoop-ozone-ozone-manager/0.5.0-SNAPSHOT/hadoop-ozone-ozone-manager-0.5.0-SNAPSHOT-tests.jar:/home/user/.m2/repository/junit/junit/4.11/junit-4.11.jar:/home/user/.m2/repository/org/hamcrest/hamcrest-core/1.3/hamcrest-core-1.3.jar:/home/user/.m2/repository/org/openjdk/jmh/jmh-core/1.19/jmh-core-1.19.jar:/home/user/.m2/repository/net/sf/jopt-simple/jopt-simple/4.6/jopt-simple-4.6.jar:/home/user/.m2/repository/org/apache/commons/commons-math3/3.1.1/commons-math3-3.1.1.jar:/home/user/.m2/repository/org/openjdk/jmh/jmh-generator-annprocess/1.19/jmh-generator-annprocess-1.19.jar:/home/user/.m2/repository/org/mockito/mockito-all/1.8.5/mockito-all-1.8.5.jar:/home/user/.m2/repository/org/apache/hadoop/hadoop-kms/3.2.0/hadoop-kms-3.2.0.jar:/home/user/.m2/repository/org/apache/hadoop/hadoop-auth/3.2.0/hadoop-auth-3.2.0.jar:/home/user/.m2/repository/com/nimbusds/nimbus-jose-jwt/4.41.1/nimbus-jose-jwt-4.41.1.jar:/home/user/.m2/repository/com/github/stephenc/jcip/jcip-annotations/1.0-1/jcip-annotations-1.0-1.jar:/home/user/.m2/repository/net/minidev/json-smart/2.3/json-smart-2.3.jar:/home/user/.m2/repository/net/minidev/accessors-smart/1.2/accessors-smart-1.2.jar:/home/user/.m2/repository/org/ow2/asm/asm/5.0.4/asm-5.0.4.jar:/home/user/.m2/repository/org/apache/curator/curator-framework/2.12.0/curator-framework-2.12.0.jar:/home/user/.m2/repository/com/sun/jersey/jersey-core/1.19/jersey-core-1.19.jar:/home/user/.m2/repository/javax/ws/rs/jsr311-api/1.1.1/jsr311-api-1.1.1.jar:/home/user/.m2/repository/com/sun/jersey/jersey-server/1.19/jersey-server-1.19.jar:/home/user/.m2/repository/javax/servlet/javax.servlet-api/3.1.0/javax.servlet-api-3.1.0.jar:/home/user/.m2/repository/org/eclipse/jetty/jetty-server/9.3.24.v20180605/jetty-server-9.3.24.v20180605.jar:/home/user/.m2/repository/org/eclipse/jetty/jetty-http/9.3.24.v20180605/jetty-http-9.3.24.v20180605.jar:/home/user/.m2/repository/org/eclipse/jetty/jetty-io/9.3.24.v20180605/jetty-io-9.3.24.v20180605.jar:/home/user/.m2/repository/org/eclipse/jetty/jetty-webapp/9.3.24.v20180605/jetty-webapp-9.3.24.v20180605.jar:/home/user/.m2/repository/org/eclipse/jetty/jetty-xml/9.3.24.v20180605/jetty-xml-9.3.24.v20180605.jar:/home/user/.m2/repository/log4j/log4j/1.2.17/log4j-1.2.17.jar:/home/user/.m2/repository/org/slf4j/slf4j-api/1.7.25/slf4j-api-1.7.25.jar:/home/user/.m2/repository/org/slf4j/jul-to-slf4j/1.7.25/jul-to-slf4j-1.7.25.jar:/home/user/.m2/repository/org/eclipse/jetty/jetty-util/9.3.24.v20180605/jetty-util-9.3.24.v20180605.jar:/home/user/.m2/repository/com/fasterxml/jackson/core/jackson-databind/2.9.5/jackson-databind-2.9.5.jar:/home/user/.m2/repository/org/apache/hadoop/hadoop-kms/3.2.0/hadoop-kms-3.2.0-tests.jar:/home/user/.m2/repository/org/apache/hadoop/hadoop-hdds-server-scm/0.5.0-SNAPSHOT/hadoop-hdds-server-scm-0.5.0-SNAPSHOT-tests.jar:/home/user/.m2/repository/org/apache/hadoop/hadoop-hdds-container-service/0.5.0-SNAPSHOT/hadoop-hdds-container-service-0.5.0-SNAPSHOT-tests.jar:/home/user/.m2/repository/org/yaml/snakeyaml/1.16/snakeyaml-1.16.jar:/home/user/.m2/repository/org/apache/hadoop/hadoop-common/3.2.0/hadoop-common-3.2.0-tests.jar:/home/user/.m2/repository/org/apache/hadoop/hadoop-annotations/3.2.0/hadoop-annotations-3.2.0.jar:/usr/lib/jvm/java-1.8-openjdk/jre/../lib/tools.jar:/home/user/.m2/repository/commons-cli/commons-cli/1.2/commons-cli-1.2.jar:/home/user/.m2/repository/org/apache/httpcomponents/httpclient/4.5.2/httpclient-4.5.2.jar:/home/user/.m2/repository/org/apache/httpcomponents/httpcore/4.4.4/httpcore-4.4.4.jar:/home/user/.m2/repository/commons-codec/commons-codec/1.11/commons-codec-1.11.jar:/home/user/.m2/repository/commons-net/commons-net/3.6/commons-net-3.6.jar:/home/user/.m2/repository/commons-collections/commons-collections/3.2.2/commons-collections-3.2.2.jar:/home/user/.m2/repository/org/eclipse/jetty/jetty-servlet/9.3.24.v20180605/jetty-servlet-9.3.24.v20180605.jar:/home/user/.m2/repository/org/eclipse/jetty/jetty-security/9.3.24.v20180605/jetty-security-9.3.24.v20180605.jar:/home/user/.m2/repository/javax/servlet/jsp/jsp-api/2.1/jsp-api-2.1.jar:/home/user/.m2/repository/com/sun/jersey/jersey-servlet/1.19/jersey-servlet-1.19.jar:/home/user/.m2/repository/com/sun/jersey/jersey-json/1.19/jersey-json-1.19.jar:/home/user/.m2/repository/org/codehaus/jettison/jettison/1.1/jettison-1.1.jar:/home/user/.m2/repository/org/codehaus/jackson/jackson-core-asl/1.9.13/jackson-core-asl-1.9.13.jar:/home/user/.m2/repository/org/codehaus/jackson/jackson-mapper-asl/1.9.13/jackson-mapper-asl-1.9.13.jar:/home/user/.m2/repository/org/codehaus/jackson/jackson-jaxrs/1.9.13/jackson-jaxrs-1.9.13.jar:/home/user/.m2/repository/org/codehaus/jackson/jackson-xc/1.9.13/jackson-xc-1.9.13.jar:/home/user/.m2/repository/commons-logging/commons-logging/1.1.3/commons-logging-1.1.3.jar:/home/user/.m2/repository/commons-beanutils/commons-beanutils/1.9.3/commons-beanutils-1.9.3.jar:/home/user/.m2/repository/org/apache/commons/commons-configuration2/2.1.1/commons-configuration2-2.1.1.jar:/home/user/.m2/repository/org/apache/commons/commons-lang3/3.7/commons-lang3-3.7.jar:/home/user/.m2/repository/org/apache/commons/commons-text/1.4/commons-text-1.4.jar:/home/user/.m2/repository/org/apache/avro/avro/1.7.7/avro-1.7.7.jar:/home/user/.m2/repository/com/thoughtworks/paranamer/paranamer/2.3/paranamer-2.3.jar:/home/user/.m2/repository/org/xerial/snappy/snappy-java/1.0.5/snappy-java-1.0.5.jar:/home/user/.m2/repository/com/google/re2j/re2j/1.1/re2j-1.1.jar:/home/user/.m2/repository/com/google/code/gson/gson/2.2.4/gson-2.2.4.jar:/home/user/.m2/repository/com/jcraft/jsch/0.1.54/jsch-0.1.54.jar:/home/user/.m2/repository/org/apache/curator/curator-client/2.12.0/curator-client-2.12.0.jar:/home/user/.m2/repository/org/apache/curator/curator-recipes/2.12.0/curator-recipes-2.12.0.jar:/home/user/.m2/repository/com/google/code/findbugs/jsr305/3.0.0/jsr305-3.0.0.jar:/home/user/.m2/repository/org/apache/htrace/htrace-core4/4.1.0-incubating/htrace-core4-4.1.0-incubating.jar:/home/user/.m2/repository/org/apache/zookeeper/zookeeper/3.4.13/zookeeper-3.4.13.jar:/home/user/.m2/repository/org/apache/yetus/audience-annotations/0.5.0/audience-annotations-0.5.0.jar:/home/user/.m2/repository/org/codehaus/woodstox/stax2-api/3.1.4/stax2-api-3.1.4.jar:/home/user/.m2/repository/com/fasterxml/woodstox/woodstox-core/5.0.3/woodstox-core-5.0.3.jar:/home/user/.m2/repository/dnsjava/dnsjava/2.1.7/dnsjava-2.1.7.jar:/home/user/.m2/repository/org/apache/hadoop/hadoop-hdfs/3.2.0/hadoop-hdfs-3.2.0-tests.jar:/home/user/.m2/repository/org/eclipse/jetty/jetty-util-ajax/9.3.24.v20180605/jetty-util-ajax-9.3.24.v20180605.jar:/home/user/.m2/repository/commons-daemon/commons-daemon/1.0.13/commons-daemon-1.0.13.jar:/home/user/.m2/repository/io/netty/netty/3.10.5.Final/netty-3.10.5.Final.jar:/home/user/.m2/repository/io/netty/netty-all/4.0.52.Final/netty-all-4.0.52.Final.jar:/home/user/.m2/repository/org/fusesource/leveldbjni/leveldbjni-all/1.8/leveldbjni-all-1.8.jar:"/>
    <property name="java.vm.vendor" value="IcedTea"/>
    <property name="sun.arch.data.model" value="64"/>
    <property name="test.build.dir" value="/workdir/hadoop-ozone/integration-test/target/test-dir"/>
    <property name="test.cache.data" value=""/>
    <property name="java.vendor.url" value="https://icedtea.classpath.org"/>
    <property name="user.timezone" value=""/>
    <property name="java.vm.specification.version" value="1.8"/>
    <property name="os.name" value="Linux"/>
    <property name="test.build.data" value="/workdir/hadoop-ozone/integration-test/target/test-dir"/>
    <property name="user.country" value="US"/>
    <property name="sun.java.launcher" value="SUN_STANDARD"/>
    <property name="sun.boot.library.path" value="/usr/lib/jvm/java-1.8-openjdk/jre/lib/amd64"/>
    <property name="sun.java.command" value="/workdir/hadoop-ozone/integration-test/target/surefire/surefirebooter4571641083074037738.jar /workdir/hadoop-ozone/integration-test/target/surefire 2019-09-04T16-52-20_712-jvmRun1 surefire2192922370823104290tmp surefire_374189539718510514557tmp"/>
    <property name="test" value="!TestMiniChaosOzoneCluster"/>
    <property name="surefire.test.class.path" value="/workdir/hadoop-ozone/integration-test/target/test-classes:/workdir/hadoop-ozone/integration-test/target/classes:/home/user/.m2/repository/org/apache/hadoop/hadoop-ozone-common/0.5.0-SNAPSHOT/hadoop-ozone-common-0.5.0-SNAPSHOT.jar:/home/user/.m2/repository/org/apache/commons/commons-compress/1.4.1/commons-compress-1.4.1.jar:/home/user/.m2/repository/org/tukaani/xz/1.0/xz-1.0.jar:/home/user/.m2/repository/org/apache/hadoop/hadoop-common/3.2.0/hadoop-common-3.2.0.jar:/home/user/.m2/repository/org/apache/hadoop/hadoop-hdfs/3.2.0/hadoop-hdfs-3.2.0.jar:/home/user/.m2/repository/org/apache/hadoop/hadoop-hdfs-client/3.2.0/hadoop-hdfs-client-3.2.0.jar:/home/user/.m2/repository/com/fasterxml/jackson/core/jackson-annotations/2.9.5/jackson-annotations-2.9.5.jar:/home/user/.m2/repository/org/apache/hadoop/hadoop-hdds-common/0.5.0-SNAPSHOT/hadoop-hdds-common-0.5.0-SNAPSHOT.jar:/home/user/.m2/repository/javax/annotation/javax.annotation-api/1.2/javax.annotation-api-1.2.jar:/home/user/.m2/repository/org/apache/ratis/ratis-server/0.4.0-78e95b9-SNAPSHOT/ratis-server-0.4.0-78e95b9-SNAPSHOT.jar:/home/user/.m2/repository/org/apache/ratis/ratis-thirdparty-misc/0.2.0/ratis-thirdparty-misc-0.2.0.jar:/home/user/.m2/repository/org/apache/ratis/ratis-proto/0.4.0-78e95b9-SNAPSHOT/ratis-proto-0.4.0-78e95b9-SNAPSHOT.jar:/home/user/.m2/repository/org/apache/ratis/ratis-common/0.4.0-78e95b9-SNAPSHOT/ratis-common-0.4.0-78e95b9-SNAPSHOT.jar:/home/user/.m2/repository/org/apache/ratis/ratis-client/0.4.0-78e95b9-SNAPSHOT/ratis-client-0.4.0-78e95b9-SNAPSHOT.jar:/home/user/.m2/repository/org/apache/ratis/ratis-metrics/0.4.0-78e95b9-SNAPSHOT/ratis-metrics-0.4.0-78e95b9-SNAPSHOT.jar:/home/user/.m2/repository/com/github/joshelser/dropwizard-metrics-hadoop-metrics2-reporter/0.1.2/dropwizard-metrics-hadoop-metrics2-reporter-0.1.2.jar:/home/user/.m2/repository/io/dropwizard/metrics/metrics-jvm/3.2.5/metrics-jvm-3.2.5.jar:/home/user/.m2/repository/io/dropwizard/metrics/metrics-ganglia/3.2.5/metrics-ganglia-3.2.5.jar:/home/user/.m2/repository/info/ganglia/gmetric4j/gmetric4j/1.0.7/gmetric4j-1.0.7.jar:/home/user/.m2/repository/org/apache/ratis/ratis-netty/0.4.0-78e95b9-SNAPSHOT/ratis-netty-0.4.0-78e95b9-SNAPSHOT.jar:/home/user/.m2/repository/org/apache/ratis/ratis-grpc/0.4.0-78e95b9-SNAPSHOT/ratis-grpc-0.4.0-78e95b9-SNAPSHOT.jar:/home/user/.m2/repository/org/rocksdb/rocksdbjni/6.0.1/rocksdbjni-6.0.1.jar:/home/user/.m2/repository/org/apache/logging/log4j/log4j-api/2.11.0/log4j-api-2.11.0.jar:/home/user/.m2/repository/org/apache/logging/log4j/log4j-core/2.11.0/log4j-core-2.11.0.jar:/home/user/.m2/repository/com/lmax/disruptor/3.4.2/disruptor-3.4.2.jar:/home/user/.m2/repository/org/apache/commons/commons-pool2/2.6.0/commons-pool2-2.6.0.jar:/home/user/.m2/repository/org/bouncycastle/bcpkix-jdk15on/1.60/bcpkix-jdk15on-1.60.jar:/home/user/.m2/repository/commons-validator/commons-validator/1.6/commons-validator-1.6.jar:/home/user/.m2/repository/commons-digester/commons-digester/1.8.1/commons-digester-1.8.1.jar:/home/user/.m2/repository/io/jaegertracing/jaeger-client/0.33.1/jaeger-client-0.33.1.jar:/home/user/.m2/repository/io/jaegertracing/jaeger-thrift/0.33.1/jaeger-thrift-0.33.1.jar:/home/user/.m2/repository/org/apache/thrift/libthrift/0.11.0/libthrift-0.11.0.jar:/home/user/.m2/repository/com/squareup/okhttp3/okhttp/3.9.0/okhttp-3.9.0.jar:/home/user/.m2/repository/com/squareup/okio/okio/1.13.0/okio-1.13.0.jar:/home/user/.m2/repository/io/jaegertracing/jaeger-core/0.33.1/jaeger-core-0.33.1.jar:/home/user/.m2/repository/io/jaegertracing/jaeger-tracerresolver/0.33.1/jaeger-tracerresolver-0.33.1.jar:/home/user/.m2/repository/io/opentracing/contrib/opentracing-tracerresolver/0.1.5/opentracing-tracerresolver-0.1.5.jar:/home/user/.m2/repository/io/opentracing/opentracing-util/0.31.0/opentracing-util-0.31.0.jar:/home/user/.m2/repository/io/opentracing/opentracing-api/0.31.0/opentracing-api-0.31.0.jar:/home/user/.m2/repository/io/opentracing/opentracing-noop/0.31.0/opentracing-noop-0.31.0.jar:/home/user/.m2/repository/org/apache/hadoop/hadoop-hdds-server-framework/0.5.0-SNAPSHOT/hadoop-hdds-server-framework-0.5.0-SNAPSHOT.jar:/home/user/.m2/repository/org/apache/hadoop/hadoop-hdds-container-service/0.5.0-SNAPSHOT/hadoop-hdds-container-service-0.5.0-SNAPSHOT.jar:/home/user/.m2/repository/org/apache/hadoop/hadoop-hdds-client/0.5.0-SNAPSHOT/hadoop-hdds-client-0.5.0-SNAPSHOT.jar:/home/user/.m2/repository/org/apache/hadoop/hadoop-hdds-tools/0.5.0-SNAPSHOT/hadoop-hdds-tools-0.5.0-SNAPSHOT.jar:/home/user/.m2/repository/org/apache/hadoop/hadoop-hdds-server-scm/0.5.0-SNAPSHOT/hadoop-hdds-server-scm-0.5.0-SNAPSHOT.jar:/home/user/.m2/repository/org/apache/hadoop/hadoop-hdds-docs/0.5.0-SNAPSHOT/hadoop-hdds-docs-0.5.0-SNAPSHOT.jar:/home/user/.m2/repository/io/dropwizard/metrics/metrics-core/3.2.4/metrics-core-3.2.4.jar:/home/user/.m2/repository/org/hamcrest/hamcrest-all/1.3/hamcrest-all-1.3.jar:/home/user/.m2/repository/org/bouncycastle/bcprov-jdk15on/1.60/bcprov-jdk15on-1.60.jar:/home/user/.m2/repository/info/picocli/picocli/3.9.6/picocli-3.9.6.jar:/home/user/.m2/repository/com/google/protobuf/protobuf-java/2.5.0/protobuf-java-2.5.0.jar:/home/user/.m2/repository/com/google/guava/guava/11.0.2/guava-11.0.2.jar:/home/user/.m2/repository/org/apache/hadoop/hadoop-ozone-ozone-manager/0.5.0-SNAPSHOT/hadoop-ozone-ozone-manager-0.5.0-SNAPSHOT.jar:/home/user/.m2/repository/org/apache/hadoop/hadoop-minikdc/3.2.0/hadoop-minikdc-3.2.0.jar:/home/user/.m2/repository/commons-io/commons-io/2.5/commons-io-2.5.jar:/home/user/.m2/repository/org/apache/kerby/kerb-simplekdc/1.0.1/kerb-simplekdc-1.0.1.jar:/home/user/.m2/repository/org/apache/kerby/kerb-client/1.0.1/kerb-client-1.0.1.jar:/home/user/.m2/repository/org/apache/kerby/kerby-config/1.0.1/kerby-config-1.0.1.jar:/home/user/.m2/repository/org/apache/kerby/kerb-core/1.0.1/kerb-core-1.0.1.jar:/home/user/.m2/repository/org/apache/kerby/kerby-pkix/1.0.1/kerby-pkix-1.0.1.jar:/home/user/.m2/repository/org/apache/kerby/kerby-asn1/1.0.1/kerby-asn1-1.0.1.jar:/home/user/.m2/repository/org/apache/kerby/kerby-util/1.0.1/kerby-util-1.0.1.jar:/home/user/.m2/repository/org/apache/kerby/kerb-common/1.0.1/kerb-common-1.0.1.jar:/home/user/.m2/repository/org/apache/kerby/kerb-crypto/1.0.1/kerb-crypto-1.0.1.jar:/home/user/.m2/repository/org/apache/kerby/kerb-util/1.0.1/kerb-util-1.0.1.jar:/home/user/.m2/repository/org/apache/kerby/token-provider/1.0.1/token-provider-1.0.1.jar:/home/user/.m2/repository/org/apache/kerby/kerb-admin/1.0.1/kerb-admin-1.0.1.jar:/home/user/.m2/repository/org/apache/kerby/kerb-server/1.0.1/kerb-server-1.0.1.jar:/home/user/.m2/repository/org/apache/kerby/kerb-identity/1.0.1/kerb-identity-1.0.1.jar:/home/user/.m2/repository/org/apache/kerby/kerby-xdr/1.0.1/kerby-xdr-1.0.1.jar:/home/user/.m2/repository/org/slf4j/slf4j-log4j12/1.7.25/slf4j-log4j12-1.7.25.jar:/home/user/.m2/repository/org/apache/hadoop/hadoop-ozone-s3gateway/0.5.0-SNAPSHOT/hadoop-ozone-s3gateway-0.5.0-SNAPSHOT.jar:/home/user/.m2/repository/org/jboss/weld/servlet/weld-servlet/2.4.7.Final/weld-servlet-2.4.7.Final.jar:/home/user/.m2/repository/org/glassfish/jersey/containers/jersey-container-servlet-core/2.27/jersey-container-servlet-core-2.27.jar:/home/user/.m2/repository/org/glassfish/hk2/external/javax.inject/2.5.0-b42/javax.inject-2.5.0-b42.jar:/home/user/.m2/repository/org/glassfish/jersey/core/jersey-common/2.27/jersey-common-2.27.jar:/home/user/.m2/repository/org/glassfish/hk2/osgi-resource-locator/1.0.1/osgi-resource-locator-1.0.1.jar:/home/user/.m2/repository/javax/ws/rs/javax.ws.rs-api/2.1/javax.ws.rs-api-2.1.jar:/home/user/.m2/repository/org/glassfish/jersey/ext/cdi/jersey-cdi1x/2.27/jersey-cdi1x-2.27.jar:/home/user/.m2/repository/org/glassfish/jersey/inject/jersey-hk2/2.27/jersey-hk2-2.27.jar:/home/user/.m2/repository/org/glassfish/hk2/hk2-locator/2.5.0-b42/hk2-locator-2.5.0-b42.jar:/home/user/.m2/repository/org/javassist/javassist/3.22.0-CR2/javassist-3.22.0-CR2.jar:/home/user/.m2/repository/org/glassfish/hk2/hk2-api/2.5.0/hk2-api-2.5.0.jar:/home/user/.m2/repository/org/glassfish/hk2/external/jakarta.inject/2.5.0/jakarta.inject-2.5.0.jar:/home/user/.m2/repository/org/glassfish/hk2/hk2-utils/2.5.0/hk2-utils-2.5.0.jar:/home/user/.m2/repository/jakarta/annotation/jakarta.annotation-api/1.3.4/jakarta.annotation-api-1.3.4.jar:/home/user/.m2/repository/org/glassfish/hk2/external/aopalliance-repackaged/2.5.0/aopalliance-repackaged-2.5.0.jar:/home/user/.m2/repository/com/fasterxml/jackson/dataformat/jackson-dataformat-xml/2.9.0/jackson-dataformat-xml-2.9.0.jar:/home/user/.m2/repository/com/fasterxml/jackson/core/jackson-core/2.9.5/jackson-core-2.9.5.jar:/home/user/.m2/repository/com/fasterxml/jackson/module/jackson-module-jaxb-annotations/2.9.5/jackson-module-jaxb-annotations-2.9.5.jar:/home/user/.m2/repository/javax/enterprise/cdi-api/1.2/cdi-api-1.2.jar:/home/user/.m2/repository/javax/el/javax.el-api/3.0.0/javax.el-api-3.0.0.jar:/home/user/.m2/repository/javax/interceptor/javax.interceptor-api/1.2/javax.interceptor-api-1.2.jar:/home/user/.m2/repository/javax/inject/javax.inject/1/javax.inject-1.jar:/home/user/.m2/repository/com/sun/xml/bind/jaxb-impl/2.3.0.1/jaxb-impl-2.3.0.1.jar:/home/user/.m2/repository/com/sun/xml/bind/jaxb-core/2.3.0.1/jaxb-core-2.3.0.1.jar:/home/user/.m2/repository/javax/xml/bind/jaxb-api/2.3.0/jaxb-api-2.3.0.jar:/home/user/.m2/repository/javax/activation/activation/1.1.1/activation-1.1.1.jar:/home/user/.m2/repository/org/apache/hadoop/hadoop-ozone-csi/0.5.0-SNAPSHOT/hadoop-ozone-csi-0.5.0-SNAPSHOT.jar:/home/user/.m2/repository/com/google/protobuf/protobuf-java-util/3.5.1/protobuf-java-util-3.5.1.jar:/home/user/.m2/repository/org/apache/hadoop/hadoop-hdds-config/0.5.0-SNAPSHOT/hadoop-hdds-config-0.5.0-SNAPSHOT.jar:/home/user/.m2/repository/io/grpc/grpc-netty/1.17.1/grpc-netty-1.17.1.jar:/home/user/.m2/repository/io/grpc/grpc-core/1.17.1/grpc-core-1.17.1.jar:/home/user/.m2/repository/io/grpc/grpc-context/1.17.1/grpc-context-1.17.1.jar:/home/user/.m2/repository/com/google/errorprone/error_prone_annotations/2.2.0/error_prone_annotations-2.2.0.jar:/home/user/.m2/repository/org/codehaus/mojo/animal-sniffer-annotations/1.17/animal-sniffer-annotations-1.17.jar:/home/user/.m2/repository/io/opencensus/opencensus-api/0.17.0/opencensus-api-0.17.0.jar:/home/user/.m2/repository/io/opencensus/opencensus-contrib-grpc-metrics/0.17.0/opencensus-contrib-grpc-metrics-0.17.0.jar:/home/user/.m2/repository/io/netty/netty-codec-http2/4.1.30.Final/netty-codec-http2-4.1.30.Final.jar:/home/user/.m2/repository/io/netty/netty-codec-http/4.1.30.Final/netty-codec-http-4.1.30.Final.jar:/home/user/.m2/repository/io/netty/netty-codec/4.1.30.Final/netty-codec-4.1.30.Final.jar:/home/user/.m2/repository/io/netty/netty-handler/4.1.30.Final/netty-handler-4.1.30.Final.jar:/home/user/.m2/repository/io/netty/netty-handler-proxy/4.1.30.Final/netty-handler-proxy-4.1.30.Final.jar:/home/user/.m2/repository/io/netty/netty-codec-socks/4.1.30.Final/netty-codec-socks-4.1.30.Final.jar:/home/user/.m2/repository/io/netty/netty-transport-native-epoll/4.1.30.Final/netty-transport-native-epoll-4.1.30.Final.jar:/home/user/.m2/repository/io/netty/netty-common/4.1.30.Final/netty-common-4.1.30.Final.jar:/home/user/.m2/repository/io/netty/netty-buffer/4.1.30.Final/netty-buffer-4.1.30.Final.jar:/home/user/.m2/repository/io/netty/netty-transport/4.1.30.Final/netty-transport-4.1.30.Final.jar:/home/user/.m2/repository/io/netty/netty-resolver/4.1.30.Final/netty-resolver-4.1.30.Final.jar:/home/user/.m2/repository/io/netty/netty-transport-native-unix-common/4.1.30.Final/netty-transport-native-unix-common-4.1.30.Final.jar:/home/user/.m2/repository/io/grpc/grpc-protobuf/1.17.1/grpc-protobuf-1.17.1.jar:/home/user/.m2/repository/com/google/api/grpc/proto-google-common-protos/1.0.0/proto-google-common-protos-1.0.0.jar:/home/user/.m2/repository/io/grpc/grpc-protobuf-lite/1.17.1/grpc-protobuf-lite-1.17.1.jar:/home/user/.m2/repository/io/grpc/grpc-stub/1.17.1/grpc-stub-1.17.1.jar:/home/user/.m2/repository/org/apache/hadoop/hadoop-ozone-recon/0.5.0-SNAPSHOT/hadoop-ozone-recon-0.5.0-SNAPSHOT.jar:/home/user/.m2/repository/org/apache/hadoop/hadoop-ozone-reconcodegen/0.5.0-SNAPSHOT/hadoop-ozone-reconcodegen-0.5.0-SNAPSHOT.jar:/home/user/.m2/repository/com/google/inject/extensions/guice-multibindings/4.0/guice-multibindings-4.0.jar:/home/user/.m2/repository/com/google/inject/guice/4.0/guice-4.0.jar:/home/user/.m2/repository/aopalliance/aopalliance/1.0/aopalliance-1.0.jar:/home/user/.m2/repository/com/google/inject/extensions/guice-servlet/4.0/guice-servlet-4.0.jar:/home/user/.m2/repository/org/glassfish/jersey/containers/jersey-container-servlet/2.27/jersey-container-servlet-2.27.jar:/home/user/.m2/repository/org/glassfish/hk2/guice-bridge/2.5.0/guice-bridge-2.5.0.jar:/home/user/.m2/repository/org/glassfish/jersey/core/jersey-server/2.27/jersey-server-2.27.jar:/home/user/.m2/repository/org/glassfish/jersey/core/jersey-client/2.27/jersey-client-2.27.jar:/home/user/.m2/repository/org/glassfish/jersey/media/jersey-media-jaxb/2.27/jersey-media-jaxb-2.27.jar:/home/user/.m2/repository/javax/validation/validation-api/1.1.0.Final/validation-api-1.1.0.Final.jar:/home/user/.m2/repository/org/glassfish/jersey/media/jersey-media-json-jackson/2.27/jersey-media-json-jackson-2.27.jar:/home/user/.m2/repository/org/glassfish/jersey/ext/jersey-entity-filtering/2.27/jersey-entity-filtering-2.27.jar:/home/user/.m2/repository/com/google/inject/extensions/guice-assistedinject/4.0/guice-assistedinject-4.0.jar:/home/user/.m2/repository/org/jooq/jooq/3.11.10/jooq-3.11.10.jar:/home/user/.m2/repository/org/jooq/jooq-meta/3.11.10/jooq-meta-3.11.10.jar:/home/user/.m2/repository/org/jooq/jooq-codegen/3.11.10/jooq-codegen-3.11.10.jar:/home/user/.m2/repository/com/jolbox/bonecp/0.8.0.RELEASE/bonecp-0.8.0.RELEASE.jar:/home/user/.m2/repository/org/xerial/sqlite-jdbc/3.25.2/sqlite-jdbc-3.25.2.jar:/home/user/.m2/repository/org/springframework/spring-jdbc/5.1.3.RELEASE/spring-jdbc-5.1.3.RELEASE.jar:/home/user/.m2/repository/org/springframework/spring-beans/5.1.3.RELEASE/spring-beans-5.1.3.RELEASE.jar:/home/user/.m2/repository/org/springframework/spring-core/5.1.3.RELEASE/spring-core-5.1.3.RELEASE.jar:/home/user/.m2/repository/org/springframework/spring-jcl/5.1.3.RELEASE/spring-jcl-5.1.3.RELEASE.jar:/home/user/.m2/repository/org/springframework/spring-tx/5.1.3.RELEASE/spring-tx-5.1.3.RELEASE.jar:/home/user/.m2/repository/org/apache/hadoop/hadoop-ozone-client/0.5.0-SNAPSHOT/hadoop-ozone-client-0.5.0-SNAPSHOT.jar:/home/user/.m2/repository/commons-lang/commons-lang/2.6/commons-lang-2.6.jar:/home/user/.m2/repository/org/apache/hadoop/hadoop-ozone-ozone-manager/0.5.0-SNAPSHOT/hadoop-ozone-ozone-manager-0.5.0-SNAPSHOT-tests.jar:/home/user/.m2/repository/junit/junit/4.11/junit-4.11.jar:/home/user/.m2/repository/org/hamcrest/hamcrest-core/1.3/hamcrest-core-1.3.jar:/home/user/.m2/repository/org/openjdk/jmh/jmh-core/1.19/jmh-core-1.19.jar:/home/user/.m2/repository/net/sf/jopt-simple/jopt-simple/4.6/jopt-simple-4.6.jar:/home/user/.m2/repository/org/apache/commons/commons-math3/3.1.1/commons-math3-3.1.1.jar:/home/user/.m2/repository/org/openjdk/jmh/jmh-generator-annprocess/1.19/jmh-generator-annprocess-1.19.jar:/home/user/.m2/repository/org/mockito/mockito-all/1.8.5/mockito-all-1.8.5.jar:/home/user/.m2/repository/org/apache/hadoop/hadoop-kms/3.2.0/hadoop-kms-3.2.0.jar:/home/user/.m2/repository/org/apache/hadoop/hadoop-auth/3.2.0/hadoop-auth-3.2.0.jar:/home/user/.m2/repository/com/nimbusds/nimbus-jose-jwt/4.41.1/nimbus-jose-jwt-4.41.1.jar:/home/user/.m2/repository/com/github/stephenc/jcip/jcip-annotations/1.0-1/jcip-annotations-1.0-1.jar:/home/user/.m2/repository/net/minidev/json-smart/2.3/json-smart-2.3.jar:/home/user/.m2/repository/net/minidev/accessors-smart/1.2/accessors-smart-1.2.jar:/home/user/.m2/repository/org/ow2/asm/asm/5.0.4/asm-5.0.4.jar:/home/user/.m2/repository/org/apache/curator/curator-framework/2.12.0/curator-framework-2.12.0.jar:/home/user/.m2/repository/com/sun/jersey/jersey-core/1.19/jersey-core-1.19.jar:/home/user/.m2/repository/javax/ws/rs/jsr311-api/1.1.1/jsr311-api-1.1.1.jar:/home/user/.m2/repository/com/sun/jersey/jersey-server/1.19/jersey-server-1.19.jar:/home/user/.m2/repository/javax/servlet/javax.servlet-api/3.1.0/javax.servlet-api-3.1.0.jar:/home/user/.m2/repository/org/eclipse/jetty/jetty-server/9.3.24.v20180605/jetty-server-9.3.24.v20180605.jar:/home/user/.m2/repository/org/eclipse/jetty/jetty-http/9.3.24.v20180605/jetty-http-9.3.24.v20180605.jar:/home/user/.m2/repository/org/eclipse/jetty/jetty-io/9.3.24.v20180605/jetty-io-9.3.24.v20180605.jar:/home/user/.m2/repository/org/eclipse/jetty/jetty-webapp/9.3.24.v20180605/jetty-webapp-9.3.24.v20180605.jar:/home/user/.m2/repository/org/eclipse/jetty/jetty-xml/9.3.24.v20180605/jetty-xml-9.3.24.v20180605.jar:/home/user/.m2/repository/log4j/log4j/1.2.17/log4j-1.2.17.jar:/home/user/.m2/repository/org/slf4j/slf4j-api/1.7.25/slf4j-api-1.7.25.jar:/home/user/.m2/repository/org/slf4j/jul-to-slf4j/1.7.25/jul-to-slf4j-1.7.25.jar:/home/user/.m2/repository/org/eclipse/jetty/jetty-util/9.3.24.v20180605/jetty-util-9.3.24.v20180605.jar:/home/user/.m2/repository/com/fasterxml/jackson/core/jackson-databind/2.9.5/jackson-databind-2.9.5.jar:/home/user/.m2/repository/org/apache/hadoop/hadoop-kms/3.2.0/hadoop-kms-3.2.0-tests.jar:/home/user/.m2/repository/org/apache/hadoop/hadoop-hdds-server-scm/0.5.0-SNAPSHOT/hadoop-hdds-server-scm-0.5.0-SNAPSHOT-tests.jar:/home/user/.m2/repository/org/apache/hadoop/hadoop-hdds-container-service/0.5.0-SNAPSHOT/hadoop-hdds-container-service-0.5.0-SNAPSHOT-tests.jar:/home/user/.m2/repository/org/yaml/snakeyaml/1.16/snakeyaml-1.16.jar:/home/user/.m2/repository/org/apache/hadoop/hadoop-common/3.2.0/hadoop-common-3.2.0-tests.jar:/home/user/.m2/repository/org/apache/hadoop/hadoop-annotations/3.2.0/hadoop-annotations-3.2.0.jar:/usr/lib/jvm/java-1.8-openjdk/jre/../lib/tools.jar:/home/user/.m2/repository/commons-cli/commons-cli/1.2/commons-cli-1.2.jar:/home/user/.m2/repository/org/apache/httpcomponents/httpclient/4.5.2/httpclient-4.5.2.jar:/home/user/.m2/repository/org/apache/httpcomponents/httpcore/4.4.4/httpcore-4.4.4.jar:/home/user/.m2/repository/commons-codec/commons-codec/1.11/commons-codec-1.11.jar:/home/user/.m2/repository/commons-net/commons-net/3.6/commons-net-3.6.jar:/home/user/.m2/repository/commons-collections/commons-collections/3.2.2/commons-collections-3.2.2.jar:/home/user/.m2/repository/org/eclipse/jetty/jetty-servlet/9.3.24.v20180605/jetty-servlet-9.3.24.v20180605.jar:/home/user/.m2/repository/org/eclipse/jetty/jetty-security/9.3.24.v20180605/jetty-security-9.3.24.v20180605.jar:/home/user/.m2/repository/javax/servlet/jsp/jsp-api/2.1/jsp-api-2.1.jar:/home/user/.m2/repository/com/sun/jersey/jersey-servlet/1.19/jersey-servlet-1.19.jar:/home/user/.m2/repository/com/sun/jersey/jersey-json/1.19/jersey-json-1.19.jar:/home/user/.m2/repository/org/codehaus/jettison/jettison/1.1/jettison-1.1.jar:/home/user/.m2/repository/org/codehaus/jackson/jackson-core-asl/1.9.13/jackson-core-asl-1.9.13.jar:/home/user/.m2/repository/org/codehaus/jackson/jackson-mapper-asl/1.9.13/jackson-mapper-asl-1.9.13.jar:/home/user/.m2/repository/org/codehaus/jackson/jackson-jaxrs/1.9.13/jackson-jaxrs-1.9.13.jar:/home/user/.m2/repository/org/codehaus/jackson/jackson-xc/1.9.13/jackson-xc-1.9.13.jar:/home/user/.m2/repository/commons-logging/commons-logging/1.1.3/commons-logging-1.1.3.jar:/home/user/.m2/repository/commons-beanutils/commons-beanutils/1.9.3/commons-beanutils-1.9.3.jar:/home/user/.m2/repository/org/apache/commons/commons-configuration2/2.1.1/commons-configuration2-2.1.1.jar:/home/user/.m2/repository/org/apache/commons/commons-lang3/3.7/commons-lang3-3.7.jar:/home/user/.m2/repository/org/apache/commons/commons-text/1.4/commons-text-1.4.jar:/home/user/.m2/repository/org/apache/avro/avro/1.7.7/avro-1.7.7.jar:/home/user/.m2/repository/com/thoughtworks/paranamer/paranamer/2.3/paranamer-2.3.jar:/home/user/.m2/repository/org/xerial/snappy/snappy-java/1.0.5/snappy-java-1.0.5.jar:/home/user/.m2/repository/com/google/re2j/re2j/1.1/re2j-1.1.jar:/home/user/.m2/repository/com/google/code/gson/gson/2.2.4/gson-2.2.4.jar:/home/user/.m2/repository/com/jcraft/jsch/0.1.54/jsch-0.1.54.jar:/home/user/.m2/repository/org/apache/curator/curator-client/2.12.0/curator-client-2.12.0.jar:/home/user/.m2/repository/org/apache/curator/curator-recipes/2.12.0/curator-recipes-2.12.0.jar:/home/user/.m2/repository/com/google/code/findbugs/jsr305/3.0.0/jsr305-3.0.0.jar:/home/user/.m2/repository/org/apache/htrace/htrace-core4/4.1.0-incubating/htrace-core4-4.1.0-incubating.jar:/home/user/.m2/repository/org/apache/zookeeper/zookeeper/3.4.13/zookeeper-3.4.13.jar:/home/user/.m2/repository/org/apache/yetus/audience-annotations/0.5.0/audience-annotations-0.5.0.jar:/home/user/.m2/repository/org/codehaus/woodstox/stax2-api/3.1.4/stax2-api-3.1.4.jar:/home/user/.m2/repository/com/fasterxml/woodstox/woodstox-core/5.0.3/woodstox-core-5.0.3.jar:/home/user/.m2/repository/dnsjava/dnsjava/2.1.7/dnsjava-2.1.7.jar:/home/user/.m2/repository/org/apache/hadoop/hadoop-hdfs/3.2.0/hadoop-hdfs-3.2.0-tests.jar:/home/user/.m2/repository/org/eclipse/jetty/jetty-util-ajax/9.3.24.v20180605/jetty-util-ajax-9.3.24.v20180605.jar:/home/user/.m2/repository/commons-daemon/commons-daemon/1.0.13/commons-daemon-1.0.13.jar:/home/user/.m2/repository/io/netty/netty/3.10.5.Final/netty-3.10.5.Final.jar:/home/user/.m2/repository/io/netty/netty-all/4.0.52.Final/netty-all-4.0.52.Final.jar:/home/user/.m2/repository/org/fusesource/leveldbjni/leveldbjni-all/1.8/leveldbjni-all-1.8.jar:"/>
    <property name="sun.cpu.endian" value="little"/>
    <property name="user.home" value="/home/user"/>
    <property name="user.language" value="en"/>
    <property name="java.specification.vendor" value="Oracle Corporation"/>
    <property name="java.home" value="/usr/lib/jvm/java-1.8-openjdk/jre"/>
    <property name="java.security.krb5.conf" value="/workdir/hadoop-ozone/integration-test/target/test-classes/krb5.conf"/>
    <property name="basedir" value="/workdir/hadoop-ozone/integration-test"/>
    <property name="file.separator" value="/"/>
    <property name="line.separator" value="&#10;"/>
    <property name="java.vm.specification.vendor" value="Oracle Corporation"/>
    <property name="java.specification.name" value="Java Platform API Specification"/>
    <property name="java.awt.graphicsenv" value="sun.awt.X11GraphicsEnvironment"/>
    <property name="surefire.real.class.path" value="/workdir/hadoop-ozone/integration-test/target/surefire/surefirebooter4571641083074037738.jar"/>
    <property name="hadoop.log.dir" value="/workdir/hadoop-ozone/integration-test/target/log"/>
    <property name="sun.boot.class.path" value="/usr/lib/jvm/java-1.8-openjdk/jre/lib/resources.jar:/usr/lib/jvm/java-1.8-openjdk/jre/lib/rt.jar:/usr/lib/jvm/java-1.8-openjdk/jre/lib/sunrsasign.jar:/usr/lib/jvm/java-1.8-openjdk/jre/lib/jsse.jar:/usr/lib/jvm/java-1.8-openjdk/jre/lib/jce.jar:/usr/lib/jvm/java-1.8-openjdk/jre/lib/charsets.jar:/usr/lib/jvm/java-1.8-openjdk/jre/lib/jfr.jar:/usr/lib/jvm/java-1.8-openjdk/jre/classes"/>
    <property name="sun.management.compiler" value="HotSpot 64-Bit Tiered Compilers"/>
    <property name="java.runtime.version" value="1.8.0_212-b04"/>
    <property name="java.net.preferIPv4Stack" value="true"/>
    <property name="user.name" value="jenkins1000"/>
    <property name="path.separator" value=":"/>
    <property name="java.security.egd" value="file:///dev/urandom"/>
    <property name="os.version" value="3.10.0-957.12.2.el7.x86_64"/>
    <property name="java.endorsed.dirs" value="/usr/lib/jvm/java-1.8-openjdk/jre/lib/endorsed"/>
    <property name="java.runtime.name" value="OpenJDK Runtime Environment"/>
    <property name="file.encoding" value="UTF-8"/>
    <property name="java.vm.name" value="OpenJDK 64-Bit Server VM"/>
    <property name="test.build.webapps" value=""/>
    <property name="localRepository" value="/home/user/.m2/repository"/>
    <property name="java.vendor.url.bug" value="https://icedtea.classpath.org/bugzilla"/>
    <property name="java.io.tmpdir" value="/tmp"/>
    <property name="require.test.libhadoop" value=""/>
    <property name="java.version" value="1.8.0_212"/>
    <property name="user.dir" value="/workdir/hadoop-ozone/integration-test"/>
    <property name="os.arch" value="amd64"/>
    <property name="java.vm.specification.name" value="Java Virtual Machine Specification"/>
    <property name="test.build.classes" value="/workdir/hadoop-ozone/integration-test/target/test-classes"/>
    <property name="java.awt.printerjob" value="sun.print.PSPrinterJob"/>
    <property name="sun.os.patch.level" value="unknown"/>
    <property name="hadoop.tmp.dir" value="/workdir/hadoop-ozone/integration-test/target/tmp"/>
    <property name="java.library.path" value="/usr/lib/jvm/java-1.8-openjdk/jre/lib/amd64/server:/usr/lib/jvm/java-1.8-openjdk/jre/lib/amd64:/usr/lib/jvm/java-1.8-openjdk/jre/../lib/amd64:/workdir/hadoop-ozone/integration-test/target/native/target/usr/local/lib:/workdir/hadoop-ozone/integration-test/../../hadoop-common-project/hadoop-common/target/native/target/usr/local/lib:/usr/java/packages/lib/amd64:/usr/lib64:/lib64:/lib:/usr/lib"/>
    <property name="java.vm.info" value="mixed mode"/>
    <property name="java.vendor" value="IcedTea"/>
    <property name="java.vm.version" value="25.212-b04"/>
    <property name="java.ext.dirs" value="/usr/lib/jvm/java-1.8-openjdk/jre/lib/ext:/usr/java/packages/lib/ext"/>
    <property name="sun.io.unicode.encoding" value="UnicodeLittle"/>
    <property name="java.class.version" value="52.0"/>
  </properties>
  <testcase name="test2DatanodesFailure" classname="org.apache.hadoop.ozone.client.rpc.TestBlockOutputStreamWithFailures" time="106.02"/>
  <testcase name="testDatanodeFailureWithPreAllocation" classname="org.apache.hadoop.ozone.client.rpc.TestBlockOutputStreamWithFailures" time="221.524"/>
  <testcase name="testDatanodeFailureWithSingleNodeRatis" classname="org.apache.hadoop.ozone.client.rpc.TestBlockOutputStreamWithFailures" time="222.534"/>
  <testcase name="testWatchForCommitWithSingleNodeRatis" classname="org.apache.hadoop.ozone.client.rpc.TestBlockOutputStreamWithFailures" time="37.614"/>
  <testcase name="testWatchForCommitDatanodeFailure" classname="org.apache.hadoop.ozone.client.rpc.TestBlockOutputStreamWithFailures" time="42.113">
    <failure message="expected:&lt;2&gt; but was:&lt;3&gt;" type="java.lang.AssertionError"><![CDATA[java.lang.AssertionError: expected:<2> but was:<3>
	at org.junit.Assert.fail(Assert.java:88)
	at org.junit.Assert.failNotEquals(Assert.java:743)
	at org.junit.Assert.assertEquals(Assert.java:118)
	at org.junit.Assert.assertEquals(Assert.java:555)
	at org.junit.Assert.assertEquals(Assert.java:542)
	at org.apache.hadoop.ozone.client.rpc.TestBlockOutputStreamWithFailures.testWatchForCommitDatanodeFailure(TestBlockOutputStreamWithFailures.java:366)
	at sun.reflect.NativeMethodAccessorImpl.invoke0(Native Method)
	at sun.reflect.NativeMethodAccessorImpl.invoke(NativeMethodAccessorImpl.java:62)
	at sun.reflect.DelegatingMethodAccessorImpl.invoke(DelegatingMethodAccessorImpl.java:43)
	at java.lang.reflect.Method.invoke(Method.java:498)
	at org.junit.runners.model.FrameworkMethod$1.runReflectiveCall(FrameworkMethod.java:47)
	at org.junit.internal.runners.model.ReflectiveCallable.run(ReflectiveCallable.java:12)
	at org.junit.runners.model.FrameworkMethod.invokeExplosively(FrameworkMethod.java:44)
	at org.junit.internal.runners.statements.InvokeMethod.evaluate(InvokeMethod.java:17)
	at org.junit.internal.runners.statements.RunBefores.evaluate(RunBefores.java:26)
	at org.junit.internal.runners.statements.RunAfters.evaluate(RunAfters.java:27)
	at org.junit.runners.ParentRunner.runLeaf(ParentRunner.java:271)
	at org.junit.runners.BlockJUnit4ClassRunner.runChild(BlockJUnit4ClassRunner.java:70)
	at org.junit.runners.BlockJUnit4ClassRunner.runChild(BlockJUnit4ClassRunner.java:50)
	at org.junit.runners.ParentRunner$3.run(ParentRunner.java:238)
	at org.junit.runners.ParentRunner$1.schedule(ParentRunner.java:63)
	at org.junit.runners.ParentRunner.runChildren(ParentRunner.java:236)
	at org.junit.runners.ParentRunner.access$000(ParentRunner.java:53)
	at org.junit.runners.ParentRunner$2.evaluate(ParentRunner.java:229)
	at org.junit.runners.ParentRunner.run(ParentRunner.java:309)
	at org.apache.maven.surefire.junit4.JUnit4Provider.execute(JUnit4Provider.java:365)
	at org.apache.maven.surefire.junit4.JUnit4Provider.executeWithRerun(JUnit4Provider.java:273)
	at org.apache.maven.surefire.junit4.JUnit4Provider.executeTestSet(JUnit4Provider.java:238)
	at org.apache.maven.surefire.junit4.JUnit4Provider.invoke(JUnit4Provider.java:159)
	at org.apache.maven.surefire.booter.ForkedBooter.invokeProviderInSameClassLoader(ForkedBooter.java:384)
	at org.apache.maven.surefire.booter.ForkedBooter.runSuitesInProcess(ForkedBooter.java:345)
	at org.apache.maven.surefire.booter.ForkedBooter.execute(ForkedBooter.java:126)
	at org.apache.maven.surefire.booter.ForkedBooter.main(ForkedBooter.java:418)
]]></failure>
    <system-out><![CDATA[2019-09-04 17:19:52,871 [main] WARN  server.ServerUtils (ServerUtils.java:getScmDbDir(145)) - ozone.scm.db.dirs is not configured. We recommend adding this setting. Falling back to ozone.metadata.dirs instead.
2019-09-04 17:19:52,886 [main] WARN  server.ServerUtils (ServerUtils.java:getScmDbDir(145)) - ozone.scm.db.dirs is not configured. We recommend adding this setting. Falling back to ozone.metadata.dirs instead.
2019-09-04 17:19:52,887 [main] WARN  server.ServerUtils (ServerUtils.java:getScmDbDir(145)) - ozone.scm.db.dirs is not configured. We recommend adding this setting. Falling back to ozone.metadata.dirs instead.
2019-09-04 17:19:52,887 [main] INFO  db.DBStoreBuilder (DBStoreBuilder.java:addTable(110)) - using custom profile for table: deletedBlocks
2019-09-04 17:19:52,887 [main] INFO  db.DBStoreBuilder (DBStoreBuilder.java:processTables(161)) - Using default column profile:DBProfile.DISK for Table:deletedBlocks
2019-09-04 17:19:52,888 [main] INFO  db.DBStoreBuilder (DBStoreBuilder.java:addTable(110)) - using custom profile for table: validCerts
2019-09-04 17:19:52,888 [main] INFO  db.DBStoreBuilder (DBStoreBuilder.java:processTables(161)) - Using default column profile:DBProfile.DISK for Table:validCerts
2019-09-04 17:19:52,888 [main] INFO  db.DBStoreBuilder (DBStoreBuilder.java:addTable(110)) - using custom profile for table: revokedCerts
2019-09-04 17:19:52,888 [main] INFO  db.DBStoreBuilder (DBStoreBuilder.java:processTables(161)) - Using default column profile:DBProfile.DISK for Table:revokedCerts
2019-09-04 17:19:52,888 [main] INFO  db.DBStoreBuilder (DBStoreBuilder.java:addTable(110)) - using custom profile for table: default
2019-09-04 17:19:52,889 [main] INFO  db.DBStoreBuilder (DBStoreBuilder.java:processTables(167)) - Using default column profile:DBProfile.DISK for Table:default
2019-09-04 17:19:52,889 [main] INFO  db.DBStoreBuilder (DBStoreBuilder.java:getDbProfile(198)) - Using default options. DBProfile.DISK
2019-09-04 17:19:53,024 [main] INFO  net.NodeSchemaLoader (NodeSchemaLoader.java:loadSchemaFromFile(125)) - Loading file from sun.misc.CompoundEnumeration@45801322
2019-09-04 17:19:53,025 [main] INFO  net.NodeSchemaLoader (NodeSchemaLoader.java:loadSchema(171)) - Loading network topology layer schema file
2019-09-04 17:19:53,031 [main] INFO  node.SCMNodeManager (SCMNodeManager.java:<init>(114)) - Entering startup safe mode.
2019-09-04 17:19:53,031 [main] INFO  algorithms.ContainerPlacementPolicyFactory (ContainerPlacementPolicyFactory.java:getPolicy(55)) - Create container placement policy of type org.apache.hadoop.hdds.scm.container.placement.algorithms.SCMContainerPlacementRandom
2019-09-04 17:19:53,031 [main] WARN  server.ServerUtils (ServerUtils.java:getScmDbDir(145)) - ozone.scm.db.dirs is not configured. We recommend adding this setting. Falling back to ozone.metadata.dirs instead.
2019-09-04 17:19:53,052 [main] INFO  pipeline.SCMPipelineManager (SCMPipelineManager.java:initializePipelineState(126)) - No pipeline exists in current db
2019-09-04 17:19:53,052 [main] WARN  server.ServerUtils (ServerUtils.java:getScmDbDir(145)) - ozone.scm.db.dirs is not configured. We recommend adding this setting. Falling back to ozone.metadata.dirs instead.
2019-09-04 17:19:53,075 [main] WARN  events.EventQueue (EventQueue.java:fireEvent(183)) - No event handler registered for event TypedEvent{payloadType=SafeModeStatus, name='SafeModeStatus'}
2019-09-04 17:19:53,075 [main] INFO  ipc.CallQueueManager (CallQueueManager.java:<init>(84)) - Using callQueue: class java.util.concurrent.LinkedBlockingQueue, queueCapacity: 2000, scheduler: class org.apache.hadoop.ipc.DefaultRpcScheduler, ipcBackoff: false.
2019-09-04 17:19:53,076 [Socket Reader #1 for port 41007] INFO  ipc.Server (Server.java:run(1074)) - Starting Socket Reader #1 for port 41007
2019-09-04 17:19:53,078 [main] INFO  ipc.CallQueueManager (CallQueueManager.java:<init>(84)) - Using callQueue: class java.util.concurrent.LinkedBlockingQueue, queueCapacity: 2000, scheduler: class org.apache.hadoop.ipc.DefaultRpcScheduler, ipcBackoff: false.
2019-09-04 17:19:53,079 [Socket Reader #1 for port 46624] INFO  ipc.Server (Server.java:run(1074)) - Starting Socket Reader #1 for port 46624
2019-09-04 17:19:53,080 [main] INFO  ipc.CallQueueManager (CallQueueManager.java:<init>(84)) - Using callQueue: class java.util.concurrent.LinkedBlockingQueue, queueCapacity: 2000, scheduler: class org.apache.hadoop.ipc.DefaultRpcScheduler, ipcBackoff: false.
2019-09-04 17:19:53,081 [Socket Reader #1 for port 43357] INFO  ipc.Server (Server.java:run(1074)) - Starting Socket Reader #1 for port 43357
2019-09-04 17:19:53,082 [main] INFO  hdfs.DFSUtil (DFSUtil.java:httpServerTemplateForNNAndJN(1641)) - Starting Web-server for scm at: http://0.0.0.0:0
2019-09-04 17:19:53,084 [main] INFO  server.AuthenticationFilter (AuthenticationFilter.java:constructSecretProvider(240)) - Unable to initialize FileSignerSecretProvider, falling back to use random secrets.
2019-09-04 17:19:53,085 [main] WARN  http.HttpRequestLog (HttpRequestLog.java:getRequestLog(97)) - Jetty request log can only be enabled using Log4j
2019-09-04 17:19:53,087 [main] INFO  http.HttpServer2 (HttpServer2.java:addGlobalFilter(975)) - Added global filter 'safety' (class=org.apache.hadoop.http.HttpServer2$QuotingInputFilter)
2019-09-04 17:19:53,088 [main] INFO  http.HttpServer2 (HttpServer2.java:addFilter(948)) - Added filter static_user_filter (class=org.apache.hadoop.http.lib.StaticUserWebFilter$StaticUserFilter) to context scm
2019-09-04 17:19:53,088 [main] INFO  http.HttpServer2 (HttpServer2.java:addFilter(958)) - Added filter static_user_filter (class=org.apache.hadoop.http.lib.StaticUserWebFilter$StaticUserFilter) to context logs
2019-09-04 17:19:53,088 [main] INFO  http.HttpServer2 (HttpServer2.java:addFilter(958)) - Added filter static_user_filter (class=org.apache.hadoop.http.lib.StaticUserWebFilter$StaticUserFilter) to context static
2019-09-04 17:19:53,090 [main] INFO  server.StorageContainerManager (StorageContainerManager.java:start(759)) - StorageContainerLocationProtocol RPC server is listening at /0.0.0.0:43357
2019-09-04 17:19:53,093 [main] WARN  impl.MetricsConfig (MetricsConfig.java:loadFirst(134)) - Cannot locate configuration: tried hadoop-metrics2-storagecontainermanager.properties,hadoop-metrics2.properties
2019-09-04 17:19:53,094 [main] INFO  impl.MetricsSystemImpl (MetricsSystemImpl.java:startTimer(374)) - Scheduled Metric snapshot period at 10 second(s).
2019-09-04 17:19:53,094 [main] INFO  impl.MetricsSystemImpl (MetricsSystemImpl.java:start(191)) - StorageContainerManager metrics system started
2019-09-04 17:19:53,153 [main] WARN  impl.MetricsSystemImpl (MetricsSystemImpl.java:register(276)) - Sink prometheus already exists!
2019-09-04 17:19:53,244 [main] INFO  server.SCMClientProtocolServer (SCMClientProtocolServer.java:start(151)) - RPC server for Client  is listening at /0.0.0.0:43357
2019-09-04 17:19:53,244 [IPC Server Responder] INFO  ipc.Server (Server.java:run(1314)) - IPC Server Responder: starting
2019-09-04 17:19:53,244 [IPC Server listener on 43357] INFO  ipc.Server (Server.java:run(1153)) - IPC Server listener on 43357: starting
2019-09-04 17:19:53,249 [main] INFO  server.StorageContainerManager (StorageContainerManager.java:start(769)) - ScmBlockLocationProtocol RPC server is listening at /0.0.0.0:46624
2019-09-04 17:19:53,249 [main] INFO  server.SCMBlockProtocolServer (SCMBlockProtocolServer.java:start(146)) - RPC server for Block Protocol is listening at /0.0.0.0:46624
2019-09-04 17:19:53,250 [IPC Server Responder] INFO  ipc.Server (Server.java:run(1314)) - IPC Server Responder: starting
2019-09-04 17:19:53,250 [IPC Server listener on 46624] INFO  ipc.Server (Server.java:run(1153)) - IPC Server listener on 46624: starting
2019-09-04 17:19:53,254 [main] INFO  server.StorageContainerManager (StorageContainerManager.java:start(773)) - ScmDatanodeProtocl RPC server is listening at /0.0.0.0:41007
2019-09-04 17:19:53,254 [main] INFO  server.SCMDatanodeProtocolServer (SCMDatanodeProtocolServer.java:start(191)) - RPC server for DataNodes is listening at /0.0.0.0:41007
2019-09-04 17:19:53,255 [IPC Server Responder] INFO  ipc.Server (Server.java:run(1314)) - IPC Server Responder: starting
2019-09-04 17:19:53,255 [IPC Server listener on 41007] INFO  ipc.Server (Server.java:run(1153)) - IPC Server listener on 41007: starting
2019-09-04 17:19:53,260 [main] INFO  http.HttpServer2 (HttpServer2.java:bindListener(1191)) - Jetty bound to port 42832
2019-09-04 17:19:53,260 [main] INFO  server.Server (Server.java:doStart(351)) - jetty-9.3.24.v20180605, build timestamp: 2018-06-05T17:11:56Z, git hash: 84205aa28f11a4f31f2a3b86d1bba2cc8ab69827
2019-09-04 17:19:53,262 [main] INFO  handler.ContextHandler (ContextHandler.java:doStart(781)) - Started o.e.j.s.ServletContextHandler@349c4d1c{/logs,file:///workdir/hadoop-ozone/integration-test/target/log,AVAILABLE}
2019-09-04 17:19:53,263 [main] INFO  handler.ContextHandler (ContextHandler.java:doStart(781)) - Started o.e.j.s.ServletContextHandler@de579ff{/static,file:///workdir/hadoop-ozone/integration-test/target/test-classes/webapps/static,AVAILABLE}
2019-09-04 17:19:53,268 [main] INFO  handler.ContextHandler (ContextHandler.java:doStart(781)) - Started o.e.j.w.WebAppContext@7f3c0399{/,file:///workdir/hadoop-ozone/integration-test/target/test-classes/webapps/scm/,AVAILABLE}{/scm}
2019-09-04 17:19:53,268 [main] INFO  server.AbstractConnector (AbstractConnector.java:doStart(278)) - Started ServerConnector@183fc2fa{HTTP/1.1,[http/1.1]}{0.0.0.0:42832}
2019-09-04 17:19:53,270 [main] INFO  server.Server (Server.java:doStart(419)) - Started @588700ms
2019-09-04 17:19:53,270 [main] WARN  impl.MetricsSystemImpl (MetricsSystemImpl.java:register(276)) - Sink prometheus already exists!
2019-09-04 17:19:53,271 [main] INFO  server.BaseHttpServer (BaseHttpServer.java:updateConnectorAddress(215)) - HTTP server of SCM is listening at http://0.0.0.0:42832
2019-09-04 17:19:53,272 [main] WARN  server.ServerUtils (ServerUtils.java:getDBPath(222)) - ozone.om.db.dirs is not configured. We recommend adding this setting. Falling back to ozone.metadata.dirs instead.
2019-09-04 17:19:53,272 [org.apache.hadoop.util.JvmPauseMonitor$Monitor@3313d477] INFO  util.JvmPauseMonitor (JvmPauseMonitor.java:run(188)) - Starting JVM pause monitor
2019-09-04 17:19:53,286 [main] WARN  server.ServerUtils (ServerUtils.java:getDBPath(222)) - ozone.om.db.dirs is not configured. We recommend adding this setting. Falling back to ozone.metadata.dirs instead.
2019-09-04 17:19:53,286 [main] WARN  server.ServerUtils (ServerUtils.java:getDBPath(222)) - ozone.om.db.dirs is not configured. We recommend adding this setting. Falling back to ozone.metadata.dirs instead.
2019-09-04 17:19:53,287 [main] INFO  om.OzoneManager (OzoneManager.java:setOMNodeDetails(649)) - OM Service ID is not set. Setting it to the default ID: omServiceIdDefault
2019-09-04 17:19:53,287 [main] INFO  om.OzoneManager (OzoneManager.java:setOMNodeDetails(655)) - OM Node ID is not set. Setting it to the OmStorage's OmID: b82015ca-cb45-4dd1-9be0-0def3a2e8238
2019-09-04 17:19:53,287 [main] INFO  om.OzoneManager (OzoneManager.java:loadOMHAConfigs(606)) - Found matching OM address with OMServiceId: null, OMNodeId: null, RPC Address: localhost:0 and Ratis port: 9872
2019-09-04 17:19:53,295 [main] WARN  server.ServerUtils (ServerUtils.java:getDBPath(222)) - ozone.om.db.dirs is not configured. We recommend adding this setting. Falling back to ozone.metadata.dirs instead.
2019-09-04 17:19:53,295 [main] INFO  db.DBStoreBuilder (DBStoreBuilder.java:addTable(110)) - using custom profile for table: userTable
2019-09-04 17:19:53,296 [main] INFO  db.DBStoreBuilder (DBStoreBuilder.java:processTables(161)) - Using default column profile:DBProfile.DISK for Table:userTable
2019-09-04 17:19:53,296 [main] INFO  db.DBStoreBuilder (DBStoreBuilder.java:addTable(110)) - using custom profile for table: volumeTable
2019-09-04 17:19:53,296 [main] INFO  db.DBStoreBuilder (DBStoreBuilder.java:processTables(161)) - Using default column profile:DBProfile.DISK for Table:volumeTable
2019-09-04 17:19:53,296 [main] INFO  db.DBStoreBuilder (DBStoreBuilder.java:addTable(110)) - using custom profile for table: bucketTable
2019-09-04 17:19:53,297 [main] INFO  db.DBStoreBuilder (DBStoreBuilder.java:processTables(161)) - Using default column profile:DBProfile.DISK for Table:bucketTable
2019-09-04 17:19:53,297 [main] INFO  db.DBStoreBuilder (DBStoreBuilder.java:addTable(110)) - using custom profile for table: keyTable
2019-09-04 17:19:53,297 [main] INFO  db.DBStoreBuilder (DBStoreBuilder.java:processTables(161)) - Using default column profile:DBProfile.DISK for Table:keyTable
2019-09-04 17:19:53,297 [main] INFO  db.DBStoreBuilder (DBStoreBuilder.java:addTable(110)) - using custom profile for table: deletedTable
2019-09-04 17:19:53,298 [main] INFO  db.DBStoreBuilder (DBStoreBuilder.java:processTables(161)) - Using default column profile:DBProfile.DISK for Table:deletedTable
2019-09-04 17:19:53,298 [main] INFO  db.DBStoreBuilder (DBStoreBuilder.java:addTable(110)) - using custom profile for table: openKeyTable
2019-09-04 17:19:53,298 [main] INFO  db.DBStoreBuilder (DBStoreBuilder.java:processTables(161)) - Using default column profile:DBProfile.DISK for Table:openKeyTable
2019-09-04 17:19:53,298 [main] INFO  db.DBStoreBuilder (DBStoreBuilder.java:addTable(110)) - using custom profile for table: s3Table
2019-09-04 17:19:53,299 [main] INFO  db.DBStoreBuilder (DBStoreBuilder.java:processTables(161)) - Using default column profile:DBProfile.DISK for Table:s3Table
2019-09-04 17:19:53,299 [main] INFO  db.DBStoreBuilder (DBStoreBuilder.java:addTable(110)) - using custom profile for table: multipartInfoTable
2019-09-04 17:19:53,299 [main] INFO  db.DBStoreBuilder (DBStoreBuilder.java:processTables(161)) - Using default column profile:DBProfile.DISK for Table:multipartInfoTable
2019-09-04 17:19:53,299 [main] INFO  db.DBStoreBuilder (DBStoreBuilder.java:addTable(110)) - using custom profile for table: dTokenTable
2019-09-04 17:19:53,300 [main] INFO  db.DBStoreBuilder (DBStoreBuilder.java:processTables(161)) - Using default column profile:DBProfile.DISK for Table:dTokenTable
2019-09-04 17:19:53,300 [main] INFO  db.DBStoreBuilder (DBStoreBuilder.java:addTable(110)) - using custom profile for table: s3SecretTable
2019-09-04 17:19:53,300 [main] INFO  db.DBStoreBuilder (DBStoreBuilder.java:processTables(161)) - Using default column profile:DBProfile.DISK for Table:s3SecretTable
2019-09-04 17:19:53,300 [main] INFO  db.DBStoreBuilder (DBStoreBuilder.java:addTable(110)) - using custom profile for table: prefixTable
2019-09-04 17:19:53,301 [main] INFO  db.DBStoreBuilder (DBStoreBuilder.java:processTables(161)) - Using default column profile:DBProfile.DISK for Table:prefixTable
2019-09-04 17:19:53,301 [main] INFO  db.DBStoreBuilder (DBStoreBuilder.java:addTable(110)) - using custom profile for table: default
2019-09-04 17:19:53,301 [main] INFO  db.DBStoreBuilder (DBStoreBuilder.java:processTables(167)) - Using default column profile:DBProfile.DISK for Table:default
2019-09-04 17:19:53,301 [main] INFO  db.DBStoreBuilder (DBStoreBuilder.java:getDbProfile(198)) - Using default options. DBProfile.DISK
2019-09-04 17:19:53,778 [main] INFO  ipc.CallQueueManager (CallQueueManager.java:<init>(84)) - Using callQueue: class java.util.concurrent.LinkedBlockingQueue, queueCapacity: 2000, scheduler: class org.apache.hadoop.ipc.DefaultRpcScheduler, ipcBackoff: false.
2019-09-04 17:19:53,779 [Socket Reader #1 for port 33434] INFO  ipc.Server (Server.java:run(1074)) - Starting Socket Reader #1 for port 33434
2019-09-04 17:19:53,795 [main] INFO  om.OzoneManager (OzoneManager.java:start(1240)) - OzoneManager RPC server is listening at localhost/127.0.0.1:33434
2019-09-04 17:19:53,795 [main] INFO  impl.MetricsSystemImpl (MetricsSystemImpl.java:init(158)) - OzoneManager metrics system started (again)
2019-09-04 17:19:53,796 [IPC Server Responder] INFO  ipc.Server (Server.java:run(1314)) - IPC Server Responder: starting
2019-09-04 17:19:53,796 [IPC Server listener on 33434] INFO  ipc.Server (Server.java:run(1153)) - IPC Server listener on 33434: starting
2019-09-04 17:19:53,803 [main] INFO  hdfs.DFSUtil (DFSUtil.java:httpServerTemplateForNNAndJN(1641)) - Starting Web-server for ozoneManager at: http://0.0.0.0:0
2019-09-04 17:19:53,805 [main] INFO  server.AuthenticationFilter (AuthenticationFilter.java:constructSecretProvider(240)) - Unable to initialize FileSignerSecretProvider, falling back to use random secrets.
2019-09-04 17:19:53,805 [main] WARN  http.HttpRequestLog (HttpRequestLog.java:getRequestLog(97)) - Jetty request log can only be enabled using Log4j
2019-09-04 17:19:53,807 [main] INFO  http.HttpServer2 (HttpServer2.java:addGlobalFilter(975)) - Added global filter 'safety' (class=org.apache.hadoop.http.HttpServer2$QuotingInputFilter)
2019-09-04 17:19:53,808 [main] INFO  http.HttpServer2 (HttpServer2.java:addFilter(948)) - Added filter static_user_filter (class=org.apache.hadoop.http.lib.StaticUserWebFilter$StaticUserFilter) to context ozoneManager
2019-09-04 17:19:53,808 [main] INFO  http.HttpServer2 (HttpServer2.java:addFilter(958)) - Added filter static_user_filter (class=org.apache.hadoop.http.lib.StaticUserWebFilter$StaticUserFilter) to context logs
2019-09-04 17:19:53,808 [main] INFO  http.HttpServer2 (HttpServer2.java:addFilter(958)) - Added filter static_user_filter (class=org.apache.hadoop.http.lib.StaticUserWebFilter$StaticUserFilter) to context static
2019-09-04 17:19:53,809 [main] INFO  http.HttpServer2 (HttpServer2.java:bindListener(1191)) - Jetty bound to port 36472
2019-09-04 17:19:53,809 [main] INFO  server.Server (Server.java:doStart(351)) - jetty-9.3.24.v20180605, build timestamp: 2018-06-05T17:11:56Z, git hash: 84205aa28f11a4f31f2a3b86d1bba2cc8ab69827
2019-09-04 17:19:53,810 [main] INFO  handler.ContextHandler (ContextHandler.java:doStart(781)) - Started o.e.j.s.ServletContextHandler@2db86a7c{/logs,file:///workdir/hadoop-ozone/integration-test/target/log,AVAILABLE}
2019-09-04 17:19:53,811 [main] INFO  handler.ContextHandler (ContextHandler.java:doStart(781)) - Started o.e.j.s.ServletContextHandler@5b02a984{/static,file:///workdir/hadoop-ozone/integration-test/target/test-classes/webapps/static,AVAILABLE}
2019-09-04 17:19:53,815 [main] INFO  handler.ContextHandler (ContextHandler.java:doStart(781)) - Started o.e.j.w.WebAppContext@b1b471{/,file:///workdir/hadoop-ozone/integration-test/target/test-classes/webapps/ozoneManager/,AVAILABLE}{/ozoneManager}
2019-09-04 17:19:53,816 [main] INFO  server.AbstractConnector (AbstractConnector.java:doStart(278)) - Started ServerConnector@526f6427{HTTP/1.1,[http/1.1]}{0.0.0.0:36472}
2019-09-04 17:19:53,817 [main] INFO  server.Server (Server.java:doStart(419)) - Started @589247ms
2019-09-04 17:19:53,817 [main] WARN  impl.MetricsSystemImpl (MetricsSystemImpl.java:register(276)) - Sink prometheus already exists!
2019-09-04 17:19:53,818 [main] INFO  server.BaseHttpServer (BaseHttpServer.java:updateConnectorAddress(215)) - HTTP server of OZONEMANAGER is listening at http://0.0.0.0:36472
2019-09-04 17:19:53,831 [main] INFO  impl.MetricsSystemImpl (MetricsSystemImpl.java:init(158)) - HddsDatanode metrics system started (again)
2019-09-04 17:19:53,833 [main] INFO  ozone.HddsDatanodeService (HddsDatanodeService.java:start(184)) - HddsDatanodeService host:pr-hdds-1561-mdkws-1819952476 ip:192.168.34.57
2019-09-04 17:19:53,839 [main] INFO  volume.HddsVolume (HddsVolume.java:<init>(176)) - Creating Volume: /workdir/hadoop-ozone/integration-test/target/test-dir/MiniOzoneClusterImpl-2f594647-c66f-4987-a195-77c452f53489/datanode-0/data/containers/hdds of  storage type : DISK and capacity : 1482555576320
2019-09-04 17:19:53,839 [main] INFO  volume.VolumeSet (VolumeSet.java:initializeVolumeSet(170)) - Added Volume : /workdir/hadoop-ozone/integration-test/target/test-dir/MiniOzoneClusterImpl-2f594647-c66f-4987-a195-77c452f53489/datanode-0/data/containers/hdds to VolumeSet
2019-09-04 17:19:53,839 [main] INFO  volume.ThrottledAsyncChecker (ThrottledAsyncChecker.java:schedule(140)) - Scheduling a check for org.apache.hadoop.ozone.container.common.volume.HddsVolume@640d604
2019-09-04 17:19:53,840 [main] INFO  volume.HddsVolumeChecker (HddsVolumeChecker.java:checkAllVolumes(203)) - Scheduled health check for volume org.apache.hadoop.ozone.container.common.volume.HddsVolume@640d604
2019-09-04 17:19:53,852 [main] INFO  impl.RaftServerProxy (ConfUtils.java:logGet(43)) - raft.rpc.type = GRPC (default)
2019-09-04 17:19:53,852 [main] INFO  grpc.GrpcFactory (GrpcFactory.java:checkPooledByteBufAllocatorUseCacheForAllThreads(45)) - PERFORMANCE WARNING: useCacheForAllThreads is true that may cause Netty to create a lot garbage objects and, as a result, trigger GC.
	It is recommended to disable useCacheForAllThreads by setting -Dorg.apache.ratis.thirdparty.io.netty.allocator.useCacheForAllThreads=false in command line.
2019-09-04 17:19:53,852 [main] INFO  grpc.GrpcConfigKeys$Server (ConfUtils.java:logGet(43)) - raft.grpc.server.port = 0 (default)
2019-09-04 17:19:53,852 [main] INFO  server.GrpcService (ConfUtils.java:logGet(43)) - raft.grpc.message.size.max = 33570816 (custom)
2019-09-04 17:19:53,852 [main] INFO  server.RaftServerConfigKeys (ConfUtils.java:logGet(43)) - raft.server.log.appender.buffer.byte-limit = 33554432 (custom)
2019-09-04 17:19:53,853 [main] INFO  server.GrpcService (ConfUtils.java:logGet(43)) - raft.grpc.flow.control.window = 1MB (=1048576) (default)
2019-09-04 17:19:53,853 [main] INFO  server.RaftServerConfigKeys (ConfUtils.java:logGet(43)) - raft.server.rpc.request.timeout = 3000ms (default)
2019-09-04 17:19:53,853 [main] INFO  server.RaftServerConfigKeys (ConfUtils.java:logGet(43)) - raft.server.storage.dir = [/workdir/hadoop-ozone/integration-test/target/test-dir/MiniOzoneClusterImpl-2f594647-c66f-4987-a195-77c452f53489/datanode-0/data/ratis] (custom)
2019-09-04 17:19:53,854 [main] INFO  hdfs.DFSUtil (DFSUtil.java:httpServerTemplateForNNAndJN(1641)) - Starting Web-server for hddsDatanode at: http://0.0.0.0:0
2019-09-04 17:19:53,855 [main] INFO  server.AuthenticationFilter (AuthenticationFilter.java:constructSecretProvider(240)) - Unable to initialize FileSignerSecretProvider, falling back to use random secrets.
2019-09-04 17:19:53,856 [main] WARN  http.HttpRequestLog (HttpRequestLog.java:getRequestLog(97)) - Jetty request log can only be enabled using Log4j
2019-09-04 17:19:53,857 [main] INFO  http.HttpServer2 (HttpServer2.java:addGlobalFilter(975)) - Added global filter 'safety' (class=org.apache.hadoop.http.HttpServer2$QuotingInputFilter)
2019-09-04 17:19:53,857 [main] INFO  http.HttpServer2 (HttpServer2.java:addFilter(948)) - Added filter static_user_filter (class=org.apache.hadoop.http.lib.StaticUserWebFilter$StaticUserFilter) to context hddsDatanode
2019-09-04 17:19:53,857 [main] INFO  http.HttpServer2 (HttpServer2.java:addFilter(958)) - Added filter static_user_filter (class=org.apache.hadoop.http.lib.StaticUserWebFilter$StaticUserFilter) to context static
2019-09-04 17:19:53,858 [main] INFO  http.HttpServer2 (HttpServer2.java:addFilter(958)) - Added filter static_user_filter (class=org.apache.hadoop.http.lib.StaticUserWebFilter$StaticUserFilter) to context logs
2019-09-04 17:19:53,858 [main] INFO  http.HttpServer2 (HttpServer2.java:bindListener(1191)) - Jetty bound to port 40706
2019-09-04 17:19:53,858 [main] INFO  server.Server (Server.java:doStart(351)) - jetty-9.3.24.v20180605, build timestamp: 2018-06-05T17:11:56Z, git hash: 84205aa28f11a4f31f2a3b86d1bba2cc8ab69827
2019-09-04 17:19:53,859 [main] INFO  handler.ContextHandler (ContextHandler.java:doStart(781)) - Started o.e.j.s.ServletContextHandler@1a1c21b4{/logs,file:///workdir/hadoop-ozone/integration-test/target/log,AVAILABLE}
2019-09-04 17:19:53,860 [main] INFO  handler.ContextHandler (ContextHandler.java:doStart(781)) - Started o.e.j.s.ServletContextHandler@38ac8968{/static,jar:file:/home/user/.m2/repository/org/apache/hadoop/hadoop-hdds-container-service/0.5.0-SNAPSHOT/hadoop-hdds-container-service-0.5.0-SNAPSHOT.jar!/webapps/static,AVAILABLE}
2019-09-04 17:19:53,886 [main] INFO  handler.ContextHandler (ContextHandler.java:doStart(781)) - Started o.e.j.w.WebAppContext@6c0b51da{/,file:///tmp/jetty-0.0.0.0-40706-hddsDatanode-_-any-5469522050761817006.dir/webapp/,AVAILABLE}{/hddsDatanode}
2019-09-04 17:19:53,886 [main] INFO  server.AbstractConnector (AbstractConnector.java:doStart(278)) - Started ServerConnector@7558633{HTTP/1.1,[http/1.1]}{0.0.0.0:40706}
2019-09-04 17:19:53,888 [main] INFO  server.Server (Server.java:doStart(419)) - Started @589318ms
2019-09-04 17:19:53,888 [main] WARN  impl.MetricsSystemImpl (MetricsSystemImpl.java:register(276)) - Sink prometheus already exists!
2019-09-04 17:19:53,889 [main] INFO  server.BaseHttpServer (BaseHttpServer.java:updateConnectorAddress(215)) - HTTP server of HDDSDATANODE is listening at http://0.0.0.0:40706
2019-09-04 17:19:53,889 [main] INFO  impl.MetricsSystemImpl (MetricsSystemImpl.java:init(158)) - HddsDatanode metrics system started (again)
2019-09-04 17:19:53,892 [org.apache.hadoop.util.JvmPauseMonitor$Monitor@1bfd210c] INFO  util.JvmPauseMonitor (JvmPauseMonitor.java:run(188)) - Starting JVM pause monitor
2019-09-04 17:19:53,892 [main] INFO  ozone.HddsDatanodeService (HddsDatanodeService.java:start(184)) - HddsDatanodeService host:pr-hdds-1561-mdkws-1819952476 ip:192.168.34.57
2019-09-04 17:19:53,893 [Datanode State Machine Thread - 0] INFO  datanode.InitDatanodeState (InitDatanodeState.java:persistContainerDatanodeDetails(140)) - DatanodeDetails is persisted to /workdir/hadoop-ozone/integration-test/target/test-dir/MiniOzoneClusterImpl-2f594647-c66f-4987-a195-77c452f53489/datanode-0/meta/datanode.id
2019-09-04 17:19:53,897 [main] INFO  volume.HddsVolume (HddsVolume.java:<init>(176)) - Creating Volume: /workdir/hadoop-ozone/integration-test/target/test-dir/MiniOzoneClusterImpl-2f594647-c66f-4987-a195-77c452f53489/datanode-1/data/containers/hdds of  storage type : DISK and capacity : 1482555576320
2019-09-04 17:19:53,898 [main] INFO  volume.VolumeSet (VolumeSet.java:initializeVolumeSet(170)) - Added Volume : /workdir/hadoop-ozone/integration-test/target/test-dir/MiniOzoneClusterImpl-2f594647-c66f-4987-a195-77c452f53489/datanode-1/data/containers/hdds to VolumeSet
2019-09-04 17:19:53,898 [main] INFO  volume.ThrottledAsyncChecker (ThrottledAsyncChecker.java:schedule(140)) - Scheduling a check for org.apache.hadoop.ozone.container.common.volume.HddsVolume@6222391a
2019-09-04 17:19:53,898 [main] INFO  volume.HddsVolumeChecker (HddsVolumeChecker.java:checkAllVolumes(203)) - Scheduled health check for volume org.apache.hadoop.ozone.container.common.volume.HddsVolume@6222391a
2019-09-04 17:19:53,910 [main] INFO  impl.RaftServerProxy (ConfUtils.java:logGet(43)) - raft.rpc.type = GRPC (default)
2019-09-04 17:19:53,911 [main] INFO  grpc.GrpcFactory (GrpcFactory.java:checkPooledByteBufAllocatorUseCacheForAllThreads(45)) - PERFORMANCE WARNING: useCacheForAllThreads is true that may cause Netty to create a lot garbage objects and, as a result, trigger GC.
	It is recommended to disable useCacheForAllThreads by setting -Dorg.apache.ratis.thirdparty.io.netty.allocator.useCacheForAllThreads=false in command line.
2019-09-04 17:19:53,911 [main] INFO  grpc.GrpcConfigKeys$Server (ConfUtils.java:logGet(43)) - raft.grpc.server.port = 0 (default)
2019-09-04 17:19:53,911 [main] INFO  server.GrpcService (ConfUtils.java:logGet(43)) - raft.grpc.message.size.max = 33570816 (custom)
2019-09-04 17:19:53,911 [main] INFO  server.RaftServerConfigKeys (ConfUtils.java:logGet(43)) - raft.server.log.appender.buffer.byte-limit = 33554432 (custom)
2019-09-04 17:19:53,911 [main] INFO  server.GrpcService (ConfUtils.java:logGet(43)) - raft.grpc.flow.control.window = 1MB (=1048576) (default)
2019-09-04 17:19:53,912 [main] INFO  server.RaftServerConfigKeys (ConfUtils.java:logGet(43)) - raft.server.rpc.request.timeout = 3000ms (default)
2019-09-04 17:19:53,912 [main] INFO  server.RaftServerConfigKeys (ConfUtils.java:logGet(43)) - raft.server.storage.dir = [/workdir/hadoop-ozone/integration-test/target/test-dir/MiniOzoneClusterImpl-2f594647-c66f-4987-a195-77c452f53489/datanode-1/data/ratis] (custom)
2019-09-04 17:19:53,913 [main] INFO  hdfs.DFSUtil (DFSUtil.java:httpServerTemplateForNNAndJN(1641)) - Starting Web-server for hddsDatanode at: http://0.0.0.0:0
2019-09-04 17:19:53,914 [main] INFO  server.AuthenticationFilter (AuthenticationFilter.java:constructSecretProvider(240)) - Unable to initialize FileSignerSecretProvider, falling back to use random secrets.
2019-09-04 17:19:53,915 [main] WARN  http.HttpRequestLog (HttpRequestLog.java:getRequestLog(97)) - Jetty request log can only be enabled using Log4j
2019-09-04 17:19:53,916 [main] INFO  http.HttpServer2 (HttpServer2.java:addGlobalFilter(975)) - Added global filter 'safety' (class=org.apache.hadoop.http.HttpServer2$QuotingInputFilter)
2019-09-04 17:19:53,916 [main] INFO  http.HttpServer2 (HttpServer2.java:addFilter(948)) - Added filter static_user_filter (class=org.apache.hadoop.http.lib.StaticUserWebFilter$StaticUserFilter) to context hddsDatanode
2019-09-04 17:19:53,916 [main] INFO  http.HttpServer2 (HttpServer2.java:addFilter(958)) - Added filter static_user_filter (class=org.apache.hadoop.http.lib.StaticUserWebFilter$StaticUserFilter) to context static
2019-09-04 17:19:53,916 [main] INFO  http.HttpServer2 (HttpServer2.java:addFilter(958)) - Added filter static_user_filter (class=org.apache.hadoop.http.lib.StaticUserWebFilter$StaticUserFilter) to context logs
2019-09-04 17:19:53,917 [main] INFO  http.HttpServer2 (HttpServer2.java:bindListener(1191)) - Jetty bound to port 40224
2019-09-04 17:19:53,917 [main] INFO  server.Server (Server.java:doStart(351)) - jetty-9.3.24.v20180605, build timestamp: 2018-06-05T17:11:56Z, git hash: 84205aa28f11a4f31f2a3b86d1bba2cc8ab69827
2019-09-04 17:19:53,918 [main] INFO  handler.ContextHandler (ContextHandler.java:doStart(781)) - Started o.e.j.s.ServletContextHandler@46f73ffa{/logs,file:///workdir/hadoop-ozone/integration-test/target/log,AVAILABLE}
2019-09-04 17:19:53,918 [main] INFO  handler.ContextHandler (ContextHandler.java:doStart(781)) - Started o.e.j.s.ServletContextHandler@afde064{/static,jar:file:/home/user/.m2/repository/org/apache/hadoop/hadoop-hdds-container-service/0.5.0-SNAPSHOT/hadoop-hdds-container-service-0.5.0-SNAPSHOT.jar!/webapps/static,AVAILABLE}
2019-09-04 17:19:53,945 [main] INFO  handler.ContextHandler (ContextHandler.java:doStart(781)) - Started o.e.j.w.WebAppContext@64656b9e{/,file:///tmp/jetty-0.0.0.0-40224-hddsDatanode-_-any-2213041330855599007.dir/webapp/,AVAILABLE}{/hddsDatanode}
2019-09-04 17:19:53,945 [main] INFO  server.AbstractConnector (AbstractConnector.java:doStart(278)) - Started ServerConnector@6870cfac{HTTP/1.1,[http/1.1]}{0.0.0.0:40224}
2019-09-04 17:19:53,946 [main] INFO  server.Server (Server.java:doStart(419)) - Started @589377ms
2019-09-04 17:19:53,946 [main] WARN  impl.MetricsSystemImpl (MetricsSystemImpl.java:register(276)) - Sink prometheus already exists!
2019-09-04 17:19:53,947 [main] INFO  server.BaseHttpServer (BaseHttpServer.java:updateConnectorAddress(215)) - HTTP server of HDDSDATANODE is listening at http://0.0.0.0:40224
2019-09-04 17:19:53,947 [main] INFO  impl.MetricsSystemImpl (MetricsSystemImpl.java:init(158)) - HddsDatanode metrics system started (again)
2019-09-04 17:19:53,950 [org.apache.hadoop.util.JvmPauseMonitor$Monitor@7c7b6ced] INFO  util.JvmPauseMonitor (JvmPauseMonitor.java:run(188)) - Starting JVM pause monitor
2019-09-04 17:19:53,951 [main] INFO  ozone.HddsDatanodeService (HddsDatanodeService.java:start(184)) - HddsDatanodeService host:pr-hdds-1561-mdkws-1819952476 ip:192.168.34.57
2019-09-04 17:19:53,951 [Datanode State Machine Thread - 0] INFO  datanode.InitDatanodeState (InitDatanodeState.java:persistContainerDatanodeDetails(140)) - DatanodeDetails is persisted to /workdir/hadoop-ozone/integration-test/target/test-dir/MiniOzoneClusterImpl-2f594647-c66f-4987-a195-77c452f53489/datanode-1/meta/datanode.id
2019-09-04 17:19:53,956 [main] INFO  volume.HddsVolume (HddsVolume.java:<init>(176)) - Creating Volume: /workdir/hadoop-ozone/integration-test/target/test-dir/MiniOzoneClusterImpl-2f594647-c66f-4987-a195-77c452f53489/datanode-2/data/containers/hdds of  storage type : DISK and capacity : 1482555576320
2019-09-04 17:19:53,956 [main] INFO  volume.VolumeSet (VolumeSet.java:initializeVolumeSet(170)) - Added Volume : /workdir/hadoop-ozone/integration-test/target/test-dir/MiniOzoneClusterImpl-2f594647-c66f-4987-a195-77c452f53489/datanode-2/data/containers/hdds to VolumeSet
2019-09-04 17:19:53,956 [main] INFO  volume.ThrottledAsyncChecker (ThrottledAsyncChecker.java:schedule(140)) - Scheduling a check for org.apache.hadoop.ozone.container.common.volume.HddsVolume@7d0cd23c
2019-09-04 17:19:53,957 [main] INFO  volume.HddsVolumeChecker (HddsVolumeChecker.java:checkAllVolumes(203)) - Scheduled health check for volume org.apache.hadoop.ozone.container.common.volume.HddsVolume@7d0cd23c
2019-09-04 17:19:53,969 [main] INFO  impl.RaftServerProxy (ConfUtils.java:logGet(43)) - raft.rpc.type = GRPC (default)
2019-09-04 17:19:53,969 [main] INFO  grpc.GrpcFactory (GrpcFactory.java:checkPooledByteBufAllocatorUseCacheForAllThreads(45)) - PERFORMANCE WARNING: useCacheForAllThreads is true that may cause Netty to create a lot garbage objects and, as a result, trigger GC.
	It is recommended to disable useCacheForAllThreads by setting -Dorg.apache.ratis.thirdparty.io.netty.allocator.useCacheForAllThreads=false in command line.
2019-09-04 17:19:53,969 [main] INFO  grpc.GrpcConfigKeys$Server (ConfUtils.java:logGet(43)) - raft.grpc.server.port = 0 (default)
2019-09-04 17:19:53,969 [main] INFO  server.GrpcService (ConfUtils.java:logGet(43)) - raft.grpc.message.size.max = 33570816 (custom)
2019-09-04 17:19:53,969 [main] INFO  server.RaftServerConfigKeys (ConfUtils.java:logGet(43)) - raft.server.log.appender.buffer.byte-limit = 33554432 (custom)
2019-09-04 17:19:53,970 [main] INFO  server.GrpcService (ConfUtils.java:logGet(43)) - raft.grpc.flow.control.window = 1MB (=1048576) (default)
2019-09-04 17:19:53,970 [main] INFO  server.RaftServerConfigKeys (ConfUtils.java:logGet(43)) - raft.server.rpc.request.timeout = 3000ms (default)
2019-09-04 17:19:53,970 [main] INFO  server.RaftServerConfigKeys (ConfUtils.java:logGet(43)) - raft.server.storage.dir = [/workdir/hadoop-ozone/integration-test/target/test-dir/MiniOzoneClusterImpl-2f594647-c66f-4987-a195-77c452f53489/datanode-2/data/ratis] (custom)
2019-09-04 17:19:53,971 [main] INFO  hdfs.DFSUtil (DFSUtil.java:httpServerTemplateForNNAndJN(1641)) - Starting Web-server for hddsDatanode at: http://0.0.0.0:0
2019-09-04 17:19:53,972 [main] INFO  server.AuthenticationFilter (AuthenticationFilter.java:constructSecretProvider(240)) - Unable to initialize FileSignerSecretProvider, falling back to use random secrets.
2019-09-04 17:19:53,973 [main] WARN  http.HttpRequestLog (HttpRequestLog.java:getRequestLog(97)) - Jetty request log can only be enabled using Log4j
2019-09-04 17:19:53,974 [main] INFO  http.HttpServer2 (HttpServer2.java:addGlobalFilter(975)) - Added global filter 'safety' (class=org.apache.hadoop.http.HttpServer2$QuotingInputFilter)
2019-09-04 17:19:53,974 [main] INFO  http.HttpServer2 (HttpServer2.java:addFilter(948)) - Added filter static_user_filter (class=org.apache.hadoop.http.lib.StaticUserWebFilter$StaticUserFilter) to context hddsDatanode
2019-09-04 17:19:53,975 [main] INFO  http.HttpServer2 (HttpServer2.java:addFilter(958)) - Added filter static_user_filter (class=org.apache.hadoop.http.lib.StaticUserWebFilter$StaticUserFilter) to context logs
2019-09-04 17:19:53,975 [main] INFO  http.HttpServer2 (HttpServer2.java:addFilter(958)) - Added filter static_user_filter (class=org.apache.hadoop.http.lib.StaticUserWebFilter$StaticUserFilter) to context static
2019-09-04 17:19:53,975 [main] INFO  http.HttpServer2 (HttpServer2.java:bindListener(1191)) - Jetty bound to port 40241
2019-09-04 17:19:53,975 [main] INFO  server.Server (Server.java:doStart(351)) - jetty-9.3.24.v20180605, build timestamp: 2018-06-05T17:11:56Z, git hash: 84205aa28f11a4f31f2a3b86d1bba2cc8ab69827
2019-09-04 17:19:53,977 [main] INFO  handler.ContextHandler (ContextHandler.java:doStart(781)) - Started o.e.j.s.ServletContextHandler@6459f4ea{/logs,file:///workdir/hadoop-ozone/integration-test/target/log,AVAILABLE}
2019-09-04 17:19:53,977 [main] INFO  handler.ContextHandler (ContextHandler.java:doStart(781)) - Started o.e.j.s.ServletContextHandler@476fde05{/static,jar:file:/home/user/.m2/repository/org/apache/hadoop/hadoop-hdds-container-service/0.5.0-SNAPSHOT/hadoop-hdds-container-service-0.5.0-SNAPSHOT.jar!/webapps/static,AVAILABLE}
2019-09-04 17:19:54,003 [main] INFO  handler.ContextHandler (ContextHandler.java:doStart(781)) - Started o.e.j.w.WebAppContext@212fafd1{/,file:///tmp/jetty-0.0.0.0-40241-hddsDatanode-_-any-1468826800000828824.dir/webapp/,AVAILABLE}{/hddsDatanode}
2019-09-04 17:19:54,003 [main] INFO  server.AbstractConnector (AbstractConnector.java:doStart(278)) - Started ServerConnector@448462f0{HTTP/1.1,[http/1.1]}{0.0.0.0:40241}
2019-09-04 17:19:54,005 [main] INFO  server.Server (Server.java:doStart(419)) - Started @589434ms
2019-09-04 17:19:54,005 [main] WARN  impl.MetricsSystemImpl (MetricsSystemImpl.java:register(276)) - Sink prometheus already exists!
2019-09-04 17:19:54,005 [main] INFO  server.BaseHttpServer (BaseHttpServer.java:updateConnectorAddress(215)) - HTTP server of HDDSDATANODE is listening at http://0.0.0.0:40241
2019-09-04 17:19:54,006 [main] INFO  impl.MetricsSystemImpl (MetricsSystemImpl.java:init(158)) - HddsDatanode metrics system started (again)
2019-09-04 17:19:54,009 [org.apache.hadoop.util.JvmPauseMonitor$Monitor@5d698bf5] INFO  util.JvmPauseMonitor (JvmPauseMonitor.java:run(188)) - Starting JVM pause monitor
2019-09-04 17:19:54,009 [main] INFO  ozone.HddsDatanodeService (HddsDatanodeService.java:start(184)) - HddsDatanodeService host:pr-hdds-1561-mdkws-1819952476 ip:192.168.34.57
2019-09-04 17:19:54,010 [Datanode State Machine Thread - 0] INFO  datanode.InitDatanodeState (InitDatanodeState.java:persistContainerDatanodeDetails(140)) - DatanodeDetails is persisted to /workdir/hadoop-ozone/integration-test/target/test-dir/MiniOzoneClusterImpl-2f594647-c66f-4987-a195-77c452f53489/datanode-2/meta/datanode.id
2019-09-04 17:19:54,015 [main] INFO  volume.HddsVolume (HddsVolume.java:<init>(176)) - Creating Volume: /workdir/hadoop-ozone/integration-test/target/test-dir/MiniOzoneClusterImpl-2f594647-c66f-4987-a195-77c452f53489/datanode-3/data/containers/hdds of  storage type : DISK and capacity : 1482555576320
2019-09-04 17:19:54,015 [main] INFO  volume.VolumeSet (VolumeSet.java:initializeVolumeSet(170)) - Added Volume : /workdir/hadoop-ozone/integration-test/target/test-dir/MiniOzoneClusterImpl-2f594647-c66f-4987-a195-77c452f53489/datanode-3/data/containers/hdds to VolumeSet
2019-09-04 17:19:54,015 [main] INFO  volume.ThrottledAsyncChecker (ThrottledAsyncChecker.java:schedule(140)) - Scheduling a check for org.apache.hadoop.ozone.container.common.volume.HddsVolume@5fb3111a
2019-09-04 17:19:54,016 [main] INFO  volume.HddsVolumeChecker (HddsVolumeChecker.java:checkAllVolumes(203)) - Scheduled health check for volume org.apache.hadoop.ozone.container.common.volume.HddsVolume@5fb3111a
2019-09-04 17:19:54,027 [main] INFO  impl.RaftServerProxy (ConfUtils.java:logGet(43)) - raft.rpc.type = GRPC (default)
2019-09-04 17:19:54,027 [main] INFO  grpc.GrpcFactory (GrpcFactory.java:checkPooledByteBufAllocatorUseCacheForAllThreads(45)) - PERFORMANCE WARNING: useCacheForAllThreads is true that may cause Netty to create a lot garbage objects and, as a result, trigger GC.
	It is recommended to disable useCacheForAllThreads by setting -Dorg.apache.ratis.thirdparty.io.netty.allocator.useCacheForAllThreads=false in command line.
2019-09-04 17:19:54,028 [main] INFO  grpc.GrpcConfigKeys$Server (ConfUtils.java:logGet(43)) - raft.grpc.server.port = 0 (default)
2019-09-04 17:19:54,028 [main] INFO  server.GrpcService (ConfUtils.java:logGet(43)) - raft.grpc.message.size.max = 33570816 (custom)
2019-09-04 17:19:54,028 [main] INFO  server.RaftServerConfigKeys (ConfUtils.java:logGet(43)) - raft.server.log.appender.buffer.byte-limit = 33554432 (custom)
2019-09-04 17:19:54,028 [main] INFO  server.GrpcService (ConfUtils.java:logGet(43)) - raft.grpc.flow.control.window = 1MB (=1048576) (default)
2019-09-04 17:19:54,028 [main] INFO  server.RaftServerConfigKeys (ConfUtils.java:logGet(43)) - raft.server.rpc.request.timeout = 3000ms (default)
2019-09-04 17:19:54,029 [main] INFO  server.RaftServerConfigKeys (ConfUtils.java:logGet(43)) - raft.server.storage.dir = [/workdir/hadoop-ozone/integration-test/target/test-dir/MiniOzoneClusterImpl-2f594647-c66f-4987-a195-77c452f53489/datanode-3/data/ratis] (custom)
2019-09-04 17:19:54,030 [main] INFO  hdfs.DFSUtil (DFSUtil.java:httpServerTemplateForNNAndJN(1641)) - Starting Web-server for hddsDatanode at: http://0.0.0.0:0
2019-09-04 17:19:54,031 [main] INFO  server.AuthenticationFilter (AuthenticationFilter.java:constructSecretProvider(240)) - Unable to initialize FileSignerSecretProvider, falling back to use random secrets.
2019-09-04 17:19:54,031 [main] WARN  http.HttpRequestLog (HttpRequestLog.java:getRequestLog(97)) - Jetty request log can only be enabled using Log4j
2019-09-04 17:19:54,032 [main] INFO  http.HttpServer2 (HttpServer2.java:addGlobalFilter(975)) - Added global filter 'safety' (class=org.apache.hadoop.http.HttpServer2$QuotingInputFilter)
2019-09-04 17:19:54,032 [main] INFO  http.HttpServer2 (HttpServer2.java:addFilter(948)) - Added filter static_user_filter (class=org.apache.hadoop.http.lib.StaticUserWebFilter$StaticUserFilter) to context hddsDatanode
2019-09-04 17:19:54,033 [main] INFO  http.HttpServer2 (HttpServer2.java:addFilter(958)) - Added filter static_user_filter (class=org.apache.hadoop.http.lib.StaticUserWebFilter$StaticUserFilter) to context logs
2019-09-04 17:19:54,033 [main] INFO  http.HttpServer2 (HttpServer2.java:addFilter(958)) - Added filter static_user_filter (class=org.apache.hadoop.http.lib.StaticUserWebFilter$StaticUserFilter) to context static
2019-09-04 17:19:54,033 [main] INFO  http.HttpServer2 (HttpServer2.java:bindListener(1191)) - Jetty bound to port 35607
2019-09-04 17:19:54,033 [main] INFO  server.Server (Server.java:doStart(351)) - jetty-9.3.24.v20180605, build timestamp: 2018-06-05T17:11:56Z, git hash: 84205aa28f11a4f31f2a3b86d1bba2cc8ab69827
2019-09-04 17:19:54,035 [main] INFO  handler.ContextHandler (ContextHandler.java:doStart(781)) - Started o.e.j.s.ServletContextHandler@4602f874{/logs,file:///workdir/hadoop-ozone/integration-test/target/log,AVAILABLE}
2019-09-04 17:19:54,035 [main] INFO  handler.ContextHandler (ContextHandler.java:doStart(781)) - Started o.e.j.s.ServletContextHandler@353c6da1{/static,jar:file:/home/user/.m2/repository/org/apache/hadoop/hadoop-hdds-container-service/0.5.0-SNAPSHOT/hadoop-hdds-container-service-0.5.0-SNAPSHOT.jar!/webapps/static,AVAILABLE}
2019-09-04 17:19:54,061 [main] INFO  handler.ContextHandler (ContextHandler.java:doStart(781)) - Started o.e.j.w.WebAppContext@3457cc8d{/,file:///tmp/jetty-0.0.0.0-35607-hddsDatanode-_-any-6764156440999724728.dir/webapp/,AVAILABLE}{/hddsDatanode}
2019-09-04 17:19:54,061 [main] INFO  server.AbstractConnector (AbstractConnector.java:doStart(278)) - Started ServerConnector@7a66c35a{HTTP/1.1,[http/1.1]}{0.0.0.0:35607}
2019-09-04 17:19:54,063 [main] INFO  server.Server (Server.java:doStart(419)) - Started @589493ms
2019-09-04 17:19:54,063 [main] WARN  impl.MetricsSystemImpl (MetricsSystemImpl.java:register(276)) - Sink prometheus already exists!
2019-09-04 17:19:54,064 [main] INFO  server.BaseHttpServer (BaseHttpServer.java:updateConnectorAddress(215)) - HTTP server of HDDSDATANODE is listening at http://0.0.0.0:35607
2019-09-04 17:19:54,064 [main] INFO  impl.MetricsSystemImpl (MetricsSystemImpl.java:init(158)) - HddsDatanode metrics system started (again)
2019-09-04 17:19:54,068 [org.apache.hadoop.util.JvmPauseMonitor$Monitor@238c4e2b] INFO  util.JvmPauseMonitor (JvmPauseMonitor.java:run(188)) - Starting JVM pause monitor
2019-09-04 17:19:54,068 [main] INFO  ozone.HddsDatanodeService (HddsDatanodeService.java:start(184)) - HddsDatanodeService host:pr-hdds-1561-mdkws-1819952476 ip:192.168.34.57
2019-09-04 17:19:54,069 [Datanode State Machine Thread - 0] INFO  datanode.InitDatanodeState (InitDatanodeState.java:persistContainerDatanodeDetails(140)) - DatanodeDetails is persisted to /workdir/hadoop-ozone/integration-test/target/test-dir/MiniOzoneClusterImpl-2f594647-c66f-4987-a195-77c452f53489/datanode-3/meta/datanode.id
2019-09-04 17:19:54,074 [main] INFO  volume.HddsVolume (HddsVolume.java:<init>(176)) - Creating Volume: /workdir/hadoop-ozone/integration-test/target/test-dir/MiniOzoneClusterImpl-2f594647-c66f-4987-a195-77c452f53489/datanode-4/data/containers/hdds of  storage type : DISK and capacity : 1482555576320
2019-09-04 17:19:54,075 [main] INFO  volume.VolumeSet (VolumeSet.java:initializeVolumeSet(170)) - Added Volume : /workdir/hadoop-ozone/integration-test/target/test-dir/MiniOzoneClusterImpl-2f594647-c66f-4987-a195-77c452f53489/datanode-4/data/containers/hdds to VolumeSet
2019-09-04 17:19:54,075 [main] INFO  volume.ThrottledAsyncChecker (ThrottledAsyncChecker.java:schedule(140)) - Scheduling a check for org.apache.hadoop.ozone.container.common.volume.HddsVolume@27ec8754
2019-09-04 17:19:54,075 [main] INFO  volume.HddsVolumeChecker (HddsVolumeChecker.java:checkAllVolumes(203)) - Scheduled health check for volume org.apache.hadoop.ozone.container.common.volume.HddsVolume@27ec8754
2019-09-04 17:19:54,087 [main] INFO  impl.RaftServerProxy (ConfUtils.java:logGet(43)) - raft.rpc.type = GRPC (default)
2019-09-04 17:19:54,087 [main] INFO  grpc.GrpcFactory (GrpcFactory.java:checkPooledByteBufAllocatorUseCacheForAllThreads(45)) - PERFORMANCE WARNING: useCacheForAllThreads is true that may cause Netty to create a lot garbage objects and, as a result, trigger GC.
	It is recommended to disable useCacheForAllThreads by setting -Dorg.apache.ratis.thirdparty.io.netty.allocator.useCacheForAllThreads=false in command line.
2019-09-04 17:19:54,087 [main] INFO  grpc.GrpcConfigKeys$Server (ConfUtils.java:logGet(43)) - raft.grpc.server.port = 0 (default)
2019-09-04 17:19:54,088 [main] INFO  server.GrpcService (ConfUtils.java:logGet(43)) - raft.grpc.message.size.max = 33570816 (custom)
2019-09-04 17:19:54,088 [main] INFO  server.RaftServerConfigKeys (ConfUtils.java:logGet(43)) - raft.server.log.appender.buffer.byte-limit = 33554432 (custom)
2019-09-04 17:19:54,088 [main] INFO  server.GrpcService (ConfUtils.java:logGet(43)) - raft.grpc.flow.control.window = 1MB (=1048576) (default)
2019-09-04 17:19:54,088 [main] INFO  server.RaftServerConfigKeys (ConfUtils.java:logGet(43)) - raft.server.rpc.request.timeout = 3000ms (default)
2019-09-04 17:19:54,088 [main] INFO  server.RaftServerConfigKeys (ConfUtils.java:logGet(43)) - raft.server.storage.dir = [/workdir/hadoop-ozone/integration-test/target/test-dir/MiniOzoneClusterImpl-2f594647-c66f-4987-a195-77c452f53489/datanode-4/data/ratis] (custom)
2019-09-04 17:19:54,090 [main] INFO  hdfs.DFSUtil (DFSUtil.java:httpServerTemplateForNNAndJN(1641)) - Starting Web-server for hddsDatanode at: http://0.0.0.0:0
2019-09-04 17:19:54,091 [main] INFO  server.AuthenticationFilter (AuthenticationFilter.java:constructSecretProvider(240)) - Unable to initialize FileSignerSecretProvider, falling back to use random secrets.
2019-09-04 17:19:54,091 [main] WARN  http.HttpRequestLog (HttpRequestLog.java:getRequestLog(97)) - Jetty request log can only be enabled using Log4j
2019-09-04 17:19:54,092 [main] INFO  http.HttpServer2 (HttpServer2.java:addGlobalFilter(975)) - Added global filter 'safety' (class=org.apache.hadoop.http.HttpServer2$QuotingInputFilter)
2019-09-04 17:19:54,093 [main] INFO  http.HttpServer2 (HttpServer2.java:addFilter(948)) - Added filter static_user_filter (class=org.apache.hadoop.http.lib.StaticUserWebFilter$StaticUserFilter) to context hddsDatanode
2019-09-04 17:19:54,093 [main] INFO  http.HttpServer2 (HttpServer2.java:addFilter(958)) - Added filter static_user_filter (class=org.apache.hadoop.http.lib.StaticUserWebFilter$StaticUserFilter) to context logs
2019-09-04 17:19:54,093 [main] INFO  http.HttpServer2 (HttpServer2.java:addFilter(958)) - Added filter static_user_filter (class=org.apache.hadoop.http.lib.StaticUserWebFilter$StaticUserFilter) to context static
2019-09-04 17:19:54,094 [main] INFO  http.HttpServer2 (HttpServer2.java:bindListener(1191)) - Jetty bound to port 34269
2019-09-04 17:19:54,094 [main] INFO  server.Server (Server.java:doStart(351)) - jetty-9.3.24.v20180605, build timestamp: 2018-06-05T17:11:56Z, git hash: 84205aa28f11a4f31f2a3b86d1bba2cc8ab69827
2019-09-04 17:19:54,095 [main] INFO  handler.ContextHandler (ContextHandler.java:doStart(781)) - Started o.e.j.s.ServletContextHandler@46468f0{/logs,file:///workdir/hadoop-ozone/integration-test/target/log,AVAILABLE}
2019-09-04 17:19:54,096 [main] INFO  handler.ContextHandler (ContextHandler.java:doStart(781)) - Started o.e.j.s.ServletContextHandler@34a6d9db{/static,jar:file:/home/user/.m2/repository/org/apache/hadoop/hadoop-hdds-container-service/0.5.0-SNAPSHOT/hadoop-hdds-container-service-0.5.0-SNAPSHOT.jar!/webapps/static,AVAILABLE}
2019-09-04 17:19:54,122 [main] INFO  handler.ContextHandler (ContextHandler.java:doStart(781)) - Started o.e.j.w.WebAppContext@4cc12db2{/,file:///tmp/jetty-0.0.0.0-34269-hddsDatanode-_-any-6466537358381163890.dir/webapp/,AVAILABLE}{/hddsDatanode}
2019-09-04 17:19:54,122 [main] INFO  server.AbstractConnector (AbstractConnector.java:doStart(278)) - Started ServerConnector@5ea7bc4{HTTP/1.1,[http/1.1]}{0.0.0.0:34269}
2019-09-04 17:19:54,122 [main] INFO  server.Server (Server.java:doStart(419)) - Started @589553ms
2019-09-04 17:19:54,124 [main] WARN  impl.MetricsSystemImpl (MetricsSystemImpl.java:register(276)) - Sink prometheus already exists!
2019-09-04 17:19:54,125 [main] INFO  server.BaseHttpServer (BaseHttpServer.java:updateConnectorAddress(215)) - HTTP server of HDDSDATANODE is listening at http://0.0.0.0:34269
2019-09-04 17:19:54,125 [main] INFO  impl.MetricsSystemImpl (MetricsSystemImpl.java:init(158)) - HddsDatanode metrics system started (again)
2019-09-04 17:19:54,129 [org.apache.hadoop.util.JvmPauseMonitor$Monitor@74f05e39] INFO  util.JvmPauseMonitor (JvmPauseMonitor.java:run(188)) - Starting JVM pause monitor
2019-09-04 17:19:54,130 [main] INFO  ozone.HddsDatanodeService (HddsDatanodeService.java:start(184)) - HddsDatanodeService host:pr-hdds-1561-mdkws-1819952476 ip:192.168.34.57
2019-09-04 17:19:54,130 [Datanode State Machine Thread - 0] INFO  datanode.InitDatanodeState (InitDatanodeState.java:persistContainerDatanodeDetails(140)) - DatanodeDetails is persisted to /workdir/hadoop-ozone/integration-test/target/test-dir/MiniOzoneClusterImpl-2f594647-c66f-4987-a195-77c452f53489/datanode-4/meta/datanode.id
2019-09-04 17:19:54,136 [main] INFO  volume.HddsVolume (HddsVolume.java:<init>(176)) - Creating Volume: /workdir/hadoop-ozone/integration-test/target/test-dir/MiniOzoneClusterImpl-2f594647-c66f-4987-a195-77c452f53489/datanode-5/data/containers/hdds of  storage type : DISK and capacity : 1482555576320
2019-09-04 17:19:54,136 [main] INFO  volume.VolumeSet (VolumeSet.java:initializeVolumeSet(170)) - Added Volume : /workdir/hadoop-ozone/integration-test/target/test-dir/MiniOzoneClusterImpl-2f594647-c66f-4987-a195-77c452f53489/datanode-5/data/containers/hdds to VolumeSet
2019-09-04 17:19:54,136 [main] INFO  volume.ThrottledAsyncChecker (ThrottledAsyncChecker.java:schedule(140)) - Scheduling a check for org.apache.hadoop.ozone.container.common.volume.HddsVolume@39c87b42
2019-09-04 17:19:54,136 [main] INFO  volume.HddsVolumeChecker (HddsVolumeChecker.java:checkAllVolumes(203)) - Scheduled health check for volume org.apache.hadoop.ozone.container.common.volume.HddsVolume@39c87b42
2019-09-04 17:19:54,149 [main] INFO  impl.RaftServerProxy (ConfUtils.java:logGet(43)) - raft.rpc.type = GRPC (default)
2019-09-04 17:19:54,150 [main] INFO  grpc.GrpcFactory (GrpcFactory.java:checkPooledByteBufAllocatorUseCacheForAllThreads(45)) - PERFORMANCE WARNING: useCacheForAllThreads is true that may cause Netty to create a lot garbage objects and, as a result, trigger GC.
	It is recommended to disable useCacheForAllThreads by setting -Dorg.apache.ratis.thirdparty.io.netty.allocator.useCacheForAllThreads=false in command line.
2019-09-04 17:19:54,150 [main] INFO  grpc.GrpcConfigKeys$Server (ConfUtils.java:logGet(43)) - raft.grpc.server.port = 0 (default)
2019-09-04 17:19:54,150 [main] INFO  server.GrpcService (ConfUtils.java:logGet(43)) - raft.grpc.message.size.max = 33570816 (custom)
2019-09-04 17:19:54,150 [main] INFO  server.RaftServerConfigKeys (ConfUtils.java:logGet(43)) - raft.server.log.appender.buffer.byte-limit = 33554432 (custom)
2019-09-04 17:19:54,150 [main] INFO  server.GrpcService (ConfUtils.java:logGet(43)) - raft.grpc.flow.control.window = 1MB (=1048576) (default)
2019-09-04 17:19:54,150 [main] INFO  server.RaftServerConfigKeys (ConfUtils.java:logGet(43)) - raft.server.rpc.request.timeout = 3000ms (default)
2019-09-04 17:19:54,151 [main] INFO  server.RaftServerConfigKeys (ConfUtils.java:logGet(43)) - raft.server.storage.dir = [/workdir/hadoop-ozone/integration-test/target/test-dir/MiniOzoneClusterImpl-2f594647-c66f-4987-a195-77c452f53489/datanode-5/data/ratis] (custom)
2019-09-04 17:19:54,152 [main] INFO  hdfs.DFSUtil (DFSUtil.java:httpServerTemplateForNNAndJN(1641)) - Starting Web-server for hddsDatanode at: http://0.0.0.0:0
2019-09-04 17:19:54,153 [main] INFO  server.AuthenticationFilter (AuthenticationFilter.java:constructSecretProvider(240)) - Unable to initialize FileSignerSecretProvider, falling back to use random secrets.
2019-09-04 17:19:54,153 [main] WARN  http.HttpRequestLog (HttpRequestLog.java:getRequestLog(97)) - Jetty request log can only be enabled using Log4j
2019-09-04 17:19:54,154 [main] INFO  http.HttpServer2 (HttpServer2.java:addGlobalFilter(975)) - Added global filter 'safety' (class=org.apache.hadoop.http.HttpServer2$QuotingInputFilter)
2019-09-04 17:19:54,155 [main] INFO  http.HttpServer2 (HttpServer2.java:addFilter(948)) - Added filter static_user_filter (class=org.apache.hadoop.http.lib.StaticUserWebFilter$StaticUserFilter) to context hddsDatanode
2019-09-04 17:19:54,155 [main] INFO  http.HttpServer2 (HttpServer2.java:addFilter(958)) - Added filter static_user_filter (class=org.apache.hadoop.http.lib.StaticUserWebFilter$StaticUserFilter) to context logs
2019-09-04 17:19:54,155 [main] INFO  http.HttpServer2 (HttpServer2.java:addFilter(958)) - Added filter static_user_filter (class=org.apache.hadoop.http.lib.StaticUserWebFilter$StaticUserFilter) to context static
2019-09-04 17:19:54,156 [main] INFO  http.HttpServer2 (HttpServer2.java:bindListener(1191)) - Jetty bound to port 39321
2019-09-04 17:19:54,156 [main] INFO  server.Server (Server.java:doStart(351)) - jetty-9.3.24.v20180605, build timestamp: 2018-06-05T17:11:56Z, git hash: 84205aa28f11a4f31f2a3b86d1bba2cc8ab69827
2019-09-04 17:19:54,157 [main] INFO  handler.ContextHandler (ContextHandler.java:doStart(781)) - Started o.e.j.s.ServletContextHandler@70b48eb3{/logs,file:///workdir/hadoop-ozone/integration-test/target/log,AVAILABLE}
2019-09-04 17:19:54,158 [main] INFO  handler.ContextHandler (ContextHandler.java:doStart(781)) - Started o.e.j.s.ServletContextHandler@a91119b{/static,jar:file:/home/user/.m2/repository/org/apache/hadoop/hadoop-hdds-container-service/0.5.0-SNAPSHOT/hadoop-hdds-container-service-0.5.0-SNAPSHOT.jar!/webapps/static,AVAILABLE}
2019-09-04 17:19:54,184 [main] INFO  handler.ContextHandler (ContextHandler.java:doStart(781)) - Started o.e.j.w.WebAppContext@70d4f672{/,file:///tmp/jetty-0.0.0.0-39321-hddsDatanode-_-any-40663471153396505.dir/webapp/,AVAILABLE}{/hddsDatanode}
2019-09-04 17:19:54,184 [main] INFO  server.AbstractConnector (AbstractConnector.java:doStart(278)) - Started ServerConnector@68dfda77{HTTP/1.1,[http/1.1]}{0.0.0.0:39321}
2019-09-04 17:19:54,185 [main] INFO  server.Server (Server.java:doStart(419)) - Started @589615ms
2019-09-04 17:19:54,186 [main] WARN  impl.MetricsSystemImpl (MetricsSystemImpl.java:register(276)) - Sink prometheus already exists!
2019-09-04 17:19:54,187 [main] INFO  server.BaseHttpServer (BaseHttpServer.java:updateConnectorAddress(215)) - HTTP server of HDDSDATANODE is listening at http://0.0.0.0:39321
2019-09-04 17:19:54,187 [main] INFO  impl.MetricsSystemImpl (MetricsSystemImpl.java:init(158)) - HddsDatanode metrics system started (again)
2019-09-04 17:19:54,191 [org.apache.hadoop.util.JvmPauseMonitor$Monitor@36606fc6] INFO  util.JvmPauseMonitor (JvmPauseMonitor.java:run(188)) - Starting JVM pause monitor
2019-09-04 17:19:54,192 [main] INFO  ozone.HddsDatanodeService (HddsDatanodeService.java:start(184)) - HddsDatanodeService host:pr-hdds-1561-mdkws-1819952476 ip:192.168.34.57
2019-09-04 17:19:54,192 [Datanode State Machine Thread - 0] INFO  datanode.InitDatanodeState (InitDatanodeState.java:persistContainerDatanodeDetails(140)) - DatanodeDetails is persisted to /workdir/hadoop-ozone/integration-test/target/test-dir/MiniOzoneClusterImpl-2f594647-c66f-4987-a195-77c452f53489/datanode-5/meta/datanode.id
2019-09-04 17:19:54,198 [main] INFO  volume.HddsVolume (HddsVolume.java:<init>(176)) - Creating Volume: /workdir/hadoop-ozone/integration-test/target/test-dir/MiniOzoneClusterImpl-2f594647-c66f-4987-a195-77c452f53489/datanode-6/data/containers/hdds of  storage type : DISK and capacity : 1482555576320
2019-09-04 17:19:54,199 [main] INFO  volume.VolumeSet (VolumeSet.java:initializeVolumeSet(170)) - Added Volume : /workdir/hadoop-ozone/integration-test/target/test-dir/MiniOzoneClusterImpl-2f594647-c66f-4987-a195-77c452f53489/datanode-6/data/containers/hdds to VolumeSet
2019-09-04 17:19:54,199 [main] INFO  volume.ThrottledAsyncChecker (ThrottledAsyncChecker.java:schedule(140)) - Scheduling a check for org.apache.hadoop.ozone.container.common.volume.HddsVolume@5faeeb56
2019-09-04 17:19:54,199 [main] INFO  volume.HddsVolumeChecker (HddsVolumeChecker.java:checkAllVolumes(203)) - Scheduled health check for volume org.apache.hadoop.ozone.container.common.volume.HddsVolume@5faeeb56
2019-09-04 17:19:54,212 [main] INFO  impl.RaftServerProxy (ConfUtils.java:logGet(43)) - raft.rpc.type = GRPC (default)
2019-09-04 17:19:54,212 [main] INFO  grpc.GrpcFactory (GrpcFactory.java:checkPooledByteBufAllocatorUseCacheForAllThreads(45)) - PERFORMANCE WARNING: useCacheForAllThreads is true that may cause Netty to create a lot garbage objects and, as a result, trigger GC.
	It is recommended to disable useCacheForAllThreads by setting -Dorg.apache.ratis.thirdparty.io.netty.allocator.useCacheForAllThreads=false in command line.
2019-09-04 17:19:54,212 [main] INFO  grpc.GrpcConfigKeys$Server (ConfUtils.java:logGet(43)) - raft.grpc.server.port = 0 (default)
2019-09-04 17:19:54,212 [main] INFO  server.GrpcService (ConfUtils.java:logGet(43)) - raft.grpc.message.size.max = 33570816 (custom)
2019-09-04 17:19:54,213 [main] INFO  server.RaftServerConfigKeys (ConfUtils.java:logGet(43)) - raft.server.log.appender.buffer.byte-limit = 33554432 (custom)
2019-09-04 17:19:54,213 [main] INFO  server.GrpcService (ConfUtils.java:logGet(43)) - raft.grpc.flow.control.window = 1MB (=1048576) (default)
2019-09-04 17:19:54,213 [main] INFO  server.RaftServerConfigKeys (ConfUtils.java:logGet(43)) - raft.server.rpc.request.timeout = 3000ms (default)
2019-09-04 17:19:54,213 [main] INFO  server.RaftServerConfigKeys (ConfUtils.java:logGet(43)) - raft.server.storage.dir = [/workdir/hadoop-ozone/integration-test/target/test-dir/MiniOzoneClusterImpl-2f594647-c66f-4987-a195-77c452f53489/datanode-6/data/ratis] (custom)
2019-09-04 17:19:54,214 [main] INFO  hdfs.DFSUtil (DFSUtil.java:httpServerTemplateForNNAndJN(1641)) - Starting Web-server for hddsDatanode at: http://0.0.0.0:0
2019-09-04 17:19:54,215 [main] INFO  server.AuthenticationFilter (AuthenticationFilter.java:constructSecretProvider(240)) - Unable to initialize FileSignerSecretProvider, falling back to use random secrets.
2019-09-04 17:19:54,216 [main] WARN  http.HttpRequestLog (HttpRequestLog.java:getRequestLog(97)) - Jetty request log can only be enabled using Log4j
2019-09-04 17:19:54,217 [main] INFO  http.HttpServer2 (HttpServer2.java:addGlobalFilter(975)) - Added global filter 'safety' (class=org.apache.hadoop.http.HttpServer2$QuotingInputFilter)
2019-09-04 17:19:54,217 [main] INFO  http.HttpServer2 (HttpServer2.java:addFilter(948)) - Added filter static_user_filter (class=org.apache.hadoop.http.lib.StaticUserWebFilter$StaticUserFilter) to context hddsDatanode
2019-09-04 17:19:54,218 [main] INFO  http.HttpServer2 (HttpServer2.java:addFilter(958)) - Added filter static_user_filter (class=org.apache.hadoop.http.lib.StaticUserWebFilter$StaticUserFilter) to context static
2019-09-04 17:19:54,218 [main] INFO  http.HttpServer2 (HttpServer2.java:addFilter(958)) - Added filter static_user_filter (class=org.apache.hadoop.http.lib.StaticUserWebFilter$StaticUserFilter) to context logs
2019-09-04 17:19:54,218 [main] INFO  http.HttpServer2 (HttpServer2.java:bindListener(1191)) - Jetty bound to port 38772
2019-09-04 17:19:54,218 [main] INFO  server.Server (Server.java:doStart(351)) - jetty-9.3.24.v20180605, build timestamp: 2018-06-05T17:11:56Z, git hash: 84205aa28f11a4f31f2a3b86d1bba2cc8ab69827
2019-09-04 17:19:54,220 [main] INFO  handler.ContextHandler (ContextHandler.java:doStart(781)) - Started o.e.j.s.ServletContextHandler@7eb27768{/logs,file:///workdir/hadoop-ozone/integration-test/target/log,AVAILABLE}
2019-09-04 17:19:54,220 [main] INFO  handler.ContextHandler (ContextHandler.java:doStart(781)) - Started o.e.j.s.ServletContextHandler@5e3db14{/static,jar:file:/home/user/.m2/repository/org/apache/hadoop/hadoop-hdds-container-service/0.5.0-SNAPSHOT/hadoop-hdds-container-service-0.5.0-SNAPSHOT.jar!/webapps/static,AVAILABLE}
2019-09-04 17:19:54,246 [main] INFO  handler.ContextHandler (ContextHandler.java:doStart(781)) - Started o.e.j.w.WebAppContext@7841bd30{/,file:///tmp/jetty-0.0.0.0-38772-hddsDatanode-_-any-376541134727477367.dir/webapp/,AVAILABLE}{/hddsDatanode}
2019-09-04 17:19:54,247 [main] INFO  server.AbstractConnector (AbstractConnector.java:doStart(278)) - Started ServerConnector@45c80312{HTTP/1.1,[http/1.1]}{0.0.0.0:38772}
2019-09-04 17:19:54,252 [main] INFO  server.Server (Server.java:doStart(419)) - Started @589682ms
2019-09-04 17:19:54,252 [main] WARN  impl.MetricsSystemImpl (MetricsSystemImpl.java:register(276)) - Sink prometheus already exists!
2019-09-04 17:19:54,253 [main] INFO  server.BaseHttpServer (BaseHttpServer.java:updateConnectorAddress(215)) - HTTP server of HDDSDATANODE is listening at http://0.0.0.0:38772
2019-09-04 17:19:54,253 [main] INFO  ozone.MiniOzoneClusterImpl (MiniOzoneClusterImpl.java:lambda$waitForClusterToBeReady$0(140)) - Waiting for cluster to be ready. Got 0 of 7 DN Heartbeats.
2019-09-04 17:19:54,254 [org.apache.hadoop.util.JvmPauseMonitor$Monitor@58c0008d] INFO  util.JvmPauseMonitor (JvmPauseMonitor.java:run(188)) - Starting JVM pause monitor
2019-09-04 17:19:54,256 [Datanode State Machine Thread - 0] INFO  datanode.InitDatanodeState (InitDatanodeState.java:persistContainerDatanodeDetails(140)) - DatanodeDetails is persisted to /workdir/hadoop-ozone/integration-test/target/test-dir/MiniOzoneClusterImpl-2f594647-c66f-4987-a195-77c452f53489/datanode-6/meta/datanode.id
2019-09-04 17:19:55,254 [main] INFO  ozone.MiniOzoneClusterImpl (MiniOzoneClusterImpl.java:lambda$waitForClusterToBeReady$0(140)) - Waiting for cluster to be ready. Got 0 of 7 DN Heartbeats.
2019-09-04 17:19:55,914 [Datanode State Machine Thread - 0] INFO  ozoneimpl.OzoneContainer (OzoneContainer.java:start(202)) - Attempting to start container services.
2019-09-04 17:19:55,914 [Datanode State Machine Thread - 0] INFO  ozoneimpl.OzoneContainer (OzoneContainer.java:startContainerScrub(176)) - Background container scrubber has been disabled by hdds.containerscrub.enabled
2019-09-04 17:19:55,915 [Datanode State Machine Thread - 0] INFO  ratis.XceiverServerRatis (XceiverServerRatis.java:start(403)) - Starting XceiverServerRatis a216e3c9-ad4a-49a6-bccb-13260cb54294 at port 0
2019-09-04 17:19:55,925 [Datanode State Machine Thread - 0] INFO  impl.RaftServerProxy (RaftServerProxy.java:lambda$start$3(299)) - a216e3c9-ad4a-49a6-bccb-13260cb54294: start RPC server
2019-09-04 17:19:55,928 [Datanode State Machine Thread - 0] INFO  server.GrpcService (GrpcService.java:startImpl(158)) - a216e3c9-ad4a-49a6-bccb-13260cb54294: GrpcService started, listening on 0.0.0.0/0.0.0.0:36441
2019-09-04 17:19:55,928 [Datanode State Machine Thread - 0] INFO  ratis.XceiverServerRatis (XceiverServerRatis.java:start(413)) - XceiverServerRatis a216e3c9-ad4a-49a6-bccb-13260cb54294 is started using port 36441
2019-09-04 17:19:55,930 [Datanode State Machine Thread - 0] INFO  server.XceiverServerGrpc (XceiverServerGrpc.java:start(163)) - XceiverServerGrpc a216e3c9-ad4a-49a6-bccb-13260cb54294 is started using port 45845
2019-09-04 17:19:55,966 [Datanode State Machine Thread - 0] INFO  ozoneimpl.OzoneContainer (OzoneContainer.java:start(202)) - Attempting to start container services.
2019-09-04 17:19:55,967 [Datanode State Machine Thread - 0] INFO  ozoneimpl.OzoneContainer (OzoneContainer.java:startContainerScrub(176)) - Background container scrubber has been disabled by hdds.containerscrub.enabled
2019-09-04 17:19:55,967 [Datanode State Machine Thread - 0] INFO  ratis.XceiverServerRatis (XceiverServerRatis.java:start(403)) - Starting XceiverServerRatis fa649949-58de-4ced-9a7b-783533430b79 at port 0
2019-09-04 17:19:55,974 [Datanode State Machine Thread - 0] INFO  impl.RaftServerProxy (RaftServerProxy.java:lambda$start$3(299)) - fa649949-58de-4ced-9a7b-783533430b79: start RPC server
2019-09-04 17:19:55,974 [Datanode State Machine Thread - 0] INFO  server.GrpcService (GrpcService.java:startImpl(158)) - fa649949-58de-4ced-9a7b-783533430b79: GrpcService started, listening on 0.0.0.0/0.0.0.0:42273
2019-09-04 17:19:55,974 [Datanode State Machine Thread - 0] INFO  ratis.XceiverServerRatis (XceiverServerRatis.java:start(413)) - XceiverServerRatis fa649949-58de-4ced-9a7b-783533430b79 is started using port 42273
2019-09-04 17:19:55,977 [Datanode State Machine Thread - 0] INFO  server.XceiverServerGrpc (XceiverServerGrpc.java:start(163)) - XceiverServerGrpc fa649949-58de-4ced-9a7b-783533430b79 is started using port 38297
2019-09-04 17:19:56,023 [Datanode State Machine Thread - 0] INFO  ozoneimpl.OzoneContainer (OzoneContainer.java:start(202)) - Attempting to start container services.
2019-09-04 17:19:56,023 [Datanode State Machine Thread - 0] INFO  ozoneimpl.OzoneContainer (OzoneContainer.java:startContainerScrub(176)) - Background container scrubber has been disabled by hdds.containerscrub.enabled
2019-09-04 17:19:56,024 [Datanode State Machine Thread - 0] INFO  ratis.XceiverServerRatis (XceiverServerRatis.java:start(403)) - Starting XceiverServerRatis 80fd7bfd-9dae-4508-ab2c-21300ce3d3c9 at port 0
2019-09-04 17:19:56,034 [Datanode State Machine Thread - 0] INFO  impl.RaftServerProxy (RaftServerProxy.java:lambda$start$3(299)) - 80fd7bfd-9dae-4508-ab2c-21300ce3d3c9: start RPC server
2019-09-04 17:19:56,037 [Datanode State Machine Thread - 0] INFO  server.GrpcService (GrpcService.java:startImpl(158)) - 80fd7bfd-9dae-4508-ab2c-21300ce3d3c9: GrpcService started, listening on 0.0.0.0/0.0.0.0:35969
2019-09-04 17:19:56,037 [Datanode State Machine Thread - 0] INFO  ratis.XceiverServerRatis (XceiverServerRatis.java:start(413)) - XceiverServerRatis 80fd7bfd-9dae-4508-ab2c-21300ce3d3c9 is started using port 35969
2019-09-04 17:19:56,038 [Datanode State Machine Thread - 0] INFO  server.XceiverServerGrpc (XceiverServerGrpc.java:start(163)) - XceiverServerGrpc 80fd7bfd-9dae-4508-ab2c-21300ce3d3c9 is started using port 39996
2019-09-04 17:19:56,083 [Datanode State Machine Thread - 0] INFO  ozoneimpl.OzoneContainer (OzoneContainer.java:start(202)) - Attempting to start container services.
2019-09-04 17:19:56,083 [Datanode State Machine Thread - 0] INFO  ozoneimpl.OzoneContainer (OzoneContainer.java:startContainerScrub(176)) - Background container scrubber has been disabled by hdds.containerscrub.enabled
2019-09-04 17:19:56,084 [Datanode State Machine Thread - 0] INFO  ratis.XceiverServerRatis (XceiverServerRatis.java:start(403)) - Starting XceiverServerRatis 305120e2-ed04-4093-b8eb-15d639fdaf7c at port 0
2019-09-04 17:19:56,091 [Datanode State Machine Thread - 0] INFO  impl.RaftServerProxy (RaftServerProxy.java:lambda$start$3(299)) - 305120e2-ed04-4093-b8eb-15d639fdaf7c: start RPC server
2019-09-04 17:19:56,092 [Datanode State Machine Thread - 0] INFO  server.GrpcService (GrpcService.java:startImpl(158)) - 305120e2-ed04-4093-b8eb-15d639fdaf7c: GrpcService started, listening on 0.0.0.0/0.0.0.0:34116
2019-09-04 17:19:56,092 [Datanode State Machine Thread - 0] INFO  ratis.XceiverServerRatis (XceiverServerRatis.java:start(413)) - XceiverServerRatis 305120e2-ed04-4093-b8eb-15d639fdaf7c is started using port 34116
2019-09-04 17:19:56,093 [Datanode State Machine Thread - 0] INFO  server.XceiverServerGrpc (XceiverServerGrpc.java:start(163)) - XceiverServerGrpc 305120e2-ed04-4093-b8eb-15d639fdaf7c is started using port 36495
2019-09-04 17:19:56,144 [Datanode State Machine Thread - 0] INFO  ozoneimpl.OzoneContainer (OzoneContainer.java:start(202)) - Attempting to start container services.
2019-09-04 17:19:56,144 [Datanode State Machine Thread - 0] INFO  ozoneimpl.OzoneContainer (OzoneContainer.java:startContainerScrub(176)) - Background container scrubber has been disabled by hdds.containerscrub.enabled
2019-09-04 17:19:56,144 [Datanode State Machine Thread - 0] INFO  ratis.XceiverServerRatis (XceiverServerRatis.java:start(403)) - Starting XceiverServerRatis 986dd48b-ab2d-4dda-bcfc-6b1c0b2b378a at port 0
2019-09-04 17:19:56,153 [Datanode State Machine Thread - 0] INFO  impl.RaftServerProxy (RaftServerProxy.java:lambda$start$3(299)) - 986dd48b-ab2d-4dda-bcfc-6b1c0b2b378a: start RPC server
2019-09-04 17:19:56,154 [Datanode State Machine Thread - 0] INFO  server.GrpcService (GrpcService.java:startImpl(158)) - 986dd48b-ab2d-4dda-bcfc-6b1c0b2b378a: GrpcService started, listening on 0.0.0.0/0.0.0.0:41714
2019-09-04 17:19:56,154 [Datanode State Machine Thread - 0] INFO  ratis.XceiverServerRatis (XceiverServerRatis.java:start(413)) - XceiverServerRatis 986dd48b-ab2d-4dda-bcfc-6b1c0b2b378a is started using port 41714
2019-09-04 17:19:56,155 [Datanode State Machine Thread - 0] INFO  server.XceiverServerGrpc (XceiverServerGrpc.java:start(163)) - XceiverServerGrpc 986dd48b-ab2d-4dda-bcfc-6b1c0b2b378a is started using port 33728
2019-09-04 17:19:56,205 [Datanode State Machine Thread - 0] INFO  ozoneimpl.OzoneContainer (OzoneContainer.java:start(202)) - Attempting to start container services.
2019-09-04 17:19:56,205 [Datanode State Machine Thread - 0] INFO  ozoneimpl.OzoneContainer (OzoneContainer.java:startContainerScrub(176)) - Background container scrubber has been disabled by hdds.containerscrub.enabled
2019-09-04 17:19:56,205 [Datanode State Machine Thread - 0] INFO  ratis.XceiverServerRatis (XceiverServerRatis.java:start(403)) - Starting XceiverServerRatis e1b16608-d523-4d5d-af4b-b418ef86114b at port 0
2019-09-04 17:19:56,213 [Datanode State Machine Thread - 0] INFO  impl.RaftServerProxy (RaftServerProxy.java:lambda$start$3(299)) - e1b16608-d523-4d5d-af4b-b418ef86114b: start RPC server
2019-09-04 17:19:56,214 [Datanode State Machine Thread - 0] INFO  server.GrpcService (GrpcService.java:startImpl(158)) - e1b16608-d523-4d5d-af4b-b418ef86114b: GrpcService started, listening on 0.0.0.0/0.0.0.0:33788
2019-09-04 17:19:56,214 [Datanode State Machine Thread - 0] INFO  ratis.XceiverServerRatis (XceiverServerRatis.java:start(413)) - XceiverServerRatis e1b16608-d523-4d5d-af4b-b418ef86114b is started using port 33788
2019-09-04 17:19:56,229 [Datanode State Machine Thread - 0] INFO  server.XceiverServerGrpc (XceiverServerGrpc.java:start(163)) - XceiverServerGrpc e1b16608-d523-4d5d-af4b-b418ef86114b is started using port 39633
2019-09-04 17:19:56,255 [main] INFO  ozone.MiniOzoneClusterImpl (MiniOzoneClusterImpl.java:lambda$waitForClusterToBeReady$0(140)) - Waiting for cluster to be ready. Got 0 of 7 DN Heartbeats.
2019-09-04 17:19:56,281 [Datanode State Machine Thread - 0] INFO  ozoneimpl.OzoneContainer (OzoneContainer.java:start(202)) - Attempting to start container services.
2019-09-04 17:19:56,281 [Datanode State Machine Thread - 0] INFO  ozoneimpl.OzoneContainer (OzoneContainer.java:startContainerScrub(176)) - Background container scrubber has been disabled by hdds.containerscrub.enabled
2019-09-04 17:19:56,281 [Datanode State Machine Thread - 0] INFO  ratis.XceiverServerRatis (XceiverServerRatis.java:start(403)) - Starting XceiverServerRatis cb36962c-e1d1-471d-89a7-03694d45c07b at port 0
2019-09-04 17:19:56,288 [Datanode State Machine Thread - 0] INFO  impl.RaftServerProxy (RaftServerProxy.java:lambda$start$3(299)) - cb36962c-e1d1-471d-89a7-03694d45c07b: start RPC server
2019-09-04 17:19:56,290 [Datanode State Machine Thread - 0] INFO  server.GrpcService (GrpcService.java:startImpl(158)) - cb36962c-e1d1-471d-89a7-03694d45c07b: GrpcService started, listening on 0.0.0.0/0.0.0.0:35025
2019-09-04 17:19:56,290 [Datanode State Machine Thread - 0] INFO  ratis.XceiverServerRatis (XceiverServerRatis.java:start(413)) - XceiverServerRatis cb36962c-e1d1-471d-89a7-03694d45c07b is started using port 35025
2019-09-04 17:19:56,290 [Datanode State Machine Thread - 0] INFO  server.XceiverServerGrpc (XceiverServerGrpc.java:start(163)) - XceiverServerGrpc cb36962c-e1d1-471d-89a7-03694d45c07b is started using port 41837
2019-09-04 17:19:57,257 [main] INFO  ozone.MiniOzoneClusterImpl (MiniOzoneClusterImpl.java:lambda$waitForClusterToBeReady$0(140)) - Waiting for cluster to be ready. Got 0 of 7 DN Heartbeats.
2019-09-04 17:19:57,898 [IPC Server handler 0 on 41007] INFO  net.NetworkTopology (NetworkTopologyImpl.java:add(110)) - Added a new node: /default-rack/a216e3c9-ad4a-49a6-bccb-13260cb54294
2019-09-04 17:19:57,901 [IPC Server handler 0 on 41007] INFO  node.SCMNodeManager (SCMNodeManager.java:register(266)) - Registered Data node : a216e3c9-ad4a-49a6-bccb-13260cb54294{ip: 192.168.34.57, host: pr-hdds-1561-mdkws-1819952476, networkLocation: /default-rack, certSerialId: null}
2019-09-04 17:19:57,902 [EventQueue-NodeRegistrationContainerReportForDataNodeSafeModeRule] INFO  safemode.SCMSafeModeManager (DataNodeSafeModeRule.java:process(71)) - SCM in safe mode. 1 DataNodes registered, 1 required.
2019-09-04 17:19:57,905 [EventQueue-NodeRegistrationContainerReportForDataNodeSafeModeRule] INFO  safemode.SCMSafeModeManager (SCMSafeModeManager.java:validateSafeModeExitRules(177)) - ScmSafeModeManager, all rules are successfully validated
2019-09-04 17:19:57,905 [EventQueue-NodeRegistrationContainerReportForDataNodeSafeModeRule] INFO  safemode.SCMSafeModeManager (SCMSafeModeManager.java:exitSafeMode(193)) - SCM exiting safe mode.
2019-09-04 17:19:57,918 [grpc-default-executor-16] INFO  impl.RaftServerProxy (RaftServerProxy.java:addNew(89)) - a216e3c9-ad4a-49a6-bccb-13260cb54294: addNew group-9DB079CF1962:[a216e3c9-ad4a-49a6-bccb-13260cb54294:192.168.34.57:36441] returns group-9DB079CF1962:java.util.concurrent.CompletableFuture@3a6427e6[Not completed]
2019-09-04 17:19:57,921 [pool-409-thread-1] INFO  impl.RaftServerImpl (RaftServerImpl.java:<init>(95)) - a216e3c9-ad4a-49a6-bccb-13260cb54294: new RaftServerImpl for group-9DB079CF1962:[a216e3c9-ad4a-49a6-bccb-13260cb54294:192.168.34.57:36441] with ContainerStateMachine:uninitialized
2019-09-04 17:19:57,921 [pool-409-thread-1] INFO  server.RaftServerConfigKeys (ConfUtils.java:logGet(43)) - raft.server.rpc.timeout.min = 5s (custom)
2019-09-04 17:19:57,921 [pool-409-thread-1] INFO  server.RaftServerConfigKeys (ConfUtils.java:logGet(43)) - raft.server.rpc.timeout.max = 5200ms (custom)
2019-09-04 17:19:57,921 [pool-409-thread-1] INFO  server.RaftServerConfigKeys (ConfUtils.java:logGet(43)) - raft.server.rpcslowness.timeout = 120s (custom)
2019-09-04 17:19:57,921 [pool-409-thread-1] INFO  server.RaftServerConfigKeys (ConfUtils.java:logGet(43)) - raft.server.sleep.deviation.threshold = 300 (default)
2019-09-04 17:19:57,922 [pool-409-thread-1] INFO  server.RaftServerConfigKeys (ConfUtils.java:logGet(43)) - raft.server.log.appender.install.snapshot.enabled = false (custom)
2019-09-04 17:19:57,922 [pool-409-thread-1] INFO  impl.RaftServerImpl (ServerState.java:<init>(103)) - a216e3c9-ad4a-49a6-bccb-13260cb54294@group-9DB079CF1962: ConfigurationManager, init=-1: [a216e3c9-ad4a-49a6-bccb-13260cb54294:192.168.34.57:36441], old=null, confs=<EMPTY_MAP>
2019-09-04 17:19:57,922 [pool-409-thread-1] INFO  server.RaftServerConfigKeys (ConfUtils.java:logGet(43)) - raft.server.storage.dir = [/workdir/hadoop-ozone/integration-test/target/test-dir/MiniOzoneClusterImpl-2f594647-c66f-4987-a195-77c452f53489/datanode-0/data/ratis] (custom)
2019-09-04 17:19:57,923 [pool-409-thread-1] INFO  storage.RaftStorageDirectory (RaftStorageDirectory.java:analyzeStorage(246)) - The storage directory /workdir/hadoop-ozone/integration-test/target/test-dir/MiniOzoneClusterImpl-2f594647-c66f-4987-a195-77c452f53489/datanode-0/data/ratis/4f2f449b-9e20-4b9f-aef7-9db079cf1962 does not exist. Creating ...
2019-09-04 17:19:57,937 [pool-409-thread-1] INFO  storage.RaftStorageDirectory (RaftStorageDirectory.java:tryLock(328)) - Lock on /workdir/hadoop-ozone/integration-test/target/test-dir/MiniOzoneClusterImpl-2f594647-c66f-4987-a195-77c452f53489/datanode-0/data/ratis/4f2f449b-9e20-4b9f-aef7-9db079cf1962/in_use.lock acquired by nodename 3098@pr-hdds-1561-mdkws-1819952476
2019-09-04 17:19:57,950 [pool-409-thread-1] INFO  storage.RaftStorage (RaftStorage.java:format(72)) - Storage directory /workdir/hadoop-ozone/integration-test/target/test-dir/MiniOzoneClusterImpl-2f594647-c66f-4987-a195-77c452f53489/datanode-0/data/ratis/4f2f449b-9e20-4b9f-aef7-9db079cf1962 has been successfully formatted.
2019-09-04 17:19:57,950 [pool-409-thread-1] INFO  ratis.ContainerStateMachine (ContainerStateMachine.java:loadSnapshot(232)) - group-9DB079CF1962: The snapshot info is null. Setting the last applied indexto:(t:0, i:~)
2019-09-04 17:19:57,950 [pool-409-thread-1] INFO  server.RaftServerConfigKeys (ConfUtils.java:logGet(43)) - raft.server.notification.no-leader.timeout = 120s (custom)
2019-09-04 17:19:57,951 [pool-409-thread-1] INFO  server.RaftServerConfigKeys (ConfUtils.java:logGet(43)) - raft.server.log.use.memory = false (default)
2019-09-04 17:19:57,951 [pool-409-thread-1] INFO  server.RaftServerConfigKeys (ConfUtils.java:logGet(43)) - raft.server.log.purge.gap = 1000000 (custom)
2019-09-04 17:19:57,951 [pool-409-thread-1] INFO  server.RaftServerConfigKeys (ConfUtils.java:logGet(43)) - raft.server.log.appender.buffer.byte-limit = 33554432 (custom)
2019-09-04 17:19:57,951 [pool-409-thread-1] INFO  server.RaftServerConfigKeys (ConfUtils.java:logGet(43)) - raft.server.log.segment.size.max = 1048576 (custom)
2019-09-04 17:19:57,952 [pool-409-thread-1] INFO  server.RaftServerConfigKeys (ConfUtils.java:logGet(43)) - raft.server.log.segment.cache.num.max = 2 (custom)
2019-09-04 17:19:57,952 [pool-409-thread-1] INFO  segmented.SegmentedRaftLogWorker (SegmentedRaftLogWorker.java:<init>(172)) - new a216e3c9-ad4a-49a6-bccb-13260cb54294@group-9DB079CF1962-SegmentedRaftLogWorker for RaftStorage:Storage Directory /workdir/hadoop-ozone/integration-test/target/test-dir/MiniOzoneClusterImpl-2f594647-c66f-4987-a195-77c452f53489/datanode-0/data/ratis/4f2f449b-9e20-4b9f-aef7-9db079cf1962
2019-09-04 17:19:57,952 [IPC Server handler 2 on 41007] INFO  net.NetworkTopology (NetworkTopologyImpl.java:add(110)) - Added a new node: /default-rack/fa649949-58de-4ced-9a7b-783533430b79
2019-09-04 17:19:57,952 [IPC Server handler 2 on 41007] INFO  node.SCMNodeManager (SCMNodeManager.java:register(266)) - Registered Data node : fa649949-58de-4ced-9a7b-783533430b79{ip: 192.168.34.57, host: pr-hdds-1561-mdkws-1819952476, networkLocation: /default-rack, certSerialId: null}
2019-09-04 17:19:57,954 [pool-409-thread-1] INFO  server.RaftServerConfigKeys (ConfUtils.java:logGet(43)) - raft.server.log.queue.byte-limit = 2147483647 (custom)
2019-09-04 17:19:57,954 [pool-409-thread-1] INFO  server.RaftServerConfigKeys (ConfUtils.java:logGet(43)) - raft.server.log.queue.element-limit = 1024 (custom)
2019-09-04 17:19:57,954 [pool-409-thread-1] INFO  server.RaftServerConfigKeys (ConfUtils.java:logGet(43)) - raft.server.log.segment.size.max = 1048576 (custom)
2019-09-04 17:19:57,955 [pool-409-thread-1] INFO  server.RaftServerConfigKeys (ConfUtils.java:logGet(43)) - raft.server.log.preallocated.size = 16384 (custom)
2019-09-04 17:19:57,955 [pool-409-thread-1] INFO  server.RaftServerConfigKeys (ConfUtils.java:logGet(43)) - raft.server.log.write.buffer.size = 33554432 (custom)
2019-09-04 17:19:57,955 [pool-409-thread-1] INFO  server.RaftServerConfigKeys (ConfUtils.java:logGet(43)) - raft.server.log.force.sync.num = 128 (default)
2019-09-04 17:19:57,955 [pool-409-thread-1] INFO  server.RaftServerConfigKeys (ConfUtils.java:logGet(43)) - raft.server.log.statemachine.data.sync = true (default)
2019-09-04 17:19:57,955 [pool-409-thread-1] INFO  server.RaftServerConfigKeys (ConfUtils.java:logGet(43)) - raft.server.log.statemachine.data.sync.timeout = 10s (default)
2019-09-04 17:19:57,955 [pool-409-thread-1] INFO  server.RaftServerConfigKeys (ConfUtils.java:logGet(43)) - raft.server.log.statemachine.data.sync.timeout.retry = -1 (default)
2019-09-04 17:19:57,956 [pool-409-thread-1] INFO  server.RaftServerConfigKeys (ConfUtils.java:logGet(43)) - raft.server.log.statemachine.data.caching.enabled = true (custom)
2019-09-04 17:19:57,956 [pool-409-thread-1] INFO  segmented.SegmentedRaftLogWorker (SegmentedRaftLogWorker.java:lambda$new$0(132)) - a216e3c9-ad4a-49a6-bccb-13260cb54294@group-9DB079CF1962-SegmentedRaftLogWorker: flushIndex: setUnconditionally 0 -> -1
2019-09-04 17:19:57,957 [pool-409-thread-1] INFO  server.RaftServerConfigKeys (ConfUtils.java:logGet(43)) - raft.server.snapshot.auto.trigger.enabled = true (custom)
2019-09-04 17:19:57,957 [pool-409-thread-1] INFO  server.RaftServerConfigKeys (ConfUtils.java:logGet(43)) - raft.server.snapshot.auto.trigger.threshold = 10000 (custom)
2019-09-04 17:19:57,957 [pool-409-thread-1] INFO  server.RaftServerConfigKeys (ConfUtils.java:logGet(43)) - raft.server.snapshot.retention.num.files = -1 (default)
2019-09-04 17:19:57,957 [pool-409-thread-1] INFO  server.RaftServerConfigKeys (ConfUtils.java:logGet(43)) - raft.server.retrycache.expirytime = 600000ms (custom)
2019-09-04 17:19:57,959 [pool-409-thread-1] INFO  impl.RaftServerImpl (RaftServerImpl.java:start(185)) - a216e3c9-ad4a-49a6-bccb-13260cb54294@group-9DB079CF1962: start as a follower, conf=-1: [a216e3c9-ad4a-49a6-bccb-13260cb54294:192.168.34.57:36441], old=null
2019-09-04 17:19:57,959 [pool-409-thread-1] INFO  impl.RaftServerImpl (RaftServerImpl.java:setRole(174)) - a216e3c9-ad4a-49a6-bccb-13260cb54294@group-9DB079CF1962: changes role from      null to FOLLOWER at term 0 for startAsFollower
2019-09-04 17:19:57,959 [pool-409-thread-1] INFO  impl.RoleInfo (RoleInfo.java:updateAndGet(143)) - a216e3c9-ad4a-49a6-bccb-13260cb54294: start FollowerState
2019-09-04 17:19:57,960 [pool-409-thread-1] INFO  util.JmxRegister (JmxRegister.java:tryRegister(44)) - Successfully registered JMX Bean with object name Ratis:service=RaftServer,group=group-9DB079CF1962,id=a216e3c9-ad4a-49a6-bccb-13260cb54294
2019-09-04 17:19:57,971 [RatisPipelineUtilsThread] INFO  pipeline.PipelineStateManager (PipelineStateManager.java:addPipeline(56)) - Created pipeline Pipeline[ Id: 4f2f449b-9e20-4b9f-aef7-9db079cf1962, Nodes: a216e3c9-ad4a-49a6-bccb-13260cb54294{ip: 192.168.34.57, host: pr-hdds-1561-mdkws-1819952476, networkLocation: /default-rack, certSerialId: null}, Type:RATIS, Factor:ONE, State:OPEN]
2019-09-04 17:19:57,977 [grpc-default-executor-16] INFO  impl.RaftServerProxy (RaftServerProxy.java:addNew(89)) - fa649949-58de-4ced-9a7b-783533430b79: addNew group-248FC2046289:[fa649949-58de-4ced-9a7b-783533430b79:192.168.34.57:42273] returns group-248FC2046289:java.util.concurrent.CompletableFuture@50fbb67f[Not completed]
2019-09-04 17:19:57,979 [pool-419-thread-1] INFO  impl.RaftServerImpl (RaftServerImpl.java:<init>(95)) - fa649949-58de-4ced-9a7b-783533430b79: new RaftServerImpl for group-248FC2046289:[fa649949-58de-4ced-9a7b-783533430b79:192.168.34.57:42273] with ContainerStateMachine:uninitialized
2019-09-04 17:19:57,979 [pool-419-thread-1] INFO  server.RaftServerConfigKeys (ConfUtils.java:logGet(43)) - raft.server.rpc.timeout.min = 5s (custom)
2019-09-04 17:19:57,979 [pool-419-thread-1] INFO  server.RaftServerConfigKeys (ConfUtils.java:logGet(43)) - raft.server.rpc.timeout.max = 5200ms (custom)
2019-09-04 17:19:57,979 [pool-419-thread-1] INFO  server.RaftServerConfigKeys (ConfUtils.java:logGet(43)) - raft.server.rpcslowness.timeout = 120s (custom)
2019-09-04 17:19:57,979 [pool-419-thread-1] INFO  server.RaftServerConfigKeys (ConfUtils.java:logGet(43)) - raft.server.sleep.deviation.threshold = 300 (default)
2019-09-04 17:19:57,979 [pool-419-thread-1] INFO  server.RaftServerConfigKeys (ConfUtils.java:logGet(43)) - raft.server.log.appender.install.snapshot.enabled = false (custom)
2019-09-04 17:19:57,980 [pool-419-thread-1] INFO  impl.RaftServerImpl (ServerState.java:<init>(103)) - fa649949-58de-4ced-9a7b-783533430b79@group-248FC2046289: ConfigurationManager, init=-1: [fa649949-58de-4ced-9a7b-783533430b79:192.168.34.57:42273], old=null, confs=<EMPTY_MAP>
2019-09-04 17:19:57,980 [pool-419-thread-1] INFO  server.RaftServerConfigKeys (ConfUtils.java:logGet(43)) - raft.server.storage.dir = [/workdir/hadoop-ozone/integration-test/target/test-dir/MiniOzoneClusterImpl-2f594647-c66f-4987-a195-77c452f53489/datanode-1/data/ratis] (custom)
2019-09-04 17:19:57,980 [pool-419-thread-1] INFO  storage.RaftStorageDirectory (RaftStorageDirectory.java:analyzeStorage(246)) - The storage directory /workdir/hadoop-ozone/integration-test/target/test-dir/MiniOzoneClusterImpl-2f594647-c66f-4987-a195-77c452f53489/datanode-1/data/ratis/b6b8e654-9ea8-4537-bd0d-248fc2046289 does not exist. Creating ...
2019-09-04 17:19:57,994 [pool-419-thread-1] INFO  storage.RaftStorageDirectory (RaftStorageDirectory.java:tryLock(328)) - Lock on /workdir/hadoop-ozone/integration-test/target/test-dir/MiniOzoneClusterImpl-2f594647-c66f-4987-a195-77c452f53489/datanode-1/data/ratis/b6b8e654-9ea8-4537-bd0d-248fc2046289/in_use.lock acquired by nodename 3098@pr-hdds-1561-mdkws-1819952476
2019-09-04 17:19:58,008 [pool-419-thread-1] INFO  storage.RaftStorage (RaftStorage.java:format(72)) - Storage directory /workdir/hadoop-ozone/integration-test/target/test-dir/MiniOzoneClusterImpl-2f594647-c66f-4987-a195-77c452f53489/datanode-1/data/ratis/b6b8e654-9ea8-4537-bd0d-248fc2046289 has been successfully formatted.
2019-09-04 17:19:58,008 [pool-419-thread-1] INFO  ratis.ContainerStateMachine (ContainerStateMachine.java:loadSnapshot(232)) - group-248FC2046289: The snapshot info is null. Setting the last applied indexto:(t:0, i:~)
2019-09-04 17:19:58,008 [pool-419-thread-1] INFO  server.RaftServerConfigKeys (ConfUtils.java:logGet(43)) - raft.server.notification.no-leader.timeout = 120s (custom)
2019-09-04 17:19:58,008 [pool-419-thread-1] INFO  server.RaftServerConfigKeys (ConfUtils.java:logGet(43)) - raft.server.log.use.memory = false (default)
2019-09-04 17:19:58,008 [pool-419-thread-1] INFO  server.RaftServerConfigKeys (ConfUtils.java:logGet(43)) - raft.server.log.purge.gap = 1000000 (custom)
2019-09-04 17:19:58,008 [pool-419-thread-1] INFO  server.RaftServerConfigKeys (ConfUtils.java:logGet(43)) - raft.server.log.appender.buffer.byte-limit = 33554432 (custom)
2019-09-04 17:19:58,009 [pool-419-thread-1] INFO  server.RaftServerConfigKeys (ConfUtils.java:logGet(43)) - raft.server.log.segment.size.max = 1048576 (custom)
2019-09-04 17:19:58,009 [pool-419-thread-1] INFO  server.RaftServerConfigKeys (ConfUtils.java:logGet(43)) - raft.server.log.segment.cache.num.max = 2 (custom)
2019-09-04 17:19:58,009 [pool-419-thread-1] INFO  segmented.SegmentedRaftLogWorker (SegmentedRaftLogWorker.java:<init>(172)) - new fa649949-58de-4ced-9a7b-783533430b79@group-248FC2046289-SegmentedRaftLogWorker for RaftStorage:Storage Directory /workdir/hadoop-ozone/integration-test/target/test-dir/MiniOzoneClusterImpl-2f594647-c66f-4987-a195-77c452f53489/datanode-1/data/ratis/b6b8e654-9ea8-4537-bd0d-248fc2046289
2019-09-04 17:19:58,010 [IPC Server handler 3 on 41007] INFO  net.NetworkTopology (NetworkTopologyImpl.java:add(110)) - Added a new node: /default-rack/80fd7bfd-9dae-4508-ab2c-21300ce3d3c9
2019-09-04 17:19:58,011 [IPC Server handler 3 on 41007] INFO  node.SCMNodeManager (SCMNodeManager.java:register(266)) - Registered Data node : 80fd7bfd-9dae-4508-ab2c-21300ce3d3c9{ip: 192.168.34.57, host: pr-hdds-1561-mdkws-1819952476, networkLocation: /default-rack, certSerialId: null}
2019-09-04 17:19:58,011 [pool-419-thread-1] INFO  server.RaftServerConfigKeys (ConfUtils.java:logGet(43)) - raft.server.log.queue.byte-limit = 2147483647 (custom)
2019-09-04 17:19:58,011 [pool-419-thread-1] INFO  server.RaftServerConfigKeys (ConfUtils.java:logGet(43)) - raft.server.log.queue.element-limit = 1024 (custom)
2019-09-04 17:19:58,011 [pool-419-thread-1] INFO  server.RaftServerConfigKeys (ConfUtils.java:logGet(43)) - raft.server.log.segment.size.max = 1048576 (custom)
2019-09-04 17:19:58,012 [pool-419-thread-1] INFO  server.RaftServerConfigKeys (ConfUtils.java:logGet(43)) - raft.server.log.preallocated.size = 16384 (custom)
2019-09-04 17:19:58,012 [pool-419-thread-1] INFO  server.RaftServerConfigKeys (ConfUtils.java:logGet(43)) - raft.server.log.write.buffer.size = 33554432 (custom)
2019-09-04 17:19:58,012 [pool-419-thread-1] INFO  server.RaftServerConfigKeys (ConfUtils.java:logGet(43)) - raft.server.log.force.sync.num = 128 (default)
2019-09-04 17:19:58,012 [pool-419-thread-1] INFO  server.RaftServerConfigKeys (ConfUtils.java:logGet(43)) - raft.server.log.statemachine.data.sync = true (default)
2019-09-04 17:19:58,012 [pool-419-thread-1] INFO  server.RaftServerConfigKeys (ConfUtils.java:logGet(43)) - raft.server.log.statemachine.data.sync.timeout = 10s (default)
2019-09-04 17:19:58,012 [pool-419-thread-1] INFO  server.RaftServerConfigKeys (ConfUtils.java:logGet(43)) - raft.server.log.statemachine.data.sync.timeout.retry = -1 (default)
2019-09-04 17:19:58,012 [pool-419-thread-1] INFO  server.RaftServerConfigKeys (ConfUtils.java:logGet(43)) - raft.server.log.statemachine.data.caching.enabled = true (custom)
2019-09-04 17:19:58,013 [pool-419-thread-1] INFO  segmented.SegmentedRaftLogWorker (SegmentedRaftLogWorker.java:lambda$new$0(132)) - fa649949-58de-4ced-9a7b-783533430b79@group-248FC2046289-SegmentedRaftLogWorker: flushIndex: setUnconditionally 0 -> -1
2019-09-04 17:19:58,014 [pool-419-thread-1] INFO  server.RaftServerConfigKeys (ConfUtils.java:logGet(43)) - raft.server.snapshot.auto.trigger.enabled = true (custom)
2019-09-04 17:19:58,014 [pool-419-thread-1] INFO  server.RaftServerConfigKeys (ConfUtils.java:logGet(43)) - raft.server.snapshot.auto.trigger.threshold = 10000 (custom)
2019-09-04 17:19:58,014 [pool-419-thread-1] INFO  server.RaftServerConfigKeys (ConfUtils.java:logGet(43)) - raft.server.snapshot.retention.num.files = -1 (default)
2019-09-04 17:19:58,014 [pool-419-thread-1] INFO  server.RaftServerConfigKeys (ConfUtils.java:logGet(43)) - raft.server.retrycache.expirytime = 600000ms (custom)
2019-09-04 17:19:58,016 [pool-419-thread-1] INFO  impl.RaftServerImpl (RaftServerImpl.java:start(185)) - fa649949-58de-4ced-9a7b-783533430b79@group-248FC2046289: start as a follower, conf=-1: [fa649949-58de-4ced-9a7b-783533430b79:192.168.34.57:42273], old=null
2019-09-04 17:19:58,016 [pool-419-thread-1] INFO  impl.RaftServerImpl (RaftServerImpl.java:setRole(174)) - fa649949-58de-4ced-9a7b-783533430b79@group-248FC2046289: changes role from      null to FOLLOWER at term 0 for startAsFollower
2019-09-04 17:19:58,016 [pool-419-thread-1] INFO  impl.RoleInfo (RoleInfo.java:updateAndGet(143)) - fa649949-58de-4ced-9a7b-783533430b79: start FollowerState
2019-09-04 17:19:58,017 [pool-419-thread-1] INFO  util.JmxRegister (JmxRegister.java:tryRegister(44)) - Successfully registered JMX Bean with object name Ratis:service=RaftServer,group=group-248FC2046289,id=fa649949-58de-4ced-9a7b-783533430b79
2019-09-04 17:19:58,019 [RatisPipelineUtilsThread] INFO  pipeline.PipelineStateManager (PipelineStateManager.java:addPipeline(56)) - Created pipeline Pipeline[ Id: b6b8e654-9ea8-4537-bd0d-248fc2046289, Nodes: fa649949-58de-4ced-9a7b-783533430b79{ip: 192.168.34.57, host: pr-hdds-1561-mdkws-1819952476, networkLocation: /default-rack, certSerialId: null}, Type:RATIS, Factor:ONE, State:OPEN]
2019-09-04 17:19:58,025 [grpc-default-executor-16] INFO  impl.RaftServerProxy (RaftServerProxy.java:addNew(89)) - 80fd7bfd-9dae-4508-ab2c-21300ce3d3c9: addNew group-958732F301C3:[80fd7bfd-9dae-4508-ab2c-21300ce3d3c9:192.168.34.57:35969] returns group-958732F301C3:java.util.concurrent.CompletableFuture@59f00722[Not completed]
2019-09-04 17:19:58,026 [pool-429-thread-1] INFO  impl.RaftServerImpl (RaftServerImpl.java:<init>(95)) - 80fd7bfd-9dae-4508-ab2c-21300ce3d3c9: new RaftServerImpl for group-958732F301C3:[80fd7bfd-9dae-4508-ab2c-21300ce3d3c9:192.168.34.57:35969] with ContainerStateMachine:uninitialized
2019-09-04 17:19:58,026 [pool-429-thread-1] INFO  server.RaftServerConfigKeys (ConfUtils.java:logGet(43)) - raft.server.rpc.timeout.min = 5s (custom)
2019-09-04 17:19:58,026 [pool-429-thread-1] INFO  server.RaftServerConfigKeys (ConfUtils.java:logGet(43)) - raft.server.rpc.timeout.max = 5200ms (custom)
2019-09-04 17:19:58,026 [pool-429-thread-1] INFO  server.RaftServerConfigKeys (ConfUtils.java:logGet(43)) - raft.server.rpcslowness.timeout = 120s (custom)
2019-09-04 17:19:58,026 [pool-429-thread-1] INFO  server.RaftServerConfigKeys (ConfUtils.java:logGet(43)) - raft.server.sleep.deviation.threshold = 300 (default)
2019-09-04 17:19:58,027 [pool-429-thread-1] INFO  server.RaftServerConfigKeys (ConfUtils.java:logGet(43)) - raft.server.log.appender.install.snapshot.enabled = false (custom)
2019-09-04 17:19:58,027 [pool-429-thread-1] INFO  impl.RaftServerImpl (ServerState.java:<init>(103)) - 80fd7bfd-9dae-4508-ab2c-21300ce3d3c9@group-958732F301C3: ConfigurationManager, init=-1: [80fd7bfd-9dae-4508-ab2c-21300ce3d3c9:192.168.34.57:35969], old=null, confs=<EMPTY_MAP>
2019-09-04 17:19:58,027 [pool-429-thread-1] INFO  server.RaftServerConfigKeys (ConfUtils.java:logGet(43)) - raft.server.storage.dir = [/workdir/hadoop-ozone/integration-test/target/test-dir/MiniOzoneClusterImpl-2f594647-c66f-4987-a195-77c452f53489/datanode-2/data/ratis] (custom)
2019-09-04 17:19:58,027 [pool-429-thread-1] INFO  storage.RaftStorageDirectory (RaftStorageDirectory.java:analyzeStorage(246)) - The storage directory /workdir/hadoop-ozone/integration-test/target/test-dir/MiniOzoneClusterImpl-2f594647-c66f-4987-a195-77c452f53489/datanode-2/data/ratis/a8068bfc-bb07-4563-a257-958732f301c3 does not exist. Creating ...
2019-09-04 17:19:58,040 [pool-429-thread-1] INFO  storage.RaftStorageDirectory (RaftStorageDirectory.java:tryLock(328)) - Lock on /workdir/hadoop-ozone/integration-test/target/test-dir/MiniOzoneClusterImpl-2f594647-c66f-4987-a195-77c452f53489/datanode-2/data/ratis/a8068bfc-bb07-4563-a257-958732f301c3/in_use.lock acquired by nodename 3098@pr-hdds-1561-mdkws-1819952476
2019-09-04 17:19:58,053 [pool-429-thread-1] INFO  storage.RaftStorage (RaftStorage.java:format(72)) - Storage directory /workdir/hadoop-ozone/integration-test/target/test-dir/MiniOzoneClusterImpl-2f594647-c66f-4987-a195-77c452f53489/datanode-2/data/ratis/a8068bfc-bb07-4563-a257-958732f301c3 has been successfully formatted.
2019-09-04 17:19:58,054 [pool-429-thread-1] INFO  ratis.ContainerStateMachine (ContainerStateMachine.java:loadSnapshot(232)) - group-958732F301C3: The snapshot info is null. Setting the last applied indexto:(t:0, i:~)
2019-09-04 17:19:58,054 [pool-429-thread-1] INFO  server.RaftServerConfigKeys (ConfUtils.java:logGet(43)) - raft.server.notification.no-leader.timeout = 120s (custom)
2019-09-04 17:19:58,054 [pool-429-thread-1] INFO  server.RaftServerConfigKeys (ConfUtils.java:logGet(43)) - raft.server.log.use.memory = false (default)
2019-09-04 17:19:58,054 [pool-429-thread-1] INFO  server.RaftServerConfigKeys (ConfUtils.java:logGet(43)) - raft.server.log.purge.gap = 1000000 (custom)
2019-09-04 17:19:58,054 [pool-429-thread-1] INFO  server.RaftServerConfigKeys (ConfUtils.java:logGet(43)) - raft.server.log.appender.buffer.byte-limit = 33554432 (custom)
2019-09-04 17:19:58,054 [pool-429-thread-1] INFO  server.RaftServerConfigKeys (ConfUtils.java:logGet(43)) - raft.server.log.segment.size.max = 1048576 (custom)
2019-09-04 17:19:58,054 [pool-429-thread-1] INFO  server.RaftServerConfigKeys (ConfUtils.java:logGet(43)) - raft.server.log.segment.cache.num.max = 2 (custom)
2019-09-04 17:19:58,055 [pool-429-thread-1] INFO  segmented.SegmentedRaftLogWorker (SegmentedRaftLogWorker.java:<init>(172)) - new 80fd7bfd-9dae-4508-ab2c-21300ce3d3c9@group-958732F301C3-SegmentedRaftLogWorker for RaftStorage:Storage Directory /workdir/hadoop-ozone/integration-test/target/test-dir/MiniOzoneClusterImpl-2f594647-c66f-4987-a195-77c452f53489/datanode-2/data/ratis/a8068bfc-bb07-4563-a257-958732f301c3
2019-09-04 17:19:58,056 [pool-429-thread-1] INFO  server.RaftServerConfigKeys (ConfUtils.java:logGet(43)) - raft.server.log.queue.byte-limit = 2147483647 (custom)
2019-09-04 17:19:58,056 [pool-429-thread-1] INFO  server.RaftServerConfigKeys (ConfUtils.java:logGet(43)) - raft.server.log.queue.element-limit = 1024 (custom)
2019-09-04 17:19:58,056 [pool-429-thread-1] INFO  server.RaftServerConfigKeys (ConfUtils.java:logGet(43)) - raft.server.log.segment.size.max = 1048576 (custom)
2019-09-04 17:19:58,057 [pool-429-thread-1] INFO  server.RaftServerConfigKeys (ConfUtils.java:logGet(43)) - raft.server.log.preallocated.size = 16384 (custom)
2019-09-04 17:19:58,057 [pool-429-thread-1] INFO  server.RaftServerConfigKeys (ConfUtils.java:logGet(43)) - raft.server.log.write.buffer.size = 33554432 (custom)
2019-09-04 17:19:58,057 [pool-429-thread-1] INFO  server.RaftServerConfigKeys (ConfUtils.java:logGet(43)) - raft.server.log.force.sync.num = 128 (default)
2019-09-04 17:19:58,057 [pool-429-thread-1] INFO  server.RaftServerConfigKeys (ConfUtils.java:logGet(43)) - raft.server.log.statemachine.data.sync = true (default)
2019-09-04 17:19:58,057 [pool-429-thread-1] INFO  server.RaftServerConfigKeys (ConfUtils.java:logGet(43)) - raft.server.log.statemachine.data.sync.timeout = 10s (default)
2019-09-04 17:19:58,057 [pool-429-thread-1] INFO  server.RaftServerConfigKeys (ConfUtils.java:logGet(43)) - raft.server.log.statemachine.data.sync.timeout.retry = -1 (default)
2019-09-04 17:19:58,057 [pool-429-thread-1] INFO  server.RaftServerConfigKeys (ConfUtils.java:logGet(43)) - raft.server.log.statemachine.data.caching.enabled = true (custom)
2019-09-04 17:19:58,058 [pool-429-thread-1] INFO  segmented.SegmentedRaftLogWorker (SegmentedRaftLogWorker.java:lambda$new$0(132)) - 80fd7bfd-9dae-4508-ab2c-21300ce3d3c9@group-958732F301C3-SegmentedRaftLogWorker: flushIndex: setUnconditionally 0 -> -1
2019-09-04 17:19:58,058 [pool-429-thread-1] INFO  server.RaftServerConfigKeys (ConfUtils.java:logGet(43)) - raft.server.snapshot.auto.trigger.enabled = true (custom)
2019-09-04 17:19:58,058 [pool-429-thread-1] INFO  server.RaftServerConfigKeys (ConfUtils.java:logGet(43)) - raft.server.snapshot.auto.trigger.threshold = 10000 (custom)
2019-09-04 17:19:58,058 [pool-429-thread-1] INFO  server.RaftServerConfigKeys (ConfUtils.java:logGet(43)) - raft.server.snapshot.retention.num.files = -1 (default)
2019-09-04 17:19:58,058 [pool-429-thread-1] INFO  server.RaftServerConfigKeys (ConfUtils.java:logGet(43)) - raft.server.retrycache.expirytime = 600000ms (custom)
2019-09-04 17:19:58,060 [pool-429-thread-1] INFO  impl.RaftServerImpl (RaftServerImpl.java:start(185)) - 80fd7bfd-9dae-4508-ab2c-21300ce3d3c9@group-958732F301C3: start as a follower, conf=-1: [80fd7bfd-9dae-4508-ab2c-21300ce3d3c9:192.168.34.57:35969], old=null
2019-09-04 17:19:58,060 [pool-429-thread-1] INFO  impl.RaftServerImpl (RaftServerImpl.java:setRole(174)) - 80fd7bfd-9dae-4508-ab2c-21300ce3d3c9@group-958732F301C3: changes role from      null to FOLLOWER at term 0 for startAsFollower
2019-09-04 17:19:58,060 [pool-429-thread-1] INFO  impl.RoleInfo (RoleInfo.java:updateAndGet(143)) - 80fd7bfd-9dae-4508-ab2c-21300ce3d3c9: start FollowerState
2019-09-04 17:19:58,061 [pool-429-thread-1] INFO  util.JmxRegister (JmxRegister.java:tryRegister(44)) - Successfully registered JMX Bean with object name Ratis:service=RaftServer,group=group-958732F301C3,id=80fd7bfd-9dae-4508-ab2c-21300ce3d3c9
2019-09-04 17:19:58,063 [RatisPipelineUtilsThread] INFO  pipeline.PipelineStateManager (PipelineStateManager.java:addPipeline(56)) - Created pipeline Pipeline[ Id: a8068bfc-bb07-4563-a257-958732f301c3, Nodes: 80fd7bfd-9dae-4508-ab2c-21300ce3d3c9{ip: 192.168.34.57, host: pr-hdds-1561-mdkws-1819952476, networkLocation: /default-rack, certSerialId: null}, Type:RATIS, Factor:ONE, State:OPEN]
2019-09-04 17:19:58,071 [IPC Server handler 5 on 41007] INFO  net.NetworkTopology (NetworkTopologyImpl.java:add(110)) - Added a new node: /default-rack/305120e2-ed04-4093-b8eb-15d639fdaf7c
2019-09-04 17:19:58,072 [IPC Server handler 5 on 41007] INFO  node.SCMNodeManager (SCMNodeManager.java:register(266)) - Registered Data node : 305120e2-ed04-4093-b8eb-15d639fdaf7c{ip: 192.168.34.57, host: pr-hdds-1561-mdkws-1819952476, networkLocation: /default-rack, certSerialId: null}
2019-09-04 17:19:58,073 [grpc-default-executor-12] INFO  impl.RaftServerProxy (RaftServerProxy.java:addNew(89)) - 80fd7bfd-9dae-4508-ab2c-21300ce3d3c9: addNew group-37943A23133D:[80fd7bfd-9dae-4508-ab2c-21300ce3d3c9:192.168.34.57:35969, fa649949-58de-4ced-9a7b-783533430b79:192.168.34.57:42273, a216e3c9-ad4a-49a6-bccb-13260cb54294:192.168.34.57:36441] returns group-37943A23133D:java.util.concurrent.CompletableFuture@2216d78[Not completed]
2019-09-04 17:19:58,073 [grpc-default-executor-17] INFO  impl.RaftServerProxy (RaftServerProxy.java:addNew(89)) - fa649949-58de-4ced-9a7b-783533430b79: addNew group-37943A23133D:[80fd7bfd-9dae-4508-ab2c-21300ce3d3c9:192.168.34.57:35969, fa649949-58de-4ced-9a7b-783533430b79:192.168.34.57:42273, a216e3c9-ad4a-49a6-bccb-13260cb54294:192.168.34.57:36441] returns group-37943A23133D:java.util.concurrent.CompletableFuture@6fe11c40[Not completed]
2019-09-04 17:19:58,074 [grpc-default-executor-17] INFO  impl.RaftServerProxy (RaftServerProxy.java:addNew(89)) - a216e3c9-ad4a-49a6-bccb-13260cb54294: addNew group-37943A23133D:[80fd7bfd-9dae-4508-ab2c-21300ce3d3c9:192.168.34.57:35969, fa649949-58de-4ced-9a7b-783533430b79:192.168.34.57:42273, a216e3c9-ad4a-49a6-bccb-13260cb54294:192.168.34.57:36441] returns group-37943A23133D:java.util.concurrent.CompletableFuture@2e479604[Not completed]
2019-09-04 17:19:58,074 [pool-429-thread-1] INFO  impl.RaftServerImpl (RaftServerImpl.java:<init>(95)) - 80fd7bfd-9dae-4508-ab2c-21300ce3d3c9: new RaftServerImpl for group-37943A23133D:[80fd7bfd-9dae-4508-ab2c-21300ce3d3c9:192.168.34.57:35969, fa649949-58de-4ced-9a7b-783533430b79:192.168.34.57:42273, a216e3c9-ad4a-49a6-bccb-13260cb54294:192.168.34.57:36441] with ContainerStateMachine:uninitialized
2019-09-04 17:19:58,075 [pool-429-thread-1] INFO  server.RaftServerConfigKeys (ConfUtils.java:logGet(43)) - raft.server.rpc.timeout.min = 5s (custom)
2019-09-04 17:19:58,075 [pool-429-thread-1] INFO  server.RaftServerConfigKeys (ConfUtils.java:logGet(43)) - raft.server.rpc.timeout.max = 5200ms (custom)
2019-09-04 17:19:58,075 [pool-429-thread-1] INFO  server.RaftServerConfigKeys (ConfUtils.java:logGet(43)) - raft.server.rpcslowness.timeout = 120s (custom)
2019-09-04 17:19:58,075 [pool-429-thread-1] INFO  server.RaftServerConfigKeys (ConfUtils.java:logGet(43)) - raft.server.sleep.deviation.threshold = 300 (default)
2019-09-04 17:19:58,075 [pool-429-thread-1] INFO  server.RaftServerConfigKeys (ConfUtils.java:logGet(43)) - raft.server.log.appender.install.snapshot.enabled = false (custom)
2019-09-04 17:19:58,075 [pool-429-thread-1] INFO  impl.RaftServerImpl (ServerState.java:<init>(103)) - 80fd7bfd-9dae-4508-ab2c-21300ce3d3c9@group-37943A23133D: ConfigurationManager, init=-1: [80fd7bfd-9dae-4508-ab2c-21300ce3d3c9:192.168.34.57:35969, fa649949-58de-4ced-9a7b-783533430b79:192.168.34.57:42273, a216e3c9-ad4a-49a6-bccb-13260cb54294:192.168.34.57:36441], old=null, confs=<EMPTY_MAP>
2019-09-04 17:19:58,075 [pool-429-thread-1] INFO  server.RaftServerConfigKeys (ConfUtils.java:logGet(43)) - raft.server.storage.dir = [/workdir/hadoop-ozone/integration-test/target/test-dir/MiniOzoneClusterImpl-2f594647-c66f-4987-a195-77c452f53489/datanode-2/data/ratis] (custom)
2019-09-04 17:19:58,075 [pool-419-thread-1] INFO  impl.RaftServerImpl (RaftServerImpl.java:<init>(95)) - fa649949-58de-4ced-9a7b-783533430b79: new RaftServerImpl for group-37943A23133D:[80fd7bfd-9dae-4508-ab2c-21300ce3d3c9:192.168.34.57:35969, fa649949-58de-4ced-9a7b-783533430b79:192.168.34.57:42273, a216e3c9-ad4a-49a6-bccb-13260cb54294:192.168.34.57:36441] with ContainerStateMachine:uninitialized
2019-09-04 17:19:58,076 [pool-429-thread-1] INFO  storage.RaftStorageDirectory (RaftStorageDirectory.java:analyzeStorage(246)) - The storage directory /workdir/hadoop-ozone/integration-test/target/test-dir/MiniOzoneClusterImpl-2f594647-c66f-4987-a195-77c452f53489/datanode-2/data/ratis/16c32039-ea6a-460e-803a-37943a23133d does not exist. Creating ...
2019-09-04 17:19:58,076 [pool-419-thread-1] INFO  server.RaftServerConfigKeys (ConfUtils.java:logGet(43)) - raft.server.rpc.timeout.min = 5s (custom)
2019-09-04 17:19:58,076 [pool-419-thread-1] INFO  server.RaftServerConfigKeys (ConfUtils.java:logGet(43)) - raft.server.rpc.timeout.max = 5200ms (custom)
2019-09-04 17:19:58,076 [pool-419-thread-1] INFO  server.RaftServerConfigKeys (ConfUtils.java:logGet(43)) - raft.server.rpcslowness.timeout = 120s (custom)
2019-09-04 17:19:58,076 [pool-409-thread-1] INFO  impl.RaftServerImpl (RaftServerImpl.java:<init>(95)) - a216e3c9-ad4a-49a6-bccb-13260cb54294: new RaftServerImpl for group-37943A23133D:[80fd7bfd-9dae-4508-ab2c-21300ce3d3c9:192.168.34.57:35969, fa649949-58de-4ced-9a7b-783533430b79:192.168.34.57:42273, a216e3c9-ad4a-49a6-bccb-13260cb54294:192.168.34.57:36441] with ContainerStateMachine:uninitialized
2019-09-04 17:19:58,076 [pool-419-thread-1] INFO  server.RaftServerConfigKeys (ConfUtils.java:logGet(43)) - raft.server.sleep.deviation.threshold = 300 (default)
2019-09-04 17:19:58,076 [pool-409-thread-1] INFO  server.RaftServerConfigKeys (ConfUtils.java:logGet(43)) - raft.server.rpc.timeout.min = 5s (custom)
2019-09-04 17:19:58,076 [pool-419-thread-1] INFO  server.RaftServerConfigKeys (ConfUtils.java:logGet(43)) - raft.server.log.appender.install.snapshot.enabled = false (custom)
2019-09-04 17:19:58,077 [pool-409-thread-1] INFO  server.RaftServerConfigKeys (ConfUtils.java:logGet(43)) - raft.server.rpc.timeout.max = 5200ms (custom)
2019-09-04 17:19:58,077 [pool-419-thread-1] INFO  impl.RaftServerImpl (ServerState.java:<init>(103)) - fa649949-58de-4ced-9a7b-783533430b79@group-37943A23133D: ConfigurationManager, init=-1: [80fd7bfd-9dae-4508-ab2c-21300ce3d3c9:192.168.34.57:35969, fa649949-58de-4ced-9a7b-783533430b79:192.168.34.57:42273, a216e3c9-ad4a-49a6-bccb-13260cb54294:192.168.34.57:36441], old=null, confs=<EMPTY_MAP>
2019-09-04 17:19:58,077 [pool-409-thread-1] INFO  server.RaftServerConfigKeys (ConfUtils.java:logGet(43)) - raft.server.rpcslowness.timeout = 120s (custom)
2019-09-04 17:19:58,077 [pool-419-thread-1] INFO  server.RaftServerConfigKeys (ConfUtils.java:logGet(43)) - raft.server.storage.dir = [/workdir/hadoop-ozone/integration-test/target/test-dir/MiniOzoneClusterImpl-2f594647-c66f-4987-a195-77c452f53489/datanode-1/data/ratis] (custom)
2019-09-04 17:19:58,077 [pool-409-thread-1] INFO  server.RaftServerConfigKeys (ConfUtils.java:logGet(43)) - raft.server.sleep.deviation.threshold = 300 (default)
2019-09-04 17:19:58,077 [pool-409-thread-1] INFO  server.RaftServerConfigKeys (ConfUtils.java:logGet(43)) - raft.server.log.appender.install.snapshot.enabled = false (custom)
2019-09-04 17:19:58,077 [pool-419-thread-1] INFO  storage.RaftStorageDirectory (RaftStorageDirectory.java:analyzeStorage(246)) - The storage directory /workdir/hadoop-ozone/integration-test/target/test-dir/MiniOzoneClusterImpl-2f594647-c66f-4987-a195-77c452f53489/datanode-1/data/ratis/16c32039-ea6a-460e-803a-37943a23133d does not exist. Creating ...
2019-09-04 17:19:58,077 [pool-409-thread-1] INFO  impl.RaftServerImpl (ServerState.java:<init>(103)) - a216e3c9-ad4a-49a6-bccb-13260cb54294@group-37943A23133D: ConfigurationManager, init=-1: [80fd7bfd-9dae-4508-ab2c-21300ce3d3c9:192.168.34.57:35969, fa649949-58de-4ced-9a7b-783533430b79:192.168.34.57:42273, a216e3c9-ad4a-49a6-bccb-13260cb54294:192.168.34.57:36441], old=null, confs=<EMPTY_MAP>
2019-09-04 17:19:58,078 [pool-409-thread-1] INFO  server.RaftServerConfigKeys (ConfUtils.java:logGet(43)) - raft.server.storage.dir = [/workdir/hadoop-ozone/integration-test/target/test-dir/MiniOzoneClusterImpl-2f594647-c66f-4987-a195-77c452f53489/datanode-0/data/ratis] (custom)
2019-09-04 17:19:58,078 [pool-409-thread-1] INFO  storage.RaftStorageDirectory (RaftStorageDirectory.java:analyzeStorage(246)) - The storage directory /workdir/hadoop-ozone/integration-test/target/test-dir/MiniOzoneClusterImpl-2f594647-c66f-4987-a195-77c452f53489/datanode-0/data/ratis/16c32039-ea6a-460e-803a-37943a23133d does not exist. Creating ...
2019-09-04 17:19:58,090 [pool-429-thread-1] INFO  storage.RaftStorageDirectory (RaftStorageDirectory.java:tryLock(328)) - Lock on /workdir/hadoop-ozone/integration-test/target/test-dir/MiniOzoneClusterImpl-2f594647-c66f-4987-a195-77c452f53489/datanode-2/data/ratis/16c32039-ea6a-460e-803a-37943a23133d/in_use.lock acquired by nodename 3098@pr-hdds-1561-mdkws-1819952476
2019-09-04 17:19:58,090 [pool-419-thread-1] INFO  storage.RaftStorageDirectory (RaftStorageDirectory.java:tryLock(328)) - Lock on /workdir/hadoop-ozone/integration-test/target/test-dir/MiniOzoneClusterImpl-2f594647-c66f-4987-a195-77c452f53489/datanode-1/data/ratis/16c32039-ea6a-460e-803a-37943a23133d/in_use.lock acquired by nodename 3098@pr-hdds-1561-mdkws-1819952476
2019-09-04 17:19:58,090 [pool-409-thread-1] INFO  storage.RaftStorageDirectory (RaftStorageDirectory.java:tryLock(328)) - Lock on /workdir/hadoop-ozone/integration-test/target/test-dir/MiniOzoneClusterImpl-2f594647-c66f-4987-a195-77c452f53489/datanode-0/data/ratis/16c32039-ea6a-460e-803a-37943a23133d/in_use.lock acquired by nodename 3098@pr-hdds-1561-mdkws-1819952476
2019-09-04 17:19:58,104 [pool-429-thread-1] INFO  storage.RaftStorage (RaftStorage.java:format(72)) - Storage directory /workdir/hadoop-ozone/integration-test/target/test-dir/MiniOzoneClusterImpl-2f594647-c66f-4987-a195-77c452f53489/datanode-2/data/ratis/16c32039-ea6a-460e-803a-37943a23133d has been successfully formatted.
2019-09-04 17:19:58,104 [pool-419-thread-1] INFO  storage.RaftStorage (RaftStorage.java:format(72)) - Storage directory /workdir/hadoop-ozone/integration-test/target/test-dir/MiniOzoneClusterImpl-2f594647-c66f-4987-a195-77c452f53489/datanode-1/data/ratis/16c32039-ea6a-460e-803a-37943a23133d has been successfully formatted.
2019-09-04 17:19:58,104 [pool-409-thread-1] INFO  storage.RaftStorage (RaftStorage.java:format(72)) - Storage directory /workdir/hadoop-ozone/integration-test/target/test-dir/MiniOzoneClusterImpl-2f594647-c66f-4987-a195-77c452f53489/datanode-0/data/ratis/16c32039-ea6a-460e-803a-37943a23133d has been successfully formatted.
2019-09-04 17:19:58,104 [pool-419-thread-1] INFO  ratis.ContainerStateMachine (ContainerStateMachine.java:loadSnapshot(232)) - group-37943A23133D: The snapshot info is null. Setting the last applied indexto:(t:0, i:~)
2019-09-04 17:19:58,104 [pool-429-thread-1] INFO  ratis.ContainerStateMachine (ContainerStateMachine.java:loadSnapshot(232)) - group-37943A23133D: The snapshot info is null. Setting the last applied indexto:(t:0, i:~)
2019-09-04 17:19:58,104 [pool-419-thread-1] INFO  server.RaftServerConfigKeys (ConfUtils.java:logGet(43)) - raft.server.notification.no-leader.timeout = 120s (custom)
2019-09-04 17:19:58,104 [pool-409-thread-1] INFO  ratis.ContainerStateMachine (ContainerStateMachine.java:loadSnapshot(232)) - group-37943A23133D: The snapshot info is null. Setting the last applied indexto:(t:0, i:~)
2019-09-04 17:19:58,104 [pool-419-thread-1] INFO  server.RaftServerConfigKeys (ConfUtils.java:logGet(43)) - raft.server.log.use.memory = false (default)
2019-09-04 17:19:58,104 [pool-429-thread-1] INFO  server.RaftServerConfigKeys (ConfUtils.java:logGet(43)) - raft.server.notification.no-leader.timeout = 120s (custom)
2019-09-04 17:19:58,105 [pool-419-thread-1] INFO  server.RaftServerConfigKeys (ConfUtils.java:logGet(43)) - raft.server.log.purge.gap = 1000000 (custom)
2019-09-04 17:19:58,105 [pool-409-thread-1] INFO  server.RaftServerConfigKeys (ConfUtils.java:logGet(43)) - raft.server.notification.no-leader.timeout = 120s (custom)
2019-09-04 17:19:58,105 [pool-419-thread-1] INFO  server.RaftServerConfigKeys (ConfUtils.java:logGet(43)) - raft.server.log.appender.buffer.byte-limit = 33554432 (custom)
2019-09-04 17:19:58,105 [pool-429-thread-1] INFO  server.RaftServerConfigKeys (ConfUtils.java:logGet(43)) - raft.server.log.use.memory = false (default)
2019-09-04 17:19:58,105 [pool-419-thread-1] INFO  server.RaftServerConfigKeys (ConfUtils.java:logGet(43)) - raft.server.log.segment.size.max = 1048576 (custom)
2019-09-04 17:19:58,105 [pool-419-thread-1] INFO  server.RaftServerConfigKeys (ConfUtils.java:logGet(43)) - raft.server.log.segment.cache.num.max = 2 (custom)
2019-09-04 17:19:58,105 [pool-409-thread-1] INFO  server.RaftServerConfigKeys (ConfUtils.java:logGet(43)) - raft.server.log.use.memory = false (default)
2019-09-04 17:19:58,106 [pool-419-thread-1] INFO  segmented.SegmentedRaftLogWorker (SegmentedRaftLogWorker.java:<init>(172)) - new fa649949-58de-4ced-9a7b-783533430b79@group-37943A23133D-SegmentedRaftLogWorker for RaftStorage:Storage Directory /workdir/hadoop-ozone/integration-test/target/test-dir/MiniOzoneClusterImpl-2f594647-c66f-4987-a195-77c452f53489/datanode-1/data/ratis/16c32039-ea6a-460e-803a-37943a23133d
2019-09-04 17:19:58,105 [pool-429-thread-1] INFO  server.RaftServerConfigKeys (ConfUtils.java:logGet(43)) - raft.server.log.purge.gap = 1000000 (custom)
2019-09-04 17:19:58,106 [pool-419-thread-1] INFO  server.RaftServerConfigKeys (ConfUtils.java:logGet(43)) - raft.server.log.queue.byte-limit = 2147483647 (custom)
2019-09-04 17:19:58,106 [pool-409-thread-1] INFO  server.RaftServerConfigKeys (ConfUtils.java:logGet(43)) - raft.server.log.purge.gap = 1000000 (custom)
2019-09-04 17:19:58,106 [pool-419-thread-1] INFO  server.RaftServerConfigKeys (ConfUtils.java:logGet(43)) - raft.server.log.queue.element-limit = 1024 (custom)
2019-09-04 17:19:58,106 [pool-429-thread-1] INFO  server.RaftServerConfigKeys (ConfUtils.java:logGet(43)) - raft.server.log.appender.buffer.byte-limit = 33554432 (custom)
2019-09-04 17:19:58,107 [pool-419-thread-1] INFO  server.RaftServerConfigKeys (ConfUtils.java:logGet(43)) - raft.server.log.segment.size.max = 1048576 (custom)
2019-09-04 17:19:58,107 [pool-419-thread-1] INFO  server.RaftServerConfigKeys (ConfUtils.java:logGet(43)) - raft.server.log.preallocated.size = 16384 (custom)
2019-09-04 17:19:58,106 [pool-409-thread-1] INFO  server.RaftServerConfigKeys (ConfUtils.java:logGet(43)) - raft.server.log.appender.buffer.byte-limit = 33554432 (custom)
2019-09-04 17:19:58,107 [pool-419-thread-1] INFO  server.RaftServerConfigKeys (ConfUtils.java:logGet(43)) - raft.server.log.write.buffer.size = 33554432 (custom)
2019-09-04 17:19:58,107 [pool-429-thread-1] INFO  server.RaftServerConfigKeys (ConfUtils.java:logGet(43)) - raft.server.log.segment.size.max = 1048576 (custom)
2019-09-04 17:19:58,107 [pool-419-thread-1] INFO  server.RaftServerConfigKeys (ConfUtils.java:logGet(43)) - raft.server.log.force.sync.num = 128 (default)
2019-09-04 17:19:58,107 [pool-409-thread-1] INFO  server.RaftServerConfigKeys (ConfUtils.java:logGet(43)) - raft.server.log.segment.size.max = 1048576 (custom)
2019-09-04 17:19:58,108 [pool-419-thread-1] INFO  server.RaftServerConfigKeys (ConfUtils.java:logGet(43)) - raft.server.log.statemachine.data.sync = true (default)
2019-09-04 17:19:58,107 [pool-429-thread-1] INFO  server.RaftServerConfigKeys (ConfUtils.java:logGet(43)) - raft.server.log.segment.cache.num.max = 2 (custom)
2019-09-04 17:19:58,108 [pool-419-thread-1] INFO  server.RaftServerConfigKeys (ConfUtils.java:logGet(43)) - raft.server.log.statemachine.data.sync.timeout = 10s (default)
2019-09-04 17:19:58,108 [pool-409-thread-1] INFO  server.RaftServerConfigKeys (ConfUtils.java:logGet(43)) - raft.server.log.segment.cache.num.max = 2 (custom)
2019-09-04 17:19:58,108 [pool-419-thread-1] INFO  server.RaftServerConfigKeys (ConfUtils.java:logGet(43)) - raft.server.log.statemachine.data.sync.timeout.retry = -1 (default)
2019-09-04 17:19:58,108 [pool-429-thread-1] INFO  segmented.SegmentedRaftLogWorker (SegmentedRaftLogWorker.java:<init>(172)) - new 80fd7bfd-9dae-4508-ab2c-21300ce3d3c9@group-37943A23133D-SegmentedRaftLogWorker for RaftStorage:Storage Directory /workdir/hadoop-ozone/integration-test/target/test-dir/MiniOzoneClusterImpl-2f594647-c66f-4987-a195-77c452f53489/datanode-2/data/ratis/16c32039-ea6a-460e-803a-37943a23133d
2019-09-04 17:19:58,108 [pool-419-thread-1] INFO  server.RaftServerConfigKeys (ConfUtils.java:logGet(43)) - raft.server.log.statemachine.data.caching.enabled = true (custom)
2019-09-04 17:19:58,108 [pool-409-thread-1] INFO  segmented.SegmentedRaftLogWorker (SegmentedRaftLogWorker.java:<init>(172)) - new a216e3c9-ad4a-49a6-bccb-13260cb54294@group-37943A23133D-SegmentedRaftLogWorker for RaftStorage:Storage Directory /workdir/hadoop-ozone/integration-test/target/test-dir/MiniOzoneClusterImpl-2f594647-c66f-4987-a195-77c452f53489/datanode-0/data/ratis/16c32039-ea6a-460e-803a-37943a23133d
2019-09-04 17:19:58,108 [pool-429-thread-1] INFO  server.RaftServerConfigKeys (ConfUtils.java:logGet(43)) - raft.server.log.queue.byte-limit = 2147483647 (custom)
2019-09-04 17:19:58,109 [pool-419-thread-1] INFO  segmented.SegmentedRaftLogWorker (SegmentedRaftLogWorker.java:lambda$new$0(132)) - fa649949-58de-4ced-9a7b-783533430b79@group-37943A23133D-SegmentedRaftLogWorker: flushIndex: setUnconditionally 0 -> -1
2019-09-04 17:19:58,109 [pool-409-thread-1] INFO  server.RaftServerConfigKeys (ConfUtils.java:logGet(43)) - raft.server.log.queue.byte-limit = 2147483647 (custom)
2019-09-04 17:19:58,109 [pool-429-thread-1] INFO  server.RaftServerConfigKeys (ConfUtils.java:logGet(43)) - raft.server.log.queue.element-limit = 1024 (custom)
2019-09-04 17:19:58,109 [pool-419-thread-1] INFO  server.RaftServerConfigKeys (ConfUtils.java:logGet(43)) - raft.server.snapshot.auto.trigger.enabled = true (custom)
2019-09-04 17:19:58,109 [pool-409-thread-1] INFO  server.RaftServerConfigKeys (ConfUtils.java:logGet(43)) - raft.server.log.queue.element-limit = 1024 (custom)
2019-09-04 17:19:58,110 [pool-419-thread-1] INFO  server.RaftServerConfigKeys (ConfUtils.java:logGet(43)) - raft.server.snapshot.auto.trigger.threshold = 10000 (custom)
2019-09-04 17:19:58,109 [pool-429-thread-1] INFO  server.RaftServerConfigKeys (ConfUtils.java:logGet(43)) - raft.server.log.segment.size.max = 1048576 (custom)
2019-09-04 17:19:58,110 [pool-419-thread-1] INFO  server.RaftServerConfigKeys (ConfUtils.java:logGet(43)) - raft.server.snapshot.retention.num.files = -1 (default)
2019-09-04 17:19:58,110 [pool-409-thread-1] INFO  server.RaftServerConfigKeys (ConfUtils.java:logGet(43)) - raft.server.log.segment.size.max = 1048576 (custom)
2019-09-04 17:19:58,110 [pool-419-thread-1] INFO  server.RaftServerConfigKeys (ConfUtils.java:logGet(43)) - raft.server.retrycache.expirytime = 600000ms (custom)
2019-09-04 17:19:58,110 [pool-429-thread-1] INFO  server.RaftServerConfigKeys (ConfUtils.java:logGet(43)) - raft.server.log.preallocated.size = 16384 (custom)
2019-09-04 17:19:58,110 [pool-409-thread-1] INFO  server.RaftServerConfigKeys (ConfUtils.java:logGet(43)) - raft.server.log.preallocated.size = 16384 (custom)
2019-09-04 17:19:58,110 [pool-429-thread-1] INFO  server.RaftServerConfigKeys (ConfUtils.java:logGet(43)) - raft.server.log.write.buffer.size = 33554432 (custom)
2019-09-04 17:19:58,111 [pool-409-thread-1] INFO  server.RaftServerConfigKeys (ConfUtils.java:logGet(43)) - raft.server.log.write.buffer.size = 33554432 (custom)
2019-09-04 17:19:58,111 [pool-429-thread-1] INFO  server.RaftServerConfigKeys (ConfUtils.java:logGet(43)) - raft.server.log.force.sync.num = 128 (default)
2019-09-04 17:19:58,111 [pool-409-thread-1] INFO  server.RaftServerConfigKeys (ConfUtils.java:logGet(43)) - raft.server.log.force.sync.num = 128 (default)
2019-09-04 17:19:58,111 [pool-429-thread-1] INFO  server.RaftServerConfigKeys (ConfUtils.java:logGet(43)) - raft.server.log.statemachine.data.sync = true (default)
2019-09-04 17:19:58,111 [pool-409-thread-1] INFO  server.RaftServerConfigKeys (ConfUtils.java:logGet(43)) - raft.server.log.statemachine.data.sync = true (default)
2019-09-04 17:19:58,111 [pool-429-thread-1] INFO  server.RaftServerConfigKeys (ConfUtils.java:logGet(43)) - raft.server.log.statemachine.data.sync.timeout = 10s (default)
2019-09-04 17:19:58,112 [pool-409-thread-1] INFO  server.RaftServerConfigKeys (ConfUtils.java:logGet(43)) - raft.server.log.statemachine.data.sync.timeout = 10s (default)
2019-09-04 17:19:58,112 [pool-429-thread-1] INFO  server.RaftServerConfigKeys (ConfUtils.java:logGet(43)) - raft.server.log.statemachine.data.sync.timeout.retry = -1 (default)
2019-09-04 17:19:58,112 [pool-409-thread-1] INFO  server.RaftServerConfigKeys (ConfUtils.java:logGet(43)) - raft.server.log.statemachine.data.sync.timeout.retry = -1 (default)
2019-09-04 17:19:58,112 [pool-429-thread-1] INFO  server.RaftServerConfigKeys (ConfUtils.java:logGet(43)) - raft.server.log.statemachine.data.caching.enabled = true (custom)
2019-09-04 17:19:58,112 [pool-409-thread-1] INFO  server.RaftServerConfigKeys (ConfUtils.java:logGet(43)) - raft.server.log.statemachine.data.caching.enabled = true (custom)
2019-09-04 17:19:58,112 [pool-429-thread-1] INFO  segmented.SegmentedRaftLogWorker (SegmentedRaftLogWorker.java:lambda$new$0(132)) - 80fd7bfd-9dae-4508-ab2c-21300ce3d3c9@group-37943A23133D-SegmentedRaftLogWorker: flushIndex: setUnconditionally 0 -> -1
2019-09-04 17:19:58,112 [pool-419-thread-1] INFO  impl.RaftServerImpl (RaftServerImpl.java:start(185)) - fa649949-58de-4ced-9a7b-783533430b79@group-37943A23133D: start as a follower, conf=-1: [80fd7bfd-9dae-4508-ab2c-21300ce3d3c9:192.168.34.57:35969, fa649949-58de-4ced-9a7b-783533430b79:192.168.34.57:42273, a216e3c9-ad4a-49a6-bccb-13260cb54294:192.168.34.57:36441], old=null
2019-09-04 17:19:58,113 [pool-409-thread-1] INFO  segmented.SegmentedRaftLogWorker (SegmentedRaftLogWorker.java:lambda$new$0(132)) - a216e3c9-ad4a-49a6-bccb-13260cb54294@group-37943A23133D-SegmentedRaftLogWorker: flushIndex: setUnconditionally 0 -> -1
2019-09-04 17:19:58,113 [pool-429-thread-1] INFO  server.RaftServerConfigKeys (ConfUtils.java:logGet(43)) - raft.server.snapshot.auto.trigger.enabled = true (custom)
2019-09-04 17:19:58,113 [pool-419-thread-1] INFO  impl.RaftServerImpl (RaftServerImpl.java:setRole(174)) - fa649949-58de-4ced-9a7b-783533430b79@group-37943A23133D: changes role from      null to FOLLOWER at term 0 for startAsFollower
2019-09-04 17:19:58,113 [pool-409-thread-1] INFO  server.RaftServerConfigKeys (ConfUtils.java:logGet(43)) - raft.server.snapshot.auto.trigger.enabled = true (custom)
2019-09-04 17:19:58,113 [pool-429-thread-1] INFO  server.RaftServerConfigKeys (ConfUtils.java:logGet(43)) - raft.server.snapshot.auto.trigger.threshold = 10000 (custom)
2019-09-04 17:19:58,113 [pool-409-thread-1] INFO  server.RaftServerConfigKeys (ConfUtils.java:logGet(43)) - raft.server.snapshot.auto.trigger.threshold = 10000 (custom)
2019-09-04 17:19:58,113 [pool-419-thread-1] INFO  impl.RoleInfo (RoleInfo.java:updateAndGet(143)) - fa649949-58de-4ced-9a7b-783533430b79: start FollowerState
2019-09-04 17:19:58,114 [pool-409-thread-1] INFO  server.RaftServerConfigKeys (ConfUtils.java:logGet(43)) - raft.server.snapshot.retention.num.files = -1 (default)
2019-09-04 17:19:58,113 [pool-429-thread-1] INFO  server.RaftServerConfigKeys (ConfUtils.java:logGet(43)) - raft.server.snapshot.retention.num.files = -1 (default)
2019-09-04 17:19:58,124 [pool-419-thread-1] INFO  util.JmxRegister (JmxRegister.java:tryRegister(44)) - Successfully registered JMX Bean with object name Ratis:service=RaftServer,group=group-37943A23133D,id=fa649949-58de-4ced-9a7b-783533430b79
2019-09-04 17:19:58,114 [pool-409-thread-1] INFO  server.RaftServerConfigKeys (ConfUtils.java:logGet(43)) - raft.server.retrycache.expirytime = 600000ms (custom)
2019-09-04 17:19:58,124 [pool-429-thread-1] INFO  server.RaftServerConfigKeys (ConfUtils.java:logGet(43)) - raft.server.retrycache.expirytime = 600000ms (custom)
2019-09-04 17:19:58,132 [IPC Server handler 6 on 41007] INFO  net.NetworkTopology (NetworkTopologyImpl.java:add(110)) - Added a new node: /default-rack/986dd48b-ab2d-4dda-bcfc-6b1c0b2b378a
2019-09-04 17:19:58,132 [IPC Server handler 6 on 41007] INFO  node.SCMNodeManager (SCMNodeManager.java:register(266)) - Registered Data node : 986dd48b-ab2d-4dda-bcfc-6b1c0b2b378a{ip: 192.168.34.57, host: pr-hdds-1561-mdkws-1819952476, networkLocation: /default-rack, certSerialId: null}
2019-09-04 17:19:58,134 [pool-409-thread-1] INFO  impl.RaftServerImpl (RaftServerImpl.java:start(185)) - a216e3c9-ad4a-49a6-bccb-13260cb54294@group-37943A23133D: start as a follower, conf=-1: [80fd7bfd-9dae-4508-ab2c-21300ce3d3c9:192.168.34.57:35969, fa649949-58de-4ced-9a7b-783533430b79:192.168.34.57:42273, a216e3c9-ad4a-49a6-bccb-13260cb54294:192.168.34.57:36441], old=null
2019-09-04 17:19:58,134 [pool-429-thread-1] INFO  impl.RaftServerImpl (RaftServerImpl.java:start(185)) - 80fd7bfd-9dae-4508-ab2c-21300ce3d3c9@group-37943A23133D: start as a follower, conf=-1: [80fd7bfd-9dae-4508-ab2c-21300ce3d3c9:192.168.34.57:35969, fa649949-58de-4ced-9a7b-783533430b79:192.168.34.57:42273, a216e3c9-ad4a-49a6-bccb-13260cb54294:192.168.34.57:36441], old=null
2019-09-04 17:19:58,134 [pool-409-thread-1] INFO  impl.RaftServerImpl (RaftServerImpl.java:setRole(174)) - a216e3c9-ad4a-49a6-bccb-13260cb54294@group-37943A23133D: changes role from      null to FOLLOWER at term 0 for startAsFollower
2019-09-04 17:19:58,134 [pool-429-thread-1] INFO  impl.RaftServerImpl (RaftServerImpl.java:setRole(174)) - 80fd7bfd-9dae-4508-ab2c-21300ce3d3c9@group-37943A23133D: changes role from      null to FOLLOWER at term 0 for startAsFollower
2019-09-04 17:19:58,134 [pool-409-thread-1] INFO  impl.RoleInfo (RoleInfo.java:updateAndGet(143)) - a216e3c9-ad4a-49a6-bccb-13260cb54294: start FollowerState
2019-09-04 17:19:58,134 [pool-429-thread-1] INFO  impl.RoleInfo (RoleInfo.java:updateAndGet(143)) - 80fd7bfd-9dae-4508-ab2c-21300ce3d3c9: start FollowerState
2019-09-04 17:19:58,135 [pool-409-thread-1] INFO  util.JmxRegister (JmxRegister.java:tryRegister(44)) - Successfully registered JMX Bean with object name Ratis:service=RaftServer,group=group-37943A23133D,id=a216e3c9-ad4a-49a6-bccb-13260cb54294
2019-09-04 17:19:58,135 [pool-429-thread-1] INFO  util.JmxRegister (JmxRegister.java:tryRegister(44)) - Successfully registered JMX Bean with object name Ratis:service=RaftServer,group=group-37943A23133D,id=80fd7bfd-9dae-4508-ab2c-21300ce3d3c9
2019-09-04 17:19:58,137 [RatisPipelineUtilsThread] INFO  pipeline.PipelineStateManager (PipelineStateManager.java:addPipeline(56)) - Created pipeline Pipeline[ Id: 16c32039-ea6a-460e-803a-37943a23133d, Nodes: 80fd7bfd-9dae-4508-ab2c-21300ce3d3c9{ip: 192.168.34.57, host: pr-hdds-1561-mdkws-1819952476, networkLocation: /default-rack, certSerialId: null}fa649949-58de-4ced-9a7b-783533430b79{ip: 192.168.34.57, host: pr-hdds-1561-mdkws-1819952476, networkLocation: /default-rack, certSerialId: null}a216e3c9-ad4a-49a6-bccb-13260cb54294{ip: 192.168.34.57, host: pr-hdds-1561-mdkws-1819952476, networkLocation: /default-rack, certSerialId: null}, Type:RATIS, Factor:THREE, State:OPEN]
2019-09-04 17:19:58,147 [grpc-default-executor-17] INFO  impl.RaftServerProxy (RaftServerProxy.java:addNew(89)) - 986dd48b-ab2d-4dda-bcfc-6b1c0b2b378a: addNew group-F13E85E91BDB:[986dd48b-ab2d-4dda-bcfc-6b1c0b2b378a:192.168.34.57:41714] returns group-F13E85E91BDB:java.util.concurrent.CompletableFuture@7e53f611[Not completed]
2019-09-04 17:19:58,148 [pool-449-thread-1] INFO  impl.RaftServerImpl (RaftServerImpl.java:<init>(95)) - 986dd48b-ab2d-4dda-bcfc-6b1c0b2b378a: new RaftServerImpl for group-F13E85E91BDB:[986dd48b-ab2d-4dda-bcfc-6b1c0b2b378a:192.168.34.57:41714] with ContainerStateMachine:uninitialized
2019-09-04 17:19:58,150 [pool-449-thread-1] INFO  server.RaftServerConfigKeys (ConfUtils.java:logGet(43)) - raft.server.rpc.timeout.min = 5s (custom)
2019-09-04 17:19:58,150 [pool-449-thread-1] INFO  server.RaftServerConfigKeys (ConfUtils.java:logGet(43)) - raft.server.rpc.timeout.max = 5200ms (custom)
2019-09-04 17:19:58,150 [pool-449-thread-1] INFO  server.RaftServerConfigKeys (ConfUtils.java:logGet(43)) - raft.server.rpcslowness.timeout = 120s (custom)
2019-09-04 17:19:58,150 [pool-449-thread-1] INFO  server.RaftServerConfigKeys (ConfUtils.java:logGet(43)) - raft.server.sleep.deviation.threshold = 300 (default)
2019-09-04 17:19:58,150 [pool-449-thread-1] INFO  server.RaftServerConfigKeys (ConfUtils.java:logGet(43)) - raft.server.log.appender.install.snapshot.enabled = false (custom)
2019-09-04 17:19:58,151 [pool-449-thread-1] INFO  impl.RaftServerImpl (ServerState.java:<init>(103)) - 986dd48b-ab2d-4dda-bcfc-6b1c0b2b378a@group-F13E85E91BDB: ConfigurationManager, init=-1: [986dd48b-ab2d-4dda-bcfc-6b1c0b2b378a:192.168.34.57:41714], old=null, confs=<EMPTY_MAP>
2019-09-04 17:19:58,151 [pool-449-thread-1] INFO  server.RaftServerConfigKeys (ConfUtils.java:logGet(43)) - raft.server.storage.dir = [/workdir/hadoop-ozone/integration-test/target/test-dir/MiniOzoneClusterImpl-2f594647-c66f-4987-a195-77c452f53489/datanode-4/data/ratis] (custom)
2019-09-04 17:19:58,151 [pool-449-thread-1] INFO  storage.RaftStorageDirectory (RaftStorageDirectory.java:analyzeStorage(246)) - The storage directory /workdir/hadoop-ozone/integration-test/target/test-dir/MiniOzoneClusterImpl-2f594647-c66f-4987-a195-77c452f53489/datanode-4/data/ratis/69ec17b5-1117-4e27-a03f-f13e85e91bdb does not exist. Creating ...
2019-09-04 17:19:58,164 [pool-449-thread-1] INFO  storage.RaftStorageDirectory (RaftStorageDirectory.java:tryLock(328)) - Lock on /workdir/hadoop-ozone/integration-test/target/test-dir/MiniOzoneClusterImpl-2f594647-c66f-4987-a195-77c452f53489/datanode-4/data/ratis/69ec17b5-1117-4e27-a03f-f13e85e91bdb/in_use.lock acquired by nodename 3098@pr-hdds-1561-mdkws-1819952476
2019-09-04 17:19:58,177 [pool-449-thread-1] INFO  storage.RaftStorage (RaftStorage.java:format(72)) - Storage directory /workdir/hadoop-ozone/integration-test/target/test-dir/MiniOzoneClusterImpl-2f594647-c66f-4987-a195-77c452f53489/datanode-4/data/ratis/69ec17b5-1117-4e27-a03f-f13e85e91bdb has been successfully formatted.
2019-09-04 17:19:58,177 [pool-449-thread-1] INFO  ratis.ContainerStateMachine (ContainerStateMachine.java:loadSnapshot(232)) - group-F13E85E91BDB: The snapshot info is null. Setting the last applied indexto:(t:0, i:~)
2019-09-04 17:19:58,177 [pool-449-thread-1] INFO  server.RaftServerConfigKeys (ConfUtils.java:logGet(43)) - raft.server.notification.no-leader.timeout = 120s (custom)
2019-09-04 17:19:58,177 [pool-449-thread-1] INFO  server.RaftServerConfigKeys (ConfUtils.java:logGet(43)) - raft.server.log.use.memory = false (default)
2019-09-04 17:19:58,178 [pool-449-thread-1] INFO  server.RaftServerConfigKeys (ConfUtils.java:logGet(43)) - raft.server.log.purge.gap = 1000000 (custom)
2019-09-04 17:19:58,178 [pool-449-thread-1] INFO  server.RaftServerConfigKeys (ConfUtils.java:logGet(43)) - raft.server.log.appender.buffer.byte-limit = 33554432 (custom)
2019-09-04 17:19:58,178 [pool-449-thread-1] INFO  server.RaftServerConfigKeys (ConfUtils.java:logGet(43)) - raft.server.log.segment.size.max = 1048576 (custom)
2019-09-04 17:19:58,178 [pool-449-thread-1] INFO  server.RaftServerConfigKeys (ConfUtils.java:logGet(43)) - raft.server.log.segment.cache.num.max = 2 (custom)
2019-09-04 17:19:58,178 [pool-449-thread-1] INFO  segmented.SegmentedRaftLogWorker (SegmentedRaftLogWorker.java:<init>(172)) - new 986dd48b-ab2d-4dda-bcfc-6b1c0b2b378a@group-F13E85E91BDB-SegmentedRaftLogWorker for RaftStorage:Storage Directory /workdir/hadoop-ozone/integration-test/target/test-dir/MiniOzoneClusterImpl-2f594647-c66f-4987-a195-77c452f53489/datanode-4/data/ratis/69ec17b5-1117-4e27-a03f-f13e85e91bdb
2019-09-04 17:19:58,180 [pool-449-thread-1] INFO  server.RaftServerConfigKeys (ConfUtils.java:logGet(43)) - raft.server.log.queue.byte-limit = 2147483647 (custom)
2019-09-04 17:19:58,180 [pool-449-thread-1] INFO  server.RaftServerConfigKeys (ConfUtils.java:logGet(43)) - raft.server.log.queue.element-limit = 1024 (custom)
2019-09-04 17:19:58,180 [pool-449-thread-1] INFO  server.RaftServerConfigKeys (ConfUtils.java:logGet(43)) - raft.server.log.segment.size.max = 1048576 (custom)
2019-09-04 17:19:58,180 [pool-449-thread-1] INFO  server.RaftServerConfigKeys (ConfUtils.java:logGet(43)) - raft.server.log.preallocated.size = 16384 (custom)
2019-09-04 17:19:58,180 [pool-449-thread-1] INFO  server.RaftServerConfigKeys (ConfUtils.java:logGet(43)) - raft.server.log.write.buffer.size = 33554432 (custom)
2019-09-04 17:19:58,180 [pool-449-thread-1] INFO  server.RaftServerConfigKeys (ConfUtils.java:logGet(43)) - raft.server.log.force.sync.num = 128 (default)
2019-09-04 17:19:58,180 [pool-449-thread-1] INFO  server.RaftServerConfigKeys (ConfUtils.java:logGet(43)) - raft.server.log.statemachine.data.sync = true (default)
2019-09-04 17:19:58,180 [pool-449-thread-1] INFO  server.RaftServerConfigKeys (ConfUtils.java:logGet(43)) - raft.server.log.statemachine.data.sync.timeout = 10s (default)
2019-09-04 17:19:58,181 [pool-449-thread-1] INFO  server.RaftServerConfigKeys (ConfUtils.java:logGet(43)) - raft.server.log.statemachine.data.sync.timeout.retry = -1 (default)
2019-09-04 17:19:58,181 [pool-449-thread-1] INFO  server.RaftServerConfigKeys (ConfUtils.java:logGet(43)) - raft.server.log.statemachine.data.caching.enabled = true (custom)
2019-09-04 17:19:58,181 [pool-449-thread-1] INFO  segmented.SegmentedRaftLogWorker (SegmentedRaftLogWorker.java:lambda$new$0(132)) - 986dd48b-ab2d-4dda-bcfc-6b1c0b2b378a@group-F13E85E91BDB-SegmentedRaftLogWorker: flushIndex: setUnconditionally 0 -> -1
2019-09-04 17:19:58,181 [pool-449-thread-1] INFO  server.RaftServerConfigKeys (ConfUtils.java:logGet(43)) - raft.server.snapshot.auto.trigger.enabled = true (custom)
2019-09-04 17:19:58,181 [pool-449-thread-1] INFO  server.RaftServerConfigKeys (ConfUtils.java:logGet(43)) - raft.server.snapshot.auto.trigger.threshold = 10000 (custom)
2019-09-04 17:19:58,182 [pool-449-thread-1] INFO  server.RaftServerConfigKeys (ConfUtils.java:logGet(43)) - raft.server.snapshot.retention.num.files = -1 (default)
2019-09-04 17:19:58,182 [pool-449-thread-1] INFO  server.RaftServerConfigKeys (ConfUtils.java:logGet(43)) - raft.server.retrycache.expirytime = 600000ms (custom)
2019-09-04 17:19:58,183 [pool-449-thread-1] INFO  impl.RaftServerImpl (RaftServerImpl.java:start(185)) - 986dd48b-ab2d-4dda-bcfc-6b1c0b2b378a@group-F13E85E91BDB: start as a follower, conf=-1: [986dd48b-ab2d-4dda-bcfc-6b1c0b2b378a:192.168.34.57:41714], old=null
2019-09-04 17:19:58,183 [pool-449-thread-1] INFO  impl.RaftServerImpl (RaftServerImpl.java:setRole(174)) - 986dd48b-ab2d-4dda-bcfc-6b1c0b2b378a@group-F13E85E91BDB: changes role from      null to FOLLOWER at term 0 for startAsFollower
2019-09-04 17:19:58,183 [pool-449-thread-1] INFO  impl.RoleInfo (RoleInfo.java:updateAndGet(143)) - 986dd48b-ab2d-4dda-bcfc-6b1c0b2b378a: start FollowerState
2019-09-04 17:19:58,184 [pool-449-thread-1] INFO  util.JmxRegister (JmxRegister.java:tryRegister(44)) - Successfully registered JMX Bean with object name Ratis:service=RaftServer,group=group-F13E85E91BDB,id=986dd48b-ab2d-4dda-bcfc-6b1c0b2b378a
2019-09-04 17:19:58,186 [RatisPipelineUtilsThread] INFO  pipeline.PipelineStateManager (PipelineStateManager.java:addPipeline(56)) - Created pipeline Pipeline[ Id: 69ec17b5-1117-4e27-a03f-f13e85e91bdb, Nodes: 986dd48b-ab2d-4dda-bcfc-6b1c0b2b378a{ip: 192.168.34.57, host: pr-hdds-1561-mdkws-1819952476, networkLocation: /default-rack, certSerialId: null}, Type:RATIS, Factor:ONE, State:OPEN]
2019-09-04 17:19:58,193 [grpc-default-executor-17] INFO  impl.RaftServerProxy (RaftServerProxy.java:addNew(89)) - 305120e2-ed04-4093-b8eb-15d639fdaf7c: addNew group-8B2DC41FDA21:[305120e2-ed04-4093-b8eb-15d639fdaf7c:192.168.34.57:34116] returns group-8B2DC41FDA21:java.util.concurrent.CompletableFuture@16cc15f0[Not completed]
2019-09-04 17:19:58,194 [IPC Server handler 4 on 41007] INFO  net.NetworkTopology (NetworkTopologyImpl.java:add(110)) - Added a new node: /default-rack/e1b16608-d523-4d5d-af4b-b418ef86114b
2019-09-04 17:19:58,194 [pool-439-thread-1] INFO  impl.RaftServerImpl (RaftServerImpl.java:<init>(95)) - 305120e2-ed04-4093-b8eb-15d639fdaf7c: new RaftServerImpl for group-8B2DC41FDA21:[305120e2-ed04-4093-b8eb-15d639fdaf7c:192.168.34.57:34116] with ContainerStateMachine:uninitialized
2019-09-04 17:19:58,195 [IPC Server handler 4 on 41007] INFO  node.SCMNodeManager (SCMNodeManager.java:register(266)) - Registered Data node : e1b16608-d523-4d5d-af4b-b418ef86114b{ip: 192.168.34.57, host: pr-hdds-1561-mdkws-1819952476, networkLocation: /default-rack, certSerialId: null}
2019-09-04 17:19:58,195 [pool-439-thread-1] INFO  server.RaftServerConfigKeys (ConfUtils.java:logGet(43)) - raft.server.rpc.timeout.min = 5s (custom)
2019-09-04 17:19:58,195 [pool-439-thread-1] INFO  server.RaftServerConfigKeys (ConfUtils.java:logGet(43)) - raft.server.rpc.timeout.max = 5200ms (custom)
2019-09-04 17:19:58,195 [pool-439-thread-1] INFO  server.RaftServerConfigKeys (ConfUtils.java:logGet(43)) - raft.server.rpcslowness.timeout = 120s (custom)
2019-09-04 17:19:58,195 [pool-439-thread-1] INFO  server.RaftServerConfigKeys (ConfUtils.java:logGet(43)) - raft.server.sleep.deviation.threshold = 300 (default)
2019-09-04 17:19:58,195 [pool-439-thread-1] INFO  server.RaftServerConfigKeys (ConfUtils.java:logGet(43)) - raft.server.log.appender.install.snapshot.enabled = false (custom)
2019-09-04 17:19:58,195 [pool-439-thread-1] INFO  impl.RaftServerImpl (ServerState.java:<init>(103)) - 305120e2-ed04-4093-b8eb-15d639fdaf7c@group-8B2DC41FDA21: ConfigurationManager, init=-1: [305120e2-ed04-4093-b8eb-15d639fdaf7c:192.168.34.57:34116], old=null, confs=<EMPTY_MAP>
2019-09-04 17:19:58,195 [pool-439-thread-1] INFO  server.RaftServerConfigKeys (ConfUtils.java:logGet(43)) - raft.server.storage.dir = [/workdir/hadoop-ozone/integration-test/target/test-dir/MiniOzoneClusterImpl-2f594647-c66f-4987-a195-77c452f53489/datanode-3/data/ratis] (custom)
2019-09-04 17:19:58,196 [pool-439-thread-1] INFO  storage.RaftStorageDirectory (RaftStorageDirectory.java:analyzeStorage(246)) - The storage directory /workdir/hadoop-ozone/integration-test/target/test-dir/MiniOzoneClusterImpl-2f594647-c66f-4987-a195-77c452f53489/datanode-3/data/ratis/f7f61099-ee22-4b0a-812a-8b2dc41fda21 does not exist. Creating ...
2019-09-04 17:19:58,202 [pool-439-thread-1] INFO  storage.RaftStorageDirectory (RaftStorageDirectory.java:tryLock(328)) - Lock on /workdir/hadoop-ozone/integration-test/target/test-dir/MiniOzoneClusterImpl-2f594647-c66f-4987-a195-77c452f53489/datanode-3/data/ratis/f7f61099-ee22-4b0a-812a-8b2dc41fda21/in_use.lock acquired by nodename 3098@pr-hdds-1561-mdkws-1819952476
2019-09-04 17:19:58,210 [pool-439-thread-1] INFO  storage.RaftStorage (RaftStorage.java:format(72)) - Storage directory /workdir/hadoop-ozone/integration-test/target/test-dir/MiniOzoneClusterImpl-2f594647-c66f-4987-a195-77c452f53489/datanode-3/data/ratis/f7f61099-ee22-4b0a-812a-8b2dc41fda21 has been successfully formatted.
2019-09-04 17:19:58,210 [pool-439-thread-1] INFO  ratis.ContainerStateMachine (ContainerStateMachine.java:loadSnapshot(232)) - group-8B2DC41FDA21: The snapshot info is null. Setting the last applied indexto:(t:0, i:~)
2019-09-04 17:19:58,211 [pool-439-thread-1] INFO  server.RaftServerConfigKeys (ConfUtils.java:logGet(43)) - raft.server.notification.no-leader.timeout = 120s (custom)
2019-09-04 17:19:58,211 [pool-439-thread-1] INFO  server.RaftServerConfigKeys (ConfUtils.java:logGet(43)) - raft.server.log.use.memory = false (default)
2019-09-04 17:19:58,211 [pool-439-thread-1] INFO  server.RaftServerConfigKeys (ConfUtils.java:logGet(43)) - raft.server.log.purge.gap = 1000000 (custom)
2019-09-04 17:19:58,211 [pool-439-thread-1] INFO  server.RaftServerConfigKeys (ConfUtils.java:logGet(43)) - raft.server.log.appender.buffer.byte-limit = 33554432 (custom)
2019-09-04 17:19:58,211 [pool-439-thread-1] INFO  server.RaftServerConfigKeys (ConfUtils.java:logGet(43)) - raft.server.log.segment.size.max = 1048576 (custom)
2019-09-04 17:19:58,211 [pool-439-thread-1] INFO  server.RaftServerConfigKeys (ConfUtils.java:logGet(43)) - raft.server.log.segment.cache.num.max = 2 (custom)
2019-09-04 17:19:58,211 [pool-439-thread-1] INFO  segmented.SegmentedRaftLogWorker (SegmentedRaftLogWorker.java:<init>(172)) - new 305120e2-ed04-4093-b8eb-15d639fdaf7c@group-8B2DC41FDA21-SegmentedRaftLogWorker for RaftStorage:Storage Directory /workdir/hadoop-ozone/integration-test/target/test-dir/MiniOzoneClusterImpl-2f594647-c66f-4987-a195-77c452f53489/datanode-3/data/ratis/f7f61099-ee22-4b0a-812a-8b2dc41fda21
2019-09-04 17:19:58,213 [pool-439-thread-1] INFO  server.RaftServerConfigKeys (ConfUtils.java:logGet(43)) - raft.server.log.queue.byte-limit = 2147483647 (custom)
2019-09-04 17:19:58,213 [pool-439-thread-1] INFO  server.RaftServerConfigKeys (ConfUtils.java:logGet(43)) - raft.server.log.queue.element-limit = 1024 (custom)
2019-09-04 17:19:58,213 [pool-439-thread-1] INFO  server.RaftServerConfigKeys (ConfUtils.java:logGet(43)) - raft.server.log.segment.size.max = 1048576 (custom)
2019-09-04 17:19:58,213 [pool-439-thread-1] INFO  server.RaftServerConfigKeys (ConfUtils.java:logGet(43)) - raft.server.log.preallocated.size = 16384 (custom)
2019-09-04 17:19:58,213 [pool-439-thread-1] INFO  server.RaftServerConfigKeys (ConfUtils.java:logGet(43)) - raft.server.log.write.buffer.size = 33554432 (custom)
2019-09-04 17:19:58,213 [pool-439-thread-1] INFO  server.RaftServerConfigKeys (ConfUtils.java:logGet(43)) - raft.server.log.force.sync.num = 128 (default)
2019-09-04 17:19:58,214 [pool-439-thread-1] INFO  server.RaftServerConfigKeys (ConfUtils.java:logGet(43)) - raft.server.log.statemachine.data.sync = true (default)
2019-09-04 17:19:58,214 [pool-439-thread-1] INFO  server.RaftServerConfigKeys (ConfUtils.java:logGet(43)) - raft.server.log.statemachine.data.sync.timeout = 10s (default)
2019-09-04 17:19:58,214 [pool-439-thread-1] INFO  server.RaftServerConfigKeys (ConfUtils.java:logGet(43)) - raft.server.log.statemachine.data.sync.timeout.retry = -1 (default)
2019-09-04 17:19:58,214 [pool-439-thread-1] INFO  server.RaftServerConfigKeys (ConfUtils.java:logGet(43)) - raft.server.log.statemachine.data.caching.enabled = true (custom)
2019-09-04 17:19:58,214 [pool-439-thread-1] INFO  segmented.SegmentedRaftLogWorker (SegmentedRaftLogWorker.java:lambda$new$0(132)) - 305120e2-ed04-4093-b8eb-15d639fdaf7c@group-8B2DC41FDA21-SegmentedRaftLogWorker: flushIndex: setUnconditionally 0 -> -1
2019-09-04 17:19:58,215 [pool-439-thread-1] INFO  server.RaftServerConfigKeys (ConfUtils.java:logGet(43)) - raft.server.snapshot.auto.trigger.enabled = true (custom)
2019-09-04 17:19:58,215 [pool-439-thread-1] INFO  server.RaftServerConfigKeys (ConfUtils.java:logGet(43)) - raft.server.snapshot.auto.trigger.threshold = 10000 (custom)
2019-09-04 17:19:58,215 [pool-439-thread-1] INFO  server.RaftServerConfigKeys (ConfUtils.java:logGet(43)) - raft.server.snapshot.retention.num.files = -1 (default)
2019-09-04 17:19:58,215 [pool-439-thread-1] INFO  server.RaftServerConfigKeys (ConfUtils.java:logGet(43)) - raft.server.retrycache.expirytime = 600000ms (custom)
2019-09-04 17:19:58,218 [pool-439-thread-1] INFO  impl.RaftServerImpl (RaftServerImpl.java:start(185)) - 305120e2-ed04-4093-b8eb-15d639fdaf7c@group-8B2DC41FDA21: start as a follower, conf=-1: [305120e2-ed04-4093-b8eb-15d639fdaf7c:192.168.34.57:34116], old=null
2019-09-04 17:19:58,218 [pool-439-thread-1] INFO  impl.RaftServerImpl (RaftServerImpl.java:setRole(174)) - 305120e2-ed04-4093-b8eb-15d639fdaf7c@group-8B2DC41FDA21: changes role from      null to FOLLOWER at term 0 for startAsFollower
2019-09-04 17:19:58,218 [pool-439-thread-1] INFO  impl.RoleInfo (RoleInfo.java:updateAndGet(143)) - 305120e2-ed04-4093-b8eb-15d639fdaf7c: start FollowerState
2019-09-04 17:19:58,219 [pool-439-thread-1] INFO  util.JmxRegister (JmxRegister.java:tryRegister(44)) - Successfully registered JMX Bean with object name Ratis:service=RaftServer,group=group-8B2DC41FDA21,id=305120e2-ed04-4093-b8eb-15d639fdaf7c
2019-09-04 17:19:58,221 [RatisPipelineUtilsThread] INFO  pipeline.PipelineStateManager (PipelineStateManager.java:addPipeline(56)) - Created pipeline Pipeline[ Id: f7f61099-ee22-4b0a-812a-8b2dc41fda21, Nodes: 305120e2-ed04-4093-b8eb-15d639fdaf7c{ip: 192.168.34.57, host: pr-hdds-1561-mdkws-1819952476, networkLocation: /default-rack, certSerialId: null}, Type:RATIS, Factor:ONE, State:OPEN]
2019-09-04 17:19:58,226 [grpc-default-executor-17] INFO  impl.RaftServerProxy (RaftServerProxy.java:addNew(89)) - e1b16608-d523-4d5d-af4b-b418ef86114b: addNew group-6A79DD08F32C:[e1b16608-d523-4d5d-af4b-b418ef86114b:192.168.34.57:33788] returns group-6A79DD08F32C:java.util.concurrent.CompletableFuture@6c072647[Not completed]
2019-09-04 17:19:58,227 [pool-459-thread-1] INFO  impl.RaftServerImpl (RaftServerImpl.java:<init>(95)) - e1b16608-d523-4d5d-af4b-b418ef86114b: new RaftServerImpl for group-6A79DD08F32C:[e1b16608-d523-4d5d-af4b-b418ef86114b:192.168.34.57:33788] with ContainerStateMachine:uninitialized
2019-09-04 17:19:58,228 [pool-459-thread-1] INFO  server.RaftServerConfigKeys (ConfUtils.java:logGet(43)) - raft.server.rpc.timeout.min = 5s (custom)
2019-09-04 17:19:58,228 [pool-459-thread-1] INFO  server.RaftServerConfigKeys (ConfUtils.java:logGet(43)) - raft.server.rpc.timeout.max = 5200ms (custom)
2019-09-04 17:19:58,228 [pool-459-thread-1] INFO  server.RaftServerConfigKeys (ConfUtils.java:logGet(43)) - raft.server.rpcslowness.timeout = 120s (custom)
2019-09-04 17:19:58,228 [pool-459-thread-1] INFO  server.RaftServerConfigKeys (ConfUtils.java:logGet(43)) - raft.server.sleep.deviation.threshold = 300 (default)
2019-09-04 17:19:58,228 [pool-459-thread-1] INFO  server.RaftServerConfigKeys (ConfUtils.java:logGet(43)) - raft.server.log.appender.install.snapshot.enabled = false (custom)
2019-09-04 17:19:58,228 [pool-459-thread-1] INFO  impl.RaftServerImpl (ServerState.java:<init>(103)) - e1b16608-d523-4d5d-af4b-b418ef86114b@group-6A79DD08F32C: ConfigurationManager, init=-1: [e1b16608-d523-4d5d-af4b-b418ef86114b:192.168.34.57:33788], old=null, confs=<EMPTY_MAP>
2019-09-04 17:19:58,228 [pool-459-thread-1] INFO  server.RaftServerConfigKeys (ConfUtils.java:logGet(43)) - raft.server.storage.dir = [/workdir/hadoop-ozone/integration-test/target/test-dir/MiniOzoneClusterImpl-2f594647-c66f-4987-a195-77c452f53489/datanode-5/data/ratis] (custom)
2019-09-04 17:19:58,229 [pool-459-thread-1] INFO  storage.RaftStorageDirectory (RaftStorageDirectory.java:analyzeStorage(246)) - The storage directory /workdir/hadoop-ozone/integration-test/target/test-dir/MiniOzoneClusterImpl-2f594647-c66f-4987-a195-77c452f53489/datanode-5/data/ratis/eab01a27-bc24-4ec6-a000-6a79dd08f32c does not exist. Creating ...
2019-09-04 17:19:58,241 [pool-459-thread-1] INFO  storage.RaftStorageDirectory (RaftStorageDirectory.java:tryLock(328)) - Lock on /workdir/hadoop-ozone/integration-test/target/test-dir/MiniOzoneClusterImpl-2f594647-c66f-4987-a195-77c452f53489/datanode-5/data/ratis/eab01a27-bc24-4ec6-a000-6a79dd08f32c/in_use.lock acquired by nodename 3098@pr-hdds-1561-mdkws-1819952476
2019-09-04 17:19:58,254 [pool-459-thread-1] INFO  storage.RaftStorage (RaftStorage.java:format(72)) - Storage directory /workdir/hadoop-ozone/integration-test/target/test-dir/MiniOzoneClusterImpl-2f594647-c66f-4987-a195-77c452f53489/datanode-5/data/ratis/eab01a27-bc24-4ec6-a000-6a79dd08f32c has been successfully formatted.
2019-09-04 17:19:58,255 [pool-459-thread-1] INFO  ratis.ContainerStateMachine (ContainerStateMachine.java:loadSnapshot(232)) - group-6A79DD08F32C: The snapshot info is null. Setting the last applied indexto:(t:0, i:~)
2019-09-04 17:19:58,255 [pool-459-thread-1] INFO  server.RaftServerConfigKeys (ConfUtils.java:logGet(43)) - raft.server.notification.no-leader.timeout = 120s (custom)
2019-09-04 17:19:58,255 [pool-459-thread-1] INFO  server.RaftServerConfigKeys (ConfUtils.java:logGet(43)) - raft.server.log.use.memory = false (default)
2019-09-04 17:19:58,255 [pool-459-thread-1] INFO  server.RaftServerConfigKeys (ConfUtils.java:logGet(43)) - raft.server.log.purge.gap = 1000000 (custom)
2019-09-04 17:19:58,255 [pool-459-thread-1] INFO  server.RaftServerConfigKeys (ConfUtils.java:logGet(43)) - raft.server.log.appender.buffer.byte-limit = 33554432 (custom)
2019-09-04 17:19:58,255 [pool-459-thread-1] INFO  server.RaftServerConfigKeys (ConfUtils.java:logGet(43)) - raft.server.log.segment.size.max = 1048576 (custom)
2019-09-04 17:19:58,255 [pool-459-thread-1] INFO  server.RaftServerConfigKeys (ConfUtils.java:logGet(43)) - raft.server.log.segment.cache.num.max = 2 (custom)
2019-09-04 17:19:58,256 [pool-459-thread-1] INFO  segmented.SegmentedRaftLogWorker (SegmentedRaftLogWorker.java:<init>(172)) - new e1b16608-d523-4d5d-af4b-b418ef86114b@group-6A79DD08F32C-SegmentedRaftLogWorker for RaftStorage:Storage Directory /workdir/hadoop-ozone/integration-test/target/test-dir/MiniOzoneClusterImpl-2f594647-c66f-4987-a195-77c452f53489/datanode-5/data/ratis/eab01a27-bc24-4ec6-a000-6a79dd08f32c
2019-09-04 17:19:58,256 [IPC Server handler 7 on 41007] INFO  net.NetworkTopology (NetworkTopologyImpl.java:add(110)) - Added a new node: /default-rack/cb36962c-e1d1-471d-89a7-03694d45c07b
2019-09-04 17:19:58,256 [IPC Server handler 7 on 41007] INFO  node.SCMNodeManager (SCMNodeManager.java:register(266)) - Registered Data node : cb36962c-e1d1-471d-89a7-03694d45c07b{ip: 192.168.34.57, host: pr-hdds-1561-mdkws-1819952476, networkLocation: /default-rack, certSerialId: null}
2019-09-04 17:19:58,257 [pool-459-thread-1] INFO  server.RaftServerConfigKeys (ConfUtils.java:logGet(43)) - raft.server.log.queue.byte-limit = 2147483647 (custom)
2019-09-04 17:19:58,257 [pool-459-thread-1] INFO  server.RaftServerConfigKeys (ConfUtils.java:logGet(43)) - raft.server.log.queue.element-limit = 1024 (custom)
2019-09-04 17:19:58,257 [pool-459-thread-1] INFO  server.RaftServerConfigKeys (ConfUtils.java:logGet(43)) - raft.server.log.segment.size.max = 1048576 (custom)
2019-09-04 17:19:58,257 [pool-459-thread-1] INFO  server.RaftServerConfigKeys (ConfUtils.java:logGet(43)) - raft.server.log.preallocated.size = 16384 (custom)
2019-09-04 17:19:58,258 [main] INFO  ozone.MiniOzoneClusterImpl (MiniOzoneClusterImpl.java:lambda$waitForClusterToBeReady$0(140)) - Cluster is ready. Got 7 of 7 DN Heartbeats.
2019-09-04 17:19:58,258 [pool-459-thread-1] INFO  server.RaftServerConfigKeys (ConfUtils.java:logGet(43)) - raft.server.log.write.buffer.size = 33554432 (custom)
2019-09-04 17:19:58,258 [pool-459-thread-1] INFO  server.RaftServerConfigKeys (ConfUtils.java:logGet(43)) - raft.server.log.force.sync.num = 128 (default)
2019-09-04 17:19:58,258 [pool-459-thread-1] INFO  server.RaftServerConfigKeys (ConfUtils.java:logGet(43)) - raft.server.log.statemachine.data.sync = true (default)
2019-09-04 17:19:58,258 [pool-459-thread-1] INFO  server.RaftServerConfigKeys (ConfUtils.java:logGet(43)) - raft.server.log.statemachine.data.sync.timeout = 10s (default)
2019-09-04 17:19:58,258 [pool-459-thread-1] INFO  server.RaftServerConfigKeys (ConfUtils.java:logGet(43)) - raft.server.log.statemachine.data.sync.timeout.retry = -1 (default)
2019-09-04 17:19:58,259 [pool-459-thread-1] INFO  server.RaftServerConfigKeys (ConfUtils.java:logGet(43)) - raft.server.log.statemachine.data.caching.enabled = true (custom)
2019-09-04 17:19:58,259 [pool-459-thread-1] INFO  segmented.SegmentedRaftLogWorker (SegmentedRaftLogWorker.java:lambda$new$0(132)) - e1b16608-d523-4d5d-af4b-b418ef86114b@group-6A79DD08F32C-SegmentedRaftLogWorker: flushIndex: setUnconditionally 0 -> -1
2019-09-04 17:19:58,259 [pool-459-thread-1] INFO  server.RaftServerConfigKeys (ConfUtils.java:logGet(43)) - raft.server.snapshot.auto.trigger.enabled = true (custom)
2019-09-04 17:19:58,259 [pool-459-thread-1] INFO  server.RaftServerConfigKeys (ConfUtils.java:logGet(43)) - raft.server.snapshot.auto.trigger.threshold = 10000 (custom)
2019-09-04 17:19:58,259 [pool-459-thread-1] INFO  server.RaftServerConfigKeys (ConfUtils.java:logGet(43)) - raft.server.snapshot.retention.num.files = -1 (default)
2019-09-04 17:19:58,260 [pool-459-thread-1] INFO  server.RaftServerConfigKeys (ConfUtils.java:logGet(43)) - raft.server.retrycache.expirytime = 600000ms (custom)
2019-09-04 17:19:58,270 [pool-459-thread-1] INFO  impl.RaftServerImpl (RaftServerImpl.java:start(185)) - e1b16608-d523-4d5d-af4b-b418ef86114b@group-6A79DD08F32C: start as a follower, conf=-1: [e1b16608-d523-4d5d-af4b-b418ef86114b:192.168.34.57:33788], old=null
2019-09-04 17:19:58,270 [pool-459-thread-1] INFO  impl.RaftServerImpl (RaftServerImpl.java:setRole(174)) - e1b16608-d523-4d5d-af4b-b418ef86114b@group-6A79DD08F32C: changes role from      null to FOLLOWER at term 0 for startAsFollower
2019-09-04 17:19:58,270 [pool-459-thread-1] INFO  impl.RoleInfo (RoleInfo.java:updateAndGet(143)) - e1b16608-d523-4d5d-af4b-b418ef86114b: start FollowerState
2019-09-04 17:19:58,270 [pool-459-thread-1] INFO  util.JmxRegister (JmxRegister.java:tryRegister(44)) - Successfully registered JMX Bean with object name Ratis:service=RaftServer,group=group-6A79DD08F32C,id=e1b16608-d523-4d5d-af4b-b418ef86114b
2019-09-04 17:19:58,275 [RatisPipelineUtilsThread] INFO  pipeline.PipelineStateManager (PipelineStateManager.java:addPipeline(56)) - Created pipeline Pipeline[ Id: eab01a27-bc24-4ec6-a000-6a79dd08f32c, Nodes: e1b16608-d523-4d5d-af4b-b418ef86114b{ip: 192.168.34.57, host: pr-hdds-1561-mdkws-1819952476, networkLocation: /default-rack, certSerialId: null}, Type:RATIS, Factor:ONE, State:OPEN]
2019-09-04 17:19:58,297 [main] INFO  rpc.RpcClient (RpcClient.java:createVolume(293)) - Creating Volume: testblockoutputstream, with jenkins1000 as owner.
2019-09-04 17:19:58,297 [grpc-default-executor-17] INFO  impl.RaftServerProxy (RaftServerProxy.java:addNew(89)) - cb36962c-e1d1-471d-89a7-03694d45c07b: addNew group-AA141A77199B:[cb36962c-e1d1-471d-89a7-03694d45c07b:192.168.34.57:35025] returns group-AA141A77199B:java.util.concurrent.CompletableFuture@235c31aa[Not completed]
2019-09-04 17:19:58,298 [pool-469-thread-1] INFO  impl.RaftServerImpl (RaftServerImpl.java:<init>(95)) - cb36962c-e1d1-471d-89a7-03694d45c07b: new RaftServerImpl for group-AA141A77199B:[cb36962c-e1d1-471d-89a7-03694d45c07b:192.168.34.57:35025] with ContainerStateMachine:uninitialized
2019-09-04 17:19:58,298 [pool-469-thread-1] INFO  server.RaftServerConfigKeys (ConfUtils.java:logGet(43)) - raft.server.rpc.timeout.min = 5s (custom)
2019-09-04 17:19:58,298 [pool-469-thread-1] INFO  server.RaftServerConfigKeys (ConfUtils.java:logGet(43)) - raft.server.rpc.timeout.max = 5200ms (custom)
2019-09-04 17:19:58,298 [pool-469-thread-1] INFO  server.RaftServerConfigKeys (ConfUtils.java:logGet(43)) - raft.server.rpcslowness.timeout = 120s (custom)
2019-09-04 17:19:58,299 [pool-469-thread-1] INFO  server.RaftServerConfigKeys (ConfUtils.java:logGet(43)) - raft.server.sleep.deviation.threshold = 300 (default)
2019-09-04 17:19:58,299 [pool-469-thread-1] INFO  server.RaftServerConfigKeys (ConfUtils.java:logGet(43)) - raft.server.log.appender.install.snapshot.enabled = false (custom)
2019-09-04 17:19:58,299 [pool-469-thread-1] INFO  impl.RaftServerImpl (ServerState.java:<init>(103)) - cb36962c-e1d1-471d-89a7-03694d45c07b@group-AA141A77199B: ConfigurationManager, init=-1: [cb36962c-e1d1-471d-89a7-03694d45c07b:192.168.34.57:35025], old=null, confs=<EMPTY_MAP>
2019-09-04 17:19:58,299 [pool-469-thread-1] INFO  server.RaftServerConfigKeys (ConfUtils.java:logGet(43)) - raft.server.storage.dir = [/workdir/hadoop-ozone/integration-test/target/test-dir/MiniOzoneClusterImpl-2f594647-c66f-4987-a195-77c452f53489/datanode-6/data/ratis] (custom)
2019-09-04 17:19:58,299 [pool-469-thread-1] INFO  storage.RaftStorageDirectory (RaftStorageDirectory.java:analyzeStorage(246)) - The storage directory /workdir/hadoop-ozone/integration-test/target/test-dir/MiniOzoneClusterImpl-2f594647-c66f-4987-a195-77c452f53489/datanode-6/data/ratis/65ca6261-7124-4a79-8b9f-aa141a77199b does not exist. Creating ...
2019-09-04 17:19:58,312 [main] INFO  rpc.RpcClient (RpcClient.java:createBucket(432)) - Creating Bucket: testblockoutputstream/testblockoutputstream, with Versioning false and Storage Type set to DISK and Encryption set to false 
2019-09-04 17:19:58,312 [pool-469-thread-1] INFO  storage.RaftStorageDirectory (RaftStorageDirectory.java:tryLock(328)) - Lock on /workdir/hadoop-ozone/integration-test/target/test-dir/MiniOzoneClusterImpl-2f594647-c66f-4987-a195-77c452f53489/datanode-6/data/ratis/65ca6261-7124-4a79-8b9f-aa141a77199b/in_use.lock acquired by nodename 3098@pr-hdds-1561-mdkws-1819952476
2019-09-04 17:19:58,325 [pool-469-thread-1] INFO  storage.RaftStorage (RaftStorage.java:format(72)) - Storage directory /workdir/hadoop-ozone/integration-test/target/test-dir/MiniOzoneClusterImpl-2f594647-c66f-4987-a195-77c452f53489/datanode-6/data/ratis/65ca6261-7124-4a79-8b9f-aa141a77199b has been successfully formatted.
2019-09-04 17:19:58,325 [pool-469-thread-1] INFO  ratis.ContainerStateMachine (ContainerStateMachine.java:loadSnapshot(232)) - group-AA141A77199B: The snapshot info is null. Setting the last applied indexto:(t:0, i:~)
2019-09-04 17:19:58,325 [pool-469-thread-1] INFO  server.RaftServerConfigKeys (ConfUtils.java:logGet(43)) - raft.server.notification.no-leader.timeout = 120s (custom)
2019-09-04 17:19:58,325 [pool-469-thread-1] INFO  server.RaftServerConfigKeys (ConfUtils.java:logGet(43)) - raft.server.log.use.memory = false (default)
2019-09-04 17:19:58,325 [pool-469-thread-1] INFO  server.RaftServerConfigKeys (ConfUtils.java:logGet(43)) - raft.server.log.purge.gap = 1000000 (custom)
2019-09-04 17:19:58,325 [pool-469-thread-1] INFO  server.RaftServerConfigKeys (ConfUtils.java:logGet(43)) - raft.server.log.appender.buffer.byte-limit = 33554432 (custom)
2019-09-04 17:19:58,326 [pool-469-thread-1] INFO  server.RaftServerConfigKeys (ConfUtils.java:logGet(43)) - raft.server.log.segment.size.max = 1048576 (custom)
2019-09-04 17:19:58,326 [pool-469-thread-1] INFO  server.RaftServerConfigKeys (ConfUtils.java:logGet(43)) - raft.server.log.segment.cache.num.max = 2 (custom)
2019-09-04 17:19:58,326 [pool-469-thread-1] INFO  segmented.SegmentedRaftLogWorker (SegmentedRaftLogWorker.java:<init>(172)) - new cb36962c-e1d1-471d-89a7-03694d45c07b@group-AA141A77199B-SegmentedRaftLogWorker for RaftStorage:Storage Directory /workdir/hadoop-ozone/integration-test/target/test-dir/MiniOzoneClusterImpl-2f594647-c66f-4987-a195-77c452f53489/datanode-6/data/ratis/65ca6261-7124-4a79-8b9f-aa141a77199b
2019-09-04 17:19:58,327 [pool-469-thread-1] INFO  server.RaftServerConfigKeys (ConfUtils.java:logGet(43)) - raft.server.log.queue.byte-limit = 2147483647 (custom)
2019-09-04 17:19:58,327 [pool-469-thread-1] INFO  server.RaftServerConfigKeys (ConfUtils.java:logGet(43)) - raft.server.log.queue.element-limit = 1024 (custom)
2019-09-04 17:19:58,327 [pool-469-thread-1] INFO  server.RaftServerConfigKeys (ConfUtils.java:logGet(43)) - raft.server.log.segment.size.max = 1048576 (custom)
2019-09-04 17:19:58,328 [pool-469-thread-1] INFO  server.RaftServerConfigKeys (ConfUtils.java:logGet(43)) - raft.server.log.preallocated.size = 16384 (custom)
2019-09-04 17:19:58,328 [pool-469-thread-1] INFO  server.RaftServerConfigKeys (ConfUtils.java:logGet(43)) - raft.server.log.write.buffer.size = 33554432 (custom)
2019-09-04 17:19:58,328 [pool-469-thread-1] INFO  server.RaftServerConfigKeys (ConfUtils.java:logGet(43)) - raft.server.log.force.sync.num = 128 (default)
2019-09-04 17:19:58,328 [pool-469-thread-1] INFO  server.RaftServerConfigKeys (ConfUtils.java:logGet(43)) - raft.server.log.statemachine.data.sync = true (default)
2019-09-04 17:19:58,328 [pool-469-thread-1] INFO  server.RaftServerConfigKeys (ConfUtils.java:logGet(43)) - raft.server.log.statemachine.data.sync.timeout = 10s (default)
2019-09-04 17:19:58,328 [pool-469-thread-1] INFO  server.RaftServerConfigKeys (ConfUtils.java:logGet(43)) - raft.server.log.statemachine.data.sync.timeout.retry = -1 (default)
2019-09-04 17:19:58,328 [pool-469-thread-1] INFO  server.RaftServerConfigKeys (ConfUtils.java:logGet(43)) - raft.server.log.statemachine.data.caching.enabled = true (custom)
2019-09-04 17:19:58,329 [pool-469-thread-1] INFO  segmented.SegmentedRaftLogWorker (SegmentedRaftLogWorker.java:lambda$new$0(132)) - cb36962c-e1d1-471d-89a7-03694d45c07b@group-AA141A77199B-SegmentedRaftLogWorker: flushIndex: setUnconditionally 0 -> -1
2019-09-04 17:19:58,329 [pool-469-thread-1] INFO  server.RaftServerConfigKeys (ConfUtils.java:logGet(43)) - raft.server.snapshot.auto.trigger.enabled = true (custom)
2019-09-04 17:19:58,329 [pool-469-thread-1] INFO  server.RaftServerConfigKeys (ConfUtils.java:logGet(43)) - raft.server.snapshot.auto.trigger.threshold = 10000 (custom)
2019-09-04 17:19:58,329 [pool-469-thread-1] INFO  server.RaftServerConfigKeys (ConfUtils.java:logGet(43)) - raft.server.snapshot.retention.num.files = -1 (default)
2019-09-04 17:19:58,329 [pool-469-thread-1] INFO  server.RaftServerConfigKeys (ConfUtils.java:logGet(43)) - raft.server.retrycache.expirytime = 600000ms (custom)
2019-09-04 17:19:58,330 [pool-469-thread-1] INFO  impl.RaftServerImpl (RaftServerImpl.java:start(185)) - cb36962c-e1d1-471d-89a7-03694d45c07b@group-AA141A77199B: start as a follower, conf=-1: [cb36962c-e1d1-471d-89a7-03694d45c07b:192.168.34.57:35025], old=null
2019-09-04 17:19:58,331 [pool-469-thread-1] INFO  impl.RaftServerImpl (RaftServerImpl.java:setRole(174)) - cb36962c-e1d1-471d-89a7-03694d45c07b@group-AA141A77199B: changes role from      null to FOLLOWER at term 0 for startAsFollower
2019-09-04 17:19:58,331 [pool-469-thread-1] INFO  impl.RoleInfo (RoleInfo.java:updateAndGet(143)) - cb36962c-e1d1-471d-89a7-03694d45c07b: start FollowerState
2019-09-04 17:19:58,331 [pool-469-thread-1] INFO  util.JmxRegister (JmxRegister.java:tryRegister(44)) - Successfully registered JMX Bean with object name Ratis:service=RaftServer,group=group-AA141A77199B,id=cb36962c-e1d1-471d-89a7-03694d45c07b
2019-09-04 17:19:58,333 [RatisPipelineUtilsThread] INFO  pipeline.PipelineStateManager (PipelineStateManager.java:addPipeline(56)) - Created pipeline Pipeline[ Id: 65ca6261-7124-4a79-8b9f-aa141a77199b, Nodes: cb36962c-e1d1-471d-89a7-03694d45c07b{ip: 192.168.34.57, host: pr-hdds-1561-mdkws-1819952476, networkLocation: /default-rack, certSerialId: null}, Type:RATIS, Factor:ONE, State:OPEN]
2019-09-04 17:19:58,343 [grpc-default-executor-16] INFO  impl.RaftServerProxy (RaftServerProxy.java:addNew(89)) - 305120e2-ed04-4093-b8eb-15d639fdaf7c: addNew group-D7045515CA6C:[986dd48b-ab2d-4dda-bcfc-6b1c0b2b378a:192.168.34.57:41714, cb36962c-e1d1-471d-89a7-03694d45c07b:192.168.34.57:35025, 305120e2-ed04-4093-b8eb-15d639fdaf7c:192.168.34.57:34116] returns group-D7045515CA6C:java.util.concurrent.CompletableFuture@406b92af[Not completed]
2019-09-04 17:19:58,344 [grpc-default-executor-16] INFO  impl.RaftServerProxy (RaftServerProxy.java:addNew(89)) - 986dd48b-ab2d-4dda-bcfc-6b1c0b2b378a: addNew group-D7045515CA6C:[986dd48b-ab2d-4dda-bcfc-6b1c0b2b378a:192.168.34.57:41714, cb36962c-e1d1-471d-89a7-03694d45c07b:192.168.34.57:35025, 305120e2-ed04-4093-b8eb-15d639fdaf7c:192.168.34.57:34116] returns group-D7045515CA6C:java.util.concurrent.CompletableFuture@197b5497[Not completed]
2019-09-04 17:19:58,344 [grpc-default-executor-17] INFO  impl.RaftServerProxy (RaftServerProxy.java:addNew(89)) - cb36962c-e1d1-471d-89a7-03694d45c07b: addNew group-D7045515CA6C:[986dd48b-ab2d-4dda-bcfc-6b1c0b2b378a:192.168.34.57:41714, cb36962c-e1d1-471d-89a7-03694d45c07b:192.168.34.57:35025, 305120e2-ed04-4093-b8eb-15d639fdaf7c:192.168.34.57:34116] returns group-D7045515CA6C:java.util.concurrent.CompletableFuture@7a4fa230[Not completed]
2019-09-04 17:19:58,344 [pool-439-thread-1] INFO  impl.RaftServerImpl (RaftServerImpl.java:<init>(95)) - 305120e2-ed04-4093-b8eb-15d639fdaf7c: new RaftServerImpl for group-D7045515CA6C:[986dd48b-ab2d-4dda-bcfc-6b1c0b2b378a:192.168.34.57:41714, cb36962c-e1d1-471d-89a7-03694d45c07b:192.168.34.57:35025, 305120e2-ed04-4093-b8eb-15d639fdaf7c:192.168.34.57:34116] with ContainerStateMachine:uninitialized
2019-09-04 17:19:58,344 [pool-439-thread-1] INFO  server.RaftServerConfigKeys (ConfUtils.java:logGet(43)) - raft.server.rpc.timeout.min = 5s (custom)
2019-09-04 17:19:58,344 [pool-439-thread-1] INFO  server.RaftServerConfigKeys (ConfUtils.java:logGet(43)) - raft.server.rpc.timeout.max = 5200ms (custom)
2019-09-04 17:19:58,344 [pool-439-thread-1] INFO  server.RaftServerConfigKeys (ConfUtils.java:logGet(43)) - raft.server.rpcslowness.timeout = 120s (custom)
2019-09-04 17:19:58,345 [pool-439-thread-1] INFO  server.RaftServerConfigKeys (ConfUtils.java:logGet(43)) - raft.server.sleep.deviation.threshold = 300 (default)
2019-09-04 17:19:58,345 [pool-449-thread-1] INFO  impl.RaftServerImpl (RaftServerImpl.java:<init>(95)) - 986dd48b-ab2d-4dda-bcfc-6b1c0b2b378a: new RaftServerImpl for group-D7045515CA6C:[986dd48b-ab2d-4dda-bcfc-6b1c0b2b378a:192.168.34.57:41714, cb36962c-e1d1-471d-89a7-03694d45c07b:192.168.34.57:35025, 305120e2-ed04-4093-b8eb-15d639fdaf7c:192.168.34.57:34116] with ContainerStateMachine:uninitialized
2019-09-04 17:19:58,345 [pool-439-thread-1] INFO  server.RaftServerConfigKeys (ConfUtils.java:logGet(43)) - raft.server.log.appender.install.snapshot.enabled = false (custom)
2019-09-04 17:19:58,345 [pool-449-thread-1] INFO  server.RaftServerConfigKeys (ConfUtils.java:logGet(43)) - raft.server.rpc.timeout.min = 5s (custom)
2019-09-04 17:19:58,345 [pool-439-thread-1] INFO  impl.RaftServerImpl (ServerState.java:<init>(103)) - 305120e2-ed04-4093-b8eb-15d639fdaf7c@group-D7045515CA6C: ConfigurationManager, init=-1: [986dd48b-ab2d-4dda-bcfc-6b1c0b2b378a:192.168.34.57:41714, cb36962c-e1d1-471d-89a7-03694d45c07b:192.168.34.57:35025, 305120e2-ed04-4093-b8eb-15d639fdaf7c:192.168.34.57:34116], old=null, confs=<EMPTY_MAP>
2019-09-04 17:19:58,345 [pool-449-thread-1] INFO  server.RaftServerConfigKeys (ConfUtils.java:logGet(43)) - raft.server.rpc.timeout.max = 5200ms (custom)
2019-09-04 17:19:58,345 [pool-439-thread-1] INFO  server.RaftServerConfigKeys (ConfUtils.java:logGet(43)) - raft.server.storage.dir = [/workdir/hadoop-ozone/integration-test/target/test-dir/MiniOzoneClusterImpl-2f594647-c66f-4987-a195-77c452f53489/datanode-3/data/ratis] (custom)
2019-09-04 17:19:58,345 [pool-469-thread-1] INFO  impl.RaftServerImpl (RaftServerImpl.java:<init>(95)) - cb36962c-e1d1-471d-89a7-03694d45c07b: new RaftServerImpl for group-D7045515CA6C:[986dd48b-ab2d-4dda-bcfc-6b1c0b2b378a:192.168.34.57:41714, cb36962c-e1d1-471d-89a7-03694d45c07b:192.168.34.57:35025, 305120e2-ed04-4093-b8eb-15d639fdaf7c:192.168.34.57:34116] with ContainerStateMachine:uninitialized
2019-09-04 17:19:58,345 [pool-449-thread-1] INFO  server.RaftServerConfigKeys (ConfUtils.java:logGet(43)) - raft.server.rpcslowness.timeout = 120s (custom)
2019-09-04 17:19:58,345 [pool-469-thread-1] INFO  server.RaftServerConfigKeys (ConfUtils.java:logGet(43)) - raft.server.rpc.timeout.min = 5s (custom)
2019-09-04 17:19:58,346 [pool-439-thread-1] INFO  storage.RaftStorageDirectory (RaftStorageDirectory.java:analyzeStorage(246)) - The storage directory /workdir/hadoop-ozone/integration-test/target/test-dir/MiniOzoneClusterImpl-2f594647-c66f-4987-a195-77c452f53489/datanode-3/data/ratis/8e7d82c8-c8cc-40a3-9dc5-d7045515ca6c does not exist. Creating ...
2019-09-04 17:19:58,346 [pool-449-thread-1] INFO  server.RaftServerConfigKeys (ConfUtils.java:logGet(43)) - raft.server.sleep.deviation.threshold = 300 (default)
2019-09-04 17:19:58,346 [pool-469-thread-1] INFO  server.RaftServerConfigKeys (ConfUtils.java:logGet(43)) - raft.server.rpc.timeout.max = 5200ms (custom)
2019-09-04 17:19:58,346 [pool-449-thread-1] INFO  server.RaftServerConfigKeys (ConfUtils.java:logGet(43)) - raft.server.log.appender.install.snapshot.enabled = false (custom)
2019-09-04 17:19:58,346 [pool-469-thread-1] INFO  server.RaftServerConfigKeys (ConfUtils.java:logGet(43)) - raft.server.rpcslowness.timeout = 120s (custom)
2019-09-04 17:19:58,346 [pool-449-thread-1] INFO  impl.RaftServerImpl (ServerState.java:<init>(103)) - 986dd48b-ab2d-4dda-bcfc-6b1c0b2b378a@group-D7045515CA6C: ConfigurationManager, init=-1: [986dd48b-ab2d-4dda-bcfc-6b1c0b2b378a:192.168.34.57:41714, cb36962c-e1d1-471d-89a7-03694d45c07b:192.168.34.57:35025, 305120e2-ed04-4093-b8eb-15d639fdaf7c:192.168.34.57:34116], old=null, confs=<EMPTY_MAP>
2019-09-04 17:19:58,346 [pool-469-thread-1] INFO  server.RaftServerConfigKeys (ConfUtils.java:logGet(43)) - raft.server.sleep.deviation.threshold = 300 (default)
2019-09-04 17:19:58,346 [pool-449-thread-1] INFO  server.RaftServerConfigKeys (ConfUtils.java:logGet(43)) - raft.server.storage.dir = [/workdir/hadoop-ozone/integration-test/target/test-dir/MiniOzoneClusterImpl-2f594647-c66f-4987-a195-77c452f53489/datanode-4/data/ratis] (custom)
2019-09-04 17:19:58,346 [pool-469-thread-1] INFO  server.RaftServerConfigKeys (ConfUtils.java:logGet(43)) - raft.server.log.appender.install.snapshot.enabled = false (custom)
2019-09-04 17:19:58,347 [pool-469-thread-1] INFO  impl.RaftServerImpl (ServerState.java:<init>(103)) - cb36962c-e1d1-471d-89a7-03694d45c07b@group-D7045515CA6C: ConfigurationManager, init=-1: [986dd48b-ab2d-4dda-bcfc-6b1c0b2b378a:192.168.34.57:41714, cb36962c-e1d1-471d-89a7-03694d45c07b:192.168.34.57:35025, 305120e2-ed04-4093-b8eb-15d639fdaf7c:192.168.34.57:34116], old=null, confs=<EMPTY_MAP>
2019-09-04 17:19:58,347 [pool-449-thread-1] INFO  storage.RaftStorageDirectory (RaftStorageDirectory.java:analyzeStorage(246)) - The storage directory /workdir/hadoop-ozone/integration-test/target/test-dir/MiniOzoneClusterImpl-2f594647-c66f-4987-a195-77c452f53489/datanode-4/data/ratis/8e7d82c8-c8cc-40a3-9dc5-d7045515ca6c does not exist. Creating ...
2019-09-04 17:19:58,347 [pool-469-thread-1] INFO  server.RaftServerConfigKeys (ConfUtils.java:logGet(43)) - raft.server.storage.dir = [/workdir/hadoop-ozone/integration-test/target/test-dir/MiniOzoneClusterImpl-2f594647-c66f-4987-a195-77c452f53489/datanode-6/data/ratis] (custom)
2019-09-04 17:19:58,347 [pool-469-thread-1] INFO  storage.RaftStorageDirectory (RaftStorageDirectory.java:analyzeStorage(246)) - The storage directory /workdir/hadoop-ozone/integration-test/target/test-dir/MiniOzoneClusterImpl-2f594647-c66f-4987-a195-77c452f53489/datanode-6/data/ratis/8e7d82c8-c8cc-40a3-9dc5-d7045515ca6c does not exist. Creating ...
2019-09-04 17:19:58,359 [pool-449-thread-1] INFO  storage.RaftStorageDirectory (RaftStorageDirectory.java:tryLock(328)) - Lock on /workdir/hadoop-ozone/integration-test/target/test-dir/MiniOzoneClusterImpl-2f594647-c66f-4987-a195-77c452f53489/datanode-4/data/ratis/8e7d82c8-c8cc-40a3-9dc5-d7045515ca6c/in_use.lock acquired by nodename 3098@pr-hdds-1561-mdkws-1819952476
2019-09-04 17:19:58,359 [pool-469-thread-1] INFO  storage.RaftStorageDirectory (RaftStorageDirectory.java:tryLock(328)) - Lock on /workdir/hadoop-ozone/integration-test/target/test-dir/MiniOzoneClusterImpl-2f594647-c66f-4987-a195-77c452f53489/datanode-6/data/ratis/8e7d82c8-c8cc-40a3-9dc5-d7045515ca6c/in_use.lock acquired by nodename 3098@pr-hdds-1561-mdkws-1819952476
2019-09-04 17:19:58,359 [pool-439-thread-1] INFO  storage.RaftStorageDirectory (RaftStorageDirectory.java:tryLock(328)) - Lock on /workdir/hadoop-ozone/integration-test/target/test-dir/MiniOzoneClusterImpl-2f594647-c66f-4987-a195-77c452f53489/datanode-3/data/ratis/8e7d82c8-c8cc-40a3-9dc5-d7045515ca6c/in_use.lock acquired by nodename 3098@pr-hdds-1561-mdkws-1819952476
2019-09-04 17:19:58,373 [pool-449-thread-1] INFO  storage.RaftStorage (RaftStorage.java:format(72)) - Storage directory /workdir/hadoop-ozone/integration-test/target/test-dir/MiniOzoneClusterImpl-2f594647-c66f-4987-a195-77c452f53489/datanode-4/data/ratis/8e7d82c8-c8cc-40a3-9dc5-d7045515ca6c has been successfully formatted.
2019-09-04 17:19:58,373 [pool-469-thread-1] INFO  storage.RaftStorage (RaftStorage.java:format(72)) - Storage directory /workdir/hadoop-ozone/integration-test/target/test-dir/MiniOzoneClusterImpl-2f594647-c66f-4987-a195-77c452f53489/datanode-6/data/ratis/8e7d82c8-c8cc-40a3-9dc5-d7045515ca6c has been successfully formatted.
2019-09-04 17:19:58,373 [pool-449-thread-1] INFO  ratis.ContainerStateMachine (ContainerStateMachine.java:loadSnapshot(232)) - group-D7045515CA6C: The snapshot info is null. Setting the last applied indexto:(t:0, i:~)
2019-09-04 17:19:58,373 [pool-439-thread-1] INFO  storage.RaftStorage (RaftStorage.java:format(72)) - Storage directory /workdir/hadoop-ozone/integration-test/target/test-dir/MiniOzoneClusterImpl-2f594647-c66f-4987-a195-77c452f53489/datanode-3/data/ratis/8e7d82c8-c8cc-40a3-9dc5-d7045515ca6c has been successfully formatted.
2019-09-04 17:19:58,374 [pool-449-thread-1] INFO  server.RaftServerConfigKeys (ConfUtils.java:logGet(43)) - raft.server.notification.no-leader.timeout = 120s (custom)
2019-09-04 17:19:58,374 [pool-439-thread-1] INFO  ratis.ContainerStateMachine (ContainerStateMachine.java:loadSnapshot(232)) - group-D7045515CA6C: The snapshot info is null. Setting the last applied indexto:(t:0, i:~)
2019-09-04 17:19:58,374 [pool-469-thread-1] INFO  ratis.ContainerStateMachine (ContainerStateMachine.java:loadSnapshot(232)) - group-D7045515CA6C: The snapshot info is null. Setting the last applied indexto:(t:0, i:~)
2019-09-04 17:19:58,374 [pool-439-thread-1] INFO  server.RaftServerConfigKeys (ConfUtils.java:logGet(43)) - raft.server.notification.no-leader.timeout = 120s (custom)
2019-09-04 17:19:58,374 [pool-449-thread-1] INFO  server.RaftServerConfigKeys (ConfUtils.java:logGet(43)) - raft.server.log.use.memory = false (default)
2019-09-04 17:19:58,374 [pool-439-thread-1] INFO  server.RaftServerConfigKeys (ConfUtils.java:logGet(43)) - raft.server.log.use.memory = false (default)
2019-09-04 17:19:58,374 [pool-469-thread-1] INFO  server.RaftServerConfigKeys (ConfUtils.java:logGet(43)) - raft.server.notification.no-leader.timeout = 120s (custom)
2019-09-04 17:19:58,375 [pool-439-thread-1] INFO  server.RaftServerConfigKeys (ConfUtils.java:logGet(43)) - raft.server.log.purge.gap = 1000000 (custom)
2019-09-04 17:19:58,374 [pool-449-thread-1] INFO  server.RaftServerConfigKeys (ConfUtils.java:logGet(43)) - raft.server.log.purge.gap = 1000000 (custom)
2019-09-04 17:19:58,375 [pool-439-thread-1] INFO  server.RaftServerConfigKeys (ConfUtils.java:logGet(43)) - raft.server.log.appender.buffer.byte-limit = 33554432 (custom)
2019-09-04 17:19:58,375 [pool-469-thread-1] INFO  server.RaftServerConfigKeys (ConfUtils.java:logGet(43)) - raft.server.log.use.memory = false (default)
2019-09-04 17:19:58,375 [pool-439-thread-1] INFO  server.RaftServerConfigKeys (ConfUtils.java:logGet(43)) - raft.server.log.segment.size.max = 1048576 (custom)
2019-09-04 17:19:58,375 [pool-449-thread-1] INFO  server.RaftServerConfigKeys (ConfUtils.java:logGet(43)) - raft.server.log.appender.buffer.byte-limit = 33554432 (custom)
2019-09-04 17:19:58,375 [pool-439-thread-1] INFO  server.RaftServerConfigKeys (ConfUtils.java:logGet(43)) - raft.server.log.segment.cache.num.max = 2 (custom)
2019-09-04 17:19:58,375 [pool-469-thread-1] INFO  server.RaftServerConfigKeys (ConfUtils.java:logGet(43)) - raft.server.log.purge.gap = 1000000 (custom)
2019-09-04 17:19:58,376 [pool-439-thread-1] INFO  segmented.SegmentedRaftLogWorker (SegmentedRaftLogWorker.java:<init>(172)) - new 305120e2-ed04-4093-b8eb-15d639fdaf7c@group-D7045515CA6C-SegmentedRaftLogWorker for RaftStorage:Storage Directory /workdir/hadoop-ozone/integration-test/target/test-dir/MiniOzoneClusterImpl-2f594647-c66f-4987-a195-77c452f53489/datanode-3/data/ratis/8e7d82c8-c8cc-40a3-9dc5-d7045515ca6c
2019-09-04 17:19:58,376 [pool-449-thread-1] INFO  server.RaftServerConfigKeys (ConfUtils.java:logGet(43)) - raft.server.log.segment.size.max = 1048576 (custom)
2019-09-04 17:19:58,376 [pool-439-thread-1] INFO  server.RaftServerConfigKeys (ConfUtils.java:logGet(43)) - raft.server.log.queue.byte-limit = 2147483647 (custom)
2019-09-04 17:19:58,376 [pool-469-thread-1] INFO  server.RaftServerConfigKeys (ConfUtils.java:logGet(43)) - raft.server.log.appender.buffer.byte-limit = 33554432 (custom)
2019-09-04 17:19:58,376 [pool-439-thread-1] INFO  server.RaftServerConfigKeys (ConfUtils.java:logGet(43)) - raft.server.log.queue.element-limit = 1024 (custom)
2019-09-04 17:19:58,376 [pool-449-thread-1] INFO  server.RaftServerConfigKeys (ConfUtils.java:logGet(43)) - raft.server.log.segment.cache.num.max = 2 (custom)
2019-09-04 17:19:58,376 [pool-439-thread-1] INFO  server.RaftServerConfigKeys (ConfUtils.java:logGet(43)) - raft.server.log.segment.size.max = 1048576 (custom)
2019-09-04 17:19:58,376 [pool-469-thread-1] INFO  server.RaftServerConfigKeys (ConfUtils.java:logGet(43)) - raft.server.log.segment.size.max = 1048576 (custom)
2019-09-04 17:19:58,377 [pool-439-thread-1] INFO  server.RaftServerConfigKeys (ConfUtils.java:logGet(43)) - raft.server.log.preallocated.size = 16384 (custom)
2019-09-04 17:19:58,377 [pool-449-thread-1] INFO  segmented.SegmentedRaftLogWorker (SegmentedRaftLogWorker.java:<init>(172)) - new 986dd48b-ab2d-4dda-bcfc-6b1c0b2b378a@group-D7045515CA6C-SegmentedRaftLogWorker for RaftStorage:Storage Directory /workdir/hadoop-ozone/integration-test/target/test-dir/MiniOzoneClusterImpl-2f594647-c66f-4987-a195-77c452f53489/datanode-4/data/ratis/8e7d82c8-c8cc-40a3-9dc5-d7045515ca6c
2019-09-04 17:19:58,377 [pool-439-thread-1] INFO  server.RaftServerConfigKeys (ConfUtils.java:logGet(43)) - raft.server.log.write.buffer.size = 33554432 (custom)
2019-09-04 17:19:58,377 [pool-469-thread-1] INFO  server.RaftServerConfigKeys (ConfUtils.java:logGet(43)) - raft.server.log.segment.cache.num.max = 2 (custom)
2019-09-04 17:19:58,377 [pool-439-thread-1] INFO  server.RaftServerConfigKeys (ConfUtils.java:logGet(43)) - raft.server.log.force.sync.num = 128 (default)
2019-09-04 17:19:58,377 [pool-449-thread-1] INFO  server.RaftServerConfigKeys (ConfUtils.java:logGet(43)) - raft.server.log.queue.byte-limit = 2147483647 (custom)
2019-09-04 17:19:58,377 [pool-439-thread-1] INFO  server.RaftServerConfigKeys (ConfUtils.java:logGet(43)) - raft.server.log.statemachine.data.sync = true (default)
2019-09-04 17:19:58,377 [pool-469-thread-1] INFO  segmented.SegmentedRaftLogWorker (SegmentedRaftLogWorker.java:<init>(172)) - new cb36962c-e1d1-471d-89a7-03694d45c07b@group-D7045515CA6C-SegmentedRaftLogWorker for RaftStorage:Storage Directory /workdir/hadoop-ozone/integration-test/target/test-dir/MiniOzoneClusterImpl-2f594647-c66f-4987-a195-77c452f53489/datanode-6/data/ratis/8e7d82c8-c8cc-40a3-9dc5-d7045515ca6c
2019-09-04 17:19:58,378 [pool-439-thread-1] INFO  server.RaftServerConfigKeys (ConfUtils.java:logGet(43)) - raft.server.log.statemachine.data.sync.timeout = 10s (default)
2019-09-04 17:19:58,378 [pool-449-thread-1] INFO  server.RaftServerConfigKeys (ConfUtils.java:logGet(43)) - raft.server.log.queue.element-limit = 1024 (custom)
2019-09-04 17:19:58,378 [pool-439-thread-1] INFO  server.RaftServerConfigKeys (ConfUtils.java:logGet(43)) - raft.server.log.statemachine.data.sync.timeout.retry = -1 (default)
2019-09-04 17:19:58,378 [pool-469-thread-1] INFO  server.RaftServerConfigKeys (ConfUtils.java:logGet(43)) - raft.server.log.queue.byte-limit = 2147483647 (custom)
2019-09-04 17:19:58,378 [pool-439-thread-1] INFO  server.RaftServerConfigKeys (ConfUtils.java:logGet(43)) - raft.server.log.statemachine.data.caching.enabled = true (custom)
2019-09-04 17:19:58,378 [pool-449-thread-1] INFO  server.RaftServerConfigKeys (ConfUtils.java:logGet(43)) - raft.server.log.segment.size.max = 1048576 (custom)
2019-09-04 17:19:58,378 [pool-469-thread-1] INFO  server.RaftServerConfigKeys (ConfUtils.java:logGet(43)) - raft.server.log.queue.element-limit = 1024 (custom)
2019-09-04 17:19:58,379 [pool-439-thread-1] INFO  segmented.SegmentedRaftLogWorker (SegmentedRaftLogWorker.java:lambda$new$0(132)) - 305120e2-ed04-4093-b8eb-15d639fdaf7c@group-D7045515CA6C-SegmentedRaftLogWorker: flushIndex: setUnconditionally 0 -> -1
2019-09-04 17:19:58,379 [pool-449-thread-1] INFO  server.RaftServerConfigKeys (ConfUtils.java:logGet(43)) - raft.server.log.preallocated.size = 16384 (custom)
2019-09-04 17:19:58,379 [pool-469-thread-1] INFO  server.RaftServerConfigKeys (ConfUtils.java:logGet(43)) - raft.server.log.segment.size.max = 1048576 (custom)
2019-09-04 17:19:58,379 [pool-449-thread-1] INFO  server.RaftServerConfigKeys (ConfUtils.java:logGet(43)) - raft.server.log.write.buffer.size = 33554432 (custom)
2019-09-04 17:19:58,379 [pool-439-thread-1] INFO  server.RaftServerConfigKeys (ConfUtils.java:logGet(43)) - raft.server.snapshot.auto.trigger.enabled = true (custom)
2019-09-04 17:19:58,379 [pool-469-thread-1] INFO  server.RaftServerConfigKeys (ConfUtils.java:logGet(43)) - raft.server.log.preallocated.size = 16384 (custom)
2019-09-04 17:19:58,379 [pool-439-thread-1] INFO  server.RaftServerConfigKeys (ConfUtils.java:logGet(43)) - raft.server.snapshot.auto.trigger.threshold = 10000 (custom)
2019-09-04 17:19:58,379 [pool-449-thread-1] INFO  server.RaftServerConfigKeys (ConfUtils.java:logGet(43)) - raft.server.log.force.sync.num = 128 (default)
2019-09-04 17:19:58,380 [pool-439-thread-1] INFO  server.RaftServerConfigKeys (ConfUtils.java:logGet(43)) - raft.server.snapshot.retention.num.files = -1 (default)
2019-09-04 17:19:58,380 [pool-469-thread-1] INFO  server.RaftServerConfigKeys (ConfUtils.java:logGet(43)) - raft.server.log.write.buffer.size = 33554432 (custom)
2019-09-04 17:19:58,380 [pool-439-thread-1] INFO  server.RaftServerConfigKeys (ConfUtils.java:logGet(43)) - raft.server.retrycache.expirytime = 600000ms (custom)
2019-09-04 17:19:58,380 [pool-449-thread-1] INFO  server.RaftServerConfigKeys (ConfUtils.java:logGet(43)) - raft.server.log.statemachine.data.sync = true (default)
2019-09-04 17:19:58,380 [pool-469-thread-1] INFO  server.RaftServerConfigKeys (ConfUtils.java:logGet(43)) - raft.server.log.force.sync.num = 128 (default)
2019-09-04 17:19:58,380 [pool-449-thread-1] INFO  server.RaftServerConfigKeys (ConfUtils.java:logGet(43)) - raft.server.log.statemachine.data.sync.timeout = 10s (default)
2019-09-04 17:19:58,380 [pool-469-thread-1] INFO  server.RaftServerConfigKeys (ConfUtils.java:logGet(43)) - raft.server.log.statemachine.data.sync = true (default)
2019-09-04 17:19:58,381 [pool-449-thread-1] INFO  server.RaftServerConfigKeys (ConfUtils.java:logGet(43)) - raft.server.log.statemachine.data.sync.timeout.retry = -1 (default)
2019-09-04 17:19:58,381 [pool-469-thread-1] INFO  server.RaftServerConfigKeys (ConfUtils.java:logGet(43)) - raft.server.log.statemachine.data.sync.timeout = 10s (default)
2019-09-04 17:19:58,381 [pool-469-thread-1] INFO  server.RaftServerConfigKeys (ConfUtils.java:logGet(43)) - raft.server.log.statemachine.data.sync.timeout.retry = -1 (default)
2019-09-04 17:19:58,381 [pool-449-thread-1] INFO  server.RaftServerConfigKeys (ConfUtils.java:logGet(43)) - raft.server.log.statemachine.data.caching.enabled = true (custom)
2019-09-04 17:19:58,381 [pool-469-thread-1] INFO  server.RaftServerConfigKeys (ConfUtils.java:logGet(43)) - raft.server.log.statemachine.data.caching.enabled = true (custom)
2019-09-04 17:19:58,381 [pool-449-thread-1] INFO  segmented.SegmentedRaftLogWorker (SegmentedRaftLogWorker.java:lambda$new$0(132)) - 986dd48b-ab2d-4dda-bcfc-6b1c0b2b378a@group-D7045515CA6C-SegmentedRaftLogWorker: flushIndex: setUnconditionally 0 -> -1
2019-09-04 17:19:58,381 [pool-469-thread-1] INFO  segmented.SegmentedRaftLogWorker (SegmentedRaftLogWorker.java:lambda$new$0(132)) - cb36962c-e1d1-471d-89a7-03694d45c07b@group-D7045515CA6C-SegmentedRaftLogWorker: flushIndex: setUnconditionally 0 -> -1
2019-09-04 17:19:58,382 [pool-449-thread-1] INFO  server.RaftServerConfigKeys (ConfUtils.java:logGet(43)) - raft.server.snapshot.auto.trigger.enabled = true (custom)
2019-09-04 17:19:58,382 [pool-449-thread-1] INFO  server.RaftServerConfigKeys (ConfUtils.java:logGet(43)) - raft.server.snapshot.auto.trigger.threshold = 10000 (custom)
2019-09-04 17:19:58,382 [pool-469-thread-1] INFO  server.RaftServerConfigKeys (ConfUtils.java:logGet(43)) - raft.server.snapshot.auto.trigger.enabled = true (custom)
2019-09-04 17:19:58,382 [pool-449-thread-1] INFO  server.RaftServerConfigKeys (ConfUtils.java:logGet(43)) - raft.server.snapshot.retention.num.files = -1 (default)
2019-09-04 17:19:58,382 [pool-469-thread-1] INFO  server.RaftServerConfigKeys (ConfUtils.java:logGet(43)) - raft.server.snapshot.auto.trigger.threshold = 10000 (custom)
2019-09-04 17:19:58,382 [pool-449-thread-1] INFO  server.RaftServerConfigKeys (ConfUtils.java:logGet(43)) - raft.server.retrycache.expirytime = 600000ms (custom)
2019-09-04 17:19:58,382 [pool-469-thread-1] INFO  server.RaftServerConfigKeys (ConfUtils.java:logGet(43)) - raft.server.snapshot.retention.num.files = -1 (default)
2019-09-04 17:19:58,382 [pool-439-thread-1] INFO  impl.RaftServerImpl (RaftServerImpl.java:start(185)) - 305120e2-ed04-4093-b8eb-15d639fdaf7c@group-D7045515CA6C: start as a follower, conf=-1: [986dd48b-ab2d-4dda-bcfc-6b1c0b2b378a:192.168.34.57:41714, cb36962c-e1d1-471d-89a7-03694d45c07b:192.168.34.57:35025, 305120e2-ed04-4093-b8eb-15d639fdaf7c:192.168.34.57:34116], old=null
2019-09-04 17:19:58,382 [pool-469-thread-1] INFO  server.RaftServerConfigKeys (ConfUtils.java:logGet(43)) - raft.server.retrycache.expirytime = 600000ms (custom)
2019-09-04 17:19:58,382 [pool-439-thread-1] INFO  impl.RaftServerImpl (RaftServerImpl.java:setRole(174)) - 305120e2-ed04-4093-b8eb-15d639fdaf7c@group-D7045515CA6C: changes role from      null to FOLLOWER at term 0 for startAsFollower
2019-09-04 17:19:58,383 [pool-439-thread-1] INFO  impl.RoleInfo (RoleInfo.java:updateAndGet(143)) - 305120e2-ed04-4093-b8eb-15d639fdaf7c: start FollowerState
2019-09-04 17:19:58,383 [pool-439-thread-1] INFO  util.JmxRegister (JmxRegister.java:tryRegister(44)) - Successfully registered JMX Bean with object name Ratis:service=RaftServer,group=group-D7045515CA6C,id=305120e2-ed04-4093-b8eb-15d639fdaf7c
2019-09-04 17:19:58,384 [pool-449-thread-1] INFO  impl.RaftServerImpl (RaftServerImpl.java:start(185)) - 986dd48b-ab2d-4dda-bcfc-6b1c0b2b378a@group-D7045515CA6C: start as a follower, conf=-1: [986dd48b-ab2d-4dda-bcfc-6b1c0b2b378a:192.168.34.57:41714, cb36962c-e1d1-471d-89a7-03694d45c07b:192.168.34.57:35025, 305120e2-ed04-4093-b8eb-15d639fdaf7c:192.168.34.57:34116], old=null
2019-09-04 17:19:58,384 [pool-469-thread-1] INFO  impl.RaftServerImpl (RaftServerImpl.java:start(185)) - cb36962c-e1d1-471d-89a7-03694d45c07b@group-D7045515CA6C: start as a follower, conf=-1: [986dd48b-ab2d-4dda-bcfc-6b1c0b2b378a:192.168.34.57:41714, cb36962c-e1d1-471d-89a7-03694d45c07b:192.168.34.57:35025, 305120e2-ed04-4093-b8eb-15d639fdaf7c:192.168.34.57:34116], old=null
2019-09-04 17:19:58,384 [pool-449-thread-1] INFO  impl.RaftServerImpl (RaftServerImpl.java:setRole(174)) - 986dd48b-ab2d-4dda-bcfc-6b1c0b2b378a@group-D7045515CA6C: changes role from      null to FOLLOWER at term 0 for startAsFollower
2019-09-04 17:19:58,384 [pool-469-thread-1] INFO  impl.RaftServerImpl (RaftServerImpl.java:setRole(174)) - cb36962c-e1d1-471d-89a7-03694d45c07b@group-D7045515CA6C: changes role from      null to FOLLOWER at term 0 for startAsFollower
2019-09-04 17:19:58,384 [pool-449-thread-1] INFO  impl.RoleInfo (RoleInfo.java:updateAndGet(143)) - 986dd48b-ab2d-4dda-bcfc-6b1c0b2b378a: start FollowerState
2019-09-04 17:19:58,384 [pool-469-thread-1] INFO  impl.RoleInfo (RoleInfo.java:updateAndGet(143)) - cb36962c-e1d1-471d-89a7-03694d45c07b: start FollowerState
2019-09-04 17:19:58,385 [pool-449-thread-1] INFO  util.JmxRegister (JmxRegister.java:tryRegister(44)) - Successfully registered JMX Bean with object name Ratis:service=RaftServer,group=group-D7045515CA6C,id=986dd48b-ab2d-4dda-bcfc-6b1c0b2b378a
2019-09-04 17:19:58,385 [pool-469-thread-1] INFO  util.JmxRegister (JmxRegister.java:tryRegister(44)) - Successfully registered JMX Bean with object name Ratis:service=RaftServer,group=group-D7045515CA6C,id=cb36962c-e1d1-471d-89a7-03694d45c07b
2019-09-04 17:19:58,387 [RatisPipelineUtilsThread] INFO  pipeline.PipelineStateManager (PipelineStateManager.java:addPipeline(56)) - Created pipeline Pipeline[ Id: 8e7d82c8-c8cc-40a3-9dc5-d7045515ca6c, Nodes: 986dd48b-ab2d-4dda-bcfc-6b1c0b2b378a{ip: 192.168.34.57, host: pr-hdds-1561-mdkws-1819952476, networkLocation: /default-rack, certSerialId: null}cb36962c-e1d1-471d-89a7-03694d45c07b{ip: 192.168.34.57, host: pr-hdds-1561-mdkws-1819952476, networkLocation: /default-rack, certSerialId: null}305120e2-ed04-4093-b8eb-15d639fdaf7c{ip: 192.168.34.57, host: pr-hdds-1561-mdkws-1819952476, networkLocation: /default-rack, certSerialId: null}, Type:RATIS, Factor:THREE, State:OPEN]
2019-09-04 17:19:58,403 [grpc-default-executor-17] INFO  client.GrpcClientProtocolClient (GrpcClientProtocolClient.java:onNext(264)) - client-ED6CAEC9DB00->986dd48b-ab2d-4dda-bcfc-6b1c0b2b378a: receive RaftClientReply:client-ED6CAEC9DB00->986dd48b-ab2d-4dda-bcfc-6b1c0b2b378a@group-D7045515CA6C, cid=183, FAILED org.apache.ratis.protocol.NotLeaderException: Server 986dd48b-ab2d-4dda-bcfc-6b1c0b2b378a@group-D7045515CA6C is not the leader, logIndex=0, commits[986dd48b-ab2d-4dda-bcfc-6b1c0b2b378a:c-1]
2019-09-04 17:19:59,417 [grpc-default-executor-16] INFO  client.GrpcClientProtocolClient (GrpcClientProtocolClient.java:onNext(264)) - client-ED6CAEC9DB00->cb36962c-e1d1-471d-89a7-03694d45c07b: receive RaftClientReply:client-ED6CAEC9DB00->cb36962c-e1d1-471d-89a7-03694d45c07b@group-D7045515CA6C, cid=183, FAILED org.apache.ratis.protocol.NotLeaderException: Server cb36962c-e1d1-471d-89a7-03694d45c07b@group-D7045515CA6C is not the leader, logIndex=0, commits[cb36962c-e1d1-471d-89a7-03694d45c07b:c-1]
2019-09-04 17:20:00,443 [grpc-default-executor-16] INFO  client.GrpcClientProtocolClient (GrpcClientProtocolClient.java:onNext(264)) - client-ED6CAEC9DB00->986dd48b-ab2d-4dda-bcfc-6b1c0b2b378a: receive RaftClientReply:client-ED6CAEC9DB00->986dd48b-ab2d-4dda-bcfc-6b1c0b2b378a@group-D7045515CA6C, cid=183, FAILED org.apache.ratis.protocol.NotLeaderException: Server 986dd48b-ab2d-4dda-bcfc-6b1c0b2b378a@group-D7045515CA6C is not the leader, logIndex=0, commits[986dd48b-ab2d-4dda-bcfc-6b1c0b2b378a:c-1]
2019-09-04 17:20:00,909 [Thread-3127] INFO  container.ReplicationManager (ReplicationManager.java:start(162)) - Starting Replication Monitor Thread.
2019-09-04 17:20:00,915 [ReplicationMonitor] INFO  container.ReplicationManager (ReplicationManager.java:run(225)) - Replication Monitor Thread took 0 milliseconds for processing 1 containers.
2019-09-04 17:20:01,459 [grpc-default-executor-17] INFO  client.GrpcClientProtocolClient (GrpcClientProtocolClient.java:onNext(264)) - client-ED6CAEC9DB00->305120e2-ed04-4093-b8eb-15d639fdaf7c: receive RaftClientReply:client-ED6CAEC9DB00->305120e2-ed04-4093-b8eb-15d639fdaf7c@group-D7045515CA6C, cid=183, FAILED org.apache.ratis.protocol.NotLeaderException: Server 305120e2-ed04-4093-b8eb-15d639fdaf7c@group-D7045515CA6C is not the leader, logIndex=0, commits[305120e2-ed04-4093-b8eb-15d639fdaf7c:c-1]
2019-09-04 17:20:02,472 [grpc-default-executor-17] INFO  client.GrpcClientProtocolClient (GrpcClientProtocolClient.java:onNext(264)) - client-ED6CAEC9DB00->cb36962c-e1d1-471d-89a7-03694d45c07b: receive RaftClientReply:client-ED6CAEC9DB00->cb36962c-e1d1-471d-89a7-03694d45c07b@group-D7045515CA6C, cid=183, FAILED org.apache.ratis.protocol.NotLeaderException: Server cb36962c-e1d1-471d-89a7-03694d45c07b@group-D7045515CA6C is not the leader, logIndex=0, commits[cb36962c-e1d1-471d-89a7-03694d45c07b:c-1]
2019-09-04 17:20:03,018 [Thread-3129] INFO  impl.FollowerState (FollowerState.java:run(106)) - a216e3c9-ad4a-49a6-bccb-13260cb54294:group-9DB079CF1962 changes to CANDIDATE, lastRpcTime:5058, electionTimeout:5047ms
2019-09-04 17:20:03,101 [Thread-3132] INFO  impl.FollowerState (FollowerState.java:run(106)) - fa649949-58de-4ced-9a7b-783533430b79:group-248FC2046289 changes to CANDIDATE, lastRpcTime:5080, electionTimeout:5067ms
2019-09-04 17:20:03,101 [Thread-3129] INFO  impl.RoleInfo (RoleInfo.java:shutdownFollowerState(121)) - a216e3c9-ad4a-49a6-bccb-13260cb54294: shutdown FollowerState
2019-09-04 17:20:03,127 [Thread-3132] INFO  impl.RoleInfo (RoleInfo.java:shutdownFollowerState(121)) - fa649949-58de-4ced-9a7b-783533430b79: shutdown FollowerState
2019-09-04 17:20:03,131 [Thread-3129] INFO  impl.RaftServerImpl (RaftServerImpl.java:setRole(174)) - a216e3c9-ad4a-49a6-bccb-13260cb54294@group-9DB079CF1962: changes role from  FOLLOWER to CANDIDATE at term 0 for changeToCandidate
2019-09-04 17:20:03,131 [Thread-3132] INFO  impl.RaftServerImpl (RaftServerImpl.java:setRole(174)) - fa649949-58de-4ced-9a7b-783533430b79@group-248FC2046289: changes role from  FOLLOWER to CANDIDATE at term 0 for changeToCandidate
2019-09-04 17:20:03,148 [Thread-3142] INFO  impl.FollowerState (FollowerState.java:run(106)) - a216e3c9-ad4a-49a6-bccb-13260cb54294:group-37943A23133D changes to CANDIDATE, lastRpcTime:5009, electionTimeout:5002ms
2019-09-04 17:20:03,152 [Thread-3129] INFO  impl.RoleInfo (RoleInfo.java:updateAndGet(143)) - a216e3c9-ad4a-49a6-bccb-13260cb54294: start LeaderElection
2019-09-04 17:20:03,152 [Thread-3132] INFO  impl.RoleInfo (RoleInfo.java:updateAndGet(143)) - fa649949-58de-4ced-9a7b-783533430b79: start LeaderElection
2019-09-04 17:20:03,152 [Thread-3142] INFO  impl.RoleInfo (RoleInfo.java:shutdownFollowerState(121)) - a216e3c9-ad4a-49a6-bccb-13260cb54294: shutdown FollowerState
2019-09-04 17:20:03,156 [Thread-3142] INFO  impl.RaftServerImpl (RaftServerImpl.java:setRole(174)) - a216e3c9-ad4a-49a6-bccb-13260cb54294@group-37943A23133D: changes role from  FOLLOWER to CANDIDATE at term 0 for changeToCandidate
2019-09-04 17:20:03,156 [Thread-3142] INFO  impl.RoleInfo (RoleInfo.java:updateAndGet(143)) - a216e3c9-ad4a-49a6-bccb-13260cb54294: start LeaderElection
2019-09-04 17:20:03,236 [a216e3c9-ad4a-49a6-bccb-13260cb54294@group-9DB079CF1962:LeaderElection84] INFO  impl.LeaderElection (LeaderElection.java:askForVotes(182)) - a216e3c9-ad4a-49a6-bccb-13260cb54294@group-9DB079CF1962:LeaderElection84: begin an election at term 1 for -1: [a216e3c9-ad4a-49a6-bccb-13260cb54294:192.168.34.57:36441], old=null
2019-09-04 17:20:03,236 [fa649949-58de-4ced-9a7b-783533430b79@group-248FC2046289:LeaderElection85] INFO  impl.LeaderElection (LeaderElection.java:askForVotes(182)) - fa649949-58de-4ced-9a7b-783533430b79@group-248FC2046289:LeaderElection85: begin an election at term 1 for -1: [fa649949-58de-4ced-9a7b-783533430b79:192.168.34.57:42273], old=null
2019-09-04 17:20:03,236 [a216e3c9-ad4a-49a6-bccb-13260cb54294@group-9DB079CF1962:LeaderElection84] INFO  impl.RoleInfo (RoleInfo.java:shutdownLeaderElection(134)) - a216e3c9-ad4a-49a6-bccb-13260cb54294: shutdown LeaderElection
2019-09-04 17:20:03,236 [a216e3c9-ad4a-49a6-bccb-13260cb54294@group-37943A23133D:LeaderElection86] INFO  impl.LeaderElection (LeaderElection.java:askForVotes(182)) - a216e3c9-ad4a-49a6-bccb-13260cb54294@group-37943A23133D:LeaderElection86: begin an election at term 1 for -1: [80fd7bfd-9dae-4508-ab2c-21300ce3d3c9:192.168.34.57:35969, fa649949-58de-4ced-9a7b-783533430b79:192.168.34.57:42273, a216e3c9-ad4a-49a6-bccb-13260cb54294:192.168.34.57:36441], old=null
2019-09-04 17:20:03,236 [a216e3c9-ad4a-49a6-bccb-13260cb54294@group-9DB079CF1962:LeaderElection84] INFO  impl.RaftServerImpl (RaftServerImpl.java:setRole(174)) - a216e3c9-ad4a-49a6-bccb-13260cb54294@group-9DB079CF1962: changes role from CANDIDATE to LEADER at term 1 for changeToLeader
2019-09-04 17:20:03,236 [a216e3c9-ad4a-49a6-bccb-13260cb54294@group-9DB079CF1962:LeaderElection84] INFO  impl.RaftServerImpl (ServerState.java:setLeader(253)) - a216e3c9-ad4a-49a6-bccb-13260cb54294@group-9DB079CF1962: change Leader from null to a216e3c9-ad4a-49a6-bccb-13260cb54294 at term 1 for becomeLeader, leader elected after 5285ms
2019-09-04 17:20:03,236 [fa649949-58de-4ced-9a7b-783533430b79@group-248FC2046289:LeaderElection85] INFO  impl.RoleInfo (RoleInfo.java:shutdownLeaderElection(134)) - fa649949-58de-4ced-9a7b-783533430b79: shutdown LeaderElection
2019-09-04 17:20:03,240 [a216e3c9-ad4a-49a6-bccb-13260cb54294@group-9DB079CF1962:LeaderElection84] INFO  server.RaftServerConfigKeys (ConfUtils.java:logGet(43)) - raft.server.staging.catchup.gap = 1000 (default)
2019-09-04 17:20:03,240 [Thread-3135] INFO  impl.FollowerState (FollowerState.java:run(106)) - 80fd7bfd-9dae-4508-ab2c-21300ce3d3c9:group-958732F301C3 changes to CANDIDATE, lastRpcTime:5179, electionTimeout:5179ms
2019-09-04 17:20:03,249 [a216e3c9-ad4a-49a6-bccb-13260cb54294@group-9DB079CF1962:LeaderElection84] INFO  server.RaftServerConfigKeys (ConfUtils.java:logGet(43)) - raft.server.rpc.sleep.time = 25ms (default)
2019-09-04 17:20:03,249 [fa649949-58de-4ced-9a7b-783533430b79@group-248FC2046289:LeaderElection85] INFO  impl.RaftServerImpl (RaftServerImpl.java:setRole(174)) - fa649949-58de-4ced-9a7b-783533430b79@group-248FC2046289: changes role from CANDIDATE to LEADER at term 1 for changeToLeader
2019-09-04 17:20:03,249 [a216e3c9-ad4a-49a6-bccb-13260cb54294@group-9DB079CF1962:LeaderElection84] INFO  server.RaftServerConfigKeys (ConfUtils.java:logGet(43)) - raft.server.write.element-limit = 4096 (default)
2019-09-04 17:20:03,249 [Thread-3135] INFO  impl.RoleInfo (RoleInfo.java:shutdownFollowerState(121)) - 80fd7bfd-9dae-4508-ab2c-21300ce3d3c9: shutdown FollowerState
2019-09-04 17:20:03,250 [a216e3c9-ad4a-49a6-bccb-13260cb54294@group-9DB079CF1962:LeaderElection84] INFO  server.RaftServerConfigKeys (ConfUtils.java:logGet(43)) - raft.server.watch.timeout = 10s (default)
2019-09-04 17:20:03,250 [fa649949-58de-4ced-9a7b-783533430b79@group-248FC2046289:LeaderElection85] INFO  impl.RaftServerImpl (ServerState.java:setLeader(253)) - fa649949-58de-4ced-9a7b-783533430b79@group-248FC2046289: change Leader from null to fa649949-58de-4ced-9a7b-783533430b79 at term 1 for becomeLeader, leader elected after 5241ms
2019-09-04 17:20:03,250 [a216e3c9-ad4a-49a6-bccb-13260cb54294@group-9DB079CF1962:LeaderElection84] INFO  server.RaftServerConfigKeys (ConfUtils.java:logGet(43)) - raft.server.watch.timeout.denomination = 1s (default)
2019-09-04 17:20:03,250 [Thread-3135] INFO  impl.RaftServerImpl (RaftServerImpl.java:setRole(174)) - 80fd7bfd-9dae-4508-ab2c-21300ce3d3c9@group-958732F301C3: changes role from  FOLLOWER to CANDIDATE at term 0 for changeToCandidate
2019-09-04 17:20:03,250 [a216e3c9-ad4a-49a6-bccb-13260cb54294@group-9DB079CF1962:LeaderElection84] INFO  server.RaftServerConfigKeys (ConfUtils.java:logGet(43)) - raft.server.watch.element-limit = 65536 (default)
2019-09-04 17:20:03,250 [fa649949-58de-4ced-9a7b-783533430b79@group-248FC2046289:LeaderElection85] INFO  server.RaftServerConfigKeys (ConfUtils.java:logGet(43)) - raft.server.staging.catchup.gap = 1000 (default)
2019-09-04 17:20:03,252 [Thread-3135] INFO  impl.RoleInfo (RoleInfo.java:updateAndGet(143)) - 80fd7bfd-9dae-4508-ab2c-21300ce3d3c9: start LeaderElection
2019-09-04 17:20:03,252 [fa649949-58de-4ced-9a7b-783533430b79@group-248FC2046289:LeaderElection85] INFO  server.RaftServerConfigKeys (ConfUtils.java:logGet(43)) - raft.server.rpc.sleep.time = 25ms (default)
2019-09-04 17:20:03,252 [fa649949-58de-4ced-9a7b-783533430b79@group-248FC2046289:LeaderElection85] INFO  server.RaftServerConfigKeys (ConfUtils.java:logGet(43)) - raft.server.write.element-limit = 4096 (default)
2019-09-04 17:20:03,254 [Thread-3150] INFO  impl.FollowerState (FollowerState.java:run(106)) - 305120e2-ed04-4093-b8eb-15d639fdaf7c:group-8B2DC41FDA21 changes to CANDIDATE, lastRpcTime:5035, electionTimeout:5035ms
2019-09-04 17:20:03,257 [fa649949-58de-4ced-9a7b-783533430b79@group-248FC2046289:LeaderElection85] INFO  server.RaftServerConfigKeys (ConfUtils.java:logGet(43)) - raft.server.watch.timeout = 10s (default)
2019-09-04 17:20:03,257 [Thread-3150] INFO  impl.RoleInfo (RoleInfo.java:shutdownFollowerState(121)) - 305120e2-ed04-4093-b8eb-15d639fdaf7c: shutdown FollowerState
2019-09-04 17:20:03,257 [fa649949-58de-4ced-9a7b-783533430b79@group-248FC2046289:LeaderElection85] INFO  server.RaftServerConfigKeys (ConfUtils.java:logGet(43)) - raft.server.watch.timeout.denomination = 1s (default)
2019-09-04 17:20:03,257 [Thread-3150] INFO  impl.RaftServerImpl (RaftServerImpl.java:setRole(174)) - 305120e2-ed04-4093-b8eb-15d639fdaf7c@group-8B2DC41FDA21: changes role from  FOLLOWER to CANDIDATE at term 0 for changeToCandidate
2019-09-04 17:20:03,257 [fa649949-58de-4ced-9a7b-783533430b79@group-248FC2046289:LeaderElection85] INFO  server.RaftServerConfigKeys (ConfUtils.java:logGet(43)) - raft.server.watch.element-limit = 65536 (default)
2019-09-04 17:20:03,259 [Thread-3150] INFO  impl.RoleInfo (RoleInfo.java:updateAndGet(143)) - 305120e2-ed04-4093-b8eb-15d639fdaf7c: start LeaderElection
2019-09-04 17:20:03,266 [a216e3c9-ad4a-49a6-bccb-13260cb54294@group-9DB079CF1962:LeaderElection84] INFO  impl.RoleInfo (RoleInfo.java:updateAndGet(143)) - a216e3c9-ad4a-49a6-bccb-13260cb54294: start LeaderState
2019-09-04 17:20:03,268 [a216e3c9-ad4a-49a6-bccb-13260cb54294@group-9DB079CF1962:LeaderElection84] INFO  segmented.SegmentedRaftLogWorker (SegmentedRaftLogWorker.java:startLogSegment(380)) - a216e3c9-ad4a-49a6-bccb-13260cb54294@group-9DB079CF1962-SegmentedRaftLogWorker: Starting segment from index:0
2019-09-04 17:20:03,268 [a216e3c9-ad4a-49a6-bccb-13260cb54294@group-9DB079CF1962:LeaderElection84] INFO  impl.RaftServerImpl (ServerState.java:setRaftConf(354)) - a216e3c9-ad4a-49a6-bccb-13260cb54294@group-9DB079CF1962: set configuration 0: [a216e3c9-ad4a-49a6-bccb-13260cb54294:192.168.34.57:36441], old=null at 0
2019-09-04 17:20:03,269 [fa649949-58de-4ced-9a7b-783533430b79@group-248FC2046289:LeaderElection85] INFO  impl.RoleInfo (RoleInfo.java:updateAndGet(143)) - fa649949-58de-4ced-9a7b-783533430b79: start LeaderState
2019-09-04 17:20:03,270 [80fd7bfd-9dae-4508-ab2c-21300ce3d3c9@group-958732F301C3:LeaderElection87] INFO  impl.LeaderElection (LeaderElection.java:askForVotes(182)) - 80fd7bfd-9dae-4508-ab2c-21300ce3d3c9@group-958732F301C3:LeaderElection87: begin an election at term 1 for -1: [80fd7bfd-9dae-4508-ab2c-21300ce3d3c9:192.168.34.57:35969], old=null
2019-09-04 17:20:03,296 [Thread-3138] INFO  impl.FollowerState (FollowerState.java:run(106)) - fa649949-58de-4ced-9a7b-783533430b79:group-37943A23133D changes to CANDIDATE, lastRpcTime:5182, electionTimeout:5166ms
2019-09-04 17:20:03,270 [305120e2-ed04-4093-b8eb-15d639fdaf7c@group-8B2DC41FDA21:LeaderElection88] INFO  impl.LeaderElection (LeaderElection.java:askForVotes(182)) - 305120e2-ed04-4093-b8eb-15d639fdaf7c@group-8B2DC41FDA21:LeaderElection88: begin an election at term 1 for -1: [305120e2-ed04-4093-b8eb-15d639fdaf7c:192.168.34.57:34116], old=null
2019-09-04 17:20:03,297 [Thread-3138] INFO  impl.RoleInfo (RoleInfo.java:shutdownFollowerState(121)) - fa649949-58de-4ced-9a7b-783533430b79: shutdown FollowerState
2019-09-04 17:20:03,297 [Thread-3138] INFO  impl.RaftServerImpl (RaftServerImpl.java:setRole(174)) - fa649949-58de-4ced-9a7b-783533430b79@group-37943A23133D: changes role from  FOLLOWER to CANDIDATE at term 0 for changeToCandidate
2019-09-04 17:20:03,296 [80fd7bfd-9dae-4508-ab2c-21300ce3d3c9@group-958732F301C3:LeaderElection87] INFO  impl.RoleInfo (RoleInfo.java:shutdownLeaderElection(134)) - 80fd7bfd-9dae-4508-ab2c-21300ce3d3c9: shutdown LeaderElection
2019-09-04 17:20:03,299 [80fd7bfd-9dae-4508-ab2c-21300ce3d3c9@group-958732F301C3:LeaderElection87] INFO  impl.RaftServerImpl (RaftServerImpl.java:setRole(174)) - 80fd7bfd-9dae-4508-ab2c-21300ce3d3c9@group-958732F301C3: changes role from CANDIDATE to LEADER at term 1 for changeToLeader
2019-09-04 17:20:03,296 [fa649949-58de-4ced-9a7b-783533430b79@group-248FC2046289:LeaderElection85] INFO  segmented.SegmentedRaftLogWorker (SegmentedRaftLogWorker.java:startLogSegment(380)) - fa649949-58de-4ced-9a7b-783533430b79@group-248FC2046289-SegmentedRaftLogWorker: Starting segment from index:0
2019-09-04 17:20:03,299 [80fd7bfd-9dae-4508-ab2c-21300ce3d3c9@group-958732F301C3:LeaderElection87] INFO  impl.RaftServerImpl (ServerState.java:setLeader(253)) - 80fd7bfd-9dae-4508-ab2c-21300ce3d3c9@group-958732F301C3: change Leader from null to 80fd7bfd-9dae-4508-ab2c-21300ce3d3c9 at term 1 for becomeLeader, leader elected after 5244ms
2019-09-04 17:20:03,299 [Thread-3138] INFO  impl.RoleInfo (RoleInfo.java:updateAndGet(143)) - fa649949-58de-4ced-9a7b-783533430b79: start LeaderElection
2019-09-04 17:20:03,297 [305120e2-ed04-4093-b8eb-15d639fdaf7c@group-8B2DC41FDA21:LeaderElection88] INFO  impl.RoleInfo (RoleInfo.java:shutdownLeaderElection(134)) - 305120e2-ed04-4093-b8eb-15d639fdaf7c: shutdown LeaderElection
2019-09-04 17:20:03,299 [fa649949-58de-4ced-9a7b-783533430b79@group-248FC2046289:LeaderElection85] INFO  impl.RaftServerImpl (ServerState.java:setRaftConf(354)) - fa649949-58de-4ced-9a7b-783533430b79@group-248FC2046289: set configuration 0: [fa649949-58de-4ced-9a7b-783533430b79:192.168.34.57:42273], old=null at 0
2019-09-04 17:20:03,299 [80fd7bfd-9dae-4508-ab2c-21300ce3d3c9@group-958732F301C3:LeaderElection87] INFO  server.RaftServerConfigKeys (ConfUtils.java:logGet(43)) - raft.server.staging.catchup.gap = 1000 (default)
2019-09-04 17:20:03,345 [fa649949-58de-4ced-9a7b-783533430b79@group-248FC2046289-SegmentedRaftLogWorker] INFO  segmented.SegmentedRaftLogWorker (SegmentedRaftLogWorker.java:execute(569)) - fa649949-58de-4ced-9a7b-783533430b79@group-248FC2046289-SegmentedRaftLogWorker: created new log segment /workdir/hadoop-ozone/integration-test/target/test-dir/MiniOzoneClusterImpl-2f594647-c66f-4987-a195-77c452f53489/datanode-1/data/ratis/b6b8e654-9ea8-4537-bd0d-248fc2046289/current/log_inprogress_0
2019-09-04 17:20:03,334 [305120e2-ed04-4093-b8eb-15d639fdaf7c@group-8B2DC41FDA21:LeaderElection88] INFO  impl.RaftServerImpl (RaftServerImpl.java:setRole(174)) - 305120e2-ed04-4093-b8eb-15d639fdaf7c@group-8B2DC41FDA21: changes role from CANDIDATE to LEADER at term 1 for changeToLeader
2019-09-04 17:20:03,350 [305120e2-ed04-4093-b8eb-15d639fdaf7c@group-8B2DC41FDA21:LeaderElection88] INFO  impl.RaftServerImpl (ServerState.java:setLeader(253)) - 305120e2-ed04-4093-b8eb-15d639fdaf7c@group-8B2DC41FDA21: change Leader from null to 305120e2-ed04-4093-b8eb-15d639fdaf7c at term 1 for becomeLeader, leader elected after 5139ms
2019-09-04 17:20:03,331 [a216e3c9-ad4a-49a6-bccb-13260cb54294@group-9DB079CF1962-SegmentedRaftLogWorker] INFO  segmented.SegmentedRaftLogWorker (SegmentedRaftLogWorker.java:execute(569)) - a216e3c9-ad4a-49a6-bccb-13260cb54294@group-9DB079CF1962-SegmentedRaftLogWorker: created new log segment /workdir/hadoop-ozone/integration-test/target/test-dir/MiniOzoneClusterImpl-2f594647-c66f-4987-a195-77c452f53489/datanode-0/data/ratis/4f2f449b-9e20-4b9f-aef7-9db079cf1962/current/log_inprogress_0
2019-09-04 17:20:03,331 [Thread-3147] INFO  impl.FollowerState (FollowerState.java:run(106)) - 986dd48b-ab2d-4dda-bcfc-6b1c0b2b378a:group-F13E85E91BDB changes to CANDIDATE, lastRpcTime:5147, electionTimeout:5142ms
2019-09-04 17:20:03,331 [Thread-3143] INFO  impl.FollowerState (FollowerState.java:run(106)) - 80fd7bfd-9dae-4508-ab2c-21300ce3d3c9:group-37943A23133D changes to CANDIDATE, lastRpcTime:5196, electionTimeout:5187ms
2019-09-04 17:20:03,351 [305120e2-ed04-4093-b8eb-15d639fdaf7c@group-8B2DC41FDA21:LeaderElection88] INFO  server.RaftServerConfigKeys (ConfUtils.java:logGet(43)) - raft.server.staging.catchup.gap = 1000 (default)
2019-09-04 17:20:03,348 [80fd7bfd-9dae-4508-ab2c-21300ce3d3c9@group-958732F301C3:LeaderElection87] INFO  server.RaftServerConfigKeys (ConfUtils.java:logGet(43)) - raft.server.rpc.sleep.time = 25ms (default)
2019-09-04 17:20:03,351 [305120e2-ed04-4093-b8eb-15d639fdaf7c@group-8B2DC41FDA21:LeaderElection88] INFO  server.RaftServerConfigKeys (ConfUtils.java:logGet(43)) - raft.server.rpc.sleep.time = 25ms (default)
2019-09-04 17:20:03,351 [Thread-3143] INFO  impl.RoleInfo (RoleInfo.java:shutdownFollowerState(121)) - 80fd7bfd-9dae-4508-ab2c-21300ce3d3c9: shutdown FollowerState
2019-09-04 17:20:03,351 [305120e2-ed04-4093-b8eb-15d639fdaf7c@group-8B2DC41FDA21:LeaderElection88] INFO  server.RaftServerConfigKeys (ConfUtils.java:logGet(43)) - raft.server.write.element-limit = 4096 (default)
2019-09-04 17:20:03,351 [Thread-3147] INFO  impl.RoleInfo (RoleInfo.java:shutdownFollowerState(121)) - 986dd48b-ab2d-4dda-bcfc-6b1c0b2b378a: shutdown FollowerState
2019-09-04 17:20:03,352 [305120e2-ed04-4093-b8eb-15d639fdaf7c@group-8B2DC41FDA21:LeaderElection88] INFO  server.RaftServerConfigKeys (ConfUtils.java:logGet(43)) - raft.server.watch.timeout = 10s (default)
2019-09-04 17:20:03,352 [305120e2-ed04-4093-b8eb-15d639fdaf7c@group-8B2DC41FDA21:LeaderElection88] INFO  server.RaftServerConfigKeys (ConfUtils.java:logGet(43)) - raft.server.watch.timeout.denomination = 1s (default)
2019-09-04 17:20:03,351 [Thread-3143] INFO  impl.RaftServerImpl (RaftServerImpl.java:setRole(174)) - 80fd7bfd-9dae-4508-ab2c-21300ce3d3c9@group-37943A23133D: changes role from  FOLLOWER to CANDIDATE at term 0 for changeToCandidate
2019-09-04 17:20:03,351 [80fd7bfd-9dae-4508-ab2c-21300ce3d3c9@group-958732F301C3:LeaderElection87] INFO  server.RaftServerConfigKeys (ConfUtils.java:logGet(43)) - raft.server.write.element-limit = 4096 (default)
2019-09-04 17:20:03,352 [Thread-3143] INFO  impl.RoleInfo (RoleInfo.java:updateAndGet(143)) - 80fd7bfd-9dae-4508-ab2c-21300ce3d3c9: start LeaderElection
2019-09-04 17:20:03,352 [305120e2-ed04-4093-b8eb-15d639fdaf7c@group-8B2DC41FDA21:LeaderElection88] INFO  server.RaftServerConfigKeys (ConfUtils.java:logGet(43)) - raft.server.watch.element-limit = 65536 (default)
2019-09-04 17:20:03,352 [Thread-3147] INFO  impl.RaftServerImpl (RaftServerImpl.java:setRole(174)) - 986dd48b-ab2d-4dda-bcfc-6b1c0b2b378a@group-F13E85E91BDB: changes role from  FOLLOWER to CANDIDATE at term 0 for changeToCandidate
2019-09-04 17:20:03,352 [80fd7bfd-9dae-4508-ab2c-21300ce3d3c9@group-958732F301C3:LeaderElection87] INFO  server.RaftServerConfigKeys (ConfUtils.java:logGet(43)) - raft.server.watch.timeout = 10s (default)
2019-09-04 17:20:03,356 [Thread-3147] INFO  impl.RoleInfo (RoleInfo.java:updateAndGet(143)) - 986dd48b-ab2d-4dda-bcfc-6b1c0b2b378a: start LeaderElection
2019-09-04 17:20:03,356 [80fd7bfd-9dae-4508-ab2c-21300ce3d3c9@group-958732F301C3:LeaderElection87] INFO  server.RaftServerConfigKeys (ConfUtils.java:logGet(43)) - raft.server.watch.timeout.denomination = 1s (default)
2019-09-04 17:20:03,357 [80fd7bfd-9dae-4508-ab2c-21300ce3d3c9@group-958732F301C3:LeaderElection87] INFO  server.RaftServerConfigKeys (ConfUtils.java:logGet(43)) - raft.server.watch.element-limit = 65536 (default)
2019-09-04 17:20:03,362 [305120e2-ed04-4093-b8eb-15d639fdaf7c@group-8B2DC41FDA21:LeaderElection88] INFO  impl.RoleInfo (RoleInfo.java:updateAndGet(143)) - 305120e2-ed04-4093-b8eb-15d639fdaf7c: start LeaderState
2019-09-04 17:20:03,363 [305120e2-ed04-4093-b8eb-15d639fdaf7c@group-8B2DC41FDA21:LeaderElection88] INFO  segmented.SegmentedRaftLogWorker (SegmentedRaftLogWorker.java:startLogSegment(380)) - 305120e2-ed04-4093-b8eb-15d639fdaf7c@group-8B2DC41FDA21-SegmentedRaftLogWorker: Starting segment from index:0
2019-09-04 17:20:03,363 [80fd7bfd-9dae-4508-ab2c-21300ce3d3c9@group-958732F301C3:LeaderElection87] INFO  impl.RoleInfo (RoleInfo.java:updateAndGet(143)) - 80fd7bfd-9dae-4508-ab2c-21300ce3d3c9: start LeaderState
2019-09-04 17:20:03,363 [80fd7bfd-9dae-4508-ab2c-21300ce3d3c9@group-958732F301C3:LeaderElection87] INFO  segmented.SegmentedRaftLogWorker (SegmentedRaftLogWorker.java:startLogSegment(380)) - 80fd7bfd-9dae-4508-ab2c-21300ce3d3c9@group-958732F301C3-SegmentedRaftLogWorker: Starting segment from index:0
2019-09-04 17:20:03,363 [305120e2-ed04-4093-b8eb-15d639fdaf7c@group-8B2DC41FDA21:LeaderElection88] INFO  impl.RaftServerImpl (ServerState.java:setRaftConf(354)) - 305120e2-ed04-4093-b8eb-15d639fdaf7c@group-8B2DC41FDA21: set configuration 0: [305120e2-ed04-4093-b8eb-15d639fdaf7c:192.168.34.57:34116], old=null at 0
2019-09-04 17:20:03,365 [80fd7bfd-9dae-4508-ab2c-21300ce3d3c9@group-958732F301C3:LeaderElection87] INFO  impl.RaftServerImpl (ServerState.java:setRaftConf(354)) - 80fd7bfd-9dae-4508-ab2c-21300ce3d3c9@group-958732F301C3: set configuration 0: [80fd7bfd-9dae-4508-ab2c-21300ce3d3c9:192.168.34.57:35969], old=null at 0
2019-09-04 17:20:03,365 [986dd48b-ab2d-4dda-bcfc-6b1c0b2b378a@group-F13E85E91BDB:LeaderElection91] INFO  impl.LeaderElection (LeaderElection.java:askForVotes(182)) - 986dd48b-ab2d-4dda-bcfc-6b1c0b2b378a@group-F13E85E91BDB:LeaderElection91: begin an election at term 1 for -1: [986dd48b-ab2d-4dda-bcfc-6b1c0b2b378a:192.168.34.57:41714], old=null
2019-09-04 17:20:03,365 [80fd7bfd-9dae-4508-ab2c-21300ce3d3c9@group-37943A23133D:LeaderElection90] INFO  impl.LeaderElection (LeaderElection.java:askForVotes(182)) - 80fd7bfd-9dae-4508-ab2c-21300ce3d3c9@group-37943A23133D:LeaderElection90: begin an election at term 1 for -1: [80fd7bfd-9dae-4508-ab2c-21300ce3d3c9:192.168.34.57:35969, fa649949-58de-4ced-9a7b-783533430b79:192.168.34.57:42273, a216e3c9-ad4a-49a6-bccb-13260cb54294:192.168.34.57:36441], old=null
2019-09-04 17:20:03,365 [fa649949-58de-4ced-9a7b-783533430b79@group-37943A23133D:LeaderElection89] INFO  impl.LeaderElection (LeaderElection.java:askForVotes(182)) - fa649949-58de-4ced-9a7b-783533430b79@group-37943A23133D:LeaderElection89: begin an election at term 1 for -1: [80fd7bfd-9dae-4508-ab2c-21300ce3d3c9:192.168.34.57:35969, fa649949-58de-4ced-9a7b-783533430b79:192.168.34.57:42273, a216e3c9-ad4a-49a6-bccb-13260cb54294:192.168.34.57:36441], old=null
2019-09-04 17:20:03,397 [Thread-3154] INFO  impl.FollowerState (FollowerState.java:run(106)) - e1b16608-d523-4d5d-af4b-b418ef86114b:group-6A79DD08F32C changes to CANDIDATE, lastRpcTime:5127, electionTimeout:5126ms
2019-09-04 17:20:03,398 [a216e3c9-ad4a-49a6-bccb-13260cb54294@group-37943A23133D:LeaderElection86] INFO  impl.LeaderElection (LeaderElection.java:logAndReturn(56)) - a216e3c9-ad4a-49a6-bccb-13260cb54294@group-37943A23133D:LeaderElection86: Election REJECTED; received 2 response(s) [a216e3c9-ad4a-49a6-bccb-13260cb54294<-80fd7bfd-9dae-4508-ab2c-21300ce3d3c9#0:FAIL-t1, a216e3c9-ad4a-49a6-bccb-13260cb54294<-fa649949-58de-4ced-9a7b-783533430b79#0:FAIL-t1] and 0 exception(s); a216e3c9-ad4a-49a6-bccb-13260cb54294@group-37943A23133D:t1, leader=null, voted=a216e3c9-ad4a-49a6-bccb-13260cb54294, raftlog=a216e3c9-ad4a-49a6-bccb-13260cb54294@group-37943A23133D-SegmentedRaftLog:OPENED:c-1,f-1,i0, conf=-1: [80fd7bfd-9dae-4508-ab2c-21300ce3d3c9:192.168.34.57:35969, fa649949-58de-4ced-9a7b-783533430b79:192.168.34.57:42273, a216e3c9-ad4a-49a6-bccb-13260cb54294:192.168.34.57:36441], old=null
2019-09-04 17:20:03,399 [Thread-3154] INFO  impl.RoleInfo (RoleInfo.java:shutdownFollowerState(121)) - e1b16608-d523-4d5d-af4b-b418ef86114b: shutdown FollowerState
2019-09-04 17:20:03,398 [986dd48b-ab2d-4dda-bcfc-6b1c0b2b378a@group-F13E85E91BDB:LeaderElection91] INFO  impl.RoleInfo (RoleInfo.java:shutdownLeaderElection(134)) - 986dd48b-ab2d-4dda-bcfc-6b1c0b2b378a: shutdown LeaderElection
2019-09-04 17:20:03,399 [Thread-3154] INFO  impl.RaftServerImpl (RaftServerImpl.java:setRole(174)) - e1b16608-d523-4d5d-af4b-b418ef86114b@group-6A79DD08F32C: changes role from  FOLLOWER to CANDIDATE at term 0 for changeToCandidate
2019-09-04 17:20:03,399 [a216e3c9-ad4a-49a6-bccb-13260cb54294@group-37943A23133D:LeaderElection86] INFO  impl.RaftServerImpl (RaftServerImpl.java:setRole(174)) - a216e3c9-ad4a-49a6-bccb-13260cb54294@group-37943A23133D: changes role from CANDIDATE to FOLLOWER at term 1 for DISCOVERED_A_NEW_TERM
2019-09-04 17:20:03,402 [Thread-3154] INFO  impl.RoleInfo (RoleInfo.java:updateAndGet(143)) - e1b16608-d523-4d5d-af4b-b418ef86114b: start LeaderElection
2019-09-04 17:20:03,402 [986dd48b-ab2d-4dda-bcfc-6b1c0b2b378a@group-F13E85E91BDB:LeaderElection91] INFO  impl.RaftServerImpl (RaftServerImpl.java:setRole(174)) - 986dd48b-ab2d-4dda-bcfc-6b1c0b2b378a@group-F13E85E91BDB: changes role from CANDIDATE to LEADER at term 1 for changeToLeader
2019-09-04 17:20:03,402 [986dd48b-ab2d-4dda-bcfc-6b1c0b2b378a@group-F13E85E91BDB:LeaderElection91] INFO  impl.RaftServerImpl (ServerState.java:setLeader(253)) - 986dd48b-ab2d-4dda-bcfc-6b1c0b2b378a@group-F13E85E91BDB: change Leader from null to 986dd48b-ab2d-4dda-bcfc-6b1c0b2b378a at term 1 for becomeLeader, leader elected after 5224ms
2019-09-04 17:20:03,402 [a216e3c9-ad4a-49a6-bccb-13260cb54294@group-37943A23133D:LeaderElection86] INFO  impl.RoleInfo (RoleInfo.java:shutdownLeaderElection(134)) - a216e3c9-ad4a-49a6-bccb-13260cb54294: shutdown LeaderElection
2019-09-04 17:20:03,406 [a216e3c9-ad4a-49a6-bccb-13260cb54294@group-37943A23133D:LeaderElection86] INFO  impl.RoleInfo (RoleInfo.java:updateAndGet(143)) - a216e3c9-ad4a-49a6-bccb-13260cb54294: start FollowerState
2019-09-04 17:20:03,406 [986dd48b-ab2d-4dda-bcfc-6b1c0b2b378a@group-F13E85E91BDB:LeaderElection91] INFO  server.RaftServerConfigKeys (ConfUtils.java:logGet(43)) - raft.server.staging.catchup.gap = 1000 (default)
2019-09-04 17:20:03,407 [986dd48b-ab2d-4dda-bcfc-6b1c0b2b378a@group-F13E85E91BDB:LeaderElection91] INFO  server.RaftServerConfigKeys (ConfUtils.java:logGet(43)) - raft.server.rpc.sleep.time = 25ms (default)
2019-09-04 17:20:03,407 [986dd48b-ab2d-4dda-bcfc-6b1c0b2b378a@group-F13E85E91BDB:LeaderElection91] INFO  server.RaftServerConfigKeys (ConfUtils.java:logGet(43)) - raft.server.write.element-limit = 4096 (default)
2019-09-04 17:20:03,407 [986dd48b-ab2d-4dda-bcfc-6b1c0b2b378a@group-F13E85E91BDB:LeaderElection91] INFO  server.RaftServerConfigKeys (ConfUtils.java:logGet(43)) - raft.server.watch.timeout = 10s (default)
2019-09-04 17:20:03,414 [e1b16608-d523-4d5d-af4b-b418ef86114b@group-6A79DD08F32C:LeaderElection92] INFO  impl.LeaderElection (LeaderElection.java:askForVotes(182)) - e1b16608-d523-4d5d-af4b-b418ef86114b@group-6A79DD08F32C:LeaderElection92: begin an election at term 1 for -1: [e1b16608-d523-4d5d-af4b-b418ef86114b:192.168.34.57:33788], old=null
2019-09-04 17:20:03,414 [80fd7bfd-9dae-4508-ab2c-21300ce3d3c9@group-958732F301C3-SegmentedRaftLogWorker] INFO  segmented.SegmentedRaftLogWorker (SegmentedRaftLogWorker.java:execute(569)) - 80fd7bfd-9dae-4508-ab2c-21300ce3d3c9@group-958732F301C3-SegmentedRaftLogWorker: created new log segment /workdir/hadoop-ozone/integration-test/target/test-dir/MiniOzoneClusterImpl-2f594647-c66f-4987-a195-77c452f53489/datanode-2/data/ratis/a8068bfc-bb07-4563-a257-958732f301c3/current/log_inprogress_0
2019-09-04 17:20:03,414 [305120e2-ed04-4093-b8eb-15d639fdaf7c@group-8B2DC41FDA21-SegmentedRaftLogWorker] INFO  segmented.SegmentedRaftLogWorker (SegmentedRaftLogWorker.java:execute(569)) - 305120e2-ed04-4093-b8eb-15d639fdaf7c@group-8B2DC41FDA21-SegmentedRaftLogWorker: created new log segment /workdir/hadoop-ozone/integration-test/target/test-dir/MiniOzoneClusterImpl-2f594647-c66f-4987-a195-77c452f53489/datanode-3/data/ratis/f7f61099-ee22-4b0a-812a-8b2dc41fda21/current/log_inprogress_0
2019-09-04 17:20:03,414 [Thread-3158] INFO  impl.FollowerState (FollowerState.java:run(106)) - cb36962c-e1d1-471d-89a7-03694d45c07b:group-AA141A77199B changes to CANDIDATE, lastRpcTime:5083, electionTimeout:5081ms
2019-09-04 17:20:03,414 [e1b16608-d523-4d5d-af4b-b418ef86114b@group-6A79DD08F32C:LeaderElection92] INFO  impl.RoleInfo (RoleInfo.java:shutdownLeaderElection(134)) - e1b16608-d523-4d5d-af4b-b418ef86114b: shutdown LeaderElection
2019-09-04 17:20:03,417 [e1b16608-d523-4d5d-af4b-b418ef86114b@group-6A79DD08F32C:LeaderElection92] INFO  impl.RaftServerImpl (RaftServerImpl.java:setRole(174)) - e1b16608-d523-4d5d-af4b-b418ef86114b@group-6A79DD08F32C: changes role from CANDIDATE to LEADER at term 1 for changeToLeader
2019-09-04 17:20:03,414 [986dd48b-ab2d-4dda-bcfc-6b1c0b2b378a@group-F13E85E91BDB:LeaderElection91] INFO  server.RaftServerConfigKeys (ConfUtils.java:logGet(43)) - raft.server.watch.timeout.denomination = 1s (default)
2019-09-04 17:20:03,417 [e1b16608-d523-4d5d-af4b-b418ef86114b@group-6A79DD08F32C:LeaderElection92] INFO  impl.RaftServerImpl (ServerState.java:setLeader(253)) - e1b16608-d523-4d5d-af4b-b418ef86114b@group-6A79DD08F32C: change Leader from null to e1b16608-d523-4d5d-af4b-b418ef86114b at term 1 for becomeLeader, leader elected after 5162ms
2019-09-04 17:20:03,417 [Thread-3158] INFO  impl.RoleInfo (RoleInfo.java:shutdownFollowerState(121)) - cb36962c-e1d1-471d-89a7-03694d45c07b: shutdown FollowerState
2019-09-04 17:20:03,417 [e1b16608-d523-4d5d-af4b-b418ef86114b@group-6A79DD08F32C:LeaderElection92] INFO  server.RaftServerConfigKeys (ConfUtils.java:logGet(43)) - raft.server.staging.catchup.gap = 1000 (default)
2019-09-04 17:20:03,417 [986dd48b-ab2d-4dda-bcfc-6b1c0b2b378a@group-F13E85E91BDB:LeaderElection91] INFO  server.RaftServerConfigKeys (ConfUtils.java:logGet(43)) - raft.server.watch.element-limit = 65536 (default)
2019-09-04 17:20:03,417 [e1b16608-d523-4d5d-af4b-b418ef86114b@group-6A79DD08F32C:LeaderElection92] INFO  server.RaftServerConfigKeys (ConfUtils.java:logGet(43)) - raft.server.rpc.sleep.time = 25ms (default)
2019-09-04 17:20:03,417 [Thread-3158] INFO  impl.RaftServerImpl (RaftServerImpl.java:setRole(174)) - cb36962c-e1d1-471d-89a7-03694d45c07b@group-AA141A77199B: changes role from  FOLLOWER to CANDIDATE at term 0 for changeToCandidate
2019-09-04 17:20:03,419 [Thread-3165] INFO  impl.FollowerState (FollowerState.java:run(106)) - 986dd48b-ab2d-4dda-bcfc-6b1c0b2b378a:group-D7045515CA6C changes to CANDIDATE, lastRpcTime:5034, electionTimeout:5034ms
2019-09-04 17:20:03,417 [e1b16608-d523-4d5d-af4b-b418ef86114b@group-6A79DD08F32C:LeaderElection92] INFO  server.RaftServerConfigKeys (ConfUtils.java:logGet(43)) - raft.server.write.element-limit = 4096 (default)
2019-09-04 17:20:03,420 [Thread-3165] INFO  impl.RoleInfo (RoleInfo.java:shutdownFollowerState(121)) - 986dd48b-ab2d-4dda-bcfc-6b1c0b2b378a: shutdown FollowerState
2019-09-04 17:20:03,420 [Thread-3165] INFO  impl.RaftServerImpl (RaftServerImpl.java:setRole(174)) - 986dd48b-ab2d-4dda-bcfc-6b1c0b2b378a@group-D7045515CA6C: changes role from  FOLLOWER to CANDIDATE at term 0 for changeToCandidate
2019-09-04 17:20:03,420 [Thread-3165] INFO  impl.RoleInfo (RoleInfo.java:updateAndGet(143)) - 986dd48b-ab2d-4dda-bcfc-6b1c0b2b378a: start LeaderElection
2019-09-04 17:20:03,419 [Thread-3158] INFO  impl.RoleInfo (RoleInfo.java:updateAndGet(143)) - cb36962c-e1d1-471d-89a7-03694d45c07b: start LeaderElection
2019-09-04 17:20:03,420 [80fd7bfd-9dae-4508-ab2c-21300ce3d3c9@group-37943A23133D:LeaderElection90] INFO  impl.LeaderElection (LeaderElection.java:logAndReturn(56)) - 80fd7bfd-9dae-4508-ab2c-21300ce3d3c9@group-37943A23133D:LeaderElection90: Election REJECTED; received 2 response(s) [80fd7bfd-9dae-4508-ab2c-21300ce3d3c9<-fa649949-58de-4ced-9a7b-783533430b79#0:FAIL-t1, 80fd7bfd-9dae-4508-ab2c-21300ce3d3c9<-a216e3c9-ad4a-49a6-bccb-13260cb54294#0:FAIL-t1] and 0 exception(s); 80fd7bfd-9dae-4508-ab2c-21300ce3d3c9@group-37943A23133D:t1, leader=null, voted=80fd7bfd-9dae-4508-ab2c-21300ce3d3c9, raftlog=80fd7bfd-9dae-4508-ab2c-21300ce3d3c9@group-37943A23133D-SegmentedRaftLog:OPENED:c-1,f-1,i0, conf=-1: [80fd7bfd-9dae-4508-ab2c-21300ce3d3c9:192.168.34.57:35969, fa649949-58de-4ced-9a7b-783533430b79:192.168.34.57:42273, a216e3c9-ad4a-49a6-bccb-13260cb54294:192.168.34.57:36441], old=null
2019-09-04 17:20:03,420 [e1b16608-d523-4d5d-af4b-b418ef86114b@group-6A79DD08F32C:LeaderElection92] INFO  server.RaftServerConfigKeys (ConfUtils.java:logGet(43)) - raft.server.watch.timeout = 10s (default)
2019-09-04 17:20:03,422 [80fd7bfd-9dae-4508-ab2c-21300ce3d3c9@group-37943A23133D:LeaderElection90] INFO  impl.RaftServerImpl (RaftServerImpl.java:setRole(174)) - 80fd7bfd-9dae-4508-ab2c-21300ce3d3c9@group-37943A23133D: changes role from CANDIDATE to FOLLOWER at term 1 for DISCOVERED_A_NEW_TERM
2019-09-04 17:20:03,426 [80fd7bfd-9dae-4508-ab2c-21300ce3d3c9@group-37943A23133D:LeaderElection90] INFO  impl.RoleInfo (RoleInfo.java:shutdownLeaderElection(134)) - 80fd7bfd-9dae-4508-ab2c-21300ce3d3c9: shutdown LeaderElection
2019-09-04 17:20:03,422 [e1b16608-d523-4d5d-af4b-b418ef86114b@group-6A79DD08F32C:LeaderElection92] INFO  server.RaftServerConfigKeys (ConfUtils.java:logGet(43)) - raft.server.watch.timeout.denomination = 1s (default)
2019-09-04 17:20:03,426 [986dd48b-ab2d-4dda-bcfc-6b1c0b2b378a@group-F13E85E91BDB:LeaderElection91] INFO  impl.RoleInfo (RoleInfo.java:updateAndGet(143)) - 986dd48b-ab2d-4dda-bcfc-6b1c0b2b378a: start LeaderState
2019-09-04 17:20:03,426 [80fd7bfd-9dae-4508-ab2c-21300ce3d3c9@group-37943A23133D:LeaderElection90] INFO  impl.RoleInfo (RoleInfo.java:updateAndGet(143)) - 80fd7bfd-9dae-4508-ab2c-21300ce3d3c9: start FollowerState
2019-09-04 17:20:03,426 [e1b16608-d523-4d5d-af4b-b418ef86114b@group-6A79DD08F32C:LeaderElection92] INFO  server.RaftServerConfigKeys (ConfUtils.java:logGet(43)) - raft.server.watch.element-limit = 65536 (default)
2019-09-04 17:20:03,426 [fa649949-58de-4ced-9a7b-783533430b79@group-37943A23133D:LeaderElection89] INFO  impl.LeaderElection (LeaderElection.java:logAndReturn(56)) - fa649949-58de-4ced-9a7b-783533430b79@group-37943A23133D:LeaderElection89: Election REJECTED; received 2 response(s) [fa649949-58de-4ced-9a7b-783533430b79<-80fd7bfd-9dae-4508-ab2c-21300ce3d3c9#0:FAIL-t1, fa649949-58de-4ced-9a7b-783533430b79<-a216e3c9-ad4a-49a6-bccb-13260cb54294#0:FAIL-t1] and 0 exception(s); fa649949-58de-4ced-9a7b-783533430b79@group-37943A23133D:t1, leader=null, voted=fa649949-58de-4ced-9a7b-783533430b79, raftlog=fa649949-58de-4ced-9a7b-783533430b79@group-37943A23133D-SegmentedRaftLog:OPENED:c-1,f-1,i0, conf=-1: [80fd7bfd-9dae-4508-ab2c-21300ce3d3c9:192.168.34.57:35969, fa649949-58de-4ced-9a7b-783533430b79:192.168.34.57:42273, a216e3c9-ad4a-49a6-bccb-13260cb54294:192.168.34.57:36441], old=null
2019-09-04 17:20:03,426 [986dd48b-ab2d-4dda-bcfc-6b1c0b2b378a@group-F13E85E91BDB:LeaderElection91] INFO  segmented.SegmentedRaftLogWorker (SegmentedRaftLogWorker.java:startLogSegment(380)) - 986dd48b-ab2d-4dda-bcfc-6b1c0b2b378a@group-F13E85E91BDB-SegmentedRaftLogWorker: Starting segment from index:0
2019-09-04 17:20:03,428 [fa649949-58de-4ced-9a7b-783533430b79@group-37943A23133D:LeaderElection89] INFO  impl.RaftServerImpl (RaftServerImpl.java:setRole(174)) - fa649949-58de-4ced-9a7b-783533430b79@group-37943A23133D: changes role from CANDIDATE to FOLLOWER at term 1 for DISCOVERED_A_NEW_TERM
2019-09-04 17:20:03,430 [cb36962c-e1d1-471d-89a7-03694d45c07b@group-AA141A77199B:LeaderElection93] INFO  impl.LeaderElection (LeaderElection.java:askForVotes(182)) - cb36962c-e1d1-471d-89a7-03694d45c07b@group-AA141A77199B:LeaderElection93: begin an election at term 1 for -1: [cb36962c-e1d1-471d-89a7-03694d45c07b:192.168.34.57:35025], old=null
2019-09-04 17:20:03,430 [986dd48b-ab2d-4dda-bcfc-6b1c0b2b378a@group-D7045515CA6C:LeaderElection94] INFO  impl.LeaderElection (LeaderElection.java:askForVotes(182)) - 986dd48b-ab2d-4dda-bcfc-6b1c0b2b378a@group-D7045515CA6C:LeaderElection94: begin an election at term 1 for -1: [986dd48b-ab2d-4dda-bcfc-6b1c0b2b378a:192.168.34.57:41714, cb36962c-e1d1-471d-89a7-03694d45c07b:192.168.34.57:35025, 305120e2-ed04-4093-b8eb-15d639fdaf7c:192.168.34.57:34116], old=null
2019-09-04 17:20:03,430 [986dd48b-ab2d-4dda-bcfc-6b1c0b2b378a@group-F13E85E91BDB:LeaderElection91] INFO  impl.RaftServerImpl (ServerState.java:setRaftConf(354)) - 986dd48b-ab2d-4dda-bcfc-6b1c0b2b378a@group-F13E85E91BDB: set configuration 0: [986dd48b-ab2d-4dda-bcfc-6b1c0b2b378a:192.168.34.57:41714], old=null at 0
2019-09-04 17:20:03,430 [cb36962c-e1d1-471d-89a7-03694d45c07b@group-AA141A77199B:LeaderElection93] INFO  impl.RoleInfo (RoleInfo.java:shutdownLeaderElection(134)) - cb36962c-e1d1-471d-89a7-03694d45c07b: shutdown LeaderElection
2019-09-04 17:20:03,430 [cb36962c-e1d1-471d-89a7-03694d45c07b@group-AA141A77199B:LeaderElection93] INFO  impl.RaftServerImpl (RaftServerImpl.java:setRole(174)) - cb36962c-e1d1-471d-89a7-03694d45c07b@group-AA141A77199B: changes role from CANDIDATE to LEADER at term 1 for changeToLeader
2019-09-04 17:20:03,430 [fa649949-58de-4ced-9a7b-783533430b79@group-37943A23133D:LeaderElection89] INFO  impl.RoleInfo (RoleInfo.java:shutdownLeaderElection(134)) - fa649949-58de-4ced-9a7b-783533430b79: shutdown LeaderElection
2019-09-04 17:20:03,432 [cb36962c-e1d1-471d-89a7-03694d45c07b@group-AA141A77199B:LeaderElection93] INFO  impl.RaftServerImpl (ServerState.java:setLeader(253)) - cb36962c-e1d1-471d-89a7-03694d45c07b@group-AA141A77199B: change Leader from null to cb36962c-e1d1-471d-89a7-03694d45c07b at term 1 for becomeLeader, leader elected after 5107ms
2019-09-04 17:20:03,432 [fa649949-58de-4ced-9a7b-783533430b79@group-37943A23133D:LeaderElection89] INFO  impl.RoleInfo (RoleInfo.java:updateAndGet(143)) - fa649949-58de-4ced-9a7b-783533430b79: start FollowerState
2019-09-04 17:20:03,432 [cb36962c-e1d1-471d-89a7-03694d45c07b@group-AA141A77199B:LeaderElection93] INFO  server.RaftServerConfigKeys (ConfUtils.java:logGet(43)) - raft.server.staging.catchup.gap = 1000 (default)
2019-09-04 17:20:03,433 [cb36962c-e1d1-471d-89a7-03694d45c07b@group-AA141A77199B:LeaderElection93] INFO  server.RaftServerConfigKeys (ConfUtils.java:logGet(43)) - raft.server.rpc.sleep.time = 25ms (default)
2019-09-04 17:20:03,433 [cb36962c-e1d1-471d-89a7-03694d45c07b@group-AA141A77199B:LeaderElection93] INFO  server.RaftServerConfigKeys (ConfUtils.java:logGet(43)) - raft.server.write.element-limit = 4096 (default)
2019-09-04 17:20:03,433 [cb36962c-e1d1-471d-89a7-03694d45c07b@group-AA141A77199B:LeaderElection93] INFO  server.RaftServerConfigKeys (ConfUtils.java:logGet(43)) - raft.server.watch.timeout = 10s (default)
2019-09-04 17:20:03,433 [e1b16608-d523-4d5d-af4b-b418ef86114b@group-6A79DD08F32C:LeaderElection92] INFO  impl.RoleInfo (RoleInfo.java:updateAndGet(143)) - e1b16608-d523-4d5d-af4b-b418ef86114b: start LeaderState
2019-09-04 17:20:03,433 [cb36962c-e1d1-471d-89a7-03694d45c07b@group-AA141A77199B:LeaderElection93] INFO  server.RaftServerConfigKeys (ConfUtils.java:logGet(43)) - raft.server.watch.timeout.denomination = 1s (default)
2019-09-04 17:20:03,433 [e1b16608-d523-4d5d-af4b-b418ef86114b@group-6A79DD08F32C:LeaderElection92] INFO  segmented.SegmentedRaftLogWorker (SegmentedRaftLogWorker.java:startLogSegment(380)) - e1b16608-d523-4d5d-af4b-b418ef86114b@group-6A79DD08F32C-SegmentedRaftLogWorker: Starting segment from index:0
2019-09-04 17:20:03,433 [cb36962c-e1d1-471d-89a7-03694d45c07b@group-AA141A77199B:LeaderElection93] INFO  server.RaftServerConfigKeys (ConfUtils.java:logGet(43)) - raft.server.watch.element-limit = 65536 (default)
2019-09-04 17:20:03,433 [e1b16608-d523-4d5d-af4b-b418ef86114b@group-6A79DD08F32C:LeaderElection92] INFO  impl.RaftServerImpl (ServerState.java:setRaftConf(354)) - e1b16608-d523-4d5d-af4b-b418ef86114b@group-6A79DD08F32C: set configuration 0: [e1b16608-d523-4d5d-af4b-b418ef86114b:192.168.34.57:33788], old=null at 0
2019-09-04 17:20:03,462 [Thread-3166] INFO  impl.FollowerState (FollowerState.java:run(106)) - cb36962c-e1d1-471d-89a7-03694d45c07b:group-D7045515CA6C changes to CANDIDATE, lastRpcTime:5077, electionTimeout:5076ms
2019-09-04 17:20:03,462 [Thread-3166] INFO  impl.RoleInfo (RoleInfo.java:shutdownFollowerState(121)) - cb36962c-e1d1-471d-89a7-03694d45c07b: shutdown FollowerState
2019-09-04 17:20:03,463 [Thread-3166] INFO  impl.RaftServerImpl (RaftServerImpl.java:setRole(174)) - cb36962c-e1d1-471d-89a7-03694d45c07b@group-D7045515CA6C: changes role from  FOLLOWER to CANDIDATE at term 0 for changeToCandidate
2019-09-04 17:20:03,463 [Thread-3166] INFO  impl.RoleInfo (RoleInfo.java:updateAndGet(143)) - cb36962c-e1d1-471d-89a7-03694d45c07b: start LeaderElection
2019-09-04 17:20:03,465 [grpc-default-executor-13] INFO  impl.RaftServerImpl (RaftServerImpl.java:setRole(174)) - 305120e2-ed04-4093-b8eb-15d639fdaf7c@group-D7045515CA6C: changes role from  FOLLOWER to FOLLOWER at term 1 for recognizeCandidate:986dd48b-ab2d-4dda-bcfc-6b1c0b2b378a
2019-09-04 17:20:03,465 [grpc-default-executor-13] INFO  impl.RoleInfo (RoleInfo.java:shutdownFollowerState(121)) - 305120e2-ed04-4093-b8eb-15d639fdaf7c: shutdown FollowerState
2019-09-04 17:20:03,465 [grpc-default-executor-13] INFO  impl.RoleInfo (RoleInfo.java:updateAndGet(143)) - 305120e2-ed04-4093-b8eb-15d639fdaf7c: start FollowerState
2019-09-04 17:20:03,465 [Thread-3163] INFO  impl.FollowerState (FollowerState.java:run(115)) - 305120e2-ed04-4093-b8eb-15d639fdaf7c: FollowerState was interrupted: java.lang.InterruptedException: sleep interrupted
2019-09-04 17:20:03,468 [cb36962c-e1d1-471d-89a7-03694d45c07b@group-AA141A77199B:LeaderElection93] INFO  impl.RoleInfo (RoleInfo.java:updateAndGet(143)) - cb36962c-e1d1-471d-89a7-03694d45c07b: start LeaderState
2019-09-04 17:20:03,468 [cb36962c-e1d1-471d-89a7-03694d45c07b@group-AA141A77199B:LeaderElection93] INFO  segmented.SegmentedRaftLogWorker (SegmentedRaftLogWorker.java:startLogSegment(380)) - cb36962c-e1d1-471d-89a7-03694d45c07b@group-AA141A77199B-SegmentedRaftLogWorker: Starting segment from index:0
2019-09-04 17:20:03,468 [cb36962c-e1d1-471d-89a7-03694d45c07b@group-AA141A77199B:LeaderElection93] INFO  impl.RaftServerImpl (ServerState.java:setRaftConf(354)) - cb36962c-e1d1-471d-89a7-03694d45c07b@group-AA141A77199B: set configuration 0: [cb36962c-e1d1-471d-89a7-03694d45c07b:192.168.34.57:35025], old=null at 0
2019-09-04 17:20:03,495 [986dd48b-ab2d-4dda-bcfc-6b1c0b2b378a@group-F13E85E91BDB-SegmentedRaftLogWorker] INFO  segmented.SegmentedRaftLogWorker (SegmentedRaftLogWorker.java:execute(569)) - 986dd48b-ab2d-4dda-bcfc-6b1c0b2b378a@group-F13E85E91BDB-SegmentedRaftLogWorker: created new log segment /workdir/hadoop-ozone/integration-test/target/test-dir/MiniOzoneClusterImpl-2f594647-c66f-4987-a195-77c452f53489/datanode-4/data/ratis/69ec17b5-1117-4e27-a03f-f13e85e91bdb/current/log_inprogress_0
2019-09-04 17:20:03,495 [e1b16608-d523-4d5d-af4b-b418ef86114b@group-6A79DD08F32C-SegmentedRaftLogWorker] INFO  segmented.SegmentedRaftLogWorker (SegmentedRaftLogWorker.java:execute(569)) - e1b16608-d523-4d5d-af4b-b418ef86114b@group-6A79DD08F32C-SegmentedRaftLogWorker: created new log segment /workdir/hadoop-ozone/integration-test/target/test-dir/MiniOzoneClusterImpl-2f594647-c66f-4987-a195-77c452f53489/datanode-5/data/ratis/eab01a27-bc24-4ec6-a000-6a79dd08f32c/current/log_inprogress_0
2019-09-04 17:20:03,495 [cb36962c-e1d1-471d-89a7-03694d45c07b@group-D7045515CA6C:LeaderElection95] INFO  impl.LeaderElection (LeaderElection.java:askForVotes(182)) - cb36962c-e1d1-471d-89a7-03694d45c07b@group-D7045515CA6C:LeaderElection95: begin an election at term 1 for -1: [986dd48b-ab2d-4dda-bcfc-6b1c0b2b378a:192.168.34.57:41714, cb36962c-e1d1-471d-89a7-03694d45c07b:192.168.34.57:35025, 305120e2-ed04-4093-b8eb-15d639fdaf7c:192.168.34.57:34116], old=null
2019-09-04 17:20:03,496 [986dd48b-ab2d-4dda-bcfc-6b1c0b2b378a@group-D7045515CA6C:LeaderElection94] INFO  impl.LeaderElection (LeaderElection.java:logAndReturn(56)) - 986dd48b-ab2d-4dda-bcfc-6b1c0b2b378a@group-D7045515CA6C:LeaderElection94: Election PASSED; received 1 response(s) [986dd48b-ab2d-4dda-bcfc-6b1c0b2b378a<-305120e2-ed04-4093-b8eb-15d639fdaf7c#0:OK-t1] and 0 exception(s); 986dd48b-ab2d-4dda-bcfc-6b1c0b2b378a@group-D7045515CA6C:t1, leader=null, voted=986dd48b-ab2d-4dda-bcfc-6b1c0b2b378a, raftlog=986dd48b-ab2d-4dda-bcfc-6b1c0b2b378a@group-D7045515CA6C-SegmentedRaftLog:OPENED:c-1,f-1,i0, conf=-1: [986dd48b-ab2d-4dda-bcfc-6b1c0b2b378a:192.168.34.57:41714, cb36962c-e1d1-471d-89a7-03694d45c07b:192.168.34.57:35025, 305120e2-ed04-4093-b8eb-15d639fdaf7c:192.168.34.57:34116], old=null
2019-09-04 17:20:03,496 [986dd48b-ab2d-4dda-bcfc-6b1c0b2b378a@group-D7045515CA6C:LeaderElection94] INFO  impl.RoleInfo (RoleInfo.java:shutdownLeaderElection(134)) - 986dd48b-ab2d-4dda-bcfc-6b1c0b2b378a: shutdown LeaderElection
2019-09-04 17:20:03,496 [986dd48b-ab2d-4dda-bcfc-6b1c0b2b378a@group-D7045515CA6C:LeaderElection94] INFO  impl.RaftServerImpl (RaftServerImpl.java:setRole(174)) - 986dd48b-ab2d-4dda-bcfc-6b1c0b2b378a@group-D7045515CA6C: changes role from CANDIDATE to LEADER at term 1 for changeToLeader
2019-09-04 17:20:03,497 [986dd48b-ab2d-4dda-bcfc-6b1c0b2b378a@group-D7045515CA6C:LeaderElection94] INFO  impl.RaftServerImpl (ServerState.java:setLeader(253)) - 986dd48b-ab2d-4dda-bcfc-6b1c0b2b378a@group-D7045515CA6C: change Leader from null to 986dd48b-ab2d-4dda-bcfc-6b1c0b2b378a at term 1 for becomeLeader, leader elected after 5122ms
2019-09-04 17:20:03,497 [986dd48b-ab2d-4dda-bcfc-6b1c0b2b378a@group-D7045515CA6C:LeaderElection94] INFO  server.RaftServerConfigKeys (ConfUtils.java:logGet(43)) - raft.server.staging.catchup.gap = 1000 (default)
2019-09-04 17:20:03,497 [986dd48b-ab2d-4dda-bcfc-6b1c0b2b378a@group-D7045515CA6C:LeaderElection94] INFO  server.RaftServerConfigKeys (ConfUtils.java:logGet(43)) - raft.server.rpc.sleep.time = 25ms (default)
2019-09-04 17:20:03,497 [986dd48b-ab2d-4dda-bcfc-6b1c0b2b378a@group-D7045515CA6C:LeaderElection94] INFO  server.RaftServerConfigKeys (ConfUtils.java:logGet(43)) - raft.server.write.element-limit = 4096 (default)
2019-09-04 17:20:03,497 [986dd48b-ab2d-4dda-bcfc-6b1c0b2b378a@group-D7045515CA6C:LeaderElection94] INFO  server.RaftServerConfigKeys (ConfUtils.java:logGet(43)) - raft.server.watch.timeout = 10s (default)
2019-09-04 17:20:03,497 [986dd48b-ab2d-4dda-bcfc-6b1c0b2b378a@group-D7045515CA6C:LeaderElection94] INFO  server.RaftServerConfigKeys (ConfUtils.java:logGet(43)) - raft.server.watch.timeout.denomination = 1s (default)
2019-09-04 17:20:03,497 [986dd48b-ab2d-4dda-bcfc-6b1c0b2b378a@group-D7045515CA6C:LeaderElection94] INFO  server.RaftServerConfigKeys (ConfUtils.java:logGet(43)) - raft.server.watch.element-limit = 65536 (default)
2019-09-04 17:20:03,498 [986dd48b-ab2d-4dda-bcfc-6b1c0b2b378a@group-D7045515CA6C:LeaderElection94] INFO  server.RaftServerConfigKeys (ConfUtils.java:logGet(43)) - raft.server.log.appender.snapshot.chunk.size.max = 16MB (=16777216) (default)
2019-09-04 17:20:03,499 [986dd48b-ab2d-4dda-bcfc-6b1c0b2b378a@group-D7045515CA6C:LeaderElection94] INFO  server.RaftServerConfigKeys (ConfUtils.java:logGet(43)) - raft.server.log.appender.buffer.byte-limit = 33554432 (custom)
2019-09-04 17:20:03,502 [cb36962c-e1d1-471d-89a7-03694d45c07b@group-AA141A77199B-SegmentedRaftLogWorker] INFO  segmented.SegmentedRaftLogWorker (SegmentedRaftLogWorker.java:execute(569)) - cb36962c-e1d1-471d-89a7-03694d45c07b@group-AA141A77199B-SegmentedRaftLogWorker: created new log segment /workdir/hadoop-ozone/integration-test/target/test-dir/MiniOzoneClusterImpl-2f594647-c66f-4987-a195-77c452f53489/datanode-6/data/ratis/65ca6261-7124-4a79-8b9f-aa141a77199b/current/log_inprogress_0
2019-09-04 17:20:03,503 [986dd48b-ab2d-4dda-bcfc-6b1c0b2b378a@group-D7045515CA6C:LeaderElection94] INFO  server.RaftServerConfigKeys (ConfUtils.java:logGet(43)) - raft.server.log.appender.buffer.element-limit = 1 (custom)
2019-09-04 17:20:03,505 [986dd48b-ab2d-4dda-bcfc-6b1c0b2b378a@group-D7045515CA6C:LeaderElection94] INFO  grpc.GrpcConfigKeys$Server (ConfUtils.java:logGet(43)) - raft.grpc.server.leader.outstanding.appends.max = 128 (default)
2019-09-04 17:20:03,505 [grpc-default-executor-12] INFO  client.GrpcClientProtocolClient (GrpcClientProtocolClient.java:onNext(264)) - client-ED6CAEC9DB00->305120e2-ed04-4093-b8eb-15d639fdaf7c: receive RaftClientReply:client-ED6CAEC9DB00->305120e2-ed04-4093-b8eb-15d639fdaf7c@group-D7045515CA6C, cid=183, FAILED org.apache.ratis.protocol.NotLeaderException: Server 305120e2-ed04-4093-b8eb-15d639fdaf7c@group-D7045515CA6C is not the leader, logIndex=0, commits[305120e2-ed04-4093-b8eb-15d639fdaf7c:c-1]
2019-09-04 17:20:03,505 [986dd48b-ab2d-4dda-bcfc-6b1c0b2b378a@group-D7045515CA6C:LeaderElection94] INFO  server.RaftServerConfigKeys (ConfUtils.java:logGet(43)) - raft.server.rpc.request.timeout = 3000ms (default)
2019-09-04 17:20:03,506 [986dd48b-ab2d-4dda-bcfc-6b1c0b2b378a@group-D7045515CA6C:LeaderElection94] INFO  server.RaftServerConfigKeys (ConfUtils.java:logGet(43)) - raft.server.log.appender.install.snapshot.enabled = false (custom)
2019-09-04 17:20:03,508 [986dd48b-ab2d-4dda-bcfc-6b1c0b2b378a@group-D7045515CA6C:LeaderElection94] INFO  server.RaftServerConfigKeys (ConfUtils.java:logGet(43)) - raft.server.log.appender.snapshot.chunk.size.max = 16MB (=16777216) (default)
2019-09-04 17:20:03,508 [986dd48b-ab2d-4dda-bcfc-6b1c0b2b378a@group-D7045515CA6C:LeaderElection94] INFO  server.RaftServerConfigKeys (ConfUtils.java:logGet(43)) - raft.server.log.appender.buffer.byte-limit = 33554432 (custom)
2019-09-04 17:20:03,509 [986dd48b-ab2d-4dda-bcfc-6b1c0b2b378a@group-D7045515CA6C:LeaderElection94] INFO  server.RaftServerConfigKeys (ConfUtils.java:logGet(43)) - raft.server.log.appender.buffer.element-limit = 1 (custom)
2019-09-04 17:20:03,509 [986dd48b-ab2d-4dda-bcfc-6b1c0b2b378a@group-D7045515CA6C:LeaderElection94] INFO  grpc.GrpcConfigKeys$Server (ConfUtils.java:logGet(43)) - raft.grpc.server.leader.outstanding.appends.max = 128 (default)
2019-09-04 17:20:03,509 [986dd48b-ab2d-4dda-bcfc-6b1c0b2b378a@group-D7045515CA6C:LeaderElection94] INFO  server.RaftServerConfigKeys (ConfUtils.java:logGet(43)) - raft.server.rpc.request.timeout = 3000ms (default)
2019-09-04 17:20:03,509 [986dd48b-ab2d-4dda-bcfc-6b1c0b2b378a@group-D7045515CA6C:LeaderElection94] INFO  server.RaftServerConfigKeys (ConfUtils.java:logGet(43)) - raft.server.log.appender.install.snapshot.enabled = false (custom)
2019-09-04 17:20:03,509 [986dd48b-ab2d-4dda-bcfc-6b1c0b2b378a@group-D7045515CA6C:LeaderElection94] INFO  impl.RoleInfo (RoleInfo.java:updateAndGet(143)) - 986dd48b-ab2d-4dda-bcfc-6b1c0b2b378a: start LeaderState
2019-09-04 17:20:03,509 [986dd48b-ab2d-4dda-bcfc-6b1c0b2b378a@group-D7045515CA6C:LeaderElection94] INFO  segmented.SegmentedRaftLogWorker (SegmentedRaftLogWorker.java:startLogSegment(380)) - 986dd48b-ab2d-4dda-bcfc-6b1c0b2b378a@group-D7045515CA6C-SegmentedRaftLogWorker: Starting segment from index:0
2019-09-04 17:20:03,510 [986dd48b-ab2d-4dda-bcfc-6b1c0b2b378a@group-D7045515CA6C:LeaderElection94] INFO  impl.RaftServerImpl (ServerState.java:setRaftConf(354)) - 986dd48b-ab2d-4dda-bcfc-6b1c0b2b378a@group-D7045515CA6C: set configuration 0: [986dd48b-ab2d-4dda-bcfc-6b1c0b2b378a:192.168.34.57:41714, cb36962c-e1d1-471d-89a7-03694d45c07b:192.168.34.57:35025, 305120e2-ed04-4093-b8eb-15d639fdaf7c:192.168.34.57:34116], old=null at 0
2019-09-04 17:20:03,510 [grpc-default-executor-17] INFO  impl.RaftServerImpl (RaftServerImpl.java:requestVote(758)) - 986dd48b-ab2d-4dda-bcfc-6b1c0b2b378a@group-D7045515CA6C-   LEADER: Withhold vote from candidate cb36962c-e1d1-471d-89a7-03694d45c07b with term 1. State: leader=986dd48b-ab2d-4dda-bcfc-6b1c0b2b378a, term=1, lastRpcElapsed=null
2019-09-04 17:20:03,548 [cb36962c-e1d1-471d-89a7-03694d45c07b@group-D7045515CA6C:LeaderElection95] INFO  impl.LeaderElection (LeaderElection.java:logAndReturn(56)) - cb36962c-e1d1-471d-89a7-03694d45c07b@group-D7045515CA6C:LeaderElection95: Election REJECTED; received 2 response(s) [cb36962c-e1d1-471d-89a7-03694d45c07b<-986dd48b-ab2d-4dda-bcfc-6b1c0b2b378a#0:FAIL-t1, cb36962c-e1d1-471d-89a7-03694d45c07b<-305120e2-ed04-4093-b8eb-15d639fdaf7c#0:FAIL-t1] and 0 exception(s); cb36962c-e1d1-471d-89a7-03694d45c07b@group-D7045515CA6C:t1, leader=null, voted=cb36962c-e1d1-471d-89a7-03694d45c07b, raftlog=cb36962c-e1d1-471d-89a7-03694d45c07b@group-D7045515CA6C-SegmentedRaftLog:OPENED:c-1,f-1,i0, conf=-1: [986dd48b-ab2d-4dda-bcfc-6b1c0b2b378a:192.168.34.57:41714, cb36962c-e1d1-471d-89a7-03694d45c07b:192.168.34.57:35025, 305120e2-ed04-4093-b8eb-15d639fdaf7c:192.168.34.57:34116], old=null
2019-09-04 17:20:03,548 [grpc-default-executor-12] INFO  impl.RaftServerImpl (ServerState.java:setLeader(253)) - 305120e2-ed04-4093-b8eb-15d639fdaf7c@group-D7045515CA6C: change Leader from null to 986dd48b-ab2d-4dda-bcfc-6b1c0b2b378a at term 1 for appendEntries, leader elected after 5174ms
2019-09-04 17:20:03,548 [grpc-default-executor-17] INFO  impl.RaftServerImpl (RaftServerImpl.java:setRole(174)) - cb36962c-e1d1-471d-89a7-03694d45c07b@group-D7045515CA6C: changes role from CANDIDATE to FOLLOWER at term 1 for appendEntries
2019-09-04 17:20:03,551 [grpc-default-executor-17] INFO  impl.RoleInfo (RoleInfo.java:shutdownLeaderElection(134)) - cb36962c-e1d1-471d-89a7-03694d45c07b: shutdown LeaderElection
2019-09-04 17:20:03,551 [grpc-default-executor-17] INFO  impl.RoleInfo (RoleInfo.java:updateAndGet(143)) - cb36962c-e1d1-471d-89a7-03694d45c07b: start FollowerState
2019-09-04 17:20:03,551 [grpc-default-executor-17] INFO  impl.RaftServerImpl (ServerState.java:setLeader(253)) - cb36962c-e1d1-471d-89a7-03694d45c07b@group-D7045515CA6C: change Leader from null to 986dd48b-ab2d-4dda-bcfc-6b1c0b2b378a at term 1 for appendEntries, leader elected after 5177ms
2019-09-04 17:20:03,553 [grpc-default-executor-17] INFO  impl.RaftServerImpl (ServerState.java:setRaftConf(354)) - 305120e2-ed04-4093-b8eb-15d639fdaf7c@group-D7045515CA6C: set configuration 0: [986dd48b-ab2d-4dda-bcfc-6b1c0b2b378a:192.168.34.57:41714, cb36962c-e1d1-471d-89a7-03694d45c07b:192.168.34.57:35025, 305120e2-ed04-4093-b8eb-15d639fdaf7c:192.168.34.57:34116], old=null at 0
2019-09-04 17:20:03,553 [grpc-default-executor-17] INFO  segmented.SegmentedRaftLogWorker (SegmentedRaftLogWorker.java:startLogSegment(380)) - 305120e2-ed04-4093-b8eb-15d639fdaf7c@group-D7045515CA6C-SegmentedRaftLogWorker: Starting segment from index:0
2019-09-04 17:20:03,553 [grpc-default-executor-12] INFO  impl.RaftServerImpl (ServerState.java:setRaftConf(354)) - cb36962c-e1d1-471d-89a7-03694d45c07b@group-D7045515CA6C: set configuration 0: [986dd48b-ab2d-4dda-bcfc-6b1c0b2b378a:192.168.34.57:41714, cb36962c-e1d1-471d-89a7-03694d45c07b:192.168.34.57:35025, 305120e2-ed04-4093-b8eb-15d639fdaf7c:192.168.34.57:34116], old=null at 0
2019-09-04 17:20:03,553 [grpc-default-executor-12] INFO  segmented.SegmentedRaftLogWorker (SegmentedRaftLogWorker.java:startLogSegment(380)) - cb36962c-e1d1-471d-89a7-03694d45c07b@group-D7045515CA6C-SegmentedRaftLogWorker: Starting segment from index:0
2019-09-04 17:20:03,560 [986dd48b-ab2d-4dda-bcfc-6b1c0b2b378a@group-D7045515CA6C-SegmentedRaftLogWorker] INFO  segmented.SegmentedRaftLogWorker (SegmentedRaftLogWorker.java:execute(569)) - 986dd48b-ab2d-4dda-bcfc-6b1c0b2b378a@group-D7045515CA6C-SegmentedRaftLogWorker: created new log segment /workdir/hadoop-ozone/integration-test/target/test-dir/MiniOzoneClusterImpl-2f594647-c66f-4987-a195-77c452f53489/datanode-4/data/ratis/8e7d82c8-c8cc-40a3-9dc5-d7045515ca6c/current/log_inprogress_0
2019-09-04 17:20:03,594 [cb36962c-e1d1-471d-89a7-03694d45c07b@group-D7045515CA6C-SegmentedRaftLogWorker] INFO  segmented.SegmentedRaftLogWorker (SegmentedRaftLogWorker.java:execute(569)) - cb36962c-e1d1-471d-89a7-03694d45c07b@group-D7045515CA6C-SegmentedRaftLogWorker: created new log segment /workdir/hadoop-ozone/integration-test/target/test-dir/MiniOzoneClusterImpl-2f594647-c66f-4987-a195-77c452f53489/datanode-6/data/ratis/8e7d82c8-c8cc-40a3-9dc5-d7045515ca6c/current/log_inprogress_0
2019-09-04 17:20:03,594 [305120e2-ed04-4093-b8eb-15d639fdaf7c@group-D7045515CA6C-SegmentedRaftLogWorker] INFO  segmented.SegmentedRaftLogWorker (SegmentedRaftLogWorker.java:execute(569)) - 305120e2-ed04-4093-b8eb-15d639fdaf7c@group-D7045515CA6C-SegmentedRaftLogWorker: created new log segment /workdir/hadoop-ozone/integration-test/target/test-dir/MiniOzoneClusterImpl-2f594647-c66f-4987-a195-77c452f53489/datanode-3/data/ratis/8e7d82c8-c8cc-40a3-9dc5-d7045515ca6c/current/log_inprogress_0
2019-09-04 17:20:04,607 [grpc-default-executor-17] INFO  client.GrpcClientProtocolClient (GrpcClientProtocolClient.java:onNext(264)) - client-ED6CAEC9DB00->986dd48b-ab2d-4dda-bcfc-6b1c0b2b378a: receive RaftClientReply:client-ED6CAEC9DB00->986dd48b-ab2d-4dda-bcfc-6b1c0b2b378a@group-D7045515CA6C, cid=183, SUCCESS, logIndex=1, commits[986dd48b-ab2d-4dda-bcfc-6b1c0b2b378a:c1, cb36962c-e1d1-471d-89a7-03694d45c07b:c0, 305120e2-ed04-4093-b8eb-15d639fdaf7c:c0]
2019-09-04 17:20:04,621 [grpc-default-executor-13] INFO  client.GrpcClientProtocolClient (GrpcClientProtocolClient.java:onNext(264)) - client-ED6CAEC9DB00->986dd48b-ab2d-4dda-bcfc-6b1c0b2b378a: receive RaftClientReply:client-ED6CAEC9DB00->986dd48b-ab2d-4dda-bcfc-6b1c0b2b378a@group-D7045515CA6C, cid=184, SUCCESS, logIndex=3, commits[986dd48b-ab2d-4dda-bcfc-6b1c0b2b378a:c3, cb36962c-e1d1-471d-89a7-03694d45c07b:c1, 305120e2-ed04-4093-b8eb-15d639fdaf7c:c1]
2019-09-04 17:20:04,663 [grpc-default-executor-17] INFO  client.GrpcClientProtocolClient (GrpcClientProtocolClient.java:onNext(264)) - client-ED6CAEC9DB00->986dd48b-ab2d-4dda-bcfc-6b1c0b2b378a: receive RaftClientReply:client-ED6CAEC9DB00->986dd48b-ab2d-4dda-bcfc-6b1c0b2b378a@group-D7045515CA6C, cid=185, SUCCESS, logIndex=4, commits[986dd48b-ab2d-4dda-bcfc-6b1c0b2b378a:c12, cb36962c-e1d1-471d-89a7-03694d45c07b:c7, 305120e2-ed04-4093-b8eb-15d639fdaf7c:c7]
2019-09-04 17:20:04,664 [grpc-default-executor-17] INFO  client.GrpcClientProtocolClient (GrpcClientProtocolClient.java:onNext(264)) - client-ED6CAEC9DB00->986dd48b-ab2d-4dda-bcfc-6b1c0b2b378a: receive RaftClientReply:client-ED6CAEC9DB00->986dd48b-ab2d-4dda-bcfc-6b1c0b2b378a@group-D7045515CA6C, cid=186, SUCCESS, logIndex=5, commits[986dd48b-ab2d-4dda-bcfc-6b1c0b2b378a:c12, cb36962c-e1d1-471d-89a7-03694d45c07b:c7, 305120e2-ed04-4093-b8eb-15d639fdaf7c:c7]
2019-09-04 17:20:04,665 [grpc-default-executor-17] INFO  client.GrpcClientProtocolClient (GrpcClientProtocolClient.java:onNext(264)) - client-ED6CAEC9DB00->986dd48b-ab2d-4dda-bcfc-6b1c0b2b378a: receive RaftClientReply:client-ED6CAEC9DB00->986dd48b-ab2d-4dda-bcfc-6b1c0b2b378a@group-D7045515CA6C, cid=187, SUCCESS, logIndex=6, commits[986dd48b-ab2d-4dda-bcfc-6b1c0b2b378a:c12, cb36962c-e1d1-471d-89a7-03694d45c07b:c7, 305120e2-ed04-4093-b8eb-15d639fdaf7c:c7]
2019-09-04 17:20:04,756 [grpc-default-executor-17] INFO  client.GrpcClientProtocolClient (GrpcClientProtocolClient.java:onNext(264)) - client-ED6CAEC9DB00->986dd48b-ab2d-4dda-bcfc-6b1c0b2b378a: receive RaftClientReply:client-ED6CAEC9DB00->986dd48b-ab2d-4dda-bcfc-6b1c0b2b378a@group-D7045515CA6C, cid=188, SUCCESS, logIndex=7, commits[986dd48b-ab2d-4dda-bcfc-6b1c0b2b378a:c12, cb36962c-e1d1-471d-89a7-03694d45c07b:c7, 305120e2-ed04-4093-b8eb-15d639fdaf7c:c7]
2019-09-04 17:20:04,794 [grpc-default-executor-17] INFO  client.GrpcClientProtocolClient (GrpcClientProtocolClient.java:onNext(264)) - client-ED6CAEC9DB00->986dd48b-ab2d-4dda-bcfc-6b1c0b2b378a: receive RaftClientReply:client-ED6CAEC9DB00->986dd48b-ab2d-4dda-bcfc-6b1c0b2b378a@group-D7045515CA6C, cid=189, SUCCESS, logIndex=13, commits[986dd48b-ab2d-4dda-bcfc-6b1c0b2b378a:c14, cb36962c-e1d1-471d-89a7-03694d45c07b:c12, 305120e2-ed04-4093-b8eb-15d639fdaf7c:c12]
2019-09-04 17:20:04,798 [grpc-default-executor-17] INFO  client.GrpcClientProtocolClient (GrpcClientProtocolClient.java:onNext(264)) - client-ED6CAEC9DB00->986dd48b-ab2d-4dda-bcfc-6b1c0b2b378a: receive RaftClientReply:client-ED6CAEC9DB00->986dd48b-ab2d-4dda-bcfc-6b1c0b2b378a@group-D7045515CA6C, cid=190, SUCCESS, logIndex=14, commits[986dd48b-ab2d-4dda-bcfc-6b1c0b2b378a:c15, cb36962c-e1d1-471d-89a7-03694d45c07b:c12, 305120e2-ed04-4093-b8eb-15d639fdaf7c:c14]
2019-09-04 17:20:04,802 [grpc-default-executor-17] INFO  client.GrpcClientProtocolClient (GrpcClientProtocolClient.java:onNext(264)) - client-ED6CAEC9DB00->986dd48b-ab2d-4dda-bcfc-6b1c0b2b378a: receive RaftClientReply:client-ED6CAEC9DB00->986dd48b-ab2d-4dda-bcfc-6b1c0b2b378a@group-D7045515CA6C, cid=191, SUCCESS, logIndex=0, commits[986dd48b-ab2d-4dda-bcfc-6b1c0b2b378a:c16, cb36962c-e1d1-471d-89a7-03694d45c07b:c14, 305120e2-ed04-4093-b8eb-15d639fdaf7c:c14]
2019-09-04 17:20:05,582 [Datanode State Machine Thread - 0] INFO  statemachine.DatanodeStateMachine (DatanodeStateMachine.java:lambda$startDaemon$0(350)) - Ozone container server started.
2019-09-04 17:20:08,520 [Thread-3205] INFO  impl.FollowerState (FollowerState.java:run(106)) - 80fd7bfd-9dae-4508-ab2c-21300ce3d3c9:group-37943A23133D changes to CANDIDATE, lastRpcTime:5094, electionTimeout:5090ms
2019-09-04 17:20:08,520 [Thread-3205] INFO  impl.RoleInfo (RoleInfo.java:shutdownFollowerState(121)) - 80fd7bfd-9dae-4508-ab2c-21300ce3d3c9: shutdown FollowerState
2019-09-04 17:20:08,520 [Thread-3205] INFO  impl.RaftServerImpl (RaftServerImpl.java:setRole(174)) - 80fd7bfd-9dae-4508-ab2c-21300ce3d3c9@group-37943A23133D: changes role from  FOLLOWER to CANDIDATE at term 1 for changeToCandidate
2019-09-04 17:20:08,521 [Thread-3205] INFO  impl.RoleInfo (RoleInfo.java:updateAndGet(143)) - 80fd7bfd-9dae-4508-ab2c-21300ce3d3c9: start LeaderElection
2019-09-04 17:20:08,545 [80fd7bfd-9dae-4508-ab2c-21300ce3d3c9@group-37943A23133D:LeaderElection96] INFO  impl.LeaderElection (LeaderElection.java:askForVotes(182)) - 80fd7bfd-9dae-4508-ab2c-21300ce3d3c9@group-37943A23133D:LeaderElection96: begin an election at term 2 for -1: [80fd7bfd-9dae-4508-ab2c-21300ce3d3c9:192.168.34.57:35969, fa649949-58de-4ced-9a7b-783533430b79:192.168.34.57:42273, a216e3c9-ad4a-49a6-bccb-13260cb54294:192.168.34.57:36441], old=null
2019-09-04 17:20:08,552 [grpc-default-executor-17] INFO  impl.RaftServerImpl (RaftServerImpl.java:setRole(174)) - fa649949-58de-4ced-9a7b-783533430b79@group-37943A23133D: changes role from  FOLLOWER to FOLLOWER at term 2 for recognizeCandidate:80fd7bfd-9dae-4508-ab2c-21300ce3d3c9
2019-09-04 17:20:08,552 [grpc-default-executor-13] INFO  impl.RaftServerImpl (RaftServerImpl.java:setRole(174)) - a216e3c9-ad4a-49a6-bccb-13260cb54294@group-37943A23133D: changes role from  FOLLOWER to FOLLOWER at term 2 for recognizeCandidate:80fd7bfd-9dae-4508-ab2c-21300ce3d3c9
2019-09-04 17:20:08,552 [grpc-default-executor-17] INFO  impl.RoleInfo (RoleInfo.java:shutdownFollowerState(121)) - fa649949-58de-4ced-9a7b-783533430b79: shutdown FollowerState
2019-09-04 17:20:08,552 [grpc-default-executor-13] INFO  impl.RoleInfo (RoleInfo.java:shutdownFollowerState(121)) - a216e3c9-ad4a-49a6-bccb-13260cb54294: shutdown FollowerState
2019-09-04 17:20:08,552 [grpc-default-executor-17] INFO  impl.RoleInfo (RoleInfo.java:updateAndGet(143)) - fa649949-58de-4ced-9a7b-783533430b79: start FollowerState
2019-09-04 17:20:08,553 [Thread-3208] INFO  impl.FollowerState (FollowerState.java:run(115)) - fa649949-58de-4ced-9a7b-783533430b79: FollowerState was interrupted: java.lang.InterruptedException: sleep interrupted
2019-09-04 17:20:08,553 [grpc-default-executor-13] INFO  impl.RoleInfo (RoleInfo.java:updateAndGet(143)) - a216e3c9-ad4a-49a6-bccb-13260cb54294: start FollowerState
2019-09-04 17:20:08,553 [Thread-3200] INFO  impl.FollowerState (FollowerState.java:run(115)) - a216e3c9-ad4a-49a6-bccb-13260cb54294: FollowerState was interrupted: java.lang.InterruptedException: sleep interrupted
2019-09-04 17:20:08,573 [80fd7bfd-9dae-4508-ab2c-21300ce3d3c9@group-37943A23133D:LeaderElection96] INFO  impl.LeaderElection (LeaderElection.java:logAndReturn(56)) - 80fd7bfd-9dae-4508-ab2c-21300ce3d3c9@group-37943A23133D:LeaderElection96: Election PASSED; received 1 response(s) [80fd7bfd-9dae-4508-ab2c-21300ce3d3c9<-a216e3c9-ad4a-49a6-bccb-13260cb54294#0:OK-t2] and 0 exception(s); 80fd7bfd-9dae-4508-ab2c-21300ce3d3c9@group-37943A23133D:t2, leader=null, voted=80fd7bfd-9dae-4508-ab2c-21300ce3d3c9, raftlog=80fd7bfd-9dae-4508-ab2c-21300ce3d3c9@group-37943A23133D-SegmentedRaftLog:OPENED:c-1,f-1,i0, conf=-1: [80fd7bfd-9dae-4508-ab2c-21300ce3d3c9:192.168.34.57:35969, fa649949-58de-4ced-9a7b-783533430b79:192.168.34.57:42273, a216e3c9-ad4a-49a6-bccb-13260cb54294:192.168.34.57:36441], old=null
2019-09-04 17:20:08,573 [80fd7bfd-9dae-4508-ab2c-21300ce3d3c9@group-37943A23133D:LeaderElection96] INFO  impl.RoleInfo (RoleInfo.java:shutdownLeaderElection(134)) - 80fd7bfd-9dae-4508-ab2c-21300ce3d3c9: shutdown LeaderElection
2019-09-04 17:20:08,574 [80fd7bfd-9dae-4508-ab2c-21300ce3d3c9@group-37943A23133D:LeaderElection96] INFO  impl.RaftServerImpl (RaftServerImpl.java:setRole(174)) - 80fd7bfd-9dae-4508-ab2c-21300ce3d3c9@group-37943A23133D: changes role from CANDIDATE to LEADER at term 2 for changeToLeader
2019-09-04 17:20:08,574 [80fd7bfd-9dae-4508-ab2c-21300ce3d3c9@group-37943A23133D:LeaderElection96] INFO  impl.RaftServerImpl (ServerState.java:setLeader(253)) - 80fd7bfd-9dae-4508-ab2c-21300ce3d3c9@group-37943A23133D: change Leader from null to 80fd7bfd-9dae-4508-ab2c-21300ce3d3c9 at term 2 for becomeLeader, leader elected after 10469ms
2019-09-04 17:20:08,574 [80fd7bfd-9dae-4508-ab2c-21300ce3d3c9@group-37943A23133D:LeaderElection96] INFO  server.RaftServerConfigKeys (ConfUtils.java:logGet(43)) - raft.server.staging.catchup.gap = 1000 (default)
2019-09-04 17:20:08,574 [80fd7bfd-9dae-4508-ab2c-21300ce3d3c9@group-37943A23133D:LeaderElection96] INFO  server.RaftServerConfigKeys (ConfUtils.java:logGet(43)) - raft.server.rpc.sleep.time = 25ms (default)
2019-09-04 17:20:08,575 [80fd7bfd-9dae-4508-ab2c-21300ce3d3c9@group-37943A23133D:LeaderElection96] INFO  server.RaftServerConfigKeys (ConfUtils.java:logGet(43)) - raft.server.write.element-limit = 4096 (default)
2019-09-04 17:20:08,575 [80fd7bfd-9dae-4508-ab2c-21300ce3d3c9@group-37943A23133D:LeaderElection96] INFO  server.RaftServerConfigKeys (ConfUtils.java:logGet(43)) - raft.server.watch.timeout = 10s (default)
2019-09-04 17:20:08,575 [80fd7bfd-9dae-4508-ab2c-21300ce3d3c9@group-37943A23133D:LeaderElection96] INFO  server.RaftServerConfigKeys (ConfUtils.java:logGet(43)) - raft.server.watch.timeout.denomination = 1s (default)
2019-09-04 17:20:08,575 [80fd7bfd-9dae-4508-ab2c-21300ce3d3c9@group-37943A23133D:LeaderElection96] INFO  server.RaftServerConfigKeys (ConfUtils.java:logGet(43)) - raft.server.watch.element-limit = 65536 (default)
2019-09-04 17:20:08,579 [80fd7bfd-9dae-4508-ab2c-21300ce3d3c9@group-37943A23133D:LeaderElection96] INFO  server.RaftServerConfigKeys (ConfUtils.java:logGet(43)) - raft.server.log.appender.snapshot.chunk.size.max = 16MB (=16777216) (default)
2019-09-04 17:20:08,579 [80fd7bfd-9dae-4508-ab2c-21300ce3d3c9@group-37943A23133D:LeaderElection96] INFO  server.RaftServerConfigKeys (ConfUtils.java:logGet(43)) - raft.server.log.appender.buffer.byte-limit = 33554432 (custom)
2019-09-04 17:20:08,579 [80fd7bfd-9dae-4508-ab2c-21300ce3d3c9@group-37943A23133D:LeaderElection96] INFO  server.RaftServerConfigKeys (ConfUtils.java:logGet(43)) - raft.server.log.appender.buffer.element-limit = 1 (custom)
2019-09-04 17:20:08,580 [80fd7bfd-9dae-4508-ab2c-21300ce3d3c9@group-37943A23133D:LeaderElection96] INFO  grpc.GrpcConfigKeys$Server (ConfUtils.java:logGet(43)) - raft.grpc.server.leader.outstanding.appends.max = 128 (default)
2019-09-04 17:20:08,580 [80fd7bfd-9dae-4508-ab2c-21300ce3d3c9@group-37943A23133D:LeaderElection96] INFO  server.RaftServerConfigKeys (ConfUtils.java:logGet(43)) - raft.server.rpc.request.timeout = 3000ms (default)
2019-09-04 17:20:08,580 [80fd7bfd-9dae-4508-ab2c-21300ce3d3c9@group-37943A23133D:LeaderElection96] INFO  server.RaftServerConfigKeys (ConfUtils.java:logGet(43)) - raft.server.log.appender.install.snapshot.enabled = false (custom)
2019-09-04 17:20:08,580 [80fd7bfd-9dae-4508-ab2c-21300ce3d3c9@group-37943A23133D:LeaderElection96] INFO  server.RaftServerConfigKeys (ConfUtils.java:logGet(43)) - raft.server.log.appender.snapshot.chunk.size.max = 16MB (=16777216) (default)
2019-09-04 17:20:08,581 [80fd7bfd-9dae-4508-ab2c-21300ce3d3c9@group-37943A23133D:LeaderElection96] INFO  server.RaftServerConfigKeys (ConfUtils.java:logGet(43)) - raft.server.log.appender.buffer.byte-limit = 33554432 (custom)
2019-09-04 17:20:08,581 [80fd7bfd-9dae-4508-ab2c-21300ce3d3c9@group-37943A23133D:LeaderElection96] INFO  server.RaftServerConfigKeys (ConfUtils.java:logGet(43)) - raft.server.log.appender.buffer.element-limit = 1 (custom)
2019-09-04 17:20:08,581 [80fd7bfd-9dae-4508-ab2c-21300ce3d3c9@group-37943A23133D:LeaderElection96] INFO  grpc.GrpcConfigKeys$Server (ConfUtils.java:logGet(43)) - raft.grpc.server.leader.outstanding.appends.max = 128 (default)
2019-09-04 17:20:08,581 [80fd7bfd-9dae-4508-ab2c-21300ce3d3c9@group-37943A23133D:LeaderElection96] INFO  server.RaftServerConfigKeys (ConfUtils.java:logGet(43)) - raft.server.rpc.request.timeout = 3000ms (default)
2019-09-04 17:20:08,581 [80fd7bfd-9dae-4508-ab2c-21300ce3d3c9@group-37943A23133D:LeaderElection96] INFO  server.RaftServerConfigKeys (ConfUtils.java:logGet(43)) - raft.server.log.appender.install.snapshot.enabled = false (custom)
2019-09-04 17:20:08,582 [80fd7bfd-9dae-4508-ab2c-21300ce3d3c9@group-37943A23133D:LeaderElection96] INFO  impl.RoleInfo (RoleInfo.java:updateAndGet(143)) - 80fd7bfd-9dae-4508-ab2c-21300ce3d3c9: start LeaderState
2019-09-04 17:20:08,582 [80fd7bfd-9dae-4508-ab2c-21300ce3d3c9@group-37943A23133D:LeaderElection96] INFO  segmented.SegmentedRaftLogWorker (SegmentedRaftLogWorker.java:startLogSegment(380)) - 80fd7bfd-9dae-4508-ab2c-21300ce3d3c9@group-37943A23133D-SegmentedRaftLogWorker: Starting segment from index:0
2019-09-04 17:20:08,584 [80fd7bfd-9dae-4508-ab2c-21300ce3d3c9@group-37943A23133D:LeaderElection96] INFO  impl.RaftServerImpl (ServerState.java:setRaftConf(354)) - 80fd7bfd-9dae-4508-ab2c-21300ce3d3c9@group-37943A23133D: set configuration 0: [80fd7bfd-9dae-4508-ab2c-21300ce3d3c9:192.168.34.57:35969, fa649949-58de-4ced-9a7b-783533430b79:192.168.34.57:42273, a216e3c9-ad4a-49a6-bccb-13260cb54294:192.168.34.57:36441], old=null at 0
2019-09-04 17:20:08,618 [grpc-default-executor-13] INFO  impl.RaftServerImpl (ServerState.java:setLeader(253)) - a216e3c9-ad4a-49a6-bccb-13260cb54294@group-37943A23133D: change Leader from null to 80fd7bfd-9dae-4508-ab2c-21300ce3d3c9 at term 2 for appendEntries, leader elected after 10513ms
2019-09-04 17:20:08,618 [grpc-default-executor-17] INFO  impl.RaftServerImpl (ServerState.java:setLeader(253)) - fa649949-58de-4ced-9a7b-783533430b79@group-37943A23133D: change Leader from null to 80fd7bfd-9dae-4508-ab2c-21300ce3d3c9 at term 2 for appendEntries, leader elected after 10513ms
2019-09-04 17:20:08,624 [grpc-default-executor-13] INFO  impl.RaftServerImpl (ServerState.java:setRaftConf(354)) - fa649949-58de-4ced-9a7b-783533430b79@group-37943A23133D: set configuration 0: [80fd7bfd-9dae-4508-ab2c-21300ce3d3c9:192.168.34.57:35969, fa649949-58de-4ced-9a7b-783533430b79:192.168.34.57:42273, a216e3c9-ad4a-49a6-bccb-13260cb54294:192.168.34.57:36441], old=null at 0
2019-09-04 17:20:08,624 [grpc-default-executor-17] INFO  impl.RaftServerImpl (ServerState.java:setRaftConf(354)) - a216e3c9-ad4a-49a6-bccb-13260cb54294@group-37943A23133D: set configuration 0: [80fd7bfd-9dae-4508-ab2c-21300ce3d3c9:192.168.34.57:35969, fa649949-58de-4ced-9a7b-783533430b79:192.168.34.57:42273, a216e3c9-ad4a-49a6-bccb-13260cb54294:192.168.34.57:36441], old=null at 0
2019-09-04 17:20:08,624 [grpc-default-executor-13] INFO  segmented.SegmentedRaftLogWorker (SegmentedRaftLogWorker.java:startLogSegment(380)) - fa649949-58de-4ced-9a7b-783533430b79@group-37943A23133D-SegmentedRaftLogWorker: Starting segment from index:0
2019-09-04 17:20:08,624 [grpc-default-executor-17] INFO  segmented.SegmentedRaftLogWorker (SegmentedRaftLogWorker.java:startLogSegment(380)) - a216e3c9-ad4a-49a6-bccb-13260cb54294@group-37943A23133D-SegmentedRaftLogWorker: Starting segment from index:0
2019-09-04 17:20:08,629 [80fd7bfd-9dae-4508-ab2c-21300ce3d3c9@group-37943A23133D-SegmentedRaftLogWorker] INFO  segmented.SegmentedRaftLogWorker (SegmentedRaftLogWorker.java:execute(569)) - 80fd7bfd-9dae-4508-ab2c-21300ce3d3c9@group-37943A23133D-SegmentedRaftLogWorker: created new log segment /workdir/hadoop-ozone/integration-test/target/test-dir/MiniOzoneClusterImpl-2f594647-c66f-4987-a195-77c452f53489/datanode-2/data/ratis/16c32039-ea6a-460e-803a-37943a23133d/current/log_inprogress_0
2019-09-04 17:20:08,661 [fa649949-58de-4ced-9a7b-783533430b79@group-37943A23133D-SegmentedRaftLogWorker] INFO  segmented.SegmentedRaftLogWorker (SegmentedRaftLogWorker.java:execute(569)) - fa649949-58de-4ced-9a7b-783533430b79@group-37943A23133D-SegmentedRaftLogWorker: created new log segment /workdir/hadoop-ozone/integration-test/target/test-dir/MiniOzoneClusterImpl-2f594647-c66f-4987-a195-77c452f53489/datanode-1/data/ratis/16c32039-ea6a-460e-803a-37943a23133d/current/log_inprogress_0
2019-09-04 17:20:08,664 [a216e3c9-ad4a-49a6-bccb-13260cb54294@group-37943A23133D-SegmentedRaftLogWorker] INFO  segmented.SegmentedRaftLogWorker (SegmentedRaftLogWorker.java:execute(569)) - a216e3c9-ad4a-49a6-bccb-13260cb54294@group-37943A23133D-SegmentedRaftLogWorker: created new log segment /workdir/hadoop-ozone/integration-test/target/test-dir/MiniOzoneClusterImpl-2f594647-c66f-4987-a195-77c452f53489/datanode-0/data/ratis/16c32039-ea6a-460e-803a-37943a23133d/current/log_inprogress_0
2019-09-04 17:20:09,619 [EventQueue-StaleNodeForStaleNodeHandler] INFO  node.StaleNodeHandler (StaleNodeHandler.java:onMessage(58)) - Datanode 986dd48b-ab2d-4dda-bcfc-6b1c0b2b378a{ip: 192.168.34.57, host: pr-hdds-1561-mdkws-1819952476, networkLocation: /default-rack, certSerialId: null} moved to stale state. Finalizing its pipelines [PipelineID=8e7d82c8-c8cc-40a3-9dc5-d7045515ca6c, PipelineID=69ec17b5-1117-4e27-a03f-f13e85e91bdb]
2019-09-04 17:20:09,621 [EventQueue-StaleNodeForStaleNodeHandler] INFO  pipeline.SCMPipelineManager (SCMPipelineManager.java:finalizeAndDestroyPipeline(309)) - destroying pipeline:Pipeline[ Id: 8e7d82c8-c8cc-40a3-9dc5-d7045515ca6c, Nodes: 986dd48b-ab2d-4dda-bcfc-6b1c0b2b378a{ip: 192.168.34.57, host: pr-hdds-1561-mdkws-1819952476, networkLocation: /default-rack, certSerialId: null}cb36962c-e1d1-471d-89a7-03694d45c07b{ip: 192.168.34.57, host: pr-hdds-1561-mdkws-1819952476, networkLocation: /default-rack, certSerialId: null}305120e2-ed04-4093-b8eb-15d639fdaf7c{ip: 192.168.34.57, host: pr-hdds-1561-mdkws-1819952476, networkLocation: /default-rack, certSerialId: null}, Type:RATIS, Factor:THREE, State:OPEN]
2019-09-04 17:20:09,622 [EventQueue-StaleNodeForStaleNodeHandler] INFO  pipeline.PipelineStateManager (PipelineStateManager.java:finalizePipeline(123)) - Pipeline Pipeline[ Id: 8e7d82c8-c8cc-40a3-9dc5-d7045515ca6c, Nodes: 986dd48b-ab2d-4dda-bcfc-6b1c0b2b378a{ip: 192.168.34.57, host: pr-hdds-1561-mdkws-1819952476, networkLocation: /default-rack, certSerialId: null}cb36962c-e1d1-471d-89a7-03694d45c07b{ip: 192.168.34.57, host: pr-hdds-1561-mdkws-1819952476, networkLocation: /default-rack, certSerialId: null}305120e2-ed04-4093-b8eb-15d639fdaf7c{ip: 192.168.34.57, host: pr-hdds-1561-mdkws-1819952476, networkLocation: /default-rack, certSerialId: null}, Type:RATIS, Factor:THREE, State:CLOSED] moved to CLOSED state
2019-09-04 17:20:09,623 [EventQueue-CloseContainerForCloseContainerEventHandler] INFO  container.CloseContainerEventHandler (CloseContainerEventHandler.java:onMessage(61)) - Close container Event triggered for container : #1
2019-09-04 17:20:09,634 [EventQueue-StaleNodeForStaleNodeHandler] INFO  pipeline.SCMPipelineManager (SCMPipelineManager.java:finalizeAndDestroyPipeline(309)) - destroying pipeline:Pipeline[ Id: 69ec17b5-1117-4e27-a03f-f13e85e91bdb, Nodes: 986dd48b-ab2d-4dda-bcfc-6b1c0b2b378a{ip: 192.168.34.57, host: pr-hdds-1561-mdkws-1819952476, networkLocation: /default-rack, certSerialId: null}, Type:RATIS, Factor:ONE, State:OPEN]
2019-09-04 17:20:09,638 [EventQueue-StaleNodeForStaleNodeHandler] INFO  pipeline.PipelineStateManager (PipelineStateManager.java:finalizePipeline(123)) - Pipeline Pipeline[ Id: 69ec17b5-1117-4e27-a03f-f13e85e91bdb, Nodes: 986dd48b-ab2d-4dda-bcfc-6b1c0b2b378a{ip: 192.168.34.57, host: pr-hdds-1561-mdkws-1819952476, networkLocation: /default-rack, certSerialId: null}, Type:RATIS, Factor:ONE, State:CLOSED] moved to CLOSED state
2019-09-04 17:20:09,803 [main] INFO  ozoneimpl.OzoneContainer (OzoneContainer.java:stop(216)) - Attempting to stop container services.
2019-09-04 17:20:09,804 [main] INFO  impl.RaftServerProxy (RaftServerProxy.java:lambda$close$4(314)) - 986dd48b-ab2d-4dda-bcfc-6b1c0b2b378a: close
2019-09-04 17:20:09,805 [main] INFO  impl.RaftServerImpl (RaftServerImpl.java:lambda$shutdown$3(251)) - 986dd48b-ab2d-4dda-bcfc-6b1c0b2b378a@group-D7045515CA6C: shutdown
2019-09-04 17:20:09,805 [ForkJoinPool.commonPool-worker-1] INFO  impl.RaftServerImpl (RaftServerImpl.java:lambda$shutdown$3(251)) - 986dd48b-ab2d-4dda-bcfc-6b1c0b2b378a@group-F13E85E91BDB: shutdown
2019-09-04 17:20:09,805 [main] INFO  util.JmxRegister (JmxRegister.java:unregister(73)) - Successfully un-registered JMX Bean with object name Ratis:service=RaftServer,group=group-D7045515CA6C,id=986dd48b-ab2d-4dda-bcfc-6b1c0b2b378a
2019-09-04 17:20:09,806 [ForkJoinPool.commonPool-worker-1] INFO  util.JmxRegister (JmxRegister.java:unregister(73)) - Successfully un-registered JMX Bean with object name Ratis:service=RaftServer,group=group-F13E85E91BDB,id=986dd48b-ab2d-4dda-bcfc-6b1c0b2b378a
2019-09-04 17:20:09,806 [main] INFO  impl.RoleInfo (RoleInfo.java:shutdownLeaderState(104)) - 986dd48b-ab2d-4dda-bcfc-6b1c0b2b378a: shutdown LeaderState
2019-09-04 17:20:09,806 [ForkJoinPool.commonPool-worker-1] INFO  impl.RoleInfo (RoleInfo.java:shutdownLeaderState(104)) - 986dd48b-ab2d-4dda-bcfc-6b1c0b2b378a: shutdown LeaderState
2019-09-04 17:20:09,813 [org.apache.ratis.server.impl.LogAppender$AppenderDaemon$$Lambda$479/2137394858@1cc07587] WARN  server.GrpcLogAppender (GrpcLogAppender.java:mayWait(143)) - 986dd48b-ab2d-4dda-bcfc-6b1c0b2b378a@group-D7045515CA6C->cb36962c-e1d1-471d-89a7-03694d45c07b-GrpcLogAppender: Wait interrupted by java.lang.InterruptedException
2019-09-04 17:20:09,813 [org.apache.ratis.server.impl.LogAppender$AppenderDaemon$$Lambda$479/2137394858@1b20d267] WARN  server.GrpcLogAppender (GrpcLogAppender.java:mayWait(143)) - 986dd48b-ab2d-4dda-bcfc-6b1c0b2b378a@group-D7045515CA6C->305120e2-ed04-4093-b8eb-15d639fdaf7c-GrpcLogAppender: Wait interrupted by java.lang.InterruptedException
2019-09-04 17:20:09,813 [main] INFO  impl.PendingRequests (PendingRequests.java:sendNotLeaderResponses(202)) - 986dd48b-ab2d-4dda-bcfc-6b1c0b2b378a-PendingRequests: sendNotLeaderResponses
2019-09-04 17:20:09,813 [ForkJoinPool.commonPool-worker-1] INFO  impl.PendingRequests (PendingRequests.java:sendNotLeaderResponses(202)) - 986dd48b-ab2d-4dda-bcfc-6b1c0b2b378a-PendingRequests: sendNotLeaderResponses
2019-09-04 17:20:09,817 [main] INFO  impl.StateMachineUpdater (StateMachineUpdater.java:stopAndJoin(125)) - 986dd48b-ab2d-4dda-bcfc-6b1c0b2b378a@group-D7045515CA6C-StateMachineUpdater: set stopIndex = 16
2019-09-04 17:20:09,817 [986dd48b-ab2d-4dda-bcfc-6b1c0b2b378a@group-D7045515CA6C-StateMachineUpdater] INFO  ratis.ContainerStateMachine (ContainerStateMachine.java:takeSnapshot(289)) - group-D7045515CA6C: Taking a snapshot at:(t:1, i:15) file /workdir/hadoop-ozone/integration-test/target/test-dir/MiniOzoneClusterImpl-2f594647-c66f-4987-a195-77c452f53489/datanode-4/data/ratis/8e7d82c8-c8cc-40a3-9dc5-d7045515ca6c/sm/snapshot.1_15
2019-09-04 17:20:09,817 [grpc-default-executor-17] INFO  server.GrpcServerProtocolService (GrpcServerProtocolService.java:onCompleted(113)) - cb36962c-e1d1-471d-89a7-03694d45c07b: Completed APPEND_ENTRIES, lastRequest: 986dd48b-ab2d-4dda-bcfc-6b1c0b2b378a->cb36962c-e1d1-471d-89a7-03694d45c07b#19-t1, previous=(t:1, i:16), leaderCommit=16, initializing? false, entries: <empty>
2019-09-04 17:20:09,817 [grpc-default-executor-13] INFO  server.GrpcServerProtocolService (GrpcServerProtocolService.java:onCompleted(113)) - 305120e2-ed04-4093-b8eb-15d639fdaf7c: Completed APPEND_ENTRIES, lastRequest: 986dd48b-ab2d-4dda-bcfc-6b1c0b2b378a->305120e2-ed04-4093-b8eb-15d639fdaf7c#19-t1, previous=(t:1, i:16), leaderCommit=16, initializing? false, entries: <empty>
2019-09-04 17:20:09,817 [ForkJoinPool.commonPool-worker-1] INFO  impl.StateMachineUpdater (StateMachineUpdater.java:stopAndJoin(125)) - 986dd48b-ab2d-4dda-bcfc-6b1c0b2b378a@group-F13E85E91BDB-StateMachineUpdater: set stopIndex = 0
2019-09-04 17:20:09,818 [ForkJoinPool.commonPool-worker-1] INFO  impl.RaftServerImpl (ServerState.java:close(385)) - 986dd48b-ab2d-4dda-bcfc-6b1c0b2b378a@group-F13E85E91BDB: closes. applyIndex: 0
2019-09-04 17:20:09,818 [grpc-default-executor-13] INFO  server.GrpcLogAppender (GrpcLogAppender.java:onCompleted(293)) - 986dd48b-ab2d-4dda-bcfc-6b1c0b2b378a@group-D7045515CA6C->cb36962c-e1d1-471d-89a7-03694d45c07b-AppendLogResponseHandler: follower responses appendEntries COMPLETED
2019-09-04 17:20:09,818 [986dd48b-ab2d-4dda-bcfc-6b1c0b2b378a@group-F13E85E91BDB-SegmentedRaftLogWorker] INFO  segmented.SegmentedRaftLogWorker (SegmentedRaftLogWorker.java:run(313)) - 986dd48b-ab2d-4dda-bcfc-6b1c0b2b378a@group-F13E85E91BDB-SegmentedRaftLogWorker was interrupted, exiting. There are 0 tasks remaining in the queue.
2019-09-04 17:20:09,818 [grpc-default-executor-16] INFO  server.GrpcLogAppender (GrpcLogAppender.java:onCompleted(293)) - 986dd48b-ab2d-4dda-bcfc-6b1c0b2b378a@group-D7045515CA6C->305120e2-ed04-4093-b8eb-15d639fdaf7c-AppendLogResponseHandler: follower responses appendEntries COMPLETED
2019-09-04 17:20:09,821 [grpc-default-executor-13] INFO  impl.FollowerInfo (FollowerInfo.java:lambda$new$0(51)) - 986dd48b-ab2d-4dda-bcfc-6b1c0b2b378a@group-D7045515CA6C->cb36962c-e1d1-471d-89a7-03694d45c07b: nextIndex: updateUnconditionally 17 -> 16
2019-09-04 17:20:09,820 [ForkJoinPool.commonPool-worker-1] INFO  segmented.SegmentedRaftLogWorker (SegmentedRaftLogWorker.java:close(228)) - 986dd48b-ab2d-4dda-bcfc-6b1c0b2b378a@group-F13E85E91BDB-SegmentedRaftLogWorker close()
2019-09-04 17:20:09,821 [grpc-default-executor-16] INFO  impl.FollowerInfo (FollowerInfo.java:lambda$new$0(51)) - 986dd48b-ab2d-4dda-bcfc-6b1c0b2b378a@group-D7045515CA6C->305120e2-ed04-4093-b8eb-15d639fdaf7c: nextIndex: updateUnconditionally 17 -> 16
2019-09-04 17:20:09,830 [986dd48b-ab2d-4dda-bcfc-6b1c0b2b378a@group-D7045515CA6C-StateMachineUpdater] INFO  ratis.ContainerStateMachine (ContainerStateMachine.java:takeSnapshot(300)) - group-D7045515CA6C: Finished taking a snapshot at:(t:1, i:15) file:/workdir/hadoop-ozone/integration-test/target/test-dir/MiniOzoneClusterImpl-2f594647-c66f-4987-a195-77c452f53489/datanode-4/data/ratis/8e7d82c8-c8cc-40a3-9dc5-d7045515ca6c/sm/snapshot.1_15 time:12
2019-09-04 17:20:09,830 [986dd48b-ab2d-4dda-bcfc-6b1c0b2b378a@group-D7045515CA6C-StateMachineUpdater] INFO  impl.StateMachineUpdater (StateMachineUpdater.java:takeSnapshot(258)) - 986dd48b-ab2d-4dda-bcfc-6b1c0b2b378a@group-D7045515CA6C-StateMachineUpdater: Took a snapshot at index 15
2019-09-04 17:20:09,830 [986dd48b-ab2d-4dda-bcfc-6b1c0b2b378a@group-D7045515CA6C-StateMachineUpdater] INFO  impl.StateMachineUpdater (StateMachineUpdater.java:lambda$new$0(83)) - 986dd48b-ab2d-4dda-bcfc-6b1c0b2b378a@group-D7045515CA6C-StateMachineUpdater: snapshotIndex: updateIncreasingly -1 -> 15
2019-09-04 17:20:09,830 [986dd48b-ab2d-4dda-bcfc-6b1c0b2b378a@group-D7045515CA6C-StateMachineUpdater] INFO  ratis.ContainerStateMachine (ContainerStateMachine.java:takeSnapshot(289)) - group-D7045515CA6C: Taking a snapshot at:(t:1, i:15) file /workdir/hadoop-ozone/integration-test/target/test-dir/MiniOzoneClusterImpl-2f594647-c66f-4987-a195-77c452f53489/datanode-4/data/ratis/8e7d82c8-c8cc-40a3-9dc5-d7045515ca6c/sm/snapshot.1_15
2019-09-04 17:20:09,843 [986dd48b-ab2d-4dda-bcfc-6b1c0b2b378a@group-D7045515CA6C-StateMachineUpdater] INFO  ratis.ContainerStateMachine (ContainerStateMachine.java:takeSnapshot(300)) - group-D7045515CA6C: Finished taking a snapshot at:(t:1, i:15) file:/workdir/hadoop-ozone/integration-test/target/test-dir/MiniOzoneClusterImpl-2f594647-c66f-4987-a195-77c452f53489/datanode-4/data/ratis/8e7d82c8-c8cc-40a3-9dc5-d7045515ca6c/sm/snapshot.1_15 time:12
2019-09-04 17:20:09,843 [986dd48b-ab2d-4dda-bcfc-6b1c0b2b378a@group-D7045515CA6C-StateMachineUpdater] INFO  impl.StateMachineUpdater (StateMachineUpdater.java:takeSnapshot(258)) - 986dd48b-ab2d-4dda-bcfc-6b1c0b2b378a@group-D7045515CA6C-StateMachineUpdater: Took a snapshot at index 15
2019-09-04 17:20:09,843 [986dd48b-ab2d-4dda-bcfc-6b1c0b2b378a@group-D7045515CA6C-StateMachineUpdater] INFO  impl.StateMachineUpdater (StateMachineUpdater.java:lambda$new$0(83)) - 986dd48b-ab2d-4dda-bcfc-6b1c0b2b378a@group-D7045515CA6C-StateMachineUpdater: snapshotIndex: updateIncreasingly 15 -> 15
2019-09-04 17:20:09,843 [main] INFO  impl.RaftServerImpl (ServerState.java:close(385)) - 986dd48b-ab2d-4dda-bcfc-6b1c0b2b378a@group-D7045515CA6C: closes. applyIndex: 16
2019-09-04 17:20:09,843 [986dd48b-ab2d-4dda-bcfc-6b1c0b2b378a@group-D7045515CA6C-SegmentedRaftLogWorker] INFO  segmented.SegmentedRaftLogWorker (SegmentedRaftLogWorker.java:run(313)) - 986dd48b-ab2d-4dda-bcfc-6b1c0b2b378a@group-D7045515CA6C-SegmentedRaftLogWorker was interrupted, exiting. There are 0 tasks remaining in the queue.
2019-09-04 17:20:09,845 [main] INFO  segmented.SegmentedRaftLogWorker (SegmentedRaftLogWorker.java:close(228)) - 986dd48b-ab2d-4dda-bcfc-6b1c0b2b378a@group-D7045515CA6C-SegmentedRaftLogWorker close()
2019-09-04 17:20:09,848 [main] INFO  server.GrpcService (GrpcService.java:closeImpl(164)) - 986dd48b-ab2d-4dda-bcfc-6b1c0b2b378a: shutdown server with port 41714 now
2019-09-04 17:20:09,849 [grpc-default-executor-13] WARN  client.GrpcClientProtocolService (LogUtils.java:warn(134)) - 3-UnorderedRequestStreamObserver3: onError: org.apache.ratis.thirdparty.io.grpc.StatusRuntimeException: CANCELLED: cancelled before receiving half close
2019-09-04 17:20:09,851 [main] INFO  server.GrpcService (GrpcService.java:closeImpl(172)) - 986dd48b-ab2d-4dda-bcfc-6b1c0b2b378a: shutdown server with port 41714 successfully
2019-09-04 17:20:09,853 [refreshUsed-/workdir/hadoop-ozone/integration-test/target/test-dir/MiniOzoneClusterImpl-2f594647-c66f-4987-a195-77c452f53489/datanode-4/data/containers] WARN  fs.CachingGetSpaceUsed (CachingGetSpaceUsed.java:run(183)) - Thread Interrupted waiting to refresh disk information: sleep interrupted
2019-09-04 17:20:09,868 [main] INFO  utils.BackgroundService (BackgroundService.java:shutdown(148)) - Shutting down service BlockDeletingService
2019-09-04 17:20:09,873 [main] INFO  statemachine.DatanodeStateMachine (DatanodeStateMachine.java:stopDaemon(395)) - Ozone container server stopped.
2019-09-04 17:20:09,874 [main] INFO  handler.ContextHandler (ContextHandler.java:doStop(910)) - Stopped o.e.j.w.WebAppContext@4cc12db2{/,null,UNAVAILABLE}{/hddsDatanode}
2019-09-04 17:20:09,875 [main] INFO  server.AbstractConnector (AbstractConnector.java:doStop(318)) - Stopped ServerConnector@5ea7bc4{HTTP/1.1,[http/1.1]}{0.0.0.0:0}
2019-09-04 17:20:09,875 [main] INFO  handler.ContextHandler (ContextHandler.java:doStop(910)) - Stopped o.e.j.s.ServletContextHandler@34a6d9db{/static,jar:file:/home/user/.m2/repository/org/apache/hadoop/hadoop-hdds-container-service/0.5.0-SNAPSHOT/hadoop-hdds-container-service-0.5.0-SNAPSHOT.jar!/webapps/static,UNAVAILABLE}
2019-09-04 17:20:09,876 [main] INFO  handler.ContextHandler (ContextHandler.java:doStop(910)) - Stopped o.e.j.s.ServletContextHandler@46468f0{/logs,file:///workdir/hadoop-ozone/integration-test/target/log,UNAVAILABLE}
2019-09-04 17:20:11,889 [grpc-default-executor-16] INFO  client.GrpcClientProtocolClient (GrpcClientProtocolClient.java:onNext(264)) - client-ED6CAEC9DB00->cb36962c-e1d1-471d-89a7-03694d45c07b: receive RaftClientReply:client-ED6CAEC9DB00->cb36962c-e1d1-471d-89a7-03694d45c07b@group-D7045515CA6C, cid=192, FAILED org.apache.ratis.protocol.NotLeaderException: Server cb36962c-e1d1-471d-89a7-03694d45c07b@group-D7045515CA6C is not the leader 986dd48b-ab2d-4dda-bcfc-6b1c0b2b378a:192.168.34.57:41714, logIndex=0, commits[cb36962c-e1d1-471d-89a7-03694d45c07b:c16, 986dd48b-ab2d-4dda-bcfc-6b1c0b2b378a:c16, 305120e2-ed04-4093-b8eb-15d639fdaf7c:c16]
2019-09-04 17:20:12,915 [grpc-default-executor-17] INFO  client.GrpcClientProtocolClient (GrpcClientProtocolClient.java:onNext(264)) - client-ED6CAEC9DB00->305120e2-ed04-4093-b8eb-15d639fdaf7c: receive RaftClientReply:client-ED6CAEC9DB00->305120e2-ed04-4093-b8eb-15d639fdaf7c@group-D7045515CA6C, cid=192, FAILED org.apache.ratis.protocol.NotLeaderException: Server 305120e2-ed04-4093-b8eb-15d639fdaf7c@group-D7045515CA6C is not the leader 986dd48b-ab2d-4dda-bcfc-6b1c0b2b378a:192.168.34.57:41714, logIndex=0, commits[305120e2-ed04-4093-b8eb-15d639fdaf7c:c16, 986dd48b-ab2d-4dda-bcfc-6b1c0b2b378a:c16, cb36962c-e1d1-471d-89a7-03694d45c07b:c16]
2019-09-04 17:20:13,928 [grpc-default-executor-16] INFO  client.GrpcClientProtocolClient (GrpcClientProtocolClient.java:onNext(264)) - client-ED6CAEC9DB00->cb36962c-e1d1-471d-89a7-03694d45c07b: receive RaftClientReply:client-ED6CAEC9DB00->cb36962c-e1d1-471d-89a7-03694d45c07b@group-D7045515CA6C, cid=192, FAILED org.apache.ratis.protocol.NotLeaderException: Server cb36962c-e1d1-471d-89a7-03694d45c07b@group-D7045515CA6C is not the leader 986dd48b-ab2d-4dda-bcfc-6b1c0b2b378a:192.168.34.57:41714, logIndex=0, commits[cb36962c-e1d1-471d-89a7-03694d45c07b:c16, 986dd48b-ab2d-4dda-bcfc-6b1c0b2b378a:c16, 305120e2-ed04-4093-b8eb-15d639fdaf7c:c16]
2019-09-04 17:20:14,941 [grpc-default-executor-13] INFO  client.GrpcClientProtocolClient (GrpcClientProtocolClient.java:onNext(264)) - client-ED6CAEC9DB00->cb36962c-e1d1-471d-89a7-03694d45c07b: receive RaftClientReply:client-ED6CAEC9DB00->cb36962c-e1d1-471d-89a7-03694d45c07b@group-D7045515CA6C, cid=192, FAILED org.apache.ratis.protocol.NotLeaderException: Server cb36962c-e1d1-471d-89a7-03694d45c07b@group-D7045515CA6C is not the leader 986dd48b-ab2d-4dda-bcfc-6b1c0b2b378a:192.168.34.57:41714, logIndex=0, commits[cb36962c-e1d1-471d-89a7-03694d45c07b:c16, 986dd48b-ab2d-4dda-bcfc-6b1c0b2b378a:c16, 305120e2-ed04-4093-b8eb-15d639fdaf7c:c16]
2019-09-04 17:20:15,955 [grpc-default-executor-17] INFO  client.GrpcClientProtocolClient (GrpcClientProtocolClient.java:onNext(264)) - client-ED6CAEC9DB00->305120e2-ed04-4093-b8eb-15d639fdaf7c: receive RaftClientReply:client-ED6CAEC9DB00->305120e2-ed04-4093-b8eb-15d639fdaf7c@group-D7045515CA6C, cid=192, FAILED org.apache.ratis.protocol.NotLeaderException: Server 305120e2-ed04-4093-b8eb-15d639fdaf7c@group-D7045515CA6C is not the leader 986dd48b-ab2d-4dda-bcfc-6b1c0b2b378a:192.168.34.57:41714, logIndex=0, commits[305120e2-ed04-4093-b8eb-15d639fdaf7c:c16, 986dd48b-ab2d-4dda-bcfc-6b1c0b2b378a:c16, cb36962c-e1d1-471d-89a7-03694d45c07b:c16]
2019-09-04 17:20:16,977 [grpc-default-executor-17] INFO  client.GrpcClientProtocolClient (GrpcClientProtocolClient.java:onNext(264)) - client-ED6CAEC9DB00->cb36962c-e1d1-471d-89a7-03694d45c07b: receive RaftClientReply:client-ED6CAEC9DB00->cb36962c-e1d1-471d-89a7-03694d45c07b@group-D7045515CA6C, cid=192, FAILED org.apache.ratis.protocol.NotLeaderException: Server cb36962c-e1d1-471d-89a7-03694d45c07b@group-D7045515CA6C is not the leader 986dd48b-ab2d-4dda-bcfc-6b1c0b2b378a:192.168.34.57:41714, logIndex=0, commits[cb36962c-e1d1-471d-89a7-03694d45c07b:c16, 986dd48b-ab2d-4dda-bcfc-6b1c0b2b378a:c16, 305120e2-ed04-4093-b8eb-15d639fdaf7c:c16]
2019-09-04 17:20:18,005 [grpc-default-executor-13] INFO  client.GrpcClientProtocolClient (GrpcClientProtocolClient.java:onNext(264)) - client-ED6CAEC9DB00->305120e2-ed04-4093-b8eb-15d639fdaf7c: receive RaftClientReply:client-ED6CAEC9DB00->305120e2-ed04-4093-b8eb-15d639fdaf7c@group-D7045515CA6C, cid=192, FAILED org.apache.ratis.protocol.NotLeaderException: Server 305120e2-ed04-4093-b8eb-15d639fdaf7c@group-D7045515CA6C is not the leader 986dd48b-ab2d-4dda-bcfc-6b1c0b2b378a:192.168.34.57:41714, logIndex=0, commits[305120e2-ed04-4093-b8eb-15d639fdaf7c:c16, 986dd48b-ab2d-4dda-bcfc-6b1c0b2b378a:c16, cb36962c-e1d1-471d-89a7-03694d45c07b:c16]
2019-09-04 17:20:18,856 [Thread-3211] INFO  impl.FollowerState (FollowerState.java:run(106)) - 305120e2-ed04-4093-b8eb-15d639fdaf7c:group-D7045515CA6C changes to CANDIDATE, lastRpcTime:9050, electionTimeout:5177ms
2019-09-04 17:20:18,864 [Thread-3211] INFO  impl.RoleInfo (RoleInfo.java:shutdownFollowerState(121)) - 305120e2-ed04-4093-b8eb-15d639fdaf7c: shutdown FollowerState
2019-09-04 17:20:18,864 [Thread-3211] INFO  impl.RaftServerImpl (RaftServerImpl.java:setRole(174)) - 305120e2-ed04-4093-b8eb-15d639fdaf7c@group-D7045515CA6C: changes role from  FOLLOWER to CANDIDATE at term 1 for changeToCandidate
2019-09-04 17:20:18,864 [Thread-3211] INFO  impl.RoleInfo (RoleInfo.java:updateAndGet(143)) - 305120e2-ed04-4093-b8eb-15d639fdaf7c: start LeaderElection
2019-09-04 17:20:18,867 [305120e2-ed04-4093-b8eb-15d639fdaf7c@group-D7045515CA6C:LeaderElection97] INFO  impl.RaftServerImpl (ServerState.java:setLeader(253)) - 305120e2-ed04-4093-b8eb-15d639fdaf7c@group-D7045515CA6C: change Leader from 986dd48b-ab2d-4dda-bcfc-6b1c0b2b378a to null at term 1 for initElection
2019-09-04 17:20:18,883 [305120e2-ed04-4093-b8eb-15d639fdaf7c@group-D7045515CA6C:LeaderElection97] INFO  impl.LeaderElection (LeaderElection.java:askForVotes(182)) - 305120e2-ed04-4093-b8eb-15d639fdaf7c@group-D7045515CA6C:LeaderElection97: begin an election at term 2 for 0: [986dd48b-ab2d-4dda-bcfc-6b1c0b2b378a:192.168.34.57:41714, cb36962c-e1d1-471d-89a7-03694d45c07b:192.168.34.57:35025, 305120e2-ed04-4093-b8eb-15d639fdaf7c:192.168.34.57:34116], old=null
2019-09-04 17:20:18,887 [305120e2-ed04-4093-b8eb-15d639fdaf7c@group-D7045515CA6C:LeaderElection97] INFO  impl.LeaderElection (LogUtils.java:infoOrTrace(149)) - 305120e2-ed04-4093-b8eb-15d639fdaf7c@group-D7045515CA6C:LeaderElection97 got exception when requesting votes: {}
java.util.concurrent.ExecutionException: org.apache.ratis.thirdparty.io.grpc.StatusRuntimeException: UNAVAILABLE: io exception
	at java.util.concurrent.FutureTask.report(FutureTask.java:122)
	at java.util.concurrent.FutureTask.get(FutureTask.java:192)
	at org.apache.ratis.server.impl.LeaderElection.waitForResults(LeaderElection.java:263)
	at org.apache.ratis.server.impl.LeaderElection.askForVotes(LeaderElection.java:201)
	at org.apache.ratis.server.impl.LeaderElection.run(LeaderElection.java:133)
	at java.lang.Thread.run(Thread.java:748)
Caused by: org.apache.ratis.thirdparty.io.grpc.StatusRuntimeException: UNAVAILABLE: io exception
	at org.apache.ratis.thirdparty.io.grpc.stub.ClientCalls.toStatusRuntimeException(ClientCalls.java:233)
	at org.apache.ratis.thirdparty.io.grpc.stub.ClientCalls.getUnchecked(ClientCalls.java:214)
	at org.apache.ratis.thirdparty.io.grpc.stub.ClientCalls.blockingUnaryCall(ClientCalls.java:139)
	at org.apache.ratis.proto.grpc.RaftServerProtocolServiceGrpc$RaftServerProtocolServiceBlockingStub.requestVote(RaftServerProtocolServiceGrpc.java:265)
	at org.apache.ratis.grpc.server.GrpcServerProtocolClient.requestVote(GrpcServerProtocolClient.java:90)
	at org.apache.ratis.grpc.server.GrpcService.requestVote(GrpcService.java:204)
	at org.apache.ratis.server.impl.LeaderElection.lambda$submitRequests$1(LeaderElection.java:238)
	at java.util.concurrent.FutureTask.run(FutureTask.java:266)
	at java.util.concurrent.Executors$RunnableAdapter.call(Executors.java:511)
	at java.util.concurrent.FutureTask.run(FutureTask.java:266)
	at java.util.concurrent.ThreadPoolExecutor.runWorker(ThreadPoolExecutor.java:1149)
	at java.util.concurrent.ThreadPoolExecutor$Worker.run(ThreadPoolExecutor.java:624)
	... 1 more
Caused by: org.apache.ratis.thirdparty.io.netty.channel.AbstractChannel$AnnotatedConnectException: Connection refused: /192.168.34.57:41714
	at sun.nio.ch.SocketChannelImpl.checkConnect(Native Method)
	at sun.nio.ch.SocketChannelImpl.finishConnect(SocketChannelImpl.java:717)
	at org.apache.ratis.thirdparty.io.netty.channel.socket.nio.NioSocketChannel.doFinishConnect(NioSocketChannel.java:327)
	at org.apache.ratis.thirdparty.io.netty.channel.nio.AbstractNioChannel$AbstractNioUnsafe.finishConnect(AbstractNioChannel.java:340)
	at org.apache.ratis.thirdparty.io.netty.channel.nio.NioEventLoop.processSelectedKey(NioEventLoop.java:632)
	at org.apache.ratis.thirdparty.io.netty.channel.nio.NioEventLoop.processSelectedKeysOptimized(NioEventLoop.java:579)
	at org.apache.ratis.thirdparty.io.netty.channel.nio.NioEventLoop.processSelectedKeys(NioEventLoop.java:496)
	at org.apache.ratis.thirdparty.io.netty.channel.nio.NioEventLoop.run(NioEventLoop.java:458)
	at org.apache.ratis.thirdparty.io.netty.util.concurrent.SingleThreadEventExecutor$5.run(SingleThreadEventExecutor.java:897)
	at org.apache.ratis.thirdparty.io.netty.util.concurrent.FastThreadLocalRunnable.run(FastThreadLocalRunnable.java:30)
	... 1 more
Caused by: java.net.ConnectException: Connection refused
	... 11 more
2019-09-04 17:20:18,891 [grpc-default-executor-17] INFO  impl.RaftServerImpl (ServerState.java:setLeader(253)) - cb36962c-e1d1-471d-89a7-03694d45c07b@group-D7045515CA6C: change Leader from 986dd48b-ab2d-4dda-bcfc-6b1c0b2b378a to null at term 2 for updateCurrentTerm
2019-09-04 17:20:18,892 [grpc-default-executor-17] INFO  impl.RaftServerImpl (RaftServerImpl.java:setRole(174)) - cb36962c-e1d1-471d-89a7-03694d45c07b@group-D7045515CA6C: changes role from  FOLLOWER to FOLLOWER at term 2 for recognizeCandidate:305120e2-ed04-4093-b8eb-15d639fdaf7c
2019-09-04 17:20:18,892 [grpc-default-executor-17] INFO  impl.RoleInfo (RoleInfo.java:shutdownFollowerState(121)) - cb36962c-e1d1-471d-89a7-03694d45c07b: shutdown FollowerState
2019-09-04 17:20:18,893 [grpc-default-executor-17] INFO  impl.RoleInfo (RoleInfo.java:updateAndGet(143)) - cb36962c-e1d1-471d-89a7-03694d45c07b: start FollowerState
2019-09-04 17:20:18,893 [Thread-3222] INFO  impl.FollowerState (FollowerState.java:run(115)) - cb36962c-e1d1-471d-89a7-03694d45c07b: FollowerState was interrupted: java.lang.InterruptedException: sleep interrupted
2019-09-04 17:20:18,910 [305120e2-ed04-4093-b8eb-15d639fdaf7c@group-D7045515CA6C:LeaderElection97] INFO  impl.LeaderElection (LeaderElection.java:logAndReturn(56)) - 305120e2-ed04-4093-b8eb-15d639fdaf7c@group-D7045515CA6C:LeaderElection97: Election PASSED; received 1 response(s) [305120e2-ed04-4093-b8eb-15d639fdaf7c<-cb36962c-e1d1-471d-89a7-03694d45c07b#0:OK-t2] and 1 exception(s); 305120e2-ed04-4093-b8eb-15d639fdaf7c@group-D7045515CA6C:t2, leader=null, voted=305120e2-ed04-4093-b8eb-15d639fdaf7c, raftlog=305120e2-ed04-4093-b8eb-15d639fdaf7c@group-D7045515CA6C-SegmentedRaftLog:OPENED:c16,f16,i16, conf=0: [986dd48b-ab2d-4dda-bcfc-6b1c0b2b378a:192.168.34.57:41714, cb36962c-e1d1-471d-89a7-03694d45c07b:192.168.34.57:35025, 305120e2-ed04-4093-b8eb-15d639fdaf7c:192.168.34.57:34116], old=null
2019-09-04 17:20:18,911 [305120e2-ed04-4093-b8eb-15d639fdaf7c@group-D7045515CA6C:LeaderElection97] INFO  impl.LeaderElection (LogUtils.java:infoOrTrace(149)) -   Exception 0: {}
java.util.concurrent.ExecutionException: org.apache.ratis.thirdparty.io.grpc.StatusRuntimeException: UNAVAILABLE: io exception
	at java.util.concurrent.FutureTask.report(FutureTask.java:122)
	at java.util.concurrent.FutureTask.get(FutureTask.java:192)
	at org.apache.ratis.server.impl.LeaderElection.waitForResults(LeaderElection.java:263)
	at org.apache.ratis.server.impl.LeaderElection.askForVotes(LeaderElection.java:201)
	at org.apache.ratis.server.impl.LeaderElection.run(LeaderElection.java:133)
	at java.lang.Thread.run(Thread.java:748)
Caused by: org.apache.ratis.thirdparty.io.grpc.StatusRuntimeException: UNAVAILABLE: io exception
	at org.apache.ratis.thirdparty.io.grpc.stub.ClientCalls.toStatusRuntimeException(ClientCalls.java:233)
	at org.apache.ratis.thirdparty.io.grpc.stub.ClientCalls.getUnchecked(ClientCalls.java:214)
	at org.apache.ratis.thirdparty.io.grpc.stub.ClientCalls.blockingUnaryCall(ClientCalls.java:139)
	at org.apache.ratis.proto.grpc.RaftServerProtocolServiceGrpc$RaftServerProtocolServiceBlockingStub.requestVote(RaftServerProtocolServiceGrpc.java:265)
	at org.apache.ratis.grpc.server.GrpcServerProtocolClient.requestVote(GrpcServerProtocolClient.java:90)
	at org.apache.ratis.grpc.server.GrpcService.requestVote(GrpcService.java:204)
	at org.apache.ratis.server.impl.LeaderElection.lambda$submitRequests$1(LeaderElection.java:238)
	at java.util.concurrent.FutureTask.run(FutureTask.java:266)
	at java.util.concurrent.Executors$RunnableAdapter.call(Executors.java:511)
	at java.util.concurrent.FutureTask.run(FutureTask.java:266)
	at java.util.concurrent.ThreadPoolExecutor.runWorker(ThreadPoolExecutor.java:1149)
	at java.util.concurrent.ThreadPoolExecutor$Worker.run(ThreadPoolExecutor.java:624)
	... 1 more
Caused by: org.apache.ratis.thirdparty.io.netty.channel.AbstractChannel$AnnotatedConnectException: Connection refused: /192.168.34.57:41714
	at sun.nio.ch.SocketChannelImpl.checkConnect(Native Method)
	at sun.nio.ch.SocketChannelImpl.finishConnect(SocketChannelImpl.java:717)
	at org.apache.ratis.thirdparty.io.netty.channel.socket.nio.NioSocketChannel.doFinishConnect(NioSocketChannel.java:327)
	at org.apache.ratis.thirdparty.io.netty.channel.nio.AbstractNioChannel$AbstractNioUnsafe.finishConnect(AbstractNioChannel.java:340)
	at org.apache.ratis.thirdparty.io.netty.channel.nio.NioEventLoop.processSelectedKey(NioEventLoop.java:632)
	at org.apache.ratis.thirdparty.io.netty.channel.nio.NioEventLoop.processSelectedKeysOptimized(NioEventLoop.java:579)
	at org.apache.ratis.thirdparty.io.netty.channel.nio.NioEventLoop.processSelectedKeys(NioEventLoop.java:496)
	at org.apache.ratis.thirdparty.io.netty.channel.nio.NioEventLoop.run(NioEventLoop.java:458)
	at org.apache.ratis.thirdparty.io.netty.util.concurrent.SingleThreadEventExecutor$5.run(SingleThreadEventExecutor.java:897)
	at org.apache.ratis.thirdparty.io.netty.util.concurrent.FastThreadLocalRunnable.run(FastThreadLocalRunnable.java:30)
	... 1 more
Caused by: java.net.ConnectException: Connection refused
	... 11 more
2019-09-04 17:20:18,911 [305120e2-ed04-4093-b8eb-15d639fdaf7c@group-D7045515CA6C:LeaderElection97] INFO  impl.RoleInfo (RoleInfo.java:shutdownLeaderElection(134)) - 305120e2-ed04-4093-b8eb-15d639fdaf7c: shutdown LeaderElection
2019-09-04 17:20:18,911 [305120e2-ed04-4093-b8eb-15d639fdaf7c@group-D7045515CA6C:LeaderElection97] INFO  impl.RaftServerImpl (RaftServerImpl.java:setRole(174)) - 305120e2-ed04-4093-b8eb-15d639fdaf7c@group-D7045515CA6C: changes role from CANDIDATE to LEADER at term 2 for changeToLeader
2019-09-04 17:20:18,911 [305120e2-ed04-4093-b8eb-15d639fdaf7c@group-D7045515CA6C:LeaderElection97] INFO  impl.RaftServerImpl (ServerState.java:setLeader(253)) - 305120e2-ed04-4093-b8eb-15d639fdaf7c@group-D7045515CA6C: change Leader from null to 305120e2-ed04-4093-b8eb-15d639fdaf7c at term 2 for becomeLeader, leader elected after 44ms
2019-09-04 17:20:18,912 [305120e2-ed04-4093-b8eb-15d639fdaf7c@group-D7045515CA6C:LeaderElection97] INFO  server.RaftServerConfigKeys (ConfUtils.java:logGet(43)) - raft.server.staging.catchup.gap = 1000 (default)
2019-09-04 17:20:18,912 [305120e2-ed04-4093-b8eb-15d639fdaf7c@group-D7045515CA6C:LeaderElection97] INFO  server.RaftServerConfigKeys (ConfUtils.java:logGet(43)) - raft.server.rpc.sleep.time = 25ms (default)
2019-09-04 17:20:18,912 [305120e2-ed04-4093-b8eb-15d639fdaf7c@group-D7045515CA6C:LeaderElection97] INFO  server.RaftServerConfigKeys (ConfUtils.java:logGet(43)) - raft.server.write.element-limit = 4096 (default)
2019-09-04 17:20:18,913 [305120e2-ed04-4093-b8eb-15d639fdaf7c@group-D7045515CA6C:LeaderElection97] INFO  server.RaftServerConfigKeys (ConfUtils.java:logGet(43)) - raft.server.watch.timeout = 10s (default)
2019-09-04 17:20:18,913 [305120e2-ed04-4093-b8eb-15d639fdaf7c@group-D7045515CA6C:LeaderElection97] INFO  server.RaftServerConfigKeys (ConfUtils.java:logGet(43)) - raft.server.watch.timeout.denomination = 1s (default)
2019-09-04 17:20:18,913 [305120e2-ed04-4093-b8eb-15d639fdaf7c@group-D7045515CA6C:LeaderElection97] INFO  server.RaftServerConfigKeys (ConfUtils.java:logGet(43)) - raft.server.watch.element-limit = 65536 (default)
2019-09-04 17:20:18,917 [305120e2-ed04-4093-b8eb-15d639fdaf7c@group-D7045515CA6C:LeaderElection97] INFO  server.RaftServerConfigKeys (ConfUtils.java:logGet(43)) - raft.server.log.appender.snapshot.chunk.size.max = 16MB (=16777216) (default)
2019-09-04 17:20:18,917 [305120e2-ed04-4093-b8eb-15d639fdaf7c@group-D7045515CA6C:LeaderElection97] INFO  server.RaftServerConfigKeys (ConfUtils.java:logGet(43)) - raft.server.log.appender.buffer.byte-limit = 33554432 (custom)
2019-09-04 17:20:18,917 [305120e2-ed04-4093-b8eb-15d639fdaf7c@group-D7045515CA6C:LeaderElection97] INFO  server.RaftServerConfigKeys (ConfUtils.java:logGet(43)) - raft.server.log.appender.buffer.element-limit = 1 (custom)
2019-09-04 17:20:18,918 [305120e2-ed04-4093-b8eb-15d639fdaf7c@group-D7045515CA6C:LeaderElection97] INFO  grpc.GrpcConfigKeys$Server (ConfUtils.java:logGet(43)) - raft.grpc.server.leader.outstanding.appends.max = 128 (default)
2019-09-04 17:20:18,918 [305120e2-ed04-4093-b8eb-15d639fdaf7c@group-D7045515CA6C:LeaderElection97] INFO  server.RaftServerConfigKeys (ConfUtils.java:logGet(43)) - raft.server.rpc.request.timeout = 3000ms (default)
2019-09-04 17:20:18,918 [305120e2-ed04-4093-b8eb-15d639fdaf7c@group-D7045515CA6C:LeaderElection97] INFO  server.RaftServerConfigKeys (ConfUtils.java:logGet(43)) - raft.server.log.appender.install.snapshot.enabled = false (custom)
2019-09-04 17:20:18,918 [305120e2-ed04-4093-b8eb-15d639fdaf7c@group-D7045515CA6C:LeaderElection97] INFO  server.RaftServerConfigKeys (ConfUtils.java:logGet(43)) - raft.server.log.appender.snapshot.chunk.size.max = 16MB (=16777216) (default)
2019-09-04 17:20:18,918 [305120e2-ed04-4093-b8eb-15d639fdaf7c@group-D7045515CA6C:LeaderElection97] INFO  server.RaftServerConfigKeys (ConfUtils.java:logGet(43)) - raft.server.log.appender.buffer.byte-limit = 33554432 (custom)
2019-09-04 17:20:18,919 [305120e2-ed04-4093-b8eb-15d639fdaf7c@group-D7045515CA6C:LeaderElection97] INFO  server.RaftServerConfigKeys (ConfUtils.java:logGet(43)) - raft.server.log.appender.buffer.element-limit = 1 (custom)
2019-09-04 17:20:18,919 [305120e2-ed04-4093-b8eb-15d639fdaf7c@group-D7045515CA6C:LeaderElection97] INFO  grpc.GrpcConfigKeys$Server (ConfUtils.java:logGet(43)) - raft.grpc.server.leader.outstanding.appends.max = 128 (default)
2019-09-04 17:20:18,919 [305120e2-ed04-4093-b8eb-15d639fdaf7c@group-D7045515CA6C:LeaderElection97] INFO  server.RaftServerConfigKeys (ConfUtils.java:logGet(43)) - raft.server.rpc.request.timeout = 3000ms (default)
2019-09-04 17:20:18,919 [305120e2-ed04-4093-b8eb-15d639fdaf7c@group-D7045515CA6C:LeaderElection97] INFO  server.RaftServerConfigKeys (ConfUtils.java:logGet(43)) - raft.server.log.appender.install.snapshot.enabled = false (custom)
2019-09-04 17:20:18,920 [305120e2-ed04-4093-b8eb-15d639fdaf7c@group-D7045515CA6C:LeaderElection97] INFO  impl.RoleInfo (RoleInfo.java:updateAndGet(143)) - 305120e2-ed04-4093-b8eb-15d639fdaf7c: start LeaderState
2019-09-04 17:20:18,921 [305120e2-ed04-4093-b8eb-15d639fdaf7c@group-D7045515CA6C:LeaderElection97] INFO  segmented.SegmentedRaftLogWorker (SegmentedRaftLogWorker.java:rollLogSegment(385)) - 305120e2-ed04-4093-b8eb-15d639fdaf7c@group-D7045515CA6C-SegmentedRaftLogWorker: Rolling segment log-0_16 to index:16
2019-09-04 17:20:18,922 [305120e2-ed04-4093-b8eb-15d639fdaf7c@group-D7045515CA6C-SegmentedRaftLogWorker] INFO  segmented.SegmentedRaftLogWorker (SegmentedRaftLogWorker.java:execute(526)) - 305120e2-ed04-4093-b8eb-15d639fdaf7c@group-D7045515CA6C-SegmentedRaftLogWorker: Rolled log segment from /workdir/hadoop-ozone/integration-test/target/test-dir/MiniOzoneClusterImpl-2f594647-c66f-4987-a195-77c452f53489/datanode-3/data/ratis/8e7d82c8-c8cc-40a3-9dc5-d7045515ca6c/current/log_inprogress_0 to /workdir/hadoop-ozone/integration-test/target/test-dir/MiniOzoneClusterImpl-2f594647-c66f-4987-a195-77c452f53489/datanode-3/data/ratis/8e7d82c8-c8cc-40a3-9dc5-d7045515ca6c/current/log_0-16
2019-09-04 17:20:18,925 [305120e2-ed04-4093-b8eb-15d639fdaf7c@group-D7045515CA6C:LeaderElection97] INFO  impl.RaftServerImpl (ServerState.java:setRaftConf(354)) - 305120e2-ed04-4093-b8eb-15d639fdaf7c@group-D7045515CA6C: set configuration 17: [986dd48b-ab2d-4dda-bcfc-6b1c0b2b378a:192.168.34.57:41714, cb36962c-e1d1-471d-89a7-03694d45c07b:192.168.34.57:35025, 305120e2-ed04-4093-b8eb-15d639fdaf7c:192.168.34.57:34116], old=null at 17
2019-09-04 17:20:18,925 [grpc-default-executor-17] WARN  server.GrpcLogAppender (LogUtils.java:warn(134)) - 305120e2-ed04-4093-b8eb-15d639fdaf7c@group-D7045515CA6C->986dd48b-ab2d-4dda-bcfc-6b1c0b2b378a-AppendLogResponseHandler: Failed appendEntries: org.apache.ratis.thirdparty.io.grpc.StatusRuntimeException: UNAVAILABLE: io exception
2019-09-04 17:20:18,929 [grpc-default-executor-17] INFO  impl.FollowerInfo (FollowerInfo.java:lambda$new$0(51)) - 305120e2-ed04-4093-b8eb-15d639fdaf7c@group-D7045515CA6C->986dd48b-ab2d-4dda-bcfc-6b1c0b2b378a: nextIndex: updateUnconditionally 17 -> 1
2019-09-04 17:20:18,929 [grpc-default-executor-16] INFO  impl.RaftServerImpl (ServerState.java:setLeader(253)) - cb36962c-e1d1-471d-89a7-03694d45c07b@group-D7045515CA6C: change Leader from null to 305120e2-ed04-4093-b8eb-15d639fdaf7c at term 2 for appendEntries, leader elected after 37ms
2019-09-04 17:20:18,932 [grpc-default-executor-16] INFO  impl.RaftServerImpl (ServerState.java:setRaftConf(354)) - cb36962c-e1d1-471d-89a7-03694d45c07b@group-D7045515CA6C: set configuration 17: [986dd48b-ab2d-4dda-bcfc-6b1c0b2b378a:192.168.34.57:41714, cb36962c-e1d1-471d-89a7-03694d45c07b:192.168.34.57:35025, 305120e2-ed04-4093-b8eb-15d639fdaf7c:192.168.34.57:34116], old=null at 17
2019-09-04 17:20:18,932 [grpc-default-executor-16] INFO  segmented.SegmentedRaftLogWorker (SegmentedRaftLogWorker.java:rollLogSegment(385)) - cb36962c-e1d1-471d-89a7-03694d45c07b@group-D7045515CA6C-SegmentedRaftLogWorker: Rolling segment log-0_16 to index:16
2019-09-04 17:20:18,933 [cb36962c-e1d1-471d-89a7-03694d45c07b@group-D7045515CA6C-SegmentedRaftLogWorker] INFO  segmented.SegmentedRaftLogWorker (SegmentedRaftLogWorker.java:execute(526)) - cb36962c-e1d1-471d-89a7-03694d45c07b@group-D7045515CA6C-SegmentedRaftLogWorker: Rolled log segment from /workdir/hadoop-ozone/integration-test/target/test-dir/MiniOzoneClusterImpl-2f594647-c66f-4987-a195-77c452f53489/datanode-6/data/ratis/8e7d82c8-c8cc-40a3-9dc5-d7045515ca6c/current/log_inprogress_0 to /workdir/hadoop-ozone/integration-test/target/test-dir/MiniOzoneClusterImpl-2f594647-c66f-4987-a195-77c452f53489/datanode-6/data/ratis/8e7d82c8-c8cc-40a3-9dc5-d7045515ca6c/current/log_0-16
2019-09-04 17:20:18,973 [305120e2-ed04-4093-b8eb-15d639fdaf7c@group-D7045515CA6C-SegmentedRaftLogWorker] INFO  segmented.SegmentedRaftLogWorker (SegmentedRaftLogWorker.java:execute(569)) - 305120e2-ed04-4093-b8eb-15d639fdaf7c@group-D7045515CA6C-SegmentedRaftLogWorker: created new log segment /workdir/hadoop-ozone/integration-test/target/test-dir/MiniOzoneClusterImpl-2f594647-c66f-4987-a195-77c452f53489/datanode-3/data/ratis/8e7d82c8-c8cc-40a3-9dc5-d7045515ca6c/current/log_inprogress_17
2019-09-04 17:20:18,973 [cb36962c-e1d1-471d-89a7-03694d45c07b@group-D7045515CA6C-SegmentedRaftLogWorker] INFO  segmented.SegmentedRaftLogWorker (SegmentedRaftLogWorker.java:execute(569)) - cb36962c-e1d1-471d-89a7-03694d45c07b@group-D7045515CA6C-SegmentedRaftLogWorker: created new log segment /workdir/hadoop-ozone/integration-test/target/test-dir/MiniOzoneClusterImpl-2f594647-c66f-4987-a195-77c452f53489/datanode-6/data/ratis/8e7d82c8-c8cc-40a3-9dc5-d7045515ca6c/current/log_inprogress_17
2019-09-04 17:20:18,995 [grpc-default-executor-16] WARN  server.GrpcLogAppender (LogUtils.java:warn(134)) - 305120e2-ed04-4093-b8eb-15d639fdaf7c@group-D7045515CA6C->986dd48b-ab2d-4dda-bcfc-6b1c0b2b378a-AppendLogResponseHandler: Failed appendEntries: org.apache.ratis.thirdparty.io.grpc.StatusRuntimeException: UNAVAILABLE: io exception
2019-09-04 17:20:18,995 [grpc-default-executor-16] INFO  impl.FollowerInfo (FollowerInfo.java:lambda$new$0(51)) - 305120e2-ed04-4093-b8eb-15d639fdaf7c@group-D7045515CA6C->986dd48b-ab2d-4dda-bcfc-6b1c0b2b378a: nextIndex: updateUnconditionally 2 -> 1
2019-09-04 17:20:19,005 [grpc-default-executor-16] WARN  server.GrpcLogAppender (LogUtils.java:warn(134)) - 305120e2-ed04-4093-b8eb-15d639fdaf7c@group-D7045515CA6C->986dd48b-ab2d-4dda-bcfc-6b1c0b2b378a-AppendLogResponseHandler: Failed appendEntries: org.apache.ratis.thirdparty.io.grpc.StatusRuntimeException: UNAVAILABLE: io exception
2019-09-04 17:20:19,005 [grpc-default-executor-16] INFO  impl.FollowerInfo (FollowerInfo.java:lambda$new$0(51)) - 305120e2-ed04-4093-b8eb-15d639fdaf7c@group-D7045515CA6C->986dd48b-ab2d-4dda-bcfc-6b1c0b2b378a: nextIndex: updateUnconditionally 2 -> 1
17:20:19.034 [grpc-default-executor-16] ERROR DNAudit - user=null | ip=null | op=WRITE_CHUNK {blockData=conID: 1 locID: 102735386928021518 bcsId: 14} | ret=FAILURE
org.apache.hadoop.hdds.scm.container.common.helpers.ContainerNotOpenException: Container 1 in CLOSING state
	at org.apache.hadoop.ozone.container.common.impl.HddsDispatcher.validateContainerCommand(HddsDispatcher.java:408) ~[hadoop-hdds-container-service-0.5.0-SNAPSHOT.jar:?]
	at org.apache.hadoop.ozone.container.common.transport.server.ratis.ContainerStateMachine.startTransaction(ContainerStateMachine.java:315) ~[hadoop-hdds-container-service-0.5.0-SNAPSHOT.jar:?]
	at org.apache.ratis.server.impl.RaftServerImpl.submitClientRequestAsync(RaftServerImpl.java:573) ~[ratis-server-0.4.0-78e95b9-SNAPSHOT.jar:0.4.0-78e95b9-SNAPSHOT]
	at org.apache.ratis.server.impl.RaftServerProxy.lambda$submitClientRequestAsync$7(RaftServerProxy.java:333) ~[ratis-server-0.4.0-78e95b9-SNAPSHOT.jar:0.4.0-78e95b9-SNAPSHOT]
	at org.apache.ratis.server.impl.RaftServerProxy.lambda$null$5(RaftServerProxy.java:328) ~[ratis-server-0.4.0-78e95b9-SNAPSHOT.jar:0.4.0-78e95b9-SNAPSHOT]
	at org.apache.ratis.util.JavaUtils.callAsUnchecked(JavaUtils.java:109) ~[ratis-common-0.4.0-78e95b9-SNAPSHOT.jar:0.4.0-78e95b9-SNAPSHOT]
	at org.apache.ratis.server.impl.RaftServerProxy.lambda$submitRequest$6(RaftServerProxy.java:328) ~[ratis-server-0.4.0-78e95b9-SNAPSHOT.jar:0.4.0-78e95b9-SNAPSHOT]
	at java.util.concurrent.CompletableFuture.uniComposeStage(CompletableFuture.java:981) ~[?:1.8.0_212]
	at java.util.concurrent.CompletableFuture.thenCompose(CompletableFuture.java:2124) ~[?:1.8.0_212]
	at org.apache.ratis.server.impl.RaftServerProxy.submitRequest(RaftServerProxy.java:327) ~[ratis-server-0.4.0-78e95b9-SNAPSHOT.jar:0.4.0-78e95b9-SNAPSHOT]
	at org.apache.ratis.server.impl.RaftServerProxy.submitClientRequestAsync(RaftServerProxy.java:333) ~[ratis-server-0.4.0-78e95b9-SNAPSHOT.jar:0.4.0-78e95b9-SNAPSHOT]
	at org.apache.ratis.grpc.client.GrpcClientProtocolService$RequestStreamObserver.processClientRequest(GrpcClientProtocolService.java:220) ~[ratis-grpc-0.4.0-78e95b9-SNAPSHOT.jar:0.4.0-78e95b9-SNAPSHOT]
	at org.apache.ratis.grpc.client.GrpcClientProtocolService$OrderedRequestStreamObserver.processClientRequest(GrpcClientProtocolService.java:326) ~[ratis-grpc-0.4.0-78e95b9-SNAPSHOT.jar:0.4.0-78e95b9-SNAPSHOT]
	at org.apache.ratis.util.SlidingWindow$Server.processRequestsFromHead(SlidingWindow.java:429) [ratis-common-0.4.0-78e95b9-SNAPSHOT.jar:0.4.0-78e95b9-SNAPSHOT]
	at org.apache.ratis.util.SlidingWindow$Server.receivedRequest(SlidingWindow.java:421) [ratis-common-0.4.0-78e95b9-SNAPSHOT.jar:0.4.0-78e95b9-SNAPSHOT]
	at org.apache.ratis.grpc.client.GrpcClientProtocolService$OrderedRequestStreamObserver.processClientRequest(GrpcClientProtocolService.java:345) [ratis-grpc-0.4.0-78e95b9-SNAPSHOT.jar:0.4.0-78e95b9-SNAPSHOT]
	at org.apache.ratis.grpc.client.GrpcClientProtocolService$RequestStreamObserver.onNext(GrpcClientProtocolService.java:240) [ratis-grpc-0.4.0-78e95b9-SNAPSHOT.jar:0.4.0-78e95b9-SNAPSHOT]
	at org.apache.ratis.grpc.client.GrpcClientProtocolService$RequestStreamObserver.onNext(GrpcClientProtocolService.java:168) [ratis-grpc-0.4.0-78e95b9-SNAPSHOT.jar:0.4.0-78e95b9-SNAPSHOT]
	at org.apache.ratis.thirdparty.io.grpc.stub.ServerCalls$StreamingServerCallHandler$StreamingServerCallListener.onMessage(ServerCalls.java:248) [ratis-thirdparty-misc-0.2.0.jar:0.2.0]
	at org.apache.ratis.thirdparty.io.grpc.internal.ServerCallImpl$ServerStreamListenerImpl.messagesAvailable(ServerCallImpl.java:263) [ratis-thirdparty-misc-0.2.0.jar:0.2.0]
	at org.apache.ratis.thirdparty.io.grpc.internal.ServerImpl$JumpToApplicationThreadServerStreamListener$1MessagesAvailable.runInContext(ServerImpl.java:686) [ratis-thirdparty-misc-0.2.0.jar:0.2.0]
	at org.apache.ratis.thirdparty.io.grpc.internal.ContextRunnable.run(ContextRunnable.java:37) [ratis-thirdparty-misc-0.2.0.jar:0.2.0]
	at org.apache.ratis.thirdparty.io.grpc.internal.SerializingExecutor.run(SerializingExecutor.java:123) [ratis-thirdparty-misc-0.2.0.jar:0.2.0]
	at java.util.concurrent.ThreadPoolExecutor.runWorker(ThreadPoolExecutor.java:1149) [?:1.8.0_212]
	at java.util.concurrent.ThreadPoolExecutor$Worker.run(ThreadPoolExecutor.java:624) [?:1.8.0_212]
	at java.lang.Thread.run(Thread.java:748) [?:1.8.0_212]
2019-09-04 17:20:19,045 [grpc-default-executor-16] INFO  client.GrpcClientProtocolClient (GrpcClientProtocolClient.java:onNext(264)) - client-ED6CAEC9DB00->305120e2-ed04-4093-b8eb-15d639fdaf7c: receive RaftClientReply:client-ED6CAEC9DB00->305120e2-ed04-4093-b8eb-15d639fdaf7c@group-D7045515CA6C, cid=192, FAILED org.apache.ratis.protocol.StateMachineException: org.apache.hadoop.hdds.scm.container.common.helpers.ContainerNotOpenException from Server 305120e2-ed04-4093-b8eb-15d639fdaf7c@group-D7045515CA6C: Container 1 in CLOSING state, logIndex=0, commits[305120e2-ed04-4093-b8eb-15d639fdaf7c:c18, 986dd48b-ab2d-4dda-bcfc-6b1c0b2b378a:c16, cb36962c-e1d1-471d-89a7-03694d45c07b:c17]
17:20:19.046 [grpc-default-executor-17] ERROR DNAudit - user=null | ip=null | op=WRITE_CHUNK {blockData=conID: 1 locID: 102735386928021518 bcsId: 14} | ret=FAILURE
org.apache.hadoop.hdds.scm.container.common.helpers.ContainerNotOpenException: Container 1 in CLOSING state
	at org.apache.hadoop.ozone.container.common.impl.HddsDispatcher.validateContainerCommand(HddsDispatcher.java:408) ~[hadoop-hdds-container-service-0.5.0-SNAPSHOT.jar:?]
	at org.apache.hadoop.ozone.container.common.transport.server.ratis.ContainerStateMachine.startTransaction(ContainerStateMachine.java:315) ~[hadoop-hdds-container-service-0.5.0-SNAPSHOT.jar:?]
	at org.apache.ratis.server.impl.RaftServerImpl.submitClientRequestAsync(RaftServerImpl.java:573) ~[ratis-server-0.4.0-78e95b9-SNAPSHOT.jar:0.4.0-78e95b9-SNAPSHOT]
	at org.apache.ratis.server.impl.RaftServerProxy.lambda$submitClientRequestAsync$7(RaftServerProxy.java:333) ~[ratis-server-0.4.0-78e95b9-SNAPSHOT.jar:0.4.0-78e95b9-SNAPSHOT]
	at org.apache.ratis.server.impl.RaftServerProxy.lambda$null$5(RaftServerProxy.java:328) ~[ratis-server-0.4.0-78e95b9-SNAPSHOT.jar:0.4.0-78e95b9-SNAPSHOT]
	at org.apache.ratis.util.JavaUtils.callAsUnchecked(JavaUtils.java:109) ~[ratis-common-0.4.0-78e95b9-SNAPSHOT.jar:0.4.0-78e95b9-SNAPSHOT]
	at org.apache.ratis.server.impl.RaftServerProxy.lambda$submitRequest$6(RaftServerProxy.java:328) ~[ratis-server-0.4.0-78e95b9-SNAPSHOT.jar:0.4.0-78e95b9-SNAPSHOT]
	at java.util.concurrent.CompletableFuture.uniComposeStage(CompletableFuture.java:981) ~[?:1.8.0_212]
	at java.util.concurrent.CompletableFuture.thenCompose(CompletableFuture.java:2124) ~[?:1.8.0_212]
	at org.apache.ratis.server.impl.RaftServerProxy.submitRequest(RaftServerProxy.java:327) ~[ratis-server-0.4.0-78e95b9-SNAPSHOT.jar:0.4.0-78e95b9-SNAPSHOT]
	at org.apache.ratis.server.impl.RaftServerProxy.submitClientRequestAsync(RaftServerProxy.java:333) ~[ratis-server-0.4.0-78e95b9-SNAPSHOT.jar:0.4.0-78e95b9-SNAPSHOT]
	at org.apache.ratis.grpc.client.GrpcClientProtocolService$RequestStreamObserver.processClientRequest(GrpcClientProtocolService.java:220) ~[ratis-grpc-0.4.0-78e95b9-SNAPSHOT.jar:0.4.0-78e95b9-SNAPSHOT]
	at org.apache.ratis.grpc.client.GrpcClientProtocolService$OrderedRequestStreamObserver.processClientRequest(GrpcClientProtocolService.java:326) ~[ratis-grpc-0.4.0-78e95b9-SNAPSHOT.jar:0.4.0-78e95b9-SNAPSHOT]
	at org.apache.ratis.util.SlidingWindow$Server.processRequestsFromHead(SlidingWindow.java:429) [ratis-common-0.4.0-78e95b9-SNAPSHOT.jar:0.4.0-78e95b9-SNAPSHOT]
	at org.apache.ratis.util.SlidingWindow$Server.receivedRequest(SlidingWindow.java:421) [ratis-common-0.4.0-78e95b9-SNAPSHOT.jar:0.4.0-78e95b9-SNAPSHOT]
	at org.apache.ratis.grpc.client.GrpcClientProtocolService$OrderedRequestStreamObserver.processClientRequest(GrpcClientProtocolService.java:345) [ratis-grpc-0.4.0-78e95b9-SNAPSHOT.jar:0.4.0-78e95b9-SNAPSHOT]
	at org.apache.ratis.grpc.client.GrpcClientProtocolService$RequestStreamObserver.onNext(GrpcClientProtocolService.java:240) [ratis-grpc-0.4.0-78e95b9-SNAPSHOT.jar:0.4.0-78e95b9-SNAPSHOT]
	at org.apache.ratis.grpc.client.GrpcClientProtocolService$RequestStreamObserver.onNext(GrpcClientProtocolService.java:168) [ratis-grpc-0.4.0-78e95b9-SNAPSHOT.jar:0.4.0-78e95b9-SNAPSHOT]
	at org.apache.ratis.thirdparty.io.grpc.stub.ServerCalls$StreamingServerCallHandler$StreamingServerCallListener.onMessage(ServerCalls.java:248) [ratis-thirdparty-misc-0.2.0.jar:0.2.0]
	at org.apache.ratis.thirdparty.io.grpc.internal.ServerCallImpl$ServerStreamListenerImpl.messagesAvailable(ServerCallImpl.java:263) [ratis-thirdparty-misc-0.2.0.jar:0.2.0]
	at org.apache.ratis.thirdparty.io.grpc.internal.ServerImpl$JumpToApplicationThreadServerStreamListener$1MessagesAvailable.runInContext(ServerImpl.java:686) [ratis-thirdparty-misc-0.2.0.jar:0.2.0]
	at org.apache.ratis.thirdparty.io.grpc.internal.ContextRunnable.run(ContextRunnable.java:37) [ratis-thirdparty-misc-0.2.0.jar:0.2.0]
	at org.apache.ratis.thirdparty.io.grpc.internal.SerializingExecutor.run(SerializingExecutor.java:123) [ratis-thirdparty-misc-0.2.0.jar:0.2.0]
	at java.util.concurrent.ThreadPoolExecutor.runWorker(ThreadPoolExecutor.java:1149) [?:1.8.0_212]
	at java.util.concurrent.ThreadPoolExecutor$Worker.run(ThreadPoolExecutor.java:624) [?:1.8.0_212]
	at java.lang.Thread.run(Thread.java:748) [?:1.8.0_212]
17:20:19.048 [grpc-default-executor-17] ERROR DNAudit - user=null | ip=null | op=PUT_BLOCK {blockData=[blockId=conID: 1 locID: 102735386928021518 bcsId: 0,size=650]} | ret=FAILURE
org.apache.hadoop.hdds.scm.container.common.helpers.ContainerNotOpenException: Container 1 in CLOSING state
	at org.apache.hadoop.ozone.container.common.impl.HddsDispatcher.validateContainerCommand(HddsDispatcher.java:408) ~[hadoop-hdds-container-service-0.5.0-SNAPSHOT.jar:?]
	at org.apache.hadoop.ozone.container.common.transport.server.ratis.ContainerStateMachine.startTransaction(ContainerStateMachine.java:315) ~[hadoop-hdds-container-service-0.5.0-SNAPSHOT.jar:?]
	at org.apache.ratis.server.impl.RaftServerImpl.submitClientRequestAsync(RaftServerImpl.java:573) ~[ratis-server-0.4.0-78e95b9-SNAPSHOT.jar:0.4.0-78e95b9-SNAPSHOT]
	at org.apache.ratis.server.impl.RaftServerProxy.lambda$submitClientRequestAsync$7(RaftServerProxy.java:333) ~[ratis-server-0.4.0-78e95b9-SNAPSHOT.jar:0.4.0-78e95b9-SNAPSHOT]
	at org.apache.ratis.server.impl.RaftServerProxy.lambda$null$5(RaftServerProxy.java:328) ~[ratis-server-0.4.0-78e95b9-SNAPSHOT.jar:0.4.0-78e95b9-SNAPSHOT]
	at org.apache.ratis.util.JavaUtils.callAsUnchecked(JavaUtils.java:109) ~[ratis-common-0.4.0-78e95b9-SNAPSHOT.jar:0.4.0-78e95b9-SNAPSHOT]
	at org.apache.ratis.server.impl.RaftServerProxy.lambda$submitRequest$6(RaftServerProxy.java:328) ~[ratis-server-0.4.0-78e95b9-SNAPSHOT.jar:0.4.0-78e95b9-SNAPSHOT]
	at java.util.concurrent.CompletableFuture.uniComposeStage(CompletableFuture.java:981) ~[?:1.8.0_212]
	at java.util.concurrent.CompletableFuture.thenCompose(CompletableFuture.java:2124) ~[?:1.8.0_212]
	at org.apache.ratis.server.impl.RaftServerProxy.submitRequest(RaftServerProxy.java:327) ~[ratis-server-0.4.0-78e95b9-SNAPSHOT.jar:0.4.0-78e95b9-SNAPSHOT]
	at org.apache.ratis.server.impl.RaftServerProxy.submitClientRequestAsync(RaftServerProxy.java:333) ~[ratis-server-0.4.0-78e95b9-SNAPSHOT.jar:0.4.0-78e95b9-SNAPSHOT]
	at org.apache.ratis.grpc.client.GrpcClientProtocolService$RequestStreamObserver.processClientRequest(GrpcClientProtocolService.java:220) ~[ratis-grpc-0.4.0-78e95b9-SNAPSHOT.jar:0.4.0-78e95b9-SNAPSHOT]
	at org.apache.ratis.grpc.client.GrpcClientProtocolService$OrderedRequestStreamObserver.processClientRequest(GrpcClientProtocolService.java:326) ~[ratis-grpc-0.4.0-78e95b9-SNAPSHOT.jar:0.4.0-78e95b9-SNAPSHOT]
	at org.apache.ratis.util.SlidingWindow$Server.processRequestsFromHead(SlidingWindow.java:429) [ratis-common-0.4.0-78e95b9-SNAPSHOT.jar:0.4.0-78e95b9-SNAPSHOT]
	at org.apache.ratis.util.SlidingWindow$Server.receivedRequest(SlidingWindow.java:421) [ratis-common-0.4.0-78e95b9-SNAPSHOT.jar:0.4.0-78e95b9-SNAPSHOT]
	at org.apache.ratis.grpc.client.GrpcClientProtocolService$OrderedRequestStreamObserver.processClientRequest(GrpcClientProtocolService.java:345) [ratis-grpc-0.4.0-78e95b9-SNAPSHOT.jar:0.4.0-78e95b9-SNAPSHOT]
	at org.apache.ratis.grpc.client.GrpcClientProtocolService$RequestStreamObserver.onNext(GrpcClientProtocolService.java:240) [ratis-grpc-0.4.0-78e95b9-SNAPSHOT.jar:0.4.0-78e95b9-SNAPSHOT]
	at org.apache.ratis.grpc.client.GrpcClientProtocolService$RequestStreamObserver.onNext(GrpcClientProtocolService.java:168) [ratis-grpc-0.4.0-78e95b9-SNAPSHOT.jar:0.4.0-78e95b9-SNAPSHOT]
	at org.apache.ratis.thirdparty.io.grpc.stub.ServerCalls$StreamingServerCallHandler$StreamingServerCallListener.onMessage(ServerCalls.java:248) [ratis-thirdparty-misc-0.2.0.jar:0.2.0]
	at org.apache.ratis.thirdparty.io.grpc.internal.ServerCallImpl$ServerStreamListenerImpl.messagesAvailable(ServerCallImpl.java:263) [ratis-thirdparty-misc-0.2.0.jar:0.2.0]
	at org.apache.ratis.thirdparty.io.grpc.internal.ServerImpl$JumpToApplicationThreadServerStreamListener$1MessagesAvailable.runInContext(ServerImpl.java:686) [ratis-thirdparty-misc-0.2.0.jar:0.2.0]
	at org.apache.ratis.thirdparty.io.grpc.internal.ContextRunnable.run(ContextRunnable.java:37) [ratis-thirdparty-misc-0.2.0.jar:0.2.0]
	at org.apache.ratis.thirdparty.io.grpc.internal.SerializingExecutor.run(SerializingExecutor.java:123) [ratis-thirdparty-misc-0.2.0.jar:0.2.0]
	at java.util.concurrent.ThreadPoolExecutor.runWorker(ThreadPoolExecutor.java:1149) [?:1.8.0_212]
	at java.util.concurrent.ThreadPoolExecutor$Worker.run(ThreadPoolExecutor.java:624) [?:1.8.0_212]
	at java.lang.Thread.run(Thread.java:748) [?:1.8.0_212]
2019-09-04 17:20:19,058 [grpc-default-executor-16] INFO  client.GrpcClientProtocolClient (GrpcClientProtocolClient.java:onNext(264)) - client-ED6CAEC9DB00->305120e2-ed04-4093-b8eb-15d639fdaf7c: receive RaftClientReply:client-ED6CAEC9DB00->305120e2-ed04-4093-b8eb-15d639fdaf7c@group-D7045515CA6C, cid=193, FAILED org.apache.ratis.protocol.StateMachineException: org.apache.hadoop.hdds.scm.container.common.helpers.ContainerNotOpenException from Server 305120e2-ed04-4093-b8eb-15d639fdaf7c@group-D7045515CA6C: Container 1 in CLOSING state, logIndex=0, commits[305120e2-ed04-4093-b8eb-15d639fdaf7c:c18, 986dd48b-ab2d-4dda-bcfc-6b1c0b2b378a:c16, cb36962c-e1d1-471d-89a7-03694d45c07b:c17]
17:20:19.059 [grpc-default-executor-17] ERROR DNAudit - user=null | ip=null | op=WRITE_CHUNK {blockData=conID: 1 locID: 102735386928021518 bcsId: 14} | ret=FAILURE
org.apache.hadoop.hdds.scm.container.common.helpers.ContainerNotOpenException: Container 1 in CLOSING state
	at org.apache.hadoop.ozone.container.common.impl.HddsDispatcher.validateContainerCommand(HddsDispatcher.java:408) ~[hadoop-hdds-container-service-0.5.0-SNAPSHOT.jar:?]
	at org.apache.hadoop.ozone.container.common.transport.server.ratis.ContainerStateMachine.startTransaction(ContainerStateMachine.java:315) ~[hadoop-hdds-container-service-0.5.0-SNAPSHOT.jar:?]
	at org.apache.ratis.server.impl.RaftServerImpl.submitClientRequestAsync(RaftServerImpl.java:573) ~[ratis-server-0.4.0-78e95b9-SNAPSHOT.jar:0.4.0-78e95b9-SNAPSHOT]
	at org.apache.ratis.server.impl.RaftServerProxy.lambda$submitClientRequestAsync$7(RaftServerProxy.java:333) ~[ratis-server-0.4.0-78e95b9-SNAPSHOT.jar:0.4.0-78e95b9-SNAPSHOT]
	at org.apache.ratis.server.impl.RaftServerProxy.lambda$null$5(RaftServerProxy.java:328) ~[ratis-server-0.4.0-78e95b9-SNAPSHOT.jar:0.4.0-78e95b9-SNAPSHOT]
	at org.apache.ratis.util.JavaUtils.callAsUnchecked(JavaUtils.java:109) ~[ratis-common-0.4.0-78e95b9-SNAPSHOT.jar:0.4.0-78e95b9-SNAPSHOT]
	at org.apache.ratis.server.impl.RaftServerProxy.lambda$submitRequest$6(RaftServerProxy.java:328) ~[ratis-server-0.4.0-78e95b9-SNAPSHOT.jar:0.4.0-78e95b9-SNAPSHOT]
	at java.util.concurrent.CompletableFuture.uniComposeStage(CompletableFuture.java:981) ~[?:1.8.0_212]
	at java.util.concurrent.CompletableFuture.thenCompose(CompletableFuture.java:2124) ~[?:1.8.0_212]
	at org.apache.ratis.server.impl.RaftServerProxy.submitRequest(RaftServerProxy.java:327) ~[ratis-server-0.4.0-78e95b9-SNAPSHOT.jar:0.4.0-78e95b9-SNAPSHOT]
	at org.apache.ratis.server.impl.RaftServerProxy.submitClientRequestAsync(RaftServerProxy.java:333) ~[ratis-server-0.4.0-78e95b9-SNAPSHOT.jar:0.4.0-78e95b9-SNAPSHOT]
	at org.apache.ratis.grpc.client.GrpcClientProtocolService$RequestStreamObserver.processClientRequest(GrpcClientProtocolService.java:220) ~[ratis-grpc-0.4.0-78e95b9-SNAPSHOT.jar:0.4.0-78e95b9-SNAPSHOT]
	at org.apache.ratis.grpc.client.GrpcClientProtocolService$OrderedRequestStreamObserver.processClientRequest(GrpcClientProtocolService.java:326) ~[ratis-grpc-0.4.0-78e95b9-SNAPSHOT.jar:0.4.0-78e95b9-SNAPSHOT]
	at org.apache.ratis.util.SlidingWindow$Server.processRequestsFromHead(SlidingWindow.java:429) [ratis-common-0.4.0-78e95b9-SNAPSHOT.jar:0.4.0-78e95b9-SNAPSHOT]
	at org.apache.ratis.util.SlidingWindow$Server.receivedRequest(SlidingWindow.java:421) [ratis-common-0.4.0-78e95b9-SNAPSHOT.jar:0.4.0-78e95b9-SNAPSHOT]
	at org.apache.ratis.grpc.client.GrpcClientProtocolService$OrderedRequestStreamObserver.processClientRequest(GrpcClientProtocolService.java:345) [ratis-grpc-0.4.0-78e95b9-SNAPSHOT.jar:0.4.0-78e95b9-SNAPSHOT]
	at org.apache.ratis.grpc.client.GrpcClientProtocolService$RequestStreamObserver.onNext(GrpcClientProtocolService.java:240) [ratis-grpc-0.4.0-78e95b9-SNAPSHOT.jar:0.4.0-78e95b9-SNAPSHOT]
	at org.apache.ratis.grpc.client.GrpcClientProtocolService$RequestStreamObserver.onNext(GrpcClientProtocolService.java:168) [ratis-grpc-0.4.0-78e95b9-SNAPSHOT.jar:0.4.0-78e95b9-SNAPSHOT]
	at org.apache.ratis.thirdparty.io.grpc.stub.ServerCalls$StreamingServerCallHandler$StreamingServerCallListener.onMessage(ServerCalls.java:248) [ratis-thirdparty-misc-0.2.0.jar:0.2.0]
	at org.apache.ratis.thirdparty.io.grpc.internal.ServerCallImpl$ServerStreamListenerImpl.messagesAvailable(ServerCallImpl.java:263) [ratis-thirdparty-misc-0.2.0.jar:0.2.0]
	at org.apache.ratis.thirdparty.io.grpc.internal.ServerImpl$JumpToApplicationThreadServerStreamListener$1MessagesAvailable.runInContext(ServerImpl.java:686) [ratis-thirdparty-misc-0.2.0.jar:0.2.0]
	at org.apache.ratis.thirdparty.io.grpc.internal.ContextRunnable.run(ContextRunnable.java:37) [ratis-thirdparty-misc-0.2.0.jar:0.2.0]
	at org.apache.ratis.thirdparty.io.grpc.internal.SerializingExecutor.run(SerializingExecutor.java:123) [ratis-thirdparty-misc-0.2.0.jar:0.2.0]
	at java.util.concurrent.ThreadPoolExecutor.runWorker(ThreadPoolExecutor.java:1149) [?:1.8.0_212]
	at java.util.concurrent.ThreadPoolExecutor$Worker.run(ThreadPoolExecutor.java:624) [?:1.8.0_212]
	at java.lang.Thread.run(Thread.java:748) [?:1.8.0_212]
2019-09-04 17:20:19,059 [grpc-default-executor-16] INFO  client.GrpcClientProtocolClient (GrpcClientProtocolClient.java:onNext(264)) - client-ED6CAEC9DB00->305120e2-ed04-4093-b8eb-15d639fdaf7c: receive RaftClientReply:client-ED6CAEC9DB00->305120e2-ed04-4093-b8eb-15d639fdaf7c@group-D7045515CA6C, cid=194, FAILED org.apache.ratis.protocol.StateMachineException: org.apache.hadoop.hdds.scm.container.common.helpers.ContainerNotOpenException from Server 305120e2-ed04-4093-b8eb-15d639fdaf7c@group-D7045515CA6C: Container 1 in CLOSING state, logIndex=0, commits[305120e2-ed04-4093-b8eb-15d639fdaf7c:c18, 986dd48b-ab2d-4dda-bcfc-6b1c0b2b378a:c16, cb36962c-e1d1-471d-89a7-03694d45c07b:c17]
17:20:19.060 [grpc-default-executor-17] ERROR DNAudit - user=null | ip=null | op=WRITE_CHUNK {blockData=conID: 1 locID: 102735386928021518 bcsId: 14} | ret=FAILURE
org.apache.hadoop.hdds.scm.container.common.helpers.ContainerNotOpenException: Container 1 in CLOSING state
	at org.apache.hadoop.ozone.container.common.impl.HddsDispatcher.validateContainerCommand(HddsDispatcher.java:408) ~[hadoop-hdds-container-service-0.5.0-SNAPSHOT.jar:?]
	at org.apache.hadoop.ozone.container.common.transport.server.ratis.ContainerStateMachine.startTransaction(ContainerStateMachine.java:315) ~[hadoop-hdds-container-service-0.5.0-SNAPSHOT.jar:?]
	at org.apache.ratis.server.impl.RaftServerImpl.submitClientRequestAsync(RaftServerImpl.java:573) ~[ratis-server-0.4.0-78e95b9-SNAPSHOT.jar:0.4.0-78e95b9-SNAPSHOT]
	at org.apache.ratis.server.impl.RaftServerProxy.lambda$submitClientRequestAsync$7(RaftServerProxy.java:333) ~[ratis-server-0.4.0-78e95b9-SNAPSHOT.jar:0.4.0-78e95b9-SNAPSHOT]
	at org.apache.ratis.server.impl.RaftServerProxy.lambda$null$5(RaftServerProxy.java:328) ~[ratis-server-0.4.0-78e95b9-SNAPSHOT.jar:0.4.0-78e95b9-SNAPSHOT]
	at org.apache.ratis.util.JavaUtils.callAsUnchecked(JavaUtils.java:109) ~[ratis-common-0.4.0-78e95b9-SNAPSHOT.jar:0.4.0-78e95b9-SNAPSHOT]
	at org.apache.ratis.server.impl.RaftServerProxy.lambda$submitRequest$6(RaftServerProxy.java:328) ~[ratis-server-0.4.0-78e95b9-SNAPSHOT.jar:0.4.0-78e95b9-SNAPSHOT]
	at java.util.concurrent.CompletableFuture.uniComposeStage(CompletableFuture.java:981) ~[?:1.8.0_212]
	at java.util.concurrent.CompletableFuture.thenCompose(CompletableFuture.java:2124) ~[?:1.8.0_212]
	at org.apache.ratis.server.impl.RaftServerProxy.submitRequest(RaftServerProxy.java:327) ~[ratis-server-0.4.0-78e95b9-SNAPSHOT.jar:0.4.0-78e95b9-SNAPSHOT]
	at org.apache.ratis.server.impl.RaftServerProxy.submitClientRequestAsync(RaftServerProxy.java:333) ~[ratis-server-0.4.0-78e95b9-SNAPSHOT.jar:0.4.0-78e95b9-SNAPSHOT]
	at org.apache.ratis.grpc.client.GrpcClientProtocolService$RequestStreamObserver.processClientRequest(GrpcClientProtocolService.java:220) ~[ratis-grpc-0.4.0-78e95b9-SNAPSHOT.jar:0.4.0-78e95b9-SNAPSHOT]
	at org.apache.ratis.grpc.client.GrpcClientProtocolService$OrderedRequestStreamObserver.processClientRequest(GrpcClientProtocolService.java:326) ~[ratis-grpc-0.4.0-78e95b9-SNAPSHOT.jar:0.4.0-78e95b9-SNAPSHOT]
	at org.apache.ratis.util.SlidingWindow$Server.processRequestsFromHead(SlidingWindow.java:429) [ratis-common-0.4.0-78e95b9-SNAPSHOT.jar:0.4.0-78e95b9-SNAPSHOT]
	at org.apache.ratis.util.SlidingWindow$Server.receivedRequest(SlidingWindow.java:421) [ratis-common-0.4.0-78e95b9-SNAPSHOT.jar:0.4.0-78e95b9-SNAPSHOT]
	at org.apache.ratis.grpc.client.GrpcClientProtocolService$OrderedRequestStreamObserver.processClientRequest(GrpcClientProtocolService.java:345) [ratis-grpc-0.4.0-78e95b9-SNAPSHOT.jar:0.4.0-78e95b9-SNAPSHOT]
	at org.apache.ratis.grpc.client.GrpcClientProtocolService$RequestStreamObserver.onNext(GrpcClientProtocolService.java:240) [ratis-grpc-0.4.0-78e95b9-SNAPSHOT.jar:0.4.0-78e95b9-SNAPSHOT]
	at org.apache.ratis.grpc.client.GrpcClientProtocolService$RequestStreamObserver.onNext(GrpcClientProtocolService.java:168) [ratis-grpc-0.4.0-78e95b9-SNAPSHOT.jar:0.4.0-78e95b9-SNAPSHOT]
	at org.apache.ratis.thirdparty.io.grpc.stub.ServerCalls$StreamingServerCallHandler$StreamingServerCallListener.onMessage(ServerCalls.java:248) [ratis-thirdparty-misc-0.2.0.jar:0.2.0]
	at org.apache.ratis.thirdparty.io.grpc.internal.ServerCallImpl$ServerStreamListenerImpl.messagesAvailable(ServerCallImpl.java:263) [ratis-thirdparty-misc-0.2.0.jar:0.2.0]
	at org.apache.ratis.thirdparty.io.grpc.internal.ServerImpl$JumpToApplicationThreadServerStreamListener$1MessagesAvailable.runInContext(ServerImpl.java:686) [ratis-thirdparty-misc-0.2.0.jar:0.2.0]
	at org.apache.ratis.thirdparty.io.grpc.internal.ContextRunnable.run(ContextRunnable.java:37) [ratis-thirdparty-misc-0.2.0.jar:0.2.0]
	at org.apache.ratis.thirdparty.io.grpc.internal.SerializingExecutor.run(SerializingExecutor.java:123) [ratis-thirdparty-misc-0.2.0.jar:0.2.0]
	at java.util.concurrent.ThreadPoolExecutor.runWorker(ThreadPoolExecutor.java:1149) [?:1.8.0_212]
	at java.util.concurrent.ThreadPoolExecutor$Worker.run(ThreadPoolExecutor.java:624) [?:1.8.0_212]
	at java.lang.Thread.run(Thread.java:748) [?:1.8.0_212]
2019-09-04 17:20:19,068 [grpc-default-executor-16] INFO  client.GrpcClientProtocolClient (GrpcClientProtocolClient.java:onNext(264)) - client-ED6CAEC9DB00->305120e2-ed04-4093-b8eb-15d639fdaf7c: receive RaftClientReply:client-ED6CAEC9DB00->305120e2-ed04-4093-b8eb-15d639fdaf7c@group-D7045515CA6C, cid=195, FAILED org.apache.ratis.protocol.StateMachineException: org.apache.hadoop.hdds.scm.container.common.helpers.ContainerNotOpenException from Server 305120e2-ed04-4093-b8eb-15d639fdaf7c@group-D7045515CA6C: Container 1 in CLOSING state, logIndex=0, commits[305120e2-ed04-4093-b8eb-15d639fdaf7c:c18, 986dd48b-ab2d-4dda-bcfc-6b1c0b2b378a:c16, cb36962c-e1d1-471d-89a7-03694d45c07b:c17]
2019-09-04 17:20:19,069 [grpc-default-executor-16] INFO  client.GrpcClientProtocolClient (GrpcClientProtocolClient.java:onNext(264)) - client-ED6CAEC9DB00->305120e2-ed04-4093-b8eb-15d639fdaf7c: receive RaftClientReply:client-ED6CAEC9DB00->305120e2-ed04-4093-b8eb-15d639fdaf7c@group-D7045515CA6C, cid=196, FAILED org.apache.ratis.protocol.StateMachineException: org.apache.hadoop.hdds.scm.container.common.helpers.ContainerNotOpenException from Server 305120e2-ed04-4093-b8eb-15d639fdaf7c@group-D7045515CA6C: Container 1 in CLOSING state, logIndex=0, commits[305120e2-ed04-4093-b8eb-15d639fdaf7c:c18, 986dd48b-ab2d-4dda-bcfc-6b1c0b2b378a:c16, cb36962c-e1d1-471d-89a7-03694d45c07b:c17]
17:20:19.069 [grpc-default-executor-17] ERROR DNAudit - user=null | ip=null | op=PUT_BLOCK {blockData=[blockId=conID: 1 locID: 102735386928021518 bcsId: 0,size=800]} | ret=FAILURE
org.apache.hadoop.hdds.scm.container.common.helpers.ContainerNotOpenException: Container 1 in CLOSING state
	at org.apache.hadoop.ozone.container.common.impl.HddsDispatcher.validateContainerCommand(HddsDispatcher.java:408) ~[hadoop-hdds-container-service-0.5.0-SNAPSHOT.jar:?]
	at org.apache.hadoop.ozone.container.common.transport.server.ratis.ContainerStateMachine.startTransaction(ContainerStateMachine.java:315) ~[hadoop-hdds-container-service-0.5.0-SNAPSHOT.jar:?]
	at org.apache.ratis.server.impl.RaftServerImpl.submitClientRequestAsync(RaftServerImpl.java:573) ~[ratis-server-0.4.0-78e95b9-SNAPSHOT.jar:0.4.0-78e95b9-SNAPSHOT]
	at org.apache.ratis.server.impl.RaftServerProxy.lambda$submitClientRequestAsync$7(RaftServerProxy.java:333) ~[ratis-server-0.4.0-78e95b9-SNAPSHOT.jar:0.4.0-78e95b9-SNAPSHOT]
	at org.apache.ratis.server.impl.RaftServerProxy.lambda$null$5(RaftServerProxy.java:328) ~[ratis-server-0.4.0-78e95b9-SNAPSHOT.jar:0.4.0-78e95b9-SNAPSHOT]
	at org.apache.ratis.util.JavaUtils.callAsUnchecked(JavaUtils.java:109) ~[ratis-common-0.4.0-78e95b9-SNAPSHOT.jar:0.4.0-78e95b9-SNAPSHOT]
	at org.apache.ratis.server.impl.RaftServerProxy.lambda$submitRequest$6(RaftServerProxy.java:328) ~[ratis-server-0.4.0-78e95b9-SNAPSHOT.jar:0.4.0-78e95b9-SNAPSHOT]
	at java.util.concurrent.CompletableFuture.uniComposeStage(CompletableFuture.java:981) ~[?:1.8.0_212]
	at java.util.concurrent.CompletableFuture.thenCompose(CompletableFuture.java:2124) ~[?:1.8.0_212]
	at org.apache.ratis.server.impl.RaftServerProxy.submitRequest(RaftServerProxy.java:327) ~[ratis-server-0.4.0-78e95b9-SNAPSHOT.jar:0.4.0-78e95b9-SNAPSHOT]
	at org.apache.ratis.server.impl.RaftServerProxy.submitClientRequestAsync(RaftServerProxy.java:333) ~[ratis-server-0.4.0-78e95b9-SNAPSHOT.jar:0.4.0-78e95b9-SNAPSHOT]
	at org.apache.ratis.grpc.client.GrpcClientProtocolService$RequestStreamObserver.processClientRequest(GrpcClientProtocolService.java:220) ~[ratis-grpc-0.4.0-78e95b9-SNAPSHOT.jar:0.4.0-78e95b9-SNAPSHOT]
	at org.apache.ratis.grpc.client.GrpcClientProtocolService$OrderedRequestStreamObserver.processClientRequest(GrpcClientProtocolService.java:326) ~[ratis-grpc-0.4.0-78e95b9-SNAPSHOT.jar:0.4.0-78e95b9-SNAPSHOT]
	at org.apache.ratis.util.SlidingWindow$Server.processRequestsFromHead(SlidingWindow.java:429) [ratis-common-0.4.0-78e95b9-SNAPSHOT.jar:0.4.0-78e95b9-SNAPSHOT]
	at org.apache.ratis.util.SlidingWindow$Server.receivedRequest(SlidingWindow.java:421) [ratis-common-0.4.0-78e95b9-SNAPSHOT.jar:0.4.0-78e95b9-SNAPSHOT]
	at org.apache.ratis.grpc.client.GrpcClientProtocolService$OrderedRequestStreamObserver.processClientRequest(GrpcClientProtocolService.java:345) [ratis-grpc-0.4.0-78e95b9-SNAPSHOT.jar:0.4.0-78e95b9-SNAPSHOT]
	at org.apache.ratis.grpc.client.GrpcClientProtocolService$RequestStreamObserver.onNext(GrpcClientProtocolService.java:240) [ratis-grpc-0.4.0-78e95b9-SNAPSHOT.jar:0.4.0-78e95b9-SNAPSHOT]
	at org.apache.ratis.grpc.client.GrpcClientProtocolService$RequestStreamObserver.onNext(GrpcClientProtocolService.java:168) [ratis-grpc-0.4.0-78e95b9-SNAPSHOT.jar:0.4.0-78e95b9-SNAPSHOT]
	at org.apache.ratis.thirdparty.io.grpc.stub.ServerCalls$StreamingServerCallHandler$StreamingServerCallListener.onMessage(ServerCalls.java:248) [ratis-thirdparty-misc-0.2.0.jar:0.2.0]
	at org.apache.ratis.thirdparty.io.grpc.internal.ServerCallImpl$ServerStreamListenerImpl.messagesAvailable(ServerCallImpl.java:263) [ratis-thirdparty-misc-0.2.0.jar:0.2.0]
	at org.apache.ratis.thirdparty.io.grpc.internal.ServerImpl$JumpToApplicationThreadServerStreamListener$1MessagesAvailable.runInContext(ServerImpl.java:686) [ratis-thirdparty-misc-0.2.0.jar:0.2.0]
	at org.apache.ratis.thirdparty.io.grpc.internal.ContextRunnable.run(ContextRunnable.java:37) [ratis-thirdparty-misc-0.2.0.jar:0.2.0]
	at org.apache.ratis.thirdparty.io.grpc.internal.SerializingExecutor.run(SerializingExecutor.java:123) [ratis-thirdparty-misc-0.2.0.jar:0.2.0]
	at java.util.concurrent.ThreadPoolExecutor.runWorker(ThreadPoolExecutor.java:1149) [?:1.8.0_212]
	at java.util.concurrent.ThreadPoolExecutor$Worker.run(ThreadPoolExecutor.java:624) [?:1.8.0_212]
	at java.lang.Thread.run(Thread.java:748) [?:1.8.0_212]
2019-09-04 17:20:19,083 [grpc-default-executor-17] INFO  client.GrpcClientProtocolClient (GrpcClientProtocolClient.java:onNext(264)) - client-ED6CAEC9DB00->305120e2-ed04-4093-b8eb-15d639fdaf7c: receive RaftClientReply:client-ED6CAEC9DB00->305120e2-ed04-4093-b8eb-15d639fdaf7c@group-D7045515CA6C, cid=197, FAILED org.apache.ratis.protocol.StateMachineException: org.apache.hadoop.hdds.scm.container.common.helpers.ContainerNotOpenException from Server 305120e2-ed04-4093-b8eb-15d639fdaf7c@group-D7045515CA6C: Container 1 in CLOSING state, logIndex=0, commits[305120e2-ed04-4093-b8eb-15d639fdaf7c:c18, 986dd48b-ab2d-4dda-bcfc-6b1c0b2b378a:c16, cb36962c-e1d1-471d-89a7-03694d45c07b:c17]
2019-09-04 17:20:19,254 [grpc-default-executor-17] INFO  client.GrpcClientProtocolClient (GrpcClientProtocolClient.java:onNext(264)) - client-B3845D36D3F9->80fd7bfd-9dae-4508-ab2c-21300ce3d3c9: receive RaftClientReply:client-B3845D36D3F9->80fd7bfd-9dae-4508-ab2c-21300ce3d3c9@group-37943A23133D, cid=198, SUCCESS, logIndex=1, commits[80fd7bfd-9dae-4508-ab2c-21300ce3d3c9:c1, fa649949-58de-4ced-9a7b-783533430b79:c0, a216e3c9-ad4a-49a6-bccb-13260cb54294:c0]
2019-09-04 17:20:19,268 [grpc-default-executor-17] INFO  client.GrpcClientProtocolClient (GrpcClientProtocolClient.java:onNext(264)) - client-B3845D36D3F9->80fd7bfd-9dae-4508-ab2c-21300ce3d3c9: receive RaftClientReply:client-B3845D36D3F9->80fd7bfd-9dae-4508-ab2c-21300ce3d3c9@group-37943A23133D, cid=199, SUCCESS, logIndex=3, commits[80fd7bfd-9dae-4508-ab2c-21300ce3d3c9:c4, fa649949-58de-4ced-9a7b-783533430b79:c1, a216e3c9-ad4a-49a6-bccb-13260cb54294:c1]
2019-09-04 17:20:19,301 [grpc-default-executor-17] INFO  client.GrpcClientProtocolClient (GrpcClientProtocolClient.java:onNext(264)) - client-B3845D36D3F9->80fd7bfd-9dae-4508-ab2c-21300ce3d3c9: receive RaftClientReply:client-B3845D36D3F9->80fd7bfd-9dae-4508-ab2c-21300ce3d3c9@group-37943A23133D, cid=200, SUCCESS, logIndex=4, commits[80fd7bfd-9dae-4508-ab2c-21300ce3d3c9:c12, fa649949-58de-4ced-9a7b-783533430b79:c7, a216e3c9-ad4a-49a6-bccb-13260cb54294:c7]
2019-09-04 17:20:19,302 [grpc-default-executor-17] INFO  client.GrpcClientProtocolClient (GrpcClientProtocolClient.java:onNext(264)) - client-B3845D36D3F9->80fd7bfd-9dae-4508-ab2c-21300ce3d3c9: receive RaftClientReply:client-B3845D36D3F9->80fd7bfd-9dae-4508-ab2c-21300ce3d3c9@group-37943A23133D, cid=201, SUCCESS, logIndex=5, commits[80fd7bfd-9dae-4508-ab2c-21300ce3d3c9:c12, fa649949-58de-4ced-9a7b-783533430b79:c7, a216e3c9-ad4a-49a6-bccb-13260cb54294:c7]
2019-09-04 17:20:19,302 [grpc-default-executor-17] INFO  client.GrpcClientProtocolClient (GrpcClientProtocolClient.java:onNext(264)) - client-B3845D36D3F9->80fd7bfd-9dae-4508-ab2c-21300ce3d3c9: receive RaftClientReply:client-B3845D36D3F9->80fd7bfd-9dae-4508-ab2c-21300ce3d3c9@group-37943A23133D, cid=202, SUCCESS, logIndex=6, commits[80fd7bfd-9dae-4508-ab2c-21300ce3d3c9:c12, fa649949-58de-4ced-9a7b-783533430b79:c7, a216e3c9-ad4a-49a6-bccb-13260cb54294:c7]
2019-09-04 17:20:19,368 [grpc-default-executor-17] INFO  client.GrpcClientProtocolClient (GrpcClientProtocolClient.java:onNext(264)) - client-B3845D36D3F9->80fd7bfd-9dae-4508-ab2c-21300ce3d3c9: receive RaftClientReply:client-B3845D36D3F9->80fd7bfd-9dae-4508-ab2c-21300ce3d3c9@group-37943A23133D, cid=203, SUCCESS, logIndex=7, commits[80fd7bfd-9dae-4508-ab2c-21300ce3d3c9:c12, fa649949-58de-4ced-9a7b-783533430b79:c7, a216e3c9-ad4a-49a6-bccb-13260cb54294:c7]
2019-09-04 17:20:19,378 [grpc-default-executor-16] INFO  client.GrpcClientProtocolClient (GrpcClientProtocolClient.java:onNext(264)) - client-B3845D36D3F9->80fd7bfd-9dae-4508-ab2c-21300ce3d3c9: receive RaftClientReply:client-B3845D36D3F9->80fd7bfd-9dae-4508-ab2c-21300ce3d3c9@group-37943A23133D, cid=204, SUCCESS, logIndex=13, commits[80fd7bfd-9dae-4508-ab2c-21300ce3d3c9:c14, fa649949-58de-4ced-9a7b-783533430b79:c12, a216e3c9-ad4a-49a6-bccb-13260cb54294:c7]
2019-09-04 17:20:19,381 [grpc-default-executor-16] INFO  client.GrpcClientProtocolClient (GrpcClientProtocolClient.java:onNext(264)) - client-B3845D36D3F9->80fd7bfd-9dae-4508-ab2c-21300ce3d3c9: receive RaftClientReply:client-B3845D36D3F9->80fd7bfd-9dae-4508-ab2c-21300ce3d3c9@group-37943A23133D, cid=205, SUCCESS, logIndex=14, commits[80fd7bfd-9dae-4508-ab2c-21300ce3d3c9:c14, fa649949-58de-4ced-9a7b-783533430b79:c12, a216e3c9-ad4a-49a6-bccb-13260cb54294:c7]
2019-09-04 17:20:19,387 [grpc-default-executor-16] INFO  client.GrpcClientProtocolClient (GrpcClientProtocolClient.java:onNext(264)) - client-B3845D36D3F9->80fd7bfd-9dae-4508-ab2c-21300ce3d3c9: receive RaftClientReply:client-B3845D36D3F9->80fd7bfd-9dae-4508-ab2c-21300ce3d3c9@group-37943A23133D, cid=206, SUCCESS, logIndex=0, commits[80fd7bfd-9dae-4508-ab2c-21300ce3d3c9:c16, fa649949-58de-4ced-9a7b-783533430b79:c14, a216e3c9-ad4a-49a6-bccb-13260cb54294:c14]
2019-09-04 17:20:19,388 [main] INFO  ozone.MiniOzoneClusterImpl (MiniOzoneClusterImpl.java:shutdown(307)) - Shutting down the Mini Ozone Cluster
2019-09-04 17:20:19,388 [main] INFO  ozone.MiniOzoneClusterImpl (MiniOzoneClusterImpl.java:stop(322)) - Stopping the Mini Ozone Cluster
2019-09-04 17:20:19,389 [main] INFO  ozone.MiniOzoneClusterImpl (MiniOzoneClusterImpl.java:stop(324)) - Stopping the OzoneManager
2019-09-04 17:20:19,389 [main] INFO  ipc.Server (Server.java:stop(3082)) - Stopping server on 33434
2019-09-04 17:20:19,402 [IPC Server listener on 33434] INFO  ipc.Server (Server.java:run(1185)) - Stopping IPC Server listener on 33434
2019-09-04 17:20:19,404 [main] INFO  ratis.OzoneManagerDoubleBuffer (OzoneManagerDoubleBuffer.java:stop(248)) - Stopping OMDoubleBuffer flush thread
2019-09-04 17:20:19,408 [IPC Server Responder] INFO  ipc.Server (Server.java:run(1319)) - Stopping IPC Server Responder
2019-09-04 17:20:19,418 [OMDoubleBufferFlushThread] INFO  ratis.OzoneManagerDoubleBuffer (OzoneManagerDoubleBuffer.java:flushTransactions(191)) - OMDoubleBuffer flush thread OMDoubleBufferFlushThread is interrupted and will exit. OMDoubleBufferFlushThread
2019-09-04 17:20:19,418 [main] INFO  utils.BackgroundService (BackgroundService.java:shutdown(148)) - Shutting down service KeyDeletingService
2019-09-04 17:20:19,420 [main] INFO  handler.ContextHandler (ContextHandler.java:doStop(910)) - Stopped o.e.j.w.WebAppContext@b1b471{/,null,UNAVAILABLE}{/ozoneManager}
2019-09-04 17:20:19,421 [main] INFO  server.AbstractConnector (AbstractConnector.java:doStop(318)) - Stopped ServerConnector@526f6427{HTTP/1.1,[http/1.1]}{0.0.0.0:0}
2019-09-04 17:20:19,421 [main] INFO  handler.ContextHandler (ContextHandler.java:doStop(910)) - Stopped o.e.j.s.ServletContextHandler@5b02a984{/static,file:///workdir/hadoop-ozone/integration-test/target/test-classes/webapps/static,UNAVAILABLE}
2019-09-04 17:20:19,421 [main] INFO  handler.ContextHandler (ContextHandler.java:doStop(910)) - Stopped o.e.j.s.ServletContextHandler@2db86a7c{/logs,file:///workdir/hadoop-ozone/integration-test/target/log,UNAVAILABLE}
2019-09-04 17:20:19,445 [main] INFO  ozone.MiniOzoneClusterImpl (MiniOzoneClusterImpl.java:stop(330)) - Shutting the HddsDatanodes
2019-09-04 17:20:19,639 [Datanode State Machine Thread - 0] INFO  statemachine.DatanodeStateMachine (DatanodeStateMachine.java:lambda$startDaemon$0(350)) - Ozone container server started.
2019-09-04 17:20:20,235 [Datanode State Machine Thread - 0] INFO  statemachine.DatanodeStateMachine (DatanodeStateMachine.java:lambda$startDaemon$0(350)) - Ozone container server started.
2019-09-04 17:20:21,506 [grpc-default-executor-16] WARN  server.GrpcLogAppender (LogUtils.java:warn(134)) - 305120e2-ed04-4093-b8eb-15d639fdaf7c@group-D7045515CA6C->986dd48b-ab2d-4dda-bcfc-6b1c0b2b378a-AppendLogResponseHandler: Failed appendEntries: org.apache.ratis.thirdparty.io.grpc.StatusRuntimeException: UNAVAILABLE: io exception
2019-09-04 17:20:21,506 [grpc-default-executor-16] INFO  impl.FollowerInfo (FollowerInfo.java:lambda$new$0(51)) - 305120e2-ed04-4093-b8eb-15d639fdaf7c@group-D7045515CA6C->986dd48b-ab2d-4dda-bcfc-6b1c0b2b378a: nextIndex: updateUnconditionally 1 -> 0
2019-09-04 17:20:23,647 [EventQueue-StaleNodeForStaleNodeHandler] INFO  node.StaleNodeHandler (StaleNodeHandler.java:onMessage(58)) - Datanode 305120e2-ed04-4093-b8eb-15d639fdaf7c{ip: 192.168.34.57, host: pr-hdds-1561-mdkws-1819952476, networkLocation: /default-rack, certSerialId: null} moved to stale state. Finalizing its pipelines [PipelineID=8e7d82c8-c8cc-40a3-9dc5-d7045515ca6c, PipelineID=f7f61099-ee22-4b0a-812a-8b2dc41fda21]
2019-09-04 17:20:23,648 [EventQueue-StaleNodeForStaleNodeHandler] INFO  pipeline.SCMPipelineManager (SCMPipelineManager.java:finalizeAndDestroyPipeline(309)) - destroying pipeline:Pipeline[ Id: 8e7d82c8-c8cc-40a3-9dc5-d7045515ca6c, Nodes: 986dd48b-ab2d-4dda-bcfc-6b1c0b2b378a{ip: 192.168.34.57, host: pr-hdds-1561-mdkws-1819952476, networkLocation: /default-rack, certSerialId: null}cb36962c-e1d1-471d-89a7-03694d45c07b{ip: 192.168.34.57, host: pr-hdds-1561-mdkws-1819952476, networkLocation: /default-rack, certSerialId: null}305120e2-ed04-4093-b8eb-15d639fdaf7c{ip: 192.168.34.57, host: pr-hdds-1561-mdkws-1819952476, networkLocation: /default-rack, certSerialId: null}, Type:RATIS, Factor:THREE, State:CLOSED]
2019-09-04 17:20:23,649 [EventQueue-StaleNodeForStaleNodeHandler] INFO  pipeline.SCMPipelineManager (SCMPipelineManager.java:finalizeAndDestroyPipeline(309)) - destroying pipeline:Pipeline[ Id: f7f61099-ee22-4b0a-812a-8b2dc41fda21, Nodes: 305120e2-ed04-4093-b8eb-15d639fdaf7c{ip: 192.168.34.57, host: pr-hdds-1561-mdkws-1819952476, networkLocation: /default-rack, certSerialId: null}, Type:RATIS, Factor:ONE, State:OPEN]
2019-09-04 17:20:23,650 [EventQueue-StaleNodeForStaleNodeHandler] INFO  pipeline.PipelineStateManager (PipelineStateManager.java:finalizePipeline(123)) - Pipeline Pipeline[ Id: f7f61099-ee22-4b0a-812a-8b2dc41fda21, Nodes: 305120e2-ed04-4093-b8eb-15d639fdaf7c{ip: 192.168.34.57, host: pr-hdds-1561-mdkws-1819952476, networkLocation: /default-rack, certSerialId: null}, Type:RATIS, Factor:ONE, State:CLOSED] moved to CLOSED state
2019-09-04 17:20:24,012 [grpc-default-executor-16] WARN  server.GrpcLogAppender (LogUtils.java:warn(134)) - 305120e2-ed04-4093-b8eb-15d639fdaf7c@group-D7045515CA6C->986dd48b-ab2d-4dda-bcfc-6b1c0b2b378a-AppendLogResponseHandler: Failed appendEntries: org.apache.ratis.thirdparty.io.grpc.StatusRuntimeException: UNAVAILABLE: io exception
2019-09-04 17:20:24,019 [grpc-default-executor-16] INFO  impl.FollowerInfo (FollowerInfo.java:lambda$new$0(51)) - 305120e2-ed04-4093-b8eb-15d639fdaf7c@group-D7045515CA6C->986dd48b-ab2d-4dda-bcfc-6b1c0b2b378a: nextIndex: updateUnconditionally 0 -> 0
2019-09-04 17:20:24,247 [EventQueue-StaleNodeForStaleNodeHandler] INFO  node.StaleNodeHandler (StaleNodeHandler.java:onMessage(58)) - Datanode fa649949-58de-4ced-9a7b-783533430b79{ip: 192.168.34.57, host: pr-hdds-1561-mdkws-1819952476, networkLocation: /default-rack, certSerialId: null} moved to stale state. Finalizing its pipelines [PipelineID=b6b8e654-9ea8-4537-bd0d-248fc2046289, PipelineID=16c32039-ea6a-460e-803a-37943a23133d]
2019-09-04 17:20:24,248 [EventQueue-StaleNodeForStaleNodeHandler] INFO  pipeline.SCMPipelineManager (SCMPipelineManager.java:finalizeAndDestroyPipeline(309)) - destroying pipeline:Pipeline[ Id: b6b8e654-9ea8-4537-bd0d-248fc2046289, Nodes: fa649949-58de-4ced-9a7b-783533430b79{ip: 192.168.34.57, host: pr-hdds-1561-mdkws-1819952476, networkLocation: /default-rack, certSerialId: null}, Type:RATIS, Factor:ONE, State:OPEN]
2019-09-04 17:20:24,248 [EventQueue-StaleNodeForStaleNodeHandler] INFO  pipeline.PipelineStateManager (PipelineStateManager.java:finalizePipeline(123)) - Pipeline Pipeline[ Id: b6b8e654-9ea8-4537-bd0d-248fc2046289, Nodes: fa649949-58de-4ced-9a7b-783533430b79{ip: 192.168.34.57, host: pr-hdds-1561-mdkws-1819952476, networkLocation: /default-rack, certSerialId: null}, Type:RATIS, Factor:ONE, State:CLOSED] moved to CLOSED state
2019-09-04 17:20:24,248 [EventQueue-StaleNodeForStaleNodeHandler] INFO  pipeline.SCMPipelineManager (SCMPipelineManager.java:finalizeAndDestroyPipeline(309)) - destroying pipeline:Pipeline[ Id: 16c32039-ea6a-460e-803a-37943a23133d, Nodes: 80fd7bfd-9dae-4508-ab2c-21300ce3d3c9{ip: 192.168.34.57, host: pr-hdds-1561-mdkws-1819952476, networkLocation: /default-rack, certSerialId: null}fa649949-58de-4ced-9a7b-783533430b79{ip: 192.168.34.57, host: pr-hdds-1561-mdkws-1819952476, networkLocation: /default-rack, certSerialId: null}a216e3c9-ad4a-49a6-bccb-13260cb54294{ip: 192.168.34.57, host: pr-hdds-1561-mdkws-1819952476, networkLocation: /default-rack, certSerialId: null}, Type:RATIS, Factor:THREE, State:OPEN]
2019-09-04 17:20:24,248 [EventQueue-StaleNodeForStaleNodeHandler] INFO  pipeline.PipelineStateManager (PipelineStateManager.java:finalizePipeline(123)) - Pipeline Pipeline[ Id: 16c32039-ea6a-460e-803a-37943a23133d, Nodes: 80fd7bfd-9dae-4508-ab2c-21300ce3d3c9{ip: 192.168.34.57, host: pr-hdds-1561-mdkws-1819952476, networkLocation: /default-rack, certSerialId: null}fa649949-58de-4ced-9a7b-783533430b79{ip: 192.168.34.57, host: pr-hdds-1561-mdkws-1819952476, networkLocation: /default-rack, certSerialId: null}a216e3c9-ad4a-49a6-bccb-13260cb54294{ip: 192.168.34.57, host: pr-hdds-1561-mdkws-1819952476, networkLocation: /default-rack, certSerialId: null}, Type:RATIS, Factor:THREE, State:CLOSED] moved to CLOSED state
2019-09-04 17:20:24,249 [EventQueue-CloseContainerForCloseContainerEventHandler] INFO  container.CloseContainerEventHandler (CloseContainerEventHandler.java:onMessage(61)) - Close container Event triggered for container : #2
2019-09-04 17:20:24,446 [main] INFO  ozoneimpl.OzoneContainer (OzoneContainer.java:stop(216)) - Attempting to stop container services.
2019-09-04 17:20:24,446 [ForkJoinPool.commonPool-worker-0] INFO  ozoneimpl.OzoneContainer (OzoneContainer.java:stop(216)) - Attempting to stop container services.
2019-09-04 17:20:24,450 [main] INFO  impl.RaftServerProxy (RaftServerProxy.java:lambda$close$4(314)) - 305120e2-ed04-4093-b8eb-15d639fdaf7c: close
2019-09-04 17:20:24,450 [ForkJoinPool.commonPool-worker-0] INFO  impl.RaftServerProxy (RaftServerProxy.java:lambda$close$4(314)) - fa649949-58de-4ced-9a7b-783533430b79: close
2019-09-04 17:20:24,450 [main] INFO  impl.RaftServerImpl (RaftServerImpl.java:lambda$shutdown$3(251)) - 305120e2-ed04-4093-b8eb-15d639fdaf7c@group-D7045515CA6C: shutdown
2019-09-04 17:20:24,451 [ForkJoinPool.commonPool-worker-0] INFO  impl.RaftServerImpl (RaftServerImpl.java:lambda$shutdown$3(251)) - fa649949-58de-4ced-9a7b-783533430b79@group-248FC2046289: shutdown
2019-09-04 17:20:24,451 [main] INFO  util.JmxRegister (JmxRegister.java:unregister(73)) - Successfully un-registered JMX Bean with object name Ratis:service=RaftServer,group=group-D7045515CA6C,id=305120e2-ed04-4093-b8eb-15d639fdaf7c
2019-09-04 17:20:24,451 [ForkJoinPool.commonPool-worker-0] INFO  util.JmxRegister (JmxRegister.java:unregister(73)) - Successfully un-registered JMX Bean with object name Ratis:service=RaftServer,group=group-248FC2046289,id=fa649949-58de-4ced-9a7b-783533430b79
2019-09-04 17:20:24,451 [main] INFO  impl.RoleInfo (RoleInfo.java:shutdownLeaderState(104)) - 305120e2-ed04-4093-b8eb-15d639fdaf7c: shutdown LeaderState
2019-09-04 17:20:24,452 [ForkJoinPool.commonPool-worker-0] INFO  impl.RoleInfo (RoleInfo.java:shutdownLeaderState(104)) - fa649949-58de-4ced-9a7b-783533430b79: shutdown LeaderState
2019-09-04 17:20:24,457 [org.apache.ratis.server.impl.LogAppender$AppenderDaemon$$Lambda$479/2137394858@6c1daba2] WARN  server.GrpcLogAppender (GrpcLogAppender.java:mayWait(143)) - 305120e2-ed04-4093-b8eb-15d639fdaf7c@group-D7045515CA6C->986dd48b-ab2d-4dda-bcfc-6b1c0b2b378a-GrpcLogAppender: Wait interrupted by java.lang.InterruptedException
2019-09-04 17:20:24,457 [org.apache.ratis.server.impl.LogAppender$AppenderDaemon$$Lambda$479/2137394858@343bb613] WARN  server.GrpcLogAppender (GrpcLogAppender.java:mayWait(143)) - 305120e2-ed04-4093-b8eb-15d639fdaf7c@group-D7045515CA6C->cb36962c-e1d1-471d-89a7-03694d45c07b-GrpcLogAppender: Wait interrupted by java.lang.InterruptedException
2019-09-04 17:20:24,457 [main] INFO  impl.PendingRequests (PendingRequests.java:sendNotLeaderResponses(202)) - 305120e2-ed04-4093-b8eb-15d639fdaf7c-PendingRequests: sendNotLeaderResponses
2019-09-04 17:20:24,457 [ForkJoinPool.commonPool-worker-0] INFO  impl.PendingRequests (PendingRequests.java:sendNotLeaderResponses(202)) - fa649949-58de-4ced-9a7b-783533430b79-PendingRequests: sendNotLeaderResponses
2019-09-04 17:20:24,461 [main] INFO  impl.StateMachineUpdater (StateMachineUpdater.java:stopAndJoin(125)) - 305120e2-ed04-4093-b8eb-15d639fdaf7c@group-D7045515CA6C-StateMachineUpdater: set stopIndex = 18
2019-09-04 17:20:24,461 [grpc-default-executor-17] INFO  server.GrpcServerProtocolService (GrpcServerProtocolService.java:onCompleted(113)) - cb36962c-e1d1-471d-89a7-03694d45c07b: Completed APPEND_ENTRIES, lastRequest: 305120e2-ed04-4093-b8eb-15d639fdaf7c->cb36962c-e1d1-471d-89a7-03694d45c07b#4-t2, previous=(t:2, i:18), leaderCommit=18, initializing? false, entries: <empty>
2019-09-04 17:20:24,461 [ForkJoinPool.commonPool-worker-0] INFO  impl.StateMachineUpdater (StateMachineUpdater.java:stopAndJoin(125)) - fa649949-58de-4ced-9a7b-783533430b79@group-248FC2046289-StateMachineUpdater: set stopIndex = 0
2019-09-04 17:20:24,462 [grpc-default-executor-17] INFO  server.GrpcLogAppender (GrpcLogAppender.java:onCompleted(293)) - 305120e2-ed04-4093-b8eb-15d639fdaf7c@group-D7045515CA6C->cb36962c-e1d1-471d-89a7-03694d45c07b-AppendLogResponseHandler: follower responses appendEntries COMPLETED
2019-09-04 17:20:24,461 [305120e2-ed04-4093-b8eb-15d639fdaf7c@group-D7045515CA6C-StateMachineUpdater] INFO  ratis.ContainerStateMachine (ContainerStateMachine.java:takeSnapshot(289)) - group-D7045515CA6C: Taking a snapshot at:(t:1, i:14) file /workdir/hadoop-ozone/integration-test/target/test-dir/MiniOzoneClusterImpl-2f594647-c66f-4987-a195-77c452f53489/datanode-3/data/ratis/8e7d82c8-c8cc-40a3-9dc5-d7045515ca6c/sm/snapshot.1_14
2019-09-04 17:20:24,462 [ForkJoinPool.commonPool-worker-0] INFO  impl.RaftServerImpl (ServerState.java:close(385)) - fa649949-58de-4ced-9a7b-783533430b79@group-248FC2046289: closes. applyIndex: 0
2019-09-04 17:20:24,462 [grpc-default-executor-17] INFO  impl.FollowerInfo (FollowerInfo.java:lambda$new$0(51)) - 305120e2-ed04-4093-b8eb-15d639fdaf7c@group-D7045515CA6C->cb36962c-e1d1-471d-89a7-03694d45c07b: nextIndex: updateUnconditionally 19 -> 18
2019-09-04 17:20:24,463 [fa649949-58de-4ced-9a7b-783533430b79@group-248FC2046289-SegmentedRaftLogWorker] INFO  segmented.SegmentedRaftLogWorker (SegmentedRaftLogWorker.java:run(313)) - fa649949-58de-4ced-9a7b-783533430b79@group-248FC2046289-SegmentedRaftLogWorker was interrupted, exiting. There are 0 tasks remaining in the queue.
2019-09-04 17:20:24,466 [ForkJoinPool.commonPool-worker-0] INFO  segmented.SegmentedRaftLogWorker (SegmentedRaftLogWorker.java:close(228)) - fa649949-58de-4ced-9a7b-783533430b79@group-248FC2046289-SegmentedRaftLogWorker close()
2019-09-04 17:20:24,471 [ForkJoinPool.commonPool-worker-0] INFO  impl.RaftServerImpl (RaftServerImpl.java:lambda$shutdown$3(251)) - fa649949-58de-4ced-9a7b-783533430b79@group-37943A23133D: shutdown
2019-09-04 17:20:24,471 [ForkJoinPool.commonPool-worker-0] INFO  util.JmxRegister (JmxRegister.java:unregister(73)) - Successfully un-registered JMX Bean with object name Ratis:service=RaftServer,group=group-37943A23133D,id=fa649949-58de-4ced-9a7b-783533430b79
2019-09-04 17:20:24,471 [ForkJoinPool.commonPool-worker-0] INFO  impl.RoleInfo (RoleInfo.java:shutdownFollowerState(121)) - fa649949-58de-4ced-9a7b-783533430b79: shutdown FollowerState
2019-09-04 17:20:24,472 [ForkJoinPool.commonPool-worker-0] INFO  impl.StateMachineUpdater (StateMachineUpdater.java:stopAndJoin(125)) - fa649949-58de-4ced-9a7b-783533430b79@group-37943A23133D-StateMachineUpdater: set stopIndex = 16
2019-09-04 17:20:24,472 [Thread-3278] INFO  impl.FollowerState (FollowerState.java:run(115)) - fa649949-58de-4ced-9a7b-783533430b79: FollowerState was interrupted: java.lang.InterruptedException: sleep interrupted
2019-09-04 17:20:24,472 [fa649949-58de-4ced-9a7b-783533430b79@group-37943A23133D-StateMachineUpdater] INFO  ratis.ContainerStateMachine (ContainerStateMachine.java:takeSnapshot(289)) - group-37943A23133D: Taking a snapshot at:(t:2, i:14) file /workdir/hadoop-ozone/integration-test/target/test-dir/MiniOzoneClusterImpl-2f594647-c66f-4987-a195-77c452f53489/datanode-1/data/ratis/16c32039-ea6a-460e-803a-37943a23133d/sm/snapshot.2_14
2019-09-04 17:20:24,489 [305120e2-ed04-4093-b8eb-15d639fdaf7c@group-D7045515CA6C-StateMachineUpdater] INFO  ratis.ContainerStateMachine (ContainerStateMachine.java:takeSnapshot(300)) - group-D7045515CA6C: Finished taking a snapshot at:(t:1, i:14) file:/workdir/hadoop-ozone/integration-test/target/test-dir/MiniOzoneClusterImpl-2f594647-c66f-4987-a195-77c452f53489/datanode-3/data/ratis/8e7d82c8-c8cc-40a3-9dc5-d7045515ca6c/sm/snapshot.1_14 time:28
2019-09-04 17:20:24,489 [305120e2-ed04-4093-b8eb-15d639fdaf7c@group-D7045515CA6C-StateMachineUpdater] INFO  impl.StateMachineUpdater (StateMachineUpdater.java:takeSnapshot(258)) - 305120e2-ed04-4093-b8eb-15d639fdaf7c@group-D7045515CA6C-StateMachineUpdater: Took a snapshot at index 14
2019-09-04 17:20:24,489 [305120e2-ed04-4093-b8eb-15d639fdaf7c@group-D7045515CA6C-StateMachineUpdater] INFO  impl.StateMachineUpdater (StateMachineUpdater.java:lambda$new$0(83)) - 305120e2-ed04-4093-b8eb-15d639fdaf7c@group-D7045515CA6C-StateMachineUpdater: snapshotIndex: updateIncreasingly -1 -> 14
2019-09-04 17:20:24,490 [305120e2-ed04-4093-b8eb-15d639fdaf7c@group-D7045515CA6C-StateMachineUpdater] INFO  ratis.ContainerStateMachine (ContainerStateMachine.java:takeSnapshot(289)) - group-D7045515CA6C: Taking a snapshot at:(t:1, i:14) file /workdir/hadoop-ozone/integration-test/target/test-dir/MiniOzoneClusterImpl-2f594647-c66f-4987-a195-77c452f53489/datanode-3/data/ratis/8e7d82c8-c8cc-40a3-9dc5-d7045515ca6c/sm/snapshot.1_14
2019-09-04 17:20:24,501 [305120e2-ed04-4093-b8eb-15d639fdaf7c@group-D7045515CA6C-StateMachineUpdater] INFO  ratis.ContainerStateMachine (ContainerStateMachine.java:takeSnapshot(300)) - group-D7045515CA6C: Finished taking a snapshot at:(t:1, i:14) file:/workdir/hadoop-ozone/integration-test/target/test-dir/MiniOzoneClusterImpl-2f594647-c66f-4987-a195-77c452f53489/datanode-3/data/ratis/8e7d82c8-c8cc-40a3-9dc5-d7045515ca6c/sm/snapshot.1_14 time:12
2019-09-04 17:20:24,501 [fa649949-58de-4ced-9a7b-783533430b79@group-37943A23133D-StateMachineUpdater] INFO  ratis.ContainerStateMachine (ContainerStateMachine.java:takeSnapshot(300)) - group-37943A23133D: Finished taking a snapshot at:(t:2, i:14) file:/workdir/hadoop-ozone/integration-test/target/test-dir/MiniOzoneClusterImpl-2f594647-c66f-4987-a195-77c452f53489/datanode-1/data/ratis/16c32039-ea6a-460e-803a-37943a23133d/sm/snapshot.2_14 time:30
2019-09-04 17:20:24,502 [305120e2-ed04-4093-b8eb-15d639fdaf7c@group-D7045515CA6C-StateMachineUpdater] INFO  impl.StateMachineUpdater (StateMachineUpdater.java:takeSnapshot(258)) - 305120e2-ed04-4093-b8eb-15d639fdaf7c@group-D7045515CA6C-StateMachineUpdater: Took a snapshot at index 14
2019-09-04 17:20:24,502 [fa649949-58de-4ced-9a7b-783533430b79@group-37943A23133D-StateMachineUpdater] INFO  impl.StateMachineUpdater (StateMachineUpdater.java:takeSnapshot(258)) - fa649949-58de-4ced-9a7b-783533430b79@group-37943A23133D-StateMachineUpdater: Took a snapshot at index 14
2019-09-04 17:20:24,502 [305120e2-ed04-4093-b8eb-15d639fdaf7c@group-D7045515CA6C-StateMachineUpdater] INFO  impl.StateMachineUpdater (StateMachineUpdater.java:lambda$new$0(83)) - 305120e2-ed04-4093-b8eb-15d639fdaf7c@group-D7045515CA6C-StateMachineUpdater: snapshotIndex: updateIncreasingly 14 -> 14
2019-09-04 17:20:24,502 [fa649949-58de-4ced-9a7b-783533430b79@group-37943A23133D-StateMachineUpdater] INFO  impl.StateMachineUpdater (StateMachineUpdater.java:lambda$new$0(83)) - fa649949-58de-4ced-9a7b-783533430b79@group-37943A23133D-StateMachineUpdater: snapshotIndex: updateIncreasingly -1 -> 14
2019-09-04 17:20:24,502 [main] INFO  impl.RaftServerImpl (ServerState.java:close(385)) - 305120e2-ed04-4093-b8eb-15d639fdaf7c@group-D7045515CA6C: closes. applyIndex: 18
2019-09-04 17:20:24,502 [fa649949-58de-4ced-9a7b-783533430b79@group-37943A23133D-StateMachineUpdater] INFO  ratis.ContainerStateMachine (ContainerStateMachine.java:takeSnapshot(289)) - group-37943A23133D: Taking a snapshot at:(t:2, i:14) file /workdir/hadoop-ozone/integration-test/target/test-dir/MiniOzoneClusterImpl-2f594647-c66f-4987-a195-77c452f53489/datanode-1/data/ratis/16c32039-ea6a-460e-803a-37943a23133d/sm/snapshot.2_14
2019-09-04 17:20:24,503 [305120e2-ed04-4093-b8eb-15d639fdaf7c@group-D7045515CA6C-SegmentedRaftLogWorker] INFO  segmented.SegmentedRaftLogWorker (SegmentedRaftLogWorker.java:run(313)) - 305120e2-ed04-4093-b8eb-15d639fdaf7c@group-D7045515CA6C-SegmentedRaftLogWorker was interrupted, exiting. There are 0 tasks remaining in the queue.
2019-09-04 17:20:24,505 [main] INFO  segmented.SegmentedRaftLogWorker (SegmentedRaftLogWorker.java:close(228)) - 305120e2-ed04-4093-b8eb-15d639fdaf7c@group-D7045515CA6C-SegmentedRaftLogWorker close()
2019-09-04 17:20:24,511 [main] INFO  impl.RaftServerImpl (RaftServerImpl.java:lambda$shutdown$3(251)) - 305120e2-ed04-4093-b8eb-15d639fdaf7c@group-8B2DC41FDA21: shutdown
2019-09-04 17:20:24,511 [main] INFO  util.JmxRegister (JmxRegister.java:unregister(73)) - Successfully un-registered JMX Bean with object name Ratis:service=RaftServer,group=group-8B2DC41FDA21,id=305120e2-ed04-4093-b8eb-15d639fdaf7c
2019-09-04 17:20:24,512 [main] INFO  impl.RoleInfo (RoleInfo.java:shutdownLeaderState(104)) - 305120e2-ed04-4093-b8eb-15d639fdaf7c: shutdown LeaderState
2019-09-04 17:20:24,512 [main] INFO  impl.PendingRequests (PendingRequests.java:sendNotLeaderResponses(202)) - 305120e2-ed04-4093-b8eb-15d639fdaf7c-PendingRequests: sendNotLeaderResponses
2019-09-04 17:20:24,513 [main] INFO  impl.StateMachineUpdater (StateMachineUpdater.java:stopAndJoin(125)) - 305120e2-ed04-4093-b8eb-15d639fdaf7c@group-8B2DC41FDA21-StateMachineUpdater: set stopIndex = 0
2019-09-04 17:20:24,513 [main] INFO  impl.RaftServerImpl (ServerState.java:close(385)) - 305120e2-ed04-4093-b8eb-15d639fdaf7c@group-8B2DC41FDA21: closes. applyIndex: 0
2019-09-04 17:20:24,514 [305120e2-ed04-4093-b8eb-15d639fdaf7c@group-8B2DC41FDA21-SegmentedRaftLogWorker] INFO  segmented.SegmentedRaftLogWorker (SegmentedRaftLogWorker.java:run(313)) - 305120e2-ed04-4093-b8eb-15d639fdaf7c@group-8B2DC41FDA21-SegmentedRaftLogWorker was interrupted, exiting. There are 0 tasks remaining in the queue.
2019-09-04 17:20:24,516 [fa649949-58de-4ced-9a7b-783533430b79@group-37943A23133D-StateMachineUpdater] INFO  ratis.ContainerStateMachine (ContainerStateMachine.java:takeSnapshot(300)) - group-37943A23133D: Finished taking a snapshot at:(t:2, i:14) file:/workdir/hadoop-ozone/integration-test/target/test-dir/MiniOzoneClusterImpl-2f594647-c66f-4987-a195-77c452f53489/datanode-1/data/ratis/16c32039-ea6a-460e-803a-37943a23133d/sm/snapshot.2_14 time:13
2019-09-04 17:20:24,516 [main] INFO  segmented.SegmentedRaftLogWorker (SegmentedRaftLogWorker.java:close(228)) - 305120e2-ed04-4093-b8eb-15d639fdaf7c@group-8B2DC41FDA21-SegmentedRaftLogWorker close()
2019-09-04 17:20:24,516 [fa649949-58de-4ced-9a7b-783533430b79@group-37943A23133D-StateMachineUpdater] INFO  impl.StateMachineUpdater (StateMachineUpdater.java:takeSnapshot(258)) - fa649949-58de-4ced-9a7b-783533430b79@group-37943A23133D-StateMachineUpdater: Took a snapshot at index 14
2019-09-04 17:20:24,521 [main] INFO  server.GrpcService (GrpcService.java:closeImpl(164)) - 305120e2-ed04-4093-b8eb-15d639fdaf7c: shutdown server with port 34116 now
2019-09-04 17:20:24,521 [fa649949-58de-4ced-9a7b-783533430b79@group-37943A23133D-StateMachineUpdater] INFO  impl.StateMachineUpdater (StateMachineUpdater.java:lambda$new$0(83)) - fa649949-58de-4ced-9a7b-783533430b79@group-37943A23133D-StateMachineUpdater: snapshotIndex: updateIncreasingly 14 -> 14
2019-09-04 17:20:24,522 [ForkJoinPool.commonPool-worker-0] INFO  impl.RaftServerImpl (ServerState.java:close(385)) - fa649949-58de-4ced-9a7b-783533430b79@group-37943A23133D: closes. applyIndex: 16
2019-09-04 17:20:24,522 [main] INFO  server.GrpcService (GrpcService.java:closeImpl(172)) - 305120e2-ed04-4093-b8eb-15d639fdaf7c: shutdown server with port 34116 successfully
2019-09-04 17:20:24,523 [fa649949-58de-4ced-9a7b-783533430b79@group-37943A23133D-SegmentedRaftLogWorker] INFO  segmented.SegmentedRaftLogWorker (SegmentedRaftLogWorker.java:run(313)) - fa649949-58de-4ced-9a7b-783533430b79@group-37943A23133D-SegmentedRaftLogWorker was interrupted, exiting. There are 0 tasks remaining in the queue.
2019-09-04 17:20:24,525 [ForkJoinPool.commonPool-worker-0] INFO  segmented.SegmentedRaftLogWorker (SegmentedRaftLogWorker.java:close(228)) - fa649949-58de-4ced-9a7b-783533430b79@group-37943A23133D-SegmentedRaftLogWorker close()
2019-09-04 17:20:24,530 [ForkJoinPool.commonPool-worker-0] INFO  server.GrpcService (GrpcService.java:closeImpl(164)) - fa649949-58de-4ced-9a7b-783533430b79: shutdown server with port 42273 now
2019-09-04 17:20:24,531 [ForkJoinPool.commonPool-worker-0] INFO  server.GrpcService (GrpcService.java:closeImpl(172)) - fa649949-58de-4ced-9a7b-783533430b79: shutdown server with port 42273 successfully
2019-09-04 17:20:24,532 [grpc-default-executor-16] WARN  server.GrpcServerProtocolService (LogUtils.java:warn(134)) - fa649949-58de-4ced-9a7b-783533430b79: installSnapshot onError, lastRequest: 80fd7bfd-9dae-4508-ab2c-21300ce3d3c9->fa649949-58de-4ced-9a7b-783533430b79#23-t2, previous=(t:2, i:16), leaderCommit=16, initializing? false, entries: <empty>: org.apache.ratis.thirdparty.io.grpc.StatusRuntimeException: CANCELLED: cancelled before receiving half close
2019-09-04 17:20:24,532 [grpc-default-executor-13] WARN  server.GrpcLogAppender (LogUtils.java:warn(134)) - 80fd7bfd-9dae-4508-ab2c-21300ce3d3c9@group-37943A23133D->fa649949-58de-4ced-9a7b-783533430b79-AppendLogResponseHandler: Failed appendEntries: org.apache.ratis.thirdparty.io.grpc.StatusRuntimeException: CANCELLED: HTTP/2 error code: CANCEL
Received Rst Stream
2019-09-04 17:20:24,532 [grpc-default-executor-13] INFO  impl.FollowerInfo (FollowerInfo.java:lambda$new$0(51)) - 80fd7bfd-9dae-4508-ab2c-21300ce3d3c9@group-37943A23133D->fa649949-58de-4ced-9a7b-783533430b79: nextIndex: updateUnconditionally 17 -> 16
2019-09-04 17:20:24,533 [refreshUsed-/workdir/hadoop-ozone/integration-test/target/test-dir/MiniOzoneClusterImpl-2f594647-c66f-4987-a195-77c452f53489/datanode-3/data/containers] WARN  fs.CachingGetSpaceUsed (CachingGetSpaceUsed.java:run(183)) - Thread Interrupted waiting to refresh disk information: sleep interrupted
2019-09-04 17:20:24,534 [refreshUsed-/workdir/hadoop-ozone/integration-test/target/test-dir/MiniOzoneClusterImpl-2f594647-c66f-4987-a195-77c452f53489/datanode-1/data/containers] WARN  fs.CachingGetSpaceUsed (CachingGetSpaceUsed.java:run(183)) - Thread Interrupted waiting to refresh disk information: sleep interrupted
2019-09-04 17:20:24,556 [ForkJoinPool.commonPool-worker-0] INFO  utils.BackgroundService (BackgroundService.java:shutdown(148)) - Shutting down service BlockDeletingService
2019-09-04 17:20:24,557 [main] INFO  utils.BackgroundService (BackgroundService.java:shutdown(148)) - Shutting down service BlockDeletingService
2019-09-04 17:20:24,563 [ForkJoinPool.commonPool-worker-0] INFO  statemachine.DatanodeStateMachine (DatanodeStateMachine.java:stopDaemon(395)) - Ozone container server stopped.
2019-09-04 17:20:24,571 [main] INFO  statemachine.DatanodeStateMachine (DatanodeStateMachine.java:stopDaemon(395)) - Ozone container server stopped.
2019-09-04 17:20:24,575 [ForkJoinPool.commonPool-worker-0] INFO  handler.ContextHandler (ContextHandler.java:doStop(910)) - Stopped o.e.j.w.WebAppContext@64656b9e{/,null,UNAVAILABLE}{/hddsDatanode}
2019-09-04 17:20:24,575 [main] INFO  handler.ContextHandler (ContextHandler.java:doStop(910)) - Stopped o.e.j.w.WebAppContext@3457cc8d{/,null,UNAVAILABLE}{/hddsDatanode}
2019-09-04 17:20:24,576 [ForkJoinPool.commonPool-worker-0] INFO  server.AbstractConnector (AbstractConnector.java:doStop(318)) - Stopped ServerConnector@6870cfac{HTTP/1.1,[http/1.1]}{0.0.0.0:0}
2019-09-04 17:20:24,576 [main] INFO  server.AbstractConnector (AbstractConnector.java:doStop(318)) - Stopped ServerConnector@7a66c35a{HTTP/1.1,[http/1.1]}{0.0.0.0:0}
2019-09-04 17:20:24,578 [ForkJoinPool.commonPool-worker-0] INFO  handler.ContextHandler (ContextHandler.java:doStop(910)) - Stopped o.e.j.s.ServletContextHandler@afde064{/static,jar:file:/home/user/.m2/repository/org/apache/hadoop/hadoop-hdds-container-service/0.5.0-SNAPSHOT/hadoop-hdds-container-service-0.5.0-SNAPSHOT.jar!/webapps/static,UNAVAILABLE}
2019-09-04 17:20:24,578 [main] INFO  handler.ContextHandler (ContextHandler.java:doStop(910)) - Stopped o.e.j.s.ServletContextHandler@353c6da1{/static,jar:file:/home/user/.m2/repository/org/apache/hadoop/hadoop-hdds-container-service/0.5.0-SNAPSHOT/hadoop-hdds-container-service-0.5.0-SNAPSHOT.jar!/webapps/static,UNAVAILABLE}
2019-09-04 17:20:24,581 [ForkJoinPool.commonPool-worker-0] INFO  handler.ContextHandler (ContextHandler.java:doStop(910)) - Stopped o.e.j.s.ServletContextHandler@46f73ffa{/logs,file:///workdir/hadoop-ozone/integration-test/target/log,UNAVAILABLE}
2019-09-04 17:20:24,581 [main] INFO  handler.ContextHandler (ContextHandler.java:doStop(910)) - Stopped o.e.j.s.ServletContextHandler@4602f874{/logs,file:///workdir/hadoop-ozone/integration-test/target/log,UNAVAILABLE}
2019-09-04 17:20:24,638 [Datanode State Machine Thread - 0] INFO  statemachine.DatanodeStateMachine (DatanodeStateMachine.java:lambda$startDaemon$0(350)) - Ozone container server started.
2019-09-04 17:20:25,236 [Datanode State Machine Thread - 0] INFO  statemachine.DatanodeStateMachine (DatanodeStateMachine.java:lambda$startDaemon$0(350)) - Ozone container server started.
2019-09-04 17:20:26,890 [grpc-default-executor-13] WARN  server.GrpcLogAppender (LogUtils.java:warn(134)) - 80fd7bfd-9dae-4508-ab2c-21300ce3d3c9@group-37943A23133D->fa649949-58de-4ced-9a7b-783533430b79-AppendLogResponseHandler: Failed appendEntries: org.apache.ratis.thirdparty.io.grpc.StatusRuntimeException: UNAVAILABLE: io exception
2019-09-04 17:20:26,891 [grpc-default-executor-13] INFO  impl.FollowerInfo (FollowerInfo.java:lambda$new$0(51)) - 80fd7bfd-9dae-4508-ab2c-21300ce3d3c9@group-37943A23133D->fa649949-58de-4ced-9a7b-783533430b79: nextIndex: updateUnconditionally 16 -> 15
2019-09-04 17:20:28,655 [EventQueue-StaleNodeForStaleNodeHandler] INFO  node.StaleNodeHandler (StaleNodeHandler.java:onMessage(58)) - Datanode cb36962c-e1d1-471d-89a7-03694d45c07b{ip: 192.168.34.57, host: pr-hdds-1561-mdkws-1819952476, networkLocation: /default-rack, certSerialId: null} moved to stale state. Finalizing its pipelines [PipelineID=65ca6261-7124-4a79-8b9f-aa141a77199b, PipelineID=8e7d82c8-c8cc-40a3-9dc5-d7045515ca6c]
2019-09-04 17:20:28,656 [EventQueue-StaleNodeForStaleNodeHandler] INFO  pipeline.SCMPipelineManager (SCMPipelineManager.java:finalizeAndDestroyPipeline(309)) - destroying pipeline:Pipeline[ Id: 65ca6261-7124-4a79-8b9f-aa141a77199b, Nodes: cb36962c-e1d1-471d-89a7-03694d45c07b{ip: 192.168.34.57, host: pr-hdds-1561-mdkws-1819952476, networkLocation: /default-rack, certSerialId: null}, Type:RATIS, Factor:ONE, State:OPEN]
2019-09-04 17:20:28,657 [EventQueue-StaleNodeForStaleNodeHandler] INFO  pipeline.PipelineStateManager (PipelineStateManager.java:finalizePipeline(123)) - Pipeline Pipeline[ Id: 65ca6261-7124-4a79-8b9f-aa141a77199b, Nodes: cb36962c-e1d1-471d-89a7-03694d45c07b{ip: 192.168.34.57, host: pr-hdds-1561-mdkws-1819952476, networkLocation: /default-rack, certSerialId: null}, Type:RATIS, Factor:ONE, State:CLOSED] moved to CLOSED state
2019-09-04 17:20:28,657 [EventQueue-StaleNodeForStaleNodeHandler] INFO  pipeline.SCMPipelineManager (SCMPipelineManager.java:finalizeAndDestroyPipeline(309)) - destroying pipeline:Pipeline[ Id: 8e7d82c8-c8cc-40a3-9dc5-d7045515ca6c, Nodes: 986dd48b-ab2d-4dda-bcfc-6b1c0b2b378a{ip: 192.168.34.57, host: pr-hdds-1561-mdkws-1819952476, networkLocation: /default-rack, certSerialId: null}cb36962c-e1d1-471d-89a7-03694d45c07b{ip: 192.168.34.57, host: pr-hdds-1561-mdkws-1819952476, networkLocation: /default-rack, certSerialId: null}305120e2-ed04-4093-b8eb-15d639fdaf7c{ip: 192.168.34.57, host: pr-hdds-1561-mdkws-1819952476, networkLocation: /default-rack, certSerialId: null}, Type:RATIS, Factor:THREE, State:CLOSED]
2019-09-04 17:20:29,256 [EventQueue-StaleNodeForStaleNodeHandler] INFO  node.StaleNodeHandler (StaleNodeHandler.java:onMessage(58)) - Datanode 80fd7bfd-9dae-4508-ab2c-21300ce3d3c9{ip: 192.168.34.57, host: pr-hdds-1561-mdkws-1819952476, networkLocation: /default-rack, certSerialId: null} moved to stale state. Finalizing its pipelines [PipelineID=a8068bfc-bb07-4563-a257-958732f301c3, PipelineID=16c32039-ea6a-460e-803a-37943a23133d]
2019-09-04 17:20:29,258 [EventQueue-StaleNodeForStaleNodeHandler] INFO  pipeline.SCMPipelineManager (SCMPipelineManager.java:finalizeAndDestroyPipeline(309)) - destroying pipeline:Pipeline[ Id: a8068bfc-bb07-4563-a257-958732f301c3, Nodes: 80fd7bfd-9dae-4508-ab2c-21300ce3d3c9{ip: 192.168.34.57, host: pr-hdds-1561-mdkws-1819952476, networkLocation: /default-rack, certSerialId: null}, Type:RATIS, Factor:ONE, State:OPEN]
2019-09-04 17:20:29,258 [EventQueue-StaleNodeForStaleNodeHandler] INFO  pipeline.PipelineStateManager (PipelineStateManager.java:finalizePipeline(123)) - Pipeline Pipeline[ Id: a8068bfc-bb07-4563-a257-958732f301c3, Nodes: 80fd7bfd-9dae-4508-ab2c-21300ce3d3c9{ip: 192.168.34.57, host: pr-hdds-1561-mdkws-1819952476, networkLocation: /default-rack, certSerialId: null}, Type:RATIS, Factor:ONE, State:CLOSED] moved to CLOSED state
2019-09-04 17:20:29,259 [EventQueue-StaleNodeForStaleNodeHandler] INFO  pipeline.SCMPipelineManager (SCMPipelineManager.java:finalizeAndDestroyPipeline(309)) - destroying pipeline:Pipeline[ Id: 16c32039-ea6a-460e-803a-37943a23133d, Nodes: 80fd7bfd-9dae-4508-ab2c-21300ce3d3c9{ip: 192.168.34.57, host: pr-hdds-1561-mdkws-1819952476, networkLocation: /default-rack, certSerialId: null}fa649949-58de-4ced-9a7b-783533430b79{ip: 192.168.34.57, host: pr-hdds-1561-mdkws-1819952476, networkLocation: /default-rack, certSerialId: null}a216e3c9-ad4a-49a6-bccb-13260cb54294{ip: 192.168.34.57, host: pr-hdds-1561-mdkws-1819952476, networkLocation: /default-rack, certSerialId: null}, Type:RATIS, Factor:THREE, State:CLOSED]
2019-09-04 17:20:29,398 [grpc-default-executor-13] WARN  server.GrpcLogAppender (LogUtils.java:warn(134)) - 80fd7bfd-9dae-4508-ab2c-21300ce3d3c9@group-37943A23133D->fa649949-58de-4ced-9a7b-783533430b79-AppendLogResponseHandler: Failed appendEntries: org.apache.ratis.thirdparty.io.grpc.StatusRuntimeException: UNAVAILABLE: io exception
2019-09-04 17:20:29,403 [grpc-default-executor-13] INFO  impl.FollowerInfo (FollowerInfo.java:lambda$new$0(51)) - 80fd7bfd-9dae-4508-ab2c-21300ce3d3c9@group-37943A23133D->fa649949-58de-4ced-9a7b-783533430b79: nextIndex: updateUnconditionally 15 -> 14
2019-09-04 17:20:29,584 [main] INFO  ozoneimpl.OzoneContainer (OzoneContainer.java:stop(216)) - Attempting to stop container services.
2019-09-04 17:20:29,584 [ForkJoinPool.commonPool-worker-0] INFO  ozoneimpl.OzoneContainer (OzoneContainer.java:stop(216)) - Attempting to stop container services.
2019-09-04 17:20:29,587 [main] INFO  impl.RaftServerProxy (RaftServerProxy.java:lambda$close$4(314)) - cb36962c-e1d1-471d-89a7-03694d45c07b: close
2019-09-04 17:20:29,588 [ForkJoinPool.commonPool-worker-0] INFO  impl.RaftServerProxy (RaftServerProxy.java:lambda$close$4(314)) - 80fd7bfd-9dae-4508-ab2c-21300ce3d3c9: close
2019-09-04 17:20:29,588 [main] INFO  impl.RaftServerImpl (RaftServerImpl.java:lambda$shutdown$3(251)) - cb36962c-e1d1-471d-89a7-03694d45c07b@group-AA141A77199B: shutdown
2019-09-04 17:20:29,588 [ForkJoinPool.commonPool-worker-0] INFO  impl.RaftServerImpl (RaftServerImpl.java:lambda$shutdown$3(251)) - 80fd7bfd-9dae-4508-ab2c-21300ce3d3c9@group-958732F301C3: shutdown
2019-09-04 17:20:29,588 [main] INFO  util.JmxRegister (JmxRegister.java:unregister(73)) - Successfully un-registered JMX Bean with object name Ratis:service=RaftServer,group=group-AA141A77199B,id=cb36962c-e1d1-471d-89a7-03694d45c07b
2019-09-04 17:20:29,589 [ForkJoinPool.commonPool-worker-0] INFO  util.JmxRegister (JmxRegister.java:unregister(73)) - Successfully un-registered JMX Bean with object name Ratis:service=RaftServer,group=group-958732F301C3,id=80fd7bfd-9dae-4508-ab2c-21300ce3d3c9
2019-09-04 17:20:29,589 [main] INFO  impl.RoleInfo (RoleInfo.java:shutdownLeaderState(104)) - cb36962c-e1d1-471d-89a7-03694d45c07b: shutdown LeaderState
2019-09-04 17:20:29,589 [ForkJoinPool.commonPool-worker-0] INFO  impl.RoleInfo (RoleInfo.java:shutdownLeaderState(104)) - 80fd7bfd-9dae-4508-ab2c-21300ce3d3c9: shutdown LeaderState
2019-09-04 17:20:29,590 [main] INFO  impl.PendingRequests (PendingRequests.java:sendNotLeaderResponses(202)) - cb36962c-e1d1-471d-89a7-03694d45c07b-PendingRequests: sendNotLeaderResponses
2019-09-04 17:20:29,590 [ForkJoinPool.commonPool-worker-0] INFO  impl.PendingRequests (PendingRequests.java:sendNotLeaderResponses(202)) - 80fd7bfd-9dae-4508-ab2c-21300ce3d3c9-PendingRequests: sendNotLeaderResponses
2019-09-04 17:20:29,591 [main] INFO  impl.StateMachineUpdater (StateMachineUpdater.java:stopAndJoin(125)) - cb36962c-e1d1-471d-89a7-03694d45c07b@group-AA141A77199B-StateMachineUpdater: set stopIndex = 0
2019-09-04 17:20:29,591 [ForkJoinPool.commonPool-worker-0] INFO  impl.StateMachineUpdater (StateMachineUpdater.java:stopAndJoin(125)) - 80fd7bfd-9dae-4508-ab2c-21300ce3d3c9@group-958732F301C3-StateMachineUpdater: set stopIndex = 0
2019-09-04 17:20:29,591 [ForkJoinPool.commonPool-worker-0] INFO  impl.RaftServerImpl (ServerState.java:close(385)) - 80fd7bfd-9dae-4508-ab2c-21300ce3d3c9@group-958732F301C3: closes. applyIndex: 0
2019-09-04 17:20:29,592 [main] INFO  impl.RaftServerImpl (ServerState.java:close(385)) - cb36962c-e1d1-471d-89a7-03694d45c07b@group-AA141A77199B: closes. applyIndex: 0
2019-09-04 17:20:29,592 [80fd7bfd-9dae-4508-ab2c-21300ce3d3c9@group-958732F301C3-SegmentedRaftLogWorker] INFO  segmented.SegmentedRaftLogWorker (SegmentedRaftLogWorker.java:run(313)) - 80fd7bfd-9dae-4508-ab2c-21300ce3d3c9@group-958732F301C3-SegmentedRaftLogWorker was interrupted, exiting. There are 0 tasks remaining in the queue.
2019-09-04 17:20:29,592 [cb36962c-e1d1-471d-89a7-03694d45c07b@group-AA141A77199B-SegmentedRaftLogWorker] INFO  segmented.SegmentedRaftLogWorker (SegmentedRaftLogWorker.java:run(313)) - cb36962c-e1d1-471d-89a7-03694d45c07b@group-AA141A77199B-SegmentedRaftLogWorker was interrupted, exiting. There are 0 tasks remaining in the queue.
2019-09-04 17:20:29,595 [main] INFO  segmented.SegmentedRaftLogWorker (SegmentedRaftLogWorker.java:close(228)) - cb36962c-e1d1-471d-89a7-03694d45c07b@group-AA141A77199B-SegmentedRaftLogWorker close()
2019-09-04 17:20:29,595 [ForkJoinPool.commonPool-worker-0] INFO  segmented.SegmentedRaftLogWorker (SegmentedRaftLogWorker.java:close(228)) - 80fd7bfd-9dae-4508-ab2c-21300ce3d3c9@group-958732F301C3-SegmentedRaftLogWorker close()
2019-09-04 17:20:29,599 [main] INFO  impl.RaftServerImpl (RaftServerImpl.java:lambda$shutdown$3(251)) - cb36962c-e1d1-471d-89a7-03694d45c07b@group-D7045515CA6C: shutdown
2019-09-04 17:20:29,603 [ForkJoinPool.commonPool-worker-0] INFO  impl.RaftServerImpl (RaftServerImpl.java:lambda$shutdown$3(251)) - 80fd7bfd-9dae-4508-ab2c-21300ce3d3c9@group-37943A23133D: shutdown
2019-09-04 17:20:29,603 [main] INFO  util.JmxRegister (JmxRegister.java:unregister(73)) - Successfully un-registered JMX Bean with object name Ratis:service=RaftServer,group=group-D7045515CA6C,id=cb36962c-e1d1-471d-89a7-03694d45c07b
2019-09-04 17:20:29,604 [ForkJoinPool.commonPool-worker-0] INFO  util.JmxRegister (JmxRegister.java:unregister(73)) - Successfully un-registered JMX Bean with object name Ratis:service=RaftServer,group=group-37943A23133D,id=80fd7bfd-9dae-4508-ab2c-21300ce3d3c9
2019-09-04 17:20:29,604 [main] INFO  impl.RoleInfo (RoleInfo.java:shutdownFollowerState(121)) - cb36962c-e1d1-471d-89a7-03694d45c07b: shutdown FollowerState
2019-09-04 17:20:29,604 [ForkJoinPool.commonPool-worker-0] INFO  impl.RoleInfo (RoleInfo.java:shutdownLeaderState(104)) - 80fd7bfd-9dae-4508-ab2c-21300ce3d3c9: shutdown LeaderState
2019-09-04 17:20:29,605 [cb36962c-e1d1-471d-89a7-03694d45c07b@group-D7045515CA6C-StateMachineUpdater] INFO  ratis.ContainerStateMachine (ContainerStateMachine.java:takeSnapshot(289)) - group-D7045515CA6C: Taking a snapshot at:(t:1, i:14) file /workdir/hadoop-ozone/integration-test/target/test-dir/MiniOzoneClusterImpl-2f594647-c66f-4987-a195-77c452f53489/datanode-6/data/ratis/8e7d82c8-c8cc-40a3-9dc5-d7045515ca6c/sm/snapshot.1_14
2019-09-04 17:20:29,609 [org.apache.ratis.server.impl.LogAppender$AppenderDaemon$$Lambda$479/2137394858@1b947dd3] WARN  server.GrpcLogAppender (GrpcLogAppender.java:mayWait(143)) - 80fd7bfd-9dae-4508-ab2c-21300ce3d3c9@group-37943A23133D->fa649949-58de-4ced-9a7b-783533430b79-GrpcLogAppender: Wait interrupted by java.lang.InterruptedException
2019-09-04 17:20:29,605 [Thread-3327] INFO  impl.FollowerState (FollowerState.java:run(115)) - cb36962c-e1d1-471d-89a7-03694d45c07b: FollowerState was interrupted: java.lang.InterruptedException: sleep interrupted
2019-09-04 17:20:29,604 [main] INFO  impl.StateMachineUpdater (StateMachineUpdater.java:stopAndJoin(125)) - cb36962c-e1d1-471d-89a7-03694d45c07b@group-D7045515CA6C-StateMachineUpdater: set stopIndex = 18
2019-09-04 17:20:29,609 [org.apache.ratis.server.impl.LogAppender$AppenderDaemon$$Lambda$479/2137394858@3bc2339f] WARN  server.GrpcLogAppender (GrpcLogAppender.java:mayWait(143)) - 80fd7bfd-9dae-4508-ab2c-21300ce3d3c9@group-37943A23133D->a216e3c9-ad4a-49a6-bccb-13260cb54294-GrpcLogAppender: Wait interrupted by java.lang.InterruptedException
2019-09-04 17:20:29,609 [ForkJoinPool.commonPool-worker-0] INFO  impl.PendingRequests (PendingRequests.java:sendNotLeaderResponses(202)) - 80fd7bfd-9dae-4508-ab2c-21300ce3d3c9-PendingRequests: sendNotLeaderResponses
2019-09-04 17:20:29,615 [grpc-default-executor-13] INFO  server.GrpcServerProtocolService (GrpcServerProtocolService.java:onCompleted(113)) - a216e3c9-ad4a-49a6-bccb-13260cb54294: Completed APPEND_ENTRIES, lastRequest: 80fd7bfd-9dae-4508-ab2c-21300ce3d3c9->a216e3c9-ad4a-49a6-bccb-13260cb54294#25-t2, previous=(t:2, i:16), leaderCommit=16, initializing? false, entries: <empty>
2019-09-04 17:20:29,615 [ForkJoinPool.commonPool-worker-0] INFO  impl.StateMachineUpdater (StateMachineUpdater.java:stopAndJoin(125)) - 80fd7bfd-9dae-4508-ab2c-21300ce3d3c9@group-37943A23133D-StateMachineUpdater: set stopIndex = 16
2019-09-04 17:20:29,615 [80fd7bfd-9dae-4508-ab2c-21300ce3d3c9@group-37943A23133D-StateMachineUpdater] INFO  ratis.ContainerStateMachine (ContainerStateMachine.java:takeSnapshot(289)) - group-37943A23133D: Taking a snapshot at:(t:2, i:14) file /workdir/hadoop-ozone/integration-test/target/test-dir/MiniOzoneClusterImpl-2f594647-c66f-4987-a195-77c452f53489/datanode-2/data/ratis/16c32039-ea6a-460e-803a-37943a23133d/sm/snapshot.2_14
2019-09-04 17:20:29,615 [grpc-default-executor-13] INFO  server.GrpcLogAppender (GrpcLogAppender.java:onCompleted(293)) - 80fd7bfd-9dae-4508-ab2c-21300ce3d3c9@group-37943A23133D->a216e3c9-ad4a-49a6-bccb-13260cb54294-AppendLogResponseHandler: follower responses appendEntries COMPLETED
2019-09-04 17:20:29,616 [grpc-default-executor-13] INFO  impl.FollowerInfo (FollowerInfo.java:lambda$new$0(51)) - 80fd7bfd-9dae-4508-ab2c-21300ce3d3c9@group-37943A23133D->a216e3c9-ad4a-49a6-bccb-13260cb54294: nextIndex: updateUnconditionally 17 -> 16
2019-09-04 17:20:29,623 [cb36962c-e1d1-471d-89a7-03694d45c07b@group-D7045515CA6C-StateMachineUpdater] INFO  ratis.ContainerStateMachine (ContainerStateMachine.java:takeSnapshot(300)) - group-D7045515CA6C: Finished taking a snapshot at:(t:1, i:14) file:/workdir/hadoop-ozone/integration-test/target/test-dir/MiniOzoneClusterImpl-2f594647-c66f-4987-a195-77c452f53489/datanode-6/data/ratis/8e7d82c8-c8cc-40a3-9dc5-d7045515ca6c/sm/snapshot.1_14 time:18
2019-09-04 17:20:29,623 [80fd7bfd-9dae-4508-ab2c-21300ce3d3c9@group-37943A23133D-StateMachineUpdater] INFO  ratis.ContainerStateMachine (ContainerStateMachine.java:takeSnapshot(300)) - group-37943A23133D: Finished taking a snapshot at:(t:2, i:14) file:/workdir/hadoop-ozone/integration-test/target/test-dir/MiniOzoneClusterImpl-2f594647-c66f-4987-a195-77c452f53489/datanode-2/data/ratis/16c32039-ea6a-460e-803a-37943a23133d/sm/snapshot.2_14 time:8
2019-09-04 17:20:29,623 [cb36962c-e1d1-471d-89a7-03694d45c07b@group-D7045515CA6C-StateMachineUpdater] INFO  impl.StateMachineUpdater (StateMachineUpdater.java:takeSnapshot(258)) - cb36962c-e1d1-471d-89a7-03694d45c07b@group-D7045515CA6C-StateMachineUpdater: Took a snapshot at index 14
2019-09-04 17:20:29,623 [80fd7bfd-9dae-4508-ab2c-21300ce3d3c9@group-37943A23133D-StateMachineUpdater] INFO  impl.StateMachineUpdater (StateMachineUpdater.java:takeSnapshot(258)) - 80fd7bfd-9dae-4508-ab2c-21300ce3d3c9@group-37943A23133D-StateMachineUpdater: Took a snapshot at index 14
2019-09-04 17:20:29,623 [cb36962c-e1d1-471d-89a7-03694d45c07b@group-D7045515CA6C-StateMachineUpdater] INFO  impl.StateMachineUpdater (StateMachineUpdater.java:lambda$new$0(83)) - cb36962c-e1d1-471d-89a7-03694d45c07b@group-D7045515CA6C-StateMachineUpdater: snapshotIndex: updateIncreasingly -1 -> 14
2019-09-04 17:20:29,623 [80fd7bfd-9dae-4508-ab2c-21300ce3d3c9@group-37943A23133D-StateMachineUpdater] INFO  impl.StateMachineUpdater (StateMachineUpdater.java:lambda$new$0(83)) - 80fd7bfd-9dae-4508-ab2c-21300ce3d3c9@group-37943A23133D-StateMachineUpdater: snapshotIndex: updateIncreasingly -1 -> 14
2019-09-04 17:20:29,624 [cb36962c-e1d1-471d-89a7-03694d45c07b@group-D7045515CA6C-StateMachineUpdater] INFO  ratis.ContainerStateMachine (ContainerStateMachine.java:takeSnapshot(289)) - group-D7045515CA6C: Taking a snapshot at:(t:1, i:14) file /workdir/hadoop-ozone/integration-test/target/test-dir/MiniOzoneClusterImpl-2f594647-c66f-4987-a195-77c452f53489/datanode-6/data/ratis/8e7d82c8-c8cc-40a3-9dc5-d7045515ca6c/sm/snapshot.1_14
2019-09-04 17:20:29,624 [80fd7bfd-9dae-4508-ab2c-21300ce3d3c9@group-37943A23133D-StateMachineUpdater] INFO  ratis.ContainerStateMachine (ContainerStateMachine.java:takeSnapshot(289)) - group-37943A23133D: Taking a snapshot at:(t:2, i:14) file /workdir/hadoop-ozone/integration-test/target/test-dir/MiniOzoneClusterImpl-2f594647-c66f-4987-a195-77c452f53489/datanode-2/data/ratis/16c32039-ea6a-460e-803a-37943a23133d/sm/snapshot.2_14
2019-09-04 17:20:29,637 [cb36962c-e1d1-471d-89a7-03694d45c07b@group-D7045515CA6C-StateMachineUpdater] INFO  ratis.ContainerStateMachine (ContainerStateMachine.java:takeSnapshot(300)) - group-D7045515CA6C: Finished taking a snapshot at:(t:1, i:14) file:/workdir/hadoop-ozone/integration-test/target/test-dir/MiniOzoneClusterImpl-2f594647-c66f-4987-a195-77c452f53489/datanode-6/data/ratis/8e7d82c8-c8cc-40a3-9dc5-d7045515ca6c/sm/snapshot.1_14 time:13
2019-09-04 17:20:29,637 [cb36962c-e1d1-471d-89a7-03694d45c07b@group-D7045515CA6C-StateMachineUpdater] INFO  impl.StateMachineUpdater (StateMachineUpdater.java:takeSnapshot(258)) - cb36962c-e1d1-471d-89a7-03694d45c07b@group-D7045515CA6C-StateMachineUpdater: Took a snapshot at index 14
2019-09-04 17:20:29,637 [cb36962c-e1d1-471d-89a7-03694d45c07b@group-D7045515CA6C-StateMachineUpdater] INFO  impl.StateMachineUpdater (StateMachineUpdater.java:lambda$new$0(83)) - cb36962c-e1d1-471d-89a7-03694d45c07b@group-D7045515CA6C-StateMachineUpdater: snapshotIndex: updateIncreasingly 14 -> 14
2019-09-04 17:20:29,637 [80fd7bfd-9dae-4508-ab2c-21300ce3d3c9@group-37943A23133D-StateMachineUpdater] INFO  ratis.ContainerStateMachine (ContainerStateMachine.java:takeSnapshot(300)) - group-37943A23133D: Finished taking a snapshot at:(t:2, i:14) file:/workdir/hadoop-ozone/integration-test/target/test-dir/MiniOzoneClusterImpl-2f594647-c66f-4987-a195-77c452f53489/datanode-2/data/ratis/16c32039-ea6a-460e-803a-37943a23133d/sm/snapshot.2_14 time:13
2019-09-04 17:20:29,637 [80fd7bfd-9dae-4508-ab2c-21300ce3d3c9@group-37943A23133D-StateMachineUpdater] INFO  impl.StateMachineUpdater (StateMachineUpdater.java:takeSnapshot(258)) - 80fd7bfd-9dae-4508-ab2c-21300ce3d3c9@group-37943A23133D-StateMachineUpdater: Took a snapshot at index 14
2019-09-04 17:20:29,637 [80fd7bfd-9dae-4508-ab2c-21300ce3d3c9@group-37943A23133D-StateMachineUpdater] INFO  impl.StateMachineUpdater (StateMachineUpdater.java:lambda$new$0(83)) - 80fd7bfd-9dae-4508-ab2c-21300ce3d3c9@group-37943A23133D-StateMachineUpdater: snapshotIndex: updateIncreasingly 14 -> 14
2019-09-04 17:20:29,637 [main] INFO  impl.RaftServerImpl (ServerState.java:close(385)) - cb36962c-e1d1-471d-89a7-03694d45c07b@group-D7045515CA6C: closes. applyIndex: 18
2019-09-04 17:20:29,638 [ForkJoinPool.commonPool-worker-0] INFO  impl.RaftServerImpl (ServerState.java:close(385)) - 80fd7bfd-9dae-4508-ab2c-21300ce3d3c9@group-37943A23133D: closes. applyIndex: 16
2019-09-04 17:20:29,638 [cb36962c-e1d1-471d-89a7-03694d45c07b@group-D7045515CA6C-SegmentedRaftLogWorker] INFO  segmented.SegmentedRaftLogWorker (SegmentedRaftLogWorker.java:run(313)) - cb36962c-e1d1-471d-89a7-03694d45c07b@group-D7045515CA6C-SegmentedRaftLogWorker was interrupted, exiting. There are 0 tasks remaining in the queue.
2019-09-04 17:20:29,639 [80fd7bfd-9dae-4508-ab2c-21300ce3d3c9@group-37943A23133D-SegmentedRaftLogWorker] INFO  segmented.SegmentedRaftLogWorker (SegmentedRaftLogWorker.java:run(313)) - 80fd7bfd-9dae-4508-ab2c-21300ce3d3c9@group-37943A23133D-SegmentedRaftLogWorker was interrupted, exiting. There are 0 tasks remaining in the queue.
2019-09-04 17:20:29,641 [main] INFO  segmented.SegmentedRaftLogWorker (SegmentedRaftLogWorker.java:close(228)) - cb36962c-e1d1-471d-89a7-03694d45c07b@group-D7045515CA6C-SegmentedRaftLogWorker close()
2019-09-04 17:20:29,643 [ForkJoinPool.commonPool-worker-0] INFO  segmented.SegmentedRaftLogWorker (SegmentedRaftLogWorker.java:close(228)) - 80fd7bfd-9dae-4508-ab2c-21300ce3d3c9@group-37943A23133D-SegmentedRaftLogWorker close()
2019-09-04 17:20:29,647 [main] INFO  server.GrpcService (GrpcService.java:closeImpl(164)) - cb36962c-e1d1-471d-89a7-03694d45c07b: shutdown server with port 35025 now
2019-09-04 17:20:29,651 [ForkJoinPool.commonPool-worker-0] INFO  server.GrpcService (GrpcService.java:closeImpl(164)) - 80fd7bfd-9dae-4508-ab2c-21300ce3d3c9: shutdown server with port 35969 now
2019-09-04 17:20:29,652 [main] INFO  server.GrpcService (GrpcService.java:closeImpl(172)) - cb36962c-e1d1-471d-89a7-03694d45c07b: shutdown server with port 35025 successfully
2019-09-04 17:20:29,652 [grpc-default-executor-17] WARN  client.GrpcClientProtocolService (LogUtils.java:warn(134)) - 1-UnorderedRequestStreamObserver1: onError: org.apache.ratis.thirdparty.io.grpc.StatusRuntimeException: CANCELLED: cancelled before receiving half close
2019-09-04 17:20:29,652 [ForkJoinPool.commonPool-worker-0] INFO  server.GrpcService (GrpcService.java:closeImpl(172)) - 80fd7bfd-9dae-4508-ab2c-21300ce3d3c9: shutdown server with port 35969 successfully
2019-09-04 17:20:29,656 [refreshUsed-/workdir/hadoop-ozone/integration-test/target/test-dir/MiniOzoneClusterImpl-2f594647-c66f-4987-a195-77c452f53489/datanode-2/data/containers] WARN  fs.CachingGetSpaceUsed (CachingGetSpaceUsed.java:run(183)) - Thread Interrupted waiting to refresh disk information: sleep interrupted
2019-09-04 17:20:29,656 [refreshUsed-/workdir/hadoop-ozone/integration-test/target/test-dir/MiniOzoneClusterImpl-2f594647-c66f-4987-a195-77c452f53489/datanode-6/data/containers] WARN  fs.CachingGetSpaceUsed (CachingGetSpaceUsed.java:run(183)) - Thread Interrupted waiting to refresh disk information: sleep interrupted
2019-09-04 17:20:29,672 [main] INFO  utils.BackgroundService (BackgroundService.java:shutdown(148)) - Shutting down service BlockDeletingService
2019-09-04 17:20:29,676 [main] INFO  statemachine.DatanodeStateMachine (DatanodeStateMachine.java:stopDaemon(395)) - Ozone container server stopped.
2019-09-04 17:20:29,676 [ForkJoinPool.commonPool-worker-0] INFO  utils.BackgroundService (BackgroundService.java:shutdown(148)) - Shutting down service BlockDeletingService
2019-09-04 17:20:29,681 [ForkJoinPool.commonPool-worker-0] INFO  statemachine.DatanodeStateMachine (DatanodeStateMachine.java:stopDaemon(395)) - Ozone container server stopped.
2019-09-04 17:20:29,684 [main] INFO  handler.ContextHandler (ContextHandler.java:doStop(910)) - Stopped o.e.j.w.WebAppContext@7841bd30{/,null,UNAVAILABLE}{/hddsDatanode}
2019-09-04 17:20:29,686 [ForkJoinPool.commonPool-worker-0] INFO  handler.ContextHandler (ContextHandler.java:doStop(910)) - Stopped o.e.j.w.WebAppContext@212fafd1{/,null,UNAVAILABLE}{/hddsDatanode}
2019-09-04 17:20:29,687 [main] INFO  server.AbstractConnector (AbstractConnector.java:doStop(318)) - Stopped ServerConnector@45c80312{HTTP/1.1,[http/1.1]}{0.0.0.0:0}
2019-09-04 17:20:29,687 [main] INFO  handler.ContextHandler (ContextHandler.java:doStop(910)) - Stopped o.e.j.s.ServletContextHandler@5e3db14{/static,jar:file:/home/user/.m2/repository/org/apache/hadoop/hadoop-hdds-container-service/0.5.0-SNAPSHOT/hadoop-hdds-container-service-0.5.0-SNAPSHOT.jar!/webapps/static,UNAVAILABLE}
2019-09-04 17:20:29,687 [ForkJoinPool.commonPool-worker-0] INFO  server.AbstractConnector (AbstractConnector.java:doStop(318)) - Stopped ServerConnector@448462f0{HTTP/1.1,[http/1.1]}{0.0.0.0:0}
2019-09-04 17:20:29,688 [main] INFO  handler.ContextHandler (ContextHandler.java:doStop(910)) - Stopped o.e.j.s.ServletContextHandler@7eb27768{/logs,file:///workdir/hadoop-ozone/integration-test/target/log,UNAVAILABLE}
2019-09-04 17:20:29,689 [ForkJoinPool.commonPool-worker-0] INFO  handler.ContextHandler (ContextHandler.java:doStop(910)) - Stopped o.e.j.s.ServletContextHandler@476fde05{/static,jar:file:/home/user/.m2/repository/org/apache/hadoop/hadoop-hdds-container-service/0.5.0-SNAPSHOT/hadoop-hdds-container-service-0.5.0-SNAPSHOT.jar!/webapps/static,UNAVAILABLE}
2019-09-04 17:20:29,691 [ForkJoinPool.commonPool-worker-0] INFO  handler.ContextHandler (ContextHandler.java:doStop(910)) - Stopped o.e.j.s.ServletContextHandler@6459f4ea{/logs,file:///workdir/hadoop-ozone/integration-test/target/log,UNAVAILABLE}
2019-09-04 17:20:30,202 [Datanode State Machine Thread - 0] INFO  statemachine.DatanodeStateMachine (DatanodeStateMachine.java:lambda$startDaemon$0(350)) - Ozone container server started.
2019-09-04 17:20:30,255 [Datanode State Machine Thread - 0] INFO  statemachine.DatanodeStateMachine (DatanodeStateMachine.java:lambda$startDaemon$0(350)) - Ozone container server started.
2019-09-04 17:20:34,264 [EventQueue-StaleNodeForStaleNodeHandler] INFO  node.StaleNodeHandler (StaleNodeHandler.java:onMessage(58)) - Datanode e1b16608-d523-4d5d-af4b-b418ef86114b{ip: 192.168.34.57, host: pr-hdds-1561-mdkws-1819952476, networkLocation: /default-rack, certSerialId: null} moved to stale state. Finalizing its pipelines [PipelineID=eab01a27-bc24-4ec6-a000-6a79dd08f32c]
2019-09-04 17:20:34,265 [EventQueue-StaleNodeForStaleNodeHandler] INFO  pipeline.SCMPipelineManager (SCMPipelineManager.java:finalizeAndDestroyPipeline(309)) - destroying pipeline:Pipeline[ Id: eab01a27-bc24-4ec6-a000-6a79dd08f32c, Nodes: e1b16608-d523-4d5d-af4b-b418ef86114b{ip: 192.168.34.57, host: pr-hdds-1561-mdkws-1819952476, networkLocation: /default-rack, certSerialId: null}, Type:RATIS, Factor:ONE, State:OPEN]
2019-09-04 17:20:34,265 [EventQueue-StaleNodeForStaleNodeHandler] INFO  pipeline.PipelineStateManager (PipelineStateManager.java:finalizePipeline(123)) - Pipeline Pipeline[ Id: eab01a27-bc24-4ec6-a000-6a79dd08f32c, Nodes: e1b16608-d523-4d5d-af4b-b418ef86114b{ip: 192.168.34.57, host: pr-hdds-1561-mdkws-1819952476, networkLocation: /default-rack, certSerialId: null}, Type:RATIS, Factor:ONE, State:CLOSED] moved to CLOSED state
2019-09-04 17:20:34,266 [EventQueue-StaleNodeForStaleNodeHandler] INFO  node.StaleNodeHandler (StaleNodeHandler.java:onMessage(58)) - Datanode a216e3c9-ad4a-49a6-bccb-13260cb54294{ip: 192.168.34.57, host: pr-hdds-1561-mdkws-1819952476, networkLocation: /default-rack, certSerialId: null} moved to stale state. Finalizing its pipelines [PipelineID=4f2f449b-9e20-4b9f-aef7-9db079cf1962, PipelineID=16c32039-ea6a-460e-803a-37943a23133d]
2019-09-04 17:20:34,266 [EventQueue-StaleNodeForStaleNodeHandler] INFO  pipeline.SCMPipelineManager (SCMPipelineManager.java:finalizeAndDestroyPipeline(309)) - destroying pipeline:Pipeline[ Id: 4f2f449b-9e20-4b9f-aef7-9db079cf1962, Nodes: a216e3c9-ad4a-49a6-bccb-13260cb54294{ip: 192.168.34.57, host: pr-hdds-1561-mdkws-1819952476, networkLocation: /default-rack, certSerialId: null}, Type:RATIS, Factor:ONE, State:OPEN]
2019-09-04 17:20:34,266 [EventQueue-StaleNodeForStaleNodeHandler] INFO  pipeline.PipelineStateManager (PipelineStateManager.java:finalizePipeline(123)) - Pipeline Pipeline[ Id: 4f2f449b-9e20-4b9f-aef7-9db079cf1962, Nodes: a216e3c9-ad4a-49a6-bccb-13260cb54294{ip: 192.168.34.57, host: pr-hdds-1561-mdkws-1819952476, networkLocation: /default-rack, certSerialId: null}, Type:RATIS, Factor:ONE, State:CLOSED] moved to CLOSED state
2019-09-04 17:20:34,266 [EventQueue-StaleNodeForStaleNodeHandler] INFO  pipeline.SCMPipelineManager (SCMPipelineManager.java:finalizeAndDestroyPipeline(309)) - destroying pipeline:Pipeline[ Id: 16c32039-ea6a-460e-803a-37943a23133d, Nodes: 80fd7bfd-9dae-4508-ab2c-21300ce3d3c9{ip: 192.168.34.57, host: pr-hdds-1561-mdkws-1819952476, networkLocation: /default-rack, certSerialId: null}fa649949-58de-4ced-9a7b-783533430b79{ip: 192.168.34.57, host: pr-hdds-1561-mdkws-1819952476, networkLocation: /default-rack, certSerialId: null}a216e3c9-ad4a-49a6-bccb-13260cb54294{ip: 192.168.34.57, host: pr-hdds-1561-mdkws-1819952476, networkLocation: /default-rack, certSerialId: null}, Type:RATIS, Factor:THREE, State:CLOSED]
2019-09-04 17:20:34,693 [ForkJoinPool.commonPool-worker-0] INFO  ozoneimpl.OzoneContainer (OzoneContainer.java:stop(216)) - Attempting to stop container services.
2019-09-04 17:20:34,693 [main] INFO  ozoneimpl.OzoneContainer (OzoneContainer.java:stop(216)) - Attempting to stop container services.
2019-09-04 17:20:34,698 [ForkJoinPool.commonPool-worker-0] INFO  impl.RaftServerProxy (RaftServerProxy.java:lambda$close$4(314)) - a216e3c9-ad4a-49a6-bccb-13260cb54294: close
2019-09-04 17:20:34,699 [main] INFO  impl.RaftServerProxy (RaftServerProxy.java:lambda$close$4(314)) - e1b16608-d523-4d5d-af4b-b418ef86114b: close
2019-09-04 17:20:34,699 [ForkJoinPool.commonPool-worker-0] INFO  impl.RaftServerImpl (RaftServerImpl.java:lambda$shutdown$3(251)) - a216e3c9-ad4a-49a6-bccb-13260cb54294@group-9DB079CF1962: shutdown
2019-09-04 17:20:34,699 [main] INFO  impl.RaftServerImpl (RaftServerImpl.java:lambda$shutdown$3(251)) - e1b16608-d523-4d5d-af4b-b418ef86114b@group-6A79DD08F32C: shutdown
2019-09-04 17:20:34,700 [ForkJoinPool.commonPool-worker-0] INFO  util.JmxRegister (JmxRegister.java:unregister(73)) - Successfully un-registered JMX Bean with object name Ratis:service=RaftServer,group=group-9DB079CF1962,id=a216e3c9-ad4a-49a6-bccb-13260cb54294
2019-09-04 17:20:34,700 [main] INFO  util.JmxRegister (JmxRegister.java:unregister(73)) - Successfully un-registered JMX Bean with object name Ratis:service=RaftServer,group=group-6A79DD08F32C,id=e1b16608-d523-4d5d-af4b-b418ef86114b
2019-09-04 17:20:34,700 [ForkJoinPool.commonPool-worker-0] INFO  impl.RoleInfo (RoleInfo.java:shutdownLeaderState(104)) - a216e3c9-ad4a-49a6-bccb-13260cb54294: shutdown LeaderState
2019-09-04 17:20:34,700 [main] INFO  impl.RoleInfo (RoleInfo.java:shutdownLeaderState(104)) - e1b16608-d523-4d5d-af4b-b418ef86114b: shutdown LeaderState
2019-09-04 17:20:34,701 [ForkJoinPool.commonPool-worker-0] INFO  impl.PendingRequests (PendingRequests.java:sendNotLeaderResponses(202)) - a216e3c9-ad4a-49a6-bccb-13260cb54294-PendingRequests: sendNotLeaderResponses
2019-09-04 17:20:34,701 [main] INFO  impl.PendingRequests (PendingRequests.java:sendNotLeaderResponses(202)) - e1b16608-d523-4d5d-af4b-b418ef86114b-PendingRequests: sendNotLeaderResponses
2019-09-04 17:20:34,702 [ForkJoinPool.commonPool-worker-0] INFO  impl.StateMachineUpdater (StateMachineUpdater.java:stopAndJoin(125)) - a216e3c9-ad4a-49a6-bccb-13260cb54294@group-9DB079CF1962-StateMachineUpdater: set stopIndex = 0
2019-09-04 17:20:34,702 [main] INFO  impl.StateMachineUpdater (StateMachineUpdater.java:stopAndJoin(125)) - e1b16608-d523-4d5d-af4b-b418ef86114b@group-6A79DD08F32C-StateMachineUpdater: set stopIndex = 0
2019-09-04 17:20:34,702 [ForkJoinPool.commonPool-worker-0] INFO  impl.RaftServerImpl (ServerState.java:close(385)) - a216e3c9-ad4a-49a6-bccb-13260cb54294@group-9DB079CF1962: closes. applyIndex: 0
2019-09-04 17:20:34,702 [main] INFO  impl.RaftServerImpl (ServerState.java:close(385)) - e1b16608-d523-4d5d-af4b-b418ef86114b@group-6A79DD08F32C: closes. applyIndex: 0
2019-09-04 17:20:34,703 [a216e3c9-ad4a-49a6-bccb-13260cb54294@group-9DB079CF1962-SegmentedRaftLogWorker] INFO  segmented.SegmentedRaftLogWorker (SegmentedRaftLogWorker.java:run(313)) - a216e3c9-ad4a-49a6-bccb-13260cb54294@group-9DB079CF1962-SegmentedRaftLogWorker was interrupted, exiting. There are 0 tasks remaining in the queue.
2019-09-04 17:20:34,703 [e1b16608-d523-4d5d-af4b-b418ef86114b@group-6A79DD08F32C-SegmentedRaftLogWorker] INFO  segmented.SegmentedRaftLogWorker (SegmentedRaftLogWorker.java:run(313)) - e1b16608-d523-4d5d-af4b-b418ef86114b@group-6A79DD08F32C-SegmentedRaftLogWorker was interrupted, exiting. There are 0 tasks remaining in the queue.
2019-09-04 17:20:34,714 [ForkJoinPool.commonPool-worker-0] INFO  segmented.SegmentedRaftLogWorker (SegmentedRaftLogWorker.java:close(228)) - a216e3c9-ad4a-49a6-bccb-13260cb54294@group-9DB079CF1962-SegmentedRaftLogWorker close()
2019-09-04 17:20:34,714 [main] INFO  segmented.SegmentedRaftLogWorker (SegmentedRaftLogWorker.java:close(228)) - e1b16608-d523-4d5d-af4b-b418ef86114b@group-6A79DD08F32C-SegmentedRaftLogWorker close()
2019-09-04 17:20:34,718 [ForkJoinPool.commonPool-worker-0] INFO  impl.RaftServerImpl (RaftServerImpl.java:lambda$shutdown$3(251)) - a216e3c9-ad4a-49a6-bccb-13260cb54294@group-37943A23133D: shutdown
2019-09-04 17:20:34,730 [main] INFO  server.GrpcService (GrpcService.java:closeImpl(164)) - e1b16608-d523-4d5d-af4b-b418ef86114b: shutdown server with port 33788 now
2019-09-04 17:20:34,730 [ForkJoinPool.commonPool-worker-0] INFO  util.JmxRegister (JmxRegister.java:unregister(73)) - Successfully un-registered JMX Bean with object name Ratis:service=RaftServer,group=group-37943A23133D,id=a216e3c9-ad4a-49a6-bccb-13260cb54294
2019-09-04 17:20:34,731 [ForkJoinPool.commonPool-worker-0] INFO  impl.RoleInfo (RoleInfo.java:shutdownFollowerState(121)) - a216e3c9-ad4a-49a6-bccb-13260cb54294: shutdown FollowerState
2019-09-04 17:20:34,731 [ForkJoinPool.commonPool-worker-0] INFO  impl.StateMachineUpdater (StateMachineUpdater.java:stopAndJoin(125)) - a216e3c9-ad4a-49a6-bccb-13260cb54294@group-37943A23133D-StateMachineUpdater: set stopIndex = 16
2019-09-04 17:20:34,732 [main] INFO  server.GrpcService (GrpcService.java:closeImpl(172)) - e1b16608-d523-4d5d-af4b-b418ef86114b: shutdown server with port 33788 successfully
2019-09-04 17:20:34,732 [Thread-3279] INFO  impl.FollowerState (FollowerState.java:run(115)) - a216e3c9-ad4a-49a6-bccb-13260cb54294: FollowerState was interrupted: java.lang.InterruptedException: sleep interrupted
2019-09-04 17:20:34,732 [a216e3c9-ad4a-49a6-bccb-13260cb54294@group-37943A23133D-StateMachineUpdater] INFO  ratis.ContainerStateMachine (ContainerStateMachine.java:takeSnapshot(289)) - group-37943A23133D: Taking a snapshot at:(t:2, i:14) file /workdir/hadoop-ozone/integration-test/target/test-dir/MiniOzoneClusterImpl-2f594647-c66f-4987-a195-77c452f53489/datanode-0/data/ratis/16c32039-ea6a-460e-803a-37943a23133d/sm/snapshot.2_14
2019-09-04 17:20:34,736 [refreshUsed-/workdir/hadoop-ozone/integration-test/target/test-dir/MiniOzoneClusterImpl-2f594647-c66f-4987-a195-77c452f53489/datanode-5/data/containers] WARN  fs.CachingGetSpaceUsed (CachingGetSpaceUsed.java:run(183)) - Thread Interrupted waiting to refresh disk information: sleep interrupted
2019-09-04 17:20:34,745 [a216e3c9-ad4a-49a6-bccb-13260cb54294@group-37943A23133D-StateMachineUpdater] INFO  ratis.ContainerStateMachine (ContainerStateMachine.java:takeSnapshot(300)) - group-37943A23133D: Finished taking a snapshot at:(t:2, i:14) file:/workdir/hadoop-ozone/integration-test/target/test-dir/MiniOzoneClusterImpl-2f594647-c66f-4987-a195-77c452f53489/datanode-0/data/ratis/16c32039-ea6a-460e-803a-37943a23133d/sm/snapshot.2_14 time:13
2019-09-04 17:20:34,745 [a216e3c9-ad4a-49a6-bccb-13260cb54294@group-37943A23133D-StateMachineUpdater] INFO  impl.StateMachineUpdater (StateMachineUpdater.java:takeSnapshot(258)) - a216e3c9-ad4a-49a6-bccb-13260cb54294@group-37943A23133D-StateMachineUpdater: Took a snapshot at index 14
2019-09-04 17:20:34,745 [a216e3c9-ad4a-49a6-bccb-13260cb54294@group-37943A23133D-StateMachineUpdater] INFO  impl.StateMachineUpdater (StateMachineUpdater.java:lambda$new$0(83)) - a216e3c9-ad4a-49a6-bccb-13260cb54294@group-37943A23133D-StateMachineUpdater: snapshotIndex: updateIncreasingly -1 -> 14
2019-09-04 17:20:34,746 [a216e3c9-ad4a-49a6-bccb-13260cb54294@group-37943A23133D-StateMachineUpdater] INFO  ratis.ContainerStateMachine (ContainerStateMachine.java:takeSnapshot(289)) - group-37943A23133D: Taking a snapshot at:(t:2, i:14) file /workdir/hadoop-ozone/integration-test/target/test-dir/MiniOzoneClusterImpl-2f594647-c66f-4987-a195-77c452f53489/datanode-0/data/ratis/16c32039-ea6a-460e-803a-37943a23133d/sm/snapshot.2_14
2019-09-04 17:20:34,756 [main] INFO  utils.BackgroundService (BackgroundService.java:shutdown(148)) - Shutting down service BlockDeletingService
2019-09-04 17:20:34,758 [a216e3c9-ad4a-49a6-bccb-13260cb54294@group-37943A23133D-StateMachineUpdater] INFO  ratis.ContainerStateMachine (ContainerStateMachine.java:takeSnapshot(300)) - group-37943A23133D: Finished taking a snapshot at:(t:2, i:14) file:/workdir/hadoop-ozone/integration-test/target/test-dir/MiniOzoneClusterImpl-2f594647-c66f-4987-a195-77c452f53489/datanode-0/data/ratis/16c32039-ea6a-460e-803a-37943a23133d/sm/snapshot.2_14 time:12
2019-09-04 17:20:34,759 [a216e3c9-ad4a-49a6-bccb-13260cb54294@group-37943A23133D-StateMachineUpdater] INFO  impl.StateMachineUpdater (StateMachineUpdater.java:takeSnapshot(258)) - a216e3c9-ad4a-49a6-bccb-13260cb54294@group-37943A23133D-StateMachineUpdater: Took a snapshot at index 14
2019-09-04 17:20:34,761 [a216e3c9-ad4a-49a6-bccb-13260cb54294@group-37943A23133D-StateMachineUpdater] INFO  impl.StateMachineUpdater (StateMachineUpdater.java:lambda$new$0(83)) - a216e3c9-ad4a-49a6-bccb-13260cb54294@group-37943A23133D-StateMachineUpdater: snapshotIndex: updateIncreasingly 14 -> 14
2019-09-04 17:20:34,762 [main] INFO  statemachine.DatanodeStateMachine (DatanodeStateMachine.java:stopDaemon(395)) - Ozone container server stopped.
2019-09-04 17:20:34,762 [ForkJoinPool.commonPool-worker-0] INFO  impl.RaftServerImpl (ServerState.java:close(385)) - a216e3c9-ad4a-49a6-bccb-13260cb54294@group-37943A23133D: closes. applyIndex: 16
2019-09-04 17:20:34,763 [a216e3c9-ad4a-49a6-bccb-13260cb54294@group-37943A23133D-SegmentedRaftLogWorker] INFO  segmented.SegmentedRaftLogWorker (SegmentedRaftLogWorker.java:run(313)) - a216e3c9-ad4a-49a6-bccb-13260cb54294@group-37943A23133D-SegmentedRaftLogWorker was interrupted, exiting. There are 0 tasks remaining in the queue.
2019-09-04 17:20:34,763 [ForkJoinPool.commonPool-worker-0] INFO  segmented.SegmentedRaftLogWorker (SegmentedRaftLogWorker.java:close(228)) - a216e3c9-ad4a-49a6-bccb-13260cb54294@group-37943A23133D-SegmentedRaftLogWorker close()
2019-09-04 17:20:34,765 [ForkJoinPool.commonPool-worker-0] INFO  server.GrpcService (GrpcService.java:closeImpl(164)) - a216e3c9-ad4a-49a6-bccb-13260cb54294: shutdown server with port 36441 now
2019-09-04 17:20:34,765 [main] INFO  handler.ContextHandler (ContextHandler.java:doStop(910)) - Stopped o.e.j.w.WebAppContext@70d4f672{/,null,UNAVAILABLE}{/hddsDatanode}
2019-09-04 17:20:34,766 [ForkJoinPool.commonPool-worker-0] INFO  server.GrpcService (GrpcService.java:closeImpl(172)) - a216e3c9-ad4a-49a6-bccb-13260cb54294: shutdown server with port 36441 successfully
2019-09-04 17:20:34,766 [main] INFO  server.AbstractConnector (AbstractConnector.java:doStop(318)) - Stopped ServerConnector@68dfda77{HTTP/1.1,[http/1.1]}{0.0.0.0:0}
2019-09-04 17:20:34,767 [main] INFO  handler.ContextHandler (ContextHandler.java:doStop(910)) - Stopped o.e.j.s.ServletContextHandler@a91119b{/static,jar:file:/home/user/.m2/repository/org/apache/hadoop/hadoop-hdds-container-service/0.5.0-SNAPSHOT/hadoop-hdds-container-service-0.5.0-SNAPSHOT.jar!/webapps/static,UNAVAILABLE}
2019-09-04 17:20:34,768 [refreshUsed-/workdir/hadoop-ozone/integration-test/target/test-dir/MiniOzoneClusterImpl-2f594647-c66f-4987-a195-77c452f53489/datanode-0/data/containers] WARN  fs.CachingGetSpaceUsed (CachingGetSpaceUsed.java:run(183)) - Thread Interrupted waiting to refresh disk information: sleep interrupted
2019-09-04 17:20:34,768 [main] INFO  handler.ContextHandler (ContextHandler.java:doStop(910)) - Stopped o.e.j.s.ServletContextHandler@70b48eb3{/logs,file:///workdir/hadoop-ozone/integration-test/target/log,UNAVAILABLE}
2019-09-04 17:20:34,779 [ForkJoinPool.commonPool-worker-0] INFO  utils.BackgroundService (BackgroundService.java:shutdown(148)) - Shutting down service BlockDeletingService
2019-09-04 17:20:34,783 [ForkJoinPool.commonPool-worker-0] INFO  statemachine.DatanodeStateMachine (DatanodeStateMachine.java:stopDaemon(395)) - Ozone container server stopped.
2019-09-04 17:20:34,786 [ForkJoinPool.commonPool-worker-0] INFO  handler.ContextHandler (ContextHandler.java:doStop(910)) - Stopped o.e.j.w.WebAppContext@6c0b51da{/,null,UNAVAILABLE}{/hddsDatanode}
2019-09-04 17:20:34,787 [ForkJoinPool.commonPool-worker-0] INFO  server.AbstractConnector (AbstractConnector.java:doStop(318)) - Stopped ServerConnector@7558633{HTTP/1.1,[http/1.1]}{0.0.0.0:0}
2019-09-04 17:20:34,788 [ForkJoinPool.commonPool-worker-0] INFO  handler.ContextHandler (ContextHandler.java:doStop(910)) - Stopped o.e.j.s.ServletContextHandler@38ac8968{/static,jar:file:/home/user/.m2/repository/org/apache/hadoop/hadoop-hdds-container-service/0.5.0-SNAPSHOT/hadoop-hdds-container-service-0.5.0-SNAPSHOT.jar!/webapps/static,UNAVAILABLE}
2019-09-04 17:20:34,789 [ForkJoinPool.commonPool-worker-0] INFO  handler.ContextHandler (ContextHandler.java:doStop(910)) - Stopped o.e.j.s.ServletContextHandler@1a1c21b4{/logs,file:///workdir/hadoop-ozone/integration-test/target/log,UNAVAILABLE}
2019-09-04 17:20:34,790 [main] INFO  ozone.MiniOzoneClusterImpl (MiniOzoneClusterImpl.java:stop(339)) - Stopping the StorageContainerManager
2019-09-04 17:20:34,790 [main] INFO  server.StorageContainerManager (StorageContainerManager.java:stop(797)) - Stopping Replication Manager Service.
2019-09-04 17:20:34,791 [main] INFO  container.ReplicationManager (ReplicationManager.java:stop(203)) - Stopping Replication Monitor Thread.
2019-09-04 17:20:34,791 [main] INFO  server.StorageContainerManager (StorageContainerManager.java:stop(804)) - Stopping Lease Manager of the command watchers
2019-09-04 17:20:34,791 [main] INFO  server.StorageContainerManager (StorageContainerManager.java:stop(811)) - Stopping datanode service RPC server
2019-09-04 17:20:34,792 [main] INFO  server.SCMDatanodeProtocolServer (SCMDatanodeProtocolServer.java:stop(367)) - Stopping the RPC server for DataNodes
2019-09-04 17:20:34,792 [main] INFO  ipc.Server (Server.java:stop(3082)) - Stopping server on 41007
2019-09-04 17:20:34,799 [IPC Server listener on 41007] INFO  ipc.Server (Server.java:run(1185)) - Stopping IPC Server listener on 41007
2019-09-04 17:20:34,799 [IPC Server Responder] INFO  ipc.Server (Server.java:run(1319)) - Stopping IPC Server Responder
2019-09-04 17:20:34,865 [SCM Heartbeat Processing Thread - 0] WARN  node.NodeStateManager (NodeStateManager.java:scheduleNextHealthCheck(646)) - Current Thread is interrupted, shutting down HB processing thread for Node Manager.
2019-09-04 17:20:34,865 [main] INFO  server.StorageContainerManager (StorageContainerManager.java:stop(819)) - Stopping block service RPC server
2019-09-04 17:20:34,866 [main] INFO  server.SCMBlockProtocolServer (SCMBlockProtocolServer.java:stop(155)) - Stopping the RPC server for Block Protocol
2019-09-04 17:20:34,866 [main] INFO  ipc.Server (Server.java:stop(3082)) - Stopping server on 46624
2019-09-04 17:20:34,868 [IPC Server listener on 46624] INFO  ipc.Server (Server.java:run(1185)) - Stopping IPC Server listener on 46624
2019-09-04 17:20:34,868 [main] INFO  server.StorageContainerManager (StorageContainerManager.java:stop(826)) - Stopping the StorageContainerLocationProtocol RPC server
2019-09-04 17:20:34,869 [IPC Server Responder] INFO  ipc.Server (Server.java:run(1319)) - Stopping IPC Server Responder
2019-09-04 17:20:34,869 [main] INFO  server.SCMClientProtocolServer (SCMClientProtocolServer.java:stop(159)) - Stopping the RPC server for Client Protocol
2019-09-04 17:20:34,870 [main] INFO  ipc.Server (Server.java:stop(3082)) - Stopping server on 43357
2019-09-04 17:20:34,872 [main] INFO  server.StorageContainerManager (StorageContainerManager.java:stop(833)) - Stopping Storage Container Manager HTTP server.
2019-09-04 17:20:34,872 [IPC Server listener on 43357] INFO  ipc.Server (Server.java:run(1185)) - Stopping IPC Server listener on 43357
2019-09-04 17:20:34,872 [IPC Server Responder] INFO  ipc.Server (Server.java:run(1319)) - Stopping IPC Server Responder
2019-09-04 17:20:34,874 [main] INFO  handler.ContextHandler (ContextHandler.java:doStop(910)) - Stopped o.e.j.w.WebAppContext@7f3c0399{/,null,UNAVAILABLE}{/scm}
2019-09-04 17:20:34,874 [main] INFO  server.AbstractConnector (AbstractConnector.java:doStop(318)) - Stopped ServerConnector@183fc2fa{HTTP/1.1,[http/1.1]}{0.0.0.0:0}
2019-09-04 17:20:34,875 [main] INFO  handler.ContextHandler (ContextHandler.java:doStop(910)) - Stopped o.e.j.s.ServletContextHandler@de579ff{/static,file:///workdir/hadoop-ozone/integration-test/target/test-classes/webapps/static,UNAVAILABLE}
2019-09-04 17:20:34,875 [main] INFO  handler.ContextHandler (ContextHandler.java:doStop(910)) - Stopped o.e.j.s.ServletContextHandler@349c4d1c{/logs,file:///workdir/hadoop-ozone/integration-test/target/log,UNAVAILABLE}
2019-09-04 17:20:34,876 [main] INFO  server.StorageContainerManager (StorageContainerManager.java:stop(844)) - Stopping Block Manager Service.
2019-09-04 17:20:34,877 [main] INFO  utils.BackgroundService (BackgroundService.java:shutdown(148)) - Shutting down service SCMBlockDeletingService
2019-09-04 17:20:34,877 [main] INFO  utils.BackgroundService (BackgroundService.java:shutdown(148)) - Shutting down service SCMBlockDeletingService
2019-09-04 17:20:34,878 [main] INFO  server.StorageContainerManager (StorageContainerManager.java:stop(866)) - Stopping SCM Event Queue.
2019-09-04 17:20:34,884 [main] INFO  impl.MetricsSystemImpl (MetricsSystemImpl.java:stop(210)) - Stopping HddsDatanode metrics system...
2019-09-04 17:20:34,908 [main] INFO  impl.MetricsSystemImpl (MetricsSystemImpl.java:stop(216)) - HddsDatanode metrics system stopped.
]]></system-out>
    <system-err><![CDATA[Sep 04, 2019 5:20:03 PM org.apache.ratis.thirdparty.io.grpc.internal.ManagedChannelOrphanWrapper$ManagedChannelReference cleanQueue
SEVERE: *~*~*~ Channel ManagedChannelImpl{logId=2761, target=192.168.34.57:44010} was not shutdown properly!!! ~*~*~*
    Make sure to call shutdown()/shutdownNow() and wait until awaitTermination() returns true.
java.lang.RuntimeException: ManagedChannel allocation site
	at org.apache.ratis.thirdparty.io.grpc.internal.ManagedChannelOrphanWrapper$ManagedChannelReference.<init>(ManagedChannelOrphanWrapper.java:103)
	at org.apache.ratis.thirdparty.io.grpc.internal.ManagedChannelOrphanWrapper.<init>(ManagedChannelOrphanWrapper.java:53)
	at org.apache.ratis.thirdparty.io.grpc.internal.ManagedChannelOrphanWrapper.<init>(ManagedChannelOrphanWrapper.java:44)
	at org.apache.ratis.thirdparty.io.grpc.internal.AbstractManagedChannelImplBuilder.build(AbstractManagedChannelImplBuilder.java:411)
	at org.apache.hadoop.hdds.scm.XceiverClientGrpc.connectToDatanode(XceiverClientGrpc.java:175)
	at org.apache.hadoop.hdds.scm.XceiverClientGrpc.reconnect(XceiverClientGrpc.java:423)
	at org.apache.hadoop.hdds.scm.XceiverClientGrpc.sendCommandAsync(XceiverClientGrpc.java:372)
	at org.apache.hadoop.hdds.scm.XceiverClientGrpc.sendCommandWithRetry(XceiverClientGrpc.java:285)
	at org.apache.hadoop.hdds.scm.XceiverClientGrpc.sendCommandWithTraceIDAndRetry(XceiverClientGrpc.java:251)
	at org.apache.hadoop.hdds.scm.XceiverClientGrpc.sendCommand(XceiverClientGrpc.java:234)
	at org.apache.hadoop.hdds.scm.storage.ContainerProtocolCalls.getBlock(ContainerProtocolCalls.java:118)
	at org.apache.hadoop.hdds.scm.storage.BlockInputStream.getChunkInfos(BlockInputStream.java:167)
	at org.apache.hadoop.hdds.scm.storage.BlockInputStream.initialize(BlockInputStream.java:118)
	at org.apache.hadoop.hdds.scm.storage.BlockInputStream.read(BlockInputStream.java:222)
	at org.apache.hadoop.ozone.client.io.KeyInputStream.read(KeyInputStream.java:171)
	at org.apache.hadoop.ozone.client.io.OzoneInputStream.read(OzoneInputStream.java:47)
	at java.io.InputStream.read(InputStream.java:101)
	at org.apache.hadoop.ozone.container.ContainerTestHelper.validateData(ContainerTestHelper.java:714)
	at org.apache.hadoop.ozone.client.rpc.TestBlockOutputStreamWithFailures.validateData(TestBlockOutputStreamWithFailures.java:1216)
	at org.apache.hadoop.ozone.client.rpc.TestBlockOutputStreamWithFailures.testDatanodeFailureWithSingleNodeRatis(TestBlockOutputStreamWithFailures.java:1058)
	at sun.reflect.NativeMethodAccessorImpl.invoke0(Native Method)
	at sun.reflect.NativeMethodAccessorImpl.invoke(NativeMethodAccessorImpl.java:62)
	at sun.reflect.DelegatingMethodAccessorImpl.invoke(DelegatingMethodAccessorImpl.java:43)
	at java.lang.reflect.Method.invoke(Method.java:498)
	at org.junit.runners.model.FrameworkMethod$1.runReflectiveCall(FrameworkMethod.java:47)
	at org.junit.internal.runners.model.ReflectiveCallable.run(ReflectiveCallable.java:12)
	at org.junit.runners.model.FrameworkMethod.invokeExplosively(FrameworkMethod.java:44)
	at org.junit.internal.runners.statements.InvokeMethod.evaluate(InvokeMethod.java:17)
	at org.junit.internal.runners.statements.RunBefores.evaluate(RunBefores.java:26)
	at org.junit.internal.runners.statements.RunAfters.evaluate(RunAfters.java:27)
	at org.junit.runners.ParentRunner.runLeaf(ParentRunner.java:271)
	at org.junit.runners.BlockJUnit4ClassRunner.runChild(BlockJUnit4ClassRunner.java:70)
	at org.junit.runners.BlockJUnit4ClassRunner.runChild(BlockJUnit4ClassRunner.java:50)
	at org.junit.runners.ParentRunner$3.run(ParentRunner.java:238)
	at org.junit.runners.ParentRunner$1.schedule(ParentRunner.java:63)
	at org.junit.runners.ParentRunner.runChildren(ParentRunner.java:236)
	at org.junit.runners.ParentRunner.access$000(ParentRunner.java:53)
	at org.junit.runners.ParentRunner$2.evaluate(ParentRunner.java:229)
	at org.junit.runners.ParentRunner.run(ParentRunner.java:309)
	at org.apache.maven.surefire.junit4.JUnit4Provider.execute(JUnit4Provider.java:365)
	at org.apache.maven.surefire.junit4.JUnit4Provider.executeWithRerun(JUnit4Provider.java:273)
	at org.apache.maven.surefire.junit4.JUnit4Provider.executeTestSet(JUnit4Provider.java:238)
	at org.apache.maven.surefire.junit4.JUnit4Provider.invoke(JUnit4Provider.java:159)
	at org.apache.maven.surefire.booter.ForkedBooter.invokeProviderInSameClassLoader(ForkedBooter.java:384)
	at org.apache.maven.surefire.booter.ForkedBooter.runSuitesInProcess(ForkedBooter.java:345)
	at org.apache.maven.surefire.booter.ForkedBooter.execute(ForkedBooter.java:126)
	at org.apache.maven.surefire.booter.ForkedBooter.main(ForkedBooter.java:418)

Sep 04, 2019 5:20:03 PM org.apache.ratis.thirdparty.io.grpc.internal.ManagedChannelOrphanWrapper$ManagedChannelReference cleanQueue
SEVERE: *~*~*~ Channel ManagedChannelImpl{logId=2986, target=192.168.34.57:36674} was not shutdown properly!!! ~*~*~*
    Make sure to call shutdown()/shutdownNow() and wait until awaitTermination() returns true.
java.lang.RuntimeException: ManagedChannel allocation site
	at org.apache.ratis.thirdparty.io.grpc.internal.ManagedChannelOrphanWrapper$ManagedChannelReference.<init>(ManagedChannelOrphanWrapper.java:103)
	at org.apache.ratis.thirdparty.io.grpc.internal.ManagedChannelOrphanWrapper.<init>(ManagedChannelOrphanWrapper.java:53)
	at org.apache.ratis.thirdparty.io.grpc.internal.ManagedChannelOrphanWrapper.<init>(ManagedChannelOrphanWrapper.java:44)
	at org.apache.ratis.thirdparty.io.grpc.internal.AbstractManagedChannelImplBuilder.build(AbstractManagedChannelImplBuilder.java:411)
	at org.apache.ratis.grpc.client.GrpcClientProtocolClient.<init>(GrpcClientProtocolClient.java:127)
	at org.apache.ratis.grpc.client.GrpcClientRpc.lambda$new$0(GrpcClientRpc.java:55)
	at org.apache.ratis.util.PeerProxyMap$PeerAndProxy.lambda$getProxy$0(PeerProxyMap.java:61)
	at org.apache.ratis.util.LifeCycle.startAndTransition(LifeCycle.java:202)
	at org.apache.ratis.util.PeerProxyMap$PeerAndProxy.getProxy(PeerProxyMap.java:60)
	at org.apache.ratis.util.PeerProxyMap.getProxy(PeerProxyMap.java:108)
	at org.apache.ratis.grpc.client.GrpcClientRpc.sendRequestAsync(GrpcClientRpc.java:66)
	at org.apache.ratis.client.impl.OrderedAsync.sendRequest(OrderedAsync.java:208)
	at org.apache.ratis.client.impl.OrderedAsync.sendRequestWithRetry(OrderedAsync.java:169)
	at org.apache.ratis.util.SlidingWindow$Client.sendOrDelayRequest(SlidingWindow.java:278)
	at org.apache.ratis.util.SlidingWindow$Client.submitNewRequest(SlidingWindow.java:257)
	at org.apache.ratis.client.impl.OrderedAsync.send(OrderedAsync.java:155)
	at org.apache.ratis.client.impl.RaftClientImpl.sendAsync(RaftClientImpl.java:144)
	at org.apache.ratis.client.impl.RaftClientImpl.sendAsync(RaftClientImpl.java:124)
	at org.apache.hadoop.hdds.scm.XceiverClientRatis.sendRequestAsync(XceiverClientRatis.java:224)
	at org.apache.hadoop.hdds.scm.XceiverClientRatis.sendCommandAsync(XceiverClientRatis.java:302)
	at org.apache.hadoop.hdds.scm.storage.ContainerProtocolCalls.writeChunkAsync(ContainerProtocolCalls.java:310)
	at org.apache.hadoop.hdds.scm.storage.BlockOutputStream.writeChunkToContainer(BlockOutputStream.java:601)
	at org.apache.hadoop.hdds.scm.storage.BlockOutputStream.writeChunk(BlockOutputStream.java:459)
	at org.apache.hadoop.hdds.scm.storage.BlockOutputStream.writeOnRetry(BlockOutputStream.java:285)
	at org.apache.hadoop.ozone.client.io.BlockOutputStreamEntry.writeOnRetry(BlockOutputStreamEntry.java:200)
	at org.apache.hadoop.ozone.client.io.KeyOutputStream.handleWrite(KeyOutputStream.java:209)
	at org.apache.hadoop.ozone.client.io.KeyOutputStream.handleRetry(KeyOutputStream.java:376)
	at org.apache.hadoop.ozone.client.io.KeyOutputStream.handleException(KeyOutputStream.java:325)
	at org.apache.hadoop.ozone.client.io.KeyOutputStream.handleFlushOrClose(KeyOutputStream.java:448)
	at org.apache.hadoop.ozone.client.io.KeyOutputStream.handleWrite(KeyOutputStream.java:235)
	at org.apache.hadoop.ozone.client.io.KeyOutputStream.write(KeyOutputStream.java:193)
	at org.apache.hadoop.ozone.client.io.OzoneOutputStream.write(OzoneOutputStream.java:49)
	at java.io.OutputStream.write(OutputStream.java:75)
	at org.apache.hadoop.ozone.client.rpc.TestBlockOutputStreamWithFailures.testWatchForCommitWithSingleNodeRatis(TestBlockOutputStreamWithFailures.java:885)
	at sun.reflect.NativeMethodAccessorImpl.invoke0(Native Method)
	at sun.reflect.NativeMethodAccessorImpl.invoke(NativeMethodAccessorImpl.java:62)
	at sun.reflect.DelegatingMethodAccessorImpl.invoke(DelegatingMethodAccessorImpl.java:43)
	at java.lang.reflect.Method.invoke(Method.java:498)
	at org.junit.runners.model.FrameworkMethod$1.runReflectiveCall(FrameworkMethod.java:47)
	at org.junit.internal.runners.model.ReflectiveCallable.run(ReflectiveCallable.java:12)
	at org.junit.runners.model.FrameworkMethod.invokeExplosively(FrameworkMethod.java:44)
	at org.junit.internal.runners.statements.InvokeMethod.evaluate(InvokeMethod.java:17)
	at org.junit.internal.runners.statements.RunBefores.evaluate(RunBefores.java:26)
	at org.junit.internal.runners.statements.RunAfters.evaluate(RunAfters.java:27)
	at org.junit.runners.ParentRunner.runLeaf(ParentRunner.java:271)
	at org.junit.runners.BlockJUnit4ClassRunner.runChild(BlockJUnit4ClassRunner.java:70)
	at org.junit.runners.BlockJUnit4ClassRunner.runChild(BlockJUnit4ClassRunner.java:50)
	at org.junit.runners.ParentRunner$3.run(ParentRunner.java:238)
	at org.junit.runners.ParentRunner$1.schedule(ParentRunner.java:63)
	at org.junit.runners.ParentRunner.runChildren(ParentRunner.java:236)
	at org.junit.runners.ParentRunner.access$000(ParentRunner.java:53)
	at org.junit.runners.ParentRunner$2.evaluate(ParentRunner.java:229)
	at org.junit.runners.ParentRunner.run(ParentRunner.java:309)
	at org.apache.maven.surefire.junit4.JUnit4Provider.execute(JUnit4Provider.java:365)
	at org.apache.maven.surefire.junit4.JUnit4Provider.executeWithRerun(JUnit4Provider.java:273)
	at org.apache.maven.surefire.junit4.JUnit4Provider.executeTestSet(JUnit4Provider.java:238)
	at org.apache.maven.surefire.junit4.JUnit4Provider.invoke(JUnit4Provider.java:159)
	at org.apache.maven.surefire.booter.ForkedBooter.invokeProviderInSameClassLoader(ForkedBooter.java:384)
	at org.apache.maven.surefire.booter.ForkedBooter.runSuitesInProcess(ForkedBooter.java:345)
	at org.apache.maven.surefire.booter.ForkedBooter.execute(ForkedBooter.java:126)
	at org.apache.maven.surefire.booter.ForkedBooter.main(ForkedBooter.java:418)

Sep 04, 2019 5:20:03 PM org.apache.ratis.thirdparty.io.grpc.internal.ManagedChannelOrphanWrapper$ManagedChannelReference cleanQueue
SEVERE: *~*~*~ Channel ManagedChannelImpl{logId=2731, target=192.168.34.57:33099} was not shutdown properly!!! ~*~*~*
    Make sure to call shutdown()/shutdownNow() and wait until awaitTermination() returns true.
java.lang.RuntimeException: ManagedChannel allocation site
	at org.apache.ratis.thirdparty.io.grpc.internal.ManagedChannelOrphanWrapper$ManagedChannelReference.<init>(ManagedChannelOrphanWrapper.java:103)
	at org.apache.ratis.thirdparty.io.grpc.internal.ManagedChannelOrphanWrapper.<init>(ManagedChannelOrphanWrapper.java:53)
	at org.apache.ratis.thirdparty.io.grpc.internal.ManagedChannelOrphanWrapper.<init>(ManagedChannelOrphanWrapper.java:44)
	at org.apache.ratis.thirdparty.io.grpc.internal.AbstractManagedChannelImplBuilder.build(AbstractManagedChannelImplBuilder.java:411)
	at org.apache.ratis.grpc.client.GrpcClientProtocolClient.<init>(GrpcClientProtocolClient.java:127)
	at org.apache.ratis.grpc.client.GrpcClientRpc.lambda$new$0(GrpcClientRpc.java:55)
	at org.apache.ratis.util.PeerProxyMap$PeerAndProxy.lambda$getProxy$0(PeerProxyMap.java:61)
	at org.apache.ratis.util.LifeCycle.startAndTransition(LifeCycle.java:202)
	at org.apache.ratis.util.PeerProxyMap$PeerAndProxy.getProxy(PeerProxyMap.java:60)
	at org.apache.ratis.util.PeerProxyMap.getProxy(PeerProxyMap.java:108)
	at org.apache.ratis.grpc.client.GrpcClientRpc.sendRequestAsync(GrpcClientRpc.java:66)
	at org.apache.ratis.client.impl.OrderedAsync.sendRequest(OrderedAsync.java:208)
	at org.apache.ratis.client.impl.OrderedAsync.sendRequestWithRetry(OrderedAsync.java:169)
	at org.apache.ratis.util.SlidingWindow$Client.sendOrDelayRequest(SlidingWindow.java:278)
	at org.apache.ratis.util.SlidingWindow$Client.submitNewRequest(SlidingWindow.java:257)
	at org.apache.ratis.client.impl.OrderedAsync.send(OrderedAsync.java:155)
	at org.apache.ratis.client.impl.RaftClientImpl.sendAsync(RaftClientImpl.java:144)
	at org.apache.ratis.client.impl.RaftClientImpl.sendAsync(RaftClientImpl.java:124)
	at org.apache.hadoop.hdds.scm.XceiverClientRatis.sendRequestAsync(XceiverClientRatis.java:224)
	at org.apache.hadoop.hdds.scm.XceiverClientRatis.sendCommandAsync(XceiverClientRatis.java:302)
	at org.apache.hadoop.hdds.scm.storage.ContainerProtocolCalls.writeChunkAsync(ContainerProtocolCalls.java:310)
	at org.apache.hadoop.hdds.scm.storage.BlockOutputStream.writeChunkToContainer(BlockOutputStream.java:601)
	at org.apache.hadoop.hdds.scm.storage.BlockOutputStream.writeChunk(BlockOutputStream.java:459)
	at org.apache.hadoop.hdds.scm.storage.BlockOutputStream.writeOnRetry(BlockOutputStream.java:285)
	at org.apache.hadoop.ozone.client.io.BlockOutputStreamEntry.writeOnRetry(BlockOutputStreamEntry.java:200)
	at org.apache.hadoop.ozone.client.io.KeyOutputStream.handleWrite(KeyOutputStream.java:209)
	at org.apache.hadoop.ozone.client.io.KeyOutputStream.handleRetry(KeyOutputStream.java:376)
	at org.apache.hadoop.ozone.client.io.KeyOutputStream.handleException(KeyOutputStream.java:325)
	at org.apache.hadoop.ozone.client.io.KeyOutputStream.handleFlushOrClose(KeyOutputStream.java:448)
	at org.apache.hadoop.ozone.client.io.KeyOutputStream.handleWrite(KeyOutputStream.java:235)
	at org.apache.hadoop.ozone.client.io.KeyOutputStream.write(KeyOutputStream.java:193)
	at org.apache.hadoop.ozone.client.io.OzoneOutputStream.write(OzoneOutputStream.java:49)
	at java.io.OutputStream.write(OutputStream.java:75)
	at org.apache.hadoop.ozone.client.rpc.TestBlockOutputStreamWithFailures.testDatanodeFailureWithSingleNodeRatis(TestBlockOutputStreamWithFailures.java:1021)
	at sun.reflect.NativeMethodAccessorImpl.invoke0(Native Method)
	at sun.reflect.NativeMethodAccessorImpl.invoke(NativeMethodAccessorImpl.java:62)
	at sun.reflect.DelegatingMethodAccessorImpl.invoke(DelegatingMethodAccessorImpl.java:43)
	at java.lang.reflect.Method.invoke(Method.java:498)
	at org.junit.runners.model.FrameworkMethod$1.runReflectiveCall(FrameworkMethod.java:47)
	at org.junit.internal.runners.model.ReflectiveCallable.run(ReflectiveCallable.java:12)
	at org.junit.runners.model.FrameworkMethod.invokeExplosively(FrameworkMethod.java:44)
	at org.junit.internal.runners.statements.InvokeMethod.evaluate(InvokeMethod.java:17)
	at org.junit.internal.runners.statements.RunBefores.evaluate(RunBefores.java:26)
	at org.junit.internal.runners.statements.RunAfters.evaluate(RunAfters.java:27)
	at org.junit.runners.ParentRunner.runLeaf(ParentRunner.java:271)
	at org.junit.runners.BlockJUnit4ClassRunner.runChild(BlockJUnit4ClassRunner.java:70)
	at org.junit.runners.BlockJUnit4ClassRunner.runChild(BlockJUnit4ClassRunner.java:50)
	at org.junit.runners.ParentRunner$3.run(ParentRunner.java:238)
	at org.junit.runners.ParentRunner$1.schedule(ParentRunner.java:63)
	at org.junit.runners.ParentRunner.runChildren(ParentRunner.java:236)
	at org.junit.runners.ParentRunner.access$000(ParentRunner.java:53)
	at org.junit.runners.ParentRunner$2.evaluate(ParentRunner.java:229)
	at org.junit.runners.ParentRunner.run(ParentRunner.java:309)
	at org.apache.maven.surefire.junit4.JUnit4Provider.execute(JUnit4Provider.java:365)
	at org.apache.maven.surefire.junit4.JUnit4Provider.executeWithRerun(JUnit4Provider.java:273)
	at org.apache.maven.surefire.junit4.JUnit4Provider.executeTestSet(JUnit4Provider.java:238)
	at org.apache.maven.surefire.junit4.JUnit4Provider.invoke(JUnit4Provider.java:159)
	at org.apache.maven.surefire.booter.ForkedBooter.invokeProviderInSameClassLoader(ForkedBooter.java:384)
	at org.apache.maven.surefire.booter.ForkedBooter.runSuitesInProcess(ForkedBooter.java:345)
	at org.apache.maven.surefire.booter.ForkedBooter.execute(ForkedBooter.java:126)
	at org.apache.maven.surefire.booter.ForkedBooter.main(ForkedBooter.java:418)

Sep 04, 2019 5:20:03 PM org.apache.ratis.thirdparty.io.grpc.internal.ManagedChannelOrphanWrapper$ManagedChannelReference cleanQueue
SEVERE: *~*~*~ Channel ManagedChannelImpl{logId=2727, target=192.168.34.57:36295} was not shutdown properly!!! ~*~*~*
    Make sure to call shutdown()/shutdownNow() and wait until awaitTermination() returns true.
java.lang.RuntimeException: ManagedChannel allocation site
	at org.apache.ratis.thirdparty.io.grpc.internal.ManagedChannelOrphanWrapper$ManagedChannelReference.<init>(ManagedChannelOrphanWrapper.java:103)
	at org.apache.ratis.thirdparty.io.grpc.internal.ManagedChannelOrphanWrapper.<init>(ManagedChannelOrphanWrapper.java:53)
	at org.apache.ratis.thirdparty.io.grpc.internal.ManagedChannelOrphanWrapper.<init>(ManagedChannelOrphanWrapper.java:44)
	at org.apache.ratis.thirdparty.io.grpc.internal.AbstractManagedChannelImplBuilder.build(AbstractManagedChannelImplBuilder.java:411)
	at org.apache.ratis.grpc.client.GrpcClientProtocolClient.<init>(GrpcClientProtocolClient.java:127)
	at org.apache.ratis.grpc.client.GrpcClientRpc.lambda$new$0(GrpcClientRpc.java:55)
	at org.apache.ratis.util.PeerProxyMap$PeerAndProxy.lambda$getProxy$0(PeerProxyMap.java:61)
	at org.apache.ratis.util.LifeCycle.startAndTransition(LifeCycle.java:202)
	at org.apache.ratis.util.PeerProxyMap$PeerAndProxy.getProxy(PeerProxyMap.java:60)
	at org.apache.ratis.util.PeerProxyMap.getProxy(PeerProxyMap.java:108)
	at org.apache.ratis.grpc.client.GrpcClientRpc.sendRequestAsync(GrpcClientRpc.java:66)
	at org.apache.ratis.client.impl.OrderedAsync.sendRequest(OrderedAsync.java:208)
	at org.apache.ratis.client.impl.OrderedAsync.sendRequestWithRetry(OrderedAsync.java:169)
	at org.apache.ratis.util.SlidingWindow$Client.sendOrDelayRequest(SlidingWindow.java:278)
	at org.apache.ratis.util.SlidingWindow$Client.retry(SlidingWindow.java:294)
	at org.apache.ratis.client.impl.OrderedAsync.lambda$scheduleWithTimeout$7(OrderedAsync.java:195)
	at org.apache.ratis.util.TimeoutScheduler.lambda$onTimeout$0(TimeoutScheduler.java:113)
	at org.apache.ratis.util.TimeoutScheduler.lambda$onTimeout$1(TimeoutScheduler.java:133)
	at org.apache.ratis.util.LogUtils.runAndLog(LogUtils.java:50)
	at org.apache.ratis.util.LogUtils$1.run(LogUtils.java:91)
	at java.util.concurrent.Executors$RunnableAdapter.call(Executors.java:511)
	at java.util.concurrent.FutureTask.run(FutureTask.java:266)
	at java.util.concurrent.ScheduledThreadPoolExecutor$ScheduledFutureTask.access$201(ScheduledThreadPoolExecutor.java:180)
	at java.util.concurrent.ScheduledThreadPoolExecutor$ScheduledFutureTask.run(ScheduledThreadPoolExecutor.java:293)
	at java.util.concurrent.ThreadPoolExecutor.runWorker(ThreadPoolExecutor.java:1149)
	at java.util.concurrent.ThreadPoolExecutor$Worker.run(ThreadPoolExecutor.java:624)
	at java.lang.Thread.run(Thread.java:748)

Sep 04, 2019 5:20:03 PM org.apache.ratis.thirdparty.io.grpc.internal.ManagedChannelOrphanWrapper$ManagedChannelReference cleanQueue
SEVERE: *~*~*~ Channel ManagedChannelImpl{logId=2996, target=192.168.34.57:38841} was not shutdown properly!!! ~*~*~*
    Make sure to call shutdown()/shutdownNow() and wait until awaitTermination() returns true.
java.lang.RuntimeException: ManagedChannel allocation site
	at org.apache.ratis.thirdparty.io.grpc.internal.ManagedChannelOrphanWrapper$ManagedChannelReference.<init>(ManagedChannelOrphanWrapper.java:103)
	at org.apache.ratis.thirdparty.io.grpc.internal.ManagedChannelOrphanWrapper.<init>(ManagedChannelOrphanWrapper.java:53)
	at org.apache.ratis.thirdparty.io.grpc.internal.ManagedChannelOrphanWrapper.<init>(ManagedChannelOrphanWrapper.java:44)
	at org.apache.ratis.thirdparty.io.grpc.internal.AbstractManagedChannelImplBuilder.build(AbstractManagedChannelImplBuilder.java:411)
	at org.apache.hadoop.hdds.scm.XceiverClientGrpc.connectToDatanode(XceiverClientGrpc.java:175)
	at org.apache.hadoop.hdds.scm.XceiverClientGrpc.reconnect(XceiverClientGrpc.java:423)
	at org.apache.hadoop.hdds.scm.XceiverClientGrpc.sendCommandAsync(XceiverClientGrpc.java:372)
	at org.apache.hadoop.hdds.scm.XceiverClientGrpc.sendCommandWithRetry(XceiverClientGrpc.java:285)
	at org.apache.hadoop.hdds.scm.XceiverClientGrpc.sendCommandWithTraceIDAndRetry(XceiverClientGrpc.java:251)
	at org.apache.hadoop.hdds.scm.XceiverClientGrpc.sendCommand(XceiverClientGrpc.java:234)
	at org.apache.hadoop.hdds.scm.storage.ContainerProtocolCalls.getBlock(ContainerProtocolCalls.java:118)
	at org.apache.hadoop.hdds.scm.storage.BlockInputStream.getChunkInfos(BlockInputStream.java:167)
	at org.apache.hadoop.hdds.scm.storage.BlockInputStream.initialize(BlockInputStream.java:118)
	at org.apache.hadoop.hdds.scm.storage.BlockInputStream.read(BlockInputStream.java:222)
	at org.apache.hadoop.ozone.client.io.KeyInputStream.read(KeyInputStream.java:171)
	at org.apache.hadoop.ozone.client.io.OzoneInputStream.read(OzoneInputStream.java:47)
	at java.io.InputStream.read(InputStream.java:101)
	at org.apache.hadoop.ozone.container.ContainerTestHelper.validateData(ContainerTestHelper.java:714)
	at org.apache.hadoop.ozone.client.rpc.TestBlockOutputStreamWithFailures.validateData(TestBlockOutputStreamWithFailures.java:1216)
	at org.apache.hadoop.ozone.client.rpc.TestBlockOutputStreamWithFailures.testWatchForCommitWithSingleNodeRatis(TestBlockOutputStreamWithFailures.java:918)
	at sun.reflect.NativeMethodAccessorImpl.invoke0(Native Method)
	at sun.reflect.NativeMethodAccessorImpl.invoke(NativeMethodAccessorImpl.java:62)
	at sun.reflect.DelegatingMethodAccessorImpl.invoke(DelegatingMethodAccessorImpl.java:43)
	at java.lang.reflect.Method.invoke(Method.java:498)
	at org.junit.runners.model.FrameworkMethod$1.runReflectiveCall(FrameworkMethod.java:47)
	at org.junit.internal.runners.model.ReflectiveCallable.run(ReflectiveCallable.java:12)
	at org.junit.runners.model.FrameworkMethod.invokeExplosively(FrameworkMethod.java:44)
	at org.junit.internal.runners.statements.InvokeMethod.evaluate(InvokeMethod.java:17)
	at org.junit.internal.runners.statements.RunBefores.evaluate(RunBefores.java:26)
	at org.junit.internal.runners.statements.RunAfters.evaluate(RunAfters.java:27)
	at org.junit.runners.ParentRunner.runLeaf(ParentRunner.java:271)
	at org.junit.runners.BlockJUnit4ClassRunner.runChild(BlockJUnit4ClassRunner.java:70)
	at org.junit.runners.BlockJUnit4ClassRunner.runChild(BlockJUnit4ClassRunner.java:50)
	at org.junit.runners.ParentRunner$3.run(ParentRunner.java:238)
	at org.junit.runners.ParentRunner$1.schedule(ParentRunner.java:63)
	at org.junit.runners.ParentRunner.runChildren(ParentRunner.java:236)
	at org.junit.runners.ParentRunner.access$000(ParentRunner.java:53)
	at org.junit.runners.ParentRunner$2.evaluate(ParentRunner.java:229)
	at org.junit.runners.ParentRunner.run(ParentRunner.java:309)
	at org.apache.maven.surefire.junit4.JUnit4Provider.execute(JUnit4Provider.java:365)
	at org.apache.maven.surefire.junit4.JUnit4Provider.executeWithRerun(JUnit4Provider.java:273)
	at org.apache.maven.surefire.junit4.JUnit4Provider.executeTestSet(JUnit4Provider.java:238)
	at org.apache.maven.surefire.junit4.JUnit4Provider.invoke(JUnit4Provider.java:159)
	at org.apache.maven.surefire.booter.ForkedBooter.invokeProviderInSameClassLoader(ForkedBooter.java:384)
	at org.apache.maven.surefire.booter.ForkedBooter.runSuitesInProcess(ForkedBooter.java:345)
	at org.apache.maven.surefire.booter.ForkedBooter.execute(ForkedBooter.java:126)
	at org.apache.maven.surefire.booter.ForkedBooter.main(ForkedBooter.java:418)

Sep 04, 2019 5:20:03 PM org.apache.ratis.thirdparty.io.grpc.internal.ManagedChannelOrphanWrapper$ManagedChannelReference cleanQueue
SEVERE: *~*~*~ Channel ManagedChannelImpl{logId=2991, target=192.168.34.57:41816} was not shutdown properly!!! ~*~*~*
    Make sure to call shutdown()/shutdownNow() and wait until awaitTermination() returns true.
java.lang.RuntimeException: ManagedChannel allocation site
	at org.apache.ratis.thirdparty.io.grpc.internal.ManagedChannelOrphanWrapper$ManagedChannelReference.<init>(ManagedChannelOrphanWrapper.java:103)
	at org.apache.ratis.thirdparty.io.grpc.internal.ManagedChannelOrphanWrapper.<init>(ManagedChannelOrphanWrapper.java:53)
	at org.apache.ratis.thirdparty.io.grpc.internal.ManagedChannelOrphanWrapper.<init>(ManagedChannelOrphanWrapper.java:44)
	at org.apache.ratis.thirdparty.io.grpc.internal.AbstractManagedChannelImplBuilder.build(AbstractManagedChannelImplBuilder.java:411)
	at org.apache.hadoop.hdds.scm.XceiverClientGrpc.connectToDatanode(XceiverClientGrpc.java:175)
	at org.apache.hadoop.hdds.scm.XceiverClientGrpc.reconnect(XceiverClientGrpc.java:423)
	at org.apache.hadoop.hdds.scm.XceiverClientGrpc.sendCommandAsync(XceiverClientGrpc.java:372)
	at org.apache.hadoop.hdds.scm.XceiverClientGrpc.sendCommandWithRetry(XceiverClientGrpc.java:285)
	at org.apache.hadoop.hdds.scm.XceiverClientGrpc.sendCommandWithTraceIDAndRetry(XceiverClientGrpc.java:251)
	at org.apache.hadoop.hdds.scm.XceiverClientGrpc.sendCommand(XceiverClientGrpc.java:234)
	at org.apache.hadoop.hdds.scm.storage.ContainerProtocolCalls.getBlock(ContainerProtocolCalls.java:118)
	at org.apache.hadoop.hdds.scm.storage.BlockInputStream.getChunkInfos(BlockInputStream.java:167)
	at org.apache.hadoop.hdds.scm.storage.BlockInputStream.initialize(BlockInputStream.java:118)
	at org.apache.hadoop.hdds.scm.storage.BlockInputStream.read(BlockInputStream.java:222)
	at org.apache.hadoop.ozone.client.io.KeyInputStream.read(KeyInputStream.java:171)
	at org.apache.hadoop.ozone.client.io.OzoneInputStream.read(OzoneInputStream.java:47)
	at java.io.InputStream.read(InputStream.java:101)
	at org.apache.hadoop.ozone.container.ContainerTestHelper.validateData(ContainerTestHelper.java:714)
	at org.apache.hadoop.ozone.client.rpc.TestBlockOutputStreamWithFailures.validateData(TestBlockOutputStreamWithFailures.java:1216)
	at org.apache.hadoop.ozone.client.rpc.TestBlockOutputStreamWithFailures.testWatchForCommitWithSingleNodeRatis(TestBlockOutputStreamWithFailures.java:918)
	at sun.reflect.NativeMethodAccessorImpl.invoke0(Native Method)
	at sun.reflect.NativeMethodAccessorImpl.invoke(NativeMethodAccessorImpl.java:62)
	at sun.reflect.DelegatingMethodAccessorImpl.invoke(DelegatingMethodAccessorImpl.java:43)
	at java.lang.reflect.Method.invoke(Method.java:498)
	at org.junit.runners.model.FrameworkMethod$1.runReflectiveCall(FrameworkMethod.java:47)
	at org.junit.internal.runners.model.ReflectiveCallable.run(ReflectiveCallable.java:12)
	at org.junit.runners.model.FrameworkMethod.invokeExplosively(FrameworkMethod.java:44)
	at org.junit.internal.runners.statements.InvokeMethod.evaluate(InvokeMethod.java:17)
	at org.junit.internal.runners.statements.RunBefores.evaluate(RunBefores.java:26)
	at org.junit.internal.runners.statements.RunAfters.evaluate(RunAfters.java:27)
	at org.junit.runners.ParentRunner.runLeaf(ParentRunner.java:271)
	at org.junit.runners.BlockJUnit4ClassRunner.runChild(BlockJUnit4ClassRunner.java:70)
	at org.junit.runners.BlockJUnit4ClassRunner.runChild(BlockJUnit4ClassRunner.java:50)
	at org.junit.runners.ParentRunner$3.run(ParentRunner.java:238)
	at org.junit.runners.ParentRunner$1.schedule(ParentRunner.java:63)
	at org.junit.runners.ParentRunner.runChildren(ParentRunner.java:236)
	at org.junit.runners.ParentRunner.access$000(ParentRunner.java:53)
	at org.junit.runners.ParentRunner$2.evaluate(ParentRunner.java:229)
	at org.junit.runners.ParentRunner.run(ParentRunner.java:309)
	at org.apache.maven.surefire.junit4.JUnit4Provider.execute(JUnit4Provider.java:365)
	at org.apache.maven.surefire.junit4.JUnit4Provider.executeWithRerun(JUnit4Provider.java:273)
	at org.apache.maven.surefire.junit4.JUnit4Provider.executeTestSet(JUnit4Provider.java:238)
	at org.apache.maven.surefire.junit4.JUnit4Provider.invoke(JUnit4Provider.java:159)
	at org.apache.maven.surefire.booter.ForkedBooter.invokeProviderInSameClassLoader(ForkedBooter.java:384)
	at org.apache.maven.surefire.booter.ForkedBooter.runSuitesInProcess(ForkedBooter.java:345)
	at org.apache.maven.surefire.booter.ForkedBooter.execute(ForkedBooter.java:126)
	at org.apache.maven.surefire.booter.ForkedBooter.main(ForkedBooter.java:418)

Sep 04, 2019 5:20:03 PM org.apache.ratis.thirdparty.io.grpc.internal.ManagedChannelOrphanWrapper$ManagedChannelReference cleanQueue
SEVERE: *~*~*~ Channel ManagedChannelImpl{logId=2766, target=192.168.34.57:34263} was not shutdown properly!!! ~*~*~*
    Make sure to call shutdown()/shutdownNow() and wait until awaitTermination() returns true.
java.lang.RuntimeException: ManagedChannel allocation site
	at org.apache.ratis.thirdparty.io.grpc.internal.ManagedChannelOrphanWrapper$ManagedChannelReference.<init>(ManagedChannelOrphanWrapper.java:103)
	at org.apache.ratis.thirdparty.io.grpc.internal.ManagedChannelOrphanWrapper.<init>(ManagedChannelOrphanWrapper.java:53)
	at org.apache.ratis.thirdparty.io.grpc.internal.ManagedChannelOrphanWrapper.<init>(ManagedChannelOrphanWrapper.java:44)
	at org.apache.ratis.thirdparty.io.grpc.internal.AbstractManagedChannelImplBuilder.build(AbstractManagedChannelImplBuilder.java:411)
	at org.apache.hadoop.hdds.scm.XceiverClientGrpc.connectToDatanode(XceiverClientGrpc.java:175)
	at org.apache.hadoop.hdds.scm.XceiverClientGrpc.reconnect(XceiverClientGrpc.java:423)
	at org.apache.hadoop.hdds.scm.XceiverClientGrpc.sendCommandAsync(XceiverClientGrpc.java:372)
	at org.apache.hadoop.hdds.scm.XceiverClientGrpc.sendCommandWithRetry(XceiverClientGrpc.java:285)
	at org.apache.hadoop.hdds.scm.XceiverClientGrpc.sendCommandWithTraceIDAndRetry(XceiverClientGrpc.java:251)
	at org.apache.hadoop.hdds.scm.XceiverClientGrpc.sendCommand(XceiverClientGrpc.java:234)
	at org.apache.hadoop.hdds.scm.storage.ContainerProtocolCalls.getBlock(ContainerProtocolCalls.java:118)
	at org.apache.hadoop.hdds.scm.storage.BlockInputStream.getChunkInfos(BlockInputStream.java:167)
	at org.apache.hadoop.hdds.scm.storage.BlockInputStream.initialize(BlockInputStream.java:118)
	at org.apache.hadoop.hdds.scm.storage.BlockInputStream.read(BlockInputStream.java:222)
	at org.apache.hadoop.ozone.client.io.KeyInputStream.read(KeyInputStream.java:171)
	at org.apache.hadoop.ozone.client.io.OzoneInputStream.read(OzoneInputStream.java:47)
	at java.io.InputStream.read(InputStream.java:101)
	at org.apache.hadoop.ozone.container.ContainerTestHelper.validateData(ContainerTestHelper.java:714)
	at org.apache.hadoop.ozone.client.rpc.TestBlockOutputStreamWithFailures.validateData(TestBlockOutputStreamWithFailures.java:1216)
	at org.apache.hadoop.ozone.client.rpc.TestBlockOutputStreamWithFailures.testDatanodeFailureWithSingleNodeRatis(TestBlockOutputStreamWithFailures.java:1058)
	at sun.reflect.NativeMethodAccessorImpl.invoke0(Native Method)
	at sun.reflect.NativeMethodAccessorImpl.invoke(NativeMethodAccessorImpl.java:62)
	at sun.reflect.DelegatingMethodAccessorImpl.invoke(DelegatingMethodAccessorImpl.java:43)
	at java.lang.reflect.Method.invoke(Method.java:498)
	at org.junit.runners.model.FrameworkMethod$1.runReflectiveCall(FrameworkMethod.java:47)
	at org.junit.internal.runners.model.ReflectiveCallable.run(ReflectiveCallable.java:12)
	at org.junit.runners.model.FrameworkMethod.invokeExplosively(FrameworkMethod.java:44)
	at org.junit.internal.runners.statements.InvokeMethod.evaluate(InvokeMethod.java:17)
	at org.junit.internal.runners.statements.RunBefores.evaluate(RunBefores.java:26)
	at org.junit.internal.runners.statements.RunAfters.evaluate(RunAfters.java:27)
	at org.junit.runners.ParentRunner.runLeaf(ParentRunner.java:271)
	at org.junit.runners.BlockJUnit4ClassRunner.runChild(BlockJUnit4ClassRunner.java:70)
	at org.junit.runners.BlockJUnit4ClassRunner.runChild(BlockJUnit4ClassRunner.java:50)
	at org.junit.runners.ParentRunner$3.run(ParentRunner.java:238)
	at org.junit.runners.ParentRunner$1.schedule(ParentRunner.java:63)
	at org.junit.runners.ParentRunner.runChildren(ParentRunner.java:236)
	at org.junit.runners.ParentRunner.access$000(ParentRunner.java:53)
	at org.junit.runners.ParentRunner$2.evaluate(ParentRunner.java:229)
	at org.junit.runners.ParentRunner.run(ParentRunner.java:309)
	at org.apache.maven.surefire.junit4.JUnit4Provider.execute(JUnit4Provider.java:365)
	at org.apache.maven.surefire.junit4.JUnit4Provider.executeWithRerun(JUnit4Provider.java:273)
	at org.apache.maven.surefire.junit4.JUnit4Provider.executeTestSet(JUnit4Provider.java:238)
	at org.apache.maven.surefire.junit4.JUnit4Provider.invoke(JUnit4Provider.java:159)
	at org.apache.maven.surefire.booter.ForkedBooter.invokeProviderInSameClassLoader(ForkedBooter.java:384)
	at org.apache.maven.surefire.booter.ForkedBooter.runSuitesInProcess(ForkedBooter.java:345)
	at org.apache.maven.surefire.booter.ForkedBooter.execute(ForkedBooter.java:126)
	at org.apache.maven.surefire.booter.ForkedBooter.main(ForkedBooter.java:418)

Sep 04, 2019 5:20:03 PM org.apache.ratis.thirdparty.io.grpc.internal.ManagedChannelOrphanWrapper$ManagedChannelReference cleanQueue
SEVERE: *~*~*~ Channel ManagedChannelImpl{logId=2981, target=192.168.34.57:42122} was not shutdown properly!!! ~*~*~*
    Make sure to call shutdown()/shutdownNow() and wait until awaitTermination() returns true.
java.lang.RuntimeException: ManagedChannel allocation site
	at org.apache.ratis.thirdparty.io.grpc.internal.ManagedChannelOrphanWrapper$ManagedChannelReference.<init>(ManagedChannelOrphanWrapper.java:103)
	at org.apache.ratis.thirdparty.io.grpc.internal.ManagedChannelOrphanWrapper.<init>(ManagedChannelOrphanWrapper.java:53)
	at org.apache.ratis.thirdparty.io.grpc.internal.ManagedChannelOrphanWrapper.<init>(ManagedChannelOrphanWrapper.java:44)
	at org.apache.ratis.thirdparty.io.grpc.internal.AbstractManagedChannelImplBuilder.build(AbstractManagedChannelImplBuilder.java:411)
	at org.apache.ratis.grpc.client.GrpcClientProtocolClient.<init>(GrpcClientProtocolClient.java:127)
	at org.apache.ratis.grpc.client.GrpcClientRpc.lambda$new$0(GrpcClientRpc.java:55)
	at org.apache.ratis.util.PeerProxyMap$PeerAndProxy.lambda$getProxy$0(PeerProxyMap.java:61)
	at org.apache.ratis.util.LifeCycle.startAndTransition(LifeCycle.java:202)
	at org.apache.ratis.util.PeerProxyMap$PeerAndProxy.getProxy(PeerProxyMap.java:60)
	at org.apache.ratis.util.PeerProxyMap.getProxy(PeerProxyMap.java:108)
	at org.apache.ratis.grpc.client.GrpcClientRpc.sendRequestAsync(GrpcClientRpc.java:66)
	at org.apache.ratis.client.impl.OrderedAsync.sendRequest(OrderedAsync.java:208)
	at org.apache.ratis.client.impl.OrderedAsync.sendRequestWithRetry(OrderedAsync.java:169)
	at org.apache.ratis.util.SlidingWindow$Client.sendOrDelayRequest(SlidingWindow.java:278)
	at org.apache.ratis.util.SlidingWindow$Client.retry(SlidingWindow.java:294)
	at org.apache.ratis.client.impl.OrderedAsync.lambda$scheduleWithTimeout$7(OrderedAsync.java:195)
	at org.apache.ratis.util.TimeoutScheduler.lambda$onTimeout$0(TimeoutScheduler.java:113)
	at org.apache.ratis.util.TimeoutScheduler.lambda$onTimeout$1(TimeoutScheduler.java:133)
	at org.apache.ratis.util.LogUtils.runAndLog(LogUtils.java:50)
	at org.apache.ratis.util.LogUtils$1.run(LogUtils.java:91)
	at java.util.concurrent.Executors$RunnableAdapter.call(Executors.java:511)
	at java.util.concurrent.FutureTask.run(FutureTask.java:266)
	at java.util.concurrent.ScheduledThreadPoolExecutor$ScheduledFutureTask.access$201(ScheduledThreadPoolExecutor.java:180)
	at java.util.concurrent.ScheduledThreadPoolExecutor$ScheduledFutureTask.run(ScheduledThreadPoolExecutor.java:293)
	at java.util.concurrent.ThreadPoolExecutor.runWorker(ThreadPoolExecutor.java:1149)
	at java.util.concurrent.ThreadPoolExecutor$Worker.run(ThreadPoolExecutor.java:624)
	at java.lang.Thread.run(Thread.java:748)

Sep 04, 2019 5:20:24 PM org.apache.ratis.thirdparty.io.grpc.internal.SerializingExecutor run
SEVERE: Exception while executing runnable org.apache.ratis.thirdparty.io.grpc.internal.ServerImpl$JumpToApplicationThreadServerStreamListener$1Closed@2017e930
org.apache.ratis.thirdparty.io.grpc.StatusRuntimeException: CANCELLED: call already cancelled
	at org.apache.ratis.thirdparty.io.grpc.Status.asRuntimeException(Status.java:517)
	at org.apache.ratis.thirdparty.io.grpc.stub.ServerCalls$ServerCallStreamObserverImpl.onCompleted(ServerCalls.java:356)
	at org.apache.ratis.grpc.server.GrpcServerProtocolService$ServerRequestStreamObserver.onError(GrpcServerProtocolService.java:121)
	at org.apache.ratis.thirdparty.io.grpc.stub.ServerCalls$StreamingServerCallHandler$StreamingServerCallListener.onCancel(ServerCalls.java:269)
	at org.apache.ratis.thirdparty.io.grpc.internal.ServerCallImpl$ServerStreamListenerImpl.closed(ServerCallImpl.java:293)
	at org.apache.ratis.thirdparty.io.grpc.internal.ServerImpl$JumpToApplicationThreadServerStreamListener$1Closed.runInContext(ServerImpl.java:741)
	at org.apache.ratis.thirdparty.io.grpc.internal.ContextRunnable.run(ContextRunnable.java:37)
	at org.apache.ratis.thirdparty.io.grpc.internal.SerializingExecutor.run(SerializingExecutor.java:123)
	at java.util.concurrent.ThreadPoolExecutor.runWorker(ThreadPoolExecutor.java:1149)
	at java.util.concurrent.ThreadPoolExecutor$Worker.run(ThreadPoolExecutor.java:624)
	at java.lang.Thread.run(Thread.java:748)

]]></system-err>
  </testcase>
  <testcase name="testFailureWithPrimeSizedData" classname="org.apache.hadoop.ozone.client.rpc.TestBlockOutputStreamWithFailures" time="45.971"/>
  <testcase name="testWatchForCommitWithCloseContainerException" classname="org.apache.hadoop.ozone.client.rpc.TestBlockOutputStreamWithFailures" time="34.427"/>
  <testcase name="testExceptionDuringClose" classname="org.apache.hadoop.ozone.client.rpc.TestBlockOutputStreamWithFailures" time="35.851">
    <failure message="expected:&lt;96&gt; but was:&lt;98&gt;" type="java.lang.AssertionError"><![CDATA[java.lang.AssertionError: expected:<96> but was:<98>
	at org.junit.Assert.fail(Assert.java:88)
	at org.junit.Assert.failNotEquals(Assert.java:743)
	at org.junit.Assert.assertEquals(Assert.java:118)
	at org.junit.Assert.assertEquals(Assert.java:555)
	at org.junit.Assert.assertEquals(Assert.java:542)
	at org.apache.hadoop.ozone.client.rpc.TestBlockOutputStreamWithFailures.testExceptionDuringClose(TestBlockOutputStreamWithFailures.java:769)
	at sun.reflect.NativeMethodAccessorImpl.invoke0(Native Method)
	at sun.reflect.NativeMethodAccessorImpl.invoke(NativeMethodAccessorImpl.java:62)
	at sun.reflect.DelegatingMethodAccessorImpl.invoke(DelegatingMethodAccessorImpl.java:43)
	at java.lang.reflect.Method.invoke(Method.java:498)
	at org.junit.runners.model.FrameworkMethod$1.runReflectiveCall(FrameworkMethod.java:47)
	at org.junit.internal.runners.model.ReflectiveCallable.run(ReflectiveCallable.java:12)
	at org.junit.runners.model.FrameworkMethod.invokeExplosively(FrameworkMethod.java:44)
	at org.junit.internal.runners.statements.InvokeMethod.evaluate(InvokeMethod.java:17)
	at org.junit.internal.runners.statements.RunBefores.evaluate(RunBefores.java:26)
	at org.junit.internal.runners.statements.RunAfters.evaluate(RunAfters.java:27)
	at org.junit.runners.ParentRunner.runLeaf(ParentRunner.java:271)
	at org.junit.runners.BlockJUnit4ClassRunner.runChild(BlockJUnit4ClassRunner.java:70)
	at org.junit.runners.BlockJUnit4ClassRunner.runChild(BlockJUnit4ClassRunner.java:50)
	at org.junit.runners.ParentRunner$3.run(ParentRunner.java:238)
	at org.junit.runners.ParentRunner$1.schedule(ParentRunner.java:63)
	at org.junit.runners.ParentRunner.runChildren(ParentRunner.java:236)
	at org.junit.runners.ParentRunner.access$000(ParentRunner.java:53)
	at org.junit.runners.ParentRunner$2.evaluate(ParentRunner.java:229)
	at org.junit.runners.ParentRunner.run(ParentRunner.java:309)
	at org.apache.maven.surefire.junit4.JUnit4Provider.execute(JUnit4Provider.java:365)
	at org.apache.maven.surefire.junit4.JUnit4Provider.executeWithRerun(JUnit4Provider.java:273)
	at org.apache.maven.surefire.junit4.JUnit4Provider.executeTestSet(JUnit4Provider.java:238)
	at org.apache.maven.surefire.junit4.JUnit4Provider.invoke(JUnit4Provider.java:159)
	at org.apache.maven.surefire.booter.ForkedBooter.invokeProviderInSameClassLoader(ForkedBooter.java:384)
	at org.apache.maven.surefire.booter.ForkedBooter.runSuitesInProcess(ForkedBooter.java:345)
	at org.apache.maven.surefire.booter.ForkedBooter.execute(ForkedBooter.java:126)
	at org.apache.maven.surefire.booter.ForkedBooter.main(ForkedBooter.java:418)
]]></failure>
    <system-out><![CDATA[2019-09-04 17:21:55,389 [main] WARN  server.ServerUtils (ServerUtils.java:getScmDbDir(145)) - ozone.scm.db.dirs is not configured. We recommend adding this setting. Falling back to ozone.metadata.dirs instead.
2019-09-04 17:21:55,404 [main] WARN  server.ServerUtils (ServerUtils.java:getScmDbDir(145)) - ozone.scm.db.dirs is not configured. We recommend adding this setting. Falling back to ozone.metadata.dirs instead.
2019-09-04 17:21:55,405 [main] WARN  server.ServerUtils (ServerUtils.java:getScmDbDir(145)) - ozone.scm.db.dirs is not configured. We recommend adding this setting. Falling back to ozone.metadata.dirs instead.
2019-09-04 17:21:55,405 [main] INFO  db.DBStoreBuilder (DBStoreBuilder.java:addTable(110)) - using custom profile for table: deletedBlocks
2019-09-04 17:21:55,405 [main] INFO  db.DBStoreBuilder (DBStoreBuilder.java:processTables(161)) - Using default column profile:DBProfile.DISK for Table:deletedBlocks
2019-09-04 17:21:55,406 [main] INFO  db.DBStoreBuilder (DBStoreBuilder.java:addTable(110)) - using custom profile for table: validCerts
2019-09-04 17:21:55,406 [main] INFO  db.DBStoreBuilder (DBStoreBuilder.java:processTables(161)) - Using default column profile:DBProfile.DISK for Table:validCerts
2019-09-04 17:21:55,406 [main] INFO  db.DBStoreBuilder (DBStoreBuilder.java:addTable(110)) - using custom profile for table: revokedCerts
2019-09-04 17:21:55,406 [main] INFO  db.DBStoreBuilder (DBStoreBuilder.java:processTables(161)) - Using default column profile:DBProfile.DISK for Table:revokedCerts
2019-09-04 17:21:55,406 [main] INFO  db.DBStoreBuilder (DBStoreBuilder.java:addTable(110)) - using custom profile for table: default
2019-09-04 17:21:55,406 [main] INFO  db.DBStoreBuilder (DBStoreBuilder.java:processTables(167)) - Using default column profile:DBProfile.DISK for Table:default
2019-09-04 17:21:55,407 [main] INFO  db.DBStoreBuilder (DBStoreBuilder.java:getDbProfile(198)) - Using default options. DBProfile.DISK
2019-09-04 17:21:55,554 [main] INFO  net.NodeSchemaLoader (NodeSchemaLoader.java:loadSchemaFromFile(125)) - Loading file from sun.misc.CompoundEnumeration@4276ad40
2019-09-04 17:21:55,554 [main] INFO  net.NodeSchemaLoader (NodeSchemaLoader.java:loadSchema(171)) - Loading network topology layer schema file
2019-09-04 17:21:55,558 [main] INFO  node.SCMNodeManager (SCMNodeManager.java:<init>(114)) - Entering startup safe mode.
2019-09-04 17:21:55,559 [main] INFO  algorithms.ContainerPlacementPolicyFactory (ContainerPlacementPolicyFactory.java:getPolicy(55)) - Create container placement policy of type org.apache.hadoop.hdds.scm.container.placement.algorithms.SCMContainerPlacementRandom
2019-09-04 17:21:55,559 [main] WARN  server.ServerUtils (ServerUtils.java:getScmDbDir(145)) - ozone.scm.db.dirs is not configured. We recommend adding this setting. Falling back to ozone.metadata.dirs instead.
2019-09-04 17:21:55,607 [main] INFO  pipeline.SCMPipelineManager (SCMPipelineManager.java:initializePipelineState(126)) - No pipeline exists in current db
2019-09-04 17:21:55,607 [main] WARN  server.ServerUtils (ServerUtils.java:getScmDbDir(145)) - ozone.scm.db.dirs is not configured. We recommend adding this setting. Falling back to ozone.metadata.dirs instead.
2019-09-04 17:21:55,656 [main] WARN  events.EventQueue (EventQueue.java:fireEvent(183)) - No event handler registered for event TypedEvent{payloadType=SafeModeStatus, name='SafeModeStatus'}
2019-09-04 17:21:55,657 [main] INFO  ipc.CallQueueManager (CallQueueManager.java:<init>(84)) - Using callQueue: class java.util.concurrent.LinkedBlockingQueue, queueCapacity: 2000, scheduler: class org.apache.hadoop.ipc.DefaultRpcScheduler, ipcBackoff: false.
2019-09-04 17:21:55,658 [Socket Reader #1 for port 40900] INFO  ipc.Server (Server.java:run(1074)) - Starting Socket Reader #1 for port 40900
2019-09-04 17:21:55,660 [main] INFO  ipc.CallQueueManager (CallQueueManager.java:<init>(84)) - Using callQueue: class java.util.concurrent.LinkedBlockingQueue, queueCapacity: 2000, scheduler: class org.apache.hadoop.ipc.DefaultRpcScheduler, ipcBackoff: false.
2019-09-04 17:21:55,661 [Socket Reader #1 for port 40424] INFO  ipc.Server (Server.java:run(1074)) - Starting Socket Reader #1 for port 40424
2019-09-04 17:21:55,665 [main] INFO  ipc.CallQueueManager (CallQueueManager.java:<init>(84)) - Using callQueue: class java.util.concurrent.LinkedBlockingQueue, queueCapacity: 2000, scheduler: class org.apache.hadoop.ipc.DefaultRpcScheduler, ipcBackoff: false.
2019-09-04 17:21:55,666 [Socket Reader #1 for port 40400] INFO  ipc.Server (Server.java:run(1074)) - Starting Socket Reader #1 for port 40400
2019-09-04 17:21:55,670 [main] INFO  hdfs.DFSUtil (DFSUtil.java:httpServerTemplateForNNAndJN(1641)) - Starting Web-server for scm at: http://0.0.0.0:0
2019-09-04 17:21:55,673 [main] INFO  server.AuthenticationFilter (AuthenticationFilter.java:constructSecretProvider(240)) - Unable to initialize FileSignerSecretProvider, falling back to use random secrets.
2019-09-04 17:21:55,674 [main] WARN  http.HttpRequestLog (HttpRequestLog.java:getRequestLog(97)) - Jetty request log can only be enabled using Log4j
2019-09-04 17:21:55,676 [main] INFO  http.HttpServer2 (HttpServer2.java:addGlobalFilter(975)) - Added global filter 'safety' (class=org.apache.hadoop.http.HttpServer2$QuotingInputFilter)
2019-09-04 17:21:55,677 [main] INFO  http.HttpServer2 (HttpServer2.java:addFilter(948)) - Added filter static_user_filter (class=org.apache.hadoop.http.lib.StaticUserWebFilter$StaticUserFilter) to context scm
2019-09-04 17:21:55,677 [main] INFO  http.HttpServer2 (HttpServer2.java:addFilter(958)) - Added filter static_user_filter (class=org.apache.hadoop.http.lib.StaticUserWebFilter$StaticUserFilter) to context logs
2019-09-04 17:21:55,677 [main] INFO  http.HttpServer2 (HttpServer2.java:addFilter(958)) - Added filter static_user_filter (class=org.apache.hadoop.http.lib.StaticUserWebFilter$StaticUserFilter) to context static
2019-09-04 17:21:55,679 [main] INFO  server.StorageContainerManager (StorageContainerManager.java:start(759)) - StorageContainerLocationProtocol RPC server is listening at /0.0.0.0:40400
2019-09-04 17:21:55,682 [main] WARN  impl.MetricsConfig (MetricsConfig.java:loadFirst(134)) - Cannot locate configuration: tried hadoop-metrics2-storagecontainermanager.properties,hadoop-metrics2.properties
2019-09-04 17:21:55,683 [main] INFO  impl.MetricsSystemImpl (MetricsSystemImpl.java:startTimer(374)) - Scheduled Metric snapshot period at 10 second(s).
2019-09-04 17:21:55,683 [main] INFO  impl.MetricsSystemImpl (MetricsSystemImpl.java:start(191)) - StorageContainerManager metrics system started
2019-09-04 17:21:55,879 [main] WARN  impl.MetricsSystemImpl (MetricsSystemImpl.java:register(276)) - Sink prometheus already exists!
2019-09-04 17:21:55,945 [main] INFO  server.SCMClientProtocolServer (SCMClientProtocolServer.java:start(151)) - RPC server for Client  is listening at /0.0.0.0:40400
2019-09-04 17:21:55,946 [IPC Server Responder] INFO  ipc.Server (Server.java:run(1314)) - IPC Server Responder: starting
2019-09-04 17:21:55,946 [IPC Server listener on 40400] INFO  ipc.Server (Server.java:run(1153)) - IPC Server listener on 40400: starting
2019-09-04 17:21:55,950 [main] INFO  server.StorageContainerManager (StorageContainerManager.java:start(769)) - ScmBlockLocationProtocol RPC server is listening at /0.0.0.0:40424
2019-09-04 17:21:55,950 [main] INFO  server.SCMBlockProtocolServer (SCMBlockProtocolServer.java:start(146)) - RPC server for Block Protocol is listening at /0.0.0.0:40424
2019-09-04 17:21:55,951 [IPC Server listener on 40424] INFO  ipc.Server (Server.java:run(1153)) - IPC Server listener on 40424: starting
2019-09-04 17:21:55,951 [IPC Server Responder] INFO  ipc.Server (Server.java:run(1314)) - IPC Server Responder: starting
2019-09-04 17:21:55,956 [main] INFO  server.StorageContainerManager (StorageContainerManager.java:start(773)) - ScmDatanodeProtocl RPC server is listening at /0.0.0.0:40900
2019-09-04 17:21:55,956 [main] INFO  server.SCMDatanodeProtocolServer (SCMDatanodeProtocolServer.java:start(191)) - RPC server for DataNodes is listening at /0.0.0.0:40900
2019-09-04 17:21:55,956 [IPC Server Responder] INFO  ipc.Server (Server.java:run(1314)) - IPC Server Responder: starting
2019-09-04 17:21:55,956 [IPC Server listener on 40900] INFO  ipc.Server (Server.java:run(1153)) - IPC Server listener on 40900: starting
2019-09-04 17:21:55,964 [main] INFO  http.HttpServer2 (HttpServer2.java:bindListener(1191)) - Jetty bound to port 40263
2019-09-04 17:21:55,964 [main] INFO  server.Server (Server.java:doStart(351)) - jetty-9.3.24.v20180605, build timestamp: 2018-06-05T17:11:56Z, git hash: 84205aa28f11a4f31f2a3b86d1bba2cc8ab69827
2019-09-04 17:21:55,965 [main] INFO  handler.ContextHandler (ContextHandler.java:doStart(781)) - Started o.e.j.s.ServletContextHandler@65d73bd{/logs,file:///workdir/hadoop-ozone/integration-test/target/log,AVAILABLE}
2019-09-04 17:21:55,966 [main] INFO  handler.ContextHandler (ContextHandler.java:doStart(781)) - Started o.e.j.s.ServletContextHandler@3ed7dd70{/static,file:///workdir/hadoop-ozone/integration-test/target/test-classes/webapps/static,AVAILABLE}
2019-09-04 17:21:56,000 [main] INFO  handler.ContextHandler (ContextHandler.java:doStart(781)) - Started o.e.j.w.WebAppContext@6f0a4e30{/,file:///workdir/hadoop-ozone/integration-test/target/test-classes/webapps/scm/,AVAILABLE}{/scm}
2019-09-04 17:21:56,001 [main] INFO  server.AbstractConnector (AbstractConnector.java:doStart(278)) - Started ServerConnector@50ff7063{HTTP/1.1,[http/1.1]}{0.0.0.0:40263}
2019-09-04 17:21:56,004 [main] INFO  server.Server (Server.java:doStart(419)) - Started @711435ms
2019-09-04 17:21:56,005 [main] WARN  impl.MetricsSystemImpl (MetricsSystemImpl.java:register(276)) - Sink prometheus already exists!
2019-09-04 17:21:56,005 [main] INFO  server.BaseHttpServer (BaseHttpServer.java:updateConnectorAddress(215)) - HTTP server of SCM is listening at http://0.0.0.0:40263
2019-09-04 17:21:56,006 [main] WARN  server.ServerUtils (ServerUtils.java:getDBPath(222)) - ozone.om.db.dirs is not configured. We recommend adding this setting. Falling back to ozone.metadata.dirs instead.
2019-09-04 17:21:56,006 [org.apache.hadoop.util.JvmPauseMonitor$Monitor@1bb96449] INFO  util.JvmPauseMonitor (JvmPauseMonitor.java:run(188)) - Starting JVM pause monitor
2019-09-04 17:21:56,020 [main] WARN  server.ServerUtils (ServerUtils.java:getDBPath(222)) - ozone.om.db.dirs is not configured. We recommend adding this setting. Falling back to ozone.metadata.dirs instead.
2019-09-04 17:21:56,020 [main] WARN  server.ServerUtils (ServerUtils.java:getDBPath(222)) - ozone.om.db.dirs is not configured. We recommend adding this setting. Falling back to ozone.metadata.dirs instead.
2019-09-04 17:21:56,021 [main] INFO  om.OzoneManager (OzoneManager.java:setOMNodeDetails(649)) - OM Service ID is not set. Setting it to the default ID: omServiceIdDefault
2019-09-04 17:21:56,021 [main] INFO  om.OzoneManager (OzoneManager.java:setOMNodeDetails(655)) - OM Node ID is not set. Setting it to the OmStorage's OmID: 26c3cc90-54a6-4b47-ac0f-ee9e3246cbf0
2019-09-04 17:21:56,021 [main] INFO  om.OzoneManager (OzoneManager.java:loadOMHAConfigs(606)) - Found matching OM address with OMServiceId: null, OMNodeId: null, RPC Address: localhost:0 and Ratis port: 9872
2019-09-04 17:21:56,032 [main] WARN  server.ServerUtils (ServerUtils.java:getDBPath(222)) - ozone.om.db.dirs is not configured. We recommend adding this setting. Falling back to ozone.metadata.dirs instead.
2019-09-04 17:21:56,032 [main] INFO  db.DBStoreBuilder (DBStoreBuilder.java:addTable(110)) - using custom profile for table: userTable
2019-09-04 17:21:56,032 [main] INFO  db.DBStoreBuilder (DBStoreBuilder.java:processTables(161)) - Using default column profile:DBProfile.DISK for Table:userTable
2019-09-04 17:21:56,032 [main] INFO  db.DBStoreBuilder (DBStoreBuilder.java:addTable(110)) - using custom profile for table: volumeTable
2019-09-04 17:21:56,033 [main] INFO  db.DBStoreBuilder (DBStoreBuilder.java:processTables(161)) - Using default column profile:DBProfile.DISK for Table:volumeTable
2019-09-04 17:21:56,033 [main] INFO  db.DBStoreBuilder (DBStoreBuilder.java:addTable(110)) - using custom profile for table: bucketTable
2019-09-04 17:21:56,033 [main] INFO  db.DBStoreBuilder (DBStoreBuilder.java:processTables(161)) - Using default column profile:DBProfile.DISK for Table:bucketTable
2019-09-04 17:21:56,033 [main] INFO  db.DBStoreBuilder (DBStoreBuilder.java:addTable(110)) - using custom profile for table: keyTable
2019-09-04 17:21:56,033 [main] INFO  db.DBStoreBuilder (DBStoreBuilder.java:processTables(161)) - Using default column profile:DBProfile.DISK for Table:keyTable
2019-09-04 17:21:56,033 [main] INFO  db.DBStoreBuilder (DBStoreBuilder.java:addTable(110)) - using custom profile for table: deletedTable
2019-09-04 17:21:56,034 [main] INFO  db.DBStoreBuilder (DBStoreBuilder.java:processTables(161)) - Using default column profile:DBProfile.DISK for Table:deletedTable
2019-09-04 17:21:56,034 [main] INFO  db.DBStoreBuilder (DBStoreBuilder.java:addTable(110)) - using custom profile for table: openKeyTable
2019-09-04 17:21:56,034 [main] INFO  db.DBStoreBuilder (DBStoreBuilder.java:processTables(161)) - Using default column profile:DBProfile.DISK for Table:openKeyTable
2019-09-04 17:21:56,034 [main] INFO  db.DBStoreBuilder (DBStoreBuilder.java:addTable(110)) - using custom profile for table: s3Table
2019-09-04 17:21:56,034 [main] INFO  db.DBStoreBuilder (DBStoreBuilder.java:processTables(161)) - Using default column profile:DBProfile.DISK for Table:s3Table
2019-09-04 17:21:56,034 [main] INFO  db.DBStoreBuilder (DBStoreBuilder.java:addTable(110)) - using custom profile for table: multipartInfoTable
2019-09-04 17:21:56,034 [main] INFO  db.DBStoreBuilder (DBStoreBuilder.java:processTables(161)) - Using default column profile:DBProfile.DISK for Table:multipartInfoTable
2019-09-04 17:21:56,035 [main] INFO  db.DBStoreBuilder (DBStoreBuilder.java:addTable(110)) - using custom profile for table: dTokenTable
2019-09-04 17:21:56,035 [main] INFO  db.DBStoreBuilder (DBStoreBuilder.java:processTables(161)) - Using default column profile:DBProfile.DISK for Table:dTokenTable
2019-09-04 17:21:56,035 [main] INFO  db.DBStoreBuilder (DBStoreBuilder.java:addTable(110)) - using custom profile for table: s3SecretTable
2019-09-04 17:21:56,035 [main] INFO  db.DBStoreBuilder (DBStoreBuilder.java:processTables(161)) - Using default column profile:DBProfile.DISK for Table:s3SecretTable
2019-09-04 17:21:56,035 [main] INFO  db.DBStoreBuilder (DBStoreBuilder.java:addTable(110)) - using custom profile for table: prefixTable
2019-09-04 17:21:56,035 [main] INFO  db.DBStoreBuilder (DBStoreBuilder.java:processTables(161)) - Using default column profile:DBProfile.DISK for Table:prefixTable
2019-09-04 17:21:56,035 [main] INFO  db.DBStoreBuilder (DBStoreBuilder.java:addTable(110)) - using custom profile for table: default
2019-09-04 17:21:56,036 [main] INFO  db.DBStoreBuilder (DBStoreBuilder.java:processTables(167)) - Using default column profile:DBProfile.DISK for Table:default
2019-09-04 17:21:56,036 [main] INFO  db.DBStoreBuilder (DBStoreBuilder.java:getDbProfile(198)) - Using default options. DBProfile.DISK
2019-09-04 17:21:56,568 [main] INFO  ipc.CallQueueManager (CallQueueManager.java:<init>(84)) - Using callQueue: class java.util.concurrent.LinkedBlockingQueue, queueCapacity: 2000, scheduler: class org.apache.hadoop.ipc.DefaultRpcScheduler, ipcBackoff: false.
2019-09-04 17:21:56,569 [Socket Reader #1 for port 40411] INFO  ipc.Server (Server.java:run(1074)) - Starting Socket Reader #1 for port 40411
2019-09-04 17:21:56,587 [main] INFO  om.OzoneManager (OzoneManager.java:start(1240)) - OzoneManager RPC server is listening at localhost/127.0.0.1:40411
2019-09-04 17:21:56,587 [main] INFO  impl.MetricsSystemImpl (MetricsSystemImpl.java:init(158)) - OzoneManager metrics system started (again)
2019-09-04 17:21:56,588 [IPC Server listener on 40411] INFO  ipc.Server (Server.java:run(1153)) - IPC Server listener on 40411: starting
2019-09-04 17:21:56,588 [IPC Server Responder] INFO  ipc.Server (Server.java:run(1314)) - IPC Server Responder: starting
2019-09-04 17:21:56,593 [main] INFO  hdfs.DFSUtil (DFSUtil.java:httpServerTemplateForNNAndJN(1641)) - Starting Web-server for ozoneManager at: http://0.0.0.0:0
2019-09-04 17:21:56,595 [main] INFO  server.AuthenticationFilter (AuthenticationFilter.java:constructSecretProvider(240)) - Unable to initialize FileSignerSecretProvider, falling back to use random secrets.
2019-09-04 17:21:56,595 [main] WARN  http.HttpRequestLog (HttpRequestLog.java:getRequestLog(97)) - Jetty request log can only be enabled using Log4j
2019-09-04 17:21:56,598 [main] INFO  http.HttpServer2 (HttpServer2.java:addGlobalFilter(975)) - Added global filter 'safety' (class=org.apache.hadoop.http.HttpServer2$QuotingInputFilter)
2019-09-04 17:21:56,599 [main] INFO  http.HttpServer2 (HttpServer2.java:addFilter(948)) - Added filter static_user_filter (class=org.apache.hadoop.http.lib.StaticUserWebFilter$StaticUserFilter) to context ozoneManager
2019-09-04 17:21:56,599 [main] INFO  http.HttpServer2 (HttpServer2.java:addFilter(958)) - Added filter static_user_filter (class=org.apache.hadoop.http.lib.StaticUserWebFilter$StaticUserFilter) to context static
2019-09-04 17:21:56,600 [main] INFO  http.HttpServer2 (HttpServer2.java:addFilter(958)) - Added filter static_user_filter (class=org.apache.hadoop.http.lib.StaticUserWebFilter$StaticUserFilter) to context logs
2019-09-04 17:21:56,601 [main] INFO  http.HttpServer2 (HttpServer2.java:bindListener(1191)) - Jetty bound to port 32972
2019-09-04 17:21:56,601 [main] INFO  server.Server (Server.java:doStart(351)) - jetty-9.3.24.v20180605, build timestamp: 2018-06-05T17:11:56Z, git hash: 84205aa28f11a4f31f2a3b86d1bba2cc8ab69827
2019-09-04 17:21:56,603 [main] INFO  handler.ContextHandler (ContextHandler.java:doStart(781)) - Started o.e.j.s.ServletContextHandler@4a9b92c6{/logs,file:///workdir/hadoop-ozone/integration-test/target/log,AVAILABLE}
2019-09-04 17:21:56,604 [main] INFO  handler.ContextHandler (ContextHandler.java:doStart(781)) - Started o.e.j.s.ServletContextHandler@4d20616a{/static,file:///workdir/hadoop-ozone/integration-test/target/test-classes/webapps/static,AVAILABLE}
2019-09-04 17:21:56,609 [main] INFO  handler.ContextHandler (ContextHandler.java:doStart(781)) - Started o.e.j.w.WebAppContext@7910f355{/,file:///workdir/hadoop-ozone/integration-test/target/test-classes/webapps/ozoneManager/,AVAILABLE}{/ozoneManager}
2019-09-04 17:21:56,609 [main] INFO  server.AbstractConnector (AbstractConnector.java:doStart(278)) - Started ServerConnector@34ab26a{HTTP/1.1,[http/1.1]}{0.0.0.0:32972}
2019-09-04 17:21:56,611 [main] INFO  server.Server (Server.java:doStart(419)) - Started @712041ms
2019-09-04 17:21:56,611 [main] WARN  impl.MetricsSystemImpl (MetricsSystemImpl.java:register(276)) - Sink prometheus already exists!
2019-09-04 17:21:56,612 [main] INFO  server.BaseHttpServer (BaseHttpServer.java:updateConnectorAddress(215)) - HTTP server of OZONEMANAGER is listening at http://0.0.0.0:32972
2019-09-04 17:21:56,631 [main] INFO  impl.MetricsSystemImpl (MetricsSystemImpl.java:init(158)) - HddsDatanode metrics system started (again)
2019-09-04 17:21:56,637 [main] INFO  ozone.HddsDatanodeService (HddsDatanodeService.java:start(184)) - HddsDatanodeService host:pr-hdds-1561-mdkws-1819952476 ip:192.168.34.57
2019-09-04 17:21:56,644 [main] INFO  volume.HddsVolume (HddsVolume.java:<init>(176)) - Creating Volume: /workdir/hadoop-ozone/integration-test/target/test-dir/MiniOzoneClusterImpl-a66fa8d6-020b-4b94-8246-f6312d57d8d8/datanode-0/data/containers/hdds of  storage type : DISK and capacity : 1482555576320
2019-09-04 17:21:56,644 [main] INFO  volume.VolumeSet (VolumeSet.java:initializeVolumeSet(170)) - Added Volume : /workdir/hadoop-ozone/integration-test/target/test-dir/MiniOzoneClusterImpl-a66fa8d6-020b-4b94-8246-f6312d57d8d8/datanode-0/data/containers/hdds to VolumeSet
2019-09-04 17:21:56,645 [main] INFO  volume.ThrottledAsyncChecker (ThrottledAsyncChecker.java:schedule(140)) - Scheduling a check for org.apache.hadoop.ozone.container.common.volume.HddsVolume@44b9c7c4
2019-09-04 17:21:56,645 [main] INFO  volume.HddsVolumeChecker (HddsVolumeChecker.java:checkAllVolumes(203)) - Scheduled health check for volume org.apache.hadoop.ozone.container.common.volume.HddsVolume@44b9c7c4
2019-09-04 17:21:56,659 [main] INFO  impl.RaftServerProxy (ConfUtils.java:logGet(43)) - raft.rpc.type = GRPC (default)
2019-09-04 17:21:56,659 [main] INFO  grpc.GrpcFactory (GrpcFactory.java:checkPooledByteBufAllocatorUseCacheForAllThreads(45)) - PERFORMANCE WARNING: useCacheForAllThreads is true that may cause Netty to create a lot garbage objects and, as a result, trigger GC.
	It is recommended to disable useCacheForAllThreads by setting -Dorg.apache.ratis.thirdparty.io.netty.allocator.useCacheForAllThreads=false in command line.
2019-09-04 17:21:56,660 [main] INFO  grpc.GrpcConfigKeys$Server (ConfUtils.java:logGet(43)) - raft.grpc.server.port = 0 (default)
2019-09-04 17:21:56,660 [main] INFO  server.GrpcService (ConfUtils.java:logGet(43)) - raft.grpc.message.size.max = 33570816 (custom)
2019-09-04 17:21:56,660 [main] INFO  server.RaftServerConfigKeys (ConfUtils.java:logGet(43)) - raft.server.log.appender.buffer.byte-limit = 33554432 (custom)
2019-09-04 17:21:56,660 [main] INFO  server.GrpcService (ConfUtils.java:logGet(43)) - raft.grpc.flow.control.window = 1MB (=1048576) (default)
2019-09-04 17:21:56,660 [main] INFO  server.RaftServerConfigKeys (ConfUtils.java:logGet(43)) - raft.server.rpc.request.timeout = 3000ms (default)
2019-09-04 17:21:56,661 [main] INFO  server.RaftServerConfigKeys (ConfUtils.java:logGet(43)) - raft.server.storage.dir = [/workdir/hadoop-ozone/integration-test/target/test-dir/MiniOzoneClusterImpl-a66fa8d6-020b-4b94-8246-f6312d57d8d8/datanode-0/data/ratis] (custom)
2019-09-04 17:21:56,664 [main] INFO  hdfs.DFSUtil (DFSUtil.java:httpServerTemplateForNNAndJN(1641)) - Starting Web-server for hddsDatanode at: http://0.0.0.0:0
2019-09-04 17:21:56,666 [main] INFO  server.AuthenticationFilter (AuthenticationFilter.java:constructSecretProvider(240)) - Unable to initialize FileSignerSecretProvider, falling back to use random secrets.
2019-09-04 17:21:56,666 [main] WARN  http.HttpRequestLog (HttpRequestLog.java:getRequestLog(97)) - Jetty request log can only be enabled using Log4j
2019-09-04 17:21:56,669 [main] INFO  http.HttpServer2 (HttpServer2.java:addGlobalFilter(975)) - Added global filter 'safety' (class=org.apache.hadoop.http.HttpServer2$QuotingInputFilter)
2019-09-04 17:21:56,669 [main] INFO  http.HttpServer2 (HttpServer2.java:addFilter(948)) - Added filter static_user_filter (class=org.apache.hadoop.http.lib.StaticUserWebFilter$StaticUserFilter) to context hddsDatanode
2019-09-04 17:21:56,669 [main] INFO  http.HttpServer2 (HttpServer2.java:addFilter(958)) - Added filter static_user_filter (class=org.apache.hadoop.http.lib.StaticUserWebFilter$StaticUserFilter) to context static
2019-09-04 17:21:56,670 [main] INFO  http.HttpServer2 (HttpServer2.java:addFilter(958)) - Added filter static_user_filter (class=org.apache.hadoop.http.lib.StaticUserWebFilter$StaticUserFilter) to context logs
2019-09-04 17:21:56,670 [main] INFO  http.HttpServer2 (HttpServer2.java:bindListener(1191)) - Jetty bound to port 40148
2019-09-04 17:21:56,671 [main] INFO  server.Server (Server.java:doStart(351)) - jetty-9.3.24.v20180605, build timestamp: 2018-06-05T17:11:56Z, git hash: 84205aa28f11a4f31f2a3b86d1bba2cc8ab69827
2019-09-04 17:21:56,672 [main] INFO  handler.ContextHandler (ContextHandler.java:doStart(781)) - Started o.e.j.s.ServletContextHandler@2d6a0766{/logs,file:///workdir/hadoop-ozone/integration-test/target/log,AVAILABLE}
2019-09-04 17:21:56,673 [main] INFO  handler.ContextHandler (ContextHandler.java:doStart(781)) - Started o.e.j.s.ServletContextHandler@31c7c281{/static,jar:file:/home/user/.m2/repository/org/apache/hadoop/hadoop-hdds-container-service/0.5.0-SNAPSHOT/hadoop-hdds-container-service-0.5.0-SNAPSHOT.jar!/webapps/static,AVAILABLE}
2019-09-04 17:21:56,712 [main] INFO  handler.ContextHandler (ContextHandler.java:doStart(781)) - Started o.e.j.w.WebAppContext@7114e780{/,file:///tmp/jetty-0.0.0.0-40148-hddsDatanode-_-any-1071020066955589976.dir/webapp/,AVAILABLE}{/hddsDatanode}
2019-09-04 17:21:56,713 [main] INFO  server.AbstractConnector (AbstractConnector.java:doStart(278)) - Started ServerConnector@4def42c3{HTTP/1.1,[http/1.1]}{0.0.0.0:40148}
2019-09-04 17:21:56,715 [main] INFO  server.Server (Server.java:doStart(419)) - Started @712145ms
2019-09-04 17:21:56,715 [main] WARN  impl.MetricsSystemImpl (MetricsSystemImpl.java:register(276)) - Sink prometheus already exists!
2019-09-04 17:21:56,716 [main] INFO  server.BaseHttpServer (BaseHttpServer.java:updateConnectorAddress(215)) - HTTP server of HDDSDATANODE is listening at http://0.0.0.0:40148
2019-09-04 17:21:56,716 [main] INFO  impl.MetricsSystemImpl (MetricsSystemImpl.java:init(158)) - HddsDatanode metrics system started (again)
2019-09-04 17:21:56,721 [org.apache.hadoop.util.JvmPauseMonitor$Monitor@341babc1] INFO  util.JvmPauseMonitor (JvmPauseMonitor.java:run(188)) - Starting JVM pause monitor
2019-09-04 17:21:56,722 [main] INFO  ozone.HddsDatanodeService (HddsDatanodeService.java:start(184)) - HddsDatanodeService host:pr-hdds-1561-mdkws-1819952476 ip:192.168.34.57
2019-09-04 17:21:56,722 [Datanode State Machine Thread - 0] INFO  datanode.InitDatanodeState (InitDatanodeState.java:persistContainerDatanodeDetails(140)) - DatanodeDetails is persisted to /workdir/hadoop-ozone/integration-test/target/test-dir/MiniOzoneClusterImpl-a66fa8d6-020b-4b94-8246-f6312d57d8d8/datanode-0/meta/datanode.id
2019-09-04 17:21:56,727 [main] INFO  volume.HddsVolume (HddsVolume.java:<init>(176)) - Creating Volume: /workdir/hadoop-ozone/integration-test/target/test-dir/MiniOzoneClusterImpl-a66fa8d6-020b-4b94-8246-f6312d57d8d8/datanode-1/data/containers/hdds of  storage type : DISK and capacity : 1482555576320
2019-09-04 17:21:56,728 [main] INFO  volume.VolumeSet (VolumeSet.java:initializeVolumeSet(170)) - Added Volume : /workdir/hadoop-ozone/integration-test/target/test-dir/MiniOzoneClusterImpl-a66fa8d6-020b-4b94-8246-f6312d57d8d8/datanode-1/data/containers/hdds to VolumeSet
2019-09-04 17:21:56,728 [main] INFO  volume.ThrottledAsyncChecker (ThrottledAsyncChecker.java:schedule(140)) - Scheduling a check for org.apache.hadoop.ozone.container.common.volume.HddsVolume@192b472d
2019-09-04 17:21:56,728 [main] INFO  volume.HddsVolumeChecker (HddsVolumeChecker.java:checkAllVolumes(203)) - Scheduled health check for volume org.apache.hadoop.ozone.container.common.volume.HddsVolume@192b472d
2019-09-04 17:21:56,741 [main] INFO  impl.RaftServerProxy (ConfUtils.java:logGet(43)) - raft.rpc.type = GRPC (default)
2019-09-04 17:21:56,741 [main] INFO  grpc.GrpcFactory (GrpcFactory.java:checkPooledByteBufAllocatorUseCacheForAllThreads(45)) - PERFORMANCE WARNING: useCacheForAllThreads is true that may cause Netty to create a lot garbage objects and, as a result, trigger GC.
	It is recommended to disable useCacheForAllThreads by setting -Dorg.apache.ratis.thirdparty.io.netty.allocator.useCacheForAllThreads=false in command line.
2019-09-04 17:21:56,741 [main] INFO  grpc.GrpcConfigKeys$Server (ConfUtils.java:logGet(43)) - raft.grpc.server.port = 0 (default)
2019-09-04 17:21:56,742 [main] INFO  server.GrpcService (ConfUtils.java:logGet(43)) - raft.grpc.message.size.max = 33570816 (custom)
2019-09-04 17:21:56,742 [main] INFO  server.RaftServerConfigKeys (ConfUtils.java:logGet(43)) - raft.server.log.appender.buffer.byte-limit = 33554432 (custom)
2019-09-04 17:21:56,742 [main] INFO  server.GrpcService (ConfUtils.java:logGet(43)) - raft.grpc.flow.control.window = 1MB (=1048576) (default)
2019-09-04 17:21:56,742 [main] INFO  server.RaftServerConfigKeys (ConfUtils.java:logGet(43)) - raft.server.rpc.request.timeout = 3000ms (default)
2019-09-04 17:21:56,742 [main] INFO  server.RaftServerConfigKeys (ConfUtils.java:logGet(43)) - raft.server.storage.dir = [/workdir/hadoop-ozone/integration-test/target/test-dir/MiniOzoneClusterImpl-a66fa8d6-020b-4b94-8246-f6312d57d8d8/datanode-1/data/ratis] (custom)
2019-09-04 17:21:56,743 [main] INFO  hdfs.DFSUtil (DFSUtil.java:httpServerTemplateForNNAndJN(1641)) - Starting Web-server for hddsDatanode at: http://0.0.0.0:0
2019-09-04 17:21:56,745 [main] INFO  server.AuthenticationFilter (AuthenticationFilter.java:constructSecretProvider(240)) - Unable to initialize FileSignerSecretProvider, falling back to use random secrets.
2019-09-04 17:21:56,746 [main] WARN  http.HttpRequestLog (HttpRequestLog.java:getRequestLog(97)) - Jetty request log can only be enabled using Log4j
2019-09-04 17:21:56,747 [main] INFO  http.HttpServer2 (HttpServer2.java:addGlobalFilter(975)) - Added global filter 'safety' (class=org.apache.hadoop.http.HttpServer2$QuotingInputFilter)
2019-09-04 17:21:56,748 [main] INFO  http.HttpServer2 (HttpServer2.java:addFilter(948)) - Added filter static_user_filter (class=org.apache.hadoop.http.lib.StaticUserWebFilter$StaticUserFilter) to context hddsDatanode
2019-09-04 17:21:56,748 [main] INFO  http.HttpServer2 (HttpServer2.java:addFilter(958)) - Added filter static_user_filter (class=org.apache.hadoop.http.lib.StaticUserWebFilter$StaticUserFilter) to context static
2019-09-04 17:21:56,748 [main] INFO  http.HttpServer2 (HttpServer2.java:addFilter(958)) - Added filter static_user_filter (class=org.apache.hadoop.http.lib.StaticUserWebFilter$StaticUserFilter) to context logs
2019-09-04 17:21:56,749 [main] INFO  http.HttpServer2 (HttpServer2.java:bindListener(1191)) - Jetty bound to port 35404
2019-09-04 17:21:56,749 [main] INFO  server.Server (Server.java:doStart(351)) - jetty-9.3.24.v20180605, build timestamp: 2018-06-05T17:11:56Z, git hash: 84205aa28f11a4f31f2a3b86d1bba2cc8ab69827
2019-09-04 17:21:56,751 [main] INFO  handler.ContextHandler (ContextHandler.java:doStart(781)) - Started o.e.j.s.ServletContextHandler@1584c019{/logs,file:///workdir/hadoop-ozone/integration-test/target/log,AVAILABLE}
2019-09-04 17:21:56,751 [main] INFO  handler.ContextHandler (ContextHandler.java:doStart(781)) - Started o.e.j.s.ServletContextHandler@4fe2dd02{/static,jar:file:/home/user/.m2/repository/org/apache/hadoop/hadoop-hdds-container-service/0.5.0-SNAPSHOT/hadoop-hdds-container-service-0.5.0-SNAPSHOT.jar!/webapps/static,AVAILABLE}
2019-09-04 17:21:56,778 [main] INFO  handler.ContextHandler (ContextHandler.java:doStart(781)) - Started o.e.j.w.WebAppContext@5b3518e1{/,file:///tmp/jetty-0.0.0.0-35404-hddsDatanode-_-any-3314839472492535878.dir/webapp/,AVAILABLE}{/hddsDatanode}
2019-09-04 17:21:56,779 [main] INFO  server.AbstractConnector (AbstractConnector.java:doStart(278)) - Started ServerConnector@5fd18419{HTTP/1.1,[http/1.1]}{0.0.0.0:35404}
2019-09-04 17:21:56,780 [main] INFO  server.Server (Server.java:doStart(419)) - Started @712211ms
2019-09-04 17:21:56,780 [main] WARN  impl.MetricsSystemImpl (MetricsSystemImpl.java:register(276)) - Sink prometheus already exists!
2019-09-04 17:21:56,781 [main] INFO  server.BaseHttpServer (BaseHttpServer.java:updateConnectorAddress(215)) - HTTP server of HDDSDATANODE is listening at http://0.0.0.0:35404
2019-09-04 17:21:56,781 [main] INFO  impl.MetricsSystemImpl (MetricsSystemImpl.java:init(158)) - HddsDatanode metrics system started (again)
2019-09-04 17:21:56,786 [org.apache.hadoop.util.JvmPauseMonitor$Monitor@11d04a68] INFO  util.JvmPauseMonitor (JvmPauseMonitor.java:run(188)) - Starting JVM pause monitor
2019-09-04 17:21:56,786 [main] INFO  ozone.HddsDatanodeService (HddsDatanodeService.java:start(184)) - HddsDatanodeService host:pr-hdds-1561-mdkws-1819952476 ip:192.168.34.57
2019-09-04 17:21:56,787 [Datanode State Machine Thread - 0] INFO  datanode.InitDatanodeState (InitDatanodeState.java:persistContainerDatanodeDetails(140)) - DatanodeDetails is persisted to /workdir/hadoop-ozone/integration-test/target/test-dir/MiniOzoneClusterImpl-a66fa8d6-020b-4b94-8246-f6312d57d8d8/datanode-1/meta/datanode.id
2019-09-04 17:21:56,793 [main] INFO  volume.HddsVolume (HddsVolume.java:<init>(176)) - Creating Volume: /workdir/hadoop-ozone/integration-test/target/test-dir/MiniOzoneClusterImpl-a66fa8d6-020b-4b94-8246-f6312d57d8d8/datanode-2/data/containers/hdds of  storage type : DISK and capacity : 1482555576320
2019-09-04 17:21:56,793 [main] INFO  volume.VolumeSet (VolumeSet.java:initializeVolumeSet(170)) - Added Volume : /workdir/hadoop-ozone/integration-test/target/test-dir/MiniOzoneClusterImpl-a66fa8d6-020b-4b94-8246-f6312d57d8d8/datanode-2/data/containers/hdds to VolumeSet
2019-09-04 17:21:56,793 [main] INFO  volume.ThrottledAsyncChecker (ThrottledAsyncChecker.java:schedule(140)) - Scheduling a check for org.apache.hadoop.ozone.container.common.volume.HddsVolume@191f4d65
2019-09-04 17:21:56,794 [main] INFO  volume.HddsVolumeChecker (HddsVolumeChecker.java:checkAllVolumes(203)) - Scheduled health check for volume org.apache.hadoop.ozone.container.common.volume.HddsVolume@191f4d65
2019-09-04 17:21:56,807 [main] INFO  impl.RaftServerProxy (ConfUtils.java:logGet(43)) - raft.rpc.type = GRPC (default)
2019-09-04 17:21:56,807 [main] INFO  grpc.GrpcFactory (GrpcFactory.java:checkPooledByteBufAllocatorUseCacheForAllThreads(45)) - PERFORMANCE WARNING: useCacheForAllThreads is true that may cause Netty to create a lot garbage objects and, as a result, trigger GC.
	It is recommended to disable useCacheForAllThreads by setting -Dorg.apache.ratis.thirdparty.io.netty.allocator.useCacheForAllThreads=false in command line.
2019-09-04 17:21:56,807 [main] INFO  grpc.GrpcConfigKeys$Server (ConfUtils.java:logGet(43)) - raft.grpc.server.port = 0 (default)
2019-09-04 17:21:56,807 [main] INFO  server.GrpcService (ConfUtils.java:logGet(43)) - raft.grpc.message.size.max = 33570816 (custom)
2019-09-04 17:21:56,808 [main] INFO  server.RaftServerConfigKeys (ConfUtils.java:logGet(43)) - raft.server.log.appender.buffer.byte-limit = 33554432 (custom)
2019-09-04 17:21:56,808 [main] INFO  server.GrpcService (ConfUtils.java:logGet(43)) - raft.grpc.flow.control.window = 1MB (=1048576) (default)
2019-09-04 17:21:56,808 [main] INFO  server.RaftServerConfigKeys (ConfUtils.java:logGet(43)) - raft.server.rpc.request.timeout = 3000ms (default)
2019-09-04 17:21:56,808 [main] INFO  server.RaftServerConfigKeys (ConfUtils.java:logGet(43)) - raft.server.storage.dir = [/workdir/hadoop-ozone/integration-test/target/test-dir/MiniOzoneClusterImpl-a66fa8d6-020b-4b94-8246-f6312d57d8d8/datanode-2/data/ratis] (custom)
2019-09-04 17:21:56,809 [main] INFO  hdfs.DFSUtil (DFSUtil.java:httpServerTemplateForNNAndJN(1641)) - Starting Web-server for hddsDatanode at: http://0.0.0.0:0
2019-09-04 17:21:56,810 [main] INFO  server.AuthenticationFilter (AuthenticationFilter.java:constructSecretProvider(240)) - Unable to initialize FileSignerSecretProvider, falling back to use random secrets.
2019-09-04 17:21:56,811 [main] WARN  http.HttpRequestLog (HttpRequestLog.java:getRequestLog(97)) - Jetty request log can only be enabled using Log4j
2019-09-04 17:21:56,812 [main] INFO  http.HttpServer2 (HttpServer2.java:addGlobalFilter(975)) - Added global filter 'safety' (class=org.apache.hadoop.http.HttpServer2$QuotingInputFilter)
2019-09-04 17:21:56,812 [main] INFO  http.HttpServer2 (HttpServer2.java:addFilter(948)) - Added filter static_user_filter (class=org.apache.hadoop.http.lib.StaticUserWebFilter$StaticUserFilter) to context hddsDatanode
2019-09-04 17:21:56,813 [main] INFO  http.HttpServer2 (HttpServer2.java:addFilter(958)) - Added filter static_user_filter (class=org.apache.hadoop.http.lib.StaticUserWebFilter$StaticUserFilter) to context static
2019-09-04 17:21:56,813 [main] INFO  http.HttpServer2 (HttpServer2.java:addFilter(958)) - Added filter static_user_filter (class=org.apache.hadoop.http.lib.StaticUserWebFilter$StaticUserFilter) to context logs
2019-09-04 17:21:56,813 [main] INFO  http.HttpServer2 (HttpServer2.java:bindListener(1191)) - Jetty bound to port 34306
2019-09-04 17:21:56,813 [main] INFO  server.Server (Server.java:doStart(351)) - jetty-9.3.24.v20180605, build timestamp: 2018-06-05T17:11:56Z, git hash: 84205aa28f11a4f31f2a3b86d1bba2cc8ab69827
2019-09-04 17:21:56,815 [main] INFO  handler.ContextHandler (ContextHandler.java:doStart(781)) - Started o.e.j.s.ServletContextHandler@3c488b34{/logs,file:///workdir/hadoop-ozone/integration-test/target/log,AVAILABLE}
2019-09-04 17:21:56,815 [main] INFO  handler.ContextHandler (ContextHandler.java:doStart(781)) - Started o.e.j.s.ServletContextHandler@3866c96e{/static,jar:file:/home/user/.m2/repository/org/apache/hadoop/hadoop-hdds-container-service/0.5.0-SNAPSHOT/hadoop-hdds-container-service-0.5.0-SNAPSHOT.jar!/webapps/static,AVAILABLE}
2019-09-04 17:21:56,841 [main] INFO  handler.ContextHandler (ContextHandler.java:doStart(781)) - Started o.e.j.w.WebAppContext@2bc16fe2{/,file:///tmp/jetty-0.0.0.0-34306-hddsDatanode-_-any-8643061013954871744.dir/webapp/,AVAILABLE}{/hddsDatanode}
2019-09-04 17:21:56,841 [main] INFO  server.AbstractConnector (AbstractConnector.java:doStart(278)) - Started ServerConnector@d66502{HTTP/1.1,[http/1.1]}{0.0.0.0:34306}
2019-09-04 17:21:56,843 [main] INFO  server.Server (Server.java:doStart(419)) - Started @712273ms
2019-09-04 17:21:56,843 [main] WARN  impl.MetricsSystemImpl (MetricsSystemImpl.java:register(276)) - Sink prometheus already exists!
2019-09-04 17:21:56,844 [main] INFO  server.BaseHttpServer (BaseHttpServer.java:updateConnectorAddress(215)) - HTTP server of HDDSDATANODE is listening at http://0.0.0.0:34306
2019-09-04 17:21:56,844 [main] INFO  impl.MetricsSystemImpl (MetricsSystemImpl.java:init(158)) - HddsDatanode metrics system started (again)
2019-09-04 17:21:56,849 [org.apache.hadoop.util.JvmPauseMonitor$Monitor@ec404c6] INFO  util.JvmPauseMonitor (JvmPauseMonitor.java:run(188)) - Starting JVM pause monitor
2019-09-04 17:21:56,849 [main] INFO  ozone.HddsDatanodeService (HddsDatanodeService.java:start(184)) - HddsDatanodeService host:pr-hdds-1561-mdkws-1819952476 ip:192.168.34.57
2019-09-04 17:21:56,849 [Datanode State Machine Thread - 0] INFO  datanode.InitDatanodeState (InitDatanodeState.java:persistContainerDatanodeDetails(140)) - DatanodeDetails is persisted to /workdir/hadoop-ozone/integration-test/target/test-dir/MiniOzoneClusterImpl-a66fa8d6-020b-4b94-8246-f6312d57d8d8/datanode-2/meta/datanode.id
2019-09-04 17:21:56,856 [main] INFO  volume.HddsVolume (HddsVolume.java:<init>(176)) - Creating Volume: /workdir/hadoop-ozone/integration-test/target/test-dir/MiniOzoneClusterImpl-a66fa8d6-020b-4b94-8246-f6312d57d8d8/datanode-3/data/containers/hdds of  storage type : DISK and capacity : 1482555576320
2019-09-04 17:21:56,856 [main] INFO  volume.VolumeSet (VolumeSet.java:initializeVolumeSet(170)) - Added Volume : /workdir/hadoop-ozone/integration-test/target/test-dir/MiniOzoneClusterImpl-a66fa8d6-020b-4b94-8246-f6312d57d8d8/datanode-3/data/containers/hdds to VolumeSet
2019-09-04 17:21:56,856 [main] INFO  volume.ThrottledAsyncChecker (ThrottledAsyncChecker.java:schedule(140)) - Scheduling a check for org.apache.hadoop.ozone.container.common.volume.HddsVolume@595814a1
2019-09-04 17:21:56,856 [main] INFO  volume.HddsVolumeChecker (HddsVolumeChecker.java:checkAllVolumes(203)) - Scheduled health check for volume org.apache.hadoop.ozone.container.common.volume.HddsVolume@595814a1
2019-09-04 17:21:56,871 [main] INFO  impl.RaftServerProxy (ConfUtils.java:logGet(43)) - raft.rpc.type = GRPC (default)
2019-09-04 17:21:56,872 [main] INFO  grpc.GrpcFactory (GrpcFactory.java:checkPooledByteBufAllocatorUseCacheForAllThreads(45)) - PERFORMANCE WARNING: useCacheForAllThreads is true that may cause Netty to create a lot garbage objects and, as a result, trigger GC.
	It is recommended to disable useCacheForAllThreads by setting -Dorg.apache.ratis.thirdparty.io.netty.allocator.useCacheForAllThreads=false in command line.
2019-09-04 17:21:56,872 [main] INFO  grpc.GrpcConfigKeys$Server (ConfUtils.java:logGet(43)) - raft.grpc.server.port = 0 (default)
2019-09-04 17:21:56,872 [main] INFO  server.GrpcService (ConfUtils.java:logGet(43)) - raft.grpc.message.size.max = 33570816 (custom)
2019-09-04 17:21:56,872 [main] INFO  server.RaftServerConfigKeys (ConfUtils.java:logGet(43)) - raft.server.log.appender.buffer.byte-limit = 33554432 (custom)
2019-09-04 17:21:56,872 [main] INFO  server.GrpcService (ConfUtils.java:logGet(43)) - raft.grpc.flow.control.window = 1MB (=1048576) (default)
2019-09-04 17:21:56,873 [main] INFO  server.RaftServerConfigKeys (ConfUtils.java:logGet(43)) - raft.server.rpc.request.timeout = 3000ms (default)
2019-09-04 17:21:56,873 [main] INFO  server.RaftServerConfigKeys (ConfUtils.java:logGet(43)) - raft.server.storage.dir = [/workdir/hadoop-ozone/integration-test/target/test-dir/MiniOzoneClusterImpl-a66fa8d6-020b-4b94-8246-f6312d57d8d8/datanode-3/data/ratis] (custom)
2019-09-04 17:21:56,874 [main] INFO  hdfs.DFSUtil (DFSUtil.java:httpServerTemplateForNNAndJN(1641)) - Starting Web-server for hddsDatanode at: http://0.0.0.0:0
2019-09-04 17:21:56,875 [main] INFO  server.AuthenticationFilter (AuthenticationFilter.java:constructSecretProvider(240)) - Unable to initialize FileSignerSecretProvider, falling back to use random secrets.
2019-09-04 17:21:56,875 [main] WARN  http.HttpRequestLog (HttpRequestLog.java:getRequestLog(97)) - Jetty request log can only be enabled using Log4j
2019-09-04 17:21:56,876 [main] INFO  http.HttpServer2 (HttpServer2.java:addGlobalFilter(975)) - Added global filter 'safety' (class=org.apache.hadoop.http.HttpServer2$QuotingInputFilter)
2019-09-04 17:21:56,877 [main] INFO  http.HttpServer2 (HttpServer2.java:addFilter(948)) - Added filter static_user_filter (class=org.apache.hadoop.http.lib.StaticUserWebFilter$StaticUserFilter) to context hddsDatanode
2019-09-04 17:21:56,877 [main] INFO  http.HttpServer2 (HttpServer2.java:addFilter(958)) - Added filter static_user_filter (class=org.apache.hadoop.http.lib.StaticUserWebFilter$StaticUserFilter) to context static
2019-09-04 17:21:56,877 [main] INFO  http.HttpServer2 (HttpServer2.java:addFilter(958)) - Added filter static_user_filter (class=org.apache.hadoop.http.lib.StaticUserWebFilter$StaticUserFilter) to context logs
2019-09-04 17:21:56,877 [main] INFO  http.HttpServer2 (HttpServer2.java:bindListener(1191)) - Jetty bound to port 45510
2019-09-04 17:21:56,878 [main] INFO  server.Server (Server.java:doStart(351)) - jetty-9.3.24.v20180605, build timestamp: 2018-06-05T17:11:56Z, git hash: 84205aa28f11a4f31f2a3b86d1bba2cc8ab69827
2019-09-04 17:21:56,879 [main] INFO  handler.ContextHandler (ContextHandler.java:doStart(781)) - Started o.e.j.s.ServletContextHandler@45bd4753{/logs,file:///workdir/hadoop-ozone/integration-test/target/log,AVAILABLE}
2019-09-04 17:21:56,879 [main] INFO  handler.ContextHandler (ContextHandler.java:doStart(781)) - Started o.e.j.s.ServletContextHandler@25fd6d1e{/static,jar:file:/home/user/.m2/repository/org/apache/hadoop/hadoop-hdds-container-service/0.5.0-SNAPSHOT/hadoop-hdds-container-service-0.5.0-SNAPSHOT.jar!/webapps/static,AVAILABLE}
2019-09-04 17:21:56,905 [main] INFO  handler.ContextHandler (ContextHandler.java:doStart(781)) - Started o.e.j.w.WebAppContext@21b744ec{/,file:///tmp/jetty-0.0.0.0-45510-hddsDatanode-_-any-1114246831636365031.dir/webapp/,AVAILABLE}{/hddsDatanode}
2019-09-04 17:21:56,906 [main] INFO  server.AbstractConnector (AbstractConnector.java:doStart(278)) - Started ServerConnector@697a92af{HTTP/1.1,[http/1.1]}{0.0.0.0:45510}
2019-09-04 17:21:56,907 [main] INFO  server.Server (Server.java:doStart(419)) - Started @712336ms
2019-09-04 17:21:56,907 [main] WARN  impl.MetricsSystemImpl (MetricsSystemImpl.java:register(276)) - Sink prometheus already exists!
2019-09-04 17:21:56,908 [main] INFO  server.BaseHttpServer (BaseHttpServer.java:updateConnectorAddress(215)) - HTTP server of HDDSDATANODE is listening at http://0.0.0.0:45510
2019-09-04 17:21:56,909 [main] INFO  impl.MetricsSystemImpl (MetricsSystemImpl.java:init(158)) - HddsDatanode metrics system started (again)
2019-09-04 17:21:56,913 [org.apache.hadoop.util.JvmPauseMonitor$Monitor@7c4f8f61] INFO  util.JvmPauseMonitor (JvmPauseMonitor.java:run(188)) - Starting JVM pause monitor
2019-09-04 17:21:56,914 [main] INFO  ozone.HddsDatanodeService (HddsDatanodeService.java:start(184)) - HddsDatanodeService host:pr-hdds-1561-mdkws-1819952476 ip:192.168.34.57
2019-09-04 17:21:56,915 [Datanode State Machine Thread - 0] INFO  datanode.InitDatanodeState (InitDatanodeState.java:persistContainerDatanodeDetails(140)) - DatanodeDetails is persisted to /workdir/hadoop-ozone/integration-test/target/test-dir/MiniOzoneClusterImpl-a66fa8d6-020b-4b94-8246-f6312d57d8d8/datanode-3/meta/datanode.id
2019-09-04 17:21:56,921 [main] INFO  volume.HddsVolume (HddsVolume.java:<init>(176)) - Creating Volume: /workdir/hadoop-ozone/integration-test/target/test-dir/MiniOzoneClusterImpl-a66fa8d6-020b-4b94-8246-f6312d57d8d8/datanode-4/data/containers/hdds of  storage type : DISK and capacity : 1482555576320
2019-09-04 17:21:56,921 [main] INFO  volume.VolumeSet (VolumeSet.java:initializeVolumeSet(170)) - Added Volume : /workdir/hadoop-ozone/integration-test/target/test-dir/MiniOzoneClusterImpl-a66fa8d6-020b-4b94-8246-f6312d57d8d8/datanode-4/data/containers/hdds to VolumeSet
2019-09-04 17:21:56,921 [main] INFO  volume.ThrottledAsyncChecker (ThrottledAsyncChecker.java:schedule(140)) - Scheduling a check for org.apache.hadoop.ozone.container.common.volume.HddsVolume@699d96bc
2019-09-04 17:21:56,922 [main] INFO  volume.HddsVolumeChecker (HddsVolumeChecker.java:checkAllVolumes(203)) - Scheduled health check for volume org.apache.hadoop.ozone.container.common.volume.HddsVolume@699d96bc
2019-09-04 17:21:56,937 [main] INFO  impl.RaftServerProxy (ConfUtils.java:logGet(43)) - raft.rpc.type = GRPC (default)
2019-09-04 17:21:56,938 [main] INFO  grpc.GrpcFactory (GrpcFactory.java:checkPooledByteBufAllocatorUseCacheForAllThreads(45)) - PERFORMANCE WARNING: useCacheForAllThreads is true that may cause Netty to create a lot garbage objects and, as a result, trigger GC.
	It is recommended to disable useCacheForAllThreads by setting -Dorg.apache.ratis.thirdparty.io.netty.allocator.useCacheForAllThreads=false in command line.
2019-09-04 17:21:56,938 [main] INFO  grpc.GrpcConfigKeys$Server (ConfUtils.java:logGet(43)) - raft.grpc.server.port = 0 (default)
2019-09-04 17:21:56,938 [main] INFO  server.GrpcService (ConfUtils.java:logGet(43)) - raft.grpc.message.size.max = 33570816 (custom)
2019-09-04 17:21:56,938 [main] INFO  server.RaftServerConfigKeys (ConfUtils.java:logGet(43)) - raft.server.log.appender.buffer.byte-limit = 33554432 (custom)
2019-09-04 17:21:56,938 [main] INFO  server.GrpcService (ConfUtils.java:logGet(43)) - raft.grpc.flow.control.window = 1MB (=1048576) (default)
2019-09-04 17:21:56,939 [main] INFO  server.RaftServerConfigKeys (ConfUtils.java:logGet(43)) - raft.server.rpc.request.timeout = 3000ms (default)
2019-09-04 17:21:56,939 [main] INFO  server.RaftServerConfigKeys (ConfUtils.java:logGet(43)) - raft.server.storage.dir = [/workdir/hadoop-ozone/integration-test/target/test-dir/MiniOzoneClusterImpl-a66fa8d6-020b-4b94-8246-f6312d57d8d8/datanode-4/data/ratis] (custom)
2019-09-04 17:21:56,940 [main] INFO  hdfs.DFSUtil (DFSUtil.java:httpServerTemplateForNNAndJN(1641)) - Starting Web-server for hddsDatanode at: http://0.0.0.0:0
2019-09-04 17:21:56,941 [main] INFO  server.AuthenticationFilter (AuthenticationFilter.java:constructSecretProvider(240)) - Unable to initialize FileSignerSecretProvider, falling back to use random secrets.
2019-09-04 17:21:56,942 [main] WARN  http.HttpRequestLog (HttpRequestLog.java:getRequestLog(97)) - Jetty request log can only be enabled using Log4j
2019-09-04 17:21:56,943 [main] INFO  http.HttpServer2 (HttpServer2.java:addGlobalFilter(975)) - Added global filter 'safety' (class=org.apache.hadoop.http.HttpServer2$QuotingInputFilter)
2019-09-04 17:21:56,943 [main] INFO  http.HttpServer2 (HttpServer2.java:addFilter(948)) - Added filter static_user_filter (class=org.apache.hadoop.http.lib.StaticUserWebFilter$StaticUserFilter) to context hddsDatanode
2019-09-04 17:21:56,943 [main] INFO  http.HttpServer2 (HttpServer2.java:addFilter(958)) - Added filter static_user_filter (class=org.apache.hadoop.http.lib.StaticUserWebFilter$StaticUserFilter) to context static
2019-09-04 17:21:56,943 [main] INFO  http.HttpServer2 (HttpServer2.java:addFilter(958)) - Added filter static_user_filter (class=org.apache.hadoop.http.lib.StaticUserWebFilter$StaticUserFilter) to context logs
2019-09-04 17:21:56,944 [main] INFO  http.HttpServer2 (HttpServer2.java:bindListener(1191)) - Jetty bound to port 40855
2019-09-04 17:21:56,944 [main] INFO  server.Server (Server.java:doStart(351)) - jetty-9.3.24.v20180605, build timestamp: 2018-06-05T17:11:56Z, git hash: 84205aa28f11a4f31f2a3b86d1bba2cc8ab69827
2019-09-04 17:21:56,945 [main] INFO  handler.ContextHandler (ContextHandler.java:doStart(781)) - Started o.e.j.s.ServletContextHandler@a5e8260{/logs,file:///workdir/hadoop-ozone/integration-test/target/log,AVAILABLE}
2019-09-04 17:21:56,946 [main] INFO  handler.ContextHandler (ContextHandler.java:doStart(781)) - Started o.e.j.s.ServletContextHandler@4a9bce99{/static,jar:file:/home/user/.m2/repository/org/apache/hadoop/hadoop-hdds-container-service/0.5.0-SNAPSHOT/hadoop-hdds-container-service-0.5.0-SNAPSHOT.jar!/webapps/static,AVAILABLE}
2019-09-04 17:21:56,973 [main] INFO  handler.ContextHandler (ContextHandler.java:doStart(781)) - Started o.e.j.w.WebAppContext@e07b4db{/,file:///tmp/jetty-0.0.0.0-40855-hddsDatanode-_-any-1092996268180657799.dir/webapp/,AVAILABLE}{/hddsDatanode}
2019-09-04 17:21:56,973 [main] INFO  server.AbstractConnector (AbstractConnector.java:doStart(278)) - Started ServerConnector@76b305e1{HTTP/1.1,[http/1.1]}{0.0.0.0:40855}
2019-09-04 17:21:56,973 [main] INFO  server.Server (Server.java:doStart(419)) - Started @712403ms
2019-09-04 17:21:56,975 [main] WARN  impl.MetricsSystemImpl (MetricsSystemImpl.java:register(276)) - Sink prometheus already exists!
2019-09-04 17:21:56,975 [main] INFO  server.BaseHttpServer (BaseHttpServer.java:updateConnectorAddress(215)) - HTTP server of HDDSDATANODE is listening at http://0.0.0.0:40855
2019-09-04 17:21:56,976 [main] INFO  impl.MetricsSystemImpl (MetricsSystemImpl.java:init(158)) - HddsDatanode metrics system started (again)
2019-09-04 17:21:56,981 [org.apache.hadoop.util.JvmPauseMonitor$Monitor@4f1b90e6] INFO  util.JvmPauseMonitor (JvmPauseMonitor.java:run(188)) - Starting JVM pause monitor
2019-09-04 17:21:56,982 [main] INFO  ozone.HddsDatanodeService (HddsDatanodeService.java:start(184)) - HddsDatanodeService host:pr-hdds-1561-mdkws-1819952476 ip:192.168.34.57
2019-09-04 17:21:56,982 [Datanode State Machine Thread - 0] INFO  datanode.InitDatanodeState (InitDatanodeState.java:persistContainerDatanodeDetails(140)) - DatanodeDetails is persisted to /workdir/hadoop-ozone/integration-test/target/test-dir/MiniOzoneClusterImpl-a66fa8d6-020b-4b94-8246-f6312d57d8d8/datanode-4/meta/datanode.id
2019-09-04 17:21:56,987 [main] INFO  volume.HddsVolume (HddsVolume.java:<init>(176)) - Creating Volume: /workdir/hadoop-ozone/integration-test/target/test-dir/MiniOzoneClusterImpl-a66fa8d6-020b-4b94-8246-f6312d57d8d8/datanode-5/data/containers/hdds of  storage type : DISK and capacity : 1482555576320
2019-09-04 17:21:56,988 [main] INFO  volume.VolumeSet (VolumeSet.java:initializeVolumeSet(170)) - Added Volume : /workdir/hadoop-ozone/integration-test/target/test-dir/MiniOzoneClusterImpl-a66fa8d6-020b-4b94-8246-f6312d57d8d8/datanode-5/data/containers/hdds to VolumeSet
2019-09-04 17:21:56,988 [main] INFO  volume.ThrottledAsyncChecker (ThrottledAsyncChecker.java:schedule(140)) - Scheduling a check for org.apache.hadoop.ozone.container.common.volume.HddsVolume@5834198f
2019-09-04 17:21:56,988 [main] INFO  volume.HddsVolumeChecker (HddsVolumeChecker.java:checkAllVolumes(203)) - Scheduled health check for volume org.apache.hadoop.ozone.container.common.volume.HddsVolume@5834198f
2019-09-04 17:21:57,002 [main] INFO  impl.RaftServerProxy (ConfUtils.java:logGet(43)) - raft.rpc.type = GRPC (default)
2019-09-04 17:21:57,003 [main] INFO  grpc.GrpcFactory (GrpcFactory.java:checkPooledByteBufAllocatorUseCacheForAllThreads(45)) - PERFORMANCE WARNING: useCacheForAllThreads is true that may cause Netty to create a lot garbage objects and, as a result, trigger GC.
	It is recommended to disable useCacheForAllThreads by setting -Dorg.apache.ratis.thirdparty.io.netty.allocator.useCacheForAllThreads=false in command line.
2019-09-04 17:21:57,003 [main] INFO  grpc.GrpcConfigKeys$Server (ConfUtils.java:logGet(43)) - raft.grpc.server.port = 0 (default)
2019-09-04 17:21:57,003 [main] INFO  server.GrpcService (ConfUtils.java:logGet(43)) - raft.grpc.message.size.max = 33570816 (custom)
2019-09-04 17:21:57,004 [main] INFO  server.RaftServerConfigKeys (ConfUtils.java:logGet(43)) - raft.server.log.appender.buffer.byte-limit = 33554432 (custom)
2019-09-04 17:21:57,004 [main] INFO  server.GrpcService (ConfUtils.java:logGet(43)) - raft.grpc.flow.control.window = 1MB (=1048576) (default)
2019-09-04 17:21:57,004 [main] INFO  server.RaftServerConfigKeys (ConfUtils.java:logGet(43)) - raft.server.rpc.request.timeout = 3000ms (default)
2019-09-04 17:21:57,005 [main] INFO  server.RaftServerConfigKeys (ConfUtils.java:logGet(43)) - raft.server.storage.dir = [/workdir/hadoop-ozone/integration-test/target/test-dir/MiniOzoneClusterImpl-a66fa8d6-020b-4b94-8246-f6312d57d8d8/datanode-5/data/ratis] (custom)
2019-09-04 17:21:57,007 [main] INFO  hdfs.DFSUtil (DFSUtil.java:httpServerTemplateForNNAndJN(1641)) - Starting Web-server for hddsDatanode at: http://0.0.0.0:0
2019-09-04 17:21:57,008 [main] INFO  server.AuthenticationFilter (AuthenticationFilter.java:constructSecretProvider(240)) - Unable to initialize FileSignerSecretProvider, falling back to use random secrets.
2019-09-04 17:21:57,009 [main] WARN  http.HttpRequestLog (HttpRequestLog.java:getRequestLog(97)) - Jetty request log can only be enabled using Log4j
2019-09-04 17:21:57,011 [main] INFO  http.HttpServer2 (HttpServer2.java:addGlobalFilter(975)) - Added global filter 'safety' (class=org.apache.hadoop.http.HttpServer2$QuotingInputFilter)
2019-09-04 17:21:57,011 [main] INFO  http.HttpServer2 (HttpServer2.java:addFilter(948)) - Added filter static_user_filter (class=org.apache.hadoop.http.lib.StaticUserWebFilter$StaticUserFilter) to context hddsDatanode
2019-09-04 17:21:57,012 [main] INFO  http.HttpServer2 (HttpServer2.java:addFilter(958)) - Added filter static_user_filter (class=org.apache.hadoop.http.lib.StaticUserWebFilter$StaticUserFilter) to context static
2019-09-04 17:21:57,012 [main] INFO  http.HttpServer2 (HttpServer2.java:addFilter(958)) - Added filter static_user_filter (class=org.apache.hadoop.http.lib.StaticUserWebFilter$StaticUserFilter) to context logs
2019-09-04 17:21:57,013 [main] INFO  http.HttpServer2 (HttpServer2.java:bindListener(1191)) - Jetty bound to port 38143
2019-09-04 17:21:57,013 [main] INFO  server.Server (Server.java:doStart(351)) - jetty-9.3.24.v20180605, build timestamp: 2018-06-05T17:11:56Z, git hash: 84205aa28f11a4f31f2a3b86d1bba2cc8ab69827
2019-09-04 17:21:57,015 [main] INFO  handler.ContextHandler (ContextHandler.java:doStart(781)) - Started o.e.j.s.ServletContextHandler@782cc5fa{/logs,file:///workdir/hadoop-ozone/integration-test/target/log,AVAILABLE}
2019-09-04 17:21:57,015 [main] INFO  handler.ContextHandler (ContextHandler.java:doStart(781)) - Started o.e.j.s.ServletContextHandler@ae3c140{/static,jar:file:/home/user/.m2/repository/org/apache/hadoop/hadoop-hdds-container-service/0.5.0-SNAPSHOT/hadoop-hdds-container-service-0.5.0-SNAPSHOT.jar!/webapps/static,AVAILABLE}
2019-09-04 17:21:57,040 [main] INFO  handler.ContextHandler (ContextHandler.java:doStart(781)) - Started o.e.j.w.WebAppContext@202f054f{/,file:///tmp/jetty-0.0.0.0-38143-hddsDatanode-_-any-8322531446815665591.dir/webapp/,AVAILABLE}{/hddsDatanode}
2019-09-04 17:21:57,041 [main] INFO  server.AbstractConnector (AbstractConnector.java:doStart(278)) - Started ServerConnector@141bb6b8{HTTP/1.1,[http/1.1]}{0.0.0.0:38143}
2019-09-04 17:21:57,041 [main] INFO  server.Server (Server.java:doStart(419)) - Started @712471ms
2019-09-04 17:21:57,043 [main] WARN  impl.MetricsSystemImpl (MetricsSystemImpl.java:register(276)) - Sink prometheus already exists!
2019-09-04 17:21:57,043 [main] INFO  server.BaseHttpServer (BaseHttpServer.java:updateConnectorAddress(215)) - HTTP server of HDDSDATANODE is listening at http://0.0.0.0:38143
2019-09-04 17:21:57,044 [main] INFO  impl.MetricsSystemImpl (MetricsSystemImpl.java:init(158)) - HddsDatanode metrics system started (again)
2019-09-04 17:21:57,049 [org.apache.hadoop.util.JvmPauseMonitor$Monitor@3ad5fd7d] INFO  util.JvmPauseMonitor (JvmPauseMonitor.java:run(188)) - Starting JVM pause monitor
2019-09-04 17:21:57,050 [main] INFO  ozone.HddsDatanodeService (HddsDatanodeService.java:start(184)) - HddsDatanodeService host:pr-hdds-1561-mdkws-1819952476 ip:192.168.34.57
2019-09-04 17:21:57,050 [Datanode State Machine Thread - 0] INFO  datanode.InitDatanodeState (InitDatanodeState.java:persistContainerDatanodeDetails(140)) - DatanodeDetails is persisted to /workdir/hadoop-ozone/integration-test/target/test-dir/MiniOzoneClusterImpl-a66fa8d6-020b-4b94-8246-f6312d57d8d8/datanode-5/meta/datanode.id
2019-09-04 17:21:57,057 [main] INFO  volume.HddsVolume (HddsVolume.java:<init>(176)) - Creating Volume: /workdir/hadoop-ozone/integration-test/target/test-dir/MiniOzoneClusterImpl-a66fa8d6-020b-4b94-8246-f6312d57d8d8/datanode-6/data/containers/hdds of  storage type : DISK and capacity : 1482555576320
2019-09-04 17:21:57,058 [main] INFO  volume.VolumeSet (VolumeSet.java:initializeVolumeSet(170)) - Added Volume : /workdir/hadoop-ozone/integration-test/target/test-dir/MiniOzoneClusterImpl-a66fa8d6-020b-4b94-8246-f6312d57d8d8/datanode-6/data/containers/hdds to VolumeSet
2019-09-04 17:21:57,058 [main] INFO  volume.ThrottledAsyncChecker (ThrottledAsyncChecker.java:schedule(140)) - Scheduling a check for org.apache.hadoop.ozone.container.common.volume.HddsVolume@67fac095
2019-09-04 17:21:57,058 [main] INFO  volume.HddsVolumeChecker (HddsVolumeChecker.java:checkAllVolumes(203)) - Scheduled health check for volume org.apache.hadoop.ozone.container.common.volume.HddsVolume@67fac095
2019-09-04 17:21:57,076 [main] INFO  impl.RaftServerProxy (ConfUtils.java:logGet(43)) - raft.rpc.type = GRPC (default)
2019-09-04 17:21:57,076 [main] INFO  grpc.GrpcFactory (GrpcFactory.java:checkPooledByteBufAllocatorUseCacheForAllThreads(45)) - PERFORMANCE WARNING: useCacheForAllThreads is true that may cause Netty to create a lot garbage objects and, as a result, trigger GC.
	It is recommended to disable useCacheForAllThreads by setting -Dorg.apache.ratis.thirdparty.io.netty.allocator.useCacheForAllThreads=false in command line.
2019-09-04 17:21:57,077 [main] INFO  grpc.GrpcConfigKeys$Server (ConfUtils.java:logGet(43)) - raft.grpc.server.port = 0 (default)
2019-09-04 17:21:57,077 [main] INFO  server.GrpcService (ConfUtils.java:logGet(43)) - raft.grpc.message.size.max = 33570816 (custom)
2019-09-04 17:21:57,077 [main] INFO  server.RaftServerConfigKeys (ConfUtils.java:logGet(43)) - raft.server.log.appender.buffer.byte-limit = 33554432 (custom)
2019-09-04 17:21:57,077 [main] INFO  server.GrpcService (ConfUtils.java:logGet(43)) - raft.grpc.flow.control.window = 1MB (=1048576) (default)
2019-09-04 17:21:57,078 [main] INFO  server.RaftServerConfigKeys (ConfUtils.java:logGet(43)) - raft.server.rpc.request.timeout = 3000ms (default)
2019-09-04 17:21:57,078 [main] INFO  server.RaftServerConfigKeys (ConfUtils.java:logGet(43)) - raft.server.storage.dir = [/workdir/hadoop-ozone/integration-test/target/test-dir/MiniOzoneClusterImpl-a66fa8d6-020b-4b94-8246-f6312d57d8d8/datanode-6/data/ratis] (custom)
2019-09-04 17:21:57,080 [main] INFO  hdfs.DFSUtil (DFSUtil.java:httpServerTemplateForNNAndJN(1641)) - Starting Web-server for hddsDatanode at: http://0.0.0.0:0
2019-09-04 17:21:57,081 [main] INFO  server.AuthenticationFilter (AuthenticationFilter.java:constructSecretProvider(240)) - Unable to initialize FileSignerSecretProvider, falling back to use random secrets.
2019-09-04 17:21:57,081 [main] WARN  http.HttpRequestLog (HttpRequestLog.java:getRequestLog(97)) - Jetty request log can only be enabled using Log4j
2019-09-04 17:21:57,082 [main] INFO  http.HttpServer2 (HttpServer2.java:addGlobalFilter(975)) - Added global filter 'safety' (class=org.apache.hadoop.http.HttpServer2$QuotingInputFilter)
2019-09-04 17:21:57,083 [main] INFO  http.HttpServer2 (HttpServer2.java:addFilter(948)) - Added filter static_user_filter (class=org.apache.hadoop.http.lib.StaticUserWebFilter$StaticUserFilter) to context hddsDatanode
2019-09-04 17:21:57,083 [main] INFO  http.HttpServer2 (HttpServer2.java:addFilter(958)) - Added filter static_user_filter (class=org.apache.hadoop.http.lib.StaticUserWebFilter$StaticUserFilter) to context logs
2019-09-04 17:21:57,083 [main] INFO  http.HttpServer2 (HttpServer2.java:addFilter(958)) - Added filter static_user_filter (class=org.apache.hadoop.http.lib.StaticUserWebFilter$StaticUserFilter) to context static
2019-09-04 17:21:57,084 [main] INFO  http.HttpServer2 (HttpServer2.java:bindListener(1191)) - Jetty bound to port 39476
2019-09-04 17:21:57,084 [main] INFO  server.Server (Server.java:doStart(351)) - jetty-9.3.24.v20180605, build timestamp: 2018-06-05T17:11:56Z, git hash: 84205aa28f11a4f31f2a3b86d1bba2cc8ab69827
2019-09-04 17:21:57,085 [main] INFO  handler.ContextHandler (ContextHandler.java:doStart(781)) - Started o.e.j.s.ServletContextHandler@4751cd3{/logs,file:///workdir/hadoop-ozone/integration-test/target/log,AVAILABLE}
2019-09-04 17:21:57,085 [main] INFO  handler.ContextHandler (ContextHandler.java:doStart(781)) - Started o.e.j.s.ServletContextHandler@1aac0a47{/static,jar:file:/home/user/.m2/repository/org/apache/hadoop/hadoop-hdds-container-service/0.5.0-SNAPSHOT/hadoop-hdds-container-service-0.5.0-SNAPSHOT.jar!/webapps/static,AVAILABLE}
2019-09-04 17:21:57,109 [main] INFO  handler.ContextHandler (ContextHandler.java:doStart(781)) - Started o.e.j.w.WebAppContext@7b5833ee{/,file:///tmp/jetty-0.0.0.0-39476-hddsDatanode-_-any-1247225060890267285.dir/webapp/,AVAILABLE}{/hddsDatanode}
2019-09-04 17:21:57,110 [main] INFO  server.AbstractConnector (AbstractConnector.java:doStart(278)) - Started ServerConnector@1e471884{HTTP/1.1,[http/1.1]}{0.0.0.0:39476}
2019-09-04 17:21:57,110 [main] INFO  server.Server (Server.java:doStart(419)) - Started @712540ms
2019-09-04 17:21:57,112 [main] WARN  impl.MetricsSystemImpl (MetricsSystemImpl.java:register(276)) - Sink prometheus already exists!
2019-09-04 17:21:57,113 [main] INFO  server.BaseHttpServer (BaseHttpServer.java:updateConnectorAddress(215)) - HTTP server of HDDSDATANODE is listening at http://0.0.0.0:39476
2019-09-04 17:21:57,113 [main] INFO  ozone.MiniOzoneClusterImpl (MiniOzoneClusterImpl.java:lambda$waitForClusterToBeReady$0(140)) - Waiting for cluster to be ready. Got 0 of 7 DN Heartbeats.
2019-09-04 17:21:57,114 [org.apache.hadoop.util.JvmPauseMonitor$Monitor@2dc21c75] INFO  util.JvmPauseMonitor (JvmPauseMonitor.java:run(188)) - Starting JVM pause monitor
2019-09-04 17:21:57,116 [Datanode State Machine Thread - 0] INFO  datanode.InitDatanodeState (InitDatanodeState.java:persistContainerDatanodeDetails(140)) - DatanodeDetails is persisted to /workdir/hadoop-ozone/integration-test/target/test-dir/MiniOzoneClusterImpl-a66fa8d6-020b-4b94-8246-f6312d57d8d8/datanode-6/meta/datanode.id
2019-09-04 17:21:58,113 [main] INFO  ozone.MiniOzoneClusterImpl (MiniOzoneClusterImpl.java:lambda$waitForClusterToBeReady$0(140)) - Waiting for cluster to be ready. Got 0 of 7 DN Heartbeats.
2019-09-04 17:21:58,822 [Datanode State Machine Thread - 0] INFO  ozoneimpl.OzoneContainer (OzoneContainer.java:start(202)) - Attempting to start container services.
2019-09-04 17:21:58,822 [Datanode State Machine Thread - 0] INFO  ozoneimpl.OzoneContainer (OzoneContainer.java:start(202)) - Attempting to start container services.
2019-09-04 17:21:58,822 [Datanode State Machine Thread - 0] INFO  ozoneimpl.OzoneContainer (OzoneContainer.java:startContainerScrub(176)) - Background container scrubber has been disabled by hdds.containerscrub.enabled
2019-09-04 17:21:58,823 [Datanode State Machine Thread - 0] INFO  ozoneimpl.OzoneContainer (OzoneContainer.java:startContainerScrub(176)) - Background container scrubber has been disabled by hdds.containerscrub.enabled
2019-09-04 17:21:58,823 [Datanode State Machine Thread - 0] INFO  ratis.XceiverServerRatis (XceiverServerRatis.java:start(403)) - Starting XceiverServerRatis e17d7d03-be12-4cbb-996b-76694a3eb499 at port 0
2019-09-04 17:21:58,823 [Datanode State Machine Thread - 0] INFO  ratis.XceiverServerRatis (XceiverServerRatis.java:start(403)) - Starting XceiverServerRatis cad45df4-26f2-449d-983b-430c10f8e6a0 at port 0
2019-09-04 17:21:58,840 [Datanode State Machine Thread - 0] INFO  impl.RaftServerProxy (RaftServerProxy.java:lambda$start$3(299)) - e17d7d03-be12-4cbb-996b-76694a3eb499: start RPC server
2019-09-04 17:21:58,840 [Datanode State Machine Thread - 0] INFO  impl.RaftServerProxy (RaftServerProxy.java:lambda$start$3(299)) - cad45df4-26f2-449d-983b-430c10f8e6a0: start RPC server
2019-09-04 17:21:58,843 [Datanode State Machine Thread - 0] INFO  server.GrpcService (GrpcService.java:startImpl(158)) - e17d7d03-be12-4cbb-996b-76694a3eb499: GrpcService started, listening on 0.0.0.0/0.0.0.0:46372
2019-09-04 17:21:58,843 [Datanode State Machine Thread - 0] INFO  server.GrpcService (GrpcService.java:startImpl(158)) - cad45df4-26f2-449d-983b-430c10f8e6a0: GrpcService started, listening on 0.0.0.0/0.0.0.0:42172
2019-09-04 17:21:58,843 [Datanode State Machine Thread - 0] INFO  ratis.XceiverServerRatis (XceiverServerRatis.java:start(413)) - XceiverServerRatis e17d7d03-be12-4cbb-996b-76694a3eb499 is started using port 46372
2019-09-04 17:21:58,843 [Datanode State Machine Thread - 0] INFO  ratis.XceiverServerRatis (XceiverServerRatis.java:start(413)) - XceiverServerRatis cad45df4-26f2-449d-983b-430c10f8e6a0 is started using port 42172
2019-09-04 17:21:58,844 [Datanode State Machine Thread - 0] INFO  server.XceiverServerGrpc (XceiverServerGrpc.java:start(163)) - XceiverServerGrpc e17d7d03-be12-4cbb-996b-76694a3eb499 is started using port 37174
2019-09-04 17:21:58,844 [Datanode State Machine Thread - 0] INFO  server.XceiverServerGrpc (XceiverServerGrpc.java:start(163)) - XceiverServerGrpc cad45df4-26f2-449d-983b-430c10f8e6a0 is started using port 44749
2019-09-04 17:21:58,852 [Datanode State Machine Thread - 0] INFO  ozoneimpl.OzoneContainer (OzoneContainer.java:start(202)) - Attempting to start container services.
2019-09-04 17:21:58,852 [Datanode State Machine Thread - 0] INFO  ozoneimpl.OzoneContainer (OzoneContainer.java:startContainerScrub(176)) - Background container scrubber has been disabled by hdds.containerscrub.enabled
2019-09-04 17:21:58,852 [Datanode State Machine Thread - 0] INFO  ratis.XceiverServerRatis (XceiverServerRatis.java:start(403)) - Starting XceiverServerRatis 914eab85-949a-416f-9a58-a19ca86126d9 at port 0
2019-09-04 17:21:58,858 [Datanode State Machine Thread - 0] INFO  impl.RaftServerProxy (RaftServerProxy.java:lambda$start$3(299)) - 914eab85-949a-416f-9a58-a19ca86126d9: start RPC server
2019-09-04 17:21:58,871 [Datanode State Machine Thread - 0] INFO  server.GrpcService (GrpcService.java:startImpl(158)) - 914eab85-949a-416f-9a58-a19ca86126d9: GrpcService started, listening on 0.0.0.0/0.0.0.0:38133
2019-09-04 17:21:58,872 [Datanode State Machine Thread - 0] INFO  ratis.XceiverServerRatis (XceiverServerRatis.java:start(413)) - XceiverServerRatis 914eab85-949a-416f-9a58-a19ca86126d9 is started using port 38133
2019-09-04 17:21:58,880 [Datanode State Machine Thread - 0] INFO  server.XceiverServerGrpc (XceiverServerGrpc.java:start(163)) - XceiverServerGrpc 914eab85-949a-416f-9a58-a19ca86126d9 is started using port 34862
2019-09-04 17:21:58,926 [Datanode State Machine Thread - 0] INFO  ozoneimpl.OzoneContainer (OzoneContainer.java:start(202)) - Attempting to start container services.
2019-09-04 17:21:58,926 [Datanode State Machine Thread - 0] INFO  ozoneimpl.OzoneContainer (OzoneContainer.java:startContainerScrub(176)) - Background container scrubber has been disabled by hdds.containerscrub.enabled
2019-09-04 17:21:58,927 [Datanode State Machine Thread - 0] INFO  ratis.XceiverServerRatis (XceiverServerRatis.java:start(403)) - Starting XceiverServerRatis 8a70ad64-e1a6-42ae-868f-404e248e38b5 at port 0
2019-09-04 17:21:58,935 [Datanode State Machine Thread - 0] INFO  impl.RaftServerProxy (RaftServerProxy.java:lambda$start$3(299)) - 8a70ad64-e1a6-42ae-868f-404e248e38b5: start RPC server
2019-09-04 17:21:58,938 [Datanode State Machine Thread - 0] INFO  server.GrpcService (GrpcService.java:startImpl(158)) - 8a70ad64-e1a6-42ae-868f-404e248e38b5: GrpcService started, listening on 0.0.0.0/0.0.0.0:36900
2019-09-04 17:21:58,939 [Datanode State Machine Thread - 0] INFO  ratis.XceiverServerRatis (XceiverServerRatis.java:start(413)) - XceiverServerRatis 8a70ad64-e1a6-42ae-868f-404e248e38b5 is started using port 36900
2019-09-04 17:21:58,941 [Datanode State Machine Thread - 0] INFO  server.XceiverServerGrpc (XceiverServerGrpc.java:start(163)) - XceiverServerGrpc 8a70ad64-e1a6-42ae-868f-404e248e38b5 is started using port 39917
2019-09-04 17:21:58,985 [Datanode State Machine Thread - 0] INFO  ozoneimpl.OzoneContainer (OzoneContainer.java:start(202)) - Attempting to start container services.
2019-09-04 17:21:58,986 [Datanode State Machine Thread - 0] INFO  ozoneimpl.OzoneContainer (OzoneContainer.java:startContainerScrub(176)) - Background container scrubber has been disabled by hdds.containerscrub.enabled
2019-09-04 17:21:58,986 [Datanode State Machine Thread - 0] INFO  ratis.XceiverServerRatis (XceiverServerRatis.java:start(403)) - Starting XceiverServerRatis 68b00d87-9377-45fc-b239-8a920c60ab91 at port 0
2019-09-04 17:21:58,992 [Datanode State Machine Thread - 0] INFO  impl.RaftServerProxy (RaftServerProxy.java:lambda$start$3(299)) - 68b00d87-9377-45fc-b239-8a920c60ab91: start RPC server
2019-09-04 17:21:58,996 [Datanode State Machine Thread - 0] INFO  server.GrpcService (GrpcService.java:startImpl(158)) - 68b00d87-9377-45fc-b239-8a920c60ab91: GrpcService started, listening on 0.0.0.0/0.0.0.0:36946
2019-09-04 17:21:58,996 [Datanode State Machine Thread - 0] INFO  ratis.XceiverServerRatis (XceiverServerRatis.java:start(413)) - XceiverServerRatis 68b00d87-9377-45fc-b239-8a920c60ab91 is started using port 36946
2019-09-04 17:21:58,997 [Datanode State Machine Thread - 0] INFO  server.XceiverServerGrpc (XceiverServerGrpc.java:start(163)) - XceiverServerGrpc 68b00d87-9377-45fc-b239-8a920c60ab91 is started using port 36814
2019-09-04 17:21:59,053 [Datanode State Machine Thread - 0] INFO  ozoneimpl.OzoneContainer (OzoneContainer.java:start(202)) - Attempting to start container services.
2019-09-04 17:21:59,053 [Datanode State Machine Thread - 0] INFO  ozoneimpl.OzoneContainer (OzoneContainer.java:startContainerScrub(176)) - Background container scrubber has been disabled by hdds.containerscrub.enabled
2019-09-04 17:21:59,053 [Datanode State Machine Thread - 0] INFO  ratis.XceiverServerRatis (XceiverServerRatis.java:start(403)) - Starting XceiverServerRatis f6d82e5c-6716-4219-a3ef-c5ab4e3fce32 at port 0
2019-09-04 17:21:59,061 [Datanode State Machine Thread - 0] INFO  impl.RaftServerProxy (RaftServerProxy.java:lambda$start$3(299)) - f6d82e5c-6716-4219-a3ef-c5ab4e3fce32: start RPC server
2019-09-04 17:21:59,062 [Datanode State Machine Thread - 0] INFO  server.GrpcService (GrpcService.java:startImpl(158)) - f6d82e5c-6716-4219-a3ef-c5ab4e3fce32: GrpcService started, listening on 0.0.0.0/0.0.0.0:39456
2019-09-04 17:21:59,062 [Datanode State Machine Thread - 0] INFO  ratis.XceiverServerRatis (XceiverServerRatis.java:start(413)) - XceiverServerRatis f6d82e5c-6716-4219-a3ef-c5ab4e3fce32 is started using port 39456
2019-09-04 17:21:59,063 [Datanode State Machine Thread - 0] INFO  server.XceiverServerGrpc (XceiverServerGrpc.java:start(163)) - XceiverServerGrpc f6d82e5c-6716-4219-a3ef-c5ab4e3fce32 is started using port 39402
2019-09-04 17:21:59,114 [main] INFO  ozone.MiniOzoneClusterImpl (MiniOzoneClusterImpl.java:lambda$waitForClusterToBeReady$0(140)) - Waiting for cluster to be ready. Got 0 of 7 DN Heartbeats.
2019-09-04 17:21:59,128 [Datanode State Machine Thread - 0] INFO  ozoneimpl.OzoneContainer (OzoneContainer.java:start(202)) - Attempting to start container services.
2019-09-04 17:21:59,128 [Datanode State Machine Thread - 0] INFO  ozoneimpl.OzoneContainer (OzoneContainer.java:startContainerScrub(176)) - Background container scrubber has been disabled by hdds.containerscrub.enabled
2019-09-04 17:21:59,129 [Datanode State Machine Thread - 0] INFO  ratis.XceiverServerRatis (XceiverServerRatis.java:start(403)) - Starting XceiverServerRatis a6d9e0fc-b1b1-4623-8931-a26647a555cd at port 0
2019-09-04 17:21:59,139 [Datanode State Machine Thread - 0] INFO  impl.RaftServerProxy (RaftServerProxy.java:lambda$start$3(299)) - a6d9e0fc-b1b1-4623-8931-a26647a555cd: start RPC server
2019-09-04 17:21:59,141 [Datanode State Machine Thread - 0] INFO  server.GrpcService (GrpcService.java:startImpl(158)) - a6d9e0fc-b1b1-4623-8931-a26647a555cd: GrpcService started, listening on 0.0.0.0/0.0.0.0:43112
2019-09-04 17:21:59,141 [Datanode State Machine Thread - 0] INFO  ratis.XceiverServerRatis (XceiverServerRatis.java:start(413)) - XceiverServerRatis a6d9e0fc-b1b1-4623-8931-a26647a555cd is started using port 43112
2019-09-04 17:21:59,141 [Datanode State Machine Thread - 0] INFO  server.XceiverServerGrpc (XceiverServerGrpc.java:start(163)) - XceiverServerGrpc a6d9e0fc-b1b1-4623-8931-a26647a555cd is started using port 34741
2019-09-04 17:22:00,115 [main] INFO  ozone.MiniOzoneClusterImpl (MiniOzoneClusterImpl.java:lambda$waitForClusterToBeReady$0(140)) - Waiting for cluster to be ready. Got 0 of 7 DN Heartbeats.
2019-09-04 17:22:00,728 [IPC Server handler 4 on 40900] INFO  net.NetworkTopology (NetworkTopologyImpl.java:add(110)) - Added a new node: /default-rack/cad45df4-26f2-449d-983b-430c10f8e6a0
2019-09-04 17:22:00,731 [IPC Server handler 4 on 40900] INFO  node.SCMNodeManager (SCMNodeManager.java:register(266)) - Registered Data node : cad45df4-26f2-449d-983b-430c10f8e6a0{ip: 192.168.34.57, host: pr-hdds-1561-mdkws-1819952476, networkLocation: /default-rack, certSerialId: null}
2019-09-04 17:22:00,733 [EventQueue-NodeRegistrationContainerReportForDataNodeSafeModeRule] INFO  safemode.SCMSafeModeManager (DataNodeSafeModeRule.java:process(71)) - SCM in safe mode. 1 DataNodes registered, 1 required.
2019-09-04 17:22:00,735 [EventQueue-NodeRegistrationContainerReportForDataNodeSafeModeRule] INFO  safemode.SCMSafeModeManager (SCMSafeModeManager.java:validateSafeModeExitRules(177)) - ScmSafeModeManager, all rules are successfully validated
2019-09-04 17:22:00,736 [EventQueue-NodeRegistrationContainerReportForDataNodeSafeModeRule] INFO  safemode.SCMSafeModeManager (SCMSafeModeManager.java:exitSafeMode(193)) - SCM exiting safe mode.
2019-09-04 17:22:00,748 [grpc-default-executor-17] INFO  impl.RaftServerProxy (RaftServerProxy.java:addNew(89)) - cad45df4-26f2-449d-983b-430c10f8e6a0: addNew group-1A75F25C6A5E:[cad45df4-26f2-449d-983b-430c10f8e6a0:192.168.34.57:42172] returns group-1A75F25C6A5E:java.util.concurrent.CompletableFuture@58a571b2[Not completed]
2019-09-04 17:22:00,751 [pool-679-thread-1] INFO  impl.RaftServerImpl (RaftServerImpl.java:<init>(95)) - cad45df4-26f2-449d-983b-430c10f8e6a0: new RaftServerImpl for group-1A75F25C6A5E:[cad45df4-26f2-449d-983b-430c10f8e6a0:192.168.34.57:42172] with ContainerStateMachine:uninitialized
2019-09-04 17:22:00,751 [pool-679-thread-1] INFO  server.RaftServerConfigKeys (ConfUtils.java:logGet(43)) - raft.server.rpc.timeout.min = 5s (custom)
2019-09-04 17:22:00,751 [pool-679-thread-1] INFO  server.RaftServerConfigKeys (ConfUtils.java:logGet(43)) - raft.server.rpc.timeout.max = 5200ms (custom)
2019-09-04 17:22:00,751 [pool-679-thread-1] INFO  server.RaftServerConfigKeys (ConfUtils.java:logGet(43)) - raft.server.rpcslowness.timeout = 120s (custom)
2019-09-04 17:22:00,751 [pool-679-thread-1] INFO  server.RaftServerConfigKeys (ConfUtils.java:logGet(43)) - raft.server.sleep.deviation.threshold = 300 (default)
2019-09-04 17:22:00,751 [pool-679-thread-1] INFO  server.RaftServerConfigKeys (ConfUtils.java:logGet(43)) - raft.server.log.appender.install.snapshot.enabled = false (custom)
2019-09-04 17:22:00,752 [pool-679-thread-1] INFO  impl.RaftServerImpl (ServerState.java:<init>(103)) - cad45df4-26f2-449d-983b-430c10f8e6a0@group-1A75F25C6A5E: ConfigurationManager, init=-1: [cad45df4-26f2-449d-983b-430c10f8e6a0:192.168.34.57:42172], old=null, confs=<EMPTY_MAP>
2019-09-04 17:22:00,752 [pool-679-thread-1] INFO  server.RaftServerConfigKeys (ConfUtils.java:logGet(43)) - raft.server.storage.dir = [/workdir/hadoop-ozone/integration-test/target/test-dir/MiniOzoneClusterImpl-a66fa8d6-020b-4b94-8246-f6312d57d8d8/datanode-0/data/ratis] (custom)
2019-09-04 17:22:00,752 [pool-679-thread-1] INFO  storage.RaftStorageDirectory (RaftStorageDirectory.java:analyzeStorage(246)) - The storage directory /workdir/hadoop-ozone/integration-test/target/test-dir/MiniOzoneClusterImpl-a66fa8d6-020b-4b94-8246-f6312d57d8d8/datanode-0/data/ratis/6810bf69-fc33-4b87-a574-1a75f25c6a5e does not exist. Creating ...
2019-09-04 17:22:00,777 [pool-679-thread-1] INFO  storage.RaftStorageDirectory (RaftStorageDirectory.java:tryLock(328)) - Lock on /workdir/hadoop-ozone/integration-test/target/test-dir/MiniOzoneClusterImpl-a66fa8d6-020b-4b94-8246-f6312d57d8d8/datanode-0/data/ratis/6810bf69-fc33-4b87-a574-1a75f25c6a5e/in_use.lock acquired by nodename 3098@pr-hdds-1561-mdkws-1819952476
2019-09-04 17:22:00,787 [IPC Server handler 5 on 40900] INFO  net.NetworkTopology (NetworkTopologyImpl.java:add(110)) - Added a new node: /default-rack/e17d7d03-be12-4cbb-996b-76694a3eb499
2019-09-04 17:22:00,787 [IPC Server handler 5 on 40900] INFO  node.SCMNodeManager (SCMNodeManager.java:register(266)) - Registered Data node : e17d7d03-be12-4cbb-996b-76694a3eb499{ip: 192.168.34.57, host: pr-hdds-1561-mdkws-1819952476, networkLocation: /default-rack, certSerialId: null}
2019-09-04 17:22:00,791 [pool-679-thread-1] INFO  storage.RaftStorage (RaftStorage.java:format(72)) - Storage directory /workdir/hadoop-ozone/integration-test/target/test-dir/MiniOzoneClusterImpl-a66fa8d6-020b-4b94-8246-f6312d57d8d8/datanode-0/data/ratis/6810bf69-fc33-4b87-a574-1a75f25c6a5e has been successfully formatted.
2019-09-04 17:22:00,791 [pool-679-thread-1] INFO  ratis.ContainerStateMachine (ContainerStateMachine.java:loadSnapshot(232)) - group-1A75F25C6A5E: The snapshot info is null. Setting the last applied indexto:(t:0, i:~)
2019-09-04 17:22:00,791 [pool-679-thread-1] INFO  server.RaftServerConfigKeys (ConfUtils.java:logGet(43)) - raft.server.notification.no-leader.timeout = 120s (custom)
2019-09-04 17:22:00,792 [pool-679-thread-1] INFO  server.RaftServerConfigKeys (ConfUtils.java:logGet(43)) - raft.server.log.use.memory = false (default)
2019-09-04 17:22:00,792 [pool-679-thread-1] INFO  server.RaftServerConfigKeys (ConfUtils.java:logGet(43)) - raft.server.log.purge.gap = 1000000 (custom)
2019-09-04 17:22:00,792 [pool-679-thread-1] INFO  server.RaftServerConfigKeys (ConfUtils.java:logGet(43)) - raft.server.log.appender.buffer.byte-limit = 33554432 (custom)
2019-09-04 17:22:00,792 [pool-679-thread-1] INFO  server.RaftServerConfigKeys (ConfUtils.java:logGet(43)) - raft.server.log.segment.size.max = 1048576 (custom)
2019-09-04 17:22:00,793 [pool-679-thread-1] INFO  server.RaftServerConfigKeys (ConfUtils.java:logGet(43)) - raft.server.log.segment.cache.num.max = 2 (custom)
2019-09-04 17:22:00,793 [pool-679-thread-1] INFO  segmented.SegmentedRaftLogWorker (SegmentedRaftLogWorker.java:<init>(172)) - new cad45df4-26f2-449d-983b-430c10f8e6a0@group-1A75F25C6A5E-SegmentedRaftLogWorker for RaftStorage:Storage Directory /workdir/hadoop-ozone/integration-test/target/test-dir/MiniOzoneClusterImpl-a66fa8d6-020b-4b94-8246-f6312d57d8d8/datanode-0/data/ratis/6810bf69-fc33-4b87-a574-1a75f25c6a5e
2019-09-04 17:22:00,796 [pool-679-thread-1] INFO  server.RaftServerConfigKeys (ConfUtils.java:logGet(43)) - raft.server.log.queue.byte-limit = 2147483647 (custom)
2019-09-04 17:22:00,796 [pool-679-thread-1] INFO  server.RaftServerConfigKeys (ConfUtils.java:logGet(43)) - raft.server.log.queue.element-limit = 1024 (custom)
2019-09-04 17:22:00,797 [pool-679-thread-1] INFO  server.RaftServerConfigKeys (ConfUtils.java:logGet(43)) - raft.server.log.segment.size.max = 1048576 (custom)
2019-09-04 17:22:00,797 [pool-679-thread-1] INFO  server.RaftServerConfigKeys (ConfUtils.java:logGet(43)) - raft.server.log.preallocated.size = 16384 (custom)
2019-09-04 17:22:00,797 [pool-679-thread-1] INFO  server.RaftServerConfigKeys (ConfUtils.java:logGet(43)) - raft.server.log.write.buffer.size = 33554432 (custom)
2019-09-04 17:22:00,797 [pool-679-thread-1] INFO  server.RaftServerConfigKeys (ConfUtils.java:logGet(43)) - raft.server.log.force.sync.num = 128 (default)
2019-09-04 17:22:00,798 [pool-679-thread-1] INFO  server.RaftServerConfigKeys (ConfUtils.java:logGet(43)) - raft.server.log.statemachine.data.sync = true (default)
2019-09-04 17:22:00,798 [pool-679-thread-1] INFO  server.RaftServerConfigKeys (ConfUtils.java:logGet(43)) - raft.server.log.statemachine.data.sync.timeout = 10s (default)
2019-09-04 17:22:00,798 [pool-679-thread-1] INFO  server.RaftServerConfigKeys (ConfUtils.java:logGet(43)) - raft.server.log.statemachine.data.sync.timeout.retry = -1 (default)
2019-09-04 17:22:00,799 [pool-679-thread-1] INFO  server.RaftServerConfigKeys (ConfUtils.java:logGet(43)) - raft.server.log.statemachine.data.caching.enabled = true (custom)
2019-09-04 17:22:00,799 [pool-679-thread-1] INFO  segmented.SegmentedRaftLogWorker (SegmentedRaftLogWorker.java:lambda$new$0(132)) - cad45df4-26f2-449d-983b-430c10f8e6a0@group-1A75F25C6A5E-SegmentedRaftLogWorker: flushIndex: setUnconditionally 0 -> -1
2019-09-04 17:22:00,800 [pool-679-thread-1] INFO  server.RaftServerConfigKeys (ConfUtils.java:logGet(43)) - raft.server.snapshot.auto.trigger.enabled = true (custom)
2019-09-04 17:22:00,800 [pool-679-thread-1] INFO  server.RaftServerConfigKeys (ConfUtils.java:logGet(43)) - raft.server.snapshot.auto.trigger.threshold = 10000 (custom)
2019-09-04 17:22:00,800 [pool-679-thread-1] INFO  server.RaftServerConfigKeys (ConfUtils.java:logGet(43)) - raft.server.snapshot.retention.num.files = -1 (default)
2019-09-04 17:22:00,800 [pool-679-thread-1] INFO  server.RaftServerConfigKeys (ConfUtils.java:logGet(43)) - raft.server.retrycache.expirytime = 600000ms (custom)
2019-09-04 17:22:00,803 [pool-679-thread-1] INFO  impl.RaftServerImpl (RaftServerImpl.java:start(185)) - cad45df4-26f2-449d-983b-430c10f8e6a0@group-1A75F25C6A5E: start as a follower, conf=-1: [cad45df4-26f2-449d-983b-430c10f8e6a0:192.168.34.57:42172], old=null
2019-09-04 17:22:00,803 [pool-679-thread-1] INFO  impl.RaftServerImpl (RaftServerImpl.java:setRole(174)) - cad45df4-26f2-449d-983b-430c10f8e6a0@group-1A75F25C6A5E: changes role from      null to FOLLOWER at term 0 for startAsFollower
2019-09-04 17:22:00,804 [pool-679-thread-1] INFO  impl.RoleInfo (RoleInfo.java:updateAndGet(143)) - cad45df4-26f2-449d-983b-430c10f8e6a0: start FollowerState
2019-09-04 17:22:00,804 [pool-679-thread-1] INFO  util.JmxRegister (JmxRegister.java:tryRegister(44)) - Successfully registered JMX Bean with object name Ratis:service=RaftServer,group=group-1A75F25C6A5E,id=cad45df4-26f2-449d-983b-430c10f8e6a0
2019-09-04 17:22:00,808 [RatisPipelineUtilsThread] INFO  pipeline.PipelineStateManager (PipelineStateManager.java:addPipeline(56)) - Created pipeline Pipeline[ Id: 6810bf69-fc33-4b87-a574-1a75f25c6a5e, Nodes: cad45df4-26f2-449d-983b-430c10f8e6a0{ip: 192.168.34.57, host: pr-hdds-1561-mdkws-1819952476, networkLocation: /default-rack, certSerialId: null}, Type:RATIS, Factor:ONE, State:OPEN]
2019-09-04 17:22:00,814 [grpc-default-executor-17] INFO  impl.RaftServerProxy (RaftServerProxy.java:addNew(89)) - e17d7d03-be12-4cbb-996b-76694a3eb499: addNew group-0AC468AEF9CC:[e17d7d03-be12-4cbb-996b-76694a3eb499:192.168.34.57:46372] returns group-0AC468AEF9CC:java.util.concurrent.CompletableFuture@39957b90[Not completed]
2019-09-04 17:22:00,815 [pool-689-thread-1] INFO  impl.RaftServerImpl (RaftServerImpl.java:<init>(95)) - e17d7d03-be12-4cbb-996b-76694a3eb499: new RaftServerImpl for group-0AC468AEF9CC:[e17d7d03-be12-4cbb-996b-76694a3eb499:192.168.34.57:46372] with ContainerStateMachine:uninitialized
2019-09-04 17:22:00,816 [pool-689-thread-1] INFO  server.RaftServerConfigKeys (ConfUtils.java:logGet(43)) - raft.server.rpc.timeout.min = 5s (custom)
2019-09-04 17:22:00,816 [pool-689-thread-1] INFO  server.RaftServerConfigKeys (ConfUtils.java:logGet(43)) - raft.server.rpc.timeout.max = 5200ms (custom)
2019-09-04 17:22:00,816 [pool-689-thread-1] INFO  server.RaftServerConfigKeys (ConfUtils.java:logGet(43)) - raft.server.rpcslowness.timeout = 120s (custom)
2019-09-04 17:22:00,816 [pool-689-thread-1] INFO  server.RaftServerConfigKeys (ConfUtils.java:logGet(43)) - raft.server.sleep.deviation.threshold = 300 (default)
2019-09-04 17:22:00,816 [pool-689-thread-1] INFO  server.RaftServerConfigKeys (ConfUtils.java:logGet(43)) - raft.server.log.appender.install.snapshot.enabled = false (custom)
2019-09-04 17:22:00,816 [pool-689-thread-1] INFO  impl.RaftServerImpl (ServerState.java:<init>(103)) - e17d7d03-be12-4cbb-996b-76694a3eb499@group-0AC468AEF9CC: ConfigurationManager, init=-1: [e17d7d03-be12-4cbb-996b-76694a3eb499:192.168.34.57:46372], old=null, confs=<EMPTY_MAP>
2019-09-04 17:22:00,816 [pool-689-thread-1] INFO  server.RaftServerConfigKeys (ConfUtils.java:logGet(43)) - raft.server.storage.dir = [/workdir/hadoop-ozone/integration-test/target/test-dir/MiniOzoneClusterImpl-a66fa8d6-020b-4b94-8246-f6312d57d8d8/datanode-1/data/ratis] (custom)
2019-09-04 17:22:00,817 [pool-689-thread-1] INFO  storage.RaftStorageDirectory (RaftStorageDirectory.java:analyzeStorage(246)) - The storage directory /workdir/hadoop-ozone/integration-test/target/test-dir/MiniOzoneClusterImpl-a66fa8d6-020b-4b94-8246-f6312d57d8d8/datanode-1/data/ratis/85d35a16-e97b-45de-a528-0ac468aef9cc does not exist. Creating ...
2019-09-04 17:22:00,831 [pool-689-thread-1] INFO  storage.RaftStorageDirectory (RaftStorageDirectory.java:tryLock(328)) - Lock on /workdir/hadoop-ozone/integration-test/target/test-dir/MiniOzoneClusterImpl-a66fa8d6-020b-4b94-8246-f6312d57d8d8/datanode-1/data/ratis/85d35a16-e97b-45de-a528-0ac468aef9cc/in_use.lock acquired by nodename 3098@pr-hdds-1561-mdkws-1819952476
2019-09-04 17:22:00,843 [pool-689-thread-1] INFO  storage.RaftStorage (RaftStorage.java:format(72)) - Storage directory /workdir/hadoop-ozone/integration-test/target/test-dir/MiniOzoneClusterImpl-a66fa8d6-020b-4b94-8246-f6312d57d8d8/datanode-1/data/ratis/85d35a16-e97b-45de-a528-0ac468aef9cc has been successfully formatted.
2019-09-04 17:22:00,844 [pool-689-thread-1] INFO  ratis.ContainerStateMachine (ContainerStateMachine.java:loadSnapshot(232)) - group-0AC468AEF9CC: The snapshot info is null. Setting the last applied indexto:(t:0, i:~)
2019-09-04 17:22:00,844 [pool-689-thread-1] INFO  server.RaftServerConfigKeys (ConfUtils.java:logGet(43)) - raft.server.notification.no-leader.timeout = 120s (custom)
2019-09-04 17:22:00,844 [pool-689-thread-1] INFO  server.RaftServerConfigKeys (ConfUtils.java:logGet(43)) - raft.server.log.use.memory = false (default)
2019-09-04 17:22:00,844 [pool-689-thread-1] INFO  server.RaftServerConfigKeys (ConfUtils.java:logGet(43)) - raft.server.log.purge.gap = 1000000 (custom)
2019-09-04 17:22:00,844 [pool-689-thread-1] INFO  server.RaftServerConfigKeys (ConfUtils.java:logGet(43)) - raft.server.log.appender.buffer.byte-limit = 33554432 (custom)
2019-09-04 17:22:00,844 [pool-689-thread-1] INFO  server.RaftServerConfigKeys (ConfUtils.java:logGet(43)) - raft.server.log.segment.size.max = 1048576 (custom)
2019-09-04 17:22:00,845 [pool-689-thread-1] INFO  server.RaftServerConfigKeys (ConfUtils.java:logGet(43)) - raft.server.log.segment.cache.num.max = 2 (custom)
2019-09-04 17:22:00,845 [pool-689-thread-1] INFO  segmented.SegmentedRaftLogWorker (SegmentedRaftLogWorker.java:<init>(172)) - new e17d7d03-be12-4cbb-996b-76694a3eb499@group-0AC468AEF9CC-SegmentedRaftLogWorker for RaftStorage:Storage Directory /workdir/hadoop-ozone/integration-test/target/test-dir/MiniOzoneClusterImpl-a66fa8d6-020b-4b94-8246-f6312d57d8d8/datanode-1/data/ratis/85d35a16-e97b-45de-a528-0ac468aef9cc
2019-09-04 17:22:00,847 [pool-689-thread-1] INFO  server.RaftServerConfigKeys (ConfUtils.java:logGet(43)) - raft.server.log.queue.byte-limit = 2147483647 (custom)
2019-09-04 17:22:00,847 [pool-689-thread-1] INFO  server.RaftServerConfigKeys (ConfUtils.java:logGet(43)) - raft.server.log.queue.element-limit = 1024 (custom)
2019-09-04 17:22:00,847 [pool-689-thread-1] INFO  server.RaftServerConfigKeys (ConfUtils.java:logGet(43)) - raft.server.log.segment.size.max = 1048576 (custom)
2019-09-04 17:22:00,847 [pool-689-thread-1] INFO  server.RaftServerConfigKeys (ConfUtils.java:logGet(43)) - raft.server.log.preallocated.size = 16384 (custom)
2019-09-04 17:22:00,847 [pool-689-thread-1] INFO  server.RaftServerConfigKeys (ConfUtils.java:logGet(43)) - raft.server.log.write.buffer.size = 33554432 (custom)
2019-09-04 17:22:00,848 [pool-689-thread-1] INFO  server.RaftServerConfigKeys (ConfUtils.java:logGet(43)) - raft.server.log.force.sync.num = 128 (default)
2019-09-04 17:22:00,848 [pool-689-thread-1] INFO  server.RaftServerConfigKeys (ConfUtils.java:logGet(43)) - raft.server.log.statemachine.data.sync = true (default)
2019-09-04 17:22:00,848 [pool-689-thread-1] INFO  server.RaftServerConfigKeys (ConfUtils.java:logGet(43)) - raft.server.log.statemachine.data.sync.timeout = 10s (default)
2019-09-04 17:22:00,848 [pool-689-thread-1] INFO  server.RaftServerConfigKeys (ConfUtils.java:logGet(43)) - raft.server.log.statemachine.data.sync.timeout.retry = -1 (default)
2019-09-04 17:22:00,848 [pool-689-thread-1] INFO  server.RaftServerConfigKeys (ConfUtils.java:logGet(43)) - raft.server.log.statemachine.data.caching.enabled = true (custom)
2019-09-04 17:22:00,849 [pool-689-thread-1] INFO  segmented.SegmentedRaftLogWorker (SegmentedRaftLogWorker.java:lambda$new$0(132)) - e17d7d03-be12-4cbb-996b-76694a3eb499@group-0AC468AEF9CC-SegmentedRaftLogWorker: flushIndex: setUnconditionally 0 -> -1
2019-09-04 17:22:00,849 [pool-689-thread-1] INFO  server.RaftServerConfigKeys (ConfUtils.java:logGet(43)) - raft.server.snapshot.auto.trigger.enabled = true (custom)
2019-09-04 17:22:00,849 [pool-689-thread-1] INFO  server.RaftServerConfigKeys (ConfUtils.java:logGet(43)) - raft.server.snapshot.auto.trigger.threshold = 10000 (custom)
2019-09-04 17:22:00,849 [pool-689-thread-1] INFO  server.RaftServerConfigKeys (ConfUtils.java:logGet(43)) - raft.server.snapshot.retention.num.files = -1 (default)
2019-09-04 17:22:00,849 [IPC Server handler 6 on 40900] INFO  net.NetworkTopology (NetworkTopologyImpl.java:add(110)) - Added a new node: /default-rack/914eab85-949a-416f-9a58-a19ca86126d9
2019-09-04 17:22:00,849 [pool-689-thread-1] INFO  server.RaftServerConfigKeys (ConfUtils.java:logGet(43)) - raft.server.retrycache.expirytime = 600000ms (custom)
2019-09-04 17:22:00,850 [IPC Server handler 6 on 40900] INFO  node.SCMNodeManager (SCMNodeManager.java:register(266)) - Registered Data node : 914eab85-949a-416f-9a58-a19ca86126d9{ip: 192.168.34.57, host: pr-hdds-1561-mdkws-1819952476, networkLocation: /default-rack, certSerialId: null}
2019-09-04 17:22:00,852 [pool-689-thread-1] INFO  impl.RaftServerImpl (RaftServerImpl.java:start(185)) - e17d7d03-be12-4cbb-996b-76694a3eb499@group-0AC468AEF9CC: start as a follower, conf=-1: [e17d7d03-be12-4cbb-996b-76694a3eb499:192.168.34.57:46372], old=null
2019-09-04 17:22:00,852 [pool-689-thread-1] INFO  impl.RaftServerImpl (RaftServerImpl.java:setRole(174)) - e17d7d03-be12-4cbb-996b-76694a3eb499@group-0AC468AEF9CC: changes role from      null to FOLLOWER at term 0 for startAsFollower
2019-09-04 17:22:00,852 [pool-689-thread-1] INFO  impl.RoleInfo (RoleInfo.java:updateAndGet(143)) - e17d7d03-be12-4cbb-996b-76694a3eb499: start FollowerState
2019-09-04 17:22:00,852 [pool-689-thread-1] INFO  util.JmxRegister (JmxRegister.java:tryRegister(44)) - Successfully registered JMX Bean with object name Ratis:service=RaftServer,group=group-0AC468AEF9CC,id=e17d7d03-be12-4cbb-996b-76694a3eb499
2019-09-04 17:22:00,854 [RatisPipelineUtilsThread] INFO  pipeline.PipelineStateManager (PipelineStateManager.java:addPipeline(56)) - Created pipeline Pipeline[ Id: 85d35a16-e97b-45de-a528-0ac468aef9cc, Nodes: e17d7d03-be12-4cbb-996b-76694a3eb499{ip: 192.168.34.57, host: pr-hdds-1561-mdkws-1819952476, networkLocation: /default-rack, certSerialId: null}, Type:RATIS, Factor:ONE, State:OPEN]
2019-09-04 17:22:00,861 [grpc-default-executor-17] INFO  impl.RaftServerProxy (RaftServerProxy.java:addNew(89)) - 914eab85-949a-416f-9a58-a19ca86126d9: addNew group-8B30ED57C93B:[914eab85-949a-416f-9a58-a19ca86126d9:192.168.34.57:38133] returns group-8B30ED57C93B:java.util.concurrent.CompletableFuture@3e01f11d[Not completed]
2019-09-04 17:22:00,862 [pool-699-thread-1] INFO  impl.RaftServerImpl (RaftServerImpl.java:<init>(95)) - 914eab85-949a-416f-9a58-a19ca86126d9: new RaftServerImpl for group-8B30ED57C93B:[914eab85-949a-416f-9a58-a19ca86126d9:192.168.34.57:38133] with ContainerStateMachine:uninitialized
2019-09-04 17:22:00,863 [pool-699-thread-1] INFO  server.RaftServerConfigKeys (ConfUtils.java:logGet(43)) - raft.server.rpc.timeout.min = 5s (custom)
2019-09-04 17:22:00,863 [pool-699-thread-1] INFO  server.RaftServerConfigKeys (ConfUtils.java:logGet(43)) - raft.server.rpc.timeout.max = 5200ms (custom)
2019-09-04 17:22:00,863 [pool-699-thread-1] INFO  server.RaftServerConfigKeys (ConfUtils.java:logGet(43)) - raft.server.rpcslowness.timeout = 120s (custom)
2019-09-04 17:22:00,863 [pool-699-thread-1] INFO  server.RaftServerConfigKeys (ConfUtils.java:logGet(43)) - raft.server.sleep.deviation.threshold = 300 (default)
2019-09-04 17:22:00,863 [pool-699-thread-1] INFO  server.RaftServerConfigKeys (ConfUtils.java:logGet(43)) - raft.server.log.appender.install.snapshot.enabled = false (custom)
2019-09-04 17:22:00,863 [pool-699-thread-1] INFO  impl.RaftServerImpl (ServerState.java:<init>(103)) - 914eab85-949a-416f-9a58-a19ca86126d9@group-8B30ED57C93B: ConfigurationManager, init=-1: [914eab85-949a-416f-9a58-a19ca86126d9:192.168.34.57:38133], old=null, confs=<EMPTY_MAP>
2019-09-04 17:22:00,864 [pool-699-thread-1] INFO  server.RaftServerConfigKeys (ConfUtils.java:logGet(43)) - raft.server.storage.dir = [/workdir/hadoop-ozone/integration-test/target/test-dir/MiniOzoneClusterImpl-a66fa8d6-020b-4b94-8246-f6312d57d8d8/datanode-2/data/ratis] (custom)
2019-09-04 17:22:00,864 [pool-699-thread-1] INFO  storage.RaftStorageDirectory (RaftStorageDirectory.java:analyzeStorage(246)) - The storage directory /workdir/hadoop-ozone/integration-test/target/test-dir/MiniOzoneClusterImpl-a66fa8d6-020b-4b94-8246-f6312d57d8d8/datanode-2/data/ratis/bb8d70ba-eda0-4303-a462-8b30ed57c93b does not exist. Creating ...
2019-09-04 17:22:00,876 [pool-699-thread-1] INFO  storage.RaftStorageDirectory (RaftStorageDirectory.java:tryLock(328)) - Lock on /workdir/hadoop-ozone/integration-test/target/test-dir/MiniOzoneClusterImpl-a66fa8d6-020b-4b94-8246-f6312d57d8d8/datanode-2/data/ratis/bb8d70ba-eda0-4303-a462-8b30ed57c93b/in_use.lock acquired by nodename 3098@pr-hdds-1561-mdkws-1819952476
2019-09-04 17:22:00,889 [pool-699-thread-1] INFO  storage.RaftStorage (RaftStorage.java:format(72)) - Storage directory /workdir/hadoop-ozone/integration-test/target/test-dir/MiniOzoneClusterImpl-a66fa8d6-020b-4b94-8246-f6312d57d8d8/datanode-2/data/ratis/bb8d70ba-eda0-4303-a462-8b30ed57c93b has been successfully formatted.
2019-09-04 17:22:00,889 [pool-699-thread-1] INFO  ratis.ContainerStateMachine (ContainerStateMachine.java:loadSnapshot(232)) - group-8B30ED57C93B: The snapshot info is null. Setting the last applied indexto:(t:0, i:~)
2019-09-04 17:22:00,889 [pool-699-thread-1] INFO  server.RaftServerConfigKeys (ConfUtils.java:logGet(43)) - raft.server.notification.no-leader.timeout = 120s (custom)
2019-09-04 17:22:00,889 [pool-699-thread-1] INFO  server.RaftServerConfigKeys (ConfUtils.java:logGet(43)) - raft.server.log.use.memory = false (default)
2019-09-04 17:22:00,890 [pool-699-thread-1] INFO  server.RaftServerConfigKeys (ConfUtils.java:logGet(43)) - raft.server.log.purge.gap = 1000000 (custom)
2019-09-04 17:22:00,890 [pool-699-thread-1] INFO  server.RaftServerConfigKeys (ConfUtils.java:logGet(43)) - raft.server.log.appender.buffer.byte-limit = 33554432 (custom)
2019-09-04 17:22:00,890 [pool-699-thread-1] INFO  server.RaftServerConfigKeys (ConfUtils.java:logGet(43)) - raft.server.log.segment.size.max = 1048576 (custom)
2019-09-04 17:22:00,890 [pool-699-thread-1] INFO  server.RaftServerConfigKeys (ConfUtils.java:logGet(43)) - raft.server.log.segment.cache.num.max = 2 (custom)
2019-09-04 17:22:00,890 [pool-699-thread-1] INFO  segmented.SegmentedRaftLogWorker (SegmentedRaftLogWorker.java:<init>(172)) - new 914eab85-949a-416f-9a58-a19ca86126d9@group-8B30ED57C93B-SegmentedRaftLogWorker for RaftStorage:Storage Directory /workdir/hadoop-ozone/integration-test/target/test-dir/MiniOzoneClusterImpl-a66fa8d6-020b-4b94-8246-f6312d57d8d8/datanode-2/data/ratis/bb8d70ba-eda0-4303-a462-8b30ed57c93b
2019-09-04 17:22:00,892 [pool-699-thread-1] INFO  server.RaftServerConfigKeys (ConfUtils.java:logGet(43)) - raft.server.log.queue.byte-limit = 2147483647 (custom)
2019-09-04 17:22:00,892 [pool-699-thread-1] INFO  server.RaftServerConfigKeys (ConfUtils.java:logGet(43)) - raft.server.log.queue.element-limit = 1024 (custom)
2019-09-04 17:22:00,892 [pool-699-thread-1] INFO  server.RaftServerConfigKeys (ConfUtils.java:logGet(43)) - raft.server.log.segment.size.max = 1048576 (custom)
2019-09-04 17:22:00,892 [pool-699-thread-1] INFO  server.RaftServerConfigKeys (ConfUtils.java:logGet(43)) - raft.server.log.preallocated.size = 16384 (custom)
2019-09-04 17:22:00,892 [pool-699-thread-1] INFO  server.RaftServerConfigKeys (ConfUtils.java:logGet(43)) - raft.server.log.write.buffer.size = 33554432 (custom)
2019-09-04 17:22:00,892 [pool-699-thread-1] INFO  server.RaftServerConfigKeys (ConfUtils.java:logGet(43)) - raft.server.log.force.sync.num = 128 (default)
2019-09-04 17:22:00,893 [pool-699-thread-1] INFO  server.RaftServerConfigKeys (ConfUtils.java:logGet(43)) - raft.server.log.statemachine.data.sync = true (default)
2019-09-04 17:22:00,893 [pool-699-thread-1] INFO  server.RaftServerConfigKeys (ConfUtils.java:logGet(43)) - raft.server.log.statemachine.data.sync.timeout = 10s (default)
2019-09-04 17:22:00,893 [pool-699-thread-1] INFO  server.RaftServerConfigKeys (ConfUtils.java:logGet(43)) - raft.server.log.statemachine.data.sync.timeout.retry = -1 (default)
2019-09-04 17:22:00,893 [pool-699-thread-1] INFO  server.RaftServerConfigKeys (ConfUtils.java:logGet(43)) - raft.server.log.statemachine.data.caching.enabled = true (custom)
2019-09-04 17:22:00,893 [pool-699-thread-1] INFO  segmented.SegmentedRaftLogWorker (SegmentedRaftLogWorker.java:lambda$new$0(132)) - 914eab85-949a-416f-9a58-a19ca86126d9@group-8B30ED57C93B-SegmentedRaftLogWorker: flushIndex: setUnconditionally 0 -> -1
2019-09-04 17:22:00,894 [pool-699-thread-1] INFO  server.RaftServerConfigKeys (ConfUtils.java:logGet(43)) - raft.server.snapshot.auto.trigger.enabled = true (custom)
2019-09-04 17:22:00,894 [pool-699-thread-1] INFO  server.RaftServerConfigKeys (ConfUtils.java:logGet(43)) - raft.server.snapshot.auto.trigger.threshold = 10000 (custom)
2019-09-04 17:22:00,894 [pool-699-thread-1] INFO  server.RaftServerConfigKeys (ConfUtils.java:logGet(43)) - raft.server.snapshot.retention.num.files = -1 (default)
2019-09-04 17:22:00,894 [pool-699-thread-1] INFO  server.RaftServerConfigKeys (ConfUtils.java:logGet(43)) - raft.server.retrycache.expirytime = 600000ms (custom)
2019-09-04 17:22:00,896 [pool-699-thread-1] INFO  impl.RaftServerImpl (RaftServerImpl.java:start(185)) - 914eab85-949a-416f-9a58-a19ca86126d9@group-8B30ED57C93B: start as a follower, conf=-1: [914eab85-949a-416f-9a58-a19ca86126d9:192.168.34.57:38133], old=null
2019-09-04 17:22:00,896 [pool-699-thread-1] INFO  impl.RaftServerImpl (RaftServerImpl.java:setRole(174)) - 914eab85-949a-416f-9a58-a19ca86126d9@group-8B30ED57C93B: changes role from      null to FOLLOWER at term 0 for startAsFollower
2019-09-04 17:22:00,896 [pool-699-thread-1] INFO  impl.RoleInfo (RoleInfo.java:updateAndGet(143)) - 914eab85-949a-416f-9a58-a19ca86126d9: start FollowerState
2019-09-04 17:22:00,896 [pool-699-thread-1] INFO  util.JmxRegister (JmxRegister.java:tryRegister(44)) - Successfully registered JMX Bean with object name Ratis:service=RaftServer,group=group-8B30ED57C93B,id=914eab85-949a-416f-9a58-a19ca86126d9
2019-09-04 17:22:00,898 [RatisPipelineUtilsThread] INFO  pipeline.PipelineStateManager (PipelineStateManager.java:addPipeline(56)) - Created pipeline Pipeline[ Id: bb8d70ba-eda0-4303-a462-8b30ed57c93b, Nodes: 914eab85-949a-416f-9a58-a19ca86126d9{ip: 192.168.34.57, host: pr-hdds-1561-mdkws-1819952476, networkLocation: /default-rack, certSerialId: null}, Type:RATIS, Factor:ONE, State:OPEN]
2019-09-04 17:22:00,904 [grpc-default-executor-17] INFO  impl.RaftServerProxy (RaftServerProxy.java:addNew(89)) - e17d7d03-be12-4cbb-996b-76694a3eb499: addNew group-FE72DDC5082C:[914eab85-949a-416f-9a58-a19ca86126d9:192.168.34.57:38133, e17d7d03-be12-4cbb-996b-76694a3eb499:192.168.34.57:46372, cad45df4-26f2-449d-983b-430c10f8e6a0:192.168.34.57:42172] returns group-FE72DDC5082C:java.util.concurrent.CompletableFuture@4f412c61[Not completed]
2019-09-04 17:22:00,905 [grpc-default-executor-17] INFO  impl.RaftServerProxy (RaftServerProxy.java:addNew(89)) - 914eab85-949a-416f-9a58-a19ca86126d9: addNew group-FE72DDC5082C:[914eab85-949a-416f-9a58-a19ca86126d9:192.168.34.57:38133, e17d7d03-be12-4cbb-996b-76694a3eb499:192.168.34.57:46372, cad45df4-26f2-449d-983b-430c10f8e6a0:192.168.34.57:42172] returns group-FE72DDC5082C:java.util.concurrent.CompletableFuture@7e79b58d[Not completed]
2019-09-04 17:22:00,905 [grpc-default-executor-19] INFO  impl.RaftServerProxy (RaftServerProxy.java:addNew(89)) - cad45df4-26f2-449d-983b-430c10f8e6a0: addNew group-FE72DDC5082C:[914eab85-949a-416f-9a58-a19ca86126d9:192.168.34.57:38133, e17d7d03-be12-4cbb-996b-76694a3eb499:192.168.34.57:46372, cad45df4-26f2-449d-983b-430c10f8e6a0:192.168.34.57:42172] returns group-FE72DDC5082C:java.util.concurrent.CompletableFuture@756fdc3a[Not completed]
2019-09-04 17:22:00,905 [pool-689-thread-1] INFO  impl.RaftServerImpl (RaftServerImpl.java:<init>(95)) - e17d7d03-be12-4cbb-996b-76694a3eb499: new RaftServerImpl for group-FE72DDC5082C:[914eab85-949a-416f-9a58-a19ca86126d9:192.168.34.57:38133, e17d7d03-be12-4cbb-996b-76694a3eb499:192.168.34.57:46372, cad45df4-26f2-449d-983b-430c10f8e6a0:192.168.34.57:42172] with ContainerStateMachine:uninitialized
2019-09-04 17:22:00,905 [pool-689-thread-1] INFO  server.RaftServerConfigKeys (ConfUtils.java:logGet(43)) - raft.server.rpc.timeout.min = 5s (custom)
2019-09-04 17:22:00,905 [pool-689-thread-1] INFO  server.RaftServerConfigKeys (ConfUtils.java:logGet(43)) - raft.server.rpc.timeout.max = 5200ms (custom)
2019-09-04 17:22:00,905 [pool-689-thread-1] INFO  server.RaftServerConfigKeys (ConfUtils.java:logGet(43)) - raft.server.rpcslowness.timeout = 120s (custom)
2019-09-04 17:22:00,906 [pool-689-thread-1] INFO  server.RaftServerConfigKeys (ConfUtils.java:logGet(43)) - raft.server.sleep.deviation.threshold = 300 (default)
2019-09-04 17:22:00,906 [pool-689-thread-1] INFO  server.RaftServerConfigKeys (ConfUtils.java:logGet(43)) - raft.server.log.appender.install.snapshot.enabled = false (custom)
2019-09-04 17:22:00,906 [pool-689-thread-1] INFO  impl.RaftServerImpl (ServerState.java:<init>(103)) - e17d7d03-be12-4cbb-996b-76694a3eb499@group-FE72DDC5082C: ConfigurationManager, init=-1: [914eab85-949a-416f-9a58-a19ca86126d9:192.168.34.57:38133, e17d7d03-be12-4cbb-996b-76694a3eb499:192.168.34.57:46372, cad45df4-26f2-449d-983b-430c10f8e6a0:192.168.34.57:42172], old=null, confs=<EMPTY_MAP>
2019-09-04 17:22:00,906 [pool-689-thread-1] INFO  server.RaftServerConfigKeys (ConfUtils.java:logGet(43)) - raft.server.storage.dir = [/workdir/hadoop-ozone/integration-test/target/test-dir/MiniOzoneClusterImpl-a66fa8d6-020b-4b94-8246-f6312d57d8d8/datanode-1/data/ratis] (custom)
2019-09-04 17:22:00,906 [pool-679-thread-1] INFO  impl.RaftServerImpl (RaftServerImpl.java:<init>(95)) - cad45df4-26f2-449d-983b-430c10f8e6a0: new RaftServerImpl for group-FE72DDC5082C:[914eab85-949a-416f-9a58-a19ca86126d9:192.168.34.57:38133, e17d7d03-be12-4cbb-996b-76694a3eb499:192.168.34.57:46372, cad45df4-26f2-449d-983b-430c10f8e6a0:192.168.34.57:42172] with ContainerStateMachine:uninitialized
2019-09-04 17:22:00,906 [pool-689-thread-1] INFO  storage.RaftStorageDirectory (RaftStorageDirectory.java:analyzeStorage(246)) - The storage directory /workdir/hadoop-ozone/integration-test/target/test-dir/MiniOzoneClusterImpl-a66fa8d6-020b-4b94-8246-f6312d57d8d8/datanode-1/data/ratis/52f828d6-0b99-430c-ab67-fe72ddc5082c does not exist. Creating ...
2019-09-04 17:22:00,906 [pool-679-thread-1] INFO  server.RaftServerConfigKeys (ConfUtils.java:logGet(43)) - raft.server.rpc.timeout.min = 5s (custom)
2019-09-04 17:22:00,907 [pool-679-thread-1] INFO  server.RaftServerConfigKeys (ConfUtils.java:logGet(43)) - raft.server.rpc.timeout.max = 5200ms (custom)
2019-09-04 17:22:00,907 [pool-679-thread-1] INFO  server.RaftServerConfigKeys (ConfUtils.java:logGet(43)) - raft.server.rpcslowness.timeout = 120s (custom)
2019-09-04 17:22:00,907 [pool-679-thread-1] INFO  server.RaftServerConfigKeys (ConfUtils.java:logGet(43)) - raft.server.sleep.deviation.threshold = 300 (default)
2019-09-04 17:22:00,907 [pool-699-thread-1] INFO  impl.RaftServerImpl (RaftServerImpl.java:<init>(95)) - 914eab85-949a-416f-9a58-a19ca86126d9: new RaftServerImpl for group-FE72DDC5082C:[914eab85-949a-416f-9a58-a19ca86126d9:192.168.34.57:38133, e17d7d03-be12-4cbb-996b-76694a3eb499:192.168.34.57:46372, cad45df4-26f2-449d-983b-430c10f8e6a0:192.168.34.57:42172] with ContainerStateMachine:uninitialized
2019-09-04 17:22:00,907 [pool-679-thread-1] INFO  server.RaftServerConfigKeys (ConfUtils.java:logGet(43)) - raft.server.log.appender.install.snapshot.enabled = false (custom)
2019-09-04 17:22:00,907 [pool-699-thread-1] INFO  server.RaftServerConfigKeys (ConfUtils.java:logGet(43)) - raft.server.rpc.timeout.min = 5s (custom)
2019-09-04 17:22:00,907 [pool-679-thread-1] INFO  impl.RaftServerImpl (ServerState.java:<init>(103)) - cad45df4-26f2-449d-983b-430c10f8e6a0@group-FE72DDC5082C: ConfigurationManager, init=-1: [914eab85-949a-416f-9a58-a19ca86126d9:192.168.34.57:38133, e17d7d03-be12-4cbb-996b-76694a3eb499:192.168.34.57:46372, cad45df4-26f2-449d-983b-430c10f8e6a0:192.168.34.57:42172], old=null, confs=<EMPTY_MAP>
2019-09-04 17:22:00,907 [pool-699-thread-1] INFO  server.RaftServerConfigKeys (ConfUtils.java:logGet(43)) - raft.server.rpc.timeout.max = 5200ms (custom)
2019-09-04 17:22:00,908 [pool-679-thread-1] INFO  server.RaftServerConfigKeys (ConfUtils.java:logGet(43)) - raft.server.storage.dir = [/workdir/hadoop-ozone/integration-test/target/test-dir/MiniOzoneClusterImpl-a66fa8d6-020b-4b94-8246-f6312d57d8d8/datanode-0/data/ratis] (custom)
2019-09-04 17:22:00,908 [pool-699-thread-1] INFO  server.RaftServerConfigKeys (ConfUtils.java:logGet(43)) - raft.server.rpcslowness.timeout = 120s (custom)
2019-09-04 17:22:00,908 [pool-699-thread-1] INFO  server.RaftServerConfigKeys (ConfUtils.java:logGet(43)) - raft.server.sleep.deviation.threshold = 300 (default)
2019-09-04 17:22:00,908 [pool-679-thread-1] INFO  storage.RaftStorageDirectory (RaftStorageDirectory.java:analyzeStorage(246)) - The storage directory /workdir/hadoop-ozone/integration-test/target/test-dir/MiniOzoneClusterImpl-a66fa8d6-020b-4b94-8246-f6312d57d8d8/datanode-0/data/ratis/52f828d6-0b99-430c-ab67-fe72ddc5082c does not exist. Creating ...
2019-09-04 17:22:00,908 [pool-699-thread-1] INFO  server.RaftServerConfigKeys (ConfUtils.java:logGet(43)) - raft.server.log.appender.install.snapshot.enabled = false (custom)
2019-09-04 17:22:00,908 [pool-699-thread-1] INFO  impl.RaftServerImpl (ServerState.java:<init>(103)) - 914eab85-949a-416f-9a58-a19ca86126d9@group-FE72DDC5082C: ConfigurationManager, init=-1: [914eab85-949a-416f-9a58-a19ca86126d9:192.168.34.57:38133, e17d7d03-be12-4cbb-996b-76694a3eb499:192.168.34.57:46372, cad45df4-26f2-449d-983b-430c10f8e6a0:192.168.34.57:42172], old=null, confs=<EMPTY_MAP>
2019-09-04 17:22:00,909 [pool-699-thread-1] INFO  server.RaftServerConfigKeys (ConfUtils.java:logGet(43)) - raft.server.storage.dir = [/workdir/hadoop-ozone/integration-test/target/test-dir/MiniOzoneClusterImpl-a66fa8d6-020b-4b94-8246-f6312d57d8d8/datanode-2/data/ratis] (custom)
2019-09-04 17:22:00,909 [pool-699-thread-1] INFO  storage.RaftStorageDirectory (RaftStorageDirectory.java:analyzeStorage(246)) - The storage directory /workdir/hadoop-ozone/integration-test/target/test-dir/MiniOzoneClusterImpl-a66fa8d6-020b-4b94-8246-f6312d57d8d8/datanode-2/data/ratis/52f828d6-0b99-430c-ab67-fe72ddc5082c does not exist. Creating ...
2019-09-04 17:22:00,915 [IPC Server handler 7 on 40900] INFO  net.NetworkTopology (NetworkTopologyImpl.java:add(110)) - Added a new node: /default-rack/8a70ad64-e1a6-42ae-868f-404e248e38b5
2019-09-04 17:22:00,915 [IPC Server handler 7 on 40900] INFO  node.SCMNodeManager (SCMNodeManager.java:register(266)) - Registered Data node : 8a70ad64-e1a6-42ae-868f-404e248e38b5{ip: 192.168.34.57, host: pr-hdds-1561-mdkws-1819952476, networkLocation: /default-rack, certSerialId: null}
2019-09-04 17:22:00,931 [pool-689-thread-1] INFO  storage.RaftStorageDirectory (RaftStorageDirectory.java:tryLock(328)) - Lock on /workdir/hadoop-ozone/integration-test/target/test-dir/MiniOzoneClusterImpl-a66fa8d6-020b-4b94-8246-f6312d57d8d8/datanode-1/data/ratis/52f828d6-0b99-430c-ab67-fe72ddc5082c/in_use.lock acquired by nodename 3098@pr-hdds-1561-mdkws-1819952476
2019-09-04 17:22:00,931 [pool-699-thread-1] INFO  storage.RaftStorageDirectory (RaftStorageDirectory.java:tryLock(328)) - Lock on /workdir/hadoop-ozone/integration-test/target/test-dir/MiniOzoneClusterImpl-a66fa8d6-020b-4b94-8246-f6312d57d8d8/datanode-2/data/ratis/52f828d6-0b99-430c-ab67-fe72ddc5082c/in_use.lock acquired by nodename 3098@pr-hdds-1561-mdkws-1819952476
2019-09-04 17:22:00,931 [pool-679-thread-1] INFO  storage.RaftStorageDirectory (RaftStorageDirectory.java:tryLock(328)) - Lock on /workdir/hadoop-ozone/integration-test/target/test-dir/MiniOzoneClusterImpl-a66fa8d6-020b-4b94-8246-f6312d57d8d8/datanode-0/data/ratis/52f828d6-0b99-430c-ab67-fe72ddc5082c/in_use.lock acquired by nodename 3098@pr-hdds-1561-mdkws-1819952476
2019-09-04 17:22:00,956 [pool-689-thread-1] INFO  storage.RaftStorage (RaftStorage.java:format(72)) - Storage directory /workdir/hadoop-ozone/integration-test/target/test-dir/MiniOzoneClusterImpl-a66fa8d6-020b-4b94-8246-f6312d57d8d8/datanode-1/data/ratis/52f828d6-0b99-430c-ab67-fe72ddc5082c has been successfully formatted.
2019-09-04 17:22:00,956 [pool-679-thread-1] INFO  storage.RaftStorage (RaftStorage.java:format(72)) - Storage directory /workdir/hadoop-ozone/integration-test/target/test-dir/MiniOzoneClusterImpl-a66fa8d6-020b-4b94-8246-f6312d57d8d8/datanode-0/data/ratis/52f828d6-0b99-430c-ab67-fe72ddc5082c has been successfully formatted.
2019-09-04 17:22:00,956 [pool-699-thread-1] INFO  storage.RaftStorage (RaftStorage.java:format(72)) - Storage directory /workdir/hadoop-ozone/integration-test/target/test-dir/MiniOzoneClusterImpl-a66fa8d6-020b-4b94-8246-f6312d57d8d8/datanode-2/data/ratis/52f828d6-0b99-430c-ab67-fe72ddc5082c has been successfully formatted.
2019-09-04 17:22:00,957 [pool-679-thread-1] INFO  ratis.ContainerStateMachine (ContainerStateMachine.java:loadSnapshot(232)) - group-FE72DDC5082C: The snapshot info is null. Setting the last applied indexto:(t:0, i:~)
2019-09-04 17:22:00,956 [pool-689-thread-1] INFO  ratis.ContainerStateMachine (ContainerStateMachine.java:loadSnapshot(232)) - group-FE72DDC5082C: The snapshot info is null. Setting the last applied indexto:(t:0, i:~)
2019-09-04 17:22:00,957 [pool-679-thread-1] INFO  server.RaftServerConfigKeys (ConfUtils.java:logGet(43)) - raft.server.notification.no-leader.timeout = 120s (custom)
2019-09-04 17:22:00,957 [pool-679-thread-1] INFO  server.RaftServerConfigKeys (ConfUtils.java:logGet(43)) - raft.server.log.use.memory = false (default)
2019-09-04 17:22:00,957 [pool-699-thread-1] INFO  ratis.ContainerStateMachine (ContainerStateMachine.java:loadSnapshot(232)) - group-FE72DDC5082C: The snapshot info is null. Setting the last applied indexto:(t:0, i:~)
2019-09-04 17:22:00,957 [pool-679-thread-1] INFO  server.RaftServerConfigKeys (ConfUtils.java:logGet(43)) - raft.server.log.purge.gap = 1000000 (custom)
2019-09-04 17:22:00,957 [pool-689-thread-1] INFO  server.RaftServerConfigKeys (ConfUtils.java:logGet(43)) - raft.server.notification.no-leader.timeout = 120s (custom)
2019-09-04 17:22:00,957 [pool-679-thread-1] INFO  server.RaftServerConfigKeys (ConfUtils.java:logGet(43)) - raft.server.log.appender.buffer.byte-limit = 33554432 (custom)
2019-09-04 17:22:00,958 [pool-679-thread-1] INFO  server.RaftServerConfigKeys (ConfUtils.java:logGet(43)) - raft.server.log.segment.size.max = 1048576 (custom)
2019-09-04 17:22:00,957 [pool-699-thread-1] INFO  server.RaftServerConfigKeys (ConfUtils.java:logGet(43)) - raft.server.notification.no-leader.timeout = 120s (custom)
2019-09-04 17:22:00,958 [pool-679-thread-1] INFO  server.RaftServerConfigKeys (ConfUtils.java:logGet(43)) - raft.server.log.segment.cache.num.max = 2 (custom)
2019-09-04 17:22:00,958 [pool-689-thread-1] INFO  server.RaftServerConfigKeys (ConfUtils.java:logGet(43)) - raft.server.log.use.memory = false (default)
2019-09-04 17:22:00,958 [pool-679-thread-1] INFO  segmented.SegmentedRaftLogWorker (SegmentedRaftLogWorker.java:<init>(172)) - new cad45df4-26f2-449d-983b-430c10f8e6a0@group-FE72DDC5082C-SegmentedRaftLogWorker for RaftStorage:Storage Directory /workdir/hadoop-ozone/integration-test/target/test-dir/MiniOzoneClusterImpl-a66fa8d6-020b-4b94-8246-f6312d57d8d8/datanode-0/data/ratis/52f828d6-0b99-430c-ab67-fe72ddc5082c
2019-09-04 17:22:00,958 [pool-679-thread-1] INFO  server.RaftServerConfigKeys (ConfUtils.java:logGet(43)) - raft.server.log.queue.byte-limit = 2147483647 (custom)
2019-09-04 17:22:00,958 [pool-699-thread-1] INFO  server.RaftServerConfigKeys (ConfUtils.java:logGet(43)) - raft.server.log.use.memory = false (default)
2019-09-04 17:22:00,959 [pool-679-thread-1] INFO  server.RaftServerConfigKeys (ConfUtils.java:logGet(43)) - raft.server.log.queue.element-limit = 1024 (custom)
2019-09-04 17:22:00,958 [pool-689-thread-1] INFO  server.RaftServerConfigKeys (ConfUtils.java:logGet(43)) - raft.server.log.purge.gap = 1000000 (custom)
2019-09-04 17:22:00,959 [pool-679-thread-1] INFO  server.RaftServerConfigKeys (ConfUtils.java:logGet(43)) - raft.server.log.segment.size.max = 1048576 (custom)
2019-09-04 17:22:00,959 [pool-699-thread-1] INFO  server.RaftServerConfigKeys (ConfUtils.java:logGet(43)) - raft.server.log.purge.gap = 1000000 (custom)
2019-09-04 17:22:00,959 [pool-679-thread-1] INFO  server.RaftServerConfigKeys (ConfUtils.java:logGet(43)) - raft.server.log.preallocated.size = 16384 (custom)
2019-09-04 17:22:00,959 [pool-689-thread-1] INFO  server.RaftServerConfigKeys (ConfUtils.java:logGet(43)) - raft.server.log.appender.buffer.byte-limit = 33554432 (custom)
2019-09-04 17:22:00,959 [pool-679-thread-1] INFO  server.RaftServerConfigKeys (ConfUtils.java:logGet(43)) - raft.server.log.write.buffer.size = 33554432 (custom)
2019-09-04 17:22:00,959 [pool-699-thread-1] INFO  server.RaftServerConfigKeys (ConfUtils.java:logGet(43)) - raft.server.log.appender.buffer.byte-limit = 33554432 (custom)
2019-09-04 17:22:00,960 [pool-679-thread-1] INFO  server.RaftServerConfigKeys (ConfUtils.java:logGet(43)) - raft.server.log.force.sync.num = 128 (default)
2019-09-04 17:22:00,960 [pool-689-thread-1] INFO  server.RaftServerConfigKeys (ConfUtils.java:logGet(43)) - raft.server.log.segment.size.max = 1048576 (custom)
2019-09-04 17:22:00,960 [pool-679-thread-1] INFO  server.RaftServerConfigKeys (ConfUtils.java:logGet(43)) - raft.server.log.statemachine.data.sync = true (default)
2019-09-04 17:22:00,960 [pool-699-thread-1] INFO  server.RaftServerConfigKeys (ConfUtils.java:logGet(43)) - raft.server.log.segment.size.max = 1048576 (custom)
2019-09-04 17:22:00,960 [pool-679-thread-1] INFO  server.RaftServerConfigKeys (ConfUtils.java:logGet(43)) - raft.server.log.statemachine.data.sync.timeout = 10s (default)
2019-09-04 17:22:00,960 [pool-689-thread-1] INFO  server.RaftServerConfigKeys (ConfUtils.java:logGet(43)) - raft.server.log.segment.cache.num.max = 2 (custom)
2019-09-04 17:22:00,961 [pool-679-thread-1] INFO  server.RaftServerConfigKeys (ConfUtils.java:logGet(43)) - raft.server.log.statemachine.data.sync.timeout.retry = -1 (default)
2019-09-04 17:22:00,961 [pool-699-thread-1] INFO  server.RaftServerConfigKeys (ConfUtils.java:logGet(43)) - raft.server.log.segment.cache.num.max = 2 (custom)
2019-09-04 17:22:00,961 [pool-679-thread-1] INFO  server.RaftServerConfigKeys (ConfUtils.java:logGet(43)) - raft.server.log.statemachine.data.caching.enabled = true (custom)
2019-09-04 17:22:00,961 [pool-689-thread-1] INFO  segmented.SegmentedRaftLogWorker (SegmentedRaftLogWorker.java:<init>(172)) - new e17d7d03-be12-4cbb-996b-76694a3eb499@group-FE72DDC5082C-SegmentedRaftLogWorker for RaftStorage:Storage Directory /workdir/hadoop-ozone/integration-test/target/test-dir/MiniOzoneClusterImpl-a66fa8d6-020b-4b94-8246-f6312d57d8d8/datanode-1/data/ratis/52f828d6-0b99-430c-ab67-fe72ddc5082c
2019-09-04 17:22:00,961 [pool-699-thread-1] INFO  segmented.SegmentedRaftLogWorker (SegmentedRaftLogWorker.java:<init>(172)) - new 914eab85-949a-416f-9a58-a19ca86126d9@group-FE72DDC5082C-SegmentedRaftLogWorker for RaftStorage:Storage Directory /workdir/hadoop-ozone/integration-test/target/test-dir/MiniOzoneClusterImpl-a66fa8d6-020b-4b94-8246-f6312d57d8d8/datanode-2/data/ratis/52f828d6-0b99-430c-ab67-fe72ddc5082c
2019-09-04 17:22:00,961 [pool-679-thread-1] INFO  segmented.SegmentedRaftLogWorker (SegmentedRaftLogWorker.java:lambda$new$0(132)) - cad45df4-26f2-449d-983b-430c10f8e6a0@group-FE72DDC5082C-SegmentedRaftLogWorker: flushIndex: setUnconditionally 0 -> -1
2019-09-04 17:22:00,961 [pool-689-thread-1] INFO  server.RaftServerConfigKeys (ConfUtils.java:logGet(43)) - raft.server.log.queue.byte-limit = 2147483647 (custom)
2019-09-04 17:22:00,961 [pool-699-thread-1] INFO  server.RaftServerConfigKeys (ConfUtils.java:logGet(43)) - raft.server.log.queue.byte-limit = 2147483647 (custom)
2019-09-04 17:22:00,962 [pool-679-thread-1] INFO  server.RaftServerConfigKeys (ConfUtils.java:logGet(43)) - raft.server.snapshot.auto.trigger.enabled = true (custom)
2019-09-04 17:22:00,962 [pool-689-thread-1] INFO  server.RaftServerConfigKeys (ConfUtils.java:logGet(43)) - raft.server.log.queue.element-limit = 1024 (custom)
2019-09-04 17:22:00,962 [pool-679-thread-1] INFO  server.RaftServerConfigKeys (ConfUtils.java:logGet(43)) - raft.server.snapshot.auto.trigger.threshold = 10000 (custom)
2019-09-04 17:22:00,962 [pool-699-thread-1] INFO  server.RaftServerConfigKeys (ConfUtils.java:logGet(43)) - raft.server.log.queue.element-limit = 1024 (custom)
2019-09-04 17:22:00,962 [pool-679-thread-1] INFO  server.RaftServerConfigKeys (ConfUtils.java:logGet(43)) - raft.server.snapshot.retention.num.files = -1 (default)
2019-09-04 17:22:00,962 [pool-689-thread-1] INFO  server.RaftServerConfigKeys (ConfUtils.java:logGet(43)) - raft.server.log.segment.size.max = 1048576 (custom)
2019-09-04 17:22:00,963 [pool-679-thread-1] INFO  server.RaftServerConfigKeys (ConfUtils.java:logGet(43)) - raft.server.retrycache.expirytime = 600000ms (custom)
2019-09-04 17:22:00,962 [pool-699-thread-1] INFO  server.RaftServerConfigKeys (ConfUtils.java:logGet(43)) - raft.server.log.segment.size.max = 1048576 (custom)
2019-09-04 17:22:00,963 [pool-689-thread-1] INFO  server.RaftServerConfigKeys (ConfUtils.java:logGet(43)) - raft.server.log.preallocated.size = 16384 (custom)
2019-09-04 17:22:00,963 [pool-699-thread-1] INFO  server.RaftServerConfigKeys (ConfUtils.java:logGet(43)) - raft.server.log.preallocated.size = 16384 (custom)
2019-09-04 17:22:00,963 [pool-689-thread-1] INFO  server.RaftServerConfigKeys (ConfUtils.java:logGet(43)) - raft.server.log.write.buffer.size = 33554432 (custom)
2019-09-04 17:22:00,963 [pool-699-thread-1] INFO  server.RaftServerConfigKeys (ConfUtils.java:logGet(43)) - raft.server.log.write.buffer.size = 33554432 (custom)
2019-09-04 17:22:00,963 [pool-689-thread-1] INFO  server.RaftServerConfigKeys (ConfUtils.java:logGet(43)) - raft.server.log.force.sync.num = 128 (default)
2019-09-04 17:22:00,963 [pool-699-thread-1] INFO  server.RaftServerConfigKeys (ConfUtils.java:logGet(43)) - raft.server.log.force.sync.num = 128 (default)
2019-09-04 17:22:00,964 [pool-689-thread-1] INFO  server.RaftServerConfigKeys (ConfUtils.java:logGet(43)) - raft.server.log.statemachine.data.sync = true (default)
2019-09-04 17:22:00,964 [pool-699-thread-1] INFO  server.RaftServerConfigKeys (ConfUtils.java:logGet(43)) - raft.server.log.statemachine.data.sync = true (default)
2019-09-04 17:22:00,964 [pool-689-thread-1] INFO  server.RaftServerConfigKeys (ConfUtils.java:logGet(43)) - raft.server.log.statemachine.data.sync.timeout = 10s (default)
2019-09-04 17:22:00,964 [pool-699-thread-1] INFO  server.RaftServerConfigKeys (ConfUtils.java:logGet(43)) - raft.server.log.statemachine.data.sync.timeout = 10s (default)
2019-09-04 17:22:00,964 [pool-679-thread-1] INFO  impl.RaftServerImpl (RaftServerImpl.java:start(185)) - cad45df4-26f2-449d-983b-430c10f8e6a0@group-FE72DDC5082C: start as a follower, conf=-1: [914eab85-949a-416f-9a58-a19ca86126d9:192.168.34.57:38133, e17d7d03-be12-4cbb-996b-76694a3eb499:192.168.34.57:46372, cad45df4-26f2-449d-983b-430c10f8e6a0:192.168.34.57:42172], old=null
2019-09-04 17:22:00,964 [pool-689-thread-1] INFO  server.RaftServerConfigKeys (ConfUtils.java:logGet(43)) - raft.server.log.statemachine.data.sync.timeout.retry = -1 (default)
2019-09-04 17:22:00,964 [pool-679-thread-1] INFO  impl.RaftServerImpl (RaftServerImpl.java:setRole(174)) - cad45df4-26f2-449d-983b-430c10f8e6a0@group-FE72DDC5082C: changes role from      null to FOLLOWER at term 0 for startAsFollower
2019-09-04 17:22:00,964 [pool-699-thread-1] INFO  server.RaftServerConfigKeys (ConfUtils.java:logGet(43)) - raft.server.log.statemachine.data.sync.timeout.retry = -1 (default)
2019-09-04 17:22:00,965 [pool-679-thread-1] INFO  impl.RoleInfo (RoleInfo.java:updateAndGet(143)) - cad45df4-26f2-449d-983b-430c10f8e6a0: start FollowerState
2019-09-04 17:22:00,965 [pool-689-thread-1] INFO  server.RaftServerConfigKeys (ConfUtils.java:logGet(43)) - raft.server.log.statemachine.data.caching.enabled = true (custom)
2019-09-04 17:22:00,965 [pool-699-thread-1] INFO  server.RaftServerConfigKeys (ConfUtils.java:logGet(43)) - raft.server.log.statemachine.data.caching.enabled = true (custom)
2019-09-04 17:22:00,965 [pool-689-thread-1] INFO  segmented.SegmentedRaftLogWorker (SegmentedRaftLogWorker.java:lambda$new$0(132)) - e17d7d03-be12-4cbb-996b-76694a3eb499@group-FE72DDC5082C-SegmentedRaftLogWorker: flushIndex: setUnconditionally 0 -> -1
2019-09-04 17:22:00,965 [pool-679-thread-1] INFO  util.JmxRegister (JmxRegister.java:tryRegister(44)) - Successfully registered JMX Bean with object name Ratis:service=RaftServer,group=group-FE72DDC5082C,id=cad45df4-26f2-449d-983b-430c10f8e6a0
2019-09-04 17:22:00,965 [pool-699-thread-1] INFO  segmented.SegmentedRaftLogWorker (SegmentedRaftLogWorker.java:lambda$new$0(132)) - 914eab85-949a-416f-9a58-a19ca86126d9@group-FE72DDC5082C-SegmentedRaftLogWorker: flushIndex: setUnconditionally 0 -> -1
2019-09-04 17:22:00,966 [pool-689-thread-1] INFO  server.RaftServerConfigKeys (ConfUtils.java:logGet(43)) - raft.server.snapshot.auto.trigger.enabled = true (custom)
2019-09-04 17:22:00,966 [pool-689-thread-1] INFO  server.RaftServerConfigKeys (ConfUtils.java:logGet(43)) - raft.server.snapshot.auto.trigger.threshold = 10000 (custom)
2019-09-04 17:22:00,966 [pool-689-thread-1] INFO  server.RaftServerConfigKeys (ConfUtils.java:logGet(43)) - raft.server.snapshot.retention.num.files = -1 (default)
2019-09-04 17:22:00,966 [pool-699-thread-1] INFO  server.RaftServerConfigKeys (ConfUtils.java:logGet(43)) - raft.server.snapshot.auto.trigger.enabled = true (custom)
2019-09-04 17:22:00,966 [pool-689-thread-1] INFO  server.RaftServerConfigKeys (ConfUtils.java:logGet(43)) - raft.server.retrycache.expirytime = 600000ms (custom)
2019-09-04 17:22:00,966 [pool-699-thread-1] INFO  server.RaftServerConfigKeys (ConfUtils.java:logGet(43)) - raft.server.snapshot.auto.trigger.threshold = 10000 (custom)
2019-09-04 17:22:00,966 [pool-699-thread-1] INFO  server.RaftServerConfigKeys (ConfUtils.java:logGet(43)) - raft.server.snapshot.retention.num.files = -1 (default)
2019-09-04 17:22:00,967 [pool-699-thread-1] INFO  server.RaftServerConfigKeys (ConfUtils.java:logGet(43)) - raft.server.retrycache.expirytime = 600000ms (custom)
2019-09-04 17:22:00,968 [pool-689-thread-1] INFO  impl.RaftServerImpl (RaftServerImpl.java:start(185)) - e17d7d03-be12-4cbb-996b-76694a3eb499@group-FE72DDC5082C: start as a follower, conf=-1: [914eab85-949a-416f-9a58-a19ca86126d9:192.168.34.57:38133, e17d7d03-be12-4cbb-996b-76694a3eb499:192.168.34.57:46372, cad45df4-26f2-449d-983b-430c10f8e6a0:192.168.34.57:42172], old=null
2019-09-04 17:22:00,968 [pool-689-thread-1] INFO  impl.RaftServerImpl (RaftServerImpl.java:setRole(174)) - e17d7d03-be12-4cbb-996b-76694a3eb499@group-FE72DDC5082C: changes role from      null to FOLLOWER at term 0 for startAsFollower
2019-09-04 17:22:00,968 [pool-689-thread-1] INFO  impl.RoleInfo (RoleInfo.java:updateAndGet(143)) - e17d7d03-be12-4cbb-996b-76694a3eb499: start FollowerState
2019-09-04 17:22:00,968 [pool-689-thread-1] INFO  util.JmxRegister (JmxRegister.java:tryRegister(44)) - Successfully registered JMX Bean with object name Ratis:service=RaftServer,group=group-FE72DDC5082C,id=e17d7d03-be12-4cbb-996b-76694a3eb499
2019-09-04 17:22:00,969 [pool-699-thread-1] INFO  impl.RaftServerImpl (RaftServerImpl.java:start(185)) - 914eab85-949a-416f-9a58-a19ca86126d9@group-FE72DDC5082C: start as a follower, conf=-1: [914eab85-949a-416f-9a58-a19ca86126d9:192.168.34.57:38133, e17d7d03-be12-4cbb-996b-76694a3eb499:192.168.34.57:46372, cad45df4-26f2-449d-983b-430c10f8e6a0:192.168.34.57:42172], old=null
2019-09-04 17:22:00,969 [pool-699-thread-1] INFO  impl.RaftServerImpl (RaftServerImpl.java:setRole(174)) - 914eab85-949a-416f-9a58-a19ca86126d9@group-FE72DDC5082C: changes role from      null to FOLLOWER at term 0 for startAsFollower
2019-09-04 17:22:00,969 [pool-699-thread-1] INFO  impl.RoleInfo (RoleInfo.java:updateAndGet(143)) - 914eab85-949a-416f-9a58-a19ca86126d9: start FollowerState
2019-09-04 17:22:00,969 [pool-699-thread-1] INFO  util.JmxRegister (JmxRegister.java:tryRegister(44)) - Successfully registered JMX Bean with object name Ratis:service=RaftServer,group=group-FE72DDC5082C,id=914eab85-949a-416f-9a58-a19ca86126d9
2019-09-04 17:22:00,971 [RatisPipelineUtilsThread] INFO  pipeline.PipelineStateManager (PipelineStateManager.java:addPipeline(56)) - Created pipeline Pipeline[ Id: 52f828d6-0b99-430c-ab67-fe72ddc5082c, Nodes: cad45df4-26f2-449d-983b-430c10f8e6a0{ip: 192.168.34.57, host: pr-hdds-1561-mdkws-1819952476, networkLocation: /default-rack, certSerialId: null}e17d7d03-be12-4cbb-996b-76694a3eb499{ip: 192.168.34.57, host: pr-hdds-1561-mdkws-1819952476, networkLocation: /default-rack, certSerialId: null}914eab85-949a-416f-9a58-a19ca86126d9{ip: 192.168.34.57, host: pr-hdds-1561-mdkws-1819952476, networkLocation: /default-rack, certSerialId: null}, Type:RATIS, Factor:THREE, State:OPEN]
2019-09-04 17:22:00,983 [grpc-default-executor-19] INFO  impl.RaftServerProxy (RaftServerProxy.java:addNew(89)) - 8a70ad64-e1a6-42ae-868f-404e248e38b5: addNew group-6BB003A1E2DB:[8a70ad64-e1a6-42ae-868f-404e248e38b5:192.168.34.57:36900] returns group-6BB003A1E2DB:java.util.concurrent.CompletableFuture@aca5b18[Not completed]
2019-09-04 17:22:00,984 [IPC Server handler 1 on 40900] INFO  net.NetworkTopology (NetworkTopologyImpl.java:add(110)) - Added a new node: /default-rack/68b00d87-9377-45fc-b239-8a920c60ab91
2019-09-04 17:22:00,987 [IPC Server handler 1 on 40900] INFO  node.SCMNodeManager (SCMNodeManager.java:register(266)) - Registered Data node : 68b00d87-9377-45fc-b239-8a920c60ab91{ip: 192.168.34.57, host: pr-hdds-1561-mdkws-1819952476, networkLocation: /default-rack, certSerialId: null}
2019-09-04 17:22:00,987 [pool-709-thread-1] INFO  impl.RaftServerImpl (RaftServerImpl.java:<init>(95)) - 8a70ad64-e1a6-42ae-868f-404e248e38b5: new RaftServerImpl for group-6BB003A1E2DB:[8a70ad64-e1a6-42ae-868f-404e248e38b5:192.168.34.57:36900] with ContainerStateMachine:uninitialized
2019-09-04 17:22:00,987 [pool-709-thread-1] INFO  server.RaftServerConfigKeys (ConfUtils.java:logGet(43)) - raft.server.rpc.timeout.min = 5s (custom)
2019-09-04 17:22:00,988 [pool-709-thread-1] INFO  server.RaftServerConfigKeys (ConfUtils.java:logGet(43)) - raft.server.rpc.timeout.max = 5200ms (custom)
2019-09-04 17:22:00,988 [pool-709-thread-1] INFO  server.RaftServerConfigKeys (ConfUtils.java:logGet(43)) - raft.server.rpcslowness.timeout = 120s (custom)
2019-09-04 17:22:00,988 [pool-709-thread-1] INFO  server.RaftServerConfigKeys (ConfUtils.java:logGet(43)) - raft.server.sleep.deviation.threshold = 300 (default)
2019-09-04 17:22:00,988 [pool-709-thread-1] INFO  server.RaftServerConfigKeys (ConfUtils.java:logGet(43)) - raft.server.log.appender.install.snapshot.enabled = false (custom)
2019-09-04 17:22:00,988 [pool-709-thread-1] INFO  impl.RaftServerImpl (ServerState.java:<init>(103)) - 8a70ad64-e1a6-42ae-868f-404e248e38b5@group-6BB003A1E2DB: ConfigurationManager, init=-1: [8a70ad64-e1a6-42ae-868f-404e248e38b5:192.168.34.57:36900], old=null, confs=<EMPTY_MAP>
2019-09-04 17:22:00,988 [pool-709-thread-1] INFO  server.RaftServerConfigKeys (ConfUtils.java:logGet(43)) - raft.server.storage.dir = [/workdir/hadoop-ozone/integration-test/target/test-dir/MiniOzoneClusterImpl-a66fa8d6-020b-4b94-8246-f6312d57d8d8/datanode-3/data/ratis] (custom)
2019-09-04 17:22:00,989 [pool-709-thread-1] INFO  storage.RaftStorageDirectory (RaftStorageDirectory.java:analyzeStorage(246)) - The storage directory /workdir/hadoop-ozone/integration-test/target/test-dir/MiniOzoneClusterImpl-a66fa8d6-020b-4b94-8246-f6312d57d8d8/datanode-3/data/ratis/bd9d3a92-097a-4b15-ab1d-6bb003a1e2db does not exist. Creating ...
2019-09-04 17:22:00,993 [pool-709-thread-1] INFO  storage.RaftStorageDirectory (RaftStorageDirectory.java:tryLock(328)) - Lock on /workdir/hadoop-ozone/integration-test/target/test-dir/MiniOzoneClusterImpl-a66fa8d6-020b-4b94-8246-f6312d57d8d8/datanode-3/data/ratis/bd9d3a92-097a-4b15-ab1d-6bb003a1e2db/in_use.lock acquired by nodename 3098@pr-hdds-1561-mdkws-1819952476
2019-09-04 17:22:00,996 [pool-709-thread-1] INFO  storage.RaftStorage (RaftStorage.java:format(72)) - Storage directory /workdir/hadoop-ozone/integration-test/target/test-dir/MiniOzoneClusterImpl-a66fa8d6-020b-4b94-8246-f6312d57d8d8/datanode-3/data/ratis/bd9d3a92-097a-4b15-ab1d-6bb003a1e2db has been successfully formatted.
2019-09-04 17:22:00,997 [pool-709-thread-1] INFO  ratis.ContainerStateMachine (ContainerStateMachine.java:loadSnapshot(232)) - group-6BB003A1E2DB: The snapshot info is null. Setting the last applied indexto:(t:0, i:~)
2019-09-04 17:22:00,997 [pool-709-thread-1] INFO  server.RaftServerConfigKeys (ConfUtils.java:logGet(43)) - raft.server.notification.no-leader.timeout = 120s (custom)
2019-09-04 17:22:00,997 [pool-709-thread-1] INFO  server.RaftServerConfigKeys (ConfUtils.java:logGet(43)) - raft.server.log.use.memory = false (default)
2019-09-04 17:22:00,997 [pool-709-thread-1] INFO  server.RaftServerConfigKeys (ConfUtils.java:logGet(43)) - raft.server.log.purge.gap = 1000000 (custom)
2019-09-04 17:22:00,997 [pool-709-thread-1] INFO  server.RaftServerConfigKeys (ConfUtils.java:logGet(43)) - raft.server.log.appender.buffer.byte-limit = 33554432 (custom)
2019-09-04 17:22:00,997 [pool-709-thread-1] INFO  server.RaftServerConfigKeys (ConfUtils.java:logGet(43)) - raft.server.log.segment.size.max = 1048576 (custom)
2019-09-04 17:22:00,997 [pool-709-thread-1] INFO  server.RaftServerConfigKeys (ConfUtils.java:logGet(43)) - raft.server.log.segment.cache.num.max = 2 (custom)
2019-09-04 17:22:00,998 [pool-709-thread-1] INFO  segmented.SegmentedRaftLogWorker (SegmentedRaftLogWorker.java:<init>(172)) - new 8a70ad64-e1a6-42ae-868f-404e248e38b5@group-6BB003A1E2DB-SegmentedRaftLogWorker for RaftStorage:Storage Directory /workdir/hadoop-ozone/integration-test/target/test-dir/MiniOzoneClusterImpl-a66fa8d6-020b-4b94-8246-f6312d57d8d8/datanode-3/data/ratis/bd9d3a92-097a-4b15-ab1d-6bb003a1e2db
2019-09-04 17:22:00,999 [pool-709-thread-1] INFO  server.RaftServerConfigKeys (ConfUtils.java:logGet(43)) - raft.server.log.queue.byte-limit = 2147483647 (custom)
2019-09-04 17:22:01,000 [pool-709-thread-1] INFO  server.RaftServerConfigKeys (ConfUtils.java:logGet(43)) - raft.server.log.queue.element-limit = 1024 (custom)
2019-09-04 17:22:01,000 [pool-709-thread-1] INFO  server.RaftServerConfigKeys (ConfUtils.java:logGet(43)) - raft.server.log.segment.size.max = 1048576 (custom)
2019-09-04 17:22:01,000 [pool-709-thread-1] INFO  server.RaftServerConfigKeys (ConfUtils.java:logGet(43)) - raft.server.log.preallocated.size = 16384 (custom)
2019-09-04 17:22:01,000 [pool-709-thread-1] INFO  server.RaftServerConfigKeys (ConfUtils.java:logGet(43)) - raft.server.log.write.buffer.size = 33554432 (custom)
2019-09-04 17:22:01,000 [pool-709-thread-1] INFO  server.RaftServerConfigKeys (ConfUtils.java:logGet(43)) - raft.server.log.force.sync.num = 128 (default)
2019-09-04 17:22:01,000 [pool-709-thread-1] INFO  server.RaftServerConfigKeys (ConfUtils.java:logGet(43)) - raft.server.log.statemachine.data.sync = true (default)
2019-09-04 17:22:01,000 [pool-709-thread-1] INFO  server.RaftServerConfigKeys (ConfUtils.java:logGet(43)) - raft.server.log.statemachine.data.sync.timeout = 10s (default)
2019-09-04 17:22:01,001 [pool-709-thread-1] INFO  server.RaftServerConfigKeys (ConfUtils.java:logGet(43)) - raft.server.log.statemachine.data.sync.timeout.retry = -1 (default)
2019-09-04 17:22:01,001 [pool-709-thread-1] INFO  server.RaftServerConfigKeys (ConfUtils.java:logGet(43)) - raft.server.log.statemachine.data.caching.enabled = true (custom)
2019-09-04 17:22:01,001 [pool-709-thread-1] INFO  segmented.SegmentedRaftLogWorker (SegmentedRaftLogWorker.java:lambda$new$0(132)) - 8a70ad64-e1a6-42ae-868f-404e248e38b5@group-6BB003A1E2DB-SegmentedRaftLogWorker: flushIndex: setUnconditionally 0 -> -1
2019-09-04 17:22:01,002 [pool-709-thread-1] INFO  server.RaftServerConfigKeys (ConfUtils.java:logGet(43)) - raft.server.snapshot.auto.trigger.enabled = true (custom)
2019-09-04 17:22:01,002 [pool-709-thread-1] INFO  server.RaftServerConfigKeys (ConfUtils.java:logGet(43)) - raft.server.snapshot.auto.trigger.threshold = 10000 (custom)
2019-09-04 17:22:01,002 [pool-709-thread-1] INFO  server.RaftServerConfigKeys (ConfUtils.java:logGet(43)) - raft.server.snapshot.retention.num.files = -1 (default)
2019-09-04 17:22:01,002 [pool-709-thread-1] INFO  server.RaftServerConfigKeys (ConfUtils.java:logGet(43)) - raft.server.retrycache.expirytime = 600000ms (custom)
2019-09-04 17:22:01,004 [pool-709-thread-1] INFO  impl.RaftServerImpl (RaftServerImpl.java:start(185)) - 8a70ad64-e1a6-42ae-868f-404e248e38b5@group-6BB003A1E2DB: start as a follower, conf=-1: [8a70ad64-e1a6-42ae-868f-404e248e38b5:192.168.34.57:36900], old=null
2019-09-04 17:22:01,004 [pool-709-thread-1] INFO  impl.RaftServerImpl (RaftServerImpl.java:setRole(174)) - 8a70ad64-e1a6-42ae-868f-404e248e38b5@group-6BB003A1E2DB: changes role from      null to FOLLOWER at term 0 for startAsFollower
2019-09-04 17:22:01,004 [pool-709-thread-1] INFO  impl.RoleInfo (RoleInfo.java:updateAndGet(143)) - 8a70ad64-e1a6-42ae-868f-404e248e38b5: start FollowerState
2019-09-04 17:22:01,004 [pool-709-thread-1] INFO  util.JmxRegister (JmxRegister.java:tryRegister(44)) - Successfully registered JMX Bean with object name Ratis:service=RaftServer,group=group-6BB003A1E2DB,id=8a70ad64-e1a6-42ae-868f-404e248e38b5
2019-09-04 17:22:01,006 [RatisPipelineUtilsThread] INFO  pipeline.PipelineStateManager (PipelineStateManager.java:addPipeline(56)) - Created pipeline Pipeline[ Id: bd9d3a92-097a-4b15-ab1d-6bb003a1e2db, Nodes: 8a70ad64-e1a6-42ae-868f-404e248e38b5{ip: 192.168.34.57, host: pr-hdds-1561-mdkws-1819952476, networkLocation: /default-rack, certSerialId: null}, Type:RATIS, Factor:ONE, State:OPEN]
2019-09-04 17:22:01,017 [grpc-default-executor-19] INFO  impl.RaftServerProxy (RaftServerProxy.java:addNew(89)) - 68b00d87-9377-45fc-b239-8a920c60ab91: addNew group-04C0130FA828:[68b00d87-9377-45fc-b239-8a920c60ab91:192.168.34.57:36946] returns group-04C0130FA828:java.util.concurrent.CompletableFuture@103fbf70[Not completed]
2019-09-04 17:22:01,019 [pool-719-thread-1] INFO  impl.RaftServerImpl (RaftServerImpl.java:<init>(95)) - 68b00d87-9377-45fc-b239-8a920c60ab91: new RaftServerImpl for group-04C0130FA828:[68b00d87-9377-45fc-b239-8a920c60ab91:192.168.34.57:36946] with ContainerStateMachine:uninitialized
2019-09-04 17:22:01,019 [pool-719-thread-1] INFO  server.RaftServerConfigKeys (ConfUtils.java:logGet(43)) - raft.server.rpc.timeout.min = 5s (custom)
2019-09-04 17:22:01,019 [pool-719-thread-1] INFO  server.RaftServerConfigKeys (ConfUtils.java:logGet(43)) - raft.server.rpc.timeout.max = 5200ms (custom)
2019-09-04 17:22:01,019 [pool-719-thread-1] INFO  server.RaftServerConfigKeys (ConfUtils.java:logGet(43)) - raft.server.rpcslowness.timeout = 120s (custom)
2019-09-04 17:22:01,019 [pool-719-thread-1] INFO  server.RaftServerConfigKeys (ConfUtils.java:logGet(43)) - raft.server.sleep.deviation.threshold = 300 (default)
2019-09-04 17:22:01,020 [pool-719-thread-1] INFO  server.RaftServerConfigKeys (ConfUtils.java:logGet(43)) - raft.server.log.appender.install.snapshot.enabled = false (custom)
2019-09-04 17:22:01,020 [pool-719-thread-1] INFO  impl.RaftServerImpl (ServerState.java:<init>(103)) - 68b00d87-9377-45fc-b239-8a920c60ab91@group-04C0130FA828: ConfigurationManager, init=-1: [68b00d87-9377-45fc-b239-8a920c60ab91:192.168.34.57:36946], old=null, confs=<EMPTY_MAP>
2019-09-04 17:22:01,020 [pool-719-thread-1] INFO  server.RaftServerConfigKeys (ConfUtils.java:logGet(43)) - raft.server.storage.dir = [/workdir/hadoop-ozone/integration-test/target/test-dir/MiniOzoneClusterImpl-a66fa8d6-020b-4b94-8246-f6312d57d8d8/datanode-4/data/ratis] (custom)
2019-09-04 17:22:01,020 [pool-719-thread-1] INFO  storage.RaftStorageDirectory (RaftStorageDirectory.java:analyzeStorage(246)) - The storage directory /workdir/hadoop-ozone/integration-test/target/test-dir/MiniOzoneClusterImpl-a66fa8d6-020b-4b94-8246-f6312d57d8d8/datanode-4/data/ratis/e83df830-d514-4a44-af6b-04c0130fa828 does not exist. Creating ...
2019-09-04 17:22:01,050 [IPC Server handler 3 on 40900] INFO  net.NetworkTopology (NetworkTopologyImpl.java:add(110)) - Added a new node: /default-rack/f6d82e5c-6716-4219-a3ef-c5ab4e3fce32
2019-09-04 17:22:01,051 [IPC Server handler 3 on 40900] INFO  node.SCMNodeManager (SCMNodeManager.java:register(266)) - Registered Data node : f6d82e5c-6716-4219-a3ef-c5ab4e3fce32{ip: 192.168.34.57, host: pr-hdds-1561-mdkws-1819952476, networkLocation: /default-rack, certSerialId: null}
2019-09-04 17:22:01,058 [pool-719-thread-1] INFO  storage.RaftStorageDirectory (RaftStorageDirectory.java:tryLock(328)) - Lock on /workdir/hadoop-ozone/integration-test/target/test-dir/MiniOzoneClusterImpl-a66fa8d6-020b-4b94-8246-f6312d57d8d8/datanode-4/data/ratis/e83df830-d514-4a44-af6b-04c0130fa828/in_use.lock acquired by nodename 3098@pr-hdds-1561-mdkws-1819952476
2019-09-04 17:22:01,072 [pool-719-thread-1] INFO  storage.RaftStorage (RaftStorage.java:format(72)) - Storage directory /workdir/hadoop-ozone/integration-test/target/test-dir/MiniOzoneClusterImpl-a66fa8d6-020b-4b94-8246-f6312d57d8d8/datanode-4/data/ratis/e83df830-d514-4a44-af6b-04c0130fa828 has been successfully formatted.
2019-09-04 17:22:01,072 [pool-719-thread-1] INFO  ratis.ContainerStateMachine (ContainerStateMachine.java:loadSnapshot(232)) - group-04C0130FA828: The snapshot info is null. Setting the last applied indexto:(t:0, i:~)
2019-09-04 17:22:01,073 [pool-719-thread-1] INFO  server.RaftServerConfigKeys (ConfUtils.java:logGet(43)) - raft.server.notification.no-leader.timeout = 120s (custom)
2019-09-04 17:22:01,073 [pool-719-thread-1] INFO  server.RaftServerConfigKeys (ConfUtils.java:logGet(43)) - raft.server.log.use.memory = false (default)
2019-09-04 17:22:01,073 [pool-719-thread-1] INFO  server.RaftServerConfigKeys (ConfUtils.java:logGet(43)) - raft.server.log.purge.gap = 1000000 (custom)
2019-09-04 17:22:01,073 [pool-719-thread-1] INFO  server.RaftServerConfigKeys (ConfUtils.java:logGet(43)) - raft.server.log.appender.buffer.byte-limit = 33554432 (custom)
2019-09-04 17:22:01,073 [pool-719-thread-1] INFO  server.RaftServerConfigKeys (ConfUtils.java:logGet(43)) - raft.server.log.segment.size.max = 1048576 (custom)
2019-09-04 17:22:01,073 [pool-719-thread-1] INFO  server.RaftServerConfigKeys (ConfUtils.java:logGet(43)) - raft.server.log.segment.cache.num.max = 2 (custom)
2019-09-04 17:22:01,073 [pool-719-thread-1] INFO  segmented.SegmentedRaftLogWorker (SegmentedRaftLogWorker.java:<init>(172)) - new 68b00d87-9377-45fc-b239-8a920c60ab91@group-04C0130FA828-SegmentedRaftLogWorker for RaftStorage:Storage Directory /workdir/hadoop-ozone/integration-test/target/test-dir/MiniOzoneClusterImpl-a66fa8d6-020b-4b94-8246-f6312d57d8d8/datanode-4/data/ratis/e83df830-d514-4a44-af6b-04c0130fa828
2019-09-04 17:22:01,075 [pool-719-thread-1] INFO  server.RaftServerConfigKeys (ConfUtils.java:logGet(43)) - raft.server.log.queue.byte-limit = 2147483647 (custom)
2019-09-04 17:22:01,075 [pool-719-thread-1] INFO  server.RaftServerConfigKeys (ConfUtils.java:logGet(43)) - raft.server.log.queue.element-limit = 1024 (custom)
2019-09-04 17:22:01,075 [pool-719-thread-1] INFO  server.RaftServerConfigKeys (ConfUtils.java:logGet(43)) - raft.server.log.segment.size.max = 1048576 (custom)
2019-09-04 17:22:01,075 [pool-719-thread-1] INFO  server.RaftServerConfigKeys (ConfUtils.java:logGet(43)) - raft.server.log.preallocated.size = 16384 (custom)
2019-09-04 17:22:01,075 [pool-719-thread-1] INFO  server.RaftServerConfigKeys (ConfUtils.java:logGet(43)) - raft.server.log.write.buffer.size = 33554432 (custom)
2019-09-04 17:22:01,075 [pool-719-thread-1] INFO  server.RaftServerConfigKeys (ConfUtils.java:logGet(43)) - raft.server.log.force.sync.num = 128 (default)
2019-09-04 17:22:01,076 [pool-719-thread-1] INFO  server.RaftServerConfigKeys (ConfUtils.java:logGet(43)) - raft.server.log.statemachine.data.sync = true (default)
2019-09-04 17:22:01,076 [pool-719-thread-1] INFO  server.RaftServerConfigKeys (ConfUtils.java:logGet(43)) - raft.server.log.statemachine.data.sync.timeout = 10s (default)
2019-09-04 17:22:01,076 [pool-719-thread-1] INFO  server.RaftServerConfigKeys (ConfUtils.java:logGet(43)) - raft.server.log.statemachine.data.sync.timeout.retry = -1 (default)
2019-09-04 17:22:01,076 [pool-719-thread-1] INFO  server.RaftServerConfigKeys (ConfUtils.java:logGet(43)) - raft.server.log.statemachine.data.caching.enabled = true (custom)
2019-09-04 17:22:01,076 [pool-719-thread-1] INFO  segmented.SegmentedRaftLogWorker (SegmentedRaftLogWorker.java:lambda$new$0(132)) - 68b00d87-9377-45fc-b239-8a920c60ab91@group-04C0130FA828-SegmentedRaftLogWorker: flushIndex: setUnconditionally 0 -> -1
2019-09-04 17:22:01,077 [pool-719-thread-1] INFO  server.RaftServerConfigKeys (ConfUtils.java:logGet(43)) - raft.server.snapshot.auto.trigger.enabled = true (custom)
2019-09-04 17:22:01,077 [pool-719-thread-1] INFO  server.RaftServerConfigKeys (ConfUtils.java:logGet(43)) - raft.server.snapshot.auto.trigger.threshold = 10000 (custom)
2019-09-04 17:22:01,077 [pool-719-thread-1] INFO  server.RaftServerConfigKeys (ConfUtils.java:logGet(43)) - raft.server.snapshot.retention.num.files = -1 (default)
2019-09-04 17:22:01,077 [pool-719-thread-1] INFO  server.RaftServerConfigKeys (ConfUtils.java:logGet(43)) - raft.server.retrycache.expirytime = 600000ms (custom)
2019-09-04 17:22:01,078 [pool-719-thread-1] INFO  impl.RaftServerImpl (RaftServerImpl.java:start(185)) - 68b00d87-9377-45fc-b239-8a920c60ab91@group-04C0130FA828: start as a follower, conf=-1: [68b00d87-9377-45fc-b239-8a920c60ab91:192.168.34.57:36946], old=null
2019-09-04 17:22:01,078 [pool-719-thread-1] INFO  impl.RaftServerImpl (RaftServerImpl.java:setRole(174)) - 68b00d87-9377-45fc-b239-8a920c60ab91@group-04C0130FA828: changes role from      null to FOLLOWER at term 0 for startAsFollower
2019-09-04 17:22:01,079 [pool-719-thread-1] INFO  impl.RoleInfo (RoleInfo.java:updateAndGet(143)) - 68b00d87-9377-45fc-b239-8a920c60ab91: start FollowerState
2019-09-04 17:22:01,079 [pool-719-thread-1] INFO  util.JmxRegister (JmxRegister.java:tryRegister(44)) - Successfully registered JMX Bean with object name Ratis:service=RaftServer,group=group-04C0130FA828,id=68b00d87-9377-45fc-b239-8a920c60ab91
2019-09-04 17:22:01,081 [RatisPipelineUtilsThread] INFO  pipeline.PipelineStateManager (PipelineStateManager.java:addPipeline(56)) - Created pipeline Pipeline[ Id: e83df830-d514-4a44-af6b-04c0130fa828, Nodes: 68b00d87-9377-45fc-b239-8a920c60ab91{ip: 192.168.34.57, host: pr-hdds-1561-mdkws-1819952476, networkLocation: /default-rack, certSerialId: null}, Type:RATIS, Factor:ONE, State:OPEN]
2019-09-04 17:22:01,089 [grpc-default-executor-19] INFO  impl.RaftServerProxy (RaftServerProxy.java:addNew(89)) - f6d82e5c-6716-4219-a3ef-c5ab4e3fce32: addNew group-7CD2F8B603F6:[f6d82e5c-6716-4219-a3ef-c5ab4e3fce32:192.168.34.57:39456] returns group-7CD2F8B603F6:java.util.concurrent.CompletableFuture@37240f3c[Not completed]
2019-09-04 17:22:01,090 [pool-729-thread-1] INFO  impl.RaftServerImpl (RaftServerImpl.java:<init>(95)) - f6d82e5c-6716-4219-a3ef-c5ab4e3fce32: new RaftServerImpl for group-7CD2F8B603F6:[f6d82e5c-6716-4219-a3ef-c5ab4e3fce32:192.168.34.57:39456] with ContainerStateMachine:uninitialized
2019-09-04 17:22:01,090 [pool-729-thread-1] INFO  server.RaftServerConfigKeys (ConfUtils.java:logGet(43)) - raft.server.rpc.timeout.min = 5s (custom)
2019-09-04 17:22:01,090 [pool-729-thread-1] INFO  server.RaftServerConfigKeys (ConfUtils.java:logGet(43)) - raft.server.rpc.timeout.max = 5200ms (custom)
2019-09-04 17:22:01,091 [pool-729-thread-1] INFO  server.RaftServerConfigKeys (ConfUtils.java:logGet(43)) - raft.server.rpcslowness.timeout = 120s (custom)
2019-09-04 17:22:01,091 [pool-729-thread-1] INFO  server.RaftServerConfigKeys (ConfUtils.java:logGet(43)) - raft.server.sleep.deviation.threshold = 300 (default)
2019-09-04 17:22:01,091 [pool-729-thread-1] INFO  server.RaftServerConfigKeys (ConfUtils.java:logGet(43)) - raft.server.log.appender.install.snapshot.enabled = false (custom)
2019-09-04 17:22:01,091 [pool-729-thread-1] INFO  impl.RaftServerImpl (ServerState.java:<init>(103)) - f6d82e5c-6716-4219-a3ef-c5ab4e3fce32@group-7CD2F8B603F6: ConfigurationManager, init=-1: [f6d82e5c-6716-4219-a3ef-c5ab4e3fce32:192.168.34.57:39456], old=null, confs=<EMPTY_MAP>
2019-09-04 17:22:01,091 [pool-729-thread-1] INFO  server.RaftServerConfigKeys (ConfUtils.java:logGet(43)) - raft.server.storage.dir = [/workdir/hadoop-ozone/integration-test/target/test-dir/MiniOzoneClusterImpl-a66fa8d6-020b-4b94-8246-f6312d57d8d8/datanode-5/data/ratis] (custom)
2019-09-04 17:22:01,092 [pool-729-thread-1] INFO  storage.RaftStorageDirectory (RaftStorageDirectory.java:analyzeStorage(246)) - The storage directory /workdir/hadoop-ozone/integration-test/target/test-dir/MiniOzoneClusterImpl-a66fa8d6-020b-4b94-8246-f6312d57d8d8/datanode-5/data/ratis/83c42895-1c58-4b39-b503-7cd2f8b603f6 does not exist. Creating ...
2019-09-04 17:22:01,106 [pool-729-thread-1] INFO  storage.RaftStorageDirectory (RaftStorageDirectory.java:tryLock(328)) - Lock on /workdir/hadoop-ozone/integration-test/target/test-dir/MiniOzoneClusterImpl-a66fa8d6-020b-4b94-8246-f6312d57d8d8/datanode-5/data/ratis/83c42895-1c58-4b39-b503-7cd2f8b603f6/in_use.lock acquired by nodename 3098@pr-hdds-1561-mdkws-1819952476
2019-09-04 17:22:01,115 [main] INFO  ozone.MiniOzoneClusterImpl (MiniOzoneClusterImpl.java:lambda$waitForClusterToBeReady$0(140)) - Waiting for cluster to be ready. Got 6 of 7 DN Heartbeats.
2019-09-04 17:22:01,117 [IPC Server handler 4 on 40900] INFO  net.NetworkTopology (NetworkTopologyImpl.java:add(110)) - Added a new node: /default-rack/a6d9e0fc-b1b1-4623-8931-a26647a555cd
2019-09-04 17:22:01,117 [IPC Server handler 4 on 40900] INFO  node.SCMNodeManager (SCMNodeManager.java:register(266)) - Registered Data node : a6d9e0fc-b1b1-4623-8931-a26647a555cd{ip: 192.168.34.57, host: pr-hdds-1561-mdkws-1819952476, networkLocation: /default-rack, certSerialId: null}
2019-09-04 17:22:01,118 [pool-729-thread-1] INFO  storage.RaftStorage (RaftStorage.java:format(72)) - Storage directory /workdir/hadoop-ozone/integration-test/target/test-dir/MiniOzoneClusterImpl-a66fa8d6-020b-4b94-8246-f6312d57d8d8/datanode-5/data/ratis/83c42895-1c58-4b39-b503-7cd2f8b603f6 has been successfully formatted.
2019-09-04 17:22:01,119 [pool-729-thread-1] INFO  ratis.ContainerStateMachine (ContainerStateMachine.java:loadSnapshot(232)) - group-7CD2F8B603F6: The snapshot info is null. Setting the last applied indexto:(t:0, i:~)
2019-09-04 17:22:01,119 [pool-729-thread-1] INFO  server.RaftServerConfigKeys (ConfUtils.java:logGet(43)) - raft.server.notification.no-leader.timeout = 120s (custom)
2019-09-04 17:22:01,119 [pool-729-thread-1] INFO  server.RaftServerConfigKeys (ConfUtils.java:logGet(43)) - raft.server.log.use.memory = false (default)
2019-09-04 17:22:01,119 [pool-729-thread-1] INFO  server.RaftServerConfigKeys (ConfUtils.java:logGet(43)) - raft.server.log.purge.gap = 1000000 (custom)
2019-09-04 17:22:01,119 [pool-729-thread-1] INFO  server.RaftServerConfigKeys (ConfUtils.java:logGet(43)) - raft.server.log.appender.buffer.byte-limit = 33554432 (custom)
2019-09-04 17:22:01,120 [pool-729-thread-1] INFO  server.RaftServerConfigKeys (ConfUtils.java:logGet(43)) - raft.server.log.segment.size.max = 1048576 (custom)
2019-09-04 17:22:01,120 [pool-729-thread-1] INFO  server.RaftServerConfigKeys (ConfUtils.java:logGet(43)) - raft.server.log.segment.cache.num.max = 2 (custom)
2019-09-04 17:22:01,120 [pool-729-thread-1] INFO  segmented.SegmentedRaftLogWorker (SegmentedRaftLogWorker.java:<init>(172)) - new f6d82e5c-6716-4219-a3ef-c5ab4e3fce32@group-7CD2F8B603F6-SegmentedRaftLogWorker for RaftStorage:Storage Directory /workdir/hadoop-ozone/integration-test/target/test-dir/MiniOzoneClusterImpl-a66fa8d6-020b-4b94-8246-f6312d57d8d8/datanode-5/data/ratis/83c42895-1c58-4b39-b503-7cd2f8b603f6
2019-09-04 17:22:01,122 [pool-729-thread-1] INFO  server.RaftServerConfigKeys (ConfUtils.java:logGet(43)) - raft.server.log.queue.byte-limit = 2147483647 (custom)
2019-09-04 17:22:01,122 [pool-729-thread-1] INFO  server.RaftServerConfigKeys (ConfUtils.java:logGet(43)) - raft.server.log.queue.element-limit = 1024 (custom)
2019-09-04 17:22:01,122 [pool-729-thread-1] INFO  server.RaftServerConfigKeys (ConfUtils.java:logGet(43)) - raft.server.log.segment.size.max = 1048576 (custom)
2019-09-04 17:22:01,122 [pool-729-thread-1] INFO  server.RaftServerConfigKeys (ConfUtils.java:logGet(43)) - raft.server.log.preallocated.size = 16384 (custom)
2019-09-04 17:22:01,123 [pool-729-thread-1] INFO  server.RaftServerConfigKeys (ConfUtils.java:logGet(43)) - raft.server.log.write.buffer.size = 33554432 (custom)
2019-09-04 17:22:01,123 [pool-729-thread-1] INFO  server.RaftServerConfigKeys (ConfUtils.java:logGet(43)) - raft.server.log.force.sync.num = 128 (default)
2019-09-04 17:22:01,123 [pool-729-thread-1] INFO  server.RaftServerConfigKeys (ConfUtils.java:logGet(43)) - raft.server.log.statemachine.data.sync = true (default)
2019-09-04 17:22:01,123 [pool-729-thread-1] INFO  server.RaftServerConfigKeys (ConfUtils.java:logGet(43)) - raft.server.log.statemachine.data.sync.timeout = 10s (default)
2019-09-04 17:22:01,123 [pool-729-thread-1] INFO  server.RaftServerConfigKeys (ConfUtils.java:logGet(43)) - raft.server.log.statemachine.data.sync.timeout.retry = -1 (default)
2019-09-04 17:22:01,123 [pool-729-thread-1] INFO  server.RaftServerConfigKeys (ConfUtils.java:logGet(43)) - raft.server.log.statemachine.data.caching.enabled = true (custom)
2019-09-04 17:22:01,124 [pool-729-thread-1] INFO  segmented.SegmentedRaftLogWorker (SegmentedRaftLogWorker.java:lambda$new$0(132)) - f6d82e5c-6716-4219-a3ef-c5ab4e3fce32@group-7CD2F8B603F6-SegmentedRaftLogWorker: flushIndex: setUnconditionally 0 -> -1
2019-09-04 17:22:01,124 [pool-729-thread-1] INFO  server.RaftServerConfigKeys (ConfUtils.java:logGet(43)) - raft.server.snapshot.auto.trigger.enabled = true (custom)
2019-09-04 17:22:01,124 [pool-729-thread-1] INFO  server.RaftServerConfigKeys (ConfUtils.java:logGet(43)) - raft.server.snapshot.auto.trigger.threshold = 10000 (custom)
2019-09-04 17:22:01,125 [pool-729-thread-1] INFO  server.RaftServerConfigKeys (ConfUtils.java:logGet(43)) - raft.server.snapshot.retention.num.files = -1 (default)
2019-09-04 17:22:01,125 [pool-729-thread-1] INFO  server.RaftServerConfigKeys (ConfUtils.java:logGet(43)) - raft.server.retrycache.expirytime = 600000ms (custom)
2019-09-04 17:22:01,127 [pool-729-thread-1] INFO  impl.RaftServerImpl (RaftServerImpl.java:start(185)) - f6d82e5c-6716-4219-a3ef-c5ab4e3fce32@group-7CD2F8B603F6: start as a follower, conf=-1: [f6d82e5c-6716-4219-a3ef-c5ab4e3fce32:192.168.34.57:39456], old=null
2019-09-04 17:22:01,127 [pool-729-thread-1] INFO  impl.RaftServerImpl (RaftServerImpl.java:setRole(174)) - f6d82e5c-6716-4219-a3ef-c5ab4e3fce32@group-7CD2F8B603F6: changes role from      null to FOLLOWER at term 0 for startAsFollower
2019-09-04 17:22:01,127 [pool-729-thread-1] INFO  impl.RoleInfo (RoleInfo.java:updateAndGet(143)) - f6d82e5c-6716-4219-a3ef-c5ab4e3fce32: start FollowerState
2019-09-04 17:22:01,127 [pool-729-thread-1] INFO  util.JmxRegister (JmxRegister.java:tryRegister(44)) - Successfully registered JMX Bean with object name Ratis:service=RaftServer,group=group-7CD2F8B603F6,id=f6d82e5c-6716-4219-a3ef-c5ab4e3fce32
2019-09-04 17:22:01,129 [RatisPipelineUtilsThread] INFO  pipeline.PipelineStateManager (PipelineStateManager.java:addPipeline(56)) - Created pipeline Pipeline[ Id: 83c42895-1c58-4b39-b503-7cd2f8b603f6, Nodes: f6d82e5c-6716-4219-a3ef-c5ab4e3fce32{ip: 192.168.34.57, host: pr-hdds-1561-mdkws-1819952476, networkLocation: /default-rack, certSerialId: null}, Type:RATIS, Factor:ONE, State:OPEN]
2019-09-04 17:22:01,134 [grpc-default-executor-19] INFO  impl.RaftServerProxy (RaftServerProxy.java:addNew(89)) - a6d9e0fc-b1b1-4623-8931-a26647a555cd: addNew group-B8C516D6AA36:[a6d9e0fc-b1b1-4623-8931-a26647a555cd:192.168.34.57:43112] returns group-B8C516D6AA36:java.util.concurrent.CompletableFuture@3eb29805[Not completed]
2019-09-04 17:22:01,135 [pool-739-thread-1] INFO  impl.RaftServerImpl (RaftServerImpl.java:<init>(95)) - a6d9e0fc-b1b1-4623-8931-a26647a555cd: new RaftServerImpl for group-B8C516D6AA36:[a6d9e0fc-b1b1-4623-8931-a26647a555cd:192.168.34.57:43112] with ContainerStateMachine:uninitialized
2019-09-04 17:22:01,135 [pool-739-thread-1] INFO  server.RaftServerConfigKeys (ConfUtils.java:logGet(43)) - raft.server.rpc.timeout.min = 5s (custom)
2019-09-04 17:22:01,135 [pool-739-thread-1] INFO  server.RaftServerConfigKeys (ConfUtils.java:logGet(43)) - raft.server.rpc.timeout.max = 5200ms (custom)
2019-09-04 17:22:01,135 [pool-739-thread-1] INFO  server.RaftServerConfigKeys (ConfUtils.java:logGet(43)) - raft.server.rpcslowness.timeout = 120s (custom)
2019-09-04 17:22:01,135 [pool-739-thread-1] INFO  server.RaftServerConfigKeys (ConfUtils.java:logGet(43)) - raft.server.sleep.deviation.threshold = 300 (default)
2019-09-04 17:22:01,135 [pool-739-thread-1] INFO  server.RaftServerConfigKeys (ConfUtils.java:logGet(43)) - raft.server.log.appender.install.snapshot.enabled = false (custom)
2019-09-04 17:22:01,135 [pool-739-thread-1] INFO  impl.RaftServerImpl (ServerState.java:<init>(103)) - a6d9e0fc-b1b1-4623-8931-a26647a555cd@group-B8C516D6AA36: ConfigurationManager, init=-1: [a6d9e0fc-b1b1-4623-8931-a26647a555cd:192.168.34.57:43112], old=null, confs=<EMPTY_MAP>
2019-09-04 17:22:01,136 [pool-739-thread-1] INFO  server.RaftServerConfigKeys (ConfUtils.java:logGet(43)) - raft.server.storage.dir = [/workdir/hadoop-ozone/integration-test/target/test-dir/MiniOzoneClusterImpl-a66fa8d6-020b-4b94-8246-f6312d57d8d8/datanode-6/data/ratis] (custom)
2019-09-04 17:22:01,136 [pool-739-thread-1] INFO  storage.RaftStorageDirectory (RaftStorageDirectory.java:analyzeStorage(246)) - The storage directory /workdir/hadoop-ozone/integration-test/target/test-dir/MiniOzoneClusterImpl-a66fa8d6-020b-4b94-8246-f6312d57d8d8/datanode-6/data/ratis/da257f21-0c4d-4198-a22a-b8c516d6aa36 does not exist. Creating ...
2019-09-04 17:22:01,148 [pool-739-thread-1] INFO  storage.RaftStorageDirectory (RaftStorageDirectory.java:tryLock(328)) - Lock on /workdir/hadoop-ozone/integration-test/target/test-dir/MiniOzoneClusterImpl-a66fa8d6-020b-4b94-8246-f6312d57d8d8/datanode-6/data/ratis/da257f21-0c4d-4198-a22a-b8c516d6aa36/in_use.lock acquired by nodename 3098@pr-hdds-1561-mdkws-1819952476
2019-09-04 17:22:01,161 [pool-739-thread-1] INFO  storage.RaftStorage (RaftStorage.java:format(72)) - Storage directory /workdir/hadoop-ozone/integration-test/target/test-dir/MiniOzoneClusterImpl-a66fa8d6-020b-4b94-8246-f6312d57d8d8/datanode-6/data/ratis/da257f21-0c4d-4198-a22a-b8c516d6aa36 has been successfully formatted.
2019-09-04 17:22:01,161 [pool-739-thread-1] INFO  ratis.ContainerStateMachine (ContainerStateMachine.java:loadSnapshot(232)) - group-B8C516D6AA36: The snapshot info is null. Setting the last applied indexto:(t:0, i:~)
2019-09-04 17:22:01,162 [pool-739-thread-1] INFO  server.RaftServerConfigKeys (ConfUtils.java:logGet(43)) - raft.server.notification.no-leader.timeout = 120s (custom)
2019-09-04 17:22:01,162 [pool-739-thread-1] INFO  server.RaftServerConfigKeys (ConfUtils.java:logGet(43)) - raft.server.log.use.memory = false (default)
2019-09-04 17:22:01,162 [pool-739-thread-1] INFO  server.RaftServerConfigKeys (ConfUtils.java:logGet(43)) - raft.server.log.purge.gap = 1000000 (custom)
2019-09-04 17:22:01,162 [pool-739-thread-1] INFO  server.RaftServerConfigKeys (ConfUtils.java:logGet(43)) - raft.server.log.appender.buffer.byte-limit = 33554432 (custom)
2019-09-04 17:22:01,162 [pool-739-thread-1] INFO  server.RaftServerConfigKeys (ConfUtils.java:logGet(43)) - raft.server.log.segment.size.max = 1048576 (custom)
2019-09-04 17:22:01,162 [pool-739-thread-1] INFO  server.RaftServerConfigKeys (ConfUtils.java:logGet(43)) - raft.server.log.segment.cache.num.max = 2 (custom)
2019-09-04 17:22:01,163 [pool-739-thread-1] INFO  segmented.SegmentedRaftLogWorker (SegmentedRaftLogWorker.java:<init>(172)) - new a6d9e0fc-b1b1-4623-8931-a26647a555cd@group-B8C516D6AA36-SegmentedRaftLogWorker for RaftStorage:Storage Directory /workdir/hadoop-ozone/integration-test/target/test-dir/MiniOzoneClusterImpl-a66fa8d6-020b-4b94-8246-f6312d57d8d8/datanode-6/data/ratis/da257f21-0c4d-4198-a22a-b8c516d6aa36
2019-09-04 17:22:01,164 [pool-739-thread-1] INFO  server.RaftServerConfigKeys (ConfUtils.java:logGet(43)) - raft.server.log.queue.byte-limit = 2147483647 (custom)
2019-09-04 17:22:01,164 [pool-739-thread-1] INFO  server.RaftServerConfigKeys (ConfUtils.java:logGet(43)) - raft.server.log.queue.element-limit = 1024 (custom)
2019-09-04 17:22:01,165 [pool-739-thread-1] INFO  server.RaftServerConfigKeys (ConfUtils.java:logGet(43)) - raft.server.log.segment.size.max = 1048576 (custom)
2019-09-04 17:22:01,165 [pool-739-thread-1] INFO  server.RaftServerConfigKeys (ConfUtils.java:logGet(43)) - raft.server.log.preallocated.size = 16384 (custom)
2019-09-04 17:22:01,165 [pool-739-thread-1] INFO  server.RaftServerConfigKeys (ConfUtils.java:logGet(43)) - raft.server.log.write.buffer.size = 33554432 (custom)
2019-09-04 17:22:01,165 [pool-739-thread-1] INFO  server.RaftServerConfigKeys (ConfUtils.java:logGet(43)) - raft.server.log.force.sync.num = 128 (default)
2019-09-04 17:22:01,165 [pool-739-thread-1] INFO  server.RaftServerConfigKeys (ConfUtils.java:logGet(43)) - raft.server.log.statemachine.data.sync = true (default)
2019-09-04 17:22:01,165 [pool-739-thread-1] INFO  server.RaftServerConfigKeys (ConfUtils.java:logGet(43)) - raft.server.log.statemachine.data.sync.timeout = 10s (default)
2019-09-04 17:22:01,165 [pool-739-thread-1] INFO  server.RaftServerConfigKeys (ConfUtils.java:logGet(43)) - raft.server.log.statemachine.data.sync.timeout.retry = -1 (default)
2019-09-04 17:22:01,166 [pool-739-thread-1] INFO  server.RaftServerConfigKeys (ConfUtils.java:logGet(43)) - raft.server.log.statemachine.data.caching.enabled = true (custom)
2019-09-04 17:22:01,166 [pool-739-thread-1] INFO  segmented.SegmentedRaftLogWorker (SegmentedRaftLogWorker.java:lambda$new$0(132)) - a6d9e0fc-b1b1-4623-8931-a26647a555cd@group-B8C516D6AA36-SegmentedRaftLogWorker: flushIndex: setUnconditionally 0 -> -1
2019-09-04 17:22:01,166 [pool-739-thread-1] INFO  server.RaftServerConfigKeys (ConfUtils.java:logGet(43)) - raft.server.snapshot.auto.trigger.enabled = true (custom)
2019-09-04 17:22:01,166 [pool-739-thread-1] INFO  server.RaftServerConfigKeys (ConfUtils.java:logGet(43)) - raft.server.snapshot.auto.trigger.threshold = 10000 (custom)
2019-09-04 17:22:01,167 [pool-739-thread-1] INFO  server.RaftServerConfigKeys (ConfUtils.java:logGet(43)) - raft.server.snapshot.retention.num.files = -1 (default)
2019-09-04 17:22:01,167 [pool-739-thread-1] INFO  server.RaftServerConfigKeys (ConfUtils.java:logGet(43)) - raft.server.retrycache.expirytime = 600000ms (custom)
2019-09-04 17:22:01,169 [pool-739-thread-1] INFO  impl.RaftServerImpl (RaftServerImpl.java:start(185)) - a6d9e0fc-b1b1-4623-8931-a26647a555cd@group-B8C516D6AA36: start as a follower, conf=-1: [a6d9e0fc-b1b1-4623-8931-a26647a555cd:192.168.34.57:43112], old=null
2019-09-04 17:22:01,169 [pool-739-thread-1] INFO  impl.RaftServerImpl (RaftServerImpl.java:setRole(174)) - a6d9e0fc-b1b1-4623-8931-a26647a555cd@group-B8C516D6AA36: changes role from      null to FOLLOWER at term 0 for startAsFollower
2019-09-04 17:22:01,169 [pool-739-thread-1] INFO  impl.RoleInfo (RoleInfo.java:updateAndGet(143)) - a6d9e0fc-b1b1-4623-8931-a26647a555cd: start FollowerState
2019-09-04 17:22:01,169 [pool-739-thread-1] INFO  util.JmxRegister (JmxRegister.java:tryRegister(44)) - Successfully registered JMX Bean with object name Ratis:service=RaftServer,group=group-B8C516D6AA36,id=a6d9e0fc-b1b1-4623-8931-a26647a555cd
2019-09-04 17:22:01,171 [RatisPipelineUtilsThread] INFO  pipeline.PipelineStateManager (PipelineStateManager.java:addPipeline(56)) - Created pipeline Pipeline[ Id: da257f21-0c4d-4198-a22a-b8c516d6aa36, Nodes: a6d9e0fc-b1b1-4623-8931-a26647a555cd{ip: 192.168.34.57, host: pr-hdds-1561-mdkws-1819952476, networkLocation: /default-rack, certSerialId: null}, Type:RATIS, Factor:ONE, State:OPEN]
2019-09-04 17:22:01,200 [grpc-default-executor-13] INFO  impl.RaftServerProxy (RaftServerProxy.java:addNew(89)) - 68b00d87-9377-45fc-b239-8a920c60ab91: addNew group-EABC9F1D04E5:[8a70ad64-e1a6-42ae-868f-404e248e38b5:192.168.34.57:36900, 68b00d87-9377-45fc-b239-8a920c60ab91:192.168.34.57:36946, f6d82e5c-6716-4219-a3ef-c5ab4e3fce32:192.168.34.57:39456] returns group-EABC9F1D04E5:java.util.concurrent.CompletableFuture@5149f67a[Not completed]
2019-09-04 17:22:01,200 [grpc-default-executor-17] INFO  impl.RaftServerProxy (RaftServerProxy.java:addNew(89)) - f6d82e5c-6716-4219-a3ef-c5ab4e3fce32: addNew group-EABC9F1D04E5:[8a70ad64-e1a6-42ae-868f-404e248e38b5:192.168.34.57:36900, 68b00d87-9377-45fc-b239-8a920c60ab91:192.168.34.57:36946, f6d82e5c-6716-4219-a3ef-c5ab4e3fce32:192.168.34.57:39456] returns group-EABC9F1D04E5:java.util.concurrent.CompletableFuture@3320dfeb[Not completed]
2019-09-04 17:22:01,200 [grpc-default-executor-19] INFO  impl.RaftServerProxy (RaftServerProxy.java:addNew(89)) - 8a70ad64-e1a6-42ae-868f-404e248e38b5: addNew group-EABC9F1D04E5:[8a70ad64-e1a6-42ae-868f-404e248e38b5:192.168.34.57:36900, 68b00d87-9377-45fc-b239-8a920c60ab91:192.168.34.57:36946, f6d82e5c-6716-4219-a3ef-c5ab4e3fce32:192.168.34.57:39456] returns group-EABC9F1D04E5:java.util.concurrent.CompletableFuture@1cd4fbe2[Not completed]
2019-09-04 17:22:01,202 [pool-709-thread-1] INFO  impl.RaftServerImpl (RaftServerImpl.java:<init>(95)) - 8a70ad64-e1a6-42ae-868f-404e248e38b5: new RaftServerImpl for group-EABC9F1D04E5:[8a70ad64-e1a6-42ae-868f-404e248e38b5:192.168.34.57:36900, 68b00d87-9377-45fc-b239-8a920c60ab91:192.168.34.57:36946, f6d82e5c-6716-4219-a3ef-c5ab4e3fce32:192.168.34.57:39456] with ContainerStateMachine:uninitialized
2019-09-04 17:22:01,202 [pool-709-thread-1] INFO  server.RaftServerConfigKeys (ConfUtils.java:logGet(43)) - raft.server.rpc.timeout.min = 5s (custom)
2019-09-04 17:22:01,202 [pool-709-thread-1] INFO  server.RaftServerConfigKeys (ConfUtils.java:logGet(43)) - raft.server.rpc.timeout.max = 5200ms (custom)
2019-09-04 17:22:01,202 [pool-709-thread-1] INFO  server.RaftServerConfigKeys (ConfUtils.java:logGet(43)) - raft.server.rpcslowness.timeout = 120s (custom)
2019-09-04 17:22:01,202 [pool-709-thread-1] INFO  server.RaftServerConfigKeys (ConfUtils.java:logGet(43)) - raft.server.sleep.deviation.threshold = 300 (default)
2019-09-04 17:22:01,202 [pool-729-thread-1] INFO  impl.RaftServerImpl (RaftServerImpl.java:<init>(95)) - f6d82e5c-6716-4219-a3ef-c5ab4e3fce32: new RaftServerImpl for group-EABC9F1D04E5:[8a70ad64-e1a6-42ae-868f-404e248e38b5:192.168.34.57:36900, 68b00d87-9377-45fc-b239-8a920c60ab91:192.168.34.57:36946, f6d82e5c-6716-4219-a3ef-c5ab4e3fce32:192.168.34.57:39456] with ContainerStateMachine:uninitialized
2019-09-04 17:22:01,203 [pool-709-thread-1] INFO  server.RaftServerConfigKeys (ConfUtils.java:logGet(43)) - raft.server.log.appender.install.snapshot.enabled = false (custom)
2019-09-04 17:22:01,203 [pool-729-thread-1] INFO  server.RaftServerConfigKeys (ConfUtils.java:logGet(43)) - raft.server.rpc.timeout.min = 5s (custom)
2019-09-04 17:22:01,203 [pool-719-thread-1] INFO  impl.RaftServerImpl (RaftServerImpl.java:<init>(95)) - 68b00d87-9377-45fc-b239-8a920c60ab91: new RaftServerImpl for group-EABC9F1D04E5:[8a70ad64-e1a6-42ae-868f-404e248e38b5:192.168.34.57:36900, 68b00d87-9377-45fc-b239-8a920c60ab91:192.168.34.57:36946, f6d82e5c-6716-4219-a3ef-c5ab4e3fce32:192.168.34.57:39456] with ContainerStateMachine:uninitialized
2019-09-04 17:22:01,203 [pool-709-thread-1] INFO  impl.RaftServerImpl (ServerState.java:<init>(103)) - 8a70ad64-e1a6-42ae-868f-404e248e38b5@group-EABC9F1D04E5: ConfigurationManager, init=-1: [8a70ad64-e1a6-42ae-868f-404e248e38b5:192.168.34.57:36900, 68b00d87-9377-45fc-b239-8a920c60ab91:192.168.34.57:36946, f6d82e5c-6716-4219-a3ef-c5ab4e3fce32:192.168.34.57:39456], old=null, confs=<EMPTY_MAP>
2019-09-04 17:22:01,203 [pool-719-thread-1] INFO  server.RaftServerConfigKeys (ConfUtils.java:logGet(43)) - raft.server.rpc.timeout.min = 5s (custom)
2019-09-04 17:22:01,203 [pool-729-thread-1] INFO  server.RaftServerConfigKeys (ConfUtils.java:logGet(43)) - raft.server.rpc.timeout.max = 5200ms (custom)
2019-09-04 17:22:01,203 [pool-719-thread-1] INFO  server.RaftServerConfigKeys (ConfUtils.java:logGet(43)) - raft.server.rpc.timeout.max = 5200ms (custom)
2019-09-04 17:22:01,204 [pool-719-thread-1] INFO  server.RaftServerConfigKeys (ConfUtils.java:logGet(43)) - raft.server.rpcslowness.timeout = 120s (custom)
2019-09-04 17:22:01,203 [pool-709-thread-1] INFO  server.RaftServerConfigKeys (ConfUtils.java:logGet(43)) - raft.server.storage.dir = [/workdir/hadoop-ozone/integration-test/target/test-dir/MiniOzoneClusterImpl-a66fa8d6-020b-4b94-8246-f6312d57d8d8/datanode-3/data/ratis] (custom)
2019-09-04 17:22:01,204 [pool-719-thread-1] INFO  server.RaftServerConfigKeys (ConfUtils.java:logGet(43)) - raft.server.sleep.deviation.threshold = 300 (default)
2019-09-04 17:22:01,204 [pool-719-thread-1] INFO  server.RaftServerConfigKeys (ConfUtils.java:logGet(43)) - raft.server.log.appender.install.snapshot.enabled = false (custom)
2019-09-04 17:22:01,203 [pool-729-thread-1] INFO  server.RaftServerConfigKeys (ConfUtils.java:logGet(43)) - raft.server.rpcslowness.timeout = 120s (custom)
2019-09-04 17:22:01,204 [pool-709-thread-1] INFO  storage.RaftStorageDirectory (RaftStorageDirectory.java:analyzeStorage(246)) - The storage directory /workdir/hadoop-ozone/integration-test/target/test-dir/MiniOzoneClusterImpl-a66fa8d6-020b-4b94-8246-f6312d57d8d8/datanode-3/data/ratis/5ceb3533-0711-4d23-a6b9-eabc9f1d04e5 does not exist. Creating ...
2019-09-04 17:22:01,204 [pool-719-thread-1] INFO  impl.RaftServerImpl (ServerState.java:<init>(103)) - 68b00d87-9377-45fc-b239-8a920c60ab91@group-EABC9F1D04E5: ConfigurationManager, init=-1: [8a70ad64-e1a6-42ae-868f-404e248e38b5:192.168.34.57:36900, 68b00d87-9377-45fc-b239-8a920c60ab91:192.168.34.57:36946, f6d82e5c-6716-4219-a3ef-c5ab4e3fce32:192.168.34.57:39456], old=null, confs=<EMPTY_MAP>
2019-09-04 17:22:01,204 [pool-729-thread-1] INFO  server.RaftServerConfigKeys (ConfUtils.java:logGet(43)) - raft.server.sleep.deviation.threshold = 300 (default)
2019-09-04 17:22:01,204 [pool-719-thread-1] INFO  server.RaftServerConfigKeys (ConfUtils.java:logGet(43)) - raft.server.storage.dir = [/workdir/hadoop-ozone/integration-test/target/test-dir/MiniOzoneClusterImpl-a66fa8d6-020b-4b94-8246-f6312d57d8d8/datanode-4/data/ratis] (custom)
2019-09-04 17:22:01,205 [pool-729-thread-1] INFO  server.RaftServerConfigKeys (ConfUtils.java:logGet(43)) - raft.server.log.appender.install.snapshot.enabled = false (custom)
2019-09-04 17:22:01,205 [pool-719-thread-1] INFO  storage.RaftStorageDirectory (RaftStorageDirectory.java:analyzeStorage(246)) - The storage directory /workdir/hadoop-ozone/integration-test/target/test-dir/MiniOzoneClusterImpl-a66fa8d6-020b-4b94-8246-f6312d57d8d8/datanode-4/data/ratis/5ceb3533-0711-4d23-a6b9-eabc9f1d04e5 does not exist. Creating ...
2019-09-04 17:22:01,205 [pool-729-thread-1] INFO  impl.RaftServerImpl (ServerState.java:<init>(103)) - f6d82e5c-6716-4219-a3ef-c5ab4e3fce32@group-EABC9F1D04E5: ConfigurationManager, init=-1: [8a70ad64-e1a6-42ae-868f-404e248e38b5:192.168.34.57:36900, 68b00d87-9377-45fc-b239-8a920c60ab91:192.168.34.57:36946, f6d82e5c-6716-4219-a3ef-c5ab4e3fce32:192.168.34.57:39456], old=null, confs=<EMPTY_MAP>
2019-09-04 17:22:01,205 [pool-729-thread-1] INFO  server.RaftServerConfigKeys (ConfUtils.java:logGet(43)) - raft.server.storage.dir = [/workdir/hadoop-ozone/integration-test/target/test-dir/MiniOzoneClusterImpl-a66fa8d6-020b-4b94-8246-f6312d57d8d8/datanode-5/data/ratis] (custom)
2019-09-04 17:22:01,205 [pool-729-thread-1] INFO  storage.RaftStorageDirectory (RaftStorageDirectory.java:analyzeStorage(246)) - The storage directory /workdir/hadoop-ozone/integration-test/target/test-dir/MiniOzoneClusterImpl-a66fa8d6-020b-4b94-8246-f6312d57d8d8/datanode-5/data/ratis/5ceb3533-0711-4d23-a6b9-eabc9f1d04e5 does not exist. Creating ...
2019-09-04 17:22:01,229 [pool-709-thread-1] INFO  storage.RaftStorageDirectory (RaftStorageDirectory.java:tryLock(328)) - Lock on /workdir/hadoop-ozone/integration-test/target/test-dir/MiniOzoneClusterImpl-a66fa8d6-020b-4b94-8246-f6312d57d8d8/datanode-3/data/ratis/5ceb3533-0711-4d23-a6b9-eabc9f1d04e5/in_use.lock acquired by nodename 3098@pr-hdds-1561-mdkws-1819952476
2019-09-04 17:22:01,229 [pool-729-thread-1] INFO  storage.RaftStorageDirectory (RaftStorageDirectory.java:tryLock(328)) - Lock on /workdir/hadoop-ozone/integration-test/target/test-dir/MiniOzoneClusterImpl-a66fa8d6-020b-4b94-8246-f6312d57d8d8/datanode-5/data/ratis/5ceb3533-0711-4d23-a6b9-eabc9f1d04e5/in_use.lock acquired by nodename 3098@pr-hdds-1561-mdkws-1819952476
2019-09-04 17:22:01,229 [pool-719-thread-1] INFO  storage.RaftStorageDirectory (RaftStorageDirectory.java:tryLock(328)) - Lock on /workdir/hadoop-ozone/integration-test/target/test-dir/MiniOzoneClusterImpl-a66fa8d6-020b-4b94-8246-f6312d57d8d8/datanode-4/data/ratis/5ceb3533-0711-4d23-a6b9-eabc9f1d04e5/in_use.lock acquired by nodename 3098@pr-hdds-1561-mdkws-1819952476
2019-09-04 17:22:01,253 [pool-709-thread-1] INFO  storage.RaftStorage (RaftStorage.java:format(72)) - Storage directory /workdir/hadoop-ozone/integration-test/target/test-dir/MiniOzoneClusterImpl-a66fa8d6-020b-4b94-8246-f6312d57d8d8/datanode-3/data/ratis/5ceb3533-0711-4d23-a6b9-eabc9f1d04e5 has been successfully formatted.
2019-09-04 17:22:01,253 [pool-719-thread-1] INFO  storage.RaftStorage (RaftStorage.java:format(72)) - Storage directory /workdir/hadoop-ozone/integration-test/target/test-dir/MiniOzoneClusterImpl-a66fa8d6-020b-4b94-8246-f6312d57d8d8/datanode-4/data/ratis/5ceb3533-0711-4d23-a6b9-eabc9f1d04e5 has been successfully formatted.
2019-09-04 17:22:01,253 [pool-729-thread-1] INFO  storage.RaftStorage (RaftStorage.java:format(72)) - Storage directory /workdir/hadoop-ozone/integration-test/target/test-dir/MiniOzoneClusterImpl-a66fa8d6-020b-4b94-8246-f6312d57d8d8/datanode-5/data/ratis/5ceb3533-0711-4d23-a6b9-eabc9f1d04e5 has been successfully formatted.
2019-09-04 17:22:01,253 [pool-719-thread-1] INFO  ratis.ContainerStateMachine (ContainerStateMachine.java:loadSnapshot(232)) - group-EABC9F1D04E5: The snapshot info is null. Setting the last applied indexto:(t:0, i:~)
2019-09-04 17:22:01,253 [pool-709-thread-1] INFO  ratis.ContainerStateMachine (ContainerStateMachine.java:loadSnapshot(232)) - group-EABC9F1D04E5: The snapshot info is null. Setting the last applied indexto:(t:0, i:~)
2019-09-04 17:22:01,254 [pool-719-thread-1] INFO  server.RaftServerConfigKeys (ConfUtils.java:logGet(43)) - raft.server.notification.no-leader.timeout = 120s (custom)
2019-09-04 17:22:01,254 [pool-729-thread-1] INFO  ratis.ContainerStateMachine (ContainerStateMachine.java:loadSnapshot(232)) - group-EABC9F1D04E5: The snapshot info is null. Setting the last applied indexto:(t:0, i:~)
2019-09-04 17:22:01,254 [pool-719-thread-1] INFO  server.RaftServerConfigKeys (ConfUtils.java:logGet(43)) - raft.server.log.use.memory = false (default)
2019-09-04 17:22:01,254 [pool-709-thread-1] INFO  server.RaftServerConfigKeys (ConfUtils.java:logGet(43)) - raft.server.notification.no-leader.timeout = 120s (custom)
2019-09-04 17:22:01,254 [pool-719-thread-1] INFO  server.RaftServerConfigKeys (ConfUtils.java:logGet(43)) - raft.server.log.purge.gap = 1000000 (custom)
2019-09-04 17:22:01,254 [pool-729-thread-1] INFO  server.RaftServerConfigKeys (ConfUtils.java:logGet(43)) - raft.server.notification.no-leader.timeout = 120s (custom)
2019-09-04 17:22:01,254 [pool-719-thread-1] INFO  server.RaftServerConfigKeys (ConfUtils.java:logGet(43)) - raft.server.log.appender.buffer.byte-limit = 33554432 (custom)
2019-09-04 17:22:01,254 [pool-709-thread-1] INFO  server.RaftServerConfigKeys (ConfUtils.java:logGet(43)) - raft.server.log.use.memory = false (default)
2019-09-04 17:22:01,254 [pool-719-thread-1] INFO  server.RaftServerConfigKeys (ConfUtils.java:logGet(43)) - raft.server.log.segment.size.max = 1048576 (custom)
2019-09-04 17:22:01,255 [pool-719-thread-1] INFO  server.RaftServerConfigKeys (ConfUtils.java:logGet(43)) - raft.server.log.segment.cache.num.max = 2 (custom)
2019-09-04 17:22:01,254 [pool-729-thread-1] INFO  server.RaftServerConfigKeys (ConfUtils.java:logGet(43)) - raft.server.log.use.memory = false (default)
2019-09-04 17:22:01,255 [pool-719-thread-1] INFO  segmented.SegmentedRaftLogWorker (SegmentedRaftLogWorker.java:<init>(172)) - new 68b00d87-9377-45fc-b239-8a920c60ab91@group-EABC9F1D04E5-SegmentedRaftLogWorker for RaftStorage:Storage Directory /workdir/hadoop-ozone/integration-test/target/test-dir/MiniOzoneClusterImpl-a66fa8d6-020b-4b94-8246-f6312d57d8d8/datanode-4/data/ratis/5ceb3533-0711-4d23-a6b9-eabc9f1d04e5
2019-09-04 17:22:01,255 [pool-709-thread-1] INFO  server.RaftServerConfigKeys (ConfUtils.java:logGet(43)) - raft.server.log.purge.gap = 1000000 (custom)
2019-09-04 17:22:01,255 [pool-719-thread-1] INFO  server.RaftServerConfigKeys (ConfUtils.java:logGet(43)) - raft.server.log.queue.byte-limit = 2147483647 (custom)
2019-09-04 17:22:01,255 [pool-729-thread-1] INFO  server.RaftServerConfigKeys (ConfUtils.java:logGet(43)) - raft.server.log.purge.gap = 1000000 (custom)
2019-09-04 17:22:01,255 [pool-719-thread-1] INFO  server.RaftServerConfigKeys (ConfUtils.java:logGet(43)) - raft.server.log.queue.element-limit = 1024 (custom)
2019-09-04 17:22:01,255 [pool-709-thread-1] INFO  server.RaftServerConfigKeys (ConfUtils.java:logGet(43)) - raft.server.log.appender.buffer.byte-limit = 33554432 (custom)
2019-09-04 17:22:01,255 [pool-719-thread-1] INFO  server.RaftServerConfigKeys (ConfUtils.java:logGet(43)) - raft.server.log.segment.size.max = 1048576 (custom)
2019-09-04 17:22:01,256 [pool-719-thread-1] INFO  server.RaftServerConfigKeys (ConfUtils.java:logGet(43)) - raft.server.log.preallocated.size = 16384 (custom)
2019-09-04 17:22:01,255 [pool-729-thread-1] INFO  server.RaftServerConfigKeys (ConfUtils.java:logGet(43)) - raft.server.log.appender.buffer.byte-limit = 33554432 (custom)
2019-09-04 17:22:01,256 [pool-719-thread-1] INFO  server.RaftServerConfigKeys (ConfUtils.java:logGet(43)) - raft.server.log.write.buffer.size = 33554432 (custom)
2019-09-04 17:22:01,256 [pool-709-thread-1] INFO  server.RaftServerConfigKeys (ConfUtils.java:logGet(43)) - raft.server.log.segment.size.max = 1048576 (custom)
2019-09-04 17:22:01,256 [pool-719-thread-1] INFO  server.RaftServerConfigKeys (ConfUtils.java:logGet(43)) - raft.server.log.force.sync.num = 128 (default)
2019-09-04 17:22:01,256 [pool-729-thread-1] INFO  server.RaftServerConfigKeys (ConfUtils.java:logGet(43)) - raft.server.log.segment.size.max = 1048576 (custom)
2019-09-04 17:22:01,256 [pool-719-thread-1] INFO  server.RaftServerConfigKeys (ConfUtils.java:logGet(43)) - raft.server.log.statemachine.data.sync = true (default)
2019-09-04 17:22:01,256 [pool-709-thread-1] INFO  server.RaftServerConfigKeys (ConfUtils.java:logGet(43)) - raft.server.log.segment.cache.num.max = 2 (custom)
2019-09-04 17:22:01,256 [pool-719-thread-1] INFO  server.RaftServerConfigKeys (ConfUtils.java:logGet(43)) - raft.server.log.statemachine.data.sync.timeout = 10s (default)
2019-09-04 17:22:01,257 [pool-719-thread-1] INFO  server.RaftServerConfigKeys (ConfUtils.java:logGet(43)) - raft.server.log.statemachine.data.sync.timeout.retry = -1 (default)
2019-09-04 17:22:01,256 [pool-729-thread-1] INFO  server.RaftServerConfigKeys (ConfUtils.java:logGet(43)) - raft.server.log.segment.cache.num.max = 2 (custom)
2019-09-04 17:22:01,257 [pool-719-thread-1] INFO  server.RaftServerConfigKeys (ConfUtils.java:logGet(43)) - raft.server.log.statemachine.data.caching.enabled = true (custom)
2019-09-04 17:22:01,257 [pool-709-thread-1] INFO  segmented.SegmentedRaftLogWorker (SegmentedRaftLogWorker.java:<init>(172)) - new 8a70ad64-e1a6-42ae-868f-404e248e38b5@group-EABC9F1D04E5-SegmentedRaftLogWorker for RaftStorage:Storage Directory /workdir/hadoop-ozone/integration-test/target/test-dir/MiniOzoneClusterImpl-a66fa8d6-020b-4b94-8246-f6312d57d8d8/datanode-3/data/ratis/5ceb3533-0711-4d23-a6b9-eabc9f1d04e5
2019-09-04 17:22:01,257 [pool-729-thread-1] INFO  segmented.SegmentedRaftLogWorker (SegmentedRaftLogWorker.java:<init>(172)) - new f6d82e5c-6716-4219-a3ef-c5ab4e3fce32@group-EABC9F1D04E5-SegmentedRaftLogWorker for RaftStorage:Storage Directory /workdir/hadoop-ozone/integration-test/target/test-dir/MiniOzoneClusterImpl-a66fa8d6-020b-4b94-8246-f6312d57d8d8/datanode-5/data/ratis/5ceb3533-0711-4d23-a6b9-eabc9f1d04e5
2019-09-04 17:22:01,257 [pool-709-thread-1] INFO  server.RaftServerConfigKeys (ConfUtils.java:logGet(43)) - raft.server.log.queue.byte-limit = 2147483647 (custom)
2019-09-04 17:22:01,257 [pool-729-thread-1] INFO  server.RaftServerConfigKeys (ConfUtils.java:logGet(43)) - raft.server.log.queue.byte-limit = 2147483647 (custom)
2019-09-04 17:22:01,257 [pool-709-thread-1] INFO  server.RaftServerConfigKeys (ConfUtils.java:logGet(43)) - raft.server.log.queue.element-limit = 1024 (custom)
2019-09-04 17:22:01,257 [pool-729-thread-1] INFO  server.RaftServerConfigKeys (ConfUtils.java:logGet(43)) - raft.server.log.queue.element-limit = 1024 (custom)
2019-09-04 17:22:01,258 [pool-709-thread-1] INFO  server.RaftServerConfigKeys (ConfUtils.java:logGet(43)) - raft.server.log.segment.size.max = 1048576 (custom)
2019-09-04 17:22:01,258 [pool-729-thread-1] INFO  server.RaftServerConfigKeys (ConfUtils.java:logGet(43)) - raft.server.log.segment.size.max = 1048576 (custom)
2019-09-04 17:22:01,258 [pool-719-thread-1] INFO  segmented.SegmentedRaftLogWorker (SegmentedRaftLogWorker.java:lambda$new$0(132)) - 68b00d87-9377-45fc-b239-8a920c60ab91@group-EABC9F1D04E5-SegmentedRaftLogWorker: flushIndex: setUnconditionally 0 -> -1
2019-09-04 17:22:01,258 [pool-709-thread-1] INFO  server.RaftServerConfigKeys (ConfUtils.java:logGet(43)) - raft.server.log.preallocated.size = 16384 (custom)
2019-09-04 17:22:01,258 [pool-719-thread-1] INFO  server.RaftServerConfigKeys (ConfUtils.java:logGet(43)) - raft.server.snapshot.auto.trigger.enabled = true (custom)
2019-09-04 17:22:01,258 [pool-729-thread-1] INFO  server.RaftServerConfigKeys (ConfUtils.java:logGet(43)) - raft.server.log.preallocated.size = 16384 (custom)
2019-09-04 17:22:01,258 [pool-719-thread-1] INFO  server.RaftServerConfigKeys (ConfUtils.java:logGet(43)) - raft.server.snapshot.auto.trigger.threshold = 10000 (custom)
2019-09-04 17:22:01,258 [pool-709-thread-1] INFO  server.RaftServerConfigKeys (ConfUtils.java:logGet(43)) - raft.server.log.write.buffer.size = 33554432 (custom)
2019-09-04 17:22:01,258 [pool-719-thread-1] INFO  server.RaftServerConfigKeys (ConfUtils.java:logGet(43)) - raft.server.snapshot.retention.num.files = -1 (default)
2019-09-04 17:22:01,258 [pool-729-thread-1] INFO  server.RaftServerConfigKeys (ConfUtils.java:logGet(43)) - raft.server.log.write.buffer.size = 33554432 (custom)
2019-09-04 17:22:01,259 [pool-719-thread-1] INFO  server.RaftServerConfigKeys (ConfUtils.java:logGet(43)) - raft.server.retrycache.expirytime = 600000ms (custom)
2019-09-04 17:22:01,259 [pool-709-thread-1] INFO  server.RaftServerConfigKeys (ConfUtils.java:logGet(43)) - raft.server.log.force.sync.num = 128 (default)
2019-09-04 17:22:01,259 [pool-729-thread-1] INFO  server.RaftServerConfigKeys (ConfUtils.java:logGet(43)) - raft.server.log.force.sync.num = 128 (default)
2019-09-04 17:22:01,259 [pool-709-thread-1] INFO  server.RaftServerConfigKeys (ConfUtils.java:logGet(43)) - raft.server.log.statemachine.data.sync = true (default)
2019-09-04 17:22:01,259 [pool-729-thread-1] INFO  server.RaftServerConfigKeys (ConfUtils.java:logGet(43)) - raft.server.log.statemachine.data.sync = true (default)
2019-09-04 17:22:01,259 [pool-709-thread-1] INFO  server.RaftServerConfigKeys (ConfUtils.java:logGet(43)) - raft.server.log.statemachine.data.sync.timeout = 10s (default)
2019-09-04 17:22:01,259 [pool-729-thread-1] INFO  server.RaftServerConfigKeys (ConfUtils.java:logGet(43)) - raft.server.log.statemachine.data.sync.timeout = 10s (default)
2019-09-04 17:22:01,259 [pool-709-thread-1] INFO  server.RaftServerConfigKeys (ConfUtils.java:logGet(43)) - raft.server.log.statemachine.data.sync.timeout.retry = -1 (default)
2019-09-04 17:22:01,260 [pool-729-thread-1] INFO  server.RaftServerConfigKeys (ConfUtils.java:logGet(43)) - raft.server.log.statemachine.data.sync.timeout.retry = -1 (default)
2019-09-04 17:22:01,260 [pool-709-thread-1] INFO  server.RaftServerConfigKeys (ConfUtils.java:logGet(43)) - raft.server.log.statemachine.data.caching.enabled = true (custom)
2019-09-04 17:22:01,260 [pool-729-thread-1] INFO  server.RaftServerConfigKeys (ConfUtils.java:logGet(43)) - raft.server.log.statemachine.data.caching.enabled = true (custom)
2019-09-04 17:22:01,260 [pool-719-thread-1] INFO  impl.RaftServerImpl (RaftServerImpl.java:start(185)) - 68b00d87-9377-45fc-b239-8a920c60ab91@group-EABC9F1D04E5: start as a follower, conf=-1: [8a70ad64-e1a6-42ae-868f-404e248e38b5:192.168.34.57:36900, 68b00d87-9377-45fc-b239-8a920c60ab91:192.168.34.57:36946, f6d82e5c-6716-4219-a3ef-c5ab4e3fce32:192.168.34.57:39456], old=null
2019-09-04 17:22:01,260 [pool-709-thread-1] INFO  segmented.SegmentedRaftLogWorker (SegmentedRaftLogWorker.java:lambda$new$0(132)) - 8a70ad64-e1a6-42ae-868f-404e248e38b5@group-EABC9F1D04E5-SegmentedRaftLogWorker: flushIndex: setUnconditionally 0 -> -1
2019-09-04 17:22:01,260 [pool-729-thread-1] INFO  segmented.SegmentedRaftLogWorker (SegmentedRaftLogWorker.java:lambda$new$0(132)) - f6d82e5c-6716-4219-a3ef-c5ab4e3fce32@group-EABC9F1D04E5-SegmentedRaftLogWorker: flushIndex: setUnconditionally 0 -> -1
2019-09-04 17:22:01,260 [pool-719-thread-1] INFO  impl.RaftServerImpl (RaftServerImpl.java:setRole(174)) - 68b00d87-9377-45fc-b239-8a920c60ab91@group-EABC9F1D04E5: changes role from      null to FOLLOWER at term 0 for startAsFollower
2019-09-04 17:22:01,260 [pool-709-thread-1] INFO  server.RaftServerConfigKeys (ConfUtils.java:logGet(43)) - raft.server.snapshot.auto.trigger.enabled = true (custom)
2019-09-04 17:22:01,261 [pool-719-thread-1] INFO  impl.RoleInfo (RoleInfo.java:updateAndGet(143)) - 68b00d87-9377-45fc-b239-8a920c60ab91: start FollowerState
2019-09-04 17:22:01,261 [pool-729-thread-1] INFO  server.RaftServerConfigKeys (ConfUtils.java:logGet(43)) - raft.server.snapshot.auto.trigger.enabled = true (custom)
2019-09-04 17:22:01,261 [pool-709-thread-1] INFO  server.RaftServerConfigKeys (ConfUtils.java:logGet(43)) - raft.server.snapshot.auto.trigger.threshold = 10000 (custom)
2019-09-04 17:22:01,261 [pool-719-thread-1] INFO  util.JmxRegister (JmxRegister.java:tryRegister(44)) - Successfully registered JMX Bean with object name Ratis:service=RaftServer,group=group-EABC9F1D04E5,id=68b00d87-9377-45fc-b239-8a920c60ab91
2019-09-04 17:22:01,261 [pool-729-thread-1] INFO  server.RaftServerConfigKeys (ConfUtils.java:logGet(43)) - raft.server.snapshot.auto.trigger.threshold = 10000 (custom)
2019-09-04 17:22:01,261 [pool-709-thread-1] INFO  server.RaftServerConfigKeys (ConfUtils.java:logGet(43)) - raft.server.snapshot.retention.num.files = -1 (default)
2019-09-04 17:22:01,261 [pool-729-thread-1] INFO  server.RaftServerConfigKeys (ConfUtils.java:logGet(43)) - raft.server.snapshot.retention.num.files = -1 (default)
2019-09-04 17:22:01,261 [pool-709-thread-1] INFO  server.RaftServerConfigKeys (ConfUtils.java:logGet(43)) - raft.server.retrycache.expirytime = 600000ms (custom)
2019-09-04 17:22:01,261 [pool-729-thread-1] INFO  server.RaftServerConfigKeys (ConfUtils.java:logGet(43)) - raft.server.retrycache.expirytime = 600000ms (custom)
2019-09-04 17:22:01,264 [pool-709-thread-1] INFO  impl.RaftServerImpl (RaftServerImpl.java:start(185)) - 8a70ad64-e1a6-42ae-868f-404e248e38b5@group-EABC9F1D04E5: start as a follower, conf=-1: [8a70ad64-e1a6-42ae-868f-404e248e38b5:192.168.34.57:36900, 68b00d87-9377-45fc-b239-8a920c60ab91:192.168.34.57:36946, f6d82e5c-6716-4219-a3ef-c5ab4e3fce32:192.168.34.57:39456], old=null
2019-09-04 17:22:01,264 [pool-709-thread-1] INFO  impl.RaftServerImpl (RaftServerImpl.java:setRole(174)) - 8a70ad64-e1a6-42ae-868f-404e248e38b5@group-EABC9F1D04E5: changes role from      null to FOLLOWER at term 0 for startAsFollower
2019-09-04 17:22:01,264 [pool-729-thread-1] INFO  impl.RaftServerImpl (RaftServerImpl.java:start(185)) - f6d82e5c-6716-4219-a3ef-c5ab4e3fce32@group-EABC9F1D04E5: start as a follower, conf=-1: [8a70ad64-e1a6-42ae-868f-404e248e38b5:192.168.34.57:36900, 68b00d87-9377-45fc-b239-8a920c60ab91:192.168.34.57:36946, f6d82e5c-6716-4219-a3ef-c5ab4e3fce32:192.168.34.57:39456], old=null
2019-09-04 17:22:01,264 [pool-709-thread-1] INFO  impl.RoleInfo (RoleInfo.java:updateAndGet(143)) - 8a70ad64-e1a6-42ae-868f-404e248e38b5: start FollowerState
2019-09-04 17:22:01,264 [pool-729-thread-1] INFO  impl.RaftServerImpl (RaftServerImpl.java:setRole(174)) - f6d82e5c-6716-4219-a3ef-c5ab4e3fce32@group-EABC9F1D04E5: changes role from      null to FOLLOWER at term 0 for startAsFollower
2019-09-04 17:22:01,264 [pool-729-thread-1] INFO  impl.RoleInfo (RoleInfo.java:updateAndGet(143)) - f6d82e5c-6716-4219-a3ef-c5ab4e3fce32: start FollowerState
2019-09-04 17:22:01,264 [pool-709-thread-1] INFO  util.JmxRegister (JmxRegister.java:tryRegister(44)) - Successfully registered JMX Bean with object name Ratis:service=RaftServer,group=group-EABC9F1D04E5,id=8a70ad64-e1a6-42ae-868f-404e248e38b5
2019-09-04 17:22:01,264 [pool-729-thread-1] INFO  util.JmxRegister (JmxRegister.java:tryRegister(44)) - Successfully registered JMX Bean with object name Ratis:service=RaftServer,group=group-EABC9F1D04E5,id=f6d82e5c-6716-4219-a3ef-c5ab4e3fce32
2019-09-04 17:22:01,267 [RatisPipelineUtilsThread] INFO  pipeline.PipelineStateManager (PipelineStateManager.java:addPipeline(56)) - Created pipeline Pipeline[ Id: 5ceb3533-0711-4d23-a6b9-eabc9f1d04e5, Nodes: f6d82e5c-6716-4219-a3ef-c5ab4e3fce32{ip: 192.168.34.57, host: pr-hdds-1561-mdkws-1819952476, networkLocation: /default-rack, certSerialId: null}8a70ad64-e1a6-42ae-868f-404e248e38b5{ip: 192.168.34.57, host: pr-hdds-1561-mdkws-1819952476, networkLocation: /default-rack, certSerialId: null}68b00d87-9377-45fc-b239-8a920c60ab91{ip: 192.168.34.57, host: pr-hdds-1561-mdkws-1819952476, networkLocation: /default-rack, certSerialId: null}, Type:RATIS, Factor:THREE, State:OPEN]
2019-09-04 17:22:02,116 [main] INFO  ozone.MiniOzoneClusterImpl (MiniOzoneClusterImpl.java:lambda$waitForClusterToBeReady$0(140)) - Cluster is ready. Got 7 of 7 DN Heartbeats.
2019-09-04 17:22:02,174 [main] INFO  rpc.RpcClient (RpcClient.java:createVolume(293)) - Creating Volume: testblockoutputstream, with jenkins1000 as owner.
2019-09-04 17:22:02,187 [main] INFO  rpc.RpcClient (RpcClient.java:createBucket(432)) - Creating Bucket: testblockoutputstream/testblockoutputstream, with Versioning false and Storage Type set to DISK and Encryption set to false 
2019-09-04 17:22:02,215 [grpc-default-executor-19] INFO  client.GrpcClientProtocolClient (GrpcClientProtocolClient.java:onNext(264)) - client-E09E28328E5E->cad45df4-26f2-449d-983b-430c10f8e6a0: receive RaftClientReply:client-E09E28328E5E->cad45df4-26f2-449d-983b-430c10f8e6a0@group-FE72DDC5082C, cid=278, FAILED org.apache.ratis.protocol.NotLeaderException: Server cad45df4-26f2-449d-983b-430c10f8e6a0@group-FE72DDC5082C is not the leader, logIndex=0, commits[cad45df4-26f2-449d-983b-430c10f8e6a0:c-1]
2019-09-04 17:22:03,232 [grpc-default-executor-19] INFO  client.GrpcClientProtocolClient (GrpcClientProtocolClient.java:onNext(264)) - client-E09E28328E5E->e17d7d03-be12-4cbb-996b-76694a3eb499: receive RaftClientReply:client-E09E28328E5E->e17d7d03-be12-4cbb-996b-76694a3eb499@group-FE72DDC5082C, cid=278, FAILED org.apache.ratis.protocol.NotLeaderException: Server e17d7d03-be12-4cbb-996b-76694a3eb499@group-FE72DDC5082C is not the leader, logIndex=0, commits[e17d7d03-be12-4cbb-996b-76694a3eb499:c-1]
2019-09-04 17:22:03,737 [Thread-4537] INFO  container.ReplicationManager (ReplicationManager.java:start(162)) - Starting Replication Monitor Thread.
2019-09-04 17:22:03,742 [ReplicationMonitor] INFO  container.ReplicationManager (ReplicationManager.java:run(225)) - Replication Monitor Thread took 0 milliseconds for processing 1 containers.
2019-09-04 17:22:04,242 [grpc-default-executor-19] INFO  client.GrpcClientProtocolClient (GrpcClientProtocolClient.java:onNext(264)) - client-E09E28328E5E->914eab85-949a-416f-9a58-a19ca86126d9: receive RaftClientReply:client-E09E28328E5E->914eab85-949a-416f-9a58-a19ca86126d9@group-FE72DDC5082C, cid=278, FAILED org.apache.ratis.protocol.NotLeaderException: Server 914eab85-949a-416f-9a58-a19ca86126d9@group-FE72DDC5082C is not the leader, logIndex=0, commits[914eab85-949a-416f-9a58-a19ca86126d9:c-1]
2019-09-04 17:22:05,256 [grpc-default-executor-13] INFO  client.GrpcClientProtocolClient (GrpcClientProtocolClient.java:onNext(264)) - client-E09E28328E5E->cad45df4-26f2-449d-983b-430c10f8e6a0: receive RaftClientReply:client-E09E28328E5E->cad45df4-26f2-449d-983b-430c10f8e6a0@group-FE72DDC5082C, cid=278, FAILED org.apache.ratis.protocol.NotLeaderException: Server cad45df4-26f2-449d-983b-430c10f8e6a0@group-FE72DDC5082C is not the leader, logIndex=0, commits[cad45df4-26f2-449d-983b-430c10f8e6a0:c-1]
2019-09-04 17:22:05,805 [Thread-4539] INFO  impl.FollowerState (FollowerState.java:run(106)) - cad45df4-26f2-449d-983b-430c10f8e6a0:group-1A75F25C6A5E changes to CANDIDATE, lastRpcTime:5001, electionTimeout:5001ms
2019-09-04 17:22:05,806 [Thread-4539] INFO  impl.RoleInfo (RoleInfo.java:shutdownFollowerState(121)) - cad45df4-26f2-449d-983b-430c10f8e6a0: shutdown FollowerState
2019-09-04 17:22:05,806 [Thread-4539] INFO  impl.RaftServerImpl (RaftServerImpl.java:setRole(174)) - cad45df4-26f2-449d-983b-430c10f8e6a0@group-1A75F25C6A5E: changes role from  FOLLOWER to CANDIDATE at term 0 for changeToCandidate
2019-09-04 17:22:05,806 [Thread-4539] INFO  impl.RoleInfo (RoleInfo.java:updateAndGet(143)) - cad45df4-26f2-449d-983b-430c10f8e6a0: start LeaderElection
2019-09-04 17:22:05,842 [cad45df4-26f2-449d-983b-430c10f8e6a0@group-1A75F25C6A5E:LeaderElection126] INFO  impl.LeaderElection (LeaderElection.java:askForVotes(182)) - cad45df4-26f2-449d-983b-430c10f8e6a0@group-1A75F25C6A5E:LeaderElection126: begin an election at term 1 for -1: [cad45df4-26f2-449d-983b-430c10f8e6a0:192.168.34.57:42172], old=null
2019-09-04 17:22:05,842 [cad45df4-26f2-449d-983b-430c10f8e6a0@group-1A75F25C6A5E:LeaderElection126] INFO  impl.RoleInfo (RoleInfo.java:shutdownLeaderElection(134)) - cad45df4-26f2-449d-983b-430c10f8e6a0: shutdown LeaderElection
2019-09-04 17:22:05,842 [cad45df4-26f2-449d-983b-430c10f8e6a0@group-1A75F25C6A5E:LeaderElection126] INFO  impl.RaftServerImpl (RaftServerImpl.java:setRole(174)) - cad45df4-26f2-449d-983b-430c10f8e6a0@group-1A75F25C6A5E: changes role from CANDIDATE to LEADER at term 1 for changeToLeader
2019-09-04 17:22:05,843 [cad45df4-26f2-449d-983b-430c10f8e6a0@group-1A75F25C6A5E:LeaderElection126] INFO  impl.RaftServerImpl (ServerState.java:setLeader(253)) - cad45df4-26f2-449d-983b-430c10f8e6a0@group-1A75F25C6A5E: change Leader from null to cad45df4-26f2-449d-983b-430c10f8e6a0 at term 1 for becomeLeader, leader elected after 5051ms
2019-09-04 17:22:05,843 [cad45df4-26f2-449d-983b-430c10f8e6a0@group-1A75F25C6A5E:LeaderElection126] INFO  server.RaftServerConfigKeys (ConfUtils.java:logGet(43)) - raft.server.staging.catchup.gap = 1000 (default)
2019-09-04 17:22:05,843 [cad45df4-26f2-449d-983b-430c10f8e6a0@group-1A75F25C6A5E:LeaderElection126] INFO  server.RaftServerConfigKeys (ConfUtils.java:logGet(43)) - raft.server.rpc.sleep.time = 25ms (default)
2019-09-04 17:22:05,843 [cad45df4-26f2-449d-983b-430c10f8e6a0@group-1A75F25C6A5E:LeaderElection126] INFO  server.RaftServerConfigKeys (ConfUtils.java:logGet(43)) - raft.server.write.element-limit = 4096 (default)
2019-09-04 17:22:05,843 [cad45df4-26f2-449d-983b-430c10f8e6a0@group-1A75F25C6A5E:LeaderElection126] INFO  server.RaftServerConfigKeys (ConfUtils.java:logGet(43)) - raft.server.watch.timeout = 10s (default)
2019-09-04 17:22:05,844 [cad45df4-26f2-449d-983b-430c10f8e6a0@group-1A75F25C6A5E:LeaderElection126] INFO  server.RaftServerConfigKeys (ConfUtils.java:logGet(43)) - raft.server.watch.timeout.denomination = 1s (default)
2019-09-04 17:22:05,844 [cad45df4-26f2-449d-983b-430c10f8e6a0@group-1A75F25C6A5E:LeaderElection126] INFO  server.RaftServerConfigKeys (ConfUtils.java:logGet(43)) - raft.server.watch.element-limit = 65536 (default)
2019-09-04 17:22:05,846 [cad45df4-26f2-449d-983b-430c10f8e6a0@group-1A75F25C6A5E:LeaderElection126] INFO  impl.RoleInfo (RoleInfo.java:updateAndGet(143)) - cad45df4-26f2-449d-983b-430c10f8e6a0: start LeaderState
2019-09-04 17:22:05,847 [cad45df4-26f2-449d-983b-430c10f8e6a0@group-1A75F25C6A5E:LeaderElection126] INFO  segmented.SegmentedRaftLogWorker (SegmentedRaftLogWorker.java:startLogSegment(380)) - cad45df4-26f2-449d-983b-430c10f8e6a0@group-1A75F25C6A5E-SegmentedRaftLogWorker: Starting segment from index:0
2019-09-04 17:22:05,848 [cad45df4-26f2-449d-983b-430c10f8e6a0@group-1A75F25C6A5E:LeaderElection126] INFO  impl.RaftServerImpl (ServerState.java:setRaftConf(354)) - cad45df4-26f2-449d-983b-430c10f8e6a0@group-1A75F25C6A5E: set configuration 0: [cad45df4-26f2-449d-983b-430c10f8e6a0:192.168.34.57:42172], old=null at 0
2019-09-04 17:22:05,912 [cad45df4-26f2-449d-983b-430c10f8e6a0@group-1A75F25C6A5E-SegmentedRaftLogWorker] INFO  segmented.SegmentedRaftLogWorker (SegmentedRaftLogWorker.java:execute(569)) - cad45df4-26f2-449d-983b-430c10f8e6a0@group-1A75F25C6A5E-SegmentedRaftLogWorker: created new log segment /workdir/hadoop-ozone/integration-test/target/test-dir/MiniOzoneClusterImpl-a66fa8d6-020b-4b94-8246-f6312d57d8d8/datanode-0/data/ratis/6810bf69-fc33-4b87-a574-1a75f25c6a5e/current/log_inprogress_0
2019-09-04 17:22:05,937 [Thread-4545] INFO  impl.FollowerState (FollowerState.java:run(106)) - 914eab85-949a-416f-9a58-a19ca86126d9:group-8B30ED57C93B changes to CANDIDATE, lastRpcTime:5041, electionTimeout:5041ms
2019-09-04 17:22:05,938 [Thread-4545] INFO  impl.RoleInfo (RoleInfo.java:shutdownFollowerState(121)) - 914eab85-949a-416f-9a58-a19ca86126d9: shutdown FollowerState
2019-09-04 17:22:05,938 [Thread-4545] INFO  impl.RaftServerImpl (RaftServerImpl.java:setRole(174)) - 914eab85-949a-416f-9a58-a19ca86126d9@group-8B30ED57C93B: changes role from  FOLLOWER to CANDIDATE at term 0 for changeToCandidate
2019-09-04 17:22:05,938 [Thread-4545] INFO  impl.RoleInfo (RoleInfo.java:updateAndGet(143)) - 914eab85-949a-416f-9a58-a19ca86126d9: start LeaderElection
2019-09-04 17:22:05,966 [914eab85-949a-416f-9a58-a19ca86126d9@group-8B30ED57C93B:LeaderElection127] INFO  impl.LeaderElection (LeaderElection.java:askForVotes(182)) - 914eab85-949a-416f-9a58-a19ca86126d9@group-8B30ED57C93B:LeaderElection127: begin an election at term 1 for -1: [914eab85-949a-416f-9a58-a19ca86126d9:192.168.34.57:38133], old=null
2019-09-04 17:22:05,966 [914eab85-949a-416f-9a58-a19ca86126d9@group-8B30ED57C93B:LeaderElection127] INFO  impl.RoleInfo (RoleInfo.java:shutdownLeaderElection(134)) - 914eab85-949a-416f-9a58-a19ca86126d9: shutdown LeaderElection
2019-09-04 17:22:05,966 [914eab85-949a-416f-9a58-a19ca86126d9@group-8B30ED57C93B:LeaderElection127] INFO  impl.RaftServerImpl (RaftServerImpl.java:setRole(174)) - 914eab85-949a-416f-9a58-a19ca86126d9@group-8B30ED57C93B: changes role from CANDIDATE to LEADER at term 1 for changeToLeader
2019-09-04 17:22:05,966 [914eab85-949a-416f-9a58-a19ca86126d9@group-8B30ED57C93B:LeaderElection127] INFO  impl.RaftServerImpl (ServerState.java:setLeader(253)) - 914eab85-949a-416f-9a58-a19ca86126d9@group-8B30ED57C93B: change Leader from null to 914eab85-949a-416f-9a58-a19ca86126d9 at term 1 for becomeLeader, leader elected after 5077ms
2019-09-04 17:22:05,967 [914eab85-949a-416f-9a58-a19ca86126d9@group-8B30ED57C93B:LeaderElection127] INFO  server.RaftServerConfigKeys (ConfUtils.java:logGet(43)) - raft.server.staging.catchup.gap = 1000 (default)
2019-09-04 17:22:05,967 [914eab85-949a-416f-9a58-a19ca86126d9@group-8B30ED57C93B:LeaderElection127] INFO  server.RaftServerConfigKeys (ConfUtils.java:logGet(43)) - raft.server.rpc.sleep.time = 25ms (default)
2019-09-04 17:22:05,967 [914eab85-949a-416f-9a58-a19ca86126d9@group-8B30ED57C93B:LeaderElection127] INFO  server.RaftServerConfigKeys (ConfUtils.java:logGet(43)) - raft.server.write.element-limit = 4096 (default)
2019-09-04 17:22:05,967 [914eab85-949a-416f-9a58-a19ca86126d9@group-8B30ED57C93B:LeaderElection127] INFO  server.RaftServerConfigKeys (ConfUtils.java:logGet(43)) - raft.server.watch.timeout = 10s (default)
2019-09-04 17:22:05,967 [914eab85-949a-416f-9a58-a19ca86126d9@group-8B30ED57C93B:LeaderElection127] INFO  server.RaftServerConfigKeys (ConfUtils.java:logGet(43)) - raft.server.watch.timeout.denomination = 1s (default)
2019-09-04 17:22:05,967 [914eab85-949a-416f-9a58-a19ca86126d9@group-8B30ED57C93B:LeaderElection127] INFO  server.RaftServerConfigKeys (ConfUtils.java:logGet(43)) - raft.server.watch.element-limit = 65536 (default)
2019-09-04 17:22:05,969 [914eab85-949a-416f-9a58-a19ca86126d9@group-8B30ED57C93B:LeaderElection127] INFO  impl.RoleInfo (RoleInfo.java:updateAndGet(143)) - 914eab85-949a-416f-9a58-a19ca86126d9: start LeaderState
2019-09-04 17:22:05,970 [914eab85-949a-416f-9a58-a19ca86126d9@group-8B30ED57C93B:LeaderElection127] INFO  segmented.SegmentedRaftLogWorker (SegmentedRaftLogWorker.java:startLogSegment(380)) - 914eab85-949a-416f-9a58-a19ca86126d9@group-8B30ED57C93B-SegmentedRaftLogWorker: Starting segment from index:0
2019-09-04 17:22:05,970 [914eab85-949a-416f-9a58-a19ca86126d9@group-8B30ED57C93B:LeaderElection127] INFO  impl.RaftServerImpl (ServerState.java:setRaftConf(354)) - 914eab85-949a-416f-9a58-a19ca86126d9@group-8B30ED57C93B: set configuration 0: [914eab85-949a-416f-9a58-a19ca86126d9:192.168.34.57:38133], old=null at 0
2019-09-04 17:22:05,989 [Thread-4542] INFO  impl.FollowerState (FollowerState.java:run(106)) - e17d7d03-be12-4cbb-996b-76694a3eb499:group-0AC468AEF9CC changes to CANDIDATE, lastRpcTime:5137, electionTimeout:5137ms
2019-09-04 17:22:05,990 [Thread-4542] INFO  impl.RoleInfo (RoleInfo.java:shutdownFollowerState(121)) - e17d7d03-be12-4cbb-996b-76694a3eb499: shutdown FollowerState
2019-09-04 17:22:05,990 [Thread-4542] INFO  impl.RaftServerImpl (RaftServerImpl.java:setRole(174)) - e17d7d03-be12-4cbb-996b-76694a3eb499@group-0AC468AEF9CC: changes role from  FOLLOWER to CANDIDATE at term 0 for changeToCandidate
2019-09-04 17:22:05,990 [Thread-4542] INFO  impl.RoleInfo (RoleInfo.java:updateAndGet(143)) - e17d7d03-be12-4cbb-996b-76694a3eb499: start LeaderElection
2019-09-04 17:22:06,002 [Thread-4548] INFO  impl.FollowerState (FollowerState.java:run(106)) - cad45df4-26f2-449d-983b-430c10f8e6a0:group-FE72DDC5082C changes to CANDIDATE, lastRpcTime:5037, electionTimeout:5032ms
2019-09-04 17:22:06,007 [Thread-4548] INFO  impl.RoleInfo (RoleInfo.java:shutdownFollowerState(121)) - cad45df4-26f2-449d-983b-430c10f8e6a0: shutdown FollowerState
2019-09-04 17:22:06,007 [Thread-4548] INFO  impl.RaftServerImpl (RaftServerImpl.java:setRole(174)) - cad45df4-26f2-449d-983b-430c10f8e6a0@group-FE72DDC5082C: changes role from  FOLLOWER to CANDIDATE at term 0 for changeToCandidate
2019-09-04 17:22:06,007 [Thread-4548] INFO  impl.RoleInfo (RoleInfo.java:updateAndGet(143)) - cad45df4-26f2-449d-983b-430c10f8e6a0: start LeaderElection
2019-09-04 17:22:06,017 [914eab85-949a-416f-9a58-a19ca86126d9@group-8B30ED57C93B-SegmentedRaftLogWorker] INFO  segmented.SegmentedRaftLogWorker (SegmentedRaftLogWorker.java:execute(569)) - 914eab85-949a-416f-9a58-a19ca86126d9@group-8B30ED57C93B-SegmentedRaftLogWorker: created new log segment /workdir/hadoop-ozone/integration-test/target/test-dir/MiniOzoneClusterImpl-a66fa8d6-020b-4b94-8246-f6312d57d8d8/datanode-2/data/ratis/bb8d70ba-eda0-4303-a462-8b30ed57c93b/current/log_inprogress_0
2019-09-04 17:22:06,017 [e17d7d03-be12-4cbb-996b-76694a3eb499@group-0AC468AEF9CC:LeaderElection128] INFO  impl.LeaderElection (LeaderElection.java:askForVotes(182)) - e17d7d03-be12-4cbb-996b-76694a3eb499@group-0AC468AEF9CC:LeaderElection128: begin an election at term 1 for -1: [e17d7d03-be12-4cbb-996b-76694a3eb499:192.168.34.57:46372], old=null
2019-09-04 17:22:06,017 [cad45df4-26f2-449d-983b-430c10f8e6a0@group-FE72DDC5082C:LeaderElection129] INFO  impl.LeaderElection (LeaderElection.java:askForVotes(182)) - cad45df4-26f2-449d-983b-430c10f8e6a0@group-FE72DDC5082C:LeaderElection129: begin an election at term 1 for -1: [914eab85-949a-416f-9a58-a19ca86126d9:192.168.34.57:38133, e17d7d03-be12-4cbb-996b-76694a3eb499:192.168.34.57:46372, cad45df4-26f2-449d-983b-430c10f8e6a0:192.168.34.57:42172], old=null
2019-09-04 17:22:06,017 [e17d7d03-be12-4cbb-996b-76694a3eb499@group-0AC468AEF9CC:LeaderElection128] INFO  impl.RoleInfo (RoleInfo.java:shutdownLeaderElection(134)) - e17d7d03-be12-4cbb-996b-76694a3eb499: shutdown LeaderElection
2019-09-04 17:22:06,017 [e17d7d03-be12-4cbb-996b-76694a3eb499@group-0AC468AEF9CC:LeaderElection128] INFO  impl.RaftServerImpl (RaftServerImpl.java:setRole(174)) - e17d7d03-be12-4cbb-996b-76694a3eb499@group-0AC468AEF9CC: changes role from CANDIDATE to LEADER at term 1 for changeToLeader
2019-09-04 17:22:06,017 [e17d7d03-be12-4cbb-996b-76694a3eb499@group-0AC468AEF9CC:LeaderElection128] INFO  impl.RaftServerImpl (ServerState.java:setLeader(253)) - e17d7d03-be12-4cbb-996b-76694a3eb499@group-0AC468AEF9CC: change Leader from null to e17d7d03-be12-4cbb-996b-76694a3eb499 at term 1 for becomeLeader, leader elected after 5173ms
2019-09-04 17:22:06,017 [e17d7d03-be12-4cbb-996b-76694a3eb499@group-0AC468AEF9CC:LeaderElection128] INFO  server.RaftServerConfigKeys (ConfUtils.java:logGet(43)) - raft.server.staging.catchup.gap = 1000 (default)
2019-09-04 17:22:06,018 [e17d7d03-be12-4cbb-996b-76694a3eb499@group-0AC468AEF9CC:LeaderElection128] INFO  server.RaftServerConfigKeys (ConfUtils.java:logGet(43)) - raft.server.rpc.sleep.time = 25ms (default)
2019-09-04 17:22:06,018 [e17d7d03-be12-4cbb-996b-76694a3eb499@group-0AC468AEF9CC:LeaderElection128] INFO  server.RaftServerConfigKeys (ConfUtils.java:logGet(43)) - raft.server.write.element-limit = 4096 (default)
2019-09-04 17:22:06,018 [e17d7d03-be12-4cbb-996b-76694a3eb499@group-0AC468AEF9CC:LeaderElection128] INFO  server.RaftServerConfigKeys (ConfUtils.java:logGet(43)) - raft.server.watch.timeout = 10s (default)
2019-09-04 17:22:06,018 [e17d7d03-be12-4cbb-996b-76694a3eb499@group-0AC468AEF9CC:LeaderElection128] INFO  server.RaftServerConfigKeys (ConfUtils.java:logGet(43)) - raft.server.watch.timeout.denomination = 1s (default)
2019-09-04 17:22:06,018 [e17d7d03-be12-4cbb-996b-76694a3eb499@group-0AC468AEF9CC:LeaderElection128] INFO  server.RaftServerConfigKeys (ConfUtils.java:logGet(43)) - raft.server.watch.element-limit = 65536 (default)
2019-09-04 17:22:06,020 [e17d7d03-be12-4cbb-996b-76694a3eb499@group-0AC468AEF9CC:LeaderElection128] INFO  impl.RoleInfo (RoleInfo.java:updateAndGet(143)) - e17d7d03-be12-4cbb-996b-76694a3eb499: start LeaderState
2019-09-04 17:22:06,020 [e17d7d03-be12-4cbb-996b-76694a3eb499@group-0AC468AEF9CC:LeaderElection128] INFO  segmented.SegmentedRaftLogWorker (SegmentedRaftLogWorker.java:startLogSegment(380)) - e17d7d03-be12-4cbb-996b-76694a3eb499@group-0AC468AEF9CC-SegmentedRaftLogWorker: Starting segment from index:0
2019-09-04 17:22:06,020 [e17d7d03-be12-4cbb-996b-76694a3eb499@group-0AC468AEF9CC:LeaderElection128] INFO  impl.RaftServerImpl (ServerState.java:setRaftConf(354)) - e17d7d03-be12-4cbb-996b-76694a3eb499@group-0AC468AEF9CC: set configuration 0: [e17d7d03-be12-4cbb-996b-76694a3eb499:192.168.34.57:46372], old=null at 0
2019-09-04 17:22:06,021 [grpc-default-executor-13] INFO  impl.RaftServerImpl (RaftServerImpl.java:setRole(174)) - e17d7d03-be12-4cbb-996b-76694a3eb499@group-FE72DDC5082C: changes role from  FOLLOWER to FOLLOWER at term 1 for recognizeCandidate:cad45df4-26f2-449d-983b-430c10f8e6a0
2019-09-04 17:22:06,021 [grpc-default-executor-19] INFO  impl.RaftServerImpl (RaftServerImpl.java:setRole(174)) - 914eab85-949a-416f-9a58-a19ca86126d9@group-FE72DDC5082C: changes role from  FOLLOWER to FOLLOWER at term 1 for recognizeCandidate:cad45df4-26f2-449d-983b-430c10f8e6a0
2019-09-04 17:22:06,021 [grpc-default-executor-13] INFO  impl.RoleInfo (RoleInfo.java:shutdownFollowerState(121)) - e17d7d03-be12-4cbb-996b-76694a3eb499: shutdown FollowerState
2019-09-04 17:22:06,021 [grpc-default-executor-19] INFO  impl.RoleInfo (RoleInfo.java:shutdownFollowerState(121)) - 914eab85-949a-416f-9a58-a19ca86126d9: shutdown FollowerState
2019-09-04 17:22:06,021 [grpc-default-executor-13] INFO  impl.RoleInfo (RoleInfo.java:updateAndGet(143)) - e17d7d03-be12-4cbb-996b-76694a3eb499: start FollowerState
2019-09-04 17:22:06,021 [Thread-4552] INFO  impl.FollowerState (FollowerState.java:run(115)) - e17d7d03-be12-4cbb-996b-76694a3eb499: FollowerState was interrupted: java.lang.InterruptedException: sleep interrupted
2019-09-04 17:22:06,021 [grpc-default-executor-19] INFO  impl.RoleInfo (RoleInfo.java:updateAndGet(143)) - 914eab85-949a-416f-9a58-a19ca86126d9: start FollowerState
2019-09-04 17:22:06,045 [Thread-4557] INFO  impl.FollowerState (FollowerState.java:run(106)) - 8a70ad64-e1a6-42ae-868f-404e248e38b5:group-6BB003A1E2DB changes to CANDIDATE, lastRpcTime:5040, electionTimeout:5026ms
2019-09-04 17:22:06,021 [Thread-4554] INFO  impl.FollowerState (FollowerState.java:run(115)) - 914eab85-949a-416f-9a58-a19ca86126d9: FollowerState was interrupted: java.lang.InterruptedException: sleep interrupted
2019-09-04 17:22:06,048 [Thread-4557] INFO  impl.RoleInfo (RoleInfo.java:shutdownFollowerState(121)) - 8a70ad64-e1a6-42ae-868f-404e248e38b5: shutdown FollowerState
2019-09-04 17:22:06,048 [Thread-4557] INFO  impl.RaftServerImpl (RaftServerImpl.java:setRole(174)) - 8a70ad64-e1a6-42ae-868f-404e248e38b5@group-6BB003A1E2DB: changes role from  FOLLOWER to CANDIDATE at term 0 for changeToCandidate
2019-09-04 17:22:06,049 [Thread-4557] INFO  impl.RoleInfo (RoleInfo.java:updateAndGet(143)) - 8a70ad64-e1a6-42ae-868f-404e248e38b5: start LeaderElection
2019-09-04 17:22:06,057 [e17d7d03-be12-4cbb-996b-76694a3eb499@group-0AC468AEF9CC-SegmentedRaftLogWorker] INFO  segmented.SegmentedRaftLogWorker (SegmentedRaftLogWorker.java:execute(569)) - e17d7d03-be12-4cbb-996b-76694a3eb499@group-0AC468AEF9CC-SegmentedRaftLogWorker: created new log segment /workdir/hadoop-ozone/integration-test/target/test-dir/MiniOzoneClusterImpl-a66fa8d6-020b-4b94-8246-f6312d57d8d8/datanode-1/data/ratis/85d35a16-e97b-45de-a528-0ac468aef9cc/current/log_inprogress_0
2019-09-04 17:22:06,058 [cad45df4-26f2-449d-983b-430c10f8e6a0@group-FE72DDC5082C:LeaderElection129] INFO  impl.LeaderElection (LeaderElection.java:logAndReturn(56)) - cad45df4-26f2-449d-983b-430c10f8e6a0@group-FE72DDC5082C:LeaderElection129: Election PASSED; received 1 response(s) [cad45df4-26f2-449d-983b-430c10f8e6a0<-e17d7d03-be12-4cbb-996b-76694a3eb499#0:OK-t1] and 0 exception(s); cad45df4-26f2-449d-983b-430c10f8e6a0@group-FE72DDC5082C:t1, leader=null, voted=cad45df4-26f2-449d-983b-430c10f8e6a0, raftlog=cad45df4-26f2-449d-983b-430c10f8e6a0@group-FE72DDC5082C-SegmentedRaftLog:OPENED:c-1,f-1,i0, conf=-1: [914eab85-949a-416f-9a58-a19ca86126d9:192.168.34.57:38133, e17d7d03-be12-4cbb-996b-76694a3eb499:192.168.34.57:46372, cad45df4-26f2-449d-983b-430c10f8e6a0:192.168.34.57:42172], old=null
2019-09-04 17:22:06,058 [cad45df4-26f2-449d-983b-430c10f8e6a0@group-FE72DDC5082C:LeaderElection129] INFO  impl.RoleInfo (RoleInfo.java:shutdownLeaderElection(134)) - cad45df4-26f2-449d-983b-430c10f8e6a0: shutdown LeaderElection
2019-09-04 17:22:06,059 [cad45df4-26f2-449d-983b-430c10f8e6a0@group-FE72DDC5082C:LeaderElection129] INFO  impl.RaftServerImpl (RaftServerImpl.java:setRole(174)) - cad45df4-26f2-449d-983b-430c10f8e6a0@group-FE72DDC5082C: changes role from CANDIDATE to LEADER at term 1 for changeToLeader
2019-09-04 17:22:06,059 [cad45df4-26f2-449d-983b-430c10f8e6a0@group-FE72DDC5082C:LeaderElection129] INFO  impl.RaftServerImpl (ServerState.java:setLeader(253)) - cad45df4-26f2-449d-983b-430c10f8e6a0@group-FE72DDC5082C: change Leader from null to cad45df4-26f2-449d-983b-430c10f8e6a0 at term 1 for becomeLeader, leader elected after 5101ms
2019-09-04 17:22:06,059 [cad45df4-26f2-449d-983b-430c10f8e6a0@group-FE72DDC5082C:LeaderElection129] INFO  server.RaftServerConfigKeys (ConfUtils.java:logGet(43)) - raft.server.staging.catchup.gap = 1000 (default)
2019-09-04 17:22:06,059 [cad45df4-26f2-449d-983b-430c10f8e6a0@group-FE72DDC5082C:LeaderElection129] INFO  server.RaftServerConfigKeys (ConfUtils.java:logGet(43)) - raft.server.rpc.sleep.time = 25ms (default)
2019-09-04 17:22:06,059 [cad45df4-26f2-449d-983b-430c10f8e6a0@group-FE72DDC5082C:LeaderElection129] INFO  server.RaftServerConfigKeys (ConfUtils.java:logGet(43)) - raft.server.write.element-limit = 4096 (default)
2019-09-04 17:22:06,059 [cad45df4-26f2-449d-983b-430c10f8e6a0@group-FE72DDC5082C:LeaderElection129] INFO  server.RaftServerConfigKeys (ConfUtils.java:logGet(43)) - raft.server.watch.timeout = 10s (default)
2019-09-04 17:22:06,059 [cad45df4-26f2-449d-983b-430c10f8e6a0@group-FE72DDC5082C:LeaderElection129] INFO  server.RaftServerConfigKeys (ConfUtils.java:logGet(43)) - raft.server.watch.timeout.denomination = 1s (default)
2019-09-04 17:22:06,059 [cad45df4-26f2-449d-983b-430c10f8e6a0@group-FE72DDC5082C:LeaderElection129] INFO  server.RaftServerConfigKeys (ConfUtils.java:logGet(43)) - raft.server.watch.element-limit = 65536 (default)
2019-09-04 17:22:06,061 [cad45df4-26f2-449d-983b-430c10f8e6a0@group-FE72DDC5082C:LeaderElection129] INFO  server.RaftServerConfigKeys (ConfUtils.java:logGet(43)) - raft.server.log.appender.snapshot.chunk.size.max = 16MB (=16777216) (default)
2019-09-04 17:22:06,061 [cad45df4-26f2-449d-983b-430c10f8e6a0@group-FE72DDC5082C:LeaderElection129] INFO  server.RaftServerConfigKeys (ConfUtils.java:logGet(43)) - raft.server.log.appender.buffer.byte-limit = 33554432 (custom)
2019-09-04 17:22:06,061 [cad45df4-26f2-449d-983b-430c10f8e6a0@group-FE72DDC5082C:LeaderElection129] INFO  server.RaftServerConfigKeys (ConfUtils.java:logGet(43)) - raft.server.log.appender.buffer.element-limit = 1 (custom)
2019-09-04 17:22:06,062 [cad45df4-26f2-449d-983b-430c10f8e6a0@group-FE72DDC5082C:LeaderElection129] INFO  grpc.GrpcConfigKeys$Server (ConfUtils.java:logGet(43)) - raft.grpc.server.leader.outstanding.appends.max = 128 (default)
2019-09-04 17:22:06,062 [cad45df4-26f2-449d-983b-430c10f8e6a0@group-FE72DDC5082C:LeaderElection129] INFO  server.RaftServerConfigKeys (ConfUtils.java:logGet(43)) - raft.server.rpc.request.timeout = 3000ms (default)
2019-09-04 17:22:06,062 [cad45df4-26f2-449d-983b-430c10f8e6a0@group-FE72DDC5082C:LeaderElection129] INFO  server.RaftServerConfigKeys (ConfUtils.java:logGet(43)) - raft.server.log.appender.install.snapshot.enabled = false (custom)
2019-09-04 17:22:06,062 [cad45df4-26f2-449d-983b-430c10f8e6a0@group-FE72DDC5082C:LeaderElection129] INFO  server.RaftServerConfigKeys (ConfUtils.java:logGet(43)) - raft.server.log.appender.snapshot.chunk.size.max = 16MB (=16777216) (default)
2019-09-04 17:22:06,062 [cad45df4-26f2-449d-983b-430c10f8e6a0@group-FE72DDC5082C:LeaderElection129] INFO  server.RaftServerConfigKeys (ConfUtils.java:logGet(43)) - raft.server.log.appender.buffer.byte-limit = 33554432 (custom)
2019-09-04 17:22:06,062 [cad45df4-26f2-449d-983b-430c10f8e6a0@group-FE72DDC5082C:LeaderElection129] INFO  server.RaftServerConfigKeys (ConfUtils.java:logGet(43)) - raft.server.log.appender.buffer.element-limit = 1 (custom)
2019-09-04 17:22:06,062 [cad45df4-26f2-449d-983b-430c10f8e6a0@group-FE72DDC5082C:LeaderElection129] INFO  grpc.GrpcConfigKeys$Server (ConfUtils.java:logGet(43)) - raft.grpc.server.leader.outstanding.appends.max = 128 (default)
2019-09-04 17:22:06,062 [cad45df4-26f2-449d-983b-430c10f8e6a0@group-FE72DDC5082C:LeaderElection129] INFO  server.RaftServerConfigKeys (ConfUtils.java:logGet(43)) - raft.server.rpc.request.timeout = 3000ms (default)
2019-09-04 17:22:06,063 [cad45df4-26f2-449d-983b-430c10f8e6a0@group-FE72DDC5082C:LeaderElection129] INFO  server.RaftServerConfigKeys (ConfUtils.java:logGet(43)) - raft.server.log.appender.install.snapshot.enabled = false (custom)
2019-09-04 17:22:06,063 [cad45df4-26f2-449d-983b-430c10f8e6a0@group-FE72DDC5082C:LeaderElection129] INFO  impl.RoleInfo (RoleInfo.java:updateAndGet(143)) - cad45df4-26f2-449d-983b-430c10f8e6a0: start LeaderState
2019-09-04 17:22:06,063 [cad45df4-26f2-449d-983b-430c10f8e6a0@group-FE72DDC5082C:LeaderElection129] INFO  segmented.SegmentedRaftLogWorker (SegmentedRaftLogWorker.java:startLogSegment(380)) - cad45df4-26f2-449d-983b-430c10f8e6a0@group-FE72DDC5082C-SegmentedRaftLogWorker: Starting segment from index:0
2019-09-04 17:22:06,064 [cad45df4-26f2-449d-983b-430c10f8e6a0@group-FE72DDC5082C:LeaderElection129] INFO  impl.RaftServerImpl (ServerState.java:setRaftConf(354)) - cad45df4-26f2-449d-983b-430c10f8e6a0@group-FE72DDC5082C: set configuration 0: [914eab85-949a-416f-9a58-a19ca86126d9:192.168.34.57:38133, e17d7d03-be12-4cbb-996b-76694a3eb499:192.168.34.57:46372, cad45df4-26f2-449d-983b-430c10f8e6a0:192.168.34.57:42172], old=null at 0
2019-09-04 17:22:06,068 [grpc-default-executor-13] INFO  impl.RaftServerImpl (ServerState.java:setLeader(253)) - 914eab85-949a-416f-9a58-a19ca86126d9@group-FE72DDC5082C: change Leader from null to cad45df4-26f2-449d-983b-430c10f8e6a0 at term 1 for appendEntries, leader elected after 5110ms
2019-09-04 17:22:06,072 [8a70ad64-e1a6-42ae-868f-404e248e38b5@group-6BB003A1E2DB:LeaderElection130] INFO  impl.LeaderElection (LeaderElection.java:askForVotes(182)) - 8a70ad64-e1a6-42ae-868f-404e248e38b5@group-6BB003A1E2DB:LeaderElection130: begin an election at term 1 for -1: [8a70ad64-e1a6-42ae-868f-404e248e38b5:192.168.34.57:36900], old=null
2019-09-04 17:22:06,072 [8a70ad64-e1a6-42ae-868f-404e248e38b5@group-6BB003A1E2DB:LeaderElection130] INFO  impl.RoleInfo (RoleInfo.java:shutdownLeaderElection(134)) - 8a70ad64-e1a6-42ae-868f-404e248e38b5: shutdown LeaderElection
2019-09-04 17:22:06,072 [8a70ad64-e1a6-42ae-868f-404e248e38b5@group-6BB003A1E2DB:LeaderElection130] INFO  impl.RaftServerImpl (RaftServerImpl.java:setRole(174)) - 8a70ad64-e1a6-42ae-868f-404e248e38b5@group-6BB003A1E2DB: changes role from CANDIDATE to LEADER at term 1 for changeToLeader
2019-09-04 17:22:06,072 [grpc-default-executor-13] INFO  impl.RaftServerImpl (ServerState.java:setLeader(253)) - e17d7d03-be12-4cbb-996b-76694a3eb499@group-FE72DDC5082C: change Leader from null to cad45df4-26f2-449d-983b-430c10f8e6a0 at term 1 for appendEntries, leader elected after 5114ms
2019-09-04 17:22:06,072 [8a70ad64-e1a6-42ae-868f-404e248e38b5@group-6BB003A1E2DB:LeaderElection130] INFO  impl.RaftServerImpl (ServerState.java:setLeader(253)) - 8a70ad64-e1a6-42ae-868f-404e248e38b5@group-6BB003A1E2DB: change Leader from null to 8a70ad64-e1a6-42ae-868f-404e248e38b5 at term 1 for becomeLeader, leader elected after 5075ms
2019-09-04 17:22:06,072 [8a70ad64-e1a6-42ae-868f-404e248e38b5@group-6BB003A1E2DB:LeaderElection130] INFO  server.RaftServerConfigKeys (ConfUtils.java:logGet(43)) - raft.server.staging.catchup.gap = 1000 (default)
2019-09-04 17:22:06,072 [8a70ad64-e1a6-42ae-868f-404e248e38b5@group-6BB003A1E2DB:LeaderElection130] INFO  server.RaftServerConfigKeys (ConfUtils.java:logGet(43)) - raft.server.rpc.sleep.time = 25ms (default)
2019-09-04 17:22:06,104 [Thread-4560] INFO  impl.FollowerState (FollowerState.java:run(106)) - 68b00d87-9377-45fc-b239-8a920c60ab91:group-04C0130FA828 changes to CANDIDATE, lastRpcTime:5025, electionTimeout:5005ms
2019-09-04 17:22:06,104 [8a70ad64-e1a6-42ae-868f-404e248e38b5@group-6BB003A1E2DB:LeaderElection130] INFO  server.RaftServerConfigKeys (ConfUtils.java:logGet(43)) - raft.server.write.element-limit = 4096 (default)
2019-09-04 17:22:06,105 [Thread-4560] INFO  impl.RoleInfo (RoleInfo.java:shutdownFollowerState(121)) - 68b00d87-9377-45fc-b239-8a920c60ab91: shutdown FollowerState
2019-09-04 17:22:06,105 [8a70ad64-e1a6-42ae-868f-404e248e38b5@group-6BB003A1E2DB:LeaderElection130] INFO  server.RaftServerConfigKeys (ConfUtils.java:logGet(43)) - raft.server.watch.timeout = 10s (default)
2019-09-04 17:22:06,105 [Thread-4560] INFO  impl.RaftServerImpl (RaftServerImpl.java:setRole(174)) - 68b00d87-9377-45fc-b239-8a920c60ab91@group-04C0130FA828: changes role from  FOLLOWER to CANDIDATE at term 0 for changeToCandidate
2019-09-04 17:22:06,105 [8a70ad64-e1a6-42ae-868f-404e248e38b5@group-6BB003A1E2DB:LeaderElection130] INFO  server.RaftServerConfigKeys (ConfUtils.java:logGet(43)) - raft.server.watch.timeout.denomination = 1s (default)
2019-09-04 17:22:06,105 [Thread-4560] INFO  impl.RoleInfo (RoleInfo.java:updateAndGet(143)) - 68b00d87-9377-45fc-b239-8a920c60ab91: start LeaderElection
2019-09-04 17:22:06,105 [8a70ad64-e1a6-42ae-868f-404e248e38b5@group-6BB003A1E2DB:LeaderElection130] INFO  server.RaftServerConfigKeys (ConfUtils.java:logGet(43)) - raft.server.watch.element-limit = 65536 (default)
2019-09-04 17:22:06,105 [grpc-default-executor-13] INFO  impl.RaftServerImpl (ServerState.java:setRaftConf(354)) - 914eab85-949a-416f-9a58-a19ca86126d9@group-FE72DDC5082C: set configuration 0: [914eab85-949a-416f-9a58-a19ca86126d9:192.168.34.57:38133, e17d7d03-be12-4cbb-996b-76694a3eb499:192.168.34.57:46372, cad45df4-26f2-449d-983b-430c10f8e6a0:192.168.34.57:42172], old=null at 0
2019-09-04 17:22:06,108 [grpc-default-executor-19] INFO  impl.RaftServerImpl (ServerState.java:setRaftConf(354)) - e17d7d03-be12-4cbb-996b-76694a3eb499@group-FE72DDC5082C: set configuration 0: [914eab85-949a-416f-9a58-a19ca86126d9:192.168.34.57:38133, e17d7d03-be12-4cbb-996b-76694a3eb499:192.168.34.57:46372, cad45df4-26f2-449d-983b-430c10f8e6a0:192.168.34.57:42172], old=null at 0
2019-09-04 17:22:06,108 [grpc-default-executor-13] INFO  segmented.SegmentedRaftLogWorker (SegmentedRaftLogWorker.java:startLogSegment(380)) - 914eab85-949a-416f-9a58-a19ca86126d9@group-FE72DDC5082C-SegmentedRaftLogWorker: Starting segment from index:0
2019-09-04 17:22:06,113 [grpc-default-executor-19] INFO  segmented.SegmentedRaftLogWorker (SegmentedRaftLogWorker.java:startLogSegment(380)) - e17d7d03-be12-4cbb-996b-76694a3eb499@group-FE72DDC5082C-SegmentedRaftLogWorker: Starting segment from index:0
2019-09-04 17:22:06,114 [8a70ad64-e1a6-42ae-868f-404e248e38b5@group-6BB003A1E2DB:LeaderElection130] INFO  impl.RoleInfo (RoleInfo.java:updateAndGet(143)) - 8a70ad64-e1a6-42ae-868f-404e248e38b5: start LeaderState
2019-09-04 17:22:06,115 [8a70ad64-e1a6-42ae-868f-404e248e38b5@group-6BB003A1E2DB:LeaderElection130] INFO  segmented.SegmentedRaftLogWorker (SegmentedRaftLogWorker.java:startLogSegment(380)) - 8a70ad64-e1a6-42ae-868f-404e248e38b5@group-6BB003A1E2DB-SegmentedRaftLogWorker: Starting segment from index:0
2019-09-04 17:22:06,115 [8a70ad64-e1a6-42ae-868f-404e248e38b5@group-6BB003A1E2DB:LeaderElection130] INFO  impl.RaftServerImpl (ServerState.java:setRaftConf(354)) - 8a70ad64-e1a6-42ae-868f-404e248e38b5@group-6BB003A1E2DB: set configuration 0: [8a70ad64-e1a6-42ae-868f-404e248e38b5:192.168.34.57:36900], old=null at 0
2019-09-04 17:22:06,128 [cad45df4-26f2-449d-983b-430c10f8e6a0@group-FE72DDC5082C-SegmentedRaftLogWorker] INFO  segmented.SegmentedRaftLogWorker (SegmentedRaftLogWorker.java:execute(569)) - cad45df4-26f2-449d-983b-430c10f8e6a0@group-FE72DDC5082C-SegmentedRaftLogWorker: created new log segment /workdir/hadoop-ozone/integration-test/target/test-dir/MiniOzoneClusterImpl-a66fa8d6-020b-4b94-8246-f6312d57d8d8/datanode-0/data/ratis/52f828d6-0b99-430c-ab67-fe72ddc5082c/current/log_inprogress_0
2019-09-04 17:22:06,128 [68b00d87-9377-45fc-b239-8a920c60ab91@group-04C0130FA828:LeaderElection131] INFO  impl.LeaderElection (LeaderElection.java:askForVotes(182)) - 68b00d87-9377-45fc-b239-8a920c60ab91@group-04C0130FA828:LeaderElection131: begin an election at term 1 for -1: [68b00d87-9377-45fc-b239-8a920c60ab91:192.168.34.57:36946], old=null
2019-09-04 17:22:06,129 [68b00d87-9377-45fc-b239-8a920c60ab91@group-04C0130FA828:LeaderElection131] INFO  impl.RoleInfo (RoleInfo.java:shutdownLeaderElection(134)) - 68b00d87-9377-45fc-b239-8a920c60ab91: shutdown LeaderElection
2019-09-04 17:22:06,129 [68b00d87-9377-45fc-b239-8a920c60ab91@group-04C0130FA828:LeaderElection131] INFO  impl.RaftServerImpl (RaftServerImpl.java:setRole(174)) - 68b00d87-9377-45fc-b239-8a920c60ab91@group-04C0130FA828: changes role from CANDIDATE to LEADER at term 1 for changeToLeader
2019-09-04 17:22:06,129 [68b00d87-9377-45fc-b239-8a920c60ab91@group-04C0130FA828:LeaderElection131] INFO  impl.RaftServerImpl (ServerState.java:setLeader(253)) - 68b00d87-9377-45fc-b239-8a920c60ab91@group-04C0130FA828: change Leader from null to 68b00d87-9377-45fc-b239-8a920c60ab91 at term 1 for becomeLeader, leader elected after 5056ms
2019-09-04 17:22:06,129 [68b00d87-9377-45fc-b239-8a920c60ab91@group-04C0130FA828:LeaderElection131] INFO  server.RaftServerConfigKeys (ConfUtils.java:logGet(43)) - raft.server.staging.catchup.gap = 1000 (default)
2019-09-04 17:22:06,129 [68b00d87-9377-45fc-b239-8a920c60ab91@group-04C0130FA828:LeaderElection131] INFO  server.RaftServerConfigKeys (ConfUtils.java:logGet(43)) - raft.server.rpc.sleep.time = 25ms (default)
2019-09-04 17:22:06,129 [68b00d87-9377-45fc-b239-8a920c60ab91@group-04C0130FA828:LeaderElection131] INFO  server.RaftServerConfigKeys (ConfUtils.java:logGet(43)) - raft.server.write.element-limit = 4096 (default)
2019-09-04 17:22:06,129 [68b00d87-9377-45fc-b239-8a920c60ab91@group-04C0130FA828:LeaderElection131] INFO  server.RaftServerConfigKeys (ConfUtils.java:logGet(43)) - raft.server.watch.timeout = 10s (default)
2019-09-04 17:22:06,129 [68b00d87-9377-45fc-b239-8a920c60ab91@group-04C0130FA828:LeaderElection131] INFO  server.RaftServerConfigKeys (ConfUtils.java:logGet(43)) - raft.server.watch.timeout.denomination = 1s (default)
2019-09-04 17:22:06,129 [68b00d87-9377-45fc-b239-8a920c60ab91@group-04C0130FA828:LeaderElection131] INFO  server.RaftServerConfigKeys (ConfUtils.java:logGet(43)) - raft.server.watch.element-limit = 65536 (default)
2019-09-04 17:22:06,131 [68b00d87-9377-45fc-b239-8a920c60ab91@group-04C0130FA828:LeaderElection131] INFO  impl.RoleInfo (RoleInfo.java:updateAndGet(143)) - 68b00d87-9377-45fc-b239-8a920c60ab91: start LeaderState
2019-09-04 17:22:06,131 [68b00d87-9377-45fc-b239-8a920c60ab91@group-04C0130FA828:LeaderElection131] INFO  segmented.SegmentedRaftLogWorker (SegmentedRaftLogWorker.java:startLogSegment(380)) - 68b00d87-9377-45fc-b239-8a920c60ab91@group-04C0130FA828-SegmentedRaftLogWorker: Starting segment from index:0
2019-09-04 17:22:06,131 [68b00d87-9377-45fc-b239-8a920c60ab91@group-04C0130FA828:LeaderElection131] INFO  impl.RaftServerImpl (ServerState.java:setRaftConf(354)) - 68b00d87-9377-45fc-b239-8a920c60ab91@group-04C0130FA828: set configuration 0: [68b00d87-9377-45fc-b239-8a920c60ab91:192.168.34.57:36946], old=null at 0
2019-09-04 17:22:06,164 [8a70ad64-e1a6-42ae-868f-404e248e38b5@group-6BB003A1E2DB-SegmentedRaftLogWorker] INFO  segmented.SegmentedRaftLogWorker (SegmentedRaftLogWorker.java:execute(569)) - 8a70ad64-e1a6-42ae-868f-404e248e38b5@group-6BB003A1E2DB-SegmentedRaftLogWorker: created new log segment /workdir/hadoop-ozone/integration-test/target/test-dir/MiniOzoneClusterImpl-a66fa8d6-020b-4b94-8246-f6312d57d8d8/datanode-3/data/ratis/bd9d3a92-097a-4b15-ab1d-6bb003a1e2db/current/log_inprogress_0
2019-09-04 17:22:06,164 [e17d7d03-be12-4cbb-996b-76694a3eb499@group-FE72DDC5082C-SegmentedRaftLogWorker] INFO  segmented.SegmentedRaftLogWorker (SegmentedRaftLogWorker.java:execute(569)) - e17d7d03-be12-4cbb-996b-76694a3eb499@group-FE72DDC5082C-SegmentedRaftLogWorker: created new log segment /workdir/hadoop-ozone/integration-test/target/test-dir/MiniOzoneClusterImpl-a66fa8d6-020b-4b94-8246-f6312d57d8d8/datanode-1/data/ratis/52f828d6-0b99-430c-ab67-fe72ddc5082c/current/log_inprogress_0
2019-09-04 17:22:06,164 [914eab85-949a-416f-9a58-a19ca86126d9@group-FE72DDC5082C-SegmentedRaftLogWorker] INFO  segmented.SegmentedRaftLogWorker (SegmentedRaftLogWorker.java:execute(569)) - 914eab85-949a-416f-9a58-a19ca86126d9@group-FE72DDC5082C-SegmentedRaftLogWorker: created new log segment /workdir/hadoop-ozone/integration-test/target/test-dir/MiniOzoneClusterImpl-a66fa8d6-020b-4b94-8246-f6312d57d8d8/datanode-2/data/ratis/52f828d6-0b99-430c-ab67-fe72ddc5082c/current/log_inprogress_0
2019-09-04 17:22:06,178 [68b00d87-9377-45fc-b239-8a920c60ab91@group-04C0130FA828-SegmentedRaftLogWorker] INFO  segmented.SegmentedRaftLogWorker (SegmentedRaftLogWorker.java:execute(569)) - 68b00d87-9377-45fc-b239-8a920c60ab91@group-04C0130FA828-SegmentedRaftLogWorker: created new log segment /workdir/hadoop-ozone/integration-test/target/test-dir/MiniOzoneClusterImpl-a66fa8d6-020b-4b94-8246-f6312d57d8d8/datanode-4/data/ratis/e83df830-d514-4a44-af6b-04c0130fa828/current/log_inprogress_0
2019-09-04 17:22:06,218 [Thread-4563] INFO  impl.FollowerState (FollowerState.java:run(106)) - f6d82e5c-6716-4219-a3ef-c5ab4e3fce32:group-7CD2F8B603F6 changes to CANDIDATE, lastRpcTime:5090, electionTimeout:5090ms
2019-09-04 17:22:06,218 [Thread-4563] INFO  impl.RoleInfo (RoleInfo.java:shutdownFollowerState(121)) - f6d82e5c-6716-4219-a3ef-c5ab4e3fce32: shutdown FollowerState
2019-09-04 17:22:06,218 [Thread-4563] INFO  impl.RaftServerImpl (RaftServerImpl.java:setRole(174)) - f6d82e5c-6716-4219-a3ef-c5ab4e3fce32@group-7CD2F8B603F6: changes role from  FOLLOWER to CANDIDATE at term 0 for changeToCandidate
2019-09-04 17:22:06,218 [Thread-4563] INFO  impl.RoleInfo (RoleInfo.java:updateAndGet(143)) - f6d82e5c-6716-4219-a3ef-c5ab4e3fce32: start LeaderElection
2019-09-04 17:22:06,232 [Thread-4566] INFO  impl.FollowerState (FollowerState.java:run(106)) - a6d9e0fc-b1b1-4623-8931-a26647a555cd:group-B8C516D6AA36 changes to CANDIDATE, lastRpcTime:5063, electionTimeout:5063ms
2019-09-04 17:22:06,232 [Thread-4566] INFO  impl.RoleInfo (RoleInfo.java:shutdownFollowerState(121)) - a6d9e0fc-b1b1-4623-8931-a26647a555cd: shutdown FollowerState
2019-09-04 17:22:06,233 [Thread-4566] INFO  impl.RaftServerImpl (RaftServerImpl.java:setRole(174)) - a6d9e0fc-b1b1-4623-8931-a26647a555cd@group-B8C516D6AA36: changes role from  FOLLOWER to CANDIDATE at term 0 for changeToCandidate
2019-09-04 17:22:06,233 [Thread-4566] INFO  impl.RoleInfo (RoleInfo.java:updateAndGet(143)) - a6d9e0fc-b1b1-4623-8931-a26647a555cd: start LeaderElection
2019-09-04 17:22:06,239 [f6d82e5c-6716-4219-a3ef-c5ab4e3fce32@group-7CD2F8B603F6:LeaderElection132] INFO  impl.LeaderElection (LeaderElection.java:askForVotes(182)) - f6d82e5c-6716-4219-a3ef-c5ab4e3fce32@group-7CD2F8B603F6:LeaderElection132: begin an election at term 1 for -1: [f6d82e5c-6716-4219-a3ef-c5ab4e3fce32:192.168.34.57:39456], old=null
2019-09-04 17:22:06,239 [f6d82e5c-6716-4219-a3ef-c5ab4e3fce32@group-7CD2F8B603F6:LeaderElection132] INFO  impl.RoleInfo (RoleInfo.java:shutdownLeaderElection(134)) - f6d82e5c-6716-4219-a3ef-c5ab4e3fce32: shutdown LeaderElection
2019-09-04 17:22:06,239 [f6d82e5c-6716-4219-a3ef-c5ab4e3fce32@group-7CD2F8B603F6:LeaderElection132] INFO  impl.RaftServerImpl (RaftServerImpl.java:setRole(174)) - f6d82e5c-6716-4219-a3ef-c5ab4e3fce32@group-7CD2F8B603F6: changes role from CANDIDATE to LEADER at term 1 for changeToLeader
2019-09-04 17:22:06,239 [f6d82e5c-6716-4219-a3ef-c5ab4e3fce32@group-7CD2F8B603F6:LeaderElection132] INFO  impl.RaftServerImpl (ServerState.java:setLeader(253)) - f6d82e5c-6716-4219-a3ef-c5ab4e3fce32@group-7CD2F8B603F6: change Leader from null to f6d82e5c-6716-4219-a3ef-c5ab4e3fce32 at term 1 for becomeLeader, leader elected after 5120ms
2019-09-04 17:22:06,239 [f6d82e5c-6716-4219-a3ef-c5ab4e3fce32@group-7CD2F8B603F6:LeaderElection132] INFO  server.RaftServerConfigKeys (ConfUtils.java:logGet(43)) - raft.server.staging.catchup.gap = 1000 (default)
2019-09-04 17:22:06,240 [f6d82e5c-6716-4219-a3ef-c5ab4e3fce32@group-7CD2F8B603F6:LeaderElection132] INFO  server.RaftServerConfigKeys (ConfUtils.java:logGet(43)) - raft.server.rpc.sleep.time = 25ms (default)
2019-09-04 17:22:06,240 [f6d82e5c-6716-4219-a3ef-c5ab4e3fce32@group-7CD2F8B603F6:LeaderElection132] INFO  server.RaftServerConfigKeys (ConfUtils.java:logGet(43)) - raft.server.write.element-limit = 4096 (default)
2019-09-04 17:22:06,240 [f6d82e5c-6716-4219-a3ef-c5ab4e3fce32@group-7CD2F8B603F6:LeaderElection132] INFO  server.RaftServerConfigKeys (ConfUtils.java:logGet(43)) - raft.server.watch.timeout = 10s (default)
2019-09-04 17:22:06,240 [f6d82e5c-6716-4219-a3ef-c5ab4e3fce32@group-7CD2F8B603F6:LeaderElection132] INFO  server.RaftServerConfigKeys (ConfUtils.java:logGet(43)) - raft.server.watch.timeout.denomination = 1s (default)
2019-09-04 17:22:06,240 [f6d82e5c-6716-4219-a3ef-c5ab4e3fce32@group-7CD2F8B603F6:LeaderElection132] INFO  server.RaftServerConfigKeys (ConfUtils.java:logGet(43)) - raft.server.watch.element-limit = 65536 (default)
2019-09-04 17:22:06,242 [f6d82e5c-6716-4219-a3ef-c5ab4e3fce32@group-7CD2F8B603F6:LeaderElection132] INFO  impl.RoleInfo (RoleInfo.java:updateAndGet(143)) - f6d82e5c-6716-4219-a3ef-c5ab4e3fce32: start LeaderState
2019-09-04 17:22:06,242 [f6d82e5c-6716-4219-a3ef-c5ab4e3fce32@group-7CD2F8B603F6:LeaderElection132] INFO  segmented.SegmentedRaftLogWorker (SegmentedRaftLogWorker.java:startLogSegment(380)) - f6d82e5c-6716-4219-a3ef-c5ab4e3fce32@group-7CD2F8B603F6-SegmentedRaftLogWorker: Starting segment from index:0
2019-09-04 17:22:06,243 [f6d82e5c-6716-4219-a3ef-c5ab4e3fce32@group-7CD2F8B603F6:LeaderElection132] INFO  impl.RaftServerImpl (ServerState.java:setRaftConf(354)) - f6d82e5c-6716-4219-a3ef-c5ab4e3fce32@group-7CD2F8B603F6: set configuration 0: [f6d82e5c-6716-4219-a3ef-c5ab4e3fce32:192.168.34.57:39456], old=null at 0
2019-09-04 17:22:06,251 [a6d9e0fc-b1b1-4623-8931-a26647a555cd@group-B8C516D6AA36:LeaderElection133] INFO  impl.LeaderElection (LeaderElection.java:askForVotes(182)) - a6d9e0fc-b1b1-4623-8931-a26647a555cd@group-B8C516D6AA36:LeaderElection133: begin an election at term 1 for -1: [a6d9e0fc-b1b1-4623-8931-a26647a555cd:192.168.34.57:43112], old=null
2019-09-04 17:22:06,252 [a6d9e0fc-b1b1-4623-8931-a26647a555cd@group-B8C516D6AA36:LeaderElection133] INFO  impl.RoleInfo (RoleInfo.java:shutdownLeaderElection(134)) - a6d9e0fc-b1b1-4623-8931-a26647a555cd: shutdown LeaderElection
2019-09-04 17:22:06,252 [a6d9e0fc-b1b1-4623-8931-a26647a555cd@group-B8C516D6AA36:LeaderElection133] INFO  impl.RaftServerImpl (RaftServerImpl.java:setRole(174)) - a6d9e0fc-b1b1-4623-8931-a26647a555cd@group-B8C516D6AA36: changes role from CANDIDATE to LEADER at term 1 for changeToLeader
2019-09-04 17:22:06,252 [a6d9e0fc-b1b1-4623-8931-a26647a555cd@group-B8C516D6AA36:LeaderElection133] INFO  impl.RaftServerImpl (ServerState.java:setLeader(253)) - a6d9e0fc-b1b1-4623-8931-a26647a555cd@group-B8C516D6AA36: change Leader from null to a6d9e0fc-b1b1-4623-8931-a26647a555cd at term 1 for becomeLeader, leader elected after 5090ms
2019-09-04 17:22:06,252 [a6d9e0fc-b1b1-4623-8931-a26647a555cd@group-B8C516D6AA36:LeaderElection133] INFO  server.RaftServerConfigKeys (ConfUtils.java:logGet(43)) - raft.server.staging.catchup.gap = 1000 (default)
2019-09-04 17:22:06,252 [a6d9e0fc-b1b1-4623-8931-a26647a555cd@group-B8C516D6AA36:LeaderElection133] INFO  server.RaftServerConfigKeys (ConfUtils.java:logGet(43)) - raft.server.rpc.sleep.time = 25ms (default)
2019-09-04 17:22:06,252 [a6d9e0fc-b1b1-4623-8931-a26647a555cd@group-B8C516D6AA36:LeaderElection133] INFO  server.RaftServerConfigKeys (ConfUtils.java:logGet(43)) - raft.server.write.element-limit = 4096 (default)
2019-09-04 17:22:06,253 [a6d9e0fc-b1b1-4623-8931-a26647a555cd@group-B8C516D6AA36:LeaderElection133] INFO  server.RaftServerConfigKeys (ConfUtils.java:logGet(43)) - raft.server.watch.timeout = 10s (default)
2019-09-04 17:22:06,253 [a6d9e0fc-b1b1-4623-8931-a26647a555cd@group-B8C516D6AA36:LeaderElection133] INFO  server.RaftServerConfigKeys (ConfUtils.java:logGet(43)) - raft.server.watch.timeout.denomination = 1s (default)
2019-09-04 17:22:06,253 [a6d9e0fc-b1b1-4623-8931-a26647a555cd@group-B8C516D6AA36:LeaderElection133] INFO  server.RaftServerConfigKeys (ConfUtils.java:logGet(43)) - raft.server.watch.element-limit = 65536 (default)
2019-09-04 17:22:06,255 [a6d9e0fc-b1b1-4623-8931-a26647a555cd@group-B8C516D6AA36:LeaderElection133] INFO  impl.RoleInfo (RoleInfo.java:updateAndGet(143)) - a6d9e0fc-b1b1-4623-8931-a26647a555cd: start LeaderState
2019-09-04 17:22:06,255 [a6d9e0fc-b1b1-4623-8931-a26647a555cd@group-B8C516D6AA36:LeaderElection133] INFO  segmented.SegmentedRaftLogWorker (SegmentedRaftLogWorker.java:startLogSegment(380)) - a6d9e0fc-b1b1-4623-8931-a26647a555cd@group-B8C516D6AA36-SegmentedRaftLogWorker: Starting segment from index:0
2019-09-04 17:22:06,256 [a6d9e0fc-b1b1-4623-8931-a26647a555cd@group-B8C516D6AA36:LeaderElection133] INFO  impl.RaftServerImpl (ServerState.java:setRaftConf(354)) - a6d9e0fc-b1b1-4623-8931-a26647a555cd@group-B8C516D6AA36: set configuration 0: [a6d9e0fc-b1b1-4623-8931-a26647a555cd:192.168.34.57:43112], old=null at 0
2019-09-04 17:22:06,294 [Thread-4574] INFO  impl.FollowerState (FollowerState.java:run(106)) - f6d82e5c-6716-4219-a3ef-c5ab4e3fce32:group-EABC9F1D04E5 changes to CANDIDATE, lastRpcTime:5029, electionTimeout:5025ms
2019-09-04 17:22:06,294 [Thread-4574] INFO  impl.RoleInfo (RoleInfo.java:shutdownFollowerState(121)) - f6d82e5c-6716-4219-a3ef-c5ab4e3fce32: shutdown FollowerState
2019-09-04 17:22:06,294 [Thread-4574] INFO  impl.RaftServerImpl (RaftServerImpl.java:setRole(174)) - f6d82e5c-6716-4219-a3ef-c5ab4e3fce32@group-EABC9F1D04E5: changes role from  FOLLOWER to CANDIDATE at term 0 for changeToCandidate
2019-09-04 17:22:06,295 [Thread-4574] INFO  impl.RoleInfo (RoleInfo.java:updateAndGet(143)) - f6d82e5c-6716-4219-a3ef-c5ab4e3fce32: start LeaderElection
2019-09-04 17:22:06,300 [grpc-default-executor-19] INFO  client.GrpcClientProtocolClient (GrpcClientProtocolClient.java:onNext(264)) - client-E09E28328E5E->914eab85-949a-416f-9a58-a19ca86126d9: receive RaftClientReply:client-E09E28328E5E->914eab85-949a-416f-9a58-a19ca86126d9@group-FE72DDC5082C, cid=278, FAILED org.apache.ratis.protocol.NotLeaderException: Server 914eab85-949a-416f-9a58-a19ca86126d9@group-FE72DDC5082C is not the leader cad45df4-26f2-449d-983b-430c10f8e6a0:192.168.34.57:42172, logIndex=0, commits[914eab85-949a-416f-9a58-a19ca86126d9:c-1, e17d7d03-be12-4cbb-996b-76694a3eb499:c-1, cad45df4-26f2-449d-983b-430c10f8e6a0:c-1]
2019-09-04 17:22:06,306 [f6d82e5c-6716-4219-a3ef-c5ab4e3fce32@group-7CD2F8B603F6-SegmentedRaftLogWorker] INFO  segmented.SegmentedRaftLogWorker (SegmentedRaftLogWorker.java:execute(569)) - f6d82e5c-6716-4219-a3ef-c5ab4e3fce32@group-7CD2F8B603F6-SegmentedRaftLogWorker: created new log segment /workdir/hadoop-ozone/integration-test/target/test-dir/MiniOzoneClusterImpl-a66fa8d6-020b-4b94-8246-f6312d57d8d8/datanode-5/data/ratis/83c42895-1c58-4b39-b503-7cd2f8b603f6/current/log_inprogress_0
2019-09-04 17:22:06,306 [f6d82e5c-6716-4219-a3ef-c5ab4e3fce32@group-EABC9F1D04E5:LeaderElection134] INFO  impl.LeaderElection (LeaderElection.java:askForVotes(182)) - f6d82e5c-6716-4219-a3ef-c5ab4e3fce32@group-EABC9F1D04E5:LeaderElection134: begin an election at term 1 for -1: [8a70ad64-e1a6-42ae-868f-404e248e38b5:192.168.34.57:36900, 68b00d87-9377-45fc-b239-8a920c60ab91:192.168.34.57:36946, f6d82e5c-6716-4219-a3ef-c5ab4e3fce32:192.168.34.57:39456], old=null
2019-09-04 17:22:06,306 [a6d9e0fc-b1b1-4623-8931-a26647a555cd@group-B8C516D6AA36-SegmentedRaftLogWorker] INFO  segmented.SegmentedRaftLogWorker (SegmentedRaftLogWorker.java:execute(569)) - a6d9e0fc-b1b1-4623-8931-a26647a555cd@group-B8C516D6AA36-SegmentedRaftLogWorker: created new log segment /workdir/hadoop-ozone/integration-test/target/test-dir/MiniOzoneClusterImpl-a66fa8d6-020b-4b94-8246-f6312d57d8d8/datanode-6/data/ratis/da257f21-0c4d-4198-a22a-b8c516d6aa36/current/log_inprogress_0
2019-09-04 17:22:06,317 [grpc-default-executor-19] INFO  impl.RaftServerImpl (RaftServerImpl.java:setRole(174)) - 68b00d87-9377-45fc-b239-8a920c60ab91@group-EABC9F1D04E5: changes role from  FOLLOWER to FOLLOWER at term 1 for recognizeCandidate:f6d82e5c-6716-4219-a3ef-c5ab4e3fce32
2019-09-04 17:22:06,317 [grpc-default-executor-19] INFO  impl.RoleInfo (RoleInfo.java:shutdownFollowerState(121)) - 68b00d87-9377-45fc-b239-8a920c60ab91: shutdown FollowerState
2019-09-04 17:22:06,317 [grpc-default-executor-19] INFO  impl.RoleInfo (RoleInfo.java:updateAndGet(143)) - 68b00d87-9377-45fc-b239-8a920c60ab91: start FollowerState
2019-09-04 17:22:06,320 [grpc-default-executor-13] INFO  impl.RaftServerImpl (RaftServerImpl.java:setRole(174)) - 8a70ad64-e1a6-42ae-868f-404e248e38b5@group-EABC9F1D04E5: changes role from  FOLLOWER to FOLLOWER at term 1 for recognizeCandidate:f6d82e5c-6716-4219-a3ef-c5ab4e3fce32
2019-09-04 17:22:06,321 [grpc-default-executor-13] INFO  impl.RoleInfo (RoleInfo.java:shutdownFollowerState(121)) - 8a70ad64-e1a6-42ae-868f-404e248e38b5: shutdown FollowerState
2019-09-04 17:22:06,321 [Thread-4569] INFO  impl.FollowerState (FollowerState.java:run(115)) - 68b00d87-9377-45fc-b239-8a920c60ab91: FollowerState was interrupted: java.lang.InterruptedException: sleep interrupted
2019-09-04 17:22:06,321 [grpc-default-executor-13] INFO  impl.RoleInfo (RoleInfo.java:updateAndGet(143)) - 8a70ad64-e1a6-42ae-868f-404e248e38b5: start FollowerState
2019-09-04 17:22:06,324 [Thread-4573] INFO  impl.FollowerState (FollowerState.java:run(115)) - 8a70ad64-e1a6-42ae-868f-404e248e38b5: FollowerState was interrupted: java.lang.InterruptedException: sleep interrupted
2019-09-04 17:22:06,351 [f6d82e5c-6716-4219-a3ef-c5ab4e3fce32@group-EABC9F1D04E5:LeaderElection134] INFO  impl.LeaderElection (LeaderElection.java:logAndReturn(56)) - f6d82e5c-6716-4219-a3ef-c5ab4e3fce32@group-EABC9F1D04E5:LeaderElection134: Election PASSED; received 1 response(s) [f6d82e5c-6716-4219-a3ef-c5ab4e3fce32<-8a70ad64-e1a6-42ae-868f-404e248e38b5#0:OK-t1] and 0 exception(s); f6d82e5c-6716-4219-a3ef-c5ab4e3fce32@group-EABC9F1D04E5:t1, leader=null, voted=f6d82e5c-6716-4219-a3ef-c5ab4e3fce32, raftlog=f6d82e5c-6716-4219-a3ef-c5ab4e3fce32@group-EABC9F1D04E5-SegmentedRaftLog:OPENED:c-1,f-1,i0, conf=-1: [8a70ad64-e1a6-42ae-868f-404e248e38b5:192.168.34.57:36900, 68b00d87-9377-45fc-b239-8a920c60ab91:192.168.34.57:36946, f6d82e5c-6716-4219-a3ef-c5ab4e3fce32:192.168.34.57:39456], old=null
2019-09-04 17:22:06,351 [f6d82e5c-6716-4219-a3ef-c5ab4e3fce32@group-EABC9F1D04E5:LeaderElection134] INFO  impl.RoleInfo (RoleInfo.java:shutdownLeaderElection(134)) - f6d82e5c-6716-4219-a3ef-c5ab4e3fce32: shutdown LeaderElection
2019-09-04 17:22:06,351 [f6d82e5c-6716-4219-a3ef-c5ab4e3fce32@group-EABC9F1D04E5:LeaderElection134] INFO  impl.RaftServerImpl (RaftServerImpl.java:setRole(174)) - f6d82e5c-6716-4219-a3ef-c5ab4e3fce32@group-EABC9F1D04E5: changes role from CANDIDATE to LEADER at term 1 for changeToLeader
2019-09-04 17:22:06,351 [f6d82e5c-6716-4219-a3ef-c5ab4e3fce32@group-EABC9F1D04E5:LeaderElection134] INFO  impl.RaftServerImpl (ServerState.java:setLeader(253)) - f6d82e5c-6716-4219-a3ef-c5ab4e3fce32@group-EABC9F1D04E5: change Leader from null to f6d82e5c-6716-4219-a3ef-c5ab4e3fce32 at term 1 for becomeLeader, leader elected after 5097ms
2019-09-04 17:22:06,352 [f6d82e5c-6716-4219-a3ef-c5ab4e3fce32@group-EABC9F1D04E5:LeaderElection134] INFO  server.RaftServerConfigKeys (ConfUtils.java:logGet(43)) - raft.server.staging.catchup.gap = 1000 (default)
2019-09-04 17:22:06,352 [f6d82e5c-6716-4219-a3ef-c5ab4e3fce32@group-EABC9F1D04E5:LeaderElection134] INFO  server.RaftServerConfigKeys (ConfUtils.java:logGet(43)) - raft.server.rpc.sleep.time = 25ms (default)
2019-09-04 17:22:06,352 [f6d82e5c-6716-4219-a3ef-c5ab4e3fce32@group-EABC9F1D04E5:LeaderElection134] INFO  server.RaftServerConfigKeys (ConfUtils.java:logGet(43)) - raft.server.write.element-limit = 4096 (default)
2019-09-04 17:22:06,352 [f6d82e5c-6716-4219-a3ef-c5ab4e3fce32@group-EABC9F1D04E5:LeaderElection134] INFO  server.RaftServerConfigKeys (ConfUtils.java:logGet(43)) - raft.server.watch.timeout = 10s (default)
2019-09-04 17:22:06,352 [f6d82e5c-6716-4219-a3ef-c5ab4e3fce32@group-EABC9F1D04E5:LeaderElection134] INFO  server.RaftServerConfigKeys (ConfUtils.java:logGet(43)) - raft.server.watch.timeout.denomination = 1s (default)
2019-09-04 17:22:06,353 [f6d82e5c-6716-4219-a3ef-c5ab4e3fce32@group-EABC9F1D04E5:LeaderElection134] INFO  server.RaftServerConfigKeys (ConfUtils.java:logGet(43)) - raft.server.watch.element-limit = 65536 (default)
2019-09-04 17:22:06,355 [f6d82e5c-6716-4219-a3ef-c5ab4e3fce32@group-EABC9F1D04E5:LeaderElection134] INFO  server.RaftServerConfigKeys (ConfUtils.java:logGet(43)) - raft.server.log.appender.snapshot.chunk.size.max = 16MB (=16777216) (default)
2019-09-04 17:22:06,355 [f6d82e5c-6716-4219-a3ef-c5ab4e3fce32@group-EABC9F1D04E5:LeaderElection134] INFO  server.RaftServerConfigKeys (ConfUtils.java:logGet(43)) - raft.server.log.appender.buffer.byte-limit = 33554432 (custom)
2019-09-04 17:22:06,355 [f6d82e5c-6716-4219-a3ef-c5ab4e3fce32@group-EABC9F1D04E5:LeaderElection134] INFO  server.RaftServerConfigKeys (ConfUtils.java:logGet(43)) - raft.server.log.appender.buffer.element-limit = 1 (custom)
2019-09-04 17:22:06,356 [f6d82e5c-6716-4219-a3ef-c5ab4e3fce32@group-EABC9F1D04E5:LeaderElection134] INFO  grpc.GrpcConfigKeys$Server (ConfUtils.java:logGet(43)) - raft.grpc.server.leader.outstanding.appends.max = 128 (default)
2019-09-04 17:22:06,356 [f6d82e5c-6716-4219-a3ef-c5ab4e3fce32@group-EABC9F1D04E5:LeaderElection134] INFO  server.RaftServerConfigKeys (ConfUtils.java:logGet(43)) - raft.server.rpc.request.timeout = 3000ms (default)
2019-09-04 17:22:06,356 [f6d82e5c-6716-4219-a3ef-c5ab4e3fce32@group-EABC9F1D04E5:LeaderElection134] INFO  server.RaftServerConfigKeys (ConfUtils.java:logGet(43)) - raft.server.log.appender.install.snapshot.enabled = false (custom)
2019-09-04 17:22:06,356 [f6d82e5c-6716-4219-a3ef-c5ab4e3fce32@group-EABC9F1D04E5:LeaderElection134] INFO  server.RaftServerConfigKeys (ConfUtils.java:logGet(43)) - raft.server.log.appender.snapshot.chunk.size.max = 16MB (=16777216) (default)
2019-09-04 17:22:06,357 [f6d82e5c-6716-4219-a3ef-c5ab4e3fce32@group-EABC9F1D04E5:LeaderElection134] INFO  server.RaftServerConfigKeys (ConfUtils.java:logGet(43)) - raft.server.log.appender.buffer.byte-limit = 33554432 (custom)
2019-09-04 17:22:06,357 [f6d82e5c-6716-4219-a3ef-c5ab4e3fce32@group-EABC9F1D04E5:LeaderElection134] INFO  server.RaftServerConfigKeys (ConfUtils.java:logGet(43)) - raft.server.log.appender.buffer.element-limit = 1 (custom)
2019-09-04 17:22:06,357 [f6d82e5c-6716-4219-a3ef-c5ab4e3fce32@group-EABC9F1D04E5:LeaderElection134] INFO  grpc.GrpcConfigKeys$Server (ConfUtils.java:logGet(43)) - raft.grpc.server.leader.outstanding.appends.max = 128 (default)
2019-09-04 17:22:06,357 [f6d82e5c-6716-4219-a3ef-c5ab4e3fce32@group-EABC9F1D04E5:LeaderElection134] INFO  server.RaftServerConfigKeys (ConfUtils.java:logGet(43)) - raft.server.rpc.request.timeout = 3000ms (default)
2019-09-04 17:22:06,357 [f6d82e5c-6716-4219-a3ef-c5ab4e3fce32@group-EABC9F1D04E5:LeaderElection134] INFO  server.RaftServerConfigKeys (ConfUtils.java:logGet(43)) - raft.server.log.appender.install.snapshot.enabled = false (custom)
2019-09-04 17:22:06,358 [f6d82e5c-6716-4219-a3ef-c5ab4e3fce32@group-EABC9F1D04E5:LeaderElection134] INFO  impl.RoleInfo (RoleInfo.java:updateAndGet(143)) - f6d82e5c-6716-4219-a3ef-c5ab4e3fce32: start LeaderState
2019-09-04 17:22:06,358 [f6d82e5c-6716-4219-a3ef-c5ab4e3fce32@group-EABC9F1D04E5:LeaderElection134] INFO  segmented.SegmentedRaftLogWorker (SegmentedRaftLogWorker.java:startLogSegment(380)) - f6d82e5c-6716-4219-a3ef-c5ab4e3fce32@group-EABC9F1D04E5-SegmentedRaftLogWorker: Starting segment from index:0
2019-09-04 17:22:06,359 [f6d82e5c-6716-4219-a3ef-c5ab4e3fce32@group-EABC9F1D04E5:LeaderElection134] INFO  impl.RaftServerImpl (ServerState.java:setRaftConf(354)) - f6d82e5c-6716-4219-a3ef-c5ab4e3fce32@group-EABC9F1D04E5: set configuration 0: [8a70ad64-e1a6-42ae-868f-404e248e38b5:192.168.34.57:36900, 68b00d87-9377-45fc-b239-8a920c60ab91:192.168.34.57:36946, f6d82e5c-6716-4219-a3ef-c5ab4e3fce32:192.168.34.57:39456], old=null at 0
2019-09-04 17:22:06,360 [grpc-default-executor-19] INFO  impl.RaftServerImpl (ServerState.java:setLeader(253)) - 68b00d87-9377-45fc-b239-8a920c60ab91@group-EABC9F1D04E5: change Leader from null to f6d82e5c-6716-4219-a3ef-c5ab4e3fce32 at term 1 for appendEntries, leader elected after 5106ms
2019-09-04 17:22:06,396 [grpc-default-executor-19] INFO  impl.RaftServerImpl (ServerState.java:setLeader(253)) - 8a70ad64-e1a6-42ae-868f-404e248e38b5@group-EABC9F1D04E5: change Leader from null to f6d82e5c-6716-4219-a3ef-c5ab4e3fce32 at term 1 for appendEntries, leader elected after 5142ms
2019-09-04 17:22:06,398 [grpc-default-executor-19] INFO  impl.RaftServerImpl (ServerState.java:setRaftConf(354)) - 68b00d87-9377-45fc-b239-8a920c60ab91@group-EABC9F1D04E5: set configuration 0: [8a70ad64-e1a6-42ae-868f-404e248e38b5:192.168.34.57:36900, 68b00d87-9377-45fc-b239-8a920c60ab91:192.168.34.57:36946, f6d82e5c-6716-4219-a3ef-c5ab4e3fce32:192.168.34.57:39456], old=null at 0
2019-09-04 17:22:06,398 [grpc-default-executor-19] INFO  segmented.SegmentedRaftLogWorker (SegmentedRaftLogWorker.java:startLogSegment(380)) - 68b00d87-9377-45fc-b239-8a920c60ab91@group-EABC9F1D04E5-SegmentedRaftLogWorker: Starting segment from index:0
2019-09-04 17:22:06,399 [grpc-default-executor-13] INFO  impl.RaftServerImpl (ServerState.java:setRaftConf(354)) - 8a70ad64-e1a6-42ae-868f-404e248e38b5@group-EABC9F1D04E5: set configuration 0: [8a70ad64-e1a6-42ae-868f-404e248e38b5:192.168.34.57:36900, 68b00d87-9377-45fc-b239-8a920c60ab91:192.168.34.57:36946, f6d82e5c-6716-4219-a3ef-c5ab4e3fce32:192.168.34.57:39456], old=null at 0
2019-09-04 17:22:06,399 [grpc-default-executor-13] INFO  segmented.SegmentedRaftLogWorker (SegmentedRaftLogWorker.java:startLogSegment(380)) - 8a70ad64-e1a6-42ae-868f-404e248e38b5@group-EABC9F1D04E5-SegmentedRaftLogWorker: Starting segment from index:0
2019-09-04 17:22:06,421 [f6d82e5c-6716-4219-a3ef-c5ab4e3fce32@group-EABC9F1D04E5-SegmentedRaftLogWorker] INFO  segmented.SegmentedRaftLogWorker (SegmentedRaftLogWorker.java:execute(569)) - f6d82e5c-6716-4219-a3ef-c5ab4e3fce32@group-EABC9F1D04E5-SegmentedRaftLogWorker: created new log segment /workdir/hadoop-ozone/integration-test/target/test-dir/MiniOzoneClusterImpl-a66fa8d6-020b-4b94-8246-f6312d57d8d8/datanode-5/data/ratis/5ceb3533-0711-4d23-a6b9-eabc9f1d04e5/current/log_inprogress_0
2019-09-04 17:22:06,448 [8a70ad64-e1a6-42ae-868f-404e248e38b5@group-EABC9F1D04E5-SegmentedRaftLogWorker] INFO  segmented.SegmentedRaftLogWorker (SegmentedRaftLogWorker.java:execute(569)) - 8a70ad64-e1a6-42ae-868f-404e248e38b5@group-EABC9F1D04E5-SegmentedRaftLogWorker: created new log segment /workdir/hadoop-ozone/integration-test/target/test-dir/MiniOzoneClusterImpl-a66fa8d6-020b-4b94-8246-f6312d57d8d8/datanode-3/data/ratis/5ceb3533-0711-4d23-a6b9-eabc9f1d04e5/current/log_inprogress_0
2019-09-04 17:22:06,448 [68b00d87-9377-45fc-b239-8a920c60ab91@group-EABC9F1D04E5-SegmentedRaftLogWorker] INFO  segmented.SegmentedRaftLogWorker (SegmentedRaftLogWorker.java:execute(569)) - 68b00d87-9377-45fc-b239-8a920c60ab91@group-EABC9F1D04E5-SegmentedRaftLogWorker: created new log segment /workdir/hadoop-ozone/integration-test/target/test-dir/MiniOzoneClusterImpl-a66fa8d6-020b-4b94-8246-f6312d57d8d8/datanode-4/data/ratis/5ceb3533-0711-4d23-a6b9-eabc9f1d04e5/current/log_inprogress_0
2019-09-04 17:22:06,483 [grpc-default-executor-19] INFO  client.GrpcClientProtocolClient (GrpcClientProtocolClient.java:onNext(264)) - client-E09E28328E5E->cad45df4-26f2-449d-983b-430c10f8e6a0: receive RaftClientReply:client-E09E28328E5E->cad45df4-26f2-449d-983b-430c10f8e6a0@group-FE72DDC5082C, cid=278, SUCCESS, logIndex=1, commits[cad45df4-26f2-449d-983b-430c10f8e6a0:c1, 914eab85-949a-416f-9a58-a19ca86126d9:c0, e17d7d03-be12-4cbb-996b-76694a3eb499:c0]
2019-09-04 17:22:06,497 [grpc-default-executor-17] INFO  client.GrpcClientProtocolClient (GrpcClientProtocolClient.java:onNext(264)) - client-E09E28328E5E->cad45df4-26f2-449d-983b-430c10f8e6a0: receive RaftClientReply:client-E09E28328E5E->cad45df4-26f2-449d-983b-430c10f8e6a0@group-FE72DDC5082C, cid=279, SUCCESS, logIndex=3, commits[cad45df4-26f2-449d-983b-430c10f8e6a0:c4, 914eab85-949a-416f-9a58-a19ca86126d9:c1, e17d7d03-be12-4cbb-996b-76694a3eb499:c1]
2019-09-04 17:22:06,538 [grpc-default-executor-17] INFO  client.GrpcClientProtocolClient (GrpcClientProtocolClient.java:onNext(264)) - client-E09E28328E5E->cad45df4-26f2-449d-983b-430c10f8e6a0: receive RaftClientReply:client-E09E28328E5E->cad45df4-26f2-449d-983b-430c10f8e6a0@group-FE72DDC5082C, cid=280, SUCCESS, logIndex=4, commits[cad45df4-26f2-449d-983b-430c10f8e6a0:c6, 914eab85-949a-416f-9a58-a19ca86126d9:c4, e17d7d03-be12-4cbb-996b-76694a3eb499:c4]
2019-09-04 17:22:06,539 [EventQueue-CloseContainerForCloseContainerEventHandler] INFO  container.CloseContainerEventHandler (CloseContainerEventHandler.java:onMessage(61)) - Close container Event triggered for container : #1
2019-09-04 17:22:06,540 [EventQueue-CloseContainerForCloseContainerEventHandler] INFO  container.CloseContainerEventHandler (CloseContainerEventHandler.java:onMessage(61)) - Close container Event triggered for container : #1
2019-09-04 17:22:06,540 [EventQueue-CloseContainerForCloseContainerEventHandler] INFO  container.CloseContainerEventHandler (CloseContainerEventHandler.java:onMessage(61)) - Close container Event triggered for container : #1
2019-09-04 17:22:07,777 [RatisApplyTransactionExecutor 1] INFO  interfaces.Container (KeyValueContainer.java:flushAndSyncDB(382)) - Container 1 is synced with bcsId 4.
2019-09-04 17:22:07,778 [RatisApplyTransactionExecutor 1] INFO  interfaces.Container (KeyValueContainer.java:flushAndSyncDB(382)) - Container 1 is synced with bcsId 4.
2019-09-04 17:22:07,793 [RatisApplyTransactionExecutor 1] INFO  interfaces.Container (KeyValueContainer.java:flushAndSyncDB(382)) - Container 1 is synced with bcsId 4.
2019-09-04 17:22:07,793 [RatisApplyTransactionExecutor 1] INFO  interfaces.Container (KeyValueContainer.java:flushAndSyncDB(382)) - Container 1 is synced with bcsId 4.
2019-09-04 17:22:07,794 [EventQueue-IncrementalContainerReportForIncrementalContainerReportHandler] INFO  container.IncrementalContainerReportHandler (AbstractContainerReportHandler.java:updateContainerState(176)) - Moving container #1 to CLOSED state, datanode cad45df4-26f2-449d-983b-430c10f8e6a0{ip: 192.168.34.57, host: pr-hdds-1561-mdkws-1819952476, networkLocation: /default-rack, certSerialId: null} reported CLOSED replica.
2019-09-04 17:22:07,793 [RatisApplyTransactionExecutor 1] INFO  interfaces.Container (KeyValueContainer.java:flushAndSyncDB(382)) - Container 1 is synced with bcsId 4.
2019-09-04 17:22:07,794 [RatisApplyTransactionExecutor 1] INFO  interfaces.Container (KeyValueContainer.java:flushAndSyncDB(382)) - Container 1 is synced with bcsId 4.
17:22:08.041 [grpc-default-executor-17] ERROR DNAudit - user=null | ip=null | op=WRITE_CHUNK {blockData=conID: 1 locID: 102735395041902615 bcsId: 4} | ret=FAILURE
org.apache.hadoop.hdds.scm.container.common.helpers.ContainerNotOpenException: Container 1 in CLOSED state
	at org.apache.hadoop.ozone.container.common.impl.HddsDispatcher.validateContainerCommand(HddsDispatcher.java:408) ~[hadoop-hdds-container-service-0.5.0-SNAPSHOT.jar:?]
	at org.apache.hadoop.ozone.container.common.transport.server.ratis.ContainerStateMachine.startTransaction(ContainerStateMachine.java:315) ~[hadoop-hdds-container-service-0.5.0-SNAPSHOT.jar:?]
	at org.apache.ratis.server.impl.RaftServerImpl.submitClientRequestAsync(RaftServerImpl.java:573) ~[ratis-server-0.4.0-78e95b9-SNAPSHOT.jar:0.4.0-78e95b9-SNAPSHOT]
	at org.apache.ratis.server.impl.RaftServerProxy.lambda$submitClientRequestAsync$7(RaftServerProxy.java:333) ~[ratis-server-0.4.0-78e95b9-SNAPSHOT.jar:0.4.0-78e95b9-SNAPSHOT]
	at org.apache.ratis.server.impl.RaftServerProxy.lambda$null$5(RaftServerProxy.java:328) ~[ratis-server-0.4.0-78e95b9-SNAPSHOT.jar:0.4.0-78e95b9-SNAPSHOT]
	at org.apache.ratis.util.JavaUtils.callAsUnchecked(JavaUtils.java:109) ~[ratis-common-0.4.0-78e95b9-SNAPSHOT.jar:0.4.0-78e95b9-SNAPSHOT]
	at org.apache.ratis.server.impl.RaftServerProxy.lambda$submitRequest$6(RaftServerProxy.java:328) ~[ratis-server-0.4.0-78e95b9-SNAPSHOT.jar:0.4.0-78e95b9-SNAPSHOT]
	at java.util.concurrent.CompletableFuture.uniComposeStage(CompletableFuture.java:981) ~[?:1.8.0_212]
	at java.util.concurrent.CompletableFuture.thenCompose(CompletableFuture.java:2124) ~[?:1.8.0_212]
	at org.apache.ratis.server.impl.RaftServerProxy.submitRequest(RaftServerProxy.java:327) ~[ratis-server-0.4.0-78e95b9-SNAPSHOT.jar:0.4.0-78e95b9-SNAPSHOT]
	at org.apache.ratis.server.impl.RaftServerProxy.submitClientRequestAsync(RaftServerProxy.java:333) ~[ratis-server-0.4.0-78e95b9-SNAPSHOT.jar:0.4.0-78e95b9-SNAPSHOT]
	at org.apache.ratis.grpc.client.GrpcClientProtocolService$RequestStreamObserver.processClientRequest(GrpcClientProtocolService.java:220) ~[ratis-grpc-0.4.0-78e95b9-SNAPSHOT.jar:0.4.0-78e95b9-SNAPSHOT]
	at org.apache.ratis.grpc.client.GrpcClientProtocolService$OrderedRequestStreamObserver.processClientRequest(GrpcClientProtocolService.java:326) ~[ratis-grpc-0.4.0-78e95b9-SNAPSHOT.jar:0.4.0-78e95b9-SNAPSHOT]
	at org.apache.ratis.util.SlidingWindow$Server.processRequestsFromHead(SlidingWindow.java:429) [ratis-common-0.4.0-78e95b9-SNAPSHOT.jar:0.4.0-78e95b9-SNAPSHOT]
	at org.apache.ratis.util.SlidingWindow$Server.receivedRequest(SlidingWindow.java:421) [ratis-common-0.4.0-78e95b9-SNAPSHOT.jar:0.4.0-78e95b9-SNAPSHOT]
	at org.apache.ratis.grpc.client.GrpcClientProtocolService$OrderedRequestStreamObserver.processClientRequest(GrpcClientProtocolService.java:345) [ratis-grpc-0.4.0-78e95b9-SNAPSHOT.jar:0.4.0-78e95b9-SNAPSHOT]
	at org.apache.ratis.grpc.client.GrpcClientProtocolService$RequestStreamObserver.onNext(GrpcClientProtocolService.java:240) [ratis-grpc-0.4.0-78e95b9-SNAPSHOT.jar:0.4.0-78e95b9-SNAPSHOT]
	at org.apache.ratis.grpc.client.GrpcClientProtocolService$RequestStreamObserver.onNext(GrpcClientProtocolService.java:168) [ratis-grpc-0.4.0-78e95b9-SNAPSHOT.jar:0.4.0-78e95b9-SNAPSHOT]
	at org.apache.ratis.thirdparty.io.grpc.stub.ServerCalls$StreamingServerCallHandler$StreamingServerCallListener.onMessage(ServerCalls.java:248) [ratis-thirdparty-misc-0.2.0.jar:0.2.0]
	at org.apache.ratis.thirdparty.io.grpc.internal.ServerCallImpl$ServerStreamListenerImpl.messagesAvailable(ServerCallImpl.java:263) [ratis-thirdparty-misc-0.2.0.jar:0.2.0]
	at org.apache.ratis.thirdparty.io.grpc.internal.ServerImpl$JumpToApplicationThreadServerStreamListener$1MessagesAvailable.runInContext(ServerImpl.java:686) [ratis-thirdparty-misc-0.2.0.jar:0.2.0]
	at org.apache.ratis.thirdparty.io.grpc.internal.ContextRunnable.run(ContextRunnable.java:37) [ratis-thirdparty-misc-0.2.0.jar:0.2.0]
	at org.apache.ratis.thirdparty.io.grpc.internal.SerializingExecutor.run(SerializingExecutor.java:123) [ratis-thirdparty-misc-0.2.0.jar:0.2.0]
	at java.util.concurrent.ThreadPoolExecutor.runWorker(ThreadPoolExecutor.java:1149) [?:1.8.0_212]
	at java.util.concurrent.ThreadPoolExecutor$Worker.run(ThreadPoolExecutor.java:624) [?:1.8.0_212]
	at java.lang.Thread.run(Thread.java:748) [?:1.8.0_212]
17:22:08.043 [grpc-default-executor-17] ERROR DNAudit - user=null | ip=null | op=WRITE_CHUNK {blockData=conID: 1 locID: 102735395041902615 bcsId: 4} | ret=FAILURE
org.apache.hadoop.hdds.scm.container.common.helpers.ContainerNotOpenException: Container 1 in CLOSED state
	at org.apache.hadoop.ozone.container.common.impl.HddsDispatcher.validateContainerCommand(HddsDispatcher.java:408) ~[hadoop-hdds-container-service-0.5.0-SNAPSHOT.jar:?]
	at org.apache.hadoop.ozone.container.common.transport.server.ratis.ContainerStateMachine.startTransaction(ContainerStateMachine.java:315) ~[hadoop-hdds-container-service-0.5.0-SNAPSHOT.jar:?]
	at org.apache.ratis.server.impl.RaftServerImpl.submitClientRequestAsync(RaftServerImpl.java:573) ~[ratis-server-0.4.0-78e95b9-SNAPSHOT.jar:0.4.0-78e95b9-SNAPSHOT]
	at org.apache.ratis.server.impl.RaftServerProxy.lambda$submitClientRequestAsync$7(RaftServerProxy.java:333) ~[ratis-server-0.4.0-78e95b9-SNAPSHOT.jar:0.4.0-78e95b9-SNAPSHOT]
	at org.apache.ratis.server.impl.RaftServerProxy.lambda$null$5(RaftServerProxy.java:328) ~[ratis-server-0.4.0-78e95b9-SNAPSHOT.jar:0.4.0-78e95b9-SNAPSHOT]
	at org.apache.ratis.util.JavaUtils.callAsUnchecked(JavaUtils.java:109) ~[ratis-common-0.4.0-78e95b9-SNAPSHOT.jar:0.4.0-78e95b9-SNAPSHOT]
	at org.apache.ratis.server.impl.RaftServerProxy.lambda$submitRequest$6(RaftServerProxy.java:328) ~[ratis-server-0.4.0-78e95b9-SNAPSHOT.jar:0.4.0-78e95b9-SNAPSHOT]
	at java.util.concurrent.CompletableFuture.uniComposeStage(CompletableFuture.java:981) ~[?:1.8.0_212]
	at java.util.concurrent.CompletableFuture.thenCompose(CompletableFuture.java:2124) ~[?:1.8.0_212]
	at org.apache.ratis.server.impl.RaftServerProxy.submitRequest(RaftServerProxy.java:327) ~[ratis-server-0.4.0-78e95b9-SNAPSHOT.jar:0.4.0-78e95b9-SNAPSHOT]
	at org.apache.ratis.server.impl.RaftServerProxy.submitClientRequestAsync(RaftServerProxy.java:333) ~[ratis-server-0.4.0-78e95b9-SNAPSHOT.jar:0.4.0-78e95b9-SNAPSHOT]
	at org.apache.ratis.grpc.client.GrpcClientProtocolService$RequestStreamObserver.processClientRequest(GrpcClientProtocolService.java:220) ~[ratis-grpc-0.4.0-78e95b9-SNAPSHOT.jar:0.4.0-78e95b9-SNAPSHOT]
	at org.apache.ratis.grpc.client.GrpcClientProtocolService$OrderedRequestStreamObserver.processClientRequest(GrpcClientProtocolService.java:326) ~[ratis-grpc-0.4.0-78e95b9-SNAPSHOT.jar:0.4.0-78e95b9-SNAPSHOT]
	at org.apache.ratis.util.SlidingWindow$Server.processRequestsFromHead(SlidingWindow.java:429) [ratis-common-0.4.0-78e95b9-SNAPSHOT.jar:0.4.0-78e95b9-SNAPSHOT]
	at org.apache.ratis.util.SlidingWindow$Server.receivedRequest(SlidingWindow.java:421) [ratis-common-0.4.0-78e95b9-SNAPSHOT.jar:0.4.0-78e95b9-SNAPSHOT]
	at org.apache.ratis.grpc.client.GrpcClientProtocolService$OrderedRequestStreamObserver.processClientRequest(GrpcClientProtocolService.java:345) [ratis-grpc-0.4.0-78e95b9-SNAPSHOT.jar:0.4.0-78e95b9-SNAPSHOT]
	at org.apache.ratis.grpc.client.GrpcClientProtocolService$RequestStreamObserver.onNext(GrpcClientProtocolService.java:240) [ratis-grpc-0.4.0-78e95b9-SNAPSHOT.jar:0.4.0-78e95b9-SNAPSHOT]
	at org.apache.ratis.grpc.client.GrpcClientProtocolService$RequestStreamObserver.onNext(GrpcClientProtocolService.java:168) [ratis-grpc-0.4.0-78e95b9-SNAPSHOT.jar:0.4.0-78e95b9-SNAPSHOT]
	at org.apache.ratis.thirdparty.io.grpc.stub.ServerCalls$StreamingServerCallHandler$StreamingServerCallListener.onMessage(ServerCalls.java:248) [ratis-thirdparty-misc-0.2.0.jar:0.2.0]
	at org.apache.ratis.thirdparty.io.grpc.internal.ServerCallImpl$ServerStreamListenerImpl.messagesAvailable(ServerCallImpl.java:263) [ratis-thirdparty-misc-0.2.0.jar:0.2.0]
	at org.apache.ratis.thirdparty.io.grpc.internal.ServerImpl$JumpToApplicationThreadServerStreamListener$1MessagesAvailable.runInContext(ServerImpl.java:686) [ratis-thirdparty-misc-0.2.0.jar:0.2.0]
	at org.apache.ratis.thirdparty.io.grpc.internal.ContextRunnable.run(ContextRunnable.java:37) [ratis-thirdparty-misc-0.2.0.jar:0.2.0]
	at org.apache.ratis.thirdparty.io.grpc.internal.SerializingExecutor.run(SerializingExecutor.java:123) [ratis-thirdparty-misc-0.2.0.jar:0.2.0]
	at java.util.concurrent.ThreadPoolExecutor.runWorker(ThreadPoolExecutor.java:1149) [?:1.8.0_212]
	at java.util.concurrent.ThreadPoolExecutor$Worker.run(ThreadPoolExecutor.java:624) [?:1.8.0_212]
	at java.lang.Thread.run(Thread.java:748) [?:1.8.0_212]
2019-09-04 17:22:08,060 [grpc-default-executor-19] INFO  client.GrpcClientProtocolClient (GrpcClientProtocolClient.java:onNext(264)) - client-E09E28328E5E->cad45df4-26f2-449d-983b-430c10f8e6a0: receive RaftClientReply:client-E09E28328E5E->cad45df4-26f2-449d-983b-430c10f8e6a0@group-FE72DDC5082C, cid=281, FAILED org.apache.ratis.protocol.StateMachineException: org.apache.hadoop.hdds.scm.container.common.helpers.ContainerNotOpenException from Server cad45df4-26f2-449d-983b-430c10f8e6a0@group-FE72DDC5082C: Container 1 in CLOSED state, logIndex=0, commits[cad45df4-26f2-449d-983b-430c10f8e6a0:c8, 914eab85-949a-416f-9a58-a19ca86126d9:c7, e17d7d03-be12-4cbb-996b-76694a3eb499:c7]
17:22:08.059 [grpc-default-executor-17] ERROR DNAudit - user=null | ip=null | op=PUT_BLOCK {blockData=[blockId=conID: 1 locID: 102735395041902615 bcsId: 0,size=334]} | ret=FAILURE
org.apache.hadoop.hdds.scm.container.common.helpers.ContainerNotOpenException: Container 1 in CLOSED state
	at org.apache.hadoop.ozone.container.common.impl.HddsDispatcher.validateContainerCommand(HddsDispatcher.java:408) ~[hadoop-hdds-container-service-0.5.0-SNAPSHOT.jar:?]
	at org.apache.hadoop.ozone.container.common.transport.server.ratis.ContainerStateMachine.startTransaction(ContainerStateMachine.java:315) ~[hadoop-hdds-container-service-0.5.0-SNAPSHOT.jar:?]
	at org.apache.ratis.server.impl.RaftServerImpl.submitClientRequestAsync(RaftServerImpl.java:573) ~[ratis-server-0.4.0-78e95b9-SNAPSHOT.jar:0.4.0-78e95b9-SNAPSHOT]
	at org.apache.ratis.server.impl.RaftServerProxy.lambda$submitClientRequestAsync$7(RaftServerProxy.java:333) ~[ratis-server-0.4.0-78e95b9-SNAPSHOT.jar:0.4.0-78e95b9-SNAPSHOT]
	at org.apache.ratis.server.impl.RaftServerProxy.lambda$null$5(RaftServerProxy.java:328) ~[ratis-server-0.4.0-78e95b9-SNAPSHOT.jar:0.4.0-78e95b9-SNAPSHOT]
	at org.apache.ratis.util.JavaUtils.callAsUnchecked(JavaUtils.java:109) ~[ratis-common-0.4.0-78e95b9-SNAPSHOT.jar:0.4.0-78e95b9-SNAPSHOT]
	at org.apache.ratis.server.impl.RaftServerProxy.lambda$submitRequest$6(RaftServerProxy.java:328) ~[ratis-server-0.4.0-78e95b9-SNAPSHOT.jar:0.4.0-78e95b9-SNAPSHOT]
	at java.util.concurrent.CompletableFuture.uniComposeStage(CompletableFuture.java:981) ~[?:1.8.0_212]
	at java.util.concurrent.CompletableFuture.thenCompose(CompletableFuture.java:2124) ~[?:1.8.0_212]
	at org.apache.ratis.server.impl.RaftServerProxy.submitRequest(RaftServerProxy.java:327) ~[ratis-server-0.4.0-78e95b9-SNAPSHOT.jar:0.4.0-78e95b9-SNAPSHOT]
	at org.apache.ratis.server.impl.RaftServerProxy.submitClientRequestAsync(RaftServerProxy.java:333) ~[ratis-server-0.4.0-78e95b9-SNAPSHOT.jar:0.4.0-78e95b9-SNAPSHOT]
	at org.apache.ratis.grpc.client.GrpcClientProtocolService$RequestStreamObserver.processClientRequest(GrpcClientProtocolService.java:220) ~[ratis-grpc-0.4.0-78e95b9-SNAPSHOT.jar:0.4.0-78e95b9-SNAPSHOT]
	at org.apache.ratis.grpc.client.GrpcClientProtocolService$OrderedRequestStreamObserver.processClientRequest(GrpcClientProtocolService.java:326) ~[ratis-grpc-0.4.0-78e95b9-SNAPSHOT.jar:0.4.0-78e95b9-SNAPSHOT]
	at org.apache.ratis.util.SlidingWindow$Server.processRequestsFromHead(SlidingWindow.java:429) [ratis-common-0.4.0-78e95b9-SNAPSHOT.jar:0.4.0-78e95b9-SNAPSHOT]
	at org.apache.ratis.util.SlidingWindow$Server.receivedRequest(SlidingWindow.java:421) [ratis-common-0.4.0-78e95b9-SNAPSHOT.jar:0.4.0-78e95b9-SNAPSHOT]
	at org.apache.ratis.grpc.client.GrpcClientProtocolService$OrderedRequestStreamObserver.processClientRequest(GrpcClientProtocolService.java:345) [ratis-grpc-0.4.0-78e95b9-SNAPSHOT.jar:0.4.0-78e95b9-SNAPSHOT]
	at org.apache.ratis.grpc.client.GrpcClientProtocolService$RequestStreamObserver.onNext(GrpcClientProtocolService.java:240) [ratis-grpc-0.4.0-78e95b9-SNAPSHOT.jar:0.4.0-78e95b9-SNAPSHOT]
	at org.apache.ratis.grpc.client.GrpcClientProtocolService$RequestStreamObserver.onNext(GrpcClientProtocolService.java:168) [ratis-grpc-0.4.0-78e95b9-SNAPSHOT.jar:0.4.0-78e95b9-SNAPSHOT]
	at org.apache.ratis.thirdparty.io.grpc.stub.ServerCalls$StreamingServerCallHandler$StreamingServerCallListener.onMessage(ServerCalls.java:248) [ratis-thirdparty-misc-0.2.0.jar:0.2.0]
	at org.apache.ratis.thirdparty.io.grpc.internal.ServerCallImpl$ServerStreamListenerImpl.messagesAvailable(ServerCallImpl.java:263) [ratis-thirdparty-misc-0.2.0.jar:0.2.0]
	at org.apache.ratis.thirdparty.io.grpc.internal.ServerImpl$JumpToApplicationThreadServerStreamListener$1MessagesAvailable.runInContext(ServerImpl.java:686) [ratis-thirdparty-misc-0.2.0.jar:0.2.0]
	at org.apache.ratis.thirdparty.io.grpc.internal.ContextRunnable.run(ContextRunnable.java:37) [ratis-thirdparty-misc-0.2.0.jar:0.2.0]
	at org.apache.ratis.thirdparty.io.grpc.internal.SerializingExecutor.run(SerializingExecutor.java:123) [ratis-thirdparty-misc-0.2.0.jar:0.2.0]
	at java.util.concurrent.ThreadPoolExecutor.runWorker(ThreadPoolExecutor.java:1149) [?:1.8.0_212]
	at java.util.concurrent.ThreadPoolExecutor$Worker.run(ThreadPoolExecutor.java:624) [?:1.8.0_212]
	at java.lang.Thread.run(Thread.java:748) [?:1.8.0_212]
2019-09-04 17:22:08,067 [grpc-default-executor-19] INFO  client.GrpcClientProtocolClient (GrpcClientProtocolClient.java:onNext(264)) - client-E09E28328E5E->cad45df4-26f2-449d-983b-430c10f8e6a0: receive RaftClientReply:client-E09E28328E5E->cad45df4-26f2-449d-983b-430c10f8e6a0@group-FE72DDC5082C, cid=282, FAILED org.apache.ratis.protocol.StateMachineException: org.apache.hadoop.hdds.scm.container.common.helpers.ContainerNotOpenException from Server cad45df4-26f2-449d-983b-430c10f8e6a0@group-FE72DDC5082C: Container 1 in CLOSED state, logIndex=0, commits[cad45df4-26f2-449d-983b-430c10f8e6a0:c8, 914eab85-949a-416f-9a58-a19ca86126d9:c7, e17d7d03-be12-4cbb-996b-76694a3eb499:c7]
2019-09-04 17:22:08,068 [grpc-default-executor-19] INFO  client.GrpcClientProtocolClient (GrpcClientProtocolClient.java:onNext(264)) - client-E09E28328E5E->cad45df4-26f2-449d-983b-430c10f8e6a0: receive RaftClientReply:client-E09E28328E5E->cad45df4-26f2-449d-983b-430c10f8e6a0@group-FE72DDC5082C, cid=283, FAILED org.apache.ratis.protocol.StateMachineException: org.apache.hadoop.hdds.scm.container.common.helpers.ContainerNotOpenException from Server cad45df4-26f2-449d-983b-430c10f8e6a0@group-FE72DDC5082C: Container 1 in CLOSED state, logIndex=0, commits[cad45df4-26f2-449d-983b-430c10f8e6a0:c8, 914eab85-949a-416f-9a58-a19ca86126d9:c7, e17d7d03-be12-4cbb-996b-76694a3eb499:c7]
2019-09-04 17:22:08,235 [grpc-default-executor-17] INFO  client.GrpcClientProtocolClient (GrpcClientProtocolClient.java:onNext(264)) - client-E09E28328E5E->cad45df4-26f2-449d-983b-430c10f8e6a0: receive RaftClientReply:client-E09E28328E5E->cad45df4-26f2-449d-983b-430c10f8e6a0@group-FE72DDC5082C, cid=284, SUCCESS, logIndex=9, commits[cad45df4-26f2-449d-983b-430c10f8e6a0:c12, 914eab85-949a-416f-9a58-a19ca86126d9:c8, e17d7d03-be12-4cbb-996b-76694a3eb499:c8]
2019-09-04 17:22:08,239 [grpc-default-executor-17] INFO  client.GrpcClientProtocolClient (GrpcClientProtocolClient.java:onNext(264)) - client-E09E28328E5E->cad45df4-26f2-449d-983b-430c10f8e6a0: receive RaftClientReply:client-E09E28328E5E->cad45df4-26f2-449d-983b-430c10f8e6a0@group-FE72DDC5082C, cid=285, SUCCESS, logIndex=10, commits[cad45df4-26f2-449d-983b-430c10f8e6a0:c12, 914eab85-949a-416f-9a58-a19ca86126d9:c8, e17d7d03-be12-4cbb-996b-76694a3eb499:c8]
2019-09-04 17:22:08,269 [grpc-default-executor-17] INFO  client.GrpcClientProtocolClient (GrpcClientProtocolClient.java:onNext(264)) - client-E09E28328E5E->cad45df4-26f2-449d-983b-430c10f8e6a0: receive RaftClientReply:client-E09E28328E5E->cad45df4-26f2-449d-983b-430c10f8e6a0@group-FE72DDC5082C, cid=286, SUCCESS, logIndex=11, commits[cad45df4-26f2-449d-983b-430c10f8e6a0:c13, 914eab85-949a-416f-9a58-a19ca86126d9:c8, e17d7d03-be12-4cbb-996b-76694a3eb499:c8]
2019-09-04 17:22:09,270 [main] WARN  scm.XceiverClientRatis (XceiverClientRatis.java:watchForCommit(262)) - 3 way commit failed on pipeline Pipeline[ Id: 52f828d6-0b99-430c-ab67-fe72ddc5082c, Nodes: cad45df4-26f2-449d-983b-430c10f8e6a0{ip: 192.168.34.57, host: pr-hdds-1561-mdkws-1819952476, networkLocation: /default-rack, certSerialId: null}e17d7d03-be12-4cbb-996b-76694a3eb499{ip: 192.168.34.57, host: pr-hdds-1561-mdkws-1819952476, networkLocation: /default-rack, certSerialId: null}914eab85-949a-416f-9a58-a19ca86126d9{ip: 192.168.34.57, host: pr-hdds-1561-mdkws-1819952476, networkLocation: /default-rack, certSerialId: null}, Type:RATIS, Factor:THREE, State:OPEN]
java.util.concurrent.TimeoutException
	at java.util.concurrent.CompletableFuture.timedGet(CompletableFuture.java:1771)
	at java.util.concurrent.CompletableFuture.get(CompletableFuture.java:1915)
	at org.apache.hadoop.hdds.scm.XceiverClientRatis.watchForCommit(XceiverClientRatis.java:259)
	at org.apache.hadoop.hdds.scm.storage.CommitWatcher.watchForCommit(CommitWatcher.java:194)
	at org.apache.hadoop.hdds.scm.storage.CommitWatcher.watchOnLastIndex(CommitWatcher.java:157)
	at org.apache.hadoop.hdds.scm.storage.BlockOutputStream.watchForCommit(BlockOutputStream.java:347)
	at org.apache.hadoop.hdds.scm.storage.BlockOutputStream.handleFlush(BlockOutputStream.java:479)
	at org.apache.hadoop.hdds.scm.storage.BlockOutputStream.close(BlockOutputStream.java:493)
	at org.apache.hadoop.ozone.client.io.BlockOutputStreamEntry.close(BlockOutputStreamEntry.java:143)
	at org.apache.hadoop.ozone.client.io.KeyOutputStream.handleFlushOrClose(KeyOutputStream.java:434)
	at org.apache.hadoop.ozone.client.io.KeyOutputStream.close(KeyOutputStream.java:472)
	at org.apache.hadoop.ozone.client.io.OzoneOutputStream.close(OzoneOutputStream.java:60)
	at org.apache.hadoop.ozone.client.rpc.TestBlockOutputStreamWithFailures.testExceptionDuringClose(TestBlockOutputStreamWithFailures.java:754)
	at sun.reflect.NativeMethodAccessorImpl.invoke0(Native Method)
	at sun.reflect.NativeMethodAccessorImpl.invoke(NativeMethodAccessorImpl.java:62)
	at sun.reflect.DelegatingMethodAccessorImpl.invoke(DelegatingMethodAccessorImpl.java:43)
	at java.lang.reflect.Method.invoke(Method.java:498)
	at org.junit.runners.model.FrameworkMethod$1.runReflectiveCall(FrameworkMethod.java:47)
	at org.junit.internal.runners.model.ReflectiveCallable.run(ReflectiveCallable.java:12)
	at org.junit.runners.model.FrameworkMethod.invokeExplosively(FrameworkMethod.java:44)
	at org.junit.internal.runners.statements.InvokeMethod.evaluate(InvokeMethod.java:17)
	at org.junit.internal.runners.statements.RunBefores.evaluate(RunBefores.java:26)
	at org.junit.internal.runners.statements.RunAfters.evaluate(RunAfters.java:27)
	at org.junit.runners.ParentRunner.runLeaf(ParentRunner.java:271)
	at org.junit.runners.BlockJUnit4ClassRunner.runChild(BlockJUnit4ClassRunner.java:70)
	at org.junit.runners.BlockJUnit4ClassRunner.runChild(BlockJUnit4ClassRunner.java:50)
	at org.junit.runners.ParentRunner$3.run(ParentRunner.java:238)
	at org.junit.runners.ParentRunner$1.schedule(ParentRunner.java:63)
	at org.junit.runners.ParentRunner.runChildren(ParentRunner.java:236)
	at org.junit.runners.ParentRunner.access$000(ParentRunner.java:53)
	at org.junit.runners.ParentRunner$2.evaluate(ParentRunner.java:229)
	at org.junit.runners.ParentRunner.run(ParentRunner.java:309)
	at org.apache.maven.surefire.junit4.JUnit4Provider.execute(JUnit4Provider.java:365)
	at org.apache.maven.surefire.junit4.JUnit4Provider.executeWithRerun(JUnit4Provider.java:273)
	at org.apache.maven.surefire.junit4.JUnit4Provider.executeTestSet(JUnit4Provider.java:238)
	at org.apache.maven.surefire.junit4.JUnit4Provider.invoke(JUnit4Provider.java:159)
	at org.apache.maven.surefire.booter.ForkedBooter.invokeProviderInSameClassLoader(ForkedBooter.java:384)
	at org.apache.maven.surefire.booter.ForkedBooter.runSuitesInProcess(ForkedBooter.java:345)
	at org.apache.maven.surefire.booter.ForkedBooter.execute(ForkedBooter.java:126)
	at org.apache.maven.surefire.booter.ForkedBooter.main(ForkedBooter.java:418)
2019-09-04 17:22:10,274 [main] WARN  storage.CommitWatcher (CommitWatcher.java:watchForCommit(203)) - watchForCommit failed for index 11
java.util.concurrent.TimeoutException
	at java.util.concurrent.CompletableFuture.timedGet(CompletableFuture.java:1771)
	at java.util.concurrent.CompletableFuture.get(CompletableFuture.java:1915)
	at org.apache.hadoop.hdds.scm.XceiverClientRatis.watchForCommit(XceiverClientRatis.java:268)
	at org.apache.hadoop.hdds.scm.storage.CommitWatcher.watchForCommit(CommitWatcher.java:194)
	at org.apache.hadoop.hdds.scm.storage.CommitWatcher.watchOnLastIndex(CommitWatcher.java:157)
	at org.apache.hadoop.hdds.scm.storage.BlockOutputStream.watchForCommit(BlockOutputStream.java:347)
	at org.apache.hadoop.hdds.scm.storage.BlockOutputStream.handleFlush(BlockOutputStream.java:479)
	at org.apache.hadoop.hdds.scm.storage.BlockOutputStream.close(BlockOutputStream.java:493)
	at org.apache.hadoop.ozone.client.io.BlockOutputStreamEntry.close(BlockOutputStreamEntry.java:143)
	at org.apache.hadoop.ozone.client.io.KeyOutputStream.handleFlushOrClose(KeyOutputStream.java:434)
	at org.apache.hadoop.ozone.client.io.KeyOutputStream.close(KeyOutputStream.java:472)
	at org.apache.hadoop.ozone.client.io.OzoneOutputStream.close(OzoneOutputStream.java:60)
	at org.apache.hadoop.ozone.client.rpc.TestBlockOutputStreamWithFailures.testExceptionDuringClose(TestBlockOutputStreamWithFailures.java:754)
	at sun.reflect.NativeMethodAccessorImpl.invoke0(Native Method)
	at sun.reflect.NativeMethodAccessorImpl.invoke(NativeMethodAccessorImpl.java:62)
	at sun.reflect.DelegatingMethodAccessorImpl.invoke(DelegatingMethodAccessorImpl.java:43)
	at java.lang.reflect.Method.invoke(Method.java:498)
	at org.junit.runners.model.FrameworkMethod$1.runReflectiveCall(FrameworkMethod.java:47)
	at org.junit.internal.runners.model.ReflectiveCallable.run(ReflectiveCallable.java:12)
	at org.junit.runners.model.FrameworkMethod.invokeExplosively(FrameworkMethod.java:44)
	at org.junit.internal.runners.statements.InvokeMethod.evaluate(InvokeMethod.java:17)
	at org.junit.internal.runners.statements.RunBefores.evaluate(RunBefores.java:26)
	at org.junit.internal.runners.statements.RunAfters.evaluate(RunAfters.java:27)
	at org.junit.runners.ParentRunner.runLeaf(ParentRunner.java:271)
	at org.junit.runners.BlockJUnit4ClassRunner.runChild(BlockJUnit4ClassRunner.java:70)
	at org.junit.runners.BlockJUnit4ClassRunner.runChild(BlockJUnit4ClassRunner.java:50)
	at org.junit.runners.ParentRunner$3.run(ParentRunner.java:238)
	at org.junit.runners.ParentRunner$1.schedule(ParentRunner.java:63)
	at org.junit.runners.ParentRunner.runChildren(ParentRunner.java:236)
	at org.junit.runners.ParentRunner.access$000(ParentRunner.java:53)
	at org.junit.runners.ParentRunner$2.evaluate(ParentRunner.java:229)
	at org.junit.runners.ParentRunner.run(ParentRunner.java:309)
	at org.apache.maven.surefire.junit4.JUnit4Provider.execute(JUnit4Provider.java:365)
	at org.apache.maven.surefire.junit4.JUnit4Provider.executeWithRerun(JUnit4Provider.java:273)
	at org.apache.maven.surefire.junit4.JUnit4Provider.executeTestSet(JUnit4Provider.java:238)
	at org.apache.maven.surefire.junit4.JUnit4Provider.invoke(JUnit4Provider.java:159)
	at org.apache.maven.surefire.booter.ForkedBooter.invokeProviderInSameClassLoader(ForkedBooter.java:384)
	at org.apache.maven.surefire.booter.ForkedBooter.runSuitesInProcess(ForkedBooter.java:345)
	at org.apache.maven.surefire.booter.ForkedBooter.execute(ForkedBooter.java:126)
	at org.apache.maven.surefire.booter.ForkedBooter.main(ForkedBooter.java:418)
2019-09-04 17:22:10,277 [main] WARN  io.KeyOutputStream (KeyOutputStream.java:handleException(276)) - Encountered exception java.io.IOException: Unexpected Storage Container Exception: java.io.IOException: Unexpected Storage Container Exception: java.util.concurrent.TimeoutException on the pipeline Pipeline[ Id: 52f828d6-0b99-430c-ab67-fe72ddc5082c, Nodes: cad45df4-26f2-449d-983b-430c10f8e6a0{ip: 192.168.34.57, host: pr-hdds-1561-mdkws-1819952476, networkLocation: /default-rack, certSerialId: null}e17d7d03-be12-4cbb-996b-76694a3eb499{ip: 192.168.34.57, host: pr-hdds-1561-mdkws-1819952476, networkLocation: /default-rack, certSerialId: null}914eab85-949a-416f-9a58-a19ca86126d9{ip: 192.168.34.57, host: pr-hdds-1561-mdkws-1819952476, networkLocation: /default-rack, certSerialId: null}, Type:RATIS, Factor:THREE, State:OPEN]. The last committed block length is 0, uncommitted data length is 167 retry count 0
2019-09-04 17:22:10,430 [grpc-default-executor-13] INFO  client.GrpcClientProtocolClient (GrpcClientProtocolClient.java:onNext(264)) - client-F4683B14FB56->f6d82e5c-6716-4219-a3ef-c5ab4e3fce32: receive RaftClientReply:client-F4683B14FB56->f6d82e5c-6716-4219-a3ef-c5ab4e3fce32@group-EABC9F1D04E5, cid=289, SUCCESS, logIndex=1, commits[f6d82e5c-6716-4219-a3ef-c5ab4e3fce32:c1, 8a70ad64-e1a6-42ae-868f-404e248e38b5:c0, 68b00d87-9377-45fc-b239-8a920c60ab91:c0]
2019-09-04 17:22:10,461 [grpc-default-executor-19] INFO  client.GrpcClientProtocolClient (GrpcClientProtocolClient.java:onNext(264)) - client-F4683B14FB56->f6d82e5c-6716-4219-a3ef-c5ab4e3fce32: receive RaftClientReply:client-F4683B14FB56->f6d82e5c-6716-4219-a3ef-c5ab4e3fce32@group-EABC9F1D04E5, cid=290, SUCCESS, logIndex=3, commits[f6d82e5c-6716-4219-a3ef-c5ab4e3fce32:c4, 8a70ad64-e1a6-42ae-868f-404e248e38b5:c2, 68b00d87-9377-45fc-b239-8a920c60ab91:c2]
2019-09-04 17:22:10,501 [grpc-default-executor-19] INFO  client.GrpcClientProtocolClient (GrpcClientProtocolClient.java:onNext(264)) - client-F4683B14FB56->f6d82e5c-6716-4219-a3ef-c5ab4e3fce32: receive RaftClientReply:client-F4683B14FB56->f6d82e5c-6716-4219-a3ef-c5ab4e3fce32@group-EABC9F1D04E5, cid=291, SUCCESS, logIndex=4, commits[f6d82e5c-6716-4219-a3ef-c5ab4e3fce32:c6, 8a70ad64-e1a6-42ae-868f-404e248e38b5:c4, 68b00d87-9377-45fc-b239-8a920c60ab91:c4]
2019-09-04 17:22:10,505 [main] INFO  ozone.MiniOzoneClusterImpl (MiniOzoneClusterImpl.java:shutdown(307)) - Shutting down the Mini Ozone Cluster
2019-09-04 17:22:10,505 [main] INFO  ozone.MiniOzoneClusterImpl (MiniOzoneClusterImpl.java:stop(322)) - Stopping the Mini Ozone Cluster
2019-09-04 17:22:10,505 [main] INFO  ozone.MiniOzoneClusterImpl (MiniOzoneClusterImpl.java:stop(324)) - Stopping the OzoneManager
2019-09-04 17:22:10,505 [main] INFO  ipc.Server (Server.java:stop(3082)) - Stopping server on 40411
2019-09-04 17:22:10,518 [IPC Server listener on 40411] INFO  ipc.Server (Server.java:run(1185)) - Stopping IPC Server listener on 40411
2019-09-04 17:22:10,520 [main] INFO  ratis.OzoneManagerDoubleBuffer (OzoneManagerDoubleBuffer.java:stop(248)) - Stopping OMDoubleBuffer flush thread
2019-09-04 17:22:10,522 [IPC Server Responder] INFO  ipc.Server (Server.java:run(1319)) - Stopping IPC Server Responder
2019-09-04 17:22:10,545 [OMDoubleBufferFlushThread] INFO  ratis.OzoneManagerDoubleBuffer (OzoneManagerDoubleBuffer.java:flushTransactions(191)) - OMDoubleBuffer flush thread OMDoubleBufferFlushThread is interrupted and will exit. OMDoubleBufferFlushThread
2019-09-04 17:22:10,566 [main] INFO  utils.BackgroundService (BackgroundService.java:shutdown(148)) - Shutting down service KeyDeletingService
2019-09-04 17:22:10,568 [main] INFO  handler.ContextHandler (ContextHandler.java:doStop(910)) - Stopped o.e.j.w.WebAppContext@7910f355{/,null,UNAVAILABLE}{/ozoneManager}
2019-09-04 17:22:10,569 [main] INFO  server.AbstractConnector (AbstractConnector.java:doStop(318)) - Stopped ServerConnector@34ab26a{HTTP/1.1,[http/1.1]}{0.0.0.0:0}
2019-09-04 17:22:10,569 [main] INFO  handler.ContextHandler (ContextHandler.java:doStop(910)) - Stopped o.e.j.s.ServletContextHandler@4d20616a{/static,file:///workdir/hadoop-ozone/integration-test/target/test-classes/webapps/static,UNAVAILABLE}
2019-09-04 17:22:10,570 [main] INFO  handler.ContextHandler (ContextHandler.java:doStop(910)) - Stopped o.e.j.s.ServletContextHandler@4a9b92c6{/logs,file:///workdir/hadoop-ozone/integration-test/target/log,UNAVAILABLE}
2019-09-04 17:22:10,574 [main] INFO  ozone.MiniOzoneClusterImpl (MiniOzoneClusterImpl.java:stop(330)) - Shutting the HddsDatanodes
2019-09-04 17:22:10,753 [grpc-default-executor-19] INFO  client.GrpcClientProtocolClient (GrpcClientProtocolClient.java:onNext(264)) - client-E09E28328E5E->cad45df4-26f2-449d-983b-430c10f8e6a0: receive RaftClientReply:client-E09E28328E5E->cad45df4-26f2-449d-983b-430c10f8e6a0@group-FE72DDC5082C, cid=288, SUCCESS, logIndex=0, commits[cad45df4-26f2-449d-983b-430c10f8e6a0:c13, 914eab85-949a-416f-9a58-a19ca86126d9:c13, e17d7d03-be12-4cbb-996b-76694a3eb499:c13]
2019-09-04 17:22:10,754 [grpc-default-executor-19] INFO  client.GrpcClientProtocolClient (GrpcClientProtocolClient.java:onNext(264)) - client-E09E28328E5E->cad45df4-26f2-449d-983b-430c10f8e6a0: receive RaftClientReply:client-E09E28328E5E->cad45df4-26f2-449d-983b-430c10f8e6a0@group-FE72DDC5082C, cid=287, SUCCESS, logIndex=0, commits[cad45df4-26f2-449d-983b-430c10f8e6a0:c13, 914eab85-949a-416f-9a58-a19ca86126d9:c13, e17d7d03-be12-4cbb-996b-76694a3eb499:c13]
2019-09-04 17:22:11,203 [Datanode State Machine Thread - 0] INFO  statemachine.DatanodeStateMachine (DatanodeStateMachine.java:lambda$startDaemon$0(350)) - Ozone container server started.
2019-09-04 17:22:11,412 [Datanode State Machine Thread - 0] INFO  statemachine.DatanodeStateMachine (DatanodeStateMachine.java:lambda$startDaemon$0(350)) - Ozone container server started.
2019-09-04 17:22:15,219 [EventQueue-StaleNodeForStaleNodeHandler] INFO  node.StaleNodeHandler (StaleNodeHandler.java:onMessage(58)) - Datanode e17d7d03-be12-4cbb-996b-76694a3eb499{ip: 192.168.34.57, host: pr-hdds-1561-mdkws-1819952476, networkLocation: /default-rack, certSerialId: null} moved to stale state. Finalizing its pipelines [PipelineID=52f828d6-0b99-430c-ab67-fe72ddc5082c, PipelineID=85d35a16-e97b-45de-a528-0ac468aef9cc]
2019-09-04 17:22:15,220 [EventQueue-StaleNodeForStaleNodeHandler] INFO  pipeline.SCMPipelineManager (SCMPipelineManager.java:finalizeAndDestroyPipeline(309)) - destroying pipeline:Pipeline[ Id: 52f828d6-0b99-430c-ab67-fe72ddc5082c, Nodes: cad45df4-26f2-449d-983b-430c10f8e6a0{ip: 192.168.34.57, host: pr-hdds-1561-mdkws-1819952476, networkLocation: /default-rack, certSerialId: null}e17d7d03-be12-4cbb-996b-76694a3eb499{ip: 192.168.34.57, host: pr-hdds-1561-mdkws-1819952476, networkLocation: /default-rack, certSerialId: null}914eab85-949a-416f-9a58-a19ca86126d9{ip: 192.168.34.57, host: pr-hdds-1561-mdkws-1819952476, networkLocation: /default-rack, certSerialId: null}, Type:RATIS, Factor:THREE, State:OPEN]
2019-09-04 17:22:15,220 [EventQueue-StaleNodeForStaleNodeHandler] INFO  pipeline.PipelineStateManager (PipelineStateManager.java:finalizePipeline(123)) - Pipeline Pipeline[ Id: 52f828d6-0b99-430c-ab67-fe72ddc5082c, Nodes: cad45df4-26f2-449d-983b-430c10f8e6a0{ip: 192.168.34.57, host: pr-hdds-1561-mdkws-1819952476, networkLocation: /default-rack, certSerialId: null}e17d7d03-be12-4cbb-996b-76694a3eb499{ip: 192.168.34.57, host: pr-hdds-1561-mdkws-1819952476, networkLocation: /default-rack, certSerialId: null}914eab85-949a-416f-9a58-a19ca86126d9{ip: 192.168.34.57, host: pr-hdds-1561-mdkws-1819952476, networkLocation: /default-rack, certSerialId: null}, Type:RATIS, Factor:THREE, State:CLOSED] moved to CLOSED state
2019-09-04 17:22:15,221 [EventQueue-CloseContainerForCloseContainerEventHandler] INFO  container.CloseContainerEventHandler (CloseContainerEventHandler.java:onMessage(61)) - Close container Event triggered for container : #2
2019-09-04 17:22:15,225 [EventQueue-StaleNodeForStaleNodeHandler] INFO  pipeline.SCMPipelineManager (SCMPipelineManager.java:finalizeAndDestroyPipeline(309)) - destroying pipeline:Pipeline[ Id: 85d35a16-e97b-45de-a528-0ac468aef9cc, Nodes: e17d7d03-be12-4cbb-996b-76694a3eb499{ip: 192.168.34.57, host: pr-hdds-1561-mdkws-1819952476, networkLocation: /default-rack, certSerialId: null}, Type:RATIS, Factor:ONE, State:OPEN]
2019-09-04 17:22:15,228 [EventQueue-StaleNodeForStaleNodeHandler] INFO  pipeline.PipelineStateManager (PipelineStateManager.java:finalizePipeline(123)) - Pipeline Pipeline[ Id: 85d35a16-e97b-45de-a528-0ac468aef9cc, Nodes: e17d7d03-be12-4cbb-996b-76694a3eb499{ip: 192.168.34.57, host: pr-hdds-1561-mdkws-1819952476, networkLocation: /default-rack, certSerialId: null}, Type:RATIS, Factor:ONE, State:CLOSED] moved to CLOSED state
2019-09-04 17:22:15,419 [EventQueue-StaleNodeForStaleNodeHandler] INFO  node.StaleNodeHandler (StaleNodeHandler.java:onMessage(58)) - Datanode 68b00d87-9377-45fc-b239-8a920c60ab91{ip: 192.168.34.57, host: pr-hdds-1561-mdkws-1819952476, networkLocation: /default-rack, certSerialId: null} moved to stale state. Finalizing its pipelines [PipelineID=e83df830-d514-4a44-af6b-04c0130fa828, PipelineID=5ceb3533-0711-4d23-a6b9-eabc9f1d04e5]
2019-09-04 17:22:15,420 [EventQueue-StaleNodeForStaleNodeHandler] INFO  pipeline.SCMPipelineManager (SCMPipelineManager.java:finalizeAndDestroyPipeline(309)) - destroying pipeline:Pipeline[ Id: e83df830-d514-4a44-af6b-04c0130fa828, Nodes: 68b00d87-9377-45fc-b239-8a920c60ab91{ip: 192.168.34.57, host: pr-hdds-1561-mdkws-1819952476, networkLocation: /default-rack, certSerialId: null}, Type:RATIS, Factor:ONE, State:OPEN]
2019-09-04 17:22:15,420 [EventQueue-StaleNodeForStaleNodeHandler] INFO  pipeline.PipelineStateManager (PipelineStateManager.java:finalizePipeline(123)) - Pipeline Pipeline[ Id: e83df830-d514-4a44-af6b-04c0130fa828, Nodes: 68b00d87-9377-45fc-b239-8a920c60ab91{ip: 192.168.34.57, host: pr-hdds-1561-mdkws-1819952476, networkLocation: /default-rack, certSerialId: null}, Type:RATIS, Factor:ONE, State:CLOSED] moved to CLOSED state
2019-09-04 17:22:15,420 [EventQueue-StaleNodeForStaleNodeHandler] INFO  pipeline.SCMPipelineManager (SCMPipelineManager.java:finalizeAndDestroyPipeline(309)) - destroying pipeline:Pipeline[ Id: 5ceb3533-0711-4d23-a6b9-eabc9f1d04e5, Nodes: f6d82e5c-6716-4219-a3ef-c5ab4e3fce32{ip: 192.168.34.57, host: pr-hdds-1561-mdkws-1819952476, networkLocation: /default-rack, certSerialId: null}8a70ad64-e1a6-42ae-868f-404e248e38b5{ip: 192.168.34.57, host: pr-hdds-1561-mdkws-1819952476, networkLocation: /default-rack, certSerialId: null}68b00d87-9377-45fc-b239-8a920c60ab91{ip: 192.168.34.57, host: pr-hdds-1561-mdkws-1819952476, networkLocation: /default-rack, certSerialId: null}, Type:RATIS, Factor:THREE, State:OPEN]
2019-09-04 17:22:15,420 [EventQueue-StaleNodeForStaleNodeHandler] INFO  pipeline.PipelineStateManager (PipelineStateManager.java:finalizePipeline(123)) - Pipeline Pipeline[ Id: 5ceb3533-0711-4d23-a6b9-eabc9f1d04e5, Nodes: f6d82e5c-6716-4219-a3ef-c5ab4e3fce32{ip: 192.168.34.57, host: pr-hdds-1561-mdkws-1819952476, networkLocation: /default-rack, certSerialId: null}8a70ad64-e1a6-42ae-868f-404e248e38b5{ip: 192.168.34.57, host: pr-hdds-1561-mdkws-1819952476, networkLocation: /default-rack, certSerialId: null}68b00d87-9377-45fc-b239-8a920c60ab91{ip: 192.168.34.57, host: pr-hdds-1561-mdkws-1819952476, networkLocation: /default-rack, certSerialId: null}, Type:RATIS, Factor:THREE, State:CLOSED] moved to CLOSED state
2019-09-04 17:22:15,420 [EventQueue-CloseContainerForCloseContainerEventHandler] INFO  container.CloseContainerEventHandler (CloseContainerEventHandler.java:onMessage(61)) - Close container Event triggered for container : #3
2019-09-04 17:22:15,575 [main] INFO  ozoneimpl.OzoneContainer (OzoneContainer.java:stop(216)) - Attempting to stop container services.
2019-09-04 17:22:15,575 [ForkJoinPool.commonPool-worker-0] INFO  ozoneimpl.OzoneContainer (OzoneContainer.java:stop(216)) - Attempting to stop container services.
2019-09-04 17:22:15,580 [main] INFO  impl.RaftServerProxy (RaftServerProxy.java:lambda$close$4(314)) - 68b00d87-9377-45fc-b239-8a920c60ab91: close
2019-09-04 17:22:15,580 [ForkJoinPool.commonPool-worker-0] INFO  impl.RaftServerProxy (RaftServerProxy.java:lambda$close$4(314)) - e17d7d03-be12-4cbb-996b-76694a3eb499: close
2019-09-04 17:22:15,581 [main] INFO  impl.RaftServerImpl (RaftServerImpl.java:lambda$shutdown$3(251)) - 68b00d87-9377-45fc-b239-8a920c60ab91@group-04C0130FA828: shutdown
2019-09-04 17:22:15,581 [ForkJoinPool.commonPool-worker-0] INFO  impl.RaftServerImpl (RaftServerImpl.java:lambda$shutdown$3(251)) - e17d7d03-be12-4cbb-996b-76694a3eb499@group-FE72DDC5082C: shutdown
2019-09-04 17:22:15,581 [main] INFO  util.JmxRegister (JmxRegister.java:unregister(73)) - Successfully un-registered JMX Bean with object name Ratis:service=RaftServer,group=group-04C0130FA828,id=68b00d87-9377-45fc-b239-8a920c60ab91
2019-09-04 17:22:15,581 [ForkJoinPool.commonPool-worker-0] INFO  util.JmxRegister (JmxRegister.java:unregister(73)) - Successfully un-registered JMX Bean with object name Ratis:service=RaftServer,group=group-FE72DDC5082C,id=e17d7d03-be12-4cbb-996b-76694a3eb499
2019-09-04 17:22:15,581 [main] INFO  impl.RoleInfo (RoleInfo.java:shutdownLeaderState(104)) - 68b00d87-9377-45fc-b239-8a920c60ab91: shutdown LeaderState
2019-09-04 17:22:15,581 [ForkJoinPool.commonPool-worker-0] INFO  impl.RoleInfo (RoleInfo.java:shutdownFollowerState(121)) - e17d7d03-be12-4cbb-996b-76694a3eb499: shutdown FollowerState
2019-09-04 17:22:15,582 [main] INFO  impl.PendingRequests (PendingRequests.java:sendNotLeaderResponses(202)) - 68b00d87-9377-45fc-b239-8a920c60ab91-PendingRequests: sendNotLeaderResponses
2019-09-04 17:22:15,582 [ForkJoinPool.commonPool-worker-0] INFO  impl.StateMachineUpdater (StateMachineUpdater.java:stopAndJoin(125)) - e17d7d03-be12-4cbb-996b-76694a3eb499@group-FE72DDC5082C-StateMachineUpdater: set stopIndex = 13
2019-09-04 17:22:15,582 [main] INFO  impl.StateMachineUpdater (StateMachineUpdater.java:stopAndJoin(125)) - 68b00d87-9377-45fc-b239-8a920c60ab91@group-04C0130FA828-StateMachineUpdater: set stopIndex = 0
2019-09-04 17:22:15,582 [e17d7d03-be12-4cbb-996b-76694a3eb499@group-FE72DDC5082C-StateMachineUpdater] INFO  ratis.ContainerStateMachine (ContainerStateMachine.java:takeSnapshot(289)) - group-FE72DDC5082C: Taking a snapshot at:(t:1, i:13) file /workdir/hadoop-ozone/integration-test/target/test-dir/MiniOzoneClusterImpl-a66fa8d6-020b-4b94-8246-f6312d57d8d8/datanode-1/data/ratis/52f828d6-0b99-430c-ab67-fe72ddc5082c/sm/snapshot.1_13
2019-09-04 17:22:15,582 [Thread-4598] INFO  impl.FollowerState (FollowerState.java:run(115)) - e17d7d03-be12-4cbb-996b-76694a3eb499: FollowerState was interrupted: java.lang.InterruptedException: sleep interrupted
2019-09-04 17:22:15,583 [main] INFO  impl.RaftServerImpl (ServerState.java:close(385)) - 68b00d87-9377-45fc-b239-8a920c60ab91@group-04C0130FA828: closes. applyIndex: 0
2019-09-04 17:22:15,586 [68b00d87-9377-45fc-b239-8a920c60ab91@group-04C0130FA828-SegmentedRaftLogWorker] INFO  segmented.SegmentedRaftLogWorker (SegmentedRaftLogWorker.java:run(313)) - 68b00d87-9377-45fc-b239-8a920c60ab91@group-04C0130FA828-SegmentedRaftLogWorker was interrupted, exiting. There are 0 tasks remaining in the queue.
2019-09-04 17:22:15,588 [main] INFO  segmented.SegmentedRaftLogWorker (SegmentedRaftLogWorker.java:close(228)) - 68b00d87-9377-45fc-b239-8a920c60ab91@group-04C0130FA828-SegmentedRaftLogWorker close()
2019-09-04 17:22:15,593 [main] INFO  impl.RaftServerImpl (RaftServerImpl.java:lambda$shutdown$3(251)) - 68b00d87-9377-45fc-b239-8a920c60ab91@group-EABC9F1D04E5: shutdown
2019-09-04 17:22:15,594 [main] INFO  util.JmxRegister (JmxRegister.java:unregister(73)) - Successfully un-registered JMX Bean with object name Ratis:service=RaftServer,group=group-EABC9F1D04E5,id=68b00d87-9377-45fc-b239-8a920c60ab91
2019-09-04 17:22:15,594 [main] INFO  impl.RoleInfo (RoleInfo.java:shutdownFollowerState(121)) - 68b00d87-9377-45fc-b239-8a920c60ab91: shutdown FollowerState
2019-09-04 17:22:15,594 [main] INFO  impl.StateMachineUpdater (StateMachineUpdater.java:stopAndJoin(125)) - 68b00d87-9377-45fc-b239-8a920c60ab91@group-EABC9F1D04E5-StateMachineUpdater: set stopIndex = 6
2019-09-04 17:22:15,594 [68b00d87-9377-45fc-b239-8a920c60ab91@group-EABC9F1D04E5-StateMachineUpdater] INFO  ratis.ContainerStateMachine (ContainerStateMachine.java:takeSnapshot(289)) - group-EABC9F1D04E5: Taking a snapshot at:(t:1, i:4) file /workdir/hadoop-ozone/integration-test/target/test-dir/MiniOzoneClusterImpl-a66fa8d6-020b-4b94-8246-f6312d57d8d8/datanode-4/data/ratis/5ceb3533-0711-4d23-a6b9-eabc9f1d04e5/sm/snapshot.1_4
2019-09-04 17:22:15,594 [Thread-4623] INFO  impl.FollowerState (FollowerState.java:run(115)) - 68b00d87-9377-45fc-b239-8a920c60ab91: FollowerState was interrupted: java.lang.InterruptedException: sleep interrupted
2019-09-04 17:22:15,598 [e17d7d03-be12-4cbb-996b-76694a3eb499@group-FE72DDC5082C-StateMachineUpdater] INFO  ratis.ContainerStateMachine (ContainerStateMachine.java:takeSnapshot(300)) - group-FE72DDC5082C: Finished taking a snapshot at:(t:1, i:13) file:/workdir/hadoop-ozone/integration-test/target/test-dir/MiniOzoneClusterImpl-a66fa8d6-020b-4b94-8246-f6312d57d8d8/datanode-1/data/ratis/52f828d6-0b99-430c-ab67-fe72ddc5082c/sm/snapshot.1_13 time:17
2019-09-04 17:22:15,598 [e17d7d03-be12-4cbb-996b-76694a3eb499@group-FE72DDC5082C-StateMachineUpdater] INFO  impl.StateMachineUpdater (StateMachineUpdater.java:takeSnapshot(258)) - e17d7d03-be12-4cbb-996b-76694a3eb499@group-FE72DDC5082C-StateMachineUpdater: Took a snapshot at index 13
2019-09-04 17:22:15,598 [e17d7d03-be12-4cbb-996b-76694a3eb499@group-FE72DDC5082C-StateMachineUpdater] INFO  impl.StateMachineUpdater (StateMachineUpdater.java:lambda$new$0(83)) - e17d7d03-be12-4cbb-996b-76694a3eb499@group-FE72DDC5082C-StateMachineUpdater: snapshotIndex: updateIncreasingly -1 -> 13
2019-09-04 17:22:15,599 [ForkJoinPool.commonPool-worker-0] INFO  impl.RaftServerImpl (ServerState.java:close(385)) - e17d7d03-be12-4cbb-996b-76694a3eb499@group-FE72DDC5082C: closes. applyIndex: 13
2019-09-04 17:22:15,599 [68b00d87-9377-45fc-b239-8a920c60ab91@group-EABC9F1D04E5-StateMachineUpdater] INFO  ratis.ContainerStateMachine (ContainerStateMachine.java:takeSnapshot(300)) - group-EABC9F1D04E5: Finished taking a snapshot at:(t:1, i:4) file:/workdir/hadoop-ozone/integration-test/target/test-dir/MiniOzoneClusterImpl-a66fa8d6-020b-4b94-8246-f6312d57d8d8/datanode-4/data/ratis/5ceb3533-0711-4d23-a6b9-eabc9f1d04e5/sm/snapshot.1_4 time:5
2019-09-04 17:22:15,599 [e17d7d03-be12-4cbb-996b-76694a3eb499@group-FE72DDC5082C-SegmentedRaftLogWorker] INFO  segmented.SegmentedRaftLogWorker (SegmentedRaftLogWorker.java:run(313)) - e17d7d03-be12-4cbb-996b-76694a3eb499@group-FE72DDC5082C-SegmentedRaftLogWorker was interrupted, exiting. There are 0 tasks remaining in the queue.
2019-09-04 17:22:15,600 [68b00d87-9377-45fc-b239-8a920c60ab91@group-EABC9F1D04E5-StateMachineUpdater] INFO  impl.StateMachineUpdater (StateMachineUpdater.java:takeSnapshot(258)) - 68b00d87-9377-45fc-b239-8a920c60ab91@group-EABC9F1D04E5-StateMachineUpdater: Took a snapshot at index 4
2019-09-04 17:22:15,603 [ForkJoinPool.commonPool-worker-0] INFO  segmented.SegmentedRaftLogWorker (SegmentedRaftLogWorker.java:close(228)) - e17d7d03-be12-4cbb-996b-76694a3eb499@group-FE72DDC5082C-SegmentedRaftLogWorker close()
2019-09-04 17:22:15,603 [68b00d87-9377-45fc-b239-8a920c60ab91@group-EABC9F1D04E5-StateMachineUpdater] INFO  impl.StateMachineUpdater (StateMachineUpdater.java:lambda$new$0(83)) - 68b00d87-9377-45fc-b239-8a920c60ab91@group-EABC9F1D04E5-StateMachineUpdater: snapshotIndex: updateIncreasingly -1 -> 4
2019-09-04 17:22:15,625 [ForkJoinPool.commonPool-worker-0] INFO  impl.RaftServerImpl (RaftServerImpl.java:lambda$shutdown$3(251)) - e17d7d03-be12-4cbb-996b-76694a3eb499@group-0AC468AEF9CC: shutdown
2019-09-04 17:22:15,626 [68b00d87-9377-45fc-b239-8a920c60ab91@group-EABC9F1D04E5-StateMachineUpdater] INFO  ratis.ContainerStateMachine (ContainerStateMachine.java:takeSnapshot(289)) - group-EABC9F1D04E5: Taking a snapshot at:(t:1, i:4) file /workdir/hadoop-ozone/integration-test/target/test-dir/MiniOzoneClusterImpl-a66fa8d6-020b-4b94-8246-f6312d57d8d8/datanode-4/data/ratis/5ceb3533-0711-4d23-a6b9-eabc9f1d04e5/sm/snapshot.1_4
2019-09-04 17:22:15,626 [ForkJoinPool.commonPool-worker-0] INFO  util.JmxRegister (JmxRegister.java:unregister(73)) - Successfully un-registered JMX Bean with object name Ratis:service=RaftServer,group=group-0AC468AEF9CC,id=e17d7d03-be12-4cbb-996b-76694a3eb499
2019-09-04 17:22:15,626 [ForkJoinPool.commonPool-worker-0] INFO  impl.RoleInfo (RoleInfo.java:shutdownLeaderState(104)) - e17d7d03-be12-4cbb-996b-76694a3eb499: shutdown LeaderState
2019-09-04 17:22:15,626 [ForkJoinPool.commonPool-worker-0] INFO  impl.PendingRequests (PendingRequests.java:sendNotLeaderResponses(202)) - e17d7d03-be12-4cbb-996b-76694a3eb499-PendingRequests: sendNotLeaderResponses
2019-09-04 17:22:15,627 [ForkJoinPool.commonPool-worker-0] INFO  impl.StateMachineUpdater (StateMachineUpdater.java:stopAndJoin(125)) - e17d7d03-be12-4cbb-996b-76694a3eb499@group-0AC468AEF9CC-StateMachineUpdater: set stopIndex = 0
2019-09-04 17:22:15,627 [ForkJoinPool.commonPool-worker-0] INFO  impl.RaftServerImpl (ServerState.java:close(385)) - e17d7d03-be12-4cbb-996b-76694a3eb499@group-0AC468AEF9CC: closes. applyIndex: 0
2019-09-04 17:22:15,627 [e17d7d03-be12-4cbb-996b-76694a3eb499@group-0AC468AEF9CC-SegmentedRaftLogWorker] INFO  segmented.SegmentedRaftLogWorker (SegmentedRaftLogWorker.java:run(313)) - e17d7d03-be12-4cbb-996b-76694a3eb499@group-0AC468AEF9CC-SegmentedRaftLogWorker was interrupted, exiting. There are 0 tasks remaining in the queue.
2019-09-04 17:22:15,627 [ForkJoinPool.commonPool-worker-0] INFO  segmented.SegmentedRaftLogWorker (SegmentedRaftLogWorker.java:close(228)) - e17d7d03-be12-4cbb-996b-76694a3eb499@group-0AC468AEF9CC-SegmentedRaftLogWorker close()
2019-09-04 17:22:15,630 [ForkJoinPool.commonPool-worker-0] INFO  server.GrpcService (GrpcService.java:closeImpl(164)) - e17d7d03-be12-4cbb-996b-76694a3eb499: shutdown server with port 46372 now
2019-09-04 17:22:15,631 [grpc-default-executor-13] WARN  server.GrpcServerProtocolService (LogUtils.java:warn(134)) - e17d7d03-be12-4cbb-996b-76694a3eb499: installSnapshot onError, lastRequest: cad45df4-26f2-449d-983b-430c10f8e6a0->e17d7d03-be12-4cbb-996b-76694a3eb499#16-t1, previous=(t:1, i:13), leaderCommit=13, initializing? false, entries: <empty>: org.apache.ratis.thirdparty.io.grpc.StatusRuntimeException: CANCELLED: cancelled before receiving half close
2019-09-04 17:22:15,631 [ForkJoinPool.commonPool-worker-0] INFO  server.GrpcService (GrpcService.java:closeImpl(172)) - e17d7d03-be12-4cbb-996b-76694a3eb499: shutdown server with port 46372 successfully
2019-09-04 17:22:15,632 [grpc-default-executor-17] WARN  server.GrpcLogAppender (LogUtils.java:warn(134)) - cad45df4-26f2-449d-983b-430c10f8e6a0@group-FE72DDC5082C->e17d7d03-be12-4cbb-996b-76694a3eb499-AppendLogResponseHandler: Failed appendEntries: org.apache.ratis.thirdparty.io.grpc.StatusRuntimeException: CANCELLED: HTTP/2 error code: CANCEL
Received Rst Stream
2019-09-04 17:22:15,632 [grpc-default-executor-17] INFO  impl.FollowerInfo (FollowerInfo.java:lambda$new$0(51)) - cad45df4-26f2-449d-983b-430c10f8e6a0@group-FE72DDC5082C->e17d7d03-be12-4cbb-996b-76694a3eb499: nextIndex: updateUnconditionally 14 -> 13
2019-09-04 17:22:15,634 [refreshUsed-/workdir/hadoop-ozone/integration-test/target/test-dir/MiniOzoneClusterImpl-a66fa8d6-020b-4b94-8246-f6312d57d8d8/datanode-1/data/containers] WARN  fs.CachingGetSpaceUsed (CachingGetSpaceUsed.java:run(183)) - Thread Interrupted waiting to refresh disk information: sleep interrupted
2019-09-04 17:22:15,639 [68b00d87-9377-45fc-b239-8a920c60ab91@group-EABC9F1D04E5-StateMachineUpdater] INFO  ratis.ContainerStateMachine (ContainerStateMachine.java:takeSnapshot(300)) - group-EABC9F1D04E5: Finished taking a snapshot at:(t:1, i:4) file:/workdir/hadoop-ozone/integration-test/target/test-dir/MiniOzoneClusterImpl-a66fa8d6-020b-4b94-8246-f6312d57d8d8/datanode-4/data/ratis/5ceb3533-0711-4d23-a6b9-eabc9f1d04e5/sm/snapshot.1_4 time:13
2019-09-04 17:22:15,639 [68b00d87-9377-45fc-b239-8a920c60ab91@group-EABC9F1D04E5-StateMachineUpdater] INFO  impl.StateMachineUpdater (StateMachineUpdater.java:takeSnapshot(258)) - 68b00d87-9377-45fc-b239-8a920c60ab91@group-EABC9F1D04E5-StateMachineUpdater: Took a snapshot at index 4
2019-09-04 17:22:15,639 [68b00d87-9377-45fc-b239-8a920c60ab91@group-EABC9F1D04E5-StateMachineUpdater] INFO  impl.StateMachineUpdater (StateMachineUpdater.java:lambda$new$0(83)) - 68b00d87-9377-45fc-b239-8a920c60ab91@group-EABC9F1D04E5-StateMachineUpdater: snapshotIndex: updateIncreasingly 4 -> 4
2019-09-04 17:22:15,639 [main] INFO  impl.RaftServerImpl (ServerState.java:close(385)) - 68b00d87-9377-45fc-b239-8a920c60ab91@group-EABC9F1D04E5: closes. applyIndex: 6
2019-09-04 17:22:15,640 [68b00d87-9377-45fc-b239-8a920c60ab91@group-EABC9F1D04E5-SegmentedRaftLogWorker] INFO  segmented.SegmentedRaftLogWorker (SegmentedRaftLogWorker.java:run(313)) - 68b00d87-9377-45fc-b239-8a920c60ab91@group-EABC9F1D04E5-SegmentedRaftLogWorker was interrupted, exiting. There are 0 tasks remaining in the queue.
2019-09-04 17:22:15,640 [main] INFO  segmented.SegmentedRaftLogWorker (SegmentedRaftLogWorker.java:close(228)) - 68b00d87-9377-45fc-b239-8a920c60ab91@group-EABC9F1D04E5-SegmentedRaftLogWorker close()
2019-09-04 17:22:15,643 [main] INFO  server.GrpcService (GrpcService.java:closeImpl(164)) - 68b00d87-9377-45fc-b239-8a920c60ab91: shutdown server with port 36946 now
2019-09-04 17:22:15,644 [grpc-default-executor-13] WARN  server.GrpcServerProtocolService (LogUtils.java:warn(134)) - 68b00d87-9377-45fc-b239-8a920c60ab91: installSnapshot onError, lastRequest: f6d82e5c-6716-4219-a3ef-c5ab4e3fce32->68b00d87-9377-45fc-b239-8a920c60ab91#10-t1, previous=(t:1, i:6), leaderCommit=6, initializing? false, entries: <empty>: org.apache.ratis.thirdparty.io.grpc.StatusRuntimeException: CANCELLED: cancelled before receiving half close
2019-09-04 17:22:15,644 [main] INFO  server.GrpcService (GrpcService.java:closeImpl(172)) - 68b00d87-9377-45fc-b239-8a920c60ab91: shutdown server with port 36946 successfully
2019-09-04 17:22:15,644 [grpc-default-executor-19] WARN  server.GrpcLogAppender (LogUtils.java:warn(134)) - f6d82e5c-6716-4219-a3ef-c5ab4e3fce32@group-EABC9F1D04E5->68b00d87-9377-45fc-b239-8a920c60ab91-AppendLogResponseHandler: Failed appendEntries: org.apache.ratis.thirdparty.io.grpc.StatusRuntimeException: CANCELLED: HTTP/2 error code: CANCEL
Received Rst Stream
2019-09-04 17:22:15,645 [grpc-default-executor-19] INFO  impl.FollowerInfo (FollowerInfo.java:lambda$new$0(51)) - f6d82e5c-6716-4219-a3ef-c5ab4e3fce32@group-EABC9F1D04E5->68b00d87-9377-45fc-b239-8a920c60ab91: nextIndex: updateUnconditionally 7 -> 6
2019-09-04 17:22:15,646 [refreshUsed-/workdir/hadoop-ozone/integration-test/target/test-dir/MiniOzoneClusterImpl-a66fa8d6-020b-4b94-8246-f6312d57d8d8/datanode-4/data/containers] WARN  fs.CachingGetSpaceUsed (CachingGetSpaceUsed.java:run(183)) - Thread Interrupted waiting to refresh disk information: sleep interrupted
2019-09-04 17:22:15,656 [ForkJoinPool.commonPool-worker-0] INFO  utils.BackgroundService (BackgroundService.java:shutdown(148)) - Shutting down service BlockDeletingService
2019-09-04 17:22:15,662 [ForkJoinPool.commonPool-worker-0] INFO  statemachine.DatanodeStateMachine (DatanodeStateMachine.java:stopDaemon(395)) - Ozone container server stopped.
2019-09-04 17:22:15,669 [ForkJoinPool.commonPool-worker-0] INFO  handler.ContextHandler (ContextHandler.java:doStop(910)) - Stopped o.e.j.w.WebAppContext@5b3518e1{/,null,UNAVAILABLE}{/hddsDatanode}
2019-09-04 17:22:15,669 [ForkJoinPool.commonPool-worker-0] INFO  server.AbstractConnector (AbstractConnector.java:doStop(318)) - Stopped ServerConnector@5fd18419{HTTP/1.1,[http/1.1]}{0.0.0.0:0}
2019-09-04 17:22:15,671 [ForkJoinPool.commonPool-worker-0] INFO  handler.ContextHandler (ContextHandler.java:doStop(910)) - Stopped o.e.j.s.ServletContextHandler@4fe2dd02{/static,jar:file:/home/user/.m2/repository/org/apache/hadoop/hadoop-hdds-container-service/0.5.0-SNAPSHOT/hadoop-hdds-container-service-0.5.0-SNAPSHOT.jar!/webapps/static,UNAVAILABLE}
2019-09-04 17:22:15,673 [ForkJoinPool.commonPool-worker-0] INFO  handler.ContextHandler (ContextHandler.java:doStop(910)) - Stopped o.e.j.s.ServletContextHandler@1584c019{/logs,file:///workdir/hadoop-ozone/integration-test/target/log,UNAVAILABLE}
2019-09-04 17:22:15,682 [main] INFO  utils.BackgroundService (BackgroundService.java:shutdown(148)) - Shutting down service BlockDeletingService
2019-09-04 17:22:15,688 [main] INFO  statemachine.DatanodeStateMachine (DatanodeStateMachine.java:stopDaemon(395)) - Ozone container server stopped.
2019-09-04 17:22:15,689 [main] INFO  handler.ContextHandler (ContextHandler.java:doStop(910)) - Stopped o.e.j.w.WebAppContext@e07b4db{/,null,UNAVAILABLE}{/hddsDatanode}
2019-09-04 17:22:15,690 [main] INFO  server.AbstractConnector (AbstractConnector.java:doStop(318)) - Stopped ServerConnector@76b305e1{HTTP/1.1,[http/1.1]}{0.0.0.0:0}
2019-09-04 17:22:15,690 [main] INFO  handler.ContextHandler (ContextHandler.java:doStop(910)) - Stopped o.e.j.s.ServletContextHandler@4a9bce99{/static,jar:file:/home/user/.m2/repository/org/apache/hadoop/hadoop-hdds-container-service/0.5.0-SNAPSHOT/hadoop-hdds-container-service-0.5.0-SNAPSHOT.jar!/webapps/static,UNAVAILABLE}
2019-09-04 17:22:15,691 [main] INFO  handler.ContextHandler (ContextHandler.java:doStop(910)) - Stopped o.e.j.s.ServletContextHandler@a5e8260{/logs,file:///workdir/hadoop-ozone/integration-test/target/log,UNAVAILABLE}
2019-09-04 17:22:15,746 [grpc-default-executor-13] WARN  server.GrpcLogAppender (LogUtils.java:warn(134)) - cad45df4-26f2-449d-983b-430c10f8e6a0@group-FE72DDC5082C->e17d7d03-be12-4cbb-996b-76694a3eb499-AppendLogResponseHandler: Failed appendEntries: org.apache.ratis.thirdparty.io.grpc.StatusRuntimeException: UNAVAILABLE: io exception
2019-09-04 17:22:15,746 [grpc-default-executor-13] INFO  impl.FollowerInfo (FollowerInfo.java:lambda$new$0(51)) - cad45df4-26f2-449d-983b-430c10f8e6a0@group-FE72DDC5082C->e17d7d03-be12-4cbb-996b-76694a3eb499: nextIndex: updateUnconditionally 13 -> 12
2019-09-04 17:22:16,203 [Datanode State Machine Thread - 0] INFO  statemachine.DatanodeStateMachine (DatanodeStateMachine.java:lambda$startDaemon$0(350)) - Ozone container server started.
2019-09-04 17:22:16,412 [Datanode State Machine Thread - 0] INFO  statemachine.DatanodeStateMachine (DatanodeStateMachine.java:lambda$startDaemon$0(350)) - Ozone container server started.
2019-09-04 17:22:17,236 [grpc-default-executor-17] WARN  server.GrpcLogAppender (LogUtils.java:warn(134)) - cad45df4-26f2-449d-983b-430c10f8e6a0@group-FE72DDC5082C->e17d7d03-be12-4cbb-996b-76694a3eb499-AppendLogResponseHandler: Failed appendEntries: org.apache.ratis.thirdparty.io.grpc.StatusRuntimeException: UNAVAILABLE: io exception
2019-09-04 17:22:17,237 [grpc-default-executor-17] INFO  impl.FollowerInfo (FollowerInfo.java:lambda$new$0(51)) - cad45df4-26f2-449d-983b-430c10f8e6a0@group-FE72DDC5082C->e17d7d03-be12-4cbb-996b-76694a3eb499: nextIndex: updateUnconditionally 13 -> 12
2019-09-04 17:22:17,249 [grpc-default-executor-13] WARN  server.GrpcLogAppender (LogUtils.java:warn(134)) - cad45df4-26f2-449d-983b-430c10f8e6a0@group-FE72DDC5082C->e17d7d03-be12-4cbb-996b-76694a3eb499-AppendLogResponseHandler: Failed appendEntries: org.apache.ratis.thirdparty.io.grpc.StatusRuntimeException: UNAVAILABLE: io exception
2019-09-04 17:22:17,250 [grpc-default-executor-13] INFO  impl.FollowerInfo (FollowerInfo.java:lambda$new$0(51)) - cad45df4-26f2-449d-983b-430c10f8e6a0@group-FE72DDC5082C->e17d7d03-be12-4cbb-996b-76694a3eb499: nextIndex: updateUnconditionally 13 -> 12
2019-09-04 17:22:17,262 [grpc-default-executor-17] WARN  server.GrpcLogAppender (LogUtils.java:warn(134)) - cad45df4-26f2-449d-983b-430c10f8e6a0@group-FE72DDC5082C->e17d7d03-be12-4cbb-996b-76694a3eb499-AppendLogResponseHandler: Failed appendEntries: org.apache.ratis.thirdparty.io.grpc.StatusRuntimeException: UNAVAILABLE: io exception
2019-09-04 17:22:17,263 [grpc-default-executor-17] INFO  impl.FollowerInfo (FollowerInfo.java:lambda$new$0(51)) - cad45df4-26f2-449d-983b-430c10f8e6a0@group-FE72DDC5082C->e17d7d03-be12-4cbb-996b-76694a3eb499: nextIndex: updateUnconditionally 13 -> 12
2019-09-04 17:22:17,276 [RatisApplyTransactionExecutor 2] INFO  interfaces.Container (KeyValueContainer.java:flushAndSyncDB(382)) - Container 2 is synced with bcsId 11.
2019-09-04 17:22:17,276 [RatisApplyTransactionExecutor 2] INFO  interfaces.Container (KeyValueContainer.java:flushAndSyncDB(382)) - Container 2 is synced with bcsId 11.
2019-09-04 17:22:17,302 [RatisApplyTransactionExecutor 2] INFO  interfaces.Container (KeyValueContainer.java:flushAndSyncDB(382)) - Container 2 is synced with bcsId 11.
2019-09-04 17:22:17,303 [RatisApplyTransactionExecutor 2] INFO  interfaces.Container (KeyValueContainer.java:flushAndSyncDB(382)) - Container 2 is synced with bcsId 11.
2019-09-04 17:22:17,303 [EventQueue-IncrementalContainerReportForIncrementalContainerReportHandler] INFO  container.IncrementalContainerReportHandler (AbstractContainerReportHandler.java:updateContainerState(176)) - Moving container #2 to CLOSED state, datanode cad45df4-26f2-449d-983b-430c10f8e6a0{ip: 192.168.34.57, host: pr-hdds-1561-mdkws-1819952476, networkLocation: /default-rack, certSerialId: null} reported CLOSED replica.
2019-09-04 17:22:17,431 [grpc-default-executor-19] WARN  server.GrpcLogAppender (LogUtils.java:warn(134)) - f6d82e5c-6716-4219-a3ef-c5ab4e3fce32@group-EABC9F1D04E5->68b00d87-9377-45fc-b239-8a920c60ab91-AppendLogResponseHandler: Failed appendEntries: org.apache.ratis.thirdparty.io.grpc.StatusRuntimeException: UNAVAILABLE: io exception
2019-09-04 17:22:17,431 [grpc-default-executor-19] INFO  impl.FollowerInfo (FollowerInfo.java:lambda$new$0(51)) - f6d82e5c-6716-4219-a3ef-c5ab4e3fce32@group-EABC9F1D04E5->68b00d87-9377-45fc-b239-8a920c60ab91: nextIndex: updateUnconditionally 7 -> 6
2019-09-04 17:22:17,444 [grpc-default-executor-13] WARN  server.GrpcLogAppender (LogUtils.java:warn(134)) - f6d82e5c-6716-4219-a3ef-c5ab4e3fce32@group-EABC9F1D04E5->68b00d87-9377-45fc-b239-8a920c60ab91-AppendLogResponseHandler: Failed appendEntries: org.apache.ratis.thirdparty.io.grpc.StatusRuntimeException: UNAVAILABLE: io exception
2019-09-04 17:22:17,444 [grpc-default-executor-13] INFO  impl.FollowerInfo (FollowerInfo.java:lambda$new$0(51)) - f6d82e5c-6716-4219-a3ef-c5ab4e3fce32@group-EABC9F1D04E5->68b00d87-9377-45fc-b239-8a920c60ab91: nextIndex: updateUnconditionally 7 -> 6
2019-09-04 17:22:17,458 [grpc-default-executor-17] WARN  server.GrpcLogAppender (LogUtils.java:warn(134)) - f6d82e5c-6716-4219-a3ef-c5ab4e3fce32@group-EABC9F1D04E5->68b00d87-9377-45fc-b239-8a920c60ab91-AppendLogResponseHandler: Failed appendEntries: org.apache.ratis.thirdparty.io.grpc.StatusRuntimeException: UNAVAILABLE: io exception
2019-09-04 17:22:17,458 [grpc-default-executor-17] INFO  impl.FollowerInfo (FollowerInfo.java:lambda$new$0(51)) - f6d82e5c-6716-4219-a3ef-c5ab4e3fce32@group-EABC9F1D04E5->68b00d87-9377-45fc-b239-8a920c60ab91: nextIndex: updateUnconditionally 7 -> 6
2019-09-04 17:22:17,459 [RatisApplyTransactionExecutor 3] INFO  interfaces.Container (KeyValueContainer.java:flushAndSyncDB(382)) - Container 3 is synced with bcsId 4.
2019-09-04 17:22:17,459 [RatisApplyTransactionExecutor 3] INFO  interfaces.Container (KeyValueContainer.java:flushAndSyncDB(382)) - Container 3 is synced with bcsId 4.
2019-09-04 17:22:17,465 [EventQueue-IncrementalContainerReportForIncrementalContainerReportHandler] INFO  container.IncrementalContainerReportHandler (AbstractContainerReportHandler.java:updateContainerState(176)) - Moving container #3 to CLOSED state, datanode f6d82e5c-6716-4219-a3ef-c5ab4e3fce32{ip: 192.168.34.57, host: pr-hdds-1561-mdkws-1819952476, networkLocation: /default-rack, certSerialId: null} reported CLOSED replica.
2019-09-04 17:22:17,468 [RatisApplyTransactionExecutor 3] INFO  interfaces.Container (KeyValueContainer.java:flushAndSyncDB(382)) - Container 3 is synced with bcsId 4.
2019-09-04 17:22:17,468 [RatisApplyTransactionExecutor 3] INFO  interfaces.Container (KeyValueContainer.java:flushAndSyncDB(382)) - Container 3 is synced with bcsId 4.
2019-09-04 17:22:19,769 [grpc-default-executor-13] WARN  server.GrpcLogAppender (LogUtils.java:warn(134)) - cad45df4-26f2-449d-983b-430c10f8e6a0@group-FE72DDC5082C->e17d7d03-be12-4cbb-996b-76694a3eb499-AppendLogResponseHandler: Failed appendEntries: org.apache.ratis.thirdparty.io.grpc.StatusRuntimeException: UNAVAILABLE: io exception
2019-09-04 17:22:19,771 [grpc-default-executor-13] INFO  impl.FollowerInfo (FollowerInfo.java:lambda$new$0(51)) - cad45df4-26f2-449d-983b-430c10f8e6a0@group-FE72DDC5082C->e17d7d03-be12-4cbb-996b-76694a3eb499: nextIndex: updateUnconditionally 12 -> 11
2019-09-04 17:22:19,959 [grpc-default-executor-19] WARN  server.GrpcLogAppender (LogUtils.java:warn(134)) - f6d82e5c-6716-4219-a3ef-c5ab4e3fce32@group-EABC9F1D04E5->68b00d87-9377-45fc-b239-8a920c60ab91-AppendLogResponseHandler: Failed appendEntries: org.apache.ratis.thirdparty.io.grpc.StatusRuntimeException: UNAVAILABLE: io exception
2019-09-04 17:22:19,959 [grpc-default-executor-19] INFO  impl.FollowerInfo (FollowerInfo.java:lambda$new$0(51)) - f6d82e5c-6716-4219-a3ef-c5ab4e3fce32@group-EABC9F1D04E5->68b00d87-9377-45fc-b239-8a920c60ab91: nextIndex: updateUnconditionally 6 -> 5
2019-09-04 17:22:20,236 [EventQueue-StaleNodeForStaleNodeHandler] INFO  node.StaleNodeHandler (StaleNodeHandler.java:onMessage(58)) - Datanode 914eab85-949a-416f-9a58-a19ca86126d9{ip: 192.168.34.57, host: pr-hdds-1561-mdkws-1819952476, networkLocation: /default-rack, certSerialId: null} moved to stale state. Finalizing its pipelines [PipelineID=52f828d6-0b99-430c-ab67-fe72ddc5082c, PipelineID=bb8d70ba-eda0-4303-a462-8b30ed57c93b]
2019-09-04 17:22:20,236 [EventQueue-StaleNodeForStaleNodeHandler] INFO  pipeline.SCMPipelineManager (SCMPipelineManager.java:finalizeAndDestroyPipeline(309)) - destroying pipeline:Pipeline[ Id: 52f828d6-0b99-430c-ab67-fe72ddc5082c, Nodes: cad45df4-26f2-449d-983b-430c10f8e6a0{ip: 192.168.34.57, host: pr-hdds-1561-mdkws-1819952476, networkLocation: /default-rack, certSerialId: null}e17d7d03-be12-4cbb-996b-76694a3eb499{ip: 192.168.34.57, host: pr-hdds-1561-mdkws-1819952476, networkLocation: /default-rack, certSerialId: null}914eab85-949a-416f-9a58-a19ca86126d9{ip: 192.168.34.57, host: pr-hdds-1561-mdkws-1819952476, networkLocation: /default-rack, certSerialId: null}, Type:RATIS, Factor:THREE, State:CLOSED]
2019-09-04 17:22:20,237 [EventQueue-StaleNodeForStaleNodeHandler] INFO  pipeline.SCMPipelineManager (SCMPipelineManager.java:finalizeAndDestroyPipeline(309)) - destroying pipeline:Pipeline[ Id: bb8d70ba-eda0-4303-a462-8b30ed57c93b, Nodes: 914eab85-949a-416f-9a58-a19ca86126d9{ip: 192.168.34.57, host: pr-hdds-1561-mdkws-1819952476, networkLocation: /default-rack, certSerialId: null}, Type:RATIS, Factor:ONE, State:OPEN]
2019-09-04 17:22:20,237 [EventQueue-StaleNodeForStaleNodeHandler] INFO  pipeline.PipelineStateManager (PipelineStateManager.java:finalizePipeline(123)) - Pipeline Pipeline[ Id: bb8d70ba-eda0-4303-a462-8b30ed57c93b, Nodes: 914eab85-949a-416f-9a58-a19ca86126d9{ip: 192.168.34.57, host: pr-hdds-1561-mdkws-1819952476, networkLocation: /default-rack, certSerialId: null}, Type:RATIS, Factor:ONE, State:CLOSED] moved to CLOSED state
2019-09-04 17:22:20,436 [EventQueue-StaleNodeForStaleNodeHandler] INFO  node.StaleNodeHandler (StaleNodeHandler.java:onMessage(58)) - Datanode 8a70ad64-e1a6-42ae-868f-404e248e38b5{ip: 192.168.34.57, host: pr-hdds-1561-mdkws-1819952476, networkLocation: /default-rack, certSerialId: null} moved to stale state. Finalizing its pipelines [PipelineID=bd9d3a92-097a-4b15-ab1d-6bb003a1e2db, PipelineID=5ceb3533-0711-4d23-a6b9-eabc9f1d04e5]
2019-09-04 17:22:20,436 [EventQueue-StaleNodeForStaleNodeHandler] INFO  pipeline.SCMPipelineManager (SCMPipelineManager.java:finalizeAndDestroyPipeline(309)) - destroying pipeline:Pipeline[ Id: bd9d3a92-097a-4b15-ab1d-6bb003a1e2db, Nodes: 8a70ad64-e1a6-42ae-868f-404e248e38b5{ip: 192.168.34.57, host: pr-hdds-1561-mdkws-1819952476, networkLocation: /default-rack, certSerialId: null}, Type:RATIS, Factor:ONE, State:OPEN]
2019-09-04 17:22:20,436 [EventQueue-StaleNodeForStaleNodeHandler] INFO  pipeline.PipelineStateManager (PipelineStateManager.java:finalizePipeline(123)) - Pipeline Pipeline[ Id: bd9d3a92-097a-4b15-ab1d-6bb003a1e2db, Nodes: 8a70ad64-e1a6-42ae-868f-404e248e38b5{ip: 192.168.34.57, host: pr-hdds-1561-mdkws-1819952476, networkLocation: /default-rack, certSerialId: null}, Type:RATIS, Factor:ONE, State:CLOSED] moved to CLOSED state
2019-09-04 17:22:20,437 [EventQueue-StaleNodeForStaleNodeHandler] INFO  pipeline.SCMPipelineManager (SCMPipelineManager.java:finalizeAndDestroyPipeline(309)) - destroying pipeline:Pipeline[ Id: 5ceb3533-0711-4d23-a6b9-eabc9f1d04e5, Nodes: f6d82e5c-6716-4219-a3ef-c5ab4e3fce32{ip: 192.168.34.57, host: pr-hdds-1561-mdkws-1819952476, networkLocation: /default-rack, certSerialId: null}8a70ad64-e1a6-42ae-868f-404e248e38b5{ip: 192.168.34.57, host: pr-hdds-1561-mdkws-1819952476, networkLocation: /default-rack, certSerialId: null}68b00d87-9377-45fc-b239-8a920c60ab91{ip: 192.168.34.57, host: pr-hdds-1561-mdkws-1819952476, networkLocation: /default-rack, certSerialId: null}, Type:RATIS, Factor:THREE, State:CLOSED]
2019-09-04 17:22:20,676 [ForkJoinPool.commonPool-worker-0] INFO  ozoneimpl.OzoneContainer (OzoneContainer.java:stop(216)) - Attempting to stop container services.
2019-09-04 17:22:20,685 [ForkJoinPool.commonPool-worker-0] INFO  impl.RaftServerProxy (RaftServerProxy.java:lambda$close$4(314)) - 914eab85-949a-416f-9a58-a19ca86126d9: close
2019-09-04 17:22:20,686 [ForkJoinPool.commonPool-worker-0] INFO  impl.RaftServerImpl (RaftServerImpl.java:lambda$shutdown$3(251)) - 914eab85-949a-416f-9a58-a19ca86126d9@group-FE72DDC5082C: shutdown
2019-09-04 17:22:20,686 [ForkJoinPool.commonPool-worker-0] INFO  util.JmxRegister (JmxRegister.java:unregister(73)) - Successfully un-registered JMX Bean with object name Ratis:service=RaftServer,group=group-FE72DDC5082C,id=914eab85-949a-416f-9a58-a19ca86126d9
2019-09-04 17:22:20,687 [ForkJoinPool.commonPool-worker-0] INFO  impl.RoleInfo (RoleInfo.java:shutdownFollowerState(121)) - 914eab85-949a-416f-9a58-a19ca86126d9: shutdown FollowerState
2019-09-04 17:22:20,687 [ForkJoinPool.commonPool-worker-0] INFO  impl.StateMachineUpdater (StateMachineUpdater.java:stopAndJoin(125)) - 914eab85-949a-416f-9a58-a19ca86126d9@group-FE72DDC5082C-StateMachineUpdater: set stopIndex = 15
2019-09-04 17:22:20,687 [Thread-4599] INFO  impl.FollowerState (FollowerState.java:run(115)) - 914eab85-949a-416f-9a58-a19ca86126d9: FollowerState was interrupted: java.lang.InterruptedException: sleep interrupted
2019-09-04 17:22:20,693 [914eab85-949a-416f-9a58-a19ca86126d9@group-FE72DDC5082C-StateMachineUpdater] INFO  ratis.ContainerStateMachine (ContainerStateMachine.java:takeSnapshot(289)) - group-FE72DDC5082C: Taking a snapshot at:(t:1, i:14) file /workdir/hadoop-ozone/integration-test/target/test-dir/MiniOzoneClusterImpl-a66fa8d6-020b-4b94-8246-f6312d57d8d8/datanode-2/data/ratis/52f828d6-0b99-430c-ab67-fe72ddc5082c/sm/snapshot.1_14
2019-09-04 17:22:20,693 [main] INFO  ozoneimpl.OzoneContainer (OzoneContainer.java:stop(216)) - Attempting to stop container services.
2019-09-04 17:22:20,694 [main] INFO  impl.RaftServerProxy (RaftServerProxy.java:lambda$close$4(314)) - 8a70ad64-e1a6-42ae-868f-404e248e38b5: close
2019-09-04 17:22:20,694 [main] INFO  impl.RaftServerImpl (RaftServerImpl.java:lambda$shutdown$3(251)) - 8a70ad64-e1a6-42ae-868f-404e248e38b5@group-6BB003A1E2DB: shutdown
2019-09-04 17:22:20,694 [main] INFO  util.JmxRegister (JmxRegister.java:unregister(73)) - Successfully un-registered JMX Bean with object name Ratis:service=RaftServer,group=group-6BB003A1E2DB,id=8a70ad64-e1a6-42ae-868f-404e248e38b5
2019-09-04 17:22:20,695 [main] INFO  impl.RoleInfo (RoleInfo.java:shutdownLeaderState(104)) - 8a70ad64-e1a6-42ae-868f-404e248e38b5: shutdown LeaderState
2019-09-04 17:22:20,695 [main] INFO  impl.PendingRequests (PendingRequests.java:sendNotLeaderResponses(202)) - 8a70ad64-e1a6-42ae-868f-404e248e38b5-PendingRequests: sendNotLeaderResponses
2019-09-04 17:22:20,696 [main] INFO  impl.StateMachineUpdater (StateMachineUpdater.java:stopAndJoin(125)) - 8a70ad64-e1a6-42ae-868f-404e248e38b5@group-6BB003A1E2DB-StateMachineUpdater: set stopIndex = 0
2019-09-04 17:22:20,696 [main] INFO  impl.RaftServerImpl (ServerState.java:close(385)) - 8a70ad64-e1a6-42ae-868f-404e248e38b5@group-6BB003A1E2DB: closes. applyIndex: 0
2019-09-04 17:22:20,697 [8a70ad64-e1a6-42ae-868f-404e248e38b5@group-6BB003A1E2DB-SegmentedRaftLogWorker] INFO  segmented.SegmentedRaftLogWorker (SegmentedRaftLogWorker.java:run(313)) - 8a70ad64-e1a6-42ae-868f-404e248e38b5@group-6BB003A1E2DB-SegmentedRaftLogWorker was interrupted, exiting. There are 0 tasks remaining in the queue.
2019-09-04 17:22:20,697 [main] INFO  segmented.SegmentedRaftLogWorker (SegmentedRaftLogWorker.java:close(228)) - 8a70ad64-e1a6-42ae-868f-404e248e38b5@group-6BB003A1E2DB-SegmentedRaftLogWorker close()
2019-09-04 17:22:20,700 [main] INFO  impl.RaftServerImpl (RaftServerImpl.java:lambda$shutdown$3(251)) - 8a70ad64-e1a6-42ae-868f-404e248e38b5@group-EABC9F1D04E5: shutdown
2019-09-04 17:22:20,700 [main] INFO  util.JmxRegister (JmxRegister.java:unregister(73)) - Successfully un-registered JMX Bean with object name Ratis:service=RaftServer,group=group-EABC9F1D04E5,id=8a70ad64-e1a6-42ae-868f-404e248e38b5
2019-09-04 17:22:20,701 [main] INFO  impl.RoleInfo (RoleInfo.java:shutdownFollowerState(121)) - 8a70ad64-e1a6-42ae-868f-404e248e38b5: shutdown FollowerState
2019-09-04 17:22:20,701 [main] INFO  impl.StateMachineUpdater (StateMachineUpdater.java:stopAndJoin(125)) - 8a70ad64-e1a6-42ae-868f-404e248e38b5@group-EABC9F1D04E5-StateMachineUpdater: set stopIndex = 8
2019-09-04 17:22:20,701 [8a70ad64-e1a6-42ae-868f-404e248e38b5@group-EABC9F1D04E5-StateMachineUpdater] INFO  ratis.ContainerStateMachine (ContainerStateMachine.java:takeSnapshot(289)) - group-EABC9F1D04E5: Taking a snapshot at:(t:1, i:7) file /workdir/hadoop-ozone/integration-test/target/test-dir/MiniOzoneClusterImpl-a66fa8d6-020b-4b94-8246-f6312d57d8d8/datanode-3/data/ratis/5ceb3533-0711-4d23-a6b9-eabc9f1d04e5/sm/snapshot.1_7
2019-09-04 17:22:20,701 [Thread-4624] INFO  impl.FollowerState (FollowerState.java:run(115)) - 8a70ad64-e1a6-42ae-868f-404e248e38b5: FollowerState was interrupted: java.lang.InterruptedException: sleep interrupted
2019-09-04 17:22:20,718 [8a70ad64-e1a6-42ae-868f-404e248e38b5@group-EABC9F1D04E5-StateMachineUpdater] INFO  ratis.ContainerStateMachine (ContainerStateMachine.java:takeSnapshot(300)) - group-EABC9F1D04E5: Finished taking a snapshot at:(t:1, i:7) file:/workdir/hadoop-ozone/integration-test/target/test-dir/MiniOzoneClusterImpl-a66fa8d6-020b-4b94-8246-f6312d57d8d8/datanode-3/data/ratis/5ceb3533-0711-4d23-a6b9-eabc9f1d04e5/sm/snapshot.1_7 time:17
2019-09-04 17:22:20,718 [914eab85-949a-416f-9a58-a19ca86126d9@group-FE72DDC5082C-StateMachineUpdater] INFO  ratis.ContainerStateMachine (ContainerStateMachine.java:takeSnapshot(300)) - group-FE72DDC5082C: Finished taking a snapshot at:(t:1, i:14) file:/workdir/hadoop-ozone/integration-test/target/test-dir/MiniOzoneClusterImpl-a66fa8d6-020b-4b94-8246-f6312d57d8d8/datanode-2/data/ratis/52f828d6-0b99-430c-ab67-fe72ddc5082c/sm/snapshot.1_14 time:30
2019-09-04 17:22:20,718 [914eab85-949a-416f-9a58-a19ca86126d9@group-FE72DDC5082C-StateMachineUpdater] INFO  impl.StateMachineUpdater (StateMachineUpdater.java:takeSnapshot(258)) - 914eab85-949a-416f-9a58-a19ca86126d9@group-FE72DDC5082C-StateMachineUpdater: Took a snapshot at index 14
2019-09-04 17:22:20,718 [8a70ad64-e1a6-42ae-868f-404e248e38b5@group-EABC9F1D04E5-StateMachineUpdater] INFO  impl.StateMachineUpdater (StateMachineUpdater.java:takeSnapshot(258)) - 8a70ad64-e1a6-42ae-868f-404e248e38b5@group-EABC9F1D04E5-StateMachineUpdater: Took a snapshot at index 7
2019-09-04 17:22:20,718 [914eab85-949a-416f-9a58-a19ca86126d9@group-FE72DDC5082C-StateMachineUpdater] INFO  impl.StateMachineUpdater (StateMachineUpdater.java:lambda$new$0(83)) - 914eab85-949a-416f-9a58-a19ca86126d9@group-FE72DDC5082C-StateMachineUpdater: snapshotIndex: updateIncreasingly -1 -> 14
2019-09-04 17:22:20,718 [8a70ad64-e1a6-42ae-868f-404e248e38b5@group-EABC9F1D04E5-StateMachineUpdater] INFO  impl.StateMachineUpdater (StateMachineUpdater.java:lambda$new$0(83)) - 8a70ad64-e1a6-42ae-868f-404e248e38b5@group-EABC9F1D04E5-StateMachineUpdater: snapshotIndex: updateIncreasingly -1 -> 7
2019-09-04 17:22:20,719 [914eab85-949a-416f-9a58-a19ca86126d9@group-FE72DDC5082C-StateMachineUpdater] INFO  ratis.ContainerStateMachine (ContainerStateMachine.java:takeSnapshot(289)) - group-FE72DDC5082C: Taking a snapshot at:(t:1, i:14) file /workdir/hadoop-ozone/integration-test/target/test-dir/MiniOzoneClusterImpl-a66fa8d6-020b-4b94-8246-f6312d57d8d8/datanode-2/data/ratis/52f828d6-0b99-430c-ab67-fe72ddc5082c/sm/snapshot.1_14
2019-09-04 17:22:20,719 [8a70ad64-e1a6-42ae-868f-404e248e38b5@group-EABC9F1D04E5-StateMachineUpdater] INFO  ratis.ContainerStateMachine (ContainerStateMachine.java:takeSnapshot(289)) - group-EABC9F1D04E5: Taking a snapshot at:(t:1, i:7) file /workdir/hadoop-ozone/integration-test/target/test-dir/MiniOzoneClusterImpl-a66fa8d6-020b-4b94-8246-f6312d57d8d8/datanode-3/data/ratis/5ceb3533-0711-4d23-a6b9-eabc9f1d04e5/sm/snapshot.1_7
2019-09-04 17:22:20,743 [914eab85-949a-416f-9a58-a19ca86126d9@group-FE72DDC5082C-StateMachineUpdater] INFO  ratis.ContainerStateMachine (ContainerStateMachine.java:takeSnapshot(300)) - group-FE72DDC5082C: Finished taking a snapshot at:(t:1, i:14) file:/workdir/hadoop-ozone/integration-test/target/test-dir/MiniOzoneClusterImpl-a66fa8d6-020b-4b94-8246-f6312d57d8d8/datanode-2/data/ratis/52f828d6-0b99-430c-ab67-fe72ddc5082c/sm/snapshot.1_14 time:25
2019-09-04 17:22:20,743 [8a70ad64-e1a6-42ae-868f-404e248e38b5@group-EABC9F1D04E5-StateMachineUpdater] INFO  ratis.ContainerStateMachine (ContainerStateMachine.java:takeSnapshot(300)) - group-EABC9F1D04E5: Finished taking a snapshot at:(t:1, i:7) file:/workdir/hadoop-ozone/integration-test/target/test-dir/MiniOzoneClusterImpl-a66fa8d6-020b-4b94-8246-f6312d57d8d8/datanode-3/data/ratis/5ceb3533-0711-4d23-a6b9-eabc9f1d04e5/sm/snapshot.1_7 time:25
2019-09-04 17:22:20,743 [914eab85-949a-416f-9a58-a19ca86126d9@group-FE72DDC5082C-StateMachineUpdater] INFO  impl.StateMachineUpdater (StateMachineUpdater.java:takeSnapshot(258)) - 914eab85-949a-416f-9a58-a19ca86126d9@group-FE72DDC5082C-StateMachineUpdater: Took a snapshot at index 14
2019-09-04 17:22:20,743 [8a70ad64-e1a6-42ae-868f-404e248e38b5@group-EABC9F1D04E5-StateMachineUpdater] INFO  impl.StateMachineUpdater (StateMachineUpdater.java:takeSnapshot(258)) - 8a70ad64-e1a6-42ae-868f-404e248e38b5@group-EABC9F1D04E5-StateMachineUpdater: Took a snapshot at index 7
2019-09-04 17:22:20,744 [914eab85-949a-416f-9a58-a19ca86126d9@group-FE72DDC5082C-StateMachineUpdater] INFO  impl.StateMachineUpdater (StateMachineUpdater.java:lambda$new$0(83)) - 914eab85-949a-416f-9a58-a19ca86126d9@group-FE72DDC5082C-StateMachineUpdater: snapshotIndex: updateIncreasingly 14 -> 14
2019-09-04 17:22:20,744 [8a70ad64-e1a6-42ae-868f-404e248e38b5@group-EABC9F1D04E5-StateMachineUpdater] INFO  impl.StateMachineUpdater (StateMachineUpdater.java:lambda$new$0(83)) - 8a70ad64-e1a6-42ae-868f-404e248e38b5@group-EABC9F1D04E5-StateMachineUpdater: snapshotIndex: updateIncreasingly 7 -> 7
2019-09-04 17:22:20,744 [ForkJoinPool.commonPool-worker-0] INFO  impl.RaftServerImpl (ServerState.java:close(385)) - 914eab85-949a-416f-9a58-a19ca86126d9@group-FE72DDC5082C: closes. applyIndex: 15
2019-09-04 17:22:20,744 [main] INFO  impl.RaftServerImpl (ServerState.java:close(385)) - 8a70ad64-e1a6-42ae-868f-404e248e38b5@group-EABC9F1D04E5: closes. applyIndex: 8
2019-09-04 17:22:20,745 [914eab85-949a-416f-9a58-a19ca86126d9@group-FE72DDC5082C-SegmentedRaftLogWorker] INFO  segmented.SegmentedRaftLogWorker (SegmentedRaftLogWorker.java:run(313)) - 914eab85-949a-416f-9a58-a19ca86126d9@group-FE72DDC5082C-SegmentedRaftLogWorker was interrupted, exiting. There are 0 tasks remaining in the queue.
2019-09-04 17:22:20,745 [8a70ad64-e1a6-42ae-868f-404e248e38b5@group-EABC9F1D04E5-SegmentedRaftLogWorker] INFO  segmented.SegmentedRaftLogWorker (SegmentedRaftLogWorker.java:run(313)) - 8a70ad64-e1a6-42ae-868f-404e248e38b5@group-EABC9F1D04E5-SegmentedRaftLogWorker was interrupted, exiting. There are 0 tasks remaining in the queue.
2019-09-04 17:22:20,747 [ForkJoinPool.commonPool-worker-0] INFO  segmented.SegmentedRaftLogWorker (SegmentedRaftLogWorker.java:close(228)) - 914eab85-949a-416f-9a58-a19ca86126d9@group-FE72DDC5082C-SegmentedRaftLogWorker close()
2019-09-04 17:22:20,750 [main] INFO  segmented.SegmentedRaftLogWorker (SegmentedRaftLogWorker.java:close(228)) - 8a70ad64-e1a6-42ae-868f-404e248e38b5@group-EABC9F1D04E5-SegmentedRaftLogWorker close()
2019-09-04 17:22:20,753 [ForkJoinPool.commonPool-worker-0] INFO  impl.RaftServerImpl (RaftServerImpl.java:lambda$shutdown$3(251)) - 914eab85-949a-416f-9a58-a19ca86126d9@group-8B30ED57C93B: shutdown
2019-09-04 17:22:20,755 [main] INFO  server.GrpcService (GrpcService.java:closeImpl(164)) - 8a70ad64-e1a6-42ae-868f-404e248e38b5: shutdown server with port 36900 now
2019-09-04 17:22:20,756 [ForkJoinPool.commonPool-worker-0] INFO  util.JmxRegister (JmxRegister.java:unregister(73)) - Successfully un-registered JMX Bean with object name Ratis:service=RaftServer,group=group-8B30ED57C93B,id=914eab85-949a-416f-9a58-a19ca86126d9
2019-09-04 17:22:20,756 [ForkJoinPool.commonPool-worker-0] INFO  impl.RoleInfo (RoleInfo.java:shutdownLeaderState(104)) - 914eab85-949a-416f-9a58-a19ca86126d9: shutdown LeaderState
2019-09-04 17:22:20,757 [ForkJoinPool.commonPool-worker-0] INFO  impl.PendingRequests (PendingRequests.java:sendNotLeaderResponses(202)) - 914eab85-949a-416f-9a58-a19ca86126d9-PendingRequests: sendNotLeaderResponses
2019-09-04 17:22:20,758 [ForkJoinPool.commonPool-worker-0] INFO  impl.StateMachineUpdater (StateMachineUpdater.java:stopAndJoin(125)) - 914eab85-949a-416f-9a58-a19ca86126d9@group-8B30ED57C93B-StateMachineUpdater: set stopIndex = 0
2019-09-04 17:22:20,758 [grpc-default-executor-19] WARN  server.GrpcServerProtocolService (LogUtils.java:warn(134)) - 8a70ad64-e1a6-42ae-868f-404e248e38b5: installSnapshot onError, lastRequest: f6d82e5c-6716-4219-a3ef-c5ab4e3fce32->8a70ad64-e1a6-42ae-868f-404e248e38b5#13-t1, previous=(t:1, i:8), leaderCommit=8, initializing? false, entries: <empty>: org.apache.ratis.thirdparty.io.grpc.StatusRuntimeException: CANCELLED: cancelled before receiving half close
2019-09-04 17:22:20,758 [ForkJoinPool.commonPool-worker-0] INFO  impl.RaftServerImpl (ServerState.java:close(385)) - 914eab85-949a-416f-9a58-a19ca86126d9@group-8B30ED57C93B: closes. applyIndex: 0
2019-09-04 17:22:20,758 [main] INFO  server.GrpcService (GrpcService.java:closeImpl(172)) - 8a70ad64-e1a6-42ae-868f-404e248e38b5: shutdown server with port 36900 successfully
2019-09-04 17:22:20,759 [914eab85-949a-416f-9a58-a19ca86126d9@group-8B30ED57C93B-SegmentedRaftLogWorker] INFO  segmented.SegmentedRaftLogWorker (SegmentedRaftLogWorker.java:run(313)) - 914eab85-949a-416f-9a58-a19ca86126d9@group-8B30ED57C93B-SegmentedRaftLogWorker was interrupted, exiting. There are 0 tasks remaining in the queue.
2019-09-04 17:22:20,759 [ForkJoinPool.commonPool-worker-0] INFO  segmented.SegmentedRaftLogWorker (SegmentedRaftLogWorker.java:close(228)) - 914eab85-949a-416f-9a58-a19ca86126d9@group-8B30ED57C93B-SegmentedRaftLogWorker close()
2019-09-04 17:22:20,760 [grpc-default-executor-17] WARN  server.GrpcLogAppender (LogUtils.java:warn(134)) - f6d82e5c-6716-4219-a3ef-c5ab4e3fce32@group-EABC9F1D04E5->8a70ad64-e1a6-42ae-868f-404e248e38b5-AppendLogResponseHandler: Failed appendEntries: org.apache.ratis.thirdparty.io.grpc.StatusRuntimeException: CANCELLED: HTTP/2 error code: CANCEL
Received Rst Stream
2019-09-04 17:22:20,775 [ForkJoinPool.commonPool-worker-0] INFO  server.GrpcService (GrpcService.java:closeImpl(164)) - 914eab85-949a-416f-9a58-a19ca86126d9: shutdown server with port 38133 now
2019-09-04 17:22:20,775 [grpc-default-executor-17] INFO  impl.FollowerInfo (FollowerInfo.java:lambda$new$0(51)) - f6d82e5c-6716-4219-a3ef-c5ab4e3fce32@group-EABC9F1D04E5->8a70ad64-e1a6-42ae-868f-404e248e38b5: nextIndex: updateUnconditionally 9 -> 8
2019-09-04 17:22:20,776 [grpc-default-executor-19] WARN  server.GrpcServerProtocolService (LogUtils.java:warn(134)) - 914eab85-949a-416f-9a58-a19ca86126d9: installSnapshot onError, lastRequest: cad45df4-26f2-449d-983b-430c10f8e6a0->914eab85-949a-416f-9a58-a19ca86126d9#20-t1, previous=(t:1, i:15), leaderCommit=15, initializing? false, entries: <empty>: org.apache.ratis.thirdparty.io.grpc.StatusRuntimeException: CANCELLED: cancelled before receiving half close
2019-09-04 17:22:20,776 [ForkJoinPool.commonPool-worker-0] INFO  server.GrpcService (GrpcService.java:closeImpl(172)) - 914eab85-949a-416f-9a58-a19ca86126d9: shutdown server with port 38133 successfully
2019-09-04 17:22:20,777 [grpc-default-executor-17] WARN  server.GrpcLogAppender (LogUtils.java:warn(134)) - cad45df4-26f2-449d-983b-430c10f8e6a0@group-FE72DDC5082C->914eab85-949a-416f-9a58-a19ca86126d9-AppendLogResponseHandler: Failed appendEntries: org.apache.ratis.thirdparty.io.grpc.StatusRuntimeException: CANCELLED: HTTP/2 error code: CANCEL
Received Rst Stream
2019-09-04 17:22:20,777 [grpc-default-executor-17] INFO  impl.FollowerInfo (FollowerInfo.java:lambda$new$0(51)) - cad45df4-26f2-449d-983b-430c10f8e6a0@group-FE72DDC5082C->914eab85-949a-416f-9a58-a19ca86126d9: nextIndex: updateUnconditionally 16 -> 15
2019-09-04 17:22:20,777 [refreshUsed-/workdir/hadoop-ozone/integration-test/target/test-dir/MiniOzoneClusterImpl-a66fa8d6-020b-4b94-8246-f6312d57d8d8/datanode-3/data/containers] WARN  fs.CachingGetSpaceUsed (CachingGetSpaceUsed.java:run(183)) - Thread Interrupted waiting to refresh disk information: sleep interrupted
2019-09-04 17:22:20,783 [refreshUsed-/workdir/hadoop-ozone/integration-test/target/test-dir/MiniOzoneClusterImpl-a66fa8d6-020b-4b94-8246-f6312d57d8d8/datanode-2/data/containers] WARN  fs.CachingGetSpaceUsed (CachingGetSpaceUsed.java:run(183)) - Thread Interrupted waiting to refresh disk information: sleep interrupted
2019-09-04 17:22:20,797 [ForkJoinPool.commonPool-worker-0] INFO  utils.BackgroundService (BackgroundService.java:shutdown(148)) - Shutting down service BlockDeletingService
2019-09-04 17:22:20,803 [ForkJoinPool.commonPool-worker-0] INFO  statemachine.DatanodeStateMachine (DatanodeStateMachine.java:stopDaemon(395)) - Ozone container server stopped.
2019-09-04 17:22:20,808 [ForkJoinPool.commonPool-worker-0] INFO  handler.ContextHandler (ContextHandler.java:doStop(910)) - Stopped o.e.j.w.WebAppContext@2bc16fe2{/,null,UNAVAILABLE}{/hddsDatanode}
2019-09-04 17:22:20,809 [ForkJoinPool.commonPool-worker-0] INFO  server.AbstractConnector (AbstractConnector.java:doStop(318)) - Stopped ServerConnector@d66502{HTTP/1.1,[http/1.1]}{0.0.0.0:0}
2019-09-04 17:22:20,811 [ForkJoinPool.commonPool-worker-0] INFO  handler.ContextHandler (ContextHandler.java:doStop(910)) - Stopped o.e.j.s.ServletContextHandler@3866c96e{/static,jar:file:/home/user/.m2/repository/org/apache/hadoop/hadoop-hdds-container-service/0.5.0-SNAPSHOT/hadoop-hdds-container-service-0.5.0-SNAPSHOT.jar!/webapps/static,UNAVAILABLE}
2019-09-04 17:22:20,811 [main] INFO  utils.BackgroundService (BackgroundService.java:shutdown(148)) - Shutting down service BlockDeletingService
2019-09-04 17:22:20,812 [ForkJoinPool.commonPool-worker-0] INFO  handler.ContextHandler (ContextHandler.java:doStop(910)) - Stopped o.e.j.s.ServletContextHandler@3c488b34{/logs,file:///workdir/hadoop-ozone/integration-test/target/log,UNAVAILABLE}
2019-09-04 17:22:20,816 [main] INFO  statemachine.DatanodeStateMachine (DatanodeStateMachine.java:stopDaemon(395)) - Ozone container server stopped.
2019-09-04 17:22:20,817 [main] INFO  handler.ContextHandler (ContextHandler.java:doStop(910)) - Stopped o.e.j.w.WebAppContext@21b744ec{/,null,UNAVAILABLE}{/hddsDatanode}
2019-09-04 17:22:20,818 [main] INFO  server.AbstractConnector (AbstractConnector.java:doStop(318)) - Stopped ServerConnector@697a92af{HTTP/1.1,[http/1.1]}{0.0.0.0:0}
2019-09-04 17:22:20,818 [main] INFO  handler.ContextHandler (ContextHandler.java:doStop(910)) - Stopped o.e.j.s.ServletContextHandler@25fd6d1e{/static,jar:file:/home/user/.m2/repository/org/apache/hadoop/hadoop-hdds-container-service/0.5.0-SNAPSHOT/hadoop-hdds-container-service-0.5.0-SNAPSHOT.jar!/webapps/static,UNAVAILABLE}
2019-09-04 17:22:20,818 [main] INFO  handler.ContextHandler (ContextHandler.java:doStop(910)) - Stopped o.e.j.s.ServletContextHandler@45bd4753{/logs,file:///workdir/hadoop-ozone/integration-test/target/log,UNAVAILABLE}
2019-09-04 17:22:21,119 [Datanode State Machine Thread - 0] INFO  statemachine.DatanodeStateMachine (DatanodeStateMachine.java:lambda$startDaemon$0(350)) - Ozone container server started.
2019-09-04 17:22:21,303 [Datanode State Machine Thread - 0] INFO  statemachine.DatanodeStateMachine (DatanodeStateMachine.java:lambda$startDaemon$0(350)) - Ozone container server started.
2019-09-04 17:22:22,268 [grpc-default-executor-17] WARN  server.GrpcLogAppender (LogUtils.java:warn(134)) - cad45df4-26f2-449d-983b-430c10f8e6a0@group-FE72DDC5082C->e17d7d03-be12-4cbb-996b-76694a3eb499-AppendLogResponseHandler: Failed appendEntries: org.apache.ratis.thirdparty.io.grpc.StatusRuntimeException: UNAVAILABLE: io exception
2019-09-04 17:22:22,269 [grpc-default-executor-17] INFO  impl.FollowerInfo (FollowerInfo.java:lambda$new$0(51)) - cad45df4-26f2-449d-983b-430c10f8e6a0@group-FE72DDC5082C->e17d7d03-be12-4cbb-996b-76694a3eb499: nextIndex: updateUnconditionally 11 -> 10
2019-09-04 17:22:22,271 [grpc-default-executor-13] WARN  server.GrpcLogAppender (LogUtils.java:warn(134)) - cad45df4-26f2-449d-983b-430c10f8e6a0@group-FE72DDC5082C->914eab85-949a-416f-9a58-a19ca86126d9-AppendLogResponseHandler: Failed appendEntries: org.apache.ratis.thirdparty.io.grpc.StatusRuntimeException: UNAVAILABLE: io exception
2019-09-04 17:22:22,271 [grpc-default-executor-13] INFO  impl.FollowerInfo (FollowerInfo.java:lambda$new$0(51)) - cad45df4-26f2-449d-983b-430c10f8e6a0@group-FE72DDC5082C->914eab85-949a-416f-9a58-a19ca86126d9: nextIndex: updateUnconditionally 15 -> 14
2019-09-04 17:22:22,459 [grpc-default-executor-19] WARN  server.GrpcLogAppender (LogUtils.java:warn(134)) - f6d82e5c-6716-4219-a3ef-c5ab4e3fce32@group-EABC9F1D04E5->68b00d87-9377-45fc-b239-8a920c60ab91-AppendLogResponseHandler: Failed appendEntries: org.apache.ratis.thirdparty.io.grpc.StatusRuntimeException: UNAVAILABLE: io exception
2019-09-04 17:22:22,460 [grpc-default-executor-19] INFO  impl.FollowerInfo (FollowerInfo.java:lambda$new$0(51)) - f6d82e5c-6716-4219-a3ef-c5ab4e3fce32@group-EABC9F1D04E5->68b00d87-9377-45fc-b239-8a920c60ab91: nextIndex: updateUnconditionally 5 -> 4
2019-09-04 17:22:22,460 [grpc-default-executor-19] WARN  server.GrpcLogAppender (LogUtils.java:warn(134)) - f6d82e5c-6716-4219-a3ef-c5ab4e3fce32@group-EABC9F1D04E5->8a70ad64-e1a6-42ae-868f-404e248e38b5-AppendLogResponseHandler: Failed appendEntries: org.apache.ratis.thirdparty.io.grpc.StatusRuntimeException: UNAVAILABLE: io exception
2019-09-04 17:22:22,460 [grpc-default-executor-19] INFO  impl.FollowerInfo (FollowerInfo.java:lambda$new$0(51)) - f6d82e5c-6716-4219-a3ef-c5ab4e3fce32@group-EABC9F1D04E5->8a70ad64-e1a6-42ae-868f-404e248e38b5: nextIndex: updateUnconditionally 8 -> 7
2019-09-04 17:22:24,777 [grpc-default-executor-19] WARN  server.GrpcLogAppender (LogUtils.java:warn(134)) - cad45df4-26f2-449d-983b-430c10f8e6a0@group-FE72DDC5082C->914eab85-949a-416f-9a58-a19ca86126d9-AppendLogResponseHandler: Failed appendEntries: org.apache.ratis.thirdparty.io.grpc.StatusRuntimeException: UNAVAILABLE: io exception
2019-09-04 17:22:24,777 [grpc-default-executor-13] WARN  server.GrpcLogAppender (LogUtils.java:warn(134)) - cad45df4-26f2-449d-983b-430c10f8e6a0@group-FE72DDC5082C->e17d7d03-be12-4cbb-996b-76694a3eb499-AppendLogResponseHandler: Failed appendEntries: org.apache.ratis.thirdparty.io.grpc.StatusRuntimeException: UNAVAILABLE: io exception
2019-09-04 17:22:24,779 [grpc-default-executor-13] INFO  impl.FollowerInfo (FollowerInfo.java:lambda$new$0(51)) - cad45df4-26f2-449d-983b-430c10f8e6a0@group-FE72DDC5082C->e17d7d03-be12-4cbb-996b-76694a3eb499: nextIndex: updateUnconditionally 10 -> 9
2019-09-04 17:22:24,779 [grpc-default-executor-19] INFO  impl.FollowerInfo (FollowerInfo.java:lambda$new$0(51)) - cad45df4-26f2-449d-983b-430c10f8e6a0@group-FE72DDC5082C->914eab85-949a-416f-9a58-a19ca86126d9: nextIndex: updateUnconditionally 14 -> 13
2019-09-04 17:22:24,961 [grpc-default-executor-19] WARN  server.GrpcLogAppender (LogUtils.java:warn(134)) - f6d82e5c-6716-4219-a3ef-c5ab4e3fce32@group-EABC9F1D04E5->68b00d87-9377-45fc-b239-8a920c60ab91-AppendLogResponseHandler: Failed appendEntries: org.apache.ratis.thirdparty.io.grpc.StatusRuntimeException: UNAVAILABLE: io exception
2019-09-04 17:22:24,961 [grpc-default-executor-12] WARN  server.GrpcLogAppender (LogUtils.java:warn(134)) - f6d82e5c-6716-4219-a3ef-c5ab4e3fce32@group-EABC9F1D04E5->8a70ad64-e1a6-42ae-868f-404e248e38b5-AppendLogResponseHandler: Failed appendEntries: org.apache.ratis.thirdparty.io.grpc.StatusRuntimeException: UNAVAILABLE: io exception
2019-09-04 17:22:24,961 [grpc-default-executor-19] INFO  impl.FollowerInfo (FollowerInfo.java:lambda$new$0(51)) - f6d82e5c-6716-4219-a3ef-c5ab4e3fce32@group-EABC9F1D04E5->68b00d87-9377-45fc-b239-8a920c60ab91: nextIndex: updateUnconditionally 4 -> 3
2019-09-04 17:22:24,961 [grpc-default-executor-12] INFO  impl.FollowerInfo (FollowerInfo.java:lambda$new$0(51)) - f6d82e5c-6716-4219-a3ef-c5ab4e3fce32@group-EABC9F1D04E5->8a70ad64-e1a6-42ae-868f-404e248e38b5: nextIndex: updateUnconditionally 7 -> 6
2019-09-04 17:22:25,142 [EventQueue-StaleNodeForStaleNodeHandler] INFO  node.StaleNodeHandler (StaleNodeHandler.java:onMessage(58)) - Datanode a6d9e0fc-b1b1-4623-8931-a26647a555cd{ip: 192.168.34.57, host: pr-hdds-1561-mdkws-1819952476, networkLocation: /default-rack, certSerialId: null} moved to stale state. Finalizing its pipelines [PipelineID=da257f21-0c4d-4198-a22a-b8c516d6aa36]
2019-09-04 17:22:25,142 [EventQueue-StaleNodeForStaleNodeHandler] INFO  pipeline.SCMPipelineManager (SCMPipelineManager.java:finalizeAndDestroyPipeline(309)) - destroying pipeline:Pipeline[ Id: da257f21-0c4d-4198-a22a-b8c516d6aa36, Nodes: a6d9e0fc-b1b1-4623-8931-a26647a555cd{ip: 192.168.34.57, host: pr-hdds-1561-mdkws-1819952476, networkLocation: /default-rack, certSerialId: null}, Type:RATIS, Factor:ONE, State:OPEN]
2019-09-04 17:22:25,143 [EventQueue-StaleNodeForStaleNodeHandler] INFO  pipeline.PipelineStateManager (PipelineStateManager.java:finalizePipeline(123)) - Pipeline Pipeline[ Id: da257f21-0c4d-4198-a22a-b8c516d6aa36, Nodes: a6d9e0fc-b1b1-4623-8931-a26647a555cd{ip: 192.168.34.57, host: pr-hdds-1561-mdkws-1819952476, networkLocation: /default-rack, certSerialId: null}, Type:RATIS, Factor:ONE, State:CLOSED] moved to CLOSED state
2019-09-04 17:22:25,342 [EventQueue-StaleNodeForStaleNodeHandler] INFO  node.StaleNodeHandler (StaleNodeHandler.java:onMessage(58)) - Datanode cad45df4-26f2-449d-983b-430c10f8e6a0{ip: 192.168.34.57, host: pr-hdds-1561-mdkws-1819952476, networkLocation: /default-rack, certSerialId: null} moved to stale state. Finalizing its pipelines [PipelineID=52f828d6-0b99-430c-ab67-fe72ddc5082c, PipelineID=6810bf69-fc33-4b87-a574-1a75f25c6a5e]
2019-09-04 17:22:25,343 [EventQueue-StaleNodeForStaleNodeHandler] INFO  pipeline.SCMPipelineManager (SCMPipelineManager.java:finalizeAndDestroyPipeline(309)) - destroying pipeline:Pipeline[ Id: 52f828d6-0b99-430c-ab67-fe72ddc5082c, Nodes: cad45df4-26f2-449d-983b-430c10f8e6a0{ip: 192.168.34.57, host: pr-hdds-1561-mdkws-1819952476, networkLocation: /default-rack, certSerialId: null}e17d7d03-be12-4cbb-996b-76694a3eb499{ip: 192.168.34.57, host: pr-hdds-1561-mdkws-1819952476, networkLocation: /default-rack, certSerialId: null}914eab85-949a-416f-9a58-a19ca86126d9{ip: 192.168.34.57, host: pr-hdds-1561-mdkws-1819952476, networkLocation: /default-rack, certSerialId: null}, Type:RATIS, Factor:THREE, State:CLOSED]
2019-09-04 17:22:25,343 [EventQueue-StaleNodeForStaleNodeHandler] INFO  pipeline.SCMPipelineManager (SCMPipelineManager.java:finalizeAndDestroyPipeline(309)) - destroying pipeline:Pipeline[ Id: 6810bf69-fc33-4b87-a574-1a75f25c6a5e, Nodes: cad45df4-26f2-449d-983b-430c10f8e6a0{ip: 192.168.34.57, host: pr-hdds-1561-mdkws-1819952476, networkLocation: /default-rack, certSerialId: null}, Type:RATIS, Factor:ONE, State:OPEN]
2019-09-04 17:22:25,343 [EventQueue-StaleNodeForStaleNodeHandler] INFO  pipeline.PipelineStateManager (PipelineStateManager.java:finalizePipeline(123)) - Pipeline Pipeline[ Id: 6810bf69-fc33-4b87-a574-1a75f25c6a5e, Nodes: cad45df4-26f2-449d-983b-430c10f8e6a0{ip: 192.168.34.57, host: pr-hdds-1561-mdkws-1819952476, networkLocation: /default-rack, certSerialId: null}, Type:RATIS, Factor:ONE, State:CLOSED] moved to CLOSED state
2019-09-04 17:22:25,819 [ForkJoinPool.commonPool-worker-0] INFO  ozoneimpl.OzoneContainer (OzoneContainer.java:stop(216)) - Attempting to stop container services.
2019-09-04 17:22:25,827 [main] INFO  ozoneimpl.OzoneContainer (OzoneContainer.java:stop(216)) - Attempting to stop container services.
2019-09-04 17:22:25,828 [ForkJoinPool.commonPool-worker-0] INFO  impl.RaftServerProxy (RaftServerProxy.java:lambda$close$4(314)) - cad45df4-26f2-449d-983b-430c10f8e6a0: close
2019-09-04 17:22:25,829 [main] INFO  impl.RaftServerProxy (RaftServerProxy.java:lambda$close$4(314)) - a6d9e0fc-b1b1-4623-8931-a26647a555cd: close
2019-09-04 17:22:25,829 [main] INFO  impl.RaftServerImpl (RaftServerImpl.java:lambda$shutdown$3(251)) - a6d9e0fc-b1b1-4623-8931-a26647a555cd@group-B8C516D6AA36: shutdown
2019-09-04 17:22:25,829 [ForkJoinPool.commonPool-worker-0] INFO  impl.RaftServerImpl (RaftServerImpl.java:lambda$shutdown$3(251)) - cad45df4-26f2-449d-983b-430c10f8e6a0@group-FE72DDC5082C: shutdown
2019-09-04 17:22:25,830 [main] INFO  util.JmxRegister (JmxRegister.java:unregister(73)) - Successfully un-registered JMX Bean with object name Ratis:service=RaftServer,group=group-B8C516D6AA36,id=a6d9e0fc-b1b1-4623-8931-a26647a555cd
2019-09-04 17:22:25,830 [ForkJoinPool.commonPool-worker-0] INFO  util.JmxRegister (JmxRegister.java:unregister(73)) - Successfully un-registered JMX Bean with object name Ratis:service=RaftServer,group=group-FE72DDC5082C,id=cad45df4-26f2-449d-983b-430c10f8e6a0
2019-09-04 17:22:25,831 [main] INFO  impl.RoleInfo (RoleInfo.java:shutdownLeaderState(104)) - a6d9e0fc-b1b1-4623-8931-a26647a555cd: shutdown LeaderState
2019-09-04 17:22:25,831 [ForkJoinPool.commonPool-worker-0] INFO  impl.RoleInfo (RoleInfo.java:shutdownLeaderState(104)) - cad45df4-26f2-449d-983b-430c10f8e6a0: shutdown LeaderState
2019-09-04 17:22:25,832 [main] INFO  impl.PendingRequests (PendingRequests.java:sendNotLeaderResponses(202)) - a6d9e0fc-b1b1-4623-8931-a26647a555cd-PendingRequests: sendNotLeaderResponses
2019-09-04 17:22:25,847 [org.apache.ratis.server.impl.LogAppender$AppenderDaemon$$Lambda$479/2137394858@e43eb00] WARN  server.GrpcLogAppender (GrpcLogAppender.java:mayWait(143)) - cad45df4-26f2-449d-983b-430c10f8e6a0@group-FE72DDC5082C->e17d7d03-be12-4cbb-996b-76694a3eb499-GrpcLogAppender: Wait interrupted by java.lang.InterruptedException
2019-09-04 17:22:25,847 [ForkJoinPool.commonPool-worker-0] INFO  impl.PendingRequests (PendingRequests.java:sendNotLeaderResponses(202)) - cad45df4-26f2-449d-983b-430c10f8e6a0-PendingRequests: sendNotLeaderResponses
2019-09-04 17:22:25,847 [org.apache.ratis.server.impl.LogAppender$AppenderDaemon$$Lambda$479/2137394858@5102db47] WARN  server.GrpcLogAppender (GrpcLogAppender.java:mayWait(143)) - cad45df4-26f2-449d-983b-430c10f8e6a0@group-FE72DDC5082C->914eab85-949a-416f-9a58-a19ca86126d9-GrpcLogAppender: Wait interrupted by java.lang.InterruptedException
2019-09-04 17:22:25,850 [main] INFO  impl.StateMachineUpdater (StateMachineUpdater.java:stopAndJoin(125)) - a6d9e0fc-b1b1-4623-8931-a26647a555cd@group-B8C516D6AA36-StateMachineUpdater: set stopIndex = 0
2019-09-04 17:22:25,851 [main] INFO  impl.RaftServerImpl (ServerState.java:close(385)) - a6d9e0fc-b1b1-4623-8931-a26647a555cd@group-B8C516D6AA36: closes. applyIndex: 0
2019-09-04 17:22:25,851 [ForkJoinPool.commonPool-worker-0] INFO  impl.StateMachineUpdater (StateMachineUpdater.java:stopAndJoin(125)) - cad45df4-26f2-449d-983b-430c10f8e6a0@group-FE72DDC5082C-StateMachineUpdater: set stopIndex = 15
2019-09-04 17:22:25,852 [cad45df4-26f2-449d-983b-430c10f8e6a0@group-FE72DDC5082C-StateMachineUpdater] INFO  ratis.ContainerStateMachine (ContainerStateMachine.java:takeSnapshot(289)) - group-FE72DDC5082C: Taking a snapshot at:(t:1, i:15) file /workdir/hadoop-ozone/integration-test/target/test-dir/MiniOzoneClusterImpl-a66fa8d6-020b-4b94-8246-f6312d57d8d8/datanode-0/data/ratis/52f828d6-0b99-430c-ab67-fe72ddc5082c/sm/snapshot.1_15
2019-09-04 17:22:25,852 [a6d9e0fc-b1b1-4623-8931-a26647a555cd@group-B8C516D6AA36-SegmentedRaftLogWorker] INFO  segmented.SegmentedRaftLogWorker (SegmentedRaftLogWorker.java:run(313)) - a6d9e0fc-b1b1-4623-8931-a26647a555cd@group-B8C516D6AA36-SegmentedRaftLogWorker was interrupted, exiting. There are 0 tasks remaining in the queue.
2019-09-04 17:22:25,938 [main] INFO  segmented.SegmentedRaftLogWorker (SegmentedRaftLogWorker.java:close(228)) - a6d9e0fc-b1b1-4623-8931-a26647a555cd@group-B8C516D6AA36-SegmentedRaftLogWorker close()
2019-09-04 17:22:25,940 [main] INFO  server.GrpcService (GrpcService.java:closeImpl(164)) - a6d9e0fc-b1b1-4623-8931-a26647a555cd: shutdown server with port 43112 now
2019-09-04 17:22:25,944 [main] INFO  server.GrpcService (GrpcService.java:closeImpl(172)) - a6d9e0fc-b1b1-4623-8931-a26647a555cd: shutdown server with port 43112 successfully
2019-09-04 17:22:25,949 [refreshUsed-/workdir/hadoop-ozone/integration-test/target/test-dir/MiniOzoneClusterImpl-a66fa8d6-020b-4b94-8246-f6312d57d8d8/datanode-6/data/containers] WARN  fs.CachingGetSpaceUsed (CachingGetSpaceUsed.java:run(183)) - Thread Interrupted waiting to refresh disk information: sleep interrupted
2019-09-04 17:22:25,954 [cad45df4-26f2-449d-983b-430c10f8e6a0@group-FE72DDC5082C-StateMachineUpdater] INFO  ratis.ContainerStateMachine (ContainerStateMachine.java:takeSnapshot(300)) - group-FE72DDC5082C: Finished taking a snapshot at:(t:1, i:15) file:/workdir/hadoop-ozone/integration-test/target/test-dir/MiniOzoneClusterImpl-a66fa8d6-020b-4b94-8246-f6312d57d8d8/datanode-0/data/ratis/52f828d6-0b99-430c-ab67-fe72ddc5082c/sm/snapshot.1_15 time:102
2019-09-04 17:22:25,954 [cad45df4-26f2-449d-983b-430c10f8e6a0@group-FE72DDC5082C-StateMachineUpdater] INFO  impl.StateMachineUpdater (StateMachineUpdater.java:takeSnapshot(258)) - cad45df4-26f2-449d-983b-430c10f8e6a0@group-FE72DDC5082C-StateMachineUpdater: Took a snapshot at index 15
2019-09-04 17:22:25,954 [cad45df4-26f2-449d-983b-430c10f8e6a0@group-FE72DDC5082C-StateMachineUpdater] INFO  impl.StateMachineUpdater (StateMachineUpdater.java:lambda$new$0(83)) - cad45df4-26f2-449d-983b-430c10f8e6a0@group-FE72DDC5082C-StateMachineUpdater: snapshotIndex: updateIncreasingly -1 -> 15
2019-09-04 17:22:25,955 [ForkJoinPool.commonPool-worker-0] INFO  impl.RaftServerImpl (ServerState.java:close(385)) - cad45df4-26f2-449d-983b-430c10f8e6a0@group-FE72DDC5082C: closes. applyIndex: 15
2019-09-04 17:22:25,955 [cad45df4-26f2-449d-983b-430c10f8e6a0@group-FE72DDC5082C-SegmentedRaftLogWorker] INFO  segmented.SegmentedRaftLogWorker (SegmentedRaftLogWorker.java:run(313)) - cad45df4-26f2-449d-983b-430c10f8e6a0@group-FE72DDC5082C-SegmentedRaftLogWorker was interrupted, exiting. There are 0 tasks remaining in the queue.
2019-09-04 17:22:25,958 [ForkJoinPool.commonPool-worker-0] INFO  segmented.SegmentedRaftLogWorker (SegmentedRaftLogWorker.java:close(228)) - cad45df4-26f2-449d-983b-430c10f8e6a0@group-FE72DDC5082C-SegmentedRaftLogWorker close()
2019-09-04 17:22:25,958 [ForkJoinPool.commonPool-worker-0] INFO  impl.RaftServerImpl (RaftServerImpl.java:lambda$shutdown$3(251)) - cad45df4-26f2-449d-983b-430c10f8e6a0@group-1A75F25C6A5E: shutdown
2019-09-04 17:22:25,958 [ForkJoinPool.commonPool-worker-0] INFO  util.JmxRegister (JmxRegister.java:unregister(73)) - Successfully un-registered JMX Bean with object name Ratis:service=RaftServer,group=group-1A75F25C6A5E,id=cad45df4-26f2-449d-983b-430c10f8e6a0
2019-09-04 17:22:25,958 [ForkJoinPool.commonPool-worker-0] INFO  impl.RoleInfo (RoleInfo.java:shutdownLeaderState(104)) - cad45df4-26f2-449d-983b-430c10f8e6a0: shutdown LeaderState
2019-09-04 17:22:25,959 [ForkJoinPool.commonPool-worker-0] INFO  impl.PendingRequests (PendingRequests.java:sendNotLeaderResponses(202)) - cad45df4-26f2-449d-983b-430c10f8e6a0-PendingRequests: sendNotLeaderResponses
2019-09-04 17:22:25,959 [ForkJoinPool.commonPool-worker-0] INFO  impl.StateMachineUpdater (StateMachineUpdater.java:stopAndJoin(125)) - cad45df4-26f2-449d-983b-430c10f8e6a0@group-1A75F25C6A5E-StateMachineUpdater: set stopIndex = 0
2019-09-04 17:22:25,959 [ForkJoinPool.commonPool-worker-0] INFO  impl.RaftServerImpl (ServerState.java:close(385)) - cad45df4-26f2-449d-983b-430c10f8e6a0@group-1A75F25C6A5E: closes. applyIndex: 0
2019-09-04 17:22:25,959 [cad45df4-26f2-449d-983b-430c10f8e6a0@group-1A75F25C6A5E-SegmentedRaftLogWorker] INFO  segmented.SegmentedRaftLogWorker (SegmentedRaftLogWorker.java:run(313)) - cad45df4-26f2-449d-983b-430c10f8e6a0@group-1A75F25C6A5E-SegmentedRaftLogWorker was interrupted, exiting. There are 0 tasks remaining in the queue.
2019-09-04 17:22:25,960 [ForkJoinPool.commonPool-worker-0] INFO  segmented.SegmentedRaftLogWorker (SegmentedRaftLogWorker.java:close(228)) - cad45df4-26f2-449d-983b-430c10f8e6a0@group-1A75F25C6A5E-SegmentedRaftLogWorker close()
2019-09-04 17:22:25,960 [ForkJoinPool.commonPool-worker-0] INFO  server.GrpcService (GrpcService.java:closeImpl(164)) - cad45df4-26f2-449d-983b-430c10f8e6a0: shutdown server with port 42172 now
2019-09-04 17:22:25,961 [grpc-default-executor-19] WARN  client.GrpcClientProtocolService (LogUtils.java:warn(134)) - 3-UnorderedRequestStreamObserver3: onError: org.apache.ratis.thirdparty.io.grpc.StatusRuntimeException: CANCELLED: cancelled before receiving half close
2019-09-04 17:22:25,961 [ForkJoinPool.commonPool-worker-0] INFO  server.GrpcService (GrpcService.java:closeImpl(172)) - cad45df4-26f2-449d-983b-430c10f8e6a0: shutdown server with port 42172 successfully
2019-09-04 17:22:25,964 [refreshUsed-/workdir/hadoop-ozone/integration-test/target/test-dir/MiniOzoneClusterImpl-a66fa8d6-020b-4b94-8246-f6312d57d8d8/datanode-0/data/containers] WARN  fs.CachingGetSpaceUsed (CachingGetSpaceUsed.java:run(183)) - Thread Interrupted waiting to refresh disk information: sleep interrupted
2019-09-04 17:22:25,972 [main] INFO  utils.BackgroundService (BackgroundService.java:shutdown(148)) - Shutting down service BlockDeletingService
2019-09-04 17:22:25,977 [main] INFO  statemachine.DatanodeStateMachine (DatanodeStateMachine.java:stopDaemon(395)) - Ozone container server stopped.
2019-09-04 17:22:25,979 [main] INFO  handler.ContextHandler (ContextHandler.java:doStop(910)) - Stopped o.e.j.w.WebAppContext@7b5833ee{/,null,UNAVAILABLE}{/hddsDatanode}
2019-09-04 17:22:25,980 [main] INFO  server.AbstractConnector (AbstractConnector.java:doStop(318)) - Stopped ServerConnector@1e471884{HTTP/1.1,[http/1.1]}{0.0.0.0:0}
2019-09-04 17:22:25,981 [main] INFO  handler.ContextHandler (ContextHandler.java:doStop(910)) - Stopped o.e.j.s.ServletContextHandler@1aac0a47{/static,jar:file:/home/user/.m2/repository/org/apache/hadoop/hadoop-hdds-container-service/0.5.0-SNAPSHOT/hadoop-hdds-container-service-0.5.0-SNAPSHOT.jar!/webapps/static,UNAVAILABLE}
2019-09-04 17:22:25,981 [main] INFO  handler.ContextHandler (ContextHandler.java:doStop(910)) - Stopped o.e.j.s.ServletContextHandler@4751cd3{/logs,file:///workdir/hadoop-ozone/integration-test/target/log,UNAVAILABLE}
2019-09-04 17:22:25,986 [ForkJoinPool.commonPool-worker-0] INFO  utils.BackgroundService (BackgroundService.java:shutdown(148)) - Shutting down service BlockDeletingService
2019-09-04 17:22:25,991 [ForkJoinPool.commonPool-worker-0] INFO  statemachine.DatanodeStateMachine (DatanodeStateMachine.java:stopDaemon(395)) - Ozone container server stopped.
2019-09-04 17:22:25,996 [ForkJoinPool.commonPool-worker-0] INFO  handler.ContextHandler (ContextHandler.java:doStop(910)) - Stopped o.e.j.w.WebAppContext@7114e780{/,null,UNAVAILABLE}{/hddsDatanode}
2019-09-04 17:22:25,996 [ForkJoinPool.commonPool-worker-0] INFO  server.AbstractConnector (AbstractConnector.java:doStop(318)) - Stopped ServerConnector@4def42c3{HTTP/1.1,[http/1.1]}{0.0.0.0:0}
2019-09-04 17:22:25,998 [ForkJoinPool.commonPool-worker-0] INFO  handler.ContextHandler (ContextHandler.java:doStop(910)) - Stopped o.e.j.s.ServletContextHandler@31c7c281{/static,jar:file:/home/user/.m2/repository/org/apache/hadoop/hadoop-hdds-container-service/0.5.0-SNAPSHOT/hadoop-hdds-container-service-0.5.0-SNAPSHOT.jar!/webapps/static,UNAVAILABLE}
2019-09-04 17:22:26,000 [ForkJoinPool.commonPool-worker-0] INFO  handler.ContextHandler (ContextHandler.java:doStop(910)) - Stopped o.e.j.s.ServletContextHandler@2d6a0766{/logs,file:///workdir/hadoop-ozone/integration-test/target/log,UNAVAILABLE}
2019-09-04 17:22:26,465 [Datanode State Machine Thread - 0] INFO  statemachine.DatanodeStateMachine (DatanodeStateMachine.java:lambda$startDaemon$0(350)) - Ozone container server started.
2019-09-04 17:22:27,462 [grpc-default-executor-19] WARN  server.GrpcLogAppender (LogUtils.java:warn(134)) - f6d82e5c-6716-4219-a3ef-c5ab4e3fce32@group-EABC9F1D04E5->68b00d87-9377-45fc-b239-8a920c60ab91-AppendLogResponseHandler: Failed appendEntries: org.apache.ratis.thirdparty.io.grpc.StatusRuntimeException: UNAVAILABLE: io exception
2019-09-04 17:22:27,462 [grpc-default-executor-13] WARN  server.GrpcLogAppender (LogUtils.java:warn(134)) - f6d82e5c-6716-4219-a3ef-c5ab4e3fce32@group-EABC9F1D04E5->8a70ad64-e1a6-42ae-868f-404e248e38b5-AppendLogResponseHandler: Failed appendEntries: org.apache.ratis.thirdparty.io.grpc.StatusRuntimeException: UNAVAILABLE: io exception
2019-09-04 17:22:27,462 [grpc-default-executor-19] INFO  impl.FollowerInfo (FollowerInfo.java:lambda$new$0(51)) - f6d82e5c-6716-4219-a3ef-c5ab4e3fce32@group-EABC9F1D04E5->68b00d87-9377-45fc-b239-8a920c60ab91: nextIndex: updateUnconditionally 3 -> 2
2019-09-04 17:22:27,463 [grpc-default-executor-13] INFO  impl.FollowerInfo (FollowerInfo.java:lambda$new$0(51)) - f6d82e5c-6716-4219-a3ef-c5ab4e3fce32@group-EABC9F1D04E5->8a70ad64-e1a6-42ae-868f-404e248e38b5: nextIndex: updateUnconditionally 6 -> 5
2019-09-04 17:22:29,968 [grpc-default-executor-13] WARN  server.GrpcLogAppender (LogUtils.java:warn(134)) - f6d82e5c-6716-4219-a3ef-c5ab4e3fce32@group-EABC9F1D04E5->8a70ad64-e1a6-42ae-868f-404e248e38b5-AppendLogResponseHandler: Failed appendEntries: org.apache.ratis.thirdparty.io.grpc.StatusRuntimeException: UNAVAILABLE: io exception
2019-09-04 17:22:29,968 [grpc-default-executor-19] WARN  server.GrpcLogAppender (LogUtils.java:warn(134)) - f6d82e5c-6716-4219-a3ef-c5ab4e3fce32@group-EABC9F1D04E5->68b00d87-9377-45fc-b239-8a920c60ab91-AppendLogResponseHandler: Failed appendEntries: org.apache.ratis.thirdparty.io.grpc.StatusRuntimeException: UNAVAILABLE: io exception
2019-09-04 17:22:29,969 [grpc-default-executor-13] INFO  impl.FollowerInfo (FollowerInfo.java:lambda$new$0(51)) - f6d82e5c-6716-4219-a3ef-c5ab4e3fce32@group-EABC9F1D04E5->8a70ad64-e1a6-42ae-868f-404e248e38b5: nextIndex: updateUnconditionally 5 -> 4
2019-09-04 17:22:29,969 [grpc-default-executor-19] INFO  impl.FollowerInfo (FollowerInfo.java:lambda$new$0(51)) - f6d82e5c-6716-4219-a3ef-c5ab4e3fce32@group-EABC9F1D04E5->68b00d87-9377-45fc-b239-8a920c60ab91: nextIndex: updateUnconditionally 2 -> 1
2019-09-04 17:22:30,554 [EventQueue-StaleNodeForStaleNodeHandler] INFO  node.StaleNodeHandler (StaleNodeHandler.java:onMessage(58)) - Datanode f6d82e5c-6716-4219-a3ef-c5ab4e3fce32{ip: 192.168.34.57, host: pr-hdds-1561-mdkws-1819952476, networkLocation: /default-rack, certSerialId: null} moved to stale state. Finalizing its pipelines [PipelineID=83c42895-1c58-4b39-b503-7cd2f8b603f6, PipelineID=5ceb3533-0711-4d23-a6b9-eabc9f1d04e5]
2019-09-04 17:22:30,554 [EventQueue-StaleNodeForStaleNodeHandler] INFO  pipeline.SCMPipelineManager (SCMPipelineManager.java:finalizeAndDestroyPipeline(309)) - destroying pipeline:Pipeline[ Id: 83c42895-1c58-4b39-b503-7cd2f8b603f6, Nodes: f6d82e5c-6716-4219-a3ef-c5ab4e3fce32{ip: 192.168.34.57, host: pr-hdds-1561-mdkws-1819952476, networkLocation: /default-rack, certSerialId: null}, Type:RATIS, Factor:ONE, State:OPEN]
2019-09-04 17:22:30,555 [EventQueue-StaleNodeForStaleNodeHandler] INFO  pipeline.PipelineStateManager (PipelineStateManager.java:finalizePipeline(123)) - Pipeline Pipeline[ Id: 83c42895-1c58-4b39-b503-7cd2f8b603f6, Nodes: f6d82e5c-6716-4219-a3ef-c5ab4e3fce32{ip: 192.168.34.57, host: pr-hdds-1561-mdkws-1819952476, networkLocation: /default-rack, certSerialId: null}, Type:RATIS, Factor:ONE, State:CLOSED] moved to CLOSED state
2019-09-04 17:22:30,555 [EventQueue-StaleNodeForStaleNodeHandler] INFO  pipeline.SCMPipelineManager (SCMPipelineManager.java:finalizeAndDestroyPipeline(309)) - destroying pipeline:Pipeline[ Id: 5ceb3533-0711-4d23-a6b9-eabc9f1d04e5, Nodes: f6d82e5c-6716-4219-a3ef-c5ab4e3fce32{ip: 192.168.34.57, host: pr-hdds-1561-mdkws-1819952476, networkLocation: /default-rack, certSerialId: null}8a70ad64-e1a6-42ae-868f-404e248e38b5{ip: 192.168.34.57, host: pr-hdds-1561-mdkws-1819952476, networkLocation: /default-rack, certSerialId: null}68b00d87-9377-45fc-b239-8a920c60ab91{ip: 192.168.34.57, host: pr-hdds-1561-mdkws-1819952476, networkLocation: /default-rack, certSerialId: null}, Type:RATIS, Factor:THREE, State:CLOSED]
2019-09-04 17:22:30,983 [main] INFO  ozoneimpl.OzoneContainer (OzoneContainer.java:stop(216)) - Attempting to stop container services.
2019-09-04 17:22:30,984 [main] INFO  impl.RaftServerProxy (RaftServerProxy.java:lambda$close$4(314)) - f6d82e5c-6716-4219-a3ef-c5ab4e3fce32: close
2019-09-04 17:22:30,985 [main] INFO  impl.RaftServerImpl (RaftServerImpl.java:lambda$shutdown$3(251)) - f6d82e5c-6716-4219-a3ef-c5ab4e3fce32@group-7CD2F8B603F6: shutdown
2019-09-04 17:22:30,986 [main] INFO  util.JmxRegister (JmxRegister.java:unregister(73)) - Successfully un-registered JMX Bean with object name Ratis:service=RaftServer,group=group-7CD2F8B603F6,id=f6d82e5c-6716-4219-a3ef-c5ab4e3fce32
2019-09-04 17:22:30,986 [main] INFO  impl.RoleInfo (RoleInfo.java:shutdownLeaderState(104)) - f6d82e5c-6716-4219-a3ef-c5ab4e3fce32: shutdown LeaderState
2019-09-04 17:22:30,986 [main] INFO  impl.PendingRequests (PendingRequests.java:sendNotLeaderResponses(202)) - f6d82e5c-6716-4219-a3ef-c5ab4e3fce32-PendingRequests: sendNotLeaderResponses
2019-09-04 17:22:30,987 [main] INFO  impl.StateMachineUpdater (StateMachineUpdater.java:stopAndJoin(125)) - f6d82e5c-6716-4219-a3ef-c5ab4e3fce32@group-7CD2F8B603F6-StateMachineUpdater: set stopIndex = 0
2019-09-04 17:22:30,988 [main] INFO  impl.RaftServerImpl (ServerState.java:close(385)) - f6d82e5c-6716-4219-a3ef-c5ab4e3fce32@group-7CD2F8B603F6: closes. applyIndex: 0
2019-09-04 17:22:30,988 [f6d82e5c-6716-4219-a3ef-c5ab4e3fce32@group-7CD2F8B603F6-SegmentedRaftLogWorker] INFO  segmented.SegmentedRaftLogWorker (SegmentedRaftLogWorker.java:run(313)) - f6d82e5c-6716-4219-a3ef-c5ab4e3fce32@group-7CD2F8B603F6-SegmentedRaftLogWorker was interrupted, exiting. There are 0 tasks remaining in the queue.
2019-09-04 17:22:30,994 [main] INFO  segmented.SegmentedRaftLogWorker (SegmentedRaftLogWorker.java:close(228)) - f6d82e5c-6716-4219-a3ef-c5ab4e3fce32@group-7CD2F8B603F6-SegmentedRaftLogWorker close()
2019-09-04 17:22:30,995 [main] INFO  impl.RaftServerImpl (RaftServerImpl.java:lambda$shutdown$3(251)) - f6d82e5c-6716-4219-a3ef-c5ab4e3fce32@group-EABC9F1D04E5: shutdown
2019-09-04 17:22:30,996 [main] INFO  util.JmxRegister (JmxRegister.java:unregister(73)) - Successfully un-registered JMX Bean with object name Ratis:service=RaftServer,group=group-EABC9F1D04E5,id=f6d82e5c-6716-4219-a3ef-c5ab4e3fce32
2019-09-04 17:22:30,996 [main] INFO  impl.RoleInfo (RoleInfo.java:shutdownLeaderState(104)) - f6d82e5c-6716-4219-a3ef-c5ab4e3fce32: shutdown LeaderState
2019-09-04 17:22:30,997 [main] INFO  impl.PendingRequests (PendingRequests.java:sendNotLeaderResponses(202)) - f6d82e5c-6716-4219-a3ef-c5ab4e3fce32-PendingRequests: sendNotLeaderResponses
2019-09-04 17:22:30,997 [org.apache.ratis.server.impl.LogAppender$AppenderDaemon$$Lambda$479/2137394858@6809b9ee] WARN  server.GrpcLogAppender (GrpcLogAppender.java:mayWait(143)) - f6d82e5c-6716-4219-a3ef-c5ab4e3fce32@group-EABC9F1D04E5->8a70ad64-e1a6-42ae-868f-404e248e38b5-GrpcLogAppender: Wait interrupted by java.lang.InterruptedException
2019-09-04 17:22:30,997 [org.apache.ratis.server.impl.LogAppender$AppenderDaemon$$Lambda$479/2137394858@550d8c25] WARN  server.GrpcLogAppender (GrpcLogAppender.java:mayWait(143)) - f6d82e5c-6716-4219-a3ef-c5ab4e3fce32@group-EABC9F1D04E5->68b00d87-9377-45fc-b239-8a920c60ab91-GrpcLogAppender: Wait interrupted by java.lang.InterruptedException
2019-09-04 17:22:30,999 [main] INFO  impl.StateMachineUpdater (StateMachineUpdater.java:stopAndJoin(125)) - f6d82e5c-6716-4219-a3ef-c5ab4e3fce32@group-EABC9F1D04E5-StateMachineUpdater: set stopIndex = 8
2019-09-04 17:22:30,999 [f6d82e5c-6716-4219-a3ef-c5ab4e3fce32@group-EABC9F1D04E5-StateMachineUpdater] INFO  ratis.ContainerStateMachine (ContainerStateMachine.java:takeSnapshot(289)) - group-EABC9F1D04E5: Taking a snapshot at:(t:1, i:8) file /workdir/hadoop-ozone/integration-test/target/test-dir/MiniOzoneClusterImpl-a66fa8d6-020b-4b94-8246-f6312d57d8d8/datanode-5/data/ratis/5ceb3533-0711-4d23-a6b9-eabc9f1d04e5/sm/snapshot.1_8
2019-09-04 17:22:31,024 [f6d82e5c-6716-4219-a3ef-c5ab4e3fce32@group-EABC9F1D04E5-StateMachineUpdater] INFO  ratis.ContainerStateMachine (ContainerStateMachine.java:takeSnapshot(300)) - group-EABC9F1D04E5: Finished taking a snapshot at:(t:1, i:8) file:/workdir/hadoop-ozone/integration-test/target/test-dir/MiniOzoneClusterImpl-a66fa8d6-020b-4b94-8246-f6312d57d8d8/datanode-5/data/ratis/5ceb3533-0711-4d23-a6b9-eabc9f1d04e5/sm/snapshot.1_8 time:25
2019-09-04 17:22:31,024 [f6d82e5c-6716-4219-a3ef-c5ab4e3fce32@group-EABC9F1D04E5-StateMachineUpdater] INFO  impl.StateMachineUpdater (StateMachineUpdater.java:takeSnapshot(258)) - f6d82e5c-6716-4219-a3ef-c5ab4e3fce32@group-EABC9F1D04E5-StateMachineUpdater: Took a snapshot at index 8
2019-09-04 17:22:31,025 [f6d82e5c-6716-4219-a3ef-c5ab4e3fce32@group-EABC9F1D04E5-StateMachineUpdater] INFO  impl.StateMachineUpdater (StateMachineUpdater.java:lambda$new$0(83)) - f6d82e5c-6716-4219-a3ef-c5ab4e3fce32@group-EABC9F1D04E5-StateMachineUpdater: snapshotIndex: updateIncreasingly -1 -> 8
2019-09-04 17:22:31,025 [main] INFO  impl.RaftServerImpl (ServerState.java:close(385)) - f6d82e5c-6716-4219-a3ef-c5ab4e3fce32@group-EABC9F1D04E5: closes. applyIndex: 8
2019-09-04 17:22:31,026 [f6d82e5c-6716-4219-a3ef-c5ab4e3fce32@group-EABC9F1D04E5-SegmentedRaftLogWorker] INFO  segmented.SegmentedRaftLogWorker (SegmentedRaftLogWorker.java:run(313)) - f6d82e5c-6716-4219-a3ef-c5ab4e3fce32@group-EABC9F1D04E5-SegmentedRaftLogWorker was interrupted, exiting. There are 0 tasks remaining in the queue.
2019-09-04 17:22:31,027 [main] INFO  segmented.SegmentedRaftLogWorker (SegmentedRaftLogWorker.java:close(228)) - f6d82e5c-6716-4219-a3ef-c5ab4e3fce32@group-EABC9F1D04E5-SegmentedRaftLogWorker close()
2019-09-04 17:22:31,028 [main] INFO  server.GrpcService (GrpcService.java:closeImpl(164)) - f6d82e5c-6716-4219-a3ef-c5ab4e3fce32: shutdown server with port 39456 now
2019-09-04 17:22:31,029 [main] INFO  server.GrpcService (GrpcService.java:closeImpl(172)) - f6d82e5c-6716-4219-a3ef-c5ab4e3fce32: shutdown server with port 39456 successfully
2019-09-04 17:22:31,031 [refreshUsed-/workdir/hadoop-ozone/integration-test/target/test-dir/MiniOzoneClusterImpl-a66fa8d6-020b-4b94-8246-f6312d57d8d8/datanode-5/data/containers] WARN  fs.CachingGetSpaceUsed (CachingGetSpaceUsed.java:run(183)) - Thread Interrupted waiting to refresh disk information: sleep interrupted
2019-09-04 17:22:31,048 [main] INFO  utils.BackgroundService (BackgroundService.java:shutdown(148)) - Shutting down service BlockDeletingService
2019-09-04 17:22:31,059 [main] INFO  statemachine.DatanodeStateMachine (DatanodeStateMachine.java:stopDaemon(395)) - Ozone container server stopped.
2019-09-04 17:22:31,060 [main] INFO  handler.ContextHandler (ContextHandler.java:doStop(910)) - Stopped o.e.j.w.WebAppContext@202f054f{/,null,UNAVAILABLE}{/hddsDatanode}
2019-09-04 17:22:31,061 [main] INFO  server.AbstractConnector (AbstractConnector.java:doStop(318)) - Stopped ServerConnector@141bb6b8{HTTP/1.1,[http/1.1]}{0.0.0.0:0}
2019-09-04 17:22:31,061 [main] INFO  handler.ContextHandler (ContextHandler.java:doStop(910)) - Stopped o.e.j.s.ServletContextHandler@ae3c140{/static,jar:file:/home/user/.m2/repository/org/apache/hadoop/hadoop-hdds-container-service/0.5.0-SNAPSHOT/hadoop-hdds-container-service-0.5.0-SNAPSHOT.jar!/webapps/static,UNAVAILABLE}
2019-09-04 17:22:31,062 [main] INFO  handler.ContextHandler (ContextHandler.java:doStop(910)) - Stopped o.e.j.s.ServletContextHandler@782cc5fa{/logs,file:///workdir/hadoop-ozone/integration-test/target/log,UNAVAILABLE}
2019-09-04 17:22:31,063 [main] INFO  ozone.MiniOzoneClusterImpl (MiniOzoneClusterImpl.java:stop(339)) - Stopping the StorageContainerManager
2019-09-04 17:22:31,063 [main] INFO  server.StorageContainerManager (StorageContainerManager.java:stop(797)) - Stopping Replication Manager Service.
2019-09-04 17:22:31,063 [main] INFO  container.ReplicationManager (ReplicationManager.java:stop(203)) - Stopping Replication Monitor Thread.
2019-09-04 17:22:31,063 [main] INFO  server.StorageContainerManager (StorageContainerManager.java:stop(804)) - Stopping Lease Manager of the command watchers
2019-09-04 17:22:31,063 [main] INFO  server.StorageContainerManager (StorageContainerManager.java:stop(811)) - Stopping datanode service RPC server
2019-09-04 17:22:31,063 [main] INFO  server.SCMDatanodeProtocolServer (SCMDatanodeProtocolServer.java:stop(367)) - Stopping the RPC server for DataNodes
2019-09-04 17:22:31,063 [main] INFO  ipc.Server (Server.java:stop(3082)) - Stopping server on 40900
2019-09-04 17:22:31,066 [IPC Server listener on 40900] INFO  ipc.Server (Server.java:run(1185)) - Stopping IPC Server listener on 40900
2019-09-04 17:22:31,066 [IPC Server Responder] INFO  ipc.Server (Server.java:run(1319)) - Stopping IPC Server Responder
2019-09-04 17:22:31,159 [SCM Heartbeat Processing Thread - 0] WARN  node.NodeStateManager (NodeStateManager.java:scheduleNextHealthCheck(646)) - Current Thread is interrupted, shutting down HB processing thread for Node Manager.
2019-09-04 17:22:31,159 [main] INFO  server.StorageContainerManager (StorageContainerManager.java:stop(819)) - Stopping block service RPC server
2019-09-04 17:22:31,159 [main] INFO  server.SCMBlockProtocolServer (SCMBlockProtocolServer.java:stop(155)) - Stopping the RPC server for Block Protocol
2019-09-04 17:22:31,160 [main] INFO  ipc.Server (Server.java:stop(3082)) - Stopping server on 40424
2019-09-04 17:22:31,166 [IPC Server listener on 40424] INFO  ipc.Server (Server.java:run(1185)) - Stopping IPC Server listener on 40424
2019-09-04 17:22:31,166 [main] INFO  server.StorageContainerManager (StorageContainerManager.java:stop(826)) - Stopping the StorageContainerLocationProtocol RPC server
2019-09-04 17:22:31,166 [IPC Server Responder] INFO  ipc.Server (Server.java:run(1319)) - Stopping IPC Server Responder
2019-09-04 17:22:31,166 [main] INFO  server.SCMClientProtocolServer (SCMClientProtocolServer.java:stop(159)) - Stopping the RPC server for Client Protocol
2019-09-04 17:22:31,167 [main] INFO  ipc.Server (Server.java:stop(3082)) - Stopping server on 40400
2019-09-04 17:22:31,168 [IPC Server listener on 40400] INFO  ipc.Server (Server.java:run(1185)) - Stopping IPC Server listener on 40400
2019-09-04 17:22:31,169 [main] INFO  server.StorageContainerManager (StorageContainerManager.java:stop(833)) - Stopping Storage Container Manager HTTP server.
2019-09-04 17:22:31,169 [IPC Server Responder] INFO  ipc.Server (Server.java:run(1319)) - Stopping IPC Server Responder
2019-09-04 17:22:31,170 [main] INFO  handler.ContextHandler (ContextHandler.java:doStop(910)) - Stopped o.e.j.w.WebAppContext@6f0a4e30{/,null,UNAVAILABLE}{/scm}
2019-09-04 17:22:31,171 [main] INFO  server.AbstractConnector (AbstractConnector.java:doStop(318)) - Stopped ServerConnector@50ff7063{HTTP/1.1,[http/1.1]}{0.0.0.0:0}
2019-09-04 17:22:31,171 [main] INFO  handler.ContextHandler (ContextHandler.java:doStop(910)) - Stopped o.e.j.s.ServletContextHandler@3ed7dd70{/static,file:///workdir/hadoop-ozone/integration-test/target/test-classes/webapps/static,UNAVAILABLE}
2019-09-04 17:22:31,172 [main] INFO  handler.ContextHandler (ContextHandler.java:doStop(910)) - Stopped o.e.j.s.ServletContextHandler@65d73bd{/logs,file:///workdir/hadoop-ozone/integration-test/target/log,UNAVAILABLE}
2019-09-04 17:22:31,172 [main] INFO  server.StorageContainerManager (StorageContainerManager.java:stop(844)) - Stopping Block Manager Service.
2019-09-04 17:22:31,172 [main] INFO  utils.BackgroundService (BackgroundService.java:shutdown(148)) - Shutting down service SCMBlockDeletingService
2019-09-04 17:22:31,173 [main] INFO  utils.BackgroundService (BackgroundService.java:shutdown(148)) - Shutting down service SCMBlockDeletingService
2019-09-04 17:22:31,173 [main] INFO  server.StorageContainerManager (StorageContainerManager.java:stop(866)) - Stopping SCM Event Queue.
2019-09-04 17:22:31,177 [main] INFO  impl.MetricsSystemImpl (MetricsSystemImpl.java:stop(210)) - Stopping HddsDatanode metrics system...
2019-09-04 17:22:31,202 [main] INFO  impl.MetricsSystemImpl (MetricsSystemImpl.java:stop(216)) - HddsDatanode metrics system stopped.
]]></system-out>
    <system-err><![CDATA[Sep 04, 2019 5:22:15 PM org.apache.ratis.thirdparty.io.grpc.internal.SerializingExecutor run
SEVERE: Exception while executing runnable org.apache.ratis.thirdparty.io.grpc.internal.ServerImpl$JumpToApplicationThreadServerStreamListener$1Closed@3634e8d3
org.apache.ratis.thirdparty.io.grpc.StatusRuntimeException: CANCELLED: call already cancelled
	at org.apache.ratis.thirdparty.io.grpc.Status.asRuntimeException(Status.java:517)
	at org.apache.ratis.thirdparty.io.grpc.stub.ServerCalls$ServerCallStreamObserverImpl.onCompleted(ServerCalls.java:356)
	at org.apache.ratis.grpc.server.GrpcServerProtocolService$ServerRequestStreamObserver.onError(GrpcServerProtocolService.java:121)
	at org.apache.ratis.thirdparty.io.grpc.stub.ServerCalls$StreamingServerCallHandler$StreamingServerCallListener.onCancel(ServerCalls.java:269)
	at org.apache.ratis.thirdparty.io.grpc.internal.ServerCallImpl$ServerStreamListenerImpl.closed(ServerCallImpl.java:293)
	at org.apache.ratis.thirdparty.io.grpc.internal.ServerImpl$JumpToApplicationThreadServerStreamListener$1Closed.runInContext(ServerImpl.java:741)
	at org.apache.ratis.thirdparty.io.grpc.internal.ContextRunnable.run(ContextRunnable.java:37)
	at org.apache.ratis.thirdparty.io.grpc.internal.SerializingExecutor.run(SerializingExecutor.java:123)
	at java.util.concurrent.ThreadPoolExecutor.runWorker(ThreadPoolExecutor.java:1149)
	at java.util.concurrent.ThreadPoolExecutor$Worker.run(ThreadPoolExecutor.java:624)
	at java.lang.Thread.run(Thread.java:748)

Sep 04, 2019 5:22:15 PM org.apache.ratis.thirdparty.io.grpc.internal.SerializingExecutor run
SEVERE: Exception while executing runnable org.apache.ratis.thirdparty.io.grpc.internal.ServerImpl$JumpToApplicationThreadServerStreamListener$1Closed@35137a32
org.apache.ratis.thirdparty.io.grpc.StatusRuntimeException: CANCELLED: call already cancelled
	at org.apache.ratis.thirdparty.io.grpc.Status.asRuntimeException(Status.java:517)
	at org.apache.ratis.thirdparty.io.grpc.stub.ServerCalls$ServerCallStreamObserverImpl.onCompleted(ServerCalls.java:356)
	at org.apache.ratis.grpc.server.GrpcServerProtocolService$ServerRequestStreamObserver.onError(GrpcServerProtocolService.java:121)
	at org.apache.ratis.thirdparty.io.grpc.stub.ServerCalls$StreamingServerCallHandler$StreamingServerCallListener.onCancel(ServerCalls.java:269)
	at org.apache.ratis.thirdparty.io.grpc.internal.ServerCallImpl$ServerStreamListenerImpl.closed(ServerCallImpl.java:293)
	at org.apache.ratis.thirdparty.io.grpc.internal.ServerImpl$JumpToApplicationThreadServerStreamListener$1Closed.runInContext(ServerImpl.java:741)
	at org.apache.ratis.thirdparty.io.grpc.internal.ContextRunnable.run(ContextRunnable.java:37)
	at org.apache.ratis.thirdparty.io.grpc.internal.SerializingExecutor.run(SerializingExecutor.java:123)
	at java.util.concurrent.ThreadPoolExecutor.runWorker(ThreadPoolExecutor.java:1149)
	at java.util.concurrent.ThreadPoolExecutor$Worker.run(ThreadPoolExecutor.java:624)
	at java.lang.Thread.run(Thread.java:748)

Sep 04, 2019 5:22:20 PM org.apache.ratis.thirdparty.io.grpc.internal.SerializingExecutor run
SEVERE: Exception while executing runnable org.apache.ratis.thirdparty.io.grpc.internal.ServerImpl$JumpToApplicationThreadServerStreamListener$1Closed@56c3dfd
org.apache.ratis.thirdparty.io.grpc.StatusRuntimeException: CANCELLED: call already cancelled
	at org.apache.ratis.thirdparty.io.grpc.Status.asRuntimeException(Status.java:517)
	at org.apache.ratis.thirdparty.io.grpc.stub.ServerCalls$ServerCallStreamObserverImpl.onCompleted(ServerCalls.java:356)
	at org.apache.ratis.grpc.server.GrpcServerProtocolService$ServerRequestStreamObserver.onError(GrpcServerProtocolService.java:121)
	at org.apache.ratis.thirdparty.io.grpc.stub.ServerCalls$StreamingServerCallHandler$StreamingServerCallListener.onCancel(ServerCalls.java:269)
	at org.apache.ratis.thirdparty.io.grpc.internal.ServerCallImpl$ServerStreamListenerImpl.closed(ServerCallImpl.java:293)
	at org.apache.ratis.thirdparty.io.grpc.internal.ServerImpl$JumpToApplicationThreadServerStreamListener$1Closed.runInContext(ServerImpl.java:741)
	at org.apache.ratis.thirdparty.io.grpc.internal.ContextRunnable.run(ContextRunnable.java:37)
	at org.apache.ratis.thirdparty.io.grpc.internal.SerializingExecutor.run(SerializingExecutor.java:123)
	at java.util.concurrent.ThreadPoolExecutor.runWorker(ThreadPoolExecutor.java:1149)
	at java.util.concurrent.ThreadPoolExecutor$Worker.run(ThreadPoolExecutor.java:624)
	at java.lang.Thread.run(Thread.java:748)

Sep 04, 2019 5:22:20 PM org.apache.ratis.thirdparty.io.grpc.internal.SerializingExecutor run
SEVERE: Exception while executing runnable org.apache.ratis.thirdparty.io.grpc.internal.ServerImpl$JumpToApplicationThreadServerStreamListener$1Closed@4c887d0
org.apache.ratis.thirdparty.io.grpc.StatusRuntimeException: CANCELLED: call already cancelled
	at org.apache.ratis.thirdparty.io.grpc.Status.asRuntimeException(Status.java:517)
	at org.apache.ratis.thirdparty.io.grpc.stub.ServerCalls$ServerCallStreamObserverImpl.onCompleted(ServerCalls.java:356)
	at org.apache.ratis.grpc.server.GrpcServerProtocolService$ServerRequestStreamObserver.onError(GrpcServerProtocolService.java:121)
	at org.apache.ratis.thirdparty.io.grpc.stub.ServerCalls$StreamingServerCallHandler$StreamingServerCallListener.onCancel(ServerCalls.java:269)
	at org.apache.ratis.thirdparty.io.grpc.internal.ServerCallImpl$ServerStreamListenerImpl.closed(ServerCallImpl.java:293)
	at org.apache.ratis.thirdparty.io.grpc.internal.ServerImpl$JumpToApplicationThreadServerStreamListener$1Closed.runInContext(ServerImpl.java:741)
	at org.apache.ratis.thirdparty.io.grpc.internal.ContextRunnable.run(ContextRunnable.java:37)
	at org.apache.ratis.thirdparty.io.grpc.internal.SerializingExecutor.run(SerializingExecutor.java:123)
	at java.util.concurrent.ThreadPoolExecutor.runWorker(ThreadPoolExecutor.java:1149)
	at java.util.concurrent.ThreadPoolExecutor$Worker.run(ThreadPoolExecutor.java:624)
	at java.lang.Thread.run(Thread.java:748)

]]></system-err>
  </testcase>
</testsuite>