<?xml version="1.0" encoding="UTF-8"?>
<testsuite xmlns:xsi="http://www.w3.org/2001/XMLSchema-instance" xsi:noNamespaceSchemaLocation="https://maven.apache.org/surefire/maven-surefire-plugin/xsd/surefire-test-report.xsd" name="org.apache.hadoop.ozone.freon.TestRandomKeyGenerator" time="154.882" tests="6" errors="1" skipped="0" failures="0">
  <properties>
    <property name="awt.toolkit" value="sun.awt.X11.XToolkit"/>
    <property name="file.encoding.pkg" value="sun.io"/>
    <property name="java.specification.version" value="1.8"/>
    <property name="sun.cpu.isalist" value=""/>
    <property name="sun.jnu.encoding" value="UTF-8"/>
    <property name="java.class.path" value="/workdir/hadoop-ozone/tools/target/test-classes:/workdir/hadoop-ozone/tools/target/classes:/home/user/.m2/repository/org/apache/hadoop/hadoop-ozone-ozone-manager/0.5.0-SNAPSHOT/hadoop-ozone-ozone-manager-0.5.0-SNAPSHOT.jar:/home/user/.m2/repository/org/apache/hadoop/hadoop-hdds-docs/0.5.0-SNAPSHOT/hadoop-hdds-docs-0.5.0-SNAPSHOT.jar:/home/user/.m2/repository/org/bouncycastle/bcprov-jdk15on/1.60/bcprov-jdk15on-1.60.jar:/home/user/.m2/repository/org/apache/hadoop/hadoop-ozone-common/0.5.0-SNAPSHOT/hadoop-ozone-common-0.5.0-SNAPSHOT.jar:/home/user/.m2/repository/org/apache/commons/commons-compress/1.4.1/commons-compress-1.4.1.jar:/home/user/.m2/repository/org/tukaani/xz/1.0/xz-1.0.jar:/home/user/.m2/repository/org/apache/hadoop/hadoop-hdfs-client/3.2.0/hadoop-hdfs-client-3.2.0.jar:/home/user/.m2/repository/com/fasterxml/jackson/core/jackson-annotations/2.9.5/jackson-annotations-2.9.5.jar:/home/user/.m2/repository/org/apache/hadoop/hadoop-hdds-common/0.5.0-SNAPSHOT/hadoop-hdds-common-0.5.0-SNAPSHOT.jar:/home/user/.m2/repository/org/apache/hadoop/hadoop-hdds-config/0.5.0-SNAPSHOT/hadoop-hdds-config-0.5.0-SNAPSHOT.jar:/home/user/.m2/repository/javax/annotation/javax.annotation-api/1.2/javax.annotation-api-1.2.jar:/home/user/.m2/repository/org/apache/ratis/ratis-server/0.4.0-78e95b9-SNAPSHOT/ratis-server-0.4.0-78e95b9-SNAPSHOT.jar:/home/user/.m2/repository/org/apache/ratis/ratis-thirdparty-misc/0.2.0/ratis-thirdparty-misc-0.2.0.jar:/home/user/.m2/repository/org/apache/ratis/ratis-proto/0.4.0-78e95b9-SNAPSHOT/ratis-proto-0.4.0-78e95b9-SNAPSHOT.jar:/home/user/.m2/repository/org/apache/ratis/ratis-common/0.4.0-78e95b9-SNAPSHOT/ratis-common-0.4.0-78e95b9-SNAPSHOT.jar:/home/user/.m2/repository/org/apache/ratis/ratis-client/0.4.0-78e95b9-SNAPSHOT/ratis-client-0.4.0-78e95b9-SNAPSHOT.jar:/home/user/.m2/repository/org/apache/ratis/ratis-metrics/0.4.0-78e95b9-SNAPSHOT/ratis-metrics-0.4.0-78e95b9-SNAPSHOT.jar:/home/user/.m2/repository/com/github/joshelser/dropwizard-metrics-hadoop-metrics2-reporter/0.1.2/dropwizard-metrics-hadoop-metrics2-reporter-0.1.2.jar:/home/user/.m2/repository/io/dropwizard/metrics/metrics-jvm/3.2.5/metrics-jvm-3.2.5.jar:/home/user/.m2/repository/io/dropwizard/metrics/metrics-ganglia/3.2.5/metrics-ganglia-3.2.5.jar:/home/user/.m2/repository/info/ganglia/gmetric4j/gmetric4j/1.0.7/gmetric4j-1.0.7.jar:/home/user/.m2/repository/org/apache/ratis/ratis-netty/0.4.0-78e95b9-SNAPSHOT/ratis-netty-0.4.0-78e95b9-SNAPSHOT.jar:/home/user/.m2/repository/org/apache/ratis/ratis-grpc/0.4.0-78e95b9-SNAPSHOT/ratis-grpc-0.4.0-78e95b9-SNAPSHOT.jar:/home/user/.m2/repository/org/rocksdb/rocksdbjni/6.0.1/rocksdbjni-6.0.1.jar:/home/user/.m2/repository/org/apache/logging/log4j/log4j-api/2.11.0/log4j-api-2.11.0.jar:/home/user/.m2/repository/org/apache/logging/log4j/log4j-core/2.11.0/log4j-core-2.11.0.jar:/home/user/.m2/repository/com/lmax/disruptor/3.4.2/disruptor-3.4.2.jar:/home/user/.m2/repository/org/apache/commons/commons-pool2/2.6.0/commons-pool2-2.6.0.jar:/home/user/.m2/repository/org/bouncycastle/bcpkix-jdk15on/1.60/bcpkix-jdk15on-1.60.jar:/home/user/.m2/repository/commons-validator/commons-validator/1.6/commons-validator-1.6.jar:/home/user/.m2/repository/commons-digester/commons-digester/1.8.1/commons-digester-1.8.1.jar:/home/user/.m2/repository/io/jaegertracing/jaeger-client/0.33.1/jaeger-client-0.33.1.jar:/home/user/.m2/repository/io/jaegertracing/jaeger-thrift/0.33.1/jaeger-thrift-0.33.1.jar:/home/user/.m2/repository/org/apache/thrift/libthrift/0.11.0/libthrift-0.11.0.jar:/home/user/.m2/repository/com/squareup/okhttp3/okhttp/3.9.0/okhttp-3.9.0.jar:/home/user/.m2/repository/com/squareup/okio/okio/1.13.0/okio-1.13.0.jar:/home/user/.m2/repository/io/jaegertracing/jaeger-core/0.33.1/jaeger-core-0.33.1.jar:/home/user/.m2/repository/io/jaegertracing/jaeger-tracerresolver/0.33.1/jaeger-tracerresolver-0.33.1.jar:/home/user/.m2/repository/io/opentracing/contrib/opentracing-tracerresolver/0.1.5/opentracing-tracerresolver-0.1.5.jar:/home/user/.m2/repository/io/opentracing/opentracing-util/0.31.0/opentracing-util-0.31.0.jar:/home/user/.m2/repository/io/opentracing/opentracing-api/0.31.0/opentracing-api-0.31.0.jar:/home/user/.m2/repository/io/opentracing/opentracing-noop/0.31.0/opentracing-noop-0.31.0.jar:/home/user/.m2/repository/org/yaml/snakeyaml/1.16/snakeyaml-1.16.jar:/home/user/.m2/repository/org/apache/hadoop/hadoop-hdds-container-service/0.5.0-SNAPSHOT/hadoop-hdds-container-service-0.5.0-SNAPSHOT.jar:/home/user/.m2/repository/org/apache/hadoop/hadoop-hdds-client/0.5.0-SNAPSHOT/hadoop-hdds-client-0.5.0-SNAPSHOT.jar:/home/user/.m2/repository/org/apache/hadoop/hadoop-hdds-tools/0.5.0-SNAPSHOT/hadoop-hdds-tools-0.5.0-SNAPSHOT.jar:/home/user/.m2/repository/org/xerial/sqlite-jdbc/3.25.2/sqlite-jdbc-3.25.2.jar:/home/user/.m2/repository/org/apache/hadoop/hadoop-hdds-server-scm/0.5.0-SNAPSHOT/hadoop-hdds-server-scm-0.5.0-SNAPSHOT.jar:/home/user/.m2/repository/org/hamcrest/hamcrest-all/1.3/hamcrest-all-1.3.jar:/home/user/.m2/repository/info/picocli/picocli/3.9.6/picocli-3.9.6.jar:/home/user/.m2/repository/com/google/protobuf/protobuf-java/2.5.0/protobuf-java-2.5.0.jar:/home/user/.m2/repository/com/google/guava/guava/11.0.2/guava-11.0.2.jar:/home/user/.m2/repository/org/apache/hadoop/hadoop-ozone-client/0.5.0-SNAPSHOT/hadoop-ozone-client-0.5.0-SNAPSHOT.jar:/workdir/hadoop-ozone/ozonefs/target/classes:/home/user/.m2/repository/org/apache/hadoop/hadoop-hdds-server-framework/0.5.0-SNAPSHOT/hadoop-hdds-server-framework-0.5.0-SNAPSHOT.jar:/home/user/.m2/repository/org/apache/hadoop/hadoop-common/3.2.0/hadoop-common-3.2.0.jar:/home/user/.m2/repository/org/apache/hadoop/hadoop-annotations/3.2.0/hadoop-annotations-3.2.0.jar:/usr/lib/jvm/java-1.8-openjdk/jre/../lib/tools.jar:/home/user/.m2/repository/commons-cli/commons-cli/1.2/commons-cli-1.2.jar:/home/user/.m2/repository/org/apache/commons/commons-math3/3.1.1/commons-math3-3.1.1.jar:/home/user/.m2/repository/org/apache/httpcomponents/httpclient/4.5.2/httpclient-4.5.2.jar:/home/user/.m2/repository/org/apache/httpcomponents/httpcore/4.4.4/httpcore-4.4.4.jar:/home/user/.m2/repository/commons-codec/commons-codec/1.11/commons-codec-1.11.jar:/home/user/.m2/repository/commons-io/commons-io/2.5/commons-io-2.5.jar:/home/user/.m2/repository/commons-net/commons-net/3.6/commons-net-3.6.jar:/home/user/.m2/repository/commons-collections/commons-collections/3.2.2/commons-collections-3.2.2.jar:/home/user/.m2/repository/javax/servlet/javax.servlet-api/3.1.0/javax.servlet-api-3.1.0.jar:/home/user/.m2/repository/org/eclipse/jetty/jetty-server/9.3.24.v20180605/jetty-server-9.3.24.v20180605.jar:/home/user/.m2/repository/org/eclipse/jetty/jetty-http/9.3.24.v20180605/jetty-http-9.3.24.v20180605.jar:/home/user/.m2/repository/org/eclipse/jetty/jetty-io/9.3.24.v20180605/jetty-io-9.3.24.v20180605.jar:/home/user/.m2/repository/org/eclipse/jetty/jetty-util/9.3.24.v20180605/jetty-util-9.3.24.v20180605.jar:/home/user/.m2/repository/org/eclipse/jetty/jetty-servlet/9.3.24.v20180605/jetty-servlet-9.3.24.v20180605.jar:/home/user/.m2/repository/org/eclipse/jetty/jetty-security/9.3.24.v20180605/jetty-security-9.3.24.v20180605.jar:/home/user/.m2/repository/org/eclipse/jetty/jetty-webapp/9.3.24.v20180605/jetty-webapp-9.3.24.v20180605.jar:/home/user/.m2/repository/org/eclipse/jetty/jetty-xml/9.3.24.v20180605/jetty-xml-9.3.24.v20180605.jar:/home/user/.m2/repository/javax/servlet/jsp/jsp-api/2.1/jsp-api-2.1.jar:/home/user/.m2/repository/com/sun/jersey/jersey-core/1.19/jersey-core-1.19.jar:/home/user/.m2/repository/javax/ws/rs/jsr311-api/1.1.1/jsr311-api-1.1.1.jar:/home/user/.m2/repository/com/sun/jersey/jersey-servlet/1.19/jersey-servlet-1.19.jar:/home/user/.m2/repository/com/sun/jersey/jersey-json/1.19/jersey-json-1.19.jar:/home/user/.m2/repository/org/codehaus/jettison/jettison/1.1/jettison-1.1.jar:/home/user/.m2/repository/com/sun/xml/bind/jaxb-impl/2.3.0.1/jaxb-impl-2.3.0.1.jar:/home/user/.m2/repository/org/codehaus/jackson/jackson-core-asl/1.9.13/jackson-core-asl-1.9.13.jar:/home/user/.m2/repository/org/codehaus/jackson/jackson-mapper-asl/1.9.13/jackson-mapper-asl-1.9.13.jar:/home/user/.m2/repository/org/codehaus/jackson/jackson-jaxrs/1.9.13/jackson-jaxrs-1.9.13.jar:/home/user/.m2/repository/org/codehaus/jackson/jackson-xc/1.9.13/jackson-xc-1.9.13.jar:/home/user/.m2/repository/com/sun/jersey/jersey-server/1.19/jersey-server-1.19.jar:/home/user/.m2/repository/commons-logging/commons-logging/1.1.3/commons-logging-1.1.3.jar:/home/user/.m2/repository/log4j/log4j/1.2.17/log4j-1.2.17.jar:/home/user/.m2/repository/commons-beanutils/commons-beanutils/1.9.3/commons-beanutils-1.9.3.jar:/home/user/.m2/repository/org/apache/commons/commons-configuration2/2.1.1/commons-configuration2-2.1.1.jar:/home/user/.m2/repository/org/apache/commons/commons-lang3/3.7/commons-lang3-3.7.jar:/home/user/.m2/repository/org/apache/commons/commons-text/1.4/commons-text-1.4.jar:/home/user/.m2/repository/org/slf4j/slf4j-api/1.7.25/slf4j-api-1.7.25.jar:/home/user/.m2/repository/org/slf4j/slf4j-log4j12/1.7.25/slf4j-log4j12-1.7.25.jar:/home/user/.m2/repository/org/apache/avro/avro/1.7.7/avro-1.7.7.jar:/home/user/.m2/repository/com/thoughtworks/paranamer/paranamer/2.3/paranamer-2.3.jar:/home/user/.m2/repository/org/xerial/snappy/snappy-java/1.0.5/snappy-java-1.0.5.jar:/home/user/.m2/repository/com/google/re2j/re2j/1.1/re2j-1.1.jar:/home/user/.m2/repository/com/google/code/gson/gson/2.2.4/gson-2.2.4.jar:/home/user/.m2/repository/org/apache/hadoop/hadoop-auth/3.2.0/hadoop-auth-3.2.0.jar:/home/user/.m2/repository/com/nimbusds/nimbus-jose-jwt/4.41.1/nimbus-jose-jwt-4.41.1.jar:/home/user/.m2/repository/com/github/stephenc/jcip/jcip-annotations/1.0-1/jcip-annotations-1.0-1.jar:/home/user/.m2/repository/net/minidev/json-smart/2.3/json-smart-2.3.jar:/home/user/.m2/repository/net/minidev/accessors-smart/1.2/accessors-smart-1.2.jar:/home/user/.m2/repository/org/apache/curator/curator-framework/2.12.0/curator-framework-2.12.0.jar:/home/user/.m2/repository/com/jcraft/jsch/0.1.54/jsch-0.1.54.jar:/home/user/.m2/repository/org/apache/curator/curator-client/2.12.0/curator-client-2.12.0.jar:/home/user/.m2/repository/org/apache/curator/curator-recipes/2.12.0/curator-recipes-2.12.0.jar:/home/user/.m2/repository/com/google/code/findbugs/jsr305/3.0.0/jsr305-3.0.0.jar:/home/user/.m2/repository/org/apache/htrace/htrace-core4/4.1.0-incubating/htrace-core4-4.1.0-incubating.jar:/home/user/.m2/repository/org/apache/zookeeper/zookeeper/3.4.13/zookeeper-3.4.13.jar:/home/user/.m2/repository/org/apache/yetus/audience-annotations/0.5.0/audience-annotations-0.5.0.jar:/home/user/.m2/repository/org/apache/kerby/kerb-simplekdc/1.0.1/kerb-simplekdc-1.0.1.jar:/home/user/.m2/repository/org/apache/kerby/kerb-client/1.0.1/kerb-client-1.0.1.jar:/home/user/.m2/repository/org/apache/kerby/kerby-config/1.0.1/kerby-config-1.0.1.jar:/home/user/.m2/repository/org/apache/kerby/kerb-core/1.0.1/kerb-core-1.0.1.jar:/home/user/.m2/repository/org/apache/kerby/kerby-pkix/1.0.1/kerby-pkix-1.0.1.jar:/home/user/.m2/repository/org/apache/kerby/kerby-asn1/1.0.1/kerby-asn1-1.0.1.jar:/home/user/.m2/repository/org/apache/kerby/kerby-util/1.0.1/kerby-util-1.0.1.jar:/home/user/.m2/repository/org/apache/kerby/kerb-common/1.0.1/kerb-common-1.0.1.jar:/home/user/.m2/repository/org/apache/kerby/kerb-crypto/1.0.1/kerb-crypto-1.0.1.jar:/home/user/.m2/repository/org/apache/kerby/kerb-util/1.0.1/kerb-util-1.0.1.jar:/home/user/.m2/repository/org/apache/kerby/token-provider/1.0.1/token-provider-1.0.1.jar:/home/user/.m2/repository/org/apache/kerby/kerb-admin/1.0.1/kerb-admin-1.0.1.jar:/home/user/.m2/repository/org/apache/kerby/kerb-server/1.0.1/kerb-server-1.0.1.jar:/home/user/.m2/repository/org/apache/kerby/kerb-identity/1.0.1/kerb-identity-1.0.1.jar:/home/user/.m2/repository/org/apache/kerby/kerby-xdr/1.0.1/kerby-xdr-1.0.1.jar:/home/user/.m2/repository/com/fasterxml/jackson/core/jackson-databind/2.9.5/jackson-databind-2.9.5.jar:/home/user/.m2/repository/com/fasterxml/jackson/core/jackson-core/2.9.5/jackson-core-2.9.5.jar:/home/user/.m2/repository/org/codehaus/woodstox/stax2-api/3.1.4/stax2-api-3.1.4.jar:/home/user/.m2/repository/com/fasterxml/woodstox/woodstox-core/5.0.3/woodstox-core-5.0.3.jar:/home/user/.m2/repository/dnsjava/dnsjava/2.1.7/dnsjava-2.1.7.jar:/home/user/.m2/repository/org/apache/hadoop/hadoop-hdfs/3.2.0/hadoop-hdfs-3.2.0.jar:/home/user/.m2/repository/org/eclipse/jetty/jetty-util-ajax/9.3.24.v20180605/jetty-util-ajax-9.3.24.v20180605.jar:/home/user/.m2/repository/commons-daemon/commons-daemon/1.0.13/commons-daemon-1.0.13.jar:/home/user/.m2/repository/io/netty/netty/3.10.5.Final/netty-3.10.5.Final.jar:/home/user/.m2/repository/io/netty/netty-all/4.0.52.Final/netty-all-4.0.52.Final.jar:/home/user/.m2/repository/org/fusesource/leveldbjni/leveldbjni-all/1.8/leveldbjni-all-1.8.jar:/home/user/.m2/repository/com/sun/xml/bind/jaxb-core/2.3.0.1/jaxb-core-2.3.0.1.jar:/home/user/.m2/repository/javax/xml/bind/jaxb-api/2.3.0/jaxb-api-2.3.0.jar:/home/user/.m2/repository/javax/activation/activation/1.1.1/activation-1.1.1.jar:/home/user/.m2/repository/io/dropwizard/metrics/metrics-core/3.2.4/metrics-core-3.2.4.jar:/home/user/.m2/repository/org/openjdk/jmh/jmh-core/1.19/jmh-core-1.19.jar:/home/user/.m2/repository/net/sf/jopt-simple/jopt-simple/4.6/jopt-simple-4.6.jar:/home/user/.m2/repository/org/openjdk/jmh/jmh-generator-annprocess/1.19/jmh-generator-annprocess-1.19.jar:/home/user/.m2/repository/com/google/code/findbugs/findbugs/3.0.1/findbugs-3.0.1.jar:/home/user/.m2/repository/net/jcip/jcip-annotations/1.0/jcip-annotations-1.0.jar:/home/user/.m2/repository/com/google/code/findbugs/bcel-findbugs/6.0/bcel-findbugs-6.0.jar:/home/user/.m2/repository/com/google/code/findbugs/jFormatString/2.0.1/jFormatString-2.0.1.jar:/home/user/.m2/repository/dom4j/dom4j/1.6.1/dom4j-1.6.1.jar:/home/user/.m2/repository/xml-apis/xml-apis/1.0.b2/xml-apis-1.0.b2.jar:/home/user/.m2/repository/org/ow2/asm/asm-debug-all/5.0.2/asm-debug-all-5.0.2.jar:/home/user/.m2/repository/org/ow2/asm/asm-commons/5.0.2/asm-commons-5.0.2.jar:/home/user/.m2/repository/org/ow2/asm/asm-tree/5.0.2/asm-tree-5.0.2.jar:/home/user/.m2/repository/org/ow2/asm/asm/5.0.4/asm-5.0.4.jar:/home/user/.m2/repository/commons-lang/commons-lang/2.6/commons-lang-2.6.jar:/home/user/.m2/repository/com/apple/AppleJavaExtensions/1.4/AppleJavaExtensions-1.4.jar:/home/user/.m2/repository/jaxen/jaxen/1.1.6/jaxen-1.1.6.jar:/home/user/.m2/repository/junit/junit/4.11/junit-4.11.jar:/home/user/.m2/repository/org/hamcrest/hamcrest-core/1.3/hamcrest-core-1.3.jar:/home/user/.m2/repository/org/apache/hadoop/hadoop-common/3.2.0/hadoop-common-3.2.0-tests.jar:/workdir/hadoop-ozone/integration-test/target/test-classes:/home/user/.m2/repository/org/apache/hadoop/hadoop-ozone-s3gateway/0.5.0-SNAPSHOT/hadoop-ozone-s3gateway-0.5.0-SNAPSHOT.jar:/home/user/.m2/repository/org/jboss/weld/servlet/weld-servlet/2.4.7.Final/weld-servlet-2.4.7.Final.jar:/home/user/.m2/repository/org/glassfish/jersey/containers/jersey-container-servlet-core/2.27/jersey-container-servlet-core-2.27.jar:/home/user/.m2/repository/org/glassfish/hk2/external/javax.inject/2.5.0-b42/javax.inject-2.5.0-b42.jar:/home/user/.m2/repository/org/glassfish/jersey/core/jersey-common/2.27/jersey-common-2.27.jar:/home/user/.m2/repository/org/glassfish/hk2/osgi-resource-locator/1.0.1/osgi-resource-locator-1.0.1.jar:/home/user/.m2/repository/javax/ws/rs/javax.ws.rs-api/2.1/javax.ws.rs-api-2.1.jar:/home/user/.m2/repository/org/glassfish/jersey/ext/cdi/jersey-cdi1x/2.27/jersey-cdi1x-2.27.jar:/home/user/.m2/repository/org/glassfish/jersey/inject/jersey-hk2/2.27/jersey-hk2-2.27.jar:/home/user/.m2/repository/org/glassfish/hk2/hk2-locator/2.5.0-b42/hk2-locator-2.5.0-b42.jar:/home/user/.m2/repository/org/javassist/javassist/3.22.0-CR2/javassist-3.22.0-CR2.jar:/home/user/.m2/repository/org/glassfish/hk2/hk2-api/2.5.0/hk2-api-2.5.0.jar:/home/user/.m2/repository/org/glassfish/hk2/external/jakarta.inject/2.5.0/jakarta.inject-2.5.0.jar:/home/user/.m2/repository/org/glassfish/hk2/hk2-utils/2.5.0/hk2-utils-2.5.0.jar:/home/user/.m2/repository/jakarta/annotation/jakarta.annotation-api/1.3.4/jakarta.annotation-api-1.3.4.jar:/home/user/.m2/repository/org/glassfish/hk2/external/aopalliance-repackaged/2.5.0/aopalliance-repackaged-2.5.0.jar:/home/user/.m2/repository/com/fasterxml/jackson/dataformat/jackson-dataformat-xml/2.9.0/jackson-dataformat-xml-2.9.0.jar:/home/user/.m2/repository/com/fasterxml/jackson/module/jackson-module-jaxb-annotations/2.9.5/jackson-module-jaxb-annotations-2.9.5.jar:/home/user/.m2/repository/javax/enterprise/cdi-api/1.2/cdi-api-1.2.jar:/home/user/.m2/repository/javax/el/javax.el-api/3.0.0/javax.el-api-3.0.0.jar:/home/user/.m2/repository/javax/interceptor/javax.interceptor-api/1.2/javax.interceptor-api-1.2.jar:/home/user/.m2/repository/javax/inject/javax.inject/1/javax.inject-1.jar:/home/user/.m2/repository/org/apache/hadoop/hadoop-ozone-csi/0.5.0-SNAPSHOT/hadoop-ozone-csi-0.5.0-SNAPSHOT.jar:/home/user/.m2/repository/com/google/protobuf/protobuf-java-util/3.5.1/protobuf-java-util-3.5.1.jar:/home/user/.m2/repository/io/grpc/grpc-netty/1.17.1/grpc-netty-1.17.1.jar:/home/user/.m2/repository/io/grpc/grpc-core/1.17.1/grpc-core-1.17.1.jar:/home/user/.m2/repository/io/grpc/grpc-context/1.17.1/grpc-context-1.17.1.jar:/home/user/.m2/repository/com/google/errorprone/error_prone_annotations/2.2.0/error_prone_annotations-2.2.0.jar:/home/user/.m2/repository/org/codehaus/mojo/animal-sniffer-annotations/1.17/animal-sniffer-annotations-1.17.jar:/home/user/.m2/repository/io/opencensus/opencensus-api/0.17.0/opencensus-api-0.17.0.jar:/home/user/.m2/repository/io/opencensus/opencensus-contrib-grpc-metrics/0.17.0/opencensus-contrib-grpc-metrics-0.17.0.jar:/home/user/.m2/repository/io/netty/netty-codec-http2/4.1.30.Final/netty-codec-http2-4.1.30.Final.jar:/home/user/.m2/repository/io/netty/netty-codec-http/4.1.30.Final/netty-codec-http-4.1.30.Final.jar:/home/user/.m2/repository/io/netty/netty-codec/4.1.30.Final/netty-codec-4.1.30.Final.jar:/home/user/.m2/repository/io/netty/netty-handler/4.1.30.Final/netty-handler-4.1.30.Final.jar:/home/user/.m2/repository/io/netty/netty-handler-proxy/4.1.30.Final/netty-handler-proxy-4.1.30.Final.jar:/home/user/.m2/repository/io/netty/netty-codec-socks/4.1.30.Final/netty-codec-socks-4.1.30.Final.jar:/home/user/.m2/repository/io/netty/netty-transport-native-epoll/4.1.30.Final/netty-transport-native-epoll-4.1.30.Final.jar:/home/user/.m2/repository/io/netty/netty-common/4.1.30.Final/netty-common-4.1.30.Final.jar:/home/user/.m2/repository/io/netty/netty-buffer/4.1.30.Final/netty-buffer-4.1.30.Final.jar:/home/user/.m2/repository/io/netty/netty-transport/4.1.30.Final/netty-transport-4.1.30.Final.jar:/home/user/.m2/repository/io/netty/netty-resolver/4.1.30.Final/netty-resolver-4.1.30.Final.jar:/home/user/.m2/repository/io/netty/netty-transport-native-unix-common/4.1.30.Final/netty-transport-native-unix-common-4.1.30.Final.jar:/home/user/.m2/repository/io/grpc/grpc-protobuf/1.17.1/grpc-protobuf-1.17.1.jar:/home/user/.m2/repository/com/google/api/grpc/proto-google-common-protos/1.0.0/proto-google-common-protos-1.0.0.jar:/home/user/.m2/repository/io/grpc/grpc-protobuf-lite/1.17.1/grpc-protobuf-lite-1.17.1.jar:/home/user/.m2/repository/io/grpc/grpc-stub/1.17.1/grpc-stub-1.17.1.jar:/home/user/.m2/repository/org/apache/hadoop/hadoop-ozone-recon/0.5.0-SNAPSHOT/hadoop-ozone-recon-0.5.0-SNAPSHOT.jar:/home/user/.m2/repository/org/apache/hadoop/hadoop-ozone-reconcodegen/0.5.0-SNAPSHOT/hadoop-ozone-reconcodegen-0.5.0-SNAPSHOT.jar:/home/user/.m2/repository/com/google/inject/extensions/guice-multibindings/4.0/guice-multibindings-4.0.jar:/home/user/.m2/repository/com/google/inject/guice/4.0/guice-4.0.jar:/home/user/.m2/repository/aopalliance/aopalliance/1.0/aopalliance-1.0.jar:/home/user/.m2/repository/com/google/inject/extensions/guice-servlet/4.0/guice-servlet-4.0.jar:/home/user/.m2/repository/org/glassfish/jersey/containers/jersey-container-servlet/2.27/jersey-container-servlet-2.27.jar:/home/user/.m2/repository/org/glassfish/hk2/guice-bridge/2.5.0/guice-bridge-2.5.0.jar:/home/user/.m2/repository/org/glassfish/jersey/core/jersey-server/2.27/jersey-server-2.27.jar:/home/user/.m2/repository/org/glassfish/jersey/core/jersey-client/2.27/jersey-client-2.27.jar:/home/user/.m2/repository/org/glassfish/jersey/media/jersey-media-jaxb/2.27/jersey-media-jaxb-2.27.jar:/home/user/.m2/repository/javax/validation/validation-api/1.1.0.Final/validation-api-1.1.0.Final.jar:/home/user/.m2/repository/org/glassfish/jersey/media/jersey-media-json-jackson/2.27/jersey-media-json-jackson-2.27.jar:/home/user/.m2/repository/org/glassfish/jersey/ext/jersey-entity-filtering/2.27/jersey-entity-filtering-2.27.jar:/home/user/.m2/repository/com/google/inject/extensions/guice-assistedinject/4.0/guice-assistedinject-4.0.jar:/home/user/.m2/repository/org/jooq/jooq/3.11.10/jooq-3.11.10.jar:/home/user/.m2/repository/org/jooq/jooq-meta/3.11.10/jooq-meta-3.11.10.jar:/home/user/.m2/repository/org/jooq/jooq-codegen/3.11.10/jooq-codegen-3.11.10.jar:/home/user/.m2/repository/com/jolbox/bonecp/0.8.0.RELEASE/bonecp-0.8.0.RELEASE.jar:/home/user/.m2/repository/org/springframework/spring-jdbc/5.1.3.RELEASE/spring-jdbc-5.1.3.RELEASE.jar:/home/user/.m2/repository/org/springframework/spring-beans/5.1.3.RELEASE/spring-beans-5.1.3.RELEASE.jar:/home/user/.m2/repository/org/springframework/spring-core/5.1.3.RELEASE/spring-core-5.1.3.RELEASE.jar:/home/user/.m2/repository/org/springframework/spring-jcl/5.1.3.RELEASE/spring-jcl-5.1.3.RELEASE.jar:/home/user/.m2/repository/org/springframework/spring-tx/5.1.3.RELEASE/spring-tx-5.1.3.RELEASE.jar:/home/user/.m2/repository/org/mockito/mockito-core/2.15.0/mockito-core-2.15.0.jar:/home/user/.m2/repository/net/bytebuddy/byte-buddy/1.7.9/byte-buddy-1.7.9.jar:/home/user/.m2/repository/net/bytebuddy/byte-buddy-agent/1.7.9/byte-buddy-agent-1.7.9.jar:/home/user/.m2/repository/org/objenesis/objenesis/1.0/objenesis-1.0.jar:"/>
    <property name="java.vm.vendor" value="IcedTea"/>
    <property name="sun.arch.data.model" value="64"/>
    <property name="test.build.dir" value="/workdir/hadoop-ozone/tools/target/test-dir"/>
    <property name="test.cache.data" value=""/>
    <property name="java.vendor.url" value="https://icedtea.classpath.org"/>
    <property name="user.timezone" value=""/>
    <property name="java.vm.specification.version" value="1.8"/>
    <property name="os.name" value="Linux"/>
    <property name="test.build.data" value="/workdir/hadoop-ozone/tools/target/test-dir"/>
    <property name="user.country" value="US"/>
    <property name="sun.java.launcher" value="SUN_STANDARD"/>
    <property name="sun.boot.library.path" value="/usr/lib/jvm/java-1.8-openjdk/jre/lib/amd64"/>
    <property name="sun.java.command" value="/workdir/hadoop-ozone/tools/target/surefire/surefirebooter3552765765767920486.jar /workdir/hadoop-ozone/tools/target/surefire 2019-09-16T20-38-10_095-jvmRun1 surefire1167326242227082579tmp surefire_111602685712959599090tmp"/>
    <property name="test" value="!TestMiniChaosOzoneCluster"/>
    <property name="surefire.test.class.path" value="/workdir/hadoop-ozone/tools/target/test-classes:/workdir/hadoop-ozone/tools/target/classes:/home/user/.m2/repository/org/apache/hadoop/hadoop-ozone-ozone-manager/0.5.0-SNAPSHOT/hadoop-ozone-ozone-manager-0.5.0-SNAPSHOT.jar:/home/user/.m2/repository/org/apache/hadoop/hadoop-hdds-docs/0.5.0-SNAPSHOT/hadoop-hdds-docs-0.5.0-SNAPSHOT.jar:/home/user/.m2/repository/org/bouncycastle/bcprov-jdk15on/1.60/bcprov-jdk15on-1.60.jar:/home/user/.m2/repository/org/apache/hadoop/hadoop-ozone-common/0.5.0-SNAPSHOT/hadoop-ozone-common-0.5.0-SNAPSHOT.jar:/home/user/.m2/repository/org/apache/commons/commons-compress/1.4.1/commons-compress-1.4.1.jar:/home/user/.m2/repository/org/tukaani/xz/1.0/xz-1.0.jar:/home/user/.m2/repository/org/apache/hadoop/hadoop-hdfs-client/3.2.0/hadoop-hdfs-client-3.2.0.jar:/home/user/.m2/repository/com/fasterxml/jackson/core/jackson-annotations/2.9.5/jackson-annotations-2.9.5.jar:/home/user/.m2/repository/org/apache/hadoop/hadoop-hdds-common/0.5.0-SNAPSHOT/hadoop-hdds-common-0.5.0-SNAPSHOT.jar:/home/user/.m2/repository/org/apache/hadoop/hadoop-hdds-config/0.5.0-SNAPSHOT/hadoop-hdds-config-0.5.0-SNAPSHOT.jar:/home/user/.m2/repository/javax/annotation/javax.annotation-api/1.2/javax.annotation-api-1.2.jar:/home/user/.m2/repository/org/apache/ratis/ratis-server/0.4.0-78e95b9-SNAPSHOT/ratis-server-0.4.0-78e95b9-SNAPSHOT.jar:/home/user/.m2/repository/org/apache/ratis/ratis-thirdparty-misc/0.2.0/ratis-thirdparty-misc-0.2.0.jar:/home/user/.m2/repository/org/apache/ratis/ratis-proto/0.4.0-78e95b9-SNAPSHOT/ratis-proto-0.4.0-78e95b9-SNAPSHOT.jar:/home/user/.m2/repository/org/apache/ratis/ratis-common/0.4.0-78e95b9-SNAPSHOT/ratis-common-0.4.0-78e95b9-SNAPSHOT.jar:/home/user/.m2/repository/org/apache/ratis/ratis-client/0.4.0-78e95b9-SNAPSHOT/ratis-client-0.4.0-78e95b9-SNAPSHOT.jar:/home/user/.m2/repository/org/apache/ratis/ratis-metrics/0.4.0-78e95b9-SNAPSHOT/ratis-metrics-0.4.0-78e95b9-SNAPSHOT.jar:/home/user/.m2/repository/com/github/joshelser/dropwizard-metrics-hadoop-metrics2-reporter/0.1.2/dropwizard-metrics-hadoop-metrics2-reporter-0.1.2.jar:/home/user/.m2/repository/io/dropwizard/metrics/metrics-jvm/3.2.5/metrics-jvm-3.2.5.jar:/home/user/.m2/repository/io/dropwizard/metrics/metrics-ganglia/3.2.5/metrics-ganglia-3.2.5.jar:/home/user/.m2/repository/info/ganglia/gmetric4j/gmetric4j/1.0.7/gmetric4j-1.0.7.jar:/home/user/.m2/repository/org/apache/ratis/ratis-netty/0.4.0-78e95b9-SNAPSHOT/ratis-netty-0.4.0-78e95b9-SNAPSHOT.jar:/home/user/.m2/repository/org/apache/ratis/ratis-grpc/0.4.0-78e95b9-SNAPSHOT/ratis-grpc-0.4.0-78e95b9-SNAPSHOT.jar:/home/user/.m2/repository/org/rocksdb/rocksdbjni/6.0.1/rocksdbjni-6.0.1.jar:/home/user/.m2/repository/org/apache/logging/log4j/log4j-api/2.11.0/log4j-api-2.11.0.jar:/home/user/.m2/repository/org/apache/logging/log4j/log4j-core/2.11.0/log4j-core-2.11.0.jar:/home/user/.m2/repository/com/lmax/disruptor/3.4.2/disruptor-3.4.2.jar:/home/user/.m2/repository/org/apache/commons/commons-pool2/2.6.0/commons-pool2-2.6.0.jar:/home/user/.m2/repository/org/bouncycastle/bcpkix-jdk15on/1.60/bcpkix-jdk15on-1.60.jar:/home/user/.m2/repository/commons-validator/commons-validator/1.6/commons-validator-1.6.jar:/home/user/.m2/repository/commons-digester/commons-digester/1.8.1/commons-digester-1.8.1.jar:/home/user/.m2/repository/io/jaegertracing/jaeger-client/0.33.1/jaeger-client-0.33.1.jar:/home/user/.m2/repository/io/jaegertracing/jaeger-thrift/0.33.1/jaeger-thrift-0.33.1.jar:/home/user/.m2/repository/org/apache/thrift/libthrift/0.11.0/libthrift-0.11.0.jar:/home/user/.m2/repository/com/squareup/okhttp3/okhttp/3.9.0/okhttp-3.9.0.jar:/home/user/.m2/repository/com/squareup/okio/okio/1.13.0/okio-1.13.0.jar:/home/user/.m2/repository/io/jaegertracing/jaeger-core/0.33.1/jaeger-core-0.33.1.jar:/home/user/.m2/repository/io/jaegertracing/jaeger-tracerresolver/0.33.1/jaeger-tracerresolver-0.33.1.jar:/home/user/.m2/repository/io/opentracing/contrib/opentracing-tracerresolver/0.1.5/opentracing-tracerresolver-0.1.5.jar:/home/user/.m2/repository/io/opentracing/opentracing-util/0.31.0/opentracing-util-0.31.0.jar:/home/user/.m2/repository/io/opentracing/opentracing-api/0.31.0/opentracing-api-0.31.0.jar:/home/user/.m2/repository/io/opentracing/opentracing-noop/0.31.0/opentracing-noop-0.31.0.jar:/home/user/.m2/repository/org/yaml/snakeyaml/1.16/snakeyaml-1.16.jar:/home/user/.m2/repository/org/apache/hadoop/hadoop-hdds-container-service/0.5.0-SNAPSHOT/hadoop-hdds-container-service-0.5.0-SNAPSHOT.jar:/home/user/.m2/repository/org/apache/hadoop/hadoop-hdds-client/0.5.0-SNAPSHOT/hadoop-hdds-client-0.5.0-SNAPSHOT.jar:/home/user/.m2/repository/org/apache/hadoop/hadoop-hdds-tools/0.5.0-SNAPSHOT/hadoop-hdds-tools-0.5.0-SNAPSHOT.jar:/home/user/.m2/repository/org/xerial/sqlite-jdbc/3.25.2/sqlite-jdbc-3.25.2.jar:/home/user/.m2/repository/org/apache/hadoop/hadoop-hdds-server-scm/0.5.0-SNAPSHOT/hadoop-hdds-server-scm-0.5.0-SNAPSHOT.jar:/home/user/.m2/repository/org/hamcrest/hamcrest-all/1.3/hamcrest-all-1.3.jar:/home/user/.m2/repository/info/picocli/picocli/3.9.6/picocli-3.9.6.jar:/home/user/.m2/repository/com/google/protobuf/protobuf-java/2.5.0/protobuf-java-2.5.0.jar:/home/user/.m2/repository/com/google/guava/guava/11.0.2/guava-11.0.2.jar:/home/user/.m2/repository/org/apache/hadoop/hadoop-ozone-client/0.5.0-SNAPSHOT/hadoop-ozone-client-0.5.0-SNAPSHOT.jar:/workdir/hadoop-ozone/ozonefs/target/classes:/home/user/.m2/repository/org/apache/hadoop/hadoop-hdds-server-framework/0.5.0-SNAPSHOT/hadoop-hdds-server-framework-0.5.0-SNAPSHOT.jar:/home/user/.m2/repository/org/apache/hadoop/hadoop-common/3.2.0/hadoop-common-3.2.0.jar:/home/user/.m2/repository/org/apache/hadoop/hadoop-annotations/3.2.0/hadoop-annotations-3.2.0.jar:/usr/lib/jvm/java-1.8-openjdk/jre/../lib/tools.jar:/home/user/.m2/repository/commons-cli/commons-cli/1.2/commons-cli-1.2.jar:/home/user/.m2/repository/org/apache/commons/commons-math3/3.1.1/commons-math3-3.1.1.jar:/home/user/.m2/repository/org/apache/httpcomponents/httpclient/4.5.2/httpclient-4.5.2.jar:/home/user/.m2/repository/org/apache/httpcomponents/httpcore/4.4.4/httpcore-4.4.4.jar:/home/user/.m2/repository/commons-codec/commons-codec/1.11/commons-codec-1.11.jar:/home/user/.m2/repository/commons-io/commons-io/2.5/commons-io-2.5.jar:/home/user/.m2/repository/commons-net/commons-net/3.6/commons-net-3.6.jar:/home/user/.m2/repository/commons-collections/commons-collections/3.2.2/commons-collections-3.2.2.jar:/home/user/.m2/repository/javax/servlet/javax.servlet-api/3.1.0/javax.servlet-api-3.1.0.jar:/home/user/.m2/repository/org/eclipse/jetty/jetty-server/9.3.24.v20180605/jetty-server-9.3.24.v20180605.jar:/home/user/.m2/repository/org/eclipse/jetty/jetty-http/9.3.24.v20180605/jetty-http-9.3.24.v20180605.jar:/home/user/.m2/repository/org/eclipse/jetty/jetty-io/9.3.24.v20180605/jetty-io-9.3.24.v20180605.jar:/home/user/.m2/repository/org/eclipse/jetty/jetty-util/9.3.24.v20180605/jetty-util-9.3.24.v20180605.jar:/home/user/.m2/repository/org/eclipse/jetty/jetty-servlet/9.3.24.v20180605/jetty-servlet-9.3.24.v20180605.jar:/home/user/.m2/repository/org/eclipse/jetty/jetty-security/9.3.24.v20180605/jetty-security-9.3.24.v20180605.jar:/home/user/.m2/repository/org/eclipse/jetty/jetty-webapp/9.3.24.v20180605/jetty-webapp-9.3.24.v20180605.jar:/home/user/.m2/repository/org/eclipse/jetty/jetty-xml/9.3.24.v20180605/jetty-xml-9.3.24.v20180605.jar:/home/user/.m2/repository/javax/servlet/jsp/jsp-api/2.1/jsp-api-2.1.jar:/home/user/.m2/repository/com/sun/jersey/jersey-core/1.19/jersey-core-1.19.jar:/home/user/.m2/repository/javax/ws/rs/jsr311-api/1.1.1/jsr311-api-1.1.1.jar:/home/user/.m2/repository/com/sun/jersey/jersey-servlet/1.19/jersey-servlet-1.19.jar:/home/user/.m2/repository/com/sun/jersey/jersey-json/1.19/jersey-json-1.19.jar:/home/user/.m2/repository/org/codehaus/jettison/jettison/1.1/jettison-1.1.jar:/home/user/.m2/repository/com/sun/xml/bind/jaxb-impl/2.3.0.1/jaxb-impl-2.3.0.1.jar:/home/user/.m2/repository/org/codehaus/jackson/jackson-core-asl/1.9.13/jackson-core-asl-1.9.13.jar:/home/user/.m2/repository/org/codehaus/jackson/jackson-mapper-asl/1.9.13/jackson-mapper-asl-1.9.13.jar:/home/user/.m2/repository/org/codehaus/jackson/jackson-jaxrs/1.9.13/jackson-jaxrs-1.9.13.jar:/home/user/.m2/repository/org/codehaus/jackson/jackson-xc/1.9.13/jackson-xc-1.9.13.jar:/home/user/.m2/repository/com/sun/jersey/jersey-server/1.19/jersey-server-1.19.jar:/home/user/.m2/repository/commons-logging/commons-logging/1.1.3/commons-logging-1.1.3.jar:/home/user/.m2/repository/log4j/log4j/1.2.17/log4j-1.2.17.jar:/home/user/.m2/repository/commons-beanutils/commons-beanutils/1.9.3/commons-beanutils-1.9.3.jar:/home/user/.m2/repository/org/apache/commons/commons-configuration2/2.1.1/commons-configuration2-2.1.1.jar:/home/user/.m2/repository/org/apache/commons/commons-lang3/3.7/commons-lang3-3.7.jar:/home/user/.m2/repository/org/apache/commons/commons-text/1.4/commons-text-1.4.jar:/home/user/.m2/repository/org/slf4j/slf4j-api/1.7.25/slf4j-api-1.7.25.jar:/home/user/.m2/repository/org/slf4j/slf4j-log4j12/1.7.25/slf4j-log4j12-1.7.25.jar:/home/user/.m2/repository/org/apache/avro/avro/1.7.7/avro-1.7.7.jar:/home/user/.m2/repository/com/thoughtworks/paranamer/paranamer/2.3/paranamer-2.3.jar:/home/user/.m2/repository/org/xerial/snappy/snappy-java/1.0.5/snappy-java-1.0.5.jar:/home/user/.m2/repository/com/google/re2j/re2j/1.1/re2j-1.1.jar:/home/user/.m2/repository/com/google/code/gson/gson/2.2.4/gson-2.2.4.jar:/home/user/.m2/repository/org/apache/hadoop/hadoop-auth/3.2.0/hadoop-auth-3.2.0.jar:/home/user/.m2/repository/com/nimbusds/nimbus-jose-jwt/4.41.1/nimbus-jose-jwt-4.41.1.jar:/home/user/.m2/repository/com/github/stephenc/jcip/jcip-annotations/1.0-1/jcip-annotations-1.0-1.jar:/home/user/.m2/repository/net/minidev/json-smart/2.3/json-smart-2.3.jar:/home/user/.m2/repository/net/minidev/accessors-smart/1.2/accessors-smart-1.2.jar:/home/user/.m2/repository/org/apache/curator/curator-framework/2.12.0/curator-framework-2.12.0.jar:/home/user/.m2/repository/com/jcraft/jsch/0.1.54/jsch-0.1.54.jar:/home/user/.m2/repository/org/apache/curator/curator-client/2.12.0/curator-client-2.12.0.jar:/home/user/.m2/repository/org/apache/curator/curator-recipes/2.12.0/curator-recipes-2.12.0.jar:/home/user/.m2/repository/com/google/code/findbugs/jsr305/3.0.0/jsr305-3.0.0.jar:/home/user/.m2/repository/org/apache/htrace/htrace-core4/4.1.0-incubating/htrace-core4-4.1.0-incubating.jar:/home/user/.m2/repository/org/apache/zookeeper/zookeeper/3.4.13/zookeeper-3.4.13.jar:/home/user/.m2/repository/org/apache/yetus/audience-annotations/0.5.0/audience-annotations-0.5.0.jar:/home/user/.m2/repository/org/apache/kerby/kerb-simplekdc/1.0.1/kerb-simplekdc-1.0.1.jar:/home/user/.m2/repository/org/apache/kerby/kerb-client/1.0.1/kerb-client-1.0.1.jar:/home/user/.m2/repository/org/apache/kerby/kerby-config/1.0.1/kerby-config-1.0.1.jar:/home/user/.m2/repository/org/apache/kerby/kerb-core/1.0.1/kerb-core-1.0.1.jar:/home/user/.m2/repository/org/apache/kerby/kerby-pkix/1.0.1/kerby-pkix-1.0.1.jar:/home/user/.m2/repository/org/apache/kerby/kerby-asn1/1.0.1/kerby-asn1-1.0.1.jar:/home/user/.m2/repository/org/apache/kerby/kerby-util/1.0.1/kerby-util-1.0.1.jar:/home/user/.m2/repository/org/apache/kerby/kerb-common/1.0.1/kerb-common-1.0.1.jar:/home/user/.m2/repository/org/apache/kerby/kerb-crypto/1.0.1/kerb-crypto-1.0.1.jar:/home/user/.m2/repository/org/apache/kerby/kerb-util/1.0.1/kerb-util-1.0.1.jar:/home/user/.m2/repository/org/apache/kerby/token-provider/1.0.1/token-provider-1.0.1.jar:/home/user/.m2/repository/org/apache/kerby/kerb-admin/1.0.1/kerb-admin-1.0.1.jar:/home/user/.m2/repository/org/apache/kerby/kerb-server/1.0.1/kerb-server-1.0.1.jar:/home/user/.m2/repository/org/apache/kerby/kerb-identity/1.0.1/kerb-identity-1.0.1.jar:/home/user/.m2/repository/org/apache/kerby/kerby-xdr/1.0.1/kerby-xdr-1.0.1.jar:/home/user/.m2/repository/com/fasterxml/jackson/core/jackson-databind/2.9.5/jackson-databind-2.9.5.jar:/home/user/.m2/repository/com/fasterxml/jackson/core/jackson-core/2.9.5/jackson-core-2.9.5.jar:/home/user/.m2/repository/org/codehaus/woodstox/stax2-api/3.1.4/stax2-api-3.1.4.jar:/home/user/.m2/repository/com/fasterxml/woodstox/woodstox-core/5.0.3/woodstox-core-5.0.3.jar:/home/user/.m2/repository/dnsjava/dnsjava/2.1.7/dnsjava-2.1.7.jar:/home/user/.m2/repository/org/apache/hadoop/hadoop-hdfs/3.2.0/hadoop-hdfs-3.2.0.jar:/home/user/.m2/repository/org/eclipse/jetty/jetty-util-ajax/9.3.24.v20180605/jetty-util-ajax-9.3.24.v20180605.jar:/home/user/.m2/repository/commons-daemon/commons-daemon/1.0.13/commons-daemon-1.0.13.jar:/home/user/.m2/repository/io/netty/netty/3.10.5.Final/netty-3.10.5.Final.jar:/home/user/.m2/repository/io/netty/netty-all/4.0.52.Final/netty-all-4.0.52.Final.jar:/home/user/.m2/repository/org/fusesource/leveldbjni/leveldbjni-all/1.8/leveldbjni-all-1.8.jar:/home/user/.m2/repository/com/sun/xml/bind/jaxb-core/2.3.0.1/jaxb-core-2.3.0.1.jar:/home/user/.m2/repository/javax/xml/bind/jaxb-api/2.3.0/jaxb-api-2.3.0.jar:/home/user/.m2/repository/javax/activation/activation/1.1.1/activation-1.1.1.jar:/home/user/.m2/repository/io/dropwizard/metrics/metrics-core/3.2.4/metrics-core-3.2.4.jar:/home/user/.m2/repository/org/openjdk/jmh/jmh-core/1.19/jmh-core-1.19.jar:/home/user/.m2/repository/net/sf/jopt-simple/jopt-simple/4.6/jopt-simple-4.6.jar:/home/user/.m2/repository/org/openjdk/jmh/jmh-generator-annprocess/1.19/jmh-generator-annprocess-1.19.jar:/home/user/.m2/repository/com/google/code/findbugs/findbugs/3.0.1/findbugs-3.0.1.jar:/home/user/.m2/repository/net/jcip/jcip-annotations/1.0/jcip-annotations-1.0.jar:/home/user/.m2/repository/com/google/code/findbugs/bcel-findbugs/6.0/bcel-findbugs-6.0.jar:/home/user/.m2/repository/com/google/code/findbugs/jFormatString/2.0.1/jFormatString-2.0.1.jar:/home/user/.m2/repository/dom4j/dom4j/1.6.1/dom4j-1.6.1.jar:/home/user/.m2/repository/xml-apis/xml-apis/1.0.b2/xml-apis-1.0.b2.jar:/home/user/.m2/repository/org/ow2/asm/asm-debug-all/5.0.2/asm-debug-all-5.0.2.jar:/home/user/.m2/repository/org/ow2/asm/asm-commons/5.0.2/asm-commons-5.0.2.jar:/home/user/.m2/repository/org/ow2/asm/asm-tree/5.0.2/asm-tree-5.0.2.jar:/home/user/.m2/repository/org/ow2/asm/asm/5.0.4/asm-5.0.4.jar:/home/user/.m2/repository/commons-lang/commons-lang/2.6/commons-lang-2.6.jar:/home/user/.m2/repository/com/apple/AppleJavaExtensions/1.4/AppleJavaExtensions-1.4.jar:/home/user/.m2/repository/jaxen/jaxen/1.1.6/jaxen-1.1.6.jar:/home/user/.m2/repository/junit/junit/4.11/junit-4.11.jar:/home/user/.m2/repository/org/hamcrest/hamcrest-core/1.3/hamcrest-core-1.3.jar:/home/user/.m2/repository/org/apache/hadoop/hadoop-common/3.2.0/hadoop-common-3.2.0-tests.jar:/workdir/hadoop-ozone/integration-test/target/test-classes:/home/user/.m2/repository/org/apache/hadoop/hadoop-ozone-s3gateway/0.5.0-SNAPSHOT/hadoop-ozone-s3gateway-0.5.0-SNAPSHOT.jar:/home/user/.m2/repository/org/jboss/weld/servlet/weld-servlet/2.4.7.Final/weld-servlet-2.4.7.Final.jar:/home/user/.m2/repository/org/glassfish/jersey/containers/jersey-container-servlet-core/2.27/jersey-container-servlet-core-2.27.jar:/home/user/.m2/repository/org/glassfish/hk2/external/javax.inject/2.5.0-b42/javax.inject-2.5.0-b42.jar:/home/user/.m2/repository/org/glassfish/jersey/core/jersey-common/2.27/jersey-common-2.27.jar:/home/user/.m2/repository/org/glassfish/hk2/osgi-resource-locator/1.0.1/osgi-resource-locator-1.0.1.jar:/home/user/.m2/repository/javax/ws/rs/javax.ws.rs-api/2.1/javax.ws.rs-api-2.1.jar:/home/user/.m2/repository/org/glassfish/jersey/ext/cdi/jersey-cdi1x/2.27/jersey-cdi1x-2.27.jar:/home/user/.m2/repository/org/glassfish/jersey/inject/jersey-hk2/2.27/jersey-hk2-2.27.jar:/home/user/.m2/repository/org/glassfish/hk2/hk2-locator/2.5.0-b42/hk2-locator-2.5.0-b42.jar:/home/user/.m2/repository/org/javassist/javassist/3.22.0-CR2/javassist-3.22.0-CR2.jar:/home/user/.m2/repository/org/glassfish/hk2/hk2-api/2.5.0/hk2-api-2.5.0.jar:/home/user/.m2/repository/org/glassfish/hk2/external/jakarta.inject/2.5.0/jakarta.inject-2.5.0.jar:/home/user/.m2/repository/org/glassfish/hk2/hk2-utils/2.5.0/hk2-utils-2.5.0.jar:/home/user/.m2/repository/jakarta/annotation/jakarta.annotation-api/1.3.4/jakarta.annotation-api-1.3.4.jar:/home/user/.m2/repository/org/glassfish/hk2/external/aopalliance-repackaged/2.5.0/aopalliance-repackaged-2.5.0.jar:/home/user/.m2/repository/com/fasterxml/jackson/dataformat/jackson-dataformat-xml/2.9.0/jackson-dataformat-xml-2.9.0.jar:/home/user/.m2/repository/com/fasterxml/jackson/module/jackson-module-jaxb-annotations/2.9.5/jackson-module-jaxb-annotations-2.9.5.jar:/home/user/.m2/repository/javax/enterprise/cdi-api/1.2/cdi-api-1.2.jar:/home/user/.m2/repository/javax/el/javax.el-api/3.0.0/javax.el-api-3.0.0.jar:/home/user/.m2/repository/javax/interceptor/javax.interceptor-api/1.2/javax.interceptor-api-1.2.jar:/home/user/.m2/repository/javax/inject/javax.inject/1/javax.inject-1.jar:/home/user/.m2/repository/org/apache/hadoop/hadoop-ozone-csi/0.5.0-SNAPSHOT/hadoop-ozone-csi-0.5.0-SNAPSHOT.jar:/home/user/.m2/repository/com/google/protobuf/protobuf-java-util/3.5.1/protobuf-java-util-3.5.1.jar:/home/user/.m2/repository/io/grpc/grpc-netty/1.17.1/grpc-netty-1.17.1.jar:/home/user/.m2/repository/io/grpc/grpc-core/1.17.1/grpc-core-1.17.1.jar:/home/user/.m2/repository/io/grpc/grpc-context/1.17.1/grpc-context-1.17.1.jar:/home/user/.m2/repository/com/google/errorprone/error_prone_annotations/2.2.0/error_prone_annotations-2.2.0.jar:/home/user/.m2/repository/org/codehaus/mojo/animal-sniffer-annotations/1.17/animal-sniffer-annotations-1.17.jar:/home/user/.m2/repository/io/opencensus/opencensus-api/0.17.0/opencensus-api-0.17.0.jar:/home/user/.m2/repository/io/opencensus/opencensus-contrib-grpc-metrics/0.17.0/opencensus-contrib-grpc-metrics-0.17.0.jar:/home/user/.m2/repository/io/netty/netty-codec-http2/4.1.30.Final/netty-codec-http2-4.1.30.Final.jar:/home/user/.m2/repository/io/netty/netty-codec-http/4.1.30.Final/netty-codec-http-4.1.30.Final.jar:/home/user/.m2/repository/io/netty/netty-codec/4.1.30.Final/netty-codec-4.1.30.Final.jar:/home/user/.m2/repository/io/netty/netty-handler/4.1.30.Final/netty-handler-4.1.30.Final.jar:/home/user/.m2/repository/io/netty/netty-handler-proxy/4.1.30.Final/netty-handler-proxy-4.1.30.Final.jar:/home/user/.m2/repository/io/netty/netty-codec-socks/4.1.30.Final/netty-codec-socks-4.1.30.Final.jar:/home/user/.m2/repository/io/netty/netty-transport-native-epoll/4.1.30.Final/netty-transport-native-epoll-4.1.30.Final.jar:/home/user/.m2/repository/io/netty/netty-common/4.1.30.Final/netty-common-4.1.30.Final.jar:/home/user/.m2/repository/io/netty/netty-buffer/4.1.30.Final/netty-buffer-4.1.30.Final.jar:/home/user/.m2/repository/io/netty/netty-transport/4.1.30.Final/netty-transport-4.1.30.Final.jar:/home/user/.m2/repository/io/netty/netty-resolver/4.1.30.Final/netty-resolver-4.1.30.Final.jar:/home/user/.m2/repository/io/netty/netty-transport-native-unix-common/4.1.30.Final/netty-transport-native-unix-common-4.1.30.Final.jar:/home/user/.m2/repository/io/grpc/grpc-protobuf/1.17.1/grpc-protobuf-1.17.1.jar:/home/user/.m2/repository/com/google/api/grpc/proto-google-common-protos/1.0.0/proto-google-common-protos-1.0.0.jar:/home/user/.m2/repository/io/grpc/grpc-protobuf-lite/1.17.1/grpc-protobuf-lite-1.17.1.jar:/home/user/.m2/repository/io/grpc/grpc-stub/1.17.1/grpc-stub-1.17.1.jar:/home/user/.m2/repository/org/apache/hadoop/hadoop-ozone-recon/0.5.0-SNAPSHOT/hadoop-ozone-recon-0.5.0-SNAPSHOT.jar:/home/user/.m2/repository/org/apache/hadoop/hadoop-ozone-reconcodegen/0.5.0-SNAPSHOT/hadoop-ozone-reconcodegen-0.5.0-SNAPSHOT.jar:/home/user/.m2/repository/com/google/inject/extensions/guice-multibindings/4.0/guice-multibindings-4.0.jar:/home/user/.m2/repository/com/google/inject/guice/4.0/guice-4.0.jar:/home/user/.m2/repository/aopalliance/aopalliance/1.0/aopalliance-1.0.jar:/home/user/.m2/repository/com/google/inject/extensions/guice-servlet/4.0/guice-servlet-4.0.jar:/home/user/.m2/repository/org/glassfish/jersey/containers/jersey-container-servlet/2.27/jersey-container-servlet-2.27.jar:/home/user/.m2/repository/org/glassfish/hk2/guice-bridge/2.5.0/guice-bridge-2.5.0.jar:/home/user/.m2/repository/org/glassfish/jersey/core/jersey-server/2.27/jersey-server-2.27.jar:/home/user/.m2/repository/org/glassfish/jersey/core/jersey-client/2.27/jersey-client-2.27.jar:/home/user/.m2/repository/org/glassfish/jersey/media/jersey-media-jaxb/2.27/jersey-media-jaxb-2.27.jar:/home/user/.m2/repository/javax/validation/validation-api/1.1.0.Final/validation-api-1.1.0.Final.jar:/home/user/.m2/repository/org/glassfish/jersey/media/jersey-media-json-jackson/2.27/jersey-media-json-jackson-2.27.jar:/home/user/.m2/repository/org/glassfish/jersey/ext/jersey-entity-filtering/2.27/jersey-entity-filtering-2.27.jar:/home/user/.m2/repository/com/google/inject/extensions/guice-assistedinject/4.0/guice-assistedinject-4.0.jar:/home/user/.m2/repository/org/jooq/jooq/3.11.10/jooq-3.11.10.jar:/home/user/.m2/repository/org/jooq/jooq-meta/3.11.10/jooq-meta-3.11.10.jar:/home/user/.m2/repository/org/jooq/jooq-codegen/3.11.10/jooq-codegen-3.11.10.jar:/home/user/.m2/repository/com/jolbox/bonecp/0.8.0.RELEASE/bonecp-0.8.0.RELEASE.jar:/home/user/.m2/repository/org/springframework/spring-jdbc/5.1.3.RELEASE/spring-jdbc-5.1.3.RELEASE.jar:/home/user/.m2/repository/org/springframework/spring-beans/5.1.3.RELEASE/spring-beans-5.1.3.RELEASE.jar:/home/user/.m2/repository/org/springframework/spring-core/5.1.3.RELEASE/spring-core-5.1.3.RELEASE.jar:/home/user/.m2/repository/org/springframework/spring-jcl/5.1.3.RELEASE/spring-jcl-5.1.3.RELEASE.jar:/home/user/.m2/repository/org/springframework/spring-tx/5.1.3.RELEASE/spring-tx-5.1.3.RELEASE.jar:/home/user/.m2/repository/org/mockito/mockito-core/2.15.0/mockito-core-2.15.0.jar:/home/user/.m2/repository/net/bytebuddy/byte-buddy/1.7.9/byte-buddy-1.7.9.jar:/home/user/.m2/repository/net/bytebuddy/byte-buddy-agent/1.7.9/byte-buddy-agent-1.7.9.jar:/home/user/.m2/repository/org/objenesis/objenesis/1.0/objenesis-1.0.jar:"/>
    <property name="sun.cpu.endian" value="little"/>
    <property name="user.home" value="/home/user"/>
    <property name="user.language" value="en"/>
    <property name="java.specification.vendor" value="Oracle Corporation"/>
    <property name="java.home" value="/usr/lib/jvm/java-1.8-openjdk/jre"/>
    <property name="java.security.krb5.conf" value="/workdir/hadoop-ozone/tools/target/test-classes/krb5.conf"/>
    <property name="basedir" value="/workdir/hadoop-ozone/tools"/>
    <property name="file.separator" value="/"/>
    <property name="line.separator" value="&#10;"/>
    <property name="java.vm.specification.vendor" value="Oracle Corporation"/>
    <property name="java.specification.name" value="Java Platform API Specification"/>
    <property name="java.awt.graphicsenv" value="sun.awt.X11GraphicsEnvironment"/>
    <property name="surefire.real.class.path" value="/workdir/hadoop-ozone/tools/target/surefire/surefirebooter3552765765767920486.jar"/>
    <property name="hadoop.log.dir" value="/workdir/hadoop-ozone/tools/target/log"/>
    <property name="sun.boot.class.path" value="/usr/lib/jvm/java-1.8-openjdk/jre/lib/resources.jar:/usr/lib/jvm/java-1.8-openjdk/jre/lib/rt.jar:/usr/lib/jvm/java-1.8-openjdk/jre/lib/sunrsasign.jar:/usr/lib/jvm/java-1.8-openjdk/jre/lib/jsse.jar:/usr/lib/jvm/java-1.8-openjdk/jre/lib/jce.jar:/usr/lib/jvm/java-1.8-openjdk/jre/lib/charsets.jar:/usr/lib/jvm/java-1.8-openjdk/jre/lib/jfr.jar:/usr/lib/jvm/java-1.8-openjdk/jre/classes"/>
    <property name="sun.management.compiler" value="HotSpot 64-Bit Tiered Compilers"/>
    <property name="java.runtime.version" value="1.8.0_212-b04"/>
    <property name="java.net.preferIPv4Stack" value="true"/>
    <property name="user.name" value="jenkins1000"/>
    <property name="path.separator" value=":"/>
    <property name="java.security.egd" value="file:///dev/urandom"/>
    <property name="os.version" value="3.10.0-957.12.2.el7.x86_64"/>
    <property name="java.endorsed.dirs" value="/usr/lib/jvm/java-1.8-openjdk/jre/lib/endorsed"/>
    <property name="java.runtime.name" value="OpenJDK Runtime Environment"/>
    <property name="file.encoding" value="UTF-8"/>
    <property name="java.vm.name" value="OpenJDK 64-Bit Server VM"/>
    <property name="test.build.webapps" value=""/>
    <property name="localRepository" value="/home/user/.m2/repository"/>
    <property name="java.vendor.url.bug" value="https://icedtea.classpath.org/bugzilla"/>
    <property name="java.io.tmpdir" value="/tmp"/>
    <property name="require.test.libhadoop" value=""/>
    <property name="java.version" value="1.8.0_212"/>
    <property name="user.dir" value="/workdir/hadoop-ozone/tools"/>
    <property name="os.arch" value="amd64"/>
    <property name="java.vm.specification.name" value="Java Virtual Machine Specification"/>
    <property name="test.build.classes" value="/workdir/hadoop-ozone/tools/target/test-classes"/>
    <property name="java.awt.printerjob" value="sun.print.PSPrinterJob"/>
    <property name="sun.os.patch.level" value="unknown"/>
    <property name="hadoop.tmp.dir" value="/workdir/hadoop-ozone/tools/target/tmp"/>
    <property name="java.library.path" value="/usr/lib/jvm/java-1.8-openjdk/jre/lib/amd64/server:/usr/lib/jvm/java-1.8-openjdk/jre/lib/amd64:/usr/lib/jvm/java-1.8-openjdk/jre/../lib/amd64:/workdir/hadoop-ozone/tools/target/native/target/usr/local/lib:/workdir/hadoop-ozone/tools/../../hadoop-common-project/hadoop-common/target/native/target/usr/local/lib:/usr/java/packages/lib/amd64:/usr/lib64:/lib64:/lib:/usr/lib"/>
    <property name="java.vm.info" value="mixed mode"/>
    <property name="java.vendor" value="IcedTea"/>
    <property name="java.vm.version" value="25.212-b04"/>
    <property name="java.ext.dirs" value="/usr/lib/jvm/java-1.8-openjdk/jre/lib/ext:/usr/java/packages/lib/ext"/>
    <property name="sun.io.unicode.encoding" value="UnicodeLittle"/>
    <property name="java.class.version" value="52.0"/>
  </properties>
  <testcase name="ratisTest3" classname="org.apache.hadoop.ozone.freon.TestRandomKeyGenerator" time="15.513"/>
  <testcase name="testThreadPoolSize" classname="org.apache.hadoop.ozone.freon.TestRandomKeyGenerator" time="5.054"/>
  <testcase name="defaultTest" classname="org.apache.hadoop.ozone.freon.TestRandomKeyGenerator" time="5.049"/>
  <testcase name="bigFileThan2GB" classname="org.apache.hadoop.ozone.freon.TestRandomKeyGenerator" time="93.169">
    <error message="Allocated 0 blocks. Requested 1 blocks" type="INTERNAL_ERROR org.apache.hadoop.ozone.om.exceptions.OMException">INTERNAL_ERROR org.apache.hadoop.ozone.om.exceptions.OMException: Allocated 0 blocks. Requested 1 blocks
	at org.apache.hadoop.ozone.om.protocolPB.OzoneManagerProtocolClientSideTranslatorPB.handleError(OzoneManagerProtocolClientSideTranslatorPB.java:726)
	at org.apache.hadoop.ozone.om.protocolPB.OzoneManagerProtocolClientSideTranslatorPB.allocateBlock(OzoneManagerProtocolClientSideTranslatorPB.java:758)
	at sun.reflect.GeneratedMethodAccessor475.invoke(Unknown Source)
	at sun.reflect.DelegatingMethodAccessorImpl.invoke(DelegatingMethodAccessorImpl.java:43)
	at java.lang.reflect.Method.invoke(Method.java:498)
	at org.apache.hadoop.hdds.tracing.TraceAllMethod.invoke(TraceAllMethod.java:66)
	at com.sun.proxy.$Proxy37.allocateBlock(Unknown Source)
	at org.apache.hadoop.ozone.client.io.BlockOutputStreamEntryPool.allocateNewBlock(BlockOutputStreamEntryPool.java:248)
	at org.apache.hadoop.ozone.client.io.BlockOutputStreamEntryPool.allocateBlockIfNeeded(BlockOutputStreamEntryPool.java:296)
	at org.apache.hadoop.ozone.client.io.KeyOutputStream.handleWrite(KeyOutputStream.java:201)
	at org.apache.hadoop.ozone.client.io.KeyOutputStream.write(KeyOutputStream.java:193)
	at org.apache.hadoop.ozone.client.io.OzoneOutputStream.write(OzoneOutputStream.java:49)
	at org.apache.hadoop.ozone.freon.RandomKeyGenerator.createKey(RandomKeyGenerator.java:708)
	at org.apache.hadoop.ozone.freon.RandomKeyGenerator.access$1100(RandomKeyGenerator.java:88)
	at org.apache.hadoop.ozone.freon.RandomKeyGenerator$ObjectCreator.run(RandomKeyGenerator.java:615)
	at java.util.concurrent.Executors$RunnableAdapter.call(Executors.java:511)
	at java.util.concurrent.FutureTask.run(FutureTask.java:266)
	at java.util.concurrent.ThreadPoolExecutor.runWorker(ThreadPoolExecutor.java:1149)
	at java.util.concurrent.ThreadPoolExecutor$Worker.run(ThreadPoolExecutor.java:624)
	at java.lang.Thread.run(Thread.java:748)
</error>
    <system-out><![CDATA[2019-09-16 23:34:42,122 [main] INFO  freon.RandomKeyGenerator (RandomKeyGenerator.java:call(283)) - Number of Threads: 1
2019-09-16 23:34:42,123 [main] INFO  freon.RandomKeyGenerator (RandomKeyGenerator.java:call(288)) - Number of Volumes: 1.
2019-09-16 23:34:42,123 [main] INFO  freon.RandomKeyGenerator (RandomKeyGenerator.java:call(289)) - Number of Buckets per Volume: 1.
2019-09-16 23:34:42,123 [main] INFO  freon.RandomKeyGenerator (RandomKeyGenerator.java:call(290)) - Number of Keys per Bucket: 1.
2019-09-16 23:34:42,123 [main] INFO  freon.RandomKeyGenerator (RandomKeyGenerator.java:call(291)) - Key size: 2147483657 bytes
2019-09-16 23:34:42,124 [main] INFO  freon.RandomKeyGenerator (RandomKeyGenerator.java:call(292)) - Buffer size: 4096 bytes
2019-09-16 23:34:42,124 [main] INFO  freon.RandomKeyGenerator (RandomKeyGenerator.java:call(293)) - validateWrites : true
2019-09-16 23:34:42,126 [main] INFO  freon.RandomKeyGenerator (RandomKeyGenerator.java:call(307)) - Data validation is enabled.
2019-09-16 23:34:42,126 [pool-277-thread-1] INFO  rpc.RpcClient (RpcClient.java:createVolume(302)) - Creating Volume: vol-0-98246, with jenkins1000 as owner.
2019-09-16 23:34:42,126 [main] INFO  freon.RandomKeyGenerator (RandomKeyGenerator.java:call(313)) - Starting progress bar Thread.

 0.00% |█                                                                                                    |  0/1 Time: 0:00:002019-09-16 23:34:42,133 [IPC Server handler 14 on 40134] INFO  volume.OMVolumeCreateRequest (OMVolumeCreateRequest.java:validateAndUpdateCache(189)) - created volume:vol-0-98246 for user:jenkins1000
2019-09-16 23:34:42,138 [pool-277-thread-1] INFO  rpc.RpcClient (RpcClient.java:createBucket(441)) - Creating Bucket: vol-0-98246/bucket-0-25469, with Versioning false and Storage Type set to DISK and Encryption set to false 
2019-09-16 23:34:42,263 [grpc-default-executor-0] INFO  client.GrpcClientProtocolClient (GrpcClientProtocolClient.java:onNext(264)) - client-C79DE3E06697->9c9c57da-14dc-454a-b374-789aa5e765a9: receive RaftClientReply:client-C79DE3E06697->9c9c57da-14dc-454a-b374-789aa5e765a9@group-B29EE812FB58, cid=600, FAILED org.apache.ratis.protocol.NotLeaderException: Server 9c9c57da-14dc-454a-b374-789aa5e765a9@group-B29EE812FB58 is not the leader 1d6da99a-ba9a-4d72-abd2-d0f1aa02f12f:192.168.151.68:40984, logIndex=0, commits[9c9c57da-14dc-454a-b374-789aa5e765a9:c722, 1d6da99a-ba9a-4d72-abd2-d0f1aa02f12f:c722, 9dc27687-2024-46ae-8b6e-c9027bfa400e:c722]
2019-09-16 23:34:42,334 [grpc-default-executor-0] INFO  client.GrpcClientProtocolClient (GrpcClientProtocolClient.java:onNext(264)) - client-C79DE3E06697->1d6da99a-ba9a-4d72-abd2-d0f1aa02f12f: receive RaftClientReply:client-C79DE3E06697->1d6da99a-ba9a-4d72-abd2-d0f1aa02f12f@group-B29EE812FB58, cid=600, SUCCESS, logIndex=723, commits[1d6da99a-ba9a-4d72-abd2-d0f1aa02f12f:c723, 9dc27687-2024-46ae-8b6e-c9027bfa400e:c722, 9c9c57da-14dc-454a-b374-789aa5e765a9:c722]
2019-09-16 23:34:42,361 [grpc-default-executor-7] INFO  client.GrpcClientProtocolClient (GrpcClientProtocolClient.java:onNext(264)) - client-C79DE3E06697->1d6da99a-ba9a-4d72-abd2-d0f1aa02f12f: receive RaftClientReply:client-C79DE3E06697->1d6da99a-ba9a-4d72-abd2-d0f1aa02f12f@group-B29EE812FB58, cid=601, SUCCESS, logIndex=725, commits[1d6da99a-ba9a-4d72-abd2-d0f1aa02f12f:c725, 9dc27687-2024-46ae-8b6e-c9027bfa400e:c723, 9c9c57da-14dc-454a-b374-789aa5e765a9:c723]
2019-09-16 23:34:42,371 [grpc-default-executor-7] INFO  client.GrpcClientProtocolClient (GrpcClientProtocolClient.java:onNext(264)) - client-C79DE3E06697->1d6da99a-ba9a-4d72-abd2-d0f1aa02f12f: receive RaftClientReply:client-C79DE3E06697->1d6da99a-ba9a-4d72-abd2-d0f1aa02f12f@group-B29EE812FB58, cid=602, SUCCESS, logIndex=726, commits[1d6da99a-ba9a-4d72-abd2-d0f1aa02f12f:c727, 9dc27687-2024-46ae-8b6e-c9027bfa400e:c725, 9c9c57da-14dc-454a-b374-789aa5e765a9:c724]
2019-09-16 23:34:42,371 [grpc-default-executor-7] INFO  client.GrpcClientProtocolClient (GrpcClientProtocolClient.java:onNext(264)) - client-C79DE3E06697->1d6da99a-ba9a-4d72-abd2-d0f1aa02f12f: receive RaftClientReply:client-C79DE3E06697->1d6da99a-ba9a-4d72-abd2-d0f1aa02f12f@group-B29EE812FB58, cid=603, SUCCESS, logIndex=727, commits[1d6da99a-ba9a-4d72-abd2-d0f1aa02f12f:c728, 9dc27687-2024-46ae-8b6e-c9027bfa400e:c725, 9c9c57da-14dc-454a-b374-789aa5e765a9:c725]
2019-09-16 23:34:42,405 [grpc-default-executor-7] INFO  client.GrpcClientProtocolClient (GrpcClientProtocolClient.java:onNext(264)) - client-C79DE3E06697->1d6da99a-ba9a-4d72-abd2-d0f1aa02f12f: receive RaftClientReply:client-C79DE3E06697->1d6da99a-ba9a-4d72-abd2-d0f1aa02f12f@group-B29EE812FB58, cid=604, SUCCESS, logIndex=731, commits[1d6da99a-ba9a-4d72-abd2-d0f1aa02f12f:c732, 9dc27687-2024-46ae-8b6e-c9027bfa400e:c730, 9c9c57da-14dc-454a-b374-789aa5e765a9:c730]
2019-09-16 23:34:42,408 [grpc-default-executor-7] INFO  client.GrpcClientProtocolClient (GrpcClientProtocolClient.java:onNext(264)) - client-C79DE3E06697->1d6da99a-ba9a-4d72-abd2-d0f1aa02f12f: receive RaftClientReply:client-C79DE3E06697->1d6da99a-ba9a-4d72-abd2-d0f1aa02f12f@group-B29EE812FB58, cid=605, SUCCESS, logIndex=732, commits[1d6da99a-ba9a-4d72-abd2-d0f1aa02f12f:c732, 9dc27687-2024-46ae-8b6e-c9027bfa400e:c730, 9c9c57da-14dc-454a-b374-789aa5e765a9:c730]
2019-09-16 23:34:42,438 [grpc-default-executor-7] INFO  client.GrpcClientProtocolClient (GrpcClientProtocolClient.java:onNext(264)) - client-C79DE3E06697->1d6da99a-ba9a-4d72-abd2-d0f1aa02f12f: receive RaftClientReply:client-C79DE3E06697->1d6da99a-ba9a-4d72-abd2-d0f1aa02f12f@group-B29EE812FB58, cid=606, SUCCESS, logIndex=735, commits[1d6da99a-ba9a-4d72-abd2-d0f1aa02f12f:c736, 9dc27687-2024-46ae-8b6e-c9027bfa400e:c734, 9c9c57da-14dc-454a-b374-789aa5e765a9:c734]
2019-09-16 23:34:42,440 [grpc-default-executor-7] INFO  client.GrpcClientProtocolClient (GrpcClientProtocolClient.java:onNext(264)) - client-C79DE3E06697->1d6da99a-ba9a-4d72-abd2-d0f1aa02f12f: receive RaftClientReply:client-C79DE3E06697->1d6da99a-ba9a-4d72-abd2-d0f1aa02f12f@group-B29EE812FB58, cid=607, SUCCESS, logIndex=736, commits[1d6da99a-ba9a-4d72-abd2-d0f1aa02f12f:c736, 9dc27687-2024-46ae-8b6e-c9027bfa400e:c734, 9c9c57da-14dc-454a-b374-789aa5e765a9:c734]
2019-09-16 23:34:42,445 [grpc-default-executor-7] INFO  client.GrpcClientProtocolClient (GrpcClientProtocolClient.java:onNext(264)) - client-C79DE3E06697->1d6da99a-ba9a-4d72-abd2-d0f1aa02f12f: receive RaftClientReply:client-C79DE3E06697->1d6da99a-ba9a-4d72-abd2-d0f1aa02f12f@group-B29EE812FB58, cid=608, SUCCESS, logIndex=0, commits[1d6da99a-ba9a-4d72-abd2-d0f1aa02f12f:c738, 9dc27687-2024-46ae-8b6e-c9027bfa400e:c736, 9c9c57da-14dc-454a-b374-789aa5e765a9:c736]
2019-09-16 23:34:42,477 [grpc-default-executor-0] INFO  client.GrpcClientProtocolClient (GrpcClientProtocolClient.java:onNext(264)) - client-C79DE3E06697->1d6da99a-ba9a-4d72-abd2-d0f1aa02f12f: receive RaftClientReply:client-C79DE3E06697->1d6da99a-ba9a-4d72-abd2-d0f1aa02f12f@group-B29EE812FB58, cid=609, SUCCESS, logIndex=739, commits[1d6da99a-ba9a-4d72-abd2-d0f1aa02f12f:c740, 9dc27687-2024-46ae-8b6e-c9027bfa400e:c738, 9c9c57da-14dc-454a-b374-789aa5e765a9:c738]
2019-09-16 23:34:42,478 [grpc-default-executor-0] INFO  client.GrpcClientProtocolClient (GrpcClientProtocolClient.java:onNext(264)) - client-C79DE3E06697->1d6da99a-ba9a-4d72-abd2-d0f1aa02f12f: receive RaftClientReply:client-C79DE3E06697->1d6da99a-ba9a-4d72-abd2-d0f1aa02f12f@group-B29EE812FB58, cid=610, SUCCESS, logIndex=740, commits[1d6da99a-ba9a-4d72-abd2-d0f1aa02f12f:c740, 9dc27687-2024-46ae-8b6e-c9027bfa400e:c738, 9c9c57da-14dc-454a-b374-789aa5e765a9:c738]
2019-09-16 23:34:42,487 [grpc-default-executor-7] INFO  client.GrpcClientProtocolClient (GrpcClientProtocolClient.java:onNext(264)) - client-C79DE3E06697->1d6da99a-ba9a-4d72-abd2-d0f1aa02f12f: receive RaftClientReply:client-C79DE3E06697->1d6da99a-ba9a-4d72-abd2-d0f1aa02f12f@group-B29EE812FB58, cid=611, SUCCESS, logIndex=741, commits[1d6da99a-ba9a-4d72-abd2-d0f1aa02f12f:c744, 9dc27687-2024-46ae-8b6e-c9027bfa400e:c740, 9c9c57da-14dc-454a-b374-789aa5e765a9:c738]
2019-09-16 23:34:42,488 [grpc-default-executor-0] INFO  client.GrpcClientProtocolClient (GrpcClientProtocolClient.java:onNext(264)) - client-C79DE3E06697->1d6da99a-ba9a-4d72-abd2-d0f1aa02f12f: receive RaftClientReply:client-C79DE3E06697->1d6da99a-ba9a-4d72-abd2-d0f1aa02f12f@group-B29EE812FB58, cid=612, SUCCESS, logIndex=742, commits[1d6da99a-ba9a-4d72-abd2-d0f1aa02f12f:c744, 9dc27687-2024-46ae-8b6e-c9027bfa400e:c740, 9c9c57da-14dc-454a-b374-789aa5e765a9:c738]
2019-09-16 23:34:42,489 [grpc-default-executor-0] INFO  client.GrpcClientProtocolClient (GrpcClientProtocolClient.java:onNext(264)) - client-C79DE3E06697->1d6da99a-ba9a-4d72-abd2-d0f1aa02f12f: receive RaftClientReply:client-C79DE3E06697->1d6da99a-ba9a-4d72-abd2-d0f1aa02f12f@group-B29EE812FB58, cid=613, SUCCESS, logIndex=0, commits[1d6da99a-ba9a-4d72-abd2-d0f1aa02f12f:c746, 9dc27687-2024-46ae-8b6e-c9027bfa400e:c742, 9c9c57da-14dc-454a-b374-789aa5e765a9:c742]
2019-09-16 23:34:42,510 [grpc-default-executor-0] INFO  client.GrpcClientProtocolClient (GrpcClientProtocolClient.java:onNext(264)) - client-C79DE3E06697->1d6da99a-ba9a-4d72-abd2-d0f1aa02f12f: receive RaftClientReply:client-C79DE3E06697->1d6da99a-ba9a-4d72-abd2-d0f1aa02f12f@group-B29EE812FB58, cid=614, SUCCESS, logIndex=747, commits[1d6da99a-ba9a-4d72-abd2-d0f1aa02f12f:c748, 9dc27687-2024-46ae-8b6e-c9027bfa400e:c746, 9c9c57da-14dc-454a-b374-789aa5e765a9:c746]
2019-09-16 23:34:42,510 [grpc-default-executor-0] INFO  client.GrpcClientProtocolClient (GrpcClientProtocolClient.java:onNext(264)) - client-C79DE3E06697->1d6da99a-ba9a-4d72-abd2-d0f1aa02f12f: receive RaftClientReply:client-C79DE3E06697->1d6da99a-ba9a-4d72-abd2-d0f1aa02f12f@group-B29EE812FB58, cid=615, SUCCESS, logIndex=748, commits[1d6da99a-ba9a-4d72-abd2-d0f1aa02f12f:c748, 9dc27687-2024-46ae-8b6e-c9027bfa400e:c746, 9c9c57da-14dc-454a-b374-789aa5e765a9:c746]
2019-09-16 23:34:42,531 [grpc-default-executor-7] INFO  client.GrpcClientProtocolClient (GrpcClientProtocolClient.java:onNext(264)) - client-C79DE3E06697->1d6da99a-ba9a-4d72-abd2-d0f1aa02f12f: receive RaftClientReply:client-C79DE3E06697->1d6da99a-ba9a-4d72-abd2-d0f1aa02f12f@group-B29EE812FB58, cid=616, SUCCESS, logIndex=751, commits[1d6da99a-ba9a-4d72-abd2-d0f1aa02f12f:c752, 9dc27687-2024-46ae-8b6e-c9027bfa400e:c748, 9c9c57da-14dc-454a-b374-789aa5e765a9:c750]
2019-09-16 23:34:42,532 [grpc-default-executor-7] INFO  client.GrpcClientProtocolClient (GrpcClientProtocolClient.java:onNext(264)) - client-C79DE3E06697->1d6da99a-ba9a-4d72-abd2-d0f1aa02f12f: receive RaftClientReply:client-C79DE3E06697->1d6da99a-ba9a-4d72-abd2-d0f1aa02f12f@group-B29EE812FB58, cid=617, SUCCESS, logIndex=752, commits[1d6da99a-ba9a-4d72-abd2-d0f1aa02f12f:c752, 9dc27687-2024-46ae-8b6e-c9027bfa400e:c748, 9c9c57da-14dc-454a-b374-789aa5e765a9:c750]
2019-09-16 23:34:42,534 [grpc-default-executor-0] INFO  client.GrpcClientProtocolClient (GrpcClientProtocolClient.java:onNext(264)) - client-C79DE3E06697->1d6da99a-ba9a-4d72-abd2-d0f1aa02f12f: receive RaftClientReply:client-C79DE3E06697->1d6da99a-ba9a-4d72-abd2-d0f1aa02f12f@group-B29EE812FB58, cid=618, SUCCESS, logIndex=0, commits[1d6da99a-ba9a-4d72-abd2-d0f1aa02f12f:c753, 9dc27687-2024-46ae-8b6e-c9027bfa400e:c752, 9c9c57da-14dc-454a-b374-789aa5e765a9:c752]
2019-09-16 23:34:42,831 [grpc-default-executor-7] INFO  client.GrpcClientProtocolClient (GrpcClientProtocolClient.java:onNext(264)) - client-C79DE3E06697->1d6da99a-ba9a-4d72-abd2-d0f1aa02f12f: receive RaftClientReply:client-C79DE3E06697->1d6da99a-ba9a-4d72-abd2-d0f1aa02f12f@group-B29EE812FB58, cid=619, SUCCESS, logIndex=755, commits[1d6da99a-ba9a-4d72-abd2-d0f1aa02f12f:c756, 9dc27687-2024-46ae-8b6e-c9027bfa400e:c752, 9c9c57da-14dc-454a-b374-789aa5e765a9:c754]
2019-09-16 23:34:42,832 [grpc-default-executor-7] INFO  client.GrpcClientProtocolClient (GrpcClientProtocolClient.java:onNext(264)) - client-C79DE3E06697->1d6da99a-ba9a-4d72-abd2-d0f1aa02f12f: receive RaftClientReply:client-C79DE3E06697->1d6da99a-ba9a-4d72-abd2-d0f1aa02f12f@group-B29EE812FB58, cid=620, SUCCESS, logIndex=756, commits[1d6da99a-ba9a-4d72-abd2-d0f1aa02f12f:c756, 9dc27687-2024-46ae-8b6e-c9027bfa400e:c752, 9c9c57da-14dc-454a-b374-789aa5e765a9:c754]
2019-09-16 23:34:42,834 [grpc-default-executor-1] INFO  client.GrpcClientProtocolClient (GrpcClientProtocolClient.java:onNext(264)) - client-C79DE3E06697->1d6da99a-ba9a-4d72-abd2-d0f1aa02f12f: receive RaftClientReply:client-C79DE3E06697->1d6da99a-ba9a-4d72-abd2-d0f1aa02f12f@group-B29EE812FB58, cid=621, SUCCESS, logIndex=757, commits[1d6da99a-ba9a-4d72-abd2-d0f1aa02f12f:c758, 9dc27687-2024-46ae-8b6e-c9027bfa400e:c754, 9c9c57da-14dc-454a-b374-789aa5e765a9:c754]
2019-09-16 23:34:42,840 [grpc-default-executor-1] INFO  client.GrpcClientProtocolClient (GrpcClientProtocolClient.java:onNext(264)) - client-C79DE3E06697->1d6da99a-ba9a-4d72-abd2-d0f1aa02f12f: receive RaftClientReply:client-C79DE3E06697->1d6da99a-ba9a-4d72-abd2-d0f1aa02f12f@group-B29EE812FB58, cid=622, SUCCESS, logIndex=758, commits[1d6da99a-ba9a-4d72-abd2-d0f1aa02f12f:c758, 9dc27687-2024-46ae-8b6e-c9027bfa400e:c754, 9c9c57da-14dc-454a-b374-789aa5e765a9:c754]
2019-09-16 23:34:42,849 [grpc-default-executor-1] INFO  client.GrpcClientProtocolClient (GrpcClientProtocolClient.java:onNext(264)) - client-C79DE3E06697->1d6da99a-ba9a-4d72-abd2-d0f1aa02f12f: receive RaftClientReply:client-C79DE3E06697->1d6da99a-ba9a-4d72-abd2-d0f1aa02f12f@group-B29EE812FB58, cid=623, SUCCESS, logIndex=0, commits[1d6da99a-ba9a-4d72-abd2-d0f1aa02f12f:c760, 9dc27687-2024-46ae-8b6e-c9027bfa400e:c756, 9c9c57da-14dc-454a-b374-789aa5e765a9:c756]
2019-09-16 23:34:42,881 [grpc-default-executor-1] INFO  client.GrpcClientProtocolClient (GrpcClientProtocolClient.java:onNext(264)) - client-C79DE3E06697->1d6da99a-ba9a-4d72-abd2-d0f1aa02f12f: receive RaftClientReply:client-C79DE3E06697->1d6da99a-ba9a-4d72-abd2-d0f1aa02f12f@group-B29EE812FB58, cid=624, SUCCESS, logIndex=763, commits[1d6da99a-ba9a-4d72-abd2-d0f1aa02f12f:c764, 9dc27687-2024-46ae-8b6e-c9027bfa400e:c760, 9c9c57da-14dc-454a-b374-789aa5e765a9:c758]
2019-09-16 23:34:42,881 [grpc-default-executor-1] INFO  client.GrpcClientProtocolClient (GrpcClientProtocolClient.java:onNext(264)) - client-C79DE3E06697->1d6da99a-ba9a-4d72-abd2-d0f1aa02f12f: receive RaftClientReply:client-C79DE3E06697->1d6da99a-ba9a-4d72-abd2-d0f1aa02f12f@group-B29EE812FB58, cid=625, SUCCESS, logIndex=764, commits[1d6da99a-ba9a-4d72-abd2-d0f1aa02f12f:c764, 9dc27687-2024-46ae-8b6e-c9027bfa400e:c760, 9c9c57da-14dc-454a-b374-789aa5e765a9:c760]
2019-09-16 23:34:42,904 [grpc-default-executor-0] INFO  client.GrpcClientProtocolClient (GrpcClientProtocolClient.java:onNext(264)) - client-C79DE3E06697->1d6da99a-ba9a-4d72-abd2-d0f1aa02f12f: receive RaftClientReply:client-C79DE3E06697->1d6da99a-ba9a-4d72-abd2-d0f1aa02f12f@group-B29EE812FB58, cid=626, SUCCESS, logIndex=767, commits[1d6da99a-ba9a-4d72-abd2-d0f1aa02f12f:c768, 9dc27687-2024-46ae-8b6e-c9027bfa400e:c764, 9c9c57da-14dc-454a-b374-789aa5e765a9:c764]
2019-09-16 23:34:42,904 [grpc-default-executor-0] INFO  client.GrpcClientProtocolClient (GrpcClientProtocolClient.java:onNext(264)) - client-C79DE3E06697->1d6da99a-ba9a-4d72-abd2-d0f1aa02f12f: receive RaftClientReply:client-C79DE3E06697->1d6da99a-ba9a-4d72-abd2-d0f1aa02f12f@group-B29EE812FB58, cid=627, SUCCESS, logIndex=768, commits[1d6da99a-ba9a-4d72-abd2-d0f1aa02f12f:c768, 9dc27687-2024-46ae-8b6e-c9027bfa400e:c764, 9c9c57da-14dc-454a-b374-789aa5e765a9:c764]
2019-09-16 23:34:42,907 [grpc-default-executor-1] INFO  client.GrpcClientProtocolClient (GrpcClientProtocolClient.java:onNext(264)) - client-C79DE3E06697->1d6da99a-ba9a-4d72-abd2-d0f1aa02f12f: receive RaftClientReply:client-C79DE3E06697->1d6da99a-ba9a-4d72-abd2-d0f1aa02f12f@group-B29EE812FB58, cid=628, SUCCESS, logIndex=0, commits[1d6da99a-ba9a-4d72-abd2-d0f1aa02f12f:c769, 9dc27687-2024-46ae-8b6e-c9027bfa400e:c768, 9c9c57da-14dc-454a-b374-789aa5e765a9:c768]
2019-09-16 23:34:42,932 [grpc-default-executor-1] INFO  client.GrpcClientProtocolClient (GrpcClientProtocolClient.java:onNext(264)) - client-C79DE3E06697->1d6da99a-ba9a-4d72-abd2-d0f1aa02f12f: receive RaftClientReply:client-C79DE3E06697->1d6da99a-ba9a-4d72-abd2-d0f1aa02f12f@group-B29EE812FB58, cid=629, SUCCESS, logIndex=771, commits[1d6da99a-ba9a-4d72-abd2-d0f1aa02f12f:c772, 9dc27687-2024-46ae-8b6e-c9027bfa400e:c770, 9c9c57da-14dc-454a-b374-789aa5e765a9:c768]
2019-09-16 23:34:42,934 [grpc-default-executor-1] INFO  client.GrpcClientProtocolClient (GrpcClientProtocolClient.java:onNext(264)) - client-C79DE3E06697->1d6da99a-ba9a-4d72-abd2-d0f1aa02f12f: receive RaftClientReply:client-C79DE3E06697->1d6da99a-ba9a-4d72-abd2-d0f1aa02f12f@group-B29EE812FB58, cid=630, SUCCESS, logIndex=772, commits[1d6da99a-ba9a-4d72-abd2-d0f1aa02f12f:c774, 9dc27687-2024-46ae-8b6e-c9027bfa400e:c770, 9c9c57da-14dc-454a-b374-789aa5e765a9:c770]
2019-09-16 23:34:42,934 [grpc-default-executor-1] INFO  client.GrpcClientProtocolClient (GrpcClientProtocolClient.java:onNext(264)) - client-C79DE3E06697->1d6da99a-ba9a-4d72-abd2-d0f1aa02f12f: receive RaftClientReply:client-C79DE3E06697->1d6da99a-ba9a-4d72-abd2-d0f1aa02f12f@group-B29EE812FB58, cid=631, SUCCESS, logIndex=773, commits[1d6da99a-ba9a-4d72-abd2-d0f1aa02f12f:c774, 9dc27687-2024-46ae-8b6e-c9027bfa400e:c770, 9c9c57da-14dc-454a-b374-789aa5e765a9:c770]
2019-09-16 23:34:42,934 [grpc-default-executor-1] INFO  client.GrpcClientProtocolClient (GrpcClientProtocolClient.java:onNext(264)) - client-C79DE3E06697->1d6da99a-ba9a-4d72-abd2-d0f1aa02f12f: receive RaftClientReply:client-C79DE3E06697->1d6da99a-ba9a-4d72-abd2-d0f1aa02f12f@group-B29EE812FB58, cid=632, SUCCESS, logIndex=774, commits[1d6da99a-ba9a-4d72-abd2-d0f1aa02f12f:c774, 9dc27687-2024-46ae-8b6e-c9027bfa400e:c770, 9c9c57da-14dc-454a-b374-789aa5e765a9:c770]
2019-09-16 23:34:42,936 [grpc-default-executor-1] INFO  client.GrpcClientProtocolClient (GrpcClientProtocolClient.java:onNext(264)) - client-C79DE3E06697->1d6da99a-ba9a-4d72-abd2-d0f1aa02f12f: receive RaftClientReply:client-C79DE3E06697->1d6da99a-ba9a-4d72-abd2-d0f1aa02f12f@group-B29EE812FB58, cid=633, SUCCESS, logIndex=0, commits[1d6da99a-ba9a-4d72-abd2-d0f1aa02f12f:c775, 9dc27687-2024-46ae-8b6e-c9027bfa400e:c772, 9c9c57da-14dc-454a-b374-789aa5e765a9:c772]
2019-09-16 23:34:42,959 [grpc-default-executor-1] INFO  client.GrpcClientProtocolClient (GrpcClientProtocolClient.java:onNext(264)) - client-C79DE3E06697->1d6da99a-ba9a-4d72-abd2-d0f1aa02f12f: receive RaftClientReply:client-C79DE3E06697->1d6da99a-ba9a-4d72-abd2-d0f1aa02f12f@group-B29EE812FB58, cid=634, SUCCESS, logIndex=779, commits[1d6da99a-ba9a-4d72-abd2-d0f1aa02f12f:c780, 9dc27687-2024-46ae-8b6e-c9027bfa400e:c775, 9c9c57da-14dc-454a-b374-789aa5e765a9:c774]
2019-09-16 23:34:42,959 [grpc-default-executor-1] INFO  client.GrpcClientProtocolClient (GrpcClientProtocolClient.java:onNext(264)) - client-C79DE3E06697->1d6da99a-ba9a-4d72-abd2-d0f1aa02f12f: receive RaftClientReply:client-C79DE3E06697->1d6da99a-ba9a-4d72-abd2-d0f1aa02f12f@group-B29EE812FB58, cid=635, SUCCESS, logIndex=780, commits[1d6da99a-ba9a-4d72-abd2-d0f1aa02f12f:c780, 9dc27687-2024-46ae-8b6e-c9027bfa400e:c775, 9c9c57da-14dc-454a-b374-789aa5e765a9:c775]
2019-09-16 23:34:42,985 [grpc-default-executor-0] INFO  client.GrpcClientProtocolClient (GrpcClientProtocolClient.java:onNext(264)) - client-C79DE3E06697->1d6da99a-ba9a-4d72-abd2-d0f1aa02f12f: receive RaftClientReply:client-C79DE3E06697->1d6da99a-ba9a-4d72-abd2-d0f1aa02f12f@group-B29EE812FB58, cid=636, SUCCESS, logIndex=783, commits[1d6da99a-ba9a-4d72-abd2-d0f1aa02f12f:c784, 9dc27687-2024-46ae-8b6e-c9027bfa400e:c780, 9c9c57da-14dc-454a-b374-789aa5e765a9:c780]
2019-09-16 23:34:42,985 [grpc-default-executor-0] INFO  client.GrpcClientProtocolClient (GrpcClientProtocolClient.java:onNext(264)) - client-C79DE3E06697->1d6da99a-ba9a-4d72-abd2-d0f1aa02f12f: receive RaftClientReply:client-C79DE3E06697->1d6da99a-ba9a-4d72-abd2-d0f1aa02f12f@group-B29EE812FB58, cid=637, SUCCESS, logIndex=784, commits[1d6da99a-ba9a-4d72-abd2-d0f1aa02f12f:c784, 9dc27687-2024-46ae-8b6e-c9027bfa400e:c780, 9c9c57da-14dc-454a-b374-789aa5e765a9:c780]
2019-09-16 23:34:42,989 [grpc-default-executor-0] INFO  client.GrpcClientProtocolClient (GrpcClientProtocolClient.java:onNext(264)) - client-C79DE3E06697->1d6da99a-ba9a-4d72-abd2-d0f1aa02f12f: receive RaftClientReply:client-C79DE3E06697->1d6da99a-ba9a-4d72-abd2-d0f1aa02f12f@group-B29EE812FB58, cid=638, SUCCESS, logIndex=0, commits[1d6da99a-ba9a-4d72-abd2-d0f1aa02f12f:c785, 9dc27687-2024-46ae-8b6e-c9027bfa400e:c784, 9c9c57da-14dc-454a-b374-789aa5e765a9:c784]
2019-09-16 23:34:43,012 [grpc-default-executor-1] INFO  client.GrpcClientProtocolClient (GrpcClientProtocolClient.java:onNext(264)) - client-C79DE3E06697->1d6da99a-ba9a-4d72-abd2-d0f1aa02f12f: receive RaftClientReply:client-C79DE3E06697->1d6da99a-ba9a-4d72-abd2-d0f1aa02f12f@group-B29EE812FB58, cid=639, SUCCESS, logIndex=787, commits[1d6da99a-ba9a-4d72-abd2-d0f1aa02f12f:c788, 9dc27687-2024-46ae-8b6e-c9027bfa400e:c786, 9c9c57da-14dc-454a-b374-789aa5e765a9:c786]
2019-09-16 23:34:43,013 [grpc-default-executor-1] INFO  client.GrpcClientProtocolClient (GrpcClientProtocolClient.java:onNext(264)) - client-C79DE3E06697->1d6da99a-ba9a-4d72-abd2-d0f1aa02f12f: receive RaftClientReply:client-C79DE3E06697->1d6da99a-ba9a-4d72-abd2-d0f1aa02f12f@group-B29EE812FB58, cid=640, SUCCESS, logIndex=788, commits[1d6da99a-ba9a-4d72-abd2-d0f1aa02f12f:c788, 9dc27687-2024-46ae-8b6e-c9027bfa400e:c786, 9c9c57da-14dc-454a-b374-789aa5e765a9:c786]
2019-09-16 23:34:43,015 [grpc-default-executor-6] INFO  client.GrpcClientProtocolClient (GrpcClientProtocolClient.java:onNext(264)) - client-C79DE3E06697->1d6da99a-ba9a-4d72-abd2-d0f1aa02f12f: receive RaftClientReply:client-C79DE3E06697->1d6da99a-ba9a-4d72-abd2-d0f1aa02f12f@group-B29EE812FB58, cid=641, SUCCESS, logIndex=789, commits[1d6da99a-ba9a-4d72-abd2-d0f1aa02f12f:c790, 9dc27687-2024-46ae-8b6e-c9027bfa400e:c786, 9c9c57da-14dc-454a-b374-789aa5e765a9:c786]
2019-09-16 23:34:43,015 [grpc-default-executor-6] INFO  client.GrpcClientProtocolClient (GrpcClientProtocolClient.java:onNext(264)) - client-C79DE3E06697->1d6da99a-ba9a-4d72-abd2-d0f1aa02f12f: receive RaftClientReply:client-C79DE3E06697->1d6da99a-ba9a-4d72-abd2-d0f1aa02f12f@group-B29EE812FB58, cid=642, SUCCESS, logIndex=790, commits[1d6da99a-ba9a-4d72-abd2-d0f1aa02f12f:c790, 9dc27687-2024-46ae-8b6e-c9027bfa400e:c786, 9c9c57da-14dc-454a-b374-789aa5e765a9:c786]
2019-09-16 23:34:43,027 [grpc-default-executor-1] INFO  client.GrpcClientProtocolClient (GrpcClientProtocolClient.java:onNext(264)) - client-C79DE3E06697->1d6da99a-ba9a-4d72-abd2-d0f1aa02f12f: receive RaftClientReply:client-C79DE3E06697->1d6da99a-ba9a-4d72-abd2-d0f1aa02f12f@group-B29EE812FB58, cid=643, SUCCESS, logIndex=0, commits[1d6da99a-ba9a-4d72-abd2-d0f1aa02f12f:c792, 9dc27687-2024-46ae-8b6e-c9027bfa400e:c788, 9c9c57da-14dc-454a-b374-789aa5e765a9:c788]
2019-09-16 23:34:43,041 [grpc-default-executor-1] INFO  client.GrpcClientProtocolClient (GrpcClientProtocolClient.java:onNext(264)) - client-C79DE3E06697->1d6da99a-ba9a-4d72-abd2-d0f1aa02f12f: receive RaftClientReply:client-C79DE3E06697->1d6da99a-ba9a-4d72-abd2-d0f1aa02f12f@group-B29EE812FB58, cid=644, SUCCESS, logIndex=795, commits[1d6da99a-ba9a-4d72-abd2-d0f1aa02f12f:c796, 9dc27687-2024-46ae-8b6e-c9027bfa400e:c794, 9c9c57da-14dc-454a-b374-789aa5e765a9:c794]
2019-09-16 23:34:43,042 [grpc-default-executor-1] INFO  client.GrpcClientProtocolClient (GrpcClientProtocolClient.java:onNext(264)) - client-C79DE3E06697->1d6da99a-ba9a-4d72-abd2-d0f1aa02f12f: receive RaftClientReply:client-C79DE3E06697->1d6da99a-ba9a-4d72-abd2-d0f1aa02f12f@group-B29EE812FB58, cid=645, SUCCESS, logIndex=796, commits[1d6da99a-ba9a-4d72-abd2-d0f1aa02f12f:c796, 9dc27687-2024-46ae-8b6e-c9027bfa400e:c794, 9c9c57da-14dc-454a-b374-789aa5e765a9:c794]
2019-09-16 23:34:43,060 [grpc-default-executor-6] INFO  client.GrpcClientProtocolClient (GrpcClientProtocolClient.java:onNext(264)) - client-C79DE3E06697->1d6da99a-ba9a-4d72-abd2-d0f1aa02f12f: receive RaftClientReply:client-C79DE3E06697->1d6da99a-ba9a-4d72-abd2-d0f1aa02f12f@group-B29EE812FB58, cid=646, SUCCESS, logIndex=799, commits[1d6da99a-ba9a-4d72-abd2-d0f1aa02f12f:c800, 9dc27687-2024-46ae-8b6e-c9027bfa400e:c798, 9c9c57da-14dc-454a-b374-789aa5e765a9:c798]
2019-09-16 23:34:43,061 [grpc-default-executor-6] INFO  client.GrpcClientProtocolClient (GrpcClientProtocolClient.java:onNext(264)) - client-C79DE3E06697->1d6da99a-ba9a-4d72-abd2-d0f1aa02f12f: receive RaftClientReply:client-C79DE3E06697->1d6da99a-ba9a-4d72-abd2-d0f1aa02f12f@group-B29EE812FB58, cid=647, SUCCESS, logIndex=800, commits[1d6da99a-ba9a-4d72-abd2-d0f1aa02f12f:c800, 9dc27687-2024-46ae-8b6e-c9027bfa400e:c798, 9c9c57da-14dc-454a-b374-789aa5e765a9:c798]
2019-09-16 23:34:43,063 [grpc-default-executor-6] INFO  client.GrpcClientProtocolClient (GrpcClientProtocolClient.java:onNext(264)) - client-C79DE3E06697->1d6da99a-ba9a-4d72-abd2-d0f1aa02f12f: receive RaftClientReply:client-C79DE3E06697->1d6da99a-ba9a-4d72-abd2-d0f1aa02f12f@group-B29EE812FB58, cid=648, SUCCESS, logIndex=0, commits[1d6da99a-ba9a-4d72-abd2-d0f1aa02f12f:c801, 9dc27687-2024-46ae-8b6e-c9027bfa400e:c800, 9c9c57da-14dc-454a-b374-789aa5e765a9:c800]
2019-09-16 23:34:43,078 [grpc-default-executor-0] INFO  client.GrpcClientProtocolClient (GrpcClientProtocolClient.java:onNext(264)) - client-C79DE3E06697->1d6da99a-ba9a-4d72-abd2-d0f1aa02f12f: receive RaftClientReply:client-C79DE3E06697->1d6da99a-ba9a-4d72-abd2-d0f1aa02f12f@group-B29EE812FB58, cid=649, SUCCESS, logIndex=803, commits[1d6da99a-ba9a-4d72-abd2-d0f1aa02f12f:c803, 9dc27687-2024-46ae-8b6e-c9027bfa400e:c800, 9c9c57da-14dc-454a-b374-789aa5e765a9:c802]
2019-09-16 23:34:43,079 [grpc-default-executor-0] INFO  client.GrpcClientProtocolClient (GrpcClientProtocolClient.java:onNext(264)) - client-C79DE3E06697->1d6da99a-ba9a-4d72-abd2-d0f1aa02f12f: receive RaftClientReply:client-C79DE3E06697->1d6da99a-ba9a-4d72-abd2-d0f1aa02f12f@group-B29EE812FB58, cid=650, SUCCESS, logIndex=804, commits[1d6da99a-ba9a-4d72-abd2-d0f1aa02f12f:c804, 9dc27687-2024-46ae-8b6e-c9027bfa400e:c800, 9c9c57da-14dc-454a-b374-789aa5e765a9:c802]
2019-09-16 23:34:43,094 [grpc-default-executor-0] INFO  client.GrpcClientProtocolClient (GrpcClientProtocolClient.java:onNext(264)) - client-C79DE3E06697->1d6da99a-ba9a-4d72-abd2-d0f1aa02f12f: receive RaftClientReply:client-C79DE3E06697->1d6da99a-ba9a-4d72-abd2-d0f1aa02f12f@group-B29EE812FB58, cid=651, SUCCESS, logIndex=805, commits[1d6da99a-ba9a-4d72-abd2-d0f1aa02f12f:c808, 9dc27687-2024-46ae-8b6e-c9027bfa400e:c802, 9c9c57da-14dc-454a-b374-789aa5e765a9:c804]
2019-09-16 23:34:43,094 [grpc-default-executor-0] INFO  client.GrpcClientProtocolClient (GrpcClientProtocolClient.java:onNext(264)) - client-C79DE3E06697->1d6da99a-ba9a-4d72-abd2-d0f1aa02f12f: receive RaftClientReply:client-C79DE3E06697->1d6da99a-ba9a-4d72-abd2-d0f1aa02f12f@group-B29EE812FB58, cid=652, SUCCESS, logIndex=806, commits[1d6da99a-ba9a-4d72-abd2-d0f1aa02f12f:c808, 9dc27687-2024-46ae-8b6e-c9027bfa400e:c804, 9c9c57da-14dc-454a-b374-789aa5e765a9:c804]
2019-09-16 23:34:43,118 [grpc-default-executor-0] INFO  client.GrpcClientProtocolClient (GrpcClientProtocolClient.java:onNext(264)) - client-C79DE3E06697->1d6da99a-ba9a-4d72-abd2-d0f1aa02f12f: receive RaftClientReply:client-C79DE3E06697->1d6da99a-ba9a-4d72-abd2-d0f1aa02f12f@group-B29EE812FB58, cid=653, SUCCESS, logIndex=811, commits[1d6da99a-ba9a-4d72-abd2-d0f1aa02f12f:c812, 9dc27687-2024-46ae-8b6e-c9027bfa400e:c810, 9c9c57da-14dc-454a-b374-789aa5e765a9:c810]
2019-09-16 23:34:43,118 [grpc-default-executor-0] INFO  client.GrpcClientProtocolClient (GrpcClientProtocolClient.java:onNext(264)) - client-C79DE3E06697->1d6da99a-ba9a-4d72-abd2-d0f1aa02f12f: receive RaftClientReply:client-C79DE3E06697->1d6da99a-ba9a-4d72-abd2-d0f1aa02f12f@group-B29EE812FB58, cid=654, SUCCESS, logIndex=812, commits[1d6da99a-ba9a-4d72-abd2-d0f1aa02f12f:c812, 9dc27687-2024-46ae-8b6e-c9027bfa400e:c810, 9c9c57da-14dc-454a-b374-789aa5e765a9:c810]
 0.00% |█                                                                                                    |  0/1 Time: 0:00:012019-09-16 23:34:43,145 [grpc-default-executor-6] INFO  client.GrpcClientProtocolClient (GrpcClientProtocolClient.java:onNext(264)) - client-C79DE3E06697->1d6da99a-ba9a-4d72-abd2-d0f1aa02f12f: receive RaftClientReply:client-C79DE3E06697->1d6da99a-ba9a-4d72-abd2-d0f1aa02f12f@group-B29EE812FB58, cid=655, SUCCESS, logIndex=815, commits[1d6da99a-ba9a-4d72-abd2-d0f1aa02f12f:c816, 9dc27687-2024-46ae-8b6e-c9027bfa400e:c812, 9c9c57da-14dc-454a-b374-789aa5e765a9:c812]
2019-09-16 23:34:43,146 [grpc-default-executor-6] INFO  client.GrpcClientProtocolClient (GrpcClientProtocolClient.java:onNext(264)) - client-C79DE3E06697->1d6da99a-ba9a-4d72-abd2-d0f1aa02f12f: receive RaftClientReply:client-C79DE3E06697->1d6da99a-ba9a-4d72-abd2-d0f1aa02f12f@group-B29EE812FB58, cid=656, SUCCESS, logIndex=816, commits[1d6da99a-ba9a-4d72-abd2-d0f1aa02f12f:c816, 9dc27687-2024-46ae-8b6e-c9027bfa400e:c812, 9c9c57da-14dc-454a-b374-789aa5e765a9:c812]
2019-09-16 23:34:43,149 [grpc-default-executor-6] INFO  client.GrpcClientProtocolClient (GrpcClientProtocolClient.java:onNext(264)) - client-C79DE3E06697->1d6da99a-ba9a-4d72-abd2-d0f1aa02f12f: receive RaftClientReply:client-C79DE3E06697->1d6da99a-ba9a-4d72-abd2-d0f1aa02f12f@group-B29EE812FB58, cid=657, SUCCESS, logIndex=0, commits[1d6da99a-ba9a-4d72-abd2-d0f1aa02f12f:c817, 9dc27687-2024-46ae-8b6e-c9027bfa400e:c816, 9c9c57da-14dc-454a-b374-789aa5e765a9:c816]
2019-09-16 23:34:43,176 [grpc-default-executor-1] INFO  client.GrpcClientProtocolClient (GrpcClientProtocolClient.java:onNext(264)) - client-C79DE3E06697->1d6da99a-ba9a-4d72-abd2-d0f1aa02f12f: receive RaftClientReply:client-C79DE3E06697->1d6da99a-ba9a-4d72-abd2-d0f1aa02f12f@group-B29EE812FB58, cid=658, SUCCESS, logIndex=819, commits[1d6da99a-ba9a-4d72-abd2-d0f1aa02f12f:c820, 9dc27687-2024-46ae-8b6e-c9027bfa400e:c817, 9c9c57da-14dc-454a-b374-789aa5e765a9:c816]
2019-09-16 23:34:43,177 [grpc-default-executor-1] INFO  client.GrpcClientProtocolClient (GrpcClientProtocolClient.java:onNext(264)) - client-C79DE3E06697->1d6da99a-ba9a-4d72-abd2-d0f1aa02f12f: receive RaftClientReply:client-C79DE3E06697->1d6da99a-ba9a-4d72-abd2-d0f1aa02f12f@group-B29EE812FB58, cid=659, SUCCESS, logIndex=820, commits[1d6da99a-ba9a-4d72-abd2-d0f1aa02f12f:c820, 9dc27687-2024-46ae-8b6e-c9027bfa400e:c817, 9c9c57da-14dc-454a-b374-789aa5e765a9:c817]
2019-09-16 23:34:43,177 [grpc-default-executor-1] INFO  client.GrpcClientProtocolClient (GrpcClientProtocolClient.java:onNext(264)) - client-C79DE3E06697->1d6da99a-ba9a-4d72-abd2-d0f1aa02f12f: receive RaftClientReply:client-C79DE3E06697->1d6da99a-ba9a-4d72-abd2-d0f1aa02f12f@group-B29EE812FB58, cid=660, SUCCESS, logIndex=821, commits[1d6da99a-ba9a-4d72-abd2-d0f1aa02f12f:c822, 9dc27687-2024-46ae-8b6e-c9027bfa400e:c818, 9c9c57da-14dc-454a-b374-789aa5e765a9:c817]
2019-09-16 23:34:43,178 [grpc-default-executor-1] INFO  client.GrpcClientProtocolClient (GrpcClientProtocolClient.java:onNext(264)) - client-C79DE3E06697->1d6da99a-ba9a-4d72-abd2-d0f1aa02f12f: receive RaftClientReply:client-C79DE3E06697->1d6da99a-ba9a-4d72-abd2-d0f1aa02f12f@group-B29EE812FB58, cid=661, SUCCESS, logIndex=822, commits[1d6da99a-ba9a-4d72-abd2-d0f1aa02f12f:c822, 9dc27687-2024-46ae-8b6e-c9027bfa400e:c818, 9c9c57da-14dc-454a-b374-789aa5e765a9:c817]
2019-09-16 23:34:43,190 [grpc-default-executor-6] INFO  client.GrpcClientProtocolClient (GrpcClientProtocolClient.java:onNext(264)) - client-C79DE3E06697->1d6da99a-ba9a-4d72-abd2-d0f1aa02f12f: receive RaftClientReply:client-C79DE3E06697->1d6da99a-ba9a-4d72-abd2-d0f1aa02f12f@group-B29EE812FB58, cid=662, SUCCESS, logIndex=0, commits[1d6da99a-ba9a-4d72-abd2-d0f1aa02f12f:c825, 9dc27687-2024-46ae-8b6e-c9027bfa400e:c822, 9c9c57da-14dc-454a-b374-789aa5e765a9:c820]
2019-09-16 23:34:43,213 [grpc-default-executor-1] INFO  client.GrpcClientProtocolClient (GrpcClientProtocolClient.java:onNext(264)) - client-C79DE3E06697->1d6da99a-ba9a-4d72-abd2-d0f1aa02f12f: receive RaftClientReply:client-C79DE3E06697->1d6da99a-ba9a-4d72-abd2-d0f1aa02f12f@group-B29EE812FB58, cid=663, SUCCESS, logIndex=827, commits[1d6da99a-ba9a-4d72-abd2-d0f1aa02f12f:c828, 9dc27687-2024-46ae-8b6e-c9027bfa400e:c826, 9c9c57da-14dc-454a-b374-789aa5e765a9:c826]
2019-09-16 23:34:43,213 [grpc-default-executor-1] INFO  client.GrpcClientProtocolClient (GrpcClientProtocolClient.java:onNext(264)) - client-C79DE3E06697->1d6da99a-ba9a-4d72-abd2-d0f1aa02f12f: receive RaftClientReply:client-C79DE3E06697->1d6da99a-ba9a-4d72-abd2-d0f1aa02f12f@group-B29EE812FB58, cid=664, SUCCESS, logIndex=828, commits[1d6da99a-ba9a-4d72-abd2-d0f1aa02f12f:c828, 9dc27687-2024-46ae-8b6e-c9027bfa400e:c826, 9c9c57da-14dc-454a-b374-789aa5e765a9:c826]
2019-09-16 23:34:43,244 [grpc-default-executor-7] INFO  client.GrpcClientProtocolClient (GrpcClientProtocolClient.java:onNext(264)) - client-C79DE3E06697->1d6da99a-ba9a-4d72-abd2-d0f1aa02f12f: receive RaftClientReply:client-C79DE3E06697->1d6da99a-ba9a-4d72-abd2-d0f1aa02f12f@group-B29EE812FB58, cid=665, SUCCESS, logIndex=831, commits[1d6da99a-ba9a-4d72-abd2-d0f1aa02f12f:c832, 9dc27687-2024-46ae-8b6e-c9027bfa400e:c828, 9c9c57da-14dc-454a-b374-789aa5e765a9:c828]
2019-09-16 23:34:43,245 [grpc-default-executor-7] INFO  client.GrpcClientProtocolClient (GrpcClientProtocolClient.java:onNext(264)) - client-C79DE3E06697->1d6da99a-ba9a-4d72-abd2-d0f1aa02f12f: receive RaftClientReply:client-C79DE3E06697->1d6da99a-ba9a-4d72-abd2-d0f1aa02f12f@group-B29EE812FB58, cid=666, SUCCESS, logIndex=832, commits[1d6da99a-ba9a-4d72-abd2-d0f1aa02f12f:c832, 9dc27687-2024-46ae-8b6e-c9027bfa400e:c828, 9c9c57da-14dc-454a-b374-789aa5e765a9:c828]
2019-09-16 23:34:43,257 [grpc-default-executor-7] INFO  client.GrpcClientProtocolClient (GrpcClientProtocolClient.java:onNext(264)) - client-C79DE3E06697->1d6da99a-ba9a-4d72-abd2-d0f1aa02f12f: receive RaftClientReply:client-C79DE3E06697->1d6da99a-ba9a-4d72-abd2-d0f1aa02f12f@group-B29EE812FB58, cid=667, SUCCESS, logIndex=0, commits[1d6da99a-ba9a-4d72-abd2-d0f1aa02f12f:c834, 9dc27687-2024-46ae-8b6e-c9027bfa400e:c832, 9c9c57da-14dc-454a-b374-789aa5e765a9:c832]
2019-09-16 23:34:43,283 [grpc-default-executor-3] INFO  client.GrpcClientProtocolClient (GrpcClientProtocolClient.java:onNext(264)) - client-C79DE3E06697->1d6da99a-ba9a-4d72-abd2-d0f1aa02f12f: receive RaftClientReply:client-C79DE3E06697->1d6da99a-ba9a-4d72-abd2-d0f1aa02f12f@group-B29EE812FB58, cid=668, SUCCESS, logIndex=835, commits[1d6da99a-ba9a-4d72-abd2-d0f1aa02f12f:c836, 9dc27687-2024-46ae-8b6e-c9027bfa400e:c834, 9c9c57da-14dc-454a-b374-789aa5e765a9:c834]
2019-09-16 23:34:43,284 [grpc-default-executor-3] INFO  client.GrpcClientProtocolClient (GrpcClientProtocolClient.java:onNext(264)) - client-C79DE3E06697->1d6da99a-ba9a-4d72-abd2-d0f1aa02f12f: receive RaftClientReply:client-C79DE3E06697->1d6da99a-ba9a-4d72-abd2-d0f1aa02f12f@group-B29EE812FB58, cid=669, SUCCESS, logIndex=836, commits[1d6da99a-ba9a-4d72-abd2-d0f1aa02f12f:c838, 9dc27687-2024-46ae-8b6e-c9027bfa400e:c834, 9c9c57da-14dc-454a-b374-789aa5e765a9:c834]
2019-09-16 23:34:43,284 [grpc-default-executor-3] INFO  client.GrpcClientProtocolClient (GrpcClientProtocolClient.java:onNext(264)) - client-C79DE3E06697->1d6da99a-ba9a-4d72-abd2-d0f1aa02f12f: receive RaftClientReply:client-C79DE3E06697->1d6da99a-ba9a-4d72-abd2-d0f1aa02f12f@group-B29EE812FB58, cid=670, SUCCESS, logIndex=837, commits[1d6da99a-ba9a-4d72-abd2-d0f1aa02f12f:c838, 9dc27687-2024-46ae-8b6e-c9027bfa400e:c834, 9c9c57da-14dc-454a-b374-789aa5e765a9:c834]
2019-09-16 23:34:43,285 [grpc-default-executor-3] INFO  client.GrpcClientProtocolClient (GrpcClientProtocolClient.java:onNext(264)) - client-C79DE3E06697->1d6da99a-ba9a-4d72-abd2-d0f1aa02f12f: receive RaftClientReply:client-C79DE3E06697->1d6da99a-ba9a-4d72-abd2-d0f1aa02f12f@group-B29EE812FB58, cid=671, SUCCESS, logIndex=838, commits[1d6da99a-ba9a-4d72-abd2-d0f1aa02f12f:c838, 9dc27687-2024-46ae-8b6e-c9027bfa400e:c834, 9c9c57da-14dc-454a-b374-789aa5e765a9:c834]
2019-09-16 23:34:43,288 [grpc-default-executor-3] INFO  client.GrpcClientProtocolClient (GrpcClientProtocolClient.java:onNext(264)) - client-C79DE3E06697->1d6da99a-ba9a-4d72-abd2-d0f1aa02f12f: receive RaftClientReply:client-C79DE3E06697->1d6da99a-ba9a-4d72-abd2-d0f1aa02f12f@group-B29EE812FB58, cid=672, SUCCESS, logIndex=0, commits[1d6da99a-ba9a-4d72-abd2-d0f1aa02f12f:c842, 9dc27687-2024-46ae-8b6e-c9027bfa400e:c836, 9c9c57da-14dc-454a-b374-789aa5e765a9:c838]
2019-09-16 23:34:43,303 [grpc-default-executor-3] INFO  client.GrpcClientProtocolClient (GrpcClientProtocolClient.java:onNext(264)) - client-C79DE3E06697->1d6da99a-ba9a-4d72-abd2-d0f1aa02f12f: receive RaftClientReply:client-C79DE3E06697->1d6da99a-ba9a-4d72-abd2-d0f1aa02f12f@group-B29EE812FB58, cid=673, SUCCESS, logIndex=843, commits[1d6da99a-ba9a-4d72-abd2-d0f1aa02f12f:c844, 9dc27687-2024-46ae-8b6e-c9027bfa400e:c842, 9c9c57da-14dc-454a-b374-789aa5e765a9:c838]
2019-09-16 23:34:43,303 [grpc-default-executor-3] INFO  client.GrpcClientProtocolClient (GrpcClientProtocolClient.java:onNext(264)) - client-C79DE3E06697->1d6da99a-ba9a-4d72-abd2-d0f1aa02f12f: receive RaftClientReply:client-C79DE3E06697->1d6da99a-ba9a-4d72-abd2-d0f1aa02f12f@group-B29EE812FB58, cid=674, SUCCESS, logIndex=844, commits[1d6da99a-ba9a-4d72-abd2-d0f1aa02f12f:c844, 9dc27687-2024-46ae-8b6e-c9027bfa400e:c842, 9c9c57da-14dc-454a-b374-789aa5e765a9:c842]
2019-09-16 23:34:43,331 [grpc-default-executor-7] INFO  client.GrpcClientProtocolClient (GrpcClientProtocolClient.java:onNext(264)) - client-C79DE3E06697->1d6da99a-ba9a-4d72-abd2-d0f1aa02f12f: receive RaftClientReply:client-C79DE3E06697->1d6da99a-ba9a-4d72-abd2-d0f1aa02f12f@group-B29EE812FB58, cid=675, SUCCESS, logIndex=847, commits[1d6da99a-ba9a-4d72-abd2-d0f1aa02f12f:c848, 9dc27687-2024-46ae-8b6e-c9027bfa400e:c844, 9c9c57da-14dc-454a-b374-789aa5e765a9:c846]
2019-09-16 23:34:43,331 [grpc-default-executor-7] INFO  client.GrpcClientProtocolClient (GrpcClientProtocolClient.java:onNext(264)) - client-C79DE3E06697->1d6da99a-ba9a-4d72-abd2-d0f1aa02f12f: receive RaftClientReply:client-C79DE3E06697->1d6da99a-ba9a-4d72-abd2-d0f1aa02f12f@group-B29EE812FB58, cid=676, SUCCESS, logIndex=848, commits[1d6da99a-ba9a-4d72-abd2-d0f1aa02f12f:c848, 9dc27687-2024-46ae-8b6e-c9027bfa400e:c846, 9c9c57da-14dc-454a-b374-789aa5e765a9:c846]
2019-09-16 23:34:43,335 [grpc-default-executor-7] INFO  client.GrpcClientProtocolClient (GrpcClientProtocolClient.java:onNext(264)) - client-C79DE3E06697->1d6da99a-ba9a-4d72-abd2-d0f1aa02f12f: receive RaftClientReply:client-C79DE3E06697->1d6da99a-ba9a-4d72-abd2-d0f1aa02f12f@group-B29EE812FB58, cid=677, SUCCESS, logIndex=0, commits[1d6da99a-ba9a-4d72-abd2-d0f1aa02f12f:c850, 9dc27687-2024-46ae-8b6e-c9027bfa400e:c848, 9c9c57da-14dc-454a-b374-789aa5e765a9:c848]
2019-09-16 23:34:43,354 [grpc-default-executor-6] INFO  client.GrpcClientProtocolClient (GrpcClientProtocolClient.java:onNext(264)) - client-C79DE3E06697->1d6da99a-ba9a-4d72-abd2-d0f1aa02f12f: receive RaftClientReply:client-C79DE3E06697->1d6da99a-ba9a-4d72-abd2-d0f1aa02f12f@group-B29EE812FB58, cid=678, SUCCESS, logIndex=851, commits[1d6da99a-ba9a-4d72-abd2-d0f1aa02f12f:c852, 9dc27687-2024-46ae-8b6e-c9027bfa400e:c850, 9c9c57da-14dc-454a-b374-789aa5e765a9:c850]
2019-09-16 23:34:43,355 [grpc-default-executor-6] INFO  client.GrpcClientProtocolClient (GrpcClientProtocolClient.java:onNext(264)) - client-C79DE3E06697->1d6da99a-ba9a-4d72-abd2-d0f1aa02f12f: receive RaftClientReply:client-C79DE3E06697->1d6da99a-ba9a-4d72-abd2-d0f1aa02f12f@group-B29EE812FB58, cid=679, SUCCESS, logIndex=852, commits[1d6da99a-ba9a-4d72-abd2-d0f1aa02f12f:c852, 9dc27687-2024-46ae-8b6e-c9027bfa400e:c850, 9c9c57da-14dc-454a-b374-789aa5e765a9:c850]
2019-09-16 23:34:43,377 [grpc-default-executor-6] INFO  client.GrpcClientProtocolClient (GrpcClientProtocolClient.java:onNext(264)) - client-C79DE3E06697->1d6da99a-ba9a-4d72-abd2-d0f1aa02f12f: receive RaftClientReply:client-C79DE3E06697->1d6da99a-ba9a-4d72-abd2-d0f1aa02f12f@group-B29EE812FB58, cid=680, SUCCESS, logIndex=853, commits[1d6da99a-ba9a-4d72-abd2-d0f1aa02f12f:c853, 9dc27687-2024-46ae-8b6e-c9027bfa400e:c850, 9c9c57da-14dc-454a-b374-789aa5e765a9:c850]
2019-09-16 23:34:43,378 [grpc-default-executor-6] INFO  client.GrpcClientProtocolClient (GrpcClientProtocolClient.java:onNext(264)) - client-C79DE3E06697->1d6da99a-ba9a-4d72-abd2-d0f1aa02f12f: receive RaftClientReply:client-C79DE3E06697->1d6da99a-ba9a-4d72-abd2-d0f1aa02f12f@group-B29EE812FB58, cid=681, SUCCESS, logIndex=854, commits[1d6da99a-ba9a-4d72-abd2-d0f1aa02f12f:c854, 9dc27687-2024-46ae-8b6e-c9027bfa400e:c850, 9c9c57da-14dc-454a-b374-789aa5e765a9:c850]
2019-09-16 23:34:43,379 [grpc-default-executor-3] INFO  client.GrpcClientProtocolClient (GrpcClientProtocolClient.java:onNext(264)) - client-C79DE3E06697->1d6da99a-ba9a-4d72-abd2-d0f1aa02f12f: receive RaftClientReply:client-C79DE3E06697->1d6da99a-ba9a-4d72-abd2-d0f1aa02f12f@group-B29EE812FB58, cid=682, SUCCESS, logIndex=0, commits[1d6da99a-ba9a-4d72-abd2-d0f1aa02f12f:c858, 9dc27687-2024-46ae-8b6e-c9027bfa400e:c854, 9c9c57da-14dc-454a-b374-789aa5e765a9:c853]
2019-09-16 23:34:43,402 [grpc-default-executor-3] INFO  client.GrpcClientProtocolClient (GrpcClientProtocolClient.java:onNext(264)) - client-C79DE3E06697->1d6da99a-ba9a-4d72-abd2-d0f1aa02f12f: receive RaftClientReply:client-C79DE3E06697->1d6da99a-ba9a-4d72-abd2-d0f1aa02f12f@group-B29EE812FB58, cid=683, SUCCESS, logIndex=859, commits[1d6da99a-ba9a-4d72-abd2-d0f1aa02f12f:c860, 9dc27687-2024-46ae-8b6e-c9027bfa400e:c858, 9c9c57da-14dc-454a-b374-789aa5e765a9:c858]
2019-09-16 23:34:43,403 [grpc-default-executor-3] INFO  client.GrpcClientProtocolClient (GrpcClientProtocolClient.java:onNext(264)) - client-C79DE3E06697->1d6da99a-ba9a-4d72-abd2-d0f1aa02f12f: receive RaftClientReply:client-C79DE3E06697->1d6da99a-ba9a-4d72-abd2-d0f1aa02f12f@group-B29EE812FB58, cid=684, SUCCESS, logIndex=860, commits[1d6da99a-ba9a-4d72-abd2-d0f1aa02f12f:c860, 9dc27687-2024-46ae-8b6e-c9027bfa400e:c858, 9c9c57da-14dc-454a-b374-789aa5e765a9:c858]
2019-09-16 23:34:43,427 [grpc-default-executor-3] INFO  client.GrpcClientProtocolClient (GrpcClientProtocolClient.java:onNext(264)) - client-C79DE3E06697->1d6da99a-ba9a-4d72-abd2-d0f1aa02f12f: receive RaftClientReply:client-C79DE3E06697->1d6da99a-ba9a-4d72-abd2-d0f1aa02f12f@group-B29EE812FB58, cid=685, SUCCESS, logIndex=863, commits[1d6da99a-ba9a-4d72-abd2-d0f1aa02f12f:c864, 9dc27687-2024-46ae-8b6e-c9027bfa400e:c860, 9c9c57da-14dc-454a-b374-789aa5e765a9:c860]
2019-09-16 23:34:43,427 [grpc-default-executor-3] INFO  client.GrpcClientProtocolClient (GrpcClientProtocolClient.java:onNext(264)) - client-C79DE3E06697->1d6da99a-ba9a-4d72-abd2-d0f1aa02f12f: receive RaftClientReply:client-C79DE3E06697->1d6da99a-ba9a-4d72-abd2-d0f1aa02f12f@group-B29EE812FB58, cid=686, SUCCESS, logIndex=864, commits[1d6da99a-ba9a-4d72-abd2-d0f1aa02f12f:c864, 9dc27687-2024-46ae-8b6e-c9027bfa400e:c860, 9c9c57da-14dc-454a-b374-789aa5e765a9:c860]
2019-09-16 23:34:43,439 [grpc-default-executor-3] INFO  client.GrpcClientProtocolClient (GrpcClientProtocolClient.java:onNext(264)) - client-C79DE3E06697->1d6da99a-ba9a-4d72-abd2-d0f1aa02f12f: receive RaftClientReply:client-C79DE3E06697->1d6da99a-ba9a-4d72-abd2-d0f1aa02f12f@group-B29EE812FB58, cid=687, SUCCESS, logIndex=0, commits[1d6da99a-ba9a-4d72-abd2-d0f1aa02f12f:c866, 9dc27687-2024-46ae-8b6e-c9027bfa400e:c864, 9c9c57da-14dc-454a-b374-789aa5e765a9:c864]
2019-09-16 23:34:43,462 [grpc-default-executor-1] INFO  client.GrpcClientProtocolClient (GrpcClientProtocolClient.java:onNext(264)) - client-C79DE3E06697->1d6da99a-ba9a-4d72-abd2-d0f1aa02f12f: receive RaftClientReply:client-C79DE3E06697->1d6da99a-ba9a-4d72-abd2-d0f1aa02f12f@group-B29EE812FB58, cid=688, SUCCESS, logIndex=867, commits[1d6da99a-ba9a-4d72-abd2-d0f1aa02f12f:c868, 9dc27687-2024-46ae-8b6e-c9027bfa400e:c866, 9c9c57da-14dc-454a-b374-789aa5e765a9:c866]
2019-09-16 23:34:43,462 [grpc-default-executor-1] INFO  client.GrpcClientProtocolClient (GrpcClientProtocolClient.java:onNext(264)) - client-C79DE3E06697->1d6da99a-ba9a-4d72-abd2-d0f1aa02f12f: receive RaftClientReply:client-C79DE3E06697->1d6da99a-ba9a-4d72-abd2-d0f1aa02f12f@group-B29EE812FB58, cid=689, SUCCESS, logIndex=868, commits[1d6da99a-ba9a-4d72-abd2-d0f1aa02f12f:c868, 9dc27687-2024-46ae-8b6e-c9027bfa400e:c866, 9c9c57da-14dc-454a-b374-789aa5e765a9:c866]
2019-09-16 23:34:43,463 [grpc-default-executor-1] INFO  client.GrpcClientProtocolClient (GrpcClientProtocolClient.java:onNext(264)) - client-C79DE3E06697->1d6da99a-ba9a-4d72-abd2-d0f1aa02f12f: receive RaftClientReply:client-C79DE3E06697->1d6da99a-ba9a-4d72-abd2-d0f1aa02f12f@group-B29EE812FB58, cid=690, SUCCESS, logIndex=869, commits[1d6da99a-ba9a-4d72-abd2-d0f1aa02f12f:c870, 9dc27687-2024-46ae-8b6e-c9027bfa400e:c866, 9c9c57da-14dc-454a-b374-789aa5e765a9:c866]
2019-09-16 23:34:43,463 [grpc-default-executor-1] INFO  client.GrpcClientProtocolClient (GrpcClientProtocolClient.java:onNext(264)) - client-C79DE3E06697->1d6da99a-ba9a-4d72-abd2-d0f1aa02f12f: receive RaftClientReply:client-C79DE3E06697->1d6da99a-ba9a-4d72-abd2-d0f1aa02f12f@group-B29EE812FB58, cid=691, SUCCESS, logIndex=870, commits[1d6da99a-ba9a-4d72-abd2-d0f1aa02f12f:c870, 9dc27687-2024-46ae-8b6e-c9027bfa400e:c866, 9c9c57da-14dc-454a-b374-789aa5e765a9:c866]
2019-09-16 23:34:43,476 [grpc-default-executor-1] INFO  client.GrpcClientProtocolClient (GrpcClientProtocolClient.java:onNext(264)) - client-C79DE3E06697->1d6da99a-ba9a-4d72-abd2-d0f1aa02f12f: receive RaftClientReply:client-C79DE3E06697->1d6da99a-ba9a-4d72-abd2-d0f1aa02f12f@group-B29EE812FB58, cid=692, SUCCESS, logIndex=0, commits[1d6da99a-ba9a-4d72-abd2-d0f1aa02f12f:c872, 9dc27687-2024-46ae-8b6e-c9027bfa400e:c868, 9c9c57da-14dc-454a-b374-789aa5e765a9:c868]
2019-09-16 23:34:43,498 [grpc-default-executor-1] INFO  client.GrpcClientProtocolClient (GrpcClientProtocolClient.java:onNext(264)) - client-C79DE3E06697->1d6da99a-ba9a-4d72-abd2-d0f1aa02f12f: receive RaftClientReply:client-C79DE3E06697->1d6da99a-ba9a-4d72-abd2-d0f1aa02f12f@group-B29EE812FB58, cid=693, SUCCESS, logIndex=875, commits[1d6da99a-ba9a-4d72-abd2-d0f1aa02f12f:c876, 9dc27687-2024-46ae-8b6e-c9027bfa400e:c874, 9c9c57da-14dc-454a-b374-789aa5e765a9:c874]
2019-09-16 23:34:43,498 [grpc-default-executor-1] INFO  client.GrpcClientProtocolClient (GrpcClientProtocolClient.java:onNext(264)) - client-C79DE3E06697->1d6da99a-ba9a-4d72-abd2-d0f1aa02f12f: receive RaftClientReply:client-C79DE3E06697->1d6da99a-ba9a-4d72-abd2-d0f1aa02f12f@group-B29EE812FB58, cid=694, SUCCESS, logIndex=876, commits[1d6da99a-ba9a-4d72-abd2-d0f1aa02f12f:c876, 9dc27687-2024-46ae-8b6e-c9027bfa400e:c874, 9c9c57da-14dc-454a-b374-789aa5e765a9:c874]
2019-09-16 23:34:43,522 [grpc-default-executor-1] INFO  client.GrpcClientProtocolClient (GrpcClientProtocolClient.java:onNext(264)) - client-C79DE3E06697->1d6da99a-ba9a-4d72-abd2-d0f1aa02f12f: receive RaftClientReply:client-C79DE3E06697->1d6da99a-ba9a-4d72-abd2-d0f1aa02f12f@group-B29EE812FB58, cid=695, SUCCESS, logIndex=879, commits[1d6da99a-ba9a-4d72-abd2-d0f1aa02f12f:c880, 9dc27687-2024-46ae-8b6e-c9027bfa400e:c876, 9c9c57da-14dc-454a-b374-789aa5e765a9:c876]
2019-09-16 23:34:43,522 [grpc-default-executor-1] INFO  client.GrpcClientProtocolClient (GrpcClientProtocolClient.java:onNext(264)) - client-C79DE3E06697->1d6da99a-ba9a-4d72-abd2-d0f1aa02f12f: receive RaftClientReply:client-C79DE3E06697->1d6da99a-ba9a-4d72-abd2-d0f1aa02f12f@group-B29EE812FB58, cid=696, SUCCESS, logIndex=880, commits[1d6da99a-ba9a-4d72-abd2-d0f1aa02f12f:c880, 9dc27687-2024-46ae-8b6e-c9027bfa400e:c876, 9c9c57da-14dc-454a-b374-789aa5e765a9:c876]
2019-09-16 23:34:43,535 [grpc-default-executor-1] INFO  client.GrpcClientProtocolClient (GrpcClientProtocolClient.java:onNext(264)) - client-C79DE3E06697->1d6da99a-ba9a-4d72-abd2-d0f1aa02f12f: receive RaftClientReply:client-C79DE3E06697->1d6da99a-ba9a-4d72-abd2-d0f1aa02f12f@group-B29EE812FB58, cid=697, SUCCESS, logIndex=0, commits[1d6da99a-ba9a-4d72-abd2-d0f1aa02f12f:c882, 9dc27687-2024-46ae-8b6e-c9027bfa400e:c880, 9c9c57da-14dc-454a-b374-789aa5e765a9:c880]
2019-09-16 23:34:43,558 [grpc-default-executor-1] INFO  client.GrpcClientProtocolClient (GrpcClientProtocolClient.java:onNext(264)) - client-C79DE3E06697->1d6da99a-ba9a-4d72-abd2-d0f1aa02f12f: receive RaftClientReply:client-C79DE3E06697->1d6da99a-ba9a-4d72-abd2-d0f1aa02f12f@group-B29EE812FB58, cid=698, SUCCESS, logIndex=883, commits[1d6da99a-ba9a-4d72-abd2-d0f1aa02f12f:c884, 9dc27687-2024-46ae-8b6e-c9027bfa400e:c882, 9c9c57da-14dc-454a-b374-789aa5e765a9:c882]
2019-09-16 23:34:43,558 [grpc-default-executor-1] INFO  client.GrpcClientProtocolClient (GrpcClientProtocolClient.java:onNext(264)) - client-C79DE3E06697->1d6da99a-ba9a-4d72-abd2-d0f1aa02f12f: receive RaftClientReply:client-C79DE3E06697->1d6da99a-ba9a-4d72-abd2-d0f1aa02f12f@group-B29EE812FB58, cid=699, SUCCESS, logIndex=884, commits[1d6da99a-ba9a-4d72-abd2-d0f1aa02f12f:c884, 9dc27687-2024-46ae-8b6e-c9027bfa400e:c882, 9c9c57da-14dc-454a-b374-789aa5e765a9:c882]
2019-09-16 23:34:43,559 [grpc-default-executor-7] INFO  client.GrpcClientProtocolClient (GrpcClientProtocolClient.java:onNext(264)) - client-C79DE3E06697->1d6da99a-ba9a-4d72-abd2-d0f1aa02f12f: receive RaftClientReply:client-C79DE3E06697->1d6da99a-ba9a-4d72-abd2-d0f1aa02f12f@group-B29EE812FB58, cid=700, SUCCESS, logIndex=885, commits[1d6da99a-ba9a-4d72-abd2-d0f1aa02f12f:c886, 9dc27687-2024-46ae-8b6e-c9027bfa400e:c882, 9c9c57da-14dc-454a-b374-789aa5e765a9:c882]
2019-09-16 23:34:43,559 [grpc-default-executor-7] INFO  client.GrpcClientProtocolClient (GrpcClientProtocolClient.java:onNext(264)) - client-C79DE3E06697->1d6da99a-ba9a-4d72-abd2-d0f1aa02f12f: receive RaftClientReply:client-C79DE3E06697->1d6da99a-ba9a-4d72-abd2-d0f1aa02f12f@group-B29EE812FB58, cid=701, SUCCESS, logIndex=886, commits[1d6da99a-ba9a-4d72-abd2-d0f1aa02f12f:c886, 9dc27687-2024-46ae-8b6e-c9027bfa400e:c882, 9c9c57da-14dc-454a-b374-789aa5e765a9:c882]
2019-09-16 23:34:43,560 [grpc-default-executor-1] INFO  client.GrpcClientProtocolClient (GrpcClientProtocolClient.java:onNext(264)) - client-C79DE3E06697->1d6da99a-ba9a-4d72-abd2-d0f1aa02f12f: receive RaftClientReply:client-C79DE3E06697->1d6da99a-ba9a-4d72-abd2-d0f1aa02f12f@group-B29EE812FB58, cid=702, SUCCESS, logIndex=0, commits[1d6da99a-ba9a-4d72-abd2-d0f1aa02f12f:c887, 9dc27687-2024-46ae-8b6e-c9027bfa400e:c884, 9c9c57da-14dc-454a-b374-789aa5e765a9:c884]
2019-09-16 23:34:43,583 [grpc-default-executor-1] INFO  client.GrpcClientProtocolClient (GrpcClientProtocolClient.java:onNext(264)) - client-C79DE3E06697->1d6da99a-ba9a-4d72-abd2-d0f1aa02f12f: receive RaftClientReply:client-C79DE3E06697->1d6da99a-ba9a-4d72-abd2-d0f1aa02f12f@group-B29EE812FB58, cid=703, SUCCESS, logIndex=891, commits[1d6da99a-ba9a-4d72-abd2-d0f1aa02f12f:c892, 9dc27687-2024-46ae-8b6e-c9027bfa400e:c890, 9c9c57da-14dc-454a-b374-789aa5e765a9:c890]
2019-09-16 23:34:43,583 [grpc-default-executor-1] INFO  client.GrpcClientProtocolClient (GrpcClientProtocolClient.java:onNext(264)) - client-C79DE3E06697->1d6da99a-ba9a-4d72-abd2-d0f1aa02f12f: receive RaftClientReply:client-C79DE3E06697->1d6da99a-ba9a-4d72-abd2-d0f1aa02f12f@group-B29EE812FB58, cid=704, SUCCESS, logIndex=892, commits[1d6da99a-ba9a-4d72-abd2-d0f1aa02f12f:c892, 9dc27687-2024-46ae-8b6e-c9027bfa400e:c890, 9c9c57da-14dc-454a-b374-789aa5e765a9:c890]
2019-09-16 23:34:43,605 [grpc-default-executor-3] INFO  client.GrpcClientProtocolClient (GrpcClientProtocolClient.java:onNext(264)) - client-C79DE3E06697->1d6da99a-ba9a-4d72-abd2-d0f1aa02f12f: receive RaftClientReply:client-C79DE3E06697->1d6da99a-ba9a-4d72-abd2-d0f1aa02f12f@group-B29EE812FB58, cid=705, SUCCESS, logIndex=895, commits[1d6da99a-ba9a-4d72-abd2-d0f1aa02f12f:c896, 9dc27687-2024-46ae-8b6e-c9027bfa400e:c892, 9c9c57da-14dc-454a-b374-789aa5e765a9:c892]
2019-09-16 23:34:43,605 [grpc-default-executor-3] INFO  client.GrpcClientProtocolClient (GrpcClientProtocolClient.java:onNext(264)) - client-C79DE3E06697->1d6da99a-ba9a-4d72-abd2-d0f1aa02f12f: receive RaftClientReply:client-C79DE3E06697->1d6da99a-ba9a-4d72-abd2-d0f1aa02f12f@group-B29EE812FB58, cid=706, SUCCESS, logIndex=896, commits[1d6da99a-ba9a-4d72-abd2-d0f1aa02f12f:c896, 9dc27687-2024-46ae-8b6e-c9027bfa400e:c892, 9c9c57da-14dc-454a-b374-789aa5e765a9:c892]
2019-09-16 23:34:43,615 [grpc-default-executor-3] INFO  client.GrpcClientProtocolClient (GrpcClientProtocolClient.java:onNext(264)) - client-C79DE3E06697->1d6da99a-ba9a-4d72-abd2-d0f1aa02f12f: receive RaftClientReply:client-C79DE3E06697->1d6da99a-ba9a-4d72-abd2-d0f1aa02f12f@group-B29EE812FB58, cid=707, SUCCESS, logIndex=0, commits[1d6da99a-ba9a-4d72-abd2-d0f1aa02f12f:c897, 9dc27687-2024-46ae-8b6e-c9027bfa400e:c896, 9c9c57da-14dc-454a-b374-789aa5e765a9:c896]
2019-09-16 23:34:43,637 [grpc-default-executor-1] INFO  client.GrpcClientProtocolClient (GrpcClientProtocolClient.java:onNext(264)) - client-C79DE3E06697->1d6da99a-ba9a-4d72-abd2-d0f1aa02f12f: receive RaftClientReply:client-C79DE3E06697->1d6da99a-ba9a-4d72-abd2-d0f1aa02f12f@group-B29EE812FB58, cid=708, SUCCESS, logIndex=899, commits[1d6da99a-ba9a-4d72-abd2-d0f1aa02f12f:c900, 9dc27687-2024-46ae-8b6e-c9027bfa400e:c898, 9c9c57da-14dc-454a-b374-789aa5e765a9:c898]
2019-09-16 23:34:43,638 [grpc-default-executor-1] INFO  client.GrpcClientProtocolClient (GrpcClientProtocolClient.java:onNext(264)) - client-C79DE3E06697->1d6da99a-ba9a-4d72-abd2-d0f1aa02f12f: receive RaftClientReply:client-C79DE3E06697->1d6da99a-ba9a-4d72-abd2-d0f1aa02f12f@group-B29EE812FB58, cid=709, SUCCESS, logIndex=900, commits[1d6da99a-ba9a-4d72-abd2-d0f1aa02f12f:c900, 9dc27687-2024-46ae-8b6e-c9027bfa400e:c898, 9c9c57da-14dc-454a-b374-789aa5e765a9:c898]
2019-09-16 23:34:43,639 [grpc-default-executor-1] INFO  client.GrpcClientProtocolClient (GrpcClientProtocolClient.java:onNext(264)) - client-C79DE3E06697->1d6da99a-ba9a-4d72-abd2-d0f1aa02f12f: receive RaftClientReply:client-C79DE3E06697->1d6da99a-ba9a-4d72-abd2-d0f1aa02f12f@group-B29EE812FB58, cid=710, SUCCESS, logIndex=901, commits[1d6da99a-ba9a-4d72-abd2-d0f1aa02f12f:c901, 9dc27687-2024-46ae-8b6e-c9027bfa400e:c898, 9c9c57da-14dc-454a-b374-789aa5e765a9:c898]
2019-09-16 23:34:43,640 [grpc-default-executor-1] INFO  client.GrpcClientProtocolClient (GrpcClientProtocolClient.java:onNext(264)) - client-C79DE3E06697->1d6da99a-ba9a-4d72-abd2-d0f1aa02f12f: receive RaftClientReply:client-C79DE3E06697->1d6da99a-ba9a-4d72-abd2-d0f1aa02f12f@group-B29EE812FB58, cid=711, SUCCESS, logIndex=902, commits[1d6da99a-ba9a-4d72-abd2-d0f1aa02f12f:c902, 9dc27687-2024-46ae-8b6e-c9027bfa400e:c898, 9c9c57da-14dc-454a-b374-789aa5e765a9:c898]
2019-09-16 23:34:43,652 [grpc-default-executor-1] INFO  client.GrpcClientProtocolClient (GrpcClientProtocolClient.java:onNext(264)) - client-C79DE3E06697->1d6da99a-ba9a-4d72-abd2-d0f1aa02f12f: receive RaftClientReply:client-C79DE3E06697->1d6da99a-ba9a-4d72-abd2-d0f1aa02f12f@group-B29EE812FB58, cid=712, SUCCESS, logIndex=0, commits[1d6da99a-ba9a-4d72-abd2-d0f1aa02f12f:c903, 9dc27687-2024-46ae-8b6e-c9027bfa400e:c900, 9c9c57da-14dc-454a-b374-789aa5e765a9:c900]
2019-09-16 23:34:43,679 [grpc-default-executor-1] INFO  client.GrpcClientProtocolClient (GrpcClientProtocolClient.java:onNext(264)) - client-C79DE3E06697->1d6da99a-ba9a-4d72-abd2-d0f1aa02f12f: receive RaftClientReply:client-C79DE3E06697->1d6da99a-ba9a-4d72-abd2-d0f1aa02f12f@group-B29EE812FB58, cid=713, SUCCESS, logIndex=906, commits[1d6da99a-ba9a-4d72-abd2-d0f1aa02f12f:c907, 9dc27687-2024-46ae-8b6e-c9027bfa400e:c903, 9c9c57da-14dc-454a-b374-789aa5e765a9:c903]
2019-09-16 23:34:43,679 [grpc-default-executor-1] INFO  client.GrpcClientProtocolClient (GrpcClientProtocolClient.java:onNext(264)) - client-C79DE3E06697->1d6da99a-ba9a-4d72-abd2-d0f1aa02f12f: receive RaftClientReply:client-C79DE3E06697->1d6da99a-ba9a-4d72-abd2-d0f1aa02f12f@group-B29EE812FB58, cid=714, SUCCESS, logIndex=907, commits[1d6da99a-ba9a-4d72-abd2-d0f1aa02f12f:c907, 9dc27687-2024-46ae-8b6e-c9027bfa400e:c903, 9c9c57da-14dc-454a-b374-789aa5e765a9:c903]
2019-09-16 23:34:43,705 [grpc-default-executor-3] INFO  client.GrpcClientProtocolClient (GrpcClientProtocolClient.java:onNext(264)) - client-C79DE3E06697->1d6da99a-ba9a-4d72-abd2-d0f1aa02f12f: receive RaftClientReply:client-C79DE3E06697->1d6da99a-ba9a-4d72-abd2-d0f1aa02f12f@group-B29EE812FB58, cid=715, SUCCESS, logIndex=909, commits[1d6da99a-ba9a-4d72-abd2-d0f1aa02f12f:c909, 9dc27687-2024-46ae-8b6e-c9027bfa400e:c907, 9c9c57da-14dc-454a-b374-789aa5e765a9:c907]
2019-09-16 23:34:43,705 [grpc-default-executor-3] INFO  client.GrpcClientProtocolClient (GrpcClientProtocolClient.java:onNext(264)) - client-C79DE3E06697->1d6da99a-ba9a-4d72-abd2-d0f1aa02f12f: receive RaftClientReply:client-C79DE3E06697->1d6da99a-ba9a-4d72-abd2-d0f1aa02f12f@group-B29EE812FB58, cid=716, SUCCESS, logIndex=910, commits[1d6da99a-ba9a-4d72-abd2-d0f1aa02f12f:c910, 9dc27687-2024-46ae-8b6e-c9027bfa400e:c907, 9c9c57da-14dc-454a-b374-789aa5e765a9:c907]
2019-09-16 23:34:43,732 [grpc-default-executor-3] INFO  client.GrpcClientProtocolClient (GrpcClientProtocolClient.java:onNext(264)) - client-C79DE3E06697->1d6da99a-ba9a-4d72-abd2-d0f1aa02f12f: receive RaftClientReply:client-C79DE3E06697->1d6da99a-ba9a-4d72-abd2-d0f1aa02f12f@group-B29EE812FB58, cid=717, SUCCESS, logIndex=0, commits[1d6da99a-ba9a-4d72-abd2-d0f1aa02f12f:c912, 9dc27687-2024-46ae-8b6e-c9027bfa400e:c910, 9c9c57da-14dc-454a-b374-789aa5e765a9:c910]
2019-09-16 23:34:43,757 [grpc-default-executor-1] INFO  client.GrpcClientProtocolClient (GrpcClientProtocolClient.java:onNext(264)) - client-C79DE3E06697->1d6da99a-ba9a-4d72-abd2-d0f1aa02f12f: receive RaftClientReply:client-C79DE3E06697->1d6da99a-ba9a-4d72-abd2-d0f1aa02f12f@group-B29EE812FB58, cid=718, SUCCESS, logIndex=913, commits[1d6da99a-ba9a-4d72-abd2-d0f1aa02f12f:c914, 9dc27687-2024-46ae-8b6e-c9027bfa400e:c912, 9c9c57da-14dc-454a-b374-789aa5e765a9:c912]
2019-09-16 23:34:43,758 [grpc-default-executor-1] INFO  client.GrpcClientProtocolClient (GrpcClientProtocolClient.java:onNext(264)) - client-C79DE3E06697->1d6da99a-ba9a-4d72-abd2-d0f1aa02f12f: receive RaftClientReply:client-C79DE3E06697->1d6da99a-ba9a-4d72-abd2-d0f1aa02f12f@group-B29EE812FB58, cid=719, SUCCESS, logIndex=914, commits[1d6da99a-ba9a-4d72-abd2-d0f1aa02f12f:c916, 9dc27687-2024-46ae-8b6e-c9027bfa400e:c912, 9c9c57da-14dc-454a-b374-789aa5e765a9:c912]
2019-09-16 23:34:43,758 [grpc-default-executor-1] INFO  client.GrpcClientProtocolClient (GrpcClientProtocolClient.java:onNext(264)) - client-C79DE3E06697->1d6da99a-ba9a-4d72-abd2-d0f1aa02f12f: receive RaftClientReply:client-C79DE3E06697->1d6da99a-ba9a-4d72-abd2-d0f1aa02f12f@group-B29EE812FB58, cid=720, SUCCESS, logIndex=915, commits[1d6da99a-ba9a-4d72-abd2-d0f1aa02f12f:c916, 9dc27687-2024-46ae-8b6e-c9027bfa400e:c912, 9c9c57da-14dc-454a-b374-789aa5e765a9:c912]
2019-09-16 23:34:43,758 [grpc-default-executor-3] INFO  client.GrpcClientProtocolClient (GrpcClientProtocolClient.java:onNext(264)) - client-C79DE3E06697->1d6da99a-ba9a-4d72-abd2-d0f1aa02f12f: receive RaftClientReply:client-C79DE3E06697->1d6da99a-ba9a-4d72-abd2-d0f1aa02f12f@group-B29EE812FB58, cid=721, SUCCESS, logIndex=916, commits[1d6da99a-ba9a-4d72-abd2-d0f1aa02f12f:c916, 9dc27687-2024-46ae-8b6e-c9027bfa400e:c912, 9c9c57da-14dc-454a-b374-789aa5e765a9:c912]
2019-09-16 23:34:43,772 [grpc-default-executor-3] INFO  client.GrpcClientProtocolClient (GrpcClientProtocolClient.java:onNext(264)) - client-C79DE3E06697->1d6da99a-ba9a-4d72-abd2-d0f1aa02f12f: receive RaftClientReply:client-C79DE3E06697->1d6da99a-ba9a-4d72-abd2-d0f1aa02f12f@group-B29EE812FB58, cid=722, SUCCESS, logIndex=0, commits[1d6da99a-ba9a-4d72-abd2-d0f1aa02f12f:c919, 9dc27687-2024-46ae-8b6e-c9027bfa400e:c914, 9c9c57da-14dc-454a-b374-789aa5e765a9:c916]
2019-09-16 23:34:43,791 [grpc-default-executor-3] INFO  client.GrpcClientProtocolClient (GrpcClientProtocolClient.java:onNext(264)) - client-C79DE3E06697->1d6da99a-ba9a-4d72-abd2-d0f1aa02f12f: receive RaftClientReply:client-C79DE3E06697->1d6da99a-ba9a-4d72-abd2-d0f1aa02f12f@group-B29EE812FB58, cid=723, SUCCESS, logIndex=921, commits[1d6da99a-ba9a-4d72-abd2-d0f1aa02f12f:c922, 9dc27687-2024-46ae-8b6e-c9027bfa400e:c920, 9c9c57da-14dc-454a-b374-789aa5e765a9:c916]
2019-09-16 23:34:43,792 [grpc-default-executor-3] INFO  client.GrpcClientProtocolClient (GrpcClientProtocolClient.java:onNext(264)) - client-C79DE3E06697->1d6da99a-ba9a-4d72-abd2-d0f1aa02f12f: receive RaftClientReply:client-C79DE3E06697->1d6da99a-ba9a-4d72-abd2-d0f1aa02f12f@group-B29EE812FB58, cid=724, SUCCESS, logIndex=922, commits[1d6da99a-ba9a-4d72-abd2-d0f1aa02f12f:c922, 9dc27687-2024-46ae-8b6e-c9027bfa400e:c920, 9c9c57da-14dc-454a-b374-789aa5e765a9:c916]
2019-09-16 23:34:43,807 [grpc-default-executor-3] INFO  client.GrpcClientProtocolClient (GrpcClientProtocolClient.java:onNext(264)) - client-C79DE3E06697->1d6da99a-ba9a-4d72-abd2-d0f1aa02f12f: receive RaftClientReply:client-C79DE3E06697->1d6da99a-ba9a-4d72-abd2-d0f1aa02f12f@group-B29EE812FB58, cid=725, SUCCESS, logIndex=925, commits[1d6da99a-ba9a-4d72-abd2-d0f1aa02f12f:c926, 9dc27687-2024-46ae-8b6e-c9027bfa400e:c924, 9c9c57da-14dc-454a-b374-789aa5e765a9:c922]
2019-09-16 23:34:43,808 [grpc-default-executor-3] INFO  client.GrpcClientProtocolClient (GrpcClientProtocolClient.java:onNext(264)) - client-C79DE3E06697->1d6da99a-ba9a-4d72-abd2-d0f1aa02f12f: receive RaftClientReply:client-C79DE3E06697->1d6da99a-ba9a-4d72-abd2-d0f1aa02f12f@group-B29EE812FB58, cid=726, SUCCESS, logIndex=926, commits[1d6da99a-ba9a-4d72-abd2-d0f1aa02f12f:c926, 9dc27687-2024-46ae-8b6e-c9027bfa400e:c924, 9c9c57da-14dc-454a-b374-789aa5e765a9:c924]
2019-09-16 23:34:43,809 [grpc-default-executor-3] INFO  client.GrpcClientProtocolClient (GrpcClientProtocolClient.java:onNext(264)) - client-C79DE3E06697->1d6da99a-ba9a-4d72-abd2-d0f1aa02f12f: receive RaftClientReply:client-C79DE3E06697->1d6da99a-ba9a-4d72-abd2-d0f1aa02f12f@group-B29EE812FB58, cid=727, SUCCESS, logIndex=0, commits[1d6da99a-ba9a-4d72-abd2-d0f1aa02f12f:c927, 9dc27687-2024-46ae-8b6e-c9027bfa400e:c926, 9c9c57da-14dc-454a-b374-789aa5e765a9:c926]
2019-09-16 23:34:43,825 [grpc-default-executor-3] INFO  client.GrpcClientProtocolClient (GrpcClientProtocolClient.java:onNext(264)) - client-C79DE3E06697->1d6da99a-ba9a-4d72-abd2-d0f1aa02f12f: receive RaftClientReply:client-C79DE3E06697->1d6da99a-ba9a-4d72-abd2-d0f1aa02f12f@group-B29EE812FB58, cid=728, SUCCESS, logIndex=929, commits[1d6da99a-ba9a-4d72-abd2-d0f1aa02f12f:c930, 9dc27687-2024-46ae-8b6e-c9027bfa400e:c926, 9c9c57da-14dc-454a-b374-789aa5e765a9:c928]
2019-09-16 23:34:43,825 [grpc-default-executor-3] INFO  client.GrpcClientProtocolClient (GrpcClientProtocolClient.java:onNext(264)) - client-C79DE3E06697->1d6da99a-ba9a-4d72-abd2-d0f1aa02f12f: receive RaftClientReply:client-C79DE3E06697->1d6da99a-ba9a-4d72-abd2-d0f1aa02f12f@group-B29EE812FB58, cid=729, SUCCESS, logIndex=930, commits[1d6da99a-ba9a-4d72-abd2-d0f1aa02f12f:c930, 9dc27687-2024-46ae-8b6e-c9027bfa400e:c926, 9c9c57da-14dc-454a-b374-789aa5e765a9:c928]
2019-09-16 23:34:43,828 [grpc-default-executor-3] INFO  client.GrpcClientProtocolClient (GrpcClientProtocolClient.java:onNext(264)) - client-C79DE3E06697->1d6da99a-ba9a-4d72-abd2-d0f1aa02f12f: receive RaftClientReply:client-C79DE3E06697->1d6da99a-ba9a-4d72-abd2-d0f1aa02f12f@group-B29EE812FB58, cid=730, SUCCESS, logIndex=931, commits[1d6da99a-ba9a-4d72-abd2-d0f1aa02f12f:c934, 9dc27687-2024-46ae-8b6e-c9027bfa400e:c928, 9c9c57da-14dc-454a-b374-789aa5e765a9:c930]
2019-09-16 23:34:43,828 [grpc-default-executor-3] INFO  client.GrpcClientProtocolClient (GrpcClientProtocolClient.java:onNext(264)) - client-C79DE3E06697->1d6da99a-ba9a-4d72-abd2-d0f1aa02f12f: receive RaftClientReply:client-C79DE3E06697->1d6da99a-ba9a-4d72-abd2-d0f1aa02f12f@group-B29EE812FB58, cid=731, SUCCESS, logIndex=932, commits[1d6da99a-ba9a-4d72-abd2-d0f1aa02f12f:c934, 9dc27687-2024-46ae-8b6e-c9027bfa400e:c928, 9c9c57da-14dc-454a-b374-789aa5e765a9:c930]
2019-09-16 23:34:43,830 [grpc-default-executor-1] INFO  client.GrpcClientProtocolClient (GrpcClientProtocolClient.java:onNext(264)) - client-C79DE3E06697->1d6da99a-ba9a-4d72-abd2-d0f1aa02f12f: receive RaftClientReply:client-C79DE3E06697->1d6da99a-ba9a-4d72-abd2-d0f1aa02f12f@group-B29EE812FB58, cid=732, SUCCESS, logIndex=0, commits[1d6da99a-ba9a-4d72-abd2-d0f1aa02f12f:c934, 9dc27687-2024-46ae-8b6e-c9027bfa400e:c930, 9c9c57da-14dc-454a-b374-789aa5e765a9:c930]
2019-09-16 23:34:43,845 [grpc-default-executor-1] INFO  client.GrpcClientProtocolClient (GrpcClientProtocolClient.java:onNext(264)) - client-C79DE3E06697->1d6da99a-ba9a-4d72-abd2-d0f1aa02f12f: receive RaftClientReply:client-C79DE3E06697->1d6da99a-ba9a-4d72-abd2-d0f1aa02f12f@group-B29EE812FB58, cid=733, SUCCESS, logIndex=936, commits[1d6da99a-ba9a-4d72-abd2-d0f1aa02f12f:c936, 9dc27687-2024-46ae-8b6e-c9027bfa400e:c935, 9c9c57da-14dc-454a-b374-789aa5e765a9:c935]
2019-09-16 23:34:43,846 [grpc-default-executor-1] INFO  client.GrpcClientProtocolClient (GrpcClientProtocolClient.java:onNext(264)) - client-C79DE3E06697->1d6da99a-ba9a-4d72-abd2-d0f1aa02f12f: receive RaftClientReply:client-C79DE3E06697->1d6da99a-ba9a-4d72-abd2-d0f1aa02f12f@group-B29EE812FB58, cid=734, SUCCESS, logIndex=937, commits[1d6da99a-ba9a-4d72-abd2-d0f1aa02f12f:c937, 9dc27687-2024-46ae-8b6e-c9027bfa400e:c935, 9c9c57da-14dc-454a-b374-789aa5e765a9:c935]
2019-09-16 23:34:43,875 [grpc-default-executor-1] INFO  client.GrpcClientProtocolClient (GrpcClientProtocolClient.java:onNext(264)) - client-C79DE3E06697->1d6da99a-ba9a-4d72-abd2-d0f1aa02f12f: receive RaftClientReply:client-C79DE3E06697->1d6da99a-ba9a-4d72-abd2-d0f1aa02f12f@group-B29EE812FB58, cid=735, SUCCESS, logIndex=940, commits[1d6da99a-ba9a-4d72-abd2-d0f1aa02f12f:c941, 9dc27687-2024-46ae-8b6e-c9027bfa400e:c937, 9c9c57da-14dc-454a-b374-789aa5e765a9:c937]
2019-09-16 23:34:43,876 [grpc-default-executor-1] INFO  client.GrpcClientProtocolClient (GrpcClientProtocolClient.java:onNext(264)) - client-C79DE3E06697->1d6da99a-ba9a-4d72-abd2-d0f1aa02f12f: receive RaftClientReply:client-C79DE3E06697->1d6da99a-ba9a-4d72-abd2-d0f1aa02f12f@group-B29EE812FB58, cid=736, SUCCESS, logIndex=941, commits[1d6da99a-ba9a-4d72-abd2-d0f1aa02f12f:c941, 9dc27687-2024-46ae-8b6e-c9027bfa400e:c937, 9c9c57da-14dc-454a-b374-789aa5e765a9:c937]
2019-09-16 23:34:43,887 [grpc-default-executor-1] INFO  client.GrpcClientProtocolClient (GrpcClientProtocolClient.java:onNext(264)) - client-C79DE3E06697->1d6da99a-ba9a-4d72-abd2-d0f1aa02f12f: receive RaftClientReply:client-C79DE3E06697->1d6da99a-ba9a-4d72-abd2-d0f1aa02f12f@group-B29EE812FB58, cid=737, SUCCESS, logIndex=0, commits[1d6da99a-ba9a-4d72-abd2-d0f1aa02f12f:c942, 9dc27687-2024-46ae-8b6e-c9027bfa400e:c941, 9c9c57da-14dc-454a-b374-789aa5e765a9:c941]
2019-09-16 23:34:43,917 [grpc-default-executor-1] INFO  client.GrpcClientProtocolClient (GrpcClientProtocolClient.java:onNext(264)) - client-C79DE3E06697->1d6da99a-ba9a-4d72-abd2-d0f1aa02f12f: receive RaftClientReply:client-C79DE3E06697->1d6da99a-ba9a-4d72-abd2-d0f1aa02f12f@group-B29EE812FB58, cid=738, SUCCESS, logIndex=944, commits[1d6da99a-ba9a-4d72-abd2-d0f1aa02f12f:c947, 9dc27687-2024-46ae-8b6e-c9027bfa400e:c943, 9c9c57da-14dc-454a-b374-789aa5e765a9:c943]
2019-09-16 23:34:43,917 [grpc-default-executor-1] INFO  client.GrpcClientProtocolClient (GrpcClientProtocolClient.java:onNext(264)) - client-C79DE3E06697->1d6da99a-ba9a-4d72-abd2-d0f1aa02f12f: receive RaftClientReply:client-C79DE3E06697->1d6da99a-ba9a-4d72-abd2-d0f1aa02f12f@group-B29EE812FB58, cid=739, SUCCESS, logIndex=945, commits[1d6da99a-ba9a-4d72-abd2-d0f1aa02f12f:c947, 9dc27687-2024-46ae-8b6e-c9027bfa400e:c943, 9c9c57da-14dc-454a-b374-789aa5e765a9:c943]
2019-09-16 23:34:43,918 [grpc-default-executor-1] INFO  client.GrpcClientProtocolClient (GrpcClientProtocolClient.java:onNext(264)) - client-C79DE3E06697->1d6da99a-ba9a-4d72-abd2-d0f1aa02f12f: receive RaftClientReply:client-C79DE3E06697->1d6da99a-ba9a-4d72-abd2-d0f1aa02f12f@group-B29EE812FB58, cid=740, SUCCESS, logIndex=946, commits[1d6da99a-ba9a-4d72-abd2-d0f1aa02f12f:c947, 9dc27687-2024-46ae-8b6e-c9027bfa400e:c943, 9c9c57da-14dc-454a-b374-789aa5e765a9:c943]
2019-09-16 23:34:43,919 [grpc-default-executor-1] INFO  client.GrpcClientProtocolClient (GrpcClientProtocolClient.java:onNext(264)) - client-C79DE3E06697->1d6da99a-ba9a-4d72-abd2-d0f1aa02f12f: receive RaftClientReply:client-C79DE3E06697->1d6da99a-ba9a-4d72-abd2-d0f1aa02f12f@group-B29EE812FB58, cid=741, SUCCESS, logIndex=947, commits[1d6da99a-ba9a-4d72-abd2-d0f1aa02f12f:c947, 9dc27687-2024-46ae-8b6e-c9027bfa400e:c943, 9c9c57da-14dc-454a-b374-789aa5e765a9:c943]
2019-09-16 23:34:43,931 [grpc-default-executor-1] INFO  client.GrpcClientProtocolClient (GrpcClientProtocolClient.java:onNext(264)) - client-C79DE3E06697->1d6da99a-ba9a-4d72-abd2-d0f1aa02f12f: receive RaftClientReply:client-C79DE3E06697->1d6da99a-ba9a-4d72-abd2-d0f1aa02f12f@group-B29EE812FB58, cid=742, SUCCESS, logIndex=0, commits[1d6da99a-ba9a-4d72-abd2-d0f1aa02f12f:c948, 9dc27687-2024-46ae-8b6e-c9027bfa400e:c945, 9c9c57da-14dc-454a-b374-789aa5e765a9:c945]
2019-09-16 23:34:43,957 [grpc-default-executor-6] INFO  client.GrpcClientProtocolClient (GrpcClientProtocolClient.java:onNext(264)) - client-C79DE3E06697->1d6da99a-ba9a-4d72-abd2-d0f1aa02f12f: receive RaftClientReply:client-C79DE3E06697->1d6da99a-ba9a-4d72-abd2-d0f1aa02f12f@group-B29EE812FB58, cid=743, SUCCESS, logIndex=951, commits[1d6da99a-ba9a-4d72-abd2-d0f1aa02f12f:c952, 9dc27687-2024-46ae-8b6e-c9027bfa400e:c948, 9c9c57da-14dc-454a-b374-789aa5e765a9:c948]
2019-09-16 23:34:43,957 [grpc-default-executor-6] INFO  client.GrpcClientProtocolClient (GrpcClientProtocolClient.java:onNext(264)) - client-C79DE3E06697->1d6da99a-ba9a-4d72-abd2-d0f1aa02f12f: receive RaftClientReply:client-C79DE3E06697->1d6da99a-ba9a-4d72-abd2-d0f1aa02f12f@group-B29EE812FB58, cid=744, SUCCESS, logIndex=952, commits[1d6da99a-ba9a-4d72-abd2-d0f1aa02f12f:c952, 9dc27687-2024-46ae-8b6e-c9027bfa400e:c948, 9c9c57da-14dc-454a-b374-789aa5e765a9:c948]
2019-09-16 23:34:43,981 [grpc-default-executor-6] INFO  client.GrpcClientProtocolClient (GrpcClientProtocolClient.java:onNext(264)) - client-C79DE3E06697->1d6da99a-ba9a-4d72-abd2-d0f1aa02f12f: receive RaftClientReply:client-C79DE3E06697->1d6da99a-ba9a-4d72-abd2-d0f1aa02f12f@group-B29EE812FB58, cid=745, SUCCESS, logIndex=955, commits[1d6da99a-ba9a-4d72-abd2-d0f1aa02f12f:c955, 9dc27687-2024-46ae-8b6e-c9027bfa400e:c952, 9c9c57da-14dc-454a-b374-789aa5e765a9:c952]
2019-09-16 23:34:43,982 [grpc-default-executor-6] INFO  client.GrpcClientProtocolClient (GrpcClientProtocolClient.java:onNext(264)) - client-C79DE3E06697->1d6da99a-ba9a-4d72-abd2-d0f1aa02f12f: receive RaftClientReply:client-C79DE3E06697->1d6da99a-ba9a-4d72-abd2-d0f1aa02f12f@group-B29EE812FB58, cid=746, SUCCESS, logIndex=956, commits[1d6da99a-ba9a-4d72-abd2-d0f1aa02f12f:c956, 9dc27687-2024-46ae-8b6e-c9027bfa400e:c952, 9c9c57da-14dc-454a-b374-789aa5e765a9:c952]
2019-09-16 23:34:43,996 [grpc-default-executor-6] INFO  client.GrpcClientProtocolClient (GrpcClientProtocolClient.java:onNext(264)) - client-C79DE3E06697->1d6da99a-ba9a-4d72-abd2-d0f1aa02f12f: receive RaftClientReply:client-C79DE3E06697->1d6da99a-ba9a-4d72-abd2-d0f1aa02f12f@group-B29EE812FB58, cid=747, SUCCESS, logIndex=0, commits[1d6da99a-ba9a-4d72-abd2-d0f1aa02f12f:c958, 9dc27687-2024-46ae-8b6e-c9027bfa400e:c956, 9c9c57da-14dc-454a-b374-789aa5e765a9:c956]
2019-09-16 23:34:44,013 [grpc-default-executor-1] INFO  client.GrpcClientProtocolClient (GrpcClientProtocolClient.java:onNext(264)) - client-C79DE3E06697->1d6da99a-ba9a-4d72-abd2-d0f1aa02f12f: receive RaftClientReply:client-C79DE3E06697->1d6da99a-ba9a-4d72-abd2-d0f1aa02f12f@group-B29EE812FB58, cid=748, SUCCESS, logIndex=959, commits[1d6da99a-ba9a-4d72-abd2-d0f1aa02f12f:c960, 9dc27687-2024-46ae-8b6e-c9027bfa400e:c958, 9c9c57da-14dc-454a-b374-789aa5e765a9:c958]
2019-09-16 23:34:44,014 [grpc-default-executor-1] INFO  client.GrpcClientProtocolClient (GrpcClientProtocolClient.java:onNext(264)) - client-C79DE3E06697->1d6da99a-ba9a-4d72-abd2-d0f1aa02f12f: receive RaftClientReply:client-C79DE3E06697->1d6da99a-ba9a-4d72-abd2-d0f1aa02f12f@group-B29EE812FB58, cid=749, SUCCESS, logIndex=960, commits[1d6da99a-ba9a-4d72-abd2-d0f1aa02f12f:c960, 9dc27687-2024-46ae-8b6e-c9027bfa400e:c958, 9c9c57da-14dc-454a-b374-789aa5e765a9:c958]
2019-09-16 23:34:44,015 [grpc-default-executor-1] INFO  client.GrpcClientProtocolClient (GrpcClientProtocolClient.java:onNext(264)) - client-C79DE3E06697->1d6da99a-ba9a-4d72-abd2-d0f1aa02f12f: receive RaftClientReply:client-C79DE3E06697->1d6da99a-ba9a-4d72-abd2-d0f1aa02f12f@group-B29EE812FB58, cid=750, SUCCESS, logIndex=961, commits[1d6da99a-ba9a-4d72-abd2-d0f1aa02f12f:c962, 9dc27687-2024-46ae-8b6e-c9027bfa400e:c958, 9c9c57da-14dc-454a-b374-789aa5e765a9:c958]
2019-09-16 23:34:44,015 [grpc-default-executor-1] INFO  client.GrpcClientProtocolClient (GrpcClientProtocolClient.java:onNext(264)) - client-C79DE3E06697->1d6da99a-ba9a-4d72-abd2-d0f1aa02f12f: receive RaftClientReply:client-C79DE3E06697->1d6da99a-ba9a-4d72-abd2-d0f1aa02f12f@group-B29EE812FB58, cid=751, SUCCESS, logIndex=962, commits[1d6da99a-ba9a-4d72-abd2-d0f1aa02f12f:c962, 9dc27687-2024-46ae-8b6e-c9027bfa400e:c958, 9c9c57da-14dc-454a-b374-789aa5e765a9:c958]
2019-09-16 23:34:44,017 [grpc-default-executor-7] INFO  client.GrpcClientProtocolClient (GrpcClientProtocolClient.java:onNext(264)) - client-C79DE3E06697->1d6da99a-ba9a-4d72-abd2-d0f1aa02f12f: receive RaftClientReply:client-C79DE3E06697->1d6da99a-ba9a-4d72-abd2-d0f1aa02f12f@group-B29EE812FB58, cid=752, SUCCESS, logIndex=0, commits[1d6da99a-ba9a-4d72-abd2-d0f1aa02f12f:c963, 9dc27687-2024-46ae-8b6e-c9027bfa400e:c960, 9c9c57da-14dc-454a-b374-789aa5e765a9:c960]
2019-09-16 23:34:44,027 [grpc-default-executor-7] INFO  client.GrpcClientProtocolClient (GrpcClientProtocolClient.java:onNext(264)) - client-C79DE3E06697->1d6da99a-ba9a-4d72-abd2-d0f1aa02f12f: receive RaftClientReply:client-C79DE3E06697->1d6da99a-ba9a-4d72-abd2-d0f1aa02f12f@group-B29EE812FB58, cid=753, SUCCESS, logIndex=967, commits[1d6da99a-ba9a-4d72-abd2-d0f1aa02f12f:c968, 9dc27687-2024-46ae-8b6e-c9027bfa400e:c966, 9c9c57da-14dc-454a-b374-789aa5e765a9:c966]
2019-09-16 23:34:44,027 [grpc-default-executor-7] INFO  client.GrpcClientProtocolClient (GrpcClientProtocolClient.java:onNext(264)) - client-C79DE3E06697->1d6da99a-ba9a-4d72-abd2-d0f1aa02f12f: receive RaftClientReply:client-C79DE3E06697->1d6da99a-ba9a-4d72-abd2-d0f1aa02f12f@group-B29EE812FB58, cid=754, SUCCESS, logIndex=968, commits[1d6da99a-ba9a-4d72-abd2-d0f1aa02f12f:c968, 9dc27687-2024-46ae-8b6e-c9027bfa400e:c966, 9c9c57da-14dc-454a-b374-789aa5e765a9:c966]
2019-09-16 23:34:44,045 [grpc-default-executor-1] INFO  client.GrpcClientProtocolClient (GrpcClientProtocolClient.java:onNext(264)) - client-C79DE3E06697->1d6da99a-ba9a-4d72-abd2-d0f1aa02f12f: receive RaftClientReply:client-C79DE3E06697->1d6da99a-ba9a-4d72-abd2-d0f1aa02f12f@group-B29EE812FB58, cid=755, SUCCESS, logIndex=971, commits[1d6da99a-ba9a-4d72-abd2-d0f1aa02f12f:c971, 9dc27687-2024-46ae-8b6e-c9027bfa400e:c969, 9c9c57da-14dc-454a-b374-789aa5e765a9:c969]
2019-09-16 23:34:44,046 [grpc-default-executor-1] INFO  client.GrpcClientProtocolClient (GrpcClientProtocolClient.java:onNext(264)) - client-C79DE3E06697->1d6da99a-ba9a-4d72-abd2-d0f1aa02f12f: receive RaftClientReply:client-C79DE3E06697->1d6da99a-ba9a-4d72-abd2-d0f1aa02f12f@group-B29EE812FB58, cid=756, SUCCESS, logIndex=972, commits[1d6da99a-ba9a-4d72-abd2-d0f1aa02f12f:c972, 9dc27687-2024-46ae-8b6e-c9027bfa400e:c969, 9c9c57da-14dc-454a-b374-789aa5e765a9:c969]
2019-09-16 23:34:44,050 [grpc-default-executor-6] INFO  client.GrpcClientProtocolClient (GrpcClientProtocolClient.java:onNext(264)) - client-C79DE3E06697->1d6da99a-ba9a-4d72-abd2-d0f1aa02f12f: receive RaftClientReply:client-C79DE3E06697->1d6da99a-ba9a-4d72-abd2-d0f1aa02f12f@group-B29EE812FB58, cid=757, SUCCESS, logIndex=0, commits[1d6da99a-ba9a-4d72-abd2-d0f1aa02f12f:c974, 9dc27687-2024-46ae-8b6e-c9027bfa400e:c972, 9c9c57da-14dc-454a-b374-789aa5e765a9:c972]
2019-09-16 23:34:44,062 [grpc-default-executor-1] INFO  client.GrpcClientProtocolClient (GrpcClientProtocolClient.java:onNext(264)) - client-C79DE3E06697->1d6da99a-ba9a-4d72-abd2-d0f1aa02f12f: receive RaftClientReply:client-C79DE3E06697->1d6da99a-ba9a-4d72-abd2-d0f1aa02f12f@group-B29EE812FB58, cid=758, SUCCESS, logIndex=975, commits[1d6da99a-ba9a-4d72-abd2-d0f1aa02f12f:c976, 9dc27687-2024-46ae-8b6e-c9027bfa400e:c974, 9c9c57da-14dc-454a-b374-789aa5e765a9:c974]
2019-09-16 23:34:44,063 [grpc-default-executor-1] INFO  client.GrpcClientProtocolClient (GrpcClientProtocolClient.java:onNext(264)) - client-C79DE3E06697->1d6da99a-ba9a-4d72-abd2-d0f1aa02f12f: receive RaftClientReply:client-C79DE3E06697->1d6da99a-ba9a-4d72-abd2-d0f1aa02f12f@group-B29EE812FB58, cid=759, SUCCESS, logIndex=976, commits[1d6da99a-ba9a-4d72-abd2-d0f1aa02f12f:c976, 9dc27687-2024-46ae-8b6e-c9027bfa400e:c974, 9c9c57da-14dc-454a-b374-789aa5e765a9:c974]
2019-09-16 23:34:44,065 [grpc-default-executor-7] INFO  client.GrpcClientProtocolClient (GrpcClientProtocolClient.java:onNext(264)) - client-C79DE3E06697->1d6da99a-ba9a-4d72-abd2-d0f1aa02f12f: receive RaftClientReply:client-C79DE3E06697->1d6da99a-ba9a-4d72-abd2-d0f1aa02f12f@group-B29EE812FB58, cid=760, SUCCESS, logIndex=977, commits[1d6da99a-ba9a-4d72-abd2-d0f1aa02f12f:c978, 9dc27687-2024-46ae-8b6e-c9027bfa400e:c974, 9c9c57da-14dc-454a-b374-789aa5e765a9:c976]
2019-09-16 23:34:44,065 [grpc-default-executor-7] INFO  client.GrpcClientProtocolClient (GrpcClientProtocolClient.java:onNext(264)) - client-C79DE3E06697->1d6da99a-ba9a-4d72-abd2-d0f1aa02f12f: receive RaftClientReply:client-C79DE3E06697->1d6da99a-ba9a-4d72-abd2-d0f1aa02f12f@group-B29EE812FB58, cid=761, SUCCESS, logIndex=978, commits[1d6da99a-ba9a-4d72-abd2-d0f1aa02f12f:c980, 9dc27687-2024-46ae-8b6e-c9027bfa400e:c974, 9c9c57da-14dc-454a-b374-789aa5e765a9:c976]
2019-09-16 23:34:44,066 [grpc-default-executor-7] INFO  client.GrpcClientProtocolClient (GrpcClientProtocolClient.java:onNext(264)) - client-C79DE3E06697->1d6da99a-ba9a-4d72-abd2-d0f1aa02f12f: receive RaftClientReply:client-C79DE3E06697->1d6da99a-ba9a-4d72-abd2-d0f1aa02f12f@group-B29EE812FB58, cid=762, SUCCESS, logIndex=0, commits[1d6da99a-ba9a-4d72-abd2-d0f1aa02f12f:c980, 9dc27687-2024-46ae-8b6e-c9027bfa400e:c976, 9c9c57da-14dc-454a-b374-789aa5e765a9:c976]
2019-09-16 23:34:44,075 [grpc-default-executor-7] INFO  client.GrpcClientProtocolClient (GrpcClientProtocolClient.java:onNext(264)) - client-C79DE3E06697->1d6da99a-ba9a-4d72-abd2-d0f1aa02f12f: receive RaftClientReply:client-C79DE3E06697->1d6da99a-ba9a-4d72-abd2-d0f1aa02f12f@group-B29EE812FB58, cid=763, SUCCESS, logIndex=983, commits[1d6da99a-ba9a-4d72-abd2-d0f1aa02f12f:c984, 9dc27687-2024-46ae-8b6e-c9027bfa400e:c979, 9c9c57da-14dc-454a-b374-789aa5e765a9:c982]
2019-09-16 23:34:44,076 [grpc-default-executor-7] INFO  client.GrpcClientProtocolClient (GrpcClientProtocolClient.java:onNext(264)) - client-C79DE3E06697->1d6da99a-ba9a-4d72-abd2-d0f1aa02f12f: receive RaftClientReply:client-C79DE3E06697->1d6da99a-ba9a-4d72-abd2-d0f1aa02f12f@group-B29EE812FB58, cid=764, SUCCESS, logIndex=984, commits[1d6da99a-ba9a-4d72-abd2-d0f1aa02f12f:c984, 9dc27687-2024-46ae-8b6e-c9027bfa400e:c979, 9c9c57da-14dc-454a-b374-789aa5e765a9:c982]
2019-09-16 23:34:44,086 [grpc-default-executor-1] INFO  client.GrpcClientProtocolClient (GrpcClientProtocolClient.java:onNext(264)) - client-C79DE3E06697->1d6da99a-ba9a-4d72-abd2-d0f1aa02f12f: receive RaftClientReply:client-C79DE3E06697->1d6da99a-ba9a-4d72-abd2-d0f1aa02f12f@group-B29EE812FB58, cid=765, SUCCESS, logIndex=987, commits[1d6da99a-ba9a-4d72-abd2-d0f1aa02f12f:c988, 9dc27687-2024-46ae-8b6e-c9027bfa400e:c984, 9c9c57da-14dc-454a-b374-789aa5e765a9:c986]
2019-09-16 23:34:44,086 [grpc-default-executor-1] INFO  client.GrpcClientProtocolClient (GrpcClientProtocolClient.java:onNext(264)) - client-C79DE3E06697->1d6da99a-ba9a-4d72-abd2-d0f1aa02f12f: receive RaftClientReply:client-C79DE3E06697->1d6da99a-ba9a-4d72-abd2-d0f1aa02f12f@group-B29EE812FB58, cid=766, SUCCESS, logIndex=988, commits[1d6da99a-ba9a-4d72-abd2-d0f1aa02f12f:c988, 9dc27687-2024-46ae-8b6e-c9027bfa400e:c986, 9c9c57da-14dc-454a-b374-789aa5e765a9:c986]
2019-09-16 23:34:44,089 [grpc-default-executor-1] INFO  client.GrpcClientProtocolClient (GrpcClientProtocolClient.java:onNext(264)) - client-C79DE3E06697->1d6da99a-ba9a-4d72-abd2-d0f1aa02f12f: receive RaftClientReply:client-C79DE3E06697->1d6da99a-ba9a-4d72-abd2-d0f1aa02f12f@group-B29EE812FB58, cid=767, SUCCESS, logIndex=0, commits[1d6da99a-ba9a-4d72-abd2-d0f1aa02f12f:c990, 9dc27687-2024-46ae-8b6e-c9027bfa400e:c988, 9c9c57da-14dc-454a-b374-789aa5e765a9:c988]
2019-09-16 23:34:44,102 [grpc-default-executor-1] INFO  client.GrpcClientProtocolClient (GrpcClientProtocolClient.java:onNext(264)) - client-C79DE3E06697->1d6da99a-ba9a-4d72-abd2-d0f1aa02f12f: receive RaftClientReply:client-C79DE3E06697->1d6da99a-ba9a-4d72-abd2-d0f1aa02f12f@group-B29EE812FB58, cid=768, SUCCESS, logIndex=991, commits[1d6da99a-ba9a-4d72-abd2-d0f1aa02f12f:c992, 9dc27687-2024-46ae-8b6e-c9027bfa400e:c990, 9c9c57da-14dc-454a-b374-789aa5e765a9:c990]
2019-09-16 23:34:44,103 [grpc-default-executor-6] INFO  client.GrpcClientProtocolClient (GrpcClientProtocolClient.java:onNext(264)) - client-C79DE3E06697->1d6da99a-ba9a-4d72-abd2-d0f1aa02f12f: receive RaftClientReply:client-C79DE3E06697->1d6da99a-ba9a-4d72-abd2-d0f1aa02f12f@group-B29EE812FB58, cid=769, SUCCESS, logIndex=992, commits[1d6da99a-ba9a-4d72-abd2-d0f1aa02f12f:c992, 9dc27687-2024-46ae-8b6e-c9027bfa400e:c990, 9c9c57da-14dc-454a-b374-789aa5e765a9:c990]
2019-09-16 23:34:44,103 [grpc-default-executor-6] INFO  client.GrpcClientProtocolClient (GrpcClientProtocolClient.java:onNext(264)) - client-C79DE3E06697->1d6da99a-ba9a-4d72-abd2-d0f1aa02f12f: receive RaftClientReply:client-C79DE3E06697->1d6da99a-ba9a-4d72-abd2-d0f1aa02f12f@group-B29EE812FB58, cid=770, SUCCESS, logIndex=993, commits[1d6da99a-ba9a-4d72-abd2-d0f1aa02f12f:c993, 9dc27687-2024-46ae-8b6e-c9027bfa400e:c990, 9c9c57da-14dc-454a-b374-789aa5e765a9:c990]
2019-09-16 23:34:44,104 [grpc-default-executor-6] INFO  client.GrpcClientProtocolClient (GrpcClientProtocolClient.java:onNext(264)) - client-C79DE3E06697->1d6da99a-ba9a-4d72-abd2-d0f1aa02f12f: receive RaftClientReply:client-C79DE3E06697->1d6da99a-ba9a-4d72-abd2-d0f1aa02f12f@group-B29EE812FB58, cid=771, SUCCESS, logIndex=994, commits[1d6da99a-ba9a-4d72-abd2-d0f1aa02f12f:c994, 9dc27687-2024-46ae-8b6e-c9027bfa400e:c990, 9c9c57da-14dc-454a-b374-789aa5e765a9:c990]
2019-09-16 23:34:44,105 [grpc-default-executor-6] INFO  client.GrpcClientProtocolClient (GrpcClientProtocolClient.java:onNext(264)) - client-C79DE3E06697->1d6da99a-ba9a-4d72-abd2-d0f1aa02f12f: receive RaftClientReply:client-C79DE3E06697->1d6da99a-ba9a-4d72-abd2-d0f1aa02f12f@group-B29EE812FB58, cid=772, SUCCESS, logIndex=0, commits[1d6da99a-ba9a-4d72-abd2-d0f1aa02f12f:c996, 9dc27687-2024-46ae-8b6e-c9027bfa400e:c992, 9c9c57da-14dc-454a-b374-789aa5e765a9:c992]
 0.00% |█                                                                                                    |  0/1 Time: 0:00:02 0.00% |█                                                                                                    |  0/1 Time: 0:00:03 0.00% |█                                                                                                    |  0/1 Time: 0:00:042019-09-16 23:34:47,256 [grpc-default-executor-7] INFO  client.GrpcClientProtocolClient (GrpcClientProtocolClient.java:onNext(264)) - client-C79DE3E06697->1d6da99a-ba9a-4d72-abd2-d0f1aa02f12f: receive RaftClientReply:client-C79DE3E06697->1d6da99a-ba9a-4d72-abd2-d0f1aa02f12f@group-B29EE812FB58, cid=773, SUCCESS, logIndex=999, commits[1d6da99a-ba9a-4d72-abd2-d0f1aa02f12f:c1001, 9dc27687-2024-46ae-8b6e-c9027bfa400e:c998, 9c9c57da-14dc-454a-b374-789aa5e765a9:c1000]
2019-09-16 23:34:47,258 [grpc-default-executor-7] INFO  client.GrpcClientProtocolClient (GrpcClientProtocolClient.java:onNext(264)) - client-C79DE3E06697->1d6da99a-ba9a-4d72-abd2-d0f1aa02f12f: receive RaftClientReply:client-C79DE3E06697->1d6da99a-ba9a-4d72-abd2-d0f1aa02f12f@group-B29EE812FB58, cid=774, SUCCESS, logIndex=1000, commits[1d6da99a-ba9a-4d72-abd2-d0f1aa02f12f:c1001, 9dc27687-2024-46ae-8b6e-c9027bfa400e:c998, 9c9c57da-14dc-454a-b374-789aa5e765a9:c1000]
 0.00% |█                                                                                                    |  0/1 Time: 0:00:05 0.00% |█                                                                                                    |  0/1 Time: 0:00:06 0.00% |█                                                                                                    |  0/1 Time: 0:00:07 0.00% |█                                                                                                    |  0/1 Time: 0:00:08 0.00% |█                                                                                                    |  0/1 Time: 0:00:09 0.00% |█                                                                                                    |  0/1 Time: 0:00:102019-09-16 23:34:53,209 [grpc-default-executor-6] INFO  client.GrpcClientProtocolClient (GrpcClientProtocolClient.java:onNext(264)) - client-C79DE3E06697->9c9c57da-14dc-454a-b374-789aa5e765a9: receive RaftClientReply:client-C79DE3E06697->9c9c57da-14dc-454a-b374-789aa5e765a9@group-B29EE812FB58, cid=773, FAILED org.apache.ratis.protocol.NotLeaderException: Server 9c9c57da-14dc-454a-b374-789aa5e765a9@group-B29EE812FB58 is not the leader 1d6da99a-ba9a-4d72-abd2-d0f1aa02f12f:192.168.151.68:40984, logIndex=0, commits[9c9c57da-14dc-454a-b374-789aa5e765a9:c1001, 1d6da99a-ba9a-4d72-abd2-d0f1aa02f12f:c1001, 9dc27687-2024-46ae-8b6e-c9027bfa400e:c1001]
2019-09-16 23:34:53,246 [grpc-default-executor-1] INFO  client.GrpcClientProtocolClient (GrpcClientProtocolClient.java:onNext(264)) - client-C79DE3E06697->1d6da99a-ba9a-4d72-abd2-d0f1aa02f12f: receive RaftClientReply:client-C79DE3E06697->1d6da99a-ba9a-4d72-abd2-d0f1aa02f12f@group-B29EE812FB58, cid=773, SUCCESS, logIndex=999, commits[1d6da99a-ba9a-4d72-abd2-d0f1aa02f12f:c1001, 9dc27687-2024-46ae-8b6e-c9027bfa400e:c998, 9c9c57da-14dc-454a-b374-789aa5e765a9:c1000]
2019-09-16 23:34:53,259 [grpc-default-executor-1] INFO  client.GrpcClientProtocolClient (GrpcClientProtocolClient.java:onNext(264)) - client-C79DE3E06697->1d6da99a-ba9a-4d72-abd2-d0f1aa02f12f: receive RaftClientReply:client-C79DE3E06697->1d6da99a-ba9a-4d72-abd2-d0f1aa02f12f@group-B29EE812FB58, cid=774, SUCCESS, logIndex=1000, commits[1d6da99a-ba9a-4d72-abd2-d0f1aa02f12f:c1001, 9dc27687-2024-46ae-8b6e-c9027bfa400e:c998, 9c9c57da-14dc-454a-b374-789aa5e765a9:c1000]
2019-09-16 23:34:53,292 [grpc-default-executor-6] INFO  client.GrpcClientProtocolClient (GrpcClientProtocolClient.java:onNext(264)) - client-C79DE3E06697->1d6da99a-ba9a-4d72-abd2-d0f1aa02f12f: receive RaftClientReply:client-C79DE3E06697->1d6da99a-ba9a-4d72-abd2-d0f1aa02f12f@group-B29EE812FB58, cid=775, SUCCESS, logIndex=1002, commits[1d6da99a-ba9a-4d72-abd2-d0f1aa02f12f:c1003, 9dc27687-2024-46ae-8b6e-c9027bfa400e:c1001, 9c9c57da-14dc-454a-b374-789aa5e765a9:c1001]
2019-09-16 23:34:53,294 [grpc-default-executor-6] INFO  client.GrpcClientProtocolClient (GrpcClientProtocolClient.java:onNext(264)) - client-C79DE3E06697->1d6da99a-ba9a-4d72-abd2-d0f1aa02f12f: receive RaftClientReply:client-C79DE3E06697->1d6da99a-ba9a-4d72-abd2-d0f1aa02f12f@group-B29EE812FB58, cid=776, SUCCESS, logIndex=1003, commits[1d6da99a-ba9a-4d72-abd2-d0f1aa02f12f:c1003, 9dc27687-2024-46ae-8b6e-c9027bfa400e:c1001, 9c9c57da-14dc-454a-b374-789aa5e765a9:c1001]
2019-09-16 23:34:53,308 [grpc-default-executor-6] INFO  client.GrpcClientProtocolClient (GrpcClientProtocolClient.java:onNext(264)) - client-C79DE3E06697->1d6da99a-ba9a-4d72-abd2-d0f1aa02f12f: receive RaftClientReply:client-C79DE3E06697->1d6da99a-ba9a-4d72-abd2-d0f1aa02f12f@group-B29EE812FB58, cid=777, SUCCESS, logIndex=0, commits[1d6da99a-ba9a-4d72-abd2-d0f1aa02f12f:c1004, 9dc27687-2024-46ae-8b6e-c9027bfa400e:c1003, 9c9c57da-14dc-454a-b374-789aa5e765a9:c1003]
2019-09-16 23:34:53,336 [grpc-default-executor-7] INFO  client.GrpcClientProtocolClient (GrpcClientProtocolClient.java:onNext(264)) - client-C79DE3E06697->1d6da99a-ba9a-4d72-abd2-d0f1aa02f12f: receive RaftClientReply:client-C79DE3E06697->1d6da99a-ba9a-4d72-abd2-d0f1aa02f12f@group-B29EE812FB58, cid=778, SUCCESS, logIndex=1006, commits[1d6da99a-ba9a-4d72-abd2-d0f1aa02f12f:c1009, 9dc27687-2024-46ae-8b6e-c9027bfa400e:c1005, 9c9c57da-14dc-454a-b374-789aa5e765a9:c1005]
2019-09-16 23:34:53,337 [grpc-default-executor-7] INFO  client.GrpcClientProtocolClient (GrpcClientProtocolClient.java:onNext(264)) - client-C79DE3E06697->1d6da99a-ba9a-4d72-abd2-d0f1aa02f12f: receive RaftClientReply:client-C79DE3E06697->1d6da99a-ba9a-4d72-abd2-d0f1aa02f12f@group-B29EE812FB58, cid=779, SUCCESS, logIndex=1007, commits[1d6da99a-ba9a-4d72-abd2-d0f1aa02f12f:c1009, 9dc27687-2024-46ae-8b6e-c9027bfa400e:c1005, 9c9c57da-14dc-454a-b374-789aa5e765a9:c1005]
2019-09-16 23:34:53,338 [grpc-default-executor-7] INFO  client.GrpcClientProtocolClient (GrpcClientProtocolClient.java:onNext(264)) - client-C79DE3E06697->1d6da99a-ba9a-4d72-abd2-d0f1aa02f12f: receive RaftClientReply:client-C79DE3E06697->1d6da99a-ba9a-4d72-abd2-d0f1aa02f12f@group-B29EE812FB58, cid=780, SUCCESS, logIndex=1008, commits[1d6da99a-ba9a-4d72-abd2-d0f1aa02f12f:c1009, 9dc27687-2024-46ae-8b6e-c9027bfa400e:c1005, 9c9c57da-14dc-454a-b374-789aa5e765a9:c1005]
2019-09-16 23:34:53,338 [grpc-default-executor-7] INFO  client.GrpcClientProtocolClient (GrpcClientProtocolClient.java:onNext(264)) - client-C79DE3E06697->1d6da99a-ba9a-4d72-abd2-d0f1aa02f12f: receive RaftClientReply:client-C79DE3E06697->1d6da99a-ba9a-4d72-abd2-d0f1aa02f12f@group-B29EE812FB58, cid=781, SUCCESS, logIndex=1009, commits[1d6da99a-ba9a-4d72-abd2-d0f1aa02f12f:c1009, 9dc27687-2024-46ae-8b6e-c9027bfa400e:c1005, 9c9c57da-14dc-454a-b374-789aa5e765a9:c1005]
2019-09-16 23:34:53,340 [grpc-default-executor-1] INFO  client.GrpcClientProtocolClient (GrpcClientProtocolClient.java:onNext(264)) - client-C79DE3E06697->1d6da99a-ba9a-4d72-abd2-d0f1aa02f12f: receive RaftClientReply:client-C79DE3E06697->1d6da99a-ba9a-4d72-abd2-d0f1aa02f12f@group-B29EE812FB58, cid=782, SUCCESS, logIndex=0, commits[1d6da99a-ba9a-4d72-abd2-d0f1aa02f12f:c1010, 9dc27687-2024-46ae-8b6e-c9027bfa400e:c1007, 9c9c57da-14dc-454a-b374-789aa5e765a9:c1007]
2019-09-16 23:34:53,364 [grpc-default-executor-6] INFO  client.GrpcClientProtocolClient (GrpcClientProtocolClient.java:onNext(264)) - client-C79DE3E06697->1d6da99a-ba9a-4d72-abd2-d0f1aa02f12f: receive RaftClientReply:client-C79DE3E06697->1d6da99a-ba9a-4d72-abd2-d0f1aa02f12f@group-B29EE812FB58, cid=783, SUCCESS, logIndex=1014, commits[1d6da99a-ba9a-4d72-abd2-d0f1aa02f12f:c1015, 9dc27687-2024-46ae-8b6e-c9027bfa400e:c1013, 9c9c57da-14dc-454a-b374-789aa5e765a9:c1009]
2019-09-16 23:34:53,364 [grpc-default-executor-6] INFO  client.GrpcClientProtocolClient (GrpcClientProtocolClient.java:onNext(264)) - client-C79DE3E06697->1d6da99a-ba9a-4d72-abd2-d0f1aa02f12f: receive RaftClientReply:client-C79DE3E06697->1d6da99a-ba9a-4d72-abd2-d0f1aa02f12f@group-B29EE812FB58, cid=784, SUCCESS, logIndex=1015, commits[1d6da99a-ba9a-4d72-abd2-d0f1aa02f12f:c1015, 9dc27687-2024-46ae-8b6e-c9027bfa400e:c1013, 9c9c57da-14dc-454a-b374-789aa5e765a9:c1013]
 0.00% |█                                                                                                    |  0/1 Time: 0:00:112019-09-16 23:34:53,381 [grpc-default-executor-7] INFO  client.GrpcClientProtocolClient (GrpcClientProtocolClient.java:onNext(264)) - client-C79DE3E06697->1d6da99a-ba9a-4d72-abd2-d0f1aa02f12f: receive RaftClientReply:client-C79DE3E06697->1d6da99a-ba9a-4d72-abd2-d0f1aa02f12f@group-B29EE812FB58, cid=785, SUCCESS, logIndex=1018, commits[1d6da99a-ba9a-4d72-abd2-d0f1aa02f12f:c1019, 9dc27687-2024-46ae-8b6e-c9027bfa400e:c1017, 9c9c57da-14dc-454a-b374-789aa5e765a9:c1017]
2019-09-16 23:34:53,382 [grpc-default-executor-7] INFO  client.GrpcClientProtocolClient (GrpcClientProtocolClient.java:onNext(264)) - client-C79DE3E06697->1d6da99a-ba9a-4d72-abd2-d0f1aa02f12f: receive RaftClientReply:client-C79DE3E06697->1d6da99a-ba9a-4d72-abd2-d0f1aa02f12f@group-B29EE812FB58, cid=786, SUCCESS, logIndex=1019, commits[1d6da99a-ba9a-4d72-abd2-d0f1aa02f12f:c1019, 9dc27687-2024-46ae-8b6e-c9027bfa400e:c1017, 9c9c57da-14dc-454a-b374-789aa5e765a9:c1017]
2019-09-16 23:34:53,384 [grpc-default-executor-6] INFO  client.GrpcClientProtocolClient (GrpcClientProtocolClient.java:onNext(264)) - client-C79DE3E06697->1d6da99a-ba9a-4d72-abd2-d0f1aa02f12f: receive RaftClientReply:client-C79DE3E06697->1d6da99a-ba9a-4d72-abd2-d0f1aa02f12f@group-B29EE812FB58, cid=787, SUCCESS, logIndex=0, commits[1d6da99a-ba9a-4d72-abd2-d0f1aa02f12f:c1020, 9dc27687-2024-46ae-8b6e-c9027bfa400e:c1019, 9c9c57da-14dc-454a-b374-789aa5e765a9:c1019]
2019-09-16 23:34:53,401 [grpc-default-executor-6] INFO  client.GrpcClientProtocolClient (GrpcClientProtocolClient.java:onNext(264)) - client-C79DE3E06697->1d6da99a-ba9a-4d72-abd2-d0f1aa02f12f: receive RaftClientReply:client-C79DE3E06697->1d6da99a-ba9a-4d72-abd2-d0f1aa02f12f@group-B29EE812FB58, cid=788, SUCCESS, logIndex=1022, commits[1d6da99a-ba9a-4d72-abd2-d0f1aa02f12f:c1023, 9dc27687-2024-46ae-8b6e-c9027bfa400e:c1021, 9c9c57da-14dc-454a-b374-789aa5e765a9:c1021]
2019-09-16 23:34:53,402 [grpc-default-executor-6] INFO  client.GrpcClientProtocolClient (GrpcClientProtocolClient.java:onNext(264)) - client-C79DE3E06697->1d6da99a-ba9a-4d72-abd2-d0f1aa02f12f: receive RaftClientReply:client-C79DE3E06697->1d6da99a-ba9a-4d72-abd2-d0f1aa02f12f@group-B29EE812FB58, cid=789, SUCCESS, logIndex=1023, commits[1d6da99a-ba9a-4d72-abd2-d0f1aa02f12f:c1023, 9dc27687-2024-46ae-8b6e-c9027bfa400e:c1021, 9c9c57da-14dc-454a-b374-789aa5e765a9:c1021]
2019-09-16 23:34:53,405 [grpc-default-executor-6] INFO  client.GrpcClientProtocolClient (GrpcClientProtocolClient.java:onNext(264)) - client-C79DE3E06697->1d6da99a-ba9a-4d72-abd2-d0f1aa02f12f: receive RaftClientReply:client-C79DE3E06697->1d6da99a-ba9a-4d72-abd2-d0f1aa02f12f@group-B29EE812FB58, cid=790, SUCCESS, logIndex=1024, commits[1d6da99a-ba9a-4d72-abd2-d0f1aa02f12f:c1027, 9dc27687-2024-46ae-8b6e-c9027bfa400e:c1023, 9c9c57da-14dc-454a-b374-789aa5e765a9:c1021]
2019-09-16 23:34:53,406 [grpc-default-executor-6] INFO  client.GrpcClientProtocolClient (GrpcClientProtocolClient.java:onNext(264)) - client-C79DE3E06697->1d6da99a-ba9a-4d72-abd2-d0f1aa02f12f: receive RaftClientReply:client-C79DE3E06697->1d6da99a-ba9a-4d72-abd2-d0f1aa02f12f@group-B29EE812FB58, cid=791, SUCCESS, logIndex=1025, commits[1d6da99a-ba9a-4d72-abd2-d0f1aa02f12f:c1027, 9dc27687-2024-46ae-8b6e-c9027bfa400e:c1023, 9c9c57da-14dc-454a-b374-789aa5e765a9:c1023]
2019-09-16 23:34:53,423 [grpc-default-executor-6] INFO  client.GrpcClientProtocolClient (GrpcClientProtocolClient.java:onNext(264)) - client-C79DE3E06697->1d6da99a-ba9a-4d72-abd2-d0f1aa02f12f: receive RaftClientReply:client-C79DE3E06697->1d6da99a-ba9a-4d72-abd2-d0f1aa02f12f@group-B29EE812FB58, cid=792, SUCCESS, logIndex=1029, commits[1d6da99a-ba9a-4d72-abd2-d0f1aa02f12f:c1030, 9dc27687-2024-46ae-8b6e-c9027bfa400e:c1028, 9c9c57da-14dc-454a-b374-789aa5e765a9:c1028]
2019-09-16 23:34:53,424 [grpc-default-executor-6] INFO  client.GrpcClientProtocolClient (GrpcClientProtocolClient.java:onNext(264)) - client-C79DE3E06697->1d6da99a-ba9a-4d72-abd2-d0f1aa02f12f: receive RaftClientReply:client-C79DE3E06697->1d6da99a-ba9a-4d72-abd2-d0f1aa02f12f@group-B29EE812FB58, cid=793, SUCCESS, logIndex=1030, commits[1d6da99a-ba9a-4d72-abd2-d0f1aa02f12f:c1030, 9dc27687-2024-46ae-8b6e-c9027bfa400e:c1028, 9c9c57da-14dc-454a-b374-789aa5e765a9:c1028]
2019-09-16 23:34:53,447 [grpc-default-executor-6] INFO  client.GrpcClientProtocolClient (GrpcClientProtocolClient.java:onNext(264)) - client-C79DE3E06697->1d6da99a-ba9a-4d72-abd2-d0f1aa02f12f: receive RaftClientReply:client-C79DE3E06697->1d6da99a-ba9a-4d72-abd2-d0f1aa02f12f@group-B29EE812FB58, cid=794, SUCCESS, logIndex=1033, commits[1d6da99a-ba9a-4d72-abd2-d0f1aa02f12f:c1034, 9dc27687-2024-46ae-8b6e-c9027bfa400e:c1032, 9c9c57da-14dc-454a-b374-789aa5e765a9:c1030]
2019-09-16 23:34:53,447 [grpc-default-executor-6] INFO  client.GrpcClientProtocolClient (GrpcClientProtocolClient.java:onNext(264)) - client-C79DE3E06697->1d6da99a-ba9a-4d72-abd2-d0f1aa02f12f: receive RaftClientReply:client-C79DE3E06697->1d6da99a-ba9a-4d72-abd2-d0f1aa02f12f@group-B29EE812FB58, cid=795, SUCCESS, logIndex=1034, commits[1d6da99a-ba9a-4d72-abd2-d0f1aa02f12f:c1034, 9dc27687-2024-46ae-8b6e-c9027bfa400e:c1032, 9c9c57da-14dc-454a-b374-789aa5e765a9:c1032]
2019-09-16 23:34:53,449 [grpc-default-executor-6] INFO  client.GrpcClientProtocolClient (GrpcClientProtocolClient.java:onNext(264)) - client-C79DE3E06697->1d6da99a-ba9a-4d72-abd2-d0f1aa02f12f: receive RaftClientReply:client-C79DE3E06697->1d6da99a-ba9a-4d72-abd2-d0f1aa02f12f@group-B29EE812FB58, cid=796, SUCCESS, logIndex=0, commits[1d6da99a-ba9a-4d72-abd2-d0f1aa02f12f:c1035, 9dc27687-2024-46ae-8b6e-c9027bfa400e:c1034, 9c9c57da-14dc-454a-b374-789aa5e765a9:c1034]
2019-09-16 23:34:53,464 [grpc-default-executor-7] INFO  client.GrpcClientProtocolClient (GrpcClientProtocolClient.java:onNext(264)) - client-C79DE3E06697->1d6da99a-ba9a-4d72-abd2-d0f1aa02f12f: receive RaftClientReply:client-C79DE3E06697->1d6da99a-ba9a-4d72-abd2-d0f1aa02f12f@group-B29EE812FB58, cid=797, SUCCESS, logIndex=1037, commits[1d6da99a-ba9a-4d72-abd2-d0f1aa02f12f:c1038, 9dc27687-2024-46ae-8b6e-c9027bfa400e:c1034, 9c9c57da-14dc-454a-b374-789aa5e765a9:c1036]
2019-09-16 23:34:53,465 [grpc-default-executor-7] INFO  client.GrpcClientProtocolClient (GrpcClientProtocolClient.java:onNext(264)) - client-C79DE3E06697->1d6da99a-ba9a-4d72-abd2-d0f1aa02f12f: receive RaftClientReply:client-C79DE3E06697->1d6da99a-ba9a-4d72-abd2-d0f1aa02f12f@group-B29EE812FB58, cid=798, SUCCESS, logIndex=1038, commits[1d6da99a-ba9a-4d72-abd2-d0f1aa02f12f:c1038, 9dc27687-2024-46ae-8b6e-c9027bfa400e:c1034, 9c9c57da-14dc-454a-b374-789aa5e765a9:c1036]
2019-09-16 23:34:53,468 [grpc-default-executor-7] INFO  client.GrpcClientProtocolClient (GrpcClientProtocolClient.java:onNext(264)) - client-C79DE3E06697->1d6da99a-ba9a-4d72-abd2-d0f1aa02f12f: receive RaftClientReply:client-C79DE3E06697->1d6da99a-ba9a-4d72-abd2-d0f1aa02f12f@group-B29EE812FB58, cid=799, SUCCESS, logIndex=1039, commits[1d6da99a-ba9a-4d72-abd2-d0f1aa02f12f:c1042, 9dc27687-2024-46ae-8b6e-c9027bfa400e:c1036, 9c9c57da-14dc-454a-b374-789aa5e765a9:c1038]
2019-09-16 23:34:53,469 [grpc-default-executor-7] INFO  client.GrpcClientProtocolClient (GrpcClientProtocolClient.java:onNext(264)) - client-C79DE3E06697->1d6da99a-ba9a-4d72-abd2-d0f1aa02f12f: receive RaftClientReply:client-C79DE3E06697->1d6da99a-ba9a-4d72-abd2-d0f1aa02f12f@group-B29EE812FB58, cid=800, SUCCESS, logIndex=1040, commits[1d6da99a-ba9a-4d72-abd2-d0f1aa02f12f:c1042, 9dc27687-2024-46ae-8b6e-c9027bfa400e:c1036, 9c9c57da-14dc-454a-b374-789aa5e765a9:c1038]
2019-09-16 23:34:53,471 [grpc-default-executor-7] INFO  client.GrpcClientProtocolClient (GrpcClientProtocolClient.java:onNext(264)) - client-C79DE3E06697->1d6da99a-ba9a-4d72-abd2-d0f1aa02f12f: receive RaftClientReply:client-C79DE3E06697->1d6da99a-ba9a-4d72-abd2-d0f1aa02f12f@group-B29EE812FB58, cid=801, SUCCESS, logIndex=0, commits[1d6da99a-ba9a-4d72-abd2-d0f1aa02f12f:c1043, 9dc27687-2024-46ae-8b6e-c9027bfa400e:c1038, 9c9c57da-14dc-454a-b374-789aa5e765a9:c1041]
2019-09-16 23:34:53,484 [grpc-default-executor-1] INFO  client.GrpcClientProtocolClient (GrpcClientProtocolClient.java:onNext(264)) - client-C79DE3E06697->1d6da99a-ba9a-4d72-abd2-d0f1aa02f12f: receive RaftClientReply:client-C79DE3E06697->1d6da99a-ba9a-4d72-abd2-d0f1aa02f12f@group-B29EE812FB58, cid=802, SUCCESS, logIndex=1045, commits[1d6da99a-ba9a-4d72-abd2-d0f1aa02f12f:c1046, 9dc27687-2024-46ae-8b6e-c9027bfa400e:c1044, 9c9c57da-14dc-454a-b374-789aa5e765a9:c1042]
2019-09-16 23:34:53,485 [grpc-default-executor-1] INFO  client.GrpcClientProtocolClient (GrpcClientProtocolClient.java:onNext(264)) - client-C79DE3E06697->1d6da99a-ba9a-4d72-abd2-d0f1aa02f12f: receive RaftClientReply:client-C79DE3E06697->1d6da99a-ba9a-4d72-abd2-d0f1aa02f12f@group-B29EE812FB58, cid=803, SUCCESS, logIndex=1046, commits[1d6da99a-ba9a-4d72-abd2-d0f1aa02f12f:c1046, 9dc27687-2024-46ae-8b6e-c9027bfa400e:c1044, 9c9c57da-14dc-454a-b374-789aa5e765a9:c1044]
2019-09-16 23:34:53,505 [grpc-default-executor-7] INFO  client.GrpcClientProtocolClient (GrpcClientProtocolClient.java:onNext(264)) - client-C79DE3E06697->1d6da99a-ba9a-4d72-abd2-d0f1aa02f12f: receive RaftClientReply:client-C79DE3E06697->1d6da99a-ba9a-4d72-abd2-d0f1aa02f12f@group-B29EE812FB58, cid=804, SUCCESS, logIndex=1048, commits[1d6da99a-ba9a-4d72-abd2-d0f1aa02f12f:c1049, 9dc27687-2024-46ae-8b6e-c9027bfa400e:c1046, 9c9c57da-14dc-454a-b374-789aa5e765a9:c1047]
2019-09-16 23:34:53,505 [grpc-default-executor-7] INFO  client.GrpcClientProtocolClient (GrpcClientProtocolClient.java:onNext(264)) - client-C79DE3E06697->1d6da99a-ba9a-4d72-abd2-d0f1aa02f12f: receive RaftClientReply:client-C79DE3E06697->1d6da99a-ba9a-4d72-abd2-d0f1aa02f12f@group-B29EE812FB58, cid=805, SUCCESS, logIndex=1049, commits[1d6da99a-ba9a-4d72-abd2-d0f1aa02f12f:c1049, 9dc27687-2024-46ae-8b6e-c9027bfa400e:c1047, 9c9c57da-14dc-454a-b374-789aa5e765a9:c1047]
2019-09-16 23:34:53,506 [grpc-default-executor-6] INFO  client.GrpcClientProtocolClient (GrpcClientProtocolClient.java:onNext(264)) - client-C79DE3E06697->1d6da99a-ba9a-4d72-abd2-d0f1aa02f12f: receive RaftClientReply:client-C79DE3E06697->1d6da99a-ba9a-4d72-abd2-d0f1aa02f12f@group-B29EE812FB58, cid=806, SUCCESS, logIndex=0, commits[1d6da99a-ba9a-4d72-abd2-d0f1aa02f12f:c1050, 9dc27687-2024-46ae-8b6e-c9027bfa400e:c1049, 9c9c57da-14dc-454a-b374-789aa5e765a9:c1049]
2019-09-16 23:34:53,522 [grpc-default-executor-7] INFO  client.GrpcClientProtocolClient (GrpcClientProtocolClient.java:onNext(264)) - client-C79DE3E06697->1d6da99a-ba9a-4d72-abd2-d0f1aa02f12f: receive RaftClientReply:client-C79DE3E06697->1d6da99a-ba9a-4d72-abd2-d0f1aa02f12f@group-B29EE812FB58, cid=807, SUCCESS, logIndex=1052, commits[1d6da99a-ba9a-4d72-abd2-d0f1aa02f12f:c1053, 9dc27687-2024-46ae-8b6e-c9027bfa400e:c1051, 9c9c57da-14dc-454a-b374-789aa5e765a9:c1049]
2019-09-16 23:34:53,522 [grpc-default-executor-7] INFO  client.GrpcClientProtocolClient (GrpcClientProtocolClient.java:onNext(264)) - client-C79DE3E06697->1d6da99a-ba9a-4d72-abd2-d0f1aa02f12f: receive RaftClientReply:client-C79DE3E06697->1d6da99a-ba9a-4d72-abd2-d0f1aa02f12f@group-B29EE812FB58, cid=808, SUCCESS, logIndex=1053, commits[1d6da99a-ba9a-4d72-abd2-d0f1aa02f12f:c1053, 9dc27687-2024-46ae-8b6e-c9027bfa400e:c1051, 9c9c57da-14dc-454a-b374-789aa5e765a9:c1049]
2019-09-16 23:34:53,525 [grpc-default-executor-3] INFO  client.GrpcClientProtocolClient (GrpcClientProtocolClient.java:onNext(264)) - client-C79DE3E06697->1d6da99a-ba9a-4d72-abd2-d0f1aa02f12f: receive RaftClientReply:client-C79DE3E06697->1d6da99a-ba9a-4d72-abd2-d0f1aa02f12f@group-B29EE812FB58, cid=809, SUCCESS, logIndex=1054, commits[1d6da99a-ba9a-4d72-abd2-d0f1aa02f12f:c1056, 9dc27687-2024-46ae-8b6e-c9027bfa400e:c1053, 9c9c57da-14dc-454a-b374-789aa5e765a9:c1053]
2019-09-16 23:34:53,525 [grpc-default-executor-3] INFO  client.GrpcClientProtocolClient (GrpcClientProtocolClient.java:onNext(264)) - client-C79DE3E06697->1d6da99a-ba9a-4d72-abd2-d0f1aa02f12f: receive RaftClientReply:client-C79DE3E06697->1d6da99a-ba9a-4d72-abd2-d0f1aa02f12f@group-B29EE812FB58, cid=810, SUCCESS, logIndex=1055, commits[1d6da99a-ba9a-4d72-abd2-d0f1aa02f12f:c1057, 9dc27687-2024-46ae-8b6e-c9027bfa400e:c1053, 9c9c57da-14dc-454a-b374-789aa5e765a9:c1053]
2019-09-16 23:34:53,539 [grpc-default-executor-3] INFO  client.GrpcClientProtocolClient (GrpcClientProtocolClient.java:onNext(264)) - client-C79DE3E06697->1d6da99a-ba9a-4d72-abd2-d0f1aa02f12f: receive RaftClientReply:client-C79DE3E06697->1d6da99a-ba9a-4d72-abd2-d0f1aa02f12f@group-B29EE812FB58, cid=811, SUCCESS, logIndex=1060, commits[1d6da99a-ba9a-4d72-abd2-d0f1aa02f12f:c1061, 9dc27687-2024-46ae-8b6e-c9027bfa400e:c1059, 9c9c57da-14dc-454a-b374-789aa5e765a9:c1059]
2019-09-16 23:34:53,540 [grpc-default-executor-3] INFO  client.GrpcClientProtocolClient (GrpcClientProtocolClient.java:onNext(264)) - client-C79DE3E06697->1d6da99a-ba9a-4d72-abd2-d0f1aa02f12f: receive RaftClientReply:client-C79DE3E06697->1d6da99a-ba9a-4d72-abd2-d0f1aa02f12f@group-B29EE812FB58, cid=812, SUCCESS, logIndex=1061, commits[1d6da99a-ba9a-4d72-abd2-d0f1aa02f12f:c1061, 9dc27687-2024-46ae-8b6e-c9027bfa400e:c1059, 9c9c57da-14dc-454a-b374-789aa5e765a9:c1059]
2019-09-16 23:34:53,572 [grpc-default-executor-3] INFO  client.GrpcClientProtocolClient (GrpcClientProtocolClient.java:onNext(264)) - client-C79DE3E06697->1d6da99a-ba9a-4d72-abd2-d0f1aa02f12f: receive RaftClientReply:client-C79DE3E06697->1d6da99a-ba9a-4d72-abd2-d0f1aa02f12f@group-B29EE812FB58, cid=813, SUCCESS, logIndex=1064, commits[1d6da99a-ba9a-4d72-abd2-d0f1aa02f12f:c1065, 9dc27687-2024-46ae-8b6e-c9027bfa400e:c1063, 9c9c57da-14dc-454a-b374-789aa5e765a9:c1063]
2019-09-16 23:34:53,572 [grpc-default-executor-3] INFO  client.GrpcClientProtocolClient (GrpcClientProtocolClient.java:onNext(264)) - client-C79DE3E06697->1d6da99a-ba9a-4d72-abd2-d0f1aa02f12f: receive RaftClientReply:client-C79DE3E06697->1d6da99a-ba9a-4d72-abd2-d0f1aa02f12f@group-B29EE812FB58, cid=814, SUCCESS, logIndex=1065, commits[1d6da99a-ba9a-4d72-abd2-d0f1aa02f12f:c1065, 9dc27687-2024-46ae-8b6e-c9027bfa400e:c1063, 9c9c57da-14dc-454a-b374-789aa5e765a9:c1063]
2019-09-16 23:34:53,584 [grpc-default-executor-3] INFO  client.GrpcClientProtocolClient (GrpcClientProtocolClient.java:onNext(264)) - client-C79DE3E06697->1d6da99a-ba9a-4d72-abd2-d0f1aa02f12f: receive RaftClientReply:client-C79DE3E06697->1d6da99a-ba9a-4d72-abd2-d0f1aa02f12f@group-B29EE812FB58, cid=815, SUCCESS, logIndex=0, commits[1d6da99a-ba9a-4d72-abd2-d0f1aa02f12f:c1066, 9dc27687-2024-46ae-8b6e-c9027bfa400e:c1065, 9c9c57da-14dc-454a-b374-789aa5e765a9:c1065]
2019-09-16 23:34:53,606 [grpc-default-executor-3] INFO  client.GrpcClientProtocolClient (GrpcClientProtocolClient.java:onNext(264)) - client-C79DE3E06697->1d6da99a-ba9a-4d72-abd2-d0f1aa02f12f: receive RaftClientReply:client-C79DE3E06697->1d6da99a-ba9a-4d72-abd2-d0f1aa02f12f@group-B29EE812FB58, cid=816, SUCCESS, logIndex=1068, commits[1d6da99a-ba9a-4d72-abd2-d0f1aa02f12f:c1069, 9dc27687-2024-46ae-8b6e-c9027bfa400e:c1067, 9c9c57da-14dc-454a-b374-789aa5e765a9:c1065]
2019-09-16 23:34:53,606 [grpc-default-executor-3] INFO  client.GrpcClientProtocolClient (GrpcClientProtocolClient.java:onNext(264)) - client-C79DE3E06697->1d6da99a-ba9a-4d72-abd2-d0f1aa02f12f: receive RaftClientReply:client-C79DE3E06697->1d6da99a-ba9a-4d72-abd2-d0f1aa02f12f@group-B29EE812FB58, cid=817, SUCCESS, logIndex=1069, commits[1d6da99a-ba9a-4d72-abd2-d0f1aa02f12f:c1069, 9dc27687-2024-46ae-8b6e-c9027bfa400e:c1067, 9c9c57da-14dc-454a-b374-789aa5e765a9:c1065]
2019-09-16 23:34:53,607 [grpc-default-executor-3] INFO  client.GrpcClientProtocolClient (GrpcClientProtocolClient.java:onNext(264)) - client-C79DE3E06697->1d6da99a-ba9a-4d72-abd2-d0f1aa02f12f: receive RaftClientReply:client-C79DE3E06697->1d6da99a-ba9a-4d72-abd2-d0f1aa02f12f@group-B29EE812FB58, cid=818, SUCCESS, logIndex=1070, commits[1d6da99a-ba9a-4d72-abd2-d0f1aa02f12f:c1071, 9dc27687-2024-46ae-8b6e-c9027bfa400e:c1067, 9c9c57da-14dc-454a-b374-789aa5e765a9:c1067]
2019-09-16 23:34:53,608 [grpc-default-executor-3] INFO  client.GrpcClientProtocolClient (GrpcClientProtocolClient.java:onNext(264)) - client-C79DE3E06697->1d6da99a-ba9a-4d72-abd2-d0f1aa02f12f: receive RaftClientReply:client-C79DE3E06697->1d6da99a-ba9a-4d72-abd2-d0f1aa02f12f@group-B29EE812FB58, cid=819, SUCCESS, logIndex=1071, commits[1d6da99a-ba9a-4d72-abd2-d0f1aa02f12f:c1071, 9dc27687-2024-46ae-8b6e-c9027bfa400e:c1067, 9c9c57da-14dc-454a-b374-789aa5e765a9:c1067]
2019-09-16 23:34:53,609 [grpc-default-executor-1] INFO  client.GrpcClientProtocolClient (GrpcClientProtocolClient.java:onNext(264)) - client-C79DE3E06697->1d6da99a-ba9a-4d72-abd2-d0f1aa02f12f: receive RaftClientReply:client-C79DE3E06697->1d6da99a-ba9a-4d72-abd2-d0f1aa02f12f@group-B29EE812FB58, cid=820, SUCCESS, logIndex=0, commits[1d6da99a-ba9a-4d72-abd2-d0f1aa02f12f:c1072, 9dc27687-2024-46ae-8b6e-c9027bfa400e:c1069, 9c9c57da-14dc-454a-b374-789aa5e765a9:c1069]
2019-09-16 23:34:53,632 [grpc-default-executor-1] INFO  client.GrpcClientProtocolClient (GrpcClientProtocolClient.java:onNext(264)) - client-C79DE3E06697->1d6da99a-ba9a-4d72-abd2-d0f1aa02f12f: receive RaftClientReply:client-C79DE3E06697->1d6da99a-ba9a-4d72-abd2-d0f1aa02f12f@group-B29EE812FB58, cid=821, SUCCESS, logIndex=1076, commits[1d6da99a-ba9a-4d72-abd2-d0f1aa02f12f:c1077, 9dc27687-2024-46ae-8b6e-c9027bfa400e:c1072, 9c9c57da-14dc-454a-b374-789aa5e765a9:c1072]
2019-09-16 23:34:53,633 [grpc-default-executor-1] INFO  client.GrpcClientProtocolClient (GrpcClientProtocolClient.java:onNext(264)) - client-C79DE3E06697->1d6da99a-ba9a-4d72-abd2-d0f1aa02f12f: receive RaftClientReply:client-C79DE3E06697->1d6da99a-ba9a-4d72-abd2-d0f1aa02f12f@group-B29EE812FB58, cid=822, SUCCESS, logIndex=1077, commits[1d6da99a-ba9a-4d72-abd2-d0f1aa02f12f:c1077, 9dc27687-2024-46ae-8b6e-c9027bfa400e:c1072, 9c9c57da-14dc-454a-b374-789aa5e765a9:c1072]
2019-09-16 23:34:53,658 [grpc-default-executor-7] INFO  client.GrpcClientProtocolClient (GrpcClientProtocolClient.java:onNext(264)) - client-C79DE3E06697->1d6da99a-ba9a-4d72-abd2-d0f1aa02f12f: receive RaftClientReply:client-C79DE3E06697->1d6da99a-ba9a-4d72-abd2-d0f1aa02f12f@group-B29EE812FB58, cid=823, SUCCESS, logIndex=1079, commits[1d6da99a-ba9a-4d72-abd2-d0f1aa02f12f:c1079, 9dc27687-2024-46ae-8b6e-c9027bfa400e:c1077, 9c9c57da-14dc-454a-b374-789aa5e765a9:c1077]
2019-09-16 23:34:53,658 [grpc-default-executor-7] INFO  client.GrpcClientProtocolClient (GrpcClientProtocolClient.java:onNext(264)) - client-C79DE3E06697->1d6da99a-ba9a-4d72-abd2-d0f1aa02f12f: receive RaftClientReply:client-C79DE3E06697->1d6da99a-ba9a-4d72-abd2-d0f1aa02f12f@group-B29EE812FB58, cid=824, SUCCESS, logIndex=1080, commits[1d6da99a-ba9a-4d72-abd2-d0f1aa02f12f:c1080, 9dc27687-2024-46ae-8b6e-c9027bfa400e:c1077, 9c9c57da-14dc-454a-b374-789aa5e765a9:c1077]
2019-09-16 23:34:53,672 [grpc-default-executor-7] INFO  client.GrpcClientProtocolClient (GrpcClientProtocolClient.java:onNext(264)) - client-C79DE3E06697->1d6da99a-ba9a-4d72-abd2-d0f1aa02f12f: receive RaftClientReply:client-C79DE3E06697->1d6da99a-ba9a-4d72-abd2-d0f1aa02f12f@group-B29EE812FB58, cid=825, SUCCESS, logIndex=0, commits[1d6da99a-ba9a-4d72-abd2-d0f1aa02f12f:c1082, 9dc27687-2024-46ae-8b6e-c9027bfa400e:c1080, 9c9c57da-14dc-454a-b374-789aa5e765a9:c1080]
2019-09-16 23:34:53,694 [grpc-default-executor-1] INFO  client.GrpcClientProtocolClient (GrpcClientProtocolClient.java:onNext(264)) - client-C79DE3E06697->1d6da99a-ba9a-4d72-abd2-d0f1aa02f12f: receive RaftClientReply:client-C79DE3E06697->1d6da99a-ba9a-4d72-abd2-d0f1aa02f12f@group-B29EE812FB58, cid=826, SUCCESS, logIndex=1083, commits[1d6da99a-ba9a-4d72-abd2-d0f1aa02f12f:c1084, 9dc27687-2024-46ae-8b6e-c9027bfa400e:c1082, 9c9c57da-14dc-454a-b374-789aa5e765a9:c1082]
2019-09-16 23:34:53,694 [grpc-default-executor-1] INFO  client.GrpcClientProtocolClient (GrpcClientProtocolClient.java:onNext(264)) - client-C79DE3E06697->1d6da99a-ba9a-4d72-abd2-d0f1aa02f12f: receive RaftClientReply:client-C79DE3E06697->1d6da99a-ba9a-4d72-abd2-d0f1aa02f12f@group-B29EE812FB58, cid=827, SUCCESS, logIndex=1084, commits[1d6da99a-ba9a-4d72-abd2-d0f1aa02f12f:c1084, 9dc27687-2024-46ae-8b6e-c9027bfa400e:c1082, 9c9c57da-14dc-454a-b374-789aa5e765a9:c1082]
2019-09-16 23:34:53,695 [grpc-default-executor-1] INFO  client.GrpcClientProtocolClient (GrpcClientProtocolClient.java:onNext(264)) - client-C79DE3E06697->1d6da99a-ba9a-4d72-abd2-d0f1aa02f12f: receive RaftClientReply:client-C79DE3E06697->1d6da99a-ba9a-4d72-abd2-d0f1aa02f12f@group-B29EE812FB58, cid=828, SUCCESS, logIndex=1085, commits[1d6da99a-ba9a-4d72-abd2-d0f1aa02f12f:c1086, 9dc27687-2024-46ae-8b6e-c9027bfa400e:c1082, 9c9c57da-14dc-454a-b374-789aa5e765a9:c1082]
2019-09-16 23:34:53,695 [grpc-default-executor-1] INFO  client.GrpcClientProtocolClient (GrpcClientProtocolClient.java:onNext(264)) - client-C79DE3E06697->1d6da99a-ba9a-4d72-abd2-d0f1aa02f12f: receive RaftClientReply:client-C79DE3E06697->1d6da99a-ba9a-4d72-abd2-d0f1aa02f12f@group-B29EE812FB58, cid=829, SUCCESS, logIndex=1086, commits[1d6da99a-ba9a-4d72-abd2-d0f1aa02f12f:c1086, 9dc27687-2024-46ae-8b6e-c9027bfa400e:c1082, 9c9c57da-14dc-454a-b374-789aa5e765a9:c1082]
2019-09-16 23:34:53,708 [grpc-default-executor-7] INFO  client.GrpcClientProtocolClient (GrpcClientProtocolClient.java:onNext(264)) - client-C79DE3E06697->1d6da99a-ba9a-4d72-abd2-d0f1aa02f12f: receive RaftClientReply:client-C79DE3E06697->1d6da99a-ba9a-4d72-abd2-d0f1aa02f12f@group-B29EE812FB58, cid=830, SUCCESS, logIndex=0, commits[1d6da99a-ba9a-4d72-abd2-d0f1aa02f12f:c1088, 9dc27687-2024-46ae-8b6e-c9027bfa400e:c1084, 9c9c57da-14dc-454a-b374-789aa5e765a9:c1084]
2019-09-16 23:34:53,731 [grpc-default-executor-7] INFO  client.GrpcClientProtocolClient (GrpcClientProtocolClient.java:onNext(264)) - client-C79DE3E06697->1d6da99a-ba9a-4d72-abd2-d0f1aa02f12f: receive RaftClientReply:client-C79DE3E06697->1d6da99a-ba9a-4d72-abd2-d0f1aa02f12f@group-B29EE812FB58, cid=831, SUCCESS, logIndex=1090, commits[1d6da99a-ba9a-4d72-abd2-d0f1aa02f12f:c1091, 9dc27687-2024-46ae-8b6e-c9027bfa400e:c1089, 9c9c57da-14dc-454a-b374-789aa5e765a9:c1089]
2019-09-16 23:34:53,732 [grpc-default-executor-7] INFO  client.GrpcClientProtocolClient (GrpcClientProtocolClient.java:onNext(264)) - client-C79DE3E06697->1d6da99a-ba9a-4d72-abd2-d0f1aa02f12f: receive RaftClientReply:client-C79DE3E06697->1d6da99a-ba9a-4d72-abd2-d0f1aa02f12f@group-B29EE812FB58, cid=832, SUCCESS, logIndex=1091, commits[1d6da99a-ba9a-4d72-abd2-d0f1aa02f12f:c1091, 9dc27687-2024-46ae-8b6e-c9027bfa400e:c1089, 9c9c57da-14dc-454a-b374-789aa5e765a9:c1089]
2019-09-16 23:34:53,746 [grpc-default-executor-1] INFO  client.GrpcClientProtocolClient (GrpcClientProtocolClient.java:onNext(264)) - client-C79DE3E06697->1d6da99a-ba9a-4d72-abd2-d0f1aa02f12f: receive RaftClientReply:client-C79DE3E06697->1d6da99a-ba9a-4d72-abd2-d0f1aa02f12f@group-B29EE812FB58, cid=833, SUCCESS, logIndex=1093, commits[1d6da99a-ba9a-4d72-abd2-d0f1aa02f12f:c1094, 9dc27687-2024-46ae-8b6e-c9027bfa400e:c1091, 9c9c57da-14dc-454a-b374-789aa5e765a9:c1091]
2019-09-16 23:34:53,746 [grpc-default-executor-1] INFO  client.GrpcClientProtocolClient (GrpcClientProtocolClient.java:onNext(264)) - client-C79DE3E06697->1d6da99a-ba9a-4d72-abd2-d0f1aa02f12f: receive RaftClientReply:client-C79DE3E06697->1d6da99a-ba9a-4d72-abd2-d0f1aa02f12f@group-B29EE812FB58, cid=834, SUCCESS, logIndex=1094, commits[1d6da99a-ba9a-4d72-abd2-d0f1aa02f12f:c1094, 9dc27687-2024-46ae-8b6e-c9027bfa400e:c1091, 9c9c57da-14dc-454a-b374-789aa5e765a9:c1091]
2019-09-16 23:34:53,751 [grpc-default-executor-1] INFO  client.GrpcClientProtocolClient (GrpcClientProtocolClient.java:onNext(264)) - client-C79DE3E06697->1d6da99a-ba9a-4d72-abd2-d0f1aa02f12f: receive RaftClientReply:client-C79DE3E06697->1d6da99a-ba9a-4d72-abd2-d0f1aa02f12f@group-B29EE812FB58, cid=835, SUCCESS, logIndex=0, commits[1d6da99a-ba9a-4d72-abd2-d0f1aa02f12f:c1095, 9dc27687-2024-46ae-8b6e-c9027bfa400e:c1094, 9c9c57da-14dc-454a-b374-789aa5e765a9:c1094]
2019-09-16 23:34:53,896 [grpc-default-executor-7] INFO  client.GrpcClientProtocolClient (GrpcClientProtocolClient.java:onNext(264)) - client-C79DE3E06697->1d6da99a-ba9a-4d72-abd2-d0f1aa02f12f: receive RaftClientReply:client-C79DE3E06697->1d6da99a-ba9a-4d72-abd2-d0f1aa02f12f@group-B29EE812FB58, cid=836, SUCCESS, logIndex=1097, commits[1d6da99a-ba9a-4d72-abd2-d0f1aa02f12f:c1098, 9dc27687-2024-46ae-8b6e-c9027bfa400e:c1096, 9c9c57da-14dc-454a-b374-789aa5e765a9:c1096]
2019-09-16 23:34:53,897 [grpc-default-executor-7] INFO  client.GrpcClientProtocolClient (GrpcClientProtocolClient.java:onNext(264)) - client-C79DE3E06697->1d6da99a-ba9a-4d72-abd2-d0f1aa02f12f: receive RaftClientReply:client-C79DE3E06697->1d6da99a-ba9a-4d72-abd2-d0f1aa02f12f@group-B29EE812FB58, cid=837, SUCCESS, logIndex=1098, commits[1d6da99a-ba9a-4d72-abd2-d0f1aa02f12f:c1098, 9dc27687-2024-46ae-8b6e-c9027bfa400e:c1096, 9c9c57da-14dc-454a-b374-789aa5e765a9:c1096]
2019-09-16 23:34:53,909 [grpc-default-executor-1] INFO  client.GrpcClientProtocolClient (GrpcClientProtocolClient.java:onNext(264)) - client-C79DE3E06697->1d6da99a-ba9a-4d72-abd2-d0f1aa02f12f: receive RaftClientReply:client-C79DE3E06697->1d6da99a-ba9a-4d72-abd2-d0f1aa02f12f@group-B29EE812FB58, cid=838, SUCCESS, logIndex=1099, commits[1d6da99a-ba9a-4d72-abd2-d0f1aa02f12f:c1101, 9dc27687-2024-46ae-8b6e-c9027bfa400e:c1098, 9c9c57da-14dc-454a-b374-789aa5e765a9:c1098]
2019-09-16 23:34:53,910 [grpc-default-executor-1] INFO  client.GrpcClientProtocolClient (GrpcClientProtocolClient.java:onNext(264)) - client-C79DE3E06697->1d6da99a-ba9a-4d72-abd2-d0f1aa02f12f: receive RaftClientReply:client-C79DE3E06697->1d6da99a-ba9a-4d72-abd2-d0f1aa02f12f@group-B29EE812FB58, cid=839, SUCCESS, logIndex=1100, commits[1d6da99a-ba9a-4d72-abd2-d0f1aa02f12f:c1101, 9dc27687-2024-46ae-8b6e-c9027bfa400e:c1098, 9c9c57da-14dc-454a-b374-789aa5e765a9:c1098]
2019-09-16 23:34:53,936 [grpc-default-executor-3] INFO  client.GrpcClientProtocolClient (GrpcClientProtocolClient.java:onNext(264)) - client-C79DE3E06697->1d6da99a-ba9a-4d72-abd2-d0f1aa02f12f: receive RaftClientReply:client-C79DE3E06697->1d6da99a-ba9a-4d72-abd2-d0f1aa02f12f@group-B29EE812FB58, cid=840, SUCCESS, logIndex=1104, commits[1d6da99a-ba9a-4d72-abd2-d0f1aa02f12f:c1105, 9dc27687-2024-46ae-8b6e-c9027bfa400e:c1101, 9c9c57da-14dc-454a-b374-789aa5e765a9:c1100]
2019-09-16 23:34:53,936 [grpc-default-executor-3] INFO  client.GrpcClientProtocolClient (GrpcClientProtocolClient.java:onNext(264)) - client-C79DE3E06697->1d6da99a-ba9a-4d72-abd2-d0f1aa02f12f: receive RaftClientReply:client-C79DE3E06697->1d6da99a-ba9a-4d72-abd2-d0f1aa02f12f@group-B29EE812FB58, cid=841, SUCCESS, logIndex=1105, commits[1d6da99a-ba9a-4d72-abd2-d0f1aa02f12f:c1105, 9dc27687-2024-46ae-8b6e-c9027bfa400e:c1101, 9c9c57da-14dc-454a-b374-789aa5e765a9:c1101]
2019-09-16 23:34:53,957 [grpc-default-executor-3] INFO  client.GrpcClientProtocolClient (GrpcClientProtocolClient.java:onNext(264)) - client-C79DE3E06697->1d6da99a-ba9a-4d72-abd2-d0f1aa02f12f: receive RaftClientReply:client-C79DE3E06697->1d6da99a-ba9a-4d72-abd2-d0f1aa02f12f@group-B29EE812FB58, cid=842, SUCCESS, logIndex=1108, commits[1d6da99a-ba9a-4d72-abd2-d0f1aa02f12f:c1109, 9dc27687-2024-46ae-8b6e-c9027bfa400e:c1107, 9c9c57da-14dc-454a-b374-789aa5e765a9:c1107]
2019-09-16 23:34:53,958 [grpc-default-executor-3] INFO  client.GrpcClientProtocolClient (GrpcClientProtocolClient.java:onNext(264)) - client-C79DE3E06697->1d6da99a-ba9a-4d72-abd2-d0f1aa02f12f: receive RaftClientReply:client-C79DE3E06697->1d6da99a-ba9a-4d72-abd2-d0f1aa02f12f@group-B29EE812FB58, cid=843, SUCCESS, logIndex=1109, commits[1d6da99a-ba9a-4d72-abd2-d0f1aa02f12f:c1109, 9dc27687-2024-46ae-8b6e-c9027bfa400e:c1107, 9c9c57da-14dc-454a-b374-789aa5e765a9:c1107]
2019-09-16 23:34:53,969 [grpc-default-executor-6] INFO  client.GrpcClientProtocolClient (GrpcClientProtocolClient.java:onNext(264)) - client-C79DE3E06697->1d6da99a-ba9a-4d72-abd2-d0f1aa02f12f: receive RaftClientReply:client-C79DE3E06697->1d6da99a-ba9a-4d72-abd2-d0f1aa02f12f@group-B29EE812FB58, cid=844, SUCCESS, logIndex=0, commits[1d6da99a-ba9a-4d72-abd2-d0f1aa02f12f:c1109, 9dc27687-2024-46ae-8b6e-c9027bfa400e:c1109, 9c9c57da-14dc-454a-b374-789aa5e765a9:c1109]
2019-09-16 23:34:53,989 [grpc-default-executor-1] INFO  client.GrpcClientProtocolClient (GrpcClientProtocolClient.java:onNext(264)) - client-C79DE3E06697->1d6da99a-ba9a-4d72-abd2-d0f1aa02f12f: receive RaftClientReply:client-C79DE3E06697->1d6da99a-ba9a-4d72-abd2-d0f1aa02f12f@group-B29EE812FB58, cid=845, SUCCESS, logIndex=1112, commits[1d6da99a-ba9a-4d72-abd2-d0f1aa02f12f:c1113, 9dc27687-2024-46ae-8b6e-c9027bfa400e:c1111, 9c9c57da-14dc-454a-b374-789aa5e765a9:c1111]
2019-09-16 23:34:53,990 [grpc-default-executor-1] INFO  client.GrpcClientProtocolClient (GrpcClientProtocolClient.java:onNext(264)) - client-C79DE3E06697->1d6da99a-ba9a-4d72-abd2-d0f1aa02f12f: receive RaftClientReply:client-C79DE3E06697->1d6da99a-ba9a-4d72-abd2-d0f1aa02f12f@group-B29EE812FB58, cid=846, SUCCESS, logIndex=1113, commits[1d6da99a-ba9a-4d72-abd2-d0f1aa02f12f:c1115, 9dc27687-2024-46ae-8b6e-c9027bfa400e:c1111, 9c9c57da-14dc-454a-b374-789aa5e765a9:c1111]
2019-09-16 23:34:53,990 [grpc-default-executor-1] INFO  client.GrpcClientProtocolClient (GrpcClientProtocolClient.java:onNext(264)) - client-C79DE3E06697->1d6da99a-ba9a-4d72-abd2-d0f1aa02f12f: receive RaftClientReply:client-C79DE3E06697->1d6da99a-ba9a-4d72-abd2-d0f1aa02f12f@group-B29EE812FB58, cid=847, SUCCESS, logIndex=1114, commits[1d6da99a-ba9a-4d72-abd2-d0f1aa02f12f:c1115, 9dc27687-2024-46ae-8b6e-c9027bfa400e:c1111, 9c9c57da-14dc-454a-b374-789aa5e765a9:c1111]
2019-09-16 23:34:53,990 [grpc-default-executor-1] INFO  client.GrpcClientProtocolClient (GrpcClientProtocolClient.java:onNext(264)) - client-C79DE3E06697->1d6da99a-ba9a-4d72-abd2-d0f1aa02f12f: receive RaftClientReply:client-C79DE3E06697->1d6da99a-ba9a-4d72-abd2-d0f1aa02f12f@group-B29EE812FB58, cid=848, SUCCESS, logIndex=1115, commits[1d6da99a-ba9a-4d72-abd2-d0f1aa02f12f:c1115, 9dc27687-2024-46ae-8b6e-c9027bfa400e:c1111, 9c9c57da-14dc-454a-b374-789aa5e765a9:c1111]
2019-09-16 23:34:54,003 [grpc-default-executor-1] INFO  client.GrpcClientProtocolClient (GrpcClientProtocolClient.java:onNext(264)) - client-C79DE3E06697->1d6da99a-ba9a-4d72-abd2-d0f1aa02f12f: receive RaftClientReply:client-C79DE3E06697->1d6da99a-ba9a-4d72-abd2-d0f1aa02f12f@group-B29EE812FB58, cid=849, SUCCESS, logIndex=0, commits[1d6da99a-ba9a-4d72-abd2-d0f1aa02f12f:c1118, 9dc27687-2024-46ae-8b6e-c9027bfa400e:c1113, 9c9c57da-14dc-454a-b374-789aa5e765a9:c1115]
2019-09-16 23:34:54,022 [grpc-default-executor-3] INFO  client.GrpcClientProtocolClient (GrpcClientProtocolClient.java:onNext(264)) - client-C79DE3E06697->1d6da99a-ba9a-4d72-abd2-d0f1aa02f12f: receive RaftClientReply:client-C79DE3E06697->1d6da99a-ba9a-4d72-abd2-d0f1aa02f12f@group-B29EE812FB58, cid=850, SUCCESS, logIndex=1120, commits[1d6da99a-ba9a-4d72-abd2-d0f1aa02f12f:c1121, 9dc27687-2024-46ae-8b6e-c9027bfa400e:c1119, 9c9c57da-14dc-454a-b374-789aa5e765a9:c1119]
2019-09-16 23:34:54,022 [grpc-default-executor-3] INFO  client.GrpcClientProtocolClient (GrpcClientProtocolClient.java:onNext(264)) - client-C79DE3E06697->1d6da99a-ba9a-4d72-abd2-d0f1aa02f12f: receive RaftClientReply:client-C79DE3E06697->1d6da99a-ba9a-4d72-abd2-d0f1aa02f12f@group-B29EE812FB58, cid=851, SUCCESS, logIndex=1121, commits[1d6da99a-ba9a-4d72-abd2-d0f1aa02f12f:c1121, 9dc27687-2024-46ae-8b6e-c9027bfa400e:c1119, 9c9c57da-14dc-454a-b374-789aa5e765a9:c1119]
2019-09-16 23:34:54,036 [grpc-default-executor-6] INFO  client.GrpcClientProtocolClient (GrpcClientProtocolClient.java:onNext(264)) - client-C79DE3E06697->1d6da99a-ba9a-4d72-abd2-d0f1aa02f12f: receive RaftClientReply:client-C79DE3E06697->1d6da99a-ba9a-4d72-abd2-d0f1aa02f12f@group-B29EE812FB58, cid=852, SUCCESS, logIndex=1124, commits[1d6da99a-ba9a-4d72-abd2-d0f1aa02f12f:c1125, 9dc27687-2024-46ae-8b6e-c9027bfa400e:c1121, 9c9c57da-14dc-454a-b374-789aa5e765a9:c1121]
2019-09-16 23:34:54,037 [grpc-default-executor-6] INFO  client.GrpcClientProtocolClient (GrpcClientProtocolClient.java:onNext(264)) - client-C79DE3E06697->1d6da99a-ba9a-4d72-abd2-d0f1aa02f12f: receive RaftClientReply:client-C79DE3E06697->1d6da99a-ba9a-4d72-abd2-d0f1aa02f12f@group-B29EE812FB58, cid=853, SUCCESS, logIndex=1125, commits[1d6da99a-ba9a-4d72-abd2-d0f1aa02f12f:c1125, 9dc27687-2024-46ae-8b6e-c9027bfa400e:c1121, 9c9c57da-14dc-454a-b374-789aa5e765a9:c1121]
2019-09-16 23:34:54,053 [grpc-default-executor-6] INFO  client.GrpcClientProtocolClient (GrpcClientProtocolClient.java:onNext(264)) - client-C79DE3E06697->1d6da99a-ba9a-4d72-abd2-d0f1aa02f12f: receive RaftClientReply:client-C79DE3E06697->1d6da99a-ba9a-4d72-abd2-d0f1aa02f12f@group-B29EE812FB58, cid=854, SUCCESS, logIndex=0, commits[1d6da99a-ba9a-4d72-abd2-d0f1aa02f12f:c1126, 9dc27687-2024-46ae-8b6e-c9027bfa400e:c1125, 9c9c57da-14dc-454a-b374-789aa5e765a9:c1125]
2019-09-16 23:34:54,064 [grpc-default-executor-7] INFO  client.GrpcClientProtocolClient (GrpcClientProtocolClient.java:onNext(264)) - client-C79DE3E06697->1d6da99a-ba9a-4d72-abd2-d0f1aa02f12f: receive RaftClientReply:client-C79DE3E06697->1d6da99a-ba9a-4d72-abd2-d0f1aa02f12f@group-B29EE812FB58, cid=855, SUCCESS, logIndex=1128, commits[1d6da99a-ba9a-4d72-abd2-d0f1aa02f12f:c1129, 9dc27687-2024-46ae-8b6e-c9027bfa400e:c1125, 9c9c57da-14dc-454a-b374-789aa5e765a9:c1127]
2019-09-16 23:34:54,064 [grpc-default-executor-7] INFO  client.GrpcClientProtocolClient (GrpcClientProtocolClient.java:onNext(264)) - client-C79DE3E06697->1d6da99a-ba9a-4d72-abd2-d0f1aa02f12f: receive RaftClientReply:client-C79DE3E06697->1d6da99a-ba9a-4d72-abd2-d0f1aa02f12f@group-B29EE812FB58, cid=856, SUCCESS, logIndex=1129, commits[1d6da99a-ba9a-4d72-abd2-d0f1aa02f12f:c1129, 9dc27687-2024-46ae-8b6e-c9027bfa400e:c1125, 9c9c57da-14dc-454a-b374-789aa5e765a9:c1127]
2019-09-16 23:34:54,068 [grpc-default-executor-6] INFO  client.GrpcClientProtocolClient (GrpcClientProtocolClient.java:onNext(264)) - client-C79DE3E06697->1d6da99a-ba9a-4d72-abd2-d0f1aa02f12f: receive RaftClientReply:client-C79DE3E06697->1d6da99a-ba9a-4d72-abd2-d0f1aa02f12f@group-B29EE812FB58, cid=857, SUCCESS, logIndex=1130, commits[1d6da99a-ba9a-4d72-abd2-d0f1aa02f12f:c1131, 9dc27687-2024-46ae-8b6e-c9027bfa400e:c1129, 9c9c57da-14dc-454a-b374-789aa5e765a9:c1127]
2019-09-16 23:34:54,068 [grpc-default-executor-6] INFO  client.GrpcClientProtocolClient (GrpcClientProtocolClient.java:onNext(264)) - client-C79DE3E06697->1d6da99a-ba9a-4d72-abd2-d0f1aa02f12f: receive RaftClientReply:client-C79DE3E06697->1d6da99a-ba9a-4d72-abd2-d0f1aa02f12f@group-B29EE812FB58, cid=858, SUCCESS, logIndex=1131, commits[1d6da99a-ba9a-4d72-abd2-d0f1aa02f12f:c1133, 9dc27687-2024-46ae-8b6e-c9027bfa400e:c1129, 9c9c57da-14dc-454a-b374-789aa5e765a9:c1127]
2019-09-16 23:34:54,069 [grpc-default-executor-7] INFO  client.GrpcClientProtocolClient (GrpcClientProtocolClient.java:onNext(264)) - client-C79DE3E06697->1d6da99a-ba9a-4d72-abd2-d0f1aa02f12f: receive RaftClientReply:client-C79DE3E06697->1d6da99a-ba9a-4d72-abd2-d0f1aa02f12f@group-B29EE812FB58, cid=859, SUCCESS, logIndex=0, commits[1d6da99a-ba9a-4d72-abd2-d0f1aa02f12f:c1133, 9dc27687-2024-46ae-8b6e-c9027bfa400e:c1129, 9c9c57da-14dc-454a-b374-789aa5e765a9:c1129]
2019-09-16 23:34:54,079 [grpc-default-executor-7] INFO  client.GrpcClientProtocolClient (GrpcClientProtocolClient.java:onNext(264)) - client-C79DE3E06697->1d6da99a-ba9a-4d72-abd2-d0f1aa02f12f: receive RaftClientReply:client-C79DE3E06697->1d6da99a-ba9a-4d72-abd2-d0f1aa02f12f@group-B29EE812FB58, cid=860, SUCCESS, logIndex=1136, commits[1d6da99a-ba9a-4d72-abd2-d0f1aa02f12f:c1137, 9dc27687-2024-46ae-8b6e-c9027bfa400e:c1135, 9c9c57da-14dc-454a-b374-789aa5e765a9:c1131]
2019-09-16 23:34:54,080 [grpc-default-executor-7] INFO  client.GrpcClientProtocolClient (GrpcClientProtocolClient.java:onNext(264)) - client-C79DE3E06697->1d6da99a-ba9a-4d72-abd2-d0f1aa02f12f: receive RaftClientReply:client-C79DE3E06697->1d6da99a-ba9a-4d72-abd2-d0f1aa02f12f@group-B29EE812FB58, cid=861, SUCCESS, logIndex=1137, commits[1d6da99a-ba9a-4d72-abd2-d0f1aa02f12f:c1137, 9dc27687-2024-46ae-8b6e-c9027bfa400e:c1135, 9c9c57da-14dc-454a-b374-789aa5e765a9:c1135]
2019-09-16 23:34:54,101 [grpc-default-executor-6] INFO  client.GrpcClientProtocolClient (GrpcClientProtocolClient.java:onNext(264)) - client-C79DE3E06697->1d6da99a-ba9a-4d72-abd2-d0f1aa02f12f: receive RaftClientReply:client-C79DE3E06697->1d6da99a-ba9a-4d72-abd2-d0f1aa02f12f@group-B29EE812FB58, cid=862, SUCCESS, logIndex=1140, commits[1d6da99a-ba9a-4d72-abd2-d0f1aa02f12f:c1141, 9dc27687-2024-46ae-8b6e-c9027bfa400e:c1139, 9c9c57da-14dc-454a-b374-789aa5e765a9:c1139]
2019-09-16 23:34:54,101 [grpc-default-executor-6] INFO  client.GrpcClientProtocolClient (GrpcClientProtocolClient.java:onNext(264)) - client-C79DE3E06697->1d6da99a-ba9a-4d72-abd2-d0f1aa02f12f: receive RaftClientReply:client-C79DE3E06697->1d6da99a-ba9a-4d72-abd2-d0f1aa02f12f@group-B29EE812FB58, cid=863, SUCCESS, logIndex=1141, commits[1d6da99a-ba9a-4d72-abd2-d0f1aa02f12f:c1141, 9dc27687-2024-46ae-8b6e-c9027bfa400e:c1139, 9c9c57da-14dc-454a-b374-789aa5e765a9:c1139]
2019-09-16 23:34:54,108 [grpc-default-executor-1] INFO  client.GrpcClientProtocolClient (GrpcClientProtocolClient.java:onNext(264)) - client-C79DE3E06697->1d6da99a-ba9a-4d72-abd2-d0f1aa02f12f: receive RaftClientReply:client-C79DE3E06697->1d6da99a-ba9a-4d72-abd2-d0f1aa02f12f@group-B29EE812FB58, cid=864, SUCCESS, logIndex=0, commits[1d6da99a-ba9a-4d72-abd2-d0f1aa02f12f:c1142, 9dc27687-2024-46ae-8b6e-c9027bfa400e:c1141, 9c9c57da-14dc-454a-b374-789aa5e765a9:c1141]
2019-09-16 23:34:54,130 [grpc-default-executor-1] INFO  client.GrpcClientProtocolClient (GrpcClientProtocolClient.java:onNext(264)) - client-C79DE3E06697->1d6da99a-ba9a-4d72-abd2-d0f1aa02f12f: receive RaftClientReply:client-C79DE3E06697->1d6da99a-ba9a-4d72-abd2-d0f1aa02f12f@group-B29EE812FB58, cid=865, SUCCESS, logIndex=1144, commits[1d6da99a-ba9a-4d72-abd2-d0f1aa02f12f:c1146, 9dc27687-2024-46ae-8b6e-c9027bfa400e:c1143, 9c9c57da-14dc-454a-b374-789aa5e765a9:c1143]
2019-09-16 23:34:54,130 [grpc-default-executor-1] INFO  client.GrpcClientProtocolClient (GrpcClientProtocolClient.java:onNext(264)) - client-C79DE3E06697->1d6da99a-ba9a-4d72-abd2-d0f1aa02f12f: receive RaftClientReply:client-C79DE3E06697->1d6da99a-ba9a-4d72-abd2-d0f1aa02f12f@group-B29EE812FB58, cid=866, SUCCESS, logIndex=1145, commits[1d6da99a-ba9a-4d72-abd2-d0f1aa02f12f:c1147, 9dc27687-2024-46ae-8b6e-c9027bfa400e:c1143, 9c9c57da-14dc-454a-b374-789aa5e765a9:c1143]
2019-09-16 23:34:54,131 [grpc-default-executor-1] INFO  client.GrpcClientProtocolClient (GrpcClientProtocolClient.java:onNext(264)) - client-C79DE3E06697->1d6da99a-ba9a-4d72-abd2-d0f1aa02f12f: receive RaftClientReply:client-C79DE3E06697->1d6da99a-ba9a-4d72-abd2-d0f1aa02f12f@group-B29EE812FB58, cid=867, SUCCESS, logIndex=1146, commits[1d6da99a-ba9a-4d72-abd2-d0f1aa02f12f:c1147, 9dc27687-2024-46ae-8b6e-c9027bfa400e:c1143, 9c9c57da-14dc-454a-b374-789aa5e765a9:c1143]
2019-09-16 23:34:54,131 [grpc-default-executor-1] INFO  client.GrpcClientProtocolClient (GrpcClientProtocolClient.java:onNext(264)) - client-C79DE3E06697->1d6da99a-ba9a-4d72-abd2-d0f1aa02f12f: receive RaftClientReply:client-C79DE3E06697->1d6da99a-ba9a-4d72-abd2-d0f1aa02f12f@group-B29EE812FB58, cid=868, SUCCESS, logIndex=1147, commits[1d6da99a-ba9a-4d72-abd2-d0f1aa02f12f:c1147, 9dc27687-2024-46ae-8b6e-c9027bfa400e:c1143, 9c9c57da-14dc-454a-b374-789aa5e765a9:c1143]
2019-09-16 23:34:54,144 [grpc-default-executor-1] INFO  client.GrpcClientProtocolClient (GrpcClientProtocolClient.java:onNext(264)) - client-C79DE3E06697->1d6da99a-ba9a-4d72-abd2-d0f1aa02f12f: receive RaftClientReply:client-C79DE3E06697->1d6da99a-ba9a-4d72-abd2-d0f1aa02f12f@group-B29EE812FB58, cid=869, SUCCESS, logIndex=0, commits[1d6da99a-ba9a-4d72-abd2-d0f1aa02f12f:c1150, 9dc27687-2024-46ae-8b6e-c9027bfa400e:c1145, 9c9c57da-14dc-454a-b374-789aa5e765a9:c1146]
2019-09-16 23:34:54,158 [grpc-default-executor-1] INFO  client.GrpcClientProtocolClient (GrpcClientProtocolClient.java:onNext(264)) - client-C79DE3E06697->1d6da99a-ba9a-4d72-abd2-d0f1aa02f12f: receive RaftClientReply:client-C79DE3E06697->1d6da99a-ba9a-4d72-abd2-d0f1aa02f12f@group-B29EE812FB58, cid=870, SUCCESS, logIndex=1152, commits[1d6da99a-ba9a-4d72-abd2-d0f1aa02f12f:c1153, 9dc27687-2024-46ae-8b6e-c9027bfa400e:c1151, 9c9c57da-14dc-454a-b374-789aa5e765a9:c1151]
2019-09-16 23:34:54,159 [grpc-default-executor-1] INFO  client.GrpcClientProtocolClient (GrpcClientProtocolClient.java:onNext(264)) - client-C79DE3E06697->1d6da99a-ba9a-4d72-abd2-d0f1aa02f12f: receive RaftClientReply:client-C79DE3E06697->1d6da99a-ba9a-4d72-abd2-d0f1aa02f12f@group-B29EE812FB58, cid=871, SUCCESS, logIndex=1153, commits[1d6da99a-ba9a-4d72-abd2-d0f1aa02f12f:c1153, 9dc27687-2024-46ae-8b6e-c9027bfa400e:c1151, 9c9c57da-14dc-454a-b374-789aa5e765a9:c1151]
2019-09-16 23:34:54,185 [grpc-default-executor-1] INFO  client.GrpcClientProtocolClient (GrpcClientProtocolClient.java:onNext(264)) - client-C79DE3E06697->1d6da99a-ba9a-4d72-abd2-d0f1aa02f12f: receive RaftClientReply:client-C79DE3E06697->1d6da99a-ba9a-4d72-abd2-d0f1aa02f12f@group-B29EE812FB58, cid=872, SUCCESS, logIndex=1156, commits[1d6da99a-ba9a-4d72-abd2-d0f1aa02f12f:c1156, 9dc27687-2024-46ae-8b6e-c9027bfa400e:c1153, 9c9c57da-14dc-454a-b374-789aa5e765a9:c1153]
2019-09-16 23:34:54,185 [grpc-default-executor-1] INFO  client.GrpcClientProtocolClient (GrpcClientProtocolClient.java:onNext(264)) - client-C79DE3E06697->1d6da99a-ba9a-4d72-abd2-d0f1aa02f12f: receive RaftClientReply:client-C79DE3E06697->1d6da99a-ba9a-4d72-abd2-d0f1aa02f12f@group-B29EE812FB58, cid=873, SUCCESS, logIndex=1157, commits[1d6da99a-ba9a-4d72-abd2-d0f1aa02f12f:c1157, 9dc27687-2024-46ae-8b6e-c9027bfa400e:c1153, 9c9c57da-14dc-454a-b374-789aa5e765a9:c1153]
2019-09-16 23:34:54,199 [grpc-default-executor-7] INFO  client.GrpcClientProtocolClient (GrpcClientProtocolClient.java:onNext(264)) - client-C79DE3E06697->1d6da99a-ba9a-4d72-abd2-d0f1aa02f12f: receive RaftClientReply:client-C79DE3E06697->1d6da99a-ba9a-4d72-abd2-d0f1aa02f12f@group-B29EE812FB58, cid=874, SUCCESS, logIndex=0, commits[1d6da99a-ba9a-4d72-abd2-d0f1aa02f12f:c1159, 9dc27687-2024-46ae-8b6e-c9027bfa400e:c1157, 9c9c57da-14dc-454a-b374-789aa5e765a9:c1157]
2019-09-16 23:34:54,225 [grpc-default-executor-6] INFO  client.GrpcClientProtocolClient (GrpcClientProtocolClient.java:onNext(264)) - client-C79DE3E06697->1d6da99a-ba9a-4d72-abd2-d0f1aa02f12f: receive RaftClientReply:client-C79DE3E06697->1d6da99a-ba9a-4d72-abd2-d0f1aa02f12f@group-B29EE812FB58, cid=875, SUCCESS, logIndex=1160, commits[1d6da99a-ba9a-4d72-abd2-d0f1aa02f12f:c1162, 9dc27687-2024-46ae-8b6e-c9027bfa400e:c1159, 9c9c57da-14dc-454a-b374-789aa5e765a9:c1159]
2019-09-16 23:34:54,226 [grpc-default-executor-6] INFO  client.GrpcClientProtocolClient (GrpcClientProtocolClient.java:onNext(264)) - client-C79DE3E06697->1d6da99a-ba9a-4d72-abd2-d0f1aa02f12f: receive RaftClientReply:client-C79DE3E06697->1d6da99a-ba9a-4d72-abd2-d0f1aa02f12f@group-B29EE812FB58, cid=876, SUCCESS, logIndex=1161, commits[1d6da99a-ba9a-4d72-abd2-d0f1aa02f12f:c1163, 9dc27687-2024-46ae-8b6e-c9027bfa400e:c1159, 9c9c57da-14dc-454a-b374-789aa5e765a9:c1159]
2019-09-16 23:34:54,226 [grpc-default-executor-6] INFO  client.GrpcClientProtocolClient (GrpcClientProtocolClient.java:onNext(264)) - client-C79DE3E06697->1d6da99a-ba9a-4d72-abd2-d0f1aa02f12f: receive RaftClientReply:client-C79DE3E06697->1d6da99a-ba9a-4d72-abd2-d0f1aa02f12f@group-B29EE812FB58, cid=877, SUCCESS, logIndex=1162, commits[1d6da99a-ba9a-4d72-abd2-d0f1aa02f12f:c1163, 9dc27687-2024-46ae-8b6e-c9027bfa400e:c1159, 9c9c57da-14dc-454a-b374-789aa5e765a9:c1159]
2019-09-16 23:34:54,226 [grpc-default-executor-1] INFO  client.GrpcClientProtocolClient (GrpcClientProtocolClient.java:onNext(264)) - client-C79DE3E06697->1d6da99a-ba9a-4d72-abd2-d0f1aa02f12f: receive RaftClientReply:client-C79DE3E06697->1d6da99a-ba9a-4d72-abd2-d0f1aa02f12f@group-B29EE812FB58, cid=878, SUCCESS, logIndex=1163, commits[1d6da99a-ba9a-4d72-abd2-d0f1aa02f12f:c1163, 9dc27687-2024-46ae-8b6e-c9027bfa400e:c1159, 9c9c57da-14dc-454a-b374-789aa5e765a9:c1159]
2019-09-16 23:34:54,227 [grpc-default-executor-1] INFO  client.GrpcClientProtocolClient (GrpcClientProtocolClient.java:onNext(264)) - client-C79DE3E06697->1d6da99a-ba9a-4d72-abd2-d0f1aa02f12f: receive RaftClientReply:client-C79DE3E06697->1d6da99a-ba9a-4d72-abd2-d0f1aa02f12f@group-B29EE812FB58, cid=879, SUCCESS, logIndex=0, commits[1d6da99a-ba9a-4d72-abd2-d0f1aa02f12f:c1164, 9dc27687-2024-46ae-8b6e-c9027bfa400e:c1161, 9c9c57da-14dc-454a-b374-789aa5e765a9:c1161]
2019-09-16 23:34:54,242 [grpc-default-executor-6] INFO  client.GrpcClientProtocolClient (GrpcClientProtocolClient.java:onNext(264)) - client-C79DE3E06697->1d6da99a-ba9a-4d72-abd2-d0f1aa02f12f: receive RaftClientReply:client-C79DE3E06697->1d6da99a-ba9a-4d72-abd2-d0f1aa02f12f@group-B29EE812FB58, cid=880, SUCCESS, logIndex=1167, commits[1d6da99a-ba9a-4d72-abd2-d0f1aa02f12f:c1168, 9dc27687-2024-46ae-8b6e-c9027bfa400e:c1166, 9c9c57da-14dc-454a-b374-789aa5e765a9:c1166]
2019-09-16 23:34:54,242 [grpc-default-executor-6] INFO  client.GrpcClientProtocolClient (GrpcClientProtocolClient.java:onNext(264)) - client-C79DE3E06697->1d6da99a-ba9a-4d72-abd2-d0f1aa02f12f: receive RaftClientReply:client-C79DE3E06697->1d6da99a-ba9a-4d72-abd2-d0f1aa02f12f@group-B29EE812FB58, cid=881, SUCCESS, logIndex=1168, commits[1d6da99a-ba9a-4d72-abd2-d0f1aa02f12f:c1168, 9dc27687-2024-46ae-8b6e-c9027bfa400e:c1166, 9c9c57da-14dc-454a-b374-789aa5e765a9:c1166]
2019-09-16 23:34:54,256 [grpc-default-executor-3] INFO  client.GrpcClientProtocolClient (GrpcClientProtocolClient.java:onNext(264)) - client-C79DE3E06697->1d6da99a-ba9a-4d72-abd2-d0f1aa02f12f: receive RaftClientReply:client-C79DE3E06697->1d6da99a-ba9a-4d72-abd2-d0f1aa02f12f@group-B29EE812FB58, cid=882, SUCCESS, logIndex=1171, commits[1d6da99a-ba9a-4d72-abd2-d0f1aa02f12f:c1171, 9dc27687-2024-46ae-8b6e-c9027bfa400e:c1168, 9c9c57da-14dc-454a-b374-789aa5e765a9:c1168]
2019-09-16 23:34:54,257 [grpc-default-executor-3] INFO  client.GrpcClientProtocolClient (GrpcClientProtocolClient.java:onNext(264)) - client-C79DE3E06697->1d6da99a-ba9a-4d72-abd2-d0f1aa02f12f: receive RaftClientReply:client-C79DE3E06697->1d6da99a-ba9a-4d72-abd2-d0f1aa02f12f@group-B29EE812FB58, cid=883, SUCCESS, logIndex=1172, commits[1d6da99a-ba9a-4d72-abd2-d0f1aa02f12f:c1172, 9dc27687-2024-46ae-8b6e-c9027bfa400e:c1168, 9c9c57da-14dc-454a-b374-789aa5e765a9:c1168]
2019-09-16 23:34:54,261 [grpc-default-executor-7] INFO  client.GrpcClientProtocolClient (GrpcClientProtocolClient.java:onNext(264)) - client-C79DE3E06697->1d6da99a-ba9a-4d72-abd2-d0f1aa02f12f: receive RaftClientReply:client-C79DE3E06697->1d6da99a-ba9a-4d72-abd2-d0f1aa02f12f@group-B29EE812FB58, cid=884, SUCCESS, logIndex=0, commits[1d6da99a-ba9a-4d72-abd2-d0f1aa02f12f:c1174, 9dc27687-2024-46ae-8b6e-c9027bfa400e:c1172, 9c9c57da-14dc-454a-b374-789aa5e765a9:c1172]
2019-09-16 23:34:54,276 [grpc-default-executor-1] INFO  client.GrpcClientProtocolClient (GrpcClientProtocolClient.java:onNext(264)) - client-C79DE3E06697->1d6da99a-ba9a-4d72-abd2-d0f1aa02f12f: receive RaftClientReply:client-C79DE3E06697->1d6da99a-ba9a-4d72-abd2-d0f1aa02f12f@group-B29EE812FB58, cid=885, SUCCESS, logIndex=1175, commits[1d6da99a-ba9a-4d72-abd2-d0f1aa02f12f:c1176, 9dc27687-2024-46ae-8b6e-c9027bfa400e:c1174, 9c9c57da-14dc-454a-b374-789aa5e765a9:c1174]
2019-09-16 23:34:54,276 [grpc-default-executor-1] INFO  client.GrpcClientProtocolClient (GrpcClientProtocolClient.java:onNext(264)) - client-C79DE3E06697->1d6da99a-ba9a-4d72-abd2-d0f1aa02f12f: receive RaftClientReply:client-C79DE3E06697->1d6da99a-ba9a-4d72-abd2-d0f1aa02f12f@group-B29EE812FB58, cid=886, SUCCESS, logIndex=1176, commits[1d6da99a-ba9a-4d72-abd2-d0f1aa02f12f:c1176, 9dc27687-2024-46ae-8b6e-c9027bfa400e:c1174, 9c9c57da-14dc-454a-b374-789aa5e765a9:c1174]
2019-09-16 23:34:54,278 [grpc-default-executor-1] INFO  client.GrpcClientProtocolClient (GrpcClientProtocolClient.java:onNext(264)) - client-C79DE3E06697->1d6da99a-ba9a-4d72-abd2-d0f1aa02f12f: receive RaftClientReply:client-C79DE3E06697->1d6da99a-ba9a-4d72-abd2-d0f1aa02f12f@group-B29EE812FB58, cid=887, SUCCESS, logIndex=1177, commits[1d6da99a-ba9a-4d72-abd2-d0f1aa02f12f:c1180, 9dc27687-2024-46ae-8b6e-c9027bfa400e:c1174, 9c9c57da-14dc-454a-b374-789aa5e765a9:c1176]
2019-09-16 23:34:54,278 [grpc-default-executor-1] INFO  client.GrpcClientProtocolClient (GrpcClientProtocolClient.java:onNext(264)) - client-C79DE3E06697->1d6da99a-ba9a-4d72-abd2-d0f1aa02f12f: receive RaftClientReply:client-C79DE3E06697->1d6da99a-ba9a-4d72-abd2-d0f1aa02f12f@group-B29EE812FB58, cid=888, SUCCESS, logIndex=1178, commits[1d6da99a-ba9a-4d72-abd2-d0f1aa02f12f:c1180, 9dc27687-2024-46ae-8b6e-c9027bfa400e:c1174, 9c9c57da-14dc-454a-b374-789aa5e765a9:c1176]
2019-09-16 23:34:54,279 [grpc-default-executor-1] INFO  client.GrpcClientProtocolClient (GrpcClientProtocolClient.java:onNext(264)) - client-C79DE3E06697->1d6da99a-ba9a-4d72-abd2-d0f1aa02f12f: receive RaftClientReply:client-C79DE3E06697->1d6da99a-ba9a-4d72-abd2-d0f1aa02f12f@group-B29EE812FB58, cid=889, SUCCESS, logIndex=0, commits[1d6da99a-ba9a-4d72-abd2-d0f1aa02f12f:c1181, 9dc27687-2024-46ae-8b6e-c9027bfa400e:c1176, 9c9c57da-14dc-454a-b374-789aa5e765a9:c1177]
2019-09-16 23:34:54,290 [grpc-default-executor-3] INFO  client.GrpcClientProtocolClient (GrpcClientProtocolClient.java:onNext(264)) - client-C79DE3E06697->1d6da99a-ba9a-4d72-abd2-d0f1aa02f12f: receive RaftClientReply:client-C79DE3E06697->1d6da99a-ba9a-4d72-abd2-d0f1aa02f12f@group-B29EE812FB58, cid=890, SUCCESS, logIndex=1183, commits[1d6da99a-ba9a-4d72-abd2-d0f1aa02f12f:c1184, 9dc27687-2024-46ae-8b6e-c9027bfa400e:c1182, 9c9c57da-14dc-454a-b374-789aa5e765a9:c1182]
2019-09-16 23:34:54,291 [grpc-default-executor-3] INFO  client.GrpcClientProtocolClient (GrpcClientProtocolClient.java:onNext(264)) - client-C79DE3E06697->1d6da99a-ba9a-4d72-abd2-d0f1aa02f12f: receive RaftClientReply:client-C79DE3E06697->1d6da99a-ba9a-4d72-abd2-d0f1aa02f12f@group-B29EE812FB58, cid=891, SUCCESS, logIndex=1184, commits[1d6da99a-ba9a-4d72-abd2-d0f1aa02f12f:c1184, 9dc27687-2024-46ae-8b6e-c9027bfa400e:c1182, 9c9c57da-14dc-454a-b374-789aa5e765a9:c1182]
2019-09-16 23:34:54,302 [grpc-default-executor-7] INFO  client.GrpcClientProtocolClient (GrpcClientProtocolClient.java:onNext(264)) - client-C79DE3E06697->1d6da99a-ba9a-4d72-abd2-d0f1aa02f12f: receive RaftClientReply:client-C79DE3E06697->1d6da99a-ba9a-4d72-abd2-d0f1aa02f12f@group-B29EE812FB58, cid=892, SUCCESS, logIndex=1187, commits[1d6da99a-ba9a-4d72-abd2-d0f1aa02f12f:c1188, 9dc27687-2024-46ae-8b6e-c9027bfa400e:c1186, 9c9c57da-14dc-454a-b374-789aa5e765a9:c1186]
2019-09-16 23:34:54,302 [grpc-default-executor-7] INFO  client.GrpcClientProtocolClient (GrpcClientProtocolClient.java:onNext(264)) - client-C79DE3E06697->1d6da99a-ba9a-4d72-abd2-d0f1aa02f12f: receive RaftClientReply:client-C79DE3E06697->1d6da99a-ba9a-4d72-abd2-d0f1aa02f12f@group-B29EE812FB58, cid=893, SUCCESS, logIndex=1188, commits[1d6da99a-ba9a-4d72-abd2-d0f1aa02f12f:c1188, 9dc27687-2024-46ae-8b6e-c9027bfa400e:c1186, 9c9c57da-14dc-454a-b374-789aa5e765a9:c1186]
2019-09-16 23:34:54,305 [grpc-default-executor-7] INFO  client.GrpcClientProtocolClient (GrpcClientProtocolClient.java:onNext(264)) - client-C79DE3E06697->1d6da99a-ba9a-4d72-abd2-d0f1aa02f12f: receive RaftClientReply:client-C79DE3E06697->1d6da99a-ba9a-4d72-abd2-d0f1aa02f12f@group-B29EE812FB58, cid=894, SUCCESS, logIndex=0, commits[1d6da99a-ba9a-4d72-abd2-d0f1aa02f12f:c1189, 9dc27687-2024-46ae-8b6e-c9027bfa400e:c1188, 9c9c57da-14dc-454a-b374-789aa5e765a9:c1188]
2019-09-16 23:34:54,320 [grpc-default-executor-1] INFO  client.GrpcClientProtocolClient (GrpcClientProtocolClient.java:onNext(264)) - client-C79DE3E06697->1d6da99a-ba9a-4d72-abd2-d0f1aa02f12f: receive RaftClientReply:client-C79DE3E06697->1d6da99a-ba9a-4d72-abd2-d0f1aa02f12f@group-B29EE812FB58, cid=895, SUCCESS, logIndex=1191, commits[1d6da99a-ba9a-4d72-abd2-d0f1aa02f12f:c1192, 9dc27687-2024-46ae-8b6e-c9027bfa400e:c1188, 9c9c57da-14dc-454a-b374-789aa5e765a9:c1190]
2019-09-16 23:34:54,320 [grpc-default-executor-1] INFO  client.GrpcClientProtocolClient (GrpcClientProtocolClient.java:onNext(264)) - client-C79DE3E06697->1d6da99a-ba9a-4d72-abd2-d0f1aa02f12f: receive RaftClientReply:client-C79DE3E06697->1d6da99a-ba9a-4d72-abd2-d0f1aa02f12f@group-B29EE812FB58, cid=896, SUCCESS, logIndex=1192, commits[1d6da99a-ba9a-4d72-abd2-d0f1aa02f12f:c1192, 9dc27687-2024-46ae-8b6e-c9027bfa400e:c1190, 9c9c57da-14dc-454a-b374-789aa5e765a9:c1190]
2019-09-16 23:34:54,321 [grpc-default-executor-1] INFO  client.GrpcClientProtocolClient (GrpcClientProtocolClient.java:onNext(264)) - client-C79DE3E06697->1d6da99a-ba9a-4d72-abd2-d0f1aa02f12f: receive RaftClientReply:client-C79DE3E06697->1d6da99a-ba9a-4d72-abd2-d0f1aa02f12f@group-B29EE812FB58, cid=897, SUCCESS, logIndex=1193, commits[1d6da99a-ba9a-4d72-abd2-d0f1aa02f12f:c1194, 9dc27687-2024-46ae-8b6e-c9027bfa400e:c1190, 9c9c57da-14dc-454a-b374-789aa5e765a9:c1190]
2019-09-16 23:34:54,321 [grpc-default-executor-1] INFO  client.GrpcClientProtocolClient (GrpcClientProtocolClient.java:onNext(264)) - client-C79DE3E06697->1d6da99a-ba9a-4d72-abd2-d0f1aa02f12f: receive RaftClientReply:client-C79DE3E06697->1d6da99a-ba9a-4d72-abd2-d0f1aa02f12f@group-B29EE812FB58, cid=898, SUCCESS, logIndex=1194, commits[1d6da99a-ba9a-4d72-abd2-d0f1aa02f12f:c1194, 9dc27687-2024-46ae-8b6e-c9027bfa400e:c1190, 9c9c57da-14dc-454a-b374-789aa5e765a9:c1190]
2019-09-16 23:34:54,324 [grpc-default-executor-1] INFO  client.GrpcClientProtocolClient (GrpcClientProtocolClient.java:onNext(264)) - client-C79DE3E06697->1d6da99a-ba9a-4d72-abd2-d0f1aa02f12f: receive RaftClientReply:client-C79DE3E06697->1d6da99a-ba9a-4d72-abd2-d0f1aa02f12f@group-B29EE812FB58, cid=899, SUCCESS, logIndex=0, commits[1d6da99a-ba9a-4d72-abd2-d0f1aa02f12f:c1195, 9dc27687-2024-46ae-8b6e-c9027bfa400e:c1192, 9c9c57da-14dc-454a-b374-789aa5e765a9:c1192]
2019-09-16 23:34:54,336 [grpc-default-executor-7] INFO  client.GrpcClientProtocolClient (GrpcClientProtocolClient.java:onNext(264)) - client-C79DE3E06697->1d6da99a-ba9a-4d72-abd2-d0f1aa02f12f: receive RaftClientReply:client-C79DE3E06697->1d6da99a-ba9a-4d72-abd2-d0f1aa02f12f@group-B29EE812FB58, cid=900, SUCCESS, logIndex=1198, commits[1d6da99a-ba9a-4d72-abd2-d0f1aa02f12f:c1199, 9dc27687-2024-46ae-8b6e-c9027bfa400e:c1197, 9c9c57da-14dc-454a-b374-789aa5e765a9:c1197]
2019-09-16 23:34:54,336 [grpc-default-executor-7] INFO  client.GrpcClientProtocolClient (GrpcClientProtocolClient.java:onNext(264)) - client-C79DE3E06697->1d6da99a-ba9a-4d72-abd2-d0f1aa02f12f: receive RaftClientReply:client-C79DE3E06697->1d6da99a-ba9a-4d72-abd2-d0f1aa02f12f@group-B29EE812FB58, cid=901, SUCCESS, logIndex=1199, commits[1d6da99a-ba9a-4d72-abd2-d0f1aa02f12f:c1199, 9dc27687-2024-46ae-8b6e-c9027bfa400e:c1197, 9c9c57da-14dc-454a-b374-789aa5e765a9:c1197]
2019-09-16 23:34:54,359 [grpc-default-executor-7] INFO  client.GrpcClientProtocolClient (GrpcClientProtocolClient.java:onNext(264)) - client-C79DE3E06697->1d6da99a-ba9a-4d72-abd2-d0f1aa02f12f: receive RaftClientReply:client-C79DE3E06697->1d6da99a-ba9a-4d72-abd2-d0f1aa02f12f@group-B29EE812FB58, cid=902, SUCCESS, logIndex=1201, commits[1d6da99a-ba9a-4d72-abd2-d0f1aa02f12f:c1202, 9dc27687-2024-46ae-8b6e-c9027bfa400e:c1200, 9c9c57da-14dc-454a-b374-789aa5e765a9:c1200]
2019-09-16 23:34:54,360 [grpc-default-executor-7] INFO  client.GrpcClientProtocolClient (GrpcClientProtocolClient.java:onNext(264)) - client-C79DE3E06697->1d6da99a-ba9a-4d72-abd2-d0f1aa02f12f: receive RaftClientReply:client-C79DE3E06697->1d6da99a-ba9a-4d72-abd2-d0f1aa02f12f@group-B29EE812FB58, cid=903, SUCCESS, logIndex=1202, commits[1d6da99a-ba9a-4d72-abd2-d0f1aa02f12f:c1202, 9dc27687-2024-46ae-8b6e-c9027bfa400e:c1200, 9c9c57da-14dc-454a-b374-789aa5e765a9:c1200]
2019-09-16 23:34:54,374 [grpc-default-executor-7] INFO  client.GrpcClientProtocolClient (GrpcClientProtocolClient.java:onNext(264)) - client-C79DE3E06697->1d6da99a-ba9a-4d72-abd2-d0f1aa02f12f: receive RaftClientReply:client-C79DE3E06697->1d6da99a-ba9a-4d72-abd2-d0f1aa02f12f@group-B29EE812FB58, cid=904, SUCCESS, logIndex=0, commits[1d6da99a-ba9a-4d72-abd2-d0f1aa02f12f:c1204, 9dc27687-2024-46ae-8b6e-c9027bfa400e:c1202, 9c9c57da-14dc-454a-b374-789aa5e765a9:c1202]
 0.00% |█                                                                                                    |  0/1 Time: 0:00:122019-09-16 23:34:54,390 [grpc-default-executor-7] INFO  client.GrpcClientProtocolClient (GrpcClientProtocolClient.java:onNext(264)) - client-C79DE3E06697->1d6da99a-ba9a-4d72-abd2-d0f1aa02f12f: receive RaftClientReply:client-C79DE3E06697->1d6da99a-ba9a-4d72-abd2-d0f1aa02f12f@group-B29EE812FB58, cid=905, SUCCESS, logIndex=1205, commits[1d6da99a-ba9a-4d72-abd2-d0f1aa02f12f:c1206, 9dc27687-2024-46ae-8b6e-c9027bfa400e:c1204, 9c9c57da-14dc-454a-b374-789aa5e765a9:c1204]
2019-09-16 23:34:54,391 [grpc-default-executor-7] INFO  client.GrpcClientProtocolClient (GrpcClientProtocolClient.java:onNext(264)) - client-C79DE3E06697->1d6da99a-ba9a-4d72-abd2-d0f1aa02f12f: receive RaftClientReply:client-C79DE3E06697->1d6da99a-ba9a-4d72-abd2-d0f1aa02f12f@group-B29EE812FB58, cid=906, SUCCESS, logIndex=1206, commits[1d6da99a-ba9a-4d72-abd2-d0f1aa02f12f:c1206, 9dc27687-2024-46ae-8b6e-c9027bfa400e:c1204, 9c9c57da-14dc-454a-b374-789aa5e765a9:c1204]
2019-09-16 23:34:54,391 [grpc-default-executor-7] INFO  client.GrpcClientProtocolClient (GrpcClientProtocolClient.java:onNext(264)) - client-C79DE3E06697->1d6da99a-ba9a-4d72-abd2-d0f1aa02f12f: receive RaftClientReply:client-C79DE3E06697->1d6da99a-ba9a-4d72-abd2-d0f1aa02f12f@group-B29EE812FB58, cid=907, SUCCESS, logIndex=1207, commits[1d6da99a-ba9a-4d72-abd2-d0f1aa02f12f:c1208, 9dc27687-2024-46ae-8b6e-c9027bfa400e:c1204, 9c9c57da-14dc-454a-b374-789aa5e765a9:c1204]
2019-09-16 23:34:54,391 [grpc-default-executor-7] INFO  client.GrpcClientProtocolClient (GrpcClientProtocolClient.java:onNext(264)) - client-C79DE3E06697->1d6da99a-ba9a-4d72-abd2-d0f1aa02f12f: receive RaftClientReply:client-C79DE3E06697->1d6da99a-ba9a-4d72-abd2-d0f1aa02f12f@group-B29EE812FB58, cid=908, SUCCESS, logIndex=1208, commits[1d6da99a-ba9a-4d72-abd2-d0f1aa02f12f:c1208, 9dc27687-2024-46ae-8b6e-c9027bfa400e:c1204, 9c9c57da-14dc-454a-b374-789aa5e765a9:c1204]
2019-09-16 23:34:54,403 [grpc-default-executor-7] INFO  client.GrpcClientProtocolClient (GrpcClientProtocolClient.java:onNext(264)) - client-C79DE3E06697->1d6da99a-ba9a-4d72-abd2-d0f1aa02f12f: receive RaftClientReply:client-C79DE3E06697->1d6da99a-ba9a-4d72-abd2-d0f1aa02f12f@group-B29EE812FB58, cid=909, SUCCESS, logIndex=0, commits[1d6da99a-ba9a-4d72-abd2-d0f1aa02f12f:c1210, 9dc27687-2024-46ae-8b6e-c9027bfa400e:c1206, 9c9c57da-14dc-454a-b374-789aa5e765a9:c1206]
2019-09-16 23:34:54,579 [grpc-default-executor-1] INFO  client.GrpcClientProtocolClient (GrpcClientProtocolClient.java:onNext(264)) - client-C79DE3E06697->1d6da99a-ba9a-4d72-abd2-d0f1aa02f12f: receive RaftClientReply:client-C79DE3E06697->1d6da99a-ba9a-4d72-abd2-d0f1aa02f12f@group-B29EE812FB58, cid=910, SUCCESS, logIndex=1212, commits[1d6da99a-ba9a-4d72-abd2-d0f1aa02f12f:c1213, 9dc27687-2024-46ae-8b6e-c9027bfa400e:c1211, 9c9c57da-14dc-454a-b374-789aa5e765a9:c1211]
2019-09-16 23:34:54,580 [grpc-default-executor-1] INFO  client.GrpcClientProtocolClient (GrpcClientProtocolClient.java:onNext(264)) - client-C79DE3E06697->1d6da99a-ba9a-4d72-abd2-d0f1aa02f12f: receive RaftClientReply:client-C79DE3E06697->1d6da99a-ba9a-4d72-abd2-d0f1aa02f12f@group-B29EE812FB58, cid=911, SUCCESS, logIndex=1213, commits[1d6da99a-ba9a-4d72-abd2-d0f1aa02f12f:c1213, 9dc27687-2024-46ae-8b6e-c9027bfa400e:c1211, 9c9c57da-14dc-454a-b374-789aa5e765a9:c1211]
2019-09-16 23:34:54,605 [grpc-default-executor-7] INFO  client.GrpcClientProtocolClient (GrpcClientProtocolClient.java:onNext(264)) - client-C79DE3E06697->1d6da99a-ba9a-4d72-abd2-d0f1aa02f12f: receive RaftClientReply:client-C79DE3E06697->1d6da99a-ba9a-4d72-abd2-d0f1aa02f12f@group-B29EE812FB58, cid=912, SUCCESS, logIndex=1216, commits[1d6da99a-ba9a-4d72-abd2-d0f1aa02f12f:c1216, 9dc27687-2024-46ae-8b6e-c9027bfa400e:c1213, 9c9c57da-14dc-454a-b374-789aa5e765a9:c1213]
2019-09-16 23:34:54,606 [grpc-default-executor-7] INFO  client.GrpcClientProtocolClient (GrpcClientProtocolClient.java:onNext(264)) - client-C79DE3E06697->1d6da99a-ba9a-4d72-abd2-d0f1aa02f12f: receive RaftClientReply:client-C79DE3E06697->1d6da99a-ba9a-4d72-abd2-d0f1aa02f12f@group-B29EE812FB58, cid=913, SUCCESS, logIndex=1217, commits[1d6da99a-ba9a-4d72-abd2-d0f1aa02f12f:c1217, 9dc27687-2024-46ae-8b6e-c9027bfa400e:c1213, 9c9c57da-14dc-454a-b374-789aa5e765a9:c1213]
2019-09-16 23:34:54,627 [grpc-default-executor-7] INFO  client.GrpcClientProtocolClient (GrpcClientProtocolClient.java:onNext(264)) - client-C79DE3E06697->1d6da99a-ba9a-4d72-abd2-d0f1aa02f12f: receive RaftClientReply:client-C79DE3E06697->1d6da99a-ba9a-4d72-abd2-d0f1aa02f12f@group-B29EE812FB58, cid=914, SUCCESS, logIndex=0, commits[1d6da99a-ba9a-4d72-abd2-d0f1aa02f12f:c1219, 9dc27687-2024-46ae-8b6e-c9027bfa400e:c1217, 9c9c57da-14dc-454a-b374-789aa5e765a9:c1217]
2019-09-16 23:34:54,650 [grpc-default-executor-1] INFO  client.GrpcClientProtocolClient (GrpcClientProtocolClient.java:onNext(264)) - client-C79DE3E06697->1d6da99a-ba9a-4d72-abd2-d0f1aa02f12f: receive RaftClientReply:client-C79DE3E06697->1d6da99a-ba9a-4d72-abd2-d0f1aa02f12f@group-B29EE812FB58, cid=915, SUCCESS, logIndex=1220, commits[1d6da99a-ba9a-4d72-abd2-d0f1aa02f12f:c1221, 9dc27687-2024-46ae-8b6e-c9027bfa400e:c1219, 9c9c57da-14dc-454a-b374-789aa5e765a9:c1219]
2019-09-16 23:34:54,651 [grpc-default-executor-1] INFO  client.GrpcClientProtocolClient (GrpcClientProtocolClient.java:onNext(264)) - client-C79DE3E06697->1d6da99a-ba9a-4d72-abd2-d0f1aa02f12f: receive RaftClientReply:client-C79DE3E06697->1d6da99a-ba9a-4d72-abd2-d0f1aa02f12f@group-B29EE812FB58, cid=916, SUCCESS, logIndex=1221, commits[1d6da99a-ba9a-4d72-abd2-d0f1aa02f12f:c1221, 9dc27687-2024-46ae-8b6e-c9027bfa400e:c1219, 9c9c57da-14dc-454a-b374-789aa5e765a9:c1219]
2019-09-16 23:34:54,651 [grpc-default-executor-1] INFO  client.GrpcClientProtocolClient (GrpcClientProtocolClient.java:onNext(264)) - client-C79DE3E06697->1d6da99a-ba9a-4d72-abd2-d0f1aa02f12f: receive RaftClientReply:client-C79DE3E06697->1d6da99a-ba9a-4d72-abd2-d0f1aa02f12f@group-B29EE812FB58, cid=917, SUCCESS, logIndex=1222, commits[1d6da99a-ba9a-4d72-abd2-d0f1aa02f12f:c1223, 9dc27687-2024-46ae-8b6e-c9027bfa400e:c1219, 9c9c57da-14dc-454a-b374-789aa5e765a9:c1219]
2019-09-16 23:34:54,651 [grpc-default-executor-1] INFO  client.GrpcClientProtocolClient (GrpcClientProtocolClient.java:onNext(264)) - client-C79DE3E06697->1d6da99a-ba9a-4d72-abd2-d0f1aa02f12f: receive RaftClientReply:client-C79DE3E06697->1d6da99a-ba9a-4d72-abd2-d0f1aa02f12f@group-B29EE812FB58, cid=918, SUCCESS, logIndex=1223, commits[1d6da99a-ba9a-4d72-abd2-d0f1aa02f12f:c1223, 9dc27687-2024-46ae-8b6e-c9027bfa400e:c1219, 9c9c57da-14dc-454a-b374-789aa5e765a9:c1219]
2019-09-16 23:34:54,652 [grpc-default-executor-6] INFO  client.GrpcClientProtocolClient (GrpcClientProtocolClient.java:onNext(264)) - client-C79DE3E06697->1d6da99a-ba9a-4d72-abd2-d0f1aa02f12f: receive RaftClientReply:client-C79DE3E06697->1d6da99a-ba9a-4d72-abd2-d0f1aa02f12f@group-B29EE812FB58, cid=919, SUCCESS, logIndex=0, commits[1d6da99a-ba9a-4d72-abd2-d0f1aa02f12f:c1225, 9dc27687-2024-46ae-8b6e-c9027bfa400e:c1221, 9c9c57da-14dc-454a-b374-789aa5e765a9:c1221]
2019-09-16 23:34:54,670 [grpc-default-executor-7] INFO  client.GrpcClientProtocolClient (GrpcClientProtocolClient.java:onNext(264)) - client-C79DE3E06697->1d6da99a-ba9a-4d72-abd2-d0f1aa02f12f: receive RaftClientReply:client-C79DE3E06697->1d6da99a-ba9a-4d72-abd2-d0f1aa02f12f@group-B29EE812FB58, cid=920, SUCCESS, logIndex=1228, commits[1d6da99a-ba9a-4d72-abd2-d0f1aa02f12f:c1229, 9dc27687-2024-46ae-8b6e-c9027bfa400e:c1227, 9c9c57da-14dc-454a-b374-789aa5e765a9:c1227]
2019-09-16 23:34:54,670 [grpc-default-executor-7] INFO  client.GrpcClientProtocolClient (GrpcClientProtocolClient.java:onNext(264)) - client-C79DE3E06697->1d6da99a-ba9a-4d72-abd2-d0f1aa02f12f: receive RaftClientReply:client-C79DE3E06697->1d6da99a-ba9a-4d72-abd2-d0f1aa02f12f@group-B29EE812FB58, cid=921, SUCCESS, logIndex=1229, commits[1d6da99a-ba9a-4d72-abd2-d0f1aa02f12f:c1229, 9dc27687-2024-46ae-8b6e-c9027bfa400e:c1227, 9c9c57da-14dc-454a-b374-789aa5e765a9:c1227]
2019-09-16 23:34:54,685 [grpc-default-executor-7] INFO  client.GrpcClientProtocolClient (GrpcClientProtocolClient.java:onNext(264)) - client-C79DE3E06697->1d6da99a-ba9a-4d72-abd2-d0f1aa02f12f: receive RaftClientReply:client-C79DE3E06697->1d6da99a-ba9a-4d72-abd2-d0f1aa02f12f@group-B29EE812FB58, cid=922, SUCCESS, logIndex=1232, commits[1d6da99a-ba9a-4d72-abd2-d0f1aa02f12f:c1233, 9dc27687-2024-46ae-8b6e-c9027bfa400e:c1229, 9c9c57da-14dc-454a-b374-789aa5e765a9:c1229]
2019-09-16 23:34:54,685 [grpc-default-executor-7] INFO  client.GrpcClientProtocolClient (GrpcClientProtocolClient.java:onNext(264)) - client-C79DE3E06697->1d6da99a-ba9a-4d72-abd2-d0f1aa02f12f: receive RaftClientReply:client-C79DE3E06697->1d6da99a-ba9a-4d72-abd2-d0f1aa02f12f@group-B29EE812FB58, cid=923, SUCCESS, logIndex=1233, commits[1d6da99a-ba9a-4d72-abd2-d0f1aa02f12f:c1233, 9dc27687-2024-46ae-8b6e-c9027bfa400e:c1229, 9c9c57da-14dc-454a-b374-789aa5e765a9:c1229]
2019-09-16 23:34:54,691 [grpc-default-executor-7] INFO  client.GrpcClientProtocolClient (GrpcClientProtocolClient.java:onNext(264)) - client-C79DE3E06697->1d6da99a-ba9a-4d72-abd2-d0f1aa02f12f: receive RaftClientReply:client-C79DE3E06697->1d6da99a-ba9a-4d72-abd2-d0f1aa02f12f@group-B29EE812FB58, cid=924, SUCCESS, logIndex=0, commits[1d6da99a-ba9a-4d72-abd2-d0f1aa02f12f:c1235, 9dc27687-2024-46ae-8b6e-c9027bfa400e:c1233, 9c9c57da-14dc-454a-b374-789aa5e765a9:c1233]
2019-09-16 23:34:54,723 [grpc-default-executor-1] INFO  client.GrpcClientProtocolClient (GrpcClientProtocolClient.java:onNext(264)) - client-C79DE3E06697->1d6da99a-ba9a-4d72-abd2-d0f1aa02f12f: receive RaftClientReply:client-C79DE3E06697->1d6da99a-ba9a-4d72-abd2-d0f1aa02f12f@group-B29EE812FB58, cid=925, SUCCESS, logIndex=1236, commits[1d6da99a-ba9a-4d72-abd2-d0f1aa02f12f:c1236, 9dc27687-2024-46ae-8b6e-c9027bfa400e:c1235, 9c9c57da-14dc-454a-b374-789aa5e765a9:c1235]
2019-09-16 23:34:54,724 [grpc-default-executor-1] INFO  client.GrpcClientProtocolClient (GrpcClientProtocolClient.java:onNext(264)) - client-C79DE3E06697->1d6da99a-ba9a-4d72-abd2-d0f1aa02f12f: receive RaftClientReply:client-C79DE3E06697->1d6da99a-ba9a-4d72-abd2-d0f1aa02f12f@group-B29EE812FB58, cid=926, SUCCESS, logIndex=1237, commits[1d6da99a-ba9a-4d72-abd2-d0f1aa02f12f:c1239, 9dc27687-2024-46ae-8b6e-c9027bfa400e:c1235, 9c9c57da-14dc-454a-b374-789aa5e765a9:c1235]
2019-09-16 23:34:54,724 [grpc-default-executor-1] INFO  client.GrpcClientProtocolClient (GrpcClientProtocolClient.java:onNext(264)) - client-C79DE3E06697->1d6da99a-ba9a-4d72-abd2-d0f1aa02f12f: receive RaftClientReply:client-C79DE3E06697->1d6da99a-ba9a-4d72-abd2-d0f1aa02f12f@group-B29EE812FB58, cid=927, SUCCESS, logIndex=1238, commits[1d6da99a-ba9a-4d72-abd2-d0f1aa02f12f:c1239, 9dc27687-2024-46ae-8b6e-c9027bfa400e:c1235, 9c9c57da-14dc-454a-b374-789aa5e765a9:c1235]
2019-09-16 23:34:54,724 [grpc-default-executor-1] INFO  client.GrpcClientProtocolClient (GrpcClientProtocolClient.java:onNext(264)) - client-C79DE3E06697->1d6da99a-ba9a-4d72-abd2-d0f1aa02f12f: receive RaftClientReply:client-C79DE3E06697->1d6da99a-ba9a-4d72-abd2-d0f1aa02f12f@group-B29EE812FB58, cid=928, SUCCESS, logIndex=1239, commits[1d6da99a-ba9a-4d72-abd2-d0f1aa02f12f:c1239, 9dc27687-2024-46ae-8b6e-c9027bfa400e:c1235, 9c9c57da-14dc-454a-b374-789aa5e765a9:c1235]
2019-09-16 23:34:54,765 [grpc-default-executor-6] INFO  client.GrpcClientProtocolClient (GrpcClientProtocolClient.java:onNext(264)) - client-C79DE3E06697->1d6da99a-ba9a-4d72-abd2-d0f1aa02f12f: receive RaftClientReply:client-C79DE3E06697->1d6da99a-ba9a-4d72-abd2-d0f1aa02f12f@group-B29EE812FB58, cid=929, SUCCESS, logIndex=0, commits[1d6da99a-ba9a-4d72-abd2-d0f1aa02f12f:c1241, 9dc27687-2024-46ae-8b6e-c9027bfa400e:c1238, 9c9c57da-14dc-454a-b374-789aa5e765a9:c1238]
2019-09-16 23:34:54,786 [grpc-default-executor-1] INFO  client.GrpcClientProtocolClient (GrpcClientProtocolClient.java:onNext(264)) - client-C79DE3E06697->1d6da99a-ba9a-4d72-abd2-d0f1aa02f12f: receive RaftClientReply:client-C79DE3E06697->1d6da99a-ba9a-4d72-abd2-d0f1aa02f12f@group-B29EE812FB58, cid=930, SUCCESS, logIndex=1243, commits[1d6da99a-ba9a-4d72-abd2-d0f1aa02f12f:c1244, 9dc27687-2024-46ae-8b6e-c9027bfa400e:c1242, 9c9c57da-14dc-454a-b374-789aa5e765a9:c1242]
2019-09-16 23:34:54,787 [grpc-default-executor-1] INFO  client.GrpcClientProtocolClient (GrpcClientProtocolClient.java:onNext(264)) - client-C79DE3E06697->1d6da99a-ba9a-4d72-abd2-d0f1aa02f12f: receive RaftClientReply:client-C79DE3E06697->1d6da99a-ba9a-4d72-abd2-d0f1aa02f12f@group-B29EE812FB58, cid=931, SUCCESS, logIndex=1244, commits[1d6da99a-ba9a-4d72-abd2-d0f1aa02f12f:c1244, 9dc27687-2024-46ae-8b6e-c9027bfa400e:c1242, 9c9c57da-14dc-454a-b374-789aa5e765a9:c1242]
2019-09-16 23:34:54,801 [grpc-default-executor-6] INFO  client.GrpcClientProtocolClient (GrpcClientProtocolClient.java:onNext(264)) - client-C79DE3E06697->1d6da99a-ba9a-4d72-abd2-d0f1aa02f12f: receive RaftClientReply:client-C79DE3E06697->1d6da99a-ba9a-4d72-abd2-d0f1aa02f12f@group-B29EE812FB58, cid=932, SUCCESS, logIndex=1247, commits[1d6da99a-ba9a-4d72-abd2-d0f1aa02f12f:c1248, 9dc27687-2024-46ae-8b6e-c9027bfa400e:c1244, 9c9c57da-14dc-454a-b374-789aa5e765a9:c1244]
2019-09-16 23:34:54,801 [grpc-default-executor-6] INFO  client.GrpcClientProtocolClient (GrpcClientProtocolClient.java:onNext(264)) - client-C79DE3E06697->1d6da99a-ba9a-4d72-abd2-d0f1aa02f12f: receive RaftClientReply:client-C79DE3E06697->1d6da99a-ba9a-4d72-abd2-d0f1aa02f12f@group-B29EE812FB58, cid=933, SUCCESS, logIndex=1248, commits[1d6da99a-ba9a-4d72-abd2-d0f1aa02f12f:c1248, 9dc27687-2024-46ae-8b6e-c9027bfa400e:c1244, 9c9c57da-14dc-454a-b374-789aa5e765a9:c1244]
2019-09-16 23:34:54,809 [grpc-default-executor-7] INFO  client.GrpcClientProtocolClient (GrpcClientProtocolClient.java:onNext(264)) - client-C79DE3E06697->1d6da99a-ba9a-4d72-abd2-d0f1aa02f12f: receive RaftClientReply:client-C79DE3E06697->1d6da99a-ba9a-4d72-abd2-d0f1aa02f12f@group-B29EE812FB58, cid=934, SUCCESS, logIndex=0, commits[1d6da99a-ba9a-4d72-abd2-d0f1aa02f12f:c1250, 9dc27687-2024-46ae-8b6e-c9027bfa400e:c1248, 9c9c57da-14dc-454a-b374-789aa5e765a9:c1248]
2019-09-16 23:34:54,854 [grpc-default-executor-7] INFO  client.GrpcClientProtocolClient (GrpcClientProtocolClient.java:onNext(264)) - client-C79DE3E06697->1d6da99a-ba9a-4d72-abd2-d0f1aa02f12f: receive RaftClientReply:client-C79DE3E06697->1d6da99a-ba9a-4d72-abd2-d0f1aa02f12f@group-B29EE812FB58, cid=935, SUCCESS, logIndex=1251, commits[1d6da99a-ba9a-4d72-abd2-d0f1aa02f12f:c1252, 9dc27687-2024-46ae-8b6e-c9027bfa400e:c1250, 9c9c57da-14dc-454a-b374-789aa5e765a9:c1250]
2019-09-16 23:34:54,855 [grpc-default-executor-7] INFO  client.GrpcClientProtocolClient (GrpcClientProtocolClient.java:onNext(264)) - client-C79DE3E06697->1d6da99a-ba9a-4d72-abd2-d0f1aa02f12f: receive RaftClientReply:client-C79DE3E06697->1d6da99a-ba9a-4d72-abd2-d0f1aa02f12f@group-B29EE812FB58, cid=936, SUCCESS, logIndex=1252, commits[1d6da99a-ba9a-4d72-abd2-d0f1aa02f12f:c1252, 9dc27687-2024-46ae-8b6e-c9027bfa400e:c1250, 9c9c57da-14dc-454a-b374-789aa5e765a9:c1250]
2019-09-16 23:34:54,856 [grpc-default-executor-7] INFO  client.GrpcClientProtocolClient (GrpcClientProtocolClient.java:onNext(264)) - client-C79DE3E06697->1d6da99a-ba9a-4d72-abd2-d0f1aa02f12f: receive RaftClientReply:client-C79DE3E06697->1d6da99a-ba9a-4d72-abd2-d0f1aa02f12f@group-B29EE812FB58, cid=937, SUCCESS, logIndex=1253, commits[1d6da99a-ba9a-4d72-abd2-d0f1aa02f12f:c1254, 9dc27687-2024-46ae-8b6e-c9027bfa400e:c1250, 9c9c57da-14dc-454a-b374-789aa5e765a9:c1250]
2019-09-16 23:34:54,857 [grpc-default-executor-7] INFO  client.GrpcClientProtocolClient (GrpcClientProtocolClient.java:onNext(264)) - client-C79DE3E06697->1d6da99a-ba9a-4d72-abd2-d0f1aa02f12f: receive RaftClientReply:client-C79DE3E06697->1d6da99a-ba9a-4d72-abd2-d0f1aa02f12f@group-B29EE812FB58, cid=938, SUCCESS, logIndex=1254, commits[1d6da99a-ba9a-4d72-abd2-d0f1aa02f12f:c1254, 9dc27687-2024-46ae-8b6e-c9027bfa400e:c1250, 9c9c57da-14dc-454a-b374-789aa5e765a9:c1250]
2019-09-16 23:34:54,873 [grpc-default-executor-3] INFO  client.GrpcClientProtocolClient (GrpcClientProtocolClient.java:onNext(264)) - client-C79DE3E06697->1d6da99a-ba9a-4d72-abd2-d0f1aa02f12f: receive RaftClientReply:client-C79DE3E06697->1d6da99a-ba9a-4d72-abd2-d0f1aa02f12f@group-B29EE812FB58, cid=939, SUCCESS, logIndex=0, commits[1d6da99a-ba9a-4d72-abd2-d0f1aa02f12f:c1256, 9dc27687-2024-46ae-8b6e-c9027bfa400e:c1252, 9c9c57da-14dc-454a-b374-789aa5e765a9:c1252]
2019-09-16 23:34:54,903 [grpc-default-executor-6] INFO  client.GrpcClientProtocolClient (GrpcClientProtocolClient.java:onNext(264)) - client-C79DE3E06697->1d6da99a-ba9a-4d72-abd2-d0f1aa02f12f: receive RaftClientReply:client-C79DE3E06697->1d6da99a-ba9a-4d72-abd2-d0f1aa02f12f@group-B29EE812FB58, cid=940, SUCCESS, logIndex=1259, commits[1d6da99a-ba9a-4d72-abd2-d0f1aa02f12f:c1260, 9dc27687-2024-46ae-8b6e-c9027bfa400e:c1258, 9c9c57da-14dc-454a-b374-789aa5e765a9:c1258]
2019-09-16 23:34:54,903 [grpc-default-executor-6] INFO  client.GrpcClientProtocolClient (GrpcClientProtocolClient.java:onNext(264)) - client-C79DE3E06697->1d6da99a-ba9a-4d72-abd2-d0f1aa02f12f: receive RaftClientReply:client-C79DE3E06697->1d6da99a-ba9a-4d72-abd2-d0f1aa02f12f@group-B29EE812FB58, cid=941, SUCCESS, logIndex=1260, commits[1d6da99a-ba9a-4d72-abd2-d0f1aa02f12f:c1260, 9dc27687-2024-46ae-8b6e-c9027bfa400e:c1258, 9c9c57da-14dc-454a-b374-789aa5e765a9:c1258]
2019-09-16 23:34:54,947 [grpc-default-executor-6] INFO  client.GrpcClientProtocolClient (GrpcClientProtocolClient.java:onNext(264)) - client-C79DE3E06697->1d6da99a-ba9a-4d72-abd2-d0f1aa02f12f: receive RaftClientReply:client-C79DE3E06697->1d6da99a-ba9a-4d72-abd2-d0f1aa02f12f@group-B29EE812FB58, cid=942, SUCCESS, logIndex=1263, commits[1d6da99a-ba9a-4d72-abd2-d0f1aa02f12f:c1263, 9dc27687-2024-46ae-8b6e-c9027bfa400e:c1260, 9c9c57da-14dc-454a-b374-789aa5e765a9:c1260]
2019-09-16 23:34:54,947 [grpc-default-executor-6] INFO  client.GrpcClientProtocolClient (GrpcClientProtocolClient.java:onNext(264)) - client-C79DE3E06697->1d6da99a-ba9a-4d72-abd2-d0f1aa02f12f: receive RaftClientReply:client-C79DE3E06697->1d6da99a-ba9a-4d72-abd2-d0f1aa02f12f@group-B29EE812FB58, cid=943, SUCCESS, logIndex=1264, commits[1d6da99a-ba9a-4d72-abd2-d0f1aa02f12f:c1264, 9dc27687-2024-46ae-8b6e-c9027bfa400e:c1260, 9c9c57da-14dc-454a-b374-789aa5e765a9:c1260]
2019-09-16 23:34:54,971 [grpc-default-executor-6] INFO  client.GrpcClientProtocolClient (GrpcClientProtocolClient.java:onNext(264)) - client-C79DE3E06697->1d6da99a-ba9a-4d72-abd2-d0f1aa02f12f: receive RaftClientReply:client-C79DE3E06697->1d6da99a-ba9a-4d72-abd2-d0f1aa02f12f@group-B29EE812FB58, cid=944, SUCCESS, logIndex=0, commits[1d6da99a-ba9a-4d72-abd2-d0f1aa02f12f:c1266, 9dc27687-2024-46ae-8b6e-c9027bfa400e:c1264, 9c9c57da-14dc-454a-b374-789aa5e765a9:c1264]
2019-09-16 23:34:54,993 [grpc-default-executor-6] INFO  client.GrpcClientProtocolClient (GrpcClientProtocolClient.java:onNext(264)) - client-C79DE3E06697->1d6da99a-ba9a-4d72-abd2-d0f1aa02f12f: receive RaftClientReply:client-C79DE3E06697->1d6da99a-ba9a-4d72-abd2-d0f1aa02f12f@group-B29EE812FB58, cid=945, SUCCESS, logIndex=1267, commits[1d6da99a-ba9a-4d72-abd2-d0f1aa02f12f:c1270, 9dc27687-2024-46ae-8b6e-c9027bfa400e:c1266, 9c9c57da-14dc-454a-b374-789aa5e765a9:c1266]
2019-09-16 23:34:54,993 [grpc-default-executor-6] INFO  client.GrpcClientProtocolClient (GrpcClientProtocolClient.java:onNext(264)) - client-C79DE3E06697->1d6da99a-ba9a-4d72-abd2-d0f1aa02f12f: receive RaftClientReply:client-C79DE3E06697->1d6da99a-ba9a-4d72-abd2-d0f1aa02f12f@group-B29EE812FB58, cid=946, SUCCESS, logIndex=1268, commits[1d6da99a-ba9a-4d72-abd2-d0f1aa02f12f:c1270, 9dc27687-2024-46ae-8b6e-c9027bfa400e:c1266, 9c9c57da-14dc-454a-b374-789aa5e765a9:c1266]
2019-09-16 23:34:54,994 [grpc-default-executor-6] INFO  client.GrpcClientProtocolClient (GrpcClientProtocolClient.java:onNext(264)) - client-C79DE3E06697->1d6da99a-ba9a-4d72-abd2-d0f1aa02f12f: receive RaftClientReply:client-C79DE3E06697->1d6da99a-ba9a-4d72-abd2-d0f1aa02f12f@group-B29EE812FB58, cid=947, SUCCESS, logIndex=1269, commits[1d6da99a-ba9a-4d72-abd2-d0f1aa02f12f:c1270, 9dc27687-2024-46ae-8b6e-c9027bfa400e:c1266, 9c9c57da-14dc-454a-b374-789aa5e765a9:c1266]
2019-09-16 23:34:54,994 [grpc-default-executor-6] INFO  client.GrpcClientProtocolClient (GrpcClientProtocolClient.java:onNext(264)) - client-C79DE3E06697->1d6da99a-ba9a-4d72-abd2-d0f1aa02f12f: receive RaftClientReply:client-C79DE3E06697->1d6da99a-ba9a-4d72-abd2-d0f1aa02f12f@group-B29EE812FB58, cid=948, SUCCESS, logIndex=1270, commits[1d6da99a-ba9a-4d72-abd2-d0f1aa02f12f:c1270, 9dc27687-2024-46ae-8b6e-c9027bfa400e:c1266, 9c9c57da-14dc-454a-b374-789aa5e765a9:c1266]
2019-09-16 23:34:55,011 [grpc-default-executor-6] INFO  client.GrpcClientProtocolClient (GrpcClientProtocolClient.java:onNext(264)) - client-C79DE3E06697->1d6da99a-ba9a-4d72-abd2-d0f1aa02f12f: receive RaftClientReply:client-C79DE3E06697->1d6da99a-ba9a-4d72-abd2-d0f1aa02f12f@group-B29EE812FB58, cid=949, SUCCESS, logIndex=0, commits[1d6da99a-ba9a-4d72-abd2-d0f1aa02f12f:c1274, 9dc27687-2024-46ae-8b6e-c9027bfa400e:c1270, 9c9c57da-14dc-454a-b374-789aa5e765a9:c1269]
2019-09-16 23:34:55,029 [grpc-default-executor-7] INFO  client.GrpcClientProtocolClient (GrpcClientProtocolClient.java:onNext(264)) - client-C79DE3E06697->1d6da99a-ba9a-4d72-abd2-d0f1aa02f12f: receive RaftClientReply:client-C79DE3E06697->1d6da99a-ba9a-4d72-abd2-d0f1aa02f12f@group-B29EE812FB58, cid=950, SUCCESS, logIndex=1275, commits[1d6da99a-ba9a-4d72-abd2-d0f1aa02f12f:c1276, 9dc27687-2024-46ae-8b6e-c9027bfa400e:c1274, 9c9c57da-14dc-454a-b374-789aa5e765a9:c1274]
2019-09-16 23:34:55,029 [grpc-default-executor-7] INFO  client.GrpcClientProtocolClient (GrpcClientProtocolClient.java:onNext(264)) - client-C79DE3E06697->1d6da99a-ba9a-4d72-abd2-d0f1aa02f12f: receive RaftClientReply:client-C79DE3E06697->1d6da99a-ba9a-4d72-abd2-d0f1aa02f12f@group-B29EE812FB58, cid=951, SUCCESS, logIndex=1276, commits[1d6da99a-ba9a-4d72-abd2-d0f1aa02f12f:c1276, 9dc27687-2024-46ae-8b6e-c9027bfa400e:c1274, 9c9c57da-14dc-454a-b374-789aa5e765a9:c1274]
2019-09-16 23:34:55,043 [grpc-default-executor-7] INFO  client.GrpcClientProtocolClient (GrpcClientProtocolClient.java:onNext(264)) - client-C79DE3E06697->1d6da99a-ba9a-4d72-abd2-d0f1aa02f12f: receive RaftClientReply:client-C79DE3E06697->1d6da99a-ba9a-4d72-abd2-d0f1aa02f12f@group-B29EE812FB58, cid=952, SUCCESS, logIndex=1279, commits[1d6da99a-ba9a-4d72-abd2-d0f1aa02f12f:c1280, 9dc27687-2024-46ae-8b6e-c9027bfa400e:c1277, 9c9c57da-14dc-454a-b374-789aa5e765a9:c1277]
2019-09-16 23:34:55,043 [grpc-default-executor-7] INFO  client.GrpcClientProtocolClient (GrpcClientProtocolClient.java:onNext(264)) - client-C79DE3E06697->1d6da99a-ba9a-4d72-abd2-d0f1aa02f12f: receive RaftClientReply:client-C79DE3E06697->1d6da99a-ba9a-4d72-abd2-d0f1aa02f12f@group-B29EE812FB58, cid=953, SUCCESS, logIndex=1280, commits[1d6da99a-ba9a-4d72-abd2-d0f1aa02f12f:c1280, 9dc27687-2024-46ae-8b6e-c9027bfa400e:c1277, 9c9c57da-14dc-454a-b374-789aa5e765a9:c1277]
2019-09-16 23:34:55,053 [grpc-default-executor-7] INFO  client.GrpcClientProtocolClient (GrpcClientProtocolClient.java:onNext(264)) - client-C79DE3E06697->1d6da99a-ba9a-4d72-abd2-d0f1aa02f12f: receive RaftClientReply:client-C79DE3E06697->1d6da99a-ba9a-4d72-abd2-d0f1aa02f12f@group-B29EE812FB58, cid=954, SUCCESS, logIndex=0, commits[1d6da99a-ba9a-4d72-abd2-d0f1aa02f12f:c1280, 9dc27687-2024-46ae-8b6e-c9027bfa400e:c1280, 9c9c57da-14dc-454a-b374-789aa5e765a9:c1280]
2019-09-16 23:34:55,077 [grpc-default-executor-7] INFO  client.GrpcClientProtocolClient (GrpcClientProtocolClient.java:onNext(264)) - client-C79DE3E06697->1d6da99a-ba9a-4d72-abd2-d0f1aa02f12f: receive RaftClientReply:client-C79DE3E06697->1d6da99a-ba9a-4d72-abd2-d0f1aa02f12f@group-B29EE812FB58, cid=955, SUCCESS, logIndex=1283, commits[1d6da99a-ba9a-4d72-abd2-d0f1aa02f12f:c1284, 9dc27687-2024-46ae-8b6e-c9027bfa400e:c1282, 9c9c57da-14dc-454a-b374-789aa5e765a9:c1282]
2019-09-16 23:34:55,077 [grpc-default-executor-7] INFO  client.GrpcClientProtocolClient (GrpcClientProtocolClient.java:onNext(264)) - client-C79DE3E06697->1d6da99a-ba9a-4d72-abd2-d0f1aa02f12f: receive RaftClientReply:client-C79DE3E06697->1d6da99a-ba9a-4d72-abd2-d0f1aa02f12f@group-B29EE812FB58, cid=956, SUCCESS, logIndex=1284, commits[1d6da99a-ba9a-4d72-abd2-d0f1aa02f12f:c1285, 9dc27687-2024-46ae-8b6e-c9027bfa400e:c1282, 9c9c57da-14dc-454a-b374-789aa5e765a9:c1282]
2019-09-16 23:34:55,078 [grpc-default-executor-7] INFO  client.GrpcClientProtocolClient (GrpcClientProtocolClient.java:onNext(264)) - client-C79DE3E06697->1d6da99a-ba9a-4d72-abd2-d0f1aa02f12f: receive RaftClientReply:client-C79DE3E06697->1d6da99a-ba9a-4d72-abd2-d0f1aa02f12f@group-B29EE812FB58, cid=957, SUCCESS, logIndex=1285, commits[1d6da99a-ba9a-4d72-abd2-d0f1aa02f12f:c1286, 9dc27687-2024-46ae-8b6e-c9027bfa400e:c1282, 9c9c57da-14dc-454a-b374-789aa5e765a9:c1282]
2019-09-16 23:34:55,078 [grpc-default-executor-7] INFO  client.GrpcClientProtocolClient (GrpcClientProtocolClient.java:onNext(264)) - client-C79DE3E06697->1d6da99a-ba9a-4d72-abd2-d0f1aa02f12f: receive RaftClientReply:client-C79DE3E06697->1d6da99a-ba9a-4d72-abd2-d0f1aa02f12f@group-B29EE812FB58, cid=958, SUCCESS, logIndex=1286, commits[1d6da99a-ba9a-4d72-abd2-d0f1aa02f12f:c1286, 9dc27687-2024-46ae-8b6e-c9027bfa400e:c1282, 9c9c57da-14dc-454a-b374-789aa5e765a9:c1282]
2019-09-16 23:34:55,079 [grpc-default-executor-7] INFO  client.GrpcClientProtocolClient (GrpcClientProtocolClient.java:onNext(264)) - client-C79DE3E06697->1d6da99a-ba9a-4d72-abd2-d0f1aa02f12f: receive RaftClientReply:client-C79DE3E06697->1d6da99a-ba9a-4d72-abd2-d0f1aa02f12f@group-B29EE812FB58, cid=959, SUCCESS, logIndex=0, commits[1d6da99a-ba9a-4d72-abd2-d0f1aa02f12f:c1287, 9dc27687-2024-46ae-8b6e-c9027bfa400e:c1284, 9c9c57da-14dc-454a-b374-789aa5e765a9:c1284]
2019-09-16 23:34:55,092 [grpc-default-executor-7] INFO  client.GrpcClientProtocolClient (GrpcClientProtocolClient.java:onNext(264)) - client-C79DE3E06697->1d6da99a-ba9a-4d72-abd2-d0f1aa02f12f: receive RaftClientReply:client-C79DE3E06697->1d6da99a-ba9a-4d72-abd2-d0f1aa02f12f@group-B29EE812FB58, cid=960, SUCCESS, logIndex=1291, commits[1d6da99a-ba9a-4d72-abd2-d0f1aa02f12f:c1292, 9dc27687-2024-46ae-8b6e-c9027bfa400e:c1287, 9c9c57da-14dc-454a-b374-789aa5e765a9:c1287]
2019-09-16 23:34:55,093 [grpc-default-executor-7] INFO  client.GrpcClientProtocolClient (GrpcClientProtocolClient.java:onNext(264)) - client-C79DE3E06697->1d6da99a-ba9a-4d72-abd2-d0f1aa02f12f: receive RaftClientReply:client-C79DE3E06697->1d6da99a-ba9a-4d72-abd2-d0f1aa02f12f@group-B29EE812FB58, cid=961, SUCCESS, logIndex=1292, commits[1d6da99a-ba9a-4d72-abd2-d0f1aa02f12f:c1292, 9dc27687-2024-46ae-8b6e-c9027bfa400e:c1287, 9c9c57da-14dc-454a-b374-789aa5e765a9:c1287]
2019-09-16 23:34:55,105 [grpc-default-executor-3] INFO  client.GrpcClientProtocolClient (GrpcClientProtocolClient.java:onNext(264)) - client-C79DE3E06697->1d6da99a-ba9a-4d72-abd2-d0f1aa02f12f: receive RaftClientReply:client-C79DE3E06697->1d6da99a-ba9a-4d72-abd2-d0f1aa02f12f@group-B29EE812FB58, cid=962, SUCCESS, logIndex=1295, commits[1d6da99a-ba9a-4d72-abd2-d0f1aa02f12f:c1295, 9dc27687-2024-46ae-8b6e-c9027bfa400e:c1292, 9c9c57da-14dc-454a-b374-789aa5e765a9:c1292]
2019-09-16 23:34:55,106 [grpc-default-executor-3] INFO  client.GrpcClientProtocolClient (GrpcClientProtocolClient.java:onNext(264)) - client-C79DE3E06697->1d6da99a-ba9a-4d72-abd2-d0f1aa02f12f: receive RaftClientReply:client-C79DE3E06697->1d6da99a-ba9a-4d72-abd2-d0f1aa02f12f@group-B29EE812FB58, cid=963, SUCCESS, logIndex=1296, commits[1d6da99a-ba9a-4d72-abd2-d0f1aa02f12f:c1296, 9dc27687-2024-46ae-8b6e-c9027bfa400e:c1292, 9c9c57da-14dc-454a-b374-789aa5e765a9:c1292]
2019-09-16 23:34:55,119 [grpc-default-executor-1] INFO  client.GrpcClientProtocolClient (GrpcClientProtocolClient.java:onNext(264)) - client-C79DE3E06697->1d6da99a-ba9a-4d72-abd2-d0f1aa02f12f: receive RaftClientReply:client-C79DE3E06697->1d6da99a-ba9a-4d72-abd2-d0f1aa02f12f@group-B29EE812FB58, cid=964, SUCCESS, logIndex=0, commits[1d6da99a-ba9a-4d72-abd2-d0f1aa02f12f:c1298, 9dc27687-2024-46ae-8b6e-c9027bfa400e:c1296, 9c9c57da-14dc-454a-b374-789aa5e765a9:c1296]
2019-09-16 23:34:55,146 [grpc-default-executor-1] INFO  client.GrpcClientProtocolClient (GrpcClientProtocolClient.java:onNext(264)) - client-C79DE3E06697->1d6da99a-ba9a-4d72-abd2-d0f1aa02f12f: receive RaftClientReply:client-C79DE3E06697->1d6da99a-ba9a-4d72-abd2-d0f1aa02f12f@group-B29EE812FB58, cid=965, SUCCESS, logIndex=1299, commits[1d6da99a-ba9a-4d72-abd2-d0f1aa02f12f:c1300, 9dc27687-2024-46ae-8b6e-c9027bfa400e:c1298, 9c9c57da-14dc-454a-b374-789aa5e765a9:c1296]
2019-09-16 23:34:55,146 [grpc-default-executor-1] INFO  client.GrpcClientProtocolClient (GrpcClientProtocolClient.java:onNext(264)) - client-C79DE3E06697->1d6da99a-ba9a-4d72-abd2-d0f1aa02f12f: receive RaftClientReply:client-C79DE3E06697->1d6da99a-ba9a-4d72-abd2-d0f1aa02f12f@group-B29EE812FB58, cid=966, SUCCESS, logIndex=1300, commits[1d6da99a-ba9a-4d72-abd2-d0f1aa02f12f:c1302, 9dc27687-2024-46ae-8b6e-c9027bfa400e:c1298, 9c9c57da-14dc-454a-b374-789aa5e765a9:c1298]
2019-09-16 23:34:55,147 [grpc-default-executor-1] INFO  client.GrpcClientProtocolClient (GrpcClientProtocolClient.java:onNext(264)) - client-C79DE3E06697->1d6da99a-ba9a-4d72-abd2-d0f1aa02f12f: receive RaftClientReply:client-C79DE3E06697->1d6da99a-ba9a-4d72-abd2-d0f1aa02f12f@group-B29EE812FB58, cid=967, SUCCESS, logIndex=1301, commits[1d6da99a-ba9a-4d72-abd2-d0f1aa02f12f:c1302, 9dc27687-2024-46ae-8b6e-c9027bfa400e:c1298, 9c9c57da-14dc-454a-b374-789aa5e765a9:c1298]
2019-09-16 23:34:55,147 [grpc-default-executor-1] INFO  client.GrpcClientProtocolClient (GrpcClientProtocolClient.java:onNext(264)) - client-C79DE3E06697->1d6da99a-ba9a-4d72-abd2-d0f1aa02f12f: receive RaftClientReply:client-C79DE3E06697->1d6da99a-ba9a-4d72-abd2-d0f1aa02f12f@group-B29EE812FB58, cid=968, SUCCESS, logIndex=1302, commits[1d6da99a-ba9a-4d72-abd2-d0f1aa02f12f:c1302, 9dc27687-2024-46ae-8b6e-c9027bfa400e:c1298, 9c9c57da-14dc-454a-b374-789aa5e765a9:c1298]
2019-09-16 23:34:55,157 [grpc-default-executor-3] INFO  client.GrpcClientProtocolClient (GrpcClientProtocolClient.java:onNext(264)) - client-C79DE3E06697->1d6da99a-ba9a-4d72-abd2-d0f1aa02f12f: receive RaftClientReply:client-C79DE3E06697->1d6da99a-ba9a-4d72-abd2-d0f1aa02f12f@group-B29EE812FB58, cid=969, SUCCESS, logIndex=0, commits[1d6da99a-ba9a-4d72-abd2-d0f1aa02f12f:c1305, 9dc27687-2024-46ae-8b6e-c9027bfa400e:c1302, 9c9c57da-14dc-454a-b374-789aa5e765a9:c1300]
2019-09-16 23:34:55,177 [grpc-default-executor-7] INFO  client.GrpcClientProtocolClient (GrpcClientProtocolClient.java:onNext(264)) - client-C79DE3E06697->1d6da99a-ba9a-4d72-abd2-d0f1aa02f12f: receive RaftClientReply:client-C79DE3E06697->1d6da99a-ba9a-4d72-abd2-d0f1aa02f12f@group-B29EE812FB58, cid=970, SUCCESS, logIndex=1306, commits[1d6da99a-ba9a-4d72-abd2-d0f1aa02f12f:c1307, 9dc27687-2024-46ae-8b6e-c9027bfa400e:c1305, 9c9c57da-14dc-454a-b374-789aa5e765a9:c1305]
2019-09-16 23:34:55,178 [grpc-default-executor-7] INFO  client.GrpcClientProtocolClient (GrpcClientProtocolClient.java:onNext(264)) - client-C79DE3E06697->1d6da99a-ba9a-4d72-abd2-d0f1aa02f12f: receive RaftClientReply:client-C79DE3E06697->1d6da99a-ba9a-4d72-abd2-d0f1aa02f12f@group-B29EE812FB58, cid=971, SUCCESS, logIndex=1307, commits[1d6da99a-ba9a-4d72-abd2-d0f1aa02f12f:c1307, 9dc27687-2024-46ae-8b6e-c9027bfa400e:c1305, 9c9c57da-14dc-454a-b374-789aa5e765a9:c1305]
2019-09-16 23:34:55,198 [grpc-default-executor-7] INFO  client.GrpcClientProtocolClient (GrpcClientProtocolClient.java:onNext(264)) - client-C79DE3E06697->1d6da99a-ba9a-4d72-abd2-d0f1aa02f12f: receive RaftClientReply:client-C79DE3E06697->1d6da99a-ba9a-4d72-abd2-d0f1aa02f12f@group-B29EE812FB58, cid=972, SUCCESS, logIndex=1310, commits[1d6da99a-ba9a-4d72-abd2-d0f1aa02f12f:c1311, 9dc27687-2024-46ae-8b6e-c9027bfa400e:c1307, 9c9c57da-14dc-454a-b374-789aa5e765a9:c1307]
2019-09-16 23:34:55,198 [grpc-default-executor-7] INFO  client.GrpcClientProtocolClient (GrpcClientProtocolClient.java:onNext(264)) - client-C79DE3E06697->1d6da99a-ba9a-4d72-abd2-d0f1aa02f12f: receive RaftClientReply:client-C79DE3E06697->1d6da99a-ba9a-4d72-abd2-d0f1aa02f12f@group-B29EE812FB58, cid=973, SUCCESS, logIndex=1311, commits[1d6da99a-ba9a-4d72-abd2-d0f1aa02f12f:c1311, 9dc27687-2024-46ae-8b6e-c9027bfa400e:c1307, 9c9c57da-14dc-454a-b374-789aa5e765a9:c1307]
2019-09-16 23:34:55,222 [grpc-default-executor-7] INFO  client.GrpcClientProtocolClient (GrpcClientProtocolClient.java:onNext(264)) - client-C79DE3E06697->1d6da99a-ba9a-4d72-abd2-d0f1aa02f12f: receive RaftClientReply:client-C79DE3E06697->1d6da99a-ba9a-4d72-abd2-d0f1aa02f12f@group-B29EE812FB58, cid=974, SUCCESS, logIndex=0, commits[1d6da99a-ba9a-4d72-abd2-d0f1aa02f12f:c1312, 9dc27687-2024-46ae-8b6e-c9027bfa400e:c1311, 9c9c57da-14dc-454a-b374-789aa5e765a9:c1311]
2019-09-16 23:34:55,242 [grpc-default-executor-1] INFO  client.GrpcClientProtocolClient (GrpcClientProtocolClient.java:onNext(264)) - client-C79DE3E06697->1d6da99a-ba9a-4d72-abd2-d0f1aa02f12f: receive RaftClientReply:client-C79DE3E06697->1d6da99a-ba9a-4d72-abd2-d0f1aa02f12f@group-B29EE812FB58, cid=975, SUCCESS, logIndex=1314, commits[1d6da99a-ba9a-4d72-abd2-d0f1aa02f12f:c1315, 9dc27687-2024-46ae-8b6e-c9027bfa400e:c1313, 9c9c57da-14dc-454a-b374-789aa5e765a9:c1313]
2019-09-16 23:34:55,243 [grpc-default-executor-1] INFO  client.GrpcClientProtocolClient (GrpcClientProtocolClient.java:onNext(264)) - client-C79DE3E06697->1d6da99a-ba9a-4d72-abd2-d0f1aa02f12f: receive RaftClientReply:client-C79DE3E06697->1d6da99a-ba9a-4d72-abd2-d0f1aa02f12f@group-B29EE812FB58, cid=976, SUCCESS, logIndex=1315, commits[1d6da99a-ba9a-4d72-abd2-d0f1aa02f12f:c1315, 9dc27687-2024-46ae-8b6e-c9027bfa400e:c1313, 9c9c57da-14dc-454a-b374-789aa5e765a9:c1313]
2019-09-16 23:34:55,243 [grpc-default-executor-1] INFO  client.GrpcClientProtocolClient (GrpcClientProtocolClient.java:onNext(264)) - client-C79DE3E06697->1d6da99a-ba9a-4d72-abd2-d0f1aa02f12f: receive RaftClientReply:client-C79DE3E06697->1d6da99a-ba9a-4d72-abd2-d0f1aa02f12f@group-B29EE812FB58, cid=977, SUCCESS, logIndex=1316, commits[1d6da99a-ba9a-4d72-abd2-d0f1aa02f12f:c1317, 9dc27687-2024-46ae-8b6e-c9027bfa400e:c1313, 9c9c57da-14dc-454a-b374-789aa5e765a9:c1313]
2019-09-16 23:34:55,243 [grpc-default-executor-1] INFO  client.GrpcClientProtocolClient (GrpcClientProtocolClient.java:onNext(264)) - client-C79DE3E06697->1d6da99a-ba9a-4d72-abd2-d0f1aa02f12f: receive RaftClientReply:client-C79DE3E06697->1d6da99a-ba9a-4d72-abd2-d0f1aa02f12f@group-B29EE812FB58, cid=978, SUCCESS, logIndex=1317, commits[1d6da99a-ba9a-4d72-abd2-d0f1aa02f12f:c1317, 9dc27687-2024-46ae-8b6e-c9027bfa400e:c1313, 9c9c57da-14dc-454a-b374-789aa5e765a9:c1313]
2019-09-16 23:34:55,262 [grpc-default-executor-7] INFO  client.GrpcClientProtocolClient (GrpcClientProtocolClient.java:onNext(264)) - client-C79DE3E06697->1d6da99a-ba9a-4d72-abd2-d0f1aa02f12f: receive RaftClientReply:client-C79DE3E06697->1d6da99a-ba9a-4d72-abd2-d0f1aa02f12f@group-B29EE812FB58, cid=979, SUCCESS, logIndex=0, commits[1d6da99a-ba9a-4d72-abd2-d0f1aa02f12f:c1319, 9dc27687-2024-46ae-8b6e-c9027bfa400e:c1315, 9c9c57da-14dc-454a-b374-789aa5e765a9:c1315]
2019-09-16 23:34:55,284 [grpc-default-executor-7] INFO  client.GrpcClientProtocolClient (GrpcClientProtocolClient.java:onNext(264)) - client-C79DE3E06697->1d6da99a-ba9a-4d72-abd2-d0f1aa02f12f: receive RaftClientReply:client-C79DE3E06697->1d6da99a-ba9a-4d72-abd2-d0f1aa02f12f@group-B29EE812FB58, cid=980, SUCCESS, logIndex=1321, commits[1d6da99a-ba9a-4d72-abd2-d0f1aa02f12f:c1322, 9dc27687-2024-46ae-8b6e-c9027bfa400e:c1320, 9c9c57da-14dc-454a-b374-789aa5e765a9:c1320]
2019-09-16 23:34:55,284 [grpc-default-executor-7] INFO  client.GrpcClientProtocolClient (GrpcClientProtocolClient.java:onNext(264)) - client-C79DE3E06697->1d6da99a-ba9a-4d72-abd2-d0f1aa02f12f: receive RaftClientReply:client-C79DE3E06697->1d6da99a-ba9a-4d72-abd2-d0f1aa02f12f@group-B29EE812FB58, cid=981, SUCCESS, logIndex=1322, commits[1d6da99a-ba9a-4d72-abd2-d0f1aa02f12f:c1322, 9dc27687-2024-46ae-8b6e-c9027bfa400e:c1320, 9c9c57da-14dc-454a-b374-789aa5e765a9:c1320]
2019-09-16 23:34:55,297 [grpc-default-executor-7] INFO  client.GrpcClientProtocolClient (GrpcClientProtocolClient.java:onNext(264)) - client-C79DE3E06697->1d6da99a-ba9a-4d72-abd2-d0f1aa02f12f: receive RaftClientReply:client-C79DE3E06697->1d6da99a-ba9a-4d72-abd2-d0f1aa02f12f@group-B29EE812FB58, cid=982, SUCCESS, logIndex=1325, commits[1d6da99a-ba9a-4d72-abd2-d0f1aa02f12f:c1325, 9dc27687-2024-46ae-8b6e-c9027bfa400e:c1322, 9c9c57da-14dc-454a-b374-789aa5e765a9:c1322]
2019-09-16 23:34:55,298 [grpc-default-executor-7] INFO  client.GrpcClientProtocolClient (GrpcClientProtocolClient.java:onNext(264)) - client-C79DE3E06697->1d6da99a-ba9a-4d72-abd2-d0f1aa02f12f: receive RaftClientReply:client-C79DE3E06697->1d6da99a-ba9a-4d72-abd2-d0f1aa02f12f@group-B29EE812FB58, cid=983, SUCCESS, logIndex=1326, commits[1d6da99a-ba9a-4d72-abd2-d0f1aa02f12f:c1326, 9dc27687-2024-46ae-8b6e-c9027bfa400e:c1322, 9c9c57da-14dc-454a-b374-789aa5e765a9:c1322]
 0.00% |█                                                                                                    |  0/1 Time: 0:00:132019-09-16 23:34:55,472 [grpc-default-executor-7] INFO  client.GrpcClientProtocolClient (GrpcClientProtocolClient.java:onNext(264)) - client-C79DE3E06697->1d6da99a-ba9a-4d72-abd2-d0f1aa02f12f: receive RaftClientReply:client-C79DE3E06697->1d6da99a-ba9a-4d72-abd2-d0f1aa02f12f@group-B29EE812FB58, cid=984, SUCCESS, logIndex=0, commits[1d6da99a-ba9a-4d72-abd2-d0f1aa02f12f:c1328, 9dc27687-2024-46ae-8b6e-c9027bfa400e:c1326, 9c9c57da-14dc-454a-b374-789aa5e765a9:c1326]
2019-09-16 23:34:55,498 [grpc-default-executor-6] INFO  client.GrpcClientProtocolClient (GrpcClientProtocolClient.java:onNext(264)) - client-C79DE3E06697->1d6da99a-ba9a-4d72-abd2-d0f1aa02f12f: receive RaftClientReply:client-C79DE3E06697->1d6da99a-ba9a-4d72-abd2-d0f1aa02f12f@group-B29EE812FB58, cid=985, SUCCESS, logIndex=1329, commits[1d6da99a-ba9a-4d72-abd2-d0f1aa02f12f:c1331, 9dc27687-2024-46ae-8b6e-c9027bfa400e:c1328, 9c9c57da-14dc-454a-b374-789aa5e765a9:c1328]
2019-09-16 23:34:55,499 [grpc-default-executor-6] INFO  client.GrpcClientProtocolClient (GrpcClientProtocolClient.java:onNext(264)) - client-C79DE3E06697->1d6da99a-ba9a-4d72-abd2-d0f1aa02f12f: receive RaftClientReply:client-C79DE3E06697->1d6da99a-ba9a-4d72-abd2-d0f1aa02f12f@group-B29EE812FB58, cid=986, SUCCESS, logIndex=1330, commits[1d6da99a-ba9a-4d72-abd2-d0f1aa02f12f:c1332, 9dc27687-2024-46ae-8b6e-c9027bfa400e:c1328, 9c9c57da-14dc-454a-b374-789aa5e765a9:c1328]
2019-09-16 23:34:55,500 [grpc-default-executor-6] INFO  client.GrpcClientProtocolClient (GrpcClientProtocolClient.java:onNext(264)) - client-C79DE3E06697->1d6da99a-ba9a-4d72-abd2-d0f1aa02f12f: receive RaftClientReply:client-C79DE3E06697->1d6da99a-ba9a-4d72-abd2-d0f1aa02f12f@group-B29EE812FB58, cid=987, SUCCESS, logIndex=1331, commits[1d6da99a-ba9a-4d72-abd2-d0f1aa02f12f:c1332, 9dc27687-2024-46ae-8b6e-c9027bfa400e:c1328, 9c9c57da-14dc-454a-b374-789aa5e765a9:c1328]
2019-09-16 23:34:55,500 [grpc-default-executor-6] INFO  client.GrpcClientProtocolClient (GrpcClientProtocolClient.java:onNext(264)) - client-C79DE3E06697->1d6da99a-ba9a-4d72-abd2-d0f1aa02f12f: receive RaftClientReply:client-C79DE3E06697->1d6da99a-ba9a-4d72-abd2-d0f1aa02f12f@group-B29EE812FB58, cid=988, SUCCESS, logIndex=1332, commits[1d6da99a-ba9a-4d72-abd2-d0f1aa02f12f:c1332, 9dc27687-2024-46ae-8b6e-c9027bfa400e:c1328, 9c9c57da-14dc-454a-b374-789aa5e765a9:c1328]
2019-09-16 23:34:55,512 [grpc-default-executor-6] INFO  client.GrpcClientProtocolClient (GrpcClientProtocolClient.java:onNext(264)) - client-C79DE3E06697->1d6da99a-ba9a-4d72-abd2-d0f1aa02f12f: receive RaftClientReply:client-C79DE3E06697->1d6da99a-ba9a-4d72-abd2-d0f1aa02f12f@group-B29EE812FB58, cid=989, SUCCESS, logIndex=0, commits[1d6da99a-ba9a-4d72-abd2-d0f1aa02f12f:c1333, 9dc27687-2024-46ae-8b6e-c9027bfa400e:c1330, 9c9c57da-14dc-454a-b374-789aa5e765a9:c1330]
2019-09-16 23:34:55,531 [grpc-default-executor-6] INFO  client.GrpcClientProtocolClient (GrpcClientProtocolClient.java:onNext(264)) - client-C79DE3E06697->1d6da99a-ba9a-4d72-abd2-d0f1aa02f12f: receive RaftClientReply:client-C79DE3E06697->1d6da99a-ba9a-4d72-abd2-d0f1aa02f12f@group-B29EE812FB58, cid=990, SUCCESS, logIndex=1337, commits[1d6da99a-ba9a-4d72-abd2-d0f1aa02f12f:c1338, 9dc27687-2024-46ae-8b6e-c9027bfa400e:c1333, 9c9c57da-14dc-454a-b374-789aa5e765a9:c1332]
2019-09-16 23:34:55,532 [grpc-default-executor-6] INFO  client.GrpcClientProtocolClient (GrpcClientProtocolClient.java:onNext(264)) - client-C79DE3E06697->1d6da99a-ba9a-4d72-abd2-d0f1aa02f12f: receive RaftClientReply:client-C79DE3E06697->1d6da99a-ba9a-4d72-abd2-d0f1aa02f12f@group-B29EE812FB58, cid=991, SUCCESS, logIndex=1338, commits[1d6da99a-ba9a-4d72-abd2-d0f1aa02f12f:c1338, 9dc27687-2024-46ae-8b6e-c9027bfa400e:c1333, 9c9c57da-14dc-454a-b374-789aa5e765a9:c1333]
2019-09-16 23:34:55,549 [grpc-default-executor-6] INFO  client.GrpcClientProtocolClient (GrpcClientProtocolClient.java:onNext(264)) - client-C79DE3E06697->1d6da99a-ba9a-4d72-abd2-d0f1aa02f12f: receive RaftClientReply:client-C79DE3E06697->1d6da99a-ba9a-4d72-abd2-d0f1aa02f12f@group-B29EE812FB58, cid=992, SUCCESS, logIndex=1341, commits[1d6da99a-ba9a-4d72-abd2-d0f1aa02f12f:c1342, 9dc27687-2024-46ae-8b6e-c9027bfa400e:c1339, 9c9c57da-14dc-454a-b374-789aa5e765a9:c1339]
2019-09-16 23:34:55,549 [grpc-default-executor-6] INFO  client.GrpcClientProtocolClient (GrpcClientProtocolClient.java:onNext(264)) - client-C79DE3E06697->1d6da99a-ba9a-4d72-abd2-d0f1aa02f12f: receive RaftClientReply:client-C79DE3E06697->1d6da99a-ba9a-4d72-abd2-d0f1aa02f12f@group-B29EE812FB58, cid=993, SUCCESS, logIndex=1342, commits[1d6da99a-ba9a-4d72-abd2-d0f1aa02f12f:c1342, 9dc27687-2024-46ae-8b6e-c9027bfa400e:c1339, 9c9c57da-14dc-454a-b374-789aa5e765a9:c1339]
2019-09-16 23:34:55,567 [grpc-default-executor-7] INFO  client.GrpcClientProtocolClient (GrpcClientProtocolClient.java:onNext(264)) - client-C79DE3E06697->1d6da99a-ba9a-4d72-abd2-d0f1aa02f12f: receive RaftClientReply:client-C79DE3E06697->1d6da99a-ba9a-4d72-abd2-d0f1aa02f12f@group-B29EE812FB58, cid=994, SUCCESS, logIndex=0, commits[1d6da99a-ba9a-4d72-abd2-d0f1aa02f12f:c1344, 9dc27687-2024-46ae-8b6e-c9027bfa400e:c1342, 9c9c57da-14dc-454a-b374-789aa5e765a9:c1342]
2019-09-16 23:34:55,590 [grpc-default-executor-1] INFO  client.GrpcClientProtocolClient (GrpcClientProtocolClient.java:onNext(264)) - client-C79DE3E06697->1d6da99a-ba9a-4d72-abd2-d0f1aa02f12f: receive RaftClientReply:client-C79DE3E06697->1d6da99a-ba9a-4d72-abd2-d0f1aa02f12f@group-B29EE812FB58, cid=995, SUCCESS, logIndex=1345, commits[1d6da99a-ba9a-4d72-abd2-d0f1aa02f12f:c1347, 9dc27687-2024-46ae-8b6e-c9027bfa400e:c1344, 9c9c57da-14dc-454a-b374-789aa5e765a9:c1344]
2019-09-16 23:34:55,591 [grpc-default-executor-1] INFO  client.GrpcClientProtocolClient (GrpcClientProtocolClient.java:onNext(264)) - client-C79DE3E06697->1d6da99a-ba9a-4d72-abd2-d0f1aa02f12f: receive RaftClientReply:client-C79DE3E06697->1d6da99a-ba9a-4d72-abd2-d0f1aa02f12f@group-B29EE812FB58, cid=996, SUCCESS, logIndex=1346, commits[1d6da99a-ba9a-4d72-abd2-d0f1aa02f12f:c1348, 9dc27687-2024-46ae-8b6e-c9027bfa400e:c1344, 9c9c57da-14dc-454a-b374-789aa5e765a9:c1344]
2019-09-16 23:34:55,591 [grpc-default-executor-1] INFO  client.GrpcClientProtocolClient (GrpcClientProtocolClient.java:onNext(264)) - client-C79DE3E06697->1d6da99a-ba9a-4d72-abd2-d0f1aa02f12f: receive RaftClientReply:client-C79DE3E06697->1d6da99a-ba9a-4d72-abd2-d0f1aa02f12f@group-B29EE812FB58, cid=997, SUCCESS, logIndex=1347, commits[1d6da99a-ba9a-4d72-abd2-d0f1aa02f12f:c1348, 9dc27687-2024-46ae-8b6e-c9027bfa400e:c1344, 9c9c57da-14dc-454a-b374-789aa5e765a9:c1344]
2019-09-16 23:34:55,592 [grpc-default-executor-1] INFO  client.GrpcClientProtocolClient (GrpcClientProtocolClient.java:onNext(264)) - client-C79DE3E06697->1d6da99a-ba9a-4d72-abd2-d0f1aa02f12f: receive RaftClientReply:client-C79DE3E06697->1d6da99a-ba9a-4d72-abd2-d0f1aa02f12f@group-B29EE812FB58, cid=998, SUCCESS, logIndex=1348, commits[1d6da99a-ba9a-4d72-abd2-d0f1aa02f12f:c1348, 9dc27687-2024-46ae-8b6e-c9027bfa400e:c1344, 9c9c57da-14dc-454a-b374-789aa5e765a9:c1344]
2019-09-16 23:34:55,601 [grpc-default-executor-1] INFO  client.GrpcClientProtocolClient (GrpcClientProtocolClient.java:onNext(264)) - client-C79DE3E06697->1d6da99a-ba9a-4d72-abd2-d0f1aa02f12f: receive RaftClientReply:client-C79DE3E06697->1d6da99a-ba9a-4d72-abd2-d0f1aa02f12f@group-B29EE812FB58, cid=999, SUCCESS, logIndex=0, commits[1d6da99a-ba9a-4d72-abd2-d0f1aa02f12f:c1350, 9dc27687-2024-46ae-8b6e-c9027bfa400e:c1346, 9c9c57da-14dc-454a-b374-789aa5e765a9:c1347]
2019-09-16 23:34:55,614 [grpc-default-executor-6] INFO  client.GrpcClientProtocolClient (GrpcClientProtocolClient.java:onNext(264)) - client-C79DE3E06697->1d6da99a-ba9a-4d72-abd2-d0f1aa02f12f: receive RaftClientReply:client-C79DE3E06697->1d6da99a-ba9a-4d72-abd2-d0f1aa02f12f@group-B29EE812FB58, cid=1000, SUCCESS, logIndex=1353, commits[1d6da99a-ba9a-4d72-abd2-d0f1aa02f12f:c1353, 9dc27687-2024-46ae-8b6e-c9027bfa400e:c1352, 9c9c57da-14dc-454a-b374-789aa5e765a9:c1352]
2019-09-16 23:34:55,614 [grpc-default-executor-6] INFO  client.GrpcClientProtocolClient (GrpcClientProtocolClient.java:onNext(264)) - client-C79DE3E06697->1d6da99a-ba9a-4d72-abd2-d0f1aa02f12f: receive RaftClientReply:client-C79DE3E06697->1d6da99a-ba9a-4d72-abd2-d0f1aa02f12f@group-B29EE812FB58, cid=1001, SUCCESS, logIndex=1354, commits[1d6da99a-ba9a-4d72-abd2-d0f1aa02f12f:c1354, 9dc27687-2024-46ae-8b6e-c9027bfa400e:c1352, 9c9c57da-14dc-454a-b374-789aa5e765a9:c1352]
2019-09-16 23:34:55,632 [grpc-default-executor-1] INFO  client.GrpcClientProtocolClient (GrpcClientProtocolClient.java:onNext(264)) - client-C79DE3E06697->1d6da99a-ba9a-4d72-abd2-d0f1aa02f12f: receive RaftClientReply:client-C79DE3E06697->1d6da99a-ba9a-4d72-abd2-d0f1aa02f12f@group-B29EE812FB58, cid=1002, SUCCESS, logIndex=1357, commits[1d6da99a-ba9a-4d72-abd2-d0f1aa02f12f:c1358, 9dc27687-2024-46ae-8b6e-c9027bfa400e:c1354, 9c9c57da-14dc-454a-b374-789aa5e765a9:c1354]
2019-09-16 23:34:55,632 [grpc-default-executor-1] INFO  client.GrpcClientProtocolClient (GrpcClientProtocolClient.java:onNext(264)) - client-C79DE3E06697->1d6da99a-ba9a-4d72-abd2-d0f1aa02f12f: receive RaftClientReply:client-C79DE3E06697->1d6da99a-ba9a-4d72-abd2-d0f1aa02f12f@group-B29EE812FB58, cid=1003, SUCCESS, logIndex=1358, commits[1d6da99a-ba9a-4d72-abd2-d0f1aa02f12f:c1358, 9dc27687-2024-46ae-8b6e-c9027bfa400e:c1354, 9c9c57da-14dc-454a-b374-789aa5e765a9:c1354]
2019-09-16 23:34:55,638 [grpc-default-executor-1] INFO  client.GrpcClientProtocolClient (GrpcClientProtocolClient.java:onNext(264)) - client-C79DE3E06697->1d6da99a-ba9a-4d72-abd2-d0f1aa02f12f: receive RaftClientReply:client-C79DE3E06697->1d6da99a-ba9a-4d72-abd2-d0f1aa02f12f@group-B29EE812FB58, cid=1004, SUCCESS, logIndex=0, commits[1d6da99a-ba9a-4d72-abd2-d0f1aa02f12f:c1359, 9dc27687-2024-46ae-8b6e-c9027bfa400e:c1358, 9c9c57da-14dc-454a-b374-789aa5e765a9:c1358]
2019-09-16 23:34:55,657 [grpc-default-executor-3] INFO  client.GrpcClientProtocolClient (GrpcClientProtocolClient.java:onNext(264)) - client-C79DE3E06697->1d6da99a-ba9a-4d72-abd2-d0f1aa02f12f: receive RaftClientReply:client-C79DE3E06697->1d6da99a-ba9a-4d72-abd2-d0f1aa02f12f@group-B29EE812FB58, cid=1005, SUCCESS, logIndex=1361, commits[1d6da99a-ba9a-4d72-abd2-d0f1aa02f12f:c1363, 9dc27687-2024-46ae-8b6e-c9027bfa400e:c1360, 9c9c57da-14dc-454a-b374-789aa5e765a9:c1360]
2019-09-16 23:34:55,657 [grpc-default-executor-3] INFO  client.GrpcClientProtocolClient (GrpcClientProtocolClient.java:onNext(264)) - client-C79DE3E06697->1d6da99a-ba9a-4d72-abd2-d0f1aa02f12f: receive RaftClientReply:client-C79DE3E06697->1d6da99a-ba9a-4d72-abd2-d0f1aa02f12f@group-B29EE812FB58, cid=1006, SUCCESS, logIndex=1362, commits[1d6da99a-ba9a-4d72-abd2-d0f1aa02f12f:c1364, 9dc27687-2024-46ae-8b6e-c9027bfa400e:c1360, 9c9c57da-14dc-454a-b374-789aa5e765a9:c1360]
2019-09-16 23:34:55,657 [grpc-default-executor-3] INFO  client.GrpcClientProtocolClient (GrpcClientProtocolClient.java:onNext(264)) - client-C79DE3E06697->1d6da99a-ba9a-4d72-abd2-d0f1aa02f12f: receive RaftClientReply:client-C79DE3E06697->1d6da99a-ba9a-4d72-abd2-d0f1aa02f12f@group-B29EE812FB58, cid=1007, SUCCESS, logIndex=1363, commits[1d6da99a-ba9a-4d72-abd2-d0f1aa02f12f:c1364, 9dc27687-2024-46ae-8b6e-c9027bfa400e:c1360, 9c9c57da-14dc-454a-b374-789aa5e765a9:c1360]
2019-09-16 23:34:55,658 [grpc-default-executor-3] INFO  client.GrpcClientProtocolClient (GrpcClientProtocolClient.java:onNext(264)) - client-C79DE3E06697->1d6da99a-ba9a-4d72-abd2-d0f1aa02f12f: receive RaftClientReply:client-C79DE3E06697->1d6da99a-ba9a-4d72-abd2-d0f1aa02f12f@group-B29EE812FB58, cid=1008, SUCCESS, logIndex=1364, commits[1d6da99a-ba9a-4d72-abd2-d0f1aa02f12f:c1364, 9dc27687-2024-46ae-8b6e-c9027bfa400e:c1360, 9c9c57da-14dc-454a-b374-789aa5e765a9:c1360]
2019-09-16 23:34:55,668 [grpc-default-executor-1] INFO  client.GrpcClientProtocolClient (GrpcClientProtocolClient.java:onNext(264)) - client-C79DE3E06697->1d6da99a-ba9a-4d72-abd2-d0f1aa02f12f: receive RaftClientReply:client-C79DE3E06697->1d6da99a-ba9a-4d72-abd2-d0f1aa02f12f@group-B29EE812FB58, cid=1009, SUCCESS, logIndex=0, commits[1d6da99a-ba9a-4d72-abd2-d0f1aa02f12f:c1366, 9dc27687-2024-46ae-8b6e-c9027bfa400e:c1362, 9c9c57da-14dc-454a-b374-789aa5e765a9:c1363]
2019-09-16 23:34:55,692 [grpc-default-executor-1] INFO  client.GrpcClientProtocolClient (GrpcClientProtocolClient.java:onNext(264)) - client-C79DE3E06697->1d6da99a-ba9a-4d72-abd2-d0f1aa02f12f: receive RaftClientReply:client-C79DE3E06697->1d6da99a-ba9a-4d72-abd2-d0f1aa02f12f@group-B29EE812FB58, cid=1010, SUCCESS, logIndex=1369, commits[1d6da99a-ba9a-4d72-abd2-d0f1aa02f12f:c1370, 9dc27687-2024-46ae-8b6e-c9027bfa400e:c1368, 9c9c57da-14dc-454a-b374-789aa5e765a9:c1368]
2019-09-16 23:34:55,692 [grpc-default-executor-1] INFO  client.GrpcClientProtocolClient (GrpcClientProtocolClient.java:onNext(264)) - client-C79DE3E06697->1d6da99a-ba9a-4d72-abd2-d0f1aa02f12f: receive RaftClientReply:client-C79DE3E06697->1d6da99a-ba9a-4d72-abd2-d0f1aa02f12f@group-B29EE812FB58, cid=1011, SUCCESS, logIndex=1370, commits[1d6da99a-ba9a-4d72-abd2-d0f1aa02f12f:c1370, 9dc27687-2024-46ae-8b6e-c9027bfa400e:c1368, 9c9c57da-14dc-454a-b374-789aa5e765a9:c1368]
2019-09-16 23:34:55,724 [grpc-default-executor-3] INFO  client.GrpcClientProtocolClient (GrpcClientProtocolClient.java:onNext(264)) - client-C79DE3E06697->1d6da99a-ba9a-4d72-abd2-d0f1aa02f12f: receive RaftClientReply:client-C79DE3E06697->1d6da99a-ba9a-4d72-abd2-d0f1aa02f12f@group-B29EE812FB58, cid=1012, SUCCESS, logIndex=1373, commits[1d6da99a-ba9a-4d72-abd2-d0f1aa02f12f:c1373, 9dc27687-2024-46ae-8b6e-c9027bfa400e:c1370, 9c9c57da-14dc-454a-b374-789aa5e765a9:c1370]
2019-09-16 23:34:55,725 [grpc-default-executor-3] INFO  client.GrpcClientProtocolClient (GrpcClientProtocolClient.java:onNext(264)) - client-C79DE3E06697->1d6da99a-ba9a-4d72-abd2-d0f1aa02f12f: receive RaftClientReply:client-C79DE3E06697->1d6da99a-ba9a-4d72-abd2-d0f1aa02f12f@group-B29EE812FB58, cid=1013, SUCCESS, logIndex=1374, commits[1d6da99a-ba9a-4d72-abd2-d0f1aa02f12f:c1374, 9dc27687-2024-46ae-8b6e-c9027bfa400e:c1370, 9c9c57da-14dc-454a-b374-789aa5e765a9:c1370]
2019-09-16 23:34:55,736 [grpc-default-executor-6] INFO  client.GrpcClientProtocolClient (GrpcClientProtocolClient.java:onNext(264)) - client-C79DE3E06697->1d6da99a-ba9a-4d72-abd2-d0f1aa02f12f: receive RaftClientReply:client-C79DE3E06697->1d6da99a-ba9a-4d72-abd2-d0f1aa02f12f@group-B29EE812FB58, cid=1014, SUCCESS, logIndex=0, commits[1d6da99a-ba9a-4d72-abd2-d0f1aa02f12f:c1376, 9dc27687-2024-46ae-8b6e-c9027bfa400e:c1374, 9c9c57da-14dc-454a-b374-789aa5e765a9:c1374]
2019-09-16 23:34:55,751 [grpc-default-executor-3] INFO  client.GrpcClientProtocolClient (GrpcClientProtocolClient.java:onNext(264)) - client-C79DE3E06697->1d6da99a-ba9a-4d72-abd2-d0f1aa02f12f: receive RaftClientReply:client-C79DE3E06697->1d6da99a-ba9a-4d72-abd2-d0f1aa02f12f@group-B29EE812FB58, cid=1015, SUCCESS, logIndex=1377, commits[1d6da99a-ba9a-4d72-abd2-d0f1aa02f12f:c1378, 9dc27687-2024-46ae-8b6e-c9027bfa400e:c1376, 9c9c57da-14dc-454a-b374-789aa5e765a9:c1376]
2019-09-16 23:34:55,752 [grpc-default-executor-3] INFO  client.GrpcClientProtocolClient (GrpcClientProtocolClient.java:onNext(264)) - client-C79DE3E06697->1d6da99a-ba9a-4d72-abd2-d0f1aa02f12f: receive RaftClientReply:client-C79DE3E06697->1d6da99a-ba9a-4d72-abd2-d0f1aa02f12f@group-B29EE812FB58, cid=1016, SUCCESS, logIndex=1378, commits[1d6da99a-ba9a-4d72-abd2-d0f1aa02f12f:c1380, 9dc27687-2024-46ae-8b6e-c9027bfa400e:c1376, 9c9c57da-14dc-454a-b374-789aa5e765a9:c1376]
2019-09-16 23:34:55,752 [grpc-default-executor-3] INFO  client.GrpcClientProtocolClient (GrpcClientProtocolClient.java:onNext(264)) - client-C79DE3E06697->1d6da99a-ba9a-4d72-abd2-d0f1aa02f12f: receive RaftClientReply:client-C79DE3E06697->1d6da99a-ba9a-4d72-abd2-d0f1aa02f12f@group-B29EE812FB58, cid=1017, SUCCESS, logIndex=1379, commits[1d6da99a-ba9a-4d72-abd2-d0f1aa02f12f:c1380, 9dc27687-2024-46ae-8b6e-c9027bfa400e:c1376, 9c9c57da-14dc-454a-b374-789aa5e765a9:c1376]
2019-09-16 23:34:55,752 [grpc-default-executor-3] INFO  client.GrpcClientProtocolClient (GrpcClientProtocolClient.java:onNext(264)) - client-C79DE3E06697->1d6da99a-ba9a-4d72-abd2-d0f1aa02f12f: receive RaftClientReply:client-C79DE3E06697->1d6da99a-ba9a-4d72-abd2-d0f1aa02f12f@group-B29EE812FB58, cid=1018, SUCCESS, logIndex=1380, commits[1d6da99a-ba9a-4d72-abd2-d0f1aa02f12f:c1380, 9dc27687-2024-46ae-8b6e-c9027bfa400e:c1376, 9c9c57da-14dc-454a-b374-789aa5e765a9:c1376]
2019-09-16 23:34:55,761 [grpc-default-executor-3] INFO  client.GrpcClientProtocolClient (GrpcClientProtocolClient.java:onNext(264)) - client-C79DE3E06697->1d6da99a-ba9a-4d72-abd2-d0f1aa02f12f: receive RaftClientReply:client-C79DE3E06697->1d6da99a-ba9a-4d72-abd2-d0f1aa02f12f@group-B29EE812FB58, cid=1019, SUCCESS, logIndex=0, commits[1d6da99a-ba9a-4d72-abd2-d0f1aa02f12f:c1382, 9dc27687-2024-46ae-8b6e-c9027bfa400e:c1378, 9c9c57da-14dc-454a-b374-789aa5e765a9:c1378]
2019-09-16 23:34:55,785 [grpc-default-executor-7] INFO  client.GrpcClientProtocolClient (GrpcClientProtocolClient.java:onNext(264)) - client-C79DE3E06697->1d6da99a-ba9a-4d72-abd2-d0f1aa02f12f: receive RaftClientReply:client-C79DE3E06697->1d6da99a-ba9a-4d72-abd2-d0f1aa02f12f@group-B29EE812FB58, cid=1020, SUCCESS, logIndex=1385, commits[1d6da99a-ba9a-4d72-abd2-d0f1aa02f12f:c1386, 9dc27687-2024-46ae-8b6e-c9027bfa400e:c1384, 9c9c57da-14dc-454a-b374-789aa5e765a9:c1384]
2019-09-16 23:34:55,785 [grpc-default-executor-7] INFO  client.GrpcClientProtocolClient (GrpcClientProtocolClient.java:onNext(264)) - client-C79DE3E06697->1d6da99a-ba9a-4d72-abd2-d0f1aa02f12f: receive RaftClientReply:client-C79DE3E06697->1d6da99a-ba9a-4d72-abd2-d0f1aa02f12f@group-B29EE812FB58, cid=1021, SUCCESS, logIndex=1386, commits[1d6da99a-ba9a-4d72-abd2-d0f1aa02f12f:c1386, 9dc27687-2024-46ae-8b6e-c9027bfa400e:c1384, 9c9c57da-14dc-454a-b374-789aa5e765a9:c1384]
2019-09-16 23:34:55,801 [grpc-default-executor-1] INFO  client.GrpcClientProtocolClient (GrpcClientProtocolClient.java:onNext(264)) - client-C79DE3E06697->1d6da99a-ba9a-4d72-abd2-d0f1aa02f12f: receive RaftClientReply:client-C79DE3E06697->1d6da99a-ba9a-4d72-abd2-d0f1aa02f12f@group-B29EE812FB58, cid=1022, SUCCESS, logIndex=1389, commits[1d6da99a-ba9a-4d72-abd2-d0f1aa02f12f:c1389, 9dc27687-2024-46ae-8b6e-c9027bfa400e:c1386, 9c9c57da-14dc-454a-b374-789aa5e765a9:c1386]
2019-09-16 23:34:55,801 [grpc-default-executor-1] INFO  client.GrpcClientProtocolClient (GrpcClientProtocolClient.java:onNext(264)) - client-C79DE3E06697->1d6da99a-ba9a-4d72-abd2-d0f1aa02f12f: receive RaftClientReply:client-C79DE3E06697->1d6da99a-ba9a-4d72-abd2-d0f1aa02f12f@group-B29EE812FB58, cid=1023, SUCCESS, logIndex=1390, commits[1d6da99a-ba9a-4d72-abd2-d0f1aa02f12f:c1390, 9dc27687-2024-46ae-8b6e-c9027bfa400e:c1386, 9c9c57da-14dc-454a-b374-789aa5e765a9:c1386]
2019-09-16 23:34:55,811 [grpc-default-executor-1] INFO  client.GrpcClientProtocolClient (GrpcClientProtocolClient.java:onNext(264)) - client-C79DE3E06697->1d6da99a-ba9a-4d72-abd2-d0f1aa02f12f: receive RaftClientReply:client-C79DE3E06697->1d6da99a-ba9a-4d72-abd2-d0f1aa02f12f@group-B29EE812FB58, cid=1024, SUCCESS, logIndex=0, commits[1d6da99a-ba9a-4d72-abd2-d0f1aa02f12f:c1392, 9dc27687-2024-46ae-8b6e-c9027bfa400e:c1390, 9c9c57da-14dc-454a-b374-789aa5e765a9:c1390]
2019-09-16 23:34:55,842 [grpc-default-executor-7] INFO  client.GrpcClientProtocolClient (GrpcClientProtocolClient.java:onNext(264)) - client-C79DE3E06697->1d6da99a-ba9a-4d72-abd2-d0f1aa02f12f: receive RaftClientReply:client-C79DE3E06697->1d6da99a-ba9a-4d72-abd2-d0f1aa02f12f@group-B29EE812FB58, cid=1025, SUCCESS, logIndex=1393, commits[1d6da99a-ba9a-4d72-abd2-d0f1aa02f12f:c1394, 9dc27687-2024-46ae-8b6e-c9027bfa400e:c1392, 9c9c57da-14dc-454a-b374-789aa5e765a9:c1392]
2019-09-16 23:34:55,843 [grpc-default-executor-7] INFO  client.GrpcClientProtocolClient (GrpcClientProtocolClient.java:onNext(264)) - client-C79DE3E06697->1d6da99a-ba9a-4d72-abd2-d0f1aa02f12f: receive RaftClientReply:client-C79DE3E06697->1d6da99a-ba9a-4d72-abd2-d0f1aa02f12f@group-B29EE812FB58, cid=1026, SUCCESS, logIndex=1394, commits[1d6da99a-ba9a-4d72-abd2-d0f1aa02f12f:c1396, 9dc27687-2024-46ae-8b6e-c9027bfa400e:c1392, 9c9c57da-14dc-454a-b374-789aa5e765a9:c1392]
2019-09-16 23:34:55,843 [grpc-default-executor-7] INFO  client.GrpcClientProtocolClient (GrpcClientProtocolClient.java:onNext(264)) - client-C79DE3E06697->1d6da99a-ba9a-4d72-abd2-d0f1aa02f12f: receive RaftClientReply:client-C79DE3E06697->1d6da99a-ba9a-4d72-abd2-d0f1aa02f12f@group-B29EE812FB58, cid=1027, SUCCESS, logIndex=1395, commits[1d6da99a-ba9a-4d72-abd2-d0f1aa02f12f:c1396, 9dc27687-2024-46ae-8b6e-c9027bfa400e:c1392, 9c9c57da-14dc-454a-b374-789aa5e765a9:c1392]
2019-09-16 23:34:55,843 [grpc-default-executor-7] INFO  client.GrpcClientProtocolClient (GrpcClientProtocolClient.java:onNext(264)) - client-C79DE3E06697->1d6da99a-ba9a-4d72-abd2-d0f1aa02f12f: receive RaftClientReply:client-C79DE3E06697->1d6da99a-ba9a-4d72-abd2-d0f1aa02f12f@group-B29EE812FB58, cid=1028, SUCCESS, logIndex=1396, commits[1d6da99a-ba9a-4d72-abd2-d0f1aa02f12f:c1396, 9dc27687-2024-46ae-8b6e-c9027bfa400e:c1392, 9c9c57da-14dc-454a-b374-789aa5e765a9:c1392]
2019-09-16 23:34:55,857 [grpc-default-executor-7] INFO  client.GrpcClientProtocolClient (GrpcClientProtocolClient.java:onNext(264)) - client-C79DE3E06697->1d6da99a-ba9a-4d72-abd2-d0f1aa02f12f: receive RaftClientReply:client-C79DE3E06697->1d6da99a-ba9a-4d72-abd2-d0f1aa02f12f@group-B29EE812FB58, cid=1029, SUCCESS, logIndex=0, commits[1d6da99a-ba9a-4d72-abd2-d0f1aa02f12f:c1398, 9dc27687-2024-46ae-8b6e-c9027bfa400e:c1394, 9c9c57da-14dc-454a-b374-789aa5e765a9:c1394]
2019-09-16 23:34:55,871 [grpc-default-executor-7] INFO  client.GrpcClientProtocolClient (GrpcClientProtocolClient.java:onNext(264)) - client-C79DE3E06697->1d6da99a-ba9a-4d72-abd2-d0f1aa02f12f: receive RaftClientReply:client-C79DE3E06697->1d6da99a-ba9a-4d72-abd2-d0f1aa02f12f@group-B29EE812FB58, cid=1030, SUCCESS, logIndex=1401, commits[1d6da99a-ba9a-4d72-abd2-d0f1aa02f12f:c1402, 9dc27687-2024-46ae-8b6e-c9027bfa400e:c1400, 9c9c57da-14dc-454a-b374-789aa5e765a9:c1400]
2019-09-16 23:34:55,871 [grpc-default-executor-7] INFO  client.GrpcClientProtocolClient (GrpcClientProtocolClient.java:onNext(264)) - client-C79DE3E06697->1d6da99a-ba9a-4d72-abd2-d0f1aa02f12f: receive RaftClientReply:client-C79DE3E06697->1d6da99a-ba9a-4d72-abd2-d0f1aa02f12f@group-B29EE812FB58, cid=1031, SUCCESS, logIndex=1402, commits[1d6da99a-ba9a-4d72-abd2-d0f1aa02f12f:c1402, 9dc27687-2024-46ae-8b6e-c9027bfa400e:c1400, 9c9c57da-14dc-454a-b374-789aa5e765a9:c1400]
2019-09-16 23:34:55,886 [grpc-default-executor-7] INFO  client.GrpcClientProtocolClient (GrpcClientProtocolClient.java:onNext(264)) - client-C79DE3E06697->1d6da99a-ba9a-4d72-abd2-d0f1aa02f12f: receive RaftClientReply:client-C79DE3E06697->1d6da99a-ba9a-4d72-abd2-d0f1aa02f12f@group-B29EE812FB58, cid=1032, SUCCESS, logIndex=1405, commits[1d6da99a-ba9a-4d72-abd2-d0f1aa02f12f:c1406, 9dc27687-2024-46ae-8b6e-c9027bfa400e:c1402, 9c9c57da-14dc-454a-b374-789aa5e765a9:c1402]
2019-09-16 23:34:55,887 [grpc-default-executor-7] INFO  client.GrpcClientProtocolClient (GrpcClientProtocolClient.java:onNext(264)) - client-C79DE3E06697->1d6da99a-ba9a-4d72-abd2-d0f1aa02f12f: receive RaftClientReply:client-C79DE3E06697->1d6da99a-ba9a-4d72-abd2-d0f1aa02f12f@group-B29EE812FB58, cid=1033, SUCCESS, logIndex=1406, commits[1d6da99a-ba9a-4d72-abd2-d0f1aa02f12f:c1406, 9dc27687-2024-46ae-8b6e-c9027bfa400e:c1402, 9c9c57da-14dc-454a-b374-789aa5e765a9:c1402]
2019-09-16 23:34:55,896 [grpc-default-executor-7] INFO  client.GrpcClientProtocolClient (GrpcClientProtocolClient.java:onNext(264)) - client-C79DE3E06697->1d6da99a-ba9a-4d72-abd2-d0f1aa02f12f: receive RaftClientReply:client-C79DE3E06697->1d6da99a-ba9a-4d72-abd2-d0f1aa02f12f@group-B29EE812FB58, cid=1034, SUCCESS, logIndex=0, commits[1d6da99a-ba9a-4d72-abd2-d0f1aa02f12f:c1407, 9dc27687-2024-46ae-8b6e-c9027bfa400e:c1406, 9c9c57da-14dc-454a-b374-789aa5e765a9:c1406]
2019-09-16 23:34:55,917 [grpc-default-executor-3] INFO  client.GrpcClientProtocolClient (GrpcClientProtocolClient.java:onNext(264)) - client-C79DE3E06697->1d6da99a-ba9a-4d72-abd2-d0f1aa02f12f: receive RaftClientReply:client-C79DE3E06697->1d6da99a-ba9a-4d72-abd2-d0f1aa02f12f@group-B29EE812FB58, cid=1035, SUCCESS, logIndex=1409, commits[1d6da99a-ba9a-4d72-abd2-d0f1aa02f12f:c1410, 9dc27687-2024-46ae-8b6e-c9027bfa400e:c1408, 9c9c57da-14dc-454a-b374-789aa5e765a9:c1408]
2019-09-16 23:34:55,918 [grpc-default-executor-3] INFO  client.GrpcClientProtocolClient (GrpcClientProtocolClient.java:onNext(264)) - client-C79DE3E06697->1d6da99a-ba9a-4d72-abd2-d0f1aa02f12f: receive RaftClientReply:client-C79DE3E06697->1d6da99a-ba9a-4d72-abd2-d0f1aa02f12f@group-B29EE812FB58, cid=1036, SUCCESS, logIndex=1410, commits[1d6da99a-ba9a-4d72-abd2-d0f1aa02f12f:c1410, 9dc27687-2024-46ae-8b6e-c9027bfa400e:c1408, 9c9c57da-14dc-454a-b374-789aa5e765a9:c1408]
2019-09-16 23:34:55,929 [grpc-default-executor-7] INFO  client.GrpcClientProtocolClient (GrpcClientProtocolClient.java:onNext(264)) - client-C79DE3E06697->1d6da99a-ba9a-4d72-abd2-d0f1aa02f12f: receive RaftClientReply:client-C79DE3E06697->1d6da99a-ba9a-4d72-abd2-d0f1aa02f12f@group-B29EE812FB58, cid=1037, SUCCESS, logIndex=1411, commits[1d6da99a-ba9a-4d72-abd2-d0f1aa02f12f:c1412, 9dc27687-2024-46ae-8b6e-c9027bfa400e:c1408, 9c9c57da-14dc-454a-b374-789aa5e765a9:c1408]
2019-09-16 23:34:55,929 [grpc-default-executor-7] INFO  client.GrpcClientProtocolClient (GrpcClientProtocolClient.java:onNext(264)) - client-C79DE3E06697->1d6da99a-ba9a-4d72-abd2-d0f1aa02f12f: receive RaftClientReply:client-C79DE3E06697->1d6da99a-ba9a-4d72-abd2-d0f1aa02f12f@group-B29EE812FB58, cid=1038, SUCCESS, logIndex=1412, commits[1d6da99a-ba9a-4d72-abd2-d0f1aa02f12f:c1412, 9dc27687-2024-46ae-8b6e-c9027bfa400e:c1408, 9c9c57da-14dc-454a-b374-789aa5e765a9:c1408]
2019-09-16 23:34:55,946 [grpc-default-executor-7] INFO  client.GrpcClientProtocolClient (GrpcClientProtocolClient.java:onNext(264)) - client-C79DE3E06697->1d6da99a-ba9a-4d72-abd2-d0f1aa02f12f: receive RaftClientReply:client-C79DE3E06697->1d6da99a-ba9a-4d72-abd2-d0f1aa02f12f@group-B29EE812FB58, cid=1039, SUCCESS, logIndex=0, commits[1d6da99a-ba9a-4d72-abd2-d0f1aa02f12f:c1414, 9dc27687-2024-46ae-8b6e-c9027bfa400e:c1410, 9c9c57da-14dc-454a-b374-789aa5e765a9:c1410]
2019-09-16 23:34:55,980 [grpc-default-executor-3] INFO  client.GrpcClientProtocolClient (GrpcClientProtocolClient.java:onNext(264)) - client-C79DE3E06697->1d6da99a-ba9a-4d72-abd2-d0f1aa02f12f: receive RaftClientReply:client-C79DE3E06697->1d6da99a-ba9a-4d72-abd2-d0f1aa02f12f@group-B29EE812FB58, cid=1040, SUCCESS, logIndex=1417, commits[1d6da99a-ba9a-4d72-abd2-d0f1aa02f12f:c1418, 9dc27687-2024-46ae-8b6e-c9027bfa400e:c1416, 9c9c57da-14dc-454a-b374-789aa5e765a9:c1416]
2019-09-16 23:34:55,981 [grpc-default-executor-3] INFO  client.GrpcClientProtocolClient (GrpcClientProtocolClient.java:onNext(264)) - client-C79DE3E06697->1d6da99a-ba9a-4d72-abd2-d0f1aa02f12f: receive RaftClientReply:client-C79DE3E06697->1d6da99a-ba9a-4d72-abd2-d0f1aa02f12f@group-B29EE812FB58, cid=1041, SUCCESS, logIndex=1418, commits[1d6da99a-ba9a-4d72-abd2-d0f1aa02f12f:c1418, 9dc27687-2024-46ae-8b6e-c9027bfa400e:c1416, 9c9c57da-14dc-454a-b374-789aa5e765a9:c1416]
2019-09-16 23:34:56,004 [grpc-default-executor-6] INFO  client.GrpcClientProtocolClient (GrpcClientProtocolClient.java:onNext(264)) - client-C79DE3E06697->1d6da99a-ba9a-4d72-abd2-d0f1aa02f12f: receive RaftClientReply:client-C79DE3E06697->1d6da99a-ba9a-4d72-abd2-d0f1aa02f12f@group-B29EE812FB58, cid=1042, SUCCESS, logIndex=1421, commits[1d6da99a-ba9a-4d72-abd2-d0f1aa02f12f:c1422, 9dc27687-2024-46ae-8b6e-c9027bfa400e:c1419, 9c9c57da-14dc-454a-b374-789aa5e765a9:c1419]
2019-09-16 23:34:56,005 [grpc-default-executor-6] INFO  client.GrpcClientProtocolClient (GrpcClientProtocolClient.java:onNext(264)) - client-C79DE3E06697->1d6da99a-ba9a-4d72-abd2-d0f1aa02f12f: receive RaftClientReply:client-C79DE3E06697->1d6da99a-ba9a-4d72-abd2-d0f1aa02f12f@group-B29EE812FB58, cid=1043, SUCCESS, logIndex=1422, commits[1d6da99a-ba9a-4d72-abd2-d0f1aa02f12f:c1422, 9dc27687-2024-46ae-8b6e-c9027bfa400e:c1419, 9c9c57da-14dc-454a-b374-789aa5e765a9:c1419]
2019-09-16 23:34:56,016 [grpc-default-executor-6] INFO  client.GrpcClientProtocolClient (GrpcClientProtocolClient.java:onNext(264)) - client-C79DE3E06697->1d6da99a-ba9a-4d72-abd2-d0f1aa02f12f: receive RaftClientReply:client-C79DE3E06697->1d6da99a-ba9a-4d72-abd2-d0f1aa02f12f@group-B29EE812FB58, cid=1044, SUCCESS, logIndex=0, commits[1d6da99a-ba9a-4d72-abd2-d0f1aa02f12f:c1424, 9dc27687-2024-46ae-8b6e-c9027bfa400e:c1422, 9c9c57da-14dc-454a-b374-789aa5e765a9:c1422]
2019-09-16 23:34:56,041 [grpc-default-executor-6] INFO  client.GrpcClientProtocolClient (GrpcClientProtocolClient.java:onNext(264)) - client-C79DE3E06697->1d6da99a-ba9a-4d72-abd2-d0f1aa02f12f: receive RaftClientReply:client-C79DE3E06697->1d6da99a-ba9a-4d72-abd2-d0f1aa02f12f@group-B29EE812FB58, cid=1045, SUCCESS, logIndex=1425, commits[1d6da99a-ba9a-4d72-abd2-d0f1aa02f12f:c1426, 9dc27687-2024-46ae-8b6e-c9027bfa400e:c1424, 9c9c57da-14dc-454a-b374-789aa5e765a9:c1424]
2019-09-16 23:34:56,042 [grpc-default-executor-6] INFO  client.GrpcClientProtocolClient (GrpcClientProtocolClient.java:onNext(264)) - client-C79DE3E06697->1d6da99a-ba9a-4d72-abd2-d0f1aa02f12f: receive RaftClientReply:client-C79DE3E06697->1d6da99a-ba9a-4d72-abd2-d0f1aa02f12f@group-B29EE812FB58, cid=1046, SUCCESS, logIndex=1426, commits[1d6da99a-ba9a-4d72-abd2-d0f1aa02f12f:c1428, 9dc27687-2024-46ae-8b6e-c9027bfa400e:c1424, 9c9c57da-14dc-454a-b374-789aa5e765a9:c1424]
2019-09-16 23:34:56,042 [grpc-default-executor-6] INFO  client.GrpcClientProtocolClient (GrpcClientProtocolClient.java:onNext(264)) - client-C79DE3E06697->1d6da99a-ba9a-4d72-abd2-d0f1aa02f12f: receive RaftClientReply:client-C79DE3E06697->1d6da99a-ba9a-4d72-abd2-d0f1aa02f12f@group-B29EE812FB58, cid=1047, SUCCESS, logIndex=1427, commits[1d6da99a-ba9a-4d72-abd2-d0f1aa02f12f:c1428, 9dc27687-2024-46ae-8b6e-c9027bfa400e:c1424, 9c9c57da-14dc-454a-b374-789aa5e765a9:c1424]
2019-09-16 23:34:56,042 [grpc-default-executor-6] INFO  client.GrpcClientProtocolClient (GrpcClientProtocolClient.java:onNext(264)) - client-C79DE3E06697->1d6da99a-ba9a-4d72-abd2-d0f1aa02f12f: receive RaftClientReply:client-C79DE3E06697->1d6da99a-ba9a-4d72-abd2-d0f1aa02f12f@group-B29EE812FB58, cid=1048, SUCCESS, logIndex=1428, commits[1d6da99a-ba9a-4d72-abd2-d0f1aa02f12f:c1428, 9dc27687-2024-46ae-8b6e-c9027bfa400e:c1424, 9c9c57da-14dc-454a-b374-789aa5e765a9:c1424]
2019-09-16 23:34:56,055 [grpc-default-executor-6] INFO  client.GrpcClientProtocolClient (GrpcClientProtocolClient.java:onNext(264)) - client-C79DE3E06697->1d6da99a-ba9a-4d72-abd2-d0f1aa02f12f: receive RaftClientReply:client-C79DE3E06697->1d6da99a-ba9a-4d72-abd2-d0f1aa02f12f@group-B29EE812FB58, cid=1049, SUCCESS, logIndex=0, commits[1d6da99a-ba9a-4d72-abd2-d0f1aa02f12f:c1429, 9dc27687-2024-46ae-8b6e-c9027bfa400e:c1426, 9c9c57da-14dc-454a-b374-789aa5e765a9:c1426]
2019-09-16 23:34:56,068 [grpc-default-executor-7] INFO  client.GrpcClientProtocolClient (GrpcClientProtocolClient.java:onNext(264)) - client-C79DE3E06697->1d6da99a-ba9a-4d72-abd2-d0f1aa02f12f: receive RaftClientReply:client-C79DE3E06697->1d6da99a-ba9a-4d72-abd2-d0f1aa02f12f@group-B29EE812FB58, cid=1050, SUCCESS, logIndex=1433, commits[1d6da99a-ba9a-4d72-abd2-d0f1aa02f12f:c1434, 9dc27687-2024-46ae-8b6e-c9027bfa400e:c1432, 9c9c57da-14dc-454a-b374-789aa5e765a9:c1428]
2019-09-16 23:34:56,068 [grpc-default-executor-7] INFO  client.GrpcClientProtocolClient (GrpcClientProtocolClient.java:onNext(264)) - client-C79DE3E06697->1d6da99a-ba9a-4d72-abd2-d0f1aa02f12f: receive RaftClientReply:client-C79DE3E06697->1d6da99a-ba9a-4d72-abd2-d0f1aa02f12f@group-B29EE812FB58, cid=1051, SUCCESS, logIndex=1434, commits[1d6da99a-ba9a-4d72-abd2-d0f1aa02f12f:c1434, 9dc27687-2024-46ae-8b6e-c9027bfa400e:c1432, 9c9c57da-14dc-454a-b374-789aa5e765a9:c1428]
2019-09-16 23:34:56,093 [grpc-default-executor-6] INFO  client.GrpcClientProtocolClient (GrpcClientProtocolClient.java:onNext(264)) - client-C79DE3E06697->1d6da99a-ba9a-4d72-abd2-d0f1aa02f12f: receive RaftClientReply:client-C79DE3E06697->1d6da99a-ba9a-4d72-abd2-d0f1aa02f12f@group-B29EE812FB58, cid=1052, SUCCESS, logIndex=1437, commits[1d6da99a-ba9a-4d72-abd2-d0f1aa02f12f:c1438, 9dc27687-2024-46ae-8b6e-c9027bfa400e:c1434, 9c9c57da-14dc-454a-b374-789aa5e765a9:c1434]
2019-09-16 23:34:56,094 [grpc-default-executor-6] INFO  client.GrpcClientProtocolClient (GrpcClientProtocolClient.java:onNext(264)) - client-C79DE3E06697->1d6da99a-ba9a-4d72-abd2-d0f1aa02f12f: receive RaftClientReply:client-C79DE3E06697->1d6da99a-ba9a-4d72-abd2-d0f1aa02f12f@group-B29EE812FB58, cid=1053, SUCCESS, logIndex=1438, commits[1d6da99a-ba9a-4d72-abd2-d0f1aa02f12f:c1438, 9dc27687-2024-46ae-8b6e-c9027bfa400e:c1434, 9c9c57da-14dc-454a-b374-789aa5e765a9:c1434]
2019-09-16 23:34:56,109 [grpc-default-executor-6] INFO  client.GrpcClientProtocolClient (GrpcClientProtocolClient.java:onNext(264)) - client-C79DE3E06697->1d6da99a-ba9a-4d72-abd2-d0f1aa02f12f: receive RaftClientReply:client-C79DE3E06697->1d6da99a-ba9a-4d72-abd2-d0f1aa02f12f@group-B29EE812FB58, cid=1054, SUCCESS, logIndex=0, commits[1d6da99a-ba9a-4d72-abd2-d0f1aa02f12f:c1439, 9dc27687-2024-46ae-8b6e-c9027bfa400e:c1438, 9c9c57da-14dc-454a-b374-789aa5e765a9:c1438]
2019-09-16 23:34:56,249 [grpc-default-executor-7] INFO  client.GrpcClientProtocolClient (GrpcClientProtocolClient.java:onNext(264)) - client-C79DE3E06697->1d6da99a-ba9a-4d72-abd2-d0f1aa02f12f: receive RaftClientReply:client-C79DE3E06697->1d6da99a-ba9a-4d72-abd2-d0f1aa02f12f@group-B29EE812FB58, cid=1055, SUCCESS, logIndex=1440, commits[1d6da99a-ba9a-4d72-abd2-d0f1aa02f12f:c1441, 9dc27687-2024-46ae-8b6e-c9027bfa400e:c1439, 9c9c57da-14dc-454a-b374-789aa5e765a9:c1439]
2019-09-16 23:34:56,250 [grpc-default-executor-7] INFO  client.GrpcClientProtocolClient (GrpcClientProtocolClient.java:onNext(264)) - client-C79DE3E06697->1d6da99a-ba9a-4d72-abd2-d0f1aa02f12f: receive RaftClientReply:client-C79DE3E06697->1d6da99a-ba9a-4d72-abd2-d0f1aa02f12f@group-B29EE812FB58, cid=1056, SUCCESS, logIndex=1441, commits[1d6da99a-ba9a-4d72-abd2-d0f1aa02f12f:c1441, 9dc27687-2024-46ae-8b6e-c9027bfa400e:c1439, 9c9c57da-14dc-454a-b374-789aa5e765a9:c1439]
2019-09-16 23:34:56,260 [grpc-default-executor-3] INFO  client.GrpcClientProtocolClient (GrpcClientProtocolClient.java:onNext(264)) - client-C79DE3E06697->1d6da99a-ba9a-4d72-abd2-d0f1aa02f12f: receive RaftClientReply:client-C79DE3E06697->1d6da99a-ba9a-4d72-abd2-d0f1aa02f12f@group-B29EE812FB58, cid=1057, SUCCESS, logIndex=1442, commits[1d6da99a-ba9a-4d72-abd2-d0f1aa02f12f:c1443, 9dc27687-2024-46ae-8b6e-c9027bfa400e:c1439, 9c9c57da-14dc-454a-b374-789aa5e765a9:c1439]
2019-09-16 23:34:56,260 [grpc-default-executor-3] INFO  client.GrpcClientProtocolClient (GrpcClientProtocolClient.java:onNext(264)) - client-C79DE3E06697->1d6da99a-ba9a-4d72-abd2-d0f1aa02f12f: receive RaftClientReply:client-C79DE3E06697->1d6da99a-ba9a-4d72-abd2-d0f1aa02f12f@group-B29EE812FB58, cid=1058, SUCCESS, logIndex=1443, commits[1d6da99a-ba9a-4d72-abd2-d0f1aa02f12f:c1445, 9dc27687-2024-46ae-8b6e-c9027bfa400e:c1441, 9c9c57da-14dc-454a-b374-789aa5e765a9:c1441]
2019-09-16 23:34:56,283 [grpc-default-executor-6] INFO  client.GrpcClientProtocolClient (GrpcClientProtocolClient.java:onNext(264)) - client-C79DE3E06697->1d6da99a-ba9a-4d72-abd2-d0f1aa02f12f: receive RaftClientReply:client-C79DE3E06697->1d6da99a-ba9a-4d72-abd2-d0f1aa02f12f@group-B29EE812FB58, cid=1059, SUCCESS, logIndex=1448, commits[1d6da99a-ba9a-4d72-abd2-d0f1aa02f12f:c1449, 9dc27687-2024-46ae-8b6e-c9027bfa400e:c1447, 9c9c57da-14dc-454a-b374-789aa5e765a9:c1447]
2019-09-16 23:34:56,284 [grpc-default-executor-6] INFO  client.GrpcClientProtocolClient (GrpcClientProtocolClient.java:onNext(264)) - client-C79DE3E06697->1d6da99a-ba9a-4d72-abd2-d0f1aa02f12f: receive RaftClientReply:client-C79DE3E06697->1d6da99a-ba9a-4d72-abd2-d0f1aa02f12f@group-B29EE812FB58, cid=1060, SUCCESS, logIndex=1449, commits[1d6da99a-ba9a-4d72-abd2-d0f1aa02f12f:c1449, 9dc27687-2024-46ae-8b6e-c9027bfa400e:c1447, 9c9c57da-14dc-454a-b374-789aa5e765a9:c1447]
2019-09-16 23:34:56,311 [grpc-default-executor-7] INFO  client.GrpcClientProtocolClient (GrpcClientProtocolClient.java:onNext(264)) - client-C79DE3E06697->1d6da99a-ba9a-4d72-abd2-d0f1aa02f12f: receive RaftClientReply:client-C79DE3E06697->1d6da99a-ba9a-4d72-abd2-d0f1aa02f12f@group-B29EE812FB58, cid=1061, SUCCESS, logIndex=1452, commits[1d6da99a-ba9a-4d72-abd2-d0f1aa02f12f:c1453, 9dc27687-2024-46ae-8b6e-c9027bfa400e:c1449, 9c9c57da-14dc-454a-b374-789aa5e765a9:c1449]
2019-09-16 23:34:56,311 [grpc-default-executor-7] INFO  client.GrpcClientProtocolClient (GrpcClientProtocolClient.java:onNext(264)) - client-C79DE3E06697->1d6da99a-ba9a-4d72-abd2-d0f1aa02f12f: receive RaftClientReply:client-C79DE3E06697->1d6da99a-ba9a-4d72-abd2-d0f1aa02f12f@group-B29EE812FB58, cid=1062, SUCCESS, logIndex=1453, commits[1d6da99a-ba9a-4d72-abd2-d0f1aa02f12f:c1453, 9dc27687-2024-46ae-8b6e-c9027bfa400e:c1449, 9c9c57da-14dc-454a-b374-789aa5e765a9:c1449]
2019-09-16 23:34:56,314 [grpc-default-executor-7] INFO  client.GrpcClientProtocolClient (GrpcClientProtocolClient.java:onNext(264)) - client-C79DE3E06697->1d6da99a-ba9a-4d72-abd2-d0f1aa02f12f: receive RaftClientReply:client-C79DE3E06697->1d6da99a-ba9a-4d72-abd2-d0f1aa02f12f@group-B29EE812FB58, cid=1063, SUCCESS, logIndex=0, commits[1d6da99a-ba9a-4d72-abd2-d0f1aa02f12f:c1454, 9dc27687-2024-46ae-8b6e-c9027bfa400e:c1453, 9c9c57da-14dc-454a-b374-789aa5e765a9:c1453]
2019-09-16 23:34:56,335 [grpc-default-executor-7] INFO  client.GrpcClientProtocolClient (GrpcClientProtocolClient.java:onNext(264)) - client-C79DE3E06697->1d6da99a-ba9a-4d72-abd2-d0f1aa02f12f: receive RaftClientReply:client-C79DE3E06697->1d6da99a-ba9a-4d72-abd2-d0f1aa02f12f@group-B29EE812FB58, cid=1064, SUCCESS, logIndex=1455, commits[1d6da99a-ba9a-4d72-abd2-d0f1aa02f12f:c1456, 9dc27687-2024-46ae-8b6e-c9027bfa400e:c1454, 9c9c57da-14dc-454a-b374-789aa5e765a9:c1454]
2019-09-16 23:34:56,335 [grpc-default-executor-6] INFO  client.GrpcClientProtocolClient (GrpcClientProtocolClient.java:onNext(264)) - client-C79DE3E06697->1d6da99a-ba9a-4d72-abd2-d0f1aa02f12f: receive RaftClientReply:client-C79DE3E06697->1d6da99a-ba9a-4d72-abd2-d0f1aa02f12f@group-B29EE812FB58, cid=1065, SUCCESS, logIndex=1456, commits[1d6da99a-ba9a-4d72-abd2-d0f1aa02f12f:c1456, 9dc27687-2024-46ae-8b6e-c9027bfa400e:c1454, 9c9c57da-14dc-454a-b374-789aa5e765a9:c1454]
2019-09-16 23:34:56,336 [grpc-default-executor-6] INFO  client.GrpcClientProtocolClient (GrpcClientProtocolClient.java:onNext(264)) - client-C79DE3E06697->1d6da99a-ba9a-4d72-abd2-d0f1aa02f12f: receive RaftClientReply:client-C79DE3E06697->1d6da99a-ba9a-4d72-abd2-d0f1aa02f12f@group-B29EE812FB58, cid=1066, SUCCESS, logIndex=1457, commits[1d6da99a-ba9a-4d72-abd2-d0f1aa02f12f:c1458, 9dc27687-2024-46ae-8b6e-c9027bfa400e:c1454, 9c9c57da-14dc-454a-b374-789aa5e765a9:c1454]
2019-09-16 23:34:56,336 [grpc-default-executor-6] INFO  client.GrpcClientProtocolClient (GrpcClientProtocolClient.java:onNext(264)) - client-C79DE3E06697->1d6da99a-ba9a-4d72-abd2-d0f1aa02f12f: receive RaftClientReply:client-C79DE3E06697->1d6da99a-ba9a-4d72-abd2-d0f1aa02f12f@group-B29EE812FB58, cid=1067, SUCCESS, logIndex=1458, commits[1d6da99a-ba9a-4d72-abd2-d0f1aa02f12f:c1458, 9dc27687-2024-46ae-8b6e-c9027bfa400e:c1454, 9c9c57da-14dc-454a-b374-789aa5e765a9:c1454]
2019-09-16 23:34:56,351 [grpc-default-executor-6] INFO  client.GrpcClientProtocolClient (GrpcClientProtocolClient.java:onNext(264)) - client-C79DE3E06697->1d6da99a-ba9a-4d72-abd2-d0f1aa02f12f: receive RaftClientReply:client-C79DE3E06697->1d6da99a-ba9a-4d72-abd2-d0f1aa02f12f@group-B29EE812FB58, cid=1068, SUCCESS, logIndex=0, commits[1d6da99a-ba9a-4d72-abd2-d0f1aa02f12f:c1460, 9dc27687-2024-46ae-8b6e-c9027bfa400e:c1456, 9c9c57da-14dc-454a-b374-789aa5e765a9:c1456]
2019-09-16 23:34:56,363 [grpc-default-executor-3] INFO  client.GrpcClientProtocolClient (GrpcClientProtocolClient.java:onNext(264)) - client-C79DE3E06697->1d6da99a-ba9a-4d72-abd2-d0f1aa02f12f: receive RaftClientReply:client-C79DE3E06697->1d6da99a-ba9a-4d72-abd2-d0f1aa02f12f@group-B29EE812FB58, cid=1069, SUCCESS, logIndex=1463, commits[1d6da99a-ba9a-4d72-abd2-d0f1aa02f12f:c1464, 9dc27687-2024-46ae-8b6e-c9027bfa400e:c1462, 9c9c57da-14dc-454a-b374-789aa5e765a9:c1458]
2019-09-16 23:34:56,363 [grpc-default-executor-3] INFO  client.GrpcClientProtocolClient (GrpcClientProtocolClient.java:onNext(264)) - client-C79DE3E06697->1d6da99a-ba9a-4d72-abd2-d0f1aa02f12f: receive RaftClientReply:client-C79DE3E06697->1d6da99a-ba9a-4d72-abd2-d0f1aa02f12f@group-B29EE812FB58, cid=1070, SUCCESS, logIndex=1464, commits[1d6da99a-ba9a-4d72-abd2-d0f1aa02f12f:c1464, 9dc27687-2024-46ae-8b6e-c9027bfa400e:c1462, 9c9c57da-14dc-454a-b374-789aa5e765a9:c1458]
2019-09-16 23:34:56,378 [grpc-default-executor-6] INFO  client.GrpcClientProtocolClient (GrpcClientProtocolClient.java:onNext(264)) - client-C79DE3E06697->1d6da99a-ba9a-4d72-abd2-d0f1aa02f12f: receive RaftClientReply:client-C79DE3E06697->1d6da99a-ba9a-4d72-abd2-d0f1aa02f12f@group-B29EE812FB58, cid=1071, SUCCESS, logIndex=1467, commits[1d6da99a-ba9a-4d72-abd2-d0f1aa02f12f:c1468, 9dc27687-2024-46ae-8b6e-c9027bfa400e:c1464, 9c9c57da-14dc-454a-b374-789aa5e765a9:c1464]
2019-09-16 23:34:56,378 [grpc-default-executor-6] INFO  client.GrpcClientProtocolClient (GrpcClientProtocolClient.java:onNext(264)) - client-C79DE3E06697->1d6da99a-ba9a-4d72-abd2-d0f1aa02f12f: receive RaftClientReply:client-C79DE3E06697->1d6da99a-ba9a-4d72-abd2-d0f1aa02f12f@group-B29EE812FB58, cid=1072, SUCCESS, logIndex=1468, commits[1d6da99a-ba9a-4d72-abd2-d0f1aa02f12f:c1468, 9dc27687-2024-46ae-8b6e-c9027bfa400e:c1464, 9c9c57da-14dc-454a-b374-789aa5e765a9:c1464]
2019-09-16 23:34:56,390 [grpc-default-executor-6] INFO  client.GrpcClientProtocolClient (GrpcClientProtocolClient.java:onNext(264)) - client-C79DE3E06697->1d6da99a-ba9a-4d72-abd2-d0f1aa02f12f: receive RaftClientReply:client-C79DE3E06697->1d6da99a-ba9a-4d72-abd2-d0f1aa02f12f@group-B29EE812FB58, cid=1073, SUCCESS, logIndex=0, commits[1d6da99a-ba9a-4d72-abd2-d0f1aa02f12f:c1469, 9dc27687-2024-46ae-8b6e-c9027bfa400e:c1468, 9c9c57da-14dc-454a-b374-789aa5e765a9:c1468]
2019-09-16 23:34:56,410 [grpc-default-executor-6] INFO  client.GrpcClientProtocolClient (GrpcClientProtocolClient.java:onNext(264)) - client-C79DE3E06697->1d6da99a-ba9a-4d72-abd2-d0f1aa02f12f: receive RaftClientReply:client-C79DE3E06697->1d6da99a-ba9a-4d72-abd2-d0f1aa02f12f@group-B29EE812FB58, cid=1074, SUCCESS, logIndex=1470, commits[1d6da99a-ba9a-4d72-abd2-d0f1aa02f12f:c1471, 9dc27687-2024-46ae-8b6e-c9027bfa400e:c1469, 9c9c57da-14dc-454a-b374-789aa5e765a9:c1469]
2019-09-16 23:34:56,411 [grpc-default-executor-6] INFO  client.GrpcClientProtocolClient (GrpcClientProtocolClient.java:onNext(264)) - client-C79DE3E06697->1d6da99a-ba9a-4d72-abd2-d0f1aa02f12f: receive RaftClientReply:client-C79DE3E06697->1d6da99a-ba9a-4d72-abd2-d0f1aa02f12f@group-B29EE812FB58, cid=1075, SUCCESS, logIndex=1471, commits[1d6da99a-ba9a-4d72-abd2-d0f1aa02f12f:c1473, 9dc27687-2024-46ae-8b6e-c9027bfa400e:c1469, 9c9c57da-14dc-454a-b374-789aa5e765a9:c1469]
2019-09-16 23:34:56,411 [grpc-default-executor-3] INFO  client.GrpcClientProtocolClient (GrpcClientProtocolClient.java:onNext(264)) - client-C79DE3E06697->1d6da99a-ba9a-4d72-abd2-d0f1aa02f12f: receive RaftClientReply:client-C79DE3E06697->1d6da99a-ba9a-4d72-abd2-d0f1aa02f12f@group-B29EE812FB58, cid=1076, SUCCESS, logIndex=1472, commits[1d6da99a-ba9a-4d72-abd2-d0f1aa02f12f:c1473, 9dc27687-2024-46ae-8b6e-c9027bfa400e:c1469, 9c9c57da-14dc-454a-b374-789aa5e765a9:c1469]
2019-09-16 23:34:56,411 [grpc-default-executor-3] INFO  client.GrpcClientProtocolClient (GrpcClientProtocolClient.java:onNext(264)) - client-C79DE3E06697->1d6da99a-ba9a-4d72-abd2-d0f1aa02f12f: receive RaftClientReply:client-C79DE3E06697->1d6da99a-ba9a-4d72-abd2-d0f1aa02f12f@group-B29EE812FB58, cid=1077, SUCCESS, logIndex=1473, commits[1d6da99a-ba9a-4d72-abd2-d0f1aa02f12f:c1473, 9dc27687-2024-46ae-8b6e-c9027bfa400e:c1469, 9c9c57da-14dc-454a-b374-789aa5e765a9:c1469]
2019-09-16 23:34:56,414 [grpc-default-executor-6] INFO  client.GrpcClientProtocolClient (GrpcClientProtocolClient.java:onNext(264)) - client-C79DE3E06697->1d6da99a-ba9a-4d72-abd2-d0f1aa02f12f: receive RaftClientReply:client-C79DE3E06697->1d6da99a-ba9a-4d72-abd2-d0f1aa02f12f@group-B29EE812FB58, cid=1078, SUCCESS, logIndex=0, commits[1d6da99a-ba9a-4d72-abd2-d0f1aa02f12f:c1475, 9dc27687-2024-46ae-8b6e-c9027bfa400e:c1471, 9c9c57da-14dc-454a-b374-789aa5e765a9:c1471]
2019-09-16 23:34:56,435 [grpc-default-executor-6] INFO  client.GrpcClientProtocolClient (GrpcClientProtocolClient.java:onNext(264)) - client-C79DE3E06697->1d6da99a-ba9a-4d72-abd2-d0f1aa02f12f: receive RaftClientReply:client-C79DE3E06697->1d6da99a-ba9a-4d72-abd2-d0f1aa02f12f@group-B29EE812FB58, cid=1079, SUCCESS, logIndex=1478, commits[1d6da99a-ba9a-4d72-abd2-d0f1aa02f12f:c1479, 9dc27687-2024-46ae-8b6e-c9027bfa400e:c1477, 9c9c57da-14dc-454a-b374-789aa5e765a9:c1473]
2019-09-16 23:34:56,435 [grpc-default-executor-6] INFO  client.GrpcClientProtocolClient (GrpcClientProtocolClient.java:onNext(264)) - client-C79DE3E06697->1d6da99a-ba9a-4d72-abd2-d0f1aa02f12f: receive RaftClientReply:client-C79DE3E06697->1d6da99a-ba9a-4d72-abd2-d0f1aa02f12f@group-B29EE812FB58, cid=1080, SUCCESS, logIndex=1479, commits[1d6da99a-ba9a-4d72-abd2-d0f1aa02f12f:c1479, 9dc27687-2024-46ae-8b6e-c9027bfa400e:c1477, 9c9c57da-14dc-454a-b374-789aa5e765a9:c1477]
2019-09-16 23:34:56,449 [grpc-default-executor-7] INFO  client.GrpcClientProtocolClient (GrpcClientProtocolClient.java:onNext(264)) - client-C79DE3E06697->1d6da99a-ba9a-4d72-abd2-d0f1aa02f12f: receive RaftClientReply:client-C79DE3E06697->1d6da99a-ba9a-4d72-abd2-d0f1aa02f12f@group-B29EE812FB58, cid=1081, SUCCESS, logIndex=1482, commits[1d6da99a-ba9a-4d72-abd2-d0f1aa02f12f:c1483, 9dc27687-2024-46ae-8b6e-c9027bfa400e:c1479, 9c9c57da-14dc-454a-b374-789aa5e765a9:c1479]
2019-09-16 23:34:56,449 [grpc-default-executor-7] INFO  client.GrpcClientProtocolClient (GrpcClientProtocolClient.java:onNext(264)) - client-C79DE3E06697->1d6da99a-ba9a-4d72-abd2-d0f1aa02f12f: receive RaftClientReply:client-C79DE3E06697->1d6da99a-ba9a-4d72-abd2-d0f1aa02f12f@group-B29EE812FB58, cid=1082, SUCCESS, logIndex=1483, commits[1d6da99a-ba9a-4d72-abd2-d0f1aa02f12f:c1483, 9dc27687-2024-46ae-8b6e-c9027bfa400e:c1479, 9c9c57da-14dc-454a-b374-789aa5e765a9:c1479]
2019-09-16 23:34:56,461 [grpc-default-executor-3] INFO  client.GrpcClientProtocolClient (GrpcClientProtocolClient.java:onNext(264)) - client-C79DE3E06697->1d6da99a-ba9a-4d72-abd2-d0f1aa02f12f: receive RaftClientReply:client-C79DE3E06697->1d6da99a-ba9a-4d72-abd2-d0f1aa02f12f@group-B29EE812FB58, cid=1083, SUCCESS, logIndex=0, commits[1d6da99a-ba9a-4d72-abd2-d0f1aa02f12f:c1484, 9dc27687-2024-46ae-8b6e-c9027bfa400e:c1483, 9c9c57da-14dc-454a-b374-789aa5e765a9:c1483]
 0.00% |█                                                                                                    |  0/1 Time: 0:00:142019-09-16 23:34:56,480 [grpc-default-executor-6] INFO  client.GrpcClientProtocolClient (GrpcClientProtocolClient.java:onNext(264)) - client-C79DE3E06697->1d6da99a-ba9a-4d72-abd2-d0f1aa02f12f: receive RaftClientReply:client-C79DE3E06697->1d6da99a-ba9a-4d72-abd2-d0f1aa02f12f@group-B29EE812FB58, cid=1084, SUCCESS, logIndex=1486, commits[1d6da99a-ba9a-4d72-abd2-d0f1aa02f12f:c1487, 9dc27687-2024-46ae-8b6e-c9027bfa400e:c1485, 9c9c57da-14dc-454a-b374-789aa5e765a9:c1485]
2019-09-16 23:34:56,480 [grpc-default-executor-7] INFO  client.GrpcClientProtocolClient (GrpcClientProtocolClient.java:onNext(264)) - client-C79DE3E06697->1d6da99a-ba9a-4d72-abd2-d0f1aa02f12f: receive RaftClientReply:client-C79DE3E06697->1d6da99a-ba9a-4d72-abd2-d0f1aa02f12f@group-B29EE812FB58, cid=1085, SUCCESS, logIndex=1487, commits[1d6da99a-ba9a-4d72-abd2-d0f1aa02f12f:c1489, 9dc27687-2024-46ae-8b6e-c9027bfa400e:c1485, 9c9c57da-14dc-454a-b374-789aa5e765a9:c1485]
2019-09-16 23:34:56,480 [grpc-default-executor-7] INFO  client.GrpcClientProtocolClient (GrpcClientProtocolClient.java:onNext(264)) - client-C79DE3E06697->1d6da99a-ba9a-4d72-abd2-d0f1aa02f12f: receive RaftClientReply:client-C79DE3E06697->1d6da99a-ba9a-4d72-abd2-d0f1aa02f12f@group-B29EE812FB58, cid=1086, SUCCESS, logIndex=1488, commits[1d6da99a-ba9a-4d72-abd2-d0f1aa02f12f:c1489, 9dc27687-2024-46ae-8b6e-c9027bfa400e:c1485, 9c9c57da-14dc-454a-b374-789aa5e765a9:c1485]
2019-09-16 23:34:56,481 [grpc-default-executor-7] INFO  client.GrpcClientProtocolClient (GrpcClientProtocolClient.java:onNext(264)) - client-C79DE3E06697->1d6da99a-ba9a-4d72-abd2-d0f1aa02f12f: receive RaftClientReply:client-C79DE3E06697->1d6da99a-ba9a-4d72-abd2-d0f1aa02f12f@group-B29EE812FB58, cid=1087, SUCCESS, logIndex=1489, commits[1d6da99a-ba9a-4d72-abd2-d0f1aa02f12f:c1489, 9dc27687-2024-46ae-8b6e-c9027bfa400e:c1486, 9c9c57da-14dc-454a-b374-789aa5e765a9:c1485]
2019-09-16 23:34:56,494 [grpc-default-executor-7] INFO  client.GrpcClientProtocolClient (GrpcClientProtocolClient.java:onNext(264)) - client-C79DE3E06697->1d6da99a-ba9a-4d72-abd2-d0f1aa02f12f: receive RaftClientReply:client-C79DE3E06697->1d6da99a-ba9a-4d72-abd2-d0f1aa02f12f@group-B29EE812FB58, cid=1088, SUCCESS, logIndex=0, commits[1d6da99a-ba9a-4d72-abd2-d0f1aa02f12f:c1491, 9dc27687-2024-46ae-8b6e-c9027bfa400e:c1487, 9c9c57da-14dc-454a-b374-789aa5e765a9:c1487]
2019-09-16 23:34:56,510 [grpc-default-executor-6] INFO  client.GrpcClientProtocolClient (GrpcClientProtocolClient.java:onNext(264)) - client-C79DE3E06697->1d6da99a-ba9a-4d72-abd2-d0f1aa02f12f: receive RaftClientReply:client-C79DE3E06697->1d6da99a-ba9a-4d72-abd2-d0f1aa02f12f@group-B29EE812FB58, cid=1089, SUCCESS, logIndex=1494, commits[1d6da99a-ba9a-4d72-abd2-d0f1aa02f12f:c1495, 9dc27687-2024-46ae-8b6e-c9027bfa400e:c1493, 9c9c57da-14dc-454a-b374-789aa5e765a9:c1493]
2019-09-16 23:34:56,510 [grpc-default-executor-6] INFO  client.GrpcClientProtocolClient (GrpcClientProtocolClient.java:onNext(264)) - client-C79DE3E06697->1d6da99a-ba9a-4d72-abd2-d0f1aa02f12f: receive RaftClientReply:client-C79DE3E06697->1d6da99a-ba9a-4d72-abd2-d0f1aa02f12f@group-B29EE812FB58, cid=1090, SUCCESS, logIndex=1495, commits[1d6da99a-ba9a-4d72-abd2-d0f1aa02f12f:c1495, 9dc27687-2024-46ae-8b6e-c9027bfa400e:c1493, 9c9c57da-14dc-454a-b374-789aa5e765a9:c1493]
2019-09-16 23:34:56,520 [grpc-default-executor-1] INFO  client.GrpcClientProtocolClient (GrpcClientProtocolClient.java:onNext(264)) - client-C79DE3E06697->1d6da99a-ba9a-4d72-abd2-d0f1aa02f12f: receive RaftClientReply:client-C79DE3E06697->1d6da99a-ba9a-4d72-abd2-d0f1aa02f12f@group-B29EE812FB58, cid=1091, SUCCESS, logIndex=1498, commits[1d6da99a-ba9a-4d72-abd2-d0f1aa02f12f:c1499, 9dc27687-2024-46ae-8b6e-c9027bfa400e:c1495, 9c9c57da-14dc-454a-b374-789aa5e765a9:c1495]
2019-09-16 23:34:56,520 [grpc-default-executor-1] INFO  client.GrpcClientProtocolClient (GrpcClientProtocolClient.java:onNext(264)) - client-C79DE3E06697->1d6da99a-ba9a-4d72-abd2-d0f1aa02f12f: receive RaftClientReply:client-C79DE3E06697->1d6da99a-ba9a-4d72-abd2-d0f1aa02f12f@group-B29EE812FB58, cid=1092, SUCCESS, logIndex=1499, commits[1d6da99a-ba9a-4d72-abd2-d0f1aa02f12f:c1499, 9dc27687-2024-46ae-8b6e-c9027bfa400e:c1495, 9c9c57da-14dc-454a-b374-789aa5e765a9:c1495]
2019-09-16 23:34:56,527 [grpc-default-executor-1] INFO  client.GrpcClientProtocolClient (GrpcClientProtocolClient.java:onNext(264)) - client-C79DE3E06697->1d6da99a-ba9a-4d72-abd2-d0f1aa02f12f: receive RaftClientReply:client-C79DE3E06697->1d6da99a-ba9a-4d72-abd2-d0f1aa02f12f@group-B29EE812FB58, cid=1093, SUCCESS, logIndex=0, commits[1d6da99a-ba9a-4d72-abd2-d0f1aa02f12f:c1501, 9dc27687-2024-46ae-8b6e-c9027bfa400e:c1499, 9c9c57da-14dc-454a-b374-789aa5e765a9:c1499]
2019-09-16 23:34:56,545 [grpc-default-executor-6] INFO  client.GrpcClientProtocolClient (GrpcClientProtocolClient.java:onNext(264)) - client-C79DE3E06697->1d6da99a-ba9a-4d72-abd2-d0f1aa02f12f: receive RaftClientReply:client-C79DE3E06697->1d6da99a-ba9a-4d72-abd2-d0f1aa02f12f@group-B29EE812FB58, cid=1094, SUCCESS, logIndex=1502, commits[1d6da99a-ba9a-4d72-abd2-d0f1aa02f12f:c1503, 9dc27687-2024-46ae-8b6e-c9027bfa400e:c1501, 9c9c57da-14dc-454a-b374-789aa5e765a9:c1501]
2019-09-16 23:34:56,546 [grpc-default-executor-6] INFO  client.GrpcClientProtocolClient (GrpcClientProtocolClient.java:onNext(264)) - client-C79DE3E06697->1d6da99a-ba9a-4d72-abd2-d0f1aa02f12f: receive RaftClientReply:client-C79DE3E06697->1d6da99a-ba9a-4d72-abd2-d0f1aa02f12f@group-B29EE812FB58, cid=1095, SUCCESS, logIndex=1503, commits[1d6da99a-ba9a-4d72-abd2-d0f1aa02f12f:c1505, 9dc27687-2024-46ae-8b6e-c9027bfa400e:c1501, 9c9c57da-14dc-454a-b374-789aa5e765a9:c1501]
2019-09-16 23:34:56,546 [grpc-default-executor-6] INFO  client.GrpcClientProtocolClient (GrpcClientProtocolClient.java:onNext(264)) - client-C79DE3E06697->1d6da99a-ba9a-4d72-abd2-d0f1aa02f12f: receive RaftClientReply:client-C79DE3E06697->1d6da99a-ba9a-4d72-abd2-d0f1aa02f12f@group-B29EE812FB58, cid=1096, SUCCESS, logIndex=1504, commits[1d6da99a-ba9a-4d72-abd2-d0f1aa02f12f:c1505, 9dc27687-2024-46ae-8b6e-c9027bfa400e:c1501, 9c9c57da-14dc-454a-b374-789aa5e765a9:c1501]
2019-09-16 23:34:56,546 [grpc-default-executor-6] INFO  client.GrpcClientProtocolClient (GrpcClientProtocolClient.java:onNext(264)) - client-C79DE3E06697->1d6da99a-ba9a-4d72-abd2-d0f1aa02f12f: receive RaftClientReply:client-C79DE3E06697->1d6da99a-ba9a-4d72-abd2-d0f1aa02f12f@group-B29EE812FB58, cid=1097, SUCCESS, logIndex=1505, commits[1d6da99a-ba9a-4d72-abd2-d0f1aa02f12f:c1505, 9dc27687-2024-46ae-8b6e-c9027bfa400e:c1501, 9c9c57da-14dc-454a-b374-789aa5e765a9:c1501]
2019-09-16 23:34:56,560 [grpc-default-executor-6] INFO  client.GrpcClientProtocolClient (GrpcClientProtocolClient.java:onNext(264)) - client-C79DE3E06697->1d6da99a-ba9a-4d72-abd2-d0f1aa02f12f: receive RaftClientReply:client-C79DE3E06697->1d6da99a-ba9a-4d72-abd2-d0f1aa02f12f@group-B29EE812FB58, cid=1098, SUCCESS, logIndex=0, commits[1d6da99a-ba9a-4d72-abd2-d0f1aa02f12f:c1508, 9dc27687-2024-46ae-8b6e-c9027bfa400e:c1503, 9c9c57da-14dc-454a-b374-789aa5e765a9:c1505]
2019-09-16 23:34:56,578 [grpc-default-executor-1] INFO  client.GrpcClientProtocolClient (GrpcClientProtocolClient.java:onNext(264)) - client-C79DE3E06697->1d6da99a-ba9a-4d72-abd2-d0f1aa02f12f: receive RaftClientReply:client-C79DE3E06697->1d6da99a-ba9a-4d72-abd2-d0f1aa02f12f@group-B29EE812FB58, cid=1099, SUCCESS, logIndex=1509, commits[1d6da99a-ba9a-4d72-abd2-d0f1aa02f12f:c1510, 9dc27687-2024-46ae-8b6e-c9027bfa400e:c1508, 9c9c57da-14dc-454a-b374-789aa5e765a9:c1508]
2019-09-16 23:34:56,578 [grpc-default-executor-1] INFO  client.GrpcClientProtocolClient (GrpcClientProtocolClient.java:onNext(264)) - client-C79DE3E06697->1d6da99a-ba9a-4d72-abd2-d0f1aa02f12f: receive RaftClientReply:client-C79DE3E06697->1d6da99a-ba9a-4d72-abd2-d0f1aa02f12f@group-B29EE812FB58, cid=1100, SUCCESS, logIndex=1510, commits[1d6da99a-ba9a-4d72-abd2-d0f1aa02f12f:c1510, 9dc27687-2024-46ae-8b6e-c9027bfa400e:c1508, 9c9c57da-14dc-454a-b374-789aa5e765a9:c1508]
2019-09-16 23:34:56,592 [grpc-default-executor-6] INFO  client.GrpcClientProtocolClient (GrpcClientProtocolClient.java:onNext(264)) - client-C79DE3E06697->1d6da99a-ba9a-4d72-abd2-d0f1aa02f12f: receive RaftClientReply:client-C79DE3E06697->1d6da99a-ba9a-4d72-abd2-d0f1aa02f12f@group-B29EE812FB58, cid=1101, SUCCESS, logIndex=1512, commits[1d6da99a-ba9a-4d72-abd2-d0f1aa02f12f:c1513, 9dc27687-2024-46ae-8b6e-c9027bfa400e:c1510, 9c9c57da-14dc-454a-b374-789aa5e765a9:c1510]
2019-09-16 23:34:56,593 [grpc-default-executor-6] INFO  client.GrpcClientProtocolClient (GrpcClientProtocolClient.java:onNext(264)) - client-C79DE3E06697->1d6da99a-ba9a-4d72-abd2-d0f1aa02f12f: receive RaftClientReply:client-C79DE3E06697->1d6da99a-ba9a-4d72-abd2-d0f1aa02f12f@group-B29EE812FB58, cid=1102, SUCCESS, logIndex=1513, commits[1d6da99a-ba9a-4d72-abd2-d0f1aa02f12f:c1513, 9dc27687-2024-46ae-8b6e-c9027bfa400e:c1510, 9c9c57da-14dc-454a-b374-789aa5e765a9:c1510]
2019-09-16 23:34:56,606 [grpc-default-executor-1] INFO  client.GrpcClientProtocolClient (GrpcClientProtocolClient.java:onNext(264)) - client-C79DE3E06697->1d6da99a-ba9a-4d72-abd2-d0f1aa02f12f: receive RaftClientReply:client-C79DE3E06697->1d6da99a-ba9a-4d72-abd2-d0f1aa02f12f@group-B29EE812FB58, cid=1103, SUCCESS, logIndex=0, commits[1d6da99a-ba9a-4d72-abd2-d0f1aa02f12f:c1514, 9dc27687-2024-46ae-8b6e-c9027bfa400e:c1513, 9c9c57da-14dc-454a-b374-789aa5e765a9:c1513]
2019-09-16 23:34:56,625 [grpc-default-executor-7] INFO  client.GrpcClientProtocolClient (GrpcClientProtocolClient.java:onNext(264)) - client-C79DE3E06697->1d6da99a-ba9a-4d72-abd2-d0f1aa02f12f: receive RaftClientReply:client-C79DE3E06697->1d6da99a-ba9a-4d72-abd2-d0f1aa02f12f@group-B29EE812FB58, cid=1104, SUCCESS, logIndex=1516, commits[1d6da99a-ba9a-4d72-abd2-d0f1aa02f12f:c1519, 9dc27687-2024-46ae-8b6e-c9027bfa400e:c1515, 9c9c57da-14dc-454a-b374-789aa5e765a9:c1515]
2019-09-16 23:34:56,625 [grpc-default-executor-7] INFO  client.GrpcClientProtocolClient (GrpcClientProtocolClient.java:onNext(264)) - client-C79DE3E06697->1d6da99a-ba9a-4d72-abd2-d0f1aa02f12f: receive RaftClientReply:client-C79DE3E06697->1d6da99a-ba9a-4d72-abd2-d0f1aa02f12f@group-B29EE812FB58, cid=1105, SUCCESS, logIndex=1517, commits[1d6da99a-ba9a-4d72-abd2-d0f1aa02f12f:c1519, 9dc27687-2024-46ae-8b6e-c9027bfa400e:c1515, 9c9c57da-14dc-454a-b374-789aa5e765a9:c1515]
2019-09-16 23:34:56,626 [grpc-default-executor-7] INFO  client.GrpcClientProtocolClient (GrpcClientProtocolClient.java:onNext(264)) - client-C79DE3E06697->1d6da99a-ba9a-4d72-abd2-d0f1aa02f12f: receive RaftClientReply:client-C79DE3E06697->1d6da99a-ba9a-4d72-abd2-d0f1aa02f12f@group-B29EE812FB58, cid=1106, SUCCESS, logIndex=1518, commits[1d6da99a-ba9a-4d72-abd2-d0f1aa02f12f:c1519, 9dc27687-2024-46ae-8b6e-c9027bfa400e:c1515, 9c9c57da-14dc-454a-b374-789aa5e765a9:c1515]
2019-09-16 23:34:56,626 [grpc-default-executor-7] INFO  client.GrpcClientProtocolClient (GrpcClientProtocolClient.java:onNext(264)) - client-C79DE3E06697->1d6da99a-ba9a-4d72-abd2-d0f1aa02f12f: receive RaftClientReply:client-C79DE3E06697->1d6da99a-ba9a-4d72-abd2-d0f1aa02f12f@group-B29EE812FB58, cid=1107, SUCCESS, logIndex=1519, commits[1d6da99a-ba9a-4d72-abd2-d0f1aa02f12f:c1519, 9dc27687-2024-46ae-8b6e-c9027bfa400e:c1515, 9c9c57da-14dc-454a-b374-789aa5e765a9:c1515]
2019-09-16 23:34:56,639 [grpc-default-executor-7] INFO  client.GrpcClientProtocolClient (GrpcClientProtocolClient.java:onNext(264)) - client-C79DE3E06697->1d6da99a-ba9a-4d72-abd2-d0f1aa02f12f: receive RaftClientReply:client-C79DE3E06697->1d6da99a-ba9a-4d72-abd2-d0f1aa02f12f@group-B29EE812FB58, cid=1108, SUCCESS, logIndex=0, commits[1d6da99a-ba9a-4d72-abd2-d0f1aa02f12f:c1520, 9dc27687-2024-46ae-8b6e-c9027bfa400e:c1517, 9c9c57da-14dc-454a-b374-789aa5e765a9:c1517]
2019-09-16 23:34:56,659 [grpc-default-executor-6] INFO  client.GrpcClientProtocolClient (GrpcClientProtocolClient.java:onNext(264)) - client-C79DE3E06697->1d6da99a-ba9a-4d72-abd2-d0f1aa02f12f: receive RaftClientReply:client-C79DE3E06697->1d6da99a-ba9a-4d72-abd2-d0f1aa02f12f@group-B29EE812FB58, cid=1109, SUCCESS, logIndex=1523, commits[1d6da99a-ba9a-4d72-abd2-d0f1aa02f12f:c1524, 9dc27687-2024-46ae-8b6e-c9027bfa400e:c1522, 9c9c57da-14dc-454a-b374-789aa5e765a9:c1522]
2019-09-16 23:34:56,660 [grpc-default-executor-6] INFO  client.GrpcClientProtocolClient (GrpcClientProtocolClient.java:onNext(264)) - client-C79DE3E06697->1d6da99a-ba9a-4d72-abd2-d0f1aa02f12f: receive RaftClientReply:client-C79DE3E06697->1d6da99a-ba9a-4d72-abd2-d0f1aa02f12f@group-B29EE812FB58, cid=1110, SUCCESS, logIndex=1524, commits[1d6da99a-ba9a-4d72-abd2-d0f1aa02f12f:c1524, 9dc27687-2024-46ae-8b6e-c9027bfa400e:c1522, 9c9c57da-14dc-454a-b374-789aa5e765a9:c1522]
2019-09-16 23:34:56,676 [grpc-default-executor-7] INFO  client.GrpcClientProtocolClient (GrpcClientProtocolClient.java:onNext(264)) - client-C79DE3E06697->1d6da99a-ba9a-4d72-abd2-d0f1aa02f12f: receive RaftClientReply:client-C79DE3E06697->1d6da99a-ba9a-4d72-abd2-d0f1aa02f12f@group-B29EE812FB58, cid=1111, SUCCESS, logIndex=1527, commits[1d6da99a-ba9a-4d72-abd2-d0f1aa02f12f:c1527, 9dc27687-2024-46ae-8b6e-c9027bfa400e:c1524, 9c9c57da-14dc-454a-b374-789aa5e765a9:c1523]
2019-09-16 23:34:56,676 [grpc-default-executor-7] INFO  client.GrpcClientProtocolClient (GrpcClientProtocolClient.java:onNext(264)) - client-C79DE3E06697->1d6da99a-ba9a-4d72-abd2-d0f1aa02f12f: receive RaftClientReply:client-C79DE3E06697->1d6da99a-ba9a-4d72-abd2-d0f1aa02f12f@group-B29EE812FB58, cid=1112, SUCCESS, logIndex=1528, commits[1d6da99a-ba9a-4d72-abd2-d0f1aa02f12f:c1528, 9dc27687-2024-46ae-8b6e-c9027bfa400e:c1524, 9c9c57da-14dc-454a-b374-789aa5e765a9:c1524]
2019-09-16 23:34:56,697 [grpc-default-executor-7] INFO  client.GrpcClientProtocolClient (GrpcClientProtocolClient.java:onNext(264)) - client-C79DE3E06697->1d6da99a-ba9a-4d72-abd2-d0f1aa02f12f: receive RaftClientReply:client-C79DE3E06697->1d6da99a-ba9a-4d72-abd2-d0f1aa02f12f@group-B29EE812FB58, cid=1113, SUCCESS, logIndex=0, commits[1d6da99a-ba9a-4d72-abd2-d0f1aa02f12f:c1530, 9dc27687-2024-46ae-8b6e-c9027bfa400e:c1528, 9c9c57da-14dc-454a-b374-789aa5e765a9:c1528]
2019-09-16 23:34:56,717 [grpc-default-executor-6] INFO  client.GrpcClientProtocolClient (GrpcClientProtocolClient.java:onNext(264)) - client-C79DE3E06697->1d6da99a-ba9a-4d72-abd2-d0f1aa02f12f: receive RaftClientReply:client-C79DE3E06697->1d6da99a-ba9a-4d72-abd2-d0f1aa02f12f@group-B29EE812FB58, cid=1114, SUCCESS, logIndex=1531, commits[1d6da99a-ba9a-4d72-abd2-d0f1aa02f12f:c1534, 9dc27687-2024-46ae-8b6e-c9027bfa400e:c1530, 9c9c57da-14dc-454a-b374-789aa5e765a9:c1530]
2019-09-16 23:34:56,717 [grpc-default-executor-6] INFO  client.GrpcClientProtocolClient (GrpcClientProtocolClient.java:onNext(264)) - client-C79DE3E06697->1d6da99a-ba9a-4d72-abd2-d0f1aa02f12f: receive RaftClientReply:client-C79DE3E06697->1d6da99a-ba9a-4d72-abd2-d0f1aa02f12f@group-B29EE812FB58, cid=1115, SUCCESS, logIndex=1532, commits[1d6da99a-ba9a-4d72-abd2-d0f1aa02f12f:c1534, 9dc27687-2024-46ae-8b6e-c9027bfa400e:c1530, 9c9c57da-14dc-454a-b374-789aa5e765a9:c1530]
2019-09-16 23:34:56,717 [grpc-default-executor-6] INFO  client.GrpcClientProtocolClient (GrpcClientProtocolClient.java:onNext(264)) - client-C79DE3E06697->1d6da99a-ba9a-4d72-abd2-d0f1aa02f12f: receive RaftClientReply:client-C79DE3E06697->1d6da99a-ba9a-4d72-abd2-d0f1aa02f12f@group-B29EE812FB58, cid=1116, SUCCESS, logIndex=1533, commits[1d6da99a-ba9a-4d72-abd2-d0f1aa02f12f:c1534, 9dc27687-2024-46ae-8b6e-c9027bfa400e:c1530, 9c9c57da-14dc-454a-b374-789aa5e765a9:c1530]
2019-09-16 23:34:56,718 [grpc-default-executor-6] INFO  client.GrpcClientProtocolClient (GrpcClientProtocolClient.java:onNext(264)) - client-C79DE3E06697->1d6da99a-ba9a-4d72-abd2-d0f1aa02f12f: receive RaftClientReply:client-C79DE3E06697->1d6da99a-ba9a-4d72-abd2-d0f1aa02f12f@group-B29EE812FB58, cid=1117, SUCCESS, logIndex=1534, commits[1d6da99a-ba9a-4d72-abd2-d0f1aa02f12f:c1534, 9dc27687-2024-46ae-8b6e-c9027bfa400e:c1530, 9c9c57da-14dc-454a-b374-789aa5e765a9:c1530]
2019-09-16 23:34:56,722 [grpc-default-executor-7] INFO  client.GrpcClientProtocolClient (GrpcClientProtocolClient.java:onNext(264)) - client-C79DE3E06697->1d6da99a-ba9a-4d72-abd2-d0f1aa02f12f: receive RaftClientReply:client-C79DE3E06697->1d6da99a-ba9a-4d72-abd2-d0f1aa02f12f@group-B29EE812FB58, cid=1118, SUCCESS, logIndex=0, commits[1d6da99a-ba9a-4d72-abd2-d0f1aa02f12f:c1537, 9dc27687-2024-46ae-8b6e-c9027bfa400e:c1532, 9c9c57da-14dc-454a-b374-789aa5e765a9:c1534]
2019-09-16 23:34:56,740 [grpc-default-executor-7] INFO  client.GrpcClientProtocolClient (GrpcClientProtocolClient.java:onNext(264)) - client-C79DE3E06697->1d6da99a-ba9a-4d72-abd2-d0f1aa02f12f: receive RaftClientReply:client-C79DE3E06697->1d6da99a-ba9a-4d72-abd2-d0f1aa02f12f@group-B29EE812FB58, cid=1119, SUCCESS, logIndex=1539, commits[1d6da99a-ba9a-4d72-abd2-d0f1aa02f12f:c1540, 9dc27687-2024-46ae-8b6e-c9027bfa400e:c1538, 9c9c57da-14dc-454a-b374-789aa5e765a9:c1538]
2019-09-16 23:34:56,740 [grpc-default-executor-7] INFO  client.GrpcClientProtocolClient (GrpcClientProtocolClient.java:onNext(264)) - client-C79DE3E06697->1d6da99a-ba9a-4d72-abd2-d0f1aa02f12f: receive RaftClientReply:client-C79DE3E06697->1d6da99a-ba9a-4d72-abd2-d0f1aa02f12f@group-B29EE812FB58, cid=1120, SUCCESS, logIndex=1540, commits[1d6da99a-ba9a-4d72-abd2-d0f1aa02f12f:c1540, 9dc27687-2024-46ae-8b6e-c9027bfa400e:c1538, 9c9c57da-14dc-454a-b374-789aa5e765a9:c1538]
2019-09-16 23:34:56,755 [grpc-default-executor-3] INFO  client.GrpcClientProtocolClient (GrpcClientProtocolClient.java:onNext(264)) - client-C79DE3E06697->1d6da99a-ba9a-4d72-abd2-d0f1aa02f12f: receive RaftClientReply:client-C79DE3E06697->1d6da99a-ba9a-4d72-abd2-d0f1aa02f12f@group-B29EE812FB58, cid=1121, SUCCESS, logIndex=1543, commits[1d6da99a-ba9a-4d72-abd2-d0f1aa02f12f:c1544, 9dc27687-2024-46ae-8b6e-c9027bfa400e:c1540, 9c9c57da-14dc-454a-b374-789aa5e765a9:c1540]
2019-09-16 23:34:56,755 [grpc-default-executor-3] INFO  client.GrpcClientProtocolClient (GrpcClientProtocolClient.java:onNext(264)) - client-C79DE3E06697->1d6da99a-ba9a-4d72-abd2-d0f1aa02f12f: receive RaftClientReply:client-C79DE3E06697->1d6da99a-ba9a-4d72-abd2-d0f1aa02f12f@group-B29EE812FB58, cid=1122, SUCCESS, logIndex=1544, commits[1d6da99a-ba9a-4d72-abd2-d0f1aa02f12f:c1544, 9dc27687-2024-46ae-8b6e-c9027bfa400e:c1540, 9c9c57da-14dc-454a-b374-789aa5e765a9:c1540]
2019-09-16 23:34:56,769 [grpc-default-executor-3] INFO  client.GrpcClientProtocolClient (GrpcClientProtocolClient.java:onNext(264)) - client-C79DE3E06697->1d6da99a-ba9a-4d72-abd2-d0f1aa02f12f: receive RaftClientReply:client-C79DE3E06697->1d6da99a-ba9a-4d72-abd2-d0f1aa02f12f@group-B29EE812FB58, cid=1123, SUCCESS, logIndex=0, commits[1d6da99a-ba9a-4d72-abd2-d0f1aa02f12f:c1546, 9dc27687-2024-46ae-8b6e-c9027bfa400e:c1544, 9c9c57da-14dc-454a-b374-789aa5e765a9:c1544]
2019-09-16 23:34:56,789 [grpc-default-executor-7] INFO  client.GrpcClientProtocolClient (GrpcClientProtocolClient.java:onNext(264)) - client-C79DE3E06697->1d6da99a-ba9a-4d72-abd2-d0f1aa02f12f: receive RaftClientReply:client-C79DE3E06697->1d6da99a-ba9a-4d72-abd2-d0f1aa02f12f@group-B29EE812FB58, cid=1124, SUCCESS, logIndex=1547, commits[1d6da99a-ba9a-4d72-abd2-d0f1aa02f12f:c1548, 9dc27687-2024-46ae-8b6e-c9027bfa400e:c1546, 9c9c57da-14dc-454a-b374-789aa5e765a9:c1546]
2019-09-16 23:34:56,789 [grpc-default-executor-7] INFO  client.GrpcClientProtocolClient (GrpcClientProtocolClient.java:onNext(264)) - client-C79DE3E06697->1d6da99a-ba9a-4d72-abd2-d0f1aa02f12f: receive RaftClientReply:client-C79DE3E06697->1d6da99a-ba9a-4d72-abd2-d0f1aa02f12f@group-B29EE812FB58, cid=1125, SUCCESS, logIndex=1548, commits[1d6da99a-ba9a-4d72-abd2-d0f1aa02f12f:c1548, 9dc27687-2024-46ae-8b6e-c9027bfa400e:c1546, 9c9c57da-14dc-454a-b374-789aa5e765a9:c1546]
2019-09-16 23:34:56,799 [grpc-default-executor-6] INFO  client.GrpcClientProtocolClient (GrpcClientProtocolClient.java:onNext(264)) - client-C79DE3E06697->1d6da99a-ba9a-4d72-abd2-d0f1aa02f12f: receive RaftClientReply:client-C79DE3E06697->1d6da99a-ba9a-4d72-abd2-d0f1aa02f12f@group-B29EE812FB58, cid=1126, SUCCESS, logIndex=1549, commits[1d6da99a-ba9a-4d72-abd2-d0f1aa02f12f:c1550, 9dc27687-2024-46ae-8b6e-c9027bfa400e:c1546, 9c9c57da-14dc-454a-b374-789aa5e765a9:c1546]
2019-09-16 23:34:56,800 [grpc-default-executor-6] INFO  client.GrpcClientProtocolClient (GrpcClientProtocolClient.java:onNext(264)) - client-C79DE3E06697->1d6da99a-ba9a-4d72-abd2-d0f1aa02f12f: receive RaftClientReply:client-C79DE3E06697->1d6da99a-ba9a-4d72-abd2-d0f1aa02f12f@group-B29EE812FB58, cid=1127, SUCCESS, logIndex=1550, commits[1d6da99a-ba9a-4d72-abd2-d0f1aa02f12f:c1550, 9dc27687-2024-46ae-8b6e-c9027bfa400e:c1546, 9c9c57da-14dc-454a-b374-789aa5e765a9:c1546]
2019-09-16 23:34:56,803 [grpc-default-executor-7] INFO  client.GrpcClientProtocolClient (GrpcClientProtocolClient.java:onNext(264)) - client-C79DE3E06697->1d6da99a-ba9a-4d72-abd2-d0f1aa02f12f: receive RaftClientReply:client-C79DE3E06697->1d6da99a-ba9a-4d72-abd2-d0f1aa02f12f@group-B29EE812FB58, cid=1128, SUCCESS, logIndex=0, commits[1d6da99a-ba9a-4d72-abd2-d0f1aa02f12f:c1553, 9dc27687-2024-46ae-8b6e-c9027bfa400e:c1550, 9c9c57da-14dc-454a-b374-789aa5e765a9:c1548]
2019-09-16 23:34:56,821 [grpc-default-executor-6] INFO  client.GrpcClientProtocolClient (GrpcClientProtocolClient.java:onNext(264)) - client-C79DE3E06697->1d6da99a-ba9a-4d72-abd2-d0f1aa02f12f: receive RaftClientReply:client-C79DE3E06697->1d6da99a-ba9a-4d72-abd2-d0f1aa02f12f@group-B29EE812FB58, cid=1129, SUCCESS, logIndex=1554, commits[1d6da99a-ba9a-4d72-abd2-d0f1aa02f12f:c1555, 9dc27687-2024-46ae-8b6e-c9027bfa400e:c1553, 9c9c57da-14dc-454a-b374-789aa5e765a9:c1553]
2019-09-16 23:34:56,822 [grpc-default-executor-6] INFO  client.GrpcClientProtocolClient (GrpcClientProtocolClient.java:onNext(264)) - client-C79DE3E06697->1d6da99a-ba9a-4d72-abd2-d0f1aa02f12f: receive RaftClientReply:client-C79DE3E06697->1d6da99a-ba9a-4d72-abd2-d0f1aa02f12f@group-B29EE812FB58, cid=1130, SUCCESS, logIndex=1555, commits[1d6da99a-ba9a-4d72-abd2-d0f1aa02f12f:c1555, 9dc27687-2024-46ae-8b6e-c9027bfa400e:c1553, 9c9c57da-14dc-454a-b374-789aa5e765a9:c1553]
2019-09-16 23:34:56,975 [grpc-default-executor-7] INFO  client.GrpcClientProtocolClient (GrpcClientProtocolClient.java:onNext(264)) - client-C79DE3E06697->1d6da99a-ba9a-4d72-abd2-d0f1aa02f12f: receive RaftClientReply:client-C79DE3E06697->1d6da99a-ba9a-4d72-abd2-d0f1aa02f12f@group-B29EE812FB58, cid=1131, SUCCESS, logIndex=1558, commits[1d6da99a-ba9a-4d72-abd2-d0f1aa02f12f:c1559, 9dc27687-2024-46ae-8b6e-c9027bfa400e:c1556, 9c9c57da-14dc-454a-b374-789aa5e765a9:c1556]
2019-09-16 23:34:56,976 [grpc-default-executor-7] INFO  client.GrpcClientProtocolClient (GrpcClientProtocolClient.java:onNext(264)) - client-C79DE3E06697->1d6da99a-ba9a-4d72-abd2-d0f1aa02f12f: receive RaftClientReply:client-C79DE3E06697->1d6da99a-ba9a-4d72-abd2-d0f1aa02f12f@group-B29EE812FB58, cid=1132, SUCCESS, logIndex=1559, commits[1d6da99a-ba9a-4d72-abd2-d0f1aa02f12f:c1559, 9dc27687-2024-46ae-8b6e-c9027bfa400e:c1556, 9c9c57da-14dc-454a-b374-789aa5e765a9:c1556]
2019-09-16 23:34:56,989 [grpc-default-executor-6] INFO  client.GrpcClientProtocolClient (GrpcClientProtocolClient.java:onNext(264)) - client-C79DE3E06697->1d6da99a-ba9a-4d72-abd2-d0f1aa02f12f: receive RaftClientReply:client-C79DE3E06697->1d6da99a-ba9a-4d72-abd2-d0f1aa02f12f@group-B29EE812FB58, cid=1133, SUCCESS, logIndex=0, commits[1d6da99a-ba9a-4d72-abd2-d0f1aa02f12f:c1561, 9dc27687-2024-46ae-8b6e-c9027bfa400e:c1559, 9c9c57da-14dc-454a-b374-789aa5e765a9:c1559]
2019-09-16 23:34:57,009 [grpc-default-executor-7] INFO  client.GrpcClientProtocolClient (GrpcClientProtocolClient.java:onNext(264)) - client-C79DE3E06697->1d6da99a-ba9a-4d72-abd2-d0f1aa02f12f: receive RaftClientReply:client-C79DE3E06697->1d6da99a-ba9a-4d72-abd2-d0f1aa02f12f@group-B29EE812FB58, cid=1134, SUCCESS, logIndex=1562, commits[1d6da99a-ba9a-4d72-abd2-d0f1aa02f12f:c1563, 9dc27687-2024-46ae-8b6e-c9027bfa400e:c1561, 9c9c57da-14dc-454a-b374-789aa5e765a9:c1561]
2019-09-16 23:34:57,010 [grpc-default-executor-7] INFO  client.GrpcClientProtocolClient (GrpcClientProtocolClient.java:onNext(264)) - client-C79DE3E06697->1d6da99a-ba9a-4d72-abd2-d0f1aa02f12f: receive RaftClientReply:client-C79DE3E06697->1d6da99a-ba9a-4d72-abd2-d0f1aa02f12f@group-B29EE812FB58, cid=1135, SUCCESS, logIndex=1563, commits[1d6da99a-ba9a-4d72-abd2-d0f1aa02f12f:c1565, 9dc27687-2024-46ae-8b6e-c9027bfa400e:c1561, 9c9c57da-14dc-454a-b374-789aa5e765a9:c1561]
2019-09-16 23:34:57,010 [grpc-default-executor-7] INFO  client.GrpcClientProtocolClient (GrpcClientProtocolClient.java:onNext(264)) - client-C79DE3E06697->1d6da99a-ba9a-4d72-abd2-d0f1aa02f12f: receive RaftClientReply:client-C79DE3E06697->1d6da99a-ba9a-4d72-abd2-d0f1aa02f12f@group-B29EE812FB58, cid=1136, SUCCESS, logIndex=1564, commits[1d6da99a-ba9a-4d72-abd2-d0f1aa02f12f:c1565, 9dc27687-2024-46ae-8b6e-c9027bfa400e:c1561, 9c9c57da-14dc-454a-b374-789aa5e765a9:c1561]
2019-09-16 23:34:57,010 [grpc-default-executor-7] INFO  client.GrpcClientProtocolClient (GrpcClientProtocolClient.java:onNext(264)) - client-C79DE3E06697->1d6da99a-ba9a-4d72-abd2-d0f1aa02f12f: receive RaftClientReply:client-C79DE3E06697->1d6da99a-ba9a-4d72-abd2-d0f1aa02f12f@group-B29EE812FB58, cid=1137, SUCCESS, logIndex=1565, commits[1d6da99a-ba9a-4d72-abd2-d0f1aa02f12f:c1565, 9dc27687-2024-46ae-8b6e-c9027bfa400e:c1561, 9c9c57da-14dc-454a-b374-789aa5e765a9:c1561]
2019-09-16 23:34:57,012 [grpc-default-executor-7] INFO  client.GrpcClientProtocolClient (GrpcClientProtocolClient.java:onNext(264)) - client-C79DE3E06697->1d6da99a-ba9a-4d72-abd2-d0f1aa02f12f: receive RaftClientReply:client-C79DE3E06697->1d6da99a-ba9a-4d72-abd2-d0f1aa02f12f@group-B29EE812FB58, cid=1138, SUCCESS, logIndex=0, commits[1d6da99a-ba9a-4d72-abd2-d0f1aa02f12f:c1566, 9dc27687-2024-46ae-8b6e-c9027bfa400e:c1563, 9c9c57da-14dc-454a-b374-789aa5e765a9:c1563]
2019-09-16 23:34:57,026 [grpc-default-executor-3] INFO  client.GrpcClientProtocolClient (GrpcClientProtocolClient.java:onNext(264)) - client-C79DE3E06697->1d6da99a-ba9a-4d72-abd2-d0f1aa02f12f: receive RaftClientReply:client-C79DE3E06697->1d6da99a-ba9a-4d72-abd2-d0f1aa02f12f@group-B29EE812FB58, cid=1139, SUCCESS, logIndex=1569, commits[1d6da99a-ba9a-4d72-abd2-d0f1aa02f12f:c1570, 9dc27687-2024-46ae-8b6e-c9027bfa400e:c1566, 9c9c57da-14dc-454a-b374-789aa5e765a9:c1566]
2019-09-16 23:34:57,027 [grpc-default-executor-3] INFO  client.GrpcClientProtocolClient (GrpcClientProtocolClient.java:onNext(264)) - client-C79DE3E06697->1d6da99a-ba9a-4d72-abd2-d0f1aa02f12f: receive RaftClientReply:client-C79DE3E06697->1d6da99a-ba9a-4d72-abd2-d0f1aa02f12f@group-B29EE812FB58, cid=1140, SUCCESS, logIndex=1570, commits[1d6da99a-ba9a-4d72-abd2-d0f1aa02f12f:c1570, 9dc27687-2024-46ae-8b6e-c9027bfa400e:c1566, 9c9c57da-14dc-454a-b374-789aa5e765a9:c1566]
2019-09-16 23:34:57,041 [grpc-default-executor-1] INFO  client.GrpcClientProtocolClient (GrpcClientProtocolClient.java:onNext(264)) - client-C79DE3E06697->1d6da99a-ba9a-4d72-abd2-d0f1aa02f12f: receive RaftClientReply:client-C79DE3E06697->1d6da99a-ba9a-4d72-abd2-d0f1aa02f12f@group-B29EE812FB58, cid=1141, SUCCESS, logIndex=1573, commits[1d6da99a-ba9a-4d72-abd2-d0f1aa02f12f:c1573, 9dc27687-2024-46ae-8b6e-c9027bfa400e:c1570, 9c9c57da-14dc-454a-b374-789aa5e765a9:c1570]
2019-09-16 23:34:57,041 [grpc-default-executor-1] INFO  client.GrpcClientProtocolClient (GrpcClientProtocolClient.java:onNext(264)) - client-C79DE3E06697->1d6da99a-ba9a-4d72-abd2-d0f1aa02f12f: receive RaftClientReply:client-C79DE3E06697->1d6da99a-ba9a-4d72-abd2-d0f1aa02f12f@group-B29EE812FB58, cid=1142, SUCCESS, logIndex=1574, commits[1d6da99a-ba9a-4d72-abd2-d0f1aa02f12f:c1574, 9dc27687-2024-46ae-8b6e-c9027bfa400e:c1570, 9c9c57da-14dc-454a-b374-789aa5e765a9:c1570]
2019-09-16 23:34:57,055 [grpc-default-executor-1] INFO  client.GrpcClientProtocolClient (GrpcClientProtocolClient.java:onNext(264)) - client-C79DE3E06697->1d6da99a-ba9a-4d72-abd2-d0f1aa02f12f: receive RaftClientReply:client-C79DE3E06697->1d6da99a-ba9a-4d72-abd2-d0f1aa02f12f@group-B29EE812FB58, cid=1143, SUCCESS, logIndex=0, commits[1d6da99a-ba9a-4d72-abd2-d0f1aa02f12f:c1576, 9dc27687-2024-46ae-8b6e-c9027bfa400e:c1574, 9c9c57da-14dc-454a-b374-789aa5e765a9:c1574]
2019-09-16 23:34:57,068 [grpc-default-executor-3] INFO  client.GrpcClientProtocolClient (GrpcClientProtocolClient.java:onNext(264)) - client-C79DE3E06697->1d6da99a-ba9a-4d72-abd2-d0f1aa02f12f: receive RaftClientReply:client-C79DE3E06697->1d6da99a-ba9a-4d72-abd2-d0f1aa02f12f@group-B29EE812FB58, cid=1144, SUCCESS, logIndex=1577, commits[1d6da99a-ba9a-4d72-abd2-d0f1aa02f12f:c1578, 9dc27687-2024-46ae-8b6e-c9027bfa400e:c1574, 9c9c57da-14dc-454a-b374-789aa5e765a9:c1576]
2019-09-16 23:34:57,068 [grpc-default-executor-3] INFO  client.GrpcClientProtocolClient (GrpcClientProtocolClient.java:onNext(264)) - client-C79DE3E06697->1d6da99a-ba9a-4d72-abd2-d0f1aa02f12f: receive RaftClientReply:client-C79DE3E06697->1d6da99a-ba9a-4d72-abd2-d0f1aa02f12f@group-B29EE812FB58, cid=1145, SUCCESS, logIndex=1578, commits[1d6da99a-ba9a-4d72-abd2-d0f1aa02f12f:c1578, 9dc27687-2024-46ae-8b6e-c9027bfa400e:c1576, 9c9c57da-14dc-454a-b374-789aa5e765a9:c1576]
2019-09-16 23:34:57,070 [grpc-default-executor-6] INFO  client.GrpcClientProtocolClient (GrpcClientProtocolClient.java:onNext(264)) - client-C79DE3E06697->1d6da99a-ba9a-4d72-abd2-d0f1aa02f12f: receive RaftClientReply:client-C79DE3E06697->1d6da99a-ba9a-4d72-abd2-d0f1aa02f12f@group-B29EE812FB58, cid=1146, SUCCESS, logIndex=1579, commits[1d6da99a-ba9a-4d72-abd2-d0f1aa02f12f:c1582, 9dc27687-2024-46ae-8b6e-c9027bfa400e:c1578, 9c9c57da-14dc-454a-b374-789aa5e765a9:c1576]
2019-09-16 23:34:57,071 [grpc-default-executor-6] INFO  client.GrpcClientProtocolClient (GrpcClientProtocolClient.java:onNext(264)) - client-C79DE3E06697->1d6da99a-ba9a-4d72-abd2-d0f1aa02f12f: receive RaftClientReply:client-C79DE3E06697->1d6da99a-ba9a-4d72-abd2-d0f1aa02f12f@group-B29EE812FB58, cid=1147, SUCCESS, logIndex=1580, commits[1d6da99a-ba9a-4d72-abd2-d0f1aa02f12f:c1582, 9dc27687-2024-46ae-8b6e-c9027bfa400e:c1578, 9c9c57da-14dc-454a-b374-789aa5e765a9:c1576]
2019-09-16 23:34:57,072 [grpc-default-executor-3] INFO  client.GrpcClientProtocolClient (GrpcClientProtocolClient.java:onNext(264)) - client-C79DE3E06697->1d6da99a-ba9a-4d72-abd2-d0f1aa02f12f: receive RaftClientReply:client-C79DE3E06697->1d6da99a-ba9a-4d72-abd2-d0f1aa02f12f@group-B29EE812FB58, cid=1148, SUCCESS, logIndex=0, commits[1d6da99a-ba9a-4d72-abd2-d0f1aa02f12f:c1583, 9dc27687-2024-46ae-8b6e-c9027bfa400e:c1580, 9c9c57da-14dc-454a-b374-789aa5e765a9:c1578]
2019-09-16 23:34:57,100 [grpc-default-executor-6] INFO  client.GrpcClientProtocolClient (GrpcClientProtocolClient.java:onNext(264)) - client-C79DE3E06697->1d6da99a-ba9a-4d72-abd2-d0f1aa02f12f: receive RaftClientReply:client-C79DE3E06697->1d6da99a-ba9a-4d72-abd2-d0f1aa02f12f@group-B29EE812FB58, cid=1149, SUCCESS, logIndex=1585, commits[1d6da99a-ba9a-4d72-abd2-d0f1aa02f12f:c1586, 9dc27687-2024-46ae-8b6e-c9027bfa400e:c1584, 9c9c57da-14dc-454a-b374-789aa5e765a9:c1584]
2019-09-16 23:34:57,101 [grpc-default-executor-6] INFO  client.GrpcClientProtocolClient (GrpcClientProtocolClient.java:onNext(264)) - client-C79DE3E06697->1d6da99a-ba9a-4d72-abd2-d0f1aa02f12f: receive RaftClientReply:client-C79DE3E06697->1d6da99a-ba9a-4d72-abd2-d0f1aa02f12f@group-B29EE812FB58, cid=1150, SUCCESS, logIndex=1586, commits[1d6da99a-ba9a-4d72-abd2-d0f1aa02f12f:c1586, 9dc27687-2024-46ae-8b6e-c9027bfa400e:c1584, 9c9c57da-14dc-454a-b374-789aa5e765a9:c1584]
2019-09-16 23:34:57,151 [grpc-default-executor-1] INFO  client.GrpcClientProtocolClient (GrpcClientProtocolClient.java:onNext(264)) - client-C79DE3E06697->1d6da99a-ba9a-4d72-abd2-d0f1aa02f12f: receive RaftClientReply:client-C79DE3E06697->1d6da99a-ba9a-4d72-abd2-d0f1aa02f12f@group-B29EE812FB58, cid=1151, SUCCESS, logIndex=1589, commits[1d6da99a-ba9a-4d72-abd2-d0f1aa02f12f:c1590, 9dc27687-2024-46ae-8b6e-c9027bfa400e:c1586, 9c9c57da-14dc-454a-b374-789aa5e765a9:c1586]
2019-09-16 23:34:57,151 [grpc-default-executor-1] INFO  client.GrpcClientProtocolClient (GrpcClientProtocolClient.java:onNext(264)) - client-C79DE3E06697->1d6da99a-ba9a-4d72-abd2-d0f1aa02f12f: receive RaftClientReply:client-C79DE3E06697->1d6da99a-ba9a-4d72-abd2-d0f1aa02f12f@group-B29EE812FB58, cid=1152, SUCCESS, logIndex=1590, commits[1d6da99a-ba9a-4d72-abd2-d0f1aa02f12f:c1590, 9dc27687-2024-46ae-8b6e-c9027bfa400e:c1586, 9c9c57da-14dc-454a-b374-789aa5e765a9:c1586]
2019-09-16 23:34:57,162 [grpc-default-executor-3] INFO  client.GrpcClientProtocolClient (GrpcClientProtocolClient.java:onNext(264)) - client-C79DE3E06697->1d6da99a-ba9a-4d72-abd2-d0f1aa02f12f: receive RaftClientReply:client-C79DE3E06697->1d6da99a-ba9a-4d72-abd2-d0f1aa02f12f@group-B29EE812FB58, cid=1153, SUCCESS, logIndex=0, commits[1d6da99a-ba9a-4d72-abd2-d0f1aa02f12f:c1592, 9dc27687-2024-46ae-8b6e-c9027bfa400e:c1590, 9c9c57da-14dc-454a-b374-789aa5e765a9:c1590]
2019-09-16 23:34:57,187 [grpc-default-executor-1] INFO  client.GrpcClientProtocolClient (GrpcClientProtocolClient.java:onNext(264)) - client-C79DE3E06697->1d6da99a-ba9a-4d72-abd2-d0f1aa02f12f: receive RaftClientReply:client-C79DE3E06697->1d6da99a-ba9a-4d72-abd2-d0f1aa02f12f@group-B29EE812FB58, cid=1154, SUCCESS, logIndex=1593, commits[1d6da99a-ba9a-4d72-abd2-d0f1aa02f12f:c1594, 9dc27687-2024-46ae-8b6e-c9027bfa400e:c1592, 9c9c57da-14dc-454a-b374-789aa5e765a9:c1592]
2019-09-16 23:34:57,187 [grpc-default-executor-1] INFO  client.GrpcClientProtocolClient (GrpcClientProtocolClient.java:onNext(264)) - client-C79DE3E06697->1d6da99a-ba9a-4d72-abd2-d0f1aa02f12f: receive RaftClientReply:client-C79DE3E06697->1d6da99a-ba9a-4d72-abd2-d0f1aa02f12f@group-B29EE812FB58, cid=1155, SUCCESS, logIndex=1594, commits[1d6da99a-ba9a-4d72-abd2-d0f1aa02f12f:c1594, 9dc27687-2024-46ae-8b6e-c9027bfa400e:c1592, 9c9c57da-14dc-454a-b374-789aa5e765a9:c1592]
2019-09-16 23:34:57,187 [grpc-default-executor-1] INFO  client.GrpcClientProtocolClient (GrpcClientProtocolClient.java:onNext(264)) - client-C79DE3E06697->1d6da99a-ba9a-4d72-abd2-d0f1aa02f12f: receive RaftClientReply:client-C79DE3E06697->1d6da99a-ba9a-4d72-abd2-d0f1aa02f12f@group-B29EE812FB58, cid=1156, SUCCESS, logIndex=1595, commits[1d6da99a-ba9a-4d72-abd2-d0f1aa02f12f:c1595, 9dc27687-2024-46ae-8b6e-c9027bfa400e:c1592, 9c9c57da-14dc-454a-b374-789aa5e765a9:c1592]
2019-09-16 23:34:57,188 [grpc-default-executor-1] INFO  client.GrpcClientProtocolClient (GrpcClientProtocolClient.java:onNext(264)) - client-C79DE3E06697->1d6da99a-ba9a-4d72-abd2-d0f1aa02f12f: receive RaftClientReply:client-C79DE3E06697->1d6da99a-ba9a-4d72-abd2-d0f1aa02f12f@group-B29EE812FB58, cid=1157, SUCCESS, logIndex=1596, commits[1d6da99a-ba9a-4d72-abd2-d0f1aa02f12f:c1596, 9dc27687-2024-46ae-8b6e-c9027bfa400e:c1592, 9c9c57da-14dc-454a-b374-789aa5e765a9:c1592]
2019-09-16 23:34:57,206 [grpc-default-executor-1] INFO  client.GrpcClientProtocolClient (GrpcClientProtocolClient.java:onNext(264)) - client-C79DE3E06697->1d6da99a-ba9a-4d72-abd2-d0f1aa02f12f: receive RaftClientReply:client-C79DE3E06697->1d6da99a-ba9a-4d72-abd2-d0f1aa02f12f@group-B29EE812FB58, cid=1158, SUCCESS, logIndex=0, commits[1d6da99a-ba9a-4d72-abd2-d0f1aa02f12f:c1598, 9dc27687-2024-46ae-8b6e-c9027bfa400e:c1594, 9c9c57da-14dc-454a-b374-789aa5e765a9:c1594]
2019-09-16 23:34:57,230 [grpc-default-executor-1] INFO  client.GrpcClientProtocolClient (GrpcClientProtocolClient.java:onNext(264)) - client-C79DE3E06697->1d6da99a-ba9a-4d72-abd2-d0f1aa02f12f: receive RaftClientReply:client-C79DE3E06697->1d6da99a-ba9a-4d72-abd2-d0f1aa02f12f@group-B29EE812FB58, cid=1159, SUCCESS, logIndex=1601, commits[1d6da99a-ba9a-4d72-abd2-d0f1aa02f12f:c1602, 9dc27687-2024-46ae-8b6e-c9027bfa400e:c1600, 9c9c57da-14dc-454a-b374-789aa5e765a9:c1600]
2019-09-16 23:34:57,230 [grpc-default-executor-1] INFO  client.GrpcClientProtocolClient (GrpcClientProtocolClient.java:onNext(264)) - client-C79DE3E06697->1d6da99a-ba9a-4d72-abd2-d0f1aa02f12f: receive RaftClientReply:client-C79DE3E06697->1d6da99a-ba9a-4d72-abd2-d0f1aa02f12f@group-B29EE812FB58, cid=1160, SUCCESS, logIndex=1602, commits[1d6da99a-ba9a-4d72-abd2-d0f1aa02f12f:c1602, 9dc27687-2024-46ae-8b6e-c9027bfa400e:c1600, 9c9c57da-14dc-454a-b374-789aa5e765a9:c1600]
2019-09-16 23:34:57,250 [grpc-default-executor-1] INFO  client.GrpcClientProtocolClient (GrpcClientProtocolClient.java:onNext(264)) - client-C79DE3E06697->1d6da99a-ba9a-4d72-abd2-d0f1aa02f12f: receive RaftClientReply:client-C79DE3E06697->1d6da99a-ba9a-4d72-abd2-d0f1aa02f12f@group-B29EE812FB58, cid=1161, SUCCESS, logIndex=1605, commits[1d6da99a-ba9a-4d72-abd2-d0f1aa02f12f:c1606, 9dc27687-2024-46ae-8b6e-c9027bfa400e:c1602, 9c9c57da-14dc-454a-b374-789aa5e765a9:c1602]
2019-09-16 23:34:57,251 [grpc-default-executor-1] INFO  client.GrpcClientProtocolClient (GrpcClientProtocolClient.java:onNext(264)) - client-C79DE3E06697->1d6da99a-ba9a-4d72-abd2-d0f1aa02f12f: receive RaftClientReply:client-C79DE3E06697->1d6da99a-ba9a-4d72-abd2-d0f1aa02f12f@group-B29EE812FB58, cid=1162, SUCCESS, logIndex=1606, commits[1d6da99a-ba9a-4d72-abd2-d0f1aa02f12f:c1606, 9dc27687-2024-46ae-8b6e-c9027bfa400e:c1602, 9c9c57da-14dc-454a-b374-789aa5e765a9:c1602]
2019-09-16 23:34:57,275 [grpc-default-executor-1] INFO  client.GrpcClientProtocolClient (GrpcClientProtocolClient.java:onNext(264)) - client-C79DE3E06697->1d6da99a-ba9a-4d72-abd2-d0f1aa02f12f: receive RaftClientReply:client-C79DE3E06697->1d6da99a-ba9a-4d72-abd2-d0f1aa02f12f@group-B29EE812FB58, cid=1163, SUCCESS, logIndex=0, commits[1d6da99a-ba9a-4d72-abd2-d0f1aa02f12f:c1608, 9dc27687-2024-46ae-8b6e-c9027bfa400e:c1606, 9c9c57da-14dc-454a-b374-789aa5e765a9:c1606]
2019-09-16 23:34:57,293 [grpc-default-executor-7] INFO  client.GrpcClientProtocolClient (GrpcClientProtocolClient.java:onNext(264)) - client-C79DE3E06697->1d6da99a-ba9a-4d72-abd2-d0f1aa02f12f: receive RaftClientReply:client-C79DE3E06697->1d6da99a-ba9a-4d72-abd2-d0f1aa02f12f@group-B29EE812FB58, cid=1164, SUCCESS, logIndex=1609, commits[1d6da99a-ba9a-4d72-abd2-d0f1aa02f12f:c1610, 9dc27687-2024-46ae-8b6e-c9027bfa400e:c1608, 9c9c57da-14dc-454a-b374-789aa5e765a9:c1608]
2019-09-16 23:34:57,293 [grpc-default-executor-7] INFO  client.GrpcClientProtocolClient (GrpcClientProtocolClient.java:onNext(264)) - client-C79DE3E06697->1d6da99a-ba9a-4d72-abd2-d0f1aa02f12f: receive RaftClientReply:client-C79DE3E06697->1d6da99a-ba9a-4d72-abd2-d0f1aa02f12f@group-B29EE812FB58, cid=1165, SUCCESS, logIndex=1610, commits[1d6da99a-ba9a-4d72-abd2-d0f1aa02f12f:c1612, 9dc27687-2024-46ae-8b6e-c9027bfa400e:c1608, 9c9c57da-14dc-454a-b374-789aa5e765a9:c1608]
2019-09-16 23:34:57,293 [grpc-default-executor-7] INFO  client.GrpcClientProtocolClient (GrpcClientProtocolClient.java:onNext(264)) - client-C79DE3E06697->1d6da99a-ba9a-4d72-abd2-d0f1aa02f12f: receive RaftClientReply:client-C79DE3E06697->1d6da99a-ba9a-4d72-abd2-d0f1aa02f12f@group-B29EE812FB58, cid=1166, SUCCESS, logIndex=1611, commits[1d6da99a-ba9a-4d72-abd2-d0f1aa02f12f:c1612, 9dc27687-2024-46ae-8b6e-c9027bfa400e:c1608, 9c9c57da-14dc-454a-b374-789aa5e765a9:c1608]
2019-09-16 23:34:57,294 [grpc-default-executor-7] INFO  client.GrpcClientProtocolClient (GrpcClientProtocolClient.java:onNext(264)) - client-C79DE3E06697->1d6da99a-ba9a-4d72-abd2-d0f1aa02f12f: receive RaftClientReply:client-C79DE3E06697->1d6da99a-ba9a-4d72-abd2-d0f1aa02f12f@group-B29EE812FB58, cid=1167, SUCCESS, logIndex=1612, commits[1d6da99a-ba9a-4d72-abd2-d0f1aa02f12f:c1612, 9dc27687-2024-46ae-8b6e-c9027bfa400e:c1608, 9c9c57da-14dc-454a-b374-789aa5e765a9:c1608]
2019-09-16 23:34:57,297 [grpc-default-executor-7] INFO  client.GrpcClientProtocolClient (GrpcClientProtocolClient.java:onNext(264)) - client-C79DE3E06697->1d6da99a-ba9a-4d72-abd2-d0f1aa02f12f: receive RaftClientReply:client-C79DE3E06697->1d6da99a-ba9a-4d72-abd2-d0f1aa02f12f@group-B29EE812FB58, cid=1168, SUCCESS, logIndex=0, commits[1d6da99a-ba9a-4d72-abd2-d0f1aa02f12f:c1614, 9dc27687-2024-46ae-8b6e-c9027bfa400e:c1610, 9c9c57da-14dc-454a-b374-789aa5e765a9:c1610]
2019-09-16 23:34:57,317 [grpc-default-executor-7] INFO  client.GrpcClientProtocolClient (GrpcClientProtocolClient.java:onNext(264)) - client-C79DE3E06697->1d6da99a-ba9a-4d72-abd2-d0f1aa02f12f: receive RaftClientReply:client-C79DE3E06697->1d6da99a-ba9a-4d72-abd2-d0f1aa02f12f@group-B29EE812FB58, cid=1169, SUCCESS, logIndex=1617, commits[1d6da99a-ba9a-4d72-abd2-d0f1aa02f12f:c1618, 9dc27687-2024-46ae-8b6e-c9027bfa400e:c1616, 9c9c57da-14dc-454a-b374-789aa5e765a9:c1612]
2019-09-16 23:34:57,318 [grpc-default-executor-7] INFO  client.GrpcClientProtocolClient (GrpcClientProtocolClient.java:onNext(264)) - client-C79DE3E06697->1d6da99a-ba9a-4d72-abd2-d0f1aa02f12f: receive RaftClientReply:client-C79DE3E06697->1d6da99a-ba9a-4d72-abd2-d0f1aa02f12f@group-B29EE812FB58, cid=1170, SUCCESS, logIndex=1618, commits[1d6da99a-ba9a-4d72-abd2-d0f1aa02f12f:c1618, 9dc27687-2024-46ae-8b6e-c9027bfa400e:c1616, 9c9c57da-14dc-454a-b374-789aa5e765a9:c1616]
2019-09-16 23:34:57,337 [grpc-default-executor-7] INFO  client.GrpcClientProtocolClient (GrpcClientProtocolClient.java:onNext(264)) - client-C79DE3E06697->1d6da99a-ba9a-4d72-abd2-d0f1aa02f12f: receive RaftClientReply:client-C79DE3E06697->1d6da99a-ba9a-4d72-abd2-d0f1aa02f12f@group-B29EE812FB58, cid=1171, SUCCESS, logIndex=1621, commits[1d6da99a-ba9a-4d72-abd2-d0f1aa02f12f:c1622, 9dc27687-2024-46ae-8b6e-c9027bfa400e:c1618, 9c9c57da-14dc-454a-b374-789aa5e765a9:c1618]
2019-09-16 23:34:57,338 [grpc-default-executor-7] INFO  client.GrpcClientProtocolClient (GrpcClientProtocolClient.java:onNext(264)) - client-C79DE3E06697->1d6da99a-ba9a-4d72-abd2-d0f1aa02f12f: receive RaftClientReply:client-C79DE3E06697->1d6da99a-ba9a-4d72-abd2-d0f1aa02f12f@group-B29EE812FB58, cid=1172, SUCCESS, logIndex=1622, commits[1d6da99a-ba9a-4d72-abd2-d0f1aa02f12f:c1622, 9dc27687-2024-46ae-8b6e-c9027bfa400e:c1618, 9c9c57da-14dc-454a-b374-789aa5e765a9:c1618]
2019-09-16 23:34:57,354 [grpc-default-executor-7] INFO  client.GrpcClientProtocolClient (GrpcClientProtocolClient.java:onNext(264)) - client-C79DE3E06697->1d6da99a-ba9a-4d72-abd2-d0f1aa02f12f: receive RaftClientReply:client-C79DE3E06697->1d6da99a-ba9a-4d72-abd2-d0f1aa02f12f@group-B29EE812FB58, cid=1173, SUCCESS, logIndex=0, commits[1d6da99a-ba9a-4d72-abd2-d0f1aa02f12f:c1624, 9dc27687-2024-46ae-8b6e-c9027bfa400e:c1622, 9c9c57da-14dc-454a-b374-789aa5e765a9:c1622]
2019-09-16 23:34:57,394 [grpc-default-executor-3] INFO  client.GrpcClientProtocolClient (GrpcClientProtocolClient.java:onNext(264)) - client-C79DE3E06697->1d6da99a-ba9a-4d72-abd2-d0f1aa02f12f: receive RaftClientReply:client-C79DE3E06697->1d6da99a-ba9a-4d72-abd2-d0f1aa02f12f@group-B29EE812FB58, cid=1174, SUCCESS, logIndex=1625, commits[1d6da99a-ba9a-4d72-abd2-d0f1aa02f12f:c1626, 9dc27687-2024-46ae-8b6e-c9027bfa400e:c1624, 9c9c57da-14dc-454a-b374-789aa5e765a9:c1624]
2019-09-16 23:34:57,395 [grpc-default-executor-3] INFO  client.GrpcClientProtocolClient (GrpcClientProtocolClient.java:onNext(264)) - client-C79DE3E06697->1d6da99a-ba9a-4d72-abd2-d0f1aa02f12f: receive RaftClientReply:client-C79DE3E06697->1d6da99a-ba9a-4d72-abd2-d0f1aa02f12f@group-B29EE812FB58, cid=1175, SUCCESS, logIndex=1626, commits[1d6da99a-ba9a-4d72-abd2-d0f1aa02f12f:c1628, 9dc27687-2024-46ae-8b6e-c9027bfa400e:c1624, 9c9c57da-14dc-454a-b374-789aa5e765a9:c1624]
2019-09-16 23:34:57,395 [grpc-default-executor-3] INFO  client.GrpcClientProtocolClient (GrpcClientProtocolClient.java:onNext(264)) - client-C79DE3E06697->1d6da99a-ba9a-4d72-abd2-d0f1aa02f12f: receive RaftClientReply:client-C79DE3E06697->1d6da99a-ba9a-4d72-abd2-d0f1aa02f12f@group-B29EE812FB58, cid=1176, SUCCESS, logIndex=1627, commits[1d6da99a-ba9a-4d72-abd2-d0f1aa02f12f:c1628, 9dc27687-2024-46ae-8b6e-c9027bfa400e:c1624, 9c9c57da-14dc-454a-b374-789aa5e765a9:c1624]
2019-09-16 23:34:57,395 [grpc-default-executor-3] INFO  client.GrpcClientProtocolClient (GrpcClientProtocolClient.java:onNext(264)) - client-C79DE3E06697->1d6da99a-ba9a-4d72-abd2-d0f1aa02f12f: receive RaftClientReply:client-C79DE3E06697->1d6da99a-ba9a-4d72-abd2-d0f1aa02f12f@group-B29EE812FB58, cid=1177, SUCCESS, logIndex=1628, commits[1d6da99a-ba9a-4d72-abd2-d0f1aa02f12f:c1628, 9dc27687-2024-46ae-8b6e-c9027bfa400e:c1624, 9c9c57da-14dc-454a-b374-789aa5e765a9:c1624]
2019-09-16 23:34:57,403 [grpc-default-executor-7] INFO  client.GrpcClientProtocolClient (GrpcClientProtocolClient.java:onNext(264)) - client-C79DE3E06697->1d6da99a-ba9a-4d72-abd2-d0f1aa02f12f: receive RaftClientReply:client-C79DE3E06697->1d6da99a-ba9a-4d72-abd2-d0f1aa02f12f@group-B29EE812FB58, cid=1178, SUCCESS, logIndex=0, commits[1d6da99a-ba9a-4d72-abd2-d0f1aa02f12f:c1630, 9dc27687-2024-46ae-8b6e-c9027bfa400e:c1626, 9c9c57da-14dc-454a-b374-789aa5e765a9:c1626]
2019-09-16 23:34:57,419 [grpc-default-executor-1] INFO  client.GrpcClientProtocolClient (GrpcClientProtocolClient.java:onNext(264)) - client-C79DE3E06697->1d6da99a-ba9a-4d72-abd2-d0f1aa02f12f: receive RaftClientReply:client-C79DE3E06697->1d6da99a-ba9a-4d72-abd2-d0f1aa02f12f@group-B29EE812FB58, cid=1179, SUCCESS, logIndex=1633, commits[1d6da99a-ba9a-4d72-abd2-d0f1aa02f12f:c1634, 9dc27687-2024-46ae-8b6e-c9027bfa400e:c1632, 9c9c57da-14dc-454a-b374-789aa5e765a9:c1632]
2019-09-16 23:34:57,420 [grpc-default-executor-1] INFO  client.GrpcClientProtocolClient (GrpcClientProtocolClient.java:onNext(264)) - client-C79DE3E06697->1d6da99a-ba9a-4d72-abd2-d0f1aa02f12f: receive RaftClientReply:client-C79DE3E06697->1d6da99a-ba9a-4d72-abd2-d0f1aa02f12f@group-B29EE812FB58, cid=1180, SUCCESS, logIndex=1634, commits[1d6da99a-ba9a-4d72-abd2-d0f1aa02f12f:c1634, 9dc27687-2024-46ae-8b6e-c9027bfa400e:c1632, 9c9c57da-14dc-454a-b374-789aa5e765a9:c1632]
2019-09-16 23:34:57,437 [grpc-default-executor-3] INFO  client.GrpcClientProtocolClient (GrpcClientProtocolClient.java:onNext(264)) - client-C79DE3E06697->1d6da99a-ba9a-4d72-abd2-d0f1aa02f12f: receive RaftClientReply:client-C79DE3E06697->1d6da99a-ba9a-4d72-abd2-d0f1aa02f12f@group-B29EE812FB58, cid=1181, SUCCESS, logIndex=1637, commits[1d6da99a-ba9a-4d72-abd2-d0f1aa02f12f:c1638, 9dc27687-2024-46ae-8b6e-c9027bfa400e:c1635, 9c9c57da-14dc-454a-b374-789aa5e765a9:c1635]
2019-09-16 23:34:57,437 [grpc-default-executor-3] INFO  client.GrpcClientProtocolClient (GrpcClientProtocolClient.java:onNext(264)) - client-C79DE3E06697->1d6da99a-ba9a-4d72-abd2-d0f1aa02f12f: receive RaftClientReply:client-C79DE3E06697->1d6da99a-ba9a-4d72-abd2-d0f1aa02f12f@group-B29EE812FB58, cid=1182, SUCCESS, logIndex=1638, commits[1d6da99a-ba9a-4d72-abd2-d0f1aa02f12f:c1638, 9dc27687-2024-46ae-8b6e-c9027bfa400e:c1635, 9c9c57da-14dc-454a-b374-789aa5e765a9:c1635]
2019-09-16 23:34:57,447 [grpc-default-executor-1] INFO  client.GrpcClientProtocolClient (GrpcClientProtocolClient.java:onNext(264)) - client-C79DE3E06697->1d6da99a-ba9a-4d72-abd2-d0f1aa02f12f: receive RaftClientReply:client-C79DE3E06697->1d6da99a-ba9a-4d72-abd2-d0f1aa02f12f@group-B29EE812FB58, cid=1183, SUCCESS, logIndex=0, commits[1d6da99a-ba9a-4d72-abd2-d0f1aa02f12f:c1639, 9dc27687-2024-46ae-8b6e-c9027bfa400e:c1638, 9c9c57da-14dc-454a-b374-789aa5e765a9:c1638]
2019-09-16 23:34:57,470 [grpc-default-executor-7] INFO  client.GrpcClientProtocolClient (GrpcClientProtocolClient.java:onNext(264)) - client-C79DE3E06697->1d6da99a-ba9a-4d72-abd2-d0f1aa02f12f: receive RaftClientReply:client-C79DE3E06697->1d6da99a-ba9a-4d72-abd2-d0f1aa02f12f@group-B29EE812FB58, cid=1184, SUCCESS, logIndex=1641, commits[1d6da99a-ba9a-4d72-abd2-d0f1aa02f12f:c1643, 9dc27687-2024-46ae-8b6e-c9027bfa400e:c1640, 9c9c57da-14dc-454a-b374-789aa5e765a9:c1640]
2019-09-16 23:34:57,471 [grpc-default-executor-7] INFO  client.GrpcClientProtocolClient (GrpcClientProtocolClient.java:onNext(264)) - client-C79DE3E06697->1d6da99a-ba9a-4d72-abd2-d0f1aa02f12f: receive RaftClientReply:client-C79DE3E06697->1d6da99a-ba9a-4d72-abd2-d0f1aa02f12f@group-B29EE812FB58, cid=1185, SUCCESS, logIndex=1642, commits[1d6da99a-ba9a-4d72-abd2-d0f1aa02f12f:c1644, 9dc27687-2024-46ae-8b6e-c9027bfa400e:c1640, 9c9c57da-14dc-454a-b374-789aa5e765a9:c1640]
2019-09-16 23:34:57,471 [grpc-default-executor-7] INFO  client.GrpcClientProtocolClient (GrpcClientProtocolClient.java:onNext(264)) - client-C79DE3E06697->1d6da99a-ba9a-4d72-abd2-d0f1aa02f12f: receive RaftClientReply:client-C79DE3E06697->1d6da99a-ba9a-4d72-abd2-d0f1aa02f12f@group-B29EE812FB58, cid=1186, SUCCESS, logIndex=1643, commits[1d6da99a-ba9a-4d72-abd2-d0f1aa02f12f:c1644, 9dc27687-2024-46ae-8b6e-c9027bfa400e:c1640, 9c9c57da-14dc-454a-b374-789aa5e765a9:c1640]
2019-09-16 23:34:57,471 [grpc-default-executor-7] INFO  client.GrpcClientProtocolClient (GrpcClientProtocolClient.java:onNext(264)) - client-C79DE3E06697->1d6da99a-ba9a-4d72-abd2-d0f1aa02f12f: receive RaftClientReply:client-C79DE3E06697->1d6da99a-ba9a-4d72-abd2-d0f1aa02f12f@group-B29EE812FB58, cid=1187, SUCCESS, logIndex=1644, commits[1d6da99a-ba9a-4d72-abd2-d0f1aa02f12f:c1644, 9dc27687-2024-46ae-8b6e-c9027bfa400e:c1640, 9c9c57da-14dc-454a-b374-789aa5e765a9:c1640]
 0.00% |█                                                                                                    |  0/1 Time: 0:00:152019-09-16 23:34:57,481 [grpc-default-executor-7] INFO  client.GrpcClientProtocolClient (GrpcClientProtocolClient.java:onNext(264)) - client-C79DE3E06697->1d6da99a-ba9a-4d72-abd2-d0f1aa02f12f: receive RaftClientReply:client-C79DE3E06697->1d6da99a-ba9a-4d72-abd2-d0f1aa02f12f@group-B29EE812FB58, cid=1188, SUCCESS, logIndex=0, commits[1d6da99a-ba9a-4d72-abd2-d0f1aa02f12f:c1647, 9dc27687-2024-46ae-8b6e-c9027bfa400e:c1644, 9c9c57da-14dc-454a-b374-789aa5e765a9:c1642]
2019-09-16 23:34:57,517 [grpc-default-executor-1] INFO  client.GrpcClientProtocolClient (GrpcClientProtocolClient.java:onNext(264)) - client-C79DE3E06697->1d6da99a-ba9a-4d72-abd2-d0f1aa02f12f: receive RaftClientReply:client-C79DE3E06697->1d6da99a-ba9a-4d72-abd2-d0f1aa02f12f@group-B29EE812FB58, cid=1189, SUCCESS, logIndex=1649, commits[1d6da99a-ba9a-4d72-abd2-d0f1aa02f12f:c1650, 9dc27687-2024-46ae-8b6e-c9027bfa400e:c1648, 9c9c57da-14dc-454a-b374-789aa5e765a9:c1648]
2019-09-16 23:34:57,517 [grpc-default-executor-1] INFO  client.GrpcClientProtocolClient (GrpcClientProtocolClient.java:onNext(264)) - client-C79DE3E06697->1d6da99a-ba9a-4d72-abd2-d0f1aa02f12f: receive RaftClientReply:client-C79DE3E06697->1d6da99a-ba9a-4d72-abd2-d0f1aa02f12f@group-B29EE812FB58, cid=1190, SUCCESS, logIndex=1650, commits[1d6da99a-ba9a-4d72-abd2-d0f1aa02f12f:c1650, 9dc27687-2024-46ae-8b6e-c9027bfa400e:c1648, 9c9c57da-14dc-454a-b374-789aa5e765a9:c1648]
2019-09-16 23:34:57,535 [grpc-default-executor-7] INFO  client.GrpcClientProtocolClient (GrpcClientProtocolClient.java:onNext(264)) - client-C79DE3E06697->1d6da99a-ba9a-4d72-abd2-d0f1aa02f12f: receive RaftClientReply:client-C79DE3E06697->1d6da99a-ba9a-4d72-abd2-d0f1aa02f12f@group-B29EE812FB58, cid=1191, SUCCESS, logIndex=1653, commits[1d6da99a-ba9a-4d72-abd2-d0f1aa02f12f:c1654, 9dc27687-2024-46ae-8b6e-c9027bfa400e:c1650, 9c9c57da-14dc-454a-b374-789aa5e765a9:c1650]
2019-09-16 23:34:57,535 [grpc-default-executor-7] INFO  client.GrpcClientProtocolClient (GrpcClientProtocolClient.java:onNext(264)) - client-C79DE3E06697->1d6da99a-ba9a-4d72-abd2-d0f1aa02f12f: receive RaftClientReply:client-C79DE3E06697->1d6da99a-ba9a-4d72-abd2-d0f1aa02f12f@group-B29EE812FB58, cid=1192, SUCCESS, logIndex=1654, commits[1d6da99a-ba9a-4d72-abd2-d0f1aa02f12f:c1654, 9dc27687-2024-46ae-8b6e-c9027bfa400e:c1650, 9c9c57da-14dc-454a-b374-789aa5e765a9:c1650]
2019-09-16 23:34:57,543 [grpc-default-executor-1] INFO  client.GrpcClientProtocolClient (GrpcClientProtocolClient.java:onNext(264)) - client-C79DE3E06697->1d6da99a-ba9a-4d72-abd2-d0f1aa02f12f: receive RaftClientReply:client-C79DE3E06697->1d6da99a-ba9a-4d72-abd2-d0f1aa02f12f@group-B29EE812FB58, cid=1193, SUCCESS, logIndex=0, commits[1d6da99a-ba9a-4d72-abd2-d0f1aa02f12f:c1655, 9dc27687-2024-46ae-8b6e-c9027bfa400e:c1654, 9c9c57da-14dc-454a-b374-789aa5e765a9:c1654]
2019-09-16 23:34:57,563 [grpc-default-executor-7] INFO  client.GrpcClientProtocolClient (GrpcClientProtocolClient.java:onNext(264)) - client-C79DE3E06697->1d6da99a-ba9a-4d72-abd2-d0f1aa02f12f: receive RaftClientReply:client-C79DE3E06697->1d6da99a-ba9a-4d72-abd2-d0f1aa02f12f@group-B29EE812FB58, cid=1194, SUCCESS, logIndex=1657, commits[1d6da99a-ba9a-4d72-abd2-d0f1aa02f12f:c1658, 9dc27687-2024-46ae-8b6e-c9027bfa400e:c1656, 9c9c57da-14dc-454a-b374-789aa5e765a9:c1656]
2019-09-16 23:34:57,566 [grpc-default-executor-7] INFO  client.GrpcClientProtocolClient (GrpcClientProtocolClient.java:onNext(264)) - client-C79DE3E06697->1d6da99a-ba9a-4d72-abd2-d0f1aa02f12f: receive RaftClientReply:client-C79DE3E06697->1d6da99a-ba9a-4d72-abd2-d0f1aa02f12f@group-B29EE812FB58, cid=1195, SUCCESS, logIndex=1658, commits[1d6da99a-ba9a-4d72-abd2-d0f1aa02f12f:c1659, 9dc27687-2024-46ae-8b6e-c9027bfa400e:c1656, 9c9c57da-14dc-454a-b374-789aa5e765a9:c1656]
2019-09-16 23:34:57,567 [grpc-default-executor-7] INFO  client.GrpcClientProtocolClient (GrpcClientProtocolClient.java:onNext(264)) - client-C79DE3E06697->1d6da99a-ba9a-4d72-abd2-d0f1aa02f12f: receive RaftClientReply:client-C79DE3E06697->1d6da99a-ba9a-4d72-abd2-d0f1aa02f12f@group-B29EE812FB58, cid=1196, SUCCESS, logIndex=1659, commits[1d6da99a-ba9a-4d72-abd2-d0f1aa02f12f:c1660, 9dc27687-2024-46ae-8b6e-c9027bfa400e:c1656, 9c9c57da-14dc-454a-b374-789aa5e765a9:c1656]
2019-09-16 23:34:57,567 [grpc-default-executor-7] INFO  client.GrpcClientProtocolClient (GrpcClientProtocolClient.java:onNext(264)) - client-C79DE3E06697->1d6da99a-ba9a-4d72-abd2-d0f1aa02f12f: receive RaftClientReply:client-C79DE3E06697->1d6da99a-ba9a-4d72-abd2-d0f1aa02f12f@group-B29EE812FB58, cid=1197, SUCCESS, logIndex=1660, commits[1d6da99a-ba9a-4d72-abd2-d0f1aa02f12f:c1660, 9dc27687-2024-46ae-8b6e-c9027bfa400e:c1656, 9c9c57da-14dc-454a-b374-789aa5e765a9:c1656]
2019-09-16 23:34:57,574 [grpc-default-executor-7] INFO  client.GrpcClientProtocolClient (GrpcClientProtocolClient.java:onNext(264)) - client-C79DE3E06697->1d6da99a-ba9a-4d72-abd2-d0f1aa02f12f: receive RaftClientReply:client-C79DE3E06697->1d6da99a-ba9a-4d72-abd2-d0f1aa02f12f@group-B29EE812FB58, cid=1198, SUCCESS, logIndex=0, commits[1d6da99a-ba9a-4d72-abd2-d0f1aa02f12f:c1662, 9dc27687-2024-46ae-8b6e-c9027bfa400e:c1658, 9c9c57da-14dc-454a-b374-789aa5e765a9:c1658]
2019-09-16 23:34:57,598 [grpc-default-executor-6] INFO  client.GrpcClientProtocolClient (GrpcClientProtocolClient.java:onNext(264)) - client-C79DE3E06697->1d6da99a-ba9a-4d72-abd2-d0f1aa02f12f: receive RaftClientReply:client-C79DE3E06697->1d6da99a-ba9a-4d72-abd2-d0f1aa02f12f@group-B29EE812FB58, cid=1199, SUCCESS, logIndex=1665, commits[1d6da99a-ba9a-4d72-abd2-d0f1aa02f12f:c1666, 9dc27687-2024-46ae-8b6e-c9027bfa400e:c1664, 9c9c57da-14dc-454a-b374-789aa5e765a9:c1664]
2019-09-16 23:34:57,599 [grpc-default-executor-6] INFO  client.GrpcClientProtocolClient (GrpcClientProtocolClient.java:onNext(264)) - client-C79DE3E06697->1d6da99a-ba9a-4d72-abd2-d0f1aa02f12f: receive RaftClientReply:client-C79DE3E06697->1d6da99a-ba9a-4d72-abd2-d0f1aa02f12f@group-B29EE812FB58, cid=1200, SUCCESS, logIndex=1666, commits[1d6da99a-ba9a-4d72-abd2-d0f1aa02f12f:c1666, 9dc27687-2024-46ae-8b6e-c9027bfa400e:c1664, 9c9c57da-14dc-454a-b374-789aa5e765a9:c1664]
2019-09-16 23:34:57,609 [grpc-default-executor-6] INFO  client.GrpcClientProtocolClient (GrpcClientProtocolClient.java:onNext(264)) - client-C79DE3E06697->1d6da99a-ba9a-4d72-abd2-d0f1aa02f12f: receive RaftClientReply:client-C79DE3E06697->1d6da99a-ba9a-4d72-abd2-d0f1aa02f12f@group-B29EE812FB58, cid=1201, SUCCESS, logIndex=1669, commits[1d6da99a-ba9a-4d72-abd2-d0f1aa02f12f:c1670, 9dc27687-2024-46ae-8b6e-c9027bfa400e:c1666, 9c9c57da-14dc-454a-b374-789aa5e765a9:c1666]
2019-09-16 23:34:57,609 [grpc-default-executor-6] INFO  client.GrpcClientProtocolClient (GrpcClientProtocolClient.java:onNext(264)) - client-C79DE3E06697->1d6da99a-ba9a-4d72-abd2-d0f1aa02f12f: receive RaftClientReply:client-C79DE3E06697->1d6da99a-ba9a-4d72-abd2-d0f1aa02f12f@group-B29EE812FB58, cid=1202, SUCCESS, logIndex=1670, commits[1d6da99a-ba9a-4d72-abd2-d0f1aa02f12f:c1670, 9dc27687-2024-46ae-8b6e-c9027bfa400e:c1666, 9c9c57da-14dc-454a-b374-789aa5e765a9:c1666]
2019-09-16 23:34:57,615 [grpc-default-executor-7] INFO  client.GrpcClientProtocolClient (GrpcClientProtocolClient.java:onNext(264)) - client-C79DE3E06697->1d6da99a-ba9a-4d72-abd2-d0f1aa02f12f: receive RaftClientReply:client-C79DE3E06697->1d6da99a-ba9a-4d72-abd2-d0f1aa02f12f@group-B29EE812FB58, cid=1203, SUCCESS, logIndex=0, commits[1d6da99a-ba9a-4d72-abd2-d0f1aa02f12f:c1670, 9dc27687-2024-46ae-8b6e-c9027bfa400e:c1670, 9c9c57da-14dc-454a-b374-789aa5e765a9:c1670]
2019-09-16 23:34:57,743 [grpc-default-executor-1] INFO  client.GrpcClientProtocolClient (GrpcClientProtocolClient.java:onNext(264)) - client-C79DE3E06697->1d6da99a-ba9a-4d72-abd2-d0f1aa02f12f: receive RaftClientReply:client-C79DE3E06697->1d6da99a-ba9a-4d72-abd2-d0f1aa02f12f@group-B29EE812FB58, cid=1204, SUCCESS, logIndex=1673, commits[1d6da99a-ba9a-4d72-abd2-d0f1aa02f12f:c1674, 9dc27687-2024-46ae-8b6e-c9027bfa400e:c1672, 9c9c57da-14dc-454a-b374-789aa5e765a9:c1672]
2019-09-16 23:34:57,744 [grpc-default-executor-1] INFO  client.GrpcClientProtocolClient (GrpcClientProtocolClient.java:onNext(264)) - client-C79DE3E06697->1d6da99a-ba9a-4d72-abd2-d0f1aa02f12f: receive RaftClientReply:client-C79DE3E06697->1d6da99a-ba9a-4d72-abd2-d0f1aa02f12f@group-B29EE812FB58, cid=1205, SUCCESS, logIndex=1674, commits[1d6da99a-ba9a-4d72-abd2-d0f1aa02f12f:c1674, 9dc27687-2024-46ae-8b6e-c9027bfa400e:c1672, 9c9c57da-14dc-454a-b374-789aa5e765a9:c1672]
2019-09-16 23:34:57,767 [grpc-default-executor-6] INFO  client.GrpcClientProtocolClient (GrpcClientProtocolClient.java:onNext(264)) - client-C79DE3E06697->1d6da99a-ba9a-4d72-abd2-d0f1aa02f12f: receive RaftClientReply:client-C79DE3E06697->1d6da99a-ba9a-4d72-abd2-d0f1aa02f12f@group-B29EE812FB58, cid=1206, SUCCESS, logIndex=1675, commits[1d6da99a-ba9a-4d72-abd2-d0f1aa02f12f:c1675, 9dc27687-2024-46ae-8b6e-c9027bfa400e:c1672, 9c9c57da-14dc-454a-b374-789aa5e765a9:c1672]
2019-09-16 23:34:57,767 [grpc-default-executor-6] INFO  client.GrpcClientProtocolClient (GrpcClientProtocolClient.java:onNext(264)) - client-C79DE3E06697->1d6da99a-ba9a-4d72-abd2-d0f1aa02f12f: receive RaftClientReply:client-C79DE3E06697->1d6da99a-ba9a-4d72-abd2-d0f1aa02f12f@group-B29EE812FB58, cid=1207, SUCCESS, logIndex=1676, commits[1d6da99a-ba9a-4d72-abd2-d0f1aa02f12f:c1676, 9dc27687-2024-46ae-8b6e-c9027bfa400e:c1672, 9c9c57da-14dc-454a-b374-789aa5e765a9:c1672]
2019-09-16 23:34:57,791 [grpc-default-executor-6] INFO  client.GrpcClientProtocolClient (GrpcClientProtocolClient.java:onNext(264)) - client-C79DE3E06697->1d6da99a-ba9a-4d72-abd2-d0f1aa02f12f: receive RaftClientReply:client-C79DE3E06697->1d6da99a-ba9a-4d72-abd2-d0f1aa02f12f@group-B29EE812FB58, cid=1208, SUCCESS, logIndex=0, commits[1d6da99a-ba9a-4d72-abd2-d0f1aa02f12f:c1678, 9dc27687-2024-46ae-8b6e-c9027bfa400e:c1674, 9c9c57da-14dc-454a-b374-789aa5e765a9:c1674]
2019-09-16 23:34:57,814 [grpc-default-executor-3] INFO  client.GrpcClientProtocolClient (GrpcClientProtocolClient.java:onNext(264)) - client-C79DE3E06697->1d6da99a-ba9a-4d72-abd2-d0f1aa02f12f: receive RaftClientReply:client-C79DE3E06697->1d6da99a-ba9a-4d72-abd2-d0f1aa02f12f@group-B29EE812FB58, cid=1209, SUCCESS, logIndex=1681, commits[1d6da99a-ba9a-4d72-abd2-d0f1aa02f12f:c1682, 9dc27687-2024-46ae-8b6e-c9027bfa400e:c1680, 9c9c57da-14dc-454a-b374-789aa5e765a9:c1680]
2019-09-16 23:34:57,814 [grpc-default-executor-3] INFO  client.GrpcClientProtocolClient (GrpcClientProtocolClient.java:onNext(264)) - client-C79DE3E06697->1d6da99a-ba9a-4d72-abd2-d0f1aa02f12f: receive RaftClientReply:client-C79DE3E06697->1d6da99a-ba9a-4d72-abd2-d0f1aa02f12f@group-B29EE812FB58, cid=1210, SUCCESS, logIndex=1682, commits[1d6da99a-ba9a-4d72-abd2-d0f1aa02f12f:c1682, 9dc27687-2024-46ae-8b6e-c9027bfa400e:c1680, 9c9c57da-14dc-454a-b374-789aa5e765a9:c1680]
2019-09-16 23:34:57,839 [grpc-default-executor-6] INFO  client.GrpcClientProtocolClient (GrpcClientProtocolClient.java:onNext(264)) - client-C79DE3E06697->1d6da99a-ba9a-4d72-abd2-d0f1aa02f12f: receive RaftClientReply:client-C79DE3E06697->1d6da99a-ba9a-4d72-abd2-d0f1aa02f12f@group-B29EE812FB58, cid=1211, SUCCESS, logIndex=1685, commits[1d6da99a-ba9a-4d72-abd2-d0f1aa02f12f:c1686, 9dc27687-2024-46ae-8b6e-c9027bfa400e:c1684, 9c9c57da-14dc-454a-b374-789aa5e765a9:c1684]
2019-09-16 23:34:57,839 [grpc-default-executor-6] INFO  client.GrpcClientProtocolClient (GrpcClientProtocolClient.java:onNext(264)) - client-C79DE3E06697->1d6da99a-ba9a-4d72-abd2-d0f1aa02f12f: receive RaftClientReply:client-C79DE3E06697->1d6da99a-ba9a-4d72-abd2-d0f1aa02f12f@group-B29EE812FB58, cid=1212, SUCCESS, logIndex=1686, commits[1d6da99a-ba9a-4d72-abd2-d0f1aa02f12f:c1686, 9dc27687-2024-46ae-8b6e-c9027bfa400e:c1684, 9c9c57da-14dc-454a-b374-789aa5e765a9:c1684]
2019-09-16 23:34:57,855 [grpc-default-executor-3] INFO  client.GrpcClientProtocolClient (GrpcClientProtocolClient.java:onNext(264)) - client-C79DE3E06697->1d6da99a-ba9a-4d72-abd2-d0f1aa02f12f: receive RaftClientReply:client-C79DE3E06697->1d6da99a-ba9a-4d72-abd2-d0f1aa02f12f@group-B29EE812FB58, cid=1213, SUCCESS, logIndex=0, commits[1d6da99a-ba9a-4d72-abd2-d0f1aa02f12f:c1688, 9dc27687-2024-46ae-8b6e-c9027bfa400e:c1686, 9c9c57da-14dc-454a-b374-789aa5e765a9:c1686]
2019-09-16 23:34:57,875 [grpc-default-executor-1] INFO  client.GrpcClientProtocolClient (GrpcClientProtocolClient.java:onNext(264)) - client-C79DE3E06697->1d6da99a-ba9a-4d72-abd2-d0f1aa02f12f: receive RaftClientReply:client-C79DE3E06697->1d6da99a-ba9a-4d72-abd2-d0f1aa02f12f@group-B29EE812FB58, cid=1214, SUCCESS, logIndex=1689, commits[1d6da99a-ba9a-4d72-abd2-d0f1aa02f12f:c1691, 9dc27687-2024-46ae-8b6e-c9027bfa400e:c1688, 9c9c57da-14dc-454a-b374-789aa5e765a9:c1688]
2019-09-16 23:34:57,875 [grpc-default-executor-1] INFO  client.GrpcClientProtocolClient (GrpcClientProtocolClient.java:onNext(264)) - client-C79DE3E06697->1d6da99a-ba9a-4d72-abd2-d0f1aa02f12f: receive RaftClientReply:client-C79DE3E06697->1d6da99a-ba9a-4d72-abd2-d0f1aa02f12f@group-B29EE812FB58, cid=1215, SUCCESS, logIndex=1690, commits[1d6da99a-ba9a-4d72-abd2-d0f1aa02f12f:c1692, 9dc27687-2024-46ae-8b6e-c9027bfa400e:c1688, 9c9c57da-14dc-454a-b374-789aa5e765a9:c1688]
2019-09-16 23:34:57,875 [grpc-default-executor-1] INFO  client.GrpcClientProtocolClient (GrpcClientProtocolClient.java:onNext(264)) - client-C79DE3E06697->1d6da99a-ba9a-4d72-abd2-d0f1aa02f12f: receive RaftClientReply:client-C79DE3E06697->1d6da99a-ba9a-4d72-abd2-d0f1aa02f12f@group-B29EE812FB58, cid=1216, SUCCESS, logIndex=1691, commits[1d6da99a-ba9a-4d72-abd2-d0f1aa02f12f:c1692, 9dc27687-2024-46ae-8b6e-c9027bfa400e:c1688, 9c9c57da-14dc-454a-b374-789aa5e765a9:c1688]
2019-09-16 23:34:57,876 [grpc-default-executor-1] INFO  client.GrpcClientProtocolClient (GrpcClientProtocolClient.java:onNext(264)) - client-C79DE3E06697->1d6da99a-ba9a-4d72-abd2-d0f1aa02f12f: receive RaftClientReply:client-C79DE3E06697->1d6da99a-ba9a-4d72-abd2-d0f1aa02f12f@group-B29EE812FB58, cid=1217, SUCCESS, logIndex=1692, commits[1d6da99a-ba9a-4d72-abd2-d0f1aa02f12f:c1692, 9dc27687-2024-46ae-8b6e-c9027bfa400e:c1688, 9c9c57da-14dc-454a-b374-789aa5e765a9:c1688]
2019-09-16 23:34:57,892 [grpc-default-executor-6] INFO  client.GrpcClientProtocolClient (GrpcClientProtocolClient.java:onNext(264)) - client-C79DE3E06697->1d6da99a-ba9a-4d72-abd2-d0f1aa02f12f: receive RaftClientReply:client-C79DE3E06697->1d6da99a-ba9a-4d72-abd2-d0f1aa02f12f@group-B29EE812FB58, cid=1218, SUCCESS, logIndex=0, commits[1d6da99a-ba9a-4d72-abd2-d0f1aa02f12f:c1694, 9dc27687-2024-46ae-8b6e-c9027bfa400e:c1690, 9c9c57da-14dc-454a-b374-789aa5e765a9:c1690]
2019-09-16 23:34:57,916 [grpc-default-executor-3] INFO  client.GrpcClientProtocolClient (GrpcClientProtocolClient.java:onNext(264)) - client-C79DE3E06697->1d6da99a-ba9a-4d72-abd2-d0f1aa02f12f: receive RaftClientReply:client-C79DE3E06697->1d6da99a-ba9a-4d72-abd2-d0f1aa02f12f@group-B29EE812FB58, cid=1219, SUCCESS, logIndex=1697, commits[1d6da99a-ba9a-4d72-abd2-d0f1aa02f12f:c1698, 9dc27687-2024-46ae-8b6e-c9027bfa400e:c1696, 9c9c57da-14dc-454a-b374-789aa5e765a9:c1696]
2019-09-16 23:34:57,916 [grpc-default-executor-3] INFO  client.GrpcClientProtocolClient (GrpcClientProtocolClient.java:onNext(264)) - client-C79DE3E06697->1d6da99a-ba9a-4d72-abd2-d0f1aa02f12f: receive RaftClientReply:client-C79DE3E06697->1d6da99a-ba9a-4d72-abd2-d0f1aa02f12f@group-B29EE812FB58, cid=1220, SUCCESS, logIndex=1698, commits[1d6da99a-ba9a-4d72-abd2-d0f1aa02f12f:c1698, 9dc27687-2024-46ae-8b6e-c9027bfa400e:c1696, 9c9c57da-14dc-454a-b374-789aa5e765a9:c1696]
2019-09-16 23:34:57,948 [grpc-default-executor-3] INFO  client.GrpcClientProtocolClient (GrpcClientProtocolClient.java:onNext(264)) - client-C79DE3E06697->1d6da99a-ba9a-4d72-abd2-d0f1aa02f12f: receive RaftClientReply:client-C79DE3E06697->1d6da99a-ba9a-4d72-abd2-d0f1aa02f12f@group-B29EE812FB58, cid=1221, SUCCESS, logIndex=1701, commits[1d6da99a-ba9a-4d72-abd2-d0f1aa02f12f:c1702, 9dc27687-2024-46ae-8b6e-c9027bfa400e:c1698, 9c9c57da-14dc-454a-b374-789aa5e765a9:c1698]
2019-09-16 23:34:57,948 [grpc-default-executor-3] INFO  client.GrpcClientProtocolClient (GrpcClientProtocolClient.java:onNext(264)) - client-C79DE3E06697->1d6da99a-ba9a-4d72-abd2-d0f1aa02f12f: receive RaftClientReply:client-C79DE3E06697->1d6da99a-ba9a-4d72-abd2-d0f1aa02f12f@group-B29EE812FB58, cid=1222, SUCCESS, logIndex=1702, commits[1d6da99a-ba9a-4d72-abd2-d0f1aa02f12f:c1702, 9dc27687-2024-46ae-8b6e-c9027bfa400e:c1698, 9c9c57da-14dc-454a-b374-789aa5e765a9:c1698]
2019-09-16 23:34:57,972 [grpc-default-executor-3] INFO  client.GrpcClientProtocolClient (GrpcClientProtocolClient.java:onNext(264)) - client-C79DE3E06697->1d6da99a-ba9a-4d72-abd2-d0f1aa02f12f: receive RaftClientReply:client-C79DE3E06697->1d6da99a-ba9a-4d72-abd2-d0f1aa02f12f@group-B29EE812FB58, cid=1223, SUCCESS, logIndex=0, commits[1d6da99a-ba9a-4d72-abd2-d0f1aa02f12f:c1704, 9dc27687-2024-46ae-8b6e-c9027bfa400e:c1702, 9c9c57da-14dc-454a-b374-789aa5e765a9:c1702]
2019-09-16 23:34:57,990 [grpc-default-executor-6] INFO  client.GrpcClientProtocolClient (GrpcClientProtocolClient.java:onNext(264)) - client-C79DE3E06697->1d6da99a-ba9a-4d72-abd2-d0f1aa02f12f: receive RaftClientReply:client-C79DE3E06697->1d6da99a-ba9a-4d72-abd2-d0f1aa02f12f@group-B29EE812FB58, cid=1224, SUCCESS, logIndex=1705, commits[1d6da99a-ba9a-4d72-abd2-d0f1aa02f12f:c1706, 9dc27687-2024-46ae-8b6e-c9027bfa400e:c1704, 9c9c57da-14dc-454a-b374-789aa5e765a9:c1704]
2019-09-16 23:34:57,991 [grpc-default-executor-6] INFO  client.GrpcClientProtocolClient (GrpcClientProtocolClient.java:onNext(264)) - client-C79DE3E06697->1d6da99a-ba9a-4d72-abd2-d0f1aa02f12f: receive RaftClientReply:client-C79DE3E06697->1d6da99a-ba9a-4d72-abd2-d0f1aa02f12f@group-B29EE812FB58, cid=1225, SUCCESS, logIndex=1706, commits[1d6da99a-ba9a-4d72-abd2-d0f1aa02f12f:c1706, 9dc27687-2024-46ae-8b6e-c9027bfa400e:c1704, 9c9c57da-14dc-454a-b374-789aa5e765a9:c1704]
2019-09-16 23:34:57,991 [grpc-default-executor-6] INFO  client.GrpcClientProtocolClient (GrpcClientProtocolClient.java:onNext(264)) - client-C79DE3E06697->1d6da99a-ba9a-4d72-abd2-d0f1aa02f12f: receive RaftClientReply:client-C79DE3E06697->1d6da99a-ba9a-4d72-abd2-d0f1aa02f12f@group-B29EE812FB58, cid=1226, SUCCESS, logIndex=1707, commits[1d6da99a-ba9a-4d72-abd2-d0f1aa02f12f:c1708, 9dc27687-2024-46ae-8b6e-c9027bfa400e:c1704, 9c9c57da-14dc-454a-b374-789aa5e765a9:c1704]
2019-09-16 23:34:57,991 [grpc-default-executor-6] INFO  client.GrpcClientProtocolClient (GrpcClientProtocolClient.java:onNext(264)) - client-C79DE3E06697->1d6da99a-ba9a-4d72-abd2-d0f1aa02f12f: receive RaftClientReply:client-C79DE3E06697->1d6da99a-ba9a-4d72-abd2-d0f1aa02f12f@group-B29EE812FB58, cid=1227, SUCCESS, logIndex=1708, commits[1d6da99a-ba9a-4d72-abd2-d0f1aa02f12f:c1708, 9dc27687-2024-46ae-8b6e-c9027bfa400e:c1704, 9c9c57da-14dc-454a-b374-789aa5e765a9:c1704]
2019-09-16 23:34:58,007 [grpc-default-executor-6] INFO  client.GrpcClientProtocolClient (GrpcClientProtocolClient.java:onNext(264)) - client-C79DE3E06697->1d6da99a-ba9a-4d72-abd2-d0f1aa02f12f: receive RaftClientReply:client-C79DE3E06697->1d6da99a-ba9a-4d72-abd2-d0f1aa02f12f@group-B29EE812FB58, cid=1228, SUCCESS, logIndex=0, commits[1d6da99a-ba9a-4d72-abd2-d0f1aa02f12f:c1710, 9dc27687-2024-46ae-8b6e-c9027bfa400e:c1706, 9c9c57da-14dc-454a-b374-789aa5e765a9:c1706]
2019-09-16 23:34:58,027 [grpc-default-executor-6] INFO  client.GrpcClientProtocolClient (GrpcClientProtocolClient.java:onNext(264)) - client-C79DE3E06697->1d6da99a-ba9a-4d72-abd2-d0f1aa02f12f: receive RaftClientReply:client-C79DE3E06697->1d6da99a-ba9a-4d72-abd2-d0f1aa02f12f@group-B29EE812FB58, cid=1229, SUCCESS, logIndex=1713, commits[1d6da99a-ba9a-4d72-abd2-d0f1aa02f12f:c1714, 9dc27687-2024-46ae-8b6e-c9027bfa400e:c1712, 9c9c57da-14dc-454a-b374-789aa5e765a9:c1712]
2019-09-16 23:34:58,028 [grpc-default-executor-6] INFO  client.GrpcClientProtocolClient (GrpcClientProtocolClient.java:onNext(264)) - client-C79DE3E06697->1d6da99a-ba9a-4d72-abd2-d0f1aa02f12f: receive RaftClientReply:client-C79DE3E06697->1d6da99a-ba9a-4d72-abd2-d0f1aa02f12f@group-B29EE812FB58, cid=1230, SUCCESS, logIndex=1714, commits[1d6da99a-ba9a-4d72-abd2-d0f1aa02f12f:c1714, 9dc27687-2024-46ae-8b6e-c9027bfa400e:c1712, 9c9c57da-14dc-454a-b374-789aa5e765a9:c1712]
2019-09-16 23:34:58,041 [grpc-default-executor-1] INFO  client.GrpcClientProtocolClient (GrpcClientProtocolClient.java:onNext(264)) - client-C79DE3E06697->1d6da99a-ba9a-4d72-abd2-d0f1aa02f12f: receive RaftClientReply:client-C79DE3E06697->1d6da99a-ba9a-4d72-abd2-d0f1aa02f12f@group-B29EE812FB58, cid=1231, SUCCESS, logIndex=1717, commits[1d6da99a-ba9a-4d72-abd2-d0f1aa02f12f:c1718, 9dc27687-2024-46ae-8b6e-c9027bfa400e:c1714, 9c9c57da-14dc-454a-b374-789aa5e765a9:c1714]
2019-09-16 23:34:58,041 [grpc-default-executor-1] INFO  client.GrpcClientProtocolClient (GrpcClientProtocolClient.java:onNext(264)) - client-C79DE3E06697->1d6da99a-ba9a-4d72-abd2-d0f1aa02f12f: receive RaftClientReply:client-C79DE3E06697->1d6da99a-ba9a-4d72-abd2-d0f1aa02f12f@group-B29EE812FB58, cid=1232, SUCCESS, logIndex=1718, commits[1d6da99a-ba9a-4d72-abd2-d0f1aa02f12f:c1718, 9dc27687-2024-46ae-8b6e-c9027bfa400e:c1714, 9c9c57da-14dc-454a-b374-789aa5e765a9:c1714]
2019-09-16 23:34:58,060 [grpc-default-executor-1] INFO  client.GrpcClientProtocolClient (GrpcClientProtocolClient.java:onNext(264)) - client-C79DE3E06697->1d6da99a-ba9a-4d72-abd2-d0f1aa02f12f: receive RaftClientReply:client-C79DE3E06697->1d6da99a-ba9a-4d72-abd2-d0f1aa02f12f@group-B29EE812FB58, cid=1233, SUCCESS, logIndex=0, commits[1d6da99a-ba9a-4d72-abd2-d0f1aa02f12f:c1719, 9dc27687-2024-46ae-8b6e-c9027bfa400e:c1718, 9c9c57da-14dc-454a-b374-789aa5e765a9:c1718]
2019-09-16 23:34:58,117 [grpc-default-executor-6] INFO  client.GrpcClientProtocolClient (GrpcClientProtocolClient.java:onNext(264)) - client-C79DE3E06697->1d6da99a-ba9a-4d72-abd2-d0f1aa02f12f: receive RaftClientReply:client-C79DE3E06697->1d6da99a-ba9a-4d72-abd2-d0f1aa02f12f@group-B29EE812FB58, cid=1234, SUCCESS, logIndex=1721, commits[1d6da99a-ba9a-4d72-abd2-d0f1aa02f12f:c1722, 9dc27687-2024-46ae-8b6e-c9027bfa400e:c1720, 9c9c57da-14dc-454a-b374-789aa5e765a9:c1720]
2019-09-16 23:34:58,117 [grpc-default-executor-6] INFO  client.GrpcClientProtocolClient (GrpcClientProtocolClient.java:onNext(264)) - client-C79DE3E06697->1d6da99a-ba9a-4d72-abd2-d0f1aa02f12f: receive RaftClientReply:client-C79DE3E06697->1d6da99a-ba9a-4d72-abd2-d0f1aa02f12f@group-B29EE812FB58, cid=1235, SUCCESS, logIndex=1722, commits[1d6da99a-ba9a-4d72-abd2-d0f1aa02f12f:c1722, 9dc27687-2024-46ae-8b6e-c9027bfa400e:c1720, 9c9c57da-14dc-454a-b374-789aa5e765a9:c1720]
2019-09-16 23:34:58,118 [grpc-default-executor-1] INFO  client.GrpcClientProtocolClient (GrpcClientProtocolClient.java:onNext(264)) - client-C79DE3E06697->1d6da99a-ba9a-4d72-abd2-d0f1aa02f12f: receive RaftClientReply:client-C79DE3E06697->1d6da99a-ba9a-4d72-abd2-d0f1aa02f12f@group-B29EE812FB58, cid=1236, SUCCESS, logIndex=1723, commits[1d6da99a-ba9a-4d72-abd2-d0f1aa02f12f:c1724, 9dc27687-2024-46ae-8b6e-c9027bfa400e:c1720, 9c9c57da-14dc-454a-b374-789aa5e765a9:c1720]
2019-09-16 23:34:58,118 [grpc-default-executor-1] INFO  client.GrpcClientProtocolClient (GrpcClientProtocolClient.java:onNext(264)) - client-C79DE3E06697->1d6da99a-ba9a-4d72-abd2-d0f1aa02f12f: receive RaftClientReply:client-C79DE3E06697->1d6da99a-ba9a-4d72-abd2-d0f1aa02f12f@group-B29EE812FB58, cid=1237, SUCCESS, logIndex=1724, commits[1d6da99a-ba9a-4d72-abd2-d0f1aa02f12f:c1724, 9dc27687-2024-46ae-8b6e-c9027bfa400e:c1720, 9c9c57da-14dc-454a-b374-789aa5e765a9:c1720]
2019-09-16 23:34:58,136 [grpc-default-executor-1] INFO  client.GrpcClientProtocolClient (GrpcClientProtocolClient.java:onNext(264)) - client-C79DE3E06697->1d6da99a-ba9a-4d72-abd2-d0f1aa02f12f: receive RaftClientReply:client-C79DE3E06697->1d6da99a-ba9a-4d72-abd2-d0f1aa02f12f@group-B29EE812FB58, cid=1238, SUCCESS, logIndex=0, commits[1d6da99a-ba9a-4d72-abd2-d0f1aa02f12f:c1726, 9dc27687-2024-46ae-8b6e-c9027bfa400e:c1722, 9c9c57da-14dc-454a-b374-789aa5e765a9:c1722]
2019-09-16 23:34:58,162 [grpc-default-executor-3] INFO  client.GrpcClientProtocolClient (GrpcClientProtocolClient.java:onNext(264)) - client-C79DE3E06697->1d6da99a-ba9a-4d72-abd2-d0f1aa02f12f: receive RaftClientReply:client-C79DE3E06697->1d6da99a-ba9a-4d72-abd2-d0f1aa02f12f@group-B29EE812FB58, cid=1239, SUCCESS, logIndex=1729, commits[1d6da99a-ba9a-4d72-abd2-d0f1aa02f12f:c1730, 9dc27687-2024-46ae-8b6e-c9027bfa400e:c1728, 9c9c57da-14dc-454a-b374-789aa5e765a9:c1728]
2019-09-16 23:34:58,162 [grpc-default-executor-3] INFO  client.GrpcClientProtocolClient (GrpcClientProtocolClient.java:onNext(264)) - client-C79DE3E06697->1d6da99a-ba9a-4d72-abd2-d0f1aa02f12f: receive RaftClientReply:client-C79DE3E06697->1d6da99a-ba9a-4d72-abd2-d0f1aa02f12f@group-B29EE812FB58, cid=1240, SUCCESS, logIndex=1730, commits[1d6da99a-ba9a-4d72-abd2-d0f1aa02f12f:c1730, 9dc27687-2024-46ae-8b6e-c9027bfa400e:c1728, 9c9c57da-14dc-454a-b374-789aa5e765a9:c1728]
2019-09-16 23:34:58,190 [grpc-default-executor-7] INFO  client.GrpcClientProtocolClient (GrpcClientProtocolClient.java:onNext(264)) - client-C79DE3E06697->1d6da99a-ba9a-4d72-abd2-d0f1aa02f12f: receive RaftClientReply:client-C79DE3E06697->1d6da99a-ba9a-4d72-abd2-d0f1aa02f12f@group-B29EE812FB58, cid=1241, SUCCESS, logIndex=1733, commits[1d6da99a-ba9a-4d72-abd2-d0f1aa02f12f:c1734, 9dc27687-2024-46ae-8b6e-c9027bfa400e:c1730, 9c9c57da-14dc-454a-b374-789aa5e765a9:c1730]
2019-09-16 23:34:58,191 [grpc-default-executor-7] INFO  client.GrpcClientProtocolClient (GrpcClientProtocolClient.java:onNext(264)) - client-C79DE3E06697->1d6da99a-ba9a-4d72-abd2-d0f1aa02f12f: receive RaftClientReply:client-C79DE3E06697->1d6da99a-ba9a-4d72-abd2-d0f1aa02f12f@group-B29EE812FB58, cid=1242, SUCCESS, logIndex=1734, commits[1d6da99a-ba9a-4d72-abd2-d0f1aa02f12f:c1734, 9dc27687-2024-46ae-8b6e-c9027bfa400e:c1730, 9c9c57da-14dc-454a-b374-789aa5e765a9:c1730]
2019-09-16 23:34:58,199 [grpc-default-executor-7] INFO  client.GrpcClientProtocolClient (GrpcClientProtocolClient.java:onNext(264)) - client-C79DE3E06697->1d6da99a-ba9a-4d72-abd2-d0f1aa02f12f: receive RaftClientReply:client-C79DE3E06697->1d6da99a-ba9a-4d72-abd2-d0f1aa02f12f@group-B29EE812FB58, cid=1243, SUCCESS, logIndex=0, commits[1d6da99a-ba9a-4d72-abd2-d0f1aa02f12f:c1736, 9dc27687-2024-46ae-8b6e-c9027bfa400e:c1734, 9c9c57da-14dc-454a-b374-789aa5e765a9:c1734]
2019-09-16 23:34:58,225 [grpc-default-executor-1] INFO  client.GrpcClientProtocolClient (GrpcClientProtocolClient.java:onNext(264)) - client-C79DE3E06697->1d6da99a-ba9a-4d72-abd2-d0f1aa02f12f: receive RaftClientReply:client-C79DE3E06697->1d6da99a-ba9a-4d72-abd2-d0f1aa02f12f@group-B29EE812FB58, cid=1244, SUCCESS, logIndex=1737, commits[1d6da99a-ba9a-4d72-abd2-d0f1aa02f12f:c1737, 9dc27687-2024-46ae-8b6e-c9027bfa400e:c1734, 9c9c57da-14dc-454a-b374-789aa5e765a9:c1736]
2019-09-16 23:34:58,226 [grpc-default-executor-1] INFO  client.GrpcClientProtocolClient (GrpcClientProtocolClient.java:onNext(264)) - client-C79DE3E06697->1d6da99a-ba9a-4d72-abd2-d0f1aa02f12f: receive RaftClientReply:client-C79DE3E06697->1d6da99a-ba9a-4d72-abd2-d0f1aa02f12f@group-B29EE812FB58, cid=1245, SUCCESS, logIndex=1738, commits[1d6da99a-ba9a-4d72-abd2-d0f1aa02f12f:c1738, 9dc27687-2024-46ae-8b6e-c9027bfa400e:c1734, 9c9c57da-14dc-454a-b374-789aa5e765a9:c1736]
2019-09-16 23:34:58,236 [grpc-default-executor-3] INFO  client.GrpcClientProtocolClient (GrpcClientProtocolClient.java:onNext(264)) - client-C79DE3E06697->1d6da99a-ba9a-4d72-abd2-d0f1aa02f12f: receive RaftClientReply:client-C79DE3E06697->1d6da99a-ba9a-4d72-abd2-d0f1aa02f12f@group-B29EE812FB58, cid=1246, SUCCESS, logIndex=1739, commits[1d6da99a-ba9a-4d72-abd2-d0f1aa02f12f:c1740, 9dc27687-2024-46ae-8b6e-c9027bfa400e:c1736, 9c9c57da-14dc-454a-b374-789aa5e765a9:c1736]
2019-09-16 23:34:58,237 [grpc-default-executor-3] INFO  client.GrpcClientProtocolClient (GrpcClientProtocolClient.java:onNext(264)) - client-C79DE3E06697->1d6da99a-ba9a-4d72-abd2-d0f1aa02f12f: receive RaftClientReply:client-C79DE3E06697->1d6da99a-ba9a-4d72-abd2-d0f1aa02f12f@group-B29EE812FB58, cid=1247, SUCCESS, logIndex=1740, commits[1d6da99a-ba9a-4d72-abd2-d0f1aa02f12f:c1742, 9dc27687-2024-46ae-8b6e-c9027bfa400e:c1736, 9c9c57da-14dc-454a-b374-789aa5e765a9:c1738]
2019-09-16 23:34:58,257 [grpc-default-executor-3] INFO  client.GrpcClientProtocolClient (GrpcClientProtocolClient.java:onNext(264)) - client-C79DE3E06697->1d6da99a-ba9a-4d72-abd2-d0f1aa02f12f: receive RaftClientReply:client-C79DE3E06697->1d6da99a-ba9a-4d72-abd2-d0f1aa02f12f@group-B29EE812FB58, cid=1248, SUCCESS, logIndex=0, commits[1d6da99a-ba9a-4d72-abd2-d0f1aa02f12f:c1742, 9dc27687-2024-46ae-8b6e-c9027bfa400e:c1738, 9c9c57da-14dc-454a-b374-789aa5e765a9:c1738]
2019-09-16 23:34:58,278 [grpc-default-executor-1] INFO  client.GrpcClientProtocolClient (GrpcClientProtocolClient.java:onNext(264)) - client-C79DE3E06697->1d6da99a-ba9a-4d72-abd2-d0f1aa02f12f: receive RaftClientReply:client-C79DE3E06697->1d6da99a-ba9a-4d72-abd2-d0f1aa02f12f@group-B29EE812FB58, cid=1249, SUCCESS, logIndex=1745, commits[1d6da99a-ba9a-4d72-abd2-d0f1aa02f12f:c1746, 9dc27687-2024-46ae-8b6e-c9027bfa400e:c1740, 9c9c57da-14dc-454a-b374-789aa5e765a9:c1743]
2019-09-16 23:34:58,279 [grpc-default-executor-1] INFO  client.GrpcClientProtocolClient (GrpcClientProtocolClient.java:onNext(264)) - client-C79DE3E06697->1d6da99a-ba9a-4d72-abd2-d0f1aa02f12f: receive RaftClientReply:client-C79DE3E06697->1d6da99a-ba9a-4d72-abd2-d0f1aa02f12f@group-B29EE812FB58, cid=1250, SUCCESS, logIndex=1746, commits[1d6da99a-ba9a-4d72-abd2-d0f1aa02f12f:c1746, 9dc27687-2024-46ae-8b6e-c9027bfa400e:c1743, 9c9c57da-14dc-454a-b374-789aa5e765a9:c1743]
2019-09-16 23:34:58,306 [grpc-default-executor-6] INFO  client.GrpcClientProtocolClient (GrpcClientProtocolClient.java:onNext(264)) - client-C79DE3E06697->1d6da99a-ba9a-4d72-abd2-d0f1aa02f12f: receive RaftClientReply:client-C79DE3E06697->1d6da99a-ba9a-4d72-abd2-d0f1aa02f12f@group-B29EE812FB58, cid=1251, SUCCESS, logIndex=1749, commits[1d6da99a-ba9a-4d72-abd2-d0f1aa02f12f:c1750, 9dc27687-2024-46ae-8b6e-c9027bfa400e:c1746, 9c9c57da-14dc-454a-b374-789aa5e765a9:c1746]
2019-09-16 23:34:58,306 [grpc-default-executor-6] INFO  client.GrpcClientProtocolClient (GrpcClientProtocolClient.java:onNext(264)) - client-C79DE3E06697->1d6da99a-ba9a-4d72-abd2-d0f1aa02f12f: receive RaftClientReply:client-C79DE3E06697->1d6da99a-ba9a-4d72-abd2-d0f1aa02f12f@group-B29EE812FB58, cid=1252, SUCCESS, logIndex=1750, commits[1d6da99a-ba9a-4d72-abd2-d0f1aa02f12f:c1750, 9dc27687-2024-46ae-8b6e-c9027bfa400e:c1746, 9c9c57da-14dc-454a-b374-789aa5e765a9:c1746]
2019-09-16 23:34:58,325 [grpc-default-executor-1] INFO  client.GrpcClientProtocolClient (GrpcClientProtocolClient.java:onNext(264)) - client-C79DE3E06697->1d6da99a-ba9a-4d72-abd2-d0f1aa02f12f: receive RaftClientReply:client-C79DE3E06697->1d6da99a-ba9a-4d72-abd2-d0f1aa02f12f@group-B29EE812FB58, cid=1253, SUCCESS, logIndex=0, commits[1d6da99a-ba9a-4d72-abd2-d0f1aa02f12f:c1750, 9dc27687-2024-46ae-8b6e-c9027bfa400e:c1750, 9c9c57da-14dc-454a-b374-789aa5e765a9:c1750]
2019-09-16 23:34:58,351 [grpc-default-executor-1] INFO  client.GrpcClientProtocolClient (GrpcClientProtocolClient.java:onNext(264)) - client-C79DE3E06697->1d6da99a-ba9a-4d72-abd2-d0f1aa02f12f: receive RaftClientReply:client-C79DE3E06697->1d6da99a-ba9a-4d72-abd2-d0f1aa02f12f@group-B29EE812FB58, cid=1254, SUCCESS, logIndex=1753, commits[1d6da99a-ba9a-4d72-abd2-d0f1aa02f12f:c1754, 9dc27687-2024-46ae-8b6e-c9027bfa400e:c1752, 9c9c57da-14dc-454a-b374-789aa5e765a9:c1752]
2019-09-16 23:34:58,351 [grpc-default-executor-1] INFO  client.GrpcClientProtocolClient (GrpcClientProtocolClient.java:onNext(264)) - client-C79DE3E06697->1d6da99a-ba9a-4d72-abd2-d0f1aa02f12f: receive RaftClientReply:client-C79DE3E06697->1d6da99a-ba9a-4d72-abd2-d0f1aa02f12f@group-B29EE812FB58, cid=1255, SUCCESS, logIndex=1754, commits[1d6da99a-ba9a-4d72-abd2-d0f1aa02f12f:c1754, 9dc27687-2024-46ae-8b6e-c9027bfa400e:c1752, 9c9c57da-14dc-454a-b374-789aa5e765a9:c1752]
2019-09-16 23:34:58,365 [grpc-default-executor-1] INFO  client.GrpcClientProtocolClient (GrpcClientProtocolClient.java:onNext(264)) - client-C79DE3E06697->1d6da99a-ba9a-4d72-abd2-d0f1aa02f12f: receive RaftClientReply:client-C79DE3E06697->1d6da99a-ba9a-4d72-abd2-d0f1aa02f12f@group-B29EE812FB58, cid=1256, SUCCESS, logIndex=1755, commits[1d6da99a-ba9a-4d72-abd2-d0f1aa02f12f:c1756, 9dc27687-2024-46ae-8b6e-c9027bfa400e:c1752, 9c9c57da-14dc-454a-b374-789aa5e765a9:c1752]
2019-09-16 23:34:58,365 [grpc-default-executor-1] INFO  client.GrpcClientProtocolClient (GrpcClientProtocolClient.java:onNext(264)) - client-C79DE3E06697->1d6da99a-ba9a-4d72-abd2-d0f1aa02f12f: receive RaftClientReply:client-C79DE3E06697->1d6da99a-ba9a-4d72-abd2-d0f1aa02f12f@group-B29EE812FB58, cid=1257, SUCCESS, logIndex=1756, commits[1d6da99a-ba9a-4d72-abd2-d0f1aa02f12f:c1756, 9dc27687-2024-46ae-8b6e-c9027bfa400e:c1752, 9c9c57da-14dc-454a-b374-789aa5e765a9:c1752]
2019-09-16 23:34:58,366 [grpc-default-executor-3] INFO  client.GrpcClientProtocolClient (GrpcClientProtocolClient.java:onNext(264)) - client-C79DE3E06697->1d6da99a-ba9a-4d72-abd2-d0f1aa02f12f: receive RaftClientReply:client-C79DE3E06697->1d6da99a-ba9a-4d72-abd2-d0f1aa02f12f@group-B29EE812FB58, cid=1258, SUCCESS, logIndex=0, commits[1d6da99a-ba9a-4d72-abd2-d0f1aa02f12f:c1758, 9dc27687-2024-46ae-8b6e-c9027bfa400e:c1754, 9c9c57da-14dc-454a-b374-789aa5e765a9:c1754]
2019-09-16 23:34:58,391 [grpc-default-executor-1] INFO  client.GrpcClientProtocolClient (GrpcClientProtocolClient.java:onNext(264)) - client-C79DE3E06697->1d6da99a-ba9a-4d72-abd2-d0f1aa02f12f: receive RaftClientReply:client-C79DE3E06697->1d6da99a-ba9a-4d72-abd2-d0f1aa02f12f@group-B29EE812FB58, cid=1259, SUCCESS, logIndex=1761, commits[1d6da99a-ba9a-4d72-abd2-d0f1aa02f12f:c1762, 9dc27687-2024-46ae-8b6e-c9027bfa400e:c1760, 9c9c57da-14dc-454a-b374-789aa5e765a9:c1760]
2019-09-16 23:34:58,391 [grpc-default-executor-1] INFO  client.GrpcClientProtocolClient (GrpcClientProtocolClient.java:onNext(264)) - client-C79DE3E06697->1d6da99a-ba9a-4d72-abd2-d0f1aa02f12f: receive RaftClientReply:client-C79DE3E06697->1d6da99a-ba9a-4d72-abd2-d0f1aa02f12f@group-B29EE812FB58, cid=1260, SUCCESS, logIndex=1762, commits[1d6da99a-ba9a-4d72-abd2-d0f1aa02f12f:c1762, 9dc27687-2024-46ae-8b6e-c9027bfa400e:c1760, 9c9c57da-14dc-454a-b374-789aa5e765a9:c1760]
2019-09-16 23:34:58,405 [grpc-default-executor-6] INFO  client.GrpcClientProtocolClient (GrpcClientProtocolClient.java:onNext(264)) - client-C79DE3E06697->1d6da99a-ba9a-4d72-abd2-d0f1aa02f12f: receive RaftClientReply:client-C79DE3E06697->1d6da99a-ba9a-4d72-abd2-d0f1aa02f12f@group-B29EE812FB58, cid=1261, SUCCESS, logIndex=1765, commits[1d6da99a-ba9a-4d72-abd2-d0f1aa02f12f:c1766, 9dc27687-2024-46ae-8b6e-c9027bfa400e:c1762, 9c9c57da-14dc-454a-b374-789aa5e765a9:c1762]
2019-09-16 23:34:58,405 [grpc-default-executor-6] INFO  client.GrpcClientProtocolClient (GrpcClientProtocolClient.java:onNext(264)) - client-C79DE3E06697->1d6da99a-ba9a-4d72-abd2-d0f1aa02f12f: receive RaftClientReply:client-C79DE3E06697->1d6da99a-ba9a-4d72-abd2-d0f1aa02f12f@group-B29EE812FB58, cid=1262, SUCCESS, logIndex=1766, commits[1d6da99a-ba9a-4d72-abd2-d0f1aa02f12f:c1766, 9dc27687-2024-46ae-8b6e-c9027bfa400e:c1762, 9c9c57da-14dc-454a-b374-789aa5e765a9:c1762]
2019-09-16 23:34:58,420 [grpc-default-executor-6] INFO  client.GrpcClientProtocolClient (GrpcClientProtocolClient.java:onNext(264)) - client-C79DE3E06697->1d6da99a-ba9a-4d72-abd2-d0f1aa02f12f: receive RaftClientReply:client-C79DE3E06697->1d6da99a-ba9a-4d72-abd2-d0f1aa02f12f@group-B29EE812FB58, cid=1263, SUCCESS, logIndex=0, commits[1d6da99a-ba9a-4d72-abd2-d0f1aa02f12f:c1768, 9dc27687-2024-46ae-8b6e-c9027bfa400e:c1766, 9c9c57da-14dc-454a-b374-789aa5e765a9:c1766]
2019-09-16 23:34:58,437 [grpc-default-executor-3] INFO  client.GrpcClientProtocolClient (GrpcClientProtocolClient.java:onNext(264)) - client-C79DE3E06697->1d6da99a-ba9a-4d72-abd2-d0f1aa02f12f: receive RaftClientReply:client-C79DE3E06697->1d6da99a-ba9a-4d72-abd2-d0f1aa02f12f@group-B29EE812FB58, cid=1264, SUCCESS, logIndex=1769, commits[1d6da99a-ba9a-4d72-abd2-d0f1aa02f12f:c1770, 9dc27687-2024-46ae-8b6e-c9027bfa400e:c1768, 9c9c57da-14dc-454a-b374-789aa5e765a9:c1768]
2019-09-16 23:34:58,437 [grpc-default-executor-3] INFO  client.GrpcClientProtocolClient (GrpcClientProtocolClient.java:onNext(264)) - client-C79DE3E06697->1d6da99a-ba9a-4d72-abd2-d0f1aa02f12f: receive RaftClientReply:client-C79DE3E06697->1d6da99a-ba9a-4d72-abd2-d0f1aa02f12f@group-B29EE812FB58, cid=1265, SUCCESS, logIndex=1770, commits[1d6da99a-ba9a-4d72-abd2-d0f1aa02f12f:c1770, 9dc27687-2024-46ae-8b6e-c9027bfa400e:c1768, 9c9c57da-14dc-454a-b374-789aa5e765a9:c1768]
2019-09-16 23:34:58,445 [grpc-default-executor-6] INFO  client.GrpcClientProtocolClient (GrpcClientProtocolClient.java:onNext(264)) - client-C79DE3E06697->1d6da99a-ba9a-4d72-abd2-d0f1aa02f12f: receive RaftClientReply:client-C79DE3E06697->1d6da99a-ba9a-4d72-abd2-d0f1aa02f12f@group-B29EE812FB58, cid=1266, SUCCESS, logIndex=1771, commits[1d6da99a-ba9a-4d72-abd2-d0f1aa02f12f:c1773, 9dc27687-2024-46ae-8b6e-c9027bfa400e:c1770, 9c9c57da-14dc-454a-b374-789aa5e765a9:c1768]
2019-09-16 23:34:58,445 [grpc-default-executor-6] INFO  client.GrpcClientProtocolClient (GrpcClientProtocolClient.java:onNext(264)) - client-C79DE3E06697->1d6da99a-ba9a-4d72-abd2-d0f1aa02f12f: receive RaftClientReply:client-C79DE3E06697->1d6da99a-ba9a-4d72-abd2-d0f1aa02f12f@group-B29EE812FB58, cid=1267, SUCCESS, logIndex=1772, commits[1d6da99a-ba9a-4d72-abd2-d0f1aa02f12f:c1774, 9dc27687-2024-46ae-8b6e-c9027bfa400e:c1770, 9c9c57da-14dc-454a-b374-789aa5e765a9:c1770]
2019-09-16 23:34:58,455 [grpc-default-executor-1] INFO  client.GrpcClientProtocolClient (GrpcClientProtocolClient.java:onNext(264)) - client-C79DE3E06697->1d6da99a-ba9a-4d72-abd2-d0f1aa02f12f: receive RaftClientReply:client-C79DE3E06697->1d6da99a-ba9a-4d72-abd2-d0f1aa02f12f@group-B29EE812FB58, cid=1268, SUCCESS, logIndex=1777, commits[1d6da99a-ba9a-4d72-abd2-d0f1aa02f12f:c1778, 9dc27687-2024-46ae-8b6e-c9027bfa400e:c1774, 9c9c57da-14dc-454a-b374-789aa5e765a9:c1774]
2019-09-16 23:34:58,455 [grpc-default-executor-1] INFO  client.GrpcClientProtocolClient (GrpcClientProtocolClient.java:onNext(264)) - client-C79DE3E06697->1d6da99a-ba9a-4d72-abd2-d0f1aa02f12f: receive RaftClientReply:client-C79DE3E06697->1d6da99a-ba9a-4d72-abd2-d0f1aa02f12f@group-B29EE812FB58, cid=1269, SUCCESS, logIndex=1778, commits[1d6da99a-ba9a-4d72-abd2-d0f1aa02f12f:c1778, 9dc27687-2024-46ae-8b6e-c9027bfa400e:c1774, 9c9c57da-14dc-454a-b374-789aa5e765a9:c1774]
 0.00% |█                                                                                                    |  0/1 Time: 0:00:162019-09-16 23:34:58,570 [grpc-default-executor-3] INFO  client.GrpcClientProtocolClient (GrpcClientProtocolClient.java:onNext(264)) - client-C79DE3E06697->1d6da99a-ba9a-4d72-abd2-d0f1aa02f12f: receive RaftClientReply:client-C79DE3E06697->1d6da99a-ba9a-4d72-abd2-d0f1aa02f12f@group-B29EE812FB58, cid=1270, SUCCESS, logIndex=1781, commits[1d6da99a-ba9a-4d72-abd2-d0f1aa02f12f:c1782, 9dc27687-2024-46ae-8b6e-c9027bfa400e:c1778, 9c9c57da-14dc-454a-b374-789aa5e765a9:c1778]
2019-09-16 23:34:58,571 [grpc-default-executor-3] INFO  client.GrpcClientProtocolClient (GrpcClientProtocolClient.java:onNext(264)) - client-C79DE3E06697->1d6da99a-ba9a-4d72-abd2-d0f1aa02f12f: receive RaftClientReply:client-C79DE3E06697->1d6da99a-ba9a-4d72-abd2-d0f1aa02f12f@group-B29EE812FB58, cid=1271, SUCCESS, logIndex=1782, commits[1d6da99a-ba9a-4d72-abd2-d0f1aa02f12f:c1782, 9dc27687-2024-46ae-8b6e-c9027bfa400e:c1778, 9c9c57da-14dc-454a-b374-789aa5e765a9:c1778]
2019-09-16 23:34:58,695 [grpc-default-executor-1] INFO  client.GrpcClientProtocolClient (GrpcClientProtocolClient.java:onNext(264)) - client-C79DE3E06697->1d6da99a-ba9a-4d72-abd2-d0f1aa02f12f: receive RaftClientReply:client-C79DE3E06697->1d6da99a-ba9a-4d72-abd2-d0f1aa02f12f@group-B29EE812FB58, cid=1272, SUCCESS, logIndex=0, commits[1d6da99a-ba9a-4d72-abd2-d0f1aa02f12f:c1783, 9dc27687-2024-46ae-8b6e-c9027bfa400e:c1782, 9c9c57da-14dc-454a-b374-789aa5e765a9:c1782]
2019-09-16 23:34:58,900 [grpc-default-executor-6] INFO  client.GrpcClientProtocolClient (GrpcClientProtocolClient.java:onNext(264)) - client-C79DE3E06697->1d6da99a-ba9a-4d72-abd2-d0f1aa02f12f: receive RaftClientReply:client-C79DE3E06697->1d6da99a-ba9a-4d72-abd2-d0f1aa02f12f@group-B29EE812FB58, cid=1273, SUCCESS, logIndex=1785, commits[1d6da99a-ba9a-4d72-abd2-d0f1aa02f12f:c1785, 9dc27687-2024-46ae-8b6e-c9027bfa400e:c1784, 9c9c57da-14dc-454a-b374-789aa5e765a9:c1784]
2019-09-16 23:34:58,901 [grpc-default-executor-6] INFO  client.GrpcClientProtocolClient (GrpcClientProtocolClient.java:onNext(264)) - client-C79DE3E06697->1d6da99a-ba9a-4d72-abd2-d0f1aa02f12f: receive RaftClientReply:client-C79DE3E06697->1d6da99a-ba9a-4d72-abd2-d0f1aa02f12f@group-B29EE812FB58, cid=1274, SUCCESS, logIndex=1786, commits[1d6da99a-ba9a-4d72-abd2-d0f1aa02f12f:c1786, 9dc27687-2024-46ae-8b6e-c9027bfa400e:c1784, 9c9c57da-14dc-454a-b374-789aa5e765a9:c1784]
2019-09-16 23:34:58,912 [grpc-default-executor-7] INFO  client.GrpcClientProtocolClient (GrpcClientProtocolClient.java:onNext(264)) - client-C79DE3E06697->1d6da99a-ba9a-4d72-abd2-d0f1aa02f12f: receive RaftClientReply:client-C79DE3E06697->1d6da99a-ba9a-4d72-abd2-d0f1aa02f12f@group-B29EE812FB58, cid=1275, SUCCESS, logIndex=1787, commits[1d6da99a-ba9a-4d72-abd2-d0f1aa02f12f:c1788, 9dc27687-2024-46ae-8b6e-c9027bfa400e:c1784, 9c9c57da-14dc-454a-b374-789aa5e765a9:c1784]
2019-09-16 23:34:58,912 [grpc-default-executor-7] INFO  client.GrpcClientProtocolClient (GrpcClientProtocolClient.java:onNext(264)) - client-C79DE3E06697->1d6da99a-ba9a-4d72-abd2-d0f1aa02f12f: receive RaftClientReply:client-C79DE3E06697->1d6da99a-ba9a-4d72-abd2-d0f1aa02f12f@group-B29EE812FB58, cid=1276, SUCCESS, logIndex=1788, commits[1d6da99a-ba9a-4d72-abd2-d0f1aa02f12f:c1788, 9dc27687-2024-46ae-8b6e-c9027bfa400e:c1784, 9c9c57da-14dc-454a-b374-789aa5e765a9:c1784]
2019-09-16 23:34:58,914 [grpc-default-executor-7] INFO  client.GrpcClientProtocolClient (GrpcClientProtocolClient.java:onNext(264)) - client-C79DE3E06697->1d6da99a-ba9a-4d72-abd2-d0f1aa02f12f: receive RaftClientReply:client-C79DE3E06697->1d6da99a-ba9a-4d72-abd2-d0f1aa02f12f@group-B29EE812FB58, cid=1277, SUCCESS, logIndex=0, commits[1d6da99a-ba9a-4d72-abd2-d0f1aa02f12f:c1790, 9dc27687-2024-46ae-8b6e-c9027bfa400e:c1786, 9c9c57da-14dc-454a-b374-789aa5e765a9:c1786]
2019-09-16 23:34:58,929 [grpc-default-executor-1] INFO  client.GrpcClientProtocolClient (GrpcClientProtocolClient.java:onNext(264)) - client-C79DE3E06697->1d6da99a-ba9a-4d72-abd2-d0f1aa02f12f: receive RaftClientReply:client-C79DE3E06697->1d6da99a-ba9a-4d72-abd2-d0f1aa02f12f@group-B29EE812FB58, cid=1278, SUCCESS, logIndex=1793, commits[1d6da99a-ba9a-4d72-abd2-d0f1aa02f12f:c1793, 9dc27687-2024-46ae-8b6e-c9027bfa400e:c1790, 9c9c57da-14dc-454a-b374-789aa5e765a9:c1790]
2019-09-16 23:34:58,929 [grpc-default-executor-1] INFO  client.GrpcClientProtocolClient (GrpcClientProtocolClient.java:onNext(264)) - client-C79DE3E06697->1d6da99a-ba9a-4d72-abd2-d0f1aa02f12f: receive RaftClientReply:client-C79DE3E06697->1d6da99a-ba9a-4d72-abd2-d0f1aa02f12f@group-B29EE812FB58, cid=1279, SUCCESS, logIndex=1794, commits[1d6da99a-ba9a-4d72-abd2-d0f1aa02f12f:c1794, 9dc27687-2024-46ae-8b6e-c9027bfa400e:c1790, 9c9c57da-14dc-454a-b374-789aa5e765a9:c1790]
2019-09-16 23:34:58,947 [grpc-default-executor-1] INFO  client.GrpcClientProtocolClient (GrpcClientProtocolClient.java:onNext(264)) - client-C79DE3E06697->1d6da99a-ba9a-4d72-abd2-d0f1aa02f12f: receive RaftClientReply:client-C79DE3E06697->1d6da99a-ba9a-4d72-abd2-d0f1aa02f12f@group-B29EE812FB58, cid=1280, SUCCESS, logIndex=1797, commits[1d6da99a-ba9a-4d72-abd2-d0f1aa02f12f:c1797, 9dc27687-2024-46ae-8b6e-c9027bfa400e:c1794, 9c9c57da-14dc-454a-b374-789aa5e765a9:c1794]
2019-09-16 23:34:58,948 [grpc-default-executor-1] INFO  client.GrpcClientProtocolClient (GrpcClientProtocolClient.java:onNext(264)) - client-C79DE3E06697->1d6da99a-ba9a-4d72-abd2-d0f1aa02f12f: receive RaftClientReply:client-C79DE3E06697->1d6da99a-ba9a-4d72-abd2-d0f1aa02f12f@group-B29EE812FB58, cid=1281, SUCCESS, logIndex=1798, commits[1d6da99a-ba9a-4d72-abd2-d0f1aa02f12f:c1798, 9dc27687-2024-46ae-8b6e-c9027bfa400e:c1794, 9c9c57da-14dc-454a-b374-789aa5e765a9:c1794]
2019-09-16 23:34:58,961 [grpc-default-executor-1] INFO  client.GrpcClientProtocolClient (GrpcClientProtocolClient.java:onNext(264)) - client-C79DE3E06697->1d6da99a-ba9a-4d72-abd2-d0f1aa02f12f: receive RaftClientReply:client-C79DE3E06697->1d6da99a-ba9a-4d72-abd2-d0f1aa02f12f@group-B29EE812FB58, cid=1282, SUCCESS, logIndex=0, commits[1d6da99a-ba9a-4d72-abd2-d0f1aa02f12f:c1800, 9dc27687-2024-46ae-8b6e-c9027bfa400e:c1798, 9c9c57da-14dc-454a-b374-789aa5e765a9:c1798]
2019-09-16 23:34:58,977 [grpc-default-executor-7] INFO  client.GrpcClientProtocolClient (GrpcClientProtocolClient.java:onNext(264)) - client-C79DE3E06697->1d6da99a-ba9a-4d72-abd2-d0f1aa02f12f: receive RaftClientReply:client-C79DE3E06697->1d6da99a-ba9a-4d72-abd2-d0f1aa02f12f@group-B29EE812FB58, cid=1283, SUCCESS, logIndex=1801, commits[1d6da99a-ba9a-4d72-abd2-d0f1aa02f12f:c1802, 9dc27687-2024-46ae-8b6e-c9027bfa400e:c1800, 9c9c57da-14dc-454a-b374-789aa5e765a9:c1800]
2019-09-16 23:34:58,978 [grpc-default-executor-7] INFO  client.GrpcClientProtocolClient (GrpcClientProtocolClient.java:onNext(264)) - client-C79DE3E06697->1d6da99a-ba9a-4d72-abd2-d0f1aa02f12f: receive RaftClientReply:client-C79DE3E06697->1d6da99a-ba9a-4d72-abd2-d0f1aa02f12f@group-B29EE812FB58, cid=1284, SUCCESS, logIndex=1802, commits[1d6da99a-ba9a-4d72-abd2-d0f1aa02f12f:c1802, 9dc27687-2024-46ae-8b6e-c9027bfa400e:c1800, 9c9c57da-14dc-454a-b374-789aa5e765a9:c1800]
2019-09-16 23:34:58,980 [grpc-default-executor-7] INFO  client.GrpcClientProtocolClient (GrpcClientProtocolClient.java:onNext(264)) - client-C79DE3E06697->1d6da99a-ba9a-4d72-abd2-d0f1aa02f12f: receive RaftClientReply:client-C79DE3E06697->1d6da99a-ba9a-4d72-abd2-d0f1aa02f12f@group-B29EE812FB58, cid=1285, SUCCESS, logIndex=1803, commits[1d6da99a-ba9a-4d72-abd2-d0f1aa02f12f:c1803, 9dc27687-2024-46ae-8b6e-c9027bfa400e:c1800, 9c9c57da-14dc-454a-b374-789aa5e765a9:c1800]
2019-09-16 23:34:58,980 [grpc-default-executor-7] INFO  client.GrpcClientProtocolClient (GrpcClientProtocolClient.java:onNext(264)) - client-C79DE3E06697->1d6da99a-ba9a-4d72-abd2-d0f1aa02f12f: receive RaftClientReply:client-C79DE3E06697->1d6da99a-ba9a-4d72-abd2-d0f1aa02f12f@group-B29EE812FB58, cid=1286, SUCCESS, logIndex=1804, commits[1d6da99a-ba9a-4d72-abd2-d0f1aa02f12f:c1806, 9dc27687-2024-46ae-8b6e-c9027bfa400e:c1802, 9c9c57da-14dc-454a-b374-789aa5e765a9:c1800]
2019-09-16 23:34:58,981 [grpc-default-executor-7] INFO  client.GrpcClientProtocolClient (GrpcClientProtocolClient.java:onNext(264)) - client-C79DE3E06697->1d6da99a-ba9a-4d72-abd2-d0f1aa02f12f: receive RaftClientReply:client-C79DE3E06697->1d6da99a-ba9a-4d72-abd2-d0f1aa02f12f@group-B29EE812FB58, cid=1287, SUCCESS, logIndex=0, commits[1d6da99a-ba9a-4d72-abd2-d0f1aa02f12f:c1806, 9dc27687-2024-46ae-8b6e-c9027bfa400e:c1803, 9c9c57da-14dc-454a-b374-789aa5e765a9:c1802]
2019-09-16 23:34:58,993 [grpc-default-executor-3] INFO  client.GrpcClientProtocolClient (GrpcClientProtocolClient.java:onNext(264)) - client-C79DE3E06697->1d6da99a-ba9a-4d72-abd2-d0f1aa02f12f: receive RaftClientReply:client-C79DE3E06697->1d6da99a-ba9a-4d72-abd2-d0f1aa02f12f@group-B29EE812FB58, cid=1288, SUCCESS, logIndex=1808, commits[1d6da99a-ba9a-4d72-abd2-d0f1aa02f12f:c1809, 9dc27687-2024-46ae-8b6e-c9027bfa400e:c1807, 9c9c57da-14dc-454a-b374-789aa5e765a9:c1807]
2019-09-16 23:34:58,993 [grpc-default-executor-3] INFO  client.GrpcClientProtocolClient (GrpcClientProtocolClient.java:onNext(264)) - client-C79DE3E06697->1d6da99a-ba9a-4d72-abd2-d0f1aa02f12f: receive RaftClientReply:client-C79DE3E06697->1d6da99a-ba9a-4d72-abd2-d0f1aa02f12f@group-B29EE812FB58, cid=1289, SUCCESS, logIndex=1809, commits[1d6da99a-ba9a-4d72-abd2-d0f1aa02f12f:c1809, 9dc27687-2024-46ae-8b6e-c9027bfa400e:c1807, 9c9c57da-14dc-454a-b374-789aa5e765a9:c1807]
2019-09-16 23:34:59,008 [grpc-default-executor-7] INFO  client.GrpcClientProtocolClient (GrpcClientProtocolClient.java:onNext(264)) - client-C79DE3E06697->1d6da99a-ba9a-4d72-abd2-d0f1aa02f12f: receive RaftClientReply:client-C79DE3E06697->1d6da99a-ba9a-4d72-abd2-d0f1aa02f12f@group-B29EE812FB58, cid=1290, SUCCESS, logIndex=1812, commits[1d6da99a-ba9a-4d72-abd2-d0f1aa02f12f:c1813, 9dc27687-2024-46ae-8b6e-c9027bfa400e:c1809, 9c9c57da-14dc-454a-b374-789aa5e765a9:c1809]
2019-09-16 23:34:59,009 [grpc-default-executor-7] INFO  client.GrpcClientProtocolClient (GrpcClientProtocolClient.java:onNext(264)) - client-C79DE3E06697->1d6da99a-ba9a-4d72-abd2-d0f1aa02f12f: receive RaftClientReply:client-C79DE3E06697->1d6da99a-ba9a-4d72-abd2-d0f1aa02f12f@group-B29EE812FB58, cid=1291, SUCCESS, logIndex=1813, commits[1d6da99a-ba9a-4d72-abd2-d0f1aa02f12f:c1813, 9dc27687-2024-46ae-8b6e-c9027bfa400e:c1809, 9c9c57da-14dc-454a-b374-789aa5e765a9:c1809]
2019-09-16 23:34:59,017 [grpc-default-executor-6] INFO  client.GrpcClientProtocolClient (GrpcClientProtocolClient.java:onNext(264)) - client-C79DE3E06697->1d6da99a-ba9a-4d72-abd2-d0f1aa02f12f: receive RaftClientReply:client-C79DE3E06697->1d6da99a-ba9a-4d72-abd2-d0f1aa02f12f@group-B29EE812FB58, cid=1292, SUCCESS, logIndex=0, commits[1d6da99a-ba9a-4d72-abd2-d0f1aa02f12f:c1813, 9dc27687-2024-46ae-8b6e-c9027bfa400e:c1813, 9c9c57da-14dc-454a-b374-789aa5e765a9:c1813]
2019-09-16 23:34:59,059 [grpc-default-executor-3] INFO  client.GrpcClientProtocolClient (GrpcClientProtocolClient.java:onNext(264)) - client-C79DE3E06697->1d6da99a-ba9a-4d72-abd2-d0f1aa02f12f: receive RaftClientReply:client-C79DE3E06697->1d6da99a-ba9a-4d72-abd2-d0f1aa02f12f@group-B29EE812FB58, cid=1293, SUCCESS, logIndex=1816, commits[1d6da99a-ba9a-4d72-abd2-d0f1aa02f12f:c1818, 9dc27687-2024-46ae-8b6e-c9027bfa400e:c1815, 9c9c57da-14dc-454a-b374-789aa5e765a9:c1815]
2019-09-16 23:34:59,059 [grpc-default-executor-3] INFO  client.GrpcClientProtocolClient (GrpcClientProtocolClient.java:onNext(264)) - client-C79DE3E06697->1d6da99a-ba9a-4d72-abd2-d0f1aa02f12f: receive RaftClientReply:client-C79DE3E06697->1d6da99a-ba9a-4d72-abd2-d0f1aa02f12f@group-B29EE812FB58, cid=1294, SUCCESS, logIndex=1817, commits[1d6da99a-ba9a-4d72-abd2-d0f1aa02f12f:c1819, 9dc27687-2024-46ae-8b6e-c9027bfa400e:c1815, 9c9c57da-14dc-454a-b374-789aa5e765a9:c1815]
2019-09-16 23:34:59,060 [grpc-default-executor-3] INFO  client.GrpcClientProtocolClient (GrpcClientProtocolClient.java:onNext(264)) - client-C79DE3E06697->1d6da99a-ba9a-4d72-abd2-d0f1aa02f12f: receive RaftClientReply:client-C79DE3E06697->1d6da99a-ba9a-4d72-abd2-d0f1aa02f12f@group-B29EE812FB58, cid=1295, SUCCESS, logIndex=1818, commits[1d6da99a-ba9a-4d72-abd2-d0f1aa02f12f:c1819, 9dc27687-2024-46ae-8b6e-c9027bfa400e:c1815, 9c9c57da-14dc-454a-b374-789aa5e765a9:c1815]
2019-09-16 23:34:59,060 [grpc-default-executor-3] INFO  client.GrpcClientProtocolClient (GrpcClientProtocolClient.java:onNext(264)) - client-C79DE3E06697->1d6da99a-ba9a-4d72-abd2-d0f1aa02f12f: receive RaftClientReply:client-C79DE3E06697->1d6da99a-ba9a-4d72-abd2-d0f1aa02f12f@group-B29EE812FB58, cid=1296, SUCCESS, logIndex=1819, commits[1d6da99a-ba9a-4d72-abd2-d0f1aa02f12f:c1819, 9dc27687-2024-46ae-8b6e-c9027bfa400e:c1815, 9c9c57da-14dc-454a-b374-789aa5e765a9:c1815]
2019-09-16 23:34:59,061 [grpc-default-executor-7] INFO  client.GrpcClientProtocolClient (GrpcClientProtocolClient.java:onNext(264)) - client-C79DE3E06697->1d6da99a-ba9a-4d72-abd2-d0f1aa02f12f: receive RaftClientReply:client-C79DE3E06697->1d6da99a-ba9a-4d72-abd2-d0f1aa02f12f@group-B29EE812FB58, cid=1297, SUCCESS, logIndex=0, commits[1d6da99a-ba9a-4d72-abd2-d0f1aa02f12f:c1821, 9dc27687-2024-46ae-8b6e-c9027bfa400e:c1817, 9c9c57da-14dc-454a-b374-789aa5e765a9:c1817]
2019-09-16 23:34:59,080 [grpc-default-executor-3] INFO  client.GrpcClientProtocolClient (GrpcClientProtocolClient.java:onNext(264)) - client-C79DE3E06697->1d6da99a-ba9a-4d72-abd2-d0f1aa02f12f: receive RaftClientReply:client-C79DE3E06697->1d6da99a-ba9a-4d72-abd2-d0f1aa02f12f@group-B29EE812FB58, cid=1298, SUCCESS, logIndex=1824, commits[1d6da99a-ba9a-4d72-abd2-d0f1aa02f12f:c1825, 9dc27687-2024-46ae-8b6e-c9027bfa400e:c1823, 9c9c57da-14dc-454a-b374-789aa5e765a9:c1823]
2019-09-16 23:34:59,080 [grpc-default-executor-3] INFO  client.GrpcClientProtocolClient (GrpcClientProtocolClient.java:onNext(264)) - client-C79DE3E06697->1d6da99a-ba9a-4d72-abd2-d0f1aa02f12f: receive RaftClientReply:client-C79DE3E06697->1d6da99a-ba9a-4d72-abd2-d0f1aa02f12f@group-B29EE812FB58, cid=1299, SUCCESS, logIndex=1825, commits[1d6da99a-ba9a-4d72-abd2-d0f1aa02f12f:c1825, 9dc27687-2024-46ae-8b6e-c9027bfa400e:c1823, 9c9c57da-14dc-454a-b374-789aa5e765a9:c1823]
2019-09-16 23:34:59,109 [grpc-default-executor-1] INFO  client.GrpcClientProtocolClient (GrpcClientProtocolClient.java:onNext(264)) - client-C79DE3E06697->1d6da99a-ba9a-4d72-abd2-d0f1aa02f12f: receive RaftClientReply:client-C79DE3E06697->1d6da99a-ba9a-4d72-abd2-d0f1aa02f12f@group-B29EE812FB58, cid=1300, SUCCESS, logIndex=1828, commits[1d6da99a-ba9a-4d72-abd2-d0f1aa02f12f:c1829, 9dc27687-2024-46ae-8b6e-c9027bfa400e:c1825, 9c9c57da-14dc-454a-b374-789aa5e765a9:c1825]
2019-09-16 23:34:59,109 [grpc-default-executor-1] INFO  client.GrpcClientProtocolClient (GrpcClientProtocolClient.java:onNext(264)) - client-C79DE3E06697->1d6da99a-ba9a-4d72-abd2-d0f1aa02f12f: receive RaftClientReply:client-C79DE3E06697->1d6da99a-ba9a-4d72-abd2-d0f1aa02f12f@group-B29EE812FB58, cid=1301, SUCCESS, logIndex=1829, commits[1d6da99a-ba9a-4d72-abd2-d0f1aa02f12f:c1829, 9dc27687-2024-46ae-8b6e-c9027bfa400e:c1825, 9c9c57da-14dc-454a-b374-789aa5e765a9:c1825]
2019-09-16 23:34:59,137 [grpc-default-executor-1] INFO  client.GrpcClientProtocolClient (GrpcClientProtocolClient.java:onNext(264)) - client-C79DE3E06697->1d6da99a-ba9a-4d72-abd2-d0f1aa02f12f: receive RaftClientReply:client-C79DE3E06697->1d6da99a-ba9a-4d72-abd2-d0f1aa02f12f@group-B29EE812FB58, cid=1302, SUCCESS, logIndex=0, commits[1d6da99a-ba9a-4d72-abd2-d0f1aa02f12f:c1830, 9dc27687-2024-46ae-8b6e-c9027bfa400e:c1829, 9c9c57da-14dc-454a-b374-789aa5e765a9:c1829]
2019-09-16 23:34:59,180 [grpc-default-executor-3] INFO  client.GrpcClientProtocolClient (GrpcClientProtocolClient.java:onNext(264)) - client-C79DE3E06697->1d6da99a-ba9a-4d72-abd2-d0f1aa02f12f: receive RaftClientReply:client-C79DE3E06697->1d6da99a-ba9a-4d72-abd2-d0f1aa02f12f@group-B29EE812FB58, cid=1303, SUCCESS, logIndex=1832, commits[1d6da99a-ba9a-4d72-abd2-d0f1aa02f12f:c1833, 9dc27687-2024-46ae-8b6e-c9027bfa400e:c1831, 9c9c57da-14dc-454a-b374-789aa5e765a9:c1831]
2019-09-16 23:34:59,180 [grpc-default-executor-3] INFO  client.GrpcClientProtocolClient (GrpcClientProtocolClient.java:onNext(264)) - client-C79DE3E06697->1d6da99a-ba9a-4d72-abd2-d0f1aa02f12f: receive RaftClientReply:client-C79DE3E06697->1d6da99a-ba9a-4d72-abd2-d0f1aa02f12f@group-B29EE812FB58, cid=1304, SUCCESS, logIndex=1833, commits[1d6da99a-ba9a-4d72-abd2-d0f1aa02f12f:c1835, 9dc27687-2024-46ae-8b6e-c9027bfa400e:c1831, 9c9c57da-14dc-454a-b374-789aa5e765a9:c1831]
2019-09-16 23:34:59,181 [grpc-default-executor-3] INFO  client.GrpcClientProtocolClient (GrpcClientProtocolClient.java:onNext(264)) - client-C79DE3E06697->1d6da99a-ba9a-4d72-abd2-d0f1aa02f12f: receive RaftClientReply:client-C79DE3E06697->1d6da99a-ba9a-4d72-abd2-d0f1aa02f12f@group-B29EE812FB58, cid=1305, SUCCESS, logIndex=1834, commits[1d6da99a-ba9a-4d72-abd2-d0f1aa02f12f:c1835, 9dc27687-2024-46ae-8b6e-c9027bfa400e:c1831, 9c9c57da-14dc-454a-b374-789aa5e765a9:c1831]
2019-09-16 23:34:59,182 [grpc-default-executor-6] INFO  client.GrpcClientProtocolClient (GrpcClientProtocolClient.java:onNext(264)) - client-C79DE3E06697->1d6da99a-ba9a-4d72-abd2-d0f1aa02f12f: receive RaftClientReply:client-C79DE3E06697->1d6da99a-ba9a-4d72-abd2-d0f1aa02f12f@group-B29EE812FB58, cid=1306, SUCCESS, logIndex=1835, commits[1d6da99a-ba9a-4d72-abd2-d0f1aa02f12f:c1835, 9dc27687-2024-46ae-8b6e-c9027bfa400e:c1831, 9c9c57da-14dc-454a-b374-789aa5e765a9:c1831]
2019-09-16 23:34:59,184 [grpc-default-executor-3] INFO  client.GrpcClientProtocolClient (GrpcClientProtocolClient.java:onNext(264)) - client-C79DE3E06697->1d6da99a-ba9a-4d72-abd2-d0f1aa02f12f: receive RaftClientReply:client-C79DE3E06697->1d6da99a-ba9a-4d72-abd2-d0f1aa02f12f@group-B29EE812FB58, cid=1307, SUCCESS, logIndex=0, commits[1d6da99a-ba9a-4d72-abd2-d0f1aa02f12f:c1837, 9dc27687-2024-46ae-8b6e-c9027bfa400e:c1833, 9c9c57da-14dc-454a-b374-789aa5e765a9:c1833]
2019-09-16 23:34:59,196 [grpc-default-executor-3] INFO  client.GrpcClientProtocolClient (GrpcClientProtocolClient.java:onNext(264)) - client-C79DE3E06697->1d6da99a-ba9a-4d72-abd2-d0f1aa02f12f: receive RaftClientReply:client-C79DE3E06697->1d6da99a-ba9a-4d72-abd2-d0f1aa02f12f@group-B29EE812FB58, cid=1308, SUCCESS, logIndex=1840, commits[1d6da99a-ba9a-4d72-abd2-d0f1aa02f12f:c1841, 9dc27687-2024-46ae-8b6e-c9027bfa400e:c1839, 9c9c57da-14dc-454a-b374-789aa5e765a9:c1835]
2019-09-16 23:34:59,196 [grpc-default-executor-3] INFO  client.GrpcClientProtocolClient (GrpcClientProtocolClient.java:onNext(264)) - client-C79DE3E06697->1d6da99a-ba9a-4d72-abd2-d0f1aa02f12f: receive RaftClientReply:client-C79DE3E06697->1d6da99a-ba9a-4d72-abd2-d0f1aa02f12f@group-B29EE812FB58, cid=1309, SUCCESS, logIndex=1841, commits[1d6da99a-ba9a-4d72-abd2-d0f1aa02f12f:c1841, 9dc27687-2024-46ae-8b6e-c9027bfa400e:c1839, 9c9c57da-14dc-454a-b374-789aa5e765a9:c1839]
2019-09-16 23:34:59,226 [grpc-default-executor-1] INFO  client.GrpcClientProtocolClient (GrpcClientProtocolClient.java:onNext(264)) - client-C79DE3E06697->1d6da99a-ba9a-4d72-abd2-d0f1aa02f12f: receive RaftClientReply:client-C79DE3E06697->1d6da99a-ba9a-4d72-abd2-d0f1aa02f12f@group-B29EE812FB58, cid=1310, SUCCESS, logIndex=1844, commits[1d6da99a-ba9a-4d72-abd2-d0f1aa02f12f:c1845, 9dc27687-2024-46ae-8b6e-c9027bfa400e:c1843, 9c9c57da-14dc-454a-b374-789aa5e765a9:c1843]
2019-09-16 23:34:59,226 [grpc-default-executor-1] INFO  client.GrpcClientProtocolClient (GrpcClientProtocolClient.java:onNext(264)) - client-C79DE3E06697->1d6da99a-ba9a-4d72-abd2-d0f1aa02f12f: receive RaftClientReply:client-C79DE3E06697->1d6da99a-ba9a-4d72-abd2-d0f1aa02f12f@group-B29EE812FB58, cid=1311, SUCCESS, logIndex=1845, commits[1d6da99a-ba9a-4d72-abd2-d0f1aa02f12f:c1845, 9dc27687-2024-46ae-8b6e-c9027bfa400e:c1843, 9c9c57da-14dc-454a-b374-789aa5e765a9:c1843]
2019-09-16 23:34:59,242 [grpc-default-executor-1] INFO  client.GrpcClientProtocolClient (GrpcClientProtocolClient.java:onNext(264)) - client-C79DE3E06697->1d6da99a-ba9a-4d72-abd2-d0f1aa02f12f: receive RaftClientReply:client-C79DE3E06697->1d6da99a-ba9a-4d72-abd2-d0f1aa02f12f@group-B29EE812FB58, cid=1312, SUCCESS, logIndex=0, commits[1d6da99a-ba9a-4d72-abd2-d0f1aa02f12f:c1846, 9dc27687-2024-46ae-8b6e-c9027bfa400e:c1845, 9c9c57da-14dc-454a-b374-789aa5e765a9:c1845]
2019-09-16 23:34:59,280 [grpc-default-executor-6] INFO  client.GrpcClientProtocolClient (GrpcClientProtocolClient.java:onNext(264)) - client-C79DE3E06697->1d6da99a-ba9a-4d72-abd2-d0f1aa02f12f: receive RaftClientReply:client-C79DE3E06697->1d6da99a-ba9a-4d72-abd2-d0f1aa02f12f@group-B29EE812FB58, cid=1313, SUCCESS, logIndex=1848, commits[1d6da99a-ba9a-4d72-abd2-d0f1aa02f12f:c1849, 9dc27687-2024-46ae-8b6e-c9027bfa400e:c1847, 9c9c57da-14dc-454a-b374-789aa5e765a9:c1847]
2019-09-16 23:34:59,281 [grpc-default-executor-6] INFO  client.GrpcClientProtocolClient (GrpcClientProtocolClient.java:onNext(264)) - client-C79DE3E06697->1d6da99a-ba9a-4d72-abd2-d0f1aa02f12f: receive RaftClientReply:client-C79DE3E06697->1d6da99a-ba9a-4d72-abd2-d0f1aa02f12f@group-B29EE812FB58, cid=1314, SUCCESS, logIndex=1849, commits[1d6da99a-ba9a-4d72-abd2-d0f1aa02f12f:c1849, 9dc27687-2024-46ae-8b6e-c9027bfa400e:c1847, 9c9c57da-14dc-454a-b374-789aa5e765a9:c1847]
2019-09-16 23:34:59,289 [grpc-default-executor-7] INFO  client.GrpcClientProtocolClient (GrpcClientProtocolClient.java:onNext(264)) - client-C79DE3E06697->1d6da99a-ba9a-4d72-abd2-d0f1aa02f12f: receive RaftClientReply:client-C79DE3E06697->1d6da99a-ba9a-4d72-abd2-d0f1aa02f12f@group-B29EE812FB58, cid=1315, SUCCESS, logIndex=1850, commits[1d6da99a-ba9a-4d72-abd2-d0f1aa02f12f:c1851, 9dc27687-2024-46ae-8b6e-c9027bfa400e:c1847, 9c9c57da-14dc-454a-b374-789aa5e765a9:c1847]
2019-09-16 23:34:59,289 [grpc-default-executor-7] INFO  client.GrpcClientProtocolClient (GrpcClientProtocolClient.java:onNext(264)) - client-C79DE3E06697->1d6da99a-ba9a-4d72-abd2-d0f1aa02f12f: receive RaftClientReply:client-C79DE3E06697->1d6da99a-ba9a-4d72-abd2-d0f1aa02f12f@group-B29EE812FB58, cid=1316, SUCCESS, logIndex=1851, commits[1d6da99a-ba9a-4d72-abd2-d0f1aa02f12f:c1851, 9dc27687-2024-46ae-8b6e-c9027bfa400e:c1847, 9c9c57da-14dc-454a-b374-789aa5e765a9:c1847]
2019-09-16 23:34:59,291 [grpc-default-executor-6] INFO  client.GrpcClientProtocolClient (GrpcClientProtocolClient.java:onNext(264)) - client-C79DE3E06697->1d6da99a-ba9a-4d72-abd2-d0f1aa02f12f: receive RaftClientReply:client-C79DE3E06697->1d6da99a-ba9a-4d72-abd2-d0f1aa02f12f@group-B29EE812FB58, cid=1317, SUCCESS, logIndex=0, commits[1d6da99a-ba9a-4d72-abd2-d0f1aa02f12f:c1853, 9dc27687-2024-46ae-8b6e-c9027bfa400e:c1849, 9c9c57da-14dc-454a-b374-789aa5e765a9:c1849]
2019-09-16 23:34:59,318 [grpc-default-executor-1] INFO  client.GrpcClientProtocolClient (GrpcClientProtocolClient.java:onNext(264)) - client-C79DE3E06697->1d6da99a-ba9a-4d72-abd2-d0f1aa02f12f: receive RaftClientReply:client-C79DE3E06697->1d6da99a-ba9a-4d72-abd2-d0f1aa02f12f@group-B29EE812FB58, cid=1318, SUCCESS, logIndex=1856, commits[1d6da99a-ba9a-4d72-abd2-d0f1aa02f12f:c1857, 9dc27687-2024-46ae-8b6e-c9027bfa400e:c1851, 9c9c57da-14dc-454a-b374-789aa5e765a9:c1855]
2019-09-16 23:34:59,318 [grpc-default-executor-1] INFO  client.GrpcClientProtocolClient (GrpcClientProtocolClient.java:onNext(264)) - client-C79DE3E06697->1d6da99a-ba9a-4d72-abd2-d0f1aa02f12f: receive RaftClientReply:client-C79DE3E06697->1d6da99a-ba9a-4d72-abd2-d0f1aa02f12f@group-B29EE812FB58, cid=1319, SUCCESS, logIndex=1857, commits[1d6da99a-ba9a-4d72-abd2-d0f1aa02f12f:c1857, 9dc27687-2024-46ae-8b6e-c9027bfa400e:c1851, 9c9c57da-14dc-454a-b374-789aa5e765a9:c1855]
2019-09-16 23:34:59,341 [grpc-default-executor-1] INFO  client.GrpcClientProtocolClient (GrpcClientProtocolClient.java:onNext(264)) - client-C79DE3E06697->1d6da99a-ba9a-4d72-abd2-d0f1aa02f12f: receive RaftClientReply:client-C79DE3E06697->1d6da99a-ba9a-4d72-abd2-d0f1aa02f12f@group-B29EE812FB58, cid=1320, SUCCESS, logIndex=1860, commits[1d6da99a-ba9a-4d72-abd2-d0f1aa02f12f:c1861, 9dc27687-2024-46ae-8b6e-c9027bfa400e:c1857, 9c9c57da-14dc-454a-b374-789aa5e765a9:c1857]
2019-09-16 23:34:59,341 [grpc-default-executor-1] INFO  client.GrpcClientProtocolClient (GrpcClientProtocolClient.java:onNext(264)) - client-C79DE3E06697->1d6da99a-ba9a-4d72-abd2-d0f1aa02f12f: receive RaftClientReply:client-C79DE3E06697->1d6da99a-ba9a-4d72-abd2-d0f1aa02f12f@group-B29EE812FB58, cid=1321, SUCCESS, logIndex=1861, commits[1d6da99a-ba9a-4d72-abd2-d0f1aa02f12f:c1861, 9dc27687-2024-46ae-8b6e-c9027bfa400e:c1857, 9c9c57da-14dc-454a-b374-789aa5e765a9:c1857]
2019-09-16 23:34:59,362 [grpc-default-executor-1] INFO  client.GrpcClientProtocolClient (GrpcClientProtocolClient.java:onNext(264)) - client-C79DE3E06697->1d6da99a-ba9a-4d72-abd2-d0f1aa02f12f: receive RaftClientReply:client-C79DE3E06697->1d6da99a-ba9a-4d72-abd2-d0f1aa02f12f@group-B29EE812FB58, cid=1322, SUCCESS, logIndex=0, commits[1d6da99a-ba9a-4d72-abd2-d0f1aa02f12f:c1861, 9dc27687-2024-46ae-8b6e-c9027bfa400e:c1861, 9c9c57da-14dc-454a-b374-789aa5e765a9:c1861]
2019-09-16 23:34:59,394 [grpc-default-executor-7] INFO  client.GrpcClientProtocolClient (GrpcClientProtocolClient.java:onNext(264)) - client-C79DE3E06697->1d6da99a-ba9a-4d72-abd2-d0f1aa02f12f: receive RaftClientReply:client-C79DE3E06697->1d6da99a-ba9a-4d72-abd2-d0f1aa02f12f@group-B29EE812FB58, cid=1323, SUCCESS, logIndex=1864, commits[1d6da99a-ba9a-4d72-abd2-d0f1aa02f12f:c1865, 9dc27687-2024-46ae-8b6e-c9027bfa400e:c1863, 9c9c57da-14dc-454a-b374-789aa5e765a9:c1863]
2019-09-16 23:34:59,394 [grpc-default-executor-7] INFO  client.GrpcClientProtocolClient (GrpcClientProtocolClient.java:onNext(264)) - client-C79DE3E06697->1d6da99a-ba9a-4d72-abd2-d0f1aa02f12f: receive RaftClientReply:client-C79DE3E06697->1d6da99a-ba9a-4d72-abd2-d0f1aa02f12f@group-B29EE812FB58, cid=1324, SUCCESS, logIndex=1865, commits[1d6da99a-ba9a-4d72-abd2-d0f1aa02f12f:c1867, 9dc27687-2024-46ae-8b6e-c9027bfa400e:c1863, 9c9c57da-14dc-454a-b374-789aa5e765a9:c1863]
2019-09-16 23:34:59,395 [grpc-default-executor-7] INFO  client.GrpcClientProtocolClient (GrpcClientProtocolClient.java:onNext(264)) - client-C79DE3E06697->1d6da99a-ba9a-4d72-abd2-d0f1aa02f12f: receive RaftClientReply:client-C79DE3E06697->1d6da99a-ba9a-4d72-abd2-d0f1aa02f12f@group-B29EE812FB58, cid=1325, SUCCESS, logIndex=1866, commits[1d6da99a-ba9a-4d72-abd2-d0f1aa02f12f:c1867, 9dc27687-2024-46ae-8b6e-c9027bfa400e:c1863, 9c9c57da-14dc-454a-b374-789aa5e765a9:c1863]
2019-09-16 23:34:59,395 [grpc-default-executor-7] INFO  client.GrpcClientProtocolClient (GrpcClientProtocolClient.java:onNext(264)) - client-C79DE3E06697->1d6da99a-ba9a-4d72-abd2-d0f1aa02f12f: receive RaftClientReply:client-C79DE3E06697->1d6da99a-ba9a-4d72-abd2-d0f1aa02f12f@group-B29EE812FB58, cid=1326, SUCCESS, logIndex=1867, commits[1d6da99a-ba9a-4d72-abd2-d0f1aa02f12f:c1867, 9dc27687-2024-46ae-8b6e-c9027bfa400e:c1863, 9c9c57da-14dc-454a-b374-789aa5e765a9:c1863]
2019-09-16 23:34:59,396 [grpc-default-executor-7] INFO  client.GrpcClientProtocolClient (GrpcClientProtocolClient.java:onNext(264)) - client-C79DE3E06697->1d6da99a-ba9a-4d72-abd2-d0f1aa02f12f: receive RaftClientReply:client-C79DE3E06697->1d6da99a-ba9a-4d72-abd2-d0f1aa02f12f@group-B29EE812FB58, cid=1327, SUCCESS, logIndex=0, commits[1d6da99a-ba9a-4d72-abd2-d0f1aa02f12f:c1868, 9dc27687-2024-46ae-8b6e-c9027bfa400e:c1865, 9c9c57da-14dc-454a-b374-789aa5e765a9:c1865]
2019-09-16 23:34:59,421 [grpc-default-executor-6] INFO  client.GrpcClientProtocolClient (GrpcClientProtocolClient.java:onNext(264)) - client-C79DE3E06697->1d6da99a-ba9a-4d72-abd2-d0f1aa02f12f: receive RaftClientReply:client-C79DE3E06697->1d6da99a-ba9a-4d72-abd2-d0f1aa02f12f@group-B29EE812FB58, cid=1328, SUCCESS, logIndex=1871, commits[1d6da99a-ba9a-4d72-abd2-d0f1aa02f12f:c1872, 9dc27687-2024-46ae-8b6e-c9027bfa400e:c1870, 9c9c57da-14dc-454a-b374-789aa5e765a9:c1870]
2019-09-16 23:34:59,421 [grpc-default-executor-6] INFO  client.GrpcClientProtocolClient (GrpcClientProtocolClient.java:onNext(264)) - client-C79DE3E06697->1d6da99a-ba9a-4d72-abd2-d0f1aa02f12f: receive RaftClientReply:client-C79DE3E06697->1d6da99a-ba9a-4d72-abd2-d0f1aa02f12f@group-B29EE812FB58, cid=1329, SUCCESS, logIndex=1872, commits[1d6da99a-ba9a-4d72-abd2-d0f1aa02f12f:c1872, 9dc27687-2024-46ae-8b6e-c9027bfa400e:c1870, 9c9c57da-14dc-454a-b374-789aa5e765a9:c1870]
2019-09-16 23:34:59,451 [grpc-default-executor-6] INFO  client.GrpcClientProtocolClient (GrpcClientProtocolClient.java:onNext(264)) - client-C79DE3E06697->1d6da99a-ba9a-4d72-abd2-d0f1aa02f12f: receive RaftClientReply:client-C79DE3E06697->1d6da99a-ba9a-4d72-abd2-d0f1aa02f12f@group-B29EE812FB58, cid=1330, SUCCESS, logIndex=1875, commits[1d6da99a-ba9a-4d72-abd2-d0f1aa02f12f:c1876, 9dc27687-2024-46ae-8b6e-c9027bfa400e:c1872, 9c9c57da-14dc-454a-b374-789aa5e765a9:c1872]
2019-09-16 23:34:59,452 [grpc-default-executor-6] INFO  client.GrpcClientProtocolClient (GrpcClientProtocolClient.java:onNext(264)) - client-C79DE3E06697->1d6da99a-ba9a-4d72-abd2-d0f1aa02f12f: receive RaftClientReply:client-C79DE3E06697->1d6da99a-ba9a-4d72-abd2-d0f1aa02f12f@group-B29EE812FB58, cid=1331, SUCCESS, logIndex=1876, commits[1d6da99a-ba9a-4d72-abd2-d0f1aa02f12f:c1876, 9dc27687-2024-46ae-8b6e-c9027bfa400e:c1872, 9c9c57da-14dc-454a-b374-789aa5e765a9:c1872]
 0.00% |█                                                                                                    |  0/1 Time: 0:00:172019-09-16 23:34:59,479 [grpc-default-executor-7] INFO  client.GrpcClientProtocolClient (GrpcClientProtocolClient.java:onNext(264)) - client-C79DE3E06697->1d6da99a-ba9a-4d72-abd2-d0f1aa02f12f: receive RaftClientReply:client-C79DE3E06697->1d6da99a-ba9a-4d72-abd2-d0f1aa02f12f@group-B29EE812FB58, cid=1332, SUCCESS, logIndex=0, commits[1d6da99a-ba9a-4d72-abd2-d0f1aa02f12f:c1878, 9dc27687-2024-46ae-8b6e-c9027bfa400e:c1876, 9c9c57da-14dc-454a-b374-789aa5e765a9:c1876]
2019-09-16 23:34:59,519 [grpc-default-executor-1] INFO  client.GrpcClientProtocolClient (GrpcClientProtocolClient.java:onNext(264)) - client-C79DE3E06697->1d6da99a-ba9a-4d72-abd2-d0f1aa02f12f: receive RaftClientReply:client-C79DE3E06697->1d6da99a-ba9a-4d72-abd2-d0f1aa02f12f@group-B29EE812FB58, cid=1333, SUCCESS, logIndex=1879, commits[1d6da99a-ba9a-4d72-abd2-d0f1aa02f12f:c1880, 9dc27687-2024-46ae-8b6e-c9027bfa400e:c1878, 9c9c57da-14dc-454a-b374-789aa5e765a9:c1878]
2019-09-16 23:34:59,520 [grpc-default-executor-1] INFO  client.GrpcClientProtocolClient (GrpcClientProtocolClient.java:onNext(264)) - client-C79DE3E06697->1d6da99a-ba9a-4d72-abd2-d0f1aa02f12f: receive RaftClientReply:client-C79DE3E06697->1d6da99a-ba9a-4d72-abd2-d0f1aa02f12f@group-B29EE812FB58, cid=1334, SUCCESS, logIndex=1880, commits[1d6da99a-ba9a-4d72-abd2-d0f1aa02f12f:c1880, 9dc27687-2024-46ae-8b6e-c9027bfa400e:c1878, 9c9c57da-14dc-454a-b374-789aa5e765a9:c1878]
2019-09-16 23:34:59,548 [grpc-default-executor-7] INFO  client.GrpcClientProtocolClient (GrpcClientProtocolClient.java:onNext(264)) - client-C79DE3E06697->1d6da99a-ba9a-4d72-abd2-d0f1aa02f12f: receive RaftClientReply:client-C79DE3E06697->1d6da99a-ba9a-4d72-abd2-d0f1aa02f12f@group-B29EE812FB58, cid=1335, SUCCESS, logIndex=1881, commits[1d6da99a-ba9a-4d72-abd2-d0f1aa02f12f:c1882, 9dc27687-2024-46ae-8b6e-c9027bfa400e:c1878, 9c9c57da-14dc-454a-b374-789aa5e765a9:c1878]
2019-09-16 23:34:59,549 [grpc-default-executor-7] INFO  client.GrpcClientProtocolClient (GrpcClientProtocolClient.java:onNext(264)) - client-C79DE3E06697->1d6da99a-ba9a-4d72-abd2-d0f1aa02f12f: receive RaftClientReply:client-C79DE3E06697->1d6da99a-ba9a-4d72-abd2-d0f1aa02f12f@group-B29EE812FB58, cid=1336, SUCCESS, logIndex=1882, commits[1d6da99a-ba9a-4d72-abd2-d0f1aa02f12f:c1882, 9dc27687-2024-46ae-8b6e-c9027bfa400e:c1878, 9c9c57da-14dc-454a-b374-789aa5e765a9:c1878]
2019-09-16 23:34:59,550 [grpc-default-executor-7] INFO  client.GrpcClientProtocolClient (GrpcClientProtocolClient.java:onNext(264)) - client-C79DE3E06697->1d6da99a-ba9a-4d72-abd2-d0f1aa02f12f: receive RaftClientReply:client-C79DE3E06697->1d6da99a-ba9a-4d72-abd2-d0f1aa02f12f@group-B29EE812FB58, cid=1337, SUCCESS, logIndex=0, commits[1d6da99a-ba9a-4d72-abd2-d0f1aa02f12f:c1883, 9dc27687-2024-46ae-8b6e-c9027bfa400e:c1880, 9c9c57da-14dc-454a-b374-789aa5e765a9:c1880]
2019-09-16 23:34:59,574 [grpc-default-executor-1] INFO  client.GrpcClientProtocolClient (GrpcClientProtocolClient.java:onNext(264)) - client-C79DE3E06697->1d6da99a-ba9a-4d72-abd2-d0f1aa02f12f: receive RaftClientReply:client-C79DE3E06697->1d6da99a-ba9a-4d72-abd2-d0f1aa02f12f@group-B29EE812FB58, cid=1338, SUCCESS, logIndex=1886, commits[1d6da99a-ba9a-4d72-abd2-d0f1aa02f12f:c1887, 9dc27687-2024-46ae-8b6e-c9027bfa400e:c1883, 9c9c57da-14dc-454a-b374-789aa5e765a9:c1882]
2019-09-16 23:34:59,575 [grpc-default-executor-1] INFO  client.GrpcClientProtocolClient (GrpcClientProtocolClient.java:onNext(264)) - client-C79DE3E06697->1d6da99a-ba9a-4d72-abd2-d0f1aa02f12f: receive RaftClientReply:client-C79DE3E06697->1d6da99a-ba9a-4d72-abd2-d0f1aa02f12f@group-B29EE812FB58, cid=1339, SUCCESS, logIndex=1887, commits[1d6da99a-ba9a-4d72-abd2-d0f1aa02f12f:c1887, 9dc27687-2024-46ae-8b6e-c9027bfa400e:c1883, 9c9c57da-14dc-454a-b374-789aa5e765a9:c1883]
2019-09-16 23:34:59,614 [grpc-default-executor-1] INFO  client.GrpcClientProtocolClient (GrpcClientProtocolClient.java:onNext(264)) - client-C79DE3E06697->1d6da99a-ba9a-4d72-abd2-d0f1aa02f12f: receive RaftClientReply:client-C79DE3E06697->1d6da99a-ba9a-4d72-abd2-d0f1aa02f12f@group-B29EE812FB58, cid=1340, SUCCESS, logIndex=1889, commits[1d6da99a-ba9a-4d72-abd2-d0f1aa02f12f:c1889, 9dc27687-2024-46ae-8b6e-c9027bfa400e:c1887, 9c9c57da-14dc-454a-b374-789aa5e765a9:c1887]
2019-09-16 23:34:59,614 [grpc-default-executor-1] INFO  client.GrpcClientProtocolClient (GrpcClientProtocolClient.java:onNext(264)) - client-C79DE3E06697->1d6da99a-ba9a-4d72-abd2-d0f1aa02f12f: receive RaftClientReply:client-C79DE3E06697->1d6da99a-ba9a-4d72-abd2-d0f1aa02f12f@group-B29EE812FB58, cid=1341, SUCCESS, logIndex=1890, commits[1d6da99a-ba9a-4d72-abd2-d0f1aa02f12f:c1890, 9dc27687-2024-46ae-8b6e-c9027bfa400e:c1887, 9c9c57da-14dc-454a-b374-789aa5e765a9:c1887]
2019-09-16 23:34:59,638 [grpc-default-executor-1] INFO  client.GrpcClientProtocolClient (GrpcClientProtocolClient.java:onNext(264)) - client-C79DE3E06697->1d6da99a-ba9a-4d72-abd2-d0f1aa02f12f: receive RaftClientReply:client-C79DE3E06697->1d6da99a-ba9a-4d72-abd2-d0f1aa02f12f@group-B29EE812FB58, cid=1342, SUCCESS, logIndex=0, commits[1d6da99a-ba9a-4d72-abd2-d0f1aa02f12f:c1892, 9dc27687-2024-46ae-8b6e-c9027bfa400e:c1890, 9c9c57da-14dc-454a-b374-789aa5e765a9:c1890]
2019-09-16 23:34:59,801 [grpc-default-executor-6] INFO  client.GrpcClientProtocolClient (GrpcClientProtocolClient.java:onNext(264)) - client-C79DE3E06697->1d6da99a-ba9a-4d72-abd2-d0f1aa02f12f: receive RaftClientReply:client-C79DE3E06697->1d6da99a-ba9a-4d72-abd2-d0f1aa02f12f@group-B29EE812FB58, cid=1343, SUCCESS, logIndex=1893, commits[1d6da99a-ba9a-4d72-abd2-d0f1aa02f12f:c1894, 9dc27687-2024-46ae-8b6e-c9027bfa400e:c1892, 9c9c57da-14dc-454a-b374-789aa5e765a9:c1892]
2019-09-16 23:34:59,802 [grpc-default-executor-6] INFO  client.GrpcClientProtocolClient (GrpcClientProtocolClient.java:onNext(264)) - client-C79DE3E06697->1d6da99a-ba9a-4d72-abd2-d0f1aa02f12f: receive RaftClientReply:client-C79DE3E06697->1d6da99a-ba9a-4d72-abd2-d0f1aa02f12f@group-B29EE812FB58, cid=1344, SUCCESS, logIndex=1894, commits[1d6da99a-ba9a-4d72-abd2-d0f1aa02f12f:c1896, 9dc27687-2024-46ae-8b6e-c9027bfa400e:c1892, 9c9c57da-14dc-454a-b374-789aa5e765a9:c1892]
2019-09-16 23:34:59,802 [grpc-default-executor-6] INFO  client.GrpcClientProtocolClient (GrpcClientProtocolClient.java:onNext(264)) - client-C79DE3E06697->1d6da99a-ba9a-4d72-abd2-d0f1aa02f12f: receive RaftClientReply:client-C79DE3E06697->1d6da99a-ba9a-4d72-abd2-d0f1aa02f12f@group-B29EE812FB58, cid=1345, SUCCESS, logIndex=1895, commits[1d6da99a-ba9a-4d72-abd2-d0f1aa02f12f:c1896, 9dc27687-2024-46ae-8b6e-c9027bfa400e:c1892, 9c9c57da-14dc-454a-b374-789aa5e765a9:c1892]
2019-09-16 23:34:59,802 [grpc-default-executor-6] INFO  client.GrpcClientProtocolClient (GrpcClientProtocolClient.java:onNext(264)) - client-C79DE3E06697->1d6da99a-ba9a-4d72-abd2-d0f1aa02f12f: receive RaftClientReply:client-C79DE3E06697->1d6da99a-ba9a-4d72-abd2-d0f1aa02f12f@group-B29EE812FB58, cid=1346, SUCCESS, logIndex=1896, commits[1d6da99a-ba9a-4d72-abd2-d0f1aa02f12f:c1896, 9dc27687-2024-46ae-8b6e-c9027bfa400e:c1892, 9c9c57da-14dc-454a-b374-789aa5e765a9:c1892]
2019-09-16 23:34:59,804 [grpc-default-executor-7] INFO  client.GrpcClientProtocolClient (GrpcClientProtocolClient.java:onNext(264)) - client-C79DE3E06697->1d6da99a-ba9a-4d72-abd2-d0f1aa02f12f: receive RaftClientReply:client-C79DE3E06697->1d6da99a-ba9a-4d72-abd2-d0f1aa02f12f@group-B29EE812FB58, cid=1347, SUCCESS, logIndex=0, commits[1d6da99a-ba9a-4d72-abd2-d0f1aa02f12f:c1897, 9dc27687-2024-46ae-8b6e-c9027bfa400e:c1894, 9c9c57da-14dc-454a-b374-789aa5e765a9:c1894]
2019-09-16 23:34:59,817 [grpc-default-executor-6] INFO  client.GrpcClientProtocolClient (GrpcClientProtocolClient.java:onNext(264)) - client-C79DE3E06697->1d6da99a-ba9a-4d72-abd2-d0f1aa02f12f: receive RaftClientReply:client-C79DE3E06697->1d6da99a-ba9a-4d72-abd2-d0f1aa02f12f@group-B29EE812FB58, cid=1348, SUCCESS, logIndex=1900, commits[1d6da99a-ba9a-4d72-abd2-d0f1aa02f12f:c1901, 9dc27687-2024-46ae-8b6e-c9027bfa400e:c1897, 9c9c57da-14dc-454a-b374-789aa5e765a9:c1896]
2019-09-16 23:34:59,818 [grpc-default-executor-6] INFO  client.GrpcClientProtocolClient (GrpcClientProtocolClient.java:onNext(264)) - client-C79DE3E06697->1d6da99a-ba9a-4d72-abd2-d0f1aa02f12f: receive RaftClientReply:client-C79DE3E06697->1d6da99a-ba9a-4d72-abd2-d0f1aa02f12f@group-B29EE812FB58, cid=1349, SUCCESS, logIndex=1901, commits[1d6da99a-ba9a-4d72-abd2-d0f1aa02f12f:c1901, 9dc27687-2024-46ae-8b6e-c9027bfa400e:c1897, 9c9c57da-14dc-454a-b374-789aa5e765a9:c1896]
2019-09-16 23:34:59,848 [grpc-default-executor-6] INFO  client.GrpcClientProtocolClient (GrpcClientProtocolClient.java:onNext(264)) - client-C79DE3E06697->1d6da99a-ba9a-4d72-abd2-d0f1aa02f12f: receive RaftClientReply:client-C79DE3E06697->1d6da99a-ba9a-4d72-abd2-d0f1aa02f12f@group-B29EE812FB58, cid=1350, SUCCESS, logIndex=1904, commits[1d6da99a-ba9a-4d72-abd2-d0f1aa02f12f:c1905, 9dc27687-2024-46ae-8b6e-c9027bfa400e:c1903, 9c9c57da-14dc-454a-b374-789aa5e765a9:c1903]
2019-09-16 23:34:59,848 [grpc-default-executor-6] INFO  client.GrpcClientProtocolClient (GrpcClientProtocolClient.java:onNext(264)) - client-C79DE3E06697->1d6da99a-ba9a-4d72-abd2-d0f1aa02f12f: receive RaftClientReply:client-C79DE3E06697->1d6da99a-ba9a-4d72-abd2-d0f1aa02f12f@group-B29EE812FB58, cid=1351, SUCCESS, logIndex=1905, commits[1d6da99a-ba9a-4d72-abd2-d0f1aa02f12f:c1905, 9dc27687-2024-46ae-8b6e-c9027bfa400e:c1903, 9c9c57da-14dc-454a-b374-789aa5e765a9:c1903]
2019-09-16 23:34:59,877 [grpc-default-executor-6] INFO  client.GrpcClientProtocolClient (GrpcClientProtocolClient.java:onNext(264)) - client-C79DE3E06697->1d6da99a-ba9a-4d72-abd2-d0f1aa02f12f: receive RaftClientReply:client-C79DE3E06697->1d6da99a-ba9a-4d72-abd2-d0f1aa02f12f@group-B29EE812FB58, cid=1352, SUCCESS, logIndex=0, commits[1d6da99a-ba9a-4d72-abd2-d0f1aa02f12f:c1906, 9dc27687-2024-46ae-8b6e-c9027bfa400e:c1905, 9c9c57da-14dc-454a-b374-789aa5e765a9:c1905]
2019-09-16 23:34:59,990 [grpc-default-executor-6] INFO  client.GrpcClientProtocolClient (GrpcClientProtocolClient.java:onNext(264)) - client-C79DE3E06697->1d6da99a-ba9a-4d72-abd2-d0f1aa02f12f: receive RaftClientReply:client-C79DE3E06697->1d6da99a-ba9a-4d72-abd2-d0f1aa02f12f@group-B29EE812FB58, cid=1353, SUCCESS, logIndex=1908, commits[1d6da99a-ba9a-4d72-abd2-d0f1aa02f12f:c1911, 9dc27687-2024-46ae-8b6e-c9027bfa400e:c1907, 9c9c57da-14dc-454a-b374-789aa5e765a9:c1907]
2019-09-16 23:34:59,991 [grpc-default-executor-6] INFO  client.GrpcClientProtocolClient (GrpcClientProtocolClient.java:onNext(264)) - client-C79DE3E06697->1d6da99a-ba9a-4d72-abd2-d0f1aa02f12f: receive RaftClientReply:client-C79DE3E06697->1d6da99a-ba9a-4d72-abd2-d0f1aa02f12f@group-B29EE812FB58, cid=1354, SUCCESS, logIndex=1909, commits[1d6da99a-ba9a-4d72-abd2-d0f1aa02f12f:c1911, 9dc27687-2024-46ae-8b6e-c9027bfa400e:c1907, 9c9c57da-14dc-454a-b374-789aa5e765a9:c1907]
2019-09-16 23:34:59,991 [grpc-default-executor-6] INFO  client.GrpcClientProtocolClient (GrpcClientProtocolClient.java:onNext(264)) - client-C79DE3E06697->1d6da99a-ba9a-4d72-abd2-d0f1aa02f12f: receive RaftClientReply:client-C79DE3E06697->1d6da99a-ba9a-4d72-abd2-d0f1aa02f12f@group-B29EE812FB58, cid=1355, SUCCESS, logIndex=1910, commits[1d6da99a-ba9a-4d72-abd2-d0f1aa02f12f:c1911, 9dc27687-2024-46ae-8b6e-c9027bfa400e:c1907, 9c9c57da-14dc-454a-b374-789aa5e765a9:c1907]
2019-09-16 23:34:59,991 [grpc-default-executor-6] INFO  client.GrpcClientProtocolClient (GrpcClientProtocolClient.java:onNext(264)) - client-C79DE3E06697->1d6da99a-ba9a-4d72-abd2-d0f1aa02f12f: receive RaftClientReply:client-C79DE3E06697->1d6da99a-ba9a-4d72-abd2-d0f1aa02f12f@group-B29EE812FB58, cid=1356, SUCCESS, logIndex=1911, commits[1d6da99a-ba9a-4d72-abd2-d0f1aa02f12f:c1911, 9dc27687-2024-46ae-8b6e-c9027bfa400e:c1907, 9c9c57da-14dc-454a-b374-789aa5e765a9:c1907]
2019-09-16 23:35:00,004 [grpc-default-executor-6] INFO  client.GrpcClientProtocolClient (GrpcClientProtocolClient.java:onNext(264)) - client-C79DE3E06697->1d6da99a-ba9a-4d72-abd2-d0f1aa02f12f: receive RaftClientReply:client-C79DE3E06697->1d6da99a-ba9a-4d72-abd2-d0f1aa02f12f@group-B29EE812FB58, cid=1357, SUCCESS, logIndex=0, commits[1d6da99a-ba9a-4d72-abd2-d0f1aa02f12f:c1915, 9dc27687-2024-46ae-8b6e-c9027bfa400e:c1911, 9c9c57da-14dc-454a-b374-789aa5e765a9:c1911]
2019-09-16 23:35:00,031 [grpc-default-executor-7] INFO  client.GrpcClientProtocolClient (GrpcClientProtocolClient.java:onNext(264)) - client-C79DE3E06697->1d6da99a-ba9a-4d72-abd2-d0f1aa02f12f: receive RaftClientReply:client-C79DE3E06697->1d6da99a-ba9a-4d72-abd2-d0f1aa02f12f@group-B29EE812FB58, cid=1358, SUCCESS, logIndex=1916, commits[1d6da99a-ba9a-4d72-abd2-d0f1aa02f12f:c1917, 9dc27687-2024-46ae-8b6e-c9027bfa400e:c1911, 9c9c57da-14dc-454a-b374-789aa5e765a9:c1915]
2019-09-16 23:35:00,031 [grpc-default-executor-7] INFO  client.GrpcClientProtocolClient (GrpcClientProtocolClient.java:onNext(264)) - client-C79DE3E06697->1d6da99a-ba9a-4d72-abd2-d0f1aa02f12f: receive RaftClientReply:client-C79DE3E06697->1d6da99a-ba9a-4d72-abd2-d0f1aa02f12f@group-B29EE812FB58, cid=1359, SUCCESS, logIndex=1917, commits[1d6da99a-ba9a-4d72-abd2-d0f1aa02f12f:c1917, 9dc27687-2024-46ae-8b6e-c9027bfa400e:c1915, 9c9c57da-14dc-454a-b374-789aa5e765a9:c1915]
2019-09-16 23:35:00,047 [grpc-default-executor-7] INFO  client.GrpcClientProtocolClient (GrpcClientProtocolClient.java:onNext(264)) - client-C79DE3E06697->1d6da99a-ba9a-4d72-abd2-d0f1aa02f12f: receive RaftClientReply:client-C79DE3E06697->1d6da99a-ba9a-4d72-abd2-d0f1aa02f12f@group-B29EE812FB58, cid=1360, SUCCESS, logIndex=1919, commits[1d6da99a-ba9a-4d72-abd2-d0f1aa02f12f:c1920, 9dc27687-2024-46ae-8b6e-c9027bfa400e:c1917, 9c9c57da-14dc-454a-b374-789aa5e765a9:c1917]
2019-09-16 23:35:00,047 [grpc-default-executor-7] INFO  client.GrpcClientProtocolClient (GrpcClientProtocolClient.java:onNext(264)) - client-C79DE3E06697->1d6da99a-ba9a-4d72-abd2-d0f1aa02f12f: receive RaftClientReply:client-C79DE3E06697->1d6da99a-ba9a-4d72-abd2-d0f1aa02f12f@group-B29EE812FB58, cid=1361, SUCCESS, logIndex=1920, commits[1d6da99a-ba9a-4d72-abd2-d0f1aa02f12f:c1920, 9dc27687-2024-46ae-8b6e-c9027bfa400e:c1917, 9c9c57da-14dc-454a-b374-789aa5e765a9:c1917]
2019-09-16 23:35:00,057 [grpc-default-executor-7] INFO  client.GrpcClientProtocolClient (GrpcClientProtocolClient.java:onNext(264)) - client-C79DE3E06697->1d6da99a-ba9a-4d72-abd2-d0f1aa02f12f: receive RaftClientReply:client-C79DE3E06697->1d6da99a-ba9a-4d72-abd2-d0f1aa02f12f@group-B29EE812FB58, cid=1362, SUCCESS, logIndex=0, commits[1d6da99a-ba9a-4d72-abd2-d0f1aa02f12f:c1921, 9dc27687-2024-46ae-8b6e-c9027bfa400e:c1920, 9c9c57da-14dc-454a-b374-789aa5e765a9:c1920]
2019-09-16 23:35:00,084 [grpc-default-executor-7] INFO  client.GrpcClientProtocolClient (GrpcClientProtocolClient.java:onNext(264)) - client-C79DE3E06697->1d6da99a-ba9a-4d72-abd2-d0f1aa02f12f: receive RaftClientReply:client-C79DE3E06697->1d6da99a-ba9a-4d72-abd2-d0f1aa02f12f@group-B29EE812FB58, cid=1363, SUCCESS, logIndex=1923, commits[1d6da99a-ba9a-4d72-abd2-d0f1aa02f12f:c1924, 9dc27687-2024-46ae-8b6e-c9027bfa400e:c1922, 9c9c57da-14dc-454a-b374-789aa5e765a9:c1922]
2019-09-16 23:35:00,084 [grpc-default-executor-7] INFO  client.GrpcClientProtocolClient (GrpcClientProtocolClient.java:onNext(264)) - client-C79DE3E06697->1d6da99a-ba9a-4d72-abd2-d0f1aa02f12f: receive RaftClientReply:client-C79DE3E06697->1d6da99a-ba9a-4d72-abd2-d0f1aa02f12f@group-B29EE812FB58, cid=1364, SUCCESS, logIndex=1924, commits[1d6da99a-ba9a-4d72-abd2-d0f1aa02f12f:c1924, 9dc27687-2024-46ae-8b6e-c9027bfa400e:c1922, 9c9c57da-14dc-454a-b374-789aa5e765a9:c1922]
2019-09-16 23:35:00,086 [grpc-default-executor-1] INFO  client.GrpcClientProtocolClient (GrpcClientProtocolClient.java:onNext(264)) - client-C79DE3E06697->1d6da99a-ba9a-4d72-abd2-d0f1aa02f12f: receive RaftClientReply:client-C79DE3E06697->1d6da99a-ba9a-4d72-abd2-d0f1aa02f12f@group-B29EE812FB58, cid=1365, SUCCESS, logIndex=1925, commits[1d6da99a-ba9a-4d72-abd2-d0f1aa02f12f:c1925, 9dc27687-2024-46ae-8b6e-c9027bfa400e:c1922, 9c9c57da-14dc-454a-b374-789aa5e765a9:c1922]
2019-09-16 23:35:00,086 [grpc-default-executor-1] INFO  client.GrpcClientProtocolClient (GrpcClientProtocolClient.java:onNext(264)) - client-C79DE3E06697->1d6da99a-ba9a-4d72-abd2-d0f1aa02f12f: receive RaftClientReply:client-C79DE3E06697->1d6da99a-ba9a-4d72-abd2-d0f1aa02f12f@group-B29EE812FB58, cid=1366, SUCCESS, logIndex=1926, commits[1d6da99a-ba9a-4d72-abd2-d0f1aa02f12f:c1926, 9dc27687-2024-46ae-8b6e-c9027bfa400e:c1922, 9c9c57da-14dc-454a-b374-789aa5e765a9:c1922]
2019-09-16 23:35:00,099 [grpc-default-executor-7] INFO  client.GrpcClientProtocolClient (GrpcClientProtocolClient.java:onNext(264)) - client-C79DE3E06697->1d6da99a-ba9a-4d72-abd2-d0f1aa02f12f: receive RaftClientReply:client-C79DE3E06697->1d6da99a-ba9a-4d72-abd2-d0f1aa02f12f@group-B29EE812FB58, cid=1367, SUCCESS, logIndex=0, commits[1d6da99a-ba9a-4d72-abd2-d0f1aa02f12f:c1927, 9dc27687-2024-46ae-8b6e-c9027bfa400e:c1924, 9c9c57da-14dc-454a-b374-789aa5e765a9:c1924]
2019-09-16 23:35:00,113 [grpc-default-executor-7] INFO  client.GrpcClientProtocolClient (GrpcClientProtocolClient.java:onNext(264)) - client-C79DE3E06697->1d6da99a-ba9a-4d72-abd2-d0f1aa02f12f: receive RaftClientReply:client-C79DE3E06697->1d6da99a-ba9a-4d72-abd2-d0f1aa02f12f@group-B29EE812FB58, cid=1368, SUCCESS, logIndex=1931, commits[1d6da99a-ba9a-4d72-abd2-d0f1aa02f12f:c1932, 9dc27687-2024-46ae-8b6e-c9027bfa400e:c1927, 9c9c57da-14dc-454a-b374-789aa5e765a9:c1927]
2019-09-16 23:35:00,114 [grpc-default-executor-7] INFO  client.GrpcClientProtocolClient (GrpcClientProtocolClient.java:onNext(264)) - client-C79DE3E06697->1d6da99a-ba9a-4d72-abd2-d0f1aa02f12f: receive RaftClientReply:client-C79DE3E06697->1d6da99a-ba9a-4d72-abd2-d0f1aa02f12f@group-B29EE812FB58, cid=1369, SUCCESS, logIndex=1932, commits[1d6da99a-ba9a-4d72-abd2-d0f1aa02f12f:c1932, 9dc27687-2024-46ae-8b6e-c9027bfa400e:c1927, 9c9c57da-14dc-454a-b374-789aa5e765a9:c1927]
2019-09-16 23:35:00,123 [grpc-default-executor-7] INFO  client.GrpcClientProtocolClient (GrpcClientProtocolClient.java:onNext(264)) - client-C79DE3E06697->1d6da99a-ba9a-4d72-abd2-d0f1aa02f12f: receive RaftClientReply:client-C79DE3E06697->1d6da99a-ba9a-4d72-abd2-d0f1aa02f12f@group-B29EE812FB58, cid=1370, SUCCESS, logIndex=1935, commits[1d6da99a-ba9a-4d72-abd2-d0f1aa02f12f:c1936, 9dc27687-2024-46ae-8b6e-c9027bfa400e:c1932, 9c9c57da-14dc-454a-b374-789aa5e765a9:c1932]
2019-09-16 23:35:00,123 [grpc-default-executor-7] INFO  client.GrpcClientProtocolClient (GrpcClientProtocolClient.java:onNext(264)) - client-C79DE3E06697->1d6da99a-ba9a-4d72-abd2-d0f1aa02f12f: receive RaftClientReply:client-C79DE3E06697->1d6da99a-ba9a-4d72-abd2-d0f1aa02f12f@group-B29EE812FB58, cid=1371, SUCCESS, logIndex=1936, commits[1d6da99a-ba9a-4d72-abd2-d0f1aa02f12f:c1936, 9dc27687-2024-46ae-8b6e-c9027bfa400e:c1932, 9c9c57da-14dc-454a-b374-789aa5e765a9:c1932]
2019-09-16 23:35:00,126 [grpc-default-executor-1] INFO  client.GrpcClientProtocolClient (GrpcClientProtocolClient.java:onNext(264)) - client-C79DE3E06697->1d6da99a-ba9a-4d72-abd2-d0f1aa02f12f: receive RaftClientReply:client-C79DE3E06697->1d6da99a-ba9a-4d72-abd2-d0f1aa02f12f@group-B29EE812FB58, cid=1372, SUCCESS, logIndex=0, commits[1d6da99a-ba9a-4d72-abd2-d0f1aa02f12f:c1938, 9dc27687-2024-46ae-8b6e-c9027bfa400e:c1936, 9c9c57da-14dc-454a-b374-789aa5e765a9:c1936]
2019-09-16 23:35:00,146 [grpc-default-executor-7] INFO  client.GrpcClientProtocolClient (GrpcClientProtocolClient.java:onNext(264)) - client-C79DE3E06697->1d6da99a-ba9a-4d72-abd2-d0f1aa02f12f: receive RaftClientReply:client-C79DE3E06697->1d6da99a-ba9a-4d72-abd2-d0f1aa02f12f@group-B29EE812FB58, cid=1373, SUCCESS, logIndex=1939, commits[1d6da99a-ba9a-4d72-abd2-d0f1aa02f12f:c1940, 9dc27687-2024-46ae-8b6e-c9027bfa400e:c1938, 9c9c57da-14dc-454a-b374-789aa5e765a9:c1938]
2019-09-16 23:35:00,146 [grpc-default-executor-7] INFO  client.GrpcClientProtocolClient (GrpcClientProtocolClient.java:onNext(264)) - client-C79DE3E06697->1d6da99a-ba9a-4d72-abd2-d0f1aa02f12f: receive RaftClientReply:client-C79DE3E06697->1d6da99a-ba9a-4d72-abd2-d0f1aa02f12f@group-B29EE812FB58, cid=1374, SUCCESS, logIndex=1940, commits[1d6da99a-ba9a-4d72-abd2-d0f1aa02f12f:c1942, 9dc27687-2024-46ae-8b6e-c9027bfa400e:c1938, 9c9c57da-14dc-454a-b374-789aa5e765a9:c1938]
2019-09-16 23:35:00,146 [grpc-default-executor-7] INFO  client.GrpcClientProtocolClient (GrpcClientProtocolClient.java:onNext(264)) - client-C79DE3E06697->1d6da99a-ba9a-4d72-abd2-d0f1aa02f12f: receive RaftClientReply:client-C79DE3E06697->1d6da99a-ba9a-4d72-abd2-d0f1aa02f12f@group-B29EE812FB58, cid=1375, SUCCESS, logIndex=1941, commits[1d6da99a-ba9a-4d72-abd2-d0f1aa02f12f:c1942, 9dc27687-2024-46ae-8b6e-c9027bfa400e:c1938, 9c9c57da-14dc-454a-b374-789aa5e765a9:c1938]
2019-09-16 23:35:00,147 [grpc-default-executor-7] INFO  client.GrpcClientProtocolClient (GrpcClientProtocolClient.java:onNext(264)) - client-C79DE3E06697->1d6da99a-ba9a-4d72-abd2-d0f1aa02f12f: receive RaftClientReply:client-C79DE3E06697->1d6da99a-ba9a-4d72-abd2-d0f1aa02f12f@group-B29EE812FB58, cid=1376, SUCCESS, logIndex=1942, commits[1d6da99a-ba9a-4d72-abd2-d0f1aa02f12f:c1942, 9dc27687-2024-46ae-8b6e-c9027bfa400e:c1938, 9c9c57da-14dc-454a-b374-789aa5e765a9:c1938]
2019-09-16 23:35:00,157 [grpc-default-executor-1] INFO  client.GrpcClientProtocolClient (GrpcClientProtocolClient.java:onNext(264)) - client-C79DE3E06697->1d6da99a-ba9a-4d72-abd2-d0f1aa02f12f: receive RaftClientReply:client-C79DE3E06697->1d6da99a-ba9a-4d72-abd2-d0f1aa02f12f@group-B29EE812FB58, cid=1377, SUCCESS, logIndex=0, commits[1d6da99a-ba9a-4d72-abd2-d0f1aa02f12f:c1943, 9dc27687-2024-46ae-8b6e-c9027bfa400e:c1940, 9c9c57da-14dc-454a-b374-789aa5e765a9:c1940]
2019-09-16 23:35:00,168 [grpc-default-executor-7] INFO  client.GrpcClientProtocolClient (GrpcClientProtocolClient.java:onNext(264)) - client-C79DE3E06697->1d6da99a-ba9a-4d72-abd2-d0f1aa02f12f: receive RaftClientReply:client-C79DE3E06697->1d6da99a-ba9a-4d72-abd2-d0f1aa02f12f@group-B29EE812FB58, cid=1378, SUCCESS, logIndex=1946, commits[1d6da99a-ba9a-4d72-abd2-d0f1aa02f12f:c1947, 9dc27687-2024-46ae-8b6e-c9027bfa400e:c1945, 9c9c57da-14dc-454a-b374-789aa5e765a9:c1945]
2019-09-16 23:35:00,169 [grpc-default-executor-7] INFO  client.GrpcClientProtocolClient (GrpcClientProtocolClient.java:onNext(264)) - client-C79DE3E06697->1d6da99a-ba9a-4d72-abd2-d0f1aa02f12f: receive RaftClientReply:client-C79DE3E06697->1d6da99a-ba9a-4d72-abd2-d0f1aa02f12f@group-B29EE812FB58, cid=1379, SUCCESS, logIndex=1947, commits[1d6da99a-ba9a-4d72-abd2-d0f1aa02f12f:c1947, 9dc27687-2024-46ae-8b6e-c9027bfa400e:c1945, 9c9c57da-14dc-454a-b374-789aa5e765a9:c1945]
2019-09-16 23:35:00,182 [grpc-default-executor-7] INFO  client.GrpcClientProtocolClient (GrpcClientProtocolClient.java:onNext(264)) - client-C79DE3E06697->1d6da99a-ba9a-4d72-abd2-d0f1aa02f12f: receive RaftClientReply:client-C79DE3E06697->1d6da99a-ba9a-4d72-abd2-d0f1aa02f12f@group-B29EE812FB58, cid=1380, SUCCESS, logIndex=1950, commits[1d6da99a-ba9a-4d72-abd2-d0f1aa02f12f:c1950, 9dc27687-2024-46ae-8b6e-c9027bfa400e:c1947, 9c9c57da-14dc-454a-b374-789aa5e765a9:c1947]
2019-09-16 23:35:00,182 [grpc-default-executor-7] INFO  client.GrpcClientProtocolClient (GrpcClientProtocolClient.java:onNext(264)) - client-C79DE3E06697->1d6da99a-ba9a-4d72-abd2-d0f1aa02f12f: receive RaftClientReply:client-C79DE3E06697->1d6da99a-ba9a-4d72-abd2-d0f1aa02f12f@group-B29EE812FB58, cid=1381, SUCCESS, logIndex=1951, commits[1d6da99a-ba9a-4d72-abd2-d0f1aa02f12f:c1951, 9dc27687-2024-46ae-8b6e-c9027bfa400e:c1947, 9c9c57da-14dc-454a-b374-789aa5e765a9:c1947]
2019-09-16 23:35:00,196 [grpc-default-executor-7] INFO  client.GrpcClientProtocolClient (GrpcClientProtocolClient.java:onNext(264)) - client-C79DE3E06697->1d6da99a-ba9a-4d72-abd2-d0f1aa02f12f: receive RaftClientReply:client-C79DE3E06697->1d6da99a-ba9a-4d72-abd2-d0f1aa02f12f@group-B29EE812FB58, cid=1382, SUCCESS, logIndex=0, commits[1d6da99a-ba9a-4d72-abd2-d0f1aa02f12f:c1953, 9dc27687-2024-46ae-8b6e-c9027bfa400e:c1951, 9c9c57da-14dc-454a-b374-789aa5e765a9:c1951]
2019-09-16 23:35:00,218 [grpc-default-executor-1] INFO  client.GrpcClientProtocolClient (GrpcClientProtocolClient.java:onNext(264)) - client-C79DE3E06697->1d6da99a-ba9a-4d72-abd2-d0f1aa02f12f: receive RaftClientReply:client-C79DE3E06697->1d6da99a-ba9a-4d72-abd2-d0f1aa02f12f@group-B29EE812FB58, cid=1383, SUCCESS, logIndex=1954, commits[1d6da99a-ba9a-4d72-abd2-d0f1aa02f12f:c1955, 9dc27687-2024-46ae-8b6e-c9027bfa400e:c1951, 9c9c57da-14dc-454a-b374-789aa5e765a9:c1953]
2019-09-16 23:35:00,218 [grpc-default-executor-1] INFO  client.GrpcClientProtocolClient (GrpcClientProtocolClient.java:onNext(264)) - client-C79DE3E06697->1d6da99a-ba9a-4d72-abd2-d0f1aa02f12f: receive RaftClientReply:client-C79DE3E06697->1d6da99a-ba9a-4d72-abd2-d0f1aa02f12f@group-B29EE812FB58, cid=1384, SUCCESS, logIndex=1955, commits[1d6da99a-ba9a-4d72-abd2-d0f1aa02f12f:c1955, 9dc27687-2024-46ae-8b6e-c9027bfa400e:c1953, 9c9c57da-14dc-454a-b374-789aa5e765a9:c1953]
2019-09-16 23:35:00,218 [grpc-default-executor-1] INFO  client.GrpcClientProtocolClient (GrpcClientProtocolClient.java:onNext(264)) - client-C79DE3E06697->1d6da99a-ba9a-4d72-abd2-d0f1aa02f12f: receive RaftClientReply:client-C79DE3E06697->1d6da99a-ba9a-4d72-abd2-d0f1aa02f12f@group-B29EE812FB58, cid=1385, SUCCESS, logIndex=1956, commits[1d6da99a-ba9a-4d72-abd2-d0f1aa02f12f:c1957, 9dc27687-2024-46ae-8b6e-c9027bfa400e:c1953, 9c9c57da-14dc-454a-b374-789aa5e765a9:c1953]
2019-09-16 23:35:00,219 [grpc-default-executor-1] INFO  client.GrpcClientProtocolClient (GrpcClientProtocolClient.java:onNext(264)) - client-C79DE3E06697->1d6da99a-ba9a-4d72-abd2-d0f1aa02f12f: receive RaftClientReply:client-C79DE3E06697->1d6da99a-ba9a-4d72-abd2-d0f1aa02f12f@group-B29EE812FB58, cid=1386, SUCCESS, logIndex=1957, commits[1d6da99a-ba9a-4d72-abd2-d0f1aa02f12f:c1957, 9dc27687-2024-46ae-8b6e-c9027bfa400e:c1953, 9c9c57da-14dc-454a-b374-789aa5e765a9:c1953]
2019-09-16 23:35:00,220 [grpc-default-executor-6] INFO  client.GrpcClientProtocolClient (GrpcClientProtocolClient.java:onNext(264)) - client-C79DE3E06697->1d6da99a-ba9a-4d72-abd2-d0f1aa02f12f: receive RaftClientReply:client-C79DE3E06697->1d6da99a-ba9a-4d72-abd2-d0f1aa02f12f@group-B29EE812FB58, cid=1387, SUCCESS, logIndex=0, commits[1d6da99a-ba9a-4d72-abd2-d0f1aa02f12f:c1958, 9dc27687-2024-46ae-8b6e-c9027bfa400e:c1955, 9c9c57da-14dc-454a-b374-789aa5e765a9:c1955]
2019-09-16 23:35:00,235 [grpc-default-executor-1] INFO  client.GrpcClientProtocolClient (GrpcClientProtocolClient.java:onNext(264)) - client-C79DE3E06697->1d6da99a-ba9a-4d72-abd2-d0f1aa02f12f: receive RaftClientReply:client-C79DE3E06697->1d6da99a-ba9a-4d72-abd2-d0f1aa02f12f@group-B29EE812FB58, cid=1388, SUCCESS, logIndex=1961, commits[1d6da99a-ba9a-4d72-abd2-d0f1aa02f12f:c1962, 9dc27687-2024-46ae-8b6e-c9027bfa400e:c1958, 9c9c57da-14dc-454a-b374-789aa5e765a9:c1958]
2019-09-16 23:35:00,235 [grpc-default-executor-1] INFO  client.GrpcClientProtocolClient (GrpcClientProtocolClient.java:onNext(264)) - client-C79DE3E06697->1d6da99a-ba9a-4d72-abd2-d0f1aa02f12f: receive RaftClientReply:client-C79DE3E06697->1d6da99a-ba9a-4d72-abd2-d0f1aa02f12f@group-B29EE812FB58, cid=1389, SUCCESS, logIndex=1962, commits[1d6da99a-ba9a-4d72-abd2-d0f1aa02f12f:c1962, 9dc27687-2024-46ae-8b6e-c9027bfa400e:c1958, 9c9c57da-14dc-454a-b374-789aa5e765a9:c1958]
2019-09-16 23:35:00,266 [grpc-default-executor-7] INFO  client.GrpcClientProtocolClient (GrpcClientProtocolClient.java:onNext(264)) - client-C79DE3E06697->1d6da99a-ba9a-4d72-abd2-d0f1aa02f12f: receive RaftClientReply:client-C79DE3E06697->1d6da99a-ba9a-4d72-abd2-d0f1aa02f12f@group-B29EE812FB58, cid=1390, SUCCESS, logIndex=1965, commits[1d6da99a-ba9a-4d72-abd2-d0f1aa02f12f:c1966, 9dc27687-2024-46ae-8b6e-c9027bfa400e:c1962, 9c9c57da-14dc-454a-b374-789aa5e765a9:c1961]
2019-09-16 23:35:00,266 [grpc-default-executor-7] INFO  client.GrpcClientProtocolClient (GrpcClientProtocolClient.java:onNext(264)) - client-C79DE3E06697->1d6da99a-ba9a-4d72-abd2-d0f1aa02f12f: receive RaftClientReply:client-C79DE3E06697->1d6da99a-ba9a-4d72-abd2-d0f1aa02f12f@group-B29EE812FB58, cid=1391, SUCCESS, logIndex=1966, commits[1d6da99a-ba9a-4d72-abd2-d0f1aa02f12f:c1966, 9dc27687-2024-46ae-8b6e-c9027bfa400e:c1962, 9c9c57da-14dc-454a-b374-789aa5e765a9:c1962]
2019-09-16 23:35:00,267 [grpc-default-executor-6] INFO  client.GrpcClientProtocolClient (GrpcClientProtocolClient.java:onNext(264)) - client-C79DE3E06697->1d6da99a-ba9a-4d72-abd2-d0f1aa02f12f: receive RaftClientReply:client-C79DE3E06697->1d6da99a-ba9a-4d72-abd2-d0f1aa02f12f@group-B29EE812FB58, cid=1392, SUCCESS, logIndex=0, commits[1d6da99a-ba9a-4d72-abd2-d0f1aa02f12f:c1966, 9dc27687-2024-46ae-8b6e-c9027bfa400e:c1966, 9c9c57da-14dc-454a-b374-789aa5e765a9:c1966]
2019-09-16 23:35:00,289 [grpc-default-executor-1] INFO  client.GrpcClientProtocolClient (GrpcClientProtocolClient.java:onNext(264)) - client-C79DE3E06697->1d6da99a-ba9a-4d72-abd2-d0f1aa02f12f: receive RaftClientReply:client-C79DE3E06697->1d6da99a-ba9a-4d72-abd2-d0f1aa02f12f@group-B29EE812FB58, cid=1393, SUCCESS, logIndex=1969, commits[1d6da99a-ba9a-4d72-abd2-d0f1aa02f12f:c1971, 9dc27687-2024-46ae-8b6e-c9027bfa400e:c1968, 9c9c57da-14dc-454a-b374-789aa5e765a9:c1968]
2019-09-16 23:35:00,289 [grpc-default-executor-1] INFO  client.GrpcClientProtocolClient (GrpcClientProtocolClient.java:onNext(264)) - client-C79DE3E06697->1d6da99a-ba9a-4d72-abd2-d0f1aa02f12f: receive RaftClientReply:client-C79DE3E06697->1d6da99a-ba9a-4d72-abd2-d0f1aa02f12f@group-B29EE812FB58, cid=1394, SUCCESS, logIndex=1970, commits[1d6da99a-ba9a-4d72-abd2-d0f1aa02f12f:c1972, 9dc27687-2024-46ae-8b6e-c9027bfa400e:c1968, 9c9c57da-14dc-454a-b374-789aa5e765a9:c1968]
2019-09-16 23:35:00,290 [grpc-default-executor-1] INFO  client.GrpcClientProtocolClient (GrpcClientProtocolClient.java:onNext(264)) - client-C79DE3E06697->1d6da99a-ba9a-4d72-abd2-d0f1aa02f12f: receive RaftClientReply:client-C79DE3E06697->1d6da99a-ba9a-4d72-abd2-d0f1aa02f12f@group-B29EE812FB58, cid=1395, SUCCESS, logIndex=1971, commits[1d6da99a-ba9a-4d72-abd2-d0f1aa02f12f:c1972, 9dc27687-2024-46ae-8b6e-c9027bfa400e:c1968, 9c9c57da-14dc-454a-b374-789aa5e765a9:c1968]
2019-09-16 23:35:00,290 [grpc-default-executor-1] INFO  client.GrpcClientProtocolClient (GrpcClientProtocolClient.java:onNext(264)) - client-C79DE3E06697->1d6da99a-ba9a-4d72-abd2-d0f1aa02f12f: receive RaftClientReply:client-C79DE3E06697->1d6da99a-ba9a-4d72-abd2-d0f1aa02f12f@group-B29EE812FB58, cid=1396, SUCCESS, logIndex=1972, commits[1d6da99a-ba9a-4d72-abd2-d0f1aa02f12f:c1972, 9dc27687-2024-46ae-8b6e-c9027bfa400e:c1968, 9c9c57da-14dc-454a-b374-789aa5e765a9:c1968]
2019-09-16 23:35:00,304 [grpc-default-executor-1] INFO  client.GrpcClientProtocolClient (GrpcClientProtocolClient.java:onNext(264)) - client-C79DE3E06697->1d6da99a-ba9a-4d72-abd2-d0f1aa02f12f: receive RaftClientReply:client-C79DE3E06697->1d6da99a-ba9a-4d72-abd2-d0f1aa02f12f@group-B29EE812FB58, cid=1397, SUCCESS, logIndex=0, commits[1d6da99a-ba9a-4d72-abd2-d0f1aa02f12f:c1973, 9dc27687-2024-46ae-8b6e-c9027bfa400e:c1970, 9c9c57da-14dc-454a-b374-789aa5e765a9:c1970]
2019-09-16 23:35:00,317 [grpc-default-executor-7] INFO  client.GrpcClientProtocolClient (GrpcClientProtocolClient.java:onNext(264)) - client-C79DE3E06697->1d6da99a-ba9a-4d72-abd2-d0f1aa02f12f: receive RaftClientReply:client-C79DE3E06697->1d6da99a-ba9a-4d72-abd2-d0f1aa02f12f@group-B29EE812FB58, cid=1398, SUCCESS, logIndex=1977, commits[1d6da99a-ba9a-4d72-abd2-d0f1aa02f12f:c1978, 9dc27687-2024-46ae-8b6e-c9027bfa400e:c1973, 9c9c57da-14dc-454a-b374-789aa5e765a9:c1972]
2019-09-16 23:35:00,317 [grpc-default-executor-7] INFO  client.GrpcClientProtocolClient (GrpcClientProtocolClient.java:onNext(264)) - client-C79DE3E06697->1d6da99a-ba9a-4d72-abd2-d0f1aa02f12f: receive RaftClientReply:client-C79DE3E06697->1d6da99a-ba9a-4d72-abd2-d0f1aa02f12f@group-B29EE812FB58, cid=1399, SUCCESS, logIndex=1978, commits[1d6da99a-ba9a-4d72-abd2-d0f1aa02f12f:c1978, 9dc27687-2024-46ae-8b6e-c9027bfa400e:c1973, 9c9c57da-14dc-454a-b374-789aa5e765a9:c1973]
2019-09-16 23:35:00,333 [grpc-default-executor-6] INFO  client.GrpcClientProtocolClient (GrpcClientProtocolClient.java:onNext(264)) - client-C79DE3E06697->1d6da99a-ba9a-4d72-abd2-d0f1aa02f12f: receive RaftClientReply:client-C79DE3E06697->1d6da99a-ba9a-4d72-abd2-d0f1aa02f12f@group-B29EE812FB58, cid=1400, SUCCESS, logIndex=1981, commits[1d6da99a-ba9a-4d72-abd2-d0f1aa02f12f:c1982, 9dc27687-2024-46ae-8b6e-c9027bfa400e:c1978, 9c9c57da-14dc-454a-b374-789aa5e765a9:c1979]
2019-09-16 23:35:00,333 [grpc-default-executor-1] INFO  client.GrpcClientProtocolClient (GrpcClientProtocolClient.java:onNext(264)) - client-C79DE3E06697->1d6da99a-ba9a-4d72-abd2-d0f1aa02f12f: receive RaftClientReply:client-C79DE3E06697->1d6da99a-ba9a-4d72-abd2-d0f1aa02f12f@group-B29EE812FB58, cid=1401, SUCCESS, logIndex=1982, commits[1d6da99a-ba9a-4d72-abd2-d0f1aa02f12f:c1982, 9dc27687-2024-46ae-8b6e-c9027bfa400e:c1979, 9c9c57da-14dc-454a-b374-789aa5e765a9:c1979]
2019-09-16 23:35:00,336 [grpc-default-executor-1] INFO  client.GrpcClientProtocolClient (GrpcClientProtocolClient.java:onNext(264)) - client-C79DE3E06697->1d6da99a-ba9a-4d72-abd2-d0f1aa02f12f: receive RaftClientReply:client-C79DE3E06697->1d6da99a-ba9a-4d72-abd2-d0f1aa02f12f@group-B29EE812FB58, cid=1402, SUCCESS, logIndex=0, commits[1d6da99a-ba9a-4d72-abd2-d0f1aa02f12f:c1983, 9dc27687-2024-46ae-8b6e-c9027bfa400e:c1982, 9c9c57da-14dc-454a-b374-789aa5e765a9:c1982]
2019-09-16 23:35:00,356 [grpc-default-executor-1] INFO  client.GrpcClientProtocolClient (GrpcClientProtocolClient.java:onNext(264)) - client-C79DE3E06697->1d6da99a-ba9a-4d72-abd2-d0f1aa02f12f: receive RaftClientReply:client-C79DE3E06697->1d6da99a-ba9a-4d72-abd2-d0f1aa02f12f@group-B29EE812FB58, cid=1403, SUCCESS, logIndex=1985, commits[1d6da99a-ba9a-4d72-abd2-d0f1aa02f12f:c1986, 9dc27687-2024-46ae-8b6e-c9027bfa400e:c1984, 9c9c57da-14dc-454a-b374-789aa5e765a9:c1982]
2019-09-16 23:35:00,357 [grpc-default-executor-6] INFO  client.GrpcClientProtocolClient (GrpcClientProtocolClient.java:onNext(264)) - client-C79DE3E06697->1d6da99a-ba9a-4d72-abd2-d0f1aa02f12f: receive RaftClientReply:client-C79DE3E06697->1d6da99a-ba9a-4d72-abd2-d0f1aa02f12f@group-B29EE812FB58, cid=1404, SUCCESS, logIndex=1986, commits[1d6da99a-ba9a-4d72-abd2-d0f1aa02f12f:c1988, 9dc27687-2024-46ae-8b6e-c9027bfa400e:c1984, 9c9c57da-14dc-454a-b374-789aa5e765a9:c1984]
2019-09-16 23:35:00,357 [grpc-default-executor-6] INFO  client.GrpcClientProtocolClient (GrpcClientProtocolClient.java:onNext(264)) - client-C79DE3E06697->1d6da99a-ba9a-4d72-abd2-d0f1aa02f12f: receive RaftClientReply:client-C79DE3E06697->1d6da99a-ba9a-4d72-abd2-d0f1aa02f12f@group-B29EE812FB58, cid=1405, SUCCESS, logIndex=1987, commits[1d6da99a-ba9a-4d72-abd2-d0f1aa02f12f:c1988, 9dc27687-2024-46ae-8b6e-c9027bfa400e:c1984, 9c9c57da-14dc-454a-b374-789aa5e765a9:c1984]
2019-09-16 23:35:00,358 [grpc-default-executor-6] INFO  client.GrpcClientProtocolClient (GrpcClientProtocolClient.java:onNext(264)) - client-C79DE3E06697->1d6da99a-ba9a-4d72-abd2-d0f1aa02f12f: receive RaftClientReply:client-C79DE3E06697->1d6da99a-ba9a-4d72-abd2-d0f1aa02f12f@group-B29EE812FB58, cid=1406, SUCCESS, logIndex=1988, commits[1d6da99a-ba9a-4d72-abd2-d0f1aa02f12f:c1988, 9dc27687-2024-46ae-8b6e-c9027bfa400e:c1984, 9c9c57da-14dc-454a-b374-789aa5e765a9:c1984]
2019-09-16 23:35:00,359 [grpc-default-executor-6] INFO  client.GrpcClientProtocolClient (GrpcClientProtocolClient.java:onNext(264)) - client-C79DE3E06697->1d6da99a-ba9a-4d72-abd2-d0f1aa02f12f: receive RaftClientReply:client-C79DE3E06697->1d6da99a-ba9a-4d72-abd2-d0f1aa02f12f@group-B29EE812FB58, cid=1407, SUCCESS, logIndex=0, commits[1d6da99a-ba9a-4d72-abd2-d0f1aa02f12f:c1989, 9dc27687-2024-46ae-8b6e-c9027bfa400e:c1986, 9c9c57da-14dc-454a-b374-789aa5e765a9:c1986]
2019-09-16 23:35:00,370 [grpc-default-executor-7] INFO  client.GrpcClientProtocolClient (GrpcClientProtocolClient.java:onNext(264)) - client-C79DE3E06697->1d6da99a-ba9a-4d72-abd2-d0f1aa02f12f: receive RaftClientReply:client-C79DE3E06697->1d6da99a-ba9a-4d72-abd2-d0f1aa02f12f@group-B29EE812FB58, cid=1408, SUCCESS, logIndex=1992, commits[1d6da99a-ba9a-4d72-abd2-d0f1aa02f12f:c1993, 9dc27687-2024-46ae-8b6e-c9027bfa400e:c1991, 9c9c57da-14dc-454a-b374-789aa5e765a9:c1991]
2019-09-16 23:35:00,370 [grpc-default-executor-7] INFO  client.GrpcClientProtocolClient (GrpcClientProtocolClient.java:onNext(264)) - client-C79DE3E06697->1d6da99a-ba9a-4d72-abd2-d0f1aa02f12f: receive RaftClientReply:client-C79DE3E06697->1d6da99a-ba9a-4d72-abd2-d0f1aa02f12f@group-B29EE812FB58, cid=1409, SUCCESS, logIndex=1993, commits[1d6da99a-ba9a-4d72-abd2-d0f1aa02f12f:c1993, 9dc27687-2024-46ae-8b6e-c9027bfa400e:c1991, 9c9c57da-14dc-454a-b374-789aa5e765a9:c1991]
2019-09-16 23:35:00,395 [grpc-default-executor-7] INFO  client.GrpcClientProtocolClient (GrpcClientProtocolClient.java:onNext(264)) - client-C79DE3E06697->1d6da99a-ba9a-4d72-abd2-d0f1aa02f12f: receive RaftClientReply:client-C79DE3E06697->1d6da99a-ba9a-4d72-abd2-d0f1aa02f12f@group-B29EE812FB58, cid=1410, SUCCESS, logIndex=1996, commits[1d6da99a-ba9a-4d72-abd2-d0f1aa02f12f:c1997, 9dc27687-2024-46ae-8b6e-c9027bfa400e:c1993, 9c9c57da-14dc-454a-b374-789aa5e765a9:c1993]
2019-09-16 23:35:00,396 [grpc-default-executor-7] INFO  client.GrpcClientProtocolClient (GrpcClientProtocolClient.java:onNext(264)) - client-C79DE3E06697->1d6da99a-ba9a-4d72-abd2-d0f1aa02f12f: receive RaftClientReply:client-C79DE3E06697->1d6da99a-ba9a-4d72-abd2-d0f1aa02f12f@group-B29EE812FB58, cid=1411, SUCCESS, logIndex=1997, commits[1d6da99a-ba9a-4d72-abd2-d0f1aa02f12f:c1997, 9dc27687-2024-46ae-8b6e-c9027bfa400e:c1993, 9c9c57da-14dc-454a-b374-789aa5e765a9:c1993]
2019-09-16 23:35:00,417 [grpc-default-executor-6] INFO  client.GrpcClientProtocolClient (GrpcClientProtocolClient.java:onNext(264)) - client-C79DE3E06697->1d6da99a-ba9a-4d72-abd2-d0f1aa02f12f: receive RaftClientReply:client-C79DE3E06697->1d6da99a-ba9a-4d72-abd2-d0f1aa02f12f@group-B29EE812FB58, cid=1412, SUCCESS, logIndex=0, commits[1d6da99a-ba9a-4d72-abd2-d0f1aa02f12f:c1999, 9dc27687-2024-46ae-8b6e-c9027bfa400e:c1997, 9c9c57da-14dc-454a-b374-789aa5e765a9:c1997]
2019-09-16 23:35:00,442 [grpc-default-executor-6] INFO  client.GrpcClientProtocolClient (GrpcClientProtocolClient.java:onNext(264)) - client-C79DE3E06697->1d6da99a-ba9a-4d72-abd2-d0f1aa02f12f: receive RaftClientReply:client-C79DE3E06697->1d6da99a-ba9a-4d72-abd2-d0f1aa02f12f@group-B29EE812FB58, cid=1413, SUCCESS, logIndex=2000, commits[1d6da99a-ba9a-4d72-abd2-d0f1aa02f12f:c2001, 9dc27687-2024-46ae-8b6e-c9027bfa400e:c1999, 9c9c57da-14dc-454a-b374-789aa5e765a9:c1999]
2019-09-16 23:35:00,443 [grpc-default-executor-6] INFO  client.GrpcClientProtocolClient (GrpcClientProtocolClient.java:onNext(264)) - client-C79DE3E06697->1d6da99a-ba9a-4d72-abd2-d0f1aa02f12f: receive RaftClientReply:client-C79DE3E06697->1d6da99a-ba9a-4d72-abd2-d0f1aa02f12f@group-B29EE812FB58, cid=1414, SUCCESS, logIndex=2001, commits[1d6da99a-ba9a-4d72-abd2-d0f1aa02f12f:c2001, 9dc27687-2024-46ae-8b6e-c9027bfa400e:c1999, 9c9c57da-14dc-454a-b374-789aa5e765a9:c1999]
2019-09-16 23:35:00,453 [grpc-default-executor-1] INFO  client.GrpcClientProtocolClient (GrpcClientProtocolClient.java:onNext(264)) - client-C79DE3E06697->1d6da99a-ba9a-4d72-abd2-d0f1aa02f12f: receive RaftClientReply:client-C79DE3E06697->1d6da99a-ba9a-4d72-abd2-d0f1aa02f12f@group-B29EE812FB58, cid=1415, SUCCESS, logIndex=2002, commits[1d6da99a-ba9a-4d72-abd2-d0f1aa02f12f:c2003, 9dc27687-2024-46ae-8b6e-c9027bfa400e:c1999, 9c9c57da-14dc-454a-b374-789aa5e765a9:c1999]
2019-09-16 23:35:00,453 [grpc-default-executor-1] INFO  client.GrpcClientProtocolClient (GrpcClientProtocolClient.java:onNext(264)) - client-C79DE3E06697->1d6da99a-ba9a-4d72-abd2-d0f1aa02f12f: receive RaftClientReply:client-C79DE3E06697->1d6da99a-ba9a-4d72-abd2-d0f1aa02f12f@group-B29EE812FB58, cid=1416, SUCCESS, logIndex=2003, commits[1d6da99a-ba9a-4d72-abd2-d0f1aa02f12f:c2003, 9dc27687-2024-46ae-8b6e-c9027bfa400e:c1999, 9c9c57da-14dc-454a-b374-789aa5e765a9:c1999]
 0.00% |█                                                                                                    |  0/1 Time: 0:00:182019-09-16 23:35:00,567 [grpc-default-executor-7] INFO  client.GrpcClientProtocolClient (GrpcClientProtocolClient.java:onNext(264)) - client-C79DE3E06697->1d6da99a-ba9a-4d72-abd2-d0f1aa02f12f: receive RaftClientReply:client-C79DE3E06697->1d6da99a-ba9a-4d72-abd2-d0f1aa02f12f@group-B29EE812FB58, cid=1417, SUCCESS, logIndex=0, commits[1d6da99a-ba9a-4d72-abd2-d0f1aa02f12f:c2005, 9dc27687-2024-46ae-8b6e-c9027bfa400e:c2001, 9c9c57da-14dc-454a-b374-789aa5e765a9:c2001]
2019-09-16 23:35:00,595 [grpc-default-executor-7] INFO  client.GrpcClientProtocolClient (GrpcClientProtocolClient.java:onNext(264)) - client-C79DE3E06697->1d6da99a-ba9a-4d72-abd2-d0f1aa02f12f: receive RaftClientReply:client-C79DE3E06697->1d6da99a-ba9a-4d72-abd2-d0f1aa02f12f@group-B29EE812FB58, cid=1418, SUCCESS, logIndex=2008, commits[1d6da99a-ba9a-4d72-abd2-d0f1aa02f12f:c2009, 9dc27687-2024-46ae-8b6e-c9027bfa400e:c2007, 9c9c57da-14dc-454a-b374-789aa5e765a9:c2007]
2019-09-16 23:35:00,596 [grpc-default-executor-7] INFO  client.GrpcClientProtocolClient (GrpcClientProtocolClient.java:onNext(264)) - client-C79DE3E06697->1d6da99a-ba9a-4d72-abd2-d0f1aa02f12f: receive RaftClientReply:client-C79DE3E06697->1d6da99a-ba9a-4d72-abd2-d0f1aa02f12f@group-B29EE812FB58, cid=1419, SUCCESS, logIndex=2009, commits[1d6da99a-ba9a-4d72-abd2-d0f1aa02f12f:c2009, 9dc27687-2024-46ae-8b6e-c9027bfa400e:c2007, 9c9c57da-14dc-454a-b374-789aa5e765a9:c2007]
2019-09-16 23:35:00,615 [grpc-default-executor-1] INFO  client.GrpcClientProtocolClient (GrpcClientProtocolClient.java:onNext(264)) - client-C79DE3E06697->1d6da99a-ba9a-4d72-abd2-d0f1aa02f12f: receive RaftClientReply:client-C79DE3E06697->1d6da99a-ba9a-4d72-abd2-d0f1aa02f12f@group-B29EE812FB58, cid=1420, SUCCESS, logIndex=2012, commits[1d6da99a-ba9a-4d72-abd2-d0f1aa02f12f:c2013, 9dc27687-2024-46ae-8b6e-c9027bfa400e:c2010, 9c9c57da-14dc-454a-b374-789aa5e765a9:c2010]
2019-09-16 23:35:00,615 [grpc-default-executor-1] INFO  client.GrpcClientProtocolClient (GrpcClientProtocolClient.java:onNext(264)) - client-C79DE3E06697->1d6da99a-ba9a-4d72-abd2-d0f1aa02f12f: receive RaftClientReply:client-C79DE3E06697->1d6da99a-ba9a-4d72-abd2-d0f1aa02f12f@group-B29EE812FB58, cid=1421, SUCCESS, logIndex=2013, commits[1d6da99a-ba9a-4d72-abd2-d0f1aa02f12f:c2013, 9dc27687-2024-46ae-8b6e-c9027bfa400e:c2010, 9c9c57da-14dc-454a-b374-789aa5e765a9:c2010]
2019-09-16 23:35:00,625 [grpc-default-executor-1] INFO  client.GrpcClientProtocolClient (GrpcClientProtocolClient.java:onNext(264)) - client-C79DE3E06697->1d6da99a-ba9a-4d72-abd2-d0f1aa02f12f: receive RaftClientReply:client-C79DE3E06697->1d6da99a-ba9a-4d72-abd2-d0f1aa02f12f@group-B29EE812FB58, cid=1422, SUCCESS, logIndex=0, commits[1d6da99a-ba9a-4d72-abd2-d0f1aa02f12f:c2015, 9dc27687-2024-46ae-8b6e-c9027bfa400e:c2013, 9c9c57da-14dc-454a-b374-789aa5e765a9:c2013]
2019-09-16 23:35:00,656 [grpc-default-executor-7] INFO  client.GrpcClientProtocolClient (GrpcClientProtocolClient.java:onNext(264)) - client-C79DE3E06697->1d6da99a-ba9a-4d72-abd2-d0f1aa02f12f: receive RaftClientReply:client-C79DE3E06697->1d6da99a-ba9a-4d72-abd2-d0f1aa02f12f@group-B29EE812FB58, cid=1423, SUCCESS, logIndex=2016, commits[1d6da99a-ba9a-4d72-abd2-d0f1aa02f12f:c2017, 9dc27687-2024-46ae-8b6e-c9027bfa400e:c2015, 9c9c57da-14dc-454a-b374-789aa5e765a9:c2015]
2019-09-16 23:35:00,656 [grpc-default-executor-7] INFO  client.GrpcClientProtocolClient (GrpcClientProtocolClient.java:onNext(264)) - client-C79DE3E06697->1d6da99a-ba9a-4d72-abd2-d0f1aa02f12f: receive RaftClientReply:client-C79DE3E06697->1d6da99a-ba9a-4d72-abd2-d0f1aa02f12f@group-B29EE812FB58, cid=1424, SUCCESS, logIndex=2017, commits[1d6da99a-ba9a-4d72-abd2-d0f1aa02f12f:c2017, 9dc27687-2024-46ae-8b6e-c9027bfa400e:c2015, 9c9c57da-14dc-454a-b374-789aa5e765a9:c2015]
2019-09-16 23:35:00,667 [grpc-default-executor-7] INFO  client.GrpcClientProtocolClient (GrpcClientProtocolClient.java:onNext(264)) - client-C79DE3E06697->1d6da99a-ba9a-4d72-abd2-d0f1aa02f12f: receive RaftClientReply:client-C79DE3E06697->1d6da99a-ba9a-4d72-abd2-d0f1aa02f12f@group-B29EE812FB58, cid=1425, SUCCESS, logIndex=2018, commits[1d6da99a-ba9a-4d72-abd2-d0f1aa02f12f:c2019, 9dc27687-2024-46ae-8b6e-c9027bfa400e:c2015, 9c9c57da-14dc-454a-b374-789aa5e765a9:c2015]
2019-09-16 23:35:00,667 [grpc-default-executor-7] INFO  client.GrpcClientProtocolClient (GrpcClientProtocolClient.java:onNext(264)) - client-C79DE3E06697->1d6da99a-ba9a-4d72-abd2-d0f1aa02f12f: receive RaftClientReply:client-C79DE3E06697->1d6da99a-ba9a-4d72-abd2-d0f1aa02f12f@group-B29EE812FB58, cid=1426, SUCCESS, logIndex=2019, commits[1d6da99a-ba9a-4d72-abd2-d0f1aa02f12f:c2019, 9dc27687-2024-46ae-8b6e-c9027bfa400e:c2015, 9c9c57da-14dc-454a-b374-789aa5e765a9:c2015]
2019-09-16 23:35:00,681 [grpc-default-executor-7] INFO  client.GrpcClientProtocolClient (GrpcClientProtocolClient.java:onNext(264)) - client-C79DE3E06697->1d6da99a-ba9a-4d72-abd2-d0f1aa02f12f: receive RaftClientReply:client-C79DE3E06697->1d6da99a-ba9a-4d72-abd2-d0f1aa02f12f@group-B29EE812FB58, cid=1427, SUCCESS, logIndex=0, commits[1d6da99a-ba9a-4d72-abd2-d0f1aa02f12f:c2021, 9dc27687-2024-46ae-8b6e-c9027bfa400e:c2017, 9c9c57da-14dc-454a-b374-789aa5e765a9:c2017]
2019-09-16 23:35:00,694 [grpc-default-executor-1] INFO  client.GrpcClientProtocolClient (GrpcClientProtocolClient.java:onNext(264)) - client-C79DE3E06697->1d6da99a-ba9a-4d72-abd2-d0f1aa02f12f: receive RaftClientReply:client-C79DE3E06697->1d6da99a-ba9a-4d72-abd2-d0f1aa02f12f@group-B29EE812FB58, cid=1428, SUCCESS, logIndex=2024, commits[1d6da99a-ba9a-4d72-abd2-d0f1aa02f12f:c2025, 9dc27687-2024-46ae-8b6e-c9027bfa400e:c2023, 9c9c57da-14dc-454a-b374-789aa5e765a9:c2023]
2019-09-16 23:35:00,695 [grpc-default-executor-1] INFO  client.GrpcClientProtocolClient (GrpcClientProtocolClient.java:onNext(264)) - client-C79DE3E06697->1d6da99a-ba9a-4d72-abd2-d0f1aa02f12f: receive RaftClientReply:client-C79DE3E06697->1d6da99a-ba9a-4d72-abd2-d0f1aa02f12f@group-B29EE812FB58, cid=1429, SUCCESS, logIndex=2025, commits[1d6da99a-ba9a-4d72-abd2-d0f1aa02f12f:c2025, 9dc27687-2024-46ae-8b6e-c9027bfa400e:c2023, 9c9c57da-14dc-454a-b374-789aa5e765a9:c2023]
2019-09-16 23:35:00,716 [grpc-default-executor-1] INFO  client.GrpcClientProtocolClient (GrpcClientProtocolClient.java:onNext(264)) - client-C79DE3E06697->1d6da99a-ba9a-4d72-abd2-d0f1aa02f12f: receive RaftClientReply:client-C79DE3E06697->1d6da99a-ba9a-4d72-abd2-d0f1aa02f12f@group-B29EE812FB58, cid=1430, SUCCESS, logIndex=2028, commits[1d6da99a-ba9a-4d72-abd2-d0f1aa02f12f:c2029, 9dc27687-2024-46ae-8b6e-c9027bfa400e:c2026, 9c9c57da-14dc-454a-b374-789aa5e765a9:c2026]
2019-09-16 23:35:00,716 [grpc-default-executor-1] INFO  client.GrpcClientProtocolClient (GrpcClientProtocolClient.java:onNext(264)) - client-C79DE3E06697->1d6da99a-ba9a-4d72-abd2-d0f1aa02f12f: receive RaftClientReply:client-C79DE3E06697->1d6da99a-ba9a-4d72-abd2-d0f1aa02f12f@group-B29EE812FB58, cid=1431, SUCCESS, logIndex=2029, commits[1d6da99a-ba9a-4d72-abd2-d0f1aa02f12f:c2029, 9dc27687-2024-46ae-8b6e-c9027bfa400e:c2026, 9c9c57da-14dc-454a-b374-789aa5e765a9:c2026]
2019-09-16 23:35:00,730 [grpc-default-executor-1] INFO  client.GrpcClientProtocolClient (GrpcClientProtocolClient.java:onNext(264)) - client-C79DE3E06697->1d6da99a-ba9a-4d72-abd2-d0f1aa02f12f: receive RaftClientReply:client-C79DE3E06697->1d6da99a-ba9a-4d72-abd2-d0f1aa02f12f@group-B29EE812FB58, cid=1432, SUCCESS, logIndex=0, commits[1d6da99a-ba9a-4d72-abd2-d0f1aa02f12f:c2031, 9dc27687-2024-46ae-8b6e-c9027bfa400e:c2029, 9c9c57da-14dc-454a-b374-789aa5e765a9:c2029]
2019-09-16 23:35:00,754 [grpc-default-executor-6] INFO  client.GrpcClientProtocolClient (GrpcClientProtocolClient.java:onNext(264)) - client-C79DE3E06697->1d6da99a-ba9a-4d72-abd2-d0f1aa02f12f: receive RaftClientReply:client-C79DE3E06697->1d6da99a-ba9a-4d72-abd2-d0f1aa02f12f@group-B29EE812FB58, cid=1433, SUCCESS, logIndex=2032, commits[1d6da99a-ba9a-4d72-abd2-d0f1aa02f12f:c2033, 9dc27687-2024-46ae-8b6e-c9027bfa400e:c2031, 9c9c57da-14dc-454a-b374-789aa5e765a9:c2031]
2019-09-16 23:35:00,755 [grpc-default-executor-6] INFO  client.GrpcClientProtocolClient (GrpcClientProtocolClient.java:onNext(264)) - client-C79DE3E06697->1d6da99a-ba9a-4d72-abd2-d0f1aa02f12f: receive RaftClientReply:client-C79DE3E06697->1d6da99a-ba9a-4d72-abd2-d0f1aa02f12f@group-B29EE812FB58, cid=1434, SUCCESS, logIndex=2033, commits[1d6da99a-ba9a-4d72-abd2-d0f1aa02f12f:c2035, 9dc27687-2024-46ae-8b6e-c9027bfa400e:c2031, 9c9c57da-14dc-454a-b374-789aa5e765a9:c2031]
2019-09-16 23:35:00,755 [grpc-default-executor-6] INFO  client.GrpcClientProtocolClient (GrpcClientProtocolClient.java:onNext(264)) - client-C79DE3E06697->1d6da99a-ba9a-4d72-abd2-d0f1aa02f12f: receive RaftClientReply:client-C79DE3E06697->1d6da99a-ba9a-4d72-abd2-d0f1aa02f12f@group-B29EE812FB58, cid=1435, SUCCESS, logIndex=2034, commits[1d6da99a-ba9a-4d72-abd2-d0f1aa02f12f:c2035, 9dc27687-2024-46ae-8b6e-c9027bfa400e:c2031, 9c9c57da-14dc-454a-b374-789aa5e765a9:c2031]
2019-09-16 23:35:00,756 [grpc-default-executor-6] INFO  client.GrpcClientProtocolClient (GrpcClientProtocolClient.java:onNext(264)) - client-C79DE3E06697->1d6da99a-ba9a-4d72-abd2-d0f1aa02f12f: receive RaftClientReply:client-C79DE3E06697->1d6da99a-ba9a-4d72-abd2-d0f1aa02f12f@group-B29EE812FB58, cid=1436, SUCCESS, logIndex=2035, commits[1d6da99a-ba9a-4d72-abd2-d0f1aa02f12f:c2035, 9dc27687-2024-46ae-8b6e-c9027bfa400e:c2031, 9c9c57da-14dc-454a-b374-789aa5e765a9:c2031]
2019-09-16 23:35:00,766 [grpc-default-executor-6] INFO  client.GrpcClientProtocolClient (GrpcClientProtocolClient.java:onNext(264)) - client-C79DE3E06697->1d6da99a-ba9a-4d72-abd2-d0f1aa02f12f: receive RaftClientReply:client-C79DE3E06697->1d6da99a-ba9a-4d72-abd2-d0f1aa02f12f@group-B29EE812FB58, cid=1437, SUCCESS, logIndex=0, commits[1d6da99a-ba9a-4d72-abd2-d0f1aa02f12f:c2037, 9dc27687-2024-46ae-8b6e-c9027bfa400e:c2033, 9c9c57da-14dc-454a-b374-789aa5e765a9:c2033]
2019-09-16 23:35:00,778 [grpc-default-executor-6] INFO  client.GrpcClientProtocolClient (GrpcClientProtocolClient.java:onNext(264)) - client-C79DE3E06697->1d6da99a-ba9a-4d72-abd2-d0f1aa02f12f: receive RaftClientReply:client-C79DE3E06697->1d6da99a-ba9a-4d72-abd2-d0f1aa02f12f@group-B29EE812FB58, cid=1438, SUCCESS, logIndex=2039, commits[1d6da99a-ba9a-4d72-abd2-d0f1aa02f12f:c2040, 9dc27687-2024-46ae-8b6e-c9027bfa400e:c2038, 9c9c57da-14dc-454a-b374-789aa5e765a9:c2038]
2019-09-16 23:35:00,778 [grpc-default-executor-6] INFO  client.GrpcClientProtocolClient (GrpcClientProtocolClient.java:onNext(264)) - client-C79DE3E06697->1d6da99a-ba9a-4d72-abd2-d0f1aa02f12f: receive RaftClientReply:client-C79DE3E06697->1d6da99a-ba9a-4d72-abd2-d0f1aa02f12f@group-B29EE812FB58, cid=1439, SUCCESS, logIndex=2040, commits[1d6da99a-ba9a-4d72-abd2-d0f1aa02f12f:c2040, 9dc27687-2024-46ae-8b6e-c9027bfa400e:c2038, 9c9c57da-14dc-454a-b374-789aa5e765a9:c2038]
2019-09-16 23:35:00,795 [grpc-default-executor-6] INFO  client.GrpcClientProtocolClient (GrpcClientProtocolClient.java:onNext(264)) - client-C79DE3E06697->1d6da99a-ba9a-4d72-abd2-d0f1aa02f12f: receive RaftClientReply:client-C79DE3E06697->1d6da99a-ba9a-4d72-abd2-d0f1aa02f12f@group-B29EE812FB58, cid=1440, SUCCESS, logIndex=2043, commits[1d6da99a-ba9a-4d72-abd2-d0f1aa02f12f:c2044, 9dc27687-2024-46ae-8b6e-c9027bfa400e:c2040, 9c9c57da-14dc-454a-b374-789aa5e765a9:c2040]
2019-09-16 23:35:00,795 [grpc-default-executor-6] INFO  client.GrpcClientProtocolClient (GrpcClientProtocolClient.java:onNext(264)) - client-C79DE3E06697->1d6da99a-ba9a-4d72-abd2-d0f1aa02f12f: receive RaftClientReply:client-C79DE3E06697->1d6da99a-ba9a-4d72-abd2-d0f1aa02f12f@group-B29EE812FB58, cid=1441, SUCCESS, logIndex=2044, commits[1d6da99a-ba9a-4d72-abd2-d0f1aa02f12f:c2044, 9dc27687-2024-46ae-8b6e-c9027bfa400e:c2040, 9c9c57da-14dc-454a-b374-789aa5e765a9:c2040]
2019-09-16 23:35:00,805 [grpc-default-executor-6] INFO  client.GrpcClientProtocolClient (GrpcClientProtocolClient.java:onNext(264)) - client-C79DE3E06697->1d6da99a-ba9a-4d72-abd2-d0f1aa02f12f: receive RaftClientReply:client-C79DE3E06697->1d6da99a-ba9a-4d72-abd2-d0f1aa02f12f@group-B29EE812FB58, cid=1442, SUCCESS, logIndex=0, commits[1d6da99a-ba9a-4d72-abd2-d0f1aa02f12f:c2046, 9dc27687-2024-46ae-8b6e-c9027bfa400e:c2044, 9c9c57da-14dc-454a-b374-789aa5e765a9:c2044]
2019-09-16 23:35:00,826 [grpc-default-executor-6] INFO  client.GrpcClientProtocolClient (GrpcClientProtocolClient.java:onNext(264)) - client-C79DE3E06697->1d6da99a-ba9a-4d72-abd2-d0f1aa02f12f: receive RaftClientReply:client-C79DE3E06697->1d6da99a-ba9a-4d72-abd2-d0f1aa02f12f@group-B29EE812FB58, cid=1443, SUCCESS, logIndex=2047, commits[1d6da99a-ba9a-4d72-abd2-d0f1aa02f12f:c2048, 9dc27687-2024-46ae-8b6e-c9027bfa400e:c2046, 9c9c57da-14dc-454a-b374-789aa5e765a9:c2046]
2019-09-16 23:35:00,827 [grpc-default-executor-6] INFO  client.GrpcClientProtocolClient (GrpcClientProtocolClient.java:onNext(264)) - client-C79DE3E06697->1d6da99a-ba9a-4d72-abd2-d0f1aa02f12f: receive RaftClientReply:client-C79DE3E06697->1d6da99a-ba9a-4d72-abd2-d0f1aa02f12f@group-B29EE812FB58, cid=1444, SUCCESS, logIndex=2048, commits[1d6da99a-ba9a-4d72-abd2-d0f1aa02f12f:c2050, 9dc27687-2024-46ae-8b6e-c9027bfa400e:c2046, 9c9c57da-14dc-454a-b374-789aa5e765a9:c2046]
2019-09-16 23:35:00,827 [grpc-default-executor-6] INFO  client.GrpcClientProtocolClient (GrpcClientProtocolClient.java:onNext(264)) - client-C79DE3E06697->1d6da99a-ba9a-4d72-abd2-d0f1aa02f12f: receive RaftClientReply:client-C79DE3E06697->1d6da99a-ba9a-4d72-abd2-d0f1aa02f12f@group-B29EE812FB58, cid=1445, SUCCESS, logIndex=2049, commits[1d6da99a-ba9a-4d72-abd2-d0f1aa02f12f:c2050, 9dc27687-2024-46ae-8b6e-c9027bfa400e:c2046, 9c9c57da-14dc-454a-b374-789aa5e765a9:c2046]
2019-09-16 23:35:00,827 [grpc-default-executor-6] INFO  client.GrpcClientProtocolClient (GrpcClientProtocolClient.java:onNext(264)) - client-C79DE3E06697->1d6da99a-ba9a-4d72-abd2-d0f1aa02f12f: receive RaftClientReply:client-C79DE3E06697->1d6da99a-ba9a-4d72-abd2-d0f1aa02f12f@group-B29EE812FB58, cid=1446, SUCCESS, logIndex=2050, commits[1d6da99a-ba9a-4d72-abd2-d0f1aa02f12f:c2050, 9dc27687-2024-46ae-8b6e-c9027bfa400e:c2046, 9c9c57da-14dc-454a-b374-789aa5e765a9:c2046]
2019-09-16 23:35:00,831 [grpc-default-executor-6] INFO  client.GrpcClientProtocolClient (GrpcClientProtocolClient.java:onNext(264)) - client-C79DE3E06697->1d6da99a-ba9a-4d72-abd2-d0f1aa02f12f: receive RaftClientReply:client-C79DE3E06697->1d6da99a-ba9a-4d72-abd2-d0f1aa02f12f@group-B29EE812FB58, cid=1447, SUCCESS, logIndex=0, commits[1d6da99a-ba9a-4d72-abd2-d0f1aa02f12f:c2052, 9dc27687-2024-46ae-8b6e-c9027bfa400e:c2048, 9c9c57da-14dc-454a-b374-789aa5e765a9:c2048]
2019-09-16 23:35:00,843 [grpc-default-executor-3] INFO  client.GrpcClientProtocolClient (GrpcClientProtocolClient.java:onNext(264)) - client-C79DE3E06697->1d6da99a-ba9a-4d72-abd2-d0f1aa02f12f: receive RaftClientReply:client-C79DE3E06697->1d6da99a-ba9a-4d72-abd2-d0f1aa02f12f@group-B29EE812FB58, cid=1448, SUCCESS, logIndex=2055, commits[1d6da99a-ba9a-4d72-abd2-d0f1aa02f12f:c2056, 9dc27687-2024-46ae-8b6e-c9027bfa400e:c2054, 9c9c57da-14dc-454a-b374-789aa5e765a9:c2054]
2019-09-16 23:35:00,843 [grpc-default-executor-3] INFO  client.GrpcClientProtocolClient (GrpcClientProtocolClient.java:onNext(264)) - client-C79DE3E06697->1d6da99a-ba9a-4d72-abd2-d0f1aa02f12f: receive RaftClientReply:client-C79DE3E06697->1d6da99a-ba9a-4d72-abd2-d0f1aa02f12f@group-B29EE812FB58, cid=1449, SUCCESS, logIndex=2056, commits[1d6da99a-ba9a-4d72-abd2-d0f1aa02f12f:c2056, 9dc27687-2024-46ae-8b6e-c9027bfa400e:c2054, 9c9c57da-14dc-454a-b374-789aa5e765a9:c2054]
2019-09-16 23:35:00,869 [grpc-default-executor-6] INFO  client.GrpcClientProtocolClient (GrpcClientProtocolClient.java:onNext(264)) - client-C79DE3E06697->1d6da99a-ba9a-4d72-abd2-d0f1aa02f12f: receive RaftClientReply:client-C79DE3E06697->1d6da99a-ba9a-4d72-abd2-d0f1aa02f12f@group-B29EE812FB58, cid=1450, SUCCESS, logIndex=2059, commits[1d6da99a-ba9a-4d72-abd2-d0f1aa02f12f:c2059, 9dc27687-2024-46ae-8b6e-c9027bfa400e:c2056, 9c9c57da-14dc-454a-b374-789aa5e765a9:c2056]
2019-09-16 23:35:00,869 [grpc-default-executor-6] INFO  client.GrpcClientProtocolClient (GrpcClientProtocolClient.java:onNext(264)) - client-C79DE3E06697->1d6da99a-ba9a-4d72-abd2-d0f1aa02f12f: receive RaftClientReply:client-C79DE3E06697->1d6da99a-ba9a-4d72-abd2-d0f1aa02f12f@group-B29EE812FB58, cid=1451, SUCCESS, logIndex=2060, commits[1d6da99a-ba9a-4d72-abd2-d0f1aa02f12f:c2060, 9dc27687-2024-46ae-8b6e-c9027bfa400e:c2056, 9c9c57da-14dc-454a-b374-789aa5e765a9:c2056]
2019-09-16 23:35:00,874 [grpc-default-executor-6] INFO  client.GrpcClientProtocolClient (GrpcClientProtocolClient.java:onNext(264)) - client-C79DE3E06697->1d6da99a-ba9a-4d72-abd2-d0f1aa02f12f: receive RaftClientReply:client-C79DE3E06697->1d6da99a-ba9a-4d72-abd2-d0f1aa02f12f@group-B29EE812FB58, cid=1452, SUCCESS, logIndex=0, commits[1d6da99a-ba9a-4d72-abd2-d0f1aa02f12f:c2062, 9dc27687-2024-46ae-8b6e-c9027bfa400e:c2060, 9c9c57da-14dc-454a-b374-789aa5e765a9:c2060]
2019-09-16 23:35:00,895 [grpc-default-executor-6] INFO  client.GrpcClientProtocolClient (GrpcClientProtocolClient.java:onNext(264)) - client-C79DE3E06697->1d6da99a-ba9a-4d72-abd2-d0f1aa02f12f: receive RaftClientReply:client-C79DE3E06697->1d6da99a-ba9a-4d72-abd2-d0f1aa02f12f@group-B29EE812FB58, cid=1453, SUCCESS, logIndex=2063, commits[1d6da99a-ba9a-4d72-abd2-d0f1aa02f12f:c2064, 9dc27687-2024-46ae-8b6e-c9027bfa400e:c2062, 9c9c57da-14dc-454a-b374-789aa5e765a9:c2062]
2019-09-16 23:35:00,895 [grpc-default-executor-6] INFO  client.GrpcClientProtocolClient (GrpcClientProtocolClient.java:onNext(264)) - client-C79DE3E06697->1d6da99a-ba9a-4d72-abd2-d0f1aa02f12f: receive RaftClientReply:client-C79DE3E06697->1d6da99a-ba9a-4d72-abd2-d0f1aa02f12f@group-B29EE812FB58, cid=1454, SUCCESS, logIndex=2064, commits[1d6da99a-ba9a-4d72-abd2-d0f1aa02f12f:c2066, 9dc27687-2024-46ae-8b6e-c9027bfa400e:c2062, 9c9c57da-14dc-454a-b374-789aa5e765a9:c2062]
2019-09-16 23:35:00,895 [grpc-default-executor-6] INFO  client.GrpcClientProtocolClient (GrpcClientProtocolClient.java:onNext(264)) - client-C79DE3E06697->1d6da99a-ba9a-4d72-abd2-d0f1aa02f12f: receive RaftClientReply:client-C79DE3E06697->1d6da99a-ba9a-4d72-abd2-d0f1aa02f12f@group-B29EE812FB58, cid=1455, SUCCESS, logIndex=2065, commits[1d6da99a-ba9a-4d72-abd2-d0f1aa02f12f:c2066, 9dc27687-2024-46ae-8b6e-c9027bfa400e:c2062, 9c9c57da-14dc-454a-b374-789aa5e765a9:c2062]
2019-09-16 23:35:00,896 [grpc-default-executor-6] INFO  client.GrpcClientProtocolClient (GrpcClientProtocolClient.java:onNext(264)) - client-C79DE3E06697->1d6da99a-ba9a-4d72-abd2-d0f1aa02f12f: receive RaftClientReply:client-C79DE3E06697->1d6da99a-ba9a-4d72-abd2-d0f1aa02f12f@group-B29EE812FB58, cid=1456, SUCCESS, logIndex=2066, commits[1d6da99a-ba9a-4d72-abd2-d0f1aa02f12f:c2066, 9dc27687-2024-46ae-8b6e-c9027bfa400e:c2062, 9c9c57da-14dc-454a-b374-789aa5e765a9:c2062]
2019-09-16 23:35:00,920 [grpc-default-executor-6] INFO  client.GrpcClientProtocolClient (GrpcClientProtocolClient.java:onNext(264)) - client-C79DE3E06697->1d6da99a-ba9a-4d72-abd2-d0f1aa02f12f: receive RaftClientReply:client-C79DE3E06697->1d6da99a-ba9a-4d72-abd2-d0f1aa02f12f@group-B29EE812FB58, cid=1457, SUCCESS, logIndex=0, commits[1d6da99a-ba9a-4d72-abd2-d0f1aa02f12f:c2068, 9dc27687-2024-46ae-8b6e-c9027bfa400e:c2064, 9c9c57da-14dc-454a-b374-789aa5e765a9:c2064]
2019-09-16 23:35:00,938 [grpc-default-executor-3] INFO  client.GrpcClientProtocolClient (GrpcClientProtocolClient.java:onNext(264)) - client-C79DE3E06697->1d6da99a-ba9a-4d72-abd2-d0f1aa02f12f: receive RaftClientReply:client-C79DE3E06697->1d6da99a-ba9a-4d72-abd2-d0f1aa02f12f@group-B29EE812FB58, cid=1458, SUCCESS, logIndex=2071, commits[1d6da99a-ba9a-4d72-abd2-d0f1aa02f12f:c2072, 9dc27687-2024-46ae-8b6e-c9027bfa400e:c2070, 9c9c57da-14dc-454a-b374-789aa5e765a9:c2070]
2019-09-16 23:35:00,938 [grpc-default-executor-3] INFO  client.GrpcClientProtocolClient (GrpcClientProtocolClient.java:onNext(264)) - client-C79DE3E06697->1d6da99a-ba9a-4d72-abd2-d0f1aa02f12f: receive RaftClientReply:client-C79DE3E06697->1d6da99a-ba9a-4d72-abd2-d0f1aa02f12f@group-B29EE812FB58, cid=1459, SUCCESS, logIndex=2072, commits[1d6da99a-ba9a-4d72-abd2-d0f1aa02f12f:c2072, 9dc27687-2024-46ae-8b6e-c9027bfa400e:c2070, 9c9c57da-14dc-454a-b374-789aa5e765a9:c2070]
2019-09-16 23:35:00,973 [grpc-default-executor-3] INFO  client.GrpcClientProtocolClient (GrpcClientProtocolClient.java:onNext(264)) - client-C79DE3E06697->1d6da99a-ba9a-4d72-abd2-d0f1aa02f12f: receive RaftClientReply:client-C79DE3E06697->1d6da99a-ba9a-4d72-abd2-d0f1aa02f12f@group-B29EE812FB58, cid=1460, SUCCESS, logIndex=2075, commits[1d6da99a-ba9a-4d72-abd2-d0f1aa02f12f:c2076, 9dc27687-2024-46ae-8b6e-c9027bfa400e:c2072, 9c9c57da-14dc-454a-b374-789aa5e765a9:c2072]
2019-09-16 23:35:00,973 [grpc-default-executor-3] INFO  client.GrpcClientProtocolClient (GrpcClientProtocolClient.java:onNext(264)) - client-C79DE3E06697->1d6da99a-ba9a-4d72-abd2-d0f1aa02f12f: receive RaftClientReply:client-C79DE3E06697->1d6da99a-ba9a-4d72-abd2-d0f1aa02f12f@group-B29EE812FB58, cid=1461, SUCCESS, logIndex=2076, commits[1d6da99a-ba9a-4d72-abd2-d0f1aa02f12f:c2076, 9dc27687-2024-46ae-8b6e-c9027bfa400e:c2072, 9c9c57da-14dc-454a-b374-789aa5e765a9:c2072]
2019-09-16 23:35:00,985 [grpc-default-executor-3] INFO  client.GrpcClientProtocolClient (GrpcClientProtocolClient.java:onNext(264)) - client-C79DE3E06697->1d6da99a-ba9a-4d72-abd2-d0f1aa02f12f: receive RaftClientReply:client-C79DE3E06697->1d6da99a-ba9a-4d72-abd2-d0f1aa02f12f@group-B29EE812FB58, cid=1462, SUCCESS, logIndex=0, commits[1d6da99a-ba9a-4d72-abd2-d0f1aa02f12f:c2078, 9dc27687-2024-46ae-8b6e-c9027bfa400e:c2076, 9c9c57da-14dc-454a-b374-789aa5e765a9:c2076]
2019-09-16 23:35:01,006 [grpc-default-executor-1] INFO  client.GrpcClientProtocolClient (GrpcClientProtocolClient.java:onNext(264)) - client-C79DE3E06697->1d6da99a-ba9a-4d72-abd2-d0f1aa02f12f: receive RaftClientReply:client-C79DE3E06697->1d6da99a-ba9a-4d72-abd2-d0f1aa02f12f@group-B29EE812FB58, cid=1463, SUCCESS, logIndex=2079, commits[1d6da99a-ba9a-4d72-abd2-d0f1aa02f12f:c2081, 9dc27687-2024-46ae-8b6e-c9027bfa400e:c2076, 9c9c57da-14dc-454a-b374-789aa5e765a9:c2078]
2019-09-16 23:35:01,007 [grpc-default-executor-1] INFO  client.GrpcClientProtocolClient (GrpcClientProtocolClient.java:onNext(264)) - client-C79DE3E06697->1d6da99a-ba9a-4d72-abd2-d0f1aa02f12f: receive RaftClientReply:client-C79DE3E06697->1d6da99a-ba9a-4d72-abd2-d0f1aa02f12f@group-B29EE812FB58, cid=1464, SUCCESS, logIndex=2080, commits[1d6da99a-ba9a-4d72-abd2-d0f1aa02f12f:c2082, 9dc27687-2024-46ae-8b6e-c9027bfa400e:c2076, 9c9c57da-14dc-454a-b374-789aa5e765a9:c2078]
2019-09-16 23:35:01,007 [grpc-default-executor-1] INFO  client.GrpcClientProtocolClient (GrpcClientProtocolClient.java:onNext(264)) - client-C79DE3E06697->1d6da99a-ba9a-4d72-abd2-d0f1aa02f12f: receive RaftClientReply:client-C79DE3E06697->1d6da99a-ba9a-4d72-abd2-d0f1aa02f12f@group-B29EE812FB58, cid=1465, SUCCESS, logIndex=2081, commits[1d6da99a-ba9a-4d72-abd2-d0f1aa02f12f:c2082, 9dc27687-2024-46ae-8b6e-c9027bfa400e:c2076, 9c9c57da-14dc-454a-b374-789aa5e765a9:c2078]
2019-09-16 23:35:01,007 [grpc-default-executor-1] INFO  client.GrpcClientProtocolClient (GrpcClientProtocolClient.java:onNext(264)) - client-C79DE3E06697->1d6da99a-ba9a-4d72-abd2-d0f1aa02f12f: receive RaftClientReply:client-C79DE3E06697->1d6da99a-ba9a-4d72-abd2-d0f1aa02f12f@group-B29EE812FB58, cid=1466, SUCCESS, logIndex=2082, commits[1d6da99a-ba9a-4d72-abd2-d0f1aa02f12f:c2082, 9dc27687-2024-46ae-8b6e-c9027bfa400e:c2076, 9c9c57da-14dc-454a-b374-789aa5e765a9:c2078]
2019-09-16 23:35:01,030 [grpc-default-executor-1] INFO  client.GrpcClientProtocolClient (GrpcClientProtocolClient.java:onNext(264)) - client-C79DE3E06697->1d6da99a-ba9a-4d72-abd2-d0f1aa02f12f: receive RaftClientReply:client-C79DE3E06697->1d6da99a-ba9a-4d72-abd2-d0f1aa02f12f@group-B29EE812FB58, cid=1467, SUCCESS, logIndex=0, commits[1d6da99a-ba9a-4d72-abd2-d0f1aa02f12f:c2086, 9dc27687-2024-46ae-8b6e-c9027bfa400e:c2082, 9c9c57da-14dc-454a-b374-789aa5e765a9:c2081]
2019-09-16 23:35:01,047 [grpc-default-executor-1] INFO  client.GrpcClientProtocolClient (GrpcClientProtocolClient.java:onNext(264)) - client-C79DE3E06697->1d6da99a-ba9a-4d72-abd2-d0f1aa02f12f: receive RaftClientReply:client-C79DE3E06697->1d6da99a-ba9a-4d72-abd2-d0f1aa02f12f@group-B29EE812FB58, cid=1468, SUCCESS, logIndex=2087, commits[1d6da99a-ba9a-4d72-abd2-d0f1aa02f12f:c2088, 9dc27687-2024-46ae-8b6e-c9027bfa400e:c2086, 9c9c57da-14dc-454a-b374-789aa5e765a9:c2086]
2019-09-16 23:35:01,047 [grpc-default-executor-1] INFO  client.GrpcClientProtocolClient (GrpcClientProtocolClient.java:onNext(264)) - client-C79DE3E06697->1d6da99a-ba9a-4d72-abd2-d0f1aa02f12f: receive RaftClientReply:client-C79DE3E06697->1d6da99a-ba9a-4d72-abd2-d0f1aa02f12f@group-B29EE812FB58, cid=1469, SUCCESS, logIndex=2088, commits[1d6da99a-ba9a-4d72-abd2-d0f1aa02f12f:c2088, 9dc27687-2024-46ae-8b6e-c9027bfa400e:c2086, 9c9c57da-14dc-454a-b374-789aa5e765a9:c2086]
2019-09-16 23:35:01,061 [grpc-default-executor-1] INFO  client.GrpcClientProtocolClient (GrpcClientProtocolClient.java:onNext(264)) - client-C79DE3E06697->1d6da99a-ba9a-4d72-abd2-d0f1aa02f12f: receive RaftClientReply:client-C79DE3E06697->1d6da99a-ba9a-4d72-abd2-d0f1aa02f12f@group-B29EE812FB58, cid=1470, SUCCESS, logIndex=2091, commits[1d6da99a-ba9a-4d72-abd2-d0f1aa02f12f:c2091, 9dc27687-2024-46ae-8b6e-c9027bfa400e:c2088, 9c9c57da-14dc-454a-b374-789aa5e765a9:c2088]
2019-09-16 23:35:01,062 [grpc-default-executor-1] INFO  client.GrpcClientProtocolClient (GrpcClientProtocolClient.java:onNext(264)) - client-C79DE3E06697->1d6da99a-ba9a-4d72-abd2-d0f1aa02f12f: receive RaftClientReply:client-C79DE3E06697->1d6da99a-ba9a-4d72-abd2-d0f1aa02f12f@group-B29EE812FB58, cid=1471, SUCCESS, logIndex=2092, commits[1d6da99a-ba9a-4d72-abd2-d0f1aa02f12f:c2092, 9dc27687-2024-46ae-8b6e-c9027bfa400e:c2088, 9c9c57da-14dc-454a-b374-789aa5e765a9:c2088]
2019-09-16 23:35:01,073 [grpc-default-executor-6] INFO  client.GrpcClientProtocolClient (GrpcClientProtocolClient.java:onNext(264)) - client-C79DE3E06697->1d6da99a-ba9a-4d72-abd2-d0f1aa02f12f: receive RaftClientReply:client-C79DE3E06697->1d6da99a-ba9a-4d72-abd2-d0f1aa02f12f@group-B29EE812FB58, cid=1472, SUCCESS, logIndex=0, commits[1d6da99a-ba9a-4d72-abd2-d0f1aa02f12f:c2094, 9dc27687-2024-46ae-8b6e-c9027bfa400e:c2092, 9c9c57da-14dc-454a-b374-789aa5e765a9:c2092]
2019-09-16 23:35:01,101 [grpc-default-executor-7] INFO  client.GrpcClientProtocolClient (GrpcClientProtocolClient.java:onNext(264)) - client-C79DE3E06697->1d6da99a-ba9a-4d72-abd2-d0f1aa02f12f: receive RaftClientReply:client-C79DE3E06697->1d6da99a-ba9a-4d72-abd2-d0f1aa02f12f@group-B29EE812FB58, cid=1473, SUCCESS, logIndex=2095, commits[1d6da99a-ba9a-4d72-abd2-d0f1aa02f12f:c2096, 9dc27687-2024-46ae-8b6e-c9027bfa400e:c2094, 9c9c57da-14dc-454a-b374-789aa5e765a9:c2094]
2019-09-16 23:35:01,101 [grpc-default-executor-7] INFO  client.GrpcClientProtocolClient (GrpcClientProtocolClient.java:onNext(264)) - client-C79DE3E06697->1d6da99a-ba9a-4d72-abd2-d0f1aa02f12f: receive RaftClientReply:client-C79DE3E06697->1d6da99a-ba9a-4d72-abd2-d0f1aa02f12f@group-B29EE812FB58, cid=1474, SUCCESS, logIndex=2096, commits[1d6da99a-ba9a-4d72-abd2-d0f1aa02f12f:c2098, 9dc27687-2024-46ae-8b6e-c9027bfa400e:c2094, 9c9c57da-14dc-454a-b374-789aa5e765a9:c2094]
2019-09-16 23:35:01,101 [grpc-default-executor-7] INFO  client.GrpcClientProtocolClient (GrpcClientProtocolClient.java:onNext(264)) - client-C79DE3E06697->1d6da99a-ba9a-4d72-abd2-d0f1aa02f12f: receive RaftClientReply:client-C79DE3E06697->1d6da99a-ba9a-4d72-abd2-d0f1aa02f12f@group-B29EE812FB58, cid=1475, SUCCESS, logIndex=2097, commits[1d6da99a-ba9a-4d72-abd2-d0f1aa02f12f:c2098, 9dc27687-2024-46ae-8b6e-c9027bfa400e:c2094, 9c9c57da-14dc-454a-b374-789aa5e765a9:c2094]
2019-09-16 23:35:01,101 [grpc-default-executor-7] INFO  client.GrpcClientProtocolClient (GrpcClientProtocolClient.java:onNext(264)) - client-C79DE3E06697->1d6da99a-ba9a-4d72-abd2-d0f1aa02f12f: receive RaftClientReply:client-C79DE3E06697->1d6da99a-ba9a-4d72-abd2-d0f1aa02f12f@group-B29EE812FB58, cid=1476, SUCCESS, logIndex=2098, commits[1d6da99a-ba9a-4d72-abd2-d0f1aa02f12f:c2098, 9dc27687-2024-46ae-8b6e-c9027bfa400e:c2094, 9c9c57da-14dc-454a-b374-789aa5e765a9:c2094]
2019-09-16 23:35:01,115 [grpc-default-executor-7] INFO  client.GrpcClientProtocolClient (GrpcClientProtocolClient.java:onNext(264)) - client-C79DE3E06697->1d6da99a-ba9a-4d72-abd2-d0f1aa02f12f: receive RaftClientReply:client-C79DE3E06697->1d6da99a-ba9a-4d72-abd2-d0f1aa02f12f@group-B29EE812FB58, cid=1477, SUCCESS, logIndex=0, commits[1d6da99a-ba9a-4d72-abd2-d0f1aa02f12f:c2102, 9dc27687-2024-46ae-8b6e-c9027bfa400e:c2096, 9c9c57da-14dc-454a-b374-789aa5e765a9:c2098]
2019-09-16 23:35:01,125 [grpc-default-executor-6] INFO  client.GrpcClientProtocolClient (GrpcClientProtocolClient.java:onNext(264)) - client-C79DE3E06697->1d6da99a-ba9a-4d72-abd2-d0f1aa02f12f: receive RaftClientReply:client-C79DE3E06697->1d6da99a-ba9a-4d72-abd2-d0f1aa02f12f@group-B29EE812FB58, cid=1478, SUCCESS, logIndex=2103, commits[1d6da99a-ba9a-4d72-abd2-d0f1aa02f12f:c2104, 9dc27687-2024-46ae-8b6e-c9027bfa400e:c2102, 9c9c57da-14dc-454a-b374-789aa5e765a9:c2102]
2019-09-16 23:35:01,125 [grpc-default-executor-6] INFO  client.GrpcClientProtocolClient (GrpcClientProtocolClient.java:onNext(264)) - client-C79DE3E06697->1d6da99a-ba9a-4d72-abd2-d0f1aa02f12f: receive RaftClientReply:client-C79DE3E06697->1d6da99a-ba9a-4d72-abd2-d0f1aa02f12f@group-B29EE812FB58, cid=1479, SUCCESS, logIndex=2104, commits[1d6da99a-ba9a-4d72-abd2-d0f1aa02f12f:c2104, 9dc27687-2024-46ae-8b6e-c9027bfa400e:c2102, 9c9c57da-14dc-454a-b374-789aa5e765a9:c2102]
2019-09-16 23:35:01,144 [grpc-default-executor-6] INFO  client.GrpcClientProtocolClient (GrpcClientProtocolClient.java:onNext(264)) - client-C79DE3E06697->1d6da99a-ba9a-4d72-abd2-d0f1aa02f12f: receive RaftClientReply:client-C79DE3E06697->1d6da99a-ba9a-4d72-abd2-d0f1aa02f12f@group-B29EE812FB58, cid=1480, SUCCESS, logIndex=2107, commits[1d6da99a-ba9a-4d72-abd2-d0f1aa02f12f:c2108, 9dc27687-2024-46ae-8b6e-c9027bfa400e:c2104, 9c9c57da-14dc-454a-b374-789aa5e765a9:c2104]
2019-09-16 23:35:01,144 [grpc-default-executor-6] INFO  client.GrpcClientProtocolClient (GrpcClientProtocolClient.java:onNext(264)) - client-C79DE3E06697->1d6da99a-ba9a-4d72-abd2-d0f1aa02f12f: receive RaftClientReply:client-C79DE3E06697->1d6da99a-ba9a-4d72-abd2-d0f1aa02f12f@group-B29EE812FB58, cid=1481, SUCCESS, logIndex=2108, commits[1d6da99a-ba9a-4d72-abd2-d0f1aa02f12f:c2108, 9dc27687-2024-46ae-8b6e-c9027bfa400e:c2104, 9c9c57da-14dc-454a-b374-789aa5e765a9:c2104]
2019-09-16 23:35:01,158 [grpc-default-executor-6] INFO  client.GrpcClientProtocolClient (GrpcClientProtocolClient.java:onNext(264)) - client-C79DE3E06697->1d6da99a-ba9a-4d72-abd2-d0f1aa02f12f: receive RaftClientReply:client-C79DE3E06697->1d6da99a-ba9a-4d72-abd2-d0f1aa02f12f@group-B29EE812FB58, cid=1482, SUCCESS, logIndex=0, commits[1d6da99a-ba9a-4d72-abd2-d0f1aa02f12f:c2110, 9dc27687-2024-46ae-8b6e-c9027bfa400e:c2108, 9c9c57da-14dc-454a-b374-789aa5e765a9:c2108]
2019-09-16 23:35:01,263 [grpc-default-executor-7] INFO  client.GrpcClientProtocolClient (GrpcClientProtocolClient.java:onNext(264)) - client-C79DE3E06697->1d6da99a-ba9a-4d72-abd2-d0f1aa02f12f: receive RaftClientReply:client-C79DE3E06697->1d6da99a-ba9a-4d72-abd2-d0f1aa02f12f@group-B29EE812FB58, cid=1483, SUCCESS, logIndex=2111, commits[1d6da99a-ba9a-4d72-abd2-d0f1aa02f12f:c2112, 9dc27687-2024-46ae-8b6e-c9027bfa400e:c2108, 9c9c57da-14dc-454a-b374-789aa5e765a9:c2110]
2019-09-16 23:35:01,264 [grpc-default-executor-7] INFO  client.GrpcClientProtocolClient (GrpcClientProtocolClient.java:onNext(264)) - client-C79DE3E06697->1d6da99a-ba9a-4d72-abd2-d0f1aa02f12f: receive RaftClientReply:client-C79DE3E06697->1d6da99a-ba9a-4d72-abd2-d0f1aa02f12f@group-B29EE812FB58, cid=1484, SUCCESS, logIndex=2112, commits[1d6da99a-ba9a-4d72-abd2-d0f1aa02f12f:c2112, 9dc27687-2024-46ae-8b6e-c9027bfa400e:c2108, 9c9c57da-14dc-454a-b374-789aa5e765a9:c2110]
2019-09-16 23:35:01,269 [grpc-default-executor-7] INFO  client.GrpcClientProtocolClient (GrpcClientProtocolClient.java:onNext(264)) - client-C79DE3E06697->1d6da99a-ba9a-4d72-abd2-d0f1aa02f12f: receive RaftClientReply:client-C79DE3E06697->1d6da99a-ba9a-4d72-abd2-d0f1aa02f12f@group-B29EE812FB58, cid=1485, SUCCESS, logIndex=2113, commits[1d6da99a-ba9a-4d72-abd2-d0f1aa02f12f:c2114, 9dc27687-2024-46ae-8b6e-c9027bfa400e:c2110, 9c9c57da-14dc-454a-b374-789aa5e765a9:c2110]
2019-09-16 23:35:01,269 [grpc-default-executor-7] INFO  client.GrpcClientProtocolClient (GrpcClientProtocolClient.java:onNext(264)) - client-C79DE3E06697->1d6da99a-ba9a-4d72-abd2-d0f1aa02f12f: receive RaftClientReply:client-C79DE3E06697->1d6da99a-ba9a-4d72-abd2-d0f1aa02f12f@group-B29EE812FB58, cid=1486, SUCCESS, logIndex=2114, commits[1d6da99a-ba9a-4d72-abd2-d0f1aa02f12f:c2115, 9dc27687-2024-46ae-8b6e-c9027bfa400e:c2110, 9c9c57da-14dc-454a-b374-789aa5e765a9:c2112]
2019-09-16 23:35:01,270 [grpc-default-executor-7] INFO  client.GrpcClientProtocolClient (GrpcClientProtocolClient.java:onNext(264)) - client-C79DE3E06697->1d6da99a-ba9a-4d72-abd2-d0f1aa02f12f: receive RaftClientReply:client-C79DE3E06697->1d6da99a-ba9a-4d72-abd2-d0f1aa02f12f@group-B29EE812FB58, cid=1487, SUCCESS, logIndex=0, commits[1d6da99a-ba9a-4d72-abd2-d0f1aa02f12f:c2117, 9dc27687-2024-46ae-8b6e-c9027bfa400e:c2113, 9c9c57da-14dc-454a-b374-789aa5e765a9:c2113]
2019-09-16 23:35:01,287 [grpc-default-executor-1] INFO  client.GrpcClientProtocolClient (GrpcClientProtocolClient.java:onNext(264)) - client-C79DE3E06697->1d6da99a-ba9a-4d72-abd2-d0f1aa02f12f: receive RaftClientReply:client-C79DE3E06697->1d6da99a-ba9a-4d72-abd2-d0f1aa02f12f@group-B29EE812FB58, cid=1488, SUCCESS, logIndex=2119, commits[1d6da99a-ba9a-4d72-abd2-d0f1aa02f12f:c2120, 9dc27687-2024-46ae-8b6e-c9027bfa400e:c2114, 9c9c57da-14dc-454a-b374-789aa5e765a9:c2118]
2019-09-16 23:35:01,288 [grpc-default-executor-1] INFO  client.GrpcClientProtocolClient (GrpcClientProtocolClient.java:onNext(264)) - client-C79DE3E06697->1d6da99a-ba9a-4d72-abd2-d0f1aa02f12f: receive RaftClientReply:client-C79DE3E06697->1d6da99a-ba9a-4d72-abd2-d0f1aa02f12f@group-B29EE812FB58, cid=1489, SUCCESS, logIndex=2120, commits[1d6da99a-ba9a-4d72-abd2-d0f1aa02f12f:c2120, 9dc27687-2024-46ae-8b6e-c9027bfa400e:c2118, 9c9c57da-14dc-454a-b374-789aa5e765a9:c2118]
2019-09-16 23:35:01,301 [grpc-default-executor-6] INFO  client.GrpcClientProtocolClient (GrpcClientProtocolClient.java:onNext(264)) - client-C79DE3E06697->1d6da99a-ba9a-4d72-abd2-d0f1aa02f12f: receive RaftClientReply:client-C79DE3E06697->1d6da99a-ba9a-4d72-abd2-d0f1aa02f12f@group-B29EE812FB58, cid=1490, SUCCESS, logIndex=2123, commits[1d6da99a-ba9a-4d72-abd2-d0f1aa02f12f:c2124, 9dc27687-2024-46ae-8b6e-c9027bfa400e:c2121, 9c9c57da-14dc-454a-b374-789aa5e765a9:c2121]
2019-09-16 23:35:01,301 [grpc-default-executor-6] INFO  client.GrpcClientProtocolClient (GrpcClientProtocolClient.java:onNext(264)) - client-C79DE3E06697->1d6da99a-ba9a-4d72-abd2-d0f1aa02f12f: receive RaftClientReply:client-C79DE3E06697->1d6da99a-ba9a-4d72-abd2-d0f1aa02f12f@group-B29EE812FB58, cid=1491, SUCCESS, logIndex=2124, commits[1d6da99a-ba9a-4d72-abd2-d0f1aa02f12f:c2124, 9dc27687-2024-46ae-8b6e-c9027bfa400e:c2121, 9c9c57da-14dc-454a-b374-789aa5e765a9:c2121]
2019-09-16 23:35:01,315 [grpc-default-executor-1] INFO  client.GrpcClientProtocolClient (GrpcClientProtocolClient.java:onNext(264)) - client-C79DE3E06697->1d6da99a-ba9a-4d72-abd2-d0f1aa02f12f: receive RaftClientReply:client-C79DE3E06697->1d6da99a-ba9a-4d72-abd2-d0f1aa02f12f@group-B29EE812FB58, cid=1492, SUCCESS, logIndex=0, commits[1d6da99a-ba9a-4d72-abd2-d0f1aa02f12f:c2126, 9dc27687-2024-46ae-8b6e-c9027bfa400e:c2124, 9c9c57da-14dc-454a-b374-789aa5e765a9:c2124]
2019-09-16 23:35:01,335 [grpc-default-executor-7] INFO  client.GrpcClientProtocolClient (GrpcClientProtocolClient.java:onNext(264)) - client-C79DE3E06697->1d6da99a-ba9a-4d72-abd2-d0f1aa02f12f: receive RaftClientReply:client-C79DE3E06697->1d6da99a-ba9a-4d72-abd2-d0f1aa02f12f@group-B29EE812FB58, cid=1493, SUCCESS, logIndex=2127, commits[1d6da99a-ba9a-4d72-abd2-d0f1aa02f12f:c2128, 9dc27687-2024-46ae-8b6e-c9027bfa400e:c2126, 9c9c57da-14dc-454a-b374-789aa5e765a9:c2126]
2019-09-16 23:35:01,335 [grpc-default-executor-7] INFO  client.GrpcClientProtocolClient (GrpcClientProtocolClient.java:onNext(264)) - client-C79DE3E06697->1d6da99a-ba9a-4d72-abd2-d0f1aa02f12f: receive RaftClientReply:client-C79DE3E06697->1d6da99a-ba9a-4d72-abd2-d0f1aa02f12f@group-B29EE812FB58, cid=1494, SUCCESS, logIndex=2128, commits[1d6da99a-ba9a-4d72-abd2-d0f1aa02f12f:c2130, 9dc27687-2024-46ae-8b6e-c9027bfa400e:c2126, 9c9c57da-14dc-454a-b374-789aa5e765a9:c2126]
2019-09-16 23:35:01,336 [grpc-default-executor-7] INFO  client.GrpcClientProtocolClient (GrpcClientProtocolClient.java:onNext(264)) - client-C79DE3E06697->1d6da99a-ba9a-4d72-abd2-d0f1aa02f12f: receive RaftClientReply:client-C79DE3E06697->1d6da99a-ba9a-4d72-abd2-d0f1aa02f12f@group-B29EE812FB58, cid=1495, SUCCESS, logIndex=2129, commits[1d6da99a-ba9a-4d72-abd2-d0f1aa02f12f:c2130, 9dc27687-2024-46ae-8b6e-c9027bfa400e:c2126, 9c9c57da-14dc-454a-b374-789aa5e765a9:c2126]
2019-09-16 23:35:01,336 [grpc-default-executor-7] INFO  client.GrpcClientProtocolClient (GrpcClientProtocolClient.java:onNext(264)) - client-C79DE3E06697->1d6da99a-ba9a-4d72-abd2-d0f1aa02f12f: receive RaftClientReply:client-C79DE3E06697->1d6da99a-ba9a-4d72-abd2-d0f1aa02f12f@group-B29EE812FB58, cid=1496, SUCCESS, logIndex=2130, commits[1d6da99a-ba9a-4d72-abd2-d0f1aa02f12f:c2130, 9dc27687-2024-46ae-8b6e-c9027bfa400e:c2126, 9c9c57da-14dc-454a-b374-789aa5e765a9:c2126]
2019-09-16 23:35:01,346 [grpc-default-executor-7] INFO  client.GrpcClientProtocolClient (GrpcClientProtocolClient.java:onNext(264)) - client-C79DE3E06697->1d6da99a-ba9a-4d72-abd2-d0f1aa02f12f: receive RaftClientReply:client-C79DE3E06697->1d6da99a-ba9a-4d72-abd2-d0f1aa02f12f@group-B29EE812FB58, cid=1497, SUCCESS, logIndex=0, commits[1d6da99a-ba9a-4d72-abd2-d0f1aa02f12f:c2131, 9dc27687-2024-46ae-8b6e-c9027bfa400e:c2128, 9c9c57da-14dc-454a-b374-789aa5e765a9:c2128]
2019-09-16 23:35:01,366 [grpc-default-executor-6] INFO  client.GrpcClientProtocolClient (GrpcClientProtocolClient.java:onNext(264)) - client-C79DE3E06697->1d6da99a-ba9a-4d72-abd2-d0f1aa02f12f: receive RaftClientReply:client-C79DE3E06697->1d6da99a-ba9a-4d72-abd2-d0f1aa02f12f@group-B29EE812FB58, cid=1498, SUCCESS, logIndex=2135, commits[1d6da99a-ba9a-4d72-abd2-d0f1aa02f12f:c2136, 9dc27687-2024-46ae-8b6e-c9027bfa400e:c2134, 9c9c57da-14dc-454a-b374-789aa5e765a9:c2134]
2019-09-16 23:35:01,366 [grpc-default-executor-6] INFO  client.GrpcClientProtocolClient (GrpcClientProtocolClient.java:onNext(264)) - client-C79DE3E06697->1d6da99a-ba9a-4d72-abd2-d0f1aa02f12f: receive RaftClientReply:client-C79DE3E06697->1d6da99a-ba9a-4d72-abd2-d0f1aa02f12f@group-B29EE812FB58, cid=1499, SUCCESS, logIndex=2136, commits[1d6da99a-ba9a-4d72-abd2-d0f1aa02f12f:c2136, 9dc27687-2024-46ae-8b6e-c9027bfa400e:c2134, 9c9c57da-14dc-454a-b374-789aa5e765a9:c2134]
2019-09-16 23:35:01,380 [grpc-default-executor-6] INFO  client.GrpcClientProtocolClient (GrpcClientProtocolClient.java:onNext(264)) - client-C79DE3E06697->1d6da99a-ba9a-4d72-abd2-d0f1aa02f12f: receive RaftClientReply:client-C79DE3E06697->1d6da99a-ba9a-4d72-abd2-d0f1aa02f12f@group-B29EE812FB58, cid=1500, SUCCESS, logIndex=2139, commits[1d6da99a-ba9a-4d72-abd2-d0f1aa02f12f:c2140, 9dc27687-2024-46ae-8b6e-c9027bfa400e:c2136, 9c9c57da-14dc-454a-b374-789aa5e765a9:c2136]
2019-09-16 23:35:01,380 [grpc-default-executor-6] INFO  client.GrpcClientProtocolClient (GrpcClientProtocolClient.java:onNext(264)) - client-C79DE3E06697->1d6da99a-ba9a-4d72-abd2-d0f1aa02f12f: receive RaftClientReply:client-C79DE3E06697->1d6da99a-ba9a-4d72-abd2-d0f1aa02f12f@group-B29EE812FB58, cid=1501, SUCCESS, logIndex=2140, commits[1d6da99a-ba9a-4d72-abd2-d0f1aa02f12f:c2140, 9dc27687-2024-46ae-8b6e-c9027bfa400e:c2136, 9c9c57da-14dc-454a-b374-789aa5e765a9:c2136]
2019-09-16 23:35:01,412 [grpc-default-executor-1] INFO  client.GrpcClientProtocolClient (GrpcClientProtocolClient.java:onNext(264)) - client-C79DE3E06697->1d6da99a-ba9a-4d72-abd2-d0f1aa02f12f: receive RaftClientReply:client-C79DE3E06697->1d6da99a-ba9a-4d72-abd2-d0f1aa02f12f@group-B29EE812FB58, cid=1502, SUCCESS, logIndex=0, commits[1d6da99a-ba9a-4d72-abd2-d0f1aa02f12f:c2142, 9dc27687-2024-46ae-8b6e-c9027bfa400e:c2140, 9c9c57da-14dc-454a-b374-789aa5e765a9:c2140]
2019-09-16 23:35:01,441 [grpc-default-executor-6] INFO  client.GrpcClientProtocolClient (GrpcClientProtocolClient.java:onNext(264)) - client-C79DE3E06697->1d6da99a-ba9a-4d72-abd2-d0f1aa02f12f: receive RaftClientReply:client-C79DE3E06697->1d6da99a-ba9a-4d72-abd2-d0f1aa02f12f@group-B29EE812FB58, cid=1503, SUCCESS, logIndex=2143, commits[1d6da99a-ba9a-4d72-abd2-d0f1aa02f12f:c2144, 9dc27687-2024-46ae-8b6e-c9027bfa400e:c2142, 9c9c57da-14dc-454a-b374-789aa5e765a9:c2142]
2019-09-16 23:35:01,441 [grpc-default-executor-6] INFO  client.GrpcClientProtocolClient (GrpcClientProtocolClient.java:onNext(264)) - client-C79DE3E06697->1d6da99a-ba9a-4d72-abd2-d0f1aa02f12f: receive RaftClientReply:client-C79DE3E06697->1d6da99a-ba9a-4d72-abd2-d0f1aa02f12f@group-B29EE812FB58, cid=1504, SUCCESS, logIndex=2144, commits[1d6da99a-ba9a-4d72-abd2-d0f1aa02f12f:c2146, 9dc27687-2024-46ae-8b6e-c9027bfa400e:c2142, 9c9c57da-14dc-454a-b374-789aa5e765a9:c2142]
2019-09-16 23:35:01,441 [grpc-default-executor-6] INFO  client.GrpcClientProtocolClient (GrpcClientProtocolClient.java:onNext(264)) - client-C79DE3E06697->1d6da99a-ba9a-4d72-abd2-d0f1aa02f12f: receive RaftClientReply:client-C79DE3E06697->1d6da99a-ba9a-4d72-abd2-d0f1aa02f12f@group-B29EE812FB58, cid=1505, SUCCESS, logIndex=2145, commits[1d6da99a-ba9a-4d72-abd2-d0f1aa02f12f:c2146, 9dc27687-2024-46ae-8b6e-c9027bfa400e:c2142, 9c9c57da-14dc-454a-b374-789aa5e765a9:c2142]
2019-09-16 23:35:01,441 [grpc-default-executor-6] INFO  client.GrpcClientProtocolClient (GrpcClientProtocolClient.java:onNext(264)) - client-C79DE3E06697->1d6da99a-ba9a-4d72-abd2-d0f1aa02f12f: receive RaftClientReply:client-C79DE3E06697->1d6da99a-ba9a-4d72-abd2-d0f1aa02f12f@group-B29EE812FB58, cid=1506, SUCCESS, logIndex=2146, commits[1d6da99a-ba9a-4d72-abd2-d0f1aa02f12f:c2146, 9dc27687-2024-46ae-8b6e-c9027bfa400e:c2142, 9c9c57da-14dc-454a-b374-789aa5e765a9:c2142]
2019-09-16 23:35:01,454 [grpc-default-executor-3] INFO  client.GrpcClientProtocolClient (GrpcClientProtocolClient.java:onNext(264)) - client-C79DE3E06697->1d6da99a-ba9a-4d72-abd2-d0f1aa02f12f: receive RaftClientReply:client-C79DE3E06697->1d6da99a-ba9a-4d72-abd2-d0f1aa02f12f@group-B29EE812FB58, cid=1507, SUCCESS, logIndex=0, commits[1d6da99a-ba9a-4d72-abd2-d0f1aa02f12f:c2148, 9dc27687-2024-46ae-8b6e-c9027bfa400e:c2144, 9c9c57da-14dc-454a-b374-789aa5e765a9:c2144]
2019-09-16 23:35:01,470 [grpc-default-executor-7] INFO  client.GrpcClientProtocolClient (GrpcClientProtocolClient.java:onNext(264)) - client-C79DE3E06697->1d6da99a-ba9a-4d72-abd2-d0f1aa02f12f: receive RaftClientReply:client-C79DE3E06697->1d6da99a-ba9a-4d72-abd2-d0f1aa02f12f@group-B29EE812FB58, cid=1508, SUCCESS, logIndex=2151, commits[1d6da99a-ba9a-4d72-abd2-d0f1aa02f12f:c2152, 9dc27687-2024-46ae-8b6e-c9027bfa400e:c2150, 9c9c57da-14dc-454a-b374-789aa5e765a9:c2150]
2019-09-16 23:35:01,470 [grpc-default-executor-7] INFO  client.GrpcClientProtocolClient (GrpcClientProtocolClient.java:onNext(264)) - client-C79DE3E06697->1d6da99a-ba9a-4d72-abd2-d0f1aa02f12f: receive RaftClientReply:client-C79DE3E06697->1d6da99a-ba9a-4d72-abd2-d0f1aa02f12f@group-B29EE812FB58, cid=1509, SUCCESS, logIndex=2152, commits[1d6da99a-ba9a-4d72-abd2-d0f1aa02f12f:c2152, 9dc27687-2024-46ae-8b6e-c9027bfa400e:c2150, 9c9c57da-14dc-454a-b374-789aa5e765a9:c2150]
2019-09-16 23:35:01,485 [grpc-default-executor-6] INFO  client.GrpcClientProtocolClient (GrpcClientProtocolClient.java:onNext(264)) - client-C79DE3E06697->1d6da99a-ba9a-4d72-abd2-d0f1aa02f12f: receive RaftClientReply:client-C79DE3E06697->1d6da99a-ba9a-4d72-abd2-d0f1aa02f12f@group-B29EE812FB58, cid=1510, SUCCESS, logIndex=2155, commits[1d6da99a-ba9a-4d72-abd2-d0f1aa02f12f:c2156, 9dc27687-2024-46ae-8b6e-c9027bfa400e:c2152, 9c9c57da-14dc-454a-b374-789aa5e765a9:c2152]
2019-09-16 23:35:01,485 [grpc-default-executor-6] INFO  client.GrpcClientProtocolClient (GrpcClientProtocolClient.java:onNext(264)) - client-C79DE3E06697->1d6da99a-ba9a-4d72-abd2-d0f1aa02f12f: receive RaftClientReply:client-C79DE3E06697->1d6da99a-ba9a-4d72-abd2-d0f1aa02f12f@group-B29EE812FB58, cid=1511, SUCCESS, logIndex=2156, commits[1d6da99a-ba9a-4d72-abd2-d0f1aa02f12f:c2156, 9dc27687-2024-46ae-8b6e-c9027bfa400e:c2152, 9c9c57da-14dc-454a-b374-789aa5e765a9:c2152]
2019-09-16 23:35:01,495 [grpc-default-executor-6] INFO  client.GrpcClientProtocolClient (GrpcClientProtocolClient.java:onNext(264)) - client-C79DE3E06697->1d6da99a-ba9a-4d72-abd2-d0f1aa02f12f: receive RaftClientReply:client-C79DE3E06697->1d6da99a-ba9a-4d72-abd2-d0f1aa02f12f@group-B29EE812FB58, cid=1512, SUCCESS, logIndex=0, commits[1d6da99a-ba9a-4d72-abd2-d0f1aa02f12f:c2158, 9dc27687-2024-46ae-8b6e-c9027bfa400e:c2156, 9c9c57da-14dc-454a-b374-789aa5e765a9:c2156]
2019-09-16 23:35:01,511 [grpc-default-executor-3] INFO  client.GrpcClientProtocolClient (GrpcClientProtocolClient.java:onNext(264)) - client-C79DE3E06697->1d6da99a-ba9a-4d72-abd2-d0f1aa02f12f: receive RaftClientReply:client-C79DE3E06697->1d6da99a-ba9a-4d72-abd2-d0f1aa02f12f@group-B29EE812FB58, cid=1513, SUCCESS, logIndex=2159, commits[1d6da99a-ba9a-4d72-abd2-d0f1aa02f12f:c2160, 9dc27687-2024-46ae-8b6e-c9027bfa400e:c2156, 9c9c57da-14dc-454a-b374-789aa5e765a9:c2158]
2019-09-16 23:35:01,511 [grpc-default-executor-3] INFO  client.GrpcClientProtocolClient (GrpcClientProtocolClient.java:onNext(264)) - client-C79DE3E06697->1d6da99a-ba9a-4d72-abd2-d0f1aa02f12f: receive RaftClientReply:client-C79DE3E06697->1d6da99a-ba9a-4d72-abd2-d0f1aa02f12f@group-B29EE812FB58, cid=1514, SUCCESS, logIndex=2160, commits[1d6da99a-ba9a-4d72-abd2-d0f1aa02f12f:c2160, 9dc27687-2024-46ae-8b6e-c9027bfa400e:c2156, 9c9c57da-14dc-454a-b374-789aa5e765a9:c2158]
2019-09-16 23:35:01,513 [grpc-default-executor-6] INFO  client.GrpcClientProtocolClient (GrpcClientProtocolClient.java:onNext(264)) - client-C79DE3E06697->1d6da99a-ba9a-4d72-abd2-d0f1aa02f12f: receive RaftClientReply:client-C79DE3E06697->1d6da99a-ba9a-4d72-abd2-d0f1aa02f12f@group-B29EE812FB58, cid=1515, SUCCESS, logIndex=2161, commits[1d6da99a-ba9a-4d72-abd2-d0f1aa02f12f:c2162, 9dc27687-2024-46ae-8b6e-c9027bfa400e:c2158, 9c9c57da-14dc-454a-b374-789aa5e765a9:c2158]
2019-09-16 23:35:01,514 [grpc-default-executor-7] INFO  client.GrpcClientProtocolClient (GrpcClientProtocolClient.java:onNext(264)) - client-C79DE3E06697->1d6da99a-ba9a-4d72-abd2-d0f1aa02f12f: receive RaftClientReply:client-C79DE3E06697->1d6da99a-ba9a-4d72-abd2-d0f1aa02f12f@group-B29EE812FB58, cid=1516, SUCCESS, logIndex=2162, commits[1d6da99a-ba9a-4d72-abd2-d0f1aa02f12f:c2163, 9dc27687-2024-46ae-8b6e-c9027bfa400e:c2158, 9c9c57da-14dc-454a-b374-789aa5e765a9:c2159]
2019-09-16 23:35:01,514 [grpc-default-executor-7] INFO  client.GrpcClientProtocolClient (GrpcClientProtocolClient.java:onNext(264)) - client-C79DE3E06697->1d6da99a-ba9a-4d72-abd2-d0f1aa02f12f: receive RaftClientReply:client-C79DE3E06697->1d6da99a-ba9a-4d72-abd2-d0f1aa02f12f@group-B29EE812FB58, cid=1517, SUCCESS, logIndex=0, commits[1d6da99a-ba9a-4d72-abd2-d0f1aa02f12f:c2164, 9dc27687-2024-46ae-8b6e-c9027bfa400e:c2160, 9c9c57da-14dc-454a-b374-789aa5e765a9:c2160]
2019-09-16 23:35:01,531 [grpc-default-executor-6] INFO  client.GrpcClientProtocolClient (GrpcClientProtocolClient.java:onNext(264)) - client-C79DE3E06697->1d6da99a-ba9a-4d72-abd2-d0f1aa02f12f: receive RaftClientReply:client-C79DE3E06697->1d6da99a-ba9a-4d72-abd2-d0f1aa02f12f@group-B29EE812FB58, cid=1518, SUCCESS, logIndex=2167, commits[1d6da99a-ba9a-4d72-abd2-d0f1aa02f12f:c2168, 9dc27687-2024-46ae-8b6e-c9027bfa400e:c2166, 9c9c57da-14dc-454a-b374-789aa5e765a9:c2166]
2019-09-16 23:35:01,531 [grpc-default-executor-6] INFO  client.GrpcClientProtocolClient (GrpcClientProtocolClient.java:onNext(264)) - client-C79DE3E06697->1d6da99a-ba9a-4d72-abd2-d0f1aa02f12f: receive RaftClientReply:client-C79DE3E06697->1d6da99a-ba9a-4d72-abd2-d0f1aa02f12f@group-B29EE812FB58, cid=1519, SUCCESS, logIndex=2168, commits[1d6da99a-ba9a-4d72-abd2-d0f1aa02f12f:c2168, 9dc27687-2024-46ae-8b6e-c9027bfa400e:c2166, 9c9c57da-14dc-454a-b374-789aa5e765a9:c2166]
2019-09-16 23:35:01,551 [grpc-default-executor-6] INFO  client.GrpcClientProtocolClient (GrpcClientProtocolClient.java:onNext(264)) - client-C79DE3E06697->1d6da99a-ba9a-4d72-abd2-d0f1aa02f12f: receive RaftClientReply:client-C79DE3E06697->1d6da99a-ba9a-4d72-abd2-d0f1aa02f12f@group-B29EE812FB58, cid=1520, SUCCESS, logIndex=2171, commits[1d6da99a-ba9a-4d72-abd2-d0f1aa02f12f:c2172, 9dc27687-2024-46ae-8b6e-c9027bfa400e:c2168, 9c9c57da-14dc-454a-b374-789aa5e765a9:c2168]
2019-09-16 23:35:01,551 [grpc-default-executor-6] INFO  client.GrpcClientProtocolClient (GrpcClientProtocolClient.java:onNext(264)) - client-C79DE3E06697->1d6da99a-ba9a-4d72-abd2-d0f1aa02f12f: receive RaftClientReply:client-C79DE3E06697->1d6da99a-ba9a-4d72-abd2-d0f1aa02f12f@group-B29EE812FB58, cid=1521, SUCCESS, logIndex=2172, commits[1d6da99a-ba9a-4d72-abd2-d0f1aa02f12f:c2172, 9dc27687-2024-46ae-8b6e-c9027bfa400e:c2168, 9c9c57da-14dc-454a-b374-789aa5e765a9:c2168]
 0.00% |█                                                                                                    |  0/1 Time: 0:00:192019-09-16 23:35:01,568 [grpc-default-executor-6] INFO  client.GrpcClientProtocolClient (GrpcClientProtocolClient.java:onNext(264)) - client-C79DE3E06697->1d6da99a-ba9a-4d72-abd2-d0f1aa02f12f: receive RaftClientReply:client-C79DE3E06697->1d6da99a-ba9a-4d72-abd2-d0f1aa02f12f@group-B29EE812FB58, cid=1522, SUCCESS, logIndex=0, commits[1d6da99a-ba9a-4d72-abd2-d0f1aa02f12f:c2174, 9dc27687-2024-46ae-8b6e-c9027bfa400e:c2172, 9c9c57da-14dc-454a-b374-789aa5e765a9:c2172]
2019-09-16 23:35:01,590 [grpc-default-executor-7] INFO  client.GrpcClientProtocolClient (GrpcClientProtocolClient.java:onNext(264)) - client-C79DE3E06697->1d6da99a-ba9a-4d72-abd2-d0f1aa02f12f: receive RaftClientReply:client-C79DE3E06697->1d6da99a-ba9a-4d72-abd2-d0f1aa02f12f@group-B29EE812FB58, cid=1523, SUCCESS, logIndex=2175, commits[1d6da99a-ba9a-4d72-abd2-d0f1aa02f12f:c2176, 9dc27687-2024-46ae-8b6e-c9027bfa400e:c2174, 9c9c57da-14dc-454a-b374-789aa5e765a9:c2174]
2019-09-16 23:35:01,590 [grpc-default-executor-7] INFO  client.GrpcClientProtocolClient (GrpcClientProtocolClient.java:onNext(264)) - client-C79DE3E06697->1d6da99a-ba9a-4d72-abd2-d0f1aa02f12f: receive RaftClientReply:client-C79DE3E06697->1d6da99a-ba9a-4d72-abd2-d0f1aa02f12f@group-B29EE812FB58, cid=1524, SUCCESS, logIndex=2176, commits[1d6da99a-ba9a-4d72-abd2-d0f1aa02f12f:c2178, 9dc27687-2024-46ae-8b6e-c9027bfa400e:c2174, 9c9c57da-14dc-454a-b374-789aa5e765a9:c2174]
2019-09-16 23:35:01,590 [grpc-default-executor-7] INFO  client.GrpcClientProtocolClient (GrpcClientProtocolClient.java:onNext(264)) - client-C79DE3E06697->1d6da99a-ba9a-4d72-abd2-d0f1aa02f12f: receive RaftClientReply:client-C79DE3E06697->1d6da99a-ba9a-4d72-abd2-d0f1aa02f12f@group-B29EE812FB58, cid=1525, SUCCESS, logIndex=2177, commits[1d6da99a-ba9a-4d72-abd2-d0f1aa02f12f:c2178, 9dc27687-2024-46ae-8b6e-c9027bfa400e:c2174, 9c9c57da-14dc-454a-b374-789aa5e765a9:c2174]
2019-09-16 23:35:01,591 [grpc-default-executor-7] INFO  client.GrpcClientProtocolClient (GrpcClientProtocolClient.java:onNext(264)) - client-C79DE3E06697->1d6da99a-ba9a-4d72-abd2-d0f1aa02f12f: receive RaftClientReply:client-C79DE3E06697->1d6da99a-ba9a-4d72-abd2-d0f1aa02f12f@group-B29EE812FB58, cid=1526, SUCCESS, logIndex=2178, commits[1d6da99a-ba9a-4d72-abd2-d0f1aa02f12f:c2178, 9dc27687-2024-46ae-8b6e-c9027bfa400e:c2174, 9c9c57da-14dc-454a-b374-789aa5e765a9:c2174]
2019-09-16 23:35:01,592 [grpc-default-executor-7] INFO  client.GrpcClientProtocolClient (GrpcClientProtocolClient.java:onNext(264)) - client-C79DE3E06697->1d6da99a-ba9a-4d72-abd2-d0f1aa02f12f: receive RaftClientReply:client-C79DE3E06697->1d6da99a-ba9a-4d72-abd2-d0f1aa02f12f@group-B29EE812FB58, cid=1527, SUCCESS, logIndex=0, commits[1d6da99a-ba9a-4d72-abd2-d0f1aa02f12f:c2180, 9dc27687-2024-46ae-8b6e-c9027bfa400e:c2176, 9c9c57da-14dc-454a-b374-789aa5e765a9:c2176]
2019-09-16 23:35:01,610 [grpc-default-executor-6] INFO  client.GrpcClientProtocolClient (GrpcClientProtocolClient.java:onNext(264)) - client-C79DE3E06697->1d6da99a-ba9a-4d72-abd2-d0f1aa02f12f: receive RaftClientReply:client-C79DE3E06697->1d6da99a-ba9a-4d72-abd2-d0f1aa02f12f@group-B29EE812FB58, cid=1528, SUCCESS, logIndex=2183, commits[1d6da99a-ba9a-4d72-abd2-d0f1aa02f12f:c2184, 9dc27687-2024-46ae-8b6e-c9027bfa400e:c2182, 9c9c57da-14dc-454a-b374-789aa5e765a9:c2182]
2019-09-16 23:35:01,610 [grpc-default-executor-6] INFO  client.GrpcClientProtocolClient (GrpcClientProtocolClient.java:onNext(264)) - client-C79DE3E06697->1d6da99a-ba9a-4d72-abd2-d0f1aa02f12f: receive RaftClientReply:client-C79DE3E06697->1d6da99a-ba9a-4d72-abd2-d0f1aa02f12f@group-B29EE812FB58, cid=1529, SUCCESS, logIndex=2184, commits[1d6da99a-ba9a-4d72-abd2-d0f1aa02f12f:c2184, 9dc27687-2024-46ae-8b6e-c9027bfa400e:c2182, 9c9c57da-14dc-454a-b374-789aa5e765a9:c2182]
2019-09-16 23:35:01,623 [grpc-default-executor-3] INFO  client.GrpcClientProtocolClient (GrpcClientProtocolClient.java:onNext(264)) - client-C79DE3E06697->1d6da99a-ba9a-4d72-abd2-d0f1aa02f12f: receive RaftClientReply:client-C79DE3E06697->1d6da99a-ba9a-4d72-abd2-d0f1aa02f12f@group-B29EE812FB58, cid=1530, SUCCESS, logIndex=2187, commits[1d6da99a-ba9a-4d72-abd2-d0f1aa02f12f:c2188, 9dc27687-2024-46ae-8b6e-c9027bfa400e:c2184, 9c9c57da-14dc-454a-b374-789aa5e765a9:c2184]
2019-09-16 23:35:01,624 [grpc-default-executor-3] INFO  client.GrpcClientProtocolClient (GrpcClientProtocolClient.java:onNext(264)) - client-C79DE3E06697->1d6da99a-ba9a-4d72-abd2-d0f1aa02f12f: receive RaftClientReply:client-C79DE3E06697->1d6da99a-ba9a-4d72-abd2-d0f1aa02f12f@group-B29EE812FB58, cid=1531, SUCCESS, logIndex=2188, commits[1d6da99a-ba9a-4d72-abd2-d0f1aa02f12f:c2188, 9dc27687-2024-46ae-8b6e-c9027bfa400e:c2184, 9c9c57da-14dc-454a-b374-789aa5e765a9:c2184]
2019-09-16 23:35:01,642 [grpc-default-executor-7] INFO  client.GrpcClientProtocolClient (GrpcClientProtocolClient.java:onNext(264)) - client-C79DE3E06697->1d6da99a-ba9a-4d72-abd2-d0f1aa02f12f: receive RaftClientReply:client-C79DE3E06697->1d6da99a-ba9a-4d72-abd2-d0f1aa02f12f@group-B29EE812FB58, cid=1532, SUCCESS, logIndex=0, commits[1d6da99a-ba9a-4d72-abd2-d0f1aa02f12f:c2190, 9dc27687-2024-46ae-8b6e-c9027bfa400e:c2188, 9c9c57da-14dc-454a-b374-789aa5e765a9:c2188]
2019-09-16 23:35:01,713 [grpc-default-executor-7] INFO  client.GrpcClientProtocolClient (GrpcClientProtocolClient.java:onNext(264)) - client-C79DE3E06697->1d6da99a-ba9a-4d72-abd2-d0f1aa02f12f: receive RaftClientReply:client-C79DE3E06697->1d6da99a-ba9a-4d72-abd2-d0f1aa02f12f@group-B29EE812FB58, cid=1533, SUCCESS, logIndex=2191, commits[1d6da99a-ba9a-4d72-abd2-d0f1aa02f12f:c2193, 9dc27687-2024-46ae-8b6e-c9027bfa400e:c2190, 9c9c57da-14dc-454a-b374-789aa5e765a9:c2190]
2019-09-16 23:35:01,714 [grpc-default-executor-7] INFO  client.GrpcClientProtocolClient (GrpcClientProtocolClient.java:onNext(264)) - client-C79DE3E06697->1d6da99a-ba9a-4d72-abd2-d0f1aa02f12f: receive RaftClientReply:client-C79DE3E06697->1d6da99a-ba9a-4d72-abd2-d0f1aa02f12f@group-B29EE812FB58, cid=1534, SUCCESS, logIndex=2192, commits[1d6da99a-ba9a-4d72-abd2-d0f1aa02f12f:c2194, 9dc27687-2024-46ae-8b6e-c9027bfa400e:c2190, 9c9c57da-14dc-454a-b374-789aa5e765a9:c2190]
2019-09-16 23:35:01,715 [grpc-default-executor-7] INFO  client.GrpcClientProtocolClient (GrpcClientProtocolClient.java:onNext(264)) - client-C79DE3E06697->1d6da99a-ba9a-4d72-abd2-d0f1aa02f12f: receive RaftClientReply:client-C79DE3E06697->1d6da99a-ba9a-4d72-abd2-d0f1aa02f12f@group-B29EE812FB58, cid=1535, SUCCESS, logIndex=2193, commits[1d6da99a-ba9a-4d72-abd2-d0f1aa02f12f:c2194, 9dc27687-2024-46ae-8b6e-c9027bfa400e:c2190, 9c9c57da-14dc-454a-b374-789aa5e765a9:c2190]
2019-09-16 23:35:01,715 [grpc-default-executor-7] INFO  client.GrpcClientProtocolClient (GrpcClientProtocolClient.java:onNext(264)) - client-C79DE3E06697->1d6da99a-ba9a-4d72-abd2-d0f1aa02f12f: receive RaftClientReply:client-C79DE3E06697->1d6da99a-ba9a-4d72-abd2-d0f1aa02f12f@group-B29EE812FB58, cid=1536, SUCCESS, logIndex=2194, commits[1d6da99a-ba9a-4d72-abd2-d0f1aa02f12f:c2194, 9dc27687-2024-46ae-8b6e-c9027bfa400e:c2190, 9c9c57da-14dc-454a-b374-789aa5e765a9:c2190]
2019-09-16 23:35:01,732 [grpc-default-executor-7] INFO  client.GrpcClientProtocolClient (GrpcClientProtocolClient.java:onNext(264)) - client-C79DE3E06697->1d6da99a-ba9a-4d72-abd2-d0f1aa02f12f: receive RaftClientReply:client-C79DE3E06697->1d6da99a-ba9a-4d72-abd2-d0f1aa02f12f@group-B29EE812FB58, cid=1537, SUCCESS, logIndex=0, commits[1d6da99a-ba9a-4d72-abd2-d0f1aa02f12f:c2195, 9dc27687-2024-46ae-8b6e-c9027bfa400e:c2192, 9c9c57da-14dc-454a-b374-789aa5e765a9:c2192]
2019-09-16 23:35:01,746 [grpc-default-executor-7] INFO  client.GrpcClientProtocolClient (GrpcClientProtocolClient.java:onNext(264)) - client-C79DE3E06697->1d6da99a-ba9a-4d72-abd2-d0f1aa02f12f: receive RaftClientReply:client-C79DE3E06697->1d6da99a-ba9a-4d72-abd2-d0f1aa02f12f@group-B29EE812FB58, cid=1538, SUCCESS, logIndex=2199, commits[1d6da99a-ba9a-4d72-abd2-d0f1aa02f12f:c2200, 9dc27687-2024-46ae-8b6e-c9027bfa400e:c2198, 9c9c57da-14dc-454a-b374-789aa5e765a9:c2198]
2019-09-16 23:35:01,747 [grpc-default-executor-7] INFO  client.GrpcClientProtocolClient (GrpcClientProtocolClient.java:onNext(264)) - client-C79DE3E06697->1d6da99a-ba9a-4d72-abd2-d0f1aa02f12f: receive RaftClientReply:client-C79DE3E06697->1d6da99a-ba9a-4d72-abd2-d0f1aa02f12f@group-B29EE812FB58, cid=1539, SUCCESS, logIndex=2200, commits[1d6da99a-ba9a-4d72-abd2-d0f1aa02f12f:c2200, 9dc27687-2024-46ae-8b6e-c9027bfa400e:c2198, 9c9c57da-14dc-454a-b374-789aa5e765a9:c2198]
2019-09-16 23:35:01,769 [grpc-default-executor-7] INFO  client.GrpcClientProtocolClient (GrpcClientProtocolClient.java:onNext(264)) - client-C79DE3E06697->1d6da99a-ba9a-4d72-abd2-d0f1aa02f12f: receive RaftClientReply:client-C79DE3E06697->1d6da99a-ba9a-4d72-abd2-d0f1aa02f12f@group-B29EE812FB58, cid=1540, SUCCESS, logIndex=2203, commits[1d6da99a-ba9a-4d72-abd2-d0f1aa02f12f:c2204, 9dc27687-2024-46ae-8b6e-c9027bfa400e:c2200, 9c9c57da-14dc-454a-b374-789aa5e765a9:c2200]
2019-09-16 23:35:01,770 [grpc-default-executor-7] INFO  client.GrpcClientProtocolClient (GrpcClientProtocolClient.java:onNext(264)) - client-C79DE3E06697->1d6da99a-ba9a-4d72-abd2-d0f1aa02f12f: receive RaftClientReply:client-C79DE3E06697->1d6da99a-ba9a-4d72-abd2-d0f1aa02f12f@group-B29EE812FB58, cid=1541, SUCCESS, logIndex=2204, commits[1d6da99a-ba9a-4d72-abd2-d0f1aa02f12f:c2204, 9dc27687-2024-46ae-8b6e-c9027bfa400e:c2200, 9c9c57da-14dc-454a-b374-789aa5e765a9:c2200]
2019-09-16 23:35:01,833 [grpc-default-executor-7] INFO  client.GrpcClientProtocolClient (GrpcClientProtocolClient.java:onNext(264)) - client-C79DE3E06697->1d6da99a-ba9a-4d72-abd2-d0f1aa02f12f: receive RaftClientReply:client-C79DE3E06697->1d6da99a-ba9a-4d72-abd2-d0f1aa02f12f@group-B29EE812FB58, cid=1542, SUCCESS, logIndex=0, commits[1d6da99a-ba9a-4d72-abd2-d0f1aa02f12f:c2206, 9dc27687-2024-46ae-8b6e-c9027bfa400e:c2204, 9c9c57da-14dc-454a-b374-789aa5e765a9:c2204]
2019-09-16 23:35:01,876 [grpc-default-executor-7] INFO  client.GrpcClientProtocolClient (GrpcClientProtocolClient.java:onNext(264)) - client-C79DE3E06697->1d6da99a-ba9a-4d72-abd2-d0f1aa02f12f: receive RaftClientReply:client-C79DE3E06697->1d6da99a-ba9a-4d72-abd2-d0f1aa02f12f@group-B29EE812FB58, cid=1543, SUCCESS, logIndex=2207, commits[1d6da99a-ba9a-4d72-abd2-d0f1aa02f12f:c2208, 9dc27687-2024-46ae-8b6e-c9027bfa400e:c2206, 9c9c57da-14dc-454a-b374-789aa5e765a9:c2206]
2019-09-16 23:35:01,877 [grpc-default-executor-7] INFO  client.GrpcClientProtocolClient (GrpcClientProtocolClient.java:onNext(264)) - client-C79DE3E06697->1d6da99a-ba9a-4d72-abd2-d0f1aa02f12f: receive RaftClientReply:client-C79DE3E06697->1d6da99a-ba9a-4d72-abd2-d0f1aa02f12f@group-B29EE812FB58, cid=1544, SUCCESS, logIndex=2208, commits[1d6da99a-ba9a-4d72-abd2-d0f1aa02f12f:c2208, 9dc27687-2024-46ae-8b6e-c9027bfa400e:c2206, 9c9c57da-14dc-454a-b374-789aa5e765a9:c2206]
2019-09-16 23:35:01,877 [grpc-default-executor-7] INFO  client.GrpcClientProtocolClient (GrpcClientProtocolClient.java:onNext(264)) - client-C79DE3E06697->1d6da99a-ba9a-4d72-abd2-d0f1aa02f12f: receive RaftClientReply:client-C79DE3E06697->1d6da99a-ba9a-4d72-abd2-d0f1aa02f12f@group-B29EE812FB58, cid=1545, SUCCESS, logIndex=2209, commits[1d6da99a-ba9a-4d72-abd2-d0f1aa02f12f:c2210, 9dc27687-2024-46ae-8b6e-c9027bfa400e:c2206, 9c9c57da-14dc-454a-b374-789aa5e765a9:c2206]
2019-09-16 23:35:01,877 [grpc-default-executor-7] INFO  client.GrpcClientProtocolClient (GrpcClientProtocolClient.java:onNext(264)) - client-C79DE3E06697->1d6da99a-ba9a-4d72-abd2-d0f1aa02f12f: receive RaftClientReply:client-C79DE3E06697->1d6da99a-ba9a-4d72-abd2-d0f1aa02f12f@group-B29EE812FB58, cid=1546, SUCCESS, logIndex=2210, commits[1d6da99a-ba9a-4d72-abd2-d0f1aa02f12f:c2210, 9dc27687-2024-46ae-8b6e-c9027bfa400e:c2206, 9c9c57da-14dc-454a-b374-789aa5e765a9:c2206]
2019-09-16 23:35:01,890 [grpc-default-executor-7] INFO  client.GrpcClientProtocolClient (GrpcClientProtocolClient.java:onNext(264)) - client-C79DE3E06697->1d6da99a-ba9a-4d72-abd2-d0f1aa02f12f: receive RaftClientReply:client-C79DE3E06697->1d6da99a-ba9a-4d72-abd2-d0f1aa02f12f@group-B29EE812FB58, cid=1547, SUCCESS, logIndex=0, commits[1d6da99a-ba9a-4d72-abd2-d0f1aa02f12f:c2212, 9dc27687-2024-46ae-8b6e-c9027bfa400e:c2208, 9c9c57da-14dc-454a-b374-789aa5e765a9:c2208]
2019-09-16 23:35:01,916 [grpc-default-executor-6] INFO  client.GrpcClientProtocolClient (GrpcClientProtocolClient.java:onNext(264)) - client-C79DE3E06697->1d6da99a-ba9a-4d72-abd2-d0f1aa02f12f: receive RaftClientReply:client-C79DE3E06697->1d6da99a-ba9a-4d72-abd2-d0f1aa02f12f@group-B29EE812FB58, cid=1548, SUCCESS, logIndex=2215, commits[1d6da99a-ba9a-4d72-abd2-d0f1aa02f12f:c2216, 9dc27687-2024-46ae-8b6e-c9027bfa400e:c2214, 9c9c57da-14dc-454a-b374-789aa5e765a9:c2214]
2019-09-16 23:35:01,916 [grpc-default-executor-6] INFO  client.GrpcClientProtocolClient (GrpcClientProtocolClient.java:onNext(264)) - client-C79DE3E06697->1d6da99a-ba9a-4d72-abd2-d0f1aa02f12f: receive RaftClientReply:client-C79DE3E06697->1d6da99a-ba9a-4d72-abd2-d0f1aa02f12f@group-B29EE812FB58, cid=1549, SUCCESS, logIndex=2216, commits[1d6da99a-ba9a-4d72-abd2-d0f1aa02f12f:c2216, 9dc27687-2024-46ae-8b6e-c9027bfa400e:c2214, 9c9c57da-14dc-454a-b374-789aa5e765a9:c2214]
2019-09-16 23:35:01,931 [grpc-default-executor-3] INFO  client.GrpcClientProtocolClient (GrpcClientProtocolClient.java:onNext(264)) - client-C79DE3E06697->1d6da99a-ba9a-4d72-abd2-d0f1aa02f12f: receive RaftClientReply:client-C79DE3E06697->1d6da99a-ba9a-4d72-abd2-d0f1aa02f12f@group-B29EE812FB58, cid=1550, SUCCESS, logIndex=2219, commits[1d6da99a-ba9a-4d72-abd2-d0f1aa02f12f:c2220, 9dc27687-2024-46ae-8b6e-c9027bfa400e:c2216, 9c9c57da-14dc-454a-b374-789aa5e765a9:c2216]
2019-09-16 23:35:01,931 [grpc-default-executor-3] INFO  client.GrpcClientProtocolClient (GrpcClientProtocolClient.java:onNext(264)) - client-C79DE3E06697->1d6da99a-ba9a-4d72-abd2-d0f1aa02f12f: receive RaftClientReply:client-C79DE3E06697->1d6da99a-ba9a-4d72-abd2-d0f1aa02f12f@group-B29EE812FB58, cid=1551, SUCCESS, logIndex=2220, commits[1d6da99a-ba9a-4d72-abd2-d0f1aa02f12f:c2220, 9dc27687-2024-46ae-8b6e-c9027bfa400e:c2216, 9c9c57da-14dc-454a-b374-789aa5e765a9:c2216]
2019-09-16 23:35:01,955 [grpc-default-executor-3] INFO  client.GrpcClientProtocolClient (GrpcClientProtocolClient.java:onNext(264)) - client-C79DE3E06697->1d6da99a-ba9a-4d72-abd2-d0f1aa02f12f: receive RaftClientReply:client-C79DE3E06697->1d6da99a-ba9a-4d72-abd2-d0f1aa02f12f@group-B29EE812FB58, cid=1552, SUCCESS, logIndex=0, commits[1d6da99a-ba9a-4d72-abd2-d0f1aa02f12f:c2222, 9dc27687-2024-46ae-8b6e-c9027bfa400e:c2220, 9c9c57da-14dc-454a-b374-789aa5e765a9:c2220]
2019-09-16 23:35:02,090 [grpc-default-executor-3] INFO  client.GrpcClientProtocolClient (GrpcClientProtocolClient.java:onNext(264)) - client-C79DE3E06697->1d6da99a-ba9a-4d72-abd2-d0f1aa02f12f: receive RaftClientReply:client-C79DE3E06697->1d6da99a-ba9a-4d72-abd2-d0f1aa02f12f@group-B29EE812FB58, cid=1553, SUCCESS, logIndex=2223, commits[1d6da99a-ba9a-4d72-abd2-d0f1aa02f12f:c2224, 9dc27687-2024-46ae-8b6e-c9027bfa400e:c2222, 9c9c57da-14dc-454a-b374-789aa5e765a9:c2222]
2019-09-16 23:35:02,091 [grpc-default-executor-6] INFO  client.GrpcClientProtocolClient (GrpcClientProtocolClient.java:onNext(264)) - client-C79DE3E06697->1d6da99a-ba9a-4d72-abd2-d0f1aa02f12f: receive RaftClientReply:client-C79DE3E06697->1d6da99a-ba9a-4d72-abd2-d0f1aa02f12f@group-B29EE812FB58, cid=1554, SUCCESS, logIndex=2224, commits[1d6da99a-ba9a-4d72-abd2-d0f1aa02f12f:c2225, 9dc27687-2024-46ae-8b6e-c9027bfa400e:c2222, 9c9c57da-14dc-454a-b374-789aa5e765a9:c2222]
2019-09-16 23:35:02,091 [grpc-default-executor-6] INFO  client.GrpcClientProtocolClient (GrpcClientProtocolClient.java:onNext(264)) - client-C79DE3E06697->1d6da99a-ba9a-4d72-abd2-d0f1aa02f12f: receive RaftClientReply:client-C79DE3E06697->1d6da99a-ba9a-4d72-abd2-d0f1aa02f12f@group-B29EE812FB58, cid=1555, SUCCESS, logIndex=2225, commits[1d6da99a-ba9a-4d72-abd2-d0f1aa02f12f:c2226, 9dc27687-2024-46ae-8b6e-c9027bfa400e:c2222, 9c9c57da-14dc-454a-b374-789aa5e765a9:c2222]
2019-09-16 23:35:02,092 [grpc-default-executor-6] INFO  client.GrpcClientProtocolClient (GrpcClientProtocolClient.java:onNext(264)) - client-C79DE3E06697->1d6da99a-ba9a-4d72-abd2-d0f1aa02f12f: receive RaftClientReply:client-C79DE3E06697->1d6da99a-ba9a-4d72-abd2-d0f1aa02f12f@group-B29EE812FB58, cid=1556, SUCCESS, logIndex=2226, commits[1d6da99a-ba9a-4d72-abd2-d0f1aa02f12f:c2226, 9dc27687-2024-46ae-8b6e-c9027bfa400e:c2222, 9c9c57da-14dc-454a-b374-789aa5e765a9:c2222]
2019-09-16 23:35:02,094 [grpc-default-executor-6] INFO  client.GrpcClientProtocolClient (GrpcClientProtocolClient.java:onNext(264)) - client-C79DE3E06697->1d6da99a-ba9a-4d72-abd2-d0f1aa02f12f: receive RaftClientReply:client-C79DE3E06697->1d6da99a-ba9a-4d72-abd2-d0f1aa02f12f@group-B29EE812FB58, cid=1557, SUCCESS, logIndex=0, commits[1d6da99a-ba9a-4d72-abd2-d0f1aa02f12f:c2228, 9dc27687-2024-46ae-8b6e-c9027bfa400e:c2224, 9c9c57da-14dc-454a-b374-789aa5e765a9:c2224]
2019-09-16 23:35:02,107 [grpc-default-executor-6] INFO  client.GrpcClientProtocolClient (GrpcClientProtocolClient.java:onNext(264)) - client-C79DE3E06697->1d6da99a-ba9a-4d72-abd2-d0f1aa02f12f: receive RaftClientReply:client-C79DE3E06697->1d6da99a-ba9a-4d72-abd2-d0f1aa02f12f@group-B29EE812FB58, cid=1558, SUCCESS, logIndex=2231, commits[1d6da99a-ba9a-4d72-abd2-d0f1aa02f12f:c2232, 9dc27687-2024-46ae-8b6e-c9027bfa400e:c2226, 9c9c57da-14dc-454a-b374-789aa5e765a9:c2228]
2019-09-16 23:35:02,107 [grpc-default-executor-6] INFO  client.GrpcClientProtocolClient (GrpcClientProtocolClient.java:onNext(264)) - client-C79DE3E06697->1d6da99a-ba9a-4d72-abd2-d0f1aa02f12f: receive RaftClientReply:client-C79DE3E06697->1d6da99a-ba9a-4d72-abd2-d0f1aa02f12f@group-B29EE812FB58, cid=1559, SUCCESS, logIndex=2232, commits[1d6da99a-ba9a-4d72-abd2-d0f1aa02f12f:c2232, 9dc27687-2024-46ae-8b6e-c9027bfa400e:c2228, 9c9c57da-14dc-454a-b374-789aa5e765a9:c2228]
2019-09-16 23:35:02,132 [grpc-default-executor-7] INFO  client.GrpcClientProtocolClient (GrpcClientProtocolClient.java:onNext(264)) - client-C79DE3E06697->1d6da99a-ba9a-4d72-abd2-d0f1aa02f12f: receive RaftClientReply:client-C79DE3E06697->1d6da99a-ba9a-4d72-abd2-d0f1aa02f12f@group-B29EE812FB58, cid=1560, SUCCESS, logIndex=2235, commits[1d6da99a-ba9a-4d72-abd2-d0f1aa02f12f:c2236, 9dc27687-2024-46ae-8b6e-c9027bfa400e:c2234, 9c9c57da-14dc-454a-b374-789aa5e765a9:c2234]
2019-09-16 23:35:02,132 [grpc-default-executor-7] INFO  client.GrpcClientProtocolClient (GrpcClientProtocolClient.java:onNext(264)) - client-C79DE3E06697->1d6da99a-ba9a-4d72-abd2-d0f1aa02f12f: receive RaftClientReply:client-C79DE3E06697->1d6da99a-ba9a-4d72-abd2-d0f1aa02f12f@group-B29EE812FB58, cid=1561, SUCCESS, logIndex=2236, commits[1d6da99a-ba9a-4d72-abd2-d0f1aa02f12f:c2236, 9dc27687-2024-46ae-8b6e-c9027bfa400e:c2234, 9c9c57da-14dc-454a-b374-789aa5e765a9:c2234]
2019-09-16 23:35:02,157 [grpc-default-executor-6] INFO  client.GrpcClientProtocolClient (GrpcClientProtocolClient.java:onNext(264)) - client-C79DE3E06697->1d6da99a-ba9a-4d72-abd2-d0f1aa02f12f: receive RaftClientReply:client-C79DE3E06697->1d6da99a-ba9a-4d72-abd2-d0f1aa02f12f@group-B29EE812FB58, cid=1562, SUCCESS, logIndex=0, commits[1d6da99a-ba9a-4d72-abd2-d0f1aa02f12f:c2238, 9dc27687-2024-46ae-8b6e-c9027bfa400e:c2236, 9c9c57da-14dc-454a-b374-789aa5e765a9:c2236]
2019-09-16 23:35:02,190 [grpc-default-executor-3] INFO  client.GrpcClientProtocolClient (GrpcClientProtocolClient.java:onNext(264)) - client-C79DE3E06697->1d6da99a-ba9a-4d72-abd2-d0f1aa02f12f: receive RaftClientReply:client-C79DE3E06697->1d6da99a-ba9a-4d72-abd2-d0f1aa02f12f@group-B29EE812FB58, cid=1563, SUCCESS, logIndex=2239, commits[1d6da99a-ba9a-4d72-abd2-d0f1aa02f12f:c2241, 9dc27687-2024-46ae-8b6e-c9027bfa400e:c2238, 9c9c57da-14dc-454a-b374-789aa5e765a9:c2238]
2019-09-16 23:35:02,191 [grpc-default-executor-3] INFO  client.GrpcClientProtocolClient (GrpcClientProtocolClient.java:onNext(264)) - client-C79DE3E06697->1d6da99a-ba9a-4d72-abd2-d0f1aa02f12f: receive RaftClientReply:client-C79DE3E06697->1d6da99a-ba9a-4d72-abd2-d0f1aa02f12f@group-B29EE812FB58, cid=1564, SUCCESS, logIndex=2240, commits[1d6da99a-ba9a-4d72-abd2-d0f1aa02f12f:c2242, 9dc27687-2024-46ae-8b6e-c9027bfa400e:c2238, 9c9c57da-14dc-454a-b374-789aa5e765a9:c2238]
2019-09-16 23:35:02,191 [grpc-default-executor-3] INFO  client.GrpcClientProtocolClient (GrpcClientProtocolClient.java:onNext(264)) - client-C79DE3E06697->1d6da99a-ba9a-4d72-abd2-d0f1aa02f12f: receive RaftClientReply:client-C79DE3E06697->1d6da99a-ba9a-4d72-abd2-d0f1aa02f12f@group-B29EE812FB58, cid=1565, SUCCESS, logIndex=2241, commits[1d6da99a-ba9a-4d72-abd2-d0f1aa02f12f:c2242, 9dc27687-2024-46ae-8b6e-c9027bfa400e:c2238, 9c9c57da-14dc-454a-b374-789aa5e765a9:c2238]
2019-09-16 23:35:02,191 [grpc-default-executor-3] INFO  client.GrpcClientProtocolClient (GrpcClientProtocolClient.java:onNext(264)) - client-C79DE3E06697->1d6da99a-ba9a-4d72-abd2-d0f1aa02f12f: receive RaftClientReply:client-C79DE3E06697->1d6da99a-ba9a-4d72-abd2-d0f1aa02f12f@group-B29EE812FB58, cid=1566, SUCCESS, logIndex=2242, commits[1d6da99a-ba9a-4d72-abd2-d0f1aa02f12f:c2242, 9dc27687-2024-46ae-8b6e-c9027bfa400e:c2238, 9c9c57da-14dc-454a-b374-789aa5e765a9:c2238]
2019-09-16 23:35:02,195 [grpc-default-executor-3] INFO  client.GrpcClientProtocolClient (GrpcClientProtocolClient.java:onNext(264)) - client-C79DE3E06697->1d6da99a-ba9a-4d72-abd2-d0f1aa02f12f: receive RaftClientReply:client-C79DE3E06697->1d6da99a-ba9a-4d72-abd2-d0f1aa02f12f@group-B29EE812FB58, cid=1567, SUCCESS, logIndex=0, commits[1d6da99a-ba9a-4d72-abd2-d0f1aa02f12f:c2243, 9dc27687-2024-46ae-8b6e-c9027bfa400e:c2240, 9c9c57da-14dc-454a-b374-789aa5e765a9:c2240]
2019-09-16 23:35:02,230 [grpc-default-executor-6] INFO  client.GrpcClientProtocolClient (GrpcClientProtocolClient.java:onNext(264)) - client-C79DE3E06697->1d6da99a-ba9a-4d72-abd2-d0f1aa02f12f: receive RaftClientReply:client-C79DE3E06697->1d6da99a-ba9a-4d72-abd2-d0f1aa02f12f@group-B29EE812FB58, cid=1568, SUCCESS, logIndex=2247, commits[1d6da99a-ba9a-4d72-abd2-d0f1aa02f12f:c2248, 9dc27687-2024-46ae-8b6e-c9027bfa400e:c2246, 9c9c57da-14dc-454a-b374-789aa5e765a9:c2246]
2019-09-16 23:35:02,231 [grpc-default-executor-6] INFO  client.GrpcClientProtocolClient (GrpcClientProtocolClient.java:onNext(264)) - client-C79DE3E06697->1d6da99a-ba9a-4d72-abd2-d0f1aa02f12f: receive RaftClientReply:client-C79DE3E06697->1d6da99a-ba9a-4d72-abd2-d0f1aa02f12f@group-B29EE812FB58, cid=1569, SUCCESS, logIndex=2248, commits[1d6da99a-ba9a-4d72-abd2-d0f1aa02f12f:c2248, 9dc27687-2024-46ae-8b6e-c9027bfa400e:c2246, 9c9c57da-14dc-454a-b374-789aa5e765a9:c2246]
2019-09-16 23:35:02,257 [grpc-default-executor-3] INFO  client.GrpcClientProtocolClient (GrpcClientProtocolClient.java:onNext(264)) - client-C79DE3E06697->1d6da99a-ba9a-4d72-abd2-d0f1aa02f12f: receive RaftClientReply:client-C79DE3E06697->1d6da99a-ba9a-4d72-abd2-d0f1aa02f12f@group-B29EE812FB58, cid=1570, SUCCESS, logIndex=2251, commits[1d6da99a-ba9a-4d72-abd2-d0f1aa02f12f:c2252, 9dc27687-2024-46ae-8b6e-c9027bfa400e:c2248, 9c9c57da-14dc-454a-b374-789aa5e765a9:c2248]
2019-09-16 23:35:02,257 [grpc-default-executor-3] INFO  client.GrpcClientProtocolClient (GrpcClientProtocolClient.java:onNext(264)) - client-C79DE3E06697->1d6da99a-ba9a-4d72-abd2-d0f1aa02f12f: receive RaftClientReply:client-C79DE3E06697->1d6da99a-ba9a-4d72-abd2-d0f1aa02f12f@group-B29EE812FB58, cid=1571, SUCCESS, logIndex=2252, commits[1d6da99a-ba9a-4d72-abd2-d0f1aa02f12f:c2252, 9dc27687-2024-46ae-8b6e-c9027bfa400e:c2248, 9c9c57da-14dc-454a-b374-789aa5e765a9:c2248]
2019-09-16 23:35:02,269 [grpc-default-executor-3] INFO  client.GrpcClientProtocolClient (GrpcClientProtocolClient.java:onNext(264)) - client-C79DE3E06697->1d6da99a-ba9a-4d72-abd2-d0f1aa02f12f: receive RaftClientReply:client-C79DE3E06697->1d6da99a-ba9a-4d72-abd2-d0f1aa02f12f@group-B29EE812FB58, cid=1572, SUCCESS, logIndex=0, commits[1d6da99a-ba9a-4d72-abd2-d0f1aa02f12f:c2253, 9dc27687-2024-46ae-8b6e-c9027bfa400e:c2252, 9c9c57da-14dc-454a-b374-789aa5e765a9:c2252]
2019-09-16 23:35:02,296 [grpc-default-executor-6] INFO  client.GrpcClientProtocolClient (GrpcClientProtocolClient.java:onNext(264)) - client-C79DE3E06697->1d6da99a-ba9a-4d72-abd2-d0f1aa02f12f: receive RaftClientReply:client-C79DE3E06697->1d6da99a-ba9a-4d72-abd2-d0f1aa02f12f@group-B29EE812FB58, cid=1573, SUCCESS, logIndex=2255, commits[1d6da99a-ba9a-4d72-abd2-d0f1aa02f12f:c2256, 9dc27687-2024-46ae-8b6e-c9027bfa400e:c2252, 9c9c57da-14dc-454a-b374-789aa5e765a9:c2254]
2019-09-16 23:35:02,297 [grpc-default-executor-6] INFO  client.GrpcClientProtocolClient (GrpcClientProtocolClient.java:onNext(264)) - client-C79DE3E06697->1d6da99a-ba9a-4d72-abd2-d0f1aa02f12f: receive RaftClientReply:client-C79DE3E06697->1d6da99a-ba9a-4d72-abd2-d0f1aa02f12f@group-B29EE812FB58, cid=1574, SUCCESS, logIndex=2256, commits[1d6da99a-ba9a-4d72-abd2-d0f1aa02f12f:c2256, 9dc27687-2024-46ae-8b6e-c9027bfa400e:c2252, 9c9c57da-14dc-454a-b374-789aa5e765a9:c2254]
2019-09-16 23:35:02,310 [grpc-default-executor-6] INFO  client.GrpcClientProtocolClient (GrpcClientProtocolClient.java:onNext(264)) - client-C79DE3E06697->1d6da99a-ba9a-4d72-abd2-d0f1aa02f12f: receive RaftClientReply:client-C79DE3E06697->1d6da99a-ba9a-4d72-abd2-d0f1aa02f12f@group-B29EE812FB58, cid=1575, SUCCESS, logIndex=2257, commits[1d6da99a-ba9a-4d72-abd2-d0f1aa02f12f:c2258, 9dc27687-2024-46ae-8b6e-c9027bfa400e:c2254, 9c9c57da-14dc-454a-b374-789aa5e765a9:c2254]
2019-09-16 23:35:02,310 [grpc-default-executor-6] INFO  client.GrpcClientProtocolClient (GrpcClientProtocolClient.java:onNext(264)) - client-C79DE3E06697->1d6da99a-ba9a-4d72-abd2-d0f1aa02f12f: receive RaftClientReply:client-C79DE3E06697->1d6da99a-ba9a-4d72-abd2-d0f1aa02f12f@group-B29EE812FB58, cid=1576, SUCCESS, logIndex=2258, commits[1d6da99a-ba9a-4d72-abd2-d0f1aa02f12f:c2260, 9dc27687-2024-46ae-8b6e-c9027bfa400e:c2256, 9c9c57da-14dc-454a-b374-789aa5e765a9:c2254]
2019-09-16 23:35:02,311 [grpc-default-executor-6] INFO  client.GrpcClientProtocolClient (GrpcClientProtocolClient.java:onNext(264)) - client-C79DE3E06697->1d6da99a-ba9a-4d72-abd2-d0f1aa02f12f: receive RaftClientReply:client-C79DE3E06697->1d6da99a-ba9a-4d72-abd2-d0f1aa02f12f@group-B29EE812FB58, cid=1577, SUCCESS, logIndex=0, commits[1d6da99a-ba9a-4d72-abd2-d0f1aa02f12f:c2261, 9dc27687-2024-46ae-8b6e-c9027bfa400e:c2258, 9c9c57da-14dc-454a-b374-789aa5e765a9:c2256]
2019-09-16 23:35:02,327 [grpc-default-executor-3] INFO  client.GrpcClientProtocolClient (GrpcClientProtocolClient.java:onNext(264)) - client-C79DE3E06697->1d6da99a-ba9a-4d72-abd2-d0f1aa02f12f: receive RaftClientReply:client-C79DE3E06697->1d6da99a-ba9a-4d72-abd2-d0f1aa02f12f@group-B29EE812FB58, cid=1578, SUCCESS, logIndex=2263, commits[1d6da99a-ba9a-4d72-abd2-d0f1aa02f12f:c2264, 9dc27687-2024-46ae-8b6e-c9027bfa400e:c2262, 9c9c57da-14dc-454a-b374-789aa5e765a9:c2262]
2019-09-16 23:35:02,327 [grpc-default-executor-3] INFO  client.GrpcClientProtocolClient (GrpcClientProtocolClient.java:onNext(264)) - client-C79DE3E06697->1d6da99a-ba9a-4d72-abd2-d0f1aa02f12f: receive RaftClientReply:client-C79DE3E06697->1d6da99a-ba9a-4d72-abd2-d0f1aa02f12f@group-B29EE812FB58, cid=1579, SUCCESS, logIndex=2264, commits[1d6da99a-ba9a-4d72-abd2-d0f1aa02f12f:c2264, 9dc27687-2024-46ae-8b6e-c9027bfa400e:c2262, 9c9c57da-14dc-454a-b374-789aa5e765a9:c2262]
2019-09-16 23:35:02,350 [grpc-default-executor-7] INFO  client.GrpcClientProtocolClient (GrpcClientProtocolClient.java:onNext(264)) - client-C79DE3E06697->1d6da99a-ba9a-4d72-abd2-d0f1aa02f12f: receive RaftClientReply:client-C79DE3E06697->1d6da99a-ba9a-4d72-abd2-d0f1aa02f12f@group-B29EE812FB58, cid=1580, SUCCESS, logIndex=2267, commits[1d6da99a-ba9a-4d72-abd2-d0f1aa02f12f:c2267, 9dc27687-2024-46ae-8b6e-c9027bfa400e:c2264, 9c9c57da-14dc-454a-b374-789aa5e765a9:c2264]
2019-09-16 23:35:02,351 [grpc-default-executor-7] INFO  client.GrpcClientProtocolClient (GrpcClientProtocolClient.java:onNext(264)) - client-C79DE3E06697->1d6da99a-ba9a-4d72-abd2-d0f1aa02f12f: receive RaftClientReply:client-C79DE3E06697->1d6da99a-ba9a-4d72-abd2-d0f1aa02f12f@group-B29EE812FB58, cid=1581, SUCCESS, logIndex=2268, commits[1d6da99a-ba9a-4d72-abd2-d0f1aa02f12f:c2268, 9dc27687-2024-46ae-8b6e-c9027bfa400e:c2264, 9c9c57da-14dc-454a-b374-789aa5e765a9:c2264]
2019-09-16 23:35:02,357 [grpc-default-executor-7] INFO  client.GrpcClientProtocolClient (GrpcClientProtocolClient.java:onNext(264)) - client-C79DE3E06697->1d6da99a-ba9a-4d72-abd2-d0f1aa02f12f: receive RaftClientReply:client-C79DE3E06697->1d6da99a-ba9a-4d72-abd2-d0f1aa02f12f@group-B29EE812FB58, cid=1582, SUCCESS, logIndex=0, commits[1d6da99a-ba9a-4d72-abd2-d0f1aa02f12f:c2270, 9dc27687-2024-46ae-8b6e-c9027bfa400e:c2268, 9c9c57da-14dc-454a-b374-789aa5e765a9:c2268]
2019-09-16 23:35:02,389 [grpc-default-executor-1] INFO  client.GrpcClientProtocolClient (GrpcClientProtocolClient.java:onNext(264)) - client-C79DE3E06697->1d6da99a-ba9a-4d72-abd2-d0f1aa02f12f: receive RaftClientReply:client-C79DE3E06697->1d6da99a-ba9a-4d72-abd2-d0f1aa02f12f@group-B29EE812FB58, cid=1583, SUCCESS, logIndex=2271, commits[1d6da99a-ba9a-4d72-abd2-d0f1aa02f12f:c2272, 9dc27687-2024-46ae-8b6e-c9027bfa400e:c2270, 9c9c57da-14dc-454a-b374-789aa5e765a9:c2270]
2019-09-16 23:35:02,390 [grpc-default-executor-1] INFO  client.GrpcClientProtocolClient (GrpcClientProtocolClient.java:onNext(264)) - client-C79DE3E06697->1d6da99a-ba9a-4d72-abd2-d0f1aa02f12f: receive RaftClientReply:client-C79DE3E06697->1d6da99a-ba9a-4d72-abd2-d0f1aa02f12f@group-B29EE812FB58, cid=1584, SUCCESS, logIndex=2272, commits[1d6da99a-ba9a-4d72-abd2-d0f1aa02f12f:c2274, 9dc27687-2024-46ae-8b6e-c9027bfa400e:c2270, 9c9c57da-14dc-454a-b374-789aa5e765a9:c2270]
2019-09-16 23:35:02,390 [grpc-default-executor-1] INFO  client.GrpcClientProtocolClient (GrpcClientProtocolClient.java:onNext(264)) - client-C79DE3E06697->1d6da99a-ba9a-4d72-abd2-d0f1aa02f12f: receive RaftClientReply:client-C79DE3E06697->1d6da99a-ba9a-4d72-abd2-d0f1aa02f12f@group-B29EE812FB58, cid=1585, SUCCESS, logIndex=2273, commits[1d6da99a-ba9a-4d72-abd2-d0f1aa02f12f:c2274, 9dc27687-2024-46ae-8b6e-c9027bfa400e:c2270, 9c9c57da-14dc-454a-b374-789aa5e765a9:c2270]
2019-09-16 23:35:02,390 [grpc-default-executor-1] INFO  client.GrpcClientProtocolClient (GrpcClientProtocolClient.java:onNext(264)) - client-C79DE3E06697->1d6da99a-ba9a-4d72-abd2-d0f1aa02f12f: receive RaftClientReply:client-C79DE3E06697->1d6da99a-ba9a-4d72-abd2-d0f1aa02f12f@group-B29EE812FB58, cid=1586, SUCCESS, logIndex=2274, commits[1d6da99a-ba9a-4d72-abd2-d0f1aa02f12f:c2274, 9dc27687-2024-46ae-8b6e-c9027bfa400e:c2270, 9c9c57da-14dc-454a-b374-789aa5e765a9:c2270]
2019-09-16 23:35:02,391 [grpc-default-executor-1] INFO  client.GrpcClientProtocolClient (GrpcClientProtocolClient.java:onNext(264)) - client-C79DE3E06697->1d6da99a-ba9a-4d72-abd2-d0f1aa02f12f: receive RaftClientReply:client-C79DE3E06697->1d6da99a-ba9a-4d72-abd2-d0f1aa02f12f@group-B29EE812FB58, cid=1587, SUCCESS, logIndex=0, commits[1d6da99a-ba9a-4d72-abd2-d0f1aa02f12f:c2275, 9dc27687-2024-46ae-8b6e-c9027bfa400e:c2272, 9c9c57da-14dc-454a-b374-789aa5e765a9:c2272]
2019-09-16 23:35:02,404 [grpc-default-executor-1] INFO  client.GrpcClientProtocolClient (GrpcClientProtocolClient.java:onNext(264)) - client-C79DE3E06697->1d6da99a-ba9a-4d72-abd2-d0f1aa02f12f: receive RaftClientReply:client-C79DE3E06697->1d6da99a-ba9a-4d72-abd2-d0f1aa02f12f@group-B29EE812FB58, cid=1588, SUCCESS, logIndex=2278, commits[1d6da99a-ba9a-4d72-abd2-d0f1aa02f12f:c2279, 9dc27687-2024-46ae-8b6e-c9027bfa400e:c2277, 9c9c57da-14dc-454a-b374-789aa5e765a9:c2277]
2019-09-16 23:35:02,404 [grpc-default-executor-1] INFO  client.GrpcClientProtocolClient (GrpcClientProtocolClient.java:onNext(264)) - client-C79DE3E06697->1d6da99a-ba9a-4d72-abd2-d0f1aa02f12f: receive RaftClientReply:client-C79DE3E06697->1d6da99a-ba9a-4d72-abd2-d0f1aa02f12f@group-B29EE812FB58, cid=1589, SUCCESS, logIndex=2279, commits[1d6da99a-ba9a-4d72-abd2-d0f1aa02f12f:c2279, 9dc27687-2024-46ae-8b6e-c9027bfa400e:c2277, 9c9c57da-14dc-454a-b374-789aa5e765a9:c2277]
2019-09-16 23:35:02,418 [grpc-default-executor-3] INFO  client.GrpcClientProtocolClient (GrpcClientProtocolClient.java:onNext(264)) - client-C79DE3E06697->1d6da99a-ba9a-4d72-abd2-d0f1aa02f12f: receive RaftClientReply:client-C79DE3E06697->1d6da99a-ba9a-4d72-abd2-d0f1aa02f12f@group-B29EE812FB58, cid=1590, SUCCESS, logIndex=2282, commits[1d6da99a-ba9a-4d72-abd2-d0f1aa02f12f:c2283, 9dc27687-2024-46ae-8b6e-c9027bfa400e:c2279, 9c9c57da-14dc-454a-b374-789aa5e765a9:c2279]
2019-09-16 23:35:02,418 [grpc-default-executor-3] INFO  client.GrpcClientProtocolClient (GrpcClientProtocolClient.java:onNext(264)) - client-C79DE3E06697->1d6da99a-ba9a-4d72-abd2-d0f1aa02f12f: receive RaftClientReply:client-C79DE3E06697->1d6da99a-ba9a-4d72-abd2-d0f1aa02f12f@group-B29EE812FB58, cid=1591, SUCCESS, logIndex=2283, commits[1d6da99a-ba9a-4d72-abd2-d0f1aa02f12f:c2283, 9dc27687-2024-46ae-8b6e-c9027bfa400e:c2279, 9c9c57da-14dc-454a-b374-789aa5e765a9:c2279]
2019-09-16 23:35:02,449 [grpc-default-executor-3] INFO  client.GrpcClientProtocolClient (GrpcClientProtocolClient.java:onNext(264)) - client-C79DE3E06697->1d6da99a-ba9a-4d72-abd2-d0f1aa02f12f: receive RaftClientReply:client-C79DE3E06697->1d6da99a-ba9a-4d72-abd2-d0f1aa02f12f@group-B29EE812FB58, cid=1592, SUCCESS, logIndex=0, commits[1d6da99a-ba9a-4d72-abd2-d0f1aa02f12f:c2285, 9dc27687-2024-46ae-8b6e-c9027bfa400e:c2283, 9c9c57da-14dc-454a-b374-789aa5e765a9:c2283]
2019-09-16 23:35:02,477 [grpc-default-executor-3] INFO  client.GrpcClientProtocolClient (GrpcClientProtocolClient.java:onNext(264)) - client-C79DE3E06697->1d6da99a-ba9a-4d72-abd2-d0f1aa02f12f: receive RaftClientReply:client-C79DE3E06697->1d6da99a-ba9a-4d72-abd2-d0f1aa02f12f@group-B29EE812FB58, cid=1593, SUCCESS, logIndex=2286, commits[1d6da99a-ba9a-4d72-abd2-d0f1aa02f12f:c2287, 9dc27687-2024-46ae-8b6e-c9027bfa400e:c2285, 9c9c57da-14dc-454a-b374-789aa5e765a9:c2285]
2019-09-16 23:35:02,478 [grpc-default-executor-3] INFO  client.GrpcClientProtocolClient (GrpcClientProtocolClient.java:onNext(264)) - client-C79DE3E06697->1d6da99a-ba9a-4d72-abd2-d0f1aa02f12f: receive RaftClientReply:client-C79DE3E06697->1d6da99a-ba9a-4d72-abd2-d0f1aa02f12f@group-B29EE812FB58, cid=1594, SUCCESS, logIndex=2287, commits[1d6da99a-ba9a-4d72-abd2-d0f1aa02f12f:c2289, 9dc27687-2024-46ae-8b6e-c9027bfa400e:c2285, 9c9c57da-14dc-454a-b374-789aa5e765a9:c2285]
2019-09-16 23:35:02,478 [grpc-default-executor-3] INFO  client.GrpcClientProtocolClient (GrpcClientProtocolClient.java:onNext(264)) - client-C79DE3E06697->1d6da99a-ba9a-4d72-abd2-d0f1aa02f12f: receive RaftClientReply:client-C79DE3E06697->1d6da99a-ba9a-4d72-abd2-d0f1aa02f12f@group-B29EE812FB58, cid=1595, SUCCESS, logIndex=2288, commits[1d6da99a-ba9a-4d72-abd2-d0f1aa02f12f:c2289, 9dc27687-2024-46ae-8b6e-c9027bfa400e:c2285, 9c9c57da-14dc-454a-b374-789aa5e765a9:c2285]
2019-09-16 23:35:02,478 [grpc-default-executor-3] INFO  client.GrpcClientProtocolClient (GrpcClientProtocolClient.java:onNext(264)) - client-C79DE3E06697->1d6da99a-ba9a-4d72-abd2-d0f1aa02f12f: receive RaftClientReply:client-C79DE3E06697->1d6da99a-ba9a-4d72-abd2-d0f1aa02f12f@group-B29EE812FB58, cid=1596, SUCCESS, logIndex=2289, commits[1d6da99a-ba9a-4d72-abd2-d0f1aa02f12f:c2289, 9dc27687-2024-46ae-8b6e-c9027bfa400e:c2285, 9c9c57da-14dc-454a-b374-789aa5e765a9:c2285]
2019-09-16 23:35:02,489 [grpc-default-executor-3] INFO  client.GrpcClientProtocolClient (GrpcClientProtocolClient.java:onNext(264)) - client-C79DE3E06697->1d6da99a-ba9a-4d72-abd2-d0f1aa02f12f: receive RaftClientReply:client-C79DE3E06697->1d6da99a-ba9a-4d72-abd2-d0f1aa02f12f@group-B29EE812FB58, cid=1597, SUCCESS, logIndex=0, commits[1d6da99a-ba9a-4d72-abd2-d0f1aa02f12f:c2290, 9dc27687-2024-46ae-8b6e-c9027bfa400e:c2287, 9c9c57da-14dc-454a-b374-789aa5e765a9:c2287]
2019-09-16 23:35:02,501 [grpc-default-executor-3] INFO  client.GrpcClientProtocolClient (GrpcClientProtocolClient.java:onNext(264)) - client-C79DE3E06697->1d6da99a-ba9a-4d72-abd2-d0f1aa02f12f: receive RaftClientReply:client-C79DE3E06697->1d6da99a-ba9a-4d72-abd2-d0f1aa02f12f@group-B29EE812FB58, cid=1598, SUCCESS, logIndex=2293, commits[1d6da99a-ba9a-4d72-abd2-d0f1aa02f12f:c2294, 9dc27687-2024-46ae-8b6e-c9027bfa400e:c2292, 9c9c57da-14dc-454a-b374-789aa5e765a9:c2292]
2019-09-16 23:35:02,502 [grpc-default-executor-3] INFO  client.GrpcClientProtocolClient (GrpcClientProtocolClient.java:onNext(264)) - client-C79DE3E06697->1d6da99a-ba9a-4d72-abd2-d0f1aa02f12f: receive RaftClientReply:client-C79DE3E06697->1d6da99a-ba9a-4d72-abd2-d0f1aa02f12f@group-B29EE812FB58, cid=1599, SUCCESS, logIndex=2294, commits[1d6da99a-ba9a-4d72-abd2-d0f1aa02f12f:c2294, 9dc27687-2024-46ae-8b6e-c9027bfa400e:c2292, 9c9c57da-14dc-454a-b374-789aa5e765a9:c2292]
2019-09-16 23:35:02,515 [grpc-default-executor-7] INFO  client.GrpcClientProtocolClient (GrpcClientProtocolClient.java:onNext(264)) - client-C79DE3E06697->1d6da99a-ba9a-4d72-abd2-d0f1aa02f12f: receive RaftClientReply:client-C79DE3E06697->1d6da99a-ba9a-4d72-abd2-d0f1aa02f12f@group-B29EE812FB58, cid=1600, SUCCESS, logIndex=2297, commits[1d6da99a-ba9a-4d72-abd2-d0f1aa02f12f:c2298, 9dc27687-2024-46ae-8b6e-c9027bfa400e:c2296, 9c9c57da-14dc-454a-b374-789aa5e765a9:c2296]
2019-09-16 23:35:02,516 [grpc-default-executor-7] INFO  client.GrpcClientProtocolClient (GrpcClientProtocolClient.java:onNext(264)) - client-C79DE3E06697->1d6da99a-ba9a-4d72-abd2-d0f1aa02f12f: receive RaftClientReply:client-C79DE3E06697->1d6da99a-ba9a-4d72-abd2-d0f1aa02f12f@group-B29EE812FB58, cid=1601, SUCCESS, logIndex=2298, commits[1d6da99a-ba9a-4d72-abd2-d0f1aa02f12f:c2298, 9dc27687-2024-46ae-8b6e-c9027bfa400e:c2296, 9c9c57da-14dc-454a-b374-789aa5e765a9:c2296]
2019-09-16 23:35:02,521 [grpc-default-executor-7] INFO  client.GrpcClientProtocolClient (GrpcClientProtocolClient.java:onNext(264)) - client-C79DE3E06697->1d6da99a-ba9a-4d72-abd2-d0f1aa02f12f: receive RaftClientReply:client-C79DE3E06697->1d6da99a-ba9a-4d72-abd2-d0f1aa02f12f@group-B29EE812FB58, cid=1602, SUCCESS, logIndex=0, commits[1d6da99a-ba9a-4d72-abd2-d0f1aa02f12f:c2299, 9dc27687-2024-46ae-8b6e-c9027bfa400e:c2298, 9c9c57da-14dc-454a-b374-789aa5e765a9:c2298]
2019-09-16 23:35:02,542 [grpc-default-executor-6] INFO  client.GrpcClientProtocolClient (GrpcClientProtocolClient.java:onNext(264)) - client-C79DE3E06697->1d6da99a-ba9a-4d72-abd2-d0f1aa02f12f: receive RaftClientReply:client-C79DE3E06697->1d6da99a-ba9a-4d72-abd2-d0f1aa02f12f@group-B29EE812FB58, cid=1603, SUCCESS, logIndex=2301, commits[1d6da99a-ba9a-4d72-abd2-d0f1aa02f12f:c2302, 9dc27687-2024-46ae-8b6e-c9027bfa400e:c2300, 9c9c57da-14dc-454a-b374-789aa5e765a9:c2300]
2019-09-16 23:35:02,543 [grpc-default-executor-6] INFO  client.GrpcClientProtocolClient (GrpcClientProtocolClient.java:onNext(264)) - client-C79DE3E06697->1d6da99a-ba9a-4d72-abd2-d0f1aa02f12f: receive RaftClientReply:client-C79DE3E06697->1d6da99a-ba9a-4d72-abd2-d0f1aa02f12f@group-B29EE812FB58, cid=1604, SUCCESS, logIndex=2302, commits[1d6da99a-ba9a-4d72-abd2-d0f1aa02f12f:c2302, 9dc27687-2024-46ae-8b6e-c9027bfa400e:c2300, 9c9c57da-14dc-454a-b374-789aa5e765a9:c2300]
2019-09-16 23:35:02,546 [grpc-default-executor-7] INFO  client.GrpcClientProtocolClient (GrpcClientProtocolClient.java:onNext(264)) - client-C79DE3E06697->1d6da99a-ba9a-4d72-abd2-d0f1aa02f12f: receive RaftClientReply:client-C79DE3E06697->1d6da99a-ba9a-4d72-abd2-d0f1aa02f12f@group-B29EE812FB58, cid=1605, SUCCESS, logIndex=2303, commits[1d6da99a-ba9a-4d72-abd2-d0f1aa02f12f:c2304, 9dc27687-2024-46ae-8b6e-c9027bfa400e:c2300, 9c9c57da-14dc-454a-b374-789aa5e765a9:c2300]
2019-09-16 23:35:02,546 [grpc-default-executor-7] INFO  client.GrpcClientProtocolClient (GrpcClientProtocolClient.java:onNext(264)) - client-C79DE3E06697->1d6da99a-ba9a-4d72-abd2-d0f1aa02f12f: receive RaftClientReply:client-C79DE3E06697->1d6da99a-ba9a-4d72-abd2-d0f1aa02f12f@group-B29EE812FB58, cid=1606, SUCCESS, logIndex=2304, commits[1d6da99a-ba9a-4d72-abd2-d0f1aa02f12f:c2304, 9dc27687-2024-46ae-8b6e-c9027bfa400e:c2300, 9c9c57da-14dc-454a-b374-789aa5e765a9:c2300]
2019-09-16 23:35:02,556 [grpc-default-executor-7] INFO  client.GrpcClientProtocolClient (GrpcClientProtocolClient.java:onNext(264)) - client-C79DE3E06697->1d6da99a-ba9a-4d72-abd2-d0f1aa02f12f: receive RaftClientReply:client-C79DE3E06697->1d6da99a-ba9a-4d72-abd2-d0f1aa02f12f@group-B29EE812FB58, cid=1607, SUCCESS, logIndex=0, commits[1d6da99a-ba9a-4d72-abd2-d0f1aa02f12f:c2306, 9dc27687-2024-46ae-8b6e-c9027bfa400e:c2302, 9c9c57da-14dc-454a-b374-789aa5e765a9:c2302]
 0.00% |█                                                                                                    |  0/1 Time: 0:00:202019-09-16 23:35:02,570 [grpc-default-executor-7] INFO  client.GrpcClientProtocolClient (GrpcClientProtocolClient.java:onNext(264)) - client-C79DE3E06697->1d6da99a-ba9a-4d72-abd2-d0f1aa02f12f: receive RaftClientReply:client-C79DE3E06697->1d6da99a-ba9a-4d72-abd2-d0f1aa02f12f@group-B29EE812FB58, cid=1608, SUCCESS, logIndex=2308, commits[1d6da99a-ba9a-4d72-abd2-d0f1aa02f12f:c2309, 9dc27687-2024-46ae-8b6e-c9027bfa400e:c2307, 9c9c57da-14dc-454a-b374-789aa5e765a9:c2307]
2019-09-16 23:35:02,571 [grpc-default-executor-7] INFO  client.GrpcClientProtocolClient (GrpcClientProtocolClient.java:onNext(264)) - client-C79DE3E06697->1d6da99a-ba9a-4d72-abd2-d0f1aa02f12f: receive RaftClientReply:client-C79DE3E06697->1d6da99a-ba9a-4d72-abd2-d0f1aa02f12f@group-B29EE812FB58, cid=1609, SUCCESS, logIndex=2309, commits[1d6da99a-ba9a-4d72-abd2-d0f1aa02f12f:c2309, 9dc27687-2024-46ae-8b6e-c9027bfa400e:c2307, 9c9c57da-14dc-454a-b374-789aa5e765a9:c2307]
2019-09-16 23:35:02,590 [grpc-default-executor-7] INFO  client.GrpcClientProtocolClient (GrpcClientProtocolClient.java:onNext(264)) - client-C79DE3E06697->1d6da99a-ba9a-4d72-abd2-d0f1aa02f12f: receive RaftClientReply:client-C79DE3E06697->1d6da99a-ba9a-4d72-abd2-d0f1aa02f12f@group-B29EE812FB58, cid=1610, SUCCESS, logIndex=2312, commits[1d6da99a-ba9a-4d72-abd2-d0f1aa02f12f:c2313, 9dc27687-2024-46ae-8b6e-c9027bfa400e:c2309, 9c9c57da-14dc-454a-b374-789aa5e765a9:c2310]
2019-09-16 23:35:02,590 [grpc-default-executor-7] INFO  client.GrpcClientProtocolClient (GrpcClientProtocolClient.java:onNext(264)) - client-C79DE3E06697->1d6da99a-ba9a-4d72-abd2-d0f1aa02f12f: receive RaftClientReply:client-C79DE3E06697->1d6da99a-ba9a-4d72-abd2-d0f1aa02f12f@group-B29EE812FB58, cid=1611, SUCCESS, logIndex=2313, commits[1d6da99a-ba9a-4d72-abd2-d0f1aa02f12f:c2313, 9dc27687-2024-46ae-8b6e-c9027bfa400e:c2310, 9c9c57da-14dc-454a-b374-789aa5e765a9:c2310]
2019-09-16 23:35:02,601 [grpc-default-executor-7] INFO  client.GrpcClientProtocolClient (GrpcClientProtocolClient.java:onNext(264)) - client-C79DE3E06697->1d6da99a-ba9a-4d72-abd2-d0f1aa02f12f: receive RaftClientReply:client-C79DE3E06697->1d6da99a-ba9a-4d72-abd2-d0f1aa02f12f@group-B29EE812FB58, cid=1612, SUCCESS, logIndex=0, commits[1d6da99a-ba9a-4d72-abd2-d0f1aa02f12f:c2314, 9dc27687-2024-46ae-8b6e-c9027bfa400e:c2313, 9c9c57da-14dc-454a-b374-789aa5e765a9:c2313]
2019-09-16 23:35:02,627 [grpc-default-executor-3] INFO  client.GrpcClientProtocolClient (GrpcClientProtocolClient.java:onNext(264)) - client-C79DE3E06697->1d6da99a-ba9a-4d72-abd2-d0f1aa02f12f: receive RaftClientReply:client-C79DE3E06697->1d6da99a-ba9a-4d72-abd2-d0f1aa02f12f@group-B29EE812FB58, cid=1613, SUCCESS, logIndex=2316, commits[1d6da99a-ba9a-4d72-abd2-d0f1aa02f12f:c2317, 9dc27687-2024-46ae-8b6e-c9027bfa400e:c2313, 9c9c57da-14dc-454a-b374-789aa5e765a9:c2315]
2019-09-16 23:35:02,627 [grpc-default-executor-3] INFO  client.GrpcClientProtocolClient (GrpcClientProtocolClient.java:onNext(264)) - client-C79DE3E06697->1d6da99a-ba9a-4d72-abd2-d0f1aa02f12f: receive RaftClientReply:client-C79DE3E06697->1d6da99a-ba9a-4d72-abd2-d0f1aa02f12f@group-B29EE812FB58, cid=1614, SUCCESS, logIndex=2317, commits[1d6da99a-ba9a-4d72-abd2-d0f1aa02f12f:c2317, 9dc27687-2024-46ae-8b6e-c9027bfa400e:c2315, 9c9c57da-14dc-454a-b374-789aa5e765a9:c2315]
2019-09-16 23:35:02,628 [grpc-default-executor-3] INFO  client.GrpcClientProtocolClient (GrpcClientProtocolClient.java:onNext(264)) - client-C79DE3E06697->1d6da99a-ba9a-4d72-abd2-d0f1aa02f12f: receive RaftClientReply:client-C79DE3E06697->1d6da99a-ba9a-4d72-abd2-d0f1aa02f12f@group-B29EE812FB58, cid=1615, SUCCESS, logIndex=2318, commits[1d6da99a-ba9a-4d72-abd2-d0f1aa02f12f:c2319, 9dc27687-2024-46ae-8b6e-c9027bfa400e:c2315, 9c9c57da-14dc-454a-b374-789aa5e765a9:c2315]
2019-09-16 23:35:02,628 [grpc-default-executor-3] INFO  client.GrpcClientProtocolClient (GrpcClientProtocolClient.java:onNext(264)) - client-C79DE3E06697->1d6da99a-ba9a-4d72-abd2-d0f1aa02f12f: receive RaftClientReply:client-C79DE3E06697->1d6da99a-ba9a-4d72-abd2-d0f1aa02f12f@group-B29EE812FB58, cid=1616, SUCCESS, logIndex=2319, commits[1d6da99a-ba9a-4d72-abd2-d0f1aa02f12f:c2319, 9dc27687-2024-46ae-8b6e-c9027bfa400e:c2315, 9c9c57da-14dc-454a-b374-789aa5e765a9:c2315]
2019-09-16 23:35:02,656 [grpc-default-executor-3] INFO  client.GrpcClientProtocolClient (GrpcClientProtocolClient.java:onNext(264)) - client-C79DE3E06697->1d6da99a-ba9a-4d72-abd2-d0f1aa02f12f: receive RaftClientReply:client-C79DE3E06697->1d6da99a-ba9a-4d72-abd2-d0f1aa02f12f@group-B29EE812FB58, cid=1617, SUCCESS, logIndex=0, commits[1d6da99a-ba9a-4d72-abd2-d0f1aa02f12f:c2320, 9dc27687-2024-46ae-8b6e-c9027bfa400e:c2317, 9c9c57da-14dc-454a-b374-789aa5e765a9:c2317]
2019-09-16 23:35:02,671 [grpc-default-executor-3] INFO  client.GrpcClientProtocolClient (GrpcClientProtocolClient.java:onNext(264)) - client-C79DE3E06697->1d6da99a-ba9a-4d72-abd2-d0f1aa02f12f: receive RaftClientReply:client-C79DE3E06697->1d6da99a-ba9a-4d72-abd2-d0f1aa02f12f@group-B29EE812FB58, cid=1618, SUCCESS, logIndex=2324, commits[1d6da99a-ba9a-4d72-abd2-d0f1aa02f12f:c2325, 9dc27687-2024-46ae-8b6e-c9027bfa400e:c2323, 9c9c57da-14dc-454a-b374-789aa5e765a9:c2319]
2019-09-16 23:35:02,671 [grpc-default-executor-3] INFO  client.GrpcClientProtocolClient (GrpcClientProtocolClient.java:onNext(264)) - client-C79DE3E06697->1d6da99a-ba9a-4d72-abd2-d0f1aa02f12f: receive RaftClientReply:client-C79DE3E06697->1d6da99a-ba9a-4d72-abd2-d0f1aa02f12f@group-B29EE812FB58, cid=1619, SUCCESS, logIndex=2325, commits[1d6da99a-ba9a-4d72-abd2-d0f1aa02f12f:c2325, 9dc27687-2024-46ae-8b6e-c9027bfa400e:c2323, 9c9c57da-14dc-454a-b374-789aa5e765a9:c2323]
2019-09-16 23:35:02,691 [grpc-default-executor-3] INFO  client.GrpcClientProtocolClient (GrpcClientProtocolClient.java:onNext(264)) - client-C79DE3E06697->1d6da99a-ba9a-4d72-abd2-d0f1aa02f12f: receive RaftClientReply:client-C79DE3E06697->1d6da99a-ba9a-4d72-abd2-d0f1aa02f12f@group-B29EE812FB58, cid=1620, SUCCESS, logIndex=2328, commits[1d6da99a-ba9a-4d72-abd2-d0f1aa02f12f:c2329, 9dc27687-2024-46ae-8b6e-c9027bfa400e:c2325, 9c9c57da-14dc-454a-b374-789aa5e765a9:c2325]
2019-09-16 23:35:02,691 [grpc-default-executor-3] INFO  client.GrpcClientProtocolClient (GrpcClientProtocolClient.java:onNext(264)) - client-C79DE3E06697->1d6da99a-ba9a-4d72-abd2-d0f1aa02f12f: receive RaftClientReply:client-C79DE3E06697->1d6da99a-ba9a-4d72-abd2-d0f1aa02f12f@group-B29EE812FB58, cid=1621, SUCCESS, logIndex=2329, commits[1d6da99a-ba9a-4d72-abd2-d0f1aa02f12f:c2329, 9dc27687-2024-46ae-8b6e-c9027bfa400e:c2325, 9c9c57da-14dc-454a-b374-789aa5e765a9:c2325]
2019-09-16 23:35:02,702 [grpc-default-executor-3] INFO  client.GrpcClientProtocolClient (GrpcClientProtocolClient.java:onNext(264)) - client-C79DE3E06697->1d6da99a-ba9a-4d72-abd2-d0f1aa02f12f: receive RaftClientReply:client-C79DE3E06697->1d6da99a-ba9a-4d72-abd2-d0f1aa02f12f@group-B29EE812FB58, cid=1622, SUCCESS, logIndex=0, commits[1d6da99a-ba9a-4d72-abd2-d0f1aa02f12f:c2330, 9dc27687-2024-46ae-8b6e-c9027bfa400e:c2329, 9c9c57da-14dc-454a-b374-789aa5e765a9:c2329]
2019-09-16 23:35:02,925 [grpc-default-executor-3] INFO  client.GrpcClientProtocolClient (GrpcClientProtocolClient.java:onNext(264)) - client-C79DE3E06697->1d6da99a-ba9a-4d72-abd2-d0f1aa02f12f: receive RaftClientReply:client-C79DE3E06697->1d6da99a-ba9a-4d72-abd2-d0f1aa02f12f@group-B29EE812FB58, cid=1623, SUCCESS, logIndex=2332, commits[1d6da99a-ba9a-4d72-abd2-d0f1aa02f12f:c2334, 9dc27687-2024-46ae-8b6e-c9027bfa400e:c2331, 9c9c57da-14dc-454a-b374-789aa5e765a9:c2331]
2019-09-16 23:35:02,926 [grpc-default-executor-3] INFO  client.GrpcClientProtocolClient (GrpcClientProtocolClient.java:onNext(264)) - client-C79DE3E06697->1d6da99a-ba9a-4d72-abd2-d0f1aa02f12f: receive RaftClientReply:client-C79DE3E06697->1d6da99a-ba9a-4d72-abd2-d0f1aa02f12f@group-B29EE812FB58, cid=1624, SUCCESS, logIndex=2333, commits[1d6da99a-ba9a-4d72-abd2-d0f1aa02f12f:c2335, 9dc27687-2024-46ae-8b6e-c9027bfa400e:c2331, 9c9c57da-14dc-454a-b374-789aa5e765a9:c2331]
2019-09-16 23:35:02,927 [grpc-default-executor-3] INFO  client.GrpcClientProtocolClient (GrpcClientProtocolClient.java:onNext(264)) - client-C79DE3E06697->1d6da99a-ba9a-4d72-abd2-d0f1aa02f12f: receive RaftClientReply:client-C79DE3E06697->1d6da99a-ba9a-4d72-abd2-d0f1aa02f12f@group-B29EE812FB58, cid=1625, SUCCESS, logIndex=2334, commits[1d6da99a-ba9a-4d72-abd2-d0f1aa02f12f:c2335, 9dc27687-2024-46ae-8b6e-c9027bfa400e:c2331, 9c9c57da-14dc-454a-b374-789aa5e765a9:c2333]
2019-09-16 23:35:02,929 [grpc-default-executor-3] INFO  client.GrpcClientProtocolClient (GrpcClientProtocolClient.java:onNext(264)) - client-C79DE3E06697->1d6da99a-ba9a-4d72-abd2-d0f1aa02f12f: receive RaftClientReply:client-C79DE3E06697->1d6da99a-ba9a-4d72-abd2-d0f1aa02f12f@group-B29EE812FB58, cid=1626, SUCCESS, logIndex=2335, commits[1d6da99a-ba9a-4d72-abd2-d0f1aa02f12f:c2336, 9dc27687-2024-46ae-8b6e-c9027bfa400e:c2331, 9c9c57da-14dc-454a-b374-789aa5e765a9:c2333]
2019-09-16 23:35:02,931 [grpc-default-executor-3] INFO  client.GrpcClientProtocolClient (GrpcClientProtocolClient.java:onNext(264)) - client-C79DE3E06697->1d6da99a-ba9a-4d72-abd2-d0f1aa02f12f: receive RaftClientReply:client-C79DE3E06697->1d6da99a-ba9a-4d72-abd2-d0f1aa02f12f@group-B29EE812FB58, cid=1627, SUCCESS, logIndex=0, commits[1d6da99a-ba9a-4d72-abd2-d0f1aa02f12f:c2338, 9dc27687-2024-46ae-8b6e-c9027bfa400e:c2333, 9c9c57da-14dc-454a-b374-789aa5e765a9:c2334]
2019-09-16 23:35:02,942 [grpc-default-executor-7] INFO  client.GrpcClientProtocolClient (GrpcClientProtocolClient.java:onNext(264)) - client-C79DE3E06697->1d6da99a-ba9a-4d72-abd2-d0f1aa02f12f: receive RaftClientReply:client-C79DE3E06697->1d6da99a-ba9a-4d72-abd2-d0f1aa02f12f@group-B29EE812FB58, cid=1628, SUCCESS, logIndex=2340, commits[1d6da99a-ba9a-4d72-abd2-d0f1aa02f12f:c2341, 9dc27687-2024-46ae-8b6e-c9027bfa400e:c2338, 9c9c57da-14dc-454a-b374-789aa5e765a9:c2335]
2019-09-16 23:35:02,943 [grpc-default-executor-7] INFO  client.GrpcClientProtocolClient (GrpcClientProtocolClient.java:onNext(264)) - client-C79DE3E06697->1d6da99a-ba9a-4d72-abd2-d0f1aa02f12f: receive RaftClientReply:client-C79DE3E06697->1d6da99a-ba9a-4d72-abd2-d0f1aa02f12f@group-B29EE812FB58, cid=1629, SUCCESS, logIndex=2341, commits[1d6da99a-ba9a-4d72-abd2-d0f1aa02f12f:c2341, 9dc27687-2024-46ae-8b6e-c9027bfa400e:c2338, 9c9c57da-14dc-454a-b374-789aa5e765a9:c2338]
2019-09-16 23:35:02,959 [grpc-default-executor-3] INFO  client.GrpcClientProtocolClient (GrpcClientProtocolClient.java:onNext(264)) - client-C79DE3E06697->1d6da99a-ba9a-4d72-abd2-d0f1aa02f12f: receive RaftClientReply:client-C79DE3E06697->1d6da99a-ba9a-4d72-abd2-d0f1aa02f12f@group-B29EE812FB58, cid=1630, SUCCESS, logIndex=2344, commits[1d6da99a-ba9a-4d72-abd2-d0f1aa02f12f:c2345, 9dc27687-2024-46ae-8b6e-c9027bfa400e:c2341, 9c9c57da-14dc-454a-b374-789aa5e765a9:c2342]
2019-09-16 23:35:02,959 [grpc-default-executor-3] INFO  client.GrpcClientProtocolClient (GrpcClientProtocolClient.java:onNext(264)) - client-C79DE3E06697->1d6da99a-ba9a-4d72-abd2-d0f1aa02f12f: receive RaftClientReply:client-C79DE3E06697->1d6da99a-ba9a-4d72-abd2-d0f1aa02f12f@group-B29EE812FB58, cid=1631, SUCCESS, logIndex=2345, commits[1d6da99a-ba9a-4d72-abd2-d0f1aa02f12f:c2345, 9dc27687-2024-46ae-8b6e-c9027bfa400e:c2342, 9c9c57da-14dc-454a-b374-789aa5e765a9:c2342]
2019-09-16 23:35:02,971 [grpc-default-executor-3] INFO  client.GrpcClientProtocolClient (GrpcClientProtocolClient.java:onNext(264)) - client-C79DE3E06697->1d6da99a-ba9a-4d72-abd2-d0f1aa02f12f: receive RaftClientReply:client-C79DE3E06697->1d6da99a-ba9a-4d72-abd2-d0f1aa02f12f@group-B29EE812FB58, cid=1632, SUCCESS, logIndex=0, commits[1d6da99a-ba9a-4d72-abd2-d0f1aa02f12f:c2346, 9dc27687-2024-46ae-8b6e-c9027bfa400e:c2345, 9c9c57da-14dc-454a-b374-789aa5e765a9:c2345]
2019-09-16 23:35:02,989 [grpc-default-executor-7] INFO  client.GrpcClientProtocolClient (GrpcClientProtocolClient.java:onNext(264)) - client-C79DE3E06697->1d6da99a-ba9a-4d72-abd2-d0f1aa02f12f: receive RaftClientReply:client-C79DE3E06697->1d6da99a-ba9a-4d72-abd2-d0f1aa02f12f@group-B29EE812FB58, cid=1633, SUCCESS, logIndex=2348, commits[1d6da99a-ba9a-4d72-abd2-d0f1aa02f12f:c2349, 9dc27687-2024-46ae-8b6e-c9027bfa400e:c2345, 9c9c57da-14dc-454a-b374-789aa5e765a9:c2347]
2019-09-16 23:35:02,990 [grpc-default-executor-7] INFO  client.GrpcClientProtocolClient (GrpcClientProtocolClient.java:onNext(264)) - client-C79DE3E06697->1d6da99a-ba9a-4d72-abd2-d0f1aa02f12f: receive RaftClientReply:client-C79DE3E06697->1d6da99a-ba9a-4d72-abd2-d0f1aa02f12f@group-B29EE812FB58, cid=1634, SUCCESS, logIndex=2349, commits[1d6da99a-ba9a-4d72-abd2-d0f1aa02f12f:c2349, 9dc27687-2024-46ae-8b6e-c9027bfa400e:c2347, 9c9c57da-14dc-454a-b374-789aa5e765a9:c2347]
2019-09-16 23:35:02,992 [grpc-default-executor-7] INFO  client.GrpcClientProtocolClient (GrpcClientProtocolClient.java:onNext(264)) - client-C79DE3E06697->1d6da99a-ba9a-4d72-abd2-d0f1aa02f12f: receive RaftClientReply:client-C79DE3E06697->1d6da99a-ba9a-4d72-abd2-d0f1aa02f12f@group-B29EE812FB58, cid=1635, SUCCESS, logIndex=2350, commits[1d6da99a-ba9a-4d72-abd2-d0f1aa02f12f:c2351, 9dc27687-2024-46ae-8b6e-c9027bfa400e:c2347, 9c9c57da-14dc-454a-b374-789aa5e765a9:c2347]
2019-09-16 23:35:02,993 [grpc-default-executor-7] INFO  client.GrpcClientProtocolClient (GrpcClientProtocolClient.java:onNext(264)) - client-C79DE3E06697->1d6da99a-ba9a-4d72-abd2-d0f1aa02f12f: receive RaftClientReply:client-C79DE3E06697->1d6da99a-ba9a-4d72-abd2-d0f1aa02f12f@group-B29EE812FB58, cid=1636, SUCCESS, logIndex=2351, commits[1d6da99a-ba9a-4d72-abd2-d0f1aa02f12f:c2351, 9dc27687-2024-46ae-8b6e-c9027bfa400e:c2347, 9c9c57da-14dc-454a-b374-789aa5e765a9:c2347]
2019-09-16 23:35:02,994 [grpc-default-executor-7] INFO  client.GrpcClientProtocolClient (GrpcClientProtocolClient.java:onNext(264)) - client-C79DE3E06697->1d6da99a-ba9a-4d72-abd2-d0f1aa02f12f: receive RaftClientReply:client-C79DE3E06697->1d6da99a-ba9a-4d72-abd2-d0f1aa02f12f@group-B29EE812FB58, cid=1637, SUCCESS, logIndex=0, commits[1d6da99a-ba9a-4d72-abd2-d0f1aa02f12f:c2353, 9dc27687-2024-46ae-8b6e-c9027bfa400e:c2349, 9c9c57da-14dc-454a-b374-789aa5e765a9:c2349]
2019-09-16 23:35:03,005 [grpc-default-executor-6] INFO  client.GrpcClientProtocolClient (GrpcClientProtocolClient.java:onNext(264)) - client-C79DE3E06697->1d6da99a-ba9a-4d72-abd2-d0f1aa02f12f: receive RaftClientReply:client-C79DE3E06697->1d6da99a-ba9a-4d72-abd2-d0f1aa02f12f@group-B29EE812FB58, cid=1638, SUCCESS, logIndex=2356, commits[1d6da99a-ba9a-4d72-abd2-d0f1aa02f12f:c2357, 9dc27687-2024-46ae-8b6e-c9027bfa400e:c2351, 9c9c57da-14dc-454a-b374-789aa5e765a9:c2355]
2019-09-16 23:35:03,005 [grpc-default-executor-6] INFO  client.GrpcClientProtocolClient (GrpcClientProtocolClient.java:onNext(264)) - client-C79DE3E06697->1d6da99a-ba9a-4d72-abd2-d0f1aa02f12f: receive RaftClientReply:client-C79DE3E06697->1d6da99a-ba9a-4d72-abd2-d0f1aa02f12f@group-B29EE812FB58, cid=1639, SUCCESS, logIndex=2357, commits[1d6da99a-ba9a-4d72-abd2-d0f1aa02f12f:c2357, 9dc27687-2024-46ae-8b6e-c9027bfa400e:c2355, 9c9c57da-14dc-454a-b374-789aa5e765a9:c2355]
2019-09-16 23:35:03,024 [grpc-default-executor-7] INFO  client.GrpcClientProtocolClient (GrpcClientProtocolClient.java:onNext(264)) - client-C79DE3E06697->1d6da99a-ba9a-4d72-abd2-d0f1aa02f12f: receive RaftClientReply:client-C79DE3E06697->1d6da99a-ba9a-4d72-abd2-d0f1aa02f12f@group-B29EE812FB58, cid=1640, SUCCESS, logIndex=2360, commits[1d6da99a-ba9a-4d72-abd2-d0f1aa02f12f:c2361, 9dc27687-2024-46ae-8b6e-c9027bfa400e:c2359, 9c9c57da-14dc-454a-b374-789aa5e765a9:c2357]
2019-09-16 23:35:03,025 [grpc-default-executor-7] INFO  client.GrpcClientProtocolClient (GrpcClientProtocolClient.java:onNext(264)) - client-C79DE3E06697->1d6da99a-ba9a-4d72-abd2-d0f1aa02f12f: receive RaftClientReply:client-C79DE3E06697->1d6da99a-ba9a-4d72-abd2-d0f1aa02f12f@group-B29EE812FB58, cid=1641, SUCCESS, logIndex=2361, commits[1d6da99a-ba9a-4d72-abd2-d0f1aa02f12f:c2361, 9dc27687-2024-46ae-8b6e-c9027bfa400e:c2359, 9c9c57da-14dc-454a-b374-789aa5e765a9:c2357]
2019-09-16 23:35:03,028 [grpc-default-executor-7] INFO  client.GrpcClientProtocolClient (GrpcClientProtocolClient.java:onNext(264)) - client-C79DE3E06697->1d6da99a-ba9a-4d72-abd2-d0f1aa02f12f: receive RaftClientReply:client-C79DE3E06697->1d6da99a-ba9a-4d72-abd2-d0f1aa02f12f@group-B29EE812FB58, cid=1642, SUCCESS, logIndex=0, commits[1d6da99a-ba9a-4d72-abd2-d0f1aa02f12f:c2363, 9dc27687-2024-46ae-8b6e-c9027bfa400e:c2361, 9c9c57da-14dc-454a-b374-789aa5e765a9:c2361]
2019-09-16 23:35:03,052 [grpc-default-executor-7] INFO  client.GrpcClientProtocolClient (GrpcClientProtocolClient.java:onNext(264)) - client-C79DE3E06697->1d6da99a-ba9a-4d72-abd2-d0f1aa02f12f: receive RaftClientReply:client-C79DE3E06697->1d6da99a-ba9a-4d72-abd2-d0f1aa02f12f@group-B29EE812FB58, cid=1643, SUCCESS, logIndex=2364, commits[1d6da99a-ba9a-4d72-abd2-d0f1aa02f12f:c2365, 9dc27687-2024-46ae-8b6e-c9027bfa400e:c2363, 9c9c57da-14dc-454a-b374-789aa5e765a9:c2363]
2019-09-16 23:35:03,052 [grpc-default-executor-7] INFO  client.GrpcClientProtocolClient (GrpcClientProtocolClient.java:onNext(264)) - client-C79DE3E06697->1d6da99a-ba9a-4d72-abd2-d0f1aa02f12f: receive RaftClientReply:client-C79DE3E06697->1d6da99a-ba9a-4d72-abd2-d0f1aa02f12f@group-B29EE812FB58, cid=1644, SUCCESS, logIndex=2365, commits[1d6da99a-ba9a-4d72-abd2-d0f1aa02f12f:c2367, 9dc27687-2024-46ae-8b6e-c9027bfa400e:c2363, 9c9c57da-14dc-454a-b374-789aa5e765a9:c2363]
2019-09-16 23:35:03,052 [grpc-default-executor-7] INFO  client.GrpcClientProtocolClient (GrpcClientProtocolClient.java:onNext(264)) - client-C79DE3E06697->1d6da99a-ba9a-4d72-abd2-d0f1aa02f12f: receive RaftClientReply:client-C79DE3E06697->1d6da99a-ba9a-4d72-abd2-d0f1aa02f12f@group-B29EE812FB58, cid=1645, SUCCESS, logIndex=2366, commits[1d6da99a-ba9a-4d72-abd2-d0f1aa02f12f:c2367, 9dc27687-2024-46ae-8b6e-c9027bfa400e:c2363, 9c9c57da-14dc-454a-b374-789aa5e765a9:c2363]
2019-09-16 23:35:03,053 [grpc-default-executor-6] INFO  client.GrpcClientProtocolClient (GrpcClientProtocolClient.java:onNext(264)) - client-C79DE3E06697->1d6da99a-ba9a-4d72-abd2-d0f1aa02f12f: receive RaftClientReply:client-C79DE3E06697->1d6da99a-ba9a-4d72-abd2-d0f1aa02f12f@group-B29EE812FB58, cid=1646, SUCCESS, logIndex=2367, commits[1d6da99a-ba9a-4d72-abd2-d0f1aa02f12f:c2367, 9dc27687-2024-46ae-8b6e-c9027bfa400e:c2363, 9c9c57da-14dc-454a-b374-789aa5e765a9:c2363]
2019-09-16 23:35:03,057 [grpc-default-executor-7] INFO  client.GrpcClientProtocolClient (GrpcClientProtocolClient.java:onNext(264)) - client-C79DE3E06697->1d6da99a-ba9a-4d72-abd2-d0f1aa02f12f: receive RaftClientReply:client-C79DE3E06697->1d6da99a-ba9a-4d72-abd2-d0f1aa02f12f@group-B29EE812FB58, cid=1647, SUCCESS, logIndex=0, commits[1d6da99a-ba9a-4d72-abd2-d0f1aa02f12f:c2369, 9dc27687-2024-46ae-8b6e-c9027bfa400e:c2366, 9c9c57da-14dc-454a-b374-789aa5e765a9:c2366]
2019-09-16 23:35:03,067 [grpc-default-executor-6] INFO  client.GrpcClientProtocolClient (GrpcClientProtocolClient.java:onNext(264)) - client-C79DE3E06697->1d6da99a-ba9a-4d72-abd2-d0f1aa02f12f: receive RaftClientReply:client-C79DE3E06697->1d6da99a-ba9a-4d72-abd2-d0f1aa02f12f@group-B29EE812FB58, cid=1648, SUCCESS, logIndex=2372, commits[1d6da99a-ba9a-4d72-abd2-d0f1aa02f12f:c2373, 9dc27687-2024-46ae-8b6e-c9027bfa400e:c2367, 9c9c57da-14dc-454a-b374-789aa5e765a9:c2371]
2019-09-16 23:35:03,067 [grpc-default-executor-6] INFO  client.GrpcClientProtocolClient (GrpcClientProtocolClient.java:onNext(264)) - client-C79DE3E06697->1d6da99a-ba9a-4d72-abd2-d0f1aa02f12f: receive RaftClientReply:client-C79DE3E06697->1d6da99a-ba9a-4d72-abd2-d0f1aa02f12f@group-B29EE812FB58, cid=1649, SUCCESS, logIndex=2373, commits[1d6da99a-ba9a-4d72-abd2-d0f1aa02f12f:c2373, 9dc27687-2024-46ae-8b6e-c9027bfa400e:c2371, 9c9c57da-14dc-454a-b374-789aa5e765a9:c2371]
2019-09-16 23:35:03,083 [grpc-default-executor-7] INFO  client.GrpcClientProtocolClient (GrpcClientProtocolClient.java:onNext(264)) - client-C79DE3E06697->1d6da99a-ba9a-4d72-abd2-d0f1aa02f12f: receive RaftClientReply:client-C79DE3E06697->1d6da99a-ba9a-4d72-abd2-d0f1aa02f12f@group-B29EE812FB58, cid=1650, SUCCESS, logIndex=2376, commits[1d6da99a-ba9a-4d72-abd2-d0f1aa02f12f:c2377, 9dc27687-2024-46ae-8b6e-c9027bfa400e:c2373, 9c9c57da-14dc-454a-b374-789aa5e765a9:c2373]
2019-09-16 23:35:03,083 [grpc-default-executor-7] INFO  client.GrpcClientProtocolClient (GrpcClientProtocolClient.java:onNext(264)) - client-C79DE3E06697->1d6da99a-ba9a-4d72-abd2-d0f1aa02f12f: receive RaftClientReply:client-C79DE3E06697->1d6da99a-ba9a-4d72-abd2-d0f1aa02f12f@group-B29EE812FB58, cid=1651, SUCCESS, logIndex=2377, commits[1d6da99a-ba9a-4d72-abd2-d0f1aa02f12f:c2377, 9dc27687-2024-46ae-8b6e-c9027bfa400e:c2373, 9c9c57da-14dc-454a-b374-789aa5e765a9:c2373]
2019-09-16 23:35:03,084 [grpc-default-executor-7] INFO  client.GrpcClientProtocolClient (GrpcClientProtocolClient.java:onNext(264)) - client-C79DE3E06697->1d6da99a-ba9a-4d72-abd2-d0f1aa02f12f: receive RaftClientReply:client-C79DE3E06697->1d6da99a-ba9a-4d72-abd2-d0f1aa02f12f@group-B29EE812FB58, cid=1652, SUCCESS, logIndex=0, commits[1d6da99a-ba9a-4d72-abd2-d0f1aa02f12f:c2378, 9dc27687-2024-46ae-8b6e-c9027bfa400e:c2377, 9c9c57da-14dc-454a-b374-789aa5e765a9:c2377]
2019-09-16 23:35:03,103 [grpc-default-executor-6] INFO  client.GrpcClientProtocolClient (GrpcClientProtocolClient.java:onNext(264)) - client-C79DE3E06697->1d6da99a-ba9a-4d72-abd2-d0f1aa02f12f: receive RaftClientReply:client-C79DE3E06697->1d6da99a-ba9a-4d72-abd2-d0f1aa02f12f@group-B29EE812FB58, cid=1653, SUCCESS, logIndex=2379, commits[1d6da99a-ba9a-4d72-abd2-d0f1aa02f12f:c2380, 9dc27687-2024-46ae-8b6e-c9027bfa400e:c2377, 9c9c57da-14dc-454a-b374-789aa5e765a9:c2378]
2019-09-16 23:35:03,103 [grpc-default-executor-6] INFO  client.GrpcClientProtocolClient (GrpcClientProtocolClient.java:onNext(264)) - client-C79DE3E06697->1d6da99a-ba9a-4d72-abd2-d0f1aa02f12f: receive RaftClientReply:client-C79DE3E06697->1d6da99a-ba9a-4d72-abd2-d0f1aa02f12f@group-B29EE812FB58, cid=1654, SUCCESS, logIndex=2380, commits[1d6da99a-ba9a-4d72-abd2-d0f1aa02f12f:c2380, 9dc27687-2024-46ae-8b6e-c9027bfa400e:c2378, 9c9c57da-14dc-454a-b374-789aa5e765a9:c2378]
2019-09-16 23:35:03,106 [grpc-default-executor-1] INFO  client.GrpcClientProtocolClient (GrpcClientProtocolClient.java:onNext(264)) - client-C79DE3E06697->1d6da99a-ba9a-4d72-abd2-d0f1aa02f12f: receive RaftClientReply:client-C79DE3E06697->1d6da99a-ba9a-4d72-abd2-d0f1aa02f12f@group-B29EE812FB58, cid=1655, SUCCESS, logIndex=2381, commits[1d6da99a-ba9a-4d72-abd2-d0f1aa02f12f:c2384, 9dc27687-2024-46ae-8b6e-c9027bfa400e:c2378, 9c9c57da-14dc-454a-b374-789aa5e765a9:c2380]
2019-09-16 23:35:03,107 [grpc-default-executor-7] INFO  client.GrpcClientProtocolClient (GrpcClientProtocolClient.java:onNext(264)) - client-C79DE3E06697->1d6da99a-ba9a-4d72-abd2-d0f1aa02f12f: receive RaftClientReply:client-C79DE3E06697->1d6da99a-ba9a-4d72-abd2-d0f1aa02f12f@group-B29EE812FB58, cid=1656, SUCCESS, logIndex=2382, commits[1d6da99a-ba9a-4d72-abd2-d0f1aa02f12f:c2384, 9dc27687-2024-46ae-8b6e-c9027bfa400e:c2378, 9c9c57da-14dc-454a-b374-789aa5e765a9:c2380]
2019-09-16 23:35:03,108 [grpc-default-executor-1] INFO  client.GrpcClientProtocolClient (GrpcClientProtocolClient.java:onNext(264)) - client-C79DE3E06697->1d6da99a-ba9a-4d72-abd2-d0f1aa02f12f: receive RaftClientReply:client-C79DE3E06697->1d6da99a-ba9a-4d72-abd2-d0f1aa02f12f@group-B29EE812FB58, cid=1657, SUCCESS, logIndex=0, commits[1d6da99a-ba9a-4d72-abd2-d0f1aa02f12f:c2384, 9dc27687-2024-46ae-8b6e-c9027bfa400e:c2380, 9c9c57da-14dc-454a-b374-789aa5e765a9:c2380]
2019-09-16 23:35:03,119 [grpc-default-executor-7] INFO  client.GrpcClientProtocolClient (GrpcClientProtocolClient.java:onNext(264)) - client-C79DE3E06697->1d6da99a-ba9a-4d72-abd2-d0f1aa02f12f: receive RaftClientReply:client-C79DE3E06697->1d6da99a-ba9a-4d72-abd2-d0f1aa02f12f@group-B29EE812FB58, cid=1658, SUCCESS, logIndex=2386, commits[1d6da99a-ba9a-4d72-abd2-d0f1aa02f12f:c2387, 9dc27687-2024-46ae-8b6e-c9027bfa400e:c2385, 9c9c57da-14dc-454a-b374-789aa5e765a9:c2383]
2019-09-16 23:35:03,120 [grpc-default-executor-7] INFO  client.GrpcClientProtocolClient (GrpcClientProtocolClient.java:onNext(264)) - client-C79DE3E06697->1d6da99a-ba9a-4d72-abd2-d0f1aa02f12f: receive RaftClientReply:client-C79DE3E06697->1d6da99a-ba9a-4d72-abd2-d0f1aa02f12f@group-B29EE812FB58, cid=1659, SUCCESS, logIndex=2387, commits[1d6da99a-ba9a-4d72-abd2-d0f1aa02f12f:c2387, 9dc27687-2024-46ae-8b6e-c9027bfa400e:c2385, 9c9c57da-14dc-454a-b374-789aa5e765a9:c2385]
2019-09-16 23:35:03,130 [grpc-default-executor-7] INFO  client.GrpcClientProtocolClient (GrpcClientProtocolClient.java:onNext(264)) - client-C79DE3E06697->1d6da99a-ba9a-4d72-abd2-d0f1aa02f12f: receive RaftClientReply:client-C79DE3E06697->1d6da99a-ba9a-4d72-abd2-d0f1aa02f12f@group-B29EE812FB58, cid=1660, SUCCESS, logIndex=2390, commits[1d6da99a-ba9a-4d72-abd2-d0f1aa02f12f:c2391, 9dc27687-2024-46ae-8b6e-c9027bfa400e:c2387, 9c9c57da-14dc-454a-b374-789aa5e765a9:c2389]
2019-09-16 23:35:03,130 [grpc-default-executor-7] INFO  client.GrpcClientProtocolClient (GrpcClientProtocolClient.java:onNext(264)) - client-C79DE3E06697->1d6da99a-ba9a-4d72-abd2-d0f1aa02f12f: receive RaftClientReply:client-C79DE3E06697->1d6da99a-ba9a-4d72-abd2-d0f1aa02f12f@group-B29EE812FB58, cid=1661, SUCCESS, logIndex=2391, commits[1d6da99a-ba9a-4d72-abd2-d0f1aa02f12f:c2391, 9dc27687-2024-46ae-8b6e-c9027bfa400e:c2389, 9c9c57da-14dc-454a-b374-789aa5e765a9:c2389]
2019-09-16 23:35:03,133 [grpc-default-executor-7] INFO  client.GrpcClientProtocolClient (GrpcClientProtocolClient.java:onNext(264)) - client-C79DE3E06697->1d6da99a-ba9a-4d72-abd2-d0f1aa02f12f: receive RaftClientReply:client-C79DE3E06697->1d6da99a-ba9a-4d72-abd2-d0f1aa02f12f@group-B29EE812FB58, cid=1662, SUCCESS, logIndex=0, commits[1d6da99a-ba9a-4d72-abd2-d0f1aa02f12f:c2392, 9dc27687-2024-46ae-8b6e-c9027bfa400e:c2391, 9c9c57da-14dc-454a-b374-789aa5e765a9:c2391]
2019-09-16 23:35:03,151 [grpc-default-executor-1] INFO  client.GrpcClientProtocolClient (GrpcClientProtocolClient.java:onNext(264)) - client-C79DE3E06697->1d6da99a-ba9a-4d72-abd2-d0f1aa02f12f: receive RaftClientReply:client-C79DE3E06697->1d6da99a-ba9a-4d72-abd2-d0f1aa02f12f@group-B29EE812FB58, cid=1663, SUCCESS, logIndex=2394, commits[1d6da99a-ba9a-4d72-abd2-d0f1aa02f12f:c2395, 9dc27687-2024-46ae-8b6e-c9027bfa400e:c2391, 9c9c57da-14dc-454a-b374-789aa5e765a9:c2393]
2019-09-16 23:35:03,152 [grpc-default-executor-1] INFO  client.GrpcClientProtocolClient (GrpcClientProtocolClient.java:onNext(264)) - client-C79DE3E06697->1d6da99a-ba9a-4d72-abd2-d0f1aa02f12f: receive RaftClientReply:client-C79DE3E06697->1d6da99a-ba9a-4d72-abd2-d0f1aa02f12f@group-B29EE812FB58, cid=1664, SUCCESS, logIndex=2395, commits[1d6da99a-ba9a-4d72-abd2-d0f1aa02f12f:c2395, 9dc27687-2024-46ae-8b6e-c9027bfa400e:c2391, 9c9c57da-14dc-454a-b374-789aa5e765a9:c2393]
2019-09-16 23:35:03,153 [grpc-default-executor-1] INFO  client.GrpcClientProtocolClient (GrpcClientProtocolClient.java:onNext(264)) - client-C79DE3E06697->1d6da99a-ba9a-4d72-abd2-d0f1aa02f12f: receive RaftClientReply:client-C79DE3E06697->1d6da99a-ba9a-4d72-abd2-d0f1aa02f12f@group-B29EE812FB58, cid=1665, SUCCESS, logIndex=2396, commits[1d6da99a-ba9a-4d72-abd2-d0f1aa02f12f:c2397, 9dc27687-2024-46ae-8b6e-c9027bfa400e:c2393, 9c9c57da-14dc-454a-b374-789aa5e765a9:c2393]
2019-09-16 23:35:03,153 [grpc-default-executor-1] INFO  client.GrpcClientProtocolClient (GrpcClientProtocolClient.java:onNext(264)) - client-C79DE3E06697->1d6da99a-ba9a-4d72-abd2-d0f1aa02f12f: receive RaftClientReply:client-C79DE3E06697->1d6da99a-ba9a-4d72-abd2-d0f1aa02f12f@group-B29EE812FB58, cid=1666, SUCCESS, logIndex=2397, commits[1d6da99a-ba9a-4d72-abd2-d0f1aa02f12f:c2397, 9dc27687-2024-46ae-8b6e-c9027bfa400e:c2393, 9c9c57da-14dc-454a-b374-789aa5e765a9:c2393]
2019-09-16 23:35:03,154 [grpc-default-executor-3] INFO  client.GrpcClientProtocolClient (GrpcClientProtocolClient.java:onNext(264)) - client-C79DE3E06697->1d6da99a-ba9a-4d72-abd2-d0f1aa02f12f: receive RaftClientReply:client-C79DE3E06697->1d6da99a-ba9a-4d72-abd2-d0f1aa02f12f@group-B29EE812FB58, cid=1667, SUCCESS, logIndex=0, commits[1d6da99a-ba9a-4d72-abd2-d0f1aa02f12f:c2398, 9dc27687-2024-46ae-8b6e-c9027bfa400e:c2395, 9c9c57da-14dc-454a-b374-789aa5e765a9:c2395]
2019-09-16 23:35:03,165 [grpc-default-executor-3] INFO  client.GrpcClientProtocolClient (GrpcClientProtocolClient.java:onNext(264)) - client-C79DE3E06697->1d6da99a-ba9a-4d72-abd2-d0f1aa02f12f: receive RaftClientReply:client-C79DE3E06697->1d6da99a-ba9a-4d72-abd2-d0f1aa02f12f@group-B29EE812FB58, cid=1668, SUCCESS, logIndex=2402, commits[1d6da99a-ba9a-4d72-abd2-d0f1aa02f12f:c2403, 9dc27687-2024-46ae-8b6e-c9027bfa400e:c2401, 9c9c57da-14dc-454a-b374-789aa5e765a9:c2397]
2019-09-16 23:35:03,165 [grpc-default-executor-3] INFO  client.GrpcClientProtocolClient (GrpcClientProtocolClient.java:onNext(264)) - client-C79DE3E06697->1d6da99a-ba9a-4d72-abd2-d0f1aa02f12f: receive RaftClientReply:client-C79DE3E06697->1d6da99a-ba9a-4d72-abd2-d0f1aa02f12f@group-B29EE812FB58, cid=1669, SUCCESS, logIndex=2403, commits[1d6da99a-ba9a-4d72-abd2-d0f1aa02f12f:c2403, 9dc27687-2024-46ae-8b6e-c9027bfa400e:c2401, 9c9c57da-14dc-454a-b374-789aa5e765a9:c2401]
2019-09-16 23:35:03,186 [grpc-default-executor-1] INFO  client.GrpcClientProtocolClient (GrpcClientProtocolClient.java:onNext(264)) - client-C79DE3E06697->1d6da99a-ba9a-4d72-abd2-d0f1aa02f12f: receive RaftClientReply:client-C79DE3E06697->1d6da99a-ba9a-4d72-abd2-d0f1aa02f12f@group-B29EE812FB58, cid=1670, SUCCESS, logIndex=2406, commits[1d6da99a-ba9a-4d72-abd2-d0f1aa02f12f:c2407, 9dc27687-2024-46ae-8b6e-c9027bfa400e:c2405, 9c9c57da-14dc-454a-b374-789aa5e765a9:c2405]
2019-09-16 23:35:03,186 [grpc-default-executor-1] INFO  client.GrpcClientProtocolClient (GrpcClientProtocolClient.java:onNext(264)) - client-C79DE3E06697->1d6da99a-ba9a-4d72-abd2-d0f1aa02f12f: receive RaftClientReply:client-C79DE3E06697->1d6da99a-ba9a-4d72-abd2-d0f1aa02f12f@group-B29EE812FB58, cid=1671, SUCCESS, logIndex=2407, commits[1d6da99a-ba9a-4d72-abd2-d0f1aa02f12f:c2407, 9dc27687-2024-46ae-8b6e-c9027bfa400e:c2405, 9c9c57da-14dc-454a-b374-789aa5e765a9:c2405]
2019-09-16 23:35:03,187 [grpc-default-executor-1] INFO  client.GrpcClientProtocolClient (GrpcClientProtocolClient.java:onNext(264)) - client-C79DE3E06697->1d6da99a-ba9a-4d72-abd2-d0f1aa02f12f: receive RaftClientReply:client-C79DE3E06697->1d6da99a-ba9a-4d72-abd2-d0f1aa02f12f@group-B29EE812FB58, cid=1672, SUCCESS, logIndex=0, commits[1d6da99a-ba9a-4d72-abd2-d0f1aa02f12f:c2408, 9dc27687-2024-46ae-8b6e-c9027bfa400e:c2407, 9c9c57da-14dc-454a-b374-789aa5e765a9:c2407]
2019-09-16 23:35:03,211 [grpc-default-executor-6] INFO  client.GrpcClientProtocolClient (GrpcClientProtocolClient.java:onNext(264)) - client-C79DE3E06697->1d6da99a-ba9a-4d72-abd2-d0f1aa02f12f: receive RaftClientReply:client-C79DE3E06697->1d6da99a-ba9a-4d72-abd2-d0f1aa02f12f@group-B29EE812FB58, cid=1673, SUCCESS, logIndex=2410, commits[1d6da99a-ba9a-4d72-abd2-d0f1aa02f12f:c2411, 9dc27687-2024-46ae-8b6e-c9027bfa400e:c2409, 9c9c57da-14dc-454a-b374-789aa5e765a9:c2409]
2019-09-16 23:35:03,212 [grpc-default-executor-6] INFO  client.GrpcClientProtocolClient (GrpcClientProtocolClient.java:onNext(264)) - client-C79DE3E06697->1d6da99a-ba9a-4d72-abd2-d0f1aa02f12f: receive RaftClientReply:client-C79DE3E06697->1d6da99a-ba9a-4d72-abd2-d0f1aa02f12f@group-B29EE812FB58, cid=1674, SUCCESS, logIndex=2411, commits[1d6da99a-ba9a-4d72-abd2-d0f1aa02f12f:c2411, 9dc27687-2024-46ae-8b6e-c9027bfa400e:c2409, 9c9c57da-14dc-454a-b374-789aa5e765a9:c2409]
2019-09-16 23:35:03,225 [grpc-default-executor-1] INFO  client.GrpcClientProtocolClient (GrpcClientProtocolClient.java:onNext(264)) - client-C79DE3E06697->1d6da99a-ba9a-4d72-abd2-d0f1aa02f12f: receive RaftClientReply:client-C79DE3E06697->1d6da99a-ba9a-4d72-abd2-d0f1aa02f12f@group-B29EE812FB58, cid=1675, SUCCESS, logIndex=2412, commits[1d6da99a-ba9a-4d72-abd2-d0f1aa02f12f:c2413, 9dc27687-2024-46ae-8b6e-c9027bfa400e:c2409, 9c9c57da-14dc-454a-b374-789aa5e765a9:c2409]
2019-09-16 23:35:03,225 [grpc-default-executor-6] INFO  client.GrpcClientProtocolClient (GrpcClientProtocolClient.java:onNext(264)) - client-C79DE3E06697->1d6da99a-ba9a-4d72-abd2-d0f1aa02f12f: receive RaftClientReply:client-C79DE3E06697->1d6da99a-ba9a-4d72-abd2-d0f1aa02f12f@group-B29EE812FB58, cid=1676, SUCCESS, logIndex=2413, commits[1d6da99a-ba9a-4d72-abd2-d0f1aa02f12f:c2413, 9dc27687-2024-46ae-8b6e-c9027bfa400e:c2409, 9c9c57da-14dc-454a-b374-789aa5e765a9:c2409]
2019-09-16 23:35:03,227 [grpc-default-executor-6] INFO  client.GrpcClientProtocolClient (GrpcClientProtocolClient.java:onNext(264)) - client-C79DE3E06697->1d6da99a-ba9a-4d72-abd2-d0f1aa02f12f: receive RaftClientReply:client-C79DE3E06697->1d6da99a-ba9a-4d72-abd2-d0f1aa02f12f@group-B29EE812FB58, cid=1677, SUCCESS, logIndex=0, commits[1d6da99a-ba9a-4d72-abd2-d0f1aa02f12f:c2415, 9dc27687-2024-46ae-8b6e-c9027bfa400e:c2411, 9c9c57da-14dc-454a-b374-789aa5e765a9:c2411]
2019-09-16 23:35:03,240 [grpc-default-executor-3] INFO  client.GrpcClientProtocolClient (GrpcClientProtocolClient.java:onNext(264)) - client-C79DE3E06697->1d6da99a-ba9a-4d72-abd2-d0f1aa02f12f: receive RaftClientReply:client-C79DE3E06697->1d6da99a-ba9a-4d72-abd2-d0f1aa02f12f@group-B29EE812FB58, cid=1678, SUCCESS, logIndex=2418, commits[1d6da99a-ba9a-4d72-abd2-d0f1aa02f12f:c2419, 9dc27687-2024-46ae-8b6e-c9027bfa400e:c2413, 9c9c57da-14dc-454a-b374-789aa5e765a9:c2415]
2019-09-16 23:35:03,241 [grpc-default-executor-3] INFO  client.GrpcClientProtocolClient (GrpcClientProtocolClient.java:onNext(264)) - client-C79DE3E06697->1d6da99a-ba9a-4d72-abd2-d0f1aa02f12f: receive RaftClientReply:client-C79DE3E06697->1d6da99a-ba9a-4d72-abd2-d0f1aa02f12f@group-B29EE812FB58, cid=1679, SUCCESS, logIndex=2419, commits[1d6da99a-ba9a-4d72-abd2-d0f1aa02f12f:c2419, 9dc27687-2024-46ae-8b6e-c9027bfa400e:c2415, 9c9c57da-14dc-454a-b374-789aa5e765a9:c2415]
2019-09-16 23:35:03,256 [grpc-default-executor-1] INFO  client.GrpcClientProtocolClient (GrpcClientProtocolClient.java:onNext(264)) - client-C79DE3E06697->1d6da99a-ba9a-4d72-abd2-d0f1aa02f12f: receive RaftClientReply:client-C79DE3E06697->1d6da99a-ba9a-4d72-abd2-d0f1aa02f12f@group-B29EE812FB58, cid=1680, SUCCESS, logIndex=2422, commits[1d6da99a-ba9a-4d72-abd2-d0f1aa02f12f:c2423, 9dc27687-2024-46ae-8b6e-c9027bfa400e:c2421, 9c9c57da-14dc-454a-b374-789aa5e765a9:c2421]
2019-09-16 23:35:03,257 [grpc-default-executor-1] INFO  client.GrpcClientProtocolClient (GrpcClientProtocolClient.java:onNext(264)) - client-C79DE3E06697->1d6da99a-ba9a-4d72-abd2-d0f1aa02f12f: receive RaftClientReply:client-C79DE3E06697->1d6da99a-ba9a-4d72-abd2-d0f1aa02f12f@group-B29EE812FB58, cid=1681, SUCCESS, logIndex=2423, commits[1d6da99a-ba9a-4d72-abd2-d0f1aa02f12f:c2423, 9dc27687-2024-46ae-8b6e-c9027bfa400e:c2421, 9c9c57da-14dc-454a-b374-789aa5e765a9:c2421]
2019-09-16 23:35:03,258 [grpc-default-executor-6] INFO  client.GrpcClientProtocolClient (GrpcClientProtocolClient.java:onNext(264)) - client-C79DE3E06697->1d6da99a-ba9a-4d72-abd2-d0f1aa02f12f: receive RaftClientReply:client-C79DE3E06697->1d6da99a-ba9a-4d72-abd2-d0f1aa02f12f@group-B29EE812FB58, cid=1682, SUCCESS, logIndex=0, commits[1d6da99a-ba9a-4d72-abd2-d0f1aa02f12f:c2424, 9dc27687-2024-46ae-8b6e-c9027bfa400e:c2423, 9c9c57da-14dc-454a-b374-789aa5e765a9:c2423]
2019-09-16 23:35:03,282 [grpc-default-executor-3] INFO  client.GrpcClientProtocolClient (GrpcClientProtocolClient.java:onNext(264)) - client-C79DE3E06697->1d6da99a-ba9a-4d72-abd2-d0f1aa02f12f: receive RaftClientReply:client-C79DE3E06697->1d6da99a-ba9a-4d72-abd2-d0f1aa02f12f@group-B29EE812FB58, cid=1683, SUCCESS, logIndex=2426, commits[1d6da99a-ba9a-4d72-abd2-d0f1aa02f12f:c2427, 9dc27687-2024-46ae-8b6e-c9027bfa400e:c2425, 9c9c57da-14dc-454a-b374-789aa5e765a9:c2425]
2019-09-16 23:35:03,283 [grpc-default-executor-3] INFO  client.GrpcClientProtocolClient (GrpcClientProtocolClient.java:onNext(264)) - client-C79DE3E06697->1d6da99a-ba9a-4d72-abd2-d0f1aa02f12f: receive RaftClientReply:client-C79DE3E06697->1d6da99a-ba9a-4d72-abd2-d0f1aa02f12f@group-B29EE812FB58, cid=1684, SUCCESS, logIndex=2427, commits[1d6da99a-ba9a-4d72-abd2-d0f1aa02f12f:c2427, 9dc27687-2024-46ae-8b6e-c9027bfa400e:c2425, 9c9c57da-14dc-454a-b374-789aa5e765a9:c2425]
2019-09-16 23:35:03,285 [grpc-default-executor-3] INFO  client.GrpcClientProtocolClient (GrpcClientProtocolClient.java:onNext(264)) - client-C79DE3E06697->1d6da99a-ba9a-4d72-abd2-d0f1aa02f12f: receive RaftClientReply:client-C79DE3E06697->1d6da99a-ba9a-4d72-abd2-d0f1aa02f12f@group-B29EE812FB58, cid=1685, SUCCESS, logIndex=2428, commits[1d6da99a-ba9a-4d72-abd2-d0f1aa02f12f:c2429, 9dc27687-2024-46ae-8b6e-c9027bfa400e:c2425, 9c9c57da-14dc-454a-b374-789aa5e765a9:c2425]
2019-09-16 23:35:03,285 [grpc-default-executor-3] INFO  client.GrpcClientProtocolClient (GrpcClientProtocolClient.java:onNext(264)) - client-C79DE3E06697->1d6da99a-ba9a-4d72-abd2-d0f1aa02f12f: receive RaftClientReply:client-C79DE3E06697->1d6da99a-ba9a-4d72-abd2-d0f1aa02f12f@group-B29EE812FB58, cid=1686, SUCCESS, logIndex=2429, commits[1d6da99a-ba9a-4d72-abd2-d0f1aa02f12f:c2429, 9dc27687-2024-46ae-8b6e-c9027bfa400e:c2425, 9c9c57da-14dc-454a-b374-789aa5e765a9:c2425]
2019-09-16 23:35:03,297 [grpc-default-executor-3] INFO  client.GrpcClientProtocolClient (GrpcClientProtocolClient.java:onNext(264)) - client-C79DE3E06697->1d6da99a-ba9a-4d72-abd2-d0f1aa02f12f: receive RaftClientReply:client-C79DE3E06697->1d6da99a-ba9a-4d72-abd2-d0f1aa02f12f@group-B29EE812FB58, cid=1687, SUCCESS, logIndex=0, commits[1d6da99a-ba9a-4d72-abd2-d0f1aa02f12f:c2431, 9dc27687-2024-46ae-8b6e-c9027bfa400e:c2427, 9c9c57da-14dc-454a-b374-789aa5e765a9:c2427]
2019-09-16 23:35:03,316 [grpc-default-executor-6] INFO  client.GrpcClientProtocolClient (GrpcClientProtocolClient.java:onNext(264)) - client-C79DE3E06697->1d6da99a-ba9a-4d72-abd2-d0f1aa02f12f: receive RaftClientReply:client-C79DE3E06697->1d6da99a-ba9a-4d72-abd2-d0f1aa02f12f@group-B29EE812FB58, cid=1688, SUCCESS, logIndex=2434, commits[1d6da99a-ba9a-4d72-abd2-d0f1aa02f12f:c2435, 9dc27687-2024-46ae-8b6e-c9027bfa400e:c2433, 9c9c57da-14dc-454a-b374-789aa5e765a9:c2433]
2019-09-16 23:35:03,317 [grpc-default-executor-6] INFO  client.GrpcClientProtocolClient (GrpcClientProtocolClient.java:onNext(264)) - client-C79DE3E06697->1d6da99a-ba9a-4d72-abd2-d0f1aa02f12f: receive RaftClientReply:client-C79DE3E06697->1d6da99a-ba9a-4d72-abd2-d0f1aa02f12f@group-B29EE812FB58, cid=1689, SUCCESS, logIndex=2435, commits[1d6da99a-ba9a-4d72-abd2-d0f1aa02f12f:c2435, 9dc27687-2024-46ae-8b6e-c9027bfa400e:c2433, 9c9c57da-14dc-454a-b374-789aa5e765a9:c2433]
2019-09-16 23:35:03,477 [grpc-default-executor-6] INFO  client.GrpcClientProtocolClient (GrpcClientProtocolClient.java:onNext(264)) - client-C79DE3E06697->1d6da99a-ba9a-4d72-abd2-d0f1aa02f12f: receive RaftClientReply:client-C79DE3E06697->1d6da99a-ba9a-4d72-abd2-d0f1aa02f12f@group-B29EE812FB58, cid=1690, SUCCESS, logIndex=2438, commits[1d6da99a-ba9a-4d72-abd2-d0f1aa02f12f:c2439, 9dc27687-2024-46ae-8b6e-c9027bfa400e:c2435, 9c9c57da-14dc-454a-b374-789aa5e765a9:c2435]
2019-09-16 23:35:03,478 [grpc-default-executor-6] INFO  client.GrpcClientProtocolClient (GrpcClientProtocolClient.java:onNext(264)) - client-C79DE3E06697->1d6da99a-ba9a-4d72-abd2-d0f1aa02f12f: receive RaftClientReply:client-C79DE3E06697->1d6da99a-ba9a-4d72-abd2-d0f1aa02f12f@group-B29EE812FB58, cid=1691, SUCCESS, logIndex=2439, commits[1d6da99a-ba9a-4d72-abd2-d0f1aa02f12f:c2439, 9dc27687-2024-46ae-8b6e-c9027bfa400e:c2435, 9c9c57da-14dc-454a-b374-789aa5e765a9:c2435]
2019-09-16 23:35:03,482 [grpc-default-executor-3] INFO  client.GrpcClientProtocolClient (GrpcClientProtocolClient.java:onNext(264)) - client-C79DE3E06697->1d6da99a-ba9a-4d72-abd2-d0f1aa02f12f: receive RaftClientReply:client-C79DE3E06697->1d6da99a-ba9a-4d72-abd2-d0f1aa02f12f@group-B29EE812FB58, cid=1692, SUCCESS, logIndex=0, commits[1d6da99a-ba9a-4d72-abd2-d0f1aa02f12f:c2441, 9dc27687-2024-46ae-8b6e-c9027bfa400e:c2439, 9c9c57da-14dc-454a-b374-789aa5e765a9:c2439]
2019-09-16 23:35:03,511 [grpc-default-executor-6] INFO  client.GrpcClientProtocolClient (GrpcClientProtocolClient.java:onNext(264)) - client-C79DE3E06697->1d6da99a-ba9a-4d72-abd2-d0f1aa02f12f: receive RaftClientReply:client-C79DE3E06697->1d6da99a-ba9a-4d72-abd2-d0f1aa02f12f@group-B29EE812FB58, cid=1693, SUCCESS, logIndex=2442, commits[1d6da99a-ba9a-4d72-abd2-d0f1aa02f12f:c2443, 9dc27687-2024-46ae-8b6e-c9027bfa400e:c2439, 9c9c57da-14dc-454a-b374-789aa5e765a9:c2441]
2019-09-16 23:35:03,511 [grpc-default-executor-6] INFO  client.GrpcClientProtocolClient (GrpcClientProtocolClient.java:onNext(264)) - client-C79DE3E06697->1d6da99a-ba9a-4d72-abd2-d0f1aa02f12f: receive RaftClientReply:client-C79DE3E06697->1d6da99a-ba9a-4d72-abd2-d0f1aa02f12f@group-B29EE812FB58, cid=1694, SUCCESS, logIndex=2443, commits[1d6da99a-ba9a-4d72-abd2-d0f1aa02f12f:c2443, 9dc27687-2024-46ae-8b6e-c9027bfa400e:c2441, 9c9c57da-14dc-454a-b374-789aa5e765a9:c2441]
2019-09-16 23:35:03,542 [grpc-default-executor-6] INFO  client.GrpcClientProtocolClient (GrpcClientProtocolClient.java:onNext(264)) - client-C79DE3E06697->1d6da99a-ba9a-4d72-abd2-d0f1aa02f12f: receive RaftClientReply:client-C79DE3E06697->1d6da99a-ba9a-4d72-abd2-d0f1aa02f12f@group-B29EE812FB58, cid=1695, SUCCESS, logIndex=2444, commits[1d6da99a-ba9a-4d72-abd2-d0f1aa02f12f:c2445, 9dc27687-2024-46ae-8b6e-c9027bfa400e:c2441, 9c9c57da-14dc-454a-b374-789aa5e765a9:c2441]
2019-09-16 23:35:03,542 [grpc-default-executor-6] INFO  client.GrpcClientProtocolClient (GrpcClientProtocolClient.java:onNext(264)) - client-C79DE3E06697->1d6da99a-ba9a-4d72-abd2-d0f1aa02f12f: receive RaftClientReply:client-C79DE3E06697->1d6da99a-ba9a-4d72-abd2-d0f1aa02f12f@group-B29EE812FB58, cid=1696, SUCCESS, logIndex=2445, commits[1d6da99a-ba9a-4d72-abd2-d0f1aa02f12f:c2446, 9dc27687-2024-46ae-8b6e-c9027bfa400e:c2443, 9c9c57da-14dc-454a-b374-789aa5e765a9:c2441]
2019-09-16 23:35:03,552 [grpc-default-executor-6] INFO  client.GrpcClientProtocolClient (GrpcClientProtocolClient.java:onNext(264)) - client-C79DE3E06697->1d6da99a-ba9a-4d72-abd2-d0f1aa02f12f: receive RaftClientReply:client-C79DE3E06697->1d6da99a-ba9a-4d72-abd2-d0f1aa02f12f@group-B29EE812FB58, cid=1697, SUCCESS, logIndex=0, commits[1d6da99a-ba9a-4d72-abd2-d0f1aa02f12f:c2446, 9dc27687-2024-46ae-8b6e-c9027bfa400e:c2443, 9c9c57da-14dc-454a-b374-789aa5e765a9:c2443]
 0.00% |█                                                                                                    |  0/1 Time: 0:00:212019-09-16 23:35:03,572 [grpc-default-executor-6] INFO  client.GrpcClientProtocolClient (GrpcClientProtocolClient.java:onNext(264)) - client-C79DE3E06697->1d6da99a-ba9a-4d72-abd2-d0f1aa02f12f: receive RaftClientReply:client-C79DE3E06697->1d6da99a-ba9a-4d72-abd2-d0f1aa02f12f@group-B29EE812FB58, cid=1698, SUCCESS, logIndex=2450, commits[1d6da99a-ba9a-4d72-abd2-d0f1aa02f12f:c2451, 9dc27687-2024-46ae-8b6e-c9027bfa400e:c2449, 9c9c57da-14dc-454a-b374-789aa5e765a9:c2449]
2019-09-16 23:35:03,572 [grpc-default-executor-6] INFO  client.GrpcClientProtocolClient (GrpcClientProtocolClient.java:onNext(264)) - client-C79DE3E06697->1d6da99a-ba9a-4d72-abd2-d0f1aa02f12f: receive RaftClientReply:client-C79DE3E06697->1d6da99a-ba9a-4d72-abd2-d0f1aa02f12f@group-B29EE812FB58, cid=1699, SUCCESS, logIndex=2451, commits[1d6da99a-ba9a-4d72-abd2-d0f1aa02f12f:c2451, 9dc27687-2024-46ae-8b6e-c9027bfa400e:c2449, 9c9c57da-14dc-454a-b374-789aa5e765a9:c2449]
2019-09-16 23:35:03,589 [grpc-default-executor-1] INFO  client.GrpcClientProtocolClient (GrpcClientProtocolClient.java:onNext(264)) - client-C79DE3E06697->1d6da99a-ba9a-4d72-abd2-d0f1aa02f12f: receive RaftClientReply:client-C79DE3E06697->1d6da99a-ba9a-4d72-abd2-d0f1aa02f12f@group-B29EE812FB58, cid=1700, SUCCESS, logIndex=2454, commits[1d6da99a-ba9a-4d72-abd2-d0f1aa02f12f:c2455, 9dc27687-2024-46ae-8b6e-c9027bfa400e:c2452, 9c9c57da-14dc-454a-b374-789aa5e765a9:c2452]
2019-09-16 23:35:03,590 [grpc-default-executor-1] INFO  client.GrpcClientProtocolClient (GrpcClientProtocolClient.java:onNext(264)) - client-C79DE3E06697->1d6da99a-ba9a-4d72-abd2-d0f1aa02f12f: receive RaftClientReply:client-C79DE3E06697->1d6da99a-ba9a-4d72-abd2-d0f1aa02f12f@group-B29EE812FB58, cid=1701, SUCCESS, logIndex=2455, commits[1d6da99a-ba9a-4d72-abd2-d0f1aa02f12f:c2455, 9dc27687-2024-46ae-8b6e-c9027bfa400e:c2452, 9c9c57da-14dc-454a-b374-789aa5e765a9:c2452]
2019-09-16 23:35:03,600 [grpc-default-executor-1] INFO  client.GrpcClientProtocolClient (GrpcClientProtocolClient.java:onNext(264)) - client-C79DE3E06697->1d6da99a-ba9a-4d72-abd2-d0f1aa02f12f: receive RaftClientReply:client-C79DE3E06697->1d6da99a-ba9a-4d72-abd2-d0f1aa02f12f@group-B29EE812FB58, cid=1702, SUCCESS, logIndex=0, commits[1d6da99a-ba9a-4d72-abd2-d0f1aa02f12f:c2456, 9dc27687-2024-46ae-8b6e-c9027bfa400e:c2455, 9c9c57da-14dc-454a-b374-789aa5e765a9:c2455]
2019-09-16 23:35:03,625 [grpc-default-executor-3] INFO  client.GrpcClientProtocolClient (GrpcClientProtocolClient.java:onNext(264)) - client-C79DE3E06697->1d6da99a-ba9a-4d72-abd2-d0f1aa02f12f: receive RaftClientReply:client-C79DE3E06697->1d6da99a-ba9a-4d72-abd2-d0f1aa02f12f@group-B29EE812FB58, cid=1703, SUCCESS, logIndex=2458, commits[1d6da99a-ba9a-4d72-abd2-d0f1aa02f12f:c2459, 9dc27687-2024-46ae-8b6e-c9027bfa400e:c2457, 9c9c57da-14dc-454a-b374-789aa5e765a9:c2457]
2019-09-16 23:35:03,626 [grpc-default-executor-3] INFO  client.GrpcClientProtocolClient (GrpcClientProtocolClient.java:onNext(264)) - client-C79DE3E06697->1d6da99a-ba9a-4d72-abd2-d0f1aa02f12f: receive RaftClientReply:client-C79DE3E06697->1d6da99a-ba9a-4d72-abd2-d0f1aa02f12f@group-B29EE812FB58, cid=1704, SUCCESS, logIndex=2459, commits[1d6da99a-ba9a-4d72-abd2-d0f1aa02f12f:c2461, 9dc27687-2024-46ae-8b6e-c9027bfa400e:c2457, 9c9c57da-14dc-454a-b374-789aa5e765a9:c2457]
2019-09-16 23:35:03,626 [grpc-default-executor-3] INFO  client.GrpcClientProtocolClient (GrpcClientProtocolClient.java:onNext(264)) - client-C79DE3E06697->1d6da99a-ba9a-4d72-abd2-d0f1aa02f12f: receive RaftClientReply:client-C79DE3E06697->1d6da99a-ba9a-4d72-abd2-d0f1aa02f12f@group-B29EE812FB58, cid=1705, SUCCESS, logIndex=2460, commits[1d6da99a-ba9a-4d72-abd2-d0f1aa02f12f:c2461, 9dc27687-2024-46ae-8b6e-c9027bfa400e:c2457, 9c9c57da-14dc-454a-b374-789aa5e765a9:c2457]
2019-09-16 23:35:03,626 [grpc-default-executor-1] INFO  client.GrpcClientProtocolClient (GrpcClientProtocolClient.java:onNext(264)) - client-C79DE3E06697->1d6da99a-ba9a-4d72-abd2-d0f1aa02f12f: receive RaftClientReply:client-C79DE3E06697->1d6da99a-ba9a-4d72-abd2-d0f1aa02f12f@group-B29EE812FB58, cid=1706, SUCCESS, logIndex=2461, commits[1d6da99a-ba9a-4d72-abd2-d0f1aa02f12f:c2461, 9dc27687-2024-46ae-8b6e-c9027bfa400e:c2457, 9c9c57da-14dc-454a-b374-789aa5e765a9:c2457]
2019-09-16 23:35:03,627 [grpc-default-executor-3] INFO  client.GrpcClientProtocolClient (GrpcClientProtocolClient.java:onNext(264)) - client-C79DE3E06697->1d6da99a-ba9a-4d72-abd2-d0f1aa02f12f: receive RaftClientReply:client-C79DE3E06697->1d6da99a-ba9a-4d72-abd2-d0f1aa02f12f@group-B29EE812FB58, cid=1707, SUCCESS, logIndex=0, commits[1d6da99a-ba9a-4d72-abd2-d0f1aa02f12f:c2464, 9dc27687-2024-46ae-8b6e-c9027bfa400e:c2459, 9c9c57da-14dc-454a-b374-789aa5e765a9:c2461]
2019-09-16 23:35:03,645 [grpc-default-executor-3] INFO  client.GrpcClientProtocolClient (GrpcClientProtocolClient.java:onNext(264)) - client-C79DE3E06697->1d6da99a-ba9a-4d72-abd2-d0f1aa02f12f: receive RaftClientReply:client-C79DE3E06697->1d6da99a-ba9a-4d72-abd2-d0f1aa02f12f@group-B29EE812FB58, cid=1708, SUCCESS, logIndex=2465, commits[1d6da99a-ba9a-4d72-abd2-d0f1aa02f12f:c2466, 9dc27687-2024-46ae-8b6e-c9027bfa400e:c2464, 9c9c57da-14dc-454a-b374-789aa5e765a9:c2464]
2019-09-16 23:35:03,646 [grpc-default-executor-3] INFO  client.GrpcClientProtocolClient (GrpcClientProtocolClient.java:onNext(264)) - client-C79DE3E06697->1d6da99a-ba9a-4d72-abd2-d0f1aa02f12f: receive RaftClientReply:client-C79DE3E06697->1d6da99a-ba9a-4d72-abd2-d0f1aa02f12f@group-B29EE812FB58, cid=1709, SUCCESS, logIndex=2466, commits[1d6da99a-ba9a-4d72-abd2-d0f1aa02f12f:c2466, 9dc27687-2024-46ae-8b6e-c9027bfa400e:c2464, 9c9c57da-14dc-454a-b374-789aa5e765a9:c2464]
2019-09-16 23:35:03,661 [grpc-default-executor-3] INFO  client.GrpcClientProtocolClient (GrpcClientProtocolClient.java:onNext(264)) - client-C79DE3E06697->1d6da99a-ba9a-4d72-abd2-d0f1aa02f12f: receive RaftClientReply:client-C79DE3E06697->1d6da99a-ba9a-4d72-abd2-d0f1aa02f12f@group-B29EE812FB58, cid=1710, SUCCESS, logIndex=2469, commits[1d6da99a-ba9a-4d72-abd2-d0f1aa02f12f:c2470, 9dc27687-2024-46ae-8b6e-c9027bfa400e:c2466, 9c9c57da-14dc-454a-b374-789aa5e765a9:c2466]
2019-09-16 23:35:03,661 [grpc-default-executor-3] INFO  client.GrpcClientProtocolClient (GrpcClientProtocolClient.java:onNext(264)) - client-C79DE3E06697->1d6da99a-ba9a-4d72-abd2-d0f1aa02f12f: receive RaftClientReply:client-C79DE3E06697->1d6da99a-ba9a-4d72-abd2-d0f1aa02f12f@group-B29EE812FB58, cid=1711, SUCCESS, logIndex=2470, commits[1d6da99a-ba9a-4d72-abd2-d0f1aa02f12f:c2470, 9dc27687-2024-46ae-8b6e-c9027bfa400e:c2466, 9c9c57da-14dc-454a-b374-789aa5e765a9:c2466]
2019-09-16 23:35:03,664 [grpc-default-executor-3] INFO  client.GrpcClientProtocolClient (GrpcClientProtocolClient.java:onNext(264)) - client-C79DE3E06697->1d6da99a-ba9a-4d72-abd2-d0f1aa02f12f: receive RaftClientReply:client-C79DE3E06697->1d6da99a-ba9a-4d72-abd2-d0f1aa02f12f@group-B29EE812FB58, cid=1712, SUCCESS, logIndex=0, commits[1d6da99a-ba9a-4d72-abd2-d0f1aa02f12f:c2471, 9dc27687-2024-46ae-8b6e-c9027bfa400e:c2470, 9c9c57da-14dc-454a-b374-789aa5e765a9:c2470]
2019-09-16 23:35:03,690 [grpc-default-executor-1] INFO  client.GrpcClientProtocolClient (GrpcClientProtocolClient.java:onNext(264)) - client-C79DE3E06697->1d6da99a-ba9a-4d72-abd2-d0f1aa02f12f: receive RaftClientReply:client-C79DE3E06697->1d6da99a-ba9a-4d72-abd2-d0f1aa02f12f@group-B29EE812FB58, cid=1713, SUCCESS, logIndex=2473, commits[1d6da99a-ba9a-4d72-abd2-d0f1aa02f12f:c2474, 9dc27687-2024-46ae-8b6e-c9027bfa400e:c2472, 9c9c57da-14dc-454a-b374-789aa5e765a9:c2472]
2019-09-16 23:35:03,690 [grpc-default-executor-1] INFO  client.GrpcClientProtocolClient (GrpcClientProtocolClient.java:onNext(264)) - client-C79DE3E06697->1d6da99a-ba9a-4d72-abd2-d0f1aa02f12f: receive RaftClientReply:client-C79DE3E06697->1d6da99a-ba9a-4d72-abd2-d0f1aa02f12f@group-B29EE812FB58, cid=1714, SUCCESS, logIndex=2474, commits[1d6da99a-ba9a-4d72-abd2-d0f1aa02f12f:c2474, 9dc27687-2024-46ae-8b6e-c9027bfa400e:c2472, 9c9c57da-14dc-454a-b374-789aa5e765a9:c2472]
2019-09-16 23:35:03,702 [grpc-default-executor-1] INFO  client.GrpcClientProtocolClient (GrpcClientProtocolClient.java:onNext(264)) - client-C79DE3E06697->1d6da99a-ba9a-4d72-abd2-d0f1aa02f12f: receive RaftClientReply:client-C79DE3E06697->1d6da99a-ba9a-4d72-abd2-d0f1aa02f12f@group-B29EE812FB58, cid=1715, SUCCESS, logIndex=2475, commits[1d6da99a-ba9a-4d72-abd2-d0f1aa02f12f:c2476, 9dc27687-2024-46ae-8b6e-c9027bfa400e:c2472, 9c9c57da-14dc-454a-b374-789aa5e765a9:c2472]
2019-09-16 23:35:03,702 [grpc-default-executor-1] INFO  client.GrpcClientProtocolClient (GrpcClientProtocolClient.java:onNext(264)) - client-C79DE3E06697->1d6da99a-ba9a-4d72-abd2-d0f1aa02f12f: receive RaftClientReply:client-C79DE3E06697->1d6da99a-ba9a-4d72-abd2-d0f1aa02f12f@group-B29EE812FB58, cid=1716, SUCCESS, logIndex=2476, commits[1d6da99a-ba9a-4d72-abd2-d0f1aa02f12f:c2476, 9dc27687-2024-46ae-8b6e-c9027bfa400e:c2472, 9c9c57da-14dc-454a-b374-789aa5e765a9:c2472]
2019-09-16 23:35:03,713 [grpc-default-executor-1] INFO  client.GrpcClientProtocolClient (GrpcClientProtocolClient.java:onNext(264)) - client-C79DE3E06697->1d6da99a-ba9a-4d72-abd2-d0f1aa02f12f: receive RaftClientReply:client-C79DE3E06697->1d6da99a-ba9a-4d72-abd2-d0f1aa02f12f@group-B29EE812FB58, cid=1717, SUCCESS, logIndex=0, commits[1d6da99a-ba9a-4d72-abd2-d0f1aa02f12f:c2476, 9dc27687-2024-46ae-8b6e-c9027bfa400e:c2474, 9c9c57da-14dc-454a-b374-789aa5e765a9:c2474]
2019-09-16 23:35:03,727 [grpc-default-executor-1] INFO  client.GrpcClientProtocolClient (GrpcClientProtocolClient.java:onNext(264)) - client-C79DE3E06697->1d6da99a-ba9a-4d72-abd2-d0f1aa02f12f: receive RaftClientReply:client-C79DE3E06697->1d6da99a-ba9a-4d72-abd2-d0f1aa02f12f@group-B29EE812FB58, cid=1718, SUCCESS, logIndex=2481, commits[1d6da99a-ba9a-4d72-abd2-d0f1aa02f12f:c2482, 9dc27687-2024-46ae-8b6e-c9027bfa400e:c2480, 9c9c57da-14dc-454a-b374-789aa5e765a9:c2480]
2019-09-16 23:35:03,727 [grpc-default-executor-1] INFO  client.GrpcClientProtocolClient (GrpcClientProtocolClient.java:onNext(264)) - client-C79DE3E06697->1d6da99a-ba9a-4d72-abd2-d0f1aa02f12f: receive RaftClientReply:client-C79DE3E06697->1d6da99a-ba9a-4d72-abd2-d0f1aa02f12f@group-B29EE812FB58, cid=1719, SUCCESS, logIndex=2482, commits[1d6da99a-ba9a-4d72-abd2-d0f1aa02f12f:c2482, 9dc27687-2024-46ae-8b6e-c9027bfa400e:c2480, 9c9c57da-14dc-454a-b374-789aa5e765a9:c2480]
2019-09-16 23:35:03,760 [grpc-default-executor-3] INFO  client.GrpcClientProtocolClient (GrpcClientProtocolClient.java:onNext(264)) - client-C79DE3E06697->1d6da99a-ba9a-4d72-abd2-d0f1aa02f12f: receive RaftClientReply:client-C79DE3E06697->1d6da99a-ba9a-4d72-abd2-d0f1aa02f12f@group-B29EE812FB58, cid=1720, SUCCESS, logIndex=2485, commits[1d6da99a-ba9a-4d72-abd2-d0f1aa02f12f:c2486, 9dc27687-2024-46ae-8b6e-c9027bfa400e:c2482, 9c9c57da-14dc-454a-b374-789aa5e765a9:c2482]
2019-09-16 23:35:03,760 [grpc-default-executor-3] INFO  client.GrpcClientProtocolClient (GrpcClientProtocolClient.java:onNext(264)) - client-C79DE3E06697->1d6da99a-ba9a-4d72-abd2-d0f1aa02f12f: receive RaftClientReply:client-C79DE3E06697->1d6da99a-ba9a-4d72-abd2-d0f1aa02f12f@group-B29EE812FB58, cid=1721, SUCCESS, logIndex=2486, commits[1d6da99a-ba9a-4d72-abd2-d0f1aa02f12f:c2486, 9dc27687-2024-46ae-8b6e-c9027bfa400e:c2482, 9c9c57da-14dc-454a-b374-789aa5e765a9:c2482]
2019-09-16 23:35:03,774 [grpc-default-executor-1] INFO  client.GrpcClientProtocolClient (GrpcClientProtocolClient.java:onNext(264)) - client-C79DE3E06697->1d6da99a-ba9a-4d72-abd2-d0f1aa02f12f: receive RaftClientReply:client-C79DE3E06697->1d6da99a-ba9a-4d72-abd2-d0f1aa02f12f@group-B29EE812FB58, cid=1722, SUCCESS, logIndex=0, commits[1d6da99a-ba9a-4d72-abd2-d0f1aa02f12f:c2488, 9dc27687-2024-46ae-8b6e-c9027bfa400e:c2486, 9c9c57da-14dc-454a-b374-789aa5e765a9:c2486]
2019-09-16 23:35:03,799 [grpc-default-executor-3] INFO  client.GrpcClientProtocolClient (GrpcClientProtocolClient.java:onNext(264)) - client-C79DE3E06697->1d6da99a-ba9a-4d72-abd2-d0f1aa02f12f: receive RaftClientReply:client-C79DE3E06697->1d6da99a-ba9a-4d72-abd2-d0f1aa02f12f@group-B29EE812FB58, cid=1723, SUCCESS, logIndex=2489, commits[1d6da99a-ba9a-4d72-abd2-d0f1aa02f12f:c2492, 9dc27687-2024-46ae-8b6e-c9027bfa400e:c2488, 9c9c57da-14dc-454a-b374-789aa5e765a9:c2488]
2019-09-16 23:35:03,800 [grpc-default-executor-3] INFO  client.GrpcClientProtocolClient (GrpcClientProtocolClient.java:onNext(264)) - client-C79DE3E06697->1d6da99a-ba9a-4d72-abd2-d0f1aa02f12f: receive RaftClientReply:client-C79DE3E06697->1d6da99a-ba9a-4d72-abd2-d0f1aa02f12f@group-B29EE812FB58, cid=1724, SUCCESS, logIndex=2490, commits[1d6da99a-ba9a-4d72-abd2-d0f1aa02f12f:c2492, 9dc27687-2024-46ae-8b6e-c9027bfa400e:c2488, 9c9c57da-14dc-454a-b374-789aa5e765a9:c2488]
2019-09-16 23:35:03,800 [grpc-default-executor-3] INFO  client.GrpcClientProtocolClient (GrpcClientProtocolClient.java:onNext(264)) - client-C79DE3E06697->1d6da99a-ba9a-4d72-abd2-d0f1aa02f12f: receive RaftClientReply:client-C79DE3E06697->1d6da99a-ba9a-4d72-abd2-d0f1aa02f12f@group-B29EE812FB58, cid=1725, SUCCESS, logIndex=2491, commits[1d6da99a-ba9a-4d72-abd2-d0f1aa02f12f:c2492, 9dc27687-2024-46ae-8b6e-c9027bfa400e:c2488, 9c9c57da-14dc-454a-b374-789aa5e765a9:c2488]
2019-09-16 23:35:03,800 [grpc-default-executor-3] INFO  client.GrpcClientProtocolClient (GrpcClientProtocolClient.java:onNext(264)) - client-C79DE3E06697->1d6da99a-ba9a-4d72-abd2-d0f1aa02f12f: receive RaftClientReply:client-C79DE3E06697->1d6da99a-ba9a-4d72-abd2-d0f1aa02f12f@group-B29EE812FB58, cid=1726, SUCCESS, logIndex=2492, commits[1d6da99a-ba9a-4d72-abd2-d0f1aa02f12f:c2494, 9dc27687-2024-46ae-8b6e-c9027bfa400e:c2490, 9c9c57da-14dc-454a-b374-789aa5e765a9:c2490]
2019-09-16 23:35:03,818 [grpc-default-executor-3] INFO  client.GrpcClientProtocolClient (GrpcClientProtocolClient.java:onNext(264)) - client-C79DE3E06697->1d6da99a-ba9a-4d72-abd2-d0f1aa02f12f: receive RaftClientReply:client-C79DE3E06697->1d6da99a-ba9a-4d72-abd2-d0f1aa02f12f@group-B29EE812FB58, cid=1727, SUCCESS, logIndex=2497, commits[1d6da99a-ba9a-4d72-abd2-d0f1aa02f12f:c2498, 9dc27687-2024-46ae-8b6e-c9027bfa400e:c2496, 9c9c57da-14dc-454a-b374-789aa5e765a9:c2496]
2019-09-16 23:35:03,818 [grpc-default-executor-3] INFO  client.GrpcClientProtocolClient (GrpcClientProtocolClient.java:onNext(264)) - client-C79DE3E06697->1d6da99a-ba9a-4d72-abd2-d0f1aa02f12f: receive RaftClientReply:client-C79DE3E06697->1d6da99a-ba9a-4d72-abd2-d0f1aa02f12f@group-B29EE812FB58, cid=1728, SUCCESS, logIndex=2498, commits[1d6da99a-ba9a-4d72-abd2-d0f1aa02f12f:c2498, 9dc27687-2024-46ae-8b6e-c9027bfa400e:c2496, 9c9c57da-14dc-454a-b374-789aa5e765a9:c2496]
2019-09-16 23:35:03,833 [grpc-default-executor-6] INFO  client.GrpcClientProtocolClient (GrpcClientProtocolClient.java:onNext(264)) - client-C79DE3E06697->1d6da99a-ba9a-4d72-abd2-d0f1aa02f12f: receive RaftClientReply:client-C79DE3E06697->1d6da99a-ba9a-4d72-abd2-d0f1aa02f12f@group-B29EE812FB58, cid=1729, SUCCESS, logIndex=2501, commits[1d6da99a-ba9a-4d72-abd2-d0f1aa02f12f:c2502, 9dc27687-2024-46ae-8b6e-c9027bfa400e:c2498, 9c9c57da-14dc-454a-b374-789aa5e765a9:c2498]
2019-09-16 23:35:03,833 [grpc-default-executor-6] INFO  client.GrpcClientProtocolClient (GrpcClientProtocolClient.java:onNext(264)) - client-C79DE3E06697->1d6da99a-ba9a-4d72-abd2-d0f1aa02f12f: receive RaftClientReply:client-C79DE3E06697->1d6da99a-ba9a-4d72-abd2-d0f1aa02f12f@group-B29EE812FB58, cid=1730, SUCCESS, logIndex=2502, commits[1d6da99a-ba9a-4d72-abd2-d0f1aa02f12f:c2502, 9dc27687-2024-46ae-8b6e-c9027bfa400e:c2498, 9c9c57da-14dc-454a-b374-789aa5e765a9:c2498]
2019-09-16 23:35:03,837 [grpc-default-executor-6] INFO  client.GrpcClientProtocolClient (GrpcClientProtocolClient.java:onNext(264)) - client-C79DE3E06697->1d6da99a-ba9a-4d72-abd2-d0f1aa02f12f: receive RaftClientReply:client-C79DE3E06697->1d6da99a-ba9a-4d72-abd2-d0f1aa02f12f@group-B29EE812FB58, cid=1731, SUCCESS, logIndex=0, commits[1d6da99a-ba9a-4d72-abd2-d0f1aa02f12f:c2504, 9dc27687-2024-46ae-8b6e-c9027bfa400e:c2502, 9c9c57da-14dc-454a-b374-789aa5e765a9:c2502]
2019-09-16 23:35:03,855 [grpc-default-executor-7] INFO  client.GrpcClientProtocolClient (GrpcClientProtocolClient.java:onNext(264)) - client-C79DE3E06697->1d6da99a-ba9a-4d72-abd2-d0f1aa02f12f: receive RaftClientReply:client-C79DE3E06697->1d6da99a-ba9a-4d72-abd2-d0f1aa02f12f@group-B29EE812FB58, cid=1732, SUCCESS, logIndex=2505, commits[1d6da99a-ba9a-4d72-abd2-d0f1aa02f12f:c2506, 9dc27687-2024-46ae-8b6e-c9027bfa400e:c2504, 9c9c57da-14dc-454a-b374-789aa5e765a9:c2504]
2019-09-16 23:35:03,855 [grpc-default-executor-7] INFO  client.GrpcClientProtocolClient (GrpcClientProtocolClient.java:onNext(264)) - client-C79DE3E06697->1d6da99a-ba9a-4d72-abd2-d0f1aa02f12f: receive RaftClientReply:client-C79DE3E06697->1d6da99a-ba9a-4d72-abd2-d0f1aa02f12f@group-B29EE812FB58, cid=1733, SUCCESS, logIndex=2506, commits[1d6da99a-ba9a-4d72-abd2-d0f1aa02f12f:c2507, 9dc27687-2024-46ae-8b6e-c9027bfa400e:c2504, 9c9c57da-14dc-454a-b374-789aa5e765a9:c2504]
2019-09-16 23:35:03,856 [grpc-default-executor-7] INFO  client.GrpcClientProtocolClient (GrpcClientProtocolClient.java:onNext(264)) - client-C79DE3E06697->1d6da99a-ba9a-4d72-abd2-d0f1aa02f12f: receive RaftClientReply:client-C79DE3E06697->1d6da99a-ba9a-4d72-abd2-d0f1aa02f12f@group-B29EE812FB58, cid=1734, SUCCESS, logIndex=2507, commits[1d6da99a-ba9a-4d72-abd2-d0f1aa02f12f:c2508, 9dc27687-2024-46ae-8b6e-c9027bfa400e:c2504, 9c9c57da-14dc-454a-b374-789aa5e765a9:c2504]
2019-09-16 23:35:03,856 [grpc-default-executor-7] INFO  client.GrpcClientProtocolClient (GrpcClientProtocolClient.java:onNext(264)) - client-C79DE3E06697->1d6da99a-ba9a-4d72-abd2-d0f1aa02f12f: receive RaftClientReply:client-C79DE3E06697->1d6da99a-ba9a-4d72-abd2-d0f1aa02f12f@group-B29EE812FB58, cid=1735, SUCCESS, logIndex=2508, commits[1d6da99a-ba9a-4d72-abd2-d0f1aa02f12f:c2508, 9dc27687-2024-46ae-8b6e-c9027bfa400e:c2504, 9c9c57da-14dc-454a-b374-789aa5e765a9:c2504]
2019-09-16 23:35:03,858 [grpc-default-executor-7] INFO  client.GrpcClientProtocolClient (GrpcClientProtocolClient.java:onNext(264)) - client-C79DE3E06697->1d6da99a-ba9a-4d72-abd2-d0f1aa02f12f: receive RaftClientReply:client-C79DE3E06697->1d6da99a-ba9a-4d72-abd2-d0f1aa02f12f@group-B29EE812FB58, cid=1736, SUCCESS, logIndex=0, commits[1d6da99a-ba9a-4d72-abd2-d0f1aa02f12f:c2510, 9dc27687-2024-46ae-8b6e-c9027bfa400e:c2506, 9c9c57da-14dc-454a-b374-789aa5e765a9:c2506]
2019-09-16 23:35:03,869 [grpc-default-executor-3] INFO  client.GrpcClientProtocolClient (GrpcClientProtocolClient.java:onNext(264)) - client-C79DE3E06697->1d6da99a-ba9a-4d72-abd2-d0f1aa02f12f: receive RaftClientReply:client-C79DE3E06697->1d6da99a-ba9a-4d72-abd2-d0f1aa02f12f@group-B29EE812FB58, cid=1737, SUCCESS, logIndex=2513, commits[1d6da99a-ba9a-4d72-abd2-d0f1aa02f12f:c2514, 9dc27687-2024-46ae-8b6e-c9027bfa400e:c2508, 9c9c57da-14dc-454a-b374-789aa5e765a9:c2512]
2019-09-16 23:35:03,869 [grpc-default-executor-3] INFO  client.GrpcClientProtocolClient (GrpcClientProtocolClient.java:onNext(264)) - client-C79DE3E06697->1d6da99a-ba9a-4d72-abd2-d0f1aa02f12f: receive RaftClientReply:client-C79DE3E06697->1d6da99a-ba9a-4d72-abd2-d0f1aa02f12f@group-B29EE812FB58, cid=1738, SUCCESS, logIndex=2514, commits[1d6da99a-ba9a-4d72-abd2-d0f1aa02f12f:c2514, 9dc27687-2024-46ae-8b6e-c9027bfa400e:c2512, 9c9c57da-14dc-454a-b374-789aa5e765a9:c2512]
2019-09-16 23:35:03,878 [grpc-default-executor-3] INFO  client.GrpcClientProtocolClient (GrpcClientProtocolClient.java:onNext(264)) - client-C79DE3E06697->1d6da99a-ba9a-4d72-abd2-d0f1aa02f12f: receive RaftClientReply:client-C79DE3E06697->1d6da99a-ba9a-4d72-abd2-d0f1aa02f12f@group-B29EE812FB58, cid=1739, SUCCESS, logIndex=2517, commits[1d6da99a-ba9a-4d72-abd2-d0f1aa02f12f:c2518, 9dc27687-2024-46ae-8b6e-c9027bfa400e:c2514, 9c9c57da-14dc-454a-b374-789aa5e765a9:c2516]
2019-09-16 23:35:03,878 [grpc-default-executor-3] INFO  client.GrpcClientProtocolClient (GrpcClientProtocolClient.java:onNext(264)) - client-C79DE3E06697->1d6da99a-ba9a-4d72-abd2-d0f1aa02f12f: receive RaftClientReply:client-C79DE3E06697->1d6da99a-ba9a-4d72-abd2-d0f1aa02f12f@group-B29EE812FB58, cid=1740, SUCCESS, logIndex=2518, commits[1d6da99a-ba9a-4d72-abd2-d0f1aa02f12f:c2518, 9dc27687-2024-46ae-8b6e-c9027bfa400e:c2515, 9c9c57da-14dc-454a-b374-789aa5e765a9:c2516]
2019-09-16 23:35:03,880 [grpc-default-executor-3] INFO  client.GrpcClientProtocolClient (GrpcClientProtocolClient.java:onNext(264)) - client-C79DE3E06697->1d6da99a-ba9a-4d72-abd2-d0f1aa02f12f: receive RaftClientReply:client-C79DE3E06697->1d6da99a-ba9a-4d72-abd2-d0f1aa02f12f@group-B29EE812FB58, cid=1741, SUCCESS, logIndex=0, commits[1d6da99a-ba9a-4d72-abd2-d0f1aa02f12f:c2519, 9dc27687-2024-46ae-8b6e-c9027bfa400e:c2518, 9c9c57da-14dc-454a-b374-789aa5e765a9:c2518]
2019-09-16 23:35:03,906 [grpc-default-executor-6] INFO  client.GrpcClientProtocolClient (GrpcClientProtocolClient.java:onNext(264)) - client-C79DE3E06697->1d6da99a-ba9a-4d72-abd2-d0f1aa02f12f: receive RaftClientReply:client-C79DE3E06697->1d6da99a-ba9a-4d72-abd2-d0f1aa02f12f@group-B29EE812FB58, cid=1742, SUCCESS, logIndex=2521, commits[1d6da99a-ba9a-4d72-abd2-d0f1aa02f12f:c2522, 9dc27687-2024-46ae-8b6e-c9027bfa400e:c2520, 9c9c57da-14dc-454a-b374-789aa5e765a9:c2520]
2019-09-16 23:35:03,906 [grpc-default-executor-6] INFO  client.GrpcClientProtocolClient (GrpcClientProtocolClient.java:onNext(264)) - client-C79DE3E06697->1d6da99a-ba9a-4d72-abd2-d0f1aa02f12f: receive RaftClientReply:client-C79DE3E06697->1d6da99a-ba9a-4d72-abd2-d0f1aa02f12f@group-B29EE812FB58, cid=1743, SUCCESS, logIndex=2522, commits[1d6da99a-ba9a-4d72-abd2-d0f1aa02f12f:c2524, 9dc27687-2024-46ae-8b6e-c9027bfa400e:c2520, 9c9c57da-14dc-454a-b374-789aa5e765a9:c2520]
2019-09-16 23:35:03,906 [grpc-default-executor-6] INFO  client.GrpcClientProtocolClient (GrpcClientProtocolClient.java:onNext(264)) - client-C79DE3E06697->1d6da99a-ba9a-4d72-abd2-d0f1aa02f12f: receive RaftClientReply:client-C79DE3E06697->1d6da99a-ba9a-4d72-abd2-d0f1aa02f12f@group-B29EE812FB58, cid=1744, SUCCESS, logIndex=2523, commits[1d6da99a-ba9a-4d72-abd2-d0f1aa02f12f:c2524, 9dc27687-2024-46ae-8b6e-c9027bfa400e:c2520, 9c9c57da-14dc-454a-b374-789aa5e765a9:c2520]
2019-09-16 23:35:03,907 [grpc-default-executor-6] INFO  client.GrpcClientProtocolClient (GrpcClientProtocolClient.java:onNext(264)) - client-C79DE3E06697->1d6da99a-ba9a-4d72-abd2-d0f1aa02f12f: receive RaftClientReply:client-C79DE3E06697->1d6da99a-ba9a-4d72-abd2-d0f1aa02f12f@group-B29EE812FB58, cid=1745, SUCCESS, logIndex=2524, commits[1d6da99a-ba9a-4d72-abd2-d0f1aa02f12f:c2524, 9dc27687-2024-46ae-8b6e-c9027bfa400e:c2520, 9c9c57da-14dc-454a-b374-789aa5e765a9:c2520]
2019-09-16 23:35:03,907 [grpc-default-executor-6] INFO  client.GrpcClientProtocolClient (GrpcClientProtocolClient.java:onNext(264)) - client-C79DE3E06697->1d6da99a-ba9a-4d72-abd2-d0f1aa02f12f: receive RaftClientReply:client-C79DE3E06697->1d6da99a-ba9a-4d72-abd2-d0f1aa02f12f@group-B29EE812FB58, cid=1746, SUCCESS, logIndex=0, commits[1d6da99a-ba9a-4d72-abd2-d0f1aa02f12f:c2525, 9dc27687-2024-46ae-8b6e-c9027bfa400e:c2522, 9c9c57da-14dc-454a-b374-789aa5e765a9:c2522]
2019-09-16 23:35:03,934 [grpc-default-executor-3] INFO  client.GrpcClientProtocolClient (GrpcClientProtocolClient.java:onNext(264)) - client-C79DE3E06697->1d6da99a-ba9a-4d72-abd2-d0f1aa02f12f: receive RaftClientReply:client-C79DE3E06697->1d6da99a-ba9a-4d72-abd2-d0f1aa02f12f@group-B29EE812FB58, cid=1747, SUCCESS, logIndex=2529, commits[1d6da99a-ba9a-4d72-abd2-d0f1aa02f12f:c2530, 9dc27687-2024-46ae-8b6e-c9027bfa400e:c2528, 9c9c57da-14dc-454a-b374-789aa5e765a9:c2528]
2019-09-16 23:35:03,934 [grpc-default-executor-3] INFO  client.GrpcClientProtocolClient (GrpcClientProtocolClient.java:onNext(264)) - client-C79DE3E06697->1d6da99a-ba9a-4d72-abd2-d0f1aa02f12f: receive RaftClientReply:client-C79DE3E06697->1d6da99a-ba9a-4d72-abd2-d0f1aa02f12f@group-B29EE812FB58, cid=1748, SUCCESS, logIndex=2530, commits[1d6da99a-ba9a-4d72-abd2-d0f1aa02f12f:c2530, 9dc27687-2024-46ae-8b6e-c9027bfa400e:c2528, 9c9c57da-14dc-454a-b374-789aa5e765a9:c2528]
2019-09-16 23:35:03,949 [grpc-default-executor-7] INFO  client.GrpcClientProtocolClient (GrpcClientProtocolClient.java:onNext(264)) - client-C79DE3E06697->1d6da99a-ba9a-4d72-abd2-d0f1aa02f12f: receive RaftClientReply:client-C79DE3E06697->1d6da99a-ba9a-4d72-abd2-d0f1aa02f12f@group-B29EE812FB58, cid=1749, SUCCESS, logIndex=2533, commits[1d6da99a-ba9a-4d72-abd2-d0f1aa02f12f:c2533, 9dc27687-2024-46ae-8b6e-c9027bfa400e:c2532, 9c9c57da-14dc-454a-b374-789aa5e765a9:c2532]
2019-09-16 23:35:03,950 [grpc-default-executor-7] INFO  client.GrpcClientProtocolClient (GrpcClientProtocolClient.java:onNext(264)) - client-C79DE3E06697->1d6da99a-ba9a-4d72-abd2-d0f1aa02f12f: receive RaftClientReply:client-C79DE3E06697->1d6da99a-ba9a-4d72-abd2-d0f1aa02f12f@group-B29EE812FB58, cid=1750, SUCCESS, logIndex=2534, commits[1d6da99a-ba9a-4d72-abd2-d0f1aa02f12f:c2534, 9dc27687-2024-46ae-8b6e-c9027bfa400e:c2532, 9c9c57da-14dc-454a-b374-789aa5e765a9:c2532]
2019-09-16 23:35:03,964 [grpc-default-executor-7] INFO  client.GrpcClientProtocolClient (GrpcClientProtocolClient.java:onNext(264)) - client-C79DE3E06697->1d6da99a-ba9a-4d72-abd2-d0f1aa02f12f: receive RaftClientReply:client-C79DE3E06697->1d6da99a-ba9a-4d72-abd2-d0f1aa02f12f@group-B29EE812FB58, cid=1751, SUCCESS, logIndex=0, commits[1d6da99a-ba9a-4d72-abd2-d0f1aa02f12f:c2536, 9dc27687-2024-46ae-8b6e-c9027bfa400e:c2534, 9c9c57da-14dc-454a-b374-789aa5e765a9:c2534]
2019-09-16 23:35:03,981 [grpc-default-executor-7] INFO  client.GrpcClientProtocolClient (GrpcClientProtocolClient.java:onNext(264)) - client-C79DE3E06697->1d6da99a-ba9a-4d72-abd2-d0f1aa02f12f: receive RaftClientReply:client-C79DE3E06697->1d6da99a-ba9a-4d72-abd2-d0f1aa02f12f@group-B29EE812FB58, cid=1752, SUCCESS, logIndex=2537, commits[1d6da99a-ba9a-4d72-abd2-d0f1aa02f12f:c2538, 9dc27687-2024-46ae-8b6e-c9027bfa400e:c2536, 9c9c57da-14dc-454a-b374-789aa5e765a9:c2536]
2019-09-16 23:35:03,982 [grpc-default-executor-6] INFO  client.GrpcClientProtocolClient (GrpcClientProtocolClient.java:onNext(264)) - client-C79DE3E06697->1d6da99a-ba9a-4d72-abd2-d0f1aa02f12f: receive RaftClientReply:client-C79DE3E06697->1d6da99a-ba9a-4d72-abd2-d0f1aa02f12f@group-B29EE812FB58, cid=1753, SUCCESS, logIndex=2538, commits[1d6da99a-ba9a-4d72-abd2-d0f1aa02f12f:c2538, 9dc27687-2024-46ae-8b6e-c9027bfa400e:c2536, 9c9c57da-14dc-454a-b374-789aa5e765a9:c2536]
2019-09-16 23:35:03,982 [grpc-default-executor-3] INFO  client.GrpcClientProtocolClient (GrpcClientProtocolClient.java:onNext(264)) - client-C79DE3E06697->1d6da99a-ba9a-4d72-abd2-d0f1aa02f12f: receive RaftClientReply:client-C79DE3E06697->1d6da99a-ba9a-4d72-abd2-d0f1aa02f12f@group-B29EE812FB58, cid=1754, SUCCESS, logIndex=2539, commits[1d6da99a-ba9a-4d72-abd2-d0f1aa02f12f:c2540, 9dc27687-2024-46ae-8b6e-c9027bfa400e:c2536, 9c9c57da-14dc-454a-b374-789aa5e765a9:c2536]
2019-09-16 23:35:03,982 [grpc-default-executor-3] INFO  client.GrpcClientProtocolClient (GrpcClientProtocolClient.java:onNext(264)) - client-C79DE3E06697->1d6da99a-ba9a-4d72-abd2-d0f1aa02f12f: receive RaftClientReply:client-C79DE3E06697->1d6da99a-ba9a-4d72-abd2-d0f1aa02f12f@group-B29EE812FB58, cid=1755, SUCCESS, logIndex=2540, commits[1d6da99a-ba9a-4d72-abd2-d0f1aa02f12f:c2540, 9dc27687-2024-46ae-8b6e-c9027bfa400e:c2536, 9c9c57da-14dc-454a-b374-789aa5e765a9:c2536]
2019-09-16 23:35:03,995 [grpc-default-executor-3] INFO  client.GrpcClientProtocolClient (GrpcClientProtocolClient.java:onNext(264)) - client-C79DE3E06697->1d6da99a-ba9a-4d72-abd2-d0f1aa02f12f: receive RaftClientReply:client-C79DE3E06697->1d6da99a-ba9a-4d72-abd2-d0f1aa02f12f@group-B29EE812FB58, cid=1756, SUCCESS, logIndex=0, commits[1d6da99a-ba9a-4d72-abd2-d0f1aa02f12f:c2542, 9dc27687-2024-46ae-8b6e-c9027bfa400e:c2538, 9c9c57da-14dc-454a-b374-789aa5e765a9:c2538]
2019-09-16 23:35:04,010 [grpc-default-executor-3] INFO  client.GrpcClientProtocolClient (GrpcClientProtocolClient.java:onNext(264)) - client-C79DE3E06697->1d6da99a-ba9a-4d72-abd2-d0f1aa02f12f: receive RaftClientReply:client-C79DE3E06697->1d6da99a-ba9a-4d72-abd2-d0f1aa02f12f@group-B29EE812FB58, cid=1757, SUCCESS, logIndex=2545, commits[1d6da99a-ba9a-4d72-abd2-d0f1aa02f12f:c2546, 9dc27687-2024-46ae-8b6e-c9027bfa400e:c2544, 9c9c57da-14dc-454a-b374-789aa5e765a9:c2544]
2019-09-16 23:35:04,010 [grpc-default-executor-3] INFO  client.GrpcClientProtocolClient (GrpcClientProtocolClient.java:onNext(264)) - client-C79DE3E06697->1d6da99a-ba9a-4d72-abd2-d0f1aa02f12f: receive RaftClientReply:client-C79DE3E06697->1d6da99a-ba9a-4d72-abd2-d0f1aa02f12f@group-B29EE812FB58, cid=1758, SUCCESS, logIndex=2546, commits[1d6da99a-ba9a-4d72-abd2-d0f1aa02f12f:c2546, 9dc27687-2024-46ae-8b6e-c9027bfa400e:c2544, 9c9c57da-14dc-454a-b374-789aa5e765a9:c2544]
2019-09-16 23:35:04,027 [grpc-default-executor-7] INFO  client.GrpcClientProtocolClient (GrpcClientProtocolClient.java:onNext(264)) - client-C79DE3E06697->1d6da99a-ba9a-4d72-abd2-d0f1aa02f12f: receive RaftClientReply:client-C79DE3E06697->1d6da99a-ba9a-4d72-abd2-d0f1aa02f12f@group-B29EE812FB58, cid=1759, SUCCESS, logIndex=2549, commits[1d6da99a-ba9a-4d72-abd2-d0f1aa02f12f:c2550, 9dc27687-2024-46ae-8b6e-c9027bfa400e:c2548, 9c9c57da-14dc-454a-b374-789aa5e765a9:c2548]
2019-09-16 23:35:04,027 [grpc-default-executor-7] INFO  client.GrpcClientProtocolClient (GrpcClientProtocolClient.java:onNext(264)) - client-C79DE3E06697->1d6da99a-ba9a-4d72-abd2-d0f1aa02f12f: receive RaftClientReply:client-C79DE3E06697->1d6da99a-ba9a-4d72-abd2-d0f1aa02f12f@group-B29EE812FB58, cid=1760, SUCCESS, logIndex=2550, commits[1d6da99a-ba9a-4d72-abd2-d0f1aa02f12f:c2550, 9dc27687-2024-46ae-8b6e-c9027bfa400e:c2548, 9c9c57da-14dc-454a-b374-789aa5e765a9:c2548]
2019-09-16 23:35:04,115 [grpc-default-executor-3] INFO  client.GrpcClientProtocolClient (GrpcClientProtocolClient.java:onNext(264)) - client-C79DE3E06697->1d6da99a-ba9a-4d72-abd2-d0f1aa02f12f: receive RaftClientReply:client-C79DE3E06697->1d6da99a-ba9a-4d72-abd2-d0f1aa02f12f@group-B29EE812FB58, cid=1761, SUCCESS, logIndex=0, commits[1d6da99a-ba9a-4d72-abd2-d0f1aa02f12f:c2551, 9dc27687-2024-46ae-8b6e-c9027bfa400e:c2550, 9c9c57da-14dc-454a-b374-789aa5e765a9:c2550]
2019-09-16 23:35:04,134 [grpc-default-executor-6] INFO  client.GrpcClientProtocolClient (GrpcClientProtocolClient.java:onNext(264)) - client-C79DE3E06697->1d6da99a-ba9a-4d72-abd2-d0f1aa02f12f: receive RaftClientReply:client-C79DE3E06697->1d6da99a-ba9a-4d72-abd2-d0f1aa02f12f@group-B29EE812FB58, cid=1762, SUCCESS, logIndex=2553, commits[1d6da99a-ba9a-4d72-abd2-d0f1aa02f12f:c2554, 9dc27687-2024-46ae-8b6e-c9027bfa400e:c2550, 9c9c57da-14dc-454a-b374-789aa5e765a9:c2552]
2019-09-16 23:35:04,135 [grpc-default-executor-6] INFO  client.GrpcClientProtocolClient (GrpcClientProtocolClient.java:onNext(264)) - client-C79DE3E06697->1d6da99a-ba9a-4d72-abd2-d0f1aa02f12f: receive RaftClientReply:client-C79DE3E06697->1d6da99a-ba9a-4d72-abd2-d0f1aa02f12f@group-B29EE812FB58, cid=1763, SUCCESS, logIndex=2554, commits[1d6da99a-ba9a-4d72-abd2-d0f1aa02f12f:c2554, 9dc27687-2024-46ae-8b6e-c9027bfa400e:c2550, 9c9c57da-14dc-454a-b374-789aa5e765a9:c2552]
2019-09-16 23:35:04,137 [grpc-default-executor-7] INFO  client.GrpcClientProtocolClient (GrpcClientProtocolClient.java:onNext(264)) - client-C79DE3E06697->1d6da99a-ba9a-4d72-abd2-d0f1aa02f12f: receive RaftClientReply:client-C79DE3E06697->1d6da99a-ba9a-4d72-abd2-d0f1aa02f12f@group-B29EE812FB58, cid=1764, SUCCESS, logIndex=2555, commits[1d6da99a-ba9a-4d72-abd2-d0f1aa02f12f:c2558, 9dc27687-2024-46ae-8b6e-c9027bfa400e:c2552, 9c9c57da-14dc-454a-b374-789aa5e765a9:c2554]
2019-09-16 23:35:04,137 [grpc-default-executor-7] INFO  client.GrpcClientProtocolClient (GrpcClientProtocolClient.java:onNext(264)) - client-C79DE3E06697->1d6da99a-ba9a-4d72-abd2-d0f1aa02f12f: receive RaftClientReply:client-C79DE3E06697->1d6da99a-ba9a-4d72-abd2-d0f1aa02f12f@group-B29EE812FB58, cid=1765, SUCCESS, logIndex=2556, commits[1d6da99a-ba9a-4d72-abd2-d0f1aa02f12f:c2558, 9dc27687-2024-46ae-8b6e-c9027bfa400e:c2552, 9c9c57da-14dc-454a-b374-789aa5e765a9:c2554]
2019-09-16 23:35:04,138 [grpc-default-executor-7] INFO  client.GrpcClientProtocolClient (GrpcClientProtocolClient.java:onNext(264)) - client-C79DE3E06697->1d6da99a-ba9a-4d72-abd2-d0f1aa02f12f: receive RaftClientReply:client-C79DE3E06697->1d6da99a-ba9a-4d72-abd2-d0f1aa02f12f@group-B29EE812FB58, cid=1766, SUCCESS, logIndex=0, commits[1d6da99a-ba9a-4d72-abd2-d0f1aa02f12f:c2558, 9dc27687-2024-46ae-8b6e-c9027bfa400e:c2554, 9c9c57da-14dc-454a-b374-789aa5e765a9:c2554]
2019-09-16 23:35:04,152 [grpc-default-executor-3] INFO  client.GrpcClientProtocolClient (GrpcClientProtocolClient.java:onNext(264)) - client-C79DE3E06697->1d6da99a-ba9a-4d72-abd2-d0f1aa02f12f: receive RaftClientReply:client-C79DE3E06697->1d6da99a-ba9a-4d72-abd2-d0f1aa02f12f@group-B29EE812FB58, cid=1767, SUCCESS, logIndex=2561, commits[1d6da99a-ba9a-4d72-abd2-d0f1aa02f12f:c2562, 9dc27687-2024-46ae-8b6e-c9027bfa400e:c2560, 9c9c57da-14dc-454a-b374-789aa5e765a9:c2560]
2019-09-16 23:35:04,153 [grpc-default-executor-3] INFO  client.GrpcClientProtocolClient (GrpcClientProtocolClient.java:onNext(264)) - client-C79DE3E06697->1d6da99a-ba9a-4d72-abd2-d0f1aa02f12f: receive RaftClientReply:client-C79DE3E06697->1d6da99a-ba9a-4d72-abd2-d0f1aa02f12f@group-B29EE812FB58, cid=1768, SUCCESS, logIndex=2562, commits[1d6da99a-ba9a-4d72-abd2-d0f1aa02f12f:c2562, 9dc27687-2024-46ae-8b6e-c9027bfa400e:c2560, 9c9c57da-14dc-454a-b374-789aa5e765a9:c2560]
2019-09-16 23:35:04,164 [grpc-default-executor-7] INFO  client.GrpcClientProtocolClient (GrpcClientProtocolClient.java:onNext(264)) - client-C79DE3E06697->1d6da99a-ba9a-4d72-abd2-d0f1aa02f12f: receive RaftClientReply:client-C79DE3E06697->1d6da99a-ba9a-4d72-abd2-d0f1aa02f12f@group-B29EE812FB58, cid=1769, SUCCESS, logIndex=2565, commits[1d6da99a-ba9a-4d72-abd2-d0f1aa02f12f:c2566, 9dc27687-2024-46ae-8b6e-c9027bfa400e:c2564, 9c9c57da-14dc-454a-b374-789aa5e765a9:c2564]
2019-09-16 23:35:04,164 [grpc-default-executor-7] INFO  client.GrpcClientProtocolClient (GrpcClientProtocolClient.java:onNext(264)) - client-C79DE3E06697->1d6da99a-ba9a-4d72-abd2-d0f1aa02f12f: receive RaftClientReply:client-C79DE3E06697->1d6da99a-ba9a-4d72-abd2-d0f1aa02f12f@group-B29EE812FB58, cid=1770, SUCCESS, logIndex=2566, commits[1d6da99a-ba9a-4d72-abd2-d0f1aa02f12f:c2566, 9dc27687-2024-46ae-8b6e-c9027bfa400e:c2564, 9c9c57da-14dc-454a-b374-789aa5e765a9:c2564]
2019-09-16 23:35:04,165 [grpc-default-executor-6] INFO  client.GrpcClientProtocolClient (GrpcClientProtocolClient.java:onNext(264)) - client-C79DE3E06697->1d6da99a-ba9a-4d72-abd2-d0f1aa02f12f: receive RaftClientReply:client-C79DE3E06697->1d6da99a-ba9a-4d72-abd2-d0f1aa02f12f@group-B29EE812FB58, cid=1771, SUCCESS, logIndex=0, commits[1d6da99a-ba9a-4d72-abd2-d0f1aa02f12f:c2567, 9dc27687-2024-46ae-8b6e-c9027bfa400e:c2566, 9c9c57da-14dc-454a-b374-789aa5e765a9:c2566]
2019-09-16 23:35:04,186 [grpc-default-executor-6] INFO  client.GrpcClientProtocolClient (GrpcClientProtocolClient.java:onNext(264)) - client-C79DE3E06697->1d6da99a-ba9a-4d72-abd2-d0f1aa02f12f: receive RaftClientReply:client-C79DE3E06697->1d6da99a-ba9a-4d72-abd2-d0f1aa02f12f@group-B29EE812FB58, cid=1772, SUCCESS, logIndex=2569, commits[1d6da99a-ba9a-4d72-abd2-d0f1aa02f12f:c2570, 9dc27687-2024-46ae-8b6e-c9027bfa400e:c2568, 9c9c57da-14dc-454a-b374-789aa5e765a9:c2568]
2019-09-16 23:35:04,186 [grpc-default-executor-6] INFO  client.GrpcClientProtocolClient (GrpcClientProtocolClient.java:onNext(264)) - client-C79DE3E06697->1d6da99a-ba9a-4d72-abd2-d0f1aa02f12f: receive RaftClientReply:client-C79DE3E06697->1d6da99a-ba9a-4d72-abd2-d0f1aa02f12f@group-B29EE812FB58, cid=1773, SUCCESS, logIndex=2570, commits[1d6da99a-ba9a-4d72-abd2-d0f1aa02f12f:c2572, 9dc27687-2024-46ae-8b6e-c9027bfa400e:c2568, 9c9c57da-14dc-454a-b374-789aa5e765a9:c2568]
2019-09-16 23:35:04,187 [grpc-default-executor-6] INFO  client.GrpcClientProtocolClient (GrpcClientProtocolClient.java:onNext(264)) - client-C79DE3E06697->1d6da99a-ba9a-4d72-abd2-d0f1aa02f12f: receive RaftClientReply:client-C79DE3E06697->1d6da99a-ba9a-4d72-abd2-d0f1aa02f12f@group-B29EE812FB58, cid=1774, SUCCESS, logIndex=2571, commits[1d6da99a-ba9a-4d72-abd2-d0f1aa02f12f:c2572, 9dc27687-2024-46ae-8b6e-c9027bfa400e:c2568, 9c9c57da-14dc-454a-b374-789aa5e765a9:c2568]
2019-09-16 23:35:04,187 [grpc-default-executor-6] INFO  client.GrpcClientProtocolClient (GrpcClientProtocolClient.java:onNext(264)) - client-C79DE3E06697->1d6da99a-ba9a-4d72-abd2-d0f1aa02f12f: receive RaftClientReply:client-C79DE3E06697->1d6da99a-ba9a-4d72-abd2-d0f1aa02f12f@group-B29EE812FB58, cid=1775, SUCCESS, logIndex=2572, commits[1d6da99a-ba9a-4d72-abd2-d0f1aa02f12f:c2572, 9dc27687-2024-46ae-8b6e-c9027bfa400e:c2568, 9c9c57da-14dc-454a-b374-789aa5e765a9:c2568]
2019-09-16 23:35:04,210 [grpc-default-executor-6] INFO  client.GrpcClientProtocolClient (GrpcClientProtocolClient.java:onNext(264)) - client-C79DE3E06697->1d6da99a-ba9a-4d72-abd2-d0f1aa02f12f: receive RaftClientReply:client-C79DE3E06697->1d6da99a-ba9a-4d72-abd2-d0f1aa02f12f@group-B29EE812FB58, cid=1776, SUCCESS, logIndex=0, commits[1d6da99a-ba9a-4d72-abd2-d0f1aa02f12f:c2574, 9dc27687-2024-46ae-8b6e-c9027bfa400e:c2570, 9c9c57da-14dc-454a-b374-789aa5e765a9:c2570]
2019-09-16 23:35:04,224 [grpc-default-executor-6] INFO  client.GrpcClientProtocolClient (GrpcClientProtocolClient.java:onNext(264)) - client-C79DE3E06697->1d6da99a-ba9a-4d72-abd2-d0f1aa02f12f: receive RaftClientReply:client-C79DE3E06697->1d6da99a-ba9a-4d72-abd2-d0f1aa02f12f@group-B29EE812FB58, cid=1777, SUCCESS, logIndex=2576, commits[1d6da99a-ba9a-4d72-abd2-d0f1aa02f12f:c2577, 9dc27687-2024-46ae-8b6e-c9027bfa400e:c2575, 9c9c57da-14dc-454a-b374-789aa5e765a9:c2575]
2019-09-16 23:35:04,224 [grpc-default-executor-6] INFO  client.GrpcClientProtocolClient (GrpcClientProtocolClient.java:onNext(264)) - client-C79DE3E06697->1d6da99a-ba9a-4d72-abd2-d0f1aa02f12f: receive RaftClientReply:client-C79DE3E06697->1d6da99a-ba9a-4d72-abd2-d0f1aa02f12f@group-B29EE812FB58, cid=1778, SUCCESS, logIndex=2577, commits[1d6da99a-ba9a-4d72-abd2-d0f1aa02f12f:c2577, 9dc27687-2024-46ae-8b6e-c9027bfa400e:c2575, 9c9c57da-14dc-454a-b374-789aa5e765a9:c2575]
2019-09-16 23:35:04,238 [grpc-default-executor-6] INFO  client.GrpcClientProtocolClient (GrpcClientProtocolClient.java:onNext(264)) - client-C79DE3E06697->1d6da99a-ba9a-4d72-abd2-d0f1aa02f12f: receive RaftClientReply:client-C79DE3E06697->1d6da99a-ba9a-4d72-abd2-d0f1aa02f12f@group-B29EE812FB58, cid=1779, SUCCESS, logIndex=2580, commits[1d6da99a-ba9a-4d72-abd2-d0f1aa02f12f:c2581, 9dc27687-2024-46ae-8b6e-c9027bfa400e:c2577, 9c9c57da-14dc-454a-b374-789aa5e765a9:c2577]
2019-09-16 23:35:04,238 [grpc-default-executor-6] INFO  client.GrpcClientProtocolClient (GrpcClientProtocolClient.java:onNext(264)) - client-C79DE3E06697->1d6da99a-ba9a-4d72-abd2-d0f1aa02f12f: receive RaftClientReply:client-C79DE3E06697->1d6da99a-ba9a-4d72-abd2-d0f1aa02f12f@group-B29EE812FB58, cid=1780, SUCCESS, logIndex=2581, commits[1d6da99a-ba9a-4d72-abd2-d0f1aa02f12f:c2581, 9dc27687-2024-46ae-8b6e-c9027bfa400e:c2577, 9c9c57da-14dc-454a-b374-789aa5e765a9:c2577]
2019-09-16 23:35:04,263 [grpc-default-executor-6] INFO  client.GrpcClientProtocolClient (GrpcClientProtocolClient.java:onNext(264)) - client-C79DE3E06697->1d6da99a-ba9a-4d72-abd2-d0f1aa02f12f: receive RaftClientReply:client-C79DE3E06697->1d6da99a-ba9a-4d72-abd2-d0f1aa02f12f@group-B29EE812FB58, cid=1781, SUCCESS, logIndex=0, commits[1d6da99a-ba9a-4d72-abd2-d0f1aa02f12f:c2583, 9dc27687-2024-46ae-8b6e-c9027bfa400e:c2581, 9c9c57da-14dc-454a-b374-789aa5e765a9:c2581]
2019-09-16 23:35:04,291 [grpc-default-executor-3] INFO  client.GrpcClientProtocolClient (GrpcClientProtocolClient.java:onNext(264)) - client-C79DE3E06697->1d6da99a-ba9a-4d72-abd2-d0f1aa02f12f: receive RaftClientReply:client-C79DE3E06697->1d6da99a-ba9a-4d72-abd2-d0f1aa02f12f@group-B29EE812FB58, cid=1782, SUCCESS, logIndex=2584, commits[1d6da99a-ba9a-4d72-abd2-d0f1aa02f12f:c2585, 9dc27687-2024-46ae-8b6e-c9027bfa400e:c2583, 9c9c57da-14dc-454a-b374-789aa5e765a9:c2583]
2019-09-16 23:35:04,292 [grpc-default-executor-1] INFO  client.GrpcClientProtocolClient (GrpcClientProtocolClient.java:onNext(264)) - client-C79DE3E06697->1d6da99a-ba9a-4d72-abd2-d0f1aa02f12f: receive RaftClientReply:client-C79DE3E06697->1d6da99a-ba9a-4d72-abd2-d0f1aa02f12f@group-B29EE812FB58, cid=1783, SUCCESS, logIndex=2585, commits[1d6da99a-ba9a-4d72-abd2-d0f1aa02f12f:c2586, 9dc27687-2024-46ae-8b6e-c9027bfa400e:c2583, 9c9c57da-14dc-454a-b374-789aa5e765a9:c2583]
2019-09-16 23:35:04,293 [grpc-default-executor-1] INFO  client.GrpcClientProtocolClient (GrpcClientProtocolClient.java:onNext(264)) - client-C79DE3E06697->1d6da99a-ba9a-4d72-abd2-d0f1aa02f12f: receive RaftClientReply:client-C79DE3E06697->1d6da99a-ba9a-4d72-abd2-d0f1aa02f12f@group-B29EE812FB58, cid=1784, SUCCESS, logIndex=2586, commits[1d6da99a-ba9a-4d72-abd2-d0f1aa02f12f:c2587, 9dc27687-2024-46ae-8b6e-c9027bfa400e:c2583, 9c9c57da-14dc-454a-b374-789aa5e765a9:c2583]
2019-09-16 23:35:04,293 [grpc-default-executor-1] INFO  client.GrpcClientProtocolClient (GrpcClientProtocolClient.java:onNext(264)) - client-C79DE3E06697->1d6da99a-ba9a-4d72-abd2-d0f1aa02f12f: receive RaftClientReply:client-C79DE3E06697->1d6da99a-ba9a-4d72-abd2-d0f1aa02f12f@group-B29EE812FB58, cid=1785, SUCCESS, logIndex=2587, commits[1d6da99a-ba9a-4d72-abd2-d0f1aa02f12f:c2588, 9dc27687-2024-46ae-8b6e-c9027bfa400e:c2583, 9c9c57da-14dc-454a-b374-789aa5e765a9:c2585]
2019-09-16 23:35:04,294 [grpc-default-executor-3] INFO  client.GrpcClientProtocolClient (GrpcClientProtocolClient.java:onNext(264)) - client-C79DE3E06697->1d6da99a-ba9a-4d72-abd2-d0f1aa02f12f: receive RaftClientReply:client-C79DE3E06697->1d6da99a-ba9a-4d72-abd2-d0f1aa02f12f@group-B29EE812FB58, cid=1786, SUCCESS, logIndex=0, commits[1d6da99a-ba9a-4d72-abd2-d0f1aa02f12f:c2589, 9dc27687-2024-46ae-8b6e-c9027bfa400e:c2585, 9c9c57da-14dc-454a-b374-789aa5e765a9:c2585]
2019-09-16 23:35:04,308 [grpc-default-executor-3] INFO  client.GrpcClientProtocolClient (GrpcClientProtocolClient.java:onNext(264)) - client-C79DE3E06697->1d6da99a-ba9a-4d72-abd2-d0f1aa02f12f: receive RaftClientReply:client-C79DE3E06697->1d6da99a-ba9a-4d72-abd2-d0f1aa02f12f@group-B29EE812FB58, cid=1787, SUCCESS, logIndex=2592, commits[1d6da99a-ba9a-4d72-abd2-d0f1aa02f12f:c2593, 9dc27687-2024-46ae-8b6e-c9027bfa400e:c2587, 9c9c57da-14dc-454a-b374-789aa5e765a9:c2590]
2019-09-16 23:35:04,308 [grpc-default-executor-3] INFO  client.GrpcClientProtocolClient (GrpcClientProtocolClient.java:onNext(264)) - client-C79DE3E06697->1d6da99a-ba9a-4d72-abd2-d0f1aa02f12f: receive RaftClientReply:client-C79DE3E06697->1d6da99a-ba9a-4d72-abd2-d0f1aa02f12f@group-B29EE812FB58, cid=1788, SUCCESS, logIndex=2593, commits[1d6da99a-ba9a-4d72-abd2-d0f1aa02f12f:c2593, 9dc27687-2024-46ae-8b6e-c9027bfa400e:c2590, 9c9c57da-14dc-454a-b374-789aa5e765a9:c2590]
2019-09-16 23:35:04,333 [grpc-default-executor-6] INFO  client.GrpcClientProtocolClient (GrpcClientProtocolClient.java:onNext(264)) - client-C79DE3E06697->1d6da99a-ba9a-4d72-abd2-d0f1aa02f12f: receive RaftClientReply:client-C79DE3E06697->1d6da99a-ba9a-4d72-abd2-d0f1aa02f12f@group-B29EE812FB58, cid=1789, SUCCESS, logIndex=2595, commits[1d6da99a-ba9a-4d72-abd2-d0f1aa02f12f:c2596, 9dc27687-2024-46ae-8b6e-c9027bfa400e:c2593, 9c9c57da-14dc-454a-b374-789aa5e765a9:c2593]
2019-09-16 23:35:04,333 [grpc-default-executor-6] INFO  client.GrpcClientProtocolClient (GrpcClientProtocolClient.java:onNext(264)) - client-C79DE3E06697->1d6da99a-ba9a-4d72-abd2-d0f1aa02f12f: receive RaftClientReply:client-C79DE3E06697->1d6da99a-ba9a-4d72-abd2-d0f1aa02f12f@group-B29EE812FB58, cid=1790, SUCCESS, logIndex=2596, commits[1d6da99a-ba9a-4d72-abd2-d0f1aa02f12f:c2596, 9dc27687-2024-46ae-8b6e-c9027bfa400e:c2593, 9c9c57da-14dc-454a-b374-789aa5e765a9:c2593]
2019-09-16 23:35:04,337 [grpc-default-executor-6] INFO  client.GrpcClientProtocolClient (GrpcClientProtocolClient.java:onNext(264)) - client-C79DE3E06697->1d6da99a-ba9a-4d72-abd2-d0f1aa02f12f: receive RaftClientReply:client-C79DE3E06697->1d6da99a-ba9a-4d72-abd2-d0f1aa02f12f@group-B29EE812FB58, cid=1791, SUCCESS, logIndex=0, commits[1d6da99a-ba9a-4d72-abd2-d0f1aa02f12f:c2598, 9dc27687-2024-46ae-8b6e-c9027bfa400e:c2596, 9c9c57da-14dc-454a-b374-789aa5e765a9:c2596]
2019-09-16 23:35:04,356 [grpc-default-executor-1] INFO  client.GrpcClientProtocolClient (GrpcClientProtocolClient.java:onNext(264)) - client-C79DE3E06697->1d6da99a-ba9a-4d72-abd2-d0f1aa02f12f: receive RaftClientReply:client-C79DE3E06697->1d6da99a-ba9a-4d72-abd2-d0f1aa02f12f@group-B29EE812FB58, cid=1792, SUCCESS, logIndex=2599, commits[1d6da99a-ba9a-4d72-abd2-d0f1aa02f12f:c2602, 9dc27687-2024-46ae-8b6e-c9027bfa400e:c2598, 9c9c57da-14dc-454a-b374-789aa5e765a9:c2596]
2019-09-16 23:35:04,357 [grpc-default-executor-6] INFO  client.GrpcClientProtocolClient (GrpcClientProtocolClient.java:onNext(264)) - client-C79DE3E06697->1d6da99a-ba9a-4d72-abd2-d0f1aa02f12f: receive RaftClientReply:client-C79DE3E06697->1d6da99a-ba9a-4d72-abd2-d0f1aa02f12f@group-B29EE812FB58, cid=1793, SUCCESS, logIndex=2600, commits[1d6da99a-ba9a-4d72-abd2-d0f1aa02f12f:c2602, 9dc27687-2024-46ae-8b6e-c9027bfa400e:c2598, 9c9c57da-14dc-454a-b374-789aa5e765a9:c2598]
2019-09-16 23:35:04,357 [grpc-default-executor-6] INFO  client.GrpcClientProtocolClient (GrpcClientProtocolClient.java:onNext(264)) - client-C79DE3E06697->1d6da99a-ba9a-4d72-abd2-d0f1aa02f12f: receive RaftClientReply:client-C79DE3E06697->1d6da99a-ba9a-4d72-abd2-d0f1aa02f12f@group-B29EE812FB58, cid=1794, SUCCESS, logIndex=2601, commits[1d6da99a-ba9a-4d72-abd2-d0f1aa02f12f:c2602, 9dc27687-2024-46ae-8b6e-c9027bfa400e:c2598, 9c9c57da-14dc-454a-b374-789aa5e765a9:c2598]
2019-09-16 23:35:04,357 [grpc-default-executor-6] INFO  client.GrpcClientProtocolClient (GrpcClientProtocolClient.java:onNext(264)) - client-C79DE3E06697->1d6da99a-ba9a-4d72-abd2-d0f1aa02f12f: receive RaftClientReply:client-C79DE3E06697->1d6da99a-ba9a-4d72-abd2-d0f1aa02f12f@group-B29EE812FB58, cid=1795, SUCCESS, logIndex=2602, commits[1d6da99a-ba9a-4d72-abd2-d0f1aa02f12f:c2602, 9dc27687-2024-46ae-8b6e-c9027bfa400e:c2598, 9c9c57da-14dc-454a-b374-789aa5e765a9:c2598]
2019-09-16 23:35:04,360 [grpc-default-executor-6] INFO  client.GrpcClientProtocolClient (GrpcClientProtocolClient.java:onNext(264)) - client-C79DE3E06697->1d6da99a-ba9a-4d72-abd2-d0f1aa02f12f: receive RaftClientReply:client-C79DE3E06697->1d6da99a-ba9a-4d72-abd2-d0f1aa02f12f@group-B29EE812FB58, cid=1796, SUCCESS, logIndex=0, commits[1d6da99a-ba9a-4d72-abd2-d0f1aa02f12f:c2606, 9dc27687-2024-46ae-8b6e-c9027bfa400e:c2600, 9c9c57da-14dc-454a-b374-789aa5e765a9:c2602]
2019-09-16 23:35:04,379 [grpc-default-executor-1] INFO  client.GrpcClientProtocolClient (GrpcClientProtocolClient.java:onNext(264)) - client-C79DE3E06697->1d6da99a-ba9a-4d72-abd2-d0f1aa02f12f: receive RaftClientReply:client-C79DE3E06697->1d6da99a-ba9a-4d72-abd2-d0f1aa02f12f@group-B29EE812FB58, cid=1797, SUCCESS, logIndex=2607, commits[1d6da99a-ba9a-4d72-abd2-d0f1aa02f12f:c2608, 9dc27687-2024-46ae-8b6e-c9027bfa400e:c2606, 9c9c57da-14dc-454a-b374-789aa5e765a9:c2606]
2019-09-16 23:35:04,380 [grpc-default-executor-1] INFO  client.GrpcClientProtocolClient (GrpcClientProtocolClient.java:onNext(264)) - client-C79DE3E06697->1d6da99a-ba9a-4d72-abd2-d0f1aa02f12f: receive RaftClientReply:client-C79DE3E06697->1d6da99a-ba9a-4d72-abd2-d0f1aa02f12f@group-B29EE812FB58, cid=1798, SUCCESS, logIndex=2608, commits[1d6da99a-ba9a-4d72-abd2-d0f1aa02f12f:c2608, 9dc27687-2024-46ae-8b6e-c9027bfa400e:c2606, 9c9c57da-14dc-454a-b374-789aa5e765a9:c2606]
2019-09-16 23:35:04,392 [grpc-default-executor-1] INFO  client.GrpcClientProtocolClient (GrpcClientProtocolClient.java:onNext(264)) - client-C79DE3E06697->1d6da99a-ba9a-4d72-abd2-d0f1aa02f12f: receive RaftClientReply:client-C79DE3E06697->1d6da99a-ba9a-4d72-abd2-d0f1aa02f12f@group-B29EE812FB58, cid=1799, SUCCESS, logIndex=2611, commits[1d6da99a-ba9a-4d72-abd2-d0f1aa02f12f:c2612, 9dc27687-2024-46ae-8b6e-c9027bfa400e:c2608, 9c9c57da-14dc-454a-b374-789aa5e765a9:c2610]
2019-09-16 23:35:04,392 [grpc-default-executor-1] INFO  client.GrpcClientProtocolClient (GrpcClientProtocolClient.java:onNext(264)) - client-C79DE3E06697->1d6da99a-ba9a-4d72-abd2-d0f1aa02f12f: receive RaftClientReply:client-C79DE3E06697->1d6da99a-ba9a-4d72-abd2-d0f1aa02f12f@group-B29EE812FB58, cid=1800, SUCCESS, logIndex=2612, commits[1d6da99a-ba9a-4d72-abd2-d0f1aa02f12f:c2612, 9dc27687-2024-46ae-8b6e-c9027bfa400e:c2610, 9c9c57da-14dc-454a-b374-789aa5e765a9:c2610]
2019-09-16 23:35:04,393 [grpc-default-executor-1] INFO  client.GrpcClientProtocolClient (GrpcClientProtocolClient.java:onNext(264)) - client-C79DE3E06697->1d6da99a-ba9a-4d72-abd2-d0f1aa02f12f: receive RaftClientReply:client-C79DE3E06697->1d6da99a-ba9a-4d72-abd2-d0f1aa02f12f@group-B29EE812FB58, cid=1801, SUCCESS, logIndex=0, commits[1d6da99a-ba9a-4d72-abd2-d0f1aa02f12f:c2613, 9dc27687-2024-46ae-8b6e-c9027bfa400e:c2612, 9c9c57da-14dc-454a-b374-789aa5e765a9:c2612]
2019-09-16 23:35:04,421 [grpc-default-executor-1] INFO  client.GrpcClientProtocolClient (GrpcClientProtocolClient.java:onNext(264)) - client-C79DE3E06697->1d6da99a-ba9a-4d72-abd2-d0f1aa02f12f: receive RaftClientReply:client-C79DE3E06697->1d6da99a-ba9a-4d72-abd2-d0f1aa02f12f@group-B29EE812FB58, cid=1802, SUCCESS, logIndex=2615, commits[1d6da99a-ba9a-4d72-abd2-d0f1aa02f12f:c2617, 9dc27687-2024-46ae-8b6e-c9027bfa400e:c2614, 9c9c57da-14dc-454a-b374-789aa5e765a9:c2614]
2019-09-16 23:35:04,421 [grpc-default-executor-1] INFO  client.GrpcClientProtocolClient (GrpcClientProtocolClient.java:onNext(264)) - client-C79DE3E06697->1d6da99a-ba9a-4d72-abd2-d0f1aa02f12f: receive RaftClientReply:client-C79DE3E06697->1d6da99a-ba9a-4d72-abd2-d0f1aa02f12f@group-B29EE812FB58, cid=1803, SUCCESS, logIndex=2616, commits[1d6da99a-ba9a-4d72-abd2-d0f1aa02f12f:c2618, 9dc27687-2024-46ae-8b6e-c9027bfa400e:c2614, 9c9c57da-14dc-454a-b374-789aa5e765a9:c2614]
2019-09-16 23:35:04,421 [grpc-default-executor-1] INFO  client.GrpcClientProtocolClient (GrpcClientProtocolClient.java:onNext(264)) - client-C79DE3E06697->1d6da99a-ba9a-4d72-abd2-d0f1aa02f12f: receive RaftClientReply:client-C79DE3E06697->1d6da99a-ba9a-4d72-abd2-d0f1aa02f12f@group-B29EE812FB58, cid=1804, SUCCESS, logIndex=2617, commits[1d6da99a-ba9a-4d72-abd2-d0f1aa02f12f:c2618, 9dc27687-2024-46ae-8b6e-c9027bfa400e:c2614, 9c9c57da-14dc-454a-b374-789aa5e765a9:c2614]
2019-09-16 23:35:04,422 [grpc-default-executor-1] INFO  client.GrpcClientProtocolClient (GrpcClientProtocolClient.java:onNext(264)) - client-C79DE3E06697->1d6da99a-ba9a-4d72-abd2-d0f1aa02f12f: receive RaftClientReply:client-C79DE3E06697->1d6da99a-ba9a-4d72-abd2-d0f1aa02f12f@group-B29EE812FB58, cid=1805, SUCCESS, logIndex=2618, commits[1d6da99a-ba9a-4d72-abd2-d0f1aa02f12f:c2618, 9dc27687-2024-46ae-8b6e-c9027bfa400e:c2614, 9c9c57da-14dc-454a-b374-789aa5e765a9:c2614]
2019-09-16 23:35:04,448 [grpc-default-executor-1] INFO  client.GrpcClientProtocolClient (GrpcClientProtocolClient.java:onNext(264)) - client-C79DE3E06697->1d6da99a-ba9a-4d72-abd2-d0f1aa02f12f: receive RaftClientReply:client-C79DE3E06697->1d6da99a-ba9a-4d72-abd2-d0f1aa02f12f@group-B29EE812FB58, cid=1806, SUCCESS, logIndex=0, commits[1d6da99a-ba9a-4d72-abd2-d0f1aa02f12f:c2619, 9dc27687-2024-46ae-8b6e-c9027bfa400e:c2616, 9c9c57da-14dc-454a-b374-789aa5e765a9:c2616]
2019-09-16 23:35:04,478 [grpc-default-executor-3] INFO  client.GrpcClientProtocolClient (GrpcClientProtocolClient.java:onNext(264)) - client-C79DE3E06697->1d6da99a-ba9a-4d72-abd2-d0f1aa02f12f: receive RaftClientReply:client-C79DE3E06697->1d6da99a-ba9a-4d72-abd2-d0f1aa02f12f@group-B29EE812FB58, cid=1807, SUCCESS, logIndex=2623, commits[1d6da99a-ba9a-4d72-abd2-d0f1aa02f12f:c2624, 9dc27687-2024-46ae-8b6e-c9027bfa400e:c2622, 9c9c57da-14dc-454a-b374-789aa5e765a9:c2622]
2019-09-16 23:35:04,479 [grpc-default-executor-3] INFO  client.GrpcClientProtocolClient (GrpcClientProtocolClient.java:onNext(264)) - client-C79DE3E06697->1d6da99a-ba9a-4d72-abd2-d0f1aa02f12f: receive RaftClientReply:client-C79DE3E06697->1d6da99a-ba9a-4d72-abd2-d0f1aa02f12f@group-B29EE812FB58, cid=1808, SUCCESS, logIndex=2624, commits[1d6da99a-ba9a-4d72-abd2-d0f1aa02f12f:c2624, 9dc27687-2024-46ae-8b6e-c9027bfa400e:c2622, 9c9c57da-14dc-454a-b374-789aa5e765a9:c2622]
2019-09-16 23:35:04,493 [grpc-default-executor-6] INFO  client.GrpcClientProtocolClient (GrpcClientProtocolClient.java:onNext(264)) - client-C79DE3E06697->1d6da99a-ba9a-4d72-abd2-d0f1aa02f12f: receive RaftClientReply:client-C79DE3E06697->1d6da99a-ba9a-4d72-abd2-d0f1aa02f12f@group-B29EE812FB58, cid=1809, SUCCESS, logIndex=2627, commits[1d6da99a-ba9a-4d72-abd2-d0f1aa02f12f:c2628, 9dc27687-2024-46ae-8b6e-c9027bfa400e:c2624, 9c9c57da-14dc-454a-b374-789aa5e765a9:c2624]
2019-09-16 23:35:04,493 [grpc-default-executor-6] INFO  client.GrpcClientProtocolClient (GrpcClientProtocolClient.java:onNext(264)) - client-C79DE3E06697->1d6da99a-ba9a-4d72-abd2-d0f1aa02f12f: receive RaftClientReply:client-C79DE3E06697->1d6da99a-ba9a-4d72-abd2-d0f1aa02f12f@group-B29EE812FB58, cid=1810, SUCCESS, logIndex=2628, commits[1d6da99a-ba9a-4d72-abd2-d0f1aa02f12f:c2628, 9dc27687-2024-46ae-8b6e-c9027bfa400e:c2624, 9c9c57da-14dc-454a-b374-789aa5e765a9:c2624]
2019-09-16 23:35:04,507 [grpc-default-executor-6] INFO  client.GrpcClientProtocolClient (GrpcClientProtocolClient.java:onNext(264)) - client-C79DE3E06697->1d6da99a-ba9a-4d72-abd2-d0f1aa02f12f: receive RaftClientReply:client-C79DE3E06697->1d6da99a-ba9a-4d72-abd2-d0f1aa02f12f@group-B29EE812FB58, cid=1811, SUCCESS, logIndex=0, commits[1d6da99a-ba9a-4d72-abd2-d0f1aa02f12f:c2630, 9dc27687-2024-46ae-8b6e-c9027bfa400e:c2628, 9c9c57da-14dc-454a-b374-789aa5e765a9:c2628]
2019-09-16 23:35:04,533 [grpc-default-executor-3] INFO  client.GrpcClientProtocolClient (GrpcClientProtocolClient.java:onNext(264)) - client-C79DE3E06697->1d6da99a-ba9a-4d72-abd2-d0f1aa02f12f: receive RaftClientReply:client-C79DE3E06697->1d6da99a-ba9a-4d72-abd2-d0f1aa02f12f@group-B29EE812FB58, cid=1812, SUCCESS, logIndex=2631, commits[1d6da99a-ba9a-4d72-abd2-d0f1aa02f12f:c2634, 9dc27687-2024-46ae-8b6e-c9027bfa400e:c2630, 9c9c57da-14dc-454a-b374-789aa5e765a9:c2630]
2019-09-16 23:35:04,533 [grpc-default-executor-3] INFO  client.GrpcClientProtocolClient (GrpcClientProtocolClient.java:onNext(264)) - client-C79DE3E06697->1d6da99a-ba9a-4d72-abd2-d0f1aa02f12f: receive RaftClientReply:client-C79DE3E06697->1d6da99a-ba9a-4d72-abd2-d0f1aa02f12f@group-B29EE812FB58, cid=1813, SUCCESS, logIndex=2632, commits[1d6da99a-ba9a-4d72-abd2-d0f1aa02f12f:c2634, 9dc27687-2024-46ae-8b6e-c9027bfa400e:c2630, 9c9c57da-14dc-454a-b374-789aa5e765a9:c2630]
2019-09-16 23:35:04,533 [grpc-default-executor-3] INFO  client.GrpcClientProtocolClient (GrpcClientProtocolClient.java:onNext(264)) - client-C79DE3E06697->1d6da99a-ba9a-4d72-abd2-d0f1aa02f12f: receive RaftClientReply:client-C79DE3E06697->1d6da99a-ba9a-4d72-abd2-d0f1aa02f12f@group-B29EE812FB58, cid=1814, SUCCESS, logIndex=2633, commits[1d6da99a-ba9a-4d72-abd2-d0f1aa02f12f:c2634, 9dc27687-2024-46ae-8b6e-c9027bfa400e:c2630, 9c9c57da-14dc-454a-b374-789aa5e765a9:c2630]
2019-09-16 23:35:04,533 [grpc-default-executor-3] INFO  client.GrpcClientProtocolClient (GrpcClientProtocolClient.java:onNext(264)) - client-C79DE3E06697->1d6da99a-ba9a-4d72-abd2-d0f1aa02f12f: receive RaftClientReply:client-C79DE3E06697->1d6da99a-ba9a-4d72-abd2-d0f1aa02f12f@group-B29EE812FB58, cid=1815, SUCCESS, logIndex=2634, commits[1d6da99a-ba9a-4d72-abd2-d0f1aa02f12f:c2634, 9dc27687-2024-46ae-8b6e-c9027bfa400e:c2630, 9c9c57da-14dc-454a-b374-789aa5e765a9:c2630]
2019-09-16 23:35:04,536 [grpc-default-executor-3] INFO  client.GrpcClientProtocolClient (GrpcClientProtocolClient.java:onNext(264)) - client-C79DE3E06697->1d6da99a-ba9a-4d72-abd2-d0f1aa02f12f: receive RaftClientReply:client-C79DE3E06697->1d6da99a-ba9a-4d72-abd2-d0f1aa02f12f@group-B29EE812FB58, cid=1816, SUCCESS, logIndex=0, commits[1d6da99a-ba9a-4d72-abd2-d0f1aa02f12f:c2635, 9dc27687-2024-46ae-8b6e-c9027bfa400e:c2632, 9c9c57da-14dc-454a-b374-789aa5e765a9:c2632]
2019-09-16 23:35:04,546 [grpc-default-executor-7] INFO  client.GrpcClientProtocolClient (GrpcClientProtocolClient.java:onNext(264)) - client-C79DE3E06697->1d6da99a-ba9a-4d72-abd2-d0f1aa02f12f: receive RaftClientReply:client-C79DE3E06697->1d6da99a-ba9a-4d72-abd2-d0f1aa02f12f@group-B29EE812FB58, cid=1817, SUCCESS, logIndex=2639, commits[1d6da99a-ba9a-4d72-abd2-d0f1aa02f12f:c2640, 9dc27687-2024-46ae-8b6e-c9027bfa400e:c2638, 9c9c57da-14dc-454a-b374-789aa5e765a9:c2638]
2019-09-16 23:35:04,546 [grpc-default-executor-7] INFO  client.GrpcClientProtocolClient (GrpcClientProtocolClient.java:onNext(264)) - client-C79DE3E06697->1d6da99a-ba9a-4d72-abd2-d0f1aa02f12f: receive RaftClientReply:client-C79DE3E06697->1d6da99a-ba9a-4d72-abd2-d0f1aa02f12f@group-B29EE812FB58, cid=1818, SUCCESS, logIndex=2640, commits[1d6da99a-ba9a-4d72-abd2-d0f1aa02f12f:c2640, 9dc27687-2024-46ae-8b6e-c9027bfa400e:c2638, 9c9c57da-14dc-454a-b374-789aa5e765a9:c2638]
2019-09-16 23:35:04,556 [grpc-default-executor-7] INFO  client.GrpcClientProtocolClient (GrpcClientProtocolClient.java:onNext(264)) - client-C79DE3E06697->1d6da99a-ba9a-4d72-abd2-d0f1aa02f12f: receive RaftClientReply:client-C79DE3E06697->1d6da99a-ba9a-4d72-abd2-d0f1aa02f12f@group-B29EE812FB58, cid=1819, SUCCESS, logIndex=2643, commits[1d6da99a-ba9a-4d72-abd2-d0f1aa02f12f:c2644, 9dc27687-2024-46ae-8b6e-c9027bfa400e:c2640, 9c9c57da-14dc-454a-b374-789aa5e765a9:c2642]
2019-09-16 23:35:04,556 [grpc-default-executor-7] INFO  client.GrpcClientProtocolClient (GrpcClientProtocolClient.java:onNext(264)) - client-C79DE3E06697->1d6da99a-ba9a-4d72-abd2-d0f1aa02f12f: receive RaftClientReply:client-C79DE3E06697->1d6da99a-ba9a-4d72-abd2-d0f1aa02f12f@group-B29EE812FB58, cid=1820, SUCCESS, logIndex=2644, commits[1d6da99a-ba9a-4d72-abd2-d0f1aa02f12f:c2644, 9dc27687-2024-46ae-8b6e-c9027bfa400e:c2642, 9c9c57da-14dc-454a-b374-789aa5e765a9:c2642]
2019-09-16 23:35:04,557 [grpc-default-executor-7] INFO  client.GrpcClientProtocolClient (GrpcClientProtocolClient.java:onNext(264)) - client-C79DE3E06697->1d6da99a-ba9a-4d72-abd2-d0f1aa02f12f: receive RaftClientReply:client-C79DE3E06697->1d6da99a-ba9a-4d72-abd2-d0f1aa02f12f@group-B29EE812FB58, cid=1821, SUCCESS, logIndex=0, commits[1d6da99a-ba9a-4d72-abd2-d0f1aa02f12f:c2645, 9dc27687-2024-46ae-8b6e-c9027bfa400e:c2644, 9c9c57da-14dc-454a-b374-789aa5e765a9:c2644]
 0.00% |█                                                                                                    |  0/1 Time: 0:00:222019-09-16 23:35:04,581 [grpc-default-executor-6] INFO  client.GrpcClientProtocolClient (GrpcClientProtocolClient.java:onNext(264)) - client-C79DE3E06697->1d6da99a-ba9a-4d72-abd2-d0f1aa02f12f: receive RaftClientReply:client-C79DE3E06697->1d6da99a-ba9a-4d72-abd2-d0f1aa02f12f@group-B29EE812FB58, cid=1822, SUCCESS, logIndex=2647, commits[1d6da99a-ba9a-4d72-abd2-d0f1aa02f12f:c2648, 9dc27687-2024-46ae-8b6e-c9027bfa400e:c2646, 9c9c57da-14dc-454a-b374-789aa5e765a9:c2646]
2019-09-16 23:35:04,581 [grpc-default-executor-6] INFO  client.GrpcClientProtocolClient (GrpcClientProtocolClient.java:onNext(264)) - client-C79DE3E06697->1d6da99a-ba9a-4d72-abd2-d0f1aa02f12f: receive RaftClientReply:client-C79DE3E06697->1d6da99a-ba9a-4d72-abd2-d0f1aa02f12f@group-B29EE812FB58, cid=1823, SUCCESS, logIndex=2648, commits[1d6da99a-ba9a-4d72-abd2-d0f1aa02f12f:c2648, 9dc27687-2024-46ae-8b6e-c9027bfa400e:c2646, 9c9c57da-14dc-454a-b374-789aa5e765a9:c2646]
2019-09-16 23:35:04,581 [grpc-default-executor-3] INFO  client.GrpcClientProtocolClient (GrpcClientProtocolClient.java:onNext(264)) - client-C79DE3E06697->1d6da99a-ba9a-4d72-abd2-d0f1aa02f12f: receive RaftClientReply:client-C79DE3E06697->1d6da99a-ba9a-4d72-abd2-d0f1aa02f12f@group-B29EE812FB58, cid=1824, SUCCESS, logIndex=2649, commits[1d6da99a-ba9a-4d72-abd2-d0f1aa02f12f:c2650, 9dc27687-2024-46ae-8b6e-c9027bfa400e:c2646, 9c9c57da-14dc-454a-b374-789aa5e765a9:c2646]
2019-09-16 23:35:04,582 [grpc-default-executor-3] INFO  client.GrpcClientProtocolClient (GrpcClientProtocolClient.java:onNext(264)) - client-C79DE3E06697->1d6da99a-ba9a-4d72-abd2-d0f1aa02f12f: receive RaftClientReply:client-C79DE3E06697->1d6da99a-ba9a-4d72-abd2-d0f1aa02f12f@group-B29EE812FB58, cid=1825, SUCCESS, logIndex=2650, commits[1d6da99a-ba9a-4d72-abd2-d0f1aa02f12f:c2650, 9dc27687-2024-46ae-8b6e-c9027bfa400e:c2646, 9c9c57da-14dc-454a-b374-789aa5e765a9:c2646]
2019-09-16 23:35:04,583 [grpc-default-executor-6] INFO  client.GrpcClientProtocolClient (GrpcClientProtocolClient.java:onNext(264)) - client-C79DE3E06697->1d6da99a-ba9a-4d72-abd2-d0f1aa02f12f: receive RaftClientReply:client-C79DE3E06697->1d6da99a-ba9a-4d72-abd2-d0f1aa02f12f@group-B29EE812FB58, cid=1826, SUCCESS, logIndex=0, commits[1d6da99a-ba9a-4d72-abd2-d0f1aa02f12f:c2652, 9dc27687-2024-46ae-8b6e-c9027bfa400e:c2648, 9c9c57da-14dc-454a-b374-789aa5e765a9:c2648]
2019-09-16 23:35:04,594 [grpc-default-executor-7] INFO  client.GrpcClientProtocolClient (GrpcClientProtocolClient.java:onNext(264)) - client-C79DE3E06697->1d6da99a-ba9a-4d72-abd2-d0f1aa02f12f: receive RaftClientReply:client-C79DE3E06697->1d6da99a-ba9a-4d72-abd2-d0f1aa02f12f@group-B29EE812FB58, cid=1827, SUCCESS, logIndex=2655, commits[1d6da99a-ba9a-4d72-abd2-d0f1aa02f12f:c2656, 9dc27687-2024-46ae-8b6e-c9027bfa400e:c2654, 9c9c57da-14dc-454a-b374-789aa5e765a9:c2654]
2019-09-16 23:35:04,594 [grpc-default-executor-7] INFO  client.GrpcClientProtocolClient (GrpcClientProtocolClient.java:onNext(264)) - client-C79DE3E06697->1d6da99a-ba9a-4d72-abd2-d0f1aa02f12f: receive RaftClientReply:client-C79DE3E06697->1d6da99a-ba9a-4d72-abd2-d0f1aa02f12f@group-B29EE812FB58, cid=1828, SUCCESS, logIndex=2656, commits[1d6da99a-ba9a-4d72-abd2-d0f1aa02f12f:c2656, 9dc27687-2024-46ae-8b6e-c9027bfa400e:c2654, 9c9c57da-14dc-454a-b374-789aa5e765a9:c2654]
2019-09-16 23:35:04,610 [grpc-default-executor-7] INFO  client.GrpcClientProtocolClient (GrpcClientProtocolClient.java:onNext(264)) - client-C79DE3E06697->1d6da99a-ba9a-4d72-abd2-d0f1aa02f12f: receive RaftClientReply:client-C79DE3E06697->1d6da99a-ba9a-4d72-abd2-d0f1aa02f12f@group-B29EE812FB58, cid=1829, SUCCESS, logIndex=2659, commits[1d6da99a-ba9a-4d72-abd2-d0f1aa02f12f:c2660, 9dc27687-2024-46ae-8b6e-c9027bfa400e:c2658, 9c9c57da-14dc-454a-b374-789aa5e765a9:c2658]
2019-09-16 23:35:04,610 [grpc-default-executor-7] INFO  client.GrpcClientProtocolClient (GrpcClientProtocolClient.java:onNext(264)) - client-C79DE3E06697->1d6da99a-ba9a-4d72-abd2-d0f1aa02f12f: receive RaftClientReply:client-C79DE3E06697->1d6da99a-ba9a-4d72-abd2-d0f1aa02f12f@group-B29EE812FB58, cid=1830, SUCCESS, logIndex=2660, commits[1d6da99a-ba9a-4d72-abd2-d0f1aa02f12f:c2660, 9dc27687-2024-46ae-8b6e-c9027bfa400e:c2658, 9c9c57da-14dc-454a-b374-789aa5e765a9:c2658]
2019-09-16 23:35:04,612 [grpc-default-executor-7] INFO  client.GrpcClientProtocolClient (GrpcClientProtocolClient.java:onNext(264)) - client-C79DE3E06697->1d6da99a-ba9a-4d72-abd2-d0f1aa02f12f: receive RaftClientReply:client-C79DE3E06697->1d6da99a-ba9a-4d72-abd2-d0f1aa02f12f@group-B29EE812FB58, cid=1831, SUCCESS, logIndex=0, commits[1d6da99a-ba9a-4d72-abd2-d0f1aa02f12f:c2661, 9dc27687-2024-46ae-8b6e-c9027bfa400e:c2660, 9c9c57da-14dc-454a-b374-789aa5e765a9:c2660]
2019-09-16 23:35:04,738 [grpc-default-executor-6] INFO  client.GrpcClientProtocolClient (GrpcClientProtocolClient.java:onNext(264)) - client-C79DE3E06697->1d6da99a-ba9a-4d72-abd2-d0f1aa02f12f: receive RaftClientReply:client-C79DE3E06697->1d6da99a-ba9a-4d72-abd2-d0f1aa02f12f@group-B29EE812FB58, cid=1832, SUCCESS, logIndex=2662, commits[1d6da99a-ba9a-4d72-abd2-d0f1aa02f12f:c2663, 9dc27687-2024-46ae-8b6e-c9027bfa400e:c2661, 9c9c57da-14dc-454a-b374-789aa5e765a9:c2661]
2019-09-16 23:35:04,739 [grpc-default-executor-6] INFO  client.GrpcClientProtocolClient (GrpcClientProtocolClient.java:onNext(264)) - client-C79DE3E06697->1d6da99a-ba9a-4d72-abd2-d0f1aa02f12f: receive RaftClientReply:client-C79DE3E06697->1d6da99a-ba9a-4d72-abd2-d0f1aa02f12f@group-B29EE812FB58, cid=1833, SUCCESS, logIndex=2663, commits[1d6da99a-ba9a-4d72-abd2-d0f1aa02f12f:c2663, 9dc27687-2024-46ae-8b6e-c9027bfa400e:c2661, 9c9c57da-14dc-454a-b374-789aa5e765a9:c2661]
2019-09-16 23:35:04,739 [grpc-default-executor-7] INFO  client.GrpcClientProtocolClient (GrpcClientProtocolClient.java:onNext(264)) - client-C79DE3E06697->1d6da99a-ba9a-4d72-abd2-d0f1aa02f12f: receive RaftClientReply:client-C79DE3E06697->1d6da99a-ba9a-4d72-abd2-d0f1aa02f12f@group-B29EE812FB58, cid=1834, SUCCESS, logIndex=2664, commits[1d6da99a-ba9a-4d72-abd2-d0f1aa02f12f:c2664, 9dc27687-2024-46ae-8b6e-c9027bfa400e:c2661, 9c9c57da-14dc-454a-b374-789aa5e765a9:c2661]
2019-09-16 23:35:04,740 [grpc-default-executor-7] INFO  client.GrpcClientProtocolClient (GrpcClientProtocolClient.java:onNext(264)) - client-C79DE3E06697->1d6da99a-ba9a-4d72-abd2-d0f1aa02f12f: receive RaftClientReply:client-C79DE3E06697->1d6da99a-ba9a-4d72-abd2-d0f1aa02f12f@group-B29EE812FB58, cid=1835, SUCCESS, logIndex=2665, commits[1d6da99a-ba9a-4d72-abd2-d0f1aa02f12f:c2665, 9dc27687-2024-46ae-8b6e-c9027bfa400e:c2661, 9c9c57da-14dc-454a-b374-789aa5e765a9:c2661]
2019-09-16 23:35:04,753 [grpc-default-executor-1] INFO  client.GrpcClientProtocolClient (GrpcClientProtocolClient.java:onNext(264)) - client-C79DE3E06697->1d6da99a-ba9a-4d72-abd2-d0f1aa02f12f: receive RaftClientReply:client-C79DE3E06697->1d6da99a-ba9a-4d72-abd2-d0f1aa02f12f@group-B29EE812FB58, cid=1836, SUCCESS, logIndex=0, commits[1d6da99a-ba9a-4d72-abd2-d0f1aa02f12f:c2667, 9dc27687-2024-46ae-8b6e-c9027bfa400e:c2663, 9c9c57da-14dc-454a-b374-789aa5e765a9:c2663]
2019-09-16 23:35:04,773 [grpc-default-executor-7] INFO  client.GrpcClientProtocolClient (GrpcClientProtocolClient.java:onNext(264)) - client-C79DE3E06697->1d6da99a-ba9a-4d72-abd2-d0f1aa02f12f: receive RaftClientReply:client-C79DE3E06697->1d6da99a-ba9a-4d72-abd2-d0f1aa02f12f@group-B29EE812FB58, cid=1837, SUCCESS, logIndex=2670, commits[1d6da99a-ba9a-4d72-abd2-d0f1aa02f12f:c2671, 9dc27687-2024-46ae-8b6e-c9027bfa400e:c2669, 9c9c57da-14dc-454a-b374-789aa5e765a9:c2669]
2019-09-16 23:35:04,773 [grpc-default-executor-7] INFO  client.GrpcClientProtocolClient (GrpcClientProtocolClient.java:onNext(264)) - client-C79DE3E06697->1d6da99a-ba9a-4d72-abd2-d0f1aa02f12f: receive RaftClientReply:client-C79DE3E06697->1d6da99a-ba9a-4d72-abd2-d0f1aa02f12f@group-B29EE812FB58, cid=1838, SUCCESS, logIndex=2671, commits[1d6da99a-ba9a-4d72-abd2-d0f1aa02f12f:c2671, 9dc27687-2024-46ae-8b6e-c9027bfa400e:c2669, 9c9c57da-14dc-454a-b374-789aa5e765a9:c2669]
2019-09-16 23:35:04,787 [grpc-default-executor-1] INFO  client.GrpcClientProtocolClient (GrpcClientProtocolClient.java:onNext(264)) - client-C79DE3E06697->1d6da99a-ba9a-4d72-abd2-d0f1aa02f12f: receive RaftClientReply:client-C79DE3E06697->1d6da99a-ba9a-4d72-abd2-d0f1aa02f12f@group-B29EE812FB58, cid=1839, SUCCESS, logIndex=2674, commits[1d6da99a-ba9a-4d72-abd2-d0f1aa02f12f:c2675, 9dc27687-2024-46ae-8b6e-c9027bfa400e:c2671, 9c9c57da-14dc-454a-b374-789aa5e765a9:c2671]
2019-09-16 23:35:04,788 [grpc-default-executor-1] INFO  client.GrpcClientProtocolClient (GrpcClientProtocolClient.java:onNext(264)) - client-C79DE3E06697->1d6da99a-ba9a-4d72-abd2-d0f1aa02f12f: receive RaftClientReply:client-C79DE3E06697->1d6da99a-ba9a-4d72-abd2-d0f1aa02f12f@group-B29EE812FB58, cid=1840, SUCCESS, logIndex=2675, commits[1d6da99a-ba9a-4d72-abd2-d0f1aa02f12f:c2675, 9dc27687-2024-46ae-8b6e-c9027bfa400e:c2671, 9c9c57da-14dc-454a-b374-789aa5e765a9:c2671]
2019-09-16 23:35:04,812 [grpc-default-executor-1] INFO  client.GrpcClientProtocolClient (GrpcClientProtocolClient.java:onNext(264)) - client-C79DE3E06697->1d6da99a-ba9a-4d72-abd2-d0f1aa02f12f: receive RaftClientReply:client-C79DE3E06697->1d6da99a-ba9a-4d72-abd2-d0f1aa02f12f@group-B29EE812FB58, cid=1841, SUCCESS, logIndex=0, commits[1d6da99a-ba9a-4d72-abd2-d0f1aa02f12f:c2677, 9dc27687-2024-46ae-8b6e-c9027bfa400e:c2675, 9c9c57da-14dc-454a-b374-789aa5e765a9:c2675]
2019-09-16 23:35:04,841 [grpc-default-executor-1] INFO  client.GrpcClientProtocolClient (GrpcClientProtocolClient.java:onNext(264)) - client-C79DE3E06697->1d6da99a-ba9a-4d72-abd2-d0f1aa02f12f: receive RaftClientReply:client-C79DE3E06697->1d6da99a-ba9a-4d72-abd2-d0f1aa02f12f@group-B29EE812FB58, cid=1842, SUCCESS, logIndex=2678, commits[1d6da99a-ba9a-4d72-abd2-d0f1aa02f12f:c2679, 9dc27687-2024-46ae-8b6e-c9027bfa400e:c2677, 9c9c57da-14dc-454a-b374-789aa5e765a9:c2677]
2019-09-16 23:35:04,842 [grpc-default-executor-1] INFO  client.GrpcClientProtocolClient (GrpcClientProtocolClient.java:onNext(264)) - client-C79DE3E06697->1d6da99a-ba9a-4d72-abd2-d0f1aa02f12f: receive RaftClientReply:client-C79DE3E06697->1d6da99a-ba9a-4d72-abd2-d0f1aa02f12f@group-B29EE812FB58, cid=1843, SUCCESS, logIndex=2679, commits[1d6da99a-ba9a-4d72-abd2-d0f1aa02f12f:c2681, 9dc27687-2024-46ae-8b6e-c9027bfa400e:c2677, 9c9c57da-14dc-454a-b374-789aa5e765a9:c2677]
2019-09-16 23:35:04,842 [grpc-default-executor-1] INFO  client.GrpcClientProtocolClient (GrpcClientProtocolClient.java:onNext(264)) - client-C79DE3E06697->1d6da99a-ba9a-4d72-abd2-d0f1aa02f12f: receive RaftClientReply:client-C79DE3E06697->1d6da99a-ba9a-4d72-abd2-d0f1aa02f12f@group-B29EE812FB58, cid=1844, SUCCESS, logIndex=2680, commits[1d6da99a-ba9a-4d72-abd2-d0f1aa02f12f:c2681, 9dc27687-2024-46ae-8b6e-c9027bfa400e:c2677, 9c9c57da-14dc-454a-b374-789aa5e765a9:c2677]
2019-09-16 23:35:04,842 [grpc-default-executor-1] INFO  client.GrpcClientProtocolClient (GrpcClientProtocolClient.java:onNext(264)) - client-C79DE3E06697->1d6da99a-ba9a-4d72-abd2-d0f1aa02f12f: receive RaftClientReply:client-C79DE3E06697->1d6da99a-ba9a-4d72-abd2-d0f1aa02f12f@group-B29EE812FB58, cid=1845, SUCCESS, logIndex=2681, commits[1d6da99a-ba9a-4d72-abd2-d0f1aa02f12f:c2681, 9dc27687-2024-46ae-8b6e-c9027bfa400e:c2677, 9c9c57da-14dc-454a-b374-789aa5e765a9:c2677]
2019-09-16 23:35:04,856 [grpc-default-executor-1] INFO  client.GrpcClientProtocolClient (GrpcClientProtocolClient.java:onNext(264)) - client-C79DE3E06697->1d6da99a-ba9a-4d72-abd2-d0f1aa02f12f: receive RaftClientReply:client-C79DE3E06697->1d6da99a-ba9a-4d72-abd2-d0f1aa02f12f@group-B29EE812FB58, cid=1846, SUCCESS, logIndex=0, commits[1d6da99a-ba9a-4d72-abd2-d0f1aa02f12f:c2685, 9dc27687-2024-46ae-8b6e-c9027bfa400e:c2681, 9c9c57da-14dc-454a-b374-789aa5e765a9:c2679]
2019-09-16 23:35:04,874 [grpc-default-executor-7] INFO  client.GrpcClientProtocolClient (GrpcClientProtocolClient.java:onNext(264)) - client-C79DE3E06697->1d6da99a-ba9a-4d72-abd2-d0f1aa02f12f: receive RaftClientReply:client-C79DE3E06697->1d6da99a-ba9a-4d72-abd2-d0f1aa02f12f@group-B29EE812FB58, cid=1847, SUCCESS, logIndex=2686, commits[1d6da99a-ba9a-4d72-abd2-d0f1aa02f12f:c2687, 9dc27687-2024-46ae-8b6e-c9027bfa400e:c2685, 9c9c57da-14dc-454a-b374-789aa5e765a9:c2685]
2019-09-16 23:35:04,874 [grpc-default-executor-7] INFO  client.GrpcClientProtocolClient (GrpcClientProtocolClient.java:onNext(264)) - client-C79DE3E06697->1d6da99a-ba9a-4d72-abd2-d0f1aa02f12f: receive RaftClientReply:client-C79DE3E06697->1d6da99a-ba9a-4d72-abd2-d0f1aa02f12f@group-B29EE812FB58, cid=1848, SUCCESS, logIndex=2687, commits[1d6da99a-ba9a-4d72-abd2-d0f1aa02f12f:c2687, 9dc27687-2024-46ae-8b6e-c9027bfa400e:c2685, 9c9c57da-14dc-454a-b374-789aa5e765a9:c2685]
2019-09-16 23:35:04,889 [grpc-default-executor-1] INFO  client.GrpcClientProtocolClient (GrpcClientProtocolClient.java:onNext(264)) - client-C79DE3E06697->1d6da99a-ba9a-4d72-abd2-d0f1aa02f12f: receive RaftClientReply:client-C79DE3E06697->1d6da99a-ba9a-4d72-abd2-d0f1aa02f12f@group-B29EE812FB58, cid=1849, SUCCESS, logIndex=2690, commits[1d6da99a-ba9a-4d72-abd2-d0f1aa02f12f:c2691, 9dc27687-2024-46ae-8b6e-c9027bfa400e:c2687, 9c9c57da-14dc-454a-b374-789aa5e765a9:c2687]
2019-09-16 23:35:04,889 [grpc-default-executor-1] INFO  client.GrpcClientProtocolClient (GrpcClientProtocolClient.java:onNext(264)) - client-C79DE3E06697->1d6da99a-ba9a-4d72-abd2-d0f1aa02f12f: receive RaftClientReply:client-C79DE3E06697->1d6da99a-ba9a-4d72-abd2-d0f1aa02f12f@group-B29EE812FB58, cid=1850, SUCCESS, logIndex=2691, commits[1d6da99a-ba9a-4d72-abd2-d0f1aa02f12f:c2691, 9dc27687-2024-46ae-8b6e-c9027bfa400e:c2687, 9c9c57da-14dc-454a-b374-789aa5e765a9:c2687]
2019-09-16 23:35:04,894 [grpc-default-executor-7] INFO  client.GrpcClientProtocolClient (GrpcClientProtocolClient.java:onNext(264)) - client-C79DE3E06697->1d6da99a-ba9a-4d72-abd2-d0f1aa02f12f: receive RaftClientReply:client-C79DE3E06697->1d6da99a-ba9a-4d72-abd2-d0f1aa02f12f@group-B29EE812FB58, cid=1851, SUCCESS, logIndex=0, commits[1d6da99a-ba9a-4d72-abd2-d0f1aa02f12f:c2693, 9dc27687-2024-46ae-8b6e-c9027bfa400e:c2691, 9c9c57da-14dc-454a-b374-789aa5e765a9:c2691]
2019-09-16 23:35:04,918 [grpc-default-executor-7] INFO  client.GrpcClientProtocolClient (GrpcClientProtocolClient.java:onNext(264)) - client-C79DE3E06697->1d6da99a-ba9a-4d72-abd2-d0f1aa02f12f: receive RaftClientReply:client-C79DE3E06697->1d6da99a-ba9a-4d72-abd2-d0f1aa02f12f@group-B29EE812FB58, cid=1852, SUCCESS, logIndex=2694, commits[1d6da99a-ba9a-4d72-abd2-d0f1aa02f12f:c2697, 9dc27687-2024-46ae-8b6e-c9027bfa400e:c2693, 9c9c57da-14dc-454a-b374-789aa5e765a9:c2693]
2019-09-16 23:35:04,919 [grpc-default-executor-7] INFO  client.GrpcClientProtocolClient (GrpcClientProtocolClient.java:onNext(264)) - client-C79DE3E06697->1d6da99a-ba9a-4d72-abd2-d0f1aa02f12f: receive RaftClientReply:client-C79DE3E06697->1d6da99a-ba9a-4d72-abd2-d0f1aa02f12f@group-B29EE812FB58, cid=1853, SUCCESS, logIndex=2695, commits[1d6da99a-ba9a-4d72-abd2-d0f1aa02f12f:c2697, 9dc27687-2024-46ae-8b6e-c9027bfa400e:c2693, 9c9c57da-14dc-454a-b374-789aa5e765a9:c2693]
2019-09-16 23:35:04,919 [grpc-default-executor-7] INFO  client.GrpcClientProtocolClient (GrpcClientProtocolClient.java:onNext(264)) - client-C79DE3E06697->1d6da99a-ba9a-4d72-abd2-d0f1aa02f12f: receive RaftClientReply:client-C79DE3E06697->1d6da99a-ba9a-4d72-abd2-d0f1aa02f12f@group-B29EE812FB58, cid=1854, SUCCESS, logIndex=2696, commits[1d6da99a-ba9a-4d72-abd2-d0f1aa02f12f:c2697, 9dc27687-2024-46ae-8b6e-c9027bfa400e:c2693, 9c9c57da-14dc-454a-b374-789aa5e765a9:c2693]
2019-09-16 23:35:04,919 [grpc-default-executor-7] INFO  client.GrpcClientProtocolClient (GrpcClientProtocolClient.java:onNext(264)) - client-C79DE3E06697->1d6da99a-ba9a-4d72-abd2-d0f1aa02f12f: receive RaftClientReply:client-C79DE3E06697->1d6da99a-ba9a-4d72-abd2-d0f1aa02f12f@group-B29EE812FB58, cid=1855, SUCCESS, logIndex=2697, commits[1d6da99a-ba9a-4d72-abd2-d0f1aa02f12f:c2697, 9dc27687-2024-46ae-8b6e-c9027bfa400e:c2693, 9c9c57da-14dc-454a-b374-789aa5e765a9:c2693]
2019-09-16 23:35:04,931 [grpc-default-executor-7] INFO  client.GrpcClientProtocolClient (GrpcClientProtocolClient.java:onNext(264)) - client-C79DE3E06697->1d6da99a-ba9a-4d72-abd2-d0f1aa02f12f: receive RaftClientReply:client-C79DE3E06697->1d6da99a-ba9a-4d72-abd2-d0f1aa02f12f@group-B29EE812FB58, cid=1856, SUCCESS, logIndex=0, commits[1d6da99a-ba9a-4d72-abd2-d0f1aa02f12f:c2699, 9dc27687-2024-46ae-8b6e-c9027bfa400e:c2695, 9c9c57da-14dc-454a-b374-789aa5e765a9:c2695]
2019-09-16 23:35:04,969 [grpc-default-executor-3] INFO  client.GrpcClientProtocolClient (GrpcClientProtocolClient.java:onNext(264)) - client-C79DE3E06697->1d6da99a-ba9a-4d72-abd2-d0f1aa02f12f: receive RaftClientReply:client-C79DE3E06697->1d6da99a-ba9a-4d72-abd2-d0f1aa02f12f@group-B29EE812FB58, cid=1857, SUCCESS, logIndex=2702, commits[1d6da99a-ba9a-4d72-abd2-d0f1aa02f12f:c2703, 9dc27687-2024-46ae-8b6e-c9027bfa400e:c2701, 9c9c57da-14dc-454a-b374-789aa5e765a9:c2701]
2019-09-16 23:35:04,969 [grpc-default-executor-3] INFO  client.GrpcClientProtocolClient (GrpcClientProtocolClient.java:onNext(264)) - client-C79DE3E06697->1d6da99a-ba9a-4d72-abd2-d0f1aa02f12f: receive RaftClientReply:client-C79DE3E06697->1d6da99a-ba9a-4d72-abd2-d0f1aa02f12f@group-B29EE812FB58, cid=1858, SUCCESS, logIndex=2703, commits[1d6da99a-ba9a-4d72-abd2-d0f1aa02f12f:c2703, 9dc27687-2024-46ae-8b6e-c9027bfa400e:c2701, 9c9c57da-14dc-454a-b374-789aa5e765a9:c2701]
2019-09-16 23:35:04,982 [grpc-default-executor-1] INFO  client.GrpcClientProtocolClient (GrpcClientProtocolClient.java:onNext(264)) - client-C79DE3E06697->1d6da99a-ba9a-4d72-abd2-d0f1aa02f12f: receive RaftClientReply:client-C79DE3E06697->1d6da99a-ba9a-4d72-abd2-d0f1aa02f12f@group-B29EE812FB58, cid=1859, SUCCESS, logIndex=2706, commits[1d6da99a-ba9a-4d72-abd2-d0f1aa02f12f:c2707, 9dc27687-2024-46ae-8b6e-c9027bfa400e:c2703, 9c9c57da-14dc-454a-b374-789aa5e765a9:c2703]
2019-09-16 23:35:04,982 [grpc-default-executor-1] INFO  client.GrpcClientProtocolClient (GrpcClientProtocolClient.java:onNext(264)) - client-C79DE3E06697->1d6da99a-ba9a-4d72-abd2-d0f1aa02f12f: receive RaftClientReply:client-C79DE3E06697->1d6da99a-ba9a-4d72-abd2-d0f1aa02f12f@group-B29EE812FB58, cid=1860, SUCCESS, logIndex=2707, commits[1d6da99a-ba9a-4d72-abd2-d0f1aa02f12f:c2707, 9dc27687-2024-46ae-8b6e-c9027bfa400e:c2703, 9c9c57da-14dc-454a-b374-789aa5e765a9:c2703]
2019-09-16 23:35:04,994 [grpc-default-executor-1] INFO  client.GrpcClientProtocolClient (GrpcClientProtocolClient.java:onNext(264)) - client-C79DE3E06697->1d6da99a-ba9a-4d72-abd2-d0f1aa02f12f: receive RaftClientReply:client-C79DE3E06697->1d6da99a-ba9a-4d72-abd2-d0f1aa02f12f@group-B29EE812FB58, cid=1861, SUCCESS, logIndex=0, commits[1d6da99a-ba9a-4d72-abd2-d0f1aa02f12f:c2709, 9dc27687-2024-46ae-8b6e-c9027bfa400e:c2707, 9c9c57da-14dc-454a-b374-789aa5e765a9:c2707]
2019-09-16 23:35:05,016 [grpc-default-executor-7] INFO  client.GrpcClientProtocolClient (GrpcClientProtocolClient.java:onNext(264)) - client-C79DE3E06697->1d6da99a-ba9a-4d72-abd2-d0f1aa02f12f: receive RaftClientReply:client-C79DE3E06697->1d6da99a-ba9a-4d72-abd2-d0f1aa02f12f@group-B29EE812FB58, cid=1862, SUCCESS, logIndex=2710, commits[1d6da99a-ba9a-4d72-abd2-d0f1aa02f12f:c2711, 9dc27687-2024-46ae-8b6e-c9027bfa400e:c2709, 9c9c57da-14dc-454a-b374-789aa5e765a9:c2709]
2019-09-16 23:35:05,016 [grpc-default-executor-7] INFO  client.GrpcClientProtocolClient (GrpcClientProtocolClient.java:onNext(264)) - client-C79DE3E06697->1d6da99a-ba9a-4d72-abd2-d0f1aa02f12f: receive RaftClientReply:client-C79DE3E06697->1d6da99a-ba9a-4d72-abd2-d0f1aa02f12f@group-B29EE812FB58, cid=1863, SUCCESS, logIndex=2711, commits[1d6da99a-ba9a-4d72-abd2-d0f1aa02f12f:c2713, 9dc27687-2024-46ae-8b6e-c9027bfa400e:c2709, 9c9c57da-14dc-454a-b374-789aa5e765a9:c2709]
2019-09-16 23:35:05,017 [grpc-default-executor-7] INFO  client.GrpcClientProtocolClient (GrpcClientProtocolClient.java:onNext(264)) - client-C79DE3E06697->1d6da99a-ba9a-4d72-abd2-d0f1aa02f12f: receive RaftClientReply:client-C79DE3E06697->1d6da99a-ba9a-4d72-abd2-d0f1aa02f12f@group-B29EE812FB58, cid=1864, SUCCESS, logIndex=2712, commits[1d6da99a-ba9a-4d72-abd2-d0f1aa02f12f:c2713, 9dc27687-2024-46ae-8b6e-c9027bfa400e:c2709, 9c9c57da-14dc-454a-b374-789aa5e765a9:c2709]
2019-09-16 23:35:05,017 [grpc-default-executor-7] INFO  client.GrpcClientProtocolClient (GrpcClientProtocolClient.java:onNext(264)) - client-C79DE3E06697->1d6da99a-ba9a-4d72-abd2-d0f1aa02f12f: receive RaftClientReply:client-C79DE3E06697->1d6da99a-ba9a-4d72-abd2-d0f1aa02f12f@group-B29EE812FB58, cid=1865, SUCCESS, logIndex=2713, commits[1d6da99a-ba9a-4d72-abd2-d0f1aa02f12f:c2713, 9dc27687-2024-46ae-8b6e-c9027bfa400e:c2709, 9c9c57da-14dc-454a-b374-789aa5e765a9:c2709]
2019-09-16 23:35:05,018 [grpc-default-executor-3] INFO  client.GrpcClientProtocolClient (GrpcClientProtocolClient.java:onNext(264)) - client-C79DE3E06697->1d6da99a-ba9a-4d72-abd2-d0f1aa02f12f: receive RaftClientReply:client-C79DE3E06697->1d6da99a-ba9a-4d72-abd2-d0f1aa02f12f@group-B29EE812FB58, cid=1866, SUCCESS, logIndex=0, commits[1d6da99a-ba9a-4d72-abd2-d0f1aa02f12f:c2715, 9dc27687-2024-46ae-8b6e-c9027bfa400e:c2711, 9c9c57da-14dc-454a-b374-789aa5e765a9:c2711]
2019-09-16 23:35:05,032 [grpc-default-executor-3] INFO  client.GrpcClientProtocolClient (GrpcClientProtocolClient.java:onNext(264)) - client-C79DE3E06697->1d6da99a-ba9a-4d72-abd2-d0f1aa02f12f: receive RaftClientReply:client-C79DE3E06697->1d6da99a-ba9a-4d72-abd2-d0f1aa02f12f@group-B29EE812FB58, cid=1867, SUCCESS, logIndex=2718, commits[1d6da99a-ba9a-4d72-abd2-d0f1aa02f12f:c2719, 9dc27687-2024-46ae-8b6e-c9027bfa400e:c2717, 9c9c57da-14dc-454a-b374-789aa5e765a9:c2717]
2019-09-16 23:35:05,033 [grpc-default-executor-3] INFO  client.GrpcClientProtocolClient (GrpcClientProtocolClient.java:onNext(264)) - client-C79DE3E06697->1d6da99a-ba9a-4d72-abd2-d0f1aa02f12f: receive RaftClientReply:client-C79DE3E06697->1d6da99a-ba9a-4d72-abd2-d0f1aa02f12f@group-B29EE812FB58, cid=1868, SUCCESS, logIndex=2719, commits[1d6da99a-ba9a-4d72-abd2-d0f1aa02f12f:c2719, 9dc27687-2024-46ae-8b6e-c9027bfa400e:c2717, 9c9c57da-14dc-454a-b374-789aa5e765a9:c2717]
2019-09-16 23:35:05,050 [grpc-default-executor-1] INFO  client.GrpcClientProtocolClient (GrpcClientProtocolClient.java:onNext(264)) - client-C79DE3E06697->1d6da99a-ba9a-4d72-abd2-d0f1aa02f12f: receive RaftClientReply:client-C79DE3E06697->1d6da99a-ba9a-4d72-abd2-d0f1aa02f12f@group-B29EE812FB58, cid=1869, SUCCESS, logIndex=2722, commits[1d6da99a-ba9a-4d72-abd2-d0f1aa02f12f:c2723, 9dc27687-2024-46ae-8b6e-c9027bfa400e:c2721, 9c9c57da-14dc-454a-b374-789aa5e765a9:c2721]
2019-09-16 23:35:05,051 [grpc-default-executor-1] INFO  client.GrpcClientProtocolClient (GrpcClientProtocolClient.java:onNext(264)) - client-C79DE3E06697->1d6da99a-ba9a-4d72-abd2-d0f1aa02f12f: receive RaftClientReply:client-C79DE3E06697->1d6da99a-ba9a-4d72-abd2-d0f1aa02f12f@group-B29EE812FB58, cid=1870, SUCCESS, logIndex=2723, commits[1d6da99a-ba9a-4d72-abd2-d0f1aa02f12f:c2723, 9dc27687-2024-46ae-8b6e-c9027bfa400e:c2721, 9c9c57da-14dc-454a-b374-789aa5e765a9:c2721]
2019-09-16 23:35:05,063 [grpc-default-executor-1] INFO  client.GrpcClientProtocolClient (GrpcClientProtocolClient.java:onNext(264)) - client-C79DE3E06697->1d6da99a-ba9a-4d72-abd2-d0f1aa02f12f: receive RaftClientReply:client-C79DE3E06697->1d6da99a-ba9a-4d72-abd2-d0f1aa02f12f@group-B29EE812FB58, cid=1871, SUCCESS, logIndex=0, commits[1d6da99a-ba9a-4d72-abd2-d0f1aa02f12f:c2725, 9dc27687-2024-46ae-8b6e-c9027bfa400e:c2723, 9c9c57da-14dc-454a-b374-789aa5e765a9:c2723]
2019-09-16 23:35:05,089 [grpc-default-executor-1] INFO  client.GrpcClientProtocolClient (GrpcClientProtocolClient.java:onNext(264)) - client-C79DE3E06697->1d6da99a-ba9a-4d72-abd2-d0f1aa02f12f: receive RaftClientReply:client-C79DE3E06697->1d6da99a-ba9a-4d72-abd2-d0f1aa02f12f@group-B29EE812FB58, cid=1872, SUCCESS, logIndex=2726, commits[1d6da99a-ba9a-4d72-abd2-d0f1aa02f12f:c2727, 9dc27687-2024-46ae-8b6e-c9027bfa400e:c2725, 9c9c57da-14dc-454a-b374-789aa5e765a9:c2725]
2019-09-16 23:35:05,090 [grpc-default-executor-6] INFO  client.GrpcClientProtocolClient (GrpcClientProtocolClient.java:onNext(264)) - client-C79DE3E06697->1d6da99a-ba9a-4d72-abd2-d0f1aa02f12f: receive RaftClientReply:client-C79DE3E06697->1d6da99a-ba9a-4d72-abd2-d0f1aa02f12f@group-B29EE812FB58, cid=1873, SUCCESS, logIndex=2727, commits[1d6da99a-ba9a-4d72-abd2-d0f1aa02f12f:c2727, 9dc27687-2024-46ae-8b6e-c9027bfa400e:c2725, 9c9c57da-14dc-454a-b374-789aa5e765a9:c2725]
2019-09-16 23:35:05,090 [grpc-default-executor-6] INFO  client.GrpcClientProtocolClient (GrpcClientProtocolClient.java:onNext(264)) - client-C79DE3E06697->1d6da99a-ba9a-4d72-abd2-d0f1aa02f12f: receive RaftClientReply:client-C79DE3E06697->1d6da99a-ba9a-4d72-abd2-d0f1aa02f12f@group-B29EE812FB58, cid=1874, SUCCESS, logIndex=2728, commits[1d6da99a-ba9a-4d72-abd2-d0f1aa02f12f:c2729, 9dc27687-2024-46ae-8b6e-c9027bfa400e:c2725, 9c9c57da-14dc-454a-b374-789aa5e765a9:c2725]
2019-09-16 23:35:05,090 [grpc-default-executor-6] INFO  client.GrpcClientProtocolClient (GrpcClientProtocolClient.java:onNext(264)) - client-C79DE3E06697->1d6da99a-ba9a-4d72-abd2-d0f1aa02f12f: receive RaftClientReply:client-C79DE3E06697->1d6da99a-ba9a-4d72-abd2-d0f1aa02f12f@group-B29EE812FB58, cid=1875, SUCCESS, logIndex=2729, commits[1d6da99a-ba9a-4d72-abd2-d0f1aa02f12f:c2729, 9dc27687-2024-46ae-8b6e-c9027bfa400e:c2725, 9c9c57da-14dc-454a-b374-789aa5e765a9:c2725]
2019-09-16 23:35:05,091 [grpc-default-executor-6] INFO  client.GrpcClientProtocolClient (GrpcClientProtocolClient.java:onNext(264)) - client-C79DE3E06697->1d6da99a-ba9a-4d72-abd2-d0f1aa02f12f: receive RaftClientReply:client-C79DE3E06697->1d6da99a-ba9a-4d72-abd2-d0f1aa02f12f@group-B29EE812FB58, cid=1876, SUCCESS, logIndex=0, commits[1d6da99a-ba9a-4d72-abd2-d0f1aa02f12f:c2731, 9dc27687-2024-46ae-8b6e-c9027bfa400e:c2727, 9c9c57da-14dc-454a-b374-789aa5e765a9:c2727]
2019-09-16 23:35:05,111 [grpc-default-executor-6] INFO  client.GrpcClientProtocolClient (GrpcClientProtocolClient.java:onNext(264)) - client-C79DE3E06697->1d6da99a-ba9a-4d72-abd2-d0f1aa02f12f: receive RaftClientReply:client-C79DE3E06697->1d6da99a-ba9a-4d72-abd2-d0f1aa02f12f@group-B29EE812FB58, cid=1877, SUCCESS, logIndex=2734, commits[1d6da99a-ba9a-4d72-abd2-d0f1aa02f12f:c2735, 9dc27687-2024-46ae-8b6e-c9027bfa400e:c2733, 9c9c57da-14dc-454a-b374-789aa5e765a9:c2733]
2019-09-16 23:35:05,111 [grpc-default-executor-6] INFO  client.GrpcClientProtocolClient (GrpcClientProtocolClient.java:onNext(264)) - client-C79DE3E06697->1d6da99a-ba9a-4d72-abd2-d0f1aa02f12f: receive RaftClientReply:client-C79DE3E06697->1d6da99a-ba9a-4d72-abd2-d0f1aa02f12f@group-B29EE812FB58, cid=1878, SUCCESS, logIndex=2735, commits[1d6da99a-ba9a-4d72-abd2-d0f1aa02f12f:c2735, 9dc27687-2024-46ae-8b6e-c9027bfa400e:c2733, 9c9c57da-14dc-454a-b374-789aa5e765a9:c2733]
2019-09-16 23:35:05,124 [grpc-default-executor-1] INFO  client.GrpcClientProtocolClient (GrpcClientProtocolClient.java:onNext(264)) - client-C79DE3E06697->1d6da99a-ba9a-4d72-abd2-d0f1aa02f12f: receive RaftClientReply:client-C79DE3E06697->1d6da99a-ba9a-4d72-abd2-d0f1aa02f12f@group-B29EE812FB58, cid=1879, SUCCESS, logIndex=2738, commits[1d6da99a-ba9a-4d72-abd2-d0f1aa02f12f:c2738, 9dc27687-2024-46ae-8b6e-c9027bfa400e:c2735, 9c9c57da-14dc-454a-b374-789aa5e765a9:c2735]
2019-09-16 23:35:05,124 [grpc-default-executor-1] INFO  client.GrpcClientProtocolClient (GrpcClientProtocolClient.java:onNext(264)) - client-C79DE3E06697->1d6da99a-ba9a-4d72-abd2-d0f1aa02f12f: receive RaftClientReply:client-C79DE3E06697->1d6da99a-ba9a-4d72-abd2-d0f1aa02f12f@group-B29EE812FB58, cid=1880, SUCCESS, logIndex=2739, commits[1d6da99a-ba9a-4d72-abd2-d0f1aa02f12f:c2739, 9dc27687-2024-46ae-8b6e-c9027bfa400e:c2735, 9c9c57da-14dc-454a-b374-789aa5e765a9:c2735]
2019-09-16 23:35:05,137 [grpc-default-executor-6] INFO  client.GrpcClientProtocolClient (GrpcClientProtocolClient.java:onNext(264)) - client-C79DE3E06697->1d6da99a-ba9a-4d72-abd2-d0f1aa02f12f: receive RaftClientReply:client-C79DE3E06697->1d6da99a-ba9a-4d72-abd2-d0f1aa02f12f@group-B29EE812FB58, cid=1881, SUCCESS, logIndex=0, commits[1d6da99a-ba9a-4d72-abd2-d0f1aa02f12f:c2741, 9dc27687-2024-46ae-8b6e-c9027bfa400e:c2739, 9c9c57da-14dc-454a-b374-789aa5e765a9:c2739]
2019-09-16 23:35:05,161 [grpc-default-executor-1] INFO  client.GrpcClientProtocolClient (GrpcClientProtocolClient.java:onNext(264)) - client-C79DE3E06697->1d6da99a-ba9a-4d72-abd2-d0f1aa02f12f: receive RaftClientReply:client-C79DE3E06697->1d6da99a-ba9a-4d72-abd2-d0f1aa02f12f@group-B29EE812FB58, cid=1882, SUCCESS, logIndex=2742, commits[1d6da99a-ba9a-4d72-abd2-d0f1aa02f12f:c2743, 9dc27687-2024-46ae-8b6e-c9027bfa400e:c2741, 9c9c57da-14dc-454a-b374-789aa5e765a9:c2741]
2019-09-16 23:35:05,161 [grpc-default-executor-1] INFO  client.GrpcClientProtocolClient (GrpcClientProtocolClient.java:onNext(264)) - client-C79DE3E06697->1d6da99a-ba9a-4d72-abd2-d0f1aa02f12f: receive RaftClientReply:client-C79DE3E06697->1d6da99a-ba9a-4d72-abd2-d0f1aa02f12f@group-B29EE812FB58, cid=1883, SUCCESS, logIndex=2743, commits[1d6da99a-ba9a-4d72-abd2-d0f1aa02f12f:c2743, 9dc27687-2024-46ae-8b6e-c9027bfa400e:c2741, 9c9c57da-14dc-454a-b374-789aa5e765a9:c2741]
2019-09-16 23:35:05,162 [grpc-default-executor-6] INFO  client.GrpcClientProtocolClient (GrpcClientProtocolClient.java:onNext(264)) - client-C79DE3E06697->1d6da99a-ba9a-4d72-abd2-d0f1aa02f12f: receive RaftClientReply:client-C79DE3E06697->1d6da99a-ba9a-4d72-abd2-d0f1aa02f12f@group-B29EE812FB58, cid=1884, SUCCESS, logIndex=2744, commits[1d6da99a-ba9a-4d72-abd2-d0f1aa02f12f:c2745, 9dc27687-2024-46ae-8b6e-c9027bfa400e:c2741, 9c9c57da-14dc-454a-b374-789aa5e765a9:c2741]
2019-09-16 23:35:05,162 [grpc-default-executor-6] INFO  client.GrpcClientProtocolClient (GrpcClientProtocolClient.java:onNext(264)) - client-C79DE3E06697->1d6da99a-ba9a-4d72-abd2-d0f1aa02f12f: receive RaftClientReply:client-C79DE3E06697->1d6da99a-ba9a-4d72-abd2-d0f1aa02f12f@group-B29EE812FB58, cid=1885, SUCCESS, logIndex=2745, commits[1d6da99a-ba9a-4d72-abd2-d0f1aa02f12f:c2745, 9dc27687-2024-46ae-8b6e-c9027bfa400e:c2741, 9c9c57da-14dc-454a-b374-789aa5e765a9:c2741]
2019-09-16 23:35:05,163 [grpc-default-executor-1] INFO  client.GrpcClientProtocolClient (GrpcClientProtocolClient.java:onNext(264)) - client-C79DE3E06697->1d6da99a-ba9a-4d72-abd2-d0f1aa02f12f: receive RaftClientReply:client-C79DE3E06697->1d6da99a-ba9a-4d72-abd2-d0f1aa02f12f@group-B29EE812FB58, cid=1886, SUCCESS, logIndex=0, commits[1d6da99a-ba9a-4d72-abd2-d0f1aa02f12f:c2747, 9dc27687-2024-46ae-8b6e-c9027bfa400e:c2743, 9c9c57da-14dc-454a-b374-789aa5e765a9:c2743]
2019-09-16 23:35:05,175 [grpc-default-executor-1] INFO  client.GrpcClientProtocolClient (GrpcClientProtocolClient.java:onNext(264)) - client-C79DE3E06697->1d6da99a-ba9a-4d72-abd2-d0f1aa02f12f: receive RaftClientReply:client-C79DE3E06697->1d6da99a-ba9a-4d72-abd2-d0f1aa02f12f@group-B29EE812FB58, cid=1887, SUCCESS, logIndex=2749, commits[1d6da99a-ba9a-4d72-abd2-d0f1aa02f12f:c2750, 9dc27687-2024-46ae-8b6e-c9027bfa400e:c2745, 9c9c57da-14dc-454a-b374-789aa5e765a9:c2748]
2019-09-16 23:35:05,176 [grpc-default-executor-1] INFO  client.GrpcClientProtocolClient (GrpcClientProtocolClient.java:onNext(264)) - client-C79DE3E06697->1d6da99a-ba9a-4d72-abd2-d0f1aa02f12f: receive RaftClientReply:client-C79DE3E06697->1d6da99a-ba9a-4d72-abd2-d0f1aa02f12f@group-B29EE812FB58, cid=1888, SUCCESS, logIndex=2750, commits[1d6da99a-ba9a-4d72-abd2-d0f1aa02f12f:c2750, 9dc27687-2024-46ae-8b6e-c9027bfa400e:c2748, 9c9c57da-14dc-454a-b374-789aa5e765a9:c2748]
2019-09-16 23:35:05,185 [grpc-default-executor-6] INFO  client.GrpcClientProtocolClient (GrpcClientProtocolClient.java:onNext(264)) - client-C79DE3E06697->1d6da99a-ba9a-4d72-abd2-d0f1aa02f12f: receive RaftClientReply:client-C79DE3E06697->1d6da99a-ba9a-4d72-abd2-d0f1aa02f12f@group-B29EE812FB58, cid=1889, SUCCESS, logIndex=2753, commits[1d6da99a-ba9a-4d72-abd2-d0f1aa02f12f:c2754, 9dc27687-2024-46ae-8b6e-c9027bfa400e:c2750, 9c9c57da-14dc-454a-b374-789aa5e765a9:c2752]
2019-09-16 23:35:05,186 [grpc-default-executor-6] INFO  client.GrpcClientProtocolClient (GrpcClientProtocolClient.java:onNext(264)) - client-C79DE3E06697->1d6da99a-ba9a-4d72-abd2-d0f1aa02f12f: receive RaftClientReply:client-C79DE3E06697->1d6da99a-ba9a-4d72-abd2-d0f1aa02f12f@group-B29EE812FB58, cid=1890, SUCCESS, logIndex=2754, commits[1d6da99a-ba9a-4d72-abd2-d0f1aa02f12f:c2754, 9dc27687-2024-46ae-8b6e-c9027bfa400e:c2750, 9c9c57da-14dc-454a-b374-789aa5e765a9:c2752]
2019-09-16 23:35:05,187 [grpc-default-executor-6] INFO  client.GrpcClientProtocolClient (GrpcClientProtocolClient.java:onNext(264)) - client-C79DE3E06697->1d6da99a-ba9a-4d72-abd2-d0f1aa02f12f: receive RaftClientReply:client-C79DE3E06697->1d6da99a-ba9a-4d72-abd2-d0f1aa02f12f@group-B29EE812FB58, cid=1891, SUCCESS, logIndex=0, commits[1d6da99a-ba9a-4d72-abd2-d0f1aa02f12f:c2755, 9dc27687-2024-46ae-8b6e-c9027bfa400e:c2754, 9c9c57da-14dc-454a-b374-789aa5e765a9:c2754]
2019-09-16 23:35:05,216 [grpc-default-executor-6] INFO  client.GrpcClientProtocolClient (GrpcClientProtocolClient.java:onNext(264)) - client-C79DE3E06697->1d6da99a-ba9a-4d72-abd2-d0f1aa02f12f: receive RaftClientReply:client-C79DE3E06697->1d6da99a-ba9a-4d72-abd2-d0f1aa02f12f@group-B29EE812FB58, cid=1892, SUCCESS, logIndex=2757, commits[1d6da99a-ba9a-4d72-abd2-d0f1aa02f12f:c2758, 9dc27687-2024-46ae-8b6e-c9027bfa400e:c2756, 9c9c57da-14dc-454a-b374-789aa5e765a9:c2756]
2019-09-16 23:35:05,216 [grpc-default-executor-6] INFO  client.GrpcClientProtocolClient (GrpcClientProtocolClient.java:onNext(264)) - client-C79DE3E06697->1d6da99a-ba9a-4d72-abd2-d0f1aa02f12f: receive RaftClientReply:client-C79DE3E06697->1d6da99a-ba9a-4d72-abd2-d0f1aa02f12f@group-B29EE812FB58, cid=1893, SUCCESS, logIndex=2758, commits[1d6da99a-ba9a-4d72-abd2-d0f1aa02f12f:c2760, 9dc27687-2024-46ae-8b6e-c9027bfa400e:c2756, 9c9c57da-14dc-454a-b374-789aa5e765a9:c2756]
2019-09-16 23:35:05,216 [grpc-default-executor-6] INFO  client.GrpcClientProtocolClient (GrpcClientProtocolClient.java:onNext(264)) - client-C79DE3E06697->1d6da99a-ba9a-4d72-abd2-d0f1aa02f12f: receive RaftClientReply:client-C79DE3E06697->1d6da99a-ba9a-4d72-abd2-d0f1aa02f12f@group-B29EE812FB58, cid=1894, SUCCESS, logIndex=2759, commits[1d6da99a-ba9a-4d72-abd2-d0f1aa02f12f:c2760, 9dc27687-2024-46ae-8b6e-c9027bfa400e:c2756, 9c9c57da-14dc-454a-b374-789aa5e765a9:c2756]
2019-09-16 23:35:05,217 [grpc-default-executor-6] INFO  client.GrpcClientProtocolClient (GrpcClientProtocolClient.java:onNext(264)) - client-C79DE3E06697->1d6da99a-ba9a-4d72-abd2-d0f1aa02f12f: receive RaftClientReply:client-C79DE3E06697->1d6da99a-ba9a-4d72-abd2-d0f1aa02f12f@group-B29EE812FB58, cid=1895, SUCCESS, logIndex=2760, commits[1d6da99a-ba9a-4d72-abd2-d0f1aa02f12f:c2760, 9dc27687-2024-46ae-8b6e-c9027bfa400e:c2756, 9c9c57da-14dc-454a-b374-789aa5e765a9:c2756]
2019-09-16 23:35:05,229 [grpc-default-executor-6] INFO  client.GrpcClientProtocolClient (GrpcClientProtocolClient.java:onNext(264)) - client-C79DE3E06697->1d6da99a-ba9a-4d72-abd2-d0f1aa02f12f: receive RaftClientReply:client-C79DE3E06697->1d6da99a-ba9a-4d72-abd2-d0f1aa02f12f@group-B29EE812FB58, cid=1896, SUCCESS, logIndex=0, commits[1d6da99a-ba9a-4d72-abd2-d0f1aa02f12f:c2763, 9dc27687-2024-46ae-8b6e-c9027bfa400e:c2758, 9c9c57da-14dc-454a-b374-789aa5e765a9:c2760]
2019-09-16 23:35:05,247 [grpc-default-executor-6] INFO  client.GrpcClientProtocolClient (GrpcClientProtocolClient.java:onNext(264)) - client-C79DE3E06697->1d6da99a-ba9a-4d72-abd2-d0f1aa02f12f: receive RaftClientReply:client-C79DE3E06697->1d6da99a-ba9a-4d72-abd2-d0f1aa02f12f@group-B29EE812FB58, cid=1897, SUCCESS, logIndex=2764, commits[1d6da99a-ba9a-4d72-abd2-d0f1aa02f12f:c2765, 9dc27687-2024-46ae-8b6e-c9027bfa400e:c2763, 9c9c57da-14dc-454a-b374-789aa5e765a9:c2763]
2019-09-16 23:35:05,247 [grpc-default-executor-6] INFO  client.GrpcClientProtocolClient (GrpcClientProtocolClient.java:onNext(264)) - client-C79DE3E06697->1d6da99a-ba9a-4d72-abd2-d0f1aa02f12f: receive RaftClientReply:client-C79DE3E06697->1d6da99a-ba9a-4d72-abd2-d0f1aa02f12f@group-B29EE812FB58, cid=1898, SUCCESS, logIndex=2765, commits[1d6da99a-ba9a-4d72-abd2-d0f1aa02f12f:c2765, 9dc27687-2024-46ae-8b6e-c9027bfa400e:c2763, 9c9c57da-14dc-454a-b374-789aa5e765a9:c2763]
2019-09-16 23:35:05,260 [grpc-default-executor-1] INFO  client.GrpcClientProtocolClient (GrpcClientProtocolClient.java:onNext(264)) - client-C79DE3E06697->1d6da99a-ba9a-4d72-abd2-d0f1aa02f12f: receive RaftClientReply:client-C79DE3E06697->1d6da99a-ba9a-4d72-abd2-d0f1aa02f12f@group-B29EE812FB58, cid=1899, SUCCESS, logIndex=2768, commits[1d6da99a-ba9a-4d72-abd2-d0f1aa02f12f:c2769, 9dc27687-2024-46ae-8b6e-c9027bfa400e:c2765, 9c9c57da-14dc-454a-b374-789aa5e765a9:c2765]
2019-09-16 23:35:05,260 [grpc-default-executor-1] INFO  client.GrpcClientProtocolClient (GrpcClientProtocolClient.java:onNext(264)) - client-C79DE3E06697->1d6da99a-ba9a-4d72-abd2-d0f1aa02f12f: receive RaftClientReply:client-C79DE3E06697->1d6da99a-ba9a-4d72-abd2-d0f1aa02f12f@group-B29EE812FB58, cid=1900, SUCCESS, logIndex=2769, commits[1d6da99a-ba9a-4d72-abd2-d0f1aa02f12f:c2769, 9dc27687-2024-46ae-8b6e-c9027bfa400e:c2765, 9c9c57da-14dc-454a-b374-789aa5e765a9:c2765]
2019-09-16 23:35:05,273 [grpc-default-executor-7] INFO  client.GrpcClientProtocolClient (GrpcClientProtocolClient.java:onNext(264)) - client-C79DE3E06697->1d6da99a-ba9a-4d72-abd2-d0f1aa02f12f: receive RaftClientReply:client-C79DE3E06697->1d6da99a-ba9a-4d72-abd2-d0f1aa02f12f@group-B29EE812FB58, cid=1901, SUCCESS, logIndex=0, commits[1d6da99a-ba9a-4d72-abd2-d0f1aa02f12f:c2771, 9dc27687-2024-46ae-8b6e-c9027bfa400e:c2769, 9c9c57da-14dc-454a-b374-789aa5e765a9:c2769]
2019-09-16 23:35:05,388 [grpc-default-executor-6] INFO  client.GrpcClientProtocolClient (GrpcClientProtocolClient.java:onNext(264)) - client-C79DE3E06697->1d6da99a-ba9a-4d72-abd2-d0f1aa02f12f: receive RaftClientReply:client-C79DE3E06697->1d6da99a-ba9a-4d72-abd2-d0f1aa02f12f@group-B29EE812FB58, cid=1902, SUCCESS, logIndex=2772, commits[1d6da99a-ba9a-4d72-abd2-d0f1aa02f12f:c2773, 9dc27687-2024-46ae-8b6e-c9027bfa400e:c2769, 9c9c57da-14dc-454a-b374-789aa5e765a9:c2771]
2019-09-16 23:35:05,388 [grpc-default-executor-6] INFO  client.GrpcClientProtocolClient (GrpcClientProtocolClient.java:onNext(264)) - client-C79DE3E06697->1d6da99a-ba9a-4d72-abd2-d0f1aa02f12f: receive RaftClientReply:client-C79DE3E06697->1d6da99a-ba9a-4d72-abd2-d0f1aa02f12f@group-B29EE812FB58, cid=1903, SUCCESS, logIndex=2773, commits[1d6da99a-ba9a-4d72-abd2-d0f1aa02f12f:c2773, 9dc27687-2024-46ae-8b6e-c9027bfa400e:c2769, 9c9c57da-14dc-454a-b374-789aa5e765a9:c2771]
2019-09-16 23:35:05,399 [grpc-default-executor-3] INFO  client.GrpcClientProtocolClient (GrpcClientProtocolClient.java:onNext(264)) - client-C79DE3E06697->1d6da99a-ba9a-4d72-abd2-d0f1aa02f12f: receive RaftClientReply:client-C79DE3E06697->1d6da99a-ba9a-4d72-abd2-d0f1aa02f12f@group-B29EE812FB58, cid=1904, SUCCESS, logIndex=2774, commits[1d6da99a-ba9a-4d72-abd2-d0f1aa02f12f:c2774, 9dc27687-2024-46ae-8b6e-c9027bfa400e:c2771, 9c9c57da-14dc-454a-b374-789aa5e765a9:c2771]
2019-09-16 23:35:05,399 [grpc-default-executor-3] INFO  client.GrpcClientProtocolClient (GrpcClientProtocolClient.java:onNext(264)) - client-C79DE3E06697->1d6da99a-ba9a-4d72-abd2-d0f1aa02f12f: receive RaftClientReply:client-C79DE3E06697->1d6da99a-ba9a-4d72-abd2-d0f1aa02f12f@group-B29EE812FB58, cid=1905, SUCCESS, logIndex=2775, commits[1d6da99a-ba9a-4d72-abd2-d0f1aa02f12f:c2776, 9dc27687-2024-46ae-8b6e-c9027bfa400e:c2771, 9c9c57da-14dc-454a-b374-789aa5e765a9:c2773]
2019-09-16 23:35:05,401 [grpc-default-executor-3] INFO  client.GrpcClientProtocolClient (GrpcClientProtocolClient.java:onNext(264)) - client-C79DE3E06697->1d6da99a-ba9a-4d72-abd2-d0f1aa02f12f: receive RaftClientReply:client-C79DE3E06697->1d6da99a-ba9a-4d72-abd2-d0f1aa02f12f@group-B29EE812FB58, cid=1906, SUCCESS, logIndex=0, commits[1d6da99a-ba9a-4d72-abd2-d0f1aa02f12f:c2778, 9dc27687-2024-46ae-8b6e-c9027bfa400e:c2773, 9c9c57da-14dc-454a-b374-789aa5e765a9:c2774]
2019-09-16 23:35:05,419 [grpc-default-executor-6] INFO  client.GrpcClientProtocolClient (GrpcClientProtocolClient.java:onNext(264)) - client-C79DE3E06697->1d6da99a-ba9a-4d72-abd2-d0f1aa02f12f: receive RaftClientReply:client-C79DE3E06697->1d6da99a-ba9a-4d72-abd2-d0f1aa02f12f@group-B29EE812FB58, cid=1907, SUCCESS, logIndex=2780, commits[1d6da99a-ba9a-4d72-abd2-d0f1aa02f12f:c2781, 9dc27687-2024-46ae-8b6e-c9027bfa400e:c2779, 9c9c57da-14dc-454a-b374-789aa5e765a9:c2779]
2019-09-16 23:35:05,420 [grpc-default-executor-6] INFO  client.GrpcClientProtocolClient (GrpcClientProtocolClient.java:onNext(264)) - client-C79DE3E06697->1d6da99a-ba9a-4d72-abd2-d0f1aa02f12f: receive RaftClientReply:client-C79DE3E06697->1d6da99a-ba9a-4d72-abd2-d0f1aa02f12f@group-B29EE812FB58, cid=1908, SUCCESS, logIndex=2781, commits[1d6da99a-ba9a-4d72-abd2-d0f1aa02f12f:c2781, 9dc27687-2024-46ae-8b6e-c9027bfa400e:c2779, 9c9c57da-14dc-454a-b374-789aa5e765a9:c2779]
2019-09-16 23:35:05,434 [grpc-default-executor-3] INFO  client.GrpcClientProtocolClient (GrpcClientProtocolClient.java:onNext(264)) - client-C79DE3E06697->1d6da99a-ba9a-4d72-abd2-d0f1aa02f12f: receive RaftClientReply:client-C79DE3E06697->1d6da99a-ba9a-4d72-abd2-d0f1aa02f12f@group-B29EE812FB58, cid=1909, SUCCESS, logIndex=2784, commits[1d6da99a-ba9a-4d72-abd2-d0f1aa02f12f:c2785, 9dc27687-2024-46ae-8b6e-c9027bfa400e:c2781, 9c9c57da-14dc-454a-b374-789aa5e765a9:c2781]
2019-09-16 23:35:05,434 [grpc-default-executor-3] INFO  client.GrpcClientProtocolClient (GrpcClientProtocolClient.java:onNext(264)) - client-C79DE3E06697->1d6da99a-ba9a-4d72-abd2-d0f1aa02f12f: receive RaftClientReply:client-C79DE3E06697->1d6da99a-ba9a-4d72-abd2-d0f1aa02f12f@group-B29EE812FB58, cid=1910, SUCCESS, logIndex=2785, commits[1d6da99a-ba9a-4d72-abd2-d0f1aa02f12f:c2785, 9dc27687-2024-46ae-8b6e-c9027bfa400e:c2781, 9c9c57da-14dc-454a-b374-789aa5e765a9:c2781]
2019-09-16 23:35:05,446 [grpc-default-executor-3] INFO  client.GrpcClientProtocolClient (GrpcClientProtocolClient.java:onNext(264)) - client-C79DE3E06697->1d6da99a-ba9a-4d72-abd2-d0f1aa02f12f: receive RaftClientReply:client-C79DE3E06697->1d6da99a-ba9a-4d72-abd2-d0f1aa02f12f@group-B29EE812FB58, cid=1911, SUCCESS, logIndex=0, commits[1d6da99a-ba9a-4d72-abd2-d0f1aa02f12f:c2786, 9dc27687-2024-46ae-8b6e-c9027bfa400e:c2785, 9c9c57da-14dc-454a-b374-789aa5e765a9:c2785]
2019-09-16 23:35:05,466 [grpc-default-executor-6] INFO  client.GrpcClientProtocolClient (GrpcClientProtocolClient.java:onNext(264)) - client-C79DE3E06697->1d6da99a-ba9a-4d72-abd2-d0f1aa02f12f: receive RaftClientReply:client-C79DE3E06697->1d6da99a-ba9a-4d72-abd2-d0f1aa02f12f@group-B29EE812FB58, cid=1912, SUCCESS, logIndex=2788, commits[1d6da99a-ba9a-4d72-abd2-d0f1aa02f12f:c2791, 9dc27687-2024-46ae-8b6e-c9027bfa400e:c2787, 9c9c57da-14dc-454a-b374-789aa5e765a9:c2787]
2019-09-16 23:35:05,467 [grpc-default-executor-6] INFO  client.GrpcClientProtocolClient (GrpcClientProtocolClient.java:onNext(264)) - client-C79DE3E06697->1d6da99a-ba9a-4d72-abd2-d0f1aa02f12f: receive RaftClientReply:client-C79DE3E06697->1d6da99a-ba9a-4d72-abd2-d0f1aa02f12f@group-B29EE812FB58, cid=1913, SUCCESS, logIndex=2789, commits[1d6da99a-ba9a-4d72-abd2-d0f1aa02f12f:c2791, 9dc27687-2024-46ae-8b6e-c9027bfa400e:c2787, 9c9c57da-14dc-454a-b374-789aa5e765a9:c2787]
2019-09-16 23:35:05,467 [grpc-default-executor-6] INFO  client.GrpcClientProtocolClient (GrpcClientProtocolClient.java:onNext(264)) - client-C79DE3E06697->1d6da99a-ba9a-4d72-abd2-d0f1aa02f12f: receive RaftClientReply:client-C79DE3E06697->1d6da99a-ba9a-4d72-abd2-d0f1aa02f12f@group-B29EE812FB58, cid=1914, SUCCESS, logIndex=2790, commits[1d6da99a-ba9a-4d72-abd2-d0f1aa02f12f:c2791, 9dc27687-2024-46ae-8b6e-c9027bfa400e:c2787, 9c9c57da-14dc-454a-b374-789aa5e765a9:c2787]
2019-09-16 23:35:05,468 [grpc-default-executor-6] INFO  client.GrpcClientProtocolClient (GrpcClientProtocolClient.java:onNext(264)) - client-C79DE3E06697->1d6da99a-ba9a-4d72-abd2-d0f1aa02f12f: receive RaftClientReply:client-C79DE3E06697->1d6da99a-ba9a-4d72-abd2-d0f1aa02f12f@group-B29EE812FB58, cid=1915, SUCCESS, logIndex=2791, commits[1d6da99a-ba9a-4d72-abd2-d0f1aa02f12f:c2792, 9dc27687-2024-46ae-8b6e-c9027bfa400e:c2788, 9c9c57da-14dc-454a-b374-789aa5e765a9:c2787]
2019-09-16 23:35:05,468 [grpc-default-executor-6] INFO  client.GrpcClientProtocolClient (GrpcClientProtocolClient.java:onNext(264)) - client-C79DE3E06697->1d6da99a-ba9a-4d72-abd2-d0f1aa02f12f: receive RaftClientReply:client-C79DE3E06697->1d6da99a-ba9a-4d72-abd2-d0f1aa02f12f@group-B29EE812FB58, cid=1916, SUCCESS, logIndex=0, commits[1d6da99a-ba9a-4d72-abd2-d0f1aa02f12f:c2795, 9dc27687-2024-46ae-8b6e-c9027bfa400e:c2790, 9c9c57da-14dc-454a-b374-789aa5e765a9:c2791]
2019-09-16 23:35:05,482 [grpc-default-executor-6] INFO  client.GrpcClientProtocolClient (GrpcClientProtocolClient.java:onNext(264)) - client-C79DE3E06697->1d6da99a-ba9a-4d72-abd2-d0f1aa02f12f: receive RaftClientReply:client-C79DE3E06697->1d6da99a-ba9a-4d72-abd2-d0f1aa02f12f@group-B29EE812FB58, cid=1917, SUCCESS, logIndex=2796, commits[1d6da99a-ba9a-4d72-abd2-d0f1aa02f12f:c2797, 9dc27687-2024-46ae-8b6e-c9027bfa400e:c2795, 9c9c57da-14dc-454a-b374-789aa5e765a9:c2795]
2019-09-16 23:35:05,482 [grpc-default-executor-6] INFO  client.GrpcClientProtocolClient (GrpcClientProtocolClient.java:onNext(264)) - client-C79DE3E06697->1d6da99a-ba9a-4d72-abd2-d0f1aa02f12f: receive RaftClientReply:client-C79DE3E06697->1d6da99a-ba9a-4d72-abd2-d0f1aa02f12f@group-B29EE812FB58, cid=1918, SUCCESS, logIndex=2797, commits[1d6da99a-ba9a-4d72-abd2-d0f1aa02f12f:c2797, 9dc27687-2024-46ae-8b6e-c9027bfa400e:c2795, 9c9c57da-14dc-454a-b374-789aa5e765a9:c2795]
2019-09-16 23:35:05,499 [grpc-default-executor-1] INFO  client.GrpcClientProtocolClient (GrpcClientProtocolClient.java:onNext(264)) - client-C79DE3E06697->1d6da99a-ba9a-4d72-abd2-d0f1aa02f12f: receive RaftClientReply:client-C79DE3E06697->1d6da99a-ba9a-4d72-abd2-d0f1aa02f12f@group-B29EE812FB58, cid=1919, SUCCESS, logIndex=2799, commits[1d6da99a-ba9a-4d72-abd2-d0f1aa02f12f:c2800, 9dc27687-2024-46ae-8b6e-c9027bfa400e:c2798, 9c9c57da-14dc-454a-b374-789aa5e765a9:c2798]
2019-09-16 23:35:05,500 [grpc-default-executor-1] INFO  client.GrpcClientProtocolClient (GrpcClientProtocolClient.java:onNext(264)) - client-C79DE3E06697->1d6da99a-ba9a-4d72-abd2-d0f1aa02f12f: receive RaftClientReply:client-C79DE3E06697->1d6da99a-ba9a-4d72-abd2-d0f1aa02f12f@group-B29EE812FB58, cid=1920, SUCCESS, logIndex=2800, commits[1d6da99a-ba9a-4d72-abd2-d0f1aa02f12f:c2800, 9dc27687-2024-46ae-8b6e-c9027bfa400e:c2798, 9c9c57da-14dc-454a-b374-789aa5e765a9:c2798]
2019-09-16 23:35:05,514 [grpc-default-executor-1] INFO  client.GrpcClientProtocolClient (GrpcClientProtocolClient.java:onNext(264)) - client-C79DE3E06697->1d6da99a-ba9a-4d72-abd2-d0f1aa02f12f: receive RaftClientReply:client-C79DE3E06697->1d6da99a-ba9a-4d72-abd2-d0f1aa02f12f@group-B29EE812FB58, cid=1921, SUCCESS, logIndex=0, commits[1d6da99a-ba9a-4d72-abd2-d0f1aa02f12f:c2802, 9dc27687-2024-46ae-8b6e-c9027bfa400e:c2800, 9c9c57da-14dc-454a-b374-789aa5e765a9:c2800]
2019-09-16 23:35:05,548 [grpc-default-executor-6] INFO  client.GrpcClientProtocolClient (GrpcClientProtocolClient.java:onNext(264)) - client-C79DE3E06697->1d6da99a-ba9a-4d72-abd2-d0f1aa02f12f: receive RaftClientReply:client-C79DE3E06697->1d6da99a-ba9a-4d72-abd2-d0f1aa02f12f@group-B29EE812FB58, cid=1922, SUCCESS, logIndex=2803, commits[1d6da99a-ba9a-4d72-abd2-d0f1aa02f12f:c2804, 9dc27687-2024-46ae-8b6e-c9027bfa400e:c2802, 9c9c57da-14dc-454a-b374-789aa5e765a9:c2802]
2019-09-16 23:35:05,549 [grpc-default-executor-6] INFO  client.GrpcClientProtocolClient (GrpcClientProtocolClient.java:onNext(264)) - client-C79DE3E06697->1d6da99a-ba9a-4d72-abd2-d0f1aa02f12f: receive RaftClientReply:client-C79DE3E06697->1d6da99a-ba9a-4d72-abd2-d0f1aa02f12f@group-B29EE812FB58, cid=1923, SUCCESS, logIndex=2804, commits[1d6da99a-ba9a-4d72-abd2-d0f1aa02f12f:c2806, 9dc27687-2024-46ae-8b6e-c9027bfa400e:c2802, 9c9c57da-14dc-454a-b374-789aa5e765a9:c2802]
2019-09-16 23:35:05,549 [grpc-default-executor-6] INFO  client.GrpcClientProtocolClient (GrpcClientProtocolClient.java:onNext(264)) - client-C79DE3E06697->1d6da99a-ba9a-4d72-abd2-d0f1aa02f12f: receive RaftClientReply:client-C79DE3E06697->1d6da99a-ba9a-4d72-abd2-d0f1aa02f12f@group-B29EE812FB58, cid=1924, SUCCESS, logIndex=2805, commits[1d6da99a-ba9a-4d72-abd2-d0f1aa02f12f:c2806, 9dc27687-2024-46ae-8b6e-c9027bfa400e:c2802, 9c9c57da-14dc-454a-b374-789aa5e765a9:c2802]
2019-09-16 23:35:05,549 [grpc-default-executor-6] INFO  client.GrpcClientProtocolClient (GrpcClientProtocolClient.java:onNext(264)) - client-C79DE3E06697->1d6da99a-ba9a-4d72-abd2-d0f1aa02f12f: receive RaftClientReply:client-C79DE3E06697->1d6da99a-ba9a-4d72-abd2-d0f1aa02f12f@group-B29EE812FB58, cid=1925, SUCCESS, logIndex=2806, commits[1d6da99a-ba9a-4d72-abd2-d0f1aa02f12f:c2806, 9dc27687-2024-46ae-8b6e-c9027bfa400e:c2802, 9c9c57da-14dc-454a-b374-789aa5e765a9:c2802]
2019-09-16 23:35:05,551 [grpc-default-executor-1] INFO  client.GrpcClientProtocolClient (GrpcClientProtocolClient.java:onNext(264)) - client-C79DE3E06697->1d6da99a-ba9a-4d72-abd2-d0f1aa02f12f: receive RaftClientReply:client-C79DE3E06697->1d6da99a-ba9a-4d72-abd2-d0f1aa02f12f@group-B29EE812FB58, cid=1926, SUCCESS, logIndex=0, commits[1d6da99a-ba9a-4d72-abd2-d0f1aa02f12f:c2808, 9dc27687-2024-46ae-8b6e-c9027bfa400e:c2804, 9c9c57da-14dc-454a-b374-789aa5e765a9:c2804]
 0.00% |█                                                                                                    |  0/1 Time: 0:00:232019-09-16 23:35:05,569 [grpc-default-executor-6] INFO  client.GrpcClientProtocolClient (GrpcClientProtocolClient.java:onNext(264)) - client-C79DE3E06697->1d6da99a-ba9a-4d72-abd2-d0f1aa02f12f: receive RaftClientReply:client-C79DE3E06697->1d6da99a-ba9a-4d72-abd2-d0f1aa02f12f@group-B29EE812FB58, cid=1927, SUCCESS, logIndex=2811, commits[1d6da99a-ba9a-4d72-abd2-d0f1aa02f12f:c2812, 9dc27687-2024-46ae-8b6e-c9027bfa400e:c2810, 9c9c57da-14dc-454a-b374-789aa5e765a9:c2810]
2019-09-16 23:35:05,569 [grpc-default-executor-6] INFO  client.GrpcClientProtocolClient (GrpcClientProtocolClient.java:onNext(264)) - client-C79DE3E06697->1d6da99a-ba9a-4d72-abd2-d0f1aa02f12f: receive RaftClientReply:client-C79DE3E06697->1d6da99a-ba9a-4d72-abd2-d0f1aa02f12f@group-B29EE812FB58, cid=1928, SUCCESS, logIndex=2812, commits[1d6da99a-ba9a-4d72-abd2-d0f1aa02f12f:c2812, 9dc27687-2024-46ae-8b6e-c9027bfa400e:c2810, 9c9c57da-14dc-454a-b374-789aa5e765a9:c2810]
2019-09-16 23:35:05,583 [grpc-default-executor-6] INFO  client.GrpcClientProtocolClient (GrpcClientProtocolClient.java:onNext(264)) - client-C79DE3E06697->1d6da99a-ba9a-4d72-abd2-d0f1aa02f12f: receive RaftClientReply:client-C79DE3E06697->1d6da99a-ba9a-4d72-abd2-d0f1aa02f12f@group-B29EE812FB58, cid=1929, SUCCESS, logIndex=2815, commits[1d6da99a-ba9a-4d72-abd2-d0f1aa02f12f:c2816, 9dc27687-2024-46ae-8b6e-c9027bfa400e:c2812, 9c9c57da-14dc-454a-b374-789aa5e765a9:c2812]
2019-09-16 23:35:05,584 [grpc-default-executor-6] INFO  client.GrpcClientProtocolClient (GrpcClientProtocolClient.java:onNext(264)) - client-C79DE3E06697->1d6da99a-ba9a-4d72-abd2-d0f1aa02f12f: receive RaftClientReply:client-C79DE3E06697->1d6da99a-ba9a-4d72-abd2-d0f1aa02f12f@group-B29EE812FB58, cid=1930, SUCCESS, logIndex=2816, commits[1d6da99a-ba9a-4d72-abd2-d0f1aa02f12f:c2816, 9dc27687-2024-46ae-8b6e-c9027bfa400e:c2812, 9c9c57da-14dc-454a-b374-789aa5e765a9:c2812]
2019-09-16 23:35:05,596 [grpc-default-executor-6] INFO  client.GrpcClientProtocolClient (GrpcClientProtocolClient.java:onNext(264)) - client-C79DE3E06697->1d6da99a-ba9a-4d72-abd2-d0f1aa02f12f: receive RaftClientReply:client-C79DE3E06697->1d6da99a-ba9a-4d72-abd2-d0f1aa02f12f@group-B29EE812FB58, cid=1931, SUCCESS, logIndex=0, commits[1d6da99a-ba9a-4d72-abd2-d0f1aa02f12f:c2818, 9dc27687-2024-46ae-8b6e-c9027bfa400e:c2816, 9c9c57da-14dc-454a-b374-789aa5e765a9:c2816]
2019-09-16 23:35:05,621 [grpc-default-executor-3] INFO  client.GrpcClientProtocolClient (GrpcClientProtocolClient.java:onNext(264)) - client-C79DE3E06697->1d6da99a-ba9a-4d72-abd2-d0f1aa02f12f: receive RaftClientReply:client-C79DE3E06697->1d6da99a-ba9a-4d72-abd2-d0f1aa02f12f@group-B29EE812FB58, cid=1932, SUCCESS, logIndex=2819, commits[1d6da99a-ba9a-4d72-abd2-d0f1aa02f12f:c2820, 9dc27687-2024-46ae-8b6e-c9027bfa400e:c2818, 9c9c57da-14dc-454a-b374-789aa5e765a9:c2818]
2019-09-16 23:35:05,621 [grpc-default-executor-7] INFO  client.GrpcClientProtocolClient (GrpcClientProtocolClient.java:onNext(264)) - client-C79DE3E06697->1d6da99a-ba9a-4d72-abd2-d0f1aa02f12f: receive RaftClientReply:client-C79DE3E06697->1d6da99a-ba9a-4d72-abd2-d0f1aa02f12f@group-B29EE812FB58, cid=1933, SUCCESS, logIndex=2820, commits[1d6da99a-ba9a-4d72-abd2-d0f1aa02f12f:c2820, 9dc27687-2024-46ae-8b6e-c9027bfa400e:c2818, 9c9c57da-14dc-454a-b374-789aa5e765a9:c2818]
2019-09-16 23:35:05,621 [grpc-default-executor-6] INFO  client.GrpcClientProtocolClient (GrpcClientProtocolClient.java:onNext(264)) - client-C79DE3E06697->1d6da99a-ba9a-4d72-abd2-d0f1aa02f12f: receive RaftClientReply:client-C79DE3E06697->1d6da99a-ba9a-4d72-abd2-d0f1aa02f12f@group-B29EE812FB58, cid=1934, SUCCESS, logIndex=2821, commits[1d6da99a-ba9a-4d72-abd2-d0f1aa02f12f:c2822, 9dc27687-2024-46ae-8b6e-c9027bfa400e:c2818, 9c9c57da-14dc-454a-b374-789aa5e765a9:c2818]
2019-09-16 23:35:05,622 [grpc-default-executor-6] INFO  client.GrpcClientProtocolClient (GrpcClientProtocolClient.java:onNext(264)) - client-C79DE3E06697->1d6da99a-ba9a-4d72-abd2-d0f1aa02f12f: receive RaftClientReply:client-C79DE3E06697->1d6da99a-ba9a-4d72-abd2-d0f1aa02f12f@group-B29EE812FB58, cid=1935, SUCCESS, logIndex=2822, commits[1d6da99a-ba9a-4d72-abd2-d0f1aa02f12f:c2822, 9dc27687-2024-46ae-8b6e-c9027bfa400e:c2818, 9c9c57da-14dc-454a-b374-789aa5e765a9:c2818]
2019-09-16 23:35:05,635 [grpc-default-executor-6] INFO  client.GrpcClientProtocolClient (GrpcClientProtocolClient.java:onNext(264)) - client-C79DE3E06697->1d6da99a-ba9a-4d72-abd2-d0f1aa02f12f: receive RaftClientReply:client-C79DE3E06697->1d6da99a-ba9a-4d72-abd2-d0f1aa02f12f@group-B29EE812FB58, cid=1936, SUCCESS, logIndex=0, commits[1d6da99a-ba9a-4d72-abd2-d0f1aa02f12f:c2824, 9dc27687-2024-46ae-8b6e-c9027bfa400e:c2820, 9c9c57da-14dc-454a-b374-789aa5e765a9:c2820]
2019-09-16 23:35:05,653 [grpc-default-executor-3] INFO  client.GrpcClientProtocolClient (GrpcClientProtocolClient.java:onNext(264)) - client-C79DE3E06697->1d6da99a-ba9a-4d72-abd2-d0f1aa02f12f: receive RaftClientReply:client-C79DE3E06697->1d6da99a-ba9a-4d72-abd2-d0f1aa02f12f@group-B29EE812FB58, cid=1937, SUCCESS, logIndex=2827, commits[1d6da99a-ba9a-4d72-abd2-d0f1aa02f12f:c2828, 9dc27687-2024-46ae-8b6e-c9027bfa400e:c2826, 9c9c57da-14dc-454a-b374-789aa5e765a9:c2826]
2019-09-16 23:35:05,653 [grpc-default-executor-3] INFO  client.GrpcClientProtocolClient (GrpcClientProtocolClient.java:onNext(264)) - client-C79DE3E06697->1d6da99a-ba9a-4d72-abd2-d0f1aa02f12f: receive RaftClientReply:client-C79DE3E06697->1d6da99a-ba9a-4d72-abd2-d0f1aa02f12f@group-B29EE812FB58, cid=1938, SUCCESS, logIndex=2828, commits[1d6da99a-ba9a-4d72-abd2-d0f1aa02f12f:c2828, 9dc27687-2024-46ae-8b6e-c9027bfa400e:c2826, 9c9c57da-14dc-454a-b374-789aa5e765a9:c2826]
2019-09-16 23:35:05,666 [grpc-default-executor-3] INFO  client.GrpcClientProtocolClient (GrpcClientProtocolClient.java:onNext(264)) - client-C79DE3E06697->1d6da99a-ba9a-4d72-abd2-d0f1aa02f12f: receive RaftClientReply:client-C79DE3E06697->1d6da99a-ba9a-4d72-abd2-d0f1aa02f12f@group-B29EE812FB58, cid=1939, SUCCESS, logIndex=2831, commits[1d6da99a-ba9a-4d72-abd2-d0f1aa02f12f:c2832, 9dc27687-2024-46ae-8b6e-c9027bfa400e:c2828, 9c9c57da-14dc-454a-b374-789aa5e765a9:c2828]
2019-09-16 23:35:05,666 [grpc-default-executor-3] INFO  client.GrpcClientProtocolClient (GrpcClientProtocolClient.java:onNext(264)) - client-C79DE3E06697->1d6da99a-ba9a-4d72-abd2-d0f1aa02f12f: receive RaftClientReply:client-C79DE3E06697->1d6da99a-ba9a-4d72-abd2-d0f1aa02f12f@group-B29EE812FB58, cid=1940, SUCCESS, logIndex=2832, commits[1d6da99a-ba9a-4d72-abd2-d0f1aa02f12f:c2832, 9dc27687-2024-46ae-8b6e-c9027bfa400e:c2828, 9c9c57da-14dc-454a-b374-789aa5e765a9:c2828]
2019-09-16 23:35:05,668 [grpc-default-executor-3] INFO  client.GrpcClientProtocolClient (GrpcClientProtocolClient.java:onNext(264)) - client-C79DE3E06697->1d6da99a-ba9a-4d72-abd2-d0f1aa02f12f: receive RaftClientReply:client-C79DE3E06697->1d6da99a-ba9a-4d72-abd2-d0f1aa02f12f@group-B29EE812FB58, cid=1941, SUCCESS, logIndex=0, commits[1d6da99a-ba9a-4d72-abd2-d0f1aa02f12f:c2833, 9dc27687-2024-46ae-8b6e-c9027bfa400e:c2832, 9c9c57da-14dc-454a-b374-789aa5e765a9:c2832]
2019-09-16 23:35:05,684 [grpc-default-executor-3] INFO  client.GrpcClientProtocolClient (GrpcClientProtocolClient.java:onNext(264)) - client-C79DE3E06697->1d6da99a-ba9a-4d72-abd2-d0f1aa02f12f: receive RaftClientReply:client-C79DE3E06697->1d6da99a-ba9a-4d72-abd2-d0f1aa02f12f@group-B29EE812FB58, cid=1942, SUCCESS, logIndex=2835, commits[1d6da99a-ba9a-4d72-abd2-d0f1aa02f12f:c2836, 9dc27687-2024-46ae-8b6e-c9027bfa400e:c2834, 9c9c57da-14dc-454a-b374-789aa5e765a9:c2832]
2019-09-16 23:35:05,685 [grpc-default-executor-7] INFO  client.GrpcClientProtocolClient (GrpcClientProtocolClient.java:onNext(264)) - client-C79DE3E06697->1d6da99a-ba9a-4d72-abd2-d0f1aa02f12f: receive RaftClientReply:client-C79DE3E06697->1d6da99a-ba9a-4d72-abd2-d0f1aa02f12f@group-B29EE812FB58, cid=1943, SUCCESS, logIndex=2836, commits[1d6da99a-ba9a-4d72-abd2-d0f1aa02f12f:c2836, 9dc27687-2024-46ae-8b6e-c9027bfa400e:c2834, 9c9c57da-14dc-454a-b374-789aa5e765a9:c2832]
2019-09-16 23:35:05,685 [grpc-default-executor-1] INFO  client.GrpcClientProtocolClient (GrpcClientProtocolClient.java:onNext(264)) - client-C79DE3E06697->1d6da99a-ba9a-4d72-abd2-d0f1aa02f12f: receive RaftClientReply:client-C79DE3E06697->1d6da99a-ba9a-4d72-abd2-d0f1aa02f12f@group-B29EE812FB58, cid=1944, SUCCESS, logIndex=2837, commits[1d6da99a-ba9a-4d72-abd2-d0f1aa02f12f:c2838, 9dc27687-2024-46ae-8b6e-c9027bfa400e:c2834, 9c9c57da-14dc-454a-b374-789aa5e765a9:c2832]
2019-09-16 23:35:05,686 [grpc-default-executor-1] INFO  client.GrpcClientProtocolClient (GrpcClientProtocolClient.java:onNext(264)) - client-C79DE3E06697->1d6da99a-ba9a-4d72-abd2-d0f1aa02f12f: receive RaftClientReply:client-C79DE3E06697->1d6da99a-ba9a-4d72-abd2-d0f1aa02f12f@group-B29EE812FB58, cid=1945, SUCCESS, logIndex=2838, commits[1d6da99a-ba9a-4d72-abd2-d0f1aa02f12f:c2838, 9dc27687-2024-46ae-8b6e-c9027bfa400e:c2834, 9c9c57da-14dc-454a-b374-789aa5e765a9:c2832]
2019-09-16 23:35:05,688 [grpc-default-executor-1] INFO  client.GrpcClientProtocolClient (GrpcClientProtocolClient.java:onNext(264)) - client-C79DE3E06697->1d6da99a-ba9a-4d72-abd2-d0f1aa02f12f: receive RaftClientReply:client-C79DE3E06697->1d6da99a-ba9a-4d72-abd2-d0f1aa02f12f@group-B29EE812FB58, cid=1946, SUCCESS, logIndex=0, commits[1d6da99a-ba9a-4d72-abd2-d0f1aa02f12f:c2840, 9dc27687-2024-46ae-8b6e-c9027bfa400e:c2836, 9c9c57da-14dc-454a-b374-789aa5e765a9:c2836]
2019-09-16 23:35:05,697 [grpc-default-executor-1] INFO  client.GrpcClientProtocolClient (GrpcClientProtocolClient.java:onNext(264)) - client-C79DE3E06697->1d6da99a-ba9a-4d72-abd2-d0f1aa02f12f: receive RaftClientReply:client-C79DE3E06697->1d6da99a-ba9a-4d72-abd2-d0f1aa02f12f@group-B29EE812FB58, cid=1947, SUCCESS, logIndex=2843, commits[1d6da99a-ba9a-4d72-abd2-d0f1aa02f12f:c2844, 9dc27687-2024-46ae-8b6e-c9027bfa400e:c2842, 9c9c57da-14dc-454a-b374-789aa5e765a9:c2838]
2019-09-16 23:35:05,697 [grpc-default-executor-1] INFO  client.GrpcClientProtocolClient (GrpcClientProtocolClient.java:onNext(264)) - client-C79DE3E06697->1d6da99a-ba9a-4d72-abd2-d0f1aa02f12f: receive RaftClientReply:client-C79DE3E06697->1d6da99a-ba9a-4d72-abd2-d0f1aa02f12f@group-B29EE812FB58, cid=1948, SUCCESS, logIndex=2844, commits[1d6da99a-ba9a-4d72-abd2-d0f1aa02f12f:c2844, 9dc27687-2024-46ae-8b6e-c9027bfa400e:c2842, 9c9c57da-14dc-454a-b374-789aa5e765a9:c2842]
2019-09-16 23:35:05,720 [grpc-default-executor-3] INFO  client.GrpcClientProtocolClient (GrpcClientProtocolClient.java:onNext(264)) - client-C79DE3E06697->1d6da99a-ba9a-4d72-abd2-d0f1aa02f12f: receive RaftClientReply:client-C79DE3E06697->1d6da99a-ba9a-4d72-abd2-d0f1aa02f12f@group-B29EE812FB58, cid=1949, SUCCESS, logIndex=2847, commits[1d6da99a-ba9a-4d72-abd2-d0f1aa02f12f:c2848, 9dc27687-2024-46ae-8b6e-c9027bfa400e:c2846, 9c9c57da-14dc-454a-b374-789aa5e765a9:c2846]
2019-09-16 23:35:05,720 [grpc-default-executor-3] INFO  client.GrpcClientProtocolClient (GrpcClientProtocolClient.java:onNext(264)) - client-C79DE3E06697->1d6da99a-ba9a-4d72-abd2-d0f1aa02f12f: receive RaftClientReply:client-C79DE3E06697->1d6da99a-ba9a-4d72-abd2-d0f1aa02f12f@group-B29EE812FB58, cid=1950, SUCCESS, logIndex=2848, commits[1d6da99a-ba9a-4d72-abd2-d0f1aa02f12f:c2848, 9dc27687-2024-46ae-8b6e-c9027bfa400e:c2846, 9c9c57da-14dc-454a-b374-789aa5e765a9:c2846]
2019-09-16 23:35:05,732 [grpc-default-executor-3] INFO  client.GrpcClientProtocolClient (GrpcClientProtocolClient.java:onNext(264)) - client-C79DE3E06697->1d6da99a-ba9a-4d72-abd2-d0f1aa02f12f: receive RaftClientReply:client-C79DE3E06697->1d6da99a-ba9a-4d72-abd2-d0f1aa02f12f@group-B29EE812FB58, cid=1951, SUCCESS, logIndex=0, commits[1d6da99a-ba9a-4d72-abd2-d0f1aa02f12f:c2849, 9dc27687-2024-46ae-8b6e-c9027bfa400e:c2848, 9c9c57da-14dc-454a-b374-789aa5e765a9:c2848]
2019-09-16 23:35:05,756 [grpc-default-executor-7] INFO  client.GrpcClientProtocolClient (GrpcClientProtocolClient.java:onNext(264)) - client-C79DE3E06697->1d6da99a-ba9a-4d72-abd2-d0f1aa02f12f: receive RaftClientReply:client-C79DE3E06697->1d6da99a-ba9a-4d72-abd2-d0f1aa02f12f@group-B29EE812FB58, cid=1952, SUCCESS, logIndex=2851, commits[1d6da99a-ba9a-4d72-abd2-d0f1aa02f12f:c2852, 9dc27687-2024-46ae-8b6e-c9027bfa400e:c2850, 9c9c57da-14dc-454a-b374-789aa5e765a9:c2850]
2019-09-16 23:35:05,756 [grpc-default-executor-7] INFO  client.GrpcClientProtocolClient (GrpcClientProtocolClient.java:onNext(264)) - client-C79DE3E06697->1d6da99a-ba9a-4d72-abd2-d0f1aa02f12f: receive RaftClientReply:client-C79DE3E06697->1d6da99a-ba9a-4d72-abd2-d0f1aa02f12f@group-B29EE812FB58, cid=1953, SUCCESS, logIndex=2852, commits[1d6da99a-ba9a-4d72-abd2-d0f1aa02f12f:c2854, 9dc27687-2024-46ae-8b6e-c9027bfa400e:c2850, 9c9c57da-14dc-454a-b374-789aa5e765a9:c2850]
2019-09-16 23:35:05,757 [grpc-default-executor-7] INFO  client.GrpcClientProtocolClient (GrpcClientProtocolClient.java:onNext(264)) - client-C79DE3E06697->1d6da99a-ba9a-4d72-abd2-d0f1aa02f12f: receive RaftClientReply:client-C79DE3E06697->1d6da99a-ba9a-4d72-abd2-d0f1aa02f12f@group-B29EE812FB58, cid=1954, SUCCESS, logIndex=2853, commits[1d6da99a-ba9a-4d72-abd2-d0f1aa02f12f:c2854, 9dc27687-2024-46ae-8b6e-c9027bfa400e:c2850, 9c9c57da-14dc-454a-b374-789aa5e765a9:c2850]
2019-09-16 23:35:05,757 [grpc-default-executor-1] INFO  client.GrpcClientProtocolClient (GrpcClientProtocolClient.java:onNext(264)) - client-C79DE3E06697->1d6da99a-ba9a-4d72-abd2-d0f1aa02f12f: receive RaftClientReply:client-C79DE3E06697->1d6da99a-ba9a-4d72-abd2-d0f1aa02f12f@group-B29EE812FB58, cid=1955, SUCCESS, logIndex=2854, commits[1d6da99a-ba9a-4d72-abd2-d0f1aa02f12f:c2854, 9dc27687-2024-46ae-8b6e-c9027bfa400e:c2850, 9c9c57da-14dc-454a-b374-789aa5e765a9:c2850]
2019-09-16 23:35:05,757 [grpc-default-executor-1] INFO  client.GrpcClientProtocolClient (GrpcClientProtocolClient.java:onNext(264)) - client-C79DE3E06697->1d6da99a-ba9a-4d72-abd2-d0f1aa02f12f: receive RaftClientReply:client-C79DE3E06697->1d6da99a-ba9a-4d72-abd2-d0f1aa02f12f@group-B29EE812FB58, cid=1956, SUCCESS, logIndex=0, commits[1d6da99a-ba9a-4d72-abd2-d0f1aa02f12f:c2856, 9dc27687-2024-46ae-8b6e-c9027bfa400e:c2852, 9c9c57da-14dc-454a-b374-789aa5e765a9:c2852]
2019-09-16 23:35:05,775 [grpc-default-executor-7] INFO  client.GrpcClientProtocolClient (GrpcClientProtocolClient.java:onNext(264)) - client-C79DE3E06697->1d6da99a-ba9a-4d72-abd2-d0f1aa02f12f: receive RaftClientReply:client-C79DE3E06697->1d6da99a-ba9a-4d72-abd2-d0f1aa02f12f@group-B29EE812FB58, cid=1957, SUCCESS, logIndex=2858, commits[1d6da99a-ba9a-4d72-abd2-d0f1aa02f12f:c2859, 9dc27687-2024-46ae-8b6e-c9027bfa400e:c2857, 9c9c57da-14dc-454a-b374-789aa5e765a9:c2857]
2019-09-16 23:35:05,776 [grpc-default-executor-7] INFO  client.GrpcClientProtocolClient (GrpcClientProtocolClient.java:onNext(264)) - client-C79DE3E06697->1d6da99a-ba9a-4d72-abd2-d0f1aa02f12f: receive RaftClientReply:client-C79DE3E06697->1d6da99a-ba9a-4d72-abd2-d0f1aa02f12f@group-B29EE812FB58, cid=1958, SUCCESS, logIndex=2859, commits[1d6da99a-ba9a-4d72-abd2-d0f1aa02f12f:c2859, 9dc27687-2024-46ae-8b6e-c9027bfa400e:c2857, 9c9c57da-14dc-454a-b374-789aa5e765a9:c2857]
2019-09-16 23:35:05,794 [grpc-default-executor-7] INFO  client.GrpcClientProtocolClient (GrpcClientProtocolClient.java:onNext(264)) - client-C79DE3E06697->1d6da99a-ba9a-4d72-abd2-d0f1aa02f12f: receive RaftClientReply:client-C79DE3E06697->1d6da99a-ba9a-4d72-abd2-d0f1aa02f12f@group-B29EE812FB58, cid=1959, SUCCESS, logIndex=2862, commits[1d6da99a-ba9a-4d72-abd2-d0f1aa02f12f:c2863, 9dc27687-2024-46ae-8b6e-c9027bfa400e:c2861, 9c9c57da-14dc-454a-b374-789aa5e765a9:c2861]
2019-09-16 23:35:05,794 [grpc-default-executor-7] INFO  client.GrpcClientProtocolClient (GrpcClientProtocolClient.java:onNext(264)) - client-C79DE3E06697->1d6da99a-ba9a-4d72-abd2-d0f1aa02f12f: receive RaftClientReply:client-C79DE3E06697->1d6da99a-ba9a-4d72-abd2-d0f1aa02f12f@group-B29EE812FB58, cid=1960, SUCCESS, logIndex=2863, commits[1d6da99a-ba9a-4d72-abd2-d0f1aa02f12f:c2863, 9dc27687-2024-46ae-8b6e-c9027bfa400e:c2861, 9c9c57da-14dc-454a-b374-789aa5e765a9:c2861]
2019-09-16 23:35:05,807 [grpc-default-executor-7] INFO  client.GrpcClientProtocolClient (GrpcClientProtocolClient.java:onNext(264)) - client-C79DE3E06697->1d6da99a-ba9a-4d72-abd2-d0f1aa02f12f: receive RaftClientReply:client-C79DE3E06697->1d6da99a-ba9a-4d72-abd2-d0f1aa02f12f@group-B29EE812FB58, cid=1961, SUCCESS, logIndex=0, commits[1d6da99a-ba9a-4d72-abd2-d0f1aa02f12f:c2865, 9dc27687-2024-46ae-8b6e-c9027bfa400e:c2863, 9c9c57da-14dc-454a-b374-789aa5e765a9:c2863]
2019-09-16 23:35:05,830 [grpc-default-executor-1] INFO  client.GrpcClientProtocolClient (GrpcClientProtocolClient.java:onNext(264)) - client-C79DE3E06697->1d6da99a-ba9a-4d72-abd2-d0f1aa02f12f: receive RaftClientReply:client-C79DE3E06697->1d6da99a-ba9a-4d72-abd2-d0f1aa02f12f@group-B29EE812FB58, cid=1962, SUCCESS, logIndex=2866, commits[1d6da99a-ba9a-4d72-abd2-d0f1aa02f12f:c2867, 9dc27687-2024-46ae-8b6e-c9027bfa400e:c2865, 9c9c57da-14dc-454a-b374-789aa5e765a9:c2865]
2019-09-16 23:35:05,831 [grpc-default-executor-1] INFO  client.GrpcClientProtocolClient (GrpcClientProtocolClient.java:onNext(264)) - client-C79DE3E06697->1d6da99a-ba9a-4d72-abd2-d0f1aa02f12f: receive RaftClientReply:client-C79DE3E06697->1d6da99a-ba9a-4d72-abd2-d0f1aa02f12f@group-B29EE812FB58, cid=1963, SUCCESS, logIndex=2867, commits[1d6da99a-ba9a-4d72-abd2-d0f1aa02f12f:c2869, 9dc27687-2024-46ae-8b6e-c9027bfa400e:c2865, 9c9c57da-14dc-454a-b374-789aa5e765a9:c2865]
2019-09-16 23:35:05,831 [grpc-default-executor-1] INFO  client.GrpcClientProtocolClient (GrpcClientProtocolClient.java:onNext(264)) - client-C79DE3E06697->1d6da99a-ba9a-4d72-abd2-d0f1aa02f12f: receive RaftClientReply:client-C79DE3E06697->1d6da99a-ba9a-4d72-abd2-d0f1aa02f12f@group-B29EE812FB58, cid=1964, SUCCESS, logIndex=2868, commits[1d6da99a-ba9a-4d72-abd2-d0f1aa02f12f:c2869, 9dc27687-2024-46ae-8b6e-c9027bfa400e:c2865, 9c9c57da-14dc-454a-b374-789aa5e765a9:c2865]
2019-09-16 23:35:05,831 [grpc-default-executor-1] INFO  client.GrpcClientProtocolClient (GrpcClientProtocolClient.java:onNext(264)) - client-C79DE3E06697->1d6da99a-ba9a-4d72-abd2-d0f1aa02f12f: receive RaftClientReply:client-C79DE3E06697->1d6da99a-ba9a-4d72-abd2-d0f1aa02f12f@group-B29EE812FB58, cid=1965, SUCCESS, logIndex=2869, commits[1d6da99a-ba9a-4d72-abd2-d0f1aa02f12f:c2869, 9dc27687-2024-46ae-8b6e-c9027bfa400e:c2865, 9c9c57da-14dc-454a-b374-789aa5e765a9:c2865]
2019-09-16 23:35:05,834 [grpc-default-executor-1] INFO  client.GrpcClientProtocolClient (GrpcClientProtocolClient.java:onNext(264)) - client-C79DE3E06697->1d6da99a-ba9a-4d72-abd2-d0f1aa02f12f: receive RaftClientReply:client-C79DE3E06697->1d6da99a-ba9a-4d72-abd2-d0f1aa02f12f@group-B29EE812FB58, cid=1966, SUCCESS, logIndex=0, commits[1d6da99a-ba9a-4d72-abd2-d0f1aa02f12f:c2873, 9dc27687-2024-46ae-8b6e-c9027bfa400e:c2867, 9c9c57da-14dc-454a-b374-789aa5e765a9:c2869]
2019-09-16 23:35:05,852 [grpc-default-executor-1] INFO  client.GrpcClientProtocolClient (GrpcClientProtocolClient.java:onNext(264)) - client-C79DE3E06697->1d6da99a-ba9a-4d72-abd2-d0f1aa02f12f: receive RaftClientReply:client-C79DE3E06697->1d6da99a-ba9a-4d72-abd2-d0f1aa02f12f@group-B29EE812FB58, cid=1967, SUCCESS, logIndex=2874, commits[1d6da99a-ba9a-4d72-abd2-d0f1aa02f12f:c2875, 9dc27687-2024-46ae-8b6e-c9027bfa400e:c2873, 9c9c57da-14dc-454a-b374-789aa5e765a9:c2873]
2019-09-16 23:35:05,853 [grpc-default-executor-1] INFO  client.GrpcClientProtocolClient (GrpcClientProtocolClient.java:onNext(264)) - client-C79DE3E06697->1d6da99a-ba9a-4d72-abd2-d0f1aa02f12f: receive RaftClientReply:client-C79DE3E06697->1d6da99a-ba9a-4d72-abd2-d0f1aa02f12f@group-B29EE812FB58, cid=1968, SUCCESS, logIndex=2875, commits[1d6da99a-ba9a-4d72-abd2-d0f1aa02f12f:c2875, 9dc27687-2024-46ae-8b6e-c9027bfa400e:c2873, 9c9c57da-14dc-454a-b374-789aa5e765a9:c2873]
2019-09-16 23:35:05,877 [grpc-default-executor-7] INFO  client.GrpcClientProtocolClient (GrpcClientProtocolClient.java:onNext(264)) - client-C79DE3E06697->1d6da99a-ba9a-4d72-abd2-d0f1aa02f12f: receive RaftClientReply:client-C79DE3E06697->1d6da99a-ba9a-4d72-abd2-d0f1aa02f12f@group-B29EE812FB58, cid=1969, SUCCESS, logIndex=2878, commits[1d6da99a-ba9a-4d72-abd2-d0f1aa02f12f:c2879, 9dc27687-2024-46ae-8b6e-c9027bfa400e:c2875, 9c9c57da-14dc-454a-b374-789aa5e765a9:c2875]
2019-09-16 23:35:05,877 [grpc-default-executor-7] INFO  client.GrpcClientProtocolClient (GrpcClientProtocolClient.java:onNext(264)) - client-C79DE3E06697->1d6da99a-ba9a-4d72-abd2-d0f1aa02f12f: receive RaftClientReply:client-C79DE3E06697->1d6da99a-ba9a-4d72-abd2-d0f1aa02f12f@group-B29EE812FB58, cid=1970, SUCCESS, logIndex=2879, commits[1d6da99a-ba9a-4d72-abd2-d0f1aa02f12f:c2879, 9dc27687-2024-46ae-8b6e-c9027bfa400e:c2875, 9c9c57da-14dc-454a-b374-789aa5e765a9:c2875]
2019-09-16 23:35:05,891 [grpc-default-executor-7] INFO  client.GrpcClientProtocolClient (GrpcClientProtocolClient.java:onNext(264)) - client-C79DE3E06697->1d6da99a-ba9a-4d72-abd2-d0f1aa02f12f: receive RaftClientReply:client-C79DE3E06697->1d6da99a-ba9a-4d72-abd2-d0f1aa02f12f@group-B29EE812FB58, cid=1971, SUCCESS, logIndex=0, commits[1d6da99a-ba9a-4d72-abd2-d0f1aa02f12f:c2881, 9dc27687-2024-46ae-8b6e-c9027bfa400e:c2879, 9c9c57da-14dc-454a-b374-789aa5e765a9:c2879]
2019-09-16 23:35:05,920 [grpc-default-executor-3] INFO  client.GrpcClientProtocolClient (GrpcClientProtocolClient.java:onNext(264)) - client-C79DE3E06697->1d6da99a-ba9a-4d72-abd2-d0f1aa02f12f: receive RaftClientReply:client-C79DE3E06697->1d6da99a-ba9a-4d72-abd2-d0f1aa02f12f@group-B29EE812FB58, cid=1972, SUCCESS, logIndex=2882, commits[1d6da99a-ba9a-4d72-abd2-d0f1aa02f12f:c2883, 9dc27687-2024-46ae-8b6e-c9027bfa400e:c2881, 9c9c57da-14dc-454a-b374-789aa5e765a9:c2881]
2019-09-16 23:35:05,921 [grpc-default-executor-3] INFO  client.GrpcClientProtocolClient (GrpcClientProtocolClient.java:onNext(264)) - client-C79DE3E06697->1d6da99a-ba9a-4d72-abd2-d0f1aa02f12f: receive RaftClientReply:client-C79DE3E06697->1d6da99a-ba9a-4d72-abd2-d0f1aa02f12f@group-B29EE812FB58, cid=1973, SUCCESS, logIndex=2883, commits[1d6da99a-ba9a-4d72-abd2-d0f1aa02f12f:c2885, 9dc27687-2024-46ae-8b6e-c9027bfa400e:c2881, 9c9c57da-14dc-454a-b374-789aa5e765a9:c2881]
2019-09-16 23:35:05,921 [grpc-default-executor-3] INFO  client.GrpcClientProtocolClient (GrpcClientProtocolClient.java:onNext(264)) - client-C79DE3E06697->1d6da99a-ba9a-4d72-abd2-d0f1aa02f12f: receive RaftClientReply:client-C79DE3E06697->1d6da99a-ba9a-4d72-abd2-d0f1aa02f12f@group-B29EE812FB58, cid=1974, SUCCESS, logIndex=2884, commits[1d6da99a-ba9a-4d72-abd2-d0f1aa02f12f:c2885, 9dc27687-2024-46ae-8b6e-c9027bfa400e:c2881, 9c9c57da-14dc-454a-b374-789aa5e765a9:c2881]
2019-09-16 23:35:05,921 [grpc-default-executor-3] INFO  client.GrpcClientProtocolClient (GrpcClientProtocolClient.java:onNext(264)) - client-C79DE3E06697->1d6da99a-ba9a-4d72-abd2-d0f1aa02f12f: receive RaftClientReply:client-C79DE3E06697->1d6da99a-ba9a-4d72-abd2-d0f1aa02f12f@group-B29EE812FB58, cid=1975, SUCCESS, logIndex=2885, commits[1d6da99a-ba9a-4d72-abd2-d0f1aa02f12f:c2885, 9dc27687-2024-46ae-8b6e-c9027bfa400e:c2881, 9c9c57da-14dc-454a-b374-789aa5e765a9:c2881]
2019-09-16 23:35:05,923 [grpc-default-executor-7] INFO  client.GrpcClientProtocolClient (GrpcClientProtocolClient.java:onNext(264)) - client-C79DE3E06697->1d6da99a-ba9a-4d72-abd2-d0f1aa02f12f: receive RaftClientReply:client-C79DE3E06697->1d6da99a-ba9a-4d72-abd2-d0f1aa02f12f@group-B29EE812FB58, cid=1976, SUCCESS, logIndex=0, commits[1d6da99a-ba9a-4d72-abd2-d0f1aa02f12f:c2886, 9dc27687-2024-46ae-8b6e-c9027bfa400e:c2883, 9c9c57da-14dc-454a-b374-789aa5e765a9:c2883]
2019-09-16 23:35:05,935 [grpc-default-executor-7] INFO  client.GrpcClientProtocolClient (GrpcClientProtocolClient.java:onNext(264)) - client-C79DE3E06697->1d6da99a-ba9a-4d72-abd2-d0f1aa02f12f: receive RaftClientReply:client-C79DE3E06697->1d6da99a-ba9a-4d72-abd2-d0f1aa02f12f@group-B29EE812FB58, cid=1977, SUCCESS, logIndex=2890, commits[1d6da99a-ba9a-4d72-abd2-d0f1aa02f12f:c2891, 9dc27687-2024-46ae-8b6e-c9027bfa400e:c2885, 9c9c57da-14dc-454a-b374-789aa5e765a9:c2889]
2019-09-16 23:35:05,935 [grpc-default-executor-7] INFO  client.GrpcClientProtocolClient (GrpcClientProtocolClient.java:onNext(264)) - client-C79DE3E06697->1d6da99a-ba9a-4d72-abd2-d0f1aa02f12f: receive RaftClientReply:client-C79DE3E06697->1d6da99a-ba9a-4d72-abd2-d0f1aa02f12f@group-B29EE812FB58, cid=1978, SUCCESS, logIndex=2891, commits[1d6da99a-ba9a-4d72-abd2-d0f1aa02f12f:c2891, 9dc27687-2024-46ae-8b6e-c9027bfa400e:c2889, 9c9c57da-14dc-454a-b374-789aa5e765a9:c2889]
2019-09-16 23:35:05,946 [grpc-default-executor-7] INFO  client.GrpcClientProtocolClient (GrpcClientProtocolClient.java:onNext(264)) - client-C79DE3E06697->1d6da99a-ba9a-4d72-abd2-d0f1aa02f12f: receive RaftClientReply:client-C79DE3E06697->1d6da99a-ba9a-4d72-abd2-d0f1aa02f12f@group-B29EE812FB58, cid=1979, SUCCESS, logIndex=2894, commits[1d6da99a-ba9a-4d72-abd2-d0f1aa02f12f:c2895, 9dc27687-2024-46ae-8b6e-c9027bfa400e:c2891, 9c9c57da-14dc-454a-b374-789aa5e765a9:c2893]
2019-09-16 23:35:05,947 [grpc-default-executor-7] INFO  client.GrpcClientProtocolClient (GrpcClientProtocolClient.java:onNext(264)) - client-C79DE3E06697->1d6da99a-ba9a-4d72-abd2-d0f1aa02f12f: receive RaftClientReply:client-C79DE3E06697->1d6da99a-ba9a-4d72-abd2-d0f1aa02f12f@group-B29EE812FB58, cid=1980, SUCCESS, logIndex=2895, commits[1d6da99a-ba9a-4d72-abd2-d0f1aa02f12f:c2895, 9dc27687-2024-46ae-8b6e-c9027bfa400e:c2893, 9c9c57da-14dc-454a-b374-789aa5e765a9:c2893]
2019-09-16 23:35:05,948 [grpc-default-executor-7] INFO  client.GrpcClientProtocolClient (GrpcClientProtocolClient.java:onNext(264)) - client-C79DE3E06697->1d6da99a-ba9a-4d72-abd2-d0f1aa02f12f: receive RaftClientReply:client-C79DE3E06697->1d6da99a-ba9a-4d72-abd2-d0f1aa02f12f@group-B29EE812FB58, cid=1981, SUCCESS, logIndex=0, commits[1d6da99a-ba9a-4d72-abd2-d0f1aa02f12f:c2896, 9dc27687-2024-46ae-8b6e-c9027bfa400e:c2895, 9c9c57da-14dc-454a-b374-789aa5e765a9:c2895]
2019-09-16 23:35:05,983 [grpc-default-executor-1] INFO  client.GrpcClientProtocolClient (GrpcClientProtocolClient.java:onNext(264)) - client-C79DE3E06697->1d6da99a-ba9a-4d72-abd2-d0f1aa02f12f: receive RaftClientReply:client-C79DE3E06697->1d6da99a-ba9a-4d72-abd2-d0f1aa02f12f@group-B29EE812FB58, cid=1982, SUCCESS, logIndex=2898, commits[1d6da99a-ba9a-4d72-abd2-d0f1aa02f12f:c2899, 9dc27687-2024-46ae-8b6e-c9027bfa400e:c2897, 9c9c57da-14dc-454a-b374-789aa5e765a9:c2897]
2019-09-16 23:35:05,983 [grpc-default-executor-1] INFO  client.GrpcClientProtocolClient (GrpcClientProtocolClient.java:onNext(264)) - client-C79DE3E06697->1d6da99a-ba9a-4d72-abd2-d0f1aa02f12f: receive RaftClientReply:client-C79DE3E06697->1d6da99a-ba9a-4d72-abd2-d0f1aa02f12f@group-B29EE812FB58, cid=1983, SUCCESS, logIndex=2899, commits[1d6da99a-ba9a-4d72-abd2-d0f1aa02f12f:c2899, 9dc27687-2024-46ae-8b6e-c9027bfa400e:c2897, 9c9c57da-14dc-454a-b374-789aa5e765a9:c2897]
2019-09-16 23:35:05,985 [grpc-default-executor-6] INFO  client.GrpcClientProtocolClient (GrpcClientProtocolClient.java:onNext(264)) - client-C79DE3E06697->1d6da99a-ba9a-4d72-abd2-d0f1aa02f12f: receive RaftClientReply:client-C79DE3E06697->1d6da99a-ba9a-4d72-abd2-d0f1aa02f12f@group-B29EE812FB58, cid=1984, SUCCESS, logIndex=2900, commits[1d6da99a-ba9a-4d72-abd2-d0f1aa02f12f:c2901, 9dc27687-2024-46ae-8b6e-c9027bfa400e:c2897, 9c9c57da-14dc-454a-b374-789aa5e765a9:c2897]
2019-09-16 23:35:05,985 [grpc-default-executor-6] INFO  client.GrpcClientProtocolClient (GrpcClientProtocolClient.java:onNext(264)) - client-C79DE3E06697->1d6da99a-ba9a-4d72-abd2-d0f1aa02f12f: receive RaftClientReply:client-C79DE3E06697->1d6da99a-ba9a-4d72-abd2-d0f1aa02f12f@group-B29EE812FB58, cid=1985, SUCCESS, logIndex=2901, commits[1d6da99a-ba9a-4d72-abd2-d0f1aa02f12f:c2901, 9dc27687-2024-46ae-8b6e-c9027bfa400e:c2897, 9c9c57da-14dc-454a-b374-789aa5e765a9:c2897]
2019-09-16 23:35:06,111 [grpc-default-executor-6] INFO  client.GrpcClientProtocolClient (GrpcClientProtocolClient.java:onNext(264)) - client-C79DE3E06697->1d6da99a-ba9a-4d72-abd2-d0f1aa02f12f: receive RaftClientReply:client-C79DE3E06697->1d6da99a-ba9a-4d72-abd2-d0f1aa02f12f@group-B29EE812FB58, cid=1986, SUCCESS, logIndex=0, commits[1d6da99a-ba9a-4d72-abd2-d0f1aa02f12f:c2903, 9dc27687-2024-46ae-8b6e-c9027bfa400e:c2901, 9c9c57da-14dc-454a-b374-789aa5e765a9:c2899]
2019-09-16 23:35:06,124 [grpc-default-executor-6] INFO  client.GrpcClientProtocolClient (GrpcClientProtocolClient.java:onNext(264)) - client-C79DE3E06697->1d6da99a-ba9a-4d72-abd2-d0f1aa02f12f: receive RaftClientReply:client-C79DE3E06697->1d6da99a-ba9a-4d72-abd2-d0f1aa02f12f@group-B29EE812FB58, cid=1987, SUCCESS, logIndex=2905, commits[1d6da99a-ba9a-4d72-abd2-d0f1aa02f12f:c2906, 9dc27687-2024-46ae-8b6e-c9027bfa400e:c2901, 9c9c57da-14dc-454a-b374-789aa5e765a9:c2903]
2019-09-16 23:35:06,125 [grpc-default-executor-6] INFO  client.GrpcClientProtocolClient (GrpcClientProtocolClient.java:onNext(264)) - client-C79DE3E06697->1d6da99a-ba9a-4d72-abd2-d0f1aa02f12f: receive RaftClientReply:client-C79DE3E06697->1d6da99a-ba9a-4d72-abd2-d0f1aa02f12f@group-B29EE812FB58, cid=1988, SUCCESS, logIndex=2906, commits[1d6da99a-ba9a-4d72-abd2-d0f1aa02f12f:c2906, 9dc27687-2024-46ae-8b6e-c9027bfa400e:c2901, 9c9c57da-14dc-454a-b374-789aa5e765a9:c2903]
2019-09-16 23:35:06,138 [grpc-default-executor-3] INFO  client.GrpcClientProtocolClient (GrpcClientProtocolClient.java:onNext(264)) - client-C79DE3E06697->1d6da99a-ba9a-4d72-abd2-d0f1aa02f12f: receive RaftClientReply:client-C79DE3E06697->1d6da99a-ba9a-4d72-abd2-d0f1aa02f12f@group-B29EE812FB58, cid=1989, SUCCESS, logIndex=2909, commits[1d6da99a-ba9a-4d72-abd2-d0f1aa02f12f:c2910, 9dc27687-2024-46ae-8b6e-c9027bfa400e:c2903, 9c9c57da-14dc-454a-b374-789aa5e765a9:c2906]
2019-09-16 23:35:06,138 [grpc-default-executor-3] INFO  client.GrpcClientProtocolClient (GrpcClientProtocolClient.java:onNext(264)) - client-C79DE3E06697->1d6da99a-ba9a-4d72-abd2-d0f1aa02f12f: receive RaftClientReply:client-C79DE3E06697->1d6da99a-ba9a-4d72-abd2-d0f1aa02f12f@group-B29EE812FB58, cid=1990, SUCCESS, logIndex=2910, commits[1d6da99a-ba9a-4d72-abd2-d0f1aa02f12f:c2910, 9dc27687-2024-46ae-8b6e-c9027bfa400e:c2906, 9c9c57da-14dc-454a-b374-789aa5e765a9:c2906]
2019-09-16 23:35:06,139 [grpc-default-executor-3] INFO  client.GrpcClientProtocolClient (GrpcClientProtocolClient.java:onNext(264)) - client-C79DE3E06697->1d6da99a-ba9a-4d72-abd2-d0f1aa02f12f: receive RaftClientReply:client-C79DE3E06697->1d6da99a-ba9a-4d72-abd2-d0f1aa02f12f@group-B29EE812FB58, cid=1991, SUCCESS, logIndex=0, commits[1d6da99a-ba9a-4d72-abd2-d0f1aa02f12f:c2911, 9dc27687-2024-46ae-8b6e-c9027bfa400e:c2910, 9c9c57da-14dc-454a-b374-789aa5e765a9:c2910]
2019-09-16 23:35:06,171 [grpc-default-executor-7] INFO  client.GrpcClientProtocolClient (GrpcClientProtocolClient.java:onNext(264)) - client-C79DE3E06697->1d6da99a-ba9a-4d72-abd2-d0f1aa02f12f: receive RaftClientReply:client-C79DE3E06697->1d6da99a-ba9a-4d72-abd2-d0f1aa02f12f@group-B29EE812FB58, cid=1992, SUCCESS, logIndex=2913, commits[1d6da99a-ba9a-4d72-abd2-d0f1aa02f12f:c2914, 9dc27687-2024-46ae-8b6e-c9027bfa400e:c2912, 9c9c57da-14dc-454a-b374-789aa5e765a9:c2912]
2019-09-16 23:35:06,171 [grpc-default-executor-7] INFO  client.GrpcClientProtocolClient (GrpcClientProtocolClient.java:onNext(264)) - client-C79DE3E06697->1d6da99a-ba9a-4d72-abd2-d0f1aa02f12f: receive RaftClientReply:client-C79DE3E06697->1d6da99a-ba9a-4d72-abd2-d0f1aa02f12f@group-B29EE812FB58, cid=1993, SUCCESS, logIndex=2914, commits[1d6da99a-ba9a-4d72-abd2-d0f1aa02f12f:c2914, 9dc27687-2024-46ae-8b6e-c9027bfa400e:c2912, 9c9c57da-14dc-454a-b374-789aa5e765a9:c2912]
2019-09-16 23:35:06,172 [grpc-default-executor-6] INFO  client.GrpcClientProtocolClient (GrpcClientProtocolClient.java:onNext(264)) - client-C79DE3E06697->1d6da99a-ba9a-4d72-abd2-d0f1aa02f12f: receive RaftClientReply:client-C79DE3E06697->1d6da99a-ba9a-4d72-abd2-d0f1aa02f12f@group-B29EE812FB58, cid=1994, SUCCESS, logIndex=2915, commits[1d6da99a-ba9a-4d72-abd2-d0f1aa02f12f:c2916, 9dc27687-2024-46ae-8b6e-c9027bfa400e:c2912, 9c9c57da-14dc-454a-b374-789aa5e765a9:c2912]
2019-09-16 23:35:06,173 [grpc-default-executor-6] INFO  client.GrpcClientProtocolClient (GrpcClientProtocolClient.java:onNext(264)) - client-C79DE3E06697->1d6da99a-ba9a-4d72-abd2-d0f1aa02f12f: receive RaftClientReply:client-C79DE3E06697->1d6da99a-ba9a-4d72-abd2-d0f1aa02f12f@group-B29EE812FB58, cid=1995, SUCCESS, logIndex=2916, commits[1d6da99a-ba9a-4d72-abd2-d0f1aa02f12f:c2916, 9dc27687-2024-46ae-8b6e-c9027bfa400e:c2912, 9c9c57da-14dc-454a-b374-789aa5e765a9:c2912]
2019-09-16 23:35:06,184 [grpc-default-executor-6] INFO  client.GrpcClientProtocolClient (GrpcClientProtocolClient.java:onNext(264)) - client-C79DE3E06697->1d6da99a-ba9a-4d72-abd2-d0f1aa02f12f: receive RaftClientReply:client-C79DE3E06697->1d6da99a-ba9a-4d72-abd2-d0f1aa02f12f@group-B29EE812FB58, cid=1996, SUCCESS, logIndex=0, commits[1d6da99a-ba9a-4d72-abd2-d0f1aa02f12f:c2918, 9dc27687-2024-46ae-8b6e-c9027bfa400e:c2914, 9c9c57da-14dc-454a-b374-789aa5e765a9:c2914]
2019-09-16 23:35:06,204 [grpc-default-executor-6] INFO  client.GrpcClientProtocolClient (GrpcClientProtocolClient.java:onNext(264)) - client-C79DE3E06697->1d6da99a-ba9a-4d72-abd2-d0f1aa02f12f: receive RaftClientReply:client-C79DE3E06697->1d6da99a-ba9a-4d72-abd2-d0f1aa02f12f@group-B29EE812FB58, cid=1997, SUCCESS, logIndex=2921, commits[1d6da99a-ba9a-4d72-abd2-d0f1aa02f12f:c2922, 9dc27687-2024-46ae-8b6e-c9027bfa400e:c2920, 9c9c57da-14dc-454a-b374-789aa5e765a9:c2920]
2019-09-16 23:35:06,204 [grpc-default-executor-6] INFO  client.GrpcClientProtocolClient (GrpcClientProtocolClient.java:onNext(264)) - client-C79DE3E06697->1d6da99a-ba9a-4d72-abd2-d0f1aa02f12f: receive RaftClientReply:client-C79DE3E06697->1d6da99a-ba9a-4d72-abd2-d0f1aa02f12f@group-B29EE812FB58, cid=1998, SUCCESS, logIndex=2922, commits[1d6da99a-ba9a-4d72-abd2-d0f1aa02f12f:c2922, 9dc27687-2024-46ae-8b6e-c9027bfa400e:c2920, 9c9c57da-14dc-454a-b374-789aa5e765a9:c2920]
2019-09-16 23:35:06,219 [grpc-default-executor-3] INFO  client.GrpcClientProtocolClient (GrpcClientProtocolClient.java:onNext(264)) - client-C79DE3E06697->1d6da99a-ba9a-4d72-abd2-d0f1aa02f12f: receive RaftClientReply:client-C79DE3E06697->1d6da99a-ba9a-4d72-abd2-d0f1aa02f12f@group-B29EE812FB58, cid=1999, SUCCESS, logIndex=2925, commits[1d6da99a-ba9a-4d72-abd2-d0f1aa02f12f:c2925, 9dc27687-2024-46ae-8b6e-c9027bfa400e:c2922, 9c9c57da-14dc-454a-b374-789aa5e765a9:c2922]
2019-09-16 23:35:06,219 [grpc-default-executor-3] INFO  client.GrpcClientProtocolClient (GrpcClientProtocolClient.java:onNext(264)) - client-C79DE3E06697->1d6da99a-ba9a-4d72-abd2-d0f1aa02f12f: receive RaftClientReply:client-C79DE3E06697->1d6da99a-ba9a-4d72-abd2-d0f1aa02f12f@group-B29EE812FB58, cid=2000, SUCCESS, logIndex=2926, commits[1d6da99a-ba9a-4d72-abd2-d0f1aa02f12f:c2926, 9dc27687-2024-46ae-8b6e-c9027bfa400e:c2922, 9c9c57da-14dc-454a-b374-789aa5e765a9:c2922]
2019-09-16 23:35:06,248 [grpc-default-executor-3] INFO  client.GrpcClientProtocolClient (GrpcClientProtocolClient.java:onNext(264)) - client-C79DE3E06697->1d6da99a-ba9a-4d72-abd2-d0f1aa02f12f: receive RaftClientReply:client-C79DE3E06697->1d6da99a-ba9a-4d72-abd2-d0f1aa02f12f@group-B29EE812FB58, cid=2001, SUCCESS, logIndex=0, commits[1d6da99a-ba9a-4d72-abd2-d0f1aa02f12f:c2928, 9dc27687-2024-46ae-8b6e-c9027bfa400e:c2926, 9c9c57da-14dc-454a-b374-789aa5e765a9:c2926]
2019-09-16 23:35:06,278 [grpc-default-executor-7] INFO  client.GrpcClientProtocolClient (GrpcClientProtocolClient.java:onNext(264)) - client-C79DE3E06697->1d6da99a-ba9a-4d72-abd2-d0f1aa02f12f: receive RaftClientReply:client-C79DE3E06697->1d6da99a-ba9a-4d72-abd2-d0f1aa02f12f@group-B29EE812FB58, cid=2002, SUCCESS, logIndex=2929, commits[1d6da99a-ba9a-4d72-abd2-d0f1aa02f12f:c2930, 9dc27687-2024-46ae-8b6e-c9027bfa400e:c2928, 9c9c57da-14dc-454a-b374-789aa5e765a9:c2928]
2019-09-16 23:35:06,279 [grpc-default-executor-7] INFO  client.GrpcClientProtocolClient (GrpcClientProtocolClient.java:onNext(264)) - client-C79DE3E06697->1d6da99a-ba9a-4d72-abd2-d0f1aa02f12f: receive RaftClientReply:client-C79DE3E06697->1d6da99a-ba9a-4d72-abd2-d0f1aa02f12f@group-B29EE812FB58, cid=2003, SUCCESS, logIndex=2930, commits[1d6da99a-ba9a-4d72-abd2-d0f1aa02f12f:c2930, 9dc27687-2024-46ae-8b6e-c9027bfa400e:c2928, 9c9c57da-14dc-454a-b374-789aa5e765a9:c2928]
2019-09-16 23:35:06,290 [grpc-default-executor-6] INFO  client.GrpcClientProtocolClient (GrpcClientProtocolClient.java:onNext(264)) - client-C79DE3E06697->1d6da99a-ba9a-4d72-abd2-d0f1aa02f12f: receive RaftClientReply:client-C79DE3E06697->1d6da99a-ba9a-4d72-abd2-d0f1aa02f12f@group-B29EE812FB58, cid=2004, SUCCESS, logIndex=2931, commits[1d6da99a-ba9a-4d72-abd2-d0f1aa02f12f:c2932, 9dc27687-2024-46ae-8b6e-c9027bfa400e:c2928, 9c9c57da-14dc-454a-b374-789aa5e765a9:c2928]
2019-09-16 23:35:06,290 [grpc-default-executor-6] INFO  client.GrpcClientProtocolClient (GrpcClientProtocolClient.java:onNext(264)) - client-C79DE3E06697->1d6da99a-ba9a-4d72-abd2-d0f1aa02f12f: receive RaftClientReply:client-C79DE3E06697->1d6da99a-ba9a-4d72-abd2-d0f1aa02f12f@group-B29EE812FB58, cid=2005, SUCCESS, logIndex=2932, commits[1d6da99a-ba9a-4d72-abd2-d0f1aa02f12f:c2932, 9dc27687-2024-46ae-8b6e-c9027bfa400e:c2928, 9c9c57da-14dc-454a-b374-789aa5e765a9:c2928]
2019-09-16 23:35:06,293 [grpc-default-executor-6] INFO  client.GrpcClientProtocolClient (GrpcClientProtocolClient.java:onNext(264)) - client-C79DE3E06697->1d6da99a-ba9a-4d72-abd2-d0f1aa02f12f: receive RaftClientReply:client-C79DE3E06697->1d6da99a-ba9a-4d72-abd2-d0f1aa02f12f@group-B29EE812FB58, cid=2006, SUCCESS, logIndex=0, commits[1d6da99a-ba9a-4d72-abd2-d0f1aa02f12f:c2934, 9dc27687-2024-46ae-8b6e-c9027bfa400e:c2930, 9c9c57da-14dc-454a-b374-789aa5e765a9:c2930]
2019-09-16 23:35:06,307 [grpc-default-executor-6] INFO  client.GrpcClientProtocolClient (GrpcClientProtocolClient.java:onNext(264)) - client-C79DE3E06697->1d6da99a-ba9a-4d72-abd2-d0f1aa02f12f: receive RaftClientReply:client-C79DE3E06697->1d6da99a-ba9a-4d72-abd2-d0f1aa02f12f@group-B29EE812FB58, cid=2007, SUCCESS, logIndex=2936, commits[1d6da99a-ba9a-4d72-abd2-d0f1aa02f12f:c2937, 9dc27687-2024-46ae-8b6e-c9027bfa400e:c2932, 9c9c57da-14dc-454a-b374-789aa5e765a9:c2934]
2019-09-16 23:35:06,307 [grpc-default-executor-6] INFO  client.GrpcClientProtocolClient (GrpcClientProtocolClient.java:onNext(264)) - client-C79DE3E06697->1d6da99a-ba9a-4d72-abd2-d0f1aa02f12f: receive RaftClientReply:client-C79DE3E06697->1d6da99a-ba9a-4d72-abd2-d0f1aa02f12f@group-B29EE812FB58, cid=2008, SUCCESS, logIndex=2937, commits[1d6da99a-ba9a-4d72-abd2-d0f1aa02f12f:c2937, 9dc27687-2024-46ae-8b6e-c9027bfa400e:c2934, 9c9c57da-14dc-454a-b374-789aa5e765a9:c2934]
2019-09-16 23:35:06,320 [grpc-default-executor-3] INFO  client.GrpcClientProtocolClient (GrpcClientProtocolClient.java:onNext(264)) - client-C79DE3E06697->1d6da99a-ba9a-4d72-abd2-d0f1aa02f12f: receive RaftClientReply:client-C79DE3E06697->1d6da99a-ba9a-4d72-abd2-d0f1aa02f12f@group-B29EE812FB58, cid=2009, SUCCESS, logIndex=2939, commits[1d6da99a-ba9a-4d72-abd2-d0f1aa02f12f:c2940, 9dc27687-2024-46ae-8b6e-c9027bfa400e:c2937, 9c9c57da-14dc-454a-b374-789aa5e765a9:c2937]
2019-09-16 23:35:06,320 [grpc-default-executor-3] INFO  client.GrpcClientProtocolClient (GrpcClientProtocolClient.java:onNext(264)) - client-C79DE3E06697->1d6da99a-ba9a-4d72-abd2-d0f1aa02f12f: receive RaftClientReply:client-C79DE3E06697->1d6da99a-ba9a-4d72-abd2-d0f1aa02f12f@group-B29EE812FB58, cid=2010, SUCCESS, logIndex=2940, commits[1d6da99a-ba9a-4d72-abd2-d0f1aa02f12f:c2940, 9dc27687-2024-46ae-8b6e-c9027bfa400e:c2937, 9c9c57da-14dc-454a-b374-789aa5e765a9:c2937]
2019-09-16 23:35:06,323 [grpc-default-executor-3] INFO  client.GrpcClientProtocolClient (GrpcClientProtocolClient.java:onNext(264)) - client-C79DE3E06697->1d6da99a-ba9a-4d72-abd2-d0f1aa02f12f: receive RaftClientReply:client-C79DE3E06697->1d6da99a-ba9a-4d72-abd2-d0f1aa02f12f@group-B29EE812FB58, cid=2011, SUCCESS, logIndex=0, commits[1d6da99a-ba9a-4d72-abd2-d0f1aa02f12f:c2942, 9dc27687-2024-46ae-8b6e-c9027bfa400e:c2940, 9c9c57da-14dc-454a-b374-789aa5e765a9:c2940]
2019-09-16 23:35:06,350 [grpc-default-executor-7] INFO  client.GrpcClientProtocolClient (GrpcClientProtocolClient.java:onNext(264)) - client-C79DE3E06697->1d6da99a-ba9a-4d72-abd2-d0f1aa02f12f: receive RaftClientReply:client-C79DE3E06697->1d6da99a-ba9a-4d72-abd2-d0f1aa02f12f@group-B29EE812FB58, cid=2012, SUCCESS, logIndex=2943, commits[1d6da99a-ba9a-4d72-abd2-d0f1aa02f12f:c2945, 9dc27687-2024-46ae-8b6e-c9027bfa400e:c2942, 9c9c57da-14dc-454a-b374-789aa5e765a9:c2942]
2019-09-16 23:35:06,351 [grpc-default-executor-7] INFO  client.GrpcClientProtocolClient (GrpcClientProtocolClient.java:onNext(264)) - client-C79DE3E06697->1d6da99a-ba9a-4d72-abd2-d0f1aa02f12f: receive RaftClientReply:client-C79DE3E06697->1d6da99a-ba9a-4d72-abd2-d0f1aa02f12f@group-B29EE812FB58, cid=2013, SUCCESS, logIndex=2944, commits[1d6da99a-ba9a-4d72-abd2-d0f1aa02f12f:c2946, 9dc27687-2024-46ae-8b6e-c9027bfa400e:c2942, 9c9c57da-14dc-454a-b374-789aa5e765a9:c2942]
2019-09-16 23:35:06,351 [grpc-default-executor-7] INFO  client.GrpcClientProtocolClient (GrpcClientProtocolClient.java:onNext(264)) - client-C79DE3E06697->1d6da99a-ba9a-4d72-abd2-d0f1aa02f12f: receive RaftClientReply:client-C79DE3E06697->1d6da99a-ba9a-4d72-abd2-d0f1aa02f12f@group-B29EE812FB58, cid=2014, SUCCESS, logIndex=2945, commits[1d6da99a-ba9a-4d72-abd2-d0f1aa02f12f:c2946, 9dc27687-2024-46ae-8b6e-c9027bfa400e:c2942, 9c9c57da-14dc-454a-b374-789aa5e765a9:c2942]
2019-09-16 23:35:06,351 [grpc-default-executor-7] INFO  client.GrpcClientProtocolClient (GrpcClientProtocolClient.java:onNext(264)) - client-C79DE3E06697->1d6da99a-ba9a-4d72-abd2-d0f1aa02f12f: receive RaftClientReply:client-C79DE3E06697->1d6da99a-ba9a-4d72-abd2-d0f1aa02f12f@group-B29EE812FB58, cid=2015, SUCCESS, logIndex=2946, commits[1d6da99a-ba9a-4d72-abd2-d0f1aa02f12f:c2946, 9dc27687-2024-46ae-8b6e-c9027bfa400e:c2942, 9c9c57da-14dc-454a-b374-789aa5e765a9:c2942]
2019-09-16 23:35:06,364 [grpc-default-executor-7] INFO  client.GrpcClientProtocolClient (GrpcClientProtocolClient.java:onNext(264)) - client-C79DE3E06697->1d6da99a-ba9a-4d72-abd2-d0f1aa02f12f: receive RaftClientReply:client-C79DE3E06697->1d6da99a-ba9a-4d72-abd2-d0f1aa02f12f@group-B29EE812FB58, cid=2016, SUCCESS, logIndex=0, commits[1d6da99a-ba9a-4d72-abd2-d0f1aa02f12f:c2948, 9dc27687-2024-46ae-8b6e-c9027bfa400e:c2944, 9c9c57da-14dc-454a-b374-789aa5e765a9:c2944]
2019-09-16 23:35:06,382 [grpc-default-executor-1] INFO  client.GrpcClientProtocolClient (GrpcClientProtocolClient.java:onNext(264)) - client-C79DE3E06697->1d6da99a-ba9a-4d72-abd2-d0f1aa02f12f: receive RaftClientReply:client-C79DE3E06697->1d6da99a-ba9a-4d72-abd2-d0f1aa02f12f@group-B29EE812FB58, cid=2017, SUCCESS, logIndex=2951, commits[1d6da99a-ba9a-4d72-abd2-d0f1aa02f12f:c2952, 9dc27687-2024-46ae-8b6e-c9027bfa400e:c2950, 9c9c57da-14dc-454a-b374-789aa5e765a9:c2950]
2019-09-16 23:35:06,383 [grpc-default-executor-1] INFO  client.GrpcClientProtocolClient (GrpcClientProtocolClient.java:onNext(264)) - client-C79DE3E06697->1d6da99a-ba9a-4d72-abd2-d0f1aa02f12f: receive RaftClientReply:client-C79DE3E06697->1d6da99a-ba9a-4d72-abd2-d0f1aa02f12f@group-B29EE812FB58, cid=2018, SUCCESS, logIndex=2952, commits[1d6da99a-ba9a-4d72-abd2-d0f1aa02f12f:c2952, 9dc27687-2024-46ae-8b6e-c9027bfa400e:c2950, 9c9c57da-14dc-454a-b374-789aa5e765a9:c2950]
2019-09-16 23:35:06,397 [grpc-default-executor-1] INFO  client.GrpcClientProtocolClient (GrpcClientProtocolClient.java:onNext(264)) - client-C79DE3E06697->1d6da99a-ba9a-4d72-abd2-d0f1aa02f12f: receive RaftClientReply:client-C79DE3E06697->1d6da99a-ba9a-4d72-abd2-d0f1aa02f12f@group-B29EE812FB58, cid=2019, SUCCESS, logIndex=2955, commits[1d6da99a-ba9a-4d72-abd2-d0f1aa02f12f:c2956, 9dc27687-2024-46ae-8b6e-c9027bfa400e:c2952, 9c9c57da-14dc-454a-b374-789aa5e765a9:c2952]
2019-09-16 23:35:06,398 [grpc-default-executor-1] INFO  client.GrpcClientProtocolClient (GrpcClientProtocolClient.java:onNext(264)) - client-C79DE3E06697->1d6da99a-ba9a-4d72-abd2-d0f1aa02f12f: receive RaftClientReply:client-C79DE3E06697->1d6da99a-ba9a-4d72-abd2-d0f1aa02f12f@group-B29EE812FB58, cid=2020, SUCCESS, logIndex=2956, commits[1d6da99a-ba9a-4d72-abd2-d0f1aa02f12f:c2956, 9dc27687-2024-46ae-8b6e-c9027bfa400e:c2952, 9c9c57da-14dc-454a-b374-789aa5e765a9:c2952]
2019-09-16 23:35:06,411 [grpc-default-executor-1] INFO  client.GrpcClientProtocolClient (GrpcClientProtocolClient.java:onNext(264)) - client-C79DE3E06697->1d6da99a-ba9a-4d72-abd2-d0f1aa02f12f: receive RaftClientReply:client-C79DE3E06697->1d6da99a-ba9a-4d72-abd2-d0f1aa02f12f@group-B29EE812FB58, cid=2021, SUCCESS, logIndex=0, commits[1d6da99a-ba9a-4d72-abd2-d0f1aa02f12f:c2958, 9dc27687-2024-46ae-8b6e-c9027bfa400e:c2956, 9c9c57da-14dc-454a-b374-789aa5e765a9:c2956]
2019-09-16 23:35:06,436 [grpc-default-executor-6] INFO  client.GrpcClientProtocolClient (GrpcClientProtocolClient.java:onNext(264)) - client-C79DE3E06697->1d6da99a-ba9a-4d72-abd2-d0f1aa02f12f: receive RaftClientReply:client-C79DE3E06697->1d6da99a-ba9a-4d72-abd2-d0f1aa02f12f@group-B29EE812FB58, cid=2022, SUCCESS, logIndex=2959, commits[1d6da99a-ba9a-4d72-abd2-d0f1aa02f12f:c2960, 9dc27687-2024-46ae-8b6e-c9027bfa400e:c2958, 9c9c57da-14dc-454a-b374-789aa5e765a9:c2958]
2019-09-16 23:35:06,437 [grpc-default-executor-6] INFO  client.GrpcClientProtocolClient (GrpcClientProtocolClient.java:onNext(264)) - client-C79DE3E06697->1d6da99a-ba9a-4d72-abd2-d0f1aa02f12f: receive RaftClientReply:client-C79DE3E06697->1d6da99a-ba9a-4d72-abd2-d0f1aa02f12f@group-B29EE812FB58, cid=2023, SUCCESS, logIndex=2960, commits[1d6da99a-ba9a-4d72-abd2-d0f1aa02f12f:c2961, 9dc27687-2024-46ae-8b6e-c9027bfa400e:c2958, 9c9c57da-14dc-454a-b374-789aa5e765a9:c2958]
2019-09-16 23:35:06,437 [grpc-default-executor-6] INFO  client.GrpcClientProtocolClient (GrpcClientProtocolClient.java:onNext(264)) - client-C79DE3E06697->1d6da99a-ba9a-4d72-abd2-d0f1aa02f12f: receive RaftClientReply:client-C79DE3E06697->1d6da99a-ba9a-4d72-abd2-d0f1aa02f12f@group-B29EE812FB58, cid=2024, SUCCESS, logIndex=2961, commits[1d6da99a-ba9a-4d72-abd2-d0f1aa02f12f:c2962, 9dc27687-2024-46ae-8b6e-c9027bfa400e:c2958, 9c9c57da-14dc-454a-b374-789aa5e765a9:c2958]
2019-09-16 23:35:06,437 [grpc-default-executor-6] INFO  client.GrpcClientProtocolClient (GrpcClientProtocolClient.java:onNext(264)) - client-C79DE3E06697->1d6da99a-ba9a-4d72-abd2-d0f1aa02f12f: receive RaftClientReply:client-C79DE3E06697->1d6da99a-ba9a-4d72-abd2-d0f1aa02f12f@group-B29EE812FB58, cid=2025, SUCCESS, logIndex=2962, commits[1d6da99a-ba9a-4d72-abd2-d0f1aa02f12f:c2962, 9dc27687-2024-46ae-8b6e-c9027bfa400e:c2958, 9c9c57da-14dc-454a-b374-789aa5e765a9:c2958]
2019-09-16 23:35:06,438 [grpc-default-executor-6] INFO  client.GrpcClientProtocolClient (GrpcClientProtocolClient.java:onNext(264)) - client-C79DE3E06697->1d6da99a-ba9a-4d72-abd2-d0f1aa02f12f: receive RaftClientReply:client-C79DE3E06697->1d6da99a-ba9a-4d72-abd2-d0f1aa02f12f@group-B29EE812FB58, cid=2026, SUCCESS, logIndex=0, commits[1d6da99a-ba9a-4d72-abd2-d0f1aa02f12f:c2963, 9dc27687-2024-46ae-8b6e-c9027bfa400e:c2960, 9c9c57da-14dc-454a-b374-789aa5e765a9:c2960]
2019-09-16 23:35:06,457 [grpc-default-executor-7] INFO  client.GrpcClientProtocolClient (GrpcClientProtocolClient.java:onNext(264)) - client-C79DE3E06697->1d6da99a-ba9a-4d72-abd2-d0f1aa02f12f: receive RaftClientReply:client-C79DE3E06697->1d6da99a-ba9a-4d72-abd2-d0f1aa02f12f@group-B29EE812FB58, cid=2027, SUCCESS, logIndex=2967, commits[1d6da99a-ba9a-4d72-abd2-d0f1aa02f12f:c2968, 9dc27687-2024-46ae-8b6e-c9027bfa400e:c2966, 9c9c57da-14dc-454a-b374-789aa5e765a9:c2966]
2019-09-16 23:35:06,457 [grpc-default-executor-7] INFO  client.GrpcClientProtocolClient (GrpcClientProtocolClient.java:onNext(264)) - client-C79DE3E06697->1d6da99a-ba9a-4d72-abd2-d0f1aa02f12f: receive RaftClientReply:client-C79DE3E06697->1d6da99a-ba9a-4d72-abd2-d0f1aa02f12f@group-B29EE812FB58, cid=2028, SUCCESS, logIndex=2968, commits[1d6da99a-ba9a-4d72-abd2-d0f1aa02f12f:c2968, 9dc27687-2024-46ae-8b6e-c9027bfa400e:c2966, 9c9c57da-14dc-454a-b374-789aa5e765a9:c2966]
2019-09-16 23:35:06,492 [grpc-default-executor-6] INFO  client.GrpcClientProtocolClient (GrpcClientProtocolClient.java:onNext(264)) - client-C79DE3E06697->1d6da99a-ba9a-4d72-abd2-d0f1aa02f12f: receive RaftClientReply:client-C79DE3E06697->1d6da99a-ba9a-4d72-abd2-d0f1aa02f12f@group-B29EE812FB58, cid=2029, SUCCESS, logIndex=2971, commits[1d6da99a-ba9a-4d72-abd2-d0f1aa02f12f:c2972, 9dc27687-2024-46ae-8b6e-c9027bfa400e:c2970, 9c9c57da-14dc-454a-b374-789aa5e765a9:c2970]
2019-09-16 23:35:06,492 [grpc-default-executor-6] INFO  client.GrpcClientProtocolClient (GrpcClientProtocolClient.java:onNext(264)) - client-C79DE3E06697->1d6da99a-ba9a-4d72-abd2-d0f1aa02f12f: receive RaftClientReply:client-C79DE3E06697->1d6da99a-ba9a-4d72-abd2-d0f1aa02f12f@group-B29EE812FB58, cid=2030, SUCCESS, logIndex=2972, commits[1d6da99a-ba9a-4d72-abd2-d0f1aa02f12f:c2972, 9dc27687-2024-46ae-8b6e-c9027bfa400e:c2970, 9c9c57da-14dc-454a-b374-789aa5e765a9:c2970]
2019-09-16 23:35:06,493 [grpc-default-executor-6] INFO  client.GrpcClientProtocolClient (GrpcClientProtocolClient.java:onNext(264)) - client-C79DE3E06697->1d6da99a-ba9a-4d72-abd2-d0f1aa02f12f: receive RaftClientReply:client-C79DE3E06697->1d6da99a-ba9a-4d72-abd2-d0f1aa02f12f@group-B29EE812FB58, cid=2031, SUCCESS, logIndex=0, commits[1d6da99a-ba9a-4d72-abd2-d0f1aa02f12f:c2973, 9dc27687-2024-46ae-8b6e-c9027bfa400e:c2972, 9c9c57da-14dc-454a-b374-789aa5e765a9:c2972]
2019-09-16 23:35:06,522 [grpc-default-executor-6] INFO  client.GrpcClientProtocolClient (GrpcClientProtocolClient.java:onNext(264)) - client-C79DE3E06697->1d6da99a-ba9a-4d72-abd2-d0f1aa02f12f: receive RaftClientReply:client-C79DE3E06697->1d6da99a-ba9a-4d72-abd2-d0f1aa02f12f@group-B29EE812FB58, cid=2032, SUCCESS, logIndex=2975, commits[1d6da99a-ba9a-4d72-abd2-d0f1aa02f12f:c2976, 9dc27687-2024-46ae-8b6e-c9027bfa400e:c2974, 9c9c57da-14dc-454a-b374-789aa5e765a9:c2974]
2019-09-16 23:35:06,522 [grpc-default-executor-1] INFO  client.GrpcClientProtocolClient (GrpcClientProtocolClient.java:onNext(264)) - client-C79DE3E06697->1d6da99a-ba9a-4d72-abd2-d0f1aa02f12f: receive RaftClientReply:client-C79DE3E06697->1d6da99a-ba9a-4d72-abd2-d0f1aa02f12f@group-B29EE812FB58, cid=2033, SUCCESS, logIndex=2976, commits[1d6da99a-ba9a-4d72-abd2-d0f1aa02f12f:c2976, 9dc27687-2024-46ae-8b6e-c9027bfa400e:c2974, 9c9c57da-14dc-454a-b374-789aa5e765a9:c2974]
2019-09-16 23:35:06,523 [grpc-default-executor-1] INFO  client.GrpcClientProtocolClient (GrpcClientProtocolClient.java:onNext(264)) - client-C79DE3E06697->1d6da99a-ba9a-4d72-abd2-d0f1aa02f12f: receive RaftClientReply:client-C79DE3E06697->1d6da99a-ba9a-4d72-abd2-d0f1aa02f12f@group-B29EE812FB58, cid=2034, SUCCESS, logIndex=2977, commits[1d6da99a-ba9a-4d72-abd2-d0f1aa02f12f:c2977, 9dc27687-2024-46ae-8b6e-c9027bfa400e:c2974, 9c9c57da-14dc-454a-b374-789aa5e765a9:c2974]
2019-09-16 23:35:06,523 [grpc-default-executor-1] INFO  client.GrpcClientProtocolClient (GrpcClientProtocolClient.java:onNext(264)) - client-C79DE3E06697->1d6da99a-ba9a-4d72-abd2-d0f1aa02f12f: receive RaftClientReply:client-C79DE3E06697->1d6da99a-ba9a-4d72-abd2-d0f1aa02f12f@group-B29EE812FB58, cid=2035, SUCCESS, logIndex=2978, commits[1d6da99a-ba9a-4d72-abd2-d0f1aa02f12f:c2978, 9dc27687-2024-46ae-8b6e-c9027bfa400e:c2974, 9c9c57da-14dc-454a-b374-789aa5e765a9:c2974]
2019-09-16 23:35:06,536 [grpc-default-executor-6] INFO  client.GrpcClientProtocolClient (GrpcClientProtocolClient.java:onNext(264)) - client-C79DE3E06697->1d6da99a-ba9a-4d72-abd2-d0f1aa02f12f: receive RaftClientReply:client-C79DE3E06697->1d6da99a-ba9a-4d72-abd2-d0f1aa02f12f@group-B29EE812FB58, cid=2036, SUCCESS, logIndex=0, commits[1d6da99a-ba9a-4d72-abd2-d0f1aa02f12f:c2980, 9dc27687-2024-46ae-8b6e-c9027bfa400e:c2976, 9c9c57da-14dc-454a-b374-789aa5e765a9:c2976]
2019-09-16 23:35:06,557 [grpc-default-executor-7] INFO  client.GrpcClientProtocolClient (GrpcClientProtocolClient.java:onNext(264)) - client-C79DE3E06697->1d6da99a-ba9a-4d72-abd2-d0f1aa02f12f: receive RaftClientReply:client-C79DE3E06697->1d6da99a-ba9a-4d72-abd2-d0f1aa02f12f@group-B29EE812FB58, cid=2037, SUCCESS, logIndex=2983, commits[1d6da99a-ba9a-4d72-abd2-d0f1aa02f12f:c2984, 9dc27687-2024-46ae-8b6e-c9027bfa400e:c2982, 9c9c57da-14dc-454a-b374-789aa5e765a9:c2982]
2019-09-16 23:35:06,557 [grpc-default-executor-7] INFO  client.GrpcClientProtocolClient (GrpcClientProtocolClient.java:onNext(264)) - client-C79DE3E06697->1d6da99a-ba9a-4d72-abd2-d0f1aa02f12f: receive RaftClientReply:client-C79DE3E06697->1d6da99a-ba9a-4d72-abd2-d0f1aa02f12f@group-B29EE812FB58, cid=2038, SUCCESS, logIndex=2984, commits[1d6da99a-ba9a-4d72-abd2-d0f1aa02f12f:c2984, 9dc27687-2024-46ae-8b6e-c9027bfa400e:c2982, 9c9c57da-14dc-454a-b374-789aa5e765a9:c2982]
 0.00% |█                                                                                                    |  0/1 Time: 0:00:242019-09-16 23:35:06,570 [grpc-default-executor-7] INFO  client.GrpcClientProtocolClient (GrpcClientProtocolClient.java:onNext(264)) - client-C79DE3E06697->1d6da99a-ba9a-4d72-abd2-d0f1aa02f12f: receive RaftClientReply:client-C79DE3E06697->1d6da99a-ba9a-4d72-abd2-d0f1aa02f12f@group-B29EE812FB58, cid=2039, SUCCESS, logIndex=2987, commits[1d6da99a-ba9a-4d72-abd2-d0f1aa02f12f:c2988, 9dc27687-2024-46ae-8b6e-c9027bfa400e:c2984, 9c9c57da-14dc-454a-b374-789aa5e765a9:c2984]
2019-09-16 23:35:06,570 [grpc-default-executor-7] INFO  client.GrpcClientProtocolClient (GrpcClientProtocolClient.java:onNext(264)) - client-C79DE3E06697->1d6da99a-ba9a-4d72-abd2-d0f1aa02f12f: receive RaftClientReply:client-C79DE3E06697->1d6da99a-ba9a-4d72-abd2-d0f1aa02f12f@group-B29EE812FB58, cid=2040, SUCCESS, logIndex=2988, commits[1d6da99a-ba9a-4d72-abd2-d0f1aa02f12f:c2988, 9dc27687-2024-46ae-8b6e-c9027bfa400e:c2984, 9c9c57da-14dc-454a-b374-789aa5e765a9:c2984]
2019-09-16 23:35:06,584 [grpc-default-executor-6] INFO  client.GrpcClientProtocolClient (GrpcClientProtocolClient.java:onNext(264)) - client-C79DE3E06697->1d6da99a-ba9a-4d72-abd2-d0f1aa02f12f: receive RaftClientReply:client-C79DE3E06697->1d6da99a-ba9a-4d72-abd2-d0f1aa02f12f@group-B29EE812FB58, cid=2041, SUCCESS, logIndex=0, commits[1d6da99a-ba9a-4d72-abd2-d0f1aa02f12f:c2990, 9dc27687-2024-46ae-8b6e-c9027bfa400e:c2988, 9c9c57da-14dc-454a-b374-789aa5e765a9:c2988]
2019-09-16 23:35:06,608 [grpc-default-executor-1] INFO  client.GrpcClientProtocolClient (GrpcClientProtocolClient.java:onNext(264)) - client-C79DE3E06697->1d6da99a-ba9a-4d72-abd2-d0f1aa02f12f: receive RaftClientReply:client-C79DE3E06697->1d6da99a-ba9a-4d72-abd2-d0f1aa02f12f@group-B29EE812FB58, cid=2042, SUCCESS, logIndex=2991, commits[1d6da99a-ba9a-4d72-abd2-d0f1aa02f12f:c2992, 9dc27687-2024-46ae-8b6e-c9027bfa400e:c2990, 9c9c57da-14dc-454a-b374-789aa5e765a9:c2990]
2019-09-16 23:35:06,608 [grpc-default-executor-1] INFO  client.GrpcClientProtocolClient (GrpcClientProtocolClient.java:onNext(264)) - client-C79DE3E06697->1d6da99a-ba9a-4d72-abd2-d0f1aa02f12f: receive RaftClientReply:client-C79DE3E06697->1d6da99a-ba9a-4d72-abd2-d0f1aa02f12f@group-B29EE812FB58, cid=2043, SUCCESS, logIndex=2992, commits[1d6da99a-ba9a-4d72-abd2-d0f1aa02f12f:c2992, 9dc27687-2024-46ae-8b6e-c9027bfa400e:c2990, 9c9c57da-14dc-454a-b374-789aa5e765a9:c2990]
2019-09-16 23:35:06,609 [grpc-default-executor-1] INFO  client.GrpcClientProtocolClient (GrpcClientProtocolClient.java:onNext(264)) - client-C79DE3E06697->1d6da99a-ba9a-4d72-abd2-d0f1aa02f12f: receive RaftClientReply:client-C79DE3E06697->1d6da99a-ba9a-4d72-abd2-d0f1aa02f12f@group-B29EE812FB58, cid=2044, SUCCESS, logIndex=2993, commits[1d6da99a-ba9a-4d72-abd2-d0f1aa02f12f:c2994, 9dc27687-2024-46ae-8b6e-c9027bfa400e:c2990, 9c9c57da-14dc-454a-b374-789aa5e765a9:c2990]
2019-09-16 23:35:06,609 [grpc-default-executor-1] INFO  client.GrpcClientProtocolClient (GrpcClientProtocolClient.java:onNext(264)) - client-C79DE3E06697->1d6da99a-ba9a-4d72-abd2-d0f1aa02f12f: receive RaftClientReply:client-C79DE3E06697->1d6da99a-ba9a-4d72-abd2-d0f1aa02f12f@group-B29EE812FB58, cid=2045, SUCCESS, logIndex=2994, commits[1d6da99a-ba9a-4d72-abd2-d0f1aa02f12f:c2994, 9dc27687-2024-46ae-8b6e-c9027bfa400e:c2990, 9c9c57da-14dc-454a-b374-789aa5e765a9:c2990]
2019-09-16 23:35:06,610 [grpc-default-executor-1] INFO  client.GrpcClientProtocolClient (GrpcClientProtocolClient.java:onNext(264)) - client-C79DE3E06697->1d6da99a-ba9a-4d72-abd2-d0f1aa02f12f: receive RaftClientReply:client-C79DE3E06697->1d6da99a-ba9a-4d72-abd2-d0f1aa02f12f@group-B29EE812FB58, cid=2046, SUCCESS, logIndex=0, commits[1d6da99a-ba9a-4d72-abd2-d0f1aa02f12f:c2996, 9dc27687-2024-46ae-8b6e-c9027bfa400e:c2992, 9c9c57da-14dc-454a-b374-789aa5e765a9:c2992]
2019-09-16 23:35:06,637 [grpc-default-executor-1] INFO  client.GrpcClientProtocolClient (GrpcClientProtocolClient.java:onNext(264)) - client-C79DE3E06697->1d6da99a-ba9a-4d72-abd2-d0f1aa02f12f: receive RaftClientReply:client-C79DE3E06697->1d6da99a-ba9a-4d72-abd2-d0f1aa02f12f@group-B29EE812FB58, cid=2047, SUCCESS, logIndex=2999, commits[1d6da99a-ba9a-4d72-abd2-d0f1aa02f12f:c3000, 9dc27687-2024-46ae-8b6e-c9027bfa400e:c2998, 9c9c57da-14dc-454a-b374-789aa5e765a9:c2998]
2019-09-16 23:35:06,637 [grpc-default-executor-1] INFO  client.GrpcClientProtocolClient (GrpcClientProtocolClient.java:onNext(264)) - client-C79DE3E06697->1d6da99a-ba9a-4d72-abd2-d0f1aa02f12f: receive RaftClientReply:client-C79DE3E06697->1d6da99a-ba9a-4d72-abd2-d0f1aa02f12f@group-B29EE812FB58, cid=2048, SUCCESS, logIndex=3000, commits[1d6da99a-ba9a-4d72-abd2-d0f1aa02f12f:c3000, 9dc27687-2024-46ae-8b6e-c9027bfa400e:c2998, 9c9c57da-14dc-454a-b374-789aa5e765a9:c2998]
2019-09-16 23:35:06,651 [grpc-default-executor-1] INFO  client.GrpcClientProtocolClient (GrpcClientProtocolClient.java:onNext(264)) - client-C79DE3E06697->1d6da99a-ba9a-4d72-abd2-d0f1aa02f12f: receive RaftClientReply:client-C79DE3E06697->1d6da99a-ba9a-4d72-abd2-d0f1aa02f12f@group-B29EE812FB58, cid=2049, SUCCESS, logIndex=3003, commits[1d6da99a-ba9a-4d72-abd2-d0f1aa02f12f:c3004, 9dc27687-2024-46ae-8b6e-c9027bfa400e:c3000, 9c9c57da-14dc-454a-b374-789aa5e765a9:c3000]
2019-09-16 23:35:06,652 [grpc-default-executor-1] INFO  client.GrpcClientProtocolClient (GrpcClientProtocolClient.java:onNext(264)) - client-C79DE3E06697->1d6da99a-ba9a-4d72-abd2-d0f1aa02f12f: receive RaftClientReply:client-C79DE3E06697->1d6da99a-ba9a-4d72-abd2-d0f1aa02f12f@group-B29EE812FB58, cid=2050, SUCCESS, logIndex=3004, commits[1d6da99a-ba9a-4d72-abd2-d0f1aa02f12f:c3004, 9dc27687-2024-46ae-8b6e-c9027bfa400e:c3000, 9c9c57da-14dc-454a-b374-789aa5e765a9:c3000]
2019-09-16 23:35:06,664 [grpc-default-executor-1] INFO  client.GrpcClientProtocolClient (GrpcClientProtocolClient.java:onNext(264)) - client-C79DE3E06697->1d6da99a-ba9a-4d72-abd2-d0f1aa02f12f: receive RaftClientReply:client-C79DE3E06697->1d6da99a-ba9a-4d72-abd2-d0f1aa02f12f@group-B29EE812FB58, cid=2051, SUCCESS, logIndex=0, commits[1d6da99a-ba9a-4d72-abd2-d0f1aa02f12f:c3006, 9dc27687-2024-46ae-8b6e-c9027bfa400e:c3004, 9c9c57da-14dc-454a-b374-789aa5e765a9:c3004]
2019-09-16 23:35:06,679 [grpc-default-executor-1] INFO  client.GrpcClientProtocolClient (GrpcClientProtocolClient.java:onNext(264)) - client-C79DE3E06697->1d6da99a-ba9a-4d72-abd2-d0f1aa02f12f: receive RaftClientReply:client-C79DE3E06697->1d6da99a-ba9a-4d72-abd2-d0f1aa02f12f@group-B29EE812FB58, cid=2052, SUCCESS, logIndex=3007, commits[1d6da99a-ba9a-4d72-abd2-d0f1aa02f12f:c3008, 9dc27687-2024-46ae-8b6e-c9027bfa400e:c3004, 9c9c57da-14dc-454a-b374-789aa5e765a9:c3006]
2019-09-16 23:35:06,679 [grpc-default-executor-1] INFO  client.GrpcClientProtocolClient (GrpcClientProtocolClient.java:onNext(264)) - client-C79DE3E06697->1d6da99a-ba9a-4d72-abd2-d0f1aa02f12f: receive RaftClientReply:client-C79DE3E06697->1d6da99a-ba9a-4d72-abd2-d0f1aa02f12f@group-B29EE812FB58, cid=2053, SUCCESS, logIndex=3008, commits[1d6da99a-ba9a-4d72-abd2-d0f1aa02f12f:c3008, 9dc27687-2024-46ae-8b6e-c9027bfa400e:c3004, 9c9c57da-14dc-454a-b374-789aa5e765a9:c3006]
2019-09-16 23:35:06,682 [grpc-default-executor-1] INFO  client.GrpcClientProtocolClient (GrpcClientProtocolClient.java:onNext(264)) - client-C79DE3E06697->1d6da99a-ba9a-4d72-abd2-d0f1aa02f12f: receive RaftClientReply:client-C79DE3E06697->1d6da99a-ba9a-4d72-abd2-d0f1aa02f12f@group-B29EE812FB58, cid=2054, SUCCESS, logIndex=3009, commits[1d6da99a-ba9a-4d72-abd2-d0f1aa02f12f:c3011, 9dc27687-2024-46ae-8b6e-c9027bfa400e:c3006, 9c9c57da-14dc-454a-b374-789aa5e765a9:c3008]
2019-09-16 23:35:06,682 [grpc-default-executor-1] INFO  client.GrpcClientProtocolClient (GrpcClientProtocolClient.java:onNext(264)) - client-C79DE3E06697->1d6da99a-ba9a-4d72-abd2-d0f1aa02f12f: receive RaftClientReply:client-C79DE3E06697->1d6da99a-ba9a-4d72-abd2-d0f1aa02f12f@group-B29EE812FB58, cid=2055, SUCCESS, logIndex=3010, commits[1d6da99a-ba9a-4d72-abd2-d0f1aa02f12f:c3012, 9dc27687-2024-46ae-8b6e-c9027bfa400e:c3006, 9c9c57da-14dc-454a-b374-789aa5e765a9:c3008]
2019-09-16 23:35:06,683 [grpc-default-executor-7] INFO  client.GrpcClientProtocolClient (GrpcClientProtocolClient.java:onNext(264)) - client-C79DE3E06697->1d6da99a-ba9a-4d72-abd2-d0f1aa02f12f: receive RaftClientReply:client-C79DE3E06697->1d6da99a-ba9a-4d72-abd2-d0f1aa02f12f@group-B29EE812FB58, cid=2056, SUCCESS, logIndex=0, commits[1d6da99a-ba9a-4d72-abd2-d0f1aa02f12f:c3012, 9dc27687-2024-46ae-8b6e-c9027bfa400e:c3008, 9c9c57da-14dc-454a-b374-789aa5e765a9:c3008]
2019-09-16 23:35:06,693 [grpc-default-executor-1] INFO  client.GrpcClientProtocolClient (GrpcClientProtocolClient.java:onNext(264)) - client-C79DE3E06697->1d6da99a-ba9a-4d72-abd2-d0f1aa02f12f: receive RaftClientReply:client-C79DE3E06697->1d6da99a-ba9a-4d72-abd2-d0f1aa02f12f@group-B29EE812FB58, cid=2057, SUCCESS, logIndex=3015, commits[1d6da99a-ba9a-4d72-abd2-d0f1aa02f12f:c3016, 9dc27687-2024-46ae-8b6e-c9027bfa400e:c3010, 9c9c57da-14dc-454a-b374-789aa5e765a9:c3014]
2019-09-16 23:35:06,694 [grpc-default-executor-1] INFO  client.GrpcClientProtocolClient (GrpcClientProtocolClient.java:onNext(264)) - client-C79DE3E06697->1d6da99a-ba9a-4d72-abd2-d0f1aa02f12f: receive RaftClientReply:client-C79DE3E06697->1d6da99a-ba9a-4d72-abd2-d0f1aa02f12f@group-B29EE812FB58, cid=2058, SUCCESS, logIndex=3016, commits[1d6da99a-ba9a-4d72-abd2-d0f1aa02f12f:c3016, 9dc27687-2024-46ae-8b6e-c9027bfa400e:c3014, 9c9c57da-14dc-454a-b374-789aa5e765a9:c3014]
2019-09-16 23:35:06,703 [grpc-default-executor-1] INFO  client.GrpcClientProtocolClient (GrpcClientProtocolClient.java:onNext(264)) - client-C79DE3E06697->1d6da99a-ba9a-4d72-abd2-d0f1aa02f12f: receive RaftClientReply:client-C79DE3E06697->1d6da99a-ba9a-4d72-abd2-d0f1aa02f12f@group-B29EE812FB58, cid=2059, SUCCESS, logIndex=3018, commits[1d6da99a-ba9a-4d72-abd2-d0f1aa02f12f:c3019, 9dc27687-2024-46ae-8b6e-c9027bfa400e:c3017, 9c9c57da-14dc-454a-b374-789aa5e765a9:c3017]
2019-09-16 23:35:06,703 [grpc-default-executor-1] INFO  client.GrpcClientProtocolClient (GrpcClientProtocolClient.java:onNext(264)) - client-C79DE3E06697->1d6da99a-ba9a-4d72-abd2-d0f1aa02f12f: receive RaftClientReply:client-C79DE3E06697->1d6da99a-ba9a-4d72-abd2-d0f1aa02f12f@group-B29EE812FB58, cid=2060, SUCCESS, logIndex=3019, commits[1d6da99a-ba9a-4d72-abd2-d0f1aa02f12f:c3019, 9dc27687-2024-46ae-8b6e-c9027bfa400e:c3017, 9c9c57da-14dc-454a-b374-789aa5e765a9:c3017]
2019-09-16 23:35:06,704 [grpc-default-executor-1] INFO  client.GrpcClientProtocolClient (GrpcClientProtocolClient.java:onNext(264)) - client-C79DE3E06697->1d6da99a-ba9a-4d72-abd2-d0f1aa02f12f: receive RaftClientReply:client-C79DE3E06697->1d6da99a-ba9a-4d72-abd2-d0f1aa02f12f@group-B29EE812FB58, cid=2061, SUCCESS, logIndex=0, commits[1d6da99a-ba9a-4d72-abd2-d0f1aa02f12f:c3020, 9dc27687-2024-46ae-8b6e-c9027bfa400e:c3019, 9c9c57da-14dc-454a-b374-789aa5e765a9:c3019]
2019-09-16 23:35:06,725 [grpc-default-executor-3] INFO  client.GrpcClientProtocolClient (GrpcClientProtocolClient.java:onNext(264)) - client-C79DE3E06697->1d6da99a-ba9a-4d72-abd2-d0f1aa02f12f: receive RaftClientReply:client-C79DE3E06697->1d6da99a-ba9a-4d72-abd2-d0f1aa02f12f@group-B29EE812FB58, cid=2062, SUCCESS, logIndex=3021, commits[1d6da99a-ba9a-4d72-abd2-d0f1aa02f12f:c3023, 9dc27687-2024-46ae-8b6e-c9027bfa400e:c3020, 9c9c57da-14dc-454a-b374-789aa5e765a9:c3020]
2019-09-16 23:35:06,725 [grpc-default-executor-3] INFO  client.GrpcClientProtocolClient (GrpcClientProtocolClient.java:onNext(264)) - client-C79DE3E06697->1d6da99a-ba9a-4d72-abd2-d0f1aa02f12f: receive RaftClientReply:client-C79DE3E06697->1d6da99a-ba9a-4d72-abd2-d0f1aa02f12f@group-B29EE812FB58, cid=2063, SUCCESS, logIndex=3022, commits[1d6da99a-ba9a-4d72-abd2-d0f1aa02f12f:c3024, 9dc27687-2024-46ae-8b6e-c9027bfa400e:c3020, 9c9c57da-14dc-454a-b374-789aa5e765a9:c3020]
2019-09-16 23:35:06,725 [grpc-default-executor-3] INFO  client.GrpcClientProtocolClient (GrpcClientProtocolClient.java:onNext(264)) - client-C79DE3E06697->1d6da99a-ba9a-4d72-abd2-d0f1aa02f12f: receive RaftClientReply:client-C79DE3E06697->1d6da99a-ba9a-4d72-abd2-d0f1aa02f12f@group-B29EE812FB58, cid=2064, SUCCESS, logIndex=3023, commits[1d6da99a-ba9a-4d72-abd2-d0f1aa02f12f:c3024, 9dc27687-2024-46ae-8b6e-c9027bfa400e:c3020, 9c9c57da-14dc-454a-b374-789aa5e765a9:c3020]
2019-09-16 23:35:06,726 [grpc-default-executor-3] INFO  client.GrpcClientProtocolClient (GrpcClientProtocolClient.java:onNext(264)) - client-C79DE3E06697->1d6da99a-ba9a-4d72-abd2-d0f1aa02f12f: receive RaftClientReply:client-C79DE3E06697->1d6da99a-ba9a-4d72-abd2-d0f1aa02f12f@group-B29EE812FB58, cid=2065, SUCCESS, logIndex=3024, commits[1d6da99a-ba9a-4d72-abd2-d0f1aa02f12f:c3024, 9dc27687-2024-46ae-8b6e-c9027bfa400e:c3020, 9c9c57da-14dc-454a-b374-789aa5e765a9:c3020]
2019-09-16 23:35:06,735 [grpc-default-executor-3] INFO  client.GrpcClientProtocolClient (GrpcClientProtocolClient.java:onNext(264)) - client-C79DE3E06697->1d6da99a-ba9a-4d72-abd2-d0f1aa02f12f: receive RaftClientReply:client-C79DE3E06697->1d6da99a-ba9a-4d72-abd2-d0f1aa02f12f@group-B29EE812FB58, cid=2066, SUCCESS, logIndex=0, commits[1d6da99a-ba9a-4d72-abd2-d0f1aa02f12f:c3025, 9dc27687-2024-46ae-8b6e-c9027bfa400e:c3022, 9c9c57da-14dc-454a-b374-789aa5e765a9:c3022]
2019-09-16 23:35:07,324 [Thread-264] WARN  util.JavaUtils (JavaUtils.java:sleep(250)) - Unexpected long sleep: sleep(5186ms) actually took 5568ms which is over the threshold 300ms
2019-09-16 23:35:07,341 [grpc-default-executor-3] INFO  client.GrpcClientProtocolClient (GrpcClientProtocolClient.java:onNext(264)) - client-C79DE3E06697->1d6da99a-ba9a-4d72-abd2-d0f1aa02f12f: receive RaftClientReply:client-C79DE3E06697->1d6da99a-ba9a-4d72-abd2-d0f1aa02f12f@group-B29EE812FB58, cid=2067, SUCCESS, logIndex=3029, commits[1d6da99a-ba9a-4d72-abd2-d0f1aa02f12f:c3030, 9dc27687-2024-46ae-8b6e-c9027bfa400e:c3028, 9c9c57da-14dc-454a-b374-789aa5e765a9:c3028]
2019-09-16 23:35:07,342 [grpc-default-executor-3] INFO  client.GrpcClientProtocolClient (GrpcClientProtocolClient.java:onNext(264)) - client-C79DE3E06697->1d6da99a-ba9a-4d72-abd2-d0f1aa02f12f: receive RaftClientReply:client-C79DE3E06697->1d6da99a-ba9a-4d72-abd2-d0f1aa02f12f@group-B29EE812FB58, cid=2068, SUCCESS, logIndex=3030, commits[1d6da99a-ba9a-4d72-abd2-d0f1aa02f12f:c3030, 9dc27687-2024-46ae-8b6e-c9027bfa400e:c3028, 9c9c57da-14dc-454a-b374-789aa5e765a9:c3028]
2019-09-16 23:35:07,355 [grpc-default-executor-3] INFO  client.GrpcClientProtocolClient (GrpcClientProtocolClient.java:onNext(264)) - client-C79DE3E06697->1d6da99a-ba9a-4d72-abd2-d0f1aa02f12f: receive RaftClientReply:client-C79DE3E06697->1d6da99a-ba9a-4d72-abd2-d0f1aa02f12f@group-B29EE812FB58, cid=2069, SUCCESS, logIndex=3033, commits[1d6da99a-ba9a-4d72-abd2-d0f1aa02f12f:c3034, 9dc27687-2024-46ae-8b6e-c9027bfa400e:c3030, 9c9c57da-14dc-454a-b374-789aa5e765a9:c3030]
2019-09-16 23:35:07,356 [grpc-default-executor-1] INFO  client.GrpcClientProtocolClient (GrpcClientProtocolClient.java:onNext(264)) - client-C79DE3E06697->1d6da99a-ba9a-4d72-abd2-d0f1aa02f12f: receive RaftClientReply:client-C79DE3E06697->1d6da99a-ba9a-4d72-abd2-d0f1aa02f12f@group-B29EE812FB58, cid=2070, SUCCESS, logIndex=3034, commits[1d6da99a-ba9a-4d72-abd2-d0f1aa02f12f:c3034, 9dc27687-2024-46ae-8b6e-c9027bfa400e:c3030, 9c9c57da-14dc-454a-b374-789aa5e765a9:c3030]
2019-09-16 23:35:07,370 [grpc-default-executor-1] INFO  client.GrpcClientProtocolClient (GrpcClientProtocolClient.java:onNext(264)) - client-C79DE3E06697->1d6da99a-ba9a-4d72-abd2-d0f1aa02f12f: receive RaftClientReply:client-C79DE3E06697->1d6da99a-ba9a-4d72-abd2-d0f1aa02f12f@group-B29EE812FB58, cid=2071, SUCCESS, logIndex=0, commits[1d6da99a-ba9a-4d72-abd2-d0f1aa02f12f:c3036, 9dc27687-2024-46ae-8b6e-c9027bfa400e:c3034, 9c9c57da-14dc-454a-b374-789aa5e765a9:c3034]
2019-09-16 23:35:07,402 [grpc-default-executor-7] INFO  client.GrpcClientProtocolClient (GrpcClientProtocolClient.java:onNext(264)) - client-C79DE3E06697->1d6da99a-ba9a-4d72-abd2-d0f1aa02f12f: receive RaftClientReply:client-C79DE3E06697->1d6da99a-ba9a-4d72-abd2-d0f1aa02f12f@group-B29EE812FB58, cid=2072, SUCCESS, logIndex=3037, commits[1d6da99a-ba9a-4d72-abd2-d0f1aa02f12f:c3038, 9dc27687-2024-46ae-8b6e-c9027bfa400e:c3036, 9c9c57da-14dc-454a-b374-789aa5e765a9:c3036]
2019-09-16 23:35:07,402 [grpc-default-executor-7] INFO  client.GrpcClientProtocolClient (GrpcClientProtocolClient.java:onNext(264)) - client-C79DE3E06697->1d6da99a-ba9a-4d72-abd2-d0f1aa02f12f: receive RaftClientReply:client-C79DE3E06697->1d6da99a-ba9a-4d72-abd2-d0f1aa02f12f@group-B29EE812FB58, cid=2073, SUCCESS, logIndex=3038, commits[1d6da99a-ba9a-4d72-abd2-d0f1aa02f12f:c3040, 9dc27687-2024-46ae-8b6e-c9027bfa400e:c3036, 9c9c57da-14dc-454a-b374-789aa5e765a9:c3036]
2019-09-16 23:35:07,403 [grpc-default-executor-7] INFO  client.GrpcClientProtocolClient (GrpcClientProtocolClient.java:onNext(264)) - client-C79DE3E06697->1d6da99a-ba9a-4d72-abd2-d0f1aa02f12f: receive RaftClientReply:client-C79DE3E06697->1d6da99a-ba9a-4d72-abd2-d0f1aa02f12f@group-B29EE812FB58, cid=2074, SUCCESS, logIndex=3039, commits[1d6da99a-ba9a-4d72-abd2-d0f1aa02f12f:c3040, 9dc27687-2024-46ae-8b6e-c9027bfa400e:c3036, 9c9c57da-14dc-454a-b374-789aa5e765a9:c3036]
2019-09-16 23:35:07,403 [grpc-default-executor-7] INFO  client.GrpcClientProtocolClient (GrpcClientProtocolClient.java:onNext(264)) - client-C79DE3E06697->1d6da99a-ba9a-4d72-abd2-d0f1aa02f12f: receive RaftClientReply:client-C79DE3E06697->1d6da99a-ba9a-4d72-abd2-d0f1aa02f12f@group-B29EE812FB58, cid=2075, SUCCESS, logIndex=3040, commits[1d6da99a-ba9a-4d72-abd2-d0f1aa02f12f:c3040, 9dc27687-2024-46ae-8b6e-c9027bfa400e:c3036, 9c9c57da-14dc-454a-b374-789aa5e765a9:c3036]
2019-09-16 23:35:07,416 [grpc-default-executor-7] INFO  client.GrpcClientProtocolClient (GrpcClientProtocolClient.java:onNext(264)) - client-C79DE3E06697->1d6da99a-ba9a-4d72-abd2-d0f1aa02f12f: receive RaftClientReply:client-C79DE3E06697->1d6da99a-ba9a-4d72-abd2-d0f1aa02f12f@group-B29EE812FB58, cid=2076, SUCCESS, logIndex=0, commits[1d6da99a-ba9a-4d72-abd2-d0f1aa02f12f:c3042, 9dc27687-2024-46ae-8b6e-c9027bfa400e:c3038, 9c9c57da-14dc-454a-b374-789aa5e765a9:c3038]
2019-09-16 23:35:07,436 [grpc-default-executor-7] INFO  client.GrpcClientProtocolClient (GrpcClientProtocolClient.java:onNext(264)) - client-C79DE3E06697->1d6da99a-ba9a-4d72-abd2-d0f1aa02f12f: receive RaftClientReply:client-C79DE3E06697->1d6da99a-ba9a-4d72-abd2-d0f1aa02f12f@group-B29EE812FB58, cid=2077, SUCCESS, logIndex=3044, commits[1d6da99a-ba9a-4d72-abd2-d0f1aa02f12f:c3045, 9dc27687-2024-46ae-8b6e-c9027bfa400e:c3043, 9c9c57da-14dc-454a-b374-789aa5e765a9:c3043]
2019-09-16 23:35:07,437 [grpc-default-executor-7] INFO  client.GrpcClientProtocolClient (GrpcClientProtocolClient.java:onNext(264)) - client-C79DE3E06697->1d6da99a-ba9a-4d72-abd2-d0f1aa02f12f: receive RaftClientReply:client-C79DE3E06697->1d6da99a-ba9a-4d72-abd2-d0f1aa02f12f@group-B29EE812FB58, cid=2078, SUCCESS, logIndex=3045, commits[1d6da99a-ba9a-4d72-abd2-d0f1aa02f12f:c3045, 9dc27687-2024-46ae-8b6e-c9027bfa400e:c3043, 9c9c57da-14dc-454a-b374-789aa5e765a9:c3043]
2019-09-16 23:35:07,451 [grpc-default-executor-7] INFO  client.GrpcClientProtocolClient (GrpcClientProtocolClient.java:onNext(264)) - client-C79DE3E06697->1d6da99a-ba9a-4d72-abd2-d0f1aa02f12f: receive RaftClientReply:client-C79DE3E06697->1d6da99a-ba9a-4d72-abd2-d0f1aa02f12f@group-B29EE812FB58, cid=2079, SUCCESS, logIndex=3048, commits[1d6da99a-ba9a-4d72-abd2-d0f1aa02f12f:c3049, 9dc27687-2024-46ae-8b6e-c9027bfa400e:c3045, 9c9c57da-14dc-454a-b374-789aa5e765a9:c3045]
2019-09-16 23:35:07,451 [grpc-default-executor-7] INFO  client.GrpcClientProtocolClient (GrpcClientProtocolClient.java:onNext(264)) - client-C79DE3E06697->1d6da99a-ba9a-4d72-abd2-d0f1aa02f12f: receive RaftClientReply:client-C79DE3E06697->1d6da99a-ba9a-4d72-abd2-d0f1aa02f12f@group-B29EE812FB58, cid=2080, SUCCESS, logIndex=3049, commits[1d6da99a-ba9a-4d72-abd2-d0f1aa02f12f:c3049, 9dc27687-2024-46ae-8b6e-c9027bfa400e:c3045, 9c9c57da-14dc-454a-b374-789aa5e765a9:c3045]
2019-09-16 23:35:07,466 [grpc-default-executor-7] INFO  client.GrpcClientProtocolClient (GrpcClientProtocolClient.java:onNext(264)) - client-C79DE3E06697->1d6da99a-ba9a-4d72-abd2-d0f1aa02f12f: receive RaftClientReply:client-C79DE3E06697->1d6da99a-ba9a-4d72-abd2-d0f1aa02f12f@group-B29EE812FB58, cid=2081, SUCCESS, logIndex=0, commits[1d6da99a-ba9a-4d72-abd2-d0f1aa02f12f:c3051, 9dc27687-2024-46ae-8b6e-c9027bfa400e:c3049, 9c9c57da-14dc-454a-b374-789aa5e765a9:c3049]
2019-09-16 23:35:07,492 [grpc-default-executor-6] INFO  client.GrpcClientProtocolClient (GrpcClientProtocolClient.java:onNext(264)) - client-C79DE3E06697->1d6da99a-ba9a-4d72-abd2-d0f1aa02f12f: receive RaftClientReply:client-C79DE3E06697->1d6da99a-ba9a-4d72-abd2-d0f1aa02f12f@group-B29EE812FB58, cid=2082, SUCCESS, logIndex=3052, commits[1d6da99a-ba9a-4d72-abd2-d0f1aa02f12f:c3054, 9dc27687-2024-46ae-8b6e-c9027bfa400e:c3051, 9c9c57da-14dc-454a-b374-789aa5e765a9:c3051]
2019-09-16 23:35:07,492 [grpc-default-executor-6] INFO  client.GrpcClientProtocolClient (GrpcClientProtocolClient.java:onNext(264)) - client-C79DE3E06697->1d6da99a-ba9a-4d72-abd2-d0f1aa02f12f: receive RaftClientReply:client-C79DE3E06697->1d6da99a-ba9a-4d72-abd2-d0f1aa02f12f@group-B29EE812FB58, cid=2083, SUCCESS, logIndex=3053, commits[1d6da99a-ba9a-4d72-abd2-d0f1aa02f12f:c3055, 9dc27687-2024-46ae-8b6e-c9027bfa400e:c3051, 9c9c57da-14dc-454a-b374-789aa5e765a9:c3051]
2019-09-16 23:35:07,492 [grpc-default-executor-6] INFO  client.GrpcClientProtocolClient (GrpcClientProtocolClient.java:onNext(264)) - client-C79DE3E06697->1d6da99a-ba9a-4d72-abd2-d0f1aa02f12f: receive RaftClientReply:client-C79DE3E06697->1d6da99a-ba9a-4d72-abd2-d0f1aa02f12f@group-B29EE812FB58, cid=2084, SUCCESS, logIndex=3054, commits[1d6da99a-ba9a-4d72-abd2-d0f1aa02f12f:c3055, 9dc27687-2024-46ae-8b6e-c9027bfa400e:c3051, 9c9c57da-14dc-454a-b374-789aa5e765a9:c3051]
2019-09-16 23:35:07,493 [grpc-default-executor-6] INFO  client.GrpcClientProtocolClient (GrpcClientProtocolClient.java:onNext(264)) - client-C79DE3E06697->1d6da99a-ba9a-4d72-abd2-d0f1aa02f12f: receive RaftClientReply:client-C79DE3E06697->1d6da99a-ba9a-4d72-abd2-d0f1aa02f12f@group-B29EE812FB58, cid=2085, SUCCESS, logIndex=3055, commits[1d6da99a-ba9a-4d72-abd2-d0f1aa02f12f:c3055, 9dc27687-2024-46ae-8b6e-c9027bfa400e:c3051, 9c9c57da-14dc-454a-b374-789aa5e765a9:c3051]
2019-09-16 23:35:07,504 [grpc-default-executor-6] INFO  client.GrpcClientProtocolClient (GrpcClientProtocolClient.java:onNext(264)) - client-C79DE3E06697->1d6da99a-ba9a-4d72-abd2-d0f1aa02f12f: receive RaftClientReply:client-C79DE3E06697->1d6da99a-ba9a-4d72-abd2-d0f1aa02f12f@group-B29EE812FB58, cid=2086, SUCCESS, logIndex=0, commits[1d6da99a-ba9a-4d72-abd2-d0f1aa02f12f:c3057, 9dc27687-2024-46ae-8b6e-c9027bfa400e:c3053, 9c9c57da-14dc-454a-b374-789aa5e765a9:c3053]
2019-09-16 23:35:07,515 [grpc-default-executor-1] INFO  client.GrpcClientProtocolClient (GrpcClientProtocolClient.java:onNext(264)) - client-C79DE3E06697->1d6da99a-ba9a-4d72-abd2-d0f1aa02f12f: receive RaftClientReply:client-C79DE3E06697->1d6da99a-ba9a-4d72-abd2-d0f1aa02f12f@group-B29EE812FB58, cid=2087, SUCCESS, logIndex=3060, commits[1d6da99a-ba9a-4d72-abd2-d0f1aa02f12f:c3061, 9dc27687-2024-46ae-8b6e-c9027bfa400e:c3059, 9c9c57da-14dc-454a-b374-789aa5e765a9:c3055]
2019-09-16 23:35:07,516 [grpc-default-executor-1] INFO  client.GrpcClientProtocolClient (GrpcClientProtocolClient.java:onNext(264)) - client-C79DE3E06697->1d6da99a-ba9a-4d72-abd2-d0f1aa02f12f: receive RaftClientReply:client-C79DE3E06697->1d6da99a-ba9a-4d72-abd2-d0f1aa02f12f@group-B29EE812FB58, cid=2088, SUCCESS, logIndex=3061, commits[1d6da99a-ba9a-4d72-abd2-d0f1aa02f12f:c3061, 9dc27687-2024-46ae-8b6e-c9027bfa400e:c3059, 9c9c57da-14dc-454a-b374-789aa5e765a9:c3059]
2019-09-16 23:35:07,533 [grpc-default-executor-6] INFO  client.GrpcClientProtocolClient (GrpcClientProtocolClient.java:onNext(264)) - client-C79DE3E06697->1d6da99a-ba9a-4d72-abd2-d0f1aa02f12f: receive RaftClientReply:client-C79DE3E06697->1d6da99a-ba9a-4d72-abd2-d0f1aa02f12f@group-B29EE812FB58, cid=2089, SUCCESS, logIndex=3064, commits[1d6da99a-ba9a-4d72-abd2-d0f1aa02f12f:c3065, 9dc27687-2024-46ae-8b6e-c9027bfa400e:c3063, 9c9c57da-14dc-454a-b374-789aa5e765a9:c3063]
2019-09-16 23:35:07,533 [grpc-default-executor-6] INFO  client.GrpcClientProtocolClient (GrpcClientProtocolClient.java:onNext(264)) - client-C79DE3E06697->1d6da99a-ba9a-4d72-abd2-d0f1aa02f12f: receive RaftClientReply:client-C79DE3E06697->1d6da99a-ba9a-4d72-abd2-d0f1aa02f12f@group-B29EE812FB58, cid=2090, SUCCESS, logIndex=3065, commits[1d6da99a-ba9a-4d72-abd2-d0f1aa02f12f:c3065, 9dc27687-2024-46ae-8b6e-c9027bfa400e:c3063, 9c9c57da-14dc-454a-b374-789aa5e765a9:c3063]
2019-09-16 23:35:07,537 [grpc-default-executor-6] INFO  client.GrpcClientProtocolClient (GrpcClientProtocolClient.java:onNext(264)) - client-C79DE3E06697->1d6da99a-ba9a-4d72-abd2-d0f1aa02f12f: receive RaftClientReply:client-C79DE3E06697->1d6da99a-ba9a-4d72-abd2-d0f1aa02f12f@group-B29EE812FB58, cid=2091, SUCCESS, logIndex=0, commits[1d6da99a-ba9a-4d72-abd2-d0f1aa02f12f:c3066, 9dc27687-2024-46ae-8b6e-c9027bfa400e:c3065, 9c9c57da-14dc-454a-b374-789aa5e765a9:c3065]
 0.00% |█                                                                                                    |  0/1 Time: 0:00:252019-09-16 23:35:07,581 [grpc-default-executor-7] INFO  client.GrpcClientProtocolClient (GrpcClientProtocolClient.java:onNext(264)) - client-C79DE3E06697->1d6da99a-ba9a-4d72-abd2-d0f1aa02f12f: receive RaftClientReply:client-C79DE3E06697->1d6da99a-ba9a-4d72-abd2-d0f1aa02f12f@group-B29EE812FB58, cid=2092, SUCCESS, logIndex=3068, commits[1d6da99a-ba9a-4d72-abd2-d0f1aa02f12f:c3069, 9dc27687-2024-46ae-8b6e-c9027bfa400e:c3067, 9c9c57da-14dc-454a-b374-789aa5e765a9:c3067]
2019-09-16 23:35:07,582 [grpc-default-executor-7] INFO  client.GrpcClientProtocolClient (GrpcClientProtocolClient.java:onNext(264)) - client-C79DE3E06697->1d6da99a-ba9a-4d72-abd2-d0f1aa02f12f: receive RaftClientReply:client-C79DE3E06697->1d6da99a-ba9a-4d72-abd2-d0f1aa02f12f@group-B29EE812FB58, cid=2093, SUCCESS, logIndex=3069, commits[1d6da99a-ba9a-4d72-abd2-d0f1aa02f12f:c3071, 9dc27687-2024-46ae-8b6e-c9027bfa400e:c3067, 9c9c57da-14dc-454a-b374-789aa5e765a9:c3067]
2019-09-16 23:35:07,582 [grpc-default-executor-7] INFO  client.GrpcClientProtocolClient (GrpcClientProtocolClient.java:onNext(264)) - client-C79DE3E06697->1d6da99a-ba9a-4d72-abd2-d0f1aa02f12f: receive RaftClientReply:client-C79DE3E06697->1d6da99a-ba9a-4d72-abd2-d0f1aa02f12f@group-B29EE812FB58, cid=2094, SUCCESS, logIndex=3070, commits[1d6da99a-ba9a-4d72-abd2-d0f1aa02f12f:c3071, 9dc27687-2024-46ae-8b6e-c9027bfa400e:c3067, 9c9c57da-14dc-454a-b374-789aa5e765a9:c3067]
2019-09-16 23:35:07,582 [grpc-default-executor-7] INFO  client.GrpcClientProtocolClient (GrpcClientProtocolClient.java:onNext(264)) - client-C79DE3E06697->1d6da99a-ba9a-4d72-abd2-d0f1aa02f12f: receive RaftClientReply:client-C79DE3E06697->1d6da99a-ba9a-4d72-abd2-d0f1aa02f12f@group-B29EE812FB58, cid=2095, SUCCESS, logIndex=3071, commits[1d6da99a-ba9a-4d72-abd2-d0f1aa02f12f:c3071, 9dc27687-2024-46ae-8b6e-c9027bfa400e:c3067, 9c9c57da-14dc-454a-b374-789aa5e765a9:c3067]
2019-09-16 23:35:07,584 [grpc-default-executor-7] INFO  client.GrpcClientProtocolClient (GrpcClientProtocolClient.java:onNext(264)) - client-C79DE3E06697->1d6da99a-ba9a-4d72-abd2-d0f1aa02f12f: receive RaftClientReply:client-C79DE3E06697->1d6da99a-ba9a-4d72-abd2-d0f1aa02f12f@group-B29EE812FB58, cid=2096, SUCCESS, logIndex=0, commits[1d6da99a-ba9a-4d72-abd2-d0f1aa02f12f:c3073, 9dc27687-2024-46ae-8b6e-c9027bfa400e:c3069, 9c9c57da-14dc-454a-b374-789aa5e765a9:c3069]
2019-09-16 23:35:07,616 [grpc-default-executor-1] INFO  client.GrpcClientProtocolClient (GrpcClientProtocolClient.java:onNext(264)) - client-C79DE3E06697->1d6da99a-ba9a-4d72-abd2-d0f1aa02f12f: receive RaftClientReply:client-C79DE3E06697->1d6da99a-ba9a-4d72-abd2-d0f1aa02f12f@group-B29EE812FB58, cid=2097, SUCCESS, logIndex=3075, commits[1d6da99a-ba9a-4d72-abd2-d0f1aa02f12f:c3076, 9dc27687-2024-46ae-8b6e-c9027bfa400e:c3074, 9c9c57da-14dc-454a-b374-789aa5e765a9:c3074]
2019-09-16 23:35:07,616 [grpc-default-executor-1] INFO  client.GrpcClientProtocolClient (GrpcClientProtocolClient.java:onNext(264)) - client-C79DE3E06697->1d6da99a-ba9a-4d72-abd2-d0f1aa02f12f: receive RaftClientReply:client-C79DE3E06697->1d6da99a-ba9a-4d72-abd2-d0f1aa02f12f@group-B29EE812FB58, cid=2098, SUCCESS, logIndex=3076, commits[1d6da99a-ba9a-4d72-abd2-d0f1aa02f12f:c3076, 9dc27687-2024-46ae-8b6e-c9027bfa400e:c3074, 9c9c57da-14dc-454a-b374-789aa5e765a9:c3074]
2019-09-16 23:35:07,639 [grpc-default-executor-3] INFO  client.GrpcClientProtocolClient (GrpcClientProtocolClient.java:onNext(264)) - client-C79DE3E06697->1d6da99a-ba9a-4d72-abd2-d0f1aa02f12f: receive RaftClientReply:client-C79DE3E06697->1d6da99a-ba9a-4d72-abd2-d0f1aa02f12f@group-B29EE812FB58, cid=2099, SUCCESS, logIndex=3079, commits[1d6da99a-ba9a-4d72-abd2-d0f1aa02f12f:c3080, 9dc27687-2024-46ae-8b6e-c9027bfa400e:c3076, 9c9c57da-14dc-454a-b374-789aa5e765a9:c3076]
2019-09-16 23:35:07,639 [grpc-default-executor-3] INFO  client.GrpcClientProtocolClient (GrpcClientProtocolClient.java:onNext(264)) - client-C79DE3E06697->1d6da99a-ba9a-4d72-abd2-d0f1aa02f12f: receive RaftClientReply:client-C79DE3E06697->1d6da99a-ba9a-4d72-abd2-d0f1aa02f12f@group-B29EE812FB58, cid=2100, SUCCESS, logIndex=3080, commits[1d6da99a-ba9a-4d72-abd2-d0f1aa02f12f:c3080, 9dc27687-2024-46ae-8b6e-c9027bfa400e:c3076, 9c9c57da-14dc-454a-b374-789aa5e765a9:c3076]
2019-09-16 23:35:07,653 [grpc-default-executor-3] INFO  client.GrpcClientProtocolClient (GrpcClientProtocolClient.java:onNext(264)) - client-C79DE3E06697->1d6da99a-ba9a-4d72-abd2-d0f1aa02f12f: receive RaftClientReply:client-C79DE3E06697->1d6da99a-ba9a-4d72-abd2-d0f1aa02f12f@group-B29EE812FB58, cid=2101, SUCCESS, logIndex=0, commits[1d6da99a-ba9a-4d72-abd2-d0f1aa02f12f:c3082, 9dc27687-2024-46ae-8b6e-c9027bfa400e:c3080, 9c9c57da-14dc-454a-b374-789aa5e765a9:c3080]
2019-09-16 23:35:07,682 [grpc-default-executor-1] INFO  client.GrpcClientProtocolClient (GrpcClientProtocolClient.java:onNext(264)) - client-C79DE3E06697->1d6da99a-ba9a-4d72-abd2-d0f1aa02f12f: receive RaftClientReply:client-C79DE3E06697->1d6da99a-ba9a-4d72-abd2-d0f1aa02f12f@group-B29EE812FB58, cid=2102, SUCCESS, logIndex=3083, commits[1d6da99a-ba9a-4d72-abd2-d0f1aa02f12f:c3084, 9dc27687-2024-46ae-8b6e-c9027bfa400e:c3082, 9c9c57da-14dc-454a-b374-789aa5e765a9:c3082]
2019-09-16 23:35:07,683 [grpc-default-executor-1] INFO  client.GrpcClientProtocolClient (GrpcClientProtocolClient.java:onNext(264)) - client-C79DE3E06697->1d6da99a-ba9a-4d72-abd2-d0f1aa02f12f: receive RaftClientReply:client-C79DE3E06697->1d6da99a-ba9a-4d72-abd2-d0f1aa02f12f@group-B29EE812FB58, cid=2103, SUCCESS, logIndex=3084, commits[1d6da99a-ba9a-4d72-abd2-d0f1aa02f12f:c3085, 9dc27687-2024-46ae-8b6e-c9027bfa400e:c3082, 9c9c57da-14dc-454a-b374-789aa5e765a9:c3082]
2019-09-16 23:35:07,683 [grpc-default-executor-1] INFO  client.GrpcClientProtocolClient (GrpcClientProtocolClient.java:onNext(264)) - client-C79DE3E06697->1d6da99a-ba9a-4d72-abd2-d0f1aa02f12f: receive RaftClientReply:client-C79DE3E06697->1d6da99a-ba9a-4d72-abd2-d0f1aa02f12f@group-B29EE812FB58, cid=2104, SUCCESS, logIndex=3085, commits[1d6da99a-ba9a-4d72-abd2-d0f1aa02f12f:c3086, 9dc27687-2024-46ae-8b6e-c9027bfa400e:c3082, 9c9c57da-14dc-454a-b374-789aa5e765a9:c3082]
2019-09-16 23:35:07,683 [grpc-default-executor-1] INFO  client.GrpcClientProtocolClient (GrpcClientProtocolClient.java:onNext(264)) - client-C79DE3E06697->1d6da99a-ba9a-4d72-abd2-d0f1aa02f12f: receive RaftClientReply:client-C79DE3E06697->1d6da99a-ba9a-4d72-abd2-d0f1aa02f12f@group-B29EE812FB58, cid=2105, SUCCESS, logIndex=3086, commits[1d6da99a-ba9a-4d72-abd2-d0f1aa02f12f:c3086, 9dc27687-2024-46ae-8b6e-c9027bfa400e:c3082, 9c9c57da-14dc-454a-b374-789aa5e765a9:c3082]
2019-09-16 23:35:07,729 [grpc-default-executor-3] INFO  client.GrpcClientProtocolClient (GrpcClientProtocolClient.java:onNext(264)) - client-C79DE3E06697->1d6da99a-ba9a-4d72-abd2-d0f1aa02f12f: receive RaftClientReply:client-C79DE3E06697->1d6da99a-ba9a-4d72-abd2-d0f1aa02f12f@group-B29EE812FB58, cid=2106, SUCCESS, logIndex=0, commits[1d6da99a-ba9a-4d72-abd2-d0f1aa02f12f:c3088, 9dc27687-2024-46ae-8b6e-c9027bfa400e:c3084, 9c9c57da-14dc-454a-b374-789aa5e765a9:c3084]
2019-09-16 23:35:07,752 [grpc-default-executor-1] INFO  client.GrpcClientProtocolClient (GrpcClientProtocolClient.java:onNext(264)) - client-C79DE3E06697->1d6da99a-ba9a-4d72-abd2-d0f1aa02f12f: receive RaftClientReply:client-C79DE3E06697->1d6da99a-ba9a-4d72-abd2-d0f1aa02f12f@group-B29EE812FB58, cid=2107, SUCCESS, logIndex=3091, commits[1d6da99a-ba9a-4d72-abd2-d0f1aa02f12f:c3092, 9dc27687-2024-46ae-8b6e-c9027bfa400e:c3090, 9c9c57da-14dc-454a-b374-789aa5e765a9:c3090]
2019-09-16 23:35:07,752 [grpc-default-executor-1] INFO  client.GrpcClientProtocolClient (GrpcClientProtocolClient.java:onNext(264)) - client-C79DE3E06697->1d6da99a-ba9a-4d72-abd2-d0f1aa02f12f: receive RaftClientReply:client-C79DE3E06697->1d6da99a-ba9a-4d72-abd2-d0f1aa02f12f@group-B29EE812FB58, cid=2108, SUCCESS, logIndex=3092, commits[1d6da99a-ba9a-4d72-abd2-d0f1aa02f12f:c3092, 9dc27687-2024-46ae-8b6e-c9027bfa400e:c3090, 9c9c57da-14dc-454a-b374-789aa5e765a9:c3090]
2019-09-16 23:35:07,766 [grpc-default-executor-3] INFO  client.GrpcClientProtocolClient (GrpcClientProtocolClient.java:onNext(264)) - client-C79DE3E06697->1d6da99a-ba9a-4d72-abd2-d0f1aa02f12f: receive RaftClientReply:client-C79DE3E06697->1d6da99a-ba9a-4d72-abd2-d0f1aa02f12f@group-B29EE812FB58, cid=2109, SUCCESS, logIndex=3095, commits[1d6da99a-ba9a-4d72-abd2-d0f1aa02f12f:c3095, 9dc27687-2024-46ae-8b6e-c9027bfa400e:c3092, 9c9c57da-14dc-454a-b374-789aa5e765a9:c3092]
2019-09-16 23:35:07,767 [grpc-default-executor-3] INFO  client.GrpcClientProtocolClient (GrpcClientProtocolClient.java:onNext(264)) - client-C79DE3E06697->1d6da99a-ba9a-4d72-abd2-d0f1aa02f12f: receive RaftClientReply:client-C79DE3E06697->1d6da99a-ba9a-4d72-abd2-d0f1aa02f12f@group-B29EE812FB58, cid=2110, SUCCESS, logIndex=3096, commits[1d6da99a-ba9a-4d72-abd2-d0f1aa02f12f:c3096, 9dc27687-2024-46ae-8b6e-c9027bfa400e:c3092, 9c9c57da-14dc-454a-b374-789aa5e765a9:c3092]
2019-09-16 23:35:07,781 [grpc-default-executor-6] INFO  client.GrpcClientProtocolClient (GrpcClientProtocolClient.java:onNext(264)) - client-C79DE3E06697->1d6da99a-ba9a-4d72-abd2-d0f1aa02f12f: receive RaftClientReply:client-C79DE3E06697->1d6da99a-ba9a-4d72-abd2-d0f1aa02f12f@group-B29EE812FB58, cid=2111, SUCCESS, logIndex=0, commits[1d6da99a-ba9a-4d72-abd2-d0f1aa02f12f:c3097, 9dc27687-2024-46ae-8b6e-c9027bfa400e:c3096, 9c9c57da-14dc-454a-b374-789aa5e765a9:c3096]
2019-09-16 23:35:07,808 [grpc-default-executor-6] INFO  client.GrpcClientProtocolClient (GrpcClientProtocolClient.java:onNext(264)) - client-C79DE3E06697->1d6da99a-ba9a-4d72-abd2-d0f1aa02f12f: receive RaftClientReply:client-C79DE3E06697->1d6da99a-ba9a-4d72-abd2-d0f1aa02f12f@group-B29EE812FB58, cid=2112, SUCCESS, logIndex=3099, commits[1d6da99a-ba9a-4d72-abd2-d0f1aa02f12f:c3099, 9dc27687-2024-46ae-8b6e-c9027bfa400e:c3098, 9c9c57da-14dc-454a-b374-789aa5e765a9:c3098]
2019-09-16 23:35:07,808 [grpc-default-executor-6] INFO  client.GrpcClientProtocolClient (GrpcClientProtocolClient.java:onNext(264)) - client-C79DE3E06697->1d6da99a-ba9a-4d72-abd2-d0f1aa02f12f: receive RaftClientReply:client-C79DE3E06697->1d6da99a-ba9a-4d72-abd2-d0f1aa02f12f@group-B29EE812FB58, cid=2113, SUCCESS, logIndex=3100, commits[1d6da99a-ba9a-4d72-abd2-d0f1aa02f12f:c3102, 9dc27687-2024-46ae-8b6e-c9027bfa400e:c3098, 9c9c57da-14dc-454a-b374-789aa5e765a9:c3098]
2019-09-16 23:35:07,809 [grpc-default-executor-6] INFO  client.GrpcClientProtocolClient (GrpcClientProtocolClient.java:onNext(264)) - client-C79DE3E06697->1d6da99a-ba9a-4d72-abd2-d0f1aa02f12f: receive RaftClientReply:client-C79DE3E06697->1d6da99a-ba9a-4d72-abd2-d0f1aa02f12f@group-B29EE812FB58, cid=2114, SUCCESS, logIndex=3101, commits[1d6da99a-ba9a-4d72-abd2-d0f1aa02f12f:c3102, 9dc27687-2024-46ae-8b6e-c9027bfa400e:c3098, 9c9c57da-14dc-454a-b374-789aa5e765a9:c3098]
2019-09-16 23:35:07,809 [grpc-default-executor-6] INFO  client.GrpcClientProtocolClient (GrpcClientProtocolClient.java:onNext(264)) - client-C79DE3E06697->1d6da99a-ba9a-4d72-abd2-d0f1aa02f12f: receive RaftClientReply:client-C79DE3E06697->1d6da99a-ba9a-4d72-abd2-d0f1aa02f12f@group-B29EE812FB58, cid=2115, SUCCESS, logIndex=3102, commits[1d6da99a-ba9a-4d72-abd2-d0f1aa02f12f:c3103, 9dc27687-2024-46ae-8b6e-c9027bfa400e:c3098, 9c9c57da-14dc-454a-b374-789aa5e765a9:c3100]
2019-09-16 23:35:07,810 [grpc-default-executor-6] INFO  client.GrpcClientProtocolClient (GrpcClientProtocolClient.java:onNext(264)) - client-C79DE3E06697->1d6da99a-ba9a-4d72-abd2-d0f1aa02f12f: receive RaftClientReply:client-C79DE3E06697->1d6da99a-ba9a-4d72-abd2-d0f1aa02f12f@group-B29EE812FB58, cid=2116, SUCCESS, logIndex=0, commits[1d6da99a-ba9a-4d72-abd2-d0f1aa02f12f:c3106, 9dc27687-2024-46ae-8b6e-c9027bfa400e:c3101, 9c9c57da-14dc-454a-b374-789aa5e765a9:c3102]
2019-09-16 23:35:07,828 [grpc-default-executor-3] INFO  client.GrpcClientProtocolClient (GrpcClientProtocolClient.java:onNext(264)) - client-C79DE3E06697->1d6da99a-ba9a-4d72-abd2-d0f1aa02f12f: receive RaftClientReply:client-C79DE3E06697->1d6da99a-ba9a-4d72-abd2-d0f1aa02f12f@group-B29EE812FB58, cid=2117, SUCCESS, logIndex=3107, commits[1d6da99a-ba9a-4d72-abd2-d0f1aa02f12f:c3108, 9dc27687-2024-46ae-8b6e-c9027bfa400e:c3106, 9c9c57da-14dc-454a-b374-789aa5e765a9:c3106]
2019-09-16 23:35:07,828 [grpc-default-executor-3] INFO  client.GrpcClientProtocolClient (GrpcClientProtocolClient.java:onNext(264)) - client-C79DE3E06697->1d6da99a-ba9a-4d72-abd2-d0f1aa02f12f: receive RaftClientReply:client-C79DE3E06697->1d6da99a-ba9a-4d72-abd2-d0f1aa02f12f@group-B29EE812FB58, cid=2118, SUCCESS, logIndex=3108, commits[1d6da99a-ba9a-4d72-abd2-d0f1aa02f12f:c3108, 9dc27687-2024-46ae-8b6e-c9027bfa400e:c3106, 9c9c57da-14dc-454a-b374-789aa5e765a9:c3106]
2019-09-16 23:35:07,843 [grpc-default-executor-3] INFO  client.GrpcClientProtocolClient (GrpcClientProtocolClient.java:onNext(264)) - client-C79DE3E06697->1d6da99a-ba9a-4d72-abd2-d0f1aa02f12f: receive RaftClientReply:client-C79DE3E06697->1d6da99a-ba9a-4d72-abd2-d0f1aa02f12f@group-B29EE812FB58, cid=2119, SUCCESS, logIndex=3111, commits[1d6da99a-ba9a-4d72-abd2-d0f1aa02f12f:c3112, 9dc27687-2024-46ae-8b6e-c9027bfa400e:c3108, 9c9c57da-14dc-454a-b374-789aa5e765a9:c3108]
2019-09-16 23:35:07,843 [grpc-default-executor-3] INFO  client.GrpcClientProtocolClient (GrpcClientProtocolClient.java:onNext(264)) - client-C79DE3E06697->1d6da99a-ba9a-4d72-abd2-d0f1aa02f12f: receive RaftClientReply:client-C79DE3E06697->1d6da99a-ba9a-4d72-abd2-d0f1aa02f12f@group-B29EE812FB58, cid=2120, SUCCESS, logIndex=3112, commits[1d6da99a-ba9a-4d72-abd2-d0f1aa02f12f:c3112, 9dc27687-2024-46ae-8b6e-c9027bfa400e:c3108, 9c9c57da-14dc-454a-b374-789aa5e765a9:c3108]
2019-09-16 23:35:07,861 [grpc-default-executor-3] INFO  client.GrpcClientProtocolClient (GrpcClientProtocolClient.java:onNext(264)) - client-C79DE3E06697->1d6da99a-ba9a-4d72-abd2-d0f1aa02f12f: receive RaftClientReply:client-C79DE3E06697->1d6da99a-ba9a-4d72-abd2-d0f1aa02f12f@group-B29EE812FB58, cid=2121, SUCCESS, logIndex=0, commits[1d6da99a-ba9a-4d72-abd2-d0f1aa02f12f:c3113, 9dc27687-2024-46ae-8b6e-c9027bfa400e:c3112, 9c9c57da-14dc-454a-b374-789aa5e765a9:c3112]
2019-09-16 23:35:07,886 [grpc-default-executor-1] INFO  client.GrpcClientProtocolClient (GrpcClientProtocolClient.java:onNext(264)) - client-C79DE3E06697->1d6da99a-ba9a-4d72-abd2-d0f1aa02f12f: receive RaftClientReply:client-C79DE3E06697->1d6da99a-ba9a-4d72-abd2-d0f1aa02f12f@group-B29EE812FB58, cid=2122, SUCCESS, logIndex=3115, commits[1d6da99a-ba9a-4d72-abd2-d0f1aa02f12f:c3115, 9dc27687-2024-46ae-8b6e-c9027bfa400e:c3114, 9c9c57da-14dc-454a-b374-789aa5e765a9:c3114]
2019-09-16 23:35:07,887 [grpc-default-executor-6] INFO  client.GrpcClientProtocolClient (GrpcClientProtocolClient.java:onNext(264)) - client-C79DE3E06697->1d6da99a-ba9a-4d72-abd2-d0f1aa02f12f: receive RaftClientReply:client-C79DE3E06697->1d6da99a-ba9a-4d72-abd2-d0f1aa02f12f@group-B29EE812FB58, cid=2123, SUCCESS, logIndex=3116, commits[1d6da99a-ba9a-4d72-abd2-d0f1aa02f12f:c3117, 9dc27687-2024-46ae-8b6e-c9027bfa400e:c3114, 9c9c57da-14dc-454a-b374-789aa5e765a9:c3114]
2019-09-16 23:35:07,887 [grpc-default-executor-6] INFO  client.GrpcClientProtocolClient (GrpcClientProtocolClient.java:onNext(264)) - client-C79DE3E06697->1d6da99a-ba9a-4d72-abd2-d0f1aa02f12f: receive RaftClientReply:client-C79DE3E06697->1d6da99a-ba9a-4d72-abd2-d0f1aa02f12f@group-B29EE812FB58, cid=2124, SUCCESS, logIndex=3117, commits[1d6da99a-ba9a-4d72-abd2-d0f1aa02f12f:c3118, 9dc27687-2024-46ae-8b6e-c9027bfa400e:c3114, 9c9c57da-14dc-454a-b374-789aa5e765a9:c3114]
2019-09-16 23:35:07,887 [grpc-default-executor-6] INFO  client.GrpcClientProtocolClient (GrpcClientProtocolClient.java:onNext(264)) - client-C79DE3E06697->1d6da99a-ba9a-4d72-abd2-d0f1aa02f12f: receive RaftClientReply:client-C79DE3E06697->1d6da99a-ba9a-4d72-abd2-d0f1aa02f12f@group-B29EE812FB58, cid=2125, SUCCESS, logIndex=3118, commits[1d6da99a-ba9a-4d72-abd2-d0f1aa02f12f:c3118, 9dc27687-2024-46ae-8b6e-c9027bfa400e:c3114, 9c9c57da-14dc-454a-b374-789aa5e765a9:c3114]
2019-09-16 23:35:07,901 [grpc-default-executor-1] INFO  client.GrpcClientProtocolClient (GrpcClientProtocolClient.java:onNext(264)) - client-C79DE3E06697->1d6da99a-ba9a-4d72-abd2-d0f1aa02f12f: receive RaftClientReply:client-C79DE3E06697->1d6da99a-ba9a-4d72-abd2-d0f1aa02f12f@group-B29EE812FB58, cid=2126, SUCCESS, logIndex=0, commits[1d6da99a-ba9a-4d72-abd2-d0f1aa02f12f:c3121, 9dc27687-2024-46ae-8b6e-c9027bfa400e:c3118, 9c9c57da-14dc-454a-b374-789aa5e765a9:c3116]
2019-09-16 23:35:07,921 [grpc-default-executor-6] INFO  client.GrpcClientProtocolClient (GrpcClientProtocolClient.java:onNext(264)) - client-C79DE3E06697->1d6da99a-ba9a-4d72-abd2-d0f1aa02f12f: receive RaftClientReply:client-C79DE3E06697->1d6da99a-ba9a-4d72-abd2-d0f1aa02f12f@group-B29EE812FB58, cid=2127, SUCCESS, logIndex=3123, commits[1d6da99a-ba9a-4d72-abd2-d0f1aa02f12f:c3124, 9dc27687-2024-46ae-8b6e-c9027bfa400e:c3122, 9c9c57da-14dc-454a-b374-789aa5e765a9:c3122]
2019-09-16 23:35:07,921 [grpc-default-executor-6] INFO  client.GrpcClientProtocolClient (GrpcClientProtocolClient.java:onNext(264)) - client-C79DE3E06697->1d6da99a-ba9a-4d72-abd2-d0f1aa02f12f: receive RaftClientReply:client-C79DE3E06697->1d6da99a-ba9a-4d72-abd2-d0f1aa02f12f@group-B29EE812FB58, cid=2128, SUCCESS, logIndex=3124, commits[1d6da99a-ba9a-4d72-abd2-d0f1aa02f12f:c3124, 9dc27687-2024-46ae-8b6e-c9027bfa400e:c3122, 9c9c57da-14dc-454a-b374-789aa5e765a9:c3122]
2019-09-16 23:35:07,935 [grpc-default-executor-3] INFO  client.GrpcClientProtocolClient (GrpcClientProtocolClient.java:onNext(264)) - client-C79DE3E06697->1d6da99a-ba9a-4d72-abd2-d0f1aa02f12f: receive RaftClientReply:client-C79DE3E06697->1d6da99a-ba9a-4d72-abd2-d0f1aa02f12f@group-B29EE812FB58, cid=2129, SUCCESS, logIndex=3127, commits[1d6da99a-ba9a-4d72-abd2-d0f1aa02f12f:c3128, 9dc27687-2024-46ae-8b6e-c9027bfa400e:c3124, 9c9c57da-14dc-454a-b374-789aa5e765a9:c3124]
2019-09-16 23:35:07,936 [grpc-default-executor-3] INFO  client.GrpcClientProtocolClient (GrpcClientProtocolClient.java:onNext(264)) - client-C79DE3E06697->1d6da99a-ba9a-4d72-abd2-d0f1aa02f12f: receive RaftClientReply:client-C79DE3E06697->1d6da99a-ba9a-4d72-abd2-d0f1aa02f12f@group-B29EE812FB58, cid=2130, SUCCESS, logIndex=3128, commits[1d6da99a-ba9a-4d72-abd2-d0f1aa02f12f:c3128, 9dc27687-2024-46ae-8b6e-c9027bfa400e:c3124, 9c9c57da-14dc-454a-b374-789aa5e765a9:c3124]
2019-09-16 23:35:07,950 [grpc-default-executor-7] INFO  client.GrpcClientProtocolClient (GrpcClientProtocolClient.java:onNext(264)) - client-C79DE3E06697->1d6da99a-ba9a-4d72-abd2-d0f1aa02f12f: receive RaftClientReply:client-C79DE3E06697->1d6da99a-ba9a-4d72-abd2-d0f1aa02f12f@group-B29EE812FB58, cid=2131, SUCCESS, logIndex=0, commits[1d6da99a-ba9a-4d72-abd2-d0f1aa02f12f:c3129, 9dc27687-2024-46ae-8b6e-c9027bfa400e:c3128, 9c9c57da-14dc-454a-b374-789aa5e765a9:c3128]
2019-09-16 23:35:07,979 [grpc-default-executor-6] INFO  client.GrpcClientProtocolClient (GrpcClientProtocolClient.java:onNext(264)) - client-C79DE3E06697->1d6da99a-ba9a-4d72-abd2-d0f1aa02f12f: receive RaftClientReply:client-C79DE3E06697->1d6da99a-ba9a-4d72-abd2-d0f1aa02f12f@group-B29EE812FB58, cid=2132, SUCCESS, logIndex=3131, commits[1d6da99a-ba9a-4d72-abd2-d0f1aa02f12f:c3133, 9dc27687-2024-46ae-8b6e-c9027bfa400e:c3130, 9c9c57da-14dc-454a-b374-789aa5e765a9:c3130]
2019-09-16 23:35:07,980 [grpc-default-executor-6] INFO  client.GrpcClientProtocolClient (GrpcClientProtocolClient.java:onNext(264)) - client-C79DE3E06697->1d6da99a-ba9a-4d72-abd2-d0f1aa02f12f: receive RaftClientReply:client-C79DE3E06697->1d6da99a-ba9a-4d72-abd2-d0f1aa02f12f@group-B29EE812FB58, cid=2133, SUCCESS, logIndex=3132, commits[1d6da99a-ba9a-4d72-abd2-d0f1aa02f12f:c3134, 9dc27687-2024-46ae-8b6e-c9027bfa400e:c3130, 9c9c57da-14dc-454a-b374-789aa5e765a9:c3130]
2019-09-16 23:35:07,980 [grpc-default-executor-6] INFO  client.GrpcClientProtocolClient (GrpcClientProtocolClient.java:onNext(264)) - client-C79DE3E06697->1d6da99a-ba9a-4d72-abd2-d0f1aa02f12f: receive RaftClientReply:client-C79DE3E06697->1d6da99a-ba9a-4d72-abd2-d0f1aa02f12f@group-B29EE812FB58, cid=2134, SUCCESS, logIndex=3133, commits[1d6da99a-ba9a-4d72-abd2-d0f1aa02f12f:c3134, 9dc27687-2024-46ae-8b6e-c9027bfa400e:c3130, 9c9c57da-14dc-454a-b374-789aa5e765a9:c3130]
2019-09-16 23:35:07,980 [grpc-default-executor-6] INFO  client.GrpcClientProtocolClient (GrpcClientProtocolClient.java:onNext(264)) - client-C79DE3E06697->1d6da99a-ba9a-4d72-abd2-d0f1aa02f12f: receive RaftClientReply:client-C79DE3E06697->1d6da99a-ba9a-4d72-abd2-d0f1aa02f12f@group-B29EE812FB58, cid=2135, SUCCESS, logIndex=3134, commits[1d6da99a-ba9a-4d72-abd2-d0f1aa02f12f:c3134, 9dc27687-2024-46ae-8b6e-c9027bfa400e:c3130, 9c9c57da-14dc-454a-b374-789aa5e765a9:c3130]
2019-09-16 23:35:07,992 [grpc-default-executor-3] INFO  client.GrpcClientProtocolClient (GrpcClientProtocolClient.java:onNext(264)) - client-C79DE3E06697->1d6da99a-ba9a-4d72-abd2-d0f1aa02f12f: receive RaftClientReply:client-C79DE3E06697->1d6da99a-ba9a-4d72-abd2-d0f1aa02f12f@group-B29EE812FB58, cid=2136, SUCCESS, logIndex=0, commits[1d6da99a-ba9a-4d72-abd2-d0f1aa02f12f:c3136, 9dc27687-2024-46ae-8b6e-c9027bfa400e:c3133, 9c9c57da-14dc-454a-b374-789aa5e765a9:c3133]
2019-09-16 23:35:08,011 [grpc-default-executor-3] INFO  client.GrpcClientProtocolClient (GrpcClientProtocolClient.java:onNext(264)) - client-C79DE3E06697->1d6da99a-ba9a-4d72-abd2-d0f1aa02f12f: receive RaftClientReply:client-C79DE3E06697->1d6da99a-ba9a-4d72-abd2-d0f1aa02f12f@group-B29EE812FB58, cid=2137, SUCCESS, logIndex=3139, commits[1d6da99a-ba9a-4d72-abd2-d0f1aa02f12f:c3140, 9dc27687-2024-46ae-8b6e-c9027bfa400e:c3138, 9c9c57da-14dc-454a-b374-789aa5e765a9:c3138]
2019-09-16 23:35:08,011 [grpc-default-executor-3] INFO  client.GrpcClientProtocolClient (GrpcClientProtocolClient.java:onNext(264)) - client-C79DE3E06697->1d6da99a-ba9a-4d72-abd2-d0f1aa02f12f: receive RaftClientReply:client-C79DE3E06697->1d6da99a-ba9a-4d72-abd2-d0f1aa02f12f@group-B29EE812FB58, cid=2138, SUCCESS, logIndex=3140, commits[1d6da99a-ba9a-4d72-abd2-d0f1aa02f12f:c3140, 9dc27687-2024-46ae-8b6e-c9027bfa400e:c3138, 9c9c57da-14dc-454a-b374-789aa5e765a9:c3138]
2019-09-16 23:35:08,036 [grpc-default-executor-7] INFO  client.GrpcClientProtocolClient (GrpcClientProtocolClient.java:onNext(264)) - client-C79DE3E06697->1d6da99a-ba9a-4d72-abd2-d0f1aa02f12f: receive RaftClientReply:client-C79DE3E06697->1d6da99a-ba9a-4d72-abd2-d0f1aa02f12f@group-B29EE812FB58, cid=2139, SUCCESS, logIndex=3143, commits[1d6da99a-ba9a-4d72-abd2-d0f1aa02f12f:c3143, 9dc27687-2024-46ae-8b6e-c9027bfa400e:c3140, 9c9c57da-14dc-454a-b374-789aa5e765a9:c3140]
2019-09-16 23:35:08,037 [grpc-default-executor-7] INFO  client.GrpcClientProtocolClient (GrpcClientProtocolClient.java:onNext(264)) - client-C79DE3E06697->1d6da99a-ba9a-4d72-abd2-d0f1aa02f12f: receive RaftClientReply:client-C79DE3E06697->1d6da99a-ba9a-4d72-abd2-d0f1aa02f12f@group-B29EE812FB58, cid=2140, SUCCESS, logIndex=3144, commits[1d6da99a-ba9a-4d72-abd2-d0f1aa02f12f:c3144, 9dc27687-2024-46ae-8b6e-c9027bfa400e:c3140, 9c9c57da-14dc-454a-b374-789aa5e765a9:c3140]
2019-09-16 23:35:08,041 [grpc-default-executor-7] INFO  client.GrpcClientProtocolClient (GrpcClientProtocolClient.java:onNext(264)) - client-C79DE3E06697->1d6da99a-ba9a-4d72-abd2-d0f1aa02f12f: receive RaftClientReply:client-C79DE3E06697->1d6da99a-ba9a-4d72-abd2-d0f1aa02f12f@group-B29EE812FB58, cid=2141, SUCCESS, logIndex=0, commits[1d6da99a-ba9a-4d72-abd2-d0f1aa02f12f:c3146, 9dc27687-2024-46ae-8b6e-c9027bfa400e:c3144, 9c9c57da-14dc-454a-b374-789aa5e765a9:c3144]
2019-09-16 23:35:08,061 [grpc-default-executor-1] INFO  client.GrpcClientProtocolClient (GrpcClientProtocolClient.java:onNext(264)) - client-C79DE3E06697->1d6da99a-ba9a-4d72-abd2-d0f1aa02f12f: receive RaftClientReply:client-C79DE3E06697->1d6da99a-ba9a-4d72-abd2-d0f1aa02f12f@group-B29EE812FB58, cid=2142, SUCCESS, logIndex=3147, commits[1d6da99a-ba9a-4d72-abd2-d0f1aa02f12f:c3150, 9dc27687-2024-46ae-8b6e-c9027bfa400e:c3144, 9c9c57da-14dc-454a-b374-789aa5e765a9:c3146]
2019-09-16 23:35:08,061 [grpc-default-executor-1] INFO  client.GrpcClientProtocolClient (GrpcClientProtocolClient.java:onNext(264)) - client-C79DE3E06697->1d6da99a-ba9a-4d72-abd2-d0f1aa02f12f: receive RaftClientReply:client-C79DE3E06697->1d6da99a-ba9a-4d72-abd2-d0f1aa02f12f@group-B29EE812FB58, cid=2143, SUCCESS, logIndex=3148, commits[1d6da99a-ba9a-4d72-abd2-d0f1aa02f12f:c3150, 9dc27687-2024-46ae-8b6e-c9027bfa400e:c3146, 9c9c57da-14dc-454a-b374-789aa5e765a9:c3146]
2019-09-16 23:35:08,061 [grpc-default-executor-1] INFO  client.GrpcClientProtocolClient (GrpcClientProtocolClient.java:onNext(264)) - client-C79DE3E06697->1d6da99a-ba9a-4d72-abd2-d0f1aa02f12f: receive RaftClientReply:client-C79DE3E06697->1d6da99a-ba9a-4d72-abd2-d0f1aa02f12f@group-B29EE812FB58, cid=2144, SUCCESS, logIndex=3149, commits[1d6da99a-ba9a-4d72-abd2-d0f1aa02f12f:c3150, 9dc27687-2024-46ae-8b6e-c9027bfa400e:c3146, 9c9c57da-14dc-454a-b374-789aa5e765a9:c3146]
2019-09-16 23:35:08,062 [grpc-default-executor-1] INFO  client.GrpcClientProtocolClient (GrpcClientProtocolClient.java:onNext(264)) - client-C79DE3E06697->1d6da99a-ba9a-4d72-abd2-d0f1aa02f12f: receive RaftClientReply:client-C79DE3E06697->1d6da99a-ba9a-4d72-abd2-d0f1aa02f12f@group-B29EE812FB58, cid=2145, SUCCESS, logIndex=3150, commits[1d6da99a-ba9a-4d72-abd2-d0f1aa02f12f:c3150, 9dc27687-2024-46ae-8b6e-c9027bfa400e:c3146, 9c9c57da-14dc-454a-b374-789aa5e765a9:c3146]
2019-09-16 23:35:08,063 [grpc-default-executor-7] INFO  client.GrpcClientProtocolClient (GrpcClientProtocolClient.java:onNext(264)) - client-C79DE3E06697->1d6da99a-ba9a-4d72-abd2-d0f1aa02f12f: receive RaftClientReply:client-C79DE3E06697->1d6da99a-ba9a-4d72-abd2-d0f1aa02f12f@group-B29EE812FB58, cid=2146, SUCCESS, logIndex=0, commits[1d6da99a-ba9a-4d72-abd2-d0f1aa02f12f:c3151, 9dc27687-2024-46ae-8b6e-c9027bfa400e:c3148, 9c9c57da-14dc-454a-b374-789aa5e765a9:c3148]
2019-09-16 23:35:08,073 [grpc-default-executor-7] INFO  client.GrpcClientProtocolClient (GrpcClientProtocolClient.java:onNext(264)) - client-C79DE3E06697->1d6da99a-ba9a-4d72-abd2-d0f1aa02f12f: receive RaftClientReply:client-C79DE3E06697->1d6da99a-ba9a-4d72-abd2-d0f1aa02f12f@group-B29EE812FB58, cid=2147, SUCCESS, logIndex=3155, commits[1d6da99a-ba9a-4d72-abd2-d0f1aa02f12f:c3156, 9dc27687-2024-46ae-8b6e-c9027bfa400e:c3150, 9c9c57da-14dc-454a-b374-789aa5e765a9:c3154]
2019-09-16 23:35:08,073 [grpc-default-executor-7] INFO  client.GrpcClientProtocolClient (GrpcClientProtocolClient.java:onNext(264)) - client-C79DE3E06697->1d6da99a-ba9a-4d72-abd2-d0f1aa02f12f: receive RaftClientReply:client-C79DE3E06697->1d6da99a-ba9a-4d72-abd2-d0f1aa02f12f@group-B29EE812FB58, cid=2148, SUCCESS, logIndex=3156, commits[1d6da99a-ba9a-4d72-abd2-d0f1aa02f12f:c3156, 9dc27687-2024-46ae-8b6e-c9027bfa400e:c3150, 9c9c57da-14dc-454a-b374-789aa5e765a9:c3154]
2019-09-16 23:35:08,082 [grpc-default-executor-6] INFO  client.GrpcClientProtocolClient (GrpcClientProtocolClient.java:onNext(264)) - client-C79DE3E06697->1d6da99a-ba9a-4d72-abd2-d0f1aa02f12f: receive RaftClientReply:client-C79DE3E06697->1d6da99a-ba9a-4d72-abd2-d0f1aa02f12f@group-B29EE812FB58, cid=2149, SUCCESS, logIndex=3159, commits[1d6da99a-ba9a-4d72-abd2-d0f1aa02f12f:c3160, 9dc27687-2024-46ae-8b6e-c9027bfa400e:c3158, 9c9c57da-14dc-454a-b374-789aa5e765a9:c3156]
2019-09-16 23:35:08,082 [grpc-default-executor-6] INFO  client.GrpcClientProtocolClient (GrpcClientProtocolClient.java:onNext(264)) - client-C79DE3E06697->1d6da99a-ba9a-4d72-abd2-d0f1aa02f12f: receive RaftClientReply:client-C79DE3E06697->1d6da99a-ba9a-4d72-abd2-d0f1aa02f12f@group-B29EE812FB58, cid=2150, SUCCESS, logIndex=3160, commits[1d6da99a-ba9a-4d72-abd2-d0f1aa02f12f:c3160, 9dc27687-2024-46ae-8b6e-c9027bfa400e:c3158, 9c9c57da-14dc-454a-b374-789aa5e765a9:c3156]
2019-09-16 23:35:08,086 [grpc-default-executor-6] INFO  client.GrpcClientProtocolClient (GrpcClientProtocolClient.java:onNext(264)) - client-C79DE3E06697->1d6da99a-ba9a-4d72-abd2-d0f1aa02f12f: receive RaftClientReply:client-C79DE3E06697->1d6da99a-ba9a-4d72-abd2-d0f1aa02f12f@group-B29EE812FB58, cid=2151, SUCCESS, logIndex=0, commits[1d6da99a-ba9a-4d72-abd2-d0f1aa02f12f:c3161, 9dc27687-2024-46ae-8b6e-c9027bfa400e:c3160, 9c9c57da-14dc-454a-b374-789aa5e765a9:c3160]
2019-09-16 23:35:08,195 [grpc-default-executor-3] INFO  client.GrpcClientProtocolClient (GrpcClientProtocolClient.java:onNext(264)) - client-C79DE3E06697->1d6da99a-ba9a-4d72-abd2-d0f1aa02f12f: receive RaftClientReply:client-C79DE3E06697->1d6da99a-ba9a-4d72-abd2-d0f1aa02f12f@group-B29EE812FB58, cid=2152, SUCCESS, logIndex=3163, commits[1d6da99a-ba9a-4d72-abd2-d0f1aa02f12f:c3164, 9dc27687-2024-46ae-8b6e-c9027bfa400e:c3162, 9c9c57da-14dc-454a-b374-789aa5e765a9:c3162]
2019-09-16 23:35:08,196 [grpc-default-executor-3] INFO  client.GrpcClientProtocolClient (GrpcClientProtocolClient.java:onNext(264)) - client-C79DE3E06697->1d6da99a-ba9a-4d72-abd2-d0f1aa02f12f: receive RaftClientReply:client-C79DE3E06697->1d6da99a-ba9a-4d72-abd2-d0f1aa02f12f@group-B29EE812FB58, cid=2153, SUCCESS, logIndex=3164, commits[1d6da99a-ba9a-4d72-abd2-d0f1aa02f12f:c3164, 9dc27687-2024-46ae-8b6e-c9027bfa400e:c3162, 9c9c57da-14dc-454a-b374-789aa5e765a9:c3162]
2019-09-16 23:35:08,206 [grpc-default-executor-6] INFO  client.GrpcClientProtocolClient (GrpcClientProtocolClient.java:onNext(264)) - client-C79DE3E06697->1d6da99a-ba9a-4d72-abd2-d0f1aa02f12f: receive RaftClientReply:client-C79DE3E06697->1d6da99a-ba9a-4d72-abd2-d0f1aa02f12f@group-B29EE812FB58, cid=2154, SUCCESS, logIndex=3165, commits[1d6da99a-ba9a-4d72-abd2-d0f1aa02f12f:c3166, 9dc27687-2024-46ae-8b6e-c9027bfa400e:c3162, 9c9c57da-14dc-454a-b374-789aa5e765a9:c3162]
2019-09-16 23:35:08,207 [grpc-default-executor-6] INFO  client.GrpcClientProtocolClient (GrpcClientProtocolClient.java:onNext(264)) - client-C79DE3E06697->1d6da99a-ba9a-4d72-abd2-d0f1aa02f12f: receive RaftClientReply:client-C79DE3E06697->1d6da99a-ba9a-4d72-abd2-d0f1aa02f12f@group-B29EE812FB58, cid=2155, SUCCESS, logIndex=3166, commits[1d6da99a-ba9a-4d72-abd2-d0f1aa02f12f:c3166, 9dc27687-2024-46ae-8b6e-c9027bfa400e:c3162, 9c9c57da-14dc-454a-b374-789aa5e765a9:c3162]
2019-09-16 23:35:08,208 [grpc-default-executor-6] INFO  client.GrpcClientProtocolClient (GrpcClientProtocolClient.java:onNext(264)) - client-C79DE3E06697->1d6da99a-ba9a-4d72-abd2-d0f1aa02f12f: receive RaftClientReply:client-C79DE3E06697->1d6da99a-ba9a-4d72-abd2-d0f1aa02f12f@group-B29EE812FB58, cid=2156, SUCCESS, logIndex=0, commits[1d6da99a-ba9a-4d72-abd2-d0f1aa02f12f:c3168, 9dc27687-2024-46ae-8b6e-c9027bfa400e:c3166, 9c9c57da-14dc-454a-b374-789aa5e765a9:c3164]
2019-09-16 23:35:08,228 [grpc-default-executor-6] INFO  client.GrpcClientProtocolClient (GrpcClientProtocolClient.java:onNext(264)) - client-C79DE3E06697->1d6da99a-ba9a-4d72-abd2-d0f1aa02f12f: receive RaftClientReply:client-C79DE3E06697->1d6da99a-ba9a-4d72-abd2-d0f1aa02f12f@group-B29EE812FB58, cid=2157, SUCCESS, logIndex=3171, commits[1d6da99a-ba9a-4d72-abd2-d0f1aa02f12f:c3172, 9dc27687-2024-46ae-8b6e-c9027bfa400e:c3170, 9c9c57da-14dc-454a-b374-789aa5e765a9:c3170]
2019-09-16 23:35:08,228 [grpc-default-executor-6] INFO  client.GrpcClientProtocolClient (GrpcClientProtocolClient.java:onNext(264)) - client-C79DE3E06697->1d6da99a-ba9a-4d72-abd2-d0f1aa02f12f: receive RaftClientReply:client-C79DE3E06697->1d6da99a-ba9a-4d72-abd2-d0f1aa02f12f@group-B29EE812FB58, cid=2158, SUCCESS, logIndex=3172, commits[1d6da99a-ba9a-4d72-abd2-d0f1aa02f12f:c3172, 9dc27687-2024-46ae-8b6e-c9027bfa400e:c3170, 9c9c57da-14dc-454a-b374-789aa5e765a9:c3170]
2019-09-16 23:35:08,242 [grpc-default-executor-1] INFO  client.GrpcClientProtocolClient (GrpcClientProtocolClient.java:onNext(264)) - client-C79DE3E06697->1d6da99a-ba9a-4d72-abd2-d0f1aa02f12f: receive RaftClientReply:client-C79DE3E06697->1d6da99a-ba9a-4d72-abd2-d0f1aa02f12f@group-B29EE812FB58, cid=2159, SUCCESS, logIndex=3175, commits[1d6da99a-ba9a-4d72-abd2-d0f1aa02f12f:c3176, 9dc27687-2024-46ae-8b6e-c9027bfa400e:c3172, 9c9c57da-14dc-454a-b374-789aa5e765a9:c3172]
2019-09-16 23:35:08,243 [grpc-default-executor-1] INFO  client.GrpcClientProtocolClient (GrpcClientProtocolClient.java:onNext(264)) - client-C79DE3E06697->1d6da99a-ba9a-4d72-abd2-d0f1aa02f12f: receive RaftClientReply:client-C79DE3E06697->1d6da99a-ba9a-4d72-abd2-d0f1aa02f12f@group-B29EE812FB58, cid=2160, SUCCESS, logIndex=3176, commits[1d6da99a-ba9a-4d72-abd2-d0f1aa02f12f:c3176, 9dc27687-2024-46ae-8b6e-c9027bfa400e:c3172, 9c9c57da-14dc-454a-b374-789aa5e765a9:c3172]
2019-09-16 23:35:08,255 [grpc-default-executor-6] INFO  client.GrpcClientProtocolClient (GrpcClientProtocolClient.java:onNext(264)) - client-C79DE3E06697->1d6da99a-ba9a-4d72-abd2-d0f1aa02f12f: receive RaftClientReply:client-C79DE3E06697->1d6da99a-ba9a-4d72-abd2-d0f1aa02f12f@group-B29EE812FB58, cid=2161, SUCCESS, logIndex=0, commits[1d6da99a-ba9a-4d72-abd2-d0f1aa02f12f:c3178, 9dc27687-2024-46ae-8b6e-c9027bfa400e:c3176, 9c9c57da-14dc-454a-b374-789aa5e765a9:c3176]
2019-09-16 23:35:08,283 [grpc-default-executor-3] INFO  client.GrpcClientProtocolClient (GrpcClientProtocolClient.java:onNext(264)) - client-C79DE3E06697->1d6da99a-ba9a-4d72-abd2-d0f1aa02f12f: receive RaftClientReply:client-C79DE3E06697->1d6da99a-ba9a-4d72-abd2-d0f1aa02f12f@group-B29EE812FB58, cid=2162, SUCCESS, logIndex=3179, commits[1d6da99a-ba9a-4d72-abd2-d0f1aa02f12f:c3180, 9dc27687-2024-46ae-8b6e-c9027bfa400e:c3178, 9c9c57da-14dc-454a-b374-789aa5e765a9:c3178]
2019-09-16 23:35:08,284 [grpc-default-executor-3] INFO  client.GrpcClientProtocolClient (GrpcClientProtocolClient.java:onNext(264)) - client-C79DE3E06697->1d6da99a-ba9a-4d72-abd2-d0f1aa02f12f: receive RaftClientReply:client-C79DE3E06697->1d6da99a-ba9a-4d72-abd2-d0f1aa02f12f@group-B29EE812FB58, cid=2163, SUCCESS, logIndex=3180, commits[1d6da99a-ba9a-4d72-abd2-d0f1aa02f12f:c3180, 9dc27687-2024-46ae-8b6e-c9027bfa400e:c3178, 9c9c57da-14dc-454a-b374-789aa5e765a9:c3178]
2019-09-16 23:35:08,294 [grpc-default-executor-6] INFO  client.GrpcClientProtocolClient (GrpcClientProtocolClient.java:onNext(264)) - client-C79DE3E06697->1d6da99a-ba9a-4d72-abd2-d0f1aa02f12f: receive RaftClientReply:client-C79DE3E06697->1d6da99a-ba9a-4d72-abd2-d0f1aa02f12f@group-B29EE812FB58, cid=2164, SUCCESS, logIndex=3181, commits[1d6da99a-ba9a-4d72-abd2-d0f1aa02f12f:c3182, 9dc27687-2024-46ae-8b6e-c9027bfa400e:c3178, 9c9c57da-14dc-454a-b374-789aa5e765a9:c3178]
2019-09-16 23:35:08,295 [grpc-default-executor-6] INFO  client.GrpcClientProtocolClient (GrpcClientProtocolClient.java:onNext(264)) - client-C79DE3E06697->1d6da99a-ba9a-4d72-abd2-d0f1aa02f12f: receive RaftClientReply:client-C79DE3E06697->1d6da99a-ba9a-4d72-abd2-d0f1aa02f12f@group-B29EE812FB58, cid=2165, SUCCESS, logIndex=3182, commits[1d6da99a-ba9a-4d72-abd2-d0f1aa02f12f:c3182, 9dc27687-2024-46ae-8b6e-c9027bfa400e:c3178, 9c9c57da-14dc-454a-b374-789aa5e765a9:c3178]
2019-09-16 23:35:08,297 [grpc-default-executor-6] INFO  client.GrpcClientProtocolClient (GrpcClientProtocolClient.java:onNext(264)) - client-C79DE3E06697->1d6da99a-ba9a-4d72-abd2-d0f1aa02f12f: receive RaftClientReply:client-C79DE3E06697->1d6da99a-ba9a-4d72-abd2-d0f1aa02f12f@group-B29EE812FB58, cid=2166, SUCCESS, logIndex=0, commits[1d6da99a-ba9a-4d72-abd2-d0f1aa02f12f:c3184, 9dc27687-2024-46ae-8b6e-c9027bfa400e:c3180, 9c9c57da-14dc-454a-b374-789aa5e765a9:c3180]
2019-09-16 23:35:08,311 [grpc-default-executor-1] INFO  client.GrpcClientProtocolClient (GrpcClientProtocolClient.java:onNext(264)) - client-C79DE3E06697->1d6da99a-ba9a-4d72-abd2-d0f1aa02f12f: receive RaftClientReply:client-C79DE3E06697->1d6da99a-ba9a-4d72-abd2-d0f1aa02f12f@group-B29EE812FB58, cid=2167, SUCCESS, logIndex=3187, commits[1d6da99a-ba9a-4d72-abd2-d0f1aa02f12f:c3188, 9dc27687-2024-46ae-8b6e-c9027bfa400e:c3184, 9c9c57da-14dc-454a-b374-789aa5e765a9:c3184]
2019-09-16 23:35:08,311 [grpc-default-executor-1] INFO  client.GrpcClientProtocolClient (GrpcClientProtocolClient.java:onNext(264)) - client-C79DE3E06697->1d6da99a-ba9a-4d72-abd2-d0f1aa02f12f: receive RaftClientReply:client-C79DE3E06697->1d6da99a-ba9a-4d72-abd2-d0f1aa02f12f@group-B29EE812FB58, cid=2168, SUCCESS, logIndex=3188, commits[1d6da99a-ba9a-4d72-abd2-d0f1aa02f12f:c3188, 9dc27687-2024-46ae-8b6e-c9027bfa400e:c3184, 9c9c57da-14dc-454a-b374-789aa5e765a9:c3184]
2019-09-16 23:35:08,326 [grpc-default-executor-1] INFO  client.GrpcClientProtocolClient (GrpcClientProtocolClient.java:onNext(264)) - client-C79DE3E06697->1d6da99a-ba9a-4d72-abd2-d0f1aa02f12f: receive RaftClientReply:client-C79DE3E06697->1d6da99a-ba9a-4d72-abd2-d0f1aa02f12f@group-B29EE812FB58, cid=2169, SUCCESS, logIndex=3191, commits[1d6da99a-ba9a-4d72-abd2-d0f1aa02f12f:c3192, 9dc27687-2024-46ae-8b6e-c9027bfa400e:c3188, 9c9c57da-14dc-454a-b374-789aa5e765a9:c3188]
2019-09-16 23:35:08,326 [grpc-default-executor-1] INFO  client.GrpcClientProtocolClient (GrpcClientProtocolClient.java:onNext(264)) - client-C79DE3E06697->1d6da99a-ba9a-4d72-abd2-d0f1aa02f12f: receive RaftClientReply:client-C79DE3E06697->1d6da99a-ba9a-4d72-abd2-d0f1aa02f12f@group-B29EE812FB58, cid=2170, SUCCESS, logIndex=3192, commits[1d6da99a-ba9a-4d72-abd2-d0f1aa02f12f:c3192, 9dc27687-2024-46ae-8b6e-c9027bfa400e:c3188, 9c9c57da-14dc-454a-b374-789aa5e765a9:c3188]
2019-09-16 23:35:08,340 [grpc-default-executor-6] INFO  client.GrpcClientProtocolClient (GrpcClientProtocolClient.java:onNext(264)) - client-C79DE3E06697->1d6da99a-ba9a-4d72-abd2-d0f1aa02f12f: receive RaftClientReply:client-C79DE3E06697->1d6da99a-ba9a-4d72-abd2-d0f1aa02f12f@group-B29EE812FB58, cid=2171, SUCCESS, logIndex=0, commits[1d6da99a-ba9a-4d72-abd2-d0f1aa02f12f:c3194, 9dc27687-2024-46ae-8b6e-c9027bfa400e:c3192, 9c9c57da-14dc-454a-b374-789aa5e765a9:c3192]
2019-09-16 23:35:08,367 [grpc-default-executor-7] INFO  client.GrpcClientProtocolClient (GrpcClientProtocolClient.java:onNext(264)) - client-C79DE3E06697->1d6da99a-ba9a-4d72-abd2-d0f1aa02f12f: receive RaftClientReply:client-C79DE3E06697->1d6da99a-ba9a-4d72-abd2-d0f1aa02f12f@group-B29EE812FB58, cid=2172, SUCCESS, logIndex=3195, commits[1d6da99a-ba9a-4d72-abd2-d0f1aa02f12f:c3196, 9dc27687-2024-46ae-8b6e-c9027bfa400e:c3194, 9c9c57da-14dc-454a-b374-789aa5e765a9:c3194]
2019-09-16 23:35:08,368 [grpc-default-executor-7] INFO  client.GrpcClientProtocolClient (GrpcClientProtocolClient.java:onNext(264)) - client-C79DE3E06697->1d6da99a-ba9a-4d72-abd2-d0f1aa02f12f: receive RaftClientReply:client-C79DE3E06697->1d6da99a-ba9a-4d72-abd2-d0f1aa02f12f@group-B29EE812FB58, cid=2173, SUCCESS, logIndex=3196, commits[1d6da99a-ba9a-4d72-abd2-d0f1aa02f12f:c3196, 9dc27687-2024-46ae-8b6e-c9027bfa400e:c3194, 9c9c57da-14dc-454a-b374-789aa5e765a9:c3194]
2019-09-16 23:35:08,378 [grpc-default-executor-7] INFO  client.GrpcClientProtocolClient (GrpcClientProtocolClient.java:onNext(264)) - client-C79DE3E06697->1d6da99a-ba9a-4d72-abd2-d0f1aa02f12f: receive RaftClientReply:client-C79DE3E06697->1d6da99a-ba9a-4d72-abd2-d0f1aa02f12f@group-B29EE812FB58, cid=2174, SUCCESS, logIndex=3197, commits[1d6da99a-ba9a-4d72-abd2-d0f1aa02f12f:c3198, 9dc27687-2024-46ae-8b6e-c9027bfa400e:c3194, 9c9c57da-14dc-454a-b374-789aa5e765a9:c3194]
2019-09-16 23:35:08,378 [grpc-default-executor-7] INFO  client.GrpcClientProtocolClient (GrpcClientProtocolClient.java:onNext(264)) - client-C79DE3E06697->1d6da99a-ba9a-4d72-abd2-d0f1aa02f12f: receive RaftClientReply:client-C79DE3E06697->1d6da99a-ba9a-4d72-abd2-d0f1aa02f12f@group-B29EE812FB58, cid=2175, SUCCESS, logIndex=3198, commits[1d6da99a-ba9a-4d72-abd2-d0f1aa02f12f:c3198, 9dc27687-2024-46ae-8b6e-c9027bfa400e:c3194, 9c9c57da-14dc-454a-b374-789aa5e765a9:c3194]
2019-09-16 23:35:08,381 [grpc-default-executor-1] INFO  client.GrpcClientProtocolClient (GrpcClientProtocolClient.java:onNext(264)) - client-C79DE3E06697->1d6da99a-ba9a-4d72-abd2-d0f1aa02f12f: receive RaftClientReply:client-C79DE3E06697->1d6da99a-ba9a-4d72-abd2-d0f1aa02f12f@group-B29EE812FB58, cid=2176, SUCCESS, logIndex=0, commits[1d6da99a-ba9a-4d72-abd2-d0f1aa02f12f:c3200, 9dc27687-2024-46ae-8b6e-c9027bfa400e:c3196, 9c9c57da-14dc-454a-b374-789aa5e765a9:c3196]
2019-09-16 23:35:08,409 [grpc-default-executor-1] INFO  client.GrpcClientProtocolClient (GrpcClientProtocolClient.java:onNext(264)) - client-C79DE3E06697->1d6da99a-ba9a-4d72-abd2-d0f1aa02f12f: receive RaftClientReply:client-C79DE3E06697->1d6da99a-ba9a-4d72-abd2-d0f1aa02f12f@group-B29EE812FB58, cid=2177, SUCCESS, logIndex=3203, commits[1d6da99a-ba9a-4d72-abd2-d0f1aa02f12f:c3204, 9dc27687-2024-46ae-8b6e-c9027bfa400e:c3202, 9c9c57da-14dc-454a-b374-789aa5e765a9:c3202]
2019-09-16 23:35:08,409 [grpc-default-executor-1] INFO  client.GrpcClientProtocolClient (GrpcClientProtocolClient.java:onNext(264)) - client-C79DE3E06697->1d6da99a-ba9a-4d72-abd2-d0f1aa02f12f: receive RaftClientReply:client-C79DE3E06697->1d6da99a-ba9a-4d72-abd2-d0f1aa02f12f@group-B29EE812FB58, cid=2178, SUCCESS, logIndex=3204, commits[1d6da99a-ba9a-4d72-abd2-d0f1aa02f12f:c3204, 9dc27687-2024-46ae-8b6e-c9027bfa400e:c3202, 9c9c57da-14dc-454a-b374-789aa5e765a9:c3202]
2019-09-16 23:35:08,423 [grpc-default-executor-1] INFO  client.GrpcClientProtocolClient (GrpcClientProtocolClient.java:onNext(264)) - client-C79DE3E06697->1d6da99a-ba9a-4d72-abd2-d0f1aa02f12f: receive RaftClientReply:client-C79DE3E06697->1d6da99a-ba9a-4d72-abd2-d0f1aa02f12f@group-B29EE812FB58, cid=2179, SUCCESS, logIndex=3207, commits[1d6da99a-ba9a-4d72-abd2-d0f1aa02f12f:c3207, 9dc27687-2024-46ae-8b6e-c9027bfa400e:c3204, 9c9c57da-14dc-454a-b374-789aa5e765a9:c3204]
2019-09-16 23:35:08,424 [grpc-default-executor-1] INFO  client.GrpcClientProtocolClient (GrpcClientProtocolClient.java:onNext(264)) - client-C79DE3E06697->1d6da99a-ba9a-4d72-abd2-d0f1aa02f12f: receive RaftClientReply:client-C79DE3E06697->1d6da99a-ba9a-4d72-abd2-d0f1aa02f12f@group-B29EE812FB58, cid=2180, SUCCESS, logIndex=3208, commits[1d6da99a-ba9a-4d72-abd2-d0f1aa02f12f:c3208, 9dc27687-2024-46ae-8b6e-c9027bfa400e:c3204, 9c9c57da-14dc-454a-b374-789aa5e765a9:c3204]
2019-09-16 23:35:08,437 [grpc-default-executor-1] INFO  client.GrpcClientProtocolClient (GrpcClientProtocolClient.java:onNext(264)) - client-C79DE3E06697->1d6da99a-ba9a-4d72-abd2-d0f1aa02f12f: receive RaftClientReply:client-C79DE3E06697->1d6da99a-ba9a-4d72-abd2-d0f1aa02f12f@group-B29EE812FB58, cid=2181, SUCCESS, logIndex=0, commits[1d6da99a-ba9a-4d72-abd2-d0f1aa02f12f:c3210, 9dc27687-2024-46ae-8b6e-c9027bfa400e:c3208, 9c9c57da-14dc-454a-b374-789aa5e765a9:c3208]
2019-09-16 23:35:08,458 [grpc-default-executor-7] INFO  client.GrpcClientProtocolClient (GrpcClientProtocolClient.java:onNext(264)) - client-C79DE3E06697->1d6da99a-ba9a-4d72-abd2-d0f1aa02f12f: receive RaftClientReply:client-C79DE3E06697->1d6da99a-ba9a-4d72-abd2-d0f1aa02f12f@group-B29EE812FB58, cid=2182, SUCCESS, logIndex=3211, commits[1d6da99a-ba9a-4d72-abd2-d0f1aa02f12f:c3212, 9dc27687-2024-46ae-8b6e-c9027bfa400e:c3208, 9c9c57da-14dc-454a-b374-789aa5e765a9:c3210]
2019-09-16 23:35:08,458 [grpc-default-executor-7] INFO  client.GrpcClientProtocolClient (GrpcClientProtocolClient.java:onNext(264)) - client-C79DE3E06697->1d6da99a-ba9a-4d72-abd2-d0f1aa02f12f: receive RaftClientReply:client-C79DE3E06697->1d6da99a-ba9a-4d72-abd2-d0f1aa02f12f@group-B29EE812FB58, cid=2183, SUCCESS, logIndex=3212, commits[1d6da99a-ba9a-4d72-abd2-d0f1aa02f12f:c3212, 9dc27687-2024-46ae-8b6e-c9027bfa400e:c3208, 9c9c57da-14dc-454a-b374-789aa5e765a9:c3210]
2019-09-16 23:35:08,469 [grpc-default-executor-6] INFO  client.GrpcClientProtocolClient (GrpcClientProtocolClient.java:onNext(264)) - client-C79DE3E06697->1d6da99a-ba9a-4d72-abd2-d0f1aa02f12f: receive RaftClientReply:client-C79DE3E06697->1d6da99a-ba9a-4d72-abd2-d0f1aa02f12f@group-B29EE812FB58, cid=2184, SUCCESS, logIndex=3213, commits[1d6da99a-ba9a-4d72-abd2-d0f1aa02f12f:c3214, 9dc27687-2024-46ae-8b6e-c9027bfa400e:c3210, 9c9c57da-14dc-454a-b374-789aa5e765a9:c3210]
2019-09-16 23:35:08,469 [grpc-default-executor-6] INFO  client.GrpcClientProtocolClient (GrpcClientProtocolClient.java:onNext(264)) - client-C79DE3E06697->1d6da99a-ba9a-4d72-abd2-d0f1aa02f12f: receive RaftClientReply:client-C79DE3E06697->1d6da99a-ba9a-4d72-abd2-d0f1aa02f12f@group-B29EE812FB58, cid=2185, SUCCESS, logIndex=3214, commits[1d6da99a-ba9a-4d72-abd2-d0f1aa02f12f:c3214, 9dc27687-2024-46ae-8b6e-c9027bfa400e:c3210, 9c9c57da-14dc-454a-b374-789aa5e765a9:c3210]
2019-09-16 23:35:08,471 [grpc-default-executor-6] INFO  client.GrpcClientProtocolClient (GrpcClientProtocolClient.java:onNext(264)) - client-C79DE3E06697->1d6da99a-ba9a-4d72-abd2-d0f1aa02f12f: receive RaftClientReply:client-C79DE3E06697->1d6da99a-ba9a-4d72-abd2-d0f1aa02f12f@group-B29EE812FB58, cid=2186, SUCCESS, logIndex=0, commits[1d6da99a-ba9a-4d72-abd2-d0f1aa02f12f:c3216, 9dc27687-2024-46ae-8b6e-c9027bfa400e:c3212, 9c9c57da-14dc-454a-b374-789aa5e765a9:c3212]
2019-09-16 23:35:08,486 [grpc-default-executor-7] INFO  client.GrpcClientProtocolClient (GrpcClientProtocolClient.java:onNext(264)) - client-C79DE3E06697->1d6da99a-ba9a-4d72-abd2-d0f1aa02f12f: receive RaftClientReply:client-C79DE3E06697->1d6da99a-ba9a-4d72-abd2-d0f1aa02f12f@group-B29EE812FB58, cid=2187, SUCCESS, logIndex=3219, commits[1d6da99a-ba9a-4d72-abd2-d0f1aa02f12f:c3220, 9dc27687-2024-46ae-8b6e-c9027bfa400e:c3216, 9c9c57da-14dc-454a-b374-789aa5e765a9:c3216]
2019-09-16 23:35:08,486 [grpc-default-executor-7] INFO  client.GrpcClientProtocolClient (GrpcClientProtocolClient.java:onNext(264)) - client-C79DE3E06697->1d6da99a-ba9a-4d72-abd2-d0f1aa02f12f: receive RaftClientReply:client-C79DE3E06697->1d6da99a-ba9a-4d72-abd2-d0f1aa02f12f@group-B29EE812FB58, cid=2188, SUCCESS, logIndex=3220, commits[1d6da99a-ba9a-4d72-abd2-d0f1aa02f12f:c3220, 9dc27687-2024-46ae-8b6e-c9027bfa400e:c3216, 9c9c57da-14dc-454a-b374-789aa5e765a9:c3216]
2019-09-16 23:35:08,500 [grpc-default-executor-1] INFO  client.GrpcClientProtocolClient (GrpcClientProtocolClient.java:onNext(264)) - client-C79DE3E06697->1d6da99a-ba9a-4d72-abd2-d0f1aa02f12f: receive RaftClientReply:client-C79DE3E06697->1d6da99a-ba9a-4d72-abd2-d0f1aa02f12f@group-B29EE812FB58, cid=2189, SUCCESS, logIndex=3222, commits[1d6da99a-ba9a-4d72-abd2-d0f1aa02f12f:c3222, 9dc27687-2024-46ae-8b6e-c9027bfa400e:c3220, 9c9c57da-14dc-454a-b374-789aa5e765a9:c3220]
2019-09-16 23:35:08,500 [grpc-default-executor-1] INFO  client.GrpcClientProtocolClient (GrpcClientProtocolClient.java:onNext(264)) - client-C79DE3E06697->1d6da99a-ba9a-4d72-abd2-d0f1aa02f12f: receive RaftClientReply:client-C79DE3E06697->1d6da99a-ba9a-4d72-abd2-d0f1aa02f12f@group-B29EE812FB58, cid=2190, SUCCESS, logIndex=3223, commits[1d6da99a-ba9a-4d72-abd2-d0f1aa02f12f:c3223, 9dc27687-2024-46ae-8b6e-c9027bfa400e:c3220, 9c9c57da-14dc-454a-b374-789aa5e765a9:c3220]
2019-09-16 23:35:08,512 [grpc-default-executor-6] INFO  client.GrpcClientProtocolClient (GrpcClientProtocolClient.java:onNext(264)) - client-C79DE3E06697->1d6da99a-ba9a-4d72-abd2-d0f1aa02f12f: receive RaftClientReply:client-C79DE3E06697->1d6da99a-ba9a-4d72-abd2-d0f1aa02f12f@group-B29EE812FB58, cid=2191, SUCCESS, logIndex=0, commits[1d6da99a-ba9a-4d72-abd2-d0f1aa02f12f:c3225, 9dc27687-2024-46ae-8b6e-c9027bfa400e:c3223, 9c9c57da-14dc-454a-b374-789aa5e765a9:c3223]
2019-09-16 23:35:08,543 [grpc-default-executor-7] INFO  client.GrpcClientProtocolClient (GrpcClientProtocolClient.java:onNext(264)) - client-C79DE3E06697->1d6da99a-ba9a-4d72-abd2-d0f1aa02f12f: receive RaftClientReply:client-C79DE3E06697->1d6da99a-ba9a-4d72-abd2-d0f1aa02f12f@group-B29EE812FB58, cid=2192, SUCCESS, logIndex=3226, commits[1d6da99a-ba9a-4d72-abd2-d0f1aa02f12f:c3227, 9dc27687-2024-46ae-8b6e-c9027bfa400e:c3223, 9c9c57da-14dc-454a-b374-789aa5e765a9:c3225]
2019-09-16 23:35:08,543 [grpc-default-executor-7] INFO  client.GrpcClientProtocolClient (GrpcClientProtocolClient.java:onNext(264)) - client-C79DE3E06697->1d6da99a-ba9a-4d72-abd2-d0f1aa02f12f: receive RaftClientReply:client-C79DE3E06697->1d6da99a-ba9a-4d72-abd2-d0f1aa02f12f@group-B29EE812FB58, cid=2193, SUCCESS, logIndex=3227, commits[1d6da99a-ba9a-4d72-abd2-d0f1aa02f12f:c3229, 9dc27687-2024-46ae-8b6e-c9027bfa400e:c3225, 9c9c57da-14dc-454a-b374-789aa5e765a9:c3225]
2019-09-16 23:35:08,543 [grpc-default-executor-7] INFO  client.GrpcClientProtocolClient (GrpcClientProtocolClient.java:onNext(264)) - client-C79DE3E06697->1d6da99a-ba9a-4d72-abd2-d0f1aa02f12f: receive RaftClientReply:client-C79DE3E06697->1d6da99a-ba9a-4d72-abd2-d0f1aa02f12f@group-B29EE812FB58, cid=2194, SUCCESS, logIndex=3228, commits[1d6da99a-ba9a-4d72-abd2-d0f1aa02f12f:c3229, 9dc27687-2024-46ae-8b6e-c9027bfa400e:c3225, 9c9c57da-14dc-454a-b374-789aa5e765a9:c3225]
2019-09-16 23:35:08,543 [grpc-default-executor-7] INFO  client.GrpcClientProtocolClient (GrpcClientProtocolClient.java:onNext(264)) - client-C79DE3E06697->1d6da99a-ba9a-4d72-abd2-d0f1aa02f12f: receive RaftClientReply:client-C79DE3E06697->1d6da99a-ba9a-4d72-abd2-d0f1aa02f12f@group-B29EE812FB58, cid=2195, SUCCESS, logIndex=3229, commits[1d6da99a-ba9a-4d72-abd2-d0f1aa02f12f:c3229, 9dc27687-2024-46ae-8b6e-c9027bfa400e:c3225, 9c9c57da-14dc-454a-b374-789aa5e765a9:c3225]
2019-09-16 23:35:08,546 [grpc-default-executor-7] INFO  client.GrpcClientProtocolClient (GrpcClientProtocolClient.java:onNext(264)) - client-C79DE3E06697->1d6da99a-ba9a-4d72-abd2-d0f1aa02f12f: receive RaftClientReply:client-C79DE3E06697->1d6da99a-ba9a-4d72-abd2-d0f1aa02f12f@group-B29EE812FB58, cid=2196, SUCCESS, logIndex=0, commits[1d6da99a-ba9a-4d72-abd2-d0f1aa02f12f:c3230, 9dc27687-2024-46ae-8b6e-c9027bfa400e:c3227, 9c9c57da-14dc-454a-b374-789aa5e765a9:c3227]
2019-09-16 23:35:08,560 [grpc-default-executor-7] INFO  client.GrpcClientProtocolClient (GrpcClientProtocolClient.java:onNext(264)) - client-C79DE3E06697->1d6da99a-ba9a-4d72-abd2-d0f1aa02f12f: receive RaftClientReply:client-C79DE3E06697->1d6da99a-ba9a-4d72-abd2-d0f1aa02f12f@group-B29EE812FB58, cid=2197, SUCCESS, logIndex=3234, commits[1d6da99a-ba9a-4d72-abd2-d0f1aa02f12f:c3235, 9dc27687-2024-46ae-8b6e-c9027bfa400e:c3231, 9c9c57da-14dc-454a-b374-789aa5e765a9:c3231]
2019-09-16 23:35:08,561 [grpc-default-executor-7] INFO  client.GrpcClientProtocolClient (GrpcClientProtocolClient.java:onNext(264)) - client-C79DE3E06697->1d6da99a-ba9a-4d72-abd2-d0f1aa02f12f: receive RaftClientReply:client-C79DE3E06697->1d6da99a-ba9a-4d72-abd2-d0f1aa02f12f@group-B29EE812FB58, cid=2198, SUCCESS, logIndex=3235, commits[1d6da99a-ba9a-4d72-abd2-d0f1aa02f12f:c3235, 9dc27687-2024-46ae-8b6e-c9027bfa400e:c3231, 9c9c57da-14dc-454a-b374-789aa5e765a9:c3231]
 0.00% |█                                                                                                    |  0/1 Time: 0:00:262019-09-16 23:35:08,570 [grpc-default-executor-7] INFO  client.GrpcClientProtocolClient (GrpcClientProtocolClient.java:onNext(264)) - client-C79DE3E06697->1d6da99a-ba9a-4d72-abd2-d0f1aa02f12f: receive RaftClientReply:client-C79DE3E06697->1d6da99a-ba9a-4d72-abd2-d0f1aa02f12f@group-B29EE812FB58, cid=2199, SUCCESS, logIndex=3238, commits[1d6da99a-ba9a-4d72-abd2-d0f1aa02f12f:c3239, 9dc27687-2024-46ae-8b6e-c9027bfa400e:c3235, 9c9c57da-14dc-454a-b374-789aa5e765a9:c3237]
2019-09-16 23:35:08,570 [grpc-default-executor-7] INFO  client.GrpcClientProtocolClient (GrpcClientProtocolClient.java:onNext(264)) - client-C79DE3E06697->1d6da99a-ba9a-4d72-abd2-d0f1aa02f12f: receive RaftClientReply:client-C79DE3E06697->1d6da99a-ba9a-4d72-abd2-d0f1aa02f12f@group-B29EE812FB58, cid=2200, SUCCESS, logIndex=3239, commits[1d6da99a-ba9a-4d72-abd2-d0f1aa02f12f:c3239, 9dc27687-2024-46ae-8b6e-c9027bfa400e:c3237, 9c9c57da-14dc-454a-b374-789aa5e765a9:c3237]
2019-09-16 23:35:08,573 [grpc-default-executor-7] INFO  client.GrpcClientProtocolClient (GrpcClientProtocolClient.java:onNext(264)) - client-C79DE3E06697->1d6da99a-ba9a-4d72-abd2-d0f1aa02f12f: receive RaftClientReply:client-C79DE3E06697->1d6da99a-ba9a-4d72-abd2-d0f1aa02f12f@group-B29EE812FB58, cid=2201, SUCCESS, logIndex=0, commits[1d6da99a-ba9a-4d72-abd2-d0f1aa02f12f:c3240, 9dc27687-2024-46ae-8b6e-c9027bfa400e:c3239, 9c9c57da-14dc-454a-b374-789aa5e765a9:c3239]
2019-09-16 23:35:08,594 [grpc-default-executor-3] INFO  client.GrpcClientProtocolClient (GrpcClientProtocolClient.java:onNext(264)) - client-C79DE3E06697->1d6da99a-ba9a-4d72-abd2-d0f1aa02f12f: receive RaftClientReply:client-C79DE3E06697->1d6da99a-ba9a-4d72-abd2-d0f1aa02f12f@group-B29EE812FB58, cid=2202, SUCCESS, logIndex=3242, commits[1d6da99a-ba9a-4d72-abd2-d0f1aa02f12f:c3243, 9dc27687-2024-46ae-8b6e-c9027bfa400e:c3239, 9c9c57da-14dc-454a-b374-789aa5e765a9:c3241]
2019-09-16 23:35:08,594 [grpc-default-executor-3] INFO  client.GrpcClientProtocolClient (GrpcClientProtocolClient.java:onNext(264)) - client-C79DE3E06697->1d6da99a-ba9a-4d72-abd2-d0f1aa02f12f: receive RaftClientReply:client-C79DE3E06697->1d6da99a-ba9a-4d72-abd2-d0f1aa02f12f@group-B29EE812FB58, cid=2203, SUCCESS, logIndex=3243, commits[1d6da99a-ba9a-4d72-abd2-d0f1aa02f12f:c3243, 9dc27687-2024-46ae-8b6e-c9027bfa400e:c3239, 9c9c57da-14dc-454a-b374-789aa5e765a9:c3241]
2019-09-16 23:35:08,596 [grpc-default-executor-7] INFO  client.GrpcClientProtocolClient (GrpcClientProtocolClient.java:onNext(264)) - client-C79DE3E06697->1d6da99a-ba9a-4d72-abd2-d0f1aa02f12f: receive RaftClientReply:client-C79DE3E06697->1d6da99a-ba9a-4d72-abd2-d0f1aa02f12f@group-B29EE812FB58, cid=2204, SUCCESS, logIndex=3244, commits[1d6da99a-ba9a-4d72-abd2-d0f1aa02f12f:c3245, 9dc27687-2024-46ae-8b6e-c9027bfa400e:c3239, 9c9c57da-14dc-454a-b374-789aa5e765a9:c3241]
2019-09-16 23:35:08,596 [grpc-default-executor-7] INFO  client.GrpcClientProtocolClient (GrpcClientProtocolClient.java:onNext(264)) - client-C79DE3E06697->1d6da99a-ba9a-4d72-abd2-d0f1aa02f12f: receive RaftClientReply:client-C79DE3E06697->1d6da99a-ba9a-4d72-abd2-d0f1aa02f12f@group-B29EE812FB58, cid=2205, SUCCESS, logIndex=3245, commits[1d6da99a-ba9a-4d72-abd2-d0f1aa02f12f:c3245, 9dc27687-2024-46ae-8b6e-c9027bfa400e:c3239, 9c9c57da-14dc-454a-b374-789aa5e765a9:c3241]
2019-09-16 23:35:08,599 [grpc-default-executor-3] INFO  client.GrpcClientProtocolClient (GrpcClientProtocolClient.java:onNext(264)) - client-C79DE3E06697->1d6da99a-ba9a-4d72-abd2-d0f1aa02f12f: receive RaftClientReply:client-C79DE3E06697->1d6da99a-ba9a-4d72-abd2-d0f1aa02f12f@group-B29EE812FB58, cid=2206, SUCCESS, logIndex=0, commits[1d6da99a-ba9a-4d72-abd2-d0f1aa02f12f:c3249, 9dc27687-2024-46ae-8b6e-c9027bfa400e:c3243, 9c9c57da-14dc-454a-b374-789aa5e765a9:c3245]
2019-09-16 23:35:08,609 [grpc-default-executor-3] INFO  client.GrpcClientProtocolClient (GrpcClientProtocolClient.java:onNext(264)) - client-C79DE3E06697->1d6da99a-ba9a-4d72-abd2-d0f1aa02f12f: receive RaftClientReply:client-C79DE3E06697->1d6da99a-ba9a-4d72-abd2-d0f1aa02f12f@group-B29EE812FB58, cid=2207, SUCCESS, logIndex=3250, commits[1d6da99a-ba9a-4d72-abd2-d0f1aa02f12f:c3251, 9dc27687-2024-46ae-8b6e-c9027bfa400e:c3249, 9c9c57da-14dc-454a-b374-789aa5e765a9:c3249]
2019-09-16 23:35:08,610 [grpc-default-executor-3] INFO  client.GrpcClientProtocolClient (GrpcClientProtocolClient.java:onNext(264)) - client-C79DE3E06697->1d6da99a-ba9a-4d72-abd2-d0f1aa02f12f: receive RaftClientReply:client-C79DE3E06697->1d6da99a-ba9a-4d72-abd2-d0f1aa02f12f@group-B29EE812FB58, cid=2208, SUCCESS, logIndex=3251, commits[1d6da99a-ba9a-4d72-abd2-d0f1aa02f12f:c3251, 9dc27687-2024-46ae-8b6e-c9027bfa400e:c3249, 9c9c57da-14dc-454a-b374-789aa5e765a9:c3249]
2019-09-16 23:35:08,637 [grpc-default-executor-1] INFO  client.GrpcClientProtocolClient (GrpcClientProtocolClient.java:onNext(264)) - client-C79DE3E06697->1d6da99a-ba9a-4d72-abd2-d0f1aa02f12f: receive RaftClientReply:client-C79DE3E06697->1d6da99a-ba9a-4d72-abd2-d0f1aa02f12f@group-B29EE812FB58, cid=2209, SUCCESS, logIndex=3254, commits[1d6da99a-ba9a-4d72-abd2-d0f1aa02f12f:c3255, 9dc27687-2024-46ae-8b6e-c9027bfa400e:c3253, 9c9c57da-14dc-454a-b374-789aa5e765a9:c3253]
2019-09-16 23:35:08,637 [grpc-default-executor-1] INFO  client.GrpcClientProtocolClient (GrpcClientProtocolClient.java:onNext(264)) - client-C79DE3E06697->1d6da99a-ba9a-4d72-abd2-d0f1aa02f12f: receive RaftClientReply:client-C79DE3E06697->1d6da99a-ba9a-4d72-abd2-d0f1aa02f12f@group-B29EE812FB58, cid=2210, SUCCESS, logIndex=3255, commits[1d6da99a-ba9a-4d72-abd2-d0f1aa02f12f:c3255, 9dc27687-2024-46ae-8b6e-c9027bfa400e:c3253, 9c9c57da-14dc-454a-b374-789aa5e765a9:c3253]
2019-09-16 23:35:08,639 [grpc-default-executor-1] INFO  client.GrpcClientProtocolClient (GrpcClientProtocolClient.java:onNext(264)) - client-C79DE3E06697->1d6da99a-ba9a-4d72-abd2-d0f1aa02f12f: receive RaftClientReply:client-C79DE3E06697->1d6da99a-ba9a-4d72-abd2-d0f1aa02f12f@group-B29EE812FB58, cid=2211, SUCCESS, logIndex=0, commits[1d6da99a-ba9a-4d72-abd2-d0f1aa02f12f:c3257, 9dc27687-2024-46ae-8b6e-c9027bfa400e:c3255, 9c9c57da-14dc-454a-b374-789aa5e765a9:c3255]
2019-09-16 23:35:08,664 [grpc-default-executor-1] INFO  client.GrpcClientProtocolClient (GrpcClientProtocolClient.java:onNext(264)) - client-C79DE3E06697->1d6da99a-ba9a-4d72-abd2-d0f1aa02f12f: receive RaftClientReply:client-C79DE3E06697->1d6da99a-ba9a-4d72-abd2-d0f1aa02f12f@group-B29EE812FB58, cid=2212, SUCCESS, logIndex=3258, commits[1d6da99a-ba9a-4d72-abd2-d0f1aa02f12f:c3259, 9dc27687-2024-46ae-8b6e-c9027bfa400e:c3257, 9c9c57da-14dc-454a-b374-789aa5e765a9:c3257]
2019-09-16 23:35:08,665 [grpc-default-executor-1] INFO  client.GrpcClientProtocolClient (GrpcClientProtocolClient.java:onNext(264)) - client-C79DE3E06697->1d6da99a-ba9a-4d72-abd2-d0f1aa02f12f: receive RaftClientReply:client-C79DE3E06697->1d6da99a-ba9a-4d72-abd2-d0f1aa02f12f@group-B29EE812FB58, cid=2213, SUCCESS, logIndex=3259, commits[1d6da99a-ba9a-4d72-abd2-d0f1aa02f12f:c3259, 9dc27687-2024-46ae-8b6e-c9027bfa400e:c3257, 9c9c57da-14dc-454a-b374-789aa5e765a9:c3257]
2019-09-16 23:35:08,665 [grpc-default-executor-1] INFO  client.GrpcClientProtocolClient (GrpcClientProtocolClient.java:onNext(264)) - client-C79DE3E06697->1d6da99a-ba9a-4d72-abd2-d0f1aa02f12f: receive RaftClientReply:client-C79DE3E06697->1d6da99a-ba9a-4d72-abd2-d0f1aa02f12f@group-B29EE812FB58, cid=2214, SUCCESS, logIndex=3260, commits[1d6da99a-ba9a-4d72-abd2-d0f1aa02f12f:c3260, 9dc27687-2024-46ae-8b6e-c9027bfa400e:c3257, 9c9c57da-14dc-454a-b374-789aa5e765a9:c3257]
2019-09-16 23:35:08,665 [grpc-default-executor-1] INFO  client.GrpcClientProtocolClient (GrpcClientProtocolClient.java:onNext(264)) - client-C79DE3E06697->1d6da99a-ba9a-4d72-abd2-d0f1aa02f12f: receive RaftClientReply:client-C79DE3E06697->1d6da99a-ba9a-4d72-abd2-d0f1aa02f12f@group-B29EE812FB58, cid=2215, SUCCESS, logIndex=3261, commits[1d6da99a-ba9a-4d72-abd2-d0f1aa02f12f:c3261, 9dc27687-2024-46ae-8b6e-c9027bfa400e:c3257, 9c9c57da-14dc-454a-b374-789aa5e765a9:c3257]
2019-09-16 23:35:08,666 [grpc-default-executor-3] INFO  client.GrpcClientProtocolClient (GrpcClientProtocolClient.java:onNext(264)) - client-C79DE3E06697->1d6da99a-ba9a-4d72-abd2-d0f1aa02f12f: receive RaftClientReply:client-C79DE3E06697->1d6da99a-ba9a-4d72-abd2-d0f1aa02f12f@group-B29EE812FB58, cid=2216, SUCCESS, logIndex=0, commits[1d6da99a-ba9a-4d72-abd2-d0f1aa02f12f:c3262, 9dc27687-2024-46ae-8b6e-c9027bfa400e:c3259, 9c9c57da-14dc-454a-b374-789aa5e765a9:c3259]
2019-09-16 23:35:08,685 [grpc-default-executor-1] INFO  client.GrpcClientProtocolClient (GrpcClientProtocolClient.java:onNext(264)) - client-C79DE3E06697->1d6da99a-ba9a-4d72-abd2-d0f1aa02f12f: receive RaftClientReply:client-C79DE3E06697->1d6da99a-ba9a-4d72-abd2-d0f1aa02f12f@group-B29EE812FB58, cid=2217, SUCCESS, logIndex=3266, commits[1d6da99a-ba9a-4d72-abd2-d0f1aa02f12f:c3267, 9dc27687-2024-46ae-8b6e-c9027bfa400e:c3265, 9c9c57da-14dc-454a-b374-789aa5e765a9:c3265]
2019-09-16 23:35:08,685 [grpc-default-executor-1] INFO  client.GrpcClientProtocolClient (GrpcClientProtocolClient.java:onNext(264)) - client-C79DE3E06697->1d6da99a-ba9a-4d72-abd2-d0f1aa02f12f: receive RaftClientReply:client-C79DE3E06697->1d6da99a-ba9a-4d72-abd2-d0f1aa02f12f@group-B29EE812FB58, cid=2218, SUCCESS, logIndex=3267, commits[1d6da99a-ba9a-4d72-abd2-d0f1aa02f12f:c3267, 9dc27687-2024-46ae-8b6e-c9027bfa400e:c3265, 9c9c57da-14dc-454a-b374-789aa5e765a9:c3265]
2019-09-16 23:35:08,700 [grpc-default-executor-1] INFO  client.GrpcClientProtocolClient (GrpcClientProtocolClient.java:onNext(264)) - client-C79DE3E06697->1d6da99a-ba9a-4d72-abd2-d0f1aa02f12f: receive RaftClientReply:client-C79DE3E06697->1d6da99a-ba9a-4d72-abd2-d0f1aa02f12f@group-B29EE812FB58, cid=2219, SUCCESS, logIndex=3270, commits[1d6da99a-ba9a-4d72-abd2-d0f1aa02f12f:c3271, 9dc27687-2024-46ae-8b6e-c9027bfa400e:c3268, 9c9c57da-14dc-454a-b374-789aa5e765a9:c3268]
2019-09-16 23:35:08,701 [grpc-default-executor-1] INFO  client.GrpcClientProtocolClient (GrpcClientProtocolClient.java:onNext(264)) - client-C79DE3E06697->1d6da99a-ba9a-4d72-abd2-d0f1aa02f12f: receive RaftClientReply:client-C79DE3E06697->1d6da99a-ba9a-4d72-abd2-d0f1aa02f12f@group-B29EE812FB58, cid=2220, SUCCESS, logIndex=3271, commits[1d6da99a-ba9a-4d72-abd2-d0f1aa02f12f:c3271, 9dc27687-2024-46ae-8b6e-c9027bfa400e:c3268, 9c9c57da-14dc-454a-b374-789aa5e765a9:c3268]
2019-09-16 23:35:08,704 [grpc-default-executor-1] INFO  client.GrpcClientProtocolClient (GrpcClientProtocolClient.java:onNext(264)) - client-C79DE3E06697->1d6da99a-ba9a-4d72-abd2-d0f1aa02f12f: receive RaftClientReply:client-C79DE3E06697->1d6da99a-ba9a-4d72-abd2-d0f1aa02f12f@group-B29EE812FB58, cid=2221, SUCCESS, logIndex=0, commits[1d6da99a-ba9a-4d72-abd2-d0f1aa02f12f:c3273, 9dc27687-2024-46ae-8b6e-c9027bfa400e:c3271, 9c9c57da-14dc-454a-b374-789aa5e765a9:c3271]
2019-09-16 23:35:08,730 [grpc-default-executor-1] INFO  client.GrpcClientProtocolClient (GrpcClientProtocolClient.java:onNext(264)) - client-C79DE3E06697->1d6da99a-ba9a-4d72-abd2-d0f1aa02f12f: receive RaftClientReply:client-C79DE3E06697->1d6da99a-ba9a-4d72-abd2-d0f1aa02f12f@group-B29EE812FB58, cid=2222, SUCCESS, logIndex=3274, commits[1d6da99a-ba9a-4d72-abd2-d0f1aa02f12f:c3275, 9dc27687-2024-46ae-8b6e-c9027bfa400e:c3273, 9c9c57da-14dc-454a-b374-789aa5e765a9:c3273]
2019-09-16 23:35:08,731 [grpc-default-executor-1] INFO  client.GrpcClientProtocolClient (GrpcClientProtocolClient.java:onNext(264)) - client-C79DE3E06697->1d6da99a-ba9a-4d72-abd2-d0f1aa02f12f: receive RaftClientReply:client-C79DE3E06697->1d6da99a-ba9a-4d72-abd2-d0f1aa02f12f@group-B29EE812FB58, cid=2223, SUCCESS, logIndex=3275, commits[1d6da99a-ba9a-4d72-abd2-d0f1aa02f12f:c3275, 9dc27687-2024-46ae-8b6e-c9027bfa400e:c3273, 9c9c57da-14dc-454a-b374-789aa5e765a9:c3273]
2019-09-16 23:35:08,733 [grpc-default-executor-3] INFO  client.GrpcClientProtocolClient (GrpcClientProtocolClient.java:onNext(264)) - client-C79DE3E06697->1d6da99a-ba9a-4d72-abd2-d0f1aa02f12f: receive RaftClientReply:client-C79DE3E06697->1d6da99a-ba9a-4d72-abd2-d0f1aa02f12f@group-B29EE812FB58, cid=2224, SUCCESS, logIndex=3276, commits[1d6da99a-ba9a-4d72-abd2-d0f1aa02f12f:c3276, 9dc27687-2024-46ae-8b6e-c9027bfa400e:c3273, 9c9c57da-14dc-454a-b374-789aa5e765a9:c3273]
2019-09-16 23:35:08,733 [grpc-default-executor-3] INFO  client.GrpcClientProtocolClient (GrpcClientProtocolClient.java:onNext(264)) - client-C79DE3E06697->1d6da99a-ba9a-4d72-abd2-d0f1aa02f12f: receive RaftClientReply:client-C79DE3E06697->1d6da99a-ba9a-4d72-abd2-d0f1aa02f12f@group-B29EE812FB58, cid=2225, SUCCESS, logIndex=3277, commits[1d6da99a-ba9a-4d72-abd2-d0f1aa02f12f:c3277, 9dc27687-2024-46ae-8b6e-c9027bfa400e:c3273, 9c9c57da-14dc-454a-b374-789aa5e765a9:c3273]
2019-09-16 23:35:08,745 [grpc-default-executor-1] INFO  client.GrpcClientProtocolClient (GrpcClientProtocolClient.java:onNext(264)) - client-C79DE3E06697->1d6da99a-ba9a-4d72-abd2-d0f1aa02f12f: receive RaftClientReply:client-C79DE3E06697->1d6da99a-ba9a-4d72-abd2-d0f1aa02f12f@group-B29EE812FB58, cid=2226, SUCCESS, logIndex=0, commits[1d6da99a-ba9a-4d72-abd2-d0f1aa02f12f:c3279, 9dc27687-2024-46ae-8b6e-c9027bfa400e:c3275, 9c9c57da-14dc-454a-b374-789aa5e765a9:c3275]
2019-09-16 23:35:08,759 [grpc-default-executor-1] INFO  client.GrpcClientProtocolClient (GrpcClientProtocolClient.java:onNext(264)) - client-C79DE3E06697->1d6da99a-ba9a-4d72-abd2-d0f1aa02f12f: receive RaftClientReply:client-C79DE3E06697->1d6da99a-ba9a-4d72-abd2-d0f1aa02f12f@group-B29EE812FB58, cid=2227, SUCCESS, logIndex=3282, commits[1d6da99a-ba9a-4d72-abd2-d0f1aa02f12f:c3283, 9dc27687-2024-46ae-8b6e-c9027bfa400e:c3281, 9c9c57da-14dc-454a-b374-789aa5e765a9:c3281]
2019-09-16 23:35:08,759 [grpc-default-executor-1] INFO  client.GrpcClientProtocolClient (GrpcClientProtocolClient.java:onNext(264)) - client-C79DE3E06697->1d6da99a-ba9a-4d72-abd2-d0f1aa02f12f: receive RaftClientReply:client-C79DE3E06697->1d6da99a-ba9a-4d72-abd2-d0f1aa02f12f@group-B29EE812FB58, cid=2228, SUCCESS, logIndex=3283, commits[1d6da99a-ba9a-4d72-abd2-d0f1aa02f12f:c3283, 9dc27687-2024-46ae-8b6e-c9027bfa400e:c3281, 9c9c57da-14dc-454a-b374-789aa5e765a9:c3281]
2019-09-16 23:35:08,775 [grpc-default-executor-1] INFO  client.GrpcClientProtocolClient (GrpcClientProtocolClient.java:onNext(264)) - client-C79DE3E06697->1d6da99a-ba9a-4d72-abd2-d0f1aa02f12f: receive RaftClientReply:client-C79DE3E06697->1d6da99a-ba9a-4d72-abd2-d0f1aa02f12f@group-B29EE812FB58, cid=2229, SUCCESS, logIndex=3286, commits[1d6da99a-ba9a-4d72-abd2-d0f1aa02f12f:c3287, 9dc27687-2024-46ae-8b6e-c9027bfa400e:c3283, 9c9c57da-14dc-454a-b374-789aa5e765a9:c3284]
2019-09-16 23:35:08,775 [grpc-default-executor-1] INFO  client.GrpcClientProtocolClient (GrpcClientProtocolClient.java:onNext(264)) - client-C79DE3E06697->1d6da99a-ba9a-4d72-abd2-d0f1aa02f12f: receive RaftClientReply:client-C79DE3E06697->1d6da99a-ba9a-4d72-abd2-d0f1aa02f12f@group-B29EE812FB58, cid=2230, SUCCESS, logIndex=3287, commits[1d6da99a-ba9a-4d72-abd2-d0f1aa02f12f:c3287, 9dc27687-2024-46ae-8b6e-c9027bfa400e:c3284, 9c9c57da-14dc-454a-b374-789aa5e765a9:c3284]
2019-09-16 23:35:08,777 [grpc-default-executor-3] INFO  client.GrpcClientProtocolClient (GrpcClientProtocolClient.java:onNext(264)) - client-C79DE3E06697->1d6da99a-ba9a-4d72-abd2-d0f1aa02f12f: receive RaftClientReply:client-C79DE3E06697->1d6da99a-ba9a-4d72-abd2-d0f1aa02f12f@group-B29EE812FB58, cid=2231, SUCCESS, logIndex=0, commits[1d6da99a-ba9a-4d72-abd2-d0f1aa02f12f:c3289, 9dc27687-2024-46ae-8b6e-c9027bfa400e:c3287, 9c9c57da-14dc-454a-b374-789aa5e765a9:c3287]
2019-09-16 23:35:08,802 [grpc-default-executor-3] INFO  client.GrpcClientProtocolClient (GrpcClientProtocolClient.java:onNext(264)) - client-C79DE3E06697->1d6da99a-ba9a-4d72-abd2-d0f1aa02f12f: receive RaftClientReply:client-C79DE3E06697->1d6da99a-ba9a-4d72-abd2-d0f1aa02f12f@group-B29EE812FB58, cid=2232, SUCCESS, logIndex=3290, commits[1d6da99a-ba9a-4d72-abd2-d0f1aa02f12f:c3291, 9dc27687-2024-46ae-8b6e-c9027bfa400e:c3289, 9c9c57da-14dc-454a-b374-789aa5e765a9:c3289]
2019-09-16 23:35:08,803 [grpc-default-executor-3] INFO  client.GrpcClientProtocolClient (GrpcClientProtocolClient.java:onNext(264)) - client-C79DE3E06697->1d6da99a-ba9a-4d72-abd2-d0f1aa02f12f: receive RaftClientReply:client-C79DE3E06697->1d6da99a-ba9a-4d72-abd2-d0f1aa02f12f@group-B29EE812FB58, cid=2233, SUCCESS, logIndex=3291, commits[1d6da99a-ba9a-4d72-abd2-d0f1aa02f12f:c3291, 9dc27687-2024-46ae-8b6e-c9027bfa400e:c3289, 9c9c57da-14dc-454a-b374-789aa5e765a9:c3289]
2019-09-16 23:35:08,805 [grpc-default-executor-7] INFO  client.GrpcClientProtocolClient (GrpcClientProtocolClient.java:onNext(264)) - client-C79DE3E06697->1d6da99a-ba9a-4d72-abd2-d0f1aa02f12f: receive RaftClientReply:client-C79DE3E06697->1d6da99a-ba9a-4d72-abd2-d0f1aa02f12f@group-B29EE812FB58, cid=2234, SUCCESS, logIndex=3292, commits[1d6da99a-ba9a-4d72-abd2-d0f1aa02f12f:c3293, 9dc27687-2024-46ae-8b6e-c9027bfa400e:c3289, 9c9c57da-14dc-454a-b374-789aa5e765a9:c3289]
2019-09-16 23:35:08,805 [grpc-default-executor-7] INFO  client.GrpcClientProtocolClient (GrpcClientProtocolClient.java:onNext(264)) - client-C79DE3E06697->1d6da99a-ba9a-4d72-abd2-d0f1aa02f12f: receive RaftClientReply:client-C79DE3E06697->1d6da99a-ba9a-4d72-abd2-d0f1aa02f12f@group-B29EE812FB58, cid=2235, SUCCESS, logIndex=3293, commits[1d6da99a-ba9a-4d72-abd2-d0f1aa02f12f:c3293, 9dc27687-2024-46ae-8b6e-c9027bfa400e:c3289, 9c9c57da-14dc-454a-b374-789aa5e765a9:c3289]
2019-09-16 23:35:08,816 [grpc-default-executor-1] INFO  client.GrpcClientProtocolClient (GrpcClientProtocolClient.java:onNext(264)) - client-C79DE3E06697->1d6da99a-ba9a-4d72-abd2-d0f1aa02f12f: receive RaftClientReply:client-C79DE3E06697->1d6da99a-ba9a-4d72-abd2-d0f1aa02f12f@group-B29EE812FB58, cid=2236, SUCCESS, logIndex=0, commits[1d6da99a-ba9a-4d72-abd2-d0f1aa02f12f:c3294, 9dc27687-2024-46ae-8b6e-c9027bfa400e:c3291, 9c9c57da-14dc-454a-b374-789aa5e765a9:c3291]
2019-09-16 23:35:08,834 [grpc-default-executor-3] INFO  client.GrpcClientProtocolClient (GrpcClientProtocolClient.java:onNext(264)) - client-C79DE3E06697->1d6da99a-ba9a-4d72-abd2-d0f1aa02f12f: receive RaftClientReply:client-C79DE3E06697->1d6da99a-ba9a-4d72-abd2-d0f1aa02f12f@group-B29EE812FB58, cid=2237, SUCCESS, logIndex=3298, commits[1d6da99a-ba9a-4d72-abd2-d0f1aa02f12f:c3299, 9dc27687-2024-46ae-8b6e-c9027bfa400e:c3297, 9c9c57da-14dc-454a-b374-789aa5e765a9:c3297]
2019-09-16 23:35:08,834 [grpc-default-executor-3] INFO  client.GrpcClientProtocolClient (GrpcClientProtocolClient.java:onNext(264)) - client-C79DE3E06697->1d6da99a-ba9a-4d72-abd2-d0f1aa02f12f: receive RaftClientReply:client-C79DE3E06697->1d6da99a-ba9a-4d72-abd2-d0f1aa02f12f@group-B29EE812FB58, cid=2238, SUCCESS, logIndex=3299, commits[1d6da99a-ba9a-4d72-abd2-d0f1aa02f12f:c3299, 9dc27687-2024-46ae-8b6e-c9027bfa400e:c3297, 9c9c57da-14dc-454a-b374-789aa5e765a9:c3297]
2019-09-16 23:35:08,845 [grpc-default-executor-1] INFO  client.GrpcClientProtocolClient (GrpcClientProtocolClient.java:onNext(264)) - client-C79DE3E06697->1d6da99a-ba9a-4d72-abd2-d0f1aa02f12f: receive RaftClientReply:client-C79DE3E06697->1d6da99a-ba9a-4d72-abd2-d0f1aa02f12f@group-B29EE812FB58, cid=2239, SUCCESS, logIndex=3302, commits[1d6da99a-ba9a-4d72-abd2-d0f1aa02f12f:c3303, 9dc27687-2024-46ae-8b6e-c9027bfa400e:c3299, 9c9c57da-14dc-454a-b374-789aa5e765a9:c3301]
2019-09-16 23:35:08,845 [grpc-default-executor-1] INFO  client.GrpcClientProtocolClient (GrpcClientProtocolClient.java:onNext(264)) - client-C79DE3E06697->1d6da99a-ba9a-4d72-abd2-d0f1aa02f12f: receive RaftClientReply:client-C79DE3E06697->1d6da99a-ba9a-4d72-abd2-d0f1aa02f12f@group-B29EE812FB58, cid=2240, SUCCESS, logIndex=3303, commits[1d6da99a-ba9a-4d72-abd2-d0f1aa02f12f:c3303, 9dc27687-2024-46ae-8b6e-c9027bfa400e:c3301, 9c9c57da-14dc-454a-b374-789aa5e765a9:c3301]
2019-09-16 23:35:08,846 [grpc-default-executor-1] INFO  client.GrpcClientProtocolClient (GrpcClientProtocolClient.java:onNext(264)) - client-C79DE3E06697->1d6da99a-ba9a-4d72-abd2-d0f1aa02f12f: receive RaftClientReply:client-C79DE3E06697->1d6da99a-ba9a-4d72-abd2-d0f1aa02f12f@group-B29EE812FB58, cid=2241, SUCCESS, logIndex=0, commits[1d6da99a-ba9a-4d72-abd2-d0f1aa02f12f:c3304, 9dc27687-2024-46ae-8b6e-c9027bfa400e:c3303, 9c9c57da-14dc-454a-b374-789aa5e765a9:c3303]
2019-09-16 23:35:08,984 [grpc-default-executor-7] INFO  client.GrpcClientProtocolClient (GrpcClientProtocolClient.java:onNext(264)) - client-C79DE3E06697->1d6da99a-ba9a-4d72-abd2-d0f1aa02f12f: receive RaftClientReply:client-C79DE3E06697->1d6da99a-ba9a-4d72-abd2-d0f1aa02f12f@group-B29EE812FB58, cid=2242, SUCCESS, logIndex=3306, commits[1d6da99a-ba9a-4d72-abd2-d0f1aa02f12f:c3309, 9dc27687-2024-46ae-8b6e-c9027bfa400e:c3305, 9c9c57da-14dc-454a-b374-789aa5e765a9:c3305]
2019-09-16 23:35:08,985 [grpc-default-executor-7] INFO  client.GrpcClientProtocolClient (GrpcClientProtocolClient.java:onNext(264)) - client-C79DE3E06697->1d6da99a-ba9a-4d72-abd2-d0f1aa02f12f: receive RaftClientReply:client-C79DE3E06697->1d6da99a-ba9a-4d72-abd2-d0f1aa02f12f@group-B29EE812FB58, cid=2243, SUCCESS, logIndex=3307, commits[1d6da99a-ba9a-4d72-abd2-d0f1aa02f12f:c3309, 9dc27687-2024-46ae-8b6e-c9027bfa400e:c3305, 9c9c57da-14dc-454a-b374-789aa5e765a9:c3305]
2019-09-16 23:35:08,985 [grpc-default-executor-7] INFO  client.GrpcClientProtocolClient (GrpcClientProtocolClient.java:onNext(264)) - client-C79DE3E06697->1d6da99a-ba9a-4d72-abd2-d0f1aa02f12f: receive RaftClientReply:client-C79DE3E06697->1d6da99a-ba9a-4d72-abd2-d0f1aa02f12f@group-B29EE812FB58, cid=2244, SUCCESS, logIndex=3308, commits[1d6da99a-ba9a-4d72-abd2-d0f1aa02f12f:c3309, 9dc27687-2024-46ae-8b6e-c9027bfa400e:c3305, 9c9c57da-14dc-454a-b374-789aa5e765a9:c3305]
2019-09-16 23:35:08,985 [grpc-default-executor-7] INFO  client.GrpcClientProtocolClient (GrpcClientProtocolClient.java:onNext(264)) - client-C79DE3E06697->1d6da99a-ba9a-4d72-abd2-d0f1aa02f12f: receive RaftClientReply:client-C79DE3E06697->1d6da99a-ba9a-4d72-abd2-d0f1aa02f12f@group-B29EE812FB58, cid=2245, SUCCESS, logIndex=3309, commits[1d6da99a-ba9a-4d72-abd2-d0f1aa02f12f:c3309, 9dc27687-2024-46ae-8b6e-c9027bfa400e:c3305, 9c9c57da-14dc-454a-b374-789aa5e765a9:c3305]
2019-09-16 23:35:08,998 [grpc-default-executor-1] INFO  client.GrpcClientProtocolClient (GrpcClientProtocolClient.java:onNext(264)) - client-C79DE3E06697->1d6da99a-ba9a-4d72-abd2-d0f1aa02f12f: receive RaftClientReply:client-C79DE3E06697->1d6da99a-ba9a-4d72-abd2-d0f1aa02f12f@group-B29EE812FB58, cid=2246, SUCCESS, logIndex=0, commits[1d6da99a-ba9a-4d72-abd2-d0f1aa02f12f:c3313, 9dc27687-2024-46ae-8b6e-c9027bfa400e:c3308, 9c9c57da-14dc-454a-b374-789aa5e765a9:c3309]
2019-09-16 23:35:09,013 [grpc-default-executor-3] INFO  client.GrpcClientProtocolClient (GrpcClientProtocolClient.java:onNext(264)) - client-C79DE3E06697->1d6da99a-ba9a-4d72-abd2-d0f1aa02f12f: receive RaftClientReply:client-C79DE3E06697->1d6da99a-ba9a-4d72-abd2-d0f1aa02f12f@group-B29EE812FB58, cid=2247, SUCCESS, logIndex=3314, commits[1d6da99a-ba9a-4d72-abd2-d0f1aa02f12f:c3315, 9dc27687-2024-46ae-8b6e-c9027bfa400e:c3313, 9c9c57da-14dc-454a-b374-789aa5e765a9:c3313]
2019-09-16 23:35:09,013 [grpc-default-executor-3] INFO  client.GrpcClientProtocolClient (GrpcClientProtocolClient.java:onNext(264)) - client-C79DE3E06697->1d6da99a-ba9a-4d72-abd2-d0f1aa02f12f: receive RaftClientReply:client-C79DE3E06697->1d6da99a-ba9a-4d72-abd2-d0f1aa02f12f@group-B29EE812FB58, cid=2248, SUCCESS, logIndex=3315, commits[1d6da99a-ba9a-4d72-abd2-d0f1aa02f12f:c3315, 9dc27687-2024-46ae-8b6e-c9027bfa400e:c3313, 9c9c57da-14dc-454a-b374-789aa5e765a9:c3313]
2019-09-16 23:35:09,038 [grpc-default-executor-1] INFO  client.GrpcClientProtocolClient (GrpcClientProtocolClient.java:onNext(264)) - client-C79DE3E06697->1d6da99a-ba9a-4d72-abd2-d0f1aa02f12f: receive RaftClientReply:client-C79DE3E06697->1d6da99a-ba9a-4d72-abd2-d0f1aa02f12f@group-B29EE812FB58, cid=2249, SUCCESS, logIndex=3318, commits[1d6da99a-ba9a-4d72-abd2-d0f1aa02f12f:c3319, 9dc27687-2024-46ae-8b6e-c9027bfa400e:c3315, 9c9c57da-14dc-454a-b374-789aa5e765a9:c3315]
2019-09-16 23:35:09,039 [grpc-default-executor-1] INFO  client.GrpcClientProtocolClient (GrpcClientProtocolClient.java:onNext(264)) - client-C79DE3E06697->1d6da99a-ba9a-4d72-abd2-d0f1aa02f12f: receive RaftClientReply:client-C79DE3E06697->1d6da99a-ba9a-4d72-abd2-d0f1aa02f12f@group-B29EE812FB58, cid=2250, SUCCESS, logIndex=3319, commits[1d6da99a-ba9a-4d72-abd2-d0f1aa02f12f:c3319, 9dc27687-2024-46ae-8b6e-c9027bfa400e:c3315, 9c9c57da-14dc-454a-b374-789aa5e765a9:c3315]
2019-09-16 23:35:09,041 [grpc-default-executor-7] INFO  client.GrpcClientProtocolClient (GrpcClientProtocolClient.java:onNext(264)) - client-C79DE3E06697->1d6da99a-ba9a-4d72-abd2-d0f1aa02f12f: receive RaftClientReply:client-C79DE3E06697->1d6da99a-ba9a-4d72-abd2-d0f1aa02f12f@group-B29EE812FB58, cid=2251, SUCCESS, logIndex=0, commits[1d6da99a-ba9a-4d72-abd2-d0f1aa02f12f:c3320, 9dc27687-2024-46ae-8b6e-c9027bfa400e:c3319, 9c9c57da-14dc-454a-b374-789aa5e765a9:c3319]
2019-09-16 23:35:09,061 [grpc-default-executor-7] INFO  client.GrpcClientProtocolClient (GrpcClientProtocolClient.java:onNext(264)) - client-C79DE3E06697->1d6da99a-ba9a-4d72-abd2-d0f1aa02f12f: receive RaftClientReply:client-C79DE3E06697->1d6da99a-ba9a-4d72-abd2-d0f1aa02f12f@group-B29EE812FB58, cid=2252, SUCCESS, logIndex=3322, commits[1d6da99a-ba9a-4d72-abd2-d0f1aa02f12f:c3323, 9dc27687-2024-46ae-8b6e-c9027bfa400e:c3319, 9c9c57da-14dc-454a-b374-789aa5e765a9:c3321]
2019-09-16 23:35:09,061 [grpc-default-executor-7] INFO  client.GrpcClientProtocolClient (GrpcClientProtocolClient.java:onNext(264)) - client-C79DE3E06697->1d6da99a-ba9a-4d72-abd2-d0f1aa02f12f: receive RaftClientReply:client-C79DE3E06697->1d6da99a-ba9a-4d72-abd2-d0f1aa02f12f@group-B29EE812FB58, cid=2253, SUCCESS, logIndex=3323, commits[1d6da99a-ba9a-4d72-abd2-d0f1aa02f12f:c3323, 9dc27687-2024-46ae-8b6e-c9027bfa400e:c3319, 9c9c57da-14dc-454a-b374-789aa5e765a9:c3321]
2019-09-16 23:35:09,064 [grpc-default-executor-3] INFO  client.GrpcClientProtocolClient (GrpcClientProtocolClient.java:onNext(264)) - client-C79DE3E06697->1d6da99a-ba9a-4d72-abd2-d0f1aa02f12f: receive RaftClientReply:client-C79DE3E06697->1d6da99a-ba9a-4d72-abd2-d0f1aa02f12f@group-B29EE812FB58, cid=2254, SUCCESS, logIndex=3324, commits[1d6da99a-ba9a-4d72-abd2-d0f1aa02f12f:c3325, 9dc27687-2024-46ae-8b6e-c9027bfa400e:c3321, 9c9c57da-14dc-454a-b374-789aa5e765a9:c3323]
2019-09-16 23:35:09,065 [grpc-default-executor-3] INFO  client.GrpcClientProtocolClient (GrpcClientProtocolClient.java:onNext(264)) - client-C79DE3E06697->1d6da99a-ba9a-4d72-abd2-d0f1aa02f12f: receive RaftClientReply:client-C79DE3E06697->1d6da99a-ba9a-4d72-abd2-d0f1aa02f12f@group-B29EE812FB58, cid=2255, SUCCESS, logIndex=3325, commits[1d6da99a-ba9a-4d72-abd2-d0f1aa02f12f:c3327, 9dc27687-2024-46ae-8b6e-c9027bfa400e:c3321, 9c9c57da-14dc-454a-b374-789aa5e765a9:c3323]
2019-09-16 23:35:09,065 [grpc-default-executor-1] INFO  client.GrpcClientProtocolClient (GrpcClientProtocolClient.java:onNext(264)) - client-C79DE3E06697->1d6da99a-ba9a-4d72-abd2-d0f1aa02f12f: receive RaftClientReply:client-C79DE3E06697->1d6da99a-ba9a-4d72-abd2-d0f1aa02f12f@group-B29EE812FB58, cid=2256, SUCCESS, logIndex=0, commits[1d6da99a-ba9a-4d72-abd2-d0f1aa02f12f:c3327, 9dc27687-2024-46ae-8b6e-c9027bfa400e:c3323, 9c9c57da-14dc-454a-b374-789aa5e765a9:c3324]
2019-09-16 23:35:09,074 [grpc-default-executor-3] INFO  client.GrpcClientProtocolClient (GrpcClientProtocolClient.java:onNext(264)) - client-C79DE3E06697->1d6da99a-ba9a-4d72-abd2-d0f1aa02f12f: receive RaftClientReply:client-C79DE3E06697->1d6da99a-ba9a-4d72-abd2-d0f1aa02f12f@group-B29EE812FB58, cid=2257, SUCCESS, logIndex=3330, commits[1d6da99a-ba9a-4d72-abd2-d0f1aa02f12f:c3331, 9dc27687-2024-46ae-8b6e-c9027bfa400e:c3329, 9c9c57da-14dc-454a-b374-789aa5e765a9:c3325]
2019-09-16 23:35:09,074 [grpc-default-executor-3] INFO  client.GrpcClientProtocolClient (GrpcClientProtocolClient.java:onNext(264)) - client-C79DE3E06697->1d6da99a-ba9a-4d72-abd2-d0f1aa02f12f: receive RaftClientReply:client-C79DE3E06697->1d6da99a-ba9a-4d72-abd2-d0f1aa02f12f@group-B29EE812FB58, cid=2258, SUCCESS, logIndex=3331, commits[1d6da99a-ba9a-4d72-abd2-d0f1aa02f12f:c3331, 9dc27687-2024-46ae-8b6e-c9027bfa400e:c3329, 9c9c57da-14dc-454a-b374-789aa5e765a9:c3329]
2019-09-16 23:35:09,083 [grpc-default-executor-3] INFO  client.GrpcClientProtocolClient (GrpcClientProtocolClient.java:onNext(264)) - client-C79DE3E06697->1d6da99a-ba9a-4d72-abd2-d0f1aa02f12f: receive RaftClientReply:client-C79DE3E06697->1d6da99a-ba9a-4d72-abd2-d0f1aa02f12f@group-B29EE812FB58, cid=2259, SUCCESS, logIndex=3334, commits[1d6da99a-ba9a-4d72-abd2-d0f1aa02f12f:c3335, 9dc27687-2024-46ae-8b6e-c9027bfa400e:c3333, 9c9c57da-14dc-454a-b374-789aa5e765a9:c3331]
2019-09-16 23:35:09,083 [grpc-default-executor-3] INFO  client.GrpcClientProtocolClient (GrpcClientProtocolClient.java:onNext(264)) - client-C79DE3E06697->1d6da99a-ba9a-4d72-abd2-d0f1aa02f12f: receive RaftClientReply:client-C79DE3E06697->1d6da99a-ba9a-4d72-abd2-d0f1aa02f12f@group-B29EE812FB58, cid=2260, SUCCESS, logIndex=3335, commits[1d6da99a-ba9a-4d72-abd2-d0f1aa02f12f:c3335, 9dc27687-2024-46ae-8b6e-c9027bfa400e:c3333, 9c9c57da-14dc-454a-b374-789aa5e765a9:c3332]
2019-09-16 23:35:09,086 [grpc-default-executor-7] INFO  client.GrpcClientProtocolClient (GrpcClientProtocolClient.java:onNext(264)) - client-C79DE3E06697->1d6da99a-ba9a-4d72-abd2-d0f1aa02f12f: receive RaftClientReply:client-C79DE3E06697->1d6da99a-ba9a-4d72-abd2-d0f1aa02f12f@group-B29EE812FB58, cid=2261, SUCCESS, logIndex=0, commits[1d6da99a-ba9a-4d72-abd2-d0f1aa02f12f:c3336, 9dc27687-2024-46ae-8b6e-c9027bfa400e:c3335, 9c9c57da-14dc-454a-b374-789aa5e765a9:c3335]
2019-09-16 23:35:09,102 [grpc-default-executor-1] INFO  client.GrpcClientProtocolClient (GrpcClientProtocolClient.java:onNext(264)) - client-C79DE3E06697->1d6da99a-ba9a-4d72-abd2-d0f1aa02f12f: receive RaftClientReply:client-C79DE3E06697->1d6da99a-ba9a-4d72-abd2-d0f1aa02f12f@group-B29EE812FB58, cid=2262, SUCCESS, logIndex=3338, commits[1d6da99a-ba9a-4d72-abd2-d0f1aa02f12f:c3339, 9dc27687-2024-46ae-8b6e-c9027bfa400e:c3335, 9c9c57da-14dc-454a-b374-789aa5e765a9:c3337]
2019-09-16 23:35:09,102 [grpc-default-executor-1] INFO  client.GrpcClientProtocolClient (GrpcClientProtocolClient.java:onNext(264)) - client-C79DE3E06697->1d6da99a-ba9a-4d72-abd2-d0f1aa02f12f: receive RaftClientReply:client-C79DE3E06697->1d6da99a-ba9a-4d72-abd2-d0f1aa02f12f@group-B29EE812FB58, cid=2263, SUCCESS, logIndex=3339, commits[1d6da99a-ba9a-4d72-abd2-d0f1aa02f12f:c3339, 9dc27687-2024-46ae-8b6e-c9027bfa400e:c3335, 9c9c57da-14dc-454a-b374-789aa5e765a9:c3337]
2019-09-16 23:35:09,104 [grpc-default-executor-1] INFO  client.GrpcClientProtocolClient (GrpcClientProtocolClient.java:onNext(264)) - client-C79DE3E06697->1d6da99a-ba9a-4d72-abd2-d0f1aa02f12f: receive RaftClientReply:client-C79DE3E06697->1d6da99a-ba9a-4d72-abd2-d0f1aa02f12f@group-B29EE812FB58, cid=2264, SUCCESS, logIndex=3340, commits[1d6da99a-ba9a-4d72-abd2-d0f1aa02f12f:c3341, 9dc27687-2024-46ae-8b6e-c9027bfa400e:c3337, 9c9c57da-14dc-454a-b374-789aa5e765a9:c3337]
2019-09-16 23:35:09,105 [grpc-default-executor-1] INFO  client.GrpcClientProtocolClient (GrpcClientProtocolClient.java:onNext(264)) - client-C79DE3E06697->1d6da99a-ba9a-4d72-abd2-d0f1aa02f12f: receive RaftClientReply:client-C79DE3E06697->1d6da99a-ba9a-4d72-abd2-d0f1aa02f12f@group-B29EE812FB58, cid=2265, SUCCESS, logIndex=3341, commits[1d6da99a-ba9a-4d72-abd2-d0f1aa02f12f:c3341, 9dc27687-2024-46ae-8b6e-c9027bfa400e:c3337, 9c9c57da-14dc-454a-b374-789aa5e765a9:c3337]
2019-09-16 23:35:09,106 [grpc-default-executor-1] INFO  client.GrpcClientProtocolClient (GrpcClientProtocolClient.java:onNext(264)) - client-C79DE3E06697->1d6da99a-ba9a-4d72-abd2-d0f1aa02f12f: receive RaftClientReply:client-C79DE3E06697->1d6da99a-ba9a-4d72-abd2-d0f1aa02f12f@group-B29EE812FB58, cid=2266, SUCCESS, logIndex=0, commits[1d6da99a-ba9a-4d72-abd2-d0f1aa02f12f:c3342, 9dc27687-2024-46ae-8b6e-c9027bfa400e:c3339, 9c9c57da-14dc-454a-b374-789aa5e765a9:c3339]
2019-09-16 23:35:09,136 [grpc-default-executor-1] INFO  client.GrpcClientProtocolClient (GrpcClientProtocolClient.java:onNext(264)) - client-C79DE3E06697->1d6da99a-ba9a-4d72-abd2-d0f1aa02f12f: receive RaftClientReply:client-C79DE3E06697->1d6da99a-ba9a-4d72-abd2-d0f1aa02f12f@group-B29EE812FB58, cid=2267, SUCCESS, logIndex=3346, commits[1d6da99a-ba9a-4d72-abd2-d0f1aa02f12f:c3347, 9dc27687-2024-46ae-8b6e-c9027bfa400e:c3345, 9c9c57da-14dc-454a-b374-789aa5e765a9:c3341]
2019-09-16 23:35:09,136 [grpc-default-executor-1] INFO  client.GrpcClientProtocolClient (GrpcClientProtocolClient.java:onNext(264)) - client-C79DE3E06697->1d6da99a-ba9a-4d72-abd2-d0f1aa02f12f: receive RaftClientReply:client-C79DE3E06697->1d6da99a-ba9a-4d72-abd2-d0f1aa02f12f@group-B29EE812FB58, cid=2268, SUCCESS, logIndex=3347, commits[1d6da99a-ba9a-4d72-abd2-d0f1aa02f12f:c3347, 9dc27687-2024-46ae-8b6e-c9027bfa400e:c3345, 9c9c57da-14dc-454a-b374-789aa5e765a9:c3345]
2019-09-16 23:35:09,151 [grpc-default-executor-6] INFO  client.GrpcClientProtocolClient (GrpcClientProtocolClient.java:onNext(264)) - client-C79DE3E06697->1d6da99a-ba9a-4d72-abd2-d0f1aa02f12f: receive RaftClientReply:client-C79DE3E06697->1d6da99a-ba9a-4d72-abd2-d0f1aa02f12f@group-B29EE812FB58, cid=2269, SUCCESS, logIndex=3350, commits[1d6da99a-ba9a-4d72-abd2-d0f1aa02f12f:c3351, 9dc27687-2024-46ae-8b6e-c9027bfa400e:c3347, 9c9c57da-14dc-454a-b374-789aa5e765a9:c3347]
2019-09-16 23:35:09,151 [grpc-default-executor-6] INFO  client.GrpcClientProtocolClient (GrpcClientProtocolClient.java:onNext(264)) - client-C79DE3E06697->1d6da99a-ba9a-4d72-abd2-d0f1aa02f12f: receive RaftClientReply:client-C79DE3E06697->1d6da99a-ba9a-4d72-abd2-d0f1aa02f12f@group-B29EE812FB58, cid=2270, SUCCESS, logIndex=3351, commits[1d6da99a-ba9a-4d72-abd2-d0f1aa02f12f:c3351, 9dc27687-2024-46ae-8b6e-c9027bfa400e:c3347, 9c9c57da-14dc-454a-b374-789aa5e765a9:c3347]
2019-09-16 23:35:09,162 [grpc-default-executor-6] INFO  client.GrpcClientProtocolClient (GrpcClientProtocolClient.java:onNext(264)) - client-C79DE3E06697->1d6da99a-ba9a-4d72-abd2-d0f1aa02f12f: receive RaftClientReply:client-C79DE3E06697->1d6da99a-ba9a-4d72-abd2-d0f1aa02f12f@group-B29EE812FB58, cid=2271, SUCCESS, logIndex=0, commits[1d6da99a-ba9a-4d72-abd2-d0f1aa02f12f:c3352, 9dc27687-2024-46ae-8b6e-c9027bfa400e:c3351, 9c9c57da-14dc-454a-b374-789aa5e765a9:c3351]
2019-09-16 23:35:09,188 [grpc-default-executor-1] INFO  client.GrpcClientProtocolClient (GrpcClientProtocolClient.java:onNext(264)) - client-C79DE3E06697->1d6da99a-ba9a-4d72-abd2-d0f1aa02f12f: receive RaftClientReply:client-C79DE3E06697->1d6da99a-ba9a-4d72-abd2-d0f1aa02f12f@group-B29EE812FB58, cid=2272, SUCCESS, logIndex=3353, commits[1d6da99a-ba9a-4d72-abd2-d0f1aa02f12f:c3354, 9dc27687-2024-46ae-8b6e-c9027bfa400e:c3352, 9c9c57da-14dc-454a-b374-789aa5e765a9:c3352]
2019-09-16 23:35:09,189 [grpc-default-executor-1] INFO  client.GrpcClientProtocolClient (GrpcClientProtocolClient.java:onNext(264)) - client-C79DE3E06697->1d6da99a-ba9a-4d72-abd2-d0f1aa02f12f: receive RaftClientReply:client-C79DE3E06697->1d6da99a-ba9a-4d72-abd2-d0f1aa02f12f@group-B29EE812FB58, cid=2273, SUCCESS, logIndex=3354, commits[1d6da99a-ba9a-4d72-abd2-d0f1aa02f12f:c3354, 9dc27687-2024-46ae-8b6e-c9027bfa400e:c3352, 9c9c57da-14dc-454a-b374-789aa5e765a9:c3352]
2019-09-16 23:35:09,190 [grpc-default-executor-1] INFO  client.GrpcClientProtocolClient (GrpcClientProtocolClient.java:onNext(264)) - client-C79DE3E06697->1d6da99a-ba9a-4d72-abd2-d0f1aa02f12f: receive RaftClientReply:client-C79DE3E06697->1d6da99a-ba9a-4d72-abd2-d0f1aa02f12f@group-B29EE812FB58, cid=2274, SUCCESS, logIndex=3355, commits[1d6da99a-ba9a-4d72-abd2-d0f1aa02f12f:c3356, 9dc27687-2024-46ae-8b6e-c9027bfa400e:c3352, 9c9c57da-14dc-454a-b374-789aa5e765a9:c3352]
2019-09-16 23:35:09,190 [grpc-default-executor-1] INFO  client.GrpcClientProtocolClient (GrpcClientProtocolClient.java:onNext(264)) - client-C79DE3E06697->1d6da99a-ba9a-4d72-abd2-d0f1aa02f12f: receive RaftClientReply:client-C79DE3E06697->1d6da99a-ba9a-4d72-abd2-d0f1aa02f12f@group-B29EE812FB58, cid=2275, SUCCESS, logIndex=3356, commits[1d6da99a-ba9a-4d72-abd2-d0f1aa02f12f:c3356, 9dc27687-2024-46ae-8b6e-c9027bfa400e:c3352, 9c9c57da-14dc-454a-b374-789aa5e765a9:c3352]
2019-09-16 23:35:09,191 [grpc-default-executor-6] INFO  client.GrpcClientProtocolClient (GrpcClientProtocolClient.java:onNext(264)) - client-C79DE3E06697->1d6da99a-ba9a-4d72-abd2-d0f1aa02f12f: receive RaftClientReply:client-C79DE3E06697->1d6da99a-ba9a-4d72-abd2-d0f1aa02f12f@group-B29EE812FB58, cid=2276, SUCCESS, logIndex=0, commits[1d6da99a-ba9a-4d72-abd2-d0f1aa02f12f:c3358, 9dc27687-2024-46ae-8b6e-c9027bfa400e:c3354, 9c9c57da-14dc-454a-b374-789aa5e765a9:c3354]
2019-09-16 23:35:09,204 [grpc-default-executor-6] INFO  client.GrpcClientProtocolClient (GrpcClientProtocolClient.java:onNext(264)) - client-C79DE3E06697->1d6da99a-ba9a-4d72-abd2-d0f1aa02f12f: receive RaftClientReply:client-C79DE3E06697->1d6da99a-ba9a-4d72-abd2-d0f1aa02f12f@group-B29EE812FB58, cid=2277, SUCCESS, logIndex=3361, commits[1d6da99a-ba9a-4d72-abd2-d0f1aa02f12f:c3362, 9dc27687-2024-46ae-8b6e-c9027bfa400e:c3356, 9c9c57da-14dc-454a-b374-789aa5e765a9:c3358]
2019-09-16 23:35:09,204 [grpc-default-executor-6] INFO  client.GrpcClientProtocolClient (GrpcClientProtocolClient.java:onNext(264)) - client-C79DE3E06697->1d6da99a-ba9a-4d72-abd2-d0f1aa02f12f: receive RaftClientReply:client-C79DE3E06697->1d6da99a-ba9a-4d72-abd2-d0f1aa02f12f@group-B29EE812FB58, cid=2278, SUCCESS, logIndex=3362, commits[1d6da99a-ba9a-4d72-abd2-d0f1aa02f12f:c3362, 9dc27687-2024-46ae-8b6e-c9027bfa400e:c3358, 9c9c57da-14dc-454a-b374-789aa5e765a9:c3358]
2019-09-16 23:35:09,223 [grpc-default-executor-6] INFO  client.GrpcClientProtocolClient (GrpcClientProtocolClient.java:onNext(264)) - client-C79DE3E06697->1d6da99a-ba9a-4d72-abd2-d0f1aa02f12f: receive RaftClientReply:client-C79DE3E06697->1d6da99a-ba9a-4d72-abd2-d0f1aa02f12f@group-B29EE812FB58, cid=2279, SUCCESS, logIndex=3365, commits[1d6da99a-ba9a-4d72-abd2-d0f1aa02f12f:c3366, 9dc27687-2024-46ae-8b6e-c9027bfa400e:c3364, 9c9c57da-14dc-454a-b374-789aa5e765a9:c3364]
2019-09-16 23:35:09,223 [grpc-default-executor-6] INFO  client.GrpcClientProtocolClient (GrpcClientProtocolClient.java:onNext(264)) - client-C79DE3E06697->1d6da99a-ba9a-4d72-abd2-d0f1aa02f12f: receive RaftClientReply:client-C79DE3E06697->1d6da99a-ba9a-4d72-abd2-d0f1aa02f12f@group-B29EE812FB58, cid=2280, SUCCESS, logIndex=3366, commits[1d6da99a-ba9a-4d72-abd2-d0f1aa02f12f:c3366, 9dc27687-2024-46ae-8b6e-c9027bfa400e:c3364, 9c9c57da-14dc-454a-b374-789aa5e765a9:c3364]
2019-09-16 23:35:09,237 [grpc-default-executor-6] INFO  client.GrpcClientProtocolClient (GrpcClientProtocolClient.java:onNext(264)) - client-C79DE3E06697->1d6da99a-ba9a-4d72-abd2-d0f1aa02f12f: receive RaftClientReply:client-C79DE3E06697->1d6da99a-ba9a-4d72-abd2-d0f1aa02f12f@group-B29EE812FB58, cid=2281, SUCCESS, logIndex=0, commits[1d6da99a-ba9a-4d72-abd2-d0f1aa02f12f:c3368, 9dc27687-2024-46ae-8b6e-c9027bfa400e:c3366, 9c9c57da-14dc-454a-b374-789aa5e765a9:c3366]
2019-09-16 23:35:09,265 [grpc-default-executor-1] INFO  client.GrpcClientProtocolClient (GrpcClientProtocolClient.java:onNext(264)) - client-C79DE3E06697->1d6da99a-ba9a-4d72-abd2-d0f1aa02f12f: receive RaftClientReply:client-C79DE3E06697->1d6da99a-ba9a-4d72-abd2-d0f1aa02f12f@group-B29EE812FB58, cid=2282, SUCCESS, logIndex=3369, commits[1d6da99a-ba9a-4d72-abd2-d0f1aa02f12f:c3370, 9dc27687-2024-46ae-8b6e-c9027bfa400e:c3368, 9c9c57da-14dc-454a-b374-789aa5e765a9:c3368]
2019-09-16 23:35:09,265 [grpc-default-executor-1] INFO  client.GrpcClientProtocolClient (GrpcClientProtocolClient.java:onNext(264)) - client-C79DE3E06697->1d6da99a-ba9a-4d72-abd2-d0f1aa02f12f: receive RaftClientReply:client-C79DE3E06697->1d6da99a-ba9a-4d72-abd2-d0f1aa02f12f@group-B29EE812FB58, cid=2283, SUCCESS, logIndex=3370, commits[1d6da99a-ba9a-4d72-abd2-d0f1aa02f12f:c3372, 9dc27687-2024-46ae-8b6e-c9027bfa400e:c3368, 9c9c57da-14dc-454a-b374-789aa5e765a9:c3368]
2019-09-16 23:35:09,266 [grpc-default-executor-1] INFO  client.GrpcClientProtocolClient (GrpcClientProtocolClient.java:onNext(264)) - client-C79DE3E06697->1d6da99a-ba9a-4d72-abd2-d0f1aa02f12f: receive RaftClientReply:client-C79DE3E06697->1d6da99a-ba9a-4d72-abd2-d0f1aa02f12f@group-B29EE812FB58, cid=2284, SUCCESS, logIndex=3371, commits[1d6da99a-ba9a-4d72-abd2-d0f1aa02f12f:c3372, 9dc27687-2024-46ae-8b6e-c9027bfa400e:c3368, 9c9c57da-14dc-454a-b374-789aa5e765a9:c3368]
2019-09-16 23:35:09,266 [grpc-default-executor-1] INFO  client.GrpcClientProtocolClient (GrpcClientProtocolClient.java:onNext(264)) - client-C79DE3E06697->1d6da99a-ba9a-4d72-abd2-d0f1aa02f12f: receive RaftClientReply:client-C79DE3E06697->1d6da99a-ba9a-4d72-abd2-d0f1aa02f12f@group-B29EE812FB58, cid=2285, SUCCESS, logIndex=3372, commits[1d6da99a-ba9a-4d72-abd2-d0f1aa02f12f:c3373, 9dc27687-2024-46ae-8b6e-c9027bfa400e:c3369, 9c9c57da-14dc-454a-b374-789aa5e765a9:c3369]
2019-09-16 23:35:09,267 [grpc-default-executor-7] INFO  client.GrpcClientProtocolClient (GrpcClientProtocolClient.java:onNext(264)) - client-C79DE3E06697->1d6da99a-ba9a-4d72-abd2-d0f1aa02f12f: receive RaftClientReply:client-C79DE3E06697->1d6da99a-ba9a-4d72-abd2-d0f1aa02f12f@group-B29EE812FB58, cid=2286, SUCCESS, logIndex=0, commits[1d6da99a-ba9a-4d72-abd2-d0f1aa02f12f:c3374, 9dc27687-2024-46ae-8b6e-c9027bfa400e:c3370, 9c9c57da-14dc-454a-b374-789aa5e765a9:c3370]
2019-09-16 23:35:09,287 [grpc-default-executor-6] INFO  client.GrpcClientProtocolClient (GrpcClientProtocolClient.java:onNext(264)) - client-C79DE3E06697->1d6da99a-ba9a-4d72-abd2-d0f1aa02f12f: receive RaftClientReply:client-C79DE3E06697->1d6da99a-ba9a-4d72-abd2-d0f1aa02f12f@group-B29EE812FB58, cid=2287, SUCCESS, logIndex=3377, commits[1d6da99a-ba9a-4d72-abd2-d0f1aa02f12f:c3378, 9dc27687-2024-46ae-8b6e-c9027bfa400e:c3376, 9c9c57da-14dc-454a-b374-789aa5e765a9:c3376]
2019-09-16 23:35:09,287 [grpc-default-executor-6] INFO  client.GrpcClientProtocolClient (GrpcClientProtocolClient.java:onNext(264)) - client-C79DE3E06697->1d6da99a-ba9a-4d72-abd2-d0f1aa02f12f: receive RaftClientReply:client-C79DE3E06697->1d6da99a-ba9a-4d72-abd2-d0f1aa02f12f@group-B29EE812FB58, cid=2288, SUCCESS, logIndex=3378, commits[1d6da99a-ba9a-4d72-abd2-d0f1aa02f12f:c3378, 9dc27687-2024-46ae-8b6e-c9027bfa400e:c3376, 9c9c57da-14dc-454a-b374-789aa5e765a9:c3376]
2019-09-16 23:35:09,312 [grpc-default-executor-1] INFO  client.GrpcClientProtocolClient (GrpcClientProtocolClient.java:onNext(264)) - client-C79DE3E06697->1d6da99a-ba9a-4d72-abd2-d0f1aa02f12f: receive RaftClientReply:client-C79DE3E06697->1d6da99a-ba9a-4d72-abd2-d0f1aa02f12f@group-B29EE812FB58, cid=2289, SUCCESS, logIndex=3381, commits[1d6da99a-ba9a-4d72-abd2-d0f1aa02f12f:c3382, 9dc27687-2024-46ae-8b6e-c9027bfa400e:c3378, 9c9c57da-14dc-454a-b374-789aa5e765a9:c3378]
2019-09-16 23:35:09,312 [grpc-default-executor-1] INFO  client.GrpcClientProtocolClient (GrpcClientProtocolClient.java:onNext(264)) - client-C79DE3E06697->1d6da99a-ba9a-4d72-abd2-d0f1aa02f12f: receive RaftClientReply:client-C79DE3E06697->1d6da99a-ba9a-4d72-abd2-d0f1aa02f12f@group-B29EE812FB58, cid=2290, SUCCESS, logIndex=3382, commits[1d6da99a-ba9a-4d72-abd2-d0f1aa02f12f:c3382, 9dc27687-2024-46ae-8b6e-c9027bfa400e:c3378, 9c9c57da-14dc-454a-b374-789aa5e765a9:c3378]
2019-09-16 23:35:09,326 [grpc-default-executor-1] INFO  client.GrpcClientProtocolClient (GrpcClientProtocolClient.java:onNext(264)) - client-C79DE3E06697->1d6da99a-ba9a-4d72-abd2-d0f1aa02f12f: receive RaftClientReply:client-C79DE3E06697->1d6da99a-ba9a-4d72-abd2-d0f1aa02f12f@group-B29EE812FB58, cid=2291, SUCCESS, logIndex=0, commits[1d6da99a-ba9a-4d72-abd2-d0f1aa02f12f:c3384, 9dc27687-2024-46ae-8b6e-c9027bfa400e:c3382, 9c9c57da-14dc-454a-b374-789aa5e765a9:c3382]
2019-09-16 23:35:09,352 [grpc-default-executor-3] INFO  client.GrpcClientProtocolClient (GrpcClientProtocolClient.java:onNext(264)) - client-C79DE3E06697->1d6da99a-ba9a-4d72-abd2-d0f1aa02f12f: receive RaftClientReply:client-C79DE3E06697->1d6da99a-ba9a-4d72-abd2-d0f1aa02f12f@group-B29EE812FB58, cid=2292, SUCCESS, logIndex=3385, commits[1d6da99a-ba9a-4d72-abd2-d0f1aa02f12f:c3386, 9dc27687-2024-46ae-8b6e-c9027bfa400e:c3384, 9c9c57da-14dc-454a-b374-789aa5e765a9:c3384]
2019-09-16 23:35:09,353 [grpc-default-executor-3] INFO  client.GrpcClientProtocolClient (GrpcClientProtocolClient.java:onNext(264)) - client-C79DE3E06697->1d6da99a-ba9a-4d72-abd2-d0f1aa02f12f: receive RaftClientReply:client-C79DE3E06697->1d6da99a-ba9a-4d72-abd2-d0f1aa02f12f@group-B29EE812FB58, cid=2293, SUCCESS, logIndex=3386, commits[1d6da99a-ba9a-4d72-abd2-d0f1aa02f12f:c3388, 9dc27687-2024-46ae-8b6e-c9027bfa400e:c3384, 9c9c57da-14dc-454a-b374-789aa5e765a9:c3384]
2019-09-16 23:35:09,353 [grpc-default-executor-3] INFO  client.GrpcClientProtocolClient (GrpcClientProtocolClient.java:onNext(264)) - client-C79DE3E06697->1d6da99a-ba9a-4d72-abd2-d0f1aa02f12f: receive RaftClientReply:client-C79DE3E06697->1d6da99a-ba9a-4d72-abd2-d0f1aa02f12f@group-B29EE812FB58, cid=2294, SUCCESS, logIndex=3387, commits[1d6da99a-ba9a-4d72-abd2-d0f1aa02f12f:c3388, 9dc27687-2024-46ae-8b6e-c9027bfa400e:c3384, 9c9c57da-14dc-454a-b374-789aa5e765a9:c3384]
2019-09-16 23:35:09,353 [grpc-default-executor-3] INFO  client.GrpcClientProtocolClient (GrpcClientProtocolClient.java:onNext(264)) - client-C79DE3E06697->1d6da99a-ba9a-4d72-abd2-d0f1aa02f12f: receive RaftClientReply:client-C79DE3E06697->1d6da99a-ba9a-4d72-abd2-d0f1aa02f12f@group-B29EE812FB58, cid=2295, SUCCESS, logIndex=3388, commits[1d6da99a-ba9a-4d72-abd2-d0f1aa02f12f:c3388, 9dc27687-2024-46ae-8b6e-c9027bfa400e:c3384, 9c9c57da-14dc-454a-b374-789aa5e765a9:c3384]
2019-09-16 23:35:09,356 [grpc-default-executor-6] INFO  client.GrpcClientProtocolClient (GrpcClientProtocolClient.java:onNext(264)) - client-C79DE3E06697->1d6da99a-ba9a-4d72-abd2-d0f1aa02f12f: receive RaftClientReply:client-C79DE3E06697->1d6da99a-ba9a-4d72-abd2-d0f1aa02f12f@group-B29EE812FB58, cid=2296, SUCCESS, logIndex=0, commits[1d6da99a-ba9a-4d72-abd2-d0f1aa02f12f:c3391, 9dc27687-2024-46ae-8b6e-c9027bfa400e:c3386, 9c9c57da-14dc-454a-b374-789aa5e765a9:c3387]
2019-09-16 23:35:09,375 [grpc-default-executor-6] INFO  client.GrpcClientProtocolClient (GrpcClientProtocolClient.java:onNext(264)) - client-C79DE3E06697->1d6da99a-ba9a-4d72-abd2-d0f1aa02f12f: receive RaftClientReply:client-C79DE3E06697->1d6da99a-ba9a-4d72-abd2-d0f1aa02f12f@group-B29EE812FB58, cid=2297, SUCCESS, logIndex=3393, commits[1d6da99a-ba9a-4d72-abd2-d0f1aa02f12f:c3394, 9dc27687-2024-46ae-8b6e-c9027bfa400e:c3392, 9c9c57da-14dc-454a-b374-789aa5e765a9:c3392]
2019-09-16 23:35:09,375 [grpc-default-executor-6] INFO  client.GrpcClientProtocolClient (GrpcClientProtocolClient.java:onNext(264)) - client-C79DE3E06697->1d6da99a-ba9a-4d72-abd2-d0f1aa02f12f: receive RaftClientReply:client-C79DE3E06697->1d6da99a-ba9a-4d72-abd2-d0f1aa02f12f@group-B29EE812FB58, cid=2298, SUCCESS, logIndex=3394, commits[1d6da99a-ba9a-4d72-abd2-d0f1aa02f12f:c3394, 9dc27687-2024-46ae-8b6e-c9027bfa400e:c3392, 9c9c57da-14dc-454a-b374-789aa5e765a9:c3392]
2019-09-16 23:35:09,401 [grpc-default-executor-3] INFO  client.GrpcClientProtocolClient (GrpcClientProtocolClient.java:onNext(264)) - client-C79DE3E06697->1d6da99a-ba9a-4d72-abd2-d0f1aa02f12f: receive RaftClientReply:client-C79DE3E06697->1d6da99a-ba9a-4d72-abd2-d0f1aa02f12f@group-B29EE812FB58, cid=2299, SUCCESS, logIndex=3397, commits[1d6da99a-ba9a-4d72-abd2-d0f1aa02f12f:c3398, 9dc27687-2024-46ae-8b6e-c9027bfa400e:c3396, 9c9c57da-14dc-454a-b374-789aa5e765a9:c3396]
2019-09-16 23:35:09,401 [grpc-default-executor-3] INFO  client.GrpcClientProtocolClient (GrpcClientProtocolClient.java:onNext(264)) - client-C79DE3E06697->1d6da99a-ba9a-4d72-abd2-d0f1aa02f12f: receive RaftClientReply:client-C79DE3E06697->1d6da99a-ba9a-4d72-abd2-d0f1aa02f12f@group-B29EE812FB58, cid=2300, SUCCESS, logIndex=3398, commits[1d6da99a-ba9a-4d72-abd2-d0f1aa02f12f:c3398, 9dc27687-2024-46ae-8b6e-c9027bfa400e:c3396, 9c9c57da-14dc-454a-b374-789aa5e765a9:c3396]
2019-09-16 23:35:09,415 [grpc-default-executor-3] INFO  client.GrpcClientProtocolClient (GrpcClientProtocolClient.java:onNext(264)) - client-C79DE3E06697->1d6da99a-ba9a-4d72-abd2-d0f1aa02f12f: receive RaftClientReply:client-C79DE3E06697->1d6da99a-ba9a-4d72-abd2-d0f1aa02f12f@group-B29EE812FB58, cid=2301, SUCCESS, logIndex=0, commits[1d6da99a-ba9a-4d72-abd2-d0f1aa02f12f:c3400, 9dc27687-2024-46ae-8b6e-c9027bfa400e:c3398, 9c9c57da-14dc-454a-b374-789aa5e765a9:c3398]
2019-09-16 23:35:09,438 [grpc-default-executor-7] INFO  client.GrpcClientProtocolClient (GrpcClientProtocolClient.java:onNext(264)) - client-C79DE3E06697->1d6da99a-ba9a-4d72-abd2-d0f1aa02f12f: receive RaftClientReply:client-C79DE3E06697->1d6da99a-ba9a-4d72-abd2-d0f1aa02f12f@group-B29EE812FB58, cid=2302, SUCCESS, logIndex=3401, commits[1d6da99a-ba9a-4d72-abd2-d0f1aa02f12f:c3402, 9dc27687-2024-46ae-8b6e-c9027bfa400e:c3400, 9c9c57da-14dc-454a-b374-789aa5e765a9:c3400]
2019-09-16 23:35:09,438 [grpc-default-executor-7] INFO  client.GrpcClientProtocolClient (GrpcClientProtocolClient.java:onNext(264)) - client-C79DE3E06697->1d6da99a-ba9a-4d72-abd2-d0f1aa02f12f: receive RaftClientReply:client-C79DE3E06697->1d6da99a-ba9a-4d72-abd2-d0f1aa02f12f@group-B29EE812FB58, cid=2303, SUCCESS, logIndex=3402, commits[1d6da99a-ba9a-4d72-abd2-d0f1aa02f12f:c3404, 9dc27687-2024-46ae-8b6e-c9027bfa400e:c3400, 9c9c57da-14dc-454a-b374-789aa5e765a9:c3400]
2019-09-16 23:35:09,439 [grpc-default-executor-7] INFO  client.GrpcClientProtocolClient (GrpcClientProtocolClient.java:onNext(264)) - client-C79DE3E06697->1d6da99a-ba9a-4d72-abd2-d0f1aa02f12f: receive RaftClientReply:client-C79DE3E06697->1d6da99a-ba9a-4d72-abd2-d0f1aa02f12f@group-B29EE812FB58, cid=2304, SUCCESS, logIndex=3403, commits[1d6da99a-ba9a-4d72-abd2-d0f1aa02f12f:c3404, 9dc27687-2024-46ae-8b6e-c9027bfa400e:c3400, 9c9c57da-14dc-454a-b374-789aa5e765a9:c3400]
2019-09-16 23:35:09,439 [grpc-default-executor-7] INFO  client.GrpcClientProtocolClient (GrpcClientProtocolClient.java:onNext(264)) - client-C79DE3E06697->1d6da99a-ba9a-4d72-abd2-d0f1aa02f12f: receive RaftClientReply:client-C79DE3E06697->1d6da99a-ba9a-4d72-abd2-d0f1aa02f12f@group-B29EE812FB58, cid=2305, SUCCESS, logIndex=3404, commits[1d6da99a-ba9a-4d72-abd2-d0f1aa02f12f:c3404, 9dc27687-2024-46ae-8b6e-c9027bfa400e:c3400, 9c9c57da-14dc-454a-b374-789aa5e765a9:c3400]
2019-09-16 23:35:09,452 [grpc-default-executor-7] INFO  client.GrpcClientProtocolClient (GrpcClientProtocolClient.java:onNext(264)) - client-C79DE3E06697->1d6da99a-ba9a-4d72-abd2-d0f1aa02f12f: receive RaftClientReply:client-C79DE3E06697->1d6da99a-ba9a-4d72-abd2-d0f1aa02f12f@group-B29EE812FB58, cid=2306, SUCCESS, logIndex=0, commits[1d6da99a-ba9a-4d72-abd2-d0f1aa02f12f:c3406, 9dc27687-2024-46ae-8b6e-c9027bfa400e:c3402, 9c9c57da-14dc-454a-b374-789aa5e765a9:c3402]
2019-09-16 23:35:09,471 [grpc-default-executor-3] INFO  client.GrpcClientProtocolClient (GrpcClientProtocolClient.java:onNext(264)) - client-C79DE3E06697->1d6da99a-ba9a-4d72-abd2-d0f1aa02f12f: receive RaftClientReply:client-C79DE3E06697->1d6da99a-ba9a-4d72-abd2-d0f1aa02f12f@group-B29EE812FB58, cid=2307, SUCCESS, logIndex=3409, commits[1d6da99a-ba9a-4d72-abd2-d0f1aa02f12f:c3410, 9dc27687-2024-46ae-8b6e-c9027bfa400e:c3408, 9c9c57da-14dc-454a-b374-789aa5e765a9:c3408]
2019-09-16 23:35:09,471 [grpc-default-executor-3] INFO  client.GrpcClientProtocolClient (GrpcClientProtocolClient.java:onNext(264)) - client-C79DE3E06697->1d6da99a-ba9a-4d72-abd2-d0f1aa02f12f: receive RaftClientReply:client-C79DE3E06697->1d6da99a-ba9a-4d72-abd2-d0f1aa02f12f@group-B29EE812FB58, cid=2308, SUCCESS, logIndex=3410, commits[1d6da99a-ba9a-4d72-abd2-d0f1aa02f12f:c3410, 9dc27687-2024-46ae-8b6e-c9027bfa400e:c3408, 9c9c57da-14dc-454a-b374-789aa5e765a9:c3408]
2019-09-16 23:35:09,497 [grpc-default-executor-1] INFO  client.GrpcClientProtocolClient (GrpcClientProtocolClient.java:onNext(264)) - client-C79DE3E06697->1d6da99a-ba9a-4d72-abd2-d0f1aa02f12f: receive RaftClientReply:client-C79DE3E06697->1d6da99a-ba9a-4d72-abd2-d0f1aa02f12f@group-B29EE812FB58, cid=2309, SUCCESS, logIndex=3413, commits[1d6da99a-ba9a-4d72-abd2-d0f1aa02f12f:c3414, 9dc27687-2024-46ae-8b6e-c9027bfa400e:c3410, 9c9c57da-14dc-454a-b374-789aa5e765a9:c3410]
2019-09-16 23:35:09,498 [grpc-default-executor-1] INFO  client.GrpcClientProtocolClient (GrpcClientProtocolClient.java:onNext(264)) - client-C79DE3E06697->1d6da99a-ba9a-4d72-abd2-d0f1aa02f12f: receive RaftClientReply:client-C79DE3E06697->1d6da99a-ba9a-4d72-abd2-d0f1aa02f12f@group-B29EE812FB58, cid=2310, SUCCESS, logIndex=3414, commits[1d6da99a-ba9a-4d72-abd2-d0f1aa02f12f:c3414, 9dc27687-2024-46ae-8b6e-c9027bfa400e:c3410, 9c9c57da-14dc-454a-b374-789aa5e765a9:c3410]
2019-09-16 23:35:09,523 [grpc-default-executor-1] INFO  client.GrpcClientProtocolClient (GrpcClientProtocolClient.java:onNext(264)) - client-C79DE3E06697->1d6da99a-ba9a-4d72-abd2-d0f1aa02f12f: receive RaftClientReply:client-C79DE3E06697->1d6da99a-ba9a-4d72-abd2-d0f1aa02f12f@group-B29EE812FB58, cid=2311, SUCCESS, logIndex=0, commits[1d6da99a-ba9a-4d72-abd2-d0f1aa02f12f:c3416, 9dc27687-2024-46ae-8b6e-c9027bfa400e:c3414, 9c9c57da-14dc-454a-b374-789aa5e765a9:c3414]
2019-09-16 23:35:09,552 [grpc-default-executor-7] INFO  client.GrpcClientProtocolClient (GrpcClientProtocolClient.java:onNext(264)) - client-C79DE3E06697->1d6da99a-ba9a-4d72-abd2-d0f1aa02f12f: receive RaftClientReply:client-C79DE3E06697->1d6da99a-ba9a-4d72-abd2-d0f1aa02f12f@group-B29EE812FB58, cid=2312, SUCCESS, logIndex=3417, commits[1d6da99a-ba9a-4d72-abd2-d0f1aa02f12f:c3419, 9dc27687-2024-46ae-8b6e-c9027bfa400e:c3416, 9c9c57da-14dc-454a-b374-789aa5e765a9:c3416]
2019-09-16 23:35:09,552 [grpc-default-executor-7] INFO  client.GrpcClientProtocolClient (GrpcClientProtocolClient.java:onNext(264)) - client-C79DE3E06697->1d6da99a-ba9a-4d72-abd2-d0f1aa02f12f: receive RaftClientReply:client-C79DE3E06697->1d6da99a-ba9a-4d72-abd2-d0f1aa02f12f@group-B29EE812FB58, cid=2313, SUCCESS, logIndex=3418, commits[1d6da99a-ba9a-4d72-abd2-d0f1aa02f12f:c3420, 9dc27687-2024-46ae-8b6e-c9027bfa400e:c3416, 9c9c57da-14dc-454a-b374-789aa5e765a9:c3416]
2019-09-16 23:35:09,553 [grpc-default-executor-7] INFO  client.GrpcClientProtocolClient (GrpcClientProtocolClient.java:onNext(264)) - client-C79DE3E06697->1d6da99a-ba9a-4d72-abd2-d0f1aa02f12f: receive RaftClientReply:client-C79DE3E06697->1d6da99a-ba9a-4d72-abd2-d0f1aa02f12f@group-B29EE812FB58, cid=2314, SUCCESS, logIndex=3419, commits[1d6da99a-ba9a-4d72-abd2-d0f1aa02f12f:c3420, 9dc27687-2024-46ae-8b6e-c9027bfa400e:c3416, 9c9c57da-14dc-454a-b374-789aa5e765a9:c3416]
2019-09-16 23:35:09,553 [grpc-default-executor-7] INFO  client.GrpcClientProtocolClient (GrpcClientProtocolClient.java:onNext(264)) - client-C79DE3E06697->1d6da99a-ba9a-4d72-abd2-d0f1aa02f12f: receive RaftClientReply:client-C79DE3E06697->1d6da99a-ba9a-4d72-abd2-d0f1aa02f12f@group-B29EE812FB58, cid=2315, SUCCESS, logIndex=3420, commits[1d6da99a-ba9a-4d72-abd2-d0f1aa02f12f:c3420, 9dc27687-2024-46ae-8b6e-c9027bfa400e:c3416, 9c9c57da-14dc-454a-b374-789aa5e765a9:c3416]
2019-09-16 23:35:09,563 [grpc-default-executor-1] INFO  client.GrpcClientProtocolClient (GrpcClientProtocolClient.java:onNext(264)) - client-C79DE3E06697->1d6da99a-ba9a-4d72-abd2-d0f1aa02f12f: receive RaftClientReply:client-C79DE3E06697->1d6da99a-ba9a-4d72-abd2-d0f1aa02f12f@group-B29EE812FB58, cid=2316, SUCCESS, logIndex=0, commits[1d6da99a-ba9a-4d72-abd2-d0f1aa02f12f:c3420, 9dc27687-2024-46ae-8b6e-c9027bfa400e:c3418, 9c9c57da-14dc-454a-b374-789aa5e765a9:c3418]
 0.00% |█                                                                                                    |  0/1 Time: 0:00:272019-09-16 23:35:09,583 [grpc-default-executor-7] INFO  client.GrpcClientProtocolClient (GrpcClientProtocolClient.java:onNext(264)) - client-C79DE3E06697->1d6da99a-ba9a-4d72-abd2-d0f1aa02f12f: receive RaftClientReply:client-C79DE3E06697->1d6da99a-ba9a-4d72-abd2-d0f1aa02f12f@group-B29EE812FB58, cid=2317, SUCCESS, logIndex=3425, commits[1d6da99a-ba9a-4d72-abd2-d0f1aa02f12f:c3426, 9dc27687-2024-46ae-8b6e-c9027bfa400e:c3424, 9c9c57da-14dc-454a-b374-789aa5e765a9:c3424]
2019-09-16 23:35:09,583 [grpc-default-executor-7] INFO  client.GrpcClientProtocolClient (GrpcClientProtocolClient.java:onNext(264)) - client-C79DE3E06697->1d6da99a-ba9a-4d72-abd2-d0f1aa02f12f: receive RaftClientReply:client-C79DE3E06697->1d6da99a-ba9a-4d72-abd2-d0f1aa02f12f@group-B29EE812FB58, cid=2318, SUCCESS, logIndex=3426, commits[1d6da99a-ba9a-4d72-abd2-d0f1aa02f12f:c3426, 9dc27687-2024-46ae-8b6e-c9027bfa400e:c3424, 9c9c57da-14dc-454a-b374-789aa5e765a9:c3424]
2019-09-16 23:35:09,598 [grpc-default-executor-3] INFO  client.GrpcClientProtocolClient (GrpcClientProtocolClient.java:onNext(264)) - client-C79DE3E06697->1d6da99a-ba9a-4d72-abd2-d0f1aa02f12f: receive RaftClientReply:client-C79DE3E06697->1d6da99a-ba9a-4d72-abd2-d0f1aa02f12f@group-B29EE812FB58, cid=2319, SUCCESS, logIndex=3428, commits[1d6da99a-ba9a-4d72-abd2-d0f1aa02f12f:c3429, 9dc27687-2024-46ae-8b6e-c9027bfa400e:c3426, 9c9c57da-14dc-454a-b374-789aa5e765a9:c3426]
2019-09-16 23:35:09,598 [grpc-default-executor-3] INFO  client.GrpcClientProtocolClient (GrpcClientProtocolClient.java:onNext(264)) - client-C79DE3E06697->1d6da99a-ba9a-4d72-abd2-d0f1aa02f12f: receive RaftClientReply:client-C79DE3E06697->1d6da99a-ba9a-4d72-abd2-d0f1aa02f12f@group-B29EE812FB58, cid=2320, SUCCESS, logIndex=3429, commits[1d6da99a-ba9a-4d72-abd2-d0f1aa02f12f:c3429, 9dc27687-2024-46ae-8b6e-c9027bfa400e:c3426, 9c9c57da-14dc-454a-b374-789aa5e765a9:c3426]
2019-09-16 23:35:09,601 [grpc-default-executor-1] INFO  client.GrpcClientProtocolClient (GrpcClientProtocolClient.java:onNext(264)) - client-C79DE3E06697->1d6da99a-ba9a-4d72-abd2-d0f1aa02f12f: receive RaftClientReply:client-C79DE3E06697->1d6da99a-ba9a-4d72-abd2-d0f1aa02f12f@group-B29EE812FB58, cid=2321, SUCCESS, logIndex=0, commits[1d6da99a-ba9a-4d72-abd2-d0f1aa02f12f:c3430, 9dc27687-2024-46ae-8b6e-c9027bfa400e:c3429, 9c9c57da-14dc-454a-b374-789aa5e765a9:c3429]
2019-09-16 23:35:09,621 [grpc-default-executor-1] INFO  client.GrpcClientProtocolClient (GrpcClientProtocolClient.java:onNext(264)) - client-C79DE3E06697->1d6da99a-ba9a-4d72-abd2-d0f1aa02f12f: receive RaftClientReply:client-C79DE3E06697->1d6da99a-ba9a-4d72-abd2-d0f1aa02f12f@group-B29EE812FB58, cid=2322, SUCCESS, logIndex=3431, commits[1d6da99a-ba9a-4d72-abd2-d0f1aa02f12f:c3431, 9dc27687-2024-46ae-8b6e-c9027bfa400e:c3429, 9c9c57da-14dc-454a-b374-789aa5e765a9:c3430]
2019-09-16 23:35:09,622 [grpc-default-executor-1] INFO  client.GrpcClientProtocolClient (GrpcClientProtocolClient.java:onNext(264)) - client-C79DE3E06697->1d6da99a-ba9a-4d72-abd2-d0f1aa02f12f: receive RaftClientReply:client-C79DE3E06697->1d6da99a-ba9a-4d72-abd2-d0f1aa02f12f@group-B29EE812FB58, cid=2323, SUCCESS, logIndex=3432, commits[1d6da99a-ba9a-4d72-abd2-d0f1aa02f12f:c3432, 9dc27687-2024-46ae-8b6e-c9027bfa400e:c3429, 9c9c57da-14dc-454a-b374-789aa5e765a9:c3430]
2019-09-16 23:35:09,627 [grpc-default-executor-7] INFO  client.GrpcClientProtocolClient (GrpcClientProtocolClient.java:onNext(264)) - client-C79DE3E06697->1d6da99a-ba9a-4d72-abd2-d0f1aa02f12f: receive RaftClientReply:client-C79DE3E06697->1d6da99a-ba9a-4d72-abd2-d0f1aa02f12f@group-B29EE812FB58, cid=2324, SUCCESS, logIndex=3433, commits[1d6da99a-ba9a-4d72-abd2-d0f1aa02f12f:c3434, 9dc27687-2024-46ae-8b6e-c9027bfa400e:c3430, 9c9c57da-14dc-454a-b374-789aa5e765a9:c3430]
2019-09-16 23:35:09,627 [grpc-default-executor-1] INFO  client.GrpcClientProtocolClient (GrpcClientProtocolClient.java:onNext(264)) - client-C79DE3E06697->1d6da99a-ba9a-4d72-abd2-d0f1aa02f12f: receive RaftClientReply:client-C79DE3E06697->1d6da99a-ba9a-4d72-abd2-d0f1aa02f12f@group-B29EE812FB58, cid=2325, SUCCESS, logIndex=3434, commits[1d6da99a-ba9a-4d72-abd2-d0f1aa02f12f:c3435, 9dc27687-2024-46ae-8b6e-c9027bfa400e:c3432, 9c9c57da-14dc-454a-b374-789aa5e765a9:c3431]
2019-09-16 23:35:09,628 [grpc-default-executor-1] INFO  client.GrpcClientProtocolClient (GrpcClientProtocolClient.java:onNext(264)) - client-C79DE3E06697->1d6da99a-ba9a-4d72-abd2-d0f1aa02f12f: receive RaftClientReply:client-C79DE3E06697->1d6da99a-ba9a-4d72-abd2-d0f1aa02f12f@group-B29EE812FB58, cid=2326, SUCCESS, logIndex=0, commits[1d6da99a-ba9a-4d72-abd2-d0f1aa02f12f:c3436, 9dc27687-2024-46ae-8b6e-c9027bfa400e:c3432, 9c9c57da-14dc-454a-b374-789aa5e765a9:c3432]
2019-09-16 23:35:09,651 [grpc-default-executor-7] INFO  client.GrpcClientProtocolClient (GrpcClientProtocolClient.java:onNext(264)) - client-C79DE3E06697->1d6da99a-ba9a-4d72-abd2-d0f1aa02f12f: receive RaftClientReply:client-C79DE3E06697->1d6da99a-ba9a-4d72-abd2-d0f1aa02f12f@group-B29EE812FB58, cid=2327, SUCCESS, logIndex=3439, commits[1d6da99a-ba9a-4d72-abd2-d0f1aa02f12f:c3440, 9dc27687-2024-46ae-8b6e-c9027bfa400e:c3438, 9c9c57da-14dc-454a-b374-789aa5e765a9:c3438]
2019-09-16 23:35:09,651 [grpc-default-executor-7] INFO  client.GrpcClientProtocolClient (GrpcClientProtocolClient.java:onNext(264)) - client-C79DE3E06697->1d6da99a-ba9a-4d72-abd2-d0f1aa02f12f: receive RaftClientReply:client-C79DE3E06697->1d6da99a-ba9a-4d72-abd2-d0f1aa02f12f@group-B29EE812FB58, cid=2328, SUCCESS, logIndex=3440, commits[1d6da99a-ba9a-4d72-abd2-d0f1aa02f12f:c3440, 9dc27687-2024-46ae-8b6e-c9027bfa400e:c3438, 9c9c57da-14dc-454a-b374-789aa5e765a9:c3438]
2019-09-16 23:35:09,664 [grpc-default-executor-7] INFO  client.GrpcClientProtocolClient (GrpcClientProtocolClient.java:onNext(264)) - client-C79DE3E06697->1d6da99a-ba9a-4d72-abd2-d0f1aa02f12f: receive RaftClientReply:client-C79DE3E06697->1d6da99a-ba9a-4d72-abd2-d0f1aa02f12f@group-B29EE812FB58, cid=2329, SUCCESS, logIndex=3443, commits[1d6da99a-ba9a-4d72-abd2-d0f1aa02f12f:c3444, 9dc27687-2024-46ae-8b6e-c9027bfa400e:c3440, 9c9c57da-14dc-454a-b374-789aa5e765a9:c3440]
2019-09-16 23:35:09,665 [grpc-default-executor-7] INFO  client.GrpcClientProtocolClient (GrpcClientProtocolClient.java:onNext(264)) - client-C79DE3E06697->1d6da99a-ba9a-4d72-abd2-d0f1aa02f12f: receive RaftClientReply:client-C79DE3E06697->1d6da99a-ba9a-4d72-abd2-d0f1aa02f12f@group-B29EE812FB58, cid=2330, SUCCESS, logIndex=3444, commits[1d6da99a-ba9a-4d72-abd2-d0f1aa02f12f:c3444, 9dc27687-2024-46ae-8b6e-c9027bfa400e:c3440, 9c9c57da-14dc-454a-b374-789aa5e765a9:c3440]
2019-09-16 23:35:09,676 [grpc-default-executor-1] INFO  client.GrpcClientProtocolClient (GrpcClientProtocolClient.java:onNext(264)) - client-C79DE3E06697->1d6da99a-ba9a-4d72-abd2-d0f1aa02f12f: receive RaftClientReply:client-C79DE3E06697->1d6da99a-ba9a-4d72-abd2-d0f1aa02f12f@group-B29EE812FB58, cid=2331, SUCCESS, logIndex=0, commits[1d6da99a-ba9a-4d72-abd2-d0f1aa02f12f:c3445, 9dc27687-2024-46ae-8b6e-c9027bfa400e:c3444, 9c9c57da-14dc-454a-b374-789aa5e765a9:c3444]
2019-09-16 23:35:09,830 [grpc-default-executor-3] INFO  client.GrpcClientProtocolClient (GrpcClientProtocolClient.java:onNext(264)) - client-C79DE3E06697->1d6da99a-ba9a-4d72-abd2-d0f1aa02f12f: receive RaftClientReply:client-C79DE3E06697->1d6da99a-ba9a-4d72-abd2-d0f1aa02f12f@group-B29EE812FB58, cid=2332, SUCCESS, logIndex=3447, commits[1d6da99a-ba9a-4d72-abd2-d0f1aa02f12f:c3448, 9dc27687-2024-46ae-8b6e-c9027bfa400e:c3446, 9c9c57da-14dc-454a-b374-789aa5e765a9:c3446]
2019-09-16 23:35:09,831 [grpc-default-executor-3] INFO  client.GrpcClientProtocolClient (GrpcClientProtocolClient.java:onNext(264)) - client-C79DE3E06697->1d6da99a-ba9a-4d72-abd2-d0f1aa02f12f: receive RaftClientReply:client-C79DE3E06697->1d6da99a-ba9a-4d72-abd2-d0f1aa02f12f@group-B29EE812FB58, cid=2333, SUCCESS, logIndex=3448, commits[1d6da99a-ba9a-4d72-abd2-d0f1aa02f12f:c3448, 9dc27687-2024-46ae-8b6e-c9027bfa400e:c3446, 9c9c57da-14dc-454a-b374-789aa5e765a9:c3446]
2019-09-16 23:35:09,843 [grpc-default-executor-1] INFO  client.GrpcClientProtocolClient (GrpcClientProtocolClient.java:onNext(264)) - client-C79DE3E06697->1d6da99a-ba9a-4d72-abd2-d0f1aa02f12f: receive RaftClientReply:client-C79DE3E06697->1d6da99a-ba9a-4d72-abd2-d0f1aa02f12f@group-B29EE812FB58, cid=2334, SUCCESS, logIndex=3449, commits[1d6da99a-ba9a-4d72-abd2-d0f1aa02f12f:c3450, 9dc27687-2024-46ae-8b6e-c9027bfa400e:c3446, 9c9c57da-14dc-454a-b374-789aa5e765a9:c3446]
2019-09-16 23:35:09,843 [grpc-default-executor-1] INFO  client.GrpcClientProtocolClient (GrpcClientProtocolClient.java:onNext(264)) - client-C79DE3E06697->1d6da99a-ba9a-4d72-abd2-d0f1aa02f12f: receive RaftClientReply:client-C79DE3E06697->1d6da99a-ba9a-4d72-abd2-d0f1aa02f12f@group-B29EE812FB58, cid=2335, SUCCESS, logIndex=3450, commits[1d6da99a-ba9a-4d72-abd2-d0f1aa02f12f:c3450, 9dc27687-2024-46ae-8b6e-c9027bfa400e:c3446, 9c9c57da-14dc-454a-b374-789aa5e765a9:c3446]
2019-09-16 23:35:09,856 [grpc-default-executor-1] INFO  client.GrpcClientProtocolClient (GrpcClientProtocolClient.java:onNext(264)) - client-C79DE3E06697->1d6da99a-ba9a-4d72-abd2-d0f1aa02f12f: receive RaftClientReply:client-C79DE3E06697->1d6da99a-ba9a-4d72-abd2-d0f1aa02f12f@group-B29EE812FB58, cid=2336, SUCCESS, logIndex=0, commits[1d6da99a-ba9a-4d72-abd2-d0f1aa02f12f:c3452, 9dc27687-2024-46ae-8b6e-c9027bfa400e:c3448, 9c9c57da-14dc-454a-b374-789aa5e765a9:c3448]
2019-09-16 23:35:09,882 [grpc-default-executor-1] INFO  client.GrpcClientProtocolClient (GrpcClientProtocolClient.java:onNext(264)) - client-C79DE3E06697->1d6da99a-ba9a-4d72-abd2-d0f1aa02f12f: receive RaftClientReply:client-C79DE3E06697->1d6da99a-ba9a-4d72-abd2-d0f1aa02f12f@group-B29EE812FB58, cid=2337, SUCCESS, logIndex=3455, commits[1d6da99a-ba9a-4d72-abd2-d0f1aa02f12f:c3456, 9dc27687-2024-46ae-8b6e-c9027bfa400e:c3452, 9c9c57da-14dc-454a-b374-789aa5e765a9:c3452]
2019-09-16 23:35:09,882 [grpc-default-executor-1] INFO  client.GrpcClientProtocolClient (GrpcClientProtocolClient.java:onNext(264)) - client-C79DE3E06697->1d6da99a-ba9a-4d72-abd2-d0f1aa02f12f: receive RaftClientReply:client-C79DE3E06697->1d6da99a-ba9a-4d72-abd2-d0f1aa02f12f@group-B29EE812FB58, cid=2338, SUCCESS, logIndex=3456, commits[1d6da99a-ba9a-4d72-abd2-d0f1aa02f12f:c3456, 9dc27687-2024-46ae-8b6e-c9027bfa400e:c3452, 9c9c57da-14dc-454a-b374-789aa5e765a9:c3452]
2019-09-16 23:35:09,902 [grpc-default-executor-7] INFO  client.GrpcClientProtocolClient (GrpcClientProtocolClient.java:onNext(264)) - client-C79DE3E06697->1d6da99a-ba9a-4d72-abd2-d0f1aa02f12f: receive RaftClientReply:client-C79DE3E06697->1d6da99a-ba9a-4d72-abd2-d0f1aa02f12f@group-B29EE812FB58, cid=2339, SUCCESS, logIndex=3459, commits[1d6da99a-ba9a-4d72-abd2-d0f1aa02f12f:c3459, 9dc27687-2024-46ae-8b6e-c9027bfa400e:c3456, 9c9c57da-14dc-454a-b374-789aa5e765a9:c3456]
2019-09-16 23:35:09,903 [grpc-default-executor-7] INFO  client.GrpcClientProtocolClient (GrpcClientProtocolClient.java:onNext(264)) - client-C79DE3E06697->1d6da99a-ba9a-4d72-abd2-d0f1aa02f12f: receive RaftClientReply:client-C79DE3E06697->1d6da99a-ba9a-4d72-abd2-d0f1aa02f12f@group-B29EE812FB58, cid=2340, SUCCESS, logIndex=3460, commits[1d6da99a-ba9a-4d72-abd2-d0f1aa02f12f:c3460, 9dc27687-2024-46ae-8b6e-c9027bfa400e:c3456, 9c9c57da-14dc-454a-b374-789aa5e765a9:c3456]
2019-09-16 23:35:09,916 [grpc-default-executor-7] INFO  client.GrpcClientProtocolClient (GrpcClientProtocolClient.java:onNext(264)) - client-C79DE3E06697->1d6da99a-ba9a-4d72-abd2-d0f1aa02f12f: receive RaftClientReply:client-C79DE3E06697->1d6da99a-ba9a-4d72-abd2-d0f1aa02f12f@group-B29EE812FB58, cid=2341, SUCCESS, logIndex=0, commits[1d6da99a-ba9a-4d72-abd2-d0f1aa02f12f:c3462, 9dc27687-2024-46ae-8b6e-c9027bfa400e:c3460, 9c9c57da-14dc-454a-b374-789aa5e765a9:c3460]
2019-09-16 23:35:09,945 [grpc-default-executor-7] INFO  client.GrpcClientProtocolClient (GrpcClientProtocolClient.java:onNext(264)) - client-C79DE3E06697->1d6da99a-ba9a-4d72-abd2-d0f1aa02f12f: receive RaftClientReply:client-C79DE3E06697->1d6da99a-ba9a-4d72-abd2-d0f1aa02f12f@group-B29EE812FB58, cid=2342, SUCCESS, logIndex=3463, commits[1d6da99a-ba9a-4d72-abd2-d0f1aa02f12f:c3464, 9dc27687-2024-46ae-8b6e-c9027bfa400e:c3462, 9c9c57da-14dc-454a-b374-789aa5e765a9:c3462]
2019-09-16 23:35:09,945 [grpc-default-executor-7] INFO  client.GrpcClientProtocolClient (GrpcClientProtocolClient.java:onNext(264)) - client-C79DE3E06697->1d6da99a-ba9a-4d72-abd2-d0f1aa02f12f: receive RaftClientReply:client-C79DE3E06697->1d6da99a-ba9a-4d72-abd2-d0f1aa02f12f@group-B29EE812FB58, cid=2343, SUCCESS, logIndex=3464, commits[1d6da99a-ba9a-4d72-abd2-d0f1aa02f12f:c3464, 9dc27687-2024-46ae-8b6e-c9027bfa400e:c3462, 9c9c57da-14dc-454a-b374-789aa5e765a9:c3462]
2019-09-16 23:35:09,971 [grpc-default-executor-3] INFO  client.GrpcClientProtocolClient (GrpcClientProtocolClient.java:onNext(264)) - client-C79DE3E06697->1d6da99a-ba9a-4d72-abd2-d0f1aa02f12f: receive RaftClientReply:client-C79DE3E06697->1d6da99a-ba9a-4d72-abd2-d0f1aa02f12f@group-B29EE812FB58, cid=2344, SUCCESS, logIndex=3465, commits[1d6da99a-ba9a-4d72-abd2-d0f1aa02f12f:c3466, 9dc27687-2024-46ae-8b6e-c9027bfa400e:c3462, 9c9c57da-14dc-454a-b374-789aa5e765a9:c3462]
2019-09-16 23:35:09,972 [grpc-default-executor-3] INFO  client.GrpcClientProtocolClient (GrpcClientProtocolClient.java:onNext(264)) - client-C79DE3E06697->1d6da99a-ba9a-4d72-abd2-d0f1aa02f12f: receive RaftClientReply:client-C79DE3E06697->1d6da99a-ba9a-4d72-abd2-d0f1aa02f12f@group-B29EE812FB58, cid=2345, SUCCESS, logIndex=3466, commits[1d6da99a-ba9a-4d72-abd2-d0f1aa02f12f:c3468, 9dc27687-2024-46ae-8b6e-c9027bfa400e:c3464, 9c9c57da-14dc-454a-b374-789aa5e765a9:c3462]
2019-09-16 23:35:09,974 [grpc-default-executor-3] INFO  client.GrpcClientProtocolClient (GrpcClientProtocolClient.java:onNext(264)) - client-C79DE3E06697->1d6da99a-ba9a-4d72-abd2-d0f1aa02f12f: receive RaftClientReply:client-C79DE3E06697->1d6da99a-ba9a-4d72-abd2-d0f1aa02f12f@group-B29EE812FB58, cid=2346, SUCCESS, logIndex=0, commits[1d6da99a-ba9a-4d72-abd2-d0f1aa02f12f:c3468, 9dc27687-2024-46ae-8b6e-c9027bfa400e:c3464, 9c9c57da-14dc-454a-b374-789aa5e765a9:c3464]
2019-09-16 23:35:10,001 [grpc-default-executor-1] INFO  client.GrpcClientProtocolClient (GrpcClientProtocolClient.java:onNext(264)) - client-C79DE3E06697->1d6da99a-ba9a-4d72-abd2-d0f1aa02f12f: receive RaftClientReply:client-C79DE3E06697->1d6da99a-ba9a-4d72-abd2-d0f1aa02f12f@group-B29EE812FB58, cid=2347, SUCCESS, logIndex=3471, commits[1d6da99a-ba9a-4d72-abd2-d0f1aa02f12f:c3472, 9dc27687-2024-46ae-8b6e-c9027bfa400e:c3468, 9c9c57da-14dc-454a-b374-789aa5e765a9:c3468]
2019-09-16 23:35:10,001 [grpc-default-executor-1] INFO  client.GrpcClientProtocolClient (GrpcClientProtocolClient.java:onNext(264)) - client-C79DE3E06697->1d6da99a-ba9a-4d72-abd2-d0f1aa02f12f: receive RaftClientReply:client-C79DE3E06697->1d6da99a-ba9a-4d72-abd2-d0f1aa02f12f@group-B29EE812FB58, cid=2348, SUCCESS, logIndex=3472, commits[1d6da99a-ba9a-4d72-abd2-d0f1aa02f12f:c3472, 9dc27687-2024-46ae-8b6e-c9027bfa400e:c3468, 9c9c57da-14dc-454a-b374-789aa5e765a9:c3468]
2019-09-16 23:35:10,027 [grpc-default-executor-1] INFO  client.GrpcClientProtocolClient (GrpcClientProtocolClient.java:onNext(264)) - client-C79DE3E06697->1d6da99a-ba9a-4d72-abd2-d0f1aa02f12f: receive RaftClientReply:client-C79DE3E06697->1d6da99a-ba9a-4d72-abd2-d0f1aa02f12f@group-B29EE812FB58, cid=2349, SUCCESS, logIndex=3475, commits[1d6da99a-ba9a-4d72-abd2-d0f1aa02f12f:c3476, 9dc27687-2024-46ae-8b6e-c9027bfa400e:c3472, 9c9c57da-14dc-454a-b374-789aa5e765a9:c3472]
2019-09-16 23:35:10,028 [grpc-default-executor-1] INFO  client.GrpcClientProtocolClient (GrpcClientProtocolClient.java:onNext(264)) - client-C79DE3E06697->1d6da99a-ba9a-4d72-abd2-d0f1aa02f12f: receive RaftClientReply:client-C79DE3E06697->1d6da99a-ba9a-4d72-abd2-d0f1aa02f12f@group-B29EE812FB58, cid=2350, SUCCESS, logIndex=3476, commits[1d6da99a-ba9a-4d72-abd2-d0f1aa02f12f:c3476, 9dc27687-2024-46ae-8b6e-c9027bfa400e:c3472, 9c9c57da-14dc-454a-b374-789aa5e765a9:c3472]
2019-09-16 23:35:10,041 [grpc-default-executor-1] INFO  client.GrpcClientProtocolClient (GrpcClientProtocolClient.java:onNext(264)) - client-C79DE3E06697->1d6da99a-ba9a-4d72-abd2-d0f1aa02f12f: receive RaftClientReply:client-C79DE3E06697->1d6da99a-ba9a-4d72-abd2-d0f1aa02f12f@group-B29EE812FB58, cid=2351, SUCCESS, logIndex=0, commits[1d6da99a-ba9a-4d72-abd2-d0f1aa02f12f:c3477, 9dc27687-2024-46ae-8b6e-c9027bfa400e:c3476, 9c9c57da-14dc-454a-b374-789aa5e765a9:c3476]
2019-09-16 23:35:10,068 [grpc-default-executor-6] INFO  client.GrpcClientProtocolClient (GrpcClientProtocolClient.java:onNext(264)) - client-C79DE3E06697->1d6da99a-ba9a-4d72-abd2-d0f1aa02f12f: receive RaftClientReply:client-C79DE3E06697->1d6da99a-ba9a-4d72-abd2-d0f1aa02f12f@group-B29EE812FB58, cid=2352, SUCCESS, logIndex=3479, commits[1d6da99a-ba9a-4d72-abd2-d0f1aa02f12f:c3480, 9dc27687-2024-46ae-8b6e-c9027bfa400e:c3477, 9c9c57da-14dc-454a-b374-789aa5e765a9:c3477]
2019-09-16 23:35:10,068 [grpc-default-executor-6] INFO  client.GrpcClientProtocolClient (GrpcClientProtocolClient.java:onNext(264)) - client-C79DE3E06697->1d6da99a-ba9a-4d72-abd2-d0f1aa02f12f: receive RaftClientReply:client-C79DE3E06697->1d6da99a-ba9a-4d72-abd2-d0f1aa02f12f@group-B29EE812FB58, cid=2353, SUCCESS, logIndex=3480, commits[1d6da99a-ba9a-4d72-abd2-d0f1aa02f12f:c3480, 9dc27687-2024-46ae-8b6e-c9027bfa400e:c3478, 9c9c57da-14dc-454a-b374-789aa5e765a9:c3477]
2019-09-16 23:35:10,068 [grpc-default-executor-6] INFO  client.GrpcClientProtocolClient (GrpcClientProtocolClient.java:onNext(264)) - client-C79DE3E06697->1d6da99a-ba9a-4d72-abd2-d0f1aa02f12f: receive RaftClientReply:client-C79DE3E06697->1d6da99a-ba9a-4d72-abd2-d0f1aa02f12f@group-B29EE812FB58, cid=2354, SUCCESS, logIndex=3481, commits[1d6da99a-ba9a-4d72-abd2-d0f1aa02f12f:c3482, 9dc27687-2024-46ae-8b6e-c9027bfa400e:c3478, 9c9c57da-14dc-454a-b374-789aa5e765a9:c3477]
2019-09-16 23:35:10,069 [grpc-default-executor-6] INFO  client.GrpcClientProtocolClient (GrpcClientProtocolClient.java:onNext(264)) - client-C79DE3E06697->1d6da99a-ba9a-4d72-abd2-d0f1aa02f12f: receive RaftClientReply:client-C79DE3E06697->1d6da99a-ba9a-4d72-abd2-d0f1aa02f12f@group-B29EE812FB58, cid=2355, SUCCESS, logIndex=3482, commits[1d6da99a-ba9a-4d72-abd2-d0f1aa02f12f:c3482, 9dc27687-2024-46ae-8b6e-c9027bfa400e:c3478, 9c9c57da-14dc-454a-b374-789aa5e765a9:c3477]
2019-09-16 23:35:10,080 [grpc-default-executor-6] INFO  client.GrpcClientProtocolClient (GrpcClientProtocolClient.java:onNext(264)) - client-C79DE3E06697->1d6da99a-ba9a-4d72-abd2-d0f1aa02f12f: receive RaftClientReply:client-C79DE3E06697->1d6da99a-ba9a-4d72-abd2-d0f1aa02f12f@group-B29EE812FB58, cid=2356, SUCCESS, logIndex=0, commits[1d6da99a-ba9a-4d72-abd2-d0f1aa02f12f:c3484, 9dc27687-2024-46ae-8b6e-c9027bfa400e:c3480, 9c9c57da-14dc-454a-b374-789aa5e765a9:c3480]
2019-09-16 23:35:10,091 [grpc-default-executor-3] INFO  client.GrpcClientProtocolClient (GrpcClientProtocolClient.java:onNext(264)) - client-C79DE3E06697->1d6da99a-ba9a-4d72-abd2-d0f1aa02f12f: receive RaftClientReply:client-C79DE3E06697->1d6da99a-ba9a-4d72-abd2-d0f1aa02f12f@group-B29EE812FB58, cid=2357, SUCCESS, logIndex=3486, commits[1d6da99a-ba9a-4d72-abd2-d0f1aa02f12f:c3487, 9dc27687-2024-46ae-8b6e-c9027bfa400e:c3485, 9c9c57da-14dc-454a-b374-789aa5e765a9:c3482]
2019-09-16 23:35:10,091 [grpc-default-executor-3] INFO  client.GrpcClientProtocolClient (GrpcClientProtocolClient.java:onNext(264)) - client-C79DE3E06697->1d6da99a-ba9a-4d72-abd2-d0f1aa02f12f: receive RaftClientReply:client-C79DE3E06697->1d6da99a-ba9a-4d72-abd2-d0f1aa02f12f@group-B29EE812FB58, cid=2358, SUCCESS, logIndex=3487, commits[1d6da99a-ba9a-4d72-abd2-d0f1aa02f12f:c3487, 9dc27687-2024-46ae-8b6e-c9027bfa400e:c3485, 9c9c57da-14dc-454a-b374-789aa5e765a9:c3482]
2019-09-16 23:35:10,101 [grpc-default-executor-6] INFO  client.GrpcClientProtocolClient (GrpcClientProtocolClient.java:onNext(264)) - client-C79DE3E06697->1d6da99a-ba9a-4d72-abd2-d0f1aa02f12f: receive RaftClientReply:client-C79DE3E06697->1d6da99a-ba9a-4d72-abd2-d0f1aa02f12f@group-B29EE812FB58, cid=2359, SUCCESS, logIndex=3490, commits[1d6da99a-ba9a-4d72-abd2-d0f1aa02f12f:c3491, 9dc27687-2024-46ae-8b6e-c9027bfa400e:c3487, 9c9c57da-14dc-454a-b374-789aa5e765a9:c3489]
2019-09-16 23:35:10,101 [grpc-default-executor-6] INFO  client.GrpcClientProtocolClient (GrpcClientProtocolClient.java:onNext(264)) - client-C79DE3E06697->1d6da99a-ba9a-4d72-abd2-d0f1aa02f12f: receive RaftClientReply:client-C79DE3E06697->1d6da99a-ba9a-4d72-abd2-d0f1aa02f12f@group-B29EE812FB58, cid=2360, SUCCESS, logIndex=3491, commits[1d6da99a-ba9a-4d72-abd2-d0f1aa02f12f:c3491, 9dc27687-2024-46ae-8b6e-c9027bfa400e:c3489, 9c9c57da-14dc-454a-b374-789aa5e765a9:c3489]
2019-09-16 23:35:10,103 [grpc-default-executor-6] INFO  client.GrpcClientProtocolClient (GrpcClientProtocolClient.java:onNext(264)) - client-C79DE3E06697->1d6da99a-ba9a-4d72-abd2-d0f1aa02f12f: receive RaftClientReply:client-C79DE3E06697->1d6da99a-ba9a-4d72-abd2-d0f1aa02f12f@group-B29EE812FB58, cid=2361, SUCCESS, logIndex=0, commits[1d6da99a-ba9a-4d72-abd2-d0f1aa02f12f:c3492, 9dc27687-2024-46ae-8b6e-c9027bfa400e:c3491, 9c9c57da-14dc-454a-b374-789aa5e765a9:c3491]
2019-09-16 23:35:10,121 [grpc-default-executor-7] INFO  client.GrpcClientProtocolClient (GrpcClientProtocolClient.java:onNext(264)) - client-C79DE3E06697->1d6da99a-ba9a-4d72-abd2-d0f1aa02f12f: receive RaftClientReply:client-C79DE3E06697->1d6da99a-ba9a-4d72-abd2-d0f1aa02f12f@group-B29EE812FB58, cid=2362, SUCCESS, logIndex=3494, commits[1d6da99a-ba9a-4d72-abd2-d0f1aa02f12f:c3495, 9dc27687-2024-46ae-8b6e-c9027bfa400e:c3491, 9c9c57da-14dc-454a-b374-789aa5e765a9:c3493]
2019-09-16 23:35:10,122 [grpc-default-executor-1] INFO  client.GrpcClientProtocolClient (GrpcClientProtocolClient.java:onNext(264)) - client-C79DE3E06697->1d6da99a-ba9a-4d72-abd2-d0f1aa02f12f: receive RaftClientReply:client-C79DE3E06697->1d6da99a-ba9a-4d72-abd2-d0f1aa02f12f@group-B29EE812FB58, cid=2363, SUCCESS, logIndex=3495, commits[1d6da99a-ba9a-4d72-abd2-d0f1aa02f12f:c3495, 9dc27687-2024-46ae-8b6e-c9027bfa400e:c3491, 9c9c57da-14dc-454a-b374-789aa5e765a9:c3493]
2019-09-16 23:35:10,123 [grpc-default-executor-6] INFO  client.GrpcClientProtocolClient (GrpcClientProtocolClient.java:onNext(264)) - client-C79DE3E06697->1d6da99a-ba9a-4d72-abd2-d0f1aa02f12f: receive RaftClientReply:client-C79DE3E06697->1d6da99a-ba9a-4d72-abd2-d0f1aa02f12f@group-B29EE812FB58, cid=2364, SUCCESS, logIndex=3496, commits[1d6da99a-ba9a-4d72-abd2-d0f1aa02f12f:c3497, 9dc27687-2024-46ae-8b6e-c9027bfa400e:c3493, 9c9c57da-14dc-454a-b374-789aa5e765a9:c3493]
2019-09-16 23:35:10,123 [grpc-default-executor-6] INFO  client.GrpcClientProtocolClient (GrpcClientProtocolClient.java:onNext(264)) - client-C79DE3E06697->1d6da99a-ba9a-4d72-abd2-d0f1aa02f12f: receive RaftClientReply:client-C79DE3E06697->1d6da99a-ba9a-4d72-abd2-d0f1aa02f12f@group-B29EE812FB58, cid=2365, SUCCESS, logIndex=3497, commits[1d6da99a-ba9a-4d72-abd2-d0f1aa02f12f:c3499, 9dc27687-2024-46ae-8b6e-c9027bfa400e:c3493, 9c9c57da-14dc-454a-b374-789aa5e765a9:c3495]
2019-09-16 23:35:10,124 [grpc-default-executor-6] INFO  client.GrpcClientProtocolClient (GrpcClientProtocolClient.java:onNext(264)) - client-C79DE3E06697->1d6da99a-ba9a-4d72-abd2-d0f1aa02f12f: receive RaftClientReply:client-C79DE3E06697->1d6da99a-ba9a-4d72-abd2-d0f1aa02f12f@group-B29EE812FB58, cid=2366, SUCCESS, logIndex=0, commits[1d6da99a-ba9a-4d72-abd2-d0f1aa02f12f:c3499, 9dc27687-2024-46ae-8b6e-c9027bfa400e:c3495, 9c9c57da-14dc-454a-b374-789aa5e765a9:c3495]
2019-09-16 23:35:10,156 [grpc-default-executor-1] INFO  client.GrpcClientProtocolClient (GrpcClientProtocolClient.java:onNext(264)) - client-C79DE3E06697->1d6da99a-ba9a-4d72-abd2-d0f1aa02f12f: receive RaftClientReply:client-C79DE3E06697->1d6da99a-ba9a-4d72-abd2-d0f1aa02f12f@group-B29EE812FB58, cid=2367, SUCCESS, logIndex=3502, commits[1d6da99a-ba9a-4d72-abd2-d0f1aa02f12f:c3503, 9dc27687-2024-46ae-8b6e-c9027bfa400e:c3501, 9c9c57da-14dc-454a-b374-789aa5e765a9:c3501]
2019-09-16 23:35:10,157 [grpc-default-executor-1] INFO  client.GrpcClientProtocolClient (GrpcClientProtocolClient.java:onNext(264)) - client-C79DE3E06697->1d6da99a-ba9a-4d72-abd2-d0f1aa02f12f: receive RaftClientReply:client-C79DE3E06697->1d6da99a-ba9a-4d72-abd2-d0f1aa02f12f@group-B29EE812FB58, cid=2368, SUCCESS, logIndex=3503, commits[1d6da99a-ba9a-4d72-abd2-d0f1aa02f12f:c3503, 9dc27687-2024-46ae-8b6e-c9027bfa400e:c3501, 9c9c57da-14dc-454a-b374-789aa5e765a9:c3501]
2019-09-16 23:35:10,169 [grpc-default-executor-1] INFO  client.GrpcClientProtocolClient (GrpcClientProtocolClient.java:onNext(264)) - client-C79DE3E06697->1d6da99a-ba9a-4d72-abd2-d0f1aa02f12f: receive RaftClientReply:client-C79DE3E06697->1d6da99a-ba9a-4d72-abd2-d0f1aa02f12f@group-B29EE812FB58, cid=2369, SUCCESS, logIndex=3506, commits[1d6da99a-ba9a-4d72-abd2-d0f1aa02f12f:c3507, 9dc27687-2024-46ae-8b6e-c9027bfa400e:c3503, 9c9c57da-14dc-454a-b374-789aa5e765a9:c3503]
2019-09-16 23:35:10,170 [grpc-default-executor-1] INFO  client.GrpcClientProtocolClient (GrpcClientProtocolClient.java:onNext(264)) - client-C79DE3E06697->1d6da99a-ba9a-4d72-abd2-d0f1aa02f12f: receive RaftClientReply:client-C79DE3E06697->1d6da99a-ba9a-4d72-abd2-d0f1aa02f12f@group-B29EE812FB58, cid=2370, SUCCESS, logIndex=3507, commits[1d6da99a-ba9a-4d72-abd2-d0f1aa02f12f:c3507, 9dc27687-2024-46ae-8b6e-c9027bfa400e:c3503, 9c9c57da-14dc-454a-b374-789aa5e765a9:c3503]
2019-09-16 23:35:10,172 [grpc-default-executor-1] INFO  client.GrpcClientProtocolClient (GrpcClientProtocolClient.java:onNext(264)) - client-C79DE3E06697->1d6da99a-ba9a-4d72-abd2-d0f1aa02f12f: receive RaftClientReply:client-C79DE3E06697->1d6da99a-ba9a-4d72-abd2-d0f1aa02f12f@group-B29EE812FB58, cid=2371, SUCCESS, logIndex=0, commits[1d6da99a-ba9a-4d72-abd2-d0f1aa02f12f:c3509, 9dc27687-2024-46ae-8b6e-c9027bfa400e:c3507, 9c9c57da-14dc-454a-b374-789aa5e765a9:c3507]
2019-09-16 23:35:10,203 [grpc-default-executor-3] INFO  client.GrpcClientProtocolClient (GrpcClientProtocolClient.java:onNext(264)) - client-C79DE3E06697->1d6da99a-ba9a-4d72-abd2-d0f1aa02f12f: receive RaftClientReply:client-C79DE3E06697->1d6da99a-ba9a-4d72-abd2-d0f1aa02f12f@group-B29EE812FB58, cid=2372, SUCCESS, logIndex=3510, commits[1d6da99a-ba9a-4d72-abd2-d0f1aa02f12f:c3512, 9dc27687-2024-46ae-8b6e-c9027bfa400e:c3509, 9c9c57da-14dc-454a-b374-789aa5e765a9:c3509]
2019-09-16 23:35:10,204 [grpc-default-executor-3] INFO  client.GrpcClientProtocolClient (GrpcClientProtocolClient.java:onNext(264)) - client-C79DE3E06697->1d6da99a-ba9a-4d72-abd2-d0f1aa02f12f: receive RaftClientReply:client-C79DE3E06697->1d6da99a-ba9a-4d72-abd2-d0f1aa02f12f@group-B29EE812FB58, cid=2373, SUCCESS, logIndex=3511, commits[1d6da99a-ba9a-4d72-abd2-d0f1aa02f12f:c3513, 9dc27687-2024-46ae-8b6e-c9027bfa400e:c3509, 9c9c57da-14dc-454a-b374-789aa5e765a9:c3509]
2019-09-16 23:35:10,204 [grpc-default-executor-3] INFO  client.GrpcClientProtocolClient (GrpcClientProtocolClient.java:onNext(264)) - client-C79DE3E06697->1d6da99a-ba9a-4d72-abd2-d0f1aa02f12f: receive RaftClientReply:client-C79DE3E06697->1d6da99a-ba9a-4d72-abd2-d0f1aa02f12f@group-B29EE812FB58, cid=2374, SUCCESS, logIndex=3512, commits[1d6da99a-ba9a-4d72-abd2-d0f1aa02f12f:c3513, 9dc27687-2024-46ae-8b6e-c9027bfa400e:c3509, 9c9c57da-14dc-454a-b374-789aa5e765a9:c3509]
2019-09-16 23:35:10,204 [grpc-default-executor-3] INFO  client.GrpcClientProtocolClient (GrpcClientProtocolClient.java:onNext(264)) - client-C79DE3E06697->1d6da99a-ba9a-4d72-abd2-d0f1aa02f12f: receive RaftClientReply:client-C79DE3E06697->1d6da99a-ba9a-4d72-abd2-d0f1aa02f12f@group-B29EE812FB58, cid=2375, SUCCESS, logIndex=3513, commits[1d6da99a-ba9a-4d72-abd2-d0f1aa02f12f:c3513, 9dc27687-2024-46ae-8b6e-c9027bfa400e:c3509, 9c9c57da-14dc-454a-b374-789aa5e765a9:c3509]
2019-09-16 23:35:10,219 [grpc-default-executor-6] INFO  client.GrpcClientProtocolClient (GrpcClientProtocolClient.java:onNext(264)) - client-C79DE3E06697->1d6da99a-ba9a-4d72-abd2-d0f1aa02f12f: receive RaftClientReply:client-C79DE3E06697->1d6da99a-ba9a-4d72-abd2-d0f1aa02f12f@group-B29EE812FB58, cid=2376, SUCCESS, logIndex=0, commits[1d6da99a-ba9a-4d72-abd2-d0f1aa02f12f:c3517, 9dc27687-2024-46ae-8b6e-c9027bfa400e:c3512, 9c9c57da-14dc-454a-b374-789aa5e765a9:c3513]
2019-09-16 23:35:10,241 [grpc-default-executor-3] INFO  client.GrpcClientProtocolClient (GrpcClientProtocolClient.java:onNext(264)) - client-C79DE3E06697->1d6da99a-ba9a-4d72-abd2-d0f1aa02f12f: receive RaftClientReply:client-C79DE3E06697->1d6da99a-ba9a-4d72-abd2-d0f1aa02f12f@group-B29EE812FB58, cid=2377, SUCCESS, logIndex=3518, commits[1d6da99a-ba9a-4d72-abd2-d0f1aa02f12f:c3519, 9dc27687-2024-46ae-8b6e-c9027bfa400e:c3517, 9c9c57da-14dc-454a-b374-789aa5e765a9:c3517]
2019-09-16 23:35:10,242 [grpc-default-executor-3] INFO  client.GrpcClientProtocolClient (GrpcClientProtocolClient.java:onNext(264)) - client-C79DE3E06697->1d6da99a-ba9a-4d72-abd2-d0f1aa02f12f: receive RaftClientReply:client-C79DE3E06697->1d6da99a-ba9a-4d72-abd2-d0f1aa02f12f@group-B29EE812FB58, cid=2378, SUCCESS, logIndex=3519, commits[1d6da99a-ba9a-4d72-abd2-d0f1aa02f12f:c3519, 9dc27687-2024-46ae-8b6e-c9027bfa400e:c3517, 9c9c57da-14dc-454a-b374-789aa5e765a9:c3517]
2019-09-16 23:35:10,267 [grpc-default-executor-6] INFO  client.GrpcClientProtocolClient (GrpcClientProtocolClient.java:onNext(264)) - client-C79DE3E06697->1d6da99a-ba9a-4d72-abd2-d0f1aa02f12f: receive RaftClientReply:client-C79DE3E06697->1d6da99a-ba9a-4d72-abd2-d0f1aa02f12f@group-B29EE812FB58, cid=2379, SUCCESS, logIndex=3522, commits[1d6da99a-ba9a-4d72-abd2-d0f1aa02f12f:c3523, 9dc27687-2024-46ae-8b6e-c9027bfa400e:c3519, 9c9c57da-14dc-454a-b374-789aa5e765a9:c3519]
2019-09-16 23:35:10,267 [grpc-default-executor-6] INFO  client.GrpcClientProtocolClient (GrpcClientProtocolClient.java:onNext(264)) - client-C79DE3E06697->1d6da99a-ba9a-4d72-abd2-d0f1aa02f12f: receive RaftClientReply:client-C79DE3E06697->1d6da99a-ba9a-4d72-abd2-d0f1aa02f12f@group-B29EE812FB58, cid=2380, SUCCESS, logIndex=3523, commits[1d6da99a-ba9a-4d72-abd2-d0f1aa02f12f:c3523, 9dc27687-2024-46ae-8b6e-c9027bfa400e:c3519, 9c9c57da-14dc-454a-b374-789aa5e765a9:c3519]
2019-09-16 23:35:10,292 [grpc-default-executor-6] INFO  client.GrpcClientProtocolClient (GrpcClientProtocolClient.java:onNext(264)) - client-C79DE3E06697->1d6da99a-ba9a-4d72-abd2-d0f1aa02f12f: receive RaftClientReply:client-C79DE3E06697->1d6da99a-ba9a-4d72-abd2-d0f1aa02f12f@group-B29EE812FB58, cid=2381, SUCCESS, logIndex=0, commits[1d6da99a-ba9a-4d72-abd2-d0f1aa02f12f:c3525, 9dc27687-2024-46ae-8b6e-c9027bfa400e:c3523, 9c9c57da-14dc-454a-b374-789aa5e765a9:c3523]
2019-09-16 23:35:10,322 [grpc-default-executor-1] INFO  client.GrpcClientProtocolClient (GrpcClientProtocolClient.java:onNext(264)) - client-C79DE3E06697->1d6da99a-ba9a-4d72-abd2-d0f1aa02f12f: receive RaftClientReply:client-C79DE3E06697->1d6da99a-ba9a-4d72-abd2-d0f1aa02f12f@group-B29EE812FB58, cid=2382, SUCCESS, logIndex=3526, commits[1d6da99a-ba9a-4d72-abd2-d0f1aa02f12f:c3529, 9dc27687-2024-46ae-8b6e-c9027bfa400e:c3525, 9c9c57da-14dc-454a-b374-789aa5e765a9:c3525]
2019-09-16 23:35:10,323 [grpc-default-executor-1] INFO  client.GrpcClientProtocolClient (GrpcClientProtocolClient.java:onNext(264)) - client-C79DE3E06697->1d6da99a-ba9a-4d72-abd2-d0f1aa02f12f: receive RaftClientReply:client-C79DE3E06697->1d6da99a-ba9a-4d72-abd2-d0f1aa02f12f@group-B29EE812FB58, cid=2383, SUCCESS, logIndex=3527, commits[1d6da99a-ba9a-4d72-abd2-d0f1aa02f12f:c3529, 9dc27687-2024-46ae-8b6e-c9027bfa400e:c3525, 9c9c57da-14dc-454a-b374-789aa5e765a9:c3525]
2019-09-16 23:35:10,323 [grpc-default-executor-1] INFO  client.GrpcClientProtocolClient (GrpcClientProtocolClient.java:onNext(264)) - client-C79DE3E06697->1d6da99a-ba9a-4d72-abd2-d0f1aa02f12f: receive RaftClientReply:client-C79DE3E06697->1d6da99a-ba9a-4d72-abd2-d0f1aa02f12f@group-B29EE812FB58, cid=2384, SUCCESS, logIndex=3528, commits[1d6da99a-ba9a-4d72-abd2-d0f1aa02f12f:c3529, 9dc27687-2024-46ae-8b6e-c9027bfa400e:c3525, 9c9c57da-14dc-454a-b374-789aa5e765a9:c3525]
2019-09-16 23:35:10,323 [grpc-default-executor-1] INFO  client.GrpcClientProtocolClient (GrpcClientProtocolClient.java:onNext(264)) - client-C79DE3E06697->1d6da99a-ba9a-4d72-abd2-d0f1aa02f12f: receive RaftClientReply:client-C79DE3E06697->1d6da99a-ba9a-4d72-abd2-d0f1aa02f12f@group-B29EE812FB58, cid=2385, SUCCESS, logIndex=3529, commits[1d6da99a-ba9a-4d72-abd2-d0f1aa02f12f:c3529, 9dc27687-2024-46ae-8b6e-c9027bfa400e:c3525, 9c9c57da-14dc-454a-b374-789aa5e765a9:c3525]
2019-09-16 23:35:10,364 [grpc-default-executor-1] INFO  client.GrpcClientProtocolClient (GrpcClientProtocolClient.java:onNext(264)) - client-C79DE3E06697->1d6da99a-ba9a-4d72-abd2-d0f1aa02f12f: receive RaftClientReply:client-C79DE3E06697->1d6da99a-ba9a-4d72-abd2-d0f1aa02f12f@group-B29EE812FB58, cid=2386, SUCCESS, logIndex=0, commits[1d6da99a-ba9a-4d72-abd2-d0f1aa02f12f:c3533, 9dc27687-2024-46ae-8b6e-c9027bfa400e:c3529, 9c9c57da-14dc-454a-b374-789aa5e765a9:c3527]
2019-09-16 23:35:10,387 [grpc-default-executor-1] INFO  client.GrpcClientProtocolClient (GrpcClientProtocolClient.java:onNext(264)) - client-C79DE3E06697->1d6da99a-ba9a-4d72-abd2-d0f1aa02f12f: receive RaftClientReply:client-C79DE3E06697->1d6da99a-ba9a-4d72-abd2-d0f1aa02f12f@group-B29EE812FB58, cid=2387, SUCCESS, logIndex=3534, commits[1d6da99a-ba9a-4d72-abd2-d0f1aa02f12f:c3535, 9dc27687-2024-46ae-8b6e-c9027bfa400e:c3533, 9c9c57da-14dc-454a-b374-789aa5e765a9:c3533]
2019-09-16 23:35:10,388 [grpc-default-executor-1] INFO  client.GrpcClientProtocolClient (GrpcClientProtocolClient.java:onNext(264)) - client-C79DE3E06697->1d6da99a-ba9a-4d72-abd2-d0f1aa02f12f: receive RaftClientReply:client-C79DE3E06697->1d6da99a-ba9a-4d72-abd2-d0f1aa02f12f@group-B29EE812FB58, cid=2388, SUCCESS, logIndex=3535, commits[1d6da99a-ba9a-4d72-abd2-d0f1aa02f12f:c3535, 9dc27687-2024-46ae-8b6e-c9027bfa400e:c3533, 9c9c57da-14dc-454a-b374-789aa5e765a9:c3533]
2019-09-16 23:35:10,402 [grpc-default-executor-7] INFO  client.GrpcClientProtocolClient (GrpcClientProtocolClient.java:onNext(264)) - client-C79DE3E06697->1d6da99a-ba9a-4d72-abd2-d0f1aa02f12f: receive RaftClientReply:client-C79DE3E06697->1d6da99a-ba9a-4d72-abd2-d0f1aa02f12f@group-B29EE812FB58, cid=2389, SUCCESS, logIndex=3538, commits[1d6da99a-ba9a-4d72-abd2-d0f1aa02f12f:c3539, 9dc27687-2024-46ae-8b6e-c9027bfa400e:c3534, 9c9c57da-14dc-454a-b374-789aa5e765a9:c3535]
2019-09-16 23:35:10,403 [grpc-default-executor-7] INFO  client.GrpcClientProtocolClient (GrpcClientProtocolClient.java:onNext(264)) - client-C79DE3E06697->1d6da99a-ba9a-4d72-abd2-d0f1aa02f12f: receive RaftClientReply:client-C79DE3E06697->1d6da99a-ba9a-4d72-abd2-d0f1aa02f12f@group-B29EE812FB58, cid=2390, SUCCESS, logIndex=3539, commits[1d6da99a-ba9a-4d72-abd2-d0f1aa02f12f:c3539, 9dc27687-2024-46ae-8b6e-c9027bfa400e:c3535, 9c9c57da-14dc-454a-b374-789aa5e765a9:c3535]
2019-09-16 23:35:10,416 [grpc-default-executor-7] INFO  client.GrpcClientProtocolClient (GrpcClientProtocolClient.java:onNext(264)) - client-C79DE3E06697->1d6da99a-ba9a-4d72-abd2-d0f1aa02f12f: receive RaftClientReply:client-C79DE3E06697->1d6da99a-ba9a-4d72-abd2-d0f1aa02f12f@group-B29EE812FB58, cid=2391, SUCCESS, logIndex=0, commits[1d6da99a-ba9a-4d72-abd2-d0f1aa02f12f:c3541, 9dc27687-2024-46ae-8b6e-c9027bfa400e:c3539, 9c9c57da-14dc-454a-b374-789aa5e765a9:c3539]
2019-09-16 23:35:10,445 [grpc-default-executor-1] INFO  client.GrpcClientProtocolClient (GrpcClientProtocolClient.java:onNext(264)) - client-C79DE3E06697->1d6da99a-ba9a-4d72-abd2-d0f1aa02f12f: receive RaftClientReply:client-C79DE3E06697->1d6da99a-ba9a-4d72-abd2-d0f1aa02f12f@group-B29EE812FB58, cid=2392, SUCCESS, logIndex=3542, commits[1d6da99a-ba9a-4d72-abd2-d0f1aa02f12f:c3543, 9dc27687-2024-46ae-8b6e-c9027bfa400e:c3541, 9c9c57da-14dc-454a-b374-789aa5e765a9:c3541]
2019-09-16 23:35:10,446 [grpc-default-executor-1] INFO  client.GrpcClientProtocolClient (GrpcClientProtocolClient.java:onNext(264)) - client-C79DE3E06697->1d6da99a-ba9a-4d72-abd2-d0f1aa02f12f: receive RaftClientReply:client-C79DE3E06697->1d6da99a-ba9a-4d72-abd2-d0f1aa02f12f@group-B29EE812FB58, cid=2393, SUCCESS, logIndex=3543, commits[1d6da99a-ba9a-4d72-abd2-d0f1aa02f12f:c3543, 9dc27687-2024-46ae-8b6e-c9027bfa400e:c3541, 9c9c57da-14dc-454a-b374-789aa5e765a9:c3541]
2019-09-16 23:35:10,455 [grpc-default-executor-1] INFO  client.GrpcClientProtocolClient (GrpcClientProtocolClient.java:onNext(264)) - client-C79DE3E06697->1d6da99a-ba9a-4d72-abd2-d0f1aa02f12f: receive RaftClientReply:client-C79DE3E06697->1d6da99a-ba9a-4d72-abd2-d0f1aa02f12f@group-B29EE812FB58, cid=2394, SUCCESS, logIndex=3544, commits[1d6da99a-ba9a-4d72-abd2-d0f1aa02f12f:c3545, 9dc27687-2024-46ae-8b6e-c9027bfa400e:c3541, 9c9c57da-14dc-454a-b374-789aa5e765a9:c3541]
2019-09-16 23:35:10,456 [grpc-default-executor-1] INFO  client.GrpcClientProtocolClient (GrpcClientProtocolClient.java:onNext(264)) - client-C79DE3E06697->1d6da99a-ba9a-4d72-abd2-d0f1aa02f12f: receive RaftClientReply:client-C79DE3E06697->1d6da99a-ba9a-4d72-abd2-d0f1aa02f12f@group-B29EE812FB58, cid=2395, SUCCESS, logIndex=3545, commits[1d6da99a-ba9a-4d72-abd2-d0f1aa02f12f:c3545, 9dc27687-2024-46ae-8b6e-c9027bfa400e:c3541, 9c9c57da-14dc-454a-b374-789aa5e765a9:c3541]
2019-09-16 23:35:10,457 [grpc-default-executor-1] INFO  client.GrpcClientProtocolClient (GrpcClientProtocolClient.java:onNext(264)) - client-C79DE3E06697->1d6da99a-ba9a-4d72-abd2-d0f1aa02f12f: receive RaftClientReply:client-C79DE3E06697->1d6da99a-ba9a-4d72-abd2-d0f1aa02f12f@group-B29EE812FB58, cid=2396, SUCCESS, logIndex=0, commits[1d6da99a-ba9a-4d72-abd2-d0f1aa02f12f:c3547, 9dc27687-2024-46ae-8b6e-c9027bfa400e:c3543, 9c9c57da-14dc-454a-b374-789aa5e765a9:c3543]
2019-09-16 23:35:10,479 [grpc-default-executor-1] INFO  client.GrpcClientProtocolClient (GrpcClientProtocolClient.java:onNext(264)) - client-C79DE3E06697->1d6da99a-ba9a-4d72-abd2-d0f1aa02f12f: receive RaftClientReply:client-C79DE3E06697->1d6da99a-ba9a-4d72-abd2-d0f1aa02f12f@group-B29EE812FB58, cid=2397, SUCCESS, logIndex=3550, commits[1d6da99a-ba9a-4d72-abd2-d0f1aa02f12f:c3551, 9dc27687-2024-46ae-8b6e-c9027bfa400e:c3549, 9c9c57da-14dc-454a-b374-789aa5e765a9:c3549]
2019-09-16 23:35:10,479 [grpc-default-executor-1] INFO  client.GrpcClientProtocolClient (GrpcClientProtocolClient.java:onNext(264)) - client-C79DE3E06697->1d6da99a-ba9a-4d72-abd2-d0f1aa02f12f: receive RaftClientReply:client-C79DE3E06697->1d6da99a-ba9a-4d72-abd2-d0f1aa02f12f@group-B29EE812FB58, cid=2398, SUCCESS, logIndex=3551, commits[1d6da99a-ba9a-4d72-abd2-d0f1aa02f12f:c3551, 9dc27687-2024-46ae-8b6e-c9027bfa400e:c3549, 9c9c57da-14dc-454a-b374-789aa5e765a9:c3549]
2019-09-16 23:35:10,506 [grpc-default-executor-3] INFO  client.GrpcClientProtocolClient (GrpcClientProtocolClient.java:onNext(264)) - client-C79DE3E06697->1d6da99a-ba9a-4d72-abd2-d0f1aa02f12f: receive RaftClientReply:client-C79DE3E06697->1d6da99a-ba9a-4d72-abd2-d0f1aa02f12f@group-B29EE812FB58, cid=2399, SUCCESS, logIndex=3554, commits[1d6da99a-ba9a-4d72-abd2-d0f1aa02f12f:c3554, 9dc27687-2024-46ae-8b6e-c9027bfa400e:c3551, 9c9c57da-14dc-454a-b374-789aa5e765a9:c3551]
2019-09-16 23:35:10,506 [grpc-default-executor-3] INFO  client.GrpcClientProtocolClient (GrpcClientProtocolClient.java:onNext(264)) - client-C79DE3E06697->1d6da99a-ba9a-4d72-abd2-d0f1aa02f12f: receive RaftClientReply:client-C79DE3E06697->1d6da99a-ba9a-4d72-abd2-d0f1aa02f12f@group-B29EE812FB58, cid=2400, SUCCESS, logIndex=3555, commits[1d6da99a-ba9a-4d72-abd2-d0f1aa02f12f:c3555, 9dc27687-2024-46ae-8b6e-c9027bfa400e:c3551, 9c9c57da-14dc-454a-b374-789aa5e765a9:c3551]
2019-09-16 23:35:10,532 [grpc-default-executor-1] INFO  client.GrpcClientProtocolClient (GrpcClientProtocolClient.java:onNext(264)) - client-C79DE3E06697->1d6da99a-ba9a-4d72-abd2-d0f1aa02f12f: receive RaftClientReply:client-C79DE3E06697->1d6da99a-ba9a-4d72-abd2-d0f1aa02f12f@group-B29EE812FB58, cid=2401, SUCCESS, logIndex=0, commits[1d6da99a-ba9a-4d72-abd2-d0f1aa02f12f:c3557, 9dc27687-2024-46ae-8b6e-c9027bfa400e:c3555, 9c9c57da-14dc-454a-b374-789aa5e765a9:c3555]
2019-09-16 23:35:10,560 [grpc-default-executor-1] INFO  client.GrpcClientProtocolClient (GrpcClientProtocolClient.java:onNext(264)) - client-C79DE3E06697->1d6da99a-ba9a-4d72-abd2-d0f1aa02f12f: receive RaftClientReply:client-C79DE3E06697->1d6da99a-ba9a-4d72-abd2-d0f1aa02f12f@group-B29EE812FB58, cid=2402, SUCCESS, logIndex=3558, commits[1d6da99a-ba9a-4d72-abd2-d0f1aa02f12f:c3559, 9dc27687-2024-46ae-8b6e-c9027bfa400e:c3557, 9c9c57da-14dc-454a-b374-789aa5e765a9:c3557]
2019-09-16 23:35:10,560 [grpc-default-executor-1] INFO  client.GrpcClientProtocolClient (GrpcClientProtocolClient.java:onNext(264)) - client-C79DE3E06697->1d6da99a-ba9a-4d72-abd2-d0f1aa02f12f: receive RaftClientReply:client-C79DE3E06697->1d6da99a-ba9a-4d72-abd2-d0f1aa02f12f@group-B29EE812FB58, cid=2403, SUCCESS, logIndex=3559, commits[1d6da99a-ba9a-4d72-abd2-d0f1aa02f12f:c3559, 9dc27687-2024-46ae-8b6e-c9027bfa400e:c3557, 9c9c57da-14dc-454a-b374-789aa5e765a9:c3557]
 0.00% |█                                                                                                    |  0/1 Time: 0:00:282019-09-16 23:35:10,570 [grpc-default-executor-6] INFO  client.GrpcClientProtocolClient (GrpcClientProtocolClient.java:onNext(264)) - client-C79DE3E06697->1d6da99a-ba9a-4d72-abd2-d0f1aa02f12f: receive RaftClientReply:client-C79DE3E06697->1d6da99a-ba9a-4d72-abd2-d0f1aa02f12f@group-B29EE812FB58, cid=2404, SUCCESS, logIndex=3560, commits[1d6da99a-ba9a-4d72-abd2-d0f1aa02f12f:c3561, 9dc27687-2024-46ae-8b6e-c9027bfa400e:c3557, 9c9c57da-14dc-454a-b374-789aa5e765a9:c3557]
2019-09-16 23:35:10,570 [grpc-default-executor-6] INFO  client.GrpcClientProtocolClient (GrpcClientProtocolClient.java:onNext(264)) - client-C79DE3E06697->1d6da99a-ba9a-4d72-abd2-d0f1aa02f12f: receive RaftClientReply:client-C79DE3E06697->1d6da99a-ba9a-4d72-abd2-d0f1aa02f12f@group-B29EE812FB58, cid=2405, SUCCESS, logIndex=3561, commits[1d6da99a-ba9a-4d72-abd2-d0f1aa02f12f:c3561, 9dc27687-2024-46ae-8b6e-c9027bfa400e:c3557, 9c9c57da-14dc-454a-b374-789aa5e765a9:c3557]
2019-09-16 23:35:10,585 [grpc-default-executor-1] INFO  client.GrpcClientProtocolClient (GrpcClientProtocolClient.java:onNext(264)) - client-C79DE3E06697->1d6da99a-ba9a-4d72-abd2-d0f1aa02f12f: receive RaftClientReply:client-C79DE3E06697->1d6da99a-ba9a-4d72-abd2-d0f1aa02f12f@group-B29EE812FB58, cid=2406, SUCCESS, logIndex=0, commits[1d6da99a-ba9a-4d72-abd2-d0f1aa02f12f:c3563, 9dc27687-2024-46ae-8b6e-c9027bfa400e:c3559, 9c9c57da-14dc-454a-b374-789aa5e765a9:c3559]
2019-09-16 23:35:10,594 [grpc-default-executor-1] INFO  client.GrpcClientProtocolClient (GrpcClientProtocolClient.java:onNext(264)) - client-C79DE3E06697->1d6da99a-ba9a-4d72-abd2-d0f1aa02f12f: receive RaftClientReply:client-C79DE3E06697->1d6da99a-ba9a-4d72-abd2-d0f1aa02f12f@group-B29EE812FB58, cid=2407, SUCCESS, logIndex=3565, commits[1d6da99a-ba9a-4d72-abd2-d0f1aa02f12f:c3566, 9dc27687-2024-46ae-8b6e-c9027bfa400e:c3564, 9c9c57da-14dc-454a-b374-789aa5e765a9:c3561]
2019-09-16 23:35:10,594 [grpc-default-executor-1] INFO  client.GrpcClientProtocolClient (GrpcClientProtocolClient.java:onNext(264)) - client-C79DE3E06697->1d6da99a-ba9a-4d72-abd2-d0f1aa02f12f: receive RaftClientReply:client-C79DE3E06697->1d6da99a-ba9a-4d72-abd2-d0f1aa02f12f@group-B29EE812FB58, cid=2408, SUCCESS, logIndex=3566, commits[1d6da99a-ba9a-4d72-abd2-d0f1aa02f12f:c3566, 9dc27687-2024-46ae-8b6e-c9027bfa400e:c3564, 9c9c57da-14dc-454a-b374-789aa5e765a9:c3564]
2019-09-16 23:35:10,604 [grpc-default-executor-1] INFO  client.GrpcClientProtocolClient (GrpcClientProtocolClient.java:onNext(264)) - client-C79DE3E06697->1d6da99a-ba9a-4d72-abd2-d0f1aa02f12f: receive RaftClientReply:client-C79DE3E06697->1d6da99a-ba9a-4d72-abd2-d0f1aa02f12f@group-B29EE812FB58, cid=2409, SUCCESS, logIndex=3569, commits[1d6da99a-ba9a-4d72-abd2-d0f1aa02f12f:c3570, 9dc27687-2024-46ae-8b6e-c9027bfa400e:c3566, 9c9c57da-14dc-454a-b374-789aa5e765a9:c3567]
2019-09-16 23:35:10,605 [grpc-default-executor-1] INFO  client.GrpcClientProtocolClient (GrpcClientProtocolClient.java:onNext(264)) - client-C79DE3E06697->1d6da99a-ba9a-4d72-abd2-d0f1aa02f12f: receive RaftClientReply:client-C79DE3E06697->1d6da99a-ba9a-4d72-abd2-d0f1aa02f12f@group-B29EE812FB58, cid=2410, SUCCESS, logIndex=3570, commits[1d6da99a-ba9a-4d72-abd2-d0f1aa02f12f:c3570, 9dc27687-2024-46ae-8b6e-c9027bfa400e:c3567, 9c9c57da-14dc-454a-b374-789aa5e765a9:c3567]
2019-09-16 23:35:10,605 [grpc-default-executor-3] INFO  client.GrpcClientProtocolClient (GrpcClientProtocolClient.java:onNext(264)) - client-C79DE3E06697->1d6da99a-ba9a-4d72-abd2-d0f1aa02f12f: receive RaftClientReply:client-C79DE3E06697->1d6da99a-ba9a-4d72-abd2-d0f1aa02f12f@group-B29EE812FB58, cid=2411, SUCCESS, logIndex=0, commits[1d6da99a-ba9a-4d72-abd2-d0f1aa02f12f:c3571, 9dc27687-2024-46ae-8b6e-c9027bfa400e:c3570, 9c9c57da-14dc-454a-b374-789aa5e765a9:c3570]
2019-09-16 23:35:10,630 [grpc-default-executor-7] INFO  client.GrpcClientProtocolClient (GrpcClientProtocolClient.java:onNext(264)) - client-C79DE3E06697->1d6da99a-ba9a-4d72-abd2-d0f1aa02f12f: receive RaftClientReply:client-C79DE3E06697->1d6da99a-ba9a-4d72-abd2-d0f1aa02f12f@group-B29EE812FB58, cid=2412, SUCCESS, logIndex=3573, commits[1d6da99a-ba9a-4d72-abd2-d0f1aa02f12f:c3575, 9dc27687-2024-46ae-8b6e-c9027bfa400e:c3572, 9c9c57da-14dc-454a-b374-789aa5e765a9:c3572]
2019-09-16 23:35:10,630 [grpc-default-executor-7] INFO  client.GrpcClientProtocolClient (GrpcClientProtocolClient.java:onNext(264)) - client-C79DE3E06697->1d6da99a-ba9a-4d72-abd2-d0f1aa02f12f: receive RaftClientReply:client-C79DE3E06697->1d6da99a-ba9a-4d72-abd2-d0f1aa02f12f@group-B29EE812FB58, cid=2413, SUCCESS, logIndex=3574, commits[1d6da99a-ba9a-4d72-abd2-d0f1aa02f12f:c3576, 9dc27687-2024-46ae-8b6e-c9027bfa400e:c3572, 9c9c57da-14dc-454a-b374-789aa5e765a9:c3572]
2019-09-16 23:35:10,630 [grpc-default-executor-7] INFO  client.GrpcClientProtocolClient (GrpcClientProtocolClient.java:onNext(264)) - client-C79DE3E06697->1d6da99a-ba9a-4d72-abd2-d0f1aa02f12f: receive RaftClientReply:client-C79DE3E06697->1d6da99a-ba9a-4d72-abd2-d0f1aa02f12f@group-B29EE812FB58, cid=2414, SUCCESS, logIndex=3575, commits[1d6da99a-ba9a-4d72-abd2-d0f1aa02f12f:c3576, 9dc27687-2024-46ae-8b6e-c9027bfa400e:c3572, 9c9c57da-14dc-454a-b374-789aa5e765a9:c3572]
2019-09-16 23:35:10,630 [grpc-default-executor-7] INFO  client.GrpcClientProtocolClient (GrpcClientProtocolClient.java:onNext(264)) - client-C79DE3E06697->1d6da99a-ba9a-4d72-abd2-d0f1aa02f12f: receive RaftClientReply:client-C79DE3E06697->1d6da99a-ba9a-4d72-abd2-d0f1aa02f12f@group-B29EE812FB58, cid=2415, SUCCESS, logIndex=3576, commits[1d6da99a-ba9a-4d72-abd2-d0f1aa02f12f:c3576, 9dc27687-2024-46ae-8b6e-c9027bfa400e:c3572, 9c9c57da-14dc-454a-b374-789aa5e765a9:c3572]
2019-09-16 23:35:10,633 [grpc-default-executor-3] INFO  client.GrpcClientProtocolClient (GrpcClientProtocolClient.java:onNext(264)) - client-C79DE3E06697->1d6da99a-ba9a-4d72-abd2-d0f1aa02f12f: receive RaftClientReply:client-C79DE3E06697->1d6da99a-ba9a-4d72-abd2-d0f1aa02f12f@group-B29EE812FB58, cid=2416, SUCCESS, logIndex=0, commits[1d6da99a-ba9a-4d72-abd2-d0f1aa02f12f:c3576, 9dc27687-2024-46ae-8b6e-c9027bfa400e:c3574, 9c9c57da-14dc-454a-b374-789aa5e765a9:c3574]
2019-09-16 23:35:10,660 [grpc-default-executor-7] INFO  client.GrpcClientProtocolClient (GrpcClientProtocolClient.java:onNext(264)) - client-C79DE3E06697->1d6da99a-ba9a-4d72-abd2-d0f1aa02f12f: receive RaftClientReply:client-C79DE3E06697->1d6da99a-ba9a-4d72-abd2-d0f1aa02f12f@group-B29EE812FB58, cid=2417, SUCCESS, logIndex=3581, commits[1d6da99a-ba9a-4d72-abd2-d0f1aa02f12f:c3582, 9dc27687-2024-46ae-8b6e-c9027bfa400e:c3580, 9c9c57da-14dc-454a-b374-789aa5e765a9:c3580]
2019-09-16 23:35:10,660 [grpc-default-executor-7] INFO  client.GrpcClientProtocolClient (GrpcClientProtocolClient.java:onNext(264)) - client-C79DE3E06697->1d6da99a-ba9a-4d72-abd2-d0f1aa02f12f: receive RaftClientReply:client-C79DE3E06697->1d6da99a-ba9a-4d72-abd2-d0f1aa02f12f@group-B29EE812FB58, cid=2418, SUCCESS, logIndex=3582, commits[1d6da99a-ba9a-4d72-abd2-d0f1aa02f12f:c3582, 9dc27687-2024-46ae-8b6e-c9027bfa400e:c3580, 9c9c57da-14dc-454a-b374-789aa5e765a9:c3580]
2019-09-16 23:35:10,673 [grpc-default-executor-3] INFO  client.GrpcClientProtocolClient (GrpcClientProtocolClient.java:onNext(264)) - client-C79DE3E06697->1d6da99a-ba9a-4d72-abd2-d0f1aa02f12f: receive RaftClientReply:client-C79DE3E06697->1d6da99a-ba9a-4d72-abd2-d0f1aa02f12f@group-B29EE812FB58, cid=2419, SUCCESS, logIndex=3585, commits[1d6da99a-ba9a-4d72-abd2-d0f1aa02f12f:c3586, 9dc27687-2024-46ae-8b6e-c9027bfa400e:c3582, 9c9c57da-14dc-454a-b374-789aa5e765a9:c3582]
2019-09-16 23:35:10,673 [grpc-default-executor-3] INFO  client.GrpcClientProtocolClient (GrpcClientProtocolClient.java:onNext(264)) - client-C79DE3E06697->1d6da99a-ba9a-4d72-abd2-d0f1aa02f12f: receive RaftClientReply:client-C79DE3E06697->1d6da99a-ba9a-4d72-abd2-d0f1aa02f12f@group-B29EE812FB58, cid=2420, SUCCESS, logIndex=3586, commits[1d6da99a-ba9a-4d72-abd2-d0f1aa02f12f:c3586, 9dc27687-2024-46ae-8b6e-c9027bfa400e:c3582, 9c9c57da-14dc-454a-b374-789aa5e765a9:c3582]
2019-09-16 23:35:10,686 [grpc-default-executor-3] INFO  client.GrpcClientProtocolClient (GrpcClientProtocolClient.java:onNext(264)) - client-C79DE3E06697->1d6da99a-ba9a-4d72-abd2-d0f1aa02f12f: receive RaftClientReply:client-C79DE3E06697->1d6da99a-ba9a-4d72-abd2-d0f1aa02f12f@group-B29EE812FB58, cid=2421, SUCCESS, logIndex=0, commits[1d6da99a-ba9a-4d72-abd2-d0f1aa02f12f:c3588, 9dc27687-2024-46ae-8b6e-c9027bfa400e:c3586, 9c9c57da-14dc-454a-b374-789aa5e765a9:c3586]
2019-09-16 23:35:10,835 [grpc-default-executor-7] INFO  client.GrpcClientProtocolClient (GrpcClientProtocolClient.java:onNext(264)) - client-C79DE3E06697->1d6da99a-ba9a-4d72-abd2-d0f1aa02f12f: receive RaftClientReply:client-C79DE3E06697->1d6da99a-ba9a-4d72-abd2-d0f1aa02f12f@group-B29EE812FB58, cid=2422, SUCCESS, logIndex=3589, commits[1d6da99a-ba9a-4d72-abd2-d0f1aa02f12f:c3590, 9dc27687-2024-46ae-8b6e-c9027bfa400e:c3588, 9c9c57da-14dc-454a-b374-789aa5e765a9:c3588]
2019-09-16 23:35:10,836 [grpc-default-executor-7] INFO  client.GrpcClientProtocolClient (GrpcClientProtocolClient.java:onNext(264)) - client-C79DE3E06697->1d6da99a-ba9a-4d72-abd2-d0f1aa02f12f: receive RaftClientReply:client-C79DE3E06697->1d6da99a-ba9a-4d72-abd2-d0f1aa02f12f@group-B29EE812FB58, cid=2423, SUCCESS, logIndex=3590, commits[1d6da99a-ba9a-4d72-abd2-d0f1aa02f12f:c3590, 9dc27687-2024-46ae-8b6e-c9027bfa400e:c3588, 9c9c57da-14dc-454a-b374-789aa5e765a9:c3588]
2019-09-16 23:35:10,846 [grpc-default-executor-1] INFO  client.GrpcClientProtocolClient (GrpcClientProtocolClient.java:onNext(264)) - client-C79DE3E06697->1d6da99a-ba9a-4d72-abd2-d0f1aa02f12f: receive RaftClientReply:client-C79DE3E06697->1d6da99a-ba9a-4d72-abd2-d0f1aa02f12f@group-B29EE812FB58, cid=2424, SUCCESS, logIndex=3591, commits[1d6da99a-ba9a-4d72-abd2-d0f1aa02f12f:c3592, 9dc27687-2024-46ae-8b6e-c9027bfa400e:c3588, 9c9c57da-14dc-454a-b374-789aa5e765a9:c3588]
2019-09-16 23:35:10,846 [grpc-default-executor-6] INFO  client.GrpcClientProtocolClient (GrpcClientProtocolClient.java:onNext(264)) - client-C79DE3E06697->1d6da99a-ba9a-4d72-abd2-d0f1aa02f12f: receive RaftClientReply:client-C79DE3E06697->1d6da99a-ba9a-4d72-abd2-d0f1aa02f12f@group-B29EE812FB58, cid=2425, SUCCESS, logIndex=3592, commits[1d6da99a-ba9a-4d72-abd2-d0f1aa02f12f:c3592, 9dc27687-2024-46ae-8b6e-c9027bfa400e:c3588, 9c9c57da-14dc-454a-b374-789aa5e765a9:c3588]
2019-09-16 23:35:10,849 [grpc-default-executor-6] INFO  client.GrpcClientProtocolClient (GrpcClientProtocolClient.java:onNext(264)) - client-C79DE3E06697->1d6da99a-ba9a-4d72-abd2-d0f1aa02f12f: receive RaftClientReply:client-C79DE3E06697->1d6da99a-ba9a-4d72-abd2-d0f1aa02f12f@group-B29EE812FB58, cid=2426, SUCCESS, logIndex=0, commits[1d6da99a-ba9a-4d72-abd2-d0f1aa02f12f:c3594, 9dc27687-2024-46ae-8b6e-c9027bfa400e:c3590, 9c9c57da-14dc-454a-b374-789aa5e765a9:c3590]
2019-09-16 23:35:10,875 [grpc-default-executor-6] INFO  client.GrpcClientProtocolClient (GrpcClientProtocolClient.java:onNext(264)) - client-C79DE3E06697->1d6da99a-ba9a-4d72-abd2-d0f1aa02f12f: receive RaftClientReply:client-C79DE3E06697->1d6da99a-ba9a-4d72-abd2-d0f1aa02f12f@group-B29EE812FB58, cid=2427, SUCCESS, logIndex=3597, commits[1d6da99a-ba9a-4d72-abd2-d0f1aa02f12f:c3598, 9dc27687-2024-46ae-8b6e-c9027bfa400e:c3592, 9c9c57da-14dc-454a-b374-789aa5e765a9:c3594]
2019-09-16 23:35:10,875 [grpc-default-executor-6] INFO  client.GrpcClientProtocolClient (GrpcClientProtocolClient.java:onNext(264)) - client-C79DE3E06697->1d6da99a-ba9a-4d72-abd2-d0f1aa02f12f: receive RaftClientReply:client-C79DE3E06697->1d6da99a-ba9a-4d72-abd2-d0f1aa02f12f@group-B29EE812FB58, cid=2428, SUCCESS, logIndex=3598, commits[1d6da99a-ba9a-4d72-abd2-d0f1aa02f12f:c3598, 9dc27687-2024-46ae-8b6e-c9027bfa400e:c3594, 9c9c57da-14dc-454a-b374-789aa5e765a9:c3594]
2019-09-16 23:35:10,890 [grpc-default-executor-7] INFO  client.GrpcClientProtocolClient (GrpcClientProtocolClient.java:onNext(264)) - client-C79DE3E06697->1d6da99a-ba9a-4d72-abd2-d0f1aa02f12f: receive RaftClientReply:client-C79DE3E06697->1d6da99a-ba9a-4d72-abd2-d0f1aa02f12f@group-B29EE812FB58, cid=2429, SUCCESS, logIndex=3600, commits[1d6da99a-ba9a-4d72-abd2-d0f1aa02f12f:c3601, 9dc27687-2024-46ae-8b6e-c9027bfa400e:c3598, 9c9c57da-14dc-454a-b374-789aa5e765a9:c3598]
2019-09-16 23:35:10,890 [grpc-default-executor-7] INFO  client.GrpcClientProtocolClient (GrpcClientProtocolClient.java:onNext(264)) - client-C79DE3E06697->1d6da99a-ba9a-4d72-abd2-d0f1aa02f12f: receive RaftClientReply:client-C79DE3E06697->1d6da99a-ba9a-4d72-abd2-d0f1aa02f12f@group-B29EE812FB58, cid=2430, SUCCESS, logIndex=3601, commits[1d6da99a-ba9a-4d72-abd2-d0f1aa02f12f:c3601, 9dc27687-2024-46ae-8b6e-c9027bfa400e:c3598, 9c9c57da-14dc-454a-b374-789aa5e765a9:c3598]
2019-09-16 23:35:10,902 [grpc-default-executor-1] INFO  client.GrpcClientProtocolClient (GrpcClientProtocolClient.java:onNext(264)) - client-C79DE3E06697->1d6da99a-ba9a-4d72-abd2-d0f1aa02f12f: receive RaftClientReply:client-C79DE3E06697->1d6da99a-ba9a-4d72-abd2-d0f1aa02f12f@group-B29EE812FB58, cid=2431, SUCCESS, logIndex=0, commits[1d6da99a-ba9a-4d72-abd2-d0f1aa02f12f:c3603, 9dc27687-2024-46ae-8b6e-c9027bfa400e:c3601, 9c9c57da-14dc-454a-b374-789aa5e765a9:c3601]
2019-09-16 23:35:10,921 [grpc-default-executor-3] INFO  client.GrpcClientProtocolClient (GrpcClientProtocolClient.java:onNext(264)) - client-C79DE3E06697->1d6da99a-ba9a-4d72-abd2-d0f1aa02f12f: receive RaftClientReply:client-C79DE3E06697->1d6da99a-ba9a-4d72-abd2-d0f1aa02f12f@group-B29EE812FB58, cid=2432, SUCCESS, logIndex=3604, commits[1d6da99a-ba9a-4d72-abd2-d0f1aa02f12f:c3605, 9dc27687-2024-46ae-8b6e-c9027bfa400e:c3603, 9c9c57da-14dc-454a-b374-789aa5e765a9:c3603]
2019-09-16 23:35:10,921 [grpc-default-executor-3] INFO  client.GrpcClientProtocolClient (GrpcClientProtocolClient.java:onNext(264)) - client-C79DE3E06697->1d6da99a-ba9a-4d72-abd2-d0f1aa02f12f: receive RaftClientReply:client-C79DE3E06697->1d6da99a-ba9a-4d72-abd2-d0f1aa02f12f@group-B29EE812FB58, cid=2433, SUCCESS, logIndex=3605, commits[1d6da99a-ba9a-4d72-abd2-d0f1aa02f12f:c3605, 9dc27687-2024-46ae-8b6e-c9027bfa400e:c3603, 9c9c57da-14dc-454a-b374-789aa5e765a9:c3603]
2019-09-16 23:35:10,921 [grpc-default-executor-3] INFO  client.GrpcClientProtocolClient (GrpcClientProtocolClient.java:onNext(264)) - client-C79DE3E06697->1d6da99a-ba9a-4d72-abd2-d0f1aa02f12f: receive RaftClientReply:client-C79DE3E06697->1d6da99a-ba9a-4d72-abd2-d0f1aa02f12f@group-B29EE812FB58, cid=2434, SUCCESS, logIndex=3606, commits[1d6da99a-ba9a-4d72-abd2-d0f1aa02f12f:c3607, 9dc27687-2024-46ae-8b6e-c9027bfa400e:c3603, 9c9c57da-14dc-454a-b374-789aa5e765a9:c3603]
2019-09-16 23:35:10,922 [grpc-default-executor-3] INFO  client.GrpcClientProtocolClient (GrpcClientProtocolClient.java:onNext(264)) - client-C79DE3E06697->1d6da99a-ba9a-4d72-abd2-d0f1aa02f12f: receive RaftClientReply:client-C79DE3E06697->1d6da99a-ba9a-4d72-abd2-d0f1aa02f12f@group-B29EE812FB58, cid=2435, SUCCESS, logIndex=3607, commits[1d6da99a-ba9a-4d72-abd2-d0f1aa02f12f:c3607, 9dc27687-2024-46ae-8b6e-c9027bfa400e:c3603, 9c9c57da-14dc-454a-b374-789aa5e765a9:c3603]
2019-09-16 23:35:10,934 [grpc-default-executor-3] INFO  client.GrpcClientProtocolClient (GrpcClientProtocolClient.java:onNext(264)) - client-C79DE3E06697->1d6da99a-ba9a-4d72-abd2-d0f1aa02f12f: receive RaftClientReply:client-C79DE3E06697->1d6da99a-ba9a-4d72-abd2-d0f1aa02f12f@group-B29EE812FB58, cid=2436, SUCCESS, logIndex=0, commits[1d6da99a-ba9a-4d72-abd2-d0f1aa02f12f:c3610, 9dc27687-2024-46ae-8b6e-c9027bfa400e:c3605, 9c9c57da-14dc-454a-b374-789aa5e765a9:c3607]
2019-09-16 23:35:10,950 [grpc-default-executor-7] INFO  client.GrpcClientProtocolClient (GrpcClientProtocolClient.java:onNext(264)) - client-C79DE3E06697->1d6da99a-ba9a-4d72-abd2-d0f1aa02f12f: receive RaftClientReply:client-C79DE3E06697->1d6da99a-ba9a-4d72-abd2-d0f1aa02f12f@group-B29EE812FB58, cid=2437, SUCCESS, logIndex=3611, commits[1d6da99a-ba9a-4d72-abd2-d0f1aa02f12f:c3612, 9dc27687-2024-46ae-8b6e-c9027bfa400e:c3610, 9c9c57da-14dc-454a-b374-789aa5e765a9:c3610]
2019-09-16 23:35:10,950 [grpc-default-executor-7] INFO  client.GrpcClientProtocolClient (GrpcClientProtocolClient.java:onNext(264)) - client-C79DE3E06697->1d6da99a-ba9a-4d72-abd2-d0f1aa02f12f: receive RaftClientReply:client-C79DE3E06697->1d6da99a-ba9a-4d72-abd2-d0f1aa02f12f@group-B29EE812FB58, cid=2438, SUCCESS, logIndex=3612, commits[1d6da99a-ba9a-4d72-abd2-d0f1aa02f12f:c3612, 9dc27687-2024-46ae-8b6e-c9027bfa400e:c3610, 9c9c57da-14dc-454a-b374-789aa5e765a9:c3610]
2019-09-16 23:35:10,964 [grpc-default-executor-7] INFO  client.GrpcClientProtocolClient (GrpcClientProtocolClient.java:onNext(264)) - client-C79DE3E06697->1d6da99a-ba9a-4d72-abd2-d0f1aa02f12f: receive RaftClientReply:client-C79DE3E06697->1d6da99a-ba9a-4d72-abd2-d0f1aa02f12f@group-B29EE812FB58, cid=2439, SUCCESS, logIndex=3615, commits[1d6da99a-ba9a-4d72-abd2-d0f1aa02f12f:c3615, 9dc27687-2024-46ae-8b6e-c9027bfa400e:c3612, 9c9c57da-14dc-454a-b374-789aa5e765a9:c3612]
2019-09-16 23:35:10,965 [grpc-default-executor-7] INFO  client.GrpcClientProtocolClient (GrpcClientProtocolClient.java:onNext(264)) - client-C79DE3E06697->1d6da99a-ba9a-4d72-abd2-d0f1aa02f12f: receive RaftClientReply:client-C79DE3E06697->1d6da99a-ba9a-4d72-abd2-d0f1aa02f12f@group-B29EE812FB58, cid=2440, SUCCESS, logIndex=3616, commits[1d6da99a-ba9a-4d72-abd2-d0f1aa02f12f:c3616, 9dc27687-2024-46ae-8b6e-c9027bfa400e:c3612, 9c9c57da-14dc-454a-b374-789aa5e765a9:c3612]
2019-09-16 23:35:10,978 [grpc-default-executor-7] INFO  client.GrpcClientProtocolClient (GrpcClientProtocolClient.java:onNext(264)) - client-C79DE3E06697->1d6da99a-ba9a-4d72-abd2-d0f1aa02f12f: receive RaftClientReply:client-C79DE3E06697->1d6da99a-ba9a-4d72-abd2-d0f1aa02f12f@group-B29EE812FB58, cid=2441, SUCCESS, logIndex=0, commits[1d6da99a-ba9a-4d72-abd2-d0f1aa02f12f:c3618, 9dc27687-2024-46ae-8b6e-c9027bfa400e:c3616, 9c9c57da-14dc-454a-b374-789aa5e765a9:c3616]
2019-09-16 23:35:10,998 [grpc-default-executor-1] INFO  client.GrpcClientProtocolClient (GrpcClientProtocolClient.java:onNext(264)) - client-C79DE3E06697->1d6da99a-ba9a-4d72-abd2-d0f1aa02f12f: receive RaftClientReply:client-C79DE3E06697->1d6da99a-ba9a-4d72-abd2-d0f1aa02f12f@group-B29EE812FB58, cid=2442, SUCCESS, logIndex=3619, commits[1d6da99a-ba9a-4d72-abd2-d0f1aa02f12f:c3620, 9dc27687-2024-46ae-8b6e-c9027bfa400e:c3618, 9c9c57da-14dc-454a-b374-789aa5e765a9:c3618]
2019-09-16 23:35:10,998 [grpc-default-executor-1] INFO  client.GrpcClientProtocolClient (GrpcClientProtocolClient.java:onNext(264)) - client-C79DE3E06697->1d6da99a-ba9a-4d72-abd2-d0f1aa02f12f: receive RaftClientReply:client-C79DE3E06697->1d6da99a-ba9a-4d72-abd2-d0f1aa02f12f@group-B29EE812FB58, cid=2443, SUCCESS, logIndex=3620, commits[1d6da99a-ba9a-4d72-abd2-d0f1aa02f12f:c3620, 9dc27687-2024-46ae-8b6e-c9027bfa400e:c3618, 9c9c57da-14dc-454a-b374-789aa5e765a9:c3618]
2019-09-16 23:35:11,000 [grpc-default-executor-3] INFO  client.GrpcClientProtocolClient (GrpcClientProtocolClient.java:onNext(264)) - client-C79DE3E06697->1d6da99a-ba9a-4d72-abd2-d0f1aa02f12f: receive RaftClientReply:client-C79DE3E06697->1d6da99a-ba9a-4d72-abd2-d0f1aa02f12f@group-B29EE812FB58, cid=2444, SUCCESS, logIndex=3621, commits[1d6da99a-ba9a-4d72-abd2-d0f1aa02f12f:c3622, 9dc27687-2024-46ae-8b6e-c9027bfa400e:c3618, 9c9c57da-14dc-454a-b374-789aa5e765a9:c3618]
2019-09-16 23:35:11,000 [grpc-default-executor-3] INFO  client.GrpcClientProtocolClient (GrpcClientProtocolClient.java:onNext(264)) - client-C79DE3E06697->1d6da99a-ba9a-4d72-abd2-d0f1aa02f12f: receive RaftClientReply:client-C79DE3E06697->1d6da99a-ba9a-4d72-abd2-d0f1aa02f12f@group-B29EE812FB58, cid=2445, SUCCESS, logIndex=3622, commits[1d6da99a-ba9a-4d72-abd2-d0f1aa02f12f:c3622, 9dc27687-2024-46ae-8b6e-c9027bfa400e:c3618, 9c9c57da-14dc-454a-b374-789aa5e765a9:c3618]
2019-09-16 23:35:11,012 [grpc-default-executor-3] INFO  client.GrpcClientProtocolClient (GrpcClientProtocolClient.java:onNext(264)) - client-C79DE3E06697->1d6da99a-ba9a-4d72-abd2-d0f1aa02f12f: receive RaftClientReply:client-C79DE3E06697->1d6da99a-ba9a-4d72-abd2-d0f1aa02f12f@group-B29EE812FB58, cid=2446, SUCCESS, logIndex=0, commits[1d6da99a-ba9a-4d72-abd2-d0f1aa02f12f:c3623, 9dc27687-2024-46ae-8b6e-c9027bfa400e:c3620, 9c9c57da-14dc-454a-b374-789aa5e765a9:c3620]
2019-09-16 23:35:11,030 [grpc-default-executor-7] INFO  client.GrpcClientProtocolClient (GrpcClientProtocolClient.java:onNext(264)) - client-C79DE3E06697->1d6da99a-ba9a-4d72-abd2-d0f1aa02f12f: receive RaftClientReply:client-C79DE3E06697->1d6da99a-ba9a-4d72-abd2-d0f1aa02f12f@group-B29EE812FB58, cid=2447, SUCCESS, logIndex=3626, commits[1d6da99a-ba9a-4d72-abd2-d0f1aa02f12f:c3627, 9dc27687-2024-46ae-8b6e-c9027bfa400e:c3625, 9c9c57da-14dc-454a-b374-789aa5e765a9:c3625]
2019-09-16 23:35:11,030 [grpc-default-executor-7] INFO  client.GrpcClientProtocolClient (GrpcClientProtocolClient.java:onNext(264)) - client-C79DE3E06697->1d6da99a-ba9a-4d72-abd2-d0f1aa02f12f: receive RaftClientReply:client-C79DE3E06697->1d6da99a-ba9a-4d72-abd2-d0f1aa02f12f@group-B29EE812FB58, cid=2448, SUCCESS, logIndex=3627, commits[1d6da99a-ba9a-4d72-abd2-d0f1aa02f12f:c3627, 9dc27687-2024-46ae-8b6e-c9027bfa400e:c3625, 9c9c57da-14dc-454a-b374-789aa5e765a9:c3625]
2019-09-16 23:35:11,055 [grpc-default-executor-7] INFO  client.GrpcClientProtocolClient (GrpcClientProtocolClient.java:onNext(264)) - client-C79DE3E06697->1d6da99a-ba9a-4d72-abd2-d0f1aa02f12f: receive RaftClientReply:client-C79DE3E06697->1d6da99a-ba9a-4d72-abd2-d0f1aa02f12f@group-B29EE812FB58, cid=2449, SUCCESS, logIndex=3630, commits[1d6da99a-ba9a-4d72-abd2-d0f1aa02f12f:c3630, 9dc27687-2024-46ae-8b6e-c9027bfa400e:c3627, 9c9c57da-14dc-454a-b374-789aa5e765a9:c3627]
2019-09-16 23:35:11,055 [grpc-default-executor-7] INFO  client.GrpcClientProtocolClient (GrpcClientProtocolClient.java:onNext(264)) - client-C79DE3E06697->1d6da99a-ba9a-4d72-abd2-d0f1aa02f12f: receive RaftClientReply:client-C79DE3E06697->1d6da99a-ba9a-4d72-abd2-d0f1aa02f12f@group-B29EE812FB58, cid=2450, SUCCESS, logIndex=3631, commits[1d6da99a-ba9a-4d72-abd2-d0f1aa02f12f:c3631, 9dc27687-2024-46ae-8b6e-c9027bfa400e:c3627, 9c9c57da-14dc-454a-b374-789aa5e765a9:c3627]
2019-09-16 23:35:11,069 [grpc-default-executor-3] INFO  client.GrpcClientProtocolClient (GrpcClientProtocolClient.java:onNext(264)) - client-C79DE3E06697->1d6da99a-ba9a-4d72-abd2-d0f1aa02f12f: receive RaftClientReply:client-C79DE3E06697->1d6da99a-ba9a-4d72-abd2-d0f1aa02f12f@group-B29EE812FB58, cid=2451, SUCCESS, logIndex=0, commits[1d6da99a-ba9a-4d72-abd2-d0f1aa02f12f:c3633, 9dc27687-2024-46ae-8b6e-c9027bfa400e:c3631, 9c9c57da-14dc-454a-b374-789aa5e765a9:c3631]
2019-09-16 23:35:11,100 [grpc-default-executor-6] INFO  client.GrpcClientProtocolClient (GrpcClientProtocolClient.java:onNext(264)) - client-C79DE3E06697->1d6da99a-ba9a-4d72-abd2-d0f1aa02f12f: receive RaftClientReply:client-C79DE3E06697->1d6da99a-ba9a-4d72-abd2-d0f1aa02f12f@group-B29EE812FB58, cid=2452, SUCCESS, logIndex=3634, commits[1d6da99a-ba9a-4d72-abd2-d0f1aa02f12f:c3635, 9dc27687-2024-46ae-8b6e-c9027bfa400e:c3633, 9c9c57da-14dc-454a-b374-789aa5e765a9:c3633]
2019-09-16 23:35:11,100 [grpc-default-executor-6] INFO  client.GrpcClientProtocolClient (GrpcClientProtocolClient.java:onNext(264)) - client-C79DE3E06697->1d6da99a-ba9a-4d72-abd2-d0f1aa02f12f: receive RaftClientReply:client-C79DE3E06697->1d6da99a-ba9a-4d72-abd2-d0f1aa02f12f@group-B29EE812FB58, cid=2453, SUCCESS, logIndex=3635, commits[1d6da99a-ba9a-4d72-abd2-d0f1aa02f12f:c3637, 9dc27687-2024-46ae-8b6e-c9027bfa400e:c3633, 9c9c57da-14dc-454a-b374-789aa5e765a9:c3633]
2019-09-16 23:35:11,101 [grpc-default-executor-6] INFO  client.GrpcClientProtocolClient (GrpcClientProtocolClient.java:onNext(264)) - client-C79DE3E06697->1d6da99a-ba9a-4d72-abd2-d0f1aa02f12f: receive RaftClientReply:client-C79DE3E06697->1d6da99a-ba9a-4d72-abd2-d0f1aa02f12f@group-B29EE812FB58, cid=2454, SUCCESS, logIndex=3636, commits[1d6da99a-ba9a-4d72-abd2-d0f1aa02f12f:c3637, 9dc27687-2024-46ae-8b6e-c9027bfa400e:c3633, 9c9c57da-14dc-454a-b374-789aa5e765a9:c3633]
2019-09-16 23:35:11,101 [grpc-default-executor-6] INFO  client.GrpcClientProtocolClient (GrpcClientProtocolClient.java:onNext(264)) - client-C79DE3E06697->1d6da99a-ba9a-4d72-abd2-d0f1aa02f12f: receive RaftClientReply:client-C79DE3E06697->1d6da99a-ba9a-4d72-abd2-d0f1aa02f12f@group-B29EE812FB58, cid=2455, SUCCESS, logIndex=3637, commits[1d6da99a-ba9a-4d72-abd2-d0f1aa02f12f:c3637, 9dc27687-2024-46ae-8b6e-c9027bfa400e:c3633, 9c9c57da-14dc-454a-b374-789aa5e765a9:c3633]
2019-09-16 23:35:11,113 [grpc-default-executor-6] INFO  client.GrpcClientProtocolClient (GrpcClientProtocolClient.java:onNext(264)) - client-C79DE3E06697->1d6da99a-ba9a-4d72-abd2-d0f1aa02f12f: receive RaftClientReply:client-C79DE3E06697->1d6da99a-ba9a-4d72-abd2-d0f1aa02f12f@group-B29EE812FB58, cid=2456, SUCCESS, logIndex=0, commits[1d6da99a-ba9a-4d72-abd2-d0f1aa02f12f:c3639, 9dc27687-2024-46ae-8b6e-c9027bfa400e:c3635, 9c9c57da-14dc-454a-b374-789aa5e765a9:c3635]
2019-09-16 23:35:11,123 [grpc-default-executor-7] INFO  client.GrpcClientProtocolClient (GrpcClientProtocolClient.java:onNext(264)) - client-C79DE3E06697->1d6da99a-ba9a-4d72-abd2-d0f1aa02f12f: receive RaftClientReply:client-C79DE3E06697->1d6da99a-ba9a-4d72-abd2-d0f1aa02f12f@group-B29EE812FB58, cid=2457, SUCCESS, logIndex=3642, commits[1d6da99a-ba9a-4d72-abd2-d0f1aa02f12f:c3643, 9dc27687-2024-46ae-8b6e-c9027bfa400e:c3641, 9c9c57da-14dc-454a-b374-789aa5e765a9:c3637]
2019-09-16 23:35:11,123 [grpc-default-executor-7] INFO  client.GrpcClientProtocolClient (GrpcClientProtocolClient.java:onNext(264)) - client-C79DE3E06697->1d6da99a-ba9a-4d72-abd2-d0f1aa02f12f: receive RaftClientReply:client-C79DE3E06697->1d6da99a-ba9a-4d72-abd2-d0f1aa02f12f@group-B29EE812FB58, cid=2458, SUCCESS, logIndex=3643, commits[1d6da99a-ba9a-4d72-abd2-d0f1aa02f12f:c3643, 9dc27687-2024-46ae-8b6e-c9027bfa400e:c3641, 9c9c57da-14dc-454a-b374-789aa5e765a9:c3641]
2019-09-16 23:35:11,133 [grpc-default-executor-7] INFO  client.GrpcClientProtocolClient (GrpcClientProtocolClient.java:onNext(264)) - client-C79DE3E06697->1d6da99a-ba9a-4d72-abd2-d0f1aa02f12f: receive RaftClientReply:client-C79DE3E06697->1d6da99a-ba9a-4d72-abd2-d0f1aa02f12f@group-B29EE812FB58, cid=2459, SUCCESS, logIndex=3646, commits[1d6da99a-ba9a-4d72-abd2-d0f1aa02f12f:c3647, 9dc27687-2024-46ae-8b6e-c9027bfa400e:c3645, 9c9c57da-14dc-454a-b374-789aa5e765a9:c3643]
2019-09-16 23:35:11,133 [grpc-default-executor-7] INFO  client.GrpcClientProtocolClient (GrpcClientProtocolClient.java:onNext(264)) - client-C79DE3E06697->1d6da99a-ba9a-4d72-abd2-d0f1aa02f12f: receive RaftClientReply:client-C79DE3E06697->1d6da99a-ba9a-4d72-abd2-d0f1aa02f12f@group-B29EE812FB58, cid=2460, SUCCESS, logIndex=3647, commits[1d6da99a-ba9a-4d72-abd2-d0f1aa02f12f:c3647, 9dc27687-2024-46ae-8b6e-c9027bfa400e:c3645, 9c9c57da-14dc-454a-b374-789aa5e765a9:c3645]
2019-09-16 23:35:11,134 [grpc-default-executor-7] INFO  client.GrpcClientProtocolClient (GrpcClientProtocolClient.java:onNext(264)) - client-C79DE3E06697->1d6da99a-ba9a-4d72-abd2-d0f1aa02f12f: receive RaftClientReply:client-C79DE3E06697->1d6da99a-ba9a-4d72-abd2-d0f1aa02f12f@group-B29EE812FB58, cid=2461, SUCCESS, logIndex=0, commits[1d6da99a-ba9a-4d72-abd2-d0f1aa02f12f:c3648, 9dc27687-2024-46ae-8b6e-c9027bfa400e:c3647, 9c9c57da-14dc-454a-b374-789aa5e765a9:c3647]
2019-09-16 23:35:11,162 [grpc-default-executor-7] INFO  client.GrpcClientProtocolClient (GrpcClientProtocolClient.java:onNext(264)) - client-C79DE3E06697->1d6da99a-ba9a-4d72-abd2-d0f1aa02f12f: receive RaftClientReply:client-C79DE3E06697->1d6da99a-ba9a-4d72-abd2-d0f1aa02f12f@group-B29EE812FB58, cid=2462, SUCCESS, logIndex=3650, commits[1d6da99a-ba9a-4d72-abd2-d0f1aa02f12f:c3652, 9dc27687-2024-46ae-8b6e-c9027bfa400e:c3649, 9c9c57da-14dc-454a-b374-789aa5e765a9:c3649]
2019-09-16 23:35:11,163 [grpc-default-executor-7] INFO  client.GrpcClientProtocolClient (GrpcClientProtocolClient.java:onNext(264)) - client-C79DE3E06697->1d6da99a-ba9a-4d72-abd2-d0f1aa02f12f: receive RaftClientReply:client-C79DE3E06697->1d6da99a-ba9a-4d72-abd2-d0f1aa02f12f@group-B29EE812FB58, cid=2463, SUCCESS, logIndex=3651, commits[1d6da99a-ba9a-4d72-abd2-d0f1aa02f12f:c3653, 9dc27687-2024-46ae-8b6e-c9027bfa400e:c3649, 9c9c57da-14dc-454a-b374-789aa5e765a9:c3649]
2019-09-16 23:35:11,163 [grpc-default-executor-7] INFO  client.GrpcClientProtocolClient (GrpcClientProtocolClient.java:onNext(264)) - client-C79DE3E06697->1d6da99a-ba9a-4d72-abd2-d0f1aa02f12f: receive RaftClientReply:client-C79DE3E06697->1d6da99a-ba9a-4d72-abd2-d0f1aa02f12f@group-B29EE812FB58, cid=2464, SUCCESS, logIndex=3652, commits[1d6da99a-ba9a-4d72-abd2-d0f1aa02f12f:c3653, 9dc27687-2024-46ae-8b6e-c9027bfa400e:c3649, 9c9c57da-14dc-454a-b374-789aa5e765a9:c3649]
2019-09-16 23:35:11,163 [grpc-default-executor-7] INFO  client.GrpcClientProtocolClient (GrpcClientProtocolClient.java:onNext(264)) - client-C79DE3E06697->1d6da99a-ba9a-4d72-abd2-d0f1aa02f12f: receive RaftClientReply:client-C79DE3E06697->1d6da99a-ba9a-4d72-abd2-d0f1aa02f12f@group-B29EE812FB58, cid=2465, SUCCESS, logIndex=3653, commits[1d6da99a-ba9a-4d72-abd2-d0f1aa02f12f:c3653, 9dc27687-2024-46ae-8b6e-c9027bfa400e:c3649, 9c9c57da-14dc-454a-b374-789aa5e765a9:c3649]
2019-09-16 23:35:11,173 [grpc-default-executor-7] INFO  client.GrpcClientProtocolClient (GrpcClientProtocolClient.java:onNext(264)) - client-C79DE3E06697->1d6da99a-ba9a-4d72-abd2-d0f1aa02f12f: receive RaftClientReply:client-C79DE3E06697->1d6da99a-ba9a-4d72-abd2-d0f1aa02f12f@group-B29EE812FB58, cid=2466, SUCCESS, logIndex=0, commits[1d6da99a-ba9a-4d72-abd2-d0f1aa02f12f:c3655, 9dc27687-2024-46ae-8b6e-c9027bfa400e:c3651, 9c9c57da-14dc-454a-b374-789aa5e765a9:c3651]
2019-09-16 23:35:11,195 [grpc-default-executor-7] INFO  client.GrpcClientProtocolClient (GrpcClientProtocolClient.java:onNext(264)) - client-C79DE3E06697->1d6da99a-ba9a-4d72-abd2-d0f1aa02f12f: receive RaftClientReply:client-C79DE3E06697->1d6da99a-ba9a-4d72-abd2-d0f1aa02f12f@group-B29EE812FB58, cid=2467, SUCCESS, logIndex=3658, commits[1d6da99a-ba9a-4d72-abd2-d0f1aa02f12f:c3659, 9dc27687-2024-46ae-8b6e-c9027bfa400e:c3653, 9c9c57da-14dc-454a-b374-789aa5e765a9:c3657]
2019-09-16 23:35:11,195 [grpc-default-executor-7] INFO  client.GrpcClientProtocolClient (GrpcClientProtocolClient.java:onNext(264)) - client-C79DE3E06697->1d6da99a-ba9a-4d72-abd2-d0f1aa02f12f: receive RaftClientReply:client-C79DE3E06697->1d6da99a-ba9a-4d72-abd2-d0f1aa02f12f@group-B29EE812FB58, cid=2468, SUCCESS, logIndex=3659, commits[1d6da99a-ba9a-4d72-abd2-d0f1aa02f12f:c3659, 9dc27687-2024-46ae-8b6e-c9027bfa400e:c3657, 9c9c57da-14dc-454a-b374-789aa5e765a9:c3657]
2019-09-16 23:35:11,213 [grpc-default-executor-1] INFO  client.GrpcClientProtocolClient (GrpcClientProtocolClient.java:onNext(264)) - client-C79DE3E06697->1d6da99a-ba9a-4d72-abd2-d0f1aa02f12f: receive RaftClientReply:client-C79DE3E06697->1d6da99a-ba9a-4d72-abd2-d0f1aa02f12f@group-B29EE812FB58, cid=2469, SUCCESS, logIndex=3661, commits[1d6da99a-ba9a-4d72-abd2-d0f1aa02f12f:c3662, 9dc27687-2024-46ae-8b6e-c9027bfa400e:c3660, 9c9c57da-14dc-454a-b374-789aa5e765a9:c3660]
2019-09-16 23:35:11,214 [grpc-default-executor-1] INFO  client.GrpcClientProtocolClient (GrpcClientProtocolClient.java:onNext(264)) - client-C79DE3E06697->1d6da99a-ba9a-4d72-abd2-d0f1aa02f12f: receive RaftClientReply:client-C79DE3E06697->1d6da99a-ba9a-4d72-abd2-d0f1aa02f12f@group-B29EE812FB58, cid=2470, SUCCESS, logIndex=3662, commits[1d6da99a-ba9a-4d72-abd2-d0f1aa02f12f:c3662, 9dc27687-2024-46ae-8b6e-c9027bfa400e:c3660, 9c9c57da-14dc-454a-b374-789aa5e765a9:c3660]
2019-09-16 23:35:11,228 [grpc-default-executor-1] INFO  client.GrpcClientProtocolClient (GrpcClientProtocolClient.java:onNext(264)) - client-C79DE3E06697->1d6da99a-ba9a-4d72-abd2-d0f1aa02f12f: receive RaftClientReply:client-C79DE3E06697->1d6da99a-ba9a-4d72-abd2-d0f1aa02f12f@group-B29EE812FB58, cid=2471, SUCCESS, logIndex=0, commits[1d6da99a-ba9a-4d72-abd2-d0f1aa02f12f:c3664, 9dc27687-2024-46ae-8b6e-c9027bfa400e:c3662, 9c9c57da-14dc-454a-b374-789aa5e765a9:c3662]
2019-09-16 23:35:11,254 [grpc-default-executor-1] INFO  client.GrpcClientProtocolClient (GrpcClientProtocolClient.java:onNext(264)) - client-C79DE3E06697->1d6da99a-ba9a-4d72-abd2-d0f1aa02f12f: receive RaftClientReply:client-C79DE3E06697->1d6da99a-ba9a-4d72-abd2-d0f1aa02f12f@group-B29EE812FB58, cid=2472, SUCCESS, logIndex=3665, commits[1d6da99a-ba9a-4d72-abd2-d0f1aa02f12f:c3666, 9dc27687-2024-46ae-8b6e-c9027bfa400e:c3664, 9c9c57da-14dc-454a-b374-789aa5e765a9:c3664]
2019-09-16 23:35:11,255 [grpc-default-executor-1] INFO  client.GrpcClientProtocolClient (GrpcClientProtocolClient.java:onNext(264)) - client-C79DE3E06697->1d6da99a-ba9a-4d72-abd2-d0f1aa02f12f: receive RaftClientReply:client-C79DE3E06697->1d6da99a-ba9a-4d72-abd2-d0f1aa02f12f@group-B29EE812FB58, cid=2473, SUCCESS, logIndex=3666, commits[1d6da99a-ba9a-4d72-abd2-d0f1aa02f12f:c3666, 9dc27687-2024-46ae-8b6e-c9027bfa400e:c3664, 9c9c57da-14dc-454a-b374-789aa5e765a9:c3664]
2019-09-16 23:35:11,255 [grpc-default-executor-7] INFO  client.GrpcClientProtocolClient (GrpcClientProtocolClient.java:onNext(264)) - client-C79DE3E06697->1d6da99a-ba9a-4d72-abd2-d0f1aa02f12f: receive RaftClientReply:client-C79DE3E06697->1d6da99a-ba9a-4d72-abd2-d0f1aa02f12f@group-B29EE812FB58, cid=2474, SUCCESS, logIndex=3667, commits[1d6da99a-ba9a-4d72-abd2-d0f1aa02f12f:c3668, 9dc27687-2024-46ae-8b6e-c9027bfa400e:c3664, 9c9c57da-14dc-454a-b374-789aa5e765a9:c3664]
2019-09-16 23:35:11,255 [grpc-default-executor-7] INFO  client.GrpcClientProtocolClient (GrpcClientProtocolClient.java:onNext(264)) - client-C79DE3E06697->1d6da99a-ba9a-4d72-abd2-d0f1aa02f12f: receive RaftClientReply:client-C79DE3E06697->1d6da99a-ba9a-4d72-abd2-d0f1aa02f12f@group-B29EE812FB58, cid=2475, SUCCESS, logIndex=3668, commits[1d6da99a-ba9a-4d72-abd2-d0f1aa02f12f:c3668, 9dc27687-2024-46ae-8b6e-c9027bfa400e:c3664, 9c9c57da-14dc-454a-b374-789aa5e765a9:c3664]
2019-09-16 23:35:11,269 [grpc-default-executor-3] INFO  client.GrpcClientProtocolClient (GrpcClientProtocolClient.java:onNext(264)) - client-C79DE3E06697->1d6da99a-ba9a-4d72-abd2-d0f1aa02f12f: receive RaftClientReply:client-C79DE3E06697->1d6da99a-ba9a-4d72-abd2-d0f1aa02f12f@group-B29EE812FB58, cid=2476, SUCCESS, logIndex=0, commits[1d6da99a-ba9a-4d72-abd2-d0f1aa02f12f:c3670, 9dc27687-2024-46ae-8b6e-c9027bfa400e:c3666, 9c9c57da-14dc-454a-b374-789aa5e765a9:c3666]
2019-09-16 23:35:11,287 [grpc-default-executor-1] INFO  client.GrpcClientProtocolClient (GrpcClientProtocolClient.java:onNext(264)) - client-C79DE3E06697->1d6da99a-ba9a-4d72-abd2-d0f1aa02f12f: receive RaftClientReply:client-C79DE3E06697->1d6da99a-ba9a-4d72-abd2-d0f1aa02f12f@group-B29EE812FB58, cid=2477, SUCCESS, logIndex=3673, commits[1d6da99a-ba9a-4d72-abd2-d0f1aa02f12f:c3674, 9dc27687-2024-46ae-8b6e-c9027bfa400e:c3672, 9c9c57da-14dc-454a-b374-789aa5e765a9:c3672]
2019-09-16 23:35:11,287 [grpc-default-executor-1] INFO  client.GrpcClientProtocolClient (GrpcClientProtocolClient.java:onNext(264)) - client-C79DE3E06697->1d6da99a-ba9a-4d72-abd2-d0f1aa02f12f: receive RaftClientReply:client-C79DE3E06697->1d6da99a-ba9a-4d72-abd2-d0f1aa02f12f@group-B29EE812FB58, cid=2478, SUCCESS, logIndex=3674, commits[1d6da99a-ba9a-4d72-abd2-d0f1aa02f12f:c3674, 9dc27687-2024-46ae-8b6e-c9027bfa400e:c3672, 9c9c57da-14dc-454a-b374-789aa5e765a9:c3672]
2019-09-16 23:35:11,302 [grpc-default-executor-1] INFO  client.GrpcClientProtocolClient (GrpcClientProtocolClient.java:onNext(264)) - client-C79DE3E06697->1d6da99a-ba9a-4d72-abd2-d0f1aa02f12f: receive RaftClientReply:client-C79DE3E06697->1d6da99a-ba9a-4d72-abd2-d0f1aa02f12f@group-B29EE812FB58, cid=2479, SUCCESS, logIndex=3677, commits[1d6da99a-ba9a-4d72-abd2-d0f1aa02f12f:c3678, 9dc27687-2024-46ae-8b6e-c9027bfa400e:c3674, 9c9c57da-14dc-454a-b374-789aa5e765a9:c3674]
2019-09-16 23:35:11,303 [grpc-default-executor-1] INFO  client.GrpcClientProtocolClient (GrpcClientProtocolClient.java:onNext(264)) - client-C79DE3E06697->1d6da99a-ba9a-4d72-abd2-d0f1aa02f12f: receive RaftClientReply:client-C79DE3E06697->1d6da99a-ba9a-4d72-abd2-d0f1aa02f12f@group-B29EE812FB58, cid=2480, SUCCESS, logIndex=3678, commits[1d6da99a-ba9a-4d72-abd2-d0f1aa02f12f:c3678, 9dc27687-2024-46ae-8b6e-c9027bfa400e:c3674, 9c9c57da-14dc-454a-b374-789aa5e765a9:c3674]
2019-09-16 23:35:11,317 [grpc-default-executor-1] INFO  client.GrpcClientProtocolClient (GrpcClientProtocolClient.java:onNext(264)) - client-C79DE3E06697->1d6da99a-ba9a-4d72-abd2-d0f1aa02f12f: receive RaftClientReply:client-C79DE3E06697->1d6da99a-ba9a-4d72-abd2-d0f1aa02f12f@group-B29EE812FB58, cid=2481, SUCCESS, logIndex=0, commits[1d6da99a-ba9a-4d72-abd2-d0f1aa02f12f:c3680, 9dc27687-2024-46ae-8b6e-c9027bfa400e:c3678, 9c9c57da-14dc-454a-b374-789aa5e765a9:c3678]
2019-09-16 23:35:11,346 [grpc-default-executor-7] INFO  client.GrpcClientProtocolClient (GrpcClientProtocolClient.java:onNext(264)) - client-C79DE3E06697->1d6da99a-ba9a-4d72-abd2-d0f1aa02f12f: receive RaftClientReply:client-C79DE3E06697->1d6da99a-ba9a-4d72-abd2-d0f1aa02f12f@group-B29EE812FB58, cid=2482, SUCCESS, logIndex=3681, commits[1d6da99a-ba9a-4d72-abd2-d0f1aa02f12f:c3682, 9dc27687-2024-46ae-8b6e-c9027bfa400e:c3680, 9c9c57da-14dc-454a-b374-789aa5e765a9:c3680]
2019-09-16 23:35:11,347 [grpc-default-executor-7] INFO  client.GrpcClientProtocolClient (GrpcClientProtocolClient.java:onNext(264)) - client-C79DE3E06697->1d6da99a-ba9a-4d72-abd2-d0f1aa02f12f: receive RaftClientReply:client-C79DE3E06697->1d6da99a-ba9a-4d72-abd2-d0f1aa02f12f@group-B29EE812FB58, cid=2483, SUCCESS, logIndex=3682, commits[1d6da99a-ba9a-4d72-abd2-d0f1aa02f12f:c3682, 9dc27687-2024-46ae-8b6e-c9027bfa400e:c3680, 9c9c57da-14dc-454a-b374-789aa5e765a9:c3680]
2019-09-16 23:35:11,360 [grpc-default-executor-1] INFO  client.GrpcClientProtocolClient (GrpcClientProtocolClient.java:onNext(264)) - client-C79DE3E06697->1d6da99a-ba9a-4d72-abd2-d0f1aa02f12f: receive RaftClientReply:client-C79DE3E06697->1d6da99a-ba9a-4d72-abd2-d0f1aa02f12f@group-B29EE812FB58, cid=2484, SUCCESS, logIndex=3683, commits[1d6da99a-ba9a-4d72-abd2-d0f1aa02f12f:c3683, 9dc27687-2024-46ae-8b6e-c9027bfa400e:c3680, 9c9c57da-14dc-454a-b374-789aa5e765a9:c3680]
2019-09-16 23:35:11,360 [grpc-default-executor-7] INFO  client.GrpcClientProtocolClient (GrpcClientProtocolClient.java:onNext(264)) - client-C79DE3E06697->1d6da99a-ba9a-4d72-abd2-d0f1aa02f12f: receive RaftClientReply:client-C79DE3E06697->1d6da99a-ba9a-4d72-abd2-d0f1aa02f12f@group-B29EE812FB58, cid=2485, SUCCESS, logIndex=3684, commits[1d6da99a-ba9a-4d72-abd2-d0f1aa02f12f:c3684, 9dc27687-2024-46ae-8b6e-c9027bfa400e:c3680, 9c9c57da-14dc-454a-b374-789aa5e765a9:c3680]
2019-09-16 23:35:11,362 [grpc-default-executor-1] INFO  client.GrpcClientProtocolClient (GrpcClientProtocolClient.java:onNext(264)) - client-C79DE3E06697->1d6da99a-ba9a-4d72-abd2-d0f1aa02f12f: receive RaftClientReply:client-C79DE3E06697->1d6da99a-ba9a-4d72-abd2-d0f1aa02f12f@group-B29EE812FB58, cid=2486, SUCCESS, logIndex=0, commits[1d6da99a-ba9a-4d72-abd2-d0f1aa02f12f:c3686, 9dc27687-2024-46ae-8b6e-c9027bfa400e:c3682, 9c9c57da-14dc-454a-b374-789aa5e765a9:c3682]
2019-09-16 23:35:11,382 [grpc-default-executor-1] INFO  client.GrpcClientProtocolClient (GrpcClientProtocolClient.java:onNext(264)) - client-C79DE3E06697->1d6da99a-ba9a-4d72-abd2-d0f1aa02f12f: receive RaftClientReply:client-C79DE3E06697->1d6da99a-ba9a-4d72-abd2-d0f1aa02f12f@group-B29EE812FB58, cid=2487, SUCCESS, logIndex=3689, commits[1d6da99a-ba9a-4d72-abd2-d0f1aa02f12f:c3690, 9dc27687-2024-46ae-8b6e-c9027bfa400e:c3688, 9c9c57da-14dc-454a-b374-789aa5e765a9:c3688]
2019-09-16 23:35:11,383 [grpc-default-executor-1] INFO  client.GrpcClientProtocolClient (GrpcClientProtocolClient.java:onNext(264)) - client-C79DE3E06697->1d6da99a-ba9a-4d72-abd2-d0f1aa02f12f: receive RaftClientReply:client-C79DE3E06697->1d6da99a-ba9a-4d72-abd2-d0f1aa02f12f@group-B29EE812FB58, cid=2488, SUCCESS, logIndex=3690, commits[1d6da99a-ba9a-4d72-abd2-d0f1aa02f12f:c3690, 9dc27687-2024-46ae-8b6e-c9027bfa400e:c3688, 9c9c57da-14dc-454a-b374-789aa5e765a9:c3688]
2019-09-16 23:35:11,393 [grpc-default-executor-7] INFO  client.GrpcClientProtocolClient (GrpcClientProtocolClient.java:onNext(264)) - client-C79DE3E06697->1d6da99a-ba9a-4d72-abd2-d0f1aa02f12f: receive RaftClientReply:client-C79DE3E06697->1d6da99a-ba9a-4d72-abd2-d0f1aa02f12f@group-B29EE812FB58, cid=2489, SUCCESS, logIndex=3692, commits[1d6da99a-ba9a-4d72-abd2-d0f1aa02f12f:c3693, 9dc27687-2024-46ae-8b6e-c9027bfa400e:c3691, 9c9c57da-14dc-454a-b374-789aa5e765a9:c3690]
2019-09-16 23:35:11,393 [grpc-default-executor-7] INFO  client.GrpcClientProtocolClient (GrpcClientProtocolClient.java:onNext(264)) - client-C79DE3E06697->1d6da99a-ba9a-4d72-abd2-d0f1aa02f12f: receive RaftClientReply:client-C79DE3E06697->1d6da99a-ba9a-4d72-abd2-d0f1aa02f12f@group-B29EE812FB58, cid=2490, SUCCESS, logIndex=3693, commits[1d6da99a-ba9a-4d72-abd2-d0f1aa02f12f:c3693, 9dc27687-2024-46ae-8b6e-c9027bfa400e:c3691, 9c9c57da-14dc-454a-b374-789aa5e765a9:c3691]
2019-09-16 23:35:11,396 [grpc-default-executor-7] INFO  client.GrpcClientProtocolClient (GrpcClientProtocolClient.java:onNext(264)) - client-C79DE3E06697->1d6da99a-ba9a-4d72-abd2-d0f1aa02f12f: receive RaftClientReply:client-C79DE3E06697->1d6da99a-ba9a-4d72-abd2-d0f1aa02f12f@group-B29EE812FB58, cid=2491, SUCCESS, logIndex=0, commits[1d6da99a-ba9a-4d72-abd2-d0f1aa02f12f:c3694, 9dc27687-2024-46ae-8b6e-c9027bfa400e:c3693, 9c9c57da-14dc-454a-b374-789aa5e765a9:c3693]
2019-09-16 23:35:11,429 [grpc-default-executor-1] INFO  client.GrpcClientProtocolClient (GrpcClientProtocolClient.java:onNext(264)) - client-C79DE3E06697->1d6da99a-ba9a-4d72-abd2-d0f1aa02f12f: receive RaftClientReply:client-C79DE3E06697->1d6da99a-ba9a-4d72-abd2-d0f1aa02f12f@group-B29EE812FB58, cid=2492, SUCCESS, logIndex=3696, commits[1d6da99a-ba9a-4d72-abd2-d0f1aa02f12f:c3699, 9dc27687-2024-46ae-8b6e-c9027bfa400e:c3695, 9c9c57da-14dc-454a-b374-789aa5e765a9:c3695]
2019-09-16 23:35:11,430 [grpc-default-executor-1] INFO  client.GrpcClientProtocolClient (GrpcClientProtocolClient.java:onNext(264)) - client-C79DE3E06697->1d6da99a-ba9a-4d72-abd2-d0f1aa02f12f: receive RaftClientReply:client-C79DE3E06697->1d6da99a-ba9a-4d72-abd2-d0f1aa02f12f@group-B29EE812FB58, cid=2493, SUCCESS, logIndex=3697, commits[1d6da99a-ba9a-4d72-abd2-d0f1aa02f12f:c3699, 9dc27687-2024-46ae-8b6e-c9027bfa400e:c3695, 9c9c57da-14dc-454a-b374-789aa5e765a9:c3695]
2019-09-16 23:35:11,430 [grpc-default-executor-1] INFO  client.GrpcClientProtocolClient (GrpcClientProtocolClient.java:onNext(264)) - client-C79DE3E06697->1d6da99a-ba9a-4d72-abd2-d0f1aa02f12f: receive RaftClientReply:client-C79DE3E06697->1d6da99a-ba9a-4d72-abd2-d0f1aa02f12f@group-B29EE812FB58, cid=2494, SUCCESS, logIndex=3698, commits[1d6da99a-ba9a-4d72-abd2-d0f1aa02f12f:c3700, 9dc27687-2024-46ae-8b6e-c9027bfa400e:c3695, 9c9c57da-14dc-454a-b374-789aa5e765a9:c3698]
2019-09-16 23:35:11,430 [grpc-default-executor-1] INFO  client.GrpcClientProtocolClient (GrpcClientProtocolClient.java:onNext(264)) - client-C79DE3E06697->1d6da99a-ba9a-4d72-abd2-d0f1aa02f12f: receive RaftClientReply:client-C79DE3E06697->1d6da99a-ba9a-4d72-abd2-d0f1aa02f12f@group-B29EE812FB58, cid=2495, SUCCESS, logIndex=3699, commits[1d6da99a-ba9a-4d72-abd2-d0f1aa02f12f:c3700, 9dc27687-2024-46ae-8b6e-c9027bfa400e:c3698, 9c9c57da-14dc-454a-b374-789aa5e765a9:c3698]
2019-09-16 23:35:11,449 [grpc-default-executor-7] INFO  client.GrpcClientProtocolClient (GrpcClientProtocolClient.java:onNext(264)) - client-C79DE3E06697->1d6da99a-ba9a-4d72-abd2-d0f1aa02f12f: receive RaftClientReply:client-C79DE3E06697->1d6da99a-ba9a-4d72-abd2-d0f1aa02f12f@group-B29EE812FB58, cid=2496, SUCCESS, logIndex=3703, commits[1d6da99a-ba9a-4d72-abd2-d0f1aa02f12f:c3704, 9dc27687-2024-46ae-8b6e-c9027bfa400e:c3702, 9c9c57da-14dc-454a-b374-789aa5e765a9:c3702]
2019-09-16 23:35:11,449 [grpc-default-executor-7] INFO  client.GrpcClientProtocolClient (GrpcClientProtocolClient.java:onNext(264)) - client-C79DE3E06697->1d6da99a-ba9a-4d72-abd2-d0f1aa02f12f: receive RaftClientReply:client-C79DE3E06697->1d6da99a-ba9a-4d72-abd2-d0f1aa02f12f@group-B29EE812FB58, cid=2497, SUCCESS, logIndex=3704, commits[1d6da99a-ba9a-4d72-abd2-d0f1aa02f12f:c3704, 9dc27687-2024-46ae-8b6e-c9027bfa400e:c3702, 9c9c57da-14dc-454a-b374-789aa5e765a9:c3702]
2019-09-16 23:35:11,462 [grpc-default-executor-6] INFO  client.GrpcClientProtocolClient (GrpcClientProtocolClient.java:onNext(264)) - client-C79DE3E06697->1d6da99a-ba9a-4d72-abd2-d0f1aa02f12f: receive RaftClientReply:client-C79DE3E06697->1d6da99a-ba9a-4d72-abd2-d0f1aa02f12f@group-B29EE812FB58, cid=2498, SUCCESS, logIndex=3707, commits[1d6da99a-ba9a-4d72-abd2-d0f1aa02f12f:c3707, 9dc27687-2024-46ae-8b6e-c9027bfa400e:c3704, 9c9c57da-14dc-454a-b374-789aa5e765a9:c3704]
2019-09-16 23:35:11,462 [grpc-default-executor-6] INFO  client.GrpcClientProtocolClient (GrpcClientProtocolClient.java:onNext(264)) - client-C79DE3E06697->1d6da99a-ba9a-4d72-abd2-d0f1aa02f12f: receive RaftClientReply:client-C79DE3E06697->1d6da99a-ba9a-4d72-abd2-d0f1aa02f12f@group-B29EE812FB58, cid=2499, SUCCESS, logIndex=3708, commits[1d6da99a-ba9a-4d72-abd2-d0f1aa02f12f:c3708, 9dc27687-2024-46ae-8b6e-c9027bfa400e:c3704, 9c9c57da-14dc-454a-b374-789aa5e765a9:c3704]
2019-09-16 23:35:11,475 [grpc-default-executor-6] INFO  client.GrpcClientProtocolClient (GrpcClientProtocolClient.java:onNext(264)) - client-C79DE3E06697->1d6da99a-ba9a-4d72-abd2-d0f1aa02f12f: receive RaftClientReply:client-C79DE3E06697->1d6da99a-ba9a-4d72-abd2-d0f1aa02f12f@group-B29EE812FB58, cid=2500, SUCCESS, logIndex=0, commits[1d6da99a-ba9a-4d72-abd2-d0f1aa02f12f:c3710, 9dc27687-2024-46ae-8b6e-c9027bfa400e:c3708, 9c9c57da-14dc-454a-b374-789aa5e765a9:c3708]
2019-09-16 23:35:11,505 [grpc-default-executor-3] INFO  client.GrpcClientProtocolClient (GrpcClientProtocolClient.java:onNext(264)) - client-C79DE3E06697->1d6da99a-ba9a-4d72-abd2-d0f1aa02f12f: receive RaftClientReply:client-C79DE3E06697->1d6da99a-ba9a-4d72-abd2-d0f1aa02f12f@group-B29EE812FB58, cid=2501, SUCCESS, logIndex=3711, commits[1d6da99a-ba9a-4d72-abd2-d0f1aa02f12f:c3712, 9dc27687-2024-46ae-8b6e-c9027bfa400e:c3710, 9c9c57da-14dc-454a-b374-789aa5e765a9:c3710]
2019-09-16 23:35:11,506 [grpc-default-executor-3] INFO  client.GrpcClientProtocolClient (GrpcClientProtocolClient.java:onNext(264)) - client-C79DE3E06697->1d6da99a-ba9a-4d72-abd2-d0f1aa02f12f: receive RaftClientReply:client-C79DE3E06697->1d6da99a-ba9a-4d72-abd2-d0f1aa02f12f@group-B29EE812FB58, cid=2502, SUCCESS, logIndex=3712, commits[1d6da99a-ba9a-4d72-abd2-d0f1aa02f12f:c3714, 9dc27687-2024-46ae-8b6e-c9027bfa400e:c3710, 9c9c57da-14dc-454a-b374-789aa5e765a9:c3710]
2019-09-16 23:35:11,506 [grpc-default-executor-3] INFO  client.GrpcClientProtocolClient (GrpcClientProtocolClient.java:onNext(264)) - client-C79DE3E06697->1d6da99a-ba9a-4d72-abd2-d0f1aa02f12f: receive RaftClientReply:client-C79DE3E06697->1d6da99a-ba9a-4d72-abd2-d0f1aa02f12f@group-B29EE812FB58, cid=2503, SUCCESS, logIndex=3713, commits[1d6da99a-ba9a-4d72-abd2-d0f1aa02f12f:c3714, 9dc27687-2024-46ae-8b6e-c9027bfa400e:c3710, 9c9c57da-14dc-454a-b374-789aa5e765a9:c3710]
2019-09-16 23:35:11,506 [grpc-default-executor-3] INFO  client.GrpcClientProtocolClient (GrpcClientProtocolClient.java:onNext(264)) - client-C79DE3E06697->1d6da99a-ba9a-4d72-abd2-d0f1aa02f12f: receive RaftClientReply:client-C79DE3E06697->1d6da99a-ba9a-4d72-abd2-d0f1aa02f12f@group-B29EE812FB58, cid=2504, SUCCESS, logIndex=3714, commits[1d6da99a-ba9a-4d72-abd2-d0f1aa02f12f:c3714, 9dc27687-2024-46ae-8b6e-c9027bfa400e:c3710, 9c9c57da-14dc-454a-b374-789aa5e765a9:c3710]
2019-09-16 23:35:11,520 [grpc-default-executor-1] INFO  client.GrpcClientProtocolClient (GrpcClientProtocolClient.java:onNext(264)) - client-C79DE3E06697->1d6da99a-ba9a-4d72-abd2-d0f1aa02f12f: receive RaftClientReply:client-C79DE3E06697->1d6da99a-ba9a-4d72-abd2-d0f1aa02f12f@group-B29EE812FB58, cid=2505, SUCCESS, logIndex=0, commits[1d6da99a-ba9a-4d72-abd2-d0f1aa02f12f:c3717, 9dc27687-2024-46ae-8b6e-c9027bfa400e:c3712, 9c9c57da-14dc-454a-b374-789aa5e765a9:c3714]
2019-09-16 23:35:11,540 [grpc-default-executor-1] INFO  client.GrpcClientProtocolClient (GrpcClientProtocolClient.java:onNext(264)) - client-C79DE3E06697->1d6da99a-ba9a-4d72-abd2-d0f1aa02f12f: receive RaftClientReply:client-C79DE3E06697->1d6da99a-ba9a-4d72-abd2-d0f1aa02f12f@group-B29EE812FB58, cid=2506, SUCCESS, logIndex=3719, commits[1d6da99a-ba9a-4d72-abd2-d0f1aa02f12f:c3720, 9dc27687-2024-46ae-8b6e-c9027bfa400e:c3718, 9c9c57da-14dc-454a-b374-789aa5e765a9:c3718]
2019-09-16 23:35:11,541 [grpc-default-executor-1] INFO  client.GrpcClientProtocolClient (GrpcClientProtocolClient.java:onNext(264)) - client-C79DE3E06697->1d6da99a-ba9a-4d72-abd2-d0f1aa02f12f: receive RaftClientReply:client-C79DE3E06697->1d6da99a-ba9a-4d72-abd2-d0f1aa02f12f@group-B29EE812FB58, cid=2507, SUCCESS, logIndex=3720, commits[1d6da99a-ba9a-4d72-abd2-d0f1aa02f12f:c3720, 9dc27687-2024-46ae-8b6e-c9027bfa400e:c3718, 9c9c57da-14dc-454a-b374-789aa5e765a9:c3718]
2019-09-16 23:35:11,555 [grpc-default-executor-6] INFO  client.GrpcClientProtocolClient (GrpcClientProtocolClient.java:onNext(264)) - client-C79DE3E06697->1d6da99a-ba9a-4d72-abd2-d0f1aa02f12f: receive RaftClientReply:client-C79DE3E06697->1d6da99a-ba9a-4d72-abd2-d0f1aa02f12f@group-B29EE812FB58, cid=2508, SUCCESS, logIndex=3723, commits[1d6da99a-ba9a-4d72-abd2-d0f1aa02f12f:c3724, 9dc27687-2024-46ae-8b6e-c9027bfa400e:c3720, 9c9c57da-14dc-454a-b374-789aa5e765a9:c3720]
2019-09-16 23:35:11,555 [grpc-default-executor-6] INFO  client.GrpcClientProtocolClient (GrpcClientProtocolClient.java:onNext(264)) - client-C79DE3E06697->1d6da99a-ba9a-4d72-abd2-d0f1aa02f12f: receive RaftClientReply:client-C79DE3E06697->1d6da99a-ba9a-4d72-abd2-d0f1aa02f12f@group-B29EE812FB58, cid=2509, SUCCESS, logIndex=3724, commits[1d6da99a-ba9a-4d72-abd2-d0f1aa02f12f:c3724, 9dc27687-2024-46ae-8b6e-c9027bfa400e:c3720, 9c9c57da-14dc-454a-b374-789aa5e765a9:c3720]
 0.00% |█                                                                                                    |  0/1 Time: 0:00:292019-09-16 23:35:11,581 [grpc-default-executor-6] INFO  client.GrpcClientProtocolClient (GrpcClientProtocolClient.java:onNext(264)) - client-C79DE3E06697->1d6da99a-ba9a-4d72-abd2-d0f1aa02f12f: receive RaftClientReply:client-C79DE3E06697->1d6da99a-ba9a-4d72-abd2-d0f1aa02f12f@group-B29EE812FB58, cid=2510, SUCCESS, logIndex=0, commits[1d6da99a-ba9a-4d72-abd2-d0f1aa02f12f:c3726, 9dc27687-2024-46ae-8b6e-c9027bfa400e:c3724, 9c9c57da-14dc-454a-b374-789aa5e765a9:c3724]
2019-09-16 23:35:11,761 [grpc-default-executor-1] INFO  client.GrpcClientProtocolClient (GrpcClientProtocolClient.java:onNext(264)) - client-C79DE3E06697->1d6da99a-ba9a-4d72-abd2-d0f1aa02f12f: receive RaftClientReply:client-C79DE3E06697->1d6da99a-ba9a-4d72-abd2-d0f1aa02f12f@group-B29EE812FB58, cid=2511, SUCCESS, logIndex=3727, commits[1d6da99a-ba9a-4d72-abd2-d0f1aa02f12f:c3728, 9dc27687-2024-46ae-8b6e-c9027bfa400e:c3726, 9c9c57da-14dc-454a-b374-789aa5e765a9:c3726]
2019-09-16 23:35:11,762 [grpc-default-executor-1] INFO  client.GrpcClientProtocolClient (GrpcClientProtocolClient.java:onNext(264)) - client-C79DE3E06697->1d6da99a-ba9a-4d72-abd2-d0f1aa02f12f: receive RaftClientReply:client-C79DE3E06697->1d6da99a-ba9a-4d72-abd2-d0f1aa02f12f@group-B29EE812FB58, cid=2512, SUCCESS, logIndex=3728, commits[1d6da99a-ba9a-4d72-abd2-d0f1aa02f12f:c3729, 9dc27687-2024-46ae-8b6e-c9027bfa400e:c3726, 9c9c57da-14dc-454a-b374-789aa5e765a9:c3726]
2019-09-16 23:35:11,762 [grpc-default-executor-1] INFO  client.GrpcClientProtocolClient (GrpcClientProtocolClient.java:onNext(264)) - client-C79DE3E06697->1d6da99a-ba9a-4d72-abd2-d0f1aa02f12f: receive RaftClientReply:client-C79DE3E06697->1d6da99a-ba9a-4d72-abd2-d0f1aa02f12f@group-B29EE812FB58, cid=2513, SUCCESS, logIndex=3729, commits[1d6da99a-ba9a-4d72-abd2-d0f1aa02f12f:c3730, 9dc27687-2024-46ae-8b6e-c9027bfa400e:c3726, 9c9c57da-14dc-454a-b374-789aa5e765a9:c3726]
2019-09-16 23:35:11,762 [grpc-default-executor-1] INFO  client.GrpcClientProtocolClient (GrpcClientProtocolClient.java:onNext(264)) - client-C79DE3E06697->1d6da99a-ba9a-4d72-abd2-d0f1aa02f12f: receive RaftClientReply:client-C79DE3E06697->1d6da99a-ba9a-4d72-abd2-d0f1aa02f12f@group-B29EE812FB58, cid=2514, SUCCESS, logIndex=3730, commits[1d6da99a-ba9a-4d72-abd2-d0f1aa02f12f:c3730, 9dc27687-2024-46ae-8b6e-c9027bfa400e:c3726, 9c9c57da-14dc-454a-b374-789aa5e765a9:c3726]
2019-09-16 23:35:11,776 [grpc-default-executor-1] INFO  client.GrpcClientProtocolClient (GrpcClientProtocolClient.java:onNext(264)) - client-C79DE3E06697->1d6da99a-ba9a-4d72-abd2-d0f1aa02f12f: receive RaftClientReply:client-C79DE3E06697->1d6da99a-ba9a-4d72-abd2-d0f1aa02f12f@group-B29EE812FB58, cid=2515, SUCCESS, logIndex=0, commits[1d6da99a-ba9a-4d72-abd2-d0f1aa02f12f:c3732, 9dc27687-2024-46ae-8b6e-c9027bfa400e:c3728, 9c9c57da-14dc-454a-b374-789aa5e765a9:c3728]
2019-09-16 23:35:11,798 [grpc-default-executor-1] INFO  client.GrpcClientProtocolClient (GrpcClientProtocolClient.java:onNext(264)) - client-C79DE3E06697->1d6da99a-ba9a-4d72-abd2-d0f1aa02f12f: receive RaftClientReply:client-C79DE3E06697->1d6da99a-ba9a-4d72-abd2-d0f1aa02f12f@group-B29EE812FB58, cid=2516, SUCCESS, logIndex=3735, commits[1d6da99a-ba9a-4d72-abd2-d0f1aa02f12f:c3736, 9dc27687-2024-46ae-8b6e-c9027bfa400e:c3734, 9c9c57da-14dc-454a-b374-789aa5e765a9:c3734]
2019-09-16 23:35:11,798 [grpc-default-executor-1] INFO  client.GrpcClientProtocolClient (GrpcClientProtocolClient.java:onNext(264)) - client-C79DE3E06697->1d6da99a-ba9a-4d72-abd2-d0f1aa02f12f: receive RaftClientReply:client-C79DE3E06697->1d6da99a-ba9a-4d72-abd2-d0f1aa02f12f@group-B29EE812FB58, cid=2517, SUCCESS, logIndex=3736, commits[1d6da99a-ba9a-4d72-abd2-d0f1aa02f12f:c3736, 9dc27687-2024-46ae-8b6e-c9027bfa400e:c3734, 9c9c57da-14dc-454a-b374-789aa5e765a9:c3734]
2019-09-16 23:35:11,824 [grpc-default-executor-6] INFO  client.GrpcClientProtocolClient (GrpcClientProtocolClient.java:onNext(264)) - client-C79DE3E06697->1d6da99a-ba9a-4d72-abd2-d0f1aa02f12f: receive RaftClientReply:client-C79DE3E06697->1d6da99a-ba9a-4d72-abd2-d0f1aa02f12f@group-B29EE812FB58, cid=2518, SUCCESS, logIndex=3739, commits[1d6da99a-ba9a-4d72-abd2-d0f1aa02f12f:c3739, 9dc27687-2024-46ae-8b6e-c9027bfa400e:c3736, 9c9c57da-14dc-454a-b374-789aa5e765a9:c3736]
2019-09-16 23:35:11,824 [grpc-default-executor-6] INFO  client.GrpcClientProtocolClient (GrpcClientProtocolClient.java:onNext(264)) - client-C79DE3E06697->1d6da99a-ba9a-4d72-abd2-d0f1aa02f12f: receive RaftClientReply:client-C79DE3E06697->1d6da99a-ba9a-4d72-abd2-d0f1aa02f12f@group-B29EE812FB58, cid=2519, SUCCESS, logIndex=3740, commits[1d6da99a-ba9a-4d72-abd2-d0f1aa02f12f:c3740, 9dc27687-2024-46ae-8b6e-c9027bfa400e:c3736, 9c9c57da-14dc-454a-b374-789aa5e765a9:c3736]
2019-09-16 23:35:11,838 [grpc-default-executor-6] INFO  client.GrpcClientProtocolClient (GrpcClientProtocolClient.java:onNext(264)) - client-C79DE3E06697->1d6da99a-ba9a-4d72-abd2-d0f1aa02f12f: receive RaftClientReply:client-C79DE3E06697->1d6da99a-ba9a-4d72-abd2-d0f1aa02f12f@group-B29EE812FB58, cid=2520, SUCCESS, logIndex=0, commits[1d6da99a-ba9a-4d72-abd2-d0f1aa02f12f:c3741, 9dc27687-2024-46ae-8b6e-c9027bfa400e:c3740, 9c9c57da-14dc-454a-b374-789aa5e765a9:c3740]
2019-09-16 23:35:11,873 [grpc-default-executor-7] INFO  client.GrpcClientProtocolClient (GrpcClientProtocolClient.java:onNext(264)) - client-C79DE3E06697->1d6da99a-ba9a-4d72-abd2-d0f1aa02f12f: receive RaftClientReply:client-C79DE3E06697->1d6da99a-ba9a-4d72-abd2-d0f1aa02f12f@group-B29EE812FB58, cid=2521, SUCCESS, logIndex=3743, commits[1d6da99a-ba9a-4d72-abd2-d0f1aa02f12f:c3744, 9dc27687-2024-46ae-8b6e-c9027bfa400e:c3742, 9c9c57da-14dc-454a-b374-789aa5e765a9:c3742]
2019-09-16 23:35:11,874 [grpc-default-executor-7] INFO  client.GrpcClientProtocolClient (GrpcClientProtocolClient.java:onNext(264)) - client-C79DE3E06697->1d6da99a-ba9a-4d72-abd2-d0f1aa02f12f: receive RaftClientReply:client-C79DE3E06697->1d6da99a-ba9a-4d72-abd2-d0f1aa02f12f@group-B29EE812FB58, cid=2522, SUCCESS, logIndex=3744, commits[1d6da99a-ba9a-4d72-abd2-d0f1aa02f12f:c3746, 9dc27687-2024-46ae-8b6e-c9027bfa400e:c3742, 9c9c57da-14dc-454a-b374-789aa5e765a9:c3742]
2019-09-16 23:35:11,874 [grpc-default-executor-7] INFO  client.GrpcClientProtocolClient (GrpcClientProtocolClient.java:onNext(264)) - client-C79DE3E06697->1d6da99a-ba9a-4d72-abd2-d0f1aa02f12f: receive RaftClientReply:client-C79DE3E06697->1d6da99a-ba9a-4d72-abd2-d0f1aa02f12f@group-B29EE812FB58, cid=2523, SUCCESS, logIndex=3745, commits[1d6da99a-ba9a-4d72-abd2-d0f1aa02f12f:c3746, 9dc27687-2024-46ae-8b6e-c9027bfa400e:c3742, 9c9c57da-14dc-454a-b374-789aa5e765a9:c3742]
2019-09-16 23:35:11,874 [grpc-default-executor-7] INFO  client.GrpcClientProtocolClient (GrpcClientProtocolClient.java:onNext(264)) - client-C79DE3E06697->1d6da99a-ba9a-4d72-abd2-d0f1aa02f12f: receive RaftClientReply:client-C79DE3E06697->1d6da99a-ba9a-4d72-abd2-d0f1aa02f12f@group-B29EE812FB58, cid=2524, SUCCESS, logIndex=3746, commits[1d6da99a-ba9a-4d72-abd2-d0f1aa02f12f:c3746, 9dc27687-2024-46ae-8b6e-c9027bfa400e:c3742, 9c9c57da-14dc-454a-b374-789aa5e765a9:c3742]
2019-09-16 23:35:11,886 [grpc-default-executor-1] INFO  client.GrpcClientProtocolClient (GrpcClientProtocolClient.java:onNext(264)) - client-C79DE3E06697->1d6da99a-ba9a-4d72-abd2-d0f1aa02f12f: receive RaftClientReply:client-C79DE3E06697->1d6da99a-ba9a-4d72-abd2-d0f1aa02f12f@group-B29EE812FB58, cid=2525, SUCCESS, logIndex=0, commits[1d6da99a-ba9a-4d72-abd2-d0f1aa02f12f:c3746, 9dc27687-2024-46ae-8b6e-c9027bfa400e:c3744, 9c9c57da-14dc-454a-b374-789aa5e765a9:c3744]
2019-09-16 23:35:11,899 [grpc-default-executor-6] INFO  client.GrpcClientProtocolClient (GrpcClientProtocolClient.java:onNext(264)) - client-C79DE3E06697->1d6da99a-ba9a-4d72-abd2-d0f1aa02f12f: receive RaftClientReply:client-C79DE3E06697->1d6da99a-ba9a-4d72-abd2-d0f1aa02f12f@group-B29EE812FB58, cid=2526, SUCCESS, logIndex=3750, commits[1d6da99a-ba9a-4d72-abd2-d0f1aa02f12f:c3751, 9dc27687-2024-46ae-8b6e-c9027bfa400e:c3746, 9c9c57da-14dc-454a-b374-789aa5e765a9:c3747]
2019-09-16 23:35:11,899 [grpc-default-executor-6] INFO  client.GrpcClientProtocolClient (GrpcClientProtocolClient.java:onNext(264)) - client-C79DE3E06697->1d6da99a-ba9a-4d72-abd2-d0f1aa02f12f: receive RaftClientReply:client-C79DE3E06697->1d6da99a-ba9a-4d72-abd2-d0f1aa02f12f@group-B29EE812FB58, cid=2527, SUCCESS, logIndex=3751, commits[1d6da99a-ba9a-4d72-abd2-d0f1aa02f12f:c3751, 9dc27687-2024-46ae-8b6e-c9027bfa400e:c3746, 9c9c57da-14dc-454a-b374-789aa5e765a9:c3747]
2019-09-16 23:35:11,916 [grpc-default-executor-6] INFO  client.GrpcClientProtocolClient (GrpcClientProtocolClient.java:onNext(264)) - client-C79DE3E06697->1d6da99a-ba9a-4d72-abd2-d0f1aa02f12f: receive RaftClientReply:client-C79DE3E06697->1d6da99a-ba9a-4d72-abd2-d0f1aa02f12f@group-B29EE812FB58, cid=2528, SUCCESS, logIndex=3754, commits[1d6da99a-ba9a-4d72-abd2-d0f1aa02f12f:c3755, 9dc27687-2024-46ae-8b6e-c9027bfa400e:c3751, 9c9c57da-14dc-454a-b374-789aa5e765a9:c3751]
2019-09-16 23:35:11,917 [grpc-default-executor-6] INFO  client.GrpcClientProtocolClient (GrpcClientProtocolClient.java:onNext(264)) - client-C79DE3E06697->1d6da99a-ba9a-4d72-abd2-d0f1aa02f12f: receive RaftClientReply:client-C79DE3E06697->1d6da99a-ba9a-4d72-abd2-d0f1aa02f12f@group-B29EE812FB58, cid=2529, SUCCESS, logIndex=3755, commits[1d6da99a-ba9a-4d72-abd2-d0f1aa02f12f:c3755, 9dc27687-2024-46ae-8b6e-c9027bfa400e:c3751, 9c9c57da-14dc-454a-b374-789aa5e765a9:c3751]
2019-09-16 23:35:11,921 [grpc-default-executor-6] INFO  client.GrpcClientProtocolClient (GrpcClientProtocolClient.java:onNext(264)) - client-C79DE3E06697->1d6da99a-ba9a-4d72-abd2-d0f1aa02f12f: receive RaftClientReply:client-C79DE3E06697->1d6da99a-ba9a-4d72-abd2-d0f1aa02f12f@group-B29EE812FB58, cid=2530, SUCCESS, logIndex=0, commits[1d6da99a-ba9a-4d72-abd2-d0f1aa02f12f:c3757, 9dc27687-2024-46ae-8b6e-c9027bfa400e:c3755, 9c9c57da-14dc-454a-b374-789aa5e765a9:c3755]
2019-09-16 23:35:11,954 [grpc-default-executor-6] INFO  client.GrpcClientProtocolClient (GrpcClientProtocolClient.java:onNext(264)) - client-C79DE3E06697->1d6da99a-ba9a-4d72-abd2-d0f1aa02f12f: receive RaftClientReply:client-C79DE3E06697->1d6da99a-ba9a-4d72-abd2-d0f1aa02f12f@group-B29EE812FB58, cid=2531, SUCCESS, logIndex=3758, commits[1d6da99a-ba9a-4d72-abd2-d0f1aa02f12f:c3759, 9dc27687-2024-46ae-8b6e-c9027bfa400e:c3757, 9c9c57da-14dc-454a-b374-789aa5e765a9:c3757]
2019-09-16 23:35:11,954 [grpc-default-executor-6] INFO  client.GrpcClientProtocolClient (GrpcClientProtocolClient.java:onNext(264)) - client-C79DE3E06697->1d6da99a-ba9a-4d72-abd2-d0f1aa02f12f: receive RaftClientReply:client-C79DE3E06697->1d6da99a-ba9a-4d72-abd2-d0f1aa02f12f@group-B29EE812FB58, cid=2532, SUCCESS, logIndex=3759, commits[1d6da99a-ba9a-4d72-abd2-d0f1aa02f12f:c3759, 9dc27687-2024-46ae-8b6e-c9027bfa400e:c3757, 9c9c57da-14dc-454a-b374-789aa5e765a9:c3757]
2019-09-16 23:35:11,954 [grpc-default-executor-6] INFO  client.GrpcClientProtocolClient (GrpcClientProtocolClient.java:onNext(264)) - client-C79DE3E06697->1d6da99a-ba9a-4d72-abd2-d0f1aa02f12f: receive RaftClientReply:client-C79DE3E06697->1d6da99a-ba9a-4d72-abd2-d0f1aa02f12f@group-B29EE812FB58, cid=2533, SUCCESS, logIndex=3760, commits[1d6da99a-ba9a-4d72-abd2-d0f1aa02f12f:c3761, 9dc27687-2024-46ae-8b6e-c9027bfa400e:c3757, 9c9c57da-14dc-454a-b374-789aa5e765a9:c3757]
2019-09-16 23:35:11,955 [grpc-default-executor-6] INFO  client.GrpcClientProtocolClient (GrpcClientProtocolClient.java:onNext(264)) - client-C79DE3E06697->1d6da99a-ba9a-4d72-abd2-d0f1aa02f12f: receive RaftClientReply:client-C79DE3E06697->1d6da99a-ba9a-4d72-abd2-d0f1aa02f12f@group-B29EE812FB58, cid=2534, SUCCESS, logIndex=3761, commits[1d6da99a-ba9a-4d72-abd2-d0f1aa02f12f:c3761, 9dc27687-2024-46ae-8b6e-c9027bfa400e:c3757, 9c9c57da-14dc-454a-b374-789aa5e765a9:c3757]
2019-09-16 23:35:11,968 [grpc-default-executor-6] INFO  client.GrpcClientProtocolClient (GrpcClientProtocolClient.java:onNext(264)) - client-C79DE3E06697->1d6da99a-ba9a-4d72-abd2-d0f1aa02f12f: receive RaftClientReply:client-C79DE3E06697->1d6da99a-ba9a-4d72-abd2-d0f1aa02f12f@group-B29EE812FB58, cid=2535, SUCCESS, logIndex=0, commits[1d6da99a-ba9a-4d72-abd2-d0f1aa02f12f:c3763, 9dc27687-2024-46ae-8b6e-c9027bfa400e:c3759, 9c9c57da-14dc-454a-b374-789aa5e765a9:c3759]
2019-09-16 23:35:11,982 [grpc-default-executor-3] INFO  client.GrpcClientProtocolClient (GrpcClientProtocolClient.java:onNext(264)) - client-C79DE3E06697->1d6da99a-ba9a-4d72-abd2-d0f1aa02f12f: receive RaftClientReply:client-C79DE3E06697->1d6da99a-ba9a-4d72-abd2-d0f1aa02f12f@group-B29EE812FB58, cid=2536, SUCCESS, logIndex=3765, commits[1d6da99a-ba9a-4d72-abd2-d0f1aa02f12f:c3766, 9dc27687-2024-46ae-8b6e-c9027bfa400e:c3764, 9c9c57da-14dc-454a-b374-789aa5e765a9:c3764]
2019-09-16 23:35:11,983 [grpc-default-executor-3] INFO  client.GrpcClientProtocolClient (GrpcClientProtocolClient.java:onNext(264)) - client-C79DE3E06697->1d6da99a-ba9a-4d72-abd2-d0f1aa02f12f: receive RaftClientReply:client-C79DE3E06697->1d6da99a-ba9a-4d72-abd2-d0f1aa02f12f@group-B29EE812FB58, cid=2537, SUCCESS, logIndex=3766, commits[1d6da99a-ba9a-4d72-abd2-d0f1aa02f12f:c3766, 9dc27687-2024-46ae-8b6e-c9027bfa400e:c3764, 9c9c57da-14dc-454a-b374-789aa5e765a9:c3764]
2019-09-16 23:35:11,996 [grpc-default-executor-7] INFO  client.GrpcClientProtocolClient (GrpcClientProtocolClient.java:onNext(264)) - client-C79DE3E06697->1d6da99a-ba9a-4d72-abd2-d0f1aa02f12f: receive RaftClientReply:client-C79DE3E06697->1d6da99a-ba9a-4d72-abd2-d0f1aa02f12f@group-B29EE812FB58, cid=2538, SUCCESS, logIndex=3769, commits[1d6da99a-ba9a-4d72-abd2-d0f1aa02f12f:c3769, 9dc27687-2024-46ae-8b6e-c9027bfa400e:c3766, 9c9c57da-14dc-454a-b374-789aa5e765a9:c3766]
2019-09-16 23:35:11,996 [grpc-default-executor-7] INFO  client.GrpcClientProtocolClient (GrpcClientProtocolClient.java:onNext(264)) - client-C79DE3E06697->1d6da99a-ba9a-4d72-abd2-d0f1aa02f12f: receive RaftClientReply:client-C79DE3E06697->1d6da99a-ba9a-4d72-abd2-d0f1aa02f12f@group-B29EE812FB58, cid=2539, SUCCESS, logIndex=3770, commits[1d6da99a-ba9a-4d72-abd2-d0f1aa02f12f:c3770, 9dc27687-2024-46ae-8b6e-c9027bfa400e:c3766, 9c9c57da-14dc-454a-b374-789aa5e765a9:c3766]
2019-09-16 23:35:12,010 [grpc-default-executor-7] INFO  client.GrpcClientProtocolClient (GrpcClientProtocolClient.java:onNext(264)) - client-C79DE3E06697->1d6da99a-ba9a-4d72-abd2-d0f1aa02f12f: receive RaftClientReply:client-C79DE3E06697->1d6da99a-ba9a-4d72-abd2-d0f1aa02f12f@group-B29EE812FB58, cid=2540, SUCCESS, logIndex=0, commits[1d6da99a-ba9a-4d72-abd2-d0f1aa02f12f:c3771, 9dc27687-2024-46ae-8b6e-c9027bfa400e:c3770, 9c9c57da-14dc-454a-b374-789aa5e765a9:c3770]
2019-09-16 23:35:12,037 [grpc-default-executor-1] INFO  client.GrpcClientProtocolClient (GrpcClientProtocolClient.java:onNext(264)) - client-C79DE3E06697->1d6da99a-ba9a-4d72-abd2-d0f1aa02f12f: receive RaftClientReply:client-C79DE3E06697->1d6da99a-ba9a-4d72-abd2-d0f1aa02f12f@group-B29EE812FB58, cid=2541, SUCCESS, logIndex=3773, commits[1d6da99a-ba9a-4d72-abd2-d0f1aa02f12f:c3774, 9dc27687-2024-46ae-8b6e-c9027bfa400e:c3772, 9c9c57da-14dc-454a-b374-789aa5e765a9:c3772]
2019-09-16 23:35:12,037 [grpc-default-executor-1] INFO  client.GrpcClientProtocolClient (GrpcClientProtocolClient.java:onNext(264)) - client-C79DE3E06697->1d6da99a-ba9a-4d72-abd2-d0f1aa02f12f: receive RaftClientReply:client-C79DE3E06697->1d6da99a-ba9a-4d72-abd2-d0f1aa02f12f@group-B29EE812FB58, cid=2542, SUCCESS, logIndex=3774, commits[1d6da99a-ba9a-4d72-abd2-d0f1aa02f12f:c3774, 9dc27687-2024-46ae-8b6e-c9027bfa400e:c3772, 9c9c57da-14dc-454a-b374-789aa5e765a9:c3772]
2019-09-16 23:35:12,038 [grpc-default-executor-7] INFO  client.GrpcClientProtocolClient (GrpcClientProtocolClient.java:onNext(264)) - client-C79DE3E06697->1d6da99a-ba9a-4d72-abd2-d0f1aa02f12f: receive RaftClientReply:client-C79DE3E06697->1d6da99a-ba9a-4d72-abd2-d0f1aa02f12f@group-B29EE812FB58, cid=2543, SUCCESS, logIndex=3775, commits[1d6da99a-ba9a-4d72-abd2-d0f1aa02f12f:c3776, 9dc27687-2024-46ae-8b6e-c9027bfa400e:c3772, 9c9c57da-14dc-454a-b374-789aa5e765a9:c3772]
2019-09-16 23:35:12,038 [grpc-default-executor-7] INFO  client.GrpcClientProtocolClient (GrpcClientProtocolClient.java:onNext(264)) - client-C79DE3E06697->1d6da99a-ba9a-4d72-abd2-d0f1aa02f12f: receive RaftClientReply:client-C79DE3E06697->1d6da99a-ba9a-4d72-abd2-d0f1aa02f12f@group-B29EE812FB58, cid=2544, SUCCESS, logIndex=3776, commits[1d6da99a-ba9a-4d72-abd2-d0f1aa02f12f:c3776, 9dc27687-2024-46ae-8b6e-c9027bfa400e:c3772, 9c9c57da-14dc-454a-b374-789aa5e765a9:c3772]
2019-09-16 23:35:12,039 [grpc-default-executor-7] INFO  client.GrpcClientProtocolClient (GrpcClientProtocolClient.java:onNext(264)) - client-C79DE3E06697->1d6da99a-ba9a-4d72-abd2-d0f1aa02f12f: receive RaftClientReply:client-C79DE3E06697->1d6da99a-ba9a-4d72-abd2-d0f1aa02f12f@group-B29EE812FB58, cid=2545, SUCCESS, logIndex=0, commits[1d6da99a-ba9a-4d72-abd2-d0f1aa02f12f:c3777, 9dc27687-2024-46ae-8b6e-c9027bfa400e:c3774, 9c9c57da-14dc-454a-b374-789aa5e765a9:c3774]
2019-09-16 23:35:12,059 [grpc-default-executor-7] INFO  client.GrpcClientProtocolClient (GrpcClientProtocolClient.java:onNext(264)) - client-C79DE3E06697->1d6da99a-ba9a-4d72-abd2-d0f1aa02f12f: receive RaftClientReply:client-C79DE3E06697->1d6da99a-ba9a-4d72-abd2-d0f1aa02f12f@group-B29EE812FB58, cid=2546, SUCCESS, logIndex=3781, commits[1d6da99a-ba9a-4d72-abd2-d0f1aa02f12f:c3782, 9dc27687-2024-46ae-8b6e-c9027bfa400e:c3780, 9c9c57da-14dc-454a-b374-789aa5e765a9:c3780]
2019-09-16 23:35:12,060 [grpc-default-executor-7] INFO  client.GrpcClientProtocolClient (GrpcClientProtocolClient.java:onNext(264)) - client-C79DE3E06697->1d6da99a-ba9a-4d72-abd2-d0f1aa02f12f: receive RaftClientReply:client-C79DE3E06697->1d6da99a-ba9a-4d72-abd2-d0f1aa02f12f@group-B29EE812FB58, cid=2547, SUCCESS, logIndex=3782, commits[1d6da99a-ba9a-4d72-abd2-d0f1aa02f12f:c3782, 9dc27687-2024-46ae-8b6e-c9027bfa400e:c3780, 9c9c57da-14dc-454a-b374-789aa5e765a9:c3780]
2019-09-16 23:35:12,085 [grpc-default-executor-6] INFO  client.GrpcClientProtocolClient (GrpcClientProtocolClient.java:onNext(264)) - client-C79DE3E06697->1d6da99a-ba9a-4d72-abd2-d0f1aa02f12f: receive RaftClientReply:client-C79DE3E06697->1d6da99a-ba9a-4d72-abd2-d0f1aa02f12f@group-B29EE812FB58, cid=2548, SUCCESS, logIndex=3785, commits[1d6da99a-ba9a-4d72-abd2-d0f1aa02f12f:c3786, 9dc27687-2024-46ae-8b6e-c9027bfa400e:c3782, 9c9c57da-14dc-454a-b374-789aa5e765a9:c3782]
2019-09-16 23:35:12,085 [grpc-default-executor-6] INFO  client.GrpcClientProtocolClient (GrpcClientProtocolClient.java:onNext(264)) - client-C79DE3E06697->1d6da99a-ba9a-4d72-abd2-d0f1aa02f12f: receive RaftClientReply:client-C79DE3E06697->1d6da99a-ba9a-4d72-abd2-d0f1aa02f12f@group-B29EE812FB58, cid=2549, SUCCESS, logIndex=3786, commits[1d6da99a-ba9a-4d72-abd2-d0f1aa02f12f:c3786, 9dc27687-2024-46ae-8b6e-c9027bfa400e:c3782, 9c9c57da-14dc-454a-b374-789aa5e765a9:c3782]
2019-09-16 23:35:12,109 [grpc-default-executor-6] INFO  client.GrpcClientProtocolClient (GrpcClientProtocolClient.java:onNext(264)) - client-C79DE3E06697->1d6da99a-ba9a-4d72-abd2-d0f1aa02f12f: receive RaftClientReply:client-C79DE3E06697->1d6da99a-ba9a-4d72-abd2-d0f1aa02f12f@group-B29EE812FB58, cid=2550, SUCCESS, logIndex=0, commits[1d6da99a-ba9a-4d72-abd2-d0f1aa02f12f:c3788, 9dc27687-2024-46ae-8b6e-c9027bfa400e:c3786, 9c9c57da-14dc-454a-b374-789aa5e765a9:c3786]
2019-09-16 23:35:12,139 [grpc-default-executor-6] INFO  client.GrpcClientProtocolClient (GrpcClientProtocolClient.java:onNext(264)) - client-C79DE3E06697->1d6da99a-ba9a-4d72-abd2-d0f1aa02f12f: receive RaftClientReply:client-C79DE3E06697->1d6da99a-ba9a-4d72-abd2-d0f1aa02f12f@group-B29EE812FB58, cid=2551, SUCCESS, logIndex=3789, commits[1d6da99a-ba9a-4d72-abd2-d0f1aa02f12f:c3789, 9dc27687-2024-46ae-8b6e-c9027bfa400e:c3788, 9c9c57da-14dc-454a-b374-789aa5e765a9:c3788]
2019-09-16 23:35:12,140 [grpc-default-executor-6] INFO  client.GrpcClientProtocolClient (GrpcClientProtocolClient.java:onNext(264)) - client-C79DE3E06697->1d6da99a-ba9a-4d72-abd2-d0f1aa02f12f: receive RaftClientReply:client-C79DE3E06697->1d6da99a-ba9a-4d72-abd2-d0f1aa02f12f@group-B29EE812FB58, cid=2552, SUCCESS, logIndex=3790, commits[1d6da99a-ba9a-4d72-abd2-d0f1aa02f12f:c3790, 9dc27687-2024-46ae-8b6e-c9027bfa400e:c3788, 9c9c57da-14dc-454a-b374-789aa5e765a9:c3788]
2019-09-16 23:35:12,153 [grpc-default-executor-6] INFO  client.GrpcClientProtocolClient (GrpcClientProtocolClient.java:onNext(264)) - client-C79DE3E06697->1d6da99a-ba9a-4d72-abd2-d0f1aa02f12f: receive RaftClientReply:client-C79DE3E06697->1d6da99a-ba9a-4d72-abd2-d0f1aa02f12f@group-B29EE812FB58, cid=2553, SUCCESS, logIndex=3791, commits[1d6da99a-ba9a-4d72-abd2-d0f1aa02f12f:c3792, 9dc27687-2024-46ae-8b6e-c9027bfa400e:c3788, 9c9c57da-14dc-454a-b374-789aa5e765a9:c3788]
2019-09-16 23:35:12,154 [grpc-default-executor-1] INFO  client.GrpcClientProtocolClient (GrpcClientProtocolClient.java:onNext(264)) - client-C79DE3E06697->1d6da99a-ba9a-4d72-abd2-d0f1aa02f12f: receive RaftClientReply:client-C79DE3E06697->1d6da99a-ba9a-4d72-abd2-d0f1aa02f12f@group-B29EE812FB58, cid=2554, SUCCESS, logIndex=3792, commits[1d6da99a-ba9a-4d72-abd2-d0f1aa02f12f:c3792, 9dc27687-2024-46ae-8b6e-c9027bfa400e:c3788, 9c9c57da-14dc-454a-b374-789aa5e765a9:c3788]
2019-09-16 23:35:12,155 [grpc-default-executor-1] INFO  client.GrpcClientProtocolClient (GrpcClientProtocolClient.java:onNext(264)) - client-C79DE3E06697->1d6da99a-ba9a-4d72-abd2-d0f1aa02f12f: receive RaftClientReply:client-C79DE3E06697->1d6da99a-ba9a-4d72-abd2-d0f1aa02f12f@group-B29EE812FB58, cid=2555, SUCCESS, logIndex=0, commits[1d6da99a-ba9a-4d72-abd2-d0f1aa02f12f:c3794, 9dc27687-2024-46ae-8b6e-c9027bfa400e:c3790, 9c9c57da-14dc-454a-b374-789aa5e765a9:c3790]
2019-09-16 23:35:12,166 [grpc-default-executor-7] INFO  client.GrpcClientProtocolClient (GrpcClientProtocolClient.java:onNext(264)) - client-C79DE3E06697->1d6da99a-ba9a-4d72-abd2-d0f1aa02f12f: receive RaftClientReply:client-C79DE3E06697->1d6da99a-ba9a-4d72-abd2-d0f1aa02f12f@group-B29EE812FB58, cid=2556, SUCCESS, logIndex=3797, commits[1d6da99a-ba9a-4d72-abd2-d0f1aa02f12f:c3798, 9dc27687-2024-46ae-8b6e-c9027bfa400e:c3796, 9c9c57da-14dc-454a-b374-789aa5e765a9:c3796]
2019-09-16 23:35:12,167 [grpc-default-executor-7] INFO  client.GrpcClientProtocolClient (GrpcClientProtocolClient.java:onNext(264)) - client-C79DE3E06697->1d6da99a-ba9a-4d72-abd2-d0f1aa02f12f: receive RaftClientReply:client-C79DE3E06697->1d6da99a-ba9a-4d72-abd2-d0f1aa02f12f@group-B29EE812FB58, cid=2557, SUCCESS, logIndex=3798, commits[1d6da99a-ba9a-4d72-abd2-d0f1aa02f12f:c3798, 9dc27687-2024-46ae-8b6e-c9027bfa400e:c3796, 9c9c57da-14dc-454a-b374-789aa5e765a9:c3796]
2019-09-16 23:35:12,187 [grpc-default-executor-7] INFO  client.GrpcClientProtocolClient (GrpcClientProtocolClient.java:onNext(264)) - client-C79DE3E06697->1d6da99a-ba9a-4d72-abd2-d0f1aa02f12f: receive RaftClientReply:client-C79DE3E06697->1d6da99a-ba9a-4d72-abd2-d0f1aa02f12f@group-B29EE812FB58, cid=2558, SUCCESS, logIndex=3801, commits[1d6da99a-ba9a-4d72-abd2-d0f1aa02f12f:c3802, 9dc27687-2024-46ae-8b6e-c9027bfa400e:c3798, 9c9c57da-14dc-454a-b374-789aa5e765a9:c3800]
2019-09-16 23:35:12,187 [grpc-default-executor-7] INFO  client.GrpcClientProtocolClient (GrpcClientProtocolClient.java:onNext(264)) - client-C79DE3E06697->1d6da99a-ba9a-4d72-abd2-d0f1aa02f12f: receive RaftClientReply:client-C79DE3E06697->1d6da99a-ba9a-4d72-abd2-d0f1aa02f12f@group-B29EE812FB58, cid=2559, SUCCESS, logIndex=3802, commits[1d6da99a-ba9a-4d72-abd2-d0f1aa02f12f:c3802, 9dc27687-2024-46ae-8b6e-c9027bfa400e:c3800, 9c9c57da-14dc-454a-b374-789aa5e765a9:c3800]
2019-09-16 23:35:12,190 [grpc-default-executor-7] INFO  client.GrpcClientProtocolClient (GrpcClientProtocolClient.java:onNext(264)) - client-C79DE3E06697->1d6da99a-ba9a-4d72-abd2-d0f1aa02f12f: receive RaftClientReply:client-C79DE3E06697->1d6da99a-ba9a-4d72-abd2-d0f1aa02f12f@group-B29EE812FB58, cid=2560, SUCCESS, logIndex=0, commits[1d6da99a-ba9a-4d72-abd2-d0f1aa02f12f:c3803, 9dc27687-2024-46ae-8b6e-c9027bfa400e:c3802, 9c9c57da-14dc-454a-b374-789aa5e765a9:c3802]
2019-09-16 23:35:12,214 [grpc-default-executor-1] INFO  client.GrpcClientProtocolClient (GrpcClientProtocolClient.java:onNext(264)) - client-C79DE3E06697->1d6da99a-ba9a-4d72-abd2-d0f1aa02f12f: receive RaftClientReply:client-C79DE3E06697->1d6da99a-ba9a-4d72-abd2-d0f1aa02f12f@group-B29EE812FB58, cid=2561, SUCCESS, logIndex=3804, commits[1d6da99a-ba9a-4d72-abd2-d0f1aa02f12f:c3805, 9dc27687-2024-46ae-8b6e-c9027bfa400e:c3803, 9c9c57da-14dc-454a-b374-789aa5e765a9:c3803]
2019-09-16 23:35:12,214 [grpc-default-executor-1] INFO  client.GrpcClientProtocolClient (GrpcClientProtocolClient.java:onNext(264)) - client-C79DE3E06697->1d6da99a-ba9a-4d72-abd2-d0f1aa02f12f: receive RaftClientReply:client-C79DE3E06697->1d6da99a-ba9a-4d72-abd2-d0f1aa02f12f@group-B29EE812FB58, cid=2562, SUCCESS, logIndex=3805, commits[1d6da99a-ba9a-4d72-abd2-d0f1aa02f12f:c3807, 9dc27687-2024-46ae-8b6e-c9027bfa400e:c3803, 9c9c57da-14dc-454a-b374-789aa5e765a9:c3803]
2019-09-16 23:35:12,214 [grpc-default-executor-1] INFO  client.GrpcClientProtocolClient (GrpcClientProtocolClient.java:onNext(264)) - client-C79DE3E06697->1d6da99a-ba9a-4d72-abd2-d0f1aa02f12f: receive RaftClientReply:client-C79DE3E06697->1d6da99a-ba9a-4d72-abd2-d0f1aa02f12f@group-B29EE812FB58, cid=2563, SUCCESS, logIndex=3806, commits[1d6da99a-ba9a-4d72-abd2-d0f1aa02f12f:c3807, 9dc27687-2024-46ae-8b6e-c9027bfa400e:c3803, 9c9c57da-14dc-454a-b374-789aa5e765a9:c3803]
2019-09-16 23:35:12,214 [grpc-default-executor-1] INFO  client.GrpcClientProtocolClient (GrpcClientProtocolClient.java:onNext(264)) - client-C79DE3E06697->1d6da99a-ba9a-4d72-abd2-d0f1aa02f12f: receive RaftClientReply:client-C79DE3E06697->1d6da99a-ba9a-4d72-abd2-d0f1aa02f12f@group-B29EE812FB58, cid=2564, SUCCESS, logIndex=3807, commits[1d6da99a-ba9a-4d72-abd2-d0f1aa02f12f:c3807, 9dc27687-2024-46ae-8b6e-c9027bfa400e:c3803, 9c9c57da-14dc-454a-b374-789aa5e765a9:c3803]
2019-09-16 23:35:12,227 [grpc-default-executor-1] INFO  client.GrpcClientProtocolClient (GrpcClientProtocolClient.java:onNext(264)) - client-C79DE3E06697->1d6da99a-ba9a-4d72-abd2-d0f1aa02f12f: receive RaftClientReply:client-C79DE3E06697->1d6da99a-ba9a-4d72-abd2-d0f1aa02f12f@group-B29EE812FB58, cid=2565, SUCCESS, logIndex=0, commits[1d6da99a-ba9a-4d72-abd2-d0f1aa02f12f:c3810, 9dc27687-2024-46ae-8b6e-c9027bfa400e:c3805, 9c9c57da-14dc-454a-b374-789aa5e765a9:c3806]
2019-09-16 23:35:12,246 [grpc-default-executor-1] INFO  client.GrpcClientProtocolClient (GrpcClientProtocolClient.java:onNext(264)) - client-C79DE3E06697->1d6da99a-ba9a-4d72-abd2-d0f1aa02f12f: receive RaftClientReply:client-C79DE3E06697->1d6da99a-ba9a-4d72-abd2-d0f1aa02f12f@group-B29EE812FB58, cid=2566, SUCCESS, logIndex=3812, commits[1d6da99a-ba9a-4d72-abd2-d0f1aa02f12f:c3813, 9dc27687-2024-46ae-8b6e-c9027bfa400e:c3811, 9c9c57da-14dc-454a-b374-789aa5e765a9:c3811]
2019-09-16 23:35:12,246 [grpc-default-executor-1] INFO  client.GrpcClientProtocolClient (GrpcClientProtocolClient.java:onNext(264)) - client-C79DE3E06697->1d6da99a-ba9a-4d72-abd2-d0f1aa02f12f: receive RaftClientReply:client-C79DE3E06697->1d6da99a-ba9a-4d72-abd2-d0f1aa02f12f@group-B29EE812FB58, cid=2567, SUCCESS, logIndex=3813, commits[1d6da99a-ba9a-4d72-abd2-d0f1aa02f12f:c3813, 9dc27687-2024-46ae-8b6e-c9027bfa400e:c3811, 9c9c57da-14dc-454a-b374-789aa5e765a9:c3811]
2019-09-16 23:35:12,261 [grpc-default-executor-7] INFO  client.GrpcClientProtocolClient (GrpcClientProtocolClient.java:onNext(264)) - client-C79DE3E06697->1d6da99a-ba9a-4d72-abd2-d0f1aa02f12f: receive RaftClientReply:client-C79DE3E06697->1d6da99a-ba9a-4d72-abd2-d0f1aa02f12f@group-B29EE812FB58, cid=2568, SUCCESS, logIndex=3816, commits[1d6da99a-ba9a-4d72-abd2-d0f1aa02f12f:c3817, 9dc27687-2024-46ae-8b6e-c9027bfa400e:c3813, 9c9c57da-14dc-454a-b374-789aa5e765a9:c3813]
2019-09-16 23:35:12,261 [grpc-default-executor-7] INFO  client.GrpcClientProtocolClient (GrpcClientProtocolClient.java:onNext(264)) - client-C79DE3E06697->1d6da99a-ba9a-4d72-abd2-d0f1aa02f12f: receive RaftClientReply:client-C79DE3E06697->1d6da99a-ba9a-4d72-abd2-d0f1aa02f12f@group-B29EE812FB58, cid=2569, SUCCESS, logIndex=3817, commits[1d6da99a-ba9a-4d72-abd2-d0f1aa02f12f:c3817, 9dc27687-2024-46ae-8b6e-c9027bfa400e:c3813, 9c9c57da-14dc-454a-b374-789aa5e765a9:c3813]
2019-09-16 23:35:12,275 [grpc-default-executor-1] INFO  client.GrpcClientProtocolClient (GrpcClientProtocolClient.java:onNext(264)) - client-C79DE3E06697->1d6da99a-ba9a-4d72-abd2-d0f1aa02f12f: receive RaftClientReply:client-C79DE3E06697->1d6da99a-ba9a-4d72-abd2-d0f1aa02f12f@group-B29EE812FB58, cid=2570, SUCCESS, logIndex=0, commits[1d6da99a-ba9a-4d72-abd2-d0f1aa02f12f:c3819, 9dc27687-2024-46ae-8b6e-c9027bfa400e:c3817, 9c9c57da-14dc-454a-b374-789aa5e765a9:c3817]
2019-09-16 23:35:12,303 [grpc-default-executor-7] INFO  client.GrpcClientProtocolClient (GrpcClientProtocolClient.java:onNext(264)) - client-C79DE3E06697->1d6da99a-ba9a-4d72-abd2-d0f1aa02f12f: receive RaftClientReply:client-C79DE3E06697->1d6da99a-ba9a-4d72-abd2-d0f1aa02f12f@group-B29EE812FB58, cid=2571, SUCCESS, logIndex=3820, commits[1d6da99a-ba9a-4d72-abd2-d0f1aa02f12f:c3821, 9dc27687-2024-46ae-8b6e-c9027bfa400e:c3819, 9c9c57da-14dc-454a-b374-789aa5e765a9:c3819]
2019-09-16 23:35:12,303 [grpc-default-executor-7] INFO  client.GrpcClientProtocolClient (GrpcClientProtocolClient.java:onNext(264)) - client-C79DE3E06697->1d6da99a-ba9a-4d72-abd2-d0f1aa02f12f: receive RaftClientReply:client-C79DE3E06697->1d6da99a-ba9a-4d72-abd2-d0f1aa02f12f@group-B29EE812FB58, cid=2572, SUCCESS, logIndex=3821, commits[1d6da99a-ba9a-4d72-abd2-d0f1aa02f12f:c3821, 9dc27687-2024-46ae-8b6e-c9027bfa400e:c3819, 9c9c57da-14dc-454a-b374-789aa5e765a9:c3819]
2019-09-16 23:35:12,305 [grpc-default-executor-7] INFO  client.GrpcClientProtocolClient (GrpcClientProtocolClient.java:onNext(264)) - client-C79DE3E06697->1d6da99a-ba9a-4d72-abd2-d0f1aa02f12f: receive RaftClientReply:client-C79DE3E06697->1d6da99a-ba9a-4d72-abd2-d0f1aa02f12f@group-B29EE812FB58, cid=2573, SUCCESS, logIndex=3822, commits[1d6da99a-ba9a-4d72-abd2-d0f1aa02f12f:c3823, 9dc27687-2024-46ae-8b6e-c9027bfa400e:c3819, 9c9c57da-14dc-454a-b374-789aa5e765a9:c3819]
2019-09-16 23:35:12,305 [grpc-default-executor-7] INFO  client.GrpcClientProtocolClient (GrpcClientProtocolClient.java:onNext(264)) - client-C79DE3E06697->1d6da99a-ba9a-4d72-abd2-d0f1aa02f12f: receive RaftClientReply:client-C79DE3E06697->1d6da99a-ba9a-4d72-abd2-d0f1aa02f12f@group-B29EE812FB58, cid=2574, SUCCESS, logIndex=3823, commits[1d6da99a-ba9a-4d72-abd2-d0f1aa02f12f:c3823, 9dc27687-2024-46ae-8b6e-c9027bfa400e:c3819, 9c9c57da-14dc-454a-b374-789aa5e765a9:c3819]
2019-09-16 23:35:12,317 [grpc-default-executor-7] INFO  client.GrpcClientProtocolClient (GrpcClientProtocolClient.java:onNext(264)) - client-C79DE3E06697->1d6da99a-ba9a-4d72-abd2-d0f1aa02f12f: receive RaftClientReply:client-C79DE3E06697->1d6da99a-ba9a-4d72-abd2-d0f1aa02f12f@group-B29EE812FB58, cid=2575, SUCCESS, logIndex=0, commits[1d6da99a-ba9a-4d72-abd2-d0f1aa02f12f:c3825, 9dc27687-2024-46ae-8b6e-c9027bfa400e:c3821, 9c9c57da-14dc-454a-b374-789aa5e765a9:c3821]
2019-09-16 23:35:12,335 [grpc-default-executor-6] INFO  client.GrpcClientProtocolClient (GrpcClientProtocolClient.java:onNext(264)) - client-C79DE3E06697->1d6da99a-ba9a-4d72-abd2-d0f1aa02f12f: receive RaftClientReply:client-C79DE3E06697->1d6da99a-ba9a-4d72-abd2-d0f1aa02f12f@group-B29EE812FB58, cid=2576, SUCCESS, logIndex=3828, commits[1d6da99a-ba9a-4d72-abd2-d0f1aa02f12f:c3828, 9dc27687-2024-46ae-8b6e-c9027bfa400e:c3827, 9c9c57da-14dc-454a-b374-789aa5e765a9:c3827]
2019-09-16 23:35:12,335 [grpc-default-executor-6] INFO  client.GrpcClientProtocolClient (GrpcClientProtocolClient.java:onNext(264)) - client-C79DE3E06697->1d6da99a-ba9a-4d72-abd2-d0f1aa02f12f: receive RaftClientReply:client-C79DE3E06697->1d6da99a-ba9a-4d72-abd2-d0f1aa02f12f@group-B29EE812FB58, cid=2577, SUCCESS, logIndex=3829, commits[1d6da99a-ba9a-4d72-abd2-d0f1aa02f12f:c3829, 9dc27687-2024-46ae-8b6e-c9027bfa400e:c3827, 9c9c57da-14dc-454a-b374-789aa5e765a9:c3827]
2019-09-16 23:35:12,361 [grpc-default-executor-1] INFO  client.GrpcClientProtocolClient (GrpcClientProtocolClient.java:onNext(264)) - client-C79DE3E06697->1d6da99a-ba9a-4d72-abd2-d0f1aa02f12f: receive RaftClientReply:client-C79DE3E06697->1d6da99a-ba9a-4d72-abd2-d0f1aa02f12f@group-B29EE812FB58, cid=2578, SUCCESS, logIndex=3832, commits[1d6da99a-ba9a-4d72-abd2-d0f1aa02f12f:c3833, 9dc27687-2024-46ae-8b6e-c9027bfa400e:c3829, 9c9c57da-14dc-454a-b374-789aa5e765a9:c3829]
2019-09-16 23:35:12,361 [grpc-default-executor-1] INFO  client.GrpcClientProtocolClient (GrpcClientProtocolClient.java:onNext(264)) - client-C79DE3E06697->1d6da99a-ba9a-4d72-abd2-d0f1aa02f12f: receive RaftClientReply:client-C79DE3E06697->1d6da99a-ba9a-4d72-abd2-d0f1aa02f12f@group-B29EE812FB58, cid=2579, SUCCESS, logIndex=3833, commits[1d6da99a-ba9a-4d72-abd2-d0f1aa02f12f:c3833, 9dc27687-2024-46ae-8b6e-c9027bfa400e:c3829, 9c9c57da-14dc-454a-b374-789aa5e765a9:c3829]
2019-09-16 23:35:12,375 [grpc-default-executor-6] INFO  client.GrpcClientProtocolClient (GrpcClientProtocolClient.java:onNext(264)) - client-C79DE3E06697->1d6da99a-ba9a-4d72-abd2-d0f1aa02f12f: receive RaftClientReply:client-C79DE3E06697->1d6da99a-ba9a-4d72-abd2-d0f1aa02f12f@group-B29EE812FB58, cid=2580, SUCCESS, logIndex=0, commits[1d6da99a-ba9a-4d72-abd2-d0f1aa02f12f:c3834, 9dc27687-2024-46ae-8b6e-c9027bfa400e:c3833, 9c9c57da-14dc-454a-b374-789aa5e765a9:c3833]
2019-09-16 23:35:12,400 [grpc-default-executor-6] INFO  client.GrpcClientProtocolClient (GrpcClientProtocolClient.java:onNext(264)) - client-C79DE3E06697->1d6da99a-ba9a-4d72-abd2-d0f1aa02f12f: receive RaftClientReply:client-C79DE3E06697->1d6da99a-ba9a-4d72-abd2-d0f1aa02f12f@group-B29EE812FB58, cid=2581, SUCCESS, logIndex=3836, commits[1d6da99a-ba9a-4d72-abd2-d0f1aa02f12f:c3837, 9dc27687-2024-46ae-8b6e-c9027bfa400e:c3835, 9c9c57da-14dc-454a-b374-789aa5e765a9:c3835]
2019-09-16 23:35:12,401 [grpc-default-executor-6] INFO  client.GrpcClientProtocolClient (GrpcClientProtocolClient.java:onNext(264)) - client-C79DE3E06697->1d6da99a-ba9a-4d72-abd2-d0f1aa02f12f: receive RaftClientReply:client-C79DE3E06697->1d6da99a-ba9a-4d72-abd2-d0f1aa02f12f@group-B29EE812FB58, cid=2582, SUCCESS, logIndex=3837, commits[1d6da99a-ba9a-4d72-abd2-d0f1aa02f12f:c3839, 9dc27687-2024-46ae-8b6e-c9027bfa400e:c3835, 9c9c57da-14dc-454a-b374-789aa5e765a9:c3835]
2019-09-16 23:35:12,401 [grpc-default-executor-6] INFO  client.GrpcClientProtocolClient (GrpcClientProtocolClient.java:onNext(264)) - client-C79DE3E06697->1d6da99a-ba9a-4d72-abd2-d0f1aa02f12f: receive RaftClientReply:client-C79DE3E06697->1d6da99a-ba9a-4d72-abd2-d0f1aa02f12f@group-B29EE812FB58, cid=2583, SUCCESS, logIndex=3838, commits[1d6da99a-ba9a-4d72-abd2-d0f1aa02f12f:c3839, 9dc27687-2024-46ae-8b6e-c9027bfa400e:c3835, 9c9c57da-14dc-454a-b374-789aa5e765a9:c3835]
2019-09-16 23:35:12,401 [grpc-default-executor-6] INFO  client.GrpcClientProtocolClient (GrpcClientProtocolClient.java:onNext(264)) - client-C79DE3E06697->1d6da99a-ba9a-4d72-abd2-d0f1aa02f12f: receive RaftClientReply:client-C79DE3E06697->1d6da99a-ba9a-4d72-abd2-d0f1aa02f12f@group-B29EE812FB58, cid=2584, SUCCESS, logIndex=3839, commits[1d6da99a-ba9a-4d72-abd2-d0f1aa02f12f:c3839, 9dc27687-2024-46ae-8b6e-c9027bfa400e:c3835, 9c9c57da-14dc-454a-b374-789aa5e765a9:c3835]
2019-09-16 23:35:12,403 [grpc-default-executor-6] INFO  client.GrpcClientProtocolClient (GrpcClientProtocolClient.java:onNext(264)) - client-C79DE3E06697->1d6da99a-ba9a-4d72-abd2-d0f1aa02f12f: receive RaftClientReply:client-C79DE3E06697->1d6da99a-ba9a-4d72-abd2-d0f1aa02f12f@group-B29EE812FB58, cid=2585, SUCCESS, logIndex=0, commits[1d6da99a-ba9a-4d72-abd2-d0f1aa02f12f:c3841, 9dc27687-2024-46ae-8b6e-c9027bfa400e:c3837, 9c9c57da-14dc-454a-b374-789aa5e765a9:c3837]
2019-09-16 23:35:12,413 [grpc-default-executor-1] INFO  client.GrpcClientProtocolClient (GrpcClientProtocolClient.java:onNext(264)) - client-C79DE3E06697->1d6da99a-ba9a-4d72-abd2-d0f1aa02f12f: receive RaftClientReply:client-C79DE3E06697->1d6da99a-ba9a-4d72-abd2-d0f1aa02f12f@group-B29EE812FB58, cid=2586, SUCCESS, logIndex=3843, commits[1d6da99a-ba9a-4d72-abd2-d0f1aa02f12f:c3844, 9dc27687-2024-46ae-8b6e-c9027bfa400e:c3842, 9c9c57da-14dc-454a-b374-789aa5e765a9:c3839]
2019-09-16 23:35:12,413 [grpc-default-executor-1] INFO  client.GrpcClientProtocolClient (GrpcClientProtocolClient.java:onNext(264)) - client-C79DE3E06697->1d6da99a-ba9a-4d72-abd2-d0f1aa02f12f: receive RaftClientReply:client-C79DE3E06697->1d6da99a-ba9a-4d72-abd2-d0f1aa02f12f@group-B29EE812FB58, cid=2587, SUCCESS, logIndex=3844, commits[1d6da99a-ba9a-4d72-abd2-d0f1aa02f12f:c3844, 9dc27687-2024-46ae-8b6e-c9027bfa400e:c3842, 9c9c57da-14dc-454a-b374-789aa5e765a9:c3842]
2019-09-16 23:35:12,423 [grpc-default-executor-6] INFO  client.GrpcClientProtocolClient (GrpcClientProtocolClient.java:onNext(264)) - client-C79DE3E06697->1d6da99a-ba9a-4d72-abd2-d0f1aa02f12f: receive RaftClientReply:client-C79DE3E06697->1d6da99a-ba9a-4d72-abd2-d0f1aa02f12f@group-B29EE812FB58, cid=2588, SUCCESS, logIndex=3847, commits[1d6da99a-ba9a-4d72-abd2-d0f1aa02f12f:c3848, 9dc27687-2024-46ae-8b6e-c9027bfa400e:c3844, 9c9c57da-14dc-454a-b374-789aa5e765a9:c3846]
2019-09-16 23:35:12,424 [grpc-default-executor-7] INFO  client.GrpcClientProtocolClient (GrpcClientProtocolClient.java:onNext(264)) - client-C79DE3E06697->1d6da99a-ba9a-4d72-abd2-d0f1aa02f12f: receive RaftClientReply:client-C79DE3E06697->1d6da99a-ba9a-4d72-abd2-d0f1aa02f12f@group-B29EE812FB58, cid=2589, SUCCESS, logIndex=3848, commits[1d6da99a-ba9a-4d72-abd2-d0f1aa02f12f:c3848, 9dc27687-2024-46ae-8b6e-c9027bfa400e:c3844, 9c9c57da-14dc-454a-b374-789aa5e765a9:c3846]
2019-09-16 23:35:12,427 [grpc-default-executor-7] INFO  client.GrpcClientProtocolClient (GrpcClientProtocolClient.java:onNext(264)) - client-C79DE3E06697->1d6da99a-ba9a-4d72-abd2-d0f1aa02f12f: receive RaftClientReply:client-C79DE3E06697->1d6da99a-ba9a-4d72-abd2-d0f1aa02f12f@group-B29EE812FB58, cid=2590, SUCCESS, logIndex=0, commits[1d6da99a-ba9a-4d72-abd2-d0f1aa02f12f:c3850, 9dc27687-2024-46ae-8b6e-c9027bfa400e:c3848, 9c9c57da-14dc-454a-b374-789aa5e765a9:c3848]
2019-09-16 23:35:12,462 [grpc-default-executor-1] INFO  client.GrpcClientProtocolClient (GrpcClientProtocolClient.java:onNext(264)) - client-C79DE3E06697->1d6da99a-ba9a-4d72-abd2-d0f1aa02f12f: receive RaftClientReply:client-C79DE3E06697->1d6da99a-ba9a-4d72-abd2-d0f1aa02f12f@group-B29EE812FB58, cid=2591, SUCCESS, logIndex=3851, commits[1d6da99a-ba9a-4d72-abd2-d0f1aa02f12f:c3852, 9dc27687-2024-46ae-8b6e-c9027bfa400e:c3848, 9c9c57da-14dc-454a-b374-789aa5e765a9:c3850]
2019-09-16 23:35:12,462 [grpc-default-executor-1] INFO  client.GrpcClientProtocolClient (GrpcClientProtocolClient.java:onNext(264)) - client-C79DE3E06697->1d6da99a-ba9a-4d72-abd2-d0f1aa02f12f: receive RaftClientReply:client-C79DE3E06697->1d6da99a-ba9a-4d72-abd2-d0f1aa02f12f@group-B29EE812FB58, cid=2592, SUCCESS, logIndex=3852, commits[1d6da99a-ba9a-4d72-abd2-d0f1aa02f12f:c3852, 9dc27687-2024-46ae-8b6e-c9027bfa400e:c3850, 9c9c57da-14dc-454a-b374-789aa5e765a9:c3850]
2019-09-16 23:35:12,463 [grpc-default-executor-3] INFO  client.GrpcClientProtocolClient (GrpcClientProtocolClient.java:onNext(264)) - client-C79DE3E06697->1d6da99a-ba9a-4d72-abd2-d0f1aa02f12f: receive RaftClientReply:client-C79DE3E06697->1d6da99a-ba9a-4d72-abd2-d0f1aa02f12f@group-B29EE812FB58, cid=2593, SUCCESS, logIndex=3853, commits[1d6da99a-ba9a-4d72-abd2-d0f1aa02f12f:c3853, 9dc27687-2024-46ae-8b6e-c9027bfa400e:c3850, 9c9c57da-14dc-454a-b374-789aa5e765a9:c3850]
2019-09-16 23:35:12,463 [grpc-default-executor-3] INFO  client.GrpcClientProtocolClient (GrpcClientProtocolClient.java:onNext(264)) - client-C79DE3E06697->1d6da99a-ba9a-4d72-abd2-d0f1aa02f12f: receive RaftClientReply:client-C79DE3E06697->1d6da99a-ba9a-4d72-abd2-d0f1aa02f12f@group-B29EE812FB58, cid=2594, SUCCESS, logIndex=3854, commits[1d6da99a-ba9a-4d72-abd2-d0f1aa02f12f:c3854, 9dc27687-2024-46ae-8b6e-c9027bfa400e:c3850, 9c9c57da-14dc-454a-b374-789aa5e765a9:c3850]
2019-09-16 23:35:12,475 [grpc-default-executor-3] INFO  client.GrpcClientProtocolClient (GrpcClientProtocolClient.java:onNext(264)) - client-C79DE3E06697->1d6da99a-ba9a-4d72-abd2-d0f1aa02f12f: receive RaftClientReply:client-C79DE3E06697->1d6da99a-ba9a-4d72-abd2-d0f1aa02f12f@group-B29EE812FB58, cid=2595, SUCCESS, logIndex=0, commits[1d6da99a-ba9a-4d72-abd2-d0f1aa02f12f:c3855, 9dc27687-2024-46ae-8b6e-c9027bfa400e:c3852, 9c9c57da-14dc-454a-b374-789aa5e765a9:c3852]
2019-09-16 23:35:12,490 [grpc-default-executor-1] INFO  client.GrpcClientProtocolClient (GrpcClientProtocolClient.java:onNext(264)) - client-C79DE3E06697->1d6da99a-ba9a-4d72-abd2-d0f1aa02f12f: receive RaftClientReply:client-C79DE3E06697->1d6da99a-ba9a-4d72-abd2-d0f1aa02f12f@group-B29EE812FB58, cid=2596, SUCCESS, logIndex=3858, commits[1d6da99a-ba9a-4d72-abd2-d0f1aa02f12f:c3859, 9dc27687-2024-46ae-8b6e-c9027bfa400e:c3857, 9c9c57da-14dc-454a-b374-789aa5e765a9:c3857]
2019-09-16 23:35:12,491 [grpc-default-executor-1] INFO  client.GrpcClientProtocolClient (GrpcClientProtocolClient.java:onNext(264)) - client-C79DE3E06697->1d6da99a-ba9a-4d72-abd2-d0f1aa02f12f: receive RaftClientReply:client-C79DE3E06697->1d6da99a-ba9a-4d72-abd2-d0f1aa02f12f@group-B29EE812FB58, cid=2597, SUCCESS, logIndex=3859, commits[1d6da99a-ba9a-4d72-abd2-d0f1aa02f12f:c3859, 9dc27687-2024-46ae-8b6e-c9027bfa400e:c3857, 9c9c57da-14dc-454a-b374-789aa5e765a9:c3857]
 0.00% |█                                                                                                    |  0/1 Time: 0:00:302019-09-16 23:35:12,725 [grpc-default-executor-3] INFO  client.GrpcClientProtocolClient (GrpcClientProtocolClient.java:onNext(264)) - client-C79DE3E06697->1d6da99a-ba9a-4d72-abd2-d0f1aa02f12f: receive RaftClientReply:client-C79DE3E06697->1d6da99a-ba9a-4d72-abd2-d0f1aa02f12f@group-B29EE812FB58, cid=2598, SUCCESS, logIndex=3862, commits[1d6da99a-ba9a-4d72-abd2-d0f1aa02f12f:c3863, 9dc27687-2024-46ae-8b6e-c9027bfa400e:c3859, 9c9c57da-14dc-454a-b374-789aa5e765a9:c3859]
2019-09-16 23:35:12,725 [grpc-default-executor-3] INFO  client.GrpcClientProtocolClient (GrpcClientProtocolClient.java:onNext(264)) - client-C79DE3E06697->1d6da99a-ba9a-4d72-abd2-d0f1aa02f12f: receive RaftClientReply:client-C79DE3E06697->1d6da99a-ba9a-4d72-abd2-d0f1aa02f12f@group-B29EE812FB58, cid=2599, SUCCESS, logIndex=3863, commits[1d6da99a-ba9a-4d72-abd2-d0f1aa02f12f:c3863, 9dc27687-2024-46ae-8b6e-c9027bfa400e:c3859, 9c9c57da-14dc-454a-b374-789aa5e765a9:c3859]
2019-09-16 23:35:12,734 [grpc-default-executor-3] INFO  client.GrpcClientProtocolClient (GrpcClientProtocolClient.java:onNext(264)) - client-C79DE3E06697->1d6da99a-ba9a-4d72-abd2-d0f1aa02f12f: receive RaftClientReply:client-C79DE3E06697->1d6da99a-ba9a-4d72-abd2-d0f1aa02f12f@group-B29EE812FB58, cid=2600, SUCCESS, logIndex=0, commits[1d6da99a-ba9a-4d72-abd2-d0f1aa02f12f:c3864, 9dc27687-2024-46ae-8b6e-c9027bfa400e:c3863, 9c9c57da-14dc-454a-b374-789aa5e765a9:c3863]
2019-09-16 23:35:12,781 [grpc-default-executor-3] INFO  client.GrpcClientProtocolClient (GrpcClientProtocolClient.java:onNext(264)) - client-C79DE3E06697->1d6da99a-ba9a-4d72-abd2-d0f1aa02f12f: receive RaftClientReply:client-C79DE3E06697->1d6da99a-ba9a-4d72-abd2-d0f1aa02f12f@group-B29EE812FB58, cid=2601, SUCCESS, logIndex=3866, commits[1d6da99a-ba9a-4d72-abd2-d0f1aa02f12f:c3867, 9dc27687-2024-46ae-8b6e-c9027bfa400e:c3865, 9c9c57da-14dc-454a-b374-789aa5e765a9:c3865]
2019-09-16 23:35:12,782 [grpc-default-executor-3] INFO  client.GrpcClientProtocolClient (GrpcClientProtocolClient.java:onNext(264)) - client-C79DE3E06697->1d6da99a-ba9a-4d72-abd2-d0f1aa02f12f: receive RaftClientReply:client-C79DE3E06697->1d6da99a-ba9a-4d72-abd2-d0f1aa02f12f@group-B29EE812FB58, cid=2602, SUCCESS, logIndex=3867, commits[1d6da99a-ba9a-4d72-abd2-d0f1aa02f12f:c3869, 9dc27687-2024-46ae-8b6e-c9027bfa400e:c3865, 9c9c57da-14dc-454a-b374-789aa5e765a9:c3865]
2019-09-16 23:35:12,783 [grpc-default-executor-3] INFO  client.GrpcClientProtocolClient (GrpcClientProtocolClient.java:onNext(264)) - client-C79DE3E06697->1d6da99a-ba9a-4d72-abd2-d0f1aa02f12f: receive RaftClientReply:client-C79DE3E06697->1d6da99a-ba9a-4d72-abd2-d0f1aa02f12f@group-B29EE812FB58, cid=2603, SUCCESS, logIndex=3868, commits[1d6da99a-ba9a-4d72-abd2-d0f1aa02f12f:c3869, 9dc27687-2024-46ae-8b6e-c9027bfa400e:c3865, 9c9c57da-14dc-454a-b374-789aa5e765a9:c3865]
2019-09-16 23:35:12,783 [grpc-default-executor-3] INFO  client.GrpcClientProtocolClient (GrpcClientProtocolClient.java:onNext(264)) - client-C79DE3E06697->1d6da99a-ba9a-4d72-abd2-d0f1aa02f12f: receive RaftClientReply:client-C79DE3E06697->1d6da99a-ba9a-4d72-abd2-d0f1aa02f12f@group-B29EE812FB58, cid=2604, SUCCESS, logIndex=3869, commits[1d6da99a-ba9a-4d72-abd2-d0f1aa02f12f:c3869, 9dc27687-2024-46ae-8b6e-c9027bfa400e:c3865, 9c9c57da-14dc-454a-b374-789aa5e765a9:c3865]
2019-09-16 23:35:12,796 [grpc-default-executor-3] INFO  client.GrpcClientProtocolClient (GrpcClientProtocolClient.java:onNext(264)) - client-C79DE3E06697->1d6da99a-ba9a-4d72-abd2-d0f1aa02f12f: receive RaftClientReply:client-C79DE3E06697->1d6da99a-ba9a-4d72-abd2-d0f1aa02f12f@group-B29EE812FB58, cid=2605, SUCCESS, logIndex=0, commits[1d6da99a-ba9a-4d72-abd2-d0f1aa02f12f:c3871, 9dc27687-2024-46ae-8b6e-c9027bfa400e:c3867, 9c9c57da-14dc-454a-b374-789aa5e765a9:c3867]
2019-09-16 23:35:12,821 [grpc-default-executor-1] INFO  client.GrpcClientProtocolClient (GrpcClientProtocolClient.java:onNext(264)) - client-C79DE3E06697->1d6da99a-ba9a-4d72-abd2-d0f1aa02f12f: receive RaftClientReply:client-C79DE3E06697->1d6da99a-ba9a-4d72-abd2-d0f1aa02f12f@group-B29EE812FB58, cid=2606, SUCCESS, logIndex=3873, commits[1d6da99a-ba9a-4d72-abd2-d0f1aa02f12f:c3874, 9dc27687-2024-46ae-8b6e-c9027bfa400e:c3872, 9c9c57da-14dc-454a-b374-789aa5e765a9:c3872]
2019-09-16 23:35:12,821 [grpc-default-executor-1] INFO  client.GrpcClientProtocolClient (GrpcClientProtocolClient.java:onNext(264)) - client-C79DE3E06697->1d6da99a-ba9a-4d72-abd2-d0f1aa02f12f: receive RaftClientReply:client-C79DE3E06697->1d6da99a-ba9a-4d72-abd2-d0f1aa02f12f@group-B29EE812FB58, cid=2607, SUCCESS, logIndex=3874, commits[1d6da99a-ba9a-4d72-abd2-d0f1aa02f12f:c3874, 9dc27687-2024-46ae-8b6e-c9027bfa400e:c3872, 9c9c57da-14dc-454a-b374-789aa5e765a9:c3872]
2019-09-16 23:35:12,834 [grpc-default-executor-7] INFO  client.GrpcClientProtocolClient (GrpcClientProtocolClient.java:onNext(264)) - client-C79DE3E06697->1d6da99a-ba9a-4d72-abd2-d0f1aa02f12f: receive RaftClientReply:client-C79DE3E06697->1d6da99a-ba9a-4d72-abd2-d0f1aa02f12f@group-B29EE812FB58, cid=2608, SUCCESS, logIndex=3877, commits[1d6da99a-ba9a-4d72-abd2-d0f1aa02f12f:c3878, 9dc27687-2024-46ae-8b6e-c9027bfa400e:c3874, 9c9c57da-14dc-454a-b374-789aa5e765a9:c3873]
2019-09-16 23:35:12,835 [grpc-default-executor-7] INFO  client.GrpcClientProtocolClient (GrpcClientProtocolClient.java:onNext(264)) - client-C79DE3E06697->1d6da99a-ba9a-4d72-abd2-d0f1aa02f12f: receive RaftClientReply:client-C79DE3E06697->1d6da99a-ba9a-4d72-abd2-d0f1aa02f12f@group-B29EE812FB58, cid=2609, SUCCESS, logIndex=3878, commits[1d6da99a-ba9a-4d72-abd2-d0f1aa02f12f:c3878, 9dc27687-2024-46ae-8b6e-c9027bfa400e:c3874, 9c9c57da-14dc-454a-b374-789aa5e765a9:c3873]
2019-09-16 23:35:12,835 [grpc-default-executor-7] INFO  client.GrpcClientProtocolClient (GrpcClientProtocolClient.java:onNext(264)) - client-C79DE3E06697->1d6da99a-ba9a-4d72-abd2-d0f1aa02f12f: receive RaftClientReply:client-C79DE3E06697->1d6da99a-ba9a-4d72-abd2-d0f1aa02f12f@group-B29EE812FB58, cid=2610, SUCCESS, logIndex=0, commits[1d6da99a-ba9a-4d72-abd2-d0f1aa02f12f:c3878, 9dc27687-2024-46ae-8b6e-c9027bfa400e:c3874, 9c9c57da-14dc-454a-b374-789aa5e765a9:c3874]
2019-09-16 23:35:12,848 [grpc-default-executor-1] INFO  client.GrpcClientProtocolClient (GrpcClientProtocolClient.java:onNext(264)) - client-C79DE3E06697->1d6da99a-ba9a-4d72-abd2-d0f1aa02f12f: receive RaftClientReply:client-C79DE3E06697->1d6da99a-ba9a-4d72-abd2-d0f1aa02f12f@group-B29EE812FB58, cid=2611, SUCCESS, logIndex=0, commits[1d6da99a-ba9a-4d72-abd2-d0f1aa02f12f:c3880, 9dc27687-2024-46ae-8b6e-c9027bfa400e:c3878, 9c9c57da-14dc-454a-b374-789aa5e765a9:c3878]
2019-09-16 23:35:12,879 [grpc-default-executor-1] INFO  client.GrpcClientProtocolClient (GrpcClientProtocolClient.java:onNext(264)) - client-C79DE3E06697->1d6da99a-ba9a-4d72-abd2-d0f1aa02f12f: receive RaftClientReply:client-C79DE3E06697->1d6da99a-ba9a-4d72-abd2-d0f1aa02f12f@group-B29EE812FB58, cid=2612, SUCCESS, logIndex=3881, commits[1d6da99a-ba9a-4d72-abd2-d0f1aa02f12f:c3882, 9dc27687-2024-46ae-8b6e-c9027bfa400e:c3880, 9c9c57da-14dc-454a-b374-789aa5e765a9:c3880]
2019-09-16 23:35:12,880 [grpc-default-executor-1] INFO  client.GrpcClientProtocolClient (GrpcClientProtocolClient.java:onNext(264)) - client-C79DE3E06697->1d6da99a-ba9a-4d72-abd2-d0f1aa02f12f: receive RaftClientReply:client-C79DE3E06697->1d6da99a-ba9a-4d72-abd2-d0f1aa02f12f@group-B29EE812FB58, cid=2613, SUCCESS, logIndex=3882, commits[1d6da99a-ba9a-4d72-abd2-d0f1aa02f12f:c3882, 9dc27687-2024-46ae-8b6e-c9027bfa400e:c3880, 9c9c57da-14dc-454a-b374-789aa5e765a9:c3880]
2019-09-16 23:35:12,880 [grpc-default-executor-1] INFO  client.GrpcClientProtocolClient (GrpcClientProtocolClient.java:onNext(264)) - client-C79DE3E06697->1d6da99a-ba9a-4d72-abd2-d0f1aa02f12f: receive RaftClientReply:client-C79DE3E06697->1d6da99a-ba9a-4d72-abd2-d0f1aa02f12f@group-B29EE812FB58, cid=2614, SUCCESS, logIndex=3883, commits[1d6da99a-ba9a-4d72-abd2-d0f1aa02f12f:c3884, 9dc27687-2024-46ae-8b6e-c9027bfa400e:c3880, 9c9c57da-14dc-454a-b374-789aa5e765a9:c3880]
2019-09-16 23:35:12,880 [grpc-default-executor-1] INFO  client.GrpcClientProtocolClient (GrpcClientProtocolClient.java:onNext(264)) - client-C79DE3E06697->1d6da99a-ba9a-4d72-abd2-d0f1aa02f12f: receive RaftClientReply:client-C79DE3E06697->1d6da99a-ba9a-4d72-abd2-d0f1aa02f12f@group-B29EE812FB58, cid=2615, SUCCESS, logIndex=3884, commits[1d6da99a-ba9a-4d72-abd2-d0f1aa02f12f:c3884, 9dc27687-2024-46ae-8b6e-c9027bfa400e:c3880, 9c9c57da-14dc-454a-b374-789aa5e765a9:c3880]
2019-09-16 23:35:12,894 [grpc-default-executor-1] INFO  client.GrpcClientProtocolClient (GrpcClientProtocolClient.java:onNext(264)) - client-C79DE3E06697->1d6da99a-ba9a-4d72-abd2-d0f1aa02f12f: receive RaftClientReply:client-C79DE3E06697->1d6da99a-ba9a-4d72-abd2-d0f1aa02f12f@group-B29EE812FB58, cid=2616, SUCCESS, logIndex=0, commits[1d6da99a-ba9a-4d72-abd2-d0f1aa02f12f:c3886, 9dc27687-2024-46ae-8b6e-c9027bfa400e:c3882, 9c9c57da-14dc-454a-b374-789aa5e765a9:c3882]
2019-09-16 23:35:12,910 [grpc-default-executor-7] INFO  client.GrpcClientProtocolClient (GrpcClientProtocolClient.java:onNext(264)) - client-C79DE3E06697->1d6da99a-ba9a-4d72-abd2-d0f1aa02f12f: receive RaftClientReply:client-C79DE3E06697->1d6da99a-ba9a-4d72-abd2-d0f1aa02f12f@group-B29EE812FB58, cid=2617, SUCCESS, logIndex=3889, commits[1d6da99a-ba9a-4d72-abd2-d0f1aa02f12f:c3890, 9dc27687-2024-46ae-8b6e-c9027bfa400e:c3888, 9c9c57da-14dc-454a-b374-789aa5e765a9:c3884]
2019-09-16 23:35:12,911 [grpc-default-executor-7] INFO  client.GrpcClientProtocolClient (GrpcClientProtocolClient.java:onNext(264)) - client-C79DE3E06697->1d6da99a-ba9a-4d72-abd2-d0f1aa02f12f: receive RaftClientReply:client-C79DE3E06697->1d6da99a-ba9a-4d72-abd2-d0f1aa02f12f@group-B29EE812FB58, cid=2618, SUCCESS, logIndex=3890, commits[1d6da99a-ba9a-4d72-abd2-d0f1aa02f12f:c3890, 9dc27687-2024-46ae-8b6e-c9027bfa400e:c3888, 9c9c57da-14dc-454a-b374-789aa5e765a9:c3884]
2019-09-16 23:35:12,923 [grpc-default-executor-7] INFO  client.GrpcClientProtocolClient (GrpcClientProtocolClient.java:onNext(264)) - client-C79DE3E06697->1d6da99a-ba9a-4d72-abd2-d0f1aa02f12f: receive RaftClientReply:client-C79DE3E06697->1d6da99a-ba9a-4d72-abd2-d0f1aa02f12f@group-B29EE812FB58, cid=2619, SUCCESS, logIndex=3893, commits[1d6da99a-ba9a-4d72-abd2-d0f1aa02f12f:c3894, 9dc27687-2024-46ae-8b6e-c9027bfa400e:c3890, 9c9c57da-14dc-454a-b374-789aa5e765a9:c3888]
2019-09-16 23:35:12,924 [grpc-default-executor-7] INFO  client.GrpcClientProtocolClient (GrpcClientProtocolClient.java:onNext(264)) - client-C79DE3E06697->1d6da99a-ba9a-4d72-abd2-d0f1aa02f12f: receive RaftClientReply:client-C79DE3E06697->1d6da99a-ba9a-4d72-abd2-d0f1aa02f12f@group-B29EE812FB58, cid=2620, SUCCESS, logIndex=3894, commits[1d6da99a-ba9a-4d72-abd2-d0f1aa02f12f:c3894, 9dc27687-2024-46ae-8b6e-c9027bfa400e:c3890, 9c9c57da-14dc-454a-b374-789aa5e765a9:c3888]
2019-09-16 23:35:12,926 [grpc-default-executor-7] INFO  client.GrpcClientProtocolClient (GrpcClientProtocolClient.java:onNext(264)) - client-C79DE3E06697->1d6da99a-ba9a-4d72-abd2-d0f1aa02f12f: receive RaftClientReply:client-C79DE3E06697->1d6da99a-ba9a-4d72-abd2-d0f1aa02f12f@group-B29EE812FB58, cid=2621, SUCCESS, logIndex=0, commits[1d6da99a-ba9a-4d72-abd2-d0f1aa02f12f:c3894, 9dc27687-2024-46ae-8b6e-c9027bfa400e:c3890, 9c9c57da-14dc-454a-b374-789aa5e765a9:c3890]
2019-09-16 23:35:12,927 [grpc-default-executor-7] INFO  client.GrpcClientProtocolClient (GrpcClientProtocolClient.java:onNext(264)) - client-C79DE3E06697->1d6da99a-ba9a-4d72-abd2-d0f1aa02f12f: receive RaftClientReply:client-C79DE3E06697->1d6da99a-ba9a-4d72-abd2-d0f1aa02f12f@group-B29EE812FB58, cid=2622, SUCCESS, logIndex=0, commits[1d6da99a-ba9a-4d72-abd2-d0f1aa02f12f:c3895, 9dc27687-2024-46ae-8b6e-c9027bfa400e:c3894, 9c9c57da-14dc-454a-b374-789aa5e765a9:c3894]
2019-09-16 23:35:12,951 [grpc-default-executor-7] INFO  client.GrpcClientProtocolClient (GrpcClientProtocolClient.java:onNext(264)) - client-C79DE3E06697->1d6da99a-ba9a-4d72-abd2-d0f1aa02f12f: receive RaftClientReply:client-C79DE3E06697->1d6da99a-ba9a-4d72-abd2-d0f1aa02f12f@group-B29EE812FB58, cid=2623, SUCCESS, logIndex=3897, commits[1d6da99a-ba9a-4d72-abd2-d0f1aa02f12f:c3898, 9dc27687-2024-46ae-8b6e-c9027bfa400e:c3896, 9c9c57da-14dc-454a-b374-789aa5e765a9:c3896]
2019-09-16 23:35:12,951 [grpc-default-executor-7] INFO  client.GrpcClientProtocolClient (GrpcClientProtocolClient.java:onNext(264)) - client-C79DE3E06697->1d6da99a-ba9a-4d72-abd2-d0f1aa02f12f: receive RaftClientReply:client-C79DE3E06697->1d6da99a-ba9a-4d72-abd2-d0f1aa02f12f@group-B29EE812FB58, cid=2624, SUCCESS, logIndex=3898, commits[1d6da99a-ba9a-4d72-abd2-d0f1aa02f12f:c3898, 9dc27687-2024-46ae-8b6e-c9027bfa400e:c3896, 9c9c57da-14dc-454a-b374-789aa5e765a9:c3896]
2019-09-16 23:35:12,954 [grpc-default-executor-1] INFO  client.GrpcClientProtocolClient (GrpcClientProtocolClient.java:onNext(264)) - client-C79DE3E06697->1d6da99a-ba9a-4d72-abd2-d0f1aa02f12f: receive RaftClientReply:client-C79DE3E06697->1d6da99a-ba9a-4d72-abd2-d0f1aa02f12f@group-B29EE812FB58, cid=2625, SUCCESS, logIndex=3899, commits[1d6da99a-ba9a-4d72-abd2-d0f1aa02f12f:c3900, 9dc27687-2024-46ae-8b6e-c9027bfa400e:c3896, 9c9c57da-14dc-454a-b374-789aa5e765a9:c3896]
2019-09-16 23:35:12,955 [grpc-default-executor-1] INFO  client.GrpcClientProtocolClient (GrpcClientProtocolClient.java:onNext(264)) - client-C79DE3E06697->1d6da99a-ba9a-4d72-abd2-d0f1aa02f12f: receive RaftClientReply:client-C79DE3E06697->1d6da99a-ba9a-4d72-abd2-d0f1aa02f12f@group-B29EE812FB58, cid=2626, SUCCESS, logIndex=3900, commits[1d6da99a-ba9a-4d72-abd2-d0f1aa02f12f:c3902, 9dc27687-2024-46ae-8b6e-c9027bfa400e:c3896, 9c9c57da-14dc-454a-b374-789aa5e765a9:c3896]
2019-09-16 23:35:12,974 [grpc-default-executor-1] INFO  client.GrpcClientProtocolClient (GrpcClientProtocolClient.java:onNext(264)) - client-C79DE3E06697->1d6da99a-ba9a-4d72-abd2-d0f1aa02f12f: receive RaftClientReply:client-C79DE3E06697->1d6da99a-ba9a-4d72-abd2-d0f1aa02f12f@group-B29EE812FB58, cid=2627, SUCCESS, logIndex=0, commits[1d6da99a-ba9a-4d72-abd2-d0f1aa02f12f:c3903, 9dc27687-2024-46ae-8b6e-c9027bfa400e:c3900, 9c9c57da-14dc-454a-b374-789aa5e765a9:c3900]
2019-09-16 23:35:12,993 [grpc-default-executor-1] INFO  client.GrpcClientProtocolClient (GrpcClientProtocolClient.java:onNext(264)) - client-C79DE3E06697->1d6da99a-ba9a-4d72-abd2-d0f1aa02f12f: receive RaftClientReply:client-C79DE3E06697->1d6da99a-ba9a-4d72-abd2-d0f1aa02f12f@group-B29EE812FB58, cid=2628, SUCCESS, logIndex=3905, commits[1d6da99a-ba9a-4d72-abd2-d0f1aa02f12f:c3905, 9dc27687-2024-46ae-8b6e-c9027bfa400e:c3904, 9c9c57da-14dc-454a-b374-789aa5e765a9:c3904]
2019-09-16 23:35:12,993 [grpc-default-executor-1] INFO  client.GrpcClientProtocolClient (GrpcClientProtocolClient.java:onNext(264)) - client-C79DE3E06697->1d6da99a-ba9a-4d72-abd2-d0f1aa02f12f: receive RaftClientReply:client-C79DE3E06697->1d6da99a-ba9a-4d72-abd2-d0f1aa02f12f@group-B29EE812FB58, cid=2629, SUCCESS, logIndex=3906, commits[1d6da99a-ba9a-4d72-abd2-d0f1aa02f12f:c3906, 9dc27687-2024-46ae-8b6e-c9027bfa400e:c3904, 9c9c57da-14dc-454a-b374-789aa5e765a9:c3904]
2019-09-16 23:35:13,009 [grpc-default-executor-6] INFO  client.GrpcClientProtocolClient (GrpcClientProtocolClient.java:onNext(264)) - client-C79DE3E06697->1d6da99a-ba9a-4d72-abd2-d0f1aa02f12f: receive RaftClientReply:client-C79DE3E06697->1d6da99a-ba9a-4d72-abd2-d0f1aa02f12f@group-B29EE812FB58, cid=2630, SUCCESS, logIndex=3909, commits[1d6da99a-ba9a-4d72-abd2-d0f1aa02f12f:c3909, 9dc27687-2024-46ae-8b6e-c9027bfa400e:c3905, 9c9c57da-14dc-454a-b374-789aa5e765a9:c3906]
2019-09-16 23:35:13,010 [grpc-default-executor-6] INFO  client.GrpcClientProtocolClient (GrpcClientProtocolClient.java:onNext(264)) - client-C79DE3E06697->1d6da99a-ba9a-4d72-abd2-d0f1aa02f12f: receive RaftClientReply:client-C79DE3E06697->1d6da99a-ba9a-4d72-abd2-d0f1aa02f12f@group-B29EE812FB58, cid=2631, SUCCESS, logIndex=3910, commits[1d6da99a-ba9a-4d72-abd2-d0f1aa02f12f:c3910, 9dc27687-2024-46ae-8b6e-c9027bfa400e:c3906, 9c9c57da-14dc-454a-b374-789aa5e765a9:c3906]
2019-09-16 23:35:13,023 [grpc-default-executor-6] INFO  client.GrpcClientProtocolClient (GrpcClientProtocolClient.java:onNext(264)) - client-C79DE3E06697->1d6da99a-ba9a-4d72-abd2-d0f1aa02f12f: receive RaftClientReply:client-C79DE3E06697->1d6da99a-ba9a-4d72-abd2-d0f1aa02f12f@group-B29EE812FB58, cid=2632, SUCCESS, logIndex=0, commits[1d6da99a-ba9a-4d72-abd2-d0f1aa02f12f:c3912, 9dc27687-2024-46ae-8b6e-c9027bfa400e:c3910, 9c9c57da-14dc-454a-b374-789aa5e765a9:c3910]
2019-09-16 23:35:13,052 [grpc-default-executor-1] INFO  client.GrpcClientProtocolClient (GrpcClientProtocolClient.java:onNext(264)) - client-C79DE3E06697->1d6da99a-ba9a-4d72-abd2-d0f1aa02f12f: receive RaftClientReply:client-C79DE3E06697->1d6da99a-ba9a-4d72-abd2-d0f1aa02f12f@group-B29EE812FB58, cid=2633, SUCCESS, logIndex=3913, commits[1d6da99a-ba9a-4d72-abd2-d0f1aa02f12f:c3914, 9dc27687-2024-46ae-8b6e-c9027bfa400e:c3912, 9c9c57da-14dc-454a-b374-789aa5e765a9:c3912]
2019-09-16 23:35:13,053 [grpc-default-executor-1] INFO  client.GrpcClientProtocolClient (GrpcClientProtocolClient.java:onNext(264)) - client-C79DE3E06697->1d6da99a-ba9a-4d72-abd2-d0f1aa02f12f: receive RaftClientReply:client-C79DE3E06697->1d6da99a-ba9a-4d72-abd2-d0f1aa02f12f@group-B29EE812FB58, cid=2634, SUCCESS, logIndex=3914, commits[1d6da99a-ba9a-4d72-abd2-d0f1aa02f12f:c3914, 9dc27687-2024-46ae-8b6e-c9027bfa400e:c3912, 9c9c57da-14dc-454a-b374-789aa5e765a9:c3912]
2019-09-16 23:35:13,054 [grpc-default-executor-1] INFO  client.GrpcClientProtocolClient (GrpcClientProtocolClient.java:onNext(264)) - client-C79DE3E06697->1d6da99a-ba9a-4d72-abd2-d0f1aa02f12f: receive RaftClientReply:client-C79DE3E06697->1d6da99a-ba9a-4d72-abd2-d0f1aa02f12f@group-B29EE812FB58, cid=2635, SUCCESS, logIndex=3915, commits[1d6da99a-ba9a-4d72-abd2-d0f1aa02f12f:c3916, 9dc27687-2024-46ae-8b6e-c9027bfa400e:c3912, 9c9c57da-14dc-454a-b374-789aa5e765a9:c3912]
2019-09-16 23:35:13,054 [grpc-default-executor-1] INFO  client.GrpcClientProtocolClient (GrpcClientProtocolClient.java:onNext(264)) - client-C79DE3E06697->1d6da99a-ba9a-4d72-abd2-d0f1aa02f12f: receive RaftClientReply:client-C79DE3E06697->1d6da99a-ba9a-4d72-abd2-d0f1aa02f12f@group-B29EE812FB58, cid=2636, SUCCESS, logIndex=3916, commits[1d6da99a-ba9a-4d72-abd2-d0f1aa02f12f:c3917, 9dc27687-2024-46ae-8b6e-c9027bfa400e:c3912, 9c9c57da-14dc-454a-b374-789aa5e765a9:c3913]
2019-09-16 23:35:13,056 [grpc-default-executor-1] INFO  client.GrpcClientProtocolClient (GrpcClientProtocolClient.java:onNext(264)) - client-C79DE3E06697->1d6da99a-ba9a-4d72-abd2-d0f1aa02f12f: receive RaftClientReply:client-C79DE3E06697->1d6da99a-ba9a-4d72-abd2-d0f1aa02f12f@group-B29EE812FB58, cid=2637, SUCCESS, logIndex=0, commits[1d6da99a-ba9a-4d72-abd2-d0f1aa02f12f:c3918, 9dc27687-2024-46ae-8b6e-c9027bfa400e:c3914, 9c9c57da-14dc-454a-b374-789aa5e765a9:c3914]
2019-09-16 23:35:13,080 [grpc-default-executor-1] INFO  client.GrpcClientProtocolClient (GrpcClientProtocolClient.java:onNext(264)) - client-C79DE3E06697->1d6da99a-ba9a-4d72-abd2-d0f1aa02f12f: receive RaftClientReply:client-C79DE3E06697->1d6da99a-ba9a-4d72-abd2-d0f1aa02f12f@group-B29EE812FB58, cid=2638, SUCCESS, logIndex=3921, commits[1d6da99a-ba9a-4d72-abd2-d0f1aa02f12f:c3922, 9dc27687-2024-46ae-8b6e-c9027bfa400e:c3916, 9c9c57da-14dc-454a-b374-789aa5e765a9:c3918]
2019-09-16 23:35:13,081 [grpc-default-executor-1] INFO  client.GrpcClientProtocolClient (GrpcClientProtocolClient.java:onNext(264)) - client-C79DE3E06697->1d6da99a-ba9a-4d72-abd2-d0f1aa02f12f: receive RaftClientReply:client-C79DE3E06697->1d6da99a-ba9a-4d72-abd2-d0f1aa02f12f@group-B29EE812FB58, cid=2639, SUCCESS, logIndex=3922, commits[1d6da99a-ba9a-4d72-abd2-d0f1aa02f12f:c3922, 9dc27687-2024-46ae-8b6e-c9027bfa400e:c3918, 9c9c57da-14dc-454a-b374-789aa5e765a9:c3918]
2019-09-16 23:35:13,098 [grpc-default-executor-7] INFO  client.GrpcClientProtocolClient (GrpcClientProtocolClient.java:onNext(264)) - client-C79DE3E06697->1d6da99a-ba9a-4d72-abd2-d0f1aa02f12f: receive RaftClientReply:client-C79DE3E06697->1d6da99a-ba9a-4d72-abd2-d0f1aa02f12f@group-B29EE812FB58, cid=2640, SUCCESS, logIndex=3925, commits[1d6da99a-ba9a-4d72-abd2-d0f1aa02f12f:c3925, 9dc27687-2024-46ae-8b6e-c9027bfa400e:c3922, 9c9c57da-14dc-454a-b374-789aa5e765a9:c3923]
2019-09-16 23:35:13,099 [grpc-default-executor-7] INFO  client.GrpcClientProtocolClient (GrpcClientProtocolClient.java:onNext(264)) - client-C79DE3E06697->1d6da99a-ba9a-4d72-abd2-d0f1aa02f12f: receive RaftClientReply:client-C79DE3E06697->1d6da99a-ba9a-4d72-abd2-d0f1aa02f12f@group-B29EE812FB58, cid=2641, SUCCESS, logIndex=3926, commits[1d6da99a-ba9a-4d72-abd2-d0f1aa02f12f:c3926, 9dc27687-2024-46ae-8b6e-c9027bfa400e:c3923, 9c9c57da-14dc-454a-b374-789aa5e765a9:c3923]
2019-09-16 23:35:13,124 [grpc-default-executor-7] INFO  client.GrpcClientProtocolClient (GrpcClientProtocolClient.java:onNext(264)) - client-C79DE3E06697->1d6da99a-ba9a-4d72-abd2-d0f1aa02f12f: receive RaftClientReply:client-C79DE3E06697->1d6da99a-ba9a-4d72-abd2-d0f1aa02f12f@group-B29EE812FB58, cid=2642, SUCCESS, logIndex=0, commits[1d6da99a-ba9a-4d72-abd2-d0f1aa02f12f:c3928, 9dc27687-2024-46ae-8b6e-c9027bfa400e:c3926, 9c9c57da-14dc-454a-b374-789aa5e765a9:c3926]
2019-09-16 23:35:13,153 [grpc-default-executor-1] INFO  client.GrpcClientProtocolClient (GrpcClientProtocolClient.java:onNext(264)) - client-C79DE3E06697->1d6da99a-ba9a-4d72-abd2-d0f1aa02f12f: receive RaftClientReply:client-C79DE3E06697->1d6da99a-ba9a-4d72-abd2-d0f1aa02f12f@group-B29EE812FB58, cid=2643, SUCCESS, logIndex=3929, commits[1d6da99a-ba9a-4d72-abd2-d0f1aa02f12f:c3932, 9dc27687-2024-46ae-8b6e-c9027bfa400e:c3928, 9c9c57da-14dc-454a-b374-789aa5e765a9:c3928]
2019-09-16 23:35:13,154 [grpc-default-executor-1] INFO  client.GrpcClientProtocolClient (GrpcClientProtocolClient.java:onNext(264)) - client-C79DE3E06697->1d6da99a-ba9a-4d72-abd2-d0f1aa02f12f: receive RaftClientReply:client-C79DE3E06697->1d6da99a-ba9a-4d72-abd2-d0f1aa02f12f@group-B29EE812FB58, cid=2644, SUCCESS, logIndex=3930, commits[1d6da99a-ba9a-4d72-abd2-d0f1aa02f12f:c3932, 9dc27687-2024-46ae-8b6e-c9027bfa400e:c3928, 9c9c57da-14dc-454a-b374-789aa5e765a9:c3928]
2019-09-16 23:35:13,154 [grpc-default-executor-1] INFO  client.GrpcClientProtocolClient (GrpcClientProtocolClient.java:onNext(264)) - client-C79DE3E06697->1d6da99a-ba9a-4d72-abd2-d0f1aa02f12f: receive RaftClientReply:client-C79DE3E06697->1d6da99a-ba9a-4d72-abd2-d0f1aa02f12f@group-B29EE812FB58, cid=2645, SUCCESS, logIndex=3931, commits[1d6da99a-ba9a-4d72-abd2-d0f1aa02f12f:c3932, 9dc27687-2024-46ae-8b6e-c9027bfa400e:c3928, 9c9c57da-14dc-454a-b374-789aa5e765a9:c3928]
2019-09-16 23:35:13,155 [grpc-default-executor-1] INFO  client.GrpcClientProtocolClient (GrpcClientProtocolClient.java:onNext(264)) - client-C79DE3E06697->1d6da99a-ba9a-4d72-abd2-d0f1aa02f12f: receive RaftClientReply:client-C79DE3E06697->1d6da99a-ba9a-4d72-abd2-d0f1aa02f12f@group-B29EE812FB58, cid=2646, SUCCESS, logIndex=3932, commits[1d6da99a-ba9a-4d72-abd2-d0f1aa02f12f:c3932, 9dc27687-2024-46ae-8b6e-c9027bfa400e:c3928, 9c9c57da-14dc-454a-b374-789aa5e765a9:c3928]
2019-09-16 23:35:13,156 [grpc-default-executor-1] INFO  client.GrpcClientProtocolClient (GrpcClientProtocolClient.java:onNext(264)) - client-C79DE3E06697->1d6da99a-ba9a-4d72-abd2-d0f1aa02f12f: receive RaftClientReply:client-C79DE3E06697->1d6da99a-ba9a-4d72-abd2-d0f1aa02f12f@group-B29EE812FB58, cid=2647, SUCCESS, logIndex=0, commits[1d6da99a-ba9a-4d72-abd2-d0f1aa02f12f:c3933, 9dc27687-2024-46ae-8b6e-c9027bfa400e:c3931, 9c9c57da-14dc-454a-b374-789aa5e765a9:c3930]
2019-09-16 23:35:13,170 [grpc-default-executor-6] INFO  client.GrpcClientProtocolClient (GrpcClientProtocolClient.java:onNext(264)) - client-C79DE3E06697->1d6da99a-ba9a-4d72-abd2-d0f1aa02f12f: receive RaftClientReply:client-C79DE3E06697->1d6da99a-ba9a-4d72-abd2-d0f1aa02f12f@group-B29EE812FB58, cid=2648, SUCCESS, logIndex=3937, commits[1d6da99a-ba9a-4d72-abd2-d0f1aa02f12f:c3938, 9dc27687-2024-46ae-8b6e-c9027bfa400e:c3932, 9c9c57da-14dc-454a-b374-789aa5e765a9:c3936]
2019-09-16 23:35:13,170 [grpc-default-executor-6] INFO  client.GrpcClientProtocolClient (GrpcClientProtocolClient.java:onNext(264)) - client-C79DE3E06697->1d6da99a-ba9a-4d72-abd2-d0f1aa02f12f: receive RaftClientReply:client-C79DE3E06697->1d6da99a-ba9a-4d72-abd2-d0f1aa02f12f@group-B29EE812FB58, cid=2649, SUCCESS, logIndex=3938, commits[1d6da99a-ba9a-4d72-abd2-d0f1aa02f12f:c3938, 9dc27687-2024-46ae-8b6e-c9027bfa400e:c3936, 9c9c57da-14dc-454a-b374-789aa5e765a9:c3936]
2019-09-16 23:35:13,185 [grpc-default-executor-1] INFO  client.GrpcClientProtocolClient (GrpcClientProtocolClient.java:onNext(264)) - client-C79DE3E06697->1d6da99a-ba9a-4d72-abd2-d0f1aa02f12f: receive RaftClientReply:client-C79DE3E06697->1d6da99a-ba9a-4d72-abd2-d0f1aa02f12f@group-B29EE812FB58, cid=2650, SUCCESS, logIndex=3941, commits[1d6da99a-ba9a-4d72-abd2-d0f1aa02f12f:c3942, 9dc27687-2024-46ae-8b6e-c9027bfa400e:c3940, 9c9c57da-14dc-454a-b374-789aa5e765a9:c3938]
2019-09-16 23:35:13,185 [grpc-default-executor-1] INFO  client.GrpcClientProtocolClient (GrpcClientProtocolClient.java:onNext(264)) - client-C79DE3E06697->1d6da99a-ba9a-4d72-abd2-d0f1aa02f12f: receive RaftClientReply:client-C79DE3E06697->1d6da99a-ba9a-4d72-abd2-d0f1aa02f12f@group-B29EE812FB58, cid=2651, SUCCESS, logIndex=3942, commits[1d6da99a-ba9a-4d72-abd2-d0f1aa02f12f:c3942, 9dc27687-2024-46ae-8b6e-c9027bfa400e:c3940, 9c9c57da-14dc-454a-b374-789aa5e765a9:c3938]
2019-09-16 23:35:13,187 [grpc-default-executor-1] INFO  client.GrpcClientProtocolClient (GrpcClientProtocolClient.java:onNext(264)) - client-C79DE3E06697->1d6da99a-ba9a-4d72-abd2-d0f1aa02f12f: receive RaftClientReply:client-C79DE3E06697->1d6da99a-ba9a-4d72-abd2-d0f1aa02f12f@group-B29EE812FB58, cid=2652, SUCCESS, logIndex=0, commits[1d6da99a-ba9a-4d72-abd2-d0f1aa02f12f:c3943, 9dc27687-2024-46ae-8b6e-c9027bfa400e:c3942, 9c9c57da-14dc-454a-b374-789aa5e765a9:c3942]
2019-09-16 23:35:13,230 [grpc-default-executor-1] INFO  client.GrpcClientProtocolClient (GrpcClientProtocolClient.java:onNext(264)) - client-C79DE3E06697->1d6da99a-ba9a-4d72-abd2-d0f1aa02f12f: receive RaftClientReply:client-C79DE3E06697->1d6da99a-ba9a-4d72-abd2-d0f1aa02f12f@group-B29EE812FB58, cid=2653, SUCCESS, logIndex=3944, commits[1d6da99a-ba9a-4d72-abd2-d0f1aa02f12f:c3945, 9dc27687-2024-46ae-8b6e-c9027bfa400e:c3943, 9c9c57da-14dc-454a-b374-789aa5e765a9:c3943]
2019-09-16 23:35:13,230 [grpc-default-executor-1] INFO  client.GrpcClientProtocolClient (GrpcClientProtocolClient.java:onNext(264)) - client-C79DE3E06697->1d6da99a-ba9a-4d72-abd2-d0f1aa02f12f: receive RaftClientReply:client-C79DE3E06697->1d6da99a-ba9a-4d72-abd2-d0f1aa02f12f@group-B29EE812FB58, cid=2654, SUCCESS, logIndex=3945, commits[1d6da99a-ba9a-4d72-abd2-d0f1aa02f12f:c3947, 9dc27687-2024-46ae-8b6e-c9027bfa400e:c3943, 9c9c57da-14dc-454a-b374-789aa5e765a9:c3943]
2019-09-16 23:35:13,231 [grpc-default-executor-1] INFO  client.GrpcClientProtocolClient (GrpcClientProtocolClient.java:onNext(264)) - client-C79DE3E06697->1d6da99a-ba9a-4d72-abd2-d0f1aa02f12f: receive RaftClientReply:client-C79DE3E06697->1d6da99a-ba9a-4d72-abd2-d0f1aa02f12f@group-B29EE812FB58, cid=2655, SUCCESS, logIndex=3946, commits[1d6da99a-ba9a-4d72-abd2-d0f1aa02f12f:c3947, 9dc27687-2024-46ae-8b6e-c9027bfa400e:c3943, 9c9c57da-14dc-454a-b374-789aa5e765a9:c3943]
2019-09-16 23:35:13,231 [grpc-default-executor-1] INFO  client.GrpcClientProtocolClient (GrpcClientProtocolClient.java:onNext(264)) - client-C79DE3E06697->1d6da99a-ba9a-4d72-abd2-d0f1aa02f12f: receive RaftClientReply:client-C79DE3E06697->1d6da99a-ba9a-4d72-abd2-d0f1aa02f12f@group-B29EE812FB58, cid=2656, SUCCESS, logIndex=3947, commits[1d6da99a-ba9a-4d72-abd2-d0f1aa02f12f:c3947, 9dc27687-2024-46ae-8b6e-c9027bfa400e:c3943, 9c9c57da-14dc-454a-b374-789aa5e765a9:c3943]
2019-09-16 23:35:13,244 [grpc-default-executor-1] INFO  client.GrpcClientProtocolClient (GrpcClientProtocolClient.java:onNext(264)) - client-C79DE3E06697->1d6da99a-ba9a-4d72-abd2-d0f1aa02f12f: receive RaftClientReply:client-C79DE3E06697->1d6da99a-ba9a-4d72-abd2-d0f1aa02f12f@group-B29EE812FB58, cid=2657, SUCCESS, logIndex=0, commits[1d6da99a-ba9a-4d72-abd2-d0f1aa02f12f:c3948, 9dc27687-2024-46ae-8b6e-c9027bfa400e:c3945, 9c9c57da-14dc-454a-b374-789aa5e765a9:c3945]
2019-09-16 23:35:13,267 [grpc-default-executor-3] INFO  client.GrpcClientProtocolClient (GrpcClientProtocolClient.java:onNext(264)) - client-C79DE3E06697->1d6da99a-ba9a-4d72-abd2-d0f1aa02f12f: receive RaftClientReply:client-C79DE3E06697->1d6da99a-ba9a-4d72-abd2-d0f1aa02f12f@group-B29EE812FB58, cid=2658, SUCCESS, logIndex=3952, commits[1d6da99a-ba9a-4d72-abd2-d0f1aa02f12f:c3953, 9dc27687-2024-46ae-8b6e-c9027bfa400e:c3951, 9c9c57da-14dc-454a-b374-789aa5e765a9:c3951]
2019-09-16 23:35:13,268 [grpc-default-executor-3] INFO  client.GrpcClientProtocolClient (GrpcClientProtocolClient.java:onNext(264)) - client-C79DE3E06697->1d6da99a-ba9a-4d72-abd2-d0f1aa02f12f: receive RaftClientReply:client-C79DE3E06697->1d6da99a-ba9a-4d72-abd2-d0f1aa02f12f@group-B29EE812FB58, cid=2659, SUCCESS, logIndex=3953, commits[1d6da99a-ba9a-4d72-abd2-d0f1aa02f12f:c3953, 9dc27687-2024-46ae-8b6e-c9027bfa400e:c3951, 9c9c57da-14dc-454a-b374-789aa5e765a9:c3951]
2019-09-16 23:35:13,293 [grpc-default-executor-3] INFO  client.GrpcClientProtocolClient (GrpcClientProtocolClient.java:onNext(264)) - client-C79DE3E06697->1d6da99a-ba9a-4d72-abd2-d0f1aa02f12f: receive RaftClientReply:client-C79DE3E06697->1d6da99a-ba9a-4d72-abd2-d0f1aa02f12f@group-B29EE812FB58, cid=2660, SUCCESS, logIndex=3956, commits[1d6da99a-ba9a-4d72-abd2-d0f1aa02f12f:c3957, 9dc27687-2024-46ae-8b6e-c9027bfa400e:c3953, 9c9c57da-14dc-454a-b374-789aa5e765a9:c3953]
2019-09-16 23:35:13,294 [grpc-default-executor-3] INFO  client.GrpcClientProtocolClient (GrpcClientProtocolClient.java:onNext(264)) - client-C79DE3E06697->1d6da99a-ba9a-4d72-abd2-d0f1aa02f12f: receive RaftClientReply:client-C79DE3E06697->1d6da99a-ba9a-4d72-abd2-d0f1aa02f12f@group-B29EE812FB58, cid=2661, SUCCESS, logIndex=3957, commits[1d6da99a-ba9a-4d72-abd2-d0f1aa02f12f:c3957, 9dc27687-2024-46ae-8b6e-c9027bfa400e:c3953, 9c9c57da-14dc-454a-b374-789aa5e765a9:c3953]
2019-09-16 23:35:13,295 [grpc-default-executor-3] INFO  client.GrpcClientProtocolClient (GrpcClientProtocolClient.java:onNext(264)) - client-C79DE3E06697->1d6da99a-ba9a-4d72-abd2-d0f1aa02f12f: receive RaftClientReply:client-C79DE3E06697->1d6da99a-ba9a-4d72-abd2-d0f1aa02f12f@group-B29EE812FB58, cid=2662, SUCCESS, logIndex=0, commits[1d6da99a-ba9a-4d72-abd2-d0f1aa02f12f:c3958, 9dc27687-2024-46ae-8b6e-c9027bfa400e:c3957, 9c9c57da-14dc-454a-b374-789aa5e765a9:c3957]
2019-09-16 23:35:13,333 [grpc-default-executor-7] INFO  client.GrpcClientProtocolClient (GrpcClientProtocolClient.java:onNext(264)) - client-C79DE3E06697->1d6da99a-ba9a-4d72-abd2-d0f1aa02f12f: receive RaftClientReply:client-C79DE3E06697->1d6da99a-ba9a-4d72-abd2-d0f1aa02f12f@group-B29EE812FB58, cid=2663, SUCCESS, logIndex=3959, commits[1d6da99a-ba9a-4d72-abd2-d0f1aa02f12f:c3960, 9dc27687-2024-46ae-8b6e-c9027bfa400e:c3958, 9c9c57da-14dc-454a-b374-789aa5e765a9:c3958]
2019-09-16 23:35:13,334 [grpc-default-executor-7] INFO  client.GrpcClientProtocolClient (GrpcClientProtocolClient.java:onNext(264)) - client-C79DE3E06697->1d6da99a-ba9a-4d72-abd2-d0f1aa02f12f: receive RaftClientReply:client-C79DE3E06697->1d6da99a-ba9a-4d72-abd2-d0f1aa02f12f@group-B29EE812FB58, cid=2664, SUCCESS, logIndex=3960, commits[1d6da99a-ba9a-4d72-abd2-d0f1aa02f12f:c3960, 9dc27687-2024-46ae-8b6e-c9027bfa400e:c3958, 9c9c57da-14dc-454a-b374-789aa5e765a9:c3958]
2019-09-16 23:35:13,343 [grpc-default-executor-7] INFO  client.GrpcClientProtocolClient (GrpcClientProtocolClient.java:onNext(264)) - client-C79DE3E06697->1d6da99a-ba9a-4d72-abd2-d0f1aa02f12f: receive RaftClientReply:client-C79DE3E06697->1d6da99a-ba9a-4d72-abd2-d0f1aa02f12f@group-B29EE812FB58, cid=2665, SUCCESS, logIndex=3961, commits[1d6da99a-ba9a-4d72-abd2-d0f1aa02f12f:c3961, 9dc27687-2024-46ae-8b6e-c9027bfa400e:c3958, 9c9c57da-14dc-454a-b374-789aa5e765a9:c3958]
2019-09-16 23:35:13,344 [grpc-default-executor-7] INFO  client.GrpcClientProtocolClient (GrpcClientProtocolClient.java:onNext(264)) - client-C79DE3E06697->1d6da99a-ba9a-4d72-abd2-d0f1aa02f12f: receive RaftClientReply:client-C79DE3E06697->1d6da99a-ba9a-4d72-abd2-d0f1aa02f12f@group-B29EE812FB58, cid=2666, SUCCESS, logIndex=3962, commits[1d6da99a-ba9a-4d72-abd2-d0f1aa02f12f:c3962, 9dc27687-2024-46ae-8b6e-c9027bfa400e:c3958, 9c9c57da-14dc-454a-b374-789aa5e765a9:c3958]
2019-09-16 23:35:13,345 [grpc-default-executor-7] INFO  client.GrpcClientProtocolClient (GrpcClientProtocolClient.java:onNext(264)) - client-C79DE3E06697->1d6da99a-ba9a-4d72-abd2-d0f1aa02f12f: receive RaftClientReply:client-C79DE3E06697->1d6da99a-ba9a-4d72-abd2-d0f1aa02f12f@group-B29EE812FB58, cid=2667, SUCCESS, logIndex=0, commits[1d6da99a-ba9a-4d72-abd2-d0f1aa02f12f:c3964, 9dc27687-2024-46ae-8b6e-c9027bfa400e:c3960, 9c9c57da-14dc-454a-b374-789aa5e765a9:c3960]
2019-09-16 23:35:13,370 [grpc-default-executor-6] INFO  client.GrpcClientProtocolClient (GrpcClientProtocolClient.java:onNext(264)) - client-C79DE3E06697->1d6da99a-ba9a-4d72-abd2-d0f1aa02f12f: receive RaftClientReply:client-C79DE3E06697->1d6da99a-ba9a-4d72-abd2-d0f1aa02f12f@group-B29EE812FB58, cid=2668, SUCCESS, logIndex=3967, commits[1d6da99a-ba9a-4d72-abd2-d0f1aa02f12f:c3968, 9dc27687-2024-46ae-8b6e-c9027bfa400e:c3962, 9c9c57da-14dc-454a-b374-789aa5e765a9:c3964]
2019-09-16 23:35:13,371 [grpc-default-executor-6] INFO  client.GrpcClientProtocolClient (GrpcClientProtocolClient.java:onNext(264)) - client-C79DE3E06697->1d6da99a-ba9a-4d72-abd2-d0f1aa02f12f: receive RaftClientReply:client-C79DE3E06697->1d6da99a-ba9a-4d72-abd2-d0f1aa02f12f@group-B29EE812FB58, cid=2669, SUCCESS, logIndex=3968, commits[1d6da99a-ba9a-4d72-abd2-d0f1aa02f12f:c3968, 9dc27687-2024-46ae-8b6e-c9027bfa400e:c3964, 9c9c57da-14dc-454a-b374-789aa5e765a9:c3964]
2019-09-16 23:35:13,398 [grpc-default-executor-1] INFO  client.GrpcClientProtocolClient (GrpcClientProtocolClient.java:onNext(264)) - client-C79DE3E06697->1d6da99a-ba9a-4d72-abd2-d0f1aa02f12f: receive RaftClientReply:client-C79DE3E06697->1d6da99a-ba9a-4d72-abd2-d0f1aa02f12f@group-B29EE812FB58, cid=2670, SUCCESS, logIndex=3971, commits[1d6da99a-ba9a-4d72-abd2-d0f1aa02f12f:c3972, 9dc27687-2024-46ae-8b6e-c9027bfa400e:c3968, 9c9c57da-14dc-454a-b374-789aa5e765a9:c3968]
2019-09-16 23:35:13,399 [grpc-default-executor-1] INFO  client.GrpcClientProtocolClient (GrpcClientProtocolClient.java:onNext(264)) - client-C79DE3E06697->1d6da99a-ba9a-4d72-abd2-d0f1aa02f12f: receive RaftClientReply:client-C79DE3E06697->1d6da99a-ba9a-4d72-abd2-d0f1aa02f12f@group-B29EE812FB58, cid=2671, SUCCESS, logIndex=3972, commits[1d6da99a-ba9a-4d72-abd2-d0f1aa02f12f:c3972, 9dc27687-2024-46ae-8b6e-c9027bfa400e:c3968, 9c9c57da-14dc-454a-b374-789aa5e765a9:c3968]
2019-09-16 23:35:13,401 [grpc-default-executor-1] INFO  client.GrpcClientProtocolClient (GrpcClientProtocolClient.java:onNext(264)) - client-C79DE3E06697->1d6da99a-ba9a-4d72-abd2-d0f1aa02f12f: receive RaftClientReply:client-C79DE3E06697->1d6da99a-ba9a-4d72-abd2-d0f1aa02f12f@group-B29EE812FB58, cid=2672, SUCCESS, logIndex=0, commits[1d6da99a-ba9a-4d72-abd2-d0f1aa02f12f:c3973, 9dc27687-2024-46ae-8b6e-c9027bfa400e:c3972, 9c9c57da-14dc-454a-b374-789aa5e765a9:c3972]
2019-09-16 23:35:13,436 [grpc-default-executor-1] INFO  client.GrpcClientProtocolClient (GrpcClientProtocolClient.java:onNext(264)) - client-C79DE3E06697->1d6da99a-ba9a-4d72-abd2-d0f1aa02f12f: receive RaftClientReply:client-C79DE3E06697->1d6da99a-ba9a-4d72-abd2-d0f1aa02f12f@group-B29EE812FB58, cid=2673, SUCCESS, logIndex=3975, commits[1d6da99a-ba9a-4d72-abd2-d0f1aa02f12f:c3976, 9dc27687-2024-46ae-8b6e-c9027bfa400e:c3972, 9c9c57da-14dc-454a-b374-789aa5e765a9:c3974]
2019-09-16 23:35:13,436 [grpc-default-executor-1] INFO  client.GrpcClientProtocolClient (GrpcClientProtocolClient.java:onNext(264)) - client-C79DE3E06697->1d6da99a-ba9a-4d72-abd2-d0f1aa02f12f: receive RaftClientReply:client-C79DE3E06697->1d6da99a-ba9a-4d72-abd2-d0f1aa02f12f@group-B29EE812FB58, cid=2674, SUCCESS, logIndex=3976, commits[1d6da99a-ba9a-4d72-abd2-d0f1aa02f12f:c3976, 9dc27687-2024-46ae-8b6e-c9027bfa400e:c3974, 9c9c57da-14dc-454a-b374-789aa5e765a9:c3974]
2019-09-16 23:35:13,446 [grpc-default-executor-6] INFO  client.GrpcClientProtocolClient (GrpcClientProtocolClient.java:onNext(264)) - client-C79DE3E06697->1d6da99a-ba9a-4d72-abd2-d0f1aa02f12f: receive RaftClientReply:client-C79DE3E06697->1d6da99a-ba9a-4d72-abd2-d0f1aa02f12f@group-B29EE812FB58, cid=2675, SUCCESS, logIndex=3977, commits[1d6da99a-ba9a-4d72-abd2-d0f1aa02f12f:c3978, 9dc27687-2024-46ae-8b6e-c9027bfa400e:c3974, 9c9c57da-14dc-454a-b374-789aa5e765a9:c3974]
2019-09-16 23:35:13,446 [grpc-default-executor-6] INFO  client.GrpcClientProtocolClient (GrpcClientProtocolClient.java:onNext(264)) - client-C79DE3E06697->1d6da99a-ba9a-4d72-abd2-d0f1aa02f12f: receive RaftClientReply:client-C79DE3E06697->1d6da99a-ba9a-4d72-abd2-d0f1aa02f12f@group-B29EE812FB58, cid=2676, SUCCESS, logIndex=3978, commits[1d6da99a-ba9a-4d72-abd2-d0f1aa02f12f:c3978, 9dc27687-2024-46ae-8b6e-c9027bfa400e:c3974, 9c9c57da-14dc-454a-b374-789aa5e765a9:c3974]
2019-09-16 23:35:13,452 [grpc-default-executor-6] INFO  client.GrpcClientProtocolClient (GrpcClientProtocolClient.java:onNext(264)) - client-C79DE3E06697->1d6da99a-ba9a-4d72-abd2-d0f1aa02f12f: receive RaftClientReply:client-C79DE3E06697->1d6da99a-ba9a-4d72-abd2-d0f1aa02f12f@group-B29EE812FB58, cid=2677, SUCCESS, logIndex=0, commits[1d6da99a-ba9a-4d72-abd2-d0f1aa02f12f:c3980, 9dc27687-2024-46ae-8b6e-c9027bfa400e:c3976, 9c9c57da-14dc-454a-b374-789aa5e765a9:c3978]
2019-09-16 23:35:13,484 [grpc-default-executor-1] INFO  client.GrpcClientProtocolClient (GrpcClientProtocolClient.java:onNext(264)) - client-C79DE3E06697->1d6da99a-ba9a-4d72-abd2-d0f1aa02f12f: receive RaftClientReply:client-C79DE3E06697->1d6da99a-ba9a-4d72-abd2-d0f1aa02f12f@group-B29EE812FB58, cid=2678, SUCCESS, logIndex=3982, commits[1d6da99a-ba9a-4d72-abd2-d0f1aa02f12f:c3983, 9dc27687-2024-46ae-8b6e-c9027bfa400e:c3981, 9c9c57da-14dc-454a-b374-789aa5e765a9:c3978]
2019-09-16 23:35:13,485 [grpc-default-executor-1] INFO  client.GrpcClientProtocolClient (GrpcClientProtocolClient.java:onNext(264)) - client-C79DE3E06697->1d6da99a-ba9a-4d72-abd2-d0f1aa02f12f: receive RaftClientReply:client-C79DE3E06697->1d6da99a-ba9a-4d72-abd2-d0f1aa02f12f@group-B29EE812FB58, cid=2679, SUCCESS, logIndex=3983, commits[1d6da99a-ba9a-4d72-abd2-d0f1aa02f12f:c3983, 9dc27687-2024-46ae-8b6e-c9027bfa400e:c3981, 9c9c57da-14dc-454a-b374-789aa5e765a9:c3978]
2019-09-16 23:35:13,520 [grpc-default-executor-6] INFO  client.GrpcClientProtocolClient (GrpcClientProtocolClient.java:onNext(264)) - client-C79DE3E06697->1d6da99a-ba9a-4d72-abd2-d0f1aa02f12f: receive RaftClientReply:client-C79DE3E06697->1d6da99a-ba9a-4d72-abd2-d0f1aa02f12f@group-B29EE812FB58, cid=2680, SUCCESS, logIndex=3986, commits[1d6da99a-ba9a-4d72-abd2-d0f1aa02f12f:c3987, 9dc27687-2024-46ae-8b6e-c9027bfa400e:c3983, 9c9c57da-14dc-454a-b374-789aa5e765a9:c3983]
2019-09-16 23:35:13,520 [grpc-default-executor-6] INFO  client.GrpcClientProtocolClient (GrpcClientProtocolClient.java:onNext(264)) - client-C79DE3E06697->1d6da99a-ba9a-4d72-abd2-d0f1aa02f12f: receive RaftClientReply:client-C79DE3E06697->1d6da99a-ba9a-4d72-abd2-d0f1aa02f12f@group-B29EE812FB58, cid=2681, SUCCESS, logIndex=3987, commits[1d6da99a-ba9a-4d72-abd2-d0f1aa02f12f:c3987, 9dc27687-2024-46ae-8b6e-c9027bfa400e:c3983, 9c9c57da-14dc-454a-b374-789aa5e765a9:c3983]
2019-09-16 23:35:13,535 [grpc-default-executor-6] INFO  client.GrpcClientProtocolClient (GrpcClientProtocolClient.java:onNext(264)) - client-C79DE3E06697->1d6da99a-ba9a-4d72-abd2-d0f1aa02f12f: receive RaftClientReply:client-C79DE3E06697->1d6da99a-ba9a-4d72-abd2-d0f1aa02f12f@group-B29EE812FB58, cid=2682, SUCCESS, logIndex=0, commits[1d6da99a-ba9a-4d72-abd2-d0f1aa02f12f:c3989, 9dc27687-2024-46ae-8b6e-c9027bfa400e:c3987, 9c9c57da-14dc-454a-b374-789aa5e765a9:c3987]
2019-09-16 23:35:13,574 [grpc-default-executor-6] INFO  client.GrpcClientProtocolClient (GrpcClientProtocolClient.java:onNext(264)) - client-C79DE3E06697->1d6da99a-ba9a-4d72-abd2-d0f1aa02f12f: receive RaftClientReply:client-C79DE3E06697->1d6da99a-ba9a-4d72-abd2-d0f1aa02f12f@group-B29EE812FB58, cid=2683, SUCCESS, logIndex=3990, commits[1d6da99a-ba9a-4d72-abd2-d0f1aa02f12f:c3991, 9dc27687-2024-46ae-8b6e-c9027bfa400e:c3989, 9c9c57da-14dc-454a-b374-789aa5e765a9:c3989]
2019-09-16 23:35:13,574 [grpc-default-executor-6] INFO  client.GrpcClientProtocolClient (GrpcClientProtocolClient.java:onNext(264)) - client-C79DE3E06697->1d6da99a-ba9a-4d72-abd2-d0f1aa02f12f: receive RaftClientReply:client-C79DE3E06697->1d6da99a-ba9a-4d72-abd2-d0f1aa02f12f@group-B29EE812FB58, cid=2684, SUCCESS, logIndex=3991, commits[1d6da99a-ba9a-4d72-abd2-d0f1aa02f12f:c3991, 9dc27687-2024-46ae-8b6e-c9027bfa400e:c3989, 9c9c57da-14dc-454a-b374-789aa5e765a9:c3989]
2019-09-16 23:35:13,585 [grpc-default-executor-7] INFO  client.GrpcClientProtocolClient (GrpcClientProtocolClient.java:onNext(264)) - client-C79DE3E06697->1d6da99a-ba9a-4d72-abd2-d0f1aa02f12f: receive RaftClientReply:client-C79DE3E06697->1d6da99a-ba9a-4d72-abd2-d0f1aa02f12f@group-B29EE812FB58, cid=2685, SUCCESS, logIndex=3992, commits[1d6da99a-ba9a-4d72-abd2-d0f1aa02f12f:c3993, 9dc27687-2024-46ae-8b6e-c9027bfa400e:c3989, 9c9c57da-14dc-454a-b374-789aa5e765a9:c3989]
2019-09-16 23:35:13,585 [grpc-default-executor-7] INFO  client.GrpcClientProtocolClient (GrpcClientProtocolClient.java:onNext(264)) - client-C79DE3E06697->1d6da99a-ba9a-4d72-abd2-d0f1aa02f12f: receive RaftClientReply:client-C79DE3E06697->1d6da99a-ba9a-4d72-abd2-d0f1aa02f12f@group-B29EE812FB58, cid=2686, SUCCESS, logIndex=3993, commits[1d6da99a-ba9a-4d72-abd2-d0f1aa02f12f:c3993, 9dc27687-2024-46ae-8b6e-c9027bfa400e:c3989, 9c9c57da-14dc-454a-b374-789aa5e765a9:c3989]
2019-09-16 23:35:13,587 [grpc-default-executor-7] INFO  client.GrpcClientProtocolClient (GrpcClientProtocolClient.java:onNext(264)) - client-C79DE3E06697->1d6da99a-ba9a-4d72-abd2-d0f1aa02f12f: receive RaftClientReply:client-C79DE3E06697->1d6da99a-ba9a-4d72-abd2-d0f1aa02f12f@group-B29EE812FB58, cid=2687, SUCCESS, logIndex=0, commits[1d6da99a-ba9a-4d72-abd2-d0f1aa02f12f:c3995, 9dc27687-2024-46ae-8b6e-c9027bfa400e:c3991, 9c9c57da-14dc-454a-b374-789aa5e765a9:c3991]
2019-09-16 23:35:13,613 [grpc-default-executor-6] INFO  client.GrpcClientProtocolClient (GrpcClientProtocolClient.java:onNext(264)) - client-C79DE3E06697->1d6da99a-ba9a-4d72-abd2-d0f1aa02f12f: receive RaftClientReply:client-C79DE3E06697->1d6da99a-ba9a-4d72-abd2-d0f1aa02f12f@group-B29EE812FB58, cid=2688, SUCCESS, logIndex=3998, commits[1d6da99a-ba9a-4d72-abd2-d0f1aa02f12f:c3999, 9dc27687-2024-46ae-8b6e-c9027bfa400e:c3995, 9c9c57da-14dc-454a-b374-789aa5e765a9:c3995]
2019-09-16 23:35:13,613 [grpc-default-executor-6] INFO  client.GrpcClientProtocolClient (GrpcClientProtocolClient.java:onNext(264)) - client-C79DE3E06697->1d6da99a-ba9a-4d72-abd2-d0f1aa02f12f: receive RaftClientReply:client-C79DE3E06697->1d6da99a-ba9a-4d72-abd2-d0f1aa02f12f@group-B29EE812FB58, cid=2689, SUCCESS, logIndex=3999, commits[1d6da99a-ba9a-4d72-abd2-d0f1aa02f12f:c3999, 9dc27687-2024-46ae-8b6e-c9027bfa400e:c3995, 9c9c57da-14dc-454a-b374-789aa5e765a9:c3995]
 0.00% |█                                                                                                    |  0/1 Time: 0:00:312019-09-16 23:35:13,807 [grpc-default-executor-1] INFO  client.GrpcClientProtocolClient (GrpcClientProtocolClient.java:onNext(264)) - client-C79DE3E06697->1d6da99a-ba9a-4d72-abd2-d0f1aa02f12f: receive RaftClientReply:client-C79DE3E06697->1d6da99a-ba9a-4d72-abd2-d0f1aa02f12f@group-B29EE812FB58, cid=2690, SUCCESS, logIndex=4002, commits[1d6da99a-ba9a-4d72-abd2-d0f1aa02f12f:c4003, 9dc27687-2024-46ae-8b6e-c9027bfa400e:c3999, 9c9c57da-14dc-454a-b374-789aa5e765a9:c3999]
2019-09-16 23:35:13,808 [grpc-default-executor-1] INFO  client.GrpcClientProtocolClient (GrpcClientProtocolClient.java:onNext(264)) - client-C79DE3E06697->1d6da99a-ba9a-4d72-abd2-d0f1aa02f12f: receive RaftClientReply:client-C79DE3E06697->1d6da99a-ba9a-4d72-abd2-d0f1aa02f12f@group-B29EE812FB58, cid=2691, SUCCESS, logIndex=4003, commits[1d6da99a-ba9a-4d72-abd2-d0f1aa02f12f:c4003, 9dc27687-2024-46ae-8b6e-c9027bfa400e:c3999, 9c9c57da-14dc-454a-b374-789aa5e765a9:c3999]
2019-09-16 23:35:13,822 [grpc-default-executor-7] INFO  client.GrpcClientProtocolClient (GrpcClientProtocolClient.java:onNext(264)) - client-C79DE3E06697->1d6da99a-ba9a-4d72-abd2-d0f1aa02f12f: receive RaftClientReply:client-C79DE3E06697->1d6da99a-ba9a-4d72-abd2-d0f1aa02f12f@group-B29EE812FB58, cid=2692, SUCCESS, logIndex=0, commits[1d6da99a-ba9a-4d72-abd2-d0f1aa02f12f:c4004, 9dc27687-2024-46ae-8b6e-c9027bfa400e:c4003, 9c9c57da-14dc-454a-b374-789aa5e765a9:c4003]
2019-09-16 23:35:13,902 [grpc-default-executor-6] INFO  client.GrpcClientProtocolClient (GrpcClientProtocolClient.java:onNext(264)) - client-C79DE3E06697->1d6da99a-ba9a-4d72-abd2-d0f1aa02f12f: receive RaftClientReply:client-C79DE3E06697->1d6da99a-ba9a-4d72-abd2-d0f1aa02f12f@group-B29EE812FB58, cid=2693, SUCCESS, logIndex=4006, commits[1d6da99a-ba9a-4d72-abd2-d0f1aa02f12f:c4009, 9dc27687-2024-46ae-8b6e-c9027bfa400e:c4005, 9c9c57da-14dc-454a-b374-789aa5e765a9:c4005]
2019-09-16 23:35:13,903 [grpc-default-executor-6] INFO  client.GrpcClientProtocolClient (GrpcClientProtocolClient.java:onNext(264)) - client-C79DE3E06697->1d6da99a-ba9a-4d72-abd2-d0f1aa02f12f: receive RaftClientReply:client-C79DE3E06697->1d6da99a-ba9a-4d72-abd2-d0f1aa02f12f@group-B29EE812FB58, cid=2694, SUCCESS, logIndex=4007, commits[1d6da99a-ba9a-4d72-abd2-d0f1aa02f12f:c4009, 9dc27687-2024-46ae-8b6e-c9027bfa400e:c4005, 9c9c57da-14dc-454a-b374-789aa5e765a9:c4005]
2019-09-16 23:35:13,903 [grpc-default-executor-6] INFO  client.GrpcClientProtocolClient (GrpcClientProtocolClient.java:onNext(264)) - client-C79DE3E06697->1d6da99a-ba9a-4d72-abd2-d0f1aa02f12f: receive RaftClientReply:client-C79DE3E06697->1d6da99a-ba9a-4d72-abd2-d0f1aa02f12f@group-B29EE812FB58, cid=2695, SUCCESS, logIndex=4008, commits[1d6da99a-ba9a-4d72-abd2-d0f1aa02f12f:c4009, 9dc27687-2024-46ae-8b6e-c9027bfa400e:c4005, 9c9c57da-14dc-454a-b374-789aa5e765a9:c4005]
2019-09-16 23:35:13,904 [grpc-default-executor-6] INFO  client.GrpcClientProtocolClient (GrpcClientProtocolClient.java:onNext(264)) - client-C79DE3E06697->1d6da99a-ba9a-4d72-abd2-d0f1aa02f12f: receive RaftClientReply:client-C79DE3E06697->1d6da99a-ba9a-4d72-abd2-d0f1aa02f12f@group-B29EE812FB58, cid=2696, SUCCESS, logIndex=4009, commits[1d6da99a-ba9a-4d72-abd2-d0f1aa02f12f:c4009, 9dc27687-2024-46ae-8b6e-c9027bfa400e:c4005, 9c9c57da-14dc-454a-b374-789aa5e765a9:c4005]
2019-09-16 23:35:13,929 [grpc-default-executor-1] INFO  client.GrpcClientProtocolClient (GrpcClientProtocolClient.java:onNext(264)) - client-C79DE3E06697->1d6da99a-ba9a-4d72-abd2-d0f1aa02f12f: receive RaftClientReply:client-C79DE3E06697->1d6da99a-ba9a-4d72-abd2-d0f1aa02f12f@group-B29EE812FB58, cid=2697, SUCCESS, logIndex=0, commits[1d6da99a-ba9a-4d72-abd2-d0f1aa02f12f:c4012, 9dc27687-2024-46ae-8b6e-c9027bfa400e:c4008, 9c9c57da-14dc-454a-b374-789aa5e765a9:c4009]
2019-09-16 23:35:13,952 [grpc-default-executor-1] INFO  client.GrpcClientProtocolClient (GrpcClientProtocolClient.java:onNext(264)) - client-C79DE3E06697->1d6da99a-ba9a-4d72-abd2-d0f1aa02f12f: receive RaftClientReply:client-C79DE3E06697->1d6da99a-ba9a-4d72-abd2-d0f1aa02f12f@group-B29EE812FB58, cid=2698, SUCCESS, logIndex=4014, commits[1d6da99a-ba9a-4d72-abd2-d0f1aa02f12f:c4014, 9dc27687-2024-46ae-8b6e-c9027bfa400e:c4013, 9c9c57da-14dc-454a-b374-789aa5e765a9:c4013]
2019-09-16 23:35:13,952 [grpc-default-executor-1] INFO  client.GrpcClientProtocolClient (GrpcClientProtocolClient.java:onNext(264)) - client-C79DE3E06697->1d6da99a-ba9a-4d72-abd2-d0f1aa02f12f: receive RaftClientReply:client-C79DE3E06697->1d6da99a-ba9a-4d72-abd2-d0f1aa02f12f@group-B29EE812FB58, cid=2699, SUCCESS, logIndex=4015, commits[1d6da99a-ba9a-4d72-abd2-d0f1aa02f12f:c4015, 9dc27687-2024-46ae-8b6e-c9027bfa400e:c4013, 9c9c57da-14dc-454a-b374-789aa5e765a9:c4013]
2019-09-16 23:35:13,982 [grpc-default-executor-1] INFO  client.GrpcClientProtocolClient (GrpcClientProtocolClient.java:onNext(264)) - client-C79DE3E06697->1d6da99a-ba9a-4d72-abd2-d0f1aa02f12f: receive RaftClientReply:client-C79DE3E06697->1d6da99a-ba9a-4d72-abd2-d0f1aa02f12f@group-B29EE812FB58, cid=2700, SUCCESS, logIndex=4018, commits[1d6da99a-ba9a-4d72-abd2-d0f1aa02f12f:c4019, 9dc27687-2024-46ae-8b6e-c9027bfa400e:c4015, 9c9c57da-14dc-454a-b374-789aa5e765a9:c4015]
2019-09-16 23:35:13,983 [grpc-default-executor-1] INFO  client.GrpcClientProtocolClient (GrpcClientProtocolClient.java:onNext(264)) - client-C79DE3E06697->1d6da99a-ba9a-4d72-abd2-d0f1aa02f12f: receive RaftClientReply:client-C79DE3E06697->1d6da99a-ba9a-4d72-abd2-d0f1aa02f12f@group-B29EE812FB58, cid=2701, SUCCESS, logIndex=4019, commits[1d6da99a-ba9a-4d72-abd2-d0f1aa02f12f:c4019, 9dc27687-2024-46ae-8b6e-c9027bfa400e:c4015, 9c9c57da-14dc-454a-b374-789aa5e765a9:c4015]
2019-09-16 23:35:13,994 [grpc-default-executor-1] INFO  client.GrpcClientProtocolClient (GrpcClientProtocolClient.java:onNext(264)) - client-C79DE3E06697->1d6da99a-ba9a-4d72-abd2-d0f1aa02f12f: receive RaftClientReply:client-C79DE3E06697->1d6da99a-ba9a-4d72-abd2-d0f1aa02f12f@group-B29EE812FB58, cid=2702, SUCCESS, logIndex=0, commits[1d6da99a-ba9a-4d72-abd2-d0f1aa02f12f:c4020, 9dc27687-2024-46ae-8b6e-c9027bfa400e:c4019, 9c9c57da-14dc-454a-b374-789aa5e765a9:c4019]
2019-09-16 23:35:14,039 [grpc-default-executor-1] INFO  client.GrpcClientProtocolClient (GrpcClientProtocolClient.java:onNext(264)) - client-C79DE3E06697->1d6da99a-ba9a-4d72-abd2-d0f1aa02f12f: receive RaftClientReply:client-C79DE3E06697->1d6da99a-ba9a-4d72-abd2-d0f1aa02f12f@group-B29EE812FB58, cid=2703, SUCCESS, logIndex=4021, commits[1d6da99a-ba9a-4d72-abd2-d0f1aa02f12f:c4022, 9dc27687-2024-46ae-8b6e-c9027bfa400e:c4020, 9c9c57da-14dc-454a-b374-789aa5e765a9:c4020]
2019-09-16 23:35:14,039 [grpc-default-executor-1] INFO  client.GrpcClientProtocolClient (GrpcClientProtocolClient.java:onNext(264)) - client-C79DE3E06697->1d6da99a-ba9a-4d72-abd2-d0f1aa02f12f: receive RaftClientReply:client-C79DE3E06697->1d6da99a-ba9a-4d72-abd2-d0f1aa02f12f@group-B29EE812FB58, cid=2704, SUCCESS, logIndex=4022, commits[1d6da99a-ba9a-4d72-abd2-d0f1aa02f12f:c4024, 9dc27687-2024-46ae-8b6e-c9027bfa400e:c4020, 9c9c57da-14dc-454a-b374-789aa5e765a9:c4020]
2019-09-16 23:35:14,040 [grpc-default-executor-1] INFO  client.GrpcClientProtocolClient (GrpcClientProtocolClient.java:onNext(264)) - client-C79DE3E06697->1d6da99a-ba9a-4d72-abd2-d0f1aa02f12f: receive RaftClientReply:client-C79DE3E06697->1d6da99a-ba9a-4d72-abd2-d0f1aa02f12f@group-B29EE812FB58, cid=2705, SUCCESS, logIndex=4023, commits[1d6da99a-ba9a-4d72-abd2-d0f1aa02f12f:c4024, 9dc27687-2024-46ae-8b6e-c9027bfa400e:c4020, 9c9c57da-14dc-454a-b374-789aa5e765a9:c4020]
2019-09-16 23:35:14,040 [grpc-default-executor-1] INFO  client.GrpcClientProtocolClient (GrpcClientProtocolClient.java:onNext(264)) - client-C79DE3E06697->1d6da99a-ba9a-4d72-abd2-d0f1aa02f12f: receive RaftClientReply:client-C79DE3E06697->1d6da99a-ba9a-4d72-abd2-d0f1aa02f12f@group-B29EE812FB58, cid=2706, SUCCESS, logIndex=4024, commits[1d6da99a-ba9a-4d72-abd2-d0f1aa02f12f:c4024, 9dc27687-2024-46ae-8b6e-c9027bfa400e:c4020, 9c9c57da-14dc-454a-b374-789aa5e765a9:c4020]
2019-09-16 23:35:14,053 [grpc-default-executor-6] INFO  client.GrpcClientProtocolClient (GrpcClientProtocolClient.java:onNext(264)) - client-C79DE3E06697->1d6da99a-ba9a-4d72-abd2-d0f1aa02f12f: receive RaftClientReply:client-C79DE3E06697->1d6da99a-ba9a-4d72-abd2-d0f1aa02f12f@group-B29EE812FB58, cid=2707, SUCCESS, logIndex=0, commits[1d6da99a-ba9a-4d72-abd2-d0f1aa02f12f:c4026, 9dc27687-2024-46ae-8b6e-c9027bfa400e:c4022, 9c9c57da-14dc-454a-b374-789aa5e765a9:c4022]
2019-09-16 23:35:14,074 [grpc-default-executor-1] INFO  client.GrpcClientProtocolClient (GrpcClientProtocolClient.java:onNext(264)) - client-C79DE3E06697->1d6da99a-ba9a-4d72-abd2-d0f1aa02f12f: receive RaftClientReply:client-C79DE3E06697->1d6da99a-ba9a-4d72-abd2-d0f1aa02f12f@group-B29EE812FB58, cid=2708, SUCCESS, logIndex=4029, commits[1d6da99a-ba9a-4d72-abd2-d0f1aa02f12f:c4030, 9dc27687-2024-46ae-8b6e-c9027bfa400e:c4028, 9c9c57da-14dc-454a-b374-789aa5e765a9:c4028]
2019-09-16 23:35:14,074 [grpc-default-executor-1] INFO  client.GrpcClientProtocolClient (GrpcClientProtocolClient.java:onNext(264)) - client-C79DE3E06697->1d6da99a-ba9a-4d72-abd2-d0f1aa02f12f: receive RaftClientReply:client-C79DE3E06697->1d6da99a-ba9a-4d72-abd2-d0f1aa02f12f@group-B29EE812FB58, cid=2709, SUCCESS, logIndex=4030, commits[1d6da99a-ba9a-4d72-abd2-d0f1aa02f12f:c4030, 9dc27687-2024-46ae-8b6e-c9027bfa400e:c4028, 9c9c57da-14dc-454a-b374-789aa5e765a9:c4028]
2019-09-16 23:35:14,088 [grpc-default-executor-1] INFO  client.GrpcClientProtocolClient (GrpcClientProtocolClient.java:onNext(264)) - client-C79DE3E06697->1d6da99a-ba9a-4d72-abd2-d0f1aa02f12f: receive RaftClientReply:client-C79DE3E06697->1d6da99a-ba9a-4d72-abd2-d0f1aa02f12f@group-B29EE812FB58, cid=2710, SUCCESS, logIndex=4033, commits[1d6da99a-ba9a-4d72-abd2-d0f1aa02f12f:c4034, 9dc27687-2024-46ae-8b6e-c9027bfa400e:c4030, 9c9c57da-14dc-454a-b374-789aa5e765a9:c4030]
2019-09-16 23:35:14,089 [grpc-default-executor-1] INFO  client.GrpcClientProtocolClient (GrpcClientProtocolClient.java:onNext(264)) - client-C79DE3E06697->1d6da99a-ba9a-4d72-abd2-d0f1aa02f12f: receive RaftClientReply:client-C79DE3E06697->1d6da99a-ba9a-4d72-abd2-d0f1aa02f12f@group-B29EE812FB58, cid=2711, SUCCESS, logIndex=4034, commits[1d6da99a-ba9a-4d72-abd2-d0f1aa02f12f:c4034, 9dc27687-2024-46ae-8b6e-c9027bfa400e:c4030, 9c9c57da-14dc-454a-b374-789aa5e765a9:c4030]
2019-09-16 23:35:14,112 [grpc-default-executor-1] INFO  client.GrpcClientProtocolClient (GrpcClientProtocolClient.java:onNext(264)) - client-C79DE3E06697->1d6da99a-ba9a-4d72-abd2-d0f1aa02f12f: receive RaftClientReply:client-C79DE3E06697->1d6da99a-ba9a-4d72-abd2-d0f1aa02f12f@group-B29EE812FB58, cid=2712, SUCCESS, logIndex=0, commits[1d6da99a-ba9a-4d72-abd2-d0f1aa02f12f:c4036, 9dc27687-2024-46ae-8b6e-c9027bfa400e:c4034, 9c9c57da-14dc-454a-b374-789aa5e765a9:c4034]
2019-09-16 23:35:14,143 [grpc-default-executor-3] INFO  client.GrpcClientProtocolClient (GrpcClientProtocolClient.java:onNext(264)) - client-C79DE3E06697->1d6da99a-ba9a-4d72-abd2-d0f1aa02f12f: receive RaftClientReply:client-C79DE3E06697->1d6da99a-ba9a-4d72-abd2-d0f1aa02f12f@group-B29EE812FB58, cid=2713, SUCCESS, logIndex=4037, commits[1d6da99a-ba9a-4d72-abd2-d0f1aa02f12f:c4039, 9dc27687-2024-46ae-8b6e-c9027bfa400e:c4036, 9c9c57da-14dc-454a-b374-789aa5e765a9:c4036]
2019-09-16 23:35:14,143 [grpc-default-executor-3] INFO  client.GrpcClientProtocolClient (GrpcClientProtocolClient.java:onNext(264)) - client-C79DE3E06697->1d6da99a-ba9a-4d72-abd2-d0f1aa02f12f: receive RaftClientReply:client-C79DE3E06697->1d6da99a-ba9a-4d72-abd2-d0f1aa02f12f@group-B29EE812FB58, cid=2714, SUCCESS, logIndex=4038, commits[1d6da99a-ba9a-4d72-abd2-d0f1aa02f12f:c4040, 9dc27687-2024-46ae-8b6e-c9027bfa400e:c4036, 9c9c57da-14dc-454a-b374-789aa5e765a9:c4036]
2019-09-16 23:35:14,144 [grpc-default-executor-3] INFO  client.GrpcClientProtocolClient (GrpcClientProtocolClient.java:onNext(264)) - client-C79DE3E06697->1d6da99a-ba9a-4d72-abd2-d0f1aa02f12f: receive RaftClientReply:client-C79DE3E06697->1d6da99a-ba9a-4d72-abd2-d0f1aa02f12f@group-B29EE812FB58, cid=2715, SUCCESS, logIndex=4039, commits[1d6da99a-ba9a-4d72-abd2-d0f1aa02f12f:c4040, 9dc27687-2024-46ae-8b6e-c9027bfa400e:c4036, 9c9c57da-14dc-454a-b374-789aa5e765a9:c4036]
2019-09-16 23:35:14,144 [grpc-default-executor-3] INFO  client.GrpcClientProtocolClient (GrpcClientProtocolClient.java:onNext(264)) - client-C79DE3E06697->1d6da99a-ba9a-4d72-abd2-d0f1aa02f12f: receive RaftClientReply:client-C79DE3E06697->1d6da99a-ba9a-4d72-abd2-d0f1aa02f12f@group-B29EE812FB58, cid=2716, SUCCESS, logIndex=4040, commits[1d6da99a-ba9a-4d72-abd2-d0f1aa02f12f:c4040, 9dc27687-2024-46ae-8b6e-c9027bfa400e:c4036, 9c9c57da-14dc-454a-b374-789aa5e765a9:c4036]
2019-09-16 23:35:14,154 [grpc-default-executor-3] INFO  client.GrpcClientProtocolClient (GrpcClientProtocolClient.java:onNext(264)) - client-C79DE3E06697->1d6da99a-ba9a-4d72-abd2-d0f1aa02f12f: receive RaftClientReply:client-C79DE3E06697->1d6da99a-ba9a-4d72-abd2-d0f1aa02f12f@group-B29EE812FB58, cid=2717, SUCCESS, logIndex=0, commits[1d6da99a-ba9a-4d72-abd2-d0f1aa02f12f:c4041, 9dc27687-2024-46ae-8b6e-c9027bfa400e:c4038, 9c9c57da-14dc-454a-b374-789aa5e765a9:c4038]
2019-09-16 23:35:14,168 [grpc-default-executor-7] INFO  client.GrpcClientProtocolClient (GrpcClientProtocolClient.java:onNext(264)) - client-C79DE3E06697->1d6da99a-ba9a-4d72-abd2-d0f1aa02f12f: receive RaftClientReply:client-C79DE3E06697->1d6da99a-ba9a-4d72-abd2-d0f1aa02f12f@group-B29EE812FB58, cid=2718, SUCCESS, logIndex=4045, commits[1d6da99a-ba9a-4d72-abd2-d0f1aa02f12f:c4046, 9dc27687-2024-46ae-8b6e-c9027bfa400e:c4044, 9c9c57da-14dc-454a-b374-789aa5e765a9:c4044]
2019-09-16 23:35:14,169 [grpc-default-executor-7] INFO  client.GrpcClientProtocolClient (GrpcClientProtocolClient.java:onNext(264)) - client-C79DE3E06697->1d6da99a-ba9a-4d72-abd2-d0f1aa02f12f: receive RaftClientReply:client-C79DE3E06697->1d6da99a-ba9a-4d72-abd2-d0f1aa02f12f@group-B29EE812FB58, cid=2719, SUCCESS, logIndex=4046, commits[1d6da99a-ba9a-4d72-abd2-d0f1aa02f12f:c4046, 9dc27687-2024-46ae-8b6e-c9027bfa400e:c4044, 9c9c57da-14dc-454a-b374-789aa5e765a9:c4044]
2019-09-16 23:35:14,184 [grpc-default-executor-6] INFO  client.GrpcClientProtocolClient (GrpcClientProtocolClient.java:onNext(264)) - client-C79DE3E06697->1d6da99a-ba9a-4d72-abd2-d0f1aa02f12f: receive RaftClientReply:client-C79DE3E06697->1d6da99a-ba9a-4d72-abd2-d0f1aa02f12f@group-B29EE812FB58, cid=2720, SUCCESS, logIndex=4049, commits[1d6da99a-ba9a-4d72-abd2-d0f1aa02f12f:c4050, 9dc27687-2024-46ae-8b6e-c9027bfa400e:c4048, 9c9c57da-14dc-454a-b374-789aa5e765a9:c4048]
2019-09-16 23:35:14,184 [grpc-default-executor-6] INFO  client.GrpcClientProtocolClient (GrpcClientProtocolClient.java:onNext(264)) - client-C79DE3E06697->1d6da99a-ba9a-4d72-abd2-d0f1aa02f12f: receive RaftClientReply:client-C79DE3E06697->1d6da99a-ba9a-4d72-abd2-d0f1aa02f12f@group-B29EE812FB58, cid=2721, SUCCESS, logIndex=4050, commits[1d6da99a-ba9a-4d72-abd2-d0f1aa02f12f:c4050, 9dc27687-2024-46ae-8b6e-c9027bfa400e:c4048, 9c9c57da-14dc-454a-b374-789aa5e765a9:c4048]
2019-09-16 23:35:14,192 [grpc-default-executor-6] INFO  client.GrpcClientProtocolClient (GrpcClientProtocolClient.java:onNext(264)) - client-C79DE3E06697->1d6da99a-ba9a-4d72-abd2-d0f1aa02f12f: receive RaftClientReply:client-C79DE3E06697->1d6da99a-ba9a-4d72-abd2-d0f1aa02f12f@group-B29EE812FB58, cid=2722, SUCCESS, logIndex=0, commits[1d6da99a-ba9a-4d72-abd2-d0f1aa02f12f:c4052, 9dc27687-2024-46ae-8b6e-c9027bfa400e:c4050, 9c9c57da-14dc-454a-b374-789aa5e765a9:c4050]
2019-09-16 23:35:14,212 [grpc-default-executor-7] INFO  client.GrpcClientProtocolClient (GrpcClientProtocolClient.java:onNext(264)) - client-C79DE3E06697->1d6da99a-ba9a-4d72-abd2-d0f1aa02f12f: receive RaftClientReply:client-C79DE3E06697->1d6da99a-ba9a-4d72-abd2-d0f1aa02f12f@group-B29EE812FB58, cid=2723, SUCCESS, logIndex=4053, commits[1d6da99a-ba9a-4d72-abd2-d0f1aa02f12f:c4056, 9dc27687-2024-46ae-8b6e-c9027bfa400e:c4050, 9c9c57da-14dc-454a-b374-789aa5e765a9:c4052]
2019-09-16 23:35:14,213 [grpc-default-executor-7] INFO  client.GrpcClientProtocolClient (GrpcClientProtocolClient.java:onNext(264)) - client-C79DE3E06697->1d6da99a-ba9a-4d72-abd2-d0f1aa02f12f: receive RaftClientReply:client-C79DE3E06697->1d6da99a-ba9a-4d72-abd2-d0f1aa02f12f@group-B29EE812FB58, cid=2724, SUCCESS, logIndex=4054, commits[1d6da99a-ba9a-4d72-abd2-d0f1aa02f12f:c4056, 9dc27687-2024-46ae-8b6e-c9027bfa400e:c4052, 9c9c57da-14dc-454a-b374-789aa5e765a9:c4052]
2019-09-16 23:35:14,213 [grpc-default-executor-7] INFO  client.GrpcClientProtocolClient (GrpcClientProtocolClient.java:onNext(264)) - client-C79DE3E06697->1d6da99a-ba9a-4d72-abd2-d0f1aa02f12f: receive RaftClientReply:client-C79DE3E06697->1d6da99a-ba9a-4d72-abd2-d0f1aa02f12f@group-B29EE812FB58, cid=2725, SUCCESS, logIndex=4055, commits[1d6da99a-ba9a-4d72-abd2-d0f1aa02f12f:c4056, 9dc27687-2024-46ae-8b6e-c9027bfa400e:c4052, 9c9c57da-14dc-454a-b374-789aa5e765a9:c4052]
2019-09-16 23:35:14,213 [grpc-default-executor-7] INFO  client.GrpcClientProtocolClient (GrpcClientProtocolClient.java:onNext(264)) - client-C79DE3E06697->1d6da99a-ba9a-4d72-abd2-d0f1aa02f12f: receive RaftClientReply:client-C79DE3E06697->1d6da99a-ba9a-4d72-abd2-d0f1aa02f12f@group-B29EE812FB58, cid=2726, SUCCESS, logIndex=4056, commits[1d6da99a-ba9a-4d72-abd2-d0f1aa02f12f:c4056, 9dc27687-2024-46ae-8b6e-c9027bfa400e:c4052, 9c9c57da-14dc-454a-b374-789aa5e765a9:c4052]
2019-09-16 23:35:14,214 [grpc-default-executor-6] INFO  client.GrpcClientProtocolClient (GrpcClientProtocolClient.java:onNext(264)) - client-C79DE3E06697->1d6da99a-ba9a-4d72-abd2-d0f1aa02f12f: receive RaftClientReply:client-C79DE3E06697->1d6da99a-ba9a-4d72-abd2-d0f1aa02f12f@group-B29EE812FB58, cid=2727, SUCCESS, logIndex=0, commits[1d6da99a-ba9a-4d72-abd2-d0f1aa02f12f:c4057, 9dc27687-2024-46ae-8b6e-c9027bfa400e:c4055, 9c9c57da-14dc-454a-b374-789aa5e765a9:c4055]
2019-09-16 23:35:14,225 [grpc-default-executor-6] INFO  client.GrpcClientProtocolClient (GrpcClientProtocolClient.java:onNext(264)) - client-C79DE3E06697->1d6da99a-ba9a-4d72-abd2-d0f1aa02f12f: receive RaftClientReply:client-C79DE3E06697->1d6da99a-ba9a-4d72-abd2-d0f1aa02f12f@group-B29EE812FB58, cid=2728, SUCCESS, logIndex=4060, commits[1d6da99a-ba9a-4d72-abd2-d0f1aa02f12f:c4061, 9dc27687-2024-46ae-8b6e-c9027bfa400e:c4059, 9c9c57da-14dc-454a-b374-789aa5e765a9:c4059]
2019-09-16 23:35:14,225 [grpc-default-executor-6] INFO  client.GrpcClientProtocolClient (GrpcClientProtocolClient.java:onNext(264)) - client-C79DE3E06697->1d6da99a-ba9a-4d72-abd2-d0f1aa02f12f: receive RaftClientReply:client-C79DE3E06697->1d6da99a-ba9a-4d72-abd2-d0f1aa02f12f@group-B29EE812FB58, cid=2729, SUCCESS, logIndex=4061, commits[1d6da99a-ba9a-4d72-abd2-d0f1aa02f12f:c4061, 9dc27687-2024-46ae-8b6e-c9027bfa400e:c4059, 9c9c57da-14dc-454a-b374-789aa5e765a9:c4059]
2019-09-16 23:35:14,234 [grpc-default-executor-6] INFO  client.GrpcClientProtocolClient (GrpcClientProtocolClient.java:onNext(264)) - client-C79DE3E06697->1d6da99a-ba9a-4d72-abd2-d0f1aa02f12f: receive RaftClientReply:client-C79DE3E06697->1d6da99a-ba9a-4d72-abd2-d0f1aa02f12f@group-B29EE812FB58, cid=2730, SUCCESS, logIndex=4064, commits[1d6da99a-ba9a-4d72-abd2-d0f1aa02f12f:c4065, 9dc27687-2024-46ae-8b6e-c9027bfa400e:c4061, 9c9c57da-14dc-454a-b374-789aa5e765a9:c4063]
2019-09-16 23:35:14,235 [grpc-default-executor-6] INFO  client.GrpcClientProtocolClient (GrpcClientProtocolClient.java:onNext(264)) - client-C79DE3E06697->1d6da99a-ba9a-4d72-abd2-d0f1aa02f12f: receive RaftClientReply:client-C79DE3E06697->1d6da99a-ba9a-4d72-abd2-d0f1aa02f12f@group-B29EE812FB58, cid=2731, SUCCESS, logIndex=4065, commits[1d6da99a-ba9a-4d72-abd2-d0f1aa02f12f:c4065, 9dc27687-2024-46ae-8b6e-c9027bfa400e:c4063, 9c9c57da-14dc-454a-b374-789aa5e765a9:c4063]
2019-09-16 23:35:14,238 [grpc-default-executor-6] INFO  client.GrpcClientProtocolClient (GrpcClientProtocolClient.java:onNext(264)) - client-C79DE3E06697->1d6da99a-ba9a-4d72-abd2-d0f1aa02f12f: receive RaftClientReply:client-C79DE3E06697->1d6da99a-ba9a-4d72-abd2-d0f1aa02f12f@group-B29EE812FB58, cid=2732, SUCCESS, logIndex=0, commits[1d6da99a-ba9a-4d72-abd2-d0f1aa02f12f:c4066, 9dc27687-2024-46ae-8b6e-c9027bfa400e:c4065, 9c9c57da-14dc-454a-b374-789aa5e765a9:c4065]
2019-09-16 23:35:14,270 [grpc-default-executor-6] INFO  client.GrpcClientProtocolClient (GrpcClientProtocolClient.java:onNext(264)) - client-C79DE3E06697->1d6da99a-ba9a-4d72-abd2-d0f1aa02f12f: receive RaftClientReply:client-C79DE3E06697->1d6da99a-ba9a-4d72-abd2-d0f1aa02f12f@group-B29EE812FB58, cid=2733, SUCCESS, logIndex=4068, commits[1d6da99a-ba9a-4d72-abd2-d0f1aa02f12f:c4070, 9dc27687-2024-46ae-8b6e-c9027bfa400e:c4067, 9c9c57da-14dc-454a-b374-789aa5e765a9:c4067]
2019-09-16 23:35:14,270 [grpc-default-executor-6] INFO  client.GrpcClientProtocolClient (GrpcClientProtocolClient.java:onNext(264)) - client-C79DE3E06697->1d6da99a-ba9a-4d72-abd2-d0f1aa02f12f: receive RaftClientReply:client-C79DE3E06697->1d6da99a-ba9a-4d72-abd2-d0f1aa02f12f@group-B29EE812FB58, cid=2734, SUCCESS, logIndex=4069, commits[1d6da99a-ba9a-4d72-abd2-d0f1aa02f12f:c4071, 9dc27687-2024-46ae-8b6e-c9027bfa400e:c4067, 9c9c57da-14dc-454a-b374-789aa5e765a9:c4067]
2019-09-16 23:35:14,271 [grpc-default-executor-6] INFO  client.GrpcClientProtocolClient (GrpcClientProtocolClient.java:onNext(264)) - client-C79DE3E06697->1d6da99a-ba9a-4d72-abd2-d0f1aa02f12f: receive RaftClientReply:client-C79DE3E06697->1d6da99a-ba9a-4d72-abd2-d0f1aa02f12f@group-B29EE812FB58, cid=2735, SUCCESS, logIndex=4070, commits[1d6da99a-ba9a-4d72-abd2-d0f1aa02f12f:c4071, 9dc27687-2024-46ae-8b6e-c9027bfa400e:c4067, 9c9c57da-14dc-454a-b374-789aa5e765a9:c4067]
2019-09-16 23:35:14,271 [grpc-default-executor-6] INFO  client.GrpcClientProtocolClient (GrpcClientProtocolClient.java:onNext(264)) - client-C79DE3E06697->1d6da99a-ba9a-4d72-abd2-d0f1aa02f12f: receive RaftClientReply:client-C79DE3E06697->1d6da99a-ba9a-4d72-abd2-d0f1aa02f12f@group-B29EE812FB58, cid=2736, SUCCESS, logIndex=4071, commits[1d6da99a-ba9a-4d72-abd2-d0f1aa02f12f:c4071, 9dc27687-2024-46ae-8b6e-c9027bfa400e:c4067, 9c9c57da-14dc-454a-b374-789aa5e765a9:c4067]
2019-09-16 23:35:14,273 [grpc-default-executor-6] INFO  client.GrpcClientProtocolClient (GrpcClientProtocolClient.java:onNext(264)) - client-C79DE3E06697->1d6da99a-ba9a-4d72-abd2-d0f1aa02f12f: receive RaftClientReply:client-C79DE3E06697->1d6da99a-ba9a-4d72-abd2-d0f1aa02f12f@group-B29EE812FB58, cid=2737, SUCCESS, logIndex=0, commits[1d6da99a-ba9a-4d72-abd2-d0f1aa02f12f:c4072, 9dc27687-2024-46ae-8b6e-c9027bfa400e:c4069, 9c9c57da-14dc-454a-b374-789aa5e765a9:c4069]
2019-09-16 23:35:14,288 [grpc-default-executor-6] INFO  client.GrpcClientProtocolClient (GrpcClientProtocolClient.java:onNext(264)) - client-C79DE3E06697->1d6da99a-ba9a-4d72-abd2-d0f1aa02f12f: receive RaftClientReply:client-C79DE3E06697->1d6da99a-ba9a-4d72-abd2-d0f1aa02f12f@group-B29EE812FB58, cid=2738, SUCCESS, logIndex=4076, commits[1d6da99a-ba9a-4d72-abd2-d0f1aa02f12f:c4077, 9dc27687-2024-46ae-8b6e-c9027bfa400e:c4072, 9c9c57da-14dc-454a-b374-789aa5e765a9:c4072]
2019-09-16 23:35:14,289 [grpc-default-executor-6] INFO  client.GrpcClientProtocolClient (GrpcClientProtocolClient.java:onNext(264)) - client-C79DE3E06697->1d6da99a-ba9a-4d72-abd2-d0f1aa02f12f: receive RaftClientReply:client-C79DE3E06697->1d6da99a-ba9a-4d72-abd2-d0f1aa02f12f@group-B29EE812FB58, cid=2739, SUCCESS, logIndex=4077, commits[1d6da99a-ba9a-4d72-abd2-d0f1aa02f12f:c4077, 9dc27687-2024-46ae-8b6e-c9027bfa400e:c4072, 9c9c57da-14dc-454a-b374-789aa5e765a9:c4072]
2019-09-16 23:35:14,306 [grpc-default-executor-1] INFO  client.GrpcClientProtocolClient (GrpcClientProtocolClient.java:onNext(264)) - client-C79DE3E06697->1d6da99a-ba9a-4d72-abd2-d0f1aa02f12f: receive RaftClientReply:client-C79DE3E06697->1d6da99a-ba9a-4d72-abd2-d0f1aa02f12f@group-B29EE812FB58, cid=2740, SUCCESS, logIndex=4080, commits[1d6da99a-ba9a-4d72-abd2-d0f1aa02f12f:c4081, 9dc27687-2024-46ae-8b6e-c9027bfa400e:c4077, 9c9c57da-14dc-454a-b374-789aa5e765a9:c4076]
2019-09-16 23:35:14,306 [grpc-default-executor-1] INFO  client.GrpcClientProtocolClient (GrpcClientProtocolClient.java:onNext(264)) - client-C79DE3E06697->1d6da99a-ba9a-4d72-abd2-d0f1aa02f12f: receive RaftClientReply:client-C79DE3E06697->1d6da99a-ba9a-4d72-abd2-d0f1aa02f12f@group-B29EE812FB58, cid=2741, SUCCESS, logIndex=4081, commits[1d6da99a-ba9a-4d72-abd2-d0f1aa02f12f:c4081, 9dc27687-2024-46ae-8b6e-c9027bfa400e:c4077, 9c9c57da-14dc-454a-b374-789aa5e765a9:c4076]
2019-09-16 23:35:14,316 [grpc-default-executor-1] INFO  client.GrpcClientProtocolClient (GrpcClientProtocolClient.java:onNext(264)) - client-C79DE3E06697->1d6da99a-ba9a-4d72-abd2-d0f1aa02f12f: receive RaftClientReply:client-C79DE3E06697->1d6da99a-ba9a-4d72-abd2-d0f1aa02f12f@group-B29EE812FB58, cid=2742, SUCCESS, logIndex=0, commits[1d6da99a-ba9a-4d72-abd2-d0f1aa02f12f:c4081, 9dc27687-2024-46ae-8b6e-c9027bfa400e:c4077, 9c9c57da-14dc-454a-b374-789aa5e765a9:c4077]
2019-09-16 23:35:14,317 [grpc-default-executor-1] INFO  client.GrpcClientProtocolClient (GrpcClientProtocolClient.java:onNext(264)) - client-C79DE3E06697->1d6da99a-ba9a-4d72-abd2-d0f1aa02f12f: receive RaftClientReply:client-C79DE3E06697->1d6da99a-ba9a-4d72-abd2-d0f1aa02f12f@group-B29EE812FB58, cid=2743, SUCCESS, logIndex=0, commits[1d6da99a-ba9a-4d72-abd2-d0f1aa02f12f:c4082, 9dc27687-2024-46ae-8b6e-c9027bfa400e:c4081, 9c9c57da-14dc-454a-b374-789aa5e765a9:c4081]
2019-09-16 23:35:14,343 [grpc-default-executor-7] INFO  client.GrpcClientProtocolClient (GrpcClientProtocolClient.java:onNext(264)) - client-C79DE3E06697->1d6da99a-ba9a-4d72-abd2-d0f1aa02f12f: receive RaftClientReply:client-C79DE3E06697->1d6da99a-ba9a-4d72-abd2-d0f1aa02f12f@group-B29EE812FB58, cid=2744, SUCCESS, logIndex=4084, commits[1d6da99a-ba9a-4d72-abd2-d0f1aa02f12f:c4085, 9dc27687-2024-46ae-8b6e-c9027bfa400e:c4083, 9c9c57da-14dc-454a-b374-789aa5e765a9:c4083]
2019-09-16 23:35:14,343 [grpc-default-executor-1] INFO  client.GrpcClientProtocolClient (GrpcClientProtocolClient.java:onNext(264)) - client-C79DE3E06697->1d6da99a-ba9a-4d72-abd2-d0f1aa02f12f: receive RaftClientReply:client-C79DE3E06697->1d6da99a-ba9a-4d72-abd2-d0f1aa02f12f@group-B29EE812FB58, cid=2745, SUCCESS, logIndex=4085, commits[1d6da99a-ba9a-4d72-abd2-d0f1aa02f12f:c4085, 9dc27687-2024-46ae-8b6e-c9027bfa400e:c4083, 9c9c57da-14dc-454a-b374-789aa5e765a9:c4083]
2019-09-16 23:35:14,344 [grpc-default-executor-7] INFO  client.GrpcClientProtocolClient (GrpcClientProtocolClient.java:onNext(264)) - client-C79DE3E06697->1d6da99a-ba9a-4d72-abd2-d0f1aa02f12f: receive RaftClientReply:client-C79DE3E06697->1d6da99a-ba9a-4d72-abd2-d0f1aa02f12f@group-B29EE812FB58, cid=2746, SUCCESS, logIndex=4086, commits[1d6da99a-ba9a-4d72-abd2-d0f1aa02f12f:c4087, 9dc27687-2024-46ae-8b6e-c9027bfa400e:c4083, 9c9c57da-14dc-454a-b374-789aa5e765a9:c4083]
2019-09-16 23:35:14,344 [grpc-default-executor-7] INFO  client.GrpcClientProtocolClient (GrpcClientProtocolClient.java:onNext(264)) - client-C79DE3E06697->1d6da99a-ba9a-4d72-abd2-d0f1aa02f12f: receive RaftClientReply:client-C79DE3E06697->1d6da99a-ba9a-4d72-abd2-d0f1aa02f12f@group-B29EE812FB58, cid=2747, SUCCESS, logIndex=4087, commits[1d6da99a-ba9a-4d72-abd2-d0f1aa02f12f:c4087, 9dc27687-2024-46ae-8b6e-c9027bfa400e:c4083, 9c9c57da-14dc-454a-b374-789aa5e765a9:c4083]
2019-09-16 23:35:14,357 [grpc-default-executor-7] INFO  client.GrpcClientProtocolClient (GrpcClientProtocolClient.java:onNext(264)) - client-C79DE3E06697->1d6da99a-ba9a-4d72-abd2-d0f1aa02f12f: receive RaftClientReply:client-C79DE3E06697->1d6da99a-ba9a-4d72-abd2-d0f1aa02f12f@group-B29EE812FB58, cid=2748, SUCCESS, logIndex=0, commits[1d6da99a-ba9a-4d72-abd2-d0f1aa02f12f:c4089, 9dc27687-2024-46ae-8b6e-c9027bfa400e:c4085, 9c9c57da-14dc-454a-b374-789aa5e765a9:c4085]
2019-09-16 23:35:14,375 [grpc-default-executor-6] INFO  client.GrpcClientProtocolClient (GrpcClientProtocolClient.java:onNext(264)) - client-C79DE3E06697->1d6da99a-ba9a-4d72-abd2-d0f1aa02f12f: receive RaftClientReply:client-C79DE3E06697->1d6da99a-ba9a-4d72-abd2-d0f1aa02f12f@group-B29EE812FB58, cid=2749, SUCCESS, logIndex=4092, commits[1d6da99a-ba9a-4d72-abd2-d0f1aa02f12f:c4092, 9dc27687-2024-46ae-8b6e-c9027bfa400e:c4091, 9c9c57da-14dc-454a-b374-789aa5e765a9:c4091]
2019-09-16 23:35:14,375 [grpc-default-executor-6] INFO  client.GrpcClientProtocolClient (GrpcClientProtocolClient.java:onNext(264)) - client-C79DE3E06697->1d6da99a-ba9a-4d72-abd2-d0f1aa02f12f: receive RaftClientReply:client-C79DE3E06697->1d6da99a-ba9a-4d72-abd2-d0f1aa02f12f@group-B29EE812FB58, cid=2750, SUCCESS, logIndex=4093, commits[1d6da99a-ba9a-4d72-abd2-d0f1aa02f12f:c4093, 9dc27687-2024-46ae-8b6e-c9027bfa400e:c4091, 9c9c57da-14dc-454a-b374-789aa5e765a9:c4091]
2019-09-16 23:35:14,389 [grpc-default-executor-6] INFO  client.GrpcClientProtocolClient (GrpcClientProtocolClient.java:onNext(264)) - client-C79DE3E06697->1d6da99a-ba9a-4d72-abd2-d0f1aa02f12f: receive RaftClientReply:client-C79DE3E06697->1d6da99a-ba9a-4d72-abd2-d0f1aa02f12f@group-B29EE812FB58, cid=2751, SUCCESS, logIndex=4096, commits[1d6da99a-ba9a-4d72-abd2-d0f1aa02f12f:c4097, 9dc27687-2024-46ae-8b6e-c9027bfa400e:c4093, 9c9c57da-14dc-454a-b374-789aa5e765a9:c4092]
2019-09-16 23:35:14,390 [grpc-default-executor-6] INFO  client.GrpcClientProtocolClient (GrpcClientProtocolClient.java:onNext(264)) - client-C79DE3E06697->1d6da99a-ba9a-4d72-abd2-d0f1aa02f12f: receive RaftClientReply:client-C79DE3E06697->1d6da99a-ba9a-4d72-abd2-d0f1aa02f12f@group-B29EE812FB58, cid=2752, SUCCESS, logIndex=4097, commits[1d6da99a-ba9a-4d72-abd2-d0f1aa02f12f:c4097, 9dc27687-2024-46ae-8b6e-c9027bfa400e:c4093, 9c9c57da-14dc-454a-b374-789aa5e765a9:c4093]
2019-09-16 23:35:14,401 [grpc-default-executor-6] INFO  client.GrpcClientProtocolClient (GrpcClientProtocolClient.java:onNext(264)) - client-C79DE3E06697->1d6da99a-ba9a-4d72-abd2-d0f1aa02f12f: receive RaftClientReply:client-C79DE3E06697->1d6da99a-ba9a-4d72-abd2-d0f1aa02f12f@group-B29EE812FB58, cid=2753, SUCCESS, logIndex=0, commits[1d6da99a-ba9a-4d72-abd2-d0f1aa02f12f:c4098, 9dc27687-2024-46ae-8b6e-c9027bfa400e:c4097, 9c9c57da-14dc-454a-b374-789aa5e765a9:c4097]
2019-09-16 23:35:14,430 [grpc-default-executor-7] INFO  client.GrpcClientProtocolClient (GrpcClientProtocolClient.java:onNext(264)) - client-C79DE3E06697->1d6da99a-ba9a-4d72-abd2-d0f1aa02f12f: receive RaftClientReply:client-C79DE3E06697->1d6da99a-ba9a-4d72-abd2-d0f1aa02f12f@group-B29EE812FB58, cid=2754, SUCCESS, logIndex=4099, commits[1d6da99a-ba9a-4d72-abd2-d0f1aa02f12f:c4100, 9dc27687-2024-46ae-8b6e-c9027bfa400e:c4097, 9c9c57da-14dc-454a-b374-789aa5e765a9:c4098]
2019-09-16 23:35:14,430 [grpc-default-executor-7] INFO  client.GrpcClientProtocolClient (GrpcClientProtocolClient.java:onNext(264)) - client-C79DE3E06697->1d6da99a-ba9a-4d72-abd2-d0f1aa02f12f: receive RaftClientReply:client-C79DE3E06697->1d6da99a-ba9a-4d72-abd2-d0f1aa02f12f@group-B29EE812FB58, cid=2755, SUCCESS, logIndex=4100, commits[1d6da99a-ba9a-4d72-abd2-d0f1aa02f12f:c4101, 9dc27687-2024-46ae-8b6e-c9027bfa400e:c4098, 9c9c57da-14dc-454a-b374-789aa5e765a9:c4098]
2019-09-16 23:35:14,431 [grpc-default-executor-7] INFO  client.GrpcClientProtocolClient (GrpcClientProtocolClient.java:onNext(264)) - client-C79DE3E06697->1d6da99a-ba9a-4d72-abd2-d0f1aa02f12f: receive RaftClientReply:client-C79DE3E06697->1d6da99a-ba9a-4d72-abd2-d0f1aa02f12f@group-B29EE812FB58, cid=2756, SUCCESS, logIndex=4101, commits[1d6da99a-ba9a-4d72-abd2-d0f1aa02f12f:c4102, 9dc27687-2024-46ae-8b6e-c9027bfa400e:c4098, 9c9c57da-14dc-454a-b374-789aa5e765a9:c4098]
2019-09-16 23:35:14,431 [grpc-default-executor-7] INFO  client.GrpcClientProtocolClient (GrpcClientProtocolClient.java:onNext(264)) - client-C79DE3E06697->1d6da99a-ba9a-4d72-abd2-d0f1aa02f12f: receive RaftClientReply:client-C79DE3E06697->1d6da99a-ba9a-4d72-abd2-d0f1aa02f12f@group-B29EE812FB58, cid=2757, SUCCESS, logIndex=4102, commits[1d6da99a-ba9a-4d72-abd2-d0f1aa02f12f:c4102, 9dc27687-2024-46ae-8b6e-c9027bfa400e:c4098, 9c9c57da-14dc-454a-b374-789aa5e765a9:c4098]
2019-09-16 23:35:14,441 [grpc-default-executor-7] INFO  client.GrpcClientProtocolClient (GrpcClientProtocolClient.java:onNext(264)) - client-C79DE3E06697->1d6da99a-ba9a-4d72-abd2-d0f1aa02f12f: receive RaftClientReply:client-C79DE3E06697->1d6da99a-ba9a-4d72-abd2-d0f1aa02f12f@group-B29EE812FB58, cid=2758, SUCCESS, logIndex=0, commits[1d6da99a-ba9a-4d72-abd2-d0f1aa02f12f:c4103, 9dc27687-2024-46ae-8b6e-c9027bfa400e:c4100, 9c9c57da-14dc-454a-b374-789aa5e765a9:c4100]
2019-09-16 23:35:14,460 [grpc-default-executor-7] INFO  client.GrpcClientProtocolClient (GrpcClientProtocolClient.java:onNext(264)) - client-C79DE3E06697->1d6da99a-ba9a-4d72-abd2-d0f1aa02f12f: receive RaftClientReply:client-C79DE3E06697->1d6da99a-ba9a-4d72-abd2-d0f1aa02f12f@group-B29EE812FB58, cid=2759, SUCCESS, logIndex=4107, commits[1d6da99a-ba9a-4d72-abd2-d0f1aa02f12f:c4108, 9dc27687-2024-46ae-8b6e-c9027bfa400e:c4106, 9c9c57da-14dc-454a-b374-789aa5e765a9:c4106]
2019-09-16 23:35:14,461 [grpc-default-executor-7] INFO  client.GrpcClientProtocolClient (GrpcClientProtocolClient.java:onNext(264)) - client-C79DE3E06697->1d6da99a-ba9a-4d72-abd2-d0f1aa02f12f: receive RaftClientReply:client-C79DE3E06697->1d6da99a-ba9a-4d72-abd2-d0f1aa02f12f@group-B29EE812FB58, cid=2760, SUCCESS, logIndex=4108, commits[1d6da99a-ba9a-4d72-abd2-d0f1aa02f12f:c4108, 9dc27687-2024-46ae-8b6e-c9027bfa400e:c4106, 9c9c57da-14dc-454a-b374-789aa5e765a9:c4106]
2019-09-16 23:35:14,476 [grpc-default-executor-6] INFO  client.GrpcClientProtocolClient (GrpcClientProtocolClient.java:onNext(264)) - client-C79DE3E06697->1d6da99a-ba9a-4d72-abd2-d0f1aa02f12f: receive RaftClientReply:client-C79DE3E06697->1d6da99a-ba9a-4d72-abd2-d0f1aa02f12f@group-B29EE812FB58, cid=2761, SUCCESS, logIndex=4111, commits[1d6da99a-ba9a-4d72-abd2-d0f1aa02f12f:c4112, 9dc27687-2024-46ae-8b6e-c9027bfa400e:c4108, 9c9c57da-14dc-454a-b374-789aa5e765a9:c4108]
2019-09-16 23:35:14,476 [grpc-default-executor-6] INFO  client.GrpcClientProtocolClient (GrpcClientProtocolClient.java:onNext(264)) - client-C79DE3E06697->1d6da99a-ba9a-4d72-abd2-d0f1aa02f12f: receive RaftClientReply:client-C79DE3E06697->1d6da99a-ba9a-4d72-abd2-d0f1aa02f12f@group-B29EE812FB58, cid=2762, SUCCESS, logIndex=4112, commits[1d6da99a-ba9a-4d72-abd2-d0f1aa02f12f:c4112, 9dc27687-2024-46ae-8b6e-c9027bfa400e:c4108, 9c9c57da-14dc-454a-b374-789aa5e765a9:c4108]
2019-09-16 23:35:14,477 [grpc-default-executor-6] INFO  client.GrpcClientProtocolClient (GrpcClientProtocolClient.java:onNext(264)) - client-C79DE3E06697->1d6da99a-ba9a-4d72-abd2-d0f1aa02f12f: receive RaftClientReply:client-C79DE3E06697->1d6da99a-ba9a-4d72-abd2-d0f1aa02f12f@group-B29EE812FB58, cid=2763, SUCCESS, logIndex=0, commits[1d6da99a-ba9a-4d72-abd2-d0f1aa02f12f:c4113, 9dc27687-2024-46ae-8b6e-c9027bfa400e:c4112, 9c9c57da-14dc-454a-b374-789aa5e765a9:c4112]
2019-09-16 23:35:14,494 [grpc-default-executor-7] INFO  client.GrpcClientProtocolClient (GrpcClientProtocolClient.java:onNext(264)) - client-C79DE3E06697->1d6da99a-ba9a-4d72-abd2-d0f1aa02f12f: receive RaftClientReply:client-C79DE3E06697->1d6da99a-ba9a-4d72-abd2-d0f1aa02f12f@group-B29EE812FB58, cid=2764, SUCCESS, logIndex=4115, commits[1d6da99a-ba9a-4d72-abd2-d0f1aa02f12f:c4116, 9dc27687-2024-46ae-8b6e-c9027bfa400e:c4112, 9c9c57da-14dc-454a-b374-789aa5e765a9:c4114]
2019-09-16 23:35:14,495 [grpc-default-executor-7] INFO  client.GrpcClientProtocolClient (GrpcClientProtocolClient.java:onNext(264)) - client-C79DE3E06697->1d6da99a-ba9a-4d72-abd2-d0f1aa02f12f: receive RaftClientReply:client-C79DE3E06697->1d6da99a-ba9a-4d72-abd2-d0f1aa02f12f@group-B29EE812FB58, cid=2765, SUCCESS, logIndex=4116, commits[1d6da99a-ba9a-4d72-abd2-d0f1aa02f12f:c4116, 9dc27687-2024-46ae-8b6e-c9027bfa400e:c4112, 9c9c57da-14dc-454a-b374-789aa5e765a9:c4114]
2019-09-16 23:35:14,538 [grpc-default-executor-1] INFO  client.GrpcClientProtocolClient (GrpcClientProtocolClient.java:onNext(264)) - client-C79DE3E06697->1d6da99a-ba9a-4d72-abd2-d0f1aa02f12f: receive RaftClientReply:client-C79DE3E06697->1d6da99a-ba9a-4d72-abd2-d0f1aa02f12f@group-B29EE812FB58, cid=2766, SUCCESS, logIndex=4117, commits[1d6da99a-ba9a-4d72-abd2-d0f1aa02f12f:c4117, 9dc27687-2024-46ae-8b6e-c9027bfa400e:c4114, 9c9c57da-14dc-454a-b374-789aa5e765a9:c4114]
2019-09-16 23:35:14,539 [grpc-default-executor-1] INFO  client.GrpcClientProtocolClient (GrpcClientProtocolClient.java:onNext(264)) - client-C79DE3E06697->1d6da99a-ba9a-4d72-abd2-d0f1aa02f12f: receive RaftClientReply:client-C79DE3E06697->1d6da99a-ba9a-4d72-abd2-d0f1aa02f12f@group-B29EE812FB58, cid=2767, SUCCESS, logIndex=4118, commits[1d6da99a-ba9a-4d72-abd2-d0f1aa02f12f:c4120, 9dc27687-2024-46ae-8b6e-c9027bfa400e:c4116, 9c9c57da-14dc-454a-b374-789aa5e765a9:c4114]
2019-09-16 23:35:14,540 [grpc-default-executor-1] INFO  client.GrpcClientProtocolClient (GrpcClientProtocolClient.java:onNext(264)) - client-C79DE3E06697->1d6da99a-ba9a-4d72-abd2-d0f1aa02f12f: receive RaftClientReply:client-C79DE3E06697->1d6da99a-ba9a-4d72-abd2-d0f1aa02f12f@group-B29EE812FB58, cid=2768, SUCCESS, logIndex=0, commits[1d6da99a-ba9a-4d72-abd2-d0f1aa02f12f:c4120, 9dc27687-2024-46ae-8b6e-c9027bfa400e:c4116, 9c9c57da-14dc-454a-b374-789aa5e765a9:c4116]
2019-09-16 23:35:14,557 [grpc-default-executor-7] INFO  client.GrpcClientProtocolClient (GrpcClientProtocolClient.java:onNext(264)) - client-C79DE3E06697->1d6da99a-ba9a-4d72-abd2-d0f1aa02f12f: receive RaftClientReply:client-C79DE3E06697->1d6da99a-ba9a-4d72-abd2-d0f1aa02f12f@group-B29EE812FB58, cid=2769, SUCCESS, logIndex=4122, commits[1d6da99a-ba9a-4d72-abd2-d0f1aa02f12f:c4123, 9dc27687-2024-46ae-8b6e-c9027bfa400e:c4120, 9c9c57da-14dc-454a-b374-789aa5e765a9:c4120]
2019-09-16 23:35:14,557 [grpc-default-executor-7] INFO  client.GrpcClientProtocolClient (GrpcClientProtocolClient.java:onNext(264)) - client-C79DE3E06697->1d6da99a-ba9a-4d72-abd2-d0f1aa02f12f: receive RaftClientReply:client-C79DE3E06697->1d6da99a-ba9a-4d72-abd2-d0f1aa02f12f@group-B29EE812FB58, cid=2770, SUCCESS, logIndex=4123, commits[1d6da99a-ba9a-4d72-abd2-d0f1aa02f12f:c4123, 9dc27687-2024-46ae-8b6e-c9027bfa400e:c4120, 9c9c57da-14dc-454a-b374-789aa5e765a9:c4120]
2019-09-16 23:35:14,572 [grpc-default-executor-1] INFO  client.GrpcClientProtocolClient (GrpcClientProtocolClient.java:onNext(264)) - client-C79DE3E06697->1d6da99a-ba9a-4d72-abd2-d0f1aa02f12f: receive RaftClientReply:client-C79DE3E06697->1d6da99a-ba9a-4d72-abd2-d0f1aa02f12f@group-B29EE812FB58, cid=2771, SUCCESS, logIndex=4126, commits[1d6da99a-ba9a-4d72-abd2-d0f1aa02f12f:c4127, 9dc27687-2024-46ae-8b6e-c9027bfa400e:c4123, 9c9c57da-14dc-454a-b374-789aa5e765a9:c4123]
2019-09-16 23:35:14,572 [grpc-default-executor-1] INFO  client.GrpcClientProtocolClient (GrpcClientProtocolClient.java:onNext(264)) - client-C79DE3E06697->1d6da99a-ba9a-4d72-abd2-d0f1aa02f12f: receive RaftClientReply:client-C79DE3E06697->1d6da99a-ba9a-4d72-abd2-d0f1aa02f12f@group-B29EE812FB58, cid=2772, SUCCESS, logIndex=4127, commits[1d6da99a-ba9a-4d72-abd2-d0f1aa02f12f:c4127, 9dc27687-2024-46ae-8b6e-c9027bfa400e:c4123, 9c9c57da-14dc-454a-b374-789aa5e765a9:c4123]
2019-09-16 23:35:14,586 [grpc-default-executor-6] INFO  client.GrpcClientProtocolClient (GrpcClientProtocolClient.java:onNext(264)) - client-C79DE3E06697->1d6da99a-ba9a-4d72-abd2-d0f1aa02f12f: receive RaftClientReply:client-C79DE3E06697->1d6da99a-ba9a-4d72-abd2-d0f1aa02f12f@group-B29EE812FB58, cid=2773, SUCCESS, logIndex=0, commits[1d6da99a-ba9a-4d72-abd2-d0f1aa02f12f:c4129, 9dc27687-2024-46ae-8b6e-c9027bfa400e:c4127, 9c9c57da-14dc-454a-b374-789aa5e765a9:c4127]
2019-09-16 23:35:14,617 [grpc-default-executor-7] INFO  client.GrpcClientProtocolClient (GrpcClientProtocolClient.java:onNext(264)) - client-C79DE3E06697->1d6da99a-ba9a-4d72-abd2-d0f1aa02f12f: receive RaftClientReply:client-C79DE3E06697->1d6da99a-ba9a-4d72-abd2-d0f1aa02f12f@group-B29EE812FB58, cid=2774, SUCCESS, logIndex=4130, commits[1d6da99a-ba9a-4d72-abd2-d0f1aa02f12f:c4131, 9dc27687-2024-46ae-8b6e-c9027bfa400e:c4129, 9c9c57da-14dc-454a-b374-789aa5e765a9:c4129]
2019-09-16 23:35:14,618 [grpc-default-executor-7] INFO  client.GrpcClientProtocolClient (GrpcClientProtocolClient.java:onNext(264)) - client-C79DE3E06697->1d6da99a-ba9a-4d72-abd2-d0f1aa02f12f: receive RaftClientReply:client-C79DE3E06697->1d6da99a-ba9a-4d72-abd2-d0f1aa02f12f@group-B29EE812FB58, cid=2775, SUCCESS, logIndex=4131, commits[1d6da99a-ba9a-4d72-abd2-d0f1aa02f12f:c4131, 9dc27687-2024-46ae-8b6e-c9027bfa400e:c4129, 9c9c57da-14dc-454a-b374-789aa5e765a9:c4129]
2019-09-16 23:35:14,618 [grpc-default-executor-7] INFO  client.GrpcClientProtocolClient (GrpcClientProtocolClient.java:onNext(264)) - client-C79DE3E06697->1d6da99a-ba9a-4d72-abd2-d0f1aa02f12f: receive RaftClientReply:client-C79DE3E06697->1d6da99a-ba9a-4d72-abd2-d0f1aa02f12f@group-B29EE812FB58, cid=2776, SUCCESS, logIndex=4132, commits[1d6da99a-ba9a-4d72-abd2-d0f1aa02f12f:c4132, 9dc27687-2024-46ae-8b6e-c9027bfa400e:c4129, 9c9c57da-14dc-454a-b374-789aa5e765a9:c4129]
2019-09-16 23:35:14,619 [grpc-default-executor-7] INFO  client.GrpcClientProtocolClient (GrpcClientProtocolClient.java:onNext(264)) - client-C79DE3E06697->1d6da99a-ba9a-4d72-abd2-d0f1aa02f12f: receive RaftClientReply:client-C79DE3E06697->1d6da99a-ba9a-4d72-abd2-d0f1aa02f12f@group-B29EE812FB58, cid=2777, SUCCESS, logIndex=4133, commits[1d6da99a-ba9a-4d72-abd2-d0f1aa02f12f:c4133, 9dc27687-2024-46ae-8b6e-c9027bfa400e:c4129, 9c9c57da-14dc-454a-b374-789aa5e765a9:c4129]
2019-09-16 23:35:14,621 [grpc-default-executor-1] INFO  client.GrpcClientProtocolClient (GrpcClientProtocolClient.java:onNext(264)) - client-C79DE3E06697->1d6da99a-ba9a-4d72-abd2-d0f1aa02f12f: receive RaftClientReply:client-C79DE3E06697->1d6da99a-ba9a-4d72-abd2-d0f1aa02f12f@group-B29EE812FB58, cid=2778, SUCCESS, logIndex=0, commits[1d6da99a-ba9a-4d72-abd2-d0f1aa02f12f:c4135, 9dc27687-2024-46ae-8b6e-c9027bfa400e:c4131, 9c9c57da-14dc-454a-b374-789aa5e765a9:c4131]
 0.00% |█                                                                                                    |  0/1 Time: 0:00:322019-09-16 23:35:14,816 [grpc-default-executor-1] INFO  client.GrpcClientProtocolClient (GrpcClientProtocolClient.java:onNext(264)) - client-C79DE3E06697->1d6da99a-ba9a-4d72-abd2-d0f1aa02f12f: receive RaftClientReply:client-C79DE3E06697->1d6da99a-ba9a-4d72-abd2-d0f1aa02f12f@group-B29EE812FB58, cid=2779, SUCCESS, logIndex=4138, commits[1d6da99a-ba9a-4d72-abd2-d0f1aa02f12f:c4139, 9dc27687-2024-46ae-8b6e-c9027bfa400e:c4137, 9c9c57da-14dc-454a-b374-789aa5e765a9:c4137]
2019-09-16 23:35:14,816 [grpc-default-executor-1] INFO  client.GrpcClientProtocolClient (GrpcClientProtocolClient.java:onNext(264)) - client-C79DE3E06697->1d6da99a-ba9a-4d72-abd2-d0f1aa02f12f: receive RaftClientReply:client-C79DE3E06697->1d6da99a-ba9a-4d72-abd2-d0f1aa02f12f@group-B29EE812FB58, cid=2780, SUCCESS, logIndex=4139, commits[1d6da99a-ba9a-4d72-abd2-d0f1aa02f12f:c4139, 9dc27687-2024-46ae-8b6e-c9027bfa400e:c4137, 9c9c57da-14dc-454a-b374-789aa5e765a9:c4137]
2019-09-16 23:35:14,840 [grpc-default-executor-6] INFO  client.GrpcClientProtocolClient (GrpcClientProtocolClient.java:onNext(264)) - client-C79DE3E06697->1d6da99a-ba9a-4d72-abd2-d0f1aa02f12f: receive RaftClientReply:client-C79DE3E06697->1d6da99a-ba9a-4d72-abd2-d0f1aa02f12f@group-B29EE812FB58, cid=2781, SUCCESS, logIndex=4142, commits[1d6da99a-ba9a-4d72-abd2-d0f1aa02f12f:c4143, 9dc27687-2024-46ae-8b6e-c9027bfa400e:c4139, 9c9c57da-14dc-454a-b374-789aa5e765a9:c4139]
2019-09-16 23:35:14,840 [grpc-default-executor-6] INFO  client.GrpcClientProtocolClient (GrpcClientProtocolClient.java:onNext(264)) - client-C79DE3E06697->1d6da99a-ba9a-4d72-abd2-d0f1aa02f12f: receive RaftClientReply:client-C79DE3E06697->1d6da99a-ba9a-4d72-abd2-d0f1aa02f12f@group-B29EE812FB58, cid=2782, SUCCESS, logIndex=4143, commits[1d6da99a-ba9a-4d72-abd2-d0f1aa02f12f:c4143, 9dc27687-2024-46ae-8b6e-c9027bfa400e:c4139, 9c9c57da-14dc-454a-b374-789aa5e765a9:c4139]
2019-09-16 23:35:14,852 [grpc-default-executor-7] INFO  client.GrpcClientProtocolClient (GrpcClientProtocolClient.java:onNext(264)) - client-C79DE3E06697->1d6da99a-ba9a-4d72-abd2-d0f1aa02f12f: receive RaftClientReply:client-C79DE3E06697->1d6da99a-ba9a-4d72-abd2-d0f1aa02f12f@group-B29EE812FB58, cid=2783, SUCCESS, logIndex=0, commits[1d6da99a-ba9a-4d72-abd2-d0f1aa02f12f:c4143, 9dc27687-2024-46ae-8b6e-c9027bfa400e:c4143, 9c9c57da-14dc-454a-b374-789aa5e765a9:c4143]
2019-09-16 23:35:14,882 [grpc-default-executor-1] INFO  client.GrpcClientProtocolClient (GrpcClientProtocolClient.java:onNext(264)) - client-C79DE3E06697->1d6da99a-ba9a-4d72-abd2-d0f1aa02f12f: receive RaftClientReply:client-C79DE3E06697->1d6da99a-ba9a-4d72-abd2-d0f1aa02f12f@group-B29EE812FB58, cid=2784, SUCCESS, logIndex=4146, commits[1d6da99a-ba9a-4d72-abd2-d0f1aa02f12f:c4147, 9dc27687-2024-46ae-8b6e-c9027bfa400e:c4145, 9c9c57da-14dc-454a-b374-789aa5e765a9:c4145]
2019-09-16 23:35:14,883 [grpc-default-executor-7] INFO  client.GrpcClientProtocolClient (GrpcClientProtocolClient.java:onNext(264)) - client-C79DE3E06697->1d6da99a-ba9a-4d72-abd2-d0f1aa02f12f: receive RaftClientReply:client-C79DE3E06697->1d6da99a-ba9a-4d72-abd2-d0f1aa02f12f@group-B29EE812FB58, cid=2785, SUCCESS, logIndex=4147, commits[1d6da99a-ba9a-4d72-abd2-d0f1aa02f12f:c4147, 9dc27687-2024-46ae-8b6e-c9027bfa400e:c4145, 9c9c57da-14dc-454a-b374-789aa5e765a9:c4145]
2019-09-16 23:35:14,883 [grpc-default-executor-7] INFO  client.GrpcClientProtocolClient (GrpcClientProtocolClient.java:onNext(264)) - client-C79DE3E06697->1d6da99a-ba9a-4d72-abd2-d0f1aa02f12f: receive RaftClientReply:client-C79DE3E06697->1d6da99a-ba9a-4d72-abd2-d0f1aa02f12f@group-B29EE812FB58, cid=2786, SUCCESS, logIndex=4148, commits[1d6da99a-ba9a-4d72-abd2-d0f1aa02f12f:c4148, 9dc27687-2024-46ae-8b6e-c9027bfa400e:c4145, 9c9c57da-14dc-454a-b374-789aa5e765a9:c4145]
2019-09-16 23:35:14,884 [grpc-default-executor-7] INFO  client.GrpcClientProtocolClient (GrpcClientProtocolClient.java:onNext(264)) - client-C79DE3E06697->1d6da99a-ba9a-4d72-abd2-d0f1aa02f12f: receive RaftClientReply:client-C79DE3E06697->1d6da99a-ba9a-4d72-abd2-d0f1aa02f12f@group-B29EE812FB58, cid=2787, SUCCESS, logIndex=4149, commits[1d6da99a-ba9a-4d72-abd2-d0f1aa02f12f:c4149, 9dc27687-2024-46ae-8b6e-c9027bfa400e:c4145, 9c9c57da-14dc-454a-b374-789aa5e765a9:c4145]
2019-09-16 23:35:14,886 [grpc-default-executor-7] INFO  client.GrpcClientProtocolClient (GrpcClientProtocolClient.java:onNext(264)) - client-C79DE3E06697->1d6da99a-ba9a-4d72-abd2-d0f1aa02f12f: receive RaftClientReply:client-C79DE3E06697->1d6da99a-ba9a-4d72-abd2-d0f1aa02f12f@group-B29EE812FB58, cid=2788, SUCCESS, logIndex=0, commits[1d6da99a-ba9a-4d72-abd2-d0f1aa02f12f:c4151, 9dc27687-2024-46ae-8b6e-c9027bfa400e:c4147, 9c9c57da-14dc-454a-b374-789aa5e765a9:c4147]
2019-09-16 23:35:14,911 [grpc-default-executor-7] INFO  client.GrpcClientProtocolClient (GrpcClientProtocolClient.java:onNext(264)) - client-C79DE3E06697->1d6da99a-ba9a-4d72-abd2-d0f1aa02f12f: receive RaftClientReply:client-C79DE3E06697->1d6da99a-ba9a-4d72-abd2-d0f1aa02f12f@group-B29EE812FB58, cid=2789, SUCCESS, logIndex=4154, commits[1d6da99a-ba9a-4d72-abd2-d0f1aa02f12f:c4155, 9dc27687-2024-46ae-8b6e-c9027bfa400e:c4151, 9c9c57da-14dc-454a-b374-789aa5e765a9:c4151]
2019-09-16 23:35:14,911 [grpc-default-executor-7] INFO  client.GrpcClientProtocolClient (GrpcClientProtocolClient.java:onNext(264)) - client-C79DE3E06697->1d6da99a-ba9a-4d72-abd2-d0f1aa02f12f: receive RaftClientReply:client-C79DE3E06697->1d6da99a-ba9a-4d72-abd2-d0f1aa02f12f@group-B29EE812FB58, cid=2790, SUCCESS, logIndex=4155, commits[1d6da99a-ba9a-4d72-abd2-d0f1aa02f12f:c4155, 9dc27687-2024-46ae-8b6e-c9027bfa400e:c4151, 9c9c57da-14dc-454a-b374-789aa5e765a9:c4151]
2019-09-16 23:35:14,925 [grpc-default-executor-6] INFO  client.GrpcClientProtocolClient (GrpcClientProtocolClient.java:onNext(264)) - client-C79DE3E06697->1d6da99a-ba9a-4d72-abd2-d0f1aa02f12f: receive RaftClientReply:client-C79DE3E06697->1d6da99a-ba9a-4d72-abd2-d0f1aa02f12f@group-B29EE812FB58, cid=2791, SUCCESS, logIndex=4158, commits[1d6da99a-ba9a-4d72-abd2-d0f1aa02f12f:c4159, 9dc27687-2024-46ae-8b6e-c9027bfa400e:c4155, 9c9c57da-14dc-454a-b374-789aa5e765a9:c4154]
2019-09-16 23:35:14,925 [grpc-default-executor-6] INFO  client.GrpcClientProtocolClient (GrpcClientProtocolClient.java:onNext(264)) - client-C79DE3E06697->1d6da99a-ba9a-4d72-abd2-d0f1aa02f12f: receive RaftClientReply:client-C79DE3E06697->1d6da99a-ba9a-4d72-abd2-d0f1aa02f12f@group-B29EE812FB58, cid=2792, SUCCESS, logIndex=4159, commits[1d6da99a-ba9a-4d72-abd2-d0f1aa02f12f:c4159, 9dc27687-2024-46ae-8b6e-c9027bfa400e:c4155, 9c9c57da-14dc-454a-b374-789aa5e765a9:c4155]
2019-09-16 23:35:14,937 [grpc-default-executor-6] INFO  client.GrpcClientProtocolClient (GrpcClientProtocolClient.java:onNext(264)) - client-C79DE3E06697->1d6da99a-ba9a-4d72-abd2-d0f1aa02f12f: receive RaftClientReply:client-C79DE3E06697->1d6da99a-ba9a-4d72-abd2-d0f1aa02f12f@group-B29EE812FB58, cid=2793, SUCCESS, logIndex=0, commits[1d6da99a-ba9a-4d72-abd2-d0f1aa02f12f:c4160, 9dc27687-2024-46ae-8b6e-c9027bfa400e:c4159, 9c9c57da-14dc-454a-b374-789aa5e765a9:c4159]
2019-09-16 23:35:14,962 [grpc-default-executor-7] INFO  client.GrpcClientProtocolClient (GrpcClientProtocolClient.java:onNext(264)) - client-C79DE3E06697->1d6da99a-ba9a-4d72-abd2-d0f1aa02f12f: receive RaftClientReply:client-C79DE3E06697->1d6da99a-ba9a-4d72-abd2-d0f1aa02f12f@group-B29EE812FB58, cid=2794, SUCCESS, logIndex=4162, commits[1d6da99a-ba9a-4d72-abd2-d0f1aa02f12f:c4163, 9dc27687-2024-46ae-8b6e-c9027bfa400e:c4161, 9c9c57da-14dc-454a-b374-789aa5e765a9:c4161]
2019-09-16 23:35:14,963 [grpc-default-executor-1] INFO  client.GrpcClientProtocolClient (GrpcClientProtocolClient.java:onNext(264)) - client-C79DE3E06697->1d6da99a-ba9a-4d72-abd2-d0f1aa02f12f: receive RaftClientReply:client-C79DE3E06697->1d6da99a-ba9a-4d72-abd2-d0f1aa02f12f@group-B29EE812FB58, cid=2795, SUCCESS, logIndex=4163, commits[1d6da99a-ba9a-4d72-abd2-d0f1aa02f12f:c4163, 9dc27687-2024-46ae-8b6e-c9027bfa400e:c4161, 9c9c57da-14dc-454a-b374-789aa5e765a9:c4161]
2019-09-16 23:35:14,963 [grpc-default-executor-1] INFO  client.GrpcClientProtocolClient (GrpcClientProtocolClient.java:onNext(264)) - client-C79DE3E06697->1d6da99a-ba9a-4d72-abd2-d0f1aa02f12f: receive RaftClientReply:client-C79DE3E06697->1d6da99a-ba9a-4d72-abd2-d0f1aa02f12f@group-B29EE812FB58, cid=2796, SUCCESS, logIndex=4164, commits[1d6da99a-ba9a-4d72-abd2-d0f1aa02f12f:c4165, 9dc27687-2024-46ae-8b6e-c9027bfa400e:c4161, 9c9c57da-14dc-454a-b374-789aa5e765a9:c4161]
2019-09-16 23:35:14,963 [grpc-default-executor-1] INFO  client.GrpcClientProtocolClient (GrpcClientProtocolClient.java:onNext(264)) - client-C79DE3E06697->1d6da99a-ba9a-4d72-abd2-d0f1aa02f12f: receive RaftClientReply:client-C79DE3E06697->1d6da99a-ba9a-4d72-abd2-d0f1aa02f12f@group-B29EE812FB58, cid=2797, SUCCESS, logIndex=4165, commits[1d6da99a-ba9a-4d72-abd2-d0f1aa02f12f:c4165, 9dc27687-2024-46ae-8b6e-c9027bfa400e:c4161, 9c9c57da-14dc-454a-b374-789aa5e765a9:c4161]
2019-09-16 23:35:14,967 [grpc-default-executor-1] INFO  client.GrpcClientProtocolClient (GrpcClientProtocolClient.java:onNext(264)) - client-C79DE3E06697->1d6da99a-ba9a-4d72-abd2-d0f1aa02f12f: receive RaftClientReply:client-C79DE3E06697->1d6da99a-ba9a-4d72-abd2-d0f1aa02f12f@group-B29EE812FB58, cid=2798, SUCCESS, logIndex=0, commits[1d6da99a-ba9a-4d72-abd2-d0f1aa02f12f:c4167, 9dc27687-2024-46ae-8b6e-c9027bfa400e:c4163, 9c9c57da-14dc-454a-b374-789aa5e765a9:c4163]
2019-09-16 23:35:14,979 [grpc-default-executor-7] INFO  client.GrpcClientProtocolClient (GrpcClientProtocolClient.java:onNext(264)) - client-C79DE3E06697->1d6da99a-ba9a-4d72-abd2-d0f1aa02f12f: receive RaftClientReply:client-C79DE3E06697->1d6da99a-ba9a-4d72-abd2-d0f1aa02f12f@group-B29EE812FB58, cid=2799, SUCCESS, logIndex=4170, commits[1d6da99a-ba9a-4d72-abd2-d0f1aa02f12f:c4171, 9dc27687-2024-46ae-8b6e-c9027bfa400e:c4165, 9c9c57da-14dc-454a-b374-789aa5e765a9:c4169]
2019-09-16 23:35:14,979 [grpc-default-executor-7] INFO  client.GrpcClientProtocolClient (GrpcClientProtocolClient.java:onNext(264)) - client-C79DE3E06697->1d6da99a-ba9a-4d72-abd2-d0f1aa02f12f: receive RaftClientReply:client-C79DE3E06697->1d6da99a-ba9a-4d72-abd2-d0f1aa02f12f@group-B29EE812FB58, cid=2800, SUCCESS, logIndex=4171, commits[1d6da99a-ba9a-4d72-abd2-d0f1aa02f12f:c4171, 9dc27687-2024-46ae-8b6e-c9027bfa400e:c4165, 9c9c57da-14dc-454a-b374-789aa5e765a9:c4169]
2019-09-16 23:35:15,027 [grpc-default-executor-1] INFO  client.GrpcClientProtocolClient (GrpcClientProtocolClient.java:onNext(264)) - client-C79DE3E06697->1d6da99a-ba9a-4d72-abd2-d0f1aa02f12f: receive RaftClientReply:client-C79DE3E06697->1d6da99a-ba9a-4d72-abd2-d0f1aa02f12f@group-B29EE812FB58, cid=2801, SUCCESS, logIndex=4174, commits[1d6da99a-ba9a-4d72-abd2-d0f1aa02f12f:c4175, 9dc27687-2024-46ae-8b6e-c9027bfa400e:c4172, 9c9c57da-14dc-454a-b374-789aa5e765a9:c4172]
2019-09-16 23:35:15,027 [grpc-default-executor-1] INFO  client.GrpcClientProtocolClient (GrpcClientProtocolClient.java:onNext(264)) - client-C79DE3E06697->1d6da99a-ba9a-4d72-abd2-d0f1aa02f12f: receive RaftClientReply:client-C79DE3E06697->1d6da99a-ba9a-4d72-abd2-d0f1aa02f12f@group-B29EE812FB58, cid=2802, SUCCESS, logIndex=4175, commits[1d6da99a-ba9a-4d72-abd2-d0f1aa02f12f:c4175, 9dc27687-2024-46ae-8b6e-c9027bfa400e:c4172, 9c9c57da-14dc-454a-b374-789aa5e765a9:c4172]
2019-09-16 23:35:15,029 [grpc-default-executor-7] INFO  client.GrpcClientProtocolClient (GrpcClientProtocolClient.java:onNext(264)) - client-C79DE3E06697->1d6da99a-ba9a-4d72-abd2-d0f1aa02f12f: receive RaftClientReply:client-C79DE3E06697->1d6da99a-ba9a-4d72-abd2-d0f1aa02f12f@group-B29EE812FB58, cid=2803, SUCCESS, logIndex=0, commits[1d6da99a-ba9a-4d72-abd2-d0f1aa02f12f:c4177, 9dc27687-2024-46ae-8b6e-c9027bfa400e:c4175, 9c9c57da-14dc-454a-b374-789aa5e765a9:c4175]
2019-09-16 23:35:15,055 [grpc-default-executor-7] INFO  client.GrpcClientProtocolClient (GrpcClientProtocolClient.java:onNext(264)) - client-C79DE3E06697->1d6da99a-ba9a-4d72-abd2-d0f1aa02f12f: receive RaftClientReply:client-C79DE3E06697->1d6da99a-ba9a-4d72-abd2-d0f1aa02f12f@group-B29EE812FB58, cid=2804, SUCCESS, logIndex=4178, commits[1d6da99a-ba9a-4d72-abd2-d0f1aa02f12f:c4179, 9dc27687-2024-46ae-8b6e-c9027bfa400e:c4177, 9c9c57da-14dc-454a-b374-789aa5e765a9:c4177]
2019-09-16 23:35:15,055 [grpc-default-executor-7] INFO  client.GrpcClientProtocolClient (GrpcClientProtocolClient.java:onNext(264)) - client-C79DE3E06697->1d6da99a-ba9a-4d72-abd2-d0f1aa02f12f: receive RaftClientReply:client-C79DE3E06697->1d6da99a-ba9a-4d72-abd2-d0f1aa02f12f@group-B29EE812FB58, cid=2805, SUCCESS, logIndex=4179, commits[1d6da99a-ba9a-4d72-abd2-d0f1aa02f12f:c4180, 9dc27687-2024-46ae-8b6e-c9027bfa400e:c4177, 9c9c57da-14dc-454a-b374-789aa5e765a9:c4177]
2019-09-16 23:35:15,056 [grpc-default-executor-7] INFO  client.GrpcClientProtocolClient (GrpcClientProtocolClient.java:onNext(264)) - client-C79DE3E06697->1d6da99a-ba9a-4d72-abd2-d0f1aa02f12f: receive RaftClientReply:client-C79DE3E06697->1d6da99a-ba9a-4d72-abd2-d0f1aa02f12f@group-B29EE812FB58, cid=2806, SUCCESS, logIndex=4180, commits[1d6da99a-ba9a-4d72-abd2-d0f1aa02f12f:c4181, 9dc27687-2024-46ae-8b6e-c9027bfa400e:c4177, 9c9c57da-14dc-454a-b374-789aa5e765a9:c4177]
2019-09-16 23:35:15,056 [grpc-default-executor-3] INFO  client.GrpcClientProtocolClient (GrpcClientProtocolClient.java:onNext(264)) - client-C79DE3E06697->1d6da99a-ba9a-4d72-abd2-d0f1aa02f12f: receive RaftClientReply:client-C79DE3E06697->1d6da99a-ba9a-4d72-abd2-d0f1aa02f12f@group-B29EE812FB58, cid=2807, SUCCESS, logIndex=4181, commits[1d6da99a-ba9a-4d72-abd2-d0f1aa02f12f:c4181, 9dc27687-2024-46ae-8b6e-c9027bfa400e:c4177, 9c9c57da-14dc-454a-b374-789aa5e765a9:c4177]
2019-09-16 23:35:15,059 [grpc-default-executor-3] INFO  client.GrpcClientProtocolClient (GrpcClientProtocolClient.java:onNext(264)) - client-C79DE3E06697->1d6da99a-ba9a-4d72-abd2-d0f1aa02f12f: receive RaftClientReply:client-C79DE3E06697->1d6da99a-ba9a-4d72-abd2-d0f1aa02f12f@group-B29EE812FB58, cid=2808, SUCCESS, logIndex=0, commits[1d6da99a-ba9a-4d72-abd2-d0f1aa02f12f:c4183, 9dc27687-2024-46ae-8b6e-c9027bfa400e:c4179, 9c9c57da-14dc-454a-b374-789aa5e765a9:c4179]
2019-09-16 23:35:15,071 [grpc-default-executor-1] INFO  client.GrpcClientProtocolClient (GrpcClientProtocolClient.java:onNext(264)) - client-C79DE3E06697->1d6da99a-ba9a-4d72-abd2-d0f1aa02f12f: receive RaftClientReply:client-C79DE3E06697->1d6da99a-ba9a-4d72-abd2-d0f1aa02f12f@group-B29EE812FB58, cid=2809, SUCCESS, logIndex=4186, commits[1d6da99a-ba9a-4d72-abd2-d0f1aa02f12f:c4187, 9dc27687-2024-46ae-8b6e-c9027bfa400e:c4181, 9c9c57da-14dc-454a-b374-789aa5e765a9:c4183]
2019-09-16 23:35:15,071 [grpc-default-executor-1] INFO  client.GrpcClientProtocolClient (GrpcClientProtocolClient.java:onNext(264)) - client-C79DE3E06697->1d6da99a-ba9a-4d72-abd2-d0f1aa02f12f: receive RaftClientReply:client-C79DE3E06697->1d6da99a-ba9a-4d72-abd2-d0f1aa02f12f@group-B29EE812FB58, cid=2810, SUCCESS, logIndex=4187, commits[1d6da99a-ba9a-4d72-abd2-d0f1aa02f12f:c4187, 9dc27687-2024-46ae-8b6e-c9027bfa400e:c4183, 9c9c57da-14dc-454a-b374-789aa5e765a9:c4183]
2019-09-16 23:35:15,086 [grpc-default-executor-7] INFO  client.GrpcClientProtocolClient (GrpcClientProtocolClient.java:onNext(264)) - client-C79DE3E06697->1d6da99a-ba9a-4d72-abd2-d0f1aa02f12f: receive RaftClientReply:client-C79DE3E06697->1d6da99a-ba9a-4d72-abd2-d0f1aa02f12f@group-B29EE812FB58, cid=2811, SUCCESS, logIndex=4189, commits[1d6da99a-ba9a-4d72-abd2-d0f1aa02f12f:c4190, 9dc27687-2024-46ae-8b6e-c9027bfa400e:c4188, 9c9c57da-14dc-454a-b374-789aa5e765a9:c4188]
2019-09-16 23:35:15,086 [grpc-default-executor-7] INFO  client.GrpcClientProtocolClient (GrpcClientProtocolClient.java:onNext(264)) - client-C79DE3E06697->1d6da99a-ba9a-4d72-abd2-d0f1aa02f12f: receive RaftClientReply:client-C79DE3E06697->1d6da99a-ba9a-4d72-abd2-d0f1aa02f12f@group-B29EE812FB58, cid=2812, SUCCESS, logIndex=4190, commits[1d6da99a-ba9a-4d72-abd2-d0f1aa02f12f:c4190, 9dc27687-2024-46ae-8b6e-c9027bfa400e:c4188, 9c9c57da-14dc-454a-b374-789aa5e765a9:c4188]
2019-09-16 23:35:15,090 [grpc-default-executor-1] INFO  client.GrpcClientProtocolClient (GrpcClientProtocolClient.java:onNext(264)) - client-C79DE3E06697->1d6da99a-ba9a-4d72-abd2-d0f1aa02f12f: receive RaftClientReply:client-C79DE3E06697->1d6da99a-ba9a-4d72-abd2-d0f1aa02f12f@group-B29EE812FB58, cid=2813, SUCCESS, logIndex=0, commits[1d6da99a-ba9a-4d72-abd2-d0f1aa02f12f:c4192, 9dc27687-2024-46ae-8b6e-c9027bfa400e:c4190, 9c9c57da-14dc-454a-b374-789aa5e765a9:c4190]
2019-09-16 23:35:15,118 [grpc-default-executor-6] INFO  client.GrpcClientProtocolClient (GrpcClientProtocolClient.java:onNext(264)) - client-C79DE3E06697->1d6da99a-ba9a-4d72-abd2-d0f1aa02f12f: receive RaftClientReply:client-C79DE3E06697->1d6da99a-ba9a-4d72-abd2-d0f1aa02f12f@group-B29EE812FB58, cid=2814, SUCCESS, logIndex=4193, commits[1d6da99a-ba9a-4d72-abd2-d0f1aa02f12f:c4194, 9dc27687-2024-46ae-8b6e-c9027bfa400e:c4192, 9c9c57da-14dc-454a-b374-789aa5e765a9:c4192]
2019-09-16 23:35:15,118 [grpc-default-executor-6] INFO  client.GrpcClientProtocolClient (GrpcClientProtocolClient.java:onNext(264)) - client-C79DE3E06697->1d6da99a-ba9a-4d72-abd2-d0f1aa02f12f: receive RaftClientReply:client-C79DE3E06697->1d6da99a-ba9a-4d72-abd2-d0f1aa02f12f@group-B29EE812FB58, cid=2815, SUCCESS, logIndex=4194, commits[1d6da99a-ba9a-4d72-abd2-d0f1aa02f12f:c4196, 9dc27687-2024-46ae-8b6e-c9027bfa400e:c4192, 9c9c57da-14dc-454a-b374-789aa5e765a9:c4192]
2019-09-16 23:35:15,118 [grpc-default-executor-6] INFO  client.GrpcClientProtocolClient (GrpcClientProtocolClient.java:onNext(264)) - client-C79DE3E06697->1d6da99a-ba9a-4d72-abd2-d0f1aa02f12f: receive RaftClientReply:client-C79DE3E06697->1d6da99a-ba9a-4d72-abd2-d0f1aa02f12f@group-B29EE812FB58, cid=2816, SUCCESS, logIndex=4195, commits[1d6da99a-ba9a-4d72-abd2-d0f1aa02f12f:c4196, 9dc27687-2024-46ae-8b6e-c9027bfa400e:c4192, 9c9c57da-14dc-454a-b374-789aa5e765a9:c4192]
2019-09-16 23:35:15,119 [grpc-default-executor-6] INFO  client.GrpcClientProtocolClient (GrpcClientProtocolClient.java:onNext(264)) - client-C79DE3E06697->1d6da99a-ba9a-4d72-abd2-d0f1aa02f12f: receive RaftClientReply:client-C79DE3E06697->1d6da99a-ba9a-4d72-abd2-d0f1aa02f12f@group-B29EE812FB58, cid=2817, SUCCESS, logIndex=4196, commits[1d6da99a-ba9a-4d72-abd2-d0f1aa02f12f:c4196, 9dc27687-2024-46ae-8b6e-c9027bfa400e:c4192, 9c9c57da-14dc-454a-b374-789aa5e765a9:c4192]
2019-09-16 23:35:15,132 [grpc-default-executor-6] INFO  client.GrpcClientProtocolClient (GrpcClientProtocolClient.java:onNext(264)) - client-C79DE3E06697->1d6da99a-ba9a-4d72-abd2-d0f1aa02f12f: receive RaftClientReply:client-C79DE3E06697->1d6da99a-ba9a-4d72-abd2-d0f1aa02f12f@group-B29EE812FB58, cid=2818, SUCCESS, logIndex=0, commits[1d6da99a-ba9a-4d72-abd2-d0f1aa02f12f:c4198, 9dc27687-2024-46ae-8b6e-c9027bfa400e:c4194, 9c9c57da-14dc-454a-b374-789aa5e765a9:c4194]
2019-09-16 23:35:15,151 [grpc-default-executor-3] INFO  client.GrpcClientProtocolClient (GrpcClientProtocolClient.java:onNext(264)) - client-C79DE3E06697->1d6da99a-ba9a-4d72-abd2-d0f1aa02f12f: receive RaftClientReply:client-C79DE3E06697->1d6da99a-ba9a-4d72-abd2-d0f1aa02f12f@group-B29EE812FB58, cid=2819, SUCCESS, logIndex=4201, commits[1d6da99a-ba9a-4d72-abd2-d0f1aa02f12f:c4202, 9dc27687-2024-46ae-8b6e-c9027bfa400e:c4200, 9c9c57da-14dc-454a-b374-789aa5e765a9:c4200]
2019-09-16 23:35:15,151 [grpc-default-executor-3] INFO  client.GrpcClientProtocolClient (GrpcClientProtocolClient.java:onNext(264)) - client-C79DE3E06697->1d6da99a-ba9a-4d72-abd2-d0f1aa02f12f: receive RaftClientReply:client-C79DE3E06697->1d6da99a-ba9a-4d72-abd2-d0f1aa02f12f@group-B29EE812FB58, cid=2820, SUCCESS, logIndex=4202, commits[1d6da99a-ba9a-4d72-abd2-d0f1aa02f12f:c4202, 9dc27687-2024-46ae-8b6e-c9027bfa400e:c4200, 9c9c57da-14dc-454a-b374-789aa5e765a9:c4200]
2019-09-16 23:35:15,166 [grpc-default-executor-6] INFO  client.GrpcClientProtocolClient (GrpcClientProtocolClient.java:onNext(264)) - client-C79DE3E06697->1d6da99a-ba9a-4d72-abd2-d0f1aa02f12f: receive RaftClientReply:client-C79DE3E06697->1d6da99a-ba9a-4d72-abd2-d0f1aa02f12f@group-B29EE812FB58, cid=2821, SUCCESS, logIndex=4205, commits[1d6da99a-ba9a-4d72-abd2-d0f1aa02f12f:c4206, 9dc27687-2024-46ae-8b6e-c9027bfa400e:c4202, 9c9c57da-14dc-454a-b374-789aa5e765a9:c4202]
2019-09-16 23:35:15,166 [grpc-default-executor-6] INFO  client.GrpcClientProtocolClient (GrpcClientProtocolClient.java:onNext(264)) - client-C79DE3E06697->1d6da99a-ba9a-4d72-abd2-d0f1aa02f12f: receive RaftClientReply:client-C79DE3E06697->1d6da99a-ba9a-4d72-abd2-d0f1aa02f12f@group-B29EE812FB58, cid=2822, SUCCESS, logIndex=4206, commits[1d6da99a-ba9a-4d72-abd2-d0f1aa02f12f:c4206, 9dc27687-2024-46ae-8b6e-c9027bfa400e:c4202, 9c9c57da-14dc-454a-b374-789aa5e765a9:c4202]
2019-09-16 23:35:15,180 [grpc-default-executor-6] INFO  client.GrpcClientProtocolClient (GrpcClientProtocolClient.java:onNext(264)) - client-C79DE3E06697->1d6da99a-ba9a-4d72-abd2-d0f1aa02f12f: receive RaftClientReply:client-C79DE3E06697->1d6da99a-ba9a-4d72-abd2-d0f1aa02f12f@group-B29EE812FB58, cid=2823, SUCCESS, logIndex=0, commits[1d6da99a-ba9a-4d72-abd2-d0f1aa02f12f:c4208, 9dc27687-2024-46ae-8b6e-c9027bfa400e:c4206, 9c9c57da-14dc-454a-b374-789aa5e765a9:c4206]
2019-09-16 23:35:15,209 [grpc-default-executor-7] INFO  client.GrpcClientProtocolClient (GrpcClientProtocolClient.java:onNext(264)) - client-C79DE3E06697->1d6da99a-ba9a-4d72-abd2-d0f1aa02f12f: receive RaftClientReply:client-C79DE3E06697->1d6da99a-ba9a-4d72-abd2-d0f1aa02f12f@group-B29EE812FB58, cid=2824, SUCCESS, logIndex=4209, commits[1d6da99a-ba9a-4d72-abd2-d0f1aa02f12f:c4210, 9dc27687-2024-46ae-8b6e-c9027bfa400e:c4208, 9c9c57da-14dc-454a-b374-789aa5e765a9:c4208]
2019-09-16 23:35:15,210 [grpc-default-executor-7] INFO  client.GrpcClientProtocolClient (GrpcClientProtocolClient.java:onNext(264)) - client-C79DE3E06697->1d6da99a-ba9a-4d72-abd2-d0f1aa02f12f: receive RaftClientReply:client-C79DE3E06697->1d6da99a-ba9a-4d72-abd2-d0f1aa02f12f@group-B29EE812FB58, cid=2825, SUCCESS, logIndex=4210, commits[1d6da99a-ba9a-4d72-abd2-d0f1aa02f12f:c4212, 9dc27687-2024-46ae-8b6e-c9027bfa400e:c4208, 9c9c57da-14dc-454a-b374-789aa5e765a9:c4208]
2019-09-16 23:35:15,210 [grpc-default-executor-7] INFO  client.GrpcClientProtocolClient (GrpcClientProtocolClient.java:onNext(264)) - client-C79DE3E06697->1d6da99a-ba9a-4d72-abd2-d0f1aa02f12f: receive RaftClientReply:client-C79DE3E06697->1d6da99a-ba9a-4d72-abd2-d0f1aa02f12f@group-B29EE812FB58, cid=2826, SUCCESS, logIndex=4211, commits[1d6da99a-ba9a-4d72-abd2-d0f1aa02f12f:c4212, 9dc27687-2024-46ae-8b6e-c9027bfa400e:c4208, 9c9c57da-14dc-454a-b374-789aa5e765a9:c4208]
2019-09-16 23:35:15,210 [grpc-default-executor-7] INFO  client.GrpcClientProtocolClient (GrpcClientProtocolClient.java:onNext(264)) - client-C79DE3E06697->1d6da99a-ba9a-4d72-abd2-d0f1aa02f12f: receive RaftClientReply:client-C79DE3E06697->1d6da99a-ba9a-4d72-abd2-d0f1aa02f12f@group-B29EE812FB58, cid=2827, SUCCESS, logIndex=4212, commits[1d6da99a-ba9a-4d72-abd2-d0f1aa02f12f:c4212, 9dc27687-2024-46ae-8b6e-c9027bfa400e:c4208, 9c9c57da-14dc-454a-b374-789aa5e765a9:c4208]
2019-09-16 23:35:15,221 [grpc-default-executor-1] INFO  client.GrpcClientProtocolClient (GrpcClientProtocolClient.java:onNext(264)) - client-C79DE3E06697->1d6da99a-ba9a-4d72-abd2-d0f1aa02f12f: receive RaftClientReply:client-C79DE3E06697->1d6da99a-ba9a-4d72-abd2-d0f1aa02f12f@group-B29EE812FB58, cid=2828, SUCCESS, logIndex=0, commits[1d6da99a-ba9a-4d72-abd2-d0f1aa02f12f:c4213, 9dc27687-2024-46ae-8b6e-c9027bfa400e:c4210, 9c9c57da-14dc-454a-b374-789aa5e765a9:c4210]
2019-09-16 23:35:15,236 [grpc-default-executor-3] INFO  client.GrpcClientProtocolClient (GrpcClientProtocolClient.java:onNext(264)) - client-C79DE3E06697->1d6da99a-ba9a-4d72-abd2-d0f1aa02f12f: receive RaftClientReply:client-C79DE3E06697->1d6da99a-ba9a-4d72-abd2-d0f1aa02f12f@group-B29EE812FB58, cid=2829, SUCCESS, logIndex=4217, commits[1d6da99a-ba9a-4d72-abd2-d0f1aa02f12f:c4218, 9dc27687-2024-46ae-8b6e-c9027bfa400e:c4216, 9c9c57da-14dc-454a-b374-789aa5e765a9:c4216]
2019-09-16 23:35:15,236 [grpc-default-executor-3] INFO  client.GrpcClientProtocolClient (GrpcClientProtocolClient.java:onNext(264)) - client-C79DE3E06697->1d6da99a-ba9a-4d72-abd2-d0f1aa02f12f: receive RaftClientReply:client-C79DE3E06697->1d6da99a-ba9a-4d72-abd2-d0f1aa02f12f@group-B29EE812FB58, cid=2830, SUCCESS, logIndex=4218, commits[1d6da99a-ba9a-4d72-abd2-d0f1aa02f12f:c4218, 9dc27687-2024-46ae-8b6e-c9027bfa400e:c4216, 9c9c57da-14dc-454a-b374-789aa5e765a9:c4216]
2019-09-16 23:35:15,251 [grpc-default-executor-1] INFO  client.GrpcClientProtocolClient (GrpcClientProtocolClient.java:onNext(264)) - client-C79DE3E06697->1d6da99a-ba9a-4d72-abd2-d0f1aa02f12f: receive RaftClientReply:client-C79DE3E06697->1d6da99a-ba9a-4d72-abd2-d0f1aa02f12f@group-B29EE812FB58, cid=2831, SUCCESS, logIndex=4221, commits[1d6da99a-ba9a-4d72-abd2-d0f1aa02f12f:c4222, 9dc27687-2024-46ae-8b6e-c9027bfa400e:c4220, 9c9c57da-14dc-454a-b374-789aa5e765a9:c4220]
2019-09-16 23:35:15,252 [grpc-default-executor-1] INFO  client.GrpcClientProtocolClient (GrpcClientProtocolClient.java:onNext(264)) - client-C79DE3E06697->1d6da99a-ba9a-4d72-abd2-d0f1aa02f12f: receive RaftClientReply:client-C79DE3E06697->1d6da99a-ba9a-4d72-abd2-d0f1aa02f12f@group-B29EE812FB58, cid=2832, SUCCESS, logIndex=4222, commits[1d6da99a-ba9a-4d72-abd2-d0f1aa02f12f:c4222, 9dc27687-2024-46ae-8b6e-c9027bfa400e:c4220, 9c9c57da-14dc-454a-b374-789aa5e765a9:c4220]
2019-09-16 23:35:15,256 [grpc-default-executor-3] INFO  client.GrpcClientProtocolClient (GrpcClientProtocolClient.java:onNext(264)) - client-C79DE3E06697->1d6da99a-ba9a-4d72-abd2-d0f1aa02f12f: receive RaftClientReply:client-C79DE3E06697->1d6da99a-ba9a-4d72-abd2-d0f1aa02f12f@group-B29EE812FB58, cid=2833, SUCCESS, logIndex=0, commits[1d6da99a-ba9a-4d72-abd2-d0f1aa02f12f:c4223, 9dc27687-2024-46ae-8b6e-c9027bfa400e:c4222, 9c9c57da-14dc-454a-b374-789aa5e765a9:c4222]
2019-09-16 23:35:15,295 [grpc-default-executor-1] INFO  client.GrpcClientProtocolClient (GrpcClientProtocolClient.java:onNext(264)) - client-C79DE3E06697->1d6da99a-ba9a-4d72-abd2-d0f1aa02f12f: receive RaftClientReply:client-C79DE3E06697->1d6da99a-ba9a-4d72-abd2-d0f1aa02f12f@group-B29EE812FB58, cid=2834, SUCCESS, logIndex=4225, commits[1d6da99a-ba9a-4d72-abd2-d0f1aa02f12f:c4226, 9dc27687-2024-46ae-8b6e-c9027bfa400e:c4224, 9c9c57da-14dc-454a-b374-789aa5e765a9:c4224]
2019-09-16 23:35:15,296 [grpc-default-executor-1] INFO  client.GrpcClientProtocolClient (GrpcClientProtocolClient.java:onNext(264)) - client-C79DE3E06697->1d6da99a-ba9a-4d72-abd2-d0f1aa02f12f: receive RaftClientReply:client-C79DE3E06697->1d6da99a-ba9a-4d72-abd2-d0f1aa02f12f@group-B29EE812FB58, cid=2835, SUCCESS, logIndex=4226, commits[1d6da99a-ba9a-4d72-abd2-d0f1aa02f12f:c4226, 9dc27687-2024-46ae-8b6e-c9027bfa400e:c4224, 9c9c57da-14dc-454a-b374-789aa5e765a9:c4224]
2019-09-16 23:35:15,300 [grpc-default-executor-3] INFO  client.GrpcClientProtocolClient (GrpcClientProtocolClient.java:onNext(264)) - client-C79DE3E06697->1d6da99a-ba9a-4d72-abd2-d0f1aa02f12f: receive RaftClientReply:client-C79DE3E06697->1d6da99a-ba9a-4d72-abd2-d0f1aa02f12f@group-B29EE812FB58, cid=2836, SUCCESS, logIndex=4227, commits[1d6da99a-ba9a-4d72-abd2-d0f1aa02f12f:c4228, 9dc27687-2024-46ae-8b6e-c9027bfa400e:c4224, 9c9c57da-14dc-454a-b374-789aa5e765a9:c4224]
2019-09-16 23:35:15,301 [grpc-default-executor-3] INFO  client.GrpcClientProtocolClient (GrpcClientProtocolClient.java:onNext(264)) - client-C79DE3E06697->1d6da99a-ba9a-4d72-abd2-d0f1aa02f12f: receive RaftClientReply:client-C79DE3E06697->1d6da99a-ba9a-4d72-abd2-d0f1aa02f12f@group-B29EE812FB58, cid=2837, SUCCESS, logIndex=4228, commits[1d6da99a-ba9a-4d72-abd2-d0f1aa02f12f:c4228, 9dc27687-2024-46ae-8b6e-c9027bfa400e:c4224, 9c9c57da-14dc-454a-b374-789aa5e765a9:c4224]
2019-09-16 23:35:15,313 [grpc-default-executor-1] INFO  client.GrpcClientProtocolClient (GrpcClientProtocolClient.java:onNext(264)) - client-C79DE3E06697->1d6da99a-ba9a-4d72-abd2-d0f1aa02f12f: receive RaftClientReply:client-C79DE3E06697->1d6da99a-ba9a-4d72-abd2-d0f1aa02f12f@group-B29EE812FB58, cid=2838, SUCCESS, logIndex=0, commits[1d6da99a-ba9a-4d72-abd2-d0f1aa02f12f:c4230, 9dc27687-2024-46ae-8b6e-c9027bfa400e:c4226, 9c9c57da-14dc-454a-b374-789aa5e765a9:c4226]
2019-09-16 23:35:15,337 [grpc-default-executor-3] INFO  client.GrpcClientProtocolClient (GrpcClientProtocolClient.java:onNext(264)) - client-C79DE3E06697->1d6da99a-ba9a-4d72-abd2-d0f1aa02f12f: receive RaftClientReply:client-C79DE3E06697->1d6da99a-ba9a-4d72-abd2-d0f1aa02f12f@group-B29EE812FB58, cid=2839, SUCCESS, logIndex=4233, commits[1d6da99a-ba9a-4d72-abd2-d0f1aa02f12f:c4234, 9dc27687-2024-46ae-8b6e-c9027bfa400e:c4232, 9c9c57da-14dc-454a-b374-789aa5e765a9:c4232]
2019-09-16 23:35:15,337 [grpc-default-executor-3] INFO  client.GrpcClientProtocolClient (GrpcClientProtocolClient.java:onNext(264)) - client-C79DE3E06697->1d6da99a-ba9a-4d72-abd2-d0f1aa02f12f: receive RaftClientReply:client-C79DE3E06697->1d6da99a-ba9a-4d72-abd2-d0f1aa02f12f@group-B29EE812FB58, cid=2840, SUCCESS, logIndex=4234, commits[1d6da99a-ba9a-4d72-abd2-d0f1aa02f12f:c4234, 9dc27687-2024-46ae-8b6e-c9027bfa400e:c4232, 9c9c57da-14dc-454a-b374-789aa5e765a9:c4232]
2019-09-16 23:35:15,360 [grpc-default-executor-1] INFO  client.GrpcClientProtocolClient (GrpcClientProtocolClient.java:onNext(264)) - client-C79DE3E06697->1d6da99a-ba9a-4d72-abd2-d0f1aa02f12f: receive RaftClientReply:client-C79DE3E06697->1d6da99a-ba9a-4d72-abd2-d0f1aa02f12f@group-B29EE812FB58, cid=2841, SUCCESS, logIndex=4237, commits[1d6da99a-ba9a-4d72-abd2-d0f1aa02f12f:c4238, 9dc27687-2024-46ae-8b6e-c9027bfa400e:c4234, 9c9c57da-14dc-454a-b374-789aa5e765a9:c4234]
2019-09-16 23:35:15,360 [grpc-default-executor-1] INFO  client.GrpcClientProtocolClient (GrpcClientProtocolClient.java:onNext(264)) - client-C79DE3E06697->1d6da99a-ba9a-4d72-abd2-d0f1aa02f12f: receive RaftClientReply:client-C79DE3E06697->1d6da99a-ba9a-4d72-abd2-d0f1aa02f12f@group-B29EE812FB58, cid=2842, SUCCESS, logIndex=4238, commits[1d6da99a-ba9a-4d72-abd2-d0f1aa02f12f:c4238, 9dc27687-2024-46ae-8b6e-c9027bfa400e:c4234, 9c9c57da-14dc-454a-b374-789aa5e765a9:c4234]
2019-09-16 23:35:15,384 [grpc-default-executor-1] INFO  client.GrpcClientProtocolClient (GrpcClientProtocolClient.java:onNext(264)) - client-C79DE3E06697->1d6da99a-ba9a-4d72-abd2-d0f1aa02f12f: receive RaftClientReply:client-C79DE3E06697->1d6da99a-ba9a-4d72-abd2-d0f1aa02f12f@group-B29EE812FB58, cid=2843, SUCCESS, logIndex=0, commits[1d6da99a-ba9a-4d72-abd2-d0f1aa02f12f:c4240, 9dc27687-2024-46ae-8b6e-c9027bfa400e:c4238, 9c9c57da-14dc-454a-b374-789aa5e765a9:c4238]
2019-09-16 23:35:15,411 [grpc-default-executor-1] INFO  client.GrpcClientProtocolClient (GrpcClientProtocolClient.java:onNext(264)) - client-C79DE3E06697->1d6da99a-ba9a-4d72-abd2-d0f1aa02f12f: receive RaftClientReply:client-C79DE3E06697->1d6da99a-ba9a-4d72-abd2-d0f1aa02f12f@group-B29EE812FB58, cid=2844, SUCCESS, logIndex=4241, commits[1d6da99a-ba9a-4d72-abd2-d0f1aa02f12f:c4242, 9dc27687-2024-46ae-8b6e-c9027bfa400e:c4240, 9c9c57da-14dc-454a-b374-789aa5e765a9:c4240]
2019-09-16 23:35:15,412 [grpc-default-executor-1] INFO  client.GrpcClientProtocolClient (GrpcClientProtocolClient.java:onNext(264)) - client-C79DE3E06697->1d6da99a-ba9a-4d72-abd2-d0f1aa02f12f: receive RaftClientReply:client-C79DE3E06697->1d6da99a-ba9a-4d72-abd2-d0f1aa02f12f@group-B29EE812FB58, cid=2845, SUCCESS, logIndex=4242, commits[1d6da99a-ba9a-4d72-abd2-d0f1aa02f12f:c4242, 9dc27687-2024-46ae-8b6e-c9027bfa400e:c4240, 9c9c57da-14dc-454a-b374-789aa5e765a9:c4240]
2019-09-16 23:35:15,414 [grpc-default-executor-3] INFO  client.GrpcClientProtocolClient (GrpcClientProtocolClient.java:onNext(264)) - client-C79DE3E06697->1d6da99a-ba9a-4d72-abd2-d0f1aa02f12f: receive RaftClientReply:client-C79DE3E06697->1d6da99a-ba9a-4d72-abd2-d0f1aa02f12f@group-B29EE812FB58, cid=2846, SUCCESS, logIndex=4243, commits[1d6da99a-ba9a-4d72-abd2-d0f1aa02f12f:c4244, 9dc27687-2024-46ae-8b6e-c9027bfa400e:c4240, 9c9c57da-14dc-454a-b374-789aa5e765a9:c4240]
2019-09-16 23:35:15,414 [grpc-default-executor-3] INFO  client.GrpcClientProtocolClient (GrpcClientProtocolClient.java:onNext(264)) - client-C79DE3E06697->1d6da99a-ba9a-4d72-abd2-d0f1aa02f12f: receive RaftClientReply:client-C79DE3E06697->1d6da99a-ba9a-4d72-abd2-d0f1aa02f12f@group-B29EE812FB58, cid=2847, SUCCESS, logIndex=4244, commits[1d6da99a-ba9a-4d72-abd2-d0f1aa02f12f:c4244, 9dc27687-2024-46ae-8b6e-c9027bfa400e:c4240, 9c9c57da-14dc-454a-b374-789aa5e765a9:c4240]
2019-09-16 23:35:15,425 [grpc-default-executor-1] INFO  client.GrpcClientProtocolClient (GrpcClientProtocolClient.java:onNext(264)) - client-C79DE3E06697->1d6da99a-ba9a-4d72-abd2-d0f1aa02f12f: receive RaftClientReply:client-C79DE3E06697->1d6da99a-ba9a-4d72-abd2-d0f1aa02f12f@group-B29EE812FB58, cid=2848, SUCCESS, logIndex=0, commits[1d6da99a-ba9a-4d72-abd2-d0f1aa02f12f:c4244, 9dc27687-2024-46ae-8b6e-c9027bfa400e:c4242, 9c9c57da-14dc-454a-b374-789aa5e765a9:c4242]
2019-09-16 23:35:15,464 [grpc-default-executor-3] INFO  client.GrpcClientProtocolClient (GrpcClientProtocolClient.java:onNext(264)) - client-C79DE3E06697->1d6da99a-ba9a-4d72-abd2-d0f1aa02f12f: receive RaftClientReply:client-C79DE3E06697->1d6da99a-ba9a-4d72-abd2-d0f1aa02f12f@group-B29EE812FB58, cid=2849, SUCCESS, logIndex=4249, commits[1d6da99a-ba9a-4d72-abd2-d0f1aa02f12f:c4250, 9dc27687-2024-46ae-8b6e-c9027bfa400e:c4248, 9c9c57da-14dc-454a-b374-789aa5e765a9:c4248]
2019-09-16 23:35:15,465 [grpc-default-executor-3] INFO  client.GrpcClientProtocolClient (GrpcClientProtocolClient.java:onNext(264)) - client-C79DE3E06697->1d6da99a-ba9a-4d72-abd2-d0f1aa02f12f: receive RaftClientReply:client-C79DE3E06697->1d6da99a-ba9a-4d72-abd2-d0f1aa02f12f@group-B29EE812FB58, cid=2850, SUCCESS, logIndex=4250, commits[1d6da99a-ba9a-4d72-abd2-d0f1aa02f12f:c4250, 9dc27687-2024-46ae-8b6e-c9027bfa400e:c4248, 9c9c57da-14dc-454a-b374-789aa5e765a9:c4248]
2019-09-16 23:35:15,477 [grpc-default-executor-3] INFO  client.GrpcClientProtocolClient (GrpcClientProtocolClient.java:onNext(264)) - client-C79DE3E06697->1d6da99a-ba9a-4d72-abd2-d0f1aa02f12f: receive RaftClientReply:client-C79DE3E06697->1d6da99a-ba9a-4d72-abd2-d0f1aa02f12f@group-B29EE812FB58, cid=2851, SUCCESS, logIndex=4253, commits[1d6da99a-ba9a-4d72-abd2-d0f1aa02f12f:c4254, 9dc27687-2024-46ae-8b6e-c9027bfa400e:c4251, 9c9c57da-14dc-454a-b374-789aa5e765a9:c4250]
2019-09-16 23:35:15,477 [grpc-default-executor-3] INFO  client.GrpcClientProtocolClient (GrpcClientProtocolClient.java:onNext(264)) - client-C79DE3E06697->1d6da99a-ba9a-4d72-abd2-d0f1aa02f12f: receive RaftClientReply:client-C79DE3E06697->1d6da99a-ba9a-4d72-abd2-d0f1aa02f12f@group-B29EE812FB58, cid=2852, SUCCESS, logIndex=4254, commits[1d6da99a-ba9a-4d72-abd2-d0f1aa02f12f:c4254, 9dc27687-2024-46ae-8b6e-c9027bfa400e:c4251, 9c9c57da-14dc-454a-b374-789aa5e765a9:c4250]
2019-09-16 23:35:15,512 [grpc-default-executor-1] INFO  client.GrpcClientProtocolClient (GrpcClientProtocolClient.java:onNext(264)) - client-C79DE3E06697->1d6da99a-ba9a-4d72-abd2-d0f1aa02f12f: receive RaftClientReply:client-C79DE3E06697->1d6da99a-ba9a-4d72-abd2-d0f1aa02f12f@group-B29EE812FB58, cid=2853, SUCCESS, logIndex=0, commits[1d6da99a-ba9a-4d72-abd2-d0f1aa02f12f:c4256, 9dc27687-2024-46ae-8b6e-c9027bfa400e:c4254, 9c9c57da-14dc-454a-b374-789aa5e765a9:c4254]
2019-09-16 23:35:15,540 [grpc-default-executor-7] INFO  client.GrpcClientProtocolClient (GrpcClientProtocolClient.java:onNext(264)) - client-C79DE3E06697->1d6da99a-ba9a-4d72-abd2-d0f1aa02f12f: receive RaftClientReply:client-C79DE3E06697->1d6da99a-ba9a-4d72-abd2-d0f1aa02f12f@group-B29EE812FB58, cid=2854, SUCCESS, logIndex=4257, commits[1d6da99a-ba9a-4d72-abd2-d0f1aa02f12f:c4258, 9dc27687-2024-46ae-8b6e-c9027bfa400e:c4256, 9c9c57da-14dc-454a-b374-789aa5e765a9:c4256]
2019-09-16 23:35:15,540 [grpc-default-executor-7] INFO  client.GrpcClientProtocolClient (GrpcClientProtocolClient.java:onNext(264)) - client-C79DE3E06697->1d6da99a-ba9a-4d72-abd2-d0f1aa02f12f: receive RaftClientReply:client-C79DE3E06697->1d6da99a-ba9a-4d72-abd2-d0f1aa02f12f@group-B29EE812FB58, cid=2855, SUCCESS, logIndex=4258, commits[1d6da99a-ba9a-4d72-abd2-d0f1aa02f12f:c4260, 9dc27687-2024-46ae-8b6e-c9027bfa400e:c4256, 9c9c57da-14dc-454a-b374-789aa5e765a9:c4256]
2019-09-16 23:35:15,540 [grpc-default-executor-7] INFO  client.GrpcClientProtocolClient (GrpcClientProtocolClient.java:onNext(264)) - client-C79DE3E06697->1d6da99a-ba9a-4d72-abd2-d0f1aa02f12f: receive RaftClientReply:client-C79DE3E06697->1d6da99a-ba9a-4d72-abd2-d0f1aa02f12f@group-B29EE812FB58, cid=2856, SUCCESS, logIndex=4259, commits[1d6da99a-ba9a-4d72-abd2-d0f1aa02f12f:c4260, 9dc27687-2024-46ae-8b6e-c9027bfa400e:c4256, 9c9c57da-14dc-454a-b374-789aa5e765a9:c4256]
2019-09-16 23:35:15,540 [grpc-default-executor-7] INFO  client.GrpcClientProtocolClient (GrpcClientProtocolClient.java:onNext(264)) - client-C79DE3E06697->1d6da99a-ba9a-4d72-abd2-d0f1aa02f12f: receive RaftClientReply:client-C79DE3E06697->1d6da99a-ba9a-4d72-abd2-d0f1aa02f12f@group-B29EE812FB58, cid=2857, SUCCESS, logIndex=4260, commits[1d6da99a-ba9a-4d72-abd2-d0f1aa02f12f:c4260, 9dc27687-2024-46ae-8b6e-c9027bfa400e:c4256, 9c9c57da-14dc-454a-b374-789aa5e765a9:c4256]
2019-09-16 23:35:15,541 [grpc-default-executor-3] INFO  client.GrpcClientProtocolClient (GrpcClientProtocolClient.java:onNext(264)) - client-C79DE3E06697->1d6da99a-ba9a-4d72-abd2-d0f1aa02f12f: receive RaftClientReply:client-C79DE3E06697->1d6da99a-ba9a-4d72-abd2-d0f1aa02f12f@group-B29EE812FB58, cid=2858, SUCCESS, logIndex=0, commits[1d6da99a-ba9a-4d72-abd2-d0f1aa02f12f:c4262, 9dc27687-2024-46ae-8b6e-c9027bfa400e:c4258, 9c9c57da-14dc-454a-b374-789aa5e765a9:c4258]
2019-09-16 23:35:15,550 [grpc-default-executor-3] INFO  client.GrpcClientProtocolClient (GrpcClientProtocolClient.java:onNext(264)) - client-C79DE3E06697->1d6da99a-ba9a-4d72-abd2-d0f1aa02f12f: receive RaftClientReply:client-C79DE3E06697->1d6da99a-ba9a-4d72-abd2-d0f1aa02f12f@group-B29EE812FB58, cid=2859, SUCCESS, logIndex=4264, commits[1d6da99a-ba9a-4d72-abd2-d0f1aa02f12f:c4265, 9dc27687-2024-46ae-8b6e-c9027bfa400e:c4263, 9c9c57da-14dc-454a-b374-789aa5e765a9:c4260]
2019-09-16 23:35:15,551 [grpc-default-executor-3] INFO  client.GrpcClientProtocolClient (GrpcClientProtocolClient.java:onNext(264)) - client-C79DE3E06697->1d6da99a-ba9a-4d72-abd2-d0f1aa02f12f: receive RaftClientReply:client-C79DE3E06697->1d6da99a-ba9a-4d72-abd2-d0f1aa02f12f@group-B29EE812FB58, cid=2860, SUCCESS, logIndex=4265, commits[1d6da99a-ba9a-4d72-abd2-d0f1aa02f12f:c4265, 9dc27687-2024-46ae-8b6e-c9027bfa400e:c4263, 9c9c57da-14dc-454a-b374-789aa5e765a9:c4263]
2019-09-16 23:35:15,582 [grpc-default-executor-1] INFO  client.GrpcClientProtocolClient (GrpcClientProtocolClient.java:onNext(264)) - client-C79DE3E06697->1d6da99a-ba9a-4d72-abd2-d0f1aa02f12f: receive RaftClientReply:client-C79DE3E06697->1d6da99a-ba9a-4d72-abd2-d0f1aa02f12f@group-B29EE812FB58, cid=2861, SUCCESS, logIndex=4268, commits[1d6da99a-ba9a-4d72-abd2-d0f1aa02f12f:c4269, 9dc27687-2024-46ae-8b6e-c9027bfa400e:c4267, 9c9c57da-14dc-454a-b374-789aa5e765a9:c4267]
2019-09-16 23:35:15,583 [grpc-default-executor-1] INFO  client.GrpcClientProtocolClient (GrpcClientProtocolClient.java:onNext(264)) - client-C79DE3E06697->1d6da99a-ba9a-4d72-abd2-d0f1aa02f12f: receive RaftClientReply:client-C79DE3E06697->1d6da99a-ba9a-4d72-abd2-d0f1aa02f12f@group-B29EE812FB58, cid=2862, SUCCESS, logIndex=4269, commits[1d6da99a-ba9a-4d72-abd2-d0f1aa02f12f:c4269, 9dc27687-2024-46ae-8b6e-c9027bfa400e:c4267, 9c9c57da-14dc-454a-b374-789aa5e765a9:c4267]
2019-09-16 23:35:15,596 [grpc-default-executor-1] INFO  client.GrpcClientProtocolClient (GrpcClientProtocolClient.java:onNext(264)) - client-C79DE3E06697->1d6da99a-ba9a-4d72-abd2-d0f1aa02f12f: receive RaftClientReply:client-C79DE3E06697->1d6da99a-ba9a-4d72-abd2-d0f1aa02f12f@group-B29EE812FB58, cid=2863, SUCCESS, logIndex=0, commits[1d6da99a-ba9a-4d72-abd2-d0f1aa02f12f:c4270, 9dc27687-2024-46ae-8b6e-c9027bfa400e:c4269, 9c9c57da-14dc-454a-b374-789aa5e765a9:c4269]
2019-09-16 23:35:15,626 [grpc-default-executor-1] INFO  client.GrpcClientProtocolClient (GrpcClientProtocolClient.java:onNext(264)) - client-C79DE3E06697->1d6da99a-ba9a-4d72-abd2-d0f1aa02f12f: receive RaftClientReply:client-C79DE3E06697->1d6da99a-ba9a-4d72-abd2-d0f1aa02f12f@group-B29EE812FB58, cid=2864, SUCCESS, logIndex=4272, commits[1d6da99a-ba9a-4d72-abd2-d0f1aa02f12f:c4273, 9dc27687-2024-46ae-8b6e-c9027bfa400e:c4271, 9c9c57da-14dc-454a-b374-789aa5e765a9:c4271]
2019-09-16 23:35:15,627 [grpc-default-executor-1] INFO  client.GrpcClientProtocolClient (GrpcClientProtocolClient.java:onNext(264)) - client-C79DE3E06697->1d6da99a-ba9a-4d72-abd2-d0f1aa02f12f: receive RaftClientReply:client-C79DE3E06697->1d6da99a-ba9a-4d72-abd2-d0f1aa02f12f@group-B29EE812FB58, cid=2865, SUCCESS, logIndex=4273, commits[1d6da99a-ba9a-4d72-abd2-d0f1aa02f12f:c4273, 9dc27687-2024-46ae-8b6e-c9027bfa400e:c4271, 9c9c57da-14dc-454a-b374-789aa5e765a9:c4271]
2019-09-16 23:35:15,629 [grpc-default-executor-6] INFO  client.GrpcClientProtocolClient (GrpcClientProtocolClient.java:onNext(264)) - client-C79DE3E06697->1d6da99a-ba9a-4d72-abd2-d0f1aa02f12f: receive RaftClientReply:client-C79DE3E06697->1d6da99a-ba9a-4d72-abd2-d0f1aa02f12f@group-B29EE812FB58, cid=2866, SUCCESS, logIndex=4274, commits[1d6da99a-ba9a-4d72-abd2-d0f1aa02f12f:c4274, 9dc27687-2024-46ae-8b6e-c9027bfa400e:c4271, 9c9c57da-14dc-454a-b374-789aa5e765a9:c4271]
2019-09-16 23:35:15,629 [grpc-default-executor-6] INFO  client.GrpcClientProtocolClient (GrpcClientProtocolClient.java:onNext(264)) - client-C79DE3E06697->1d6da99a-ba9a-4d72-abd2-d0f1aa02f12f: receive RaftClientReply:client-C79DE3E06697->1d6da99a-ba9a-4d72-abd2-d0f1aa02f12f@group-B29EE812FB58, cid=2867, SUCCESS, logIndex=4275, commits[1d6da99a-ba9a-4d72-abd2-d0f1aa02f12f:c4275, 9dc27687-2024-46ae-8b6e-c9027bfa400e:c4271, 9c9c57da-14dc-454a-b374-789aa5e765a9:c4271]
2019-09-16 23:35:15,642 [grpc-default-executor-6] INFO  client.GrpcClientProtocolClient (GrpcClientProtocolClient.java:onNext(264)) - client-C79DE3E06697->1d6da99a-ba9a-4d72-abd2-d0f1aa02f12f: receive RaftClientReply:client-C79DE3E06697->1d6da99a-ba9a-4d72-abd2-d0f1aa02f12f@group-B29EE812FB58, cid=2868, SUCCESS, logIndex=0, commits[1d6da99a-ba9a-4d72-abd2-d0f1aa02f12f:c4276, 9dc27687-2024-46ae-8b6e-c9027bfa400e:c4273, 9c9c57da-14dc-454a-b374-789aa5e765a9:c4273]
2019-09-16 23:35:15,797 [grpc-default-executor-1] INFO  client.GrpcClientProtocolClient (GrpcClientProtocolClient.java:onNext(264)) - client-C79DE3E06697->1d6da99a-ba9a-4d72-abd2-d0f1aa02f12f: receive RaftClientReply:client-C79DE3E06697->1d6da99a-ba9a-4d72-abd2-d0f1aa02f12f@group-B29EE812FB58, cid=2869, SUCCESS, logIndex=4280, commits[1d6da99a-ba9a-4d72-abd2-d0f1aa02f12f:c4281, 9dc27687-2024-46ae-8b6e-c9027bfa400e:c4276, 9c9c57da-14dc-454a-b374-789aa5e765a9:c4276]
2019-09-16 23:35:15,797 [grpc-default-executor-1] INFO  client.GrpcClientProtocolClient (GrpcClientProtocolClient.java:onNext(264)) - client-C79DE3E06697->1d6da99a-ba9a-4d72-abd2-d0f1aa02f12f: receive RaftClientReply:client-C79DE3E06697->1d6da99a-ba9a-4d72-abd2-d0f1aa02f12f@group-B29EE812FB58, cid=2870, SUCCESS, logIndex=4281, commits[1d6da99a-ba9a-4d72-abd2-d0f1aa02f12f:c4281, 9dc27687-2024-46ae-8b6e-c9027bfa400e:c4276, 9c9c57da-14dc-454a-b374-789aa5e765a9:c4276]
 0.00% |█                                                                                                    |  0/1 Time: 0:00:332019-09-16 23:35:15,810 [grpc-default-executor-1] INFO  client.GrpcClientProtocolClient (GrpcClientProtocolClient.java:onNext(264)) - client-C79DE3E06697->1d6da99a-ba9a-4d72-abd2-d0f1aa02f12f: receive RaftClientReply:client-C79DE3E06697->1d6da99a-ba9a-4d72-abd2-d0f1aa02f12f@group-B29EE812FB58, cid=2871, SUCCESS, logIndex=4284, commits[1d6da99a-ba9a-4d72-abd2-d0f1aa02f12f:c4285, 9dc27687-2024-46ae-8b6e-c9027bfa400e:c4281, 9c9c57da-14dc-454a-b374-789aa5e765a9:c4280]
2019-09-16 23:35:15,811 [grpc-default-executor-1] INFO  client.GrpcClientProtocolClient (GrpcClientProtocolClient.java:onNext(264)) - client-C79DE3E06697->1d6da99a-ba9a-4d72-abd2-d0f1aa02f12f: receive RaftClientReply:client-C79DE3E06697->1d6da99a-ba9a-4d72-abd2-d0f1aa02f12f@group-B29EE812FB58, cid=2872, SUCCESS, logIndex=4285, commits[1d6da99a-ba9a-4d72-abd2-d0f1aa02f12f:c4285, 9dc27687-2024-46ae-8b6e-c9027bfa400e:c4281, 9c9c57da-14dc-454a-b374-789aa5e765a9:c4281]
2019-09-16 23:35:15,825 [grpc-default-executor-1] INFO  client.GrpcClientProtocolClient (GrpcClientProtocolClient.java:onNext(264)) - client-C79DE3E06697->1d6da99a-ba9a-4d72-abd2-d0f1aa02f12f: receive RaftClientReply:client-C79DE3E06697->1d6da99a-ba9a-4d72-abd2-d0f1aa02f12f@group-B29EE812FB58, cid=2873, SUCCESS, logIndex=0, commits[1d6da99a-ba9a-4d72-abd2-d0f1aa02f12f:c4287, 9dc27687-2024-46ae-8b6e-c9027bfa400e:c4285, 9c9c57da-14dc-454a-b374-789aa5e765a9:c4285]
2019-09-16 23:35:15,856 [grpc-default-executor-6] INFO  client.GrpcClientProtocolClient (GrpcClientProtocolClient.java:onNext(264)) - client-C79DE3E06697->1d6da99a-ba9a-4d72-abd2-d0f1aa02f12f: receive RaftClientReply:client-C79DE3E06697->1d6da99a-ba9a-4d72-abd2-d0f1aa02f12f@group-B29EE812FB58, cid=2874, SUCCESS, logIndex=4288, commits[1d6da99a-ba9a-4d72-abd2-d0f1aa02f12f:c4289, 9dc27687-2024-46ae-8b6e-c9027bfa400e:c4287, 9c9c57da-14dc-454a-b374-789aa5e765a9:c4287]
2019-09-16 23:35:15,856 [grpc-default-executor-6] INFO  client.GrpcClientProtocolClient (GrpcClientProtocolClient.java:onNext(264)) - client-C79DE3E06697->1d6da99a-ba9a-4d72-abd2-d0f1aa02f12f: receive RaftClientReply:client-C79DE3E06697->1d6da99a-ba9a-4d72-abd2-d0f1aa02f12f@group-B29EE812FB58, cid=2875, SUCCESS, logIndex=4289, commits[1d6da99a-ba9a-4d72-abd2-d0f1aa02f12f:c4290, 9dc27687-2024-46ae-8b6e-c9027bfa400e:c4287, 9c9c57da-14dc-454a-b374-789aa5e765a9:c4287]
2019-09-16 23:35:15,857 [grpc-default-executor-6] INFO  client.GrpcClientProtocolClient (GrpcClientProtocolClient.java:onNext(264)) - client-C79DE3E06697->1d6da99a-ba9a-4d72-abd2-d0f1aa02f12f: receive RaftClientReply:client-C79DE3E06697->1d6da99a-ba9a-4d72-abd2-d0f1aa02f12f@group-B29EE812FB58, cid=2876, SUCCESS, logIndex=4290, commits[1d6da99a-ba9a-4d72-abd2-d0f1aa02f12f:c4290, 9dc27687-2024-46ae-8b6e-c9027bfa400e:c4287, 9c9c57da-14dc-454a-b374-789aa5e765a9:c4287]
2019-09-16 23:35:15,857 [grpc-default-executor-6] INFO  client.GrpcClientProtocolClient (GrpcClientProtocolClient.java:onNext(264)) - client-C79DE3E06697->1d6da99a-ba9a-4d72-abd2-d0f1aa02f12f: receive RaftClientReply:client-C79DE3E06697->1d6da99a-ba9a-4d72-abd2-d0f1aa02f12f@group-B29EE812FB58, cid=2877, SUCCESS, logIndex=4291, commits[1d6da99a-ba9a-4d72-abd2-d0f1aa02f12f:c4291, 9dc27687-2024-46ae-8b6e-c9027bfa400e:c4287, 9c9c57da-14dc-454a-b374-789aa5e765a9:c4287]
2019-09-16 23:35:15,869 [grpc-default-executor-6] INFO  client.GrpcClientProtocolClient (GrpcClientProtocolClient.java:onNext(264)) - client-C79DE3E06697->1d6da99a-ba9a-4d72-abd2-d0f1aa02f12f: receive RaftClientReply:client-C79DE3E06697->1d6da99a-ba9a-4d72-abd2-d0f1aa02f12f@group-B29EE812FB58, cid=2878, SUCCESS, logIndex=0, commits[1d6da99a-ba9a-4d72-abd2-d0f1aa02f12f:c4293, 9dc27687-2024-46ae-8b6e-c9027bfa400e:c4289, 9c9c57da-14dc-454a-b374-789aa5e765a9:c4289]
2019-09-16 23:35:15,889 [grpc-default-executor-3] INFO  client.GrpcClientProtocolClient (GrpcClientProtocolClient.java:onNext(264)) - client-C79DE3E06697->1d6da99a-ba9a-4d72-abd2-d0f1aa02f12f: receive RaftClientReply:client-C79DE3E06697->1d6da99a-ba9a-4d72-abd2-d0f1aa02f12f@group-B29EE812FB58, cid=2879, SUCCESS, logIndex=4296, commits[1d6da99a-ba9a-4d72-abd2-d0f1aa02f12f:c4297, 9dc27687-2024-46ae-8b6e-c9027bfa400e:c4295, 9c9c57da-14dc-454a-b374-789aa5e765a9:c4295]
2019-09-16 23:35:15,890 [grpc-default-executor-3] INFO  client.GrpcClientProtocolClient (GrpcClientProtocolClient.java:onNext(264)) - client-C79DE3E06697->1d6da99a-ba9a-4d72-abd2-d0f1aa02f12f: receive RaftClientReply:client-C79DE3E06697->1d6da99a-ba9a-4d72-abd2-d0f1aa02f12f@group-B29EE812FB58, cid=2880, SUCCESS, logIndex=4297, commits[1d6da99a-ba9a-4d72-abd2-d0f1aa02f12f:c4297, 9dc27687-2024-46ae-8b6e-c9027bfa400e:c4295, 9c9c57da-14dc-454a-b374-789aa5e765a9:c4295]
2019-09-16 23:35:15,905 [grpc-default-executor-7] INFO  client.GrpcClientProtocolClient (GrpcClientProtocolClient.java:onNext(264)) - client-C79DE3E06697->1d6da99a-ba9a-4d72-abd2-d0f1aa02f12f: receive RaftClientReply:client-C79DE3E06697->1d6da99a-ba9a-4d72-abd2-d0f1aa02f12f@group-B29EE812FB58, cid=2881, SUCCESS, logIndex=4300, commits[1d6da99a-ba9a-4d72-abd2-d0f1aa02f12f:c4301, 9dc27687-2024-46ae-8b6e-c9027bfa400e:c4297, 9c9c57da-14dc-454a-b374-789aa5e765a9:c4297]
2019-09-16 23:35:15,905 [grpc-default-executor-7] INFO  client.GrpcClientProtocolClient (GrpcClientProtocolClient.java:onNext(264)) - client-C79DE3E06697->1d6da99a-ba9a-4d72-abd2-d0f1aa02f12f: receive RaftClientReply:client-C79DE3E06697->1d6da99a-ba9a-4d72-abd2-d0f1aa02f12f@group-B29EE812FB58, cid=2882, SUCCESS, logIndex=4301, commits[1d6da99a-ba9a-4d72-abd2-d0f1aa02f12f:c4301, 9dc27687-2024-46ae-8b6e-c9027bfa400e:c4297, 9c9c57da-14dc-454a-b374-789aa5e765a9:c4297]
2019-09-16 23:35:15,919 [grpc-default-executor-7] INFO  client.GrpcClientProtocolClient (GrpcClientProtocolClient.java:onNext(264)) - client-C79DE3E06697->1d6da99a-ba9a-4d72-abd2-d0f1aa02f12f: receive RaftClientReply:client-C79DE3E06697->1d6da99a-ba9a-4d72-abd2-d0f1aa02f12f@group-B29EE812FB58, cid=2883, SUCCESS, logIndex=0, commits[1d6da99a-ba9a-4d72-abd2-d0f1aa02f12f:c4303, 9dc27687-2024-46ae-8b6e-c9027bfa400e:c4301, 9c9c57da-14dc-454a-b374-789aa5e765a9:c4301]
2019-09-16 23:35:15,943 [grpc-default-executor-1] INFO  client.GrpcClientProtocolClient (GrpcClientProtocolClient.java:onNext(264)) - client-C79DE3E06697->1d6da99a-ba9a-4d72-abd2-d0f1aa02f12f: receive RaftClientReply:client-C79DE3E06697->1d6da99a-ba9a-4d72-abd2-d0f1aa02f12f@group-B29EE812FB58, cid=2884, SUCCESS, logIndex=4304, commits[1d6da99a-ba9a-4d72-abd2-d0f1aa02f12f:c4305, 9dc27687-2024-46ae-8b6e-c9027bfa400e:c4303, 9c9c57da-14dc-454a-b374-789aa5e765a9:c4303]
2019-09-16 23:35:15,943 [grpc-default-executor-7] INFO  client.GrpcClientProtocolClient (GrpcClientProtocolClient.java:onNext(264)) - client-C79DE3E06697->1d6da99a-ba9a-4d72-abd2-d0f1aa02f12f: receive RaftClientReply:client-C79DE3E06697->1d6da99a-ba9a-4d72-abd2-d0f1aa02f12f@group-B29EE812FB58, cid=2885, SUCCESS, logIndex=4305, commits[1d6da99a-ba9a-4d72-abd2-d0f1aa02f12f:c4305, 9dc27687-2024-46ae-8b6e-c9027bfa400e:c4303, 9c9c57da-14dc-454a-b374-789aa5e765a9:c4303]
2019-09-16 23:35:15,943 [grpc-default-executor-7] INFO  client.GrpcClientProtocolClient (GrpcClientProtocolClient.java:onNext(264)) - client-C79DE3E06697->1d6da99a-ba9a-4d72-abd2-d0f1aa02f12f: receive RaftClientReply:client-C79DE3E06697->1d6da99a-ba9a-4d72-abd2-d0f1aa02f12f@group-B29EE812FB58, cid=2886, SUCCESS, logIndex=4306, commits[1d6da99a-ba9a-4d72-abd2-d0f1aa02f12f:c4307, 9dc27687-2024-46ae-8b6e-c9027bfa400e:c4303, 9c9c57da-14dc-454a-b374-789aa5e765a9:c4303]
2019-09-16 23:35:15,944 [grpc-default-executor-7] INFO  client.GrpcClientProtocolClient (GrpcClientProtocolClient.java:onNext(264)) - client-C79DE3E06697->1d6da99a-ba9a-4d72-abd2-d0f1aa02f12f: receive RaftClientReply:client-C79DE3E06697->1d6da99a-ba9a-4d72-abd2-d0f1aa02f12f@group-B29EE812FB58, cid=2887, SUCCESS, logIndex=4307, commits[1d6da99a-ba9a-4d72-abd2-d0f1aa02f12f:c4307, 9dc27687-2024-46ae-8b6e-c9027bfa400e:c4303, 9c9c57da-14dc-454a-b374-789aa5e765a9:c4303]
2019-09-16 23:35:15,957 [grpc-default-executor-7] INFO  client.GrpcClientProtocolClient (GrpcClientProtocolClient.java:onNext(264)) - client-C79DE3E06697->1d6da99a-ba9a-4d72-abd2-d0f1aa02f12f: receive RaftClientReply:client-C79DE3E06697->1d6da99a-ba9a-4d72-abd2-d0f1aa02f12f@group-B29EE812FB58, cid=2888, SUCCESS, logIndex=0, commits[1d6da99a-ba9a-4d72-abd2-d0f1aa02f12f:c4309, 9dc27687-2024-46ae-8b6e-c9027bfa400e:c4305, 9c9c57da-14dc-454a-b374-789aa5e765a9:c4305]
2019-09-16 23:35:15,973 [grpc-default-executor-3] INFO  client.GrpcClientProtocolClient (GrpcClientProtocolClient.java:onNext(264)) - client-C79DE3E06697->1d6da99a-ba9a-4d72-abd2-d0f1aa02f12f: receive RaftClientReply:client-C79DE3E06697->1d6da99a-ba9a-4d72-abd2-d0f1aa02f12f@group-B29EE812FB58, cid=2889, SUCCESS, logIndex=4312, commits[1d6da99a-ba9a-4d72-abd2-d0f1aa02f12f:c4313, 9dc27687-2024-46ae-8b6e-c9027bfa400e:c4311, 9c9c57da-14dc-454a-b374-789aa5e765a9:c4311]
2019-09-16 23:35:15,973 [grpc-default-executor-3] INFO  client.GrpcClientProtocolClient (GrpcClientProtocolClient.java:onNext(264)) - client-C79DE3E06697->1d6da99a-ba9a-4d72-abd2-d0f1aa02f12f: receive RaftClientReply:client-C79DE3E06697->1d6da99a-ba9a-4d72-abd2-d0f1aa02f12f@group-B29EE812FB58, cid=2890, SUCCESS, logIndex=4313, commits[1d6da99a-ba9a-4d72-abd2-d0f1aa02f12f:c4313, 9dc27687-2024-46ae-8b6e-c9027bfa400e:c4311, 9c9c57da-14dc-454a-b374-789aa5e765a9:c4311]
2019-09-16 23:35:15,987 [grpc-default-executor-7] INFO  client.GrpcClientProtocolClient (GrpcClientProtocolClient.java:onNext(264)) - client-C79DE3E06697->1d6da99a-ba9a-4d72-abd2-d0f1aa02f12f: receive RaftClientReply:client-C79DE3E06697->1d6da99a-ba9a-4d72-abd2-d0f1aa02f12f@group-B29EE812FB58, cid=2891, SUCCESS, logIndex=4316, commits[1d6da99a-ba9a-4d72-abd2-d0f1aa02f12f:c4317, 9dc27687-2024-46ae-8b6e-c9027bfa400e:c4313, 9c9c57da-14dc-454a-b374-789aa5e765a9:c4313]
2019-09-16 23:35:15,988 [grpc-default-executor-7] INFO  client.GrpcClientProtocolClient (GrpcClientProtocolClient.java:onNext(264)) - client-C79DE3E06697->1d6da99a-ba9a-4d72-abd2-d0f1aa02f12f: receive RaftClientReply:client-C79DE3E06697->1d6da99a-ba9a-4d72-abd2-d0f1aa02f12f@group-B29EE812FB58, cid=2892, SUCCESS, logIndex=4317, commits[1d6da99a-ba9a-4d72-abd2-d0f1aa02f12f:c4317, 9dc27687-2024-46ae-8b6e-c9027bfa400e:c4313, 9c9c57da-14dc-454a-b374-789aa5e765a9:c4313]
2019-09-16 23:35:15,992 [grpc-default-executor-7] INFO  client.GrpcClientProtocolClient (GrpcClientProtocolClient.java:onNext(264)) - client-C79DE3E06697->1d6da99a-ba9a-4d72-abd2-d0f1aa02f12f: receive RaftClientReply:client-C79DE3E06697->1d6da99a-ba9a-4d72-abd2-d0f1aa02f12f@group-B29EE812FB58, cid=2893, SUCCESS, logIndex=0, commits[1d6da99a-ba9a-4d72-abd2-d0f1aa02f12f:c4319, 9dc27687-2024-46ae-8b6e-c9027bfa400e:c4317, 9c9c57da-14dc-454a-b374-789aa5e765a9:c4317]
2019-09-16 23:35:16,013 [grpc-default-executor-1] INFO  client.GrpcClientProtocolClient (GrpcClientProtocolClient.java:onNext(264)) - client-C79DE3E06697->1d6da99a-ba9a-4d72-abd2-d0f1aa02f12f: receive RaftClientReply:client-C79DE3E06697->1d6da99a-ba9a-4d72-abd2-d0f1aa02f12f@group-B29EE812FB58, cid=2894, SUCCESS, logIndex=4320, commits[1d6da99a-ba9a-4d72-abd2-d0f1aa02f12f:c4323, 9dc27687-2024-46ae-8b6e-c9027bfa400e:c4319, 9c9c57da-14dc-454a-b374-789aa5e765a9:c4319]
2019-09-16 23:35:16,014 [grpc-default-executor-1] INFO  client.GrpcClientProtocolClient (GrpcClientProtocolClient.java:onNext(264)) - client-C79DE3E06697->1d6da99a-ba9a-4d72-abd2-d0f1aa02f12f: receive RaftClientReply:client-C79DE3E06697->1d6da99a-ba9a-4d72-abd2-d0f1aa02f12f@group-B29EE812FB58, cid=2895, SUCCESS, logIndex=4321, commits[1d6da99a-ba9a-4d72-abd2-d0f1aa02f12f:c4323, 9dc27687-2024-46ae-8b6e-c9027bfa400e:c4319, 9c9c57da-14dc-454a-b374-789aa5e765a9:c4319]
2019-09-16 23:35:16,014 [grpc-default-executor-1] INFO  client.GrpcClientProtocolClient (GrpcClientProtocolClient.java:onNext(264)) - client-C79DE3E06697->1d6da99a-ba9a-4d72-abd2-d0f1aa02f12f: receive RaftClientReply:client-C79DE3E06697->1d6da99a-ba9a-4d72-abd2-d0f1aa02f12f@group-B29EE812FB58, cid=2896, SUCCESS, logIndex=4322, commits[1d6da99a-ba9a-4d72-abd2-d0f1aa02f12f:c4323, 9dc27687-2024-46ae-8b6e-c9027bfa400e:c4319, 9c9c57da-14dc-454a-b374-789aa5e765a9:c4319]
2019-09-16 23:35:16,014 [grpc-default-executor-1] INFO  client.GrpcClientProtocolClient (GrpcClientProtocolClient.java:onNext(264)) - client-C79DE3E06697->1d6da99a-ba9a-4d72-abd2-d0f1aa02f12f: receive RaftClientReply:client-C79DE3E06697->1d6da99a-ba9a-4d72-abd2-d0f1aa02f12f@group-B29EE812FB58, cid=2897, SUCCESS, logIndex=4323, commits[1d6da99a-ba9a-4d72-abd2-d0f1aa02f12f:c4323, 9dc27687-2024-46ae-8b6e-c9027bfa400e:c4319, 9c9c57da-14dc-454a-b374-789aa5e765a9:c4319]
2019-09-16 23:35:16,017 [grpc-default-executor-7] INFO  client.GrpcClientProtocolClient (GrpcClientProtocolClient.java:onNext(264)) - client-C79DE3E06697->1d6da99a-ba9a-4d72-abd2-d0f1aa02f12f: receive RaftClientReply:client-C79DE3E06697->1d6da99a-ba9a-4d72-abd2-d0f1aa02f12f@group-B29EE812FB58, cid=2898, SUCCESS, logIndex=0, commits[1d6da99a-ba9a-4d72-abd2-d0f1aa02f12f:c4325, 9dc27687-2024-46ae-8b6e-c9027bfa400e:c4322, 9c9c57da-14dc-454a-b374-789aa5e765a9:c4322]
2019-09-16 23:35:16,027 [grpc-default-executor-7] INFO  client.GrpcClientProtocolClient (GrpcClientProtocolClient.java:onNext(264)) - client-C79DE3E06697->1d6da99a-ba9a-4d72-abd2-d0f1aa02f12f: receive RaftClientReply:client-C79DE3E06697->1d6da99a-ba9a-4d72-abd2-d0f1aa02f12f@group-B29EE812FB58, cid=2899, SUCCESS, logIndex=4328, commits[1d6da99a-ba9a-4d72-abd2-d0f1aa02f12f:c4329, 9dc27687-2024-46ae-8b6e-c9027bfa400e:c4327, 9c9c57da-14dc-454a-b374-789aa5e765a9:c4323]
2019-09-16 23:35:16,027 [grpc-default-executor-7] INFO  client.GrpcClientProtocolClient (GrpcClientProtocolClient.java:onNext(264)) - client-C79DE3E06697->1d6da99a-ba9a-4d72-abd2-d0f1aa02f12f: receive RaftClientReply:client-C79DE3E06697->1d6da99a-ba9a-4d72-abd2-d0f1aa02f12f@group-B29EE812FB58, cid=2900, SUCCESS, logIndex=4329, commits[1d6da99a-ba9a-4d72-abd2-d0f1aa02f12f:c4329, 9dc27687-2024-46ae-8b6e-c9027bfa400e:c4327, 9c9c57da-14dc-454a-b374-789aa5e765a9:c4327]
2019-09-16 23:35:16,036 [grpc-default-executor-1] INFO  client.GrpcClientProtocolClient (GrpcClientProtocolClient.java:onNext(264)) - client-C79DE3E06697->1d6da99a-ba9a-4d72-abd2-d0f1aa02f12f: receive RaftClientReply:client-C79DE3E06697->1d6da99a-ba9a-4d72-abd2-d0f1aa02f12f@group-B29EE812FB58, cid=2901, SUCCESS, logIndex=4332, commits[1d6da99a-ba9a-4d72-abd2-d0f1aa02f12f:c4333, 9dc27687-2024-46ae-8b6e-c9027bfa400e:c4329, 9c9c57da-14dc-454a-b374-789aa5e765a9:c4331]
2019-09-16 23:35:16,036 [grpc-default-executor-1] INFO  client.GrpcClientProtocolClient (GrpcClientProtocolClient.java:onNext(264)) - client-C79DE3E06697->1d6da99a-ba9a-4d72-abd2-d0f1aa02f12f: receive RaftClientReply:client-C79DE3E06697->1d6da99a-ba9a-4d72-abd2-d0f1aa02f12f@group-B29EE812FB58, cid=2902, SUCCESS, logIndex=4333, commits[1d6da99a-ba9a-4d72-abd2-d0f1aa02f12f:c4333, 9dc27687-2024-46ae-8b6e-c9027bfa400e:c4331, 9c9c57da-14dc-454a-b374-789aa5e765a9:c4331]
2019-09-16 23:35:16,037 [grpc-default-executor-1] INFO  client.GrpcClientProtocolClient (GrpcClientProtocolClient.java:onNext(264)) - client-C79DE3E06697->1d6da99a-ba9a-4d72-abd2-d0f1aa02f12f: receive RaftClientReply:client-C79DE3E06697->1d6da99a-ba9a-4d72-abd2-d0f1aa02f12f@group-B29EE812FB58, cid=2903, SUCCESS, logIndex=0, commits[1d6da99a-ba9a-4d72-abd2-d0f1aa02f12f:c4334, 9dc27687-2024-46ae-8b6e-c9027bfa400e:c4333, 9c9c57da-14dc-454a-b374-789aa5e765a9:c4333]
2019-09-16 23:35:16,090 [grpc-default-executor-1] INFO  client.GrpcClientProtocolClient (GrpcClientProtocolClient.java:onNext(264)) - client-C79DE3E06697->1d6da99a-ba9a-4d72-abd2-d0f1aa02f12f: receive RaftClientReply:client-C79DE3E06697->1d6da99a-ba9a-4d72-abd2-d0f1aa02f12f@group-B29EE812FB58, cid=2904, SUCCESS, logIndex=4336, commits[1d6da99a-ba9a-4d72-abd2-d0f1aa02f12f:c4337, 9dc27687-2024-46ae-8b6e-c9027bfa400e:c4335, 9c9c57da-14dc-454a-b374-789aa5e765a9:c4335]
2019-09-16 23:35:16,090 [grpc-default-executor-1] INFO  client.GrpcClientProtocolClient (GrpcClientProtocolClient.java:onNext(264)) - client-C79DE3E06697->1d6da99a-ba9a-4d72-abd2-d0f1aa02f12f: receive RaftClientReply:client-C79DE3E06697->1d6da99a-ba9a-4d72-abd2-d0f1aa02f12f@group-B29EE812FB58, cid=2905, SUCCESS, logIndex=4337, commits[1d6da99a-ba9a-4d72-abd2-d0f1aa02f12f:c4337, 9dc27687-2024-46ae-8b6e-c9027bfa400e:c4335, 9c9c57da-14dc-454a-b374-789aa5e765a9:c4335]
2019-09-16 23:35:16,095 [grpc-default-executor-7] INFO  client.GrpcClientProtocolClient (GrpcClientProtocolClient.java:onNext(264)) - client-C79DE3E06697->1d6da99a-ba9a-4d72-abd2-d0f1aa02f12f: receive RaftClientReply:client-C79DE3E06697->1d6da99a-ba9a-4d72-abd2-d0f1aa02f12f@group-B29EE812FB58, cid=2906, SUCCESS, logIndex=4338, commits[1d6da99a-ba9a-4d72-abd2-d0f1aa02f12f:c4339, 9dc27687-2024-46ae-8b6e-c9027bfa400e:c4335, 9c9c57da-14dc-454a-b374-789aa5e765a9:c4335]
2019-09-16 23:35:16,095 [grpc-default-executor-7] INFO  client.GrpcClientProtocolClient (GrpcClientProtocolClient.java:onNext(264)) - client-C79DE3E06697->1d6da99a-ba9a-4d72-abd2-d0f1aa02f12f: receive RaftClientReply:client-C79DE3E06697->1d6da99a-ba9a-4d72-abd2-d0f1aa02f12f@group-B29EE812FB58, cid=2907, SUCCESS, logIndex=4339, commits[1d6da99a-ba9a-4d72-abd2-d0f1aa02f12f:c4339, 9dc27687-2024-46ae-8b6e-c9027bfa400e:c4335, 9c9c57da-14dc-454a-b374-789aa5e765a9:c4335]
2019-09-16 23:35:16,107 [grpc-default-executor-7] INFO  client.GrpcClientProtocolClient (GrpcClientProtocolClient.java:onNext(264)) - client-C79DE3E06697->1d6da99a-ba9a-4d72-abd2-d0f1aa02f12f: receive RaftClientReply:client-C79DE3E06697->1d6da99a-ba9a-4d72-abd2-d0f1aa02f12f@group-B29EE812FB58, cid=2908, SUCCESS, logIndex=0, commits[1d6da99a-ba9a-4d72-abd2-d0f1aa02f12f:c4341, 9dc27687-2024-46ae-8b6e-c9027bfa400e:c4337, 9c9c57da-14dc-454a-b374-789aa5e765a9:c4337]
2019-09-16 23:35:16,121 [grpc-default-executor-1] INFO  client.GrpcClientProtocolClient (GrpcClientProtocolClient.java:onNext(264)) - client-C79DE3E06697->1d6da99a-ba9a-4d72-abd2-d0f1aa02f12f: receive RaftClientReply:client-C79DE3E06697->1d6da99a-ba9a-4d72-abd2-d0f1aa02f12f@group-B29EE812FB58, cid=2909, SUCCESS, logIndex=4344, commits[1d6da99a-ba9a-4d72-abd2-d0f1aa02f12f:c4345, 9dc27687-2024-46ae-8b6e-c9027bfa400e:c4343, 9c9c57da-14dc-454a-b374-789aa5e765a9:c4343]
2019-09-16 23:35:16,121 [grpc-default-executor-1] INFO  client.GrpcClientProtocolClient (GrpcClientProtocolClient.java:onNext(264)) - client-C79DE3E06697->1d6da99a-ba9a-4d72-abd2-d0f1aa02f12f: receive RaftClientReply:client-C79DE3E06697->1d6da99a-ba9a-4d72-abd2-d0f1aa02f12f@group-B29EE812FB58, cid=2910, SUCCESS, logIndex=4345, commits[1d6da99a-ba9a-4d72-abd2-d0f1aa02f12f:c4345, 9dc27687-2024-46ae-8b6e-c9027bfa400e:c4343, 9c9c57da-14dc-454a-b374-789aa5e765a9:c4343]
2019-09-16 23:35:16,139 [grpc-default-executor-3] INFO  client.GrpcClientProtocolClient (GrpcClientProtocolClient.java:onNext(264)) - client-C79DE3E06697->1d6da99a-ba9a-4d72-abd2-d0f1aa02f12f: receive RaftClientReply:client-C79DE3E06697->1d6da99a-ba9a-4d72-abd2-d0f1aa02f12f@group-B29EE812FB58, cid=2911, SUCCESS, logIndex=4348, commits[1d6da99a-ba9a-4d72-abd2-d0f1aa02f12f:c4349, 9dc27687-2024-46ae-8b6e-c9027bfa400e:c4347, 9c9c57da-14dc-454a-b374-789aa5e765a9:c4347]
2019-09-16 23:35:16,139 [grpc-default-executor-3] INFO  client.GrpcClientProtocolClient (GrpcClientProtocolClient.java:onNext(264)) - client-C79DE3E06697->1d6da99a-ba9a-4d72-abd2-d0f1aa02f12f: receive RaftClientReply:client-C79DE3E06697->1d6da99a-ba9a-4d72-abd2-d0f1aa02f12f@group-B29EE812FB58, cid=2912, SUCCESS, logIndex=4349, commits[1d6da99a-ba9a-4d72-abd2-d0f1aa02f12f:c4349, 9dc27687-2024-46ae-8b6e-c9027bfa400e:c4347, 9c9c57da-14dc-454a-b374-789aa5e765a9:c4347]
2019-09-16 23:35:16,150 [grpc-default-executor-3] INFO  client.GrpcClientProtocolClient (GrpcClientProtocolClient.java:onNext(264)) - client-C79DE3E06697->1d6da99a-ba9a-4d72-abd2-d0f1aa02f12f: receive RaftClientReply:client-C79DE3E06697->1d6da99a-ba9a-4d72-abd2-d0f1aa02f12f@group-B29EE812FB58, cid=2913, SUCCESS, logIndex=0, commits[1d6da99a-ba9a-4d72-abd2-d0f1aa02f12f:c4350, 9dc27687-2024-46ae-8b6e-c9027bfa400e:c4349, 9c9c57da-14dc-454a-b374-789aa5e765a9:c4349]
2019-09-16 23:35:16,177 [grpc-default-executor-1] INFO  client.GrpcClientProtocolClient (GrpcClientProtocolClient.java:onNext(264)) - client-C79DE3E06697->1d6da99a-ba9a-4d72-abd2-d0f1aa02f12f: receive RaftClientReply:client-C79DE3E06697->1d6da99a-ba9a-4d72-abd2-d0f1aa02f12f@group-B29EE812FB58, cid=2914, SUCCESS, logIndex=4352, commits[1d6da99a-ba9a-4d72-abd2-d0f1aa02f12f:c4353, 9dc27687-2024-46ae-8b6e-c9027bfa400e:c4351, 9c9c57da-14dc-454a-b374-789aa5e765a9:c4351]
2019-09-16 23:35:16,178 [grpc-default-executor-1] INFO  client.GrpcClientProtocolClient (GrpcClientProtocolClient.java:onNext(264)) - client-C79DE3E06697->1d6da99a-ba9a-4d72-abd2-d0f1aa02f12f: receive RaftClientReply:client-C79DE3E06697->1d6da99a-ba9a-4d72-abd2-d0f1aa02f12f@group-B29EE812FB58, cid=2915, SUCCESS, logIndex=4353, commits[1d6da99a-ba9a-4d72-abd2-d0f1aa02f12f:c4353, 9dc27687-2024-46ae-8b6e-c9027bfa400e:c4351, 9c9c57da-14dc-454a-b374-789aa5e765a9:c4351]
2019-09-16 23:35:16,180 [grpc-default-executor-6] INFO  client.GrpcClientProtocolClient (GrpcClientProtocolClient.java:onNext(264)) - client-C79DE3E06697->1d6da99a-ba9a-4d72-abd2-d0f1aa02f12f: receive RaftClientReply:client-C79DE3E06697->1d6da99a-ba9a-4d72-abd2-d0f1aa02f12f@group-B29EE812FB58, cid=2916, SUCCESS, logIndex=4354, commits[1d6da99a-ba9a-4d72-abd2-d0f1aa02f12f:c4355, 9dc27687-2024-46ae-8b6e-c9027bfa400e:c4351, 9c9c57da-14dc-454a-b374-789aa5e765a9:c4351]
2019-09-16 23:35:16,180 [grpc-default-executor-6] INFO  client.GrpcClientProtocolClient (GrpcClientProtocolClient.java:onNext(264)) - client-C79DE3E06697->1d6da99a-ba9a-4d72-abd2-d0f1aa02f12f: receive RaftClientReply:client-C79DE3E06697->1d6da99a-ba9a-4d72-abd2-d0f1aa02f12f@group-B29EE812FB58, cid=2917, SUCCESS, logIndex=4355, commits[1d6da99a-ba9a-4d72-abd2-d0f1aa02f12f:c4355, 9dc27687-2024-46ae-8b6e-c9027bfa400e:c4351, 9c9c57da-14dc-454a-b374-789aa5e765a9:c4351]
2019-09-16 23:35:16,191 [grpc-default-executor-6] INFO  client.GrpcClientProtocolClient (GrpcClientProtocolClient.java:onNext(264)) - client-C79DE3E06697->1d6da99a-ba9a-4d72-abd2-d0f1aa02f12f: receive RaftClientReply:client-C79DE3E06697->1d6da99a-ba9a-4d72-abd2-d0f1aa02f12f@group-B29EE812FB58, cid=2918, SUCCESS, logIndex=0, commits[1d6da99a-ba9a-4d72-abd2-d0f1aa02f12f:c4356, 9dc27687-2024-46ae-8b6e-c9027bfa400e:c4353, 9c9c57da-14dc-454a-b374-789aa5e765a9:c4353]
2019-09-16 23:35:16,209 [grpc-default-executor-3] INFO  client.GrpcClientProtocolClient (GrpcClientProtocolClient.java:onNext(264)) - client-C79DE3E06697->1d6da99a-ba9a-4d72-abd2-d0f1aa02f12f: receive RaftClientReply:client-C79DE3E06697->1d6da99a-ba9a-4d72-abd2-d0f1aa02f12f@group-B29EE812FB58, cid=2919, SUCCESS, logIndex=4360, commits[1d6da99a-ba9a-4d72-abd2-d0f1aa02f12f:c4361, 9dc27687-2024-46ae-8b6e-c9027bfa400e:c4359, 9c9c57da-14dc-454a-b374-789aa5e765a9:c4359]
2019-09-16 23:35:16,209 [grpc-default-executor-3] INFO  client.GrpcClientProtocolClient (GrpcClientProtocolClient.java:onNext(264)) - client-C79DE3E06697->1d6da99a-ba9a-4d72-abd2-d0f1aa02f12f: receive RaftClientReply:client-C79DE3E06697->1d6da99a-ba9a-4d72-abd2-d0f1aa02f12f@group-B29EE812FB58, cid=2920, SUCCESS, logIndex=4361, commits[1d6da99a-ba9a-4d72-abd2-d0f1aa02f12f:c4361, 9dc27687-2024-46ae-8b6e-c9027bfa400e:c4359, 9c9c57da-14dc-454a-b374-789aa5e765a9:c4359]
2019-09-16 23:35:16,227 [grpc-default-executor-6] INFO  client.GrpcClientProtocolClient (GrpcClientProtocolClient.java:onNext(264)) - client-C79DE3E06697->1d6da99a-ba9a-4d72-abd2-d0f1aa02f12f: receive RaftClientReply:client-C79DE3E06697->1d6da99a-ba9a-4d72-abd2-d0f1aa02f12f@group-B29EE812FB58, cid=2921, SUCCESS, logIndex=4364, commits[1d6da99a-ba9a-4d72-abd2-d0f1aa02f12f:c4365, 9dc27687-2024-46ae-8b6e-c9027bfa400e:c4363, 9c9c57da-14dc-454a-b374-789aa5e765a9:c4363]
2019-09-16 23:35:16,227 [grpc-default-executor-6] INFO  client.GrpcClientProtocolClient (GrpcClientProtocolClient.java:onNext(264)) - client-C79DE3E06697->1d6da99a-ba9a-4d72-abd2-d0f1aa02f12f: receive RaftClientReply:client-C79DE3E06697->1d6da99a-ba9a-4d72-abd2-d0f1aa02f12f@group-B29EE812FB58, cid=2922, SUCCESS, logIndex=4365, commits[1d6da99a-ba9a-4d72-abd2-d0f1aa02f12f:c4365, 9dc27687-2024-46ae-8b6e-c9027bfa400e:c4363, 9c9c57da-14dc-454a-b374-789aa5e765a9:c4363]
2019-09-16 23:35:16,242 [grpc-default-executor-1] INFO  client.GrpcClientProtocolClient (GrpcClientProtocolClient.java:onNext(264)) - client-C79DE3E06697->1d6da99a-ba9a-4d72-abd2-d0f1aa02f12f: receive RaftClientReply:client-C79DE3E06697->1d6da99a-ba9a-4d72-abd2-d0f1aa02f12f@group-B29EE812FB58, cid=2923, SUCCESS, logIndex=0, commits[1d6da99a-ba9a-4d72-abd2-d0f1aa02f12f:c4366, 9dc27687-2024-46ae-8b6e-c9027bfa400e:c4365, 9c9c57da-14dc-454a-b374-789aa5e765a9:c4365]
2019-09-16 23:35:16,268 [grpc-default-executor-7] INFO  client.GrpcClientProtocolClient (GrpcClientProtocolClient.java:onNext(264)) - client-C79DE3E06697->1d6da99a-ba9a-4d72-abd2-d0f1aa02f12f: receive RaftClientReply:client-C79DE3E06697->1d6da99a-ba9a-4d72-abd2-d0f1aa02f12f@group-B29EE812FB58, cid=2924, SUCCESS, logIndex=4368, commits[1d6da99a-ba9a-4d72-abd2-d0f1aa02f12f:c4369, 9dc27687-2024-46ae-8b6e-c9027bfa400e:c4367, 9c9c57da-14dc-454a-b374-789aa5e765a9:c4367]
2019-09-16 23:35:16,268 [grpc-default-executor-7] INFO  client.GrpcClientProtocolClient (GrpcClientProtocolClient.java:onNext(264)) - client-C79DE3E06697->1d6da99a-ba9a-4d72-abd2-d0f1aa02f12f: receive RaftClientReply:client-C79DE3E06697->1d6da99a-ba9a-4d72-abd2-d0f1aa02f12f@group-B29EE812FB58, cid=2925, SUCCESS, logIndex=4369, commits[1d6da99a-ba9a-4d72-abd2-d0f1aa02f12f:c4369, 9dc27687-2024-46ae-8b6e-c9027bfa400e:c4367, 9c9c57da-14dc-454a-b374-789aa5e765a9:c4367]
2019-09-16 23:35:16,270 [grpc-default-executor-3] INFO  client.GrpcClientProtocolClient (GrpcClientProtocolClient.java:onNext(264)) - client-C79DE3E06697->1d6da99a-ba9a-4d72-abd2-d0f1aa02f12f: receive RaftClientReply:client-C79DE3E06697->1d6da99a-ba9a-4d72-abd2-d0f1aa02f12f@group-B29EE812FB58, cid=2926, SUCCESS, logIndex=4370, commits[1d6da99a-ba9a-4d72-abd2-d0f1aa02f12f:c4371, 9dc27687-2024-46ae-8b6e-c9027bfa400e:c4367, 9c9c57da-14dc-454a-b374-789aa5e765a9:c4367]
2019-09-16 23:35:16,270 [grpc-default-executor-3] INFO  client.GrpcClientProtocolClient (GrpcClientProtocolClient.java:onNext(264)) - client-C79DE3E06697->1d6da99a-ba9a-4d72-abd2-d0f1aa02f12f: receive RaftClientReply:client-C79DE3E06697->1d6da99a-ba9a-4d72-abd2-d0f1aa02f12f@group-B29EE812FB58, cid=2927, SUCCESS, logIndex=4371, commits[1d6da99a-ba9a-4d72-abd2-d0f1aa02f12f:c4371, 9dc27687-2024-46ae-8b6e-c9027bfa400e:c4367, 9c9c57da-14dc-454a-b374-789aa5e765a9:c4367]
2019-09-16 23:35:16,281 [grpc-default-executor-6] INFO  client.GrpcClientProtocolClient (GrpcClientProtocolClient.java:onNext(264)) - client-C79DE3E06697->1d6da99a-ba9a-4d72-abd2-d0f1aa02f12f: receive RaftClientReply:client-C79DE3E06697->1d6da99a-ba9a-4d72-abd2-d0f1aa02f12f@group-B29EE812FB58, cid=2928, SUCCESS, logIndex=0, commits[1d6da99a-ba9a-4d72-abd2-d0f1aa02f12f:c4371, 9dc27687-2024-46ae-8b6e-c9027bfa400e:c4369, 9c9c57da-14dc-454a-b374-789aa5e765a9:c4369]
2019-09-16 23:35:16,300 [grpc-default-executor-7] INFO  client.GrpcClientProtocolClient (GrpcClientProtocolClient.java:onNext(264)) - client-C79DE3E06697->1d6da99a-ba9a-4d72-abd2-d0f1aa02f12f: receive RaftClientReply:client-C79DE3E06697->1d6da99a-ba9a-4d72-abd2-d0f1aa02f12f@group-B29EE812FB58, cid=2929, SUCCESS, logIndex=4376, commits[1d6da99a-ba9a-4d72-abd2-d0f1aa02f12f:c4377, 9dc27687-2024-46ae-8b6e-c9027bfa400e:c4375, 9c9c57da-14dc-454a-b374-789aa5e765a9:c4375]
2019-09-16 23:35:16,301 [grpc-default-executor-7] INFO  client.GrpcClientProtocolClient (GrpcClientProtocolClient.java:onNext(264)) - client-C79DE3E06697->1d6da99a-ba9a-4d72-abd2-d0f1aa02f12f: receive RaftClientReply:client-C79DE3E06697->1d6da99a-ba9a-4d72-abd2-d0f1aa02f12f@group-B29EE812FB58, cid=2930, SUCCESS, logIndex=4377, commits[1d6da99a-ba9a-4d72-abd2-d0f1aa02f12f:c4377, 9dc27687-2024-46ae-8b6e-c9027bfa400e:c4375, 9c9c57da-14dc-454a-b374-789aa5e765a9:c4375]
2019-09-16 23:35:16,320 [grpc-default-executor-7] INFO  client.GrpcClientProtocolClient (GrpcClientProtocolClient.java:onNext(264)) - client-C79DE3E06697->1d6da99a-ba9a-4d72-abd2-d0f1aa02f12f: receive RaftClientReply:client-C79DE3E06697->1d6da99a-ba9a-4d72-abd2-d0f1aa02f12f@group-B29EE812FB58, cid=2931, SUCCESS, logIndex=4380, commits[1d6da99a-ba9a-4d72-abd2-d0f1aa02f12f:c4381, 9dc27687-2024-46ae-8b6e-c9027bfa400e:c4378, 9c9c57da-14dc-454a-b374-789aa5e765a9:c4378]
2019-09-16 23:35:16,321 [grpc-default-executor-7] INFO  client.GrpcClientProtocolClient (GrpcClientProtocolClient.java:onNext(264)) - client-C79DE3E06697->1d6da99a-ba9a-4d72-abd2-d0f1aa02f12f: receive RaftClientReply:client-C79DE3E06697->1d6da99a-ba9a-4d72-abd2-d0f1aa02f12f@group-B29EE812FB58, cid=2932, SUCCESS, logIndex=4381, commits[1d6da99a-ba9a-4d72-abd2-d0f1aa02f12f:c4381, 9dc27687-2024-46ae-8b6e-c9027bfa400e:c4378, 9c9c57da-14dc-454a-b374-789aa5e765a9:c4378]
2019-09-16 23:35:16,335 [grpc-default-executor-7] INFO  client.GrpcClientProtocolClient (GrpcClientProtocolClient.java:onNext(264)) - client-C79DE3E06697->1d6da99a-ba9a-4d72-abd2-d0f1aa02f12f: receive RaftClientReply:client-C79DE3E06697->1d6da99a-ba9a-4d72-abd2-d0f1aa02f12f@group-B29EE812FB58, cid=2933, SUCCESS, logIndex=0, commits[1d6da99a-ba9a-4d72-abd2-d0f1aa02f12f:c4383, 9dc27687-2024-46ae-8b6e-c9027bfa400e:c4381, 9c9c57da-14dc-454a-b374-789aa5e765a9:c4381]
2019-09-16 23:35:16,362 [grpc-default-executor-6] INFO  client.GrpcClientProtocolClient (GrpcClientProtocolClient.java:onNext(264)) - client-C79DE3E06697->1d6da99a-ba9a-4d72-abd2-d0f1aa02f12f: receive RaftClientReply:client-C79DE3E06697->1d6da99a-ba9a-4d72-abd2-d0f1aa02f12f@group-B29EE812FB58, cid=2934, SUCCESS, logIndex=4384, commits[1d6da99a-ba9a-4d72-abd2-d0f1aa02f12f:c4385, 9dc27687-2024-46ae-8b6e-c9027bfa400e:c4383, 9c9c57da-14dc-454a-b374-789aa5e765a9:c4383]
2019-09-16 23:35:16,363 [grpc-default-executor-3] INFO  client.GrpcClientProtocolClient (GrpcClientProtocolClient.java:onNext(264)) - client-C79DE3E06697->1d6da99a-ba9a-4d72-abd2-d0f1aa02f12f: receive RaftClientReply:client-C79DE3E06697->1d6da99a-ba9a-4d72-abd2-d0f1aa02f12f@group-B29EE812FB58, cid=2935, SUCCESS, logIndex=4385, commits[1d6da99a-ba9a-4d72-abd2-d0f1aa02f12f:c4387, 9dc27687-2024-46ae-8b6e-c9027bfa400e:c4383, 9c9c57da-14dc-454a-b374-789aa5e765a9:c4383]
2019-09-16 23:35:16,363 [grpc-default-executor-3] INFO  client.GrpcClientProtocolClient (GrpcClientProtocolClient.java:onNext(264)) - client-C79DE3E06697->1d6da99a-ba9a-4d72-abd2-d0f1aa02f12f: receive RaftClientReply:client-C79DE3E06697->1d6da99a-ba9a-4d72-abd2-d0f1aa02f12f@group-B29EE812FB58, cid=2936, SUCCESS, logIndex=4386, commits[1d6da99a-ba9a-4d72-abd2-d0f1aa02f12f:c4387, 9dc27687-2024-46ae-8b6e-c9027bfa400e:c4383, 9c9c57da-14dc-454a-b374-789aa5e765a9:c4383]
2019-09-16 23:35:16,363 [grpc-default-executor-3] INFO  client.GrpcClientProtocolClient (GrpcClientProtocolClient.java:onNext(264)) - client-C79DE3E06697->1d6da99a-ba9a-4d72-abd2-d0f1aa02f12f: receive RaftClientReply:client-C79DE3E06697->1d6da99a-ba9a-4d72-abd2-d0f1aa02f12f@group-B29EE812FB58, cid=2937, SUCCESS, logIndex=4387, commits[1d6da99a-ba9a-4d72-abd2-d0f1aa02f12f:c4387, 9dc27687-2024-46ae-8b6e-c9027bfa400e:c4383, 9c9c57da-14dc-454a-b374-789aa5e765a9:c4383]
2019-09-16 23:35:16,364 [grpc-default-executor-6] INFO  client.GrpcClientProtocolClient (GrpcClientProtocolClient.java:onNext(264)) - client-C79DE3E06697->1d6da99a-ba9a-4d72-abd2-d0f1aa02f12f: receive RaftClientReply:client-C79DE3E06697->1d6da99a-ba9a-4d72-abd2-d0f1aa02f12f@group-B29EE812FB58, cid=2938, SUCCESS, logIndex=0, commits[1d6da99a-ba9a-4d72-abd2-d0f1aa02f12f:c4389, 9dc27687-2024-46ae-8b6e-c9027bfa400e:c4385, 9c9c57da-14dc-454a-b374-789aa5e765a9:c4385]
2019-09-16 23:35:16,382 [grpc-default-executor-3] INFO  client.GrpcClientProtocolClient (GrpcClientProtocolClient.java:onNext(264)) - client-C79DE3E06697->1d6da99a-ba9a-4d72-abd2-d0f1aa02f12f: receive RaftClientReply:client-C79DE3E06697->1d6da99a-ba9a-4d72-abd2-d0f1aa02f12f@group-B29EE812FB58, cid=2939, SUCCESS, logIndex=4392, commits[1d6da99a-ba9a-4d72-abd2-d0f1aa02f12f:c4393, 9dc27687-2024-46ae-8b6e-c9027bfa400e:c4391, 9c9c57da-14dc-454a-b374-789aa5e765a9:c4391]
2019-09-16 23:35:16,382 [grpc-default-executor-3] INFO  client.GrpcClientProtocolClient (GrpcClientProtocolClient.java:onNext(264)) - client-C79DE3E06697->1d6da99a-ba9a-4d72-abd2-d0f1aa02f12f: receive RaftClientReply:client-C79DE3E06697->1d6da99a-ba9a-4d72-abd2-d0f1aa02f12f@group-B29EE812FB58, cid=2940, SUCCESS, logIndex=4393, commits[1d6da99a-ba9a-4d72-abd2-d0f1aa02f12f:c4393, 9dc27687-2024-46ae-8b6e-c9027bfa400e:c4391, 9c9c57da-14dc-454a-b374-789aa5e765a9:c4391]
2019-09-16 23:35:16,395 [grpc-default-executor-7] INFO  client.GrpcClientProtocolClient (GrpcClientProtocolClient.java:onNext(264)) - client-C79DE3E06697->1d6da99a-ba9a-4d72-abd2-d0f1aa02f12f: receive RaftClientReply:client-C79DE3E06697->1d6da99a-ba9a-4d72-abd2-d0f1aa02f12f@group-B29EE812FB58, cid=2941, SUCCESS, logIndex=4396, commits[1d6da99a-ba9a-4d72-abd2-d0f1aa02f12f:c4397, 9dc27687-2024-46ae-8b6e-c9027bfa400e:c4393, 9c9c57da-14dc-454a-b374-789aa5e765a9:c4393]
2019-09-16 23:35:16,395 [grpc-default-executor-7] INFO  client.GrpcClientProtocolClient (GrpcClientProtocolClient.java:onNext(264)) - client-C79DE3E06697->1d6da99a-ba9a-4d72-abd2-d0f1aa02f12f: receive RaftClientReply:client-C79DE3E06697->1d6da99a-ba9a-4d72-abd2-d0f1aa02f12f@group-B29EE812FB58, cid=2942, SUCCESS, logIndex=4397, commits[1d6da99a-ba9a-4d72-abd2-d0f1aa02f12f:c4397, 9dc27687-2024-46ae-8b6e-c9027bfa400e:c4393, 9c9c57da-14dc-454a-b374-789aa5e765a9:c4393]
2019-09-16 23:35:16,407 [grpc-default-executor-3] INFO  client.GrpcClientProtocolClient (GrpcClientProtocolClient.java:onNext(264)) - client-C79DE3E06697->1d6da99a-ba9a-4d72-abd2-d0f1aa02f12f: receive RaftClientReply:client-C79DE3E06697->1d6da99a-ba9a-4d72-abd2-d0f1aa02f12f@group-B29EE812FB58, cid=2943, SUCCESS, logIndex=0, commits[1d6da99a-ba9a-4d72-abd2-d0f1aa02f12f:c4398, 9dc27687-2024-46ae-8b6e-c9027bfa400e:c4397, 9c9c57da-14dc-454a-b374-789aa5e765a9:c4397]
2019-09-16 23:35:16,433 [grpc-default-executor-7] INFO  client.GrpcClientProtocolClient (GrpcClientProtocolClient.java:onNext(264)) - client-C79DE3E06697->1d6da99a-ba9a-4d72-abd2-d0f1aa02f12f: receive RaftClientReply:client-C79DE3E06697->1d6da99a-ba9a-4d72-abd2-d0f1aa02f12f@group-B29EE812FB58, cid=2944, SUCCESS, logIndex=4400, commits[1d6da99a-ba9a-4d72-abd2-d0f1aa02f12f:c4401, 9dc27687-2024-46ae-8b6e-c9027bfa400e:c4399, 9c9c57da-14dc-454a-b374-789aa5e765a9:c4399]
2019-09-16 23:35:16,434 [grpc-default-executor-7] INFO  client.GrpcClientProtocolClient (GrpcClientProtocolClient.java:onNext(264)) - client-C79DE3E06697->1d6da99a-ba9a-4d72-abd2-d0f1aa02f12f: receive RaftClientReply:client-C79DE3E06697->1d6da99a-ba9a-4d72-abd2-d0f1aa02f12f@group-B29EE812FB58, cid=2945, SUCCESS, logIndex=4401, commits[1d6da99a-ba9a-4d72-abd2-d0f1aa02f12f:c4401, 9dc27687-2024-46ae-8b6e-c9027bfa400e:c4399, 9c9c57da-14dc-454a-b374-789aa5e765a9:c4399]
2019-09-16 23:35:16,436 [grpc-default-executor-7] INFO  client.GrpcClientProtocolClient (GrpcClientProtocolClient.java:onNext(264)) - client-C79DE3E06697->1d6da99a-ba9a-4d72-abd2-d0f1aa02f12f: receive RaftClientReply:client-C79DE3E06697->1d6da99a-ba9a-4d72-abd2-d0f1aa02f12f@group-B29EE812FB58, cid=2946, SUCCESS, logIndex=4402, commits[1d6da99a-ba9a-4d72-abd2-d0f1aa02f12f:c4403, 9dc27687-2024-46ae-8b6e-c9027bfa400e:c4399, 9c9c57da-14dc-454a-b374-789aa5e765a9:c4399]
2019-09-16 23:35:16,436 [grpc-default-executor-7] INFO  client.GrpcClientProtocolClient (GrpcClientProtocolClient.java:onNext(264)) - client-C79DE3E06697->1d6da99a-ba9a-4d72-abd2-d0f1aa02f12f: receive RaftClientReply:client-C79DE3E06697->1d6da99a-ba9a-4d72-abd2-d0f1aa02f12f@group-B29EE812FB58, cid=2947, SUCCESS, logIndex=4403, commits[1d6da99a-ba9a-4d72-abd2-d0f1aa02f12f:c4403, 9dc27687-2024-46ae-8b6e-c9027bfa400e:c4399, 9c9c57da-14dc-454a-b374-789aa5e765a9:c4399]
2019-09-16 23:35:16,447 [grpc-default-executor-7] INFO  client.GrpcClientProtocolClient (GrpcClientProtocolClient.java:onNext(264)) - client-C79DE3E06697->1d6da99a-ba9a-4d72-abd2-d0f1aa02f12f: receive RaftClientReply:client-C79DE3E06697->1d6da99a-ba9a-4d72-abd2-d0f1aa02f12f@group-B29EE812FB58, cid=2948, SUCCESS, logIndex=0, commits[1d6da99a-ba9a-4d72-abd2-d0f1aa02f12f:c4403, 9dc27687-2024-46ae-8b6e-c9027bfa400e:c4401, 9c9c57da-14dc-454a-b374-789aa5e765a9:c4401]
2019-09-16 23:35:16,465 [grpc-default-executor-3] INFO  client.GrpcClientProtocolClient (GrpcClientProtocolClient.java:onNext(264)) - client-C79DE3E06697->1d6da99a-ba9a-4d72-abd2-d0f1aa02f12f: receive RaftClientReply:client-C79DE3E06697->1d6da99a-ba9a-4d72-abd2-d0f1aa02f12f@group-B29EE812FB58, cid=2949, SUCCESS, logIndex=4408, commits[1d6da99a-ba9a-4d72-abd2-d0f1aa02f12f:c4409, 9dc27687-2024-46ae-8b6e-c9027bfa400e:c4407, 9c9c57da-14dc-454a-b374-789aa5e765a9:c4407]
2019-09-16 23:35:16,466 [grpc-default-executor-3] INFO  client.GrpcClientProtocolClient (GrpcClientProtocolClient.java:onNext(264)) - client-C79DE3E06697->1d6da99a-ba9a-4d72-abd2-d0f1aa02f12f: receive RaftClientReply:client-C79DE3E06697->1d6da99a-ba9a-4d72-abd2-d0f1aa02f12f@group-B29EE812FB58, cid=2950, SUCCESS, logIndex=4409, commits[1d6da99a-ba9a-4d72-abd2-d0f1aa02f12f:c4409, 9dc27687-2024-46ae-8b6e-c9027bfa400e:c4407, 9c9c57da-14dc-454a-b374-789aa5e765a9:c4407]
2019-09-16 23:35:16,480 [grpc-default-executor-7] INFO  client.GrpcClientProtocolClient (GrpcClientProtocolClient.java:onNext(264)) - client-C79DE3E06697->1d6da99a-ba9a-4d72-abd2-d0f1aa02f12f: receive RaftClientReply:client-C79DE3E06697->1d6da99a-ba9a-4d72-abd2-d0f1aa02f12f@group-B29EE812FB58, cid=2951, SUCCESS, logIndex=4412, commits[1d6da99a-ba9a-4d72-abd2-d0f1aa02f12f:c4413, 9dc27687-2024-46ae-8b6e-c9027bfa400e:c4409, 9c9c57da-14dc-454a-b374-789aa5e765a9:c4409]
2019-09-16 23:35:16,481 [grpc-default-executor-7] INFO  client.GrpcClientProtocolClient (GrpcClientProtocolClient.java:onNext(264)) - client-C79DE3E06697->1d6da99a-ba9a-4d72-abd2-d0f1aa02f12f: receive RaftClientReply:client-C79DE3E06697->1d6da99a-ba9a-4d72-abd2-d0f1aa02f12f@group-B29EE812FB58, cid=2952, SUCCESS, logIndex=4413, commits[1d6da99a-ba9a-4d72-abd2-d0f1aa02f12f:c4413, 9dc27687-2024-46ae-8b6e-c9027bfa400e:c4409, 9c9c57da-14dc-454a-b374-789aa5e765a9:c4409]
2019-09-16 23:35:16,493 [grpc-default-executor-7] INFO  client.GrpcClientProtocolClient (GrpcClientProtocolClient.java:onNext(264)) - client-C79DE3E06697->1d6da99a-ba9a-4d72-abd2-d0f1aa02f12f: receive RaftClientReply:client-C79DE3E06697->1d6da99a-ba9a-4d72-abd2-d0f1aa02f12f@group-B29EE812FB58, cid=2953, SUCCESS, logIndex=0, commits[1d6da99a-ba9a-4d72-abd2-d0f1aa02f12f:c4415, 9dc27687-2024-46ae-8b6e-c9027bfa400e:c4413, 9c9c57da-14dc-454a-b374-789aa5e765a9:c4413]
2019-09-16 23:35:16,519 [grpc-default-executor-7] INFO  client.GrpcClientProtocolClient (GrpcClientProtocolClient.java:onNext(264)) - client-C79DE3E06697->1d6da99a-ba9a-4d72-abd2-d0f1aa02f12f: receive RaftClientReply:client-C79DE3E06697->1d6da99a-ba9a-4d72-abd2-d0f1aa02f12f@group-B29EE812FB58, cid=2954, SUCCESS, logIndex=4416, commits[1d6da99a-ba9a-4d72-abd2-d0f1aa02f12f:c4418, 9dc27687-2024-46ae-8b6e-c9027bfa400e:c4415, 9c9c57da-14dc-454a-b374-789aa5e765a9:c4415]
2019-09-16 23:35:16,647 [grpc-default-executor-7] INFO  client.GrpcClientProtocolClient (GrpcClientProtocolClient.java:onNext(264)) - client-C79DE3E06697->1d6da99a-ba9a-4d72-abd2-d0f1aa02f12f: receive RaftClientReply:client-C79DE3E06697->1d6da99a-ba9a-4d72-abd2-d0f1aa02f12f@group-B29EE812FB58, cid=2955, SUCCESS, logIndex=4417, commits[1d6da99a-ba9a-4d72-abd2-d0f1aa02f12f:c4419, 9dc27687-2024-46ae-8b6e-c9027bfa400e:c4415, 9c9c57da-14dc-454a-b374-789aa5e765a9:c4415]
2019-09-16 23:35:16,647 [grpc-default-executor-7] INFO  client.GrpcClientProtocolClient (GrpcClientProtocolClient.java:onNext(264)) - client-C79DE3E06697->1d6da99a-ba9a-4d72-abd2-d0f1aa02f12f: receive RaftClientReply:client-C79DE3E06697->1d6da99a-ba9a-4d72-abd2-d0f1aa02f12f@group-B29EE812FB58, cid=2956, SUCCESS, logIndex=4418, commits[1d6da99a-ba9a-4d72-abd2-d0f1aa02f12f:c4419, 9dc27687-2024-46ae-8b6e-c9027bfa400e:c4415, 9c9c57da-14dc-454a-b374-789aa5e765a9:c4415]
2019-09-16 23:35:16,648 [grpc-default-executor-7] INFO  client.GrpcClientProtocolClient (GrpcClientProtocolClient.java:onNext(264)) - client-C79DE3E06697->1d6da99a-ba9a-4d72-abd2-d0f1aa02f12f: receive RaftClientReply:client-C79DE3E06697->1d6da99a-ba9a-4d72-abd2-d0f1aa02f12f@group-B29EE812FB58, cid=2957, SUCCESS, logIndex=4419, commits[1d6da99a-ba9a-4d72-abd2-d0f1aa02f12f:c4419, 9dc27687-2024-46ae-8b6e-c9027bfa400e:c4415, 9c9c57da-14dc-454a-b374-789aa5e765a9:c4415]
2019-09-16 23:35:16,659 [grpc-default-executor-7] INFO  client.GrpcClientProtocolClient (GrpcClientProtocolClient.java:onNext(264)) - client-C79DE3E06697->1d6da99a-ba9a-4d72-abd2-d0f1aa02f12f: receive RaftClientReply:client-C79DE3E06697->1d6da99a-ba9a-4d72-abd2-d0f1aa02f12f@group-B29EE812FB58, cid=2958, SUCCESS, logIndex=0, commits[1d6da99a-ba9a-4d72-abd2-d0f1aa02f12f:c4422, 9dc27687-2024-46ae-8b6e-c9027bfa400e:c4417, 9c9c57da-14dc-454a-b374-789aa5e765a9:c4418]
2019-09-16 23:35:16,679 [grpc-default-executor-7] INFO  client.GrpcClientProtocolClient (GrpcClientProtocolClient.java:onNext(264)) - client-C79DE3E06697->1d6da99a-ba9a-4d72-abd2-d0f1aa02f12f: receive RaftClientReply:client-C79DE3E06697->1d6da99a-ba9a-4d72-abd2-d0f1aa02f12f@group-B29EE812FB58, cid=2959, SUCCESS, logIndex=4424, commits[1d6da99a-ba9a-4d72-abd2-d0f1aa02f12f:c4425, 9dc27687-2024-46ae-8b6e-c9027bfa400e:c4423, 9c9c57da-14dc-454a-b374-789aa5e765a9:c4423]
2019-09-16 23:35:16,679 [grpc-default-executor-7] INFO  client.GrpcClientProtocolClient (GrpcClientProtocolClient.java:onNext(264)) - client-C79DE3E06697->1d6da99a-ba9a-4d72-abd2-d0f1aa02f12f: receive RaftClientReply:client-C79DE3E06697->1d6da99a-ba9a-4d72-abd2-d0f1aa02f12f@group-B29EE812FB58, cid=2960, SUCCESS, logIndex=4425, commits[1d6da99a-ba9a-4d72-abd2-d0f1aa02f12f:c4425, 9dc27687-2024-46ae-8b6e-c9027bfa400e:c4423, 9c9c57da-14dc-454a-b374-789aa5e765a9:c4423]
2019-09-16 23:35:16,694 [grpc-default-executor-1] INFO  client.GrpcClientProtocolClient (GrpcClientProtocolClient.java:onNext(264)) - client-C79DE3E06697->1d6da99a-ba9a-4d72-abd2-d0f1aa02f12f: receive RaftClientReply:client-C79DE3E06697->1d6da99a-ba9a-4d72-abd2-d0f1aa02f12f@group-B29EE812FB58, cid=2961, SUCCESS, logIndex=4428, commits[1d6da99a-ba9a-4d72-abd2-d0f1aa02f12f:c4429, 9dc27687-2024-46ae-8b6e-c9027bfa400e:c4425, 9c9c57da-14dc-454a-b374-789aa5e765a9:c4425]
2019-09-16 23:35:16,694 [grpc-default-executor-1] INFO  client.GrpcClientProtocolClient (GrpcClientProtocolClient.java:onNext(264)) - client-C79DE3E06697->1d6da99a-ba9a-4d72-abd2-d0f1aa02f12f: receive RaftClientReply:client-C79DE3E06697->1d6da99a-ba9a-4d72-abd2-d0f1aa02f12f@group-B29EE812FB58, cid=2962, SUCCESS, logIndex=4429, commits[1d6da99a-ba9a-4d72-abd2-d0f1aa02f12f:c4429, 9dc27687-2024-46ae-8b6e-c9027bfa400e:c4425, 9c9c57da-14dc-454a-b374-789aa5e765a9:c4425]
2019-09-16 23:35:16,708 [grpc-default-executor-1] INFO  client.GrpcClientProtocolClient (GrpcClientProtocolClient.java:onNext(264)) - client-C79DE3E06697->1d6da99a-ba9a-4d72-abd2-d0f1aa02f12f: receive RaftClientReply:client-C79DE3E06697->1d6da99a-ba9a-4d72-abd2-d0f1aa02f12f@group-B29EE812FB58, cid=2963, SUCCESS, logIndex=0, commits[1d6da99a-ba9a-4d72-abd2-d0f1aa02f12f:c4431, 9dc27687-2024-46ae-8b6e-c9027bfa400e:c4429, 9c9c57da-14dc-454a-b374-789aa5e765a9:c4429]
2019-09-16 23:35:16,735 [grpc-default-executor-1] INFO  client.GrpcClientProtocolClient (GrpcClientProtocolClient.java:onNext(264)) - client-C79DE3E06697->1d6da99a-ba9a-4d72-abd2-d0f1aa02f12f: receive RaftClientReply:client-C79DE3E06697->1d6da99a-ba9a-4d72-abd2-d0f1aa02f12f@group-B29EE812FB58, cid=2964, SUCCESS, logIndex=4432, commits[1d6da99a-ba9a-4d72-abd2-d0f1aa02f12f:c4433, 9dc27687-2024-46ae-8b6e-c9027bfa400e:c4431, 9c9c57da-14dc-454a-b374-789aa5e765a9:c4431]
2019-09-16 23:35:16,736 [grpc-default-executor-7] INFO  client.GrpcClientProtocolClient (GrpcClientProtocolClient.java:onNext(264)) - client-C79DE3E06697->1d6da99a-ba9a-4d72-abd2-d0f1aa02f12f: receive RaftClientReply:client-C79DE3E06697->1d6da99a-ba9a-4d72-abd2-d0f1aa02f12f@group-B29EE812FB58, cid=2965, SUCCESS, logIndex=4433, commits[1d6da99a-ba9a-4d72-abd2-d0f1aa02f12f:c4433, 9dc27687-2024-46ae-8b6e-c9027bfa400e:c4431, 9c9c57da-14dc-454a-b374-789aa5e765a9:c4431]
2019-09-16 23:35:16,736 [grpc-default-executor-7] INFO  client.GrpcClientProtocolClient (GrpcClientProtocolClient.java:onNext(264)) - client-C79DE3E06697->1d6da99a-ba9a-4d72-abd2-d0f1aa02f12f: receive RaftClientReply:client-C79DE3E06697->1d6da99a-ba9a-4d72-abd2-d0f1aa02f12f@group-B29EE812FB58, cid=2966, SUCCESS, logIndex=4434, commits[1d6da99a-ba9a-4d72-abd2-d0f1aa02f12f:c4434, 9dc27687-2024-46ae-8b6e-c9027bfa400e:c4431, 9c9c57da-14dc-454a-b374-789aa5e765a9:c4431]
2019-09-16 23:35:16,736 [grpc-default-executor-7] INFO  client.GrpcClientProtocolClient (GrpcClientProtocolClient.java:onNext(264)) - client-C79DE3E06697->1d6da99a-ba9a-4d72-abd2-d0f1aa02f12f: receive RaftClientReply:client-C79DE3E06697->1d6da99a-ba9a-4d72-abd2-d0f1aa02f12f@group-B29EE812FB58, cid=2967, SUCCESS, logIndex=4435, commits[1d6da99a-ba9a-4d72-abd2-d0f1aa02f12f:c4435, 9dc27687-2024-46ae-8b6e-c9027bfa400e:c4431, 9c9c57da-14dc-454a-b374-789aa5e765a9:c4431]
2019-09-16 23:35:16,737 [grpc-default-executor-7] INFO  client.GrpcClientProtocolClient (GrpcClientProtocolClient.java:onNext(264)) - client-C79DE3E06697->1d6da99a-ba9a-4d72-abd2-d0f1aa02f12f: receive RaftClientReply:client-C79DE3E06697->1d6da99a-ba9a-4d72-abd2-d0f1aa02f12f@group-B29EE812FB58, cid=2968, SUCCESS, logIndex=0, commits[1d6da99a-ba9a-4d72-abd2-d0f1aa02f12f:c4436, 9dc27687-2024-46ae-8b6e-c9027bfa400e:c4433, 9c9c57da-14dc-454a-b374-789aa5e765a9:c4433]
2019-09-16 23:35:16,756 [grpc-default-executor-3] INFO  client.GrpcClientProtocolClient (GrpcClientProtocolClient.java:onNext(264)) - client-C79DE3E06697->1d6da99a-ba9a-4d72-abd2-d0f1aa02f12f: receive RaftClientReply:client-C79DE3E06697->1d6da99a-ba9a-4d72-abd2-d0f1aa02f12f@group-B29EE812FB58, cid=2969, SUCCESS, logIndex=4440, commits[1d6da99a-ba9a-4d72-abd2-d0f1aa02f12f:c4441, 9dc27687-2024-46ae-8b6e-c9027bfa400e:c4439, 9c9c57da-14dc-454a-b374-789aa5e765a9:c4439]
2019-09-16 23:35:16,756 [grpc-default-executor-3] INFO  client.GrpcClientProtocolClient (GrpcClientProtocolClient.java:onNext(264)) - client-C79DE3E06697->1d6da99a-ba9a-4d72-abd2-d0f1aa02f12f: receive RaftClientReply:client-C79DE3E06697->1d6da99a-ba9a-4d72-abd2-d0f1aa02f12f@group-B29EE812FB58, cid=2970, SUCCESS, logIndex=4441, commits[1d6da99a-ba9a-4d72-abd2-d0f1aa02f12f:c4441, 9dc27687-2024-46ae-8b6e-c9027bfa400e:c4439, 9c9c57da-14dc-454a-b374-789aa5e765a9:c4439]
2019-09-16 23:35:16,770 [grpc-default-executor-6] INFO  client.GrpcClientProtocolClient (GrpcClientProtocolClient.java:onNext(264)) - client-C79DE3E06697->1d6da99a-ba9a-4d72-abd2-d0f1aa02f12f: receive RaftClientReply:client-C79DE3E06697->1d6da99a-ba9a-4d72-abd2-d0f1aa02f12f@group-B29EE812FB58, cid=2971, SUCCESS, logIndex=4444, commits[1d6da99a-ba9a-4d72-abd2-d0f1aa02f12f:c4445, 9dc27687-2024-46ae-8b6e-c9027bfa400e:c4441, 9c9c57da-14dc-454a-b374-789aa5e765a9:c4441]
2019-09-16 23:35:16,771 [grpc-default-executor-6] INFO  client.GrpcClientProtocolClient (GrpcClientProtocolClient.java:onNext(264)) - client-C79DE3E06697->1d6da99a-ba9a-4d72-abd2-d0f1aa02f12f: receive RaftClientReply:client-C79DE3E06697->1d6da99a-ba9a-4d72-abd2-d0f1aa02f12f@group-B29EE812FB58, cid=2972, SUCCESS, logIndex=4445, commits[1d6da99a-ba9a-4d72-abd2-d0f1aa02f12f:c4445, 9dc27687-2024-46ae-8b6e-c9027bfa400e:c4441, 9c9c57da-14dc-454a-b374-789aa5e765a9:c4441]
2019-09-16 23:35:16,783 [grpc-default-executor-6] INFO  client.GrpcClientProtocolClient (GrpcClientProtocolClient.java:onNext(264)) - client-C79DE3E06697->1d6da99a-ba9a-4d72-abd2-d0f1aa02f12f: receive RaftClientReply:client-C79DE3E06697->1d6da99a-ba9a-4d72-abd2-d0f1aa02f12f@group-B29EE812FB58, cid=2973, SUCCESS, logIndex=0, commits[1d6da99a-ba9a-4d72-abd2-d0f1aa02f12f:c4447, 9dc27687-2024-46ae-8b6e-c9027bfa400e:c4445, 9c9c57da-14dc-454a-b374-789aa5e765a9:c4445]
 0.00% |█                                                                                                    |  0/1 Time: 0:00:342019-09-16 23:35:16,819 [grpc-default-executor-3] INFO  client.GrpcClientProtocolClient (GrpcClientProtocolClient.java:onNext(264)) - client-C79DE3E06697->1d6da99a-ba9a-4d72-abd2-d0f1aa02f12f: receive RaftClientReply:client-C79DE3E06697->1d6da99a-ba9a-4d72-abd2-d0f1aa02f12f@group-B29EE812FB58, cid=2974, SUCCESS, logIndex=4448, commits[1d6da99a-ba9a-4d72-abd2-d0f1aa02f12f:c4449, 9dc27687-2024-46ae-8b6e-c9027bfa400e:c4447, 9c9c57da-14dc-454a-b374-789aa5e765a9:c4445]
2019-09-16 23:35:16,820 [grpc-default-executor-3] INFO  client.GrpcClientProtocolClient (GrpcClientProtocolClient.java:onNext(264)) - client-C79DE3E06697->1d6da99a-ba9a-4d72-abd2-d0f1aa02f12f: receive RaftClientReply:client-C79DE3E06697->1d6da99a-ba9a-4d72-abd2-d0f1aa02f12f@group-B29EE812FB58, cid=2975, SUCCESS, logIndex=4449, commits[1d6da99a-ba9a-4d72-abd2-d0f1aa02f12f:c4449, 9dc27687-2024-46ae-8b6e-c9027bfa400e:c4447, 9c9c57da-14dc-454a-b374-789aa5e765a9:c4445]
2019-09-16 23:35:16,820 [grpc-default-executor-3] INFO  client.GrpcClientProtocolClient (GrpcClientProtocolClient.java:onNext(264)) - client-C79DE3E06697->1d6da99a-ba9a-4d72-abd2-d0f1aa02f12f: receive RaftClientReply:client-C79DE3E06697->1d6da99a-ba9a-4d72-abd2-d0f1aa02f12f@group-B29EE812FB58, cid=2976, SUCCESS, logIndex=4450, commits[1d6da99a-ba9a-4d72-abd2-d0f1aa02f12f:c4451, 9dc27687-2024-46ae-8b6e-c9027bfa400e:c4447, 9c9c57da-14dc-454a-b374-789aa5e765a9:c4447]
2019-09-16 23:35:16,821 [grpc-default-executor-6] INFO  client.GrpcClientProtocolClient (GrpcClientProtocolClient.java:onNext(264)) - client-C79DE3E06697->1d6da99a-ba9a-4d72-abd2-d0f1aa02f12f: receive RaftClientReply:client-C79DE3E06697->1d6da99a-ba9a-4d72-abd2-d0f1aa02f12f@group-B29EE812FB58, cid=2977, SUCCESS, logIndex=4451, commits[1d6da99a-ba9a-4d72-abd2-d0f1aa02f12f:c4451, 9dc27687-2024-46ae-8b6e-c9027bfa400e:c4447, 9c9c57da-14dc-454a-b374-789aa5e765a9:c4447]
2019-09-16 23:35:16,822 [grpc-default-executor-6] INFO  client.GrpcClientProtocolClient (GrpcClientProtocolClient.java:onNext(264)) - client-C79DE3E06697->1d6da99a-ba9a-4d72-abd2-d0f1aa02f12f: receive RaftClientReply:client-C79DE3E06697->1d6da99a-ba9a-4d72-abd2-d0f1aa02f12f@group-B29EE812FB58, cid=2978, SUCCESS, logIndex=0, commits[1d6da99a-ba9a-4d72-abd2-d0f1aa02f12f:c4453, 9dc27687-2024-46ae-8b6e-c9027bfa400e:c4451, 9c9c57da-14dc-454a-b374-789aa5e765a9:c4449]
2019-09-16 23:35:16,834 [grpc-default-executor-6] INFO  client.GrpcClientProtocolClient (GrpcClientProtocolClient.java:onNext(264)) - client-C79DE3E06697->1d6da99a-ba9a-4d72-abd2-d0f1aa02f12f: receive RaftClientReply:client-C79DE3E06697->1d6da99a-ba9a-4d72-abd2-d0f1aa02f12f@group-B29EE812FB58, cid=2979, SUCCESS, logIndex=4455, commits[1d6da99a-ba9a-4d72-abd2-d0f1aa02f12f:c4456, 9dc27687-2024-46ae-8b6e-c9027bfa400e:c4451, 9c9c57da-14dc-454a-b374-789aa5e765a9:c4454]
2019-09-16 23:35:16,834 [grpc-default-executor-6] INFO  client.GrpcClientProtocolClient (GrpcClientProtocolClient.java:onNext(264)) - client-C79DE3E06697->1d6da99a-ba9a-4d72-abd2-d0f1aa02f12f: receive RaftClientReply:client-C79DE3E06697->1d6da99a-ba9a-4d72-abd2-d0f1aa02f12f@group-B29EE812FB58, cid=2980, SUCCESS, logIndex=4456, commits[1d6da99a-ba9a-4d72-abd2-d0f1aa02f12f:c4456, 9dc27687-2024-46ae-8b6e-c9027bfa400e:c4454, 9c9c57da-14dc-454a-b374-789aa5e765a9:c4454]
2019-09-16 23:35:16,854 [grpc-default-executor-7] INFO  client.GrpcClientProtocolClient (GrpcClientProtocolClient.java:onNext(264)) - client-C79DE3E06697->1d6da99a-ba9a-4d72-abd2-d0f1aa02f12f: receive RaftClientReply:client-C79DE3E06697->1d6da99a-ba9a-4d72-abd2-d0f1aa02f12f@group-B29EE812FB58, cid=2981, SUCCESS, logIndex=4459, commits[1d6da99a-ba9a-4d72-abd2-d0f1aa02f12f:c4460, 9dc27687-2024-46ae-8b6e-c9027bfa400e:c4458, 9c9c57da-14dc-454a-b374-789aa5e765a9:c4458]
2019-09-16 23:35:16,854 [grpc-default-executor-7] INFO  client.GrpcClientProtocolClient (GrpcClientProtocolClient.java:onNext(264)) - client-C79DE3E06697->1d6da99a-ba9a-4d72-abd2-d0f1aa02f12f: receive RaftClientReply:client-C79DE3E06697->1d6da99a-ba9a-4d72-abd2-d0f1aa02f12f@group-B29EE812FB58, cid=2982, SUCCESS, logIndex=4460, commits[1d6da99a-ba9a-4d72-abd2-d0f1aa02f12f:c4460, 9dc27687-2024-46ae-8b6e-c9027bfa400e:c4458, 9c9c57da-14dc-454a-b374-789aa5e765a9:c4458]
2019-09-16 23:35:16,874 [grpc-default-executor-7] INFO  client.GrpcClientProtocolClient (GrpcClientProtocolClient.java:onNext(264)) - client-C79DE3E06697->1d6da99a-ba9a-4d72-abd2-d0f1aa02f12f: receive RaftClientReply:client-C79DE3E06697->1d6da99a-ba9a-4d72-abd2-d0f1aa02f12f@group-B29EE812FB58, cid=2983, SUCCESS, logIndex=0, commits[1d6da99a-ba9a-4d72-abd2-d0f1aa02f12f:c4461, 9dc27687-2024-46ae-8b6e-c9027bfa400e:c4460, 9c9c57da-14dc-454a-b374-789aa5e765a9:c4460]
2019-09-16 23:35:16,907 [grpc-default-executor-1] INFO  client.GrpcClientProtocolClient (GrpcClientProtocolClient.java:onNext(264)) - client-C79DE3E06697->1d6da99a-ba9a-4d72-abd2-d0f1aa02f12f: receive RaftClientReply:client-C79DE3E06697->1d6da99a-ba9a-4d72-abd2-d0f1aa02f12f@group-B29EE812FB58, cid=2984, SUCCESS, logIndex=4463, commits[1d6da99a-ba9a-4d72-abd2-d0f1aa02f12f:c4464, 9dc27687-2024-46ae-8b6e-c9027bfa400e:c4462, 9c9c57da-14dc-454a-b374-789aa5e765a9:c4462]
2019-09-16 23:35:16,907 [grpc-default-executor-1] INFO  client.GrpcClientProtocolClient (GrpcClientProtocolClient.java:onNext(264)) - client-C79DE3E06697->1d6da99a-ba9a-4d72-abd2-d0f1aa02f12f: receive RaftClientReply:client-C79DE3E06697->1d6da99a-ba9a-4d72-abd2-d0f1aa02f12f@group-B29EE812FB58, cid=2985, SUCCESS, logIndex=4464, commits[1d6da99a-ba9a-4d72-abd2-d0f1aa02f12f:c4464, 9dc27687-2024-46ae-8b6e-c9027bfa400e:c4462, 9c9c57da-14dc-454a-b374-789aa5e765a9:c4462]
2019-09-16 23:35:16,908 [grpc-default-executor-1] INFO  client.GrpcClientProtocolClient (GrpcClientProtocolClient.java:onNext(264)) - client-C79DE3E06697->1d6da99a-ba9a-4d72-abd2-d0f1aa02f12f: receive RaftClientReply:client-C79DE3E06697->1d6da99a-ba9a-4d72-abd2-d0f1aa02f12f@group-B29EE812FB58, cid=2986, SUCCESS, logIndex=4465, commits[1d6da99a-ba9a-4d72-abd2-d0f1aa02f12f:c4466, 9dc27687-2024-46ae-8b6e-c9027bfa400e:c4462, 9c9c57da-14dc-454a-b374-789aa5e765a9:c4462]
2019-09-16 23:35:16,908 [grpc-default-executor-1] INFO  client.GrpcClientProtocolClient (GrpcClientProtocolClient.java:onNext(264)) - client-C79DE3E06697->1d6da99a-ba9a-4d72-abd2-d0f1aa02f12f: receive RaftClientReply:client-C79DE3E06697->1d6da99a-ba9a-4d72-abd2-d0f1aa02f12f@group-B29EE812FB58, cid=2987, SUCCESS, logIndex=4466, commits[1d6da99a-ba9a-4d72-abd2-d0f1aa02f12f:c4466, 9dc27687-2024-46ae-8b6e-c9027bfa400e:c4462, 9c9c57da-14dc-454a-b374-789aa5e765a9:c4462]
2019-09-16 23:35:16,920 [grpc-default-executor-7] INFO  client.GrpcClientProtocolClient (GrpcClientProtocolClient.java:onNext(264)) - client-C79DE3E06697->1d6da99a-ba9a-4d72-abd2-d0f1aa02f12f: receive RaftClientReply:client-C79DE3E06697->1d6da99a-ba9a-4d72-abd2-d0f1aa02f12f@group-B29EE812FB58, cid=2988, SUCCESS, logIndex=0, commits[1d6da99a-ba9a-4d72-abd2-d0f1aa02f12f:c4468, 9dc27687-2024-46ae-8b6e-c9027bfa400e:c4464, 9c9c57da-14dc-454a-b374-789aa5e765a9:c4464]
2019-09-16 23:35:16,939 [grpc-default-executor-7] INFO  client.GrpcClientProtocolClient (GrpcClientProtocolClient.java:onNext(264)) - client-C79DE3E06697->1d6da99a-ba9a-4d72-abd2-d0f1aa02f12f: receive RaftClientReply:client-C79DE3E06697->1d6da99a-ba9a-4d72-abd2-d0f1aa02f12f@group-B29EE812FB58, cid=2989, SUCCESS, logIndex=4471, commits[1d6da99a-ba9a-4d72-abd2-d0f1aa02f12f:c4472, 9dc27687-2024-46ae-8b6e-c9027bfa400e:c4470, 9c9c57da-14dc-454a-b374-789aa5e765a9:c4470]
2019-09-16 23:35:16,939 [grpc-default-executor-7] INFO  client.GrpcClientProtocolClient (GrpcClientProtocolClient.java:onNext(264)) - client-C79DE3E06697->1d6da99a-ba9a-4d72-abd2-d0f1aa02f12f: receive RaftClientReply:client-C79DE3E06697->1d6da99a-ba9a-4d72-abd2-d0f1aa02f12f@group-B29EE812FB58, cid=2990, SUCCESS, logIndex=4472, commits[1d6da99a-ba9a-4d72-abd2-d0f1aa02f12f:c4472, 9dc27687-2024-46ae-8b6e-c9027bfa400e:c4470, 9c9c57da-14dc-454a-b374-789aa5e765a9:c4470]
2019-09-16 23:35:16,953 [grpc-default-executor-6] INFO  client.GrpcClientProtocolClient (GrpcClientProtocolClient.java:onNext(264)) - client-C79DE3E06697->1d6da99a-ba9a-4d72-abd2-d0f1aa02f12f: receive RaftClientReply:client-C79DE3E06697->1d6da99a-ba9a-4d72-abd2-d0f1aa02f12f@group-B29EE812FB58, cid=2991, SUCCESS, logIndex=4475, commits[1d6da99a-ba9a-4d72-abd2-d0f1aa02f12f:c4476, 9dc27687-2024-46ae-8b6e-c9027bfa400e:c4472, 9c9c57da-14dc-454a-b374-789aa5e765a9:c4472]
2019-09-16 23:35:16,953 [grpc-default-executor-6] INFO  client.GrpcClientProtocolClient (GrpcClientProtocolClient.java:onNext(264)) - client-C79DE3E06697->1d6da99a-ba9a-4d72-abd2-d0f1aa02f12f: receive RaftClientReply:client-C79DE3E06697->1d6da99a-ba9a-4d72-abd2-d0f1aa02f12f@group-B29EE812FB58, cid=2992, SUCCESS, logIndex=4476, commits[1d6da99a-ba9a-4d72-abd2-d0f1aa02f12f:c4476, 9dc27687-2024-46ae-8b6e-c9027bfa400e:c4472, 9c9c57da-14dc-454a-b374-789aa5e765a9:c4472]
2019-09-16 23:35:16,965 [grpc-default-executor-6] INFO  client.GrpcClientProtocolClient (GrpcClientProtocolClient.java:onNext(264)) - client-C79DE3E06697->1d6da99a-ba9a-4d72-abd2-d0f1aa02f12f: receive RaftClientReply:client-C79DE3E06697->1d6da99a-ba9a-4d72-abd2-d0f1aa02f12f@group-B29EE812FB58, cid=2993, SUCCESS, logIndex=0, commits[1d6da99a-ba9a-4d72-abd2-d0f1aa02f12f:c4477, 9dc27687-2024-46ae-8b6e-c9027bfa400e:c4476, 9c9c57da-14dc-454a-b374-789aa5e765a9:c4476]
2019-09-16 23:35:16,999 [grpc-default-executor-7] INFO  client.GrpcClientProtocolClient (GrpcClientProtocolClient.java:onNext(264)) - client-C79DE3E06697->1d6da99a-ba9a-4d72-abd2-d0f1aa02f12f: receive RaftClientReply:client-C79DE3E06697->1d6da99a-ba9a-4d72-abd2-d0f1aa02f12f@group-B29EE812FB58, cid=2994, SUCCESS, logIndex=4479, commits[1d6da99a-ba9a-4d72-abd2-d0f1aa02f12f:c4480, 9dc27687-2024-46ae-8b6e-c9027bfa400e:c4478, 9c9c57da-14dc-454a-b374-789aa5e765a9:c4478]
2019-09-16 23:35:17,000 [grpc-default-executor-7] INFO  client.GrpcClientProtocolClient (GrpcClientProtocolClient.java:onNext(264)) - client-C79DE3E06697->1d6da99a-ba9a-4d72-abd2-d0f1aa02f12f: receive RaftClientReply:client-C79DE3E06697->1d6da99a-ba9a-4d72-abd2-d0f1aa02f12f@group-B29EE812FB58, cid=2995, SUCCESS, logIndex=4480, commits[1d6da99a-ba9a-4d72-abd2-d0f1aa02f12f:c4480, 9dc27687-2024-46ae-8b6e-c9027bfa400e:c4478, 9c9c57da-14dc-454a-b374-789aa5e765a9:c4478]
2019-09-16 23:35:17,002 [grpc-default-executor-6] INFO  client.GrpcClientProtocolClient (GrpcClientProtocolClient.java:onNext(264)) - client-C79DE3E06697->1d6da99a-ba9a-4d72-abd2-d0f1aa02f12f: receive RaftClientReply:client-C79DE3E06697->1d6da99a-ba9a-4d72-abd2-d0f1aa02f12f@group-B29EE812FB58, cid=2996, SUCCESS, logIndex=4481, commits[1d6da99a-ba9a-4d72-abd2-d0f1aa02f12f:c4482, 9dc27687-2024-46ae-8b6e-c9027bfa400e:c4478, 9c9c57da-14dc-454a-b374-789aa5e765a9:c4478]
2019-09-16 23:35:17,003 [grpc-default-executor-6] INFO  client.GrpcClientProtocolClient (GrpcClientProtocolClient.java:onNext(264)) - client-C79DE3E06697->1d6da99a-ba9a-4d72-abd2-d0f1aa02f12f: receive RaftClientReply:client-C79DE3E06697->1d6da99a-ba9a-4d72-abd2-d0f1aa02f12f@group-B29EE812FB58, cid=2997, SUCCESS, logIndex=4482, commits[1d6da99a-ba9a-4d72-abd2-d0f1aa02f12f:c4482, 9dc27687-2024-46ae-8b6e-c9027bfa400e:c4478, 9c9c57da-14dc-454a-b374-789aa5e765a9:c4478]
2019-09-16 23:35:17,014 [grpc-default-executor-6] INFO  client.GrpcClientProtocolClient (GrpcClientProtocolClient.java:onNext(264)) - client-C79DE3E06697->1d6da99a-ba9a-4d72-abd2-d0f1aa02f12f: receive RaftClientReply:client-C79DE3E06697->1d6da99a-ba9a-4d72-abd2-d0f1aa02f12f@group-B29EE812FB58, cid=2998, SUCCESS, logIndex=0, commits[1d6da99a-ba9a-4d72-abd2-d0f1aa02f12f:c4484, 9dc27687-2024-46ae-8b6e-c9027bfa400e:c4480, 9c9c57da-14dc-454a-b374-789aa5e765a9:c4480]
2019-09-16 23:35:17,035 [grpc-default-executor-1] INFO  client.GrpcClientProtocolClient (GrpcClientProtocolClient.java:onNext(264)) - client-C79DE3E06697->1d6da99a-ba9a-4d72-abd2-d0f1aa02f12f: receive RaftClientReply:client-C79DE3E06697->1d6da99a-ba9a-4d72-abd2-d0f1aa02f12f@group-B29EE812FB58, cid=2999, SUCCESS, logIndex=4486, commits[1d6da99a-ba9a-4d72-abd2-d0f1aa02f12f:c4487, 9dc27687-2024-46ae-8b6e-c9027bfa400e:c4485, 9c9c57da-14dc-454a-b374-789aa5e765a9:c4485]
2019-09-16 23:35:17,036 [grpc-default-executor-1] INFO  client.GrpcClientProtocolClient (GrpcClientProtocolClient.java:onNext(264)) - client-C79DE3E06697->1d6da99a-ba9a-4d72-abd2-d0f1aa02f12f: receive RaftClientReply:client-C79DE3E06697->1d6da99a-ba9a-4d72-abd2-d0f1aa02f12f@group-B29EE812FB58, cid=3000, SUCCESS, logIndex=4487, commits[1d6da99a-ba9a-4d72-abd2-d0f1aa02f12f:c4487, 9dc27687-2024-46ae-8b6e-c9027bfa400e:c4485, 9c9c57da-14dc-454a-b374-789aa5e765a9:c4485]
2019-09-16 23:35:17,051 [grpc-default-executor-6] INFO  client.GrpcClientProtocolClient (GrpcClientProtocolClient.java:onNext(264)) - client-C79DE3E06697->1d6da99a-ba9a-4d72-abd2-d0f1aa02f12f: receive RaftClientReply:client-C79DE3E06697->1d6da99a-ba9a-4d72-abd2-d0f1aa02f12f@group-B29EE812FB58, cid=3001, SUCCESS, logIndex=4490, commits[1d6da99a-ba9a-4d72-abd2-d0f1aa02f12f:c4491, 9dc27687-2024-46ae-8b6e-c9027bfa400e:c4487, 9c9c57da-14dc-454a-b374-789aa5e765a9:c4487]
2019-09-16 23:35:17,051 [grpc-default-executor-6] INFO  client.GrpcClientProtocolClient (GrpcClientProtocolClient.java:onNext(264)) - client-C79DE3E06697->1d6da99a-ba9a-4d72-abd2-d0f1aa02f12f: receive RaftClientReply:client-C79DE3E06697->1d6da99a-ba9a-4d72-abd2-d0f1aa02f12f@group-B29EE812FB58, cid=3002, SUCCESS, logIndex=4491, commits[1d6da99a-ba9a-4d72-abd2-d0f1aa02f12f:c4491, 9dc27687-2024-46ae-8b6e-c9027bfa400e:c4487, 9c9c57da-14dc-454a-b374-789aa5e765a9:c4487]
2019-09-16 23:35:17,062 [grpc-default-executor-6] INFO  client.GrpcClientProtocolClient (GrpcClientProtocolClient.java:onNext(264)) - client-C79DE3E06697->1d6da99a-ba9a-4d72-abd2-d0f1aa02f12f: receive RaftClientReply:client-C79DE3E06697->1d6da99a-ba9a-4d72-abd2-d0f1aa02f12f@group-B29EE812FB58, cid=3003, SUCCESS, logIndex=0, commits[1d6da99a-ba9a-4d72-abd2-d0f1aa02f12f:c4492, 9dc27687-2024-46ae-8b6e-c9027bfa400e:c4491, 9c9c57da-14dc-454a-b374-789aa5e765a9:c4491]
2019-09-16 23:35:17,106 [grpc-default-executor-1] INFO  client.GrpcClientProtocolClient (GrpcClientProtocolClient.java:onNext(264)) - client-C79DE3E06697->1d6da99a-ba9a-4d72-abd2-d0f1aa02f12f: receive RaftClientReply:client-C79DE3E06697->1d6da99a-ba9a-4d72-abd2-d0f1aa02f12f@group-B29EE812FB58, cid=3004, SUCCESS, logIndex=4494, commits[1d6da99a-ba9a-4d72-abd2-d0f1aa02f12f:c4495, 9dc27687-2024-46ae-8b6e-c9027bfa400e:c4493, 9c9c57da-14dc-454a-b374-789aa5e765a9:c4493]
2019-09-16 23:35:17,106 [grpc-default-executor-1] INFO  client.GrpcClientProtocolClient (GrpcClientProtocolClient.java:onNext(264)) - client-C79DE3E06697->1d6da99a-ba9a-4d72-abd2-d0f1aa02f12f: receive RaftClientReply:client-C79DE3E06697->1d6da99a-ba9a-4d72-abd2-d0f1aa02f12f@group-B29EE812FB58, cid=3005, SUCCESS, logIndex=4495, commits[1d6da99a-ba9a-4d72-abd2-d0f1aa02f12f:c4495, 9dc27687-2024-46ae-8b6e-c9027bfa400e:c4493, 9c9c57da-14dc-454a-b374-789aa5e765a9:c4493]
2019-09-16 23:35:17,116 [grpc-default-executor-1] INFO  client.GrpcClientProtocolClient (GrpcClientProtocolClient.java:onNext(264)) - client-C79DE3E06697->1d6da99a-ba9a-4d72-abd2-d0f1aa02f12f: receive RaftClientReply:client-C79DE3E06697->1d6da99a-ba9a-4d72-abd2-d0f1aa02f12f@group-B29EE812FB58, cid=3006, SUCCESS, logIndex=4496, commits[1d6da99a-ba9a-4d72-abd2-d0f1aa02f12f:c4497, 9dc27687-2024-46ae-8b6e-c9027bfa400e:c4493, 9c9c57da-14dc-454a-b374-789aa5e765a9:c4493]
2019-09-16 23:35:17,118 [grpc-default-executor-1] INFO  client.GrpcClientProtocolClient (GrpcClientProtocolClient.java:onNext(264)) - client-C79DE3E06697->1d6da99a-ba9a-4d72-abd2-d0f1aa02f12f: receive RaftClientReply:client-C79DE3E06697->1d6da99a-ba9a-4d72-abd2-d0f1aa02f12f@group-B29EE812FB58, cid=3007, SUCCESS, logIndex=4497, commits[1d6da99a-ba9a-4d72-abd2-d0f1aa02f12f:c4497, 9dc27687-2024-46ae-8b6e-c9027bfa400e:c4493, 9c9c57da-14dc-454a-b374-789aa5e765a9:c4493]
2019-09-16 23:35:17,119 [grpc-default-executor-1] INFO  client.GrpcClientProtocolClient (GrpcClientProtocolClient.java:onNext(264)) - client-C79DE3E06697->1d6da99a-ba9a-4d72-abd2-d0f1aa02f12f: receive RaftClientReply:client-C79DE3E06697->1d6da99a-ba9a-4d72-abd2-d0f1aa02f12f@group-B29EE812FB58, cid=3008, SUCCESS, logIndex=0, commits[1d6da99a-ba9a-4d72-abd2-d0f1aa02f12f:c4501, 9dc27687-2024-46ae-8b6e-c9027bfa400e:c4497, 9c9c57da-14dc-454a-b374-789aa5e765a9:c4495]
2019-09-16 23:35:17,138 [grpc-default-executor-1] INFO  client.GrpcClientProtocolClient (GrpcClientProtocolClient.java:onNext(264)) - client-C79DE3E06697->1d6da99a-ba9a-4d72-abd2-d0f1aa02f12f: receive RaftClientReply:client-C79DE3E06697->1d6da99a-ba9a-4d72-abd2-d0f1aa02f12f@group-B29EE812FB58, cid=3009, SUCCESS, logIndex=4502, commits[1d6da99a-ba9a-4d72-abd2-d0f1aa02f12f:c4503, 9dc27687-2024-46ae-8b6e-c9027bfa400e:c4501, 9c9c57da-14dc-454a-b374-789aa5e765a9:c4501]
2019-09-16 23:35:17,139 [grpc-default-executor-1] INFO  client.GrpcClientProtocolClient (GrpcClientProtocolClient.java:onNext(264)) - client-C79DE3E06697->1d6da99a-ba9a-4d72-abd2-d0f1aa02f12f: receive RaftClientReply:client-C79DE3E06697->1d6da99a-ba9a-4d72-abd2-d0f1aa02f12f@group-B29EE812FB58, cid=3010, SUCCESS, logIndex=4503, commits[1d6da99a-ba9a-4d72-abd2-d0f1aa02f12f:c4503, 9dc27687-2024-46ae-8b6e-c9027bfa400e:c4501, 9c9c57da-14dc-454a-b374-789aa5e765a9:c4501]
2019-09-16 23:35:17,163 [grpc-default-executor-6] INFO  client.GrpcClientProtocolClient (GrpcClientProtocolClient.java:onNext(264)) - client-C79DE3E06697->1d6da99a-ba9a-4d72-abd2-d0f1aa02f12f: receive RaftClientReply:client-C79DE3E06697->1d6da99a-ba9a-4d72-abd2-d0f1aa02f12f@group-B29EE812FB58, cid=3011, SUCCESS, logIndex=4506, commits[1d6da99a-ba9a-4d72-abd2-d0f1aa02f12f:c4507, 9dc27687-2024-46ae-8b6e-c9027bfa400e:c4503, 9c9c57da-14dc-454a-b374-789aa5e765a9:c4503]
2019-09-16 23:35:17,163 [grpc-default-executor-6] INFO  client.GrpcClientProtocolClient (GrpcClientProtocolClient.java:onNext(264)) - client-C79DE3E06697->1d6da99a-ba9a-4d72-abd2-d0f1aa02f12f: receive RaftClientReply:client-C79DE3E06697->1d6da99a-ba9a-4d72-abd2-d0f1aa02f12f@group-B29EE812FB58, cid=3012, SUCCESS, logIndex=4507, commits[1d6da99a-ba9a-4d72-abd2-d0f1aa02f12f:c4507, 9dc27687-2024-46ae-8b6e-c9027bfa400e:c4503, 9c9c57da-14dc-454a-b374-789aa5e765a9:c4503]
2019-09-16 23:35:17,175 [grpc-default-executor-6] INFO  client.GrpcClientProtocolClient (GrpcClientProtocolClient.java:onNext(264)) - client-C79DE3E06697->1d6da99a-ba9a-4d72-abd2-d0f1aa02f12f: receive RaftClientReply:client-C79DE3E06697->1d6da99a-ba9a-4d72-abd2-d0f1aa02f12f@group-B29EE812FB58, cid=3013, SUCCESS, logIndex=0, commits[1d6da99a-ba9a-4d72-abd2-d0f1aa02f12f:c4508, 9dc27687-2024-46ae-8b6e-c9027bfa400e:c4507, 9c9c57da-14dc-454a-b374-789aa5e765a9:c4507]
2019-09-16 23:35:17,205 [grpc-default-executor-7] INFO  client.GrpcClientProtocolClient (GrpcClientProtocolClient.java:onNext(264)) - client-C79DE3E06697->1d6da99a-ba9a-4d72-abd2-d0f1aa02f12f: receive RaftClientReply:client-C79DE3E06697->1d6da99a-ba9a-4d72-abd2-d0f1aa02f12f@group-B29EE812FB58, cid=3014, SUCCESS, logIndex=4510, commits[1d6da99a-ba9a-4d72-abd2-d0f1aa02f12f:c4513, 9dc27687-2024-46ae-8b6e-c9027bfa400e:c4509, 9c9c57da-14dc-454a-b374-789aa5e765a9:c4509]
2019-09-16 23:35:17,206 [grpc-default-executor-7] INFO  client.GrpcClientProtocolClient (GrpcClientProtocolClient.java:onNext(264)) - client-C79DE3E06697->1d6da99a-ba9a-4d72-abd2-d0f1aa02f12f: receive RaftClientReply:client-C79DE3E06697->1d6da99a-ba9a-4d72-abd2-d0f1aa02f12f@group-B29EE812FB58, cid=3015, SUCCESS, logIndex=4511, commits[1d6da99a-ba9a-4d72-abd2-d0f1aa02f12f:c4513, 9dc27687-2024-46ae-8b6e-c9027bfa400e:c4509, 9c9c57da-14dc-454a-b374-789aa5e765a9:c4509]
2019-09-16 23:35:17,207 [grpc-default-executor-7] INFO  client.GrpcClientProtocolClient (GrpcClientProtocolClient.java:onNext(264)) - client-C79DE3E06697->1d6da99a-ba9a-4d72-abd2-d0f1aa02f12f: receive RaftClientReply:client-C79DE3E06697->1d6da99a-ba9a-4d72-abd2-d0f1aa02f12f@group-B29EE812FB58, cid=3016, SUCCESS, logIndex=4512, commits[1d6da99a-ba9a-4d72-abd2-d0f1aa02f12f:c4513, 9dc27687-2024-46ae-8b6e-c9027bfa400e:c4509, 9c9c57da-14dc-454a-b374-789aa5e765a9:c4509]
2019-09-16 23:35:17,207 [grpc-default-executor-7] INFO  client.GrpcClientProtocolClient (GrpcClientProtocolClient.java:onNext(264)) - client-C79DE3E06697->1d6da99a-ba9a-4d72-abd2-d0f1aa02f12f: receive RaftClientReply:client-C79DE3E06697->1d6da99a-ba9a-4d72-abd2-d0f1aa02f12f@group-B29EE812FB58, cid=3017, SUCCESS, logIndex=4513, commits[1d6da99a-ba9a-4d72-abd2-d0f1aa02f12f:c4513, 9dc27687-2024-46ae-8b6e-c9027bfa400e:c4509, 9c9c57da-14dc-454a-b374-789aa5e765a9:c4509]
2019-09-16 23:35:17,213 [grpc-default-executor-7] INFO  client.GrpcClientProtocolClient (GrpcClientProtocolClient.java:onNext(264)) - client-C79DE3E06697->1d6da99a-ba9a-4d72-abd2-d0f1aa02f12f: receive RaftClientReply:client-C79DE3E06697->1d6da99a-ba9a-4d72-abd2-d0f1aa02f12f@group-B29EE812FB58, cid=3018, SUCCESS, logIndex=0, commits[1d6da99a-ba9a-4d72-abd2-d0f1aa02f12f:c4514, 9dc27687-2024-46ae-8b6e-c9027bfa400e:c4511, 9c9c57da-14dc-454a-b374-789aa5e765a9:c4511]
2019-09-16 23:35:17,234 [grpc-default-executor-6] INFO  client.GrpcClientProtocolClient (GrpcClientProtocolClient.java:onNext(264)) - client-C79DE3E06697->1d6da99a-ba9a-4d72-abd2-d0f1aa02f12f: receive RaftClientReply:client-C79DE3E06697->1d6da99a-ba9a-4d72-abd2-d0f1aa02f12f@group-B29EE812FB58, cid=3019, SUCCESS, logIndex=4518, commits[1d6da99a-ba9a-4d72-abd2-d0f1aa02f12f:c4519, 9dc27687-2024-46ae-8b6e-c9027bfa400e:c4517, 9c9c57da-14dc-454a-b374-789aa5e765a9:c4517]
2019-09-16 23:35:17,235 [grpc-default-executor-6] INFO  client.GrpcClientProtocolClient (GrpcClientProtocolClient.java:onNext(264)) - client-C79DE3E06697->1d6da99a-ba9a-4d72-abd2-d0f1aa02f12f: receive RaftClientReply:client-C79DE3E06697->1d6da99a-ba9a-4d72-abd2-d0f1aa02f12f@group-B29EE812FB58, cid=3020, SUCCESS, logIndex=4519, commits[1d6da99a-ba9a-4d72-abd2-d0f1aa02f12f:c4519, 9dc27687-2024-46ae-8b6e-c9027bfa400e:c4517, 9c9c57da-14dc-454a-b374-789aa5e765a9:c4517]
2019-09-16 23:35:17,249 [grpc-default-executor-6] INFO  client.GrpcClientProtocolClient (GrpcClientProtocolClient.java:onNext(264)) - client-C79DE3E06697->1d6da99a-ba9a-4d72-abd2-d0f1aa02f12f: receive RaftClientReply:client-C79DE3E06697->1d6da99a-ba9a-4d72-abd2-d0f1aa02f12f@group-B29EE812FB58, cid=3021, SUCCESS, logIndex=4522, commits[1d6da99a-ba9a-4d72-abd2-d0f1aa02f12f:c4522, 9dc27687-2024-46ae-8b6e-c9027bfa400e:c4519, 9c9c57da-14dc-454a-b374-789aa5e765a9:c4519]
2019-09-16 23:35:17,249 [grpc-default-executor-6] INFO  client.GrpcClientProtocolClient (GrpcClientProtocolClient.java:onNext(264)) - client-C79DE3E06697->1d6da99a-ba9a-4d72-abd2-d0f1aa02f12f: receive RaftClientReply:client-C79DE3E06697->1d6da99a-ba9a-4d72-abd2-d0f1aa02f12f@group-B29EE812FB58, cid=3022, SUCCESS, logIndex=4523, commits[1d6da99a-ba9a-4d72-abd2-d0f1aa02f12f:c4523, 9dc27687-2024-46ae-8b6e-c9027bfa400e:c4519, 9c9c57da-14dc-454a-b374-789aa5e765a9:c4519]
2019-09-16 23:35:17,260 [grpc-default-executor-6] INFO  client.GrpcClientProtocolClient (GrpcClientProtocolClient.java:onNext(264)) - client-C79DE3E06697->1d6da99a-ba9a-4d72-abd2-d0f1aa02f12f: receive RaftClientReply:client-C79DE3E06697->1d6da99a-ba9a-4d72-abd2-d0f1aa02f12f@group-B29EE812FB58, cid=3023, SUCCESS, logIndex=0, commits[1d6da99a-ba9a-4d72-abd2-d0f1aa02f12f:c4525, 9dc27687-2024-46ae-8b6e-c9027bfa400e:c4523, 9c9c57da-14dc-454a-b374-789aa5e765a9:c4523]
2019-09-16 23:35:17,295 [grpc-default-executor-6] INFO  client.GrpcClientProtocolClient (GrpcClientProtocolClient.java:onNext(264)) - client-C79DE3E06697->1d6da99a-ba9a-4d72-abd2-d0f1aa02f12f: receive RaftClientReply:client-C79DE3E06697->1d6da99a-ba9a-4d72-abd2-d0f1aa02f12f@group-B29EE812FB58, cid=3024, SUCCESS, logIndex=4526, commits[1d6da99a-ba9a-4d72-abd2-d0f1aa02f12f:c4527, 9dc27687-2024-46ae-8b6e-c9027bfa400e:c4525, 9c9c57da-14dc-454a-b374-789aa5e765a9:c4525]
2019-09-16 23:35:17,296 [grpc-default-executor-3] INFO  client.GrpcClientProtocolClient (GrpcClientProtocolClient.java:onNext(264)) - client-C79DE3E06697->1d6da99a-ba9a-4d72-abd2-d0f1aa02f12f: receive RaftClientReply:client-C79DE3E06697->1d6da99a-ba9a-4d72-abd2-d0f1aa02f12f@group-B29EE812FB58, cid=3025, SUCCESS, logIndex=4527, commits[1d6da99a-ba9a-4d72-abd2-d0f1aa02f12f:c4527, 9dc27687-2024-46ae-8b6e-c9027bfa400e:c4525, 9c9c57da-14dc-454a-b374-789aa5e765a9:c4525]
2019-09-16 23:35:17,296 [grpc-default-executor-3] INFO  client.GrpcClientProtocolClient (GrpcClientProtocolClient.java:onNext(264)) - client-C79DE3E06697->1d6da99a-ba9a-4d72-abd2-d0f1aa02f12f: receive RaftClientReply:client-C79DE3E06697->1d6da99a-ba9a-4d72-abd2-d0f1aa02f12f@group-B29EE812FB58, cid=3026, SUCCESS, logIndex=4528, commits[1d6da99a-ba9a-4d72-abd2-d0f1aa02f12f:c4528, 9dc27687-2024-46ae-8b6e-c9027bfa400e:c4525, 9c9c57da-14dc-454a-b374-789aa5e765a9:c4525]
2019-09-16 23:35:17,296 [grpc-default-executor-6] INFO  client.GrpcClientProtocolClient (GrpcClientProtocolClient.java:onNext(264)) - client-C79DE3E06697->1d6da99a-ba9a-4d72-abd2-d0f1aa02f12f: receive RaftClientReply:client-C79DE3E06697->1d6da99a-ba9a-4d72-abd2-d0f1aa02f12f@group-B29EE812FB58, cid=3027, SUCCESS, logIndex=4529, commits[1d6da99a-ba9a-4d72-abd2-d0f1aa02f12f:c4529, 9dc27687-2024-46ae-8b6e-c9027bfa400e:c4525, 9c9c57da-14dc-454a-b374-789aa5e765a9:c4525]
2019-09-16 23:35:17,299 [grpc-default-executor-6] INFO  client.GrpcClientProtocolClient (GrpcClientProtocolClient.java:onNext(264)) - client-C79DE3E06697->1d6da99a-ba9a-4d72-abd2-d0f1aa02f12f: receive RaftClientReply:client-C79DE3E06697->1d6da99a-ba9a-4d72-abd2-d0f1aa02f12f@group-B29EE812FB58, cid=3028, SUCCESS, logIndex=0, commits[1d6da99a-ba9a-4d72-abd2-d0f1aa02f12f:c4531, 9dc27687-2024-46ae-8b6e-c9027bfa400e:c4527, 9c9c57da-14dc-454a-b374-789aa5e765a9:c4527]
2019-09-16 23:35:17,312 [grpc-default-executor-3] INFO  client.GrpcClientProtocolClient (GrpcClientProtocolClient.java:onNext(264)) - client-C79DE3E06697->1d6da99a-ba9a-4d72-abd2-d0f1aa02f12f: receive RaftClientReply:client-C79DE3E06697->1d6da99a-ba9a-4d72-abd2-d0f1aa02f12f@group-B29EE812FB58, cid=3029, SUCCESS, logIndex=4534, commits[1d6da99a-ba9a-4d72-abd2-d0f1aa02f12f:c4535, 9dc27687-2024-46ae-8b6e-c9027bfa400e:c4529, 9c9c57da-14dc-454a-b374-789aa5e765a9:c4533]
2019-09-16 23:35:17,312 [grpc-default-executor-3] INFO  client.GrpcClientProtocolClient (GrpcClientProtocolClient.java:onNext(264)) - client-C79DE3E06697->1d6da99a-ba9a-4d72-abd2-d0f1aa02f12f: receive RaftClientReply:client-C79DE3E06697->1d6da99a-ba9a-4d72-abd2-d0f1aa02f12f@group-B29EE812FB58, cid=3030, SUCCESS, logIndex=4535, commits[1d6da99a-ba9a-4d72-abd2-d0f1aa02f12f:c4535, 9dc27687-2024-46ae-8b6e-c9027bfa400e:c4533, 9c9c57da-14dc-454a-b374-789aa5e765a9:c4533]
2019-09-16 23:35:17,325 [grpc-default-executor-3] INFO  client.GrpcClientProtocolClient (GrpcClientProtocolClient.java:onNext(264)) - client-C79DE3E06697->1d6da99a-ba9a-4d72-abd2-d0f1aa02f12f: receive RaftClientReply:client-C79DE3E06697->1d6da99a-ba9a-4d72-abd2-d0f1aa02f12f@group-B29EE812FB58, cid=3031, SUCCESS, logIndex=4538, commits[1d6da99a-ba9a-4d72-abd2-d0f1aa02f12f:c4539, 9dc27687-2024-46ae-8b6e-c9027bfa400e:c4537, 9c9c57da-14dc-454a-b374-789aa5e765a9:c4535]
2019-09-16 23:35:17,326 [grpc-default-executor-3] INFO  client.GrpcClientProtocolClient (GrpcClientProtocolClient.java:onNext(264)) - client-C79DE3E06697->1d6da99a-ba9a-4d72-abd2-d0f1aa02f12f: receive RaftClientReply:client-C79DE3E06697->1d6da99a-ba9a-4d72-abd2-d0f1aa02f12f@group-B29EE812FB58, cid=3032, SUCCESS, logIndex=4539, commits[1d6da99a-ba9a-4d72-abd2-d0f1aa02f12f:c4539, 9dc27687-2024-46ae-8b6e-c9027bfa400e:c4537, 9c9c57da-14dc-454a-b374-789aa5e765a9:c4535]
2019-09-16 23:35:17,328 [grpc-default-executor-3] INFO  client.GrpcClientProtocolClient (GrpcClientProtocolClient.java:onNext(264)) - client-C79DE3E06697->1d6da99a-ba9a-4d72-abd2-d0f1aa02f12f: receive RaftClientReply:client-C79DE3E06697->1d6da99a-ba9a-4d72-abd2-d0f1aa02f12f@group-B29EE812FB58, cid=3033, SUCCESS, logIndex=0, commits[1d6da99a-ba9a-4d72-abd2-d0f1aa02f12f:c4540, 9dc27687-2024-46ae-8b6e-c9027bfa400e:c4539, 9c9c57da-14dc-454a-b374-789aa5e765a9:c4539]
2019-09-16 23:35:17,368 [grpc-default-executor-6] INFO  client.GrpcClientProtocolClient (GrpcClientProtocolClient.java:onNext(264)) - client-C79DE3E06697->1d6da99a-ba9a-4d72-abd2-d0f1aa02f12f: receive RaftClientReply:client-C79DE3E06697->1d6da99a-ba9a-4d72-abd2-d0f1aa02f12f@group-B29EE812FB58, cid=3034, SUCCESS, logIndex=4542, commits[1d6da99a-ba9a-4d72-abd2-d0f1aa02f12f:c4543, 9dc27687-2024-46ae-8b6e-c9027bfa400e:c4541, 9c9c57da-14dc-454a-b374-789aa5e765a9:c4541]
2019-09-16 23:35:17,369 [grpc-default-executor-6] INFO  client.GrpcClientProtocolClient (GrpcClientProtocolClient.java:onNext(264)) - client-C79DE3E06697->1d6da99a-ba9a-4d72-abd2-d0f1aa02f12f: receive RaftClientReply:client-C79DE3E06697->1d6da99a-ba9a-4d72-abd2-d0f1aa02f12f@group-B29EE812FB58, cid=3035, SUCCESS, logIndex=4543, commits[1d6da99a-ba9a-4d72-abd2-d0f1aa02f12f:c4543, 9dc27687-2024-46ae-8b6e-c9027bfa400e:c4541, 9c9c57da-14dc-454a-b374-789aa5e765a9:c4541]
2019-09-16 23:35:17,369 [grpc-default-executor-6] INFO  client.GrpcClientProtocolClient (GrpcClientProtocolClient.java:onNext(264)) - client-C79DE3E06697->1d6da99a-ba9a-4d72-abd2-d0f1aa02f12f: receive RaftClientReply:client-C79DE3E06697->1d6da99a-ba9a-4d72-abd2-d0f1aa02f12f@group-B29EE812FB58, cid=3036, SUCCESS, logIndex=4544, commits[1d6da99a-ba9a-4d72-abd2-d0f1aa02f12f:c4545, 9dc27687-2024-46ae-8b6e-c9027bfa400e:c4541, 9c9c57da-14dc-454a-b374-789aa5e765a9:c4541]
2019-09-16 23:35:17,370 [grpc-default-executor-6] INFO  client.GrpcClientProtocolClient (GrpcClientProtocolClient.java:onNext(264)) - client-C79DE3E06697->1d6da99a-ba9a-4d72-abd2-d0f1aa02f12f: receive RaftClientReply:client-C79DE3E06697->1d6da99a-ba9a-4d72-abd2-d0f1aa02f12f@group-B29EE812FB58, cid=3037, SUCCESS, logIndex=4545, commits[1d6da99a-ba9a-4d72-abd2-d0f1aa02f12f:c4545, 9dc27687-2024-46ae-8b6e-c9027bfa400e:c4541, 9c9c57da-14dc-454a-b374-789aa5e765a9:c4541]
2019-09-16 23:35:17,371 [grpc-default-executor-6] INFO  client.GrpcClientProtocolClient (GrpcClientProtocolClient.java:onNext(264)) - client-C79DE3E06697->1d6da99a-ba9a-4d72-abd2-d0f1aa02f12f: receive RaftClientReply:client-C79DE3E06697->1d6da99a-ba9a-4d72-abd2-d0f1aa02f12f@group-B29EE812FB58, cid=3038, SUCCESS, logIndex=0, commits[1d6da99a-ba9a-4d72-abd2-d0f1aa02f12f:c4546, 9dc27687-2024-46ae-8b6e-c9027bfa400e:c4543, 9c9c57da-14dc-454a-b374-789aa5e765a9:c4543]
2019-09-16 23:35:17,385 [grpc-default-executor-6] INFO  client.GrpcClientProtocolClient (GrpcClientProtocolClient.java:onNext(264)) - client-C79DE3E06697->1d6da99a-ba9a-4d72-abd2-d0f1aa02f12f: receive RaftClientReply:client-C79DE3E06697->1d6da99a-ba9a-4d72-abd2-d0f1aa02f12f@group-B29EE812FB58, cid=3039, SUCCESS, logIndex=4549, commits[1d6da99a-ba9a-4d72-abd2-d0f1aa02f12f:c4550, 9dc27687-2024-46ae-8b6e-c9027bfa400e:c4545, 9c9c57da-14dc-454a-b374-789aa5e765a9:c4546]
2019-09-16 23:35:17,386 [grpc-default-executor-6] INFO  client.GrpcClientProtocolClient (GrpcClientProtocolClient.java:onNext(264)) - client-C79DE3E06697->1d6da99a-ba9a-4d72-abd2-d0f1aa02f12f: receive RaftClientReply:client-C79DE3E06697->1d6da99a-ba9a-4d72-abd2-d0f1aa02f12f@group-B29EE812FB58, cid=3040, SUCCESS, logIndex=4550, commits[1d6da99a-ba9a-4d72-abd2-d0f1aa02f12f:c4550, 9dc27687-2024-46ae-8b6e-c9027bfa400e:c4546, 9c9c57da-14dc-454a-b374-789aa5e765a9:c4546]
2019-09-16 23:35:17,398 [grpc-default-executor-3] INFO  client.GrpcClientProtocolClient (GrpcClientProtocolClient.java:onNext(264)) - client-C79DE3E06697->1d6da99a-ba9a-4d72-abd2-d0f1aa02f12f: receive RaftClientReply:client-C79DE3E06697->1d6da99a-ba9a-4d72-abd2-d0f1aa02f12f@group-B29EE812FB58, cid=3041, SUCCESS, logIndex=4552, commits[1d6da99a-ba9a-4d72-abd2-d0f1aa02f12f:c4553, 9dc27687-2024-46ae-8b6e-c9027bfa400e:c4550, 9c9c57da-14dc-454a-b374-789aa5e765a9:c4550]
2019-09-16 23:35:17,399 [grpc-default-executor-3] INFO  client.GrpcClientProtocolClient (GrpcClientProtocolClient.java:onNext(264)) - client-C79DE3E06697->1d6da99a-ba9a-4d72-abd2-d0f1aa02f12f: receive RaftClientReply:client-C79DE3E06697->1d6da99a-ba9a-4d72-abd2-d0f1aa02f12f@group-B29EE812FB58, cid=3042, SUCCESS, logIndex=4553, commits[1d6da99a-ba9a-4d72-abd2-d0f1aa02f12f:c4553, 9dc27687-2024-46ae-8b6e-c9027bfa400e:c4550, 9c9c57da-14dc-454a-b374-789aa5e765a9:c4550]
2019-09-16 23:35:17,400 [grpc-default-executor-6] INFO  client.GrpcClientProtocolClient (GrpcClientProtocolClient.java:onNext(264)) - client-C79DE3E06697->1d6da99a-ba9a-4d72-abd2-d0f1aa02f12f: receive RaftClientReply:client-C79DE3E06697->1d6da99a-ba9a-4d72-abd2-d0f1aa02f12f@group-B29EE812FB58, cid=3043, SUCCESS, logIndex=0, commits[1d6da99a-ba9a-4d72-abd2-d0f1aa02f12f:c4554, 9dc27687-2024-46ae-8b6e-c9027bfa400e:c4553, 9c9c57da-14dc-454a-b374-789aa5e765a9:c4553]
2019-09-16 23:35:17,446 [grpc-default-executor-6] INFO  client.GrpcClientProtocolClient (GrpcClientProtocolClient.java:onNext(264)) - client-C79DE3E06697->1d6da99a-ba9a-4d72-abd2-d0f1aa02f12f: receive RaftClientReply:client-C79DE3E06697->1d6da99a-ba9a-4d72-abd2-d0f1aa02f12f@group-B29EE812FB58, cid=3044, SUCCESS, logIndex=4556, commits[1d6da99a-ba9a-4d72-abd2-d0f1aa02f12f:c4557, 9dc27687-2024-46ae-8b6e-c9027bfa400e:c4555, 9c9c57da-14dc-454a-b374-789aa5e765a9:c4555]
2019-09-16 23:35:17,447 [grpc-default-executor-6] INFO  client.GrpcClientProtocolClient (GrpcClientProtocolClient.java:onNext(264)) - client-C79DE3E06697->1d6da99a-ba9a-4d72-abd2-d0f1aa02f12f: receive RaftClientReply:client-C79DE3E06697->1d6da99a-ba9a-4d72-abd2-d0f1aa02f12f@group-B29EE812FB58, cid=3045, SUCCESS, logIndex=4557, commits[1d6da99a-ba9a-4d72-abd2-d0f1aa02f12f:c4557, 9dc27687-2024-46ae-8b6e-c9027bfa400e:c4555, 9c9c57da-14dc-454a-b374-789aa5e765a9:c4555]
2019-09-16 23:35:17,450 [grpc-default-executor-1] INFO  client.GrpcClientProtocolClient (GrpcClientProtocolClient.java:onNext(264)) - client-C79DE3E06697->1d6da99a-ba9a-4d72-abd2-d0f1aa02f12f: receive RaftClientReply:client-C79DE3E06697->1d6da99a-ba9a-4d72-abd2-d0f1aa02f12f@group-B29EE812FB58, cid=3046, SUCCESS, logIndex=4558, commits[1d6da99a-ba9a-4d72-abd2-d0f1aa02f12f:c4559, 9dc27687-2024-46ae-8b6e-c9027bfa400e:c4555, 9c9c57da-14dc-454a-b374-789aa5e765a9:c4555]
2019-09-16 23:35:17,451 [grpc-default-executor-1] INFO  client.GrpcClientProtocolClient (GrpcClientProtocolClient.java:onNext(264)) - client-C79DE3E06697->1d6da99a-ba9a-4d72-abd2-d0f1aa02f12f: receive RaftClientReply:client-C79DE3E06697->1d6da99a-ba9a-4d72-abd2-d0f1aa02f12f@group-B29EE812FB58, cid=3047, SUCCESS, logIndex=4559, commits[1d6da99a-ba9a-4d72-abd2-d0f1aa02f12f:c4559, 9dc27687-2024-46ae-8b6e-c9027bfa400e:c4555, 9c9c57da-14dc-454a-b374-789aa5e765a9:c4555]
2019-09-16 23:35:17,452 [grpc-default-executor-1] INFO  client.GrpcClientProtocolClient (GrpcClientProtocolClient.java:onNext(264)) - client-C79DE3E06697->1d6da99a-ba9a-4d72-abd2-d0f1aa02f12f: receive RaftClientReply:client-C79DE3E06697->1d6da99a-ba9a-4d72-abd2-d0f1aa02f12f@group-B29EE812FB58, cid=3048, SUCCESS, logIndex=0, commits[1d6da99a-ba9a-4d72-abd2-d0f1aa02f12f:c4562, 9dc27687-2024-46ae-8b6e-c9027bfa400e:c4559, 9c9c57da-14dc-454a-b374-789aa5e765a9:c4557]
2019-09-16 23:35:17,474 [grpc-default-executor-3] INFO  client.GrpcClientProtocolClient (GrpcClientProtocolClient.java:onNext(264)) - client-C79DE3E06697->1d6da99a-ba9a-4d72-abd2-d0f1aa02f12f: receive RaftClientReply:client-C79DE3E06697->1d6da99a-ba9a-4d72-abd2-d0f1aa02f12f@group-B29EE812FB58, cid=3049, SUCCESS, logIndex=4564, commits[1d6da99a-ba9a-4d72-abd2-d0f1aa02f12f:c4565, 9dc27687-2024-46ae-8b6e-c9027bfa400e:c4563, 9c9c57da-14dc-454a-b374-789aa5e765a9:c4563]
2019-09-16 23:35:17,474 [grpc-default-executor-3] INFO  client.GrpcClientProtocolClient (GrpcClientProtocolClient.java:onNext(264)) - client-C79DE3E06697->1d6da99a-ba9a-4d72-abd2-d0f1aa02f12f: receive RaftClientReply:client-C79DE3E06697->1d6da99a-ba9a-4d72-abd2-d0f1aa02f12f@group-B29EE812FB58, cid=3050, SUCCESS, logIndex=4565, commits[1d6da99a-ba9a-4d72-abd2-d0f1aa02f12f:c4565, 9dc27687-2024-46ae-8b6e-c9027bfa400e:c4563, 9c9c57da-14dc-454a-b374-789aa5e765a9:c4563]
2019-09-16 23:35:17,489 [grpc-default-executor-3] INFO  client.GrpcClientProtocolClient (GrpcClientProtocolClient.java:onNext(264)) - client-C79DE3E06697->1d6da99a-ba9a-4d72-abd2-d0f1aa02f12f: receive RaftClientReply:client-C79DE3E06697->1d6da99a-ba9a-4d72-abd2-d0f1aa02f12f@group-B29EE812FB58, cid=3051, SUCCESS, logIndex=4568, commits[1d6da99a-ba9a-4d72-abd2-d0f1aa02f12f:c4569, 9dc27687-2024-46ae-8b6e-c9027bfa400e:c4565, 9c9c57da-14dc-454a-b374-789aa5e765a9:c4565]
2019-09-16 23:35:17,489 [grpc-default-executor-3] INFO  client.GrpcClientProtocolClient (GrpcClientProtocolClient.java:onNext(264)) - client-C79DE3E06697->1d6da99a-ba9a-4d72-abd2-d0f1aa02f12f: receive RaftClientReply:client-C79DE3E06697->1d6da99a-ba9a-4d72-abd2-d0f1aa02f12f@group-B29EE812FB58, cid=3052, SUCCESS, logIndex=4569, commits[1d6da99a-ba9a-4d72-abd2-d0f1aa02f12f:c4569, 9dc27687-2024-46ae-8b6e-c9027bfa400e:c4565, 9c9c57da-14dc-454a-b374-789aa5e765a9:c4565]
2019-09-16 23:35:17,500 [grpc-default-executor-3] INFO  client.GrpcClientProtocolClient (GrpcClientProtocolClient.java:onNext(264)) - client-C79DE3E06697->1d6da99a-ba9a-4d72-abd2-d0f1aa02f12f: receive RaftClientReply:client-C79DE3E06697->1d6da99a-ba9a-4d72-abd2-d0f1aa02f12f@group-B29EE812FB58, cid=3053, SUCCESS, logIndex=0, commits[1d6da99a-ba9a-4d72-abd2-d0f1aa02f12f:c4570, 9dc27687-2024-46ae-8b6e-c9027bfa400e:c4569, 9c9c57da-14dc-454a-b374-789aa5e765a9:c4569]
2019-09-16 23:35:17,766 [grpc-default-executor-1] INFO  client.GrpcClientProtocolClient (GrpcClientProtocolClient.java:onNext(264)) - client-C79DE3E06697->1d6da99a-ba9a-4d72-abd2-d0f1aa02f12f: receive RaftClientReply:client-C79DE3E06697->1d6da99a-ba9a-4d72-abd2-d0f1aa02f12f@group-B29EE812FB58, cid=3054, SUCCESS, logIndex=4572, commits[1d6da99a-ba9a-4d72-abd2-d0f1aa02f12f:c4573, 9dc27687-2024-46ae-8b6e-c9027bfa400e:c4571, 9c9c57da-14dc-454a-b374-789aa5e765a9:c4571]
2019-09-16 23:35:17,767 [grpc-default-executor-1] INFO  client.GrpcClientProtocolClient (GrpcClientProtocolClient.java:onNext(264)) - client-C79DE3E06697->1d6da99a-ba9a-4d72-abd2-d0f1aa02f12f: receive RaftClientReply:client-C79DE3E06697->1d6da99a-ba9a-4d72-abd2-d0f1aa02f12f@group-B29EE812FB58, cid=3055, SUCCESS, logIndex=4573, commits[1d6da99a-ba9a-4d72-abd2-d0f1aa02f12f:c4573, 9dc27687-2024-46ae-8b6e-c9027bfa400e:c4571, 9c9c57da-14dc-454a-b374-789aa5e765a9:c4571]
2019-09-16 23:35:17,769 [grpc-default-executor-7] INFO  client.GrpcClientProtocolClient (GrpcClientProtocolClient.java:onNext(264)) - client-C79DE3E06697->1d6da99a-ba9a-4d72-abd2-d0f1aa02f12f: receive RaftClientReply:client-C79DE3E06697->1d6da99a-ba9a-4d72-abd2-d0f1aa02f12f@group-B29EE812FB58, cid=3056, SUCCESS, logIndex=4574, commits[1d6da99a-ba9a-4d72-abd2-d0f1aa02f12f:c4575, 9dc27687-2024-46ae-8b6e-c9027bfa400e:c4571, 9c9c57da-14dc-454a-b374-789aa5e765a9:c4571]
2019-09-16 23:35:17,769 [grpc-default-executor-7] INFO  client.GrpcClientProtocolClient (GrpcClientProtocolClient.java:onNext(264)) - client-C79DE3E06697->1d6da99a-ba9a-4d72-abd2-d0f1aa02f12f: receive RaftClientReply:client-C79DE3E06697->1d6da99a-ba9a-4d72-abd2-d0f1aa02f12f@group-B29EE812FB58, cid=3057, SUCCESS, logIndex=4575, commits[1d6da99a-ba9a-4d72-abd2-d0f1aa02f12f:c4575, 9dc27687-2024-46ae-8b6e-c9027bfa400e:c4571, 9c9c57da-14dc-454a-b374-789aa5e765a9:c4571]
2019-09-16 23:35:17,780 [grpc-default-executor-1] INFO  client.GrpcClientProtocolClient (GrpcClientProtocolClient.java:onNext(264)) - client-C79DE3E06697->1d6da99a-ba9a-4d72-abd2-d0f1aa02f12f: receive RaftClientReply:client-C79DE3E06697->1d6da99a-ba9a-4d72-abd2-d0f1aa02f12f@group-B29EE812FB58, cid=3058, SUCCESS, logIndex=0, commits[1d6da99a-ba9a-4d72-abd2-d0f1aa02f12f:c4576, 9dc27687-2024-46ae-8b6e-c9027bfa400e:c4573, 9c9c57da-14dc-454a-b374-789aa5e765a9:c4573]
2019-09-16 23:35:17,802 [grpc-default-executor-1] INFO  client.GrpcClientProtocolClient (GrpcClientProtocolClient.java:onNext(264)) - client-C79DE3E06697->1d6da99a-ba9a-4d72-abd2-d0f1aa02f12f: receive RaftClientReply:client-C79DE3E06697->1d6da99a-ba9a-4d72-abd2-d0f1aa02f12f@group-B29EE812FB58, cid=3059, SUCCESS, logIndex=4580, commits[1d6da99a-ba9a-4d72-abd2-d0f1aa02f12f:c4581, 9dc27687-2024-46ae-8b6e-c9027bfa400e:c4579, 9c9c57da-14dc-454a-b374-789aa5e765a9:c4579]
2019-09-16 23:35:17,803 [grpc-default-executor-1] INFO  client.GrpcClientProtocolClient (GrpcClientProtocolClient.java:onNext(264)) - client-C79DE3E06697->1d6da99a-ba9a-4d72-abd2-d0f1aa02f12f: receive RaftClientReply:client-C79DE3E06697->1d6da99a-ba9a-4d72-abd2-d0f1aa02f12f@group-B29EE812FB58, cid=3060, SUCCESS, logIndex=4581, commits[1d6da99a-ba9a-4d72-abd2-d0f1aa02f12f:c4581, 9dc27687-2024-46ae-8b6e-c9027bfa400e:c4579, 9c9c57da-14dc-454a-b374-789aa5e765a9:c4579]
 0.00% |█                                                                                                    |  0/1 Time: 0:00:352019-09-16 23:35:17,816 [grpc-default-executor-6] INFO  client.GrpcClientProtocolClient (GrpcClientProtocolClient.java:onNext(264)) - client-C79DE3E06697->1d6da99a-ba9a-4d72-abd2-d0f1aa02f12f: receive RaftClientReply:client-C79DE3E06697->1d6da99a-ba9a-4d72-abd2-d0f1aa02f12f@group-B29EE812FB58, cid=3061, SUCCESS, logIndex=4584, commits[1d6da99a-ba9a-4d72-abd2-d0f1aa02f12f:c4585, 9dc27687-2024-46ae-8b6e-c9027bfa400e:c4581, 9c9c57da-14dc-454a-b374-789aa5e765a9:c4581]
2019-09-16 23:35:17,817 [grpc-default-executor-6] INFO  client.GrpcClientProtocolClient (GrpcClientProtocolClient.java:onNext(264)) - client-C79DE3E06697->1d6da99a-ba9a-4d72-abd2-d0f1aa02f12f: receive RaftClientReply:client-C79DE3E06697->1d6da99a-ba9a-4d72-abd2-d0f1aa02f12f@group-B29EE812FB58, cid=3062, SUCCESS, logIndex=4585, commits[1d6da99a-ba9a-4d72-abd2-d0f1aa02f12f:c4585, 9dc27687-2024-46ae-8b6e-c9027bfa400e:c4581, 9c9c57da-14dc-454a-b374-789aa5e765a9:c4581]
2019-09-16 23:35:17,828 [grpc-default-executor-6] INFO  client.GrpcClientProtocolClient (GrpcClientProtocolClient.java:onNext(264)) - client-C79DE3E06697->1d6da99a-ba9a-4d72-abd2-d0f1aa02f12f: receive RaftClientReply:client-C79DE3E06697->1d6da99a-ba9a-4d72-abd2-d0f1aa02f12f@group-B29EE812FB58, cid=3063, SUCCESS, logIndex=0, commits[1d6da99a-ba9a-4d72-abd2-d0f1aa02f12f:c4586, 9dc27687-2024-46ae-8b6e-c9027bfa400e:c4585, 9c9c57da-14dc-454a-b374-789aa5e765a9:c4585]
2019-09-16 23:35:17,862 [grpc-default-executor-7] INFO  client.GrpcClientProtocolClient (GrpcClientProtocolClient.java:onNext(264)) - client-C79DE3E06697->1d6da99a-ba9a-4d72-abd2-d0f1aa02f12f: receive RaftClientReply:client-C79DE3E06697->1d6da99a-ba9a-4d72-abd2-d0f1aa02f12f@group-B29EE812FB58, cid=3064, SUCCESS, logIndex=4588, commits[1d6da99a-ba9a-4d72-abd2-d0f1aa02f12f:c4589, 9dc27687-2024-46ae-8b6e-c9027bfa400e:c4585, 9c9c57da-14dc-454a-b374-789aa5e765a9:c4587]
2019-09-16 23:35:17,862 [grpc-default-executor-7] INFO  client.GrpcClientProtocolClient (GrpcClientProtocolClient.java:onNext(264)) - client-C79DE3E06697->1d6da99a-ba9a-4d72-abd2-d0f1aa02f12f: receive RaftClientReply:client-C79DE3E06697->1d6da99a-ba9a-4d72-abd2-d0f1aa02f12f@group-B29EE812FB58, cid=3065, SUCCESS, logIndex=4589, commits[1d6da99a-ba9a-4d72-abd2-d0f1aa02f12f:c4589, 9dc27687-2024-46ae-8b6e-c9027bfa400e:c4585, 9c9c57da-14dc-454a-b374-789aa5e765a9:c4587]
2019-09-16 23:35:17,863 [grpc-default-executor-7] INFO  client.GrpcClientProtocolClient (GrpcClientProtocolClient.java:onNext(264)) - client-C79DE3E06697->1d6da99a-ba9a-4d72-abd2-d0f1aa02f12f: receive RaftClientReply:client-C79DE3E06697->1d6da99a-ba9a-4d72-abd2-d0f1aa02f12f@group-B29EE812FB58, cid=3066, SUCCESS, logIndex=4590, commits[1d6da99a-ba9a-4d72-abd2-d0f1aa02f12f:c4590, 9dc27687-2024-46ae-8b6e-c9027bfa400e:c4587, 9c9c57da-14dc-454a-b374-789aa5e765a9:c4587]
2019-09-16 23:35:17,863 [grpc-default-executor-7] INFO  client.GrpcClientProtocolClient (GrpcClientProtocolClient.java:onNext(264)) - client-C79DE3E06697->1d6da99a-ba9a-4d72-abd2-d0f1aa02f12f: receive RaftClientReply:client-C79DE3E06697->1d6da99a-ba9a-4d72-abd2-d0f1aa02f12f@group-B29EE812FB58, cid=3067, SUCCESS, logIndex=4591, commits[1d6da99a-ba9a-4d72-abd2-d0f1aa02f12f:c4591, 9dc27687-2024-46ae-8b6e-c9027bfa400e:c4587, 9c9c57da-14dc-454a-b374-789aa5e765a9:c4587]
2019-09-16 23:35:17,864 [grpc-default-executor-7] INFO  client.GrpcClientProtocolClient (GrpcClientProtocolClient.java:onNext(264)) - client-C79DE3E06697->1d6da99a-ba9a-4d72-abd2-d0f1aa02f12f: receive RaftClientReply:client-C79DE3E06697->1d6da99a-ba9a-4d72-abd2-d0f1aa02f12f@group-B29EE812FB58, cid=3068, SUCCESS, logIndex=0, commits[1d6da99a-ba9a-4d72-abd2-d0f1aa02f12f:c4593, 9dc27687-2024-46ae-8b6e-c9027bfa400e:c4589, 9c9c57da-14dc-454a-b374-789aa5e765a9:c4589]
2019-09-16 23:35:17,878 [grpc-default-executor-7] INFO  client.GrpcClientProtocolClient (GrpcClientProtocolClient.java:onNext(264)) - client-C79DE3E06697->1d6da99a-ba9a-4d72-abd2-d0f1aa02f12f: receive RaftClientReply:client-C79DE3E06697->1d6da99a-ba9a-4d72-abd2-d0f1aa02f12f@group-B29EE812FB58, cid=3069, SUCCESS, logIndex=4596, commits[1d6da99a-ba9a-4d72-abd2-d0f1aa02f12f:c4597, 9dc27687-2024-46ae-8b6e-c9027bfa400e:c4593, 9c9c57da-14dc-454a-b374-789aa5e765a9:c4591]
2019-09-16 23:35:17,878 [grpc-default-executor-7] INFO  client.GrpcClientProtocolClient (GrpcClientProtocolClient.java:onNext(264)) - client-C79DE3E06697->1d6da99a-ba9a-4d72-abd2-d0f1aa02f12f: receive RaftClientReply:client-C79DE3E06697->1d6da99a-ba9a-4d72-abd2-d0f1aa02f12f@group-B29EE812FB58, cid=3070, SUCCESS, logIndex=4597, commits[1d6da99a-ba9a-4d72-abd2-d0f1aa02f12f:c4597, 9dc27687-2024-46ae-8b6e-c9027bfa400e:c4593, 9c9c57da-14dc-454a-b374-789aa5e765a9:c4593]
2019-09-16 23:35:17,893 [grpc-default-executor-7] INFO  client.GrpcClientProtocolClient (GrpcClientProtocolClient.java:onNext(264)) - client-C79DE3E06697->1d6da99a-ba9a-4d72-abd2-d0f1aa02f12f: receive RaftClientReply:client-C79DE3E06697->1d6da99a-ba9a-4d72-abd2-d0f1aa02f12f@group-B29EE812FB58, cid=3071, SUCCESS, logIndex=4599, commits[1d6da99a-ba9a-4d72-abd2-d0f1aa02f12f:c4600, 9dc27687-2024-46ae-8b6e-c9027bfa400e:c4597, 9c9c57da-14dc-454a-b374-789aa5e765a9:c4597]
2019-09-16 23:35:17,893 [grpc-default-executor-7] INFO  client.GrpcClientProtocolClient (GrpcClientProtocolClient.java:onNext(264)) - client-C79DE3E06697->1d6da99a-ba9a-4d72-abd2-d0f1aa02f12f: receive RaftClientReply:client-C79DE3E06697->1d6da99a-ba9a-4d72-abd2-d0f1aa02f12f@group-B29EE812FB58, cid=3072, SUCCESS, logIndex=4600, commits[1d6da99a-ba9a-4d72-abd2-d0f1aa02f12f:c4600, 9dc27687-2024-46ae-8b6e-c9027bfa400e:c4597, 9c9c57da-14dc-454a-b374-789aa5e765a9:c4597]
2019-09-16 23:35:17,906 [grpc-default-executor-6] INFO  client.GrpcClientProtocolClient (GrpcClientProtocolClient.java:onNext(264)) - client-C79DE3E06697->1d6da99a-ba9a-4d72-abd2-d0f1aa02f12f: receive RaftClientReply:client-C79DE3E06697->1d6da99a-ba9a-4d72-abd2-d0f1aa02f12f@group-B29EE812FB58, cid=3073, SUCCESS, logIndex=0, commits[1d6da99a-ba9a-4d72-abd2-d0f1aa02f12f:c4602, 9dc27687-2024-46ae-8b6e-c9027bfa400e:c4600, 9c9c57da-14dc-454a-b374-789aa5e765a9:c4600]
2019-09-16 23:35:17,926 [grpc-default-executor-3] INFO  client.GrpcClientProtocolClient (GrpcClientProtocolClient.java:onNext(264)) - client-C79DE3E06697->1d6da99a-ba9a-4d72-abd2-d0f1aa02f12f: receive RaftClientReply:client-C79DE3E06697->1d6da99a-ba9a-4d72-abd2-d0f1aa02f12f@group-B29EE812FB58, cid=3074, SUCCESS, logIndex=4603, commits[1d6da99a-ba9a-4d72-abd2-d0f1aa02f12f:c4604, 9dc27687-2024-46ae-8b6e-c9027bfa400e:c4602, 9c9c57da-14dc-454a-b374-789aa5e765a9:c4602]
2019-09-16 23:35:17,926 [grpc-default-executor-3] INFO  client.GrpcClientProtocolClient (GrpcClientProtocolClient.java:onNext(264)) - client-C79DE3E06697->1d6da99a-ba9a-4d72-abd2-d0f1aa02f12f: receive RaftClientReply:client-C79DE3E06697->1d6da99a-ba9a-4d72-abd2-d0f1aa02f12f@group-B29EE812FB58, cid=3075, SUCCESS, logIndex=4604, commits[1d6da99a-ba9a-4d72-abd2-d0f1aa02f12f:c4604, 9dc27687-2024-46ae-8b6e-c9027bfa400e:c4602, 9c9c57da-14dc-454a-b374-789aa5e765a9:c4602]
2019-09-16 23:35:17,940 [grpc-default-executor-1] INFO  client.GrpcClientProtocolClient (GrpcClientProtocolClient.java:onNext(264)) - client-C79DE3E06697->1d6da99a-ba9a-4d72-abd2-d0f1aa02f12f: receive RaftClientReply:client-C79DE3E06697->1d6da99a-ba9a-4d72-abd2-d0f1aa02f12f@group-B29EE812FB58, cid=3076, SUCCESS, logIndex=4605, commits[1d6da99a-ba9a-4d72-abd2-d0f1aa02f12f:c4605, 9dc27687-2024-46ae-8b6e-c9027bfa400e:c4602, 9c9c57da-14dc-454a-b374-789aa5e765a9:c4602]
2019-09-16 23:35:17,940 [grpc-default-executor-1] INFO  client.GrpcClientProtocolClient (GrpcClientProtocolClient.java:onNext(264)) - client-C79DE3E06697->1d6da99a-ba9a-4d72-abd2-d0f1aa02f12f: receive RaftClientReply:client-C79DE3E06697->1d6da99a-ba9a-4d72-abd2-d0f1aa02f12f@group-B29EE812FB58, cid=3077, SUCCESS, logIndex=4606, commits[1d6da99a-ba9a-4d72-abd2-d0f1aa02f12f:c4607, 9dc27687-2024-46ae-8b6e-c9027bfa400e:c4604, 9c9c57da-14dc-454a-b374-789aa5e765a9:c4604]
2019-09-16 23:35:17,956 [grpc-default-executor-6] INFO  client.GrpcClientProtocolClient (GrpcClientProtocolClient.java:onNext(264)) - client-C79DE3E06697->1d6da99a-ba9a-4d72-abd2-d0f1aa02f12f: receive RaftClientReply:client-C79DE3E06697->1d6da99a-ba9a-4d72-abd2-d0f1aa02f12f@group-B29EE812FB58, cid=3078, SUCCESS, logIndex=4611, commits[1d6da99a-ba9a-4d72-abd2-d0f1aa02f12f:c4612, 9dc27687-2024-46ae-8b6e-c9027bfa400e:c4609, 9c9c57da-14dc-454a-b374-789aa5e765a9:c4606]
2019-09-16 23:35:17,956 [grpc-default-executor-6] INFO  client.GrpcClientProtocolClient (GrpcClientProtocolClient.java:onNext(264)) - client-C79DE3E06697->1d6da99a-ba9a-4d72-abd2-d0f1aa02f12f: receive RaftClientReply:client-C79DE3E06697->1d6da99a-ba9a-4d72-abd2-d0f1aa02f12f@group-B29EE812FB58, cid=3079, SUCCESS, logIndex=4612, commits[1d6da99a-ba9a-4d72-abd2-d0f1aa02f12f:c4612, 9dc27687-2024-46ae-8b6e-c9027bfa400e:c4609, 9c9c57da-14dc-454a-b374-789aa5e765a9:c4609]
2019-09-16 23:35:17,975 [grpc-default-executor-6] INFO  client.GrpcClientProtocolClient (GrpcClientProtocolClient.java:onNext(264)) - client-C79DE3E06697->1d6da99a-ba9a-4d72-abd2-d0f1aa02f12f: receive RaftClientReply:client-C79DE3E06697->1d6da99a-ba9a-4d72-abd2-d0f1aa02f12f@group-B29EE812FB58, cid=3080, SUCCESS, logIndex=4615, commits[1d6da99a-ba9a-4d72-abd2-d0f1aa02f12f:c4616, 9dc27687-2024-46ae-8b6e-c9027bfa400e:c4614, 9c9c57da-14dc-454a-b374-789aa5e765a9:c4614]
2019-09-16 23:35:17,976 [grpc-default-executor-6] INFO  client.GrpcClientProtocolClient (GrpcClientProtocolClient.java:onNext(264)) - client-C79DE3E06697->1d6da99a-ba9a-4d72-abd2-d0f1aa02f12f: receive RaftClientReply:client-C79DE3E06697->1d6da99a-ba9a-4d72-abd2-d0f1aa02f12f@group-B29EE812FB58, cid=3081, SUCCESS, logIndex=4616, commits[1d6da99a-ba9a-4d72-abd2-d0f1aa02f12f:c4616, 9dc27687-2024-46ae-8b6e-c9027bfa400e:c4614, 9c9c57da-14dc-454a-b374-789aa5e765a9:c4614]
2019-09-16 23:35:17,987 [grpc-default-executor-6] INFO  client.GrpcClientProtocolClient (GrpcClientProtocolClient.java:onNext(264)) - client-C79DE3E06697->1d6da99a-ba9a-4d72-abd2-d0f1aa02f12f: receive RaftClientReply:client-C79DE3E06697->1d6da99a-ba9a-4d72-abd2-d0f1aa02f12f@group-B29EE812FB58, cid=3082, SUCCESS, logIndex=0, commits[1d6da99a-ba9a-4d72-abd2-d0f1aa02f12f:c4617, 9dc27687-2024-46ae-8b6e-c9027bfa400e:c4616, 9c9c57da-14dc-454a-b374-789aa5e765a9:c4616]
2019-09-16 23:35:18,014 [grpc-default-executor-6] INFO  client.GrpcClientProtocolClient (GrpcClientProtocolClient.java:onNext(264)) - client-C79DE3E06697->1d6da99a-ba9a-4d72-abd2-d0f1aa02f12f: receive RaftClientReply:client-C79DE3E06697->1d6da99a-ba9a-4d72-abd2-d0f1aa02f12f@group-B29EE812FB58, cid=3083, SUCCESS, logIndex=4619, commits[1d6da99a-ba9a-4d72-abd2-d0f1aa02f12f:c4620, 9dc27687-2024-46ae-8b6e-c9027bfa400e:c4618, 9c9c57da-14dc-454a-b374-789aa5e765a9:c4618]
2019-09-16 23:35:18,015 [grpc-default-executor-6] INFO  client.GrpcClientProtocolClient (GrpcClientProtocolClient.java:onNext(264)) - client-C79DE3E06697->1d6da99a-ba9a-4d72-abd2-d0f1aa02f12f: receive RaftClientReply:client-C79DE3E06697->1d6da99a-ba9a-4d72-abd2-d0f1aa02f12f@group-B29EE812FB58, cid=3084, SUCCESS, logIndex=4620, commits[1d6da99a-ba9a-4d72-abd2-d0f1aa02f12f:c4620, 9dc27687-2024-46ae-8b6e-c9027bfa400e:c4618, 9c9c57da-14dc-454a-b374-789aa5e765a9:c4618]
2019-09-16 23:35:18,017 [grpc-default-executor-6] INFO  client.GrpcClientProtocolClient (GrpcClientProtocolClient.java:onNext(264)) - client-C79DE3E06697->1d6da99a-ba9a-4d72-abd2-d0f1aa02f12f: receive RaftClientReply:client-C79DE3E06697->1d6da99a-ba9a-4d72-abd2-d0f1aa02f12f@group-B29EE812FB58, cid=3085, SUCCESS, logIndex=4621, commits[1d6da99a-ba9a-4d72-abd2-d0f1aa02f12f:c4622, 9dc27687-2024-46ae-8b6e-c9027bfa400e:c4618, 9c9c57da-14dc-454a-b374-789aa5e765a9:c4618]
2019-09-16 23:35:18,017 [grpc-default-executor-6] INFO  client.GrpcClientProtocolClient (GrpcClientProtocolClient.java:onNext(264)) - client-C79DE3E06697->1d6da99a-ba9a-4d72-abd2-d0f1aa02f12f: receive RaftClientReply:client-C79DE3E06697->1d6da99a-ba9a-4d72-abd2-d0f1aa02f12f@group-B29EE812FB58, cid=3086, SUCCESS, logIndex=4622, commits[1d6da99a-ba9a-4d72-abd2-d0f1aa02f12f:c4622, 9dc27687-2024-46ae-8b6e-c9027bfa400e:c4618, 9c9c57da-14dc-454a-b374-789aa5e765a9:c4618]
2019-09-16 23:35:18,028 [grpc-default-executor-3] INFO  client.GrpcClientProtocolClient (GrpcClientProtocolClient.java:onNext(264)) - client-C79DE3E06697->1d6da99a-ba9a-4d72-abd2-d0f1aa02f12f: receive RaftClientReply:client-C79DE3E06697->1d6da99a-ba9a-4d72-abd2-d0f1aa02f12f@group-B29EE812FB58, cid=3087, SUCCESS, logIndex=0, commits[1d6da99a-ba9a-4d72-abd2-d0f1aa02f12f:c4624, 9dc27687-2024-46ae-8b6e-c9027bfa400e:c4620, 9c9c57da-14dc-454a-b374-789aa5e765a9:c4620]
2019-09-16 23:35:18,047 [grpc-default-executor-3] INFO  client.GrpcClientProtocolClient (GrpcClientProtocolClient.java:onNext(264)) - client-C79DE3E06697->1d6da99a-ba9a-4d72-abd2-d0f1aa02f12f: receive RaftClientReply:client-C79DE3E06697->1d6da99a-ba9a-4d72-abd2-d0f1aa02f12f@group-B29EE812FB58, cid=3088, SUCCESS, logIndex=4627, commits[1d6da99a-ba9a-4d72-abd2-d0f1aa02f12f:c4628, 9dc27687-2024-46ae-8b6e-c9027bfa400e:c4626, 9c9c57da-14dc-454a-b374-789aa5e765a9:c4626]
2019-09-16 23:35:18,047 [grpc-default-executor-3] INFO  client.GrpcClientProtocolClient (GrpcClientProtocolClient.java:onNext(264)) - client-C79DE3E06697->1d6da99a-ba9a-4d72-abd2-d0f1aa02f12f: receive RaftClientReply:client-C79DE3E06697->1d6da99a-ba9a-4d72-abd2-d0f1aa02f12f@group-B29EE812FB58, cid=3089, SUCCESS, logIndex=4628, commits[1d6da99a-ba9a-4d72-abd2-d0f1aa02f12f:c4628, 9dc27687-2024-46ae-8b6e-c9027bfa400e:c4626, 9c9c57da-14dc-454a-b374-789aa5e765a9:c4626]
2019-09-16 23:35:18,060 [grpc-default-executor-6] INFO  client.GrpcClientProtocolClient (GrpcClientProtocolClient.java:onNext(264)) - client-C79DE3E06697->1d6da99a-ba9a-4d72-abd2-d0f1aa02f12f: receive RaftClientReply:client-C79DE3E06697->1d6da99a-ba9a-4d72-abd2-d0f1aa02f12f@group-B29EE812FB58, cid=3090, SUCCESS, logIndex=4631, commits[1d6da99a-ba9a-4d72-abd2-d0f1aa02f12f:c4631, 9dc27687-2024-46ae-8b6e-c9027bfa400e:c4627, 9c9c57da-14dc-454a-b374-789aa5e765a9:c4628]
2019-09-16 23:35:18,060 [grpc-default-executor-6] INFO  client.GrpcClientProtocolClient (GrpcClientProtocolClient.java:onNext(264)) - client-C79DE3E06697->1d6da99a-ba9a-4d72-abd2-d0f1aa02f12f: receive RaftClientReply:client-C79DE3E06697->1d6da99a-ba9a-4d72-abd2-d0f1aa02f12f@group-B29EE812FB58, cid=3091, SUCCESS, logIndex=4632, commits[1d6da99a-ba9a-4d72-abd2-d0f1aa02f12f:c4632, 9dc27687-2024-46ae-8b6e-c9027bfa400e:c4627, 9c9c57da-14dc-454a-b374-789aa5e765a9:c4628]
2019-09-16 23:35:18,071 [grpc-default-executor-6] INFO  client.GrpcClientProtocolClient (GrpcClientProtocolClient.java:onNext(264)) - client-C79DE3E06697->1d6da99a-ba9a-4d72-abd2-d0f1aa02f12f: receive RaftClientReply:client-C79DE3E06697->1d6da99a-ba9a-4d72-abd2-d0f1aa02f12f@group-B29EE812FB58, cid=3092, SUCCESS, logIndex=0, commits[1d6da99a-ba9a-4d72-abd2-d0f1aa02f12f:c4633, 9dc27687-2024-46ae-8b6e-c9027bfa400e:c4628, 9c9c57da-14dc-454a-b374-789aa5e765a9:c4631]
2019-09-16 23:35:18,074 [grpc-default-executor-6] INFO  client.GrpcClientProtocolClient (GrpcClientProtocolClient.java:onNext(264)) - client-C79DE3E06697->1d6da99a-ba9a-4d72-abd2-d0f1aa02f12f: receive RaftClientReply:client-C79DE3E06697->1d6da99a-ba9a-4d72-abd2-d0f1aa02f12f@group-B29EE812FB58, cid=3093, SUCCESS, logIndex=0, commits[1d6da99a-ba9a-4d72-abd2-d0f1aa02f12f:c4634, 9dc27687-2024-46ae-8b6e-c9027bfa400e:c4632, 9c9c57da-14dc-454a-b374-789aa5e765a9:c4632]
2019-09-16 23:35:18,104 [grpc-default-executor-6] INFO  client.GrpcClientProtocolClient (GrpcClientProtocolClient.java:onNext(264)) - client-C79DE3E06697->1d6da99a-ba9a-4d72-abd2-d0f1aa02f12f: receive RaftClientReply:client-C79DE3E06697->1d6da99a-ba9a-4d72-abd2-d0f1aa02f12f@group-B29EE812FB58, cid=3094, SUCCESS, logIndex=4635, commits[1d6da99a-ba9a-4d72-abd2-d0f1aa02f12f:c4636, 9dc27687-2024-46ae-8b6e-c9027bfa400e:c4634, 9c9c57da-14dc-454a-b374-789aa5e765a9:c4634]
2019-09-16 23:35:18,105 [grpc-default-executor-6] INFO  client.GrpcClientProtocolClient (GrpcClientProtocolClient.java:onNext(264)) - client-C79DE3E06697->1d6da99a-ba9a-4d72-abd2-d0f1aa02f12f: receive RaftClientReply:client-C79DE3E06697->1d6da99a-ba9a-4d72-abd2-d0f1aa02f12f@group-B29EE812FB58, cid=3095, SUCCESS, logIndex=4636, commits[1d6da99a-ba9a-4d72-abd2-d0f1aa02f12f:c4636, 9dc27687-2024-46ae-8b6e-c9027bfa400e:c4634, 9c9c57da-14dc-454a-b374-789aa5e765a9:c4634]
2019-09-16 23:35:18,106 [grpc-default-executor-3] INFO  client.GrpcClientProtocolClient (GrpcClientProtocolClient.java:onNext(264)) - client-C79DE3E06697->1d6da99a-ba9a-4d72-abd2-d0f1aa02f12f: receive RaftClientReply:client-C79DE3E06697->1d6da99a-ba9a-4d72-abd2-d0f1aa02f12f@group-B29EE812FB58, cid=3096, SUCCESS, logIndex=4637, commits[1d6da99a-ba9a-4d72-abd2-d0f1aa02f12f:c4638, 9dc27687-2024-46ae-8b6e-c9027bfa400e:c4634, 9c9c57da-14dc-454a-b374-789aa5e765a9:c4634]
2019-09-16 23:35:18,107 [grpc-default-executor-3] INFO  client.GrpcClientProtocolClient (GrpcClientProtocolClient.java:onNext(264)) - client-C79DE3E06697->1d6da99a-ba9a-4d72-abd2-d0f1aa02f12f: receive RaftClientReply:client-C79DE3E06697->1d6da99a-ba9a-4d72-abd2-d0f1aa02f12f@group-B29EE812FB58, cid=3097, SUCCESS, logIndex=4638, commits[1d6da99a-ba9a-4d72-abd2-d0f1aa02f12f:c4638, 9dc27687-2024-46ae-8b6e-c9027bfa400e:c4634, 9c9c57da-14dc-454a-b374-789aa5e765a9:c4634]
2019-09-16 23:35:18,108 [grpc-default-executor-3] INFO  client.GrpcClientProtocolClient (GrpcClientProtocolClient.java:onNext(264)) - client-C79DE3E06697->1d6da99a-ba9a-4d72-abd2-d0f1aa02f12f: receive RaftClientReply:client-C79DE3E06697->1d6da99a-ba9a-4d72-abd2-d0f1aa02f12f@group-B29EE812FB58, cid=3098, SUCCESS, logIndex=0, commits[1d6da99a-ba9a-4d72-abd2-d0f1aa02f12f:c4640, 9dc27687-2024-46ae-8b6e-c9027bfa400e:c4636, 9c9c57da-14dc-454a-b374-789aa5e765a9:c4636]
2019-09-16 23:35:18,118 [grpc-default-executor-3] INFO  client.GrpcClientProtocolClient (GrpcClientProtocolClient.java:onNext(264)) - client-C79DE3E06697->1d6da99a-ba9a-4d72-abd2-d0f1aa02f12f: receive RaftClientReply:client-C79DE3E06697->1d6da99a-ba9a-4d72-abd2-d0f1aa02f12f@group-B29EE812FB58, cid=3099, SUCCESS, logIndex=4643, commits[1d6da99a-ba9a-4d72-abd2-d0f1aa02f12f:c4644, 9dc27687-2024-46ae-8b6e-c9027bfa400e:c4642, 9c9c57da-14dc-454a-b374-789aa5e765a9:c4638]
2019-09-16 23:35:18,118 [grpc-default-executor-3] INFO  client.GrpcClientProtocolClient (GrpcClientProtocolClient.java:onNext(264)) - client-C79DE3E06697->1d6da99a-ba9a-4d72-abd2-d0f1aa02f12f: receive RaftClientReply:client-C79DE3E06697->1d6da99a-ba9a-4d72-abd2-d0f1aa02f12f@group-B29EE812FB58, cid=3100, SUCCESS, logIndex=4644, commits[1d6da99a-ba9a-4d72-abd2-d0f1aa02f12f:c4644, 9dc27687-2024-46ae-8b6e-c9027bfa400e:c4642, 9c9c57da-14dc-454a-b374-789aa5e765a9:c4642]
2019-09-16 23:35:18,127 [grpc-default-executor-3] INFO  client.GrpcClientProtocolClient (GrpcClientProtocolClient.java:onNext(264)) - client-C79DE3E06697->1d6da99a-ba9a-4d72-abd2-d0f1aa02f12f: receive RaftClientReply:client-C79DE3E06697->1d6da99a-ba9a-4d72-abd2-d0f1aa02f12f@group-B29EE812FB58, cid=3101, SUCCESS, logIndex=4646, commits[1d6da99a-ba9a-4d72-abd2-d0f1aa02f12f:c4647, 9dc27687-2024-46ae-8b6e-c9027bfa400e:c4645, 9c9c57da-14dc-454a-b374-789aa5e765a9:c4645]
2019-09-16 23:35:18,128 [grpc-default-executor-3] INFO  client.GrpcClientProtocolClient (GrpcClientProtocolClient.java:onNext(264)) - client-C79DE3E06697->1d6da99a-ba9a-4d72-abd2-d0f1aa02f12f: receive RaftClientReply:client-C79DE3E06697->1d6da99a-ba9a-4d72-abd2-d0f1aa02f12f@group-B29EE812FB58, cid=3102, SUCCESS, logIndex=4647, commits[1d6da99a-ba9a-4d72-abd2-d0f1aa02f12f:c4647, 9dc27687-2024-46ae-8b6e-c9027bfa400e:c4645, 9c9c57da-14dc-454a-b374-789aa5e765a9:c4645]
2019-09-16 23:35:18,129 [grpc-default-executor-3] INFO  client.GrpcClientProtocolClient (GrpcClientProtocolClient.java:onNext(264)) - client-C79DE3E06697->1d6da99a-ba9a-4d72-abd2-d0f1aa02f12f: receive RaftClientReply:client-C79DE3E06697->1d6da99a-ba9a-4d72-abd2-d0f1aa02f12f@group-B29EE812FB58, cid=3103, SUCCESS, logIndex=0, commits[1d6da99a-ba9a-4d72-abd2-d0f1aa02f12f:c4648, 9dc27687-2024-46ae-8b6e-c9027bfa400e:c4647, 9c9c57da-14dc-454a-b374-789aa5e765a9:c4647]
2019-09-16 23:35:18,168 [grpc-default-executor-3] INFO  client.GrpcClientProtocolClient (GrpcClientProtocolClient.java:onNext(264)) - client-C79DE3E06697->1d6da99a-ba9a-4d72-abd2-d0f1aa02f12f: receive RaftClientReply:client-C79DE3E06697->1d6da99a-ba9a-4d72-abd2-d0f1aa02f12f@group-B29EE812FB58, cid=3104, SUCCESS, logIndex=4649, commits[1d6da99a-ba9a-4d72-abd2-d0f1aa02f12f:c4650, 9dc27687-2024-46ae-8b6e-c9027bfa400e:c4648, 9c9c57da-14dc-454a-b374-789aa5e765a9:c4648]
2019-09-16 23:35:18,169 [grpc-default-executor-3] INFO  client.GrpcClientProtocolClient (GrpcClientProtocolClient.java:onNext(264)) - client-C79DE3E06697->1d6da99a-ba9a-4d72-abd2-d0f1aa02f12f: receive RaftClientReply:client-C79DE3E06697->1d6da99a-ba9a-4d72-abd2-d0f1aa02f12f@group-B29EE812FB58, cid=3105, SUCCESS, logIndex=4650, commits[1d6da99a-ba9a-4d72-abd2-d0f1aa02f12f:c4651, 9dc27687-2024-46ae-8b6e-c9027bfa400e:c4648, 9c9c57da-14dc-454a-b374-789aa5e765a9:c4648]
2019-09-16 23:35:18,169 [grpc-default-executor-3] INFO  client.GrpcClientProtocolClient (GrpcClientProtocolClient.java:onNext(264)) - client-C79DE3E06697->1d6da99a-ba9a-4d72-abd2-d0f1aa02f12f: receive RaftClientReply:client-C79DE3E06697->1d6da99a-ba9a-4d72-abd2-d0f1aa02f12f@group-B29EE812FB58, cid=3106, SUCCESS, logIndex=4651, commits[1d6da99a-ba9a-4d72-abd2-d0f1aa02f12f:c4652, 9dc27687-2024-46ae-8b6e-c9027bfa400e:c4648, 9c9c57da-14dc-454a-b374-789aa5e765a9:c4648]
2019-09-16 23:35:18,170 [grpc-default-executor-3] INFO  client.GrpcClientProtocolClient (GrpcClientProtocolClient.java:onNext(264)) - client-C79DE3E06697->1d6da99a-ba9a-4d72-abd2-d0f1aa02f12f: receive RaftClientReply:client-C79DE3E06697->1d6da99a-ba9a-4d72-abd2-d0f1aa02f12f@group-B29EE812FB58, cid=3107, SUCCESS, logIndex=4652, commits[1d6da99a-ba9a-4d72-abd2-d0f1aa02f12f:c4652, 9dc27687-2024-46ae-8b6e-c9027bfa400e:c4648, 9c9c57da-14dc-454a-b374-789aa5e765a9:c4648]
2019-09-16 23:35:18,183 [grpc-default-executor-1] INFO  client.GrpcClientProtocolClient (GrpcClientProtocolClient.java:onNext(264)) - client-C79DE3E06697->1d6da99a-ba9a-4d72-abd2-d0f1aa02f12f: receive RaftClientReply:client-C79DE3E06697->1d6da99a-ba9a-4d72-abd2-d0f1aa02f12f@group-B29EE812FB58, cid=3108, SUCCESS, logIndex=0, commits[1d6da99a-ba9a-4d72-abd2-d0f1aa02f12f:c4653, 9dc27687-2024-46ae-8b6e-c9027bfa400e:c4650, 9c9c57da-14dc-454a-b374-789aa5e765a9:c4650]
2019-09-16 23:35:18,203 [grpc-default-executor-1] INFO  client.GrpcClientProtocolClient (GrpcClientProtocolClient.java:onNext(264)) - client-C79DE3E06697->1d6da99a-ba9a-4d72-abd2-d0f1aa02f12f: receive RaftClientReply:client-C79DE3E06697->1d6da99a-ba9a-4d72-abd2-d0f1aa02f12f@group-B29EE812FB58, cid=3109, SUCCESS, logIndex=4657, commits[1d6da99a-ba9a-4d72-abd2-d0f1aa02f12f:c4658, 9dc27687-2024-46ae-8b6e-c9027bfa400e:c4656, 9c9c57da-14dc-454a-b374-789aa5e765a9:c4656]
2019-09-16 23:35:18,203 [grpc-default-executor-1] INFO  client.GrpcClientProtocolClient (GrpcClientProtocolClient.java:onNext(264)) - client-C79DE3E06697->1d6da99a-ba9a-4d72-abd2-d0f1aa02f12f: receive RaftClientReply:client-C79DE3E06697->1d6da99a-ba9a-4d72-abd2-d0f1aa02f12f@group-B29EE812FB58, cid=3110, SUCCESS, logIndex=4658, commits[1d6da99a-ba9a-4d72-abd2-d0f1aa02f12f:c4658, 9dc27687-2024-46ae-8b6e-c9027bfa400e:c4656, 9c9c57da-14dc-454a-b374-789aa5e765a9:c4656]
2019-09-16 23:35:18,217 [grpc-default-executor-6] INFO  client.GrpcClientProtocolClient (GrpcClientProtocolClient.java:onNext(264)) - client-C79DE3E06697->1d6da99a-ba9a-4d72-abd2-d0f1aa02f12f: receive RaftClientReply:client-C79DE3E06697->1d6da99a-ba9a-4d72-abd2-d0f1aa02f12f@group-B29EE812FB58, cid=3111, SUCCESS, logIndex=4661, commits[1d6da99a-ba9a-4d72-abd2-d0f1aa02f12f:c4662, 9dc27687-2024-46ae-8b6e-c9027bfa400e:c4658, 9c9c57da-14dc-454a-b374-789aa5e765a9:c4658]
2019-09-16 23:35:18,218 [grpc-default-executor-6] INFO  client.GrpcClientProtocolClient (GrpcClientProtocolClient.java:onNext(264)) - client-C79DE3E06697->1d6da99a-ba9a-4d72-abd2-d0f1aa02f12f: receive RaftClientReply:client-C79DE3E06697->1d6da99a-ba9a-4d72-abd2-d0f1aa02f12f@group-B29EE812FB58, cid=3112, SUCCESS, logIndex=4662, commits[1d6da99a-ba9a-4d72-abd2-d0f1aa02f12f:c4662, 9dc27687-2024-46ae-8b6e-c9027bfa400e:c4658, 9c9c57da-14dc-454a-b374-789aa5e765a9:c4658]
2019-09-16 23:35:18,229 [grpc-default-executor-6] INFO  client.GrpcClientProtocolClient (GrpcClientProtocolClient.java:onNext(264)) - client-C79DE3E06697->1d6da99a-ba9a-4d72-abd2-d0f1aa02f12f: receive RaftClientReply:client-C79DE3E06697->1d6da99a-ba9a-4d72-abd2-d0f1aa02f12f@group-B29EE812FB58, cid=3113, SUCCESS, logIndex=0, commits[1d6da99a-ba9a-4d72-abd2-d0f1aa02f12f:c4663, 9dc27687-2024-46ae-8b6e-c9027bfa400e:c4662, 9c9c57da-14dc-454a-b374-789aa5e765a9:c4662]
2019-09-16 23:35:18,262 [grpc-default-executor-7] INFO  client.GrpcClientProtocolClient (GrpcClientProtocolClient.java:onNext(264)) - client-C79DE3E06697->1d6da99a-ba9a-4d72-abd2-d0f1aa02f12f: receive RaftClientReply:client-C79DE3E06697->1d6da99a-ba9a-4d72-abd2-d0f1aa02f12f@group-B29EE812FB58, cid=3114, SUCCESS, logIndex=4664, commits[1d6da99a-ba9a-4d72-abd2-d0f1aa02f12f:c4667, 9dc27687-2024-46ae-8b6e-c9027bfa400e:c4663, 9c9c57da-14dc-454a-b374-789aa5e765a9:c4663]
2019-09-16 23:35:18,262 [grpc-default-executor-7] INFO  client.GrpcClientProtocolClient (GrpcClientProtocolClient.java:onNext(264)) - client-C79DE3E06697->1d6da99a-ba9a-4d72-abd2-d0f1aa02f12f: receive RaftClientReply:client-C79DE3E06697->1d6da99a-ba9a-4d72-abd2-d0f1aa02f12f@group-B29EE812FB58, cid=3115, SUCCESS, logIndex=4665, commits[1d6da99a-ba9a-4d72-abd2-d0f1aa02f12f:c4667, 9dc27687-2024-46ae-8b6e-c9027bfa400e:c4663, 9c9c57da-14dc-454a-b374-789aa5e765a9:c4663]
2019-09-16 23:35:18,263 [grpc-default-executor-7] INFO  client.GrpcClientProtocolClient (GrpcClientProtocolClient.java:onNext(264)) - client-C79DE3E06697->1d6da99a-ba9a-4d72-abd2-d0f1aa02f12f: receive RaftClientReply:client-C79DE3E06697->1d6da99a-ba9a-4d72-abd2-d0f1aa02f12f@group-B29EE812FB58, cid=3116, SUCCESS, logIndex=4666, commits[1d6da99a-ba9a-4d72-abd2-d0f1aa02f12f:c4667, 9dc27687-2024-46ae-8b6e-c9027bfa400e:c4663, 9c9c57da-14dc-454a-b374-789aa5e765a9:c4663]
2019-09-16 23:35:18,263 [grpc-default-executor-7] INFO  client.GrpcClientProtocolClient (GrpcClientProtocolClient.java:onNext(264)) - client-C79DE3E06697->1d6da99a-ba9a-4d72-abd2-d0f1aa02f12f: receive RaftClientReply:client-C79DE3E06697->1d6da99a-ba9a-4d72-abd2-d0f1aa02f12f@group-B29EE812FB58, cid=3117, SUCCESS, logIndex=4667, commits[1d6da99a-ba9a-4d72-abd2-d0f1aa02f12f:c4667, 9dc27687-2024-46ae-8b6e-c9027bfa400e:c4663, 9c9c57da-14dc-454a-b374-789aa5e765a9:c4663]
2019-09-16 23:35:18,273 [grpc-default-executor-1] INFO  client.GrpcClientProtocolClient (GrpcClientProtocolClient.java:onNext(264)) - client-C79DE3E06697->1d6da99a-ba9a-4d72-abd2-d0f1aa02f12f: receive RaftClientReply:client-C79DE3E06697->1d6da99a-ba9a-4d72-abd2-d0f1aa02f12f@group-B29EE812FB58, cid=3118, SUCCESS, logIndex=0, commits[1d6da99a-ba9a-4d72-abd2-d0f1aa02f12f:c4669, 9dc27687-2024-46ae-8b6e-c9027bfa400e:c4667, 9c9c57da-14dc-454a-b374-789aa5e765a9:c4667]
2019-09-16 23:35:18,319 [grpc-default-executor-7] INFO  client.GrpcClientProtocolClient (GrpcClientProtocolClient.java:onNext(264)) - client-C79DE3E06697->1d6da99a-ba9a-4d72-abd2-d0f1aa02f12f: receive RaftClientReply:client-C79DE3E06697->1d6da99a-ba9a-4d72-abd2-d0f1aa02f12f@group-B29EE812FB58, cid=3119, SUCCESS, logIndex=4670, commits[1d6da99a-ba9a-4d72-abd2-d0f1aa02f12f:c4671, 9dc27687-2024-46ae-8b6e-c9027bfa400e:c4669, 9c9c57da-14dc-454a-b374-789aa5e765a9:c4669]
2019-09-16 23:35:18,320 [grpc-default-executor-7] INFO  client.GrpcClientProtocolClient (GrpcClientProtocolClient.java:onNext(264)) - client-C79DE3E06697->1d6da99a-ba9a-4d72-abd2-d0f1aa02f12f: receive RaftClientReply:client-C79DE3E06697->1d6da99a-ba9a-4d72-abd2-d0f1aa02f12f@group-B29EE812FB58, cid=3120, SUCCESS, logIndex=4671, commits[1d6da99a-ba9a-4d72-abd2-d0f1aa02f12f:c4671, 9dc27687-2024-46ae-8b6e-c9027bfa400e:c4669, 9c9c57da-14dc-454a-b374-789aa5e765a9:c4669]
2019-09-16 23:35:18,332 [grpc-default-executor-1] INFO  client.GrpcClientProtocolClient (GrpcClientProtocolClient.java:onNext(264)) - client-C79DE3E06697->1d6da99a-ba9a-4d72-abd2-d0f1aa02f12f: receive RaftClientReply:client-C79DE3E06697->1d6da99a-ba9a-4d72-abd2-d0f1aa02f12f@group-B29EE812FB58, cid=3121, SUCCESS, logIndex=4674, commits[1d6da99a-ba9a-4d72-abd2-d0f1aa02f12f:c4675, 9dc27687-2024-46ae-8b6e-c9027bfa400e:c4671, 9c9c57da-14dc-454a-b374-789aa5e765a9:c4671]
2019-09-16 23:35:18,333 [grpc-default-executor-1] INFO  client.GrpcClientProtocolClient (GrpcClientProtocolClient.java:onNext(264)) - client-C79DE3E06697->1d6da99a-ba9a-4d72-abd2-d0f1aa02f12f: receive RaftClientReply:client-C79DE3E06697->1d6da99a-ba9a-4d72-abd2-d0f1aa02f12f@group-B29EE812FB58, cid=3122, SUCCESS, logIndex=4675, commits[1d6da99a-ba9a-4d72-abd2-d0f1aa02f12f:c4675, 9dc27687-2024-46ae-8b6e-c9027bfa400e:c4671, 9c9c57da-14dc-454a-b374-789aa5e765a9:c4671]
2019-09-16 23:35:18,335 [grpc-default-executor-1] INFO  client.GrpcClientProtocolClient (GrpcClientProtocolClient.java:onNext(264)) - client-C79DE3E06697->1d6da99a-ba9a-4d72-abd2-d0f1aa02f12f: receive RaftClientReply:client-C79DE3E06697->1d6da99a-ba9a-4d72-abd2-d0f1aa02f12f@group-B29EE812FB58, cid=3123, SUCCESS, logIndex=0, commits[1d6da99a-ba9a-4d72-abd2-d0f1aa02f12f:c4677, 9dc27687-2024-46ae-8b6e-c9027bfa400e:c4675, 9c9c57da-14dc-454a-b374-789aa5e765a9:c4675]
2019-09-16 23:35:18,362 [grpc-default-executor-7] INFO  client.GrpcClientProtocolClient (GrpcClientProtocolClient.java:onNext(264)) - client-C79DE3E06697->1d6da99a-ba9a-4d72-abd2-d0f1aa02f12f: receive RaftClientReply:client-C79DE3E06697->1d6da99a-ba9a-4d72-abd2-d0f1aa02f12f@group-B29EE812FB58, cid=3124, SUCCESS, logIndex=4678, commits[1d6da99a-ba9a-4d72-abd2-d0f1aa02f12f:c4679, 9dc27687-2024-46ae-8b6e-c9027bfa400e:c4677, 9c9c57da-14dc-454a-b374-789aa5e765a9:c4677]
2019-09-16 23:35:18,363 [grpc-default-executor-7] INFO  client.GrpcClientProtocolClient (GrpcClientProtocolClient.java:onNext(264)) - client-C79DE3E06697->1d6da99a-ba9a-4d72-abd2-d0f1aa02f12f: receive RaftClientReply:client-C79DE3E06697->1d6da99a-ba9a-4d72-abd2-d0f1aa02f12f@group-B29EE812FB58, cid=3125, SUCCESS, logIndex=4679, commits[1d6da99a-ba9a-4d72-abd2-d0f1aa02f12f:c4681, 9dc27687-2024-46ae-8b6e-c9027bfa400e:c4677, 9c9c57da-14dc-454a-b374-789aa5e765a9:c4677]
2019-09-16 23:35:18,363 [grpc-default-executor-7] INFO  client.GrpcClientProtocolClient (GrpcClientProtocolClient.java:onNext(264)) - client-C79DE3E06697->1d6da99a-ba9a-4d72-abd2-d0f1aa02f12f: receive RaftClientReply:client-C79DE3E06697->1d6da99a-ba9a-4d72-abd2-d0f1aa02f12f@group-B29EE812FB58, cid=3126, SUCCESS, logIndex=4680, commits[1d6da99a-ba9a-4d72-abd2-d0f1aa02f12f:c4681, 9dc27687-2024-46ae-8b6e-c9027bfa400e:c4677, 9c9c57da-14dc-454a-b374-789aa5e765a9:c4677]
2019-09-16 23:35:18,363 [grpc-default-executor-7] INFO  client.GrpcClientProtocolClient (GrpcClientProtocolClient.java:onNext(264)) - client-C79DE3E06697->1d6da99a-ba9a-4d72-abd2-d0f1aa02f12f: receive RaftClientReply:client-C79DE3E06697->1d6da99a-ba9a-4d72-abd2-d0f1aa02f12f@group-B29EE812FB58, cid=3127, SUCCESS, logIndex=4681, commits[1d6da99a-ba9a-4d72-abd2-d0f1aa02f12f:c4681, 9dc27687-2024-46ae-8b6e-c9027bfa400e:c4677, 9c9c57da-14dc-454a-b374-789aa5e765a9:c4677]
2019-09-16 23:35:18,377 [grpc-default-executor-7] INFO  client.GrpcClientProtocolClient (GrpcClientProtocolClient.java:onNext(264)) - client-C79DE3E06697->1d6da99a-ba9a-4d72-abd2-d0f1aa02f12f: receive RaftClientReply:client-C79DE3E06697->1d6da99a-ba9a-4d72-abd2-d0f1aa02f12f@group-B29EE812FB58, cid=3128, SUCCESS, logIndex=0, commits[1d6da99a-ba9a-4d72-abd2-d0f1aa02f12f:c4684, 9dc27687-2024-46ae-8b6e-c9027bfa400e:c4679, 9c9c57da-14dc-454a-b374-789aa5e765a9:c4681]
2019-09-16 23:35:18,390 [grpc-default-executor-7] INFO  client.GrpcClientProtocolClient (GrpcClientProtocolClient.java:onNext(264)) - client-C79DE3E06697->1d6da99a-ba9a-4d72-abd2-d0f1aa02f12f: receive RaftClientReply:client-C79DE3E06697->1d6da99a-ba9a-4d72-abd2-d0f1aa02f12f@group-B29EE812FB58, cid=3129, SUCCESS, logIndex=4685, commits[1d6da99a-ba9a-4d72-abd2-d0f1aa02f12f:c4686, 9dc27687-2024-46ae-8b6e-c9027bfa400e:c4684, 9c9c57da-14dc-454a-b374-789aa5e765a9:c4684]
2019-09-16 23:35:18,390 [grpc-default-executor-7] INFO  client.GrpcClientProtocolClient (GrpcClientProtocolClient.java:onNext(264)) - client-C79DE3E06697->1d6da99a-ba9a-4d72-abd2-d0f1aa02f12f: receive RaftClientReply:client-C79DE3E06697->1d6da99a-ba9a-4d72-abd2-d0f1aa02f12f@group-B29EE812FB58, cid=3130, SUCCESS, logIndex=4686, commits[1d6da99a-ba9a-4d72-abd2-d0f1aa02f12f:c4686, 9dc27687-2024-46ae-8b6e-c9027bfa400e:c4684, 9c9c57da-14dc-454a-b374-789aa5e765a9:c4684]
2019-09-16 23:35:18,407 [grpc-default-executor-1] INFO  client.GrpcClientProtocolClient (GrpcClientProtocolClient.java:onNext(264)) - client-C79DE3E06697->1d6da99a-ba9a-4d72-abd2-d0f1aa02f12f: receive RaftClientReply:client-C79DE3E06697->1d6da99a-ba9a-4d72-abd2-d0f1aa02f12f@group-B29EE812FB58, cid=3131, SUCCESS, logIndex=4689, commits[1d6da99a-ba9a-4d72-abd2-d0f1aa02f12f:c4690, 9dc27687-2024-46ae-8b6e-c9027bfa400e:c4687, 9c9c57da-14dc-454a-b374-789aa5e765a9:c4687]
2019-09-16 23:35:18,408 [grpc-default-executor-1] INFO  client.GrpcClientProtocolClient (GrpcClientProtocolClient.java:onNext(264)) - client-C79DE3E06697->1d6da99a-ba9a-4d72-abd2-d0f1aa02f12f: receive RaftClientReply:client-C79DE3E06697->1d6da99a-ba9a-4d72-abd2-d0f1aa02f12f@group-B29EE812FB58, cid=3132, SUCCESS, logIndex=4690, commits[1d6da99a-ba9a-4d72-abd2-d0f1aa02f12f:c4690, 9dc27687-2024-46ae-8b6e-c9027bfa400e:c4687, 9c9c57da-14dc-454a-b374-789aa5e765a9:c4687]
2019-09-16 23:35:18,427 [grpc-default-executor-1] INFO  client.GrpcClientProtocolClient (GrpcClientProtocolClient.java:onNext(264)) - client-C79DE3E06697->1d6da99a-ba9a-4d72-abd2-d0f1aa02f12f: receive RaftClientReply:client-C79DE3E06697->1d6da99a-ba9a-4d72-abd2-d0f1aa02f12f@group-B29EE812FB58, cid=3133, SUCCESS, logIndex=0, commits[1d6da99a-ba9a-4d72-abd2-d0f1aa02f12f:c4692, 9dc27687-2024-46ae-8b6e-c9027bfa400e:c4690, 9c9c57da-14dc-454a-b374-789aa5e765a9:c4690]
2019-09-16 23:35:18,457 [grpc-default-executor-7] INFO  client.GrpcClientProtocolClient (GrpcClientProtocolClient.java:onNext(264)) - client-C79DE3E06697->1d6da99a-ba9a-4d72-abd2-d0f1aa02f12f: receive RaftClientReply:client-C79DE3E06697->1d6da99a-ba9a-4d72-abd2-d0f1aa02f12f@group-B29EE812FB58, cid=3134, SUCCESS, logIndex=4693, commits[1d6da99a-ba9a-4d72-abd2-d0f1aa02f12f:c4696, 9dc27687-2024-46ae-8b6e-c9027bfa400e:c4692, 9c9c57da-14dc-454a-b374-789aa5e765a9:c4692]
2019-09-16 23:35:18,458 [grpc-default-executor-7] INFO  client.GrpcClientProtocolClient (GrpcClientProtocolClient.java:onNext(264)) - client-C79DE3E06697->1d6da99a-ba9a-4d72-abd2-d0f1aa02f12f: receive RaftClientReply:client-C79DE3E06697->1d6da99a-ba9a-4d72-abd2-d0f1aa02f12f@group-B29EE812FB58, cid=3135, SUCCESS, logIndex=4694, commits[1d6da99a-ba9a-4d72-abd2-d0f1aa02f12f:c4696, 9dc27687-2024-46ae-8b6e-c9027bfa400e:c4692, 9c9c57da-14dc-454a-b374-789aa5e765a9:c4692]
2019-09-16 23:35:18,459 [grpc-default-executor-7] INFO  client.GrpcClientProtocolClient (GrpcClientProtocolClient.java:onNext(264)) - client-C79DE3E06697->1d6da99a-ba9a-4d72-abd2-d0f1aa02f12f: receive RaftClientReply:client-C79DE3E06697->1d6da99a-ba9a-4d72-abd2-d0f1aa02f12f@group-B29EE812FB58, cid=3136, SUCCESS, logIndex=4695, commits[1d6da99a-ba9a-4d72-abd2-d0f1aa02f12f:c4697, 9dc27687-2024-46ae-8b6e-c9027bfa400e:c4693, 9c9c57da-14dc-454a-b374-789aa5e765a9:c4692]
2019-09-16 23:35:18,459 [grpc-default-executor-7] INFO  client.GrpcClientProtocolClient (GrpcClientProtocolClient.java:onNext(264)) - client-C79DE3E06697->1d6da99a-ba9a-4d72-abd2-d0f1aa02f12f: receive RaftClientReply:client-C79DE3E06697->1d6da99a-ba9a-4d72-abd2-d0f1aa02f12f@group-B29EE812FB58, cid=3137, SUCCESS, logIndex=4696, commits[1d6da99a-ba9a-4d72-abd2-d0f1aa02f12f:c4697, 9dc27687-2024-46ae-8b6e-c9027bfa400e:c4693, 9c9c57da-14dc-454a-b374-789aa5e765a9:c4692]
2019-09-16 23:35:18,460 [grpc-default-executor-3] INFO  client.GrpcClientProtocolClient (GrpcClientProtocolClient.java:onNext(264)) - client-C79DE3E06697->1d6da99a-ba9a-4d72-abd2-d0f1aa02f12f: receive RaftClientReply:client-C79DE3E06697->1d6da99a-ba9a-4d72-abd2-d0f1aa02f12f@group-B29EE812FB58, cid=3138, SUCCESS, logIndex=0, commits[1d6da99a-ba9a-4d72-abd2-d0f1aa02f12f:c4700, 9dc27687-2024-46ae-8b6e-c9027bfa400e:c4696, 9c9c57da-14dc-454a-b374-789aa5e765a9:c4695]
2019-09-16 23:35:18,480 [grpc-default-executor-1] INFO  client.GrpcClientProtocolClient (GrpcClientProtocolClient.java:onNext(264)) - client-C79DE3E06697->1d6da99a-ba9a-4d72-abd2-d0f1aa02f12f: receive RaftClientReply:client-C79DE3E06697->1d6da99a-ba9a-4d72-abd2-d0f1aa02f12f@group-B29EE812FB58, cid=3139, SUCCESS, logIndex=4701, commits[1d6da99a-ba9a-4d72-abd2-d0f1aa02f12f:c4702, 9dc27687-2024-46ae-8b6e-c9027bfa400e:c4700, 9c9c57da-14dc-454a-b374-789aa5e765a9:c4700]
2019-09-16 23:35:18,481 [grpc-default-executor-1] INFO  client.GrpcClientProtocolClient (GrpcClientProtocolClient.java:onNext(264)) - client-C79DE3E06697->1d6da99a-ba9a-4d72-abd2-d0f1aa02f12f: receive RaftClientReply:client-C79DE3E06697->1d6da99a-ba9a-4d72-abd2-d0f1aa02f12f@group-B29EE812FB58, cid=3140, SUCCESS, logIndex=4702, commits[1d6da99a-ba9a-4d72-abd2-d0f1aa02f12f:c4702, 9dc27687-2024-46ae-8b6e-c9027bfa400e:c4700, 9c9c57da-14dc-454a-b374-789aa5e765a9:c4700]
2019-09-16 23:35:18,493 [grpc-default-executor-1] INFO  client.GrpcClientProtocolClient (GrpcClientProtocolClient.java:onNext(264)) - client-C79DE3E06697->1d6da99a-ba9a-4d72-abd2-d0f1aa02f12f: receive RaftClientReply:client-C79DE3E06697->1d6da99a-ba9a-4d72-abd2-d0f1aa02f12f@group-B29EE812FB58, cid=3141, SUCCESS, logIndex=4705, commits[1d6da99a-ba9a-4d72-abd2-d0f1aa02f12f:c4706, 9dc27687-2024-46ae-8b6e-c9027bfa400e:c4702, 9c9c57da-14dc-454a-b374-789aa5e765a9:c4702]
2019-09-16 23:35:18,494 [grpc-default-executor-1] INFO  client.GrpcClientProtocolClient (GrpcClientProtocolClient.java:onNext(264)) - client-C79DE3E06697->1d6da99a-ba9a-4d72-abd2-d0f1aa02f12f: receive RaftClientReply:client-C79DE3E06697->1d6da99a-ba9a-4d72-abd2-d0f1aa02f12f@group-B29EE812FB58, cid=3142, SUCCESS, logIndex=4706, commits[1d6da99a-ba9a-4d72-abd2-d0f1aa02f12f:c4706, 9dc27687-2024-46ae-8b6e-c9027bfa400e:c4702, 9c9c57da-14dc-454a-b374-789aa5e765a9:c4702]
2019-09-16 23:35:18,508 [grpc-default-executor-1] INFO  client.GrpcClientProtocolClient (GrpcClientProtocolClient.java:onNext(264)) - client-C79DE3E06697->1d6da99a-ba9a-4d72-abd2-d0f1aa02f12f: receive RaftClientReply:client-C79DE3E06697->1d6da99a-ba9a-4d72-abd2-d0f1aa02f12f@group-B29EE812FB58, cid=3143, SUCCESS, logIndex=0, commits[1d6da99a-ba9a-4d72-abd2-d0f1aa02f12f:c4708, 9dc27687-2024-46ae-8b6e-c9027bfa400e:c4706, 9c9c57da-14dc-454a-b374-789aa5e765a9:c4706]
2019-09-16 23:35:18,673 [grpc-default-executor-3] INFO  client.GrpcClientProtocolClient (GrpcClientProtocolClient.java:onNext(264)) - client-C79DE3E06697->1d6da99a-ba9a-4d72-abd2-d0f1aa02f12f: receive RaftClientReply:client-C79DE3E06697->1d6da99a-ba9a-4d72-abd2-d0f1aa02f12f@group-B29EE812FB58, cid=3144, SUCCESS, logIndex=4709, commits[1d6da99a-ba9a-4d72-abd2-d0f1aa02f12f:c4710, 9dc27687-2024-46ae-8b6e-c9027bfa400e:c4708, 9c9c57da-14dc-454a-b374-789aa5e765a9:c4708]
2019-09-16 23:35:18,674 [grpc-default-executor-3] INFO  client.GrpcClientProtocolClient (GrpcClientProtocolClient.java:onNext(264)) - client-C79DE3E06697->1d6da99a-ba9a-4d72-abd2-d0f1aa02f12f: receive RaftClientReply:client-C79DE3E06697->1d6da99a-ba9a-4d72-abd2-d0f1aa02f12f@group-B29EE812FB58, cid=3145, SUCCESS, logIndex=4710, commits[1d6da99a-ba9a-4d72-abd2-d0f1aa02f12f:c4710, 9dc27687-2024-46ae-8b6e-c9027bfa400e:c4708, 9c9c57da-14dc-454a-b374-789aa5e765a9:c4708]
2019-09-16 23:35:18,675 [grpc-default-executor-7] INFO  client.GrpcClientProtocolClient (GrpcClientProtocolClient.java:onNext(264)) - client-C79DE3E06697->1d6da99a-ba9a-4d72-abd2-d0f1aa02f12f: receive RaftClientReply:client-C79DE3E06697->1d6da99a-ba9a-4d72-abd2-d0f1aa02f12f@group-B29EE812FB58, cid=3146, SUCCESS, logIndex=4711, commits[1d6da99a-ba9a-4d72-abd2-d0f1aa02f12f:c4712, 9dc27687-2024-46ae-8b6e-c9027bfa400e:c4708, 9c9c57da-14dc-454a-b374-789aa5e765a9:c4708]
2019-09-16 23:35:18,675 [grpc-default-executor-7] INFO  client.GrpcClientProtocolClient (GrpcClientProtocolClient.java:onNext(264)) - client-C79DE3E06697->1d6da99a-ba9a-4d72-abd2-d0f1aa02f12f: receive RaftClientReply:client-C79DE3E06697->1d6da99a-ba9a-4d72-abd2-d0f1aa02f12f@group-B29EE812FB58, cid=3147, SUCCESS, logIndex=4712, commits[1d6da99a-ba9a-4d72-abd2-d0f1aa02f12f:c4712, 9dc27687-2024-46ae-8b6e-c9027bfa400e:c4708, 9c9c57da-14dc-454a-b374-789aa5e765a9:c4708]
2019-09-16 23:35:18,676 [grpc-default-executor-7] INFO  client.GrpcClientProtocolClient (GrpcClientProtocolClient.java:onNext(264)) - client-C79DE3E06697->1d6da99a-ba9a-4d72-abd2-d0f1aa02f12f: receive RaftClientReply:client-C79DE3E06697->1d6da99a-ba9a-4d72-abd2-d0f1aa02f12f@group-B29EE812FB58, cid=3148, SUCCESS, logIndex=0, commits[1d6da99a-ba9a-4d72-abd2-d0f1aa02f12f:c4714, 9dc27687-2024-46ae-8b6e-c9027bfa400e:c4710, 9c9c57da-14dc-454a-b374-789aa5e765a9:c4710]
2019-09-16 23:35:18,694 [grpc-default-executor-3] INFO  client.GrpcClientProtocolClient (GrpcClientProtocolClient.java:onNext(264)) - client-C79DE3E06697->1d6da99a-ba9a-4d72-abd2-d0f1aa02f12f: receive RaftClientReply:client-C79DE3E06697->1d6da99a-ba9a-4d72-abd2-d0f1aa02f12f@group-B29EE812FB58, cid=3149, SUCCESS, logIndex=4717, commits[1d6da99a-ba9a-4d72-abd2-d0f1aa02f12f:c4718, 9dc27687-2024-46ae-8b6e-c9027bfa400e:c4716, 9c9c57da-14dc-454a-b374-789aa5e765a9:c4716]
2019-09-16 23:35:18,695 [grpc-default-executor-3] INFO  client.GrpcClientProtocolClient (GrpcClientProtocolClient.java:onNext(264)) - client-C79DE3E06697->1d6da99a-ba9a-4d72-abd2-d0f1aa02f12f: receive RaftClientReply:client-C79DE3E06697->1d6da99a-ba9a-4d72-abd2-d0f1aa02f12f@group-B29EE812FB58, cid=3150, SUCCESS, logIndex=4718, commits[1d6da99a-ba9a-4d72-abd2-d0f1aa02f12f:c4718, 9dc27687-2024-46ae-8b6e-c9027bfa400e:c4716, 9c9c57da-14dc-454a-b374-789aa5e765a9:c4716]
2019-09-16 23:35:18,708 [grpc-default-executor-1] INFO  client.GrpcClientProtocolClient (GrpcClientProtocolClient.java:onNext(264)) - client-C79DE3E06697->1d6da99a-ba9a-4d72-abd2-d0f1aa02f12f: receive RaftClientReply:client-C79DE3E06697->1d6da99a-ba9a-4d72-abd2-d0f1aa02f12f@group-B29EE812FB58, cid=3151, SUCCESS, logIndex=4721, commits[1d6da99a-ba9a-4d72-abd2-d0f1aa02f12f:c4722, 9dc27687-2024-46ae-8b6e-c9027bfa400e:c4718, 9c9c57da-14dc-454a-b374-789aa5e765a9:c4718]
2019-09-16 23:35:18,708 [grpc-default-executor-1] INFO  client.GrpcClientProtocolClient (GrpcClientProtocolClient.java:onNext(264)) - client-C79DE3E06697->1d6da99a-ba9a-4d72-abd2-d0f1aa02f12f: receive RaftClientReply:client-C79DE3E06697->1d6da99a-ba9a-4d72-abd2-d0f1aa02f12f@group-B29EE812FB58, cid=3152, SUCCESS, logIndex=4722, commits[1d6da99a-ba9a-4d72-abd2-d0f1aa02f12f:c4722, 9dc27687-2024-46ae-8b6e-c9027bfa400e:c4718, 9c9c57da-14dc-454a-b374-789aa5e765a9:c4718]
2019-09-16 23:35:18,722 [grpc-default-executor-7] INFO  client.GrpcClientProtocolClient (GrpcClientProtocolClient.java:onNext(264)) - client-C79DE3E06697->1d6da99a-ba9a-4d72-abd2-d0f1aa02f12f: receive RaftClientReply:client-C79DE3E06697->1d6da99a-ba9a-4d72-abd2-d0f1aa02f12f@group-B29EE812FB58, cid=3153, SUCCESS, logIndex=0, commits[1d6da99a-ba9a-4d72-abd2-d0f1aa02f12f:c4724, 9dc27687-2024-46ae-8b6e-c9027bfa400e:c4722, 9c9c57da-14dc-454a-b374-789aa5e765a9:c4722]
2019-09-16 23:35:18,753 [grpc-default-executor-1] INFO  client.GrpcClientProtocolClient (GrpcClientProtocolClient.java:onNext(264)) - client-C79DE3E06697->1d6da99a-ba9a-4d72-abd2-d0f1aa02f12f: receive RaftClientReply:client-C79DE3E06697->1d6da99a-ba9a-4d72-abd2-d0f1aa02f12f@group-B29EE812FB58, cid=3154, SUCCESS, logIndex=4725, commits[1d6da99a-ba9a-4d72-abd2-d0f1aa02f12f:c4728, 9dc27687-2024-46ae-8b6e-c9027bfa400e:c4724, 9c9c57da-14dc-454a-b374-789aa5e765a9:c4724]
2019-09-16 23:35:18,754 [grpc-default-executor-1] INFO  client.GrpcClientProtocolClient (GrpcClientProtocolClient.java:onNext(264)) - client-C79DE3E06697->1d6da99a-ba9a-4d72-abd2-d0f1aa02f12f: receive RaftClientReply:client-C79DE3E06697->1d6da99a-ba9a-4d72-abd2-d0f1aa02f12f@group-B29EE812FB58, cid=3155, SUCCESS, logIndex=4726, commits[1d6da99a-ba9a-4d72-abd2-d0f1aa02f12f:c4728, 9dc27687-2024-46ae-8b6e-c9027bfa400e:c4724, 9c9c57da-14dc-454a-b374-789aa5e765a9:c4724]
2019-09-16 23:35:18,754 [grpc-default-executor-1] INFO  client.GrpcClientProtocolClient (GrpcClientProtocolClient.java:onNext(264)) - client-C79DE3E06697->1d6da99a-ba9a-4d72-abd2-d0f1aa02f12f: receive RaftClientReply:client-C79DE3E06697->1d6da99a-ba9a-4d72-abd2-d0f1aa02f12f@group-B29EE812FB58, cid=3156, SUCCESS, logIndex=4727, commits[1d6da99a-ba9a-4d72-abd2-d0f1aa02f12f:c4728, 9dc27687-2024-46ae-8b6e-c9027bfa400e:c4724, 9c9c57da-14dc-454a-b374-789aa5e765a9:c4724]
2019-09-16 23:35:18,754 [grpc-default-executor-1] INFO  client.GrpcClientProtocolClient (GrpcClientProtocolClient.java:onNext(264)) - client-C79DE3E06697->1d6da99a-ba9a-4d72-abd2-d0f1aa02f12f: receive RaftClientReply:client-C79DE3E06697->1d6da99a-ba9a-4d72-abd2-d0f1aa02f12f@group-B29EE812FB58, cid=3157, SUCCESS, logIndex=4728, commits[1d6da99a-ba9a-4d72-abd2-d0f1aa02f12f:c4729, 9dc27687-2024-46ae-8b6e-c9027bfa400e:c4724, 9c9c57da-14dc-454a-b374-789aa5e765a9:c4725]
2019-09-16 23:35:18,756 [grpc-default-executor-1] INFO  client.GrpcClientProtocolClient (GrpcClientProtocolClient.java:onNext(264)) - client-C79DE3E06697->1d6da99a-ba9a-4d72-abd2-d0f1aa02f12f: receive RaftClientReply:client-C79DE3E06697->1d6da99a-ba9a-4d72-abd2-d0f1aa02f12f@group-B29EE812FB58, cid=3158, SUCCESS, logIndex=0, commits[1d6da99a-ba9a-4d72-abd2-d0f1aa02f12f:c4732, 9dc27687-2024-46ae-8b6e-c9027bfa400e:c4727, 9c9c57da-14dc-454a-b374-789aa5e765a9:c4728]
2019-09-16 23:35:18,776 [grpc-default-executor-1] INFO  client.GrpcClientProtocolClient (GrpcClientProtocolClient.java:onNext(264)) - client-C79DE3E06697->1d6da99a-ba9a-4d72-abd2-d0f1aa02f12f: receive RaftClientReply:client-C79DE3E06697->1d6da99a-ba9a-4d72-abd2-d0f1aa02f12f@group-B29EE812FB58, cid=3159, SUCCESS, logIndex=4733, commits[1d6da99a-ba9a-4d72-abd2-d0f1aa02f12f:c4734, 9dc27687-2024-46ae-8b6e-c9027bfa400e:c4732, 9c9c57da-14dc-454a-b374-789aa5e765a9:c4732]
2019-09-16 23:35:18,776 [grpc-default-executor-1] INFO  client.GrpcClientProtocolClient (GrpcClientProtocolClient.java:onNext(264)) - client-C79DE3E06697->1d6da99a-ba9a-4d72-abd2-d0f1aa02f12f: receive RaftClientReply:client-C79DE3E06697->1d6da99a-ba9a-4d72-abd2-d0f1aa02f12f@group-B29EE812FB58, cid=3160, SUCCESS, logIndex=4734, commits[1d6da99a-ba9a-4d72-abd2-d0f1aa02f12f:c4734, 9dc27687-2024-46ae-8b6e-c9027bfa400e:c4732, 9c9c57da-14dc-454a-b374-789aa5e765a9:c4732]
2019-09-16 23:35:18,790 [grpc-default-executor-7] INFO  client.GrpcClientProtocolClient (GrpcClientProtocolClient.java:onNext(264)) - client-C79DE3E06697->1d6da99a-ba9a-4d72-abd2-d0f1aa02f12f: receive RaftClientReply:client-C79DE3E06697->1d6da99a-ba9a-4d72-abd2-d0f1aa02f12f@group-B29EE812FB58, cid=3161, SUCCESS, logIndex=4737, commits[1d6da99a-ba9a-4d72-abd2-d0f1aa02f12f:c4738, 9dc27687-2024-46ae-8b6e-c9027bfa400e:c4734, 9c9c57da-14dc-454a-b374-789aa5e765a9:c4734]
2019-09-16 23:35:18,790 [grpc-default-executor-7] INFO  client.GrpcClientProtocolClient (GrpcClientProtocolClient.java:onNext(264)) - client-C79DE3E06697->1d6da99a-ba9a-4d72-abd2-d0f1aa02f12f: receive RaftClientReply:client-C79DE3E06697->1d6da99a-ba9a-4d72-abd2-d0f1aa02f12f@group-B29EE812FB58, cid=3162, SUCCESS, logIndex=4738, commits[1d6da99a-ba9a-4d72-abd2-d0f1aa02f12f:c4738, 9dc27687-2024-46ae-8b6e-c9027bfa400e:c4734, 9c9c57da-14dc-454a-b374-789aa5e765a9:c4734]
2019-09-16 23:35:18,804 [grpc-default-executor-7] INFO  client.GrpcClientProtocolClient (GrpcClientProtocolClient.java:onNext(264)) - client-C79DE3E06697->1d6da99a-ba9a-4d72-abd2-d0f1aa02f12f: receive RaftClientReply:client-C79DE3E06697->1d6da99a-ba9a-4d72-abd2-d0f1aa02f12f@group-B29EE812FB58, cid=3163, SUCCESS, logIndex=0, commits[1d6da99a-ba9a-4d72-abd2-d0f1aa02f12f:c4740, 9dc27687-2024-46ae-8b6e-c9027bfa400e:c4738, 9c9c57da-14dc-454a-b374-789aa5e765a9:c4738]
 0.00% |█                                                                                                    |  0/1 Time: 0:00:362019-09-16 23:35:18,833 [grpc-default-executor-3] INFO  client.GrpcClientProtocolClient (GrpcClientProtocolClient.java:onNext(264)) - client-C79DE3E06697->1d6da99a-ba9a-4d72-abd2-d0f1aa02f12f: receive RaftClientReply:client-C79DE3E06697->1d6da99a-ba9a-4d72-abd2-d0f1aa02f12f@group-B29EE812FB58, cid=3164, SUCCESS, logIndex=4741, commits[1d6da99a-ba9a-4d72-abd2-d0f1aa02f12f:c4742, 9dc27687-2024-46ae-8b6e-c9027bfa400e:c4740, 9c9c57da-14dc-454a-b374-789aa5e765a9:c4740]
2019-09-16 23:35:18,834 [grpc-default-executor-3] INFO  client.GrpcClientProtocolClient (GrpcClientProtocolClient.java:onNext(264)) - client-C79DE3E06697->1d6da99a-ba9a-4d72-abd2-d0f1aa02f12f: receive RaftClientReply:client-C79DE3E06697->1d6da99a-ba9a-4d72-abd2-d0f1aa02f12f@group-B29EE812FB58, cid=3165, SUCCESS, logIndex=4742, commits[1d6da99a-ba9a-4d72-abd2-d0f1aa02f12f:c4742, 9dc27687-2024-46ae-8b6e-c9027bfa400e:c4740, 9c9c57da-14dc-454a-b374-789aa5e765a9:c4740]
2019-09-16 23:35:18,834 [grpc-default-executor-7] INFO  client.GrpcClientProtocolClient (GrpcClientProtocolClient.java:onNext(264)) - client-C79DE3E06697->1d6da99a-ba9a-4d72-abd2-d0f1aa02f12f: receive RaftClientReply:client-C79DE3E06697->1d6da99a-ba9a-4d72-abd2-d0f1aa02f12f@group-B29EE812FB58, cid=3166, SUCCESS, logIndex=4743, commits[1d6da99a-ba9a-4d72-abd2-d0f1aa02f12f:c4743, 9dc27687-2024-46ae-8b6e-c9027bfa400e:c4740, 9c9c57da-14dc-454a-b374-789aa5e765a9:c4740]
2019-09-16 23:35:18,835 [grpc-default-executor-7] INFO  client.GrpcClientProtocolClient (GrpcClientProtocolClient.java:onNext(264)) - client-C79DE3E06697->1d6da99a-ba9a-4d72-abd2-d0f1aa02f12f: receive RaftClientReply:client-C79DE3E06697->1d6da99a-ba9a-4d72-abd2-d0f1aa02f12f@group-B29EE812FB58, cid=3167, SUCCESS, logIndex=4744, commits[1d6da99a-ba9a-4d72-abd2-d0f1aa02f12f:c4744, 9dc27687-2024-46ae-8b6e-c9027bfa400e:c4740, 9c9c57da-14dc-454a-b374-789aa5e765a9:c4740]
2019-09-16 23:35:18,848 [grpc-default-executor-7] INFO  client.GrpcClientProtocolClient (GrpcClientProtocolClient.java:onNext(264)) - client-C79DE3E06697->1d6da99a-ba9a-4d72-abd2-d0f1aa02f12f: receive RaftClientReply:client-C79DE3E06697->1d6da99a-ba9a-4d72-abd2-d0f1aa02f12f@group-B29EE812FB58, cid=3168, SUCCESS, logIndex=0, commits[1d6da99a-ba9a-4d72-abd2-d0f1aa02f12f:c4746, 9dc27687-2024-46ae-8b6e-c9027bfa400e:c4742, 9c9c57da-14dc-454a-b374-789aa5e765a9:c4742]
2019-09-16 23:35:18,867 [grpc-default-executor-0] INFO  client.GrpcClientProtocolClient (GrpcClientProtocolClient.java:onNext(264)) - client-C79DE3E06697->1d6da99a-ba9a-4d72-abd2-d0f1aa02f12f: receive RaftClientReply:client-C79DE3E06697->1d6da99a-ba9a-4d72-abd2-d0f1aa02f12f@group-B29EE812FB58, cid=3169, SUCCESS, logIndex=4749, commits[1d6da99a-ba9a-4d72-abd2-d0f1aa02f12f:c4750, 9dc27687-2024-46ae-8b6e-c9027bfa400e:c4748, 9c9c57da-14dc-454a-b374-789aa5e765a9:c4748]
2019-09-16 23:35:18,867 [grpc-default-executor-0] INFO  client.GrpcClientProtocolClient (GrpcClientProtocolClient.java:onNext(264)) - client-C79DE3E06697->1d6da99a-ba9a-4d72-abd2-d0f1aa02f12f: receive RaftClientReply:client-C79DE3E06697->1d6da99a-ba9a-4d72-abd2-d0f1aa02f12f@group-B29EE812FB58, cid=3170, SUCCESS, logIndex=4750, commits[1d6da99a-ba9a-4d72-abd2-d0f1aa02f12f:c4750, 9dc27687-2024-46ae-8b6e-c9027bfa400e:c4748, 9c9c57da-14dc-454a-b374-789aa5e765a9:c4748]
2019-09-16 23:35:18,880 [grpc-default-executor-0] INFO  client.GrpcClientProtocolClient (GrpcClientProtocolClient.java:onNext(264)) - client-C79DE3E06697->1d6da99a-ba9a-4d72-abd2-d0f1aa02f12f: receive RaftClientReply:client-C79DE3E06697->1d6da99a-ba9a-4d72-abd2-d0f1aa02f12f@group-B29EE812FB58, cid=3171, SUCCESS, logIndex=4753, commits[1d6da99a-ba9a-4d72-abd2-d0f1aa02f12f:c4754, 9dc27687-2024-46ae-8b6e-c9027bfa400e:c4750, 9c9c57da-14dc-454a-b374-789aa5e765a9:c4750]
2019-09-16 23:35:18,880 [grpc-default-executor-0] INFO  client.GrpcClientProtocolClient (GrpcClientProtocolClient.java:onNext(264)) - client-C79DE3E06697->1d6da99a-ba9a-4d72-abd2-d0f1aa02f12f: receive RaftClientReply:client-C79DE3E06697->1d6da99a-ba9a-4d72-abd2-d0f1aa02f12f@group-B29EE812FB58, cid=3172, SUCCESS, logIndex=4754, commits[1d6da99a-ba9a-4d72-abd2-d0f1aa02f12f:c4754, 9dc27687-2024-46ae-8b6e-c9027bfa400e:c4750, 9c9c57da-14dc-454a-b374-789aa5e765a9:c4750]
2019-09-16 23:35:18,891 [grpc-default-executor-0] INFO  client.GrpcClientProtocolClient (GrpcClientProtocolClient.java:onNext(264)) - client-C79DE3E06697->1d6da99a-ba9a-4d72-abd2-d0f1aa02f12f: receive RaftClientReply:client-C79DE3E06697->1d6da99a-ba9a-4d72-abd2-d0f1aa02f12f@group-B29EE812FB58, cid=3173, SUCCESS, logIndex=0, commits[1d6da99a-ba9a-4d72-abd2-d0f1aa02f12f:c4755, 9dc27687-2024-46ae-8b6e-c9027bfa400e:c4754, 9c9c57da-14dc-454a-b374-789aa5e765a9:c4754]
2019-09-16 23:35:18,918 [grpc-default-executor-3] INFO  client.GrpcClientProtocolClient (GrpcClientProtocolClient.java:onNext(264)) - client-C79DE3E06697->1d6da99a-ba9a-4d72-abd2-d0f1aa02f12f: receive RaftClientReply:client-C79DE3E06697->1d6da99a-ba9a-4d72-abd2-d0f1aa02f12f@group-B29EE812FB58, cid=3174, SUCCESS, logIndex=4757, commits[1d6da99a-ba9a-4d72-abd2-d0f1aa02f12f:c4758, 9dc27687-2024-46ae-8b6e-c9027bfa400e:c4756, 9c9c57da-14dc-454a-b374-789aa5e765a9:c4756]
2019-09-16 23:35:18,918 [grpc-default-executor-3] INFO  client.GrpcClientProtocolClient (GrpcClientProtocolClient.java:onNext(264)) - client-C79DE3E06697->1d6da99a-ba9a-4d72-abd2-d0f1aa02f12f: receive RaftClientReply:client-C79DE3E06697->1d6da99a-ba9a-4d72-abd2-d0f1aa02f12f@group-B29EE812FB58, cid=3175, SUCCESS, logIndex=4758, commits[1d6da99a-ba9a-4d72-abd2-d0f1aa02f12f:c4758, 9dc27687-2024-46ae-8b6e-c9027bfa400e:c4756, 9c9c57da-14dc-454a-b374-789aa5e765a9:c4756]
2019-09-16 23:35:18,919 [grpc-default-executor-0] INFO  client.GrpcClientProtocolClient (GrpcClientProtocolClient.java:onNext(264)) - client-C79DE3E06697->1d6da99a-ba9a-4d72-abd2-d0f1aa02f12f: receive RaftClientReply:client-C79DE3E06697->1d6da99a-ba9a-4d72-abd2-d0f1aa02f12f@group-B29EE812FB58, cid=3176, SUCCESS, logIndex=4759, commits[1d6da99a-ba9a-4d72-abd2-d0f1aa02f12f:c4760, 9dc27687-2024-46ae-8b6e-c9027bfa400e:c4756, 9c9c57da-14dc-454a-b374-789aa5e765a9:c4756]
2019-09-16 23:35:18,919 [grpc-default-executor-3] INFO  client.GrpcClientProtocolClient (GrpcClientProtocolClient.java:onNext(264)) - client-C79DE3E06697->1d6da99a-ba9a-4d72-abd2-d0f1aa02f12f: receive RaftClientReply:client-C79DE3E06697->1d6da99a-ba9a-4d72-abd2-d0f1aa02f12f@group-B29EE812FB58, cid=3177, SUCCESS, logIndex=4760, commits[1d6da99a-ba9a-4d72-abd2-d0f1aa02f12f:c4760, 9dc27687-2024-46ae-8b6e-c9027bfa400e:c4756, 9c9c57da-14dc-454a-b374-789aa5e765a9:c4756]
2019-09-16 23:35:18,922 [grpc-default-executor-0] INFO  client.GrpcClientProtocolClient (GrpcClientProtocolClient.java:onNext(264)) - client-C79DE3E06697->1d6da99a-ba9a-4d72-abd2-d0f1aa02f12f: receive RaftClientReply:client-C79DE3E06697->1d6da99a-ba9a-4d72-abd2-d0f1aa02f12f@group-B29EE812FB58, cid=3178, SUCCESS, logIndex=0, commits[1d6da99a-ba9a-4d72-abd2-d0f1aa02f12f:c4762, 9dc27687-2024-46ae-8b6e-c9027bfa400e:c4758, 9c9c57da-14dc-454a-b374-789aa5e765a9:c4758]
2019-09-16 23:35:18,937 [grpc-default-executor-0] INFO  client.GrpcClientProtocolClient (GrpcClientProtocolClient.java:onNext(264)) - client-C79DE3E06697->1d6da99a-ba9a-4d72-abd2-d0f1aa02f12f: receive RaftClientReply:client-C79DE3E06697->1d6da99a-ba9a-4d72-abd2-d0f1aa02f12f@group-B29EE812FB58, cid=3179, SUCCESS, logIndex=4765, commits[1d6da99a-ba9a-4d72-abd2-d0f1aa02f12f:c4766, 9dc27687-2024-46ae-8b6e-c9027bfa400e:c4764, 9c9c57da-14dc-454a-b374-789aa5e765a9:c4764]
2019-09-16 23:35:18,937 [grpc-default-executor-0] INFO  client.GrpcClientProtocolClient (GrpcClientProtocolClient.java:onNext(264)) - client-C79DE3E06697->1d6da99a-ba9a-4d72-abd2-d0f1aa02f12f: receive RaftClientReply:client-C79DE3E06697->1d6da99a-ba9a-4d72-abd2-d0f1aa02f12f@group-B29EE812FB58, cid=3180, SUCCESS, logIndex=4766, commits[1d6da99a-ba9a-4d72-abd2-d0f1aa02f12f:c4766, 9dc27687-2024-46ae-8b6e-c9027bfa400e:c4764, 9c9c57da-14dc-454a-b374-789aa5e765a9:c4764]
2019-09-16 23:35:18,953 [grpc-default-executor-7] INFO  client.GrpcClientProtocolClient (GrpcClientProtocolClient.java:onNext(264)) - client-C79DE3E06697->1d6da99a-ba9a-4d72-abd2-d0f1aa02f12f: receive RaftClientReply:client-C79DE3E06697->1d6da99a-ba9a-4d72-abd2-d0f1aa02f12f@group-B29EE812FB58, cid=3181, SUCCESS, logIndex=4769, commits[1d6da99a-ba9a-4d72-abd2-d0f1aa02f12f:c4770, 9dc27687-2024-46ae-8b6e-c9027bfa400e:c4767, 9c9c57da-14dc-454a-b374-789aa5e765a9:c4766]
2019-09-16 23:35:18,954 [grpc-default-executor-7] INFO  client.GrpcClientProtocolClient (GrpcClientProtocolClient.java:onNext(264)) - client-C79DE3E06697->1d6da99a-ba9a-4d72-abd2-d0f1aa02f12f: receive RaftClientReply:client-C79DE3E06697->1d6da99a-ba9a-4d72-abd2-d0f1aa02f12f@group-B29EE812FB58, cid=3182, SUCCESS, logIndex=4770, commits[1d6da99a-ba9a-4d72-abd2-d0f1aa02f12f:c4770, 9dc27687-2024-46ae-8b6e-c9027bfa400e:c4767, 9c9c57da-14dc-454a-b374-789aa5e765a9:c4767]
2019-09-16 23:35:18,956 [grpc-default-executor-7] INFO  client.GrpcClientProtocolClient (GrpcClientProtocolClient.java:onNext(264)) - client-C79DE3E06697->1d6da99a-ba9a-4d72-abd2-d0f1aa02f12f: receive RaftClientReply:client-C79DE3E06697->1d6da99a-ba9a-4d72-abd2-d0f1aa02f12f@group-B29EE812FB58, cid=3183, SUCCESS, logIndex=0, commits[1d6da99a-ba9a-4d72-abd2-d0f1aa02f12f:c4771, 9dc27687-2024-46ae-8b6e-c9027bfa400e:c4770, 9c9c57da-14dc-454a-b374-789aa5e765a9:c4770]
2019-09-16 23:35:18,988 [grpc-default-executor-7] INFO  client.GrpcClientProtocolClient (GrpcClientProtocolClient.java:onNext(264)) - client-C79DE3E06697->1d6da99a-ba9a-4d72-abd2-d0f1aa02f12f: receive RaftClientReply:client-C79DE3E06697->1d6da99a-ba9a-4d72-abd2-d0f1aa02f12f@group-B29EE812FB58, cid=3184, SUCCESS, logIndex=4773, commits[1d6da99a-ba9a-4d72-abd2-d0f1aa02f12f:c4776, 9dc27687-2024-46ae-8b6e-c9027bfa400e:c4772, 9c9c57da-14dc-454a-b374-789aa5e765a9:c4770]
2019-09-16 23:35:18,988 [grpc-default-executor-7] INFO  client.GrpcClientProtocolClient (GrpcClientProtocolClient.java:onNext(264)) - client-C79DE3E06697->1d6da99a-ba9a-4d72-abd2-d0f1aa02f12f: receive RaftClientReply:client-C79DE3E06697->1d6da99a-ba9a-4d72-abd2-d0f1aa02f12f@group-B29EE812FB58, cid=3185, SUCCESS, logIndex=4774, commits[1d6da99a-ba9a-4d72-abd2-d0f1aa02f12f:c4776, 9dc27687-2024-46ae-8b6e-c9027bfa400e:c4772, 9c9c57da-14dc-454a-b374-789aa5e765a9:c4772]
2019-09-16 23:35:18,989 [grpc-default-executor-1] INFO  client.GrpcClientProtocolClient (GrpcClientProtocolClient.java:onNext(264)) - client-C79DE3E06697->1d6da99a-ba9a-4d72-abd2-d0f1aa02f12f: receive RaftClientReply:client-C79DE3E06697->1d6da99a-ba9a-4d72-abd2-d0f1aa02f12f@group-B29EE812FB58, cid=3186, SUCCESS, logIndex=4775, commits[1d6da99a-ba9a-4d72-abd2-d0f1aa02f12f:c4776, 9dc27687-2024-46ae-8b6e-c9027bfa400e:c4772, 9c9c57da-14dc-454a-b374-789aa5e765a9:c4772]
2019-09-16 23:35:18,989 [grpc-default-executor-1] INFO  client.GrpcClientProtocolClient (GrpcClientProtocolClient.java:onNext(264)) - client-C79DE3E06697->1d6da99a-ba9a-4d72-abd2-d0f1aa02f12f: receive RaftClientReply:client-C79DE3E06697->1d6da99a-ba9a-4d72-abd2-d0f1aa02f12f@group-B29EE812FB58, cid=3187, SUCCESS, logIndex=4776, commits[1d6da99a-ba9a-4d72-abd2-d0f1aa02f12f:c4776, 9dc27687-2024-46ae-8b6e-c9027bfa400e:c4772, 9c9c57da-14dc-454a-b374-789aa5e765a9:c4772]
2019-09-16 23:35:18,989 [grpc-default-executor-1] INFO  client.GrpcClientProtocolClient (GrpcClientProtocolClient.java:onNext(264)) - client-C79DE3E06697->1d6da99a-ba9a-4d72-abd2-d0f1aa02f12f: receive RaftClientReply:client-C79DE3E06697->1d6da99a-ba9a-4d72-abd2-d0f1aa02f12f@group-B29EE812FB58, cid=3188, SUCCESS, logIndex=0, commits[1d6da99a-ba9a-4d72-abd2-d0f1aa02f12f:c4777, 9dc27687-2024-46ae-8b6e-c9027bfa400e:c4774, 9c9c57da-14dc-454a-b374-789aa5e765a9:c4774]
2019-09-16 23:35:19,023 [grpc-default-executor-3] INFO  client.GrpcClientProtocolClient (GrpcClientProtocolClient.java:onNext(264)) - client-C79DE3E06697->1d6da99a-ba9a-4d72-abd2-d0f1aa02f12f: receive RaftClientReply:client-C79DE3E06697->1d6da99a-ba9a-4d72-abd2-d0f1aa02f12f@group-B29EE812FB58, cid=3189, SUCCESS, logIndex=4781, commits[1d6da99a-ba9a-4d72-abd2-d0f1aa02f12f:c4782, 9dc27687-2024-46ae-8b6e-c9027bfa400e:c4780, 9c9c57da-14dc-454a-b374-789aa5e765a9:c4780]
2019-09-16 23:35:19,023 [grpc-default-executor-3] INFO  client.GrpcClientProtocolClient (GrpcClientProtocolClient.java:onNext(264)) - client-C79DE3E06697->1d6da99a-ba9a-4d72-abd2-d0f1aa02f12f: receive RaftClientReply:client-C79DE3E06697->1d6da99a-ba9a-4d72-abd2-d0f1aa02f12f@group-B29EE812FB58, cid=3190, SUCCESS, logIndex=4782, commits[1d6da99a-ba9a-4d72-abd2-d0f1aa02f12f:c4782, 9dc27687-2024-46ae-8b6e-c9027bfa400e:c4780, 9c9c57da-14dc-454a-b374-789aa5e765a9:c4780]
2019-09-16 23:35:19,037 [grpc-default-executor-1] INFO  client.GrpcClientProtocolClient (GrpcClientProtocolClient.java:onNext(264)) - client-C79DE3E06697->1d6da99a-ba9a-4d72-abd2-d0f1aa02f12f: receive RaftClientReply:client-C79DE3E06697->1d6da99a-ba9a-4d72-abd2-d0f1aa02f12f@group-B29EE812FB58, cid=3191, SUCCESS, logIndex=4785, commits[1d6da99a-ba9a-4d72-abd2-d0f1aa02f12f:c4786, 9dc27687-2024-46ae-8b6e-c9027bfa400e:c4782, 9c9c57da-14dc-454a-b374-789aa5e765a9:c4782]
2019-09-16 23:35:19,038 [grpc-default-executor-1] INFO  client.GrpcClientProtocolClient (GrpcClientProtocolClient.java:onNext(264)) - client-C79DE3E06697->1d6da99a-ba9a-4d72-abd2-d0f1aa02f12f: receive RaftClientReply:client-C79DE3E06697->1d6da99a-ba9a-4d72-abd2-d0f1aa02f12f@group-B29EE812FB58, cid=3192, SUCCESS, logIndex=4786, commits[1d6da99a-ba9a-4d72-abd2-d0f1aa02f12f:c4786, 9dc27687-2024-46ae-8b6e-c9027bfa400e:c4782, 9c9c57da-14dc-454a-b374-789aa5e765a9:c4782]
2019-09-16 23:35:19,049 [grpc-default-executor-1] INFO  client.GrpcClientProtocolClient (GrpcClientProtocolClient.java:onNext(264)) - client-C79DE3E06697->1d6da99a-ba9a-4d72-abd2-d0f1aa02f12f: receive RaftClientReply:client-C79DE3E06697->1d6da99a-ba9a-4d72-abd2-d0f1aa02f12f@group-B29EE812FB58, cid=3193, SUCCESS, logIndex=0, commits[1d6da99a-ba9a-4d72-abd2-d0f1aa02f12f:c4787, 9dc27687-2024-46ae-8b6e-c9027bfa400e:c4786, 9c9c57da-14dc-454a-b374-789aa5e765a9:c4786]
2019-09-16 23:35:19,075 [grpc-default-executor-3] INFO  client.GrpcClientProtocolClient (GrpcClientProtocolClient.java:onNext(264)) - client-C79DE3E06697->1d6da99a-ba9a-4d72-abd2-d0f1aa02f12f: receive RaftClientReply:client-C79DE3E06697->1d6da99a-ba9a-4d72-abd2-d0f1aa02f12f@group-B29EE812FB58, cid=3194, SUCCESS, logIndex=4789, commits[1d6da99a-ba9a-4d72-abd2-d0f1aa02f12f:c4791, 9dc27687-2024-46ae-8b6e-c9027bfa400e:c4788, 9c9c57da-14dc-454a-b374-789aa5e765a9:c4788]
2019-09-16 23:35:19,075 [grpc-default-executor-3] INFO  client.GrpcClientProtocolClient (GrpcClientProtocolClient.java:onNext(264)) - client-C79DE3E06697->1d6da99a-ba9a-4d72-abd2-d0f1aa02f12f: receive RaftClientReply:client-C79DE3E06697->1d6da99a-ba9a-4d72-abd2-d0f1aa02f12f@group-B29EE812FB58, cid=3195, SUCCESS, logIndex=4790, commits[1d6da99a-ba9a-4d72-abd2-d0f1aa02f12f:c4792, 9dc27687-2024-46ae-8b6e-c9027bfa400e:c4788, 9c9c57da-14dc-454a-b374-789aa5e765a9:c4788]
2019-09-16 23:35:19,075 [grpc-default-executor-3] INFO  client.GrpcClientProtocolClient (GrpcClientProtocolClient.java:onNext(264)) - client-C79DE3E06697->1d6da99a-ba9a-4d72-abd2-d0f1aa02f12f: receive RaftClientReply:client-C79DE3E06697->1d6da99a-ba9a-4d72-abd2-d0f1aa02f12f@group-B29EE812FB58, cid=3196, SUCCESS, logIndex=4791, commits[1d6da99a-ba9a-4d72-abd2-d0f1aa02f12f:c4792, 9dc27687-2024-46ae-8b6e-c9027bfa400e:c4788, 9c9c57da-14dc-454a-b374-789aa5e765a9:c4788]
2019-09-16 23:35:19,076 [grpc-default-executor-3] INFO  client.GrpcClientProtocolClient (GrpcClientProtocolClient.java:onNext(264)) - client-C79DE3E06697->1d6da99a-ba9a-4d72-abd2-d0f1aa02f12f: receive RaftClientReply:client-C79DE3E06697->1d6da99a-ba9a-4d72-abd2-d0f1aa02f12f@group-B29EE812FB58, cid=3197, SUCCESS, logIndex=4792, commits[1d6da99a-ba9a-4d72-abd2-d0f1aa02f12f:c4792, 9dc27687-2024-46ae-8b6e-c9027bfa400e:c4788, 9c9c57da-14dc-454a-b374-789aa5e765a9:c4788]
2019-09-16 23:35:19,076 [grpc-default-executor-3] INFO  client.GrpcClientProtocolClient (GrpcClientProtocolClient.java:onNext(264)) - client-C79DE3E06697->1d6da99a-ba9a-4d72-abd2-d0f1aa02f12f: receive RaftClientReply:client-C79DE3E06697->1d6da99a-ba9a-4d72-abd2-d0f1aa02f12f@group-B29EE812FB58, cid=3198, SUCCESS, logIndex=0, commits[1d6da99a-ba9a-4d72-abd2-d0f1aa02f12f:c4794, 9dc27687-2024-46ae-8b6e-c9027bfa400e:c4790, 9c9c57da-14dc-454a-b374-789aa5e765a9:c4790]
2019-09-16 23:35:19,094 [grpc-default-executor-0] INFO  client.GrpcClientProtocolClient (GrpcClientProtocolClient.java:onNext(264)) - client-C79DE3E06697->1d6da99a-ba9a-4d72-abd2-d0f1aa02f12f: receive RaftClientReply:client-C79DE3E06697->1d6da99a-ba9a-4d72-abd2-d0f1aa02f12f@group-B29EE812FB58, cid=3199, SUCCESS, logIndex=4797, commits[1d6da99a-ba9a-4d72-abd2-d0f1aa02f12f:c4798, 9dc27687-2024-46ae-8b6e-c9027bfa400e:c4796, 9c9c57da-14dc-454a-b374-789aa5e765a9:c4796]
2019-09-16 23:35:19,094 [grpc-default-executor-0] INFO  client.GrpcClientProtocolClient (GrpcClientProtocolClient.java:onNext(264)) - client-C79DE3E06697->1d6da99a-ba9a-4d72-abd2-d0f1aa02f12f: receive RaftClientReply:client-C79DE3E06697->1d6da99a-ba9a-4d72-abd2-d0f1aa02f12f@group-B29EE812FB58, cid=3200, SUCCESS, logIndex=4798, commits[1d6da99a-ba9a-4d72-abd2-d0f1aa02f12f:c4798, 9dc27687-2024-46ae-8b6e-c9027bfa400e:c4796, 9c9c57da-14dc-454a-b374-789aa5e765a9:c4796]
2019-09-16 23:35:19,110 [grpc-default-executor-7] INFO  client.GrpcClientProtocolClient (GrpcClientProtocolClient.java:onNext(264)) - client-C79DE3E06697->1d6da99a-ba9a-4d72-abd2-d0f1aa02f12f: receive RaftClientReply:client-C79DE3E06697->1d6da99a-ba9a-4d72-abd2-d0f1aa02f12f@group-B29EE812FB58, cid=3201, SUCCESS, logIndex=4801, commits[1d6da99a-ba9a-4d72-abd2-d0f1aa02f12f:c4802, 9dc27687-2024-46ae-8b6e-c9027bfa400e:c4798, 9c9c57da-14dc-454a-b374-789aa5e765a9:c4798]
2019-09-16 23:35:19,110 [grpc-default-executor-7] INFO  client.GrpcClientProtocolClient (GrpcClientProtocolClient.java:onNext(264)) - client-C79DE3E06697->1d6da99a-ba9a-4d72-abd2-d0f1aa02f12f: receive RaftClientReply:client-C79DE3E06697->1d6da99a-ba9a-4d72-abd2-d0f1aa02f12f@group-B29EE812FB58, cid=3202, SUCCESS, logIndex=4802, commits[1d6da99a-ba9a-4d72-abd2-d0f1aa02f12f:c4802, 9dc27687-2024-46ae-8b6e-c9027bfa400e:c4798, 9c9c57da-14dc-454a-b374-789aa5e765a9:c4798]
2019-09-16 23:35:19,124 [grpc-default-executor-3] INFO  client.GrpcClientProtocolClient (GrpcClientProtocolClient.java:onNext(264)) - client-C79DE3E06697->1d6da99a-ba9a-4d72-abd2-d0f1aa02f12f: receive RaftClientReply:client-C79DE3E06697->1d6da99a-ba9a-4d72-abd2-d0f1aa02f12f@group-B29EE812FB58, cid=3203, SUCCESS, logIndex=0, commits[1d6da99a-ba9a-4d72-abd2-d0f1aa02f12f:c4804, 9dc27687-2024-46ae-8b6e-c9027bfa400e:c4802, 9c9c57da-14dc-454a-b374-789aa5e765a9:c4802]
2019-09-16 23:35:19,151 [grpc-default-executor-7] INFO  client.GrpcClientProtocolClient (GrpcClientProtocolClient.java:onNext(264)) - client-C79DE3E06697->1d6da99a-ba9a-4d72-abd2-d0f1aa02f12f: receive RaftClientReply:client-C79DE3E06697->1d6da99a-ba9a-4d72-abd2-d0f1aa02f12f@group-B29EE812FB58, cid=3204, SUCCESS, logIndex=4805, commits[1d6da99a-ba9a-4d72-abd2-d0f1aa02f12f:c4806, 9dc27687-2024-46ae-8b6e-c9027bfa400e:c4804, 9c9c57da-14dc-454a-b374-789aa5e765a9:c4804]
2019-09-16 23:35:19,152 [grpc-default-executor-7] INFO  client.GrpcClientProtocolClient (GrpcClientProtocolClient.java:onNext(264)) - client-C79DE3E06697->1d6da99a-ba9a-4d72-abd2-d0f1aa02f12f: receive RaftClientReply:client-C79DE3E06697->1d6da99a-ba9a-4d72-abd2-d0f1aa02f12f@group-B29EE812FB58, cid=3205, SUCCESS, logIndex=4806, commits[1d6da99a-ba9a-4d72-abd2-d0f1aa02f12f:c4808, 9dc27687-2024-46ae-8b6e-c9027bfa400e:c4804, 9c9c57da-14dc-454a-b374-789aa5e765a9:c4804]
2019-09-16 23:35:19,152 [grpc-default-executor-7] INFO  client.GrpcClientProtocolClient (GrpcClientProtocolClient.java:onNext(264)) - client-C79DE3E06697->1d6da99a-ba9a-4d72-abd2-d0f1aa02f12f: receive RaftClientReply:client-C79DE3E06697->1d6da99a-ba9a-4d72-abd2-d0f1aa02f12f@group-B29EE812FB58, cid=3206, SUCCESS, logIndex=4807, commits[1d6da99a-ba9a-4d72-abd2-d0f1aa02f12f:c4808, 9dc27687-2024-46ae-8b6e-c9027bfa400e:c4804, 9c9c57da-14dc-454a-b374-789aa5e765a9:c4804]
2019-09-16 23:35:19,152 [grpc-default-executor-7] INFO  client.GrpcClientProtocolClient (GrpcClientProtocolClient.java:onNext(264)) - client-C79DE3E06697->1d6da99a-ba9a-4d72-abd2-d0f1aa02f12f: receive RaftClientReply:client-C79DE3E06697->1d6da99a-ba9a-4d72-abd2-d0f1aa02f12f@group-B29EE812FB58, cid=3207, SUCCESS, logIndex=4808, commits[1d6da99a-ba9a-4d72-abd2-d0f1aa02f12f:c4808, 9dc27687-2024-46ae-8b6e-c9027bfa400e:c4804, 9c9c57da-14dc-454a-b374-789aa5e765a9:c4804]
2019-09-16 23:35:19,153 [grpc-default-executor-0] INFO  client.GrpcClientProtocolClient (GrpcClientProtocolClient.java:onNext(264)) - client-C79DE3E06697->1d6da99a-ba9a-4d72-abd2-d0f1aa02f12f: receive RaftClientReply:client-C79DE3E06697->1d6da99a-ba9a-4d72-abd2-d0f1aa02f12f@group-B29EE812FB58, cid=3208, SUCCESS, logIndex=0, commits[1d6da99a-ba9a-4d72-abd2-d0f1aa02f12f:c4812, 9dc27687-2024-46ae-8b6e-c9027bfa400e:c4806, 9c9c57da-14dc-454a-b374-789aa5e765a9:c4808]
2019-09-16 23:35:19,171 [grpc-default-executor-7] INFO  client.GrpcClientProtocolClient (GrpcClientProtocolClient.java:onNext(264)) - client-C79DE3E06697->1d6da99a-ba9a-4d72-abd2-d0f1aa02f12f: receive RaftClientReply:client-C79DE3E06697->1d6da99a-ba9a-4d72-abd2-d0f1aa02f12f@group-B29EE812FB58, cid=3209, SUCCESS, logIndex=4813, commits[1d6da99a-ba9a-4d72-abd2-d0f1aa02f12f:c4814, 9dc27687-2024-46ae-8b6e-c9027bfa400e:c4812, 9c9c57da-14dc-454a-b374-789aa5e765a9:c4812]
2019-09-16 23:35:19,172 [grpc-default-executor-7] INFO  client.GrpcClientProtocolClient (GrpcClientProtocolClient.java:onNext(264)) - client-C79DE3E06697->1d6da99a-ba9a-4d72-abd2-d0f1aa02f12f: receive RaftClientReply:client-C79DE3E06697->1d6da99a-ba9a-4d72-abd2-d0f1aa02f12f@group-B29EE812FB58, cid=3210, SUCCESS, logIndex=4814, commits[1d6da99a-ba9a-4d72-abd2-d0f1aa02f12f:c4814, 9dc27687-2024-46ae-8b6e-c9027bfa400e:c4812, 9c9c57da-14dc-454a-b374-789aa5e765a9:c4812]
2019-09-16 23:35:19,213 [grpc-default-executor-3] INFO  client.GrpcClientProtocolClient (GrpcClientProtocolClient.java:onNext(264)) - client-C79DE3E06697->1d6da99a-ba9a-4d72-abd2-d0f1aa02f12f: receive RaftClientReply:client-C79DE3E06697->1d6da99a-ba9a-4d72-abd2-d0f1aa02f12f@group-B29EE812FB58, cid=3211, SUCCESS, logIndex=4817, commits[1d6da99a-ba9a-4d72-abd2-d0f1aa02f12f:c4818, 9dc27687-2024-46ae-8b6e-c9027bfa400e:c4814, 9c9c57da-14dc-454a-b374-789aa5e765a9:c4815]
2019-09-16 23:35:19,214 [grpc-default-executor-3] INFO  client.GrpcClientProtocolClient (GrpcClientProtocolClient.java:onNext(264)) - client-C79DE3E06697->1d6da99a-ba9a-4d72-abd2-d0f1aa02f12f: receive RaftClientReply:client-C79DE3E06697->1d6da99a-ba9a-4d72-abd2-d0f1aa02f12f@group-B29EE812FB58, cid=3212, SUCCESS, logIndex=4818, commits[1d6da99a-ba9a-4d72-abd2-d0f1aa02f12f:c4818, 9dc27687-2024-46ae-8b6e-c9027bfa400e:c4816, 9c9c57da-14dc-454a-b374-789aa5e765a9:c4815]
2019-09-16 23:35:19,215 [grpc-default-executor-0] INFO  client.GrpcClientProtocolClient (GrpcClientProtocolClient.java:onNext(264)) - client-C79DE3E06697->1d6da99a-ba9a-4d72-abd2-d0f1aa02f12f: receive RaftClientReply:client-C79DE3E06697->1d6da99a-ba9a-4d72-abd2-d0f1aa02f12f@group-B29EE812FB58, cid=3213, SUCCESS, logIndex=0, commits[1d6da99a-ba9a-4d72-abd2-d0f1aa02f12f:c4819, 9dc27687-2024-46ae-8b6e-c9027bfa400e:c4818, 9c9c57da-14dc-454a-b374-789aa5e765a9:c4818]
2019-09-16 23:35:19,247 [grpc-default-executor-3] INFO  client.GrpcClientProtocolClient (GrpcClientProtocolClient.java:onNext(264)) - client-C79DE3E06697->1d6da99a-ba9a-4d72-abd2-d0f1aa02f12f: receive RaftClientReply:client-C79DE3E06697->1d6da99a-ba9a-4d72-abd2-d0f1aa02f12f@group-B29EE812FB58, cid=3214, SUCCESS, logIndex=4821, commits[1d6da99a-ba9a-4d72-abd2-d0f1aa02f12f:c4822, 9dc27687-2024-46ae-8b6e-c9027bfa400e:c4820, 9c9c57da-14dc-454a-b374-789aa5e765a9:c4820]
2019-09-16 23:35:19,248 [grpc-default-executor-3] INFO  client.GrpcClientProtocolClient (GrpcClientProtocolClient.java:onNext(264)) - client-C79DE3E06697->1d6da99a-ba9a-4d72-abd2-d0f1aa02f12f: receive RaftClientReply:client-C79DE3E06697->1d6da99a-ba9a-4d72-abd2-d0f1aa02f12f@group-B29EE812FB58, cid=3215, SUCCESS, logIndex=4822, commits[1d6da99a-ba9a-4d72-abd2-d0f1aa02f12f:c4822, 9dc27687-2024-46ae-8b6e-c9027bfa400e:c4820, 9c9c57da-14dc-454a-b374-789aa5e765a9:c4820]
2019-09-16 23:35:19,259 [grpc-default-executor-3] INFO  client.GrpcClientProtocolClient (GrpcClientProtocolClient.java:onNext(264)) - client-C79DE3E06697->1d6da99a-ba9a-4d72-abd2-d0f1aa02f12f: receive RaftClientReply:client-C79DE3E06697->1d6da99a-ba9a-4d72-abd2-d0f1aa02f12f@group-B29EE812FB58, cid=3216, SUCCESS, logIndex=4823, commits[1d6da99a-ba9a-4d72-abd2-d0f1aa02f12f:c4824, 9dc27687-2024-46ae-8b6e-c9027bfa400e:c4820, 9c9c57da-14dc-454a-b374-789aa5e765a9:c4820]
2019-09-16 23:35:19,259 [grpc-default-executor-3] INFO  client.GrpcClientProtocolClient (GrpcClientProtocolClient.java:onNext(264)) - client-C79DE3E06697->1d6da99a-ba9a-4d72-abd2-d0f1aa02f12f: receive RaftClientReply:client-C79DE3E06697->1d6da99a-ba9a-4d72-abd2-d0f1aa02f12f@group-B29EE812FB58, cid=3217, SUCCESS, logIndex=4824, commits[1d6da99a-ba9a-4d72-abd2-d0f1aa02f12f:c4824, 9dc27687-2024-46ae-8b6e-c9027bfa400e:c4820, 9c9c57da-14dc-454a-b374-789aa5e765a9:c4820]
2019-09-16 23:35:19,262 [grpc-default-executor-3] INFO  client.GrpcClientProtocolClient (GrpcClientProtocolClient.java:onNext(264)) - client-C79DE3E06697->1d6da99a-ba9a-4d72-abd2-d0f1aa02f12f: receive RaftClientReply:client-C79DE3E06697->1d6da99a-ba9a-4d72-abd2-d0f1aa02f12f@group-B29EE812FB58, cid=3218, SUCCESS, logIndex=0, commits[1d6da99a-ba9a-4d72-abd2-d0f1aa02f12f:c4826, 9dc27687-2024-46ae-8b6e-c9027bfa400e:c4822, 9c9c57da-14dc-454a-b374-789aa5e765a9:c4822]
2019-09-16 23:35:19,288 [grpc-default-executor-3] INFO  client.GrpcClientProtocolClient (GrpcClientProtocolClient.java:onNext(264)) - client-C79DE3E06697->1d6da99a-ba9a-4d72-abd2-d0f1aa02f12f: receive RaftClientReply:client-C79DE3E06697->1d6da99a-ba9a-4d72-abd2-d0f1aa02f12f@group-B29EE812FB58, cid=3219, SUCCESS, logIndex=4829, commits[1d6da99a-ba9a-4d72-abd2-d0f1aa02f12f:c4830, 9dc27687-2024-46ae-8b6e-c9027bfa400e:c4824, 9c9c57da-14dc-454a-b374-789aa5e765a9:c4826]
2019-09-16 23:35:19,288 [grpc-default-executor-3] INFO  client.GrpcClientProtocolClient (GrpcClientProtocolClient.java:onNext(264)) - client-C79DE3E06697->1d6da99a-ba9a-4d72-abd2-d0f1aa02f12f: receive RaftClientReply:client-C79DE3E06697->1d6da99a-ba9a-4d72-abd2-d0f1aa02f12f@group-B29EE812FB58, cid=3220, SUCCESS, logIndex=4830, commits[1d6da99a-ba9a-4d72-abd2-d0f1aa02f12f:c4830, 9dc27687-2024-46ae-8b6e-c9027bfa400e:c4826, 9c9c57da-14dc-454a-b374-789aa5e765a9:c4826]
2019-09-16 23:35:19,314 [grpc-default-executor-7] INFO  client.GrpcClientProtocolClient (GrpcClientProtocolClient.java:onNext(264)) - client-C79DE3E06697->1d6da99a-ba9a-4d72-abd2-d0f1aa02f12f: receive RaftClientReply:client-C79DE3E06697->1d6da99a-ba9a-4d72-abd2-d0f1aa02f12f@group-B29EE812FB58, cid=3221, SUCCESS, logIndex=4832, commits[1d6da99a-ba9a-4d72-abd2-d0f1aa02f12f:c4833, 9dc27687-2024-46ae-8b6e-c9027bfa400e:c4830, 9c9c57da-14dc-454a-b374-789aa5e765a9:c4830]
2019-09-16 23:35:19,314 [grpc-default-executor-7] INFO  client.GrpcClientProtocolClient (GrpcClientProtocolClient.java:onNext(264)) - client-C79DE3E06697->1d6da99a-ba9a-4d72-abd2-d0f1aa02f12f: receive RaftClientReply:client-C79DE3E06697->1d6da99a-ba9a-4d72-abd2-d0f1aa02f12f@group-B29EE812FB58, cid=3222, SUCCESS, logIndex=4833, commits[1d6da99a-ba9a-4d72-abd2-d0f1aa02f12f:c4833, 9dc27687-2024-46ae-8b6e-c9027bfa400e:c4830, 9c9c57da-14dc-454a-b374-789aa5e765a9:c4830]
2019-09-16 23:35:19,338 [grpc-default-executor-7] INFO  client.GrpcClientProtocolClient (GrpcClientProtocolClient.java:onNext(264)) - client-C79DE3E06697->1d6da99a-ba9a-4d72-abd2-d0f1aa02f12f: receive RaftClientReply:client-C79DE3E06697->1d6da99a-ba9a-4d72-abd2-d0f1aa02f12f@group-B29EE812FB58, cid=3223, SUCCESS, logIndex=0, commits[1d6da99a-ba9a-4d72-abd2-d0f1aa02f12f:c4835, 9dc27687-2024-46ae-8b6e-c9027bfa400e:c4833, 9c9c57da-14dc-454a-b374-789aa5e765a9:c4833]
2019-09-16 23:35:19,368 [grpc-default-executor-0] INFO  client.GrpcClientProtocolClient (GrpcClientProtocolClient.java:onNext(264)) - client-C79DE3E06697->1d6da99a-ba9a-4d72-abd2-d0f1aa02f12f: receive RaftClientReply:client-C79DE3E06697->1d6da99a-ba9a-4d72-abd2-d0f1aa02f12f@group-B29EE812FB58, cid=3224, SUCCESS, logIndex=4836, commits[1d6da99a-ba9a-4d72-abd2-d0f1aa02f12f:c4837, 9dc27687-2024-46ae-8b6e-c9027bfa400e:c4835, 9c9c57da-14dc-454a-b374-789aa5e765a9:c4835]
2019-09-16 23:35:19,368 [grpc-default-executor-0] INFO  client.GrpcClientProtocolClient (GrpcClientProtocolClient.java:onNext(264)) - client-C79DE3E06697->1d6da99a-ba9a-4d72-abd2-d0f1aa02f12f: receive RaftClientReply:client-C79DE3E06697->1d6da99a-ba9a-4d72-abd2-d0f1aa02f12f@group-B29EE812FB58, cid=3225, SUCCESS, logIndex=4837, commits[1d6da99a-ba9a-4d72-abd2-d0f1aa02f12f:c4837, 9dc27687-2024-46ae-8b6e-c9027bfa400e:c4835, 9c9c57da-14dc-454a-b374-789aa5e765a9:c4835]
2019-09-16 23:35:19,381 [grpc-default-executor-0] INFO  client.GrpcClientProtocolClient (GrpcClientProtocolClient.java:onNext(264)) - client-C79DE3E06697->1d6da99a-ba9a-4d72-abd2-d0f1aa02f12f: receive RaftClientReply:client-C79DE3E06697->1d6da99a-ba9a-4d72-abd2-d0f1aa02f12f@group-B29EE812FB58, cid=3226, SUCCESS, logIndex=4838, commits[1d6da99a-ba9a-4d72-abd2-d0f1aa02f12f:c4838, 9dc27687-2024-46ae-8b6e-c9027bfa400e:c4835, 9c9c57da-14dc-454a-b374-789aa5e765a9:c4835]
2019-09-16 23:35:19,381 [grpc-default-executor-0] INFO  client.GrpcClientProtocolClient (GrpcClientProtocolClient.java:onNext(264)) - client-C79DE3E06697->1d6da99a-ba9a-4d72-abd2-d0f1aa02f12f: receive RaftClientReply:client-C79DE3E06697->1d6da99a-ba9a-4d72-abd2-d0f1aa02f12f@group-B29EE812FB58, cid=3227, SUCCESS, logIndex=4839, commits[1d6da99a-ba9a-4d72-abd2-d0f1aa02f12f:c4839, 9dc27687-2024-46ae-8b6e-c9027bfa400e:c4835, 9c9c57da-14dc-454a-b374-789aa5e765a9:c4835]
2019-09-16 23:35:19,382 [grpc-default-executor-0] INFO  client.GrpcClientProtocolClient (GrpcClientProtocolClient.java:onNext(264)) - client-C79DE3E06697->1d6da99a-ba9a-4d72-abd2-d0f1aa02f12f: receive RaftClientReply:client-C79DE3E06697->1d6da99a-ba9a-4d72-abd2-d0f1aa02f12f@group-B29EE812FB58, cid=3228, SUCCESS, logIndex=0, commits[1d6da99a-ba9a-4d72-abd2-d0f1aa02f12f:c4841, 9dc27687-2024-46ae-8b6e-c9027bfa400e:c4837, 9c9c57da-14dc-454a-b374-789aa5e765a9:c4837]
2019-09-16 23:35:19,391 [grpc-default-executor-7] INFO  client.GrpcClientProtocolClient (GrpcClientProtocolClient.java:onNext(264)) - client-C79DE3E06697->1d6da99a-ba9a-4d72-abd2-d0f1aa02f12f: receive RaftClientReply:client-C79DE3E06697->1d6da99a-ba9a-4d72-abd2-d0f1aa02f12f@group-B29EE812FB58, cid=3229, SUCCESS, logIndex=4844, commits[1d6da99a-ba9a-4d72-abd2-d0f1aa02f12f:c4845, 9dc27687-2024-46ae-8b6e-c9027bfa400e:c4839, 9c9c57da-14dc-454a-b374-789aa5e765a9:c4843]
2019-09-16 23:35:19,392 [grpc-default-executor-7] INFO  client.GrpcClientProtocolClient (GrpcClientProtocolClient.java:onNext(264)) - client-C79DE3E06697->1d6da99a-ba9a-4d72-abd2-d0f1aa02f12f: receive RaftClientReply:client-C79DE3E06697->1d6da99a-ba9a-4d72-abd2-d0f1aa02f12f@group-B29EE812FB58, cid=3230, SUCCESS, logIndex=4845, commits[1d6da99a-ba9a-4d72-abd2-d0f1aa02f12f:c4845, 9dc27687-2024-46ae-8b6e-c9027bfa400e:c4839, 9c9c57da-14dc-454a-b374-789aa5e765a9:c4843]
2019-09-16 23:35:19,401 [grpc-default-executor-0] INFO  client.GrpcClientProtocolClient (GrpcClientProtocolClient.java:onNext(264)) - client-C79DE3E06697->1d6da99a-ba9a-4d72-abd2-d0f1aa02f12f: receive RaftClientReply:client-C79DE3E06697->1d6da99a-ba9a-4d72-abd2-d0f1aa02f12f@group-B29EE812FB58, cid=3231, SUCCESS, logIndex=4848, commits[1d6da99a-ba9a-4d72-abd2-d0f1aa02f12f:c4849, 9dc27687-2024-46ae-8b6e-c9027bfa400e:c4845, 9c9c57da-14dc-454a-b374-789aa5e765a9:c4847]
2019-09-16 23:35:19,401 [grpc-default-executor-0] INFO  client.GrpcClientProtocolClient (GrpcClientProtocolClient.java:onNext(264)) - client-C79DE3E06697->1d6da99a-ba9a-4d72-abd2-d0f1aa02f12f: receive RaftClientReply:client-C79DE3E06697->1d6da99a-ba9a-4d72-abd2-d0f1aa02f12f@group-B29EE812FB58, cid=3232, SUCCESS, logIndex=4849, commits[1d6da99a-ba9a-4d72-abd2-d0f1aa02f12f:c4849, 9dc27687-2024-46ae-8b6e-c9027bfa400e:c4847, 9c9c57da-14dc-454a-b374-789aa5e765a9:c4847]
2019-09-16 23:35:19,403 [grpc-default-executor-0] INFO  client.GrpcClientProtocolClient (GrpcClientProtocolClient.java:onNext(264)) - client-C79DE3E06697->1d6da99a-ba9a-4d72-abd2-d0f1aa02f12f: receive RaftClientReply:client-C79DE3E06697->1d6da99a-ba9a-4d72-abd2-d0f1aa02f12f@group-B29EE812FB58, cid=3233, SUCCESS, logIndex=0, commits[1d6da99a-ba9a-4d72-abd2-d0f1aa02f12f:c4850, 9dc27687-2024-46ae-8b6e-c9027bfa400e:c4849, 9c9c57da-14dc-454a-b374-789aa5e765a9:c4849]
2019-09-16 23:35:19,562 [grpc-default-executor-7] INFO  client.GrpcClientProtocolClient (GrpcClientProtocolClient.java:onNext(264)) - client-C79DE3E06697->1d6da99a-ba9a-4d72-abd2-d0f1aa02f12f: receive RaftClientReply:client-C79DE3E06697->1d6da99a-ba9a-4d72-abd2-d0f1aa02f12f@group-B29EE812FB58, cid=3234, SUCCESS, logIndex=4852, commits[1d6da99a-ba9a-4d72-abd2-d0f1aa02f12f:c4853, 9dc27687-2024-46ae-8b6e-c9027bfa400e:c4851, 9c9c57da-14dc-454a-b374-789aa5e765a9:c4851]
2019-09-16 23:35:19,562 [grpc-default-executor-7] INFO  client.GrpcClientProtocolClient (GrpcClientProtocolClient.java:onNext(264)) - client-C79DE3E06697->1d6da99a-ba9a-4d72-abd2-d0f1aa02f12f: receive RaftClientReply:client-C79DE3E06697->1d6da99a-ba9a-4d72-abd2-d0f1aa02f12f@group-B29EE812FB58, cid=3235, SUCCESS, logIndex=4853, commits[1d6da99a-ba9a-4d72-abd2-d0f1aa02f12f:c4853, 9dc27687-2024-46ae-8b6e-c9027bfa400e:c4851, 9c9c57da-14dc-454a-b374-789aa5e765a9:c4851]
2019-09-16 23:35:19,563 [grpc-default-executor-3] INFO  client.GrpcClientProtocolClient (GrpcClientProtocolClient.java:onNext(264)) - client-C79DE3E06697->1d6da99a-ba9a-4d72-abd2-d0f1aa02f12f: receive RaftClientReply:client-C79DE3E06697->1d6da99a-ba9a-4d72-abd2-d0f1aa02f12f@group-B29EE812FB58, cid=3236, SUCCESS, logIndex=4854, commits[1d6da99a-ba9a-4d72-abd2-d0f1aa02f12f:c4855, 9dc27687-2024-46ae-8b6e-c9027bfa400e:c4851, 9c9c57da-14dc-454a-b374-789aa5e765a9:c4851]
2019-09-16 23:35:19,563 [grpc-default-executor-3] INFO  client.GrpcClientProtocolClient (GrpcClientProtocolClient.java:onNext(264)) - client-C79DE3E06697->1d6da99a-ba9a-4d72-abd2-d0f1aa02f12f: receive RaftClientReply:client-C79DE3E06697->1d6da99a-ba9a-4d72-abd2-d0f1aa02f12f@group-B29EE812FB58, cid=3237, SUCCESS, logIndex=4855, commits[1d6da99a-ba9a-4d72-abd2-d0f1aa02f12f:c4855, 9dc27687-2024-46ae-8b6e-c9027bfa400e:c4851, 9c9c57da-14dc-454a-b374-789aa5e765a9:c4851]
2019-09-16 23:35:19,565 [grpc-default-executor-7] INFO  client.GrpcClientProtocolClient (GrpcClientProtocolClient.java:onNext(264)) - client-C79DE3E06697->1d6da99a-ba9a-4d72-abd2-d0f1aa02f12f: receive RaftClientReply:client-C79DE3E06697->1d6da99a-ba9a-4d72-abd2-d0f1aa02f12f@group-B29EE812FB58, cid=3238, SUCCESS, logIndex=0, commits[1d6da99a-ba9a-4d72-abd2-d0f1aa02f12f:c4859, 9dc27687-2024-46ae-8b6e-c9027bfa400e:c4853, 9c9c57da-14dc-454a-b374-789aa5e765a9:c4855]
2019-09-16 23:35:19,584 [grpc-default-executor-7] INFO  client.GrpcClientProtocolClient (GrpcClientProtocolClient.java:onNext(264)) - client-C79DE3E06697->1d6da99a-ba9a-4d72-abd2-d0f1aa02f12f: receive RaftClientReply:client-C79DE3E06697->1d6da99a-ba9a-4d72-abd2-d0f1aa02f12f@group-B29EE812FB58, cid=3239, SUCCESS, logIndex=4860, commits[1d6da99a-ba9a-4d72-abd2-d0f1aa02f12f:c4860, 9dc27687-2024-46ae-8b6e-c9027bfa400e:c4859, 9c9c57da-14dc-454a-b374-789aa5e765a9:c4859]
2019-09-16 23:35:19,584 [grpc-default-executor-7] INFO  client.GrpcClientProtocolClient (GrpcClientProtocolClient.java:onNext(264)) - client-C79DE3E06697->1d6da99a-ba9a-4d72-abd2-d0f1aa02f12f: receive RaftClientReply:client-C79DE3E06697->1d6da99a-ba9a-4d72-abd2-d0f1aa02f12f@group-B29EE812FB58, cid=3240, SUCCESS, logIndex=4861, commits[1d6da99a-ba9a-4d72-abd2-d0f1aa02f12f:c4861, 9dc27687-2024-46ae-8b6e-c9027bfa400e:c4859, 9c9c57da-14dc-454a-b374-789aa5e765a9:c4859]
2019-09-16 23:35:19,597 [grpc-default-executor-3] INFO  client.GrpcClientProtocolClient (GrpcClientProtocolClient.java:onNext(264)) - client-C79DE3E06697->1d6da99a-ba9a-4d72-abd2-d0f1aa02f12f: receive RaftClientReply:client-C79DE3E06697->1d6da99a-ba9a-4d72-abd2-d0f1aa02f12f@group-B29EE812FB58, cid=3241, SUCCESS, logIndex=4864, commits[1d6da99a-ba9a-4d72-abd2-d0f1aa02f12f:c4865, 9dc27687-2024-46ae-8b6e-c9027bfa400e:c4861, 9c9c57da-14dc-454a-b374-789aa5e765a9:c4861]
2019-09-16 23:35:19,598 [grpc-default-executor-3] INFO  client.GrpcClientProtocolClient (GrpcClientProtocolClient.java:onNext(264)) - client-C79DE3E06697->1d6da99a-ba9a-4d72-abd2-d0f1aa02f12f: receive RaftClientReply:client-C79DE3E06697->1d6da99a-ba9a-4d72-abd2-d0f1aa02f12f@group-B29EE812FB58, cid=3242, SUCCESS, logIndex=4865, commits[1d6da99a-ba9a-4d72-abd2-d0f1aa02f12f:c4865, 9dc27687-2024-46ae-8b6e-c9027bfa400e:c4861, 9c9c57da-14dc-454a-b374-789aa5e765a9:c4861]
2019-09-16 23:35:19,609 [grpc-default-executor-3] INFO  client.GrpcClientProtocolClient (GrpcClientProtocolClient.java:onNext(264)) - client-C79DE3E06697->1d6da99a-ba9a-4d72-abd2-d0f1aa02f12f: receive RaftClientReply:client-C79DE3E06697->1d6da99a-ba9a-4d72-abd2-d0f1aa02f12f@group-B29EE812FB58, cid=3243, SUCCESS, logIndex=0, commits[1d6da99a-ba9a-4d72-abd2-d0f1aa02f12f:c4866, 9dc27687-2024-46ae-8b6e-c9027bfa400e:c4865, 9c9c57da-14dc-454a-b374-789aa5e765a9:c4865]
2019-09-16 23:35:19,638 [grpc-default-executor-3] INFO  client.GrpcClientProtocolClient (GrpcClientProtocolClient.java:onNext(264)) - client-C79DE3E06697->1d6da99a-ba9a-4d72-abd2-d0f1aa02f12f: receive RaftClientReply:client-C79DE3E06697->1d6da99a-ba9a-4d72-abd2-d0f1aa02f12f@group-B29EE812FB58, cid=3244, SUCCESS, logIndex=4868, commits[1d6da99a-ba9a-4d72-abd2-d0f1aa02f12f:c4869, 9dc27687-2024-46ae-8b6e-c9027bfa400e:c4867, 9c9c57da-14dc-454a-b374-789aa5e765a9:c4867]
2019-09-16 23:35:19,639 [grpc-default-executor-3] INFO  client.GrpcClientProtocolClient (GrpcClientProtocolClient.java:onNext(264)) - client-C79DE3E06697->1d6da99a-ba9a-4d72-abd2-d0f1aa02f12f: receive RaftClientReply:client-C79DE3E06697->1d6da99a-ba9a-4d72-abd2-d0f1aa02f12f@group-B29EE812FB58, cid=3245, SUCCESS, logIndex=4869, commits[1d6da99a-ba9a-4d72-abd2-d0f1aa02f12f:c4871, 9dc27687-2024-46ae-8b6e-c9027bfa400e:c4867, 9c9c57da-14dc-454a-b374-789aa5e765a9:c4867]
2019-09-16 23:35:19,639 [grpc-default-executor-3] INFO  client.GrpcClientProtocolClient (GrpcClientProtocolClient.java:onNext(264)) - client-C79DE3E06697->1d6da99a-ba9a-4d72-abd2-d0f1aa02f12f: receive RaftClientReply:client-C79DE3E06697->1d6da99a-ba9a-4d72-abd2-d0f1aa02f12f@group-B29EE812FB58, cid=3246, SUCCESS, logIndex=4870, commits[1d6da99a-ba9a-4d72-abd2-d0f1aa02f12f:c4871, 9dc27687-2024-46ae-8b6e-c9027bfa400e:c4867, 9c9c57da-14dc-454a-b374-789aa5e765a9:c4867]
2019-09-16 23:35:19,639 [grpc-default-executor-3] INFO  client.GrpcClientProtocolClient (GrpcClientProtocolClient.java:onNext(264)) - client-C79DE3E06697->1d6da99a-ba9a-4d72-abd2-d0f1aa02f12f: receive RaftClientReply:client-C79DE3E06697->1d6da99a-ba9a-4d72-abd2-d0f1aa02f12f@group-B29EE812FB58, cid=3247, SUCCESS, logIndex=4871, commits[1d6da99a-ba9a-4d72-abd2-d0f1aa02f12f:c4871, 9dc27687-2024-46ae-8b6e-c9027bfa400e:c4867, 9c9c57da-14dc-454a-b374-789aa5e765a9:c4867]
2019-09-16 23:35:19,651 [grpc-default-executor-3] INFO  client.GrpcClientProtocolClient (GrpcClientProtocolClient.java:onNext(264)) - client-C79DE3E06697->1d6da99a-ba9a-4d72-abd2-d0f1aa02f12f: receive RaftClientReply:client-C79DE3E06697->1d6da99a-ba9a-4d72-abd2-d0f1aa02f12f@group-B29EE812FB58, cid=3248, SUCCESS, logIndex=0, commits[1d6da99a-ba9a-4d72-abd2-d0f1aa02f12f:c4873, 9dc27687-2024-46ae-8b6e-c9027bfa400e:c4869, 9c9c57da-14dc-454a-b374-789aa5e765a9:c4869]
2019-09-16 23:35:19,669 [grpc-default-executor-1] INFO  client.GrpcClientProtocolClient (GrpcClientProtocolClient.java:onNext(264)) - client-C79DE3E06697->1d6da99a-ba9a-4d72-abd2-d0f1aa02f12f: receive RaftClientReply:client-C79DE3E06697->1d6da99a-ba9a-4d72-abd2-d0f1aa02f12f@group-B29EE812FB58, cid=3249, SUCCESS, logIndex=4876, commits[1d6da99a-ba9a-4d72-abd2-d0f1aa02f12f:c4877, 9dc27687-2024-46ae-8b6e-c9027bfa400e:c4875, 9c9c57da-14dc-454a-b374-789aa5e765a9:c4875]
2019-09-16 23:35:19,669 [grpc-default-executor-1] INFO  client.GrpcClientProtocolClient (GrpcClientProtocolClient.java:onNext(264)) - client-C79DE3E06697->1d6da99a-ba9a-4d72-abd2-d0f1aa02f12f: receive RaftClientReply:client-C79DE3E06697->1d6da99a-ba9a-4d72-abd2-d0f1aa02f12f@group-B29EE812FB58, cid=3250, SUCCESS, logIndex=4877, commits[1d6da99a-ba9a-4d72-abd2-d0f1aa02f12f:c4877, 9dc27687-2024-46ae-8b6e-c9027bfa400e:c4875, 9c9c57da-14dc-454a-b374-789aa5e765a9:c4875]
2019-09-16 23:35:19,683 [grpc-default-executor-3] INFO  client.GrpcClientProtocolClient (GrpcClientProtocolClient.java:onNext(264)) - client-C79DE3E06697->1d6da99a-ba9a-4d72-abd2-d0f1aa02f12f: receive RaftClientReply:client-C79DE3E06697->1d6da99a-ba9a-4d72-abd2-d0f1aa02f12f@group-B29EE812FB58, cid=3251, SUCCESS, logIndex=4880, commits[1d6da99a-ba9a-4d72-abd2-d0f1aa02f12f:c4880, 9dc27687-2024-46ae-8b6e-c9027bfa400e:c4877, 9c9c57da-14dc-454a-b374-789aa5e765a9:c4877]
2019-09-16 23:35:19,684 [grpc-default-executor-3] INFO  client.GrpcClientProtocolClient (GrpcClientProtocolClient.java:onNext(264)) - client-C79DE3E06697->1d6da99a-ba9a-4d72-abd2-d0f1aa02f12f: receive RaftClientReply:client-C79DE3E06697->1d6da99a-ba9a-4d72-abd2-d0f1aa02f12f@group-B29EE812FB58, cid=3252, SUCCESS, logIndex=4881, commits[1d6da99a-ba9a-4d72-abd2-d0f1aa02f12f:c4881, 9dc27687-2024-46ae-8b6e-c9027bfa400e:c4877, 9c9c57da-14dc-454a-b374-789aa5e765a9:c4877]
2019-09-16 23:35:19,708 [grpc-default-executor-3] INFO  client.GrpcClientProtocolClient (GrpcClientProtocolClient.java:onNext(264)) - client-C79DE3E06697->1d6da99a-ba9a-4d72-abd2-d0f1aa02f12f: receive RaftClientReply:client-C79DE3E06697->1d6da99a-ba9a-4d72-abd2-d0f1aa02f12f@group-B29EE812FB58, cid=3253, SUCCESS, logIndex=0, commits[1d6da99a-ba9a-4d72-abd2-d0f1aa02f12f:c4883, 9dc27687-2024-46ae-8b6e-c9027bfa400e:c4881, 9c9c57da-14dc-454a-b374-789aa5e765a9:c4881]
2019-09-16 23:35:19,730 [grpc-default-executor-1] INFO  client.GrpcClientProtocolClient (GrpcClientProtocolClient.java:onNext(264)) - client-C79DE3E06697->1d6da99a-ba9a-4d72-abd2-d0f1aa02f12f: receive RaftClientReply:client-C79DE3E06697->1d6da99a-ba9a-4d72-abd2-d0f1aa02f12f@group-B29EE812FB58, cid=3254, SUCCESS, logIndex=4884, commits[1d6da99a-ba9a-4d72-abd2-d0f1aa02f12f:c4885, 9dc27687-2024-46ae-8b6e-c9027bfa400e:c4883, 9c9c57da-14dc-454a-b374-789aa5e765a9:c4883]
2019-09-16 23:35:19,731 [grpc-default-executor-1] INFO  client.GrpcClientProtocolClient (GrpcClientProtocolClient.java:onNext(264)) - client-C79DE3E06697->1d6da99a-ba9a-4d72-abd2-d0f1aa02f12f: receive RaftClientReply:client-C79DE3E06697->1d6da99a-ba9a-4d72-abd2-d0f1aa02f12f@group-B29EE812FB58, cid=3255, SUCCESS, logIndex=4885, commits[1d6da99a-ba9a-4d72-abd2-d0f1aa02f12f:c4885, 9dc27687-2024-46ae-8b6e-c9027bfa400e:c4883, 9c9c57da-14dc-454a-b374-789aa5e765a9:c4883]
2019-09-16 23:35:19,732 [grpc-default-executor-0] INFO  client.GrpcClientProtocolClient (GrpcClientProtocolClient.java:onNext(264)) - client-C79DE3E06697->1d6da99a-ba9a-4d72-abd2-d0f1aa02f12f: receive RaftClientReply:client-C79DE3E06697->1d6da99a-ba9a-4d72-abd2-d0f1aa02f12f@group-B29EE812FB58, cid=3256, SUCCESS, logIndex=4886, commits[1d6da99a-ba9a-4d72-abd2-d0f1aa02f12f:c4886, 9dc27687-2024-46ae-8b6e-c9027bfa400e:c4883, 9c9c57da-14dc-454a-b374-789aa5e765a9:c4883]
2019-09-16 23:35:19,732 [grpc-default-executor-3] INFO  client.GrpcClientProtocolClient (GrpcClientProtocolClient.java:onNext(264)) - client-C79DE3E06697->1d6da99a-ba9a-4d72-abd2-d0f1aa02f12f: receive RaftClientReply:client-C79DE3E06697->1d6da99a-ba9a-4d72-abd2-d0f1aa02f12f@group-B29EE812FB58, cid=3257, SUCCESS, logIndex=4887, commits[1d6da99a-ba9a-4d72-abd2-d0f1aa02f12f:c4887, 9dc27687-2024-46ae-8b6e-c9027bfa400e:c4883, 9c9c57da-14dc-454a-b374-789aa5e765a9:c4883]
2019-09-16 23:35:19,735 [grpc-default-executor-3] INFO  client.GrpcClientProtocolClient (GrpcClientProtocolClient.java:onNext(264)) - client-C79DE3E06697->1d6da99a-ba9a-4d72-abd2-d0f1aa02f12f: receive RaftClientReply:client-C79DE3E06697->1d6da99a-ba9a-4d72-abd2-d0f1aa02f12f@group-B29EE812FB58, cid=3258, SUCCESS, logIndex=0, commits[1d6da99a-ba9a-4d72-abd2-d0f1aa02f12f:c4889, 9dc27687-2024-46ae-8b6e-c9027bfa400e:c4885, 9c9c57da-14dc-454a-b374-789aa5e765a9:c4885]
2019-09-16 23:35:19,751 [grpc-default-executor-1] INFO  client.GrpcClientProtocolClient (GrpcClientProtocolClient.java:onNext(264)) - client-C79DE3E06697->1d6da99a-ba9a-4d72-abd2-d0f1aa02f12f: receive RaftClientReply:client-C79DE3E06697->1d6da99a-ba9a-4d72-abd2-d0f1aa02f12f@group-B29EE812FB58, cid=3259, SUCCESS, logIndex=4892, commits[1d6da99a-ba9a-4d72-abd2-d0f1aa02f12f:c4892, 9dc27687-2024-46ae-8b6e-c9027bfa400e:c4889, 9c9c57da-14dc-454a-b374-789aa5e765a9:c4889]
2019-09-16 23:35:19,752 [grpc-default-executor-1] INFO  client.GrpcClientProtocolClient (GrpcClientProtocolClient.java:onNext(264)) - client-C79DE3E06697->1d6da99a-ba9a-4d72-abd2-d0f1aa02f12f: receive RaftClientReply:client-C79DE3E06697->1d6da99a-ba9a-4d72-abd2-d0f1aa02f12f@group-B29EE812FB58, cid=3260, SUCCESS, logIndex=4893, commits[1d6da99a-ba9a-4d72-abd2-d0f1aa02f12f:c4893, 9dc27687-2024-46ae-8b6e-c9027bfa400e:c4889, 9c9c57da-14dc-454a-b374-789aa5e765a9:c4889]
2019-09-16 23:35:19,765 [grpc-default-executor-0] INFO  client.GrpcClientProtocolClient (GrpcClientProtocolClient.java:onNext(264)) - client-C79DE3E06697->1d6da99a-ba9a-4d72-abd2-d0f1aa02f12f: receive RaftClientReply:client-C79DE3E06697->1d6da99a-ba9a-4d72-abd2-d0f1aa02f12f@group-B29EE812FB58, cid=3261, SUCCESS, logIndex=4896, commits[1d6da99a-ba9a-4d72-abd2-d0f1aa02f12f:c4897, 9dc27687-2024-46ae-8b6e-c9027bfa400e:c4893, 9c9c57da-14dc-454a-b374-789aa5e765a9:c4893]
2019-09-16 23:35:19,765 [grpc-default-executor-0] INFO  client.GrpcClientProtocolClient (GrpcClientProtocolClient.java:onNext(264)) - client-C79DE3E06697->1d6da99a-ba9a-4d72-abd2-d0f1aa02f12f: receive RaftClientReply:client-C79DE3E06697->1d6da99a-ba9a-4d72-abd2-d0f1aa02f12f@group-B29EE812FB58, cid=3262, SUCCESS, logIndex=4897, commits[1d6da99a-ba9a-4d72-abd2-d0f1aa02f12f:c4897, 9dc27687-2024-46ae-8b6e-c9027bfa400e:c4893, 9c9c57da-14dc-454a-b374-789aa5e765a9:c4893]
2019-09-16 23:35:19,779 [grpc-default-executor-3] INFO  client.GrpcClientProtocolClient (GrpcClientProtocolClient.java:onNext(264)) - client-C79DE3E06697->1d6da99a-ba9a-4d72-abd2-d0f1aa02f12f: receive RaftClientReply:client-C79DE3E06697->1d6da99a-ba9a-4d72-abd2-d0f1aa02f12f@group-B29EE812FB58, cid=3263, SUCCESS, logIndex=0, commits[1d6da99a-ba9a-4d72-abd2-d0f1aa02f12f:c4898, 9dc27687-2024-46ae-8b6e-c9027bfa400e:c4897, 9c9c57da-14dc-454a-b374-789aa5e765a9:c4897]
 0.00% |█                                                                                                    |  0/1 Time: 0:00:372019-09-16 23:35:19,807 [grpc-default-executor-3] INFO  client.GrpcClientProtocolClient (GrpcClientProtocolClient.java:onNext(264)) - client-C79DE3E06697->1d6da99a-ba9a-4d72-abd2-d0f1aa02f12f: receive RaftClientReply:client-C79DE3E06697->1d6da99a-ba9a-4d72-abd2-d0f1aa02f12f@group-B29EE812FB58, cid=3264, SUCCESS, logIndex=4900, commits[1d6da99a-ba9a-4d72-abd2-d0f1aa02f12f:c4901, 9dc27687-2024-46ae-8b6e-c9027bfa400e:c4899, 9c9c57da-14dc-454a-b374-789aa5e765a9:c4899]
2019-09-16 23:35:19,808 [grpc-default-executor-3] INFO  client.GrpcClientProtocolClient (GrpcClientProtocolClient.java:onNext(264)) - client-C79DE3E06697->1d6da99a-ba9a-4d72-abd2-d0f1aa02f12f: receive RaftClientReply:client-C79DE3E06697->1d6da99a-ba9a-4d72-abd2-d0f1aa02f12f@group-B29EE812FB58, cid=3265, SUCCESS, logIndex=4901, commits[1d6da99a-ba9a-4d72-abd2-d0f1aa02f12f:c4902, 9dc27687-2024-46ae-8b6e-c9027bfa400e:c4899, 9c9c57da-14dc-454a-b374-789aa5e765a9:c4899]
2019-09-16 23:35:19,808 [grpc-default-executor-3] INFO  client.GrpcClientProtocolClient (GrpcClientProtocolClient.java:onNext(264)) - client-C79DE3E06697->1d6da99a-ba9a-4d72-abd2-d0f1aa02f12f: receive RaftClientReply:client-C79DE3E06697->1d6da99a-ba9a-4d72-abd2-d0f1aa02f12f@group-B29EE812FB58, cid=3266, SUCCESS, logIndex=4902, commits[1d6da99a-ba9a-4d72-abd2-d0f1aa02f12f:c4903, 9dc27687-2024-46ae-8b6e-c9027bfa400e:c4899, 9c9c57da-14dc-454a-b374-789aa5e765a9:c4899]
2019-09-16 23:35:19,808 [grpc-default-executor-7] INFO  client.GrpcClientProtocolClient (GrpcClientProtocolClient.java:onNext(264)) - client-C79DE3E06697->1d6da99a-ba9a-4d72-abd2-d0f1aa02f12f: receive RaftClientReply:client-C79DE3E06697->1d6da99a-ba9a-4d72-abd2-d0f1aa02f12f@group-B29EE812FB58, cid=3267, SUCCESS, logIndex=4903, commits[1d6da99a-ba9a-4d72-abd2-d0f1aa02f12f:c4903, 9dc27687-2024-46ae-8b6e-c9027bfa400e:c4899, 9c9c57da-14dc-454a-b374-789aa5e765a9:c4899]
2019-09-16 23:35:19,822 [grpc-default-executor-7] INFO  client.GrpcClientProtocolClient (GrpcClientProtocolClient.java:onNext(264)) - client-C79DE3E06697->1d6da99a-ba9a-4d72-abd2-d0f1aa02f12f: receive RaftClientReply:client-C79DE3E06697->1d6da99a-ba9a-4d72-abd2-d0f1aa02f12f@group-B29EE812FB58, cid=3268, SUCCESS, logIndex=0, commits[1d6da99a-ba9a-4d72-abd2-d0f1aa02f12f:c4907, 9dc27687-2024-46ae-8b6e-c9027bfa400e:c4901, 9c9c57da-14dc-454a-b374-789aa5e765a9:c4903]
2019-09-16 23:35:19,842 [grpc-default-executor-7] INFO  client.GrpcClientProtocolClient (GrpcClientProtocolClient.java:onNext(264)) - client-C79DE3E06697->1d6da99a-ba9a-4d72-abd2-d0f1aa02f12f: receive RaftClientReply:client-C79DE3E06697->1d6da99a-ba9a-4d72-abd2-d0f1aa02f12f@group-B29EE812FB58, cid=3269, SUCCESS, logIndex=4908, commits[1d6da99a-ba9a-4d72-abd2-d0f1aa02f12f:c4909, 9dc27687-2024-46ae-8b6e-c9027bfa400e:c4907, 9c9c57da-14dc-454a-b374-789aa5e765a9:c4907]
2019-09-16 23:35:19,842 [grpc-default-executor-7] INFO  client.GrpcClientProtocolClient (GrpcClientProtocolClient.java:onNext(264)) - client-C79DE3E06697->1d6da99a-ba9a-4d72-abd2-d0f1aa02f12f: receive RaftClientReply:client-C79DE3E06697->1d6da99a-ba9a-4d72-abd2-d0f1aa02f12f@group-B29EE812FB58, cid=3270, SUCCESS, logIndex=4909, commits[1d6da99a-ba9a-4d72-abd2-d0f1aa02f12f:c4909, 9dc27687-2024-46ae-8b6e-c9027bfa400e:c4907, 9c9c57da-14dc-454a-b374-789aa5e765a9:c4907]
2019-09-16 23:35:19,857 [grpc-default-executor-0] INFO  client.GrpcClientProtocolClient (GrpcClientProtocolClient.java:onNext(264)) - client-C79DE3E06697->1d6da99a-ba9a-4d72-abd2-d0f1aa02f12f: receive RaftClientReply:client-C79DE3E06697->1d6da99a-ba9a-4d72-abd2-d0f1aa02f12f@group-B29EE812FB58, cid=3271, SUCCESS, logIndex=4912, commits[1d6da99a-ba9a-4d72-abd2-d0f1aa02f12f:c4913, 9dc27687-2024-46ae-8b6e-c9027bfa400e:c4909, 9c9c57da-14dc-454a-b374-789aa5e765a9:c4909]
2019-09-16 23:35:19,857 [grpc-default-executor-0] INFO  client.GrpcClientProtocolClient (GrpcClientProtocolClient.java:onNext(264)) - client-C79DE3E06697->1d6da99a-ba9a-4d72-abd2-d0f1aa02f12f: receive RaftClientReply:client-C79DE3E06697->1d6da99a-ba9a-4d72-abd2-d0f1aa02f12f@group-B29EE812FB58, cid=3272, SUCCESS, logIndex=4913, commits[1d6da99a-ba9a-4d72-abd2-d0f1aa02f12f:c4913, 9dc27687-2024-46ae-8b6e-c9027bfa400e:c4909, 9c9c57da-14dc-454a-b374-789aa5e765a9:c4909]
2019-09-16 23:35:19,868 [grpc-default-executor-0] INFO  client.GrpcClientProtocolClient (GrpcClientProtocolClient.java:onNext(264)) - client-C79DE3E06697->1d6da99a-ba9a-4d72-abd2-d0f1aa02f12f: receive RaftClientReply:client-C79DE3E06697->1d6da99a-ba9a-4d72-abd2-d0f1aa02f12f@group-B29EE812FB58, cid=3273, SUCCESS, logIndex=0, commits[1d6da99a-ba9a-4d72-abd2-d0f1aa02f12f:c4914, 9dc27687-2024-46ae-8b6e-c9027bfa400e:c4913, 9c9c57da-14dc-454a-b374-789aa5e765a9:c4913]
2019-09-16 23:35:19,897 [grpc-default-executor-0] INFO  client.GrpcClientProtocolClient (GrpcClientProtocolClient.java:onNext(264)) - client-C79DE3E06697->1d6da99a-ba9a-4d72-abd2-d0f1aa02f12f: receive RaftClientReply:client-C79DE3E06697->1d6da99a-ba9a-4d72-abd2-d0f1aa02f12f@group-B29EE812FB58, cid=3274, SUCCESS, logIndex=4916, commits[1d6da99a-ba9a-4d72-abd2-d0f1aa02f12f:c4917, 9dc27687-2024-46ae-8b6e-c9027bfa400e:c4915, 9c9c57da-14dc-454a-b374-789aa5e765a9:c4915]
2019-09-16 23:35:19,897 [grpc-default-executor-0] INFO  client.GrpcClientProtocolClient (GrpcClientProtocolClient.java:onNext(264)) - client-C79DE3E06697->1d6da99a-ba9a-4d72-abd2-d0f1aa02f12f: receive RaftClientReply:client-C79DE3E06697->1d6da99a-ba9a-4d72-abd2-d0f1aa02f12f@group-B29EE812FB58, cid=3275, SUCCESS, logIndex=4917, commits[1d6da99a-ba9a-4d72-abd2-d0f1aa02f12f:c4919, 9dc27687-2024-46ae-8b6e-c9027bfa400e:c4915, 9c9c57da-14dc-454a-b374-789aa5e765a9:c4915]
2019-09-16 23:35:19,897 [grpc-default-executor-0] INFO  client.GrpcClientProtocolClient (GrpcClientProtocolClient.java:onNext(264)) - client-C79DE3E06697->1d6da99a-ba9a-4d72-abd2-d0f1aa02f12f: receive RaftClientReply:client-C79DE3E06697->1d6da99a-ba9a-4d72-abd2-d0f1aa02f12f@group-B29EE812FB58, cid=3276, SUCCESS, logIndex=4918, commits[1d6da99a-ba9a-4d72-abd2-d0f1aa02f12f:c4919, 9dc27687-2024-46ae-8b6e-c9027bfa400e:c4915, 9c9c57da-14dc-454a-b374-789aa5e765a9:c4915]
2019-09-16 23:35:19,898 [grpc-default-executor-0] INFO  client.GrpcClientProtocolClient (GrpcClientProtocolClient.java:onNext(264)) - client-C79DE3E06697->1d6da99a-ba9a-4d72-abd2-d0f1aa02f12f: receive RaftClientReply:client-C79DE3E06697->1d6da99a-ba9a-4d72-abd2-d0f1aa02f12f@group-B29EE812FB58, cid=3277, SUCCESS, logIndex=4919, commits[1d6da99a-ba9a-4d72-abd2-d0f1aa02f12f:c4919, 9dc27687-2024-46ae-8b6e-c9027bfa400e:c4915, 9c9c57da-14dc-454a-b374-789aa5e765a9:c4915]
2019-09-16 23:35:19,899 [grpc-default-executor-3] INFO  client.GrpcClientProtocolClient (GrpcClientProtocolClient.java:onNext(264)) - client-C79DE3E06697->1d6da99a-ba9a-4d72-abd2-d0f1aa02f12f: receive RaftClientReply:client-C79DE3E06697->1d6da99a-ba9a-4d72-abd2-d0f1aa02f12f@group-B29EE812FB58, cid=3278, SUCCESS, logIndex=0, commits[1d6da99a-ba9a-4d72-abd2-d0f1aa02f12f:c4920, 9dc27687-2024-46ae-8b6e-c9027bfa400e:c4917, 9c9c57da-14dc-454a-b374-789aa5e765a9:c4917]
2019-09-16 23:35:19,916 [grpc-default-executor-7] INFO  client.GrpcClientProtocolClient (GrpcClientProtocolClient.java:onNext(264)) - client-C79DE3E06697->1d6da99a-ba9a-4d72-abd2-d0f1aa02f12f: receive RaftClientReply:client-C79DE3E06697->1d6da99a-ba9a-4d72-abd2-d0f1aa02f12f@group-B29EE812FB58, cid=3279, SUCCESS, logIndex=4923, commits[1d6da99a-ba9a-4d72-abd2-d0f1aa02f12f:c4924, 9dc27687-2024-46ae-8b6e-c9027bfa400e:c4922, 9c9c57da-14dc-454a-b374-789aa5e765a9:c4922]
2019-09-16 23:35:19,917 [grpc-default-executor-7] INFO  client.GrpcClientProtocolClient (GrpcClientProtocolClient.java:onNext(264)) - client-C79DE3E06697->1d6da99a-ba9a-4d72-abd2-d0f1aa02f12f: receive RaftClientReply:client-C79DE3E06697->1d6da99a-ba9a-4d72-abd2-d0f1aa02f12f@group-B29EE812FB58, cid=3280, SUCCESS, logIndex=4924, commits[1d6da99a-ba9a-4d72-abd2-d0f1aa02f12f:c4924, 9dc27687-2024-46ae-8b6e-c9027bfa400e:c4922, 9c9c57da-14dc-454a-b374-789aa5e765a9:c4922]
2019-09-16 23:35:19,926 [grpc-default-executor-3] INFO  client.GrpcClientProtocolClient (GrpcClientProtocolClient.java:onNext(264)) - client-C79DE3E06697->1d6da99a-ba9a-4d72-abd2-d0f1aa02f12f: receive RaftClientReply:client-C79DE3E06697->1d6da99a-ba9a-4d72-abd2-d0f1aa02f12f@group-B29EE812FB58, cid=3281, SUCCESS, logIndex=4927, commits[1d6da99a-ba9a-4d72-abd2-d0f1aa02f12f:c4928, 9dc27687-2024-46ae-8b6e-c9027bfa400e:c4924, 9c9c57da-14dc-454a-b374-789aa5e765a9:c4926]
2019-09-16 23:35:19,926 [grpc-default-executor-3] INFO  client.GrpcClientProtocolClient (GrpcClientProtocolClient.java:onNext(264)) - client-C79DE3E06697->1d6da99a-ba9a-4d72-abd2-d0f1aa02f12f: receive RaftClientReply:client-C79DE3E06697->1d6da99a-ba9a-4d72-abd2-d0f1aa02f12f@group-B29EE812FB58, cid=3282, SUCCESS, logIndex=4928, commits[1d6da99a-ba9a-4d72-abd2-d0f1aa02f12f:c4928, 9dc27687-2024-46ae-8b6e-c9027bfa400e:c4926, 9c9c57da-14dc-454a-b374-789aa5e765a9:c4926]
2019-09-16 23:35:19,928 [grpc-default-executor-3] INFO  client.GrpcClientProtocolClient (GrpcClientProtocolClient.java:onNext(264)) - client-C79DE3E06697->1d6da99a-ba9a-4d72-abd2-d0f1aa02f12f: receive RaftClientReply:client-C79DE3E06697->1d6da99a-ba9a-4d72-abd2-d0f1aa02f12f@group-B29EE812FB58, cid=3283, SUCCESS, logIndex=0, commits[1d6da99a-ba9a-4d72-abd2-d0f1aa02f12f:c4929, 9dc27687-2024-46ae-8b6e-c9027bfa400e:c4928, 9c9c57da-14dc-454a-b374-789aa5e765a9:c4928]
2019-09-16 23:35:19,951 [grpc-default-executor-7] INFO  client.GrpcClientProtocolClient (GrpcClientProtocolClient.java:onNext(264)) - client-C79DE3E06697->1d6da99a-ba9a-4d72-abd2-d0f1aa02f12f: receive RaftClientReply:client-C79DE3E06697->1d6da99a-ba9a-4d72-abd2-d0f1aa02f12f@group-B29EE812FB58, cid=3284, SUCCESS, logIndex=4931, commits[1d6da99a-ba9a-4d72-abd2-d0f1aa02f12f:c4934, 9dc27687-2024-46ae-8b6e-c9027bfa400e:c4930, 9c9c57da-14dc-454a-b374-789aa5e765a9:c4930]
2019-09-16 23:35:19,952 [grpc-default-executor-7] INFO  client.GrpcClientProtocolClient (GrpcClientProtocolClient.java:onNext(264)) - client-C79DE3E06697->1d6da99a-ba9a-4d72-abd2-d0f1aa02f12f: receive RaftClientReply:client-C79DE3E06697->1d6da99a-ba9a-4d72-abd2-d0f1aa02f12f@group-B29EE812FB58, cid=3285, SUCCESS, logIndex=4932, commits[1d6da99a-ba9a-4d72-abd2-d0f1aa02f12f:c4934, 9dc27687-2024-46ae-8b6e-c9027bfa400e:c4930, 9c9c57da-14dc-454a-b374-789aa5e765a9:c4930]
2019-09-16 23:35:19,952 [grpc-default-executor-7] INFO  client.GrpcClientProtocolClient (GrpcClientProtocolClient.java:onNext(264)) - client-C79DE3E06697->1d6da99a-ba9a-4d72-abd2-d0f1aa02f12f: receive RaftClientReply:client-C79DE3E06697->1d6da99a-ba9a-4d72-abd2-d0f1aa02f12f@group-B29EE812FB58, cid=3286, SUCCESS, logIndex=4933, commits[1d6da99a-ba9a-4d72-abd2-d0f1aa02f12f:c4934, 9dc27687-2024-46ae-8b6e-c9027bfa400e:c4930, 9c9c57da-14dc-454a-b374-789aa5e765a9:c4930]
2019-09-16 23:35:19,952 [grpc-default-executor-7] INFO  client.GrpcClientProtocolClient (GrpcClientProtocolClient.java:onNext(264)) - client-C79DE3E06697->1d6da99a-ba9a-4d72-abd2-d0f1aa02f12f: receive RaftClientReply:client-C79DE3E06697->1d6da99a-ba9a-4d72-abd2-d0f1aa02f12f@group-B29EE812FB58, cid=3287, SUCCESS, logIndex=4934, commits[1d6da99a-ba9a-4d72-abd2-d0f1aa02f12f:c4934, 9dc27687-2024-46ae-8b6e-c9027bfa400e:c4930, 9c9c57da-14dc-454a-b374-789aa5e765a9:c4930]
2019-09-16 23:35:19,953 [grpc-default-executor-3] INFO  client.GrpcClientProtocolClient (GrpcClientProtocolClient.java:onNext(264)) - client-C79DE3E06697->1d6da99a-ba9a-4d72-abd2-d0f1aa02f12f: receive RaftClientReply:client-C79DE3E06697->1d6da99a-ba9a-4d72-abd2-d0f1aa02f12f@group-B29EE812FB58, cid=3288, SUCCESS, logIndex=0, commits[1d6da99a-ba9a-4d72-abd2-d0f1aa02f12f:c4935, 9dc27687-2024-46ae-8b6e-c9027bfa400e:c4934, 9c9c57da-14dc-454a-b374-789aa5e765a9:c4934]
2019-09-16 23:35:19,984 [grpc-default-executor-0] INFO  client.GrpcClientProtocolClient (GrpcClientProtocolClient.java:onNext(264)) - client-C79DE3E06697->1d6da99a-ba9a-4d72-abd2-d0f1aa02f12f: receive RaftClientReply:client-C79DE3E06697->1d6da99a-ba9a-4d72-abd2-d0f1aa02f12f@group-B29EE812FB58, cid=3289, SUCCESS, logIndex=4936, commits[1d6da99a-ba9a-4d72-abd2-d0f1aa02f12f:c4937, 9dc27687-2024-46ae-8b6e-c9027bfa400e:c4935, 9c9c57da-14dc-454a-b374-789aa5e765a9:c4935]
2019-09-16 23:35:19,984 [grpc-default-executor-0] INFO  client.GrpcClientProtocolClient (GrpcClientProtocolClient.java:onNext(264)) - client-C79DE3E06697->1d6da99a-ba9a-4d72-abd2-d0f1aa02f12f: receive RaftClientReply:client-C79DE3E06697->1d6da99a-ba9a-4d72-abd2-d0f1aa02f12f@group-B29EE812FB58, cid=3290, SUCCESS, logIndex=4937, commits[1d6da99a-ba9a-4d72-abd2-d0f1aa02f12f:c4937, 9dc27687-2024-46ae-8b6e-c9027bfa400e:c4935, 9c9c57da-14dc-454a-b374-789aa5e765a9:c4935]
2019-09-16 23:35:20,007 [grpc-default-executor-3] INFO  client.GrpcClientProtocolClient (GrpcClientProtocolClient.java:onNext(264)) - client-C79DE3E06697->1d6da99a-ba9a-4d72-abd2-d0f1aa02f12f: receive RaftClientReply:client-C79DE3E06697->1d6da99a-ba9a-4d72-abd2-d0f1aa02f12f@group-B29EE812FB58, cid=3291, SUCCESS, logIndex=4940, commits[1d6da99a-ba9a-4d72-abd2-d0f1aa02f12f:c4941, 9dc27687-2024-46ae-8b6e-c9027bfa400e:c4937, 9c9c57da-14dc-454a-b374-789aa5e765a9:c4937]
2019-09-16 23:35:20,007 [grpc-default-executor-3] INFO  client.GrpcClientProtocolClient (GrpcClientProtocolClient.java:onNext(264)) - client-C79DE3E06697->1d6da99a-ba9a-4d72-abd2-d0f1aa02f12f: receive RaftClientReply:client-C79DE3E06697->1d6da99a-ba9a-4d72-abd2-d0f1aa02f12f@group-B29EE812FB58, cid=3292, SUCCESS, logIndex=4941, commits[1d6da99a-ba9a-4d72-abd2-d0f1aa02f12f:c4941, 9dc27687-2024-46ae-8b6e-c9027bfa400e:c4937, 9c9c57da-14dc-454a-b374-789aa5e765a9:c4937]
2019-09-16 23:35:20,021 [grpc-default-executor-3] INFO  client.GrpcClientProtocolClient (GrpcClientProtocolClient.java:onNext(264)) - client-C79DE3E06697->1d6da99a-ba9a-4d72-abd2-d0f1aa02f12f: receive RaftClientReply:client-C79DE3E06697->1d6da99a-ba9a-4d72-abd2-d0f1aa02f12f@group-B29EE812FB58, cid=3293, SUCCESS, logIndex=0, commits[1d6da99a-ba9a-4d72-abd2-d0f1aa02f12f:c4942, 9dc27687-2024-46ae-8b6e-c9027bfa400e:c4941, 9c9c57da-14dc-454a-b374-789aa5e765a9:c4941]
2019-09-16 23:35:20,053 [grpc-default-executor-3] INFO  client.GrpcClientProtocolClient (GrpcClientProtocolClient.java:onNext(264)) - client-C79DE3E06697->1d6da99a-ba9a-4d72-abd2-d0f1aa02f12f: receive RaftClientReply:client-C79DE3E06697->1d6da99a-ba9a-4d72-abd2-d0f1aa02f12f@group-B29EE812FB58, cid=3294, SUCCESS, logIndex=4944, commits[1d6da99a-ba9a-4d72-abd2-d0f1aa02f12f:c4945, 9dc27687-2024-46ae-8b6e-c9027bfa400e:c4941, 9c9c57da-14dc-454a-b374-789aa5e765a9:c4943]
2019-09-16 23:35:20,053 [grpc-default-executor-3] INFO  client.GrpcClientProtocolClient (GrpcClientProtocolClient.java:onNext(264)) - client-C79DE3E06697->1d6da99a-ba9a-4d72-abd2-d0f1aa02f12f: receive RaftClientReply:client-C79DE3E06697->1d6da99a-ba9a-4d72-abd2-d0f1aa02f12f@group-B29EE812FB58, cid=3295, SUCCESS, logIndex=4945, commits[1d6da99a-ba9a-4d72-abd2-d0f1aa02f12f:c4945, 9dc27687-2024-46ae-8b6e-c9027bfa400e:c4943, 9c9c57da-14dc-454a-b374-789aa5e765a9:c4943]
2019-09-16 23:35:20,054 [grpc-default-executor-3] INFO  client.GrpcClientProtocolClient (GrpcClientProtocolClient.java:onNext(264)) - client-C79DE3E06697->1d6da99a-ba9a-4d72-abd2-d0f1aa02f12f: receive RaftClientReply:client-C79DE3E06697->1d6da99a-ba9a-4d72-abd2-d0f1aa02f12f@group-B29EE812FB58, cid=3296, SUCCESS, logIndex=4946, commits[1d6da99a-ba9a-4d72-abd2-d0f1aa02f12f:c4947, 9dc27687-2024-46ae-8b6e-c9027bfa400e:c4943, 9c9c57da-14dc-454a-b374-789aa5e765a9:c4943]
2019-09-16 23:35:20,054 [grpc-default-executor-3] INFO  client.GrpcClientProtocolClient (GrpcClientProtocolClient.java:onNext(264)) - client-C79DE3E06697->1d6da99a-ba9a-4d72-abd2-d0f1aa02f12f: receive RaftClientReply:client-C79DE3E06697->1d6da99a-ba9a-4d72-abd2-d0f1aa02f12f@group-B29EE812FB58, cid=3297, SUCCESS, logIndex=4947, commits[1d6da99a-ba9a-4d72-abd2-d0f1aa02f12f:c4947, 9dc27687-2024-46ae-8b6e-c9027bfa400e:c4943, 9c9c57da-14dc-454a-b374-789aa5e765a9:c4943]
2019-09-16 23:35:20,067 [grpc-default-executor-3] INFO  client.GrpcClientProtocolClient (GrpcClientProtocolClient.java:onNext(264)) - client-C79DE3E06697->1d6da99a-ba9a-4d72-abd2-d0f1aa02f12f: receive RaftClientReply:client-C79DE3E06697->1d6da99a-ba9a-4d72-abd2-d0f1aa02f12f@group-B29EE812FB58, cid=3298, SUCCESS, logIndex=0, commits[1d6da99a-ba9a-4d72-abd2-d0f1aa02f12f:c4949, 9dc27687-2024-46ae-8b6e-c9027bfa400e:c4945, 9c9c57da-14dc-454a-b374-789aa5e765a9:c4945]
2019-09-16 23:35:20,087 [grpc-default-executor-1] INFO  client.GrpcClientProtocolClient (GrpcClientProtocolClient.java:onNext(264)) - client-C79DE3E06697->1d6da99a-ba9a-4d72-abd2-d0f1aa02f12f: receive RaftClientReply:client-C79DE3E06697->1d6da99a-ba9a-4d72-abd2-d0f1aa02f12f@group-B29EE812FB58, cid=3299, SUCCESS, logIndex=4952, commits[1d6da99a-ba9a-4d72-abd2-d0f1aa02f12f:c4953, 9dc27687-2024-46ae-8b6e-c9027bfa400e:c4951, 9c9c57da-14dc-454a-b374-789aa5e765a9:c4951]
2019-09-16 23:35:20,088 [grpc-default-executor-1] INFO  client.GrpcClientProtocolClient (GrpcClientProtocolClient.java:onNext(264)) - client-C79DE3E06697->1d6da99a-ba9a-4d72-abd2-d0f1aa02f12f: receive RaftClientReply:client-C79DE3E06697->1d6da99a-ba9a-4d72-abd2-d0f1aa02f12f@group-B29EE812FB58, cid=3300, SUCCESS, logIndex=4953, commits[1d6da99a-ba9a-4d72-abd2-d0f1aa02f12f:c4953, 9dc27687-2024-46ae-8b6e-c9027bfa400e:c4951, 9c9c57da-14dc-454a-b374-789aa5e765a9:c4951]
2019-09-16 23:35:20,112 [grpc-default-executor-1] INFO  client.GrpcClientProtocolClient (GrpcClientProtocolClient.java:onNext(264)) - client-C79DE3E06697->1d6da99a-ba9a-4d72-abd2-d0f1aa02f12f: receive RaftClientReply:client-C79DE3E06697->1d6da99a-ba9a-4d72-abd2-d0f1aa02f12f@group-B29EE812FB58, cid=3301, SUCCESS, logIndex=4956, commits[1d6da99a-ba9a-4d72-abd2-d0f1aa02f12f:c4957, 9dc27687-2024-46ae-8b6e-c9027bfa400e:c4953, 9c9c57da-14dc-454a-b374-789aa5e765a9:c4953]
2019-09-16 23:35:20,113 [grpc-default-executor-1] INFO  client.GrpcClientProtocolClient (GrpcClientProtocolClient.java:onNext(264)) - client-C79DE3E06697->1d6da99a-ba9a-4d72-abd2-d0f1aa02f12f: receive RaftClientReply:client-C79DE3E06697->1d6da99a-ba9a-4d72-abd2-d0f1aa02f12f@group-B29EE812FB58, cid=3302, SUCCESS, logIndex=4957, commits[1d6da99a-ba9a-4d72-abd2-d0f1aa02f12f:c4957, 9dc27687-2024-46ae-8b6e-c9027bfa400e:c4953, 9c9c57da-14dc-454a-b374-789aa5e765a9:c4953]
2019-09-16 23:35:20,126 [grpc-default-executor-1] INFO  client.GrpcClientProtocolClient (GrpcClientProtocolClient.java:onNext(264)) - client-C79DE3E06697->1d6da99a-ba9a-4d72-abd2-d0f1aa02f12f: receive RaftClientReply:client-C79DE3E06697->1d6da99a-ba9a-4d72-abd2-d0f1aa02f12f@group-B29EE812FB58, cid=3303, SUCCESS, logIndex=0, commits[1d6da99a-ba9a-4d72-abd2-d0f1aa02f12f:c4959, 9dc27687-2024-46ae-8b6e-c9027bfa400e:c4957, 9c9c57da-14dc-454a-b374-789aa5e765a9:c4957]
2019-09-16 23:35:20,153 [grpc-default-executor-7] INFO  client.GrpcClientProtocolClient (GrpcClientProtocolClient.java:onNext(264)) - client-C79DE3E06697->1d6da99a-ba9a-4d72-abd2-d0f1aa02f12f: receive RaftClientReply:client-C79DE3E06697->1d6da99a-ba9a-4d72-abd2-d0f1aa02f12f@group-B29EE812FB58, cid=3304, SUCCESS, logIndex=4960, commits[1d6da99a-ba9a-4d72-abd2-d0f1aa02f12f:c4960, 9dc27687-2024-46ae-8b6e-c9027bfa400e:c4959, 9c9c57da-14dc-454a-b374-789aa5e765a9:c4959]
2019-09-16 23:35:20,153 [grpc-default-executor-7] INFO  client.GrpcClientProtocolClient (GrpcClientProtocolClient.java:onNext(264)) - client-C79DE3E06697->1d6da99a-ba9a-4d72-abd2-d0f1aa02f12f: receive RaftClientReply:client-C79DE3E06697->1d6da99a-ba9a-4d72-abd2-d0f1aa02f12f@group-B29EE812FB58, cid=3305, SUCCESS, logIndex=4961, commits[1d6da99a-ba9a-4d72-abd2-d0f1aa02f12f:c4961, 9dc27687-2024-46ae-8b6e-c9027bfa400e:c4959, 9c9c57da-14dc-454a-b374-789aa5e765a9:c4959]
2019-09-16 23:35:20,154 [grpc-default-executor-7] INFO  client.GrpcClientProtocolClient (GrpcClientProtocolClient.java:onNext(264)) - client-C79DE3E06697->1d6da99a-ba9a-4d72-abd2-d0f1aa02f12f: receive RaftClientReply:client-C79DE3E06697->1d6da99a-ba9a-4d72-abd2-d0f1aa02f12f@group-B29EE812FB58, cid=3306, SUCCESS, logIndex=4962, commits[1d6da99a-ba9a-4d72-abd2-d0f1aa02f12f:c4963, 9dc27687-2024-46ae-8b6e-c9027bfa400e:c4959, 9c9c57da-14dc-454a-b374-789aa5e765a9:c4959]
2019-09-16 23:35:20,155 [grpc-default-executor-7] INFO  client.GrpcClientProtocolClient (GrpcClientProtocolClient.java:onNext(264)) - client-C79DE3E06697->1d6da99a-ba9a-4d72-abd2-d0f1aa02f12f: receive RaftClientReply:client-C79DE3E06697->1d6da99a-ba9a-4d72-abd2-d0f1aa02f12f@group-B29EE812FB58, cid=3307, SUCCESS, logIndex=4963, commits[1d6da99a-ba9a-4d72-abd2-d0f1aa02f12f:c4963, 9dc27687-2024-46ae-8b6e-c9027bfa400e:c4959, 9c9c57da-14dc-454a-b374-789aa5e765a9:c4959]
2019-09-16 23:35:20,169 [grpc-default-executor-7] INFO  client.GrpcClientProtocolClient (GrpcClientProtocolClient.java:onNext(264)) - client-C79DE3E06697->1d6da99a-ba9a-4d72-abd2-d0f1aa02f12f: receive RaftClientReply:client-C79DE3E06697->1d6da99a-ba9a-4d72-abd2-d0f1aa02f12f@group-B29EE812FB58, cid=3308, SUCCESS, logIndex=0, commits[1d6da99a-ba9a-4d72-abd2-d0f1aa02f12f:c4965, 9dc27687-2024-46ae-8b6e-c9027bfa400e:c4961, 9c9c57da-14dc-454a-b374-789aa5e765a9:c4961]
2019-09-16 23:35:20,179 [grpc-default-executor-3] INFO  client.GrpcClientProtocolClient (GrpcClientProtocolClient.java:onNext(264)) - client-C79DE3E06697->1d6da99a-ba9a-4d72-abd2-d0f1aa02f12f: receive RaftClientReply:client-C79DE3E06697->1d6da99a-ba9a-4d72-abd2-d0f1aa02f12f@group-B29EE812FB58, cid=3309, SUCCESS, logIndex=4968, commits[1d6da99a-ba9a-4d72-abd2-d0f1aa02f12f:c4969, 9dc27687-2024-46ae-8b6e-c9027bfa400e:c4963, 9c9c57da-14dc-454a-b374-789aa5e765a9:c4967]
2019-09-16 23:35:20,179 [grpc-default-executor-3] INFO  client.GrpcClientProtocolClient (GrpcClientProtocolClient.java:onNext(264)) - client-C79DE3E06697->1d6da99a-ba9a-4d72-abd2-d0f1aa02f12f: receive RaftClientReply:client-C79DE3E06697->1d6da99a-ba9a-4d72-abd2-d0f1aa02f12f@group-B29EE812FB58, cid=3310, SUCCESS, logIndex=4969, commits[1d6da99a-ba9a-4d72-abd2-d0f1aa02f12f:c4969, 9dc27687-2024-46ae-8b6e-c9027bfa400e:c4967, 9c9c57da-14dc-454a-b374-789aa5e765a9:c4967]
2019-09-16 23:35:20,189 [grpc-default-executor-3] INFO  client.GrpcClientProtocolClient (GrpcClientProtocolClient.java:onNext(264)) - client-C79DE3E06697->1d6da99a-ba9a-4d72-abd2-d0f1aa02f12f: receive RaftClientReply:client-C79DE3E06697->1d6da99a-ba9a-4d72-abd2-d0f1aa02f12f@group-B29EE812FB58, cid=3311, SUCCESS, logIndex=4971, commits[1d6da99a-ba9a-4d72-abd2-d0f1aa02f12f:c4972, 9dc27687-2024-46ae-8b6e-c9027bfa400e:c4969, 9c9c57da-14dc-454a-b374-789aa5e765a9:c4970]
2019-09-16 23:35:20,189 [grpc-default-executor-3] INFO  client.GrpcClientProtocolClient (GrpcClientProtocolClient.java:onNext(264)) - client-C79DE3E06697->1d6da99a-ba9a-4d72-abd2-d0f1aa02f12f: receive RaftClientReply:client-C79DE3E06697->1d6da99a-ba9a-4d72-abd2-d0f1aa02f12f@group-B29EE812FB58, cid=3312, SUCCESS, logIndex=4972, commits[1d6da99a-ba9a-4d72-abd2-d0f1aa02f12f:c4972, 9dc27687-2024-46ae-8b6e-c9027bfa400e:c4970, 9c9c57da-14dc-454a-b374-789aa5e765a9:c4970]
2019-09-16 23:35:20,192 [grpc-default-executor-3] INFO  client.GrpcClientProtocolClient (GrpcClientProtocolClient.java:onNext(264)) - client-C79DE3E06697->1d6da99a-ba9a-4d72-abd2-d0f1aa02f12f: receive RaftClientReply:client-C79DE3E06697->1d6da99a-ba9a-4d72-abd2-d0f1aa02f12f@group-B29EE812FB58, cid=3313, SUCCESS, logIndex=0, commits[1d6da99a-ba9a-4d72-abd2-d0f1aa02f12f:c4973, 9dc27687-2024-46ae-8b6e-c9027bfa400e:c4972, 9c9c57da-14dc-454a-b374-789aa5e765a9:c4972]
2019-09-16 23:35:20,212 [grpc-default-executor-3] INFO  client.GrpcClientProtocolClient (GrpcClientProtocolClient.java:onNext(264)) - client-C79DE3E06697->1d6da99a-ba9a-4d72-abd2-d0f1aa02f12f: receive RaftClientReply:client-C79DE3E06697->1d6da99a-ba9a-4d72-abd2-d0f1aa02f12f@group-B29EE812FB58, cid=3314, SUCCESS, logIndex=4974, commits[1d6da99a-ba9a-4d72-abd2-d0f1aa02f12f:c4977, 9dc27687-2024-46ae-8b6e-c9027bfa400e:c4972, 9c9c57da-14dc-454a-b374-789aa5e765a9:c4973]
2019-09-16 23:35:20,213 [grpc-default-executor-3] INFO  client.GrpcClientProtocolClient (GrpcClientProtocolClient.java:onNext(264)) - client-C79DE3E06697->1d6da99a-ba9a-4d72-abd2-d0f1aa02f12f: receive RaftClientReply:client-C79DE3E06697->1d6da99a-ba9a-4d72-abd2-d0f1aa02f12f@group-B29EE812FB58, cid=3315, SUCCESS, logIndex=4975, commits[1d6da99a-ba9a-4d72-abd2-d0f1aa02f12f:c4977, 9dc27687-2024-46ae-8b6e-c9027bfa400e:c4973, 9c9c57da-14dc-454a-b374-789aa5e765a9:c4973]
2019-09-16 23:35:20,213 [grpc-default-executor-3] INFO  client.GrpcClientProtocolClient (GrpcClientProtocolClient.java:onNext(264)) - client-C79DE3E06697->1d6da99a-ba9a-4d72-abd2-d0f1aa02f12f: receive RaftClientReply:client-C79DE3E06697->1d6da99a-ba9a-4d72-abd2-d0f1aa02f12f@group-B29EE812FB58, cid=3316, SUCCESS, logIndex=4976, commits[1d6da99a-ba9a-4d72-abd2-d0f1aa02f12f:c4977, 9dc27687-2024-46ae-8b6e-c9027bfa400e:c4973, 9c9c57da-14dc-454a-b374-789aa5e765a9:c4973]
2019-09-16 23:35:20,213 [grpc-default-executor-3] INFO  client.GrpcClientProtocolClient (GrpcClientProtocolClient.java:onNext(264)) - client-C79DE3E06697->1d6da99a-ba9a-4d72-abd2-d0f1aa02f12f: receive RaftClientReply:client-C79DE3E06697->1d6da99a-ba9a-4d72-abd2-d0f1aa02f12f@group-B29EE812FB58, cid=3317, SUCCESS, logIndex=4977, commits[1d6da99a-ba9a-4d72-abd2-d0f1aa02f12f:c4977, 9dc27687-2024-46ae-8b6e-c9027bfa400e:c4973, 9c9c57da-14dc-454a-b374-789aa5e765a9:c4973]
2019-09-16 23:35:20,215 [grpc-default-executor-1] INFO  client.GrpcClientProtocolClient (GrpcClientProtocolClient.java:onNext(264)) - client-C79DE3E06697->1d6da99a-ba9a-4d72-abd2-d0f1aa02f12f: receive RaftClientReply:client-C79DE3E06697->1d6da99a-ba9a-4d72-abd2-d0f1aa02f12f@group-B29EE812FB58, cid=3318, SUCCESS, logIndex=0, commits[1d6da99a-ba9a-4d72-abd2-d0f1aa02f12f:c4981, 9dc27687-2024-46ae-8b6e-c9027bfa400e:c4977, 9c9c57da-14dc-454a-b374-789aa5e765a9:c4976]
2019-09-16 23:35:20,233 [grpc-default-executor-7] INFO  client.GrpcClientProtocolClient (GrpcClientProtocolClient.java:onNext(264)) - client-C79DE3E06697->1d6da99a-ba9a-4d72-abd2-d0f1aa02f12f: receive RaftClientReply:client-C79DE3E06697->1d6da99a-ba9a-4d72-abd2-d0f1aa02f12f@group-B29EE812FB58, cid=3319, SUCCESS, logIndex=4982, commits[1d6da99a-ba9a-4d72-abd2-d0f1aa02f12f:c4983, 9dc27687-2024-46ae-8b6e-c9027bfa400e:c4981, 9c9c57da-14dc-454a-b374-789aa5e765a9:c4981]
2019-09-16 23:35:20,233 [grpc-default-executor-7] INFO  client.GrpcClientProtocolClient (GrpcClientProtocolClient.java:onNext(264)) - client-C79DE3E06697->1d6da99a-ba9a-4d72-abd2-d0f1aa02f12f: receive RaftClientReply:client-C79DE3E06697->1d6da99a-ba9a-4d72-abd2-d0f1aa02f12f@group-B29EE812FB58, cid=3320, SUCCESS, logIndex=4983, commits[1d6da99a-ba9a-4d72-abd2-d0f1aa02f12f:c4983, 9dc27687-2024-46ae-8b6e-c9027bfa400e:c4981, 9c9c57da-14dc-454a-b374-789aa5e765a9:c4981]
2019-09-16 23:35:20,246 [grpc-default-executor-1] INFO  client.GrpcClientProtocolClient (GrpcClientProtocolClient.java:onNext(264)) - client-C79DE3E06697->1d6da99a-ba9a-4d72-abd2-d0f1aa02f12f: receive RaftClientReply:client-C79DE3E06697->1d6da99a-ba9a-4d72-abd2-d0f1aa02f12f@group-B29EE812FB58, cid=3321, SUCCESS, logIndex=4986, commits[1d6da99a-ba9a-4d72-abd2-d0f1aa02f12f:c4987, 9dc27687-2024-46ae-8b6e-c9027bfa400e:c4983, 9c9c57da-14dc-454a-b374-789aa5e765a9:c4983]
2019-09-16 23:35:20,247 [grpc-default-executor-1] INFO  client.GrpcClientProtocolClient (GrpcClientProtocolClient.java:onNext(264)) - client-C79DE3E06697->1d6da99a-ba9a-4d72-abd2-d0f1aa02f12f: receive RaftClientReply:client-C79DE3E06697->1d6da99a-ba9a-4d72-abd2-d0f1aa02f12f@group-B29EE812FB58, cid=3322, SUCCESS, logIndex=4987, commits[1d6da99a-ba9a-4d72-abd2-d0f1aa02f12f:c4987, 9dc27687-2024-46ae-8b6e-c9027bfa400e:c4983, 9c9c57da-14dc-454a-b374-789aa5e765a9:c4983]
2019-09-16 23:35:20,258 [grpc-default-executor-1] INFO  client.GrpcClientProtocolClient (GrpcClientProtocolClient.java:onNext(264)) - client-C79DE3E06697->1d6da99a-ba9a-4d72-abd2-d0f1aa02f12f: receive RaftClientReply:client-C79DE3E06697->1d6da99a-ba9a-4d72-abd2-d0f1aa02f12f@group-B29EE812FB58, cid=3323, SUCCESS, logIndex=0, commits[1d6da99a-ba9a-4d72-abd2-d0f1aa02f12f:c4988, 9dc27687-2024-46ae-8b6e-c9027bfa400e:c4987, 9c9c57da-14dc-454a-b374-789aa5e765a9:c4987]
 0.00% |█                                                                                                    |  0/1 Time: 0:00:382019-09-16 23:35:20,978 [grpc-default-executor-0] INFO  client.GrpcClientProtocolClient (GrpcClientProtocolClient.java:onNext(264)) - client-C79DE3E06697->1d6da99a-ba9a-4d72-abd2-d0f1aa02f12f: receive RaftClientReply:client-C79DE3E06697->1d6da99a-ba9a-4d72-abd2-d0f1aa02f12f@group-B29EE812FB58, cid=3324, SUCCESS, logIndex=4990, commits[1d6da99a-ba9a-4d72-abd2-d0f1aa02f12f:c4991, 9dc27687-2024-46ae-8b6e-c9027bfa400e:c4989, 9c9c57da-14dc-454a-b374-789aa5e765a9:c4987]
2019-09-16 23:35:20,978 [grpc-default-executor-0] INFO  client.GrpcClientProtocolClient (GrpcClientProtocolClient.java:onNext(264)) - client-C79DE3E06697->1d6da99a-ba9a-4d72-abd2-d0f1aa02f12f: receive RaftClientReply:client-C79DE3E06697->1d6da99a-ba9a-4d72-abd2-d0f1aa02f12f@group-B29EE812FB58, cid=3325, SUCCESS, logIndex=4991, commits[1d6da99a-ba9a-4d72-abd2-d0f1aa02f12f:c4991, 9dc27687-2024-46ae-8b6e-c9027bfa400e:c4989, 9c9c57da-14dc-454a-b374-789aa5e765a9:c4989]
2019-09-16 23:35:20,979 [grpc-default-executor-0] INFO  client.GrpcClientProtocolClient (GrpcClientProtocolClient.java:onNext(264)) - client-C79DE3E06697->1d6da99a-ba9a-4d72-abd2-d0f1aa02f12f: receive RaftClientReply:client-C79DE3E06697->1d6da99a-ba9a-4d72-abd2-d0f1aa02f12f@group-B29EE812FB58, cid=3326, SUCCESS, logIndex=4992, commits[1d6da99a-ba9a-4d72-abd2-d0f1aa02f12f:c4993, 9dc27687-2024-46ae-8b6e-c9027bfa400e:c4989, 9c9c57da-14dc-454a-b374-789aa5e765a9:c4989]
2019-09-16 23:35:20,979 [grpc-default-executor-0] INFO  client.GrpcClientProtocolClient (GrpcClientProtocolClient.java:onNext(264)) - client-C79DE3E06697->1d6da99a-ba9a-4d72-abd2-d0f1aa02f12f: receive RaftClientReply:client-C79DE3E06697->1d6da99a-ba9a-4d72-abd2-d0f1aa02f12f@group-B29EE812FB58, cid=3327, SUCCESS, logIndex=4993, commits[1d6da99a-ba9a-4d72-abd2-d0f1aa02f12f:c4993, 9dc27687-2024-46ae-8b6e-c9027bfa400e:c4989, 9c9c57da-14dc-454a-b374-789aa5e765a9:c4989]
2019-09-16 23:35:20,992 [grpc-default-executor-0] INFO  client.GrpcClientProtocolClient (GrpcClientProtocolClient.java:onNext(264)) - client-C79DE3E06697->1d6da99a-ba9a-4d72-abd2-d0f1aa02f12f: receive RaftClientReply:client-C79DE3E06697->1d6da99a-ba9a-4d72-abd2-d0f1aa02f12f@group-B29EE812FB58, cid=3328, SUCCESS, logIndex=0, commits[1d6da99a-ba9a-4d72-abd2-d0f1aa02f12f:c4994, 9dc27687-2024-46ae-8b6e-c9027bfa400e:c4991, 9c9c57da-14dc-454a-b374-789aa5e765a9:c4991]
2019-09-16 23:35:21,028 [grpc-default-executor-7] INFO  client.GrpcClientProtocolClient (GrpcClientProtocolClient.java:onNext(264)) - client-C79DE3E06697->1d6da99a-ba9a-4d72-abd2-d0f1aa02f12f: receive RaftClientReply:client-C79DE3E06697->1d6da99a-ba9a-4d72-abd2-d0f1aa02f12f@group-B29EE812FB58, cid=3329, SUCCESS, logIndex=4997, commits[1d6da99a-ba9a-4d72-abd2-d0f1aa02f12f:c4998, 9dc27687-2024-46ae-8b6e-c9027bfa400e:c4996, 9c9c57da-14dc-454a-b374-789aa5e765a9:c4996]
2019-09-16 23:35:21,028 [grpc-default-executor-7] INFO  client.GrpcClientProtocolClient (GrpcClientProtocolClient.java:onNext(264)) - client-C79DE3E06697->1d6da99a-ba9a-4d72-abd2-d0f1aa02f12f: receive RaftClientReply:client-C79DE3E06697->1d6da99a-ba9a-4d72-abd2-d0f1aa02f12f@group-B29EE812FB58, cid=3330, SUCCESS, logIndex=4998, commits[1d6da99a-ba9a-4d72-abd2-d0f1aa02f12f:c4998, 9dc27687-2024-46ae-8b6e-c9027bfa400e:c4996, 9c9c57da-14dc-454a-b374-789aa5e765a9:c4996]
2019-09-16 23:35:21,041 [grpc-default-executor-0] INFO  client.GrpcClientProtocolClient (GrpcClientProtocolClient.java:onNext(264)) - client-C79DE3E06697->1d6da99a-ba9a-4d72-abd2-d0f1aa02f12f: receive RaftClientReply:client-C79DE3E06697->1d6da99a-ba9a-4d72-abd2-d0f1aa02f12f@group-B29EE812FB58, cid=3331, SUCCESS, logIndex=5001, commits[1d6da99a-ba9a-4d72-abd2-d0f1aa02f12f:c5002, 9dc27687-2024-46ae-8b6e-c9027bfa400e:c4998, 9c9c57da-14dc-454a-b374-789aa5e765a9:c4998]
2019-09-16 23:35:21,042 [grpc-default-executor-0] INFO  client.GrpcClientProtocolClient (GrpcClientProtocolClient.java:onNext(264)) - client-C79DE3E06697->1d6da99a-ba9a-4d72-abd2-d0f1aa02f12f: receive RaftClientReply:client-C79DE3E06697->1d6da99a-ba9a-4d72-abd2-d0f1aa02f12f@group-B29EE812FB58, cid=3332, SUCCESS, logIndex=5002, commits[1d6da99a-ba9a-4d72-abd2-d0f1aa02f12f:c5002, 9dc27687-2024-46ae-8b6e-c9027bfa400e:c4998, 9c9c57da-14dc-454a-b374-789aa5e765a9:c4998]
2019-09-16 23:35:21,055 [grpc-default-executor-0] INFO  client.GrpcClientProtocolClient (GrpcClientProtocolClient.java:onNext(264)) - client-C79DE3E06697->1d6da99a-ba9a-4d72-abd2-d0f1aa02f12f: receive RaftClientReply:client-C79DE3E06697->1d6da99a-ba9a-4d72-abd2-d0f1aa02f12f@group-B29EE812FB58, cid=3333, SUCCESS, logIndex=0, commits[1d6da99a-ba9a-4d72-abd2-d0f1aa02f12f:c5003, 9dc27687-2024-46ae-8b6e-c9027bfa400e:c5002, 9c9c57da-14dc-454a-b374-789aa5e765a9:c5002]
2019-09-16 23:35:21,089 [grpc-default-executor-7] INFO  client.GrpcClientProtocolClient (GrpcClientProtocolClient.java:onNext(264)) - client-C79DE3E06697->1d6da99a-ba9a-4d72-abd2-d0f1aa02f12f: receive RaftClientReply:client-C79DE3E06697->1d6da99a-ba9a-4d72-abd2-d0f1aa02f12f@group-B29EE812FB58, cid=3334, SUCCESS, logIndex=5005, commits[1d6da99a-ba9a-4d72-abd2-d0f1aa02f12f:c5006, 9dc27687-2024-46ae-8b6e-c9027bfa400e:c5004, 9c9c57da-14dc-454a-b374-789aa5e765a9:c5004]
2019-09-16 23:35:21,090 [grpc-default-executor-7] INFO  client.GrpcClientProtocolClient (GrpcClientProtocolClient.java:onNext(264)) - client-C79DE3E06697->1d6da99a-ba9a-4d72-abd2-d0f1aa02f12f: receive RaftClientReply:client-C79DE3E06697->1d6da99a-ba9a-4d72-abd2-d0f1aa02f12f@group-B29EE812FB58, cid=3335, SUCCESS, logIndex=5006, commits[1d6da99a-ba9a-4d72-abd2-d0f1aa02f12f:c5006, 9dc27687-2024-46ae-8b6e-c9027bfa400e:c5004, 9c9c57da-14dc-454a-b374-789aa5e765a9:c5004]
2019-09-16 23:35:21,102 [grpc-default-executor-1] INFO  client.GrpcClientProtocolClient (GrpcClientProtocolClient.java:onNext(264)) - client-C79DE3E06697->1d6da99a-ba9a-4d72-abd2-d0f1aa02f12f: receive RaftClientReply:client-C79DE3E06697->1d6da99a-ba9a-4d72-abd2-d0f1aa02f12f@group-B29EE812FB58, cid=3336, SUCCESS, logIndex=5007, commits[1d6da99a-ba9a-4d72-abd2-d0f1aa02f12f:c5007, 9dc27687-2024-46ae-8b6e-c9027bfa400e:c5004, 9c9c57da-14dc-454a-b374-789aa5e765a9:c5004]
2019-09-16 23:35:21,102 [grpc-default-executor-1] INFO  client.GrpcClientProtocolClient (GrpcClientProtocolClient.java:onNext(264)) - client-C79DE3E06697->1d6da99a-ba9a-4d72-abd2-d0f1aa02f12f: receive RaftClientReply:client-C79DE3E06697->1d6da99a-ba9a-4d72-abd2-d0f1aa02f12f@group-B29EE812FB58, cid=3337, SUCCESS, logIndex=5008, commits[1d6da99a-ba9a-4d72-abd2-d0f1aa02f12f:c5008, 9dc27687-2024-46ae-8b6e-c9027bfa400e:c5004, 9c9c57da-14dc-454a-b374-789aa5e765a9:c5004]
2019-09-16 23:35:21,113 [grpc-default-executor-1] INFO  client.GrpcClientProtocolClient (GrpcClientProtocolClient.java:onNext(264)) - client-C79DE3E06697->1d6da99a-ba9a-4d72-abd2-d0f1aa02f12f: receive RaftClientReply:client-C79DE3E06697->1d6da99a-ba9a-4d72-abd2-d0f1aa02f12f@group-B29EE812FB58, cid=3338, SUCCESS, logIndex=0, commits[1d6da99a-ba9a-4d72-abd2-d0f1aa02f12f:c5010, 9dc27687-2024-46ae-8b6e-c9027bfa400e:c5006, 9c9c57da-14dc-454a-b374-789aa5e765a9:c5006]
2019-09-16 23:35:21,133 [grpc-default-executor-1] INFO  client.GrpcClientProtocolClient (GrpcClientProtocolClient.java:onNext(264)) - client-C79DE3E06697->1d6da99a-ba9a-4d72-abd2-d0f1aa02f12f: receive RaftClientReply:client-C79DE3E06697->1d6da99a-ba9a-4d72-abd2-d0f1aa02f12f@group-B29EE812FB58, cid=3339, SUCCESS, logIndex=5013, commits[1d6da99a-ba9a-4d72-abd2-d0f1aa02f12f:c5014, 9dc27687-2024-46ae-8b6e-c9027bfa400e:c5012, 9c9c57da-14dc-454a-b374-789aa5e765a9:c5012]
2019-09-16 23:35:21,133 [grpc-default-executor-1] INFO  client.GrpcClientProtocolClient (GrpcClientProtocolClient.java:onNext(264)) - client-C79DE3E06697->1d6da99a-ba9a-4d72-abd2-d0f1aa02f12f: receive RaftClientReply:client-C79DE3E06697->1d6da99a-ba9a-4d72-abd2-d0f1aa02f12f@group-B29EE812FB58, cid=3340, SUCCESS, logIndex=5014, commits[1d6da99a-ba9a-4d72-abd2-d0f1aa02f12f:c5014, 9dc27687-2024-46ae-8b6e-c9027bfa400e:c5012, 9c9c57da-14dc-454a-b374-789aa5e765a9:c5012]
2019-09-16 23:35:21,144 [grpc-default-executor-0] INFO  client.GrpcClientProtocolClient (GrpcClientProtocolClient.java:onNext(264)) - client-C79DE3E06697->1d6da99a-ba9a-4d72-abd2-d0f1aa02f12f: receive RaftClientReply:client-C79DE3E06697->1d6da99a-ba9a-4d72-abd2-d0f1aa02f12f@group-B29EE812FB58, cid=3341, SUCCESS, logIndex=5017, commits[1d6da99a-ba9a-4d72-abd2-d0f1aa02f12f:c5018, 9dc27687-2024-46ae-8b6e-c9027bfa400e:c5014, 9c9c57da-14dc-454a-b374-789aa5e765a9:c5016]
2019-09-16 23:35:21,144 [grpc-default-executor-0] INFO  client.GrpcClientProtocolClient (GrpcClientProtocolClient.java:onNext(264)) - client-C79DE3E06697->1d6da99a-ba9a-4d72-abd2-d0f1aa02f12f: receive RaftClientReply:client-C79DE3E06697->1d6da99a-ba9a-4d72-abd2-d0f1aa02f12f@group-B29EE812FB58, cid=3342, SUCCESS, logIndex=5018, commits[1d6da99a-ba9a-4d72-abd2-d0f1aa02f12f:c5018, 9dc27687-2024-46ae-8b6e-c9027bfa400e:c5016, 9c9c57da-14dc-454a-b374-789aa5e765a9:c5016]
2019-09-16 23:35:21,147 [grpc-default-executor-0] INFO  client.GrpcClientProtocolClient (GrpcClientProtocolClient.java:onNext(264)) - client-C79DE3E06697->1d6da99a-ba9a-4d72-abd2-d0f1aa02f12f: receive RaftClientReply:client-C79DE3E06697->1d6da99a-ba9a-4d72-abd2-d0f1aa02f12f@group-B29EE812FB58, cid=3343, SUCCESS, logIndex=0, commits[1d6da99a-ba9a-4d72-abd2-d0f1aa02f12f:c5019, 9dc27687-2024-46ae-8b6e-c9027bfa400e:c5018, 9c9c57da-14dc-454a-b374-789aa5e765a9:c5018]
2019-09-16 23:35:21,169 [grpc-default-executor-1] INFO  client.GrpcClientProtocolClient (GrpcClientProtocolClient.java:onNext(264)) - client-C79DE3E06697->1d6da99a-ba9a-4d72-abd2-d0f1aa02f12f: receive RaftClientReply:client-C79DE3E06697->1d6da99a-ba9a-4d72-abd2-d0f1aa02f12f@group-B29EE812FB58, cid=3344, SUCCESS, logIndex=5021, commits[1d6da99a-ba9a-4d72-abd2-d0f1aa02f12f:c5022, 9dc27687-2024-46ae-8b6e-c9027bfa400e:c5020, 9c9c57da-14dc-454a-b374-789aa5e765a9:c5018]
2019-09-16 23:35:21,169 [grpc-default-executor-1] INFO  client.GrpcClientProtocolClient (GrpcClientProtocolClient.java:onNext(264)) - client-C79DE3E06697->1d6da99a-ba9a-4d72-abd2-d0f1aa02f12f: receive RaftClientReply:client-C79DE3E06697->1d6da99a-ba9a-4d72-abd2-d0f1aa02f12f@group-B29EE812FB58, cid=3345, SUCCESS, logIndex=5022, commits[1d6da99a-ba9a-4d72-abd2-d0f1aa02f12f:c5022, 9dc27687-2024-46ae-8b6e-c9027bfa400e:c5020, 9c9c57da-14dc-454a-b374-789aa5e765a9:c5018]
2019-09-16 23:35:21,172 [grpc-default-executor-0] INFO  client.GrpcClientProtocolClient (GrpcClientProtocolClient.java:onNext(264)) - client-C79DE3E06697->1d6da99a-ba9a-4d72-abd2-d0f1aa02f12f: receive RaftClientReply:client-C79DE3E06697->1d6da99a-ba9a-4d72-abd2-d0f1aa02f12f@group-B29EE812FB58, cid=3346, SUCCESS, logIndex=5023, commits[1d6da99a-ba9a-4d72-abd2-d0f1aa02f12f:c5026, 9dc27687-2024-46ae-8b6e-c9027bfa400e:c5022, 9c9c57da-14dc-454a-b374-789aa5e765a9:c5020]
2019-09-16 23:35:21,173 [grpc-default-executor-0] INFO  client.GrpcClientProtocolClient (GrpcClientProtocolClient.java:onNext(264)) - client-C79DE3E06697->1d6da99a-ba9a-4d72-abd2-d0f1aa02f12f: receive RaftClientReply:client-C79DE3E06697->1d6da99a-ba9a-4d72-abd2-d0f1aa02f12f@group-B29EE812FB58, cid=3347, SUCCESS, logIndex=5024, commits[1d6da99a-ba9a-4d72-abd2-d0f1aa02f12f:c5026, 9dc27687-2024-46ae-8b6e-c9027bfa400e:c5022, 9c9c57da-14dc-454a-b374-789aa5e765a9:c5020]
2019-09-16 23:35:21,174 [grpc-default-executor-0] INFO  client.GrpcClientProtocolClient (GrpcClientProtocolClient.java:onNext(264)) - client-C79DE3E06697->1d6da99a-ba9a-4d72-abd2-d0f1aa02f12f: receive RaftClientReply:client-C79DE3E06697->1d6da99a-ba9a-4d72-abd2-d0f1aa02f12f@group-B29EE812FB58, cid=3348, SUCCESS, logIndex=0, commits[1d6da99a-ba9a-4d72-abd2-d0f1aa02f12f:c5027, 9dc27687-2024-46ae-8b6e-c9027bfa400e:c5024, 9c9c57da-14dc-454a-b374-789aa5e765a9:c5022]
2019-09-16 23:35:21,185 [grpc-default-executor-0] INFO  client.GrpcClientProtocolClient (GrpcClientProtocolClient.java:onNext(264)) - client-C79DE3E06697->1d6da99a-ba9a-4d72-abd2-d0f1aa02f12f: receive RaftClientReply:client-C79DE3E06697->1d6da99a-ba9a-4d72-abd2-d0f1aa02f12f@group-B29EE812FB58, cid=3349, SUCCESS, logIndex=5028, commits[1d6da99a-ba9a-4d72-abd2-d0f1aa02f12f:c5029, 9dc27687-2024-46ae-8b6e-c9027bfa400e:c5027, 9c9c57da-14dc-454a-b374-789aa5e765a9:c5027]
2019-09-16 23:35:21,185 [grpc-default-executor-0] INFO  client.GrpcClientProtocolClient (GrpcClientProtocolClient.java:onNext(264)) - client-C79DE3E06697->1d6da99a-ba9a-4d72-abd2-d0f1aa02f12f: receive RaftClientReply:client-C79DE3E06697->1d6da99a-ba9a-4d72-abd2-d0f1aa02f12f@group-B29EE812FB58, cid=3350, SUCCESS, logIndex=5029, commits[1d6da99a-ba9a-4d72-abd2-d0f1aa02f12f:c5029, 9dc27687-2024-46ae-8b6e-c9027bfa400e:c5027, 9c9c57da-14dc-454a-b374-789aa5e765a9:c5027]
2019-09-16 23:35:21,202 [grpc-default-executor-1] INFO  client.GrpcClientProtocolClient (GrpcClientProtocolClient.java:onNext(264)) - client-C79DE3E06697->1d6da99a-ba9a-4d72-abd2-d0f1aa02f12f: receive RaftClientReply:client-C79DE3E06697->1d6da99a-ba9a-4d72-abd2-d0f1aa02f12f@group-B29EE812FB58, cid=3351, SUCCESS, logIndex=5032, commits[1d6da99a-ba9a-4d72-abd2-d0f1aa02f12f:c5033, 9dc27687-2024-46ae-8b6e-c9027bfa400e:c5031, 9c9c57da-14dc-454a-b374-789aa5e765a9:c5031]
2019-09-16 23:35:21,203 [grpc-default-executor-1] INFO  client.GrpcClientProtocolClient (GrpcClientProtocolClient.java:onNext(264)) - client-C79DE3E06697->1d6da99a-ba9a-4d72-abd2-d0f1aa02f12f: receive RaftClientReply:client-C79DE3E06697->1d6da99a-ba9a-4d72-abd2-d0f1aa02f12f@group-B29EE812FB58, cid=3352, SUCCESS, logIndex=5033, commits[1d6da99a-ba9a-4d72-abd2-d0f1aa02f12f:c5033, 9dc27687-2024-46ae-8b6e-c9027bfa400e:c5031, 9c9c57da-14dc-454a-b374-789aa5e765a9:c5031]
2019-09-16 23:35:21,206 [grpc-default-executor-1] INFO  client.GrpcClientProtocolClient (GrpcClientProtocolClient.java:onNext(264)) - client-C79DE3E06697->1d6da99a-ba9a-4d72-abd2-d0f1aa02f12f: receive RaftClientReply:client-C79DE3E06697->1d6da99a-ba9a-4d72-abd2-d0f1aa02f12f@group-B29EE812FB58, cid=3353, SUCCESS, logIndex=0, commits[1d6da99a-ba9a-4d72-abd2-d0f1aa02f12f:c5035, 9dc27687-2024-46ae-8b6e-c9027bfa400e:c5033, 9c9c57da-14dc-454a-b374-789aa5e765a9:c5033]
2019-09-16 23:35:21,226 [grpc-default-executor-0] INFO  client.GrpcClientProtocolClient (GrpcClientProtocolClient.java:onNext(264)) - client-C79DE3E06697->1d6da99a-ba9a-4d72-abd2-d0f1aa02f12f: receive RaftClientReply:client-C79DE3E06697->1d6da99a-ba9a-4d72-abd2-d0f1aa02f12f@group-B29EE812FB58, cid=3354, SUCCESS, logIndex=5036, commits[1d6da99a-ba9a-4d72-abd2-d0f1aa02f12f:c5038, 9dc27687-2024-46ae-8b6e-c9027bfa400e:c5033, 9c9c57da-14dc-454a-b374-789aa5e765a9:c5035]
2019-09-16 23:35:21,226 [grpc-default-executor-0] INFO  client.GrpcClientProtocolClient (GrpcClientProtocolClient.java:onNext(264)) - client-C79DE3E06697->1d6da99a-ba9a-4d72-abd2-d0f1aa02f12f: receive RaftClientReply:client-C79DE3E06697->1d6da99a-ba9a-4d72-abd2-d0f1aa02f12f@group-B29EE812FB58, cid=3355, SUCCESS, logIndex=5037, commits[1d6da99a-ba9a-4d72-abd2-d0f1aa02f12f:c5039, 9dc27687-2024-46ae-8b6e-c9027bfa400e:c5035, 9c9c57da-14dc-454a-b374-789aa5e765a9:c5035]
2019-09-16 23:35:21,226 [grpc-default-executor-0] INFO  client.GrpcClientProtocolClient (GrpcClientProtocolClient.java:onNext(264)) - client-C79DE3E06697->1d6da99a-ba9a-4d72-abd2-d0f1aa02f12f: receive RaftClientReply:client-C79DE3E06697->1d6da99a-ba9a-4d72-abd2-d0f1aa02f12f@group-B29EE812FB58, cid=3356, SUCCESS, logIndex=5038, commits[1d6da99a-ba9a-4d72-abd2-d0f1aa02f12f:c5039, 9dc27687-2024-46ae-8b6e-c9027bfa400e:c5035, 9c9c57da-14dc-454a-b374-789aa5e765a9:c5035]
2019-09-16 23:35:21,227 [grpc-default-executor-1] INFO  client.GrpcClientProtocolClient (GrpcClientProtocolClient.java:onNext(264)) - client-C79DE3E06697->1d6da99a-ba9a-4d72-abd2-d0f1aa02f12f: receive RaftClientReply:client-C79DE3E06697->1d6da99a-ba9a-4d72-abd2-d0f1aa02f12f@group-B29EE812FB58, cid=3357, SUCCESS, logIndex=5039, commits[1d6da99a-ba9a-4d72-abd2-d0f1aa02f12f:c5039, 9dc27687-2024-46ae-8b6e-c9027bfa400e:c5035, 9c9c57da-14dc-454a-b374-789aa5e765a9:c5035]
2019-09-16 23:35:21,230 [grpc-default-executor-1] INFO  client.GrpcClientProtocolClient (GrpcClientProtocolClient.java:onNext(264)) - client-C79DE3E06697->1d6da99a-ba9a-4d72-abd2-d0f1aa02f12f: receive RaftClientReply:client-C79DE3E06697->1d6da99a-ba9a-4d72-abd2-d0f1aa02f12f@group-B29EE812FB58, cid=3358, SUCCESS, logIndex=0, commits[1d6da99a-ba9a-4d72-abd2-d0f1aa02f12f:c5040, 9dc27687-2024-46ae-8b6e-c9027bfa400e:c5038, 9c9c57da-14dc-454a-b374-789aa5e765a9:c5038]
2019-09-16 23:35:21,295 [grpc-default-executor-1] INFO  client.GrpcClientProtocolClient (GrpcClientProtocolClient.java:onNext(264)) - client-C79DE3E06697->1d6da99a-ba9a-4d72-abd2-d0f1aa02f12f: receive RaftClientReply:client-C79DE3E06697->1d6da99a-ba9a-4d72-abd2-d0f1aa02f12f@group-B29EE812FB58, cid=3359, SUCCESS, logIndex=5044, commits[1d6da99a-ba9a-4d72-abd2-d0f1aa02f12f:c5045, 9dc27687-2024-46ae-8b6e-c9027bfa400e:c5043, 9c9c57da-14dc-454a-b374-789aa5e765a9:c5043]
2019-09-16 23:35:21,295 [grpc-default-executor-1] INFO  client.GrpcClientProtocolClient (GrpcClientProtocolClient.java:onNext(264)) - client-C79DE3E06697->1d6da99a-ba9a-4d72-abd2-d0f1aa02f12f: receive RaftClientReply:client-C79DE3E06697->1d6da99a-ba9a-4d72-abd2-d0f1aa02f12f@group-B29EE812FB58, cid=3360, SUCCESS, logIndex=5045, commits[1d6da99a-ba9a-4d72-abd2-d0f1aa02f12f:c5045, 9dc27687-2024-46ae-8b6e-c9027bfa400e:c5043, 9c9c57da-14dc-454a-b374-789aa5e765a9:c5043]
2019-09-16 23:35:21,320 [grpc-default-executor-3] INFO  client.GrpcClientProtocolClient (GrpcClientProtocolClient.java:onNext(264)) - client-C79DE3E06697->1d6da99a-ba9a-4d72-abd2-d0f1aa02f12f: receive RaftClientReply:client-C79DE3E06697->1d6da99a-ba9a-4d72-abd2-d0f1aa02f12f@group-B29EE812FB58, cid=3361, SUCCESS, logIndex=5048, commits[1d6da99a-ba9a-4d72-abd2-d0f1aa02f12f:c5049, 9dc27687-2024-46ae-8b6e-c9027bfa400e:c5045, 9c9c57da-14dc-454a-b374-789aa5e765a9:c5045]
2019-09-16 23:35:21,320 [grpc-default-executor-3] INFO  client.GrpcClientProtocolClient (GrpcClientProtocolClient.java:onNext(264)) - client-C79DE3E06697->1d6da99a-ba9a-4d72-abd2-d0f1aa02f12f: receive RaftClientReply:client-C79DE3E06697->1d6da99a-ba9a-4d72-abd2-d0f1aa02f12f@group-B29EE812FB58, cid=3362, SUCCESS, logIndex=5049, commits[1d6da99a-ba9a-4d72-abd2-d0f1aa02f12f:c5049, 9dc27687-2024-46ae-8b6e-c9027bfa400e:c5045, 9c9c57da-14dc-454a-b374-789aa5e765a9:c5045]
2019-09-16 23:35:21,339 [grpc-default-executor-3] INFO  client.GrpcClientProtocolClient (GrpcClientProtocolClient.java:onNext(264)) - client-C79DE3E06697->1d6da99a-ba9a-4d72-abd2-d0f1aa02f12f: receive RaftClientReply:client-C79DE3E06697->1d6da99a-ba9a-4d72-abd2-d0f1aa02f12f@group-B29EE812FB58, cid=3363, SUCCESS, logIndex=0, commits[1d6da99a-ba9a-4d72-abd2-d0f1aa02f12f:c5050, 9dc27687-2024-46ae-8b6e-c9027bfa400e:c5049, 9c9c57da-14dc-454a-b374-789aa5e765a9:c5049]
2019-09-16 23:35:21,368 [grpc-default-executor-1] INFO  client.GrpcClientProtocolClient (GrpcClientProtocolClient.java:onNext(264)) - client-C79DE3E06697->1d6da99a-ba9a-4d72-abd2-d0f1aa02f12f: receive RaftClientReply:client-C79DE3E06697->1d6da99a-ba9a-4d72-abd2-d0f1aa02f12f@group-B29EE812FB58, cid=3364, SUCCESS, logIndex=5052, commits[1d6da99a-ba9a-4d72-abd2-d0f1aa02f12f:c5054, 9dc27687-2024-46ae-8b6e-c9027bfa400e:c5051, 9c9c57da-14dc-454a-b374-789aa5e765a9:c5051]
2019-09-16 23:35:21,369 [grpc-default-executor-1] INFO  client.GrpcClientProtocolClient (GrpcClientProtocolClient.java:onNext(264)) - client-C79DE3E06697->1d6da99a-ba9a-4d72-abd2-d0f1aa02f12f: receive RaftClientReply:client-C79DE3E06697->1d6da99a-ba9a-4d72-abd2-d0f1aa02f12f@group-B29EE812FB58, cid=3365, SUCCESS, logIndex=5053, commits[1d6da99a-ba9a-4d72-abd2-d0f1aa02f12f:c5055, 9dc27687-2024-46ae-8b6e-c9027bfa400e:c5051, 9c9c57da-14dc-454a-b374-789aa5e765a9:c5051]
2019-09-16 23:35:21,369 [grpc-default-executor-1] INFO  client.GrpcClientProtocolClient (GrpcClientProtocolClient.java:onNext(264)) - client-C79DE3E06697->1d6da99a-ba9a-4d72-abd2-d0f1aa02f12f: receive RaftClientReply:client-C79DE3E06697->1d6da99a-ba9a-4d72-abd2-d0f1aa02f12f@group-B29EE812FB58, cid=3366, SUCCESS, logIndex=5054, commits[1d6da99a-ba9a-4d72-abd2-d0f1aa02f12f:c5055, 9dc27687-2024-46ae-8b6e-c9027bfa400e:c5051, 9c9c57da-14dc-454a-b374-789aa5e765a9:c5051]
2019-09-16 23:35:21,370 [grpc-default-executor-1] INFO  client.GrpcClientProtocolClient (GrpcClientProtocolClient.java:onNext(264)) - client-C79DE3E06697->1d6da99a-ba9a-4d72-abd2-d0f1aa02f12f: receive RaftClientReply:client-C79DE3E06697->1d6da99a-ba9a-4d72-abd2-d0f1aa02f12f@group-B29EE812FB58, cid=3367, SUCCESS, logIndex=5055, commits[1d6da99a-ba9a-4d72-abd2-d0f1aa02f12f:c5056, 9dc27687-2024-46ae-8b6e-c9027bfa400e:c5052, 9c9c57da-14dc-454a-b374-789aa5e765a9:c5051]
2019-09-16 23:35:21,370 [grpc-default-executor-3] INFO  client.GrpcClientProtocolClient (GrpcClientProtocolClient.java:onNext(264)) - client-C79DE3E06697->1d6da99a-ba9a-4d72-abd2-d0f1aa02f12f: receive RaftClientReply:client-C79DE3E06697->1d6da99a-ba9a-4d72-abd2-d0f1aa02f12f@group-B29EE812FB58, cid=3368, SUCCESS, logIndex=0, commits[1d6da99a-ba9a-4d72-abd2-d0f1aa02f12f:c5058, 9dc27687-2024-46ae-8b6e-c9027bfa400e:c5053, 9c9c57da-14dc-454a-b374-789aa5e765a9:c5054]
2019-09-16 23:35:21,389 [grpc-default-executor-1] INFO  client.GrpcClientProtocolClient (GrpcClientProtocolClient.java:onNext(264)) - client-C79DE3E06697->1d6da99a-ba9a-4d72-abd2-d0f1aa02f12f: receive RaftClientReply:client-C79DE3E06697->1d6da99a-ba9a-4d72-abd2-d0f1aa02f12f@group-B29EE812FB58, cid=3369, SUCCESS, logIndex=5060, commits[1d6da99a-ba9a-4d72-abd2-d0f1aa02f12f:c5061, 9dc27687-2024-46ae-8b6e-c9027bfa400e:c5059, 9c9c57da-14dc-454a-b374-789aa5e765a9:c5059]
2019-09-16 23:35:21,390 [grpc-default-executor-1] INFO  client.GrpcClientProtocolClient (GrpcClientProtocolClient.java:onNext(264)) - client-C79DE3E06697->1d6da99a-ba9a-4d72-abd2-d0f1aa02f12f: receive RaftClientReply:client-C79DE3E06697->1d6da99a-ba9a-4d72-abd2-d0f1aa02f12f@group-B29EE812FB58, cid=3370, SUCCESS, logIndex=5061, commits[1d6da99a-ba9a-4d72-abd2-d0f1aa02f12f:c5061, 9dc27687-2024-46ae-8b6e-c9027bfa400e:c5059, 9c9c57da-14dc-454a-b374-789aa5e765a9:c5059]
2019-09-16 23:35:21,404 [grpc-default-executor-0] INFO  client.GrpcClientProtocolClient (GrpcClientProtocolClient.java:onNext(264)) - client-C79DE3E06697->1d6da99a-ba9a-4d72-abd2-d0f1aa02f12f: receive RaftClientReply:client-C79DE3E06697->1d6da99a-ba9a-4d72-abd2-d0f1aa02f12f@group-B29EE812FB58, cid=3371, SUCCESS, logIndex=5064, commits[1d6da99a-ba9a-4d72-abd2-d0f1aa02f12f:c5065, 9dc27687-2024-46ae-8b6e-c9027bfa400e:c5061, 9c9c57da-14dc-454a-b374-789aa5e765a9:c5061]
2019-09-16 23:35:21,405 [grpc-default-executor-0] INFO  client.GrpcClientProtocolClient (GrpcClientProtocolClient.java:onNext(264)) - client-C79DE3E06697->1d6da99a-ba9a-4d72-abd2-d0f1aa02f12f: receive RaftClientReply:client-C79DE3E06697->1d6da99a-ba9a-4d72-abd2-d0f1aa02f12f@group-B29EE812FB58, cid=3372, SUCCESS, logIndex=5065, commits[1d6da99a-ba9a-4d72-abd2-d0f1aa02f12f:c5065, 9dc27687-2024-46ae-8b6e-c9027bfa400e:c5061, 9c9c57da-14dc-454a-b374-789aa5e765a9:c5061]
2019-09-16 23:35:21,418 [grpc-default-executor-0] INFO  client.GrpcClientProtocolClient (GrpcClientProtocolClient.java:onNext(264)) - client-C79DE3E06697->1d6da99a-ba9a-4d72-abd2-d0f1aa02f12f: receive RaftClientReply:client-C79DE3E06697->1d6da99a-ba9a-4d72-abd2-d0f1aa02f12f@group-B29EE812FB58, cid=3373, SUCCESS, logIndex=0, commits[1d6da99a-ba9a-4d72-abd2-d0f1aa02f12f:c5067, 9dc27687-2024-46ae-8b6e-c9027bfa400e:c5065, 9c9c57da-14dc-454a-b374-789aa5e765a9:c5065]
2019-09-16 23:35:21,446 [grpc-default-executor-1] INFO  client.GrpcClientProtocolClient (GrpcClientProtocolClient.java:onNext(264)) - client-C79DE3E06697->1d6da99a-ba9a-4d72-abd2-d0f1aa02f12f: receive RaftClientReply:client-C79DE3E06697->1d6da99a-ba9a-4d72-abd2-d0f1aa02f12f@group-B29EE812FB58, cid=3374, SUCCESS, logIndex=5068, commits[1d6da99a-ba9a-4d72-abd2-d0f1aa02f12f:c5069, 9dc27687-2024-46ae-8b6e-c9027bfa400e:c5067, 9c9c57da-14dc-454a-b374-789aa5e765a9:c5067]
2019-09-16 23:35:21,446 [grpc-default-executor-1] INFO  client.GrpcClientProtocolClient (GrpcClientProtocolClient.java:onNext(264)) - client-C79DE3E06697->1d6da99a-ba9a-4d72-abd2-d0f1aa02f12f: receive RaftClientReply:client-C79DE3E06697->1d6da99a-ba9a-4d72-abd2-d0f1aa02f12f@group-B29EE812FB58, cid=3375, SUCCESS, logIndex=5069, commits[1d6da99a-ba9a-4d72-abd2-d0f1aa02f12f:c5071, 9dc27687-2024-46ae-8b6e-c9027bfa400e:c5067, 9c9c57da-14dc-454a-b374-789aa5e765a9:c5067]
2019-09-16 23:35:21,446 [grpc-default-executor-1] INFO  client.GrpcClientProtocolClient (GrpcClientProtocolClient.java:onNext(264)) - client-C79DE3E06697->1d6da99a-ba9a-4d72-abd2-d0f1aa02f12f: receive RaftClientReply:client-C79DE3E06697->1d6da99a-ba9a-4d72-abd2-d0f1aa02f12f@group-B29EE812FB58, cid=3376, SUCCESS, logIndex=5070, commits[1d6da99a-ba9a-4d72-abd2-d0f1aa02f12f:c5071, 9dc27687-2024-46ae-8b6e-c9027bfa400e:c5067, 9c9c57da-14dc-454a-b374-789aa5e765a9:c5067]
2019-09-16 23:35:21,447 [grpc-default-executor-1] INFO  client.GrpcClientProtocolClient (GrpcClientProtocolClient.java:onNext(264)) - client-C79DE3E06697->1d6da99a-ba9a-4d72-abd2-d0f1aa02f12f: receive RaftClientReply:client-C79DE3E06697->1d6da99a-ba9a-4d72-abd2-d0f1aa02f12f@group-B29EE812FB58, cid=3377, SUCCESS, logIndex=5071, commits[1d6da99a-ba9a-4d72-abd2-d0f1aa02f12f:c5071, 9dc27687-2024-46ae-8b6e-c9027bfa400e:c5067, 9c9c57da-14dc-454a-b374-789aa5e765a9:c5067]
2019-09-16 23:35:21,460 [grpc-default-executor-0] INFO  client.GrpcClientProtocolClient (GrpcClientProtocolClient.java:onNext(264)) - client-C79DE3E06697->1d6da99a-ba9a-4d72-abd2-d0f1aa02f12f: receive RaftClientReply:client-C79DE3E06697->1d6da99a-ba9a-4d72-abd2-d0f1aa02f12f@group-B29EE812FB58, cid=3378, SUCCESS, logIndex=0, commits[1d6da99a-ba9a-4d72-abd2-d0f1aa02f12f:c5073, 9dc27687-2024-46ae-8b6e-c9027bfa400e:c5069, 9c9c57da-14dc-454a-b374-789aa5e765a9:c5069]
2019-09-16 23:35:21,478 [grpc-default-executor-1] INFO  client.GrpcClientProtocolClient (GrpcClientProtocolClient.java:onNext(264)) - client-C79DE3E06697->1d6da99a-ba9a-4d72-abd2-d0f1aa02f12f: receive RaftClientReply:client-C79DE3E06697->1d6da99a-ba9a-4d72-abd2-d0f1aa02f12f@group-B29EE812FB58, cid=3379, SUCCESS, logIndex=5075, commits[1d6da99a-ba9a-4d72-abd2-d0f1aa02f12f:c5076, 9dc27687-2024-46ae-8b6e-c9027bfa400e:c5074, 9c9c57da-14dc-454a-b374-789aa5e765a9:c5074]
2019-09-16 23:35:21,479 [grpc-default-executor-1] INFO  client.GrpcClientProtocolClient (GrpcClientProtocolClient.java:onNext(264)) - client-C79DE3E06697->1d6da99a-ba9a-4d72-abd2-d0f1aa02f12f: receive RaftClientReply:client-C79DE3E06697->1d6da99a-ba9a-4d72-abd2-d0f1aa02f12f@group-B29EE812FB58, cid=3380, SUCCESS, logIndex=5076, commits[1d6da99a-ba9a-4d72-abd2-d0f1aa02f12f:c5076, 9dc27687-2024-46ae-8b6e-c9027bfa400e:c5074, 9c9c57da-14dc-454a-b374-789aa5e765a9:c5074]
2019-09-16 23:35:21,493 [grpc-default-executor-1] INFO  client.GrpcClientProtocolClient (GrpcClientProtocolClient.java:onNext(264)) - client-C79DE3E06697->1d6da99a-ba9a-4d72-abd2-d0f1aa02f12f: receive RaftClientReply:client-C79DE3E06697->1d6da99a-ba9a-4d72-abd2-d0f1aa02f12f@group-B29EE812FB58, cid=3381, SUCCESS, logIndex=5079, commits[1d6da99a-ba9a-4d72-abd2-d0f1aa02f12f:c5080, 9dc27687-2024-46ae-8b6e-c9027bfa400e:c5076, 9c9c57da-14dc-454a-b374-789aa5e765a9:c5076]
2019-09-16 23:35:21,494 [grpc-default-executor-1] INFO  client.GrpcClientProtocolClient (GrpcClientProtocolClient.java:onNext(264)) - client-C79DE3E06697->1d6da99a-ba9a-4d72-abd2-d0f1aa02f12f: receive RaftClientReply:client-C79DE3E06697->1d6da99a-ba9a-4d72-abd2-d0f1aa02f12f@group-B29EE812FB58, cid=3382, SUCCESS, logIndex=5080, commits[1d6da99a-ba9a-4d72-abd2-d0f1aa02f12f:c5080, 9dc27687-2024-46ae-8b6e-c9027bfa400e:c5076, 9c9c57da-14dc-454a-b374-789aa5e765a9:c5076]
2019-09-16 23:35:21,519 [grpc-default-executor-1] INFO  client.GrpcClientProtocolClient (GrpcClientProtocolClient.java:onNext(264)) - client-C79DE3E06697->1d6da99a-ba9a-4d72-abd2-d0f1aa02f12f: receive RaftClientReply:client-C79DE3E06697->1d6da99a-ba9a-4d72-abd2-d0f1aa02f12f@group-B29EE812FB58, cid=3383, SUCCESS, logIndex=0, commits[1d6da99a-ba9a-4d72-abd2-d0f1aa02f12f:c5082, 9dc27687-2024-46ae-8b6e-c9027bfa400e:c5080, 9c9c57da-14dc-454a-b374-789aa5e765a9:c5080]
2019-09-16 23:35:21,547 [grpc-default-executor-7] INFO  client.GrpcClientProtocolClient (GrpcClientProtocolClient.java:onNext(264)) - client-C79DE3E06697->1d6da99a-ba9a-4d72-abd2-d0f1aa02f12f: receive RaftClientReply:client-C79DE3E06697->1d6da99a-ba9a-4d72-abd2-d0f1aa02f12f@group-B29EE812FB58, cid=3384, SUCCESS, logIndex=5083, commits[1d6da99a-ba9a-4d72-abd2-d0f1aa02f12f:c5085, 9dc27687-2024-46ae-8b6e-c9027bfa400e:c5082, 9c9c57da-14dc-454a-b374-789aa5e765a9:c5082]
2019-09-16 23:35:21,547 [grpc-default-executor-7] INFO  client.GrpcClientProtocolClient (GrpcClientProtocolClient.java:onNext(264)) - client-C79DE3E06697->1d6da99a-ba9a-4d72-abd2-d0f1aa02f12f: receive RaftClientReply:client-C79DE3E06697->1d6da99a-ba9a-4d72-abd2-d0f1aa02f12f@group-B29EE812FB58, cid=3385, SUCCESS, logIndex=5084, commits[1d6da99a-ba9a-4d72-abd2-d0f1aa02f12f:c5086, 9dc27687-2024-46ae-8b6e-c9027bfa400e:c5082, 9c9c57da-14dc-454a-b374-789aa5e765a9:c5082]
2019-09-16 23:35:21,547 [grpc-default-executor-7] INFO  client.GrpcClientProtocolClient (GrpcClientProtocolClient.java:onNext(264)) - client-C79DE3E06697->1d6da99a-ba9a-4d72-abd2-d0f1aa02f12f: receive RaftClientReply:client-C79DE3E06697->1d6da99a-ba9a-4d72-abd2-d0f1aa02f12f@group-B29EE812FB58, cid=3386, SUCCESS, logIndex=5085, commits[1d6da99a-ba9a-4d72-abd2-d0f1aa02f12f:c5086, 9dc27687-2024-46ae-8b6e-c9027bfa400e:c5082, 9c9c57da-14dc-454a-b374-789aa5e765a9:c5082]
2019-09-16 23:35:21,548 [grpc-default-executor-7] INFO  client.GrpcClientProtocolClient (GrpcClientProtocolClient.java:onNext(264)) - client-C79DE3E06697->1d6da99a-ba9a-4d72-abd2-d0f1aa02f12f: receive RaftClientReply:client-C79DE3E06697->1d6da99a-ba9a-4d72-abd2-d0f1aa02f12f@group-B29EE812FB58, cid=3387, SUCCESS, logIndex=5086, commits[1d6da99a-ba9a-4d72-abd2-d0f1aa02f12f:c5086, 9dc27687-2024-46ae-8b6e-c9027bfa400e:c5082, 9c9c57da-14dc-454a-b374-789aa5e765a9:c5082]
2019-09-16 23:35:21,561 [grpc-default-executor-7] INFO  client.GrpcClientProtocolClient (GrpcClientProtocolClient.java:onNext(264)) - client-C79DE3E06697->1d6da99a-ba9a-4d72-abd2-d0f1aa02f12f: receive RaftClientReply:client-C79DE3E06697->1d6da99a-ba9a-4d72-abd2-d0f1aa02f12f@group-B29EE812FB58, cid=3388, SUCCESS, logIndex=0, commits[1d6da99a-ba9a-4d72-abd2-d0f1aa02f12f:c5087, 9dc27687-2024-46ae-8b6e-c9027bfa400e:c5085, 9c9c57da-14dc-454a-b374-789aa5e765a9:c5085]
2019-09-16 23:35:21,579 [grpc-default-executor-7] INFO  client.GrpcClientProtocolClient (GrpcClientProtocolClient.java:onNext(264)) - client-C79DE3E06697->1d6da99a-ba9a-4d72-abd2-d0f1aa02f12f: receive RaftClientReply:client-C79DE3E06697->1d6da99a-ba9a-4d72-abd2-d0f1aa02f12f@group-B29EE812FB58, cid=3389, SUCCESS, logIndex=5091, commits[1d6da99a-ba9a-4d72-abd2-d0f1aa02f12f:c5092, 9dc27687-2024-46ae-8b6e-c9027bfa400e:c5090, 9c9c57da-14dc-454a-b374-789aa5e765a9:c5090]
2019-09-16 23:35:21,580 [grpc-default-executor-7] INFO  client.GrpcClientProtocolClient (GrpcClientProtocolClient.java:onNext(264)) - client-C79DE3E06697->1d6da99a-ba9a-4d72-abd2-d0f1aa02f12f: receive RaftClientReply:client-C79DE3E06697->1d6da99a-ba9a-4d72-abd2-d0f1aa02f12f@group-B29EE812FB58, cid=3390, SUCCESS, logIndex=5092, commits[1d6da99a-ba9a-4d72-abd2-d0f1aa02f12f:c5092, 9dc27687-2024-46ae-8b6e-c9027bfa400e:c5090, 9c9c57da-14dc-454a-b374-789aa5e765a9:c5090]
2019-09-16 23:35:21,593 [grpc-default-executor-1] INFO  client.GrpcClientProtocolClient (GrpcClientProtocolClient.java:onNext(264)) - client-C79DE3E06697->1d6da99a-ba9a-4d72-abd2-d0f1aa02f12f: receive RaftClientReply:client-C79DE3E06697->1d6da99a-ba9a-4d72-abd2-d0f1aa02f12f@group-B29EE812FB58, cid=3391, SUCCESS, logIndex=5095, commits[1d6da99a-ba9a-4d72-abd2-d0f1aa02f12f:c5096, 9dc27687-2024-46ae-8b6e-c9027bfa400e:c5092, 9c9c57da-14dc-454a-b374-789aa5e765a9:c5092]
2019-09-16 23:35:21,593 [grpc-default-executor-1] INFO  client.GrpcClientProtocolClient (GrpcClientProtocolClient.java:onNext(264)) - client-C79DE3E06697->1d6da99a-ba9a-4d72-abd2-d0f1aa02f12f: receive RaftClientReply:client-C79DE3E06697->1d6da99a-ba9a-4d72-abd2-d0f1aa02f12f@group-B29EE812FB58, cid=3392, SUCCESS, logIndex=5096, commits[1d6da99a-ba9a-4d72-abd2-d0f1aa02f12f:c5096, 9dc27687-2024-46ae-8b6e-c9027bfa400e:c5092, 9c9c57da-14dc-454a-b374-789aa5e765a9:c5092]
2019-09-16 23:35:21,618 [grpc-default-executor-1] INFO  client.GrpcClientProtocolClient (GrpcClientProtocolClient.java:onNext(264)) - client-C79DE3E06697->1d6da99a-ba9a-4d72-abd2-d0f1aa02f12f: receive RaftClientReply:client-C79DE3E06697->1d6da99a-ba9a-4d72-abd2-d0f1aa02f12f@group-B29EE812FB58, cid=3393, SUCCESS, logIndex=0, commits[1d6da99a-ba9a-4d72-abd2-d0f1aa02f12f:c5098, 9dc27687-2024-46ae-8b6e-c9027bfa400e:c5096, 9c9c57da-14dc-454a-b374-789aa5e765a9:c5096]
2019-09-16 23:35:21,651 [grpc-default-executor-7] INFO  client.GrpcClientProtocolClient (GrpcClientProtocolClient.java:onNext(264)) - client-C79DE3E06697->1d6da99a-ba9a-4d72-abd2-d0f1aa02f12f: receive RaftClientReply:client-C79DE3E06697->1d6da99a-ba9a-4d72-abd2-d0f1aa02f12f@group-B29EE812FB58, cid=3394, SUCCESS, logIndex=5099, commits[1d6da99a-ba9a-4d72-abd2-d0f1aa02f12f:c5100, 9dc27687-2024-46ae-8b6e-c9027bfa400e:c5098, 9c9c57da-14dc-454a-b374-789aa5e765a9:c5098]
2019-09-16 23:35:21,652 [grpc-default-executor-7] INFO  client.GrpcClientProtocolClient (GrpcClientProtocolClient.java:onNext(264)) - client-C79DE3E06697->1d6da99a-ba9a-4d72-abd2-d0f1aa02f12f: receive RaftClientReply:client-C79DE3E06697->1d6da99a-ba9a-4d72-abd2-d0f1aa02f12f@group-B29EE812FB58, cid=3395, SUCCESS, logIndex=5100, commits[1d6da99a-ba9a-4d72-abd2-d0f1aa02f12f:c5102, 9dc27687-2024-46ae-8b6e-c9027bfa400e:c5098, 9c9c57da-14dc-454a-b374-789aa5e765a9:c5098]
2019-09-16 23:35:21,652 [grpc-default-executor-7] INFO  client.GrpcClientProtocolClient (GrpcClientProtocolClient.java:onNext(264)) - client-C79DE3E06697->1d6da99a-ba9a-4d72-abd2-d0f1aa02f12f: receive RaftClientReply:client-C79DE3E06697->1d6da99a-ba9a-4d72-abd2-d0f1aa02f12f@group-B29EE812FB58, cid=3396, SUCCESS, logIndex=5101, commits[1d6da99a-ba9a-4d72-abd2-d0f1aa02f12f:c5102, 9dc27687-2024-46ae-8b6e-c9027bfa400e:c5098, 9c9c57da-14dc-454a-b374-789aa5e765a9:c5098]
2019-09-16 23:35:21,652 [grpc-default-executor-7] INFO  client.GrpcClientProtocolClient (GrpcClientProtocolClient.java:onNext(264)) - client-C79DE3E06697->1d6da99a-ba9a-4d72-abd2-d0f1aa02f12f: receive RaftClientReply:client-C79DE3E06697->1d6da99a-ba9a-4d72-abd2-d0f1aa02f12f@group-B29EE812FB58, cid=3397, SUCCESS, logIndex=5102, commits[1d6da99a-ba9a-4d72-abd2-d0f1aa02f12f:c5102, 9dc27687-2024-46ae-8b6e-c9027bfa400e:c5098, 9c9c57da-14dc-454a-b374-789aa5e765a9:c5098]
2019-09-16 23:35:21,675 [grpc-default-executor-7] INFO  client.GrpcClientProtocolClient (GrpcClientProtocolClient.java:onNext(264)) - client-C79DE3E06697->1d6da99a-ba9a-4d72-abd2-d0f1aa02f12f: receive RaftClientReply:client-C79DE3E06697->1d6da99a-ba9a-4d72-abd2-d0f1aa02f12f@group-B29EE812FB58, cid=3398, SUCCESS, logIndex=0, commits[1d6da99a-ba9a-4d72-abd2-d0f1aa02f12f:c5104, 9dc27687-2024-46ae-8b6e-c9027bfa400e:c5100, 9c9c57da-14dc-454a-b374-789aa5e765a9:c5102]
2019-09-16 23:35:21,699 [grpc-default-executor-0] INFO  client.GrpcClientProtocolClient (GrpcClientProtocolClient.java:onNext(264)) - client-C79DE3E06697->1d6da99a-ba9a-4d72-abd2-d0f1aa02f12f: receive RaftClientReply:client-C79DE3E06697->1d6da99a-ba9a-4d72-abd2-d0f1aa02f12f@group-B29EE812FB58, cid=3399, SUCCESS, logIndex=5106, commits[1d6da99a-ba9a-4d72-abd2-d0f1aa02f12f:c5107, 9dc27687-2024-46ae-8b6e-c9027bfa400e:c5105, 9c9c57da-14dc-454a-b374-789aa5e765a9:c5102]
2019-09-16 23:35:21,699 [grpc-default-executor-0] INFO  client.GrpcClientProtocolClient (GrpcClientProtocolClient.java:onNext(264)) - client-C79DE3E06697->1d6da99a-ba9a-4d72-abd2-d0f1aa02f12f: receive RaftClientReply:client-C79DE3E06697->1d6da99a-ba9a-4d72-abd2-d0f1aa02f12f@group-B29EE812FB58, cid=3400, SUCCESS, logIndex=5107, commits[1d6da99a-ba9a-4d72-abd2-d0f1aa02f12f:c5107, 9dc27687-2024-46ae-8b6e-c9027bfa400e:c5105, 9c9c57da-14dc-454a-b374-789aa5e765a9:c5105]
2019-09-16 23:35:21,711 [grpc-default-executor-1] INFO  client.GrpcClientProtocolClient (GrpcClientProtocolClient.java:onNext(264)) - client-C79DE3E06697->1d6da99a-ba9a-4d72-abd2-d0f1aa02f12f: receive RaftClientReply:client-C79DE3E06697->1d6da99a-ba9a-4d72-abd2-d0f1aa02f12f@group-B29EE812FB58, cid=3401, SUCCESS, logIndex=5110, commits[1d6da99a-ba9a-4d72-abd2-d0f1aa02f12f:c5111, 9dc27687-2024-46ae-8b6e-c9027bfa400e:c5107, 9c9c57da-14dc-454a-b374-789aa5e765a9:c5109]
2019-09-16 23:35:21,712 [grpc-default-executor-1] INFO  client.GrpcClientProtocolClient (GrpcClientProtocolClient.java:onNext(264)) - client-C79DE3E06697->1d6da99a-ba9a-4d72-abd2-d0f1aa02f12f: receive RaftClientReply:client-C79DE3E06697->1d6da99a-ba9a-4d72-abd2-d0f1aa02f12f@group-B29EE812FB58, cid=3402, SUCCESS, logIndex=5111, commits[1d6da99a-ba9a-4d72-abd2-d0f1aa02f12f:c5111, 9dc27687-2024-46ae-8b6e-c9027bfa400e:c5109, 9c9c57da-14dc-454a-b374-789aa5e765a9:c5109]
2019-09-16 23:35:21,714 [grpc-default-executor-1] INFO  client.GrpcClientProtocolClient (GrpcClientProtocolClient.java:onNext(264)) - client-C79DE3E06697->1d6da99a-ba9a-4d72-abd2-d0f1aa02f12f: receive RaftClientReply:client-C79DE3E06697->1d6da99a-ba9a-4d72-abd2-d0f1aa02f12f@group-B29EE812FB58, cid=3403, SUCCESS, logIndex=0, commits[1d6da99a-ba9a-4d72-abd2-d0f1aa02f12f:c5112, 9dc27687-2024-46ae-8b6e-c9027bfa400e:c5111, 9c9c57da-14dc-454a-b374-789aa5e765a9:c5111]
2019-09-16 23:35:21,740 [grpc-default-executor-7] INFO  client.GrpcClientProtocolClient (GrpcClientProtocolClient.java:onNext(264)) - client-C79DE3E06697->1d6da99a-ba9a-4d72-abd2-d0f1aa02f12f: receive RaftClientReply:client-C79DE3E06697->1d6da99a-ba9a-4d72-abd2-d0f1aa02f12f@group-B29EE812FB58, cid=3404, SUCCESS, logIndex=5114, commits[1d6da99a-ba9a-4d72-abd2-d0f1aa02f12f:c5115, 9dc27687-2024-46ae-8b6e-c9027bfa400e:c5113, 9c9c57da-14dc-454a-b374-789aa5e765a9:c5111]
2019-09-16 23:35:21,741 [grpc-default-executor-7] INFO  client.GrpcClientProtocolClient (GrpcClientProtocolClient.java:onNext(264)) - client-C79DE3E06697->1d6da99a-ba9a-4d72-abd2-d0f1aa02f12f: receive RaftClientReply:client-C79DE3E06697->1d6da99a-ba9a-4d72-abd2-d0f1aa02f12f@group-B29EE812FB58, cid=3405, SUCCESS, logIndex=5115, commits[1d6da99a-ba9a-4d72-abd2-d0f1aa02f12f:c5115, 9dc27687-2024-46ae-8b6e-c9027bfa400e:c5113, 9c9c57da-14dc-454a-b374-789aa5e765a9:c5111]
2019-09-16 23:35:21,742 [grpc-default-executor-3] INFO  client.GrpcClientProtocolClient (GrpcClientProtocolClient.java:onNext(264)) - client-C79DE3E06697->1d6da99a-ba9a-4d72-abd2-d0f1aa02f12f: receive RaftClientReply:client-C79DE3E06697->1d6da99a-ba9a-4d72-abd2-d0f1aa02f12f@group-B29EE812FB58, cid=3406, SUCCESS, logIndex=5116, commits[1d6da99a-ba9a-4d72-abd2-d0f1aa02f12f:c5117, 9dc27687-2024-46ae-8b6e-c9027bfa400e:c5113, 9c9c57da-14dc-454a-b374-789aa5e765a9:c5113]
2019-09-16 23:35:21,742 [grpc-default-executor-3] INFO  client.GrpcClientProtocolClient (GrpcClientProtocolClient.java:onNext(264)) - client-C79DE3E06697->1d6da99a-ba9a-4d72-abd2-d0f1aa02f12f: receive RaftClientReply:client-C79DE3E06697->1d6da99a-ba9a-4d72-abd2-d0f1aa02f12f@group-B29EE812FB58, cid=3407, SUCCESS, logIndex=5117, commits[1d6da99a-ba9a-4d72-abd2-d0f1aa02f12f:c5117, 9dc27687-2024-46ae-8b6e-c9027bfa400e:c5113, 9c9c57da-14dc-454a-b374-789aa5e765a9:c5113]
2019-09-16 23:35:21,744 [grpc-default-executor-3] INFO  client.GrpcClientProtocolClient (GrpcClientProtocolClient.java:onNext(264)) - client-C79DE3E06697->1d6da99a-ba9a-4d72-abd2-d0f1aa02f12f: receive RaftClientReply:client-C79DE3E06697->1d6da99a-ba9a-4d72-abd2-d0f1aa02f12f@group-B29EE812FB58, cid=3408, SUCCESS, logIndex=0, commits[1d6da99a-ba9a-4d72-abd2-d0f1aa02f12f:c5118, 9dc27687-2024-46ae-8b6e-c9027bfa400e:c5115, 9c9c57da-14dc-454a-b374-789aa5e765a9:c5115]
2019-09-16 23:35:21,780 [grpc-default-executor-1] INFO  client.GrpcClientProtocolClient (GrpcClientProtocolClient.java:onNext(264)) - client-C79DE3E06697->1d6da99a-ba9a-4d72-abd2-d0f1aa02f12f: receive RaftClientReply:client-C79DE3E06697->1d6da99a-ba9a-4d72-abd2-d0f1aa02f12f@group-B29EE812FB58, cid=3409, SUCCESS, logIndex=5122, commits[1d6da99a-ba9a-4d72-abd2-d0f1aa02f12f:c5123, 9dc27687-2024-46ae-8b6e-c9027bfa400e:c5121, 9c9c57da-14dc-454a-b374-789aa5e765a9:c5117]
2019-09-16 23:35:21,781 [grpc-default-executor-1] INFO  client.GrpcClientProtocolClient (GrpcClientProtocolClient.java:onNext(264)) - client-C79DE3E06697->1d6da99a-ba9a-4d72-abd2-d0f1aa02f12f: receive RaftClientReply:client-C79DE3E06697->1d6da99a-ba9a-4d72-abd2-d0f1aa02f12f@group-B29EE812FB58, cid=3410, SUCCESS, logIndex=5123, commits[1d6da99a-ba9a-4d72-abd2-d0f1aa02f12f:c5123, 9dc27687-2024-46ae-8b6e-c9027bfa400e:c5121, 9c9c57da-14dc-454a-b374-789aa5e765a9:c5121]
2019-09-16 23:35:21,796 [grpc-default-executor-3] INFO  client.GrpcClientProtocolClient (GrpcClientProtocolClient.java:onNext(264)) - client-C79DE3E06697->1d6da99a-ba9a-4d72-abd2-d0f1aa02f12f: receive RaftClientReply:client-C79DE3E06697->1d6da99a-ba9a-4d72-abd2-d0f1aa02f12f@group-B29EE812FB58, cid=3411, SUCCESS, logIndex=5126, commits[1d6da99a-ba9a-4d72-abd2-d0f1aa02f12f:c5127, 9dc27687-2024-46ae-8b6e-c9027bfa400e:c5124, 9c9c57da-14dc-454a-b374-789aa5e765a9:c5123]
2019-09-16 23:35:21,797 [grpc-default-executor-3] INFO  client.GrpcClientProtocolClient (GrpcClientProtocolClient.java:onNext(264)) - client-C79DE3E06697->1d6da99a-ba9a-4d72-abd2-d0f1aa02f12f: receive RaftClientReply:client-C79DE3E06697->1d6da99a-ba9a-4d72-abd2-d0f1aa02f12f@group-B29EE812FB58, cid=3412, SUCCESS, logIndex=5127, commits[1d6da99a-ba9a-4d72-abd2-d0f1aa02f12f:c5127, 9dc27687-2024-46ae-8b6e-c9027bfa400e:c5124, 9c9c57da-14dc-454a-b374-789aa5e765a9:c5124]
2019-09-16 23:35:21,798 [grpc-default-executor-3] INFO  client.GrpcClientProtocolClient (GrpcClientProtocolClient.java:onNext(264)) - client-C79DE3E06697->1d6da99a-ba9a-4d72-abd2-d0f1aa02f12f: receive RaftClientReply:client-C79DE3E06697->1d6da99a-ba9a-4d72-abd2-d0f1aa02f12f@group-B29EE812FB58, cid=3413, SUCCESS, logIndex=0, commits[1d6da99a-ba9a-4d72-abd2-d0f1aa02f12f:c5128, 9dc27687-2024-46ae-8b6e-c9027bfa400e:c5127, 9c9c57da-14dc-454a-b374-789aa5e765a9:c5127]
2019-09-16 23:35:21,915 [grpc-default-executor-1] INFO  client.GrpcClientProtocolClient (GrpcClientProtocolClient.java:onNext(264)) - client-C79DE3E06697->1d6da99a-ba9a-4d72-abd2-d0f1aa02f12f: receive RaftClientReply:client-C79DE3E06697->1d6da99a-ba9a-4d72-abd2-d0f1aa02f12f@group-B29EE812FB58, cid=3414, SUCCESS, logIndex=5130, commits[1d6da99a-ba9a-4d72-abd2-d0f1aa02f12f:c5131, 9dc27687-2024-46ae-8b6e-c9027bfa400e:c5127, 9c9c57da-14dc-454a-b374-789aa5e765a9:c5129]
2019-09-16 23:35:21,916 [grpc-default-executor-1] INFO  client.GrpcClientProtocolClient (GrpcClientProtocolClient.java:onNext(264)) - client-C79DE3E06697->1d6da99a-ba9a-4d72-abd2-d0f1aa02f12f: receive RaftClientReply:client-C79DE3E06697->1d6da99a-ba9a-4d72-abd2-d0f1aa02f12f@group-B29EE812FB58, cid=3415, SUCCESS, logIndex=5131, commits[1d6da99a-ba9a-4d72-abd2-d0f1aa02f12f:c5131, 9dc27687-2024-46ae-8b6e-c9027bfa400e:c5127, 9c9c57da-14dc-454a-b374-789aa5e765a9:c5129]
2019-09-16 23:35:21,927 [grpc-default-executor-7] INFO  client.GrpcClientProtocolClient (GrpcClientProtocolClient.java:onNext(264)) - client-C79DE3E06697->1d6da99a-ba9a-4d72-abd2-d0f1aa02f12f: receive RaftClientReply:client-C79DE3E06697->1d6da99a-ba9a-4d72-abd2-d0f1aa02f12f@group-B29EE812FB58, cid=3416, SUCCESS, logIndex=5132, commits[1d6da99a-ba9a-4d72-abd2-d0f1aa02f12f:c5135, 9dc27687-2024-46ae-8b6e-c9027bfa400e:c5129, 9c9c57da-14dc-454a-b374-789aa5e765a9:c5131]
2019-09-16 23:35:21,927 [grpc-default-executor-7] INFO  client.GrpcClientProtocolClient (GrpcClientProtocolClient.java:onNext(264)) - client-C79DE3E06697->1d6da99a-ba9a-4d72-abd2-d0f1aa02f12f: receive RaftClientReply:client-C79DE3E06697->1d6da99a-ba9a-4d72-abd2-d0f1aa02f12f@group-B29EE812FB58, cid=3417, SUCCESS, logIndex=5135, commits[1d6da99a-ba9a-4d72-abd2-d0f1aa02f12f:c5135, 9dc27687-2024-46ae-8b6e-c9027bfa400e:c5129, 9c9c57da-14dc-454a-b374-789aa5e765a9:c5131]
2019-09-16 23:35:21,938 [grpc-default-executor-7] INFO  client.GrpcClientProtocolClient (GrpcClientProtocolClient.java:onNext(264)) - client-C79DE3E06697->1d6da99a-ba9a-4d72-abd2-d0f1aa02f12f: receive RaftClientReply:client-C79DE3E06697->1d6da99a-ba9a-4d72-abd2-d0f1aa02f12f@group-B29EE812FB58, cid=3418, SUCCESS, logIndex=0, commits[1d6da99a-ba9a-4d72-abd2-d0f1aa02f12f:c5135, 9dc27687-2024-46ae-8b6e-c9027bfa400e:c5131, 9c9c57da-14dc-454a-b374-789aa5e765a9:c5131]
2019-09-16 23:35:21,960 [grpc-default-executor-0] INFO  client.GrpcClientProtocolClient (GrpcClientProtocolClient.java:onNext(264)) - client-C79DE3E06697->1d6da99a-ba9a-4d72-abd2-d0f1aa02f12f: receive RaftClientReply:client-C79DE3E06697->1d6da99a-ba9a-4d72-abd2-d0f1aa02f12f@group-B29EE812FB58, cid=3419, SUCCESS, logIndex=5138, commits[1d6da99a-ba9a-4d72-abd2-d0f1aa02f12f:c5139, 9dc27687-2024-46ae-8b6e-c9027bfa400e:c5137, 9c9c57da-14dc-454a-b374-789aa5e765a9:c5137]
2019-09-16 23:35:21,960 [grpc-default-executor-0] INFO  client.GrpcClientProtocolClient (GrpcClientProtocolClient.java:onNext(264)) - client-C79DE3E06697->1d6da99a-ba9a-4d72-abd2-d0f1aa02f12f: receive RaftClientReply:client-C79DE3E06697->1d6da99a-ba9a-4d72-abd2-d0f1aa02f12f@group-B29EE812FB58, cid=3420, SUCCESS, logIndex=5139, commits[1d6da99a-ba9a-4d72-abd2-d0f1aa02f12f:c5139, 9dc27687-2024-46ae-8b6e-c9027bfa400e:c5137, 9c9c57da-14dc-454a-b374-789aa5e765a9:c5137]
 0.00% |█                                                                                                    |  0/1 Time: 0:00:392019-09-16 23:35:21,973 [grpc-default-executor-7] INFO  client.GrpcClientProtocolClient (GrpcClientProtocolClient.java:onNext(264)) - client-C79DE3E06697->1d6da99a-ba9a-4d72-abd2-d0f1aa02f12f: receive RaftClientReply:client-C79DE3E06697->1d6da99a-ba9a-4d72-abd2-d0f1aa02f12f@group-B29EE812FB58, cid=3421, SUCCESS, logIndex=5142, commits[1d6da99a-ba9a-4d72-abd2-d0f1aa02f12f:c5143, 9dc27687-2024-46ae-8b6e-c9027bfa400e:c5139, 9c9c57da-14dc-454a-b374-789aa5e765a9:c5139]
2019-09-16 23:35:21,973 [grpc-default-executor-7] INFO  client.GrpcClientProtocolClient (GrpcClientProtocolClient.java:onNext(264)) - client-C79DE3E06697->1d6da99a-ba9a-4d72-abd2-d0f1aa02f12f: receive RaftClientReply:client-C79DE3E06697->1d6da99a-ba9a-4d72-abd2-d0f1aa02f12f@group-B29EE812FB58, cid=3422, SUCCESS, logIndex=5143, commits[1d6da99a-ba9a-4d72-abd2-d0f1aa02f12f:c5143, 9dc27687-2024-46ae-8b6e-c9027bfa400e:c5139, 9c9c57da-14dc-454a-b374-789aa5e765a9:c5139]
2019-09-16 23:35:21,987 [grpc-default-executor-7] INFO  client.GrpcClientProtocolClient (GrpcClientProtocolClient.java:onNext(264)) - client-C79DE3E06697->1d6da99a-ba9a-4d72-abd2-d0f1aa02f12f: receive RaftClientReply:client-C79DE3E06697->1d6da99a-ba9a-4d72-abd2-d0f1aa02f12f@group-B29EE812FB58, cid=3423, SUCCESS, logIndex=0, commits[1d6da99a-ba9a-4d72-abd2-d0f1aa02f12f:c5145, 9dc27687-2024-46ae-8b6e-c9027bfa400e:c5143, 9c9c57da-14dc-454a-b374-789aa5e765a9:c5143]
2019-09-16 23:35:22,018 [grpc-default-executor-1] INFO  client.GrpcClientProtocolClient (GrpcClientProtocolClient.java:onNext(264)) - client-C79DE3E06697->1d6da99a-ba9a-4d72-abd2-d0f1aa02f12f: receive RaftClientReply:client-C79DE3E06697->1d6da99a-ba9a-4d72-abd2-d0f1aa02f12f@group-B29EE812FB58, cid=3424, SUCCESS, logIndex=5146, commits[1d6da99a-ba9a-4d72-abd2-d0f1aa02f12f:c5147, 9dc27687-2024-46ae-8b6e-c9027bfa400e:c5145, 9c9c57da-14dc-454a-b374-789aa5e765a9:c5145]
2019-09-16 23:35:22,018 [grpc-default-executor-1] INFO  client.GrpcClientProtocolClient (GrpcClientProtocolClient.java:onNext(264)) - client-C79DE3E06697->1d6da99a-ba9a-4d72-abd2-d0f1aa02f12f: receive RaftClientReply:client-C79DE3E06697->1d6da99a-ba9a-4d72-abd2-d0f1aa02f12f@group-B29EE812FB58, cid=3425, SUCCESS, logIndex=5147, commits[1d6da99a-ba9a-4d72-abd2-d0f1aa02f12f:c5147, 9dc27687-2024-46ae-8b6e-c9027bfa400e:c5145, 9c9c57da-14dc-454a-b374-789aa5e765a9:c5145]
2019-09-16 23:35:22,018 [grpc-default-executor-1] INFO  client.GrpcClientProtocolClient (GrpcClientProtocolClient.java:onNext(264)) - client-C79DE3E06697->1d6da99a-ba9a-4d72-abd2-d0f1aa02f12f: receive RaftClientReply:client-C79DE3E06697->1d6da99a-ba9a-4d72-abd2-d0f1aa02f12f@group-B29EE812FB58, cid=3426, SUCCESS, logIndex=5148, commits[1d6da99a-ba9a-4d72-abd2-d0f1aa02f12f:c5149, 9dc27687-2024-46ae-8b6e-c9027bfa400e:c5145, 9c9c57da-14dc-454a-b374-789aa5e765a9:c5145]
2019-09-16 23:35:22,018 [grpc-default-executor-1] INFO  client.GrpcClientProtocolClient (GrpcClientProtocolClient.java:onNext(264)) - client-C79DE3E06697->1d6da99a-ba9a-4d72-abd2-d0f1aa02f12f: receive RaftClientReply:client-C79DE3E06697->1d6da99a-ba9a-4d72-abd2-d0f1aa02f12f@group-B29EE812FB58, cid=3427, SUCCESS, logIndex=5149, commits[1d6da99a-ba9a-4d72-abd2-d0f1aa02f12f:c5149, 9dc27687-2024-46ae-8b6e-c9027bfa400e:c5145, 9c9c57da-14dc-454a-b374-789aa5e765a9:c5145]
2019-09-16 23:35:22,032 [grpc-default-executor-1] INFO  client.GrpcClientProtocolClient (GrpcClientProtocolClient.java:onNext(264)) - client-C79DE3E06697->1d6da99a-ba9a-4d72-abd2-d0f1aa02f12f: receive RaftClientReply:client-C79DE3E06697->1d6da99a-ba9a-4d72-abd2-d0f1aa02f12f@group-B29EE812FB58, cid=3428, SUCCESS, logIndex=0, commits[1d6da99a-ba9a-4d72-abd2-d0f1aa02f12f:c5151, 9dc27687-2024-46ae-8b6e-c9027bfa400e:c5147, 9c9c57da-14dc-454a-b374-789aa5e765a9:c5147]
2019-09-16 23:35:22,051 [grpc-default-executor-1] INFO  client.GrpcClientProtocolClient (GrpcClientProtocolClient.java:onNext(264)) - client-C79DE3E06697->1d6da99a-ba9a-4d72-abd2-d0f1aa02f12f: receive RaftClientReply:client-C79DE3E06697->1d6da99a-ba9a-4d72-abd2-d0f1aa02f12f@group-B29EE812FB58, cid=3429, SUCCESS, logIndex=5154, commits[1d6da99a-ba9a-4d72-abd2-d0f1aa02f12f:c5155, 9dc27687-2024-46ae-8b6e-c9027bfa400e:c5153, 9c9c57da-14dc-454a-b374-789aa5e765a9:c5153]
2019-09-16 23:35:22,051 [grpc-default-executor-1] INFO  client.GrpcClientProtocolClient (GrpcClientProtocolClient.java:onNext(264)) - client-C79DE3E06697->1d6da99a-ba9a-4d72-abd2-d0f1aa02f12f: receive RaftClientReply:client-C79DE3E06697->1d6da99a-ba9a-4d72-abd2-d0f1aa02f12f@group-B29EE812FB58, cid=3430, SUCCESS, logIndex=5155, commits[1d6da99a-ba9a-4d72-abd2-d0f1aa02f12f:c5155, 9dc27687-2024-46ae-8b6e-c9027bfa400e:c5153, 9c9c57da-14dc-454a-b374-789aa5e765a9:c5153]
2019-09-16 23:35:22,070 [grpc-default-executor-7] INFO  client.GrpcClientProtocolClient (GrpcClientProtocolClient.java:onNext(264)) - client-C79DE3E06697->1d6da99a-ba9a-4d72-abd2-d0f1aa02f12f: receive RaftClientReply:client-C79DE3E06697->1d6da99a-ba9a-4d72-abd2-d0f1aa02f12f@group-B29EE812FB58, cid=3431, SUCCESS, logIndex=5158, commits[1d6da99a-ba9a-4d72-abd2-d0f1aa02f12f:c5159, 9dc27687-2024-46ae-8b6e-c9027bfa400e:c5156, 9c9c57da-14dc-454a-b374-789aa5e765a9:c5156]
2019-09-16 23:35:22,070 [grpc-default-executor-7] INFO  client.GrpcClientProtocolClient (GrpcClientProtocolClient.java:onNext(264)) - client-C79DE3E06697->1d6da99a-ba9a-4d72-abd2-d0f1aa02f12f: receive RaftClientReply:client-C79DE3E06697->1d6da99a-ba9a-4d72-abd2-d0f1aa02f12f@group-B29EE812FB58, cid=3432, SUCCESS, logIndex=5159, commits[1d6da99a-ba9a-4d72-abd2-d0f1aa02f12f:c5159, 9dc27687-2024-46ae-8b6e-c9027bfa400e:c5156, 9c9c57da-14dc-454a-b374-789aa5e765a9:c5156]
2019-09-16 23:35:22,084 [grpc-default-executor-1] INFO  client.GrpcClientProtocolClient (GrpcClientProtocolClient.java:onNext(264)) - client-C79DE3E06697->1d6da99a-ba9a-4d72-abd2-d0f1aa02f12f: receive RaftClientReply:client-C79DE3E06697->1d6da99a-ba9a-4d72-abd2-d0f1aa02f12f@group-B29EE812FB58, cid=3433, SUCCESS, logIndex=0, commits[1d6da99a-ba9a-4d72-abd2-d0f1aa02f12f:c5161, 9dc27687-2024-46ae-8b6e-c9027bfa400e:c5159, 9c9c57da-14dc-454a-b374-789aa5e765a9:c5159]
2019-09-16 23:35:22,111 [grpc-default-executor-1] INFO  client.GrpcClientProtocolClient (GrpcClientProtocolClient.java:onNext(264)) - client-C79DE3E06697->1d6da99a-ba9a-4d72-abd2-d0f1aa02f12f: receive RaftClientReply:client-C79DE3E06697->1d6da99a-ba9a-4d72-abd2-d0f1aa02f12f@group-B29EE812FB58, cid=3434, SUCCESS, logIndex=5162, commits[1d6da99a-ba9a-4d72-abd2-d0f1aa02f12f:c5163, 9dc27687-2024-46ae-8b6e-c9027bfa400e:c5161, 9c9c57da-14dc-454a-b374-789aa5e765a9:c5161]
2019-09-16 23:35:22,111 [grpc-default-executor-0] INFO  client.GrpcClientProtocolClient (GrpcClientProtocolClient.java:onNext(264)) - client-C79DE3E06697->1d6da99a-ba9a-4d72-abd2-d0f1aa02f12f: receive RaftClientReply:client-C79DE3E06697->1d6da99a-ba9a-4d72-abd2-d0f1aa02f12f@group-B29EE812FB58, cid=3435, SUCCESS, logIndex=5163, commits[1d6da99a-ba9a-4d72-abd2-d0f1aa02f12f:c5163, 9dc27687-2024-46ae-8b6e-c9027bfa400e:c5161, 9c9c57da-14dc-454a-b374-789aa5e765a9:c5161]
2019-09-16 23:35:22,111 [grpc-default-executor-7] INFO  client.GrpcClientProtocolClient (GrpcClientProtocolClient.java:onNext(264)) - client-C79DE3E06697->1d6da99a-ba9a-4d72-abd2-d0f1aa02f12f: receive RaftClientReply:client-C79DE3E06697->1d6da99a-ba9a-4d72-abd2-d0f1aa02f12f@group-B29EE812FB58, cid=3436, SUCCESS, logIndex=5164, commits[1d6da99a-ba9a-4d72-abd2-d0f1aa02f12f:c5165, 9dc27687-2024-46ae-8b6e-c9027bfa400e:c5161, 9c9c57da-14dc-454a-b374-789aa5e765a9:c5161]
2019-09-16 23:35:22,112 [grpc-default-executor-7] INFO  client.GrpcClientProtocolClient (GrpcClientProtocolClient.java:onNext(264)) - client-C79DE3E06697->1d6da99a-ba9a-4d72-abd2-d0f1aa02f12f: receive RaftClientReply:client-C79DE3E06697->1d6da99a-ba9a-4d72-abd2-d0f1aa02f12f@group-B29EE812FB58, cid=3437, SUCCESS, logIndex=5165, commits[1d6da99a-ba9a-4d72-abd2-d0f1aa02f12f:c5165, 9dc27687-2024-46ae-8b6e-c9027bfa400e:c5161, 9c9c57da-14dc-454a-b374-789aa5e765a9:c5161]
2019-09-16 23:35:22,114 [grpc-default-executor-0] INFO  client.GrpcClientProtocolClient (GrpcClientProtocolClient.java:onNext(264)) - client-C79DE3E06697->1d6da99a-ba9a-4d72-abd2-d0f1aa02f12f: receive RaftClientReply:client-C79DE3E06697->1d6da99a-ba9a-4d72-abd2-d0f1aa02f12f@group-B29EE812FB58, cid=3438, SUCCESS, logIndex=0, commits[1d6da99a-ba9a-4d72-abd2-d0f1aa02f12f:c5167, 9dc27687-2024-46ae-8b6e-c9027bfa400e:c5163, 9c9c57da-14dc-454a-b374-789aa5e765a9:c5163]
2019-09-16 23:35:22,126 [grpc-default-executor-7] INFO  client.GrpcClientProtocolClient (GrpcClientProtocolClient.java:onNext(264)) - client-C79DE3E06697->1d6da99a-ba9a-4d72-abd2-d0f1aa02f12f: receive RaftClientReply:client-C79DE3E06697->1d6da99a-ba9a-4d72-abd2-d0f1aa02f12f@group-B29EE812FB58, cid=3439, SUCCESS, logIndex=5170, commits[1d6da99a-ba9a-4d72-abd2-d0f1aa02f12f:c5171, 9dc27687-2024-46ae-8b6e-c9027bfa400e:c5169, 9c9c57da-14dc-454a-b374-789aa5e765a9:c5165]
2019-09-16 23:35:22,127 [grpc-default-executor-7] INFO  client.GrpcClientProtocolClient (GrpcClientProtocolClient.java:onNext(264)) - client-C79DE3E06697->1d6da99a-ba9a-4d72-abd2-d0f1aa02f12f: receive RaftClientReply:client-C79DE3E06697->1d6da99a-ba9a-4d72-abd2-d0f1aa02f12f@group-B29EE812FB58, cid=3440, SUCCESS, logIndex=5171, commits[1d6da99a-ba9a-4d72-abd2-d0f1aa02f12f:c5171, 9dc27687-2024-46ae-8b6e-c9027bfa400e:c5169, 9c9c57da-14dc-454a-b374-789aa5e765a9:c5169]
2019-09-16 23:35:22,146 [grpc-default-executor-1] INFO  client.GrpcClientProtocolClient (GrpcClientProtocolClient.java:onNext(264)) - client-C79DE3E06697->1d6da99a-ba9a-4d72-abd2-d0f1aa02f12f: receive RaftClientReply:client-C79DE3E06697->1d6da99a-ba9a-4d72-abd2-d0f1aa02f12f@group-B29EE812FB58, cid=3441, SUCCESS, logIndex=5174, commits[1d6da99a-ba9a-4d72-abd2-d0f1aa02f12f:c5175, 9dc27687-2024-46ae-8b6e-c9027bfa400e:c5173, 9c9c57da-14dc-454a-b374-789aa5e765a9:c5173]
2019-09-16 23:35:22,147 [grpc-default-executor-1] INFO  client.GrpcClientProtocolClient (GrpcClientProtocolClient.java:onNext(264)) - client-C79DE3E06697->1d6da99a-ba9a-4d72-abd2-d0f1aa02f12f: receive RaftClientReply:client-C79DE3E06697->1d6da99a-ba9a-4d72-abd2-d0f1aa02f12f@group-B29EE812FB58, cid=3442, SUCCESS, logIndex=5175, commits[1d6da99a-ba9a-4d72-abd2-d0f1aa02f12f:c5175, 9dc27687-2024-46ae-8b6e-c9027bfa400e:c5173, 9c9c57da-14dc-454a-b374-789aa5e765a9:c5173]
2019-09-16 23:35:22,161 [grpc-default-executor-0] INFO  client.GrpcClientProtocolClient (GrpcClientProtocolClient.java:onNext(264)) - client-C79DE3E06697->1d6da99a-ba9a-4d72-abd2-d0f1aa02f12f: receive RaftClientReply:client-C79DE3E06697->1d6da99a-ba9a-4d72-abd2-d0f1aa02f12f@group-B29EE812FB58, cid=3443, SUCCESS, logIndex=0, commits[1d6da99a-ba9a-4d72-abd2-d0f1aa02f12f:c5177, 9dc27687-2024-46ae-8b6e-c9027bfa400e:c5175, 9c9c57da-14dc-454a-b374-789aa5e765a9:c5175]
2019-09-16 23:35:22,190 [grpc-default-executor-1] INFO  client.GrpcClientProtocolClient (GrpcClientProtocolClient.java:onNext(264)) - client-C79DE3E06697->1d6da99a-ba9a-4d72-abd2-d0f1aa02f12f: receive RaftClientReply:client-C79DE3E06697->1d6da99a-ba9a-4d72-abd2-d0f1aa02f12f@group-B29EE812FB58, cid=3444, SUCCESS, logIndex=5178, commits[1d6da99a-ba9a-4d72-abd2-d0f1aa02f12f:c5179, 9dc27687-2024-46ae-8b6e-c9027bfa400e:c5177, 9c9c57da-14dc-454a-b374-789aa5e765a9:c5177]
2019-09-16 23:35:22,190 [grpc-default-executor-1] INFO  client.GrpcClientProtocolClient (GrpcClientProtocolClient.java:onNext(264)) - client-C79DE3E06697->1d6da99a-ba9a-4d72-abd2-d0f1aa02f12f: receive RaftClientReply:client-C79DE3E06697->1d6da99a-ba9a-4d72-abd2-d0f1aa02f12f@group-B29EE812FB58, cid=3445, SUCCESS, logIndex=5179, commits[1d6da99a-ba9a-4d72-abd2-d0f1aa02f12f:c5179, 9dc27687-2024-46ae-8b6e-c9027bfa400e:c5177, 9c9c57da-14dc-454a-b374-789aa5e765a9:c5177]
2019-09-16 23:35:22,193 [grpc-default-executor-0] INFO  client.GrpcClientProtocolClient (GrpcClientProtocolClient.java:onNext(264)) - client-C79DE3E06697->1d6da99a-ba9a-4d72-abd2-d0f1aa02f12f: receive RaftClientReply:client-C79DE3E06697->1d6da99a-ba9a-4d72-abd2-d0f1aa02f12f@group-B29EE812FB58, cid=3446, SUCCESS, logIndex=5180, commits[1d6da99a-ba9a-4d72-abd2-d0f1aa02f12f:c5181, 9dc27687-2024-46ae-8b6e-c9027bfa400e:c5177, 9c9c57da-14dc-454a-b374-789aa5e765a9:c5177]
2019-09-16 23:35:22,193 [grpc-default-executor-0] INFO  client.GrpcClientProtocolClient (GrpcClientProtocolClient.java:onNext(264)) - client-C79DE3E06697->1d6da99a-ba9a-4d72-abd2-d0f1aa02f12f: receive RaftClientReply:client-C79DE3E06697->1d6da99a-ba9a-4d72-abd2-d0f1aa02f12f@group-B29EE812FB58, cid=3447, SUCCESS, logIndex=5181, commits[1d6da99a-ba9a-4d72-abd2-d0f1aa02f12f:c5181, 9dc27687-2024-46ae-8b6e-c9027bfa400e:c5177, 9c9c57da-14dc-454a-b374-789aa5e765a9:c5177]
2019-09-16 23:35:22,204 [grpc-default-executor-0] INFO  client.GrpcClientProtocolClient (GrpcClientProtocolClient.java:onNext(264)) - client-C79DE3E06697->1d6da99a-ba9a-4d72-abd2-d0f1aa02f12f: receive RaftClientReply:client-C79DE3E06697->1d6da99a-ba9a-4d72-abd2-d0f1aa02f12f@group-B29EE812FB58, cid=3448, SUCCESS, logIndex=0, commits[1d6da99a-ba9a-4d72-abd2-d0f1aa02f12f:c5182, 9dc27687-2024-46ae-8b6e-c9027bfa400e:c5179, 9c9c57da-14dc-454a-b374-789aa5e765a9:c5179]
2019-09-16 23:35:22,222 [grpc-default-executor-0] INFO  client.GrpcClientProtocolClient (GrpcClientProtocolClient.java:onNext(264)) - client-C79DE3E06697->1d6da99a-ba9a-4d72-abd2-d0f1aa02f12f: receive RaftClientReply:client-C79DE3E06697->1d6da99a-ba9a-4d72-abd2-d0f1aa02f12f@group-B29EE812FB58, cid=3449, SUCCESS, logIndex=5186, commits[1d6da99a-ba9a-4d72-abd2-d0f1aa02f12f:c5187, 9dc27687-2024-46ae-8b6e-c9027bfa400e:c5185, 9c9c57da-14dc-454a-b374-789aa5e765a9:c5185]
2019-09-16 23:35:22,223 [grpc-default-executor-0] INFO  client.GrpcClientProtocolClient (GrpcClientProtocolClient.java:onNext(264)) - client-C79DE3E06697->1d6da99a-ba9a-4d72-abd2-d0f1aa02f12f: receive RaftClientReply:client-C79DE3E06697->1d6da99a-ba9a-4d72-abd2-d0f1aa02f12f@group-B29EE812FB58, cid=3450, SUCCESS, logIndex=5187, commits[1d6da99a-ba9a-4d72-abd2-d0f1aa02f12f:c5187, 9dc27687-2024-46ae-8b6e-c9027bfa400e:c5185, 9c9c57da-14dc-454a-b374-789aa5e765a9:c5185]
2019-09-16 23:35:22,236 [grpc-default-executor-0] INFO  client.GrpcClientProtocolClient (GrpcClientProtocolClient.java:onNext(264)) - client-C79DE3E06697->1d6da99a-ba9a-4d72-abd2-d0f1aa02f12f: receive RaftClientReply:client-C79DE3E06697->1d6da99a-ba9a-4d72-abd2-d0f1aa02f12f@group-B29EE812FB58, cid=3451, SUCCESS, logIndex=5190, commits[1d6da99a-ba9a-4d72-abd2-d0f1aa02f12f:c5191, 9dc27687-2024-46ae-8b6e-c9027bfa400e:c5187, 9c9c57da-14dc-454a-b374-789aa5e765a9:c5187]
2019-09-16 23:35:22,236 [grpc-default-executor-0] INFO  client.GrpcClientProtocolClient (GrpcClientProtocolClient.java:onNext(264)) - client-C79DE3E06697->1d6da99a-ba9a-4d72-abd2-d0f1aa02f12f: receive RaftClientReply:client-C79DE3E06697->1d6da99a-ba9a-4d72-abd2-d0f1aa02f12f@group-B29EE812FB58, cid=3452, SUCCESS, logIndex=5191, commits[1d6da99a-ba9a-4d72-abd2-d0f1aa02f12f:c5191, 9dc27687-2024-46ae-8b6e-c9027bfa400e:c5187, 9c9c57da-14dc-454a-b374-789aa5e765a9:c5187]
2019-09-16 23:35:22,238 [grpc-default-executor-0] INFO  client.GrpcClientProtocolClient (GrpcClientProtocolClient.java:onNext(264)) - client-C79DE3E06697->1d6da99a-ba9a-4d72-abd2-d0f1aa02f12f: receive RaftClientReply:client-C79DE3E06697->1d6da99a-ba9a-4d72-abd2-d0f1aa02f12f@group-B29EE812FB58, cid=3453, SUCCESS, logIndex=0, commits[1d6da99a-ba9a-4d72-abd2-d0f1aa02f12f:c5192, 9dc27687-2024-46ae-8b6e-c9027bfa400e:c5191, 9c9c57da-14dc-454a-b374-789aa5e765a9:c5191]
2019-09-16 23:35:22,256 [grpc-default-executor-1] INFO  client.GrpcClientProtocolClient (GrpcClientProtocolClient.java:onNext(264)) - client-C79DE3E06697->1d6da99a-ba9a-4d72-abd2-d0f1aa02f12f: receive RaftClientReply:client-C79DE3E06697->1d6da99a-ba9a-4d72-abd2-d0f1aa02f12f@group-B29EE812FB58, cid=3454, SUCCESS, logIndex=5194, commits[1d6da99a-ba9a-4d72-abd2-d0f1aa02f12f:c5195, 9dc27687-2024-46ae-8b6e-c9027bfa400e:c5191, 9c9c57da-14dc-454a-b374-789aa5e765a9:c5193]
2019-09-16 23:35:22,256 [grpc-default-executor-1] INFO  client.GrpcClientProtocolClient (GrpcClientProtocolClient.java:onNext(264)) - client-C79DE3E06697->1d6da99a-ba9a-4d72-abd2-d0f1aa02f12f: receive RaftClientReply:client-C79DE3E06697->1d6da99a-ba9a-4d72-abd2-d0f1aa02f12f@group-B29EE812FB58, cid=3455, SUCCESS, logIndex=5195, commits[1d6da99a-ba9a-4d72-abd2-d0f1aa02f12f:c5195, 9dc27687-2024-46ae-8b6e-c9027bfa400e:c5191, 9c9c57da-14dc-454a-b374-789aa5e765a9:c5193]
2019-09-16 23:35:22,259 [grpc-default-executor-1] INFO  client.GrpcClientProtocolClient (GrpcClientProtocolClient.java:onNext(264)) - client-C79DE3E06697->1d6da99a-ba9a-4d72-abd2-d0f1aa02f12f: receive RaftClientReply:client-C79DE3E06697->1d6da99a-ba9a-4d72-abd2-d0f1aa02f12f@group-B29EE812FB58, cid=3456, SUCCESS, logIndex=5196, commits[1d6da99a-ba9a-4d72-abd2-d0f1aa02f12f:c5197, 9dc27687-2024-46ae-8b6e-c9027bfa400e:c5193, 9c9c57da-14dc-454a-b374-789aa5e765a9:c5193]
2019-09-16 23:35:22,259 [grpc-default-executor-1] INFO  client.GrpcClientProtocolClient (GrpcClientProtocolClient.java:onNext(264)) - client-C79DE3E06697->1d6da99a-ba9a-4d72-abd2-d0f1aa02f12f: receive RaftClientReply:client-C79DE3E06697->1d6da99a-ba9a-4d72-abd2-d0f1aa02f12f@group-B29EE812FB58, cid=3457, SUCCESS, logIndex=5197, commits[1d6da99a-ba9a-4d72-abd2-d0f1aa02f12f:c5197, 9dc27687-2024-46ae-8b6e-c9027bfa400e:c5193, 9c9c57da-14dc-454a-b374-789aa5e765a9:c5193]
2019-09-16 23:35:22,260 [grpc-default-executor-1] INFO  client.GrpcClientProtocolClient (GrpcClientProtocolClient.java:onNext(264)) - client-C79DE3E06697->1d6da99a-ba9a-4d72-abd2-d0f1aa02f12f: receive RaftClientReply:client-C79DE3E06697->1d6da99a-ba9a-4d72-abd2-d0f1aa02f12f@group-B29EE812FB58, cid=3458, SUCCESS, logIndex=0, commits[1d6da99a-ba9a-4d72-abd2-d0f1aa02f12f:c5198, 9dc27687-2024-46ae-8b6e-c9027bfa400e:c5195, 9c9c57da-14dc-454a-b374-789aa5e765a9:c5195]
2019-09-16 23:35:22,283 [grpc-default-executor-0] INFO  client.GrpcClientProtocolClient (GrpcClientProtocolClient.java:onNext(264)) - client-C79DE3E06697->1d6da99a-ba9a-4d72-abd2-d0f1aa02f12f: receive RaftClientReply:client-C79DE3E06697->1d6da99a-ba9a-4d72-abd2-d0f1aa02f12f@group-B29EE812FB58, cid=3459, SUCCESS, logIndex=5202, commits[1d6da99a-ba9a-4d72-abd2-d0f1aa02f12f:c5203, 9dc27687-2024-46ae-8b6e-c9027bfa400e:c5201, 9c9c57da-14dc-454a-b374-789aa5e765a9:c5201]
2019-09-16 23:35:22,283 [grpc-default-executor-0] INFO  client.GrpcClientProtocolClient (GrpcClientProtocolClient.java:onNext(264)) - client-C79DE3E06697->1d6da99a-ba9a-4d72-abd2-d0f1aa02f12f: receive RaftClientReply:client-C79DE3E06697->1d6da99a-ba9a-4d72-abd2-d0f1aa02f12f@group-B29EE812FB58, cid=3460, SUCCESS, logIndex=5203, commits[1d6da99a-ba9a-4d72-abd2-d0f1aa02f12f:c5203, 9dc27687-2024-46ae-8b6e-c9027bfa400e:c5201, 9c9c57da-14dc-454a-b374-789aa5e765a9:c5201]
2019-09-16 23:35:22,301 [grpc-default-executor-0] INFO  client.GrpcClientProtocolClient (GrpcClientProtocolClient.java:onNext(264)) - client-C79DE3E06697->1d6da99a-ba9a-4d72-abd2-d0f1aa02f12f: receive RaftClientReply:client-C79DE3E06697->1d6da99a-ba9a-4d72-abd2-d0f1aa02f12f@group-B29EE812FB58, cid=3461, SUCCESS, logIndex=5205, commits[1d6da99a-ba9a-4d72-abd2-d0f1aa02f12f:c5206, 9dc27687-2024-46ae-8b6e-c9027bfa400e:c5204, 9c9c57da-14dc-454a-b374-789aa5e765a9:c5204]
2019-09-16 23:35:22,302 [grpc-default-executor-0] INFO  client.GrpcClientProtocolClient (GrpcClientProtocolClient.java:onNext(264)) - client-C79DE3E06697->1d6da99a-ba9a-4d72-abd2-d0f1aa02f12f: receive RaftClientReply:client-C79DE3E06697->1d6da99a-ba9a-4d72-abd2-d0f1aa02f12f@group-B29EE812FB58, cid=3462, SUCCESS, logIndex=5206, commits[1d6da99a-ba9a-4d72-abd2-d0f1aa02f12f:c5206, 9dc27687-2024-46ae-8b6e-c9027bfa400e:c5204, 9c9c57da-14dc-454a-b374-789aa5e765a9:c5204]
2019-09-16 23:35:22,314 [grpc-default-executor-0] INFO  client.GrpcClientProtocolClient (GrpcClientProtocolClient.java:onNext(264)) - client-C79DE3E06697->1d6da99a-ba9a-4d72-abd2-d0f1aa02f12f: receive RaftClientReply:client-C79DE3E06697->1d6da99a-ba9a-4d72-abd2-d0f1aa02f12f@group-B29EE812FB58, cid=3463, SUCCESS, logIndex=0, commits[1d6da99a-ba9a-4d72-abd2-d0f1aa02f12f:c5208, 9dc27687-2024-46ae-8b6e-c9027bfa400e:c5206, 9c9c57da-14dc-454a-b374-789aa5e765a9:c5206]
2019-09-16 23:35:22,341 [grpc-default-executor-1] INFO  client.GrpcClientProtocolClient (GrpcClientProtocolClient.java:onNext(264)) - client-C79DE3E06697->1d6da99a-ba9a-4d72-abd2-d0f1aa02f12f: receive RaftClientReply:client-C79DE3E06697->1d6da99a-ba9a-4d72-abd2-d0f1aa02f12f@group-B29EE812FB58, cid=3464, SUCCESS, logIndex=5209, commits[1d6da99a-ba9a-4d72-abd2-d0f1aa02f12f:c5210, 9dc27687-2024-46ae-8b6e-c9027bfa400e:c5208, 9c9c57da-14dc-454a-b374-789aa5e765a9:c5208]
2019-09-16 23:35:22,341 [grpc-default-executor-0] INFO  client.GrpcClientProtocolClient (GrpcClientProtocolClient.java:onNext(264)) - client-C79DE3E06697->1d6da99a-ba9a-4d72-abd2-d0f1aa02f12f: receive RaftClientReply:client-C79DE3E06697->1d6da99a-ba9a-4d72-abd2-d0f1aa02f12f@group-B29EE812FB58, cid=3465, SUCCESS, logIndex=5210, commits[1d6da99a-ba9a-4d72-abd2-d0f1aa02f12f:c5212, 9dc27687-2024-46ae-8b6e-c9027bfa400e:c5208, 9c9c57da-14dc-454a-b374-789aa5e765a9:c5208]
2019-09-16 23:35:22,341 [grpc-default-executor-0] INFO  client.GrpcClientProtocolClient (GrpcClientProtocolClient.java:onNext(264)) - client-C79DE3E06697->1d6da99a-ba9a-4d72-abd2-d0f1aa02f12f: receive RaftClientReply:client-C79DE3E06697->1d6da99a-ba9a-4d72-abd2-d0f1aa02f12f@group-B29EE812FB58, cid=3466, SUCCESS, logIndex=5211, commits[1d6da99a-ba9a-4d72-abd2-d0f1aa02f12f:c5212, 9dc27687-2024-46ae-8b6e-c9027bfa400e:c5208, 9c9c57da-14dc-454a-b374-789aa5e765a9:c5208]
2019-09-16 23:35:22,342 [grpc-default-executor-0] INFO  client.GrpcClientProtocolClient (GrpcClientProtocolClient.java:onNext(264)) - client-C79DE3E06697->1d6da99a-ba9a-4d72-abd2-d0f1aa02f12f: receive RaftClientReply:client-C79DE3E06697->1d6da99a-ba9a-4d72-abd2-d0f1aa02f12f@group-B29EE812FB58, cid=3467, SUCCESS, logIndex=5212, commits[1d6da99a-ba9a-4d72-abd2-d0f1aa02f12f:c5212, 9dc27687-2024-46ae-8b6e-c9027bfa400e:c5208, 9c9c57da-14dc-454a-b374-789aa5e765a9:c5208]
2019-09-16 23:35:22,343 [grpc-default-executor-0] INFO  client.GrpcClientProtocolClient (GrpcClientProtocolClient.java:onNext(264)) - client-C79DE3E06697->1d6da99a-ba9a-4d72-abd2-d0f1aa02f12f: receive RaftClientReply:client-C79DE3E06697->1d6da99a-ba9a-4d72-abd2-d0f1aa02f12f@group-B29EE812FB58, cid=3468, SUCCESS, logIndex=0, commits[1d6da99a-ba9a-4d72-abd2-d0f1aa02f12f:c5213, 9dc27687-2024-46ae-8b6e-c9027bfa400e:c5210, 9c9c57da-14dc-454a-b374-789aa5e765a9:c5210]
2019-09-16 23:35:22,363 [grpc-default-executor-1] INFO  client.GrpcClientProtocolClient (GrpcClientProtocolClient.java:onNext(264)) - client-C79DE3E06697->1d6da99a-ba9a-4d72-abd2-d0f1aa02f12f: receive RaftClientReply:client-C79DE3E06697->1d6da99a-ba9a-4d72-abd2-d0f1aa02f12f@group-B29EE812FB58, cid=3469, SUCCESS, logIndex=5217, commits[1d6da99a-ba9a-4d72-abd2-d0f1aa02f12f:c5218, 9dc27687-2024-46ae-8b6e-c9027bfa400e:c5216, 9c9c57da-14dc-454a-b374-789aa5e765a9:c5216]
2019-09-16 23:35:22,363 [grpc-default-executor-1] INFO  client.GrpcClientProtocolClient (GrpcClientProtocolClient.java:onNext(264)) - client-C79DE3E06697->1d6da99a-ba9a-4d72-abd2-d0f1aa02f12f: receive RaftClientReply:client-C79DE3E06697->1d6da99a-ba9a-4d72-abd2-d0f1aa02f12f@group-B29EE812FB58, cid=3470, SUCCESS, logIndex=5218, commits[1d6da99a-ba9a-4d72-abd2-d0f1aa02f12f:c5218, 9dc27687-2024-46ae-8b6e-c9027bfa400e:c5216, 9c9c57da-14dc-454a-b374-789aa5e765a9:c5216]
2019-09-16 23:35:22,377 [grpc-default-executor-1] INFO  client.GrpcClientProtocolClient (GrpcClientProtocolClient.java:onNext(264)) - client-C79DE3E06697->1d6da99a-ba9a-4d72-abd2-d0f1aa02f12f: receive RaftClientReply:client-C79DE3E06697->1d6da99a-ba9a-4d72-abd2-d0f1aa02f12f@group-B29EE812FB58, cid=3471, SUCCESS, logIndex=5221, commits[1d6da99a-ba9a-4d72-abd2-d0f1aa02f12f:c5222, 9dc27687-2024-46ae-8b6e-c9027bfa400e:c5218, 9c9c57da-14dc-454a-b374-789aa5e765a9:c5218]
2019-09-16 23:35:22,378 [grpc-default-executor-1] INFO  client.GrpcClientProtocolClient (GrpcClientProtocolClient.java:onNext(264)) - client-C79DE3E06697->1d6da99a-ba9a-4d72-abd2-d0f1aa02f12f: receive RaftClientReply:client-C79DE3E06697->1d6da99a-ba9a-4d72-abd2-d0f1aa02f12f@group-B29EE812FB58, cid=3472, SUCCESS, logIndex=5222, commits[1d6da99a-ba9a-4d72-abd2-d0f1aa02f12f:c5222, 9dc27687-2024-46ae-8b6e-c9027bfa400e:c5218, 9c9c57da-14dc-454a-b374-789aa5e765a9:c5218]
2019-09-16 23:35:22,392 [grpc-default-executor-1] INFO  client.GrpcClientProtocolClient (GrpcClientProtocolClient.java:onNext(264)) - client-C79DE3E06697->1d6da99a-ba9a-4d72-abd2-d0f1aa02f12f: receive RaftClientReply:client-C79DE3E06697->1d6da99a-ba9a-4d72-abd2-d0f1aa02f12f@group-B29EE812FB58, cid=3473, SUCCESS, logIndex=0, commits[1d6da99a-ba9a-4d72-abd2-d0f1aa02f12f:c5223, 9dc27687-2024-46ae-8b6e-c9027bfa400e:c5222, 9c9c57da-14dc-454a-b374-789aa5e765a9:c5222]
2019-09-16 23:35:22,420 [grpc-default-executor-7] INFO  client.GrpcClientProtocolClient (GrpcClientProtocolClient.java:onNext(264)) - client-C79DE3E06697->1d6da99a-ba9a-4d72-abd2-d0f1aa02f12f: receive RaftClientReply:client-C79DE3E06697->1d6da99a-ba9a-4d72-abd2-d0f1aa02f12f@group-B29EE812FB58, cid=3474, SUCCESS, logIndex=5225, commits[1d6da99a-ba9a-4d72-abd2-d0f1aa02f12f:c5226, 9dc27687-2024-46ae-8b6e-c9027bfa400e:c5224, 9c9c57da-14dc-454a-b374-789aa5e765a9:c5224]
2019-09-16 23:35:22,421 [grpc-default-executor-7] INFO  client.GrpcClientProtocolClient (GrpcClientProtocolClient.java:onNext(264)) - client-C79DE3E06697->1d6da99a-ba9a-4d72-abd2-d0f1aa02f12f: receive RaftClientReply:client-C79DE3E06697->1d6da99a-ba9a-4d72-abd2-d0f1aa02f12f@group-B29EE812FB58, cid=3475, SUCCESS, logIndex=5226, commits[1d6da99a-ba9a-4d72-abd2-d0f1aa02f12f:c5228, 9dc27687-2024-46ae-8b6e-c9027bfa400e:c5224, 9c9c57da-14dc-454a-b374-789aa5e765a9:c5224]
2019-09-16 23:35:22,421 [grpc-default-executor-7] INFO  client.GrpcClientProtocolClient (GrpcClientProtocolClient.java:onNext(264)) - client-C79DE3E06697->1d6da99a-ba9a-4d72-abd2-d0f1aa02f12f: receive RaftClientReply:client-C79DE3E06697->1d6da99a-ba9a-4d72-abd2-d0f1aa02f12f@group-B29EE812FB58, cid=3476, SUCCESS, logIndex=5227, commits[1d6da99a-ba9a-4d72-abd2-d0f1aa02f12f:c5228, 9dc27687-2024-46ae-8b6e-c9027bfa400e:c5224, 9c9c57da-14dc-454a-b374-789aa5e765a9:c5224]
2019-09-16 23:35:22,421 [grpc-default-executor-7] INFO  client.GrpcClientProtocolClient (GrpcClientProtocolClient.java:onNext(264)) - client-C79DE3E06697->1d6da99a-ba9a-4d72-abd2-d0f1aa02f12f: receive RaftClientReply:client-C79DE3E06697->1d6da99a-ba9a-4d72-abd2-d0f1aa02f12f@group-B29EE812FB58, cid=3477, SUCCESS, logIndex=5228, commits[1d6da99a-ba9a-4d72-abd2-d0f1aa02f12f:c5228, 9dc27687-2024-46ae-8b6e-c9027bfa400e:c5224, 9c9c57da-14dc-454a-b374-789aa5e765a9:c5224]
2019-09-16 23:35:22,435 [grpc-default-executor-7] INFO  client.GrpcClientProtocolClient (GrpcClientProtocolClient.java:onNext(264)) - client-C79DE3E06697->1d6da99a-ba9a-4d72-abd2-d0f1aa02f12f: receive RaftClientReply:client-C79DE3E06697->1d6da99a-ba9a-4d72-abd2-d0f1aa02f12f@group-B29EE812FB58, cid=3478, SUCCESS, logIndex=0, commits[1d6da99a-ba9a-4d72-abd2-d0f1aa02f12f:c5231, 9dc27687-2024-46ae-8b6e-c9027bfa400e:c5226, 9c9c57da-14dc-454a-b374-789aa5e765a9:c5228]
2019-09-16 23:35:22,453 [grpc-default-executor-7] INFO  client.GrpcClientProtocolClient (GrpcClientProtocolClient.java:onNext(264)) - client-C79DE3E06697->1d6da99a-ba9a-4d72-abd2-d0f1aa02f12f: receive RaftClientReply:client-C79DE3E06697->1d6da99a-ba9a-4d72-abd2-d0f1aa02f12f@group-B29EE812FB58, cid=3479, SUCCESS, logIndex=5232, commits[1d6da99a-ba9a-4d72-abd2-d0f1aa02f12f:c5233, 9dc27687-2024-46ae-8b6e-c9027bfa400e:c5231, 9c9c57da-14dc-454a-b374-789aa5e765a9:c5231]
2019-09-16 23:35:22,454 [grpc-default-executor-7] INFO  client.GrpcClientProtocolClient (GrpcClientProtocolClient.java:onNext(264)) - client-C79DE3E06697->1d6da99a-ba9a-4d72-abd2-d0f1aa02f12f: receive RaftClientReply:client-C79DE3E06697->1d6da99a-ba9a-4d72-abd2-d0f1aa02f12f@group-B29EE812FB58, cid=3480, SUCCESS, logIndex=5233, commits[1d6da99a-ba9a-4d72-abd2-d0f1aa02f12f:c5233, 9dc27687-2024-46ae-8b6e-c9027bfa400e:c5231, 9c9c57da-14dc-454a-b374-789aa5e765a9:c5231]
2019-09-16 23:35:22,469 [grpc-default-executor-0] INFO  client.GrpcClientProtocolClient (GrpcClientProtocolClient.java:onNext(264)) - client-C79DE3E06697->1d6da99a-ba9a-4d72-abd2-d0f1aa02f12f: receive RaftClientReply:client-C79DE3E06697->1d6da99a-ba9a-4d72-abd2-d0f1aa02f12f@group-B29EE812FB58, cid=3481, SUCCESS, logIndex=5236, commits[1d6da99a-ba9a-4d72-abd2-d0f1aa02f12f:c5237, 9dc27687-2024-46ae-8b6e-c9027bfa400e:c5233, 9c9c57da-14dc-454a-b374-789aa5e765a9:c5233]
2019-09-16 23:35:22,470 [grpc-default-executor-0] INFO  client.GrpcClientProtocolClient (GrpcClientProtocolClient.java:onNext(264)) - client-C79DE3E06697->1d6da99a-ba9a-4d72-abd2-d0f1aa02f12f: receive RaftClientReply:client-C79DE3E06697->1d6da99a-ba9a-4d72-abd2-d0f1aa02f12f@group-B29EE812FB58, cid=3482, SUCCESS, logIndex=5237, commits[1d6da99a-ba9a-4d72-abd2-d0f1aa02f12f:c5237, 9dc27687-2024-46ae-8b6e-c9027bfa400e:c5233, 9c9c57da-14dc-454a-b374-789aa5e765a9:c5233]
2019-09-16 23:35:22,473 [grpc-default-executor-0] INFO  client.GrpcClientProtocolClient (GrpcClientProtocolClient.java:onNext(264)) - client-C79DE3E06697->1d6da99a-ba9a-4d72-abd2-d0f1aa02f12f: receive RaftClientReply:client-C79DE3E06697->1d6da99a-ba9a-4d72-abd2-d0f1aa02f12f@group-B29EE812FB58, cid=3483, SUCCESS, logIndex=0, commits[1d6da99a-ba9a-4d72-abd2-d0f1aa02f12f:c5238, 9dc27687-2024-46ae-8b6e-c9027bfa400e:c5237, 9c9c57da-14dc-454a-b374-789aa5e765a9:c5237]
2019-09-16 23:35:22,494 [grpc-default-executor-1] INFO  client.GrpcClientProtocolClient (GrpcClientProtocolClient.java:onNext(264)) - client-C79DE3E06697->1d6da99a-ba9a-4d72-abd2-d0f1aa02f12f: receive RaftClientReply:client-C79DE3E06697->1d6da99a-ba9a-4d72-abd2-d0f1aa02f12f@group-B29EE812FB58, cid=3484, SUCCESS, logIndex=5240, commits[1d6da99a-ba9a-4d72-abd2-d0f1aa02f12f:c5241, 9dc27687-2024-46ae-8b6e-c9027bfa400e:c5237, 9c9c57da-14dc-454a-b374-789aa5e765a9:c5239]
2019-09-16 23:35:22,495 [grpc-default-executor-1] INFO  client.GrpcClientProtocolClient (GrpcClientProtocolClient.java:onNext(264)) - client-C79DE3E06697->1d6da99a-ba9a-4d72-abd2-d0f1aa02f12f: receive RaftClientReply:client-C79DE3E06697->1d6da99a-ba9a-4d72-abd2-d0f1aa02f12f@group-B29EE812FB58, cid=3485, SUCCESS, logIndex=5241, commits[1d6da99a-ba9a-4d72-abd2-d0f1aa02f12f:c5241, 9dc27687-2024-46ae-8b6e-c9027bfa400e:c5237, 9c9c57da-14dc-454a-b374-789aa5e765a9:c5239]
2019-09-16 23:35:22,496 [grpc-default-executor-1] INFO  client.GrpcClientProtocolClient (GrpcClientProtocolClient.java:onNext(264)) - client-C79DE3E06697->1d6da99a-ba9a-4d72-abd2-d0f1aa02f12f: receive RaftClientReply:client-C79DE3E06697->1d6da99a-ba9a-4d72-abd2-d0f1aa02f12f@group-B29EE812FB58, cid=3486, SUCCESS, logIndex=5242, commits[1d6da99a-ba9a-4d72-abd2-d0f1aa02f12f:c5242, 9dc27687-2024-46ae-8b6e-c9027bfa400e:c5239, 9c9c57da-14dc-454a-b374-789aa5e765a9:c5239]
2019-09-16 23:35:22,496 [grpc-default-executor-1] INFO  client.GrpcClientProtocolClient (GrpcClientProtocolClient.java:onNext(264)) - client-C79DE3E06697->1d6da99a-ba9a-4d72-abd2-d0f1aa02f12f: receive RaftClientReply:client-C79DE3E06697->1d6da99a-ba9a-4d72-abd2-d0f1aa02f12f@group-B29EE812FB58, cid=3487, SUCCESS, logIndex=5243, commits[1d6da99a-ba9a-4d72-abd2-d0f1aa02f12f:c5243, 9dc27687-2024-46ae-8b6e-c9027bfa400e:c5239, 9c9c57da-14dc-454a-b374-789aa5e765a9:c5239]
2019-09-16 23:35:22,498 [grpc-default-executor-3] INFO  client.GrpcClientProtocolClient (GrpcClientProtocolClient.java:onNext(264)) - client-C79DE3E06697->1d6da99a-ba9a-4d72-abd2-d0f1aa02f12f: receive RaftClientReply:client-C79DE3E06697->1d6da99a-ba9a-4d72-abd2-d0f1aa02f12f@group-B29EE812FB58, cid=3488, SUCCESS, logIndex=0, commits[1d6da99a-ba9a-4d72-abd2-d0f1aa02f12f:c5245, 9dc27687-2024-46ae-8b6e-c9027bfa400e:c5241, 9c9c57da-14dc-454a-b374-789aa5e765a9:c5241]
2019-09-16 23:35:22,508 [grpc-default-executor-0] INFO  client.GrpcClientProtocolClient (GrpcClientProtocolClient.java:onNext(264)) - client-C79DE3E06697->1d6da99a-ba9a-4d72-abd2-d0f1aa02f12f: receive RaftClientReply:client-C79DE3E06697->1d6da99a-ba9a-4d72-abd2-d0f1aa02f12f@group-B29EE812FB58, cid=3489, SUCCESS, logIndex=5248, commits[1d6da99a-ba9a-4d72-abd2-d0f1aa02f12f:c5249, 9dc27687-2024-46ae-8b6e-c9027bfa400e:c5247, 9c9c57da-14dc-454a-b374-789aa5e765a9:c5247]
2019-09-16 23:35:22,508 [grpc-default-executor-0] INFO  client.GrpcClientProtocolClient (GrpcClientProtocolClient.java:onNext(264)) - client-C79DE3E06697->1d6da99a-ba9a-4d72-abd2-d0f1aa02f12f: receive RaftClientReply:client-C79DE3E06697->1d6da99a-ba9a-4d72-abd2-d0f1aa02f12f@group-B29EE812FB58, cid=3490, SUCCESS, logIndex=5249, commits[1d6da99a-ba9a-4d72-abd2-d0f1aa02f12f:c5249, 9dc27687-2024-46ae-8b6e-c9027bfa400e:c5247, 9c9c57da-14dc-454a-b374-789aa5e765a9:c5247]
2019-09-16 23:35:22,518 [grpc-default-executor-0] INFO  client.GrpcClientProtocolClient (GrpcClientProtocolClient.java:onNext(264)) - client-C79DE3E06697->1d6da99a-ba9a-4d72-abd2-d0f1aa02f12f: receive RaftClientReply:client-C79DE3E06697->1d6da99a-ba9a-4d72-abd2-d0f1aa02f12f@group-B29EE812FB58, cid=3491, SUCCESS, logIndex=5252, commits[1d6da99a-ba9a-4d72-abd2-d0f1aa02f12f:c5253, 9dc27687-2024-46ae-8b6e-c9027bfa400e:c5249, 9c9c57da-14dc-454a-b374-789aa5e765a9:c5250]
2019-09-16 23:35:22,518 [grpc-default-executor-0] INFO  client.GrpcClientProtocolClient (GrpcClientProtocolClient.java:onNext(264)) - client-C79DE3E06697->1d6da99a-ba9a-4d72-abd2-d0f1aa02f12f: receive RaftClientReply:client-C79DE3E06697->1d6da99a-ba9a-4d72-abd2-d0f1aa02f12f@group-B29EE812FB58, cid=3492, SUCCESS, logIndex=5253, commits[1d6da99a-ba9a-4d72-abd2-d0f1aa02f12f:c5253, 9dc27687-2024-46ae-8b6e-c9027bfa400e:c5250, 9c9c57da-14dc-454a-b374-789aa5e765a9:c5250]
2019-09-16 23:35:22,519 [grpc-default-executor-0] INFO  client.GrpcClientProtocolClient (GrpcClientProtocolClient.java:onNext(264)) - client-C79DE3E06697->1d6da99a-ba9a-4d72-abd2-d0f1aa02f12f: receive RaftClientReply:client-C79DE3E06697->1d6da99a-ba9a-4d72-abd2-d0f1aa02f12f@group-B29EE812FB58, cid=3493, SUCCESS, logIndex=0, commits[1d6da99a-ba9a-4d72-abd2-d0f1aa02f12f:c5254, 9dc27687-2024-46ae-8b6e-c9027bfa400e:c5253, 9c9c57da-14dc-454a-b374-789aa5e765a9:c5253]
2019-09-16 23:35:22,551 [grpc-default-executor-3] INFO  client.GrpcClientProtocolClient (GrpcClientProtocolClient.java:onNext(264)) - client-C79DE3E06697->1d6da99a-ba9a-4d72-abd2-d0f1aa02f12f: receive RaftClientReply:client-C79DE3E06697->1d6da99a-ba9a-4d72-abd2-d0f1aa02f12f@group-B29EE812FB58, cid=3494, SUCCESS, logIndex=5256, commits[1d6da99a-ba9a-4d72-abd2-d0f1aa02f12f:c5258, 9dc27687-2024-46ae-8b6e-c9027bfa400e:c5255, 9c9c57da-14dc-454a-b374-789aa5e765a9:c5255]
2019-09-16 23:35:22,551 [grpc-default-executor-3] INFO  client.GrpcClientProtocolClient (GrpcClientProtocolClient.java:onNext(264)) - client-C79DE3E06697->1d6da99a-ba9a-4d72-abd2-d0f1aa02f12f: receive RaftClientReply:client-C79DE3E06697->1d6da99a-ba9a-4d72-abd2-d0f1aa02f12f@group-B29EE812FB58, cid=3495, SUCCESS, logIndex=5257, commits[1d6da99a-ba9a-4d72-abd2-d0f1aa02f12f:c5259, 9dc27687-2024-46ae-8b6e-c9027bfa400e:c5255, 9c9c57da-14dc-454a-b374-789aa5e765a9:c5255]
2019-09-16 23:35:22,552 [grpc-default-executor-3] INFO  client.GrpcClientProtocolClient (GrpcClientProtocolClient.java:onNext(264)) - client-C79DE3E06697->1d6da99a-ba9a-4d72-abd2-d0f1aa02f12f: receive RaftClientReply:client-C79DE3E06697->1d6da99a-ba9a-4d72-abd2-d0f1aa02f12f@group-B29EE812FB58, cid=3496, SUCCESS, logIndex=5258, commits[1d6da99a-ba9a-4d72-abd2-d0f1aa02f12f:c5259, 9dc27687-2024-46ae-8b6e-c9027bfa400e:c5255, 9c9c57da-14dc-454a-b374-789aa5e765a9:c5255]
2019-09-16 23:35:22,552 [grpc-default-executor-3] INFO  client.GrpcClientProtocolClient (GrpcClientProtocolClient.java:onNext(264)) - client-C79DE3E06697->1d6da99a-ba9a-4d72-abd2-d0f1aa02f12f: receive RaftClientReply:client-C79DE3E06697->1d6da99a-ba9a-4d72-abd2-d0f1aa02f12f@group-B29EE812FB58, cid=3497, SUCCESS, logIndex=5259, commits[1d6da99a-ba9a-4d72-abd2-d0f1aa02f12f:c5259, 9dc27687-2024-46ae-8b6e-c9027bfa400e:c5255, 9c9c57da-14dc-454a-b374-789aa5e765a9:c5255]
2019-09-16 23:35:22,565 [grpc-default-executor-1] INFO  client.GrpcClientProtocolClient (GrpcClientProtocolClient.java:onNext(264)) - client-C79DE3E06697->1d6da99a-ba9a-4d72-abd2-d0f1aa02f12f: receive RaftClientReply:client-C79DE3E06697->1d6da99a-ba9a-4d72-abd2-d0f1aa02f12f@group-B29EE812FB58, cid=3498, SUCCESS, logIndex=0, commits[1d6da99a-ba9a-4d72-abd2-d0f1aa02f12f:c5261, 9dc27687-2024-46ae-8b6e-c9027bfa400e:c5258, 9c9c57da-14dc-454a-b374-789aa5e765a9:c5257]
2019-09-16 23:35:22,582 [grpc-default-executor-3] INFO  client.GrpcClientProtocolClient (GrpcClientProtocolClient.java:onNext(264)) - client-C79DE3E06697->1d6da99a-ba9a-4d72-abd2-d0f1aa02f12f: receive RaftClientReply:client-C79DE3E06697->1d6da99a-ba9a-4d72-abd2-d0f1aa02f12f@group-B29EE812FB58, cid=3499, SUCCESS, logIndex=5264, commits[1d6da99a-ba9a-4d72-abd2-d0f1aa02f12f:c5265, 9dc27687-2024-46ae-8b6e-c9027bfa400e:c5263, 9c9c57da-14dc-454a-b374-789aa5e765a9:c5263]
2019-09-16 23:35:22,582 [grpc-default-executor-3] INFO  client.GrpcClientProtocolClient (GrpcClientProtocolClient.java:onNext(264)) - client-C79DE3E06697->1d6da99a-ba9a-4d72-abd2-d0f1aa02f12f: receive RaftClientReply:client-C79DE3E06697->1d6da99a-ba9a-4d72-abd2-d0f1aa02f12f@group-B29EE812FB58, cid=3500, SUCCESS, logIndex=5265, commits[1d6da99a-ba9a-4d72-abd2-d0f1aa02f12f:c5265, 9dc27687-2024-46ae-8b6e-c9027bfa400e:c5263, 9c9c57da-14dc-454a-b374-789aa5e765a9:c5263]
2019-09-16 23:35:22,597 [grpc-default-executor-1] INFO  client.GrpcClientProtocolClient (GrpcClientProtocolClient.java:onNext(264)) - client-C79DE3E06697->1d6da99a-ba9a-4d72-abd2-d0f1aa02f12f: receive RaftClientReply:client-C79DE3E06697->1d6da99a-ba9a-4d72-abd2-d0f1aa02f12f@group-B29EE812FB58, cid=3501, SUCCESS, logIndex=5268, commits[1d6da99a-ba9a-4d72-abd2-d0f1aa02f12f:c5269, 9dc27687-2024-46ae-8b6e-c9027bfa400e:c5265, 9c9c57da-14dc-454a-b374-789aa5e765a9:c5265]
2019-09-16 23:35:22,597 [grpc-default-executor-1] INFO  client.GrpcClientProtocolClient (GrpcClientProtocolClient.java:onNext(264)) - client-C79DE3E06697->1d6da99a-ba9a-4d72-abd2-d0f1aa02f12f: receive RaftClientReply:client-C79DE3E06697->1d6da99a-ba9a-4d72-abd2-d0f1aa02f12f@group-B29EE812FB58, cid=3502, SUCCESS, logIndex=5269, commits[1d6da99a-ba9a-4d72-abd2-d0f1aa02f12f:c5269, 9dc27687-2024-46ae-8b6e-c9027bfa400e:c5265, 9c9c57da-14dc-454a-b374-789aa5e765a9:c5265]
2019-09-16 23:35:22,609 [grpc-default-executor-1] INFO  client.GrpcClientProtocolClient (GrpcClientProtocolClient.java:onNext(264)) - client-C79DE3E06697->1d6da99a-ba9a-4d72-abd2-d0f1aa02f12f: receive RaftClientReply:client-C79DE3E06697->1d6da99a-ba9a-4d72-abd2-d0f1aa02f12f@group-B29EE812FB58, cid=3503, SUCCESS, logIndex=0, commits[1d6da99a-ba9a-4d72-abd2-d0f1aa02f12f:c5270, 9dc27687-2024-46ae-8b6e-c9027bfa400e:c5269, 9c9c57da-14dc-454a-b374-789aa5e765a9:c5269]
2019-09-16 23:35:22,767 [grpc-default-executor-0] INFO  client.GrpcClientProtocolClient (GrpcClientProtocolClient.java:onNext(264)) - client-C79DE3E06697->1d6da99a-ba9a-4d72-abd2-d0f1aa02f12f: receive RaftClientReply:client-C79DE3E06697->1d6da99a-ba9a-4d72-abd2-d0f1aa02f12f@group-B29EE812FB58, cid=3504, SUCCESS, logIndex=5272, commits[1d6da99a-ba9a-4d72-abd2-d0f1aa02f12f:c5274, 9dc27687-2024-46ae-8b6e-c9027bfa400e:c5271, 9c9c57da-14dc-454a-b374-789aa5e765a9:c5271]
2019-09-16 23:35:22,768 [grpc-default-executor-0] INFO  client.GrpcClientProtocolClient (GrpcClientProtocolClient.java:onNext(264)) - client-C79DE3E06697->1d6da99a-ba9a-4d72-abd2-d0f1aa02f12f: receive RaftClientReply:client-C79DE3E06697->1d6da99a-ba9a-4d72-abd2-d0f1aa02f12f@group-B29EE812FB58, cid=3505, SUCCESS, logIndex=5273, commits[1d6da99a-ba9a-4d72-abd2-d0f1aa02f12f:c5275, 9dc27687-2024-46ae-8b6e-c9027bfa400e:c5271, 9c9c57da-14dc-454a-b374-789aa5e765a9:c5271]
2019-09-16 23:35:22,768 [grpc-default-executor-0] INFO  client.GrpcClientProtocolClient (GrpcClientProtocolClient.java:onNext(264)) - client-C79DE3E06697->1d6da99a-ba9a-4d72-abd2-d0f1aa02f12f: receive RaftClientReply:client-C79DE3E06697->1d6da99a-ba9a-4d72-abd2-d0f1aa02f12f@group-B29EE812FB58, cid=3506, SUCCESS, logIndex=5274, commits[1d6da99a-ba9a-4d72-abd2-d0f1aa02f12f:c5275, 9dc27687-2024-46ae-8b6e-c9027bfa400e:c5271, 9c9c57da-14dc-454a-b374-789aa5e765a9:c5271]
2019-09-16 23:35:22,768 [grpc-default-executor-0] INFO  client.GrpcClientProtocolClient (GrpcClientProtocolClient.java:onNext(264)) - client-C79DE3E06697->1d6da99a-ba9a-4d72-abd2-d0f1aa02f12f: receive RaftClientReply:client-C79DE3E06697->1d6da99a-ba9a-4d72-abd2-d0f1aa02f12f@group-B29EE812FB58, cid=3507, SUCCESS, logIndex=5275, commits[1d6da99a-ba9a-4d72-abd2-d0f1aa02f12f:c5275, 9dc27687-2024-46ae-8b6e-c9027bfa400e:c5271, 9c9c57da-14dc-454a-b374-789aa5e765a9:c5271]
2019-09-16 23:35:22,804 [grpc-default-executor-0] INFO  client.GrpcClientProtocolClient (GrpcClientProtocolClient.java:onNext(264)) - client-C79DE3E06697->1d6da99a-ba9a-4d72-abd2-d0f1aa02f12f: receive RaftClientReply:client-C79DE3E06697->1d6da99a-ba9a-4d72-abd2-d0f1aa02f12f@group-B29EE812FB58, cid=3508, SUCCESS, logIndex=0, commits[1d6da99a-ba9a-4d72-abd2-d0f1aa02f12f:c5278, 9dc27687-2024-46ae-8b6e-c9027bfa400e:c5273, 9c9c57da-14dc-454a-b374-789aa5e765a9:c5275]
2019-09-16 23:35:22,830 [grpc-default-executor-1] INFO  client.GrpcClientProtocolClient (GrpcClientProtocolClient.java:onNext(264)) - client-C79DE3E06697->1d6da99a-ba9a-4d72-abd2-d0f1aa02f12f: receive RaftClientReply:client-C79DE3E06697->1d6da99a-ba9a-4d72-abd2-d0f1aa02f12f@group-B29EE812FB58, cid=3509, SUCCESS, logIndex=5280, commits[1d6da99a-ba9a-4d72-abd2-d0f1aa02f12f:c5281, 9dc27687-2024-46ae-8b6e-c9027bfa400e:c5279, 9c9c57da-14dc-454a-b374-789aa5e765a9:c5279]
2019-09-16 23:35:22,831 [grpc-default-executor-1] INFO  client.GrpcClientProtocolClient (GrpcClientProtocolClient.java:onNext(264)) - client-C79DE3E06697->1d6da99a-ba9a-4d72-abd2-d0f1aa02f12f: receive RaftClientReply:client-C79DE3E06697->1d6da99a-ba9a-4d72-abd2-d0f1aa02f12f@group-B29EE812FB58, cid=3510, SUCCESS, logIndex=5281, commits[1d6da99a-ba9a-4d72-abd2-d0f1aa02f12f:c5281, 9dc27687-2024-46ae-8b6e-c9027bfa400e:c5279, 9c9c57da-14dc-454a-b374-789aa5e765a9:c5279]
2019-09-16 23:35:22,843 [grpc-default-executor-1] INFO  client.GrpcClientProtocolClient (GrpcClientProtocolClient.java:onNext(264)) - client-C79DE3E06697->1d6da99a-ba9a-4d72-abd2-d0f1aa02f12f: receive RaftClientReply:client-C79DE3E06697->1d6da99a-ba9a-4d72-abd2-d0f1aa02f12f@group-B29EE812FB58, cid=3511, SUCCESS, logIndex=5284, commits[1d6da99a-ba9a-4d72-abd2-d0f1aa02f12f:c5285, 9dc27687-2024-46ae-8b6e-c9027bfa400e:c5281, 9c9c57da-14dc-454a-b374-789aa5e765a9:c5281]
2019-09-16 23:35:22,844 [grpc-default-executor-1] INFO  client.GrpcClientProtocolClient (GrpcClientProtocolClient.java:onNext(264)) - client-C79DE3E06697->1d6da99a-ba9a-4d72-abd2-d0f1aa02f12f: receive RaftClientReply:client-C79DE3E06697->1d6da99a-ba9a-4d72-abd2-d0f1aa02f12f@group-B29EE812FB58, cid=3512, SUCCESS, logIndex=5285, commits[1d6da99a-ba9a-4d72-abd2-d0f1aa02f12f:c5285, 9dc27687-2024-46ae-8b6e-c9027bfa400e:c5281, 9c9c57da-14dc-454a-b374-789aa5e765a9:c5281]
2019-09-16 23:35:22,855 [grpc-default-executor-1] INFO  client.GrpcClientProtocolClient (GrpcClientProtocolClient.java:onNext(264)) - client-C79DE3E06697->1d6da99a-ba9a-4d72-abd2-d0f1aa02f12f: receive RaftClientReply:client-C79DE3E06697->1d6da99a-ba9a-4d72-abd2-d0f1aa02f12f@group-B29EE812FB58, cid=3513, SUCCESS, logIndex=0, commits[1d6da99a-ba9a-4d72-abd2-d0f1aa02f12f:c5286, 9dc27687-2024-46ae-8b6e-c9027bfa400e:c5285, 9c9c57da-14dc-454a-b374-789aa5e765a9:c5285]
2019-09-16 23:35:22,923 [grpc-default-executor-0] INFO  client.GrpcClientProtocolClient (GrpcClientProtocolClient.java:onNext(264)) - client-C79DE3E06697->1d6da99a-ba9a-4d72-abd2-d0f1aa02f12f: receive RaftClientReply:client-C79DE3E06697->1d6da99a-ba9a-4d72-abd2-d0f1aa02f12f@group-B29EE812FB58, cid=3514, SUCCESS, logIndex=5288, commits[1d6da99a-ba9a-4d72-abd2-d0f1aa02f12f:c5295, 9dc27687-2024-46ae-8b6e-c9027bfa400e:c5287, 9c9c57da-14dc-454a-b374-789aa5e765a9:c5287]
2019-09-16 23:35:22,924 [grpc-default-executor-0] INFO  client.GrpcClientProtocolClient (GrpcClientProtocolClient.java:onNext(264)) - client-C79DE3E06697->1d6da99a-ba9a-4d72-abd2-d0f1aa02f12f: receive RaftClientReply:client-C79DE3E06697->1d6da99a-ba9a-4d72-abd2-d0f1aa02f12f@group-B29EE812FB58, cid=3515, SUCCESS, logIndex=5289, commits[1d6da99a-ba9a-4d72-abd2-d0f1aa02f12f:c5295, 9dc27687-2024-46ae-8b6e-c9027bfa400e:c5287, 9c9c57da-14dc-454a-b374-789aa5e765a9:c5287]
2019-09-16 23:35:22,924 [grpc-default-executor-0] INFO  client.GrpcClientProtocolClient (GrpcClientProtocolClient.java:onNext(264)) - client-C79DE3E06697->1d6da99a-ba9a-4d72-abd2-d0f1aa02f12f: receive RaftClientReply:client-C79DE3E06697->1d6da99a-ba9a-4d72-abd2-d0f1aa02f12f@group-B29EE812FB58, cid=3516, SUCCESS, logIndex=5290, commits[1d6da99a-ba9a-4d72-abd2-d0f1aa02f12f:c5295, 9dc27687-2024-46ae-8b6e-c9027bfa400e:c5287, 9c9c57da-14dc-454a-b374-789aa5e765a9:c5287]
2019-09-16 23:35:22,924 [grpc-default-executor-0] INFO  client.GrpcClientProtocolClient (GrpcClientProtocolClient.java:onNext(264)) - client-C79DE3E06697->1d6da99a-ba9a-4d72-abd2-d0f1aa02f12f: receive RaftClientReply:client-C79DE3E06697->1d6da99a-ba9a-4d72-abd2-d0f1aa02f12f@group-B29EE812FB58, cid=3517, SUCCESS, logIndex=5291, commits[1d6da99a-ba9a-4d72-abd2-d0f1aa02f12f:c5295, 9dc27687-2024-46ae-8b6e-c9027bfa400e:c5287, 9c9c57da-14dc-454a-b374-789aa5e765a9:c5287]
 0.00% |█                                                                                                    |  0/1 Time: 0:00:40 0.00% |█                                                                                                    |  0/1 Time: 0:00:41 0.00% |█                                                                                                    |  0/1 Time: 0:00:422019-09-16 23:35:25,406 [grpc-default-executor-1] INFO  client.GrpcClientProtocolClient (GrpcClientProtocolClient.java:onNext(264)) - client-C79DE3E06697->1d6da99a-ba9a-4d72-abd2-d0f1aa02f12f: receive RaftClientReply:client-C79DE3E06697->1d6da99a-ba9a-4d72-abd2-d0f1aa02f12f@group-B29EE812FB58, cid=3518, SUCCESS, logIndex=0, commits[1d6da99a-ba9a-4d72-abd2-d0f1aa02f12f:c5295, 9dc27687-2024-46ae-8b6e-c9027bfa400e:c5295, 9c9c57da-14dc-454a-b374-789aa5e765a9:c5295]
2019-09-16 23:35:25,432 [grpc-default-executor-0] INFO  client.GrpcClientProtocolClient (GrpcClientProtocolClient.java:onNext(264)) - client-C79DE3E06697->1d6da99a-ba9a-4d72-abd2-d0f1aa02f12f: receive RaftClientReply:client-C79DE3E06697->1d6da99a-ba9a-4d72-abd2-d0f1aa02f12f@group-B29EE812FB58, cid=3519, SUCCESS, logIndex=5296, commits[1d6da99a-ba9a-4d72-abd2-d0f1aa02f12f:c5297, 9dc27687-2024-46ae-8b6e-c9027bfa400e:c5295, 9c9c57da-14dc-454a-b374-789aa5e765a9:c5295]
2019-09-16 23:35:25,433 [grpc-default-executor-1] INFO  client.GrpcClientProtocolClient (GrpcClientProtocolClient.java:onNext(264)) - client-C79DE3E06697->1d6da99a-ba9a-4d72-abd2-d0f1aa02f12f: receive RaftClientReply:client-C79DE3E06697->1d6da99a-ba9a-4d72-abd2-d0f1aa02f12f@group-B29EE812FB58, cid=3520, SUCCESS, logIndex=5297, commits[1d6da99a-ba9a-4d72-abd2-d0f1aa02f12f:c5297, 9dc27687-2024-46ae-8b6e-c9027bfa400e:c5295, 9c9c57da-14dc-454a-b374-789aa5e765a9:c5295]
2019-09-16 23:35:25,455 [grpc-default-executor-3] INFO  client.GrpcClientProtocolClient (GrpcClientProtocolClient.java:onNext(264)) - client-C79DE3E06697->1d6da99a-ba9a-4d72-abd2-d0f1aa02f12f: receive RaftClientReply:client-C79DE3E06697->1d6da99a-ba9a-4d72-abd2-d0f1aa02f12f@group-B29EE812FB58, cid=3521, SUCCESS, logIndex=5300, commits[1d6da99a-ba9a-4d72-abd2-d0f1aa02f12f:c5301, 9dc27687-2024-46ae-8b6e-c9027bfa400e:c5299, 9c9c57da-14dc-454a-b374-789aa5e765a9:c5299]
2019-09-16 23:35:25,455 [grpc-default-executor-3] INFO  client.GrpcClientProtocolClient (GrpcClientProtocolClient.java:onNext(264)) - client-C79DE3E06697->1d6da99a-ba9a-4d72-abd2-d0f1aa02f12f: receive RaftClientReply:client-C79DE3E06697->1d6da99a-ba9a-4d72-abd2-d0f1aa02f12f@group-B29EE812FB58, cid=3522, SUCCESS, logIndex=5301, commits[1d6da99a-ba9a-4d72-abd2-d0f1aa02f12f:c5301, 9dc27687-2024-46ae-8b6e-c9027bfa400e:c5299, 9c9c57da-14dc-454a-b374-789aa5e765a9:c5299]
2019-09-16 23:35:25,461 [grpc-default-executor-3] INFO  client.GrpcClientProtocolClient (GrpcClientProtocolClient.java:onNext(264)) - client-C79DE3E06697->1d6da99a-ba9a-4d72-abd2-d0f1aa02f12f: receive RaftClientReply:client-C79DE3E06697->1d6da99a-ba9a-4d72-abd2-d0f1aa02f12f@group-B29EE812FB58, cid=3523, SUCCESS, logIndex=0, commits[1d6da99a-ba9a-4d72-abd2-d0f1aa02f12f:c5303, 9dc27687-2024-46ae-8b6e-c9027bfa400e:c5301, 9c9c57da-14dc-454a-b374-789aa5e765a9:c5301]
2019-09-16 23:35:25,493 [grpc-default-executor-1] INFO  client.GrpcClientProtocolClient (GrpcClientProtocolClient.java:onNext(264)) - client-C79DE3E06697->1d6da99a-ba9a-4d72-abd2-d0f1aa02f12f: receive RaftClientReply:client-C79DE3E06697->1d6da99a-ba9a-4d72-abd2-d0f1aa02f12f@group-B29EE812FB58, cid=3524, SUCCESS, logIndex=5304, commits[1d6da99a-ba9a-4d72-abd2-d0f1aa02f12f:c5305, 9dc27687-2024-46ae-8b6e-c9027bfa400e:c5301, 9c9c57da-14dc-454a-b374-789aa5e765a9:c5303]
2019-09-16 23:35:25,495 [grpc-default-executor-1] INFO  client.GrpcClientProtocolClient (GrpcClientProtocolClient.java:onNext(264)) - client-C79DE3E06697->1d6da99a-ba9a-4d72-abd2-d0f1aa02f12f: receive RaftClientReply:client-C79DE3E06697->1d6da99a-ba9a-4d72-abd2-d0f1aa02f12f@group-B29EE812FB58, cid=3525, SUCCESS, logIndex=5305, commits[1d6da99a-ba9a-4d72-abd2-d0f1aa02f12f:c5305, 9dc27687-2024-46ae-8b6e-c9027bfa400e:c5301, 9c9c57da-14dc-454a-b374-789aa5e765a9:c5303]
2019-09-16 23:35:25,497 [grpc-default-executor-1] INFO  client.GrpcClientProtocolClient (GrpcClientProtocolClient.java:onNext(264)) - client-C79DE3E06697->1d6da99a-ba9a-4d72-abd2-d0f1aa02f12f: receive RaftClientReply:client-C79DE3E06697->1d6da99a-ba9a-4d72-abd2-d0f1aa02f12f@group-B29EE812FB58, cid=3526, SUCCESS, logIndex=5306, commits[1d6da99a-ba9a-4d72-abd2-d0f1aa02f12f:c5309, 9dc27687-2024-46ae-8b6e-c9027bfa400e:c5305, 9c9c57da-14dc-454a-b374-789aa5e765a9:c5303]
2019-09-16 23:35:25,498 [grpc-default-executor-1] INFO  client.GrpcClientProtocolClient (GrpcClientProtocolClient.java:onNext(264)) - client-C79DE3E06697->1d6da99a-ba9a-4d72-abd2-d0f1aa02f12f: receive RaftClientReply:client-C79DE3E06697->1d6da99a-ba9a-4d72-abd2-d0f1aa02f12f@group-B29EE812FB58, cid=3527, SUCCESS, logIndex=5307, commits[1d6da99a-ba9a-4d72-abd2-d0f1aa02f12f:c5309, 9dc27687-2024-46ae-8b6e-c9027bfa400e:c5305, 9c9c57da-14dc-454a-b374-789aa5e765a9:c5303]
2019-09-16 23:35:25,499 [grpc-default-executor-1] INFO  client.GrpcClientProtocolClient (GrpcClientProtocolClient.java:onNext(264)) - client-C79DE3E06697->1d6da99a-ba9a-4d72-abd2-d0f1aa02f12f: receive RaftClientReply:client-C79DE3E06697->1d6da99a-ba9a-4d72-abd2-d0f1aa02f12f@group-B29EE812FB58, cid=3528, SUCCESS, logIndex=0, commits[1d6da99a-ba9a-4d72-abd2-d0f1aa02f12f:c5309, 9dc27687-2024-46ae-8b6e-c9027bfa400e:c5305, 9c9c57da-14dc-454a-b374-789aa5e765a9:c5305]
2019-09-16 23:35:25,513 [grpc-default-executor-0] INFO  client.GrpcClientProtocolClient (GrpcClientProtocolClient.java:onNext(264)) - client-C79DE3E06697->1d6da99a-ba9a-4d72-abd2-d0f1aa02f12f: receive RaftClientReply:client-C79DE3E06697->1d6da99a-ba9a-4d72-abd2-d0f1aa02f12f@group-B29EE812FB58, cid=3529, SUCCESS, logIndex=5312, commits[1d6da99a-ba9a-4d72-abd2-d0f1aa02f12f:c5313, 9dc27687-2024-46ae-8b6e-c9027bfa400e:c5311, 9c9c57da-14dc-454a-b374-789aa5e765a9:c5311]
2019-09-16 23:35:25,513 [grpc-default-executor-0] INFO  client.GrpcClientProtocolClient (GrpcClientProtocolClient.java:onNext(264)) - client-C79DE3E06697->1d6da99a-ba9a-4d72-abd2-d0f1aa02f12f: receive RaftClientReply:client-C79DE3E06697->1d6da99a-ba9a-4d72-abd2-d0f1aa02f12f@group-B29EE812FB58, cid=3530, SUCCESS, logIndex=5313, commits[1d6da99a-ba9a-4d72-abd2-d0f1aa02f12f:c5313, 9dc27687-2024-46ae-8b6e-c9027bfa400e:c5311, 9c9c57da-14dc-454a-b374-789aa5e765a9:c5311]
2019-09-16 23:35:25,528 [grpc-default-executor-0] INFO  client.GrpcClientProtocolClient (GrpcClientProtocolClient.java:onNext(264)) - client-C79DE3E06697->1d6da99a-ba9a-4d72-abd2-d0f1aa02f12f: receive RaftClientReply:client-C79DE3E06697->1d6da99a-ba9a-4d72-abd2-d0f1aa02f12f@group-B29EE812FB58, cid=3531, SUCCESS, logIndex=5316, commits[1d6da99a-ba9a-4d72-abd2-d0f1aa02f12f:c5317, 9dc27687-2024-46ae-8b6e-c9027bfa400e:c5315, 9c9c57da-14dc-454a-b374-789aa5e765a9:c5313]
2019-09-16 23:35:25,528 [grpc-default-executor-0] INFO  client.GrpcClientProtocolClient (GrpcClientProtocolClient.java:onNext(264)) - client-C79DE3E06697->1d6da99a-ba9a-4d72-abd2-d0f1aa02f12f: receive RaftClientReply:client-C79DE3E06697->1d6da99a-ba9a-4d72-abd2-d0f1aa02f12f@group-B29EE812FB58, cid=3532, SUCCESS, logIndex=5317, commits[1d6da99a-ba9a-4d72-abd2-d0f1aa02f12f:c5317, 9dc27687-2024-46ae-8b6e-c9027bfa400e:c5315, 9c9c57da-14dc-454a-b374-789aa5e765a9:c5315]
2019-09-16 23:35:25,532 [grpc-default-executor-1] INFO  client.GrpcClientProtocolClient (GrpcClientProtocolClient.java:onNext(264)) - client-C79DE3E06697->1d6da99a-ba9a-4d72-abd2-d0f1aa02f12f: receive RaftClientReply:client-C79DE3E06697->1d6da99a-ba9a-4d72-abd2-d0f1aa02f12f@group-B29EE812FB58, cid=3533, SUCCESS, logIndex=0, commits[1d6da99a-ba9a-4d72-abd2-d0f1aa02f12f:c5319, 9dc27687-2024-46ae-8b6e-c9027bfa400e:c5317, 9c9c57da-14dc-454a-b374-789aa5e765a9:c5317]
2019-09-16 23:35:25,560 [grpc-default-executor-0] INFO  client.GrpcClientProtocolClient (GrpcClientProtocolClient.java:onNext(264)) - client-C79DE3E06697->1d6da99a-ba9a-4d72-abd2-d0f1aa02f12f: receive RaftClientReply:client-C79DE3E06697->1d6da99a-ba9a-4d72-abd2-d0f1aa02f12f@group-B29EE812FB58, cid=3534, SUCCESS, logIndex=5320, commits[1d6da99a-ba9a-4d72-abd2-d0f1aa02f12f:c5321, 9dc27687-2024-46ae-8b6e-c9027bfa400e:c5319, 9c9c57da-14dc-454a-b374-789aa5e765a9:c5317]
2019-09-16 23:35:25,561 [grpc-default-executor-0] INFO  client.GrpcClientProtocolClient (GrpcClientProtocolClient.java:onNext(264)) - client-C79DE3E06697->1d6da99a-ba9a-4d72-abd2-d0f1aa02f12f: receive RaftClientReply:client-C79DE3E06697->1d6da99a-ba9a-4d72-abd2-d0f1aa02f12f@group-B29EE812FB58, cid=3535, SUCCESS, logIndex=5321, commits[1d6da99a-ba9a-4d72-abd2-d0f1aa02f12f:c5321, 9dc27687-2024-46ae-8b6e-c9027bfa400e:c5319, 9c9c57da-14dc-454a-b374-789aa5e765a9:c5317]
2019-09-16 23:35:25,565 [grpc-default-executor-1] INFO  client.GrpcClientProtocolClient (GrpcClientProtocolClient.java:onNext(264)) - client-C79DE3E06697->1d6da99a-ba9a-4d72-abd2-d0f1aa02f12f: receive RaftClientReply:client-C79DE3E06697->1d6da99a-ba9a-4d72-abd2-d0f1aa02f12f@group-B29EE812FB58, cid=3536, SUCCESS, logIndex=5322, commits[1d6da99a-ba9a-4d72-abd2-d0f1aa02f12f:c5324, 9dc27687-2024-46ae-8b6e-c9027bfa400e:c5321, 9c9c57da-14dc-454a-b374-789aa5e765a9:c5319]
2019-09-16 23:35:25,566 [grpc-default-executor-1] INFO  client.GrpcClientProtocolClient (GrpcClientProtocolClient.java:onNext(264)) - client-C79DE3E06697->1d6da99a-ba9a-4d72-abd2-d0f1aa02f12f: receive RaftClientReply:client-C79DE3E06697->1d6da99a-ba9a-4d72-abd2-d0f1aa02f12f@group-B29EE812FB58, cid=3537, SUCCESS, logIndex=5323, commits[1d6da99a-ba9a-4d72-abd2-d0f1aa02f12f:c5325, 9dc27687-2024-46ae-8b6e-c9027bfa400e:c5321, 9c9c57da-14dc-454a-b374-789aa5e765a9:c5321]
2019-09-16 23:35:25,614 [grpc-default-executor-0] INFO  client.GrpcClientProtocolClient (GrpcClientProtocolClient.java:onNext(264)) - client-C79DE3E06697->1d6da99a-ba9a-4d72-abd2-d0f1aa02f12f: receive RaftClientReply:client-C79DE3E06697->1d6da99a-ba9a-4d72-abd2-d0f1aa02f12f@group-B29EE812FB58, cid=3538, SUCCESS, logIndex=5327, commits[1d6da99a-ba9a-4d72-abd2-d0f1aa02f12f:c5327, 9dc27687-2024-46ae-8b6e-c9027bfa400e:c5322, 9c9c57da-14dc-454a-b374-789aa5e765a9:c5326]
2019-09-16 23:35:25,615 [grpc-default-executor-0] INFO  client.GrpcClientProtocolClient (GrpcClientProtocolClient.java:onNext(264)) - client-C79DE3E06697->1d6da99a-ba9a-4d72-abd2-d0f1aa02f12f: receive RaftClientReply:client-C79DE3E06697->1d6da99a-ba9a-4d72-abd2-d0f1aa02f12f@group-B29EE812FB58, cid=3539, SUCCESS, logIndex=5328, commits[1d6da99a-ba9a-4d72-abd2-d0f1aa02f12f:c5328, 9dc27687-2024-46ae-8b6e-c9027bfa400e:c5326, 9c9c57da-14dc-454a-b374-789aa5e765a9:c5326]
2019-09-16 23:35:25,640 [grpc-default-executor-1] INFO  client.GrpcClientProtocolClient (GrpcClientProtocolClient.java:onNext(264)) - client-C79DE3E06697->1d6da99a-ba9a-4d72-abd2-d0f1aa02f12f: receive RaftClientReply:client-C79DE3E06697->1d6da99a-ba9a-4d72-abd2-d0f1aa02f12f@group-B29EE812FB58, cid=3540, SUCCESS, logIndex=5331, commits[1d6da99a-ba9a-4d72-abd2-d0f1aa02f12f:c5332, 9dc27687-2024-46ae-8b6e-c9027bfa400e:c5328, 9c9c57da-14dc-454a-b374-789aa5e765a9:c5328]
2019-09-16 23:35:25,641 [grpc-default-executor-1] INFO  client.GrpcClientProtocolClient (GrpcClientProtocolClient.java:onNext(264)) - client-C79DE3E06697->1d6da99a-ba9a-4d72-abd2-d0f1aa02f12f: receive RaftClientReply:client-C79DE3E06697->1d6da99a-ba9a-4d72-abd2-d0f1aa02f12f@group-B29EE812FB58, cid=3541, SUCCESS, logIndex=5332, commits[1d6da99a-ba9a-4d72-abd2-d0f1aa02f12f:c5332, 9dc27687-2024-46ae-8b6e-c9027bfa400e:c5328, 9c9c57da-14dc-454a-b374-789aa5e765a9:c5328]
2019-09-16 23:35:25,655 [grpc-default-executor-1] INFO  client.GrpcClientProtocolClient (GrpcClientProtocolClient.java:onNext(264)) - client-C79DE3E06697->1d6da99a-ba9a-4d72-abd2-d0f1aa02f12f: receive RaftClientReply:client-C79DE3E06697->1d6da99a-ba9a-4d72-abd2-d0f1aa02f12f@group-B29EE812FB58, cid=3542, SUCCESS, logIndex=0, commits[1d6da99a-ba9a-4d72-abd2-d0f1aa02f12f:c5333, 9dc27687-2024-46ae-8b6e-c9027bfa400e:c5332, 9c9c57da-14dc-454a-b374-789aa5e765a9:c5332]
2019-09-16 23:35:25,699 [grpc-default-executor-0] INFO  client.GrpcClientProtocolClient (GrpcClientProtocolClient.java:onNext(264)) - client-C79DE3E06697->1d6da99a-ba9a-4d72-abd2-d0f1aa02f12f: receive RaftClientReply:client-C79DE3E06697->1d6da99a-ba9a-4d72-abd2-d0f1aa02f12f@group-B29EE812FB58, cid=3543, SUCCESS, logIndex=5335, commits[1d6da99a-ba9a-4d72-abd2-d0f1aa02f12f:c5337, 9dc27687-2024-46ae-8b6e-c9027bfa400e:c5334, 9c9c57da-14dc-454a-b374-789aa5e765a9:c5334]
2019-09-16 23:35:25,699 [grpc-default-executor-0] INFO  client.GrpcClientProtocolClient (GrpcClientProtocolClient.java:onNext(264)) - client-C79DE3E06697->1d6da99a-ba9a-4d72-abd2-d0f1aa02f12f: receive RaftClientReply:client-C79DE3E06697->1d6da99a-ba9a-4d72-abd2-d0f1aa02f12f@group-B29EE812FB58, cid=3544, SUCCESS, logIndex=5336, commits[1d6da99a-ba9a-4d72-abd2-d0f1aa02f12f:c5338, 9dc27687-2024-46ae-8b6e-c9027bfa400e:c5334, 9c9c57da-14dc-454a-b374-789aa5e765a9:c5334]
2019-09-16 23:35:25,700 [grpc-default-executor-0] INFO  client.GrpcClientProtocolClient (GrpcClientProtocolClient.java:onNext(264)) - client-C79DE3E06697->1d6da99a-ba9a-4d72-abd2-d0f1aa02f12f: receive RaftClientReply:client-C79DE3E06697->1d6da99a-ba9a-4d72-abd2-d0f1aa02f12f@group-B29EE812FB58, cid=3545, SUCCESS, logIndex=5337, commits[1d6da99a-ba9a-4d72-abd2-d0f1aa02f12f:c5338, 9dc27687-2024-46ae-8b6e-c9027bfa400e:c5334, 9c9c57da-14dc-454a-b374-789aa5e765a9:c5334]
2019-09-16 23:35:25,700 [grpc-default-executor-0] INFO  client.GrpcClientProtocolClient (GrpcClientProtocolClient.java:onNext(264)) - client-C79DE3E06697->1d6da99a-ba9a-4d72-abd2-d0f1aa02f12f: receive RaftClientReply:client-C79DE3E06697->1d6da99a-ba9a-4d72-abd2-d0f1aa02f12f@group-B29EE812FB58, cid=3546, SUCCESS, logIndex=5338, commits[1d6da99a-ba9a-4d72-abd2-d0f1aa02f12f:c5338, 9dc27687-2024-46ae-8b6e-c9027bfa400e:c5334, 9c9c57da-14dc-454a-b374-789aa5e765a9:c5334]
2019-09-16 23:35:25,710 [grpc-default-executor-0] INFO  client.GrpcClientProtocolClient (GrpcClientProtocolClient.java:onNext(264)) - client-C79DE3E06697->1d6da99a-ba9a-4d72-abd2-d0f1aa02f12f: receive RaftClientReply:client-C79DE3E06697->1d6da99a-ba9a-4d72-abd2-d0f1aa02f12f@group-B29EE812FB58, cid=3547, SUCCESS, logIndex=0, commits[1d6da99a-ba9a-4d72-abd2-d0f1aa02f12f:c5339, 9dc27687-2024-46ae-8b6e-c9027bfa400e:c5336, 9c9c57da-14dc-454a-b374-789aa5e765a9:c5336]
2019-09-16 23:35:25,731 [grpc-default-executor-0] INFO  client.GrpcClientProtocolClient (GrpcClientProtocolClient.java:onNext(264)) - client-C79DE3E06697->1d6da99a-ba9a-4d72-abd2-d0f1aa02f12f: receive RaftClientReply:client-C79DE3E06697->1d6da99a-ba9a-4d72-abd2-d0f1aa02f12f@group-B29EE812FB58, cid=3548, SUCCESS, logIndex=5343, commits[1d6da99a-ba9a-4d72-abd2-d0f1aa02f12f:c5344, 9dc27687-2024-46ae-8b6e-c9027bfa400e:c5342, 9c9c57da-14dc-454a-b374-789aa5e765a9:c5342]
2019-09-16 23:35:25,731 [grpc-default-executor-0] INFO  client.GrpcClientProtocolClient (GrpcClientProtocolClient.java:onNext(264)) - client-C79DE3E06697->1d6da99a-ba9a-4d72-abd2-d0f1aa02f12f: receive RaftClientReply:client-C79DE3E06697->1d6da99a-ba9a-4d72-abd2-d0f1aa02f12f@group-B29EE812FB58, cid=3549, SUCCESS, logIndex=5344, commits[1d6da99a-ba9a-4d72-abd2-d0f1aa02f12f:c5344, 9dc27687-2024-46ae-8b6e-c9027bfa400e:c5342, 9c9c57da-14dc-454a-b374-789aa5e765a9:c5342]
2019-09-16 23:35:25,745 [grpc-default-executor-0] INFO  client.GrpcClientProtocolClient (GrpcClientProtocolClient.java:onNext(264)) - client-C79DE3E06697->1d6da99a-ba9a-4d72-abd2-d0f1aa02f12f: receive RaftClientReply:client-C79DE3E06697->1d6da99a-ba9a-4d72-abd2-d0f1aa02f12f@group-B29EE812FB58, cid=3550, SUCCESS, logIndex=5347, commits[1d6da99a-ba9a-4d72-abd2-d0f1aa02f12f:c5347, 9dc27687-2024-46ae-8b6e-c9027bfa400e:c5344, 9c9c57da-14dc-454a-b374-789aa5e765a9:c5344]
2019-09-16 23:35:25,746 [grpc-default-executor-0] INFO  client.GrpcClientProtocolClient (GrpcClientProtocolClient.java:onNext(264)) - client-C79DE3E06697->1d6da99a-ba9a-4d72-abd2-d0f1aa02f12f: receive RaftClientReply:client-C79DE3E06697->1d6da99a-ba9a-4d72-abd2-d0f1aa02f12f@group-B29EE812FB58, cid=3551, SUCCESS, logIndex=5348, commits[1d6da99a-ba9a-4d72-abd2-d0f1aa02f12f:c5348, 9dc27687-2024-46ae-8b6e-c9027bfa400e:c5344, 9c9c57da-14dc-454a-b374-789aa5e765a9:c5344]
2019-09-16 23:35:25,760 [grpc-default-executor-0] INFO  client.GrpcClientProtocolClient (GrpcClientProtocolClient.java:onNext(264)) - client-C79DE3E06697->1d6da99a-ba9a-4d72-abd2-d0f1aa02f12f: receive RaftClientReply:client-C79DE3E06697->1d6da99a-ba9a-4d72-abd2-d0f1aa02f12f@group-B29EE812FB58, cid=3552, SUCCESS, logIndex=0, commits[1d6da99a-ba9a-4d72-abd2-d0f1aa02f12f:c5349, 9dc27687-2024-46ae-8b6e-c9027bfa400e:c5348, 9c9c57da-14dc-454a-b374-789aa5e765a9:c5348]
2019-09-16 23:35:25,791 [grpc-default-executor-7] INFO  client.GrpcClientProtocolClient (GrpcClientProtocolClient.java:onNext(264)) - client-C79DE3E06697->1d6da99a-ba9a-4d72-abd2-d0f1aa02f12f: receive RaftClientReply:client-C79DE3E06697->1d6da99a-ba9a-4d72-abd2-d0f1aa02f12f@group-B29EE812FB58, cid=3553, SUCCESS, logIndex=5351, commits[1d6da99a-ba9a-4d72-abd2-d0f1aa02f12f:c5353, 9dc27687-2024-46ae-8b6e-c9027bfa400e:c5350, 9c9c57da-14dc-454a-b374-789aa5e765a9:c5350]
2019-09-16 23:35:25,792 [grpc-default-executor-7] INFO  client.GrpcClientProtocolClient (GrpcClientProtocolClient.java:onNext(264)) - client-C79DE3E06697->1d6da99a-ba9a-4d72-abd2-d0f1aa02f12f: receive RaftClientReply:client-C79DE3E06697->1d6da99a-ba9a-4d72-abd2-d0f1aa02f12f@group-B29EE812FB58, cid=3554, SUCCESS, logIndex=5352, commits[1d6da99a-ba9a-4d72-abd2-d0f1aa02f12f:c5354, 9dc27687-2024-46ae-8b6e-c9027bfa400e:c5350, 9c9c57da-14dc-454a-b374-789aa5e765a9:c5350]
2019-09-16 23:35:25,792 [grpc-default-executor-7] INFO  client.GrpcClientProtocolClient (GrpcClientProtocolClient.java:onNext(264)) - client-C79DE3E06697->1d6da99a-ba9a-4d72-abd2-d0f1aa02f12f: receive RaftClientReply:client-C79DE3E06697->1d6da99a-ba9a-4d72-abd2-d0f1aa02f12f@group-B29EE812FB58, cid=3555, SUCCESS, logIndex=5353, commits[1d6da99a-ba9a-4d72-abd2-d0f1aa02f12f:c5354, 9dc27687-2024-46ae-8b6e-c9027bfa400e:c5350, 9c9c57da-14dc-454a-b374-789aa5e765a9:c5350]
2019-09-16 23:35:25,793 [grpc-default-executor-7] INFO  client.GrpcClientProtocolClient (GrpcClientProtocolClient.java:onNext(264)) - client-C79DE3E06697->1d6da99a-ba9a-4d72-abd2-d0f1aa02f12f: receive RaftClientReply:client-C79DE3E06697->1d6da99a-ba9a-4d72-abd2-d0f1aa02f12f@group-B29EE812FB58, cid=3556, SUCCESS, logIndex=5354, commits[1d6da99a-ba9a-4d72-abd2-d0f1aa02f12f:c5354, 9dc27687-2024-46ae-8b6e-c9027bfa400e:c5350, 9c9c57da-14dc-454a-b374-789aa5e765a9:c5350]
2019-09-16 23:35:25,794 [grpc-default-executor-7] INFO  client.GrpcClientProtocolClient (GrpcClientProtocolClient.java:onNext(264)) - client-C79DE3E06697->1d6da99a-ba9a-4d72-abd2-d0f1aa02f12f: receive RaftClientReply:client-C79DE3E06697->1d6da99a-ba9a-4d72-abd2-d0f1aa02f12f@group-B29EE812FB58, cid=3557, SUCCESS, logIndex=0, commits[1d6da99a-ba9a-4d72-abd2-d0f1aa02f12f:c5356, 9dc27687-2024-46ae-8b6e-c9027bfa400e:c5352, 9c9c57da-14dc-454a-b374-789aa5e765a9:c5352]
2019-09-16 23:35:25,811 [grpc-default-executor-0] INFO  client.GrpcClientProtocolClient (GrpcClientProtocolClient.java:onNext(264)) - client-C79DE3E06697->1d6da99a-ba9a-4d72-abd2-d0f1aa02f12f: receive RaftClientReply:client-C79DE3E06697->1d6da99a-ba9a-4d72-abd2-d0f1aa02f12f@group-B29EE812FB58, cid=3558, SUCCESS, logIndex=5359, commits[1d6da99a-ba9a-4d72-abd2-d0f1aa02f12f:c5360, 9dc27687-2024-46ae-8b6e-c9027bfa400e:c5358, 9c9c57da-14dc-454a-b374-789aa5e765a9:c5358]
2019-09-16 23:35:25,811 [grpc-default-executor-0] INFO  client.GrpcClientProtocolClient (GrpcClientProtocolClient.java:onNext(264)) - client-C79DE3E06697->1d6da99a-ba9a-4d72-abd2-d0f1aa02f12f: receive RaftClientReply:client-C79DE3E06697->1d6da99a-ba9a-4d72-abd2-d0f1aa02f12f@group-B29EE812FB58, cid=3559, SUCCESS, logIndex=5360, commits[1d6da99a-ba9a-4d72-abd2-d0f1aa02f12f:c5360, 9dc27687-2024-46ae-8b6e-c9027bfa400e:c5358, 9c9c57da-14dc-454a-b374-789aa5e765a9:c5358]
2019-09-16 23:35:25,826 [grpc-default-executor-0] INFO  client.GrpcClientProtocolClient (GrpcClientProtocolClient.java:onNext(264)) - client-C79DE3E06697->1d6da99a-ba9a-4d72-abd2-d0f1aa02f12f: receive RaftClientReply:client-C79DE3E06697->1d6da99a-ba9a-4d72-abd2-d0f1aa02f12f@group-B29EE812FB58, cid=3560, SUCCESS, logIndex=5363, commits[1d6da99a-ba9a-4d72-abd2-d0f1aa02f12f:c5364, 9dc27687-2024-46ae-8b6e-c9027bfa400e:c5360, 9c9c57da-14dc-454a-b374-789aa5e765a9:c5360]
2019-09-16 23:35:25,826 [grpc-default-executor-0] INFO  client.GrpcClientProtocolClient (GrpcClientProtocolClient.java:onNext(264)) - client-C79DE3E06697->1d6da99a-ba9a-4d72-abd2-d0f1aa02f12f: receive RaftClientReply:client-C79DE3E06697->1d6da99a-ba9a-4d72-abd2-d0f1aa02f12f@group-B29EE812FB58, cid=3561, SUCCESS, logIndex=5364, commits[1d6da99a-ba9a-4d72-abd2-d0f1aa02f12f:c5364, 9dc27687-2024-46ae-8b6e-c9027bfa400e:c5360, 9c9c57da-14dc-454a-b374-789aa5e765a9:c5360]
2019-09-16 23:35:25,839 [grpc-default-executor-7] INFO  client.GrpcClientProtocolClient (GrpcClientProtocolClient.java:onNext(264)) - client-C79DE3E06697->1d6da99a-ba9a-4d72-abd2-d0f1aa02f12f: receive RaftClientReply:client-C79DE3E06697->1d6da99a-ba9a-4d72-abd2-d0f1aa02f12f@group-B29EE812FB58, cid=3562, SUCCESS, logIndex=0, commits[1d6da99a-ba9a-4d72-abd2-d0f1aa02f12f:c5366, 9dc27687-2024-46ae-8b6e-c9027bfa400e:c5364, 9c9c57da-14dc-454a-b374-789aa5e765a9:c5364]
2019-09-16 23:35:25,874 [grpc-default-executor-0] INFO  client.GrpcClientProtocolClient (GrpcClientProtocolClient.java:onNext(264)) - client-C79DE3E06697->1d6da99a-ba9a-4d72-abd2-d0f1aa02f12f: receive RaftClientReply:client-C79DE3E06697->1d6da99a-ba9a-4d72-abd2-d0f1aa02f12f@group-B29EE812FB58, cid=3563, SUCCESS, logIndex=5367, commits[1d6da99a-ba9a-4d72-abd2-d0f1aa02f12f:c5368, 9dc27687-2024-46ae-8b6e-c9027bfa400e:c5366, 9c9c57da-14dc-454a-b374-789aa5e765a9:c5366]
2019-09-16 23:35:25,874 [grpc-default-executor-0] INFO  client.GrpcClientProtocolClient (GrpcClientProtocolClient.java:onNext(264)) - client-C79DE3E06697->1d6da99a-ba9a-4d72-abd2-d0f1aa02f12f: receive RaftClientReply:client-C79DE3E06697->1d6da99a-ba9a-4d72-abd2-d0f1aa02f12f@group-B29EE812FB58, cid=3564, SUCCESS, logIndex=5368, commits[1d6da99a-ba9a-4d72-abd2-d0f1aa02f12f:c5368, 9dc27687-2024-46ae-8b6e-c9027bfa400e:c5366, 9c9c57da-14dc-454a-b374-789aa5e765a9:c5366]
2019-09-16 23:35:25,875 [grpc-default-executor-1] INFO  client.GrpcClientProtocolClient (GrpcClientProtocolClient.java:onNext(264)) - client-C79DE3E06697->1d6da99a-ba9a-4d72-abd2-d0f1aa02f12f: receive RaftClientReply:client-C79DE3E06697->1d6da99a-ba9a-4d72-abd2-d0f1aa02f12f@group-B29EE812FB58, cid=3565, SUCCESS, logIndex=5369, commits[1d6da99a-ba9a-4d72-abd2-d0f1aa02f12f:c5370, 9dc27687-2024-46ae-8b6e-c9027bfa400e:c5366, 9c9c57da-14dc-454a-b374-789aa5e765a9:c5366]
2019-09-16 23:35:25,876 [grpc-default-executor-1] INFO  client.GrpcClientProtocolClient (GrpcClientProtocolClient.java:onNext(264)) - client-C79DE3E06697->1d6da99a-ba9a-4d72-abd2-d0f1aa02f12f: receive RaftClientReply:client-C79DE3E06697->1d6da99a-ba9a-4d72-abd2-d0f1aa02f12f@group-B29EE812FB58, cid=3566, SUCCESS, logIndex=5370, commits[1d6da99a-ba9a-4d72-abd2-d0f1aa02f12f:c5370, 9dc27687-2024-46ae-8b6e-c9027bfa400e:c5366, 9c9c57da-14dc-454a-b374-789aa5e765a9:c5366]
2019-09-16 23:35:25,878 [grpc-default-executor-1] INFO  client.GrpcClientProtocolClient (GrpcClientProtocolClient.java:onNext(264)) - client-C79DE3E06697->1d6da99a-ba9a-4d72-abd2-d0f1aa02f12f: receive RaftClientReply:client-C79DE3E06697->1d6da99a-ba9a-4d72-abd2-d0f1aa02f12f@group-B29EE812FB58, cid=3567, SUCCESS, logIndex=0, commits[1d6da99a-ba9a-4d72-abd2-d0f1aa02f12f:c5372, 9dc27687-2024-46ae-8b6e-c9027bfa400e:c5368, 9c9c57da-14dc-454a-b374-789aa5e765a9:c5368]
2019-09-16 23:35:25,900 [grpc-default-executor-0] INFO  client.GrpcClientProtocolClient (GrpcClientProtocolClient.java:onNext(264)) - client-C79DE3E06697->1d6da99a-ba9a-4d72-abd2-d0f1aa02f12f: receive RaftClientReply:client-C79DE3E06697->1d6da99a-ba9a-4d72-abd2-d0f1aa02f12f@group-B29EE812FB58, cid=3568, SUCCESS, logIndex=5375, commits[1d6da99a-ba9a-4d72-abd2-d0f1aa02f12f:c5376, 9dc27687-2024-46ae-8b6e-c9027bfa400e:c5374, 9c9c57da-14dc-454a-b374-789aa5e765a9:c5370]
2019-09-16 23:35:25,901 [grpc-default-executor-0] INFO  client.GrpcClientProtocolClient (GrpcClientProtocolClient.java:onNext(264)) - client-C79DE3E06697->1d6da99a-ba9a-4d72-abd2-d0f1aa02f12f: receive RaftClientReply:client-C79DE3E06697->1d6da99a-ba9a-4d72-abd2-d0f1aa02f12f@group-B29EE812FB58, cid=3569, SUCCESS, logIndex=5376, commits[1d6da99a-ba9a-4d72-abd2-d0f1aa02f12f:c5376, 9dc27687-2024-46ae-8b6e-c9027bfa400e:c5374, 9c9c57da-14dc-454a-b374-789aa5e765a9:c5374]
2019-09-16 23:35:25,916 [grpc-default-executor-0] INFO  client.GrpcClientProtocolClient (GrpcClientProtocolClient.java:onNext(264)) - client-C79DE3E06697->1d6da99a-ba9a-4d72-abd2-d0f1aa02f12f: receive RaftClientReply:client-C79DE3E06697->1d6da99a-ba9a-4d72-abd2-d0f1aa02f12f@group-B29EE812FB58, cid=3570, SUCCESS, logIndex=5379, commits[1d6da99a-ba9a-4d72-abd2-d0f1aa02f12f:c5380, 9dc27687-2024-46ae-8b6e-c9027bfa400e:c5376, 9c9c57da-14dc-454a-b374-789aa5e765a9:c5377]
2019-09-16 23:35:25,916 [grpc-default-executor-0] INFO  client.GrpcClientProtocolClient (GrpcClientProtocolClient.java:onNext(264)) - client-C79DE3E06697->1d6da99a-ba9a-4d72-abd2-d0f1aa02f12f: receive RaftClientReply:client-C79DE3E06697->1d6da99a-ba9a-4d72-abd2-d0f1aa02f12f@group-B29EE812FB58, cid=3571, SUCCESS, logIndex=5380, commits[1d6da99a-ba9a-4d72-abd2-d0f1aa02f12f:c5380, 9dc27687-2024-46ae-8b6e-c9027bfa400e:c5377, 9c9c57da-14dc-454a-b374-789aa5e765a9:c5377]
2019-09-16 23:35:25,918 [grpc-default-executor-0] INFO  client.GrpcClientProtocolClient (GrpcClientProtocolClient.java:onNext(264)) - client-C79DE3E06697->1d6da99a-ba9a-4d72-abd2-d0f1aa02f12f: receive RaftClientReply:client-C79DE3E06697->1d6da99a-ba9a-4d72-abd2-d0f1aa02f12f@group-B29EE812FB58, cid=3572, SUCCESS, logIndex=0, commits[1d6da99a-ba9a-4d72-abd2-d0f1aa02f12f:c5381, 9dc27687-2024-46ae-8b6e-c9027bfa400e:c5380, 9c9c57da-14dc-454a-b374-789aa5e765a9:c5380]
2019-09-16 23:35:25,951 [grpc-default-executor-0] INFO  client.GrpcClientProtocolClient (GrpcClientProtocolClient.java:onNext(264)) - client-C79DE3E06697->1d6da99a-ba9a-4d72-abd2-d0f1aa02f12f: receive RaftClientReply:client-C79DE3E06697->1d6da99a-ba9a-4d72-abd2-d0f1aa02f12f@group-B29EE812FB58, cid=3573, SUCCESS, logIndex=5383, commits[1d6da99a-ba9a-4d72-abd2-d0f1aa02f12f:c5384, 9dc27687-2024-46ae-8b6e-c9027bfa400e:c5382, 9c9c57da-14dc-454a-b374-789aa5e765a9:c5382]
2019-09-16 23:35:25,952 [grpc-default-executor-0] INFO  client.GrpcClientProtocolClient (GrpcClientProtocolClient.java:onNext(264)) - client-C79DE3E06697->1d6da99a-ba9a-4d72-abd2-d0f1aa02f12f: receive RaftClientReply:client-C79DE3E06697->1d6da99a-ba9a-4d72-abd2-d0f1aa02f12f@group-B29EE812FB58, cid=3574, SUCCESS, logIndex=5384, commits[1d6da99a-ba9a-4d72-abd2-d0f1aa02f12f:c5386, 9dc27687-2024-46ae-8b6e-c9027bfa400e:c5382, 9c9c57da-14dc-454a-b374-789aa5e765a9:c5382]
2019-09-16 23:35:25,952 [grpc-default-executor-0] INFO  client.GrpcClientProtocolClient (GrpcClientProtocolClient.java:onNext(264)) - client-C79DE3E06697->1d6da99a-ba9a-4d72-abd2-d0f1aa02f12f: receive RaftClientReply:client-C79DE3E06697->1d6da99a-ba9a-4d72-abd2-d0f1aa02f12f@group-B29EE812FB58, cid=3575, SUCCESS, logIndex=5385, commits[1d6da99a-ba9a-4d72-abd2-d0f1aa02f12f:c5386, 9dc27687-2024-46ae-8b6e-c9027bfa400e:c5382, 9c9c57da-14dc-454a-b374-789aa5e765a9:c5382]
2019-09-16 23:35:25,952 [grpc-default-executor-7] INFO  client.GrpcClientProtocolClient (GrpcClientProtocolClient.java:onNext(264)) - client-C79DE3E06697->1d6da99a-ba9a-4d72-abd2-d0f1aa02f12f: receive RaftClientReply:client-C79DE3E06697->1d6da99a-ba9a-4d72-abd2-d0f1aa02f12f@group-B29EE812FB58, cid=3576, SUCCESS, logIndex=5386, commits[1d6da99a-ba9a-4d72-abd2-d0f1aa02f12f:c5386, 9dc27687-2024-46ae-8b6e-c9027bfa400e:c5382, 9c9c57da-14dc-454a-b374-789aa5e765a9:c5382]
2019-09-16 23:35:25,953 [grpc-default-executor-7] INFO  client.GrpcClientProtocolClient (GrpcClientProtocolClient.java:onNext(264)) - client-C79DE3E06697->1d6da99a-ba9a-4d72-abd2-d0f1aa02f12f: receive RaftClientReply:client-C79DE3E06697->1d6da99a-ba9a-4d72-abd2-d0f1aa02f12f@group-B29EE812FB58, cid=3577, SUCCESS, logIndex=0, commits[1d6da99a-ba9a-4d72-abd2-d0f1aa02f12f:c5388, 9dc27687-2024-46ae-8b6e-c9027bfa400e:c5384, 9c9c57da-14dc-454a-b374-789aa5e765a9:c5384]
 0.00% |█                                                                                                    |  0/1 Time: 0:00:432019-09-16 23:35:25,972 [grpc-default-executor-0] INFO  client.GrpcClientProtocolClient (GrpcClientProtocolClient.java:onNext(264)) - client-C79DE3E06697->1d6da99a-ba9a-4d72-abd2-d0f1aa02f12f: receive RaftClientReply:client-C79DE3E06697->1d6da99a-ba9a-4d72-abd2-d0f1aa02f12f@group-B29EE812FB58, cid=3578, SUCCESS, logIndex=5391, commits[1d6da99a-ba9a-4d72-abd2-d0f1aa02f12f:c5392, 9dc27687-2024-46ae-8b6e-c9027bfa400e:c5390, 9c9c57da-14dc-454a-b374-789aa5e765a9:c5390]
2019-09-16 23:35:25,973 [grpc-default-executor-0] INFO  client.GrpcClientProtocolClient (GrpcClientProtocolClient.java:onNext(264)) - client-C79DE3E06697->1d6da99a-ba9a-4d72-abd2-d0f1aa02f12f: receive RaftClientReply:client-C79DE3E06697->1d6da99a-ba9a-4d72-abd2-d0f1aa02f12f@group-B29EE812FB58, cid=3579, SUCCESS, logIndex=5392, commits[1d6da99a-ba9a-4d72-abd2-d0f1aa02f12f:c5392, 9dc27687-2024-46ae-8b6e-c9027bfa400e:c5390, 9c9c57da-14dc-454a-b374-789aa5e765a9:c5390]
2019-09-16 23:35:25,987 [grpc-default-executor-7] INFO  client.GrpcClientProtocolClient (GrpcClientProtocolClient.java:onNext(264)) - client-C79DE3E06697->1d6da99a-ba9a-4d72-abd2-d0f1aa02f12f: receive RaftClientReply:client-C79DE3E06697->1d6da99a-ba9a-4d72-abd2-d0f1aa02f12f@group-B29EE812FB58, cid=3580, SUCCESS, logIndex=5395, commits[1d6da99a-ba9a-4d72-abd2-d0f1aa02f12f:c5395, 9dc27687-2024-46ae-8b6e-c9027bfa400e:c5392, 9c9c57da-14dc-454a-b374-789aa5e765a9:c5392]
2019-09-16 23:35:25,988 [grpc-default-executor-7] INFO  client.GrpcClientProtocolClient (GrpcClientProtocolClient.java:onNext(264)) - client-C79DE3E06697->1d6da99a-ba9a-4d72-abd2-d0f1aa02f12f: receive RaftClientReply:client-C79DE3E06697->1d6da99a-ba9a-4d72-abd2-d0f1aa02f12f@group-B29EE812FB58, cid=3581, SUCCESS, logIndex=5396, commits[1d6da99a-ba9a-4d72-abd2-d0f1aa02f12f:c5396, 9dc27687-2024-46ae-8b6e-c9027bfa400e:c5392, 9c9c57da-14dc-454a-b374-789aa5e765a9:c5392]
2019-09-16 23:35:26,002 [grpc-default-executor-7] INFO  client.GrpcClientProtocolClient (GrpcClientProtocolClient.java:onNext(264)) - client-C79DE3E06697->1d6da99a-ba9a-4d72-abd2-d0f1aa02f12f: receive RaftClientReply:client-C79DE3E06697->1d6da99a-ba9a-4d72-abd2-d0f1aa02f12f@group-B29EE812FB58, cid=3582, SUCCESS, logIndex=0, commits[1d6da99a-ba9a-4d72-abd2-d0f1aa02f12f:c5398, 9dc27687-2024-46ae-8b6e-c9027bfa400e:c5396, 9c9c57da-14dc-454a-b374-789aa5e765a9:c5396]
2019-09-16 23:35:26,029 [grpc-default-executor-1] INFO  client.GrpcClientProtocolClient (GrpcClientProtocolClient.java:onNext(264)) - client-C79DE3E06697->1d6da99a-ba9a-4d72-abd2-d0f1aa02f12f: receive RaftClientReply:client-C79DE3E06697->1d6da99a-ba9a-4d72-abd2-d0f1aa02f12f@group-B29EE812FB58, cid=3583, SUCCESS, logIndex=5399, commits[1d6da99a-ba9a-4d72-abd2-d0f1aa02f12f:c5400, 9dc27687-2024-46ae-8b6e-c9027bfa400e:c5398, 9c9c57da-14dc-454a-b374-789aa5e765a9:c5398]
2019-09-16 23:35:26,030 [grpc-default-executor-1] INFO  client.GrpcClientProtocolClient (GrpcClientProtocolClient.java:onNext(264)) - client-C79DE3E06697->1d6da99a-ba9a-4d72-abd2-d0f1aa02f12f: receive RaftClientReply:client-C79DE3E06697->1d6da99a-ba9a-4d72-abd2-d0f1aa02f12f@group-B29EE812FB58, cid=3584, SUCCESS, logIndex=5400, commits[1d6da99a-ba9a-4d72-abd2-d0f1aa02f12f:c5400, 9dc27687-2024-46ae-8b6e-c9027bfa400e:c5398, 9c9c57da-14dc-454a-b374-789aa5e765a9:c5398]
2019-09-16 23:35:26,032 [grpc-default-executor-1] INFO  client.GrpcClientProtocolClient (GrpcClientProtocolClient.java:onNext(264)) - client-C79DE3E06697->1d6da99a-ba9a-4d72-abd2-d0f1aa02f12f: receive RaftClientReply:client-C79DE3E06697->1d6da99a-ba9a-4d72-abd2-d0f1aa02f12f@group-B29EE812FB58, cid=3585, SUCCESS, logIndex=5401, commits[1d6da99a-ba9a-4d72-abd2-d0f1aa02f12f:c5402, 9dc27687-2024-46ae-8b6e-c9027bfa400e:c5398, 9c9c57da-14dc-454a-b374-789aa5e765a9:c5398]
2019-09-16 23:35:26,032 [grpc-default-executor-1] INFO  client.GrpcClientProtocolClient (GrpcClientProtocolClient.java:onNext(264)) - client-C79DE3E06697->1d6da99a-ba9a-4d72-abd2-d0f1aa02f12f: receive RaftClientReply:client-C79DE3E06697->1d6da99a-ba9a-4d72-abd2-d0f1aa02f12f@group-B29EE812FB58, cid=3586, SUCCESS, logIndex=5402, commits[1d6da99a-ba9a-4d72-abd2-d0f1aa02f12f:c5402, 9dc27687-2024-46ae-8b6e-c9027bfa400e:c5398, 9c9c57da-14dc-454a-b374-789aa5e765a9:c5398]
2019-09-16 23:35:26,043 [grpc-default-executor-1] INFO  client.GrpcClientProtocolClient (GrpcClientProtocolClient.java:onNext(264)) - client-C79DE3E06697->1d6da99a-ba9a-4d72-abd2-d0f1aa02f12f: receive RaftClientReply:client-C79DE3E06697->1d6da99a-ba9a-4d72-abd2-d0f1aa02f12f@group-B29EE812FB58, cid=3587, SUCCESS, logIndex=0, commits[1d6da99a-ba9a-4d72-abd2-d0f1aa02f12f:c5404, 9dc27687-2024-46ae-8b6e-c9027bfa400e:c5400, 9c9c57da-14dc-454a-b374-789aa5e765a9:c5400]
2019-09-16 23:35:26,062 [grpc-default-executor-0] INFO  client.GrpcClientProtocolClient (GrpcClientProtocolClient.java:onNext(264)) - client-C79DE3E06697->1d6da99a-ba9a-4d72-abd2-d0f1aa02f12f: receive RaftClientReply:client-C79DE3E06697->1d6da99a-ba9a-4d72-abd2-d0f1aa02f12f@group-B29EE812FB58, cid=3588, SUCCESS, logIndex=5407, commits[1d6da99a-ba9a-4d72-abd2-d0f1aa02f12f:c5408, 9dc27687-2024-46ae-8b6e-c9027bfa400e:c5402, 9c9c57da-14dc-454a-b374-789aa5e765a9:c5406]
2019-09-16 23:35:26,062 [grpc-default-executor-0] INFO  client.GrpcClientProtocolClient (GrpcClientProtocolClient.java:onNext(264)) - client-C79DE3E06697->1d6da99a-ba9a-4d72-abd2-d0f1aa02f12f: receive RaftClientReply:client-C79DE3E06697->1d6da99a-ba9a-4d72-abd2-d0f1aa02f12f@group-B29EE812FB58, cid=3589, SUCCESS, logIndex=5408, commits[1d6da99a-ba9a-4d72-abd2-d0f1aa02f12f:c5408, 9dc27687-2024-46ae-8b6e-c9027bfa400e:c5406, 9c9c57da-14dc-454a-b374-789aa5e765a9:c5406]
2019-09-16 23:35:26,075 [grpc-default-executor-0] INFO  client.GrpcClientProtocolClient (GrpcClientProtocolClient.java:onNext(264)) - client-C79DE3E06697->1d6da99a-ba9a-4d72-abd2-d0f1aa02f12f: receive RaftClientReply:client-C79DE3E06697->1d6da99a-ba9a-4d72-abd2-d0f1aa02f12f@group-B29EE812FB58, cid=3590, SUCCESS, logIndex=5411, commits[1d6da99a-ba9a-4d72-abd2-d0f1aa02f12f:c5412, 9dc27687-2024-46ae-8b6e-c9027bfa400e:c5408, 9c9c57da-14dc-454a-b374-789aa5e765a9:c5408]
2019-09-16 23:35:26,076 [grpc-default-executor-0] INFO  client.GrpcClientProtocolClient (GrpcClientProtocolClient.java:onNext(264)) - client-C79DE3E06697->1d6da99a-ba9a-4d72-abd2-d0f1aa02f12f: receive RaftClientReply:client-C79DE3E06697->1d6da99a-ba9a-4d72-abd2-d0f1aa02f12f@group-B29EE812FB58, cid=3591, SUCCESS, logIndex=5412, commits[1d6da99a-ba9a-4d72-abd2-d0f1aa02f12f:c5412, 9dc27687-2024-46ae-8b6e-c9027bfa400e:c5408, 9c9c57da-14dc-454a-b374-789aa5e765a9:c5408]
2019-09-16 23:35:26,088 [grpc-default-executor-0] INFO  client.GrpcClientProtocolClient (GrpcClientProtocolClient.java:onNext(264)) - client-C79DE3E06697->1d6da99a-ba9a-4d72-abd2-d0f1aa02f12f: receive RaftClientReply:client-C79DE3E06697->1d6da99a-ba9a-4d72-abd2-d0f1aa02f12f@group-B29EE812FB58, cid=3592, SUCCESS, logIndex=0, commits[1d6da99a-ba9a-4d72-abd2-d0f1aa02f12f:c5414, 9dc27687-2024-46ae-8b6e-c9027bfa400e:c5412, 9c9c57da-14dc-454a-b374-789aa5e765a9:c5412]
2019-09-16 23:35:26,224 [grpc-default-executor-7] INFO  client.GrpcClientProtocolClient (GrpcClientProtocolClient.java:onNext(264)) - client-C79DE3E06697->1d6da99a-ba9a-4d72-abd2-d0f1aa02f12f: receive RaftClientReply:client-C79DE3E06697->1d6da99a-ba9a-4d72-abd2-d0f1aa02f12f@group-B29EE812FB58, cid=3593, SUCCESS, logIndex=5415, commits[1d6da99a-ba9a-4d72-abd2-d0f1aa02f12f:c5416, 9dc27687-2024-46ae-8b6e-c9027bfa400e:c5414, 9c9c57da-14dc-454a-b374-789aa5e765a9:c5414]
2019-09-16 23:35:26,224 [grpc-default-executor-7] INFO  client.GrpcClientProtocolClient (GrpcClientProtocolClient.java:onNext(264)) - client-C79DE3E06697->1d6da99a-ba9a-4d72-abd2-d0f1aa02f12f: receive RaftClientReply:client-C79DE3E06697->1d6da99a-ba9a-4d72-abd2-d0f1aa02f12f@group-B29EE812FB58, cid=3594, SUCCESS, logIndex=5416, commits[1d6da99a-ba9a-4d72-abd2-d0f1aa02f12f:c5416, 9dc27687-2024-46ae-8b6e-c9027bfa400e:c5414, 9c9c57da-14dc-454a-b374-789aa5e765a9:c5414]
2019-09-16 23:35:26,225 [grpc-default-executor-7] INFO  client.GrpcClientProtocolClient (GrpcClientProtocolClient.java:onNext(264)) - client-C79DE3E06697->1d6da99a-ba9a-4d72-abd2-d0f1aa02f12f: receive RaftClientReply:client-C79DE3E06697->1d6da99a-ba9a-4d72-abd2-d0f1aa02f12f@group-B29EE812FB58, cid=3595, SUCCESS, logIndex=5417, commits[1d6da99a-ba9a-4d72-abd2-d0f1aa02f12f:c5418, 9dc27687-2024-46ae-8b6e-c9027bfa400e:c5414, 9c9c57da-14dc-454a-b374-789aa5e765a9:c5414]
2019-09-16 23:35:26,225 [grpc-default-executor-7] INFO  client.GrpcClientProtocolClient (GrpcClientProtocolClient.java:onNext(264)) - client-C79DE3E06697->1d6da99a-ba9a-4d72-abd2-d0f1aa02f12f: receive RaftClientReply:client-C79DE3E06697->1d6da99a-ba9a-4d72-abd2-d0f1aa02f12f@group-B29EE812FB58, cid=3596, SUCCESS, logIndex=5418, commits[1d6da99a-ba9a-4d72-abd2-d0f1aa02f12f:c5418, 9dc27687-2024-46ae-8b6e-c9027bfa400e:c5414, 9c9c57da-14dc-454a-b374-789aa5e765a9:c5414]
2019-09-16 23:35:26,226 [grpc-default-executor-7] INFO  client.GrpcClientProtocolClient (GrpcClientProtocolClient.java:onNext(264)) - client-C79DE3E06697->1d6da99a-ba9a-4d72-abd2-d0f1aa02f12f: receive RaftClientReply:client-C79DE3E06697->1d6da99a-ba9a-4d72-abd2-d0f1aa02f12f@group-B29EE812FB58, cid=3597, SUCCESS, logIndex=0, commits[1d6da99a-ba9a-4d72-abd2-d0f1aa02f12f:c5420, 9dc27687-2024-46ae-8b6e-c9027bfa400e:c5416, 9c9c57da-14dc-454a-b374-789aa5e765a9:c5416]
2019-09-16 23:35:26,249 [grpc-default-executor-7] INFO  client.GrpcClientProtocolClient (GrpcClientProtocolClient.java:onNext(264)) - client-C79DE3E06697->1d6da99a-ba9a-4d72-abd2-d0f1aa02f12f: receive RaftClientReply:client-C79DE3E06697->1d6da99a-ba9a-4d72-abd2-d0f1aa02f12f@group-B29EE812FB58, cid=3598, SUCCESS, logIndex=5422, commits[1d6da99a-ba9a-4d72-abd2-d0f1aa02f12f:c5422, 9dc27687-2024-46ae-8b6e-c9027bfa400e:c5420, 9c9c57da-14dc-454a-b374-789aa5e765a9:c5420]
2019-09-16 23:35:26,250 [grpc-default-executor-7] INFO  client.GrpcClientProtocolClient (GrpcClientProtocolClient.java:onNext(264)) - client-C79DE3E06697->1d6da99a-ba9a-4d72-abd2-d0f1aa02f12f: receive RaftClientReply:client-C79DE3E06697->1d6da99a-ba9a-4d72-abd2-d0f1aa02f12f@group-B29EE812FB58, cid=3599, SUCCESS, logIndex=5423, commits[1d6da99a-ba9a-4d72-abd2-d0f1aa02f12f:c5423, 9dc27687-2024-46ae-8b6e-c9027bfa400e:c5420, 9c9c57da-14dc-454a-b374-789aa5e765a9:c5420]
2019-09-16 23:35:26,266 [grpc-default-executor-0] INFO  client.GrpcClientProtocolClient (GrpcClientProtocolClient.java:onNext(264)) - client-C79DE3E06697->1d6da99a-ba9a-4d72-abd2-d0f1aa02f12f: receive RaftClientReply:client-C79DE3E06697->1d6da99a-ba9a-4d72-abd2-d0f1aa02f12f@group-B29EE812FB58, cid=3600, SUCCESS, logIndex=5426, commits[1d6da99a-ba9a-4d72-abd2-d0f1aa02f12f:c5427, 9dc27687-2024-46ae-8b6e-c9027bfa400e:c5423, 9c9c57da-14dc-454a-b374-789aa5e765a9:c5425]
2019-09-16 23:35:26,266 [grpc-default-executor-0] INFO  client.GrpcClientProtocolClient (GrpcClientProtocolClient.java:onNext(264)) - client-C79DE3E06697->1d6da99a-ba9a-4d72-abd2-d0f1aa02f12f: receive RaftClientReply:client-C79DE3E06697->1d6da99a-ba9a-4d72-abd2-d0f1aa02f12f@group-B29EE812FB58, cid=3601, SUCCESS, logIndex=5427, commits[1d6da99a-ba9a-4d72-abd2-d0f1aa02f12f:c5427, 9dc27687-2024-46ae-8b6e-c9027bfa400e:c5425, 9c9c57da-14dc-454a-b374-789aa5e765a9:c5425]
2019-09-16 23:35:26,278 [grpc-default-executor-1] INFO  client.GrpcClientProtocolClient (GrpcClientProtocolClient.java:onNext(264)) - client-C79DE3E06697->1d6da99a-ba9a-4d72-abd2-d0f1aa02f12f: receive RaftClientReply:client-C79DE3E06697->1d6da99a-ba9a-4d72-abd2-d0f1aa02f12f@group-B29EE812FB58, cid=3602, SUCCESS, logIndex=0, commits[1d6da99a-ba9a-4d72-abd2-d0f1aa02f12f:c5428, 9dc27687-2024-46ae-8b6e-c9027bfa400e:c5427, 9c9c57da-14dc-454a-b374-789aa5e765a9:c5427]
2019-09-16 23:35:26,313 [grpc-default-executor-7] INFO  client.GrpcClientProtocolClient (GrpcClientProtocolClient.java:onNext(264)) - client-C79DE3E06697->1d6da99a-ba9a-4d72-abd2-d0f1aa02f12f: receive RaftClientReply:client-C79DE3E06697->1d6da99a-ba9a-4d72-abd2-d0f1aa02f12f@group-B29EE812FB58, cid=3603, SUCCESS, logIndex=5430, commits[1d6da99a-ba9a-4d72-abd2-d0f1aa02f12f:c5431, 9dc27687-2024-46ae-8b6e-c9027bfa400e:c5427, 9c9c57da-14dc-454a-b374-789aa5e765a9:c5429]
2019-09-16 23:35:26,314 [grpc-default-executor-7] INFO  client.GrpcClientProtocolClient (GrpcClientProtocolClient.java:onNext(264)) - client-C79DE3E06697->1d6da99a-ba9a-4d72-abd2-d0f1aa02f12f: receive RaftClientReply:client-C79DE3E06697->1d6da99a-ba9a-4d72-abd2-d0f1aa02f12f@group-B29EE812FB58, cid=3604, SUCCESS, logIndex=5431, commits[1d6da99a-ba9a-4d72-abd2-d0f1aa02f12f:c5431, 9dc27687-2024-46ae-8b6e-c9027bfa400e:c5427, 9c9c57da-14dc-454a-b374-789aa5e765a9:c5429]
2019-09-16 23:35:26,314 [grpc-default-executor-7] INFO  client.GrpcClientProtocolClient (GrpcClientProtocolClient.java:onNext(264)) - client-C79DE3E06697->1d6da99a-ba9a-4d72-abd2-d0f1aa02f12f: receive RaftClientReply:client-C79DE3E06697->1d6da99a-ba9a-4d72-abd2-d0f1aa02f12f@group-B29EE812FB58, cid=3605, SUCCESS, logIndex=5432, commits[1d6da99a-ba9a-4d72-abd2-d0f1aa02f12f:c5433, 9dc27687-2024-46ae-8b6e-c9027bfa400e:c5429, 9c9c57da-14dc-454a-b374-789aa5e765a9:c5429]
2019-09-16 23:35:26,314 [grpc-default-executor-7] INFO  client.GrpcClientProtocolClient (GrpcClientProtocolClient.java:onNext(264)) - client-C79DE3E06697->1d6da99a-ba9a-4d72-abd2-d0f1aa02f12f: receive RaftClientReply:client-C79DE3E06697->1d6da99a-ba9a-4d72-abd2-d0f1aa02f12f@group-B29EE812FB58, cid=3606, SUCCESS, logIndex=5433, commits[1d6da99a-ba9a-4d72-abd2-d0f1aa02f12f:c5433, 9dc27687-2024-46ae-8b6e-c9027bfa400e:c5429, 9c9c57da-14dc-454a-b374-789aa5e765a9:c5429]
2019-09-16 23:35:26,326 [grpc-default-executor-0] INFO  client.GrpcClientProtocolClient (GrpcClientProtocolClient.java:onNext(264)) - client-C79DE3E06697->1d6da99a-ba9a-4d72-abd2-d0f1aa02f12f: receive RaftClientReply:client-C79DE3E06697->1d6da99a-ba9a-4d72-abd2-d0f1aa02f12f@group-B29EE812FB58, cid=3607, SUCCESS, logIndex=0, commits[1d6da99a-ba9a-4d72-abd2-d0f1aa02f12f:c5434, 9dc27687-2024-46ae-8b6e-c9027bfa400e:c5431, 9c9c57da-14dc-454a-b374-789aa5e765a9:c5431]
2019-09-16 23:35:26,381 [grpc-default-executor-1] INFO  client.GrpcClientProtocolClient (GrpcClientProtocolClient.java:onNext(264)) - client-C79DE3E06697->1d6da99a-ba9a-4d72-abd2-d0f1aa02f12f: receive RaftClientReply:client-C79DE3E06697->1d6da99a-ba9a-4d72-abd2-d0f1aa02f12f@group-B29EE812FB58, cid=3608, SUCCESS, logIndex=5438, commits[1d6da99a-ba9a-4d72-abd2-d0f1aa02f12f:c5439, 9dc27687-2024-46ae-8b6e-c9027bfa400e:c5437, 9c9c57da-14dc-454a-b374-789aa5e765a9:c5437]
2019-09-16 23:35:26,381 [grpc-default-executor-1] INFO  client.GrpcClientProtocolClient (GrpcClientProtocolClient.java:onNext(264)) - client-C79DE3E06697->1d6da99a-ba9a-4d72-abd2-d0f1aa02f12f: receive RaftClientReply:client-C79DE3E06697->1d6da99a-ba9a-4d72-abd2-d0f1aa02f12f@group-B29EE812FB58, cid=3609, SUCCESS, logIndex=5439, commits[1d6da99a-ba9a-4d72-abd2-d0f1aa02f12f:c5439, 9dc27687-2024-46ae-8b6e-c9027bfa400e:c5437, 9c9c57da-14dc-454a-b374-789aa5e765a9:c5437]
2019-09-16 23:35:26,395 [grpc-default-executor-7] INFO  client.GrpcClientProtocolClient (GrpcClientProtocolClient.java:onNext(264)) - client-C79DE3E06697->1d6da99a-ba9a-4d72-abd2-d0f1aa02f12f: receive RaftClientReply:client-C79DE3E06697->1d6da99a-ba9a-4d72-abd2-d0f1aa02f12f@group-B29EE812FB58, cid=3610, SUCCESS, logIndex=5442, commits[1d6da99a-ba9a-4d72-abd2-d0f1aa02f12f:c5443, 9dc27687-2024-46ae-8b6e-c9027bfa400e:c5439, 9c9c57da-14dc-454a-b374-789aa5e765a9:c5439]
2019-09-16 23:35:26,395 [grpc-default-executor-7] INFO  client.GrpcClientProtocolClient (GrpcClientProtocolClient.java:onNext(264)) - client-C79DE3E06697->1d6da99a-ba9a-4d72-abd2-d0f1aa02f12f: receive RaftClientReply:client-C79DE3E06697->1d6da99a-ba9a-4d72-abd2-d0f1aa02f12f@group-B29EE812FB58, cid=3611, SUCCESS, logIndex=5443, commits[1d6da99a-ba9a-4d72-abd2-d0f1aa02f12f:c5443, 9dc27687-2024-46ae-8b6e-c9027bfa400e:c5439, 9c9c57da-14dc-454a-b374-789aa5e765a9:c5439]
2019-09-16 23:35:26,399 [grpc-default-executor-7] INFO  client.GrpcClientProtocolClient (GrpcClientProtocolClient.java:onNext(264)) - client-C79DE3E06697->1d6da99a-ba9a-4d72-abd2-d0f1aa02f12f: receive RaftClientReply:client-C79DE3E06697->1d6da99a-ba9a-4d72-abd2-d0f1aa02f12f@group-B29EE812FB58, cid=3612, SUCCESS, logIndex=0, commits[1d6da99a-ba9a-4d72-abd2-d0f1aa02f12f:c5445, 9dc27687-2024-46ae-8b6e-c9027bfa400e:c5443, 9c9c57da-14dc-454a-b374-789aa5e765a9:c5443]
2019-09-16 23:35:26,431 [grpc-default-executor-7] INFO  client.GrpcClientProtocolClient (GrpcClientProtocolClient.java:onNext(264)) - client-C79DE3E06697->1d6da99a-ba9a-4d72-abd2-d0f1aa02f12f: receive RaftClientReply:client-C79DE3E06697->1d6da99a-ba9a-4d72-abd2-d0f1aa02f12f@group-B29EE812FB58, cid=3613, SUCCESS, logIndex=5446, commits[1d6da99a-ba9a-4d72-abd2-d0f1aa02f12f:c5447, 9dc27687-2024-46ae-8b6e-c9027bfa400e:c5445, 9c9c57da-14dc-454a-b374-789aa5e765a9:c5445]
2019-09-16 23:35:26,432 [grpc-default-executor-7] INFO  client.GrpcClientProtocolClient (GrpcClientProtocolClient.java:onNext(264)) - client-C79DE3E06697->1d6da99a-ba9a-4d72-abd2-d0f1aa02f12f: receive RaftClientReply:client-C79DE3E06697->1d6da99a-ba9a-4d72-abd2-d0f1aa02f12f@group-B29EE812FB58, cid=3614, SUCCESS, logIndex=5447, commits[1d6da99a-ba9a-4d72-abd2-d0f1aa02f12f:c5447, 9dc27687-2024-46ae-8b6e-c9027bfa400e:c5445, 9c9c57da-14dc-454a-b374-789aa5e765a9:c5445]
2019-09-16 23:35:26,432 [grpc-default-executor-1] INFO  client.GrpcClientProtocolClient (GrpcClientProtocolClient.java:onNext(264)) - client-C79DE3E06697->1d6da99a-ba9a-4d72-abd2-d0f1aa02f12f: receive RaftClientReply:client-C79DE3E06697->1d6da99a-ba9a-4d72-abd2-d0f1aa02f12f@group-B29EE812FB58, cid=3615, SUCCESS, logIndex=5448, commits[1d6da99a-ba9a-4d72-abd2-d0f1aa02f12f:c5449, 9dc27687-2024-46ae-8b6e-c9027bfa400e:c5445, 9c9c57da-14dc-454a-b374-789aa5e765a9:c5445]
2019-09-16 23:35:26,432 [grpc-default-executor-1] INFO  client.GrpcClientProtocolClient (GrpcClientProtocolClient.java:onNext(264)) - client-C79DE3E06697->1d6da99a-ba9a-4d72-abd2-d0f1aa02f12f: receive RaftClientReply:client-C79DE3E06697->1d6da99a-ba9a-4d72-abd2-d0f1aa02f12f@group-B29EE812FB58, cid=3616, SUCCESS, logIndex=5449, commits[1d6da99a-ba9a-4d72-abd2-d0f1aa02f12f:c5449, 9dc27687-2024-46ae-8b6e-c9027bfa400e:c5445, 9c9c57da-14dc-454a-b374-789aa5e765a9:c5445]
2019-09-16 23:35:26,434 [grpc-default-executor-1] INFO  client.GrpcClientProtocolClient (GrpcClientProtocolClient.java:onNext(264)) - client-C79DE3E06697->1d6da99a-ba9a-4d72-abd2-d0f1aa02f12f: receive RaftClientReply:client-C79DE3E06697->1d6da99a-ba9a-4d72-abd2-d0f1aa02f12f@group-B29EE812FB58, cid=3617, SUCCESS, logIndex=0, commits[1d6da99a-ba9a-4d72-abd2-d0f1aa02f12f:c5451, 9dc27687-2024-46ae-8b6e-c9027bfa400e:c5447, 9c9c57da-14dc-454a-b374-789aa5e765a9:c5447]
2019-09-16 23:35:26,451 [grpc-default-executor-7] INFO  client.GrpcClientProtocolClient (GrpcClientProtocolClient.java:onNext(264)) - client-C79DE3E06697->1d6da99a-ba9a-4d72-abd2-d0f1aa02f12f: receive RaftClientReply:client-C79DE3E06697->1d6da99a-ba9a-4d72-abd2-d0f1aa02f12f@group-B29EE812FB58, cid=3618, SUCCESS, logIndex=5454, commits[1d6da99a-ba9a-4d72-abd2-d0f1aa02f12f:c5455, 9dc27687-2024-46ae-8b6e-c9027bfa400e:c5453, 9c9c57da-14dc-454a-b374-789aa5e765a9:c5453]
2019-09-16 23:35:26,451 [grpc-default-executor-7] INFO  client.GrpcClientProtocolClient (GrpcClientProtocolClient.java:onNext(264)) - client-C79DE3E06697->1d6da99a-ba9a-4d72-abd2-d0f1aa02f12f: receive RaftClientReply:client-C79DE3E06697->1d6da99a-ba9a-4d72-abd2-d0f1aa02f12f@group-B29EE812FB58, cid=3619, SUCCESS, logIndex=5455, commits[1d6da99a-ba9a-4d72-abd2-d0f1aa02f12f:c5455, 9dc27687-2024-46ae-8b6e-c9027bfa400e:c5453, 9c9c57da-14dc-454a-b374-789aa5e765a9:c5453]
2019-09-16 23:35:26,472 [grpc-default-executor-0] INFO  client.GrpcClientProtocolClient (GrpcClientProtocolClient.java:onNext(264)) - client-C79DE3E06697->1d6da99a-ba9a-4d72-abd2-d0f1aa02f12f: receive RaftClientReply:client-C79DE3E06697->1d6da99a-ba9a-4d72-abd2-d0f1aa02f12f@group-B29EE812FB58, cid=3620, SUCCESS, logIndex=5458, commits[1d6da99a-ba9a-4d72-abd2-d0f1aa02f12f:c5459, 9dc27687-2024-46ae-8b6e-c9027bfa400e:c5457, 9c9c57da-14dc-454a-b374-789aa5e765a9:c5457]
2019-09-16 23:35:26,472 [grpc-default-executor-0] INFO  client.GrpcClientProtocolClient (GrpcClientProtocolClient.java:onNext(264)) - client-C79DE3E06697->1d6da99a-ba9a-4d72-abd2-d0f1aa02f12f: receive RaftClientReply:client-C79DE3E06697->1d6da99a-ba9a-4d72-abd2-d0f1aa02f12f@group-B29EE812FB58, cid=3621, SUCCESS, logIndex=5459, commits[1d6da99a-ba9a-4d72-abd2-d0f1aa02f12f:c5459, 9dc27687-2024-46ae-8b6e-c9027bfa400e:c5457, 9c9c57da-14dc-454a-b374-789aa5e765a9:c5457]
2019-09-16 23:35:26,487 [grpc-default-executor-0] INFO  client.GrpcClientProtocolClient (GrpcClientProtocolClient.java:onNext(264)) - client-C79DE3E06697->1d6da99a-ba9a-4d72-abd2-d0f1aa02f12f: receive RaftClientReply:client-C79DE3E06697->1d6da99a-ba9a-4d72-abd2-d0f1aa02f12f@group-B29EE812FB58, cid=3622, SUCCESS, logIndex=0, commits[1d6da99a-ba9a-4d72-abd2-d0f1aa02f12f:c5461, 9dc27687-2024-46ae-8b6e-c9027bfa400e:c5459, 9c9c57da-14dc-454a-b374-789aa5e765a9:c5459]
2019-09-16 23:35:26,519 [grpc-default-executor-0] INFO  client.GrpcClientProtocolClient (GrpcClientProtocolClient.java:onNext(264)) - client-C79DE3E06697->1d6da99a-ba9a-4d72-abd2-d0f1aa02f12f: receive RaftClientReply:client-C79DE3E06697->1d6da99a-ba9a-4d72-abd2-d0f1aa02f12f@group-B29EE812FB58, cid=3623, SUCCESS, logIndex=5462, commits[1d6da99a-ba9a-4d72-abd2-d0f1aa02f12f:c5463, 9dc27687-2024-46ae-8b6e-c9027bfa400e:c5461, 9c9c57da-14dc-454a-b374-789aa5e765a9:c5461]
2019-09-16 23:35:26,519 [grpc-default-executor-0] INFO  client.GrpcClientProtocolClient (GrpcClientProtocolClient.java:onNext(264)) - client-C79DE3E06697->1d6da99a-ba9a-4d72-abd2-d0f1aa02f12f: receive RaftClientReply:client-C79DE3E06697->1d6da99a-ba9a-4d72-abd2-d0f1aa02f12f@group-B29EE812FB58, cid=3624, SUCCESS, logIndex=5463, commits[1d6da99a-ba9a-4d72-abd2-d0f1aa02f12f:c5463, 9dc27687-2024-46ae-8b6e-c9027bfa400e:c5461, 9c9c57da-14dc-454a-b374-789aa5e765a9:c5461]
2019-09-16 23:35:26,520 [grpc-default-executor-1] INFO  client.GrpcClientProtocolClient (GrpcClientProtocolClient.java:onNext(264)) - client-C79DE3E06697->1d6da99a-ba9a-4d72-abd2-d0f1aa02f12f: receive RaftClientReply:client-C79DE3E06697->1d6da99a-ba9a-4d72-abd2-d0f1aa02f12f@group-B29EE812FB58, cid=3625, SUCCESS, logIndex=5464, commits[1d6da99a-ba9a-4d72-abd2-d0f1aa02f12f:c5465, 9dc27687-2024-46ae-8b6e-c9027bfa400e:c5461, 9c9c57da-14dc-454a-b374-789aa5e765a9:c5461]
2019-09-16 23:35:26,521 [grpc-default-executor-1] INFO  client.GrpcClientProtocolClient (GrpcClientProtocolClient.java:onNext(264)) - client-C79DE3E06697->1d6da99a-ba9a-4d72-abd2-d0f1aa02f12f: receive RaftClientReply:client-C79DE3E06697->1d6da99a-ba9a-4d72-abd2-d0f1aa02f12f@group-B29EE812FB58, cid=3626, SUCCESS, logIndex=5465, commits[1d6da99a-ba9a-4d72-abd2-d0f1aa02f12f:c5465, 9dc27687-2024-46ae-8b6e-c9027bfa400e:c5461, 9c9c57da-14dc-454a-b374-789aa5e765a9:c5461]
2019-09-16 23:35:26,521 [grpc-default-executor-1] INFO  client.GrpcClientProtocolClient (GrpcClientProtocolClient.java:onNext(264)) - client-C79DE3E06697->1d6da99a-ba9a-4d72-abd2-d0f1aa02f12f: receive RaftClientReply:client-C79DE3E06697->1d6da99a-ba9a-4d72-abd2-d0f1aa02f12f@group-B29EE812FB58, cid=3627, SUCCESS, logIndex=0, commits[1d6da99a-ba9a-4d72-abd2-d0f1aa02f12f:c5467, 9dc27687-2024-46ae-8b6e-c9027bfa400e:c5463, 9c9c57da-14dc-454a-b374-789aa5e765a9:c5463]
2019-09-16 23:35:26,540 [grpc-default-executor-0] INFO  client.GrpcClientProtocolClient (GrpcClientProtocolClient.java:onNext(264)) - client-C79DE3E06697->1d6da99a-ba9a-4d72-abd2-d0f1aa02f12f: receive RaftClientReply:client-C79DE3E06697->1d6da99a-ba9a-4d72-abd2-d0f1aa02f12f@group-B29EE812FB58, cid=3628, SUCCESS, logIndex=5470, commits[1d6da99a-ba9a-4d72-abd2-d0f1aa02f12f:c5471, 9dc27687-2024-46ae-8b6e-c9027bfa400e:c5469, 9c9c57da-14dc-454a-b374-789aa5e765a9:c5469]
2019-09-16 23:35:26,540 [grpc-default-executor-0] INFO  client.GrpcClientProtocolClient (GrpcClientProtocolClient.java:onNext(264)) - client-C79DE3E06697->1d6da99a-ba9a-4d72-abd2-d0f1aa02f12f: receive RaftClientReply:client-C79DE3E06697->1d6da99a-ba9a-4d72-abd2-d0f1aa02f12f@group-B29EE812FB58, cid=3629, SUCCESS, logIndex=5471, commits[1d6da99a-ba9a-4d72-abd2-d0f1aa02f12f:c5471, 9dc27687-2024-46ae-8b6e-c9027bfa400e:c5469, 9c9c57da-14dc-454a-b374-789aa5e765a9:c5469]
2019-09-16 23:35:26,555 [grpc-default-executor-0] INFO  client.GrpcClientProtocolClient (GrpcClientProtocolClient.java:onNext(264)) - client-C79DE3E06697->1d6da99a-ba9a-4d72-abd2-d0f1aa02f12f: receive RaftClientReply:client-C79DE3E06697->1d6da99a-ba9a-4d72-abd2-d0f1aa02f12f@group-B29EE812FB58, cid=3630, SUCCESS, logIndex=5474, commits[1d6da99a-ba9a-4d72-abd2-d0f1aa02f12f:c5475, 9dc27687-2024-46ae-8b6e-c9027bfa400e:c5471, 9c9c57da-14dc-454a-b374-789aa5e765a9:c5471]
2019-09-16 23:35:26,556 [grpc-default-executor-0] INFO  client.GrpcClientProtocolClient (GrpcClientProtocolClient.java:onNext(264)) - client-C79DE3E06697->1d6da99a-ba9a-4d72-abd2-d0f1aa02f12f: receive RaftClientReply:client-C79DE3E06697->1d6da99a-ba9a-4d72-abd2-d0f1aa02f12f@group-B29EE812FB58, cid=3631, SUCCESS, logIndex=5475, commits[1d6da99a-ba9a-4d72-abd2-d0f1aa02f12f:c5475, 9dc27687-2024-46ae-8b6e-c9027bfa400e:c5471, 9c9c57da-14dc-454a-b374-789aa5e765a9:c5471]
2019-09-16 23:35:26,570 [grpc-default-executor-0] INFO  client.GrpcClientProtocolClient (GrpcClientProtocolClient.java:onNext(264)) - client-C79DE3E06697->1d6da99a-ba9a-4d72-abd2-d0f1aa02f12f: receive RaftClientReply:client-C79DE3E06697->1d6da99a-ba9a-4d72-abd2-d0f1aa02f12f@group-B29EE812FB58, cid=3632, SUCCESS, logIndex=0, commits[1d6da99a-ba9a-4d72-abd2-d0f1aa02f12f:c5477, 9dc27687-2024-46ae-8b6e-c9027bfa400e:c5475, 9c9c57da-14dc-454a-b374-789aa5e765a9:c5475]
2019-09-16 23:35:26,603 [grpc-default-executor-3] INFO  client.GrpcClientProtocolClient (GrpcClientProtocolClient.java:onNext(264)) - client-C79DE3E06697->1d6da99a-ba9a-4d72-abd2-d0f1aa02f12f: receive RaftClientReply:client-C79DE3E06697->1d6da99a-ba9a-4d72-abd2-d0f1aa02f12f@group-B29EE812FB58, cid=3633, SUCCESS, logIndex=5478, commits[1d6da99a-ba9a-4d72-abd2-d0f1aa02f12f:c5478, 9dc27687-2024-46ae-8b6e-c9027bfa400e:c5477, 9c9c57da-14dc-454a-b374-789aa5e765a9:c5477]
2019-09-16 23:35:26,604 [grpc-default-executor-3] INFO  client.GrpcClientProtocolClient (GrpcClientProtocolClient.java:onNext(264)) - client-C79DE3E06697->1d6da99a-ba9a-4d72-abd2-d0f1aa02f12f: receive RaftClientReply:client-C79DE3E06697->1d6da99a-ba9a-4d72-abd2-d0f1aa02f12f@group-B29EE812FB58, cid=3634, SUCCESS, logIndex=5479, commits[1d6da99a-ba9a-4d72-abd2-d0f1aa02f12f:c5479, 9dc27687-2024-46ae-8b6e-c9027bfa400e:c5477, 9c9c57da-14dc-454a-b374-789aa5e765a9:c5477]
2019-09-16 23:35:26,604 [grpc-default-executor-3] INFO  client.GrpcClientProtocolClient (GrpcClientProtocolClient.java:onNext(264)) - client-C79DE3E06697->1d6da99a-ba9a-4d72-abd2-d0f1aa02f12f: receive RaftClientReply:client-C79DE3E06697->1d6da99a-ba9a-4d72-abd2-d0f1aa02f12f@group-B29EE812FB58, cid=3635, SUCCESS, logIndex=5480, commits[1d6da99a-ba9a-4d72-abd2-d0f1aa02f12f:c5481, 9dc27687-2024-46ae-8b6e-c9027bfa400e:c5477, 9c9c57da-14dc-454a-b374-789aa5e765a9:c5477]
2019-09-16 23:35:26,604 [grpc-default-executor-3] INFO  client.GrpcClientProtocolClient (GrpcClientProtocolClient.java:onNext(264)) - client-C79DE3E06697->1d6da99a-ba9a-4d72-abd2-d0f1aa02f12f: receive RaftClientReply:client-C79DE3E06697->1d6da99a-ba9a-4d72-abd2-d0f1aa02f12f@group-B29EE812FB58, cid=3636, SUCCESS, logIndex=5481, commits[1d6da99a-ba9a-4d72-abd2-d0f1aa02f12f:c5481, 9dc27687-2024-46ae-8b6e-c9027bfa400e:c5477, 9c9c57da-14dc-454a-b374-789aa5e765a9:c5477]
2019-09-16 23:35:26,617 [grpc-default-executor-3] INFO  client.GrpcClientProtocolClient (GrpcClientProtocolClient.java:onNext(264)) - client-C79DE3E06697->1d6da99a-ba9a-4d72-abd2-d0f1aa02f12f: receive RaftClientReply:client-C79DE3E06697->1d6da99a-ba9a-4d72-abd2-d0f1aa02f12f@group-B29EE812FB58, cid=3637, SUCCESS, logIndex=0, commits[1d6da99a-ba9a-4d72-abd2-d0f1aa02f12f:c5483, 9dc27687-2024-46ae-8b6e-c9027bfa400e:c5479, 9c9c57da-14dc-454a-b374-789aa5e765a9:c5479]
2019-09-16 23:35:26,637 [grpc-default-executor-0] INFO  client.GrpcClientProtocolClient (GrpcClientProtocolClient.java:onNext(264)) - client-C79DE3E06697->1d6da99a-ba9a-4d72-abd2-d0f1aa02f12f: receive RaftClientReply:client-C79DE3E06697->1d6da99a-ba9a-4d72-abd2-d0f1aa02f12f@group-B29EE812FB58, cid=3638, SUCCESS, logIndex=5486, commits[1d6da99a-ba9a-4d72-abd2-d0f1aa02f12f:c5487, 9dc27687-2024-46ae-8b6e-c9027bfa400e:c5485, 9c9c57da-14dc-454a-b374-789aa5e765a9:c5485]
2019-09-16 23:35:26,637 [grpc-default-executor-0] INFO  client.GrpcClientProtocolClient (GrpcClientProtocolClient.java:onNext(264)) - client-C79DE3E06697->1d6da99a-ba9a-4d72-abd2-d0f1aa02f12f: receive RaftClientReply:client-C79DE3E06697->1d6da99a-ba9a-4d72-abd2-d0f1aa02f12f@group-B29EE812FB58, cid=3639, SUCCESS, logIndex=5487, commits[1d6da99a-ba9a-4d72-abd2-d0f1aa02f12f:c5487, 9dc27687-2024-46ae-8b6e-c9027bfa400e:c5485, 9c9c57da-14dc-454a-b374-789aa5e765a9:c5485]
2019-09-16 23:35:26,655 [grpc-default-executor-3] INFO  client.GrpcClientProtocolClient (GrpcClientProtocolClient.java:onNext(264)) - client-C79DE3E06697->1d6da99a-ba9a-4d72-abd2-d0f1aa02f12f: receive RaftClientReply:client-C79DE3E06697->1d6da99a-ba9a-4d72-abd2-d0f1aa02f12f@group-B29EE812FB58, cid=3640, SUCCESS, logIndex=5490, commits[1d6da99a-ba9a-4d72-abd2-d0f1aa02f12f:c5491, 9dc27687-2024-46ae-8b6e-c9027bfa400e:c5489, 9c9c57da-14dc-454a-b374-789aa5e765a9:c5489]
2019-09-16 23:35:26,655 [grpc-default-executor-3] INFO  client.GrpcClientProtocolClient (GrpcClientProtocolClient.java:onNext(264)) - client-C79DE3E06697->1d6da99a-ba9a-4d72-abd2-d0f1aa02f12f: receive RaftClientReply:client-C79DE3E06697->1d6da99a-ba9a-4d72-abd2-d0f1aa02f12f@group-B29EE812FB58, cid=3641, SUCCESS, logIndex=5491, commits[1d6da99a-ba9a-4d72-abd2-d0f1aa02f12f:c5491, 9dc27687-2024-46ae-8b6e-c9027bfa400e:c5489, 9c9c57da-14dc-454a-b374-789aa5e765a9:c5489]
2019-09-16 23:35:26,659 [grpc-default-executor-1] INFO  client.GrpcClientProtocolClient (GrpcClientProtocolClient.java:onNext(264)) - client-C79DE3E06697->1d6da99a-ba9a-4d72-abd2-d0f1aa02f12f: receive RaftClientReply:client-C79DE3E06697->1d6da99a-ba9a-4d72-abd2-d0f1aa02f12f@group-B29EE812FB58, cid=3642, SUCCESS, logIndex=0, commits[1d6da99a-ba9a-4d72-abd2-d0f1aa02f12f:c5492, 9dc27687-2024-46ae-8b6e-c9027bfa400e:c5491, 9c9c57da-14dc-454a-b374-789aa5e765a9:c5491]
2019-09-16 23:35:26,690 [grpc-default-executor-1] INFO  client.GrpcClientProtocolClient (GrpcClientProtocolClient.java:onNext(264)) - client-C79DE3E06697->1d6da99a-ba9a-4d72-abd2-d0f1aa02f12f: receive RaftClientReply:client-C79DE3E06697->1d6da99a-ba9a-4d72-abd2-d0f1aa02f12f@group-B29EE812FB58, cid=3643, SUCCESS, logIndex=5494, commits[1d6da99a-ba9a-4d72-abd2-d0f1aa02f12f:c5495, 9dc27687-2024-46ae-8b6e-c9027bfa400e:c5493, 9c9c57da-14dc-454a-b374-789aa5e765a9:c5493]
2019-09-16 23:35:26,690 [grpc-default-executor-1] INFO  client.GrpcClientProtocolClient (GrpcClientProtocolClient.java:onNext(264)) - client-C79DE3E06697->1d6da99a-ba9a-4d72-abd2-d0f1aa02f12f: receive RaftClientReply:client-C79DE3E06697->1d6da99a-ba9a-4d72-abd2-d0f1aa02f12f@group-B29EE812FB58, cid=3644, SUCCESS, logIndex=5495, commits[1d6da99a-ba9a-4d72-abd2-d0f1aa02f12f:c5495, 9dc27687-2024-46ae-8b6e-c9027bfa400e:c5493, 9c9c57da-14dc-454a-b374-789aa5e765a9:c5493]
2019-09-16 23:35:26,701 [grpc-default-executor-1] INFO  client.GrpcClientProtocolClient (GrpcClientProtocolClient.java:onNext(264)) - client-C79DE3E06697->1d6da99a-ba9a-4d72-abd2-d0f1aa02f12f: receive RaftClientReply:client-C79DE3E06697->1d6da99a-ba9a-4d72-abd2-d0f1aa02f12f@group-B29EE812FB58, cid=3645, SUCCESS, logIndex=5496, commits[1d6da99a-ba9a-4d72-abd2-d0f1aa02f12f:c5497, 9dc27687-2024-46ae-8b6e-c9027bfa400e:c5493, 9c9c57da-14dc-454a-b374-789aa5e765a9:c5493]
2019-09-16 23:35:26,701 [grpc-default-executor-1] INFO  client.GrpcClientProtocolClient (GrpcClientProtocolClient.java:onNext(264)) - client-C79DE3E06697->1d6da99a-ba9a-4d72-abd2-d0f1aa02f12f: receive RaftClientReply:client-C79DE3E06697->1d6da99a-ba9a-4d72-abd2-d0f1aa02f12f@group-B29EE812FB58, cid=3646, SUCCESS, logIndex=5497, commits[1d6da99a-ba9a-4d72-abd2-d0f1aa02f12f:c5497, 9dc27687-2024-46ae-8b6e-c9027bfa400e:c5493, 9c9c57da-14dc-454a-b374-789aa5e765a9:c5493]
2019-09-16 23:35:26,702 [grpc-default-executor-1] INFO  client.GrpcClientProtocolClient (GrpcClientProtocolClient.java:onNext(264)) - client-C79DE3E06697->1d6da99a-ba9a-4d72-abd2-d0f1aa02f12f: receive RaftClientReply:client-C79DE3E06697->1d6da99a-ba9a-4d72-abd2-d0f1aa02f12f@group-B29EE812FB58, cid=3647, SUCCESS, logIndex=0, commits[1d6da99a-ba9a-4d72-abd2-d0f1aa02f12f:c5499, 9dc27687-2024-46ae-8b6e-c9027bfa400e:c5495, 9c9c57da-14dc-454a-b374-789aa5e765a9:c5495]
2019-09-16 23:35:26,721 [grpc-default-executor-1] INFO  client.GrpcClientProtocolClient (GrpcClientProtocolClient.java:onNext(264)) - client-C79DE3E06697->1d6da99a-ba9a-4d72-abd2-d0f1aa02f12f: receive RaftClientReply:client-C79DE3E06697->1d6da99a-ba9a-4d72-abd2-d0f1aa02f12f@group-B29EE812FB58, cid=3648, SUCCESS, logIndex=5502, commits[1d6da99a-ba9a-4d72-abd2-d0f1aa02f12f:c5502, 9dc27687-2024-46ae-8b6e-c9027bfa400e:c5501, 9c9c57da-14dc-454a-b374-789aa5e765a9:c5501]
2019-09-16 23:35:26,721 [grpc-default-executor-1] INFO  client.GrpcClientProtocolClient (GrpcClientProtocolClient.java:onNext(264)) - client-C79DE3E06697->1d6da99a-ba9a-4d72-abd2-d0f1aa02f12f: receive RaftClientReply:client-C79DE3E06697->1d6da99a-ba9a-4d72-abd2-d0f1aa02f12f@group-B29EE812FB58, cid=3649, SUCCESS, logIndex=5503, commits[1d6da99a-ba9a-4d72-abd2-d0f1aa02f12f:c5503, 9dc27687-2024-46ae-8b6e-c9027bfa400e:c5501, 9c9c57da-14dc-454a-b374-789aa5e765a9:c5501]
2019-09-16 23:35:26,742 [grpc-default-executor-3] INFO  client.GrpcClientProtocolClient (GrpcClientProtocolClient.java:onNext(264)) - client-C79DE3E06697->1d6da99a-ba9a-4d72-abd2-d0f1aa02f12f: receive RaftClientReply:client-C79DE3E06697->1d6da99a-ba9a-4d72-abd2-d0f1aa02f12f@group-B29EE812FB58, cid=3650, SUCCESS, logIndex=5506, commits[1d6da99a-ba9a-4d72-abd2-d0f1aa02f12f:c5506, 9dc27687-2024-46ae-8b6e-c9027bfa400e:c5505, 9c9c57da-14dc-454a-b374-789aa5e765a9:c5505]
2019-09-16 23:35:26,742 [grpc-default-executor-3] INFO  client.GrpcClientProtocolClient (GrpcClientProtocolClient.java:onNext(264)) - client-C79DE3E06697->1d6da99a-ba9a-4d72-abd2-d0f1aa02f12f: receive RaftClientReply:client-C79DE3E06697->1d6da99a-ba9a-4d72-abd2-d0f1aa02f12f@group-B29EE812FB58, cid=3651, SUCCESS, logIndex=5507, commits[1d6da99a-ba9a-4d72-abd2-d0f1aa02f12f:c5507, 9dc27687-2024-46ae-8b6e-c9027bfa400e:c5505, 9c9c57da-14dc-454a-b374-789aa5e765a9:c5505]
2019-09-16 23:35:26,768 [grpc-default-executor-3] INFO  client.GrpcClientProtocolClient (GrpcClientProtocolClient.java:onNext(264)) - client-C79DE3E06697->1d6da99a-ba9a-4d72-abd2-d0f1aa02f12f: receive RaftClientReply:client-C79DE3E06697->1d6da99a-ba9a-4d72-abd2-d0f1aa02f12f@group-B29EE812FB58, cid=3652, SUCCESS, logIndex=0, commits[1d6da99a-ba9a-4d72-abd2-d0f1aa02f12f:c5509, 9dc27687-2024-46ae-8b6e-c9027bfa400e:c5507, 9c9c57da-14dc-454a-b374-789aa5e765a9:c5507]
2019-09-16 23:35:26,804 [grpc-default-executor-3] INFO  client.GrpcClientProtocolClient (GrpcClientProtocolClient.java:onNext(264)) - client-C79DE3E06697->1d6da99a-ba9a-4d72-abd2-d0f1aa02f12f: receive RaftClientReply:client-C79DE3E06697->1d6da99a-ba9a-4d72-abd2-d0f1aa02f12f@group-B29EE812FB58, cid=3653, SUCCESS, logIndex=5510, commits[1d6da99a-ba9a-4d72-abd2-d0f1aa02f12f:c5511, 9dc27687-2024-46ae-8b6e-c9027bfa400e:c5509, 9c9c57da-14dc-454a-b374-789aa5e765a9:c5509]
2019-09-16 23:35:26,804 [grpc-default-executor-3] INFO  client.GrpcClientProtocolClient (GrpcClientProtocolClient.java:onNext(264)) - client-C79DE3E06697->1d6da99a-ba9a-4d72-abd2-d0f1aa02f12f: receive RaftClientReply:client-C79DE3E06697->1d6da99a-ba9a-4d72-abd2-d0f1aa02f12f@group-B29EE812FB58, cid=3654, SUCCESS, logIndex=5511, commits[1d6da99a-ba9a-4d72-abd2-d0f1aa02f12f:c5511, 9dc27687-2024-46ae-8b6e-c9027bfa400e:c5509, 9c9c57da-14dc-454a-b374-789aa5e765a9:c5509]
2019-09-16 23:35:26,814 [grpc-default-executor-1] INFO  client.GrpcClientProtocolClient (GrpcClientProtocolClient.java:onNext(264)) - client-C79DE3E06697->1d6da99a-ba9a-4d72-abd2-d0f1aa02f12f: receive RaftClientReply:client-C79DE3E06697->1d6da99a-ba9a-4d72-abd2-d0f1aa02f12f@group-B29EE812FB58, cid=3655, SUCCESS, logIndex=5512, commits[1d6da99a-ba9a-4d72-abd2-d0f1aa02f12f:c5513, 9dc27687-2024-46ae-8b6e-c9027bfa400e:c5509, 9c9c57da-14dc-454a-b374-789aa5e765a9:c5509]
2019-09-16 23:35:26,815 [grpc-default-executor-1] INFO  client.GrpcClientProtocolClient (GrpcClientProtocolClient.java:onNext(264)) - client-C79DE3E06697->1d6da99a-ba9a-4d72-abd2-d0f1aa02f12f: receive RaftClientReply:client-C79DE3E06697->1d6da99a-ba9a-4d72-abd2-d0f1aa02f12f@group-B29EE812FB58, cid=3656, SUCCESS, logIndex=5513, commits[1d6da99a-ba9a-4d72-abd2-d0f1aa02f12f:c5513, 9dc27687-2024-46ae-8b6e-c9027bfa400e:c5509, 9c9c57da-14dc-454a-b374-789aa5e765a9:c5509]
2019-09-16 23:35:26,828 [grpc-default-executor-1] INFO  client.GrpcClientProtocolClient (GrpcClientProtocolClient.java:onNext(264)) - client-C79DE3E06697->1d6da99a-ba9a-4d72-abd2-d0f1aa02f12f: receive RaftClientReply:client-C79DE3E06697->1d6da99a-ba9a-4d72-abd2-d0f1aa02f12f@group-B29EE812FB58, cid=3657, SUCCESS, logIndex=0, commits[1d6da99a-ba9a-4d72-abd2-d0f1aa02f12f:c5515, 9dc27687-2024-46ae-8b6e-c9027bfa400e:c5511, 9c9c57da-14dc-454a-b374-789aa5e765a9:c5511]
2019-09-16 23:35:26,849 [grpc-default-executor-1] INFO  client.GrpcClientProtocolClient (GrpcClientProtocolClient.java:onNext(264)) - client-C79DE3E06697->1d6da99a-ba9a-4d72-abd2-d0f1aa02f12f: receive RaftClientReply:client-C79DE3E06697->1d6da99a-ba9a-4d72-abd2-d0f1aa02f12f@group-B29EE812FB58, cid=3658, SUCCESS, logIndex=5517, commits[1d6da99a-ba9a-4d72-abd2-d0f1aa02f12f:c5518, 9dc27687-2024-46ae-8b6e-c9027bfa400e:c5516, 9c9c57da-14dc-454a-b374-789aa5e765a9:c5516]
2019-09-16 23:35:26,849 [grpc-default-executor-1] INFO  client.GrpcClientProtocolClient (GrpcClientProtocolClient.java:onNext(264)) - client-C79DE3E06697->1d6da99a-ba9a-4d72-abd2-d0f1aa02f12f: receive RaftClientReply:client-C79DE3E06697->1d6da99a-ba9a-4d72-abd2-d0f1aa02f12f@group-B29EE812FB58, cid=3659, SUCCESS, logIndex=5518, commits[1d6da99a-ba9a-4d72-abd2-d0f1aa02f12f:c5518, 9dc27687-2024-46ae-8b6e-c9027bfa400e:c5516, 9c9c57da-14dc-454a-b374-789aa5e765a9:c5516]
2019-09-16 23:35:26,864 [grpc-default-executor-1] INFO  client.GrpcClientProtocolClient (GrpcClientProtocolClient.java:onNext(264)) - client-C79DE3E06697->1d6da99a-ba9a-4d72-abd2-d0f1aa02f12f: receive RaftClientReply:client-C79DE3E06697->1d6da99a-ba9a-4d72-abd2-d0f1aa02f12f@group-B29EE812FB58, cid=3660, SUCCESS, logIndex=5521, commits[1d6da99a-ba9a-4d72-abd2-d0f1aa02f12f:c5522, 9dc27687-2024-46ae-8b6e-c9027bfa400e:c5518, 9c9c57da-14dc-454a-b374-789aa5e765a9:c5518]
2019-09-16 23:35:26,865 [grpc-default-executor-1] INFO  client.GrpcClientProtocolClient (GrpcClientProtocolClient.java:onNext(264)) - client-C79DE3E06697->1d6da99a-ba9a-4d72-abd2-d0f1aa02f12f: receive RaftClientReply:client-C79DE3E06697->1d6da99a-ba9a-4d72-abd2-d0f1aa02f12f@group-B29EE812FB58, cid=3661, SUCCESS, logIndex=5522, commits[1d6da99a-ba9a-4d72-abd2-d0f1aa02f12f:c5522, 9dc27687-2024-46ae-8b6e-c9027bfa400e:c5518, 9c9c57da-14dc-454a-b374-789aa5e765a9:c5518]
2019-09-16 23:35:26,867 [grpc-default-executor-1] INFO  client.GrpcClientProtocolClient (GrpcClientProtocolClient.java:onNext(264)) - client-C79DE3E06697->1d6da99a-ba9a-4d72-abd2-d0f1aa02f12f: receive RaftClientReply:client-C79DE3E06697->1d6da99a-ba9a-4d72-abd2-d0f1aa02f12f@group-B29EE812FB58, cid=3662, SUCCESS, logIndex=0, commits[1d6da99a-ba9a-4d72-abd2-d0f1aa02f12f:c5523, 9dc27687-2024-46ae-8b6e-c9027bfa400e:c5522, 9c9c57da-14dc-454a-b374-789aa5e765a9:c5522]
2019-09-16 23:35:26,892 [grpc-default-executor-3] INFO  client.GrpcClientProtocolClient (GrpcClientProtocolClient.java:onNext(264)) - client-C79DE3E06697->1d6da99a-ba9a-4d72-abd2-d0f1aa02f12f: receive RaftClientReply:client-C79DE3E06697->1d6da99a-ba9a-4d72-abd2-d0f1aa02f12f@group-B29EE812FB58, cid=3663, SUCCESS, logIndex=5525, commits[1d6da99a-ba9a-4d72-abd2-d0f1aa02f12f:c5526, 9dc27687-2024-46ae-8b6e-c9027bfa400e:c5522, 9c9c57da-14dc-454a-b374-789aa5e765a9:c5524]
2019-09-16 23:35:26,893 [grpc-default-executor-3] INFO  client.GrpcClientProtocolClient (GrpcClientProtocolClient.java:onNext(264)) - client-C79DE3E06697->1d6da99a-ba9a-4d72-abd2-d0f1aa02f12f: receive RaftClientReply:client-C79DE3E06697->1d6da99a-ba9a-4d72-abd2-d0f1aa02f12f@group-B29EE812FB58, cid=3664, SUCCESS, logIndex=5526, commits[1d6da99a-ba9a-4d72-abd2-d0f1aa02f12f:c5526, 9dc27687-2024-46ae-8b6e-c9027bfa400e:c5522, 9c9c57da-14dc-454a-b374-789aa5e765a9:c5524]
2019-09-16 23:35:26,896 [grpc-default-executor-3] INFO  client.GrpcClientProtocolClient (GrpcClientProtocolClient.java:onNext(264)) - client-C79DE3E06697->1d6da99a-ba9a-4d72-abd2-d0f1aa02f12f: receive RaftClientReply:client-C79DE3E06697->1d6da99a-ba9a-4d72-abd2-d0f1aa02f12f@group-B29EE812FB58, cid=3665, SUCCESS, logIndex=5527, commits[1d6da99a-ba9a-4d72-abd2-d0f1aa02f12f:c5528, 9dc27687-2024-46ae-8b6e-c9027bfa400e:c5524, 9c9c57da-14dc-454a-b374-789aa5e765a9:c5525]
2019-09-16 23:35:26,896 [grpc-default-executor-3] INFO  client.GrpcClientProtocolClient (GrpcClientProtocolClient.java:onNext(264)) - client-C79DE3E06697->1d6da99a-ba9a-4d72-abd2-d0f1aa02f12f: receive RaftClientReply:client-C79DE3E06697->1d6da99a-ba9a-4d72-abd2-d0f1aa02f12f@group-B29EE812FB58, cid=3666, SUCCESS, logIndex=5528, commits[1d6da99a-ba9a-4d72-abd2-d0f1aa02f12f:c5528, 9dc27687-2024-46ae-8b6e-c9027bfa400e:c5524, 9c9c57da-14dc-454a-b374-789aa5e765a9:c5526]
2019-09-16 23:35:26,898 [grpc-default-executor-3] INFO  client.GrpcClientProtocolClient (GrpcClientProtocolClient.java:onNext(264)) - client-C79DE3E06697->1d6da99a-ba9a-4d72-abd2-d0f1aa02f12f: receive RaftClientReply:client-C79DE3E06697->1d6da99a-ba9a-4d72-abd2-d0f1aa02f12f@group-B29EE812FB58, cid=3667, SUCCESS, logIndex=0, commits[1d6da99a-ba9a-4d72-abd2-d0f1aa02f12f:c5530, 9dc27687-2024-46ae-8b6e-c9027bfa400e:c5526, 9c9c57da-14dc-454a-b374-789aa5e765a9:c5526]
2019-09-16 23:35:26,922 [grpc-default-executor-3] INFO  client.GrpcClientProtocolClient (GrpcClientProtocolClient.java:onNext(264)) - client-C79DE3E06697->1d6da99a-ba9a-4d72-abd2-d0f1aa02f12f: receive RaftClientReply:client-C79DE3E06697->1d6da99a-ba9a-4d72-abd2-d0f1aa02f12f@group-B29EE812FB58, cid=3668, SUCCESS, logIndex=5533, commits[1d6da99a-ba9a-4d72-abd2-d0f1aa02f12f:c5534, 9dc27687-2024-46ae-8b6e-c9027bfa400e:c5532, 9c9c57da-14dc-454a-b374-789aa5e765a9:c5532]
2019-09-16 23:35:26,923 [grpc-default-executor-3] INFO  client.GrpcClientProtocolClient (GrpcClientProtocolClient.java:onNext(264)) - client-C79DE3E06697->1d6da99a-ba9a-4d72-abd2-d0f1aa02f12f: receive RaftClientReply:client-C79DE3E06697->1d6da99a-ba9a-4d72-abd2-d0f1aa02f12f@group-B29EE812FB58, cid=3669, SUCCESS, logIndex=5534, commits[1d6da99a-ba9a-4d72-abd2-d0f1aa02f12f:c5534, 9dc27687-2024-46ae-8b6e-c9027bfa400e:c5532, 9c9c57da-14dc-454a-b374-789aa5e765a9:c5532]
2019-09-16 23:35:26,940 [grpc-default-executor-0] INFO  client.GrpcClientProtocolClient (GrpcClientProtocolClient.java:onNext(264)) - client-C79DE3E06697->1d6da99a-ba9a-4d72-abd2-d0f1aa02f12f: receive RaftClientReply:client-C79DE3E06697->1d6da99a-ba9a-4d72-abd2-d0f1aa02f12f@group-B29EE812FB58, cid=3670, SUCCESS, logIndex=5537, commits[1d6da99a-ba9a-4d72-abd2-d0f1aa02f12f:c5538, 9dc27687-2024-46ae-8b6e-c9027bfa400e:c5535, 9c9c57da-14dc-454a-b374-789aa5e765a9:c5535]
2019-09-16 23:35:26,940 [grpc-default-executor-0] INFO  client.GrpcClientProtocolClient (GrpcClientProtocolClient.java:onNext(264)) - client-C79DE3E06697->1d6da99a-ba9a-4d72-abd2-d0f1aa02f12f: receive RaftClientReply:client-C79DE3E06697->1d6da99a-ba9a-4d72-abd2-d0f1aa02f12f@group-B29EE812FB58, cid=3671, SUCCESS, logIndex=5538, commits[1d6da99a-ba9a-4d72-abd2-d0f1aa02f12f:c5538, 9dc27687-2024-46ae-8b6e-c9027bfa400e:c5535, 9c9c57da-14dc-454a-b374-789aa5e765a9:c5535]
2019-09-16 23:35:26,957 [grpc-default-executor-1] INFO  client.GrpcClientProtocolClient (GrpcClientProtocolClient.java:onNext(264)) - client-C79DE3E06697->1d6da99a-ba9a-4d72-abd2-d0f1aa02f12f: receive RaftClientReply:client-C79DE3E06697->1d6da99a-ba9a-4d72-abd2-d0f1aa02f12f@group-B29EE812FB58, cid=3672, SUCCESS, logIndex=0, commits[1d6da99a-ba9a-4d72-abd2-d0f1aa02f12f:c5539, 9dc27687-2024-46ae-8b6e-c9027bfa400e:c5538, 9c9c57da-14dc-454a-b374-789aa5e765a9:c5538]
 0.00% |█                                                                                                    |  0/1 Time: 0:00:442019-09-16 23:35:26,989 [grpc-default-executor-0] INFO  client.GrpcClientProtocolClient (GrpcClientProtocolClient.java:onNext(264)) - client-C79DE3E06697->1d6da99a-ba9a-4d72-abd2-d0f1aa02f12f: receive RaftClientReply:client-C79DE3E06697->1d6da99a-ba9a-4d72-abd2-d0f1aa02f12f@group-B29EE812FB58, cid=3673, SUCCESS, logIndex=5541, commits[1d6da99a-ba9a-4d72-abd2-d0f1aa02f12f:c5542, 9dc27687-2024-46ae-8b6e-c9027bfa400e:c5540, 9c9c57da-14dc-454a-b374-789aa5e765a9:c5540]
2019-09-16 23:35:26,990 [grpc-default-executor-0] INFO  client.GrpcClientProtocolClient (GrpcClientProtocolClient.java:onNext(264)) - client-C79DE3E06697->1d6da99a-ba9a-4d72-abd2-d0f1aa02f12f: receive RaftClientReply:client-C79DE3E06697->1d6da99a-ba9a-4d72-abd2-d0f1aa02f12f@group-B29EE812FB58, cid=3674, SUCCESS, logIndex=5542, commits[1d6da99a-ba9a-4d72-abd2-d0f1aa02f12f:c5542, 9dc27687-2024-46ae-8b6e-c9027bfa400e:c5540, 9c9c57da-14dc-454a-b374-789aa5e765a9:c5540]
2019-09-16 23:35:27,000 [grpc-default-executor-1] INFO  client.GrpcClientProtocolClient (GrpcClientProtocolClient.java:onNext(264)) - client-C79DE3E06697->1d6da99a-ba9a-4d72-abd2-d0f1aa02f12f: receive RaftClientReply:client-C79DE3E06697->1d6da99a-ba9a-4d72-abd2-d0f1aa02f12f@group-B29EE812FB58, cid=3675, SUCCESS, logIndex=5543, commits[1d6da99a-ba9a-4d72-abd2-d0f1aa02f12f:c5543, 9dc27687-2024-46ae-8b6e-c9027bfa400e:c5540, 9c9c57da-14dc-454a-b374-789aa5e765a9:c5540]
2019-09-16 23:35:27,001 [grpc-default-executor-1] INFO  client.GrpcClientProtocolClient (GrpcClientProtocolClient.java:onNext(264)) - client-C79DE3E06697->1d6da99a-ba9a-4d72-abd2-d0f1aa02f12f: receive RaftClientReply:client-C79DE3E06697->1d6da99a-ba9a-4d72-abd2-d0f1aa02f12f@group-B29EE812FB58, cid=3676, SUCCESS, logIndex=5544, commits[1d6da99a-ba9a-4d72-abd2-d0f1aa02f12f:c5544, 9dc27687-2024-46ae-8b6e-c9027bfa400e:c5540, 9c9c57da-14dc-454a-b374-789aa5e765a9:c5540]
2019-09-16 23:35:27,003 [grpc-default-executor-0] INFO  client.GrpcClientProtocolClient (GrpcClientProtocolClient.java:onNext(264)) - client-C79DE3E06697->1d6da99a-ba9a-4d72-abd2-d0f1aa02f12f: receive RaftClientReply:client-C79DE3E06697->1d6da99a-ba9a-4d72-abd2-d0f1aa02f12f@group-B29EE812FB58, cid=3677, SUCCESS, logIndex=0, commits[1d6da99a-ba9a-4d72-abd2-d0f1aa02f12f:c5546, 9dc27687-2024-46ae-8b6e-c9027bfa400e:c5542, 9c9c57da-14dc-454a-b374-789aa5e765a9:c5542]
2019-09-16 23:35:27,019 [grpc-default-executor-1] INFO  client.GrpcClientProtocolClient (GrpcClientProtocolClient.java:onNext(264)) - client-C79DE3E06697->1d6da99a-ba9a-4d72-abd2-d0f1aa02f12f: receive RaftClientReply:client-C79DE3E06697->1d6da99a-ba9a-4d72-abd2-d0f1aa02f12f@group-B29EE812FB58, cid=3678, SUCCESS, logIndex=5549, commits[1d6da99a-ba9a-4d72-abd2-d0f1aa02f12f:c5550, 9dc27687-2024-46ae-8b6e-c9027bfa400e:c5546, 9c9c57da-14dc-454a-b374-789aa5e765a9:c5546]
2019-09-16 23:35:27,020 [grpc-default-executor-1] INFO  client.GrpcClientProtocolClient (GrpcClientProtocolClient.java:onNext(264)) - client-C79DE3E06697->1d6da99a-ba9a-4d72-abd2-d0f1aa02f12f: receive RaftClientReply:client-C79DE3E06697->1d6da99a-ba9a-4d72-abd2-d0f1aa02f12f@group-B29EE812FB58, cid=3679, SUCCESS, logIndex=5550, commits[1d6da99a-ba9a-4d72-abd2-d0f1aa02f12f:c5550, 9dc27687-2024-46ae-8b6e-c9027bfa400e:c5546, 9c9c57da-14dc-454a-b374-789aa5e765a9:c5546]
2019-09-16 23:35:27,033 [grpc-default-executor-3] INFO  client.GrpcClientProtocolClient (GrpcClientProtocolClient.java:onNext(264)) - client-C79DE3E06697->1d6da99a-ba9a-4d72-abd2-d0f1aa02f12f: receive RaftClientReply:client-C79DE3E06697->1d6da99a-ba9a-4d72-abd2-d0f1aa02f12f@group-B29EE812FB58, cid=3680, SUCCESS, logIndex=5553, commits[1d6da99a-ba9a-4d72-abd2-d0f1aa02f12f:c5554, 9dc27687-2024-46ae-8b6e-c9027bfa400e:c5550, 9c9c57da-14dc-454a-b374-789aa5e765a9:c5550]
2019-09-16 23:35:27,033 [grpc-default-executor-3] INFO  client.GrpcClientProtocolClient (GrpcClientProtocolClient.java:onNext(264)) - client-C79DE3E06697->1d6da99a-ba9a-4d72-abd2-d0f1aa02f12f: receive RaftClientReply:client-C79DE3E06697->1d6da99a-ba9a-4d72-abd2-d0f1aa02f12f@group-B29EE812FB58, cid=3681, SUCCESS, logIndex=5554, commits[1d6da99a-ba9a-4d72-abd2-d0f1aa02f12f:c5554, 9dc27687-2024-46ae-8b6e-c9027bfa400e:c5550, 9c9c57da-14dc-454a-b374-789aa5e765a9:c5550]
2019-09-16 23:35:27,046 [grpc-default-executor-1] INFO  client.GrpcClientProtocolClient (GrpcClientProtocolClient.java:onNext(264)) - client-C79DE3E06697->1d6da99a-ba9a-4d72-abd2-d0f1aa02f12f: receive RaftClientReply:client-C79DE3E06697->1d6da99a-ba9a-4d72-abd2-d0f1aa02f12f@group-B29EE812FB58, cid=3682, SUCCESS, logIndex=0, commits[1d6da99a-ba9a-4d72-abd2-d0f1aa02f12f:c5554, 9dc27687-2024-46ae-8b6e-c9027bfa400e:c5554, 9c9c57da-14dc-454a-b374-789aa5e765a9:c5554]
2019-09-16 23:35:27,274 [grpc-default-executor-1] INFO  client.GrpcClientProtocolClient (GrpcClientProtocolClient.java:onNext(264)) - client-C79DE3E06697->1d6da99a-ba9a-4d72-abd2-d0f1aa02f12f: receive RaftClientReply:client-C79DE3E06697->1d6da99a-ba9a-4d72-abd2-d0f1aa02f12f@group-B29EE812FB58, cid=3683, SUCCESS, logIndex=5556, commits[1d6da99a-ba9a-4d72-abd2-d0f1aa02f12f:c5558, 9dc27687-2024-46ae-8b6e-c9027bfa400e:c5555, 9c9c57da-14dc-454a-b374-789aa5e765a9:c5555]
2019-09-16 23:35:27,274 [grpc-default-executor-1] INFO  client.GrpcClientProtocolClient (GrpcClientProtocolClient.java:onNext(264)) - client-C79DE3E06697->1d6da99a-ba9a-4d72-abd2-d0f1aa02f12f: receive RaftClientReply:client-C79DE3E06697->1d6da99a-ba9a-4d72-abd2-d0f1aa02f12f@group-B29EE812FB58, cid=3684, SUCCESS, logIndex=5557, commits[1d6da99a-ba9a-4d72-abd2-d0f1aa02f12f:c5559, 9dc27687-2024-46ae-8b6e-c9027bfa400e:c5555, 9c9c57da-14dc-454a-b374-789aa5e765a9:c5555]
2019-09-16 23:35:27,274 [grpc-default-executor-1] INFO  client.GrpcClientProtocolClient (GrpcClientProtocolClient.java:onNext(264)) - client-C79DE3E06697->1d6da99a-ba9a-4d72-abd2-d0f1aa02f12f: receive RaftClientReply:client-C79DE3E06697->1d6da99a-ba9a-4d72-abd2-d0f1aa02f12f@group-B29EE812FB58, cid=3685, SUCCESS, logIndex=5558, commits[1d6da99a-ba9a-4d72-abd2-d0f1aa02f12f:c5559, 9dc27687-2024-46ae-8b6e-c9027bfa400e:c5555, 9c9c57da-14dc-454a-b374-789aa5e765a9:c5555]
2019-09-16 23:35:27,275 [grpc-default-executor-1] INFO  client.GrpcClientProtocolClient (GrpcClientProtocolClient.java:onNext(264)) - client-C79DE3E06697->1d6da99a-ba9a-4d72-abd2-d0f1aa02f12f: receive RaftClientReply:client-C79DE3E06697->1d6da99a-ba9a-4d72-abd2-d0f1aa02f12f@group-B29EE812FB58, cid=3686, SUCCESS, logIndex=5559, commits[1d6da99a-ba9a-4d72-abd2-d0f1aa02f12f:c5559, 9dc27687-2024-46ae-8b6e-c9027bfa400e:c5555, 9c9c57da-14dc-454a-b374-789aa5e765a9:c5555]
2019-09-16 23:35:27,285 [grpc-default-executor-1] INFO  client.GrpcClientProtocolClient (GrpcClientProtocolClient.java:onNext(264)) - client-C79DE3E06697->1d6da99a-ba9a-4d72-abd2-d0f1aa02f12f: receive RaftClientReply:client-C79DE3E06697->1d6da99a-ba9a-4d72-abd2-d0f1aa02f12f@group-B29EE812FB58, cid=3687, SUCCESS, logIndex=0, commits[1d6da99a-ba9a-4d72-abd2-d0f1aa02f12f:c5560, 9dc27687-2024-46ae-8b6e-c9027bfa400e:c5557, 9c9c57da-14dc-454a-b374-789aa5e765a9:c5557]
2019-09-16 23:35:27,307 [grpc-default-executor-1] INFO  client.GrpcClientProtocolClient (GrpcClientProtocolClient.java:onNext(264)) - client-C79DE3E06697->1d6da99a-ba9a-4d72-abd2-d0f1aa02f12f: receive RaftClientReply:client-C79DE3E06697->1d6da99a-ba9a-4d72-abd2-d0f1aa02f12f@group-B29EE812FB58, cid=3688, SUCCESS, logIndex=5564, commits[1d6da99a-ba9a-4d72-abd2-d0f1aa02f12f:c5565, 9dc27687-2024-46ae-8b6e-c9027bfa400e:c5563, 9c9c57da-14dc-454a-b374-789aa5e765a9:c5563]
2019-09-16 23:35:27,307 [grpc-default-executor-1] INFO  client.GrpcClientProtocolClient (GrpcClientProtocolClient.java:onNext(264)) - client-C79DE3E06697->1d6da99a-ba9a-4d72-abd2-d0f1aa02f12f: receive RaftClientReply:client-C79DE3E06697->1d6da99a-ba9a-4d72-abd2-d0f1aa02f12f@group-B29EE812FB58, cid=3689, SUCCESS, logIndex=5565, commits[1d6da99a-ba9a-4d72-abd2-d0f1aa02f12f:c5565, 9dc27687-2024-46ae-8b6e-c9027bfa400e:c5563, 9c9c57da-14dc-454a-b374-789aa5e765a9:c5563]
2019-09-16 23:35:27,321 [grpc-default-executor-1] INFO  client.GrpcClientProtocolClient (GrpcClientProtocolClient.java:onNext(264)) - client-C79DE3E06697->1d6da99a-ba9a-4d72-abd2-d0f1aa02f12f: receive RaftClientReply:client-C79DE3E06697->1d6da99a-ba9a-4d72-abd2-d0f1aa02f12f@group-B29EE812FB58, cid=3690, SUCCESS, logIndex=5568, commits[1d6da99a-ba9a-4d72-abd2-d0f1aa02f12f:c5569, 9dc27687-2024-46ae-8b6e-c9027bfa400e:c5565, 9c9c57da-14dc-454a-b374-789aa5e765a9:c5565]
2019-09-16 23:35:27,322 [grpc-default-executor-1] INFO  client.GrpcClientProtocolClient (GrpcClientProtocolClient.java:onNext(264)) - client-C79DE3E06697->1d6da99a-ba9a-4d72-abd2-d0f1aa02f12f: receive RaftClientReply:client-C79DE3E06697->1d6da99a-ba9a-4d72-abd2-d0f1aa02f12f@group-B29EE812FB58, cid=3691, SUCCESS, logIndex=5569, commits[1d6da99a-ba9a-4d72-abd2-d0f1aa02f12f:c5569, 9dc27687-2024-46ae-8b6e-c9027bfa400e:c5565, 9c9c57da-14dc-454a-b374-789aa5e765a9:c5565]
2019-09-16 23:35:27,334 [grpc-default-executor-1] INFO  client.GrpcClientProtocolClient (GrpcClientProtocolClient.java:onNext(264)) - client-C79DE3E06697->1d6da99a-ba9a-4d72-abd2-d0f1aa02f12f: receive RaftClientReply:client-C79DE3E06697->1d6da99a-ba9a-4d72-abd2-d0f1aa02f12f@group-B29EE812FB58, cid=3692, SUCCESS, logIndex=0, commits[1d6da99a-ba9a-4d72-abd2-d0f1aa02f12f:c5571, 9dc27687-2024-46ae-8b6e-c9027bfa400e:c5569, 9c9c57da-14dc-454a-b374-789aa5e765a9:c5569]
2019-09-16 23:35:27,363 [grpc-default-executor-3] INFO  client.GrpcClientProtocolClient (GrpcClientProtocolClient.java:onNext(264)) - client-C79DE3E06697->1d6da99a-ba9a-4d72-abd2-d0f1aa02f12f: receive RaftClientReply:client-C79DE3E06697->1d6da99a-ba9a-4d72-abd2-d0f1aa02f12f@group-B29EE812FB58, cid=3693, SUCCESS, logIndex=5572, commits[1d6da99a-ba9a-4d72-abd2-d0f1aa02f12f:c5572, 9dc27687-2024-46ae-8b6e-c9027bfa400e:c5571, 9c9c57da-14dc-454a-b374-789aa5e765a9:c5571]
2019-09-16 23:35:27,363 [grpc-default-executor-3] INFO  client.GrpcClientProtocolClient (GrpcClientProtocolClient.java:onNext(264)) - client-C79DE3E06697->1d6da99a-ba9a-4d72-abd2-d0f1aa02f12f: receive RaftClientReply:client-C79DE3E06697->1d6da99a-ba9a-4d72-abd2-d0f1aa02f12f@group-B29EE812FB58, cid=3694, SUCCESS, logIndex=5573, commits[1d6da99a-ba9a-4d72-abd2-d0f1aa02f12f:c5575, 9dc27687-2024-46ae-8b6e-c9027bfa400e:c5571, 9c9c57da-14dc-454a-b374-789aa5e765a9:c5571]
2019-09-16 23:35:27,363 [grpc-default-executor-3] INFO  client.GrpcClientProtocolClient (GrpcClientProtocolClient.java:onNext(264)) - client-C79DE3E06697->1d6da99a-ba9a-4d72-abd2-d0f1aa02f12f: receive RaftClientReply:client-C79DE3E06697->1d6da99a-ba9a-4d72-abd2-d0f1aa02f12f@group-B29EE812FB58, cid=3695, SUCCESS, logIndex=5574, commits[1d6da99a-ba9a-4d72-abd2-d0f1aa02f12f:c5575, 9dc27687-2024-46ae-8b6e-c9027bfa400e:c5571, 9c9c57da-14dc-454a-b374-789aa5e765a9:c5571]
2019-09-16 23:35:27,364 [grpc-default-executor-3] INFO  client.GrpcClientProtocolClient (GrpcClientProtocolClient.java:onNext(264)) - client-C79DE3E06697->1d6da99a-ba9a-4d72-abd2-d0f1aa02f12f: receive RaftClientReply:client-C79DE3E06697->1d6da99a-ba9a-4d72-abd2-d0f1aa02f12f@group-B29EE812FB58, cid=3696, SUCCESS, logIndex=5575, commits[1d6da99a-ba9a-4d72-abd2-d0f1aa02f12f:c5575, 9dc27687-2024-46ae-8b6e-c9027bfa400e:c5571, 9c9c57da-14dc-454a-b374-789aa5e765a9:c5571]
2019-09-16 23:35:27,366 [grpc-default-executor-3] INFO  client.GrpcClientProtocolClient (GrpcClientProtocolClient.java:onNext(264)) - client-C79DE3E06697->1d6da99a-ba9a-4d72-abd2-d0f1aa02f12f: receive RaftClientReply:client-C79DE3E06697->1d6da99a-ba9a-4d72-abd2-d0f1aa02f12f@group-B29EE812FB58, cid=3697, SUCCESS, logIndex=0, commits[1d6da99a-ba9a-4d72-abd2-d0f1aa02f12f:c5577, 9dc27687-2024-46ae-8b6e-c9027bfa400e:c5575, 9c9c57da-14dc-454a-b374-789aa5e765a9:c5575]
2019-09-16 23:35:27,383 [grpc-default-executor-3] INFO  client.GrpcClientProtocolClient (GrpcClientProtocolClient.java:onNext(264)) - client-C79DE3E06697->1d6da99a-ba9a-4d72-abd2-d0f1aa02f12f: receive RaftClientReply:client-C79DE3E06697->1d6da99a-ba9a-4d72-abd2-d0f1aa02f12f@group-B29EE812FB58, cid=3698, SUCCESS, logIndex=5578, commits[1d6da99a-ba9a-4d72-abd2-d0f1aa02f12f:c5579, 9dc27687-2024-46ae-8b6e-c9027bfa400e:c5577, 9c9c57da-14dc-454a-b374-789aa5e765a9:c5577]
2019-09-16 23:35:27,383 [grpc-default-executor-3] INFO  client.GrpcClientProtocolClient (GrpcClientProtocolClient.java:onNext(264)) - client-C79DE3E06697->1d6da99a-ba9a-4d72-abd2-d0f1aa02f12f: receive RaftClientReply:client-C79DE3E06697->1d6da99a-ba9a-4d72-abd2-d0f1aa02f12f@group-B29EE812FB58, cid=3699, SUCCESS, logIndex=5579, commits[1d6da99a-ba9a-4d72-abd2-d0f1aa02f12f:c5579, 9dc27687-2024-46ae-8b6e-c9027bfa400e:c5577, 9c9c57da-14dc-454a-b374-789aa5e765a9:c5577]
2019-09-16 23:35:27,398 [grpc-default-executor-1] INFO  client.GrpcClientProtocolClient (GrpcClientProtocolClient.java:onNext(264)) - client-C79DE3E06697->1d6da99a-ba9a-4d72-abd2-d0f1aa02f12f: receive RaftClientReply:client-C79DE3E06697->1d6da99a-ba9a-4d72-abd2-d0f1aa02f12f@group-B29EE812FB58, cid=3700, SUCCESS, logIndex=5582, commits[1d6da99a-ba9a-4d72-abd2-d0f1aa02f12f:c5583, 9dc27687-2024-46ae-8b6e-c9027bfa400e:c5579, 9c9c57da-14dc-454a-b374-789aa5e765a9:c5579]
2019-09-16 23:35:27,398 [grpc-default-executor-1] INFO  client.GrpcClientProtocolClient (GrpcClientProtocolClient.java:onNext(264)) - client-C79DE3E06697->1d6da99a-ba9a-4d72-abd2-d0f1aa02f12f: receive RaftClientReply:client-C79DE3E06697->1d6da99a-ba9a-4d72-abd2-d0f1aa02f12f@group-B29EE812FB58, cid=3701, SUCCESS, logIndex=5583, commits[1d6da99a-ba9a-4d72-abd2-d0f1aa02f12f:c5583, 9dc27687-2024-46ae-8b6e-c9027bfa400e:c5579, 9c9c57da-14dc-454a-b374-789aa5e765a9:c5579]
2019-09-16 23:35:27,409 [grpc-default-executor-6] INFO  client.GrpcClientProtocolClient (GrpcClientProtocolClient.java:onNext(264)) - client-C79DE3E06697->1d6da99a-ba9a-4d72-abd2-d0f1aa02f12f: receive RaftClientReply:client-C79DE3E06697->1d6da99a-ba9a-4d72-abd2-d0f1aa02f12f@group-B29EE812FB58, cid=3702, SUCCESS, logIndex=0, commits[1d6da99a-ba9a-4d72-abd2-d0f1aa02f12f:c5584, 9dc27687-2024-46ae-8b6e-c9027bfa400e:c5583, 9c9c57da-14dc-454a-b374-789aa5e765a9:c5583]
2019-09-16 23:35:27,440 [grpc-default-executor-6] INFO  client.GrpcClientProtocolClient (GrpcClientProtocolClient.java:onNext(264)) - client-C79DE3E06697->1d6da99a-ba9a-4d72-abd2-d0f1aa02f12f: receive RaftClientReply:client-C79DE3E06697->1d6da99a-ba9a-4d72-abd2-d0f1aa02f12f@group-B29EE812FB58, cid=3703, SUCCESS, logIndex=5586, commits[1d6da99a-ba9a-4d72-abd2-d0f1aa02f12f:c5588, 9dc27687-2024-46ae-8b6e-c9027bfa400e:c5585, 9c9c57da-14dc-454a-b374-789aa5e765a9:c5585]
2019-09-16 23:35:27,442 [grpc-default-executor-6] INFO  client.GrpcClientProtocolClient (GrpcClientProtocolClient.java:onNext(264)) - client-C79DE3E06697->1d6da99a-ba9a-4d72-abd2-d0f1aa02f12f: receive RaftClientReply:client-C79DE3E06697->1d6da99a-ba9a-4d72-abd2-d0f1aa02f12f@group-B29EE812FB58, cid=3704, SUCCESS, logIndex=5587, commits[1d6da99a-ba9a-4d72-abd2-d0f1aa02f12f:c5589, 9dc27687-2024-46ae-8b6e-c9027bfa400e:c5585, 9c9c57da-14dc-454a-b374-789aa5e765a9:c5585]
2019-09-16 23:35:27,442 [grpc-default-executor-6] INFO  client.GrpcClientProtocolClient (GrpcClientProtocolClient.java:onNext(264)) - client-C79DE3E06697->1d6da99a-ba9a-4d72-abd2-d0f1aa02f12f: receive RaftClientReply:client-C79DE3E06697->1d6da99a-ba9a-4d72-abd2-d0f1aa02f12f@group-B29EE812FB58, cid=3705, SUCCESS, logIndex=5588, commits[1d6da99a-ba9a-4d72-abd2-d0f1aa02f12f:c5589, 9dc27687-2024-46ae-8b6e-c9027bfa400e:c5585, 9c9c57da-14dc-454a-b374-789aa5e765a9:c5585]
2019-09-16 23:35:27,442 [grpc-default-executor-6] INFO  client.GrpcClientProtocolClient (GrpcClientProtocolClient.java:onNext(264)) - client-C79DE3E06697->1d6da99a-ba9a-4d72-abd2-d0f1aa02f12f: receive RaftClientReply:client-C79DE3E06697->1d6da99a-ba9a-4d72-abd2-d0f1aa02f12f@group-B29EE812FB58, cid=3706, SUCCESS, logIndex=5589, commits[1d6da99a-ba9a-4d72-abd2-d0f1aa02f12f:c5590, 9dc27687-2024-46ae-8b6e-c9027bfa400e:c5585, 9c9c57da-14dc-454a-b374-789aa5e765a9:c5587]
2019-09-16 23:35:27,443 [grpc-default-executor-6] INFO  client.GrpcClientProtocolClient (GrpcClientProtocolClient.java:onNext(264)) - client-C79DE3E06697->1d6da99a-ba9a-4d72-abd2-d0f1aa02f12f: receive RaftClientReply:client-C79DE3E06697->1d6da99a-ba9a-4d72-abd2-d0f1aa02f12f@group-B29EE812FB58, cid=3707, SUCCESS, logIndex=0, commits[1d6da99a-ba9a-4d72-abd2-d0f1aa02f12f:c5593, 9dc27687-2024-46ae-8b6e-c9027bfa400e:c5588, 9c9c57da-14dc-454a-b374-789aa5e765a9:c5589]
2019-09-16 23:35:27,467 [grpc-default-executor-3] INFO  client.GrpcClientProtocolClient (GrpcClientProtocolClient.java:onNext(264)) - client-C79DE3E06697->1d6da99a-ba9a-4d72-abd2-d0f1aa02f12f: receive RaftClientReply:client-C79DE3E06697->1d6da99a-ba9a-4d72-abd2-d0f1aa02f12f@group-B29EE812FB58, cid=3708, SUCCESS, logIndex=5594, commits[1d6da99a-ba9a-4d72-abd2-d0f1aa02f12f:c5595, 9dc27687-2024-46ae-8b6e-c9027bfa400e:c5593, 9c9c57da-14dc-454a-b374-789aa5e765a9:c5589]
2019-09-16 23:35:27,467 [grpc-default-executor-3] INFO  client.GrpcClientProtocolClient (GrpcClientProtocolClient.java:onNext(264)) - client-C79DE3E06697->1d6da99a-ba9a-4d72-abd2-d0f1aa02f12f: receive RaftClientReply:client-C79DE3E06697->1d6da99a-ba9a-4d72-abd2-d0f1aa02f12f@group-B29EE812FB58, cid=3709, SUCCESS, logIndex=5595, commits[1d6da99a-ba9a-4d72-abd2-d0f1aa02f12f:c5595, 9dc27687-2024-46ae-8b6e-c9027bfa400e:c5593, 9c9c57da-14dc-454a-b374-789aa5e765a9:c5593]
2019-09-16 23:35:27,485 [grpc-default-executor-1] INFO  client.GrpcClientProtocolClient (GrpcClientProtocolClient.java:onNext(264)) - client-C79DE3E06697->1d6da99a-ba9a-4d72-abd2-d0f1aa02f12f: receive RaftClientReply:client-C79DE3E06697->1d6da99a-ba9a-4d72-abd2-d0f1aa02f12f@group-B29EE812FB58, cid=3710, SUCCESS, logIndex=5598, commits[1d6da99a-ba9a-4d72-abd2-d0f1aa02f12f:c5599, 9dc27687-2024-46ae-8b6e-c9027bfa400e:c5597, 9c9c57da-14dc-454a-b374-789aa5e765a9:c5597]
2019-09-16 23:35:27,486 [grpc-default-executor-1] INFO  client.GrpcClientProtocolClient (GrpcClientProtocolClient.java:onNext(264)) - client-C79DE3E06697->1d6da99a-ba9a-4d72-abd2-d0f1aa02f12f: receive RaftClientReply:client-C79DE3E06697->1d6da99a-ba9a-4d72-abd2-d0f1aa02f12f@group-B29EE812FB58, cid=3711, SUCCESS, logIndex=5599, commits[1d6da99a-ba9a-4d72-abd2-d0f1aa02f12f:c5599, 9dc27687-2024-46ae-8b6e-c9027bfa400e:c5597, 9c9c57da-14dc-454a-b374-789aa5e765a9:c5597]
2019-09-16 23:35:27,500 [grpc-default-executor-6] INFO  client.GrpcClientProtocolClient (GrpcClientProtocolClient.java:onNext(264)) - client-C79DE3E06697->1d6da99a-ba9a-4d72-abd2-d0f1aa02f12f: receive RaftClientReply:client-C79DE3E06697->1d6da99a-ba9a-4d72-abd2-d0f1aa02f12f@group-B29EE812FB58, cid=3712, SUCCESS, logIndex=0, commits[1d6da99a-ba9a-4d72-abd2-d0f1aa02f12f:c5601, 9dc27687-2024-46ae-8b6e-c9027bfa400e:c5599, 9c9c57da-14dc-454a-b374-789aa5e765a9:c5599]
2019-09-16 23:35:27,527 [grpc-default-executor-1] INFO  client.GrpcClientProtocolClient (GrpcClientProtocolClient.java:onNext(264)) - client-C79DE3E06697->1d6da99a-ba9a-4d72-abd2-d0f1aa02f12f: receive RaftClientReply:client-C79DE3E06697->1d6da99a-ba9a-4d72-abd2-d0f1aa02f12f@group-B29EE812FB58, cid=3713, SUCCESS, logIndex=5602, commits[1d6da99a-ba9a-4d72-abd2-d0f1aa02f12f:c5604, 9dc27687-2024-46ae-8b6e-c9027bfa400e:c5601, 9c9c57da-14dc-454a-b374-789aa5e765a9:c5601]
2019-09-16 23:35:27,527 [grpc-default-executor-1] INFO  client.GrpcClientProtocolClient (GrpcClientProtocolClient.java:onNext(264)) - client-C79DE3E06697->1d6da99a-ba9a-4d72-abd2-d0f1aa02f12f: receive RaftClientReply:client-C79DE3E06697->1d6da99a-ba9a-4d72-abd2-d0f1aa02f12f@group-B29EE812FB58, cid=3714, SUCCESS, logIndex=5603, commits[1d6da99a-ba9a-4d72-abd2-d0f1aa02f12f:c5605, 9dc27687-2024-46ae-8b6e-c9027bfa400e:c5601, 9c9c57da-14dc-454a-b374-789aa5e765a9:c5601]
2019-09-16 23:35:27,528 [grpc-default-executor-1] INFO  client.GrpcClientProtocolClient (GrpcClientProtocolClient.java:onNext(264)) - client-C79DE3E06697->1d6da99a-ba9a-4d72-abd2-d0f1aa02f12f: receive RaftClientReply:client-C79DE3E06697->1d6da99a-ba9a-4d72-abd2-d0f1aa02f12f@group-B29EE812FB58, cid=3715, SUCCESS, logIndex=5604, commits[1d6da99a-ba9a-4d72-abd2-d0f1aa02f12f:c5605, 9dc27687-2024-46ae-8b6e-c9027bfa400e:c5601, 9c9c57da-14dc-454a-b374-789aa5e765a9:c5601]
2019-09-16 23:35:27,528 [grpc-default-executor-6] INFO  client.GrpcClientProtocolClient (GrpcClientProtocolClient.java:onNext(264)) - client-C79DE3E06697->1d6da99a-ba9a-4d72-abd2-d0f1aa02f12f: receive RaftClientReply:client-C79DE3E06697->1d6da99a-ba9a-4d72-abd2-d0f1aa02f12f@group-B29EE812FB58, cid=3716, SUCCESS, logIndex=5605, commits[1d6da99a-ba9a-4d72-abd2-d0f1aa02f12f:c5605, 9dc27687-2024-46ae-8b6e-c9027bfa400e:c5601, 9c9c57da-14dc-454a-b374-789aa5e765a9:c5601]
2019-09-16 23:35:27,529 [grpc-default-executor-1] INFO  client.GrpcClientProtocolClient (GrpcClientProtocolClient.java:onNext(264)) - client-C79DE3E06697->1d6da99a-ba9a-4d72-abd2-d0f1aa02f12f: receive RaftClientReply:client-C79DE3E06697->1d6da99a-ba9a-4d72-abd2-d0f1aa02f12f@group-B29EE812FB58, cid=3717, SUCCESS, logIndex=0, commits[1d6da99a-ba9a-4d72-abd2-d0f1aa02f12f:c5608, 9dc27687-2024-46ae-8b6e-c9027bfa400e:c5603, 9c9c57da-14dc-454a-b374-789aa5e765a9:c5604]
2019-09-16 23:35:27,547 [grpc-default-executor-6] INFO  client.GrpcClientProtocolClient (GrpcClientProtocolClient.java:onNext(264)) - client-C79DE3E06697->1d6da99a-ba9a-4d72-abd2-d0f1aa02f12f: receive RaftClientReply:client-C79DE3E06697->1d6da99a-ba9a-4d72-abd2-d0f1aa02f12f@group-B29EE812FB58, cid=3718, SUCCESS, logIndex=5610, commits[1d6da99a-ba9a-4d72-abd2-d0f1aa02f12f:c5611, 9dc27687-2024-46ae-8b6e-c9027bfa400e:c5609, 9c9c57da-14dc-454a-b374-789aa5e765a9:c5609]
2019-09-16 23:35:27,548 [grpc-default-executor-6] INFO  client.GrpcClientProtocolClient (GrpcClientProtocolClient.java:onNext(264)) - client-C79DE3E06697->1d6da99a-ba9a-4d72-abd2-d0f1aa02f12f: receive RaftClientReply:client-C79DE3E06697->1d6da99a-ba9a-4d72-abd2-d0f1aa02f12f@group-B29EE812FB58, cid=3719, SUCCESS, logIndex=5611, commits[1d6da99a-ba9a-4d72-abd2-d0f1aa02f12f:c5611, 9dc27687-2024-46ae-8b6e-c9027bfa400e:c5609, 9c9c57da-14dc-454a-b374-789aa5e765a9:c5609]
2019-09-16 23:35:27,562 [grpc-default-executor-6] INFO  client.GrpcClientProtocolClient (GrpcClientProtocolClient.java:onNext(264)) - client-C79DE3E06697->1d6da99a-ba9a-4d72-abd2-d0f1aa02f12f: receive RaftClientReply:client-C79DE3E06697->1d6da99a-ba9a-4d72-abd2-d0f1aa02f12f@group-B29EE812FB58, cid=3720, SUCCESS, logIndex=5614, commits[1d6da99a-ba9a-4d72-abd2-d0f1aa02f12f:c5615, 9dc27687-2024-46ae-8b6e-c9027bfa400e:c5611, 9c9c57da-14dc-454a-b374-789aa5e765a9:c5611]
2019-09-16 23:35:27,562 [grpc-default-executor-6] INFO  client.GrpcClientProtocolClient (GrpcClientProtocolClient.java:onNext(264)) - client-C79DE3E06697->1d6da99a-ba9a-4d72-abd2-d0f1aa02f12f: receive RaftClientReply:client-C79DE3E06697->1d6da99a-ba9a-4d72-abd2-d0f1aa02f12f@group-B29EE812FB58, cid=3721, SUCCESS, logIndex=5615, commits[1d6da99a-ba9a-4d72-abd2-d0f1aa02f12f:c5615, 9dc27687-2024-46ae-8b6e-c9027bfa400e:c5611, 9c9c57da-14dc-454a-b374-789aa5e765a9:c5611]
2019-09-16 23:35:27,577 [grpc-default-executor-1] INFO  client.GrpcClientProtocolClient (GrpcClientProtocolClient.java:onNext(264)) - client-C79DE3E06697->1d6da99a-ba9a-4d72-abd2-d0f1aa02f12f: receive RaftClientReply:client-C79DE3E06697->1d6da99a-ba9a-4d72-abd2-d0f1aa02f12f@group-B29EE812FB58, cid=3722, SUCCESS, logIndex=0, commits[1d6da99a-ba9a-4d72-abd2-d0f1aa02f12f:c5617, 9dc27687-2024-46ae-8b6e-c9027bfa400e:c5615, 9c9c57da-14dc-454a-b374-789aa5e765a9:c5615]
2019-09-16 23:35:27,607 [grpc-default-executor-0] INFO  client.GrpcClientProtocolClient (GrpcClientProtocolClient.java:onNext(264)) - client-C79DE3E06697->1d6da99a-ba9a-4d72-abd2-d0f1aa02f12f: receive RaftClientReply:client-C79DE3E06697->1d6da99a-ba9a-4d72-abd2-d0f1aa02f12f@group-B29EE812FB58, cid=3723, SUCCESS, logIndex=5618, commits[1d6da99a-ba9a-4d72-abd2-d0f1aa02f12f:c5621, 9dc27687-2024-46ae-8b6e-c9027bfa400e:c5617, 9c9c57da-14dc-454a-b374-789aa5e765a9:c5617]
2019-09-16 23:35:27,608 [grpc-default-executor-0] INFO  client.GrpcClientProtocolClient (GrpcClientProtocolClient.java:onNext(264)) - client-C79DE3E06697->1d6da99a-ba9a-4d72-abd2-d0f1aa02f12f: receive RaftClientReply:client-C79DE3E06697->1d6da99a-ba9a-4d72-abd2-d0f1aa02f12f@group-B29EE812FB58, cid=3724, SUCCESS, logIndex=5619, commits[1d6da99a-ba9a-4d72-abd2-d0f1aa02f12f:c5621, 9dc27687-2024-46ae-8b6e-c9027bfa400e:c5617, 9c9c57da-14dc-454a-b374-789aa5e765a9:c5617]
2019-09-16 23:35:27,608 [grpc-default-executor-0] INFO  client.GrpcClientProtocolClient (GrpcClientProtocolClient.java:onNext(264)) - client-C79DE3E06697->1d6da99a-ba9a-4d72-abd2-d0f1aa02f12f: receive RaftClientReply:client-C79DE3E06697->1d6da99a-ba9a-4d72-abd2-d0f1aa02f12f@group-B29EE812FB58, cid=3725, SUCCESS, logIndex=5620, commits[1d6da99a-ba9a-4d72-abd2-d0f1aa02f12f:c5621, 9dc27687-2024-46ae-8b6e-c9027bfa400e:c5617, 9c9c57da-14dc-454a-b374-789aa5e765a9:c5617]
2019-09-16 23:35:27,608 [grpc-default-executor-0] INFO  client.GrpcClientProtocolClient (GrpcClientProtocolClient.java:onNext(264)) - client-C79DE3E06697->1d6da99a-ba9a-4d72-abd2-d0f1aa02f12f: receive RaftClientReply:client-C79DE3E06697->1d6da99a-ba9a-4d72-abd2-d0f1aa02f12f@group-B29EE812FB58, cid=3726, SUCCESS, logIndex=5621, commits[1d6da99a-ba9a-4d72-abd2-d0f1aa02f12f:c5621, 9dc27687-2024-46ae-8b6e-c9027bfa400e:c5617, 9c9c57da-14dc-454a-b374-789aa5e765a9:c5617]
2019-09-16 23:35:27,636 [grpc-default-executor-0] INFO  client.GrpcClientProtocolClient (GrpcClientProtocolClient.java:onNext(264)) - client-C79DE3E06697->1d6da99a-ba9a-4d72-abd2-d0f1aa02f12f: receive RaftClientReply:client-C79DE3E06697->1d6da99a-ba9a-4d72-abd2-d0f1aa02f12f@group-B29EE812FB58, cid=3727, SUCCESS, logIndex=0, commits[1d6da99a-ba9a-4d72-abd2-d0f1aa02f12f:c5623, 9dc27687-2024-46ae-8b6e-c9027bfa400e:c5619, 9c9c57da-14dc-454a-b374-789aa5e765a9:c5619]
2019-09-16 23:35:27,655 [grpc-default-executor-0] INFO  client.GrpcClientProtocolClient (GrpcClientProtocolClient.java:onNext(264)) - client-C79DE3E06697->1d6da99a-ba9a-4d72-abd2-d0f1aa02f12f: receive RaftClientReply:client-C79DE3E06697->1d6da99a-ba9a-4d72-abd2-d0f1aa02f12f@group-B29EE812FB58, cid=3728, SUCCESS, logIndex=5626, commits[1d6da99a-ba9a-4d72-abd2-d0f1aa02f12f:c5627, 9dc27687-2024-46ae-8b6e-c9027bfa400e:c5625, 9c9c57da-14dc-454a-b374-789aa5e765a9:c5625]
2019-09-16 23:35:27,657 [grpc-default-executor-0] INFO  client.GrpcClientProtocolClient (GrpcClientProtocolClient.java:onNext(264)) - client-C79DE3E06697->1d6da99a-ba9a-4d72-abd2-d0f1aa02f12f: receive RaftClientReply:client-C79DE3E06697->1d6da99a-ba9a-4d72-abd2-d0f1aa02f12f@group-B29EE812FB58, cid=3729, SUCCESS, logIndex=5627, commits[1d6da99a-ba9a-4d72-abd2-d0f1aa02f12f:c5627, 9dc27687-2024-46ae-8b6e-c9027bfa400e:c5625, 9c9c57da-14dc-454a-b374-789aa5e765a9:c5625]
2019-09-16 23:35:27,669 [grpc-default-executor-6] INFO  client.GrpcClientProtocolClient (GrpcClientProtocolClient.java:onNext(264)) - client-C79DE3E06697->1d6da99a-ba9a-4d72-abd2-d0f1aa02f12f: receive RaftClientReply:client-C79DE3E06697->1d6da99a-ba9a-4d72-abd2-d0f1aa02f12f@group-B29EE812FB58, cid=3730, SUCCESS, logIndex=5630, commits[1d6da99a-ba9a-4d72-abd2-d0f1aa02f12f:c5631, 9dc27687-2024-46ae-8b6e-c9027bfa400e:c5626, 9c9c57da-14dc-454a-b374-789aa5e765a9:c5627]
2019-09-16 23:35:27,669 [grpc-default-executor-6] INFO  client.GrpcClientProtocolClient (GrpcClientProtocolClient.java:onNext(264)) - client-C79DE3E06697->1d6da99a-ba9a-4d72-abd2-d0f1aa02f12f: receive RaftClientReply:client-C79DE3E06697->1d6da99a-ba9a-4d72-abd2-d0f1aa02f12f@group-B29EE812FB58, cid=3731, SUCCESS, logIndex=5631, commits[1d6da99a-ba9a-4d72-abd2-d0f1aa02f12f:c5631, 9dc27687-2024-46ae-8b6e-c9027bfa400e:c5627, 9c9c57da-14dc-454a-b374-789aa5e765a9:c5627]
2019-09-16 23:35:27,672 [grpc-default-executor-6] INFO  client.GrpcClientProtocolClient (GrpcClientProtocolClient.java:onNext(264)) - client-C79DE3E06697->1d6da99a-ba9a-4d72-abd2-d0f1aa02f12f: receive RaftClientReply:client-C79DE3E06697->1d6da99a-ba9a-4d72-abd2-d0f1aa02f12f@group-B29EE812FB58, cid=3732, SUCCESS, logIndex=0, commits[1d6da99a-ba9a-4d72-abd2-d0f1aa02f12f:c5632, 9dc27687-2024-46ae-8b6e-c9027bfa400e:c5631, 9c9c57da-14dc-454a-b374-789aa5e765a9:c5631]
2019-09-16 23:35:27,699 [grpc-default-executor-0] INFO  client.GrpcClientProtocolClient (GrpcClientProtocolClient.java:onNext(264)) - client-C79DE3E06697->1d6da99a-ba9a-4d72-abd2-d0f1aa02f12f: receive RaftClientReply:client-C79DE3E06697->1d6da99a-ba9a-4d72-abd2-d0f1aa02f12f@group-B29EE812FB58, cid=3733, SUCCESS, logIndex=5634, commits[1d6da99a-ba9a-4d72-abd2-d0f1aa02f12f:c5635, 9dc27687-2024-46ae-8b6e-c9027bfa400e:c5633, 9c9c57da-14dc-454a-b374-789aa5e765a9:c5633]
2019-09-16 23:35:27,699 [grpc-default-executor-0] INFO  client.GrpcClientProtocolClient (GrpcClientProtocolClient.java:onNext(264)) - client-C79DE3E06697->1d6da99a-ba9a-4d72-abd2-d0f1aa02f12f: receive RaftClientReply:client-C79DE3E06697->1d6da99a-ba9a-4d72-abd2-d0f1aa02f12f@group-B29EE812FB58, cid=3734, SUCCESS, logIndex=5635, commits[1d6da99a-ba9a-4d72-abd2-d0f1aa02f12f:c5637, 9dc27687-2024-46ae-8b6e-c9027bfa400e:c5633, 9c9c57da-14dc-454a-b374-789aa5e765a9:c5633]
2019-09-16 23:35:27,699 [grpc-default-executor-0] INFO  client.GrpcClientProtocolClient (GrpcClientProtocolClient.java:onNext(264)) - client-C79DE3E06697->1d6da99a-ba9a-4d72-abd2-d0f1aa02f12f: receive RaftClientReply:client-C79DE3E06697->1d6da99a-ba9a-4d72-abd2-d0f1aa02f12f@group-B29EE812FB58, cid=3735, SUCCESS, logIndex=5636, commits[1d6da99a-ba9a-4d72-abd2-d0f1aa02f12f:c5637, 9dc27687-2024-46ae-8b6e-c9027bfa400e:c5633, 9c9c57da-14dc-454a-b374-789aa5e765a9:c5633]
2019-09-16 23:35:27,700 [grpc-default-executor-0] INFO  client.GrpcClientProtocolClient (GrpcClientProtocolClient.java:onNext(264)) - client-C79DE3E06697->1d6da99a-ba9a-4d72-abd2-d0f1aa02f12f: receive RaftClientReply:client-C79DE3E06697->1d6da99a-ba9a-4d72-abd2-d0f1aa02f12f@group-B29EE812FB58, cid=3736, SUCCESS, logIndex=5637, commits[1d6da99a-ba9a-4d72-abd2-d0f1aa02f12f:c5637, 9dc27687-2024-46ae-8b6e-c9027bfa400e:c5633, 9c9c57da-14dc-454a-b374-789aa5e765a9:c5633]
2019-09-16 23:35:27,701 [grpc-default-executor-3] INFO  client.GrpcClientProtocolClient (GrpcClientProtocolClient.java:onNext(264)) - client-C79DE3E06697->1d6da99a-ba9a-4d72-abd2-d0f1aa02f12f: receive RaftClientReply:client-C79DE3E06697->1d6da99a-ba9a-4d72-abd2-d0f1aa02f12f@group-B29EE812FB58, cid=3737, SUCCESS, logIndex=0, commits[1d6da99a-ba9a-4d72-abd2-d0f1aa02f12f:c5639, 9dc27687-2024-46ae-8b6e-c9027bfa400e:c5635, 9c9c57da-14dc-454a-b374-789aa5e765a9:c5635]
2019-09-16 23:35:27,722 [grpc-default-executor-0] INFO  client.GrpcClientProtocolClient (GrpcClientProtocolClient.java:onNext(264)) - client-C79DE3E06697->1d6da99a-ba9a-4d72-abd2-d0f1aa02f12f: receive RaftClientReply:client-C79DE3E06697->1d6da99a-ba9a-4d72-abd2-d0f1aa02f12f@group-B29EE812FB58, cid=3738, SUCCESS, logIndex=5641, commits[1d6da99a-ba9a-4d72-abd2-d0f1aa02f12f:c5642, 9dc27687-2024-46ae-8b6e-c9027bfa400e:c5640, 9c9c57da-14dc-454a-b374-789aa5e765a9:c5640]
2019-09-16 23:35:27,722 [grpc-default-executor-0] INFO  client.GrpcClientProtocolClient (GrpcClientProtocolClient.java:onNext(264)) - client-C79DE3E06697->1d6da99a-ba9a-4d72-abd2-d0f1aa02f12f: receive RaftClientReply:client-C79DE3E06697->1d6da99a-ba9a-4d72-abd2-d0f1aa02f12f@group-B29EE812FB58, cid=3739, SUCCESS, logIndex=5642, commits[1d6da99a-ba9a-4d72-abd2-d0f1aa02f12f:c5642, 9dc27687-2024-46ae-8b6e-c9027bfa400e:c5640, 9c9c57da-14dc-454a-b374-789aa5e765a9:c5640]
2019-09-16 23:35:27,744 [grpc-default-executor-6] INFO  client.GrpcClientProtocolClient (GrpcClientProtocolClient.java:onNext(264)) - client-C79DE3E06697->1d6da99a-ba9a-4d72-abd2-d0f1aa02f12f: receive RaftClientReply:client-C79DE3E06697->1d6da99a-ba9a-4d72-abd2-d0f1aa02f12f@group-B29EE812FB58, cid=3740, SUCCESS, logIndex=5645, commits[1d6da99a-ba9a-4d72-abd2-d0f1aa02f12f:c5646, 9dc27687-2024-46ae-8b6e-c9027bfa400e:c5642, 9c9c57da-14dc-454a-b374-789aa5e765a9:c5642]
2019-09-16 23:35:27,744 [grpc-default-executor-6] INFO  client.GrpcClientProtocolClient (GrpcClientProtocolClient.java:onNext(264)) - client-C79DE3E06697->1d6da99a-ba9a-4d72-abd2-d0f1aa02f12f: receive RaftClientReply:client-C79DE3E06697->1d6da99a-ba9a-4d72-abd2-d0f1aa02f12f@group-B29EE812FB58, cid=3741, SUCCESS, logIndex=5646, commits[1d6da99a-ba9a-4d72-abd2-d0f1aa02f12f:c5646, 9dc27687-2024-46ae-8b6e-c9027bfa400e:c5642, 9c9c57da-14dc-454a-b374-789aa5e765a9:c5642]
2019-09-16 23:35:27,747 [grpc-default-executor-6] INFO  client.GrpcClientProtocolClient (GrpcClientProtocolClient.java:onNext(264)) - client-C79DE3E06697->1d6da99a-ba9a-4d72-abd2-d0f1aa02f12f: receive RaftClientReply:client-C79DE3E06697->1d6da99a-ba9a-4d72-abd2-d0f1aa02f12f@group-B29EE812FB58, cid=3742, SUCCESS, logIndex=0, commits[1d6da99a-ba9a-4d72-abd2-d0f1aa02f12f:c5648, 9dc27687-2024-46ae-8b6e-c9027bfa400e:c5646, 9c9c57da-14dc-454a-b374-789aa5e765a9:c5646]
2019-09-16 23:35:27,781 [grpc-default-executor-6] INFO  client.GrpcClientProtocolClient (GrpcClientProtocolClient.java:onNext(264)) - client-C79DE3E06697->1d6da99a-ba9a-4d72-abd2-d0f1aa02f12f: receive RaftClientReply:client-C79DE3E06697->1d6da99a-ba9a-4d72-abd2-d0f1aa02f12f@group-B29EE812FB58, cid=3743, SUCCESS, logIndex=5649, commits[1d6da99a-ba9a-4d72-abd2-d0f1aa02f12f:c5650, 9dc27687-2024-46ae-8b6e-c9027bfa400e:c5648, 9c9c57da-14dc-454a-b374-789aa5e765a9:c5648]
2019-09-16 23:35:27,782 [grpc-default-executor-6] INFO  client.GrpcClientProtocolClient (GrpcClientProtocolClient.java:onNext(264)) - client-C79DE3E06697->1d6da99a-ba9a-4d72-abd2-d0f1aa02f12f: receive RaftClientReply:client-C79DE3E06697->1d6da99a-ba9a-4d72-abd2-d0f1aa02f12f@group-B29EE812FB58, cid=3744, SUCCESS, logIndex=5650, commits[1d6da99a-ba9a-4d72-abd2-d0f1aa02f12f:c5651, 9dc27687-2024-46ae-8b6e-c9027bfa400e:c5648, 9c9c57da-14dc-454a-b374-789aa5e765a9:c5648]
2019-09-16 23:35:27,782 [grpc-default-executor-6] INFO  client.GrpcClientProtocolClient (GrpcClientProtocolClient.java:onNext(264)) - client-C79DE3E06697->1d6da99a-ba9a-4d72-abd2-d0f1aa02f12f: receive RaftClientReply:client-C79DE3E06697->1d6da99a-ba9a-4d72-abd2-d0f1aa02f12f@group-B29EE812FB58, cid=3745, SUCCESS, logIndex=5651, commits[1d6da99a-ba9a-4d72-abd2-d0f1aa02f12f:c5652, 9dc27687-2024-46ae-8b6e-c9027bfa400e:c5648, 9c9c57da-14dc-454a-b374-789aa5e765a9:c5648]
2019-09-16 23:35:27,782 [grpc-default-executor-6] INFO  client.GrpcClientProtocolClient (GrpcClientProtocolClient.java:onNext(264)) - client-C79DE3E06697->1d6da99a-ba9a-4d72-abd2-d0f1aa02f12f: receive RaftClientReply:client-C79DE3E06697->1d6da99a-ba9a-4d72-abd2-d0f1aa02f12f@group-B29EE812FB58, cid=3746, SUCCESS, logIndex=5652, commits[1d6da99a-ba9a-4d72-abd2-d0f1aa02f12f:c5652, 9dc27687-2024-46ae-8b6e-c9027bfa400e:c5648, 9c9c57da-14dc-454a-b374-789aa5e765a9:c5648]
2019-09-16 23:35:27,784 [grpc-default-executor-3] INFO  client.GrpcClientProtocolClient (GrpcClientProtocolClient.java:onNext(264)) - client-C79DE3E06697->1d6da99a-ba9a-4d72-abd2-d0f1aa02f12f: receive RaftClientReply:client-C79DE3E06697->1d6da99a-ba9a-4d72-abd2-d0f1aa02f12f@group-B29EE812FB58, cid=3747, SUCCESS, logIndex=0, commits[1d6da99a-ba9a-4d72-abd2-d0f1aa02f12f:c5654, 9dc27687-2024-46ae-8b6e-c9027bfa400e:c5650, 9c9c57da-14dc-454a-b374-789aa5e765a9:c5650]
2019-09-16 23:35:27,819 [grpc-default-executor-3] INFO  client.GrpcClientProtocolClient (GrpcClientProtocolClient.java:onNext(264)) - client-C79DE3E06697->1d6da99a-ba9a-4d72-abd2-d0f1aa02f12f: receive RaftClientReply:client-C79DE3E06697->1d6da99a-ba9a-4d72-abd2-d0f1aa02f12f@group-B29EE812FB58, cid=3748, SUCCESS, logIndex=5657, commits[1d6da99a-ba9a-4d72-abd2-d0f1aa02f12f:c5658, 9dc27687-2024-46ae-8b6e-c9027bfa400e:c5656, 9c9c57da-14dc-454a-b374-789aa5e765a9:c5656]
2019-09-16 23:35:27,819 [grpc-default-executor-3] INFO  client.GrpcClientProtocolClient (GrpcClientProtocolClient.java:onNext(264)) - client-C79DE3E06697->1d6da99a-ba9a-4d72-abd2-d0f1aa02f12f: receive RaftClientReply:client-C79DE3E06697->1d6da99a-ba9a-4d72-abd2-d0f1aa02f12f@group-B29EE812FB58, cid=3749, SUCCESS, logIndex=5658, commits[1d6da99a-ba9a-4d72-abd2-d0f1aa02f12f:c5658, 9dc27687-2024-46ae-8b6e-c9027bfa400e:c5656, 9c9c57da-14dc-454a-b374-789aa5e765a9:c5656]
2019-09-16 23:35:27,831 [grpc-default-executor-3] INFO  client.GrpcClientProtocolClient (GrpcClientProtocolClient.java:onNext(264)) - client-C79DE3E06697->1d6da99a-ba9a-4d72-abd2-d0f1aa02f12f: receive RaftClientReply:client-C79DE3E06697->1d6da99a-ba9a-4d72-abd2-d0f1aa02f12f@group-B29EE812FB58, cid=3750, SUCCESS, logIndex=5661, commits[1d6da99a-ba9a-4d72-abd2-d0f1aa02f12f:c5661, 9dc27687-2024-46ae-8b6e-c9027bfa400e:c5658, 9c9c57da-14dc-454a-b374-789aa5e765a9:c5658]
2019-09-16 23:35:27,831 [grpc-default-executor-3] INFO  client.GrpcClientProtocolClient (GrpcClientProtocolClient.java:onNext(264)) - client-C79DE3E06697->1d6da99a-ba9a-4d72-abd2-d0f1aa02f12f: receive RaftClientReply:client-C79DE3E06697->1d6da99a-ba9a-4d72-abd2-d0f1aa02f12f@group-B29EE812FB58, cid=3751, SUCCESS, logIndex=5662, commits[1d6da99a-ba9a-4d72-abd2-d0f1aa02f12f:c5662, 9dc27687-2024-46ae-8b6e-c9027bfa400e:c5658, 9c9c57da-14dc-454a-b374-789aa5e765a9:c5658]
2019-09-16 23:35:27,834 [grpc-default-executor-3] INFO  client.GrpcClientProtocolClient (GrpcClientProtocolClient.java:onNext(264)) - client-C79DE3E06697->1d6da99a-ba9a-4d72-abd2-d0f1aa02f12f: receive RaftClientReply:client-C79DE3E06697->1d6da99a-ba9a-4d72-abd2-d0f1aa02f12f@group-B29EE812FB58, cid=3752, SUCCESS, logIndex=0, commits[1d6da99a-ba9a-4d72-abd2-d0f1aa02f12f:c5664, 9dc27687-2024-46ae-8b6e-c9027bfa400e:c5662, 9c9c57da-14dc-454a-b374-789aa5e765a9:c5662]
2019-09-16 23:35:27,860 [grpc-default-executor-1] INFO  client.GrpcClientProtocolClient (GrpcClientProtocolClient.java:onNext(264)) - client-C79DE3E06697->1d6da99a-ba9a-4d72-abd2-d0f1aa02f12f: receive RaftClientReply:client-C79DE3E06697->1d6da99a-ba9a-4d72-abd2-d0f1aa02f12f@group-B29EE812FB58, cid=3753, SUCCESS, logIndex=5665, commits[1d6da99a-ba9a-4d72-abd2-d0f1aa02f12f:c5666, 9dc27687-2024-46ae-8b6e-c9027bfa400e:c5664, 9c9c57da-14dc-454a-b374-789aa5e765a9:c5664]
2019-09-16 23:35:27,861 [grpc-default-executor-1] INFO  client.GrpcClientProtocolClient (GrpcClientProtocolClient.java:onNext(264)) - client-C79DE3E06697->1d6da99a-ba9a-4d72-abd2-d0f1aa02f12f: receive RaftClientReply:client-C79DE3E06697->1d6da99a-ba9a-4d72-abd2-d0f1aa02f12f@group-B29EE812FB58, cid=3754, SUCCESS, logIndex=5666, commits[1d6da99a-ba9a-4d72-abd2-d0f1aa02f12f:c5668, 9dc27687-2024-46ae-8b6e-c9027bfa400e:c5664, 9c9c57da-14dc-454a-b374-789aa5e765a9:c5664]
2019-09-16 23:35:27,861 [grpc-default-executor-1] INFO  client.GrpcClientProtocolClient (GrpcClientProtocolClient.java:onNext(264)) - client-C79DE3E06697->1d6da99a-ba9a-4d72-abd2-d0f1aa02f12f: receive RaftClientReply:client-C79DE3E06697->1d6da99a-ba9a-4d72-abd2-d0f1aa02f12f@group-B29EE812FB58, cid=3755, SUCCESS, logIndex=5667, commits[1d6da99a-ba9a-4d72-abd2-d0f1aa02f12f:c5668, 9dc27687-2024-46ae-8b6e-c9027bfa400e:c5664, 9c9c57da-14dc-454a-b374-789aa5e765a9:c5664]
2019-09-16 23:35:27,861 [grpc-default-executor-1] INFO  client.GrpcClientProtocolClient (GrpcClientProtocolClient.java:onNext(264)) - client-C79DE3E06697->1d6da99a-ba9a-4d72-abd2-d0f1aa02f12f: receive RaftClientReply:client-C79DE3E06697->1d6da99a-ba9a-4d72-abd2-d0f1aa02f12f@group-B29EE812FB58, cid=3756, SUCCESS, logIndex=5668, commits[1d6da99a-ba9a-4d72-abd2-d0f1aa02f12f:c5669, 9dc27687-2024-46ae-8b6e-c9027bfa400e:c5664, 9c9c57da-14dc-454a-b374-789aa5e765a9:c5665]
2019-09-16 23:35:27,863 [grpc-default-executor-0] INFO  client.GrpcClientProtocolClient (GrpcClientProtocolClient.java:onNext(264)) - client-C79DE3E06697->1d6da99a-ba9a-4d72-abd2-d0f1aa02f12f: receive RaftClientReply:client-C79DE3E06697->1d6da99a-ba9a-4d72-abd2-d0f1aa02f12f@group-B29EE812FB58, cid=3757, SUCCESS, logIndex=0, commits[1d6da99a-ba9a-4d72-abd2-d0f1aa02f12f:c5669, 9dc27687-2024-46ae-8b6e-c9027bfa400e:c5666, 9c9c57da-14dc-454a-b374-789aa5e765a9:c5666]
2019-09-16 23:35:27,919 [grpc-default-executor-0] INFO  client.GrpcClientProtocolClient (GrpcClientProtocolClient.java:onNext(264)) - client-C79DE3E06697->1d6da99a-ba9a-4d72-abd2-d0f1aa02f12f: receive RaftClientReply:client-C79DE3E06697->1d6da99a-ba9a-4d72-abd2-d0f1aa02f12f@group-B29EE812FB58, cid=3758, SUCCESS, logIndex=5673, commits[1d6da99a-ba9a-4d72-abd2-d0f1aa02f12f:c5674, 9dc27687-2024-46ae-8b6e-c9027bfa400e:c5672, 9c9c57da-14dc-454a-b374-789aa5e765a9:c5672]
2019-09-16 23:35:27,919 [grpc-default-executor-0] INFO  client.GrpcClientProtocolClient (GrpcClientProtocolClient.java:onNext(264)) - client-C79DE3E06697->1d6da99a-ba9a-4d72-abd2-d0f1aa02f12f: receive RaftClientReply:client-C79DE3E06697->1d6da99a-ba9a-4d72-abd2-d0f1aa02f12f@group-B29EE812FB58, cid=3759, SUCCESS, logIndex=5674, commits[1d6da99a-ba9a-4d72-abd2-d0f1aa02f12f:c5674, 9dc27687-2024-46ae-8b6e-c9027bfa400e:c5672, 9c9c57da-14dc-454a-b374-789aa5e765a9:c5672]
2019-09-16 23:35:27,944 [grpc-default-executor-6] INFO  client.GrpcClientProtocolClient (GrpcClientProtocolClient.java:onNext(264)) - client-C79DE3E06697->1d6da99a-ba9a-4d72-abd2-d0f1aa02f12f: receive RaftClientReply:client-C79DE3E06697->1d6da99a-ba9a-4d72-abd2-d0f1aa02f12f@group-B29EE812FB58, cid=3760, SUCCESS, logIndex=5677, commits[1d6da99a-ba9a-4d72-abd2-d0f1aa02f12f:c5678, 9dc27687-2024-46ae-8b6e-c9027bfa400e:c5674, 9c9c57da-14dc-454a-b374-789aa5e765a9:c5674]
2019-09-16 23:35:27,945 [grpc-default-executor-6] INFO  client.GrpcClientProtocolClient (GrpcClientProtocolClient.java:onNext(264)) - client-C79DE3E06697->1d6da99a-ba9a-4d72-abd2-d0f1aa02f12f: receive RaftClientReply:client-C79DE3E06697->1d6da99a-ba9a-4d72-abd2-d0f1aa02f12f@group-B29EE812FB58, cid=3761, SUCCESS, logIndex=5678, commits[1d6da99a-ba9a-4d72-abd2-d0f1aa02f12f:c5678, 9dc27687-2024-46ae-8b6e-c9027bfa400e:c5674, 9c9c57da-14dc-454a-b374-789aa5e765a9:c5674]
2019-09-16 23:35:27,946 [grpc-default-executor-6] INFO  client.GrpcClientProtocolClient (GrpcClientProtocolClient.java:onNext(264)) - client-C79DE3E06697->1d6da99a-ba9a-4d72-abd2-d0f1aa02f12f: receive RaftClientReply:client-C79DE3E06697->1d6da99a-ba9a-4d72-abd2-d0f1aa02f12f@group-B29EE812FB58, cid=3762, SUCCESS, logIndex=0, commits[1d6da99a-ba9a-4d72-abd2-d0f1aa02f12f:c5680, 9dc27687-2024-46ae-8b6e-c9027bfa400e:c5678, 9c9c57da-14dc-454a-b374-789aa5e765a9:c5678]
 0.00% |█                                                                                                    |  0/1 Time: 0:00:452019-09-16 23:35:27,977 [grpc-default-executor-0] INFO  client.GrpcClientProtocolClient (GrpcClientProtocolClient.java:onNext(264)) - client-C79DE3E06697->1d6da99a-ba9a-4d72-abd2-d0f1aa02f12f: receive RaftClientReply:client-C79DE3E06697->1d6da99a-ba9a-4d72-abd2-d0f1aa02f12f@group-B29EE812FB58, cid=3763, SUCCESS, logIndex=5681, commits[1d6da99a-ba9a-4d72-abd2-d0f1aa02f12f:c5682, 9dc27687-2024-46ae-8b6e-c9027bfa400e:c5680, 9c9c57da-14dc-454a-b374-789aa5e765a9:c5680]
2019-09-16 23:35:27,978 [grpc-default-executor-0] INFO  client.GrpcClientProtocolClient (GrpcClientProtocolClient.java:onNext(264)) - client-C79DE3E06697->1d6da99a-ba9a-4d72-abd2-d0f1aa02f12f: receive RaftClientReply:client-C79DE3E06697->1d6da99a-ba9a-4d72-abd2-d0f1aa02f12f@group-B29EE812FB58, cid=3764, SUCCESS, logIndex=5682, commits[1d6da99a-ba9a-4d72-abd2-d0f1aa02f12f:c5682, 9dc27687-2024-46ae-8b6e-c9027bfa400e:c5680, 9c9c57da-14dc-454a-b374-789aa5e765a9:c5680]
2019-09-16 23:35:27,985 [grpc-default-executor-0] INFO  client.GrpcClientProtocolClient (GrpcClientProtocolClient.java:onNext(264)) - client-C79DE3E06697->1d6da99a-ba9a-4d72-abd2-d0f1aa02f12f: receive RaftClientReply:client-C79DE3E06697->1d6da99a-ba9a-4d72-abd2-d0f1aa02f12f@group-B29EE812FB58, cid=3765, SUCCESS, logIndex=5683, commits[1d6da99a-ba9a-4d72-abd2-d0f1aa02f12f:c5684, 9dc27687-2024-46ae-8b6e-c9027bfa400e:c5680, 9c9c57da-14dc-454a-b374-789aa5e765a9:c5680]
2019-09-16 23:35:27,985 [grpc-default-executor-0] INFO  client.GrpcClientProtocolClient (GrpcClientProtocolClient.java:onNext(264)) - client-C79DE3E06697->1d6da99a-ba9a-4d72-abd2-d0f1aa02f12f: receive RaftClientReply:client-C79DE3E06697->1d6da99a-ba9a-4d72-abd2-d0f1aa02f12f@group-B29EE812FB58, cid=3766, SUCCESS, logIndex=5684, commits[1d6da99a-ba9a-4d72-abd2-d0f1aa02f12f:c5684, 9dc27687-2024-46ae-8b6e-c9027bfa400e:c5680, 9c9c57da-14dc-454a-b374-789aa5e765a9:c5680]
2019-09-16 23:35:27,988 [grpc-default-executor-0] INFO  client.GrpcClientProtocolClient (GrpcClientProtocolClient.java:onNext(264)) - client-C79DE3E06697->1d6da99a-ba9a-4d72-abd2-d0f1aa02f12f: receive RaftClientReply:client-C79DE3E06697->1d6da99a-ba9a-4d72-abd2-d0f1aa02f12f@group-B29EE812FB58, cid=3767, SUCCESS, logIndex=0, commits[1d6da99a-ba9a-4d72-abd2-d0f1aa02f12f:c5684, 9dc27687-2024-46ae-8b6e-c9027bfa400e:c5682, 9c9c57da-14dc-454a-b374-789aa5e765a9:c5682]
2019-09-16 23:35:28,000 [grpc-default-executor-0] INFO  client.GrpcClientProtocolClient (GrpcClientProtocolClient.java:onNext(264)) - client-C79DE3E06697->1d6da99a-ba9a-4d72-abd2-d0f1aa02f12f: receive RaftClientReply:client-C79DE3E06697->1d6da99a-ba9a-4d72-abd2-d0f1aa02f12f@group-B29EE812FB58, cid=3768, SUCCESS, logIndex=5688, commits[1d6da99a-ba9a-4d72-abd2-d0f1aa02f12f:c5689, 9dc27687-2024-46ae-8b6e-c9027bfa400e:c5682, 9c9c57da-14dc-454a-b374-789aa5e765a9:c5684]
2019-09-16 23:35:28,001 [grpc-default-executor-0] INFO  client.GrpcClientProtocolClient (GrpcClientProtocolClient.java:onNext(264)) - client-C79DE3E06697->1d6da99a-ba9a-4d72-abd2-d0f1aa02f12f: receive RaftClientReply:client-C79DE3E06697->1d6da99a-ba9a-4d72-abd2-d0f1aa02f12f@group-B29EE812FB58, cid=3769, SUCCESS, logIndex=5689, commits[1d6da99a-ba9a-4d72-abd2-d0f1aa02f12f:c5689, 9dc27687-2024-46ae-8b6e-c9027bfa400e:c5684, 9c9c57da-14dc-454a-b374-789aa5e765a9:c5684]
2019-09-16 23:35:28,019 [grpc-default-executor-6] INFO  client.GrpcClientProtocolClient (GrpcClientProtocolClient.java:onNext(264)) - client-C79DE3E06697->1d6da99a-ba9a-4d72-abd2-d0f1aa02f12f: receive RaftClientReply:client-C79DE3E06697->1d6da99a-ba9a-4d72-abd2-d0f1aa02f12f@group-B29EE812FB58, cid=3770, SUCCESS, logIndex=5692, commits[1d6da99a-ba9a-4d72-abd2-d0f1aa02f12f:c5693, 9dc27687-2024-46ae-8b6e-c9027bfa400e:c5691, 9c9c57da-14dc-454a-b374-789aa5e765a9:c5691]
2019-09-16 23:35:28,020 [grpc-default-executor-6] INFO  client.GrpcClientProtocolClient (GrpcClientProtocolClient.java:onNext(264)) - client-C79DE3E06697->1d6da99a-ba9a-4d72-abd2-d0f1aa02f12f: receive RaftClientReply:client-C79DE3E06697->1d6da99a-ba9a-4d72-abd2-d0f1aa02f12f@group-B29EE812FB58, cid=3771, SUCCESS, logIndex=5693, commits[1d6da99a-ba9a-4d72-abd2-d0f1aa02f12f:c5693, 9dc27687-2024-46ae-8b6e-c9027bfa400e:c5691, 9c9c57da-14dc-454a-b374-789aa5e765a9:c5691]
2019-09-16 23:35:28,023 [grpc-default-executor-6] INFO  client.GrpcClientProtocolClient (GrpcClientProtocolClient.java:onNext(264)) - client-C79DE3E06697->1d6da99a-ba9a-4d72-abd2-d0f1aa02f12f: receive RaftClientReply:client-C79DE3E06697->1d6da99a-ba9a-4d72-abd2-d0f1aa02f12f@group-B29EE812FB58, cid=3772, SUCCESS, logIndex=0, commits[1d6da99a-ba9a-4d72-abd2-d0f1aa02f12f:c5695, 9dc27687-2024-46ae-8b6e-c9027bfa400e:c5693, 9c9c57da-14dc-454a-b374-789aa5e765a9:c5693]
2019-09-16 23:35:28,234 [grpc-default-executor-0] INFO  client.GrpcClientProtocolClient (GrpcClientProtocolClient.java:onNext(264)) - client-C79DE3E06697->1d6da99a-ba9a-4d72-abd2-d0f1aa02f12f: receive RaftClientReply:client-C79DE3E06697->1d6da99a-ba9a-4d72-abd2-d0f1aa02f12f@group-B29EE812FB58, cid=3773, SUCCESS, logIndex=5696, commits[1d6da99a-ba9a-4d72-abd2-d0f1aa02f12f:c5697, 9dc27687-2024-46ae-8b6e-c9027bfa400e:c5695, 9c9c57da-14dc-454a-b374-789aa5e765a9:c5695]
2019-09-16 23:35:28,234 [grpc-default-executor-1] INFO  client.GrpcClientProtocolClient (GrpcClientProtocolClient.java:onNext(264)) - client-C79DE3E06697->1d6da99a-ba9a-4d72-abd2-d0f1aa02f12f: receive RaftClientReply:client-C79DE3E06697->1d6da99a-ba9a-4d72-abd2-d0f1aa02f12f@group-B29EE812FB58, cid=3774, SUCCESS, logIndex=5697, commits[1d6da99a-ba9a-4d72-abd2-d0f1aa02f12f:c5697, 9dc27687-2024-46ae-8b6e-c9027bfa400e:c5695, 9c9c57da-14dc-454a-b374-789aa5e765a9:c5695]
2019-09-16 23:35:28,235 [grpc-default-executor-1] INFO  client.GrpcClientProtocolClient (GrpcClientProtocolClient.java:onNext(264)) - client-C79DE3E06697->1d6da99a-ba9a-4d72-abd2-d0f1aa02f12f: receive RaftClientReply:client-C79DE3E06697->1d6da99a-ba9a-4d72-abd2-d0f1aa02f12f@group-B29EE812FB58, cid=3775, SUCCESS, logIndex=5698, commits[1d6da99a-ba9a-4d72-abd2-d0f1aa02f12f:c5698, 9dc27687-2024-46ae-8b6e-c9027bfa400e:c5695, 9c9c57da-14dc-454a-b374-789aa5e765a9:c5695]
2019-09-16 23:35:28,235 [grpc-default-executor-1] INFO  client.GrpcClientProtocolClient (GrpcClientProtocolClient.java:onNext(264)) - client-C79DE3E06697->1d6da99a-ba9a-4d72-abd2-d0f1aa02f12f: receive RaftClientReply:client-C79DE3E06697->1d6da99a-ba9a-4d72-abd2-d0f1aa02f12f@group-B29EE812FB58, cid=3776, SUCCESS, logIndex=5699, commits[1d6da99a-ba9a-4d72-abd2-d0f1aa02f12f:c5699, 9dc27687-2024-46ae-8b6e-c9027bfa400e:c5695, 9c9c57da-14dc-454a-b374-789aa5e765a9:c5695]
2019-09-16 23:35:28,236 [grpc-default-executor-1] INFO  client.GrpcClientProtocolClient (GrpcClientProtocolClient.java:onNext(264)) - client-C79DE3E06697->1d6da99a-ba9a-4d72-abd2-d0f1aa02f12f: receive RaftClientReply:client-C79DE3E06697->1d6da99a-ba9a-4d72-abd2-d0f1aa02f12f@group-B29EE812FB58, cid=3777, SUCCESS, logIndex=0, commits[1d6da99a-ba9a-4d72-abd2-d0f1aa02f12f:c5702, 9dc27687-2024-46ae-8b6e-c9027bfa400e:c5698, 9c9c57da-14dc-454a-b374-789aa5e765a9:c5697]
2019-09-16 23:35:28,256 [grpc-default-executor-3] INFO  client.GrpcClientProtocolClient (GrpcClientProtocolClient.java:onNext(264)) - client-C79DE3E06697->1d6da99a-ba9a-4d72-abd2-d0f1aa02f12f: receive RaftClientReply:client-C79DE3E06697->1d6da99a-ba9a-4d72-abd2-d0f1aa02f12f@group-B29EE812FB58, cid=3778, SUCCESS, logIndex=5704, commits[1d6da99a-ba9a-4d72-abd2-d0f1aa02f12f:c5705, 9dc27687-2024-46ae-8b6e-c9027bfa400e:c5703, 9c9c57da-14dc-454a-b374-789aa5e765a9:c5703]
2019-09-16 23:35:28,256 [grpc-default-executor-3] INFO  client.GrpcClientProtocolClient (GrpcClientProtocolClient.java:onNext(264)) - client-C79DE3E06697->1d6da99a-ba9a-4d72-abd2-d0f1aa02f12f: receive RaftClientReply:client-C79DE3E06697->1d6da99a-ba9a-4d72-abd2-d0f1aa02f12f@group-B29EE812FB58, cid=3779, SUCCESS, logIndex=5705, commits[1d6da99a-ba9a-4d72-abd2-d0f1aa02f12f:c5705, 9dc27687-2024-46ae-8b6e-c9027bfa400e:c5703, 9c9c57da-14dc-454a-b374-789aa5e765a9:c5703]
2019-09-16 23:35:28,269 [grpc-default-executor-1] INFO  client.GrpcClientProtocolClient (GrpcClientProtocolClient.java:onNext(264)) - client-C79DE3E06697->1d6da99a-ba9a-4d72-abd2-d0f1aa02f12f: receive RaftClientReply:client-C79DE3E06697->1d6da99a-ba9a-4d72-abd2-d0f1aa02f12f@group-B29EE812FB58, cid=3780, SUCCESS, logIndex=5708, commits[1d6da99a-ba9a-4d72-abd2-d0f1aa02f12f:c5709, 9dc27687-2024-46ae-8b6e-c9027bfa400e:c5705, 9c9c57da-14dc-454a-b374-789aa5e765a9:c5705]
2019-09-16 23:35:28,270 [grpc-default-executor-1] INFO  client.GrpcClientProtocolClient (GrpcClientProtocolClient.java:onNext(264)) - client-C79DE3E06697->1d6da99a-ba9a-4d72-abd2-d0f1aa02f12f: receive RaftClientReply:client-C79DE3E06697->1d6da99a-ba9a-4d72-abd2-d0f1aa02f12f@group-B29EE812FB58, cid=3781, SUCCESS, logIndex=5709, commits[1d6da99a-ba9a-4d72-abd2-d0f1aa02f12f:c5709, 9dc27687-2024-46ae-8b6e-c9027bfa400e:c5705, 9c9c57da-14dc-454a-b374-789aa5e765a9:c5705]
2019-09-16 23:35:28,281 [grpc-default-executor-1] INFO  client.GrpcClientProtocolClient (GrpcClientProtocolClient.java:onNext(264)) - client-C79DE3E06697->1d6da99a-ba9a-4d72-abd2-d0f1aa02f12f: receive RaftClientReply:client-C79DE3E06697->1d6da99a-ba9a-4d72-abd2-d0f1aa02f12f@group-B29EE812FB58, cid=3782, SUCCESS, logIndex=0, commits[1d6da99a-ba9a-4d72-abd2-d0f1aa02f12f:c5710, 9dc27687-2024-46ae-8b6e-c9027bfa400e:c5709, 9c9c57da-14dc-454a-b374-789aa5e765a9:c5709]
2019-09-16 23:35:28,309 [grpc-default-executor-1] INFO  client.GrpcClientProtocolClient (GrpcClientProtocolClient.java:onNext(264)) - client-C79DE3E06697->1d6da99a-ba9a-4d72-abd2-d0f1aa02f12f: receive RaftClientReply:client-C79DE3E06697->1d6da99a-ba9a-4d72-abd2-d0f1aa02f12f@group-B29EE812FB58, cid=3783, SUCCESS, logIndex=5711, commits[1d6da99a-ba9a-4d72-abd2-d0f1aa02f12f:c5712, 9dc27687-2024-46ae-8b6e-c9027bfa400e:c5709, 9c9c57da-14dc-454a-b374-789aa5e765a9:c5710]
2019-09-16 23:35:28,310 [grpc-default-executor-6] INFO  client.GrpcClientProtocolClient (GrpcClientProtocolClient.java:onNext(264)) - client-C79DE3E06697->1d6da99a-ba9a-4d72-abd2-d0f1aa02f12f: receive RaftClientReply:client-C79DE3E06697->1d6da99a-ba9a-4d72-abd2-d0f1aa02f12f@group-B29EE812FB58, cid=3784, SUCCESS, logIndex=5712, commits[1d6da99a-ba9a-4d72-abd2-d0f1aa02f12f:c5712, 9dc27687-2024-46ae-8b6e-c9027bfa400e:c5709, 9c9c57da-14dc-454a-b374-789aa5e765a9:c5710]
2019-09-16 23:35:28,310 [grpc-default-executor-6] INFO  client.GrpcClientProtocolClient (GrpcClientProtocolClient.java:onNext(264)) - client-C79DE3E06697->1d6da99a-ba9a-4d72-abd2-d0f1aa02f12f: receive RaftClientReply:client-C79DE3E06697->1d6da99a-ba9a-4d72-abd2-d0f1aa02f12f@group-B29EE812FB58, cid=3785, SUCCESS, logIndex=5713, commits[1d6da99a-ba9a-4d72-abd2-d0f1aa02f12f:c5713, 9dc27687-2024-46ae-8b6e-c9027bfa400e:c5710, 9c9c57da-14dc-454a-b374-789aa5e765a9:c5710]
2019-09-16 23:35:28,311 [grpc-default-executor-6] INFO  client.GrpcClientProtocolClient (GrpcClientProtocolClient.java:onNext(264)) - client-C79DE3E06697->1d6da99a-ba9a-4d72-abd2-d0f1aa02f12f: receive RaftClientReply:client-C79DE3E06697->1d6da99a-ba9a-4d72-abd2-d0f1aa02f12f@group-B29EE812FB58, cid=3786, SUCCESS, logIndex=5714, commits[1d6da99a-ba9a-4d72-abd2-d0f1aa02f12f:c5714, 9dc27687-2024-46ae-8b6e-c9027bfa400e:c5710, 9c9c57da-14dc-454a-b374-789aa5e765a9:c5710]
2019-09-16 23:35:28,313 [grpc-default-executor-6] INFO  client.GrpcClientProtocolClient (GrpcClientProtocolClient.java:onNext(264)) - client-C79DE3E06697->1d6da99a-ba9a-4d72-abd2-d0f1aa02f12f: receive RaftClientReply:client-C79DE3E06697->1d6da99a-ba9a-4d72-abd2-d0f1aa02f12f@group-B29EE812FB58, cid=3787, SUCCESS, logIndex=0, commits[1d6da99a-ba9a-4d72-abd2-d0f1aa02f12f:c5716, 9dc27687-2024-46ae-8b6e-c9027bfa400e:c5712, 9c9c57da-14dc-454a-b374-789aa5e765a9:c5712]
2019-09-16 23:35:28,326 [grpc-default-executor-6] INFO  client.GrpcClientProtocolClient (GrpcClientProtocolClient.java:onNext(264)) - client-C79DE3E06697->1d6da99a-ba9a-4d72-abd2-d0f1aa02f12f: receive RaftClientReply:client-C79DE3E06697->1d6da99a-ba9a-4d72-abd2-d0f1aa02f12f@group-B29EE812FB58, cid=3788, SUCCESS, logIndex=5719, commits[1d6da99a-ba9a-4d72-abd2-d0f1aa02f12f:c5720, 9dc27687-2024-46ae-8b6e-c9027bfa400e:c5714, 9c9c57da-14dc-454a-b374-789aa5e765a9:c5717]
2019-09-16 23:35:28,326 [grpc-default-executor-6] INFO  client.GrpcClientProtocolClient (GrpcClientProtocolClient.java:onNext(264)) - client-C79DE3E06697->1d6da99a-ba9a-4d72-abd2-d0f1aa02f12f: receive RaftClientReply:client-C79DE3E06697->1d6da99a-ba9a-4d72-abd2-d0f1aa02f12f@group-B29EE812FB58, cid=3789, SUCCESS, logIndex=5720, commits[1d6da99a-ba9a-4d72-abd2-d0f1aa02f12f:c5720, 9dc27687-2024-46ae-8b6e-c9027bfa400e:c5717, 9c9c57da-14dc-454a-b374-789aa5e765a9:c5717]
2019-09-16 23:35:28,340 [grpc-default-executor-6] INFO  client.GrpcClientProtocolClient (GrpcClientProtocolClient.java:onNext(264)) - client-C79DE3E06697->1d6da99a-ba9a-4d72-abd2-d0f1aa02f12f: receive RaftClientReply:client-C79DE3E06697->1d6da99a-ba9a-4d72-abd2-d0f1aa02f12f@group-B29EE812FB58, cid=3790, SUCCESS, logIndex=5722, commits[1d6da99a-ba9a-4d72-abd2-d0f1aa02f12f:c5723, 9dc27687-2024-46ae-8b6e-c9027bfa400e:c5721, 9c9c57da-14dc-454a-b374-789aa5e765a9:c5721]
2019-09-16 23:35:28,340 [grpc-default-executor-6] INFO  client.GrpcClientProtocolClient (GrpcClientProtocolClient.java:onNext(264)) - client-C79DE3E06697->1d6da99a-ba9a-4d72-abd2-d0f1aa02f12f: receive RaftClientReply:client-C79DE3E06697->1d6da99a-ba9a-4d72-abd2-d0f1aa02f12f@group-B29EE812FB58, cid=3791, SUCCESS, logIndex=5723, commits[1d6da99a-ba9a-4d72-abd2-d0f1aa02f12f:c5723, 9dc27687-2024-46ae-8b6e-c9027bfa400e:c5721, 9c9c57da-14dc-454a-b374-789aa5e765a9:c5721]
2019-09-16 23:35:28,342 [grpc-default-executor-3] INFO  client.GrpcClientProtocolClient (GrpcClientProtocolClient.java:onNext(264)) - client-C79DE3E06697->1d6da99a-ba9a-4d72-abd2-d0f1aa02f12f: receive RaftClientReply:client-C79DE3E06697->1d6da99a-ba9a-4d72-abd2-d0f1aa02f12f@group-B29EE812FB58, cid=3792, SUCCESS, logIndex=0, commits[1d6da99a-ba9a-4d72-abd2-d0f1aa02f12f:c5725, 9dc27687-2024-46ae-8b6e-c9027bfa400e:c5723, 9c9c57da-14dc-454a-b374-789aa5e765a9:c5723]
2019-09-16 23:35:28,369 [grpc-default-executor-0] INFO  client.GrpcClientProtocolClient (GrpcClientProtocolClient.java:onNext(264)) - client-C79DE3E06697->1d6da99a-ba9a-4d72-abd2-d0f1aa02f12f: receive RaftClientReply:client-C79DE3E06697->1d6da99a-ba9a-4d72-abd2-d0f1aa02f12f@group-B29EE812FB58, cid=3793, SUCCESS, logIndex=5726, commits[1d6da99a-ba9a-4d72-abd2-d0f1aa02f12f:c5726, 9dc27687-2024-46ae-8b6e-c9027bfa400e:c5725, 9c9c57da-14dc-454a-b374-789aa5e765a9:c5725]
2019-09-16 23:35:28,370 [grpc-default-executor-0] INFO  client.GrpcClientProtocolClient (GrpcClientProtocolClient.java:onNext(264)) - client-C79DE3E06697->1d6da99a-ba9a-4d72-abd2-d0f1aa02f12f: receive RaftClientReply:client-C79DE3E06697->1d6da99a-ba9a-4d72-abd2-d0f1aa02f12f@group-B29EE812FB58, cid=3794, SUCCESS, logIndex=5727, commits[1d6da99a-ba9a-4d72-abd2-d0f1aa02f12f:c5729, 9dc27687-2024-46ae-8b6e-c9027bfa400e:c5725, 9c9c57da-14dc-454a-b374-789aa5e765a9:c5725]
2019-09-16 23:35:28,370 [grpc-default-executor-0] INFO  client.GrpcClientProtocolClient (GrpcClientProtocolClient.java:onNext(264)) - client-C79DE3E06697->1d6da99a-ba9a-4d72-abd2-d0f1aa02f12f: receive RaftClientReply:client-C79DE3E06697->1d6da99a-ba9a-4d72-abd2-d0f1aa02f12f@group-B29EE812FB58, cid=3795, SUCCESS, logIndex=5728, commits[1d6da99a-ba9a-4d72-abd2-d0f1aa02f12f:c5729, 9dc27687-2024-46ae-8b6e-c9027bfa400e:c5725, 9c9c57da-14dc-454a-b374-789aa5e765a9:c5725]
2019-09-16 23:35:28,370 [grpc-default-executor-0] INFO  client.GrpcClientProtocolClient (GrpcClientProtocolClient.java:onNext(264)) - client-C79DE3E06697->1d6da99a-ba9a-4d72-abd2-d0f1aa02f12f: receive RaftClientReply:client-C79DE3E06697->1d6da99a-ba9a-4d72-abd2-d0f1aa02f12f@group-B29EE812FB58, cid=3796, SUCCESS, logIndex=5729, commits[1d6da99a-ba9a-4d72-abd2-d0f1aa02f12f:c5729, 9dc27687-2024-46ae-8b6e-c9027bfa400e:c5725, 9c9c57da-14dc-454a-b374-789aa5e765a9:c5725]
2019-09-16 23:35:28,382 [grpc-default-executor-0] INFO  client.GrpcClientProtocolClient (GrpcClientProtocolClient.java:onNext(264)) - client-C79DE3E06697->1d6da99a-ba9a-4d72-abd2-d0f1aa02f12f: receive RaftClientReply:client-C79DE3E06697->1d6da99a-ba9a-4d72-abd2-d0f1aa02f12f@group-B29EE812FB58, cid=3797, SUCCESS, logIndex=0, commits[1d6da99a-ba9a-4d72-abd2-d0f1aa02f12f:c5732, 9dc27687-2024-46ae-8b6e-c9027bfa400e:c5727, 9c9c57da-14dc-454a-b374-789aa5e765a9:c5729]
2019-09-16 23:35:28,401 [grpc-default-executor-0] INFO  client.GrpcClientProtocolClient (GrpcClientProtocolClient.java:onNext(264)) - client-C79DE3E06697->1d6da99a-ba9a-4d72-abd2-d0f1aa02f12f: receive RaftClientReply:client-C79DE3E06697->1d6da99a-ba9a-4d72-abd2-d0f1aa02f12f@group-B29EE812FB58, cid=3798, SUCCESS, logIndex=5734, commits[1d6da99a-ba9a-4d72-abd2-d0f1aa02f12f:c5735, 9dc27687-2024-46ae-8b6e-c9027bfa400e:c5733, 9c9c57da-14dc-454a-b374-789aa5e765a9:c5733]
2019-09-16 23:35:28,402 [grpc-default-executor-0] INFO  client.GrpcClientProtocolClient (GrpcClientProtocolClient.java:onNext(264)) - client-C79DE3E06697->1d6da99a-ba9a-4d72-abd2-d0f1aa02f12f: receive RaftClientReply:client-C79DE3E06697->1d6da99a-ba9a-4d72-abd2-d0f1aa02f12f@group-B29EE812FB58, cid=3799, SUCCESS, logIndex=5735, commits[1d6da99a-ba9a-4d72-abd2-d0f1aa02f12f:c5735, 9dc27687-2024-46ae-8b6e-c9027bfa400e:c5733, 9c9c57da-14dc-454a-b374-789aa5e765a9:c5733]
2019-09-16 23:35:28,414 [grpc-default-executor-0] INFO  client.GrpcClientProtocolClient (GrpcClientProtocolClient.java:onNext(264)) - client-C79DE3E06697->1d6da99a-ba9a-4d72-abd2-d0f1aa02f12f: receive RaftClientReply:client-C79DE3E06697->1d6da99a-ba9a-4d72-abd2-d0f1aa02f12f@group-B29EE812FB58, cid=3800, SUCCESS, logIndex=5738, commits[1d6da99a-ba9a-4d72-abd2-d0f1aa02f12f:c5739, 9dc27687-2024-46ae-8b6e-c9027bfa400e:c5735, 9c9c57da-14dc-454a-b374-789aa5e765a9:c5735]
2019-09-16 23:35:28,415 [grpc-default-executor-0] INFO  client.GrpcClientProtocolClient (GrpcClientProtocolClient.java:onNext(264)) - client-C79DE3E06697->1d6da99a-ba9a-4d72-abd2-d0f1aa02f12f: receive RaftClientReply:client-C79DE3E06697->1d6da99a-ba9a-4d72-abd2-d0f1aa02f12f@group-B29EE812FB58, cid=3801, SUCCESS, logIndex=5739, commits[1d6da99a-ba9a-4d72-abd2-d0f1aa02f12f:c5739, 9dc27687-2024-46ae-8b6e-c9027bfa400e:c5735, 9c9c57da-14dc-454a-b374-789aa5e765a9:c5735]
2019-09-16 23:35:28,429 [grpc-default-executor-0] INFO  client.GrpcClientProtocolClient (GrpcClientProtocolClient.java:onNext(264)) - client-C79DE3E06697->1d6da99a-ba9a-4d72-abd2-d0f1aa02f12f: receive RaftClientReply:client-C79DE3E06697->1d6da99a-ba9a-4d72-abd2-d0f1aa02f12f@group-B29EE812FB58, cid=3802, SUCCESS, logIndex=0, commits[1d6da99a-ba9a-4d72-abd2-d0f1aa02f12f:c5741, 9dc27687-2024-46ae-8b6e-c9027bfa400e:c5739, 9c9c57da-14dc-454a-b374-789aa5e765a9:c5739]
2019-09-16 23:35:28,460 [grpc-default-executor-6] INFO  client.GrpcClientProtocolClient (GrpcClientProtocolClient.java:onNext(264)) - client-C79DE3E06697->1d6da99a-ba9a-4d72-abd2-d0f1aa02f12f: receive RaftClientReply:client-C79DE3E06697->1d6da99a-ba9a-4d72-abd2-d0f1aa02f12f@group-B29EE812FB58, cid=3803, SUCCESS, logIndex=5742, commits[1d6da99a-ba9a-4d72-abd2-d0f1aa02f12f:c5743, 9dc27687-2024-46ae-8b6e-c9027bfa400e:c5741, 9c9c57da-14dc-454a-b374-789aa5e765a9:c5741]
2019-09-16 23:35:28,461 [grpc-default-executor-6] INFO  client.GrpcClientProtocolClient (GrpcClientProtocolClient.java:onNext(264)) - client-C79DE3E06697->1d6da99a-ba9a-4d72-abd2-d0f1aa02f12f: receive RaftClientReply:client-C79DE3E06697->1d6da99a-ba9a-4d72-abd2-d0f1aa02f12f@group-B29EE812FB58, cid=3804, SUCCESS, logIndex=5743, commits[1d6da99a-ba9a-4d72-abd2-d0f1aa02f12f:c5745, 9dc27687-2024-46ae-8b6e-c9027bfa400e:c5741, 9c9c57da-14dc-454a-b374-789aa5e765a9:c5741]
2019-09-16 23:35:28,461 [grpc-default-executor-6] INFO  client.GrpcClientProtocolClient (GrpcClientProtocolClient.java:onNext(264)) - client-C79DE3E06697->1d6da99a-ba9a-4d72-abd2-d0f1aa02f12f: receive RaftClientReply:client-C79DE3E06697->1d6da99a-ba9a-4d72-abd2-d0f1aa02f12f@group-B29EE812FB58, cid=3805, SUCCESS, logIndex=5744, commits[1d6da99a-ba9a-4d72-abd2-d0f1aa02f12f:c5745, 9dc27687-2024-46ae-8b6e-c9027bfa400e:c5741, 9c9c57da-14dc-454a-b374-789aa5e765a9:c5741]
2019-09-16 23:35:28,461 [grpc-default-executor-6] INFO  client.GrpcClientProtocolClient (GrpcClientProtocolClient.java:onNext(264)) - client-C79DE3E06697->1d6da99a-ba9a-4d72-abd2-d0f1aa02f12f: receive RaftClientReply:client-C79DE3E06697->1d6da99a-ba9a-4d72-abd2-d0f1aa02f12f@group-B29EE812FB58, cid=3806, SUCCESS, logIndex=5745, commits[1d6da99a-ba9a-4d72-abd2-d0f1aa02f12f:c5745, 9dc27687-2024-46ae-8b6e-c9027bfa400e:c5741, 9c9c57da-14dc-454a-b374-789aa5e765a9:c5741]
2019-09-16 23:35:28,474 [grpc-default-executor-6] INFO  client.GrpcClientProtocolClient (GrpcClientProtocolClient.java:onNext(264)) - client-C79DE3E06697->1d6da99a-ba9a-4d72-abd2-d0f1aa02f12f: receive RaftClientReply:client-C79DE3E06697->1d6da99a-ba9a-4d72-abd2-d0f1aa02f12f@group-B29EE812FB58, cid=3807, SUCCESS, logIndex=0, commits[1d6da99a-ba9a-4d72-abd2-d0f1aa02f12f:c5748, 9dc27687-2024-46ae-8b6e-c9027bfa400e:c5743, 9c9c57da-14dc-454a-b374-789aa5e765a9:c5745]
2019-09-16 23:35:28,492 [grpc-default-executor-3] INFO  client.GrpcClientProtocolClient (GrpcClientProtocolClient.java:onNext(264)) - client-C79DE3E06697->1d6da99a-ba9a-4d72-abd2-d0f1aa02f12f: receive RaftClientReply:client-C79DE3E06697->1d6da99a-ba9a-4d72-abd2-d0f1aa02f12f@group-B29EE812FB58, cid=3808, SUCCESS, logIndex=5749, commits[1d6da99a-ba9a-4d72-abd2-d0f1aa02f12f:c5750, 9dc27687-2024-46ae-8b6e-c9027bfa400e:c5748, 9c9c57da-14dc-454a-b374-789aa5e765a9:c5748]
2019-09-16 23:35:28,492 [grpc-default-executor-3] INFO  client.GrpcClientProtocolClient (GrpcClientProtocolClient.java:onNext(264)) - client-C79DE3E06697->1d6da99a-ba9a-4d72-abd2-d0f1aa02f12f: receive RaftClientReply:client-C79DE3E06697->1d6da99a-ba9a-4d72-abd2-d0f1aa02f12f@group-B29EE812FB58, cid=3809, SUCCESS, logIndex=5750, commits[1d6da99a-ba9a-4d72-abd2-d0f1aa02f12f:c5750, 9dc27687-2024-46ae-8b6e-c9027bfa400e:c5748, 9c9c57da-14dc-454a-b374-789aa5e765a9:c5748]
2019-09-16 23:35:28,505 [grpc-default-executor-0] INFO  client.GrpcClientProtocolClient (GrpcClientProtocolClient.java:onNext(264)) - client-C79DE3E06697->1d6da99a-ba9a-4d72-abd2-d0f1aa02f12f: receive RaftClientReply:client-C79DE3E06697->1d6da99a-ba9a-4d72-abd2-d0f1aa02f12f@group-B29EE812FB58, cid=3810, SUCCESS, logIndex=5753, commits[1d6da99a-ba9a-4d72-abd2-d0f1aa02f12f:c5754, 9dc27687-2024-46ae-8b6e-c9027bfa400e:c5750, 9c9c57da-14dc-454a-b374-789aa5e765a9:c5750]
2019-09-16 23:35:28,506 [grpc-default-executor-0] INFO  client.GrpcClientProtocolClient (GrpcClientProtocolClient.java:onNext(264)) - client-C79DE3E06697->1d6da99a-ba9a-4d72-abd2-d0f1aa02f12f: receive RaftClientReply:client-C79DE3E06697->1d6da99a-ba9a-4d72-abd2-d0f1aa02f12f@group-B29EE812FB58, cid=3811, SUCCESS, logIndex=5754, commits[1d6da99a-ba9a-4d72-abd2-d0f1aa02f12f:c5754, 9dc27687-2024-46ae-8b6e-c9027bfa400e:c5750, 9c9c57da-14dc-454a-b374-789aa5e765a9:c5750]
2019-09-16 23:35:28,527 [grpc-default-executor-3] INFO  client.GrpcClientProtocolClient (GrpcClientProtocolClient.java:onNext(264)) - client-C79DE3E06697->1d6da99a-ba9a-4d72-abd2-d0f1aa02f12f: receive RaftClientReply:client-C79DE3E06697->1d6da99a-ba9a-4d72-abd2-d0f1aa02f12f@group-B29EE812FB58, cid=3812, SUCCESS, logIndex=0, commits[1d6da99a-ba9a-4d72-abd2-d0f1aa02f12f:c5756, 9dc27687-2024-46ae-8b6e-c9027bfa400e:c5754, 9c9c57da-14dc-454a-b374-789aa5e765a9:c5754]
2019-09-16 23:35:28,555 [grpc-default-executor-0] INFO  client.GrpcClientProtocolClient (GrpcClientProtocolClient.java:onNext(264)) - client-C79DE3E06697->1d6da99a-ba9a-4d72-abd2-d0f1aa02f12f: receive RaftClientReply:client-C79DE3E06697->1d6da99a-ba9a-4d72-abd2-d0f1aa02f12f@group-B29EE812FB58, cid=3813, SUCCESS, logIndex=5757, commits[1d6da99a-ba9a-4d72-abd2-d0f1aa02f12f:c5759, 9dc27687-2024-46ae-8b6e-c9027bfa400e:c5756, 9c9c57da-14dc-454a-b374-789aa5e765a9:c5756]
2019-09-16 23:35:28,555 [grpc-default-executor-0] INFO  client.GrpcClientProtocolClient (GrpcClientProtocolClient.java:onNext(264)) - client-C79DE3E06697->1d6da99a-ba9a-4d72-abd2-d0f1aa02f12f: receive RaftClientReply:client-C79DE3E06697->1d6da99a-ba9a-4d72-abd2-d0f1aa02f12f@group-B29EE812FB58, cid=3814, SUCCESS, logIndex=5758, commits[1d6da99a-ba9a-4d72-abd2-d0f1aa02f12f:c5760, 9dc27687-2024-46ae-8b6e-c9027bfa400e:c5756, 9c9c57da-14dc-454a-b374-789aa5e765a9:c5756]
2019-09-16 23:35:28,555 [grpc-default-executor-0] INFO  client.GrpcClientProtocolClient (GrpcClientProtocolClient.java:onNext(264)) - client-C79DE3E06697->1d6da99a-ba9a-4d72-abd2-d0f1aa02f12f: receive RaftClientReply:client-C79DE3E06697->1d6da99a-ba9a-4d72-abd2-d0f1aa02f12f@group-B29EE812FB58, cid=3815, SUCCESS, logIndex=5759, commits[1d6da99a-ba9a-4d72-abd2-d0f1aa02f12f:c5760, 9dc27687-2024-46ae-8b6e-c9027bfa400e:c5756, 9c9c57da-14dc-454a-b374-789aa5e765a9:c5756]
2019-09-16 23:35:28,556 [grpc-default-executor-3] INFO  client.GrpcClientProtocolClient (GrpcClientProtocolClient.java:onNext(264)) - client-C79DE3E06697->1d6da99a-ba9a-4d72-abd2-d0f1aa02f12f: receive RaftClientReply:client-C79DE3E06697->1d6da99a-ba9a-4d72-abd2-d0f1aa02f12f@group-B29EE812FB58, cid=3816, SUCCESS, logIndex=5760, commits[1d6da99a-ba9a-4d72-abd2-d0f1aa02f12f:c5760, 9dc27687-2024-46ae-8b6e-c9027bfa400e:c5756, 9c9c57da-14dc-454a-b374-789aa5e765a9:c5756]
2019-09-16 23:35:28,556 [grpc-default-executor-3] INFO  client.GrpcClientProtocolClient (GrpcClientProtocolClient.java:onNext(264)) - client-C79DE3E06697->1d6da99a-ba9a-4d72-abd2-d0f1aa02f12f: receive RaftClientReply:client-C79DE3E06697->1d6da99a-ba9a-4d72-abd2-d0f1aa02f12f@group-B29EE812FB58, cid=3817, SUCCESS, logIndex=0, commits[1d6da99a-ba9a-4d72-abd2-d0f1aa02f12f:c5761, 9dc27687-2024-46ae-8b6e-c9027bfa400e:c5758, 9c9c57da-14dc-454a-b374-789aa5e765a9:c5758]
 0.00% |█                                                                                                    |  0/1 Time: 0:00:462019-09-16 23:35:29,313 [grpc-default-executor-3] INFO  client.GrpcClientProtocolClient (GrpcClientProtocolClient.java:onNext(264)) - client-C79DE3E06697->1d6da99a-ba9a-4d72-abd2-d0f1aa02f12f: receive RaftClientReply:client-C79DE3E06697->1d6da99a-ba9a-4d72-abd2-d0f1aa02f12f@group-B29EE812FB58, cid=3818, SUCCESS, logIndex=5765, commits[1d6da99a-ba9a-4d72-abd2-d0f1aa02f12f:c5766, 9dc27687-2024-46ae-8b6e-c9027bfa400e:c5764, 9c9c57da-14dc-454a-b374-789aa5e765a9:c5764]
2019-09-16 23:35:29,314 [grpc-default-executor-3] INFO  client.GrpcClientProtocolClient (GrpcClientProtocolClient.java:onNext(264)) - client-C79DE3E06697->1d6da99a-ba9a-4d72-abd2-d0f1aa02f12f: receive RaftClientReply:client-C79DE3E06697->1d6da99a-ba9a-4d72-abd2-d0f1aa02f12f@group-B29EE812FB58, cid=3819, SUCCESS, logIndex=5766, commits[1d6da99a-ba9a-4d72-abd2-d0f1aa02f12f:c5766, 9dc27687-2024-46ae-8b6e-c9027bfa400e:c5764, 9c9c57da-14dc-454a-b374-789aa5e765a9:c5764]
2019-09-16 23:35:29,344 [grpc-default-executor-6] INFO  client.GrpcClientProtocolClient (GrpcClientProtocolClient.java:onNext(264)) - client-C79DE3E06697->1d6da99a-ba9a-4d72-abd2-d0f1aa02f12f: receive RaftClientReply:client-C79DE3E06697->1d6da99a-ba9a-4d72-abd2-d0f1aa02f12f@group-B29EE812FB58, cid=3820, SUCCESS, logIndex=5769, commits[1d6da99a-ba9a-4d72-abd2-d0f1aa02f12f:c5770, 9dc27687-2024-46ae-8b6e-c9027bfa400e:c5767, 9c9c57da-14dc-454a-b374-789aa5e765a9:c5766]
2019-09-16 23:35:29,344 [grpc-default-executor-6] INFO  client.GrpcClientProtocolClient (GrpcClientProtocolClient.java:onNext(264)) - client-C79DE3E06697->1d6da99a-ba9a-4d72-abd2-d0f1aa02f12f: receive RaftClientReply:client-C79DE3E06697->1d6da99a-ba9a-4d72-abd2-d0f1aa02f12f@group-B29EE812FB58, cid=3821, SUCCESS, logIndex=5770, commits[1d6da99a-ba9a-4d72-abd2-d0f1aa02f12f:c5770, 9dc27687-2024-46ae-8b6e-c9027bfa400e:c5767, 9c9c57da-14dc-454a-b374-789aa5e765a9:c5767]
2019-09-16 23:35:29,348 [grpc-default-executor-6] INFO  client.GrpcClientProtocolClient (GrpcClientProtocolClient.java:onNext(264)) - client-C79DE3E06697->1d6da99a-ba9a-4d72-abd2-d0f1aa02f12f: receive RaftClientReply:client-C79DE3E06697->1d6da99a-ba9a-4d72-abd2-d0f1aa02f12f@group-B29EE812FB58, cid=3822, SUCCESS, logIndex=0, commits[1d6da99a-ba9a-4d72-abd2-d0f1aa02f12f:c5772, 9dc27687-2024-46ae-8b6e-c9027bfa400e:c5770, 9c9c57da-14dc-454a-b374-789aa5e765a9:c5770]
2019-09-16 23:35:29,375 [grpc-default-executor-3] INFO  client.GrpcClientProtocolClient (GrpcClientProtocolClient.java:onNext(264)) - client-C79DE3E06697->1d6da99a-ba9a-4d72-abd2-d0f1aa02f12f: receive RaftClientReply:client-C79DE3E06697->1d6da99a-ba9a-4d72-abd2-d0f1aa02f12f@group-B29EE812FB58, cid=3823, SUCCESS, logIndex=5773, commits[1d6da99a-ba9a-4d72-abd2-d0f1aa02f12f:c5774, 9dc27687-2024-46ae-8b6e-c9027bfa400e:c5770, 9c9c57da-14dc-454a-b374-789aa5e765a9:c5772]
2019-09-16 23:35:29,376 [grpc-default-executor-3] INFO  client.GrpcClientProtocolClient (GrpcClientProtocolClient.java:onNext(264)) - client-C79DE3E06697->1d6da99a-ba9a-4d72-abd2-d0f1aa02f12f: receive RaftClientReply:client-C79DE3E06697->1d6da99a-ba9a-4d72-abd2-d0f1aa02f12f@group-B29EE812FB58, cid=3824, SUCCESS, logIndex=5774, commits[1d6da99a-ba9a-4d72-abd2-d0f1aa02f12f:c5774, 9dc27687-2024-46ae-8b6e-c9027bfa400e:c5770, 9c9c57da-14dc-454a-b374-789aa5e765a9:c5772]
2019-09-16 23:35:29,391 [grpc-default-executor-3] INFO  client.GrpcClientProtocolClient (GrpcClientProtocolClient.java:onNext(264)) - client-C79DE3E06697->1d6da99a-ba9a-4d72-abd2-d0f1aa02f12f: receive RaftClientReply:client-C79DE3E06697->1d6da99a-ba9a-4d72-abd2-d0f1aa02f12f@group-B29EE812FB58, cid=3825, SUCCESS, logIndex=5775, commits[1d6da99a-ba9a-4d72-abd2-d0f1aa02f12f:c5775, 9dc27687-2024-46ae-8b6e-c9027bfa400e:c5770, 9c9c57da-14dc-454a-b374-789aa5e765a9:c5772]
2019-09-16 23:35:29,391 [grpc-default-executor-3] INFO  client.GrpcClientProtocolClient (GrpcClientProtocolClient.java:onNext(264)) - client-C79DE3E06697->1d6da99a-ba9a-4d72-abd2-d0f1aa02f12f: receive RaftClientReply:client-C79DE3E06697->1d6da99a-ba9a-4d72-abd2-d0f1aa02f12f@group-B29EE812FB58, cid=3826, SUCCESS, logIndex=5776, commits[1d6da99a-ba9a-4d72-abd2-d0f1aa02f12f:c5776, 9dc27687-2024-46ae-8b6e-c9027bfa400e:c5772, 9c9c57da-14dc-454a-b374-789aa5e765a9:c5774]
2019-09-16 23:35:29,392 [grpc-default-executor-3] INFO  client.GrpcClientProtocolClient (GrpcClientProtocolClient.java:onNext(264)) - client-C79DE3E06697->1d6da99a-ba9a-4d72-abd2-d0f1aa02f12f: receive RaftClientReply:client-C79DE3E06697->1d6da99a-ba9a-4d72-abd2-d0f1aa02f12f@group-B29EE812FB58, cid=3827, SUCCESS, logIndex=0, commits[1d6da99a-ba9a-4d72-abd2-d0f1aa02f12f:c5776, 9dc27687-2024-46ae-8b6e-c9027bfa400e:c5774, 9c9c57da-14dc-454a-b374-789aa5e765a9:c5774]
2019-09-16 23:35:29,416 [grpc-default-executor-0] INFO  client.GrpcClientProtocolClient (GrpcClientProtocolClient.java:onNext(264)) - client-C79DE3E06697->1d6da99a-ba9a-4d72-abd2-d0f1aa02f12f: receive RaftClientReply:client-C79DE3E06697->1d6da99a-ba9a-4d72-abd2-d0f1aa02f12f@group-B29EE812FB58, cid=3828, SUCCESS, logIndex=5781, commits[1d6da99a-ba9a-4d72-abd2-d0f1aa02f12f:c5781, 9dc27687-2024-46ae-8b6e-c9027bfa400e:c5776, 9c9c57da-14dc-454a-b374-789aa5e765a9:c5776]
2019-09-16 23:35:29,416 [grpc-default-executor-0] INFO  client.GrpcClientProtocolClient (GrpcClientProtocolClient.java:onNext(264)) - client-C79DE3E06697->1d6da99a-ba9a-4d72-abd2-d0f1aa02f12f: receive RaftClientReply:client-C79DE3E06697->1d6da99a-ba9a-4d72-abd2-d0f1aa02f12f@group-B29EE812FB58, cid=3829, SUCCESS, logIndex=5782, commits[1d6da99a-ba9a-4d72-abd2-d0f1aa02f12f:c5782, 9dc27687-2024-46ae-8b6e-c9027bfa400e:c5776, 9c9c57da-14dc-454a-b374-789aa5e765a9:c5776]
2019-09-16 23:35:29,437 [grpc-default-executor-0] INFO  client.GrpcClientProtocolClient (GrpcClientProtocolClient.java:onNext(264)) - client-C79DE3E06697->1d6da99a-ba9a-4d72-abd2-d0f1aa02f12f: receive RaftClientReply:client-C79DE3E06697->1d6da99a-ba9a-4d72-abd2-d0f1aa02f12f@group-B29EE812FB58, cid=3830, SUCCESS, logIndex=5785, commits[1d6da99a-ba9a-4d72-abd2-d0f1aa02f12f:c5786, 9dc27687-2024-46ae-8b6e-c9027bfa400e:c5782, 9c9c57da-14dc-454a-b374-789aa5e765a9:c5782]
2019-09-16 23:35:29,437 [grpc-default-executor-0] INFO  client.GrpcClientProtocolClient (GrpcClientProtocolClient.java:onNext(264)) - client-C79DE3E06697->1d6da99a-ba9a-4d72-abd2-d0f1aa02f12f: receive RaftClientReply:client-C79DE3E06697->1d6da99a-ba9a-4d72-abd2-d0f1aa02f12f@group-B29EE812FB58, cid=3831, SUCCESS, logIndex=5786, commits[1d6da99a-ba9a-4d72-abd2-d0f1aa02f12f:c5786, 9dc27687-2024-46ae-8b6e-c9027bfa400e:c5782, 9c9c57da-14dc-454a-b374-789aa5e765a9:c5782]
2019-09-16 23:35:29,440 [grpc-default-executor-6] INFO  client.GrpcClientProtocolClient (GrpcClientProtocolClient.java:onNext(264)) - client-C79DE3E06697->1d6da99a-ba9a-4d72-abd2-d0f1aa02f12f: receive RaftClientReply:client-C79DE3E06697->1d6da99a-ba9a-4d72-abd2-d0f1aa02f12f@group-B29EE812FB58, cid=3832, SUCCESS, logIndex=0, commits[1d6da99a-ba9a-4d72-abd2-d0f1aa02f12f:c5788, 9dc27687-2024-46ae-8b6e-c9027bfa400e:c5786, 9c9c57da-14dc-454a-b374-789aa5e765a9:c5786]
2019-09-16 23:35:29,520 [grpc-default-executor-0] INFO  client.GrpcClientProtocolClient (GrpcClientProtocolClient.java:onNext(264)) - client-C79DE3E06697->1d6da99a-ba9a-4d72-abd2-d0f1aa02f12f: receive RaftClientReply:client-C79DE3E06697->1d6da99a-ba9a-4d72-abd2-d0f1aa02f12f@group-B29EE812FB58, cid=3833, SUCCESS, logIndex=5789, commits[1d6da99a-ba9a-4d72-abd2-d0f1aa02f12f:c5789, 9dc27687-2024-46ae-8b6e-c9027bfa400e:c5788, 9c9c57da-14dc-454a-b374-789aa5e765a9:c5788]
2019-09-16 23:35:29,521 [grpc-default-executor-0] INFO  client.GrpcClientProtocolClient (GrpcClientProtocolClient.java:onNext(264)) - client-C79DE3E06697->1d6da99a-ba9a-4d72-abd2-d0f1aa02f12f: receive RaftClientReply:client-C79DE3E06697->1d6da99a-ba9a-4d72-abd2-d0f1aa02f12f@group-B29EE812FB58, cid=3834, SUCCESS, logIndex=5790, commits[1d6da99a-ba9a-4d72-abd2-d0f1aa02f12f:c5790, 9dc27687-2024-46ae-8b6e-c9027bfa400e:c5788, 9c9c57da-14dc-454a-b374-789aa5e765a9:c5788]
2019-09-16 23:35:29,521 [grpc-default-executor-0] INFO  client.GrpcClientProtocolClient (GrpcClientProtocolClient.java:onNext(264)) - client-C79DE3E06697->1d6da99a-ba9a-4d72-abd2-d0f1aa02f12f: receive RaftClientReply:client-C79DE3E06697->1d6da99a-ba9a-4d72-abd2-d0f1aa02f12f@group-B29EE812FB58, cid=3835, SUCCESS, logIndex=5791, commits[1d6da99a-ba9a-4d72-abd2-d0f1aa02f12f:c5791, 9dc27687-2024-46ae-8b6e-c9027bfa400e:c5788, 9c9c57da-14dc-454a-b374-789aa5e765a9:c5788]
2019-09-16 23:35:29,521 [grpc-default-executor-0] INFO  client.GrpcClientProtocolClient (GrpcClientProtocolClient.java:onNext(264)) - client-C79DE3E06697->1d6da99a-ba9a-4d72-abd2-d0f1aa02f12f: receive RaftClientReply:client-C79DE3E06697->1d6da99a-ba9a-4d72-abd2-d0f1aa02f12f@group-B29EE812FB58, cid=3836, SUCCESS, logIndex=5792, commits[1d6da99a-ba9a-4d72-abd2-d0f1aa02f12f:c5792, 9dc27687-2024-46ae-8b6e-c9027bfa400e:c5788, 9c9c57da-14dc-454a-b374-789aa5e765a9:c5788]
2019-09-16 23:35:29,535 [grpc-default-executor-0] INFO  client.GrpcClientProtocolClient (GrpcClientProtocolClient.java:onNext(264)) - client-C79DE3E06697->1d6da99a-ba9a-4d72-abd2-d0f1aa02f12f: receive RaftClientReply:client-C79DE3E06697->1d6da99a-ba9a-4d72-abd2-d0f1aa02f12f@group-B29EE812FB58, cid=3837, SUCCESS, logIndex=0, commits[1d6da99a-ba9a-4d72-abd2-d0f1aa02f12f:c5796, 9dc27687-2024-46ae-8b6e-c9027bfa400e:c5792, 9c9c57da-14dc-454a-b374-789aa5e765a9:c5790]
2019-09-16 23:35:29,546 [grpc-default-executor-1] INFO  client.GrpcClientProtocolClient (GrpcClientProtocolClient.java:onNext(264)) - client-C79DE3E06697->1d6da99a-ba9a-4d72-abd2-d0f1aa02f12f: receive RaftClientReply:client-C79DE3E06697->1d6da99a-ba9a-4d72-abd2-d0f1aa02f12f@group-B29EE812FB58, cid=3838, SUCCESS, logIndex=5797, commits[1d6da99a-ba9a-4d72-abd2-d0f1aa02f12f:c5798, 9dc27687-2024-46ae-8b6e-c9027bfa400e:c5796, 9c9c57da-14dc-454a-b374-789aa5e765a9:c5792]
2019-09-16 23:35:29,547 [grpc-default-executor-1] INFO  client.GrpcClientProtocolClient (GrpcClientProtocolClient.java:onNext(264)) - client-C79DE3E06697->1d6da99a-ba9a-4d72-abd2-d0f1aa02f12f: receive RaftClientReply:client-C79DE3E06697->1d6da99a-ba9a-4d72-abd2-d0f1aa02f12f@group-B29EE812FB58, cid=3839, SUCCESS, logIndex=5798, commits[1d6da99a-ba9a-4d72-abd2-d0f1aa02f12f:c5798, 9dc27687-2024-46ae-8b6e-c9027bfa400e:c5796, 9c9c57da-14dc-454a-b374-789aa5e765a9:c5792]
2019-09-16 23:35:29,561 [grpc-default-executor-1] INFO  client.GrpcClientProtocolClient (GrpcClientProtocolClient.java:onNext(264)) - client-C79DE3E06697->1d6da99a-ba9a-4d72-abd2-d0f1aa02f12f: receive RaftClientReply:client-C79DE3E06697->1d6da99a-ba9a-4d72-abd2-d0f1aa02f12f@group-B29EE812FB58, cid=3840, SUCCESS, logIndex=5801, commits[1d6da99a-ba9a-4d72-abd2-d0f1aa02f12f:c5802, 9dc27687-2024-46ae-8b6e-c9027bfa400e:c5798, 9c9c57da-14dc-454a-b374-789aa5e765a9:c5796]
2019-09-16 23:35:29,561 [grpc-default-executor-1] INFO  client.GrpcClientProtocolClient (GrpcClientProtocolClient.java:onNext(264)) - client-C79DE3E06697->1d6da99a-ba9a-4d72-abd2-d0f1aa02f12f: receive RaftClientReply:client-C79DE3E06697->1d6da99a-ba9a-4d72-abd2-d0f1aa02f12f@group-B29EE812FB58, cid=3841, SUCCESS, logIndex=5802, commits[1d6da99a-ba9a-4d72-abd2-d0f1aa02f12f:c5802, 9dc27687-2024-46ae-8b6e-c9027bfa400e:c5798, 9c9c57da-14dc-454a-b374-789aa5e765a9:c5796]
2019-09-16 23:35:29,572 [grpc-default-executor-1] INFO  client.GrpcClientProtocolClient (GrpcClientProtocolClient.java:onNext(264)) - client-C79DE3E06697->1d6da99a-ba9a-4d72-abd2-d0f1aa02f12f: receive RaftClientReply:client-C79DE3E06697->1d6da99a-ba9a-4d72-abd2-d0f1aa02f12f@group-B29EE812FB58, cid=3842, SUCCESS, logIndex=0, commits[1d6da99a-ba9a-4d72-abd2-d0f1aa02f12f:c5802, 9dc27687-2024-46ae-8b6e-c9027bfa400e:c5798, 9c9c57da-14dc-454a-b374-789aa5e765a9:c5798]
2019-09-16 23:35:29,576 [grpc-default-executor-1] INFO  client.GrpcClientProtocolClient (GrpcClientProtocolClient.java:onNext(264)) - client-C79DE3E06697->1d6da99a-ba9a-4d72-abd2-d0f1aa02f12f: receive RaftClientReply:client-C79DE3E06697->1d6da99a-ba9a-4d72-abd2-d0f1aa02f12f@group-B29EE812FB58, cid=3843, SUCCESS, logIndex=0, commits[1d6da99a-ba9a-4d72-abd2-d0f1aa02f12f:c5804, 9dc27687-2024-46ae-8b6e-c9027bfa400e:c5802, 9c9c57da-14dc-454a-b374-789aa5e765a9:c5802]
2019-09-16 23:35:29,610 [grpc-default-executor-1] INFO  client.GrpcClientProtocolClient (GrpcClientProtocolClient.java:onNext(264)) - client-C79DE3E06697->1d6da99a-ba9a-4d72-abd2-d0f1aa02f12f: receive RaftClientReply:client-C79DE3E06697->1d6da99a-ba9a-4d72-abd2-d0f1aa02f12f@group-B29EE812FB58, cid=3844, SUCCESS, logIndex=5805, commits[1d6da99a-ba9a-4d72-abd2-d0f1aa02f12f:c5806, 9dc27687-2024-46ae-8b6e-c9027bfa400e:c5804, 9c9c57da-14dc-454a-b374-789aa5e765a9:c5804]
2019-09-16 23:35:29,610 [grpc-default-executor-1] INFO  client.GrpcClientProtocolClient (GrpcClientProtocolClient.java:onNext(264)) - client-C79DE3E06697->1d6da99a-ba9a-4d72-abd2-d0f1aa02f12f: receive RaftClientReply:client-C79DE3E06697->1d6da99a-ba9a-4d72-abd2-d0f1aa02f12f@group-B29EE812FB58, cid=3845, SUCCESS, logIndex=5806, commits[1d6da99a-ba9a-4d72-abd2-d0f1aa02f12f:c5808, 9dc27687-2024-46ae-8b6e-c9027bfa400e:c5804, 9c9c57da-14dc-454a-b374-789aa5e765a9:c5804]
2019-09-16 23:35:29,611 [grpc-default-executor-1] INFO  client.GrpcClientProtocolClient (GrpcClientProtocolClient.java:onNext(264)) - client-C79DE3E06697->1d6da99a-ba9a-4d72-abd2-d0f1aa02f12f: receive RaftClientReply:client-C79DE3E06697->1d6da99a-ba9a-4d72-abd2-d0f1aa02f12f@group-B29EE812FB58, cid=3846, SUCCESS, logIndex=5807, commits[1d6da99a-ba9a-4d72-abd2-d0f1aa02f12f:c5808, 9dc27687-2024-46ae-8b6e-c9027bfa400e:c5804, 9c9c57da-14dc-454a-b374-789aa5e765a9:c5804]
2019-09-16 23:35:29,611 [grpc-default-executor-1] INFO  client.GrpcClientProtocolClient (GrpcClientProtocolClient.java:onNext(264)) - client-C79DE3E06697->1d6da99a-ba9a-4d72-abd2-d0f1aa02f12f: receive RaftClientReply:client-C79DE3E06697->1d6da99a-ba9a-4d72-abd2-d0f1aa02f12f@group-B29EE812FB58, cid=3847, SUCCESS, logIndex=5808, commits[1d6da99a-ba9a-4d72-abd2-d0f1aa02f12f:c5808, 9dc27687-2024-46ae-8b6e-c9027bfa400e:c5804, 9c9c57da-14dc-454a-b374-789aa5e765a9:c5804]
2019-09-16 23:35:29,617 [grpc-default-executor-1] INFO  client.GrpcClientProtocolClient (GrpcClientProtocolClient.java:onNext(264)) - client-C79DE3E06697->1d6da99a-ba9a-4d72-abd2-d0f1aa02f12f: receive RaftClientReply:client-C79DE3E06697->1d6da99a-ba9a-4d72-abd2-d0f1aa02f12f@group-B29EE812FB58, cid=3848, SUCCESS, logIndex=0, commits[1d6da99a-ba9a-4d72-abd2-d0f1aa02f12f:c5808, 9dc27687-2024-46ae-8b6e-c9027bfa400e:c5806, 9c9c57da-14dc-454a-b374-789aa5e765a9:c5806]
2019-09-16 23:35:29,627 [grpc-default-executor-3] INFO  client.GrpcClientProtocolClient (GrpcClientProtocolClient.java:onNext(264)) - client-C79DE3E06697->1d6da99a-ba9a-4d72-abd2-d0f1aa02f12f: receive RaftClientReply:client-C79DE3E06697->1d6da99a-ba9a-4d72-abd2-d0f1aa02f12f@group-B29EE812FB58, cid=3849, SUCCESS, logIndex=5812, commits[1d6da99a-ba9a-4d72-abd2-d0f1aa02f12f:c5813, 9dc27687-2024-46ae-8b6e-c9027bfa400e:c5811, 9c9c57da-14dc-454a-b374-789aa5e765a9:c5811]
2019-09-16 23:35:29,627 [grpc-default-executor-3] INFO  client.GrpcClientProtocolClient (GrpcClientProtocolClient.java:onNext(264)) - client-C79DE3E06697->1d6da99a-ba9a-4d72-abd2-d0f1aa02f12f: receive RaftClientReply:client-C79DE3E06697->1d6da99a-ba9a-4d72-abd2-d0f1aa02f12f@group-B29EE812FB58, cid=3850, SUCCESS, logIndex=5813, commits[1d6da99a-ba9a-4d72-abd2-d0f1aa02f12f:c5813, 9dc27687-2024-46ae-8b6e-c9027bfa400e:c5811, 9c9c57da-14dc-454a-b374-789aa5e765a9:c5811]
2019-09-16 23:35:29,653 [grpc-default-executor-3] INFO  client.GrpcClientProtocolClient (GrpcClientProtocolClient.java:onNext(264)) - client-C79DE3E06697->1d6da99a-ba9a-4d72-abd2-d0f1aa02f12f: receive RaftClientReply:client-C79DE3E06697->1d6da99a-ba9a-4d72-abd2-d0f1aa02f12f@group-B29EE812FB58, cid=3851, SUCCESS, logIndex=5816, commits[1d6da99a-ba9a-4d72-abd2-d0f1aa02f12f:c5817, 9dc27687-2024-46ae-8b6e-c9027bfa400e:c5813, 9c9c57da-14dc-454a-b374-789aa5e765a9:c5813]
2019-09-16 23:35:29,653 [grpc-default-executor-3] INFO  client.GrpcClientProtocolClient (GrpcClientProtocolClient.java:onNext(264)) - client-C79DE3E06697->1d6da99a-ba9a-4d72-abd2-d0f1aa02f12f: receive RaftClientReply:client-C79DE3E06697->1d6da99a-ba9a-4d72-abd2-d0f1aa02f12f@group-B29EE812FB58, cid=3852, SUCCESS, logIndex=5817, commits[1d6da99a-ba9a-4d72-abd2-d0f1aa02f12f:c5817, 9dc27687-2024-46ae-8b6e-c9027bfa400e:c5813, 9c9c57da-14dc-454a-b374-789aa5e765a9:c5813]
2019-09-16 23:35:29,664 [grpc-default-executor-3] INFO  client.GrpcClientProtocolClient (GrpcClientProtocolClient.java:onNext(264)) - client-C79DE3E06697->1d6da99a-ba9a-4d72-abd2-d0f1aa02f12f: receive RaftClientReply:client-C79DE3E06697->1d6da99a-ba9a-4d72-abd2-d0f1aa02f12f@group-B29EE812FB58, cid=3853, SUCCESS, logIndex=0, commits[1d6da99a-ba9a-4d72-abd2-d0f1aa02f12f:c5818, 9dc27687-2024-46ae-8b6e-c9027bfa400e:c5817, 9c9c57da-14dc-454a-b374-789aa5e765a9:c5817]
2019-09-16 23:35:29,694 [grpc-default-executor-1] INFO  client.GrpcClientProtocolClient (GrpcClientProtocolClient.java:onNext(264)) - client-C79DE3E06697->1d6da99a-ba9a-4d72-abd2-d0f1aa02f12f: receive RaftClientReply:client-C79DE3E06697->1d6da99a-ba9a-4d72-abd2-d0f1aa02f12f@group-B29EE812FB58, cid=3854, SUCCESS, logIndex=5820, commits[1d6da99a-ba9a-4d72-abd2-d0f1aa02f12f:c5821, 9dc27687-2024-46ae-8b6e-c9027bfa400e:c5819, 9c9c57da-14dc-454a-b374-789aa5e765a9:c5819]
2019-09-16 23:35:29,695 [grpc-default-executor-1] INFO  client.GrpcClientProtocolClient (GrpcClientProtocolClient.java:onNext(264)) - client-C79DE3E06697->1d6da99a-ba9a-4d72-abd2-d0f1aa02f12f: receive RaftClientReply:client-C79DE3E06697->1d6da99a-ba9a-4d72-abd2-d0f1aa02f12f@group-B29EE812FB58, cid=3855, SUCCESS, logIndex=5821, commits[1d6da99a-ba9a-4d72-abd2-d0f1aa02f12f:c5823, 9dc27687-2024-46ae-8b6e-c9027bfa400e:c5819, 9c9c57da-14dc-454a-b374-789aa5e765a9:c5819]
2019-09-16 23:35:29,695 [grpc-default-executor-1] INFO  client.GrpcClientProtocolClient (GrpcClientProtocolClient.java:onNext(264)) - client-C79DE3E06697->1d6da99a-ba9a-4d72-abd2-d0f1aa02f12f: receive RaftClientReply:client-C79DE3E06697->1d6da99a-ba9a-4d72-abd2-d0f1aa02f12f@group-B29EE812FB58, cid=3856, SUCCESS, logIndex=5822, commits[1d6da99a-ba9a-4d72-abd2-d0f1aa02f12f:c5823, 9dc27687-2024-46ae-8b6e-c9027bfa400e:c5819, 9c9c57da-14dc-454a-b374-789aa5e765a9:c5819]
2019-09-16 23:35:29,695 [grpc-default-executor-1] INFO  client.GrpcClientProtocolClient (GrpcClientProtocolClient.java:onNext(264)) - client-C79DE3E06697->1d6da99a-ba9a-4d72-abd2-d0f1aa02f12f: receive RaftClientReply:client-C79DE3E06697->1d6da99a-ba9a-4d72-abd2-d0f1aa02f12f@group-B29EE812FB58, cid=3857, SUCCESS, logIndex=5823, commits[1d6da99a-ba9a-4d72-abd2-d0f1aa02f12f:c5823, 9dc27687-2024-46ae-8b6e-c9027bfa400e:c5819, 9c9c57da-14dc-454a-b374-789aa5e765a9:c5819]
2019-09-16 23:35:29,708 [grpc-default-executor-1] INFO  client.GrpcClientProtocolClient (GrpcClientProtocolClient.java:onNext(264)) - client-C79DE3E06697->1d6da99a-ba9a-4d72-abd2-d0f1aa02f12f: receive RaftClientReply:client-C79DE3E06697->1d6da99a-ba9a-4d72-abd2-d0f1aa02f12f@group-B29EE812FB58, cid=3858, SUCCESS, logIndex=0, commits[1d6da99a-ba9a-4d72-abd2-d0f1aa02f12f:c5826, 9dc27687-2024-46ae-8b6e-c9027bfa400e:c5821, 9c9c57da-14dc-454a-b374-789aa5e765a9:c5823]
2019-09-16 23:35:29,720 [grpc-default-executor-1] INFO  client.GrpcClientProtocolClient (GrpcClientProtocolClient.java:onNext(264)) - client-C79DE3E06697->1d6da99a-ba9a-4d72-abd2-d0f1aa02f12f: receive RaftClientReply:client-C79DE3E06697->1d6da99a-ba9a-4d72-abd2-d0f1aa02f12f@group-B29EE812FB58, cid=3859, SUCCESS, logIndex=5827, commits[1d6da99a-ba9a-4d72-abd2-d0f1aa02f12f:c5828, 9dc27687-2024-46ae-8b6e-c9027bfa400e:c5826, 9c9c57da-14dc-454a-b374-789aa5e765a9:c5826]
2019-09-16 23:35:29,720 [grpc-default-executor-1] INFO  client.GrpcClientProtocolClient (GrpcClientProtocolClient.java:onNext(264)) - client-C79DE3E06697->1d6da99a-ba9a-4d72-abd2-d0f1aa02f12f: receive RaftClientReply:client-C79DE3E06697->1d6da99a-ba9a-4d72-abd2-d0f1aa02f12f@group-B29EE812FB58, cid=3860, SUCCESS, logIndex=5828, commits[1d6da99a-ba9a-4d72-abd2-d0f1aa02f12f:c5828, 9dc27687-2024-46ae-8b6e-c9027bfa400e:c5826, 9c9c57da-14dc-454a-b374-789aa5e765a9:c5826]
2019-09-16 23:35:29,746 [grpc-default-executor-3] INFO  client.GrpcClientProtocolClient (GrpcClientProtocolClient.java:onNext(264)) - client-C79DE3E06697->1d6da99a-ba9a-4d72-abd2-d0f1aa02f12f: receive RaftClientReply:client-C79DE3E06697->1d6da99a-ba9a-4d72-abd2-d0f1aa02f12f@group-B29EE812FB58, cid=3861, SUCCESS, logIndex=5831, commits[1d6da99a-ba9a-4d72-abd2-d0f1aa02f12f:c5832, 9dc27687-2024-46ae-8b6e-c9027bfa400e:c5828, 9c9c57da-14dc-454a-b374-789aa5e765a9:c5828]
2019-09-16 23:35:29,747 [grpc-default-executor-3] INFO  client.GrpcClientProtocolClient (GrpcClientProtocolClient.java:onNext(264)) - client-C79DE3E06697->1d6da99a-ba9a-4d72-abd2-d0f1aa02f12f: receive RaftClientReply:client-C79DE3E06697->1d6da99a-ba9a-4d72-abd2-d0f1aa02f12f@group-B29EE812FB58, cid=3862, SUCCESS, logIndex=5832, commits[1d6da99a-ba9a-4d72-abd2-d0f1aa02f12f:c5832, 9dc27687-2024-46ae-8b6e-c9027bfa400e:c5828, 9c9c57da-14dc-454a-b374-789aa5e765a9:c5828]
2019-09-16 23:35:29,768 [grpc-default-executor-3] INFO  client.GrpcClientProtocolClient (GrpcClientProtocolClient.java:onNext(264)) - client-C79DE3E06697->1d6da99a-ba9a-4d72-abd2-d0f1aa02f12f: receive RaftClientReply:client-C79DE3E06697->1d6da99a-ba9a-4d72-abd2-d0f1aa02f12f@group-B29EE812FB58, cid=3863, SUCCESS, logIndex=0, commits[1d6da99a-ba9a-4d72-abd2-d0f1aa02f12f:c5834, 9dc27687-2024-46ae-8b6e-c9027bfa400e:c5832, 9c9c57da-14dc-454a-b374-789aa5e765a9:c5832]
2019-09-16 23:35:29,937 [grpc-default-executor-1] INFO  client.GrpcClientProtocolClient (GrpcClientProtocolClient.java:onNext(264)) - client-C79DE3E06697->1d6da99a-ba9a-4d72-abd2-d0f1aa02f12f: receive RaftClientReply:client-C79DE3E06697->1d6da99a-ba9a-4d72-abd2-d0f1aa02f12f@group-B29EE812FB58, cid=3864, SUCCESS, logIndex=5835, commits[1d6da99a-ba9a-4d72-abd2-d0f1aa02f12f:c5836, 9dc27687-2024-46ae-8b6e-c9027bfa400e:c5834, 9c9c57da-14dc-454a-b374-789aa5e765a9:c5834]
2019-09-16 23:35:29,938 [grpc-default-executor-1] INFO  client.GrpcClientProtocolClient (GrpcClientProtocolClient.java:onNext(264)) - client-C79DE3E06697->1d6da99a-ba9a-4d72-abd2-d0f1aa02f12f: receive RaftClientReply:client-C79DE3E06697->1d6da99a-ba9a-4d72-abd2-d0f1aa02f12f@group-B29EE812FB58, cid=3865, SUCCESS, logIndex=5836, commits[1d6da99a-ba9a-4d72-abd2-d0f1aa02f12f:c5836, 9dc27687-2024-46ae-8b6e-c9027bfa400e:c5834, 9c9c57da-14dc-454a-b374-789aa5e765a9:c5834]
2019-09-16 23:35:29,938 [grpc-default-executor-1] INFO  client.GrpcClientProtocolClient (GrpcClientProtocolClient.java:onNext(264)) - client-C79DE3E06697->1d6da99a-ba9a-4d72-abd2-d0f1aa02f12f: receive RaftClientReply:client-C79DE3E06697->1d6da99a-ba9a-4d72-abd2-d0f1aa02f12f@group-B29EE812FB58, cid=3866, SUCCESS, logIndex=5837, commits[1d6da99a-ba9a-4d72-abd2-d0f1aa02f12f:c5838, 9dc27687-2024-46ae-8b6e-c9027bfa400e:c5834, 9c9c57da-14dc-454a-b374-789aa5e765a9:c5834]
2019-09-16 23:35:29,939 [grpc-default-executor-1] INFO  client.GrpcClientProtocolClient (GrpcClientProtocolClient.java:onNext(264)) - client-C79DE3E06697->1d6da99a-ba9a-4d72-abd2-d0f1aa02f12f: receive RaftClientReply:client-C79DE3E06697->1d6da99a-ba9a-4d72-abd2-d0f1aa02f12f@group-B29EE812FB58, cid=3867, SUCCESS, logIndex=5838, commits[1d6da99a-ba9a-4d72-abd2-d0f1aa02f12f:c5838, 9dc27687-2024-46ae-8b6e-c9027bfa400e:c5834, 9c9c57da-14dc-454a-b374-789aa5e765a9:c5834]
2019-09-16 23:35:29,951 [grpc-default-executor-3] INFO  client.GrpcClientProtocolClient (GrpcClientProtocolClient.java:onNext(264)) - client-C79DE3E06697->1d6da99a-ba9a-4d72-abd2-d0f1aa02f12f: receive RaftClientReply:client-C79DE3E06697->1d6da99a-ba9a-4d72-abd2-d0f1aa02f12f@group-B29EE812FB58, cid=3868, SUCCESS, logIndex=0, commits[1d6da99a-ba9a-4d72-abd2-d0f1aa02f12f:c5840, 9dc27687-2024-46ae-8b6e-c9027bfa400e:c5836, 9c9c57da-14dc-454a-b374-789aa5e765a9:c5836]
2019-09-16 23:35:29,963 [grpc-default-executor-6] INFO  client.GrpcClientProtocolClient (GrpcClientProtocolClient.java:onNext(264)) - client-C79DE3E06697->1d6da99a-ba9a-4d72-abd2-d0f1aa02f12f: receive RaftClientReply:client-C79DE3E06697->1d6da99a-ba9a-4d72-abd2-d0f1aa02f12f@group-B29EE812FB58, cid=3869, SUCCESS, logIndex=5843, commits[1d6da99a-ba9a-4d72-abd2-d0f1aa02f12f:c5844, 9dc27687-2024-46ae-8b6e-c9027bfa400e:c5842, 9c9c57da-14dc-454a-b374-789aa5e765a9:c5842]
2019-09-16 23:35:29,963 [grpc-default-executor-6] INFO  client.GrpcClientProtocolClient (GrpcClientProtocolClient.java:onNext(264)) - client-C79DE3E06697->1d6da99a-ba9a-4d72-abd2-d0f1aa02f12f: receive RaftClientReply:client-C79DE3E06697->1d6da99a-ba9a-4d72-abd2-d0f1aa02f12f@group-B29EE812FB58, cid=3870, SUCCESS, logIndex=5844, commits[1d6da99a-ba9a-4d72-abd2-d0f1aa02f12f:c5844, 9dc27687-2024-46ae-8b6e-c9027bfa400e:c5842, 9c9c57da-14dc-454a-b374-789aa5e765a9:c5842]
 0.00% |█                                                                                                    |  0/1 Time: 0:00:472019-09-16 23:35:29,977 [grpc-default-executor-1] INFO  client.GrpcClientProtocolClient (GrpcClientProtocolClient.java:onNext(264)) - client-C79DE3E06697->1d6da99a-ba9a-4d72-abd2-d0f1aa02f12f: receive RaftClientReply:client-C79DE3E06697->1d6da99a-ba9a-4d72-abd2-d0f1aa02f12f@group-B29EE812FB58, cid=3871, SUCCESS, logIndex=5847, commits[1d6da99a-ba9a-4d72-abd2-d0f1aa02f12f:c5848, 9dc27687-2024-46ae-8b6e-c9027bfa400e:c5843, 9c9c57da-14dc-454a-b374-789aa5e765a9:c5844]
2019-09-16 23:35:29,977 [grpc-default-executor-1] INFO  client.GrpcClientProtocolClient (GrpcClientProtocolClient.java:onNext(264)) - client-C79DE3E06697->1d6da99a-ba9a-4d72-abd2-d0f1aa02f12f: receive RaftClientReply:client-C79DE3E06697->1d6da99a-ba9a-4d72-abd2-d0f1aa02f12f@group-B29EE812FB58, cid=3872, SUCCESS, logIndex=5848, commits[1d6da99a-ba9a-4d72-abd2-d0f1aa02f12f:c5848, 9dc27687-2024-46ae-8b6e-c9027bfa400e:c5844, 9c9c57da-14dc-454a-b374-789aa5e765a9:c5844]
2019-09-16 23:35:29,989 [grpc-default-executor-6] INFO  client.GrpcClientProtocolClient (GrpcClientProtocolClient.java:onNext(264)) - client-C79DE3E06697->1d6da99a-ba9a-4d72-abd2-d0f1aa02f12f: receive RaftClientReply:client-C79DE3E06697->1d6da99a-ba9a-4d72-abd2-d0f1aa02f12f@group-B29EE812FB58, cid=3873, SUCCESS, logIndex=0, commits[1d6da99a-ba9a-4d72-abd2-d0f1aa02f12f:c5849, 9dc27687-2024-46ae-8b6e-c9027bfa400e:c5848, 9c9c57da-14dc-454a-b374-789aa5e765a9:c5848]
2019-09-16 23:35:30,013 [grpc-default-executor-3] INFO  client.GrpcClientProtocolClient (GrpcClientProtocolClient.java:onNext(264)) - client-C79DE3E06697->1d6da99a-ba9a-4d72-abd2-d0f1aa02f12f: receive RaftClientReply:client-C79DE3E06697->1d6da99a-ba9a-4d72-abd2-d0f1aa02f12f@group-B29EE812FB58, cid=3874, SUCCESS, logIndex=5850, commits[1d6da99a-ba9a-4d72-abd2-d0f1aa02f12f:c5851, 9dc27687-2024-46ae-8b6e-c9027bfa400e:c5849, 9c9c57da-14dc-454a-b374-789aa5e765a9:c5849]
2019-09-16 23:35:30,013 [grpc-default-executor-3] INFO  client.GrpcClientProtocolClient (GrpcClientProtocolClient.java:onNext(264)) - client-C79DE3E06697->1d6da99a-ba9a-4d72-abd2-d0f1aa02f12f: receive RaftClientReply:client-C79DE3E06697->1d6da99a-ba9a-4d72-abd2-d0f1aa02f12f@group-B29EE812FB58, cid=3875, SUCCESS, logIndex=5851, commits[1d6da99a-ba9a-4d72-abd2-d0f1aa02f12f:c5851, 9dc27687-2024-46ae-8b6e-c9027bfa400e:c5849, 9c9c57da-14dc-454a-b374-789aa5e765a9:c5849]
2019-09-16 23:35:30,015 [grpc-default-executor-1] INFO  client.GrpcClientProtocolClient (GrpcClientProtocolClient.java:onNext(264)) - client-C79DE3E06697->1d6da99a-ba9a-4d72-abd2-d0f1aa02f12f: receive RaftClientReply:client-C79DE3E06697->1d6da99a-ba9a-4d72-abd2-d0f1aa02f12f@group-B29EE812FB58, cid=3876, SUCCESS, logIndex=5852, commits[1d6da99a-ba9a-4d72-abd2-d0f1aa02f12f:c5853, 9dc27687-2024-46ae-8b6e-c9027bfa400e:c5849, 9c9c57da-14dc-454a-b374-789aa5e765a9:c5849]
2019-09-16 23:35:30,015 [grpc-default-executor-1] INFO  client.GrpcClientProtocolClient (GrpcClientProtocolClient.java:onNext(264)) - client-C79DE3E06697->1d6da99a-ba9a-4d72-abd2-d0f1aa02f12f: receive RaftClientReply:client-C79DE3E06697->1d6da99a-ba9a-4d72-abd2-d0f1aa02f12f@group-B29EE812FB58, cid=3877, SUCCESS, logIndex=5853, commits[1d6da99a-ba9a-4d72-abd2-d0f1aa02f12f:c5853, 9dc27687-2024-46ae-8b6e-c9027bfa400e:c5849, 9c9c57da-14dc-454a-b374-789aa5e765a9:c5849]
2019-09-16 23:35:30,030 [grpc-default-executor-1] INFO  client.GrpcClientProtocolClient (GrpcClientProtocolClient.java:onNext(264)) - client-C79DE3E06697->1d6da99a-ba9a-4d72-abd2-d0f1aa02f12f: receive RaftClientReply:client-C79DE3E06697->1d6da99a-ba9a-4d72-abd2-d0f1aa02f12f@group-B29EE812FB58, cid=3878, SUCCESS, logIndex=0, commits[1d6da99a-ba9a-4d72-abd2-d0f1aa02f12f:c5856, 9dc27687-2024-46ae-8b6e-c9027bfa400e:c5853, 9c9c57da-14dc-454a-b374-789aa5e765a9:c5851]
2019-09-16 23:35:30,053 [grpc-default-executor-3] INFO  client.GrpcClientProtocolClient (GrpcClientProtocolClient.java:onNext(264)) - client-C79DE3E06697->1d6da99a-ba9a-4d72-abd2-d0f1aa02f12f: receive RaftClientReply:client-C79DE3E06697->1d6da99a-ba9a-4d72-abd2-d0f1aa02f12f@group-B29EE812FB58, cid=3879, SUCCESS, logIndex=5857, commits[1d6da99a-ba9a-4d72-abd2-d0f1aa02f12f:c5858, 9dc27687-2024-46ae-8b6e-c9027bfa400e:c5856, 9c9c57da-14dc-454a-b374-789aa5e765a9:c5856]
2019-09-16 23:35:30,053 [grpc-default-executor-3] INFO  client.GrpcClientProtocolClient (GrpcClientProtocolClient.java:onNext(264)) - client-C79DE3E06697->1d6da99a-ba9a-4d72-abd2-d0f1aa02f12f: receive RaftClientReply:client-C79DE3E06697->1d6da99a-ba9a-4d72-abd2-d0f1aa02f12f@group-B29EE812FB58, cid=3880, SUCCESS, logIndex=5858, commits[1d6da99a-ba9a-4d72-abd2-d0f1aa02f12f:c5858, 9dc27687-2024-46ae-8b6e-c9027bfa400e:c5856, 9c9c57da-14dc-454a-b374-789aa5e765a9:c5856]
2019-09-16 23:35:30,068 [grpc-default-executor-1] INFO  client.GrpcClientProtocolClient (GrpcClientProtocolClient.java:onNext(264)) - client-C79DE3E06697->1d6da99a-ba9a-4d72-abd2-d0f1aa02f12f: receive RaftClientReply:client-C79DE3E06697->1d6da99a-ba9a-4d72-abd2-d0f1aa02f12f@group-B29EE812FB58, cid=3881, SUCCESS, logIndex=5861, commits[1d6da99a-ba9a-4d72-abd2-d0f1aa02f12f:c5862, 9dc27687-2024-46ae-8b6e-c9027bfa400e:c5858, 9c9c57da-14dc-454a-b374-789aa5e765a9:c5858]
2019-09-16 23:35:30,068 [grpc-default-executor-1] INFO  client.GrpcClientProtocolClient (GrpcClientProtocolClient.java:onNext(264)) - client-C79DE3E06697->1d6da99a-ba9a-4d72-abd2-d0f1aa02f12f: receive RaftClientReply:client-C79DE3E06697->1d6da99a-ba9a-4d72-abd2-d0f1aa02f12f@group-B29EE812FB58, cid=3882, SUCCESS, logIndex=5862, commits[1d6da99a-ba9a-4d72-abd2-d0f1aa02f12f:c5862, 9dc27687-2024-46ae-8b6e-c9027bfa400e:c5858, 9c9c57da-14dc-454a-b374-789aa5e765a9:c5858]
2019-09-16 23:35:30,069 [grpc-default-executor-1] INFO  client.GrpcClientProtocolClient (GrpcClientProtocolClient.java:onNext(264)) - client-C79DE3E06697->1d6da99a-ba9a-4d72-abd2-d0f1aa02f12f: receive RaftClientReply:client-C79DE3E06697->1d6da99a-ba9a-4d72-abd2-d0f1aa02f12f@group-B29EE812FB58, cid=3883, SUCCESS, logIndex=0, commits[1d6da99a-ba9a-4d72-abd2-d0f1aa02f12f:c5863, 9dc27687-2024-46ae-8b6e-c9027bfa400e:c5862, 9c9c57da-14dc-454a-b374-789aa5e765a9:c5862]
2019-09-16 23:35:30,096 [grpc-default-executor-3] INFO  client.GrpcClientProtocolClient (GrpcClientProtocolClient.java:onNext(264)) - client-C79DE3E06697->1d6da99a-ba9a-4d72-abd2-d0f1aa02f12f: receive RaftClientReply:client-C79DE3E06697->1d6da99a-ba9a-4d72-abd2-d0f1aa02f12f@group-B29EE812FB58, cid=3884, SUCCESS, logIndex=5865, commits[1d6da99a-ba9a-4d72-abd2-d0f1aa02f12f:c5866, 9dc27687-2024-46ae-8b6e-c9027bfa400e:c5864, 9c9c57da-14dc-454a-b374-789aa5e765a9:c5864]
2019-09-16 23:35:30,097 [grpc-default-executor-3] INFO  client.GrpcClientProtocolClient (GrpcClientProtocolClient.java:onNext(264)) - client-C79DE3E06697->1d6da99a-ba9a-4d72-abd2-d0f1aa02f12f: receive RaftClientReply:client-C79DE3E06697->1d6da99a-ba9a-4d72-abd2-d0f1aa02f12f@group-B29EE812FB58, cid=3885, SUCCESS, logIndex=5866, commits[1d6da99a-ba9a-4d72-abd2-d0f1aa02f12f:c5866, 9dc27687-2024-46ae-8b6e-c9027bfa400e:c5864, 9c9c57da-14dc-454a-b374-789aa5e765a9:c5864]
2019-09-16 23:35:30,097 [grpc-default-executor-3] INFO  client.GrpcClientProtocolClient (GrpcClientProtocolClient.java:onNext(264)) - client-C79DE3E06697->1d6da99a-ba9a-4d72-abd2-d0f1aa02f12f: receive RaftClientReply:client-C79DE3E06697->1d6da99a-ba9a-4d72-abd2-d0f1aa02f12f@group-B29EE812FB58, cid=3886, SUCCESS, logIndex=5867, commits[1d6da99a-ba9a-4d72-abd2-d0f1aa02f12f:c5868, 9dc27687-2024-46ae-8b6e-c9027bfa400e:c5864, 9c9c57da-14dc-454a-b374-789aa5e765a9:c5864]
2019-09-16 23:35:30,097 [grpc-default-executor-3] INFO  client.GrpcClientProtocolClient (GrpcClientProtocolClient.java:onNext(264)) - client-C79DE3E06697->1d6da99a-ba9a-4d72-abd2-d0f1aa02f12f: receive RaftClientReply:client-C79DE3E06697->1d6da99a-ba9a-4d72-abd2-d0f1aa02f12f@group-B29EE812FB58, cid=3887, SUCCESS, logIndex=5868, commits[1d6da99a-ba9a-4d72-abd2-d0f1aa02f12f:c5868, 9dc27687-2024-46ae-8b6e-c9027bfa400e:c5864, 9c9c57da-14dc-454a-b374-789aa5e765a9:c5864]
2019-09-16 23:35:30,110 [grpc-default-executor-3] INFO  client.GrpcClientProtocolClient (GrpcClientProtocolClient.java:onNext(264)) - client-C79DE3E06697->1d6da99a-ba9a-4d72-abd2-d0f1aa02f12f: receive RaftClientReply:client-C79DE3E06697->1d6da99a-ba9a-4d72-abd2-d0f1aa02f12f@group-B29EE812FB58, cid=3888, SUCCESS, logIndex=0, commits[1d6da99a-ba9a-4d72-abd2-d0f1aa02f12f:c5870, 9dc27687-2024-46ae-8b6e-c9027bfa400e:c5866, 9c9c57da-14dc-454a-b374-789aa5e765a9:c5866]
2019-09-16 23:35:30,453 [grpc-default-executor-6] INFO  client.GrpcClientProtocolClient (GrpcClientProtocolClient.java:onNext(264)) - client-C79DE3E06697->1d6da99a-ba9a-4d72-abd2-d0f1aa02f12f: receive RaftClientReply:client-C79DE3E06697->1d6da99a-ba9a-4d72-abd2-d0f1aa02f12f@group-B29EE812FB58, cid=3889, SUCCESS, logIndex=5872, commits[1d6da99a-ba9a-4d72-abd2-d0f1aa02f12f:c5873, 9dc27687-2024-46ae-8b6e-c9027bfa400e:c5871, 9c9c57da-14dc-454a-b374-789aa5e765a9:c5871]
2019-09-16 23:35:30,453 [grpc-default-executor-6] INFO  client.GrpcClientProtocolClient (GrpcClientProtocolClient.java:onNext(264)) - client-C79DE3E06697->1d6da99a-ba9a-4d72-abd2-d0f1aa02f12f: receive RaftClientReply:client-C79DE3E06697->1d6da99a-ba9a-4d72-abd2-d0f1aa02f12f@group-B29EE812FB58, cid=3890, SUCCESS, logIndex=5873, commits[1d6da99a-ba9a-4d72-abd2-d0f1aa02f12f:c5873, 9dc27687-2024-46ae-8b6e-c9027bfa400e:c5871, 9c9c57da-14dc-454a-b374-789aa5e765a9:c5871]
2019-09-16 23:35:30,474 [grpc-default-executor-3] INFO  client.GrpcClientProtocolClient (GrpcClientProtocolClient.java:onNext(264)) - client-C79DE3E06697->1d6da99a-ba9a-4d72-abd2-d0f1aa02f12f: receive RaftClientReply:client-C79DE3E06697->1d6da99a-ba9a-4d72-abd2-d0f1aa02f12f@group-B29EE812FB58, cid=3891, SUCCESS, logIndex=5876, commits[1d6da99a-ba9a-4d72-abd2-d0f1aa02f12f:c5877, 9dc27687-2024-46ae-8b6e-c9027bfa400e:c5874, 9c9c57da-14dc-454a-b374-789aa5e765a9:c5874]
2019-09-16 23:35:30,475 [grpc-default-executor-3] INFO  client.GrpcClientProtocolClient (GrpcClientProtocolClient.java:onNext(264)) - client-C79DE3E06697->1d6da99a-ba9a-4d72-abd2-d0f1aa02f12f: receive RaftClientReply:client-C79DE3E06697->1d6da99a-ba9a-4d72-abd2-d0f1aa02f12f@group-B29EE812FB58, cid=3892, SUCCESS, logIndex=5877, commits[1d6da99a-ba9a-4d72-abd2-d0f1aa02f12f:c5877, 9dc27687-2024-46ae-8b6e-c9027bfa400e:c5874, 9c9c57da-14dc-454a-b374-789aa5e765a9:c5874]
2019-09-16 23:35:30,485 [grpc-default-executor-3] INFO  client.GrpcClientProtocolClient (GrpcClientProtocolClient.java:onNext(264)) - client-C79DE3E06697->1d6da99a-ba9a-4d72-abd2-d0f1aa02f12f: receive RaftClientReply:client-C79DE3E06697->1d6da99a-ba9a-4d72-abd2-d0f1aa02f12f@group-B29EE812FB58, cid=3893, SUCCESS, logIndex=0, commits[1d6da99a-ba9a-4d72-abd2-d0f1aa02f12f:c5879, 9dc27687-2024-46ae-8b6e-c9027bfa400e:c5877, 9c9c57da-14dc-454a-b374-789aa5e765a9:c5877]
2019-09-16 23:35:30,521 [grpc-default-executor-1] INFO  client.GrpcClientProtocolClient (GrpcClientProtocolClient.java:onNext(264)) - client-C79DE3E06697->1d6da99a-ba9a-4d72-abd2-d0f1aa02f12f: receive RaftClientReply:client-C79DE3E06697->1d6da99a-ba9a-4d72-abd2-d0f1aa02f12f@group-B29EE812FB58, cid=3894, SUCCESS, logIndex=5880, commits[1d6da99a-ba9a-4d72-abd2-d0f1aa02f12f:c5882, 9dc27687-2024-46ae-8b6e-c9027bfa400e:c5879, 9c9c57da-14dc-454a-b374-789aa5e765a9:c5879]
2019-09-16 23:35:30,521 [grpc-default-executor-1] INFO  client.GrpcClientProtocolClient (GrpcClientProtocolClient.java:onNext(264)) - client-C79DE3E06697->1d6da99a-ba9a-4d72-abd2-d0f1aa02f12f: receive RaftClientReply:client-C79DE3E06697->1d6da99a-ba9a-4d72-abd2-d0f1aa02f12f@group-B29EE812FB58, cid=3895, SUCCESS, logIndex=5881, commits[1d6da99a-ba9a-4d72-abd2-d0f1aa02f12f:c5883, 9dc27687-2024-46ae-8b6e-c9027bfa400e:c5879, 9c9c57da-14dc-454a-b374-789aa5e765a9:c5879]
2019-09-16 23:35:30,521 [grpc-default-executor-1] INFO  client.GrpcClientProtocolClient (GrpcClientProtocolClient.java:onNext(264)) - client-C79DE3E06697->1d6da99a-ba9a-4d72-abd2-d0f1aa02f12f: receive RaftClientReply:client-C79DE3E06697->1d6da99a-ba9a-4d72-abd2-d0f1aa02f12f@group-B29EE812FB58, cid=3896, SUCCESS, logIndex=5882, commits[1d6da99a-ba9a-4d72-abd2-d0f1aa02f12f:c5883, 9dc27687-2024-46ae-8b6e-c9027bfa400e:c5879, 9c9c57da-14dc-454a-b374-789aa5e765a9:c5879]
2019-09-16 23:35:30,522 [grpc-default-executor-1] INFO  client.GrpcClientProtocolClient (GrpcClientProtocolClient.java:onNext(264)) - client-C79DE3E06697->1d6da99a-ba9a-4d72-abd2-d0f1aa02f12f: receive RaftClientReply:client-C79DE3E06697->1d6da99a-ba9a-4d72-abd2-d0f1aa02f12f@group-B29EE812FB58, cid=3897, SUCCESS, logIndex=5883, commits[1d6da99a-ba9a-4d72-abd2-d0f1aa02f12f:c5883, 9dc27687-2024-46ae-8b6e-c9027bfa400e:c5879, 9c9c57da-14dc-454a-b374-789aa5e765a9:c5879]
2019-09-16 23:35:30,524 [grpc-default-executor-1] INFO  client.GrpcClientProtocolClient (GrpcClientProtocolClient.java:onNext(264)) - client-C79DE3E06697->1d6da99a-ba9a-4d72-abd2-d0f1aa02f12f: receive RaftClientReply:client-C79DE3E06697->1d6da99a-ba9a-4d72-abd2-d0f1aa02f12f@group-B29EE812FB58, cid=3898, SUCCESS, logIndex=0, commits[1d6da99a-ba9a-4d72-abd2-d0f1aa02f12f:c5885, 9dc27687-2024-46ae-8b6e-c9027bfa400e:c5881, 9c9c57da-14dc-454a-b374-789aa5e765a9:c5881]
2019-09-16 23:35:30,538 [grpc-default-executor-3] INFO  client.GrpcClientProtocolClient (GrpcClientProtocolClient.java:onNext(264)) - client-C79DE3E06697->1d6da99a-ba9a-4d72-abd2-d0f1aa02f12f: receive RaftClientReply:client-C79DE3E06697->1d6da99a-ba9a-4d72-abd2-d0f1aa02f12f@group-B29EE812FB58, cid=3899, SUCCESS, logIndex=5888, commits[1d6da99a-ba9a-4d72-abd2-d0f1aa02f12f:c5889, 9dc27687-2024-46ae-8b6e-c9027bfa400e:c5886, 9c9c57da-14dc-454a-b374-789aa5e765a9:c5886]
2019-09-16 23:35:30,538 [grpc-default-executor-3] INFO  client.GrpcClientProtocolClient (GrpcClientProtocolClient.java:onNext(264)) - client-C79DE3E06697->1d6da99a-ba9a-4d72-abd2-d0f1aa02f12f: receive RaftClientReply:client-C79DE3E06697->1d6da99a-ba9a-4d72-abd2-d0f1aa02f12f@group-B29EE812FB58, cid=3900, SUCCESS, logIndex=5889, commits[1d6da99a-ba9a-4d72-abd2-d0f1aa02f12f:c5889, 9dc27687-2024-46ae-8b6e-c9027bfa400e:c5886, 9c9c57da-14dc-454a-b374-789aa5e765a9:c5886]
2019-09-16 23:35:30,564 [grpc-default-executor-1] INFO  client.GrpcClientProtocolClient (GrpcClientProtocolClient.java:onNext(264)) - client-C79DE3E06697->1d6da99a-ba9a-4d72-abd2-d0f1aa02f12f: receive RaftClientReply:client-C79DE3E06697->1d6da99a-ba9a-4d72-abd2-d0f1aa02f12f@group-B29EE812FB58, cid=3901, SUCCESS, logIndex=5891, commits[1d6da99a-ba9a-4d72-abd2-d0f1aa02f12f:c5892, 9dc27687-2024-46ae-8b6e-c9027bfa400e:c5889, 9c9c57da-14dc-454a-b374-789aa5e765a9:c5889]
2019-09-16 23:35:30,564 [grpc-default-executor-1] INFO  client.GrpcClientProtocolClient (GrpcClientProtocolClient.java:onNext(264)) - client-C79DE3E06697->1d6da99a-ba9a-4d72-abd2-d0f1aa02f12f: receive RaftClientReply:client-C79DE3E06697->1d6da99a-ba9a-4d72-abd2-d0f1aa02f12f@group-B29EE812FB58, cid=3902, SUCCESS, logIndex=5892, commits[1d6da99a-ba9a-4d72-abd2-d0f1aa02f12f:c5892, 9dc27687-2024-46ae-8b6e-c9027bfa400e:c5889, 9c9c57da-14dc-454a-b374-789aa5e765a9:c5889]
2019-09-16 23:35:30,586 [grpc-default-executor-6] INFO  client.GrpcClientProtocolClient (GrpcClientProtocolClient.java:onNext(264)) - client-C79DE3E06697->1d6da99a-ba9a-4d72-abd2-d0f1aa02f12f: receive RaftClientReply:client-C79DE3E06697->1d6da99a-ba9a-4d72-abd2-d0f1aa02f12f@group-B29EE812FB58, cid=3903, SUCCESS, logIndex=0, commits[1d6da99a-ba9a-4d72-abd2-d0f1aa02f12f:c5893, 9dc27687-2024-46ae-8b6e-c9027bfa400e:c5892, 9c9c57da-14dc-454a-b374-789aa5e765a9:c5892]
2019-09-16 23:35:30,609 [grpc-default-executor-1] INFO  client.GrpcClientProtocolClient (GrpcClientProtocolClient.java:onNext(264)) - client-C79DE3E06697->1d6da99a-ba9a-4d72-abd2-d0f1aa02f12f: receive RaftClientReply:client-C79DE3E06697->1d6da99a-ba9a-4d72-abd2-d0f1aa02f12f@group-B29EE812FB58, cid=3904, SUCCESS, logIndex=5895, commits[1d6da99a-ba9a-4d72-abd2-d0f1aa02f12f:c5896, 9dc27687-2024-46ae-8b6e-c9027bfa400e:c5894, 9c9c57da-14dc-454a-b374-789aa5e765a9:c5894]
2019-09-16 23:35:30,609 [grpc-default-executor-1] INFO  client.GrpcClientProtocolClient (GrpcClientProtocolClient.java:onNext(264)) - client-C79DE3E06697->1d6da99a-ba9a-4d72-abd2-d0f1aa02f12f: receive RaftClientReply:client-C79DE3E06697->1d6da99a-ba9a-4d72-abd2-d0f1aa02f12f@group-B29EE812FB58, cid=3905, SUCCESS, logIndex=5896, commits[1d6da99a-ba9a-4d72-abd2-d0f1aa02f12f:c5896, 9dc27687-2024-46ae-8b6e-c9027bfa400e:c5894, 9c9c57da-14dc-454a-b374-789aa5e765a9:c5894]
2019-09-16 23:35:30,610 [grpc-default-executor-6] INFO  client.GrpcClientProtocolClient (GrpcClientProtocolClient.java:onNext(264)) - client-C79DE3E06697->1d6da99a-ba9a-4d72-abd2-d0f1aa02f12f: receive RaftClientReply:client-C79DE3E06697->1d6da99a-ba9a-4d72-abd2-d0f1aa02f12f@group-B29EE812FB58, cid=3906, SUCCESS, logIndex=5897, commits[1d6da99a-ba9a-4d72-abd2-d0f1aa02f12f:c5897, 9dc27687-2024-46ae-8b6e-c9027bfa400e:c5894, 9c9c57da-14dc-454a-b374-789aa5e765a9:c5894]
2019-09-16 23:35:30,610 [grpc-default-executor-6] INFO  client.GrpcClientProtocolClient (GrpcClientProtocolClient.java:onNext(264)) - client-C79DE3E06697->1d6da99a-ba9a-4d72-abd2-d0f1aa02f12f: receive RaftClientReply:client-C79DE3E06697->1d6da99a-ba9a-4d72-abd2-d0f1aa02f12f@group-B29EE812FB58, cid=3907, SUCCESS, logIndex=5898, commits[1d6da99a-ba9a-4d72-abd2-d0f1aa02f12f:c5898, 9dc27687-2024-46ae-8b6e-c9027bfa400e:c5894, 9c9c57da-14dc-454a-b374-789aa5e765a9:c5894]
2019-09-16 23:35:30,624 [grpc-default-executor-3] INFO  client.GrpcClientProtocolClient (GrpcClientProtocolClient.java:onNext(264)) - client-C79DE3E06697->1d6da99a-ba9a-4d72-abd2-d0f1aa02f12f: receive RaftClientReply:client-C79DE3E06697->1d6da99a-ba9a-4d72-abd2-d0f1aa02f12f@group-B29EE812FB58, cid=3908, SUCCESS, logIndex=0, commits[1d6da99a-ba9a-4d72-abd2-d0f1aa02f12f:c5900, 9dc27687-2024-46ae-8b6e-c9027bfa400e:c5896, 9c9c57da-14dc-454a-b374-789aa5e765a9:c5896]
2019-09-16 23:35:30,635 [grpc-default-executor-6] INFO  client.GrpcClientProtocolClient (GrpcClientProtocolClient.java:onNext(264)) - client-C79DE3E06697->1d6da99a-ba9a-4d72-abd2-d0f1aa02f12f: receive RaftClientReply:client-C79DE3E06697->1d6da99a-ba9a-4d72-abd2-d0f1aa02f12f@group-B29EE812FB58, cid=3909, SUCCESS, logIndex=5903, commits[1d6da99a-ba9a-4d72-abd2-d0f1aa02f12f:c5904, 9dc27687-2024-46ae-8b6e-c9027bfa400e:c5902, 9c9c57da-14dc-454a-b374-789aa5e765a9:c5902]
2019-09-16 23:35:30,635 [grpc-default-executor-6] INFO  client.GrpcClientProtocolClient (GrpcClientProtocolClient.java:onNext(264)) - client-C79DE3E06697->1d6da99a-ba9a-4d72-abd2-d0f1aa02f12f: receive RaftClientReply:client-C79DE3E06697->1d6da99a-ba9a-4d72-abd2-d0f1aa02f12f@group-B29EE812FB58, cid=3910, SUCCESS, logIndex=5904, commits[1d6da99a-ba9a-4d72-abd2-d0f1aa02f12f:c5904, 9dc27687-2024-46ae-8b6e-c9027bfa400e:c5902, 9c9c57da-14dc-454a-b374-789aa5e765a9:c5902]
2019-09-16 23:35:30,650 [grpc-default-executor-3] INFO  client.GrpcClientProtocolClient (GrpcClientProtocolClient.java:onNext(264)) - client-C79DE3E06697->1d6da99a-ba9a-4d72-abd2-d0f1aa02f12f: receive RaftClientReply:client-C79DE3E06697->1d6da99a-ba9a-4d72-abd2-d0f1aa02f12f@group-B29EE812FB58, cid=3911, SUCCESS, logIndex=5907, commits[1d6da99a-ba9a-4d72-abd2-d0f1aa02f12f:c5908, 9dc27687-2024-46ae-8b6e-c9027bfa400e:c5904, 9c9c57da-14dc-454a-b374-789aa5e765a9:c5904]
2019-09-16 23:35:30,650 [grpc-default-executor-3] INFO  client.GrpcClientProtocolClient (GrpcClientProtocolClient.java:onNext(264)) - client-C79DE3E06697->1d6da99a-ba9a-4d72-abd2-d0f1aa02f12f: receive RaftClientReply:client-C79DE3E06697->1d6da99a-ba9a-4d72-abd2-d0f1aa02f12f@group-B29EE812FB58, cid=3912, SUCCESS, logIndex=5908, commits[1d6da99a-ba9a-4d72-abd2-d0f1aa02f12f:c5908, 9dc27687-2024-46ae-8b6e-c9027bfa400e:c5904, 9c9c57da-14dc-454a-b374-789aa5e765a9:c5904]
2019-09-16 23:35:30,659 [grpc-default-executor-3] INFO  client.GrpcClientProtocolClient (GrpcClientProtocolClient.java:onNext(264)) - client-C79DE3E06697->1d6da99a-ba9a-4d72-abd2-d0f1aa02f12f: receive RaftClientReply:client-C79DE3E06697->1d6da99a-ba9a-4d72-abd2-d0f1aa02f12f@group-B29EE812FB58, cid=3913, SUCCESS, logIndex=0, commits[1d6da99a-ba9a-4d72-abd2-d0f1aa02f12f:c5910, 9dc27687-2024-46ae-8b6e-c9027bfa400e:c5908, 9c9c57da-14dc-454a-b374-789aa5e765a9:c5908]
2019-09-16 23:35:30,684 [grpc-default-executor-6] INFO  client.GrpcClientProtocolClient (GrpcClientProtocolClient.java:onNext(264)) - client-C79DE3E06697->1d6da99a-ba9a-4d72-abd2-d0f1aa02f12f: receive RaftClientReply:client-C79DE3E06697->1d6da99a-ba9a-4d72-abd2-d0f1aa02f12f@group-B29EE812FB58, cid=3914, SUCCESS, logIndex=5911, commits[1d6da99a-ba9a-4d72-abd2-d0f1aa02f12f:c5912, 9dc27687-2024-46ae-8b6e-c9027bfa400e:c5908, 9c9c57da-14dc-454a-b374-789aa5e765a9:c5910]
2019-09-16 23:35:30,685 [grpc-default-executor-6] INFO  client.GrpcClientProtocolClient (GrpcClientProtocolClient.java:onNext(264)) - client-C79DE3E06697->1d6da99a-ba9a-4d72-abd2-d0f1aa02f12f: receive RaftClientReply:client-C79DE3E06697->1d6da99a-ba9a-4d72-abd2-d0f1aa02f12f@group-B29EE812FB58, cid=3915, SUCCESS, logIndex=5912, commits[1d6da99a-ba9a-4d72-abd2-d0f1aa02f12f:c5912, 9dc27687-2024-46ae-8b6e-c9027bfa400e:c5908, 9c9c57da-14dc-454a-b374-789aa5e765a9:c5910]
2019-09-16 23:35:30,686 [grpc-default-executor-6] INFO  client.GrpcClientProtocolClient (GrpcClientProtocolClient.java:onNext(264)) - client-C79DE3E06697->1d6da99a-ba9a-4d72-abd2-d0f1aa02f12f: receive RaftClientReply:client-C79DE3E06697->1d6da99a-ba9a-4d72-abd2-d0f1aa02f12f@group-B29EE812FB58, cid=3916, SUCCESS, logIndex=5913, commits[1d6da99a-ba9a-4d72-abd2-d0f1aa02f12f:c5914, 9dc27687-2024-46ae-8b6e-c9027bfa400e:c5910, 9c9c57da-14dc-454a-b374-789aa5e765a9:c5910]
2019-09-16 23:35:30,687 [grpc-default-executor-6] INFO  client.GrpcClientProtocolClient (GrpcClientProtocolClient.java:onNext(264)) - client-C79DE3E06697->1d6da99a-ba9a-4d72-abd2-d0f1aa02f12f: receive RaftClientReply:client-C79DE3E06697->1d6da99a-ba9a-4d72-abd2-d0f1aa02f12f@group-B29EE812FB58, cid=3917, SUCCESS, logIndex=5914, commits[1d6da99a-ba9a-4d72-abd2-d0f1aa02f12f:c5915, 9dc27687-2024-46ae-8b6e-c9027bfa400e:c5912, 9c9c57da-14dc-454a-b374-789aa5e765a9:c5910]
2019-09-16 23:35:30,687 [grpc-default-executor-6] INFO  client.GrpcClientProtocolClient (GrpcClientProtocolClient.java:onNext(264)) - client-C79DE3E06697->1d6da99a-ba9a-4d72-abd2-d0f1aa02f12f: receive RaftClientReply:client-C79DE3E06697->1d6da99a-ba9a-4d72-abd2-d0f1aa02f12f@group-B29EE812FB58, cid=3918, SUCCESS, logIndex=0, commits[1d6da99a-ba9a-4d72-abd2-d0f1aa02f12f:c5916, 9dc27687-2024-46ae-8b6e-c9027bfa400e:c5912, 9c9c57da-14dc-454a-b374-789aa5e765a9:c5912]
2019-09-16 23:35:30,774 [grpc-default-executor-3] INFO  client.GrpcClientProtocolClient (GrpcClientProtocolClient.java:onNext(264)) - client-C79DE3E06697->1d6da99a-ba9a-4d72-abd2-d0f1aa02f12f: receive RaftClientReply:client-C79DE3E06697->1d6da99a-ba9a-4d72-abd2-d0f1aa02f12f@group-B29EE812FB58, cid=3919, SUCCESS, logIndex=5919, commits[1d6da99a-ba9a-4d72-abd2-d0f1aa02f12f:c5920, 9dc27687-2024-46ae-8b6e-c9027bfa400e:c5918, 9c9c57da-14dc-454a-b374-789aa5e765a9:c5918]
2019-09-16 23:35:30,774 [grpc-default-executor-3] INFO  client.GrpcClientProtocolClient (GrpcClientProtocolClient.java:onNext(264)) - client-C79DE3E06697->1d6da99a-ba9a-4d72-abd2-d0f1aa02f12f: receive RaftClientReply:client-C79DE3E06697->1d6da99a-ba9a-4d72-abd2-d0f1aa02f12f@group-B29EE812FB58, cid=3920, SUCCESS, logIndex=5920, commits[1d6da99a-ba9a-4d72-abd2-d0f1aa02f12f:c5920, 9dc27687-2024-46ae-8b6e-c9027bfa400e:c5918, 9c9c57da-14dc-454a-b374-789aa5e765a9:c5918]
2019-09-16 23:35:30,787 [grpc-default-executor-1] INFO  client.GrpcClientProtocolClient (GrpcClientProtocolClient.java:onNext(264)) - client-C79DE3E06697->1d6da99a-ba9a-4d72-abd2-d0f1aa02f12f: receive RaftClientReply:client-C79DE3E06697->1d6da99a-ba9a-4d72-abd2-d0f1aa02f12f@group-B29EE812FB58, cid=3921, SUCCESS, logIndex=5923, commits[1d6da99a-ba9a-4d72-abd2-d0f1aa02f12f:c5924, 9dc27687-2024-46ae-8b6e-c9027bfa400e:c5920, 9c9c57da-14dc-454a-b374-789aa5e765a9:c5920]
2019-09-16 23:35:30,787 [grpc-default-executor-1] INFO  client.GrpcClientProtocolClient (GrpcClientProtocolClient.java:onNext(264)) - client-C79DE3E06697->1d6da99a-ba9a-4d72-abd2-d0f1aa02f12f: receive RaftClientReply:client-C79DE3E06697->1d6da99a-ba9a-4d72-abd2-d0f1aa02f12f@group-B29EE812FB58, cid=3922, SUCCESS, logIndex=5924, commits[1d6da99a-ba9a-4d72-abd2-d0f1aa02f12f:c5924, 9dc27687-2024-46ae-8b6e-c9027bfa400e:c5920, 9c9c57da-14dc-454a-b374-789aa5e765a9:c5920]
2019-09-16 23:35:30,802 [grpc-default-executor-1] INFO  client.GrpcClientProtocolClient (GrpcClientProtocolClient.java:onNext(264)) - client-C79DE3E06697->1d6da99a-ba9a-4d72-abd2-d0f1aa02f12f: receive RaftClientReply:client-C79DE3E06697->1d6da99a-ba9a-4d72-abd2-d0f1aa02f12f@group-B29EE812FB58, cid=3923, SUCCESS, logIndex=0, commits[1d6da99a-ba9a-4d72-abd2-d0f1aa02f12f:c5925, 9dc27687-2024-46ae-8b6e-c9027bfa400e:c5924, 9c9c57da-14dc-454a-b374-789aa5e765a9:c5924]
2019-09-16 23:35:30,847 [grpc-default-executor-3] INFO  client.GrpcClientProtocolClient (GrpcClientProtocolClient.java:onNext(264)) - client-C79DE3E06697->1d6da99a-ba9a-4d72-abd2-d0f1aa02f12f: receive RaftClientReply:client-C79DE3E06697->1d6da99a-ba9a-4d72-abd2-d0f1aa02f12f@group-B29EE812FB58, cid=3924, SUCCESS, logIndex=5927, commits[1d6da99a-ba9a-4d72-abd2-d0f1aa02f12f:c5928, 9dc27687-2024-46ae-8b6e-c9027bfa400e:c5926, 9c9c57da-14dc-454a-b374-789aa5e765a9:c5926]
2019-09-16 23:35:30,848 [grpc-default-executor-3] INFO  client.GrpcClientProtocolClient (GrpcClientProtocolClient.java:onNext(264)) - client-C79DE3E06697->1d6da99a-ba9a-4d72-abd2-d0f1aa02f12f: receive RaftClientReply:client-C79DE3E06697->1d6da99a-ba9a-4d72-abd2-d0f1aa02f12f@group-B29EE812FB58, cid=3925, SUCCESS, logIndex=5928, commits[1d6da99a-ba9a-4d72-abd2-d0f1aa02f12f:c5928, 9dc27687-2024-46ae-8b6e-c9027bfa400e:c5926, 9c9c57da-14dc-454a-b374-789aa5e765a9:c5926]
2019-09-16 23:35:30,848 [grpc-default-executor-3] INFO  client.GrpcClientProtocolClient (GrpcClientProtocolClient.java:onNext(264)) - client-C79DE3E06697->1d6da99a-ba9a-4d72-abd2-d0f1aa02f12f: receive RaftClientReply:client-C79DE3E06697->1d6da99a-ba9a-4d72-abd2-d0f1aa02f12f@group-B29EE812FB58, cid=3926, SUCCESS, logIndex=5929, commits[1d6da99a-ba9a-4d72-abd2-d0f1aa02f12f:c5929, 9dc27687-2024-46ae-8b6e-c9027bfa400e:c5926, 9c9c57da-14dc-454a-b374-789aa5e765a9:c5926]
2019-09-16 23:35:30,848 [grpc-default-executor-3] INFO  client.GrpcClientProtocolClient (GrpcClientProtocolClient.java:onNext(264)) - client-C79DE3E06697->1d6da99a-ba9a-4d72-abd2-d0f1aa02f12f: receive RaftClientReply:client-C79DE3E06697->1d6da99a-ba9a-4d72-abd2-d0f1aa02f12f@group-B29EE812FB58, cid=3927, SUCCESS, logIndex=5930, commits[1d6da99a-ba9a-4d72-abd2-d0f1aa02f12f:c5930, 9dc27687-2024-46ae-8b6e-c9027bfa400e:c5926, 9c9c57da-14dc-454a-b374-789aa5e765a9:c5926]
2019-09-16 23:35:30,861 [grpc-default-executor-3] INFO  client.GrpcClientProtocolClient (GrpcClientProtocolClient.java:onNext(264)) - client-C79DE3E06697->1d6da99a-ba9a-4d72-abd2-d0f1aa02f12f: receive RaftClientReply:client-C79DE3E06697->1d6da99a-ba9a-4d72-abd2-d0f1aa02f12f@group-B29EE812FB58, cid=3928, SUCCESS, logIndex=0, commits[1d6da99a-ba9a-4d72-abd2-d0f1aa02f12f:c5932, 9dc27687-2024-46ae-8b6e-c9027bfa400e:c5928, 9c9c57da-14dc-454a-b374-789aa5e765a9:c5928]
2019-09-16 23:35:30,882 [grpc-default-executor-6] INFO  client.GrpcClientProtocolClient (GrpcClientProtocolClient.java:onNext(264)) - client-C79DE3E06697->1d6da99a-ba9a-4d72-abd2-d0f1aa02f12f: receive RaftClientReply:client-C79DE3E06697->1d6da99a-ba9a-4d72-abd2-d0f1aa02f12f@group-B29EE812FB58, cid=3929, SUCCESS, logIndex=5935, commits[1d6da99a-ba9a-4d72-abd2-d0f1aa02f12f:c5936, 9dc27687-2024-46ae-8b6e-c9027bfa400e:c5934, 9c9c57da-14dc-454a-b374-789aa5e765a9:c5934]
2019-09-16 23:35:30,882 [grpc-default-executor-6] INFO  client.GrpcClientProtocolClient (GrpcClientProtocolClient.java:onNext(264)) - client-C79DE3E06697->1d6da99a-ba9a-4d72-abd2-d0f1aa02f12f: receive RaftClientReply:client-C79DE3E06697->1d6da99a-ba9a-4d72-abd2-d0f1aa02f12f@group-B29EE812FB58, cid=3930, SUCCESS, logIndex=5936, commits[1d6da99a-ba9a-4d72-abd2-d0f1aa02f12f:c5936, 9dc27687-2024-46ae-8b6e-c9027bfa400e:c5934, 9c9c57da-14dc-454a-b374-789aa5e765a9:c5934]
2019-09-16 23:35:30,896 [grpc-default-executor-6] INFO  client.GrpcClientProtocolClient (GrpcClientProtocolClient.java:onNext(264)) - client-C79DE3E06697->1d6da99a-ba9a-4d72-abd2-d0f1aa02f12f: receive RaftClientReply:client-C79DE3E06697->1d6da99a-ba9a-4d72-abd2-d0f1aa02f12f@group-B29EE812FB58, cid=3931, SUCCESS, logIndex=5939, commits[1d6da99a-ba9a-4d72-abd2-d0f1aa02f12f:c5940, 9dc27687-2024-46ae-8b6e-c9027bfa400e:c5936, 9c9c57da-14dc-454a-b374-789aa5e765a9:c5936]
2019-09-16 23:35:30,897 [grpc-default-executor-6] INFO  client.GrpcClientProtocolClient (GrpcClientProtocolClient.java:onNext(264)) - client-C79DE3E06697->1d6da99a-ba9a-4d72-abd2-d0f1aa02f12f: receive RaftClientReply:client-C79DE3E06697->1d6da99a-ba9a-4d72-abd2-d0f1aa02f12f@group-B29EE812FB58, cid=3932, SUCCESS, logIndex=5940, commits[1d6da99a-ba9a-4d72-abd2-d0f1aa02f12f:c5940, 9dc27687-2024-46ae-8b6e-c9027bfa400e:c5936, 9c9c57da-14dc-454a-b374-789aa5e765a9:c5936]
2019-09-16 23:35:30,908 [grpc-default-executor-6] INFO  client.GrpcClientProtocolClient (GrpcClientProtocolClient.java:onNext(264)) - client-C79DE3E06697->1d6da99a-ba9a-4d72-abd2-d0f1aa02f12f: receive RaftClientReply:client-C79DE3E06697->1d6da99a-ba9a-4d72-abd2-d0f1aa02f12f@group-B29EE812FB58, cid=3933, SUCCESS, logIndex=0, commits[1d6da99a-ba9a-4d72-abd2-d0f1aa02f12f:c5942, 9dc27687-2024-46ae-8b6e-c9027bfa400e:c5940, 9c9c57da-14dc-454a-b374-789aa5e765a9:c5940]
2019-09-16 23:35:30,942 [grpc-default-executor-3] INFO  client.GrpcClientProtocolClient (GrpcClientProtocolClient.java:onNext(264)) - client-C79DE3E06697->1d6da99a-ba9a-4d72-abd2-d0f1aa02f12f: receive RaftClientReply:client-C79DE3E06697->1d6da99a-ba9a-4d72-abd2-d0f1aa02f12f@group-B29EE812FB58, cid=3934, SUCCESS, logIndex=5943, commits[1d6da99a-ba9a-4d72-abd2-d0f1aa02f12f:c5944, 9dc27687-2024-46ae-8b6e-c9027bfa400e:c5942, 9c9c57da-14dc-454a-b374-789aa5e765a9:c5942]
2019-09-16 23:35:30,943 [grpc-default-executor-3] INFO  client.GrpcClientProtocolClient (GrpcClientProtocolClient.java:onNext(264)) - client-C79DE3E06697->1d6da99a-ba9a-4d72-abd2-d0f1aa02f12f: receive RaftClientReply:client-C79DE3E06697->1d6da99a-ba9a-4d72-abd2-d0f1aa02f12f@group-B29EE812FB58, cid=3935, SUCCESS, logIndex=5944, commits[1d6da99a-ba9a-4d72-abd2-d0f1aa02f12f:c5946, 9dc27687-2024-46ae-8b6e-c9027bfa400e:c5942, 9c9c57da-14dc-454a-b374-789aa5e765a9:c5942]
2019-09-16 23:35:30,943 [grpc-default-executor-3] INFO  client.GrpcClientProtocolClient (GrpcClientProtocolClient.java:onNext(264)) - client-C79DE3E06697->1d6da99a-ba9a-4d72-abd2-d0f1aa02f12f: receive RaftClientReply:client-C79DE3E06697->1d6da99a-ba9a-4d72-abd2-d0f1aa02f12f@group-B29EE812FB58, cid=3936, SUCCESS, logIndex=5945, commits[1d6da99a-ba9a-4d72-abd2-d0f1aa02f12f:c5946, 9dc27687-2024-46ae-8b6e-c9027bfa400e:c5942, 9c9c57da-14dc-454a-b374-789aa5e765a9:c5942]
2019-09-16 23:35:30,943 [grpc-default-executor-6] INFO  client.GrpcClientProtocolClient (GrpcClientProtocolClient.java:onNext(264)) - client-C79DE3E06697->1d6da99a-ba9a-4d72-abd2-d0f1aa02f12f: receive RaftClientReply:client-C79DE3E06697->1d6da99a-ba9a-4d72-abd2-d0f1aa02f12f@group-B29EE812FB58, cid=3937, SUCCESS, logIndex=5946, commits[1d6da99a-ba9a-4d72-abd2-d0f1aa02f12f:c5946, 9dc27687-2024-46ae-8b6e-c9027bfa400e:c5942, 9c9c57da-14dc-454a-b374-789aa5e765a9:c5942]
2019-09-16 23:35:30,944 [grpc-default-executor-6] INFO  client.GrpcClientProtocolClient (GrpcClientProtocolClient.java:onNext(264)) - client-C79DE3E06697->1d6da99a-ba9a-4d72-abd2-d0f1aa02f12f: receive RaftClientReply:client-C79DE3E06697->1d6da99a-ba9a-4d72-abd2-d0f1aa02f12f@group-B29EE812FB58, cid=3938, SUCCESS, logIndex=0, commits[1d6da99a-ba9a-4d72-abd2-d0f1aa02f12f:c5948, 9dc27687-2024-46ae-8b6e-c9027bfa400e:c5944, 9c9c57da-14dc-454a-b374-789aa5e765a9:c5944]
2019-09-16 23:35:30,964 [grpc-default-executor-3] INFO  client.GrpcClientProtocolClient (GrpcClientProtocolClient.java:onNext(264)) - client-C79DE3E06697->1d6da99a-ba9a-4d72-abd2-d0f1aa02f12f: receive RaftClientReply:client-C79DE3E06697->1d6da99a-ba9a-4d72-abd2-d0f1aa02f12f@group-B29EE812FB58, cid=3939, SUCCESS, logIndex=5950, commits[1d6da99a-ba9a-4d72-abd2-d0f1aa02f12f:c5951, 9dc27687-2024-46ae-8b6e-c9027bfa400e:c5949, 9c9c57da-14dc-454a-b374-789aa5e765a9:c5949]
2019-09-16 23:35:30,965 [grpc-default-executor-3] INFO  client.GrpcClientProtocolClient (GrpcClientProtocolClient.java:onNext(264)) - client-C79DE3E06697->1d6da99a-ba9a-4d72-abd2-d0f1aa02f12f: receive RaftClientReply:client-C79DE3E06697->1d6da99a-ba9a-4d72-abd2-d0f1aa02f12f@group-B29EE812FB58, cid=3940, SUCCESS, logIndex=5951, commits[1d6da99a-ba9a-4d72-abd2-d0f1aa02f12f:c5951, 9dc27687-2024-46ae-8b6e-c9027bfa400e:c5949, 9c9c57da-14dc-454a-b374-789aa5e765a9:c5949]
 0.00% |█                                                                                                    |  0/1 Time: 0:00:482019-09-16 23:35:30,980 [grpc-default-executor-3] INFO  client.GrpcClientProtocolClient (GrpcClientProtocolClient.java:onNext(264)) - client-C79DE3E06697->1d6da99a-ba9a-4d72-abd2-d0f1aa02f12f: receive RaftClientReply:client-C79DE3E06697->1d6da99a-ba9a-4d72-abd2-d0f1aa02f12f@group-B29EE812FB58, cid=3941, SUCCESS, logIndex=5954, commits[1d6da99a-ba9a-4d72-abd2-d0f1aa02f12f:c5955, 9dc27687-2024-46ae-8b6e-c9027bfa400e:c5951, 9c9c57da-14dc-454a-b374-789aa5e765a9:c5951]
2019-09-16 23:35:30,980 [grpc-default-executor-3] INFO  client.GrpcClientProtocolClient (GrpcClientProtocolClient.java:onNext(264)) - client-C79DE3E06697->1d6da99a-ba9a-4d72-abd2-d0f1aa02f12f: receive RaftClientReply:client-C79DE3E06697->1d6da99a-ba9a-4d72-abd2-d0f1aa02f12f@group-B29EE812FB58, cid=3942, SUCCESS, logIndex=5955, commits[1d6da99a-ba9a-4d72-abd2-d0f1aa02f12f:c5955, 9dc27687-2024-46ae-8b6e-c9027bfa400e:c5951, 9c9c57da-14dc-454a-b374-789aa5e765a9:c5951]
2019-09-16 23:35:30,990 [grpc-default-executor-3] INFO  client.GrpcClientProtocolClient (GrpcClientProtocolClient.java:onNext(264)) - client-C79DE3E06697->1d6da99a-ba9a-4d72-abd2-d0f1aa02f12f: receive RaftClientReply:client-C79DE3E06697->1d6da99a-ba9a-4d72-abd2-d0f1aa02f12f@group-B29EE812FB58, cid=3943, SUCCESS, logIndex=0, commits[1d6da99a-ba9a-4d72-abd2-d0f1aa02f12f:c5956, 9dc27687-2024-46ae-8b6e-c9027bfa400e:c5955, 9c9c57da-14dc-454a-b374-789aa5e765a9:c5955]
2019-09-16 23:35:31,011 [grpc-default-executor-1] INFO  client.GrpcClientProtocolClient (GrpcClientProtocolClient.java:onNext(264)) - client-C79DE3E06697->1d6da99a-ba9a-4d72-abd2-d0f1aa02f12f: receive RaftClientReply:client-C79DE3E06697->1d6da99a-ba9a-4d72-abd2-d0f1aa02f12f@group-B29EE812FB58, cid=3944, SUCCESS, logIndex=5958, commits[1d6da99a-ba9a-4d72-abd2-d0f1aa02f12f:c5959, 9dc27687-2024-46ae-8b6e-c9027bfa400e:c5957, 9c9c57da-14dc-454a-b374-789aa5e765a9:c5955]
2019-09-16 23:35:31,011 [grpc-default-executor-3] INFO  client.GrpcClientProtocolClient (GrpcClientProtocolClient.java:onNext(264)) - client-C79DE3E06697->1d6da99a-ba9a-4d72-abd2-d0f1aa02f12f: receive RaftClientReply:client-C79DE3E06697->1d6da99a-ba9a-4d72-abd2-d0f1aa02f12f@group-B29EE812FB58, cid=3945, SUCCESS, logIndex=5959, commits[1d6da99a-ba9a-4d72-abd2-d0f1aa02f12f:c5959, 9dc27687-2024-46ae-8b6e-c9027bfa400e:c5957, 9c9c57da-14dc-454a-b374-789aa5e765a9:c5955]
2019-09-16 23:35:31,011 [grpc-default-executor-3] INFO  client.GrpcClientProtocolClient (GrpcClientProtocolClient.java:onNext(264)) - client-C79DE3E06697->1d6da99a-ba9a-4d72-abd2-d0f1aa02f12f: receive RaftClientReply:client-C79DE3E06697->1d6da99a-ba9a-4d72-abd2-d0f1aa02f12f@group-B29EE812FB58, cid=3946, SUCCESS, logIndex=5960, commits[1d6da99a-ba9a-4d72-abd2-d0f1aa02f12f:c5961, 9dc27687-2024-46ae-8b6e-c9027bfa400e:c5957, 9c9c57da-14dc-454a-b374-789aa5e765a9:c5957]
2019-09-16 23:35:31,012 [grpc-default-executor-3] INFO  client.GrpcClientProtocolClient (GrpcClientProtocolClient.java:onNext(264)) - client-C79DE3E06697->1d6da99a-ba9a-4d72-abd2-d0f1aa02f12f: receive RaftClientReply:client-C79DE3E06697->1d6da99a-ba9a-4d72-abd2-d0f1aa02f12f@group-B29EE812FB58, cid=3947, SUCCESS, logIndex=5961, commits[1d6da99a-ba9a-4d72-abd2-d0f1aa02f12f:c5961, 9dc27687-2024-46ae-8b6e-c9027bfa400e:c5957, 9c9c57da-14dc-454a-b374-789aa5e765a9:c5957]
2019-09-16 23:35:31,014 [grpc-default-executor-3] INFO  client.GrpcClientProtocolClient (GrpcClientProtocolClient.java:onNext(264)) - client-C79DE3E06697->1d6da99a-ba9a-4d72-abd2-d0f1aa02f12f: receive RaftClientReply:client-C79DE3E06697->1d6da99a-ba9a-4d72-abd2-d0f1aa02f12f@group-B29EE812FB58, cid=3948, SUCCESS, logIndex=0, commits[1d6da99a-ba9a-4d72-abd2-d0f1aa02f12f:c5963, 9dc27687-2024-46ae-8b6e-c9027bfa400e:c5959, 9c9c57da-14dc-454a-b374-789aa5e765a9:c5959]
2019-09-16 23:35:31,026 [grpc-default-executor-3] INFO  client.GrpcClientProtocolClient (GrpcClientProtocolClient.java:onNext(264)) - client-C79DE3E06697->1d6da99a-ba9a-4d72-abd2-d0f1aa02f12f: receive RaftClientReply:client-C79DE3E06697->1d6da99a-ba9a-4d72-abd2-d0f1aa02f12f@group-B29EE812FB58, cid=3949, SUCCESS, logIndex=5966, commits[1d6da99a-ba9a-4d72-abd2-d0f1aa02f12f:c5967, 9dc27687-2024-46ae-8b6e-c9027bfa400e:c5961, 9c9c57da-14dc-454a-b374-789aa5e765a9:c5963]
2019-09-16 23:35:31,027 [grpc-default-executor-3] INFO  client.GrpcClientProtocolClient (GrpcClientProtocolClient.java:onNext(264)) - client-C79DE3E06697->1d6da99a-ba9a-4d72-abd2-d0f1aa02f12f: receive RaftClientReply:client-C79DE3E06697->1d6da99a-ba9a-4d72-abd2-d0f1aa02f12f@group-B29EE812FB58, cid=3950, SUCCESS, logIndex=5967, commits[1d6da99a-ba9a-4d72-abd2-d0f1aa02f12f:c5967, 9dc27687-2024-46ae-8b6e-c9027bfa400e:c5961, 9c9c57da-14dc-454a-b374-789aa5e765a9:c5963]
2019-09-16 23:35:31,041 [grpc-default-executor-3] INFO  client.GrpcClientProtocolClient (GrpcClientProtocolClient.java:onNext(264)) - client-C79DE3E06697->1d6da99a-ba9a-4d72-abd2-d0f1aa02f12f: receive RaftClientReply:client-C79DE3E06697->1d6da99a-ba9a-4d72-abd2-d0f1aa02f12f@group-B29EE812FB58, cid=3951, SUCCESS, logIndex=5970, commits[1d6da99a-ba9a-4d72-abd2-d0f1aa02f12f:c5971, 9dc27687-2024-46ae-8b6e-c9027bfa400e:c5968, 9c9c57da-14dc-454a-b374-789aa5e765a9:c5967]
2019-09-16 23:35:31,041 [grpc-default-executor-3] INFO  client.GrpcClientProtocolClient (GrpcClientProtocolClient.java:onNext(264)) - client-C79DE3E06697->1d6da99a-ba9a-4d72-abd2-d0f1aa02f12f: receive RaftClientReply:client-C79DE3E06697->1d6da99a-ba9a-4d72-abd2-d0f1aa02f12f@group-B29EE812FB58, cid=3952, SUCCESS, logIndex=5971, commits[1d6da99a-ba9a-4d72-abd2-d0f1aa02f12f:c5971, 9dc27687-2024-46ae-8b6e-c9027bfa400e:c5968, 9c9c57da-14dc-454a-b374-789aa5e765a9:c5967]
2019-09-16 23:35:31,055 [grpc-default-executor-1] INFO  client.GrpcClientProtocolClient (GrpcClientProtocolClient.java:onNext(264)) - client-C79DE3E06697->1d6da99a-ba9a-4d72-abd2-d0f1aa02f12f: receive RaftClientReply:client-C79DE3E06697->1d6da99a-ba9a-4d72-abd2-d0f1aa02f12f@group-B29EE812FB58, cid=3953, SUCCESS, logIndex=0, commits[1d6da99a-ba9a-4d72-abd2-d0f1aa02f12f:c5971, 9dc27687-2024-46ae-8b6e-c9027bfa400e:c5971, 9c9c57da-14dc-454a-b374-789aa5e765a9:c5971]
2019-09-16 23:35:31,220 [grpc-default-executor-0] INFO  client.GrpcClientProtocolClient (GrpcClientProtocolClient.java:onNext(264)) - client-C79DE3E06697->1d6da99a-ba9a-4d72-abd2-d0f1aa02f12f: receive RaftClientReply:client-C79DE3E06697->1d6da99a-ba9a-4d72-abd2-d0f1aa02f12f@group-B29EE812FB58, cid=3954, SUCCESS, logIndex=5973, commits[1d6da99a-ba9a-4d72-abd2-d0f1aa02f12f:c5974, 9dc27687-2024-46ae-8b6e-c9027bfa400e:c5972, 9c9c57da-14dc-454a-b374-789aa5e765a9:c5972]
2019-09-16 23:35:31,220 [grpc-default-executor-1] INFO  client.GrpcClientProtocolClient (GrpcClientProtocolClient.java:onNext(264)) - client-C79DE3E06697->1d6da99a-ba9a-4d72-abd2-d0f1aa02f12f: receive RaftClientReply:client-C79DE3E06697->1d6da99a-ba9a-4d72-abd2-d0f1aa02f12f@group-B29EE812FB58, cid=3955, SUCCESS, logIndex=5974, commits[1d6da99a-ba9a-4d72-abd2-d0f1aa02f12f:c5976, 9dc27687-2024-46ae-8b6e-c9027bfa400e:c5972, 9c9c57da-14dc-454a-b374-789aa5e765a9:c5972]
2019-09-16 23:35:31,221 [grpc-default-executor-1] INFO  client.GrpcClientProtocolClient (GrpcClientProtocolClient.java:onNext(264)) - client-C79DE3E06697->1d6da99a-ba9a-4d72-abd2-d0f1aa02f12f: receive RaftClientReply:client-C79DE3E06697->1d6da99a-ba9a-4d72-abd2-d0f1aa02f12f@group-B29EE812FB58, cid=3956, SUCCESS, logIndex=5975, commits[1d6da99a-ba9a-4d72-abd2-d0f1aa02f12f:c5976, 9dc27687-2024-46ae-8b6e-c9027bfa400e:c5972, 9c9c57da-14dc-454a-b374-789aa5e765a9:c5972]
2019-09-16 23:35:31,221 [grpc-default-executor-1] INFO  client.GrpcClientProtocolClient (GrpcClientProtocolClient.java:onNext(264)) - client-C79DE3E06697->1d6da99a-ba9a-4d72-abd2-d0f1aa02f12f: receive RaftClientReply:client-C79DE3E06697->1d6da99a-ba9a-4d72-abd2-d0f1aa02f12f@group-B29EE812FB58, cid=3957, SUCCESS, logIndex=5976, commits[1d6da99a-ba9a-4d72-abd2-d0f1aa02f12f:c5976, 9dc27687-2024-46ae-8b6e-c9027bfa400e:c5972, 9c9c57da-14dc-454a-b374-789aa5e765a9:c5972]
2019-09-16 23:35:31,224 [grpc-default-executor-1] INFO  client.GrpcClientProtocolClient (GrpcClientProtocolClient.java:onNext(264)) - client-C79DE3E06697->1d6da99a-ba9a-4d72-abd2-d0f1aa02f12f: receive RaftClientReply:client-C79DE3E06697->1d6da99a-ba9a-4d72-abd2-d0f1aa02f12f@group-B29EE812FB58, cid=3958, SUCCESS, logIndex=0, commits[1d6da99a-ba9a-4d72-abd2-d0f1aa02f12f:c5979, 9dc27687-2024-46ae-8b6e-c9027bfa400e:c5975, 9c9c57da-14dc-454a-b374-789aa5e765a9:c5974]
2019-09-16 23:35:31,236 [grpc-default-executor-0] INFO  client.GrpcClientProtocolClient (GrpcClientProtocolClient.java:onNext(264)) - client-C79DE3E06697->1d6da99a-ba9a-4d72-abd2-d0f1aa02f12f: receive RaftClientReply:client-C79DE3E06697->1d6da99a-ba9a-4d72-abd2-d0f1aa02f12f@group-B29EE812FB58, cid=3959, SUCCESS, logIndex=5981, commits[1d6da99a-ba9a-4d72-abd2-d0f1aa02f12f:c5982, 9dc27687-2024-46ae-8b6e-c9027bfa400e:c5980, 9c9c57da-14dc-454a-b374-789aa5e765a9:c5976]
2019-09-16 23:35:31,236 [grpc-default-executor-0] INFO  client.GrpcClientProtocolClient (GrpcClientProtocolClient.java:onNext(264)) - client-C79DE3E06697->1d6da99a-ba9a-4d72-abd2-d0f1aa02f12f: receive RaftClientReply:client-C79DE3E06697->1d6da99a-ba9a-4d72-abd2-d0f1aa02f12f@group-B29EE812FB58, cid=3960, SUCCESS, logIndex=5982, commits[1d6da99a-ba9a-4d72-abd2-d0f1aa02f12f:c5982, 9dc27687-2024-46ae-8b6e-c9027bfa400e:c5980, 9c9c57da-14dc-454a-b374-789aa5e765a9:c5980]
2019-09-16 23:35:31,592 [grpc-default-executor-1] INFO  client.GrpcClientProtocolClient (GrpcClientProtocolClient.java:onNext(264)) - client-C79DE3E06697->1d6da99a-ba9a-4d72-abd2-d0f1aa02f12f: receive RaftClientReply:client-C79DE3E06697->1d6da99a-ba9a-4d72-abd2-d0f1aa02f12f@group-B29EE812FB58, cid=3961, SUCCESS, logIndex=5985, commits[1d6da99a-ba9a-4d72-abd2-d0f1aa02f12f:c5986, 9dc27687-2024-46ae-8b6e-c9027bfa400e:c5983, 9c9c57da-14dc-454a-b374-789aa5e765a9:c5982]
2019-09-16 23:35:31,592 [grpc-default-executor-1] INFO  client.GrpcClientProtocolClient (GrpcClientProtocolClient.java:onNext(264)) - client-C79DE3E06697->1d6da99a-ba9a-4d72-abd2-d0f1aa02f12f: receive RaftClientReply:client-C79DE3E06697->1d6da99a-ba9a-4d72-abd2-d0f1aa02f12f@group-B29EE812FB58, cid=3962, SUCCESS, logIndex=5986, commits[1d6da99a-ba9a-4d72-abd2-d0f1aa02f12f:c5986, 9dc27687-2024-46ae-8b6e-c9027bfa400e:c5983, 9c9c57da-14dc-454a-b374-789aa5e765a9:c5983]
2019-09-16 23:35:31,595 [grpc-default-executor-1] INFO  client.GrpcClientProtocolClient (GrpcClientProtocolClient.java:onNext(264)) - client-C79DE3E06697->1d6da99a-ba9a-4d72-abd2-d0f1aa02f12f: receive RaftClientReply:client-C79DE3E06697->1d6da99a-ba9a-4d72-abd2-d0f1aa02f12f@group-B29EE812FB58, cid=3963, SUCCESS, logIndex=0, commits[1d6da99a-ba9a-4d72-abd2-d0f1aa02f12f:c5987, 9dc27687-2024-46ae-8b6e-c9027bfa400e:c5986, 9c9c57da-14dc-454a-b374-789aa5e765a9:c5986]
2019-09-16 23:35:31,640 [grpc-default-executor-1] INFO  client.GrpcClientProtocolClient (GrpcClientProtocolClient.java:onNext(264)) - client-C79DE3E06697->1d6da99a-ba9a-4d72-abd2-d0f1aa02f12f: receive RaftClientReply:client-C79DE3E06697->1d6da99a-ba9a-4d72-abd2-d0f1aa02f12f@group-B29EE812FB58, cid=3964, SUCCESS, logIndex=5989, commits[1d6da99a-ba9a-4d72-abd2-d0f1aa02f12f:c5990, 9dc27687-2024-46ae-8b6e-c9027bfa400e:c5988, 9c9c57da-14dc-454a-b374-789aa5e765a9:c5988]
2019-09-16 23:35:31,641 [grpc-default-executor-1] INFO  client.GrpcClientProtocolClient (GrpcClientProtocolClient.java:onNext(264)) - client-C79DE3E06697->1d6da99a-ba9a-4d72-abd2-d0f1aa02f12f: receive RaftClientReply:client-C79DE3E06697->1d6da99a-ba9a-4d72-abd2-d0f1aa02f12f@group-B29EE812FB58, cid=3965, SUCCESS, logIndex=5990, commits[1d6da99a-ba9a-4d72-abd2-d0f1aa02f12f:c5990, 9dc27687-2024-46ae-8b6e-c9027bfa400e:c5988, 9c9c57da-14dc-454a-b374-789aa5e765a9:c5988]
2019-09-16 23:35:31,641 [grpc-default-executor-1] INFO  client.GrpcClientProtocolClient (GrpcClientProtocolClient.java:onNext(264)) - client-C79DE3E06697->1d6da99a-ba9a-4d72-abd2-d0f1aa02f12f: receive RaftClientReply:client-C79DE3E06697->1d6da99a-ba9a-4d72-abd2-d0f1aa02f12f@group-B29EE812FB58, cid=3966, SUCCESS, logIndex=5991, commits[1d6da99a-ba9a-4d72-abd2-d0f1aa02f12f:c5992, 9dc27687-2024-46ae-8b6e-c9027bfa400e:c5988, 9c9c57da-14dc-454a-b374-789aa5e765a9:c5988]
2019-09-16 23:35:31,641 [grpc-default-executor-1] INFO  client.GrpcClientProtocolClient (GrpcClientProtocolClient.java:onNext(264)) - client-C79DE3E06697->1d6da99a-ba9a-4d72-abd2-d0f1aa02f12f: receive RaftClientReply:client-C79DE3E06697->1d6da99a-ba9a-4d72-abd2-d0f1aa02f12f@group-B29EE812FB58, cid=3967, SUCCESS, logIndex=5992, commits[1d6da99a-ba9a-4d72-abd2-d0f1aa02f12f:c5992, 9dc27687-2024-46ae-8b6e-c9027bfa400e:c5988, 9c9c57da-14dc-454a-b374-789aa5e765a9:c5988]
2019-09-16 23:35:31,654 [grpc-default-executor-1] INFO  client.GrpcClientProtocolClient (GrpcClientProtocolClient.java:onNext(264)) - client-C79DE3E06697->1d6da99a-ba9a-4d72-abd2-d0f1aa02f12f: receive RaftClientReply:client-C79DE3E06697->1d6da99a-ba9a-4d72-abd2-d0f1aa02f12f@group-B29EE812FB58, cid=3968, SUCCESS, logIndex=0, commits[1d6da99a-ba9a-4d72-abd2-d0f1aa02f12f:c5994, 9dc27687-2024-46ae-8b6e-c9027bfa400e:c5990, 9c9c57da-14dc-454a-b374-789aa5e765a9:c5990]
2019-09-16 23:35:31,674 [grpc-default-executor-1] INFO  client.GrpcClientProtocolClient (GrpcClientProtocolClient.java:onNext(264)) - client-C79DE3E06697->1d6da99a-ba9a-4d72-abd2-d0f1aa02f12f: receive RaftClientReply:client-C79DE3E06697->1d6da99a-ba9a-4d72-abd2-d0f1aa02f12f@group-B29EE812FB58, cid=3969, SUCCESS, logIndex=5997, commits[1d6da99a-ba9a-4d72-abd2-d0f1aa02f12f:c5998, 9dc27687-2024-46ae-8b6e-c9027bfa400e:c5996, 9c9c57da-14dc-454a-b374-789aa5e765a9:c5996]
2019-09-16 23:35:31,675 [grpc-default-executor-1] INFO  client.GrpcClientProtocolClient (GrpcClientProtocolClient.java:onNext(264)) - client-C79DE3E06697->1d6da99a-ba9a-4d72-abd2-d0f1aa02f12f: receive RaftClientReply:client-C79DE3E06697->1d6da99a-ba9a-4d72-abd2-d0f1aa02f12f@group-B29EE812FB58, cid=3970, SUCCESS, logIndex=5998, commits[1d6da99a-ba9a-4d72-abd2-d0f1aa02f12f:c5998, 9dc27687-2024-46ae-8b6e-c9027bfa400e:c5996, 9c9c57da-14dc-454a-b374-789aa5e765a9:c5996]
2019-09-16 23:35:31,689 [grpc-default-executor-6] INFO  client.GrpcClientProtocolClient (GrpcClientProtocolClient.java:onNext(264)) - client-C79DE3E06697->1d6da99a-ba9a-4d72-abd2-d0f1aa02f12f: receive RaftClientReply:client-C79DE3E06697->1d6da99a-ba9a-4d72-abd2-d0f1aa02f12f@group-B29EE812FB58, cid=3971, SUCCESS, logIndex=6001, commits[1d6da99a-ba9a-4d72-abd2-d0f1aa02f12f:c6002, 9dc27687-2024-46ae-8b6e-c9027bfa400e:c5998, 9c9c57da-14dc-454a-b374-789aa5e765a9:c5998]
2019-09-16 23:35:31,689 [grpc-default-executor-6] INFO  client.GrpcClientProtocolClient (GrpcClientProtocolClient.java:onNext(264)) - client-C79DE3E06697->1d6da99a-ba9a-4d72-abd2-d0f1aa02f12f: receive RaftClientReply:client-C79DE3E06697->1d6da99a-ba9a-4d72-abd2-d0f1aa02f12f@group-B29EE812FB58, cid=3972, SUCCESS, logIndex=6002, commits[1d6da99a-ba9a-4d72-abd2-d0f1aa02f12f:c6002, 9dc27687-2024-46ae-8b6e-c9027bfa400e:c5998, 9c9c57da-14dc-454a-b374-789aa5e765a9:c5998]
2019-09-16 23:35:31,699 [grpc-default-executor-1] INFO  client.GrpcClientProtocolClient (GrpcClientProtocolClient.java:onNext(264)) - client-C79DE3E06697->1d6da99a-ba9a-4d72-abd2-d0f1aa02f12f: receive RaftClientReply:client-C79DE3E06697->1d6da99a-ba9a-4d72-abd2-d0f1aa02f12f@group-B29EE812FB58, cid=3973, SUCCESS, logIndex=0, commits[1d6da99a-ba9a-4d72-abd2-d0f1aa02f12f:c6002, 9dc27687-2024-46ae-8b6e-c9027bfa400e:c6002, 9c9c57da-14dc-454a-b374-789aa5e765a9:c6002]
2019-09-16 23:35:31,729 [grpc-default-executor-0] INFO  client.GrpcClientProtocolClient (GrpcClientProtocolClient.java:onNext(264)) - client-C79DE3E06697->1d6da99a-ba9a-4d72-abd2-d0f1aa02f12f: receive RaftClientReply:client-C79DE3E06697->1d6da99a-ba9a-4d72-abd2-d0f1aa02f12f@group-B29EE812FB58, cid=3974, SUCCESS, logIndex=6005, commits[1d6da99a-ba9a-4d72-abd2-d0f1aa02f12f:c6006, 9dc27687-2024-46ae-8b6e-c9027bfa400e:c6004, 9c9c57da-14dc-454a-b374-789aa5e765a9:c6004]
2019-09-16 23:35:31,729 [grpc-default-executor-0] INFO  client.GrpcClientProtocolClient (GrpcClientProtocolClient.java:onNext(264)) - client-C79DE3E06697->1d6da99a-ba9a-4d72-abd2-d0f1aa02f12f: receive RaftClientReply:client-C79DE3E06697->1d6da99a-ba9a-4d72-abd2-d0f1aa02f12f@group-B29EE812FB58, cid=3975, SUCCESS, logIndex=6006, commits[1d6da99a-ba9a-4d72-abd2-d0f1aa02f12f:c6006, 9dc27687-2024-46ae-8b6e-c9027bfa400e:c6004, 9c9c57da-14dc-454a-b374-789aa5e765a9:c6004]
2019-09-16 23:35:31,730 [grpc-default-executor-0] INFO  client.GrpcClientProtocolClient (GrpcClientProtocolClient.java:onNext(264)) - client-C79DE3E06697->1d6da99a-ba9a-4d72-abd2-d0f1aa02f12f: receive RaftClientReply:client-C79DE3E06697->1d6da99a-ba9a-4d72-abd2-d0f1aa02f12f@group-B29EE812FB58, cid=3976, SUCCESS, logIndex=6007, commits[1d6da99a-ba9a-4d72-abd2-d0f1aa02f12f:c6008, 9dc27687-2024-46ae-8b6e-c9027bfa400e:c6004, 9c9c57da-14dc-454a-b374-789aa5e765a9:c6004]
2019-09-16 23:35:31,730 [grpc-default-executor-0] INFO  client.GrpcClientProtocolClient (GrpcClientProtocolClient.java:onNext(264)) - client-C79DE3E06697->1d6da99a-ba9a-4d72-abd2-d0f1aa02f12f: receive RaftClientReply:client-C79DE3E06697->1d6da99a-ba9a-4d72-abd2-d0f1aa02f12f@group-B29EE812FB58, cid=3977, SUCCESS, logIndex=6008, commits[1d6da99a-ba9a-4d72-abd2-d0f1aa02f12f:c6008, 9dc27687-2024-46ae-8b6e-c9027bfa400e:c6004, 9c9c57da-14dc-454a-b374-789aa5e765a9:c6004]
2019-09-16 23:35:31,743 [grpc-default-executor-0] INFO  client.GrpcClientProtocolClient (GrpcClientProtocolClient.java:onNext(264)) - client-C79DE3E06697->1d6da99a-ba9a-4d72-abd2-d0f1aa02f12f: receive RaftClientReply:client-C79DE3E06697->1d6da99a-ba9a-4d72-abd2-d0f1aa02f12f@group-B29EE812FB58, cid=3978, SUCCESS, logIndex=0, commits[1d6da99a-ba9a-4d72-abd2-d0f1aa02f12f:c6010, 9dc27687-2024-46ae-8b6e-c9027bfa400e:c6006, 9c9c57da-14dc-454a-b374-789aa5e765a9:c6006]
2019-09-16 23:35:31,763 [grpc-default-executor-0] INFO  client.GrpcClientProtocolClient (GrpcClientProtocolClient.java:onNext(264)) - client-C79DE3E06697->1d6da99a-ba9a-4d72-abd2-d0f1aa02f12f: receive RaftClientReply:client-C79DE3E06697->1d6da99a-ba9a-4d72-abd2-d0f1aa02f12f@group-B29EE812FB58, cid=3979, SUCCESS, logIndex=6013, commits[1d6da99a-ba9a-4d72-abd2-d0f1aa02f12f:c6014, 9dc27687-2024-46ae-8b6e-c9027bfa400e:c6012, 9c9c57da-14dc-454a-b374-789aa5e765a9:c6012]
2019-09-16 23:35:31,763 [grpc-default-executor-0] INFO  client.GrpcClientProtocolClient (GrpcClientProtocolClient.java:onNext(264)) - client-C79DE3E06697->1d6da99a-ba9a-4d72-abd2-d0f1aa02f12f: receive RaftClientReply:client-C79DE3E06697->1d6da99a-ba9a-4d72-abd2-d0f1aa02f12f@group-B29EE812FB58, cid=3980, SUCCESS, logIndex=6014, commits[1d6da99a-ba9a-4d72-abd2-d0f1aa02f12f:c6014, 9dc27687-2024-46ae-8b6e-c9027bfa400e:c6012, 9c9c57da-14dc-454a-b374-789aa5e765a9:c6012]
2019-09-16 23:35:31,787 [grpc-default-executor-6] INFO  client.GrpcClientProtocolClient (GrpcClientProtocolClient.java:onNext(264)) - client-C79DE3E06697->1d6da99a-ba9a-4d72-abd2-d0f1aa02f12f: receive RaftClientReply:client-C79DE3E06697->1d6da99a-ba9a-4d72-abd2-d0f1aa02f12f@group-B29EE812FB58, cid=3981, SUCCESS, logIndex=6017, commits[1d6da99a-ba9a-4d72-abd2-d0f1aa02f12f:c6018, 9dc27687-2024-46ae-8b6e-c9027bfa400e:c6014, 9c9c57da-14dc-454a-b374-789aa5e765a9:c6014]
2019-09-16 23:35:31,788 [grpc-default-executor-6] INFO  client.GrpcClientProtocolClient (GrpcClientProtocolClient.java:onNext(264)) - client-C79DE3E06697->1d6da99a-ba9a-4d72-abd2-d0f1aa02f12f: receive RaftClientReply:client-C79DE3E06697->1d6da99a-ba9a-4d72-abd2-d0f1aa02f12f@group-B29EE812FB58, cid=3982, SUCCESS, logIndex=6018, commits[1d6da99a-ba9a-4d72-abd2-d0f1aa02f12f:c6018, 9dc27687-2024-46ae-8b6e-c9027bfa400e:c6014, 9c9c57da-14dc-454a-b374-789aa5e765a9:c6014]
2019-09-16 23:35:31,791 [grpc-default-executor-6] INFO  client.GrpcClientProtocolClient (GrpcClientProtocolClient.java:onNext(264)) - client-C79DE3E06697->1d6da99a-ba9a-4d72-abd2-d0f1aa02f12f: receive RaftClientReply:client-C79DE3E06697->1d6da99a-ba9a-4d72-abd2-d0f1aa02f12f@group-B29EE812FB58, cid=3983, SUCCESS, logIndex=0, commits[1d6da99a-ba9a-4d72-abd2-d0f1aa02f12f:c6019, 9dc27687-2024-46ae-8b6e-c9027bfa400e:c6018, 9c9c57da-14dc-454a-b374-789aa5e765a9:c6018]
2019-09-16 23:35:31,811 [grpc-default-executor-6] INFO  client.GrpcClientProtocolClient (GrpcClientProtocolClient.java:onNext(264)) - client-C79DE3E06697->1d6da99a-ba9a-4d72-abd2-d0f1aa02f12f: receive RaftClientReply:client-C79DE3E06697->1d6da99a-ba9a-4d72-abd2-d0f1aa02f12f@group-B29EE812FB58, cid=3984, SUCCESS, logIndex=6021, commits[1d6da99a-ba9a-4d72-abd2-d0f1aa02f12f:c6022, 9dc27687-2024-46ae-8b6e-c9027bfa400e:c6018, 9c9c57da-14dc-454a-b374-789aa5e765a9:c6020]
2019-09-16 23:35:31,811 [grpc-default-executor-0] INFO  client.GrpcClientProtocolClient (GrpcClientProtocolClient.java:onNext(264)) - client-C79DE3E06697->1d6da99a-ba9a-4d72-abd2-d0f1aa02f12f: receive RaftClientReply:client-C79DE3E06697->1d6da99a-ba9a-4d72-abd2-d0f1aa02f12f@group-B29EE812FB58, cid=3985, SUCCESS, logIndex=6022, commits[1d6da99a-ba9a-4d72-abd2-d0f1aa02f12f:c6022, 9dc27687-2024-46ae-8b6e-c9027bfa400e:c6018, 9c9c57da-14dc-454a-b374-789aa5e765a9:c6020]
2019-09-16 23:35:31,812 [grpc-default-executor-0] INFO  client.GrpcClientProtocolClient (GrpcClientProtocolClient.java:onNext(264)) - client-C79DE3E06697->1d6da99a-ba9a-4d72-abd2-d0f1aa02f12f: receive RaftClientReply:client-C79DE3E06697->1d6da99a-ba9a-4d72-abd2-d0f1aa02f12f@group-B29EE812FB58, cid=3986, SUCCESS, logIndex=6023, commits[1d6da99a-ba9a-4d72-abd2-d0f1aa02f12f:c6024, 9dc27687-2024-46ae-8b6e-c9027bfa400e:c6018, 9c9c57da-14dc-454a-b374-789aa5e765a9:c6020]
2019-09-16 23:35:31,812 [grpc-default-executor-0] INFO  client.GrpcClientProtocolClient (GrpcClientProtocolClient.java:onNext(264)) - client-C79DE3E06697->1d6da99a-ba9a-4d72-abd2-d0f1aa02f12f: receive RaftClientReply:client-C79DE3E06697->1d6da99a-ba9a-4d72-abd2-d0f1aa02f12f@group-B29EE812FB58, cid=3987, SUCCESS, logIndex=6024, commits[1d6da99a-ba9a-4d72-abd2-d0f1aa02f12f:c6024, 9dc27687-2024-46ae-8b6e-c9027bfa400e:c6018, 9c9c57da-14dc-454a-b374-789aa5e765a9:c6020]
2019-09-16 23:35:31,813 [grpc-default-executor-0] INFO  client.GrpcClientProtocolClient (GrpcClientProtocolClient.java:onNext(264)) - client-C79DE3E06697->1d6da99a-ba9a-4d72-abd2-d0f1aa02f12f: receive RaftClientReply:client-C79DE3E06697->1d6da99a-ba9a-4d72-abd2-d0f1aa02f12f@group-B29EE812FB58, cid=3988, SUCCESS, logIndex=0, commits[1d6da99a-ba9a-4d72-abd2-d0f1aa02f12f:c6026, 9dc27687-2024-46ae-8b6e-c9027bfa400e:c6022, 9c9c57da-14dc-454a-b374-789aa5e765a9:c6022]
2019-09-16 23:35:31,823 [grpc-default-executor-1] INFO  client.GrpcClientProtocolClient (GrpcClientProtocolClient.java:onNext(264)) - client-C79DE3E06697->1d6da99a-ba9a-4d72-abd2-d0f1aa02f12f: receive RaftClientReply:client-C79DE3E06697->1d6da99a-ba9a-4d72-abd2-d0f1aa02f12f@group-B29EE812FB58, cid=3989, SUCCESS, logIndex=6029, commits[1d6da99a-ba9a-4d72-abd2-d0f1aa02f12f:c6030, 9dc27687-2024-46ae-8b6e-c9027bfa400e:c6024, 9c9c57da-14dc-454a-b374-789aa5e765a9:c6028]
2019-09-16 23:35:31,824 [grpc-default-executor-1] INFO  client.GrpcClientProtocolClient (GrpcClientProtocolClient.java:onNext(264)) - client-C79DE3E06697->1d6da99a-ba9a-4d72-abd2-d0f1aa02f12f: receive RaftClientReply:client-C79DE3E06697->1d6da99a-ba9a-4d72-abd2-d0f1aa02f12f@group-B29EE812FB58, cid=3990, SUCCESS, logIndex=6030, commits[1d6da99a-ba9a-4d72-abd2-d0f1aa02f12f:c6030, 9dc27687-2024-46ae-8b6e-c9027bfa400e:c6028, 9c9c57da-14dc-454a-b374-789aa5e765a9:c6028]
2019-09-16 23:35:31,841 [grpc-default-executor-1] INFO  client.GrpcClientProtocolClient (GrpcClientProtocolClient.java:onNext(264)) - client-C79DE3E06697->1d6da99a-ba9a-4d72-abd2-d0f1aa02f12f: receive RaftClientReply:client-C79DE3E06697->1d6da99a-ba9a-4d72-abd2-d0f1aa02f12f@group-B29EE812FB58, cid=3991, SUCCESS, logIndex=6032, commits[1d6da99a-ba9a-4d72-abd2-d0f1aa02f12f:c6033, 9dc27687-2024-46ae-8b6e-c9027bfa400e:c6030, 9c9c57da-14dc-454a-b374-789aa5e765a9:c6031]
2019-09-16 23:35:31,842 [grpc-default-executor-1] INFO  client.GrpcClientProtocolClient (GrpcClientProtocolClient.java:onNext(264)) - client-C79DE3E06697->1d6da99a-ba9a-4d72-abd2-d0f1aa02f12f: receive RaftClientReply:client-C79DE3E06697->1d6da99a-ba9a-4d72-abd2-d0f1aa02f12f@group-B29EE812FB58, cid=3992, SUCCESS, logIndex=6033, commits[1d6da99a-ba9a-4d72-abd2-d0f1aa02f12f:c6033, 9dc27687-2024-46ae-8b6e-c9027bfa400e:c6030, 9c9c57da-14dc-454a-b374-789aa5e765a9:c6031]
2019-09-16 23:35:31,843 [grpc-default-executor-1] INFO  client.GrpcClientProtocolClient (GrpcClientProtocolClient.java:onNext(264)) - client-C79DE3E06697->1d6da99a-ba9a-4d72-abd2-d0f1aa02f12f: receive RaftClientReply:client-C79DE3E06697->1d6da99a-ba9a-4d72-abd2-d0f1aa02f12f@group-B29EE812FB58, cid=3993, SUCCESS, logIndex=0, commits[1d6da99a-ba9a-4d72-abd2-d0f1aa02f12f:c6034, 9dc27687-2024-46ae-8b6e-c9027bfa400e:c6033, 9c9c57da-14dc-454a-b374-789aa5e765a9:c6033]
2019-09-16 23:35:31,883 [grpc-default-executor-6] INFO  client.GrpcClientProtocolClient (GrpcClientProtocolClient.java:onNext(264)) - client-C79DE3E06697->1d6da99a-ba9a-4d72-abd2-d0f1aa02f12f: receive RaftClientReply:client-C79DE3E06697->1d6da99a-ba9a-4d72-abd2-d0f1aa02f12f@group-B29EE812FB58, cid=3994, SUCCESS, logIndex=6035, commits[1d6da99a-ba9a-4d72-abd2-d0f1aa02f12f:c6036, 9dc27687-2024-46ae-8b6e-c9027bfa400e:c6034, 9c9c57da-14dc-454a-b374-789aa5e765a9:c6034]
2019-09-16 23:35:31,884 [grpc-default-executor-6] INFO  client.GrpcClientProtocolClient (GrpcClientProtocolClient.java:onNext(264)) - client-C79DE3E06697->1d6da99a-ba9a-4d72-abd2-d0f1aa02f12f: receive RaftClientReply:client-C79DE3E06697->1d6da99a-ba9a-4d72-abd2-d0f1aa02f12f@group-B29EE812FB58, cid=3995, SUCCESS, logIndex=6036, commits[1d6da99a-ba9a-4d72-abd2-d0f1aa02f12f:c6036, 9dc27687-2024-46ae-8b6e-c9027bfa400e:c6034, 9c9c57da-14dc-454a-b374-789aa5e765a9:c6034]
2019-09-16 23:35:31,884 [grpc-default-executor-6] INFO  client.GrpcClientProtocolClient (GrpcClientProtocolClient.java:onNext(264)) - client-C79DE3E06697->1d6da99a-ba9a-4d72-abd2-d0f1aa02f12f: receive RaftClientReply:client-C79DE3E06697->1d6da99a-ba9a-4d72-abd2-d0f1aa02f12f@group-B29EE812FB58, cid=3996, SUCCESS, logIndex=6037, commits[1d6da99a-ba9a-4d72-abd2-d0f1aa02f12f:c6038, 9dc27687-2024-46ae-8b6e-c9027bfa400e:c6034, 9c9c57da-14dc-454a-b374-789aa5e765a9:c6034]
2019-09-16 23:35:31,884 [grpc-default-executor-1] INFO  client.GrpcClientProtocolClient (GrpcClientProtocolClient.java:onNext(264)) - client-C79DE3E06697->1d6da99a-ba9a-4d72-abd2-d0f1aa02f12f: receive RaftClientReply:client-C79DE3E06697->1d6da99a-ba9a-4d72-abd2-d0f1aa02f12f@group-B29EE812FB58, cid=3997, SUCCESS, logIndex=6038, commits[1d6da99a-ba9a-4d72-abd2-d0f1aa02f12f:c6038, 9dc27687-2024-46ae-8b6e-c9027bfa400e:c6034, 9c9c57da-14dc-454a-b374-789aa5e765a9:c6034]
2019-09-16 23:35:31,885 [grpc-default-executor-1] INFO  client.GrpcClientProtocolClient (GrpcClientProtocolClient.java:onNext(264)) - client-C79DE3E06697->1d6da99a-ba9a-4d72-abd2-d0f1aa02f12f: receive RaftClientReply:client-C79DE3E06697->1d6da99a-ba9a-4d72-abd2-d0f1aa02f12f@group-B29EE812FB58, cid=3998, SUCCESS, logIndex=0, commits[1d6da99a-ba9a-4d72-abd2-d0f1aa02f12f:c6040, 9dc27687-2024-46ae-8b6e-c9027bfa400e:c6036, 9c9c57da-14dc-454a-b374-789aa5e765a9:c6036]
2019-09-16 23:35:31,904 [grpc-default-executor-1] INFO  client.GrpcClientProtocolClient (GrpcClientProtocolClient.java:onNext(264)) - client-C79DE3E06697->1d6da99a-ba9a-4d72-abd2-d0f1aa02f12f: receive RaftClientReply:client-C79DE3E06697->1d6da99a-ba9a-4d72-abd2-d0f1aa02f12f@group-B29EE812FB58, cid=3999, SUCCESS, logIndex=6043, commits[1d6da99a-ba9a-4d72-abd2-d0f1aa02f12f:c6043, 9dc27687-2024-46ae-8b6e-c9027bfa400e:c6042, 9c9c57da-14dc-454a-b374-789aa5e765a9:c6042]
2019-09-16 23:35:31,904 [grpc-default-executor-1] INFO  client.GrpcClientProtocolClient (GrpcClientProtocolClient.java:onNext(264)) - client-C79DE3E06697->1d6da99a-ba9a-4d72-abd2-d0f1aa02f12f: receive RaftClientReply:client-C79DE3E06697->1d6da99a-ba9a-4d72-abd2-d0f1aa02f12f@group-B29EE812FB58, cid=4000, SUCCESS, logIndex=6044, commits[1d6da99a-ba9a-4d72-abd2-d0f1aa02f12f:c6044, 9dc27687-2024-46ae-8b6e-c9027bfa400e:c6042, 9c9c57da-14dc-454a-b374-789aa5e765a9:c6042]
2019-09-16 23:35:31,923 [grpc-default-executor-6] INFO  client.GrpcClientProtocolClient (GrpcClientProtocolClient.java:onNext(264)) - client-C79DE3E06697->1d6da99a-ba9a-4d72-abd2-d0f1aa02f12f: receive RaftClientReply:client-C79DE3E06697->1d6da99a-ba9a-4d72-abd2-d0f1aa02f12f@group-B29EE812FB58, cid=4001, SUCCESS, logIndex=6047, commits[1d6da99a-ba9a-4d72-abd2-d0f1aa02f12f:c6048, 9dc27687-2024-46ae-8b6e-c9027bfa400e:c6046, 9c9c57da-14dc-454a-b374-789aa5e765a9:c6046]
2019-09-16 23:35:31,923 [grpc-default-executor-6] INFO  client.GrpcClientProtocolClient (GrpcClientProtocolClient.java:onNext(264)) - client-C79DE3E06697->1d6da99a-ba9a-4d72-abd2-d0f1aa02f12f: receive RaftClientReply:client-C79DE3E06697->1d6da99a-ba9a-4d72-abd2-d0f1aa02f12f@group-B29EE812FB58, cid=4002, SUCCESS, logIndex=6048, commits[1d6da99a-ba9a-4d72-abd2-d0f1aa02f12f:c6048, 9dc27687-2024-46ae-8b6e-c9027bfa400e:c6046, 9c9c57da-14dc-454a-b374-789aa5e765a9:c6046]
2019-09-16 23:35:31,934 [grpc-default-executor-6] INFO  client.GrpcClientProtocolClient (GrpcClientProtocolClient.java:onNext(264)) - client-C79DE3E06697->1d6da99a-ba9a-4d72-abd2-d0f1aa02f12f: receive RaftClientReply:client-C79DE3E06697->1d6da99a-ba9a-4d72-abd2-d0f1aa02f12f@group-B29EE812FB58, cid=4003, SUCCESS, logIndex=0, commits[1d6da99a-ba9a-4d72-abd2-d0f1aa02f12f:c6049, 9dc27687-2024-46ae-8b6e-c9027bfa400e:c6048, 9c9c57da-14dc-454a-b374-789aa5e765a9:c6048]
2019-09-16 23:35:31,961 [grpc-default-executor-6] INFO  client.GrpcClientProtocolClient (GrpcClientProtocolClient.java:onNext(264)) - client-C79DE3E06697->1d6da99a-ba9a-4d72-abd2-d0f1aa02f12f: receive RaftClientReply:client-C79DE3E06697->1d6da99a-ba9a-4d72-abd2-d0f1aa02f12f@group-B29EE812FB58, cid=4004, SUCCESS, logIndex=6051, commits[1d6da99a-ba9a-4d72-abd2-d0f1aa02f12f:c6052, 9dc27687-2024-46ae-8b6e-c9027bfa400e:c6050, 9c9c57da-14dc-454a-b374-789aa5e765a9:c6050]
2019-09-16 23:35:31,961 [grpc-default-executor-1] INFO  client.GrpcClientProtocolClient (GrpcClientProtocolClient.java:onNext(264)) - client-C79DE3E06697->1d6da99a-ba9a-4d72-abd2-d0f1aa02f12f: receive RaftClientReply:client-C79DE3E06697->1d6da99a-ba9a-4d72-abd2-d0f1aa02f12f@group-B29EE812FB58, cid=4005, SUCCESS, logIndex=6052, commits[1d6da99a-ba9a-4d72-abd2-d0f1aa02f12f:c6052, 9dc27687-2024-46ae-8b6e-c9027bfa400e:c6050, 9c9c57da-14dc-454a-b374-789aa5e765a9:c6050]
2019-09-16 23:35:31,962 [grpc-default-executor-1] INFO  client.GrpcClientProtocolClient (GrpcClientProtocolClient.java:onNext(264)) - client-C79DE3E06697->1d6da99a-ba9a-4d72-abd2-d0f1aa02f12f: receive RaftClientReply:client-C79DE3E06697->1d6da99a-ba9a-4d72-abd2-d0f1aa02f12f@group-B29EE812FB58, cid=4006, SUCCESS, logIndex=6053, commits[1d6da99a-ba9a-4d72-abd2-d0f1aa02f12f:c6054, 9dc27687-2024-46ae-8b6e-c9027bfa400e:c6050, 9c9c57da-14dc-454a-b374-789aa5e765a9:c6050]
2019-09-16 23:35:31,962 [grpc-default-executor-1] INFO  client.GrpcClientProtocolClient (GrpcClientProtocolClient.java:onNext(264)) - client-C79DE3E06697->1d6da99a-ba9a-4d72-abd2-d0f1aa02f12f: receive RaftClientReply:client-C79DE3E06697->1d6da99a-ba9a-4d72-abd2-d0f1aa02f12f@group-B29EE812FB58, cid=4007, SUCCESS, logIndex=6054, commits[1d6da99a-ba9a-4d72-abd2-d0f1aa02f12f:c6054, 9dc27687-2024-46ae-8b6e-c9027bfa400e:c6050, 9c9c57da-14dc-454a-b374-789aa5e765a9:c6050]
2019-09-16 23:35:31,964 [grpc-default-executor-1] INFO  client.GrpcClientProtocolClient (GrpcClientProtocolClient.java:onNext(264)) - client-C79DE3E06697->1d6da99a-ba9a-4d72-abd2-d0f1aa02f12f: receive RaftClientReply:client-C79DE3E06697->1d6da99a-ba9a-4d72-abd2-d0f1aa02f12f@group-B29EE812FB58, cid=4008, SUCCESS, logIndex=0, commits[1d6da99a-ba9a-4d72-abd2-d0f1aa02f12f:c6057, 9dc27687-2024-46ae-8b6e-c9027bfa400e:c6052, 9c9c57da-14dc-454a-b374-789aa5e765a9:c6054]
 0.00% |█                                                                                                    |  0/1 Time: 0:00:492019-09-16 23:35:31,980 [grpc-default-executor-1] INFO  client.GrpcClientProtocolClient (GrpcClientProtocolClient.java:onNext(264)) - client-C79DE3E06697->1d6da99a-ba9a-4d72-abd2-d0f1aa02f12f: receive RaftClientReply:client-C79DE3E06697->1d6da99a-ba9a-4d72-abd2-d0f1aa02f12f@group-B29EE812FB58, cid=4009, SUCCESS, logIndex=6058, commits[1d6da99a-ba9a-4d72-abd2-d0f1aa02f12f:c6059, 9dc27687-2024-46ae-8b6e-c9027bfa400e:c6057, 9c9c57da-14dc-454a-b374-789aa5e765a9:c6057]
2019-09-16 23:35:31,981 [grpc-default-executor-1] INFO  client.GrpcClientProtocolClient (GrpcClientProtocolClient.java:onNext(264)) - client-C79DE3E06697->1d6da99a-ba9a-4d72-abd2-d0f1aa02f12f: receive RaftClientReply:client-C79DE3E06697->1d6da99a-ba9a-4d72-abd2-d0f1aa02f12f@group-B29EE812FB58, cid=4010, SUCCESS, logIndex=6059, commits[1d6da99a-ba9a-4d72-abd2-d0f1aa02f12f:c6059, 9dc27687-2024-46ae-8b6e-c9027bfa400e:c6057, 9c9c57da-14dc-454a-b374-789aa5e765a9:c6057]
2019-09-16 23:35:31,998 [grpc-default-executor-6] INFO  client.GrpcClientProtocolClient (GrpcClientProtocolClient.java:onNext(264)) - client-C79DE3E06697->1d6da99a-ba9a-4d72-abd2-d0f1aa02f12f: receive RaftClientReply:client-C79DE3E06697->1d6da99a-ba9a-4d72-abd2-d0f1aa02f12f@group-B29EE812FB58, cid=4011, SUCCESS, logIndex=6062, commits[1d6da99a-ba9a-4d72-abd2-d0f1aa02f12f:c6063, 9dc27687-2024-46ae-8b6e-c9027bfa400e:c6060, 9c9c57da-14dc-454a-b374-789aa5e765a9:c6061]
2019-09-16 23:35:31,998 [grpc-default-executor-6] INFO  client.GrpcClientProtocolClient (GrpcClientProtocolClient.java:onNext(264)) - client-C79DE3E06697->1d6da99a-ba9a-4d72-abd2-d0f1aa02f12f: receive RaftClientReply:client-C79DE3E06697->1d6da99a-ba9a-4d72-abd2-d0f1aa02f12f@group-B29EE812FB58, cid=4012, SUCCESS, logIndex=6063, commits[1d6da99a-ba9a-4d72-abd2-d0f1aa02f12f:c6063, 9dc27687-2024-46ae-8b6e-c9027bfa400e:c6061, 9c9c57da-14dc-454a-b374-789aa5e765a9:c6061]
2019-09-16 23:35:32,012 [grpc-default-executor-6] INFO  client.GrpcClientProtocolClient (GrpcClientProtocolClient.java:onNext(264)) - client-C79DE3E06697->1d6da99a-ba9a-4d72-abd2-d0f1aa02f12f: receive RaftClientReply:client-C79DE3E06697->1d6da99a-ba9a-4d72-abd2-d0f1aa02f12f@group-B29EE812FB58, cid=4013, SUCCESS, logIndex=0, commits[1d6da99a-ba9a-4d72-abd2-d0f1aa02f12f:c6065, 9dc27687-2024-46ae-8b6e-c9027bfa400e:c6063, 9c9c57da-14dc-454a-b374-789aa5e765a9:c6063]
2019-09-16 23:35:32,040 [grpc-default-executor-1] INFO  client.GrpcClientProtocolClient (GrpcClientProtocolClient.java:onNext(264)) - client-C79DE3E06697->1d6da99a-ba9a-4d72-abd2-d0f1aa02f12f: receive RaftClientReply:client-C79DE3E06697->1d6da99a-ba9a-4d72-abd2-d0f1aa02f12f@group-B29EE812FB58, cid=4014, SUCCESS, logIndex=6066, commits[1d6da99a-ba9a-4d72-abd2-d0f1aa02f12f:c6067, 9dc27687-2024-46ae-8b6e-c9027bfa400e:c6065, 9c9c57da-14dc-454a-b374-789aa5e765a9:c6065]
2019-09-16 23:35:32,041 [grpc-default-executor-1] INFO  client.GrpcClientProtocolClient (GrpcClientProtocolClient.java:onNext(264)) - client-C79DE3E06697->1d6da99a-ba9a-4d72-abd2-d0f1aa02f12f: receive RaftClientReply:client-C79DE3E06697->1d6da99a-ba9a-4d72-abd2-d0f1aa02f12f@group-B29EE812FB58, cid=4015, SUCCESS, logIndex=6067, commits[1d6da99a-ba9a-4d72-abd2-d0f1aa02f12f:c6069, 9dc27687-2024-46ae-8b6e-c9027bfa400e:c6065, 9c9c57da-14dc-454a-b374-789aa5e765a9:c6065]
2019-09-16 23:35:32,041 [grpc-default-executor-1] INFO  client.GrpcClientProtocolClient (GrpcClientProtocolClient.java:onNext(264)) - client-C79DE3E06697->1d6da99a-ba9a-4d72-abd2-d0f1aa02f12f: receive RaftClientReply:client-C79DE3E06697->1d6da99a-ba9a-4d72-abd2-d0f1aa02f12f@group-B29EE812FB58, cid=4016, SUCCESS, logIndex=6068, commits[1d6da99a-ba9a-4d72-abd2-d0f1aa02f12f:c6069, 9dc27687-2024-46ae-8b6e-c9027bfa400e:c6065, 9c9c57da-14dc-454a-b374-789aa5e765a9:c6065]
2019-09-16 23:35:32,041 [grpc-default-executor-1] INFO  client.GrpcClientProtocolClient (GrpcClientProtocolClient.java:onNext(264)) - client-C79DE3E06697->1d6da99a-ba9a-4d72-abd2-d0f1aa02f12f: receive RaftClientReply:client-C79DE3E06697->1d6da99a-ba9a-4d72-abd2-d0f1aa02f12f@group-B29EE812FB58, cid=4017, SUCCESS, logIndex=6069, commits[1d6da99a-ba9a-4d72-abd2-d0f1aa02f12f:c6069, 9dc27687-2024-46ae-8b6e-c9027bfa400e:c6065, 9c9c57da-14dc-454a-b374-789aa5e765a9:c6065]
2019-09-16 23:35:32,054 [grpc-default-executor-1] INFO  client.GrpcClientProtocolClient (GrpcClientProtocolClient.java:onNext(264)) - client-C79DE3E06697->1d6da99a-ba9a-4d72-abd2-d0f1aa02f12f: receive RaftClientReply:client-C79DE3E06697->1d6da99a-ba9a-4d72-abd2-d0f1aa02f12f@group-B29EE812FB58, cid=4018, SUCCESS, logIndex=0, commits[1d6da99a-ba9a-4d72-abd2-d0f1aa02f12f:c6071, 9dc27687-2024-46ae-8b6e-c9027bfa400e:c6067, 9c9c57da-14dc-454a-b374-789aa5e765a9:c6067]
2019-09-16 23:35:32,064 [grpc-default-executor-1] INFO  client.GrpcClientProtocolClient (GrpcClientProtocolClient.java:onNext(264)) - client-C79DE3E06697->1d6da99a-ba9a-4d72-abd2-d0f1aa02f12f: receive RaftClientReply:client-C79DE3E06697->1d6da99a-ba9a-4d72-abd2-d0f1aa02f12f@group-B29EE812FB58, cid=4019, SUCCESS, logIndex=6073, commits[1d6da99a-ba9a-4d72-abd2-d0f1aa02f12f:c6074, 9dc27687-2024-46ae-8b6e-c9027bfa400e:c6072, 9c9c57da-14dc-454a-b374-789aa5e765a9:c6069]
2019-09-16 23:35:32,064 [grpc-default-executor-1] INFO  client.GrpcClientProtocolClient (GrpcClientProtocolClient.java:onNext(264)) - client-C79DE3E06697->1d6da99a-ba9a-4d72-abd2-d0f1aa02f12f: receive RaftClientReply:client-C79DE3E06697->1d6da99a-ba9a-4d72-abd2-d0f1aa02f12f@group-B29EE812FB58, cid=4020, SUCCESS, logIndex=6074, commits[1d6da99a-ba9a-4d72-abd2-d0f1aa02f12f:c6074, 9dc27687-2024-46ae-8b6e-c9027bfa400e:c6072, 9c9c57da-14dc-454a-b374-789aa5e765a9:c6072]
2019-09-16 23:35:32,074 [grpc-default-executor-6] INFO  client.GrpcClientProtocolClient (GrpcClientProtocolClient.java:onNext(264)) - client-C79DE3E06697->1d6da99a-ba9a-4d72-abd2-d0f1aa02f12f: receive RaftClientReply:client-C79DE3E06697->1d6da99a-ba9a-4d72-abd2-d0f1aa02f12f@group-B29EE812FB58, cid=4021, SUCCESS, logIndex=6077, commits[1d6da99a-ba9a-4d72-abd2-d0f1aa02f12f:c6078, 9dc27687-2024-46ae-8b6e-c9027bfa400e:c6074, 9c9c57da-14dc-454a-b374-789aa5e765a9:c6076]
2019-09-16 23:35:32,074 [grpc-default-executor-6] INFO  client.GrpcClientProtocolClient (GrpcClientProtocolClient.java:onNext(264)) - client-C79DE3E06697->1d6da99a-ba9a-4d72-abd2-d0f1aa02f12f: receive RaftClientReply:client-C79DE3E06697->1d6da99a-ba9a-4d72-abd2-d0f1aa02f12f@group-B29EE812FB58, cid=4022, SUCCESS, logIndex=6078, commits[1d6da99a-ba9a-4d72-abd2-d0f1aa02f12f:c6078, 9dc27687-2024-46ae-8b6e-c9027bfa400e:c6076, 9c9c57da-14dc-454a-b374-789aa5e765a9:c6076]
2019-09-16 23:35:32,075 [grpc-default-executor-6] INFO  client.GrpcClientProtocolClient (GrpcClientProtocolClient.java:onNext(264)) - client-C79DE3E06697->1d6da99a-ba9a-4d72-abd2-d0f1aa02f12f: receive RaftClientReply:client-C79DE3E06697->1d6da99a-ba9a-4d72-abd2-d0f1aa02f12f@group-B29EE812FB58, cid=4023, SUCCESS, logIndex=0, commits[1d6da99a-ba9a-4d72-abd2-d0f1aa02f12f:c6079, 9dc27687-2024-46ae-8b6e-c9027bfa400e:c6078, 9c9c57da-14dc-454a-b374-789aa5e765a9:c6078]
2019-09-16 23:35:32,099 [grpc-default-executor-0] INFO  client.GrpcClientProtocolClient (GrpcClientProtocolClient.java:onNext(264)) - client-C79DE3E06697->1d6da99a-ba9a-4d72-abd2-d0f1aa02f12f: receive RaftClientReply:client-C79DE3E06697->1d6da99a-ba9a-4d72-abd2-d0f1aa02f12f@group-B29EE812FB58, cid=4024, SUCCESS, logIndex=6081, commits[1d6da99a-ba9a-4d72-abd2-d0f1aa02f12f:c6083, 9dc27687-2024-46ae-8b6e-c9027bfa400e:c6078, 9c9c57da-14dc-454a-b374-789aa5e765a9:c6080]
2019-09-16 23:35:32,100 [grpc-default-executor-0] INFO  client.GrpcClientProtocolClient (GrpcClientProtocolClient.java:onNext(264)) - client-C79DE3E06697->1d6da99a-ba9a-4d72-abd2-d0f1aa02f12f: receive RaftClientReply:client-C79DE3E06697->1d6da99a-ba9a-4d72-abd2-d0f1aa02f12f@group-B29EE812FB58, cid=4025, SUCCESS, logIndex=6082, commits[1d6da99a-ba9a-4d72-abd2-d0f1aa02f12f:c6084, 9dc27687-2024-46ae-8b6e-c9027bfa400e:c6080, 9c9c57da-14dc-454a-b374-789aa5e765a9:c6080]
2019-09-16 23:35:32,100 [grpc-default-executor-0] INFO  client.GrpcClientProtocolClient (GrpcClientProtocolClient.java:onNext(264)) - client-C79DE3E06697->1d6da99a-ba9a-4d72-abd2-d0f1aa02f12f: receive RaftClientReply:client-C79DE3E06697->1d6da99a-ba9a-4d72-abd2-d0f1aa02f12f@group-B29EE812FB58, cid=4026, SUCCESS, logIndex=6083, commits[1d6da99a-ba9a-4d72-abd2-d0f1aa02f12f:c6084, 9dc27687-2024-46ae-8b6e-c9027bfa400e:c6080, 9c9c57da-14dc-454a-b374-789aa5e765a9:c6080]
2019-09-16 23:35:32,100 [grpc-default-executor-0] INFO  client.GrpcClientProtocolClient (GrpcClientProtocolClient.java:onNext(264)) - client-C79DE3E06697->1d6da99a-ba9a-4d72-abd2-d0f1aa02f12f: receive RaftClientReply:client-C79DE3E06697->1d6da99a-ba9a-4d72-abd2-d0f1aa02f12f@group-B29EE812FB58, cid=4027, SUCCESS, logIndex=6084, commits[1d6da99a-ba9a-4d72-abd2-d0f1aa02f12f:c6084, 9dc27687-2024-46ae-8b6e-c9027bfa400e:c6080, 9c9c57da-14dc-454a-b374-789aa5e765a9:c6080]
2019-09-16 23:35:32,104 [grpc-default-executor-0] INFO  client.GrpcClientProtocolClient (GrpcClientProtocolClient.java:onNext(264)) - client-C79DE3E06697->1d6da99a-ba9a-4d72-abd2-d0f1aa02f12f: receive RaftClientReply:client-C79DE3E06697->1d6da99a-ba9a-4d72-abd2-d0f1aa02f12f@group-B29EE812FB58, cid=4028, SUCCESS, logIndex=0, commits[1d6da99a-ba9a-4d72-abd2-d0f1aa02f12f:c6087, 9dc27687-2024-46ae-8b6e-c9027bfa400e:c6083, 9c9c57da-14dc-454a-b374-789aa5e765a9:c6082]
2019-09-16 23:35:32,121 [grpc-default-executor-1] INFO  client.GrpcClientProtocolClient (GrpcClientProtocolClient.java:onNext(264)) - client-C79DE3E06697->1d6da99a-ba9a-4d72-abd2-d0f1aa02f12f: receive RaftClientReply:client-C79DE3E06697->1d6da99a-ba9a-4d72-abd2-d0f1aa02f12f@group-B29EE812FB58, cid=4029, SUCCESS, logIndex=6089, commits[1d6da99a-ba9a-4d72-abd2-d0f1aa02f12f:c6090, 9dc27687-2024-46ae-8b6e-c9027bfa400e:c6088, 9c9c57da-14dc-454a-b374-789aa5e765a9:c6088]
2019-09-16 23:35:32,121 [grpc-default-executor-1] INFO  client.GrpcClientProtocolClient (GrpcClientProtocolClient.java:onNext(264)) - client-C79DE3E06697->1d6da99a-ba9a-4d72-abd2-d0f1aa02f12f: receive RaftClientReply:client-C79DE3E06697->1d6da99a-ba9a-4d72-abd2-d0f1aa02f12f@group-B29EE812FB58, cid=4030, SUCCESS, logIndex=6090, commits[1d6da99a-ba9a-4d72-abd2-d0f1aa02f12f:c6090, 9dc27687-2024-46ae-8b6e-c9027bfa400e:c6088, 9c9c57da-14dc-454a-b374-789aa5e765a9:c6088]
2019-09-16 23:35:32,500 [grpc-default-executor-0] INFO  client.GrpcClientProtocolClient (GrpcClientProtocolClient.java:onNext(264)) - client-C79DE3E06697->1d6da99a-ba9a-4d72-abd2-d0f1aa02f12f: receive RaftClientReply:client-C79DE3E06697->1d6da99a-ba9a-4d72-abd2-d0f1aa02f12f@group-B29EE812FB58, cid=4031, SUCCESS, logIndex=6093, commits[1d6da99a-ba9a-4d72-abd2-d0f1aa02f12f:c6094, 9dc27687-2024-46ae-8b6e-c9027bfa400e:c6090, 9c9c57da-14dc-454a-b374-789aa5e765a9:c6090]
2019-09-16 23:35:32,501 [grpc-default-executor-0] INFO  client.GrpcClientProtocolClient (GrpcClientProtocolClient.java:onNext(264)) - client-C79DE3E06697->1d6da99a-ba9a-4d72-abd2-d0f1aa02f12f: receive RaftClientReply:client-C79DE3E06697->1d6da99a-ba9a-4d72-abd2-d0f1aa02f12f@group-B29EE812FB58, cid=4032, SUCCESS, logIndex=6094, commits[1d6da99a-ba9a-4d72-abd2-d0f1aa02f12f:c6094, 9dc27687-2024-46ae-8b6e-c9027bfa400e:c6090, 9c9c57da-14dc-454a-b374-789aa5e765a9:c6090]
2019-09-16 23:35:32,513 [grpc-default-executor-1] INFO  client.GrpcClientProtocolClient (GrpcClientProtocolClient.java:onNext(264)) - client-C79DE3E06697->1d6da99a-ba9a-4d72-abd2-d0f1aa02f12f: receive RaftClientReply:client-C79DE3E06697->1d6da99a-ba9a-4d72-abd2-d0f1aa02f12f@group-B29EE812FB58, cid=4033, SUCCESS, logIndex=0, commits[1d6da99a-ba9a-4d72-abd2-d0f1aa02f12f:c6095, 9dc27687-2024-46ae-8b6e-c9027bfa400e:c6094, 9c9c57da-14dc-454a-b374-789aa5e765a9:c6094]
2019-09-16 23:35:32,550 [grpc-default-executor-6] INFO  client.GrpcClientProtocolClient (GrpcClientProtocolClient.java:onNext(264)) - client-C79DE3E06697->1d6da99a-ba9a-4d72-abd2-d0f1aa02f12f: receive RaftClientReply:client-C79DE3E06697->1d6da99a-ba9a-4d72-abd2-d0f1aa02f12f@group-B29EE812FB58, cid=4034, SUCCESS, logIndex=6097, commits[1d6da99a-ba9a-4d72-abd2-d0f1aa02f12f:c6098, 9dc27687-2024-46ae-8b6e-c9027bfa400e:c6096, 9c9c57da-14dc-454a-b374-789aa5e765a9:c6096]
2019-09-16 23:35:32,550 [grpc-default-executor-6] INFO  client.GrpcClientProtocolClient (GrpcClientProtocolClient.java:onNext(264)) - client-C79DE3E06697->1d6da99a-ba9a-4d72-abd2-d0f1aa02f12f: receive RaftClientReply:client-C79DE3E06697->1d6da99a-ba9a-4d72-abd2-d0f1aa02f12f@group-B29EE812FB58, cid=4035, SUCCESS, logIndex=6098, commits[1d6da99a-ba9a-4d72-abd2-d0f1aa02f12f:c6098, 9dc27687-2024-46ae-8b6e-c9027bfa400e:c6096, 9c9c57da-14dc-454a-b374-789aa5e765a9:c6096]
2019-09-16 23:35:32,551 [grpc-default-executor-6] INFO  client.GrpcClientProtocolClient (GrpcClientProtocolClient.java:onNext(264)) - client-C79DE3E06697->1d6da99a-ba9a-4d72-abd2-d0f1aa02f12f: receive RaftClientReply:client-C79DE3E06697->1d6da99a-ba9a-4d72-abd2-d0f1aa02f12f@group-B29EE812FB58, cid=4036, SUCCESS, logIndex=6099, commits[1d6da99a-ba9a-4d72-abd2-d0f1aa02f12f:c6100, 9dc27687-2024-46ae-8b6e-c9027bfa400e:c6096, 9c9c57da-14dc-454a-b374-789aa5e765a9:c6096]
2019-09-16 23:35:32,551 [grpc-default-executor-6] INFO  client.GrpcClientProtocolClient (GrpcClientProtocolClient.java:onNext(264)) - client-C79DE3E06697->1d6da99a-ba9a-4d72-abd2-d0f1aa02f12f: receive RaftClientReply:client-C79DE3E06697->1d6da99a-ba9a-4d72-abd2-d0f1aa02f12f@group-B29EE812FB58, cid=4037, SUCCESS, logIndex=6100, commits[1d6da99a-ba9a-4d72-abd2-d0f1aa02f12f:c6100, 9dc27687-2024-46ae-8b6e-c9027bfa400e:c6096, 9c9c57da-14dc-454a-b374-789aa5e765a9:c6096]
2019-09-16 23:35:32,564 [grpc-default-executor-1] INFO  client.GrpcClientProtocolClient (GrpcClientProtocolClient.java:onNext(264)) - client-C79DE3E06697->1d6da99a-ba9a-4d72-abd2-d0f1aa02f12f: receive RaftClientReply:client-C79DE3E06697->1d6da99a-ba9a-4d72-abd2-d0f1aa02f12f@group-B29EE812FB58, cid=4038, SUCCESS, logIndex=0, commits[1d6da99a-ba9a-4d72-abd2-d0f1aa02f12f:c6102, 9dc27687-2024-46ae-8b6e-c9027bfa400e:c6098, 9c9c57da-14dc-454a-b374-789aa5e765a9:c6098]
2019-09-16 23:35:32,584 [grpc-default-executor-6] INFO  client.GrpcClientProtocolClient (GrpcClientProtocolClient.java:onNext(264)) - client-C79DE3E06697->1d6da99a-ba9a-4d72-abd2-d0f1aa02f12f: receive RaftClientReply:client-C79DE3E06697->1d6da99a-ba9a-4d72-abd2-d0f1aa02f12f@group-B29EE812FB58, cid=4039, SUCCESS, logIndex=6105, commits[1d6da99a-ba9a-4d72-abd2-d0f1aa02f12f:c6106, 9dc27687-2024-46ae-8b6e-c9027bfa400e:c6104, 9c9c57da-14dc-454a-b374-789aa5e765a9:c6104]
2019-09-16 23:35:32,584 [grpc-default-executor-6] INFO  client.GrpcClientProtocolClient (GrpcClientProtocolClient.java:onNext(264)) - client-C79DE3E06697->1d6da99a-ba9a-4d72-abd2-d0f1aa02f12f: receive RaftClientReply:client-C79DE3E06697->1d6da99a-ba9a-4d72-abd2-d0f1aa02f12f@group-B29EE812FB58, cid=4040, SUCCESS, logIndex=6106, commits[1d6da99a-ba9a-4d72-abd2-d0f1aa02f12f:c6106, 9dc27687-2024-46ae-8b6e-c9027bfa400e:c6104, 9c9c57da-14dc-454a-b374-789aa5e765a9:c6104]
2019-09-16 23:35:32,598 [grpc-default-executor-1] INFO  client.GrpcClientProtocolClient (GrpcClientProtocolClient.java:onNext(264)) - client-C79DE3E06697->1d6da99a-ba9a-4d72-abd2-d0f1aa02f12f: receive RaftClientReply:client-C79DE3E06697->1d6da99a-ba9a-4d72-abd2-d0f1aa02f12f@group-B29EE812FB58, cid=4041, SUCCESS, logIndex=6109, commits[1d6da99a-ba9a-4d72-abd2-d0f1aa02f12f:c6110, 9dc27687-2024-46ae-8b6e-c9027bfa400e:c6106, 9c9c57da-14dc-454a-b374-789aa5e765a9:c6106]
2019-09-16 23:35:32,599 [grpc-default-executor-1] INFO  client.GrpcClientProtocolClient (GrpcClientProtocolClient.java:onNext(264)) - client-C79DE3E06697->1d6da99a-ba9a-4d72-abd2-d0f1aa02f12f: receive RaftClientReply:client-C79DE3E06697->1d6da99a-ba9a-4d72-abd2-d0f1aa02f12f@group-B29EE812FB58, cid=4042, SUCCESS, logIndex=6110, commits[1d6da99a-ba9a-4d72-abd2-d0f1aa02f12f:c6110, 9dc27687-2024-46ae-8b6e-c9027bfa400e:c6106, 9c9c57da-14dc-454a-b374-789aa5e765a9:c6106]
2019-09-16 23:35:32,613 [grpc-default-executor-6] INFO  client.GrpcClientProtocolClient (GrpcClientProtocolClient.java:onNext(264)) - client-C79DE3E06697->1d6da99a-ba9a-4d72-abd2-d0f1aa02f12f: receive RaftClientReply:client-C79DE3E06697->1d6da99a-ba9a-4d72-abd2-d0f1aa02f12f@group-B29EE812FB58, cid=4043, SUCCESS, logIndex=0, commits[1d6da99a-ba9a-4d72-abd2-d0f1aa02f12f:c6112, 9dc27687-2024-46ae-8b6e-c9027bfa400e:c6110, 9c9c57da-14dc-454a-b374-789aa5e765a9:c6110]
2019-09-16 23:35:32,775 [grpc-default-executor-0] INFO  client.GrpcClientProtocolClient (GrpcClientProtocolClient.java:onNext(264)) - client-C79DE3E06697->1d6da99a-ba9a-4d72-abd2-d0f1aa02f12f: receive RaftClientReply:client-C79DE3E06697->1d6da99a-ba9a-4d72-abd2-d0f1aa02f12f@group-B29EE812FB58, cid=4044, SUCCESS, logIndex=6113, commits[1d6da99a-ba9a-4d72-abd2-d0f1aa02f12f:c6114, 9dc27687-2024-46ae-8b6e-c9027bfa400e:c6112, 9c9c57da-14dc-454a-b374-789aa5e765a9:c6112]
2019-09-16 23:35:32,784 [grpc-default-executor-0] INFO  client.GrpcClientProtocolClient (GrpcClientProtocolClient.java:onNext(264)) - client-C79DE3E06697->1d6da99a-ba9a-4d72-abd2-d0f1aa02f12f: receive RaftClientReply:client-C79DE3E06697->1d6da99a-ba9a-4d72-abd2-d0f1aa02f12f@group-B29EE812FB58, cid=4045, SUCCESS, logIndex=6114, commits[1d6da99a-ba9a-4d72-abd2-d0f1aa02f12f:c6114, 9dc27687-2024-46ae-8b6e-c9027bfa400e:c6112, 9c9c57da-14dc-454a-b374-789aa5e765a9:c6112]
2019-09-16 23:35:32,794 [grpc-default-executor-1] INFO  client.GrpcClientProtocolClient (GrpcClientProtocolClient.java:onNext(264)) - client-C79DE3E06697->1d6da99a-ba9a-4d72-abd2-d0f1aa02f12f: receive RaftClientReply:client-C79DE3E06697->1d6da99a-ba9a-4d72-abd2-d0f1aa02f12f@group-B29EE812FB58, cid=4046, SUCCESS, logIndex=6115, commits[1d6da99a-ba9a-4d72-abd2-d0f1aa02f12f:c6116, 9dc27687-2024-46ae-8b6e-c9027bfa400e:c6112, 9c9c57da-14dc-454a-b374-789aa5e765a9:c6112]
2019-09-16 23:35:32,794 [grpc-default-executor-1] INFO  client.GrpcClientProtocolClient (GrpcClientProtocolClient.java:onNext(264)) - client-C79DE3E06697->1d6da99a-ba9a-4d72-abd2-d0f1aa02f12f: receive RaftClientReply:client-C79DE3E06697->1d6da99a-ba9a-4d72-abd2-d0f1aa02f12f@group-B29EE812FB58, cid=4047, SUCCESS, logIndex=6116, commits[1d6da99a-ba9a-4d72-abd2-d0f1aa02f12f:c6116, 9dc27687-2024-46ae-8b6e-c9027bfa400e:c6112, 9c9c57da-14dc-454a-b374-789aa5e765a9:c6112]
2019-09-16 23:35:32,810 [grpc-default-executor-1] INFO  client.GrpcClientProtocolClient (GrpcClientProtocolClient.java:onNext(264)) - client-C79DE3E06697->1d6da99a-ba9a-4d72-abd2-d0f1aa02f12f: receive RaftClientReply:client-C79DE3E06697->1d6da99a-ba9a-4d72-abd2-d0f1aa02f12f@group-B29EE812FB58, cid=4048, SUCCESS, logIndex=0, commits[1d6da99a-ba9a-4d72-abd2-d0f1aa02f12f:c6118, 9dc27687-2024-46ae-8b6e-c9027bfa400e:c6114, 9c9c57da-14dc-454a-b374-789aa5e765a9:c6114]
2019-09-16 23:35:32,829 [grpc-default-executor-6] INFO  client.GrpcClientProtocolClient (GrpcClientProtocolClient.java:onNext(264)) - client-C79DE3E06697->1d6da99a-ba9a-4d72-abd2-d0f1aa02f12f: receive RaftClientReply:client-C79DE3E06697->1d6da99a-ba9a-4d72-abd2-d0f1aa02f12f@group-B29EE812FB58, cid=4049, SUCCESS, logIndex=6121, commits[1d6da99a-ba9a-4d72-abd2-d0f1aa02f12f:c6122, 9dc27687-2024-46ae-8b6e-c9027bfa400e:c6120, 9c9c57da-14dc-454a-b374-789aa5e765a9:c6120]
2019-09-16 23:35:32,829 [grpc-default-executor-6] INFO  client.GrpcClientProtocolClient (GrpcClientProtocolClient.java:onNext(264)) - client-C79DE3E06697->1d6da99a-ba9a-4d72-abd2-d0f1aa02f12f: receive RaftClientReply:client-C79DE3E06697->1d6da99a-ba9a-4d72-abd2-d0f1aa02f12f@group-B29EE812FB58, cid=4050, SUCCESS, logIndex=6122, commits[1d6da99a-ba9a-4d72-abd2-d0f1aa02f12f:c6122, 9dc27687-2024-46ae-8b6e-c9027bfa400e:c6120, 9c9c57da-14dc-454a-b374-789aa5e765a9:c6120]
2019-09-16 23:35:32,844 [grpc-default-executor-0] INFO  client.GrpcClientProtocolClient (GrpcClientProtocolClient.java:onNext(264)) - client-C79DE3E06697->1d6da99a-ba9a-4d72-abd2-d0f1aa02f12f: receive RaftClientReply:client-C79DE3E06697->1d6da99a-ba9a-4d72-abd2-d0f1aa02f12f@group-B29EE812FB58, cid=4051, SUCCESS, logIndex=6125, commits[1d6da99a-ba9a-4d72-abd2-d0f1aa02f12f:c6126, 9dc27687-2024-46ae-8b6e-c9027bfa400e:c6122, 9c9c57da-14dc-454a-b374-789aa5e765a9:c6122]
2019-09-16 23:35:32,844 [grpc-default-executor-0] INFO  client.GrpcClientProtocolClient (GrpcClientProtocolClient.java:onNext(264)) - client-C79DE3E06697->1d6da99a-ba9a-4d72-abd2-d0f1aa02f12f: receive RaftClientReply:client-C79DE3E06697->1d6da99a-ba9a-4d72-abd2-d0f1aa02f12f@group-B29EE812FB58, cid=4052, SUCCESS, logIndex=6126, commits[1d6da99a-ba9a-4d72-abd2-d0f1aa02f12f:c6126, 9dc27687-2024-46ae-8b6e-c9027bfa400e:c6122, 9c9c57da-14dc-454a-b374-789aa5e765a9:c6122]
2019-09-16 23:35:32,858 [grpc-default-executor-6] INFO  client.GrpcClientProtocolClient (GrpcClientProtocolClient.java:onNext(264)) - client-C79DE3E06697->1d6da99a-ba9a-4d72-abd2-d0f1aa02f12f: receive RaftClientReply:client-C79DE3E06697->1d6da99a-ba9a-4d72-abd2-d0f1aa02f12f@group-B29EE812FB58, cid=4053, SUCCESS, logIndex=0, commits[1d6da99a-ba9a-4d72-abd2-d0f1aa02f12f:c6128, 9dc27687-2024-46ae-8b6e-c9027bfa400e:c6126, 9c9c57da-14dc-454a-b374-789aa5e765a9:c6126]
 0.00% |█                                                                                                    |  0/1 Time: 0:00:502019-09-16 23:35:33,174 [grpc-default-executor-0] INFO  client.GrpcClientProtocolClient (GrpcClientProtocolClient.java:onNext(264)) - client-C79DE3E06697->1d6da99a-ba9a-4d72-abd2-d0f1aa02f12f: receive RaftClientReply:client-C79DE3E06697->1d6da99a-ba9a-4d72-abd2-d0f1aa02f12f@group-B29EE812FB58, cid=4054, SUCCESS, logIndex=6129, commits[1d6da99a-ba9a-4d72-abd2-d0f1aa02f12f:c6130, 9dc27687-2024-46ae-8b6e-c9027bfa400e:c6128, 9c9c57da-14dc-454a-b374-789aa5e765a9:c6128]
2019-09-16 23:35:33,175 [grpc-default-executor-0] INFO  client.GrpcClientProtocolClient (GrpcClientProtocolClient.java:onNext(264)) - client-C79DE3E06697->1d6da99a-ba9a-4d72-abd2-d0f1aa02f12f: receive RaftClientReply:client-C79DE3E06697->1d6da99a-ba9a-4d72-abd2-d0f1aa02f12f@group-B29EE812FB58, cid=4055, SUCCESS, logIndex=6130, commits[1d6da99a-ba9a-4d72-abd2-d0f1aa02f12f:c6132, 9dc27687-2024-46ae-8b6e-c9027bfa400e:c6128, 9c9c57da-14dc-454a-b374-789aa5e765a9:c6128]
2019-09-16 23:35:33,176 [grpc-default-executor-0] INFO  client.GrpcClientProtocolClient (GrpcClientProtocolClient.java:onNext(264)) - client-C79DE3E06697->1d6da99a-ba9a-4d72-abd2-d0f1aa02f12f: receive RaftClientReply:client-C79DE3E06697->1d6da99a-ba9a-4d72-abd2-d0f1aa02f12f@group-B29EE812FB58, cid=4056, SUCCESS, logIndex=6131, commits[1d6da99a-ba9a-4d72-abd2-d0f1aa02f12f:c6132, 9dc27687-2024-46ae-8b6e-c9027bfa400e:c6128, 9c9c57da-14dc-454a-b374-789aa5e765a9:c6128]
2019-09-16 23:35:33,176 [grpc-default-executor-1] INFO  client.GrpcClientProtocolClient (GrpcClientProtocolClient.java:onNext(264)) - client-C79DE3E06697->1d6da99a-ba9a-4d72-abd2-d0f1aa02f12f: receive RaftClientReply:client-C79DE3E06697->1d6da99a-ba9a-4d72-abd2-d0f1aa02f12f@group-B29EE812FB58, cid=4057, SUCCESS, logIndex=6132, commits[1d6da99a-ba9a-4d72-abd2-d0f1aa02f12f:c6132, 9dc27687-2024-46ae-8b6e-c9027bfa400e:c6128, 9c9c57da-14dc-454a-b374-789aa5e765a9:c6128]
2019-09-16 23:35:33,177 [grpc-default-executor-1] INFO  client.GrpcClientProtocolClient (GrpcClientProtocolClient.java:onNext(264)) - client-C79DE3E06697->1d6da99a-ba9a-4d72-abd2-d0f1aa02f12f: receive RaftClientReply:client-C79DE3E06697->1d6da99a-ba9a-4d72-abd2-d0f1aa02f12f@group-B29EE812FB58, cid=4058, SUCCESS, logIndex=0, commits[1d6da99a-ba9a-4d72-abd2-d0f1aa02f12f:c6134, 9dc27687-2024-46ae-8b6e-c9027bfa400e:c6130, 9c9c57da-14dc-454a-b374-789aa5e765a9:c6130]
2019-09-16 23:35:33,201 [grpc-default-executor-6] INFO  client.GrpcClientProtocolClient (GrpcClientProtocolClient.java:onNext(264)) - client-C79DE3E06697->1d6da99a-ba9a-4d72-abd2-d0f1aa02f12f: receive RaftClientReply:client-C79DE3E06697->1d6da99a-ba9a-4d72-abd2-d0f1aa02f12f@group-B29EE812FB58, cid=4059, SUCCESS, logIndex=6137, commits[1d6da99a-ba9a-4d72-abd2-d0f1aa02f12f:c6138, 9dc27687-2024-46ae-8b6e-c9027bfa400e:c6136, 9c9c57da-14dc-454a-b374-789aa5e765a9:c6132]
2019-09-16 23:35:33,201 [grpc-default-executor-6] INFO  client.GrpcClientProtocolClient (GrpcClientProtocolClient.java:onNext(264)) - client-C79DE3E06697->1d6da99a-ba9a-4d72-abd2-d0f1aa02f12f: receive RaftClientReply:client-C79DE3E06697->1d6da99a-ba9a-4d72-abd2-d0f1aa02f12f@group-B29EE812FB58, cid=4060, SUCCESS, logIndex=6138, commits[1d6da99a-ba9a-4d72-abd2-d0f1aa02f12f:c6138, 9dc27687-2024-46ae-8b6e-c9027bfa400e:c6136, 9c9c57da-14dc-454a-b374-789aa5e765a9:c6136]
2019-09-16 23:35:33,223 [grpc-default-executor-1] INFO  client.GrpcClientProtocolClient (GrpcClientProtocolClient.java:onNext(264)) - client-C79DE3E06697->1d6da99a-ba9a-4d72-abd2-d0f1aa02f12f: receive RaftClientReply:client-C79DE3E06697->1d6da99a-ba9a-4d72-abd2-d0f1aa02f12f@group-B29EE812FB58, cid=4061, SUCCESS, logIndex=6141, commits[1d6da99a-ba9a-4d72-abd2-d0f1aa02f12f:c6142, 9dc27687-2024-46ae-8b6e-c9027bfa400e:c6140, 9c9c57da-14dc-454a-b374-789aa5e765a9:c6140]
2019-09-16 23:35:33,224 [grpc-default-executor-1] INFO  client.GrpcClientProtocolClient (GrpcClientProtocolClient.java:onNext(264)) - client-C79DE3E06697->1d6da99a-ba9a-4d72-abd2-d0f1aa02f12f: receive RaftClientReply:client-C79DE3E06697->1d6da99a-ba9a-4d72-abd2-d0f1aa02f12f@group-B29EE812FB58, cid=4062, SUCCESS, logIndex=6142, commits[1d6da99a-ba9a-4d72-abd2-d0f1aa02f12f:c6142, 9dc27687-2024-46ae-8b6e-c9027bfa400e:c6140, 9c9c57da-14dc-454a-b374-789aa5e765a9:c6140]
2019-09-16 23:35:33,233 [grpc-default-executor-6] INFO  client.GrpcClientProtocolClient (GrpcClientProtocolClient.java:onNext(264)) - client-C79DE3E06697->1d6da99a-ba9a-4d72-abd2-d0f1aa02f12f: receive RaftClientReply:client-C79DE3E06697->1d6da99a-ba9a-4d72-abd2-d0f1aa02f12f@group-B29EE812FB58, cid=4063, SUCCESS, logIndex=0, commits[1d6da99a-ba9a-4d72-abd2-d0f1aa02f12f:c6143, 9dc27687-2024-46ae-8b6e-c9027bfa400e:c6142, 9c9c57da-14dc-454a-b374-789aa5e765a9:c6142]
2019-09-16 23:35:33,267 [grpc-default-executor-6] INFO  client.GrpcClientProtocolClient (GrpcClientProtocolClient.java:onNext(264)) - client-C79DE3E06697->1d6da99a-ba9a-4d72-abd2-d0f1aa02f12f: receive RaftClientReply:client-C79DE3E06697->1d6da99a-ba9a-4d72-abd2-d0f1aa02f12f@group-B29EE812FB58, cid=4064, SUCCESS, logIndex=6145, commits[1d6da99a-ba9a-4d72-abd2-d0f1aa02f12f:c6146, 9dc27687-2024-46ae-8b6e-c9027bfa400e:c6144, 9c9c57da-14dc-454a-b374-789aa5e765a9:c6144]
2019-09-16 23:35:33,267 [grpc-default-executor-6] INFO  client.GrpcClientProtocolClient (GrpcClientProtocolClient.java:onNext(264)) - client-C79DE3E06697->1d6da99a-ba9a-4d72-abd2-d0f1aa02f12f: receive RaftClientReply:client-C79DE3E06697->1d6da99a-ba9a-4d72-abd2-d0f1aa02f12f@group-B29EE812FB58, cid=4065, SUCCESS, logIndex=6146, commits[1d6da99a-ba9a-4d72-abd2-d0f1aa02f12f:c6146, 9dc27687-2024-46ae-8b6e-c9027bfa400e:c6144, 9c9c57da-14dc-454a-b374-789aa5e765a9:c6144]
2019-09-16 23:35:33,268 [grpc-default-executor-6] INFO  client.GrpcClientProtocolClient (GrpcClientProtocolClient.java:onNext(264)) - client-C79DE3E06697->1d6da99a-ba9a-4d72-abd2-d0f1aa02f12f: receive RaftClientReply:client-C79DE3E06697->1d6da99a-ba9a-4d72-abd2-d0f1aa02f12f@group-B29EE812FB58, cid=4066, SUCCESS, logIndex=6147, commits[1d6da99a-ba9a-4d72-abd2-d0f1aa02f12f:c6148, 9dc27687-2024-46ae-8b6e-c9027bfa400e:c6144, 9c9c57da-14dc-454a-b374-789aa5e765a9:c6144]
2019-09-16 23:35:33,268 [grpc-default-executor-6] INFO  client.GrpcClientProtocolClient (GrpcClientProtocolClient.java:onNext(264)) - client-C79DE3E06697->1d6da99a-ba9a-4d72-abd2-d0f1aa02f12f: receive RaftClientReply:client-C79DE3E06697->1d6da99a-ba9a-4d72-abd2-d0f1aa02f12f@group-B29EE812FB58, cid=4067, SUCCESS, logIndex=6148, commits[1d6da99a-ba9a-4d72-abd2-d0f1aa02f12f:c6148, 9dc27687-2024-46ae-8b6e-c9027bfa400e:c6144, 9c9c57da-14dc-454a-b374-789aa5e765a9:c6144]
2019-09-16 23:35:33,270 [grpc-default-executor-6] INFO  client.GrpcClientProtocolClient (GrpcClientProtocolClient.java:onNext(264)) - client-C79DE3E06697->1d6da99a-ba9a-4d72-abd2-d0f1aa02f12f: receive RaftClientReply:client-C79DE3E06697->1d6da99a-ba9a-4d72-abd2-d0f1aa02f12f@group-B29EE812FB58, cid=4068, SUCCESS, logIndex=0, commits[1d6da99a-ba9a-4d72-abd2-d0f1aa02f12f:c6150, 9dc27687-2024-46ae-8b6e-c9027bfa400e:c6146, 9c9c57da-14dc-454a-b374-789aa5e765a9:c6146]
2019-09-16 23:35:33,282 [grpc-default-executor-0] INFO  client.GrpcClientProtocolClient (GrpcClientProtocolClient.java:onNext(264)) - client-C79DE3E06697->1d6da99a-ba9a-4d72-abd2-d0f1aa02f12f: receive RaftClientReply:client-C79DE3E06697->1d6da99a-ba9a-4d72-abd2-d0f1aa02f12f@group-B29EE812FB58, cid=4069, SUCCESS, logIndex=6153, commits[1d6da99a-ba9a-4d72-abd2-d0f1aa02f12f:c6154, 9dc27687-2024-46ae-8b6e-c9027bfa400e:c6148, 9c9c57da-14dc-454a-b374-789aa5e765a9:c6150]
2019-09-16 23:35:33,282 [grpc-default-executor-0] INFO  client.GrpcClientProtocolClient (GrpcClientProtocolClient.java:onNext(264)) - client-C79DE3E06697->1d6da99a-ba9a-4d72-abd2-d0f1aa02f12f: receive RaftClientReply:client-C79DE3E06697->1d6da99a-ba9a-4d72-abd2-d0f1aa02f12f@group-B29EE812FB58, cid=4070, SUCCESS, logIndex=6154, commits[1d6da99a-ba9a-4d72-abd2-d0f1aa02f12f:c6154, 9dc27687-2024-46ae-8b6e-c9027bfa400e:c6150, 9c9c57da-14dc-454a-b374-789aa5e765a9:c6150]
2019-09-16 23:35:33,301 [grpc-default-executor-1] INFO  client.GrpcClientProtocolClient (GrpcClientProtocolClient.java:onNext(264)) - client-C79DE3E06697->1d6da99a-ba9a-4d72-abd2-d0f1aa02f12f: receive RaftClientReply:client-C79DE3E06697->1d6da99a-ba9a-4d72-abd2-d0f1aa02f12f@group-B29EE812FB58, cid=4071, SUCCESS, logIndex=6156, commits[1d6da99a-ba9a-4d72-abd2-d0f1aa02f12f:c6157, 9dc27687-2024-46ae-8b6e-c9027bfa400e:c6155, 9c9c57da-14dc-454a-b374-789aa5e765a9:c6155]
2019-09-16 23:35:33,302 [grpc-default-executor-1] INFO  client.GrpcClientProtocolClient (GrpcClientProtocolClient.java:onNext(264)) - client-C79DE3E06697->1d6da99a-ba9a-4d72-abd2-d0f1aa02f12f: receive RaftClientReply:client-C79DE3E06697->1d6da99a-ba9a-4d72-abd2-d0f1aa02f12f@group-B29EE812FB58, cid=4072, SUCCESS, logIndex=6157, commits[1d6da99a-ba9a-4d72-abd2-d0f1aa02f12f:c6157, 9dc27687-2024-46ae-8b6e-c9027bfa400e:c6155, 9c9c57da-14dc-454a-b374-789aa5e765a9:c6155]
2019-09-16 23:35:33,316 [grpc-default-executor-6] INFO  client.GrpcClientProtocolClient (GrpcClientProtocolClient.java:onNext(264)) - client-C79DE3E06697->1d6da99a-ba9a-4d72-abd2-d0f1aa02f12f: receive RaftClientReply:client-C79DE3E06697->1d6da99a-ba9a-4d72-abd2-d0f1aa02f12f@group-B29EE812FB58, cid=4073, SUCCESS, logIndex=0, commits[1d6da99a-ba9a-4d72-abd2-d0f1aa02f12f:c6158, 9dc27687-2024-46ae-8b6e-c9027bfa400e:c6157, 9c9c57da-14dc-454a-b374-789aa5e765a9:c6157]
2019-09-16 23:35:33,351 [grpc-default-executor-1] INFO  client.GrpcClientProtocolClient (GrpcClientProtocolClient.java:onNext(264)) - client-C79DE3E06697->1d6da99a-ba9a-4d72-abd2-d0f1aa02f12f: receive RaftClientReply:client-C79DE3E06697->1d6da99a-ba9a-4d72-abd2-d0f1aa02f12f@group-B29EE812FB58, cid=4074, SUCCESS, logIndex=6160, commits[1d6da99a-ba9a-4d72-abd2-d0f1aa02f12f:c6162, 9dc27687-2024-46ae-8b6e-c9027bfa400e:c6159, 9c9c57da-14dc-454a-b374-789aa5e765a9:c6159]
2019-09-16 23:35:33,352 [grpc-default-executor-1] INFO  client.GrpcClientProtocolClient (GrpcClientProtocolClient.java:onNext(264)) - client-C79DE3E06697->1d6da99a-ba9a-4d72-abd2-d0f1aa02f12f: receive RaftClientReply:client-C79DE3E06697->1d6da99a-ba9a-4d72-abd2-d0f1aa02f12f@group-B29EE812FB58, cid=4075, SUCCESS, logIndex=6161, commits[1d6da99a-ba9a-4d72-abd2-d0f1aa02f12f:c6163, 9dc27687-2024-46ae-8b6e-c9027bfa400e:c6159, 9c9c57da-14dc-454a-b374-789aa5e765a9:c6159]
2019-09-16 23:35:33,352 [grpc-default-executor-1] INFO  client.GrpcClientProtocolClient (GrpcClientProtocolClient.java:onNext(264)) - client-C79DE3E06697->1d6da99a-ba9a-4d72-abd2-d0f1aa02f12f: receive RaftClientReply:client-C79DE3E06697->1d6da99a-ba9a-4d72-abd2-d0f1aa02f12f@group-B29EE812FB58, cid=4076, SUCCESS, logIndex=6162, commits[1d6da99a-ba9a-4d72-abd2-d0f1aa02f12f:c6163, 9dc27687-2024-46ae-8b6e-c9027bfa400e:c6159, 9c9c57da-14dc-454a-b374-789aa5e765a9:c6159]
2019-09-16 23:35:33,352 [grpc-default-executor-1] INFO  client.GrpcClientProtocolClient (GrpcClientProtocolClient.java:onNext(264)) - client-C79DE3E06697->1d6da99a-ba9a-4d72-abd2-d0f1aa02f12f: receive RaftClientReply:client-C79DE3E06697->1d6da99a-ba9a-4d72-abd2-d0f1aa02f12f@group-B29EE812FB58, cid=4077, SUCCESS, logIndex=6163, commits[1d6da99a-ba9a-4d72-abd2-d0f1aa02f12f:c6163, 9dc27687-2024-46ae-8b6e-c9027bfa400e:c6159, 9c9c57da-14dc-454a-b374-789aa5e765a9:c6159]
2019-09-16 23:35:33,366 [grpc-default-executor-6] INFO  client.GrpcClientProtocolClient (GrpcClientProtocolClient.java:onNext(264)) - client-C79DE3E06697->1d6da99a-ba9a-4d72-abd2-d0f1aa02f12f: receive RaftClientReply:client-C79DE3E06697->1d6da99a-ba9a-4d72-abd2-d0f1aa02f12f@group-B29EE812FB58, cid=4078, SUCCESS, logIndex=0, commits[1d6da99a-ba9a-4d72-abd2-d0f1aa02f12f:c6166, 9dc27687-2024-46ae-8b6e-c9027bfa400e:c6161, 9c9c57da-14dc-454a-b374-789aa5e765a9:c6163]
2019-09-16 23:35:33,384 [grpc-default-executor-6] INFO  client.GrpcClientProtocolClient (GrpcClientProtocolClient.java:onNext(264)) - client-C79DE3E06697->1d6da99a-ba9a-4d72-abd2-d0f1aa02f12f: receive RaftClientReply:client-C79DE3E06697->1d6da99a-ba9a-4d72-abd2-d0f1aa02f12f@group-B29EE812FB58, cid=4079, SUCCESS, logIndex=6168, commits[1d6da99a-ba9a-4d72-abd2-d0f1aa02f12f:c6169, 9dc27687-2024-46ae-8b6e-c9027bfa400e:c6167, 9c9c57da-14dc-454a-b374-789aa5e765a9:c6167]
2019-09-16 23:35:33,384 [grpc-default-executor-6] INFO  client.GrpcClientProtocolClient (GrpcClientProtocolClient.java:onNext(264)) - client-C79DE3E06697->1d6da99a-ba9a-4d72-abd2-d0f1aa02f12f: receive RaftClientReply:client-C79DE3E06697->1d6da99a-ba9a-4d72-abd2-d0f1aa02f12f@group-B29EE812FB58, cid=4080, SUCCESS, logIndex=6169, commits[1d6da99a-ba9a-4d72-abd2-d0f1aa02f12f:c6169, 9dc27687-2024-46ae-8b6e-c9027bfa400e:c6167, 9c9c57da-14dc-454a-b374-789aa5e765a9:c6167]
2019-09-16 23:35:33,397 [grpc-default-executor-3] INFO  client.GrpcClientProtocolClient (GrpcClientProtocolClient.java:onNext(264)) - client-C79DE3E06697->1d6da99a-ba9a-4d72-abd2-d0f1aa02f12f: receive RaftClientReply:client-C79DE3E06697->1d6da99a-ba9a-4d72-abd2-d0f1aa02f12f@group-B29EE812FB58, cid=4081, SUCCESS, logIndex=6172, commits[1d6da99a-ba9a-4d72-abd2-d0f1aa02f12f:c6173, 9dc27687-2024-46ae-8b6e-c9027bfa400e:c6169, 9c9c57da-14dc-454a-b374-789aa5e765a9:c6169]
2019-09-16 23:35:33,397 [grpc-default-executor-3] INFO  client.GrpcClientProtocolClient (GrpcClientProtocolClient.java:onNext(264)) - client-C79DE3E06697->1d6da99a-ba9a-4d72-abd2-d0f1aa02f12f: receive RaftClientReply:client-C79DE3E06697->1d6da99a-ba9a-4d72-abd2-d0f1aa02f12f@group-B29EE812FB58, cid=4082, SUCCESS, logIndex=6173, commits[1d6da99a-ba9a-4d72-abd2-d0f1aa02f12f:c6173, 9dc27687-2024-46ae-8b6e-c9027bfa400e:c6169, 9c9c57da-14dc-454a-b374-789aa5e765a9:c6169]
2019-09-16 23:35:33,400 [grpc-default-executor-6] INFO  client.GrpcClientProtocolClient (GrpcClientProtocolClient.java:onNext(264)) - client-C79DE3E06697->1d6da99a-ba9a-4d72-abd2-d0f1aa02f12f: receive RaftClientReply:client-C79DE3E06697->1d6da99a-ba9a-4d72-abd2-d0f1aa02f12f@group-B29EE812FB58, cid=4083, SUCCESS, logIndex=0, commits[1d6da99a-ba9a-4d72-abd2-d0f1aa02f12f:c6174, 9dc27687-2024-46ae-8b6e-c9027bfa400e:c6173, 9c9c57da-14dc-454a-b374-789aa5e765a9:c6173]
2019-09-16 23:35:33,424 [grpc-default-executor-1] INFO  client.GrpcClientProtocolClient (GrpcClientProtocolClient.java:onNext(264)) - client-C79DE3E06697->1d6da99a-ba9a-4d72-abd2-d0f1aa02f12f: receive RaftClientReply:client-C79DE3E06697->1d6da99a-ba9a-4d72-abd2-d0f1aa02f12f@group-B29EE812FB58, cid=4084, SUCCESS, logIndex=6176, commits[1d6da99a-ba9a-4d72-abd2-d0f1aa02f12f:c6179, 9dc27687-2024-46ae-8b6e-c9027bfa400e:c6173, 9c9c57da-14dc-454a-b374-789aa5e765a9:c6175]
2019-09-16 23:35:33,425 [grpc-default-executor-1] INFO  client.GrpcClientProtocolClient (GrpcClientProtocolClient.java:onNext(264)) - client-C79DE3E06697->1d6da99a-ba9a-4d72-abd2-d0f1aa02f12f: receive RaftClientReply:client-C79DE3E06697->1d6da99a-ba9a-4d72-abd2-d0f1aa02f12f@group-B29EE812FB58, cid=4085, SUCCESS, logIndex=6177, commits[1d6da99a-ba9a-4d72-abd2-d0f1aa02f12f:c6179, 9dc27687-2024-46ae-8b6e-c9027bfa400e:c6175, 9c9c57da-14dc-454a-b374-789aa5e765a9:c6175]
2019-09-16 23:35:33,425 [grpc-default-executor-1] INFO  client.GrpcClientProtocolClient (GrpcClientProtocolClient.java:onNext(264)) - client-C79DE3E06697->1d6da99a-ba9a-4d72-abd2-d0f1aa02f12f: receive RaftClientReply:client-C79DE3E06697->1d6da99a-ba9a-4d72-abd2-d0f1aa02f12f@group-B29EE812FB58, cid=4086, SUCCESS, logIndex=6178, commits[1d6da99a-ba9a-4d72-abd2-d0f1aa02f12f:c6179, 9dc27687-2024-46ae-8b6e-c9027bfa400e:c6175, 9c9c57da-14dc-454a-b374-789aa5e765a9:c6175]
2019-09-16 23:35:33,425 [grpc-default-executor-1] INFO  client.GrpcClientProtocolClient (GrpcClientProtocolClient.java:onNext(264)) - client-C79DE3E06697->1d6da99a-ba9a-4d72-abd2-d0f1aa02f12f: receive RaftClientReply:client-C79DE3E06697->1d6da99a-ba9a-4d72-abd2-d0f1aa02f12f@group-B29EE812FB58, cid=4087, SUCCESS, logIndex=6179, commits[1d6da99a-ba9a-4d72-abd2-d0f1aa02f12f:c6179, 9dc27687-2024-46ae-8b6e-c9027bfa400e:c6175, 9c9c57da-14dc-454a-b374-789aa5e765a9:c6175]
2019-09-16 23:35:33,427 [grpc-default-executor-1] INFO  client.GrpcClientProtocolClient (GrpcClientProtocolClient.java:onNext(264)) - client-C79DE3E06697->1d6da99a-ba9a-4d72-abd2-d0f1aa02f12f: receive RaftClientReply:client-C79DE3E06697->1d6da99a-ba9a-4d72-abd2-d0f1aa02f12f@group-B29EE812FB58, cid=4088, SUCCESS, logIndex=0, commits[1d6da99a-ba9a-4d72-abd2-d0f1aa02f12f:c6183, 9dc27687-2024-46ae-8b6e-c9027bfa400e:c6179, 9c9c57da-14dc-454a-b374-789aa5e765a9:c6177]
2019-09-16 23:35:33,436 [grpc-default-executor-1] INFO  client.GrpcClientProtocolClient (GrpcClientProtocolClient.java:onNext(264)) - client-C79DE3E06697->1d6da99a-ba9a-4d72-abd2-d0f1aa02f12f: receive RaftClientReply:client-C79DE3E06697->1d6da99a-ba9a-4d72-abd2-d0f1aa02f12f@group-B29EE812FB58, cid=4089, SUCCESS, logIndex=6184, commits[1d6da99a-ba9a-4d72-abd2-d0f1aa02f12f:c6185, 9dc27687-2024-46ae-8b6e-c9027bfa400e:c6183, 9c9c57da-14dc-454a-b374-789aa5e765a9:c6179]
2019-09-16 23:35:33,436 [grpc-default-executor-1] INFO  client.GrpcClientProtocolClient (GrpcClientProtocolClient.java:onNext(264)) - client-C79DE3E06697->1d6da99a-ba9a-4d72-abd2-d0f1aa02f12f: receive RaftClientReply:client-C79DE3E06697->1d6da99a-ba9a-4d72-abd2-d0f1aa02f12f@group-B29EE812FB58, cid=4090, SUCCESS, logIndex=6185, commits[1d6da99a-ba9a-4d72-abd2-d0f1aa02f12f:c6185, 9dc27687-2024-46ae-8b6e-c9027bfa400e:c6183, 9c9c57da-14dc-454a-b374-789aa5e765a9:c6183]
2019-09-16 23:35:33,448 [grpc-default-executor-6] INFO  client.GrpcClientProtocolClient (GrpcClientProtocolClient.java:onNext(264)) - client-C79DE3E06697->1d6da99a-ba9a-4d72-abd2-d0f1aa02f12f: receive RaftClientReply:client-C79DE3E06697->1d6da99a-ba9a-4d72-abd2-d0f1aa02f12f@group-B29EE812FB58, cid=4091, SUCCESS, logIndex=6187, commits[1d6da99a-ba9a-4d72-abd2-d0f1aa02f12f:c6188, 9dc27687-2024-46ae-8b6e-c9027bfa400e:c6185, 9c9c57da-14dc-454a-b374-789aa5e765a9:c6185]
2019-09-16 23:35:33,449 [grpc-default-executor-6] INFO  client.GrpcClientProtocolClient (GrpcClientProtocolClient.java:onNext(264)) - client-C79DE3E06697->1d6da99a-ba9a-4d72-abd2-d0f1aa02f12f: receive RaftClientReply:client-C79DE3E06697->1d6da99a-ba9a-4d72-abd2-d0f1aa02f12f@group-B29EE812FB58, cid=4092, SUCCESS, logIndex=6188, commits[1d6da99a-ba9a-4d72-abd2-d0f1aa02f12f:c6188, 9dc27687-2024-46ae-8b6e-c9027bfa400e:c6185, 9c9c57da-14dc-454a-b374-789aa5e765a9:c6185]
2019-09-16 23:35:33,453 [grpc-default-executor-6] INFO  client.GrpcClientProtocolClient (GrpcClientProtocolClient.java:onNext(264)) - client-C79DE3E06697->1d6da99a-ba9a-4d72-abd2-d0f1aa02f12f: receive RaftClientReply:client-C79DE3E06697->1d6da99a-ba9a-4d72-abd2-d0f1aa02f12f@group-B29EE812FB58, cid=4093, SUCCESS, logIndex=0, commits[1d6da99a-ba9a-4d72-abd2-d0f1aa02f12f:c6189, 9dc27687-2024-46ae-8b6e-c9027bfa400e:c6188, 9c9c57da-14dc-454a-b374-789aa5e765a9:c6188]
2019-09-16 23:35:33,493 [grpc-default-executor-1] INFO  client.GrpcClientProtocolClient (GrpcClientProtocolClient.java:onNext(264)) - client-C79DE3E06697->1d6da99a-ba9a-4d72-abd2-d0f1aa02f12f: receive RaftClientReply:client-C79DE3E06697->1d6da99a-ba9a-4d72-abd2-d0f1aa02f12f@group-B29EE812FB58, cid=4094, SUCCESS, logIndex=6191, commits[1d6da99a-ba9a-4d72-abd2-d0f1aa02f12f:c6194, 9dc27687-2024-46ae-8b6e-c9027bfa400e:c6190, 9c9c57da-14dc-454a-b374-789aa5e765a9:c6188]
2019-09-16 23:35:33,493 [grpc-default-executor-1] INFO  client.GrpcClientProtocolClient (GrpcClientProtocolClient.java:onNext(264)) - client-C79DE3E06697->1d6da99a-ba9a-4d72-abd2-d0f1aa02f12f: receive RaftClientReply:client-C79DE3E06697->1d6da99a-ba9a-4d72-abd2-d0f1aa02f12f@group-B29EE812FB58, cid=4095, SUCCESS, logIndex=6192, commits[1d6da99a-ba9a-4d72-abd2-d0f1aa02f12f:c6194, 9dc27687-2024-46ae-8b6e-c9027bfa400e:c6190, 9c9c57da-14dc-454a-b374-789aa5e765a9:c6190]
2019-09-16 23:35:33,494 [grpc-default-executor-1] INFO  client.GrpcClientProtocolClient (GrpcClientProtocolClient.java:onNext(264)) - client-C79DE3E06697->1d6da99a-ba9a-4d72-abd2-d0f1aa02f12f: receive RaftClientReply:client-C79DE3E06697->1d6da99a-ba9a-4d72-abd2-d0f1aa02f12f@group-B29EE812FB58, cid=4096, SUCCESS, logIndex=6193, commits[1d6da99a-ba9a-4d72-abd2-d0f1aa02f12f:c6194, 9dc27687-2024-46ae-8b6e-c9027bfa400e:c6190, 9c9c57da-14dc-454a-b374-789aa5e765a9:c6190]
2019-09-16 23:35:33,494 [grpc-default-executor-1] INFO  client.GrpcClientProtocolClient (GrpcClientProtocolClient.java:onNext(264)) - client-C79DE3E06697->1d6da99a-ba9a-4d72-abd2-d0f1aa02f12f: receive RaftClientReply:client-C79DE3E06697->1d6da99a-ba9a-4d72-abd2-d0f1aa02f12f@group-B29EE812FB58, cid=4097, SUCCESS, logIndex=6194, commits[1d6da99a-ba9a-4d72-abd2-d0f1aa02f12f:c6194, 9dc27687-2024-46ae-8b6e-c9027bfa400e:c6190, 9c9c57da-14dc-454a-b374-789aa5e765a9:c6190]
2019-09-16 23:35:33,496 [grpc-default-executor-1] INFO  client.GrpcClientProtocolClient (GrpcClientProtocolClient.java:onNext(264)) - client-C79DE3E06697->1d6da99a-ba9a-4d72-abd2-d0f1aa02f12f: receive RaftClientReply:client-C79DE3E06697->1d6da99a-ba9a-4d72-abd2-d0f1aa02f12f@group-B29EE812FB58, cid=4098, SUCCESS, logIndex=0, commits[1d6da99a-ba9a-4d72-abd2-d0f1aa02f12f:c6195, 9dc27687-2024-46ae-8b6e-c9027bfa400e:c6193, 9c9c57da-14dc-454a-b374-789aa5e765a9:c6193]
2019-09-16 23:35:33,507 [grpc-default-executor-1] INFO  client.GrpcClientProtocolClient (GrpcClientProtocolClient.java:onNext(264)) - client-C79DE3E06697->1d6da99a-ba9a-4d72-abd2-d0f1aa02f12f: receive RaftClientReply:client-C79DE3E06697->1d6da99a-ba9a-4d72-abd2-d0f1aa02f12f@group-B29EE812FB58, cid=4099, SUCCESS, logIndex=6199, commits[1d6da99a-ba9a-4d72-abd2-d0f1aa02f12f:c6200, 9dc27687-2024-46ae-8b6e-c9027bfa400e:c6194, 9c9c57da-14dc-454a-b374-789aa5e765a9:c6198]
2019-09-16 23:35:33,508 [grpc-default-executor-1] INFO  client.GrpcClientProtocolClient (GrpcClientProtocolClient.java:onNext(264)) - client-C79DE3E06697->1d6da99a-ba9a-4d72-abd2-d0f1aa02f12f: receive RaftClientReply:client-C79DE3E06697->1d6da99a-ba9a-4d72-abd2-d0f1aa02f12f@group-B29EE812FB58, cid=4100, SUCCESS, logIndex=6200, commits[1d6da99a-ba9a-4d72-abd2-d0f1aa02f12f:c6200, 9dc27687-2024-46ae-8b6e-c9027bfa400e:c6198, 9c9c57da-14dc-454a-b374-789aa5e765a9:c6198]
2019-09-16 23:35:33,884 [grpc-default-executor-1] INFO  client.GrpcClientProtocolClient (GrpcClientProtocolClient.java:onNext(264)) - client-C79DE3E06697->1d6da99a-ba9a-4d72-abd2-d0f1aa02f12f: receive RaftClientReply:client-C79DE3E06697->1d6da99a-ba9a-4d72-abd2-d0f1aa02f12f@group-B29EE812FB58, cid=4101, SUCCESS, logIndex=6203, commits[1d6da99a-ba9a-4d72-abd2-d0f1aa02f12f:c6204, 9dc27687-2024-46ae-8b6e-c9027bfa400e:c6202, 9c9c57da-14dc-454a-b374-789aa5e765a9:c6202]
2019-09-16 23:35:33,884 [grpc-default-executor-1] INFO  client.GrpcClientProtocolClient (GrpcClientProtocolClient.java:onNext(264)) - client-C79DE3E06697->1d6da99a-ba9a-4d72-abd2-d0f1aa02f12f: receive RaftClientReply:client-C79DE3E06697->1d6da99a-ba9a-4d72-abd2-d0f1aa02f12f@group-B29EE812FB58, cid=4102, SUCCESS, logIndex=6204, commits[1d6da99a-ba9a-4d72-abd2-d0f1aa02f12f:c6204, 9dc27687-2024-46ae-8b6e-c9027bfa400e:c6202, 9c9c57da-14dc-454a-b374-789aa5e765a9:c6202]
2019-09-16 23:35:33,898 [grpc-default-executor-3] INFO  client.GrpcClientProtocolClient (GrpcClientProtocolClient.java:onNext(264)) - client-C79DE3E06697->1d6da99a-ba9a-4d72-abd2-d0f1aa02f12f: receive RaftClientReply:client-C79DE3E06697->1d6da99a-ba9a-4d72-abd2-d0f1aa02f12f@group-B29EE812FB58, cid=4103, SUCCESS, logIndex=0, commits[1d6da99a-ba9a-4d72-abd2-d0f1aa02f12f:c6205, 9dc27687-2024-46ae-8b6e-c9027bfa400e:c6204, 9c9c57da-14dc-454a-b374-789aa5e765a9:c6204]
2019-09-16 23:35:33,934 [grpc-default-executor-1] INFO  client.GrpcClientProtocolClient (GrpcClientProtocolClient.java:onNext(264)) - client-C79DE3E06697->1d6da99a-ba9a-4d72-abd2-d0f1aa02f12f: receive RaftClientReply:client-C79DE3E06697->1d6da99a-ba9a-4d72-abd2-d0f1aa02f12f@group-B29EE812FB58, cid=4104, SUCCESS, logIndex=6207, commits[1d6da99a-ba9a-4d72-abd2-d0f1aa02f12f:c6208, 9dc27687-2024-46ae-8b6e-c9027bfa400e:c6206, 9c9c57da-14dc-454a-b374-789aa5e765a9:c6206]
2019-09-16 23:35:33,935 [grpc-default-executor-1] INFO  client.GrpcClientProtocolClient (GrpcClientProtocolClient.java:onNext(264)) - client-C79DE3E06697->1d6da99a-ba9a-4d72-abd2-d0f1aa02f12f: receive RaftClientReply:client-C79DE3E06697->1d6da99a-ba9a-4d72-abd2-d0f1aa02f12f@group-B29EE812FB58, cid=4105, SUCCESS, logIndex=6208, commits[1d6da99a-ba9a-4d72-abd2-d0f1aa02f12f:c6208, 9dc27687-2024-46ae-8b6e-c9027bfa400e:c6206, 9c9c57da-14dc-454a-b374-789aa5e765a9:c6206]
2019-09-16 23:35:33,946 [grpc-default-executor-3] INFO  client.GrpcClientProtocolClient (GrpcClientProtocolClient.java:onNext(264)) - client-C79DE3E06697->1d6da99a-ba9a-4d72-abd2-d0f1aa02f12f: receive RaftClientReply:client-C79DE3E06697->1d6da99a-ba9a-4d72-abd2-d0f1aa02f12f@group-B29EE812FB58, cid=4106, SUCCESS, logIndex=6209, commits[1d6da99a-ba9a-4d72-abd2-d0f1aa02f12f:c6210, 9dc27687-2024-46ae-8b6e-c9027bfa400e:c6206, 9c9c57da-14dc-454a-b374-789aa5e765a9:c6206]
2019-09-16 23:35:33,946 [grpc-default-executor-3] INFO  client.GrpcClientProtocolClient (GrpcClientProtocolClient.java:onNext(264)) - client-C79DE3E06697->1d6da99a-ba9a-4d72-abd2-d0f1aa02f12f: receive RaftClientReply:client-C79DE3E06697->1d6da99a-ba9a-4d72-abd2-d0f1aa02f12f@group-B29EE812FB58, cid=4107, SUCCESS, logIndex=6210, commits[1d6da99a-ba9a-4d72-abd2-d0f1aa02f12f:c6210, 9dc27687-2024-46ae-8b6e-c9027bfa400e:c6206, 9c9c57da-14dc-454a-b374-789aa5e765a9:c6206]
2019-09-16 23:35:33,948 [grpc-default-executor-3] INFO  client.GrpcClientProtocolClient (GrpcClientProtocolClient.java:onNext(264)) - client-C79DE3E06697->1d6da99a-ba9a-4d72-abd2-d0f1aa02f12f: receive RaftClientReply:client-C79DE3E06697->1d6da99a-ba9a-4d72-abd2-d0f1aa02f12f@group-B29EE812FB58, cid=4108, SUCCESS, logIndex=0, commits[1d6da99a-ba9a-4d72-abd2-d0f1aa02f12f:c6212, 9dc27687-2024-46ae-8b6e-c9027bfa400e:c6208, 9c9c57da-14dc-454a-b374-789aa5e765a9:c6208]
2019-09-16 23:35:33,963 [grpc-default-executor-3] INFO  client.GrpcClientProtocolClient (GrpcClientProtocolClient.java:onNext(264)) - client-C79DE3E06697->1d6da99a-ba9a-4d72-abd2-d0f1aa02f12f: receive RaftClientReply:client-C79DE3E06697->1d6da99a-ba9a-4d72-abd2-d0f1aa02f12f@group-B29EE812FB58, cid=4109, SUCCESS, logIndex=6215, commits[1d6da99a-ba9a-4d72-abd2-d0f1aa02f12f:c6216, 9dc27687-2024-46ae-8b6e-c9027bfa400e:c6210, 9c9c57da-14dc-454a-b374-789aa5e765a9:c6212]
2019-09-16 23:35:33,963 [grpc-default-executor-3] INFO  client.GrpcClientProtocolClient (GrpcClientProtocolClient.java:onNext(264)) - client-C79DE3E06697->1d6da99a-ba9a-4d72-abd2-d0f1aa02f12f: receive RaftClientReply:client-C79DE3E06697->1d6da99a-ba9a-4d72-abd2-d0f1aa02f12f@group-B29EE812FB58, cid=4110, SUCCESS, logIndex=6216, commits[1d6da99a-ba9a-4d72-abd2-d0f1aa02f12f:c6216, 9dc27687-2024-46ae-8b6e-c9027bfa400e:c6212, 9c9c57da-14dc-454a-b374-789aa5e765a9:c6212]
 0.00% |█                                                                                                    |  0/1 Time: 0:00:512019-09-16 23:35:33,977 [grpc-default-executor-1] INFO  client.GrpcClientProtocolClient (GrpcClientProtocolClient.java:onNext(264)) - client-C79DE3E06697->1d6da99a-ba9a-4d72-abd2-d0f1aa02f12f: receive RaftClientReply:client-C79DE3E06697->1d6da99a-ba9a-4d72-abd2-d0f1aa02f12f@group-B29EE812FB58, cid=4111, SUCCESS, logIndex=6218, commits[1d6da99a-ba9a-4d72-abd2-d0f1aa02f12f:c6219, 9dc27687-2024-46ae-8b6e-c9027bfa400e:c6216, 9c9c57da-14dc-454a-b374-789aa5e765a9:c6216]
2019-09-16 23:35:33,977 [grpc-default-executor-1] INFO  client.GrpcClientProtocolClient (GrpcClientProtocolClient.java:onNext(264)) - client-C79DE3E06697->1d6da99a-ba9a-4d72-abd2-d0f1aa02f12f: receive RaftClientReply:client-C79DE3E06697->1d6da99a-ba9a-4d72-abd2-d0f1aa02f12f@group-B29EE812FB58, cid=4112, SUCCESS, logIndex=6219, commits[1d6da99a-ba9a-4d72-abd2-d0f1aa02f12f:c6219, 9dc27687-2024-46ae-8b6e-c9027bfa400e:c6216, 9c9c57da-14dc-454a-b374-789aa5e765a9:c6216]
2019-09-16 23:35:33,991 [grpc-default-executor-1] INFO  client.GrpcClientProtocolClient (GrpcClientProtocolClient.java:onNext(264)) - client-C79DE3E06697->1d6da99a-ba9a-4d72-abd2-d0f1aa02f12f: receive RaftClientReply:client-C79DE3E06697->1d6da99a-ba9a-4d72-abd2-d0f1aa02f12f@group-B29EE812FB58, cid=4113, SUCCESS, logIndex=0, commits[1d6da99a-ba9a-4d72-abd2-d0f1aa02f12f:c6221, 9dc27687-2024-46ae-8b6e-c9027bfa400e:c6219, 9c9c57da-14dc-454a-b374-789aa5e765a9:c6219]
2019-09-16 23:35:34,023 [grpc-default-executor-1] INFO  client.GrpcClientProtocolClient (GrpcClientProtocolClient.java:onNext(264)) - client-C79DE3E06697->1d6da99a-ba9a-4d72-abd2-d0f1aa02f12f: receive RaftClientReply:client-C79DE3E06697->1d6da99a-ba9a-4d72-abd2-d0f1aa02f12f@group-B29EE812FB58, cid=4114, SUCCESS, logIndex=6222, commits[1d6da99a-ba9a-4d72-abd2-d0f1aa02f12f:c6223, 9dc27687-2024-46ae-8b6e-c9027bfa400e:c6221, 9c9c57da-14dc-454a-b374-789aa5e765a9:c6221]
2019-09-16 23:35:34,023 [grpc-default-executor-1] INFO  client.GrpcClientProtocolClient (GrpcClientProtocolClient.java:onNext(264)) - client-C79DE3E06697->1d6da99a-ba9a-4d72-abd2-d0f1aa02f12f: receive RaftClientReply:client-C79DE3E06697->1d6da99a-ba9a-4d72-abd2-d0f1aa02f12f@group-B29EE812FB58, cid=4115, SUCCESS, logIndex=6223, commits[1d6da99a-ba9a-4d72-abd2-d0f1aa02f12f:c6223, 9dc27687-2024-46ae-8b6e-c9027bfa400e:c6221, 9c9c57da-14dc-454a-b374-789aa5e765a9:c6221]
2019-09-16 23:35:34,025 [grpc-default-executor-1] INFO  client.GrpcClientProtocolClient (GrpcClientProtocolClient.java:onNext(264)) - client-C79DE3E06697->1d6da99a-ba9a-4d72-abd2-d0f1aa02f12f: receive RaftClientReply:client-C79DE3E06697->1d6da99a-ba9a-4d72-abd2-d0f1aa02f12f@group-B29EE812FB58, cid=4116, SUCCESS, logIndex=6224, commits[1d6da99a-ba9a-4d72-abd2-d0f1aa02f12f:c6225, 9dc27687-2024-46ae-8b6e-c9027bfa400e:c6221, 9c9c57da-14dc-454a-b374-789aa5e765a9:c6221]
2019-09-16 23:35:34,025 [grpc-default-executor-1] INFO  client.GrpcClientProtocolClient (GrpcClientProtocolClient.java:onNext(264)) - client-C79DE3E06697->1d6da99a-ba9a-4d72-abd2-d0f1aa02f12f: receive RaftClientReply:client-C79DE3E06697->1d6da99a-ba9a-4d72-abd2-d0f1aa02f12f@group-B29EE812FB58, cid=4117, SUCCESS, logIndex=6225, commits[1d6da99a-ba9a-4d72-abd2-d0f1aa02f12f:c6225, 9dc27687-2024-46ae-8b6e-c9027bfa400e:c6221, 9c9c57da-14dc-454a-b374-789aa5e765a9:c6221]
2019-09-16 23:35:34,036 [grpc-default-executor-1] INFO  client.GrpcClientProtocolClient (GrpcClientProtocolClient.java:onNext(264)) - client-C79DE3E06697->1d6da99a-ba9a-4d72-abd2-d0f1aa02f12f: receive RaftClientReply:client-C79DE3E06697->1d6da99a-ba9a-4d72-abd2-d0f1aa02f12f@group-B29EE812FB58, cid=4118, SUCCESS, logIndex=0, commits[1d6da99a-ba9a-4d72-abd2-d0f1aa02f12f:c6227, 9dc27687-2024-46ae-8b6e-c9027bfa400e:c6223, 9c9c57da-14dc-454a-b374-789aa5e765a9:c6223]
2019-09-16 23:35:34,056 [grpc-default-executor-0] INFO  client.GrpcClientProtocolClient (GrpcClientProtocolClient.java:onNext(264)) - client-C79DE3E06697->1d6da99a-ba9a-4d72-abd2-d0f1aa02f12f: receive RaftClientReply:client-C79DE3E06697->1d6da99a-ba9a-4d72-abd2-d0f1aa02f12f@group-B29EE812FB58, cid=4119, SUCCESS, logIndex=6229, commits[1d6da99a-ba9a-4d72-abd2-d0f1aa02f12f:c6230, 9dc27687-2024-46ae-8b6e-c9027bfa400e:c6228, 9c9c57da-14dc-454a-b374-789aa5e765a9:c6228]
2019-09-16 23:35:34,056 [grpc-default-executor-0] INFO  client.GrpcClientProtocolClient (GrpcClientProtocolClient.java:onNext(264)) - client-C79DE3E06697->1d6da99a-ba9a-4d72-abd2-d0f1aa02f12f: receive RaftClientReply:client-C79DE3E06697->1d6da99a-ba9a-4d72-abd2-d0f1aa02f12f@group-B29EE812FB58, cid=4120, SUCCESS, logIndex=6230, commits[1d6da99a-ba9a-4d72-abd2-d0f1aa02f12f:c6230, 9dc27687-2024-46ae-8b6e-c9027bfa400e:c6228, 9c9c57da-14dc-454a-b374-789aa5e765a9:c6228]
2019-09-16 23:35:34,070 [grpc-default-executor-1] INFO  client.GrpcClientProtocolClient (GrpcClientProtocolClient.java:onNext(264)) - client-C79DE3E06697->1d6da99a-ba9a-4d72-abd2-d0f1aa02f12f: receive RaftClientReply:client-C79DE3E06697->1d6da99a-ba9a-4d72-abd2-d0f1aa02f12f@group-B29EE812FB58, cid=4121, SUCCESS, logIndex=6233, commits[1d6da99a-ba9a-4d72-abd2-d0f1aa02f12f:c6234, 9dc27687-2024-46ae-8b6e-c9027bfa400e:c6230, 9c9c57da-14dc-454a-b374-789aa5e765a9:c6230]
2019-09-16 23:35:34,102 [grpc-default-executor-1] INFO  client.GrpcClientProtocolClient (GrpcClientProtocolClient.java:onNext(264)) - client-C79DE3E06697->1d6da99a-ba9a-4d72-abd2-d0f1aa02f12f: receive RaftClientReply:client-C79DE3E06697->1d6da99a-ba9a-4d72-abd2-d0f1aa02f12f@group-B29EE812FB58, cid=4122, SUCCESS, logIndex=6234, commits[1d6da99a-ba9a-4d72-abd2-d0f1aa02f12f:c6234, 9dc27687-2024-46ae-8b6e-c9027bfa400e:c6230, 9c9c57da-14dc-454a-b374-789aa5e765a9:c6230]
2019-09-16 23:35:34,103 [grpc-default-executor-1] INFO  client.GrpcClientProtocolClient (GrpcClientProtocolClient.java:onNext(264)) - client-C79DE3E06697->1d6da99a-ba9a-4d72-abd2-d0f1aa02f12f: receive RaftClientReply:client-C79DE3E06697->1d6da99a-ba9a-4d72-abd2-d0f1aa02f12f@group-B29EE812FB58, cid=4123, SUCCESS, logIndex=0, commits[1d6da99a-ba9a-4d72-abd2-d0f1aa02f12f:c6235, 9dc27687-2024-46ae-8b6e-c9027bfa400e:c6234, 9c9c57da-14dc-454a-b374-789aa5e765a9:c6234]
2019-09-16 23:35:34,133 [grpc-default-executor-1] INFO  client.GrpcClientProtocolClient (GrpcClientProtocolClient.java:onNext(264)) - client-C79DE3E06697->1d6da99a-ba9a-4d72-abd2-d0f1aa02f12f: receive RaftClientReply:client-C79DE3E06697->1d6da99a-ba9a-4d72-abd2-d0f1aa02f12f@group-B29EE812FB58, cid=4124, SUCCESS, logIndex=6237, commits[1d6da99a-ba9a-4d72-abd2-d0f1aa02f12f:c6239, 9dc27687-2024-46ae-8b6e-c9027bfa400e:c6236, 9c9c57da-14dc-454a-b374-789aa5e765a9:c6236]
2019-09-16 23:35:34,134 [grpc-default-executor-1] INFO  client.GrpcClientProtocolClient (GrpcClientProtocolClient.java:onNext(264)) - client-C79DE3E06697->1d6da99a-ba9a-4d72-abd2-d0f1aa02f12f: receive RaftClientReply:client-C79DE3E06697->1d6da99a-ba9a-4d72-abd2-d0f1aa02f12f@group-B29EE812FB58, cid=4125, SUCCESS, logIndex=6238, commits[1d6da99a-ba9a-4d72-abd2-d0f1aa02f12f:c6240, 9dc27687-2024-46ae-8b6e-c9027bfa400e:c6236, 9c9c57da-14dc-454a-b374-789aa5e765a9:c6236]
2019-09-16 23:35:34,134 [grpc-default-executor-1] INFO  client.GrpcClientProtocolClient (GrpcClientProtocolClient.java:onNext(264)) - client-C79DE3E06697->1d6da99a-ba9a-4d72-abd2-d0f1aa02f12f: receive RaftClientReply:client-C79DE3E06697->1d6da99a-ba9a-4d72-abd2-d0f1aa02f12f@group-B29EE812FB58, cid=4126, SUCCESS, logIndex=6239, commits[1d6da99a-ba9a-4d72-abd2-d0f1aa02f12f:c6240, 9dc27687-2024-46ae-8b6e-c9027bfa400e:c6236, 9c9c57da-14dc-454a-b374-789aa5e765a9:c6236]
2019-09-16 23:35:34,134 [grpc-default-executor-1] INFO  client.GrpcClientProtocolClient (GrpcClientProtocolClient.java:onNext(264)) - client-C79DE3E06697->1d6da99a-ba9a-4d72-abd2-d0f1aa02f12f: receive RaftClientReply:client-C79DE3E06697->1d6da99a-ba9a-4d72-abd2-d0f1aa02f12f@group-B29EE812FB58, cid=4127, SUCCESS, logIndex=6240, commits[1d6da99a-ba9a-4d72-abd2-d0f1aa02f12f:c6240, 9dc27687-2024-46ae-8b6e-c9027bfa400e:c6236, 9c9c57da-14dc-454a-b374-789aa5e765a9:c6236]
2019-09-16 23:35:34,135 [grpc-default-executor-0] INFO  client.GrpcClientProtocolClient (GrpcClientProtocolClient.java:onNext(264)) - client-C79DE3E06697->1d6da99a-ba9a-4d72-abd2-d0f1aa02f12f: receive RaftClientReply:client-C79DE3E06697->1d6da99a-ba9a-4d72-abd2-d0f1aa02f12f@group-B29EE812FB58, cid=4128, SUCCESS, logIndex=0, commits[1d6da99a-ba9a-4d72-abd2-d0f1aa02f12f:c6241, 9dc27687-2024-46ae-8b6e-c9027bfa400e:c6240, 9c9c57da-14dc-454a-b374-789aa5e765a9:c6238]
2019-09-16 23:35:34,153 [grpc-default-executor-1] INFO  client.GrpcClientProtocolClient (GrpcClientProtocolClient.java:onNext(264)) - client-C79DE3E06697->1d6da99a-ba9a-4d72-abd2-d0f1aa02f12f: receive RaftClientReply:client-C79DE3E06697->1d6da99a-ba9a-4d72-abd2-d0f1aa02f12f@group-B29EE812FB58, cid=4129, SUCCESS, logIndex=6244, commits[1d6da99a-ba9a-4d72-abd2-d0f1aa02f12f:c6245, 9dc27687-2024-46ae-8b6e-c9027bfa400e:c6243, 9c9c57da-14dc-454a-b374-789aa5e765a9:c6243]
2019-09-16 23:35:34,153 [grpc-default-executor-1] INFO  client.GrpcClientProtocolClient (GrpcClientProtocolClient.java:onNext(264)) - client-C79DE3E06697->1d6da99a-ba9a-4d72-abd2-d0f1aa02f12f: receive RaftClientReply:client-C79DE3E06697->1d6da99a-ba9a-4d72-abd2-d0f1aa02f12f@group-B29EE812FB58, cid=4130, SUCCESS, logIndex=6245, commits[1d6da99a-ba9a-4d72-abd2-d0f1aa02f12f:c6245, 9dc27687-2024-46ae-8b6e-c9027bfa400e:c6243, 9c9c57da-14dc-454a-b374-789aa5e765a9:c6243]
2019-09-16 23:35:34,168 [grpc-default-executor-0] INFO  client.GrpcClientProtocolClient (GrpcClientProtocolClient.java:onNext(264)) - client-C79DE3E06697->1d6da99a-ba9a-4d72-abd2-d0f1aa02f12f: receive RaftClientReply:client-C79DE3E06697->1d6da99a-ba9a-4d72-abd2-d0f1aa02f12f@group-B29EE812FB58, cid=4131, SUCCESS, logIndex=6248, commits[1d6da99a-ba9a-4d72-abd2-d0f1aa02f12f:c6248, 9dc27687-2024-46ae-8b6e-c9027bfa400e:c6245, 9c9c57da-14dc-454a-b374-789aa5e765a9:c6245]
2019-09-16 23:35:34,168 [grpc-default-executor-0] INFO  client.GrpcClientProtocolClient (GrpcClientProtocolClient.java:onNext(264)) - client-C79DE3E06697->1d6da99a-ba9a-4d72-abd2-d0f1aa02f12f: receive RaftClientReply:client-C79DE3E06697->1d6da99a-ba9a-4d72-abd2-d0f1aa02f12f@group-B29EE812FB58, cid=4132, SUCCESS, logIndex=6249, commits[1d6da99a-ba9a-4d72-abd2-d0f1aa02f12f:c6249, 9dc27687-2024-46ae-8b6e-c9027bfa400e:c6245, 9c9c57da-14dc-454a-b374-789aa5e765a9:c6245]
2019-09-16 23:35:34,182 [grpc-default-executor-0] INFO  client.GrpcClientProtocolClient (GrpcClientProtocolClient.java:onNext(264)) - client-C79DE3E06697->1d6da99a-ba9a-4d72-abd2-d0f1aa02f12f: receive RaftClientReply:client-C79DE3E06697->1d6da99a-ba9a-4d72-abd2-d0f1aa02f12f@group-B29EE812FB58, cid=4133, SUCCESS, logIndex=0, commits[1d6da99a-ba9a-4d72-abd2-d0f1aa02f12f:c6250, 9dc27687-2024-46ae-8b6e-c9027bfa400e:c6249, 9c9c57da-14dc-454a-b374-789aa5e765a9:c6249]
2019-09-16 23:35:34,318 [grpc-default-executor-1] INFO  client.GrpcClientProtocolClient (GrpcClientProtocolClient.java:onNext(264)) - client-C79DE3E06697->1d6da99a-ba9a-4d72-abd2-d0f1aa02f12f: receive RaftClientReply:client-C79DE3E06697->1d6da99a-ba9a-4d72-abd2-d0f1aa02f12f@group-B29EE812FB58, cid=4134, SUCCESS, logIndex=6252, commits[1d6da99a-ba9a-4d72-abd2-d0f1aa02f12f:c6253, 9dc27687-2024-46ae-8b6e-c9027bfa400e:c6251, 9c9c57da-14dc-454a-b374-789aa5e765a9:c6251]
2019-09-16 23:35:34,318 [grpc-default-executor-1] INFO  client.GrpcClientProtocolClient (GrpcClientProtocolClient.java:onNext(264)) - client-C79DE3E06697->1d6da99a-ba9a-4d72-abd2-d0f1aa02f12f: receive RaftClientReply:client-C79DE3E06697->1d6da99a-ba9a-4d72-abd2-d0f1aa02f12f@group-B29EE812FB58, cid=4135, SUCCESS, logIndex=6253, commits[1d6da99a-ba9a-4d72-abd2-d0f1aa02f12f:c6253, 9dc27687-2024-46ae-8b6e-c9027bfa400e:c6251, 9c9c57da-14dc-454a-b374-789aa5e765a9:c6251]
2019-09-16 23:35:34,319 [grpc-default-executor-0] INFO  client.GrpcClientProtocolClient (GrpcClientProtocolClient.java:onNext(264)) - client-C79DE3E06697->1d6da99a-ba9a-4d72-abd2-d0f1aa02f12f: receive RaftClientReply:client-C79DE3E06697->1d6da99a-ba9a-4d72-abd2-d0f1aa02f12f@group-B29EE812FB58, cid=4136, SUCCESS, logIndex=6254, commits[1d6da99a-ba9a-4d72-abd2-d0f1aa02f12f:c6255, 9dc27687-2024-46ae-8b6e-c9027bfa400e:c6251, 9c9c57da-14dc-454a-b374-789aa5e765a9:c6251]
2019-09-16 23:35:34,319 [grpc-default-executor-0] INFO  client.GrpcClientProtocolClient (GrpcClientProtocolClient.java:onNext(264)) - client-C79DE3E06697->1d6da99a-ba9a-4d72-abd2-d0f1aa02f12f: receive RaftClientReply:client-C79DE3E06697->1d6da99a-ba9a-4d72-abd2-d0f1aa02f12f@group-B29EE812FB58, cid=4137, SUCCESS, logIndex=6255, commits[1d6da99a-ba9a-4d72-abd2-d0f1aa02f12f:c6255, 9dc27687-2024-46ae-8b6e-c9027bfa400e:c6251, 9c9c57da-14dc-454a-b374-789aa5e765a9:c6251]
2019-09-16 23:35:34,320 [grpc-default-executor-1] INFO  client.GrpcClientProtocolClient (GrpcClientProtocolClient.java:onNext(264)) - client-C79DE3E06697->1d6da99a-ba9a-4d72-abd2-d0f1aa02f12f: receive RaftClientReply:client-C79DE3E06697->1d6da99a-ba9a-4d72-abd2-d0f1aa02f12f@group-B29EE812FB58, cid=4138, SUCCESS, logIndex=0, commits[1d6da99a-ba9a-4d72-abd2-d0f1aa02f12f:c6257, 9dc27687-2024-46ae-8b6e-c9027bfa400e:c6253, 9c9c57da-14dc-454a-b374-789aa5e765a9:c6253]
2019-09-16 23:35:34,338 [grpc-default-executor-3] INFO  client.GrpcClientProtocolClient (GrpcClientProtocolClient.java:onNext(264)) - client-C79DE3E06697->1d6da99a-ba9a-4d72-abd2-d0f1aa02f12f: receive RaftClientReply:client-C79DE3E06697->1d6da99a-ba9a-4d72-abd2-d0f1aa02f12f@group-B29EE812FB58, cid=4139, SUCCESS, logIndex=6260, commits[1d6da99a-ba9a-4d72-abd2-d0f1aa02f12f:c6260, 9dc27687-2024-46ae-8b6e-c9027bfa400e:c6259, 9c9c57da-14dc-454a-b374-789aa5e765a9:c6259]
2019-09-16 23:35:34,338 [grpc-default-executor-3] INFO  client.GrpcClientProtocolClient (GrpcClientProtocolClient.java:onNext(264)) - client-C79DE3E06697->1d6da99a-ba9a-4d72-abd2-d0f1aa02f12f: receive RaftClientReply:client-C79DE3E06697->1d6da99a-ba9a-4d72-abd2-d0f1aa02f12f@group-B29EE812FB58, cid=4140, SUCCESS, logIndex=6261, commits[1d6da99a-ba9a-4d72-abd2-d0f1aa02f12f:c6261, 9dc27687-2024-46ae-8b6e-c9027bfa400e:c6259, 9c9c57da-14dc-454a-b374-789aa5e765a9:c6259]
2019-09-16 23:35:34,353 [grpc-default-executor-3] INFO  client.GrpcClientProtocolClient (GrpcClientProtocolClient.java:onNext(264)) - client-C79DE3E06697->1d6da99a-ba9a-4d72-abd2-d0f1aa02f12f: receive RaftClientReply:client-C79DE3E06697->1d6da99a-ba9a-4d72-abd2-d0f1aa02f12f@group-B29EE812FB58, cid=4141, SUCCESS, logIndex=6264, commits[1d6da99a-ba9a-4d72-abd2-d0f1aa02f12f:c6265, 9dc27687-2024-46ae-8b6e-c9027bfa400e:c6261, 9c9c57da-14dc-454a-b374-789aa5e765a9:c6261]
2019-09-16 23:35:34,354 [grpc-default-executor-3] INFO  client.GrpcClientProtocolClient (GrpcClientProtocolClient.java:onNext(264)) - client-C79DE3E06697->1d6da99a-ba9a-4d72-abd2-d0f1aa02f12f: receive RaftClientReply:client-C79DE3E06697->1d6da99a-ba9a-4d72-abd2-d0f1aa02f12f@group-B29EE812FB58, cid=4142, SUCCESS, logIndex=6265, commits[1d6da99a-ba9a-4d72-abd2-d0f1aa02f12f:c6265, 9dc27687-2024-46ae-8b6e-c9027bfa400e:c6261, 9c9c57da-14dc-454a-b374-789aa5e765a9:c6261]
2019-09-16 23:35:34,368 [grpc-default-executor-1] INFO  client.GrpcClientProtocolClient (GrpcClientProtocolClient.java:onNext(264)) - client-C79DE3E06697->1d6da99a-ba9a-4d72-abd2-d0f1aa02f12f: receive RaftClientReply:client-C79DE3E06697->1d6da99a-ba9a-4d72-abd2-d0f1aa02f12f@group-B29EE812FB58, cid=4143, SUCCESS, logIndex=0, commits[1d6da99a-ba9a-4d72-abd2-d0f1aa02f12f:c6267, 9dc27687-2024-46ae-8b6e-c9027bfa400e:c6265, 9c9c57da-14dc-454a-b374-789aa5e765a9:c6265]
2019-09-16 23:35:34,391 [grpc-default-executor-3] INFO  client.GrpcClientProtocolClient (GrpcClientProtocolClient.java:onNext(264)) - client-C79DE3E06697->1d6da99a-ba9a-4d72-abd2-d0f1aa02f12f: receive RaftClientReply:client-C79DE3E06697->1d6da99a-ba9a-4d72-abd2-d0f1aa02f12f@group-B29EE812FB58, cid=4144, SUCCESS, logIndex=6268, commits[1d6da99a-ba9a-4d72-abd2-d0f1aa02f12f:c6269, 9dc27687-2024-46ae-8b6e-c9027bfa400e:c6267, 9c9c57da-14dc-454a-b374-789aa5e765a9:c6267]
2019-09-16 23:35:34,392 [grpc-default-executor-3] INFO  client.GrpcClientProtocolClient (GrpcClientProtocolClient.java:onNext(264)) - client-C79DE3E06697->1d6da99a-ba9a-4d72-abd2-d0f1aa02f12f: receive RaftClientReply:client-C79DE3E06697->1d6da99a-ba9a-4d72-abd2-d0f1aa02f12f@group-B29EE812FB58, cid=4145, SUCCESS, logIndex=6269, commits[1d6da99a-ba9a-4d72-abd2-d0f1aa02f12f:c6269, 9dc27687-2024-46ae-8b6e-c9027bfa400e:c6267, 9c9c57da-14dc-454a-b374-789aa5e765a9:c6267]
2019-09-16 23:35:34,392 [grpc-default-executor-1] INFO  client.GrpcClientProtocolClient (GrpcClientProtocolClient.java:onNext(264)) - client-C79DE3E06697->1d6da99a-ba9a-4d72-abd2-d0f1aa02f12f: receive RaftClientReply:client-C79DE3E06697->1d6da99a-ba9a-4d72-abd2-d0f1aa02f12f@group-B29EE812FB58, cid=4146, SUCCESS, logIndex=6270, commits[1d6da99a-ba9a-4d72-abd2-d0f1aa02f12f:c6271, 9dc27687-2024-46ae-8b6e-c9027bfa400e:c6267, 9c9c57da-14dc-454a-b374-789aa5e765a9:c6267]
2019-09-16 23:35:34,392 [grpc-default-executor-1] INFO  client.GrpcClientProtocolClient (GrpcClientProtocolClient.java:onNext(264)) - client-C79DE3E06697->1d6da99a-ba9a-4d72-abd2-d0f1aa02f12f: receive RaftClientReply:client-C79DE3E06697->1d6da99a-ba9a-4d72-abd2-d0f1aa02f12f@group-B29EE812FB58, cid=4147, SUCCESS, logIndex=6271, commits[1d6da99a-ba9a-4d72-abd2-d0f1aa02f12f:c6271, 9dc27687-2024-46ae-8b6e-c9027bfa400e:c6267, 9c9c57da-14dc-454a-b374-789aa5e765a9:c6267]
2019-09-16 23:35:34,406 [grpc-default-executor-0] INFO  client.GrpcClientProtocolClient (GrpcClientProtocolClient.java:onNext(264)) - client-C79DE3E06697->1d6da99a-ba9a-4d72-abd2-d0f1aa02f12f: receive RaftClientReply:client-C79DE3E06697->1d6da99a-ba9a-4d72-abd2-d0f1aa02f12f@group-B29EE812FB58, cid=4148, SUCCESS, logIndex=0, commits[1d6da99a-ba9a-4d72-abd2-d0f1aa02f12f:c6273, 9dc27687-2024-46ae-8b6e-c9027bfa400e:c6269, 9c9c57da-14dc-454a-b374-789aa5e765a9:c6269]
2019-09-16 23:35:34,424 [grpc-default-executor-3] INFO  client.GrpcClientProtocolClient (GrpcClientProtocolClient.java:onNext(264)) - client-C79DE3E06697->1d6da99a-ba9a-4d72-abd2-d0f1aa02f12f: receive RaftClientReply:client-C79DE3E06697->1d6da99a-ba9a-4d72-abd2-d0f1aa02f12f@group-B29EE812FB58, cid=4149, SUCCESS, logIndex=6276, commits[1d6da99a-ba9a-4d72-abd2-d0f1aa02f12f:c6277, 9dc27687-2024-46ae-8b6e-c9027bfa400e:c6275, 9c9c57da-14dc-454a-b374-789aa5e765a9:c6275]
2019-09-16 23:35:34,424 [grpc-default-executor-3] INFO  client.GrpcClientProtocolClient (GrpcClientProtocolClient.java:onNext(264)) - client-C79DE3E06697->1d6da99a-ba9a-4d72-abd2-d0f1aa02f12f: receive RaftClientReply:client-C79DE3E06697->1d6da99a-ba9a-4d72-abd2-d0f1aa02f12f@group-B29EE812FB58, cid=4150, SUCCESS, logIndex=6277, commits[1d6da99a-ba9a-4d72-abd2-d0f1aa02f12f:c6277, 9dc27687-2024-46ae-8b6e-c9027bfa400e:c6275, 9c9c57da-14dc-454a-b374-789aa5e765a9:c6275]
2019-09-16 23:35:34,442 [grpc-default-executor-0] INFO  client.GrpcClientProtocolClient (GrpcClientProtocolClient.java:onNext(264)) - client-C79DE3E06697->1d6da99a-ba9a-4d72-abd2-d0f1aa02f12f: receive RaftClientReply:client-C79DE3E06697->1d6da99a-ba9a-4d72-abd2-d0f1aa02f12f@group-B29EE812FB58, cid=4151, SUCCESS, logIndex=6280, commits[1d6da99a-ba9a-4d72-abd2-d0f1aa02f12f:c6280, 9dc27687-2024-46ae-8b6e-c9027bfa400e:c6278, 9c9c57da-14dc-454a-b374-789aa5e765a9:c6278]
2019-09-16 23:35:34,442 [grpc-default-executor-0] INFO  client.GrpcClientProtocolClient (GrpcClientProtocolClient.java:onNext(264)) - client-C79DE3E06697->1d6da99a-ba9a-4d72-abd2-d0f1aa02f12f: receive RaftClientReply:client-C79DE3E06697->1d6da99a-ba9a-4d72-abd2-d0f1aa02f12f@group-B29EE812FB58, cid=4152, SUCCESS, logIndex=6281, commits[1d6da99a-ba9a-4d72-abd2-d0f1aa02f12f:c6281, 9dc27687-2024-46ae-8b6e-c9027bfa400e:c6278, 9c9c57da-14dc-454a-b374-789aa5e765a9:c6278]
2019-09-16 23:35:34,444 [grpc-default-executor-0] INFO  client.GrpcClientProtocolClient (GrpcClientProtocolClient.java:onNext(264)) - client-C79DE3E06697->1d6da99a-ba9a-4d72-abd2-d0f1aa02f12f: receive RaftClientReply:client-C79DE3E06697->1d6da99a-ba9a-4d72-abd2-d0f1aa02f12f@group-B29EE812FB58, cid=4153, SUCCESS, logIndex=0, commits[1d6da99a-ba9a-4d72-abd2-d0f1aa02f12f:c6283, 9dc27687-2024-46ae-8b6e-c9027bfa400e:c6281, 9c9c57da-14dc-454a-b374-789aa5e765a9:c6281]
2019-09-16 23:35:34,463 [grpc-default-executor-1] INFO  client.GrpcClientProtocolClient (GrpcClientProtocolClient.java:onNext(264)) - client-C79DE3E06697->1d6da99a-ba9a-4d72-abd2-d0f1aa02f12f: receive RaftClientReply:client-C79DE3E06697->1d6da99a-ba9a-4d72-abd2-d0f1aa02f12f@group-B29EE812FB58, cid=4154, SUCCESS, logIndex=6284, commits[1d6da99a-ba9a-4d72-abd2-d0f1aa02f12f:c6285, 9dc27687-2024-46ae-8b6e-c9027bfa400e:c6281, 9c9c57da-14dc-454a-b374-789aa5e765a9:c6283]
2019-09-16 23:35:34,464 [grpc-default-executor-1] INFO  client.GrpcClientProtocolClient (GrpcClientProtocolClient.java:onNext(264)) - client-C79DE3E06697->1d6da99a-ba9a-4d72-abd2-d0f1aa02f12f: receive RaftClientReply:client-C79DE3E06697->1d6da99a-ba9a-4d72-abd2-d0f1aa02f12f@group-B29EE812FB58, cid=4155, SUCCESS, logIndex=6285, commits[1d6da99a-ba9a-4d72-abd2-d0f1aa02f12f:c6285, 9dc27687-2024-46ae-8b6e-c9027bfa400e:c6281, 9c9c57da-14dc-454a-b374-789aa5e765a9:c6283]
2019-09-16 23:35:34,464 [grpc-default-executor-3] INFO  client.GrpcClientProtocolClient (GrpcClientProtocolClient.java:onNext(264)) - client-C79DE3E06697->1d6da99a-ba9a-4d72-abd2-d0f1aa02f12f: receive RaftClientReply:client-C79DE3E06697->1d6da99a-ba9a-4d72-abd2-d0f1aa02f12f@group-B29EE812FB58, cid=4156, SUCCESS, logIndex=6286, commits[1d6da99a-ba9a-4d72-abd2-d0f1aa02f12f:c6287, 9dc27687-2024-46ae-8b6e-c9027bfa400e:c6283, 9c9c57da-14dc-454a-b374-789aa5e765a9:c6283]
2019-09-16 23:35:34,465 [grpc-default-executor-3] INFO  client.GrpcClientProtocolClient (GrpcClientProtocolClient.java:onNext(264)) - client-C79DE3E06697->1d6da99a-ba9a-4d72-abd2-d0f1aa02f12f: receive RaftClientReply:client-C79DE3E06697->1d6da99a-ba9a-4d72-abd2-d0f1aa02f12f@group-B29EE812FB58, cid=4157, SUCCESS, logIndex=6287, commits[1d6da99a-ba9a-4d72-abd2-d0f1aa02f12f:c6287, 9dc27687-2024-46ae-8b6e-c9027bfa400e:c6283, 9c9c57da-14dc-454a-b374-789aa5e765a9:c6283]
2019-09-16 23:35:34,465 [grpc-default-executor-1] INFO  client.GrpcClientProtocolClient (GrpcClientProtocolClient.java:onNext(264)) - client-C79DE3E06697->1d6da99a-ba9a-4d72-abd2-d0f1aa02f12f: receive RaftClientReply:client-C79DE3E06697->1d6da99a-ba9a-4d72-abd2-d0f1aa02f12f@group-B29EE812FB58, cid=4158, SUCCESS, logIndex=0, commits[1d6da99a-ba9a-4d72-abd2-d0f1aa02f12f:c6289, 9dc27687-2024-46ae-8b6e-c9027bfa400e:c6285, 9c9c57da-14dc-454a-b374-789aa5e765a9:c6285]
2019-09-16 23:35:34,482 [grpc-default-executor-3] INFO  client.GrpcClientProtocolClient (GrpcClientProtocolClient.java:onNext(264)) - client-C79DE3E06697->1d6da99a-ba9a-4d72-abd2-d0f1aa02f12f: receive RaftClientReply:client-C79DE3E06697->1d6da99a-ba9a-4d72-abd2-d0f1aa02f12f@group-B29EE812FB58, cid=4159, SUCCESS, logIndex=6292, commits[1d6da99a-ba9a-4d72-abd2-d0f1aa02f12f:c6293, 9dc27687-2024-46ae-8b6e-c9027bfa400e:c6291, 9c9c57da-14dc-454a-b374-789aa5e765a9:c6291]
2019-09-16 23:35:34,482 [grpc-default-executor-3] INFO  client.GrpcClientProtocolClient (GrpcClientProtocolClient.java:onNext(264)) - client-C79DE3E06697->1d6da99a-ba9a-4d72-abd2-d0f1aa02f12f: receive RaftClientReply:client-C79DE3E06697->1d6da99a-ba9a-4d72-abd2-d0f1aa02f12f@group-B29EE812FB58, cid=4160, SUCCESS, logIndex=6293, commits[1d6da99a-ba9a-4d72-abd2-d0f1aa02f12f:c6293, 9dc27687-2024-46ae-8b6e-c9027bfa400e:c6291, 9c9c57da-14dc-454a-b374-789aa5e765a9:c6291]
2019-09-16 23:35:34,491 [grpc-default-executor-1] INFO  client.GrpcClientProtocolClient (GrpcClientProtocolClient.java:onNext(264)) - client-C79DE3E06697->1d6da99a-ba9a-4d72-abd2-d0f1aa02f12f: receive RaftClientReply:client-C79DE3E06697->1d6da99a-ba9a-4d72-abd2-d0f1aa02f12f@group-B29EE812FB58, cid=4161, SUCCESS, logIndex=6296, commits[1d6da99a-ba9a-4d72-abd2-d0f1aa02f12f:c6297, 9dc27687-2024-46ae-8b6e-c9027bfa400e:c6293, 9c9c57da-14dc-454a-b374-789aa5e765a9:c6295]
2019-09-16 23:35:34,492 [grpc-default-executor-1] INFO  client.GrpcClientProtocolClient (GrpcClientProtocolClient.java:onNext(264)) - client-C79DE3E06697->1d6da99a-ba9a-4d72-abd2-d0f1aa02f12f: receive RaftClientReply:client-C79DE3E06697->1d6da99a-ba9a-4d72-abd2-d0f1aa02f12f@group-B29EE812FB58, cid=4162, SUCCESS, logIndex=6297, commits[1d6da99a-ba9a-4d72-abd2-d0f1aa02f12f:c6297, 9dc27687-2024-46ae-8b6e-c9027bfa400e:c6294, 9c9c57da-14dc-454a-b374-789aa5e765a9:c6295]
2019-09-16 23:35:34,494 [grpc-default-executor-1] INFO  client.GrpcClientProtocolClient (GrpcClientProtocolClient.java:onNext(264)) - client-C79DE3E06697->1d6da99a-ba9a-4d72-abd2-d0f1aa02f12f: receive RaftClientReply:client-C79DE3E06697->1d6da99a-ba9a-4d72-abd2-d0f1aa02f12f@group-B29EE812FB58, cid=4163, SUCCESS, logIndex=0, commits[1d6da99a-ba9a-4d72-abd2-d0f1aa02f12f:c6298, 9dc27687-2024-46ae-8b6e-c9027bfa400e:c6297, 9c9c57da-14dc-454a-b374-789aa5e765a9:c6297]
2019-09-16 23:35:34,532 [grpc-default-executor-1] INFO  client.GrpcClientProtocolClient (GrpcClientProtocolClient.java:onNext(264)) - client-C79DE3E06697->1d6da99a-ba9a-4d72-abd2-d0f1aa02f12f: receive RaftClientReply:client-C79DE3E06697->1d6da99a-ba9a-4d72-abd2-d0f1aa02f12f@group-B29EE812FB58, cid=4164, SUCCESS, logIndex=6300, commits[1d6da99a-ba9a-4d72-abd2-d0f1aa02f12f:c6301, 9dc27687-2024-46ae-8b6e-c9027bfa400e:c6297, 9c9c57da-14dc-454a-b374-789aa5e765a9:c6299]
2019-09-16 23:35:34,532 [grpc-default-executor-1] INFO  client.GrpcClientProtocolClient (GrpcClientProtocolClient.java:onNext(264)) - client-C79DE3E06697->1d6da99a-ba9a-4d72-abd2-d0f1aa02f12f: receive RaftClientReply:client-C79DE3E06697->1d6da99a-ba9a-4d72-abd2-d0f1aa02f12f@group-B29EE812FB58, cid=4165, SUCCESS, logIndex=6301, commits[1d6da99a-ba9a-4d72-abd2-d0f1aa02f12f:c6301, 9dc27687-2024-46ae-8b6e-c9027bfa400e:c6299, 9c9c57da-14dc-454a-b374-789aa5e765a9:c6299]
2019-09-16 23:35:34,533 [grpc-default-executor-1] INFO  client.GrpcClientProtocolClient (GrpcClientProtocolClient.java:onNext(264)) - client-C79DE3E06697->1d6da99a-ba9a-4d72-abd2-d0f1aa02f12f: receive RaftClientReply:client-C79DE3E06697->1d6da99a-ba9a-4d72-abd2-d0f1aa02f12f@group-B29EE812FB58, cid=4166, SUCCESS, logIndex=6302, commits[1d6da99a-ba9a-4d72-abd2-d0f1aa02f12f:c6303, 9dc27687-2024-46ae-8b6e-c9027bfa400e:c6299, 9c9c57da-14dc-454a-b374-789aa5e765a9:c6299]
2019-09-16 23:35:34,533 [grpc-default-executor-1] INFO  client.GrpcClientProtocolClient (GrpcClientProtocolClient.java:onNext(264)) - client-C79DE3E06697->1d6da99a-ba9a-4d72-abd2-d0f1aa02f12f: receive RaftClientReply:client-C79DE3E06697->1d6da99a-ba9a-4d72-abd2-d0f1aa02f12f@group-B29EE812FB58, cid=4167, SUCCESS, logIndex=6303, commits[1d6da99a-ba9a-4d72-abd2-d0f1aa02f12f:c6303, 9dc27687-2024-46ae-8b6e-c9027bfa400e:c6299, 9c9c57da-14dc-454a-b374-789aa5e765a9:c6299]
2019-09-16 23:35:34,534 [grpc-default-executor-1] INFO  client.GrpcClientProtocolClient (GrpcClientProtocolClient.java:onNext(264)) - client-C79DE3E06697->1d6da99a-ba9a-4d72-abd2-d0f1aa02f12f: receive RaftClientReply:client-C79DE3E06697->1d6da99a-ba9a-4d72-abd2-d0f1aa02f12f@group-B29EE812FB58, cid=4168, SUCCESS, logIndex=0, commits[1d6da99a-ba9a-4d72-abd2-d0f1aa02f12f:c6303, 9dc27687-2024-46ae-8b6e-c9027bfa400e:c6301, 9c9c57da-14dc-454a-b374-789aa5e765a9:c6301]
2019-09-16 23:35:34,548 [grpc-default-executor-0] INFO  client.GrpcClientProtocolClient (GrpcClientProtocolClient.java:onNext(264)) - client-C79DE3E06697->1d6da99a-ba9a-4d72-abd2-d0f1aa02f12f: receive RaftClientReply:client-C79DE3E06697->1d6da99a-ba9a-4d72-abd2-d0f1aa02f12f@group-B29EE812FB58, cid=4169, SUCCESS, logIndex=6308, commits[1d6da99a-ba9a-4d72-abd2-d0f1aa02f12f:c6308, 9dc27687-2024-46ae-8b6e-c9027bfa400e:c6307, 9c9c57da-14dc-454a-b374-789aa5e765a9:c6307]
2019-09-16 23:35:34,548 [grpc-default-executor-0] INFO  client.GrpcClientProtocolClient (GrpcClientProtocolClient.java:onNext(264)) - client-C79DE3E06697->1d6da99a-ba9a-4d72-abd2-d0f1aa02f12f: receive RaftClientReply:client-C79DE3E06697->1d6da99a-ba9a-4d72-abd2-d0f1aa02f12f@group-B29EE812FB58, cid=4170, SUCCESS, logIndex=6309, commits[1d6da99a-ba9a-4d72-abd2-d0f1aa02f12f:c6309, 9dc27687-2024-46ae-8b6e-c9027bfa400e:c6307, 9c9c57da-14dc-454a-b374-789aa5e765a9:c6307]
2019-09-16 23:35:34,890 [grpc-default-executor-3] INFO  client.GrpcClientProtocolClient (GrpcClientProtocolClient.java:onNext(264)) - client-C79DE3E06697->1d6da99a-ba9a-4d72-abd2-d0f1aa02f12f: receive RaftClientReply:client-C79DE3E06697->1d6da99a-ba9a-4d72-abd2-d0f1aa02f12f@group-B29EE812FB58, cid=4171, SUCCESS, logIndex=6312, commits[1d6da99a-ba9a-4d72-abd2-d0f1aa02f12f:c6313, 9dc27687-2024-46ae-8b6e-c9027bfa400e:c6311, 9c9c57da-14dc-454a-b374-789aa5e765a9:c6311]
2019-09-16 23:35:34,890 [grpc-default-executor-3] INFO  client.GrpcClientProtocolClient (GrpcClientProtocolClient.java:onNext(264)) - client-C79DE3E06697->1d6da99a-ba9a-4d72-abd2-d0f1aa02f12f: receive RaftClientReply:client-C79DE3E06697->1d6da99a-ba9a-4d72-abd2-d0f1aa02f12f@group-B29EE812FB58, cid=4172, SUCCESS, logIndex=6313, commits[1d6da99a-ba9a-4d72-abd2-d0f1aa02f12f:c6313, 9dc27687-2024-46ae-8b6e-c9027bfa400e:c6311, 9c9c57da-14dc-454a-b374-789aa5e765a9:c6311]
2019-09-16 23:35:34,904 [grpc-default-executor-3] INFO  client.GrpcClientProtocolClient (GrpcClientProtocolClient.java:onNext(264)) - client-C79DE3E06697->1d6da99a-ba9a-4d72-abd2-d0f1aa02f12f: receive RaftClientReply:client-C79DE3E06697->1d6da99a-ba9a-4d72-abd2-d0f1aa02f12f@group-B29EE812FB58, cid=4173, SUCCESS, logIndex=0, commits[1d6da99a-ba9a-4d72-abd2-d0f1aa02f12f:c6315, 9dc27687-2024-46ae-8b6e-c9027bfa400e:c6313, 9c9c57da-14dc-454a-b374-789aa5e765a9:c6313]
2019-09-16 23:35:34,941 [grpc-default-executor-0] INFO  client.GrpcClientProtocolClient (GrpcClientProtocolClient.java:onNext(264)) - client-C79DE3E06697->1d6da99a-ba9a-4d72-abd2-d0f1aa02f12f: receive RaftClientReply:client-C79DE3E06697->1d6da99a-ba9a-4d72-abd2-d0f1aa02f12f@group-B29EE812FB58, cid=4174, SUCCESS, logIndex=6316, commits[1d6da99a-ba9a-4d72-abd2-d0f1aa02f12f:c6317, 9dc27687-2024-46ae-8b6e-c9027bfa400e:c6315, 9c9c57da-14dc-454a-b374-789aa5e765a9:c6315]
2019-09-16 23:35:34,942 [grpc-default-executor-0] INFO  client.GrpcClientProtocolClient (GrpcClientProtocolClient.java:onNext(264)) - client-C79DE3E06697->1d6da99a-ba9a-4d72-abd2-d0f1aa02f12f: receive RaftClientReply:client-C79DE3E06697->1d6da99a-ba9a-4d72-abd2-d0f1aa02f12f@group-B29EE812FB58, cid=4175, SUCCESS, logIndex=6317, commits[1d6da99a-ba9a-4d72-abd2-d0f1aa02f12f:c6319, 9dc27687-2024-46ae-8b6e-c9027bfa400e:c6315, 9c9c57da-14dc-454a-b374-789aa5e765a9:c6315]
2019-09-16 23:35:34,942 [grpc-default-executor-0] INFO  client.GrpcClientProtocolClient (GrpcClientProtocolClient.java:onNext(264)) - client-C79DE3E06697->1d6da99a-ba9a-4d72-abd2-d0f1aa02f12f: receive RaftClientReply:client-C79DE3E06697->1d6da99a-ba9a-4d72-abd2-d0f1aa02f12f@group-B29EE812FB58, cid=4176, SUCCESS, logIndex=6318, commits[1d6da99a-ba9a-4d72-abd2-d0f1aa02f12f:c6319, 9dc27687-2024-46ae-8b6e-c9027bfa400e:c6315, 9c9c57da-14dc-454a-b374-789aa5e765a9:c6315]
2019-09-16 23:35:34,943 [grpc-default-executor-3] INFO  client.GrpcClientProtocolClient (GrpcClientProtocolClient.java:onNext(264)) - client-C79DE3E06697->1d6da99a-ba9a-4d72-abd2-d0f1aa02f12f: receive RaftClientReply:client-C79DE3E06697->1d6da99a-ba9a-4d72-abd2-d0f1aa02f12f@group-B29EE812FB58, cid=4177, SUCCESS, logIndex=6319, commits[1d6da99a-ba9a-4d72-abd2-d0f1aa02f12f:c6320, 9dc27687-2024-46ae-8b6e-c9027bfa400e:c6315, 9c9c57da-14dc-454a-b374-789aa5e765a9:c6316]
2019-09-16 23:35:34,946 [grpc-default-executor-0] INFO  client.GrpcClientProtocolClient (GrpcClientProtocolClient.java:onNext(264)) - client-C79DE3E06697->1d6da99a-ba9a-4d72-abd2-d0f1aa02f12f: receive RaftClientReply:client-C79DE3E06697->1d6da99a-ba9a-4d72-abd2-d0f1aa02f12f@group-B29EE812FB58, cid=4178, SUCCESS, logIndex=0, commits[1d6da99a-ba9a-4d72-abd2-d0f1aa02f12f:c6323, 9dc27687-2024-46ae-8b6e-c9027bfa400e:c6317, 9c9c57da-14dc-454a-b374-789aa5e765a9:c6319]
2019-09-16 23:35:34,966 [grpc-default-executor-3] INFO  client.GrpcClientProtocolClient (GrpcClientProtocolClient.java:onNext(264)) - client-C79DE3E06697->1d6da99a-ba9a-4d72-abd2-d0f1aa02f12f: receive RaftClientReply:client-C79DE3E06697->1d6da99a-ba9a-4d72-abd2-d0f1aa02f12f@group-B29EE812FB58, cid=4179, SUCCESS, logIndex=6324, commits[1d6da99a-ba9a-4d72-abd2-d0f1aa02f12f:c6324, 9dc27687-2024-46ae-8b6e-c9027bfa400e:c6323, 9c9c57da-14dc-454a-b374-789aa5e765a9:c6323]
 0.00% |█                                                                                                    |  0/1 Time: 0:00:522019-09-16 23:35:34,967 [grpc-default-executor-3] INFO  client.GrpcClientProtocolClient (GrpcClientProtocolClient.java:onNext(264)) - client-C79DE3E06697->1d6da99a-ba9a-4d72-abd2-d0f1aa02f12f: receive RaftClientReply:client-C79DE3E06697->1d6da99a-ba9a-4d72-abd2-d0f1aa02f12f@group-B29EE812FB58, cid=4180, SUCCESS, logIndex=6325, commits[1d6da99a-ba9a-4d72-abd2-d0f1aa02f12f:c6325, 9dc27687-2024-46ae-8b6e-c9027bfa400e:c6323, 9c9c57da-14dc-454a-b374-789aa5e765a9:c6323]
2019-09-16 23:35:34,981 [grpc-default-executor-1] INFO  client.GrpcClientProtocolClient (GrpcClientProtocolClient.java:onNext(264)) - client-C79DE3E06697->1d6da99a-ba9a-4d72-abd2-d0f1aa02f12f: receive RaftClientReply:client-C79DE3E06697->1d6da99a-ba9a-4d72-abd2-d0f1aa02f12f@group-B29EE812FB58, cid=4181, SUCCESS, logIndex=6328, commits[1d6da99a-ba9a-4d72-abd2-d0f1aa02f12f:c6329, 9dc27687-2024-46ae-8b6e-c9027bfa400e:c6325, 9c9c57da-14dc-454a-b374-789aa5e765a9:c6325]
2019-09-16 23:35:34,982 [grpc-default-executor-1] INFO  client.GrpcClientProtocolClient (GrpcClientProtocolClient.java:onNext(264)) - client-C79DE3E06697->1d6da99a-ba9a-4d72-abd2-d0f1aa02f12f: receive RaftClientReply:client-C79DE3E06697->1d6da99a-ba9a-4d72-abd2-d0f1aa02f12f@group-B29EE812FB58, cid=4182, SUCCESS, logIndex=6329, commits[1d6da99a-ba9a-4d72-abd2-d0f1aa02f12f:c6329, 9dc27687-2024-46ae-8b6e-c9027bfa400e:c6325, 9c9c57da-14dc-454a-b374-789aa5e765a9:c6325]
2019-09-16 23:35:34,995 [grpc-default-executor-1] INFO  client.GrpcClientProtocolClient (GrpcClientProtocolClient.java:onNext(264)) - client-C79DE3E06697->1d6da99a-ba9a-4d72-abd2-d0f1aa02f12f: receive RaftClientReply:client-C79DE3E06697->1d6da99a-ba9a-4d72-abd2-d0f1aa02f12f@group-B29EE812FB58, cid=4183, SUCCESS, logIndex=0, commits[1d6da99a-ba9a-4d72-abd2-d0f1aa02f12f:c6331, 9dc27687-2024-46ae-8b6e-c9027bfa400e:c6329, 9c9c57da-14dc-454a-b374-789aa5e765a9:c6329]
2019-09-16 23:35:35,029 [grpc-default-executor-3] INFO  client.GrpcClientProtocolClient (GrpcClientProtocolClient.java:onNext(264)) - client-C79DE3E06697->1d6da99a-ba9a-4d72-abd2-d0f1aa02f12f: receive RaftClientReply:client-C79DE3E06697->1d6da99a-ba9a-4d72-abd2-d0f1aa02f12f@group-B29EE812FB58, cid=4184, SUCCESS, logIndex=6332, commits[1d6da99a-ba9a-4d72-abd2-d0f1aa02f12f:c6333, 9dc27687-2024-46ae-8b6e-c9027bfa400e:c6331, 9c9c57da-14dc-454a-b374-789aa5e765a9:c6331]
2019-09-16 23:35:35,030 [grpc-default-executor-3] INFO  client.GrpcClientProtocolClient (GrpcClientProtocolClient.java:onNext(264)) - client-C79DE3E06697->1d6da99a-ba9a-4d72-abd2-d0f1aa02f12f: receive RaftClientReply:client-C79DE3E06697->1d6da99a-ba9a-4d72-abd2-d0f1aa02f12f@group-B29EE812FB58, cid=4185, SUCCESS, logIndex=6333, commits[1d6da99a-ba9a-4d72-abd2-d0f1aa02f12f:c6335, 9dc27687-2024-46ae-8b6e-c9027bfa400e:c6331, 9c9c57da-14dc-454a-b374-789aa5e765a9:c6331]
2019-09-16 23:35:35,030 [grpc-default-executor-3] INFO  client.GrpcClientProtocolClient (GrpcClientProtocolClient.java:onNext(264)) - client-C79DE3E06697->1d6da99a-ba9a-4d72-abd2-d0f1aa02f12f: receive RaftClientReply:client-C79DE3E06697->1d6da99a-ba9a-4d72-abd2-d0f1aa02f12f@group-B29EE812FB58, cid=4186, SUCCESS, logIndex=6334, commits[1d6da99a-ba9a-4d72-abd2-d0f1aa02f12f:c6335, 9dc27687-2024-46ae-8b6e-c9027bfa400e:c6331, 9c9c57da-14dc-454a-b374-789aa5e765a9:c6331]
2019-09-16 23:35:35,030 [grpc-default-executor-3] INFO  client.GrpcClientProtocolClient (GrpcClientProtocolClient.java:onNext(264)) - client-C79DE3E06697->1d6da99a-ba9a-4d72-abd2-d0f1aa02f12f: receive RaftClientReply:client-C79DE3E06697->1d6da99a-ba9a-4d72-abd2-d0f1aa02f12f@group-B29EE812FB58, cid=4187, SUCCESS, logIndex=6335, commits[1d6da99a-ba9a-4d72-abd2-d0f1aa02f12f:c6335, 9dc27687-2024-46ae-8b6e-c9027bfa400e:c6331, 9c9c57da-14dc-454a-b374-789aa5e765a9:c6331]
2019-09-16 23:35:35,033 [grpc-default-executor-3] INFO  client.GrpcClientProtocolClient (GrpcClientProtocolClient.java:onNext(264)) - client-C79DE3E06697->1d6da99a-ba9a-4d72-abd2-d0f1aa02f12f: receive RaftClientReply:client-C79DE3E06697->1d6da99a-ba9a-4d72-abd2-d0f1aa02f12f@group-B29EE812FB58, cid=4188, SUCCESS, logIndex=0, commits[1d6da99a-ba9a-4d72-abd2-d0f1aa02f12f:c6338, 9dc27687-2024-46ae-8b6e-c9027bfa400e:c6334, 9c9c57da-14dc-454a-b374-789aa5e765a9:c6333]
2019-09-16 23:35:35,047 [grpc-default-executor-1] INFO  client.GrpcClientProtocolClient (GrpcClientProtocolClient.java:onNext(264)) - client-C79DE3E06697->1d6da99a-ba9a-4d72-abd2-d0f1aa02f12f: receive RaftClientReply:client-C79DE3E06697->1d6da99a-ba9a-4d72-abd2-d0f1aa02f12f@group-B29EE812FB58, cid=4189, SUCCESS, logIndex=6340, commits[1d6da99a-ba9a-4d72-abd2-d0f1aa02f12f:c6341, 9dc27687-2024-46ae-8b6e-c9027bfa400e:c6339, 9c9c57da-14dc-454a-b374-789aa5e765a9:c6339]
2019-09-16 23:35:35,047 [grpc-default-executor-1] INFO  client.GrpcClientProtocolClient (GrpcClientProtocolClient.java:onNext(264)) - client-C79DE3E06697->1d6da99a-ba9a-4d72-abd2-d0f1aa02f12f: receive RaftClientReply:client-C79DE3E06697->1d6da99a-ba9a-4d72-abd2-d0f1aa02f12f@group-B29EE812FB58, cid=4190, SUCCESS, logIndex=6341, commits[1d6da99a-ba9a-4d72-abd2-d0f1aa02f12f:c6341, 9dc27687-2024-46ae-8b6e-c9027bfa400e:c6339, 9c9c57da-14dc-454a-b374-789aa5e765a9:c6339]
2019-09-16 23:35:35,065 [grpc-default-executor-3] INFO  client.GrpcClientProtocolClient (GrpcClientProtocolClient.java:onNext(264)) - client-C79DE3E06697->1d6da99a-ba9a-4d72-abd2-d0f1aa02f12f: receive RaftClientReply:client-C79DE3E06697->1d6da99a-ba9a-4d72-abd2-d0f1aa02f12f@group-B29EE812FB58, cid=4191, SUCCESS, logIndex=6344, commits[1d6da99a-ba9a-4d72-abd2-d0f1aa02f12f:c6344, 9dc27687-2024-46ae-8b6e-c9027bfa400e:c6341, 9c9c57da-14dc-454a-b374-789aa5e765a9:c6341]
2019-09-16 23:35:35,066 [grpc-default-executor-3] INFO  client.GrpcClientProtocolClient (GrpcClientProtocolClient.java:onNext(264)) - client-C79DE3E06697->1d6da99a-ba9a-4d72-abd2-d0f1aa02f12f: receive RaftClientReply:client-C79DE3E06697->1d6da99a-ba9a-4d72-abd2-d0f1aa02f12f@group-B29EE812FB58, cid=4192, SUCCESS, logIndex=6345, commits[1d6da99a-ba9a-4d72-abd2-d0f1aa02f12f:c6345, 9dc27687-2024-46ae-8b6e-c9027bfa400e:c6341, 9c9c57da-14dc-454a-b374-789aa5e765a9:c6341]
2019-09-16 23:35:35,087 [grpc-default-executor-1] INFO  client.GrpcClientProtocolClient (GrpcClientProtocolClient.java:onNext(264)) - client-C79DE3E06697->1d6da99a-ba9a-4d72-abd2-d0f1aa02f12f: receive RaftClientReply:client-C79DE3E06697->1d6da99a-ba9a-4d72-abd2-d0f1aa02f12f@group-B29EE812FB58, cid=4193, SUCCESS, logIndex=0, commits[1d6da99a-ba9a-4d72-abd2-d0f1aa02f12f:c6346, 9dc27687-2024-46ae-8b6e-c9027bfa400e:c6345, 9c9c57da-14dc-454a-b374-789aa5e765a9:c6345]
2019-09-16 23:35:35,117 [grpc-default-executor-1] INFO  client.GrpcClientProtocolClient (GrpcClientProtocolClient.java:onNext(264)) - client-C79DE3E06697->1d6da99a-ba9a-4d72-abd2-d0f1aa02f12f: receive RaftClientReply:client-C79DE3E06697->1d6da99a-ba9a-4d72-abd2-d0f1aa02f12f@group-B29EE812FB58, cid=4194, SUCCESS, logIndex=6348, commits[1d6da99a-ba9a-4d72-abd2-d0f1aa02f12f:c6350, 9dc27687-2024-46ae-8b6e-c9027bfa400e:c6347, 9c9c57da-14dc-454a-b374-789aa5e765a9:c6347]
2019-09-16 23:35:35,117 [grpc-default-executor-1] INFO  client.GrpcClientProtocolClient (GrpcClientProtocolClient.java:onNext(264)) - client-C79DE3E06697->1d6da99a-ba9a-4d72-abd2-d0f1aa02f12f: receive RaftClientReply:client-C79DE3E06697->1d6da99a-ba9a-4d72-abd2-d0f1aa02f12f@group-B29EE812FB58, cid=4195, SUCCESS, logIndex=6349, commits[1d6da99a-ba9a-4d72-abd2-d0f1aa02f12f:c6351, 9dc27687-2024-46ae-8b6e-c9027bfa400e:c6347, 9c9c57da-14dc-454a-b374-789aa5e765a9:c6347]
2019-09-16 23:35:35,118 [grpc-default-executor-3] INFO  client.GrpcClientProtocolClient (GrpcClientProtocolClient.java:onNext(264)) - client-C79DE3E06697->1d6da99a-ba9a-4d72-abd2-d0f1aa02f12f: receive RaftClientReply:client-C79DE3E06697->1d6da99a-ba9a-4d72-abd2-d0f1aa02f12f@group-B29EE812FB58, cid=4196, SUCCESS, logIndex=6350, commits[1d6da99a-ba9a-4d72-abd2-d0f1aa02f12f:c6351, 9dc27687-2024-46ae-8b6e-c9027bfa400e:c6347, 9c9c57da-14dc-454a-b374-789aa5e765a9:c6347]
2019-09-16 23:35:35,118 [grpc-default-executor-3] INFO  client.GrpcClientProtocolClient (GrpcClientProtocolClient.java:onNext(264)) - client-C79DE3E06697->1d6da99a-ba9a-4d72-abd2-d0f1aa02f12f: receive RaftClientReply:client-C79DE3E06697->1d6da99a-ba9a-4d72-abd2-d0f1aa02f12f@group-B29EE812FB58, cid=4197, SUCCESS, logIndex=6351, commits[1d6da99a-ba9a-4d72-abd2-d0f1aa02f12f:c6351, 9dc27687-2024-46ae-8b6e-c9027bfa400e:c6347, 9c9c57da-14dc-454a-b374-789aa5e765a9:c6347]
2019-09-16 23:35:35,132 [grpc-default-executor-3] INFO  client.GrpcClientProtocolClient (GrpcClientProtocolClient.java:onNext(264)) - client-C79DE3E06697->1d6da99a-ba9a-4d72-abd2-d0f1aa02f12f: receive RaftClientReply:client-C79DE3E06697->1d6da99a-ba9a-4d72-abd2-d0f1aa02f12f@group-B29EE812FB58, cid=4198, SUCCESS, logIndex=0, commits[1d6da99a-ba9a-4d72-abd2-d0f1aa02f12f:c6355, 9dc27687-2024-46ae-8b6e-c9027bfa400e:c6349, 9c9c57da-14dc-454a-b374-789aa5e765a9:c6351]
2019-09-16 23:35:35,151 [grpc-default-executor-6] INFO  client.GrpcClientProtocolClient (GrpcClientProtocolClient.java:onNext(264)) - client-C79DE3E06697->1d6da99a-ba9a-4d72-abd2-d0f1aa02f12f: receive RaftClientReply:client-C79DE3E06697->1d6da99a-ba9a-4d72-abd2-d0f1aa02f12f@group-B29EE812FB58, cid=4199, SUCCESS, logIndex=6356, commits[1d6da99a-ba9a-4d72-abd2-d0f1aa02f12f:c6357, 9dc27687-2024-46ae-8b6e-c9027bfa400e:c6355, 9c9c57da-14dc-454a-b374-789aa5e765a9:c6355]
2019-09-16 23:35:35,151 [grpc-default-executor-6] INFO  client.GrpcClientProtocolClient (GrpcClientProtocolClient.java:onNext(264)) - client-C79DE3E06697->1d6da99a-ba9a-4d72-abd2-d0f1aa02f12f: receive RaftClientReply:client-C79DE3E06697->1d6da99a-ba9a-4d72-abd2-d0f1aa02f12f@group-B29EE812FB58, cid=4200, SUCCESS, logIndex=6357, commits[1d6da99a-ba9a-4d72-abd2-d0f1aa02f12f:c6357, 9dc27687-2024-46ae-8b6e-c9027bfa400e:c6355, 9c9c57da-14dc-454a-b374-789aa5e765a9:c6355]
2019-09-16 23:35:35,166 [grpc-default-executor-3] INFO  client.GrpcClientProtocolClient (GrpcClientProtocolClient.java:onNext(264)) - client-C79DE3E06697->1d6da99a-ba9a-4d72-abd2-d0f1aa02f12f: receive RaftClientReply:client-C79DE3E06697->1d6da99a-ba9a-4d72-abd2-d0f1aa02f12f@group-B29EE812FB58, cid=4201, SUCCESS, logIndex=6360, commits[1d6da99a-ba9a-4d72-abd2-d0f1aa02f12f:c6361, 9dc27687-2024-46ae-8b6e-c9027bfa400e:c6357, 9c9c57da-14dc-454a-b374-789aa5e765a9:c6357]
2019-09-16 23:35:35,166 [grpc-default-executor-3] INFO  client.GrpcClientProtocolClient (GrpcClientProtocolClient.java:onNext(264)) - client-C79DE3E06697->1d6da99a-ba9a-4d72-abd2-d0f1aa02f12f: receive RaftClientReply:client-C79DE3E06697->1d6da99a-ba9a-4d72-abd2-d0f1aa02f12f@group-B29EE812FB58, cid=4202, SUCCESS, logIndex=6361, commits[1d6da99a-ba9a-4d72-abd2-d0f1aa02f12f:c6361, 9dc27687-2024-46ae-8b6e-c9027bfa400e:c6357, 9c9c57da-14dc-454a-b374-789aa5e765a9:c6357]
2019-09-16 23:35:35,178 [grpc-default-executor-1] INFO  client.GrpcClientProtocolClient (GrpcClientProtocolClient.java:onNext(264)) - client-C79DE3E06697->1d6da99a-ba9a-4d72-abd2-d0f1aa02f12f: receive RaftClientReply:client-C79DE3E06697->1d6da99a-ba9a-4d72-abd2-d0f1aa02f12f@group-B29EE812FB58, cid=4203, SUCCESS, logIndex=0, commits[1d6da99a-ba9a-4d72-abd2-d0f1aa02f12f:c6362, 9dc27687-2024-46ae-8b6e-c9027bfa400e:c6361, 9c9c57da-14dc-454a-b374-789aa5e765a9:c6361]
2019-09-16 23:35:35,208 [grpc-default-executor-6] INFO  client.GrpcClientProtocolClient (GrpcClientProtocolClient.java:onNext(264)) - client-C79DE3E06697->1d6da99a-ba9a-4d72-abd2-d0f1aa02f12f: receive RaftClientReply:client-C79DE3E06697->1d6da99a-ba9a-4d72-abd2-d0f1aa02f12f@group-B29EE812FB58, cid=4204, SUCCESS, logIndex=6364, commits[1d6da99a-ba9a-4d72-abd2-d0f1aa02f12f:c6365, 9dc27687-2024-46ae-8b6e-c9027bfa400e:c6363, 9c9c57da-14dc-454a-b374-789aa5e765a9:c6363]
2019-09-16 23:35:35,208 [grpc-default-executor-6] INFO  client.GrpcClientProtocolClient (GrpcClientProtocolClient.java:onNext(264)) - client-C79DE3E06697->1d6da99a-ba9a-4d72-abd2-d0f1aa02f12f: receive RaftClientReply:client-C79DE3E06697->1d6da99a-ba9a-4d72-abd2-d0f1aa02f12f@group-B29EE812FB58, cid=4205, SUCCESS, logIndex=6365, commits[1d6da99a-ba9a-4d72-abd2-d0f1aa02f12f:c6365, 9dc27687-2024-46ae-8b6e-c9027bfa400e:c6363, 9c9c57da-14dc-454a-b374-789aa5e765a9:c6363]
2019-09-16 23:35:35,218 [grpc-default-executor-6] INFO  client.GrpcClientProtocolClient (GrpcClientProtocolClient.java:onNext(264)) - client-C79DE3E06697->1d6da99a-ba9a-4d72-abd2-d0f1aa02f12f: receive RaftClientReply:client-C79DE3E06697->1d6da99a-ba9a-4d72-abd2-d0f1aa02f12f@group-B29EE812FB58, cid=4206, SUCCESS, logIndex=6366, commits[1d6da99a-ba9a-4d72-abd2-d0f1aa02f12f:c6367, 9dc27687-2024-46ae-8b6e-c9027bfa400e:c6363, 9c9c57da-14dc-454a-b374-789aa5e765a9:c6363]
2019-09-16 23:35:35,218 [grpc-default-executor-6] INFO  client.GrpcClientProtocolClient (GrpcClientProtocolClient.java:onNext(264)) - client-C79DE3E06697->1d6da99a-ba9a-4d72-abd2-d0f1aa02f12f: receive RaftClientReply:client-C79DE3E06697->1d6da99a-ba9a-4d72-abd2-d0f1aa02f12f@group-B29EE812FB58, cid=4207, SUCCESS, logIndex=6367, commits[1d6da99a-ba9a-4d72-abd2-d0f1aa02f12f:c6367, 9dc27687-2024-46ae-8b6e-c9027bfa400e:c6363, 9c9c57da-14dc-454a-b374-789aa5e765a9:c6363]
2019-09-16 23:35:35,229 [grpc-default-executor-6] INFO  client.GrpcClientProtocolClient (GrpcClientProtocolClient.java:onNext(264)) - client-C79DE3E06697->1d6da99a-ba9a-4d72-abd2-d0f1aa02f12f: receive RaftClientReply:client-C79DE3E06697->1d6da99a-ba9a-4d72-abd2-d0f1aa02f12f@group-B29EE812FB58, cid=4208, SUCCESS, logIndex=0, commits[1d6da99a-ba9a-4d72-abd2-d0f1aa02f12f:c6369, 9dc27687-2024-46ae-8b6e-c9027bfa400e:c6365, 9c9c57da-14dc-454a-b374-789aa5e765a9:c6365]
2019-09-16 23:35:35,250 [grpc-default-executor-3] INFO  client.GrpcClientProtocolClient (GrpcClientProtocolClient.java:onNext(264)) - client-C79DE3E06697->1d6da99a-ba9a-4d72-abd2-d0f1aa02f12f: receive RaftClientReply:client-C79DE3E06697->1d6da99a-ba9a-4d72-abd2-d0f1aa02f12f@group-B29EE812FB58, cid=4209, SUCCESS, logIndex=6372, commits[1d6da99a-ba9a-4d72-abd2-d0f1aa02f12f:c6373, 9dc27687-2024-46ae-8b6e-c9027bfa400e:c6371, 9c9c57da-14dc-454a-b374-789aa5e765a9:c6371]
2019-09-16 23:35:35,250 [grpc-default-executor-3] INFO  client.GrpcClientProtocolClient (GrpcClientProtocolClient.java:onNext(264)) - client-C79DE3E06697->1d6da99a-ba9a-4d72-abd2-d0f1aa02f12f: receive RaftClientReply:client-C79DE3E06697->1d6da99a-ba9a-4d72-abd2-d0f1aa02f12f@group-B29EE812FB58, cid=4210, SUCCESS, logIndex=6373, commits[1d6da99a-ba9a-4d72-abd2-d0f1aa02f12f:c6373, 9dc27687-2024-46ae-8b6e-c9027bfa400e:c6371, 9c9c57da-14dc-454a-b374-789aa5e765a9:c6371]
2019-09-16 23:35:35,264 [grpc-default-executor-1] INFO  client.GrpcClientProtocolClient (GrpcClientProtocolClient.java:onNext(264)) - client-C79DE3E06697->1d6da99a-ba9a-4d72-abd2-d0f1aa02f12f: receive RaftClientReply:client-C79DE3E06697->1d6da99a-ba9a-4d72-abd2-d0f1aa02f12f@group-B29EE812FB58, cid=4211, SUCCESS, logIndex=6376, commits[1d6da99a-ba9a-4d72-abd2-d0f1aa02f12f:c6377, 9dc27687-2024-46ae-8b6e-c9027bfa400e:c6373, 9c9c57da-14dc-454a-b374-789aa5e765a9:c6373]
2019-09-16 23:35:35,265 [grpc-default-executor-1] INFO  client.GrpcClientProtocolClient (GrpcClientProtocolClient.java:onNext(264)) - client-C79DE3E06697->1d6da99a-ba9a-4d72-abd2-d0f1aa02f12f: receive RaftClientReply:client-C79DE3E06697->1d6da99a-ba9a-4d72-abd2-d0f1aa02f12f@group-B29EE812FB58, cid=4212, SUCCESS, logIndex=6377, commits[1d6da99a-ba9a-4d72-abd2-d0f1aa02f12f:c6377, 9dc27687-2024-46ae-8b6e-c9027bfa400e:c6373, 9c9c57da-14dc-454a-b374-789aa5e765a9:c6373]
2019-09-16 23:35:35,278 [grpc-default-executor-1] INFO  client.GrpcClientProtocolClient (GrpcClientProtocolClient.java:onNext(264)) - client-C79DE3E06697->1d6da99a-ba9a-4d72-abd2-d0f1aa02f12f: receive RaftClientReply:client-C79DE3E06697->1d6da99a-ba9a-4d72-abd2-d0f1aa02f12f@group-B29EE812FB58, cid=4213, SUCCESS, logIndex=0, commits[1d6da99a-ba9a-4d72-abd2-d0f1aa02f12f:c6378, 9dc27687-2024-46ae-8b6e-c9027bfa400e:c6377, 9c9c57da-14dc-454a-b374-789aa5e765a9:c6377]
2019-09-16 23:35:35,318 [grpc-default-executor-6] INFO  client.GrpcClientProtocolClient (GrpcClientProtocolClient.java:onNext(264)) - client-C79DE3E06697->1d6da99a-ba9a-4d72-abd2-d0f1aa02f12f: receive RaftClientReply:client-C79DE3E06697->1d6da99a-ba9a-4d72-abd2-d0f1aa02f12f@group-B29EE812FB58, cid=4214, SUCCESS, logIndex=6380, commits[1d6da99a-ba9a-4d72-abd2-d0f1aa02f12f:c6383, 9dc27687-2024-46ae-8b6e-c9027bfa400e:c6379, 9c9c57da-14dc-454a-b374-789aa5e765a9:c6377]
2019-09-16 23:35:35,318 [grpc-default-executor-6] INFO  client.GrpcClientProtocolClient (GrpcClientProtocolClient.java:onNext(264)) - client-C79DE3E06697->1d6da99a-ba9a-4d72-abd2-d0f1aa02f12f: receive RaftClientReply:client-C79DE3E06697->1d6da99a-ba9a-4d72-abd2-d0f1aa02f12f@group-B29EE812FB58, cid=4215, SUCCESS, logIndex=6381, commits[1d6da99a-ba9a-4d72-abd2-d0f1aa02f12f:c6383, 9dc27687-2024-46ae-8b6e-c9027bfa400e:c6379, 9c9c57da-14dc-454a-b374-789aa5e765a9:c6379]
2019-09-16 23:35:35,318 [grpc-default-executor-6] INFO  client.GrpcClientProtocolClient (GrpcClientProtocolClient.java:onNext(264)) - client-C79DE3E06697->1d6da99a-ba9a-4d72-abd2-d0f1aa02f12f: receive RaftClientReply:client-C79DE3E06697->1d6da99a-ba9a-4d72-abd2-d0f1aa02f12f@group-B29EE812FB58, cid=4216, SUCCESS, logIndex=6382, commits[1d6da99a-ba9a-4d72-abd2-d0f1aa02f12f:c6383, 9dc27687-2024-46ae-8b6e-c9027bfa400e:c6379, 9c9c57da-14dc-454a-b374-789aa5e765a9:c6379]
2019-09-16 23:35:35,318 [grpc-default-executor-3] INFO  client.GrpcClientProtocolClient (GrpcClientProtocolClient.java:onNext(264)) - client-C79DE3E06697->1d6da99a-ba9a-4d72-abd2-d0f1aa02f12f: receive RaftClientReply:client-C79DE3E06697->1d6da99a-ba9a-4d72-abd2-d0f1aa02f12f@group-B29EE812FB58, cid=4217, SUCCESS, logIndex=6383, commits[1d6da99a-ba9a-4d72-abd2-d0f1aa02f12f:c6383, 9dc27687-2024-46ae-8b6e-c9027bfa400e:c6379, 9c9c57da-14dc-454a-b374-789aa5e765a9:c6379]
2019-09-16 23:35:35,332 [grpc-default-executor-6] INFO  client.GrpcClientProtocolClient (GrpcClientProtocolClient.java:onNext(264)) - client-C79DE3E06697->1d6da99a-ba9a-4d72-abd2-d0f1aa02f12f: receive RaftClientReply:client-C79DE3E06697->1d6da99a-ba9a-4d72-abd2-d0f1aa02f12f@group-B29EE812FB58, cid=4218, SUCCESS, logIndex=0, commits[1d6da99a-ba9a-4d72-abd2-d0f1aa02f12f:c6385, 9dc27687-2024-46ae-8b6e-c9027bfa400e:c6381, 9c9c57da-14dc-454a-b374-789aa5e765a9:c6381]
2019-09-16 23:35:35,350 [grpc-default-executor-6] INFO  client.GrpcClientProtocolClient (GrpcClientProtocolClient.java:onNext(264)) - client-C79DE3E06697->1d6da99a-ba9a-4d72-abd2-d0f1aa02f12f: receive RaftClientReply:client-C79DE3E06697->1d6da99a-ba9a-4d72-abd2-d0f1aa02f12f@group-B29EE812FB58, cid=4219, SUCCESS, logIndex=6388, commits[1d6da99a-ba9a-4d72-abd2-d0f1aa02f12f:c6389, 9dc27687-2024-46ae-8b6e-c9027bfa400e:c6387, 9c9c57da-14dc-454a-b374-789aa5e765a9:c6387]
2019-09-16 23:35:35,350 [grpc-default-executor-6] INFO  client.GrpcClientProtocolClient (GrpcClientProtocolClient.java:onNext(264)) - client-C79DE3E06697->1d6da99a-ba9a-4d72-abd2-d0f1aa02f12f: receive RaftClientReply:client-C79DE3E06697->1d6da99a-ba9a-4d72-abd2-d0f1aa02f12f@group-B29EE812FB58, cid=4220, SUCCESS, logIndex=6389, commits[1d6da99a-ba9a-4d72-abd2-d0f1aa02f12f:c6389, 9dc27687-2024-46ae-8b6e-c9027bfa400e:c6387, 9c9c57da-14dc-454a-b374-789aa5e765a9:c6387]
2019-09-16 23:35:35,364 [grpc-default-executor-1] INFO  client.GrpcClientProtocolClient (GrpcClientProtocolClient.java:onNext(264)) - client-C79DE3E06697->1d6da99a-ba9a-4d72-abd2-d0f1aa02f12f: receive RaftClientReply:client-C79DE3E06697->1d6da99a-ba9a-4d72-abd2-d0f1aa02f12f@group-B29EE812FB58, cid=4221, SUCCESS, logIndex=6392, commits[1d6da99a-ba9a-4d72-abd2-d0f1aa02f12f:c6392, 9dc27687-2024-46ae-8b6e-c9027bfa400e:c6389, 9c9c57da-14dc-454a-b374-789aa5e765a9:c6389]
2019-09-16 23:35:35,364 [grpc-default-executor-1] INFO  client.GrpcClientProtocolClient (GrpcClientProtocolClient.java:onNext(264)) - client-C79DE3E06697->1d6da99a-ba9a-4d72-abd2-d0f1aa02f12f: receive RaftClientReply:client-C79DE3E06697->1d6da99a-ba9a-4d72-abd2-d0f1aa02f12f@group-B29EE812FB58, cid=4222, SUCCESS, logIndex=6393, commits[1d6da99a-ba9a-4d72-abd2-d0f1aa02f12f:c6393, 9dc27687-2024-46ae-8b6e-c9027bfa400e:c6389, 9c9c57da-14dc-454a-b374-789aa5e765a9:c6389]
2019-09-16 23:35:35,379 [grpc-default-executor-1] INFO  client.GrpcClientProtocolClient (GrpcClientProtocolClient.java:onNext(264)) - client-C79DE3E06697->1d6da99a-ba9a-4d72-abd2-d0f1aa02f12f: receive RaftClientReply:client-C79DE3E06697->1d6da99a-ba9a-4d72-abd2-d0f1aa02f12f@group-B29EE812FB58, cid=4223, SUCCESS, logIndex=0, commits[1d6da99a-ba9a-4d72-abd2-d0f1aa02f12f:c6395, 9dc27687-2024-46ae-8b6e-c9027bfa400e:c6393, 9c9c57da-14dc-454a-b374-789aa5e765a9:c6393]
2019-09-16 23:35:35,560 [grpc-default-executor-6] INFO  client.GrpcClientProtocolClient (GrpcClientProtocolClient.java:onNext(264)) - client-C79DE3E06697->1d6da99a-ba9a-4d72-abd2-d0f1aa02f12f: receive RaftClientReply:client-C79DE3E06697->1d6da99a-ba9a-4d72-abd2-d0f1aa02f12f@group-B29EE812FB58, cid=4224, SUCCESS, logIndex=6396, commits[1d6da99a-ba9a-4d72-abd2-d0f1aa02f12f:c6397, 9dc27687-2024-46ae-8b6e-c9027bfa400e:c6395, 9c9c57da-14dc-454a-b374-789aa5e765a9:c6395]
2019-09-16 23:35:35,561 [grpc-default-executor-6] INFO  client.GrpcClientProtocolClient (GrpcClientProtocolClient.java:onNext(264)) - client-C79DE3E06697->1d6da99a-ba9a-4d72-abd2-d0f1aa02f12f: receive RaftClientReply:client-C79DE3E06697->1d6da99a-ba9a-4d72-abd2-d0f1aa02f12f@group-B29EE812FB58, cid=4225, SUCCESS, logIndex=6397, commits[1d6da99a-ba9a-4d72-abd2-d0f1aa02f12f:c6399, 9dc27687-2024-46ae-8b6e-c9027bfa400e:c6395, 9c9c57da-14dc-454a-b374-789aa5e765a9:c6395]
2019-09-16 23:35:35,561 [grpc-default-executor-6] INFO  client.GrpcClientProtocolClient (GrpcClientProtocolClient.java:onNext(264)) - client-C79DE3E06697->1d6da99a-ba9a-4d72-abd2-d0f1aa02f12f: receive RaftClientReply:client-C79DE3E06697->1d6da99a-ba9a-4d72-abd2-d0f1aa02f12f@group-B29EE812FB58, cid=4226, SUCCESS, logIndex=6398, commits[1d6da99a-ba9a-4d72-abd2-d0f1aa02f12f:c6399, 9dc27687-2024-46ae-8b6e-c9027bfa400e:c6395, 9c9c57da-14dc-454a-b374-789aa5e765a9:c6395]
2019-09-16 23:35:35,562 [grpc-default-executor-6] INFO  client.GrpcClientProtocolClient (GrpcClientProtocolClient.java:onNext(264)) - client-C79DE3E06697->1d6da99a-ba9a-4d72-abd2-d0f1aa02f12f: receive RaftClientReply:client-C79DE3E06697->1d6da99a-ba9a-4d72-abd2-d0f1aa02f12f@group-B29EE812FB58, cid=4227, SUCCESS, logIndex=6399, commits[1d6da99a-ba9a-4d72-abd2-d0f1aa02f12f:c6399, 9dc27687-2024-46ae-8b6e-c9027bfa400e:c6395, 9c9c57da-14dc-454a-b374-789aa5e765a9:c6395]
2019-09-16 23:35:35,563 [grpc-default-executor-6] INFO  client.GrpcClientProtocolClient (GrpcClientProtocolClient.java:onNext(264)) - client-C79DE3E06697->1d6da99a-ba9a-4d72-abd2-d0f1aa02f12f: receive RaftClientReply:client-C79DE3E06697->1d6da99a-ba9a-4d72-abd2-d0f1aa02f12f@group-B29EE812FB58, cid=4228, SUCCESS, logIndex=0, commits[1d6da99a-ba9a-4d72-abd2-d0f1aa02f12f:c6402, 9dc27687-2024-46ae-8b6e-c9027bfa400e:c6399, 9c9c57da-14dc-454a-b374-789aa5e765a9:c6397]
2019-09-16 23:35:35,585 [grpc-default-executor-1] INFO  client.GrpcClientProtocolClient (GrpcClientProtocolClient.java:onNext(264)) - client-C79DE3E06697->1d6da99a-ba9a-4d72-abd2-d0f1aa02f12f: receive RaftClientReply:client-C79DE3E06697->1d6da99a-ba9a-4d72-abd2-d0f1aa02f12f@group-B29EE812FB58, cid=4229, SUCCESS, logIndex=6403, commits[1d6da99a-ba9a-4d72-abd2-d0f1aa02f12f:c6404, 9dc27687-2024-46ae-8b6e-c9027bfa400e:c6402, 9c9c57da-14dc-454a-b374-789aa5e765a9:c6399]
2019-09-16 23:35:35,585 [grpc-default-executor-1] INFO  client.GrpcClientProtocolClient (GrpcClientProtocolClient.java:onNext(264)) - client-C79DE3E06697->1d6da99a-ba9a-4d72-abd2-d0f1aa02f12f: receive RaftClientReply:client-C79DE3E06697->1d6da99a-ba9a-4d72-abd2-d0f1aa02f12f@group-B29EE812FB58, cid=4230, SUCCESS, logIndex=6404, commits[1d6da99a-ba9a-4d72-abd2-d0f1aa02f12f:c6404, 9dc27687-2024-46ae-8b6e-c9027bfa400e:c6402, 9c9c57da-14dc-454a-b374-789aa5e765a9:c6402]
2019-09-16 23:35:35,601 [grpc-default-executor-1] INFO  client.GrpcClientProtocolClient (GrpcClientProtocolClient.java:onNext(264)) - client-C79DE3E06697->1d6da99a-ba9a-4d72-abd2-d0f1aa02f12f: receive RaftClientReply:client-C79DE3E06697->1d6da99a-ba9a-4d72-abd2-d0f1aa02f12f@group-B29EE812FB58, cid=4231, SUCCESS, logIndex=6407, commits[1d6da99a-ba9a-4d72-abd2-d0f1aa02f12f:c6408, 9dc27687-2024-46ae-8b6e-c9027bfa400e:c6405, 9c9c57da-14dc-454a-b374-789aa5e765a9:c6405]
2019-09-16 23:35:35,601 [grpc-default-executor-1] INFO  client.GrpcClientProtocolClient (GrpcClientProtocolClient.java:onNext(264)) - client-C79DE3E06697->1d6da99a-ba9a-4d72-abd2-d0f1aa02f12f: receive RaftClientReply:client-C79DE3E06697->1d6da99a-ba9a-4d72-abd2-d0f1aa02f12f@group-B29EE812FB58, cid=4232, SUCCESS, logIndex=6408, commits[1d6da99a-ba9a-4d72-abd2-d0f1aa02f12f:c6408, 9dc27687-2024-46ae-8b6e-c9027bfa400e:c6405, 9c9c57da-14dc-454a-b374-789aa5e765a9:c6405]
2019-09-16 23:35:35,614 [grpc-default-executor-1] INFO  client.GrpcClientProtocolClient (GrpcClientProtocolClient.java:onNext(264)) - client-C79DE3E06697->1d6da99a-ba9a-4d72-abd2-d0f1aa02f12f: receive RaftClientReply:client-C79DE3E06697->1d6da99a-ba9a-4d72-abd2-d0f1aa02f12f@group-B29EE812FB58, cid=4233, SUCCESS, logIndex=0, commits[1d6da99a-ba9a-4d72-abd2-d0f1aa02f12f:c6409, 9dc27687-2024-46ae-8b6e-c9027bfa400e:c6408, 9c9c57da-14dc-454a-b374-789aa5e765a9:c6408]
2019-09-16 23:35:35,655 [grpc-default-executor-1] INFO  client.GrpcClientProtocolClient (GrpcClientProtocolClient.java:onNext(264)) - client-C79DE3E06697->1d6da99a-ba9a-4d72-abd2-d0f1aa02f12f: receive RaftClientReply:client-C79DE3E06697->1d6da99a-ba9a-4d72-abd2-d0f1aa02f12f@group-B29EE812FB58, cid=4234, SUCCESS, logIndex=6411, commits[1d6da99a-ba9a-4d72-abd2-d0f1aa02f12f:c6412, 9dc27687-2024-46ae-8b6e-c9027bfa400e:c6408, 9c9c57da-14dc-454a-b374-789aa5e765a9:c6410]
2019-09-16 23:35:35,656 [grpc-default-executor-1] INFO  client.GrpcClientProtocolClient (GrpcClientProtocolClient.java:onNext(264)) - client-C79DE3E06697->1d6da99a-ba9a-4d72-abd2-d0f1aa02f12f: receive RaftClientReply:client-C79DE3E06697->1d6da99a-ba9a-4d72-abd2-d0f1aa02f12f@group-B29EE812FB58, cid=4235, SUCCESS, logIndex=6412, commits[1d6da99a-ba9a-4d72-abd2-d0f1aa02f12f:c6412, 9dc27687-2024-46ae-8b6e-c9027bfa400e:c6410, 9c9c57da-14dc-454a-b374-789aa5e765a9:c6410]
2019-09-16 23:35:35,656 [grpc-default-executor-6] INFO  client.GrpcClientProtocolClient (GrpcClientProtocolClient.java:onNext(264)) - client-C79DE3E06697->1d6da99a-ba9a-4d72-abd2-d0f1aa02f12f: receive RaftClientReply:client-C79DE3E06697->1d6da99a-ba9a-4d72-abd2-d0f1aa02f12f@group-B29EE812FB58, cid=4236, SUCCESS, logIndex=6413, commits[1d6da99a-ba9a-4d72-abd2-d0f1aa02f12f:c6414, 9dc27687-2024-46ae-8b6e-c9027bfa400e:c6410, 9c9c57da-14dc-454a-b374-789aa5e765a9:c6410]
2019-09-16 23:35:35,656 [grpc-default-executor-6] INFO  client.GrpcClientProtocolClient (GrpcClientProtocolClient.java:onNext(264)) - client-C79DE3E06697->1d6da99a-ba9a-4d72-abd2-d0f1aa02f12f: receive RaftClientReply:client-C79DE3E06697->1d6da99a-ba9a-4d72-abd2-d0f1aa02f12f@group-B29EE812FB58, cid=4237, SUCCESS, logIndex=6414, commits[1d6da99a-ba9a-4d72-abd2-d0f1aa02f12f:c6414, 9dc27687-2024-46ae-8b6e-c9027bfa400e:c6410, 9c9c57da-14dc-454a-b374-789aa5e765a9:c6410]
2019-09-16 23:35:35,669 [grpc-default-executor-6] INFO  client.GrpcClientProtocolClient (GrpcClientProtocolClient.java:onNext(264)) - client-C79DE3E06697->1d6da99a-ba9a-4d72-abd2-d0f1aa02f12f: receive RaftClientReply:client-C79DE3E06697->1d6da99a-ba9a-4d72-abd2-d0f1aa02f12f@group-B29EE812FB58, cid=4238, SUCCESS, logIndex=0, commits[1d6da99a-ba9a-4d72-abd2-d0f1aa02f12f:c6415, 9dc27687-2024-46ae-8b6e-c9027bfa400e:c6412, 9c9c57da-14dc-454a-b374-789aa5e765a9:c6412]
2019-09-16 23:35:35,690 [grpc-default-executor-1] INFO  client.GrpcClientProtocolClient (GrpcClientProtocolClient.java:onNext(264)) - client-C79DE3E06697->1d6da99a-ba9a-4d72-abd2-d0f1aa02f12f: receive RaftClientReply:client-C79DE3E06697->1d6da99a-ba9a-4d72-abd2-d0f1aa02f12f@group-B29EE812FB58, cid=4239, SUCCESS, logIndex=6419, commits[1d6da99a-ba9a-4d72-abd2-d0f1aa02f12f:c6420, 9dc27687-2024-46ae-8b6e-c9027bfa400e:c6418, 9c9c57da-14dc-454a-b374-789aa5e765a9:c6418]
2019-09-16 23:35:35,690 [grpc-default-executor-1] INFO  client.GrpcClientProtocolClient (GrpcClientProtocolClient.java:onNext(264)) - client-C79DE3E06697->1d6da99a-ba9a-4d72-abd2-d0f1aa02f12f: receive RaftClientReply:client-C79DE3E06697->1d6da99a-ba9a-4d72-abd2-d0f1aa02f12f@group-B29EE812FB58, cid=4240, SUCCESS, logIndex=6420, commits[1d6da99a-ba9a-4d72-abd2-d0f1aa02f12f:c6420, 9dc27687-2024-46ae-8b6e-c9027bfa400e:c6418, 9c9c57da-14dc-454a-b374-789aa5e765a9:c6418]
 0.00% |█                                                                                                    |  0/1 Time: 0:00:532019-09-16 23:35:36,405 [grpc-default-executor-6] INFO  client.GrpcClientProtocolClient (GrpcClientProtocolClient.java:onNext(264)) - client-C79DE3E06697->1d6da99a-ba9a-4d72-abd2-d0f1aa02f12f: receive RaftClientReply:client-C79DE3E06697->1d6da99a-ba9a-4d72-abd2-d0f1aa02f12f@group-B29EE812FB58, cid=4241, SUCCESS, logIndex=6423, commits[1d6da99a-ba9a-4d72-abd2-d0f1aa02f12f:c6424, 9dc27687-2024-46ae-8b6e-c9027bfa400e:c6420, 9c9c57da-14dc-454a-b374-789aa5e765a9:c6420]
2019-09-16 23:35:36,406 [grpc-default-executor-6] INFO  client.GrpcClientProtocolClient (GrpcClientProtocolClient.java:onNext(264)) - client-C79DE3E06697->1d6da99a-ba9a-4d72-abd2-d0f1aa02f12f: receive RaftClientReply:client-C79DE3E06697->1d6da99a-ba9a-4d72-abd2-d0f1aa02f12f@group-B29EE812FB58, cid=4242, SUCCESS, logIndex=6424, commits[1d6da99a-ba9a-4d72-abd2-d0f1aa02f12f:c6424, 9dc27687-2024-46ae-8b6e-c9027bfa400e:c6420, 9c9c57da-14dc-454a-b374-789aa5e765a9:c6420]
2019-09-16 23:35:36,416 [grpc-default-executor-6] INFO  client.GrpcClientProtocolClient (GrpcClientProtocolClient.java:onNext(264)) - client-C79DE3E06697->1d6da99a-ba9a-4d72-abd2-d0f1aa02f12f: receive RaftClientReply:client-C79DE3E06697->1d6da99a-ba9a-4d72-abd2-d0f1aa02f12f@group-B29EE812FB58, cid=4243, SUCCESS, logIndex=0, commits[1d6da99a-ba9a-4d72-abd2-d0f1aa02f12f:c6425, 9dc27687-2024-46ae-8b6e-c9027bfa400e:c6424, 9c9c57da-14dc-454a-b374-789aa5e765a9:c6424]
2019-09-16 23:35:36,463 [grpc-default-executor-6] INFO  client.GrpcClientProtocolClient (GrpcClientProtocolClient.java:onNext(264)) - client-C79DE3E06697->1d6da99a-ba9a-4d72-abd2-d0f1aa02f12f: receive RaftClientReply:client-C79DE3E06697->1d6da99a-ba9a-4d72-abd2-d0f1aa02f12f@group-B29EE812FB58, cid=4244, SUCCESS, logIndex=6426, commits[1d6da99a-ba9a-4d72-abd2-d0f1aa02f12f:c6427, 9dc27687-2024-46ae-8b6e-c9027bfa400e:c6425, 9c9c57da-14dc-454a-b374-789aa5e765a9:c6425]
2019-09-16 23:35:36,464 [grpc-default-executor-6] INFO  client.GrpcClientProtocolClient (GrpcClientProtocolClient.java:onNext(264)) - client-C79DE3E06697->1d6da99a-ba9a-4d72-abd2-d0f1aa02f12f: receive RaftClientReply:client-C79DE3E06697->1d6da99a-ba9a-4d72-abd2-d0f1aa02f12f@group-B29EE812FB58, cid=4245, SUCCESS, logIndex=6427, commits[1d6da99a-ba9a-4d72-abd2-d0f1aa02f12f:c6429, 9dc27687-2024-46ae-8b6e-c9027bfa400e:c6425, 9c9c57da-14dc-454a-b374-789aa5e765a9:c6425]
2019-09-16 23:35:36,464 [grpc-default-executor-6] INFO  client.GrpcClientProtocolClient (GrpcClientProtocolClient.java:onNext(264)) - client-C79DE3E06697->1d6da99a-ba9a-4d72-abd2-d0f1aa02f12f: receive RaftClientReply:client-C79DE3E06697->1d6da99a-ba9a-4d72-abd2-d0f1aa02f12f@group-B29EE812FB58, cid=4246, SUCCESS, logIndex=6428, commits[1d6da99a-ba9a-4d72-abd2-d0f1aa02f12f:c6429, 9dc27687-2024-46ae-8b6e-c9027bfa400e:c6425, 9c9c57da-14dc-454a-b374-789aa5e765a9:c6425]
2019-09-16 23:35:36,465 [grpc-default-executor-6] INFO  client.GrpcClientProtocolClient (GrpcClientProtocolClient.java:onNext(264)) - client-C79DE3E06697->1d6da99a-ba9a-4d72-abd2-d0f1aa02f12f: receive RaftClientReply:client-C79DE3E06697->1d6da99a-ba9a-4d72-abd2-d0f1aa02f12f@group-B29EE812FB58, cid=4247, SUCCESS, logIndex=6429, commits[1d6da99a-ba9a-4d72-abd2-d0f1aa02f12f:c6429, 9dc27687-2024-46ae-8b6e-c9027bfa400e:c6425, 9c9c57da-14dc-454a-b374-789aa5e765a9:c6425]
2019-09-16 23:35:36,476 [grpc-default-executor-6] INFO  client.GrpcClientProtocolClient (GrpcClientProtocolClient.java:onNext(264)) - client-C79DE3E06697->1d6da99a-ba9a-4d72-abd2-d0f1aa02f12f: receive RaftClientReply:client-C79DE3E06697->1d6da99a-ba9a-4d72-abd2-d0f1aa02f12f@group-B29EE812FB58, cid=4248, SUCCESS, logIndex=0, commits[1d6da99a-ba9a-4d72-abd2-d0f1aa02f12f:c6430, 9dc27687-2024-46ae-8b6e-c9027bfa400e:c6427, 9c9c57da-14dc-454a-b374-789aa5e765a9:c6427]
2019-09-16 23:35:36,498 [grpc-default-executor-3] INFO  client.GrpcClientProtocolClient (GrpcClientProtocolClient.java:onNext(264)) - client-C79DE3E06697->1d6da99a-ba9a-4d72-abd2-d0f1aa02f12f: receive RaftClientReply:client-C79DE3E06697->1d6da99a-ba9a-4d72-abd2-d0f1aa02f12f@group-B29EE812FB58, cid=4249, SUCCESS, logIndex=6433, commits[1d6da99a-ba9a-4d72-abd2-d0f1aa02f12f:c6434, 9dc27687-2024-46ae-8b6e-c9027bfa400e:c6432, 9c9c57da-14dc-454a-b374-789aa5e765a9:c6432]
2019-09-16 23:35:36,498 [grpc-default-executor-3] INFO  client.GrpcClientProtocolClient (GrpcClientProtocolClient.java:onNext(264)) - client-C79DE3E06697->1d6da99a-ba9a-4d72-abd2-d0f1aa02f12f: receive RaftClientReply:client-C79DE3E06697->1d6da99a-ba9a-4d72-abd2-d0f1aa02f12f@group-B29EE812FB58, cid=4250, SUCCESS, logIndex=6434, commits[1d6da99a-ba9a-4d72-abd2-d0f1aa02f12f:c6434, 9dc27687-2024-46ae-8b6e-c9027bfa400e:c6432, 9c9c57da-14dc-454a-b374-789aa5e765a9:c6432]
2019-09-16 23:35:36,513 [grpc-default-executor-6] INFO  client.GrpcClientProtocolClient (GrpcClientProtocolClient.java:onNext(264)) - client-C79DE3E06697->1d6da99a-ba9a-4d72-abd2-d0f1aa02f12f: receive RaftClientReply:client-C79DE3E06697->1d6da99a-ba9a-4d72-abd2-d0f1aa02f12f@group-B29EE812FB58, cid=4251, SUCCESS, logIndex=6437, commits[1d6da99a-ba9a-4d72-abd2-d0f1aa02f12f:c6437, 9dc27687-2024-46ae-8b6e-c9027bfa400e:c6433, 9c9c57da-14dc-454a-b374-789aa5e765a9:c6434]
2019-09-16 23:35:36,513 [grpc-default-executor-6] INFO  client.GrpcClientProtocolClient (GrpcClientProtocolClient.java:onNext(264)) - client-C79DE3E06697->1d6da99a-ba9a-4d72-abd2-d0f1aa02f12f: receive RaftClientReply:client-C79DE3E06697->1d6da99a-ba9a-4d72-abd2-d0f1aa02f12f@group-B29EE812FB58, cid=4252, SUCCESS, logIndex=6438, commits[1d6da99a-ba9a-4d72-abd2-d0f1aa02f12f:c6438, 9dc27687-2024-46ae-8b6e-c9027bfa400e:c6434, 9c9c57da-14dc-454a-b374-789aa5e765a9:c6434]
2019-09-16 23:35:36,527 [grpc-default-executor-6] INFO  client.GrpcClientProtocolClient (GrpcClientProtocolClient.java:onNext(264)) - client-C79DE3E06697->1d6da99a-ba9a-4d72-abd2-d0f1aa02f12f: receive RaftClientReply:client-C79DE3E06697->1d6da99a-ba9a-4d72-abd2-d0f1aa02f12f@group-B29EE812FB58, cid=4253, SUCCESS, logIndex=0, commits[1d6da99a-ba9a-4d72-abd2-d0f1aa02f12f:c6439, 9dc27687-2024-46ae-8b6e-c9027bfa400e:c6438, 9c9c57da-14dc-454a-b374-789aa5e765a9:c6438]
2019-09-16 23:35:36,570 [grpc-default-executor-3] INFO  client.GrpcClientProtocolClient (GrpcClientProtocolClient.java:onNext(264)) - client-C79DE3E06697->1d6da99a-ba9a-4d72-abd2-d0f1aa02f12f: receive RaftClientReply:client-C79DE3E06697->1d6da99a-ba9a-4d72-abd2-d0f1aa02f12f@group-B29EE812FB58, cid=4254, SUCCESS, logIndex=6441, commits[1d6da99a-ba9a-4d72-abd2-d0f1aa02f12f:c6442, 9dc27687-2024-46ae-8b6e-c9027bfa400e:c6440, 9c9c57da-14dc-454a-b374-789aa5e765a9:c6440]
2019-09-16 23:35:36,571 [grpc-default-executor-3] INFO  client.GrpcClientProtocolClient (GrpcClientProtocolClient.java:onNext(264)) - client-C79DE3E06697->1d6da99a-ba9a-4d72-abd2-d0f1aa02f12f: receive RaftClientReply:client-C79DE3E06697->1d6da99a-ba9a-4d72-abd2-d0f1aa02f12f@group-B29EE812FB58, cid=4255, SUCCESS, logIndex=6442, commits[1d6da99a-ba9a-4d72-abd2-d0f1aa02f12f:c6442, 9dc27687-2024-46ae-8b6e-c9027bfa400e:c6440, 9c9c57da-14dc-454a-b374-789aa5e765a9:c6440]
2019-09-16 23:35:36,572 [grpc-default-executor-3] INFO  client.GrpcClientProtocolClient (GrpcClientProtocolClient.java:onNext(264)) - client-C79DE3E06697->1d6da99a-ba9a-4d72-abd2-d0f1aa02f12f: receive RaftClientReply:client-C79DE3E06697->1d6da99a-ba9a-4d72-abd2-d0f1aa02f12f@group-B29EE812FB58, cid=4256, SUCCESS, logIndex=6443, commits[1d6da99a-ba9a-4d72-abd2-d0f1aa02f12f:c6444, 9dc27687-2024-46ae-8b6e-c9027bfa400e:c6440, 9c9c57da-14dc-454a-b374-789aa5e765a9:c6440]
2019-09-16 23:35:36,573 [grpc-default-executor-3] INFO  client.GrpcClientProtocolClient (GrpcClientProtocolClient.java:onNext(264)) - client-C79DE3E06697->1d6da99a-ba9a-4d72-abd2-d0f1aa02f12f: receive RaftClientReply:client-C79DE3E06697->1d6da99a-ba9a-4d72-abd2-d0f1aa02f12f@group-B29EE812FB58, cid=4257, SUCCESS, logIndex=6444, commits[1d6da99a-ba9a-4d72-abd2-d0f1aa02f12f:c6444, 9dc27687-2024-46ae-8b6e-c9027bfa400e:c6440, 9c9c57da-14dc-454a-b374-789aa5e765a9:c6440]
2019-09-16 23:35:36,585 [grpc-default-executor-3] INFO  client.GrpcClientProtocolClient (GrpcClientProtocolClient.java:onNext(264)) - client-C79DE3E06697->1d6da99a-ba9a-4d72-abd2-d0f1aa02f12f: receive RaftClientReply:client-C79DE3E06697->1d6da99a-ba9a-4d72-abd2-d0f1aa02f12f@group-B29EE812FB58, cid=4258, SUCCESS, logIndex=0, commits[1d6da99a-ba9a-4d72-abd2-d0f1aa02f12f:c6448, 9dc27687-2024-46ae-8b6e-c9027bfa400e:c6442, 9c9c57da-14dc-454a-b374-789aa5e765a9:c6444]
2019-09-16 23:35:36,605 [grpc-default-executor-6] INFO  client.GrpcClientProtocolClient (GrpcClientProtocolClient.java:onNext(264)) - client-C79DE3E06697->1d6da99a-ba9a-4d72-abd2-d0f1aa02f12f: receive RaftClientReply:client-C79DE3E06697->1d6da99a-ba9a-4d72-abd2-d0f1aa02f12f@group-B29EE812FB58, cid=4259, SUCCESS, logIndex=6449, commits[1d6da99a-ba9a-4d72-abd2-d0f1aa02f12f:c6450, 9dc27687-2024-46ae-8b6e-c9027bfa400e:c6448, 9c9c57da-14dc-454a-b374-789aa5e765a9:c6448]
2019-09-16 23:35:36,605 [grpc-default-executor-6] INFO  client.GrpcClientProtocolClient (GrpcClientProtocolClient.java:onNext(264)) - client-C79DE3E06697->1d6da99a-ba9a-4d72-abd2-d0f1aa02f12f: receive RaftClientReply:client-C79DE3E06697->1d6da99a-ba9a-4d72-abd2-d0f1aa02f12f@group-B29EE812FB58, cid=4260, SUCCESS, logIndex=6450, commits[1d6da99a-ba9a-4d72-abd2-d0f1aa02f12f:c6450, 9dc27687-2024-46ae-8b6e-c9027bfa400e:c6448, 9c9c57da-14dc-454a-b374-789aa5e765a9:c6448]
2019-09-16 23:35:36,618 [grpc-default-executor-0] INFO  client.GrpcClientProtocolClient (GrpcClientProtocolClient.java:onNext(264)) - client-C79DE3E06697->1d6da99a-ba9a-4d72-abd2-d0f1aa02f12f: receive RaftClientReply:client-C79DE3E06697->1d6da99a-ba9a-4d72-abd2-d0f1aa02f12f@group-B29EE812FB58, cid=4261, SUCCESS, logIndex=6453, commits[1d6da99a-ba9a-4d72-abd2-d0f1aa02f12f:c6454, 9dc27687-2024-46ae-8b6e-c9027bfa400e:c6452, 9c9c57da-14dc-454a-b374-789aa5e765a9:c6452]
2019-09-16 23:35:36,618 [grpc-default-executor-0] INFO  client.GrpcClientProtocolClient (GrpcClientProtocolClient.java:onNext(264)) - client-C79DE3E06697->1d6da99a-ba9a-4d72-abd2-d0f1aa02f12f: receive RaftClientReply:client-C79DE3E06697->1d6da99a-ba9a-4d72-abd2-d0f1aa02f12f@group-B29EE812FB58, cid=4262, SUCCESS, logIndex=6454, commits[1d6da99a-ba9a-4d72-abd2-d0f1aa02f12f:c6454, 9dc27687-2024-46ae-8b6e-c9027bfa400e:c6452, 9c9c57da-14dc-454a-b374-789aa5e765a9:c6452]
2019-09-16 23:35:36,623 [grpc-default-executor-0] INFO  client.GrpcClientProtocolClient (GrpcClientProtocolClient.java:onNext(264)) - client-C79DE3E06697->1d6da99a-ba9a-4d72-abd2-d0f1aa02f12f: receive RaftClientReply:client-C79DE3E06697->1d6da99a-ba9a-4d72-abd2-d0f1aa02f12f@group-B29EE812FB58, cid=4263, SUCCESS, logIndex=0, commits[1d6da99a-ba9a-4d72-abd2-d0f1aa02f12f:c6456, 9dc27687-2024-46ae-8b6e-c9027bfa400e:c6454, 9c9c57da-14dc-454a-b374-789aa5e765a9:c6454]
2019-09-16 23:35:36,653 [grpc-default-executor-6] INFO  client.GrpcClientProtocolClient (GrpcClientProtocolClient.java:onNext(264)) - client-C79DE3E06697->1d6da99a-ba9a-4d72-abd2-d0f1aa02f12f: receive RaftClientReply:client-C79DE3E06697->1d6da99a-ba9a-4d72-abd2-d0f1aa02f12f@group-B29EE812FB58, cid=4264, SUCCESS, logIndex=6457, commits[1d6da99a-ba9a-4d72-abd2-d0f1aa02f12f:c6460, 9dc27687-2024-46ae-8b6e-c9027bfa400e:c6456, 9c9c57da-14dc-454a-b374-789aa5e765a9:c6454]
2019-09-16 23:35:36,654 [grpc-default-executor-6] INFO  client.GrpcClientProtocolClient (GrpcClientProtocolClient.java:onNext(264)) - client-C79DE3E06697->1d6da99a-ba9a-4d72-abd2-d0f1aa02f12f: receive RaftClientReply:client-C79DE3E06697->1d6da99a-ba9a-4d72-abd2-d0f1aa02f12f@group-B29EE812FB58, cid=4265, SUCCESS, logIndex=6458, commits[1d6da99a-ba9a-4d72-abd2-d0f1aa02f12f:c6460, 9dc27687-2024-46ae-8b6e-c9027bfa400e:c6456, 9c9c57da-14dc-454a-b374-789aa5e765a9:c6454]
2019-09-16 23:35:36,655 [grpc-default-executor-6] INFO  client.GrpcClientProtocolClient (GrpcClientProtocolClient.java:onNext(264)) - client-C79DE3E06697->1d6da99a-ba9a-4d72-abd2-d0f1aa02f12f: receive RaftClientReply:client-C79DE3E06697->1d6da99a-ba9a-4d72-abd2-d0f1aa02f12f@group-B29EE812FB58, cid=4266, SUCCESS, logIndex=6459, commits[1d6da99a-ba9a-4d72-abd2-d0f1aa02f12f:c6460, 9dc27687-2024-46ae-8b6e-c9027bfa400e:c6456, 9c9c57da-14dc-454a-b374-789aa5e765a9:c6456]
2019-09-16 23:35:36,655 [grpc-default-executor-6] INFO  client.GrpcClientProtocolClient (GrpcClientProtocolClient.java:onNext(264)) - client-C79DE3E06697->1d6da99a-ba9a-4d72-abd2-d0f1aa02f12f: receive RaftClientReply:client-C79DE3E06697->1d6da99a-ba9a-4d72-abd2-d0f1aa02f12f@group-B29EE812FB58, cid=4267, SUCCESS, logIndex=6460, commits[1d6da99a-ba9a-4d72-abd2-d0f1aa02f12f:c6460, 9dc27687-2024-46ae-8b6e-c9027bfa400e:c6456, 9c9c57da-14dc-454a-b374-789aa5e765a9:c6456]
2019-09-16 23:35:36,656 [grpc-default-executor-3] INFO  client.GrpcClientProtocolClient (GrpcClientProtocolClient.java:onNext(264)) - client-C79DE3E06697->1d6da99a-ba9a-4d72-abd2-d0f1aa02f12f: receive RaftClientReply:client-C79DE3E06697->1d6da99a-ba9a-4d72-abd2-d0f1aa02f12f@group-B29EE812FB58, cid=4268, SUCCESS, logIndex=0, commits[1d6da99a-ba9a-4d72-abd2-d0f1aa02f12f:c6463, 9dc27687-2024-46ae-8b6e-c9027bfa400e:c6460, 9c9c57da-14dc-454a-b374-789aa5e765a9:c6459]
2019-09-16 23:35:36,678 [grpc-default-executor-6] INFO  client.GrpcClientProtocolClient (GrpcClientProtocolClient.java:onNext(264)) - client-C79DE3E06697->1d6da99a-ba9a-4d72-abd2-d0f1aa02f12f: receive RaftClientReply:client-C79DE3E06697->1d6da99a-ba9a-4d72-abd2-d0f1aa02f12f@group-B29EE812FB58, cid=4269, SUCCESS, logIndex=6464, commits[1d6da99a-ba9a-4d72-abd2-d0f1aa02f12f:c6465, 9dc27687-2024-46ae-8b6e-c9027bfa400e:c6460, 9c9c57da-14dc-454a-b374-789aa5e765a9:c6463]
2019-09-16 23:35:36,679 [grpc-default-executor-6] INFO  client.GrpcClientProtocolClient (GrpcClientProtocolClient.java:onNext(264)) - client-C79DE3E06697->1d6da99a-ba9a-4d72-abd2-d0f1aa02f12f: receive RaftClientReply:client-C79DE3E06697->1d6da99a-ba9a-4d72-abd2-d0f1aa02f12f@group-B29EE812FB58, cid=4270, SUCCESS, logIndex=6465, commits[1d6da99a-ba9a-4d72-abd2-d0f1aa02f12f:c6465, 9dc27687-2024-46ae-8b6e-c9027bfa400e:c6463, 9c9c57da-14dc-454a-b374-789aa5e765a9:c6463]
2019-09-16 23:35:36,693 [grpc-default-executor-0] INFO  client.GrpcClientProtocolClient (GrpcClientProtocolClient.java:onNext(264)) - client-C79DE3E06697->1d6da99a-ba9a-4d72-abd2-d0f1aa02f12f: receive RaftClientReply:client-C79DE3E06697->1d6da99a-ba9a-4d72-abd2-d0f1aa02f12f@group-B29EE812FB58, cid=4271, SUCCESS, logIndex=6467, commits[1d6da99a-ba9a-4d72-abd2-d0f1aa02f12f:c6468, 9dc27687-2024-46ae-8b6e-c9027bfa400e:c6465, 9c9c57da-14dc-454a-b374-789aa5e765a9:c6465]
2019-09-16 23:35:36,694 [grpc-default-executor-3] INFO  client.GrpcClientProtocolClient (GrpcClientProtocolClient.java:onNext(264)) - client-C79DE3E06697->1d6da99a-ba9a-4d72-abd2-d0f1aa02f12f: receive RaftClientReply:client-C79DE3E06697->1d6da99a-ba9a-4d72-abd2-d0f1aa02f12f@group-B29EE812FB58, cid=4272, SUCCESS, logIndex=6468, commits[1d6da99a-ba9a-4d72-abd2-d0f1aa02f12f:c6468, 9dc27687-2024-46ae-8b6e-c9027bfa400e:c6465, 9c9c57da-14dc-454a-b374-789aa5e765a9:c6465]
2019-09-16 23:35:36,705 [grpc-default-executor-3] INFO  client.GrpcClientProtocolClient (GrpcClientProtocolClient.java:onNext(264)) - client-C79DE3E06697->1d6da99a-ba9a-4d72-abd2-d0f1aa02f12f: receive RaftClientReply:client-C79DE3E06697->1d6da99a-ba9a-4d72-abd2-d0f1aa02f12f@group-B29EE812FB58, cid=4273, SUCCESS, logIndex=0, commits[1d6da99a-ba9a-4d72-abd2-d0f1aa02f12f:c6469, 9dc27687-2024-46ae-8b6e-c9027bfa400e:c6468, 9c9c57da-14dc-454a-b374-789aa5e765a9:c6468]
2019-09-16 23:35:36,741 [grpc-default-executor-3] INFO  client.GrpcClientProtocolClient (GrpcClientProtocolClient.java:onNext(264)) - client-C79DE3E06697->1d6da99a-ba9a-4d72-abd2-d0f1aa02f12f: receive RaftClientReply:client-C79DE3E06697->1d6da99a-ba9a-4d72-abd2-d0f1aa02f12f@group-B29EE812FB58, cid=4274, SUCCESS, logIndex=6471, commits[1d6da99a-ba9a-4d72-abd2-d0f1aa02f12f:c6472, 9dc27687-2024-46ae-8b6e-c9027bfa400e:c6468, 9c9c57da-14dc-454a-b374-789aa5e765a9:c6470]
2019-09-16 23:35:36,741 [grpc-default-executor-3] INFO  client.GrpcClientProtocolClient (GrpcClientProtocolClient.java:onNext(264)) - client-C79DE3E06697->1d6da99a-ba9a-4d72-abd2-d0f1aa02f12f: receive RaftClientReply:client-C79DE3E06697->1d6da99a-ba9a-4d72-abd2-d0f1aa02f12f@group-B29EE812FB58, cid=4275, SUCCESS, logIndex=6472, commits[1d6da99a-ba9a-4d72-abd2-d0f1aa02f12f:c6472, 9dc27687-2024-46ae-8b6e-c9027bfa400e:c6470, 9c9c57da-14dc-454a-b374-789aa5e765a9:c6470]
2019-09-16 23:35:36,750 [grpc-default-executor-3] INFO  client.GrpcClientProtocolClient (GrpcClientProtocolClient.java:onNext(264)) - client-C79DE3E06697->1d6da99a-ba9a-4d72-abd2-d0f1aa02f12f: receive RaftClientReply:client-C79DE3E06697->1d6da99a-ba9a-4d72-abd2-d0f1aa02f12f@group-B29EE812FB58, cid=4276, SUCCESS, logIndex=6473, commits[1d6da99a-ba9a-4d72-abd2-d0f1aa02f12f:c6474, 9dc27687-2024-46ae-8b6e-c9027bfa400e:c6470, 9c9c57da-14dc-454a-b374-789aa5e765a9:c6470]
2019-09-16 23:35:36,751 [grpc-default-executor-3] INFO  client.GrpcClientProtocolClient (GrpcClientProtocolClient.java:onNext(264)) - client-C79DE3E06697->1d6da99a-ba9a-4d72-abd2-d0f1aa02f12f: receive RaftClientReply:client-C79DE3E06697->1d6da99a-ba9a-4d72-abd2-d0f1aa02f12f@group-B29EE812FB58, cid=4277, SUCCESS, logIndex=6474, commits[1d6da99a-ba9a-4d72-abd2-d0f1aa02f12f:c6474, 9dc27687-2024-46ae-8b6e-c9027bfa400e:c6470, 9c9c57da-14dc-454a-b374-789aa5e765a9:c6470]
2019-09-16 23:35:36,755 [grpc-default-executor-3] INFO  client.GrpcClientProtocolClient (GrpcClientProtocolClient.java:onNext(264)) - client-C79DE3E06697->1d6da99a-ba9a-4d72-abd2-d0f1aa02f12f: receive RaftClientReply:client-C79DE3E06697->1d6da99a-ba9a-4d72-abd2-d0f1aa02f12f@group-B29EE812FB58, cid=4278, SUCCESS, logIndex=0, commits[1d6da99a-ba9a-4d72-abd2-d0f1aa02f12f:c6475, 9dc27687-2024-46ae-8b6e-c9027bfa400e:c6472, 9c9c57da-14dc-454a-b374-789aa5e765a9:c6472]
2019-09-16 23:35:36,775 [grpc-default-executor-3] INFO  client.GrpcClientProtocolClient (GrpcClientProtocolClient.java:onNext(264)) - client-C79DE3E06697->1d6da99a-ba9a-4d72-abd2-d0f1aa02f12f: receive RaftClientReply:client-C79DE3E06697->1d6da99a-ba9a-4d72-abd2-d0f1aa02f12f@group-B29EE812FB58, cid=4279, SUCCESS, logIndex=6478, commits[1d6da99a-ba9a-4d72-abd2-d0f1aa02f12f:c6479, 9dc27687-2024-46ae-8b6e-c9027bfa400e:c6477, 9c9c57da-14dc-454a-b374-789aa5e765a9:c6477]
2019-09-16 23:35:36,776 [grpc-default-executor-3] INFO  client.GrpcClientProtocolClient (GrpcClientProtocolClient.java:onNext(264)) - client-C79DE3E06697->1d6da99a-ba9a-4d72-abd2-d0f1aa02f12f: receive RaftClientReply:client-C79DE3E06697->1d6da99a-ba9a-4d72-abd2-d0f1aa02f12f@group-B29EE812FB58, cid=4280, SUCCESS, logIndex=6479, commits[1d6da99a-ba9a-4d72-abd2-d0f1aa02f12f:c6479, 9dc27687-2024-46ae-8b6e-c9027bfa400e:c6477, 9c9c57da-14dc-454a-b374-789aa5e765a9:c6477]
2019-09-16 23:35:36,788 [grpc-default-executor-6] INFO  client.GrpcClientProtocolClient (GrpcClientProtocolClient.java:onNext(264)) - client-C79DE3E06697->1d6da99a-ba9a-4d72-abd2-d0f1aa02f12f: receive RaftClientReply:client-C79DE3E06697->1d6da99a-ba9a-4d72-abd2-d0f1aa02f12f@group-B29EE812FB58, cid=4281, SUCCESS, logIndex=6481, commits[1d6da99a-ba9a-4d72-abd2-d0f1aa02f12f:c6482, 9dc27687-2024-46ae-8b6e-c9027bfa400e:c6479, 9c9c57da-14dc-454a-b374-789aa5e765a9:c6479]
2019-09-16 23:35:36,789 [grpc-default-executor-6] INFO  client.GrpcClientProtocolClient (GrpcClientProtocolClient.java:onNext(264)) - client-C79DE3E06697->1d6da99a-ba9a-4d72-abd2-d0f1aa02f12f: receive RaftClientReply:client-C79DE3E06697->1d6da99a-ba9a-4d72-abd2-d0f1aa02f12f@group-B29EE812FB58, cid=4282, SUCCESS, logIndex=6482, commits[1d6da99a-ba9a-4d72-abd2-d0f1aa02f12f:c6482, 9dc27687-2024-46ae-8b6e-c9027bfa400e:c6479, 9c9c57da-14dc-454a-b374-789aa5e765a9:c6479]
2019-09-16 23:35:36,792 [grpc-default-executor-6] INFO  client.GrpcClientProtocolClient (GrpcClientProtocolClient.java:onNext(264)) - client-C79DE3E06697->1d6da99a-ba9a-4d72-abd2-d0f1aa02f12f: receive RaftClientReply:client-C79DE3E06697->1d6da99a-ba9a-4d72-abd2-d0f1aa02f12f@group-B29EE812FB58, cid=4283, SUCCESS, logIndex=0, commits[1d6da99a-ba9a-4d72-abd2-d0f1aa02f12f:c6483, 9dc27687-2024-46ae-8b6e-c9027bfa400e:c6482, 9c9c57da-14dc-454a-b374-789aa5e765a9:c6482]
2019-09-16 23:35:36,829 [grpc-default-executor-6] INFO  client.GrpcClientProtocolClient (GrpcClientProtocolClient.java:onNext(264)) - client-C79DE3E06697->1d6da99a-ba9a-4d72-abd2-d0f1aa02f12f: receive RaftClientReply:client-C79DE3E06697->1d6da99a-ba9a-4d72-abd2-d0f1aa02f12f@group-B29EE812FB58, cid=4284, SUCCESS, logIndex=6484, commits[1d6da99a-ba9a-4d72-abd2-d0f1aa02f12f:c6485, 9dc27687-2024-46ae-8b6e-c9027bfa400e:c6483, 9c9c57da-14dc-454a-b374-789aa5e765a9:c6483]
2019-09-16 23:35:36,830 [grpc-default-executor-6] INFO  client.GrpcClientProtocolClient (GrpcClientProtocolClient.java:onNext(264)) - client-C79DE3E06697->1d6da99a-ba9a-4d72-abd2-d0f1aa02f12f: receive RaftClientReply:client-C79DE3E06697->1d6da99a-ba9a-4d72-abd2-d0f1aa02f12f@group-B29EE812FB58, cid=4285, SUCCESS, logIndex=6485, commits[1d6da99a-ba9a-4d72-abd2-d0f1aa02f12f:c6487, 9dc27687-2024-46ae-8b6e-c9027bfa400e:c6483, 9c9c57da-14dc-454a-b374-789aa5e765a9:c6483]
2019-09-16 23:35:36,830 [grpc-default-executor-6] INFO  client.GrpcClientProtocolClient (GrpcClientProtocolClient.java:onNext(264)) - client-C79DE3E06697->1d6da99a-ba9a-4d72-abd2-d0f1aa02f12f: receive RaftClientReply:client-C79DE3E06697->1d6da99a-ba9a-4d72-abd2-d0f1aa02f12f@group-B29EE812FB58, cid=4286, SUCCESS, logIndex=6486, commits[1d6da99a-ba9a-4d72-abd2-d0f1aa02f12f:c6487, 9dc27687-2024-46ae-8b6e-c9027bfa400e:c6483, 9c9c57da-14dc-454a-b374-789aa5e765a9:c6483]
2019-09-16 23:35:36,830 [grpc-default-executor-6] INFO  client.GrpcClientProtocolClient (GrpcClientProtocolClient.java:onNext(264)) - client-C79DE3E06697->1d6da99a-ba9a-4d72-abd2-d0f1aa02f12f: receive RaftClientReply:client-C79DE3E06697->1d6da99a-ba9a-4d72-abd2-d0f1aa02f12f@group-B29EE812FB58, cid=4287, SUCCESS, logIndex=6487, commits[1d6da99a-ba9a-4d72-abd2-d0f1aa02f12f:c6487, 9dc27687-2024-46ae-8b6e-c9027bfa400e:c6483, 9c9c57da-14dc-454a-b374-789aa5e765a9:c6483]
2019-09-16 23:35:36,840 [grpc-default-executor-6] INFO  client.GrpcClientProtocolClient (GrpcClientProtocolClient.java:onNext(264)) - client-C79DE3E06697->1d6da99a-ba9a-4d72-abd2-d0f1aa02f12f: receive RaftClientReply:client-C79DE3E06697->1d6da99a-ba9a-4d72-abd2-d0f1aa02f12f@group-B29EE812FB58, cid=4288, SUCCESS, logIndex=0, commits[1d6da99a-ba9a-4d72-abd2-d0f1aa02f12f:c6488, 9dc27687-2024-46ae-8b6e-c9027bfa400e:c6485, 9c9c57da-14dc-454a-b374-789aa5e765a9:c6485]
2019-09-16 23:35:36,862 [grpc-default-executor-3] INFO  client.GrpcClientProtocolClient (GrpcClientProtocolClient.java:onNext(264)) - client-C79DE3E06697->1d6da99a-ba9a-4d72-abd2-d0f1aa02f12f: receive RaftClientReply:client-C79DE3E06697->1d6da99a-ba9a-4d72-abd2-d0f1aa02f12f@group-B29EE812FB58, cid=4289, SUCCESS, logIndex=6492, commits[1d6da99a-ba9a-4d72-abd2-d0f1aa02f12f:c6493, 9dc27687-2024-46ae-8b6e-c9027bfa400e:c6491, 9c9c57da-14dc-454a-b374-789aa5e765a9:c6487]
2019-09-16 23:35:36,862 [grpc-default-executor-3] INFO  client.GrpcClientProtocolClient (GrpcClientProtocolClient.java:onNext(264)) - client-C79DE3E06697->1d6da99a-ba9a-4d72-abd2-d0f1aa02f12f: receive RaftClientReply:client-C79DE3E06697->1d6da99a-ba9a-4d72-abd2-d0f1aa02f12f@group-B29EE812FB58, cid=4290, SUCCESS, logIndex=6493, commits[1d6da99a-ba9a-4d72-abd2-d0f1aa02f12f:c6493, 9dc27687-2024-46ae-8b6e-c9027bfa400e:c6491, 9c9c57da-14dc-454a-b374-789aa5e765a9:c6491]
2019-09-16 23:35:36,875 [grpc-default-executor-6] INFO  client.GrpcClientProtocolClient (GrpcClientProtocolClient.java:onNext(264)) - client-C79DE3E06697->1d6da99a-ba9a-4d72-abd2-d0f1aa02f12f: receive RaftClientReply:client-C79DE3E06697->1d6da99a-ba9a-4d72-abd2-d0f1aa02f12f@group-B29EE812FB58, cid=4291, SUCCESS, logIndex=6495, commits[1d6da99a-ba9a-4d72-abd2-d0f1aa02f12f:c6496, 9dc27687-2024-46ae-8b6e-c9027bfa400e:c6493, 9c9c57da-14dc-454a-b374-789aa5e765a9:c6493]
2019-09-16 23:35:36,875 [grpc-default-executor-6] INFO  client.GrpcClientProtocolClient (GrpcClientProtocolClient.java:onNext(264)) - client-C79DE3E06697->1d6da99a-ba9a-4d72-abd2-d0f1aa02f12f: receive RaftClientReply:client-C79DE3E06697->1d6da99a-ba9a-4d72-abd2-d0f1aa02f12f@group-B29EE812FB58, cid=4292, SUCCESS, logIndex=6496, commits[1d6da99a-ba9a-4d72-abd2-d0f1aa02f12f:c6496, 9dc27687-2024-46ae-8b6e-c9027bfa400e:c6493, 9c9c57da-14dc-454a-b374-789aa5e765a9:c6493]
2019-09-16 23:35:36,887 [grpc-default-executor-6] INFO  client.GrpcClientProtocolClient (GrpcClientProtocolClient.java:onNext(264)) - client-C79DE3E06697->1d6da99a-ba9a-4d72-abd2-d0f1aa02f12f: receive RaftClientReply:client-C79DE3E06697->1d6da99a-ba9a-4d72-abd2-d0f1aa02f12f@group-B29EE812FB58, cid=4293, SUCCESS, logIndex=0, commits[1d6da99a-ba9a-4d72-abd2-d0f1aa02f12f:c6498, 9dc27687-2024-46ae-8b6e-c9027bfa400e:c6496, 9c9c57da-14dc-454a-b374-789aa5e765a9:c6496]
2019-09-16 23:35:36,930 [grpc-default-executor-0] INFO  client.GrpcClientProtocolClient (GrpcClientProtocolClient.java:onNext(264)) - client-C79DE3E06697->1d6da99a-ba9a-4d72-abd2-d0f1aa02f12f: receive RaftClientReply:client-C79DE3E06697->1d6da99a-ba9a-4d72-abd2-d0f1aa02f12f@group-B29EE812FB58, cid=4294, SUCCESS, logIndex=6499, commits[1d6da99a-ba9a-4d72-abd2-d0f1aa02f12f:c6500, 9dc27687-2024-46ae-8b6e-c9027bfa400e:c6498, 9c9c57da-14dc-454a-b374-789aa5e765a9:c6498]
2019-09-16 23:35:36,931 [grpc-default-executor-0] INFO  client.GrpcClientProtocolClient (GrpcClientProtocolClient.java:onNext(264)) - client-C79DE3E06697->1d6da99a-ba9a-4d72-abd2-d0f1aa02f12f: receive RaftClientReply:client-C79DE3E06697->1d6da99a-ba9a-4d72-abd2-d0f1aa02f12f@group-B29EE812FB58, cid=4295, SUCCESS, logIndex=6500, commits[1d6da99a-ba9a-4d72-abd2-d0f1aa02f12f:c6500, 9dc27687-2024-46ae-8b6e-c9027bfa400e:c6498, 9c9c57da-14dc-454a-b374-789aa5e765a9:c6498]
2019-09-16 23:35:36,933 [grpc-default-executor-3] INFO  client.GrpcClientProtocolClient (GrpcClientProtocolClient.java:onNext(264)) - client-C79DE3E06697->1d6da99a-ba9a-4d72-abd2-d0f1aa02f12f: receive RaftClientReply:client-C79DE3E06697->1d6da99a-ba9a-4d72-abd2-d0f1aa02f12f@group-B29EE812FB58, cid=4296, SUCCESS, logIndex=6501, commits[1d6da99a-ba9a-4d72-abd2-d0f1aa02f12f:c6502, 9dc27687-2024-46ae-8b6e-c9027bfa400e:c6498, 9c9c57da-14dc-454a-b374-789aa5e765a9:c6498]
2019-09-16 23:35:36,933 [grpc-default-executor-3] INFO  client.GrpcClientProtocolClient (GrpcClientProtocolClient.java:onNext(264)) - client-C79DE3E06697->1d6da99a-ba9a-4d72-abd2-d0f1aa02f12f: receive RaftClientReply:client-C79DE3E06697->1d6da99a-ba9a-4d72-abd2-d0f1aa02f12f@group-B29EE812FB58, cid=4297, SUCCESS, logIndex=6502, commits[1d6da99a-ba9a-4d72-abd2-d0f1aa02f12f:c6502, 9dc27687-2024-46ae-8b6e-c9027bfa400e:c6498, 9c9c57da-14dc-454a-b374-789aa5e765a9:c6498]
2019-09-16 23:35:36,935 [grpc-default-executor-0] INFO  client.GrpcClientProtocolClient (GrpcClientProtocolClient.java:onNext(264)) - client-C79DE3E06697->1d6da99a-ba9a-4d72-abd2-d0f1aa02f12f: receive RaftClientReply:client-C79DE3E06697->1d6da99a-ba9a-4d72-abd2-d0f1aa02f12f@group-B29EE812FB58, cid=4298, SUCCESS, logIndex=0, commits[1d6da99a-ba9a-4d72-abd2-d0f1aa02f12f:c6504, 9dc27687-2024-46ae-8b6e-c9027bfa400e:c6500, 9c9c57da-14dc-454a-b374-789aa5e765a9:c6500]
2019-09-16 23:35:36,961 [grpc-default-executor-0] INFO  client.GrpcClientProtocolClient (GrpcClientProtocolClient.java:onNext(264)) - client-C79DE3E06697->1d6da99a-ba9a-4d72-abd2-d0f1aa02f12f: receive RaftClientReply:client-C79DE3E06697->1d6da99a-ba9a-4d72-abd2-d0f1aa02f12f@group-B29EE812FB58, cid=4299, SUCCESS, logIndex=6507, commits[1d6da99a-ba9a-4d72-abd2-d0f1aa02f12f:c6508, 9dc27687-2024-46ae-8b6e-c9027bfa400e:c6506, 9c9c57da-14dc-454a-b374-789aa5e765a9:c6502]
2019-09-16 23:35:36,961 [grpc-default-executor-0] INFO  client.GrpcClientProtocolClient (GrpcClientProtocolClient.java:onNext(264)) - client-C79DE3E06697->1d6da99a-ba9a-4d72-abd2-d0f1aa02f12f: receive RaftClientReply:client-C79DE3E06697->1d6da99a-ba9a-4d72-abd2-d0f1aa02f12f@group-B29EE812FB58, cid=4300, SUCCESS, logIndex=6508, commits[1d6da99a-ba9a-4d72-abd2-d0f1aa02f12f:c6508, 9dc27687-2024-46ae-8b6e-c9027bfa400e:c6506, 9c9c57da-14dc-454a-b374-789aa5e765a9:c6506]
 0.00% |█                                                                                                    |  0/1 Time: 0:00:542019-09-16 23:35:36,987 [grpc-default-executor-3] INFO  client.GrpcClientProtocolClient (GrpcClientProtocolClient.java:onNext(264)) - client-C79DE3E06697->1d6da99a-ba9a-4d72-abd2-d0f1aa02f12f: receive RaftClientReply:client-C79DE3E06697->1d6da99a-ba9a-4d72-abd2-d0f1aa02f12f@group-B29EE812FB58, cid=4301, SUCCESS, logIndex=6511, commits[1d6da99a-ba9a-4d72-abd2-d0f1aa02f12f:c6512, 9dc27687-2024-46ae-8b6e-c9027bfa400e:c6508, 9c9c57da-14dc-454a-b374-789aa5e765a9:c6508]
2019-09-16 23:35:36,987 [grpc-default-executor-3] INFO  client.GrpcClientProtocolClient (GrpcClientProtocolClient.java:onNext(264)) - client-C79DE3E06697->1d6da99a-ba9a-4d72-abd2-d0f1aa02f12f: receive RaftClientReply:client-C79DE3E06697->1d6da99a-ba9a-4d72-abd2-d0f1aa02f12f@group-B29EE812FB58, cid=4302, SUCCESS, logIndex=6512, commits[1d6da99a-ba9a-4d72-abd2-d0f1aa02f12f:c6512, 9dc27687-2024-46ae-8b6e-c9027bfa400e:c6508, 9c9c57da-14dc-454a-b374-789aa5e765a9:c6508]
2019-09-16 23:35:36,990 [grpc-default-executor-3] INFO  client.GrpcClientProtocolClient (GrpcClientProtocolClient.java:onNext(264)) - client-C79DE3E06697->1d6da99a-ba9a-4d72-abd2-d0f1aa02f12f: receive RaftClientReply:client-C79DE3E06697->1d6da99a-ba9a-4d72-abd2-d0f1aa02f12f@group-B29EE812FB58, cid=4303, SUCCESS, logIndex=0, commits[1d6da99a-ba9a-4d72-abd2-d0f1aa02f12f:c6513, 9dc27687-2024-46ae-8b6e-c9027bfa400e:c6512, 9c9c57da-14dc-454a-b374-789aa5e765a9:c6512]
2019-09-16 23:35:37,034 [grpc-default-executor-1] INFO  client.GrpcClientProtocolClient (GrpcClientProtocolClient.java:onNext(264)) - client-C79DE3E06697->1d6da99a-ba9a-4d72-abd2-d0f1aa02f12f: receive RaftClientReply:client-C79DE3E06697->1d6da99a-ba9a-4d72-abd2-d0f1aa02f12f@group-B29EE812FB58, cid=4304, SUCCESS, logIndex=6515, commits[1d6da99a-ba9a-4d72-abd2-d0f1aa02f12f:c6516, 9dc27687-2024-46ae-8b6e-c9027bfa400e:c6514, 9c9c57da-14dc-454a-b374-789aa5e765a9:c6514]
2019-09-16 23:35:37,036 [grpc-default-executor-1] INFO  client.GrpcClientProtocolClient (GrpcClientProtocolClient.java:onNext(264)) - client-C79DE3E06697->1d6da99a-ba9a-4d72-abd2-d0f1aa02f12f: receive RaftClientReply:client-C79DE3E06697->1d6da99a-ba9a-4d72-abd2-d0f1aa02f12f@group-B29EE812FB58, cid=4305, SUCCESS, logIndex=6516, commits[1d6da99a-ba9a-4d72-abd2-d0f1aa02f12f:c6516, 9dc27687-2024-46ae-8b6e-c9027bfa400e:c6514, 9c9c57da-14dc-454a-b374-789aa5e765a9:c6514]
2019-09-16 23:35:37,036 [grpc-default-executor-1] INFO  client.GrpcClientProtocolClient (GrpcClientProtocolClient.java:onNext(264)) - client-C79DE3E06697->1d6da99a-ba9a-4d72-abd2-d0f1aa02f12f: receive RaftClientReply:client-C79DE3E06697->1d6da99a-ba9a-4d72-abd2-d0f1aa02f12f@group-B29EE812FB58, cid=4306, SUCCESS, logIndex=6517, commits[1d6da99a-ba9a-4d72-abd2-d0f1aa02f12f:c6518, 9dc27687-2024-46ae-8b6e-c9027bfa400e:c6514, 9c9c57da-14dc-454a-b374-789aa5e765a9:c6514]
2019-09-16 23:35:37,037 [grpc-default-executor-1] INFO  client.GrpcClientProtocolClient (GrpcClientProtocolClient.java:onNext(264)) - client-C79DE3E06697->1d6da99a-ba9a-4d72-abd2-d0f1aa02f12f: receive RaftClientReply:client-C79DE3E06697->1d6da99a-ba9a-4d72-abd2-d0f1aa02f12f@group-B29EE812FB58, cid=4307, SUCCESS, logIndex=6518, commits[1d6da99a-ba9a-4d72-abd2-d0f1aa02f12f:c6518, 9dc27687-2024-46ae-8b6e-c9027bfa400e:c6514, 9c9c57da-14dc-454a-b374-789aa5e765a9:c6514]
2019-09-16 23:35:37,047 [grpc-default-executor-1] INFO  client.GrpcClientProtocolClient (GrpcClientProtocolClient.java:onNext(264)) - client-C79DE3E06697->1d6da99a-ba9a-4d72-abd2-d0f1aa02f12f: receive RaftClientReply:client-C79DE3E06697->1d6da99a-ba9a-4d72-abd2-d0f1aa02f12f@group-B29EE812FB58, cid=4308, SUCCESS, logIndex=0, commits[1d6da99a-ba9a-4d72-abd2-d0f1aa02f12f:c6520, 9dc27687-2024-46ae-8b6e-c9027bfa400e:c6516, 9c9c57da-14dc-454a-b374-789aa5e765a9:c6516]
2019-09-16 23:35:37,070 [grpc-default-executor-0] INFO  client.GrpcClientProtocolClient (GrpcClientProtocolClient.java:onNext(264)) - client-C79DE3E06697->1d6da99a-ba9a-4d72-abd2-d0f1aa02f12f: receive RaftClientReply:client-C79DE3E06697->1d6da99a-ba9a-4d72-abd2-d0f1aa02f12f@group-B29EE812FB58, cid=4309, SUCCESS, logIndex=6523, commits[1d6da99a-ba9a-4d72-abd2-d0f1aa02f12f:c6524, 9dc27687-2024-46ae-8b6e-c9027bfa400e:c6522, 9c9c57da-14dc-454a-b374-789aa5e765a9:c6522]
2019-09-16 23:35:37,070 [grpc-default-executor-0] INFO  client.GrpcClientProtocolClient (GrpcClientProtocolClient.java:onNext(264)) - client-C79DE3E06697->1d6da99a-ba9a-4d72-abd2-d0f1aa02f12f: receive RaftClientReply:client-C79DE3E06697->1d6da99a-ba9a-4d72-abd2-d0f1aa02f12f@group-B29EE812FB58, cid=4310, SUCCESS, logIndex=6524, commits[1d6da99a-ba9a-4d72-abd2-d0f1aa02f12f:c6524, 9dc27687-2024-46ae-8b6e-c9027bfa400e:c6522, 9c9c57da-14dc-454a-b374-789aa5e765a9:c6522]
2019-09-16 23:35:37,504 [grpc-default-executor-1] INFO  client.GrpcClientProtocolClient (GrpcClientProtocolClient.java:onNext(264)) - client-C79DE3E06697->1d6da99a-ba9a-4d72-abd2-d0f1aa02f12f: receive RaftClientReply:client-C79DE3E06697->1d6da99a-ba9a-4d72-abd2-d0f1aa02f12f@group-B29EE812FB58, cid=4311, SUCCESS, logIndex=6527, commits[1d6da99a-ba9a-4d72-abd2-d0f1aa02f12f:c6528, 9dc27687-2024-46ae-8b6e-c9027bfa400e:c6524, 9c9c57da-14dc-454a-b374-789aa5e765a9:c6524]
2019-09-16 23:35:37,505 [grpc-default-executor-1] INFO  client.GrpcClientProtocolClient (GrpcClientProtocolClient.java:onNext(264)) - client-C79DE3E06697->1d6da99a-ba9a-4d72-abd2-d0f1aa02f12f: receive RaftClientReply:client-C79DE3E06697->1d6da99a-ba9a-4d72-abd2-d0f1aa02f12f@group-B29EE812FB58, cid=4312, SUCCESS, logIndex=6528, commits[1d6da99a-ba9a-4d72-abd2-d0f1aa02f12f:c6528, 9dc27687-2024-46ae-8b6e-c9027bfa400e:c6524, 9c9c57da-14dc-454a-b374-789aa5e765a9:c6524]
2019-09-16 23:35:37,514 [grpc-default-executor-1] INFO  client.GrpcClientProtocolClient (GrpcClientProtocolClient.java:onNext(264)) - client-C79DE3E06697->1d6da99a-ba9a-4d72-abd2-d0f1aa02f12f: receive RaftClientReply:client-C79DE3E06697->1d6da99a-ba9a-4d72-abd2-d0f1aa02f12f@group-B29EE812FB58, cid=4313, SUCCESS, logIndex=0, commits[1d6da99a-ba9a-4d72-abd2-d0f1aa02f12f:c6529, 9dc27687-2024-46ae-8b6e-c9027bfa400e:c6528, 9c9c57da-14dc-454a-b374-789aa5e765a9:c6528]
2019-09-16 23:35:37,573 [grpc-default-executor-6] INFO  client.GrpcClientProtocolClient (GrpcClientProtocolClient.java:onNext(264)) - client-C79DE3E06697->1d6da99a-ba9a-4d72-abd2-d0f1aa02f12f: receive RaftClientReply:client-C79DE3E06697->1d6da99a-ba9a-4d72-abd2-d0f1aa02f12f@group-B29EE812FB58, cid=4314, SUCCESS, logIndex=6531, commits[1d6da99a-ba9a-4d72-abd2-d0f1aa02f12f:c6532, 9dc27687-2024-46ae-8b6e-c9027bfa400e:c6530, 9c9c57da-14dc-454a-b374-789aa5e765a9:c6530]
2019-09-16 23:35:37,574 [grpc-default-executor-6] INFO  client.GrpcClientProtocolClient (GrpcClientProtocolClient.java:onNext(264)) - client-C79DE3E06697->1d6da99a-ba9a-4d72-abd2-d0f1aa02f12f: receive RaftClientReply:client-C79DE3E06697->1d6da99a-ba9a-4d72-abd2-d0f1aa02f12f@group-B29EE812FB58, cid=4315, SUCCESS, logIndex=6532, commits[1d6da99a-ba9a-4d72-abd2-d0f1aa02f12f:c6533, 9dc27687-2024-46ae-8b6e-c9027bfa400e:c6530, 9c9c57da-14dc-454a-b374-789aa5e765a9:c6530]
2019-09-16 23:35:37,574 [grpc-default-executor-6] INFO  client.GrpcClientProtocolClient (GrpcClientProtocolClient.java:onNext(264)) - client-C79DE3E06697->1d6da99a-ba9a-4d72-abd2-d0f1aa02f12f: receive RaftClientReply:client-C79DE3E06697->1d6da99a-ba9a-4d72-abd2-d0f1aa02f12f@group-B29EE812FB58, cid=4316, SUCCESS, logIndex=6533, commits[1d6da99a-ba9a-4d72-abd2-d0f1aa02f12f:c6534, 9dc27687-2024-46ae-8b6e-c9027bfa400e:c6530, 9c9c57da-14dc-454a-b374-789aa5e765a9:c6530]
2019-09-16 23:35:37,574 [grpc-default-executor-6] INFO  client.GrpcClientProtocolClient (GrpcClientProtocolClient.java:onNext(264)) - client-C79DE3E06697->1d6da99a-ba9a-4d72-abd2-d0f1aa02f12f: receive RaftClientReply:client-C79DE3E06697->1d6da99a-ba9a-4d72-abd2-d0f1aa02f12f@group-B29EE812FB58, cid=4317, SUCCESS, logIndex=6534, commits[1d6da99a-ba9a-4d72-abd2-d0f1aa02f12f:c6534, 9dc27687-2024-46ae-8b6e-c9027bfa400e:c6530, 9c9c57da-14dc-454a-b374-789aa5e765a9:c6530]
2019-09-16 23:35:37,586 [grpc-default-executor-6] INFO  client.GrpcClientProtocolClient (GrpcClientProtocolClient.java:onNext(264)) - client-C79DE3E06697->1d6da99a-ba9a-4d72-abd2-d0f1aa02f12f: receive RaftClientReply:client-C79DE3E06697->1d6da99a-ba9a-4d72-abd2-d0f1aa02f12f@group-B29EE812FB58, cid=4318, SUCCESS, logIndex=0, commits[1d6da99a-ba9a-4d72-abd2-d0f1aa02f12f:c6536, 9dc27687-2024-46ae-8b6e-c9027bfa400e:c6532, 9c9c57da-14dc-454a-b374-789aa5e765a9:c6532]
2019-09-16 23:35:37,610 [grpc-default-executor-1] INFO  client.GrpcClientProtocolClient (GrpcClientProtocolClient.java:onNext(264)) - client-C79DE3E06697->1d6da99a-ba9a-4d72-abd2-d0f1aa02f12f: receive RaftClientReply:client-C79DE3E06697->1d6da99a-ba9a-4d72-abd2-d0f1aa02f12f@group-B29EE812FB58, cid=4319, SUCCESS, logIndex=6539, commits[1d6da99a-ba9a-4d72-abd2-d0f1aa02f12f:c6540, 9dc27687-2024-46ae-8b6e-c9027bfa400e:c6538, 9c9c57da-14dc-454a-b374-789aa5e765a9:c6538]
2019-09-16 23:35:37,611 [grpc-default-executor-1] INFO  client.GrpcClientProtocolClient (GrpcClientProtocolClient.java:onNext(264)) - client-C79DE3E06697->1d6da99a-ba9a-4d72-abd2-d0f1aa02f12f: receive RaftClientReply:client-C79DE3E06697->1d6da99a-ba9a-4d72-abd2-d0f1aa02f12f@group-B29EE812FB58, cid=4320, SUCCESS, logIndex=6540, commits[1d6da99a-ba9a-4d72-abd2-d0f1aa02f12f:c6540, 9dc27687-2024-46ae-8b6e-c9027bfa400e:c6538, 9c9c57da-14dc-454a-b374-789aa5e765a9:c6538]
2019-09-16 23:35:37,633 [grpc-default-executor-3] INFO  client.GrpcClientProtocolClient (GrpcClientProtocolClient.java:onNext(264)) - client-C79DE3E06697->1d6da99a-ba9a-4d72-abd2-d0f1aa02f12f: receive RaftClientReply:client-C79DE3E06697->1d6da99a-ba9a-4d72-abd2-d0f1aa02f12f@group-B29EE812FB58, cid=4321, SUCCESS, logIndex=6543, commits[1d6da99a-ba9a-4d72-abd2-d0f1aa02f12f:c6544, 9dc27687-2024-46ae-8b6e-c9027bfa400e:c6542, 9c9c57da-14dc-454a-b374-789aa5e765a9:c6542]
2019-09-16 23:35:37,633 [grpc-default-executor-3] INFO  client.GrpcClientProtocolClient (GrpcClientProtocolClient.java:onNext(264)) - client-C79DE3E06697->1d6da99a-ba9a-4d72-abd2-d0f1aa02f12f: receive RaftClientReply:client-C79DE3E06697->1d6da99a-ba9a-4d72-abd2-d0f1aa02f12f@group-B29EE812FB58, cid=4322, SUCCESS, logIndex=6544, commits[1d6da99a-ba9a-4d72-abd2-d0f1aa02f12f:c6544, 9dc27687-2024-46ae-8b6e-c9027bfa400e:c6542, 9c9c57da-14dc-454a-b374-789aa5e765a9:c6542]
2019-09-16 23:35:37,852 [grpc-default-executor-1] INFO  client.GrpcClientProtocolClient (GrpcClientProtocolClient.java:onNext(264)) - client-C79DE3E06697->1d6da99a-ba9a-4d72-abd2-d0f1aa02f12f: receive RaftClientReply:client-C79DE3E06697->1d6da99a-ba9a-4d72-abd2-d0f1aa02f12f@group-B29EE812FB58, cid=4323, SUCCESS, logIndex=0, commits[1d6da99a-ba9a-4d72-abd2-d0f1aa02f12f:c6546, 9dc27687-2024-46ae-8b6e-c9027bfa400e:c6544, 9c9c57da-14dc-454a-b374-789aa5e765a9:c6544]
2019-09-16 23:35:37,895 [grpc-default-executor-3] INFO  client.GrpcClientProtocolClient (GrpcClientProtocolClient.java:onNext(264)) - client-C79DE3E06697->1d6da99a-ba9a-4d72-abd2-d0f1aa02f12f: receive RaftClientReply:client-C79DE3E06697->1d6da99a-ba9a-4d72-abd2-d0f1aa02f12f@group-B29EE812FB58, cid=4324, SUCCESS, logIndex=6547, commits[1d6da99a-ba9a-4d72-abd2-d0f1aa02f12f:c6548, 9dc27687-2024-46ae-8b6e-c9027bfa400e:c6546, 9c9c57da-14dc-454a-b374-789aa5e765a9:c6546]
2019-09-16 23:35:37,895 [grpc-default-executor-3] INFO  client.GrpcClientProtocolClient (GrpcClientProtocolClient.java:onNext(264)) - client-C79DE3E06697->1d6da99a-ba9a-4d72-abd2-d0f1aa02f12f: receive RaftClientReply:client-C79DE3E06697->1d6da99a-ba9a-4d72-abd2-d0f1aa02f12f@group-B29EE812FB58, cid=4325, SUCCESS, logIndex=6548, commits[1d6da99a-ba9a-4d72-abd2-d0f1aa02f12f:c6550, 9dc27687-2024-46ae-8b6e-c9027bfa400e:c6546, 9c9c57da-14dc-454a-b374-789aa5e765a9:c6546]
2019-09-16 23:35:37,896 [grpc-default-executor-3] INFO  client.GrpcClientProtocolClient (GrpcClientProtocolClient.java:onNext(264)) - client-C79DE3E06697->1d6da99a-ba9a-4d72-abd2-d0f1aa02f12f: receive RaftClientReply:client-C79DE3E06697->1d6da99a-ba9a-4d72-abd2-d0f1aa02f12f@group-B29EE812FB58, cid=4326, SUCCESS, logIndex=6549, commits[1d6da99a-ba9a-4d72-abd2-d0f1aa02f12f:c6550, 9dc27687-2024-46ae-8b6e-c9027bfa400e:c6547, 9c9c57da-14dc-454a-b374-789aa5e765a9:c6546]
2019-09-16 23:35:37,896 [grpc-default-executor-3] INFO  client.GrpcClientProtocolClient (GrpcClientProtocolClient.java:onNext(264)) - client-C79DE3E06697->1d6da99a-ba9a-4d72-abd2-d0f1aa02f12f: receive RaftClientReply:client-C79DE3E06697->1d6da99a-ba9a-4d72-abd2-d0f1aa02f12f@group-B29EE812FB58, cid=4327, SUCCESS, logIndex=6550, commits[1d6da99a-ba9a-4d72-abd2-d0f1aa02f12f:c6551, 9dc27687-2024-46ae-8b6e-c9027bfa400e:c6547, 9c9c57da-14dc-454a-b374-789aa5e765a9:c6546]
2019-09-16 23:35:37,897 [grpc-default-executor-3] INFO  client.GrpcClientProtocolClient (GrpcClientProtocolClient.java:onNext(264)) - client-C79DE3E06697->1d6da99a-ba9a-4d72-abd2-d0f1aa02f12f: receive RaftClientReply:client-C79DE3E06697->1d6da99a-ba9a-4d72-abd2-d0f1aa02f12f@group-B29EE812FB58, cid=4328, SUCCESS, logIndex=0, commits[1d6da99a-ba9a-4d72-abd2-d0f1aa02f12f:c6552, 9dc27687-2024-46ae-8b6e-c9027bfa400e:c6548, 9c9c57da-14dc-454a-b374-789aa5e765a9:c6548]
2019-09-16 23:35:37,919 [grpc-default-executor-0] INFO  client.GrpcClientProtocolClient (GrpcClientProtocolClient.java:onNext(264)) - client-C79DE3E06697->1d6da99a-ba9a-4d72-abd2-d0f1aa02f12f: receive RaftClientReply:client-C79DE3E06697->1d6da99a-ba9a-4d72-abd2-d0f1aa02f12f@group-B29EE812FB58, cid=4329, SUCCESS, logIndex=6554, commits[1d6da99a-ba9a-4d72-abd2-d0f1aa02f12f:c6555, 9dc27687-2024-46ae-8b6e-c9027bfa400e:c6553, 9c9c57da-14dc-454a-b374-789aa5e765a9:c6553]
2019-09-16 23:35:37,920 [grpc-default-executor-0] INFO  client.GrpcClientProtocolClient (GrpcClientProtocolClient.java:onNext(264)) - client-C79DE3E06697->1d6da99a-ba9a-4d72-abd2-d0f1aa02f12f: receive RaftClientReply:client-C79DE3E06697->1d6da99a-ba9a-4d72-abd2-d0f1aa02f12f@group-B29EE812FB58, cid=4330, SUCCESS, logIndex=6555, commits[1d6da99a-ba9a-4d72-abd2-d0f1aa02f12f:c6555, 9dc27687-2024-46ae-8b6e-c9027bfa400e:c6553, 9c9c57da-14dc-454a-b374-789aa5e765a9:c6553]
2019-09-16 23:35:37,945 [grpc-default-executor-1] INFO  client.GrpcClientProtocolClient (GrpcClientProtocolClient.java:onNext(264)) - client-C79DE3E06697->1d6da99a-ba9a-4d72-abd2-d0f1aa02f12f: receive RaftClientReply:client-C79DE3E06697->1d6da99a-ba9a-4d72-abd2-d0f1aa02f12f@group-B29EE812FB58, cid=4331, SUCCESS, logIndex=6558, commits[1d6da99a-ba9a-4d72-abd2-d0f1aa02f12f:c6559, 9dc27687-2024-46ae-8b6e-c9027bfa400e:c6555, 9c9c57da-14dc-454a-b374-789aa5e765a9:c6555]
2019-09-16 23:35:37,945 [grpc-default-executor-1] INFO  client.GrpcClientProtocolClient (GrpcClientProtocolClient.java:onNext(264)) - client-C79DE3E06697->1d6da99a-ba9a-4d72-abd2-d0f1aa02f12f: receive RaftClientReply:client-C79DE3E06697->1d6da99a-ba9a-4d72-abd2-d0f1aa02f12f@group-B29EE812FB58, cid=4332, SUCCESS, logIndex=6559, commits[1d6da99a-ba9a-4d72-abd2-d0f1aa02f12f:c6559, 9dc27687-2024-46ae-8b6e-c9027bfa400e:c6555, 9c9c57da-14dc-454a-b374-789aa5e765a9:c6555]
2019-09-16 23:35:37,957 [grpc-default-executor-1] INFO  client.GrpcClientProtocolClient (GrpcClientProtocolClient.java:onNext(264)) - client-C79DE3E06697->1d6da99a-ba9a-4d72-abd2-d0f1aa02f12f: receive RaftClientReply:client-C79DE3E06697->1d6da99a-ba9a-4d72-abd2-d0f1aa02f12f@group-B29EE812FB58, cid=4333, SUCCESS, logIndex=0, commits[1d6da99a-ba9a-4d72-abd2-d0f1aa02f12f:c6560, 9dc27687-2024-46ae-8b6e-c9027bfa400e:c6559, 9c9c57da-14dc-454a-b374-789aa5e765a9:c6559]
 0.00% |█                                                                                                    |  0/1 Time: 0:00:552019-09-16 23:35:38,003 [grpc-default-executor-3] INFO  client.GrpcClientProtocolClient (GrpcClientProtocolClient.java:onNext(264)) - client-C79DE3E06697->1d6da99a-ba9a-4d72-abd2-d0f1aa02f12f: receive RaftClientReply:client-C79DE3E06697->1d6da99a-ba9a-4d72-abd2-d0f1aa02f12f@group-B29EE812FB58, cid=4334, SUCCESS, logIndex=6562, commits[1d6da99a-ba9a-4d72-abd2-d0f1aa02f12f:c6563, 9dc27687-2024-46ae-8b6e-c9027bfa400e:c6561, 9c9c57da-14dc-454a-b374-789aa5e765a9:c6561]
2019-09-16 23:35:38,004 [grpc-default-executor-3] INFO  client.GrpcClientProtocolClient (GrpcClientProtocolClient.java:onNext(264)) - client-C79DE3E06697->1d6da99a-ba9a-4d72-abd2-d0f1aa02f12f: receive RaftClientReply:client-C79DE3E06697->1d6da99a-ba9a-4d72-abd2-d0f1aa02f12f@group-B29EE812FB58, cid=4335, SUCCESS, logIndex=6563, commits[1d6da99a-ba9a-4d72-abd2-d0f1aa02f12f:c6563, 9dc27687-2024-46ae-8b6e-c9027bfa400e:c6561, 9c9c57da-14dc-454a-b374-789aa5e765a9:c6561]
2019-09-16 23:35:38,004 [grpc-default-executor-3] INFO  client.GrpcClientProtocolClient (GrpcClientProtocolClient.java:onNext(264)) - client-C79DE3E06697->1d6da99a-ba9a-4d72-abd2-d0f1aa02f12f: receive RaftClientReply:client-C79DE3E06697->1d6da99a-ba9a-4d72-abd2-d0f1aa02f12f@group-B29EE812FB58, cid=4336, SUCCESS, logIndex=6564, commits[1d6da99a-ba9a-4d72-abd2-d0f1aa02f12f:c6565, 9dc27687-2024-46ae-8b6e-c9027bfa400e:c6561, 9c9c57da-14dc-454a-b374-789aa5e765a9:c6561]
2019-09-16 23:35:38,005 [grpc-default-executor-3] INFO  client.GrpcClientProtocolClient (GrpcClientProtocolClient.java:onNext(264)) - client-C79DE3E06697->1d6da99a-ba9a-4d72-abd2-d0f1aa02f12f: receive RaftClientReply:client-C79DE3E06697->1d6da99a-ba9a-4d72-abd2-d0f1aa02f12f@group-B29EE812FB58, cid=4337, SUCCESS, logIndex=6565, commits[1d6da99a-ba9a-4d72-abd2-d0f1aa02f12f:c6565, 9dc27687-2024-46ae-8b6e-c9027bfa400e:c6561, 9c9c57da-14dc-454a-b374-789aa5e765a9:c6561]
2019-09-16 23:35:38,018 [grpc-default-executor-3] INFO  client.GrpcClientProtocolClient (GrpcClientProtocolClient.java:onNext(264)) - client-C79DE3E06697->1d6da99a-ba9a-4d72-abd2-d0f1aa02f12f: receive RaftClientReply:client-C79DE3E06697->1d6da99a-ba9a-4d72-abd2-d0f1aa02f12f@group-B29EE812FB58, cid=4338, SUCCESS, logIndex=0, commits[1d6da99a-ba9a-4d72-abd2-d0f1aa02f12f:c6567, 9dc27687-2024-46ae-8b6e-c9027bfa400e:c6563, 9c9c57da-14dc-454a-b374-789aa5e765a9:c6563]
2019-09-16 23:35:38,037 [grpc-default-executor-0] INFO  client.GrpcClientProtocolClient (GrpcClientProtocolClient.java:onNext(264)) - client-C79DE3E06697->1d6da99a-ba9a-4d72-abd2-d0f1aa02f12f: receive RaftClientReply:client-C79DE3E06697->1d6da99a-ba9a-4d72-abd2-d0f1aa02f12f@group-B29EE812FB58, cid=4339, SUCCESS, logIndex=6569, commits[1d6da99a-ba9a-4d72-abd2-d0f1aa02f12f:c6570, 9dc27687-2024-46ae-8b6e-c9027bfa400e:c6565, 9c9c57da-14dc-454a-b374-789aa5e765a9:c6568]
2019-09-16 23:35:38,037 [grpc-default-executor-0] INFO  client.GrpcClientProtocolClient (GrpcClientProtocolClient.java:onNext(264)) - client-C79DE3E06697->1d6da99a-ba9a-4d72-abd2-d0f1aa02f12f: receive RaftClientReply:client-C79DE3E06697->1d6da99a-ba9a-4d72-abd2-d0f1aa02f12f@group-B29EE812FB58, cid=4340, SUCCESS, logIndex=6570, commits[1d6da99a-ba9a-4d72-abd2-d0f1aa02f12f:c6570, 9dc27687-2024-46ae-8b6e-c9027bfa400e:c6568, 9c9c57da-14dc-454a-b374-789aa5e765a9:c6568]
2019-09-16 23:35:38,059 [grpc-default-executor-3] INFO  client.GrpcClientProtocolClient (GrpcClientProtocolClient.java:onNext(264)) - client-C79DE3E06697->1d6da99a-ba9a-4d72-abd2-d0f1aa02f12f: receive RaftClientReply:client-C79DE3E06697->1d6da99a-ba9a-4d72-abd2-d0f1aa02f12f@group-B29EE812FB58, cid=4341, SUCCESS, logIndex=6573, commits[1d6da99a-ba9a-4d72-abd2-d0f1aa02f12f:c6574, 9dc27687-2024-46ae-8b6e-c9027bfa400e:c6572, 9c9c57da-14dc-454a-b374-789aa5e765a9:c6572]
2019-09-16 23:35:38,059 [grpc-default-executor-3] INFO  client.GrpcClientProtocolClient (GrpcClientProtocolClient.java:onNext(264)) - client-C79DE3E06697->1d6da99a-ba9a-4d72-abd2-d0f1aa02f12f: receive RaftClientReply:client-C79DE3E06697->1d6da99a-ba9a-4d72-abd2-d0f1aa02f12f@group-B29EE812FB58, cid=4342, SUCCESS, logIndex=6574, commits[1d6da99a-ba9a-4d72-abd2-d0f1aa02f12f:c6574, 9dc27687-2024-46ae-8b6e-c9027bfa400e:c6572, 9c9c57da-14dc-454a-b374-789aa5e765a9:c6572]
2019-09-16 23:35:38,070 [grpc-default-executor-3] INFO  client.GrpcClientProtocolClient (GrpcClientProtocolClient.java:onNext(264)) - client-C79DE3E06697->1d6da99a-ba9a-4d72-abd2-d0f1aa02f12f: receive RaftClientReply:client-C79DE3E06697->1d6da99a-ba9a-4d72-abd2-d0f1aa02f12f@group-B29EE812FB58, cid=4343, SUCCESS, logIndex=0, commits[1d6da99a-ba9a-4d72-abd2-d0f1aa02f12f:c6575, 9dc27687-2024-46ae-8b6e-c9027bfa400e:c6574, 9c9c57da-14dc-454a-b374-789aa5e765a9:c6574]
2019-09-16 23:35:38,111 [grpc-default-executor-0] INFO  client.GrpcClientProtocolClient (GrpcClientProtocolClient.java:onNext(264)) - client-C79DE3E06697->1d6da99a-ba9a-4d72-abd2-d0f1aa02f12f: receive RaftClientReply:client-C79DE3E06697->1d6da99a-ba9a-4d72-abd2-d0f1aa02f12f@group-B29EE812FB58, cid=4344, SUCCESS, logIndex=6577, commits[1d6da99a-ba9a-4d72-abd2-d0f1aa02f12f:c6578, 9dc27687-2024-46ae-8b6e-c9027bfa400e:c6574, 9c9c57da-14dc-454a-b374-789aa5e765a9:c6576]
2019-09-16 23:35:38,112 [grpc-default-executor-0] INFO  client.GrpcClientProtocolClient (GrpcClientProtocolClient.java:onNext(264)) - client-C79DE3E06697->1d6da99a-ba9a-4d72-abd2-d0f1aa02f12f: receive RaftClientReply:client-C79DE3E06697->1d6da99a-ba9a-4d72-abd2-d0f1aa02f12f@group-B29EE812FB58, cid=4345, SUCCESS, logIndex=6578, commits[1d6da99a-ba9a-4d72-abd2-d0f1aa02f12f:c6578, 9dc27687-2024-46ae-8b6e-c9027bfa400e:c6574, 9c9c57da-14dc-454a-b374-789aa5e765a9:c6576]
2019-09-16 23:35:38,113 [grpc-default-executor-1] INFO  client.GrpcClientProtocolClient (GrpcClientProtocolClient.java:onNext(264)) - client-C79DE3E06697->1d6da99a-ba9a-4d72-abd2-d0f1aa02f12f: receive RaftClientReply:client-C79DE3E06697->1d6da99a-ba9a-4d72-abd2-d0f1aa02f12f@group-B29EE812FB58, cid=4346, SUCCESS, logIndex=6579, commits[1d6da99a-ba9a-4d72-abd2-d0f1aa02f12f:c6580, 9dc27687-2024-46ae-8b6e-c9027bfa400e:c6576, 9c9c57da-14dc-454a-b374-789aa5e765a9:c6576]
2019-09-16 23:35:38,113 [grpc-default-executor-1] INFO  client.GrpcClientProtocolClient (GrpcClientProtocolClient.java:onNext(264)) - client-C79DE3E06697->1d6da99a-ba9a-4d72-abd2-d0f1aa02f12f: receive RaftClientReply:client-C79DE3E06697->1d6da99a-ba9a-4d72-abd2-d0f1aa02f12f@group-B29EE812FB58, cid=4347, SUCCESS, logIndex=6580, commits[1d6da99a-ba9a-4d72-abd2-d0f1aa02f12f:c6580, 9dc27687-2024-46ae-8b6e-c9027bfa400e:c6576, 9c9c57da-14dc-454a-b374-789aa5e765a9:c6576]
2019-09-16 23:35:38,114 [grpc-default-executor-1] INFO  client.GrpcClientProtocolClient (GrpcClientProtocolClient.java:onNext(264)) - client-C79DE3E06697->1d6da99a-ba9a-4d72-abd2-d0f1aa02f12f: receive RaftClientReply:client-C79DE3E06697->1d6da99a-ba9a-4d72-abd2-d0f1aa02f12f@group-B29EE812FB58, cid=4348, SUCCESS, logIndex=0, commits[1d6da99a-ba9a-4d72-abd2-d0f1aa02f12f:c6582, 9dc27687-2024-46ae-8b6e-c9027bfa400e:c6580, 9c9c57da-14dc-454a-b374-789aa5e765a9:c6580]
2019-09-16 23:35:38,136 [grpc-default-executor-0] INFO  client.GrpcClientProtocolClient (GrpcClientProtocolClient.java:onNext(264)) - client-C79DE3E06697->1d6da99a-ba9a-4d72-abd2-d0f1aa02f12f: receive RaftClientReply:client-C79DE3E06697->1d6da99a-ba9a-4d72-abd2-d0f1aa02f12f@group-B29EE812FB58, cid=4349, SUCCESS, logIndex=6584, commits[1d6da99a-ba9a-4d72-abd2-d0f1aa02f12f:c6585, 9dc27687-2024-46ae-8b6e-c9027bfa400e:c6580, 9c9c57da-14dc-454a-b374-789aa5e765a9:c6583]
2019-09-16 23:35:38,136 [grpc-default-executor-0] INFO  client.GrpcClientProtocolClient (GrpcClientProtocolClient.java:onNext(264)) - client-C79DE3E06697->1d6da99a-ba9a-4d72-abd2-d0f1aa02f12f: receive RaftClientReply:client-C79DE3E06697->1d6da99a-ba9a-4d72-abd2-d0f1aa02f12f@group-B29EE812FB58, cid=4350, SUCCESS, logIndex=6585, commits[1d6da99a-ba9a-4d72-abd2-d0f1aa02f12f:c6585, 9dc27687-2024-46ae-8b6e-c9027bfa400e:c6580, 9c9c57da-14dc-454a-b374-789aa5e765a9:c6583]
2019-09-16 23:35:38,161 [grpc-default-executor-1] INFO  client.GrpcClientProtocolClient (GrpcClientProtocolClient.java:onNext(264)) - client-C79DE3E06697->1d6da99a-ba9a-4d72-abd2-d0f1aa02f12f: receive RaftClientReply:client-C79DE3E06697->1d6da99a-ba9a-4d72-abd2-d0f1aa02f12f@group-B29EE812FB58, cid=4351, SUCCESS, logIndex=6588, commits[1d6da99a-ba9a-4d72-abd2-d0f1aa02f12f:c6589, 9dc27687-2024-46ae-8b6e-c9027bfa400e:c6585, 9c9c57da-14dc-454a-b374-789aa5e765a9:c6585]
2019-09-16 23:35:38,161 [grpc-default-executor-1] INFO  client.GrpcClientProtocolClient (GrpcClientProtocolClient.java:onNext(264)) - client-C79DE3E06697->1d6da99a-ba9a-4d72-abd2-d0f1aa02f12f: receive RaftClientReply:client-C79DE3E06697->1d6da99a-ba9a-4d72-abd2-d0f1aa02f12f@group-B29EE812FB58, cid=4352, SUCCESS, logIndex=6589, commits[1d6da99a-ba9a-4d72-abd2-d0f1aa02f12f:c6589, 9dc27687-2024-46ae-8b6e-c9027bfa400e:c6585, 9c9c57da-14dc-454a-b374-789aa5e765a9:c6585]
2019-09-16 23:35:38,174 [grpc-default-executor-1] INFO  client.GrpcClientProtocolClient (GrpcClientProtocolClient.java:onNext(264)) - client-C79DE3E06697->1d6da99a-ba9a-4d72-abd2-d0f1aa02f12f: receive RaftClientReply:client-C79DE3E06697->1d6da99a-ba9a-4d72-abd2-d0f1aa02f12f@group-B29EE812FB58, cid=4353, SUCCESS, logIndex=0, commits[1d6da99a-ba9a-4d72-abd2-d0f1aa02f12f:c6591, 9dc27687-2024-46ae-8b6e-c9027bfa400e:c6589, 9c9c57da-14dc-454a-b374-789aa5e765a9:c6589]
2019-09-16 23:35:38,211 [grpc-default-executor-1] INFO  client.GrpcClientProtocolClient (GrpcClientProtocolClient.java:onNext(264)) - client-C79DE3E06697->1d6da99a-ba9a-4d72-abd2-d0f1aa02f12f: receive RaftClientReply:client-C79DE3E06697->1d6da99a-ba9a-4d72-abd2-d0f1aa02f12f@group-B29EE812FB58, cid=4354, SUCCESS, logIndex=6592, commits[1d6da99a-ba9a-4d72-abd2-d0f1aa02f12f:c6593, 9dc27687-2024-46ae-8b6e-c9027bfa400e:c6589, 9c9c57da-14dc-454a-b374-789aa5e765a9:c6591]
2019-09-16 23:35:38,212 [grpc-default-executor-1] INFO  client.GrpcClientProtocolClient (GrpcClientProtocolClient.java:onNext(264)) - client-C79DE3E06697->1d6da99a-ba9a-4d72-abd2-d0f1aa02f12f: receive RaftClientReply:client-C79DE3E06697->1d6da99a-ba9a-4d72-abd2-d0f1aa02f12f@group-B29EE812FB58, cid=4355, SUCCESS, logIndex=6593, commits[1d6da99a-ba9a-4d72-abd2-d0f1aa02f12f:c6594, 9dc27687-2024-46ae-8b6e-c9027bfa400e:c6591, 9c9c57da-14dc-454a-b374-789aa5e765a9:c6591]
2019-09-16 23:35:38,212 [grpc-default-executor-1] INFO  client.GrpcClientProtocolClient (GrpcClientProtocolClient.java:onNext(264)) - client-C79DE3E06697->1d6da99a-ba9a-4d72-abd2-d0f1aa02f12f: receive RaftClientReply:client-C79DE3E06697->1d6da99a-ba9a-4d72-abd2-d0f1aa02f12f@group-B29EE812FB58, cid=4356, SUCCESS, logIndex=6594, commits[1d6da99a-ba9a-4d72-abd2-d0f1aa02f12f:c6595, 9dc27687-2024-46ae-8b6e-c9027bfa400e:c6591, 9c9c57da-14dc-454a-b374-789aa5e765a9:c6591]
2019-09-16 23:35:38,212 [grpc-default-executor-1] INFO  client.GrpcClientProtocolClient (GrpcClientProtocolClient.java:onNext(264)) - client-C79DE3E06697->1d6da99a-ba9a-4d72-abd2-d0f1aa02f12f: receive RaftClientReply:client-C79DE3E06697->1d6da99a-ba9a-4d72-abd2-d0f1aa02f12f@group-B29EE812FB58, cid=4357, SUCCESS, logIndex=6595, commits[1d6da99a-ba9a-4d72-abd2-d0f1aa02f12f:c6595, 9dc27687-2024-46ae-8b6e-c9027bfa400e:c6591, 9c9c57da-14dc-454a-b374-789aa5e765a9:c6591]
2019-09-16 23:35:38,223 [grpc-default-executor-1] INFO  client.GrpcClientProtocolClient (GrpcClientProtocolClient.java:onNext(264)) - client-C79DE3E06697->1d6da99a-ba9a-4d72-abd2-d0f1aa02f12f: receive RaftClientReply:client-C79DE3E06697->1d6da99a-ba9a-4d72-abd2-d0f1aa02f12f@group-B29EE812FB58, cid=4358, SUCCESS, logIndex=0, commits[1d6da99a-ba9a-4d72-abd2-d0f1aa02f12f:c6596, 9dc27687-2024-46ae-8b6e-c9027bfa400e:c6593, 9c9c57da-14dc-454a-b374-789aa5e765a9:c6593]
2019-09-16 23:35:38,247 [grpc-default-executor-1] INFO  client.GrpcClientProtocolClient (GrpcClientProtocolClient.java:onNext(264)) - client-C79DE3E06697->1d6da99a-ba9a-4d72-abd2-d0f1aa02f12f: receive RaftClientReply:client-C79DE3E06697->1d6da99a-ba9a-4d72-abd2-d0f1aa02f12f@group-B29EE812FB58, cid=4359, SUCCESS, logIndex=6600, commits[1d6da99a-ba9a-4d72-abd2-d0f1aa02f12f:c6601, 9dc27687-2024-46ae-8b6e-c9027bfa400e:c6595, 9c9c57da-14dc-454a-b374-789aa5e765a9:c6599]
2019-09-16 23:35:38,248 [grpc-default-executor-1] INFO  client.GrpcClientProtocolClient (GrpcClientProtocolClient.java:onNext(264)) - client-C79DE3E06697->1d6da99a-ba9a-4d72-abd2-d0f1aa02f12f: receive RaftClientReply:client-C79DE3E06697->1d6da99a-ba9a-4d72-abd2-d0f1aa02f12f@group-B29EE812FB58, cid=4360, SUCCESS, logIndex=6601, commits[1d6da99a-ba9a-4d72-abd2-d0f1aa02f12f:c6601, 9dc27687-2024-46ae-8b6e-c9027bfa400e:c6599, 9c9c57da-14dc-454a-b374-789aa5e765a9:c6599]
2019-09-16 23:35:38,271 [grpc-default-executor-1] INFO  client.GrpcClientProtocolClient (GrpcClientProtocolClient.java:onNext(264)) - client-C79DE3E06697->1d6da99a-ba9a-4d72-abd2-d0f1aa02f12f: receive RaftClientReply:client-C79DE3E06697->1d6da99a-ba9a-4d72-abd2-d0f1aa02f12f@group-B29EE812FB58, cid=4361, SUCCESS, logIndex=6604, commits[1d6da99a-ba9a-4d72-abd2-d0f1aa02f12f:c6605, 9dc27687-2024-46ae-8b6e-c9027bfa400e:c6601, 9c9c57da-14dc-454a-b374-789aa5e765a9:c6601]
2019-09-16 23:35:38,272 [grpc-default-executor-1] INFO  client.GrpcClientProtocolClient (GrpcClientProtocolClient.java:onNext(264)) - client-C79DE3E06697->1d6da99a-ba9a-4d72-abd2-d0f1aa02f12f: receive RaftClientReply:client-C79DE3E06697->1d6da99a-ba9a-4d72-abd2-d0f1aa02f12f@group-B29EE812FB58, cid=4362, SUCCESS, logIndex=6605, commits[1d6da99a-ba9a-4d72-abd2-d0f1aa02f12f:c6605, 9dc27687-2024-46ae-8b6e-c9027bfa400e:c6601, 9c9c57da-14dc-454a-b374-789aa5e765a9:c6601]
2019-09-16 23:35:38,283 [grpc-default-executor-1] INFO  client.GrpcClientProtocolClient (GrpcClientProtocolClient.java:onNext(264)) - client-C79DE3E06697->1d6da99a-ba9a-4d72-abd2-d0f1aa02f12f: receive RaftClientReply:client-C79DE3E06697->1d6da99a-ba9a-4d72-abd2-d0f1aa02f12f@group-B29EE812FB58, cid=4363, SUCCESS, logIndex=0, commits[1d6da99a-ba9a-4d72-abd2-d0f1aa02f12f:c6606, 9dc27687-2024-46ae-8b6e-c9027bfa400e:c6605, 9c9c57da-14dc-454a-b374-789aa5e765a9:c6605]
2019-09-16 23:35:38,320 [grpc-default-executor-1] INFO  client.GrpcClientProtocolClient (GrpcClientProtocolClient.java:onNext(264)) - client-C79DE3E06697->1d6da99a-ba9a-4d72-abd2-d0f1aa02f12f: receive RaftClientReply:client-C79DE3E06697->1d6da99a-ba9a-4d72-abd2-d0f1aa02f12f@group-B29EE812FB58, cid=4364, SUCCESS, logIndex=6607, commits[1d6da99a-ba9a-4d72-abd2-d0f1aa02f12f:c6608, 9dc27687-2024-46ae-8b6e-c9027bfa400e:c6605, 9c9c57da-14dc-454a-b374-789aa5e765a9:c6606]
2019-09-16 23:35:38,320 [grpc-default-executor-0] INFO  client.GrpcClientProtocolClient (GrpcClientProtocolClient.java:onNext(264)) - client-C79DE3E06697->1d6da99a-ba9a-4d72-abd2-d0f1aa02f12f: receive RaftClientReply:client-C79DE3E06697->1d6da99a-ba9a-4d72-abd2-d0f1aa02f12f@group-B29EE812FB58, cid=4365, SUCCESS, logIndex=6608, commits[1d6da99a-ba9a-4d72-abd2-d0f1aa02f12f:c6608, 9dc27687-2024-46ae-8b6e-c9027bfa400e:c6605, 9c9c57da-14dc-454a-b374-789aa5e765a9:c6606]
2019-09-16 23:35:38,321 [grpc-default-executor-0] INFO  client.GrpcClientProtocolClient (GrpcClientProtocolClient.java:onNext(264)) - client-C79DE3E06697->1d6da99a-ba9a-4d72-abd2-d0f1aa02f12f: receive RaftClientReply:client-C79DE3E06697->1d6da99a-ba9a-4d72-abd2-d0f1aa02f12f@group-B29EE812FB58, cid=4366, SUCCESS, logIndex=6609, commits[1d6da99a-ba9a-4d72-abd2-d0f1aa02f12f:c6610, 9dc27687-2024-46ae-8b6e-c9027bfa400e:c6606, 9c9c57da-14dc-454a-b374-789aa5e765a9:c6606]
2019-09-16 23:35:38,321 [grpc-default-executor-0] INFO  client.GrpcClientProtocolClient (GrpcClientProtocolClient.java:onNext(264)) - client-C79DE3E06697->1d6da99a-ba9a-4d72-abd2-d0f1aa02f12f: receive RaftClientReply:client-C79DE3E06697->1d6da99a-ba9a-4d72-abd2-d0f1aa02f12f@group-B29EE812FB58, cid=4367, SUCCESS, logIndex=6610, commits[1d6da99a-ba9a-4d72-abd2-d0f1aa02f12f:c6610, 9dc27687-2024-46ae-8b6e-c9027bfa400e:c6606, 9c9c57da-14dc-454a-b374-789aa5e765a9:c6606]
2019-09-16 23:35:38,333 [grpc-default-executor-0] INFO  client.GrpcClientProtocolClient (GrpcClientProtocolClient.java:onNext(264)) - client-C79DE3E06697->1d6da99a-ba9a-4d72-abd2-d0f1aa02f12f: receive RaftClientReply:client-C79DE3E06697->1d6da99a-ba9a-4d72-abd2-d0f1aa02f12f@group-B29EE812FB58, cid=4368, SUCCESS, logIndex=0, commits[1d6da99a-ba9a-4d72-abd2-d0f1aa02f12f:c6612, 9dc27687-2024-46ae-8b6e-c9027bfa400e:c6608, 9c9c57da-14dc-454a-b374-789aa5e765a9:c6608]
2019-09-16 23:35:38,354 [grpc-default-executor-0] INFO  client.GrpcClientProtocolClient (GrpcClientProtocolClient.java:onNext(264)) - client-C79DE3E06697->1d6da99a-ba9a-4d72-abd2-d0f1aa02f12f: receive RaftClientReply:client-C79DE3E06697->1d6da99a-ba9a-4d72-abd2-d0f1aa02f12f@group-B29EE812FB58, cid=4369, SUCCESS, logIndex=6615, commits[1d6da99a-ba9a-4d72-abd2-d0f1aa02f12f:c6616, 9dc27687-2024-46ae-8b6e-c9027bfa400e:c6610, 9c9c57da-14dc-454a-b374-789aa5e765a9:c6614]
2019-09-16 23:35:38,355 [grpc-default-executor-0] INFO  client.GrpcClientProtocolClient (GrpcClientProtocolClient.java:onNext(264)) - client-C79DE3E06697->1d6da99a-ba9a-4d72-abd2-d0f1aa02f12f: receive RaftClientReply:client-C79DE3E06697->1d6da99a-ba9a-4d72-abd2-d0f1aa02f12f@group-B29EE812FB58, cid=4370, SUCCESS, logIndex=6616, commits[1d6da99a-ba9a-4d72-abd2-d0f1aa02f12f:c6616, 9dc27687-2024-46ae-8b6e-c9027bfa400e:c6614, 9c9c57da-14dc-454a-b374-789aa5e765a9:c6614]
2019-09-16 23:35:38,369 [grpc-default-executor-1] INFO  client.GrpcClientProtocolClient (GrpcClientProtocolClient.java:onNext(264)) - client-C79DE3E06697->1d6da99a-ba9a-4d72-abd2-d0f1aa02f12f: receive RaftClientReply:client-C79DE3E06697->1d6da99a-ba9a-4d72-abd2-d0f1aa02f12f@group-B29EE812FB58, cid=4371, SUCCESS, logIndex=6619, commits[1d6da99a-ba9a-4d72-abd2-d0f1aa02f12f:c6620, 9dc27687-2024-46ae-8b6e-c9027bfa400e:c6616, 9c9c57da-14dc-454a-b374-789aa5e765a9:c6616]
2019-09-16 23:35:38,369 [grpc-default-executor-1] INFO  client.GrpcClientProtocolClient (GrpcClientProtocolClient.java:onNext(264)) - client-C79DE3E06697->1d6da99a-ba9a-4d72-abd2-d0f1aa02f12f: receive RaftClientReply:client-C79DE3E06697->1d6da99a-ba9a-4d72-abd2-d0f1aa02f12f@group-B29EE812FB58, cid=4372, SUCCESS, logIndex=6620, commits[1d6da99a-ba9a-4d72-abd2-d0f1aa02f12f:c6620, 9dc27687-2024-46ae-8b6e-c9027bfa400e:c6616, 9c9c57da-14dc-454a-b374-789aa5e765a9:c6616]
2019-09-16 23:35:38,386 [grpc-default-executor-1] INFO  client.GrpcClientProtocolClient (GrpcClientProtocolClient.java:onNext(264)) - client-C79DE3E06697->1d6da99a-ba9a-4d72-abd2-d0f1aa02f12f: receive RaftClientReply:client-C79DE3E06697->1d6da99a-ba9a-4d72-abd2-d0f1aa02f12f@group-B29EE812FB58, cid=4373, SUCCESS, logIndex=0, commits[1d6da99a-ba9a-4d72-abd2-d0f1aa02f12f:c6621, 9dc27687-2024-46ae-8b6e-c9027bfa400e:c6620, 9c9c57da-14dc-454a-b374-789aa5e765a9:c6620]
2019-09-16 23:35:38,424 [grpc-default-executor-0] INFO  client.GrpcClientProtocolClient (GrpcClientProtocolClient.java:onNext(264)) - client-C79DE3E06697->1d6da99a-ba9a-4d72-abd2-d0f1aa02f12f: receive RaftClientReply:client-C79DE3E06697->1d6da99a-ba9a-4d72-abd2-d0f1aa02f12f@group-B29EE812FB58, cid=4374, SUCCESS, logIndex=6623, commits[1d6da99a-ba9a-4d72-abd2-d0f1aa02f12f:c6625, 9dc27687-2024-46ae-8b6e-c9027bfa400e:c6622, 9c9c57da-14dc-454a-b374-789aa5e765a9:c6622]
2019-09-16 23:35:38,425 [grpc-default-executor-0] INFO  client.GrpcClientProtocolClient (GrpcClientProtocolClient.java:onNext(264)) - client-C79DE3E06697->1d6da99a-ba9a-4d72-abd2-d0f1aa02f12f: receive RaftClientReply:client-C79DE3E06697->1d6da99a-ba9a-4d72-abd2-d0f1aa02f12f@group-B29EE812FB58, cid=4375, SUCCESS, logIndex=6624, commits[1d6da99a-ba9a-4d72-abd2-d0f1aa02f12f:c6626, 9dc27687-2024-46ae-8b6e-c9027bfa400e:c6622, 9c9c57da-14dc-454a-b374-789aa5e765a9:c6622]
2019-09-16 23:35:38,425 [grpc-default-executor-0] INFO  client.GrpcClientProtocolClient (GrpcClientProtocolClient.java:onNext(264)) - client-C79DE3E06697->1d6da99a-ba9a-4d72-abd2-d0f1aa02f12f: receive RaftClientReply:client-C79DE3E06697->1d6da99a-ba9a-4d72-abd2-d0f1aa02f12f@group-B29EE812FB58, cid=4376, SUCCESS, logIndex=6625, commits[1d6da99a-ba9a-4d72-abd2-d0f1aa02f12f:c6626, 9dc27687-2024-46ae-8b6e-c9027bfa400e:c6622, 9c9c57da-14dc-454a-b374-789aa5e765a9:c6622]
2019-09-16 23:35:38,425 [grpc-default-executor-0] INFO  client.GrpcClientProtocolClient (GrpcClientProtocolClient.java:onNext(264)) - client-C79DE3E06697->1d6da99a-ba9a-4d72-abd2-d0f1aa02f12f: receive RaftClientReply:client-C79DE3E06697->1d6da99a-ba9a-4d72-abd2-d0f1aa02f12f@group-B29EE812FB58, cid=4377, SUCCESS, logIndex=6626, commits[1d6da99a-ba9a-4d72-abd2-d0f1aa02f12f:c6626, 9dc27687-2024-46ae-8b6e-c9027bfa400e:c6622, 9c9c57da-14dc-454a-b374-789aa5e765a9:c6622]
2019-09-16 23:35:38,435 [grpc-default-executor-0] INFO  client.GrpcClientProtocolClient (GrpcClientProtocolClient.java:onNext(264)) - client-C79DE3E06697->1d6da99a-ba9a-4d72-abd2-d0f1aa02f12f: receive RaftClientReply:client-C79DE3E06697->1d6da99a-ba9a-4d72-abd2-d0f1aa02f12f@group-B29EE812FB58, cid=4378, SUCCESS, logIndex=0, commits[1d6da99a-ba9a-4d72-abd2-d0f1aa02f12f:c6627, 9dc27687-2024-46ae-8b6e-c9027bfa400e:c6624, 9c9c57da-14dc-454a-b374-789aa5e765a9:c6624]
2019-09-16 23:35:38,455 [grpc-default-executor-1] INFO  client.GrpcClientProtocolClient (GrpcClientProtocolClient.java:onNext(264)) - client-C79DE3E06697->1d6da99a-ba9a-4d72-abd2-d0f1aa02f12f: receive RaftClientReply:client-C79DE3E06697->1d6da99a-ba9a-4d72-abd2-d0f1aa02f12f@group-B29EE812FB58, cid=4379, SUCCESS, logIndex=6631, commits[1d6da99a-ba9a-4d72-abd2-d0f1aa02f12f:c6632, 9dc27687-2024-46ae-8b6e-c9027bfa400e:c6626, 9c9c57da-14dc-454a-b374-789aa5e765a9:c6630]
2019-09-16 23:35:38,456 [grpc-default-executor-1] INFO  client.GrpcClientProtocolClient (GrpcClientProtocolClient.java:onNext(264)) - client-C79DE3E06697->1d6da99a-ba9a-4d72-abd2-d0f1aa02f12f: receive RaftClientReply:client-C79DE3E06697->1d6da99a-ba9a-4d72-abd2-d0f1aa02f12f@group-B29EE812FB58, cid=4380, SUCCESS, logIndex=6632, commits[1d6da99a-ba9a-4d72-abd2-d0f1aa02f12f:c6632, 9dc27687-2024-46ae-8b6e-c9027bfa400e:c6630, 9c9c57da-14dc-454a-b374-789aa5e765a9:c6630]
2019-09-16 23:35:38,838 [grpc-default-executor-1] INFO  client.GrpcClientProtocolClient (GrpcClientProtocolClient.java:onNext(264)) - client-C79DE3E06697->1d6da99a-ba9a-4d72-abd2-d0f1aa02f12f: receive RaftClientReply:client-C79DE3E06697->1d6da99a-ba9a-4d72-abd2-d0f1aa02f12f@group-B29EE812FB58, cid=4381, SUCCESS, logIndex=6635, commits[1d6da99a-ba9a-4d72-abd2-d0f1aa02f12f:c6636, 9dc27687-2024-46ae-8b6e-c9027bfa400e:c6634, 9c9c57da-14dc-454a-b374-789aa5e765a9:c6634]
2019-09-16 23:35:38,839 [grpc-default-executor-1] INFO  client.GrpcClientProtocolClient (GrpcClientProtocolClient.java:onNext(264)) - client-C79DE3E06697->1d6da99a-ba9a-4d72-abd2-d0f1aa02f12f: receive RaftClientReply:client-C79DE3E06697->1d6da99a-ba9a-4d72-abd2-d0f1aa02f12f@group-B29EE812FB58, cid=4382, SUCCESS, logIndex=6636, commits[1d6da99a-ba9a-4d72-abd2-d0f1aa02f12f:c6636, 9dc27687-2024-46ae-8b6e-c9027bfa400e:c6634, 9c9c57da-14dc-454a-b374-789aa5e765a9:c6634]
2019-09-16 23:35:38,849 [grpc-default-executor-1] INFO  client.GrpcClientProtocolClient (GrpcClientProtocolClient.java:onNext(264)) - client-C79DE3E06697->1d6da99a-ba9a-4d72-abd2-d0f1aa02f12f: receive RaftClientReply:client-C79DE3E06697->1d6da99a-ba9a-4d72-abd2-d0f1aa02f12f@group-B29EE812FB58, cid=4383, SUCCESS, logIndex=0, commits[1d6da99a-ba9a-4d72-abd2-d0f1aa02f12f:c6637, 9dc27687-2024-46ae-8b6e-c9027bfa400e:c6636, 9c9c57da-14dc-454a-b374-789aa5e765a9:c6636]
2019-09-16 23:35:38,895 [grpc-default-executor-0] INFO  client.GrpcClientProtocolClient (GrpcClientProtocolClient.java:onNext(264)) - client-C79DE3E06697->1d6da99a-ba9a-4d72-abd2-d0f1aa02f12f: receive RaftClientReply:client-C79DE3E06697->1d6da99a-ba9a-4d72-abd2-d0f1aa02f12f@group-B29EE812FB58, cid=4384, SUCCESS, logIndex=6639, commits[1d6da99a-ba9a-4d72-abd2-d0f1aa02f12f:c6640, 9dc27687-2024-46ae-8b6e-c9027bfa400e:c6638, 9c9c57da-14dc-454a-b374-789aa5e765a9:c6638]
2019-09-16 23:35:38,896 [grpc-default-executor-0] INFO  client.GrpcClientProtocolClient (GrpcClientProtocolClient.java:onNext(264)) - client-C79DE3E06697->1d6da99a-ba9a-4d72-abd2-d0f1aa02f12f: receive RaftClientReply:client-C79DE3E06697->1d6da99a-ba9a-4d72-abd2-d0f1aa02f12f@group-B29EE812FB58, cid=4385, SUCCESS, logIndex=6640, commits[1d6da99a-ba9a-4d72-abd2-d0f1aa02f12f:c6640, 9dc27687-2024-46ae-8b6e-c9027bfa400e:c6638, 9c9c57da-14dc-454a-b374-789aa5e765a9:c6638]
2019-09-16 23:35:38,896 [grpc-default-executor-0] INFO  client.GrpcClientProtocolClient (GrpcClientProtocolClient.java:onNext(264)) - client-C79DE3E06697->1d6da99a-ba9a-4d72-abd2-d0f1aa02f12f: receive RaftClientReply:client-C79DE3E06697->1d6da99a-ba9a-4d72-abd2-d0f1aa02f12f@group-B29EE812FB58, cid=4386, SUCCESS, logIndex=6641, commits[1d6da99a-ba9a-4d72-abd2-d0f1aa02f12f:c6642, 9dc27687-2024-46ae-8b6e-c9027bfa400e:c6638, 9c9c57da-14dc-454a-b374-789aa5e765a9:c6638]
2019-09-16 23:35:38,896 [grpc-default-executor-0] INFO  client.GrpcClientProtocolClient (GrpcClientProtocolClient.java:onNext(264)) - client-C79DE3E06697->1d6da99a-ba9a-4d72-abd2-d0f1aa02f12f: receive RaftClientReply:client-C79DE3E06697->1d6da99a-ba9a-4d72-abd2-d0f1aa02f12f@group-B29EE812FB58, cid=4387, SUCCESS, logIndex=6642, commits[1d6da99a-ba9a-4d72-abd2-d0f1aa02f12f:c6642, 9dc27687-2024-46ae-8b6e-c9027bfa400e:c6638, 9c9c57da-14dc-454a-b374-789aa5e765a9:c6638]
2019-09-16 23:35:38,911 [grpc-default-executor-3] INFO  client.GrpcClientProtocolClient (GrpcClientProtocolClient.java:onNext(264)) - client-C79DE3E06697->1d6da99a-ba9a-4d72-abd2-d0f1aa02f12f: receive RaftClientReply:client-C79DE3E06697->1d6da99a-ba9a-4d72-abd2-d0f1aa02f12f@group-B29EE812FB58, cid=4388, SUCCESS, logIndex=0, commits[1d6da99a-ba9a-4d72-abd2-d0f1aa02f12f:c6644, 9dc27687-2024-46ae-8b6e-c9027bfa400e:c6640, 9c9c57da-14dc-454a-b374-789aa5e765a9:c6640]
2019-09-16 23:35:38,932 [grpc-default-executor-0] INFO  client.GrpcClientProtocolClient (GrpcClientProtocolClient.java:onNext(264)) - client-C79DE3E06697->1d6da99a-ba9a-4d72-abd2-d0f1aa02f12f: receive RaftClientReply:client-C79DE3E06697->1d6da99a-ba9a-4d72-abd2-d0f1aa02f12f@group-B29EE812FB58, cid=4389, SUCCESS, logIndex=6647, commits[1d6da99a-ba9a-4d72-abd2-d0f1aa02f12f:c6648, 9dc27687-2024-46ae-8b6e-c9027bfa400e:c6646, 9c9c57da-14dc-454a-b374-789aa5e765a9:c6646]
2019-09-16 23:35:38,932 [grpc-default-executor-0] INFO  client.GrpcClientProtocolClient (GrpcClientProtocolClient.java:onNext(264)) - client-C79DE3E06697->1d6da99a-ba9a-4d72-abd2-d0f1aa02f12f: receive RaftClientReply:client-C79DE3E06697->1d6da99a-ba9a-4d72-abd2-d0f1aa02f12f@group-B29EE812FB58, cid=4390, SUCCESS, logIndex=6648, commits[1d6da99a-ba9a-4d72-abd2-d0f1aa02f12f:c6648, 9dc27687-2024-46ae-8b6e-c9027bfa400e:c6646, 9c9c57da-14dc-454a-b374-789aa5e765a9:c6646]
2019-09-16 23:35:38,947 [grpc-default-executor-0] INFO  client.GrpcClientProtocolClient (GrpcClientProtocolClient.java:onNext(264)) - client-C79DE3E06697->1d6da99a-ba9a-4d72-abd2-d0f1aa02f12f: receive RaftClientReply:client-C79DE3E06697->1d6da99a-ba9a-4d72-abd2-d0f1aa02f12f@group-B29EE812FB58, cid=4391, SUCCESS, logIndex=6651, commits[1d6da99a-ba9a-4d72-abd2-d0f1aa02f12f:c6651, 9dc27687-2024-46ae-8b6e-c9027bfa400e:c6648, 9c9c57da-14dc-454a-b374-789aa5e765a9:c6648]
2019-09-16 23:35:38,947 [grpc-default-executor-0] INFO  client.GrpcClientProtocolClient (GrpcClientProtocolClient.java:onNext(264)) - client-C79DE3E06697->1d6da99a-ba9a-4d72-abd2-d0f1aa02f12f: receive RaftClientReply:client-C79DE3E06697->1d6da99a-ba9a-4d72-abd2-d0f1aa02f12f@group-B29EE812FB58, cid=4392, SUCCESS, logIndex=6652, commits[1d6da99a-ba9a-4d72-abd2-d0f1aa02f12f:c6652, 9dc27687-2024-46ae-8b6e-c9027bfa400e:c6648, 9c9c57da-14dc-454a-b374-789aa5e765a9:c6648]
2019-09-16 23:35:38,961 [grpc-default-executor-0] INFO  client.GrpcClientProtocolClient (GrpcClientProtocolClient.java:onNext(264)) - client-C79DE3E06697->1d6da99a-ba9a-4d72-abd2-d0f1aa02f12f: receive RaftClientReply:client-C79DE3E06697->1d6da99a-ba9a-4d72-abd2-d0f1aa02f12f@group-B29EE812FB58, cid=4393, SUCCESS, logIndex=0, commits[1d6da99a-ba9a-4d72-abd2-d0f1aa02f12f:c6654, 9dc27687-2024-46ae-8b6e-c9027bfa400e:c6652, 9c9c57da-14dc-454a-b374-789aa5e765a9:c6652]
 0.00% |█                                                                                                    |  0/1 Time: 0:00:562019-09-16 23:35:39,001 [grpc-default-executor-1] INFO  client.GrpcClientProtocolClient (GrpcClientProtocolClient.java:onNext(264)) - client-C79DE3E06697->1d6da99a-ba9a-4d72-abd2-d0f1aa02f12f: receive RaftClientReply:client-C79DE3E06697->1d6da99a-ba9a-4d72-abd2-d0f1aa02f12f@group-B29EE812FB58, cid=4394, SUCCESS, logIndex=6655, commits[1d6da99a-ba9a-4d72-abd2-d0f1aa02f12f:c6656, 9dc27687-2024-46ae-8b6e-c9027bfa400e:c6654, 9c9c57da-14dc-454a-b374-789aa5e765a9:c6654]
2019-09-16 23:35:39,027 [grpc-default-executor-1] INFO  client.GrpcClientProtocolClient (GrpcClientProtocolClient.java:onNext(264)) - client-C79DE3E06697->1d6da99a-ba9a-4d72-abd2-d0f1aa02f12f: receive RaftClientReply:client-C79DE3E06697->1d6da99a-ba9a-4d72-abd2-d0f1aa02f12f@group-B29EE812FB58, cid=4395, SUCCESS, logIndex=6656, commits[1d6da99a-ba9a-4d72-abd2-d0f1aa02f12f:c6658, 9dc27687-2024-46ae-8b6e-c9027bfa400e:c6654, 9c9c57da-14dc-454a-b374-789aa5e765a9:c6654]
2019-09-16 23:35:39,027 [grpc-default-executor-1] INFO  client.GrpcClientProtocolClient (GrpcClientProtocolClient.java:onNext(264)) - client-C79DE3E06697->1d6da99a-ba9a-4d72-abd2-d0f1aa02f12f: receive RaftClientReply:client-C79DE3E06697->1d6da99a-ba9a-4d72-abd2-d0f1aa02f12f@group-B29EE812FB58, cid=4396, SUCCESS, logIndex=6657, commits[1d6da99a-ba9a-4d72-abd2-d0f1aa02f12f:c6658, 9dc27687-2024-46ae-8b6e-c9027bfa400e:c6654, 9c9c57da-14dc-454a-b374-789aa5e765a9:c6654]
2019-09-16 23:35:39,028 [grpc-default-executor-1] INFO  client.GrpcClientProtocolClient (GrpcClientProtocolClient.java:onNext(264)) - client-C79DE3E06697->1d6da99a-ba9a-4d72-abd2-d0f1aa02f12f: receive RaftClientReply:client-C79DE3E06697->1d6da99a-ba9a-4d72-abd2-d0f1aa02f12f@group-B29EE812FB58, cid=4397, SUCCESS, logIndex=6658, commits[1d6da99a-ba9a-4d72-abd2-d0f1aa02f12f:c6658, 9dc27687-2024-46ae-8b6e-c9027bfa400e:c6654, 9c9c57da-14dc-454a-b374-789aa5e765a9:c6654]
2019-09-16 23:35:39,029 [grpc-default-executor-1] INFO  client.GrpcClientProtocolClient (GrpcClientProtocolClient.java:onNext(264)) - client-C79DE3E06697->1d6da99a-ba9a-4d72-abd2-d0f1aa02f12f: receive RaftClientReply:client-C79DE3E06697->1d6da99a-ba9a-4d72-abd2-d0f1aa02f12f@group-B29EE812FB58, cid=4398, SUCCESS, logIndex=0, commits[1d6da99a-ba9a-4d72-abd2-d0f1aa02f12f:c6662, 9dc27687-2024-46ae-8b6e-c9027bfa400e:c6658, 9c9c57da-14dc-454a-b374-789aa5e765a9:c6656]
2019-09-16 23:35:39,041 [grpc-default-executor-6] INFO  client.GrpcClientProtocolClient (GrpcClientProtocolClient.java:onNext(264)) - client-C79DE3E06697->1d6da99a-ba9a-4d72-abd2-d0f1aa02f12f: receive RaftClientReply:client-C79DE3E06697->1d6da99a-ba9a-4d72-abd2-d0f1aa02f12f@group-B29EE812FB58, cid=4399, SUCCESS, logIndex=6663, commits[1d6da99a-ba9a-4d72-abd2-d0f1aa02f12f:c6664, 9dc27687-2024-46ae-8b6e-c9027bfa400e:c6658, 9c9c57da-14dc-454a-b374-789aa5e765a9:c6662]
2019-09-16 23:35:39,041 [grpc-default-executor-6] INFO  client.GrpcClientProtocolClient (GrpcClientProtocolClient.java:onNext(264)) - client-C79DE3E06697->1d6da99a-ba9a-4d72-abd2-d0f1aa02f12f: receive RaftClientReply:client-C79DE3E06697->1d6da99a-ba9a-4d72-abd2-d0f1aa02f12f@group-B29EE812FB58, cid=4400, SUCCESS, logIndex=6664, commits[1d6da99a-ba9a-4d72-abd2-d0f1aa02f12f:c6664, 9dc27687-2024-46ae-8b6e-c9027bfa400e:c6662, 9c9c57da-14dc-454a-b374-789aa5e765a9:c6662]
2019-09-16 23:35:39,053 [grpc-default-executor-0] INFO  client.GrpcClientProtocolClient (GrpcClientProtocolClient.java:onNext(264)) - client-C79DE3E06697->1d6da99a-ba9a-4d72-abd2-d0f1aa02f12f: receive RaftClientReply:client-C79DE3E06697->1d6da99a-ba9a-4d72-abd2-d0f1aa02f12f@group-B29EE812FB58, cid=4401, SUCCESS, logIndex=6667, commits[1d6da99a-ba9a-4d72-abd2-d0f1aa02f12f:c6668, 9dc27687-2024-46ae-8b6e-c9027bfa400e:c6666, 9c9c57da-14dc-454a-b374-789aa5e765a9:c6664]
2019-09-16 23:35:39,054 [grpc-default-executor-0] INFO  client.GrpcClientProtocolClient (GrpcClientProtocolClient.java:onNext(264)) - client-C79DE3E06697->1d6da99a-ba9a-4d72-abd2-d0f1aa02f12f: receive RaftClientReply:client-C79DE3E06697->1d6da99a-ba9a-4d72-abd2-d0f1aa02f12f@group-B29EE812FB58, cid=4402, SUCCESS, logIndex=6668, commits[1d6da99a-ba9a-4d72-abd2-d0f1aa02f12f:c6668, 9dc27687-2024-46ae-8b6e-c9027bfa400e:c6666, 9c9c57da-14dc-454a-b374-789aa5e765a9:c6666]
2019-09-16 23:35:39,055 [grpc-default-executor-0] INFO  client.GrpcClientProtocolClient (GrpcClientProtocolClient.java:onNext(264)) - client-C79DE3E06697->1d6da99a-ba9a-4d72-abd2-d0f1aa02f12f: receive RaftClientReply:client-C79DE3E06697->1d6da99a-ba9a-4d72-abd2-d0f1aa02f12f@group-B29EE812FB58, cid=4403, SUCCESS, logIndex=0, commits[1d6da99a-ba9a-4d72-abd2-d0f1aa02f12f:c6669, 9dc27687-2024-46ae-8b6e-c9027bfa400e:c6668, 9c9c57da-14dc-454a-b374-789aa5e765a9:c6668]
2019-09-16 23:35:39,083 [grpc-default-executor-0] INFO  client.GrpcClientProtocolClient (GrpcClientProtocolClient.java:onNext(264)) - client-C79DE3E06697->1d6da99a-ba9a-4d72-abd2-d0f1aa02f12f: receive RaftClientReply:client-C79DE3E06697->1d6da99a-ba9a-4d72-abd2-d0f1aa02f12f@group-B29EE812FB58, cid=4404, SUCCESS, logIndex=6670, commits[1d6da99a-ba9a-4d72-abd2-d0f1aa02f12f:c6671, 9dc27687-2024-46ae-8b6e-c9027bfa400e:c6669, 9c9c57da-14dc-454a-b374-789aa5e765a9:c6669]
2019-09-16 23:35:39,083 [grpc-default-executor-0] INFO  client.GrpcClientProtocolClient (GrpcClientProtocolClient.java:onNext(264)) - client-C79DE3E06697->1d6da99a-ba9a-4d72-abd2-d0f1aa02f12f: receive RaftClientReply:client-C79DE3E06697->1d6da99a-ba9a-4d72-abd2-d0f1aa02f12f@group-B29EE812FB58, cid=4405, SUCCESS, logIndex=6671, commits[1d6da99a-ba9a-4d72-abd2-d0f1aa02f12f:c6671, 9dc27687-2024-46ae-8b6e-c9027bfa400e:c6669, 9c9c57da-14dc-454a-b374-789aa5e765a9:c6669]
2019-09-16 23:35:39,087 [grpc-default-executor-6] INFO  client.GrpcClientProtocolClient (GrpcClientProtocolClient.java:onNext(264)) - client-C79DE3E06697->1d6da99a-ba9a-4d72-abd2-d0f1aa02f12f: receive RaftClientReply:client-C79DE3E06697->1d6da99a-ba9a-4d72-abd2-d0f1aa02f12f@group-B29EE812FB58, cid=4406, SUCCESS, logIndex=6672, commits[1d6da99a-ba9a-4d72-abd2-d0f1aa02f12f:c6675, 9dc27687-2024-46ae-8b6e-c9027bfa400e:c6671, 9c9c57da-14dc-454a-b374-789aa5e765a9:c6669]
2019-09-16 23:35:39,087 [grpc-default-executor-6] INFO  client.GrpcClientProtocolClient (GrpcClientProtocolClient.java:onNext(264)) - client-C79DE3E06697->1d6da99a-ba9a-4d72-abd2-d0f1aa02f12f: receive RaftClientReply:client-C79DE3E06697->1d6da99a-ba9a-4d72-abd2-d0f1aa02f12f@group-B29EE812FB58, cid=4407, SUCCESS, logIndex=6673, commits[1d6da99a-ba9a-4d72-abd2-d0f1aa02f12f:c6675, 9dc27687-2024-46ae-8b6e-c9027bfa400e:c6671, 9c9c57da-14dc-454a-b374-789aa5e765a9:c6671]
2019-09-16 23:35:39,115 [grpc-default-executor-6] INFO  client.GrpcClientProtocolClient (GrpcClientProtocolClient.java:onNext(264)) - client-C79DE3E06697->1d6da99a-ba9a-4d72-abd2-d0f1aa02f12f: receive RaftClientReply:client-C79DE3E06697->1d6da99a-ba9a-4d72-abd2-d0f1aa02f12f@group-B29EE812FB58, cid=4408, SUCCESS, logIndex=6678, commits[1d6da99a-ba9a-4d72-abd2-d0f1aa02f12f:c6679, 9dc27687-2024-46ae-8b6e-c9027bfa400e:c6677, 9c9c57da-14dc-454a-b374-789aa5e765a9:c6675]
2019-09-16 23:35:39,115 [grpc-default-executor-6] INFO  client.GrpcClientProtocolClient (GrpcClientProtocolClient.java:onNext(264)) - client-C79DE3E06697->1d6da99a-ba9a-4d72-abd2-d0f1aa02f12f: receive RaftClientReply:client-C79DE3E06697->1d6da99a-ba9a-4d72-abd2-d0f1aa02f12f@group-B29EE812FB58, cid=4409, SUCCESS, logIndex=6679, commits[1d6da99a-ba9a-4d72-abd2-d0f1aa02f12f:c6679, 9dc27687-2024-46ae-8b6e-c9027bfa400e:c6677, 9c9c57da-14dc-454a-b374-789aa5e765a9:c6675]
2019-09-16 23:35:39,129 [grpc-default-executor-0] INFO  client.GrpcClientProtocolClient (GrpcClientProtocolClient.java:onNext(264)) - client-C79DE3E06697->1d6da99a-ba9a-4d72-abd2-d0f1aa02f12f: receive RaftClientReply:client-C79DE3E06697->1d6da99a-ba9a-4d72-abd2-d0f1aa02f12f@group-B29EE812FB58, cid=4410, SUCCESS, logIndex=6682, commits[1d6da99a-ba9a-4d72-abd2-d0f1aa02f12f:c6683, 9dc27687-2024-46ae-8b6e-c9027bfa400e:c6679, 9c9c57da-14dc-454a-b374-789aa5e765a9:c6679]
2019-09-16 23:35:39,129 [grpc-default-executor-0] INFO  client.GrpcClientProtocolClient (GrpcClientProtocolClient.java:onNext(264)) - client-C79DE3E06697->1d6da99a-ba9a-4d72-abd2-d0f1aa02f12f: receive RaftClientReply:client-C79DE3E06697->1d6da99a-ba9a-4d72-abd2-d0f1aa02f12f@group-B29EE812FB58, cid=4411, SUCCESS, logIndex=6683, commits[1d6da99a-ba9a-4d72-abd2-d0f1aa02f12f:c6683, 9dc27687-2024-46ae-8b6e-c9027bfa400e:c6679, 9c9c57da-14dc-454a-b374-789aa5e765a9:c6679]
2019-09-16 23:35:39,145 [grpc-default-executor-0] INFO  client.GrpcClientProtocolClient (GrpcClientProtocolClient.java:onNext(264)) - client-C79DE3E06697->1d6da99a-ba9a-4d72-abd2-d0f1aa02f12f: receive RaftClientReply:client-C79DE3E06697->1d6da99a-ba9a-4d72-abd2-d0f1aa02f12f@group-B29EE812FB58, cid=4412, SUCCESS, logIndex=0, commits[1d6da99a-ba9a-4d72-abd2-d0f1aa02f12f:c6685, 9dc27687-2024-46ae-8b6e-c9027bfa400e:c6683, 9c9c57da-14dc-454a-b374-789aa5e765a9:c6683]
2019-09-16 23:35:39,185 [grpc-default-executor-3] INFO  client.GrpcClientProtocolClient (GrpcClientProtocolClient.java:onNext(264)) - client-C79DE3E06697->1d6da99a-ba9a-4d72-abd2-d0f1aa02f12f: receive RaftClientReply:client-C79DE3E06697->1d6da99a-ba9a-4d72-abd2-d0f1aa02f12f@group-B29EE812FB58, cid=4413, SUCCESS, logIndex=6686, commits[1d6da99a-ba9a-4d72-abd2-d0f1aa02f12f:c6687, 9dc27687-2024-46ae-8b6e-c9027bfa400e:c6685, 9c9c57da-14dc-454a-b374-789aa5e765a9:c6685]
2019-09-16 23:35:39,186 [grpc-default-executor-3] INFO  client.GrpcClientProtocolClient (GrpcClientProtocolClient.java:onNext(264)) - client-C79DE3E06697->1d6da99a-ba9a-4d72-abd2-d0f1aa02f12f: receive RaftClientReply:client-C79DE3E06697->1d6da99a-ba9a-4d72-abd2-d0f1aa02f12f@group-B29EE812FB58, cid=4414, SUCCESS, logIndex=6687, commits[1d6da99a-ba9a-4d72-abd2-d0f1aa02f12f:c6689, 9dc27687-2024-46ae-8b6e-c9027bfa400e:c6685, 9c9c57da-14dc-454a-b374-789aa5e765a9:c6685]
2019-09-16 23:35:39,186 [grpc-default-executor-3] INFO  client.GrpcClientProtocolClient (GrpcClientProtocolClient.java:onNext(264)) - client-C79DE3E06697->1d6da99a-ba9a-4d72-abd2-d0f1aa02f12f: receive RaftClientReply:client-C79DE3E06697->1d6da99a-ba9a-4d72-abd2-d0f1aa02f12f@group-B29EE812FB58, cid=4415, SUCCESS, logIndex=6688, commits[1d6da99a-ba9a-4d72-abd2-d0f1aa02f12f:c6689, 9dc27687-2024-46ae-8b6e-c9027bfa400e:c6685, 9c9c57da-14dc-454a-b374-789aa5e765a9:c6685]
2019-09-16 23:35:39,186 [grpc-default-executor-3] INFO  client.GrpcClientProtocolClient (GrpcClientProtocolClient.java:onNext(264)) - client-C79DE3E06697->1d6da99a-ba9a-4d72-abd2-d0f1aa02f12f: receive RaftClientReply:client-C79DE3E06697->1d6da99a-ba9a-4d72-abd2-d0f1aa02f12f@group-B29EE812FB58, cid=4416, SUCCESS, logIndex=6689, commits[1d6da99a-ba9a-4d72-abd2-d0f1aa02f12f:c6689, 9dc27687-2024-46ae-8b6e-c9027bfa400e:c6685, 9c9c57da-14dc-454a-b374-789aa5e765a9:c6685]
2019-09-16 23:35:39,200 [grpc-default-executor-0] INFO  client.GrpcClientProtocolClient (GrpcClientProtocolClient.java:onNext(264)) - client-C79DE3E06697->1d6da99a-ba9a-4d72-abd2-d0f1aa02f12f: receive RaftClientReply:client-C79DE3E06697->1d6da99a-ba9a-4d72-abd2-d0f1aa02f12f@group-B29EE812FB58, cid=4417, SUCCESS, logIndex=0, commits[1d6da99a-ba9a-4d72-abd2-d0f1aa02f12f:c6692, 9dc27687-2024-46ae-8b6e-c9027bfa400e:c6687, 9c9c57da-14dc-454a-b374-789aa5e765a9:c6688]
2019-09-16 23:35:39,406 [grpc-default-executor-6] INFO  client.GrpcClientProtocolClient (GrpcClientProtocolClient.java:onNext(264)) - client-C79DE3E06697->1d6da99a-ba9a-4d72-abd2-d0f1aa02f12f: receive RaftClientReply:client-C79DE3E06697->1d6da99a-ba9a-4d72-abd2-d0f1aa02f12f@group-B29EE812FB58, cid=4418, SUCCESS, logIndex=6694, commits[1d6da99a-ba9a-4d72-abd2-d0f1aa02f12f:c6695, 9dc27687-2024-46ae-8b6e-c9027bfa400e:c6693, 9c9c57da-14dc-454a-b374-789aa5e765a9:c6693]
2019-09-16 23:35:39,407 [grpc-default-executor-6] INFO  client.GrpcClientProtocolClient (GrpcClientProtocolClient.java:onNext(264)) - client-C79DE3E06697->1d6da99a-ba9a-4d72-abd2-d0f1aa02f12f: receive RaftClientReply:client-C79DE3E06697->1d6da99a-ba9a-4d72-abd2-d0f1aa02f12f@group-B29EE812FB58, cid=4419, SUCCESS, logIndex=6695, commits[1d6da99a-ba9a-4d72-abd2-d0f1aa02f12f:c6695, 9dc27687-2024-46ae-8b6e-c9027bfa400e:c6693, 9c9c57da-14dc-454a-b374-789aa5e765a9:c6693]
2019-09-16 23:35:39,430 [grpc-default-executor-0] INFO  client.GrpcClientProtocolClient (GrpcClientProtocolClient.java:onNext(264)) - client-C79DE3E06697->1d6da99a-ba9a-4d72-abd2-d0f1aa02f12f: receive RaftClientReply:client-C79DE3E06697->1d6da99a-ba9a-4d72-abd2-d0f1aa02f12f@group-B29EE812FB58, cid=4420, SUCCESS, logIndex=6698, commits[1d6da99a-ba9a-4d72-abd2-d0f1aa02f12f:c6699, 9dc27687-2024-46ae-8b6e-c9027bfa400e:c6696, 9c9c57da-14dc-454a-b374-789aa5e765a9:c6696]
2019-09-16 23:35:39,430 [grpc-default-executor-0] INFO  client.GrpcClientProtocolClient (GrpcClientProtocolClient.java:onNext(264)) - client-C79DE3E06697->1d6da99a-ba9a-4d72-abd2-d0f1aa02f12f: receive RaftClientReply:client-C79DE3E06697->1d6da99a-ba9a-4d72-abd2-d0f1aa02f12f@group-B29EE812FB58, cid=4421, SUCCESS, logIndex=6699, commits[1d6da99a-ba9a-4d72-abd2-d0f1aa02f12f:c6699, 9dc27687-2024-46ae-8b6e-c9027bfa400e:c6696, 9c9c57da-14dc-454a-b374-789aa5e765a9:c6696]
2019-09-16 23:35:39,443 [grpc-default-executor-0] INFO  client.GrpcClientProtocolClient (GrpcClientProtocolClient.java:onNext(264)) - client-C79DE3E06697->1d6da99a-ba9a-4d72-abd2-d0f1aa02f12f: receive RaftClientReply:client-C79DE3E06697->1d6da99a-ba9a-4d72-abd2-d0f1aa02f12f@group-B29EE812FB58, cid=4422, SUCCESS, logIndex=0, commits[1d6da99a-ba9a-4d72-abd2-d0f1aa02f12f:c6701, 9dc27687-2024-46ae-8b6e-c9027bfa400e:c6699, 9c9c57da-14dc-454a-b374-789aa5e765a9:c6699]
2019-09-16 23:35:39,486 [grpc-default-executor-3] INFO  client.GrpcClientProtocolClient (GrpcClientProtocolClient.java:onNext(264)) - client-C79DE3E06697->1d6da99a-ba9a-4d72-abd2-d0f1aa02f12f: receive RaftClientReply:client-C79DE3E06697->1d6da99a-ba9a-4d72-abd2-d0f1aa02f12f@group-B29EE812FB58, cid=4423, SUCCESS, logIndex=6702, commits[1d6da99a-ba9a-4d72-abd2-d0f1aa02f12f:c6703, 9dc27687-2024-46ae-8b6e-c9027bfa400e:c6701, 9c9c57da-14dc-454a-b374-789aa5e765a9:c6701]
2019-09-16 23:35:39,487 [grpc-default-executor-6] INFO  client.GrpcClientProtocolClient (GrpcClientProtocolClient.java:onNext(264)) - client-C79DE3E06697->1d6da99a-ba9a-4d72-abd2-d0f1aa02f12f: receive RaftClientReply:client-C79DE3E06697->1d6da99a-ba9a-4d72-abd2-d0f1aa02f12f@group-B29EE812FB58, cid=4424, SUCCESS, logIndex=6703, commits[1d6da99a-ba9a-4d72-abd2-d0f1aa02f12f:c6704, 9dc27687-2024-46ae-8b6e-c9027bfa400e:c6701, 9c9c57da-14dc-454a-b374-789aa5e765a9:c6701]
2019-09-16 23:35:39,488 [grpc-default-executor-6] INFO  client.GrpcClientProtocolClient (GrpcClientProtocolClient.java:onNext(264)) - client-C79DE3E06697->1d6da99a-ba9a-4d72-abd2-d0f1aa02f12f: receive RaftClientReply:client-C79DE3E06697->1d6da99a-ba9a-4d72-abd2-d0f1aa02f12f@group-B29EE812FB58, cid=4425, SUCCESS, logIndex=6704, commits[1d6da99a-ba9a-4d72-abd2-d0f1aa02f12f:c6704, 9dc27687-2024-46ae-8b6e-c9027bfa400e:c6701, 9c9c57da-14dc-454a-b374-789aa5e765a9:c6701]
2019-09-16 23:35:39,488 [grpc-default-executor-6] INFO  client.GrpcClientProtocolClient (GrpcClientProtocolClient.java:onNext(264)) - client-C79DE3E06697->1d6da99a-ba9a-4d72-abd2-d0f1aa02f12f: receive RaftClientReply:client-C79DE3E06697->1d6da99a-ba9a-4d72-abd2-d0f1aa02f12f@group-B29EE812FB58, cid=4426, SUCCESS, logIndex=6705, commits[1d6da99a-ba9a-4d72-abd2-d0f1aa02f12f:c6705, 9dc27687-2024-46ae-8b6e-c9027bfa400e:c6701, 9c9c57da-14dc-454a-b374-789aa5e765a9:c6701]
2019-09-16 23:35:39,489 [grpc-default-executor-6] INFO  client.GrpcClientProtocolClient (GrpcClientProtocolClient.java:onNext(264)) - client-C79DE3E06697->1d6da99a-ba9a-4d72-abd2-d0f1aa02f12f: receive RaftClientReply:client-C79DE3E06697->1d6da99a-ba9a-4d72-abd2-d0f1aa02f12f@group-B29EE812FB58, cid=4427, SUCCESS, logIndex=0, commits[1d6da99a-ba9a-4d72-abd2-d0f1aa02f12f:c6708, 9dc27687-2024-46ae-8b6e-c9027bfa400e:c6703, 9c9c57da-14dc-454a-b374-789aa5e765a9:c6704]
2019-09-16 23:35:39,509 [grpc-default-executor-0] INFO  client.GrpcClientProtocolClient (GrpcClientProtocolClient.java:onNext(264)) - client-C79DE3E06697->1d6da99a-ba9a-4d72-abd2-d0f1aa02f12f: receive RaftClientReply:client-C79DE3E06697->1d6da99a-ba9a-4d72-abd2-d0f1aa02f12f@group-B29EE812FB58, cid=4428, SUCCESS, logIndex=6710, commits[1d6da99a-ba9a-4d72-abd2-d0f1aa02f12f:c6711, 9dc27687-2024-46ae-8b6e-c9027bfa400e:c6709, 9c9c57da-14dc-454a-b374-789aa5e765a9:c6709]
2019-09-16 23:35:39,510 [grpc-default-executor-0] INFO  client.GrpcClientProtocolClient (GrpcClientProtocolClient.java:onNext(264)) - client-C79DE3E06697->1d6da99a-ba9a-4d72-abd2-d0f1aa02f12f: receive RaftClientReply:client-C79DE3E06697->1d6da99a-ba9a-4d72-abd2-d0f1aa02f12f@group-B29EE812FB58, cid=4429, SUCCESS, logIndex=6711, commits[1d6da99a-ba9a-4d72-abd2-d0f1aa02f12f:c6711, 9dc27687-2024-46ae-8b6e-c9027bfa400e:c6709, 9c9c57da-14dc-454a-b374-789aa5e765a9:c6709]
2019-09-16 23:35:39,523 [grpc-default-executor-0] INFO  client.GrpcClientProtocolClient (GrpcClientProtocolClient.java:onNext(264)) - client-C79DE3E06697->1d6da99a-ba9a-4d72-abd2-d0f1aa02f12f: receive RaftClientReply:client-C79DE3E06697->1d6da99a-ba9a-4d72-abd2-d0f1aa02f12f@group-B29EE812FB58, cid=4430, SUCCESS, logIndex=6714, commits[1d6da99a-ba9a-4d72-abd2-d0f1aa02f12f:c6715, 9dc27687-2024-46ae-8b6e-c9027bfa400e:c6711, 9c9c57da-14dc-454a-b374-789aa5e765a9:c6711]
2019-09-16 23:35:39,523 [grpc-default-executor-0] INFO  client.GrpcClientProtocolClient (GrpcClientProtocolClient.java:onNext(264)) - client-C79DE3E06697->1d6da99a-ba9a-4d72-abd2-d0f1aa02f12f: receive RaftClientReply:client-C79DE3E06697->1d6da99a-ba9a-4d72-abd2-d0f1aa02f12f@group-B29EE812FB58, cid=4431, SUCCESS, logIndex=6715, commits[1d6da99a-ba9a-4d72-abd2-d0f1aa02f12f:c6715, 9dc27687-2024-46ae-8b6e-c9027bfa400e:c6711, 9c9c57da-14dc-454a-b374-789aa5e765a9:c6711]
2019-09-16 23:35:39,537 [grpc-default-executor-0] INFO  client.GrpcClientProtocolClient (GrpcClientProtocolClient.java:onNext(264)) - client-C79DE3E06697->1d6da99a-ba9a-4d72-abd2-d0f1aa02f12f: receive RaftClientReply:client-C79DE3E06697->1d6da99a-ba9a-4d72-abd2-d0f1aa02f12f@group-B29EE812FB58, cid=4432, SUCCESS, logIndex=0, commits[1d6da99a-ba9a-4d72-abd2-d0f1aa02f12f:c6717, 9dc27687-2024-46ae-8b6e-c9027bfa400e:c6715, 9c9c57da-14dc-454a-b374-789aa5e765a9:c6715]
2019-09-16 23:35:39,570 [grpc-default-executor-0] INFO  client.GrpcClientProtocolClient (GrpcClientProtocolClient.java:onNext(264)) - client-C79DE3E06697->1d6da99a-ba9a-4d72-abd2-d0f1aa02f12f: receive RaftClientReply:client-C79DE3E06697->1d6da99a-ba9a-4d72-abd2-d0f1aa02f12f@group-B29EE812FB58, cid=4433, SUCCESS, logIndex=6718, commits[1d6da99a-ba9a-4d72-abd2-d0f1aa02f12f:c6719, 9dc27687-2024-46ae-8b6e-c9027bfa400e:c6717, 9c9c57da-14dc-454a-b374-789aa5e765a9:c6717]
2019-09-16 23:35:39,571 [grpc-default-executor-0] INFO  client.GrpcClientProtocolClient (GrpcClientProtocolClient.java:onNext(264)) - client-C79DE3E06697->1d6da99a-ba9a-4d72-abd2-d0f1aa02f12f: receive RaftClientReply:client-C79DE3E06697->1d6da99a-ba9a-4d72-abd2-d0f1aa02f12f@group-B29EE812FB58, cid=4434, SUCCESS, logIndex=6719, commits[1d6da99a-ba9a-4d72-abd2-d0f1aa02f12f:c6719, 9dc27687-2024-46ae-8b6e-c9027bfa400e:c6717, 9c9c57da-14dc-454a-b374-789aa5e765a9:c6717]
2019-09-16 23:35:39,572 [grpc-default-executor-3] INFO  client.GrpcClientProtocolClient (GrpcClientProtocolClient.java:onNext(264)) - client-C79DE3E06697->1d6da99a-ba9a-4d72-abd2-d0f1aa02f12f: receive RaftClientReply:client-C79DE3E06697->1d6da99a-ba9a-4d72-abd2-d0f1aa02f12f@group-B29EE812FB58, cid=4435, SUCCESS, logIndex=6720, commits[1d6da99a-ba9a-4d72-abd2-d0f1aa02f12f:c6720, 9dc27687-2024-46ae-8b6e-c9027bfa400e:c6717, 9c9c57da-14dc-454a-b374-789aa5e765a9:c6717]
2019-09-16 23:35:39,573 [grpc-default-executor-3] INFO  client.GrpcClientProtocolClient (GrpcClientProtocolClient.java:onNext(264)) - client-C79DE3E06697->1d6da99a-ba9a-4d72-abd2-d0f1aa02f12f: receive RaftClientReply:client-C79DE3E06697->1d6da99a-ba9a-4d72-abd2-d0f1aa02f12f@group-B29EE812FB58, cid=4436, SUCCESS, logIndex=6721, commits[1d6da99a-ba9a-4d72-abd2-d0f1aa02f12f:c6721, 9dc27687-2024-46ae-8b6e-c9027bfa400e:c6717, 9c9c57da-14dc-454a-b374-789aa5e765a9:c6717]
2019-09-16 23:35:39,584 [grpc-default-executor-3] INFO  client.GrpcClientProtocolClient (GrpcClientProtocolClient.java:onNext(264)) - client-C79DE3E06697->1d6da99a-ba9a-4d72-abd2-d0f1aa02f12f: receive RaftClientReply:client-C79DE3E06697->1d6da99a-ba9a-4d72-abd2-d0f1aa02f12f@group-B29EE812FB58, cid=4437, SUCCESS, logIndex=0, commits[1d6da99a-ba9a-4d72-abd2-d0f1aa02f12f:c6722, 9dc27687-2024-46ae-8b6e-c9027bfa400e:c6719, 9c9c57da-14dc-454a-b374-789aa5e765a9:c6719]
2019-09-16 23:35:39,603 [grpc-default-executor-0] INFO  client.GrpcClientProtocolClient (GrpcClientProtocolClient.java:onNext(264)) - client-C79DE3E06697->1d6da99a-ba9a-4d72-abd2-d0f1aa02f12f: receive RaftClientReply:client-C79DE3E06697->1d6da99a-ba9a-4d72-abd2-d0f1aa02f12f@group-B29EE812FB58, cid=4438, SUCCESS, logIndex=6726, commits[1d6da99a-ba9a-4d72-abd2-d0f1aa02f12f:c6727, 9dc27687-2024-46ae-8b6e-c9027bfa400e:c6725, 9c9c57da-14dc-454a-b374-789aa5e765a9:c6725]
2019-09-16 23:35:39,604 [grpc-default-executor-0] INFO  client.GrpcClientProtocolClient (GrpcClientProtocolClient.java:onNext(264)) - client-C79DE3E06697->1d6da99a-ba9a-4d72-abd2-d0f1aa02f12f: receive RaftClientReply:client-C79DE3E06697->1d6da99a-ba9a-4d72-abd2-d0f1aa02f12f@group-B29EE812FB58, cid=4439, SUCCESS, logIndex=6727, commits[1d6da99a-ba9a-4d72-abd2-d0f1aa02f12f:c6727, 9dc27687-2024-46ae-8b6e-c9027bfa400e:c6725, 9c9c57da-14dc-454a-b374-789aa5e765a9:c6725]
2019-09-16 23:35:39,615 [grpc-default-executor-6] INFO  client.GrpcClientProtocolClient (GrpcClientProtocolClient.java:onNext(264)) - client-C79DE3E06697->1d6da99a-ba9a-4d72-abd2-d0f1aa02f12f: receive RaftClientReply:client-C79DE3E06697->1d6da99a-ba9a-4d72-abd2-d0f1aa02f12f@group-B29EE812FB58, cid=4440, SUCCESS, logIndex=6730, commits[1d6da99a-ba9a-4d72-abd2-d0f1aa02f12f:c6731, 9dc27687-2024-46ae-8b6e-c9027bfa400e:c6727, 9c9c57da-14dc-454a-b374-789aa5e765a9:c6729]
2019-09-16 23:35:39,615 [grpc-default-executor-6] INFO  client.GrpcClientProtocolClient (GrpcClientProtocolClient.java:onNext(264)) - client-C79DE3E06697->1d6da99a-ba9a-4d72-abd2-d0f1aa02f12f: receive RaftClientReply:client-C79DE3E06697->1d6da99a-ba9a-4d72-abd2-d0f1aa02f12f@group-B29EE812FB58, cid=4441, SUCCESS, logIndex=6731, commits[1d6da99a-ba9a-4d72-abd2-d0f1aa02f12f:c6731, 9dc27687-2024-46ae-8b6e-c9027bfa400e:c6729, 9c9c57da-14dc-454a-b374-789aa5e765a9:c6729]
2019-09-16 23:35:39,618 [grpc-default-executor-6] INFO  client.GrpcClientProtocolClient (GrpcClientProtocolClient.java:onNext(264)) - client-C79DE3E06697->1d6da99a-ba9a-4d72-abd2-d0f1aa02f12f: receive RaftClientReply:client-C79DE3E06697->1d6da99a-ba9a-4d72-abd2-d0f1aa02f12f@group-B29EE812FB58, cid=4442, SUCCESS, logIndex=0, commits[1d6da99a-ba9a-4d72-abd2-d0f1aa02f12f:c6732, 9dc27687-2024-46ae-8b6e-c9027bfa400e:c6731, 9c9c57da-14dc-454a-b374-789aa5e765a9:c6731]
2019-09-16 23:35:39,642 [grpc-default-executor-6] INFO  client.GrpcClientProtocolClient (GrpcClientProtocolClient.java:onNext(264)) - client-C79DE3E06697->1d6da99a-ba9a-4d72-abd2-d0f1aa02f12f: receive RaftClientReply:client-C79DE3E06697->1d6da99a-ba9a-4d72-abd2-d0f1aa02f12f@group-B29EE812FB58, cid=4443, SUCCESS, logIndex=6734, commits[1d6da99a-ba9a-4d72-abd2-d0f1aa02f12f:c6735, 9dc27687-2024-46ae-8b6e-c9027bfa400e:c6731, 9c9c57da-14dc-454a-b374-789aa5e765a9:c6733]
2019-09-16 23:35:39,642 [grpc-default-executor-6] INFO  client.GrpcClientProtocolClient (GrpcClientProtocolClient.java:onNext(264)) - client-C79DE3E06697->1d6da99a-ba9a-4d72-abd2-d0f1aa02f12f: receive RaftClientReply:client-C79DE3E06697->1d6da99a-ba9a-4d72-abd2-d0f1aa02f12f@group-B29EE812FB58, cid=4444, SUCCESS, logIndex=6735, commits[1d6da99a-ba9a-4d72-abd2-d0f1aa02f12f:c6735, 9dc27687-2024-46ae-8b6e-c9027bfa400e:c6731, 9c9c57da-14dc-454a-b374-789aa5e765a9:c6733]
2019-09-16 23:35:39,661 [grpc-default-executor-3] INFO  client.GrpcClientProtocolClient (GrpcClientProtocolClient.java:onNext(264)) - client-C79DE3E06697->1d6da99a-ba9a-4d72-abd2-d0f1aa02f12f: receive RaftClientReply:client-C79DE3E06697->1d6da99a-ba9a-4d72-abd2-d0f1aa02f12f@group-B29EE812FB58, cid=4445, SUCCESS, logIndex=6736, commits[1d6da99a-ba9a-4d72-abd2-d0f1aa02f12f:c6736, 9dc27687-2024-46ae-8b6e-c9027bfa400e:c6733, 9c9c57da-14dc-454a-b374-789aa5e765a9:c6733]
2019-09-16 23:35:39,662 [grpc-default-executor-6] INFO  client.GrpcClientProtocolClient (GrpcClientProtocolClient.java:onNext(264)) - client-C79DE3E06697->1d6da99a-ba9a-4d72-abd2-d0f1aa02f12f: receive RaftClientReply:client-C79DE3E06697->1d6da99a-ba9a-4d72-abd2-d0f1aa02f12f@group-B29EE812FB58, cid=4446, SUCCESS, logIndex=6737, commits[1d6da99a-ba9a-4d72-abd2-d0f1aa02f12f:c6738, 9dc27687-2024-46ae-8b6e-c9027bfa400e:c6734, 9c9c57da-14dc-454a-b374-789aa5e765a9:c6734]
2019-09-16 23:35:39,662 [grpc-default-executor-6] INFO  client.GrpcClientProtocolClient (GrpcClientProtocolClient.java:onNext(264)) - client-C79DE3E06697->1d6da99a-ba9a-4d72-abd2-d0f1aa02f12f: receive RaftClientReply:client-C79DE3E06697->1d6da99a-ba9a-4d72-abd2-d0f1aa02f12f@group-B29EE812FB58, cid=4447, SUCCESS, logIndex=0, commits[1d6da99a-ba9a-4d72-abd2-d0f1aa02f12f:c6739, 9dc27687-2024-46ae-8b6e-c9027bfa400e:c6735, 9c9c57da-14dc-454a-b374-789aa5e765a9:c6735]
2019-09-16 23:35:39,674 [grpc-default-executor-3] INFO  client.GrpcClientProtocolClient (GrpcClientProtocolClient.java:onNext(264)) - client-C79DE3E06697->1d6da99a-ba9a-4d72-abd2-d0f1aa02f12f: receive RaftClientReply:client-C79DE3E06697->1d6da99a-ba9a-4d72-abd2-d0f1aa02f12f@group-B29EE812FB58, cid=4448, SUCCESS, logIndex=6741, commits[1d6da99a-ba9a-4d72-abd2-d0f1aa02f12f:c6742, 9dc27687-2024-46ae-8b6e-c9027bfa400e:c6739, 9c9c57da-14dc-454a-b374-789aa5e765a9:c6736]
2019-09-16 23:35:39,675 [grpc-default-executor-3] INFO  client.GrpcClientProtocolClient (GrpcClientProtocolClient.java:onNext(264)) - client-C79DE3E06697->1d6da99a-ba9a-4d72-abd2-d0f1aa02f12f: receive RaftClientReply:client-C79DE3E06697->1d6da99a-ba9a-4d72-abd2-d0f1aa02f12f@group-B29EE812FB58, cid=4449, SUCCESS, logIndex=6742, commits[1d6da99a-ba9a-4d72-abd2-d0f1aa02f12f:c6742, 9dc27687-2024-46ae-8b6e-c9027bfa400e:c6739, 9c9c57da-14dc-454a-b374-789aa5e765a9:c6736]
2019-09-16 23:35:39,675 [grpc-default-executor-3] INFO  client.GrpcClientProtocolClient (GrpcClientProtocolClient.java:onNext(264)) - client-C79DE3E06697->1d6da99a-ba9a-4d72-abd2-d0f1aa02f12f: receive RaftClientReply:client-C79DE3E06697->1d6da99a-ba9a-4d72-abd2-d0f1aa02f12f@group-B29EE812FB58, cid=4450, SUCCESS, logIndex=0, commits[1d6da99a-ba9a-4d72-abd2-d0f1aa02f12f:c6742, 9dc27687-2024-46ae-8b6e-c9027bfa400e:c6739, 9c9c57da-14dc-454a-b374-789aa5e765a9:c6739]
 0.00% |█                                                                                                    |  0/1 Time: 0:00:572019-09-16 23:35:40,091 [grpc-default-executor-6] INFO  client.GrpcClientProtocolClient (GrpcClientProtocolClient.java:onNext(264)) - client-C79DE3E06697->1d6da99a-ba9a-4d72-abd2-d0f1aa02f12f: receive RaftClientReply:client-C79DE3E06697->1d6da99a-ba9a-4d72-abd2-d0f1aa02f12f@group-B29EE812FB58, cid=4451, SUCCESS, logIndex=6744, commits[1d6da99a-ba9a-4d72-abd2-d0f1aa02f12f:c6745, 9dc27687-2024-46ae-8b6e-c9027bfa400e:c6743, 9c9c57da-14dc-454a-b374-789aa5e765a9:c6743]
2019-09-16 23:35:40,092 [grpc-default-executor-6] INFO  client.GrpcClientProtocolClient (GrpcClientProtocolClient.java:onNext(264)) - client-C79DE3E06697->1d6da99a-ba9a-4d72-abd2-d0f1aa02f12f: receive RaftClientReply:client-C79DE3E06697->1d6da99a-ba9a-4d72-abd2-d0f1aa02f12f@group-B29EE812FB58, cid=4452, SUCCESS, logIndex=6745, commits[1d6da99a-ba9a-4d72-abd2-d0f1aa02f12f:c6745, 9dc27687-2024-46ae-8b6e-c9027bfa400e:c6743, 9c9c57da-14dc-454a-b374-789aa5e765a9:c6743]
2019-09-16 23:35:40,106 [grpc-default-executor-6] INFO  client.GrpcClientProtocolClient (GrpcClientProtocolClient.java:onNext(264)) - client-C79DE3E06697->1d6da99a-ba9a-4d72-abd2-d0f1aa02f12f: receive RaftClientReply:client-C79DE3E06697->1d6da99a-ba9a-4d72-abd2-d0f1aa02f12f@group-B29EE812FB58, cid=4453, SUCCESS, logIndex=0, commits[1d6da99a-ba9a-4d72-abd2-d0f1aa02f12f:c6747, 9dc27687-2024-46ae-8b6e-c9027bfa400e:c6745, 9c9c57da-14dc-454a-b374-789aa5e765a9:c6745]
2019-09-16 23:35:40,144 [grpc-default-executor-6] INFO  client.GrpcClientProtocolClient (GrpcClientProtocolClient.java:onNext(264)) - client-C79DE3E06697->1d6da99a-ba9a-4d72-abd2-d0f1aa02f12f: receive RaftClientReply:client-C79DE3E06697->1d6da99a-ba9a-4d72-abd2-d0f1aa02f12f@group-B29EE812FB58, cid=4454, SUCCESS, logIndex=6748, commits[1d6da99a-ba9a-4d72-abd2-d0f1aa02f12f:c6749, 9dc27687-2024-46ae-8b6e-c9027bfa400e:c6747, 9c9c57da-14dc-454a-b374-789aa5e765a9:c6747]
2019-09-16 23:35:40,145 [grpc-default-executor-6] INFO  client.GrpcClientProtocolClient (GrpcClientProtocolClient.java:onNext(264)) - client-C79DE3E06697->1d6da99a-ba9a-4d72-abd2-d0f1aa02f12f: receive RaftClientReply:client-C79DE3E06697->1d6da99a-ba9a-4d72-abd2-d0f1aa02f12f@group-B29EE812FB58, cid=4455, SUCCESS, logIndex=6749, commits[1d6da99a-ba9a-4d72-abd2-d0f1aa02f12f:c6750, 9dc27687-2024-46ae-8b6e-c9027bfa400e:c6747, 9c9c57da-14dc-454a-b374-789aa5e765a9:c6747]
2019-09-16 23:35:40,145 [grpc-default-executor-6] INFO  client.GrpcClientProtocolClient (GrpcClientProtocolClient.java:onNext(264)) - client-C79DE3E06697->1d6da99a-ba9a-4d72-abd2-d0f1aa02f12f: receive RaftClientReply:client-C79DE3E06697->1d6da99a-ba9a-4d72-abd2-d0f1aa02f12f@group-B29EE812FB58, cid=4456, SUCCESS, logIndex=6750, commits[1d6da99a-ba9a-4d72-abd2-d0f1aa02f12f:c6751, 9dc27687-2024-46ae-8b6e-c9027bfa400e:c6747, 9c9c57da-14dc-454a-b374-789aa5e765a9:c6747]
2019-09-16 23:35:40,146 [grpc-default-executor-6] INFO  client.GrpcClientProtocolClient (GrpcClientProtocolClient.java:onNext(264)) - client-C79DE3E06697->1d6da99a-ba9a-4d72-abd2-d0f1aa02f12f: receive RaftClientReply:client-C79DE3E06697->1d6da99a-ba9a-4d72-abd2-d0f1aa02f12f@group-B29EE812FB58, cid=4457, SUCCESS, logIndex=6751, commits[1d6da99a-ba9a-4d72-abd2-d0f1aa02f12f:c6751, 9dc27687-2024-46ae-8b6e-c9027bfa400e:c6747, 9c9c57da-14dc-454a-b374-789aa5e765a9:c6747]
2019-09-16 23:35:40,158 [grpc-default-executor-6] INFO  client.GrpcClientProtocolClient (GrpcClientProtocolClient.java:onNext(264)) - client-C79DE3E06697->1d6da99a-ba9a-4d72-abd2-d0f1aa02f12f: receive RaftClientReply:client-C79DE3E06697->1d6da99a-ba9a-4d72-abd2-d0f1aa02f12f@group-B29EE812FB58, cid=4458, SUCCESS, logIndex=0, commits[1d6da99a-ba9a-4d72-abd2-d0f1aa02f12f:c6754, 9dc27687-2024-46ae-8b6e-c9027bfa400e:c6749, 9c9c57da-14dc-454a-b374-789aa5e765a9:c6750]
2019-09-16 23:35:40,178 [grpc-default-executor-3] INFO  client.GrpcClientProtocolClient (GrpcClientProtocolClient.java:onNext(264)) - client-C79DE3E06697->1d6da99a-ba9a-4d72-abd2-d0f1aa02f12f: receive RaftClientReply:client-C79DE3E06697->1d6da99a-ba9a-4d72-abd2-d0f1aa02f12f@group-B29EE812FB58, cid=4459, SUCCESS, logIndex=6756, commits[1d6da99a-ba9a-4d72-abd2-d0f1aa02f12f:c6757, 9dc27687-2024-46ae-8b6e-c9027bfa400e:c6755, 9c9c57da-14dc-454a-b374-789aa5e765a9:c6755]
2019-09-16 23:35:40,178 [grpc-default-executor-3] INFO  client.GrpcClientProtocolClient (GrpcClientProtocolClient.java:onNext(264)) - client-C79DE3E06697->1d6da99a-ba9a-4d72-abd2-d0f1aa02f12f: receive RaftClientReply:client-C79DE3E06697->1d6da99a-ba9a-4d72-abd2-d0f1aa02f12f@group-B29EE812FB58, cid=4460, SUCCESS, logIndex=6757, commits[1d6da99a-ba9a-4d72-abd2-d0f1aa02f12f:c6757, 9dc27687-2024-46ae-8b6e-c9027bfa400e:c6755, 9c9c57da-14dc-454a-b374-789aa5e765a9:c6755]
2019-09-16 23:35:40,194 [grpc-default-executor-6] INFO  client.GrpcClientProtocolClient (GrpcClientProtocolClient.java:onNext(264)) - client-C79DE3E06697->1d6da99a-ba9a-4d72-abd2-d0f1aa02f12f: receive RaftClientReply:client-C79DE3E06697->1d6da99a-ba9a-4d72-abd2-d0f1aa02f12f@group-B29EE812FB58, cid=4461, SUCCESS, logIndex=6760, commits[1d6da99a-ba9a-4d72-abd2-d0f1aa02f12f:c6761, 9dc27687-2024-46ae-8b6e-c9027bfa400e:c6757, 9c9c57da-14dc-454a-b374-789aa5e765a9:c6757]
2019-09-16 23:35:40,194 [grpc-default-executor-6] INFO  client.GrpcClientProtocolClient (GrpcClientProtocolClient.java:onNext(264)) - client-C79DE3E06697->1d6da99a-ba9a-4d72-abd2-d0f1aa02f12f: receive RaftClientReply:client-C79DE3E06697->1d6da99a-ba9a-4d72-abd2-d0f1aa02f12f@group-B29EE812FB58, cid=4462, SUCCESS, logIndex=6761, commits[1d6da99a-ba9a-4d72-abd2-d0f1aa02f12f:c6761, 9dc27687-2024-46ae-8b6e-c9027bfa400e:c6757, 9c9c57da-14dc-454a-b374-789aa5e765a9:c6757]
2019-09-16 23:35:40,217 [grpc-default-executor-6] INFO  client.GrpcClientProtocolClient (GrpcClientProtocolClient.java:onNext(264)) - client-C79DE3E06697->1d6da99a-ba9a-4d72-abd2-d0f1aa02f12f: receive RaftClientReply:client-C79DE3E06697->1d6da99a-ba9a-4d72-abd2-d0f1aa02f12f@group-B29EE812FB58, cid=4463, SUCCESS, logIndex=0, commits[1d6da99a-ba9a-4d72-abd2-d0f1aa02f12f:c6762, 9dc27687-2024-46ae-8b6e-c9027bfa400e:c6761, 9c9c57da-14dc-454a-b374-789aa5e765a9:c6761]
2019-09-16 23:35:40,252 [grpc-default-executor-6] INFO  client.GrpcClientProtocolClient (GrpcClientProtocolClient.java:onNext(264)) - client-C79DE3E06697->1d6da99a-ba9a-4d72-abd2-d0f1aa02f12f: receive RaftClientReply:client-C79DE3E06697->1d6da99a-ba9a-4d72-abd2-d0f1aa02f12f@group-B29EE812FB58, cid=4464, SUCCESS, logIndex=6764, commits[1d6da99a-ba9a-4d72-abd2-d0f1aa02f12f:c6765, 9dc27687-2024-46ae-8b6e-c9027bfa400e:c6763, 9c9c57da-14dc-454a-b374-789aa5e765a9:c6763]
2019-09-16 23:35:40,252 [grpc-default-executor-6] INFO  client.GrpcClientProtocolClient (GrpcClientProtocolClient.java:onNext(264)) - client-C79DE3E06697->1d6da99a-ba9a-4d72-abd2-d0f1aa02f12f: receive RaftClientReply:client-C79DE3E06697->1d6da99a-ba9a-4d72-abd2-d0f1aa02f12f@group-B29EE812FB58, cid=4465, SUCCESS, logIndex=6765, commits[1d6da99a-ba9a-4d72-abd2-d0f1aa02f12f:c6766, 9dc27687-2024-46ae-8b6e-c9027bfa400e:c6763, 9c9c57da-14dc-454a-b374-789aa5e765a9:c6763]
2019-09-16 23:35:40,253 [grpc-default-executor-6] INFO  client.GrpcClientProtocolClient (GrpcClientProtocolClient.java:onNext(264)) - client-C79DE3E06697->1d6da99a-ba9a-4d72-abd2-d0f1aa02f12f: receive RaftClientReply:client-C79DE3E06697->1d6da99a-ba9a-4d72-abd2-d0f1aa02f12f@group-B29EE812FB58, cid=4466, SUCCESS, logIndex=6766, commits[1d6da99a-ba9a-4d72-abd2-d0f1aa02f12f:c6767, 9dc27687-2024-46ae-8b6e-c9027bfa400e:c6763, 9c9c57da-14dc-454a-b374-789aa5e765a9:c6763]
2019-09-16 23:35:40,253 [grpc-default-executor-6] INFO  client.GrpcClientProtocolClient (GrpcClientProtocolClient.java:onNext(264)) - client-C79DE3E06697->1d6da99a-ba9a-4d72-abd2-d0f1aa02f12f: receive RaftClientReply:client-C79DE3E06697->1d6da99a-ba9a-4d72-abd2-d0f1aa02f12f@group-B29EE812FB58, cid=4467, SUCCESS, logIndex=6767, commits[1d6da99a-ba9a-4d72-abd2-d0f1aa02f12f:c6767, 9dc27687-2024-46ae-8b6e-c9027bfa400e:c6763, 9c9c57da-14dc-454a-b374-789aa5e765a9:c6763]
2019-09-16 23:35:40,266 [grpc-default-executor-6] INFO  client.GrpcClientProtocolClient (GrpcClientProtocolClient.java:onNext(264)) - client-C79DE3E06697->1d6da99a-ba9a-4d72-abd2-d0f1aa02f12f: receive RaftClientReply:client-C79DE3E06697->1d6da99a-ba9a-4d72-abd2-d0f1aa02f12f@group-B29EE812FB58, cid=4468, SUCCESS, logIndex=0, commits[1d6da99a-ba9a-4d72-abd2-d0f1aa02f12f:c6769, 9dc27687-2024-46ae-8b6e-c9027bfa400e:c6765, 9c9c57da-14dc-454a-b374-789aa5e765a9:c6765]
2019-09-16 23:35:40,284 [grpc-default-executor-6] INFO  client.GrpcClientProtocolClient (GrpcClientProtocolClient.java:onNext(264)) - client-C79DE3E06697->1d6da99a-ba9a-4d72-abd2-d0f1aa02f12f: receive RaftClientReply:client-C79DE3E06697->1d6da99a-ba9a-4d72-abd2-d0f1aa02f12f@group-B29EE812FB58, cid=4469, SUCCESS, logIndex=6772, commits[1d6da99a-ba9a-4d72-abd2-d0f1aa02f12f:c6772, 9dc27687-2024-46ae-8b6e-c9027bfa400e:c6771, 9c9c57da-14dc-454a-b374-789aa5e765a9:c6771]
2019-09-16 23:35:40,284 [grpc-default-executor-6] INFO  client.GrpcClientProtocolClient (GrpcClientProtocolClient.java:onNext(264)) - client-C79DE3E06697->1d6da99a-ba9a-4d72-abd2-d0f1aa02f12f: receive RaftClientReply:client-C79DE3E06697->1d6da99a-ba9a-4d72-abd2-d0f1aa02f12f@group-B29EE812FB58, cid=4470, SUCCESS, logIndex=6773, commits[1d6da99a-ba9a-4d72-abd2-d0f1aa02f12f:c6773, 9dc27687-2024-46ae-8b6e-c9027bfa400e:c6771, 9c9c57da-14dc-454a-b374-789aa5e765a9:c6771]
2019-09-16 23:35:40,302 [grpc-default-executor-0] INFO  client.GrpcClientProtocolClient (GrpcClientProtocolClient.java:onNext(264)) - client-C79DE3E06697->1d6da99a-ba9a-4d72-abd2-d0f1aa02f12f: receive RaftClientReply:client-C79DE3E06697->1d6da99a-ba9a-4d72-abd2-d0f1aa02f12f@group-B29EE812FB58, cid=4471, SUCCESS, logIndex=6776, commits[1d6da99a-ba9a-4d72-abd2-d0f1aa02f12f:c6777, 9dc27687-2024-46ae-8b6e-c9027bfa400e:c6775, 9c9c57da-14dc-454a-b374-789aa5e765a9:c6774]
2019-09-16 23:35:40,303 [grpc-default-executor-0] INFO  client.GrpcClientProtocolClient (GrpcClientProtocolClient.java:onNext(264)) - client-C79DE3E06697->1d6da99a-ba9a-4d72-abd2-d0f1aa02f12f: receive RaftClientReply:client-C79DE3E06697->1d6da99a-ba9a-4d72-abd2-d0f1aa02f12f@group-B29EE812FB58, cid=4472, SUCCESS, logIndex=6777, commits[1d6da99a-ba9a-4d72-abd2-d0f1aa02f12f:c6777, 9dc27687-2024-46ae-8b6e-c9027bfa400e:c6775, 9c9c57da-14dc-454a-b374-789aa5e765a9:c6775]
2019-09-16 23:35:40,319 [grpc-default-executor-1] INFO  client.GrpcClientProtocolClient (GrpcClientProtocolClient.java:onNext(264)) - client-C79DE3E06697->1d6da99a-ba9a-4d72-abd2-d0f1aa02f12f: receive RaftClientReply:client-C79DE3E06697->1d6da99a-ba9a-4d72-abd2-d0f1aa02f12f@group-B29EE812FB58, cid=4473, SUCCESS, logIndex=0, commits[1d6da99a-ba9a-4d72-abd2-d0f1aa02f12f:c6779, 9dc27687-2024-46ae-8b6e-c9027bfa400e:c6777, 9c9c57da-14dc-454a-b374-789aa5e765a9:c6777]
2019-09-16 23:35:40,344 [grpc-default-executor-6] INFO  client.GrpcClientProtocolClient (GrpcClientProtocolClient.java:onNext(264)) - client-C79DE3E06697->1d6da99a-ba9a-4d72-abd2-d0f1aa02f12f: receive RaftClientReply:client-C79DE3E06697->1d6da99a-ba9a-4d72-abd2-d0f1aa02f12f@group-B29EE812FB58, cid=4474, SUCCESS, logIndex=6780, commits[1d6da99a-ba9a-4d72-abd2-d0f1aa02f12f:c6782, 9dc27687-2024-46ae-8b6e-c9027bfa400e:c6779, 9c9c57da-14dc-454a-b374-789aa5e765a9:c6779]
2019-09-16 23:35:40,344 [grpc-default-executor-6] INFO  client.GrpcClientProtocolClient (GrpcClientProtocolClient.java:onNext(264)) - client-C79DE3E06697->1d6da99a-ba9a-4d72-abd2-d0f1aa02f12f: receive RaftClientReply:client-C79DE3E06697->1d6da99a-ba9a-4d72-abd2-d0f1aa02f12f@group-B29EE812FB58, cid=4475, SUCCESS, logIndex=6781, commits[1d6da99a-ba9a-4d72-abd2-d0f1aa02f12f:c6783, 9dc27687-2024-46ae-8b6e-c9027bfa400e:c6779, 9c9c57da-14dc-454a-b374-789aa5e765a9:c6779]
2019-09-16 23:35:40,344 [grpc-default-executor-6] INFO  client.GrpcClientProtocolClient (GrpcClientProtocolClient.java:onNext(264)) - client-C79DE3E06697->1d6da99a-ba9a-4d72-abd2-d0f1aa02f12f: receive RaftClientReply:client-C79DE3E06697->1d6da99a-ba9a-4d72-abd2-d0f1aa02f12f@group-B29EE812FB58, cid=4476, SUCCESS, logIndex=6782, commits[1d6da99a-ba9a-4d72-abd2-d0f1aa02f12f:c6783, 9dc27687-2024-46ae-8b6e-c9027bfa400e:c6779, 9c9c57da-14dc-454a-b374-789aa5e765a9:c6779]
2019-09-16 23:35:40,345 [grpc-default-executor-6] INFO  client.GrpcClientProtocolClient (GrpcClientProtocolClient.java:onNext(264)) - client-C79DE3E06697->1d6da99a-ba9a-4d72-abd2-d0f1aa02f12f: receive RaftClientReply:client-C79DE3E06697->1d6da99a-ba9a-4d72-abd2-d0f1aa02f12f@group-B29EE812FB58, cid=4477, SUCCESS, logIndex=6783, commits[1d6da99a-ba9a-4d72-abd2-d0f1aa02f12f:c6783, 9dc27687-2024-46ae-8b6e-c9027bfa400e:c6779, 9c9c57da-14dc-454a-b374-789aa5e765a9:c6779]
2019-09-16 23:35:40,356 [grpc-default-executor-6] INFO  client.GrpcClientProtocolClient (GrpcClientProtocolClient.java:onNext(264)) - client-C79DE3E06697->1d6da99a-ba9a-4d72-abd2-d0f1aa02f12f: receive RaftClientReply:client-C79DE3E06697->1d6da99a-ba9a-4d72-abd2-d0f1aa02f12f@group-B29EE812FB58, cid=4478, SUCCESS, logIndex=0, commits[1d6da99a-ba9a-4d72-abd2-d0f1aa02f12f:c6786, 9dc27687-2024-46ae-8b6e-c9027bfa400e:c6781, 9c9c57da-14dc-454a-b374-789aa5e765a9:c6782]
2019-09-16 23:35:40,375 [grpc-default-executor-6] INFO  client.GrpcClientProtocolClient (GrpcClientProtocolClient.java:onNext(264)) - client-C79DE3E06697->1d6da99a-ba9a-4d72-abd2-d0f1aa02f12f: receive RaftClientReply:client-C79DE3E06697->1d6da99a-ba9a-4d72-abd2-d0f1aa02f12f@group-B29EE812FB58, cid=4479, SUCCESS, logIndex=6788, commits[1d6da99a-ba9a-4d72-abd2-d0f1aa02f12f:c6789, 9dc27687-2024-46ae-8b6e-c9027bfa400e:c6787, 9c9c57da-14dc-454a-b374-789aa5e765a9:c6787]
2019-09-16 23:35:40,375 [grpc-default-executor-6] INFO  client.GrpcClientProtocolClient (GrpcClientProtocolClient.java:onNext(264)) - client-C79DE3E06697->1d6da99a-ba9a-4d72-abd2-d0f1aa02f12f: receive RaftClientReply:client-C79DE3E06697->1d6da99a-ba9a-4d72-abd2-d0f1aa02f12f@group-B29EE812FB58, cid=4480, SUCCESS, logIndex=6789, commits[1d6da99a-ba9a-4d72-abd2-d0f1aa02f12f:c6789, 9dc27687-2024-46ae-8b6e-c9027bfa400e:c6787, 9c9c57da-14dc-454a-b374-789aa5e765a9:c6787]
2019-09-16 23:35:40,389 [grpc-default-executor-1] INFO  client.GrpcClientProtocolClient (GrpcClientProtocolClient.java:onNext(264)) - client-C79DE3E06697->1d6da99a-ba9a-4d72-abd2-d0f1aa02f12f: receive RaftClientReply:client-C79DE3E06697->1d6da99a-ba9a-4d72-abd2-d0f1aa02f12f@group-B29EE812FB58, cid=4481, SUCCESS, logIndex=6792, commits[1d6da99a-ba9a-4d72-abd2-d0f1aa02f12f:c6793, 9dc27687-2024-46ae-8b6e-c9027bfa400e:c6789, 9c9c57da-14dc-454a-b374-789aa5e765a9:c6789]
2019-09-16 23:35:40,389 [grpc-default-executor-1] INFO  client.GrpcClientProtocolClient (GrpcClientProtocolClient.java:onNext(264)) - client-C79DE3E06697->1d6da99a-ba9a-4d72-abd2-d0f1aa02f12f: receive RaftClientReply:client-C79DE3E06697->1d6da99a-ba9a-4d72-abd2-d0f1aa02f12f@group-B29EE812FB58, cid=4482, SUCCESS, logIndex=6793, commits[1d6da99a-ba9a-4d72-abd2-d0f1aa02f12f:c6793, 9dc27687-2024-46ae-8b6e-c9027bfa400e:c6789, 9c9c57da-14dc-454a-b374-789aa5e765a9:c6789]
2019-09-16 23:35:40,426 [grpc-default-executor-6] INFO  client.GrpcClientProtocolClient (GrpcClientProtocolClient.java:onNext(264)) - client-C79DE3E06697->1d6da99a-ba9a-4d72-abd2-d0f1aa02f12f: receive RaftClientReply:client-C79DE3E06697->1d6da99a-ba9a-4d72-abd2-d0f1aa02f12f@group-B29EE812FB58, cid=4483, SUCCESS, logIndex=0, commits[1d6da99a-ba9a-4d72-abd2-d0f1aa02f12f:c6794, 9dc27687-2024-46ae-8b6e-c9027bfa400e:c6793, 9c9c57da-14dc-454a-b374-789aa5e765a9:c6793]
2019-09-16 23:35:40,465 [grpc-default-executor-1] INFO  client.GrpcClientProtocolClient (GrpcClientProtocolClient.java:onNext(264)) - client-C79DE3E06697->1d6da99a-ba9a-4d72-abd2-d0f1aa02f12f: receive RaftClientReply:client-C79DE3E06697->1d6da99a-ba9a-4d72-abd2-d0f1aa02f12f@group-B29EE812FB58, cid=4484, SUCCESS, logIndex=6796, commits[1d6da99a-ba9a-4d72-abd2-d0f1aa02f12f:c6797, 9dc27687-2024-46ae-8b6e-c9027bfa400e:c6795, 9c9c57da-14dc-454a-b374-789aa5e765a9:c6795]
2019-09-16 23:35:40,466 [grpc-default-executor-6] INFO  client.GrpcClientProtocolClient (GrpcClientProtocolClient.java:onNext(264)) - client-C79DE3E06697->1d6da99a-ba9a-4d72-abd2-d0f1aa02f12f: receive RaftClientReply:client-C79DE3E06697->1d6da99a-ba9a-4d72-abd2-d0f1aa02f12f@group-B29EE812FB58, cid=4485, SUCCESS, logIndex=6797, commits[1d6da99a-ba9a-4d72-abd2-d0f1aa02f12f:c6799, 9dc27687-2024-46ae-8b6e-c9027bfa400e:c6795, 9c9c57da-14dc-454a-b374-789aa5e765a9:c6795]
2019-09-16 23:35:40,466 [grpc-default-executor-6] INFO  client.GrpcClientProtocolClient (GrpcClientProtocolClient.java:onNext(264)) - client-C79DE3E06697->1d6da99a-ba9a-4d72-abd2-d0f1aa02f12f: receive RaftClientReply:client-C79DE3E06697->1d6da99a-ba9a-4d72-abd2-d0f1aa02f12f@group-B29EE812FB58, cid=4486, SUCCESS, logIndex=6798, commits[1d6da99a-ba9a-4d72-abd2-d0f1aa02f12f:c6799, 9dc27687-2024-46ae-8b6e-c9027bfa400e:c6795, 9c9c57da-14dc-454a-b374-789aa5e765a9:c6795]
2019-09-16 23:35:40,467 [grpc-default-executor-6] INFO  client.GrpcClientProtocolClient (GrpcClientProtocolClient.java:onNext(264)) - client-C79DE3E06697->1d6da99a-ba9a-4d72-abd2-d0f1aa02f12f: receive RaftClientReply:client-C79DE3E06697->1d6da99a-ba9a-4d72-abd2-d0f1aa02f12f@group-B29EE812FB58, cid=4487, SUCCESS, logIndex=6799, commits[1d6da99a-ba9a-4d72-abd2-d0f1aa02f12f:c6799, 9dc27687-2024-46ae-8b6e-c9027bfa400e:c6795, 9c9c57da-14dc-454a-b374-789aa5e765a9:c6796]
2019-09-16 23:35:40,469 [grpc-default-executor-6] INFO  client.GrpcClientProtocolClient (GrpcClientProtocolClient.java:onNext(264)) - client-C79DE3E06697->1d6da99a-ba9a-4d72-abd2-d0f1aa02f12f: receive RaftClientReply:client-C79DE3E06697->1d6da99a-ba9a-4d72-abd2-d0f1aa02f12f@group-B29EE812FB58, cid=4488, SUCCESS, logIndex=0, commits[1d6da99a-ba9a-4d72-abd2-d0f1aa02f12f:c6802, 9dc27687-2024-46ae-8b6e-c9027bfa400e:c6797, 9c9c57da-14dc-454a-b374-789aa5e765a9:c6799]
2019-09-16 23:35:40,490 [grpc-default-executor-6] INFO  client.GrpcClientProtocolClient (GrpcClientProtocolClient.java:onNext(264)) - client-C79DE3E06697->1d6da99a-ba9a-4d72-abd2-d0f1aa02f12f: receive RaftClientReply:client-C79DE3E06697->1d6da99a-ba9a-4d72-abd2-d0f1aa02f12f@group-B29EE812FB58, cid=4489, SUCCESS, logIndex=6803, commits[1d6da99a-ba9a-4d72-abd2-d0f1aa02f12f:c6804, 9dc27687-2024-46ae-8b6e-c9027bfa400e:c6802, 9c9c57da-14dc-454a-b374-789aa5e765a9:c6802]
2019-09-16 23:35:40,490 [grpc-default-executor-6] INFO  client.GrpcClientProtocolClient (GrpcClientProtocolClient.java:onNext(264)) - client-C79DE3E06697->1d6da99a-ba9a-4d72-abd2-d0f1aa02f12f: receive RaftClientReply:client-C79DE3E06697->1d6da99a-ba9a-4d72-abd2-d0f1aa02f12f@group-B29EE812FB58, cid=4490, SUCCESS, logIndex=6804, commits[1d6da99a-ba9a-4d72-abd2-d0f1aa02f12f:c6804, 9dc27687-2024-46ae-8b6e-c9027bfa400e:c6802, 9c9c57da-14dc-454a-b374-789aa5e765a9:c6802]
2019-09-16 23:35:40,508 [grpc-default-executor-1] INFO  client.GrpcClientProtocolClient (GrpcClientProtocolClient.java:onNext(264)) - client-C79DE3E06697->1d6da99a-ba9a-4d72-abd2-d0f1aa02f12f: receive RaftClientReply:client-C79DE3E06697->1d6da99a-ba9a-4d72-abd2-d0f1aa02f12f@group-B29EE812FB58, cid=4491, SUCCESS, logIndex=6807, commits[1d6da99a-ba9a-4d72-abd2-d0f1aa02f12f:c6807, 9dc27687-2024-46ae-8b6e-c9027bfa400e:c6806, 9c9c57da-14dc-454a-b374-789aa5e765a9:c6806]
2019-09-16 23:35:40,509 [grpc-default-executor-1] INFO  client.GrpcClientProtocolClient (GrpcClientProtocolClient.java:onNext(264)) - client-C79DE3E06697->1d6da99a-ba9a-4d72-abd2-d0f1aa02f12f: receive RaftClientReply:client-C79DE3E06697->1d6da99a-ba9a-4d72-abd2-d0f1aa02f12f@group-B29EE812FB58, cid=4492, SUCCESS, logIndex=6808, commits[1d6da99a-ba9a-4d72-abd2-d0f1aa02f12f:c6808, 9dc27687-2024-46ae-8b6e-c9027bfa400e:c6806, 9c9c57da-14dc-454a-b374-789aa5e765a9:c6806]
2019-09-16 23:35:40,511 [grpc-default-executor-1] INFO  client.GrpcClientProtocolClient (GrpcClientProtocolClient.java:onNext(264)) - client-C79DE3E06697->1d6da99a-ba9a-4d72-abd2-d0f1aa02f12f: receive RaftClientReply:client-C79DE3E06697->1d6da99a-ba9a-4d72-abd2-d0f1aa02f12f@group-B29EE812FB58, cid=4493, SUCCESS, logIndex=0, commits[1d6da99a-ba9a-4d72-abd2-d0f1aa02f12f:c6810, 9dc27687-2024-46ae-8b6e-c9027bfa400e:c6808, 9c9c57da-14dc-454a-b374-789aa5e765a9:c6808]
2019-09-16 23:35:40,550 [grpc-default-executor-0] INFO  client.GrpcClientProtocolClient (GrpcClientProtocolClient.java:onNext(264)) - client-C79DE3E06697->1d6da99a-ba9a-4d72-abd2-d0f1aa02f12f: receive RaftClientReply:client-C79DE3E06697->1d6da99a-ba9a-4d72-abd2-d0f1aa02f12f@group-B29EE812FB58, cid=4494, SUCCESS, logIndex=6811, commits[1d6da99a-ba9a-4d72-abd2-d0f1aa02f12f:c6812, 9dc27687-2024-46ae-8b6e-c9027bfa400e:c6810, 9c9c57da-14dc-454a-b374-789aa5e765a9:c6810]
2019-09-16 23:35:40,551 [grpc-default-executor-0] INFO  client.GrpcClientProtocolClient (GrpcClientProtocolClient.java:onNext(264)) - client-C79DE3E06697->1d6da99a-ba9a-4d72-abd2-d0f1aa02f12f: receive RaftClientReply:client-C79DE3E06697->1d6da99a-ba9a-4d72-abd2-d0f1aa02f12f@group-B29EE812FB58, cid=4495, SUCCESS, logIndex=6812, commits[1d6da99a-ba9a-4d72-abd2-d0f1aa02f12f:c6814, 9dc27687-2024-46ae-8b6e-c9027bfa400e:c6810, 9c9c57da-14dc-454a-b374-789aa5e765a9:c6810]
2019-09-16 23:35:40,551 [grpc-default-executor-0] INFO  client.GrpcClientProtocolClient (GrpcClientProtocolClient.java:onNext(264)) - client-C79DE3E06697->1d6da99a-ba9a-4d72-abd2-d0f1aa02f12f: receive RaftClientReply:client-C79DE3E06697->1d6da99a-ba9a-4d72-abd2-d0f1aa02f12f@group-B29EE812FB58, cid=4496, SUCCESS, logIndex=6813, commits[1d6da99a-ba9a-4d72-abd2-d0f1aa02f12f:c6814, 9dc27687-2024-46ae-8b6e-c9027bfa400e:c6810, 9c9c57da-14dc-454a-b374-789aa5e765a9:c6810]
2019-09-16 23:35:40,551 [grpc-default-executor-0] INFO  client.GrpcClientProtocolClient (GrpcClientProtocolClient.java:onNext(264)) - client-C79DE3E06697->1d6da99a-ba9a-4d72-abd2-d0f1aa02f12f: receive RaftClientReply:client-C79DE3E06697->1d6da99a-ba9a-4d72-abd2-d0f1aa02f12f@group-B29EE812FB58, cid=4497, SUCCESS, logIndex=6814, commits[1d6da99a-ba9a-4d72-abd2-d0f1aa02f12f:c6814, 9dc27687-2024-46ae-8b6e-c9027bfa400e:c6810, 9c9c57da-14dc-454a-b374-789aa5e765a9:c6810]
2019-09-16 23:35:40,564 [grpc-default-executor-0] INFO  client.GrpcClientProtocolClient (GrpcClientProtocolClient.java:onNext(264)) - client-C79DE3E06697->1d6da99a-ba9a-4d72-abd2-d0f1aa02f12f: receive RaftClientReply:client-C79DE3E06697->1d6da99a-ba9a-4d72-abd2-d0f1aa02f12f@group-B29EE812FB58, cid=4498, SUCCESS, logIndex=0, commits[1d6da99a-ba9a-4d72-abd2-d0f1aa02f12f:c6815, 9dc27687-2024-46ae-8b6e-c9027bfa400e:c6812, 9c9c57da-14dc-454a-b374-789aa5e765a9:c6812]
2019-09-16 23:35:40,581 [grpc-default-executor-1] INFO  client.GrpcClientProtocolClient (GrpcClientProtocolClient.java:onNext(264)) - client-C79DE3E06697->1d6da99a-ba9a-4d72-abd2-d0f1aa02f12f: receive RaftClientReply:client-C79DE3E06697->1d6da99a-ba9a-4d72-abd2-d0f1aa02f12f@group-B29EE812FB58, cid=4499, SUCCESS, logIndex=6819, commits[1d6da99a-ba9a-4d72-abd2-d0f1aa02f12f:c6820, 9dc27687-2024-46ae-8b6e-c9027bfa400e:c6818, 9c9c57da-14dc-454a-b374-789aa5e765a9:c6818]
2019-09-16 23:35:40,582 [grpc-default-executor-1] INFO  client.GrpcClientProtocolClient (GrpcClientProtocolClient.java:onNext(264)) - client-C79DE3E06697->1d6da99a-ba9a-4d72-abd2-d0f1aa02f12f: receive RaftClientReply:client-C79DE3E06697->1d6da99a-ba9a-4d72-abd2-d0f1aa02f12f@group-B29EE812FB58, cid=4500, SUCCESS, logIndex=6820, commits[1d6da99a-ba9a-4d72-abd2-d0f1aa02f12f:c6820, 9dc27687-2024-46ae-8b6e-c9027bfa400e:c6818, 9c9c57da-14dc-454a-b374-789aa5e765a9:c6818]
2019-09-16 23:35:40,597 [grpc-default-executor-1] INFO  client.GrpcClientProtocolClient (GrpcClientProtocolClient.java:onNext(264)) - client-C79DE3E06697->1d6da99a-ba9a-4d72-abd2-d0f1aa02f12f: receive RaftClientReply:client-C79DE3E06697->1d6da99a-ba9a-4d72-abd2-d0f1aa02f12f@group-B29EE812FB58, cid=4501, SUCCESS, logIndex=6823, commits[1d6da99a-ba9a-4d72-abd2-d0f1aa02f12f:c6823, 9dc27687-2024-46ae-8b6e-c9027bfa400e:c6820, 9c9c57da-14dc-454a-b374-789aa5e765a9:c6820]
2019-09-16 23:35:40,597 [grpc-default-executor-1] INFO  client.GrpcClientProtocolClient (GrpcClientProtocolClient.java:onNext(264)) - client-C79DE3E06697->1d6da99a-ba9a-4d72-abd2-d0f1aa02f12f: receive RaftClientReply:client-C79DE3E06697->1d6da99a-ba9a-4d72-abd2-d0f1aa02f12f@group-B29EE812FB58, cid=4502, SUCCESS, logIndex=6824, commits[1d6da99a-ba9a-4d72-abd2-d0f1aa02f12f:c6824, 9dc27687-2024-46ae-8b6e-c9027bfa400e:c6820, 9c9c57da-14dc-454a-b374-789aa5e765a9:c6820]
2019-09-16 23:35:40,622 [grpc-default-executor-1] INFO  client.GrpcClientProtocolClient (GrpcClientProtocolClient.java:onNext(264)) - client-C79DE3E06697->1d6da99a-ba9a-4d72-abd2-d0f1aa02f12f: receive RaftClientReply:client-C79DE3E06697->1d6da99a-ba9a-4d72-abd2-d0f1aa02f12f@group-B29EE812FB58, cid=4503, SUCCESS, logIndex=0, commits[1d6da99a-ba9a-4d72-abd2-d0f1aa02f12f:c6826, 9dc27687-2024-46ae-8b6e-c9027bfa400e:c6824, 9c9c57da-14dc-454a-b374-789aa5e765a9:c6824]
2019-09-16 23:35:40,665 [grpc-default-executor-1] INFO  client.GrpcClientProtocolClient (GrpcClientProtocolClient.java:onNext(264)) - client-C79DE3E06697->1d6da99a-ba9a-4d72-abd2-d0f1aa02f12f: receive RaftClientReply:client-C79DE3E06697->1d6da99a-ba9a-4d72-abd2-d0f1aa02f12f@group-B29EE812FB58, cid=4504, SUCCESS, logIndex=6827, commits[1d6da99a-ba9a-4d72-abd2-d0f1aa02f12f:c6828, 9dc27687-2024-46ae-8b6e-c9027bfa400e:c6826, 9c9c57da-14dc-454a-b374-789aa5e765a9:c6826]
2019-09-16 23:35:40,666 [grpc-default-executor-1] INFO  client.GrpcClientProtocolClient (GrpcClientProtocolClient.java:onNext(264)) - client-C79DE3E06697->1d6da99a-ba9a-4d72-abd2-d0f1aa02f12f: receive RaftClientReply:client-C79DE3E06697->1d6da99a-ba9a-4d72-abd2-d0f1aa02f12f@group-B29EE812FB58, cid=4505, SUCCESS, logIndex=6828, commits[1d6da99a-ba9a-4d72-abd2-d0f1aa02f12f:c6828, 9dc27687-2024-46ae-8b6e-c9027bfa400e:c6826, 9c9c57da-14dc-454a-b374-789aa5e765a9:c6826]
2019-09-16 23:35:40,667 [grpc-default-executor-1] INFO  client.GrpcClientProtocolClient (GrpcClientProtocolClient.java:onNext(264)) - client-C79DE3E06697->1d6da99a-ba9a-4d72-abd2-d0f1aa02f12f: receive RaftClientReply:client-C79DE3E06697->1d6da99a-ba9a-4d72-abd2-d0f1aa02f12f@group-B29EE812FB58, cid=4506, SUCCESS, logIndex=6829, commits[1d6da99a-ba9a-4d72-abd2-d0f1aa02f12f:c6830, 9dc27687-2024-46ae-8b6e-c9027bfa400e:c6826, 9c9c57da-14dc-454a-b374-789aa5e765a9:c6826]
2019-09-16 23:35:40,667 [grpc-default-executor-1] INFO  client.GrpcClientProtocolClient (GrpcClientProtocolClient.java:onNext(264)) - client-C79DE3E06697->1d6da99a-ba9a-4d72-abd2-d0f1aa02f12f: receive RaftClientReply:client-C79DE3E06697->1d6da99a-ba9a-4d72-abd2-d0f1aa02f12f@group-B29EE812FB58, cid=4507, SUCCESS, logIndex=6830, commits[1d6da99a-ba9a-4d72-abd2-d0f1aa02f12f:c6830, 9dc27687-2024-46ae-8b6e-c9027bfa400e:c6826, 9c9c57da-14dc-454a-b374-789aa5e765a9:c6826]
2019-09-16 23:35:40,670 [grpc-default-executor-1] INFO  client.GrpcClientProtocolClient (GrpcClientProtocolClient.java:onNext(264)) - client-C79DE3E06697->1d6da99a-ba9a-4d72-abd2-d0f1aa02f12f: receive RaftClientReply:client-C79DE3E06697->1d6da99a-ba9a-4d72-abd2-d0f1aa02f12f@group-B29EE812FB58, cid=4508, SUCCESS, logIndex=0, commits[1d6da99a-ba9a-4d72-abd2-d0f1aa02f12f:c6832, 9dc27687-2024-46ae-8b6e-c9027bfa400e:c6828, 9c9c57da-14dc-454a-b374-789aa5e765a9:c6828]
2019-09-16 23:35:40,684 [grpc-default-executor-3] INFO  client.GrpcClientProtocolClient (GrpcClientProtocolClient.java:onNext(264)) - client-C79DE3E06697->1d6da99a-ba9a-4d72-abd2-d0f1aa02f12f: receive RaftClientReply:client-C79DE3E06697->1d6da99a-ba9a-4d72-abd2-d0f1aa02f12f@group-B29EE812FB58, cid=4509, SUCCESS, logIndex=6835, commits[1d6da99a-ba9a-4d72-abd2-d0f1aa02f12f:c6836, 9dc27687-2024-46ae-8b6e-c9027bfa400e:c6834, 9c9c57da-14dc-454a-b374-789aa5e765a9:c6834]
2019-09-16 23:35:40,684 [grpc-default-executor-3] INFO  client.GrpcClientProtocolClient (GrpcClientProtocolClient.java:onNext(264)) - client-C79DE3E06697->1d6da99a-ba9a-4d72-abd2-d0f1aa02f12f: receive RaftClientReply:client-C79DE3E06697->1d6da99a-ba9a-4d72-abd2-d0f1aa02f12f@group-B29EE812FB58, cid=4510, SUCCESS, logIndex=6836, commits[1d6da99a-ba9a-4d72-abd2-d0f1aa02f12f:c6836, 9dc27687-2024-46ae-8b6e-c9027bfa400e:c6834, 9c9c57da-14dc-454a-b374-789aa5e765a9:c6834]
2019-09-16 23:35:40,714 [grpc-default-executor-3] INFO  client.GrpcClientProtocolClient (GrpcClientProtocolClient.java:onNext(264)) - client-C79DE3E06697->1d6da99a-ba9a-4d72-abd2-d0f1aa02f12f: receive RaftClientReply:client-C79DE3E06697->1d6da99a-ba9a-4d72-abd2-d0f1aa02f12f@group-B29EE812FB58, cid=4511, SUCCESS, logIndex=6839, commits[1d6da99a-ba9a-4d72-abd2-d0f1aa02f12f:c6840, 9dc27687-2024-46ae-8b6e-c9027bfa400e:c6838, 9c9c57da-14dc-454a-b374-789aa5e765a9:c6838]
2019-09-16 23:35:40,714 [grpc-default-executor-3] INFO  client.GrpcClientProtocolClient (GrpcClientProtocolClient.java:onNext(264)) - client-C79DE3E06697->1d6da99a-ba9a-4d72-abd2-d0f1aa02f12f: receive RaftClientReply:client-C79DE3E06697->1d6da99a-ba9a-4d72-abd2-d0f1aa02f12f@group-B29EE812FB58, cid=4512, SUCCESS, logIndex=6840, commits[1d6da99a-ba9a-4d72-abd2-d0f1aa02f12f:c6840, 9dc27687-2024-46ae-8b6e-c9027bfa400e:c6838, 9c9c57da-14dc-454a-b374-789aa5e765a9:c6838]
2019-09-16 23:35:40,734 [grpc-default-executor-3] INFO  client.GrpcClientProtocolClient (GrpcClientProtocolClient.java:onNext(264)) - client-C79DE3E06697->1d6da99a-ba9a-4d72-abd2-d0f1aa02f12f: receive RaftClientReply:client-C79DE3E06697->1d6da99a-ba9a-4d72-abd2-d0f1aa02f12f@group-B29EE812FB58, cid=4513, SUCCESS, logIndex=0, commits[1d6da99a-ba9a-4d72-abd2-d0f1aa02f12f:c6841, 9dc27687-2024-46ae-8b6e-c9027bfa400e:c6840, 9c9c57da-14dc-454a-b374-789aa5e765a9:c6840]
 0.00% |█                                                                                                    |  0/1 Time: 0:00:582019-09-16 23:35:41,016 [grpc-default-executor-3] INFO  client.GrpcClientProtocolClient (GrpcClientProtocolClient.java:onNext(264)) - client-C79DE3E06697->1d6da99a-ba9a-4d72-abd2-d0f1aa02f12f: receive RaftClientReply:client-C79DE3E06697->1d6da99a-ba9a-4d72-abd2-d0f1aa02f12f@group-B29EE812FB58, cid=4514, SUCCESS, logIndex=6843, commits[1d6da99a-ba9a-4d72-abd2-d0f1aa02f12f:c6844, 9dc27687-2024-46ae-8b6e-c9027bfa400e:c6842, 9c9c57da-14dc-454a-b374-789aa5e765a9:c6842]
2019-09-16 23:35:41,018 [grpc-default-executor-3] INFO  client.GrpcClientProtocolClient (GrpcClientProtocolClient.java:onNext(264)) - client-C79DE3E06697->1d6da99a-ba9a-4d72-abd2-d0f1aa02f12f: receive RaftClientReply:client-C79DE3E06697->1d6da99a-ba9a-4d72-abd2-d0f1aa02f12f@group-B29EE812FB58, cid=4515, SUCCESS, logIndex=6844, commits[1d6da99a-ba9a-4d72-abd2-d0f1aa02f12f:c6846, 9dc27687-2024-46ae-8b6e-c9027bfa400e:c6842, 9c9c57da-14dc-454a-b374-789aa5e765a9:c6842]
2019-09-16 23:35:41,018 [grpc-default-executor-1] INFO  client.GrpcClientProtocolClient (GrpcClientProtocolClient.java:onNext(264)) - client-C79DE3E06697->1d6da99a-ba9a-4d72-abd2-d0f1aa02f12f: receive RaftClientReply:client-C79DE3E06697->1d6da99a-ba9a-4d72-abd2-d0f1aa02f12f@group-B29EE812FB58, cid=4516, SUCCESS, logIndex=6845, commits[1d6da99a-ba9a-4d72-abd2-d0f1aa02f12f:c6846, 9dc27687-2024-46ae-8b6e-c9027bfa400e:c6842, 9c9c57da-14dc-454a-b374-789aa5e765a9:c6842]
2019-09-16 23:35:41,019 [grpc-default-executor-1] INFO  client.GrpcClientProtocolClient (GrpcClientProtocolClient.java:onNext(264)) - client-C79DE3E06697->1d6da99a-ba9a-4d72-abd2-d0f1aa02f12f: receive RaftClientReply:client-C79DE3E06697->1d6da99a-ba9a-4d72-abd2-d0f1aa02f12f@group-B29EE812FB58, cid=4517, SUCCESS, logIndex=6846, commits[1d6da99a-ba9a-4d72-abd2-d0f1aa02f12f:c6848, 9dc27687-2024-46ae-8b6e-c9027bfa400e:c6842, 9c9c57da-14dc-454a-b374-789aa5e765a9:c6844]
2019-09-16 23:35:41,020 [grpc-default-executor-1] INFO  client.GrpcClientProtocolClient (GrpcClientProtocolClient.java:onNext(264)) - client-C79DE3E06697->1d6da99a-ba9a-4d72-abd2-d0f1aa02f12f: receive RaftClientReply:client-C79DE3E06697->1d6da99a-ba9a-4d72-abd2-d0f1aa02f12f@group-B29EE812FB58, cid=4518, SUCCESS, logIndex=0, commits[1d6da99a-ba9a-4d72-abd2-d0f1aa02f12f:c6849, 9dc27687-2024-46ae-8b6e-c9027bfa400e:c6846, 9c9c57da-14dc-454a-b374-789aa5e765a9:c6846]
2019-09-16 23:35:41,044 [grpc-default-executor-1] INFO  client.GrpcClientProtocolClient (GrpcClientProtocolClient.java:onNext(264)) - client-C79DE3E06697->1d6da99a-ba9a-4d72-abd2-d0f1aa02f12f: receive RaftClientReply:client-C79DE3E06697->1d6da99a-ba9a-4d72-abd2-d0f1aa02f12f@group-B29EE812FB58, cid=4519, SUCCESS, logIndex=6850, commits[1d6da99a-ba9a-4d72-abd2-d0f1aa02f12f:c6851, 9dc27687-2024-46ae-8b6e-c9027bfa400e:c6849, 9c9c57da-14dc-454a-b374-789aa5e765a9:c6849]
2019-09-16 23:35:41,044 [grpc-default-executor-1] INFO  client.GrpcClientProtocolClient (GrpcClientProtocolClient.java:onNext(264)) - client-C79DE3E06697->1d6da99a-ba9a-4d72-abd2-d0f1aa02f12f: receive RaftClientReply:client-C79DE3E06697->1d6da99a-ba9a-4d72-abd2-d0f1aa02f12f@group-B29EE812FB58, cid=4520, SUCCESS, logIndex=6851, commits[1d6da99a-ba9a-4d72-abd2-d0f1aa02f12f:c6851, 9dc27687-2024-46ae-8b6e-c9027bfa400e:c6849, 9c9c57da-14dc-454a-b374-789aa5e765a9:c6849]
2019-09-16 23:35:41,774 [grpc-default-executor-1] INFO  client.GrpcClientProtocolClient (GrpcClientProtocolClient.java:onNext(264)) - client-C79DE3E06697->1d6da99a-ba9a-4d72-abd2-d0f1aa02f12f: receive RaftClientReply:client-C79DE3E06697->1d6da99a-ba9a-4d72-abd2-d0f1aa02f12f@group-B29EE812FB58, cid=4521, SUCCESS, logIndex=6853, commits[1d6da99a-ba9a-4d72-abd2-d0f1aa02f12f:c6854, 9dc27687-2024-46ae-8b6e-c9027bfa400e:c6851, 9c9c57da-14dc-454a-b374-789aa5e765a9:c6851]
2019-09-16 23:35:41,775 [grpc-default-executor-1] INFO  client.GrpcClientProtocolClient (GrpcClientProtocolClient.java:onNext(264)) - client-C79DE3E06697->1d6da99a-ba9a-4d72-abd2-d0f1aa02f12f: receive RaftClientReply:client-C79DE3E06697->1d6da99a-ba9a-4d72-abd2-d0f1aa02f12f@group-B29EE812FB58, cid=4522, SUCCESS, logIndex=6854, commits[1d6da99a-ba9a-4d72-abd2-d0f1aa02f12f:c6854, 9dc27687-2024-46ae-8b6e-c9027bfa400e:c6851, 9c9c57da-14dc-454a-b374-789aa5e765a9:c6851]
2019-09-16 23:35:41,785 [grpc-default-executor-1] INFO  client.GrpcClientProtocolClient (GrpcClientProtocolClient.java:onNext(264)) - client-C79DE3E06697->1d6da99a-ba9a-4d72-abd2-d0f1aa02f12f: receive RaftClientReply:client-C79DE3E06697->1d6da99a-ba9a-4d72-abd2-d0f1aa02f12f@group-B29EE812FB58, cid=4523, SUCCESS, logIndex=0, commits[1d6da99a-ba9a-4d72-abd2-d0f1aa02f12f:c6855, 9dc27687-2024-46ae-8b6e-c9027bfa400e:c6854, 9c9c57da-14dc-454a-b374-789aa5e765a9:c6854]
2019-09-16 23:35:41,840 [grpc-default-executor-3] INFO  client.GrpcClientProtocolClient (GrpcClientProtocolClient.java:onNext(264)) - client-C79DE3E06697->1d6da99a-ba9a-4d72-abd2-d0f1aa02f12f: receive RaftClientReply:client-C79DE3E06697->1d6da99a-ba9a-4d72-abd2-d0f1aa02f12f@group-B29EE812FB58, cid=4524, SUCCESS, logIndex=6857, commits[1d6da99a-ba9a-4d72-abd2-d0f1aa02f12f:c6860, 9dc27687-2024-46ae-8b6e-c9027bfa400e:c6856, 9c9c57da-14dc-454a-b374-789aa5e765a9:c6856]
2019-09-16 23:35:41,842 [grpc-default-executor-3] INFO  client.GrpcClientProtocolClient (GrpcClientProtocolClient.java:onNext(264)) - client-C79DE3E06697->1d6da99a-ba9a-4d72-abd2-d0f1aa02f12f: receive RaftClientReply:client-C79DE3E06697->1d6da99a-ba9a-4d72-abd2-d0f1aa02f12f@group-B29EE812FB58, cid=4525, SUCCESS, logIndex=6858, commits[1d6da99a-ba9a-4d72-abd2-d0f1aa02f12f:c6860, 9dc27687-2024-46ae-8b6e-c9027bfa400e:c6856, 9c9c57da-14dc-454a-b374-789aa5e765a9:c6856]
2019-09-16 23:35:41,842 [grpc-default-executor-3] INFO  client.GrpcClientProtocolClient (GrpcClientProtocolClient.java:onNext(264)) - client-C79DE3E06697->1d6da99a-ba9a-4d72-abd2-d0f1aa02f12f: receive RaftClientReply:client-C79DE3E06697->1d6da99a-ba9a-4d72-abd2-d0f1aa02f12f@group-B29EE812FB58, cid=4526, SUCCESS, logIndex=6859, commits[1d6da99a-ba9a-4d72-abd2-d0f1aa02f12f:c6860, 9dc27687-2024-46ae-8b6e-c9027bfa400e:c6856, 9c9c57da-14dc-454a-b374-789aa5e765a9:c6856]
2019-09-16 23:35:41,842 [grpc-default-executor-3] INFO  client.GrpcClientProtocolClient (GrpcClientProtocolClient.java:onNext(264)) - client-C79DE3E06697->1d6da99a-ba9a-4d72-abd2-d0f1aa02f12f: receive RaftClientReply:client-C79DE3E06697->1d6da99a-ba9a-4d72-abd2-d0f1aa02f12f@group-B29EE812FB58, cid=4527, SUCCESS, logIndex=6860, commits[1d6da99a-ba9a-4d72-abd2-d0f1aa02f12f:c6860, 9dc27687-2024-46ae-8b6e-c9027bfa400e:c6856, 9c9c57da-14dc-454a-b374-789aa5e765a9:c6856]
2019-09-16 23:35:41,857 [grpc-default-executor-6] INFO  client.GrpcClientProtocolClient (GrpcClientProtocolClient.java:onNext(264)) - client-C79DE3E06697->1d6da99a-ba9a-4d72-abd2-d0f1aa02f12f: receive RaftClientReply:client-C79DE3E06697->1d6da99a-ba9a-4d72-abd2-d0f1aa02f12f@group-B29EE812FB58, cid=4528, SUCCESS, logIndex=0, commits[1d6da99a-ba9a-4d72-abd2-d0f1aa02f12f:c6861, 9dc27687-2024-46ae-8b6e-c9027bfa400e:c6860, 9c9c57da-14dc-454a-b374-789aa5e765a9:c6860]
2019-09-16 23:35:41,874 [grpc-default-executor-6] INFO  client.GrpcClientProtocolClient (GrpcClientProtocolClient.java:onNext(264)) - client-C79DE3E06697->1d6da99a-ba9a-4d72-abd2-d0f1aa02f12f: receive RaftClientReply:client-C79DE3E06697->1d6da99a-ba9a-4d72-abd2-d0f1aa02f12f@group-B29EE812FB58, cid=4529, SUCCESS, logIndex=6863, commits[1d6da99a-ba9a-4d72-abd2-d0f1aa02f12f:c6864, 9dc27687-2024-46ae-8b6e-c9027bfa400e:c6862, 9c9c57da-14dc-454a-b374-789aa5e765a9:c6862]
2019-09-16 23:35:41,875 [grpc-default-executor-6] INFO  client.GrpcClientProtocolClient (GrpcClientProtocolClient.java:onNext(264)) - client-C79DE3E06697->1d6da99a-ba9a-4d72-abd2-d0f1aa02f12f: receive RaftClientReply:client-C79DE3E06697->1d6da99a-ba9a-4d72-abd2-d0f1aa02f12f@group-B29EE812FB58, cid=4530, SUCCESS, logIndex=6864, commits[1d6da99a-ba9a-4d72-abd2-d0f1aa02f12f:c6864, 9dc27687-2024-46ae-8b6e-c9027bfa400e:c6862, 9c9c57da-14dc-454a-b374-789aa5e765a9:c6862]
2019-09-16 23:35:41,887 [grpc-default-executor-3] INFO  client.GrpcClientProtocolClient (GrpcClientProtocolClient.java:onNext(264)) - client-C79DE3E06697->1d6da99a-ba9a-4d72-abd2-d0f1aa02f12f: receive RaftClientReply:client-C79DE3E06697->1d6da99a-ba9a-4d72-abd2-d0f1aa02f12f@group-B29EE812FB58, cid=4531, SUCCESS, logIndex=6867, commits[1d6da99a-ba9a-4d72-abd2-d0f1aa02f12f:c6868, 9dc27687-2024-46ae-8b6e-c9027bfa400e:c6864, 9c9c57da-14dc-454a-b374-789aa5e765a9:c6864]
2019-09-16 23:35:41,888 [grpc-default-executor-1] INFO  client.GrpcClientProtocolClient (GrpcClientProtocolClient.java:onNext(264)) - client-C79DE3E06697->1d6da99a-ba9a-4d72-abd2-d0f1aa02f12f: receive RaftClientReply:client-C79DE3E06697->1d6da99a-ba9a-4d72-abd2-d0f1aa02f12f@group-B29EE812FB58, cid=4532, SUCCESS, logIndex=6868, commits[1d6da99a-ba9a-4d72-abd2-d0f1aa02f12f:c6868, 9dc27687-2024-46ae-8b6e-c9027bfa400e:c6864, 9c9c57da-14dc-454a-b374-789aa5e765a9:c6864]
2019-09-16 23:35:41,890 [grpc-default-executor-1] INFO  client.GrpcClientProtocolClient (GrpcClientProtocolClient.java:onNext(264)) - client-C79DE3E06697->1d6da99a-ba9a-4d72-abd2-d0f1aa02f12f: receive RaftClientReply:client-C79DE3E06697->1d6da99a-ba9a-4d72-abd2-d0f1aa02f12f@group-B29EE812FB58, cid=4533, SUCCESS, logIndex=0, commits[1d6da99a-ba9a-4d72-abd2-d0f1aa02f12f:c6870, 9dc27687-2024-46ae-8b6e-c9027bfa400e:c6868, 9c9c57da-14dc-454a-b374-789aa5e765a9:c6868]
2019-09-16 23:35:41,940 [grpc-default-executor-3] INFO  client.GrpcClientProtocolClient (GrpcClientProtocolClient.java:onNext(264)) - client-C79DE3E06697->1d6da99a-ba9a-4d72-abd2-d0f1aa02f12f: receive RaftClientReply:client-C79DE3E06697->1d6da99a-ba9a-4d72-abd2-d0f1aa02f12f@group-B29EE812FB58, cid=4534, SUCCESS, logIndex=6871, commits[1d6da99a-ba9a-4d72-abd2-d0f1aa02f12f:c6872, 9dc27687-2024-46ae-8b6e-c9027bfa400e:c6870, 9c9c57da-14dc-454a-b374-789aa5e765a9:c6870]
2019-09-16 23:35:41,941 [grpc-default-executor-3] INFO  client.GrpcClientProtocolClient (GrpcClientProtocolClient.java:onNext(264)) - client-C79DE3E06697->1d6da99a-ba9a-4d72-abd2-d0f1aa02f12f: receive RaftClientReply:client-C79DE3E06697->1d6da99a-ba9a-4d72-abd2-d0f1aa02f12f@group-B29EE812FB58, cid=4535, SUCCESS, logIndex=6872, commits[1d6da99a-ba9a-4d72-abd2-d0f1aa02f12f:c6874, 9dc27687-2024-46ae-8b6e-c9027bfa400e:c6870, 9c9c57da-14dc-454a-b374-789aa5e765a9:c6870]
2019-09-16 23:35:41,941 [grpc-default-executor-3] INFO  client.GrpcClientProtocolClient (GrpcClientProtocolClient.java:onNext(264)) - client-C79DE3E06697->1d6da99a-ba9a-4d72-abd2-d0f1aa02f12f: receive RaftClientReply:client-C79DE3E06697->1d6da99a-ba9a-4d72-abd2-d0f1aa02f12f@group-B29EE812FB58, cid=4536, SUCCESS, logIndex=6873, commits[1d6da99a-ba9a-4d72-abd2-d0f1aa02f12f:c6874, 9dc27687-2024-46ae-8b6e-c9027bfa400e:c6870, 9c9c57da-14dc-454a-b374-789aa5e765a9:c6870]
2019-09-16 23:35:41,944 [grpc-default-executor-3] INFO  client.GrpcClientProtocolClient (GrpcClientProtocolClient.java:onNext(264)) - client-C79DE3E06697->1d6da99a-ba9a-4d72-abd2-d0f1aa02f12f: receive RaftClientReply:client-C79DE3E06697->1d6da99a-ba9a-4d72-abd2-d0f1aa02f12f@group-B29EE812FB58, cid=4537, SUCCESS, logIndex=6874, commits[1d6da99a-ba9a-4d72-abd2-d0f1aa02f12f:c6874, 9dc27687-2024-46ae-8b6e-c9027bfa400e:c6870, 9c9c57da-14dc-454a-b374-789aa5e765a9:c6870]
2019-09-16 23:35:41,945 [grpc-default-executor-3] INFO  client.GrpcClientProtocolClient (GrpcClientProtocolClient.java:onNext(264)) - client-C79DE3E06697->1d6da99a-ba9a-4d72-abd2-d0f1aa02f12f: receive RaftClientReply:client-C79DE3E06697->1d6da99a-ba9a-4d72-abd2-d0f1aa02f12f@group-B29EE812FB58, cid=4538, SUCCESS, logIndex=0, commits[1d6da99a-ba9a-4d72-abd2-d0f1aa02f12f:c6878, 9dc27687-2024-46ae-8b6e-c9027bfa400e:c6874, 9c9c57da-14dc-454a-b374-789aa5e765a9:c6872]
2019-09-16 23:35:41,968 [grpc-default-executor-1] INFO  client.GrpcClientProtocolClient (GrpcClientProtocolClient.java:onNext(264)) - client-C79DE3E06697->1d6da99a-ba9a-4d72-abd2-d0f1aa02f12f: receive RaftClientReply:client-C79DE3E06697->1d6da99a-ba9a-4d72-abd2-d0f1aa02f12f@group-B29EE812FB58, cid=4539, SUCCESS, logIndex=6879, commits[1d6da99a-ba9a-4d72-abd2-d0f1aa02f12f:c6880, 9dc27687-2024-46ae-8b6e-c9027bfa400e:c6874, 9c9c57da-14dc-454a-b374-789aa5e765a9:c6878]
2019-09-16 23:35:41,968 [grpc-default-executor-1] INFO  client.GrpcClientProtocolClient (GrpcClientProtocolClient.java:onNext(264)) - client-C79DE3E06697->1d6da99a-ba9a-4d72-abd2-d0f1aa02f12f: receive RaftClientReply:client-C79DE3E06697->1d6da99a-ba9a-4d72-abd2-d0f1aa02f12f@group-B29EE812FB58, cid=4540, SUCCESS, logIndex=6880, commits[1d6da99a-ba9a-4d72-abd2-d0f1aa02f12f:c6880, 9dc27687-2024-46ae-8b6e-c9027bfa400e:c6878, 9c9c57da-14dc-454a-b374-789aa5e765a9:c6878]
 0.00% |█                                                                                                    |  0/1 Time: 0:00:592019-09-16 23:35:41,981 [grpc-default-executor-3] INFO  client.GrpcClientProtocolClient (GrpcClientProtocolClient.java:onNext(264)) - client-C79DE3E06697->1d6da99a-ba9a-4d72-abd2-d0f1aa02f12f: receive RaftClientReply:client-C79DE3E06697->1d6da99a-ba9a-4d72-abd2-d0f1aa02f12f@group-B29EE812FB58, cid=4541, SUCCESS, logIndex=6883, commits[1d6da99a-ba9a-4d72-abd2-d0f1aa02f12f:c6883, 9dc27687-2024-46ae-8b6e-c9027bfa400e:c6880, 9c9c57da-14dc-454a-b374-789aa5e765a9:c6880]
2019-09-16 23:35:41,981 [grpc-default-executor-3] INFO  client.GrpcClientProtocolClient (GrpcClientProtocolClient.java:onNext(264)) - client-C79DE3E06697->1d6da99a-ba9a-4d72-abd2-d0f1aa02f12f: receive RaftClientReply:client-C79DE3E06697->1d6da99a-ba9a-4d72-abd2-d0f1aa02f12f@group-B29EE812FB58, cid=4542, SUCCESS, logIndex=6884, commits[1d6da99a-ba9a-4d72-abd2-d0f1aa02f12f:c6884, 9dc27687-2024-46ae-8b6e-c9027bfa400e:c6880, 9c9c57da-14dc-454a-b374-789aa5e765a9:c6880]
2019-09-16 23:35:41,993 [grpc-default-executor-1] INFO  client.GrpcClientProtocolClient (GrpcClientProtocolClient.java:onNext(264)) - client-C79DE3E06697->1d6da99a-ba9a-4d72-abd2-d0f1aa02f12f: receive RaftClientReply:client-C79DE3E06697->1d6da99a-ba9a-4d72-abd2-d0f1aa02f12f@group-B29EE812FB58, cid=4543, SUCCESS, logIndex=0, commits[1d6da99a-ba9a-4d72-abd2-d0f1aa02f12f:c6886, 9dc27687-2024-46ae-8b6e-c9027bfa400e:c6884, 9c9c57da-14dc-454a-b374-789aa5e765a9:c6884]
2019-09-16 23:35:42,031 [grpc-default-executor-0] INFO  client.GrpcClientProtocolClient (GrpcClientProtocolClient.java:onNext(264)) - client-C79DE3E06697->1d6da99a-ba9a-4d72-abd2-d0f1aa02f12f: receive RaftClientReply:client-C79DE3E06697->1d6da99a-ba9a-4d72-abd2-d0f1aa02f12f@group-B29EE812FB58, cid=4544, SUCCESS, logIndex=6887, commits[1d6da99a-ba9a-4d72-abd2-d0f1aa02f12f:c6888, 9dc27687-2024-46ae-8b6e-c9027bfa400e:c6886, 9c9c57da-14dc-454a-b374-789aa5e765a9:c6886]
2019-09-16 23:35:42,032 [grpc-default-executor-6] INFO  client.GrpcClientProtocolClient (GrpcClientProtocolClient.java:onNext(264)) - client-C79DE3E06697->1d6da99a-ba9a-4d72-abd2-d0f1aa02f12f: receive RaftClientReply:client-C79DE3E06697->1d6da99a-ba9a-4d72-abd2-d0f1aa02f12f@group-B29EE812FB58, cid=4545, SUCCESS, logIndex=6888, commits[1d6da99a-ba9a-4d72-abd2-d0f1aa02f12f:c6888, 9dc27687-2024-46ae-8b6e-c9027bfa400e:c6886, 9c9c57da-14dc-454a-b374-789aa5e765a9:c6886]
2019-09-16 23:35:42,033 [grpc-default-executor-6] INFO  client.GrpcClientProtocolClient (GrpcClientProtocolClient.java:onNext(264)) - client-C79DE3E06697->1d6da99a-ba9a-4d72-abd2-d0f1aa02f12f: receive RaftClientReply:client-C79DE3E06697->1d6da99a-ba9a-4d72-abd2-d0f1aa02f12f@group-B29EE812FB58, cid=4546, SUCCESS, logIndex=6889, commits[1d6da99a-ba9a-4d72-abd2-d0f1aa02f12f:c6890, 9dc27687-2024-46ae-8b6e-c9027bfa400e:c6886, 9c9c57da-14dc-454a-b374-789aa5e765a9:c6886]
2019-09-16 23:35:42,034 [grpc-default-executor-6] INFO  client.GrpcClientProtocolClient (GrpcClientProtocolClient.java:onNext(264)) - client-C79DE3E06697->1d6da99a-ba9a-4d72-abd2-d0f1aa02f12f: receive RaftClientReply:client-C79DE3E06697->1d6da99a-ba9a-4d72-abd2-d0f1aa02f12f@group-B29EE812FB58, cid=4547, SUCCESS, logIndex=6890, commits[1d6da99a-ba9a-4d72-abd2-d0f1aa02f12f:c6890, 9dc27687-2024-46ae-8b6e-c9027bfa400e:c6886, 9c9c57da-14dc-454a-b374-789aa5e765a9:c6886]
2019-09-16 23:35:42,035 [grpc-default-executor-6] INFO  client.GrpcClientProtocolClient (GrpcClientProtocolClient.java:onNext(264)) - client-C79DE3E06697->1d6da99a-ba9a-4d72-abd2-d0f1aa02f12f: receive RaftClientReply:client-C79DE3E06697->1d6da99a-ba9a-4d72-abd2-d0f1aa02f12f@group-B29EE812FB58, cid=4548, SUCCESS, logIndex=0, commits[1d6da99a-ba9a-4d72-abd2-d0f1aa02f12f:c6894, 9dc27687-2024-46ae-8b6e-c9027bfa400e:c6890, 9c9c57da-14dc-454a-b374-789aa5e765a9:c6890]
2019-09-16 23:35:42,057 [grpc-default-executor-0] INFO  client.GrpcClientProtocolClient (GrpcClientProtocolClient.java:onNext(264)) - client-C79DE3E06697->1d6da99a-ba9a-4d72-abd2-d0f1aa02f12f: receive RaftClientReply:client-C79DE3E06697->1d6da99a-ba9a-4d72-abd2-d0f1aa02f12f@group-B29EE812FB58, cid=4549, SUCCESS, logIndex=6895, commits[1d6da99a-ba9a-4d72-abd2-d0f1aa02f12f:c6896, 9dc27687-2024-46ae-8b6e-c9027bfa400e:c6894, 9c9c57da-14dc-454a-b374-789aa5e765a9:c6894]
2019-09-16 23:35:42,057 [grpc-default-executor-0] INFO  client.GrpcClientProtocolClient (GrpcClientProtocolClient.java:onNext(264)) - client-C79DE3E06697->1d6da99a-ba9a-4d72-abd2-d0f1aa02f12f: receive RaftClientReply:client-C79DE3E06697->1d6da99a-ba9a-4d72-abd2-d0f1aa02f12f@group-B29EE812FB58, cid=4550, SUCCESS, logIndex=6896, commits[1d6da99a-ba9a-4d72-abd2-d0f1aa02f12f:c6896, 9dc27687-2024-46ae-8b6e-c9027bfa400e:c6894, 9c9c57da-14dc-454a-b374-789aa5e765a9:c6894]
2019-09-16 23:35:42,083 [grpc-default-executor-0] INFO  client.GrpcClientProtocolClient (GrpcClientProtocolClient.java:onNext(264)) - client-C79DE3E06697->1d6da99a-ba9a-4d72-abd2-d0f1aa02f12f: receive RaftClientReply:client-C79DE3E06697->1d6da99a-ba9a-4d72-abd2-d0f1aa02f12f@group-B29EE812FB58, cid=4551, SUCCESS, logIndex=6899, commits[1d6da99a-ba9a-4d72-abd2-d0f1aa02f12f:c6900, 9dc27687-2024-46ae-8b6e-c9027bfa400e:c6896, 9c9c57da-14dc-454a-b374-789aa5e765a9:c6895]
2019-09-16 23:35:42,083 [grpc-default-executor-0] INFO  client.GrpcClientProtocolClient (GrpcClientProtocolClient.java:onNext(264)) - client-C79DE3E06697->1d6da99a-ba9a-4d72-abd2-d0f1aa02f12f: receive RaftClientReply:client-C79DE3E06697->1d6da99a-ba9a-4d72-abd2-d0f1aa02f12f@group-B29EE812FB58, cid=4552, SUCCESS, logIndex=6900, commits[1d6da99a-ba9a-4d72-abd2-d0f1aa02f12f:c6900, 9dc27687-2024-46ae-8b6e-c9027bfa400e:c6896, 9c9c57da-14dc-454a-b374-789aa5e765a9:c6895]
2019-09-16 23:35:42,085 [grpc-default-executor-0] INFO  client.GrpcClientProtocolClient (GrpcClientProtocolClient.java:onNext(264)) - client-C79DE3E06697->1d6da99a-ba9a-4d72-abd2-d0f1aa02f12f: receive RaftClientReply:client-C79DE3E06697->1d6da99a-ba9a-4d72-abd2-d0f1aa02f12f@group-B29EE812FB58, cid=4553, SUCCESS, logIndex=0, commits[1d6da99a-ba9a-4d72-abd2-d0f1aa02f12f:c6900, 9dc27687-2024-46ae-8b6e-c9027bfa400e:c6896, 9c9c57da-14dc-454a-b374-789aa5e765a9:c6896]
2019-09-16 23:35:42,093 [grpc-default-executor-6] INFO  client.GrpcClientProtocolClient (GrpcClientProtocolClient.java:onNext(264)) - client-C79DE3E06697->1d6da99a-ba9a-4d72-abd2-d0f1aa02f12f: receive RaftClientReply:client-C79DE3E06697->1d6da99a-ba9a-4d72-abd2-d0f1aa02f12f@group-B29EE812FB58, cid=4554, SUCCESS, logIndex=0, commits[1d6da99a-ba9a-4d72-abd2-d0f1aa02f12f:c6900, 9dc27687-2024-46ae-8b6e-c9027bfa400e:c6900, 9c9c57da-14dc-454a-b374-789aa5e765a9:c6900]
2019-09-16 23:35:42,134 [grpc-default-executor-0] INFO  client.GrpcClientProtocolClient (GrpcClientProtocolClient.java:onNext(264)) - client-C79DE3E06697->1d6da99a-ba9a-4d72-abd2-d0f1aa02f12f: receive RaftClientReply:client-C79DE3E06697->1d6da99a-ba9a-4d72-abd2-d0f1aa02f12f@group-B29EE812FB58, cid=4555, SUCCESS, logIndex=6903, commits[1d6da99a-ba9a-4d72-abd2-d0f1aa02f12f:c6906, 9dc27687-2024-46ae-8b6e-c9027bfa400e:c6900, 9c9c57da-14dc-454a-b374-789aa5e765a9:c6902]
2019-09-16 23:35:42,134 [grpc-default-executor-0] INFO  client.GrpcClientProtocolClient (GrpcClientProtocolClient.java:onNext(264)) - client-C79DE3E06697->1d6da99a-ba9a-4d72-abd2-d0f1aa02f12f: receive RaftClientReply:client-C79DE3E06697->1d6da99a-ba9a-4d72-abd2-d0f1aa02f12f@group-B29EE812FB58, cid=4556, SUCCESS, logIndex=6904, commits[1d6da99a-ba9a-4d72-abd2-d0f1aa02f12f:c6906, 9dc27687-2024-46ae-8b6e-c9027bfa400e:c6902, 9c9c57da-14dc-454a-b374-789aa5e765a9:c6902]
2019-09-16 23:35:42,135 [grpc-default-executor-0] INFO  client.GrpcClientProtocolClient (GrpcClientProtocolClient.java:onNext(264)) - client-C79DE3E06697->1d6da99a-ba9a-4d72-abd2-d0f1aa02f12f: receive RaftClientReply:client-C79DE3E06697->1d6da99a-ba9a-4d72-abd2-d0f1aa02f12f@group-B29EE812FB58, cid=4557, SUCCESS, logIndex=6905, commits[1d6da99a-ba9a-4d72-abd2-d0f1aa02f12f:c6906, 9dc27687-2024-46ae-8b6e-c9027bfa400e:c6902, 9c9c57da-14dc-454a-b374-789aa5e765a9:c6902]
2019-09-16 23:35:42,135 [grpc-default-executor-0] INFO  client.GrpcClientProtocolClient (GrpcClientProtocolClient.java:onNext(264)) - client-C79DE3E06697->1d6da99a-ba9a-4d72-abd2-d0f1aa02f12f: receive RaftClientReply:client-C79DE3E06697->1d6da99a-ba9a-4d72-abd2-d0f1aa02f12f@group-B29EE812FB58, cid=4558, SUCCESS, logIndex=6906, commits[1d6da99a-ba9a-4d72-abd2-d0f1aa02f12f:c6906, 9dc27687-2024-46ae-8b6e-c9027bfa400e:c6902, 9c9c57da-14dc-454a-b374-789aa5e765a9:c6902]
2019-09-16 23:35:42,147 [grpc-default-executor-0] INFO  client.GrpcClientProtocolClient (GrpcClientProtocolClient.java:onNext(264)) - client-C79DE3E06697->1d6da99a-ba9a-4d72-abd2-d0f1aa02f12f: receive RaftClientReply:client-C79DE3E06697->1d6da99a-ba9a-4d72-abd2-d0f1aa02f12f@group-B29EE812FB58, cid=4559, SUCCESS, logIndex=0, commits[1d6da99a-ba9a-4d72-abd2-d0f1aa02f12f:c6909, 9dc27687-2024-46ae-8b6e-c9027bfa400e:c6904, 9c9c57da-14dc-454a-b374-789aa5e765a9:c6905]
2019-09-16 23:35:42,169 [grpc-default-executor-3] INFO  client.GrpcClientProtocolClient (GrpcClientProtocolClient.java:onNext(264)) - client-C79DE3E06697->1d6da99a-ba9a-4d72-abd2-d0f1aa02f12f: receive RaftClientReply:client-C79DE3E06697->1d6da99a-ba9a-4d72-abd2-d0f1aa02f12f@group-B29EE812FB58, cid=4560, SUCCESS, logIndex=6911, commits[1d6da99a-ba9a-4d72-abd2-d0f1aa02f12f:c6911, 9dc27687-2024-46ae-8b6e-c9027bfa400e:c6910, 9c9c57da-14dc-454a-b374-789aa5e765a9:c6910]
2019-09-16 23:35:42,169 [grpc-default-executor-3] INFO  client.GrpcClientProtocolClient (GrpcClientProtocolClient.java:onNext(264)) - client-C79DE3E06697->1d6da99a-ba9a-4d72-abd2-d0f1aa02f12f: receive RaftClientReply:client-C79DE3E06697->1d6da99a-ba9a-4d72-abd2-d0f1aa02f12f@group-B29EE812FB58, cid=4561, SUCCESS, logIndex=6912, commits[1d6da99a-ba9a-4d72-abd2-d0f1aa02f12f:c6912, 9dc27687-2024-46ae-8b6e-c9027bfa400e:c6910, 9c9c57da-14dc-454a-b374-789aa5e765a9:c6910]
2019-09-16 23:35:42,194 [grpc-default-executor-3] INFO  client.GrpcClientProtocolClient (GrpcClientProtocolClient.java:onNext(264)) - client-C79DE3E06697->1d6da99a-ba9a-4d72-abd2-d0f1aa02f12f: receive RaftClientReply:client-C79DE3E06697->1d6da99a-ba9a-4d72-abd2-d0f1aa02f12f@group-B29EE812FB58, cid=4562, SUCCESS, logIndex=6915, commits[1d6da99a-ba9a-4d72-abd2-d0f1aa02f12f:c6916, 9dc27687-2024-46ae-8b6e-c9027bfa400e:c6912, 9c9c57da-14dc-454a-b374-789aa5e765a9:c6912]
2019-09-16 23:35:42,194 [grpc-default-executor-3] INFO  client.GrpcClientProtocolClient (GrpcClientProtocolClient.java:onNext(264)) - client-C79DE3E06697->1d6da99a-ba9a-4d72-abd2-d0f1aa02f12f: receive RaftClientReply:client-C79DE3E06697->1d6da99a-ba9a-4d72-abd2-d0f1aa02f12f@group-B29EE812FB58, cid=4563, SUCCESS, logIndex=6916, commits[1d6da99a-ba9a-4d72-abd2-d0f1aa02f12f:c6916, 9dc27687-2024-46ae-8b6e-c9027bfa400e:c6912, 9c9c57da-14dc-454a-b374-789aa5e765a9:c6912]
2019-09-16 23:35:42,205 [grpc-default-executor-3] INFO  client.GrpcClientProtocolClient (GrpcClientProtocolClient.java:onNext(264)) - client-C79DE3E06697->1d6da99a-ba9a-4d72-abd2-d0f1aa02f12f: receive RaftClientReply:client-C79DE3E06697->1d6da99a-ba9a-4d72-abd2-d0f1aa02f12f@group-B29EE812FB58, cid=4564, SUCCESS, logIndex=0, commits[1d6da99a-ba9a-4d72-abd2-d0f1aa02f12f:c6917, 9dc27687-2024-46ae-8b6e-c9027bfa400e:c6916, 9c9c57da-14dc-454a-b374-789aa5e765a9:c6916]
2019-09-16 23:35:42,246 [grpc-default-executor-1] INFO  client.GrpcClientProtocolClient (GrpcClientProtocolClient.java:onNext(264)) - client-C79DE3E06697->1d6da99a-ba9a-4d72-abd2-d0f1aa02f12f: receive RaftClientReply:client-C79DE3E06697->1d6da99a-ba9a-4d72-abd2-d0f1aa02f12f@group-B29EE812FB58, cid=4565, SUCCESS, logIndex=6919, commits[1d6da99a-ba9a-4d72-abd2-d0f1aa02f12f:c6922, 9dc27687-2024-46ae-8b6e-c9027bfa400e:c6916, 9c9c57da-14dc-454a-b374-789aa5e765a9:c6918]
2019-09-16 23:35:42,246 [grpc-default-executor-1] INFO  client.GrpcClientProtocolClient (GrpcClientProtocolClient.java:onNext(264)) - client-C79DE3E06697->1d6da99a-ba9a-4d72-abd2-d0f1aa02f12f: receive RaftClientReply:client-C79DE3E06697->1d6da99a-ba9a-4d72-abd2-d0f1aa02f12f@group-B29EE812FB58, cid=4566, SUCCESS, logIndex=6920, commits[1d6da99a-ba9a-4d72-abd2-d0f1aa02f12f:c6922, 9dc27687-2024-46ae-8b6e-c9027bfa400e:c6916, 9c9c57da-14dc-454a-b374-789aa5e765a9:c6918]
2019-09-16 23:35:42,246 [grpc-default-executor-1] INFO  client.GrpcClientProtocolClient (GrpcClientProtocolClient.java:onNext(264)) - client-C79DE3E06697->1d6da99a-ba9a-4d72-abd2-d0f1aa02f12f: receive RaftClientReply:client-C79DE3E06697->1d6da99a-ba9a-4d72-abd2-d0f1aa02f12f@group-B29EE812FB58, cid=4567, SUCCESS, logIndex=6921, commits[1d6da99a-ba9a-4d72-abd2-d0f1aa02f12f:c6922, 9dc27687-2024-46ae-8b6e-c9027bfa400e:c6918, 9c9c57da-14dc-454a-b374-789aa5e765a9:c6918]
2019-09-16 23:35:42,247 [grpc-default-executor-1] INFO  client.GrpcClientProtocolClient (GrpcClientProtocolClient.java:onNext(264)) - client-C79DE3E06697->1d6da99a-ba9a-4d72-abd2-d0f1aa02f12f: receive RaftClientReply:client-C79DE3E06697->1d6da99a-ba9a-4d72-abd2-d0f1aa02f12f@group-B29EE812FB58, cid=4568, SUCCESS, logIndex=6922, commits[1d6da99a-ba9a-4d72-abd2-d0f1aa02f12f:c6922, 9dc27687-2024-46ae-8b6e-c9027bfa400e:c6918, 9c9c57da-14dc-454a-b374-789aa5e765a9:c6918]
2019-09-16 23:35:42,248 [grpc-default-executor-1] INFO  client.GrpcClientProtocolClient (GrpcClientProtocolClient.java:onNext(264)) - client-C79DE3E06697->1d6da99a-ba9a-4d72-abd2-d0f1aa02f12f: receive RaftClientReply:client-C79DE3E06697->1d6da99a-ba9a-4d72-abd2-d0f1aa02f12f@group-B29EE812FB58, cid=4569, SUCCESS, logIndex=0, commits[1d6da99a-ba9a-4d72-abd2-d0f1aa02f12f:c6925, 9dc27687-2024-46ae-8b6e-c9027bfa400e:c6921, 9c9c57da-14dc-454a-b374-789aa5e765a9:c6922]
2019-09-16 23:35:42,269 [grpc-default-executor-6] INFO  client.GrpcClientProtocolClient (GrpcClientProtocolClient.java:onNext(264)) - client-C79DE3E06697->1d6da99a-ba9a-4d72-abd2-d0f1aa02f12f: receive RaftClientReply:client-C79DE3E06697->1d6da99a-ba9a-4d72-abd2-d0f1aa02f12f@group-B29EE812FB58, cid=4570, SUCCESS, logIndex=6926, commits[1d6da99a-ba9a-4d72-abd2-d0f1aa02f12f:c6927, 9dc27687-2024-46ae-8b6e-c9027bfa400e:c6925, 9c9c57da-14dc-454a-b374-789aa5e765a9:c6925]
2019-09-16 23:35:42,270 [grpc-default-executor-6] INFO  client.GrpcClientProtocolClient (GrpcClientProtocolClient.java:onNext(264)) - client-C79DE3E06697->1d6da99a-ba9a-4d72-abd2-d0f1aa02f12f: receive RaftClientReply:client-C79DE3E06697->1d6da99a-ba9a-4d72-abd2-d0f1aa02f12f@group-B29EE812FB58, cid=4571, SUCCESS, logIndex=6927, commits[1d6da99a-ba9a-4d72-abd2-d0f1aa02f12f:c6927, 9dc27687-2024-46ae-8b6e-c9027bfa400e:c6925, 9c9c57da-14dc-454a-b374-789aa5e765a9:c6925]
2019-09-16 23:35:42,283 [grpc-default-executor-0] INFO  client.GrpcClientProtocolClient (GrpcClientProtocolClient.java:onNext(264)) - client-C79DE3E06697->1d6da99a-ba9a-4d72-abd2-d0f1aa02f12f: receive RaftClientReply:client-C79DE3E06697->1d6da99a-ba9a-4d72-abd2-d0f1aa02f12f@group-B29EE812FB58, cid=4572, SUCCESS, logIndex=6930, commits[1d6da99a-ba9a-4d72-abd2-d0f1aa02f12f:c6930, 9dc27687-2024-46ae-8b6e-c9027bfa400e:c6926, 9c9c57da-14dc-454a-b374-789aa5e765a9:c6927]
2019-09-16 23:35:42,284 [grpc-default-executor-0] INFO  client.GrpcClientProtocolClient (GrpcClientProtocolClient.java:onNext(264)) - client-C79DE3E06697->1d6da99a-ba9a-4d72-abd2-d0f1aa02f12f: receive RaftClientReply:client-C79DE3E06697->1d6da99a-ba9a-4d72-abd2-d0f1aa02f12f@group-B29EE812FB58, cid=4573, SUCCESS, logIndex=6931, commits[1d6da99a-ba9a-4d72-abd2-d0f1aa02f12f:c6931, 9dc27687-2024-46ae-8b6e-c9027bfa400e:c6927, 9c9c57da-14dc-454a-b374-789aa5e765a9:c6927]
2019-09-16 23:35:42,296 [grpc-default-executor-0] INFO  client.GrpcClientProtocolClient (GrpcClientProtocolClient.java:onNext(264)) - client-C79DE3E06697->1d6da99a-ba9a-4d72-abd2-d0f1aa02f12f: receive RaftClientReply:client-C79DE3E06697->1d6da99a-ba9a-4d72-abd2-d0f1aa02f12f@group-B29EE812FB58, cid=4574, SUCCESS, logIndex=0, commits[1d6da99a-ba9a-4d72-abd2-d0f1aa02f12f:c6933, 9dc27687-2024-46ae-8b6e-c9027bfa400e:c6931, 9c9c57da-14dc-454a-b374-789aa5e765a9:c6931]
2019-09-16 23:35:42,328 [grpc-default-executor-0] INFO  client.GrpcClientProtocolClient (GrpcClientProtocolClient.java:onNext(264)) - client-C79DE3E06697->1d6da99a-ba9a-4d72-abd2-d0f1aa02f12f: receive RaftClientReply:client-C79DE3E06697->1d6da99a-ba9a-4d72-abd2-d0f1aa02f12f@group-B29EE812FB58, cid=4575, SUCCESS, logIndex=6934, commits[1d6da99a-ba9a-4d72-abd2-d0f1aa02f12f:c6935, 9dc27687-2024-46ae-8b6e-c9027bfa400e:c6931, 9c9c57da-14dc-454a-b374-789aa5e765a9:c6933]
2019-09-16 23:35:42,329 [grpc-default-executor-0] INFO  client.GrpcClientProtocolClient (GrpcClientProtocolClient.java:onNext(264)) - client-C79DE3E06697->1d6da99a-ba9a-4d72-abd2-d0f1aa02f12f: receive RaftClientReply:client-C79DE3E06697->1d6da99a-ba9a-4d72-abd2-d0f1aa02f12f@group-B29EE812FB58, cid=4576, SUCCESS, logIndex=6935, commits[1d6da99a-ba9a-4d72-abd2-d0f1aa02f12f:c6935, 9dc27687-2024-46ae-8b6e-c9027bfa400e:c6931, 9c9c57da-14dc-454a-b374-789aa5e765a9:c6933]
2019-09-16 23:35:42,331 [grpc-default-executor-6] INFO  client.GrpcClientProtocolClient (GrpcClientProtocolClient.java:onNext(264)) - client-C79DE3E06697->1d6da99a-ba9a-4d72-abd2-d0f1aa02f12f: receive RaftClientReply:client-C79DE3E06697->1d6da99a-ba9a-4d72-abd2-d0f1aa02f12f@group-B29EE812FB58, cid=4577, SUCCESS, logIndex=6936, commits[1d6da99a-ba9a-4d72-abd2-d0f1aa02f12f:c6939, 9dc27687-2024-46ae-8b6e-c9027bfa400e:c6933, 9c9c57da-14dc-454a-b374-789aa5e765a9:c6935]
2019-09-16 23:35:42,332 [grpc-default-executor-6] INFO  client.GrpcClientProtocolClient (GrpcClientProtocolClient.java:onNext(264)) - client-C79DE3E06697->1d6da99a-ba9a-4d72-abd2-d0f1aa02f12f: receive RaftClientReply:client-C79DE3E06697->1d6da99a-ba9a-4d72-abd2-d0f1aa02f12f@group-B29EE812FB58, cid=4578, SUCCESS, logIndex=6937, commits[1d6da99a-ba9a-4d72-abd2-d0f1aa02f12f:c6939, 9dc27687-2024-46ae-8b6e-c9027bfa400e:c6935, 9c9c57da-14dc-454a-b374-789aa5e765a9:c6935]
2019-09-16 23:35:42,344 [grpc-default-executor-0] INFO  client.GrpcClientProtocolClient (GrpcClientProtocolClient.java:onNext(264)) - client-C79DE3E06697->1d6da99a-ba9a-4d72-abd2-d0f1aa02f12f: receive RaftClientReply:client-C79DE3E06697->1d6da99a-ba9a-4d72-abd2-d0f1aa02f12f@group-B29EE812FB58, cid=4579, SUCCESS, logIndex=6941, commits[1d6da99a-ba9a-4d72-abd2-d0f1aa02f12f:c6942, 9dc27687-2024-46ae-8b6e-c9027bfa400e:c6939, 9c9c57da-14dc-454a-b374-789aa5e765a9:c6940]
2019-09-16 23:35:42,345 [grpc-default-executor-0] INFO  client.GrpcClientProtocolClient (GrpcClientProtocolClient.java:onNext(264)) - client-C79DE3E06697->1d6da99a-ba9a-4d72-abd2-d0f1aa02f12f: receive RaftClientReply:client-C79DE3E06697->1d6da99a-ba9a-4d72-abd2-d0f1aa02f12f@group-B29EE812FB58, cid=4580, SUCCESS, logIndex=6942, commits[1d6da99a-ba9a-4d72-abd2-d0f1aa02f12f:c6942, 9dc27687-2024-46ae-8b6e-c9027bfa400e:c6940, 9c9c57da-14dc-454a-b374-789aa5e765a9:c6940]
2019-09-16 23:35:42,370 [grpc-default-executor-1] INFO  client.GrpcClientProtocolClient (GrpcClientProtocolClient.java:onNext(264)) - client-C79DE3E06697->1d6da99a-ba9a-4d72-abd2-d0f1aa02f12f: receive RaftClientReply:client-C79DE3E06697->1d6da99a-ba9a-4d72-abd2-d0f1aa02f12f@group-B29EE812FB58, cid=4581, SUCCESS, logIndex=6945, commits[1d6da99a-ba9a-4d72-abd2-d0f1aa02f12f:c6946, 9dc27687-2024-46ae-8b6e-c9027bfa400e:c6944, 9c9c57da-14dc-454a-b374-789aa5e765a9:c6942]
2019-09-16 23:35:42,371 [grpc-default-executor-1] INFO  client.GrpcClientProtocolClient (GrpcClientProtocolClient.java:onNext(264)) - client-C79DE3E06697->1d6da99a-ba9a-4d72-abd2-d0f1aa02f12f: receive RaftClientReply:client-C79DE3E06697->1d6da99a-ba9a-4d72-abd2-d0f1aa02f12f@group-B29EE812FB58, cid=4582, SUCCESS, logIndex=6946, commits[1d6da99a-ba9a-4d72-abd2-d0f1aa02f12f:c6946, 9dc27687-2024-46ae-8b6e-c9027bfa400e:c6944, 9c9c57da-14dc-454a-b374-789aa5e765a9:c6944]
2019-09-16 23:35:42,382 [grpc-default-executor-1] INFO  client.GrpcClientProtocolClient (GrpcClientProtocolClient.java:onNext(264)) - client-C79DE3E06697->1d6da99a-ba9a-4d72-abd2-d0f1aa02f12f: receive RaftClientReply:client-C79DE3E06697->1d6da99a-ba9a-4d72-abd2-d0f1aa02f12f@group-B29EE812FB58, cid=4583, SUCCESS, logIndex=0, commits[1d6da99a-ba9a-4d72-abd2-d0f1aa02f12f:c6948, 9dc27687-2024-46ae-8b6e-c9027bfa400e:c6946, 9c9c57da-14dc-454a-b374-789aa5e765a9:c6946]
2019-09-16 23:35:42,418 [grpc-default-executor-1] INFO  client.GrpcClientProtocolClient (GrpcClientProtocolClient.java:onNext(264)) - client-C79DE3E06697->1d6da99a-ba9a-4d72-abd2-d0f1aa02f12f: receive RaftClientReply:client-C79DE3E06697->1d6da99a-ba9a-4d72-abd2-d0f1aa02f12f@group-B29EE812FB58, cid=4584, SUCCESS, logIndex=6949, commits[1d6da99a-ba9a-4d72-abd2-d0f1aa02f12f:c6950, 9dc27687-2024-46ae-8b6e-c9027bfa400e:c6948, 9c9c57da-14dc-454a-b374-789aa5e765a9:c6948]
2019-09-16 23:35:42,419 [grpc-default-executor-1] INFO  client.GrpcClientProtocolClient (GrpcClientProtocolClient.java:onNext(264)) - client-C79DE3E06697->1d6da99a-ba9a-4d72-abd2-d0f1aa02f12f: receive RaftClientReply:client-C79DE3E06697->1d6da99a-ba9a-4d72-abd2-d0f1aa02f12f@group-B29EE812FB58, cid=4585, SUCCESS, logIndex=6950, commits[1d6da99a-ba9a-4d72-abd2-d0f1aa02f12f:c6951, 9dc27687-2024-46ae-8b6e-c9027bfa400e:c6948, 9c9c57da-14dc-454a-b374-789aa5e765a9:c6948]
2019-09-16 23:35:42,420 [grpc-default-executor-1] INFO  client.GrpcClientProtocolClient (GrpcClientProtocolClient.java:onNext(264)) - client-C79DE3E06697->1d6da99a-ba9a-4d72-abd2-d0f1aa02f12f: receive RaftClientReply:client-C79DE3E06697->1d6da99a-ba9a-4d72-abd2-d0f1aa02f12f@group-B29EE812FB58, cid=4586, SUCCESS, logIndex=6951, commits[1d6da99a-ba9a-4d72-abd2-d0f1aa02f12f:c6952, 9dc27687-2024-46ae-8b6e-c9027bfa400e:c6948, 9c9c57da-14dc-454a-b374-789aa5e765a9:c6948]
2019-09-16 23:35:42,420 [grpc-default-executor-1] INFO  client.GrpcClientProtocolClient (GrpcClientProtocolClient.java:onNext(264)) - client-C79DE3E06697->1d6da99a-ba9a-4d72-abd2-d0f1aa02f12f: receive RaftClientReply:client-C79DE3E06697->1d6da99a-ba9a-4d72-abd2-d0f1aa02f12f@group-B29EE812FB58, cid=4587, SUCCESS, logIndex=6952, commits[1d6da99a-ba9a-4d72-abd2-d0f1aa02f12f:c6952, 9dc27687-2024-46ae-8b6e-c9027bfa400e:c6948, 9c9c57da-14dc-454a-b374-789aa5e765a9:c6948]
2019-09-16 23:35:42,422 [grpc-default-executor-1] INFO  client.GrpcClientProtocolClient (GrpcClientProtocolClient.java:onNext(264)) - client-C79DE3E06697->1d6da99a-ba9a-4d72-abd2-d0f1aa02f12f: receive RaftClientReply:client-C79DE3E06697->1d6da99a-ba9a-4d72-abd2-d0f1aa02f12f@group-B29EE812FB58, cid=4588, SUCCESS, logIndex=0, commits[1d6da99a-ba9a-4d72-abd2-d0f1aa02f12f:c6955, 9dc27687-2024-46ae-8b6e-c9027bfa400e:c6950, 9c9c57da-14dc-454a-b374-789aa5e765a9:c6951]
2019-09-16 23:35:42,441 [grpc-default-executor-1] INFO  client.GrpcClientProtocolClient (GrpcClientProtocolClient.java:onNext(264)) - client-C79DE3E06697->1d6da99a-ba9a-4d72-abd2-d0f1aa02f12f: receive RaftClientReply:client-C79DE3E06697->1d6da99a-ba9a-4d72-abd2-d0f1aa02f12f@group-B29EE812FB58, cid=4589, SUCCESS, logIndex=6957, commits[1d6da99a-ba9a-4d72-abd2-d0f1aa02f12f:c6957, 9dc27687-2024-46ae-8b6e-c9027bfa400e:c6956, 9c9c57da-14dc-454a-b374-789aa5e765a9:c6956]
2019-09-16 23:35:42,441 [grpc-default-executor-1] INFO  client.GrpcClientProtocolClient (GrpcClientProtocolClient.java:onNext(264)) - client-C79DE3E06697->1d6da99a-ba9a-4d72-abd2-d0f1aa02f12f: receive RaftClientReply:client-C79DE3E06697->1d6da99a-ba9a-4d72-abd2-d0f1aa02f12f@group-B29EE812FB58, cid=4590, SUCCESS, logIndex=6958, commits[1d6da99a-ba9a-4d72-abd2-d0f1aa02f12f:c6958, 9dc27687-2024-46ae-8b6e-c9027bfa400e:c6956, 9c9c57da-14dc-454a-b374-789aa5e765a9:c6956]
 0.00% |█                                                                                                    |  0/1 Time: 0:01:002019-09-16 23:35:43,211 [grpc-default-executor-0] INFO  client.GrpcClientProtocolClient (GrpcClientProtocolClient.java:onNext(264)) - client-C79DE3E06697->1d6da99a-ba9a-4d72-abd2-d0f1aa02f12f: receive RaftClientReply:client-C79DE3E06697->1d6da99a-ba9a-4d72-abd2-d0f1aa02f12f@group-B29EE812FB58, cid=4591, SUCCESS, logIndex=6961, commits[1d6da99a-ba9a-4d72-abd2-d0f1aa02f12f:c6962, 9dc27687-2024-46ae-8b6e-c9027bfa400e:c6958, 9c9c57da-14dc-454a-b374-789aa5e765a9:c6958]
2019-09-16 23:35:43,212 [grpc-default-executor-0] INFO  client.GrpcClientProtocolClient (GrpcClientProtocolClient.java:onNext(264)) - client-C79DE3E06697->1d6da99a-ba9a-4d72-abd2-d0f1aa02f12f: receive RaftClientReply:client-C79DE3E06697->1d6da99a-ba9a-4d72-abd2-d0f1aa02f12f@group-B29EE812FB58, cid=4592, SUCCESS, logIndex=6962, commits[1d6da99a-ba9a-4d72-abd2-d0f1aa02f12f:c6962, 9dc27687-2024-46ae-8b6e-c9027bfa400e:c6958, 9c9c57da-14dc-454a-b374-789aa5e765a9:c6958]
2019-09-16 23:35:43,223 [grpc-default-executor-0] INFO  client.GrpcClientProtocolClient (GrpcClientProtocolClient.java:onNext(264)) - client-C79DE3E06697->1d6da99a-ba9a-4d72-abd2-d0f1aa02f12f: receive RaftClientReply:client-C79DE3E06697->1d6da99a-ba9a-4d72-abd2-d0f1aa02f12f@group-B29EE812FB58, cid=4593, SUCCESS, logIndex=0, commits[1d6da99a-ba9a-4d72-abd2-d0f1aa02f12f:c6963, 9dc27687-2024-46ae-8b6e-c9027bfa400e:c6962, 9c9c57da-14dc-454a-b374-789aa5e765a9:c6962]
2019-09-16 23:35:43,262 [grpc-default-executor-1] INFO  client.GrpcClientProtocolClient (GrpcClientProtocolClient.java:onNext(264)) - client-C79DE3E06697->1d6da99a-ba9a-4d72-abd2-d0f1aa02f12f: receive RaftClientReply:client-C79DE3E06697->1d6da99a-ba9a-4d72-abd2-d0f1aa02f12f@group-B29EE812FB58, cid=4594, SUCCESS, logIndex=6964, commits[1d6da99a-ba9a-4d72-abd2-d0f1aa02f12f:c6965, 9dc27687-2024-46ae-8b6e-c9027bfa400e:c6963, 9c9c57da-14dc-454a-b374-789aa5e765a9:c6963]
2019-09-16 23:35:43,263 [grpc-default-executor-1] INFO  client.GrpcClientProtocolClient (GrpcClientProtocolClient.java:onNext(264)) - client-C79DE3E06697->1d6da99a-ba9a-4d72-abd2-d0f1aa02f12f: receive RaftClientReply:client-C79DE3E06697->1d6da99a-ba9a-4d72-abd2-d0f1aa02f12f@group-B29EE812FB58, cid=4595, SUCCESS, logIndex=6965, commits[1d6da99a-ba9a-4d72-abd2-d0f1aa02f12f:c6967, 9dc27687-2024-46ae-8b6e-c9027bfa400e:c6963, 9c9c57da-14dc-454a-b374-789aa5e765a9:c6963]
2019-09-16 23:35:43,263 [grpc-default-executor-1] INFO  client.GrpcClientProtocolClient (GrpcClientProtocolClient.java:onNext(264)) - client-C79DE3E06697->1d6da99a-ba9a-4d72-abd2-d0f1aa02f12f: receive RaftClientReply:client-C79DE3E06697->1d6da99a-ba9a-4d72-abd2-d0f1aa02f12f@group-B29EE812FB58, cid=4596, SUCCESS, logIndex=6966, commits[1d6da99a-ba9a-4d72-abd2-d0f1aa02f12f:c6967, 9dc27687-2024-46ae-8b6e-c9027bfa400e:c6963, 9c9c57da-14dc-454a-b374-789aa5e765a9:c6963]
2019-09-16 23:35:43,263 [grpc-default-executor-3] INFO  client.GrpcClientProtocolClient (GrpcClientProtocolClient.java:onNext(264)) - client-C79DE3E06697->1d6da99a-ba9a-4d72-abd2-d0f1aa02f12f: receive RaftClientReply:client-C79DE3E06697->1d6da99a-ba9a-4d72-abd2-d0f1aa02f12f@group-B29EE812FB58, cid=4597, SUCCESS, logIndex=6967, commits[1d6da99a-ba9a-4d72-abd2-d0f1aa02f12f:c6967, 9dc27687-2024-46ae-8b6e-c9027bfa400e:c6963, 9c9c57da-14dc-454a-b374-789aa5e765a9:c6963]
2019-09-16 23:35:43,264 [grpc-default-executor-3] INFO  client.GrpcClientProtocolClient (GrpcClientProtocolClient.java:onNext(264)) - client-C79DE3E06697->1d6da99a-ba9a-4d72-abd2-d0f1aa02f12f: receive RaftClientReply:client-C79DE3E06697->1d6da99a-ba9a-4d72-abd2-d0f1aa02f12f@group-B29EE812FB58, cid=4598, SUCCESS, logIndex=0, commits[1d6da99a-ba9a-4d72-abd2-d0f1aa02f12f:c6970, 9dc27687-2024-46ae-8b6e-c9027bfa400e:c6965, 9c9c57da-14dc-454a-b374-789aa5e765a9:c6966]
2019-09-16 23:35:43,285 [grpc-default-executor-0] INFO  client.GrpcClientProtocolClient (GrpcClientProtocolClient.java:onNext(264)) - client-C79DE3E06697->1d6da99a-ba9a-4d72-abd2-d0f1aa02f12f: receive RaftClientReply:client-C79DE3E06697->1d6da99a-ba9a-4d72-abd2-d0f1aa02f12f@group-B29EE812FB58, cid=4599, SUCCESS, logIndex=6972, commits[1d6da99a-ba9a-4d72-abd2-d0f1aa02f12f:c6973, 9dc27687-2024-46ae-8b6e-c9027bfa400e:c6971, 9c9c57da-14dc-454a-b374-789aa5e765a9:c6971]
2019-09-16 23:35:43,286 [grpc-default-executor-0] INFO  client.GrpcClientProtocolClient (GrpcClientProtocolClient.java:onNext(264)) - client-C79DE3E06697->1d6da99a-ba9a-4d72-abd2-d0f1aa02f12f: receive RaftClientReply:client-C79DE3E06697->1d6da99a-ba9a-4d72-abd2-d0f1aa02f12f@group-B29EE812FB58, cid=4600, SUCCESS, logIndex=6973, commits[1d6da99a-ba9a-4d72-abd2-d0f1aa02f12f:c6973, 9dc27687-2024-46ae-8b6e-c9027bfa400e:c6971, 9c9c57da-14dc-454a-b374-789aa5e765a9:c6971]
2019-09-16 23:35:43,299 [grpc-default-executor-1] INFO  client.GrpcClientProtocolClient (GrpcClientProtocolClient.java:onNext(264)) - client-C79DE3E06697->1d6da99a-ba9a-4d72-abd2-d0f1aa02f12f: receive RaftClientReply:client-C79DE3E06697->1d6da99a-ba9a-4d72-abd2-d0f1aa02f12f@group-B29EE812FB58, cid=4601, SUCCESS, logIndex=6976, commits[1d6da99a-ba9a-4d72-abd2-d0f1aa02f12f:c6976, 9dc27687-2024-46ae-8b6e-c9027bfa400e:c6973, 9c9c57da-14dc-454a-b374-789aa5e765a9:c6973]
2019-09-16 23:35:43,299 [grpc-default-executor-1] INFO  client.GrpcClientProtocolClient (GrpcClientProtocolClient.java:onNext(264)) - client-C79DE3E06697->1d6da99a-ba9a-4d72-abd2-d0f1aa02f12f: receive RaftClientReply:client-C79DE3E06697->1d6da99a-ba9a-4d72-abd2-d0f1aa02f12f@group-B29EE812FB58, cid=4602, SUCCESS, logIndex=6977, commits[1d6da99a-ba9a-4d72-abd2-d0f1aa02f12f:c6977, 9dc27687-2024-46ae-8b6e-c9027bfa400e:c6973, 9c9c57da-14dc-454a-b374-789aa5e765a9:c6973]
2019-09-16 23:35:43,312 [grpc-default-executor-1] INFO  client.GrpcClientProtocolClient (GrpcClientProtocolClient.java:onNext(264)) - client-C79DE3E06697->1d6da99a-ba9a-4d72-abd2-d0f1aa02f12f: receive RaftClientReply:client-C79DE3E06697->1d6da99a-ba9a-4d72-abd2-d0f1aa02f12f@group-B29EE812FB58, cid=4603, SUCCESS, logIndex=0, commits[1d6da99a-ba9a-4d72-abd2-d0f1aa02f12f:c6979, 9dc27687-2024-46ae-8b6e-c9027bfa400e:c6977, 9c9c57da-14dc-454a-b374-789aa5e765a9:c6977]
2019-09-16 23:35:43,458 [grpc-default-executor-1] INFO  client.GrpcClientProtocolClient (GrpcClientProtocolClient.java:onNext(264)) - client-C79DE3E06697->1d6da99a-ba9a-4d72-abd2-d0f1aa02f12f: receive RaftClientReply:client-C79DE3E06697->1d6da99a-ba9a-4d72-abd2-d0f1aa02f12f@group-B29EE812FB58, cid=4604, SUCCESS, logIndex=6980, commits[1d6da99a-ba9a-4d72-abd2-d0f1aa02f12f:c6981, 9dc27687-2024-46ae-8b6e-c9027bfa400e:c6979, 9c9c57da-14dc-454a-b374-789aa5e765a9:c6979]
2019-09-16 23:35:43,458 [grpc-default-executor-1] INFO  client.GrpcClientProtocolClient (GrpcClientProtocolClient.java:onNext(264)) - client-C79DE3E06697->1d6da99a-ba9a-4d72-abd2-d0f1aa02f12f: receive RaftClientReply:client-C79DE3E06697->1d6da99a-ba9a-4d72-abd2-d0f1aa02f12f@group-B29EE812FB58, cid=4605, SUCCESS, logIndex=6981, commits[1d6da99a-ba9a-4d72-abd2-d0f1aa02f12f:c6983, 9dc27687-2024-46ae-8b6e-c9027bfa400e:c6979, 9c9c57da-14dc-454a-b374-789aa5e765a9:c6979]
2019-09-16 23:35:43,459 [grpc-default-executor-1] INFO  client.GrpcClientProtocolClient (GrpcClientProtocolClient.java:onNext(264)) - client-C79DE3E06697->1d6da99a-ba9a-4d72-abd2-d0f1aa02f12f: receive RaftClientReply:client-C79DE3E06697->1d6da99a-ba9a-4d72-abd2-d0f1aa02f12f@group-B29EE812FB58, cid=4606, SUCCESS, logIndex=6982, commits[1d6da99a-ba9a-4d72-abd2-d0f1aa02f12f:c6983, 9dc27687-2024-46ae-8b6e-c9027bfa400e:c6979, 9c9c57da-14dc-454a-b374-789aa5e765a9:c6979]
2019-09-16 23:35:43,459 [grpc-default-executor-1] INFO  client.GrpcClientProtocolClient (GrpcClientProtocolClient.java:onNext(264)) - client-C79DE3E06697->1d6da99a-ba9a-4d72-abd2-d0f1aa02f12f: receive RaftClientReply:client-C79DE3E06697->1d6da99a-ba9a-4d72-abd2-d0f1aa02f12f@group-B29EE812FB58, cid=4607, SUCCESS, logIndex=6983, commits[1d6da99a-ba9a-4d72-abd2-d0f1aa02f12f:c6983, 9dc27687-2024-46ae-8b6e-c9027bfa400e:c6979, 9c9c57da-14dc-454a-b374-789aa5e765a9:c6979]
2019-09-16 23:35:43,460 [grpc-default-executor-1] INFO  client.GrpcClientProtocolClient (GrpcClientProtocolClient.java:onNext(264)) - client-C79DE3E06697->1d6da99a-ba9a-4d72-abd2-d0f1aa02f12f: receive RaftClientReply:client-C79DE3E06697->1d6da99a-ba9a-4d72-abd2-d0f1aa02f12f@group-B29EE812FB58, cid=4608, SUCCESS, logIndex=0, commits[1d6da99a-ba9a-4d72-abd2-d0f1aa02f12f:c6987, 9dc27687-2024-46ae-8b6e-c9027bfa400e:c6981, 9c9c57da-14dc-454a-b374-789aa5e765a9:c6983]
2019-09-16 23:35:43,485 [grpc-default-executor-1] INFO  client.GrpcClientProtocolClient (GrpcClientProtocolClient.java:onNext(264)) - client-C79DE3E06697->1d6da99a-ba9a-4d72-abd2-d0f1aa02f12f: receive RaftClientReply:client-C79DE3E06697->1d6da99a-ba9a-4d72-abd2-d0f1aa02f12f@group-B29EE812FB58, cid=4609, SUCCESS, logIndex=6988, commits[1d6da99a-ba9a-4d72-abd2-d0f1aa02f12f:c6989, 9dc27687-2024-46ae-8b6e-c9027bfa400e:c6983, 9c9c57da-14dc-454a-b374-789aa5e765a9:c6987]
2019-09-16 23:35:43,486 [grpc-default-executor-1] INFO  client.GrpcClientProtocolClient (GrpcClientProtocolClient.java:onNext(264)) - client-C79DE3E06697->1d6da99a-ba9a-4d72-abd2-d0f1aa02f12f: receive RaftClientReply:client-C79DE3E06697->1d6da99a-ba9a-4d72-abd2-d0f1aa02f12f@group-B29EE812FB58, cid=4610, SUCCESS, logIndex=6989, commits[1d6da99a-ba9a-4d72-abd2-d0f1aa02f12f:c6989, 9dc27687-2024-46ae-8b6e-c9027bfa400e:c6987, 9c9c57da-14dc-454a-b374-789aa5e765a9:c6987]
2019-09-16 23:35:43,498 [grpc-default-executor-3] INFO  client.GrpcClientProtocolClient (GrpcClientProtocolClient.java:onNext(264)) - client-C79DE3E06697->1d6da99a-ba9a-4d72-abd2-d0f1aa02f12f: receive RaftClientReply:client-C79DE3E06697->1d6da99a-ba9a-4d72-abd2-d0f1aa02f12f@group-B29EE812FB58, cid=4611, SUCCESS, logIndex=6992, commits[1d6da99a-ba9a-4d72-abd2-d0f1aa02f12f:c6992, 9dc27687-2024-46ae-8b6e-c9027bfa400e:c6989, 9c9c57da-14dc-454a-b374-789aa5e765a9:c6989]
2019-09-16 23:35:43,499 [grpc-default-executor-3] INFO  client.GrpcClientProtocolClient (GrpcClientProtocolClient.java:onNext(264)) - client-C79DE3E06697->1d6da99a-ba9a-4d72-abd2-d0f1aa02f12f: receive RaftClientReply:client-C79DE3E06697->1d6da99a-ba9a-4d72-abd2-d0f1aa02f12f@group-B29EE812FB58, cid=4612, SUCCESS, logIndex=6993, commits[1d6da99a-ba9a-4d72-abd2-d0f1aa02f12f:c6993, 9dc27687-2024-46ae-8b6e-c9027bfa400e:c6989, 9c9c57da-14dc-454a-b374-789aa5e765a9:c6989]
2019-09-16 23:35:43,512 [grpc-default-executor-3] INFO  client.GrpcClientProtocolClient (GrpcClientProtocolClient.java:onNext(264)) - client-C79DE3E06697->1d6da99a-ba9a-4d72-abd2-d0f1aa02f12f: receive RaftClientReply:client-C79DE3E06697->1d6da99a-ba9a-4d72-abd2-d0f1aa02f12f@group-B29EE812FB58, cid=4613, SUCCESS, logIndex=0, commits[1d6da99a-ba9a-4d72-abd2-d0f1aa02f12f:c6995, 9dc27687-2024-46ae-8b6e-c9027bfa400e:c6993, 9c9c57da-14dc-454a-b374-789aa5e765a9:c6993]
2019-09-16 23:35:43,551 [grpc-default-executor-3] INFO  client.GrpcClientProtocolClient (GrpcClientProtocolClient.java:onNext(264)) - client-C79DE3E06697->1d6da99a-ba9a-4d72-abd2-d0f1aa02f12f: receive RaftClientReply:client-C79DE3E06697->1d6da99a-ba9a-4d72-abd2-d0f1aa02f12f@group-B29EE812FB58, cid=4614, SUCCESS, logIndex=6996, commits[1d6da99a-ba9a-4d72-abd2-d0f1aa02f12f:c6997, 9dc27687-2024-46ae-8b6e-c9027bfa400e:c6995, 9c9c57da-14dc-454a-b374-789aa5e765a9:c6995]
2019-09-16 23:35:43,552 [grpc-default-executor-3] INFO  client.GrpcClientProtocolClient (GrpcClientProtocolClient.java:onNext(264)) - client-C79DE3E06697->1d6da99a-ba9a-4d72-abd2-d0f1aa02f12f: receive RaftClientReply:client-C79DE3E06697->1d6da99a-ba9a-4d72-abd2-d0f1aa02f12f@group-B29EE812FB58, cid=4615, SUCCESS, logIndex=6997, commits[1d6da99a-ba9a-4d72-abd2-d0f1aa02f12f:c6997, 9dc27687-2024-46ae-8b6e-c9027bfa400e:c6995, 9c9c57da-14dc-454a-b374-789aa5e765a9:c6995]
2019-09-16 23:35:43,563 [grpc-default-executor-1] INFO  client.GrpcClientProtocolClient (GrpcClientProtocolClient.java:onNext(264)) - client-C79DE3E06697->1d6da99a-ba9a-4d72-abd2-d0f1aa02f12f: receive RaftClientReply:client-C79DE3E06697->1d6da99a-ba9a-4d72-abd2-d0f1aa02f12f@group-B29EE812FB58, cid=4616, SUCCESS, logIndex=6998, commits[1d6da99a-ba9a-4d72-abd2-d0f1aa02f12f:c6999, 9dc27687-2024-46ae-8b6e-c9027bfa400e:c6995, 9c9c57da-14dc-454a-b374-789aa5e765a9:c6995]
2019-09-16 23:35:43,563 [grpc-default-executor-1] INFO  client.GrpcClientProtocolClient (GrpcClientProtocolClient.java:onNext(264)) - client-C79DE3E06697->1d6da99a-ba9a-4d72-abd2-d0f1aa02f12f: receive RaftClientReply:client-C79DE3E06697->1d6da99a-ba9a-4d72-abd2-d0f1aa02f12f@group-B29EE812FB58, cid=4617, SUCCESS, logIndex=6999, commits[1d6da99a-ba9a-4d72-abd2-d0f1aa02f12f:c6999, 9dc27687-2024-46ae-8b6e-c9027bfa400e:c6995, 9c9c57da-14dc-454a-b374-789aa5e765a9:c6995]
2019-09-16 23:35:43,564 [grpc-default-executor-1] INFO  client.GrpcClientProtocolClient (GrpcClientProtocolClient.java:onNext(264)) - client-C79DE3E06697->1d6da99a-ba9a-4d72-abd2-d0f1aa02f12f: receive RaftClientReply:client-C79DE3E06697->1d6da99a-ba9a-4d72-abd2-d0f1aa02f12f@group-B29EE812FB58, cid=4618, SUCCESS, logIndex=0, commits[1d6da99a-ba9a-4d72-abd2-d0f1aa02f12f:c7001, 9dc27687-2024-46ae-8b6e-c9027bfa400e:c6997, 9c9c57da-14dc-454a-b374-789aa5e765a9:c6997]
2019-09-16 23:35:43,586 [grpc-default-executor-6] INFO  client.GrpcClientProtocolClient (GrpcClientProtocolClient.java:onNext(264)) - client-C79DE3E06697->1d6da99a-ba9a-4d72-abd2-d0f1aa02f12f: receive RaftClientReply:client-C79DE3E06697->1d6da99a-ba9a-4d72-abd2-d0f1aa02f12f@group-B29EE812FB58, cid=4619, SUCCESS, logIndex=7004, commits[1d6da99a-ba9a-4d72-abd2-d0f1aa02f12f:c7004, 9dc27687-2024-46ae-8b6e-c9027bfa400e:c6999, 9c9c57da-14dc-454a-b374-789aa5e765a9:c7003]
2019-09-16 23:35:43,587 [grpc-default-executor-6] INFO  client.GrpcClientProtocolClient (GrpcClientProtocolClient.java:onNext(264)) - client-C79DE3E06697->1d6da99a-ba9a-4d72-abd2-d0f1aa02f12f: receive RaftClientReply:client-C79DE3E06697->1d6da99a-ba9a-4d72-abd2-d0f1aa02f12f@group-B29EE812FB58, cid=4620, SUCCESS, logIndex=7005, commits[1d6da99a-ba9a-4d72-abd2-d0f1aa02f12f:c7005, 9dc27687-2024-46ae-8b6e-c9027bfa400e:c7003, 9c9c57da-14dc-454a-b374-789aa5e765a9:c7003]
2019-09-16 23:35:43,600 [grpc-default-executor-6] INFO  client.GrpcClientProtocolClient (GrpcClientProtocolClient.java:onNext(264)) - client-C79DE3E06697->1d6da99a-ba9a-4d72-abd2-d0f1aa02f12f: receive RaftClientReply:client-C79DE3E06697->1d6da99a-ba9a-4d72-abd2-d0f1aa02f12f@group-B29EE812FB58, cid=4621, SUCCESS, logIndex=7008, commits[1d6da99a-ba9a-4d72-abd2-d0f1aa02f12f:c7009, 9dc27687-2024-46ae-8b6e-c9027bfa400e:c7004, 9c9c57da-14dc-454a-b374-789aa5e765a9:c7005]
2019-09-16 23:35:43,600 [grpc-default-executor-6] INFO  client.GrpcClientProtocolClient (GrpcClientProtocolClient.java:onNext(264)) - client-C79DE3E06697->1d6da99a-ba9a-4d72-abd2-d0f1aa02f12f: receive RaftClientReply:client-C79DE3E06697->1d6da99a-ba9a-4d72-abd2-d0f1aa02f12f@group-B29EE812FB58, cid=4622, SUCCESS, logIndex=7009, commits[1d6da99a-ba9a-4d72-abd2-d0f1aa02f12f:c7009, 9dc27687-2024-46ae-8b6e-c9027bfa400e:c7004, 9c9c57da-14dc-454a-b374-789aa5e765a9:c7005]
2019-09-16 23:35:43,601 [grpc-default-executor-6] INFO  client.GrpcClientProtocolClient (GrpcClientProtocolClient.java:onNext(264)) - client-C79DE3E06697->1d6da99a-ba9a-4d72-abd2-d0f1aa02f12f: receive RaftClientReply:client-C79DE3E06697->1d6da99a-ba9a-4d72-abd2-d0f1aa02f12f@group-B29EE812FB58, cid=4623, SUCCESS, logIndex=0, commits[1d6da99a-ba9a-4d72-abd2-d0f1aa02f12f:c7009, 9dc27687-2024-46ae-8b6e-c9027bfa400e:c7005, 9c9c57da-14dc-454a-b374-789aa5e765a9:c7005]
2019-09-16 23:35:43,612 [grpc-default-executor-0] INFO  client.GrpcClientProtocolClient (GrpcClientProtocolClient.java:onNext(264)) - client-C79DE3E06697->1d6da99a-ba9a-4d72-abd2-d0f1aa02f12f: receive RaftClientReply:client-C79DE3E06697->1d6da99a-ba9a-4d72-abd2-d0f1aa02f12f@group-B29EE812FB58, cid=4624, SUCCESS, logIndex=0, commits[1d6da99a-ba9a-4d72-abd2-d0f1aa02f12f:c7010, 9dc27687-2024-46ae-8b6e-c9027bfa400e:c7009, 9c9c57da-14dc-454a-b374-789aa5e765a9:c7009]
2019-09-16 23:35:43,650 [grpc-default-executor-1] INFO  client.GrpcClientProtocolClient (GrpcClientProtocolClient.java:onNext(264)) - client-C79DE3E06697->1d6da99a-ba9a-4d72-abd2-d0f1aa02f12f: receive RaftClientReply:client-C79DE3E06697->1d6da99a-ba9a-4d72-abd2-d0f1aa02f12f@group-B29EE812FB58, cid=4625, SUCCESS, logIndex=7012, commits[1d6da99a-ba9a-4d72-abd2-d0f1aa02f12f:c7013, 9dc27687-2024-46ae-8b6e-c9027bfa400e:c7011, 9c9c57da-14dc-454a-b374-789aa5e765a9:c7011]
2019-09-16 23:35:43,651 [grpc-default-executor-1] INFO  client.GrpcClientProtocolClient (GrpcClientProtocolClient.java:onNext(264)) - client-C79DE3E06697->1d6da99a-ba9a-4d72-abd2-d0f1aa02f12f: receive RaftClientReply:client-C79DE3E06697->1d6da99a-ba9a-4d72-abd2-d0f1aa02f12f@group-B29EE812FB58, cid=4626, SUCCESS, logIndex=7013, commits[1d6da99a-ba9a-4d72-abd2-d0f1aa02f12f:c7015, 9dc27687-2024-46ae-8b6e-c9027bfa400e:c7011, 9c9c57da-14dc-454a-b374-789aa5e765a9:c7011]
2019-09-16 23:35:43,652 [grpc-default-executor-1] INFO  client.GrpcClientProtocolClient (GrpcClientProtocolClient.java:onNext(264)) - client-C79DE3E06697->1d6da99a-ba9a-4d72-abd2-d0f1aa02f12f: receive RaftClientReply:client-C79DE3E06697->1d6da99a-ba9a-4d72-abd2-d0f1aa02f12f@group-B29EE812FB58, cid=4627, SUCCESS, logIndex=7014, commits[1d6da99a-ba9a-4d72-abd2-d0f1aa02f12f:c7015, 9dc27687-2024-46ae-8b6e-c9027bfa400e:c7011, 9c9c57da-14dc-454a-b374-789aa5e765a9:c7011]
2019-09-16 23:35:43,652 [grpc-default-executor-1] INFO  client.GrpcClientProtocolClient (GrpcClientProtocolClient.java:onNext(264)) - client-C79DE3E06697->1d6da99a-ba9a-4d72-abd2-d0f1aa02f12f: receive RaftClientReply:client-C79DE3E06697->1d6da99a-ba9a-4d72-abd2-d0f1aa02f12f@group-B29EE812FB58, cid=4628, SUCCESS, logIndex=7015, commits[1d6da99a-ba9a-4d72-abd2-d0f1aa02f12f:c7015, 9dc27687-2024-46ae-8b6e-c9027bfa400e:c7011, 9c9c57da-14dc-454a-b374-789aa5e765a9:c7011]
2019-09-16 23:35:43,653 [grpc-default-executor-1] INFO  client.GrpcClientProtocolClient (GrpcClientProtocolClient.java:onNext(264)) - client-C79DE3E06697->1d6da99a-ba9a-4d72-abd2-d0f1aa02f12f: receive RaftClientReply:client-C79DE3E06697->1d6da99a-ba9a-4d72-abd2-d0f1aa02f12f@group-B29EE812FB58, cid=4629, SUCCESS, logIndex=0, commits[1d6da99a-ba9a-4d72-abd2-d0f1aa02f12f:c7019, 9dc27687-2024-46ae-8b6e-c9027bfa400e:c7015, 9c9c57da-14dc-454a-b374-789aa5e765a9:c7015]
2019-09-16 23:35:43,672 [grpc-default-executor-1] INFO  client.GrpcClientProtocolClient (GrpcClientProtocolClient.java:onNext(264)) - client-C79DE3E06697->1d6da99a-ba9a-4d72-abd2-d0f1aa02f12f: receive RaftClientReply:client-C79DE3E06697->1d6da99a-ba9a-4d72-abd2-d0f1aa02f12f@group-B29EE812FB58, cid=4630, SUCCESS, logIndex=7020, commits[1d6da99a-ba9a-4d72-abd2-d0f1aa02f12f:c7021, 9dc27687-2024-46ae-8b6e-c9027bfa400e:c7015, 9c9c57da-14dc-454a-b374-789aa5e765a9:c7019]
2019-09-16 23:35:43,673 [grpc-default-executor-1] INFO  client.GrpcClientProtocolClient (GrpcClientProtocolClient.java:onNext(264)) - client-C79DE3E06697->1d6da99a-ba9a-4d72-abd2-d0f1aa02f12f: receive RaftClientReply:client-C79DE3E06697->1d6da99a-ba9a-4d72-abd2-d0f1aa02f12f@group-B29EE812FB58, cid=4631, SUCCESS, logIndex=7021, commits[1d6da99a-ba9a-4d72-abd2-d0f1aa02f12f:c7021, 9dc27687-2024-46ae-8b6e-c9027bfa400e:c7019, 9c9c57da-14dc-454a-b374-789aa5e765a9:c7019]
2019-09-16 23:35:43,686 [grpc-default-executor-6] INFO  client.GrpcClientProtocolClient (GrpcClientProtocolClient.java:onNext(264)) - client-C79DE3E06697->1d6da99a-ba9a-4d72-abd2-d0f1aa02f12f: receive RaftClientReply:client-C79DE3E06697->1d6da99a-ba9a-4d72-abd2-d0f1aa02f12f@group-B29EE812FB58, cid=4632, SUCCESS, logIndex=7024, commits[1d6da99a-ba9a-4d72-abd2-d0f1aa02f12f:c7024, 9dc27687-2024-46ae-8b6e-c9027bfa400e:c7021, 9c9c57da-14dc-454a-b374-789aa5e765a9:c7021]
2019-09-16 23:35:43,686 [grpc-default-executor-6] INFO  client.GrpcClientProtocolClient (GrpcClientProtocolClient.java:onNext(264)) - client-C79DE3E06697->1d6da99a-ba9a-4d72-abd2-d0f1aa02f12f: receive RaftClientReply:client-C79DE3E06697->1d6da99a-ba9a-4d72-abd2-d0f1aa02f12f@group-B29EE812FB58, cid=4633, SUCCESS, logIndex=7025, commits[1d6da99a-ba9a-4d72-abd2-d0f1aa02f12f:c7025, 9dc27687-2024-46ae-8b6e-c9027bfa400e:c7021, 9c9c57da-14dc-454a-b374-789aa5e765a9:c7021]
2019-09-16 23:35:43,698 [grpc-default-executor-6] INFO  client.GrpcClientProtocolClient (GrpcClientProtocolClient.java:onNext(264)) - client-C79DE3E06697->1d6da99a-ba9a-4d72-abd2-d0f1aa02f12f: receive RaftClientReply:client-C79DE3E06697->1d6da99a-ba9a-4d72-abd2-d0f1aa02f12f@group-B29EE812FB58, cid=4634, SUCCESS, logIndex=0, commits[1d6da99a-ba9a-4d72-abd2-d0f1aa02f12f:c7027, 9dc27687-2024-46ae-8b6e-c9027bfa400e:c7025, 9c9c57da-14dc-454a-b374-789aa5e765a9:c7025]
2019-09-16 23:35:43,733 [grpc-default-executor-6] INFO  client.GrpcClientProtocolClient (GrpcClientProtocolClient.java:onNext(264)) - client-C79DE3E06697->1d6da99a-ba9a-4d72-abd2-d0f1aa02f12f: receive RaftClientReply:client-C79DE3E06697->1d6da99a-ba9a-4d72-abd2-d0f1aa02f12f@group-B29EE812FB58, cid=4635, SUCCESS, logIndex=7028, commits[1d6da99a-ba9a-4d72-abd2-d0f1aa02f12f:c7029, 9dc27687-2024-46ae-8b6e-c9027bfa400e:c7025, 9c9c57da-14dc-454a-b374-789aa5e765a9:c7027]
2019-09-16 23:35:43,733 [grpc-default-executor-6] INFO  client.GrpcClientProtocolClient (GrpcClientProtocolClient.java:onNext(264)) - client-C79DE3E06697->1d6da99a-ba9a-4d72-abd2-d0f1aa02f12f: receive RaftClientReply:client-C79DE3E06697->1d6da99a-ba9a-4d72-abd2-d0f1aa02f12f@group-B29EE812FB58, cid=4636, SUCCESS, logIndex=7029, commits[1d6da99a-ba9a-4d72-abd2-d0f1aa02f12f:c7031, 9dc27687-2024-46ae-8b6e-c9027bfa400e:c7027, 9c9c57da-14dc-454a-b374-789aa5e765a9:c7027]
2019-09-16 23:35:43,734 [grpc-default-executor-6] INFO  client.GrpcClientProtocolClient (GrpcClientProtocolClient.java:onNext(264)) - client-C79DE3E06697->1d6da99a-ba9a-4d72-abd2-d0f1aa02f12f: receive RaftClientReply:client-C79DE3E06697->1d6da99a-ba9a-4d72-abd2-d0f1aa02f12f@group-B29EE812FB58, cid=4637, SUCCESS, logIndex=7030, commits[1d6da99a-ba9a-4d72-abd2-d0f1aa02f12f:c7031, 9dc27687-2024-46ae-8b6e-c9027bfa400e:c7027, 9c9c57da-14dc-454a-b374-789aa5e765a9:c7027]
2019-09-16 23:35:43,735 [grpc-default-executor-6] INFO  client.GrpcClientProtocolClient (GrpcClientProtocolClient.java:onNext(264)) - client-C79DE3E06697->1d6da99a-ba9a-4d72-abd2-d0f1aa02f12f: receive RaftClientReply:client-C79DE3E06697->1d6da99a-ba9a-4d72-abd2-d0f1aa02f12f@group-B29EE812FB58, cid=4638, SUCCESS, logIndex=7031, commits[1d6da99a-ba9a-4d72-abd2-d0f1aa02f12f:c7031, 9dc27687-2024-46ae-8b6e-c9027bfa400e:c7027, 9c9c57da-14dc-454a-b374-789aa5e765a9:c7027]
2019-09-16 23:35:43,736 [grpc-default-executor-6] INFO  client.GrpcClientProtocolClient (GrpcClientProtocolClient.java:onNext(264)) - client-C79DE3E06697->1d6da99a-ba9a-4d72-abd2-d0f1aa02f12f: receive RaftClientReply:client-C79DE3E06697->1d6da99a-ba9a-4d72-abd2-d0f1aa02f12f@group-B29EE812FB58, cid=4639, SUCCESS, logIndex=0, commits[1d6da99a-ba9a-4d72-abd2-d0f1aa02f12f:c7035, 9dc27687-2024-46ae-8b6e-c9027bfa400e:c7031, 9c9c57da-14dc-454a-b374-789aa5e765a9:c7031]
2019-09-16 23:35:43,756 [grpc-default-executor-6] INFO  client.GrpcClientProtocolClient (GrpcClientProtocolClient.java:onNext(264)) - client-C79DE3E06697->1d6da99a-ba9a-4d72-abd2-d0f1aa02f12f: receive RaftClientReply:client-C79DE3E06697->1d6da99a-ba9a-4d72-abd2-d0f1aa02f12f@group-B29EE812FB58, cid=4640, SUCCESS, logIndex=7036, commits[1d6da99a-ba9a-4d72-abd2-d0f1aa02f12f:c7037, 9dc27687-2024-46ae-8b6e-c9027bfa400e:c7035, 9c9c57da-14dc-454a-b374-789aa5e765a9:c7035]
2019-09-16 23:35:43,757 [grpc-default-executor-6] INFO  client.GrpcClientProtocolClient (GrpcClientProtocolClient.java:onNext(264)) - client-C79DE3E06697->1d6da99a-ba9a-4d72-abd2-d0f1aa02f12f: receive RaftClientReply:client-C79DE3E06697->1d6da99a-ba9a-4d72-abd2-d0f1aa02f12f@group-B29EE812FB58, cid=4641, SUCCESS, logIndex=7037, commits[1d6da99a-ba9a-4d72-abd2-d0f1aa02f12f:c7037, 9dc27687-2024-46ae-8b6e-c9027bfa400e:c7035, 9c9c57da-14dc-454a-b374-789aa5e765a9:c7035]
2019-09-16 23:35:43,770 [grpc-default-executor-3] INFO  client.GrpcClientProtocolClient (GrpcClientProtocolClient.java:onNext(264)) - client-C79DE3E06697->1d6da99a-ba9a-4d72-abd2-d0f1aa02f12f: receive RaftClientReply:client-C79DE3E06697->1d6da99a-ba9a-4d72-abd2-d0f1aa02f12f@group-B29EE812FB58, cid=4642, SUCCESS, logIndex=7040, commits[1d6da99a-ba9a-4d72-abd2-d0f1aa02f12f:c7040, 9dc27687-2024-46ae-8b6e-c9027bfa400e:c7037, 9c9c57da-14dc-454a-b374-789aa5e765a9:c7037]
2019-09-16 23:35:43,770 [grpc-default-executor-3] INFO  client.GrpcClientProtocolClient (GrpcClientProtocolClient.java:onNext(264)) - client-C79DE3E06697->1d6da99a-ba9a-4d72-abd2-d0f1aa02f12f: receive RaftClientReply:client-C79DE3E06697->1d6da99a-ba9a-4d72-abd2-d0f1aa02f12f@group-B29EE812FB58, cid=4643, SUCCESS, logIndex=7041, commits[1d6da99a-ba9a-4d72-abd2-d0f1aa02f12f:c7041, 9dc27687-2024-46ae-8b6e-c9027bfa400e:c7037, 9c9c57da-14dc-454a-b374-789aa5e765a9:c7037]
2019-09-16 23:35:43,783 [grpc-default-executor-3] INFO  client.GrpcClientProtocolClient (GrpcClientProtocolClient.java:onNext(264)) - client-C79DE3E06697->1d6da99a-ba9a-4d72-abd2-d0f1aa02f12f: receive RaftClientReply:client-C79DE3E06697->1d6da99a-ba9a-4d72-abd2-d0f1aa02f12f@group-B29EE812FB58, cid=4644, SUCCESS, logIndex=0, commits[1d6da99a-ba9a-4d72-abd2-d0f1aa02f12f:c7043, 9dc27687-2024-46ae-8b6e-c9027bfa400e:c7041, 9c9c57da-14dc-454a-b374-789aa5e765a9:c7041]
2019-09-16 23:35:43,819 [grpc-default-executor-1] INFO  client.GrpcClientProtocolClient (GrpcClientProtocolClient.java:onNext(264)) - client-C79DE3E06697->1d6da99a-ba9a-4d72-abd2-d0f1aa02f12f: receive RaftClientReply:client-C79DE3E06697->1d6da99a-ba9a-4d72-abd2-d0f1aa02f12f@group-B29EE812FB58, cid=4645, SUCCESS, logIndex=7044, commits[1d6da99a-ba9a-4d72-abd2-d0f1aa02f12f:c7045, 9dc27687-2024-46ae-8b6e-c9027bfa400e:c7043, 9c9c57da-14dc-454a-b374-789aa5e765a9:c7043]
2019-09-16 23:35:43,820 [grpc-default-executor-3] INFO  client.GrpcClientProtocolClient (GrpcClientProtocolClient.java:onNext(264)) - client-C79DE3E06697->1d6da99a-ba9a-4d72-abd2-d0f1aa02f12f: receive RaftClientReply:client-C79DE3E06697->1d6da99a-ba9a-4d72-abd2-d0f1aa02f12f@group-B29EE812FB58, cid=4646, SUCCESS, logIndex=7045, commits[1d6da99a-ba9a-4d72-abd2-d0f1aa02f12f:c7045, 9dc27687-2024-46ae-8b6e-c9027bfa400e:c7043, 9c9c57da-14dc-454a-b374-789aa5e765a9:c7043]
2019-09-16 23:35:43,820 [grpc-default-executor-3] INFO  client.GrpcClientProtocolClient (GrpcClientProtocolClient.java:onNext(264)) - client-C79DE3E06697->1d6da99a-ba9a-4d72-abd2-d0f1aa02f12f: receive RaftClientReply:client-C79DE3E06697->1d6da99a-ba9a-4d72-abd2-d0f1aa02f12f@group-B29EE812FB58, cid=4647, SUCCESS, logIndex=7046, commits[1d6da99a-ba9a-4d72-abd2-d0f1aa02f12f:c7047, 9dc27687-2024-46ae-8b6e-c9027bfa400e:c7043, 9c9c57da-14dc-454a-b374-789aa5e765a9:c7043]
2019-09-16 23:35:43,821 [grpc-default-executor-1] INFO  client.GrpcClientProtocolClient (GrpcClientProtocolClient.java:onNext(264)) - client-C79DE3E06697->1d6da99a-ba9a-4d72-abd2-d0f1aa02f12f: receive RaftClientReply:client-C79DE3E06697->1d6da99a-ba9a-4d72-abd2-d0f1aa02f12f@group-B29EE812FB58, cid=4648, SUCCESS, logIndex=7047, commits[1d6da99a-ba9a-4d72-abd2-d0f1aa02f12f:c7047, 9dc27687-2024-46ae-8b6e-c9027bfa400e:c7043, 9c9c57da-14dc-454a-b374-789aa5e765a9:c7043]
2019-09-16 23:35:43,822 [grpc-default-executor-1] INFO  client.GrpcClientProtocolClient (GrpcClientProtocolClient.java:onNext(264)) - client-C79DE3E06697->1d6da99a-ba9a-4d72-abd2-d0f1aa02f12f: receive RaftClientReply:client-C79DE3E06697->1d6da99a-ba9a-4d72-abd2-d0f1aa02f12f@group-B29EE812FB58, cid=4649, SUCCESS, logIndex=0, commits[1d6da99a-ba9a-4d72-abd2-d0f1aa02f12f:c7049, 9dc27687-2024-46ae-8b6e-c9027bfa400e:c7045, 9c9c57da-14dc-454a-b374-789aa5e765a9:c7045]
2019-09-16 23:35:43,836 [grpc-default-executor-1] INFO  client.GrpcClientProtocolClient (GrpcClientProtocolClient.java:onNext(264)) - client-C79DE3E06697->1d6da99a-ba9a-4d72-abd2-d0f1aa02f12f: receive RaftClientReply:client-C79DE3E06697->1d6da99a-ba9a-4d72-abd2-d0f1aa02f12f@group-B29EE812FB58, cid=4650, SUCCESS, logIndex=7052, commits[1d6da99a-ba9a-4d72-abd2-d0f1aa02f12f:c7053, 9dc27687-2024-46ae-8b6e-c9027bfa400e:c7051, 9c9c57da-14dc-454a-b374-789aa5e765a9:c7051]
2019-09-16 23:35:43,836 [grpc-default-executor-1] INFO  client.GrpcClientProtocolClient (GrpcClientProtocolClient.java:onNext(264)) - client-C79DE3E06697->1d6da99a-ba9a-4d72-abd2-d0f1aa02f12f: receive RaftClientReply:client-C79DE3E06697->1d6da99a-ba9a-4d72-abd2-d0f1aa02f12f@group-B29EE812FB58, cid=4651, SUCCESS, logIndex=7053, commits[1d6da99a-ba9a-4d72-abd2-d0f1aa02f12f:c7053, 9dc27687-2024-46ae-8b6e-c9027bfa400e:c7051, 9c9c57da-14dc-454a-b374-789aa5e765a9:c7051]
2019-09-16 23:35:43,857 [grpc-default-executor-6] INFO  client.GrpcClientProtocolClient (GrpcClientProtocolClient.java:onNext(264)) - client-C79DE3E06697->1d6da99a-ba9a-4d72-abd2-d0f1aa02f12f: receive RaftClientReply:client-C79DE3E06697->1d6da99a-ba9a-4d72-abd2-d0f1aa02f12f@group-B29EE812FB58, cid=4652, SUCCESS, logIndex=7056, commits[1d6da99a-ba9a-4d72-abd2-d0f1aa02f12f:c7057, 9dc27687-2024-46ae-8b6e-c9027bfa400e:c7055, 9c9c57da-14dc-454a-b374-789aa5e765a9:c7055]
2019-09-16 23:35:43,857 [grpc-default-executor-6] INFO  client.GrpcClientProtocolClient (GrpcClientProtocolClient.java:onNext(264)) - client-C79DE3E06697->1d6da99a-ba9a-4d72-abd2-d0f1aa02f12f: receive RaftClientReply:client-C79DE3E06697->1d6da99a-ba9a-4d72-abd2-d0f1aa02f12f@group-B29EE812FB58, cid=4653, SUCCESS, logIndex=7057, commits[1d6da99a-ba9a-4d72-abd2-d0f1aa02f12f:c7057, 9dc27687-2024-46ae-8b6e-c9027bfa400e:c7055, 9c9c57da-14dc-454a-b374-789aa5e765a9:c7055]
2019-09-16 23:35:43,868 [grpc-default-executor-6] INFO  client.GrpcClientProtocolClient (GrpcClientProtocolClient.java:onNext(264)) - client-C79DE3E06697->1d6da99a-ba9a-4d72-abd2-d0f1aa02f12f: receive RaftClientReply:client-C79DE3E06697->1d6da99a-ba9a-4d72-abd2-d0f1aa02f12f@group-B29EE812FB58, cid=4654, SUCCESS, logIndex=0, commits[1d6da99a-ba9a-4d72-abd2-d0f1aa02f12f:c7058, 9dc27687-2024-46ae-8b6e-c9027bfa400e:c7057, 9c9c57da-14dc-454a-b374-789aa5e765a9:c7057]
2019-09-16 23:35:43,906 [grpc-default-executor-3] INFO  client.GrpcClientProtocolClient (GrpcClientProtocolClient.java:onNext(264)) - client-C79DE3E06697->1d6da99a-ba9a-4d72-abd2-d0f1aa02f12f: receive RaftClientReply:client-C79DE3E06697->1d6da99a-ba9a-4d72-abd2-d0f1aa02f12f@group-B29EE812FB58, cid=4655, SUCCESS, logIndex=7060, commits[1d6da99a-ba9a-4d72-abd2-d0f1aa02f12f:c7060, 9dc27687-2024-46ae-8b6e-c9027bfa400e:c7057, 9c9c57da-14dc-454a-b374-789aa5e765a9:c7059]
2019-09-16 23:35:43,907 [grpc-default-executor-6] INFO  client.GrpcClientProtocolClient (GrpcClientProtocolClient.java:onNext(264)) - client-C79DE3E06697->1d6da99a-ba9a-4d72-abd2-d0f1aa02f12f: receive RaftClientReply:client-C79DE3E06697->1d6da99a-ba9a-4d72-abd2-d0f1aa02f12f@group-B29EE812FB58, cid=4656, SUCCESS, logIndex=7061, commits[1d6da99a-ba9a-4d72-abd2-d0f1aa02f12f:c7061, 9dc27687-2024-46ae-8b6e-c9027bfa400e:c7059, 9c9c57da-14dc-454a-b374-789aa5e765a9:c7059]
2019-09-16 23:35:43,908 [grpc-default-executor-6] INFO  client.GrpcClientProtocolClient (GrpcClientProtocolClient.java:onNext(264)) - client-C79DE3E06697->1d6da99a-ba9a-4d72-abd2-d0f1aa02f12f: receive RaftClientReply:client-C79DE3E06697->1d6da99a-ba9a-4d72-abd2-d0f1aa02f12f@group-B29EE812FB58, cid=4657, SUCCESS, logIndex=7062, commits[1d6da99a-ba9a-4d72-abd2-d0f1aa02f12f:c7063, 9dc27687-2024-46ae-8b6e-c9027bfa400e:c7059, 9c9c57da-14dc-454a-b374-789aa5e765a9:c7059]
2019-09-16 23:35:43,908 [grpc-default-executor-3] INFO  client.GrpcClientProtocolClient (GrpcClientProtocolClient.java:onNext(264)) - client-C79DE3E06697->1d6da99a-ba9a-4d72-abd2-d0f1aa02f12f: receive RaftClientReply:client-C79DE3E06697->1d6da99a-ba9a-4d72-abd2-d0f1aa02f12f@group-B29EE812FB58, cid=4658, SUCCESS, logIndex=7063, commits[1d6da99a-ba9a-4d72-abd2-d0f1aa02f12f:c7063, 9dc27687-2024-46ae-8b6e-c9027bfa400e:c7059, 9c9c57da-14dc-454a-b374-789aa5e765a9:c7059]
2019-09-16 23:35:43,909 [grpc-default-executor-3] INFO  client.GrpcClientProtocolClient (GrpcClientProtocolClient.java:onNext(264)) - client-C79DE3E06697->1d6da99a-ba9a-4d72-abd2-d0f1aa02f12f: receive RaftClientReply:client-C79DE3E06697->1d6da99a-ba9a-4d72-abd2-d0f1aa02f12f@group-B29EE812FB58, cid=4659, SUCCESS, logIndex=0, commits[1d6da99a-ba9a-4d72-abd2-d0f1aa02f12f:c7067, 9dc27687-2024-46ae-8b6e-c9027bfa400e:c7063, 9c9c57da-14dc-454a-b374-789aa5e765a9:c7063]
2019-09-16 23:35:43,929 [grpc-default-executor-1] INFO  client.GrpcClientProtocolClient (GrpcClientProtocolClient.java:onNext(264)) - client-C79DE3E06697->1d6da99a-ba9a-4d72-abd2-d0f1aa02f12f: receive RaftClientReply:client-C79DE3E06697->1d6da99a-ba9a-4d72-abd2-d0f1aa02f12f@group-B29EE812FB58, cid=4660, SUCCESS, logIndex=7068, commits[1d6da99a-ba9a-4d72-abd2-d0f1aa02f12f:c7069, 9dc27687-2024-46ae-8b6e-c9027bfa400e:c7067, 9c9c57da-14dc-454a-b374-789aa5e765a9:c7067]
2019-09-16 23:35:43,929 [grpc-default-executor-1] INFO  client.GrpcClientProtocolClient (GrpcClientProtocolClient.java:onNext(264)) - client-C79DE3E06697->1d6da99a-ba9a-4d72-abd2-d0f1aa02f12f: receive RaftClientReply:client-C79DE3E06697->1d6da99a-ba9a-4d72-abd2-d0f1aa02f12f@group-B29EE812FB58, cid=4661, SUCCESS, logIndex=7069, commits[1d6da99a-ba9a-4d72-abd2-d0f1aa02f12f:c7069, 9dc27687-2024-46ae-8b6e-c9027bfa400e:c7067, 9c9c57da-14dc-454a-b374-789aa5e765a9:c7067]
2019-09-16 23:35:43,936 [grpc-default-executor-6] INFO  segmented.SegmentedRaftLogWorker (SegmentedRaftLogWorker.java:rollLogSegment(385)) - 1d6da99a-ba9a-4d72-abd2-d0f1aa02f12f@group-B29EE812FB58-SegmentedRaftLogWorker: Rolling segment log-0_7072 to index:7072
2019-09-16 23:35:43,938 [grpc-default-executor-6] INFO  segmented.SegmentedRaftLogWorker (SegmentedRaftLogWorker.java:rollLogSegment(385)) - 9c9c57da-14dc-454a-b374-789aa5e765a9@group-B29EE812FB58-SegmentedRaftLogWorker: Rolling segment log-0_7072 to index:7072
2019-09-16 23:35:43,938 [grpc-default-executor-1] INFO  segmented.SegmentedRaftLogWorker (SegmentedRaftLogWorker.java:rollLogSegment(385)) - 9dc27687-2024-46ae-8b6e-c9027bfa400e@group-B29EE812FB58-SegmentedRaftLogWorker: Rolling segment log-0_7072 to index:7072
2019-09-16 23:35:43,939 [1d6da99a-ba9a-4d72-abd2-d0f1aa02f12f@group-B29EE812FB58-SegmentedRaftLogWorker] INFO  segmented.SegmentedRaftLogWorker (SegmentedRaftLogWorker.java:execute(526)) - 1d6da99a-ba9a-4d72-abd2-d0f1aa02f12f@group-B29EE812FB58-SegmentedRaftLogWorker: Rolled log segment from /workdir/hadoop-ozone/tools/target/test-dir/MiniOzoneClusterImpl-6336e8dc-6694-4f94-af67-ebe31a03a50d/datanode-4/data/ratis/49ef0974-e139-4b9e-8aa7-b29ee812fb58/current/log_inprogress_0 to /workdir/hadoop-ozone/tools/target/test-dir/MiniOzoneClusterImpl-6336e8dc-6694-4f94-af67-ebe31a03a50d/datanode-4/data/ratis/49ef0974-e139-4b9e-8aa7-b29ee812fb58/current/log_0-7072
2019-09-16 23:35:43,940 [9c9c57da-14dc-454a-b374-789aa5e765a9@group-B29EE812FB58-SegmentedRaftLogWorker] INFO  segmented.SegmentedRaftLogWorker (SegmentedRaftLogWorker.java:execute(526)) - 9c9c57da-14dc-454a-b374-789aa5e765a9@group-B29EE812FB58-SegmentedRaftLogWorker: Rolled log segment from /workdir/hadoop-ozone/tools/target/test-dir/MiniOzoneClusterImpl-6336e8dc-6694-4f94-af67-ebe31a03a50d/datanode-3/data/ratis/49ef0974-e139-4b9e-8aa7-b29ee812fb58/current/log_inprogress_0 to /workdir/hadoop-ozone/tools/target/test-dir/MiniOzoneClusterImpl-6336e8dc-6694-4f94-af67-ebe31a03a50d/datanode-3/data/ratis/49ef0974-e139-4b9e-8aa7-b29ee812fb58/current/log_0-7072
2019-09-16 23:35:43,941 [9dc27687-2024-46ae-8b6e-c9027bfa400e@group-B29EE812FB58-SegmentedRaftLogWorker] INFO  segmented.SegmentedRaftLogWorker (SegmentedRaftLogWorker.java:execute(526)) - 9dc27687-2024-46ae-8b6e-c9027bfa400e@group-B29EE812FB58-SegmentedRaftLogWorker: Rolled log segment from /workdir/hadoop-ozone/tools/target/test-dir/MiniOzoneClusterImpl-6336e8dc-6694-4f94-af67-ebe31a03a50d/datanode-2/data/ratis/49ef0974-e139-4b9e-8aa7-b29ee812fb58/current/log_inprogress_0 to /workdir/hadoop-ozone/tools/target/test-dir/MiniOzoneClusterImpl-6336e8dc-6694-4f94-af67-ebe31a03a50d/datanode-2/data/ratis/49ef0974-e139-4b9e-8aa7-b29ee812fb58/current/log_0-7072
2019-09-16 23:35:43,968 [grpc-default-executor-6] INFO  client.GrpcClientProtocolClient (GrpcClientProtocolClient.java:onNext(264)) - client-C79DE3E06697->1d6da99a-ba9a-4d72-abd2-d0f1aa02f12f: receive RaftClientReply:client-C79DE3E06697->1d6da99a-ba9a-4d72-abd2-d0f1aa02f12f@group-B29EE812FB58, cid=4662, SUCCESS, logIndex=7072, commits[1d6da99a-ba9a-4d72-abd2-d0f1aa02f12f:c7072, 9dc27687-2024-46ae-8b6e-c9027bfa400e:c7071, 9c9c57da-14dc-454a-b374-789aa5e765a9:c7071]
 0.00% |█                                                                                                    |  0/1 Time: 0:01:01 0.00% |█                                                                                                    |  0/1 Time: 0:01:02 0.00% |█                                                                                                    |  0/1 Time: 0:01:032019-09-16 23:35:46,313 [9c9c57da-14dc-454a-b374-789aa5e765a9@group-B29EE812FB58-SegmentedRaftLogWorker] INFO  segmented.SegmentedRaftLogWorker (SegmentedRaftLogWorker.java:execute(569)) - 9c9c57da-14dc-454a-b374-789aa5e765a9@group-B29EE812FB58-SegmentedRaftLogWorker: created new log segment /workdir/hadoop-ozone/tools/target/test-dir/MiniOzoneClusterImpl-6336e8dc-6694-4f94-af67-ebe31a03a50d/datanode-3/data/ratis/49ef0974-e139-4b9e-8aa7-b29ee812fb58/current/log_inprogress_7073
2019-09-16 23:35:46,313 [1d6da99a-ba9a-4d72-abd2-d0f1aa02f12f@group-B29EE812FB58-SegmentedRaftLogWorker] INFO  segmented.SegmentedRaftLogWorker (SegmentedRaftLogWorker.java:execute(569)) - 1d6da99a-ba9a-4d72-abd2-d0f1aa02f12f@group-B29EE812FB58-SegmentedRaftLogWorker: created new log segment /workdir/hadoop-ozone/tools/target/test-dir/MiniOzoneClusterImpl-6336e8dc-6694-4f94-af67-ebe31a03a50d/datanode-4/data/ratis/49ef0974-e139-4b9e-8aa7-b29ee812fb58/current/log_inprogress_7073
2019-09-16 23:35:46,326 [grpc-default-executor-1] INFO  client.GrpcClientProtocolClient (GrpcClientProtocolClient.java:onNext(264)) - client-C79DE3E06697->1d6da99a-ba9a-4d72-abd2-d0f1aa02f12f: receive RaftClientReply:client-C79DE3E06697->1d6da99a-ba9a-4d72-abd2-d0f1aa02f12f@group-B29EE812FB58, cid=4663, SUCCESS, logIndex=7073, commits[1d6da99a-ba9a-4d72-abd2-d0f1aa02f12f:c7074, 9dc27687-2024-46ae-8b6e-c9027bfa400e:c7071, 9c9c57da-14dc-454a-b374-789aa5e765a9:c7072]
2019-09-16 23:35:46,654 [9dc27687-2024-46ae-8b6e-c9027bfa400e@group-B29EE812FB58-SegmentedRaftLogWorker] INFO  segmented.SegmentedRaftLogWorker (SegmentedRaftLogWorker.java:execute(569)) - 9dc27687-2024-46ae-8b6e-c9027bfa400e@group-B29EE812FB58-SegmentedRaftLogWorker: created new log segment /workdir/hadoop-ozone/tools/target/test-dir/MiniOzoneClusterImpl-6336e8dc-6694-4f94-af67-ebe31a03a50d/datanode-2/data/ratis/49ef0974-e139-4b9e-8aa7-b29ee812fb58/current/log_inprogress_7073
2019-09-16 23:35:46,668 [grpc-default-executor-1] INFO  client.GrpcClientProtocolClient (GrpcClientProtocolClient.java:onNext(264)) - client-C79DE3E06697->1d6da99a-ba9a-4d72-abd2-d0f1aa02f12f: receive RaftClientReply:client-C79DE3E06697->1d6da99a-ba9a-4d72-abd2-d0f1aa02f12f@group-B29EE812FB58, cid=4664, SUCCESS, logIndex=0, commits[1d6da99a-ba9a-4d72-abd2-d0f1aa02f12f:c7075, 9dc27687-2024-46ae-8b6e-c9027bfa400e:c7074, 9c9c57da-14dc-454a-b374-789aa5e765a9:c7074]
2019-09-16 23:35:46,734 [grpc-default-executor-3] INFO  client.GrpcClientProtocolClient (GrpcClientProtocolClient.java:onNext(264)) - client-C79DE3E06697->1d6da99a-ba9a-4d72-abd2-d0f1aa02f12f: receive RaftClientReply:client-C79DE3E06697->1d6da99a-ba9a-4d72-abd2-d0f1aa02f12f@group-B29EE812FB58, cid=4665, SUCCESS, logIndex=7076, commits[1d6da99a-ba9a-4d72-abd2-d0f1aa02f12f:c7077, 9dc27687-2024-46ae-8b6e-c9027bfa400e:c7075, 9c9c57da-14dc-454a-b374-789aa5e765a9:c7075]
2019-09-16 23:35:46,734 [grpc-default-executor-3] INFO  client.GrpcClientProtocolClient (GrpcClientProtocolClient.java:onNext(264)) - client-C79DE3E06697->1d6da99a-ba9a-4d72-abd2-d0f1aa02f12f: receive RaftClientReply:client-C79DE3E06697->1d6da99a-ba9a-4d72-abd2-d0f1aa02f12f@group-B29EE812FB58, cid=4666, SUCCESS, logIndex=7077, commits[1d6da99a-ba9a-4d72-abd2-d0f1aa02f12f:c7079, 9dc27687-2024-46ae-8b6e-c9027bfa400e:c7075, 9c9c57da-14dc-454a-b374-789aa5e765a9:c7075]
2019-09-16 23:35:46,736 [grpc-default-executor-3] INFO  client.GrpcClientProtocolClient (GrpcClientProtocolClient.java:onNext(264)) - client-C79DE3E06697->1d6da99a-ba9a-4d72-abd2-d0f1aa02f12f: receive RaftClientReply:client-C79DE3E06697->1d6da99a-ba9a-4d72-abd2-d0f1aa02f12f@group-B29EE812FB58, cid=4667, SUCCESS, logIndex=7078, commits[1d6da99a-ba9a-4d72-abd2-d0f1aa02f12f:c7079, 9dc27687-2024-46ae-8b6e-c9027bfa400e:c7075, 9c9c57da-14dc-454a-b374-789aa5e765a9:c7075]
2019-09-16 23:35:46,736 [grpc-default-executor-3] INFO  client.GrpcClientProtocolClient (GrpcClientProtocolClient.java:onNext(264)) - client-C79DE3E06697->1d6da99a-ba9a-4d72-abd2-d0f1aa02f12f: receive RaftClientReply:client-C79DE3E06697->1d6da99a-ba9a-4d72-abd2-d0f1aa02f12f@group-B29EE812FB58, cid=4668, SUCCESS, logIndex=7079, commits[1d6da99a-ba9a-4d72-abd2-d0f1aa02f12f:c7079, 9dc27687-2024-46ae-8b6e-c9027bfa400e:c7075, 9c9c57da-14dc-454a-b374-789aa5e765a9:c7075]
2019-09-16 23:35:46,745 [grpc-default-executor-3] INFO  client.GrpcClientProtocolClient (GrpcClientProtocolClient.java:onNext(264)) - client-C79DE3E06697->1d6da99a-ba9a-4d72-abd2-d0f1aa02f12f: receive RaftClientReply:client-C79DE3E06697->1d6da99a-ba9a-4d72-abd2-d0f1aa02f12f@group-B29EE812FB58, cid=4669, SUCCESS, logIndex=0, commits[1d6da99a-ba9a-4d72-abd2-d0f1aa02f12f:c7080, 9dc27687-2024-46ae-8b6e-c9027bfa400e:c7077, 9c9c57da-14dc-454a-b374-789aa5e765a9:c7077]
2019-09-16 23:35:46,774 [grpc-default-executor-6] INFO  client.GrpcClientProtocolClient (GrpcClientProtocolClient.java:onNext(264)) - client-C79DE3E06697->1d6da99a-ba9a-4d72-abd2-d0f1aa02f12f: receive RaftClientReply:client-C79DE3E06697->1d6da99a-ba9a-4d72-abd2-d0f1aa02f12f@group-B29EE812FB58, cid=4670, SUCCESS, logIndex=7084, commits[1d6da99a-ba9a-4d72-abd2-d0f1aa02f12f:c7084, 9dc27687-2024-46ae-8b6e-c9027bfa400e:c7083, 9c9c57da-14dc-454a-b374-789aa5e765a9:c7079]
2019-09-16 23:35:46,775 [grpc-default-executor-6] INFO  client.GrpcClientProtocolClient (GrpcClientProtocolClient.java:onNext(264)) - client-C79DE3E06697->1d6da99a-ba9a-4d72-abd2-d0f1aa02f12f: receive RaftClientReply:client-C79DE3E06697->1d6da99a-ba9a-4d72-abd2-d0f1aa02f12f@group-B29EE812FB58, cid=4671, SUCCESS, logIndex=7085, commits[1d6da99a-ba9a-4d72-abd2-d0f1aa02f12f:c7085, 9dc27687-2024-46ae-8b6e-c9027bfa400e:c7083, 9c9c57da-14dc-454a-b374-789aa5e765a9:c7083]
2019-09-16 23:35:46,800 [grpc-default-executor-1] INFO  client.GrpcClientProtocolClient (GrpcClientProtocolClient.java:onNext(264)) - client-C79DE3E06697->1d6da99a-ba9a-4d72-abd2-d0f1aa02f12f: receive RaftClientReply:client-C79DE3E06697->1d6da99a-ba9a-4d72-abd2-d0f1aa02f12f@group-B29EE812FB58, cid=4672, SUCCESS, logIndex=7088, commits[1d6da99a-ba9a-4d72-abd2-d0f1aa02f12f:c7089, 9dc27687-2024-46ae-8b6e-c9027bfa400e:c7085, 9c9c57da-14dc-454a-b374-789aa5e765a9:c7085]
2019-09-16 23:35:46,800 [grpc-default-executor-1] INFO  client.GrpcClientProtocolClient (GrpcClientProtocolClient.java:onNext(264)) - client-C79DE3E06697->1d6da99a-ba9a-4d72-abd2-d0f1aa02f12f: receive RaftClientReply:client-C79DE3E06697->1d6da99a-ba9a-4d72-abd2-d0f1aa02f12f@group-B29EE812FB58, cid=4673, SUCCESS, logIndex=7089, commits[1d6da99a-ba9a-4d72-abd2-d0f1aa02f12f:c7089, 9dc27687-2024-46ae-8b6e-c9027bfa400e:c7085, 9c9c57da-14dc-454a-b374-789aa5e765a9:c7085]
2019-09-16 23:35:46,812 [grpc-default-executor-1] INFO  client.GrpcClientProtocolClient (GrpcClientProtocolClient.java:onNext(264)) - client-C79DE3E06697->1d6da99a-ba9a-4d72-abd2-d0f1aa02f12f: receive RaftClientReply:client-C79DE3E06697->1d6da99a-ba9a-4d72-abd2-d0f1aa02f12f@group-B29EE812FB58, cid=4674, SUCCESS, logIndex=0, commits[1d6da99a-ba9a-4d72-abd2-d0f1aa02f12f:c7090, 9dc27687-2024-46ae-8b6e-c9027bfa400e:c7089, 9c9c57da-14dc-454a-b374-789aa5e765a9:c7089]
2019-09-16 23:35:46,859 [grpc-default-executor-6] INFO  client.GrpcClientProtocolClient (GrpcClientProtocolClient.java:onNext(264)) - client-C79DE3E06697->1d6da99a-ba9a-4d72-abd2-d0f1aa02f12f: receive RaftClientReply:client-C79DE3E06697->1d6da99a-ba9a-4d72-abd2-d0f1aa02f12f@group-B29EE812FB58, cid=4675, SUCCESS, logIndex=7092, commits[1d6da99a-ba9a-4d72-abd2-d0f1aa02f12f:c7093, 9dc27687-2024-46ae-8b6e-c9027bfa400e:c7091, 9c9c57da-14dc-454a-b374-789aa5e765a9:c7091]
2019-09-16 23:35:46,860 [grpc-default-executor-6] INFO  client.GrpcClientProtocolClient (GrpcClientProtocolClient.java:onNext(264)) - client-C79DE3E06697->1d6da99a-ba9a-4d72-abd2-d0f1aa02f12f: receive RaftClientReply:client-C79DE3E06697->1d6da99a-ba9a-4d72-abd2-d0f1aa02f12f@group-B29EE812FB58, cid=4676, SUCCESS, logIndex=7093, commits[1d6da99a-ba9a-4d72-abd2-d0f1aa02f12f:c7093, 9dc27687-2024-46ae-8b6e-c9027bfa400e:c7091, 9c9c57da-14dc-454a-b374-789aa5e765a9:c7091]
2019-09-16 23:35:46,861 [grpc-default-executor-6] INFO  client.GrpcClientProtocolClient (GrpcClientProtocolClient.java:onNext(264)) - client-C79DE3E06697->1d6da99a-ba9a-4d72-abd2-d0f1aa02f12f: receive RaftClientReply:client-C79DE3E06697->1d6da99a-ba9a-4d72-abd2-d0f1aa02f12f@group-B29EE812FB58, cid=4677, SUCCESS, logIndex=7094, commits[1d6da99a-ba9a-4d72-abd2-d0f1aa02f12f:c7095, 9dc27687-2024-46ae-8b6e-c9027bfa400e:c7091, 9c9c57da-14dc-454a-b374-789aa5e765a9:c7091]
2019-09-16 23:35:46,862 [grpc-default-executor-3] INFO  client.GrpcClientProtocolClient (GrpcClientProtocolClient.java:onNext(264)) - client-C79DE3E06697->1d6da99a-ba9a-4d72-abd2-d0f1aa02f12f: receive RaftClientReply:client-C79DE3E06697->1d6da99a-ba9a-4d72-abd2-d0f1aa02f12f@group-B29EE812FB58, cid=4678, SUCCESS, logIndex=7095, commits[1d6da99a-ba9a-4d72-abd2-d0f1aa02f12f:c7095, 9dc27687-2024-46ae-8b6e-c9027bfa400e:c7091, 9c9c57da-14dc-454a-b374-789aa5e765a9:c7091]
2019-09-16 23:35:46,863 [grpc-default-executor-3] INFO  client.GrpcClientProtocolClient (GrpcClientProtocolClient.java:onNext(264)) - client-C79DE3E06697->1d6da99a-ba9a-4d72-abd2-d0f1aa02f12f: receive RaftClientReply:client-C79DE3E06697->1d6da99a-ba9a-4d72-abd2-d0f1aa02f12f@group-B29EE812FB58, cid=4679, SUCCESS, logIndex=0, commits[1d6da99a-ba9a-4d72-abd2-d0f1aa02f12f:c7099, 9dc27687-2024-46ae-8b6e-c9027bfa400e:c7095, 9c9c57da-14dc-454a-b374-789aa5e765a9:c7095]
2019-09-16 23:35:46,886 [grpc-default-executor-1] INFO  client.GrpcClientProtocolClient (GrpcClientProtocolClient.java:onNext(264)) - client-C79DE3E06697->1d6da99a-ba9a-4d72-abd2-d0f1aa02f12f: receive RaftClientReply:client-C79DE3E06697->1d6da99a-ba9a-4d72-abd2-d0f1aa02f12f@group-B29EE812FB58, cid=4680, SUCCESS, logIndex=7100, commits[1d6da99a-ba9a-4d72-abd2-d0f1aa02f12f:c7101, 9dc27687-2024-46ae-8b6e-c9027bfa400e:c7099, 9c9c57da-14dc-454a-b374-789aa5e765a9:c7099]
2019-09-16 23:35:46,886 [grpc-default-executor-1] INFO  client.GrpcClientProtocolClient (GrpcClientProtocolClient.java:onNext(264)) - client-C79DE3E06697->1d6da99a-ba9a-4d72-abd2-d0f1aa02f12f: receive RaftClientReply:client-C79DE3E06697->1d6da99a-ba9a-4d72-abd2-d0f1aa02f12f@group-B29EE812FB58, cid=4681, SUCCESS, logIndex=7101, commits[1d6da99a-ba9a-4d72-abd2-d0f1aa02f12f:c7101, 9dc27687-2024-46ae-8b6e-c9027bfa400e:c7099, 9c9c57da-14dc-454a-b374-789aa5e765a9:c7099]
2019-09-16 23:35:46,910 [grpc-default-executor-1] INFO  client.GrpcClientProtocolClient (GrpcClientProtocolClient.java:onNext(264)) - client-C79DE3E06697->1d6da99a-ba9a-4d72-abd2-d0f1aa02f12f: receive RaftClientReply:client-C79DE3E06697->1d6da99a-ba9a-4d72-abd2-d0f1aa02f12f@group-B29EE812FB58, cid=4682, SUCCESS, logIndex=7104, commits[1d6da99a-ba9a-4d72-abd2-d0f1aa02f12f:c7105, 9dc27687-2024-46ae-8b6e-c9027bfa400e:c7101, 9c9c57da-14dc-454a-b374-789aa5e765a9:c7101]
2019-09-16 23:35:46,910 [grpc-default-executor-1] INFO  client.GrpcClientProtocolClient (GrpcClientProtocolClient.java:onNext(264)) - client-C79DE3E06697->1d6da99a-ba9a-4d72-abd2-d0f1aa02f12f: receive RaftClientReply:client-C79DE3E06697->1d6da99a-ba9a-4d72-abd2-d0f1aa02f12f@group-B29EE812FB58, cid=4683, SUCCESS, logIndex=7105, commits[1d6da99a-ba9a-4d72-abd2-d0f1aa02f12f:c7105, 9dc27687-2024-46ae-8b6e-c9027bfa400e:c7101, 9c9c57da-14dc-454a-b374-789aa5e765a9:c7101]
2019-09-16 23:35:46,922 [grpc-default-executor-1] INFO  client.GrpcClientProtocolClient (GrpcClientProtocolClient.java:onNext(264)) - client-C79DE3E06697->1d6da99a-ba9a-4d72-abd2-d0f1aa02f12f: receive RaftClientReply:client-C79DE3E06697->1d6da99a-ba9a-4d72-abd2-d0f1aa02f12f@group-B29EE812FB58, cid=4684, SUCCESS, logIndex=0, commits[1d6da99a-ba9a-4d72-abd2-d0f1aa02f12f:c7106, 9dc27687-2024-46ae-8b6e-c9027bfa400e:c7105, 9c9c57da-14dc-454a-b374-789aa5e765a9:c7105]
2019-09-16 23:35:46,971 [grpc-default-executor-6] INFO  client.GrpcClientProtocolClient (GrpcClientProtocolClient.java:onNext(264)) - client-C79DE3E06697->1d6da99a-ba9a-4d72-abd2-d0f1aa02f12f: receive RaftClientReply:client-C79DE3E06697->1d6da99a-ba9a-4d72-abd2-d0f1aa02f12f@group-B29EE812FB58, cid=4685, SUCCESS, logIndex=7108, commits[1d6da99a-ba9a-4d72-abd2-d0f1aa02f12f:c7111, 9dc27687-2024-46ae-8b6e-c9027bfa400e:c7107, 9c9c57da-14dc-454a-b374-789aa5e765a9:c7107]
2019-09-16 23:35:46,972 [grpc-default-executor-6] INFO  client.GrpcClientProtocolClient (GrpcClientProtocolClient.java:onNext(264)) - client-C79DE3E06697->1d6da99a-ba9a-4d72-abd2-d0f1aa02f12f: receive RaftClientReply:client-C79DE3E06697->1d6da99a-ba9a-4d72-abd2-d0f1aa02f12f@group-B29EE812FB58, cid=4686, SUCCESS, logIndex=7109, commits[1d6da99a-ba9a-4d72-abd2-d0f1aa02f12f:c7111, 9dc27687-2024-46ae-8b6e-c9027bfa400e:c7107, 9c9c57da-14dc-454a-b374-789aa5e765a9:c7107]
2019-09-16 23:35:46,973 [grpc-default-executor-6] INFO  client.GrpcClientProtocolClient (GrpcClientProtocolClient.java:onNext(264)) - client-C79DE3E06697->1d6da99a-ba9a-4d72-abd2-d0f1aa02f12f: receive RaftClientReply:client-C79DE3E06697->1d6da99a-ba9a-4d72-abd2-d0f1aa02f12f@group-B29EE812FB58, cid=4687, SUCCESS, logIndex=7110, commits[1d6da99a-ba9a-4d72-abd2-d0f1aa02f12f:c7111, 9dc27687-2024-46ae-8b6e-c9027bfa400e:c7107, 9c9c57da-14dc-454a-b374-789aa5e765a9:c7107]
2019-09-16 23:35:46,973 [grpc-default-executor-6] INFO  client.GrpcClientProtocolClient (GrpcClientProtocolClient.java:onNext(264)) - client-C79DE3E06697->1d6da99a-ba9a-4d72-abd2-d0f1aa02f12f: receive RaftClientReply:client-C79DE3E06697->1d6da99a-ba9a-4d72-abd2-d0f1aa02f12f@group-B29EE812FB58, cid=4688, SUCCESS, logIndex=7111, commits[1d6da99a-ba9a-4d72-abd2-d0f1aa02f12f:c7111, 9dc27687-2024-46ae-8b6e-c9027bfa400e:c7107, 9c9c57da-14dc-454a-b374-789aa5e765a9:c7107]
2019-09-16 23:35:46,984 [grpc-default-executor-3] INFO  client.GrpcClientProtocolClient (GrpcClientProtocolClient.java:onNext(264)) - client-C79DE3E06697->1d6da99a-ba9a-4d72-abd2-d0f1aa02f12f: receive RaftClientReply:client-C79DE3E06697->1d6da99a-ba9a-4d72-abd2-d0f1aa02f12f@group-B29EE812FB58, cid=4689, SUCCESS, logIndex=0, commits[1d6da99a-ba9a-4d72-abd2-d0f1aa02f12f:c7112, 9dc27687-2024-46ae-8b6e-c9027bfa400e:c7110, 9c9c57da-14dc-454a-b374-789aa5e765a9:c7110]
 0.00% |█                                                                                                    |  0/1 Time: 0:01:042019-09-16 23:35:47,015 [grpc-default-executor-6] INFO  client.GrpcClientProtocolClient (GrpcClientProtocolClient.java:onNext(264)) - client-C79DE3E06697->1d6da99a-ba9a-4d72-abd2-d0f1aa02f12f: receive RaftClientReply:client-C79DE3E06697->1d6da99a-ba9a-4d72-abd2-d0f1aa02f12f@group-B29EE812FB58, cid=4690, SUCCESS, logIndex=7116, commits[1d6da99a-ba9a-4d72-abd2-d0f1aa02f12f:c7117, 9dc27687-2024-46ae-8b6e-c9027bfa400e:c7111, 9c9c57da-14dc-454a-b374-789aa5e765a9:c7115]
2019-09-16 23:35:47,016 [grpc-default-executor-6] INFO  client.GrpcClientProtocolClient (GrpcClientProtocolClient.java:onNext(264)) - client-C79DE3E06697->1d6da99a-ba9a-4d72-abd2-d0f1aa02f12f: receive RaftClientReply:client-C79DE3E06697->1d6da99a-ba9a-4d72-abd2-d0f1aa02f12f@group-B29EE812FB58, cid=4691, SUCCESS, logIndex=7117, commits[1d6da99a-ba9a-4d72-abd2-d0f1aa02f12f:c7117, 9dc27687-2024-46ae-8b6e-c9027bfa400e:c7115, 9c9c57da-14dc-454a-b374-789aa5e765a9:c7115]
2019-09-16 23:35:47,038 [grpc-default-executor-6] INFO  client.GrpcClientProtocolClient (GrpcClientProtocolClient.java:onNext(264)) - client-C79DE3E06697->1d6da99a-ba9a-4d72-abd2-d0f1aa02f12f: receive RaftClientReply:client-C79DE3E06697->1d6da99a-ba9a-4d72-abd2-d0f1aa02f12f@group-B29EE812FB58, cid=4692, SUCCESS, logIndex=7120, commits[1d6da99a-ba9a-4d72-abd2-d0f1aa02f12f:c7121, 9dc27687-2024-46ae-8b6e-c9027bfa400e:c7119, 9c9c57da-14dc-454a-b374-789aa5e765a9:c7117]
2019-09-16 23:35:47,038 [grpc-default-executor-6] INFO  client.GrpcClientProtocolClient (GrpcClientProtocolClient.java:onNext(264)) - client-C79DE3E06697->1d6da99a-ba9a-4d72-abd2-d0f1aa02f12f: receive RaftClientReply:client-C79DE3E06697->1d6da99a-ba9a-4d72-abd2-d0f1aa02f12f@group-B29EE812FB58, cid=4693, SUCCESS, logIndex=7121, commits[1d6da99a-ba9a-4d72-abd2-d0f1aa02f12f:c7121, 9dc27687-2024-46ae-8b6e-c9027bfa400e:c7119, 9c9c57da-14dc-454a-b374-789aa5e765a9:c7119]
2019-09-16 23:35:47,050 [grpc-default-executor-6] INFO  client.GrpcClientProtocolClient (GrpcClientProtocolClient.java:onNext(264)) - client-C79DE3E06697->1d6da99a-ba9a-4d72-abd2-d0f1aa02f12f: receive RaftClientReply:client-C79DE3E06697->1d6da99a-ba9a-4d72-abd2-d0f1aa02f12f@group-B29EE812FB58, cid=4694, SUCCESS, logIndex=0, commits[1d6da99a-ba9a-4d72-abd2-d0f1aa02f12f:c7122, 9dc27687-2024-46ae-8b6e-c9027bfa400e:c7121, 9c9c57da-14dc-454a-b374-789aa5e765a9:c7121]
2019-09-16 23:35:47,091 [grpc-default-executor-0] INFO  client.GrpcClientProtocolClient (GrpcClientProtocolClient.java:onNext(264)) - client-C79DE3E06697->1d6da99a-ba9a-4d72-abd2-d0f1aa02f12f: receive RaftClientReply:client-C79DE3E06697->1d6da99a-ba9a-4d72-abd2-d0f1aa02f12f@group-B29EE812FB58, cid=4695, SUCCESS, logIndex=7124, commits[1d6da99a-ba9a-4d72-abd2-d0f1aa02f12f:c7127, 9dc27687-2024-46ae-8b6e-c9027bfa400e:c7123, 9c9c57da-14dc-454a-b374-789aa5e765a9:c7123]
2019-09-16 23:35:47,092 [grpc-default-executor-0] INFO  client.GrpcClientProtocolClient (GrpcClientProtocolClient.java:onNext(264)) - client-C79DE3E06697->1d6da99a-ba9a-4d72-abd2-d0f1aa02f12f: receive RaftClientReply:client-C79DE3E06697->1d6da99a-ba9a-4d72-abd2-d0f1aa02f12f@group-B29EE812FB58, cid=4696, SUCCESS, logIndex=7125, commits[1d6da99a-ba9a-4d72-abd2-d0f1aa02f12f:c7127, 9dc27687-2024-46ae-8b6e-c9027bfa400e:c7123, 9c9c57da-14dc-454a-b374-789aa5e765a9:c7123]
2019-09-16 23:35:47,093 [grpc-default-executor-0] INFO  client.GrpcClientProtocolClient (GrpcClientProtocolClient.java:onNext(264)) - client-C79DE3E06697->1d6da99a-ba9a-4d72-abd2-d0f1aa02f12f: receive RaftClientReply:client-C79DE3E06697->1d6da99a-ba9a-4d72-abd2-d0f1aa02f12f@group-B29EE812FB58, cid=4697, SUCCESS, logIndex=7126, commits[1d6da99a-ba9a-4d72-abd2-d0f1aa02f12f:c7127, 9dc27687-2024-46ae-8b6e-c9027bfa400e:c7123, 9c9c57da-14dc-454a-b374-789aa5e765a9:c7123]
2019-09-16 23:35:47,093 [grpc-default-executor-0] INFO  client.GrpcClientProtocolClient (GrpcClientProtocolClient.java:onNext(264)) - client-C79DE3E06697->1d6da99a-ba9a-4d72-abd2-d0f1aa02f12f: receive RaftClientReply:client-C79DE3E06697->1d6da99a-ba9a-4d72-abd2-d0f1aa02f12f@group-B29EE812FB58, cid=4698, SUCCESS, logIndex=7127, commits[1d6da99a-ba9a-4d72-abd2-d0f1aa02f12f:c7127, 9dc27687-2024-46ae-8b6e-c9027bfa400e:c7123, 9c9c57da-14dc-454a-b374-789aa5e765a9:c7123]
2019-09-16 23:35:47,094 [grpc-default-executor-0] INFO  client.GrpcClientProtocolClient (GrpcClientProtocolClient.java:onNext(264)) - client-C79DE3E06697->1d6da99a-ba9a-4d72-abd2-d0f1aa02f12f: receive RaftClientReply:client-C79DE3E06697->1d6da99a-ba9a-4d72-abd2-d0f1aa02f12f@group-B29EE812FB58, cid=4699, SUCCESS, logIndex=0, commits[1d6da99a-ba9a-4d72-abd2-d0f1aa02f12f:c7128, 9dc27687-2024-46ae-8b6e-c9027bfa400e:c7125, 9c9c57da-14dc-454a-b374-789aa5e765a9:c7125]
2019-09-16 23:35:47,116 [grpc-default-executor-1] INFO  client.GrpcClientProtocolClient (GrpcClientProtocolClient.java:onNext(264)) - client-C79DE3E06697->1d6da99a-ba9a-4d72-abd2-d0f1aa02f12f: receive RaftClientReply:client-C79DE3E06697->1d6da99a-ba9a-4d72-abd2-d0f1aa02f12f@group-B29EE812FB58, cid=4700, SUCCESS, logIndex=7132, commits[1d6da99a-ba9a-4d72-abd2-d0f1aa02f12f:c7133, 9dc27687-2024-46ae-8b6e-c9027bfa400e:c7131, 9c9c57da-14dc-454a-b374-789aa5e765a9:c7131]
2019-09-16 23:35:47,116 [grpc-default-executor-1] INFO  client.GrpcClientProtocolClient (GrpcClientProtocolClient.java:onNext(264)) - client-C79DE3E06697->1d6da99a-ba9a-4d72-abd2-d0f1aa02f12f: receive RaftClientReply:client-C79DE3E06697->1d6da99a-ba9a-4d72-abd2-d0f1aa02f12f@group-B29EE812FB58, cid=4701, SUCCESS, logIndex=7133, commits[1d6da99a-ba9a-4d72-abd2-d0f1aa02f12f:c7133, 9dc27687-2024-46ae-8b6e-c9027bfa400e:c7131, 9c9c57da-14dc-454a-b374-789aa5e765a9:c7131]
2019-09-16 23:35:47,129 [grpc-default-executor-1] INFO  client.GrpcClientProtocolClient (GrpcClientProtocolClient.java:onNext(264)) - client-C79DE3E06697->1d6da99a-ba9a-4d72-abd2-d0f1aa02f12f: receive RaftClientReply:client-C79DE3E06697->1d6da99a-ba9a-4d72-abd2-d0f1aa02f12f@group-B29EE812FB58, cid=4702, SUCCESS, logIndex=7136, commits[1d6da99a-ba9a-4d72-abd2-d0f1aa02f12f:c7137, 9dc27687-2024-46ae-8b6e-c9027bfa400e:c7133, 9c9c57da-14dc-454a-b374-789aa5e765a9:c7133]
2019-09-16 23:35:47,129 [grpc-default-executor-1] INFO  client.GrpcClientProtocolClient (GrpcClientProtocolClient.java:onNext(264)) - client-C79DE3E06697->1d6da99a-ba9a-4d72-abd2-d0f1aa02f12f: receive RaftClientReply:client-C79DE3E06697->1d6da99a-ba9a-4d72-abd2-d0f1aa02f12f@group-B29EE812FB58, cid=4703, SUCCESS, logIndex=7137, commits[1d6da99a-ba9a-4d72-abd2-d0f1aa02f12f:c7137, 9dc27687-2024-46ae-8b6e-c9027bfa400e:c7133, 9c9c57da-14dc-454a-b374-789aa5e765a9:c7133]
2019-09-16 23:35:47,130 [grpc-default-executor-3] INFO  client.GrpcClientProtocolClient (GrpcClientProtocolClient.java:onNext(264)) - client-C79DE3E06697->1d6da99a-ba9a-4d72-abd2-d0f1aa02f12f: receive RaftClientReply:client-C79DE3E06697->1d6da99a-ba9a-4d72-abd2-d0f1aa02f12f@group-B29EE812FB58, cid=4704, SUCCESS, logIndex=0, commits[1d6da99a-ba9a-4d72-abd2-d0f1aa02f12f:c7138, 9dc27687-2024-46ae-8b6e-c9027bfa400e:c7137, 9c9c57da-14dc-454a-b374-789aa5e765a9:c7137]
2019-09-16 23:35:47,329 [grpc-default-executor-0] INFO  client.GrpcClientProtocolClient (GrpcClientProtocolClient.java:onNext(264)) - client-C79DE3E06697->1d6da99a-ba9a-4d72-abd2-d0f1aa02f12f: receive RaftClientReply:client-C79DE3E06697->1d6da99a-ba9a-4d72-abd2-d0f1aa02f12f@group-B29EE812FB58, cid=4705, SUCCESS, logIndex=7140, commits[1d6da99a-ba9a-4d72-abd2-d0f1aa02f12f:c7141, 9dc27687-2024-46ae-8b6e-c9027bfa400e:c7139, 9c9c57da-14dc-454a-b374-789aa5e765a9:c7139]
2019-09-16 23:35:47,330 [grpc-default-executor-0] INFO  client.GrpcClientProtocolClient (GrpcClientProtocolClient.java:onNext(264)) - client-C79DE3E06697->1d6da99a-ba9a-4d72-abd2-d0f1aa02f12f: receive RaftClientReply:client-C79DE3E06697->1d6da99a-ba9a-4d72-abd2-d0f1aa02f12f@group-B29EE812FB58, cid=4706, SUCCESS, logIndex=7141, commits[1d6da99a-ba9a-4d72-abd2-d0f1aa02f12f:c7143, 9dc27687-2024-46ae-8b6e-c9027bfa400e:c7139, 9c9c57da-14dc-454a-b374-789aa5e765a9:c7139]
2019-09-16 23:35:47,330 [grpc-default-executor-0] INFO  client.GrpcClientProtocolClient (GrpcClientProtocolClient.java:onNext(264)) - client-C79DE3E06697->1d6da99a-ba9a-4d72-abd2-d0f1aa02f12f: receive RaftClientReply:client-C79DE3E06697->1d6da99a-ba9a-4d72-abd2-d0f1aa02f12f@group-B29EE812FB58, cid=4707, SUCCESS, logIndex=7142, commits[1d6da99a-ba9a-4d72-abd2-d0f1aa02f12f:c7143, 9dc27687-2024-46ae-8b6e-c9027bfa400e:c7139, 9c9c57da-14dc-454a-b374-789aa5e765a9:c7139]
2019-09-16 23:35:47,330 [grpc-default-executor-1] INFO  client.GrpcClientProtocolClient (GrpcClientProtocolClient.java:onNext(264)) - client-C79DE3E06697->1d6da99a-ba9a-4d72-abd2-d0f1aa02f12f: receive RaftClientReply:client-C79DE3E06697->1d6da99a-ba9a-4d72-abd2-d0f1aa02f12f@group-B29EE812FB58, cid=4708, SUCCESS, logIndex=7143, commits[1d6da99a-ba9a-4d72-abd2-d0f1aa02f12f:c7143, 9dc27687-2024-46ae-8b6e-c9027bfa400e:c7139, 9c9c57da-14dc-454a-b374-789aa5e765a9:c7139]
2019-09-16 23:35:47,331 [grpc-default-executor-1] INFO  client.GrpcClientProtocolClient (GrpcClientProtocolClient.java:onNext(264)) - client-C79DE3E06697->1d6da99a-ba9a-4d72-abd2-d0f1aa02f12f: receive RaftClientReply:client-C79DE3E06697->1d6da99a-ba9a-4d72-abd2-d0f1aa02f12f@group-B29EE812FB58, cid=4709, SUCCESS, logIndex=0, commits[1d6da99a-ba9a-4d72-abd2-d0f1aa02f12f:c7146, 9dc27687-2024-46ae-8b6e-c9027bfa400e:c7143, 9c9c57da-14dc-454a-b374-789aa5e765a9:c7143]
2019-09-16 23:35:47,353 [grpc-default-executor-0] INFO  client.GrpcClientProtocolClient (GrpcClientProtocolClient.java:onNext(264)) - client-C79DE3E06697->1d6da99a-ba9a-4d72-abd2-d0f1aa02f12f: receive RaftClientReply:client-C79DE3E06697->1d6da99a-ba9a-4d72-abd2-d0f1aa02f12f@group-B29EE812FB58, cid=4710, SUCCESS, logIndex=7147, commits[1d6da99a-ba9a-4d72-abd2-d0f1aa02f12f:c7148, 9dc27687-2024-46ae-8b6e-c9027bfa400e:c7146, 9c9c57da-14dc-454a-b374-789aa5e765a9:c7146]
2019-09-16 23:35:47,354 [grpc-default-executor-0] INFO  client.GrpcClientProtocolClient (GrpcClientProtocolClient.java:onNext(264)) - client-C79DE3E06697->1d6da99a-ba9a-4d72-abd2-d0f1aa02f12f: receive RaftClientReply:client-C79DE3E06697->1d6da99a-ba9a-4d72-abd2-d0f1aa02f12f@group-B29EE812FB58, cid=4711, SUCCESS, logIndex=7148, commits[1d6da99a-ba9a-4d72-abd2-d0f1aa02f12f:c7148, 9dc27687-2024-46ae-8b6e-c9027bfa400e:c7146, 9c9c57da-14dc-454a-b374-789aa5e765a9:c7146]
2019-09-16 23:35:47,367 [grpc-default-executor-0] INFO  client.GrpcClientProtocolClient (GrpcClientProtocolClient.java:onNext(264)) - client-C79DE3E06697->1d6da99a-ba9a-4d72-abd2-d0f1aa02f12f: receive RaftClientReply:client-C79DE3E06697->1d6da99a-ba9a-4d72-abd2-d0f1aa02f12f@group-B29EE812FB58, cid=4712, SUCCESS, logIndex=7151, commits[1d6da99a-ba9a-4d72-abd2-d0f1aa02f12f:c7151, 9dc27687-2024-46ae-8b6e-c9027bfa400e:c7148, 9c9c57da-14dc-454a-b374-789aa5e765a9:c7148]
2019-09-16 23:35:47,367 [grpc-default-executor-0] INFO  client.GrpcClientProtocolClient (GrpcClientProtocolClient.java:onNext(264)) - client-C79DE3E06697->1d6da99a-ba9a-4d72-abd2-d0f1aa02f12f: receive RaftClientReply:client-C79DE3E06697->1d6da99a-ba9a-4d72-abd2-d0f1aa02f12f@group-B29EE812FB58, cid=4713, SUCCESS, logIndex=7152, commits[1d6da99a-ba9a-4d72-abd2-d0f1aa02f12f:c7152, 9dc27687-2024-46ae-8b6e-c9027bfa400e:c7148, 9c9c57da-14dc-454a-b374-789aa5e765a9:c7148]
2019-09-16 23:35:47,369 [grpc-default-executor-0] INFO  client.GrpcClientProtocolClient (GrpcClientProtocolClient.java:onNext(264)) - client-C79DE3E06697->1d6da99a-ba9a-4d72-abd2-d0f1aa02f12f: receive RaftClientReply:client-C79DE3E06697->1d6da99a-ba9a-4d72-abd2-d0f1aa02f12f@group-B29EE812FB58, cid=4714, SUCCESS, logIndex=0, commits[1d6da99a-ba9a-4d72-abd2-d0f1aa02f12f:c7154, 9dc27687-2024-46ae-8b6e-c9027bfa400e:c7152, 9c9c57da-14dc-454a-b374-789aa5e765a9:c7152]
2019-09-16 23:35:47,409 [grpc-default-executor-0] INFO  client.GrpcClientProtocolClient (GrpcClientProtocolClient.java:onNext(264)) - client-C79DE3E06697->1d6da99a-ba9a-4d72-abd2-d0f1aa02f12f: receive RaftClientReply:client-C79DE3E06697->1d6da99a-ba9a-4d72-abd2-d0f1aa02f12f@group-B29EE812FB58, cid=4715, SUCCESS, logIndex=7155, commits[1d6da99a-ba9a-4d72-abd2-d0f1aa02f12f:c7156, 9dc27687-2024-46ae-8b6e-c9027bfa400e:c7154, 9c9c57da-14dc-454a-b374-789aa5e765a9:c7154]
2019-09-16 23:35:47,410 [grpc-default-executor-3] INFO  client.GrpcClientProtocolClient (GrpcClientProtocolClient.java:onNext(264)) - client-C79DE3E06697->1d6da99a-ba9a-4d72-abd2-d0f1aa02f12f: receive RaftClientReply:client-C79DE3E06697->1d6da99a-ba9a-4d72-abd2-d0f1aa02f12f@group-B29EE812FB58, cid=4716, SUCCESS, logIndex=7156, commits[1d6da99a-ba9a-4d72-abd2-d0f1aa02f12f:c7156, 9dc27687-2024-46ae-8b6e-c9027bfa400e:c7154, 9c9c57da-14dc-454a-b374-789aa5e765a9:c7154]
2019-09-16 23:35:47,410 [grpc-default-executor-3] INFO  client.GrpcClientProtocolClient (GrpcClientProtocolClient.java:onNext(264)) - client-C79DE3E06697->1d6da99a-ba9a-4d72-abd2-d0f1aa02f12f: receive RaftClientReply:client-C79DE3E06697->1d6da99a-ba9a-4d72-abd2-d0f1aa02f12f@group-B29EE812FB58, cid=4717, SUCCESS, logIndex=7157, commits[1d6da99a-ba9a-4d72-abd2-d0f1aa02f12f:c7157, 9dc27687-2024-46ae-8b6e-c9027bfa400e:c7154, 9c9c57da-14dc-454a-b374-789aa5e765a9:c7154]
2019-09-16 23:35:47,410 [grpc-default-executor-3] INFO  client.GrpcClientProtocolClient (GrpcClientProtocolClient.java:onNext(264)) - client-C79DE3E06697->1d6da99a-ba9a-4d72-abd2-d0f1aa02f12f: receive RaftClientReply:client-C79DE3E06697->1d6da99a-ba9a-4d72-abd2-d0f1aa02f12f@group-B29EE812FB58, cid=4718, SUCCESS, logIndex=7158, commits[1d6da99a-ba9a-4d72-abd2-d0f1aa02f12f:c7158, 9dc27687-2024-46ae-8b6e-c9027bfa400e:c7154, 9c9c57da-14dc-454a-b374-789aa5e765a9:c7154]
2019-09-16 23:35:47,423 [grpc-default-executor-0] INFO  client.GrpcClientProtocolClient (GrpcClientProtocolClient.java:onNext(264)) - client-C79DE3E06697->1d6da99a-ba9a-4d72-abd2-d0f1aa02f12f: receive RaftClientReply:client-C79DE3E06697->1d6da99a-ba9a-4d72-abd2-d0f1aa02f12f@group-B29EE812FB58, cid=4719, SUCCESS, logIndex=0, commits[1d6da99a-ba9a-4d72-abd2-d0f1aa02f12f:c7160, 9dc27687-2024-46ae-8b6e-c9027bfa400e:c7156, 9c9c57da-14dc-454a-b374-789aa5e765a9:c7156]
2019-09-16 23:35:47,443 [grpc-default-executor-3] INFO  client.GrpcClientProtocolClient (GrpcClientProtocolClient.java:onNext(264)) - client-C79DE3E06697->1d6da99a-ba9a-4d72-abd2-d0f1aa02f12f: receive RaftClientReply:client-C79DE3E06697->1d6da99a-ba9a-4d72-abd2-d0f1aa02f12f@group-B29EE812FB58, cid=4720, SUCCESS, logIndex=7163, commits[1d6da99a-ba9a-4d72-abd2-d0f1aa02f12f:c7164, 9dc27687-2024-46ae-8b6e-c9027bfa400e:c7162, 9c9c57da-14dc-454a-b374-789aa5e765a9:c7162]
2019-09-16 23:35:47,443 [grpc-default-executor-3] INFO  client.GrpcClientProtocolClient (GrpcClientProtocolClient.java:onNext(264)) - client-C79DE3E06697->1d6da99a-ba9a-4d72-abd2-d0f1aa02f12f: receive RaftClientReply:client-C79DE3E06697->1d6da99a-ba9a-4d72-abd2-d0f1aa02f12f@group-B29EE812FB58, cid=4721, SUCCESS, logIndex=7164, commits[1d6da99a-ba9a-4d72-abd2-d0f1aa02f12f:c7164, 9dc27687-2024-46ae-8b6e-c9027bfa400e:c7162, 9c9c57da-14dc-454a-b374-789aa5e765a9:c7162]
2019-09-16 23:35:47,457 [grpc-default-executor-3] INFO  client.GrpcClientProtocolClient (GrpcClientProtocolClient.java:onNext(264)) - client-C79DE3E06697->1d6da99a-ba9a-4d72-abd2-d0f1aa02f12f: receive RaftClientReply:client-C79DE3E06697->1d6da99a-ba9a-4d72-abd2-d0f1aa02f12f@group-B29EE812FB58, cid=4722, SUCCESS, logIndex=7167, commits[1d6da99a-ba9a-4d72-abd2-d0f1aa02f12f:c7168, 9dc27687-2024-46ae-8b6e-c9027bfa400e:c7164, 9c9c57da-14dc-454a-b374-789aa5e765a9:c7164]
2019-09-16 23:35:47,457 [grpc-default-executor-3] INFO  client.GrpcClientProtocolClient (GrpcClientProtocolClient.java:onNext(264)) - client-C79DE3E06697->1d6da99a-ba9a-4d72-abd2-d0f1aa02f12f: receive RaftClientReply:client-C79DE3E06697->1d6da99a-ba9a-4d72-abd2-d0f1aa02f12f@group-B29EE812FB58, cid=4723, SUCCESS, logIndex=7168, commits[1d6da99a-ba9a-4d72-abd2-d0f1aa02f12f:c7168, 9dc27687-2024-46ae-8b6e-c9027bfa400e:c7164, 9c9c57da-14dc-454a-b374-789aa5e765a9:c7164]
2019-09-16 23:35:47,469 [grpc-default-executor-3] INFO  client.GrpcClientProtocolClient (GrpcClientProtocolClient.java:onNext(264)) - client-C79DE3E06697->1d6da99a-ba9a-4d72-abd2-d0f1aa02f12f: receive RaftClientReply:client-C79DE3E06697->1d6da99a-ba9a-4d72-abd2-d0f1aa02f12f@group-B29EE812FB58, cid=4724, SUCCESS, logIndex=0, commits[1d6da99a-ba9a-4d72-abd2-d0f1aa02f12f:c7169, 9dc27687-2024-46ae-8b6e-c9027bfa400e:c7168, 9c9c57da-14dc-454a-b374-789aa5e765a9:c7168]
2019-09-16 23:35:47,508 [grpc-default-executor-1] INFO  client.GrpcClientProtocolClient (GrpcClientProtocolClient.java:onNext(264)) - client-C79DE3E06697->1d6da99a-ba9a-4d72-abd2-d0f1aa02f12f: receive RaftClientReply:client-C79DE3E06697->1d6da99a-ba9a-4d72-abd2-d0f1aa02f12f@group-B29EE812FB58, cid=4725, SUCCESS, logIndex=7171, commits[1d6da99a-ba9a-4d72-abd2-d0f1aa02f12f:c7172, 9dc27687-2024-46ae-8b6e-c9027bfa400e:c7170, 9c9c57da-14dc-454a-b374-789aa5e765a9:c7170]
2019-09-16 23:35:47,509 [grpc-default-executor-1] INFO  client.GrpcClientProtocolClient (GrpcClientProtocolClient.java:onNext(264)) - client-C79DE3E06697->1d6da99a-ba9a-4d72-abd2-d0f1aa02f12f: receive RaftClientReply:client-C79DE3E06697->1d6da99a-ba9a-4d72-abd2-d0f1aa02f12f@group-B29EE812FB58, cid=4726, SUCCESS, logIndex=7172, commits[1d6da99a-ba9a-4d72-abd2-d0f1aa02f12f:c7172, 9dc27687-2024-46ae-8b6e-c9027bfa400e:c7170, 9c9c57da-14dc-454a-b374-789aa5e765a9:c7170]
2019-09-16 23:35:47,510 [grpc-default-executor-1] INFO  client.GrpcClientProtocolClient (GrpcClientProtocolClient.java:onNext(264)) - client-C79DE3E06697->1d6da99a-ba9a-4d72-abd2-d0f1aa02f12f: receive RaftClientReply:client-C79DE3E06697->1d6da99a-ba9a-4d72-abd2-d0f1aa02f12f@group-B29EE812FB58, cid=4727, SUCCESS, logIndex=7173, commits[1d6da99a-ba9a-4d72-abd2-d0f1aa02f12f:c7174, 9dc27687-2024-46ae-8b6e-c9027bfa400e:c7170, 9c9c57da-14dc-454a-b374-789aa5e765a9:c7170]
2019-09-16 23:35:47,510 [grpc-default-executor-1] INFO  client.GrpcClientProtocolClient (GrpcClientProtocolClient.java:onNext(264)) - client-C79DE3E06697->1d6da99a-ba9a-4d72-abd2-d0f1aa02f12f: receive RaftClientReply:client-C79DE3E06697->1d6da99a-ba9a-4d72-abd2-d0f1aa02f12f@group-B29EE812FB58, cid=4728, SUCCESS, logIndex=7174, commits[1d6da99a-ba9a-4d72-abd2-d0f1aa02f12f:c7174, 9dc27687-2024-46ae-8b6e-c9027bfa400e:c7170, 9c9c57da-14dc-454a-b374-789aa5e765a9:c7170]
2019-09-16 23:35:47,523 [grpc-default-executor-1] INFO  client.GrpcClientProtocolClient (GrpcClientProtocolClient.java:onNext(264)) - client-C79DE3E06697->1d6da99a-ba9a-4d72-abd2-d0f1aa02f12f: receive RaftClientReply:client-C79DE3E06697->1d6da99a-ba9a-4d72-abd2-d0f1aa02f12f@group-B29EE812FB58, cid=4729, SUCCESS, logIndex=0, commits[1d6da99a-ba9a-4d72-abd2-d0f1aa02f12f:c7177, 9dc27687-2024-46ae-8b6e-c9027bfa400e:c7174, 9c9c57da-14dc-454a-b374-789aa5e765a9:c7172]
2019-09-16 23:35:47,534 [grpc-default-executor-3] INFO  client.GrpcClientProtocolClient (GrpcClientProtocolClient.java:onNext(264)) - client-C79DE3E06697->1d6da99a-ba9a-4d72-abd2-d0f1aa02f12f: receive RaftClientReply:client-C79DE3E06697->1d6da99a-ba9a-4d72-abd2-d0f1aa02f12f@group-B29EE812FB58, cid=4730, SUCCESS, logIndex=7179, commits[1d6da99a-ba9a-4d72-abd2-d0f1aa02f12f:c7180, 9dc27687-2024-46ae-8b6e-c9027bfa400e:c7174, 9c9c57da-14dc-454a-b374-789aa5e765a9:c7178]
2019-09-16 23:35:47,535 [grpc-default-executor-3] INFO  client.GrpcClientProtocolClient (GrpcClientProtocolClient.java:onNext(264)) - client-C79DE3E06697->1d6da99a-ba9a-4d72-abd2-d0f1aa02f12f: receive RaftClientReply:client-C79DE3E06697->1d6da99a-ba9a-4d72-abd2-d0f1aa02f12f@group-B29EE812FB58, cid=4731, SUCCESS, logIndex=7180, commits[1d6da99a-ba9a-4d72-abd2-d0f1aa02f12f:c7180, 9dc27687-2024-46ae-8b6e-c9027bfa400e:c7178, 9c9c57da-14dc-454a-b374-789aa5e765a9:c7178]
2019-09-16 23:35:47,871 [grpc-default-executor-0] INFO  client.GrpcClientProtocolClient (GrpcClientProtocolClient.java:onNext(264)) - client-C79DE3E06697->1d6da99a-ba9a-4d72-abd2-d0f1aa02f12f: receive RaftClientReply:client-C79DE3E06697->1d6da99a-ba9a-4d72-abd2-d0f1aa02f12f@group-B29EE812FB58, cid=4732, SUCCESS, logIndex=7183, commits[1d6da99a-ba9a-4d72-abd2-d0f1aa02f12f:c7184, 9dc27687-2024-46ae-8b6e-c9027bfa400e:c7182, 9c9c57da-14dc-454a-b374-789aa5e765a9:c7182]
2019-09-16 23:35:47,872 [grpc-default-executor-0] INFO  client.GrpcClientProtocolClient (GrpcClientProtocolClient.java:onNext(264)) - client-C79DE3E06697->1d6da99a-ba9a-4d72-abd2-d0f1aa02f12f: receive RaftClientReply:client-C79DE3E06697->1d6da99a-ba9a-4d72-abd2-d0f1aa02f12f@group-B29EE812FB58, cid=4733, SUCCESS, logIndex=7184, commits[1d6da99a-ba9a-4d72-abd2-d0f1aa02f12f:c7184, 9dc27687-2024-46ae-8b6e-c9027bfa400e:c7182, 9c9c57da-14dc-454a-b374-789aa5e765a9:c7182]
2019-09-16 23:35:47,883 [grpc-default-executor-0] INFO  client.GrpcClientProtocolClient (GrpcClientProtocolClient.java:onNext(264)) - client-C79DE3E06697->1d6da99a-ba9a-4d72-abd2-d0f1aa02f12f: receive RaftClientReply:client-C79DE3E06697->1d6da99a-ba9a-4d72-abd2-d0f1aa02f12f@group-B29EE812FB58, cid=4734, SUCCESS, logIndex=0, commits[1d6da99a-ba9a-4d72-abd2-d0f1aa02f12f:c7185, 9dc27687-2024-46ae-8b6e-c9027bfa400e:c7184, 9c9c57da-14dc-454a-b374-789aa5e765a9:c7184]
2019-09-16 23:35:47,928 [grpc-default-executor-1] INFO  client.GrpcClientProtocolClient (GrpcClientProtocolClient.java:onNext(264)) - client-C79DE3E06697->1d6da99a-ba9a-4d72-abd2-d0f1aa02f12f: receive RaftClientReply:client-C79DE3E06697->1d6da99a-ba9a-4d72-abd2-d0f1aa02f12f@group-B29EE812FB58, cid=4735, SUCCESS, logIndex=7187, commits[1d6da99a-ba9a-4d72-abd2-d0f1aa02f12f:c7188, 9dc27687-2024-46ae-8b6e-c9027bfa400e:c7186, 9c9c57da-14dc-454a-b374-789aa5e765a9:c7186]
2019-09-16 23:35:47,928 [grpc-default-executor-1] INFO  client.GrpcClientProtocolClient (GrpcClientProtocolClient.java:onNext(264)) - client-C79DE3E06697->1d6da99a-ba9a-4d72-abd2-d0f1aa02f12f: receive RaftClientReply:client-C79DE3E06697->1d6da99a-ba9a-4d72-abd2-d0f1aa02f12f@group-B29EE812FB58, cid=4736, SUCCESS, logIndex=7188, commits[1d6da99a-ba9a-4d72-abd2-d0f1aa02f12f:c7188, 9dc27687-2024-46ae-8b6e-c9027bfa400e:c7186, 9c9c57da-14dc-454a-b374-789aa5e765a9:c7186]
2019-09-16 23:35:47,929 [grpc-default-executor-1] INFO  client.GrpcClientProtocolClient (GrpcClientProtocolClient.java:onNext(264)) - client-C79DE3E06697->1d6da99a-ba9a-4d72-abd2-d0f1aa02f12f: receive RaftClientReply:client-C79DE3E06697->1d6da99a-ba9a-4d72-abd2-d0f1aa02f12f@group-B29EE812FB58, cid=4737, SUCCESS, logIndex=7189, commits[1d6da99a-ba9a-4d72-abd2-d0f1aa02f12f:c7190, 9dc27687-2024-46ae-8b6e-c9027bfa400e:c7186, 9c9c57da-14dc-454a-b374-789aa5e765a9:c7186]
2019-09-16 23:35:47,929 [grpc-default-executor-1] INFO  client.GrpcClientProtocolClient (GrpcClientProtocolClient.java:onNext(264)) - client-C79DE3E06697->1d6da99a-ba9a-4d72-abd2-d0f1aa02f12f: receive RaftClientReply:client-C79DE3E06697->1d6da99a-ba9a-4d72-abd2-d0f1aa02f12f@group-B29EE812FB58, cid=4738, SUCCESS, logIndex=7190, commits[1d6da99a-ba9a-4d72-abd2-d0f1aa02f12f:c7190, 9dc27687-2024-46ae-8b6e-c9027bfa400e:c7186, 9c9c57da-14dc-454a-b374-789aa5e765a9:c7186]
2019-09-16 23:35:47,941 [grpc-default-executor-1] INFO  client.GrpcClientProtocolClient (GrpcClientProtocolClient.java:onNext(264)) - client-C79DE3E06697->1d6da99a-ba9a-4d72-abd2-d0f1aa02f12f: receive RaftClientReply:client-C79DE3E06697->1d6da99a-ba9a-4d72-abd2-d0f1aa02f12f@group-B29EE812FB58, cid=4739, SUCCESS, logIndex=0, commits[1d6da99a-ba9a-4d72-abd2-d0f1aa02f12f:c7191, 9dc27687-2024-46ae-8b6e-c9027bfa400e:c7188, 9c9c57da-14dc-454a-b374-789aa5e765a9:c7188]
2019-09-16 23:35:47,964 [grpc-default-executor-0] INFO  client.GrpcClientProtocolClient (GrpcClientProtocolClient.java:onNext(264)) - client-C79DE3E06697->1d6da99a-ba9a-4d72-abd2-d0f1aa02f12f: receive RaftClientReply:client-C79DE3E06697->1d6da99a-ba9a-4d72-abd2-d0f1aa02f12f@group-B29EE812FB58, cid=4740, SUCCESS, logIndex=7194, commits[1d6da99a-ba9a-4d72-abd2-d0f1aa02f12f:c7194, 9dc27687-2024-46ae-8b6e-c9027bfa400e:c7193, 9c9c57da-14dc-454a-b374-789aa5e765a9:c7190]
2019-09-16 23:35:47,965 [grpc-default-executor-0] INFO  client.GrpcClientProtocolClient (GrpcClientProtocolClient.java:onNext(264)) - client-C79DE3E06697->1d6da99a-ba9a-4d72-abd2-d0f1aa02f12f: receive RaftClientReply:client-C79DE3E06697->1d6da99a-ba9a-4d72-abd2-d0f1aa02f12f@group-B29EE812FB58, cid=4741, SUCCESS, logIndex=7195, commits[1d6da99a-ba9a-4d72-abd2-d0f1aa02f12f:c7195, 9dc27687-2024-46ae-8b6e-c9027bfa400e:c7193, 9c9c57da-14dc-454a-b374-789aa5e765a9:c7193]
2019-09-16 23:35:47,977 [grpc-default-executor-6] INFO  client.GrpcClientProtocolClient (GrpcClientProtocolClient.java:onNext(264)) - client-C79DE3E06697->1d6da99a-ba9a-4d72-abd2-d0f1aa02f12f: receive RaftClientReply:client-C79DE3E06697->1d6da99a-ba9a-4d72-abd2-d0f1aa02f12f@group-B29EE812FB58, cid=4742, SUCCESS, logIndex=7198, commits[1d6da99a-ba9a-4d72-abd2-d0f1aa02f12f:c7198, 9dc27687-2024-46ae-8b6e-c9027bfa400e:c7195, 9c9c57da-14dc-454a-b374-789aa5e765a9:c7194]
2019-09-16 23:35:47,978 [grpc-default-executor-6] INFO  client.GrpcClientProtocolClient (GrpcClientProtocolClient.java:onNext(264)) - client-C79DE3E06697->1d6da99a-ba9a-4d72-abd2-d0f1aa02f12f: receive RaftClientReply:client-C79DE3E06697->1d6da99a-ba9a-4d72-abd2-d0f1aa02f12f@group-B29EE812FB58, cid=4743, SUCCESS, logIndex=7199, commits[1d6da99a-ba9a-4d72-abd2-d0f1aa02f12f:c7199, 9dc27687-2024-46ae-8b6e-c9027bfa400e:c7195, 9c9c57da-14dc-454a-b374-789aa5e765a9:c7195]
2019-09-16 23:35:47,989 [grpc-default-executor-6] INFO  client.GrpcClientProtocolClient (GrpcClientProtocolClient.java:onNext(264)) - client-C79DE3E06697->1d6da99a-ba9a-4d72-abd2-d0f1aa02f12f: receive RaftClientReply:client-C79DE3E06697->1d6da99a-ba9a-4d72-abd2-d0f1aa02f12f@group-B29EE812FB58, cid=4744, SUCCESS, logIndex=0, commits[1d6da99a-ba9a-4d72-abd2-d0f1aa02f12f:c7200, 9dc27687-2024-46ae-8b6e-c9027bfa400e:c7199, 9c9c57da-14dc-454a-b374-789aa5e765a9:c7199]
 0.00% |█                                                                                                    |  0/1 Time: 0:01:052019-09-16 23:35:48,024 [grpc-default-executor-1] INFO  client.GrpcClientProtocolClient (GrpcClientProtocolClient.java:onNext(264)) - client-C79DE3E06697->1d6da99a-ba9a-4d72-abd2-d0f1aa02f12f: receive RaftClientReply:client-C79DE3E06697->1d6da99a-ba9a-4d72-abd2-d0f1aa02f12f@group-B29EE812FB58, cid=4745, SUCCESS, logIndex=7202, commits[1d6da99a-ba9a-4d72-abd2-d0f1aa02f12f:c7203, 9dc27687-2024-46ae-8b6e-c9027bfa400e:c7201, 9c9c57da-14dc-454a-b374-789aa5e765a9:c7199]
2019-09-16 23:35:48,024 [grpc-default-executor-1] INFO  client.GrpcClientProtocolClient (GrpcClientProtocolClient.java:onNext(264)) - client-C79DE3E06697->1d6da99a-ba9a-4d72-abd2-d0f1aa02f12f: receive RaftClientReply:client-C79DE3E06697->1d6da99a-ba9a-4d72-abd2-d0f1aa02f12f@group-B29EE812FB58, cid=4746, SUCCESS, logIndex=7203, commits[1d6da99a-ba9a-4d72-abd2-d0f1aa02f12f:c7205, 9dc27687-2024-46ae-8b6e-c9027bfa400e:c7201, 9c9c57da-14dc-454a-b374-789aa5e765a9:c7201]
2019-09-16 23:35:48,025 [grpc-default-executor-1] INFO  client.GrpcClientProtocolClient (GrpcClientProtocolClient.java:onNext(264)) - client-C79DE3E06697->1d6da99a-ba9a-4d72-abd2-d0f1aa02f12f: receive RaftClientReply:client-C79DE3E06697->1d6da99a-ba9a-4d72-abd2-d0f1aa02f12f@group-B29EE812FB58, cid=4747, SUCCESS, logIndex=7204, commits[1d6da99a-ba9a-4d72-abd2-d0f1aa02f12f:c7205, 9dc27687-2024-46ae-8b6e-c9027bfa400e:c7201, 9c9c57da-14dc-454a-b374-789aa5e765a9:c7201]
2019-09-16 23:35:48,026 [grpc-default-executor-1] INFO  client.GrpcClientProtocolClient (GrpcClientProtocolClient.java:onNext(264)) - client-C79DE3E06697->1d6da99a-ba9a-4d72-abd2-d0f1aa02f12f: receive RaftClientReply:client-C79DE3E06697->1d6da99a-ba9a-4d72-abd2-d0f1aa02f12f@group-B29EE812FB58, cid=4748, SUCCESS, logIndex=7205, commits[1d6da99a-ba9a-4d72-abd2-d0f1aa02f12f:c7205, 9dc27687-2024-46ae-8b6e-c9027bfa400e:c7201, 9c9c57da-14dc-454a-b374-789aa5e765a9:c7201]
2019-09-16 23:35:48,027 [grpc-default-executor-1] INFO  client.GrpcClientProtocolClient (GrpcClientProtocolClient.java:onNext(264)) - client-C79DE3E06697->1d6da99a-ba9a-4d72-abd2-d0f1aa02f12f: receive RaftClientReply:client-C79DE3E06697->1d6da99a-ba9a-4d72-abd2-d0f1aa02f12f@group-B29EE812FB58, cid=4749, SUCCESS, logIndex=0, commits[1d6da99a-ba9a-4d72-abd2-d0f1aa02f12f:c7207, 9dc27687-2024-46ae-8b6e-c9027bfa400e:c7203, 9c9c57da-14dc-454a-b374-789aa5e765a9:c7203]
2019-09-16 23:35:48,047 [grpc-default-executor-6] INFO  client.GrpcClientProtocolClient (GrpcClientProtocolClient.java:onNext(264)) - client-C79DE3E06697->1d6da99a-ba9a-4d72-abd2-d0f1aa02f12f: receive RaftClientReply:client-C79DE3E06697->1d6da99a-ba9a-4d72-abd2-d0f1aa02f12f@group-B29EE812FB58, cid=4750, SUCCESS, logIndex=7210, commits[1d6da99a-ba9a-4d72-abd2-d0f1aa02f12f:c7210, 9dc27687-2024-46ae-8b6e-c9027bfa400e:c7209, 9c9c57da-14dc-454a-b374-789aa5e765a9:c7209]
2019-09-16 23:35:48,047 [grpc-default-executor-6] INFO  client.GrpcClientProtocolClient (GrpcClientProtocolClient.java:onNext(264)) - client-C79DE3E06697->1d6da99a-ba9a-4d72-abd2-d0f1aa02f12f: receive RaftClientReply:client-C79DE3E06697->1d6da99a-ba9a-4d72-abd2-d0f1aa02f12f@group-B29EE812FB58, cid=4751, SUCCESS, logIndex=7211, commits[1d6da99a-ba9a-4d72-abd2-d0f1aa02f12f:c7211, 9dc27687-2024-46ae-8b6e-c9027bfa400e:c7209, 9c9c57da-14dc-454a-b374-789aa5e765a9:c7209]
2019-09-16 23:35:48,061 [grpc-default-executor-6] INFO  client.GrpcClientProtocolClient (GrpcClientProtocolClient.java:onNext(264)) - client-C79DE3E06697->1d6da99a-ba9a-4d72-abd2-d0f1aa02f12f: receive RaftClientReply:client-C79DE3E06697->1d6da99a-ba9a-4d72-abd2-d0f1aa02f12f@group-B29EE812FB58, cid=4752, SUCCESS, logIndex=7214, commits[1d6da99a-ba9a-4d72-abd2-d0f1aa02f12f:c7215, 9dc27687-2024-46ae-8b6e-c9027bfa400e:c7211, 9c9c57da-14dc-454a-b374-789aa5e765a9:c7211]
2019-09-16 23:35:48,061 [grpc-default-executor-6] INFO  client.GrpcClientProtocolClient (GrpcClientProtocolClient.java:onNext(264)) - client-C79DE3E06697->1d6da99a-ba9a-4d72-abd2-d0f1aa02f12f: receive RaftClientReply:client-C79DE3E06697->1d6da99a-ba9a-4d72-abd2-d0f1aa02f12f@group-B29EE812FB58, cid=4753, SUCCESS, logIndex=7215, commits[1d6da99a-ba9a-4d72-abd2-d0f1aa02f12f:c7215, 9dc27687-2024-46ae-8b6e-c9027bfa400e:c7211, 9c9c57da-14dc-454a-b374-789aa5e765a9:c7211]
2019-09-16 23:35:48,063 [grpc-default-executor-6] INFO  client.GrpcClientProtocolClient (GrpcClientProtocolClient.java:onNext(264)) - client-C79DE3E06697->1d6da99a-ba9a-4d72-abd2-d0f1aa02f12f: receive RaftClientReply:client-C79DE3E06697->1d6da99a-ba9a-4d72-abd2-d0f1aa02f12f@group-B29EE812FB58, cid=4754, SUCCESS, logIndex=0, commits[1d6da99a-ba9a-4d72-abd2-d0f1aa02f12f:c7216, 9dc27687-2024-46ae-8b6e-c9027bfa400e:c7215, 9c9c57da-14dc-454a-b374-789aa5e765a9:c7215]
2019-09-16 23:35:48,106 [grpc-default-executor-0] INFO  client.GrpcClientProtocolClient (GrpcClientProtocolClient.java:onNext(264)) - client-C79DE3E06697->1d6da99a-ba9a-4d72-abd2-d0f1aa02f12f: receive RaftClientReply:client-C79DE3E06697->1d6da99a-ba9a-4d72-abd2-d0f1aa02f12f@group-B29EE812FB58, cid=4755, SUCCESS, logIndex=7218, commits[1d6da99a-ba9a-4d72-abd2-d0f1aa02f12f:c7219, 9dc27687-2024-46ae-8b6e-c9027bfa400e:c7217, 9c9c57da-14dc-454a-b374-789aa5e765a9:c7217]
2019-09-16 23:35:48,108 [grpc-default-executor-0] INFO  client.GrpcClientProtocolClient (GrpcClientProtocolClient.java:onNext(264)) - client-C79DE3E06697->1d6da99a-ba9a-4d72-abd2-d0f1aa02f12f: receive RaftClientReply:client-C79DE3E06697->1d6da99a-ba9a-4d72-abd2-d0f1aa02f12f@group-B29EE812FB58, cid=4756, SUCCESS, logIndex=7219, commits[1d6da99a-ba9a-4d72-abd2-d0f1aa02f12f:c7219, 9dc27687-2024-46ae-8b6e-c9027bfa400e:c7217, 9c9c57da-14dc-454a-b374-789aa5e765a9:c7217]
2019-09-16 23:35:48,108 [grpc-default-executor-6] INFO  client.GrpcClientProtocolClient (GrpcClientProtocolClient.java:onNext(264)) - client-C79DE3E06697->1d6da99a-ba9a-4d72-abd2-d0f1aa02f12f: receive RaftClientReply:client-C79DE3E06697->1d6da99a-ba9a-4d72-abd2-d0f1aa02f12f@group-B29EE812FB58, cid=4757, SUCCESS, logIndex=7220, commits[1d6da99a-ba9a-4d72-abd2-d0f1aa02f12f:c7221, 9dc27687-2024-46ae-8b6e-c9027bfa400e:c7217, 9c9c57da-14dc-454a-b374-789aa5e765a9:c7217]
2019-09-16 23:35:48,108 [grpc-default-executor-6] INFO  client.GrpcClientProtocolClient (GrpcClientProtocolClient.java:onNext(264)) - client-C79DE3E06697->1d6da99a-ba9a-4d72-abd2-d0f1aa02f12f: receive RaftClientReply:client-C79DE3E06697->1d6da99a-ba9a-4d72-abd2-d0f1aa02f12f@group-B29EE812FB58, cid=4758, SUCCESS, logIndex=7221, commits[1d6da99a-ba9a-4d72-abd2-d0f1aa02f12f:c7221, 9dc27687-2024-46ae-8b6e-c9027bfa400e:c7217, 9c9c57da-14dc-454a-b374-789aa5e765a9:c7217]
2019-09-16 23:35:48,109 [grpc-default-executor-6] INFO  client.GrpcClientProtocolClient (GrpcClientProtocolClient.java:onNext(264)) - client-C79DE3E06697->1d6da99a-ba9a-4d72-abd2-d0f1aa02f12f: receive RaftClientReply:client-C79DE3E06697->1d6da99a-ba9a-4d72-abd2-d0f1aa02f12f@group-B29EE812FB58, cid=4759, SUCCESS, logIndex=0, commits[1d6da99a-ba9a-4d72-abd2-d0f1aa02f12f:c7223, 9dc27687-2024-46ae-8b6e-c9027bfa400e:c7219, 9c9c57da-14dc-454a-b374-789aa5e765a9:c7219]
2019-09-16 23:35:48,122 [grpc-default-executor-0] INFO  client.GrpcClientProtocolClient (GrpcClientProtocolClient.java:onNext(264)) - client-C79DE3E06697->1d6da99a-ba9a-4d72-abd2-d0f1aa02f12f: receive RaftClientReply:client-C79DE3E06697->1d6da99a-ba9a-4d72-abd2-d0f1aa02f12f@group-B29EE812FB58, cid=4760, SUCCESS, logIndex=7225, commits[1d6da99a-ba9a-4d72-abd2-d0f1aa02f12f:c7226, 9dc27687-2024-46ae-8b6e-c9027bfa400e:c7223, 9c9c57da-14dc-454a-b374-789aa5e765a9:c7221]
2019-09-16 23:35:48,122 [grpc-default-executor-0] INFO  client.GrpcClientProtocolClient (GrpcClientProtocolClient.java:onNext(264)) - client-C79DE3E06697->1d6da99a-ba9a-4d72-abd2-d0f1aa02f12f: receive RaftClientReply:client-C79DE3E06697->1d6da99a-ba9a-4d72-abd2-d0f1aa02f12f@group-B29EE812FB58, cid=4761, SUCCESS, logIndex=7226, commits[1d6da99a-ba9a-4d72-abd2-d0f1aa02f12f:c7226, 9dc27687-2024-46ae-8b6e-c9027bfa400e:c7223, 9c9c57da-14dc-454a-b374-789aa5e765a9:c7223]
2019-09-16 23:35:48,135 [grpc-default-executor-0] INFO  client.GrpcClientProtocolClient (GrpcClientProtocolClient.java:onNext(264)) - client-C79DE3E06697->1d6da99a-ba9a-4d72-abd2-d0f1aa02f12f: receive RaftClientReply:client-C79DE3E06697->1d6da99a-ba9a-4d72-abd2-d0f1aa02f12f@group-B29EE812FB58, cid=4762, SUCCESS, logIndex=7228, commits[1d6da99a-ba9a-4d72-abd2-d0f1aa02f12f:c7229, 9dc27687-2024-46ae-8b6e-c9027bfa400e:c7226, 9c9c57da-14dc-454a-b374-789aa5e765a9:c7226]
2019-09-16 23:35:48,135 [grpc-default-executor-0] INFO  client.GrpcClientProtocolClient (GrpcClientProtocolClient.java:onNext(264)) - client-C79DE3E06697->1d6da99a-ba9a-4d72-abd2-d0f1aa02f12f: receive RaftClientReply:client-C79DE3E06697->1d6da99a-ba9a-4d72-abd2-d0f1aa02f12f@group-B29EE812FB58, cid=4763, SUCCESS, logIndex=7229, commits[1d6da99a-ba9a-4d72-abd2-d0f1aa02f12f:c7229, 9dc27687-2024-46ae-8b6e-c9027bfa400e:c7226, 9c9c57da-14dc-454a-b374-789aa5e765a9:c7226]
2019-09-16 23:35:48,137 [grpc-default-executor-0] INFO  client.GrpcClientProtocolClient (GrpcClientProtocolClient.java:onNext(264)) - client-C79DE3E06697->1d6da99a-ba9a-4d72-abd2-d0f1aa02f12f: receive RaftClientReply:client-C79DE3E06697->1d6da99a-ba9a-4d72-abd2-d0f1aa02f12f@group-B29EE812FB58, cid=4764, SUCCESS, logIndex=0, commits[1d6da99a-ba9a-4d72-abd2-d0f1aa02f12f:c7230, 9dc27687-2024-46ae-8b6e-c9027bfa400e:c7229, 9c9c57da-14dc-454a-b374-789aa5e765a9:c7229]
2019-09-16 23:35:48,161 [grpc-default-executor-6] INFO  client.GrpcClientProtocolClient (GrpcClientProtocolClient.java:onNext(264)) - client-C79DE3E06697->1d6da99a-ba9a-4d72-abd2-d0f1aa02f12f: receive RaftClientReply:client-C79DE3E06697->1d6da99a-ba9a-4d72-abd2-d0f1aa02f12f@group-B29EE812FB58, cid=4765, SUCCESS, logIndex=7231, commits[1d6da99a-ba9a-4d72-abd2-d0f1aa02f12f:c7234, 9dc27687-2024-46ae-8b6e-c9027bfa400e:c7229, 9c9c57da-14dc-454a-b374-789aa5e765a9:c7230]
2019-09-16 23:35:48,161 [grpc-default-executor-6] INFO  client.GrpcClientProtocolClient (GrpcClientProtocolClient.java:onNext(264)) - client-C79DE3E06697->1d6da99a-ba9a-4d72-abd2-d0f1aa02f12f: receive RaftClientReply:client-C79DE3E06697->1d6da99a-ba9a-4d72-abd2-d0f1aa02f12f@group-B29EE812FB58, cid=4766, SUCCESS, logIndex=7232, commits[1d6da99a-ba9a-4d72-abd2-d0f1aa02f12f:c7234, 9dc27687-2024-46ae-8b6e-c9027bfa400e:c7230, 9c9c57da-14dc-454a-b374-789aa5e765a9:c7230]
2019-09-16 23:35:48,161 [grpc-default-executor-6] INFO  client.GrpcClientProtocolClient (GrpcClientProtocolClient.java:onNext(264)) - client-C79DE3E06697->1d6da99a-ba9a-4d72-abd2-d0f1aa02f12f: receive RaftClientReply:client-C79DE3E06697->1d6da99a-ba9a-4d72-abd2-d0f1aa02f12f@group-B29EE812FB58, cid=4767, SUCCESS, logIndex=7233, commits[1d6da99a-ba9a-4d72-abd2-d0f1aa02f12f:c7234, 9dc27687-2024-46ae-8b6e-c9027bfa400e:c7230, 9c9c57da-14dc-454a-b374-789aa5e765a9:c7230]
2019-09-16 23:35:48,162 [grpc-default-executor-6] INFO  client.GrpcClientProtocolClient (GrpcClientProtocolClient.java:onNext(264)) - client-C79DE3E06697->1d6da99a-ba9a-4d72-abd2-d0f1aa02f12f: receive RaftClientReply:client-C79DE3E06697->1d6da99a-ba9a-4d72-abd2-d0f1aa02f12f@group-B29EE812FB58, cid=4768, SUCCESS, logIndex=7234, commits[1d6da99a-ba9a-4d72-abd2-d0f1aa02f12f:c7234, 9dc27687-2024-46ae-8b6e-c9027bfa400e:c7230, 9c9c57da-14dc-454a-b374-789aa5e765a9:c7230]
2019-09-16 23:35:48,162 [grpc-default-executor-6] INFO  client.GrpcClientProtocolClient (GrpcClientProtocolClient.java:onNext(264)) - client-C79DE3E06697->1d6da99a-ba9a-4d72-abd2-d0f1aa02f12f: receive RaftClientReply:client-C79DE3E06697->1d6da99a-ba9a-4d72-abd2-d0f1aa02f12f@group-B29EE812FB58, cid=4769, SUCCESS, logIndex=0, commits[1d6da99a-ba9a-4d72-abd2-d0f1aa02f12f:c7235, 9dc27687-2024-46ae-8b6e-c9027bfa400e:c7233, 9c9c57da-14dc-454a-b374-789aa5e765a9:c7233]
2019-09-16 23:35:48,180 [grpc-default-executor-3] INFO  client.GrpcClientProtocolClient (GrpcClientProtocolClient.java:onNext(264)) - client-C79DE3E06697->1d6da99a-ba9a-4d72-abd2-d0f1aa02f12f: receive RaftClientReply:client-C79DE3E06697->1d6da99a-ba9a-4d72-abd2-d0f1aa02f12f@group-B29EE812FB58, cid=4770, SUCCESS, logIndex=7238, commits[1d6da99a-ba9a-4d72-abd2-d0f1aa02f12f:c7238, 9dc27687-2024-46ae-8b6e-c9027bfa400e:c7237, 9c9c57da-14dc-454a-b374-789aa5e765a9:c7237]
2019-09-16 23:35:48,180 [grpc-default-executor-3] INFO  client.GrpcClientProtocolClient (GrpcClientProtocolClient.java:onNext(264)) - client-C79DE3E06697->1d6da99a-ba9a-4d72-abd2-d0f1aa02f12f: receive RaftClientReply:client-C79DE3E06697->1d6da99a-ba9a-4d72-abd2-d0f1aa02f12f@group-B29EE812FB58, cid=4771, SUCCESS, logIndex=7239, commits[1d6da99a-ba9a-4d72-abd2-d0f1aa02f12f:c7239, 9dc27687-2024-46ae-8b6e-c9027bfa400e:c7237, 9c9c57da-14dc-454a-b374-789aa5e765a9:c7237]
2019-09-16 23:35:48,195 [grpc-default-executor-6] INFO  client.GrpcClientProtocolClient (GrpcClientProtocolClient.java:onNext(264)) - client-C79DE3E06697->1d6da99a-ba9a-4d72-abd2-d0f1aa02f12f: receive RaftClientReply:client-C79DE3E06697->1d6da99a-ba9a-4d72-abd2-d0f1aa02f12f@group-B29EE812FB58, cid=4772, SUCCESS, logIndex=7242, commits[1d6da99a-ba9a-4d72-abd2-d0f1aa02f12f:c7242, 9dc27687-2024-46ae-8b6e-c9027bfa400e:c7239, 9c9c57da-14dc-454a-b374-789aa5e765a9:c7239]
2019-09-16 23:35:48,195 [grpc-default-executor-6] INFO  client.GrpcClientProtocolClient (GrpcClientProtocolClient.java:onNext(264)) - client-C79DE3E06697->1d6da99a-ba9a-4d72-abd2-d0f1aa02f12f: receive RaftClientReply:client-C79DE3E06697->1d6da99a-ba9a-4d72-abd2-d0f1aa02f12f@group-B29EE812FB58, cid=4773, SUCCESS, logIndex=7243, commits[1d6da99a-ba9a-4d72-abd2-d0f1aa02f12f:c7243, 9dc27687-2024-46ae-8b6e-c9027bfa400e:c7239, 9c9c57da-14dc-454a-b374-789aa5e765a9:c7239]
2019-09-16 23:35:48,209 [grpc-default-executor-6] INFO  client.GrpcClientProtocolClient (GrpcClientProtocolClient.java:onNext(264)) - client-C79DE3E06697->1d6da99a-ba9a-4d72-abd2-d0f1aa02f12f: receive RaftClientReply:client-C79DE3E06697->1d6da99a-ba9a-4d72-abd2-d0f1aa02f12f@group-B29EE812FB58, cid=4774, SUCCESS, logIndex=0, commits[1d6da99a-ba9a-4d72-abd2-d0f1aa02f12f:c7245, 9dc27687-2024-46ae-8b6e-c9027bfa400e:c7243, 9c9c57da-14dc-454a-b374-789aa5e765a9:c7243]
2019-09-16 23:35:48,243 [grpc-default-executor-3] INFO  client.GrpcClientProtocolClient (GrpcClientProtocolClient.java:onNext(264)) - client-C79DE3E06697->1d6da99a-ba9a-4d72-abd2-d0f1aa02f12f: receive RaftClientReply:client-C79DE3E06697->1d6da99a-ba9a-4d72-abd2-d0f1aa02f12f@group-B29EE812FB58, cid=4775, SUCCESS, logIndex=7246, commits[1d6da99a-ba9a-4d72-abd2-d0f1aa02f12f:c7249, 9dc27687-2024-46ae-8b6e-c9027bfa400e:c7243, 9c9c57da-14dc-454a-b374-789aa5e765a9:c7245]
2019-09-16 23:35:48,243 [grpc-default-executor-3] INFO  client.GrpcClientProtocolClient (GrpcClientProtocolClient.java:onNext(264)) - client-C79DE3E06697->1d6da99a-ba9a-4d72-abd2-d0f1aa02f12f: receive RaftClientReply:client-C79DE3E06697->1d6da99a-ba9a-4d72-abd2-d0f1aa02f12f@group-B29EE812FB58, cid=4776, SUCCESS, logIndex=7247, commits[1d6da99a-ba9a-4d72-abd2-d0f1aa02f12f:c7249, 9dc27687-2024-46ae-8b6e-c9027bfa400e:c7245, 9c9c57da-14dc-454a-b374-789aa5e765a9:c7245]
2019-09-16 23:35:48,243 [grpc-default-executor-3] INFO  client.GrpcClientProtocolClient (GrpcClientProtocolClient.java:onNext(264)) - client-C79DE3E06697->1d6da99a-ba9a-4d72-abd2-d0f1aa02f12f: receive RaftClientReply:client-C79DE3E06697->1d6da99a-ba9a-4d72-abd2-d0f1aa02f12f@group-B29EE812FB58, cid=4777, SUCCESS, logIndex=7248, commits[1d6da99a-ba9a-4d72-abd2-d0f1aa02f12f:c7249, 9dc27687-2024-46ae-8b6e-c9027bfa400e:c7245, 9c9c57da-14dc-454a-b374-789aa5e765a9:c7245]
2019-09-16 23:35:48,244 [grpc-default-executor-3] INFO  client.GrpcClientProtocolClient (GrpcClientProtocolClient.java:onNext(264)) - client-C79DE3E06697->1d6da99a-ba9a-4d72-abd2-d0f1aa02f12f: receive RaftClientReply:client-C79DE3E06697->1d6da99a-ba9a-4d72-abd2-d0f1aa02f12f@group-B29EE812FB58, cid=4778, SUCCESS, logIndex=7249, commits[1d6da99a-ba9a-4d72-abd2-d0f1aa02f12f:c7249, 9dc27687-2024-46ae-8b6e-c9027bfa400e:c7245, 9c9c57da-14dc-454a-b374-789aa5e765a9:c7245]
2019-09-16 23:35:48,246 [grpc-default-executor-3] INFO  client.GrpcClientProtocolClient (GrpcClientProtocolClient.java:onNext(264)) - client-C79DE3E06697->1d6da99a-ba9a-4d72-abd2-d0f1aa02f12f: receive RaftClientReply:client-C79DE3E06697->1d6da99a-ba9a-4d72-abd2-d0f1aa02f12f@group-B29EE812FB58, cid=4779, SUCCESS, logIndex=0, commits[1d6da99a-ba9a-4d72-abd2-d0f1aa02f12f:c7250, 9dc27687-2024-46ae-8b6e-c9027bfa400e:c7247, 9c9c57da-14dc-454a-b374-789aa5e765a9:c7247]
2019-09-16 23:35:48,258 [grpc-default-executor-3] INFO  client.GrpcClientProtocolClient (GrpcClientProtocolClient.java:onNext(264)) - client-C79DE3E06697->1d6da99a-ba9a-4d72-abd2-d0f1aa02f12f: receive RaftClientReply:client-C79DE3E06697->1d6da99a-ba9a-4d72-abd2-d0f1aa02f12f@group-B29EE812FB58, cid=4780, SUCCESS, logIndex=7254, commits[1d6da99a-ba9a-4d72-abd2-d0f1aa02f12f:c7255, 9dc27687-2024-46ae-8b6e-c9027bfa400e:c7249, 9c9c57da-14dc-454a-b374-789aa5e765a9:c7252]
2019-09-16 23:35:48,258 [grpc-default-executor-3] INFO  client.GrpcClientProtocolClient (GrpcClientProtocolClient.java:onNext(264)) - client-C79DE3E06697->1d6da99a-ba9a-4d72-abd2-d0f1aa02f12f: receive RaftClientReply:client-C79DE3E06697->1d6da99a-ba9a-4d72-abd2-d0f1aa02f12f@group-B29EE812FB58, cid=4781, SUCCESS, logIndex=7255, commits[1d6da99a-ba9a-4d72-abd2-d0f1aa02f12f:c7255, 9dc27687-2024-46ae-8b6e-c9027bfa400e:c7249, 9c9c57da-14dc-454a-b374-789aa5e765a9:c7252]
2019-09-16 23:35:48,276 [grpc-default-executor-0] INFO  client.GrpcClientProtocolClient (GrpcClientProtocolClient.java:onNext(264)) - client-C79DE3E06697->1d6da99a-ba9a-4d72-abd2-d0f1aa02f12f: receive RaftClientReply:client-C79DE3E06697->1d6da99a-ba9a-4d72-abd2-d0f1aa02f12f@group-B29EE812FB58, cid=4782, SUCCESS, logIndex=7257, commits[1d6da99a-ba9a-4d72-abd2-d0f1aa02f12f:c7258, 9dc27687-2024-46ae-8b6e-c9027bfa400e:c7256, 9c9c57da-14dc-454a-b374-789aa5e765a9:c7256]
2019-09-16 23:35:48,276 [grpc-default-executor-0] INFO  client.GrpcClientProtocolClient (GrpcClientProtocolClient.java:onNext(264)) - client-C79DE3E06697->1d6da99a-ba9a-4d72-abd2-d0f1aa02f12f: receive RaftClientReply:client-C79DE3E06697->1d6da99a-ba9a-4d72-abd2-d0f1aa02f12f@group-B29EE812FB58, cid=4783, SUCCESS, logIndex=7258, commits[1d6da99a-ba9a-4d72-abd2-d0f1aa02f12f:c7258, 9dc27687-2024-46ae-8b6e-c9027bfa400e:c7256, 9c9c57da-14dc-454a-b374-789aa5e765a9:c7256]
2019-09-16 23:35:48,278 [grpc-default-executor-0] INFO  client.GrpcClientProtocolClient (GrpcClientProtocolClient.java:onNext(264)) - client-C79DE3E06697->1d6da99a-ba9a-4d72-abd2-d0f1aa02f12f: receive RaftClientReply:client-C79DE3E06697->1d6da99a-ba9a-4d72-abd2-d0f1aa02f12f@group-B29EE812FB58, cid=4784, SUCCESS, logIndex=0, commits[1d6da99a-ba9a-4d72-abd2-d0f1aa02f12f:c7260, 9dc27687-2024-46ae-8b6e-c9027bfa400e:c7258, 9c9c57da-14dc-454a-b374-789aa5e765a9:c7258]
2019-09-16 23:35:48,316 [grpc-default-executor-1] INFO  client.GrpcClientProtocolClient (GrpcClientProtocolClient.java:onNext(264)) - client-C79DE3E06697->1d6da99a-ba9a-4d72-abd2-d0f1aa02f12f: receive RaftClientReply:client-C79DE3E06697->1d6da99a-ba9a-4d72-abd2-d0f1aa02f12f@group-B29EE812FB58, cid=4785, SUCCESS, logIndex=7261, commits[1d6da99a-ba9a-4d72-abd2-d0f1aa02f12f:c7264, 9dc27687-2024-46ae-8b6e-c9027bfa400e:c7260, 9c9c57da-14dc-454a-b374-789aa5e765a9:c7260]
2019-09-16 23:35:48,317 [grpc-default-executor-1] INFO  client.GrpcClientProtocolClient (GrpcClientProtocolClient.java:onNext(264)) - client-C79DE3E06697->1d6da99a-ba9a-4d72-abd2-d0f1aa02f12f: receive RaftClientReply:client-C79DE3E06697->1d6da99a-ba9a-4d72-abd2-d0f1aa02f12f@group-B29EE812FB58, cid=4786, SUCCESS, logIndex=7262, commits[1d6da99a-ba9a-4d72-abd2-d0f1aa02f12f:c7264, 9dc27687-2024-46ae-8b6e-c9027bfa400e:c7260, 9c9c57da-14dc-454a-b374-789aa5e765a9:c7260]
2019-09-16 23:35:48,317 [grpc-default-executor-1] INFO  client.GrpcClientProtocolClient (GrpcClientProtocolClient.java:onNext(264)) - client-C79DE3E06697->1d6da99a-ba9a-4d72-abd2-d0f1aa02f12f: receive RaftClientReply:client-C79DE3E06697->1d6da99a-ba9a-4d72-abd2-d0f1aa02f12f@group-B29EE812FB58, cid=4787, SUCCESS, logIndex=7263, commits[1d6da99a-ba9a-4d72-abd2-d0f1aa02f12f:c7264, 9dc27687-2024-46ae-8b6e-c9027bfa400e:c7260, 9c9c57da-14dc-454a-b374-789aa5e765a9:c7260]
2019-09-16 23:35:48,317 [grpc-default-executor-1] INFO  client.GrpcClientProtocolClient (GrpcClientProtocolClient.java:onNext(264)) - client-C79DE3E06697->1d6da99a-ba9a-4d72-abd2-d0f1aa02f12f: receive RaftClientReply:client-C79DE3E06697->1d6da99a-ba9a-4d72-abd2-d0f1aa02f12f@group-B29EE812FB58, cid=4788, SUCCESS, logIndex=7264, commits[1d6da99a-ba9a-4d72-abd2-d0f1aa02f12f:c7264, 9dc27687-2024-46ae-8b6e-c9027bfa400e:c7260, 9c9c57da-14dc-454a-b374-789aa5e765a9:c7260]
2019-09-16 23:35:48,327 [grpc-default-executor-1] INFO  client.GrpcClientProtocolClient (GrpcClientProtocolClient.java:onNext(264)) - client-C79DE3E06697->1d6da99a-ba9a-4d72-abd2-d0f1aa02f12f: receive RaftClientReply:client-C79DE3E06697->1d6da99a-ba9a-4d72-abd2-d0f1aa02f12f@group-B29EE812FB58, cid=4789, SUCCESS, logIndex=0, commits[1d6da99a-ba9a-4d72-abd2-d0f1aa02f12f:c7265, 9dc27687-2024-46ae-8b6e-c9027bfa400e:c7264, 9c9c57da-14dc-454a-b374-789aa5e765a9:c7264]
2019-09-16 23:35:48,347 [grpc-default-executor-3] INFO  client.GrpcClientProtocolClient (GrpcClientProtocolClient.java:onNext(264)) - client-C79DE3E06697->1d6da99a-ba9a-4d72-abd2-d0f1aa02f12f: receive RaftClientReply:client-C79DE3E06697->1d6da99a-ba9a-4d72-abd2-d0f1aa02f12f@group-B29EE812FB58, cid=4790, SUCCESS, logIndex=7267, commits[1d6da99a-ba9a-4d72-abd2-d0f1aa02f12f:c7268, 9dc27687-2024-46ae-8b6e-c9027bfa400e:c7266, 9c9c57da-14dc-454a-b374-789aa5e765a9:c7266]
2019-09-16 23:35:48,347 [grpc-default-executor-3] INFO  client.GrpcClientProtocolClient (GrpcClientProtocolClient.java:onNext(264)) - client-C79DE3E06697->1d6da99a-ba9a-4d72-abd2-d0f1aa02f12f: receive RaftClientReply:client-C79DE3E06697->1d6da99a-ba9a-4d72-abd2-d0f1aa02f12f@group-B29EE812FB58, cid=4791, SUCCESS, logIndex=7268, commits[1d6da99a-ba9a-4d72-abd2-d0f1aa02f12f:c7268, 9dc27687-2024-46ae-8b6e-c9027bfa400e:c7266, 9c9c57da-14dc-454a-b374-789aa5e765a9:c7266]
2019-09-16 23:35:48,362 [grpc-default-executor-0] INFO  client.GrpcClientProtocolClient (GrpcClientProtocolClient.java:onNext(264)) - client-C79DE3E06697->1d6da99a-ba9a-4d72-abd2-d0f1aa02f12f: receive RaftClientReply:client-C79DE3E06697->1d6da99a-ba9a-4d72-abd2-d0f1aa02f12f@group-B29EE812FB58, cid=4792, SUCCESS, logIndex=7271, commits[1d6da99a-ba9a-4d72-abd2-d0f1aa02f12f:c7272, 9dc27687-2024-46ae-8b6e-c9027bfa400e:c7267, 9c9c57da-14dc-454a-b374-789aa5e765a9:c7268]
2019-09-16 23:35:48,362 [grpc-default-executor-0] INFO  client.GrpcClientProtocolClient (GrpcClientProtocolClient.java:onNext(264)) - client-C79DE3E06697->1d6da99a-ba9a-4d72-abd2-d0f1aa02f12f: receive RaftClientReply:client-C79DE3E06697->1d6da99a-ba9a-4d72-abd2-d0f1aa02f12f@group-B29EE812FB58, cid=4793, SUCCESS, logIndex=7272, commits[1d6da99a-ba9a-4d72-abd2-d0f1aa02f12f:c7272, 9dc27687-2024-46ae-8b6e-c9027bfa400e:c7268, 9c9c57da-14dc-454a-b374-789aa5e765a9:c7268]
2019-09-16 23:35:48,366 [grpc-default-executor-0] INFO  client.GrpcClientProtocolClient (GrpcClientProtocolClient.java:onNext(264)) - client-C79DE3E06697->1d6da99a-ba9a-4d72-abd2-d0f1aa02f12f: receive RaftClientReply:client-C79DE3E06697->1d6da99a-ba9a-4d72-abd2-d0f1aa02f12f@group-B29EE812FB58, cid=4794, SUCCESS, logIndex=0, commits[1d6da99a-ba9a-4d72-abd2-d0f1aa02f12f:c7274, 9dc27687-2024-46ae-8b6e-c9027bfa400e:c7272, 9c9c57da-14dc-454a-b374-789aa5e765a9:c7272]
2019-09-16 23:35:48,403 [grpc-default-executor-0] INFO  client.GrpcClientProtocolClient (GrpcClientProtocolClient.java:onNext(264)) - client-C79DE3E06697->1d6da99a-ba9a-4d72-abd2-d0f1aa02f12f: receive RaftClientReply:client-C79DE3E06697->1d6da99a-ba9a-4d72-abd2-d0f1aa02f12f@group-B29EE812FB58, cid=4795, SUCCESS, logIndex=7275, commits[1d6da99a-ba9a-4d72-abd2-d0f1aa02f12f:c7278, 9dc27687-2024-46ae-8b6e-c9027bfa400e:c7274, 9c9c57da-14dc-454a-b374-789aa5e765a9:c7274]
2019-09-16 23:35:48,403 [grpc-default-executor-0] INFO  client.GrpcClientProtocolClient (GrpcClientProtocolClient.java:onNext(264)) - client-C79DE3E06697->1d6da99a-ba9a-4d72-abd2-d0f1aa02f12f: receive RaftClientReply:client-C79DE3E06697->1d6da99a-ba9a-4d72-abd2-d0f1aa02f12f@group-B29EE812FB58, cid=4796, SUCCESS, logIndex=7276, commits[1d6da99a-ba9a-4d72-abd2-d0f1aa02f12f:c7278, 9dc27687-2024-46ae-8b6e-c9027bfa400e:c7274, 9c9c57da-14dc-454a-b374-789aa5e765a9:c7274]
2019-09-16 23:35:48,403 [grpc-default-executor-0] INFO  client.GrpcClientProtocolClient (GrpcClientProtocolClient.java:onNext(264)) - client-C79DE3E06697->1d6da99a-ba9a-4d72-abd2-d0f1aa02f12f: receive RaftClientReply:client-C79DE3E06697->1d6da99a-ba9a-4d72-abd2-d0f1aa02f12f@group-B29EE812FB58, cid=4797, SUCCESS, logIndex=7277, commits[1d6da99a-ba9a-4d72-abd2-d0f1aa02f12f:c7278, 9dc27687-2024-46ae-8b6e-c9027bfa400e:c7274, 9c9c57da-14dc-454a-b374-789aa5e765a9:c7274]
2019-09-16 23:35:48,404 [grpc-default-executor-0] INFO  client.GrpcClientProtocolClient (GrpcClientProtocolClient.java:onNext(264)) - client-C79DE3E06697->1d6da99a-ba9a-4d72-abd2-d0f1aa02f12f: receive RaftClientReply:client-C79DE3E06697->1d6da99a-ba9a-4d72-abd2-d0f1aa02f12f@group-B29EE812FB58, cid=4798, SUCCESS, logIndex=7278, commits[1d6da99a-ba9a-4d72-abd2-d0f1aa02f12f:c7278, 9dc27687-2024-46ae-8b6e-c9027bfa400e:c7274, 9c9c57da-14dc-454a-b374-789aa5e765a9:c7274]
2019-09-16 23:35:48,417 [grpc-default-executor-0] INFO  client.GrpcClientProtocolClient (GrpcClientProtocolClient.java:onNext(264)) - client-C79DE3E06697->1d6da99a-ba9a-4d72-abd2-d0f1aa02f12f: receive RaftClientReply:client-C79DE3E06697->1d6da99a-ba9a-4d72-abd2-d0f1aa02f12f@group-B29EE812FB58, cid=4799, SUCCESS, logIndex=0, commits[1d6da99a-ba9a-4d72-abd2-d0f1aa02f12f:c7280, 9dc27687-2024-46ae-8b6e-c9027bfa400e:c7278, 9c9c57da-14dc-454a-b374-789aa5e765a9:c7277]
2019-09-16 23:35:48,591 [grpc-default-executor-0] INFO  client.GrpcClientProtocolClient (GrpcClientProtocolClient.java:onNext(264)) - client-C79DE3E06697->1d6da99a-ba9a-4d72-abd2-d0f1aa02f12f: receive RaftClientReply:client-C79DE3E06697->1d6da99a-ba9a-4d72-abd2-d0f1aa02f12f@group-B29EE812FB58, cid=4800, SUCCESS, logIndex=7283, commits[1d6da99a-ba9a-4d72-abd2-d0f1aa02f12f:c7284, 9dc27687-2024-46ae-8b6e-c9027bfa400e:c7282, 9c9c57da-14dc-454a-b374-789aa5e765a9:c7282]
2019-09-16 23:35:48,591 [grpc-default-executor-0] INFO  client.GrpcClientProtocolClient (GrpcClientProtocolClient.java:onNext(264)) - client-C79DE3E06697->1d6da99a-ba9a-4d72-abd2-d0f1aa02f12f: receive RaftClientReply:client-C79DE3E06697->1d6da99a-ba9a-4d72-abd2-d0f1aa02f12f@group-B29EE812FB58, cid=4801, SUCCESS, logIndex=7284, commits[1d6da99a-ba9a-4d72-abd2-d0f1aa02f12f:c7284, 9dc27687-2024-46ae-8b6e-c9027bfa400e:c7282, 9c9c57da-14dc-454a-b374-789aa5e765a9:c7282]
 0.00% |█                                                                                                    |  0/1 Time: 0:01:06 0.00% |█                                                                                                    |  0/1 Time: 0:01:07 0.00% |█                                                                                                    |  0/1 Time: 0:01:082019-09-16 23:35:51,549 [grpc-default-executor-1] INFO  client.GrpcClientProtocolClient (GrpcClientProtocolClient.java:onNext(264)) - client-C79DE3E06697->1d6da99a-ba9a-4d72-abd2-d0f1aa02f12f: receive RaftClientReply:client-C79DE3E06697->1d6da99a-ba9a-4d72-abd2-d0f1aa02f12f@group-B29EE812FB58, cid=4802, SUCCESS, logIndex=7287, commits[1d6da99a-ba9a-4d72-abd2-d0f1aa02f12f:c7288, 9dc27687-2024-46ae-8b6e-c9027bfa400e:c7286, 9c9c57da-14dc-454a-b374-789aa5e765a9:c7285]
2019-09-16 23:35:51,550 [grpc-default-executor-1] INFO  client.GrpcClientProtocolClient (GrpcClientProtocolClient.java:onNext(264)) - client-C79DE3E06697->1d6da99a-ba9a-4d72-abd2-d0f1aa02f12f: receive RaftClientReply:client-C79DE3E06697->1d6da99a-ba9a-4d72-abd2-d0f1aa02f12f@group-B29EE812FB58, cid=4803, SUCCESS, logIndex=7288, commits[1d6da99a-ba9a-4d72-abd2-d0f1aa02f12f:c7288, 9dc27687-2024-46ae-8b6e-c9027bfa400e:c7286, 9c9c57da-14dc-454a-b374-789aa5e765a9:c7285]
 0.00% |█                                                                                                    |  0/1 Time: 0:01:09 0.00% |█                                                                                                    |  0/1 Time: 0:01:10 0.00% |█                                                                                                    |  0/1 Time: 0:01:112019-09-16 23:35:54,392 [grpc-default-executor-1] INFO  client.GrpcClientProtocolClient (GrpcClientProtocolClient.java:onNext(264)) - client-C79DE3E06697->1d6da99a-ba9a-4d72-abd2-d0f1aa02f12f: receive RaftClientReply:client-C79DE3E06697->1d6da99a-ba9a-4d72-abd2-d0f1aa02f12f@group-B29EE812FB58, cid=4804, SUCCESS, logIndex=0, commits[1d6da99a-ba9a-4d72-abd2-d0f1aa02f12f:c7290, 9dc27687-2024-46ae-8b6e-c9027bfa400e:c7288, 9c9c57da-14dc-454a-b374-789aa5e765a9:c7290]
2019-09-16 23:35:54,456 [grpc-default-executor-1] INFO  client.GrpcClientProtocolClient (GrpcClientProtocolClient.java:onNext(264)) - client-C79DE3E06697->1d6da99a-ba9a-4d72-abd2-d0f1aa02f12f: receive RaftClientReply:client-C79DE3E06697->1d6da99a-ba9a-4d72-abd2-d0f1aa02f12f@group-B29EE812FB58, cid=4805, SUCCESS, logIndex=7291, commits[1d6da99a-ba9a-4d72-abd2-d0f1aa02f12f:c7294, 9dc27687-2024-46ae-8b6e-c9027bfa400e:c7288, 9c9c57da-14dc-454a-b374-789aa5e765a9:c7290]
2019-09-16 23:35:54,457 [grpc-default-executor-1] INFO  client.GrpcClientProtocolClient (GrpcClientProtocolClient.java:onNext(264)) - client-C79DE3E06697->1d6da99a-ba9a-4d72-abd2-d0f1aa02f12f: receive RaftClientReply:client-C79DE3E06697->1d6da99a-ba9a-4d72-abd2-d0f1aa02f12f@group-B29EE812FB58, cid=4806, SUCCESS, logIndex=7292, commits[1d6da99a-ba9a-4d72-abd2-d0f1aa02f12f:c7294, 9dc27687-2024-46ae-8b6e-c9027bfa400e:c7288, 9c9c57da-14dc-454a-b374-789aa5e765a9:c7290]
2019-09-16 23:35:54,457 [grpc-default-executor-1] INFO  client.GrpcClientProtocolClient (GrpcClientProtocolClient.java:onNext(264)) - client-C79DE3E06697->1d6da99a-ba9a-4d72-abd2-d0f1aa02f12f: receive RaftClientReply:client-C79DE3E06697->1d6da99a-ba9a-4d72-abd2-d0f1aa02f12f@group-B29EE812FB58, cid=4807, SUCCESS, logIndex=7293, commits[1d6da99a-ba9a-4d72-abd2-d0f1aa02f12f:c7294, 9dc27687-2024-46ae-8b6e-c9027bfa400e:c7288, 9c9c57da-14dc-454a-b374-789aa5e765a9:c7290]
2019-09-16 23:35:54,458 [grpc-default-executor-1] INFO  client.GrpcClientProtocolClient (GrpcClientProtocolClient.java:onNext(264)) - client-C79DE3E06697->1d6da99a-ba9a-4d72-abd2-d0f1aa02f12f: receive RaftClientReply:client-C79DE3E06697->1d6da99a-ba9a-4d72-abd2-d0f1aa02f12f@group-B29EE812FB58, cid=4808, SUCCESS, logIndex=7294, commits[1d6da99a-ba9a-4d72-abd2-d0f1aa02f12f:c7294, 9dc27687-2024-46ae-8b6e-c9027bfa400e:c7288, 9c9c57da-14dc-454a-b374-789aa5e765a9:c7290]
2019-09-16 23:35:54,548 [java.util.concurrent.ThreadPoolExecutor$Worker@25e9e233[State = -1, empty queue]] WARN  server.GrpcLogAppender (GrpcLogAppender.java:timeoutAppendRequest(200)) - 1d6da99a-ba9a-4d72-abd2-d0f1aa02f12f@group-B29EE812FB58->9dc27687-2024-46ae-8b6e-c9027bfa400e-GrpcLogAppender: appendEntries Timeout, request=1d6da99a-ba9a-4d72-abd2-d0f1aa02f12f->9dc27687-2024-46ae-8b6e-c9027bfa400e#7303-t1, previous=(t:1, i:7289), leaderCommit=7288, initializing? false, entries: size=1, first=(t:1, i:7290), METADATAENTRY(c7288)
 0.00% |█                                                                                                    |  0/1 Time: 0:01:12 0.00% |█                                                                                                    |  0/1 Time: 0:01:13 0.00% |█                                                                                                    |  0/1 Time: 0:01:142019-09-16 23:35:57,049 [java.util.concurrent.ThreadPoolExecutor$Worker@25e9e233[State = -1, empty queue]] WARN  server.GrpcLogAppender (GrpcLogAppender.java:timeoutAppendRequest(200)) - 1d6da99a-ba9a-4d72-abd2-d0f1aa02f12f@group-B29EE812FB58->9dc27687-2024-46ae-8b6e-c9027bfa400e-GrpcLogAppender: appendEntries Timeout, request=1d6da99a-ba9a-4d72-abd2-d0f1aa02f12f->9dc27687-2024-46ae-8b6e-c9027bfa400e#7304-t1, previous=(t:1, i:7290), leaderCommit=7290, initializing? false, entries: <empty>
2019-09-16 23:35:57,438 [java.util.concurrent.ThreadPoolExecutor$Worker@25e9e233[State = -1, empty queue]] WARN  server.GrpcLogAppender (GrpcLogAppender.java:timeoutAppendRequest(200)) - 1d6da99a-ba9a-4d72-abd2-d0f1aa02f12f@group-B29EE812FB58->9dc27687-2024-46ae-8b6e-c9027bfa400e-GrpcLogAppender: appendEntries Timeout, request=1d6da99a-ba9a-4d72-abd2-d0f1aa02f12f->9dc27687-2024-46ae-8b6e-c9027bfa400e#7305-t1, previous=(t:1, i:7290), leaderCommit=7290, initializing? false, entries: size=1, first=(t:1, i:7291), STATEMACHINELOGENTRY, client-C79DE3E06697, cid=4805
2019-09-16 23:35:57,438 [java.util.concurrent.ThreadPoolExecutor$Worker@25e9e233[State = -1, empty queue]] WARN  server.GrpcLogAppender (GrpcLogAppender.java:timeoutAppendRequest(200)) - 1d6da99a-ba9a-4d72-abd2-d0f1aa02f12f@group-B29EE812FB58->9dc27687-2024-46ae-8b6e-c9027bfa400e-GrpcLogAppender: appendEntries Timeout, request=1d6da99a-ba9a-4d72-abd2-d0f1aa02f12f->9dc27687-2024-46ae-8b6e-c9027bfa400e#7306-t1, previous=(t:1, i:7291), leaderCommit=7290, initializing? false, entries: size=1, first=(t:1, i:7292), STATEMACHINELOGENTRY, client-C79DE3E06697, cid=4806
2019-09-16 23:35:57,440 [java.util.concurrent.ThreadPoolExecutor$Worker@25e9e233[State = -1, empty queue]] WARN  server.GrpcLogAppender (GrpcLogAppender.java:timeoutAppendRequest(200)) - 1d6da99a-ba9a-4d72-abd2-d0f1aa02f12f@group-B29EE812FB58->9dc27687-2024-46ae-8b6e-c9027bfa400e-GrpcLogAppender: appendEntries Timeout, request=1d6da99a-ba9a-4d72-abd2-d0f1aa02f12f->9dc27687-2024-46ae-8b6e-c9027bfa400e#7307-t1, previous=(t:1, i:7292), leaderCommit=7290, initializing? false, entries: size=1, first=(t:1, i:7293), STATEMACHINELOGENTRY, client-C79DE3E06697, cid=4807
2019-09-16 23:35:57,440 [java.util.concurrent.ThreadPoolExecutor$Worker@25e9e233[State = -1, empty queue]] WARN  server.GrpcLogAppender (GrpcLogAppender.java:timeoutAppendRequest(200)) - 1d6da99a-ba9a-4d72-abd2-d0f1aa02f12f@group-B29EE812FB58->9dc27687-2024-46ae-8b6e-c9027bfa400e-GrpcLogAppender: appendEntries Timeout, request=1d6da99a-ba9a-4d72-abd2-d0f1aa02f12f->9dc27687-2024-46ae-8b6e-c9027bfa400e#7308-t1, previous=(t:1, i:7293), leaderCommit=7290, initializing? false, entries: size=1, first=(t:1, i:7294), STATEMACHINELOGENTRY, client-C79DE3E06697, cid=4808
2019-09-16 23:35:57,455 [java.util.concurrent.ThreadPoolExecutor$Worker@25e9e233[State = -1, empty queue]] WARN  server.GrpcLogAppender (GrpcLogAppender.java:timeoutAppendRequest(200)) - 1d6da99a-ba9a-4d72-abd2-d0f1aa02f12f@group-B29EE812FB58->9dc27687-2024-46ae-8b6e-c9027bfa400e-GrpcLogAppender: appendEntries Timeout, request=1d6da99a-ba9a-4d72-abd2-d0f1aa02f12f->9dc27687-2024-46ae-8b6e-c9027bfa400e#7309-t1, previous=(t:1, i:7294), leaderCommit=7291, initializing? false, entries: size=1, first=(t:1, i:7295), METADATAENTRY(c7291)
2019-09-16 23:35:57,455 [java.util.concurrent.ThreadPoolExecutor$Worker@25e9e233[State = -1, empty queue]] WARN  server.GrpcLogAppender (GrpcLogAppender.java:timeoutAppendRequest(200)) - 1d6da99a-ba9a-4d72-abd2-d0f1aa02f12f@group-B29EE812FB58->9dc27687-2024-46ae-8b6e-c9027bfa400e-GrpcLogAppender: appendEntries Timeout, request=1d6da99a-ba9a-4d72-abd2-d0f1aa02f12f->9dc27687-2024-46ae-8b6e-c9027bfa400e#7310-t1, previous=(t:1, i:7295), leaderCommit=7294, initializing? false, entries: size=1, first=(t:1, i:7296), METADATAENTRY(c7293)
2019-09-16 23:35:57,455 [java.util.concurrent.ThreadPoolExecutor$Worker@25e9e233[State = -1, empty queue]] WARN  server.GrpcLogAppender (GrpcLogAppender.java:timeoutAppendRequest(200)) - 1d6da99a-ba9a-4d72-abd2-d0f1aa02f12f@group-B29EE812FB58->9dc27687-2024-46ae-8b6e-c9027bfa400e-GrpcLogAppender: appendEntries Timeout, request=1d6da99a-ba9a-4d72-abd2-d0f1aa02f12f->9dc27687-2024-46ae-8b6e-c9027bfa400e#7311-t1, previous=(t:1, i:7296), leaderCommit=7294, initializing? false, entries: size=1, first=(t:1, i:7297), METADATAENTRY(c7294)
 0.00% |█                                                                                                    |  0/1 Time: 0:01:15 0.00% |█                                                                                                    |  0/1 Time: 0:01:162019-09-16 23:35:59,463 [pool-277-thread-1] WARN  scm.XceiverClientRatis (XceiverClientRatis.java:watchForCommit(262)) - 3 way commit failed on pipeline Pipeline[ Id: 49ef0974-e139-4b9e-8aa7-b29ee812fb58, Nodes: 9c9c57da-14dc-454a-b374-789aa5e765a9{ip: 192.168.151.68, host: pr-hdds-2135-v26ff-2356241440, networkLocation: /default-rack, certSerialId: null}1d6da99a-ba9a-4d72-abd2-d0f1aa02f12f{ip: 192.168.151.68, host: pr-hdds-2135-v26ff-2356241440, networkLocation: /default-rack, certSerialId: null}9dc27687-2024-46ae-8b6e-c9027bfa400e{ip: 192.168.151.68, host: pr-hdds-2135-v26ff-2356241440, networkLocation: /default-rack, certSerialId: null}, Type:RATIS, Factor:THREE, State:OPEN]
java.util.concurrent.TimeoutException
	at java.util.concurrent.CompletableFuture.timedGet(CompletableFuture.java:1771)
	at java.util.concurrent.CompletableFuture.get(CompletableFuture.java:1915)
	at org.apache.hadoop.hdds.scm.XceiverClientRatis.watchForCommit(XceiverClientRatis.java:259)
	at org.apache.hadoop.hdds.scm.storage.CommitWatcher.watchForCommit(CommitWatcher.java:194)
	at org.apache.hadoop.hdds.scm.storage.CommitWatcher.watchOnFirstIndex(CommitWatcher.java:135)
	at org.apache.hadoop.hdds.scm.storage.BlockOutputStream.watchForCommit(BlockOutputStream.java:347)
	at org.apache.hadoop.hdds.scm.storage.BlockOutputStream.handleFullBuffer(BlockOutputStream.java:324)
	at org.apache.hadoop.hdds.scm.storage.BlockOutputStream.write(BlockOutputStream.java:251)
	at org.apache.hadoop.ozone.client.io.BlockOutputStreamEntry.write(BlockOutputStreamEntry.java:129)
	at org.apache.hadoop.ozone.client.io.KeyOutputStream.handleWrite(KeyOutputStream.java:211)
	at org.apache.hadoop.ozone.client.io.KeyOutputStream.write(KeyOutputStream.java:193)
	at org.apache.hadoop.ozone.client.io.OzoneOutputStream.write(OzoneOutputStream.java:49)
	at org.apache.hadoop.ozone.freon.RandomKeyGenerator.createKey(RandomKeyGenerator.java:708)
	at org.apache.hadoop.ozone.freon.RandomKeyGenerator.access$1100(RandomKeyGenerator.java:88)
	at org.apache.hadoop.ozone.freon.RandomKeyGenerator$ObjectCreator.run(RandomKeyGenerator.java:615)
	at java.util.concurrent.Executors$RunnableAdapter.call(Executors.java:511)
	at java.util.concurrent.FutureTask.run(FutureTask.java:266)
	at java.util.concurrent.ThreadPoolExecutor.runWorker(ThreadPoolExecutor.java:1149)
	at java.util.concurrent.ThreadPoolExecutor$Worker.run(ThreadPoolExecutor.java:624)
	at java.lang.Thread.run(Thread.java:748)
2019-09-16 23:35:59,476 [grpc-default-executor-1] INFO  client.GrpcClientProtocolClient (GrpcClientProtocolClient.java:onNext(264)) - client-C79DE3E06697->1d6da99a-ba9a-4d72-abd2-d0f1aa02f12f: receive RaftClientReply:client-C79DE3E06697->1d6da99a-ba9a-4d72-abd2-d0f1aa02f12f@group-B29EE812FB58, cid=4810, SUCCESS, logIndex=0, commits[1d6da99a-ba9a-4d72-abd2-d0f1aa02f12f:c7297, 9dc27687-2024-46ae-8b6e-c9027bfa400e:c7288, 9c9c57da-14dc-454a-b374-789aa5e765a9:c7297]
2019-09-16 23:35:59,483 [pool-277-thread-1] INFO  scm.XceiverClientRatis (XceiverClientRatis.java:lambda$watchForCommit$7(280)) - Could not commit index 7292 on pipeline Pipeline[ Id: 49ef0974-e139-4b9e-8aa7-b29ee812fb58, Nodes: 9c9c57da-14dc-454a-b374-789aa5e765a9{ip: 192.168.151.68, host: pr-hdds-2135-v26ff-2356241440, networkLocation: /default-rack, certSerialId: null}1d6da99a-ba9a-4d72-abd2-d0f1aa02f12f{ip: 192.168.151.68, host: pr-hdds-2135-v26ff-2356241440, networkLocation: /default-rack, certSerialId: null}9dc27687-2024-46ae-8b6e-c9027bfa400e{ip: 192.168.151.68, host: pr-hdds-2135-v26ff-2356241440, networkLocation: /default-rack, certSerialId: null}, Type:RATIS, Factor:THREE, State:OPEN] to all the nodes. Server 9dc27687-2024-46ae-8b6e-c9027bfa400e has failed. Committed by majority.
2019-09-16 23:35:59,485 [pool-277-thread-1] WARN  storage.BlockOutputStream (BlockOutputStream.java:watchForCommit(353)) - Failed to commit BlockId conID: 1 locID: 102804812883428152 bcsId: 7294 on Pipeline[ Id: 49ef0974-e139-4b9e-8aa7-b29ee812fb58, Nodes: 9c9c57da-14dc-454a-b374-789aa5e765a9{ip: 192.168.151.68, host: pr-hdds-2135-v26ff-2356241440, networkLocation: /default-rack, certSerialId: null}1d6da99a-ba9a-4d72-abd2-d0f1aa02f12f{ip: 192.168.151.68, host: pr-hdds-2135-v26ff-2356241440, networkLocation: /default-rack, certSerialId: null}9dc27687-2024-46ae-8b6e-c9027bfa400e{ip: 192.168.151.68, host: pr-hdds-2135-v26ff-2356241440, networkLocation: /default-rack, certSerialId: null}, Type:RATIS, Factor:THREE, State:OPEN]. Failed nodes: [9dc27687-2024-46ae-8b6e-c9027bfa400e{ip: null, host: null, networkLocation: /default-rack, certSerialId: null}]
2019-09-16 23:35:59,533 [grpc-default-executor-1] WARN  server.GrpcLogAppender (GrpcLogAppender.java:onNextImpl(251)) - 1d6da99a-ba9a-4d72-abd2-d0f1aa02f12f@group-B29EE812FB58->9dc27687-2024-46ae-8b6e-c9027bfa400e-AppendLogResponseHandler: Request not found, ignoring reply: 1d6da99a-ba9a-4d72-abd2-d0f1aa02f12f<-9dc27687-2024-46ae-8b6e-c9027bfa400e#7303:OK,SUCCESS,nextIndex:7291,term:1,followerCommit:7289
2019-09-16 23:35:59,537 [grpc-default-executor-1] WARN  server.GrpcLogAppender (GrpcLogAppender.java:onNextImpl(251)) - 1d6da99a-ba9a-4d72-abd2-d0f1aa02f12f@group-B29EE812FB58->9dc27687-2024-46ae-8b6e-c9027bfa400e-AppendLogResponseHandler: Request not found, ignoring reply: 1d6da99a-ba9a-4d72-abd2-d0f1aa02f12f<-9dc27687-2024-46ae-8b6e-c9027bfa400e#7304:OK,SUCCESS,nextIndex:7291,term:1,followerCommit:7288
2019-09-16 23:35:59,569 [grpc-default-executor-6] INFO  client.GrpcClientProtocolClient (GrpcClientProtocolClient.java:onNext(264)) - client-C79DE3E06697->1d6da99a-ba9a-4d72-abd2-d0f1aa02f12f: receive RaftClientReply:client-C79DE3E06697->1d6da99a-ba9a-4d72-abd2-d0f1aa02f12f@group-B29EE812FB58, cid=4811, SUCCESS, logIndex=7298, commits[1d6da99a-ba9a-4d72-abd2-d0f1aa02f12f:c7299, 9dc27687-2024-46ae-8b6e-c9027bfa400e:c7288, 9c9c57da-14dc-454a-b374-789aa5e765a9:c7297]
2019-09-16 23:35:59,571 [grpc-default-executor-6] INFO  client.GrpcClientProtocolClient (GrpcClientProtocolClient.java:onNext(264)) - client-C79DE3E06697->1d6da99a-ba9a-4d72-abd2-d0f1aa02f12f: receive RaftClientReply:client-C79DE3E06697->1d6da99a-ba9a-4d72-abd2-d0f1aa02f12f@group-B29EE812FB58, cid=4812, SUCCESS, logIndex=7299, commits[1d6da99a-ba9a-4d72-abd2-d0f1aa02f12f:c7299, 9dc27687-2024-46ae-8b6e-c9027bfa400e:c7288, 9c9c57da-14dc-454a-b374-789aa5e765a9:c7297]
2019-09-16 23:35:59,598 [grpc-default-executor-1] INFO  client.GrpcClientProtocolClient (GrpcClientProtocolClient.java:onNext(264)) - client-C79DE3E06697->1d6da99a-ba9a-4d72-abd2-d0f1aa02f12f: receive RaftClientReply:client-C79DE3E06697->1d6da99a-ba9a-4d72-abd2-d0f1aa02f12f@group-B29EE812FB58, cid=4813, SUCCESS, logIndex=7302, commits[1d6da99a-ba9a-4d72-abd2-d0f1aa02f12f:c7303, 9dc27687-2024-46ae-8b6e-c9027bfa400e:c7288, 9c9c57da-14dc-454a-b374-789aa5e765a9:c7301]
2019-09-16 23:35:59,599 [grpc-default-executor-1] INFO  client.GrpcClientProtocolClient (GrpcClientProtocolClient.java:onNext(264)) - client-C79DE3E06697->1d6da99a-ba9a-4d72-abd2-d0f1aa02f12f: receive RaftClientReply:client-C79DE3E06697->1d6da99a-ba9a-4d72-abd2-d0f1aa02f12f@group-B29EE812FB58, cid=4814, SUCCESS, logIndex=7303, commits[1d6da99a-ba9a-4d72-abd2-d0f1aa02f12f:c7303, 9dc27687-2024-46ae-8b6e-c9027bfa400e:c7288, 9c9c57da-14dc-454a-b374-789aa5e765a9:c7301]
2019-09-16 23:35:59,957 [java.util.concurrent.ThreadPoolExecutor$Worker@25e9e233[State = -1, empty queue]] WARN  server.GrpcLogAppender (GrpcLogAppender.java:timeoutAppendRequest(200)) - 1d6da99a-ba9a-4d72-abd2-d0f1aa02f12f@group-B29EE812FB58->9dc27687-2024-46ae-8b6e-c9027bfa400e-GrpcLogAppender: appendEntries Timeout, request=1d6da99a-ba9a-4d72-abd2-d0f1aa02f12f->9dc27687-2024-46ae-8b6e-c9027bfa400e#7312-t1, previous=(t:1, i:7297), leaderCommit=7297, initializing? false, entries: <empty>
 0.00% |█                                                                                                    |  0/1 Time: 0:01:17 0.00% |█                                                                                                    |  0/1 Time: 0:01:18 0.00% |█                                                                                                    |  0/1 Time: 0:01:192019-09-16 23:36:02,458 [java.util.concurrent.ThreadPoolExecutor$Worker@25e9e233[State = -1, empty queue]] WARN  server.GrpcLogAppender (GrpcLogAppender.java:timeoutAppendRequest(200)) - 1d6da99a-ba9a-4d72-abd2-d0f1aa02f12f@group-B29EE812FB58->9dc27687-2024-46ae-8b6e-c9027bfa400e-GrpcLogAppender: appendEntries Timeout, request=1d6da99a-ba9a-4d72-abd2-d0f1aa02f12f->9dc27687-2024-46ae-8b6e-c9027bfa400e#7313-t1, previous=(t:1, i:7297), leaderCommit=7297, initializing? false, entries: <empty>
2019-09-16 23:36:02,498 [java.util.concurrent.ThreadPoolExecutor$Worker@25e9e233[State = -1, empty queue]] WARN  server.GrpcLogAppender (GrpcLogAppender.java:timeoutAppendRequest(200)) - 1d6da99a-ba9a-4d72-abd2-d0f1aa02f12f@group-B29EE812FB58->9dc27687-2024-46ae-8b6e-c9027bfa400e-GrpcLogAppender: appendEntries Timeout, request=1d6da99a-ba9a-4d72-abd2-d0f1aa02f12f->9dc27687-2024-46ae-8b6e-c9027bfa400e#7314-t1, previous=(t:1, i:7297), leaderCommit=7297, initializing? false, entries: size=1, first=(t:1, i:7298), STATEMACHINELOGENTRY, client-C79DE3E06697, cid=4811
2019-09-16 23:36:02,499 [java.util.concurrent.ThreadPoolExecutor$Worker@25e9e233[State = -1, empty queue]] WARN  server.GrpcLogAppender (GrpcLogAppender.java:timeoutAppendRequest(200)) - 1d6da99a-ba9a-4d72-abd2-d0f1aa02f12f@group-B29EE812FB58->9dc27687-2024-46ae-8b6e-c9027bfa400e-GrpcLogAppender: appendEntries Timeout, request=1d6da99a-ba9a-4d72-abd2-d0f1aa02f12f->9dc27687-2024-46ae-8b6e-c9027bfa400e#7315-t1, previous=(t:1, i:7298), leaderCommit=7297, initializing? false, entries: size=1, first=(t:1, i:7299), STATEMACHINELOGENTRY, client-C79DE3E06697, cid=4812
2019-09-16 23:36:02,567 [java.util.concurrent.ThreadPoolExecutor$Worker@25e9e233[State = -1, empty queue]] WARN  server.GrpcLogAppender (GrpcLogAppender.java:timeoutAppendRequest(200)) - 1d6da99a-ba9a-4d72-abd2-d0f1aa02f12f@group-B29EE812FB58->9dc27687-2024-46ae-8b6e-c9027bfa400e-GrpcLogAppender: appendEntries Timeout, request=1d6da99a-ba9a-4d72-abd2-d0f1aa02f12f->9dc27687-2024-46ae-8b6e-c9027bfa400e#7316-t1, previous=(t:1, i:7299), leaderCommit=7299, initializing? false, entries: size=1, first=(t:1, i:7300), METADATAENTRY(c7298)
2019-09-16 23:36:02,567 [java.util.concurrent.ThreadPoolExecutor$Worker@25e9e233[State = -1, empty queue]] WARN  server.GrpcLogAppender (GrpcLogAppender.java:timeoutAppendRequest(200)) - 1d6da99a-ba9a-4d72-abd2-d0f1aa02f12f@group-B29EE812FB58->9dc27687-2024-46ae-8b6e-c9027bfa400e-GrpcLogAppender: appendEntries Timeout, request=1d6da99a-ba9a-4d72-abd2-d0f1aa02f12f->9dc27687-2024-46ae-8b6e-c9027bfa400e#7317-t1, previous=(t:1, i:7300), leaderCommit=7299, initializing? false, entries: size=1, first=(t:1, i:7301), METADATAENTRY(c7299)
2019-09-16 23:36:02,581 [java.util.concurrent.ThreadPoolExecutor$Worker@25e9e233[State = -1, empty queue]] WARN  server.GrpcLogAppender (GrpcLogAppender.java:timeoutAppendRequest(200)) - 1d6da99a-ba9a-4d72-abd2-d0f1aa02f12f@group-B29EE812FB58->9dc27687-2024-46ae-8b6e-c9027bfa400e-GrpcLogAppender: appendEntries Timeout, request=1d6da99a-ba9a-4d72-abd2-d0f1aa02f12f->9dc27687-2024-46ae-8b6e-c9027bfa400e#7318-t1, previous=(t:1, i:7301), leaderCommit=7301, initializing? false, entries: size=1, first=(t:1, i:7302), STATEMACHINELOGENTRY, client-C79DE3E06697, cid=4813
2019-09-16 23:36:02,581 [java.util.concurrent.ThreadPoolExecutor$Worker@25e9e233[State = -1, empty queue]] WARN  server.GrpcLogAppender (GrpcLogAppender.java:timeoutAppendRequest(200)) - 1d6da99a-ba9a-4d72-abd2-d0f1aa02f12f@group-B29EE812FB58->9dc27687-2024-46ae-8b6e-c9027bfa400e-GrpcLogAppender: appendEntries Timeout, request=1d6da99a-ba9a-4d72-abd2-d0f1aa02f12f->9dc27687-2024-46ae-8b6e-c9027bfa400e#7319-t1, previous=(t:1, i:7302), leaderCommit=7301, initializing? false, entries: size=1, first=(t:1, i:7303), STATEMACHINELOGENTRY, client-C79DE3E06697, cid=4814
2019-09-16 23:36:02,597 [java.util.concurrent.ThreadPoolExecutor$Worker@25e9e233[State = -1, empty queue]] WARN  server.GrpcLogAppender (GrpcLogAppender.java:timeoutAppendRequest(200)) - 1d6da99a-ba9a-4d72-abd2-d0f1aa02f12f@group-B29EE812FB58->9dc27687-2024-46ae-8b6e-c9027bfa400e-GrpcLogAppender: appendEntries Timeout, request=1d6da99a-ba9a-4d72-abd2-d0f1aa02f12f->9dc27687-2024-46ae-8b6e-c9027bfa400e#7320-t1, previous=(t:1, i:7303), leaderCommit=7303, initializing? false, entries: size=1, first=(t:1, i:7304), METADATAENTRY(c7302)
2019-09-16 23:36:02,597 [java.util.concurrent.ThreadPoolExecutor$Worker@25e9e233[State = -1, empty queue]] WARN  server.GrpcLogAppender (GrpcLogAppender.java:timeoutAppendRequest(200)) - 1d6da99a-ba9a-4d72-abd2-d0f1aa02f12f@group-B29EE812FB58->9dc27687-2024-46ae-8b6e-c9027bfa400e-GrpcLogAppender: appendEntries Timeout, request=1d6da99a-ba9a-4d72-abd2-d0f1aa02f12f->9dc27687-2024-46ae-8b6e-c9027bfa400e#7321-t1, previous=(t:1, i:7304), leaderCommit=7303, initializing? false, entries: size=1, first=(t:1, i:7305), METADATAENTRY(c7303)
 0.00% |█                                                                                                    |  0/1 Time: 0:01:202019-09-16 23:36:03,465 [grpc-default-executor-1] WARN  server.GrpcLogAppender (GrpcLogAppender.java:onNextImpl(251)) - 1d6da99a-ba9a-4d72-abd2-d0f1aa02f12f@group-B29EE812FB58->9dc27687-2024-46ae-8b6e-c9027bfa400e-AppendLogResponseHandler: Request not found, ignoring reply: 1d6da99a-ba9a-4d72-abd2-d0f1aa02f12f<-9dc27687-2024-46ae-8b6e-c9027bfa400e#7305:OK,SUCCESS,nextIndex:7292,term:1,followerCommit:7290
2019-09-16 23:36:03,470 [grpc-default-executor-1] WARN  server.GrpcLogAppender (GrpcLogAppender.java:onNextImpl(251)) - 1d6da99a-ba9a-4d72-abd2-d0f1aa02f12f@group-B29EE812FB58->9dc27687-2024-46ae-8b6e-c9027bfa400e-AppendLogResponseHandler: Request not found, ignoring reply: 1d6da99a-ba9a-4d72-abd2-d0f1aa02f12f<-9dc27687-2024-46ae-8b6e-c9027bfa400e#7306:OK,SUCCESS,nextIndex:7293,term:1,followerCommit:7290
2019-09-16 23:36:03,471 [grpc-default-executor-1] WARN  server.GrpcLogAppender (GrpcLogAppender.java:onNextImpl(251)) - 1d6da99a-ba9a-4d72-abd2-d0f1aa02f12f@group-B29EE812FB58->9dc27687-2024-46ae-8b6e-c9027bfa400e-AppendLogResponseHandler: Request not found, ignoring reply: 1d6da99a-ba9a-4d72-abd2-d0f1aa02f12f<-9dc27687-2024-46ae-8b6e-c9027bfa400e#7307:OK,SUCCESS,nextIndex:7294,term:1,followerCommit:7290
2019-09-16 23:36:03,471 [grpc-default-executor-1] WARN  server.GrpcLogAppender (GrpcLogAppender.java:onNextImpl(251)) - 1d6da99a-ba9a-4d72-abd2-d0f1aa02f12f@group-B29EE812FB58->9dc27687-2024-46ae-8b6e-c9027bfa400e-AppendLogResponseHandler: Request not found, ignoring reply: 1d6da99a-ba9a-4d72-abd2-d0f1aa02f12f<-9dc27687-2024-46ae-8b6e-c9027bfa400e#7308:OK,SUCCESS,nextIndex:7295,term:1,followerCommit:7290
2019-09-16 23:36:03,471 [grpc-default-executor-1] WARN  server.GrpcLogAppender (GrpcLogAppender.java:onNextImpl(251)) - 1d6da99a-ba9a-4d72-abd2-d0f1aa02f12f@group-B29EE812FB58->9dc27687-2024-46ae-8b6e-c9027bfa400e-AppendLogResponseHandler: Request not found, ignoring reply: 1d6da99a-ba9a-4d72-abd2-d0f1aa02f12f<-9dc27687-2024-46ae-8b6e-c9027bfa400e#7309:OK,SUCCESS,nextIndex:7296,term:1,followerCommit:7291
2019-09-16 23:36:03,471 [grpc-default-executor-1] WARN  server.GrpcLogAppender (GrpcLogAppender.java:onNextImpl(251)) - 1d6da99a-ba9a-4d72-abd2-d0f1aa02f12f@group-B29EE812FB58->9dc27687-2024-46ae-8b6e-c9027bfa400e-AppendLogResponseHandler: Request not found, ignoring reply: 1d6da99a-ba9a-4d72-abd2-d0f1aa02f12f<-9dc27687-2024-46ae-8b6e-c9027bfa400e#7310:OK,SUCCESS,nextIndex:7297,term:1,followerCommit:7294
2019-09-16 23:36:03,471 [grpc-default-executor-1] WARN  server.GrpcLogAppender (GrpcLogAppender.java:onNextImpl(251)) - 1d6da99a-ba9a-4d72-abd2-d0f1aa02f12f@group-B29EE812FB58->9dc27687-2024-46ae-8b6e-c9027bfa400e-AppendLogResponseHandler: Request not found, ignoring reply: 1d6da99a-ba9a-4d72-abd2-d0f1aa02f12f<-9dc27687-2024-46ae-8b6e-c9027bfa400e#7311:OK,SUCCESS,nextIndex:7298,term:1,followerCommit:7294
2019-09-16 23:36:03,472 [grpc-default-executor-1] WARN  server.GrpcLogAppender (GrpcLogAppender.java:onNextImpl(251)) - 1d6da99a-ba9a-4d72-abd2-d0f1aa02f12f@group-B29EE812FB58->9dc27687-2024-46ae-8b6e-c9027bfa400e-AppendLogResponseHandler: Request not found, ignoring reply: 1d6da99a-ba9a-4d72-abd2-d0f1aa02f12f<-9dc27687-2024-46ae-8b6e-c9027bfa400e#7312:OK,SUCCESS,nextIndex:7298,term:1,followerCommit:7289
2019-09-16 23:36:03,472 [grpc-default-executor-1] WARN  server.GrpcLogAppender (GrpcLogAppender.java:onNextImpl(251)) - 1d6da99a-ba9a-4d72-abd2-d0f1aa02f12f@group-B29EE812FB58->9dc27687-2024-46ae-8b6e-c9027bfa400e-AppendLogResponseHandler: Request not found, ignoring reply: 1d6da99a-ba9a-4d72-abd2-d0f1aa02f12f<-9dc27687-2024-46ae-8b6e-c9027bfa400e#7313:OK,SUCCESS,nextIndex:7298,term:1,followerCommit:7289
2019-09-16 23:36:03,472 [grpc-default-executor-1] WARN  server.GrpcLogAppender (GrpcLogAppender.java:onNextImpl(251)) - 1d6da99a-ba9a-4d72-abd2-d0f1aa02f12f@group-B29EE812FB58->9dc27687-2024-46ae-8b6e-c9027bfa400e-AppendLogResponseHandler: Request not found, ignoring reply: 1d6da99a-ba9a-4d72-abd2-d0f1aa02f12f<-9dc27687-2024-46ae-8b6e-c9027bfa400e#7314:OK,SUCCESS,nextIndex:7299,term:1,followerCommit:7297
2019-09-16 23:36:03,472 [grpc-default-executor-1] WARN  server.GrpcLogAppender (GrpcLogAppender.java:onNextImpl(251)) - 1d6da99a-ba9a-4d72-abd2-d0f1aa02f12f@group-B29EE812FB58->9dc27687-2024-46ae-8b6e-c9027bfa400e-AppendLogResponseHandler: Request not found, ignoring reply: 1d6da99a-ba9a-4d72-abd2-d0f1aa02f12f<-9dc27687-2024-46ae-8b6e-c9027bfa400e#7315:OK,SUCCESS,nextIndex:7300,term:1,followerCommit:7297
 0.00% |█                                                                                                    |  0/1 Time: 0:01:212019-09-16 23:36:04,600 [pool-277-thread-1] WARN  scm.XceiverClientRatis (XceiverClientRatis.java:watchForCommit(262)) - 3 way commit failed on pipeline Pipeline[ Id: 49ef0974-e139-4b9e-8aa7-b29ee812fb58, Nodes: 9c9c57da-14dc-454a-b374-789aa5e765a9{ip: 192.168.151.68, host: pr-hdds-2135-v26ff-2356241440, networkLocation: /default-rack, certSerialId: null}1d6da99a-ba9a-4d72-abd2-d0f1aa02f12f{ip: 192.168.151.68, host: pr-hdds-2135-v26ff-2356241440, networkLocation: /default-rack, certSerialId: null}9dc27687-2024-46ae-8b6e-c9027bfa400e{ip: 192.168.151.68, host: pr-hdds-2135-v26ff-2356241440, networkLocation: /default-rack, certSerialId: null}, Type:RATIS, Factor:THREE, State:OPEN]
java.util.concurrent.TimeoutException
	at java.util.concurrent.CompletableFuture.timedGet(CompletableFuture.java:1771)
	at java.util.concurrent.CompletableFuture.get(CompletableFuture.java:1915)
	at org.apache.hadoop.hdds.scm.XceiverClientRatis.watchForCommit(XceiverClientRatis.java:259)
	at org.apache.hadoop.hdds.scm.storage.CommitWatcher.watchForCommit(CommitWatcher.java:194)
	at org.apache.hadoop.hdds.scm.storage.CommitWatcher.watchOnLastIndex(CommitWatcher.java:157)
	at org.apache.hadoop.hdds.scm.storage.BlockOutputStream.watchForCommit(BlockOutputStream.java:347)
	at org.apache.hadoop.hdds.scm.storage.BlockOutputStream.handleFlush(BlockOutputStream.java:479)
	at org.apache.hadoop.hdds.scm.storage.BlockOutputStream.close(BlockOutputStream.java:493)
	at org.apache.hadoop.ozone.client.io.BlockOutputStreamEntry.close(BlockOutputStreamEntry.java:143)
	at org.apache.hadoop.ozone.client.io.KeyOutputStream.handleFlushOrClose(KeyOutputStream.java:438)
	at org.apache.hadoop.ozone.client.io.KeyOutputStream.handleWrite(KeyOutputStream.java:235)
	at org.apache.hadoop.ozone.client.io.KeyOutputStream.write(KeyOutputStream.java:193)
	at org.apache.hadoop.ozone.client.io.OzoneOutputStream.write(OzoneOutputStream.java:49)
	at org.apache.hadoop.ozone.freon.RandomKeyGenerator.createKey(RandomKeyGenerator.java:708)
	at org.apache.hadoop.ozone.freon.RandomKeyGenerator.access$1100(RandomKeyGenerator.java:88)
	at org.apache.hadoop.ozone.freon.RandomKeyGenerator$ObjectCreator.run(RandomKeyGenerator.java:615)
	at java.util.concurrent.Executors$RunnableAdapter.call(Executors.java:511)
	at java.util.concurrent.FutureTask.run(FutureTask.java:266)
	at java.util.concurrent.ThreadPoolExecutor.runWorker(ThreadPoolExecutor.java:1149)
	at java.util.concurrent.ThreadPoolExecutor$Worker.run(ThreadPoolExecutor.java:624)
	at java.lang.Thread.run(Thread.java:748)
2019-09-16 23:36:04,605 [grpc-default-executor-1] INFO  client.GrpcClientProtocolClient (GrpcClientProtocolClient.java:onNext(264)) - client-C79DE3E06697->1d6da99a-ba9a-4d72-abd2-d0f1aa02f12f: receive RaftClientReply:client-C79DE3E06697->1d6da99a-ba9a-4d72-abd2-d0f1aa02f12f@group-B29EE812FB58, cid=4816, SUCCESS, logIndex=0, commits[1d6da99a-ba9a-4d72-abd2-d0f1aa02f12f:c7305, 9dc27687-2024-46ae-8b6e-c9027bfa400e:c7288, 9c9c57da-14dc-454a-b374-789aa5e765a9:c7305]
2019-09-16 23:36:04,605 [pool-277-thread-1] INFO  scm.XceiverClientRatis (XceiverClientRatis.java:lambda$watchForCommit$7(280)) - Could not commit index 7303 on pipeline Pipeline[ Id: 49ef0974-e139-4b9e-8aa7-b29ee812fb58, Nodes: 9c9c57da-14dc-454a-b374-789aa5e765a9{ip: 192.168.151.68, host: pr-hdds-2135-v26ff-2356241440, networkLocation: /default-rack, certSerialId: null}1d6da99a-ba9a-4d72-abd2-d0f1aa02f12f{ip: 192.168.151.68, host: pr-hdds-2135-v26ff-2356241440, networkLocation: /default-rack, certSerialId: null}9dc27687-2024-46ae-8b6e-c9027bfa400e{ip: 192.168.151.68, host: pr-hdds-2135-v26ff-2356241440, networkLocation: /default-rack, certSerialId: null}, Type:RATIS, Factor:THREE, State:OPEN] to all the nodes. Server 9dc27687-2024-46ae-8b6e-c9027bfa400e has failed. Committed by majority.
2019-09-16 23:36:04,608 [pool-277-thread-1] WARN  storage.BlockOutputStream (BlockOutputStream.java:watchForCommit(353)) - Failed to commit BlockId conID: 1 locID: 102804812883428152 bcsId: 7303 on Pipeline[ Id: 49ef0974-e139-4b9e-8aa7-b29ee812fb58, Nodes: 9c9c57da-14dc-454a-b374-789aa5e765a9{ip: 192.168.151.68, host: pr-hdds-2135-v26ff-2356241440, networkLocation: /default-rack, certSerialId: null}1d6da99a-ba9a-4d72-abd2-d0f1aa02f12f{ip: 192.168.151.68, host: pr-hdds-2135-v26ff-2356241440, networkLocation: /default-rack, certSerialId: null}9dc27687-2024-46ae-8b6e-c9027bfa400e{ip: 192.168.151.68, host: pr-hdds-2135-v26ff-2356241440, networkLocation: /default-rack, certSerialId: null}, Type:RATIS, Factor:THREE, State:OPEN]. Failed nodes: [9dc27687-2024-46ae-8b6e-c9027bfa400e{ip: null, host: null, networkLocation: /default-rack, certSerialId: null}]
2019-09-16 23:36:04,610 [Thread-20797] INFO  client.GrpcClientProtocolService (GrpcClientProtocolService.java:lambda$processClientRequest$0(278)) - Failed RaftClientRequest:client-C79DE3E06697->1d6da99a-ba9a-4d72-abd2-d0f1aa02f12f@group-B29EE812FB58, cid=4809, seq=0, Watch-ALL_COMMITTED(7292), Message:<EMPTY>, reply=RaftClientReply:client-C79DE3E06697->1d6da99a-ba9a-4d72-abd2-d0f1aa02f12f@group-B29EE812FB58, cid=4809, FAILED org.apache.ratis.protocol.NotReplicatedException: Request with call Id 4809 and log index 7292 is not yet replicated to ALL_COMMITTED, logIndex=7292, commits[1d6da99a-ba9a-4d72-abd2-d0f1aa02f12f:c7305, 9dc27687-2024-46ae-8b6e-c9027bfa400e:c7288, 9c9c57da-14dc-454a-b374-789aa5e765a9:c7305]
2019-09-16 23:36:04,637 [grpc-default-executor-1] INFO  client.GrpcClientProtocolClient (GrpcClientProtocolClient.java:onNext(264)) - client-C79DE3E06697->1d6da99a-ba9a-4d72-abd2-d0f1aa02f12f: receive RaftClientReply:client-C79DE3E06697->1d6da99a-ba9a-4d72-abd2-d0f1aa02f12f@group-B29EE812FB58, cid=4809, FAILED org.apache.ratis.protocol.NotReplicatedException: Request with call Id 4809 and log index 7292 is not yet replicated to ALL_COMMITTED, logIndex=7292, commits[1d6da99a-ba9a-4d72-abd2-d0f1aa02f12f:c7305, 9dc27687-2024-46ae-8b6e-c9027bfa400e:c7288, 9c9c57da-14dc-454a-b374-789aa5e765a9:c7305]
2019-09-16 23:36:04,646 [IPC Server handler 14 on 41220] WARN  block.BlockManagerImpl (BlockManagerImpl.java:allocateBlock(192)) - Pipeline creation failed for type:RATIS factor:THREE. Retrying get pipelines call once.
org.apache.hadoop.hdds.scm.pipeline.InsufficientDatanodesException: Cannot create pipeline of factor 3 using 2 nodes.
	at org.apache.hadoop.hdds.scm.pipeline.RatisPipelineProvider.create(RatisPipelineProvider.java:152)
	at org.apache.hadoop.hdds.scm.pipeline.PipelineFactory.create(PipelineFactory.java:57)
	at org.apache.hadoop.hdds.scm.pipeline.SCMPipelineManager.createPipeline(SCMPipelineManager.java:151)
	at org.apache.hadoop.hdds.scm.block.BlockManagerImpl.allocateBlock(BlockManagerImpl.java:190)
	at org.apache.hadoop.hdds.scm.server.SCMBlockProtocolServer.allocateBlock(SCMBlockProtocolServer.java:182)
	at org.apache.hadoop.ozone.protocolPB.ScmBlockLocationProtocolServerSideTranslatorPB.allocateScmBlock(ScmBlockLocationProtocolServerSideTranslatorPB.java:183)
	at org.apache.hadoop.ozone.protocolPB.ScmBlockLocationProtocolServerSideTranslatorPB.processMessage(ScmBlockLocationProtocolServerSideTranslatorPB.java:141)
	at org.apache.hadoop.ozone.protocolPB.ScmBlockLocationProtocolServerSideTranslatorPB.send(ScmBlockLocationProtocolServerSideTranslatorPB.java:116)
	at org.apache.hadoop.hdds.protocol.proto.ScmBlockLocationProtocolProtos$ScmBlockLocationProtocolService$2.callBlockingMethod(ScmBlockLocationProtocolProtos.java:13157)
	at org.apache.hadoop.ipc.ProtobufRpcEngine$Server$ProtoBufRpcInvoker.call(ProtobufRpcEngine.java:524)
	at org.apache.hadoop.ipc.RPC$Server.call(RPC.java:1025)
	at org.apache.hadoop.ipc.Server$RpcCall.run(Server.java:876)
	at org.apache.hadoop.ipc.Server$RpcCall.run(Server.java:822)
	at java.security.AccessController.doPrivileged(Native Method)
	at javax.security.auth.Subject.doAs(Subject.java:422)
	at org.apache.hadoop.security.UserGroupInformation.doAs(UserGroupInformation.java:1730)
	at org.apache.hadoop.ipc.Server$Handler.run(Server.java:2682)
2019-09-16 23:36:04,652 [IPC Server handler 14 on 41220] INFO  block.BlockManagerImpl (BlockManagerImpl.java:allocateBlock(198)) - Could not find available pipeline of type:RATIS and factor:THREE even after retrying
2019-09-16 23:36:04,653 [IPC Server handler 14 on 41220] ERROR block.BlockManagerImpl (BlockManagerImpl.java:allocateBlock(222)) - Unable to allocate a block for the size: 4194304, type: RATIS, factor: THREE
2019-09-16 23:36:04,658 [pool-277-thread-1] ERROR io.BlockOutputStreamEntryPool (BlockOutputStreamEntryPool.java:allocateBlockIfNeeded(299)) - Try to allocate more blocks for write failed, already allocated 0 blocks for this write.
INTERNAL_ERROR org.apache.hadoop.ozone.om.exceptions.OMException: Allocated 0 blocks. Requested 1 blocks
	at org.apache.hadoop.ozone.om.protocolPB.OzoneManagerProtocolClientSideTranslatorPB.handleError(OzoneManagerProtocolClientSideTranslatorPB.java:726)
	at org.apache.hadoop.ozone.om.protocolPB.OzoneManagerProtocolClientSideTranslatorPB.allocateBlock(OzoneManagerProtocolClientSideTranslatorPB.java:758)
	at sun.reflect.GeneratedMethodAccessor475.invoke(Unknown Source)
	at sun.reflect.DelegatingMethodAccessorImpl.invoke(DelegatingMethodAccessorImpl.java:43)
	at java.lang.reflect.Method.invoke(Method.java:498)
	at org.apache.hadoop.hdds.tracing.TraceAllMethod.invoke(TraceAllMethod.java:66)
	at com.sun.proxy.$Proxy37.allocateBlock(Unknown Source)
	at org.apache.hadoop.ozone.client.io.BlockOutputStreamEntryPool.allocateNewBlock(BlockOutputStreamEntryPool.java:248)
	at org.apache.hadoop.ozone.client.io.BlockOutputStreamEntryPool.allocateBlockIfNeeded(BlockOutputStreamEntryPool.java:296)
	at org.apache.hadoop.ozone.client.io.KeyOutputStream.handleWrite(KeyOutputStream.java:201)
	at org.apache.hadoop.ozone.client.io.KeyOutputStream.write(KeyOutputStream.java:193)
	at org.apache.hadoop.ozone.client.io.OzoneOutputStream.write(OzoneOutputStream.java:49)
	at org.apache.hadoop.ozone.freon.RandomKeyGenerator.createKey(RandomKeyGenerator.java:708)
	at org.apache.hadoop.ozone.freon.RandomKeyGenerator.access$1100(RandomKeyGenerator.java:88)
	at org.apache.hadoop.ozone.freon.RandomKeyGenerator$ObjectCreator.run(RandomKeyGenerator.java:615)
	at java.util.concurrent.Executors$RunnableAdapter.call(Executors.java:511)
	at java.util.concurrent.FutureTask.run(FutureTask.java:266)
	at java.util.concurrent.ThreadPoolExecutor.runWorker(ThreadPoolExecutor.java:1149)
	at java.util.concurrent.ThreadPoolExecutor$Worker.run(ThreadPoolExecutor.java:624)
	at java.lang.Thread.run(Thread.java:748)
2019-09-16 23:36:04,660 [pool-277-thread-1] ERROR freon.RandomKeyGenerator (RandomKeyGenerator.java:createKey(733)) - Exception while adding key: key-0-99981 in bucket: bucket-0-25469 of volume: vol-0-98246.
INTERNAL_ERROR org.apache.hadoop.ozone.om.exceptions.OMException: Allocated 0 blocks. Requested 1 blocks
	at org.apache.hadoop.ozone.om.protocolPB.OzoneManagerProtocolClientSideTranslatorPB.handleError(OzoneManagerProtocolClientSideTranslatorPB.java:726)
	at org.apache.hadoop.ozone.om.protocolPB.OzoneManagerProtocolClientSideTranslatorPB.allocateBlock(OzoneManagerProtocolClientSideTranslatorPB.java:758)
	at sun.reflect.GeneratedMethodAccessor475.invoke(Unknown Source)
	at sun.reflect.DelegatingMethodAccessorImpl.invoke(DelegatingMethodAccessorImpl.java:43)
	at java.lang.reflect.Method.invoke(Method.java:498)
	at org.apache.hadoop.hdds.tracing.TraceAllMethod.invoke(TraceAllMethod.java:66)
	at com.sun.proxy.$Proxy37.allocateBlock(Unknown Source)
	at org.apache.hadoop.ozone.client.io.BlockOutputStreamEntryPool.allocateNewBlock(BlockOutputStreamEntryPool.java:248)
	at org.apache.hadoop.ozone.client.io.BlockOutputStreamEntryPool.allocateBlockIfNeeded(BlockOutputStreamEntryPool.java:296)
	at org.apache.hadoop.ozone.client.io.KeyOutputStream.handleWrite(KeyOutputStream.java:201)
	at org.apache.hadoop.ozone.client.io.KeyOutputStream.write(KeyOutputStream.java:193)
	at org.apache.hadoop.ozone.client.io.OzoneOutputStream.write(OzoneOutputStream.java:49)
	at org.apache.hadoop.ozone.freon.RandomKeyGenerator.createKey(RandomKeyGenerator.java:708)
	at org.apache.hadoop.ozone.freon.RandomKeyGenerator.access$1100(RandomKeyGenerator.java:88)
	at org.apache.hadoop.ozone.freon.RandomKeyGenerator$ObjectCreator.run(RandomKeyGenerator.java:615)
	at java.util.concurrent.Executors$RunnableAdapter.call(Executors.java:511)
	at java.util.concurrent.FutureTask.run(FutureTask.java:266)
	at java.util.concurrent.ThreadPoolExecutor.runWorker(ThreadPoolExecutor.java:1149)
	at java.util.concurrent.ThreadPoolExecutor$Worker.run(ThreadPoolExecutor.java:624)
	at java.lang.Thread.run(Thread.java:748)
 0.00% |█                                                                                                    |  0/1 Time: 0:01:222019-09-16 23:36:05,098 [java.util.concurrent.ThreadPoolExecutor$Worker@25e9e233[State = -1, empty queue]] WARN  server.GrpcLogAppender (GrpcLogAppender.java:timeoutAppendRequest(200)) - 1d6da99a-ba9a-4d72-abd2-d0f1aa02f12f@group-B29EE812FB58->9dc27687-2024-46ae-8b6e-c9027bfa400e-GrpcLogAppender: appendEntries Timeout, request=1d6da99a-ba9a-4d72-abd2-d0f1aa02f12f->9dc27687-2024-46ae-8b6e-c9027bfa400e#7322-t1, previous=(t:1, i:7305), leaderCommit=7305, initializing? false, entries: <empty>
 0.00% |█                                                                                                    |  0/1 Time: 0:01:23 0.00% |█                                                                                                    |  0/1 Time: 0:01:24 100.00% |█████████████████████████████████████████████████████████████████████████████████████████████████████|  1/1 Time: 0:01:25
]]></system-out>
  </testcase>
  <testcase name="fileWithSizeZero" classname="org.apache.hadoop.ozone.freon.TestRandomKeyGenerator" time="4.769"/>
  <testcase name="multiThread" classname="org.apache.hadoop.ozone.freon.TestRandomKeyGenerator" time="5.034"/>
</testsuite>