<?xml version="1.0" encoding="UTF-8"?>
<testsuite xmlns:xsi="http://www.w3.org/2001/XMLSchema-instance" xsi:noNamespaceSchemaLocation="https://maven.apache.org/surefire/maven-surefire-plugin/xsd/surefire-test-report.xsd" name="org.apache.hadoop.ozone.client.rpc.TestContainerReplication" time="32.097" tests="1" errors="1" skipped="0" failures="0">
  <properties>
    <property name="awt.toolkit" value="sun.awt.X11.XToolkit"/>
    <property name="file.encoding.pkg" value="sun.io"/>
    <property name="java.specification.version" value="1.8"/>
    <property name="sun.cpu.isalist" value=""/>
    <property name="sun.jnu.encoding" value="UTF-8"/>
    <property name="java.class.path" value="/workdir/hadoop-ozone/integration-test/target/test-classes:/workdir/hadoop-ozone/integration-test/target/classes:/home/user/.m2/repository/org/apache/hadoop/hadoop-ozone-common/0.5.0-SNAPSHOT/hadoop-ozone-common-0.5.0-SNAPSHOT.jar:/home/user/.m2/repository/org/apache/commons/commons-compress/1.4.1/commons-compress-1.4.1.jar:/home/user/.m2/repository/org/tukaani/xz/1.0/xz-1.0.jar:/home/user/.m2/repository/org/apache/hadoop/hadoop-common/3.2.0/hadoop-common-3.2.0.jar:/home/user/.m2/repository/org/apache/hadoop/hadoop-hdfs/3.2.0/hadoop-hdfs-3.2.0.jar:/home/user/.m2/repository/org/apache/hadoop/hadoop-hdfs-client/3.2.0/hadoop-hdfs-client-3.2.0.jar:/home/user/.m2/repository/com/fasterxml/jackson/core/jackson-annotations/2.9.5/jackson-annotations-2.9.5.jar:/home/user/.m2/repository/org/apache/hadoop/hadoop-hdds-common/0.5.0-SNAPSHOT/hadoop-hdds-common-0.5.0-SNAPSHOT.jar:/home/user/.m2/repository/javax/annotation/javax.annotation-api/1.2/javax.annotation-api-1.2.jar:/home/user/.m2/repository/org/apache/ratis/ratis-server/0.4.0-2337318-SNAPSHOT/ratis-server-0.4.0-2337318-SNAPSHOT.jar:/home/user/.m2/repository/org/apache/ratis/ratis-thirdparty-misc/0.2.0/ratis-thirdparty-misc-0.2.0.jar:/home/user/.m2/repository/org/apache/ratis/ratis-proto/0.4.0-2337318-SNAPSHOT/ratis-proto-0.4.0-2337318-SNAPSHOT.jar:/home/user/.m2/repository/org/apache/ratis/ratis-common/0.4.0-2337318-SNAPSHOT/ratis-common-0.4.0-2337318-SNAPSHOT.jar:/home/user/.m2/repository/org/apache/ratis/ratis-client/0.4.0-2337318-SNAPSHOT/ratis-client-0.4.0-2337318-SNAPSHOT.jar:/home/user/.m2/repository/org/apache/ratis/ratis-metrics/0.4.0-2337318-SNAPSHOT/ratis-metrics-0.4.0-2337318-SNAPSHOT.jar:/home/user/.m2/repository/org/apache/ratis/ratis-netty/0.4.0-2337318-SNAPSHOT/ratis-netty-0.4.0-2337318-SNAPSHOT.jar:/home/user/.m2/repository/org/apache/ratis/ratis-grpc/0.4.0-2337318-SNAPSHOT/ratis-grpc-0.4.0-2337318-SNAPSHOT.jar:/home/user/.m2/repository/org/rocksdb/rocksdbjni/6.0.1/rocksdbjni-6.0.1.jar:/home/user/.m2/repository/org/apache/logging/log4j/log4j-api/2.11.0/log4j-api-2.11.0.jar:/home/user/.m2/repository/org/apache/logging/log4j/log4j-core/2.11.0/log4j-core-2.11.0.jar:/home/user/.m2/repository/com/lmax/disruptor/3.4.2/disruptor-3.4.2.jar:/home/user/.m2/repository/org/apache/commons/commons-pool2/2.6.0/commons-pool2-2.6.0.jar:/home/user/.m2/repository/org/bouncycastle/bcpkix-jdk15on/1.60/bcpkix-jdk15on-1.60.jar:/home/user/.m2/repository/commons-validator/commons-validator/1.6/commons-validator-1.6.jar:/home/user/.m2/repository/commons-digester/commons-digester/1.8.1/commons-digester-1.8.1.jar:/home/user/.m2/repository/io/jaegertracing/jaeger-client/0.33.1/jaeger-client-0.33.1.jar:/home/user/.m2/repository/io/jaegertracing/jaeger-thrift/0.33.1/jaeger-thrift-0.33.1.jar:/home/user/.m2/repository/org/apache/thrift/libthrift/0.11.0/libthrift-0.11.0.jar:/home/user/.m2/repository/com/squareup/okhttp3/okhttp/3.9.0/okhttp-3.9.0.jar:/home/user/.m2/repository/com/squareup/okio/okio/1.13.0/okio-1.13.0.jar:/home/user/.m2/repository/io/jaegertracing/jaeger-core/0.33.1/jaeger-core-0.33.1.jar:/home/user/.m2/repository/io/jaegertracing/jaeger-tracerresolver/0.33.1/jaeger-tracerresolver-0.33.1.jar:/home/user/.m2/repository/io/opentracing/contrib/opentracing-tracerresolver/0.1.5/opentracing-tracerresolver-0.1.5.jar:/home/user/.m2/repository/io/opentracing/opentracing-util/0.31.0/opentracing-util-0.31.0.jar:/home/user/.m2/repository/io/opentracing/opentracing-api/0.31.0/opentracing-api-0.31.0.jar:/home/user/.m2/repository/io/opentracing/opentracing-noop/0.31.0/opentracing-noop-0.31.0.jar:/home/user/.m2/repository/org/apache/hadoop/hadoop-hdds-server-framework/0.5.0-SNAPSHOT/hadoop-hdds-server-framework-0.5.0-SNAPSHOT.jar:/home/user/.m2/repository/org/apache/hadoop/hadoop-hdds-container-service/0.5.0-SNAPSHOT/hadoop-hdds-container-service-0.5.0-SNAPSHOT.jar:/home/user/.m2/repository/org/apache/hadoop/hadoop-hdds-client/0.5.0-SNAPSHOT/hadoop-hdds-client-0.5.0-SNAPSHOT.jar:/home/user/.m2/repository/org/apache/hadoop/hadoop-hdds-tools/0.5.0-SNAPSHOT/hadoop-hdds-tools-0.5.0-SNAPSHOT.jar:/home/user/.m2/repository/org/apache/hadoop/hadoop-hdds-server-scm/0.5.0-SNAPSHOT/hadoop-hdds-server-scm-0.5.0-SNAPSHOT.jar:/home/user/.m2/repository/org/apache/hadoop/hadoop-hdds-docs/0.5.0-SNAPSHOT/hadoop-hdds-docs-0.5.0-SNAPSHOT.jar:/home/user/.m2/repository/io/dropwizard/metrics/metrics-core/3.2.4/metrics-core-3.2.4.jar:/home/user/.m2/repository/org/hamcrest/hamcrest-all/1.3/hamcrest-all-1.3.jar:/home/user/.m2/repository/org/bouncycastle/bcprov-jdk15on/1.60/bcprov-jdk15on-1.60.jar:/home/user/.m2/repository/info/picocli/picocli/3.9.6/picocli-3.9.6.jar:/home/user/.m2/repository/com/google/protobuf/protobuf-java/2.5.0/protobuf-java-2.5.0.jar:/home/user/.m2/repository/com/google/guava/guava/11.0.2/guava-11.0.2.jar:/home/user/.m2/repository/org/apache/hadoop/hadoop-ozone-ozone-manager/0.5.0-SNAPSHOT/hadoop-ozone-ozone-manager-0.5.0-SNAPSHOT.jar:/home/user/.m2/repository/org/apache/hadoop/hadoop-minikdc/3.2.0/hadoop-minikdc-3.2.0.jar:/home/user/.m2/repository/commons-io/commons-io/2.5/commons-io-2.5.jar:/home/user/.m2/repository/org/apache/kerby/kerb-simplekdc/1.0.1/kerb-simplekdc-1.0.1.jar:/home/user/.m2/repository/org/apache/kerby/kerb-client/1.0.1/kerb-client-1.0.1.jar:/home/user/.m2/repository/org/apache/kerby/kerby-config/1.0.1/kerby-config-1.0.1.jar:/home/user/.m2/repository/org/apache/kerby/kerb-core/1.0.1/kerb-core-1.0.1.jar:/home/user/.m2/repository/org/apache/kerby/kerby-pkix/1.0.1/kerby-pkix-1.0.1.jar:/home/user/.m2/repository/org/apache/kerby/kerby-asn1/1.0.1/kerby-asn1-1.0.1.jar:/home/user/.m2/repository/org/apache/kerby/kerby-util/1.0.1/kerby-util-1.0.1.jar:/home/user/.m2/repository/org/apache/kerby/kerb-common/1.0.1/kerb-common-1.0.1.jar:/home/user/.m2/repository/org/apache/kerby/kerb-crypto/1.0.1/kerb-crypto-1.0.1.jar:/home/user/.m2/repository/org/apache/kerby/kerb-util/1.0.1/kerb-util-1.0.1.jar:/home/user/.m2/repository/org/apache/kerby/token-provider/1.0.1/token-provider-1.0.1.jar:/home/user/.m2/repository/org/apache/kerby/kerb-admin/1.0.1/kerb-admin-1.0.1.jar:/home/user/.m2/repository/org/apache/kerby/kerb-server/1.0.1/kerb-server-1.0.1.jar:/home/user/.m2/repository/org/apache/kerby/kerb-identity/1.0.1/kerb-identity-1.0.1.jar:/home/user/.m2/repository/org/apache/kerby/kerby-xdr/1.0.1/kerby-xdr-1.0.1.jar:/home/user/.m2/repository/org/slf4j/slf4j-log4j12/1.7.25/slf4j-log4j12-1.7.25.jar:/home/user/.m2/repository/org/apache/hadoop/hadoop-ozone-s3gateway/0.5.0-SNAPSHOT/hadoop-ozone-s3gateway-0.5.0-SNAPSHOT.jar:/home/user/.m2/repository/org/jboss/weld/servlet/weld-servlet/2.4.7.Final/weld-servlet-2.4.7.Final.jar:/home/user/.m2/repository/org/glassfish/jersey/containers/jersey-container-servlet-core/2.27/jersey-container-servlet-core-2.27.jar:/home/user/.m2/repository/org/glassfish/hk2/external/javax.inject/2.5.0-b42/javax.inject-2.5.0-b42.jar:/home/user/.m2/repository/org/glassfish/jersey/core/jersey-common/2.27/jersey-common-2.27.jar:/home/user/.m2/repository/org/glassfish/hk2/osgi-resource-locator/1.0.1/osgi-resource-locator-1.0.1.jar:/home/user/.m2/repository/javax/ws/rs/javax.ws.rs-api/2.1/javax.ws.rs-api-2.1.jar:/home/user/.m2/repository/org/glassfish/jersey/ext/cdi/jersey-cdi1x/2.27/jersey-cdi1x-2.27.jar:/home/user/.m2/repository/org/glassfish/jersey/inject/jersey-hk2/2.27/jersey-hk2-2.27.jar:/home/user/.m2/repository/org/glassfish/hk2/hk2-locator/2.5.0-b42/hk2-locator-2.5.0-b42.jar:/home/user/.m2/repository/org/javassist/javassist/3.22.0-CR2/javassist-3.22.0-CR2.jar:/home/user/.m2/repository/org/glassfish/hk2/hk2-api/2.5.0/hk2-api-2.5.0.jar:/home/user/.m2/repository/org/glassfish/hk2/external/jakarta.inject/2.5.0/jakarta.inject-2.5.0.jar:/home/user/.m2/repository/org/glassfish/hk2/hk2-utils/2.5.0/hk2-utils-2.5.0.jar:/home/user/.m2/repository/jakarta/annotation/jakarta.annotation-api/1.3.4/jakarta.annotation-api-1.3.4.jar:/home/user/.m2/repository/org/glassfish/hk2/external/aopalliance-repackaged/2.5.0/aopalliance-repackaged-2.5.0.jar:/home/user/.m2/repository/com/fasterxml/jackson/dataformat/jackson-dataformat-xml/2.9.0/jackson-dataformat-xml-2.9.0.jar:/home/user/.m2/repository/com/fasterxml/jackson/core/jackson-core/2.9.5/jackson-core-2.9.5.jar:/home/user/.m2/repository/com/fasterxml/jackson/module/jackson-module-jaxb-annotations/2.9.5/jackson-module-jaxb-annotations-2.9.5.jar:/home/user/.m2/repository/javax/enterprise/cdi-api/1.2/cdi-api-1.2.jar:/home/user/.m2/repository/javax/el/javax.el-api/3.0.0/javax.el-api-3.0.0.jar:/home/user/.m2/repository/javax/interceptor/javax.interceptor-api/1.2/javax.interceptor-api-1.2.jar:/home/user/.m2/repository/javax/inject/javax.inject/1/javax.inject-1.jar:/home/user/.m2/repository/com/sun/xml/bind/jaxb-impl/2.3.0.1/jaxb-impl-2.3.0.1.jar:/home/user/.m2/repository/com/sun/xml/bind/jaxb-core/2.3.0.1/jaxb-core-2.3.0.1.jar:/home/user/.m2/repository/javax/xml/bind/jaxb-api/2.3.0/jaxb-api-2.3.0.jar:/home/user/.m2/repository/javax/activation/activation/1.1.1/activation-1.1.1.jar:/home/user/.m2/repository/org/apache/hadoop/hadoop-ozone-csi/0.5.0-SNAPSHOT/hadoop-ozone-csi-0.5.0-SNAPSHOT.jar:/home/user/.m2/repository/com/google/protobuf/protobuf-java-util/3.5.1/protobuf-java-util-3.5.1.jar:/home/user/.m2/repository/org/apache/hadoop/hadoop-hdds-config/0.5.0-SNAPSHOT/hadoop-hdds-config-0.5.0-SNAPSHOT.jar:/home/user/.m2/repository/io/grpc/grpc-netty/1.17.1/grpc-netty-1.17.1.jar:/home/user/.m2/repository/io/grpc/grpc-core/1.17.1/grpc-core-1.17.1.jar:/home/user/.m2/repository/io/grpc/grpc-context/1.17.1/grpc-context-1.17.1.jar:/home/user/.m2/repository/com/google/errorprone/error_prone_annotations/2.2.0/error_prone_annotations-2.2.0.jar:/home/user/.m2/repository/org/codehaus/mojo/animal-sniffer-annotations/1.17/animal-sniffer-annotations-1.17.jar:/home/user/.m2/repository/io/opencensus/opencensus-api/0.17.0/opencensus-api-0.17.0.jar:/home/user/.m2/repository/io/opencensus/opencensus-contrib-grpc-metrics/0.17.0/opencensus-contrib-grpc-metrics-0.17.0.jar:/home/user/.m2/repository/io/netty/netty-codec-http2/4.1.30.Final/netty-codec-http2-4.1.30.Final.jar:/home/user/.m2/repository/io/netty/netty-codec-http/4.1.30.Final/netty-codec-http-4.1.30.Final.jar:/home/user/.m2/repository/io/netty/netty-codec/4.1.30.Final/netty-codec-4.1.30.Final.jar:/home/user/.m2/repository/io/netty/netty-handler/4.1.30.Final/netty-handler-4.1.30.Final.jar:/home/user/.m2/repository/io/netty/netty-handler-proxy/4.1.30.Final/netty-handler-proxy-4.1.30.Final.jar:/home/user/.m2/repository/io/netty/netty-codec-socks/4.1.30.Final/netty-codec-socks-4.1.30.Final.jar:/home/user/.m2/repository/io/netty/netty-transport-native-epoll/4.1.30.Final/netty-transport-native-epoll-4.1.30.Final.jar:/home/user/.m2/repository/io/netty/netty-common/4.1.30.Final/netty-common-4.1.30.Final.jar:/home/user/.m2/repository/io/netty/netty-buffer/4.1.30.Final/netty-buffer-4.1.30.Final.jar:/home/user/.m2/repository/io/netty/netty-transport/4.1.30.Final/netty-transport-4.1.30.Final.jar:/home/user/.m2/repository/io/netty/netty-resolver/4.1.30.Final/netty-resolver-4.1.30.Final.jar:/home/user/.m2/repository/io/netty/netty-transport-native-unix-common/4.1.30.Final/netty-transport-native-unix-common-4.1.30.Final.jar:/home/user/.m2/repository/io/grpc/grpc-protobuf/1.17.1/grpc-protobuf-1.17.1.jar:/home/user/.m2/repository/com/google/api/grpc/proto-google-common-protos/1.0.0/proto-google-common-protos-1.0.0.jar:/home/user/.m2/repository/io/grpc/grpc-protobuf-lite/1.17.1/grpc-protobuf-lite-1.17.1.jar:/home/user/.m2/repository/io/grpc/grpc-stub/1.17.1/grpc-stub-1.17.1.jar:/home/user/.m2/repository/org/apache/hadoop/hadoop-ozone-recon/0.5.0-SNAPSHOT/hadoop-ozone-recon-0.5.0-SNAPSHOT.jar:/home/user/.m2/repository/org/apache/hadoop/hadoop-ozone-reconcodegen/0.5.0-SNAPSHOT/hadoop-ozone-reconcodegen-0.5.0-SNAPSHOT.jar:/home/user/.m2/repository/com/google/inject/extensions/guice-multibindings/4.0/guice-multibindings-4.0.jar:/home/user/.m2/repository/com/google/inject/guice/4.0/guice-4.0.jar:/home/user/.m2/repository/aopalliance/aopalliance/1.0/aopalliance-1.0.jar:/home/user/.m2/repository/com/google/inject/extensions/guice-servlet/4.0/guice-servlet-4.0.jar:/home/user/.m2/repository/org/glassfish/jersey/containers/jersey-container-servlet/2.27/jersey-container-servlet-2.27.jar:/home/user/.m2/repository/org/glassfish/hk2/guice-bridge/2.5.0/guice-bridge-2.5.0.jar:/home/user/.m2/repository/org/glassfish/jersey/core/jersey-server/2.27/jersey-server-2.27.jar:/home/user/.m2/repository/org/glassfish/jersey/core/jersey-client/2.27/jersey-client-2.27.jar:/home/user/.m2/repository/org/glassfish/jersey/media/jersey-media-jaxb/2.27/jersey-media-jaxb-2.27.jar:/home/user/.m2/repository/javax/validation/validation-api/1.1.0.Final/validation-api-1.1.0.Final.jar:/home/user/.m2/repository/org/glassfish/jersey/media/jersey-media-json-jackson/2.27/jersey-media-json-jackson-2.27.jar:/home/user/.m2/repository/org/glassfish/jersey/ext/jersey-entity-filtering/2.27/jersey-entity-filtering-2.27.jar:/home/user/.m2/repository/com/google/inject/extensions/guice-assistedinject/4.0/guice-assistedinject-4.0.jar:/home/user/.m2/repository/org/jooq/jooq/3.11.10/jooq-3.11.10.jar:/home/user/.m2/repository/org/jooq/jooq-meta/3.11.10/jooq-meta-3.11.10.jar:/home/user/.m2/repository/org/jooq/jooq-codegen/3.11.10/jooq-codegen-3.11.10.jar:/home/user/.m2/repository/com/jolbox/bonecp/0.8.0.RELEASE/bonecp-0.8.0.RELEASE.jar:/home/user/.m2/repository/org/xerial/sqlite-jdbc/3.25.2/sqlite-jdbc-3.25.2.jar:/home/user/.m2/repository/org/springframework/spring-jdbc/5.1.3.RELEASE/spring-jdbc-5.1.3.RELEASE.jar:/home/user/.m2/repository/org/springframework/spring-beans/5.1.3.RELEASE/spring-beans-5.1.3.RELEASE.jar:/home/user/.m2/repository/org/springframework/spring-core/5.1.3.RELEASE/spring-core-5.1.3.RELEASE.jar:/home/user/.m2/repository/org/springframework/spring-jcl/5.1.3.RELEASE/spring-jcl-5.1.3.RELEASE.jar:/home/user/.m2/repository/org/springframework/spring-tx/5.1.3.RELEASE/spring-tx-5.1.3.RELEASE.jar:/home/user/.m2/repository/org/apache/hadoop/hadoop-ozone-client/0.5.0-SNAPSHOT/hadoop-ozone-client-0.5.0-SNAPSHOT.jar:/home/user/.m2/repository/commons-lang/commons-lang/2.6/commons-lang-2.6.jar:/home/user/.m2/repository/org/apache/hadoop/hadoop-ozone-ozone-manager/0.5.0-SNAPSHOT/hadoop-ozone-ozone-manager-0.5.0-SNAPSHOT-tests.jar:/home/user/.m2/repository/junit/junit/4.11/junit-4.11.jar:/home/user/.m2/repository/org/hamcrest/hamcrest-core/1.3/hamcrest-core-1.3.jar:/home/user/.m2/repository/org/openjdk/jmh/jmh-core/1.19/jmh-core-1.19.jar:/home/user/.m2/repository/net/sf/jopt-simple/jopt-simple/4.6/jopt-simple-4.6.jar:/home/user/.m2/repository/org/apache/commons/commons-math3/3.1.1/commons-math3-3.1.1.jar:/home/user/.m2/repository/org/openjdk/jmh/jmh-generator-annprocess/1.19/jmh-generator-annprocess-1.19.jar:/home/user/.m2/repository/org/mockito/mockito-all/1.8.5/mockito-all-1.8.5.jar:/home/user/.m2/repository/org/apache/hadoop/hadoop-kms/3.2.0/hadoop-kms-3.2.0.jar:/home/user/.m2/repository/org/apache/hadoop/hadoop-auth/3.2.0/hadoop-auth-3.2.0.jar:/home/user/.m2/repository/com/nimbusds/nimbus-jose-jwt/4.41.1/nimbus-jose-jwt-4.41.1.jar:/home/user/.m2/repository/com/github/stephenc/jcip/jcip-annotations/1.0-1/jcip-annotations-1.0-1.jar:/home/user/.m2/repository/net/minidev/json-smart/2.3/json-smart-2.3.jar:/home/user/.m2/repository/net/minidev/accessors-smart/1.2/accessors-smart-1.2.jar:/home/user/.m2/repository/org/ow2/asm/asm/5.0.4/asm-5.0.4.jar:/home/user/.m2/repository/org/apache/curator/curator-framework/2.12.0/curator-framework-2.12.0.jar:/home/user/.m2/repository/com/sun/jersey/jersey-core/1.19/jersey-core-1.19.jar:/home/user/.m2/repository/javax/ws/rs/jsr311-api/1.1.1/jsr311-api-1.1.1.jar:/home/user/.m2/repository/com/sun/jersey/jersey-server/1.19/jersey-server-1.19.jar:/home/user/.m2/repository/javax/servlet/javax.servlet-api/3.1.0/javax.servlet-api-3.1.0.jar:/home/user/.m2/repository/org/eclipse/jetty/jetty-server/9.3.24.v20180605/jetty-server-9.3.24.v20180605.jar:/home/user/.m2/repository/org/eclipse/jetty/jetty-http/9.3.24.v20180605/jetty-http-9.3.24.v20180605.jar:/home/user/.m2/repository/org/eclipse/jetty/jetty-io/9.3.24.v20180605/jetty-io-9.3.24.v20180605.jar:/home/user/.m2/repository/org/eclipse/jetty/jetty-webapp/9.3.24.v20180605/jetty-webapp-9.3.24.v20180605.jar:/home/user/.m2/repository/org/eclipse/jetty/jetty-xml/9.3.24.v20180605/jetty-xml-9.3.24.v20180605.jar:/home/user/.m2/repository/log4j/log4j/1.2.17/log4j-1.2.17.jar:/home/user/.m2/repository/org/slf4j/slf4j-api/1.7.25/slf4j-api-1.7.25.jar:/home/user/.m2/repository/org/slf4j/jul-to-slf4j/1.7.25/jul-to-slf4j-1.7.25.jar:/home/user/.m2/repository/org/eclipse/jetty/jetty-util/9.3.24.v20180605/jetty-util-9.3.24.v20180605.jar:/home/user/.m2/repository/com/fasterxml/jackson/core/jackson-databind/2.9.5/jackson-databind-2.9.5.jar:/home/user/.m2/repository/org/apache/hadoop/hadoop-kms/3.2.0/hadoop-kms-3.2.0-tests.jar:/home/user/.m2/repository/org/apache/hadoop/hadoop-hdds-server-scm/0.5.0-SNAPSHOT/hadoop-hdds-server-scm-0.5.0-SNAPSHOT-tests.jar:/home/user/.m2/repository/org/apache/hadoop/hadoop-hdds-container-service/0.5.0-SNAPSHOT/hadoop-hdds-container-service-0.5.0-SNAPSHOT-tests.jar:/home/user/.m2/repository/org/yaml/snakeyaml/1.16/snakeyaml-1.16.jar:/home/user/.m2/repository/org/apache/hadoop/hadoop-common/3.2.0/hadoop-common-3.2.0-tests.jar:/home/user/.m2/repository/org/apache/hadoop/hadoop-annotations/3.2.0/hadoop-annotations-3.2.0.jar:/usr/lib/jvm/java-1.8-openjdk/jre/../lib/tools.jar:/home/user/.m2/repository/commons-cli/commons-cli/1.2/commons-cli-1.2.jar:/home/user/.m2/repository/org/apache/httpcomponents/httpclient/4.5.2/httpclient-4.5.2.jar:/home/user/.m2/repository/org/apache/httpcomponents/httpcore/4.4.4/httpcore-4.4.4.jar:/home/user/.m2/repository/commons-codec/commons-codec/1.11/commons-codec-1.11.jar:/home/user/.m2/repository/commons-net/commons-net/3.6/commons-net-3.6.jar:/home/user/.m2/repository/commons-collections/commons-collections/3.2.2/commons-collections-3.2.2.jar:/home/user/.m2/repository/org/eclipse/jetty/jetty-servlet/9.3.24.v20180605/jetty-servlet-9.3.24.v20180605.jar:/home/user/.m2/repository/org/eclipse/jetty/jetty-security/9.3.24.v20180605/jetty-security-9.3.24.v20180605.jar:/home/user/.m2/repository/javax/servlet/jsp/jsp-api/2.1/jsp-api-2.1.jar:/home/user/.m2/repository/com/sun/jersey/jersey-servlet/1.19/jersey-servlet-1.19.jar:/home/user/.m2/repository/com/sun/jersey/jersey-json/1.19/jersey-json-1.19.jar:/home/user/.m2/repository/org/codehaus/jettison/jettison/1.1/jettison-1.1.jar:/home/user/.m2/repository/org/codehaus/jackson/jackson-core-asl/1.9.13/jackson-core-asl-1.9.13.jar:/home/user/.m2/repository/org/codehaus/jackson/jackson-mapper-asl/1.9.13/jackson-mapper-asl-1.9.13.jar:/home/user/.m2/repository/org/codehaus/jackson/jackson-jaxrs/1.9.13/jackson-jaxrs-1.9.13.jar:/home/user/.m2/repository/org/codehaus/jackson/jackson-xc/1.9.13/jackson-xc-1.9.13.jar:/home/user/.m2/repository/commons-logging/commons-logging/1.1.3/commons-logging-1.1.3.jar:/home/user/.m2/repository/commons-beanutils/commons-beanutils/1.9.3/commons-beanutils-1.9.3.jar:/home/user/.m2/repository/org/apache/commons/commons-configuration2/2.1.1/commons-configuration2-2.1.1.jar:/home/user/.m2/repository/org/apache/commons/commons-lang3/3.7/commons-lang3-3.7.jar:/home/user/.m2/repository/org/apache/commons/commons-text/1.4/commons-text-1.4.jar:/home/user/.m2/repository/org/apache/avro/avro/1.7.7/avro-1.7.7.jar:/home/user/.m2/repository/com/thoughtworks/paranamer/paranamer/2.3/paranamer-2.3.jar:/home/user/.m2/repository/org/xerial/snappy/snappy-java/1.0.5/snappy-java-1.0.5.jar:/home/user/.m2/repository/com/google/re2j/re2j/1.1/re2j-1.1.jar:/home/user/.m2/repository/com/google/code/gson/gson/2.2.4/gson-2.2.4.jar:/home/user/.m2/repository/com/jcraft/jsch/0.1.54/jsch-0.1.54.jar:/home/user/.m2/repository/org/apache/curator/curator-client/2.12.0/curator-client-2.12.0.jar:/home/user/.m2/repository/org/apache/curator/curator-recipes/2.12.0/curator-recipes-2.12.0.jar:/home/user/.m2/repository/com/google/code/findbugs/jsr305/3.0.0/jsr305-3.0.0.jar:/home/user/.m2/repository/org/apache/htrace/htrace-core4/4.1.0-incubating/htrace-core4-4.1.0-incubating.jar:/home/user/.m2/repository/org/apache/zookeeper/zookeeper/3.4.13/zookeeper-3.4.13.jar:/home/user/.m2/repository/org/apache/yetus/audience-annotations/0.5.0/audience-annotations-0.5.0.jar:/home/user/.m2/repository/org/codehaus/woodstox/stax2-api/3.1.4/stax2-api-3.1.4.jar:/home/user/.m2/repository/com/fasterxml/woodstox/woodstox-core/5.0.3/woodstox-core-5.0.3.jar:/home/user/.m2/repository/dnsjava/dnsjava/2.1.7/dnsjava-2.1.7.jar:/home/user/.m2/repository/org/apache/hadoop/hadoop-hdfs/3.2.0/hadoop-hdfs-3.2.0-tests.jar:/home/user/.m2/repository/org/eclipse/jetty/jetty-util-ajax/9.3.24.v20180605/jetty-util-ajax-9.3.24.v20180605.jar:/home/user/.m2/repository/commons-daemon/commons-daemon/1.0.13/commons-daemon-1.0.13.jar:/home/user/.m2/repository/io/netty/netty/3.10.5.Final/netty-3.10.5.Final.jar:/home/user/.m2/repository/io/netty/netty-all/4.0.52.Final/netty-all-4.0.52.Final.jar:/home/user/.m2/repository/org/fusesource/leveldbjni/leveldbjni-all/1.8/leveldbjni-all-1.8.jar:"/>
    <property name="java.vm.vendor" value="IcedTea"/>
    <property name="sun.arch.data.model" value="64"/>
    <property name="test.build.dir" value="/workdir/hadoop-ozone/integration-test/target/test-dir"/>
    <property name="test.cache.data" value=""/>
    <property name="java.vendor.url" value="https://icedtea.classpath.org"/>
    <property name="user.timezone" value=""/>
    <property name="java.vm.specification.version" value="1.8"/>
    <property name="os.name" value="Linux"/>
    <property name="test.build.data" value="/workdir/hadoop-ozone/integration-test/target/test-dir"/>
    <property name="user.country" value="US"/>
    <property name="sun.java.launcher" value="SUN_STANDARD"/>
    <property name="sun.boot.library.path" value="/usr/lib/jvm/java-1.8-openjdk/jre/lib/amd64"/>
    <property name="sun.java.command" value="/workdir/hadoop-ozone/integration-test/target/surefire/surefirebooter7678634381089333209.jar /workdir/hadoop-ozone/integration-test/target/surefire 2019-09-08T14-07-45_123-jvmRun1 surefire4605226918103323113tmp surefire_389220144930832774278tmp"/>
    <property name="test" value="!TestMiniChaosOzoneCluster"/>
    <property name="surefire.test.class.path" value="/workdir/hadoop-ozone/integration-test/target/test-classes:/workdir/hadoop-ozone/integration-test/target/classes:/home/user/.m2/repository/org/apache/hadoop/hadoop-ozone-common/0.5.0-SNAPSHOT/hadoop-ozone-common-0.5.0-SNAPSHOT.jar:/home/user/.m2/repository/org/apache/commons/commons-compress/1.4.1/commons-compress-1.4.1.jar:/home/user/.m2/repository/org/tukaani/xz/1.0/xz-1.0.jar:/home/user/.m2/repository/org/apache/hadoop/hadoop-common/3.2.0/hadoop-common-3.2.0.jar:/home/user/.m2/repository/org/apache/hadoop/hadoop-hdfs/3.2.0/hadoop-hdfs-3.2.0.jar:/home/user/.m2/repository/org/apache/hadoop/hadoop-hdfs-client/3.2.0/hadoop-hdfs-client-3.2.0.jar:/home/user/.m2/repository/com/fasterxml/jackson/core/jackson-annotations/2.9.5/jackson-annotations-2.9.5.jar:/home/user/.m2/repository/org/apache/hadoop/hadoop-hdds-common/0.5.0-SNAPSHOT/hadoop-hdds-common-0.5.0-SNAPSHOT.jar:/home/user/.m2/repository/javax/annotation/javax.annotation-api/1.2/javax.annotation-api-1.2.jar:/home/user/.m2/repository/org/apache/ratis/ratis-server/0.4.0-2337318-SNAPSHOT/ratis-server-0.4.0-2337318-SNAPSHOT.jar:/home/user/.m2/repository/org/apache/ratis/ratis-thirdparty-misc/0.2.0/ratis-thirdparty-misc-0.2.0.jar:/home/user/.m2/repository/org/apache/ratis/ratis-proto/0.4.0-2337318-SNAPSHOT/ratis-proto-0.4.0-2337318-SNAPSHOT.jar:/home/user/.m2/repository/org/apache/ratis/ratis-common/0.4.0-2337318-SNAPSHOT/ratis-common-0.4.0-2337318-SNAPSHOT.jar:/home/user/.m2/repository/org/apache/ratis/ratis-client/0.4.0-2337318-SNAPSHOT/ratis-client-0.4.0-2337318-SNAPSHOT.jar:/home/user/.m2/repository/org/apache/ratis/ratis-metrics/0.4.0-2337318-SNAPSHOT/ratis-metrics-0.4.0-2337318-SNAPSHOT.jar:/home/user/.m2/repository/org/apache/ratis/ratis-netty/0.4.0-2337318-SNAPSHOT/ratis-netty-0.4.0-2337318-SNAPSHOT.jar:/home/user/.m2/repository/org/apache/ratis/ratis-grpc/0.4.0-2337318-SNAPSHOT/ratis-grpc-0.4.0-2337318-SNAPSHOT.jar:/home/user/.m2/repository/org/rocksdb/rocksdbjni/6.0.1/rocksdbjni-6.0.1.jar:/home/user/.m2/repository/org/apache/logging/log4j/log4j-api/2.11.0/log4j-api-2.11.0.jar:/home/user/.m2/repository/org/apache/logging/log4j/log4j-core/2.11.0/log4j-core-2.11.0.jar:/home/user/.m2/repository/com/lmax/disruptor/3.4.2/disruptor-3.4.2.jar:/home/user/.m2/repository/org/apache/commons/commons-pool2/2.6.0/commons-pool2-2.6.0.jar:/home/user/.m2/repository/org/bouncycastle/bcpkix-jdk15on/1.60/bcpkix-jdk15on-1.60.jar:/home/user/.m2/repository/commons-validator/commons-validator/1.6/commons-validator-1.6.jar:/home/user/.m2/repository/commons-digester/commons-digester/1.8.1/commons-digester-1.8.1.jar:/home/user/.m2/repository/io/jaegertracing/jaeger-client/0.33.1/jaeger-client-0.33.1.jar:/home/user/.m2/repository/io/jaegertracing/jaeger-thrift/0.33.1/jaeger-thrift-0.33.1.jar:/home/user/.m2/repository/org/apache/thrift/libthrift/0.11.0/libthrift-0.11.0.jar:/home/user/.m2/repository/com/squareup/okhttp3/okhttp/3.9.0/okhttp-3.9.0.jar:/home/user/.m2/repository/com/squareup/okio/okio/1.13.0/okio-1.13.0.jar:/home/user/.m2/repository/io/jaegertracing/jaeger-core/0.33.1/jaeger-core-0.33.1.jar:/home/user/.m2/repository/io/jaegertracing/jaeger-tracerresolver/0.33.1/jaeger-tracerresolver-0.33.1.jar:/home/user/.m2/repository/io/opentracing/contrib/opentracing-tracerresolver/0.1.5/opentracing-tracerresolver-0.1.5.jar:/home/user/.m2/repository/io/opentracing/opentracing-util/0.31.0/opentracing-util-0.31.0.jar:/home/user/.m2/repository/io/opentracing/opentracing-api/0.31.0/opentracing-api-0.31.0.jar:/home/user/.m2/repository/io/opentracing/opentracing-noop/0.31.0/opentracing-noop-0.31.0.jar:/home/user/.m2/repository/org/apache/hadoop/hadoop-hdds-server-framework/0.5.0-SNAPSHOT/hadoop-hdds-server-framework-0.5.0-SNAPSHOT.jar:/home/user/.m2/repository/org/apache/hadoop/hadoop-hdds-container-service/0.5.0-SNAPSHOT/hadoop-hdds-container-service-0.5.0-SNAPSHOT.jar:/home/user/.m2/repository/org/apache/hadoop/hadoop-hdds-client/0.5.0-SNAPSHOT/hadoop-hdds-client-0.5.0-SNAPSHOT.jar:/home/user/.m2/repository/org/apache/hadoop/hadoop-hdds-tools/0.5.0-SNAPSHOT/hadoop-hdds-tools-0.5.0-SNAPSHOT.jar:/home/user/.m2/repository/org/apache/hadoop/hadoop-hdds-server-scm/0.5.0-SNAPSHOT/hadoop-hdds-server-scm-0.5.0-SNAPSHOT.jar:/home/user/.m2/repository/org/apache/hadoop/hadoop-hdds-docs/0.5.0-SNAPSHOT/hadoop-hdds-docs-0.5.0-SNAPSHOT.jar:/home/user/.m2/repository/io/dropwizard/metrics/metrics-core/3.2.4/metrics-core-3.2.4.jar:/home/user/.m2/repository/org/hamcrest/hamcrest-all/1.3/hamcrest-all-1.3.jar:/home/user/.m2/repository/org/bouncycastle/bcprov-jdk15on/1.60/bcprov-jdk15on-1.60.jar:/home/user/.m2/repository/info/picocli/picocli/3.9.6/picocli-3.9.6.jar:/home/user/.m2/repository/com/google/protobuf/protobuf-java/2.5.0/protobuf-java-2.5.0.jar:/home/user/.m2/repository/com/google/guava/guava/11.0.2/guava-11.0.2.jar:/home/user/.m2/repository/org/apache/hadoop/hadoop-ozone-ozone-manager/0.5.0-SNAPSHOT/hadoop-ozone-ozone-manager-0.5.0-SNAPSHOT.jar:/home/user/.m2/repository/org/apache/hadoop/hadoop-minikdc/3.2.0/hadoop-minikdc-3.2.0.jar:/home/user/.m2/repository/commons-io/commons-io/2.5/commons-io-2.5.jar:/home/user/.m2/repository/org/apache/kerby/kerb-simplekdc/1.0.1/kerb-simplekdc-1.0.1.jar:/home/user/.m2/repository/org/apache/kerby/kerb-client/1.0.1/kerb-client-1.0.1.jar:/home/user/.m2/repository/org/apache/kerby/kerby-config/1.0.1/kerby-config-1.0.1.jar:/home/user/.m2/repository/org/apache/kerby/kerb-core/1.0.1/kerb-core-1.0.1.jar:/home/user/.m2/repository/org/apache/kerby/kerby-pkix/1.0.1/kerby-pkix-1.0.1.jar:/home/user/.m2/repository/org/apache/kerby/kerby-asn1/1.0.1/kerby-asn1-1.0.1.jar:/home/user/.m2/repository/org/apache/kerby/kerby-util/1.0.1/kerby-util-1.0.1.jar:/home/user/.m2/repository/org/apache/kerby/kerb-common/1.0.1/kerb-common-1.0.1.jar:/home/user/.m2/repository/org/apache/kerby/kerb-crypto/1.0.1/kerb-crypto-1.0.1.jar:/home/user/.m2/repository/org/apache/kerby/kerb-util/1.0.1/kerb-util-1.0.1.jar:/home/user/.m2/repository/org/apache/kerby/token-provider/1.0.1/token-provider-1.0.1.jar:/home/user/.m2/repository/org/apache/kerby/kerb-admin/1.0.1/kerb-admin-1.0.1.jar:/home/user/.m2/repository/org/apache/kerby/kerb-server/1.0.1/kerb-server-1.0.1.jar:/home/user/.m2/repository/org/apache/kerby/kerb-identity/1.0.1/kerb-identity-1.0.1.jar:/home/user/.m2/repository/org/apache/kerby/kerby-xdr/1.0.1/kerby-xdr-1.0.1.jar:/home/user/.m2/repository/org/slf4j/slf4j-log4j12/1.7.25/slf4j-log4j12-1.7.25.jar:/home/user/.m2/repository/org/apache/hadoop/hadoop-ozone-s3gateway/0.5.0-SNAPSHOT/hadoop-ozone-s3gateway-0.5.0-SNAPSHOT.jar:/home/user/.m2/repository/org/jboss/weld/servlet/weld-servlet/2.4.7.Final/weld-servlet-2.4.7.Final.jar:/home/user/.m2/repository/org/glassfish/jersey/containers/jersey-container-servlet-core/2.27/jersey-container-servlet-core-2.27.jar:/home/user/.m2/repository/org/glassfish/hk2/external/javax.inject/2.5.0-b42/javax.inject-2.5.0-b42.jar:/home/user/.m2/repository/org/glassfish/jersey/core/jersey-common/2.27/jersey-common-2.27.jar:/home/user/.m2/repository/org/glassfish/hk2/osgi-resource-locator/1.0.1/osgi-resource-locator-1.0.1.jar:/home/user/.m2/repository/javax/ws/rs/javax.ws.rs-api/2.1/javax.ws.rs-api-2.1.jar:/home/user/.m2/repository/org/glassfish/jersey/ext/cdi/jersey-cdi1x/2.27/jersey-cdi1x-2.27.jar:/home/user/.m2/repository/org/glassfish/jersey/inject/jersey-hk2/2.27/jersey-hk2-2.27.jar:/home/user/.m2/repository/org/glassfish/hk2/hk2-locator/2.5.0-b42/hk2-locator-2.5.0-b42.jar:/home/user/.m2/repository/org/javassist/javassist/3.22.0-CR2/javassist-3.22.0-CR2.jar:/home/user/.m2/repository/org/glassfish/hk2/hk2-api/2.5.0/hk2-api-2.5.0.jar:/home/user/.m2/repository/org/glassfish/hk2/external/jakarta.inject/2.5.0/jakarta.inject-2.5.0.jar:/home/user/.m2/repository/org/glassfish/hk2/hk2-utils/2.5.0/hk2-utils-2.5.0.jar:/home/user/.m2/repository/jakarta/annotation/jakarta.annotation-api/1.3.4/jakarta.annotation-api-1.3.4.jar:/home/user/.m2/repository/org/glassfish/hk2/external/aopalliance-repackaged/2.5.0/aopalliance-repackaged-2.5.0.jar:/home/user/.m2/repository/com/fasterxml/jackson/dataformat/jackson-dataformat-xml/2.9.0/jackson-dataformat-xml-2.9.0.jar:/home/user/.m2/repository/com/fasterxml/jackson/core/jackson-core/2.9.5/jackson-core-2.9.5.jar:/home/user/.m2/repository/com/fasterxml/jackson/module/jackson-module-jaxb-annotations/2.9.5/jackson-module-jaxb-annotations-2.9.5.jar:/home/user/.m2/repository/javax/enterprise/cdi-api/1.2/cdi-api-1.2.jar:/home/user/.m2/repository/javax/el/javax.el-api/3.0.0/javax.el-api-3.0.0.jar:/home/user/.m2/repository/javax/interceptor/javax.interceptor-api/1.2/javax.interceptor-api-1.2.jar:/home/user/.m2/repository/javax/inject/javax.inject/1/javax.inject-1.jar:/home/user/.m2/repository/com/sun/xml/bind/jaxb-impl/2.3.0.1/jaxb-impl-2.3.0.1.jar:/home/user/.m2/repository/com/sun/xml/bind/jaxb-core/2.3.0.1/jaxb-core-2.3.0.1.jar:/home/user/.m2/repository/javax/xml/bind/jaxb-api/2.3.0/jaxb-api-2.3.0.jar:/home/user/.m2/repository/javax/activation/activation/1.1.1/activation-1.1.1.jar:/home/user/.m2/repository/org/apache/hadoop/hadoop-ozone-csi/0.5.0-SNAPSHOT/hadoop-ozone-csi-0.5.0-SNAPSHOT.jar:/home/user/.m2/repository/com/google/protobuf/protobuf-java-util/3.5.1/protobuf-java-util-3.5.1.jar:/home/user/.m2/repository/org/apache/hadoop/hadoop-hdds-config/0.5.0-SNAPSHOT/hadoop-hdds-config-0.5.0-SNAPSHOT.jar:/home/user/.m2/repository/io/grpc/grpc-netty/1.17.1/grpc-netty-1.17.1.jar:/home/user/.m2/repository/io/grpc/grpc-core/1.17.1/grpc-core-1.17.1.jar:/home/user/.m2/repository/io/grpc/grpc-context/1.17.1/grpc-context-1.17.1.jar:/home/user/.m2/repository/com/google/errorprone/error_prone_annotations/2.2.0/error_prone_annotations-2.2.0.jar:/home/user/.m2/repository/org/codehaus/mojo/animal-sniffer-annotations/1.17/animal-sniffer-annotations-1.17.jar:/home/user/.m2/repository/io/opencensus/opencensus-api/0.17.0/opencensus-api-0.17.0.jar:/home/user/.m2/repository/io/opencensus/opencensus-contrib-grpc-metrics/0.17.0/opencensus-contrib-grpc-metrics-0.17.0.jar:/home/user/.m2/repository/io/netty/netty-codec-http2/4.1.30.Final/netty-codec-http2-4.1.30.Final.jar:/home/user/.m2/repository/io/netty/netty-codec-http/4.1.30.Final/netty-codec-http-4.1.30.Final.jar:/home/user/.m2/repository/io/netty/netty-codec/4.1.30.Final/netty-codec-4.1.30.Final.jar:/home/user/.m2/repository/io/netty/netty-handler/4.1.30.Final/netty-handler-4.1.30.Final.jar:/home/user/.m2/repository/io/netty/netty-handler-proxy/4.1.30.Final/netty-handler-proxy-4.1.30.Final.jar:/home/user/.m2/repository/io/netty/netty-codec-socks/4.1.30.Final/netty-codec-socks-4.1.30.Final.jar:/home/user/.m2/repository/io/netty/netty-transport-native-epoll/4.1.30.Final/netty-transport-native-epoll-4.1.30.Final.jar:/home/user/.m2/repository/io/netty/netty-common/4.1.30.Final/netty-common-4.1.30.Final.jar:/home/user/.m2/repository/io/netty/netty-buffer/4.1.30.Final/netty-buffer-4.1.30.Final.jar:/home/user/.m2/repository/io/netty/netty-transport/4.1.30.Final/netty-transport-4.1.30.Final.jar:/home/user/.m2/repository/io/netty/netty-resolver/4.1.30.Final/netty-resolver-4.1.30.Final.jar:/home/user/.m2/repository/io/netty/netty-transport-native-unix-common/4.1.30.Final/netty-transport-native-unix-common-4.1.30.Final.jar:/home/user/.m2/repository/io/grpc/grpc-protobuf/1.17.1/grpc-protobuf-1.17.1.jar:/home/user/.m2/repository/com/google/api/grpc/proto-google-common-protos/1.0.0/proto-google-common-protos-1.0.0.jar:/home/user/.m2/repository/io/grpc/grpc-protobuf-lite/1.17.1/grpc-protobuf-lite-1.17.1.jar:/home/user/.m2/repository/io/grpc/grpc-stub/1.17.1/grpc-stub-1.17.1.jar:/home/user/.m2/repository/org/apache/hadoop/hadoop-ozone-recon/0.5.0-SNAPSHOT/hadoop-ozone-recon-0.5.0-SNAPSHOT.jar:/home/user/.m2/repository/org/apache/hadoop/hadoop-ozone-reconcodegen/0.5.0-SNAPSHOT/hadoop-ozone-reconcodegen-0.5.0-SNAPSHOT.jar:/home/user/.m2/repository/com/google/inject/extensions/guice-multibindings/4.0/guice-multibindings-4.0.jar:/home/user/.m2/repository/com/google/inject/guice/4.0/guice-4.0.jar:/home/user/.m2/repository/aopalliance/aopalliance/1.0/aopalliance-1.0.jar:/home/user/.m2/repository/com/google/inject/extensions/guice-servlet/4.0/guice-servlet-4.0.jar:/home/user/.m2/repository/org/glassfish/jersey/containers/jersey-container-servlet/2.27/jersey-container-servlet-2.27.jar:/home/user/.m2/repository/org/glassfish/hk2/guice-bridge/2.5.0/guice-bridge-2.5.0.jar:/home/user/.m2/repository/org/glassfish/jersey/core/jersey-server/2.27/jersey-server-2.27.jar:/home/user/.m2/repository/org/glassfish/jersey/core/jersey-client/2.27/jersey-client-2.27.jar:/home/user/.m2/repository/org/glassfish/jersey/media/jersey-media-jaxb/2.27/jersey-media-jaxb-2.27.jar:/home/user/.m2/repository/javax/validation/validation-api/1.1.0.Final/validation-api-1.1.0.Final.jar:/home/user/.m2/repository/org/glassfish/jersey/media/jersey-media-json-jackson/2.27/jersey-media-json-jackson-2.27.jar:/home/user/.m2/repository/org/glassfish/jersey/ext/jersey-entity-filtering/2.27/jersey-entity-filtering-2.27.jar:/home/user/.m2/repository/com/google/inject/extensions/guice-assistedinject/4.0/guice-assistedinject-4.0.jar:/home/user/.m2/repository/org/jooq/jooq/3.11.10/jooq-3.11.10.jar:/home/user/.m2/repository/org/jooq/jooq-meta/3.11.10/jooq-meta-3.11.10.jar:/home/user/.m2/repository/org/jooq/jooq-codegen/3.11.10/jooq-codegen-3.11.10.jar:/home/user/.m2/repository/com/jolbox/bonecp/0.8.0.RELEASE/bonecp-0.8.0.RELEASE.jar:/home/user/.m2/repository/org/xerial/sqlite-jdbc/3.25.2/sqlite-jdbc-3.25.2.jar:/home/user/.m2/repository/org/springframework/spring-jdbc/5.1.3.RELEASE/spring-jdbc-5.1.3.RELEASE.jar:/home/user/.m2/repository/org/springframework/spring-beans/5.1.3.RELEASE/spring-beans-5.1.3.RELEASE.jar:/home/user/.m2/repository/org/springframework/spring-core/5.1.3.RELEASE/spring-core-5.1.3.RELEASE.jar:/home/user/.m2/repository/org/springframework/spring-jcl/5.1.3.RELEASE/spring-jcl-5.1.3.RELEASE.jar:/home/user/.m2/repository/org/springframework/spring-tx/5.1.3.RELEASE/spring-tx-5.1.3.RELEASE.jar:/home/user/.m2/repository/org/apache/hadoop/hadoop-ozone-client/0.5.0-SNAPSHOT/hadoop-ozone-client-0.5.0-SNAPSHOT.jar:/home/user/.m2/repository/commons-lang/commons-lang/2.6/commons-lang-2.6.jar:/home/user/.m2/repository/org/apache/hadoop/hadoop-ozone-ozone-manager/0.5.0-SNAPSHOT/hadoop-ozone-ozone-manager-0.5.0-SNAPSHOT-tests.jar:/home/user/.m2/repository/junit/junit/4.11/junit-4.11.jar:/home/user/.m2/repository/org/hamcrest/hamcrest-core/1.3/hamcrest-core-1.3.jar:/home/user/.m2/repository/org/openjdk/jmh/jmh-core/1.19/jmh-core-1.19.jar:/home/user/.m2/repository/net/sf/jopt-simple/jopt-simple/4.6/jopt-simple-4.6.jar:/home/user/.m2/repository/org/apache/commons/commons-math3/3.1.1/commons-math3-3.1.1.jar:/home/user/.m2/repository/org/openjdk/jmh/jmh-generator-annprocess/1.19/jmh-generator-annprocess-1.19.jar:/home/user/.m2/repository/org/mockito/mockito-all/1.8.5/mockito-all-1.8.5.jar:/home/user/.m2/repository/org/apache/hadoop/hadoop-kms/3.2.0/hadoop-kms-3.2.0.jar:/home/user/.m2/repository/org/apache/hadoop/hadoop-auth/3.2.0/hadoop-auth-3.2.0.jar:/home/user/.m2/repository/com/nimbusds/nimbus-jose-jwt/4.41.1/nimbus-jose-jwt-4.41.1.jar:/home/user/.m2/repository/com/github/stephenc/jcip/jcip-annotations/1.0-1/jcip-annotations-1.0-1.jar:/home/user/.m2/repository/net/minidev/json-smart/2.3/json-smart-2.3.jar:/home/user/.m2/repository/net/minidev/accessors-smart/1.2/accessors-smart-1.2.jar:/home/user/.m2/repository/org/ow2/asm/asm/5.0.4/asm-5.0.4.jar:/home/user/.m2/repository/org/apache/curator/curator-framework/2.12.0/curator-framework-2.12.0.jar:/home/user/.m2/repository/com/sun/jersey/jersey-core/1.19/jersey-core-1.19.jar:/home/user/.m2/repository/javax/ws/rs/jsr311-api/1.1.1/jsr311-api-1.1.1.jar:/home/user/.m2/repository/com/sun/jersey/jersey-server/1.19/jersey-server-1.19.jar:/home/user/.m2/repository/javax/servlet/javax.servlet-api/3.1.0/javax.servlet-api-3.1.0.jar:/home/user/.m2/repository/org/eclipse/jetty/jetty-server/9.3.24.v20180605/jetty-server-9.3.24.v20180605.jar:/home/user/.m2/repository/org/eclipse/jetty/jetty-http/9.3.24.v20180605/jetty-http-9.3.24.v20180605.jar:/home/user/.m2/repository/org/eclipse/jetty/jetty-io/9.3.24.v20180605/jetty-io-9.3.24.v20180605.jar:/home/user/.m2/repository/org/eclipse/jetty/jetty-webapp/9.3.24.v20180605/jetty-webapp-9.3.24.v20180605.jar:/home/user/.m2/repository/org/eclipse/jetty/jetty-xml/9.3.24.v20180605/jetty-xml-9.3.24.v20180605.jar:/home/user/.m2/repository/log4j/log4j/1.2.17/log4j-1.2.17.jar:/home/user/.m2/repository/org/slf4j/slf4j-api/1.7.25/slf4j-api-1.7.25.jar:/home/user/.m2/repository/org/slf4j/jul-to-slf4j/1.7.25/jul-to-slf4j-1.7.25.jar:/home/user/.m2/repository/org/eclipse/jetty/jetty-util/9.3.24.v20180605/jetty-util-9.3.24.v20180605.jar:/home/user/.m2/repository/com/fasterxml/jackson/core/jackson-databind/2.9.5/jackson-databind-2.9.5.jar:/home/user/.m2/repository/org/apache/hadoop/hadoop-kms/3.2.0/hadoop-kms-3.2.0-tests.jar:/home/user/.m2/repository/org/apache/hadoop/hadoop-hdds-server-scm/0.5.0-SNAPSHOT/hadoop-hdds-server-scm-0.5.0-SNAPSHOT-tests.jar:/home/user/.m2/repository/org/apache/hadoop/hadoop-hdds-container-service/0.5.0-SNAPSHOT/hadoop-hdds-container-service-0.5.0-SNAPSHOT-tests.jar:/home/user/.m2/repository/org/yaml/snakeyaml/1.16/snakeyaml-1.16.jar:/home/user/.m2/repository/org/apache/hadoop/hadoop-common/3.2.0/hadoop-common-3.2.0-tests.jar:/home/user/.m2/repository/org/apache/hadoop/hadoop-annotations/3.2.0/hadoop-annotations-3.2.0.jar:/usr/lib/jvm/java-1.8-openjdk/jre/../lib/tools.jar:/home/user/.m2/repository/commons-cli/commons-cli/1.2/commons-cli-1.2.jar:/home/user/.m2/repository/org/apache/httpcomponents/httpclient/4.5.2/httpclient-4.5.2.jar:/home/user/.m2/repository/org/apache/httpcomponents/httpcore/4.4.4/httpcore-4.4.4.jar:/home/user/.m2/repository/commons-codec/commons-codec/1.11/commons-codec-1.11.jar:/home/user/.m2/repository/commons-net/commons-net/3.6/commons-net-3.6.jar:/home/user/.m2/repository/commons-collections/commons-collections/3.2.2/commons-collections-3.2.2.jar:/home/user/.m2/repository/org/eclipse/jetty/jetty-servlet/9.3.24.v20180605/jetty-servlet-9.3.24.v20180605.jar:/home/user/.m2/repository/org/eclipse/jetty/jetty-security/9.3.24.v20180605/jetty-security-9.3.24.v20180605.jar:/home/user/.m2/repository/javax/servlet/jsp/jsp-api/2.1/jsp-api-2.1.jar:/home/user/.m2/repository/com/sun/jersey/jersey-servlet/1.19/jersey-servlet-1.19.jar:/home/user/.m2/repository/com/sun/jersey/jersey-json/1.19/jersey-json-1.19.jar:/home/user/.m2/repository/org/codehaus/jettison/jettison/1.1/jettison-1.1.jar:/home/user/.m2/repository/org/codehaus/jackson/jackson-core-asl/1.9.13/jackson-core-asl-1.9.13.jar:/home/user/.m2/repository/org/codehaus/jackson/jackson-mapper-asl/1.9.13/jackson-mapper-asl-1.9.13.jar:/home/user/.m2/repository/org/codehaus/jackson/jackson-jaxrs/1.9.13/jackson-jaxrs-1.9.13.jar:/home/user/.m2/repository/org/codehaus/jackson/jackson-xc/1.9.13/jackson-xc-1.9.13.jar:/home/user/.m2/repository/commons-logging/commons-logging/1.1.3/commons-logging-1.1.3.jar:/home/user/.m2/repository/commons-beanutils/commons-beanutils/1.9.3/commons-beanutils-1.9.3.jar:/home/user/.m2/repository/org/apache/commons/commons-configuration2/2.1.1/commons-configuration2-2.1.1.jar:/home/user/.m2/repository/org/apache/commons/commons-lang3/3.7/commons-lang3-3.7.jar:/home/user/.m2/repository/org/apache/commons/commons-text/1.4/commons-text-1.4.jar:/home/user/.m2/repository/org/apache/avro/avro/1.7.7/avro-1.7.7.jar:/home/user/.m2/repository/com/thoughtworks/paranamer/paranamer/2.3/paranamer-2.3.jar:/home/user/.m2/repository/org/xerial/snappy/snappy-java/1.0.5/snappy-java-1.0.5.jar:/home/user/.m2/repository/com/google/re2j/re2j/1.1/re2j-1.1.jar:/home/user/.m2/repository/com/google/code/gson/gson/2.2.4/gson-2.2.4.jar:/home/user/.m2/repository/com/jcraft/jsch/0.1.54/jsch-0.1.54.jar:/home/user/.m2/repository/org/apache/curator/curator-client/2.12.0/curator-client-2.12.0.jar:/home/user/.m2/repository/org/apache/curator/curator-recipes/2.12.0/curator-recipes-2.12.0.jar:/home/user/.m2/repository/com/google/code/findbugs/jsr305/3.0.0/jsr305-3.0.0.jar:/home/user/.m2/repository/org/apache/htrace/htrace-core4/4.1.0-incubating/htrace-core4-4.1.0-incubating.jar:/home/user/.m2/repository/org/apache/zookeeper/zookeeper/3.4.13/zookeeper-3.4.13.jar:/home/user/.m2/repository/org/apache/yetus/audience-annotations/0.5.0/audience-annotations-0.5.0.jar:/home/user/.m2/repository/org/codehaus/woodstox/stax2-api/3.1.4/stax2-api-3.1.4.jar:/home/user/.m2/repository/com/fasterxml/woodstox/woodstox-core/5.0.3/woodstox-core-5.0.3.jar:/home/user/.m2/repository/dnsjava/dnsjava/2.1.7/dnsjava-2.1.7.jar:/home/user/.m2/repository/org/apache/hadoop/hadoop-hdfs/3.2.0/hadoop-hdfs-3.2.0-tests.jar:/home/user/.m2/repository/org/eclipse/jetty/jetty-util-ajax/9.3.24.v20180605/jetty-util-ajax-9.3.24.v20180605.jar:/home/user/.m2/repository/commons-daemon/commons-daemon/1.0.13/commons-daemon-1.0.13.jar:/home/user/.m2/repository/io/netty/netty/3.10.5.Final/netty-3.10.5.Final.jar:/home/user/.m2/repository/io/netty/netty-all/4.0.52.Final/netty-all-4.0.52.Final.jar:/home/user/.m2/repository/org/fusesource/leveldbjni/leveldbjni-all/1.8/leveldbjni-all-1.8.jar:"/>
    <property name="sun.cpu.endian" value="little"/>
    <property name="user.home" value="/home/user"/>
    <property name="user.language" value="en"/>
    <property name="java.specification.vendor" value="Oracle Corporation"/>
    <property name="java.home" value="/usr/lib/jvm/java-1.8-openjdk/jre"/>
    <property name="java.security.krb5.conf" value="/workdir/hadoop-ozone/integration-test/target/test-classes/krb5.conf"/>
    <property name="basedir" value="/workdir/hadoop-ozone/integration-test"/>
    <property name="file.separator" value="/"/>
    <property name="line.separator" value="&#10;"/>
    <property name="java.vm.specification.vendor" value="Oracle Corporation"/>
    <property name="java.specification.name" value="Java Platform API Specification"/>
    <property name="java.awt.graphicsenv" value="sun.awt.X11GraphicsEnvironment"/>
    <property name="surefire.real.class.path" value="/workdir/hadoop-ozone/integration-test/target/surefire/surefirebooter7678634381089333209.jar"/>
    <property name="hadoop.log.dir" value="/workdir/hadoop-ozone/integration-test/target/log"/>
    <property name="sun.boot.class.path" value="/usr/lib/jvm/java-1.8-openjdk/jre/lib/resources.jar:/usr/lib/jvm/java-1.8-openjdk/jre/lib/rt.jar:/usr/lib/jvm/java-1.8-openjdk/jre/lib/sunrsasign.jar:/usr/lib/jvm/java-1.8-openjdk/jre/lib/jsse.jar:/usr/lib/jvm/java-1.8-openjdk/jre/lib/jce.jar:/usr/lib/jvm/java-1.8-openjdk/jre/lib/charsets.jar:/usr/lib/jvm/java-1.8-openjdk/jre/lib/jfr.jar:/usr/lib/jvm/java-1.8-openjdk/jre/classes"/>
    <property name="sun.management.compiler" value="HotSpot 64-Bit Tiered Compilers"/>
    <property name="java.runtime.version" value="1.8.0_212-b04"/>
    <property name="java.net.preferIPv4Stack" value="true"/>
    <property name="user.name" value="jenkins1000"/>
    <property name="path.separator" value=":"/>
    <property name="java.security.egd" value="file:///dev/urandom"/>
    <property name="os.version" value="3.10.0-957.12.2.el7.x86_64"/>
    <property name="java.endorsed.dirs" value="/usr/lib/jvm/java-1.8-openjdk/jre/lib/endorsed"/>
    <property name="java.runtime.name" value="OpenJDK Runtime Environment"/>
    <property name="file.encoding" value="UTF-8"/>
    <property name="java.vm.name" value="OpenJDK 64-Bit Server VM"/>
    <property name="test.build.webapps" value=""/>
    <property name="localRepository" value="/home/user/.m2/repository"/>
    <property name="java.vendor.url.bug" value="https://icedtea.classpath.org/bugzilla"/>
    <property name="java.io.tmpdir" value="/tmp"/>
    <property name="require.test.libhadoop" value=""/>
    <property name="java.version" value="1.8.0_212"/>
    <property name="user.dir" value="/workdir/hadoop-ozone/integration-test"/>
    <property name="os.arch" value="amd64"/>
    <property name="java.vm.specification.name" value="Java Virtual Machine Specification"/>
    <property name="test.build.classes" value="/workdir/hadoop-ozone/integration-test/target/test-classes"/>
    <property name="java.awt.printerjob" value="sun.print.PSPrinterJob"/>
    <property name="sun.os.patch.level" value="unknown"/>
    <property name="hadoop.tmp.dir" value="/workdir/hadoop-ozone/integration-test/target/tmp"/>
    <property name="java.library.path" value="/usr/lib/jvm/java-1.8-openjdk/jre/lib/amd64/server:/usr/lib/jvm/java-1.8-openjdk/jre/lib/amd64:/usr/lib/jvm/java-1.8-openjdk/jre/../lib/amd64:/workdir/hadoop-ozone/integration-test/target/native/target/usr/local/lib:/workdir/hadoop-ozone/integration-test/../../hadoop-common-project/hadoop-common/target/native/target/usr/local/lib:/usr/java/packages/lib/amd64:/usr/lib64:/lib64:/lib:/usr/lib"/>
    <property name="java.vm.info" value="mixed mode"/>
    <property name="java.vendor" value="IcedTea"/>
    <property name="java.vm.version" value="25.212-b04"/>
    <property name="java.ext.dirs" value="/usr/lib/jvm/java-1.8-openjdk/jre/lib/ext:/usr/java/packages/lib/ext"/>
    <property name="sun.io.unicode.encoding" value="UnicodeLittle"/>
    <property name="java.class.version" value="52.0"/>
  </properties>
  <testcase name="testContainerReplication" classname="org.apache.hadoop.ozone.client.rpc.TestContainerReplication" time="10.33">
    <error message="Failed to update container state #1, reason: invalid state transition from state: CLOSING upon event: FINALIZE." type="org.apache.hadoop.hdds.scm.exceptions.SCMException">org.apache.hadoop.hdds.scm.exceptions.SCMException: Failed to update container state #1, reason: invalid state transition from state: CLOSING upon event: FINALIZE.
	at org.apache.hadoop.hdds.scm.container.ContainerStateManager.updateContainerState(ContainerStateManager.java:336)
	at org.apache.hadoop.hdds.scm.container.SCMContainerManager.updateContainerState(SCMContainerManager.java:312)
	at org.apache.hadoop.ozone.client.rpc.TestContainerReplication.testContainerReplication(TestContainerReplication.java:143)
	at sun.reflect.NativeMethodAccessorImpl.invoke0(Native Method)
	at sun.reflect.NativeMethodAccessorImpl.invoke(NativeMethodAccessorImpl.java:62)
	at sun.reflect.DelegatingMethodAccessorImpl.invoke(DelegatingMethodAccessorImpl.java:43)
	at java.lang.reflect.Method.invoke(Method.java:498)
	at org.junit.runners.model.FrameworkMethod$1.runReflectiveCall(FrameworkMethod.java:47)
	at org.junit.internal.runners.model.ReflectiveCallable.run(ReflectiveCallable.java:12)
	at org.junit.runners.model.FrameworkMethod.invokeExplosively(FrameworkMethod.java:44)
	at org.junit.internal.runners.statements.InvokeMethod.evaluate(InvokeMethod.java:17)
	at org.junit.runners.ParentRunner.runLeaf(ParentRunner.java:271)
	at org.junit.runners.BlockJUnit4ClassRunner.runChild(BlockJUnit4ClassRunner.java:70)
	at org.junit.runners.BlockJUnit4ClassRunner.runChild(BlockJUnit4ClassRunner.java:50)
	at org.junit.runners.ParentRunner$3.run(ParentRunner.java:238)
	at org.junit.runners.ParentRunner$1.schedule(ParentRunner.java:63)
	at org.junit.runners.ParentRunner.runChildren(ParentRunner.java:236)
	at org.junit.runners.ParentRunner.access$000(ParentRunner.java:53)
	at org.junit.runners.ParentRunner$2.evaluate(ParentRunner.java:229)
	at org.junit.internal.runners.statements.RunBefores.evaluate(RunBefores.java:26)
	at org.junit.internal.runners.statements.RunAfters.evaluate(RunAfters.java:27)
	at org.junit.runners.ParentRunner.run(ParentRunner.java:309)
	at org.apache.maven.surefire.junit4.JUnit4Provider.execute(JUnit4Provider.java:365)
	at org.apache.maven.surefire.junit4.JUnit4Provider.executeWithRerun(JUnit4Provider.java:273)
	at org.apache.maven.surefire.junit4.JUnit4Provider.executeTestSet(JUnit4Provider.java:238)
	at org.apache.maven.surefire.junit4.JUnit4Provider.invoke(JUnit4Provider.java:159)
	at org.apache.maven.surefire.booter.ForkedBooter.invokeProviderInSameClassLoader(ForkedBooter.java:384)
	at org.apache.maven.surefire.booter.ForkedBooter.runSuitesInProcess(ForkedBooter.java:345)
	at org.apache.maven.surefire.booter.ForkedBooter.execute(ForkedBooter.java:126)
	at org.apache.maven.surefire.booter.ForkedBooter.main(ForkedBooter.java:418)
</error>
    <system-out><![CDATA[2019-09-08 14:52:52,380 [main] WARN  server.ServerUtils (ServerUtils.java:getScmDbDir(145)) - ozone.scm.db.dirs is not configured. We recommend adding this setting. Falling back to ozone.metadata.dirs instead.
2019-09-08 14:52:52,555 [main] WARN  server.ServerUtils (ServerUtils.java:getScmDbDir(145)) - ozone.scm.db.dirs is not configured. We recommend adding this setting. Falling back to ozone.metadata.dirs instead.
2019-09-08 14:52:52,558 [main] WARN  server.ServerUtils (ServerUtils.java:getScmDbDir(145)) - ozone.scm.db.dirs is not configured. We recommend adding this setting. Falling back to ozone.metadata.dirs instead.
2019-09-08 14:52:52,581 [main] INFO  util.log (Log.java:initialized(192)) - Logging initialized @885ms
2019-09-08 14:52:52,685 [main] INFO  db.DBStoreBuilder (DBStoreBuilder.java:addTable(110)) - using custom profile for table: deletedBlocks
2019-09-08 14:52:52,685 [main] INFO  db.DBStoreBuilder (DBStoreBuilder.java:processTables(161)) - Using default column profile:DBProfile.DISK for Table:deletedBlocks
2019-09-08 14:52:52,685 [main] INFO  db.DBStoreBuilder (DBStoreBuilder.java:addTable(110)) - using custom profile for table: validCerts
2019-09-08 14:52:52,686 [main] INFO  db.DBStoreBuilder (DBStoreBuilder.java:processTables(161)) - Using default column profile:DBProfile.DISK for Table:validCerts
2019-09-08 14:52:52,686 [main] INFO  db.DBStoreBuilder (DBStoreBuilder.java:addTable(110)) - using custom profile for table: revokedCerts
2019-09-08 14:52:52,686 [main] INFO  db.DBStoreBuilder (DBStoreBuilder.java:processTables(161)) - Using default column profile:DBProfile.DISK for Table:revokedCerts
2019-09-08 14:52:52,698 [main] INFO  db.DBStoreBuilder (DBStoreBuilder.java:addTable(110)) - using custom profile for table: default
2019-09-08 14:52:52,698 [main] INFO  db.DBStoreBuilder (DBStoreBuilder.java:processTables(167)) - Using default column profile:DBProfile.DISK for Table:default
2019-09-08 14:52:52,699 [main] INFO  db.DBStoreBuilder (DBStoreBuilder.java:getDbProfile(198)) - Using default options. DBProfile.DISK
2019-09-08 14:52:53,069 [main] INFO  net.NodeSchemaLoader (NodeSchemaLoader.java:loadSchemaFromFile(125)) - Loading file from sun.misc.CompoundEnumeration@692f203f
2019-09-08 14:52:53,071 [main] INFO  net.NodeSchemaLoader (NodeSchemaLoader.java:loadSchema(171)) - Loading network topology layer schema file
2019-09-08 14:52:53,144 [main] INFO  node.SCMNodeManager (SCMNodeManager.java:<init>(114)) - Entering startup safe mode.
2019-09-08 14:52:53,216 [main] INFO  algorithms.ContainerPlacementPolicyFactory (ContainerPlacementPolicyFactory.java:getPolicy(55)) - Create container placement policy of type org.apache.hadoop.hdds.scm.container.placement.algorithms.SCMContainerPlacementRandom
2019-09-08 14:52:53,231 [main] WARN  server.ServerUtils (ServerUtils.java:getScmDbDir(145)) - ozone.scm.db.dirs is not configured. We recommend adding this setting. Falling back to ozone.metadata.dirs instead.
2019-09-08 14:52:53,348 [main] INFO  pipeline.SCMPipelineManager (SCMPipelineManager.java:initializePipelineState(128)) - No pipeline exists in current db
2019-09-08 14:52:53,351 [main] WARN  server.ServerUtils (ServerUtils.java:getScmDbDir(145)) - ozone.scm.db.dirs is not configured. We recommend adding this setting. Falling back to ozone.metadata.dirs instead.
2019-09-08 14:52:53,463 [main] INFO  Configuration.deprecation (Configuration.java:logDeprecation(1394)) - No unit for hdds.scm.replication.thread.interval(2000) assuming MILLISECONDS
2019-09-08 14:52:53,491 [main] WARN  events.EventQueue (EventQueue.java:fireEvent(183)) - No event handler registered for event TypedEvent{payloadType=SafeModeStatus, name='SafeModeStatus'}
2019-09-08 14:52:53,877 [main] INFO  ipc.CallQueueManager (CallQueueManager.java:<init>(84)) - Using callQueue: class java.util.concurrent.LinkedBlockingQueue, queueCapacity: 2000, scheduler: class org.apache.hadoop.ipc.DefaultRpcScheduler, ipcBackoff: false.
2019-09-08 14:52:53,905 [Socket Reader #1 for port 40671] INFO  ipc.Server (Server.java:run(1074)) - Starting Socket Reader #1 for port 40671
2019-09-08 14:52:54,061 [main] INFO  ipc.CallQueueManager (CallQueueManager.java:<init>(84)) - Using callQueue: class java.util.concurrent.LinkedBlockingQueue, queueCapacity: 2000, scheduler: class org.apache.hadoop.ipc.DefaultRpcScheduler, ipcBackoff: false.
2019-09-08 14:52:54,062 [Socket Reader #1 for port 39263] INFO  ipc.Server (Server.java:run(1074)) - Starting Socket Reader #1 for port 39263
2019-09-08 14:52:54,072 [main] INFO  ipc.CallQueueManager (CallQueueManager.java:<init>(84)) - Using callQueue: class java.util.concurrent.LinkedBlockingQueue, queueCapacity: 2000, scheduler: class org.apache.hadoop.ipc.DefaultRpcScheduler, ipcBackoff: false.
2019-09-08 14:52:54,072 [Socket Reader #1 for port 32889] INFO  ipc.Server (Server.java:run(1074)) - Starting Socket Reader #1 for port 32889
2019-09-08 14:52:54,096 [main] INFO  hdfs.DFSUtil (DFSUtil.java:httpServerTemplateForNNAndJN(1641)) - Starting Web-server for scm at: http://0.0.0.0:0
2019-09-08 14:52:54,256 [main] INFO  server.AuthenticationFilter (AuthenticationFilter.java:constructSecretProvider(240)) - Unable to initialize FileSignerSecretProvider, falling back to use random secrets.
2019-09-08 14:52:54,265 [main] WARN  http.HttpRequestLog (HttpRequestLog.java:getRequestLog(97)) - Jetty request log can only be enabled using Log4j
2019-09-08 14:52:54,274 [main] INFO  http.HttpServer2 (HttpServer2.java:addGlobalFilter(975)) - Added global filter 'safety' (class=org.apache.hadoop.http.HttpServer2$QuotingInputFilter)
2019-09-08 14:52:54,279 [main] INFO  http.HttpServer2 (HttpServer2.java:addFilter(948)) - Added filter static_user_filter (class=org.apache.hadoop.http.lib.StaticUserWebFilter$StaticUserFilter) to context scm
2019-09-08 14:52:54,280 [main] INFO  http.HttpServer2 (HttpServer2.java:addFilter(958)) - Added filter static_user_filter (class=org.apache.hadoop.http.lib.StaticUserWebFilter$StaticUserFilter) to context logs
2019-09-08 14:52:54,280 [main] INFO  http.HttpServer2 (HttpServer2.java:addFilter(958)) - Added filter static_user_filter (class=org.apache.hadoop.http.lib.StaticUserWebFilter$StaticUserFilter) to context static
2019-09-08 14:52:54,330 [main] INFO  server.StorageContainerManager (StorageContainerManager.java:start(759)) - StorageContainerLocationProtocol RPC server is listening at /0.0.0.0:32889
2019-09-08 14:52:54,400 [main] WARN  impl.MetricsConfig (MetricsConfig.java:loadFirst(134)) - Cannot locate configuration: tried hadoop-metrics2-storagecontainermanager.properties,hadoop-metrics2.properties
2019-09-08 14:52:54,413 [main] INFO  impl.MetricsSystemImpl (MetricsSystemImpl.java:startTimer(374)) - Scheduled Metric snapshot period at 10 second(s).
2019-09-08 14:52:54,413 [main] INFO  impl.MetricsSystemImpl (MetricsSystemImpl.java:start(191)) - StorageContainerManager metrics system started
2019-09-08 14:52:54,641 [main] INFO  server.SCMClientProtocolServer (SCMClientProtocolServer.java:start(151)) - RPC server for Client  is listening at /0.0.0.0:32889
2019-09-08 14:52:54,641 [IPC Server Responder] INFO  ipc.Server (Server.java:run(1314)) - IPC Server Responder: starting
2019-09-08 14:52:54,642 [IPC Server listener on 32889] INFO  ipc.Server (Server.java:run(1153)) - IPC Server listener on 32889: starting
2019-09-08 14:52:54,645 [main] INFO  server.StorageContainerManager (StorageContainerManager.java:start(769)) - ScmBlockLocationProtocol RPC server is listening at /0.0.0.0:39263
2019-09-08 14:52:54,646 [main] INFO  server.SCMBlockProtocolServer (SCMBlockProtocolServer.java:start(146)) - RPC server for Block Protocol is listening at /0.0.0.0:39263
2019-09-08 14:52:54,647 [IPC Server Responder] INFO  ipc.Server (Server.java:run(1314)) - IPC Server Responder: starting
2019-09-08 14:52:54,647 [IPC Server listener on 39263] INFO  ipc.Server (Server.java:run(1153)) - IPC Server listener on 39263: starting
2019-09-08 14:52:54,649 [main] INFO  server.StorageContainerManager (StorageContainerManager.java:start(773)) - ScmDatanodeProtocl RPC server is listening at /0.0.0.0:40671
2019-09-08 14:52:54,650 [main] INFO  server.SCMDatanodeProtocolServer (SCMDatanodeProtocolServer.java:start(191)) - RPC server for DataNodes is listening at /0.0.0.0:40671
2019-09-08 14:52:54,650 [IPC Server Responder] INFO  ipc.Server (Server.java:run(1314)) - IPC Server Responder: starting
2019-09-08 14:52:54,650 [IPC Server listener on 40671] INFO  ipc.Server (Server.java:run(1153)) - IPC Server listener on 40671: starting
2019-09-08 14:52:54,654 [main] INFO  http.HttpServer2 (HttpServer2.java:bindListener(1191)) - Jetty bound to port 40126
2019-09-08 14:52:54,656 [main] INFO  server.Server (Server.java:doStart(351)) - jetty-9.3.24.v20180605, build timestamp: 2018-06-05T17:11:56Z, git hash: 84205aa28f11a4f31f2a3b86d1bba2cc8ab69827
2019-09-08 14:52:54,695 [main] INFO  handler.ContextHandler (ContextHandler.java:doStart(781)) - Started o.e.j.s.ServletContextHandler@6ff65192{/logs,file:///workdir/hadoop-ozone/integration-test/target/log,AVAILABLE}
2019-09-08 14:52:54,695 [main] INFO  handler.ContextHandler (ContextHandler.java:doStart(781)) - Started o.e.j.s.ServletContextHandler@4af0df05{/static,file:///workdir/hadoop-ozone/integration-test/target/test-classes/webapps/static,AVAILABLE}
2019-09-08 14:52:54,730 [main] INFO  handler.ContextHandler (ContextHandler.java:doStart(781)) - Started o.e.j.w.WebAppContext@2c4ca0f9{/,file:///workdir/hadoop-ozone/integration-test/target/test-classes/webapps/scm/,AVAILABLE}{/scm}
2019-09-08 14:52:54,735 [main] INFO  server.AbstractConnector (AbstractConnector.java:doStart(278)) - Started ServerConnector@7555b920{HTTP/1.1,[http/1.1]}{0.0.0.0:40126}
2019-09-08 14:52:54,736 [main] INFO  server.Server (Server.java:doStart(419)) - Started @3040ms
2019-09-08 14:52:54,738 [main] INFO  impl.MetricsSinkAdapter (MetricsSinkAdapter.java:start(204)) - Sink prometheus started
2019-09-08 14:52:54,738 [main] INFO  impl.MetricsSystemImpl (MetricsSystemImpl.java:registerSink(301)) - Registered sink prometheus
2019-09-08 14:52:54,740 [main] INFO  server.BaseHttpServer (BaseHttpServer.java:updateConnectorAddress(215)) - HTTP server of SCM is listening at http://0.0.0.0:40126
2019-09-08 14:52:54,749 [org.apache.hadoop.util.JvmPauseMonitor$Monitor@72c927f1] INFO  util.JvmPauseMonitor (JvmPauseMonitor.java:run(188)) - Starting JVM pause monitor
2019-09-08 14:52:54,754 [main] WARN  server.ServerUtils (ServerUtils.java:getDBPath(222)) - ozone.om.db.dirs is not configured. We recommend adding this setting. Falling back to ozone.metadata.dirs instead.
2019-09-08 14:52:54,909 [main] WARN  server.ServerUtils (ServerUtils.java:getDBPath(222)) - ozone.om.db.dirs is not configured. We recommend adding this setting. Falling back to ozone.metadata.dirs instead.
2019-09-08 14:52:54,910 [main] WARN  server.ServerUtils (ServerUtils.java:getDBPath(222)) - ozone.om.db.dirs is not configured. We recommend adding this setting. Falling back to ozone.metadata.dirs instead.
2019-09-08 14:52:54,912 [main] INFO  om.OzoneManager (OzoneManager.java:setOMNodeDetails(649)) - OM Service ID is not set. Setting it to the default ID: omServiceIdDefault
2019-09-08 14:52:54,912 [main] INFO  om.OzoneManager (OzoneManager.java:setOMNodeDetails(655)) - OM Node ID is not set. Setting it to the OmStorage's OmID: aefec16e-1ad2-4abe-a9fc-fd4689fa0a41
2019-09-08 14:52:54,914 [main] INFO  om.OzoneManager (OzoneManager.java:loadOMHAConfigs(606)) - Found matching OM address with OMServiceId: null, OMNodeId: null, RPC Address: localhost:0 and Ratis port: 9872
2019-09-08 14:52:55,702 [main] WARN  server.ServerUtils (ServerUtils.java:getDBPath(222)) - ozone.om.db.dirs is not configured. We recommend adding this setting. Falling back to ozone.metadata.dirs instead.
2019-09-08 14:52:55,710 [main] INFO  db.DBStoreBuilder (DBStoreBuilder.java:addTable(110)) - using custom profile for table: userTable
2019-09-08 14:52:55,710 [main] INFO  db.DBStoreBuilder (DBStoreBuilder.java:processTables(161)) - Using default column profile:DBProfile.DISK for Table:userTable
2019-09-08 14:52:55,711 [main] INFO  db.DBStoreBuilder (DBStoreBuilder.java:addTable(110)) - using custom profile for table: volumeTable
2019-09-08 14:52:55,711 [main] INFO  db.DBStoreBuilder (DBStoreBuilder.java:processTables(161)) - Using default column profile:DBProfile.DISK for Table:volumeTable
2019-09-08 14:52:55,711 [main] INFO  db.DBStoreBuilder (DBStoreBuilder.java:addTable(110)) - using custom profile for table: bucketTable
2019-09-08 14:52:55,711 [main] INFO  db.DBStoreBuilder (DBStoreBuilder.java:processTables(161)) - Using default column profile:DBProfile.DISK for Table:bucketTable
2019-09-08 14:52:55,712 [main] INFO  db.DBStoreBuilder (DBStoreBuilder.java:addTable(110)) - using custom profile for table: keyTable
2019-09-08 14:52:55,712 [main] INFO  db.DBStoreBuilder (DBStoreBuilder.java:processTables(161)) - Using default column profile:DBProfile.DISK for Table:keyTable
2019-09-08 14:52:55,712 [main] INFO  db.DBStoreBuilder (DBStoreBuilder.java:addTable(110)) - using custom profile for table: deletedTable
2019-09-08 14:52:55,712 [main] INFO  db.DBStoreBuilder (DBStoreBuilder.java:processTables(161)) - Using default column profile:DBProfile.DISK for Table:deletedTable
2019-09-08 14:52:55,713 [main] INFO  db.DBStoreBuilder (DBStoreBuilder.java:addTable(110)) - using custom profile for table: openKeyTable
2019-09-08 14:52:55,713 [main] INFO  db.DBStoreBuilder (DBStoreBuilder.java:processTables(161)) - Using default column profile:DBProfile.DISK for Table:openKeyTable
2019-09-08 14:52:55,713 [main] INFO  db.DBStoreBuilder (DBStoreBuilder.java:addTable(110)) - using custom profile for table: s3Table
2019-09-08 14:52:55,713 [main] INFO  db.DBStoreBuilder (DBStoreBuilder.java:processTables(161)) - Using default column profile:DBProfile.DISK for Table:s3Table
2019-09-08 14:52:55,713 [main] INFO  db.DBStoreBuilder (DBStoreBuilder.java:addTable(110)) - using custom profile for table: multipartInfoTable
2019-09-08 14:52:55,714 [main] INFO  db.DBStoreBuilder (DBStoreBuilder.java:processTables(161)) - Using default column profile:DBProfile.DISK for Table:multipartInfoTable
2019-09-08 14:52:55,714 [main] INFO  db.DBStoreBuilder (DBStoreBuilder.java:addTable(110)) - using custom profile for table: dTokenTable
2019-09-08 14:52:55,714 [main] INFO  db.DBStoreBuilder (DBStoreBuilder.java:processTables(161)) - Using default column profile:DBProfile.DISK for Table:dTokenTable
2019-09-08 14:52:55,715 [main] INFO  db.DBStoreBuilder (DBStoreBuilder.java:addTable(110)) - using custom profile for table: s3SecretTable
2019-09-08 14:52:55,715 [main] INFO  db.DBStoreBuilder (DBStoreBuilder.java:processTables(161)) - Using default column profile:DBProfile.DISK for Table:s3SecretTable
2019-09-08 14:52:55,715 [main] INFO  db.DBStoreBuilder (DBStoreBuilder.java:addTable(110)) - using custom profile for table: prefixTable
2019-09-08 14:52:55,715 [main] INFO  db.DBStoreBuilder (DBStoreBuilder.java:processTables(161)) - Using default column profile:DBProfile.DISK for Table:prefixTable
2019-09-08 14:52:55,715 [main] INFO  db.DBStoreBuilder (DBStoreBuilder.java:addTable(110)) - using custom profile for table: default
2019-09-08 14:52:55,716 [main] INFO  db.DBStoreBuilder (DBStoreBuilder.java:processTables(167)) - Using default column profile:DBProfile.DISK for Table:default
2019-09-08 14:52:55,716 [main] INFO  db.DBStoreBuilder (DBStoreBuilder.java:getDbProfile(198)) - Using default options. DBProfile.DISK
2019-09-08 14:52:56,458 [main] INFO  ipc.CallQueueManager (CallQueueManager.java:<init>(84)) - Using callQueue: class java.util.concurrent.LinkedBlockingQueue, queueCapacity: 2000, scheduler: class org.apache.hadoop.ipc.DefaultRpcScheduler, ipcBackoff: false.
2019-09-08 14:52:56,460 [Socket Reader #1 for port 45349] INFO  ipc.Server (Server.java:run(1074)) - Starting Socket Reader #1 for port 45349
2019-09-08 14:52:56,481 [main] INFO  om.OzoneManager (OzoneManager.java:start(1240)) - OzoneManager RPC server is listening at localhost/127.0.0.1:45349
2019-09-08 14:52:56,481 [main] INFO  impl.MetricsSystemImpl (MetricsSystemImpl.java:init(158)) - OzoneManager metrics system started (again)
2019-09-08 14:52:56,482 [IPC Server Responder] INFO  ipc.Server (Server.java:run(1314)) - IPC Server Responder: starting
2019-09-08 14:52:56,482 [IPC Server listener on 45349] INFO  ipc.Server (Server.java:run(1153)) - IPC Server listener on 45349: starting
2019-09-08 14:52:56,489 [main] INFO  hdfs.DFSUtil (DFSUtil.java:httpServerTemplateForNNAndJN(1641)) - Starting Web-server for ozoneManager at: http://0.0.0.0:0
2019-09-08 14:52:56,491 [main] INFO  server.AuthenticationFilter (AuthenticationFilter.java:constructSecretProvider(240)) - Unable to initialize FileSignerSecretProvider, falling back to use random secrets.
2019-09-08 14:52:56,492 [main] WARN  http.HttpRequestLog (HttpRequestLog.java:getRequestLog(97)) - Jetty request log can only be enabled using Log4j
2019-09-08 14:52:56,495 [main] INFO  http.HttpServer2 (HttpServer2.java:addGlobalFilter(975)) - Added global filter 'safety' (class=org.apache.hadoop.http.HttpServer2$QuotingInputFilter)
2019-09-08 14:52:56,497 [main] INFO  http.HttpServer2 (HttpServer2.java:addFilter(948)) - Added filter static_user_filter (class=org.apache.hadoop.http.lib.StaticUserWebFilter$StaticUserFilter) to context ozoneManager
2019-09-08 14:52:56,497 [main] INFO  http.HttpServer2 (HttpServer2.java:addFilter(958)) - Added filter static_user_filter (class=org.apache.hadoop.http.lib.StaticUserWebFilter$StaticUserFilter) to context static
2019-09-08 14:52:56,498 [main] INFO  http.HttpServer2 (HttpServer2.java:addFilter(958)) - Added filter static_user_filter (class=org.apache.hadoop.http.lib.StaticUserWebFilter$StaticUserFilter) to context logs
2019-09-08 14:52:56,501 [main] INFO  http.HttpServer2 (HttpServer2.java:bindListener(1191)) - Jetty bound to port 33511
2019-09-08 14:52:56,501 [main] INFO  server.Server (Server.java:doStart(351)) - jetty-9.3.24.v20180605, build timestamp: 2018-06-05T17:11:56Z, git hash: 84205aa28f11a4f31f2a3b86d1bba2cc8ab69827
2019-09-08 14:52:56,504 [main] INFO  handler.ContextHandler (ContextHandler.java:doStart(781)) - Started o.e.j.s.ServletContextHandler@460b6d54{/logs,file:///workdir/hadoop-ozone/integration-test/target/log,AVAILABLE}
2019-09-08 14:52:56,505 [main] INFO  handler.ContextHandler (ContextHandler.java:doStart(781)) - Started o.e.j.s.ServletContextHandler@76075d65{/static,file:///workdir/hadoop-ozone/integration-test/target/test-classes/webapps/static,AVAILABLE}
2019-09-08 14:52:56,513 [main] INFO  handler.ContextHandler (ContextHandler.java:doStart(781)) - Started o.e.j.w.WebAppContext@65004ff6{/,file:///workdir/hadoop-ozone/integration-test/target/test-classes/webapps/ozoneManager/,AVAILABLE}{/ozoneManager}
2019-09-08 14:52:56,515 [main] INFO  server.AbstractConnector (AbstractConnector.java:doStart(278)) - Started ServerConnector@4cafa9aa{HTTP/1.1,[http/1.1]}{0.0.0.0:33511}
2019-09-08 14:52:56,516 [main] INFO  server.Server (Server.java:doStart(419)) - Started @4819ms
2019-09-08 14:52:56,516 [main] WARN  impl.MetricsSystemImpl (MetricsSystemImpl.java:register(276)) - Sink prometheus already exists!
2019-09-08 14:52:56,517 [main] INFO  server.BaseHttpServer (BaseHttpServer.java:updateConnectorAddress(215)) - HTTP server of OZONEMANAGER is listening at http://0.0.0.0:33511
2019-09-08 14:52:56,874 [main] INFO  impl.MetricsSystemImpl (MetricsSystemImpl.java:init(158)) - HddsDatanode metrics system started (again)
2019-09-08 14:52:56,954 [main] INFO  ozone.HddsDatanodeService (HddsDatanodeService.java:start(184)) - HddsDatanodeService host:pr-hdds-2076-5qqcd-3923466566 ip:192.168.69.92
2019-09-08 14:52:56,999 [main] INFO  volume.HddsVolume (HddsVolume.java:<init>(176)) - Creating Volume: /workdir/hadoop-ozone/integration-test/target/test-dir/MiniOzoneClusterImpl-cd29ba6b-b71a-4bdc-b5d6-66c210291ea4/datanode-0/data/containers/hdds of  storage type : DISK and capacity : 1482555576320
2019-09-08 14:52:57,003 [main] INFO  volume.VolumeSet (VolumeSet.java:initializeVolumeSet(170)) - Added Volume : /workdir/hadoop-ozone/integration-test/target/test-dir/MiniOzoneClusterImpl-cd29ba6b-b71a-4bdc-b5d6-66c210291ea4/datanode-0/data/containers/hdds to VolumeSet
2019-09-08 14:52:57,008 [main] INFO  volume.ThrottledAsyncChecker (ThrottledAsyncChecker.java:schedule(140)) - Scheduling a check for org.apache.hadoop.ozone.container.common.volume.HddsVolume@3cd59ef5
2019-09-08 14:52:57,037 [main] INFO  volume.HddsVolumeChecker (HddsVolumeChecker.java:checkAllVolumes(203)) - Scheduled health check for volume org.apache.hadoop.ozone.container.common.volume.HddsVolume@3cd59ef5
2019-09-08 14:52:57,167 [main] INFO  impl.RaftServerProxy (ConfUtils.java:logGet(43)) - raft.rpc.type = GRPC (default)
2019-09-08 14:52:57,240 [main] INFO  grpc.GrpcFactory (GrpcFactory.java:checkPooledByteBufAllocatorUseCacheForAllThreads(45)) - PERFORMANCE WARNING: useCacheForAllThreads is true that may cause Netty to create a lot garbage objects and, as a result, trigger GC.
	It is recommended to disable useCacheForAllThreads by setting -Dorg.apache.ratis.thirdparty.io.netty.allocator.useCacheForAllThreads=false in command line.
2019-09-08 14:52:57,245 [main] INFO  grpc.GrpcConfigKeys$Server (ConfUtils.java:logGet(43)) - raft.grpc.server.port = 0 (default)
2019-09-08 14:52:57,246 [main] INFO  server.GrpcService (ConfUtils.java:logGet(43)) - raft.grpc.message.size.max = 33570816 (custom)
2019-09-08 14:52:57,248 [main] INFO  server.RaftServerConfigKeys (ConfUtils.java:logGet(43)) - raft.server.log.appender.buffer.byte-limit = 33554432 (custom)
2019-09-08 14:52:57,248 [main] INFO  server.GrpcService (ConfUtils.java:logGet(43)) - raft.grpc.flow.control.window = 1MB (=1048576) (default)
2019-09-08 14:52:57,249 [main] INFO  server.RaftServerConfigKeys (ConfUtils.java:logGet(43)) - raft.server.rpc.request.timeout = 3000ms (default)
2019-09-08 14:52:57,419 [main] INFO  server.RaftServerConfigKeys (ConfUtils.java:logGet(43)) - raft.server.storage.dir = [/workdir/hadoop-ozone/integration-test/target/test-dir/MiniOzoneClusterImpl-cd29ba6b-b71a-4bdc-b5d6-66c210291ea4/datanode-0/data/ratis] (custom)
2019-09-08 14:52:57,480 [main] INFO  hdfs.DFSUtil (DFSUtil.java:httpServerTemplateForNNAndJN(1641)) - Starting Web-server for hddsDatanode at: http://0.0.0.0:0
2019-09-08 14:52:57,482 [main] INFO  server.AuthenticationFilter (AuthenticationFilter.java:constructSecretProvider(240)) - Unable to initialize FileSignerSecretProvider, falling back to use random secrets.
2019-09-08 14:52:57,483 [main] WARN  http.HttpRequestLog (HttpRequestLog.java:getRequestLog(97)) - Jetty request log can only be enabled using Log4j
2019-09-08 14:52:57,485 [main] INFO  http.HttpServer2 (HttpServer2.java:addGlobalFilter(975)) - Added global filter 'safety' (class=org.apache.hadoop.http.HttpServer2$QuotingInputFilter)
2019-09-08 14:52:57,486 [main] INFO  http.HttpServer2 (HttpServer2.java:addFilter(948)) - Added filter static_user_filter (class=org.apache.hadoop.http.lib.StaticUserWebFilter$StaticUserFilter) to context hddsDatanode
2019-09-08 14:52:57,486 [main] INFO  http.HttpServer2 (HttpServer2.java:addFilter(958)) - Added filter static_user_filter (class=org.apache.hadoop.http.lib.StaticUserWebFilter$StaticUserFilter) to context static
2019-09-08 14:52:57,487 [main] INFO  http.HttpServer2 (HttpServer2.java:addFilter(958)) - Added filter static_user_filter (class=org.apache.hadoop.http.lib.StaticUserWebFilter$StaticUserFilter) to context logs
2019-09-08 14:52:57,489 [main] INFO  http.HttpServer2 (HttpServer2.java:bindListener(1191)) - Jetty bound to port 44240
2019-09-08 14:52:57,489 [main] INFO  server.Server (Server.java:doStart(351)) - jetty-9.3.24.v20180605, build timestamp: 2018-06-05T17:11:56Z, git hash: 84205aa28f11a4f31f2a3b86d1bba2cc8ab69827
2019-09-08 14:52:57,491 [main] INFO  handler.ContextHandler (ContextHandler.java:doStart(781)) - Started o.e.j.s.ServletContextHandler@7a0ef219{/logs,file:///workdir/hadoop-ozone/integration-test/target/log,AVAILABLE}
2019-09-08 14:52:57,492 [main] INFO  handler.ContextHandler (ContextHandler.java:doStart(781)) - Started o.e.j.s.ServletContextHandler@7add323c{/static,jar:file:/home/user/.m2/repository/org/apache/hadoop/hadoop-hdds-container-service/0.5.0-SNAPSHOT/hadoop-hdds-container-service-0.5.0-SNAPSHOT.jar!/webapps/static,AVAILABLE}
2019-09-08 14:52:57,526 [main] INFO  handler.ContextHandler (ContextHandler.java:doStart(781)) - Started o.e.j.w.WebAppContext@262816a8{/,file:///tmp/jetty-0.0.0.0-44240-hddsDatanode-_-any-7613405225057285835.dir/webapp/,AVAILABLE}{/hddsDatanode}
2019-09-08 14:52:57,527 [main] INFO  server.AbstractConnector (AbstractConnector.java:doStart(278)) - Started ServerConnector@1effd53c{HTTP/1.1,[http/1.1]}{0.0.0.0:44240}
2019-09-08 14:52:57,528 [main] INFO  server.Server (Server.java:doStart(419)) - Started @5832ms
2019-09-08 14:52:57,529 [main] WARN  impl.MetricsSystemImpl (MetricsSystemImpl.java:register(276)) - Sink prometheus already exists!
2019-09-08 14:52:57,530 [main] INFO  server.BaseHttpServer (BaseHttpServer.java:updateConnectorAddress(215)) - HTTP server of HDDSDATANODE is listening at http://0.0.0.0:44240
2019-09-08 14:52:57,531 [main] INFO  impl.MetricsSystemImpl (MetricsSystemImpl.java:init(158)) - HddsDatanode metrics system started (again)
2019-09-08 14:52:57,534 [main] INFO  ozone.HddsDatanodeService (HddsDatanodeService.java:start(184)) - HddsDatanodeService host:pr-hdds-2076-5qqcd-3923466566 ip:192.168.69.92
2019-09-08 14:52:57,536 [org.apache.hadoop.util.JvmPauseMonitor$Monitor@663e376d] INFO  util.JvmPauseMonitor (JvmPauseMonitor.java:run(188)) - Starting JVM pause monitor
2019-09-08 14:52:57,542 [main] INFO  volume.HddsVolume (HddsVolume.java:<init>(176)) - Creating Volume: /workdir/hadoop-ozone/integration-test/target/test-dir/MiniOzoneClusterImpl-cd29ba6b-b71a-4bdc-b5d6-66c210291ea4/datanode-1/data/containers/hdds of  storage type : DISK and capacity : 1482555576320
2019-09-08 14:52:57,543 [main] INFO  volume.VolumeSet (VolumeSet.java:initializeVolumeSet(170)) - Added Volume : /workdir/hadoop-ozone/integration-test/target/test-dir/MiniOzoneClusterImpl-cd29ba6b-b71a-4bdc-b5d6-66c210291ea4/datanode-1/data/containers/hdds to VolumeSet
2019-09-08 14:52:57,543 [main] INFO  volume.ThrottledAsyncChecker (ThrottledAsyncChecker.java:schedule(140)) - Scheduling a check for org.apache.hadoop.ozone.container.common.volume.HddsVolume@26f46fa6
2019-09-08 14:52:57,544 [main] INFO  volume.HddsVolumeChecker (HddsVolumeChecker.java:checkAllVolumes(203)) - Scheduled health check for volume org.apache.hadoop.ozone.container.common.volume.HddsVolume@26f46fa6
2019-09-08 14:52:57,558 [main] INFO  impl.RaftServerProxy (ConfUtils.java:logGet(43)) - raft.rpc.type = GRPC (default)
2019-09-08 14:52:57,558 [main] INFO  grpc.GrpcFactory (GrpcFactory.java:checkPooledByteBufAllocatorUseCacheForAllThreads(45)) - PERFORMANCE WARNING: useCacheForAllThreads is true that may cause Netty to create a lot garbage objects and, as a result, trigger GC.
	It is recommended to disable useCacheForAllThreads by setting -Dorg.apache.ratis.thirdparty.io.netty.allocator.useCacheForAllThreads=false in command line.
2019-09-08 14:52:57,559 [main] INFO  grpc.GrpcConfigKeys$Server (ConfUtils.java:logGet(43)) - raft.grpc.server.port = 0 (default)
2019-09-08 14:52:57,559 [main] INFO  server.GrpcService (ConfUtils.java:logGet(43)) - raft.grpc.message.size.max = 33570816 (custom)
2019-09-08 14:52:57,559 [main] INFO  server.RaftServerConfigKeys (ConfUtils.java:logGet(43)) - raft.server.log.appender.buffer.byte-limit = 33554432 (custom)
2019-09-08 14:52:57,559 [main] INFO  server.GrpcService (ConfUtils.java:logGet(43)) - raft.grpc.flow.control.window = 1MB (=1048576) (default)
2019-09-08 14:52:57,560 [main] INFO  server.RaftServerConfigKeys (ConfUtils.java:logGet(43)) - raft.server.rpc.request.timeout = 3000ms (default)
2019-09-08 14:52:57,560 [main] INFO  server.RaftServerConfigKeys (ConfUtils.java:logGet(43)) - raft.server.storage.dir = [/workdir/hadoop-ozone/integration-test/target/test-dir/MiniOzoneClusterImpl-cd29ba6b-b71a-4bdc-b5d6-66c210291ea4/datanode-1/data/ratis] (custom)
2019-09-08 14:52:57,562 [main] INFO  hdfs.DFSUtil (DFSUtil.java:httpServerTemplateForNNAndJN(1641)) - Starting Web-server for hddsDatanode at: http://0.0.0.0:0
2019-09-08 14:52:57,563 [main] INFO  server.AuthenticationFilter (AuthenticationFilter.java:constructSecretProvider(240)) - Unable to initialize FileSignerSecretProvider, falling back to use random secrets.
2019-09-08 14:52:57,564 [main] WARN  http.HttpRequestLog (HttpRequestLog.java:getRequestLog(97)) - Jetty request log can only be enabled using Log4j
2019-09-08 14:52:57,565 [main] INFO  http.HttpServer2 (HttpServer2.java:addGlobalFilter(975)) - Added global filter 'safety' (class=org.apache.hadoop.http.HttpServer2$QuotingInputFilter)
2019-09-08 14:52:57,566 [main] INFO  http.HttpServer2 (HttpServer2.java:addFilter(948)) - Added filter static_user_filter (class=org.apache.hadoop.http.lib.StaticUserWebFilter$StaticUserFilter) to context hddsDatanode
2019-09-08 14:52:57,566 [main] INFO  http.HttpServer2 (HttpServer2.java:addFilter(958)) - Added filter static_user_filter (class=org.apache.hadoop.http.lib.StaticUserWebFilter$StaticUserFilter) to context logs
2019-09-08 14:52:57,566 [main] INFO  http.HttpServer2 (HttpServer2.java:addFilter(958)) - Added filter static_user_filter (class=org.apache.hadoop.http.lib.StaticUserWebFilter$StaticUserFilter) to context static
2019-09-08 14:52:57,567 [main] INFO  http.HttpServer2 (HttpServer2.java:bindListener(1191)) - Jetty bound to port 34858
2019-09-08 14:52:57,568 [main] INFO  server.Server (Server.java:doStart(351)) - jetty-9.3.24.v20180605, build timestamp: 2018-06-05T17:11:56Z, git hash: 84205aa28f11a4f31f2a3b86d1bba2cc8ab69827
2019-09-08 14:52:57,571 [main] INFO  handler.ContextHandler (ContextHandler.java:doStart(781)) - Started o.e.j.s.ServletContextHandler@5b852b49{/logs,file:///workdir/hadoop-ozone/integration-test/target/log,AVAILABLE}
2019-09-08 14:52:57,572 [main] INFO  handler.ContextHandler (ContextHandler.java:doStart(781)) - Started o.e.j.s.ServletContextHandler@122d6c22{/static,jar:file:/home/user/.m2/repository/org/apache/hadoop/hadoop-hdds-container-service/0.5.0-SNAPSHOT/hadoop-hdds-container-service-0.5.0-SNAPSHOT.jar!/webapps/static,AVAILABLE}
2019-09-08 14:52:57,602 [main] INFO  handler.ContextHandler (ContextHandler.java:doStart(781)) - Started o.e.j.w.WebAppContext@561b61ed{/,file:///tmp/jetty-0.0.0.0-34858-hddsDatanode-_-any-876668125883665589.dir/webapp/,AVAILABLE}{/hddsDatanode}
2019-09-08 14:52:57,602 [main] INFO  server.AbstractConnector (AbstractConnector.java:doStart(278)) - Started ServerConnector@654c7d2d{HTTP/1.1,[http/1.1]}{0.0.0.0:34858}
2019-09-08 14:52:57,603 [main] INFO  server.Server (Server.java:doStart(419)) - Started @5907ms
2019-09-08 14:52:57,604 [main] WARN  impl.MetricsSystemImpl (MetricsSystemImpl.java:register(276)) - Sink prometheus already exists!
2019-09-08 14:52:57,605 [main] INFO  server.BaseHttpServer (BaseHttpServer.java:updateConnectorAddress(215)) - HTTP server of HDDSDATANODE is listening at http://0.0.0.0:34858
2019-09-08 14:52:57,605 [main] INFO  impl.MetricsSystemImpl (MetricsSystemImpl.java:init(158)) - HddsDatanode metrics system started (again)
2019-09-08 14:52:57,609 [main] INFO  ozone.HddsDatanodeService (HddsDatanodeService.java:start(184)) - HddsDatanodeService host:pr-hdds-2076-5qqcd-3923466566 ip:192.168.69.92
2019-09-08 14:52:57,609 [org.apache.hadoop.util.JvmPauseMonitor$Monitor@1649e5b0] INFO  util.JvmPauseMonitor (JvmPauseMonitor.java:run(188)) - Starting JVM pause monitor
2019-09-08 14:52:57,619 [main] INFO  volume.HddsVolume (HddsVolume.java:<init>(176)) - Creating Volume: /workdir/hadoop-ozone/integration-test/target/test-dir/MiniOzoneClusterImpl-cd29ba6b-b71a-4bdc-b5d6-66c210291ea4/datanode-2/data/containers/hdds of  storage type : DISK and capacity : 1482555576320
2019-09-08 14:52:57,619 [main] INFO  volume.VolumeSet (VolumeSet.java:initializeVolumeSet(170)) - Added Volume : /workdir/hadoop-ozone/integration-test/target/test-dir/MiniOzoneClusterImpl-cd29ba6b-b71a-4bdc-b5d6-66c210291ea4/datanode-2/data/containers/hdds to VolumeSet
2019-09-08 14:52:57,619 [main] INFO  volume.ThrottledAsyncChecker (ThrottledAsyncChecker.java:schedule(140)) - Scheduling a check for org.apache.hadoop.ozone.container.common.volume.HddsVolume@1a2bcd56
2019-09-08 14:52:57,620 [main] INFO  volume.HddsVolumeChecker (HddsVolumeChecker.java:checkAllVolumes(203)) - Scheduled health check for volume org.apache.hadoop.ozone.container.common.volume.HddsVolume@1a2bcd56
2019-09-08 14:52:57,637 [main] INFO  impl.RaftServerProxy (ConfUtils.java:logGet(43)) - raft.rpc.type = GRPC (default)
2019-09-08 14:52:57,638 [main] INFO  grpc.GrpcFactory (GrpcFactory.java:checkPooledByteBufAllocatorUseCacheForAllThreads(45)) - PERFORMANCE WARNING: useCacheForAllThreads is true that may cause Netty to create a lot garbage objects and, as a result, trigger GC.
	It is recommended to disable useCacheForAllThreads by setting -Dorg.apache.ratis.thirdparty.io.netty.allocator.useCacheForAllThreads=false in command line.
2019-09-08 14:52:57,638 [main] INFO  grpc.GrpcConfigKeys$Server (ConfUtils.java:logGet(43)) - raft.grpc.server.port = 0 (default)
2019-09-08 14:52:57,638 [main] INFO  server.GrpcService (ConfUtils.java:logGet(43)) - raft.grpc.message.size.max = 33570816 (custom)
2019-09-08 14:52:57,639 [main] INFO  server.RaftServerConfigKeys (ConfUtils.java:logGet(43)) - raft.server.log.appender.buffer.byte-limit = 33554432 (custom)
2019-09-08 14:52:57,639 [main] INFO  server.GrpcService (ConfUtils.java:logGet(43)) - raft.grpc.flow.control.window = 1MB (=1048576) (default)
2019-09-08 14:52:57,639 [main] INFO  server.RaftServerConfigKeys (ConfUtils.java:logGet(43)) - raft.server.rpc.request.timeout = 3000ms (default)
2019-09-08 14:52:57,640 [main] INFO  server.RaftServerConfigKeys (ConfUtils.java:logGet(43)) - raft.server.storage.dir = [/workdir/hadoop-ozone/integration-test/target/test-dir/MiniOzoneClusterImpl-cd29ba6b-b71a-4bdc-b5d6-66c210291ea4/datanode-2/data/ratis] (custom)
2019-09-08 14:52:57,643 [main] INFO  hdfs.DFSUtil (DFSUtil.java:httpServerTemplateForNNAndJN(1641)) - Starting Web-server for hddsDatanode at: http://0.0.0.0:0
2019-09-08 14:52:57,644 [main] INFO  server.AuthenticationFilter (AuthenticationFilter.java:constructSecretProvider(240)) - Unable to initialize FileSignerSecretProvider, falling back to use random secrets.
2019-09-08 14:52:57,645 [main] WARN  http.HttpRequestLog (HttpRequestLog.java:getRequestLog(97)) - Jetty request log can only be enabled using Log4j
2019-09-08 14:52:57,647 [main] INFO  http.HttpServer2 (HttpServer2.java:addGlobalFilter(975)) - Added global filter 'safety' (class=org.apache.hadoop.http.HttpServer2$QuotingInputFilter)
2019-09-08 14:52:57,647 [main] INFO  http.HttpServer2 (HttpServer2.java:addFilter(948)) - Added filter static_user_filter (class=org.apache.hadoop.http.lib.StaticUserWebFilter$StaticUserFilter) to context hddsDatanode
2019-09-08 14:52:57,648 [main] INFO  http.HttpServer2 (HttpServer2.java:addFilter(958)) - Added filter static_user_filter (class=org.apache.hadoop.http.lib.StaticUserWebFilter$StaticUserFilter) to context static
2019-09-08 14:52:57,648 [main] INFO  http.HttpServer2 (HttpServer2.java:addFilter(958)) - Added filter static_user_filter (class=org.apache.hadoop.http.lib.StaticUserWebFilter$StaticUserFilter) to context logs
2019-09-08 14:52:57,649 [main] INFO  http.HttpServer2 (HttpServer2.java:bindListener(1191)) - Jetty bound to port 46454
2019-09-08 14:52:57,649 [main] INFO  server.Server (Server.java:doStart(351)) - jetty-9.3.24.v20180605, build timestamp: 2018-06-05T17:11:56Z, git hash: 84205aa28f11a4f31f2a3b86d1bba2cc8ab69827
2019-09-08 14:52:57,651 [main] INFO  handler.ContextHandler (ContextHandler.java:doStart(781)) - Started o.e.j.s.ServletContextHandler@a451491{/logs,file:///workdir/hadoop-ozone/integration-test/target/log,AVAILABLE}
2019-09-08 14:52:57,652 [main] INFO  handler.ContextHandler (ContextHandler.java:doStart(781)) - Started o.e.j.s.ServletContextHandler@5e519ad3{/static,jar:file:/home/user/.m2/repository/org/apache/hadoop/hadoop-hdds-container-service/0.5.0-SNAPSHOT/hadoop-hdds-container-service-0.5.0-SNAPSHOT.jar!/webapps/static,AVAILABLE}
2019-09-08 14:52:57,659 [Datanode State Machine Thread - 0] INFO  datanode.InitDatanodeState (InitDatanodeState.java:persistContainerDatanodeDetails(140)) - DatanodeDetails is persisted to /workdir/hadoop-ozone/integration-test/target/test-dir/MiniOzoneClusterImpl-cd29ba6b-b71a-4bdc-b5d6-66c210291ea4/datanode-0/meta/datanode.id
2019-09-08 14:52:57,664 [Datanode State Machine Thread - 0] INFO  datanode.InitDatanodeState (InitDatanodeState.java:persistContainerDatanodeDetails(140)) - DatanodeDetails is persisted to /workdir/hadoop-ozone/integration-test/target/test-dir/MiniOzoneClusterImpl-cd29ba6b-b71a-4bdc-b5d6-66c210291ea4/datanode-1/meta/datanode.id
2019-09-08 14:52:57,686 [main] INFO  handler.ContextHandler (ContextHandler.java:doStart(781)) - Started o.e.j.w.WebAppContext@c3edf4c{/,file:///tmp/jetty-0.0.0.0-46454-hddsDatanode-_-any-479107892409269189.dir/webapp/,AVAILABLE}{/hddsDatanode}
2019-09-08 14:52:57,686 [main] INFO  server.AbstractConnector (AbstractConnector.java:doStart(278)) - Started ServerConnector@5af8bb51{HTTP/1.1,[http/1.1]}{0.0.0.0:46454}
2019-09-08 14:52:57,687 [main] INFO  server.Server (Server.java:doStart(419)) - Started @5991ms
2019-09-08 14:52:57,688 [main] WARN  impl.MetricsSystemImpl (MetricsSystemImpl.java:register(276)) - Sink prometheus already exists!
2019-09-08 14:52:57,689 [main] INFO  server.BaseHttpServer (BaseHttpServer.java:updateConnectorAddress(215)) - HTTP server of HDDSDATANODE is listening at http://0.0.0.0:46454
2019-09-08 14:52:57,690 [main] INFO  impl.MetricsSystemImpl (MetricsSystemImpl.java:init(158)) - HddsDatanode metrics system started (again)
2019-09-08 14:52:57,693 [main] INFO  ozone.HddsDatanodeService (HddsDatanodeService.java:start(184)) - HddsDatanodeService host:pr-hdds-2076-5qqcd-3923466566 ip:192.168.69.92
2019-09-08 14:52:57,693 [org.apache.hadoop.util.JvmPauseMonitor$Monitor@45b48aa7] INFO  util.JvmPauseMonitor (JvmPauseMonitor.java:run(188)) - Starting JVM pause monitor
2019-09-08 14:52:57,697 [Datanode State Machine Thread - 0] INFO  datanode.InitDatanodeState (InitDatanodeState.java:persistContainerDatanodeDetails(140)) - DatanodeDetails is persisted to /workdir/hadoop-ozone/integration-test/target/test-dir/MiniOzoneClusterImpl-cd29ba6b-b71a-4bdc-b5d6-66c210291ea4/datanode-2/meta/datanode.id
2019-09-08 14:52:57,701 [main] INFO  volume.HddsVolume (HddsVolume.java:<init>(176)) - Creating Volume: /workdir/hadoop-ozone/integration-test/target/test-dir/MiniOzoneClusterImpl-cd29ba6b-b71a-4bdc-b5d6-66c210291ea4/datanode-3/data/containers/hdds of  storage type : DISK and capacity : 1482555576320
2019-09-08 14:52:57,702 [main] INFO  volume.VolumeSet (VolumeSet.java:initializeVolumeSet(170)) - Added Volume : /workdir/hadoop-ozone/integration-test/target/test-dir/MiniOzoneClusterImpl-cd29ba6b-b71a-4bdc-b5d6-66c210291ea4/datanode-3/data/containers/hdds to VolumeSet
2019-09-08 14:52:57,702 [main] INFO  volume.ThrottledAsyncChecker (ThrottledAsyncChecker.java:schedule(140)) - Scheduling a check for org.apache.hadoop.ozone.container.common.volume.HddsVolume@15639440
2019-09-08 14:52:57,703 [main] INFO  volume.HddsVolumeChecker (HddsVolumeChecker.java:checkAllVolumes(203)) - Scheduled health check for volume org.apache.hadoop.ozone.container.common.volume.HddsVolume@15639440
2019-09-08 14:52:57,717 [main] INFO  impl.RaftServerProxy (ConfUtils.java:logGet(43)) - raft.rpc.type = GRPC (default)
2019-09-08 14:52:57,717 [main] INFO  grpc.GrpcFactory (GrpcFactory.java:checkPooledByteBufAllocatorUseCacheForAllThreads(45)) - PERFORMANCE WARNING: useCacheForAllThreads is true that may cause Netty to create a lot garbage objects and, as a result, trigger GC.
	It is recommended to disable useCacheForAllThreads by setting -Dorg.apache.ratis.thirdparty.io.netty.allocator.useCacheForAllThreads=false in command line.
2019-09-08 14:52:57,718 [main] INFO  grpc.GrpcConfigKeys$Server (ConfUtils.java:logGet(43)) - raft.grpc.server.port = 0 (default)
2019-09-08 14:52:57,718 [main] INFO  server.GrpcService (ConfUtils.java:logGet(43)) - raft.grpc.message.size.max = 33570816 (custom)
2019-09-08 14:52:57,718 [main] INFO  server.RaftServerConfigKeys (ConfUtils.java:logGet(43)) - raft.server.log.appender.buffer.byte-limit = 33554432 (custom)
2019-09-08 14:52:57,718 [main] INFO  server.GrpcService (ConfUtils.java:logGet(43)) - raft.grpc.flow.control.window = 1MB (=1048576) (default)
2019-09-08 14:52:57,718 [main] INFO  server.RaftServerConfigKeys (ConfUtils.java:logGet(43)) - raft.server.rpc.request.timeout = 3000ms (default)
2019-09-08 14:52:57,719 [main] INFO  server.RaftServerConfigKeys (ConfUtils.java:logGet(43)) - raft.server.storage.dir = [/workdir/hadoop-ozone/integration-test/target/test-dir/MiniOzoneClusterImpl-cd29ba6b-b71a-4bdc-b5d6-66c210291ea4/datanode-3/data/ratis] (custom)
2019-09-08 14:52:57,721 [main] INFO  hdfs.DFSUtil (DFSUtil.java:httpServerTemplateForNNAndJN(1641)) - Starting Web-server for hddsDatanode at: http://0.0.0.0:0
2019-09-08 14:52:57,722 [main] INFO  server.AuthenticationFilter (AuthenticationFilter.java:constructSecretProvider(240)) - Unable to initialize FileSignerSecretProvider, falling back to use random secrets.
2019-09-08 14:52:57,722 [main] WARN  http.HttpRequestLog (HttpRequestLog.java:getRequestLog(97)) - Jetty request log can only be enabled using Log4j
2019-09-08 14:52:57,724 [main] INFO  http.HttpServer2 (HttpServer2.java:addGlobalFilter(975)) - Added global filter 'safety' (class=org.apache.hadoop.http.HttpServer2$QuotingInputFilter)
2019-09-08 14:52:57,724 [main] INFO  http.HttpServer2 (HttpServer2.java:addFilter(948)) - Added filter static_user_filter (class=org.apache.hadoop.http.lib.StaticUserWebFilter$StaticUserFilter) to context hddsDatanode
2019-09-08 14:52:57,725 [main] INFO  http.HttpServer2 (HttpServer2.java:addFilter(958)) - Added filter static_user_filter (class=org.apache.hadoop.http.lib.StaticUserWebFilter$StaticUserFilter) to context static
2019-09-08 14:52:57,725 [main] INFO  http.HttpServer2 (HttpServer2.java:addFilter(958)) - Added filter static_user_filter (class=org.apache.hadoop.http.lib.StaticUserWebFilter$StaticUserFilter) to context logs
2019-09-08 14:52:57,725 [main] INFO  http.HttpServer2 (HttpServer2.java:bindListener(1191)) - Jetty bound to port 39249
2019-09-08 14:52:57,726 [main] INFO  server.Server (Server.java:doStart(351)) - jetty-9.3.24.v20180605, build timestamp: 2018-06-05T17:11:56Z, git hash: 84205aa28f11a4f31f2a3b86d1bba2cc8ab69827
2019-09-08 14:52:57,732 [main] INFO  handler.ContextHandler (ContextHandler.java:doStart(781)) - Started o.e.j.s.ServletContextHandler@fc807c1{/logs,file:///workdir/hadoop-ozone/integration-test/target/log,AVAILABLE}
2019-09-08 14:52:57,733 [main] INFO  handler.ContextHandler (ContextHandler.java:doStart(781)) - Started o.e.j.s.ServletContextHandler@59cda16e{/static,jar:file:/home/user/.m2/repository/org/apache/hadoop/hadoop-hdds-container-service/0.5.0-SNAPSHOT/hadoop-hdds-container-service-0.5.0-SNAPSHOT.jar!/webapps/static,AVAILABLE}
2019-09-08 14:52:57,761 [main] INFO  handler.ContextHandler (ContextHandler.java:doStart(781)) - Started o.e.j.w.WebAppContext@3cd9aa64{/,file:///tmp/jetty-0.0.0.0-39249-hddsDatanode-_-any-4157418295613397993.dir/webapp/,AVAILABLE}{/hddsDatanode}
2019-09-08 14:52:57,762 [main] INFO  server.AbstractConnector (AbstractConnector.java:doStart(278)) - Started ServerConnector@42b84286{HTTP/1.1,[http/1.1]}{0.0.0.0:39249}
2019-09-08 14:52:57,763 [main] INFO  server.Server (Server.java:doStart(419)) - Started @6067ms
2019-09-08 14:52:57,763 [main] WARN  impl.MetricsSystemImpl (MetricsSystemImpl.java:register(276)) - Sink prometheus already exists!
2019-09-08 14:52:57,765 [main] INFO  server.BaseHttpServer (BaseHttpServer.java:updateConnectorAddress(215)) - HTTP server of HDDSDATANODE is listening at http://0.0.0.0:39249
2019-09-08 14:52:57,767 [main] INFO  ozone.MiniOzoneClusterImpl (MiniOzoneClusterImpl.java:lambda$waitForClusterToBeReady$0(140)) - Waiting for cluster to be ready. Got 0 of 4 DN Heartbeats.
2019-09-08 14:52:57,768 [org.apache.hadoop.util.JvmPauseMonitor$Monitor@1737c10c] INFO  util.JvmPauseMonitor (JvmPauseMonitor.java:run(188)) - Starting JVM pause monitor
2019-09-08 14:52:57,771 [Datanode State Machine Thread - 0] INFO  datanode.InitDatanodeState (InitDatanodeState.java:persistContainerDatanodeDetails(140)) - DatanodeDetails is persisted to /workdir/hadoop-ozone/integration-test/target/test-dir/MiniOzoneClusterImpl-cd29ba6b-b71a-4bdc-b5d6-66c210291ea4/datanode-3/meta/datanode.id
2019-09-08 14:52:58,768 [main] INFO  ozone.MiniOzoneClusterImpl (MiniOzoneClusterImpl.java:lambda$waitForClusterToBeReady$0(140)) - Waiting for cluster to be ready. Got 0 of 4 DN Heartbeats.
2019-09-08 14:52:59,599 [Datanode State Machine Thread - 0] INFO  ozoneimpl.OzoneContainer (OzoneContainer.java:start(216)) - Attempting to start container services.
2019-09-08 14:52:59,603 [Datanode State Machine Thread - 0] INFO  ozoneimpl.OzoneContainer (OzoneContainer.java:startContainerScrub(178)) - Background container scanner has been disabled.
2019-09-08 14:52:59,603 [Datanode State Machine Thread - 0] INFO  ratis.XceiverServerRatis (XceiverServerRatis.java:start(393)) - Starting XceiverServerRatis 6b9e585b-666e-459d-8548-320514f1f270 at port 0
2019-09-08 14:52:59,629 [Datanode State Machine Thread - 0] INFO  ozoneimpl.OzoneContainer (OzoneContainer.java:start(216)) - Attempting to start container services.
2019-09-08 14:52:59,632 [Datanode State Machine Thread - 0] INFO  impl.RaftServerProxy (RaftServerProxy.java:lambda$start$3(299)) - 6b9e585b-666e-459d-8548-320514f1f270: start RPC server
2019-09-08 14:52:59,635 [Datanode State Machine Thread - 0] INFO  ozoneimpl.OzoneContainer (OzoneContainer.java:startContainerScrub(178)) - Background container scanner has been disabled.
2019-09-08 14:52:59,636 [Datanode State Machine Thread - 0] INFO  ratis.XceiverServerRatis (XceiverServerRatis.java:start(393)) - Starting XceiverServerRatis c3446bd1-431c-4a98-8f5a-c4750f752200 at port 0
2019-09-08 14:52:59,649 [Datanode State Machine Thread - 0] INFO  impl.RaftServerProxy (RaftServerProxy.java:lambda$start$3(299)) - c3446bd1-431c-4a98-8f5a-c4750f752200: start RPC server
2019-09-08 14:52:59,722 [Datanode State Machine Thread - 0] INFO  ozoneimpl.OzoneContainer (OzoneContainer.java:start(216)) - Attempting to start container services.
2019-09-08 14:52:59,724 [Datanode State Machine Thread - 0] INFO  ozoneimpl.OzoneContainer (OzoneContainer.java:startContainerScrub(178)) - Background container scanner has been disabled.
2019-09-08 14:52:59,724 [Datanode State Machine Thread - 0] INFO  ratis.XceiverServerRatis (XceiverServerRatis.java:start(393)) - Starting XceiverServerRatis 77feb63d-892e-4814-8dc2-ee631f7cde14 at port 0
2019-09-08 14:52:59,734 [Datanode State Machine Thread - 0] INFO  impl.RaftServerProxy (RaftServerProxy.java:lambda$start$3(299)) - 77feb63d-892e-4814-8dc2-ee631f7cde14: start RPC server
2019-09-08 14:52:59,768 [main] INFO  ozone.MiniOzoneClusterImpl (MiniOzoneClusterImpl.java:lambda$waitForClusterToBeReady$0(140)) - Waiting for cluster to be ready. Got 0 of 4 DN Heartbeats.
2019-09-08 14:52:59,805 [Datanode State Machine Thread - 0] INFO  server.GrpcService (GrpcService.java:startImpl(149)) - 77feb63d-892e-4814-8dc2-ee631f7cde14: GrpcService started, listening on 0.0.0.0/0.0.0.0:42261
2019-09-08 14:52:59,805 [Datanode State Machine Thread - 0] INFO  server.GrpcService (GrpcService.java:startImpl(149)) - c3446bd1-431c-4a98-8f5a-c4750f752200: GrpcService started, listening on 0.0.0.0/0.0.0.0:42149
2019-09-08 14:52:59,805 [Datanode State Machine Thread - 0] INFO  server.GrpcService (GrpcService.java:startImpl(149)) - 6b9e585b-666e-459d-8548-320514f1f270: GrpcService started, listening on 0.0.0.0/0.0.0.0:35944
2019-09-08 14:52:59,807 [Datanode State Machine Thread - 0] INFO  ratis.XceiverServerRatis (XceiverServerRatis.java:start(403)) - XceiverServerRatis c3446bd1-431c-4a98-8f5a-c4750f752200 is started using port 42149
2019-09-08 14:52:59,806 [Datanode State Machine Thread - 0] INFO  ratis.XceiverServerRatis (XceiverServerRatis.java:start(403)) - XceiverServerRatis 77feb63d-892e-4814-8dc2-ee631f7cde14 is started using port 42261
2019-09-08 14:52:59,807 [Datanode State Machine Thread - 0] INFO  ratis.XceiverServerRatis (XceiverServerRatis.java:start(403)) - XceiverServerRatis 6b9e585b-666e-459d-8548-320514f1f270 is started using port 35944
2019-09-08 14:52:59,811 [Datanode State Machine Thread - 0] INFO  ozoneimpl.OzoneContainer (OzoneContainer.java:start(216)) - Attempting to start container services.
2019-09-08 14:52:59,813 [Datanode State Machine Thread - 0] INFO  ozoneimpl.OzoneContainer (OzoneContainer.java:startContainerScrub(178)) - Background container scanner has been disabled.
2019-09-08 14:52:59,814 [Datanode State Machine Thread - 0] INFO  server.XceiverServerGrpc (XceiverServerGrpc.java:start(163)) - XceiverServerGrpc 6b9e585b-666e-459d-8548-320514f1f270 is started using port 41027
2019-09-08 14:52:59,814 [Datanode State Machine Thread - 0] INFO  ratis.XceiverServerRatis (XceiverServerRatis.java:start(393)) - Starting XceiverServerRatis 00b73927-b021-47b3-a043-bc4f6e85dc3e at port 0
2019-09-08 14:52:59,813 [Datanode State Machine Thread - 0] INFO  server.XceiverServerGrpc (XceiverServerGrpc.java:start(163)) - XceiverServerGrpc c3446bd1-431c-4a98-8f5a-c4750f752200 is started using port 41232
2019-09-08 14:52:59,813 [Datanode State Machine Thread - 0] INFO  server.XceiverServerGrpc (XceiverServerGrpc.java:start(163)) - XceiverServerGrpc 77feb63d-892e-4814-8dc2-ee631f7cde14 is started using port 39283
2019-09-08 14:52:59,825 [Datanode State Machine Thread - 0] INFO  impl.RaftServerProxy (RaftServerProxy.java:lambda$start$3(299)) - 00b73927-b021-47b3-a043-bc4f6e85dc3e: start RPC server
2019-09-08 14:52:59,828 [Datanode State Machine Thread - 0] INFO  server.GrpcService (GrpcService.java:startImpl(149)) - 00b73927-b021-47b3-a043-bc4f6e85dc3e: GrpcService started, listening on 0.0.0.0/0.0.0.0:35947
2019-09-08 14:52:59,828 [Datanode State Machine Thread - 0] INFO  ratis.XceiverServerRatis (XceiverServerRatis.java:start(403)) - XceiverServerRatis 00b73927-b021-47b3-a043-bc4f6e85dc3e is started using port 35947
2019-09-08 14:52:59,830 [Datanode State Machine Thread - 0] INFO  server.XceiverServerGrpc (XceiverServerGrpc.java:start(163)) - XceiverServerGrpc 00b73927-b021-47b3-a043-bc4f6e85dc3e is started using port 42813
2019-09-08 14:53:00,769 [main] INFO  ozone.MiniOzoneClusterImpl (MiniOzoneClusterImpl.java:lambda$waitForClusterToBeReady$0(140)) - Waiting for cluster to be ready. Got 0 of 4 DN Heartbeats.
2019-09-08 14:53:01,572 [IPC Server handler 17 on 40671] INFO  net.NetworkTopology (NetworkTopologyImpl.java:add(110)) - Added a new node: /default-rack/6b9e585b-666e-459d-8548-320514f1f270
2019-09-08 14:53:01,572 [IPC Server handler 17 on 40671] INFO  node.SCMNodeManager (SCMNodeManager.java:register(266)) - Registered Data node : 6b9e585b-666e-459d-8548-320514f1f270{ip: 192.168.69.92, host: pr-hdds-2076-5qqcd-3923466566, networkLocation: /default-rack, certSerialId: null}
2019-09-08 14:53:01,577 [EventQueue-NodeRegistrationContainerReportForDataNodeSafeModeRule] INFO  safemode.SCMSafeModeManager (DataNodeSafeModeRule.java:process(71)) - SCM in safe mode. 1 DataNodes registered, 1 required.
2019-09-08 14:53:01,577 [EventQueue-NodeRegistrationContainerReportForDataNodeSafeModeRule] INFO  safemode.SCMSafeModeManager (SCMSafeModeManager.java:validateSafeModeExitRules(177)) - ScmSafeModeManager, all rules are successfully validated
2019-09-08 14:53:01,577 [EventQueue-NodeRegistrationContainerReportForDataNodeSafeModeRule] INFO  safemode.SCMSafeModeManager (SCMSafeModeManager.java:exitSafeMode(193)) - SCM exiting safe mode.
2019-09-08 14:53:01,612 [IPC Server handler 18 on 40671] INFO  net.NetworkTopology (NetworkTopologyImpl.java:add(110)) - Added a new node: /default-rack/c3446bd1-431c-4a98-8f5a-c4750f752200
2019-09-08 14:53:01,612 [IPC Server handler 18 on 40671] INFO  node.SCMNodeManager (SCMNodeManager.java:register(266)) - Registered Data node : c3446bd1-431c-4a98-8f5a-c4750f752200{ip: 192.168.69.92, host: pr-hdds-2076-5qqcd-3923466566, networkLocation: /default-rack, certSerialId: null}
2019-09-08 14:53:01,697 [IPC Server handler 13 on 40671] INFO  net.NetworkTopology (NetworkTopologyImpl.java:add(110)) - Added a new node: /default-rack/77feb63d-892e-4814-8dc2-ee631f7cde14
2019-09-08 14:53:01,698 [IPC Server handler 13 on 40671] INFO  node.SCMNodeManager (SCMNodeManager.java:register(266)) - Registered Data node : 77feb63d-892e-4814-8dc2-ee631f7cde14{ip: 192.168.69.92, host: pr-hdds-2076-5qqcd-3923466566, networkLocation: /default-rack, certSerialId: null}
2019-09-08 14:53:01,772 [main] INFO  ozone.MiniOzoneClusterImpl (MiniOzoneClusterImpl.java:lambda$waitForClusterToBeReady$0(140)) - Waiting for cluster to be ready. Got 3 of 4 DN Heartbeats.
2019-09-08 14:53:01,773 [IPC Server handler 17 on 40671] INFO  net.NetworkTopology (NetworkTopologyImpl.java:add(110)) - Added a new node: /default-rack/00b73927-b021-47b3-a043-bc4f6e85dc3e
2019-09-08 14:53:01,773 [IPC Server handler 17 on 40671] INFO  node.SCMNodeManager (SCMNodeManager.java:register(266)) - Registered Data node : 00b73927-b021-47b3-a043-bc4f6e85dc3e{ip: 192.168.69.92, host: pr-hdds-2076-5qqcd-3923466566, networkLocation: /default-rack, certSerialId: null}
2019-09-08 14:53:02,119 [grpc-default-executor-0] INFO  impl.RaftServerProxy (RaftServerProxy.java:addNew(89)) - 6b9e585b-666e-459d-8548-320514f1f270: addNew group-9C566DCAEE2A:[6b9e585b-666e-459d-8548-320514f1f270:192.168.69.92:35944] returns group-9C566DCAEE2A:java.util.concurrent.CompletableFuture@2d3c4d6f[Not completed]
2019-09-08 14:53:02,134 [pool-27-thread-1] INFO  impl.RaftServerImpl (RaftServerImpl.java:<init>(93)) - 6b9e585b-666e-459d-8548-320514f1f270: new RaftServerImpl for group-9C566DCAEE2A:[6b9e585b-666e-459d-8548-320514f1f270:192.168.69.92:35944] with ContainerStateMachine:uninitialized
2019-09-08 14:53:02,139 [pool-27-thread-1] INFO  server.RaftServerConfigKeys (ConfUtils.java:logGet(43)) - raft.server.rpc.timeout.min = 5s (custom)
2019-09-08 14:53:02,140 [pool-27-thread-1] INFO  server.RaftServerConfigKeys (ConfUtils.java:logGet(43)) - raft.server.rpc.timeout.max = 5200ms (custom)
2019-09-08 14:53:02,140 [pool-27-thread-1] INFO  server.RaftServerConfigKeys (ConfUtils.java:logGet(43)) - raft.server.rpcslowness.timeout = 1000s (custom)
2019-09-08 14:53:02,141 [pool-27-thread-1] INFO  server.RaftServerConfigKeys (ConfUtils.java:logGet(43)) - raft.server.sleep.deviation.threshold = 300 (default)
2019-09-08 14:53:02,142 [pool-27-thread-1] INFO  server.RaftServerConfigKeys (ConfUtils.java:logGet(43)) - raft.server.log.appender.install.snapshot.enabled = false (custom)
2019-09-08 14:53:02,156 [pool-27-thread-1] INFO  impl.RaftServerImpl (ServerState.java:<init>(105)) - 6b9e585b-666e-459d-8548-320514f1f270:group-9C566DCAEE2A ConfigurationManager, init=-1: [6b9e585b-666e-459d-8548-320514f1f270:192.168.69.92:35944], old=null, confs=<EMPTY_MAP>
2019-09-08 14:53:02,157 [pool-27-thread-1] INFO  server.RaftServerConfigKeys (ConfUtils.java:logGet(43)) - raft.server.storage.dir = [/workdir/hadoop-ozone/integration-test/target/test-dir/MiniOzoneClusterImpl-cd29ba6b-b71a-4bdc-b5d6-66c210291ea4/datanode-0/data/ratis] (custom)
2019-09-08 14:53:02,166 [pool-27-thread-1] INFO  storage.RaftStorageDirectory (RaftStorageDirectory.java:analyzeStorage(246)) - The storage directory /workdir/hadoop-ozone/integration-test/target/test-dir/MiniOzoneClusterImpl-cd29ba6b-b71a-4bdc-b5d6-66c210291ea4/datanode-0/data/ratis/572750c4-91d5-4786-945c-9c566dcaee2a does not exist. Creating ...
2019-09-08 14:53:02,193 [pool-27-thread-1] INFO  storage.RaftStorageDirectory (RaftStorageDirectory.java:tryLock(328)) - Lock on /workdir/hadoop-ozone/integration-test/target/test-dir/MiniOzoneClusterImpl-cd29ba6b-b71a-4bdc-b5d6-66c210291ea4/datanode-0/data/ratis/572750c4-91d5-4786-945c-9c566dcaee2a/in_use.lock acquired by nodename 7633@pr-hdds-2076-5qqcd-3923466566
2019-09-08 14:53:02,210 [pool-27-thread-1] INFO  storage.RaftStorage (RaftStorage.java:format(72)) - Storage directory /workdir/hadoop-ozone/integration-test/target/test-dir/MiniOzoneClusterImpl-cd29ba6b-b71a-4bdc-b5d6-66c210291ea4/datanode-0/data/ratis/572750c4-91d5-4786-945c-9c566dcaee2a has been successfully formatted.
2019-09-08 14:53:02,213 [pool-27-thread-1] INFO  ratis.ContainerStateMachine (ContainerStateMachine.java:loadSnapshot(227)) - group-9C566DCAEE2A: The snapshot info is null. Setting the last applied indexto:(t:0, i:~)
2019-09-08 14:53:02,213 [pool-27-thread-1] INFO  server.RaftServerConfigKeys (ConfUtils.java:logGet(43)) - raft.server.leader.election.timeout = 1000s (custom)
2019-09-08 14:53:02,216 [pool-27-thread-1] INFO  server.RaftServerConfigKeys (ConfUtils.java:logGet(43)) - raft.server.log.use.memory = false (default)
2019-09-08 14:53:02,222 [pool-27-thread-1] INFO  server.RaftServerConfigKeys (ConfUtils.java:logGet(43)) - raft.server.log.purge.gap = 1000000 (custom)
2019-09-08 14:53:02,222 [pool-27-thread-1] INFO  server.RaftServerConfigKeys (ConfUtils.java:logGet(43)) - raft.server.log.appender.buffer.byte-limit = 33554432 (custom)
2019-09-08 14:53:02,224 [pool-27-thread-1] INFO  server.RaftServerConfigKeys (ConfUtils.java:logGet(43)) - raft.server.log.segment.size.max = 1048576 (custom)
2019-09-08 14:53:02,229 [pool-27-thread-1] INFO  server.RaftServerConfigKeys (ConfUtils.java:logGet(43)) - raft.server.log.segment.cache.num.max = 2 (custom)
2019-09-08 14:53:02,235 [pool-27-thread-1] INFO  segmented.SegmentedRaftLogWorker (SegmentedRaftLogWorker.java:<init>(172)) - new 6b9e585b-666e-459d-8548-320514f1f270-SegmentedRaftLogWorker:Storage Directory /workdir/hadoop-ozone/integration-test/target/test-dir/MiniOzoneClusterImpl-cd29ba6b-b71a-4bdc-b5d6-66c210291ea4/datanode-0/data/ratis/572750c4-91d5-4786-945c-9c566dcaee2a for RaftStorage:Storage Directory /workdir/hadoop-ozone/integration-test/target/test-dir/MiniOzoneClusterImpl-cd29ba6b-b71a-4bdc-b5d6-66c210291ea4/datanode-0/data/ratis/572750c4-91d5-4786-945c-9c566dcaee2a
2019-09-08 14:53:02,248 [pool-27-thread-1] INFO  server.RaftServerConfigKeys (ConfUtils.java:logGet(43)) - raft.server.log.queue.byte-limit = 2147483647 (custom)
2019-09-08 14:53:02,249 [pool-27-thread-1] INFO  server.RaftServerConfigKeys (ConfUtils.java:logGet(43)) - raft.server.log.queue.element-limit = 1024 (custom)
2019-09-08 14:53:02,254 [pool-27-thread-1] INFO  server.RaftServerConfigKeys (ConfUtils.java:logGet(43)) - raft.server.log.segment.size.max = 1048576 (custom)
2019-09-08 14:53:02,255 [pool-27-thread-1] INFO  server.RaftServerConfigKeys (ConfUtils.java:logGet(43)) - raft.server.log.preallocated.size = 16384 (custom)
2019-09-08 14:53:02,255 [pool-27-thread-1] INFO  server.RaftServerConfigKeys (ConfUtils.java:logGet(43)) - raft.server.log.write.buffer.size = 33554432 (custom)
2019-09-08 14:53:02,255 [pool-27-thread-1] INFO  server.RaftServerConfigKeys (ConfUtils.java:logGet(43)) - raft.server.log.force.sync.num = 128 (default)
2019-09-08 14:53:02,256 [pool-27-thread-1] INFO  server.RaftServerConfigKeys (ConfUtils.java:logGet(43)) - raft.server.log.statemachine.data.sync = true (default)
2019-09-08 14:53:02,257 [pool-27-thread-1] INFO  server.RaftServerConfigKeys (ConfUtils.java:logGet(43)) - raft.server.log.statemachine.data.sync.timeout = 10s (default)
2019-09-08 14:53:02,257 [pool-27-thread-1] INFO  server.RaftServerConfigKeys (ConfUtils.java:logGet(43)) - raft.server.log.statemachine.data.sync.timeout.retry = -1 (default)
2019-09-08 14:53:02,266 [pool-27-thread-1] INFO  server.RaftServerConfigKeys (ConfUtils.java:logGet(43)) - raft.server.log.statemachine.data.caching.enabled = true (custom)
2019-09-08 14:53:02,271 [pool-27-thread-1] INFO  segmented.SegmentedRaftLogWorker (SegmentedRaftLogWorker.java:lambda$new$0(132)) - 6b9e585b-666e-459d-8548-320514f1f270-SegmentedRaftLogWorker:Storage Directory /workdir/hadoop-ozone/integration-test/target/test-dir/MiniOzoneClusterImpl-cd29ba6b-b71a-4bdc-b5d6-66c210291ea4/datanode-0/data/ratis/572750c4-91d5-4786-945c-9c566dcaee2a: flushIndex: setUnconditionally 0 -> -1
2019-09-08 14:53:02,275 [pool-27-thread-1] INFO  server.RaftServerConfigKeys (ConfUtils.java:logGet(43)) - raft.server.snapshot.auto.trigger.enabled = true (custom)
2019-09-08 14:53:02,276 [pool-27-thread-1] INFO  server.RaftServerConfigKeys (ConfUtils.java:logGet(43)) - raft.server.snapshot.auto.trigger.threshold = 10000 (custom)
2019-09-08 14:53:02,277 [pool-27-thread-1] INFO  server.RaftServerConfigKeys (ConfUtils.java:logGet(43)) - raft.server.retrycache.expirytime = 600000ms (custom)
2019-09-08 14:53:02,296 [pool-27-thread-1] INFO  impl.RaftServerImpl (RaftServerImpl.java:start(180)) - 6b9e585b-666e-459d-8548-320514f1f270: start group-9C566DCAEE2A
2019-09-08 14:53:02,297 [pool-27-thread-1] INFO  impl.RaftServerImpl (RaftServerImpl.java:setRole(171)) - 6b9e585b-666e-459d-8548-320514f1f270:group-9C566DCAEE2A changes role from null to FOLLOWER at term 0 for startAsFollower
2019-09-08 14:53:02,298 [pool-27-thread-1] INFO  impl.RoleInfo (RoleInfo.java:updateAndGet(143)) - 6b9e585b-666e-459d-8548-320514f1f270: start FollowerState
2019-09-08 14:53:02,300 [pool-27-thread-1] INFO  util.JmxRegister (JmxRegister.java:tryRegister(44)) - Successfully registered JMX Bean with object name Ratis:service=RaftServer,group=group-9C566DCAEE2A,id=6b9e585b-666e-459d-8548-320514f1f270
2019-09-08 14:53:02,361 [RatisPipelineUtilsThread] INFO  pipeline.PipelineStateManager (PipelineStateManager.java:addPipeline(56)) - Created pipeline Pipeline[ Id: 572750c4-91d5-4786-945c-9c566dcaee2a, Nodes: 6b9e585b-666e-459d-8548-320514f1f270{ip: 192.168.69.92, host: pr-hdds-2076-5qqcd-3923466566, networkLocation: /default-rack, certSerialId: null}, Type:RATIS, Factor:ONE, State:OPEN]
2019-09-08 14:53:02,383 [grpc-default-executor-0] INFO  impl.RaftServerProxy (RaftServerProxy.java:addNew(89)) - 77feb63d-892e-4814-8dc2-ee631f7cde14: addNew group-0DC70FFF7BE8:[77feb63d-892e-4814-8dc2-ee631f7cde14:192.168.69.92:42261] returns group-0DC70FFF7BE8:java.util.concurrent.CompletableFuture@4c63c0d[Not completed]
2019-09-08 14:53:02,422 [pool-47-thread-1] INFO  impl.RaftServerImpl (RaftServerImpl.java:<init>(93)) - 77feb63d-892e-4814-8dc2-ee631f7cde14: new RaftServerImpl for group-0DC70FFF7BE8:[77feb63d-892e-4814-8dc2-ee631f7cde14:192.168.69.92:42261] with ContainerStateMachine:uninitialized
2019-09-08 14:53:02,424 [pool-47-thread-1] INFO  server.RaftServerConfigKeys (ConfUtils.java:logGet(43)) - raft.server.rpc.timeout.min = 5s (custom)
2019-09-08 14:53:02,424 [pool-47-thread-1] INFO  server.RaftServerConfigKeys (ConfUtils.java:logGet(43)) - raft.server.rpc.timeout.max = 5200ms (custom)
2019-09-08 14:53:02,424 [pool-47-thread-1] INFO  server.RaftServerConfigKeys (ConfUtils.java:logGet(43)) - raft.server.rpcslowness.timeout = 1000s (custom)
2019-09-08 14:53:02,424 [pool-47-thread-1] INFO  server.RaftServerConfigKeys (ConfUtils.java:logGet(43)) - raft.server.sleep.deviation.threshold = 300 (default)
2019-09-08 14:53:02,424 [pool-47-thread-1] INFO  server.RaftServerConfigKeys (ConfUtils.java:logGet(43)) - raft.server.log.appender.install.snapshot.enabled = false (custom)
2019-09-08 14:53:02,425 [pool-47-thread-1] INFO  impl.RaftServerImpl (ServerState.java:<init>(105)) - 77feb63d-892e-4814-8dc2-ee631f7cde14:group-0DC70FFF7BE8 ConfigurationManager, init=-1: [77feb63d-892e-4814-8dc2-ee631f7cde14:192.168.69.92:42261], old=null, confs=<EMPTY_MAP>
2019-09-08 14:53:02,425 [pool-47-thread-1] INFO  server.RaftServerConfigKeys (ConfUtils.java:logGet(43)) - raft.server.storage.dir = [/workdir/hadoop-ozone/integration-test/target/test-dir/MiniOzoneClusterImpl-cd29ba6b-b71a-4bdc-b5d6-66c210291ea4/datanode-2/data/ratis] (custom)
2019-09-08 14:53:02,425 [pool-47-thread-1] INFO  storage.RaftStorageDirectory (RaftStorageDirectory.java:analyzeStorage(246)) - The storage directory /workdir/hadoop-ozone/integration-test/target/test-dir/MiniOzoneClusterImpl-cd29ba6b-b71a-4bdc-b5d6-66c210291ea4/datanode-2/data/ratis/2ab8f0b0-91db-4fa7-9e64-0dc70fff7be8 does not exist. Creating ...
2019-09-08 14:53:02,444 [pool-47-thread-1] INFO  storage.RaftStorageDirectory (RaftStorageDirectory.java:tryLock(328)) - Lock on /workdir/hadoop-ozone/integration-test/target/test-dir/MiniOzoneClusterImpl-cd29ba6b-b71a-4bdc-b5d6-66c210291ea4/datanode-2/data/ratis/2ab8f0b0-91db-4fa7-9e64-0dc70fff7be8/in_use.lock acquired by nodename 7633@pr-hdds-2076-5qqcd-3923466566
2019-09-08 14:53:02,501 [pool-47-thread-1] INFO  storage.RaftStorage (RaftStorage.java:format(72)) - Storage directory /workdir/hadoop-ozone/integration-test/target/test-dir/MiniOzoneClusterImpl-cd29ba6b-b71a-4bdc-b5d6-66c210291ea4/datanode-2/data/ratis/2ab8f0b0-91db-4fa7-9e64-0dc70fff7be8 has been successfully formatted.
2019-09-08 14:53:02,502 [pool-47-thread-1] INFO  ratis.ContainerStateMachine (ContainerStateMachine.java:loadSnapshot(227)) - group-0DC70FFF7BE8: The snapshot info is null. Setting the last applied indexto:(t:0, i:~)
2019-09-08 14:53:02,504 [pool-47-thread-1] INFO  server.RaftServerConfigKeys (ConfUtils.java:logGet(43)) - raft.server.leader.election.timeout = 1000s (custom)
2019-09-08 14:53:02,504 [pool-47-thread-1] INFO  server.RaftServerConfigKeys (ConfUtils.java:logGet(43)) - raft.server.log.use.memory = false (default)
2019-09-08 14:53:02,504 [pool-47-thread-1] INFO  server.RaftServerConfigKeys (ConfUtils.java:logGet(43)) - raft.server.log.purge.gap = 1000000 (custom)
2019-09-08 14:53:02,504 [pool-47-thread-1] INFO  server.RaftServerConfigKeys (ConfUtils.java:logGet(43)) - raft.server.log.appender.buffer.byte-limit = 33554432 (custom)
2019-09-08 14:53:02,505 [pool-47-thread-1] INFO  server.RaftServerConfigKeys (ConfUtils.java:logGet(43)) - raft.server.log.segment.size.max = 1048576 (custom)
2019-09-08 14:53:02,505 [pool-47-thread-1] INFO  server.RaftServerConfigKeys (ConfUtils.java:logGet(43)) - raft.server.log.segment.cache.num.max = 2 (custom)
2019-09-08 14:53:02,505 [pool-47-thread-1] INFO  segmented.SegmentedRaftLogWorker (SegmentedRaftLogWorker.java:<init>(172)) - new 77feb63d-892e-4814-8dc2-ee631f7cde14-SegmentedRaftLogWorker:Storage Directory /workdir/hadoop-ozone/integration-test/target/test-dir/MiniOzoneClusterImpl-cd29ba6b-b71a-4bdc-b5d6-66c210291ea4/datanode-2/data/ratis/2ab8f0b0-91db-4fa7-9e64-0dc70fff7be8 for RaftStorage:Storage Directory /workdir/hadoop-ozone/integration-test/target/test-dir/MiniOzoneClusterImpl-cd29ba6b-b71a-4bdc-b5d6-66c210291ea4/datanode-2/data/ratis/2ab8f0b0-91db-4fa7-9e64-0dc70fff7be8
2019-09-08 14:53:02,507 [pool-47-thread-1] INFO  server.RaftServerConfigKeys (ConfUtils.java:logGet(43)) - raft.server.log.queue.byte-limit = 2147483647 (custom)
2019-09-08 14:53:02,507 [pool-47-thread-1] INFO  server.RaftServerConfigKeys (ConfUtils.java:logGet(43)) - raft.server.log.queue.element-limit = 1024 (custom)
2019-09-08 14:53:02,507 [pool-47-thread-1] INFO  server.RaftServerConfigKeys (ConfUtils.java:logGet(43)) - raft.server.log.segment.size.max = 1048576 (custom)
2019-09-08 14:53:02,507 [pool-47-thread-1] INFO  server.RaftServerConfigKeys (ConfUtils.java:logGet(43)) - raft.server.log.preallocated.size = 16384 (custom)
2019-09-08 14:53:02,508 [pool-47-thread-1] INFO  server.RaftServerConfigKeys (ConfUtils.java:logGet(43)) - raft.server.log.write.buffer.size = 33554432 (custom)
2019-09-08 14:53:02,508 [pool-47-thread-1] INFO  server.RaftServerConfigKeys (ConfUtils.java:logGet(43)) - raft.server.log.force.sync.num = 128 (default)
2019-09-08 14:53:02,508 [pool-47-thread-1] INFO  server.RaftServerConfigKeys (ConfUtils.java:logGet(43)) - raft.server.log.statemachine.data.sync = true (default)
2019-09-08 14:53:02,508 [pool-47-thread-1] INFO  server.RaftServerConfigKeys (ConfUtils.java:logGet(43)) - raft.server.log.statemachine.data.sync.timeout = 10s (default)
2019-09-08 14:53:02,509 [pool-47-thread-1] INFO  server.RaftServerConfigKeys (ConfUtils.java:logGet(43)) - raft.server.log.statemachine.data.sync.timeout.retry = -1 (default)
2019-09-08 14:53:02,509 [pool-47-thread-1] INFO  server.RaftServerConfigKeys (ConfUtils.java:logGet(43)) - raft.server.log.statemachine.data.caching.enabled = true (custom)
2019-09-08 14:53:02,509 [pool-47-thread-1] INFO  segmented.SegmentedRaftLogWorker (SegmentedRaftLogWorker.java:lambda$new$0(132)) - 77feb63d-892e-4814-8dc2-ee631f7cde14-SegmentedRaftLogWorker:Storage Directory /workdir/hadoop-ozone/integration-test/target/test-dir/MiniOzoneClusterImpl-cd29ba6b-b71a-4bdc-b5d6-66c210291ea4/datanode-2/data/ratis/2ab8f0b0-91db-4fa7-9e64-0dc70fff7be8: flushIndex: setUnconditionally 0 -> -1
2019-09-08 14:53:02,510 [pool-47-thread-1] INFO  server.RaftServerConfigKeys (ConfUtils.java:logGet(43)) - raft.server.snapshot.auto.trigger.enabled = true (custom)
2019-09-08 14:53:02,510 [pool-47-thread-1] INFO  server.RaftServerConfigKeys (ConfUtils.java:logGet(43)) - raft.server.snapshot.auto.trigger.threshold = 10000 (custom)
2019-09-08 14:53:02,510 [pool-47-thread-1] INFO  server.RaftServerConfigKeys (ConfUtils.java:logGet(43)) - raft.server.retrycache.expirytime = 600000ms (custom)
2019-09-08 14:53:02,511 [pool-47-thread-1] INFO  impl.RaftServerImpl (RaftServerImpl.java:start(180)) - 77feb63d-892e-4814-8dc2-ee631f7cde14: start group-0DC70FFF7BE8
2019-09-08 14:53:02,511 [pool-47-thread-1] INFO  impl.RaftServerImpl (RaftServerImpl.java:setRole(171)) - 77feb63d-892e-4814-8dc2-ee631f7cde14:group-0DC70FFF7BE8 changes role from null to FOLLOWER at term 0 for startAsFollower
2019-09-08 14:53:02,511 [pool-47-thread-1] INFO  impl.RoleInfo (RoleInfo.java:updateAndGet(143)) - 77feb63d-892e-4814-8dc2-ee631f7cde14: start FollowerState
2019-09-08 14:53:02,513 [pool-47-thread-1] INFO  util.JmxRegister (JmxRegister.java:tryRegister(44)) - Successfully registered JMX Bean with object name Ratis:service=RaftServer,group=group-0DC70FFF7BE8,id=77feb63d-892e-4814-8dc2-ee631f7cde14
2019-09-08 14:53:02,529 [RatisPipelineUtilsThread] INFO  pipeline.PipelineStateManager (PipelineStateManager.java:addPipeline(56)) - Created pipeline Pipeline[ Id: 2ab8f0b0-91db-4fa7-9e64-0dc70fff7be8, Nodes: 77feb63d-892e-4814-8dc2-ee631f7cde14{ip: 192.168.69.92, host: pr-hdds-2076-5qqcd-3923466566, networkLocation: /default-rack, certSerialId: null}, Type:RATIS, Factor:ONE, State:OPEN]
2019-09-08 14:53:02,552 [grpc-default-executor-0] INFO  impl.RaftServerProxy (RaftServerProxy.java:addNew(89)) - 00b73927-b021-47b3-a043-bc4f6e85dc3e: addNew group-0383AE47BD53:[00b73927-b021-47b3-a043-bc4f6e85dc3e:192.168.69.92:35947] returns group-0383AE47BD53:java.util.concurrent.CompletableFuture@d7d64dd[Not completed]
2019-09-08 14:53:02,572 [pool-57-thread-1] INFO  impl.RaftServerImpl (RaftServerImpl.java:<init>(93)) - 00b73927-b021-47b3-a043-bc4f6e85dc3e: new RaftServerImpl for group-0383AE47BD53:[00b73927-b021-47b3-a043-bc4f6e85dc3e:192.168.69.92:35947] with ContainerStateMachine:uninitialized
2019-09-08 14:53:02,575 [pool-57-thread-1] INFO  server.RaftServerConfigKeys (ConfUtils.java:logGet(43)) - raft.server.rpc.timeout.min = 5s (custom)
2019-09-08 14:53:02,575 [pool-57-thread-1] INFO  server.RaftServerConfigKeys (ConfUtils.java:logGet(43)) - raft.server.rpc.timeout.max = 5200ms (custom)
2019-09-08 14:53:02,575 [pool-57-thread-1] INFO  server.RaftServerConfigKeys (ConfUtils.java:logGet(43)) - raft.server.rpcslowness.timeout = 1000s (custom)
2019-09-08 14:53:02,575 [pool-57-thread-1] INFO  server.RaftServerConfigKeys (ConfUtils.java:logGet(43)) - raft.server.sleep.deviation.threshold = 300 (default)
2019-09-08 14:53:02,576 [pool-57-thread-1] INFO  server.RaftServerConfigKeys (ConfUtils.java:logGet(43)) - raft.server.log.appender.install.snapshot.enabled = false (custom)
2019-09-08 14:53:02,576 [pool-57-thread-1] INFO  impl.RaftServerImpl (ServerState.java:<init>(105)) - 00b73927-b021-47b3-a043-bc4f6e85dc3e:group-0383AE47BD53 ConfigurationManager, init=-1: [00b73927-b021-47b3-a043-bc4f6e85dc3e:192.168.69.92:35947], old=null, confs=<EMPTY_MAP>
2019-09-08 14:53:02,576 [pool-57-thread-1] INFO  server.RaftServerConfigKeys (ConfUtils.java:logGet(43)) - raft.server.storage.dir = [/workdir/hadoop-ozone/integration-test/target/test-dir/MiniOzoneClusterImpl-cd29ba6b-b71a-4bdc-b5d6-66c210291ea4/datanode-3/data/ratis] (custom)
2019-09-08 14:53:02,577 [pool-57-thread-1] INFO  storage.RaftStorageDirectory (RaftStorageDirectory.java:analyzeStorage(246)) - The storage directory /workdir/hadoop-ozone/integration-test/target/test-dir/MiniOzoneClusterImpl-cd29ba6b-b71a-4bdc-b5d6-66c210291ea4/datanode-3/data/ratis/d7b964e0-a85a-433d-bce7-0383ae47bd53 does not exist. Creating ...
2019-09-08 14:53:02,592 [pool-57-thread-1] INFO  storage.RaftStorageDirectory (RaftStorageDirectory.java:tryLock(328)) - Lock on /workdir/hadoop-ozone/integration-test/target/test-dir/MiniOzoneClusterImpl-cd29ba6b-b71a-4bdc-b5d6-66c210291ea4/datanode-3/data/ratis/d7b964e0-a85a-433d-bce7-0383ae47bd53/in_use.lock acquired by nodename 7633@pr-hdds-2076-5qqcd-3923466566
2019-09-08 14:53:02,608 [pool-57-thread-1] INFO  storage.RaftStorage (RaftStorage.java:format(72)) - Storage directory /workdir/hadoop-ozone/integration-test/target/test-dir/MiniOzoneClusterImpl-cd29ba6b-b71a-4bdc-b5d6-66c210291ea4/datanode-3/data/ratis/d7b964e0-a85a-433d-bce7-0383ae47bd53 has been successfully formatted.
2019-09-08 14:53:02,608 [pool-57-thread-1] INFO  ratis.ContainerStateMachine (ContainerStateMachine.java:loadSnapshot(227)) - group-0383AE47BD53: The snapshot info is null. Setting the last applied indexto:(t:0, i:~)
2019-09-08 14:53:02,609 [pool-57-thread-1] INFO  server.RaftServerConfigKeys (ConfUtils.java:logGet(43)) - raft.server.leader.election.timeout = 1000s (custom)
2019-09-08 14:53:02,609 [pool-57-thread-1] INFO  server.RaftServerConfigKeys (ConfUtils.java:logGet(43)) - raft.server.log.use.memory = false (default)
2019-09-08 14:53:02,609 [pool-57-thread-1] INFO  server.RaftServerConfigKeys (ConfUtils.java:logGet(43)) - raft.server.log.purge.gap = 1000000 (custom)
2019-09-08 14:53:02,609 [pool-57-thread-1] INFO  server.RaftServerConfigKeys (ConfUtils.java:logGet(43)) - raft.server.log.appender.buffer.byte-limit = 33554432 (custom)
2019-09-08 14:53:02,610 [pool-57-thread-1] INFO  server.RaftServerConfigKeys (ConfUtils.java:logGet(43)) - raft.server.log.segment.size.max = 1048576 (custom)
2019-09-08 14:53:02,610 [pool-57-thread-1] INFO  server.RaftServerConfigKeys (ConfUtils.java:logGet(43)) - raft.server.log.segment.cache.num.max = 2 (custom)
2019-09-08 14:53:02,610 [pool-57-thread-1] INFO  segmented.SegmentedRaftLogWorker (SegmentedRaftLogWorker.java:<init>(172)) - new 00b73927-b021-47b3-a043-bc4f6e85dc3e-SegmentedRaftLogWorker:Storage Directory /workdir/hadoop-ozone/integration-test/target/test-dir/MiniOzoneClusterImpl-cd29ba6b-b71a-4bdc-b5d6-66c210291ea4/datanode-3/data/ratis/d7b964e0-a85a-433d-bce7-0383ae47bd53 for RaftStorage:Storage Directory /workdir/hadoop-ozone/integration-test/target/test-dir/MiniOzoneClusterImpl-cd29ba6b-b71a-4bdc-b5d6-66c210291ea4/datanode-3/data/ratis/d7b964e0-a85a-433d-bce7-0383ae47bd53
2019-09-08 14:53:02,611 [pool-57-thread-1] INFO  server.RaftServerConfigKeys (ConfUtils.java:logGet(43)) - raft.server.log.queue.byte-limit = 2147483647 (custom)
2019-09-08 14:53:02,611 [pool-57-thread-1] INFO  server.RaftServerConfigKeys (ConfUtils.java:logGet(43)) - raft.server.log.queue.element-limit = 1024 (custom)
2019-09-08 14:53:02,611 [pool-57-thread-1] INFO  server.RaftServerConfigKeys (ConfUtils.java:logGet(43)) - raft.server.log.segment.size.max = 1048576 (custom)
2019-09-08 14:53:02,612 [pool-57-thread-1] INFO  server.RaftServerConfigKeys (ConfUtils.java:logGet(43)) - raft.server.log.preallocated.size = 16384 (custom)
2019-09-08 14:53:02,612 [pool-57-thread-1] INFO  server.RaftServerConfigKeys (ConfUtils.java:logGet(43)) - raft.server.log.write.buffer.size = 33554432 (custom)
2019-09-08 14:53:02,612 [pool-57-thread-1] INFO  server.RaftServerConfigKeys (ConfUtils.java:logGet(43)) - raft.server.log.force.sync.num = 128 (default)
2019-09-08 14:53:02,612 [pool-57-thread-1] INFO  server.RaftServerConfigKeys (ConfUtils.java:logGet(43)) - raft.server.log.statemachine.data.sync = true (default)
2019-09-08 14:53:02,612 [pool-57-thread-1] INFO  server.RaftServerConfigKeys (ConfUtils.java:logGet(43)) - raft.server.log.statemachine.data.sync.timeout = 10s (default)
2019-09-08 14:53:02,613 [pool-57-thread-1] INFO  server.RaftServerConfigKeys (ConfUtils.java:logGet(43)) - raft.server.log.statemachine.data.sync.timeout.retry = -1 (default)
2019-09-08 14:53:02,613 [pool-57-thread-1] INFO  server.RaftServerConfigKeys (ConfUtils.java:logGet(43)) - raft.server.log.statemachine.data.caching.enabled = true (custom)
2019-09-08 14:53:02,614 [pool-57-thread-1] INFO  segmented.SegmentedRaftLogWorker (SegmentedRaftLogWorker.java:lambda$new$0(132)) - 00b73927-b021-47b3-a043-bc4f6e85dc3e-SegmentedRaftLogWorker:Storage Directory /workdir/hadoop-ozone/integration-test/target/test-dir/MiniOzoneClusterImpl-cd29ba6b-b71a-4bdc-b5d6-66c210291ea4/datanode-3/data/ratis/d7b964e0-a85a-433d-bce7-0383ae47bd53: flushIndex: setUnconditionally 0 -> -1
2019-09-08 14:53:02,614 [pool-57-thread-1] INFO  server.RaftServerConfigKeys (ConfUtils.java:logGet(43)) - raft.server.snapshot.auto.trigger.enabled = true (custom)
2019-09-08 14:53:02,614 [pool-57-thread-1] INFO  server.RaftServerConfigKeys (ConfUtils.java:logGet(43)) - raft.server.snapshot.auto.trigger.threshold = 10000 (custom)
2019-09-08 14:53:02,615 [pool-57-thread-1] INFO  server.RaftServerConfigKeys (ConfUtils.java:logGet(43)) - raft.server.retrycache.expirytime = 600000ms (custom)
2019-09-08 14:53:02,615 [pool-57-thread-1] INFO  impl.RaftServerImpl (RaftServerImpl.java:start(180)) - 00b73927-b021-47b3-a043-bc4f6e85dc3e: start group-0383AE47BD53
2019-09-08 14:53:02,615 [pool-57-thread-1] INFO  impl.RaftServerImpl (RaftServerImpl.java:setRole(171)) - 00b73927-b021-47b3-a043-bc4f6e85dc3e:group-0383AE47BD53 changes role from null to FOLLOWER at term 0 for startAsFollower
2019-09-08 14:53:02,615 [pool-57-thread-1] INFO  impl.RoleInfo (RoleInfo.java:updateAndGet(143)) - 00b73927-b021-47b3-a043-bc4f6e85dc3e: start FollowerState
2019-09-08 14:53:02,616 [pool-57-thread-1] INFO  util.JmxRegister (JmxRegister.java:tryRegister(44)) - Successfully registered JMX Bean with object name Ratis:service=RaftServer,group=group-0383AE47BD53,id=00b73927-b021-47b3-a043-bc4f6e85dc3e
2019-09-08 14:53:02,629 [RatisPipelineUtilsThread] INFO  pipeline.PipelineStateManager (PipelineStateManager.java:addPipeline(56)) - Created pipeline Pipeline[ Id: d7b964e0-a85a-433d-bce7-0383ae47bd53, Nodes: 00b73927-b021-47b3-a043-bc4f6e85dc3e{ip: 192.168.69.92, host: pr-hdds-2076-5qqcd-3923466566, networkLocation: /default-rack, certSerialId: null}, Type:RATIS, Factor:ONE, State:OPEN]
2019-09-08 14:53:02,650 [grpc-default-executor-0] INFO  impl.RaftServerProxy (RaftServerProxy.java:addNew(89)) - c3446bd1-431c-4a98-8f5a-c4750f752200: addNew group-CB2E85FE657F:[c3446bd1-431c-4a98-8f5a-c4750f752200:192.168.69.92:42149] returns group-CB2E85FE657F:java.util.concurrent.CompletableFuture@201bfaed[Not completed]
2019-09-08 14:53:02,652 [pool-37-thread-1] INFO  impl.RaftServerImpl (RaftServerImpl.java:<init>(93)) - c3446bd1-431c-4a98-8f5a-c4750f752200: new RaftServerImpl for group-CB2E85FE657F:[c3446bd1-431c-4a98-8f5a-c4750f752200:192.168.69.92:42149] with ContainerStateMachine:uninitialized
2019-09-08 14:53:02,652 [pool-37-thread-1] INFO  server.RaftServerConfigKeys (ConfUtils.java:logGet(43)) - raft.server.rpc.timeout.min = 5s (custom)
2019-09-08 14:53:02,653 [pool-37-thread-1] INFO  server.RaftServerConfigKeys (ConfUtils.java:logGet(43)) - raft.server.rpc.timeout.max = 5200ms (custom)
2019-09-08 14:53:02,653 [pool-37-thread-1] INFO  server.RaftServerConfigKeys (ConfUtils.java:logGet(43)) - raft.server.rpcslowness.timeout = 1000s (custom)
2019-09-08 14:53:02,653 [pool-37-thread-1] INFO  server.RaftServerConfigKeys (ConfUtils.java:logGet(43)) - raft.server.sleep.deviation.threshold = 300 (default)
2019-09-08 14:53:02,653 [pool-37-thread-1] INFO  server.RaftServerConfigKeys (ConfUtils.java:logGet(43)) - raft.server.log.appender.install.snapshot.enabled = false (custom)
2019-09-08 14:53:02,653 [pool-37-thread-1] INFO  impl.RaftServerImpl (ServerState.java:<init>(105)) - c3446bd1-431c-4a98-8f5a-c4750f752200:group-CB2E85FE657F ConfigurationManager, init=-1: [c3446bd1-431c-4a98-8f5a-c4750f752200:192.168.69.92:42149], old=null, confs=<EMPTY_MAP>
2019-09-08 14:53:02,654 [pool-37-thread-1] INFO  server.RaftServerConfigKeys (ConfUtils.java:logGet(43)) - raft.server.storage.dir = [/workdir/hadoop-ozone/integration-test/target/test-dir/MiniOzoneClusterImpl-cd29ba6b-b71a-4bdc-b5d6-66c210291ea4/datanode-1/data/ratis] (custom)
2019-09-08 14:53:02,654 [pool-37-thread-1] INFO  storage.RaftStorageDirectory (RaftStorageDirectory.java:analyzeStorage(246)) - The storage directory /workdir/hadoop-ozone/integration-test/target/test-dir/MiniOzoneClusterImpl-cd29ba6b-b71a-4bdc-b5d6-66c210291ea4/datanode-1/data/ratis/d9d5727f-40c6-4691-999b-cb2e85fe657f does not exist. Creating ...
2019-09-08 14:53:02,671 [pool-37-thread-1] INFO  storage.RaftStorageDirectory (RaftStorageDirectory.java:tryLock(328)) - Lock on /workdir/hadoop-ozone/integration-test/target/test-dir/MiniOzoneClusterImpl-cd29ba6b-b71a-4bdc-b5d6-66c210291ea4/datanode-1/data/ratis/d9d5727f-40c6-4691-999b-cb2e85fe657f/in_use.lock acquired by nodename 7633@pr-hdds-2076-5qqcd-3923466566
2019-09-08 14:53:02,695 [pool-37-thread-1] INFO  storage.RaftStorage (RaftStorage.java:format(72)) - Storage directory /workdir/hadoop-ozone/integration-test/target/test-dir/MiniOzoneClusterImpl-cd29ba6b-b71a-4bdc-b5d6-66c210291ea4/datanode-1/data/ratis/d9d5727f-40c6-4691-999b-cb2e85fe657f has been successfully formatted.
2019-09-08 14:53:02,695 [pool-37-thread-1] INFO  ratis.ContainerStateMachine (ContainerStateMachine.java:loadSnapshot(227)) - group-CB2E85FE657F: The snapshot info is null. Setting the last applied indexto:(t:0, i:~)
2019-09-08 14:53:02,696 [pool-37-thread-1] INFO  server.RaftServerConfigKeys (ConfUtils.java:logGet(43)) - raft.server.leader.election.timeout = 1000s (custom)
2019-09-08 14:53:02,696 [pool-37-thread-1] INFO  server.RaftServerConfigKeys (ConfUtils.java:logGet(43)) - raft.server.log.use.memory = false (default)
2019-09-08 14:53:02,696 [pool-37-thread-1] INFO  server.RaftServerConfigKeys (ConfUtils.java:logGet(43)) - raft.server.log.purge.gap = 1000000 (custom)
2019-09-08 14:53:02,696 [pool-37-thread-1] INFO  server.RaftServerConfigKeys (ConfUtils.java:logGet(43)) - raft.server.log.appender.buffer.byte-limit = 33554432 (custom)
2019-09-08 14:53:02,697 [pool-37-thread-1] INFO  server.RaftServerConfigKeys (ConfUtils.java:logGet(43)) - raft.server.log.segment.size.max = 1048576 (custom)
2019-09-08 14:53:02,697 [pool-37-thread-1] INFO  server.RaftServerConfigKeys (ConfUtils.java:logGet(43)) - raft.server.log.segment.cache.num.max = 2 (custom)
2019-09-08 14:53:02,697 [pool-37-thread-1] INFO  segmented.SegmentedRaftLogWorker (SegmentedRaftLogWorker.java:<init>(172)) - new c3446bd1-431c-4a98-8f5a-c4750f752200-SegmentedRaftLogWorker:Storage Directory /workdir/hadoop-ozone/integration-test/target/test-dir/MiniOzoneClusterImpl-cd29ba6b-b71a-4bdc-b5d6-66c210291ea4/datanode-1/data/ratis/d9d5727f-40c6-4691-999b-cb2e85fe657f for RaftStorage:Storage Directory /workdir/hadoop-ozone/integration-test/target/test-dir/MiniOzoneClusterImpl-cd29ba6b-b71a-4bdc-b5d6-66c210291ea4/datanode-1/data/ratis/d9d5727f-40c6-4691-999b-cb2e85fe657f
2019-09-08 14:53:02,698 [pool-37-thread-1] INFO  server.RaftServerConfigKeys (ConfUtils.java:logGet(43)) - raft.server.log.queue.byte-limit = 2147483647 (custom)
2019-09-08 14:53:02,698 [pool-37-thread-1] INFO  server.RaftServerConfigKeys (ConfUtils.java:logGet(43)) - raft.server.log.queue.element-limit = 1024 (custom)
2019-09-08 14:53:02,698 [pool-37-thread-1] INFO  server.RaftServerConfigKeys (ConfUtils.java:logGet(43)) - raft.server.log.segment.size.max = 1048576 (custom)
2019-09-08 14:53:02,699 [pool-37-thread-1] INFO  server.RaftServerConfigKeys (ConfUtils.java:logGet(43)) - raft.server.log.preallocated.size = 16384 (custom)
2019-09-08 14:53:02,699 [pool-37-thread-1] INFO  server.RaftServerConfigKeys (ConfUtils.java:logGet(43)) - raft.server.log.write.buffer.size = 33554432 (custom)
2019-09-08 14:53:02,699 [pool-37-thread-1] INFO  server.RaftServerConfigKeys (ConfUtils.java:logGet(43)) - raft.server.log.force.sync.num = 128 (default)
2019-09-08 14:53:02,699 [pool-37-thread-1] INFO  server.RaftServerConfigKeys (ConfUtils.java:logGet(43)) - raft.server.log.statemachine.data.sync = true (default)
2019-09-08 14:53:02,700 [pool-37-thread-1] INFO  server.RaftServerConfigKeys (ConfUtils.java:logGet(43)) - raft.server.log.statemachine.data.sync.timeout = 10s (default)
2019-09-08 14:53:02,700 [pool-37-thread-1] INFO  server.RaftServerConfigKeys (ConfUtils.java:logGet(43)) - raft.server.log.statemachine.data.sync.timeout.retry = -1 (default)
2019-09-08 14:53:02,700 [pool-37-thread-1] INFO  server.RaftServerConfigKeys (ConfUtils.java:logGet(43)) - raft.server.log.statemachine.data.caching.enabled = true (custom)
2019-09-08 14:53:02,701 [pool-37-thread-1] INFO  segmented.SegmentedRaftLogWorker (SegmentedRaftLogWorker.java:lambda$new$0(132)) - c3446bd1-431c-4a98-8f5a-c4750f752200-SegmentedRaftLogWorker:Storage Directory /workdir/hadoop-ozone/integration-test/target/test-dir/MiniOzoneClusterImpl-cd29ba6b-b71a-4bdc-b5d6-66c210291ea4/datanode-1/data/ratis/d9d5727f-40c6-4691-999b-cb2e85fe657f: flushIndex: setUnconditionally 0 -> -1
2019-09-08 14:53:02,701 [pool-37-thread-1] INFO  server.RaftServerConfigKeys (ConfUtils.java:logGet(43)) - raft.server.snapshot.auto.trigger.enabled = true (custom)
2019-09-08 14:53:02,702 [pool-37-thread-1] INFO  server.RaftServerConfigKeys (ConfUtils.java:logGet(43)) - raft.server.snapshot.auto.trigger.threshold = 10000 (custom)
2019-09-08 14:53:02,702 [pool-37-thread-1] INFO  server.RaftServerConfigKeys (ConfUtils.java:logGet(43)) - raft.server.retrycache.expirytime = 600000ms (custom)
2019-09-08 14:53:02,702 [pool-37-thread-1] INFO  impl.RaftServerImpl (RaftServerImpl.java:start(180)) - c3446bd1-431c-4a98-8f5a-c4750f752200: start group-CB2E85FE657F
2019-09-08 14:53:02,702 [pool-37-thread-1] INFO  impl.RaftServerImpl (RaftServerImpl.java:setRole(171)) - c3446bd1-431c-4a98-8f5a-c4750f752200:group-CB2E85FE657F changes role from null to FOLLOWER at term 0 for startAsFollower
2019-09-08 14:53:02,703 [pool-37-thread-1] INFO  impl.RoleInfo (RoleInfo.java:updateAndGet(143)) - c3446bd1-431c-4a98-8f5a-c4750f752200: start FollowerState
2019-09-08 14:53:02,703 [pool-37-thread-1] INFO  util.JmxRegister (JmxRegister.java:tryRegister(44)) - Successfully registered JMX Bean with object name Ratis:service=RaftServer,group=group-CB2E85FE657F,id=c3446bd1-431c-4a98-8f5a-c4750f752200
2019-09-08 14:53:02,714 [RatisPipelineUtilsThread] INFO  pipeline.PipelineStateManager (PipelineStateManager.java:addPipeline(56)) - Created pipeline Pipeline[ Id: d9d5727f-40c6-4691-999b-cb2e85fe657f, Nodes: c3446bd1-431c-4a98-8f5a-c4750f752200{ip: 192.168.69.92, host: pr-hdds-2076-5qqcd-3923466566, networkLocation: /default-rack, certSerialId: null}, Type:RATIS, Factor:ONE, State:OPEN]
2019-09-08 14:53:02,762 [grpc-default-executor-1] INFO  impl.RaftServerProxy (RaftServerProxy.java:addNew(89)) - 77feb63d-892e-4814-8dc2-ee631f7cde14: addNew group-CA73CFF9B333:[77feb63d-892e-4814-8dc2-ee631f7cde14:192.168.69.92:42261, 6b9e585b-666e-459d-8548-320514f1f270:192.168.69.92:35944, 00b73927-b021-47b3-a043-bc4f6e85dc3e:192.168.69.92:35947] returns group-CA73CFF9B333:java.util.concurrent.CompletableFuture@62ad8265[Not completed]
2019-09-08 14:53:02,762 [grpc-default-executor-2] INFO  impl.RaftServerProxy (RaftServerProxy.java:addNew(89)) - 00b73927-b021-47b3-a043-bc4f6e85dc3e: addNew group-CA73CFF9B333:[77feb63d-892e-4814-8dc2-ee631f7cde14:192.168.69.92:42261, 6b9e585b-666e-459d-8548-320514f1f270:192.168.69.92:35944, 00b73927-b021-47b3-a043-bc4f6e85dc3e:192.168.69.92:35947] returns group-CA73CFF9B333:java.util.concurrent.CompletableFuture@7086dfb3[Not completed]
2019-09-08 14:53:02,769 [pool-47-thread-1] INFO  impl.RaftServerImpl (RaftServerImpl.java:<init>(93)) - 77feb63d-892e-4814-8dc2-ee631f7cde14: new RaftServerImpl for group-CA73CFF9B333:[77feb63d-892e-4814-8dc2-ee631f7cde14:192.168.69.92:42261, 6b9e585b-666e-459d-8548-320514f1f270:192.168.69.92:35944, 00b73927-b021-47b3-a043-bc4f6e85dc3e:192.168.69.92:35947] with ContainerStateMachine:uninitialized
2019-09-08 14:53:02,770 [grpc-default-executor-2] INFO  impl.RaftServerProxy (RaftServerProxy.java:addNew(89)) - 6b9e585b-666e-459d-8548-320514f1f270: addNew group-CA73CFF9B333:[77feb63d-892e-4814-8dc2-ee631f7cde14:192.168.69.92:42261, 6b9e585b-666e-459d-8548-320514f1f270:192.168.69.92:35944, 00b73927-b021-47b3-a043-bc4f6e85dc3e:192.168.69.92:35947] returns group-CA73CFF9B333:java.util.concurrent.CompletableFuture@74b9457b[Not completed]
2019-09-08 14:53:02,770 [pool-47-thread-1] INFO  server.RaftServerConfigKeys (ConfUtils.java:logGet(43)) - raft.server.rpc.timeout.min = 5s (custom)
2019-09-08 14:53:02,770 [pool-47-thread-1] INFO  server.RaftServerConfigKeys (ConfUtils.java:logGet(43)) - raft.server.rpc.timeout.max = 5200ms (custom)
2019-09-08 14:53:02,770 [pool-47-thread-1] INFO  server.RaftServerConfigKeys (ConfUtils.java:logGet(43)) - raft.server.rpcslowness.timeout = 1000s (custom)
2019-09-08 14:53:02,770 [pool-47-thread-1] INFO  server.RaftServerConfigKeys (ConfUtils.java:logGet(43)) - raft.server.sleep.deviation.threshold = 300 (default)
2019-09-08 14:53:02,771 [pool-57-thread-1] INFO  impl.RaftServerImpl (RaftServerImpl.java:<init>(93)) - 00b73927-b021-47b3-a043-bc4f6e85dc3e: new RaftServerImpl for group-CA73CFF9B333:[77feb63d-892e-4814-8dc2-ee631f7cde14:192.168.69.92:42261, 6b9e585b-666e-459d-8548-320514f1f270:192.168.69.92:35944, 00b73927-b021-47b3-a043-bc4f6e85dc3e:192.168.69.92:35947] with ContainerStateMachine:uninitialized
2019-09-08 14:53:02,771 [pool-47-thread-1] INFO  server.RaftServerConfigKeys (ConfUtils.java:logGet(43)) - raft.server.log.appender.install.snapshot.enabled = false (custom)
2019-09-08 14:53:02,771 [pool-57-thread-1] INFO  server.RaftServerConfigKeys (ConfUtils.java:logGet(43)) - raft.server.rpc.timeout.min = 5s (custom)
2019-09-08 14:53:02,771 [pool-47-thread-1] INFO  impl.RaftServerImpl (ServerState.java:<init>(105)) - 77feb63d-892e-4814-8dc2-ee631f7cde14:group-CA73CFF9B333 ConfigurationManager, init=-1: [77feb63d-892e-4814-8dc2-ee631f7cde14:192.168.69.92:42261, 6b9e585b-666e-459d-8548-320514f1f270:192.168.69.92:35944, 00b73927-b021-47b3-a043-bc4f6e85dc3e:192.168.69.92:35947], old=null, confs=<EMPTY_MAP>
2019-09-08 14:53:02,771 [pool-57-thread-1] INFO  server.RaftServerConfigKeys (ConfUtils.java:logGet(43)) - raft.server.rpc.timeout.max = 5200ms (custom)
2019-09-08 14:53:02,771 [pool-47-thread-1] INFO  server.RaftServerConfigKeys (ConfUtils.java:logGet(43)) - raft.server.storage.dir = [/workdir/hadoop-ozone/integration-test/target/test-dir/MiniOzoneClusterImpl-cd29ba6b-b71a-4bdc-b5d6-66c210291ea4/datanode-2/data/ratis] (custom)
2019-09-08 14:53:02,771 [pool-57-thread-1] INFO  server.RaftServerConfigKeys (ConfUtils.java:logGet(43)) - raft.server.rpcslowness.timeout = 1000s (custom)
2019-09-08 14:53:02,772 [pool-57-thread-1] INFO  server.RaftServerConfigKeys (ConfUtils.java:logGet(43)) - raft.server.sleep.deviation.threshold = 300 (default)
2019-09-08 14:53:02,772 [pool-57-thread-1] INFO  server.RaftServerConfigKeys (ConfUtils.java:logGet(43)) - raft.server.log.appender.install.snapshot.enabled = false (custom)
2019-09-08 14:53:02,772 [pool-27-thread-1] INFO  impl.RaftServerImpl (RaftServerImpl.java:<init>(93)) - 6b9e585b-666e-459d-8548-320514f1f270: new RaftServerImpl for group-CA73CFF9B333:[77feb63d-892e-4814-8dc2-ee631f7cde14:192.168.69.92:42261, 6b9e585b-666e-459d-8548-320514f1f270:192.168.69.92:35944, 00b73927-b021-47b3-a043-bc4f6e85dc3e:192.168.69.92:35947] with ContainerStateMachine:uninitialized
2019-09-08 14:53:02,772 [pool-47-thread-1] INFO  storage.RaftStorageDirectory (RaftStorageDirectory.java:analyzeStorage(246)) - The storage directory /workdir/hadoop-ozone/integration-test/target/test-dir/MiniOzoneClusterImpl-cd29ba6b-b71a-4bdc-b5d6-66c210291ea4/datanode-2/data/ratis/2e382a8f-edaa-486e-bb59-ca73cff9b333 does not exist. Creating ...
2019-09-08 14:53:02,772 [pool-27-thread-1] INFO  server.RaftServerConfigKeys (ConfUtils.java:logGet(43)) - raft.server.rpc.timeout.min = 5s (custom)
2019-09-08 14:53:02,772 [main] INFO  ozone.MiniOzoneClusterImpl (MiniOzoneClusterImpl.java:lambda$waitForClusterToBeReady$0(140)) - Cluster is ready. Got 4 of 4 DN Heartbeats.
2019-09-08 14:53:02,772 [pool-57-thread-1] INFO  impl.RaftServerImpl (ServerState.java:<init>(105)) - 00b73927-b021-47b3-a043-bc4f6e85dc3e:group-CA73CFF9B333 ConfigurationManager, init=-1: [77feb63d-892e-4814-8dc2-ee631f7cde14:192.168.69.92:42261, 6b9e585b-666e-459d-8548-320514f1f270:192.168.69.92:35944, 00b73927-b021-47b3-a043-bc4f6e85dc3e:192.168.69.92:35947], old=null, confs=<EMPTY_MAP>
2019-09-08 14:53:02,773 [pool-27-thread-1] INFO  server.RaftServerConfigKeys (ConfUtils.java:logGet(43)) - raft.server.rpc.timeout.max = 5200ms (custom)
2019-09-08 14:53:02,773 [pool-57-thread-1] INFO  server.RaftServerConfigKeys (ConfUtils.java:logGet(43)) - raft.server.storage.dir = [/workdir/hadoop-ozone/integration-test/target/test-dir/MiniOzoneClusterImpl-cd29ba6b-b71a-4bdc-b5d6-66c210291ea4/datanode-3/data/ratis] (custom)
2019-09-08 14:53:02,773 [pool-27-thread-1] INFO  server.RaftServerConfigKeys (ConfUtils.java:logGet(43)) - raft.server.rpcslowness.timeout = 1000s (custom)
2019-09-08 14:53:02,774 [pool-27-thread-1] INFO  server.RaftServerConfigKeys (ConfUtils.java:logGet(43)) - raft.server.sleep.deviation.threshold = 300 (default)
2019-09-08 14:53:02,774 [pool-57-thread-1] INFO  storage.RaftStorageDirectory (RaftStorageDirectory.java:analyzeStorage(246)) - The storage directory /workdir/hadoop-ozone/integration-test/target/test-dir/MiniOzoneClusterImpl-cd29ba6b-b71a-4bdc-b5d6-66c210291ea4/datanode-3/data/ratis/2e382a8f-edaa-486e-bb59-ca73cff9b333 does not exist. Creating ...
2019-09-08 14:53:02,774 [pool-27-thread-1] INFO  server.RaftServerConfigKeys (ConfUtils.java:logGet(43)) - raft.server.log.appender.install.snapshot.enabled = false (custom)
2019-09-08 14:53:02,774 [pool-27-thread-1] INFO  impl.RaftServerImpl (ServerState.java:<init>(105)) - 6b9e585b-666e-459d-8548-320514f1f270:group-CA73CFF9B333 ConfigurationManager, init=-1: [77feb63d-892e-4814-8dc2-ee631f7cde14:192.168.69.92:42261, 6b9e585b-666e-459d-8548-320514f1f270:192.168.69.92:35944, 00b73927-b021-47b3-a043-bc4f6e85dc3e:192.168.69.92:35947], old=null, confs=<EMPTY_MAP>
2019-09-08 14:53:02,774 [pool-27-thread-1] INFO  server.RaftServerConfigKeys (ConfUtils.java:logGet(43)) - raft.server.storage.dir = [/workdir/hadoop-ozone/integration-test/target/test-dir/MiniOzoneClusterImpl-cd29ba6b-b71a-4bdc-b5d6-66c210291ea4/datanode-0/data/ratis] (custom)
2019-09-08 14:53:02,775 [pool-27-thread-1] INFO  storage.RaftStorageDirectory (RaftStorageDirectory.java:analyzeStorage(246)) - The storage directory /workdir/hadoop-ozone/integration-test/target/test-dir/MiniOzoneClusterImpl-cd29ba6b-b71a-4bdc-b5d6-66c210291ea4/datanode-0/data/ratis/2e382a8f-edaa-486e-bb59-ca73cff9b333 does not exist. Creating ...
2019-09-08 14:53:02,776 [main] INFO  container.ReplicationManager (ReplicationManager.java:start(162)) - Starting Replication Monitor Thread.
2019-09-08 14:53:02,778 [ReplicationMonitor] INFO  container.ReplicationManager (ReplicationManager.java:run(225)) - Replication Monitor Thread took 0 milliseconds for processing 0 containers.
2019-09-08 14:53:02,788 [pool-57-thread-1] INFO  storage.RaftStorageDirectory (RaftStorageDirectory.java:tryLock(328)) - Lock on /workdir/hadoop-ozone/integration-test/target/test-dir/MiniOzoneClusterImpl-cd29ba6b-b71a-4bdc-b5d6-66c210291ea4/datanode-3/data/ratis/2e382a8f-edaa-486e-bb59-ca73cff9b333/in_use.lock acquired by nodename 7633@pr-hdds-2076-5qqcd-3923466566
2019-09-08 14:53:02,788 [pool-47-thread-1] INFO  storage.RaftStorageDirectory (RaftStorageDirectory.java:tryLock(328)) - Lock on /workdir/hadoop-ozone/integration-test/target/test-dir/MiniOzoneClusterImpl-cd29ba6b-b71a-4bdc-b5d6-66c210291ea4/datanode-2/data/ratis/2e382a8f-edaa-486e-bb59-ca73cff9b333/in_use.lock acquired by nodename 7633@pr-hdds-2076-5qqcd-3923466566
2019-09-08 14:53:02,788 [pool-27-thread-1] INFO  storage.RaftStorageDirectory (RaftStorageDirectory.java:tryLock(328)) - Lock on /workdir/hadoop-ozone/integration-test/target/test-dir/MiniOzoneClusterImpl-cd29ba6b-b71a-4bdc-b5d6-66c210291ea4/datanode-0/data/ratis/2e382a8f-edaa-486e-bb59-ca73cff9b333/in_use.lock acquired by nodename 7633@pr-hdds-2076-5qqcd-3923466566
2019-09-08 14:53:02,814 [pool-47-thread-1] INFO  storage.RaftStorage (RaftStorage.java:format(72)) - Storage directory /workdir/hadoop-ozone/integration-test/target/test-dir/MiniOzoneClusterImpl-cd29ba6b-b71a-4bdc-b5d6-66c210291ea4/datanode-2/data/ratis/2e382a8f-edaa-486e-bb59-ca73cff9b333 has been successfully formatted.
2019-09-08 14:53:02,814 [pool-27-thread-1] INFO  storage.RaftStorage (RaftStorage.java:format(72)) - Storage directory /workdir/hadoop-ozone/integration-test/target/test-dir/MiniOzoneClusterImpl-cd29ba6b-b71a-4bdc-b5d6-66c210291ea4/datanode-0/data/ratis/2e382a8f-edaa-486e-bb59-ca73cff9b333 has been successfully formatted.
2019-09-08 14:53:02,815 [pool-47-thread-1] INFO  ratis.ContainerStateMachine (ContainerStateMachine.java:loadSnapshot(227)) - group-CA73CFF9B333: The snapshot info is null. Setting the last applied indexto:(t:0, i:~)
2019-09-08 14:53:02,814 [pool-57-thread-1] INFO  storage.RaftStorage (RaftStorage.java:format(72)) - Storage directory /workdir/hadoop-ozone/integration-test/target/test-dir/MiniOzoneClusterImpl-cd29ba6b-b71a-4bdc-b5d6-66c210291ea4/datanode-3/data/ratis/2e382a8f-edaa-486e-bb59-ca73cff9b333 has been successfully formatted.
2019-09-08 14:53:02,815 [pool-27-thread-1] INFO  ratis.ContainerStateMachine (ContainerStateMachine.java:loadSnapshot(227)) - group-CA73CFF9B333: The snapshot info is null. Setting the last applied indexto:(t:0, i:~)
2019-09-08 14:53:02,815 [pool-47-thread-1] INFO  server.RaftServerConfigKeys (ConfUtils.java:logGet(43)) - raft.server.leader.election.timeout = 1000s (custom)
2019-09-08 14:53:02,815 [pool-27-thread-1] INFO  server.RaftServerConfigKeys (ConfUtils.java:logGet(43)) - raft.server.leader.election.timeout = 1000s (custom)
2019-09-08 14:53:02,815 [pool-57-thread-1] INFO  ratis.ContainerStateMachine (ContainerStateMachine.java:loadSnapshot(227)) - group-CA73CFF9B333: The snapshot info is null. Setting the last applied indexto:(t:0, i:~)
2019-09-08 14:53:02,815 [pool-27-thread-1] INFO  server.RaftServerConfigKeys (ConfUtils.java:logGet(43)) - raft.server.log.use.memory = false (default)
2019-09-08 14:53:02,815 [pool-47-thread-1] INFO  server.RaftServerConfigKeys (ConfUtils.java:logGet(43)) - raft.server.log.use.memory = false (default)
2019-09-08 14:53:02,816 [pool-27-thread-1] INFO  server.RaftServerConfigKeys (ConfUtils.java:logGet(43)) - raft.server.log.purge.gap = 1000000 (custom)
2019-09-08 14:53:02,816 [pool-57-thread-1] INFO  server.RaftServerConfigKeys (ConfUtils.java:logGet(43)) - raft.server.leader.election.timeout = 1000s (custom)
2019-09-08 14:53:02,816 [pool-27-thread-1] INFO  server.RaftServerConfigKeys (ConfUtils.java:logGet(43)) - raft.server.log.appender.buffer.byte-limit = 33554432 (custom)
2019-09-08 14:53:02,816 [pool-47-thread-1] INFO  server.RaftServerConfigKeys (ConfUtils.java:logGet(43)) - raft.server.log.purge.gap = 1000000 (custom)
2019-09-08 14:53:02,817 [pool-27-thread-1] INFO  server.RaftServerConfigKeys (ConfUtils.java:logGet(43)) - raft.server.log.segment.size.max = 1048576 (custom)
2019-09-08 14:53:02,816 [pool-57-thread-1] INFO  server.RaftServerConfigKeys (ConfUtils.java:logGet(43)) - raft.server.log.use.memory = false (default)
2019-09-08 14:53:02,817 [pool-27-thread-1] INFO  server.RaftServerConfigKeys (ConfUtils.java:logGet(43)) - raft.server.log.segment.cache.num.max = 2 (custom)
2019-09-08 14:53:02,817 [pool-47-thread-1] INFO  server.RaftServerConfigKeys (ConfUtils.java:logGet(43)) - raft.server.log.appender.buffer.byte-limit = 33554432 (custom)
2019-09-08 14:53:02,817 [pool-27-thread-1] INFO  segmented.SegmentedRaftLogWorker (SegmentedRaftLogWorker.java:<init>(172)) - new 6b9e585b-666e-459d-8548-320514f1f270-SegmentedRaftLogWorker:Storage Directory /workdir/hadoop-ozone/integration-test/target/test-dir/MiniOzoneClusterImpl-cd29ba6b-b71a-4bdc-b5d6-66c210291ea4/datanode-0/data/ratis/2e382a8f-edaa-486e-bb59-ca73cff9b333 for RaftStorage:Storage Directory /workdir/hadoop-ozone/integration-test/target/test-dir/MiniOzoneClusterImpl-cd29ba6b-b71a-4bdc-b5d6-66c210291ea4/datanode-0/data/ratis/2e382a8f-edaa-486e-bb59-ca73cff9b333
2019-09-08 14:53:02,817 [pool-57-thread-1] INFO  server.RaftServerConfigKeys (ConfUtils.java:logGet(43)) - raft.server.log.purge.gap = 1000000 (custom)
2019-09-08 14:53:02,818 [pool-27-thread-1] INFO  server.RaftServerConfigKeys (ConfUtils.java:logGet(43)) - raft.server.log.queue.byte-limit = 2147483647 (custom)
2019-09-08 14:53:02,818 [pool-47-thread-1] INFO  server.RaftServerConfigKeys (ConfUtils.java:logGet(43)) - raft.server.log.segment.size.max = 1048576 (custom)
2019-09-08 14:53:02,821 [pool-27-thread-1] INFO  server.RaftServerConfigKeys (ConfUtils.java:logGet(43)) - raft.server.log.queue.element-limit = 1024 (custom)
2019-09-08 14:53:02,818 [pool-57-thread-1] INFO  server.RaftServerConfigKeys (ConfUtils.java:logGet(43)) - raft.server.log.appender.buffer.byte-limit = 33554432 (custom)
2019-09-08 14:53:02,821 [pool-27-thread-1] INFO  server.RaftServerConfigKeys (ConfUtils.java:logGet(43)) - raft.server.log.segment.size.max = 1048576 (custom)
2019-09-08 14:53:02,821 [pool-47-thread-1] INFO  server.RaftServerConfigKeys (ConfUtils.java:logGet(43)) - raft.server.log.segment.cache.num.max = 2 (custom)
2019-09-08 14:53:02,821 [pool-27-thread-1] INFO  server.RaftServerConfigKeys (ConfUtils.java:logGet(43)) - raft.server.log.preallocated.size = 16384 (custom)
2019-09-08 14:53:02,821 [pool-57-thread-1] INFO  server.RaftServerConfigKeys (ConfUtils.java:logGet(43)) - raft.server.log.segment.size.max = 1048576 (custom)
2019-09-08 14:53:02,822 [pool-27-thread-1] INFO  server.RaftServerConfigKeys (ConfUtils.java:logGet(43)) - raft.server.log.write.buffer.size = 33554432 (custom)
2019-09-08 14:53:02,821 [pool-47-thread-1] INFO  segmented.SegmentedRaftLogWorker (SegmentedRaftLogWorker.java:<init>(172)) - new 77feb63d-892e-4814-8dc2-ee631f7cde14-SegmentedRaftLogWorker:Storage Directory /workdir/hadoop-ozone/integration-test/target/test-dir/MiniOzoneClusterImpl-cd29ba6b-b71a-4bdc-b5d6-66c210291ea4/datanode-2/data/ratis/2e382a8f-edaa-486e-bb59-ca73cff9b333 for RaftStorage:Storage Directory /workdir/hadoop-ozone/integration-test/target/test-dir/MiniOzoneClusterImpl-cd29ba6b-b71a-4bdc-b5d6-66c210291ea4/datanode-2/data/ratis/2e382a8f-edaa-486e-bb59-ca73cff9b333
2019-09-08 14:53:02,822 [pool-27-thread-1] INFO  server.RaftServerConfigKeys (ConfUtils.java:logGet(43)) - raft.server.log.force.sync.num = 128 (default)
2019-09-08 14:53:02,822 [pool-57-thread-1] INFO  server.RaftServerConfigKeys (ConfUtils.java:logGet(43)) - raft.server.log.segment.cache.num.max = 2 (custom)
2019-09-08 14:53:02,822 [pool-27-thread-1] INFO  server.RaftServerConfigKeys (ConfUtils.java:logGet(43)) - raft.server.log.statemachine.data.sync = true (default)
2019-09-08 14:53:02,822 [pool-47-thread-1] INFO  server.RaftServerConfigKeys (ConfUtils.java:logGet(43)) - raft.server.log.queue.byte-limit = 2147483647 (custom)
2019-09-08 14:53:02,827 [pool-27-thread-1] INFO  server.RaftServerConfigKeys (ConfUtils.java:logGet(43)) - raft.server.log.statemachine.data.sync.timeout = 10s (default)
2019-09-08 14:53:02,827 [pool-57-thread-1] INFO  segmented.SegmentedRaftLogWorker (SegmentedRaftLogWorker.java:<init>(172)) - new 00b73927-b021-47b3-a043-bc4f6e85dc3e-SegmentedRaftLogWorker:Storage Directory /workdir/hadoop-ozone/integration-test/target/test-dir/MiniOzoneClusterImpl-cd29ba6b-b71a-4bdc-b5d6-66c210291ea4/datanode-3/data/ratis/2e382a8f-edaa-486e-bb59-ca73cff9b333 for RaftStorage:Storage Directory /workdir/hadoop-ozone/integration-test/target/test-dir/MiniOzoneClusterImpl-cd29ba6b-b71a-4bdc-b5d6-66c210291ea4/datanode-3/data/ratis/2e382a8f-edaa-486e-bb59-ca73cff9b333
2019-09-08 14:53:02,828 [pool-27-thread-1] INFO  server.RaftServerConfigKeys (ConfUtils.java:logGet(43)) - raft.server.log.statemachine.data.sync.timeout.retry = -1 (default)
2019-09-08 14:53:02,828 [pool-47-thread-1] INFO  server.RaftServerConfigKeys (ConfUtils.java:logGet(43)) - raft.server.log.queue.element-limit = 1024 (custom)
2019-09-08 14:53:02,828 [pool-57-thread-1] INFO  server.RaftServerConfigKeys (ConfUtils.java:logGet(43)) - raft.server.log.queue.byte-limit = 2147483647 (custom)
2019-09-08 14:53:02,830 [pool-27-thread-1] INFO  server.RaftServerConfigKeys (ConfUtils.java:logGet(43)) - raft.server.log.statemachine.data.caching.enabled = true (custom)
2019-09-08 14:53:02,830 [pool-47-thread-1] INFO  server.RaftServerConfigKeys (ConfUtils.java:logGet(43)) - raft.server.log.segment.size.max = 1048576 (custom)
2019-09-08 14:53:02,831 [pool-57-thread-1] INFO  server.RaftServerConfigKeys (ConfUtils.java:logGet(43)) - raft.server.log.queue.element-limit = 1024 (custom)
2019-09-08 14:53:02,831 [pool-27-thread-1] INFO  segmented.SegmentedRaftLogWorker (SegmentedRaftLogWorker.java:lambda$new$0(132)) - 6b9e585b-666e-459d-8548-320514f1f270-SegmentedRaftLogWorker:Storage Directory /workdir/hadoop-ozone/integration-test/target/test-dir/MiniOzoneClusterImpl-cd29ba6b-b71a-4bdc-b5d6-66c210291ea4/datanode-0/data/ratis/2e382a8f-edaa-486e-bb59-ca73cff9b333: flushIndex: setUnconditionally 0 -> -1
2019-09-08 14:53:02,831 [pool-47-thread-1] INFO  server.RaftServerConfigKeys (ConfUtils.java:logGet(43)) - raft.server.log.preallocated.size = 16384 (custom)
2019-09-08 14:53:02,831 [pool-57-thread-1] INFO  server.RaftServerConfigKeys (ConfUtils.java:logGet(43)) - raft.server.log.segment.size.max = 1048576 (custom)
2019-09-08 14:53:02,832 [pool-27-thread-1] INFO  server.RaftServerConfigKeys (ConfUtils.java:logGet(43)) - raft.server.snapshot.auto.trigger.enabled = true (custom)
2019-09-08 14:53:02,831 [pool-47-thread-1] INFO  server.RaftServerConfigKeys (ConfUtils.java:logGet(43)) - raft.server.log.write.buffer.size = 33554432 (custom)
2019-09-08 14:53:02,832 [pool-27-thread-1] INFO  server.RaftServerConfigKeys (ConfUtils.java:logGet(43)) - raft.server.snapshot.auto.trigger.threshold = 10000 (custom)
2019-09-08 14:53:02,832 [pool-57-thread-1] INFO  server.RaftServerConfigKeys (ConfUtils.java:logGet(43)) - raft.server.log.preallocated.size = 16384 (custom)
2019-09-08 14:53:02,832 [pool-27-thread-1] INFO  server.RaftServerConfigKeys (ConfUtils.java:logGet(43)) - raft.server.retrycache.expirytime = 600000ms (custom)
2019-09-08 14:53:02,832 [pool-47-thread-1] INFO  server.RaftServerConfigKeys (ConfUtils.java:logGet(43)) - raft.server.log.force.sync.num = 128 (default)
2019-09-08 14:53:02,832 [pool-57-thread-1] INFO  server.RaftServerConfigKeys (ConfUtils.java:logGet(43)) - raft.server.log.write.buffer.size = 33554432 (custom)
2019-09-08 14:53:02,833 [pool-47-thread-1] INFO  server.RaftServerConfigKeys (ConfUtils.java:logGet(43)) - raft.server.log.statemachine.data.sync = true (default)
2019-09-08 14:53:02,833 [pool-27-thread-1] INFO  impl.RaftServerImpl (RaftServerImpl.java:start(180)) - 6b9e585b-666e-459d-8548-320514f1f270: start group-CA73CFF9B333
2019-09-08 14:53:02,833 [pool-47-thread-1] INFO  server.RaftServerConfigKeys (ConfUtils.java:logGet(43)) - raft.server.log.statemachine.data.sync.timeout = 10s (default)
2019-09-08 14:53:02,833 [pool-57-thread-1] INFO  server.RaftServerConfigKeys (ConfUtils.java:logGet(43)) - raft.server.log.force.sync.num = 128 (default)
2019-09-08 14:53:02,833 [pool-47-thread-1] INFO  server.RaftServerConfigKeys (ConfUtils.java:logGet(43)) - raft.server.log.statemachine.data.sync.timeout.retry = -1 (default)
2019-09-08 14:53:02,833 [pool-27-thread-1] INFO  impl.RaftServerImpl (RaftServerImpl.java:setRole(171)) - 6b9e585b-666e-459d-8548-320514f1f270:group-CA73CFF9B333 changes role from null to FOLLOWER at term 0 for startAsFollower
2019-09-08 14:53:02,834 [pool-47-thread-1] INFO  server.RaftServerConfigKeys (ConfUtils.java:logGet(43)) - raft.server.log.statemachine.data.caching.enabled = true (custom)
2019-09-08 14:53:02,834 [pool-57-thread-1] INFO  server.RaftServerConfigKeys (ConfUtils.java:logGet(43)) - raft.server.log.statemachine.data.sync = true (default)
2019-09-08 14:53:02,834 [pool-27-thread-1] INFO  impl.RoleInfo (RoleInfo.java:updateAndGet(143)) - 6b9e585b-666e-459d-8548-320514f1f270: start FollowerState
2019-09-08 14:53:02,834 [pool-57-thread-1] INFO  server.RaftServerConfigKeys (ConfUtils.java:logGet(43)) - raft.server.log.statemachine.data.sync.timeout = 10s (default)
2019-09-08 14:53:02,834 [pool-47-thread-1] INFO  segmented.SegmentedRaftLogWorker (SegmentedRaftLogWorker.java:lambda$new$0(132)) - 77feb63d-892e-4814-8dc2-ee631f7cde14-SegmentedRaftLogWorker:Storage Directory /workdir/hadoop-ozone/integration-test/target/test-dir/MiniOzoneClusterImpl-cd29ba6b-b71a-4bdc-b5d6-66c210291ea4/datanode-2/data/ratis/2e382a8f-edaa-486e-bb59-ca73cff9b333: flushIndex: setUnconditionally 0 -> -1
2019-09-08 14:53:02,835 [pool-57-thread-1] INFO  server.RaftServerConfigKeys (ConfUtils.java:logGet(43)) - raft.server.log.statemachine.data.sync.timeout.retry = -1 (default)
2019-09-08 14:53:02,835 [pool-27-thread-1] INFO  util.JmxRegister (JmxRegister.java:tryRegister(44)) - Successfully registered JMX Bean with object name Ratis:service=RaftServer,group=group-CA73CFF9B333,id=6b9e585b-666e-459d-8548-320514f1f270
2019-09-08 14:53:02,835 [pool-57-thread-1] INFO  server.RaftServerConfigKeys (ConfUtils.java:logGet(43)) - raft.server.log.statemachine.data.caching.enabled = true (custom)
2019-09-08 14:53:02,835 [pool-47-thread-1] INFO  server.RaftServerConfigKeys (ConfUtils.java:logGet(43)) - raft.server.snapshot.auto.trigger.enabled = true (custom)
2019-09-08 14:53:02,835 [pool-47-thread-1] INFO  server.RaftServerConfigKeys (ConfUtils.java:logGet(43)) - raft.server.snapshot.auto.trigger.threshold = 10000 (custom)
2019-09-08 14:53:02,835 [pool-57-thread-1] INFO  segmented.SegmentedRaftLogWorker (SegmentedRaftLogWorker.java:lambda$new$0(132)) - 00b73927-b021-47b3-a043-bc4f6e85dc3e-SegmentedRaftLogWorker:Storage Directory /workdir/hadoop-ozone/integration-test/target/test-dir/MiniOzoneClusterImpl-cd29ba6b-b71a-4bdc-b5d6-66c210291ea4/datanode-3/data/ratis/2e382a8f-edaa-486e-bb59-ca73cff9b333: flushIndex: setUnconditionally 0 -> -1
2019-09-08 14:53:02,836 [pool-47-thread-1] INFO  server.RaftServerConfigKeys (ConfUtils.java:logGet(43)) - raft.server.retrycache.expirytime = 600000ms (custom)
2019-09-08 14:53:02,836 [pool-47-thread-1] INFO  impl.RaftServerImpl (RaftServerImpl.java:start(180)) - 77feb63d-892e-4814-8dc2-ee631f7cde14: start group-CA73CFF9B333
2019-09-08 14:53:02,836 [pool-57-thread-1] INFO  server.RaftServerConfigKeys (ConfUtils.java:logGet(43)) - raft.server.snapshot.auto.trigger.enabled = true (custom)
2019-09-08 14:53:02,836 [pool-47-thread-1] INFO  impl.RaftServerImpl (RaftServerImpl.java:setRole(171)) - 77feb63d-892e-4814-8dc2-ee631f7cde14:group-CA73CFF9B333 changes role from null to FOLLOWER at term 0 for startAsFollower
2019-09-08 14:53:02,836 [pool-57-thread-1] INFO  server.RaftServerConfigKeys (ConfUtils.java:logGet(43)) - raft.server.snapshot.auto.trigger.threshold = 10000 (custom)
2019-09-08 14:53:02,836 [pool-47-thread-1] INFO  impl.RoleInfo (RoleInfo.java:updateAndGet(143)) - 77feb63d-892e-4814-8dc2-ee631f7cde14: start FollowerState
2019-09-08 14:53:02,838 [pool-57-thread-1] INFO  server.RaftServerConfigKeys (ConfUtils.java:logGet(43)) - raft.server.retrycache.expirytime = 600000ms (custom)
2019-09-08 14:53:02,838 [pool-47-thread-1] INFO  util.JmxRegister (JmxRegister.java:tryRegister(44)) - Successfully registered JMX Bean with object name Ratis:service=RaftServer,group=group-CA73CFF9B333,id=77feb63d-892e-4814-8dc2-ee631f7cde14
2019-09-08 14:53:02,838 [pool-57-thread-1] INFO  impl.RaftServerImpl (RaftServerImpl.java:start(180)) - 00b73927-b021-47b3-a043-bc4f6e85dc3e: start group-CA73CFF9B333
2019-09-08 14:53:02,838 [pool-57-thread-1] INFO  impl.RaftServerImpl (RaftServerImpl.java:setRole(171)) - 00b73927-b021-47b3-a043-bc4f6e85dc3e:group-CA73CFF9B333 changes role from null to FOLLOWER at term 0 for startAsFollower
2019-09-08 14:53:02,839 [pool-57-thread-1] INFO  impl.RoleInfo (RoleInfo.java:updateAndGet(143)) - 00b73927-b021-47b3-a043-bc4f6e85dc3e: start FollowerState
2019-09-08 14:53:02,839 [pool-57-thread-1] INFO  util.JmxRegister (JmxRegister.java:tryRegister(44)) - Successfully registered JMX Bean with object name Ratis:service=RaftServer,group=group-CA73CFF9B333,id=00b73927-b021-47b3-a043-bc4f6e85dc3e
2019-09-08 14:53:02,866 [RatisPipelineUtilsThread] INFO  pipeline.PipelineStateManager (PipelineStateManager.java:addPipeline(56)) - Created pipeline Pipeline[ Id: 2e382a8f-edaa-486e-bb59-ca73cff9b333, Nodes: 77feb63d-892e-4814-8dc2-ee631f7cde14{ip: 192.168.69.92, host: pr-hdds-2076-5qqcd-3923466566, networkLocation: /default-rack, certSerialId: null}00b73927-b021-47b3-a043-bc4f6e85dc3e{ip: 192.168.69.92, host: pr-hdds-2076-5qqcd-3923466566, networkLocation: /default-rack, certSerialId: null}6b9e585b-666e-459d-8548-320514f1f270{ip: 192.168.69.92, host: pr-hdds-2076-5qqcd-3923466566, networkLocation: /default-rack, certSerialId: null}, Type:RATIS, Factor:THREE, State:OPEN]
2019-09-08 14:53:03,305 [main] INFO  rpc.RpcClient (RpcClient.java:createVolume(293)) - Creating Volume: testcontainerstatemachinefailures, with jenkins1000 as owner.
2019-09-08 14:53:03,420 [IPC Server handler 1 on 45349] INFO  volume.OMVolumeCreateRequest (OMVolumeCreateRequest.java:validateAndUpdateCache(189)) - created volume:testcontainerstatemachinefailures for user:jenkins1000
2019-09-08 14:53:03,462 [main] INFO  rpc.RpcClient (RpcClient.java:createBucket(432)) - Creating Bucket: testcontainerstatemachinefailures/testcontainerstatemachinefailures, with Versioning false and Storage Type set to DISK and Encryption set to false 
2019-09-08 14:53:03,974 [EventQueue-StaleNodeForStaleNodeHandler] INFO  node.StaleNodeHandler (StaleNodeHandler.java:onMessage(58)) - Datanode 77feb63d-892e-4814-8dc2-ee631f7cde14{ip: 192.168.69.92, host: pr-hdds-2076-5qqcd-3923466566, networkLocation: /default-rack, certSerialId: null} moved to stale state. Finalizing its pipelines [PipelineID=2ab8f0b0-91db-4fa7-9e64-0dc70fff7be8, PipelineID=2e382a8f-edaa-486e-bb59-ca73cff9b333]
2019-09-08 14:53:03,977 [EventQueue-StaleNodeForStaleNodeHandler] INFO  pipeline.SCMPipelineManager (SCMPipelineManager.java:finalizeAndDestroyPipeline(311)) - destroying pipeline:Pipeline[ Id: 2ab8f0b0-91db-4fa7-9e64-0dc70fff7be8, Nodes: 77feb63d-892e-4814-8dc2-ee631f7cde14{ip: 192.168.69.92, host: pr-hdds-2076-5qqcd-3923466566, networkLocation: /default-rack, certSerialId: null}, Type:RATIS, Factor:ONE, State:OPEN]
2019-09-08 14:53:03,981 [EventQueue-StaleNodeForStaleNodeHandler] INFO  pipeline.PipelineStateManager (PipelineStateManager.java:finalizePipeline(123)) - Pipeline Pipeline[ Id: 2ab8f0b0-91db-4fa7-9e64-0dc70fff7be8, Nodes: 77feb63d-892e-4814-8dc2-ee631f7cde14{ip: 192.168.69.92, host: pr-hdds-2076-5qqcd-3923466566, networkLocation: /default-rack, certSerialId: null}, Type:RATIS, Factor:ONE, State:CLOSED] moved to CLOSED state
2019-09-08 14:53:03,985 [EventQueue-StaleNodeForStaleNodeHandler] INFO  pipeline.SCMPipelineManager (SCMPipelineManager.java:finalizeAndDestroyPipeline(311)) - destroying pipeline:Pipeline[ Id: 2e382a8f-edaa-486e-bb59-ca73cff9b333, Nodes: 77feb63d-892e-4814-8dc2-ee631f7cde14{ip: 192.168.69.92, host: pr-hdds-2076-5qqcd-3923466566, networkLocation: /default-rack, certSerialId: null}00b73927-b021-47b3-a043-bc4f6e85dc3e{ip: 192.168.69.92, host: pr-hdds-2076-5qqcd-3923466566, networkLocation: /default-rack, certSerialId: null}6b9e585b-666e-459d-8548-320514f1f270{ip: 192.168.69.92, host: pr-hdds-2076-5qqcd-3923466566, networkLocation: /default-rack, certSerialId: null}, Type:RATIS, Factor:THREE, State:OPEN]
2019-09-08 14:53:03,985 [EventQueue-StaleNodeForStaleNodeHandler] INFO  pipeline.PipelineStateManager (PipelineStateManager.java:finalizePipeline(123)) - Pipeline Pipeline[ Id: 2e382a8f-edaa-486e-bb59-ca73cff9b333, Nodes: 77feb63d-892e-4814-8dc2-ee631f7cde14{ip: 192.168.69.92, host: pr-hdds-2076-5qqcd-3923466566, networkLocation: /default-rack, certSerialId: null}00b73927-b021-47b3-a043-bc4f6e85dc3e{ip: 192.168.69.92, host: pr-hdds-2076-5qqcd-3923466566, networkLocation: /default-rack, certSerialId: null}6b9e585b-666e-459d-8548-320514f1f270{ip: 192.168.69.92, host: pr-hdds-2076-5qqcd-3923466566, networkLocation: /default-rack, certSerialId: null}, Type:RATIS, Factor:THREE, State:CLOSED] moved to CLOSED state
2019-09-08 14:53:03,986 [EventQueue-StaleNodeForStaleNodeHandler] INFO  node.StaleNodeHandler (StaleNodeHandler.java:onMessage(58)) - Datanode 00b73927-b021-47b3-a043-bc4f6e85dc3e{ip: 192.168.69.92, host: pr-hdds-2076-5qqcd-3923466566, networkLocation: /default-rack, certSerialId: null} moved to stale state. Finalizing its pipelines [PipelineID=2e382a8f-edaa-486e-bb59-ca73cff9b333, PipelineID=d7b964e0-a85a-433d-bce7-0383ae47bd53]
2019-09-08 14:53:03,986 [EventQueue-CloseContainerForCloseContainerEventHandler] INFO  container.CloseContainerEventHandler (CloseContainerEventHandler.java:onMessage(61)) - Close container Event triggered for container : #1
2019-09-08 14:53:03,987 [EventQueue-StaleNodeForStaleNodeHandler] INFO  pipeline.SCMPipelineManager (SCMPipelineManager.java:finalizeAndDestroyPipeline(311)) - destroying pipeline:Pipeline[ Id: 2e382a8f-edaa-486e-bb59-ca73cff9b333, Nodes: 77feb63d-892e-4814-8dc2-ee631f7cde14{ip: 192.168.69.92, host: pr-hdds-2076-5qqcd-3923466566, networkLocation: /default-rack, certSerialId: null}00b73927-b021-47b3-a043-bc4f6e85dc3e{ip: 192.168.69.92, host: pr-hdds-2076-5qqcd-3923466566, networkLocation: /default-rack, certSerialId: null}6b9e585b-666e-459d-8548-320514f1f270{ip: 192.168.69.92, host: pr-hdds-2076-5qqcd-3923466566, networkLocation: /default-rack, certSerialId: null}, Type:RATIS, Factor:THREE, State:CLOSED]
2019-09-08 14:53:03,989 [EventQueue-StaleNodeForStaleNodeHandler] INFO  pipeline.SCMPipelineManager (SCMPipelineManager.java:finalizeAndDestroyPipeline(311)) - destroying pipeline:Pipeline[ Id: d7b964e0-a85a-433d-bce7-0383ae47bd53, Nodes: 00b73927-b021-47b3-a043-bc4f6e85dc3e{ip: 192.168.69.92, host: pr-hdds-2076-5qqcd-3923466566, networkLocation: /default-rack, certSerialId: null}, Type:RATIS, Factor:ONE, State:OPEN]
2019-09-08 14:53:03,989 [EventQueue-StaleNodeForStaleNodeHandler] INFO  pipeline.PipelineStateManager (PipelineStateManager.java:finalizePipeline(123)) - Pipeline Pipeline[ Id: d7b964e0-a85a-433d-bce7-0383ae47bd53, Nodes: 00b73927-b021-47b3-a043-bc4f6e85dc3e{ip: 192.168.69.92, host: pr-hdds-2076-5qqcd-3923466566, networkLocation: /default-rack, certSerialId: null}, Type:RATIS, Factor:ONE, State:CLOSED] moved to CLOSED state
2019-09-08 14:53:03,995 [EventQueue-CloseContainerForCloseContainerEventHandler] INFO  container.CloseContainerEventHandler (CloseContainerEventHandler.java:onMessage(61)) - Close container Event triggered for container : #1
2019-09-08 14:53:04,024 [main] INFO  impl.MetricsSystemImpl (MetricsSystemImpl.java:init(158)) - XceiverClientMetrics metrics system started (again)
2019-09-08 14:53:04,087 [grpc-default-executor-2] INFO  impl.RaftServerProxy (RaftServerProxy.java:addNew(89)) - 77feb63d-892e-4814-8dc2-ee631f7cde14: addNew group-23722D0D1038:[77feb63d-892e-4814-8dc2-ee631f7cde14:192.168.69.92:42261] returns group-23722D0D1038:java.util.concurrent.CompletableFuture@46fd84c2[Not completed]
2019-09-08 14:53:04,090 [pool-47-thread-1] INFO  impl.RaftServerImpl (RaftServerImpl.java:<init>(93)) - 77feb63d-892e-4814-8dc2-ee631f7cde14: new RaftServerImpl for group-23722D0D1038:[77feb63d-892e-4814-8dc2-ee631f7cde14:192.168.69.92:42261] with ContainerStateMachine:uninitialized
2019-09-08 14:53:04,090 [pool-47-thread-1] INFO  server.RaftServerConfigKeys (ConfUtils.java:logGet(43)) - raft.server.rpc.timeout.min = 5s (custom)
2019-09-08 14:53:04,090 [pool-47-thread-1] INFO  server.RaftServerConfigKeys (ConfUtils.java:logGet(43)) - raft.server.rpc.timeout.max = 5200ms (custom)
2019-09-08 14:53:04,090 [pool-47-thread-1] INFO  server.RaftServerConfigKeys (ConfUtils.java:logGet(43)) - raft.server.rpcslowness.timeout = 1000s (custom)
2019-09-08 14:53:04,091 [pool-47-thread-1] INFO  server.RaftServerConfigKeys (ConfUtils.java:logGet(43)) - raft.server.sleep.deviation.threshold = 300 (default)
2019-09-08 14:53:04,091 [pool-47-thread-1] INFO  server.RaftServerConfigKeys (ConfUtils.java:logGet(43)) - raft.server.log.appender.install.snapshot.enabled = false (custom)
2019-09-08 14:53:04,091 [pool-47-thread-1] INFO  impl.RaftServerImpl (ServerState.java:<init>(105)) - 77feb63d-892e-4814-8dc2-ee631f7cde14:group-23722D0D1038 ConfigurationManager, init=-1: [77feb63d-892e-4814-8dc2-ee631f7cde14:192.168.69.92:42261], old=null, confs=<EMPTY_MAP>
2019-09-08 14:53:04,091 [pool-47-thread-1] INFO  server.RaftServerConfigKeys (ConfUtils.java:logGet(43)) - raft.server.storage.dir = [/workdir/hadoop-ozone/integration-test/target/test-dir/MiniOzoneClusterImpl-cd29ba6b-b71a-4bdc-b5d6-66c210291ea4/datanode-2/data/ratis] (custom)
2019-09-08 14:53:04,092 [pool-47-thread-1] INFO  storage.RaftStorageDirectory (RaftStorageDirectory.java:analyzeStorage(246)) - The storage directory /workdir/hadoop-ozone/integration-test/target/test-dir/MiniOzoneClusterImpl-cd29ba6b-b71a-4bdc-b5d6-66c210291ea4/datanode-2/data/ratis/1760b0b8-be22-4c75-8791-23722d0d1038 does not exist. Creating ...
2019-09-08 14:53:04,132 [grpc-default-executor-2] INFO  client.GrpcClientProtocolClient (GrpcClientProtocolClient.java:onNext(255)) - client-54F80A16CF05->77feb63d-892e-4814-8dc2-ee631f7cde14: receive RaftClientReply:client-54F80A16CF05->77feb63d-892e-4814-8dc2-ee631f7cde14@group-CA73CFF9B333, cid=8, FAILED org.apache.ratis.protocol.NotLeaderException: Server 77feb63d-892e-4814-8dc2-ee631f7cde14 is not the leader (null). Request must be sent to leader., logIndex=0, commits[77feb63d-892e-4814-8dc2-ee631f7cde14:c-1]
2019-09-08 14:53:04,169 [pool-47-thread-1] INFO  storage.RaftStorageDirectory (RaftStorageDirectory.java:tryLock(328)) - Lock on /workdir/hadoop-ozone/integration-test/target/test-dir/MiniOzoneClusterImpl-cd29ba6b-b71a-4bdc-b5d6-66c210291ea4/datanode-2/data/ratis/1760b0b8-be22-4c75-8791-23722d0d1038/in_use.lock acquired by nodename 7633@pr-hdds-2076-5qqcd-3923466566
2019-09-08 14:53:04,193 [pool-47-thread-1] INFO  storage.RaftStorage (RaftStorage.java:format(72)) - Storage directory /workdir/hadoop-ozone/integration-test/target/test-dir/MiniOzoneClusterImpl-cd29ba6b-b71a-4bdc-b5d6-66c210291ea4/datanode-2/data/ratis/1760b0b8-be22-4c75-8791-23722d0d1038 has been successfully formatted.
2019-09-08 14:53:04,194 [pool-47-thread-1] INFO  ratis.ContainerStateMachine (ContainerStateMachine.java:loadSnapshot(227)) - group-23722D0D1038: The snapshot info is null. Setting the last applied indexto:(t:0, i:~)
2019-09-08 14:53:04,194 [pool-47-thread-1] INFO  server.RaftServerConfigKeys (ConfUtils.java:logGet(43)) - raft.server.leader.election.timeout = 1000s (custom)
2019-09-08 14:53:04,194 [pool-47-thread-1] INFO  server.RaftServerConfigKeys (ConfUtils.java:logGet(43)) - raft.server.log.use.memory = false (default)
2019-09-08 14:53:04,194 [pool-47-thread-1] INFO  server.RaftServerConfigKeys (ConfUtils.java:logGet(43)) - raft.server.log.purge.gap = 1000000 (custom)
2019-09-08 14:53:04,195 [pool-47-thread-1] INFO  server.RaftServerConfigKeys (ConfUtils.java:logGet(43)) - raft.server.log.appender.buffer.byte-limit = 33554432 (custom)
2019-09-08 14:53:04,195 [pool-47-thread-1] INFO  server.RaftServerConfigKeys (ConfUtils.java:logGet(43)) - raft.server.log.segment.size.max = 1048576 (custom)
2019-09-08 14:53:04,195 [pool-47-thread-1] INFO  server.RaftServerConfigKeys (ConfUtils.java:logGet(43)) - raft.server.log.segment.cache.num.max = 2 (custom)
2019-09-08 14:53:04,195 [pool-47-thread-1] INFO  segmented.SegmentedRaftLogWorker (SegmentedRaftLogWorker.java:<init>(172)) - new 77feb63d-892e-4814-8dc2-ee631f7cde14-SegmentedRaftLogWorker:Storage Directory /workdir/hadoop-ozone/integration-test/target/test-dir/MiniOzoneClusterImpl-cd29ba6b-b71a-4bdc-b5d6-66c210291ea4/datanode-2/data/ratis/1760b0b8-be22-4c75-8791-23722d0d1038 for RaftStorage:Storage Directory /workdir/hadoop-ozone/integration-test/target/test-dir/MiniOzoneClusterImpl-cd29ba6b-b71a-4bdc-b5d6-66c210291ea4/datanode-2/data/ratis/1760b0b8-be22-4c75-8791-23722d0d1038
2019-09-08 14:53:04,196 [pool-47-thread-1] INFO  server.RaftServerConfigKeys (ConfUtils.java:logGet(43)) - raft.server.log.queue.byte-limit = 2147483647 (custom)
2019-09-08 14:53:04,196 [pool-47-thread-1] INFO  server.RaftServerConfigKeys (ConfUtils.java:logGet(43)) - raft.server.log.queue.element-limit = 1024 (custom)
2019-09-08 14:53:04,196 [pool-47-thread-1] INFO  server.RaftServerConfigKeys (ConfUtils.java:logGet(43)) - raft.server.log.segment.size.max = 1048576 (custom)
2019-09-08 14:53:04,196 [pool-47-thread-1] INFO  server.RaftServerConfigKeys (ConfUtils.java:logGet(43)) - raft.server.log.preallocated.size = 16384 (custom)
2019-09-08 14:53:04,197 [pool-47-thread-1] INFO  server.RaftServerConfigKeys (ConfUtils.java:logGet(43)) - raft.server.log.write.buffer.size = 33554432 (custom)
2019-09-08 14:53:04,197 [pool-47-thread-1] INFO  server.RaftServerConfigKeys (ConfUtils.java:logGet(43)) - raft.server.log.force.sync.num = 128 (default)
2019-09-08 14:53:04,197 [pool-47-thread-1] INFO  server.RaftServerConfigKeys (ConfUtils.java:logGet(43)) - raft.server.log.statemachine.data.sync = true (default)
2019-09-08 14:53:04,197 [pool-47-thread-1] INFO  server.RaftServerConfigKeys (ConfUtils.java:logGet(43)) - raft.server.log.statemachine.data.sync.timeout = 10s (default)
2019-09-08 14:53:04,197 [pool-47-thread-1] INFO  server.RaftServerConfigKeys (ConfUtils.java:logGet(43)) - raft.server.log.statemachine.data.sync.timeout.retry = -1 (default)
2019-09-08 14:53:04,198 [pool-47-thread-1] INFO  server.RaftServerConfigKeys (ConfUtils.java:logGet(43)) - raft.server.log.statemachine.data.caching.enabled = true (custom)
2019-09-08 14:53:04,198 [pool-47-thread-1] INFO  segmented.SegmentedRaftLogWorker (SegmentedRaftLogWorker.java:lambda$new$0(132)) - 77feb63d-892e-4814-8dc2-ee631f7cde14-SegmentedRaftLogWorker:Storage Directory /workdir/hadoop-ozone/integration-test/target/test-dir/MiniOzoneClusterImpl-cd29ba6b-b71a-4bdc-b5d6-66c210291ea4/datanode-2/data/ratis/1760b0b8-be22-4c75-8791-23722d0d1038: flushIndex: setUnconditionally 0 -> -1
2019-09-08 14:53:04,199 [pool-47-thread-1] INFO  server.RaftServerConfigKeys (ConfUtils.java:logGet(43)) - raft.server.snapshot.auto.trigger.enabled = true (custom)
2019-09-08 14:53:04,199 [pool-47-thread-1] INFO  server.RaftServerConfigKeys (ConfUtils.java:logGet(43)) - raft.server.snapshot.auto.trigger.threshold = 10000 (custom)
2019-09-08 14:53:04,199 [pool-47-thread-1] INFO  server.RaftServerConfigKeys (ConfUtils.java:logGet(43)) - raft.server.retrycache.expirytime = 600000ms (custom)
2019-09-08 14:53:04,200 [pool-47-thread-1] INFO  impl.RaftServerImpl (RaftServerImpl.java:start(180)) - 77feb63d-892e-4814-8dc2-ee631f7cde14: start group-23722D0D1038
2019-09-08 14:53:04,200 [pool-47-thread-1] INFO  impl.RaftServerImpl (RaftServerImpl.java:setRole(171)) - 77feb63d-892e-4814-8dc2-ee631f7cde14:group-23722D0D1038 changes role from null to FOLLOWER at term 0 for startAsFollower
2019-09-08 14:53:04,200 [pool-47-thread-1] INFO  impl.RoleInfo (RoleInfo.java:updateAndGet(143)) - 77feb63d-892e-4814-8dc2-ee631f7cde14: start FollowerState
2019-09-08 14:53:04,201 [pool-47-thread-1] INFO  util.JmxRegister (JmxRegister.java:tryRegister(44)) - Successfully registered JMX Bean with object name Ratis:service=RaftServer,group=group-23722D0D1038,id=77feb63d-892e-4814-8dc2-ee631f7cde14
2019-09-08 14:53:04,209 [RatisPipelineUtilsThread] INFO  pipeline.PipelineStateManager (PipelineStateManager.java:addPipeline(56)) - Created pipeline Pipeline[ Id: 1760b0b8-be22-4c75-8791-23722d0d1038, Nodes: 77feb63d-892e-4814-8dc2-ee631f7cde14{ip: 192.168.69.92, host: pr-hdds-2076-5qqcd-3923466566, networkLocation: /default-rack, certSerialId: null}, Type:RATIS, Factor:ONE, State:OPEN]
2019-09-08 14:53:04,220 [grpc-default-executor-1] INFO  impl.RaftServerProxy (RaftServerProxy.java:addNew(89)) - 00b73927-b021-47b3-a043-bc4f6e85dc3e: addNew group-DC6CFA051F32:[00b73927-b021-47b3-a043-bc4f6e85dc3e:192.168.69.92:35947] returns group-DC6CFA051F32:java.util.concurrent.CompletableFuture@4780ef1b[Not completed]
2019-09-08 14:53:04,222 [pool-57-thread-1] INFO  impl.RaftServerImpl (RaftServerImpl.java:<init>(93)) - 00b73927-b021-47b3-a043-bc4f6e85dc3e: new RaftServerImpl for group-DC6CFA051F32:[00b73927-b021-47b3-a043-bc4f6e85dc3e:192.168.69.92:35947] with ContainerStateMachine:uninitialized
2019-09-08 14:53:04,222 [pool-57-thread-1] INFO  server.RaftServerConfigKeys (ConfUtils.java:logGet(43)) - raft.server.rpc.timeout.min = 5s (custom)
2019-09-08 14:53:04,222 [pool-57-thread-1] INFO  server.RaftServerConfigKeys (ConfUtils.java:logGet(43)) - raft.server.rpc.timeout.max = 5200ms (custom)
2019-09-08 14:53:04,223 [pool-57-thread-1] INFO  server.RaftServerConfigKeys (ConfUtils.java:logGet(43)) - raft.server.rpcslowness.timeout = 1000s (custom)
2019-09-08 14:53:04,223 [pool-57-thread-1] INFO  server.RaftServerConfigKeys (ConfUtils.java:logGet(43)) - raft.server.sleep.deviation.threshold = 300 (default)
2019-09-08 14:53:04,223 [pool-57-thread-1] INFO  server.RaftServerConfigKeys (ConfUtils.java:logGet(43)) - raft.server.log.appender.install.snapshot.enabled = false (custom)
2019-09-08 14:53:04,223 [pool-57-thread-1] INFO  impl.RaftServerImpl (ServerState.java:<init>(105)) - 00b73927-b021-47b3-a043-bc4f6e85dc3e:group-DC6CFA051F32 ConfigurationManager, init=-1: [00b73927-b021-47b3-a043-bc4f6e85dc3e:192.168.69.92:35947], old=null, confs=<EMPTY_MAP>
2019-09-08 14:53:04,223 [pool-57-thread-1] INFO  server.RaftServerConfigKeys (ConfUtils.java:logGet(43)) - raft.server.storage.dir = [/workdir/hadoop-ozone/integration-test/target/test-dir/MiniOzoneClusterImpl-cd29ba6b-b71a-4bdc-b5d6-66c210291ea4/datanode-3/data/ratis] (custom)
2019-09-08 14:53:04,224 [pool-57-thread-1] INFO  storage.RaftStorageDirectory (RaftStorageDirectory.java:analyzeStorage(246)) - The storage directory /workdir/hadoop-ozone/integration-test/target/test-dir/MiniOzoneClusterImpl-cd29ba6b-b71a-4bdc-b5d6-66c210291ea4/datanode-3/data/ratis/b7ddc7ca-d42c-464c-9292-dc6cfa051f32 does not exist. Creating ...
2019-09-08 14:53:04,246 [pool-57-thread-1] INFO  storage.RaftStorageDirectory (RaftStorageDirectory.java:tryLock(328)) - Lock on /workdir/hadoop-ozone/integration-test/target/test-dir/MiniOzoneClusterImpl-cd29ba6b-b71a-4bdc-b5d6-66c210291ea4/datanode-3/data/ratis/b7ddc7ca-d42c-464c-9292-dc6cfa051f32/in_use.lock acquired by nodename 7633@pr-hdds-2076-5qqcd-3923466566
2019-09-08 14:53:04,261 [pool-57-thread-1] INFO  storage.RaftStorage (RaftStorage.java:format(72)) - Storage directory /workdir/hadoop-ozone/integration-test/target/test-dir/MiniOzoneClusterImpl-cd29ba6b-b71a-4bdc-b5d6-66c210291ea4/datanode-3/data/ratis/b7ddc7ca-d42c-464c-9292-dc6cfa051f32 has been successfully formatted.
2019-09-08 14:53:04,261 [pool-57-thread-1] INFO  ratis.ContainerStateMachine (ContainerStateMachine.java:loadSnapshot(227)) - group-DC6CFA051F32: The snapshot info is null. Setting the last applied indexto:(t:0, i:~)
2019-09-08 14:53:04,261 [pool-57-thread-1] INFO  server.RaftServerConfigKeys (ConfUtils.java:logGet(43)) - raft.server.leader.election.timeout = 1000s (custom)
2019-09-08 14:53:04,261 [pool-57-thread-1] INFO  server.RaftServerConfigKeys (ConfUtils.java:logGet(43)) - raft.server.log.use.memory = false (default)
2019-09-08 14:53:04,262 [pool-57-thread-1] INFO  server.RaftServerConfigKeys (ConfUtils.java:logGet(43)) - raft.server.log.purge.gap = 1000000 (custom)
2019-09-08 14:53:04,262 [pool-57-thread-1] INFO  server.RaftServerConfigKeys (ConfUtils.java:logGet(43)) - raft.server.log.appender.buffer.byte-limit = 33554432 (custom)
2019-09-08 14:53:04,262 [pool-57-thread-1] INFO  server.RaftServerConfigKeys (ConfUtils.java:logGet(43)) - raft.server.log.segment.size.max = 1048576 (custom)
2019-09-08 14:53:04,262 [pool-57-thread-1] INFO  server.RaftServerConfigKeys (ConfUtils.java:logGet(43)) - raft.server.log.segment.cache.num.max = 2 (custom)
2019-09-08 14:53:04,262 [pool-57-thread-1] INFO  segmented.SegmentedRaftLogWorker (SegmentedRaftLogWorker.java:<init>(172)) - new 00b73927-b021-47b3-a043-bc4f6e85dc3e-SegmentedRaftLogWorker:Storage Directory /workdir/hadoop-ozone/integration-test/target/test-dir/MiniOzoneClusterImpl-cd29ba6b-b71a-4bdc-b5d6-66c210291ea4/datanode-3/data/ratis/b7ddc7ca-d42c-464c-9292-dc6cfa051f32 for RaftStorage:Storage Directory /workdir/hadoop-ozone/integration-test/target/test-dir/MiniOzoneClusterImpl-cd29ba6b-b71a-4bdc-b5d6-66c210291ea4/datanode-3/data/ratis/b7ddc7ca-d42c-464c-9292-dc6cfa051f32
2019-09-08 14:53:04,262 [pool-57-thread-1] INFO  server.RaftServerConfigKeys (ConfUtils.java:logGet(43)) - raft.server.log.queue.byte-limit = 2147483647 (custom)
2019-09-08 14:53:04,263 [pool-57-thread-1] INFO  server.RaftServerConfigKeys (ConfUtils.java:logGet(43)) - raft.server.log.queue.element-limit = 1024 (custom)
2019-09-08 14:53:04,263 [pool-57-thread-1] INFO  server.RaftServerConfigKeys (ConfUtils.java:logGet(43)) - raft.server.log.segment.size.max = 1048576 (custom)
2019-09-08 14:53:04,263 [pool-57-thread-1] INFO  server.RaftServerConfigKeys (ConfUtils.java:logGet(43)) - raft.server.log.preallocated.size = 16384 (custom)
2019-09-08 14:53:04,263 [pool-57-thread-1] INFO  server.RaftServerConfigKeys (ConfUtils.java:logGet(43)) - raft.server.log.write.buffer.size = 33554432 (custom)
2019-09-08 14:53:04,263 [pool-57-thread-1] INFO  server.RaftServerConfigKeys (ConfUtils.java:logGet(43)) - raft.server.log.force.sync.num = 128 (default)
2019-09-08 14:53:04,263 [pool-57-thread-1] INFO  server.RaftServerConfigKeys (ConfUtils.java:logGet(43)) - raft.server.log.statemachine.data.sync = true (default)
2019-09-08 14:53:04,264 [pool-57-thread-1] INFO  server.RaftServerConfigKeys (ConfUtils.java:logGet(43)) - raft.server.log.statemachine.data.sync.timeout = 10s (default)
2019-09-08 14:53:04,264 [pool-57-thread-1] INFO  server.RaftServerConfigKeys (ConfUtils.java:logGet(43)) - raft.server.log.statemachine.data.sync.timeout.retry = -1 (default)
2019-09-08 14:53:04,264 [pool-57-thread-1] INFO  server.RaftServerConfigKeys (ConfUtils.java:logGet(43)) - raft.server.log.statemachine.data.caching.enabled = true (custom)
2019-09-08 14:53:04,265 [pool-57-thread-1] INFO  segmented.SegmentedRaftLogWorker (SegmentedRaftLogWorker.java:lambda$new$0(132)) - 00b73927-b021-47b3-a043-bc4f6e85dc3e-SegmentedRaftLogWorker:Storage Directory /workdir/hadoop-ozone/integration-test/target/test-dir/MiniOzoneClusterImpl-cd29ba6b-b71a-4bdc-b5d6-66c210291ea4/datanode-3/data/ratis/b7ddc7ca-d42c-464c-9292-dc6cfa051f32: flushIndex: setUnconditionally 0 -> -1
2019-09-08 14:53:04,265 [pool-57-thread-1] INFO  server.RaftServerConfigKeys (ConfUtils.java:logGet(43)) - raft.server.snapshot.auto.trigger.enabled = true (custom)
2019-09-08 14:53:04,265 [pool-57-thread-1] INFO  server.RaftServerConfigKeys (ConfUtils.java:logGet(43)) - raft.server.snapshot.auto.trigger.threshold = 10000 (custom)
2019-09-08 14:53:04,265 [pool-57-thread-1] INFO  server.RaftServerConfigKeys (ConfUtils.java:logGet(43)) - raft.server.retrycache.expirytime = 600000ms (custom)
2019-09-08 14:53:04,266 [pool-57-thread-1] INFO  impl.RaftServerImpl (RaftServerImpl.java:start(180)) - 00b73927-b021-47b3-a043-bc4f6e85dc3e: start group-DC6CFA051F32
2019-09-08 14:53:04,266 [pool-57-thread-1] INFO  impl.RaftServerImpl (RaftServerImpl.java:setRole(171)) - 00b73927-b021-47b3-a043-bc4f6e85dc3e:group-DC6CFA051F32 changes role from null to FOLLOWER at term 0 for startAsFollower
2019-09-08 14:53:04,266 [pool-57-thread-1] INFO  impl.RoleInfo (RoleInfo.java:updateAndGet(143)) - 00b73927-b021-47b3-a043-bc4f6e85dc3e: start FollowerState
2019-09-08 14:53:04,266 [pool-57-thread-1] INFO  util.JmxRegister (JmxRegister.java:tryRegister(44)) - Successfully registered JMX Bean with object name Ratis:service=RaftServer,group=group-DC6CFA051F32,id=00b73927-b021-47b3-a043-bc4f6e85dc3e
2019-09-08 14:53:04,275 [RatisPipelineUtilsThread] INFO  pipeline.PipelineStateManager (PipelineStateManager.java:addPipeline(56)) - Created pipeline Pipeline[ Id: b7ddc7ca-d42c-464c-9292-dc6cfa051f32, Nodes: 00b73927-b021-47b3-a043-bc4f6e85dc3e{ip: 192.168.69.92, host: pr-hdds-2076-5qqcd-3923466566, networkLocation: /default-rack, certSerialId: null}, Type:RATIS, Factor:ONE, State:OPEN]
2019-09-08 14:53:04,300 [grpc-default-executor-0] INFO  impl.RaftServerProxy (RaftServerProxy.java:addNew(89)) - 77feb63d-892e-4814-8dc2-ee631f7cde14: addNew group-649B12738EEF:[77feb63d-892e-4814-8dc2-ee631f7cde14:192.168.69.92:42261, 6b9e585b-666e-459d-8548-320514f1f270:192.168.69.92:35944, 00b73927-b021-47b3-a043-bc4f6e85dc3e:192.168.69.92:35947] returns group-649B12738EEF:java.util.concurrent.CompletableFuture@51a44dc4[Not completed]
2019-09-08 14:53:04,303 [pool-47-thread-1] INFO  impl.RaftServerImpl (RaftServerImpl.java:<init>(93)) - 77feb63d-892e-4814-8dc2-ee631f7cde14: new RaftServerImpl for group-649B12738EEF:[77feb63d-892e-4814-8dc2-ee631f7cde14:192.168.69.92:42261, 6b9e585b-666e-459d-8548-320514f1f270:192.168.69.92:35944, 00b73927-b021-47b3-a043-bc4f6e85dc3e:192.168.69.92:35947] with ContainerStateMachine:uninitialized
2019-09-08 14:53:04,304 [pool-47-thread-1] INFO  server.RaftServerConfigKeys (ConfUtils.java:logGet(43)) - raft.server.rpc.timeout.min = 5s (custom)
2019-09-08 14:53:04,304 [grpc-default-executor-0] INFO  impl.RaftServerProxy (RaftServerProxy.java:addNew(89)) - 00b73927-b021-47b3-a043-bc4f6e85dc3e: addNew group-649B12738EEF:[77feb63d-892e-4814-8dc2-ee631f7cde14:192.168.69.92:42261, 6b9e585b-666e-459d-8548-320514f1f270:192.168.69.92:35944, 00b73927-b021-47b3-a043-bc4f6e85dc3e:192.168.69.92:35947] returns group-649B12738EEF:java.util.concurrent.CompletableFuture@26b87d9e[Not completed]
2019-09-08 14:53:04,304 [pool-47-thread-1] INFO  server.RaftServerConfigKeys (ConfUtils.java:logGet(43)) - raft.server.rpc.timeout.max = 5200ms (custom)
2019-09-08 14:53:04,304 [pool-47-thread-1] INFO  server.RaftServerConfigKeys (ConfUtils.java:logGet(43)) - raft.server.rpcslowness.timeout = 1000s (custom)
2019-09-08 14:53:04,305 [pool-47-thread-1] INFO  server.RaftServerConfigKeys (ConfUtils.java:logGet(43)) - raft.server.sleep.deviation.threshold = 300 (default)
2019-09-08 14:53:04,305 [pool-47-thread-1] INFO  server.RaftServerConfigKeys (ConfUtils.java:logGet(43)) - raft.server.log.appender.install.snapshot.enabled = false (custom)
2019-09-08 14:53:04,306 [pool-47-thread-1] INFO  impl.RaftServerImpl (ServerState.java:<init>(105)) - 77feb63d-892e-4814-8dc2-ee631f7cde14:group-649B12738EEF ConfigurationManager, init=-1: [77feb63d-892e-4814-8dc2-ee631f7cde14:192.168.69.92:42261, 6b9e585b-666e-459d-8548-320514f1f270:192.168.69.92:35944, 00b73927-b021-47b3-a043-bc4f6e85dc3e:192.168.69.92:35947], old=null, confs=<EMPTY_MAP>
2019-09-08 14:53:04,306 [pool-47-thread-1] INFO  server.RaftServerConfigKeys (ConfUtils.java:logGet(43)) - raft.server.storage.dir = [/workdir/hadoop-ozone/integration-test/target/test-dir/MiniOzoneClusterImpl-cd29ba6b-b71a-4bdc-b5d6-66c210291ea4/datanode-2/data/ratis] (custom)
2019-09-08 14:53:04,306 [grpc-default-executor-0] INFO  impl.RaftServerProxy (RaftServerProxy.java:addNew(89)) - 6b9e585b-666e-459d-8548-320514f1f270: addNew group-649B12738EEF:[77feb63d-892e-4814-8dc2-ee631f7cde14:192.168.69.92:42261, 6b9e585b-666e-459d-8548-320514f1f270:192.168.69.92:35944, 00b73927-b021-47b3-a043-bc4f6e85dc3e:192.168.69.92:35947] returns group-649B12738EEF:java.util.concurrent.CompletableFuture@610e4917[Not completed]
2019-09-08 14:53:04,306 [pool-47-thread-1] INFO  storage.RaftStorageDirectory (RaftStorageDirectory.java:analyzeStorage(246)) - The storage directory /workdir/hadoop-ozone/integration-test/target/test-dir/MiniOzoneClusterImpl-cd29ba6b-b71a-4bdc-b5d6-66c210291ea4/datanode-2/data/ratis/4c313edf-1987-4478-bef4-649b12738eef does not exist. Creating ...
2019-09-08 14:53:04,306 [pool-57-thread-1] INFO  impl.RaftServerImpl (RaftServerImpl.java:<init>(93)) - 00b73927-b021-47b3-a043-bc4f6e85dc3e: new RaftServerImpl for group-649B12738EEF:[77feb63d-892e-4814-8dc2-ee631f7cde14:192.168.69.92:42261, 6b9e585b-666e-459d-8548-320514f1f270:192.168.69.92:35944, 00b73927-b021-47b3-a043-bc4f6e85dc3e:192.168.69.92:35947] with ContainerStateMachine:uninitialized
2019-09-08 14:53:04,307 [pool-57-thread-1] INFO  server.RaftServerConfigKeys (ConfUtils.java:logGet(43)) - raft.server.rpc.timeout.min = 5s (custom)
2019-09-08 14:53:04,307 [pool-57-thread-1] INFO  server.RaftServerConfigKeys (ConfUtils.java:logGet(43)) - raft.server.rpc.timeout.max = 5200ms (custom)
2019-09-08 14:53:04,307 [pool-57-thread-1] INFO  server.RaftServerConfigKeys (ConfUtils.java:logGet(43)) - raft.server.rpcslowness.timeout = 1000s (custom)
2019-09-08 14:53:04,307 [pool-57-thread-1] INFO  server.RaftServerConfigKeys (ConfUtils.java:logGet(43)) - raft.server.sleep.deviation.threshold = 300 (default)
2019-09-08 14:53:04,307 [pool-57-thread-1] INFO  server.RaftServerConfigKeys (ConfUtils.java:logGet(43)) - raft.server.log.appender.install.snapshot.enabled = false (custom)
2019-09-08 14:53:04,307 [pool-57-thread-1] INFO  impl.RaftServerImpl (ServerState.java:<init>(105)) - 00b73927-b021-47b3-a043-bc4f6e85dc3e:group-649B12738EEF ConfigurationManager, init=-1: [77feb63d-892e-4814-8dc2-ee631f7cde14:192.168.69.92:42261, 6b9e585b-666e-459d-8548-320514f1f270:192.168.69.92:35944, 00b73927-b021-47b3-a043-bc4f6e85dc3e:192.168.69.92:35947], old=null, confs=<EMPTY_MAP>
2019-09-08 14:53:04,308 [pool-57-thread-1] INFO  server.RaftServerConfigKeys (ConfUtils.java:logGet(43)) - raft.server.storage.dir = [/workdir/hadoop-ozone/integration-test/target/test-dir/MiniOzoneClusterImpl-cd29ba6b-b71a-4bdc-b5d6-66c210291ea4/datanode-3/data/ratis] (custom)
2019-09-08 14:53:04,308 [pool-27-thread-1] INFO  impl.RaftServerImpl (RaftServerImpl.java:<init>(93)) - 6b9e585b-666e-459d-8548-320514f1f270: new RaftServerImpl for group-649B12738EEF:[77feb63d-892e-4814-8dc2-ee631f7cde14:192.168.69.92:42261, 6b9e585b-666e-459d-8548-320514f1f270:192.168.69.92:35944, 00b73927-b021-47b3-a043-bc4f6e85dc3e:192.168.69.92:35947] with ContainerStateMachine:uninitialized
2019-09-08 14:53:04,308 [pool-57-thread-1] INFO  storage.RaftStorageDirectory (RaftStorageDirectory.java:analyzeStorage(246)) - The storage directory /workdir/hadoop-ozone/integration-test/target/test-dir/MiniOzoneClusterImpl-cd29ba6b-b71a-4bdc-b5d6-66c210291ea4/datanode-3/data/ratis/4c313edf-1987-4478-bef4-649b12738eef does not exist. Creating ...
2019-09-08 14:53:04,308 [pool-27-thread-1] INFO  server.RaftServerConfigKeys (ConfUtils.java:logGet(43)) - raft.server.rpc.timeout.min = 5s (custom)
2019-09-08 14:53:04,308 [pool-27-thread-1] INFO  server.RaftServerConfigKeys (ConfUtils.java:logGet(43)) - raft.server.rpc.timeout.max = 5200ms (custom)
2019-09-08 14:53:04,308 [pool-27-thread-1] INFO  server.RaftServerConfigKeys (ConfUtils.java:logGet(43)) - raft.server.rpcslowness.timeout = 1000s (custom)
2019-09-08 14:53:04,309 [pool-27-thread-1] INFO  server.RaftServerConfigKeys (ConfUtils.java:logGet(43)) - raft.server.sleep.deviation.threshold = 300 (default)
2019-09-08 14:53:04,309 [pool-27-thread-1] INFO  server.RaftServerConfigKeys (ConfUtils.java:logGet(43)) - raft.server.log.appender.install.snapshot.enabled = false (custom)
2019-09-08 14:53:04,309 [pool-27-thread-1] INFO  impl.RaftServerImpl (ServerState.java:<init>(105)) - 6b9e585b-666e-459d-8548-320514f1f270:group-649B12738EEF ConfigurationManager, init=-1: [77feb63d-892e-4814-8dc2-ee631f7cde14:192.168.69.92:42261, 6b9e585b-666e-459d-8548-320514f1f270:192.168.69.92:35944, 00b73927-b021-47b3-a043-bc4f6e85dc3e:192.168.69.92:35947], old=null, confs=<EMPTY_MAP>
2019-09-08 14:53:04,309 [pool-27-thread-1] INFO  server.RaftServerConfigKeys (ConfUtils.java:logGet(43)) - raft.server.storage.dir = [/workdir/hadoop-ozone/integration-test/target/test-dir/MiniOzoneClusterImpl-cd29ba6b-b71a-4bdc-b5d6-66c210291ea4/datanode-0/data/ratis] (custom)
2019-09-08 14:53:04,310 [pool-27-thread-1] INFO  storage.RaftStorageDirectory (RaftStorageDirectory.java:analyzeStorage(246)) - The storage directory /workdir/hadoop-ozone/integration-test/target/test-dir/MiniOzoneClusterImpl-cd29ba6b-b71a-4bdc-b5d6-66c210291ea4/datanode-0/data/ratis/4c313edf-1987-4478-bef4-649b12738eef does not exist. Creating ...
2019-09-08 14:53:04,329 [pool-57-thread-1] INFO  storage.RaftStorageDirectory (RaftStorageDirectory.java:tryLock(328)) - Lock on /workdir/hadoop-ozone/integration-test/target/test-dir/MiniOzoneClusterImpl-cd29ba6b-b71a-4bdc-b5d6-66c210291ea4/datanode-3/data/ratis/4c313edf-1987-4478-bef4-649b12738eef/in_use.lock acquired by nodename 7633@pr-hdds-2076-5qqcd-3923466566
2019-09-08 14:53:04,329 [pool-27-thread-1] INFO  storage.RaftStorageDirectory (RaftStorageDirectory.java:tryLock(328)) - Lock on /workdir/hadoop-ozone/integration-test/target/test-dir/MiniOzoneClusterImpl-cd29ba6b-b71a-4bdc-b5d6-66c210291ea4/datanode-0/data/ratis/4c313edf-1987-4478-bef4-649b12738eef/in_use.lock acquired by nodename 7633@pr-hdds-2076-5qqcd-3923466566
2019-09-08 14:53:04,330 [pool-47-thread-1] INFO  storage.RaftStorageDirectory (RaftStorageDirectory.java:tryLock(328)) - Lock on /workdir/hadoop-ozone/integration-test/target/test-dir/MiniOzoneClusterImpl-cd29ba6b-b71a-4bdc-b5d6-66c210291ea4/datanode-2/data/ratis/4c313edf-1987-4478-bef4-649b12738eef/in_use.lock acquired by nodename 7633@pr-hdds-2076-5qqcd-3923466566
2019-09-08 14:53:04,345 [pool-57-thread-1] INFO  storage.RaftStorage (RaftStorage.java:format(72)) - Storage directory /workdir/hadoop-ozone/integration-test/target/test-dir/MiniOzoneClusterImpl-cd29ba6b-b71a-4bdc-b5d6-66c210291ea4/datanode-3/data/ratis/4c313edf-1987-4478-bef4-649b12738eef has been successfully formatted.
2019-09-08 14:53:04,345 [pool-47-thread-1] INFO  storage.RaftStorage (RaftStorage.java:format(72)) - Storage directory /workdir/hadoop-ozone/integration-test/target/test-dir/MiniOzoneClusterImpl-cd29ba6b-b71a-4bdc-b5d6-66c210291ea4/datanode-2/data/ratis/4c313edf-1987-4478-bef4-649b12738eef has been successfully formatted.
2019-09-08 14:53:04,345 [pool-27-thread-1] INFO  storage.RaftStorage (RaftStorage.java:format(72)) - Storage directory /workdir/hadoop-ozone/integration-test/target/test-dir/MiniOzoneClusterImpl-cd29ba6b-b71a-4bdc-b5d6-66c210291ea4/datanode-0/data/ratis/4c313edf-1987-4478-bef4-649b12738eef has been successfully formatted.
2019-09-08 14:53:04,346 [pool-57-thread-1] INFO  ratis.ContainerStateMachine (ContainerStateMachine.java:loadSnapshot(227)) - group-649B12738EEF: The snapshot info is null. Setting the last applied indexto:(t:0, i:~)
2019-09-08 14:53:04,346 [pool-47-thread-1] INFO  ratis.ContainerStateMachine (ContainerStateMachine.java:loadSnapshot(227)) - group-649B12738EEF: The snapshot info is null. Setting the last applied indexto:(t:0, i:~)
2019-09-08 14:53:04,346 [pool-57-thread-1] INFO  server.RaftServerConfigKeys (ConfUtils.java:logGet(43)) - raft.server.leader.election.timeout = 1000s (custom)
2019-09-08 14:53:04,346 [pool-27-thread-1] INFO  ratis.ContainerStateMachine (ContainerStateMachine.java:loadSnapshot(227)) - group-649B12738EEF: The snapshot info is null. Setting the last applied indexto:(t:0, i:~)
2019-09-08 14:53:04,346 [pool-57-thread-1] INFO  server.RaftServerConfigKeys (ConfUtils.java:logGet(43)) - raft.server.log.use.memory = false (default)
2019-09-08 14:53:04,346 [pool-47-thread-1] INFO  server.RaftServerConfigKeys (ConfUtils.java:logGet(43)) - raft.server.leader.election.timeout = 1000s (custom)
2019-09-08 14:53:04,346 [pool-57-thread-1] INFO  server.RaftServerConfigKeys (ConfUtils.java:logGet(43)) - raft.server.log.purge.gap = 1000000 (custom)
2019-09-08 14:53:04,346 [pool-27-thread-1] INFO  server.RaftServerConfigKeys (ConfUtils.java:logGet(43)) - raft.server.leader.election.timeout = 1000s (custom)
2019-09-08 14:53:04,347 [pool-57-thread-1] INFO  server.RaftServerConfigKeys (ConfUtils.java:logGet(43)) - raft.server.log.appender.buffer.byte-limit = 33554432 (custom)
2019-09-08 14:53:04,346 [pool-47-thread-1] INFO  server.RaftServerConfigKeys (ConfUtils.java:logGet(43)) - raft.server.log.use.memory = false (default)
2019-09-08 14:53:04,347 [pool-57-thread-1] INFO  server.RaftServerConfigKeys (ConfUtils.java:logGet(43)) - raft.server.log.segment.size.max = 1048576 (custom)
2019-09-08 14:53:04,347 [pool-27-thread-1] INFO  server.RaftServerConfigKeys (ConfUtils.java:logGet(43)) - raft.server.log.use.memory = false (default)
2019-09-08 14:53:04,347 [pool-57-thread-1] INFO  server.RaftServerConfigKeys (ConfUtils.java:logGet(43)) - raft.server.log.segment.cache.num.max = 2 (custom)
2019-09-08 14:53:04,347 [pool-47-thread-1] INFO  server.RaftServerConfigKeys (ConfUtils.java:logGet(43)) - raft.server.log.purge.gap = 1000000 (custom)
2019-09-08 14:53:04,347 [pool-57-thread-1] INFO  segmented.SegmentedRaftLogWorker (SegmentedRaftLogWorker.java:<init>(172)) - new 00b73927-b021-47b3-a043-bc4f6e85dc3e-SegmentedRaftLogWorker:Storage Directory /workdir/hadoop-ozone/integration-test/target/test-dir/MiniOzoneClusterImpl-cd29ba6b-b71a-4bdc-b5d6-66c210291ea4/datanode-3/data/ratis/4c313edf-1987-4478-bef4-649b12738eef for RaftStorage:Storage Directory /workdir/hadoop-ozone/integration-test/target/test-dir/MiniOzoneClusterImpl-cd29ba6b-b71a-4bdc-b5d6-66c210291ea4/datanode-3/data/ratis/4c313edf-1987-4478-bef4-649b12738eef
2019-09-08 14:53:04,347 [pool-27-thread-1] INFO  server.RaftServerConfigKeys (ConfUtils.java:logGet(43)) - raft.server.log.purge.gap = 1000000 (custom)
2019-09-08 14:53:04,347 [pool-57-thread-1] INFO  server.RaftServerConfigKeys (ConfUtils.java:logGet(43)) - raft.server.log.queue.byte-limit = 2147483647 (custom)
2019-09-08 14:53:04,347 [pool-47-thread-1] INFO  server.RaftServerConfigKeys (ConfUtils.java:logGet(43)) - raft.server.log.appender.buffer.byte-limit = 33554432 (custom)
2019-09-08 14:53:04,349 [pool-57-thread-1] INFO  server.RaftServerConfigKeys (ConfUtils.java:logGet(43)) - raft.server.log.queue.element-limit = 1024 (custom)
2019-09-08 14:53:04,347 [pool-27-thread-1] INFO  server.RaftServerConfigKeys (ConfUtils.java:logGet(43)) - raft.server.log.appender.buffer.byte-limit = 33554432 (custom)
2019-09-08 14:53:04,350 [pool-57-thread-1] INFO  server.RaftServerConfigKeys (ConfUtils.java:logGet(43)) - raft.server.log.segment.size.max = 1048576 (custom)
2019-09-08 14:53:04,349 [pool-47-thread-1] INFO  server.RaftServerConfigKeys (ConfUtils.java:logGet(43)) - raft.server.log.segment.size.max = 1048576 (custom)
2019-09-08 14:53:04,350 [pool-57-thread-1] INFO  server.RaftServerConfigKeys (ConfUtils.java:logGet(43)) - raft.server.log.preallocated.size = 16384 (custom)
2019-09-08 14:53:04,350 [pool-27-thread-1] INFO  server.RaftServerConfigKeys (ConfUtils.java:logGet(43)) - raft.server.log.segment.size.max = 1048576 (custom)
2019-09-08 14:53:04,350 [pool-57-thread-1] INFO  server.RaftServerConfigKeys (ConfUtils.java:logGet(43)) - raft.server.log.write.buffer.size = 33554432 (custom)
2019-09-08 14:53:04,350 [pool-47-thread-1] INFO  server.RaftServerConfigKeys (ConfUtils.java:logGet(43)) - raft.server.log.segment.cache.num.max = 2 (custom)
2019-09-08 14:53:04,350 [pool-57-thread-1] INFO  server.RaftServerConfigKeys (ConfUtils.java:logGet(43)) - raft.server.log.force.sync.num = 128 (default)
2019-09-08 14:53:04,350 [pool-27-thread-1] INFO  server.RaftServerConfigKeys (ConfUtils.java:logGet(43)) - raft.server.log.segment.cache.num.max = 2 (custom)
2019-09-08 14:53:04,351 [pool-57-thread-1] INFO  server.RaftServerConfigKeys (ConfUtils.java:logGet(43)) - raft.server.log.statemachine.data.sync = true (default)
2019-09-08 14:53:04,351 [pool-47-thread-1] INFO  segmented.SegmentedRaftLogWorker (SegmentedRaftLogWorker.java:<init>(172)) - new 77feb63d-892e-4814-8dc2-ee631f7cde14-SegmentedRaftLogWorker:Storage Directory /workdir/hadoop-ozone/integration-test/target/test-dir/MiniOzoneClusterImpl-cd29ba6b-b71a-4bdc-b5d6-66c210291ea4/datanode-2/data/ratis/4c313edf-1987-4478-bef4-649b12738eef for RaftStorage:Storage Directory /workdir/hadoop-ozone/integration-test/target/test-dir/MiniOzoneClusterImpl-cd29ba6b-b71a-4bdc-b5d6-66c210291ea4/datanode-2/data/ratis/4c313edf-1987-4478-bef4-649b12738eef
2019-09-08 14:53:04,351 [pool-57-thread-1] INFO  server.RaftServerConfigKeys (ConfUtils.java:logGet(43)) - raft.server.log.statemachine.data.sync.timeout = 10s (default)
2019-09-08 14:53:04,351 [pool-27-thread-1] INFO  segmented.SegmentedRaftLogWorker (SegmentedRaftLogWorker.java:<init>(172)) - new 6b9e585b-666e-459d-8548-320514f1f270-SegmentedRaftLogWorker:Storage Directory /workdir/hadoop-ozone/integration-test/target/test-dir/MiniOzoneClusterImpl-cd29ba6b-b71a-4bdc-b5d6-66c210291ea4/datanode-0/data/ratis/4c313edf-1987-4478-bef4-649b12738eef for RaftStorage:Storage Directory /workdir/hadoop-ozone/integration-test/target/test-dir/MiniOzoneClusterImpl-cd29ba6b-b71a-4bdc-b5d6-66c210291ea4/datanode-0/data/ratis/4c313edf-1987-4478-bef4-649b12738eef
2019-09-08 14:53:04,351 [pool-57-thread-1] INFO  server.RaftServerConfigKeys (ConfUtils.java:logGet(43)) - raft.server.log.statemachine.data.sync.timeout.retry = -1 (default)
2019-09-08 14:53:04,351 [pool-47-thread-1] INFO  server.RaftServerConfigKeys (ConfUtils.java:logGet(43)) - raft.server.log.queue.byte-limit = 2147483647 (custom)
2019-09-08 14:53:04,352 [pool-27-thread-1] INFO  server.RaftServerConfigKeys (ConfUtils.java:logGet(43)) - raft.server.log.queue.byte-limit = 2147483647 (custom)
2019-09-08 14:53:04,353 [pool-47-thread-1] INFO  server.RaftServerConfigKeys (ConfUtils.java:logGet(43)) - raft.server.log.queue.element-limit = 1024 (custom)
2019-09-08 14:53:04,353 [pool-57-thread-1] INFO  server.RaftServerConfigKeys (ConfUtils.java:logGet(43)) - raft.server.log.statemachine.data.caching.enabled = true (custom)
2019-09-08 14:53:04,353 [pool-47-thread-1] INFO  server.RaftServerConfigKeys (ConfUtils.java:logGet(43)) - raft.server.log.segment.size.max = 1048576 (custom)
2019-09-08 14:53:04,353 [pool-27-thread-1] INFO  server.RaftServerConfigKeys (ConfUtils.java:logGet(43)) - raft.server.log.queue.element-limit = 1024 (custom)
2019-09-08 14:53:04,354 [pool-47-thread-1] INFO  server.RaftServerConfigKeys (ConfUtils.java:logGet(43)) - raft.server.log.preallocated.size = 16384 (custom)
2019-09-08 14:53:04,354 [pool-27-thread-1] INFO  server.RaftServerConfigKeys (ConfUtils.java:logGet(43)) - raft.server.log.segment.size.max = 1048576 (custom)
2019-09-08 14:53:04,354 [pool-57-thread-1] INFO  segmented.SegmentedRaftLogWorker (SegmentedRaftLogWorker.java:lambda$new$0(132)) - 00b73927-b021-47b3-a043-bc4f6e85dc3e-SegmentedRaftLogWorker:Storage Directory /workdir/hadoop-ozone/integration-test/target/test-dir/MiniOzoneClusterImpl-cd29ba6b-b71a-4bdc-b5d6-66c210291ea4/datanode-3/data/ratis/4c313edf-1987-4478-bef4-649b12738eef: flushIndex: setUnconditionally 0 -> -1
2019-09-08 14:53:04,354 [pool-27-thread-1] INFO  server.RaftServerConfigKeys (ConfUtils.java:logGet(43)) - raft.server.log.preallocated.size = 16384 (custom)
2019-09-08 14:53:04,354 [pool-47-thread-1] INFO  server.RaftServerConfigKeys (ConfUtils.java:logGet(43)) - raft.server.log.write.buffer.size = 33554432 (custom)
2019-09-08 14:53:04,354 [pool-57-thread-1] INFO  server.RaftServerConfigKeys (ConfUtils.java:logGet(43)) - raft.server.snapshot.auto.trigger.enabled = true (custom)
2019-09-08 14:53:04,354 [pool-27-thread-1] INFO  server.RaftServerConfigKeys (ConfUtils.java:logGet(43)) - raft.server.log.write.buffer.size = 33554432 (custom)
2019-09-08 14:53:04,354 [pool-57-thread-1] INFO  server.RaftServerConfigKeys (ConfUtils.java:logGet(43)) - raft.server.snapshot.auto.trigger.threshold = 10000 (custom)
2019-09-08 14:53:04,354 [pool-47-thread-1] INFO  server.RaftServerConfigKeys (ConfUtils.java:logGet(43)) - raft.server.log.force.sync.num = 128 (default)
2019-09-08 14:53:04,354 [pool-27-thread-1] INFO  server.RaftServerConfigKeys (ConfUtils.java:logGet(43)) - raft.server.log.force.sync.num = 128 (default)
2019-09-08 14:53:04,355 [pool-47-thread-1] INFO  server.RaftServerConfigKeys (ConfUtils.java:logGet(43)) - raft.server.log.statemachine.data.sync = true (default)
2019-09-08 14:53:04,355 [pool-57-thread-1] INFO  server.RaftServerConfigKeys (ConfUtils.java:logGet(43)) - raft.server.retrycache.expirytime = 600000ms (custom)
2019-09-08 14:53:04,355 [pool-47-thread-1] INFO  server.RaftServerConfigKeys (ConfUtils.java:logGet(43)) - raft.server.log.statemachine.data.sync.timeout = 10s (default)
2019-09-08 14:53:04,355 [pool-27-thread-1] INFO  server.RaftServerConfigKeys (ConfUtils.java:logGet(43)) - raft.server.log.statemachine.data.sync = true (default)
2019-09-08 14:53:04,355 [pool-57-thread-1] INFO  impl.RaftServerImpl (RaftServerImpl.java:start(180)) - 00b73927-b021-47b3-a043-bc4f6e85dc3e: start group-649B12738EEF
2019-09-08 14:53:04,355 [pool-47-thread-1] INFO  server.RaftServerConfigKeys (ConfUtils.java:logGet(43)) - raft.server.log.statemachine.data.sync.timeout.retry = -1 (default)
2019-09-08 14:53:04,355 [pool-57-thread-1] INFO  impl.RaftServerImpl (RaftServerImpl.java:setRole(171)) - 00b73927-b021-47b3-a043-bc4f6e85dc3e:group-649B12738EEF changes role from null to FOLLOWER at term 0 for startAsFollower
2019-09-08 14:53:04,355 [pool-27-thread-1] INFO  server.RaftServerConfigKeys (ConfUtils.java:logGet(43)) - raft.server.log.statemachine.data.sync.timeout = 10s (default)
2019-09-08 14:53:04,356 [pool-57-thread-1] INFO  impl.RoleInfo (RoleInfo.java:updateAndGet(143)) - 00b73927-b021-47b3-a043-bc4f6e85dc3e: start FollowerState
2019-09-08 14:53:04,356 [pool-47-thread-1] INFO  server.RaftServerConfigKeys (ConfUtils.java:logGet(43)) - raft.server.log.statemachine.data.caching.enabled = true (custom)
2019-09-08 14:53:04,356 [pool-27-thread-1] INFO  server.RaftServerConfigKeys (ConfUtils.java:logGet(43)) - raft.server.log.statemachine.data.sync.timeout.retry = -1 (default)
2019-09-08 14:53:04,356 [pool-47-thread-1] INFO  segmented.SegmentedRaftLogWorker (SegmentedRaftLogWorker.java:lambda$new$0(132)) - 77feb63d-892e-4814-8dc2-ee631f7cde14-SegmentedRaftLogWorker:Storage Directory /workdir/hadoop-ozone/integration-test/target/test-dir/MiniOzoneClusterImpl-cd29ba6b-b71a-4bdc-b5d6-66c210291ea4/datanode-2/data/ratis/4c313edf-1987-4478-bef4-649b12738eef: flushIndex: setUnconditionally 0 -> -1
2019-09-08 14:53:04,356 [pool-27-thread-1] INFO  server.RaftServerConfigKeys (ConfUtils.java:logGet(43)) - raft.server.log.statemachine.data.caching.enabled = true (custom)
2019-09-08 14:53:04,356 [pool-57-thread-1] INFO  util.JmxRegister (JmxRegister.java:tryRegister(44)) - Successfully registered JMX Bean with object name Ratis:service=RaftServer,group=group-649B12738EEF,id=00b73927-b021-47b3-a043-bc4f6e85dc3e
2019-09-08 14:53:04,356 [pool-47-thread-1] INFO  server.RaftServerConfigKeys (ConfUtils.java:logGet(43)) - raft.server.snapshot.auto.trigger.enabled = true (custom)
2019-09-08 14:53:04,357 [pool-27-thread-1] INFO  segmented.SegmentedRaftLogWorker (SegmentedRaftLogWorker.java:lambda$new$0(132)) - 6b9e585b-666e-459d-8548-320514f1f270-SegmentedRaftLogWorker:Storage Directory /workdir/hadoop-ozone/integration-test/target/test-dir/MiniOzoneClusterImpl-cd29ba6b-b71a-4bdc-b5d6-66c210291ea4/datanode-0/data/ratis/4c313edf-1987-4478-bef4-649b12738eef: flushIndex: setUnconditionally 0 -> -1
2019-09-08 14:53:04,357 [pool-47-thread-1] INFO  server.RaftServerConfigKeys (ConfUtils.java:logGet(43)) - raft.server.snapshot.auto.trigger.threshold = 10000 (custom)
2019-09-08 14:53:04,357 [pool-27-thread-1] INFO  server.RaftServerConfigKeys (ConfUtils.java:logGet(43)) - raft.server.snapshot.auto.trigger.enabled = true (custom)
2019-09-08 14:53:04,357 [pool-47-thread-1] INFO  server.RaftServerConfigKeys (ConfUtils.java:logGet(43)) - raft.server.retrycache.expirytime = 600000ms (custom)
2019-09-08 14:53:04,357 [pool-27-thread-1] INFO  server.RaftServerConfigKeys (ConfUtils.java:logGet(43)) - raft.server.snapshot.auto.trigger.threshold = 10000 (custom)
2019-09-08 14:53:04,357 [pool-47-thread-1] INFO  impl.RaftServerImpl (RaftServerImpl.java:start(180)) - 77feb63d-892e-4814-8dc2-ee631f7cde14: start group-649B12738EEF
2019-09-08 14:53:04,357 [pool-27-thread-1] INFO  server.RaftServerConfigKeys (ConfUtils.java:logGet(43)) - raft.server.retrycache.expirytime = 600000ms (custom)
2019-09-08 14:53:04,357 [pool-47-thread-1] INFO  impl.RaftServerImpl (RaftServerImpl.java:setRole(171)) - 77feb63d-892e-4814-8dc2-ee631f7cde14:group-649B12738EEF changes role from null to FOLLOWER at term 0 for startAsFollower
2019-09-08 14:53:04,357 [pool-27-thread-1] INFO  impl.RaftServerImpl (RaftServerImpl.java:start(180)) - 6b9e585b-666e-459d-8548-320514f1f270: start group-649B12738EEF
2019-09-08 14:53:04,358 [pool-47-thread-1] INFO  impl.RoleInfo (RoleInfo.java:updateAndGet(143)) - 77feb63d-892e-4814-8dc2-ee631f7cde14: start FollowerState
2019-09-08 14:53:04,358 [pool-27-thread-1] INFO  impl.RaftServerImpl (RaftServerImpl.java:setRole(171)) - 6b9e585b-666e-459d-8548-320514f1f270:group-649B12738EEF changes role from null to FOLLOWER at term 0 for startAsFollower
2019-09-08 14:53:04,358 [pool-27-thread-1] INFO  impl.RoleInfo (RoleInfo.java:updateAndGet(143)) - 6b9e585b-666e-459d-8548-320514f1f270: start FollowerState
2019-09-08 14:53:04,358 [pool-47-thread-1] INFO  util.JmxRegister (JmxRegister.java:tryRegister(44)) - Successfully registered JMX Bean with object name Ratis:service=RaftServer,group=group-649B12738EEF,id=77feb63d-892e-4814-8dc2-ee631f7cde14
2019-09-08 14:53:04,358 [pool-27-thread-1] INFO  util.JmxRegister (JmxRegister.java:tryRegister(44)) - Successfully registered JMX Bean with object name Ratis:service=RaftServer,group=group-649B12738EEF,id=6b9e585b-666e-459d-8548-320514f1f270
2019-09-08 14:53:04,375 [RatisPipelineUtilsThread] INFO  pipeline.PipelineStateManager (PipelineStateManager.java:addPipeline(56)) - Created pipeline Pipeline[ Id: 4c313edf-1987-4478-bef4-649b12738eef, Nodes: 77feb63d-892e-4814-8dc2-ee631f7cde14{ip: 192.168.69.92, host: pr-hdds-2076-5qqcd-3923466566, networkLocation: /default-rack, certSerialId: null}00b73927-b021-47b3-a043-bc4f6e85dc3e{ip: 192.168.69.92, host: pr-hdds-2076-5qqcd-3923466566, networkLocation: /default-rack, certSerialId: null}6b9e585b-666e-459d-8548-320514f1f270{ip: 192.168.69.92, host: pr-hdds-2076-5qqcd-3923466566, networkLocation: /default-rack, certSerialId: null}, Type:RATIS, Factor:THREE, State:OPEN]
2019-09-08 14:53:04,538 [Command processor thread] ERROR commandhandler.CloseContainerCommandHandler (CloseContainerCommandHandler.java:handle(84)) - Container #1 does not exist in datanode. Container close failed.
2019-09-08 14:53:04,539 [Command processor thread] ERROR commandhandler.CloseContainerCommandHandler (CloseContainerCommandHandler.java:handle(84)) - Container #1 does not exist in datanode. Container close failed.
2019-09-08 14:53:04,579 [Thread-193] INFO  container.ReplicationManager (ReplicationManager.java:start(169)) - Replication Monitor Thread is already running.
2019-09-08 14:53:04,694 [Command processor thread] ERROR commandhandler.CloseContainerCommandHandler (CloseContainerCommandHandler.java:handle(84)) - Container #1 does not exist in datanode. Container close failed.
2019-09-08 14:53:04,696 [Command processor thread] ERROR commandhandler.CloseContainerCommandHandler (CloseContainerCommandHandler.java:handle(84)) - Container #1 does not exist in datanode. Container close failed.
2019-09-08 14:53:04,769 [Command processor thread] ERROR commandhandler.CloseContainerCommandHandler (CloseContainerCommandHandler.java:handle(84)) - Container #1 does not exist in datanode. Container close failed.
2019-09-08 14:53:04,769 [Command processor thread] ERROR commandhandler.CloseContainerCommandHandler (CloseContainerCommandHandler.java:handle(84)) - Container #1 does not exist in datanode. Container close failed.
2019-09-08 14:53:04,779 [ReplicationMonitor] INFO  container.ReplicationManager (ReplicationManager.java:run(225)) - Replication Monitor Thread took 1 milliseconds for processing 1 containers.
2019-09-08 14:53:05,164 [grpc-default-executor-0] INFO  client.GrpcClientProtocolClient (GrpcClientProtocolClient.java:onNext(255)) - client-54F80A16CF05->00b73927-b021-47b3-a043-bc4f6e85dc3e: receive RaftClientReply:client-54F80A16CF05->00b73927-b021-47b3-a043-bc4f6e85dc3e@group-CA73CFF9B333, cid=8, FAILED org.apache.ratis.protocol.NotLeaderException: Server 00b73927-b021-47b3-a043-bc4f6e85dc3e is not the leader (null). Request must be sent to leader., logIndex=0, commits[00b73927-b021-47b3-a043-bc4f6e85dc3e:c-1]
2019-09-08 14:53:06,188 [grpc-default-executor-0] INFO  client.GrpcClientProtocolClient (GrpcClientProtocolClient.java:onNext(255)) - client-54F80A16CF05->6b9e585b-666e-459d-8548-320514f1f270: receive RaftClientReply:client-54F80A16CF05->6b9e585b-666e-459d-8548-320514f1f270@group-CA73CFF9B333, cid=8, FAILED org.apache.ratis.protocol.NotLeaderException: Server 6b9e585b-666e-459d-8548-320514f1f270 is not the leader (null). Request must be sent to leader., logIndex=0, commits[6b9e585b-666e-459d-8548-320514f1f270:c-1]
2019-09-08 14:53:06,779 [ReplicationMonitor] INFO  container.ReplicationManager (ReplicationManager.java:run(225)) - Replication Monitor Thread took 0 milliseconds for processing 1 containers.
2019-09-08 14:53:07,209 [grpc-default-executor-2] INFO  client.GrpcClientProtocolClient (GrpcClientProtocolClient.java:onNext(255)) - client-54F80A16CF05->77feb63d-892e-4814-8dc2-ee631f7cde14: receive RaftClientReply:client-54F80A16CF05->77feb63d-892e-4814-8dc2-ee631f7cde14@group-CA73CFF9B333, cid=8, FAILED org.apache.ratis.protocol.NotLeaderException: Server 77feb63d-892e-4814-8dc2-ee631f7cde14 is not the leader (null). Request must be sent to leader., logIndex=0, commits[77feb63d-892e-4814-8dc2-ee631f7cde14:c-1]
2019-09-08 14:53:07,416 [Thread-195] INFO  impl.FollowerState (FollowerState.java:run(106)) - 6b9e585b-666e-459d-8548-320514f1f270:group-9C566DCAEE2A changes to CANDIDATE, lastRpcTime:5118, electionTimeout:5117ms
2019-09-08 14:53:07,417 [Thread-195] INFO  impl.RoleInfo (RoleInfo.java:shutdownFollowerState(121)) - 6b9e585b-666e-459d-8548-320514f1f270: shutdown FollowerState
2019-09-08 14:53:07,417 [Thread-195] INFO  impl.RaftServerImpl (RaftServerImpl.java:setRole(171)) - 6b9e585b-666e-459d-8548-320514f1f270:group-9C566DCAEE2A changes role from FOLLOWER to CANDIDATE at term 0 for changeToCandidate
2019-09-08 14:53:07,424 [Thread-195] INFO  impl.RoleInfo (RoleInfo.java:updateAndGet(143)) - 6b9e585b-666e-459d-8548-320514f1f270: start LeaderElection
2019-09-08 14:53:07,453 [6b9e585b-666e-459d-8548-320514f1f270:group-9C566DCAEE2A:LeaderElection1] INFO  impl.LeaderElection (LeaderElection.java:askForVotes(181)) - 6b9e585b-666e-459d-8548-320514f1f270:group-9C566DCAEE2A:LeaderElection1: begin an election at term 1 for -1: [6b9e585b-666e-459d-8548-320514f1f270:192.168.69.92:35944], old=null
2019-09-08 14:53:07,456 [6b9e585b-666e-459d-8548-320514f1f270:group-9C566DCAEE2A:LeaderElection1] INFO  impl.RoleInfo (RoleInfo.java:shutdownLeaderElection(134)) - 6b9e585b-666e-459d-8548-320514f1f270: shutdown LeaderElection
2019-09-08 14:53:07,457 [6b9e585b-666e-459d-8548-320514f1f270:group-9C566DCAEE2A:LeaderElection1] INFO  impl.RaftServerImpl (RaftServerImpl.java:setRole(171)) - 6b9e585b-666e-459d-8548-320514f1f270:group-9C566DCAEE2A changes role from CANDIDATE to LEADER at term 1 for changeToLeader
2019-09-08 14:53:07,457 [6b9e585b-666e-459d-8548-320514f1f270:group-9C566DCAEE2A:LeaderElection1] INFO  impl.RaftServerImpl (ServerState.java:setLeader(263)) - 6b9e585b-666e-459d-8548-320514f1f270:group-9C566DCAEE2A change Leader from null to 6b9e585b-666e-459d-8548-320514f1f270 at term 1 for becomeLeader, leader elected after 5243ms
2019-09-08 14:53:07,464 [6b9e585b-666e-459d-8548-320514f1f270:group-9C566DCAEE2A:LeaderElection1] INFO  server.RaftServerConfigKeys (ConfUtils.java:logGet(43)) - raft.server.staging.catchup.gap = 1000 (default)
2019-09-08 14:53:07,464 [6b9e585b-666e-459d-8548-320514f1f270:group-9C566DCAEE2A:LeaderElection1] INFO  server.RaftServerConfigKeys (ConfUtils.java:logGet(43)) - raft.server.rpc.sleep.time = 25ms (default)
2019-09-08 14:53:07,467 [6b9e585b-666e-459d-8548-320514f1f270:group-9C566DCAEE2A:LeaderElection1] INFO  server.RaftServerConfigKeys (ConfUtils.java:logGet(43)) - raft.server.write.element-limit = 4096 (default)
2019-09-08 14:53:07,470 [6b9e585b-666e-459d-8548-320514f1f270:group-9C566DCAEE2A:LeaderElection1] INFO  server.RaftServerConfigKeys (ConfUtils.java:logGet(43)) - raft.server.watch.timeout = 10s (default)
2019-09-08 14:53:07,470 [6b9e585b-666e-459d-8548-320514f1f270:group-9C566DCAEE2A:LeaderElection1] INFO  server.RaftServerConfigKeys (ConfUtils.java:logGet(43)) - raft.server.watch.timeout.denomination = 1s (default)
2019-09-08 14:53:07,471 [6b9e585b-666e-459d-8548-320514f1f270:group-9C566DCAEE2A:LeaderElection1] INFO  server.RaftServerConfigKeys (ConfUtils.java:logGet(43)) - raft.server.watch.element-limit = 65536 (default)
2019-09-08 14:53:07,481 [6b9e585b-666e-459d-8548-320514f1f270:group-9C566DCAEE2A:LeaderElection1] INFO  impl.RoleInfo (RoleInfo.java:updateAndGet(143)) - 6b9e585b-666e-459d-8548-320514f1f270: start LeaderState
2019-09-08 14:53:07,504 [6b9e585b-666e-459d-8548-320514f1f270:group-9C566DCAEE2A:LeaderElection1] INFO  segmented.SegmentedRaftLogWorker (SegmentedRaftLogWorker.java:startLogSegment(380)) - 6b9e585b-666e-459d-8548-320514f1f270-SegmentedRaftLogWorker:Storage Directory /workdir/hadoop-ozone/integration-test/target/test-dir/MiniOzoneClusterImpl-cd29ba6b-b71a-4bdc-b5d6-66c210291ea4/datanode-0/data/ratis/572750c4-91d5-4786-945c-9c566dcaee2a: Starting segment from index:0
2019-09-08 14:53:07,513 [6b9e585b-666e-459d-8548-320514f1f270:group-9C566DCAEE2A:LeaderElection1] INFO  impl.RaftServerImpl (ServerState.java:setRaftConf(361)) - 6b9e585b-666e-459d-8548-320514f1f270:group-9C566DCAEE2A set configuration 0: [6b9e585b-666e-459d-8548-320514f1f270:192.168.69.92:35944], old=null at 0
2019-09-08 14:53:07,647 [Thread-198] INFO  impl.FollowerState (FollowerState.java:run(106)) - 77feb63d-892e-4814-8dc2-ee631f7cde14:group-0DC70FFF7BE8 changes to CANDIDATE, lastRpcTime:5135, electionTimeout:5134ms
2019-09-08 14:53:07,649 [Thread-198] INFO  impl.RoleInfo (RoleInfo.java:shutdownFollowerState(121)) - 77feb63d-892e-4814-8dc2-ee631f7cde14: shutdown FollowerState
2019-09-08 14:53:07,650 [Thread-198] INFO  impl.RaftServerImpl (RaftServerImpl.java:setRole(171)) - 77feb63d-892e-4814-8dc2-ee631f7cde14:group-0DC70FFF7BE8 changes role from FOLLOWER to CANDIDATE at term 0 for changeToCandidate
2019-09-08 14:53:07,650 [Thread-198] INFO  impl.RoleInfo (RoleInfo.java:updateAndGet(143)) - 77feb63d-892e-4814-8dc2-ee631f7cde14: start LeaderElection
2019-09-08 14:53:07,694 [77feb63d-892e-4814-8dc2-ee631f7cde14:group-0DC70FFF7BE8:LeaderElection2] INFO  impl.LeaderElection (LeaderElection.java:askForVotes(181)) - 77feb63d-892e-4814-8dc2-ee631f7cde14:group-0DC70FFF7BE8:LeaderElection2: begin an election at term 1 for -1: [77feb63d-892e-4814-8dc2-ee631f7cde14:192.168.69.92:42261], old=null
2019-09-08 14:53:07,731 [Thread-201] INFO  impl.FollowerState (FollowerState.java:run(106)) - 00b73927-b021-47b3-a043-bc4f6e85dc3e:group-0383AE47BD53 changes to CANDIDATE, lastRpcTime:5115, electionTimeout:5110ms
2019-09-08 14:53:07,732 [Thread-201] INFO  impl.RoleInfo (RoleInfo.java:shutdownFollowerState(121)) - 00b73927-b021-47b3-a043-bc4f6e85dc3e: shutdown FollowerState
2019-09-08 14:53:07,732 [77feb63d-892e-4814-8dc2-ee631f7cde14:group-0DC70FFF7BE8:LeaderElection2] INFO  impl.RoleInfo (RoleInfo.java:shutdownLeaderElection(134)) - 77feb63d-892e-4814-8dc2-ee631f7cde14: shutdown LeaderElection
2019-09-08 14:53:07,732 [Thread-201] INFO  impl.RaftServerImpl (RaftServerImpl.java:setRole(171)) - 00b73927-b021-47b3-a043-bc4f6e85dc3e:group-0383AE47BD53 changes role from FOLLOWER to CANDIDATE at term 0 for changeToCandidate
2019-09-08 14:53:07,732 [77feb63d-892e-4814-8dc2-ee631f7cde14:group-0DC70FFF7BE8:LeaderElection2] INFO  impl.RaftServerImpl (RaftServerImpl.java:setRole(171)) - 77feb63d-892e-4814-8dc2-ee631f7cde14:group-0DC70FFF7BE8 changes role from CANDIDATE to LEADER at term 1 for changeToLeader
2019-09-08 14:53:07,732 [Thread-201] INFO  impl.RoleInfo (RoleInfo.java:updateAndGet(143)) - 00b73927-b021-47b3-a043-bc4f6e85dc3e: start LeaderElection
2019-09-08 14:53:07,732 [77feb63d-892e-4814-8dc2-ee631f7cde14:group-0DC70FFF7BE8:LeaderElection2] INFO  impl.RaftServerImpl (ServerState.java:setLeader(263)) - 77feb63d-892e-4814-8dc2-ee631f7cde14:group-0DC70FFF7BE8 change Leader from null to 77feb63d-892e-4814-8dc2-ee631f7cde14 at term 1 for becomeLeader, leader elected after 5228ms
2019-09-08 14:53:07,734 [77feb63d-892e-4814-8dc2-ee631f7cde14:group-0DC70FFF7BE8:LeaderElection2] INFO  server.RaftServerConfigKeys (ConfUtils.java:logGet(43)) - raft.server.staging.catchup.gap = 1000 (default)
2019-09-08 14:53:07,736 [77feb63d-892e-4814-8dc2-ee631f7cde14:group-0DC70FFF7BE8:LeaderElection2] INFO  server.RaftServerConfigKeys (ConfUtils.java:logGet(43)) - raft.server.rpc.sleep.time = 25ms (default)
2019-09-08 14:53:07,737 [77feb63d-892e-4814-8dc2-ee631f7cde14:group-0DC70FFF7BE8:LeaderElection2] INFO  server.RaftServerConfigKeys (ConfUtils.java:logGet(43)) - raft.server.write.element-limit = 4096 (default)
2019-09-08 14:53:07,737 [77feb63d-892e-4814-8dc2-ee631f7cde14:group-0DC70FFF7BE8:LeaderElection2] INFO  server.RaftServerConfigKeys (ConfUtils.java:logGet(43)) - raft.server.watch.timeout = 10s (default)
2019-09-08 14:53:07,737 [77feb63d-892e-4814-8dc2-ee631f7cde14:group-0DC70FFF7BE8:LeaderElection2] INFO  server.RaftServerConfigKeys (ConfUtils.java:logGet(43)) - raft.server.watch.timeout.denomination = 1s (default)
2019-09-08 14:53:07,738 [77feb63d-892e-4814-8dc2-ee631f7cde14:group-0DC70FFF7BE8:LeaderElection2] INFO  server.RaftServerConfigKeys (ConfUtils.java:logGet(43)) - raft.server.watch.element-limit = 65536 (default)
2019-09-08 14:53:07,738 [77feb63d-892e-4814-8dc2-ee631f7cde14:group-0DC70FFF7BE8:LeaderElection2] INFO  impl.RoleInfo (RoleInfo.java:updateAndGet(143)) - 77feb63d-892e-4814-8dc2-ee631f7cde14: start LeaderState
2019-09-08 14:53:07,739 [77feb63d-892e-4814-8dc2-ee631f7cde14:group-0DC70FFF7BE8:LeaderElection2] INFO  segmented.SegmentedRaftLogWorker (SegmentedRaftLogWorker.java:startLogSegment(380)) - 77feb63d-892e-4814-8dc2-ee631f7cde14-SegmentedRaftLogWorker:Storage Directory /workdir/hadoop-ozone/integration-test/target/test-dir/MiniOzoneClusterImpl-cd29ba6b-b71a-4bdc-b5d6-66c210291ea4/datanode-2/data/ratis/2ab8f0b0-91db-4fa7-9e64-0dc70fff7be8: Starting segment from index:0
2019-09-08 14:53:07,740 [77feb63d-892e-4814-8dc2-ee631f7cde14:group-0DC70FFF7BE8:LeaderElection2] INFO  impl.RaftServerImpl (ServerState.java:setRaftConf(361)) - 77feb63d-892e-4814-8dc2-ee631f7cde14:group-0DC70FFF7BE8 set configuration 0: [77feb63d-892e-4814-8dc2-ee631f7cde14:192.168.69.92:42261], old=null at 0
2019-09-08 14:53:07,780 [6b9e585b-666e-459d-8548-320514f1f270-SegmentedRaftLogWorker:Storage Directory /workdir/hadoop-ozone/integration-test/target/test-dir/MiniOzoneClusterImpl-cd29ba6b-b71a-4bdc-b5d6-66c210291ea4/datanode-0/data/ratis/572750c4-91d5-4786-945c-9c566dcaee2a] INFO  segmented.SegmentedRaftLogWorker (SegmentedRaftLogWorker.java:execute(569)) - 6b9e585b-666e-459d-8548-320514f1f270-SegmentedRaftLogWorker:Storage Directory /workdir/hadoop-ozone/integration-test/target/test-dir/MiniOzoneClusterImpl-cd29ba6b-b71a-4bdc-b5d6-66c210291ea4/datanode-0/data/ratis/572750c4-91d5-4786-945c-9c566dcaee2a: created new log segment /workdir/hadoop-ozone/integration-test/target/test-dir/MiniOzoneClusterImpl-cd29ba6b-b71a-4bdc-b5d6-66c210291ea4/datanode-0/data/ratis/572750c4-91d5-4786-945c-9c566dcaee2a/current/log_inprogress_0
2019-09-08 14:53:07,780 [00b73927-b021-47b3-a043-bc4f6e85dc3e:group-0383AE47BD53:LeaderElection3] INFO  impl.LeaderElection (LeaderElection.java:askForVotes(181)) - 00b73927-b021-47b3-a043-bc4f6e85dc3e:group-0383AE47BD53:LeaderElection3: begin an election at term 1 for -1: [00b73927-b021-47b3-a043-bc4f6e85dc3e:192.168.69.92:35947], old=null
2019-09-08 14:53:07,780 [00b73927-b021-47b3-a043-bc4f6e85dc3e:group-0383AE47BD53:LeaderElection3] INFO  impl.RoleInfo (RoleInfo.java:shutdownLeaderElection(134)) - 00b73927-b021-47b3-a043-bc4f6e85dc3e: shutdown LeaderElection
2019-09-08 14:53:07,781 [00b73927-b021-47b3-a043-bc4f6e85dc3e:group-0383AE47BD53:LeaderElection3] INFO  impl.RaftServerImpl (RaftServerImpl.java:setRole(171)) - 00b73927-b021-47b3-a043-bc4f6e85dc3e:group-0383AE47BD53 changes role from CANDIDATE to LEADER at term 1 for changeToLeader
2019-09-08 14:53:07,781 [00b73927-b021-47b3-a043-bc4f6e85dc3e:group-0383AE47BD53:LeaderElection3] INFO  impl.RaftServerImpl (ServerState.java:setLeader(263)) - 00b73927-b021-47b3-a043-bc4f6e85dc3e:group-0383AE47BD53 change Leader from null to 00b73927-b021-47b3-a043-bc4f6e85dc3e at term 1 for becomeLeader, leader elected after 5172ms
2019-09-08 14:53:07,783 [00b73927-b021-47b3-a043-bc4f6e85dc3e:group-0383AE47BD53:LeaderElection3] INFO  server.RaftServerConfigKeys (ConfUtils.java:logGet(43)) - raft.server.staging.catchup.gap = 1000 (default)
2019-09-08 14:53:07,783 [00b73927-b021-47b3-a043-bc4f6e85dc3e:group-0383AE47BD53:LeaderElection3] INFO  server.RaftServerConfigKeys (ConfUtils.java:logGet(43)) - raft.server.rpc.sleep.time = 25ms (default)
2019-09-08 14:53:07,783 [00b73927-b021-47b3-a043-bc4f6e85dc3e:group-0383AE47BD53:LeaderElection3] INFO  server.RaftServerConfigKeys (ConfUtils.java:logGet(43)) - raft.server.write.element-limit = 4096 (default)
2019-09-08 14:53:07,784 [00b73927-b021-47b3-a043-bc4f6e85dc3e:group-0383AE47BD53:LeaderElection3] INFO  server.RaftServerConfigKeys (ConfUtils.java:logGet(43)) - raft.server.watch.timeout = 10s (default)
2019-09-08 14:53:07,784 [00b73927-b021-47b3-a043-bc4f6e85dc3e:group-0383AE47BD53:LeaderElection3] INFO  server.RaftServerConfigKeys (ConfUtils.java:logGet(43)) - raft.server.watch.timeout.denomination = 1s (default)
2019-09-08 14:53:07,784 [00b73927-b021-47b3-a043-bc4f6e85dc3e:group-0383AE47BD53:LeaderElection3] INFO  server.RaftServerConfigKeys (ConfUtils.java:logGet(43)) - raft.server.watch.element-limit = 65536 (default)
2019-09-08 14:53:07,784 [00b73927-b021-47b3-a043-bc4f6e85dc3e:group-0383AE47BD53:LeaderElection3] INFO  impl.RoleInfo (RoleInfo.java:updateAndGet(143)) - 00b73927-b021-47b3-a043-bc4f6e85dc3e: start LeaderState
2019-09-08 14:53:07,785 [00b73927-b021-47b3-a043-bc4f6e85dc3e:group-0383AE47BD53:LeaderElection3] INFO  segmented.SegmentedRaftLogWorker (SegmentedRaftLogWorker.java:startLogSegment(380)) - 00b73927-b021-47b3-a043-bc4f6e85dc3e-SegmentedRaftLogWorker:Storage Directory /workdir/hadoop-ozone/integration-test/target/test-dir/MiniOzoneClusterImpl-cd29ba6b-b71a-4bdc-b5d6-66c210291ea4/datanode-3/data/ratis/d7b964e0-a85a-433d-bce7-0383ae47bd53: Starting segment from index:0
2019-09-08 14:53:07,785 [00b73927-b021-47b3-a043-bc4f6e85dc3e:group-0383AE47BD53:LeaderElection3] INFO  impl.RaftServerImpl (ServerState.java:setRaftConf(361)) - 00b73927-b021-47b3-a043-bc4f6e85dc3e:group-0383AE47BD53 set configuration 0: [00b73927-b021-47b3-a043-bc4f6e85dc3e:192.168.69.92:35947], old=null at 0
2019-09-08 14:53:07,827 [77feb63d-892e-4814-8dc2-ee631f7cde14-SegmentedRaftLogWorker:Storage Directory /workdir/hadoop-ozone/integration-test/target/test-dir/MiniOzoneClusterImpl-cd29ba6b-b71a-4bdc-b5d6-66c210291ea4/datanode-2/data/ratis/2ab8f0b0-91db-4fa7-9e64-0dc70fff7be8] INFO  segmented.SegmentedRaftLogWorker (SegmentedRaftLogWorker.java:execute(569)) - 77feb63d-892e-4814-8dc2-ee631f7cde14-SegmentedRaftLogWorker:Storage Directory /workdir/hadoop-ozone/integration-test/target/test-dir/MiniOzoneClusterImpl-cd29ba6b-b71a-4bdc-b5d6-66c210291ea4/datanode-2/data/ratis/2ab8f0b0-91db-4fa7-9e64-0dc70fff7be8: created new log segment /workdir/hadoop-ozone/integration-test/target/test-dir/MiniOzoneClusterImpl-cd29ba6b-b71a-4bdc-b5d6-66c210291ea4/datanode-2/data/ratis/2ab8f0b0-91db-4fa7-9e64-0dc70fff7be8/current/log_inprogress_0
2019-09-08 14:53:07,853 [00b73927-b021-47b3-a043-bc4f6e85dc3e-SegmentedRaftLogWorker:Storage Directory /workdir/hadoop-ozone/integration-test/target/test-dir/MiniOzoneClusterImpl-cd29ba6b-b71a-4bdc-b5d6-66c210291ea4/datanode-3/data/ratis/d7b964e0-a85a-433d-bce7-0383ae47bd53] INFO  segmented.SegmentedRaftLogWorker (SegmentedRaftLogWorker.java:execute(569)) - 00b73927-b021-47b3-a043-bc4f6e85dc3e-SegmentedRaftLogWorker:Storage Directory /workdir/hadoop-ozone/integration-test/target/test-dir/MiniOzoneClusterImpl-cd29ba6b-b71a-4bdc-b5d6-66c210291ea4/datanode-3/data/ratis/d7b964e0-a85a-433d-bce7-0383ae47bd53: created new log segment /workdir/hadoop-ozone/integration-test/target/test-dir/MiniOzoneClusterImpl-cd29ba6b-b71a-4bdc-b5d6-66c210291ea4/datanode-3/data/ratis/d7b964e0-a85a-433d-bce7-0383ae47bd53/current/log_inprogress_0
2019-09-08 14:53:07,854 [Thread-204] INFO  impl.FollowerState (FollowerState.java:run(106)) - c3446bd1-431c-4a98-8f5a-c4750f752200:group-CB2E85FE657F changes to CANDIDATE, lastRpcTime:5151, electionTimeout:5150ms
2019-09-08 14:53:07,856 [Thread-204] INFO  impl.RoleInfo (RoleInfo.java:shutdownFollowerState(121)) - c3446bd1-431c-4a98-8f5a-c4750f752200: shutdown FollowerState
2019-09-08 14:53:07,856 [Thread-204] INFO  impl.RaftServerImpl (RaftServerImpl.java:setRole(171)) - c3446bd1-431c-4a98-8f5a-c4750f752200:group-CB2E85FE657F changes role from FOLLOWER to CANDIDATE at term 0 for changeToCandidate
2019-09-08 14:53:07,856 [Thread-204] INFO  impl.RoleInfo (RoleInfo.java:updateAndGet(143)) - c3446bd1-431c-4a98-8f5a-c4750f752200: start LeaderElection
2019-09-08 14:53:07,896 [c3446bd1-431c-4a98-8f5a-c4750f752200:group-CB2E85FE657F:LeaderElection4] INFO  impl.LeaderElection (LeaderElection.java:askForVotes(181)) - c3446bd1-431c-4a98-8f5a-c4750f752200:group-CB2E85FE657F:LeaderElection4: begin an election at term 1 for -1: [c3446bd1-431c-4a98-8f5a-c4750f752200:192.168.69.92:42149], old=null
2019-09-08 14:53:07,898 [c3446bd1-431c-4a98-8f5a-c4750f752200:group-CB2E85FE657F:LeaderElection4] INFO  impl.RoleInfo (RoleInfo.java:shutdownLeaderElection(134)) - c3446bd1-431c-4a98-8f5a-c4750f752200: shutdown LeaderElection
2019-09-08 14:53:07,898 [c3446bd1-431c-4a98-8f5a-c4750f752200:group-CB2E85FE657F:LeaderElection4] INFO  impl.RaftServerImpl (RaftServerImpl.java:setRole(171)) - c3446bd1-431c-4a98-8f5a-c4750f752200:group-CB2E85FE657F changes role from CANDIDATE to LEADER at term 1 for changeToLeader
2019-09-08 14:53:07,898 [c3446bd1-431c-4a98-8f5a-c4750f752200:group-CB2E85FE657F:LeaderElection4] INFO  impl.RaftServerImpl (ServerState.java:setLeader(263)) - c3446bd1-431c-4a98-8f5a-c4750f752200:group-CB2E85FE657F change Leader from null to c3446bd1-431c-4a98-8f5a-c4750f752200 at term 1 for becomeLeader, leader elected after 5202ms
2019-09-08 14:53:07,900 [c3446bd1-431c-4a98-8f5a-c4750f752200:group-CB2E85FE657F:LeaderElection4] INFO  server.RaftServerConfigKeys (ConfUtils.java:logGet(43)) - raft.server.staging.catchup.gap = 1000 (default)
2019-09-08 14:53:07,900 [c3446bd1-431c-4a98-8f5a-c4750f752200:group-CB2E85FE657F:LeaderElection4] INFO  server.RaftServerConfigKeys (ConfUtils.java:logGet(43)) - raft.server.rpc.sleep.time = 25ms (default)
2019-09-08 14:53:07,900 [c3446bd1-431c-4a98-8f5a-c4750f752200:group-CB2E85FE657F:LeaderElection4] INFO  server.RaftServerConfigKeys (ConfUtils.java:logGet(43)) - raft.server.write.element-limit = 4096 (default)
2019-09-08 14:53:07,901 [c3446bd1-431c-4a98-8f5a-c4750f752200:group-CB2E85FE657F:LeaderElection4] INFO  server.RaftServerConfigKeys (ConfUtils.java:logGet(43)) - raft.server.watch.timeout = 10s (default)
2019-09-08 14:53:07,901 [c3446bd1-431c-4a98-8f5a-c4750f752200:group-CB2E85FE657F:LeaderElection4] INFO  server.RaftServerConfigKeys (ConfUtils.java:logGet(43)) - raft.server.watch.timeout.denomination = 1s (default)
2019-09-08 14:53:07,901 [c3446bd1-431c-4a98-8f5a-c4750f752200:group-CB2E85FE657F:LeaderElection4] INFO  server.RaftServerConfigKeys (ConfUtils.java:logGet(43)) - raft.server.watch.element-limit = 65536 (default)
2019-09-08 14:53:07,901 [c3446bd1-431c-4a98-8f5a-c4750f752200:group-CB2E85FE657F:LeaderElection4] INFO  impl.RoleInfo (RoleInfo.java:updateAndGet(143)) - c3446bd1-431c-4a98-8f5a-c4750f752200: start LeaderState
2019-09-08 14:53:07,902 [c3446bd1-431c-4a98-8f5a-c4750f752200:group-CB2E85FE657F:LeaderElection4] INFO  segmented.SegmentedRaftLogWorker (SegmentedRaftLogWorker.java:startLogSegment(380)) - c3446bd1-431c-4a98-8f5a-c4750f752200-SegmentedRaftLogWorker:Storage Directory /workdir/hadoop-ozone/integration-test/target/test-dir/MiniOzoneClusterImpl-cd29ba6b-b71a-4bdc-b5d6-66c210291ea4/datanode-1/data/ratis/d9d5727f-40c6-4691-999b-cb2e85fe657f: Starting segment from index:0
2019-09-08 14:53:07,902 [c3446bd1-431c-4a98-8f5a-c4750f752200:group-CB2E85FE657F:LeaderElection4] INFO  impl.RaftServerImpl (ServerState.java:setRaftConf(361)) - c3446bd1-431c-4a98-8f5a-c4750f752200:group-CB2E85FE657F set configuration 0: [c3446bd1-431c-4a98-8f5a-c4750f752200:192.168.69.92:42149], old=null at 0
2019-09-08 14:53:07,954 [Thread-208] INFO  impl.FollowerState (FollowerState.java:run(106)) - 6b9e585b-666e-459d-8548-320514f1f270:group-CA73CFF9B333 changes to CANDIDATE, lastRpcTime:5119, electionTimeout:5119ms
2019-09-08 14:53:07,954 [Thread-208] INFO  impl.RoleInfo (RoleInfo.java:shutdownFollowerState(121)) - 6b9e585b-666e-459d-8548-320514f1f270: shutdown FollowerState
2019-09-08 14:53:07,954 [Thread-208] INFO  impl.RaftServerImpl (RaftServerImpl.java:setRole(171)) - 6b9e585b-666e-459d-8548-320514f1f270:group-CA73CFF9B333 changes role from FOLLOWER to CANDIDATE at term 0 for changeToCandidate
2019-09-08 14:53:07,955 [Thread-208] INFO  impl.RoleInfo (RoleInfo.java:updateAndGet(143)) - 6b9e585b-666e-459d-8548-320514f1f270: start LeaderElection
2019-09-08 14:53:07,971 [c3446bd1-431c-4a98-8f5a-c4750f752200-SegmentedRaftLogWorker:Storage Directory /workdir/hadoop-ozone/integration-test/target/test-dir/MiniOzoneClusterImpl-cd29ba6b-b71a-4bdc-b5d6-66c210291ea4/datanode-1/data/ratis/d9d5727f-40c6-4691-999b-cb2e85fe657f] INFO  segmented.SegmentedRaftLogWorker (SegmentedRaftLogWorker.java:execute(569)) - c3446bd1-431c-4a98-8f5a-c4750f752200-SegmentedRaftLogWorker:Storage Directory /workdir/hadoop-ozone/integration-test/target/test-dir/MiniOzoneClusterImpl-cd29ba6b-b71a-4bdc-b5d6-66c210291ea4/datanode-1/data/ratis/d9d5727f-40c6-4691-999b-cb2e85fe657f: created new log segment /workdir/hadoop-ozone/integration-test/target/test-dir/MiniOzoneClusterImpl-cd29ba6b-b71a-4bdc-b5d6-66c210291ea4/datanode-1/data/ratis/d9d5727f-40c6-4691-999b-cb2e85fe657f/current/log_inprogress_0
2019-09-08 14:53:07,988 [6b9e585b-666e-459d-8548-320514f1f270:group-CA73CFF9B333:LeaderElection5] INFO  impl.LeaderElection (LeaderElection.java:askForVotes(181)) - 6b9e585b-666e-459d-8548-320514f1f270:group-CA73CFF9B333:LeaderElection5: begin an election at term 1 for -1: [77feb63d-892e-4814-8dc2-ee631f7cde14:192.168.69.92:42261, 6b9e585b-666e-459d-8548-320514f1f270:192.168.69.92:35944, 00b73927-b021-47b3-a043-bc4f6e85dc3e:192.168.69.92:35947], old=null
2019-09-08 14:53:07,991 [Thread-213] INFO  impl.FollowerState (FollowerState.java:run(106)) - 00b73927-b021-47b3-a043-bc4f6e85dc3e:group-CA73CFF9B333 changes to CANDIDATE, lastRpcTime:5152, electionTimeout:5152ms
2019-09-08 14:53:07,993 [Thread-213] INFO  impl.RoleInfo (RoleInfo.java:shutdownFollowerState(121)) - 00b73927-b021-47b3-a043-bc4f6e85dc3e: shutdown FollowerState
2019-09-08 14:53:07,993 [Thread-213] INFO  impl.RaftServerImpl (RaftServerImpl.java:setRole(171)) - 00b73927-b021-47b3-a043-bc4f6e85dc3e:group-CA73CFF9B333 changes role from FOLLOWER to CANDIDATE at term 0 for changeToCandidate
2019-09-08 14:53:07,993 [Thread-213] INFO  impl.RoleInfo (RoleInfo.java:updateAndGet(143)) - 00b73927-b021-47b3-a043-bc4f6e85dc3e: start LeaderElection
2019-09-08 14:53:08,011 [Thread-211] INFO  impl.FollowerState (FollowerState.java:run(106)) - 77feb63d-892e-4814-8dc2-ee631f7cde14:group-CA73CFF9B333 changes to CANDIDATE, lastRpcTime:5175, electionTimeout:5173ms
2019-09-08 14:53:08,012 [Thread-211] INFO  impl.RoleInfo (RoleInfo.java:shutdownFollowerState(121)) - 77feb63d-892e-4814-8dc2-ee631f7cde14: shutdown FollowerState
2019-09-08 14:53:08,012 [Thread-211] INFO  impl.RaftServerImpl (RaftServerImpl.java:setRole(171)) - 77feb63d-892e-4814-8dc2-ee631f7cde14:group-CA73CFF9B333 changes role from FOLLOWER to CANDIDATE at term 0 for changeToCandidate
2019-09-08 14:53:08,012 [Thread-211] INFO  impl.RoleInfo (RoleInfo.java:updateAndGet(143)) - 77feb63d-892e-4814-8dc2-ee631f7cde14: start LeaderElection
2019-09-08 14:53:08,015 [00b73927-b021-47b3-a043-bc4f6e85dc3e:group-CA73CFF9B333:LeaderElection6] INFO  impl.LeaderElection (LeaderElection.java:askForVotes(181)) - 00b73927-b021-47b3-a043-bc4f6e85dc3e:group-CA73CFF9B333:LeaderElection6: begin an election at term 1 for -1: [77feb63d-892e-4814-8dc2-ee631f7cde14:192.168.69.92:42261, 6b9e585b-666e-459d-8548-320514f1f270:192.168.69.92:35944, 00b73927-b021-47b3-a043-bc4f6e85dc3e:192.168.69.92:35947], old=null
2019-09-08 14:53:08,032 [77feb63d-892e-4814-8dc2-ee631f7cde14:group-CA73CFF9B333:LeaderElection7] INFO  impl.LeaderElection (LeaderElection.java:askForVotes(181)) - 77feb63d-892e-4814-8dc2-ee631f7cde14:group-CA73CFF9B333:LeaderElection7: begin an election at term 1 for -1: [77feb63d-892e-4814-8dc2-ee631f7cde14:192.168.69.92:42261, 6b9e585b-666e-459d-8548-320514f1f270:192.168.69.92:35944, 00b73927-b021-47b3-a043-bc4f6e85dc3e:192.168.69.92:35947], old=null
2019-09-08 14:53:08,050 [6b9e585b-666e-459d-8548-320514f1f270:group-CA73CFF9B333:LeaderElection5] INFO  impl.LeaderElection (LeaderElection.java:logAndReturn(56)) - 6b9e585b-666e-459d-8548-320514f1f270:group-CA73CFF9B333:LeaderElection5: Election REJECTED; received 2 response(s) [6b9e585b-666e-459d-8548-320514f1f270<-77feb63d-892e-4814-8dc2-ee631f7cde14#0:FAIL-t1, 6b9e585b-666e-459d-8548-320514f1f270<-00b73927-b021-47b3-a043-bc4f6e85dc3e#0:FAIL-t1] and 0 exception(s); 6b9e585b-666e-459d-8548-320514f1f270:t1, leader=null, voted=6b9e585b-666e-459d-8548-320514f1f270, raftlog=6b9e585b-666e-459d-8548-320514f1f270-SegmentedRaftLog:OPENED:c-1,f-1,i0, conf=-1: [77feb63d-892e-4814-8dc2-ee631f7cde14:192.168.69.92:42261, 6b9e585b-666e-459d-8548-320514f1f270:192.168.69.92:35944, 00b73927-b021-47b3-a043-bc4f6e85dc3e:192.168.69.92:35947], old=null
2019-09-08 14:53:08,050 [00b73927-b021-47b3-a043-bc4f6e85dc3e:group-CA73CFF9B333:LeaderElection6] INFO  impl.LeaderElection (LeaderElection.java:logAndReturn(56)) - 00b73927-b021-47b3-a043-bc4f6e85dc3e:group-CA73CFF9B333:LeaderElection6: Election REJECTED; received 2 response(s) [00b73927-b021-47b3-a043-bc4f6e85dc3e<-77feb63d-892e-4814-8dc2-ee631f7cde14#0:FAIL-t1, 00b73927-b021-47b3-a043-bc4f6e85dc3e<-6b9e585b-666e-459d-8548-320514f1f270#0:FAIL-t1] and 0 exception(s); 00b73927-b021-47b3-a043-bc4f6e85dc3e:t1, leader=null, voted=00b73927-b021-47b3-a043-bc4f6e85dc3e, raftlog=00b73927-b021-47b3-a043-bc4f6e85dc3e-SegmentedRaftLog:OPENED:c-1,f-1,i0, conf=-1: [77feb63d-892e-4814-8dc2-ee631f7cde14:192.168.69.92:42261, 6b9e585b-666e-459d-8548-320514f1f270:192.168.69.92:35944, 00b73927-b021-47b3-a043-bc4f6e85dc3e:192.168.69.92:35947], old=null
2019-09-08 14:53:08,053 [00b73927-b021-47b3-a043-bc4f6e85dc3e:group-CA73CFF9B333:LeaderElection6] INFO  impl.RaftServerImpl (RaftServerImpl.java:setRole(171)) - 00b73927-b021-47b3-a043-bc4f6e85dc3e:group-CA73CFF9B333 changes role from CANDIDATE to FOLLOWER at term 1 for DISCOVERED_A_NEW_TERM
2019-09-08 14:53:08,053 [6b9e585b-666e-459d-8548-320514f1f270:group-CA73CFF9B333:LeaderElection5] INFO  impl.RaftServerImpl (RaftServerImpl.java:setRole(171)) - 6b9e585b-666e-459d-8548-320514f1f270:group-CA73CFF9B333 changes role from CANDIDATE to FOLLOWER at term 1 for DISCOVERED_A_NEW_TERM
2019-09-08 14:53:08,053 [00b73927-b021-47b3-a043-bc4f6e85dc3e:group-CA73CFF9B333:LeaderElection6] INFO  impl.RoleInfo (RoleInfo.java:shutdownLeaderElection(134)) - 00b73927-b021-47b3-a043-bc4f6e85dc3e: shutdown LeaderElection
2019-09-08 14:53:08,055 [6b9e585b-666e-459d-8548-320514f1f270:group-CA73CFF9B333:LeaderElection5] INFO  impl.RoleInfo (RoleInfo.java:shutdownLeaderElection(134)) - 6b9e585b-666e-459d-8548-320514f1f270: shutdown LeaderElection
2019-09-08 14:53:08,055 [00b73927-b021-47b3-a043-bc4f6e85dc3e:group-CA73CFF9B333:LeaderElection6] INFO  impl.RoleInfo (RoleInfo.java:updateAndGet(143)) - 00b73927-b021-47b3-a043-bc4f6e85dc3e: start FollowerState
2019-09-08 14:53:08,059 [6b9e585b-666e-459d-8548-320514f1f270:group-CA73CFF9B333:LeaderElection5] INFO  impl.RoleInfo (RoleInfo.java:updateAndGet(143)) - 6b9e585b-666e-459d-8548-320514f1f270: start FollowerState
2019-09-08 14:53:08,067 [77feb63d-892e-4814-8dc2-ee631f7cde14:group-CA73CFF9B333:LeaderElection7] INFO  impl.LeaderElection (LeaderElection.java:logAndReturn(56)) - 77feb63d-892e-4814-8dc2-ee631f7cde14:group-CA73CFF9B333:LeaderElection7: Election REJECTED; received 2 response(s) [77feb63d-892e-4814-8dc2-ee631f7cde14<-6b9e585b-666e-459d-8548-320514f1f270#0:FAIL-t1, 77feb63d-892e-4814-8dc2-ee631f7cde14<-00b73927-b021-47b3-a043-bc4f6e85dc3e#0:FAIL-t1] and 0 exception(s); 77feb63d-892e-4814-8dc2-ee631f7cde14:t1, leader=null, voted=77feb63d-892e-4814-8dc2-ee631f7cde14, raftlog=77feb63d-892e-4814-8dc2-ee631f7cde14-SegmentedRaftLog:OPENED:c-1,f-1,i0, conf=-1: [77feb63d-892e-4814-8dc2-ee631f7cde14:192.168.69.92:42261, 6b9e585b-666e-459d-8548-320514f1f270:192.168.69.92:35944, 00b73927-b021-47b3-a043-bc4f6e85dc3e:192.168.69.92:35947], old=null
2019-09-08 14:53:08,067 [77feb63d-892e-4814-8dc2-ee631f7cde14:group-CA73CFF9B333:LeaderElection7] INFO  impl.RaftServerImpl (RaftServerImpl.java:setRole(171)) - 77feb63d-892e-4814-8dc2-ee631f7cde14:group-CA73CFF9B333 changes role from CANDIDATE to FOLLOWER at term 1 for DISCOVERED_A_NEW_TERM
2019-09-08 14:53:08,069 [77feb63d-892e-4814-8dc2-ee631f7cde14:group-CA73CFF9B333:LeaderElection7] INFO  impl.RoleInfo (RoleInfo.java:shutdownLeaderElection(134)) - 77feb63d-892e-4814-8dc2-ee631f7cde14: shutdown LeaderElection
2019-09-08 14:53:08,070 [77feb63d-892e-4814-8dc2-ee631f7cde14:group-CA73CFF9B333:LeaderElection7] INFO  impl.RoleInfo (RoleInfo.java:updateAndGet(143)) - 77feb63d-892e-4814-8dc2-ee631f7cde14: start FollowerState
2019-09-08 14:53:08,243 [grpc-default-executor-1] INFO  client.GrpcClientProtocolClient (GrpcClientProtocolClient.java:onNext(255)) - client-54F80A16CF05->6b9e585b-666e-459d-8548-320514f1f270: receive RaftClientReply:client-54F80A16CF05->6b9e585b-666e-459d-8548-320514f1f270@group-CA73CFF9B333, cid=8, FAILED org.apache.ratis.protocol.NotLeaderException: Server 6b9e585b-666e-459d-8548-320514f1f270 is not the leader (null). Request must be sent to leader., logIndex=0, commits[6b9e585b-666e-459d-8548-320514f1f270:c-1]
2019-09-08 14:53:08,782 [ReplicationMonitor] INFO  container.ReplicationManager (ReplicationManager.java:run(225)) - Replication Monitor Thread took 0 milliseconds for processing 1 containers.
2019-09-08 14:53:09,268 [grpc-default-executor-1] INFO  client.GrpcClientProtocolClient (GrpcClientProtocolClient.java:onNext(255)) - client-54F80A16CF05->00b73927-b021-47b3-a043-bc4f6e85dc3e: receive RaftClientReply:client-54F80A16CF05->00b73927-b021-47b3-a043-bc4f6e85dc3e@group-CA73CFF9B333, cid=8, FAILED org.apache.ratis.protocol.NotLeaderException: Server 00b73927-b021-47b3-a043-bc4f6e85dc3e is not the leader (null). Request must be sent to leader., logIndex=0, commits[00b73927-b021-47b3-a043-bc4f6e85dc3e:c-1]
2019-09-08 14:53:09,314 [Thread-227] INFO  impl.FollowerState (FollowerState.java:run(106)) - 77feb63d-892e-4814-8dc2-ee631f7cde14:group-23722D0D1038 changes to CANDIDATE, lastRpcTime:5113, electionTimeout:5113ms
2019-09-08 14:53:09,314 [Thread-227] INFO  impl.RoleInfo (RoleInfo.java:shutdownFollowerState(121)) - 77feb63d-892e-4814-8dc2-ee631f7cde14: shutdown FollowerState
2019-09-08 14:53:09,314 [Thread-227] INFO  impl.RaftServerImpl (RaftServerImpl.java:setRole(171)) - 77feb63d-892e-4814-8dc2-ee631f7cde14:group-23722D0D1038 changes role from FOLLOWER to CANDIDATE at term 0 for changeToCandidate
2019-09-08 14:53:09,314 [Thread-227] INFO  impl.RoleInfo (RoleInfo.java:updateAndGet(143)) - 77feb63d-892e-4814-8dc2-ee631f7cde14: start LeaderElection
2019-09-08 14:53:09,340 [Thread-230] INFO  impl.FollowerState (FollowerState.java:run(106)) - 00b73927-b021-47b3-a043-bc4f6e85dc3e:group-DC6CFA051F32 changes to CANDIDATE, lastRpcTime:5074, electionTimeout:5074ms
2019-09-08 14:53:09,342 [Thread-230] INFO  impl.RoleInfo (RoleInfo.java:shutdownFollowerState(121)) - 00b73927-b021-47b3-a043-bc4f6e85dc3e: shutdown FollowerState
2019-09-08 14:53:09,342 [Thread-230] INFO  impl.RaftServerImpl (RaftServerImpl.java:setRole(171)) - 00b73927-b021-47b3-a043-bc4f6e85dc3e:group-DC6CFA051F32 changes role from FOLLOWER to CANDIDATE at term 0 for changeToCandidate
2019-09-08 14:53:09,342 [Thread-230] INFO  impl.RoleInfo (RoleInfo.java:updateAndGet(143)) - 00b73927-b021-47b3-a043-bc4f6e85dc3e: start LeaderElection
2019-09-08 14:53:09,348 [77feb63d-892e-4814-8dc2-ee631f7cde14:group-23722D0D1038:LeaderElection8] INFO  impl.LeaderElection (LeaderElection.java:askForVotes(181)) - 77feb63d-892e-4814-8dc2-ee631f7cde14:group-23722D0D1038:LeaderElection8: begin an election at term 1 for -1: [77feb63d-892e-4814-8dc2-ee631f7cde14:192.168.69.92:42261], old=null
2019-09-08 14:53:09,348 [77feb63d-892e-4814-8dc2-ee631f7cde14:group-23722D0D1038:LeaderElection8] INFO  impl.RoleInfo (RoleInfo.java:shutdownLeaderElection(134)) - 77feb63d-892e-4814-8dc2-ee631f7cde14: shutdown LeaderElection
2019-09-08 14:53:09,348 [77feb63d-892e-4814-8dc2-ee631f7cde14:group-23722D0D1038:LeaderElection8] INFO  impl.RaftServerImpl (RaftServerImpl.java:setRole(171)) - 77feb63d-892e-4814-8dc2-ee631f7cde14:group-23722D0D1038 changes role from CANDIDATE to LEADER at term 1 for changeToLeader
2019-09-08 14:53:09,348 [77feb63d-892e-4814-8dc2-ee631f7cde14:group-23722D0D1038:LeaderElection8] INFO  impl.RaftServerImpl (ServerState.java:setLeader(263)) - 77feb63d-892e-4814-8dc2-ee631f7cde14:group-23722D0D1038 change Leader from null to 77feb63d-892e-4814-8dc2-ee631f7cde14 at term 1 for becomeLeader, leader elected after 5154ms
2019-09-08 14:53:09,349 [77feb63d-892e-4814-8dc2-ee631f7cde14:group-23722D0D1038:LeaderElection8] INFO  server.RaftServerConfigKeys (ConfUtils.java:logGet(43)) - raft.server.staging.catchup.gap = 1000 (default)
2019-09-08 14:53:09,349 [77feb63d-892e-4814-8dc2-ee631f7cde14:group-23722D0D1038:LeaderElection8] INFO  server.RaftServerConfigKeys (ConfUtils.java:logGet(43)) - raft.server.rpc.sleep.time = 25ms (default)
2019-09-08 14:53:09,349 [77feb63d-892e-4814-8dc2-ee631f7cde14:group-23722D0D1038:LeaderElection8] INFO  server.RaftServerConfigKeys (ConfUtils.java:logGet(43)) - raft.server.write.element-limit = 4096 (default)
2019-09-08 14:53:09,349 [77feb63d-892e-4814-8dc2-ee631f7cde14:group-23722D0D1038:LeaderElection8] INFO  server.RaftServerConfigKeys (ConfUtils.java:logGet(43)) - raft.server.watch.timeout = 10s (default)
2019-09-08 14:53:09,350 [77feb63d-892e-4814-8dc2-ee631f7cde14:group-23722D0D1038:LeaderElection8] INFO  server.RaftServerConfigKeys (ConfUtils.java:logGet(43)) - raft.server.watch.timeout.denomination = 1s (default)
2019-09-08 14:53:09,350 [77feb63d-892e-4814-8dc2-ee631f7cde14:group-23722D0D1038:LeaderElection8] INFO  server.RaftServerConfigKeys (ConfUtils.java:logGet(43)) - raft.server.watch.element-limit = 65536 (default)
2019-09-08 14:53:09,350 [77feb63d-892e-4814-8dc2-ee631f7cde14:group-23722D0D1038:LeaderElection8] INFO  impl.RoleInfo (RoleInfo.java:updateAndGet(143)) - 77feb63d-892e-4814-8dc2-ee631f7cde14: start LeaderState
2019-09-08 14:53:09,351 [77feb63d-892e-4814-8dc2-ee631f7cde14:group-23722D0D1038:LeaderElection8] INFO  segmented.SegmentedRaftLogWorker (SegmentedRaftLogWorker.java:startLogSegment(380)) - 77feb63d-892e-4814-8dc2-ee631f7cde14-SegmentedRaftLogWorker:Storage Directory /workdir/hadoop-ozone/integration-test/target/test-dir/MiniOzoneClusterImpl-cd29ba6b-b71a-4bdc-b5d6-66c210291ea4/datanode-2/data/ratis/1760b0b8-be22-4c75-8791-23722d0d1038: Starting segment from index:0
2019-09-08 14:53:09,351 [77feb63d-892e-4814-8dc2-ee631f7cde14:group-23722D0D1038:LeaderElection8] INFO  impl.RaftServerImpl (ServerState.java:setRaftConf(361)) - 77feb63d-892e-4814-8dc2-ee631f7cde14:group-23722D0D1038 set configuration 0: [77feb63d-892e-4814-8dc2-ee631f7cde14:192.168.69.92:42261], old=null at 0
2019-09-08 14:53:09,388 [Thread-238] INFO  impl.FollowerState (FollowerState.java:run(106)) - 6b9e585b-666e-459d-8548-320514f1f270:group-649B12738EEF changes to CANDIDATE, lastRpcTime:5030, electionTimeout:5009ms
2019-09-08 14:53:09,388 [00b73927-b021-47b3-a043-bc4f6e85dc3e:group-DC6CFA051F32:LeaderElection9] INFO  impl.LeaderElection (LeaderElection.java:askForVotes(181)) - 00b73927-b021-47b3-a043-bc4f6e85dc3e:group-DC6CFA051F32:LeaderElection9: begin an election at term 1 for -1: [00b73927-b021-47b3-a043-bc4f6e85dc3e:192.168.69.92:35947], old=null
2019-09-08 14:53:09,389 [Thread-238] INFO  impl.RoleInfo (RoleInfo.java:shutdownFollowerState(121)) - 6b9e585b-666e-459d-8548-320514f1f270: shutdown FollowerState
2019-09-08 14:53:09,389 [00b73927-b021-47b3-a043-bc4f6e85dc3e:group-DC6CFA051F32:LeaderElection9] INFO  impl.RoleInfo (RoleInfo.java:shutdownLeaderElection(134)) - 00b73927-b021-47b3-a043-bc4f6e85dc3e: shutdown LeaderElection
2019-09-08 14:53:09,389 [Thread-238] INFO  impl.RaftServerImpl (RaftServerImpl.java:setRole(171)) - 6b9e585b-666e-459d-8548-320514f1f270:group-649B12738EEF changes role from FOLLOWER to CANDIDATE at term 0 for changeToCandidate
2019-09-08 14:53:09,389 [00b73927-b021-47b3-a043-bc4f6e85dc3e:group-DC6CFA051F32:LeaderElection9] INFO  impl.RaftServerImpl (RaftServerImpl.java:setRole(171)) - 00b73927-b021-47b3-a043-bc4f6e85dc3e:group-DC6CFA051F32 changes role from CANDIDATE to LEADER at term 1 for changeToLeader
2019-09-08 14:53:09,390 [Thread-238] INFO  impl.RoleInfo (RoleInfo.java:updateAndGet(143)) - 6b9e585b-666e-459d-8548-320514f1f270: start LeaderElection
2019-09-08 14:53:09,390 [00b73927-b021-47b3-a043-bc4f6e85dc3e:group-DC6CFA051F32:LeaderElection9] INFO  impl.RaftServerImpl (ServerState.java:setLeader(263)) - 00b73927-b021-47b3-a043-bc4f6e85dc3e:group-DC6CFA051F32 change Leader from null to 00b73927-b021-47b3-a043-bc4f6e85dc3e at term 1 for becomeLeader, leader elected after 5128ms
2019-09-08 14:53:09,392 [Thread-233] INFO  impl.FollowerState (FollowerState.java:run(106)) - 00b73927-b021-47b3-a043-bc4f6e85dc3e:group-649B12738EEF changes to CANDIDATE, lastRpcTime:5036, electionTimeout:5035ms
2019-09-08 14:53:09,392 [Thread-233] INFO  impl.RoleInfo (RoleInfo.java:shutdownFollowerState(121)) - 00b73927-b021-47b3-a043-bc4f6e85dc3e: shutdown FollowerState
2019-09-08 14:53:09,392 [00b73927-b021-47b3-a043-bc4f6e85dc3e:group-DC6CFA051F32:LeaderElection9] INFO  server.RaftServerConfigKeys (ConfUtils.java:logGet(43)) - raft.server.staging.catchup.gap = 1000 (default)
2019-09-08 14:53:09,395 [Thread-233] INFO  impl.RaftServerImpl (RaftServerImpl.java:setRole(171)) - 00b73927-b021-47b3-a043-bc4f6e85dc3e:group-649B12738EEF changes role from FOLLOWER to CANDIDATE at term 0 for changeToCandidate
2019-09-08 14:53:09,395 [00b73927-b021-47b3-a043-bc4f6e85dc3e:group-DC6CFA051F32:LeaderElection9] INFO  server.RaftServerConfigKeys (ConfUtils.java:logGet(43)) - raft.server.rpc.sleep.time = 25ms (default)
2019-09-08 14:53:09,395 [Thread-233] INFO  impl.RoleInfo (RoleInfo.java:updateAndGet(143)) - 00b73927-b021-47b3-a043-bc4f6e85dc3e: start LeaderElection
2019-09-08 14:53:09,396 [00b73927-b021-47b3-a043-bc4f6e85dc3e:group-DC6CFA051F32:LeaderElection9] INFO  server.RaftServerConfigKeys (ConfUtils.java:logGet(43)) - raft.server.write.element-limit = 4096 (default)
2019-09-08 14:53:09,396 [00b73927-b021-47b3-a043-bc4f6e85dc3e:group-DC6CFA051F32:LeaderElection9] INFO  server.RaftServerConfigKeys (ConfUtils.java:logGet(43)) - raft.server.watch.timeout = 10s (default)
2019-09-08 14:53:09,400 [00b73927-b021-47b3-a043-bc4f6e85dc3e:group-DC6CFA051F32:LeaderElection9] INFO  server.RaftServerConfigKeys (ConfUtils.java:logGet(43)) - raft.server.watch.timeout.denomination = 1s (default)
2019-09-08 14:53:09,400 [00b73927-b021-47b3-a043-bc4f6e85dc3e:group-DC6CFA051F32:LeaderElection9] INFO  server.RaftServerConfigKeys (ConfUtils.java:logGet(43)) - raft.server.watch.element-limit = 65536 (default)
2019-09-08 14:53:09,401 [00b73927-b021-47b3-a043-bc4f6e85dc3e:group-DC6CFA051F32:LeaderElection9] INFO  impl.RoleInfo (RoleInfo.java:updateAndGet(143)) - 00b73927-b021-47b3-a043-bc4f6e85dc3e: start LeaderState
2019-09-08 14:53:09,401 [00b73927-b021-47b3-a043-bc4f6e85dc3e:group-DC6CFA051F32:LeaderElection9] INFO  segmented.SegmentedRaftLogWorker (SegmentedRaftLogWorker.java:startLogSegment(380)) - 00b73927-b021-47b3-a043-bc4f6e85dc3e-SegmentedRaftLogWorker:Storage Directory /workdir/hadoop-ozone/integration-test/target/test-dir/MiniOzoneClusterImpl-cd29ba6b-b71a-4bdc-b5d6-66c210291ea4/datanode-3/data/ratis/b7ddc7ca-d42c-464c-9292-dc6cfa051f32: Starting segment from index:0
2019-09-08 14:53:09,402 [00b73927-b021-47b3-a043-bc4f6e85dc3e:group-DC6CFA051F32:LeaderElection9] INFO  impl.RaftServerImpl (ServerState.java:setRaftConf(361)) - 00b73927-b021-47b3-a043-bc4f6e85dc3e:group-DC6CFA051F32 set configuration 0: [00b73927-b021-47b3-a043-bc4f6e85dc3e:192.168.69.92:35947], old=null at 0
2019-09-08 14:53:09,415 [77feb63d-892e-4814-8dc2-ee631f7cde14-SegmentedRaftLogWorker:Storage Directory /workdir/hadoop-ozone/integration-test/target/test-dir/MiniOzoneClusterImpl-cd29ba6b-b71a-4bdc-b5d6-66c210291ea4/datanode-2/data/ratis/1760b0b8-be22-4c75-8791-23722d0d1038] INFO  segmented.SegmentedRaftLogWorker (SegmentedRaftLogWorker.java:execute(569)) - 77feb63d-892e-4814-8dc2-ee631f7cde14-SegmentedRaftLogWorker:Storage Directory /workdir/hadoop-ozone/integration-test/target/test-dir/MiniOzoneClusterImpl-cd29ba6b-b71a-4bdc-b5d6-66c210291ea4/datanode-2/data/ratis/1760b0b8-be22-4c75-8791-23722d0d1038: created new log segment /workdir/hadoop-ozone/integration-test/target/test-dir/MiniOzoneClusterImpl-cd29ba6b-b71a-4bdc-b5d6-66c210291ea4/datanode-2/data/ratis/1760b0b8-be22-4c75-8791-23722d0d1038/current/log_inprogress_0
2019-09-08 14:53:09,415 [6b9e585b-666e-459d-8548-320514f1f270:group-649B12738EEF:LeaderElection10] INFO  impl.LeaderElection (LeaderElection.java:askForVotes(181)) - 6b9e585b-666e-459d-8548-320514f1f270:group-649B12738EEF:LeaderElection10: begin an election at term 1 for -1: [77feb63d-892e-4814-8dc2-ee631f7cde14:192.168.69.92:42261, 6b9e585b-666e-459d-8548-320514f1f270:192.168.69.92:35944, 00b73927-b021-47b3-a043-bc4f6e85dc3e:192.168.69.92:35947], old=null
2019-09-08 14:53:09,448 [Thread-237] INFO  impl.FollowerState (FollowerState.java:run(106)) - 77feb63d-892e-4814-8dc2-ee631f7cde14:group-649B12738EEF changes to CANDIDATE, lastRpcTime:5090, electionTimeout:5069ms
2019-09-08 14:53:09,450 [00b73927-b021-47b3-a043-bc4f6e85dc3e:group-649B12738EEF:LeaderElection11] INFO  impl.LeaderElection (LeaderElection.java:askForVotes(181)) - 00b73927-b021-47b3-a043-bc4f6e85dc3e:group-649B12738EEF:LeaderElection11: begin an election at term 1 for -1: [77feb63d-892e-4814-8dc2-ee631f7cde14:192.168.69.92:42261, 6b9e585b-666e-459d-8548-320514f1f270:192.168.69.92:35944, 00b73927-b021-47b3-a043-bc4f6e85dc3e:192.168.69.92:35947], old=null
2019-09-08 14:53:09,450 [Thread-237] INFO  impl.RoleInfo (RoleInfo.java:shutdownFollowerState(121)) - 77feb63d-892e-4814-8dc2-ee631f7cde14: shutdown FollowerState
2019-09-08 14:53:09,450 [Thread-237] INFO  impl.RaftServerImpl (RaftServerImpl.java:setRole(171)) - 77feb63d-892e-4814-8dc2-ee631f7cde14:group-649B12738EEF changes role from FOLLOWER to CANDIDATE at term 0 for changeToCandidate
2019-09-08 14:53:09,452 [Thread-237] INFO  impl.RoleInfo (RoleInfo.java:updateAndGet(143)) - 77feb63d-892e-4814-8dc2-ee631f7cde14: start LeaderElection
2019-09-08 14:53:09,454 [grpc-default-executor-1] INFO  impl.RaftServerImpl (RaftServerImpl.java:setRole(171)) - 77feb63d-892e-4814-8dc2-ee631f7cde14:group-649B12738EEF changes role from CANDIDATE to FOLLOWER at term 1 for recognizeCandidate:6b9e585b-666e-459d-8548-320514f1f270
2019-09-08 14:53:09,454 [grpc-default-executor-1] INFO  impl.RoleInfo (RoleInfo.java:shutdownLeaderElection(134)) - 77feb63d-892e-4814-8dc2-ee631f7cde14: shutdown LeaderElection
2019-09-08 14:53:09,455 [grpc-default-executor-1] INFO  impl.RoleInfo (RoleInfo.java:updateAndGet(143)) - 77feb63d-892e-4814-8dc2-ee631f7cde14: start FollowerState
2019-09-08 14:53:09,474 [00b73927-b021-47b3-a043-bc4f6e85dc3e-SegmentedRaftLogWorker:Storage Directory /workdir/hadoop-ozone/integration-test/target/test-dir/MiniOzoneClusterImpl-cd29ba6b-b71a-4bdc-b5d6-66c210291ea4/datanode-3/data/ratis/b7ddc7ca-d42c-464c-9292-dc6cfa051f32] INFO  segmented.SegmentedRaftLogWorker (SegmentedRaftLogWorker.java:execute(569)) - 00b73927-b021-47b3-a043-bc4f6e85dc3e-SegmentedRaftLogWorker:Storage Directory /workdir/hadoop-ozone/integration-test/target/test-dir/MiniOzoneClusterImpl-cd29ba6b-b71a-4bdc-b5d6-66c210291ea4/datanode-3/data/ratis/b7ddc7ca-d42c-464c-9292-dc6cfa051f32: created new log segment /workdir/hadoop-ozone/integration-test/target/test-dir/MiniOzoneClusterImpl-cd29ba6b-b71a-4bdc-b5d6-66c210291ea4/datanode-3/data/ratis/b7ddc7ca-d42c-464c-9292-dc6cfa051f32/current/log_inprogress_0
2019-09-08 14:53:09,474 [grpc-default-executor-3] INFO  impl.RaftServerImpl (RaftServerImpl.java:setRole(171)) - 77feb63d-892e-4814-8dc2-ee631f7cde14:group-649B12738EEF changes role from FOLLOWER to FOLLOWER at term 1 for recognizeCandidate:00b73927-b021-47b3-a043-bc4f6e85dc3e
2019-09-08 14:53:09,475 [grpc-default-executor-3] INFO  impl.RoleInfo (RoleInfo.java:shutdownFollowerState(121)) - 77feb63d-892e-4814-8dc2-ee631f7cde14: shutdown FollowerState
2019-09-08 14:53:09,475 [grpc-default-executor-3] INFO  impl.RoleInfo (RoleInfo.java:updateAndGet(143)) - 77feb63d-892e-4814-8dc2-ee631f7cde14: start FollowerState
2019-09-08 14:53:09,475 [Thread-287] INFO  impl.FollowerState (FollowerState.java:run(114)) - 77feb63d-892e-4814-8dc2-ee631f7cde14: FollowerState was interrupted: java.lang.InterruptedException: sleep interrupted
2019-09-08 14:53:09,479 [6b9e585b-666e-459d-8548-320514f1f270:group-649B12738EEF:LeaderElection10] INFO  impl.LeaderElection (LeaderElection.java:logAndReturn(56)) - 6b9e585b-666e-459d-8548-320514f1f270:group-649B12738EEF:LeaderElection10: Election REJECTED; received 2 response(s) [6b9e585b-666e-459d-8548-320514f1f270<-77feb63d-892e-4814-8dc2-ee631f7cde14#0:FAIL-t1, 6b9e585b-666e-459d-8548-320514f1f270<-00b73927-b021-47b3-a043-bc4f6e85dc3e#0:FAIL-t1] and 0 exception(s); 6b9e585b-666e-459d-8548-320514f1f270:t1, leader=null, voted=6b9e585b-666e-459d-8548-320514f1f270, raftlog=6b9e585b-666e-459d-8548-320514f1f270-SegmentedRaftLog:OPENED:c-1,f-1,i0, conf=-1: [77feb63d-892e-4814-8dc2-ee631f7cde14:192.168.69.92:42261, 6b9e585b-666e-459d-8548-320514f1f270:192.168.69.92:35944, 00b73927-b021-47b3-a043-bc4f6e85dc3e:192.168.69.92:35947], old=null
2019-09-08 14:53:09,479 [6b9e585b-666e-459d-8548-320514f1f270:group-649B12738EEF:LeaderElection10] INFO  impl.RaftServerImpl (RaftServerImpl.java:setRole(171)) - 6b9e585b-666e-459d-8548-320514f1f270:group-649B12738EEF changes role from CANDIDATE to FOLLOWER at term 1 for DISCOVERED_A_NEW_TERM
2019-09-08 14:53:09,482 [6b9e585b-666e-459d-8548-320514f1f270:group-649B12738EEF:LeaderElection10] INFO  impl.RoleInfo (RoleInfo.java:shutdownLeaderElection(134)) - 6b9e585b-666e-459d-8548-320514f1f270: shutdown LeaderElection
2019-09-08 14:53:09,482 [6b9e585b-666e-459d-8548-320514f1f270:group-649B12738EEF:LeaderElection10] INFO  impl.RoleInfo (RoleInfo.java:updateAndGet(143)) - 6b9e585b-666e-459d-8548-320514f1f270: start FollowerState
2019-09-08 14:53:09,510 [00b73927-b021-47b3-a043-bc4f6e85dc3e:group-649B12738EEF:LeaderElection11] INFO  impl.LeaderElection (LeaderElection.java:logAndReturn(56)) - 00b73927-b021-47b3-a043-bc4f6e85dc3e:group-649B12738EEF:LeaderElection11: Election PASSED; received 2 response(s) [00b73927-b021-47b3-a043-bc4f6e85dc3e<-77feb63d-892e-4814-8dc2-ee631f7cde14#0:OK-t1, 00b73927-b021-47b3-a043-bc4f6e85dc3e<-6b9e585b-666e-459d-8548-320514f1f270#0:FAIL-t1] and 0 exception(s); 00b73927-b021-47b3-a043-bc4f6e85dc3e:t1, leader=null, voted=00b73927-b021-47b3-a043-bc4f6e85dc3e, raftlog=00b73927-b021-47b3-a043-bc4f6e85dc3e-SegmentedRaftLog:OPENED:c-1,f-1,i0, conf=-1: [77feb63d-892e-4814-8dc2-ee631f7cde14:192.168.69.92:42261, 6b9e585b-666e-459d-8548-320514f1f270:192.168.69.92:35944, 00b73927-b021-47b3-a043-bc4f6e85dc3e:192.168.69.92:35947], old=null
2019-09-08 14:53:09,512 [00b73927-b021-47b3-a043-bc4f6e85dc3e:group-649B12738EEF:LeaderElection11] INFO  impl.RoleInfo (RoleInfo.java:shutdownLeaderElection(134)) - 00b73927-b021-47b3-a043-bc4f6e85dc3e: shutdown LeaderElection
2019-09-08 14:53:09,520 [00b73927-b021-47b3-a043-bc4f6e85dc3e:group-649B12738EEF:LeaderElection11] INFO  impl.RaftServerImpl (RaftServerImpl.java:setRole(171)) - 00b73927-b021-47b3-a043-bc4f6e85dc3e:group-649B12738EEF changes role from CANDIDATE to LEADER at term 1 for changeToLeader
2019-09-08 14:53:09,520 [00b73927-b021-47b3-a043-bc4f6e85dc3e:group-649B12738EEF:LeaderElection11] INFO  impl.RaftServerImpl (ServerState.java:setLeader(263)) - 00b73927-b021-47b3-a043-bc4f6e85dc3e:group-649B12738EEF change Leader from null to 00b73927-b021-47b3-a043-bc4f6e85dc3e at term 1 for becomeLeader, leader elected after 5174ms
2019-09-08 14:53:09,520 [00b73927-b021-47b3-a043-bc4f6e85dc3e:group-649B12738EEF:LeaderElection11] INFO  server.RaftServerConfigKeys (ConfUtils.java:logGet(43)) - raft.server.staging.catchup.gap = 1000 (default)
2019-09-08 14:53:09,521 [00b73927-b021-47b3-a043-bc4f6e85dc3e:group-649B12738EEF:LeaderElection11] INFO  server.RaftServerConfigKeys (ConfUtils.java:logGet(43)) - raft.server.rpc.sleep.time = 25ms (default)
2019-09-08 14:53:09,521 [00b73927-b021-47b3-a043-bc4f6e85dc3e:group-649B12738EEF:LeaderElection11] INFO  server.RaftServerConfigKeys (ConfUtils.java:logGet(43)) - raft.server.write.element-limit = 4096 (default)
2019-09-08 14:53:09,521 [00b73927-b021-47b3-a043-bc4f6e85dc3e:group-649B12738EEF:LeaderElection11] INFO  server.RaftServerConfigKeys (ConfUtils.java:logGet(43)) - raft.server.watch.timeout = 10s (default)
2019-09-08 14:53:09,521 [00b73927-b021-47b3-a043-bc4f6e85dc3e:group-649B12738EEF:LeaderElection11] INFO  server.RaftServerConfigKeys (ConfUtils.java:logGet(43)) - raft.server.watch.timeout.denomination = 1s (default)
2019-09-08 14:53:09,521 [00b73927-b021-47b3-a043-bc4f6e85dc3e:group-649B12738EEF:LeaderElection11] INFO  server.RaftServerConfigKeys (ConfUtils.java:logGet(43)) - raft.server.watch.element-limit = 65536 (default)
2019-09-08 14:53:09,524 [00b73927-b021-47b3-a043-bc4f6e85dc3e:group-649B12738EEF:LeaderElection11] INFO  server.RaftServerConfigKeys (ConfUtils.java:logGet(43)) - raft.server.log.appender.snapshot.chunk.size.max = 16MB (=16777216) (default)
2019-09-08 14:53:09,525 [00b73927-b021-47b3-a043-bc4f6e85dc3e:group-649B12738EEF:LeaderElection11] INFO  server.RaftServerConfigKeys (ConfUtils.java:logGet(43)) - raft.server.log.appender.buffer.byte-limit = 33554432 (custom)
2019-09-08 14:53:09,525 [00b73927-b021-47b3-a043-bc4f6e85dc3e:group-649B12738EEF:LeaderElection11] INFO  server.RaftServerConfigKeys (ConfUtils.java:logGet(43)) - raft.server.log.appender.buffer.element-limit = 1 (custom)
2019-09-08 14:53:09,529 [00b73927-b021-47b3-a043-bc4f6e85dc3e:group-649B12738EEF:LeaderElection11] INFO  grpc.GrpcConfigKeys$Server (ConfUtils.java:logGet(43)) - raft.grpc.server.leader.outstanding.appends.max = 128 (default)
2019-09-08 14:53:09,533 [77feb63d-892e-4814-8dc2-ee631f7cde14:group-649B12738EEF:LeaderElection12] INFO  impl.LeaderElection (LeaderElection.java:askForVotes(181)) - 77feb63d-892e-4814-8dc2-ee631f7cde14:group-649B12738EEF:LeaderElection12: begin an election at term 2 for -1: [77feb63d-892e-4814-8dc2-ee631f7cde14:192.168.69.92:42261, 6b9e585b-666e-459d-8548-320514f1f270:192.168.69.92:35944, 00b73927-b021-47b3-a043-bc4f6e85dc3e:192.168.69.92:35947], old=null
2019-09-08 14:53:09,535 [00b73927-b021-47b3-a043-bc4f6e85dc3e:group-649B12738EEF:LeaderElection11] INFO  server.RaftServerConfigKeys (ConfUtils.java:logGet(43)) - raft.server.rpc.request.timeout = 3000ms (default)
2019-09-08 14:53:09,535 [00b73927-b021-47b3-a043-bc4f6e85dc3e:group-649B12738EEF:LeaderElection11] INFO  server.RaftServerConfigKeys (ConfUtils.java:logGet(43)) - raft.server.log.appender.install.snapshot.enabled = false (custom)
2019-09-08 14:53:09,535 [00b73927-b021-47b3-a043-bc4f6e85dc3e:group-649B12738EEF:LeaderElection11] INFO  server.RaftServerConfigKeys (ConfUtils.java:logGet(43)) - raft.server.log.appender.snapshot.chunk.size.max = 16MB (=16777216) (default)
2019-09-08 14:53:09,536 [00b73927-b021-47b3-a043-bc4f6e85dc3e:group-649B12738EEF:LeaderElection11] INFO  server.RaftServerConfigKeys (ConfUtils.java:logGet(43)) - raft.server.log.appender.buffer.byte-limit = 33554432 (custom)
2019-09-08 14:53:09,536 [77feb63d-892e-4814-8dc2-ee631f7cde14:group-649B12738EEF:LeaderElection12] INFO  impl.LeaderElection (LeaderElection.java:logAndReturn(56)) - 77feb63d-892e-4814-8dc2-ee631f7cde14:group-649B12738EEF:LeaderElection12: Election REJECTED; received 0 response(s) [] and 0 exception(s); 77feb63d-892e-4814-8dc2-ee631f7cde14:t2, leader=null, voted=77feb63d-892e-4814-8dc2-ee631f7cde14, raftlog=77feb63d-892e-4814-8dc2-ee631f7cde14-SegmentedRaftLog:OPENED:c-1,f-1,i0, conf=-1: [77feb63d-892e-4814-8dc2-ee631f7cde14:192.168.69.92:42261, 6b9e585b-666e-459d-8548-320514f1f270:192.168.69.92:35944, 00b73927-b021-47b3-a043-bc4f6e85dc3e:192.168.69.92:35947], old=null
2019-09-08 14:53:09,536 [00b73927-b021-47b3-a043-bc4f6e85dc3e:group-649B12738EEF:LeaderElection11] INFO  server.RaftServerConfigKeys (ConfUtils.java:logGet(43)) - raft.server.log.appender.buffer.element-limit = 1 (custom)
2019-09-08 14:53:09,536 [00b73927-b021-47b3-a043-bc4f6e85dc3e:group-649B12738EEF:LeaderElection11] INFO  grpc.GrpcConfigKeys$Server (ConfUtils.java:logGet(43)) - raft.grpc.server.leader.outstanding.appends.max = 128 (default)
2019-09-08 14:53:09,537 [00b73927-b021-47b3-a043-bc4f6e85dc3e:group-649B12738EEF:LeaderElection11] INFO  server.RaftServerConfigKeys (ConfUtils.java:logGet(43)) - raft.server.rpc.request.timeout = 3000ms (default)
2019-09-08 14:53:09,537 [00b73927-b021-47b3-a043-bc4f6e85dc3e:group-649B12738EEF:LeaderElection11] INFO  server.RaftServerConfigKeys (ConfUtils.java:logGet(43)) - raft.server.log.appender.install.snapshot.enabled = false (custom)
2019-09-08 14:53:09,540 [grpc-default-executor-3] INFO  impl.RaftServerImpl (RaftServerImpl.java:setRole(171)) - 6b9e585b-666e-459d-8548-320514f1f270:group-649B12738EEF changes role from FOLLOWER to FOLLOWER at term 2 for recognizeCandidate:77feb63d-892e-4814-8dc2-ee631f7cde14
2019-09-08 14:53:09,543 [grpc-default-executor-3] INFO  impl.RoleInfo (RoleInfo.java:shutdownFollowerState(121)) - 6b9e585b-666e-459d-8548-320514f1f270: shutdown FollowerState
2019-09-08 14:53:09,543 [00b73927-b021-47b3-a043-bc4f6e85dc3e:group-649B12738EEF:LeaderElection11] INFO  impl.RoleInfo (RoleInfo.java:updateAndGet(143)) - 00b73927-b021-47b3-a043-bc4f6e85dc3e: start LeaderState
2019-09-08 14:53:09,543 [grpc-default-executor-3] INFO  impl.RoleInfo (RoleInfo.java:updateAndGet(143)) - 6b9e585b-666e-459d-8548-320514f1f270: start FollowerState
2019-09-08 14:53:09,543 [Thread-289] INFO  impl.FollowerState (FollowerState.java:run(114)) - 6b9e585b-666e-459d-8548-320514f1f270: FollowerState was interrupted: java.lang.InterruptedException: sleep interrupted
2019-09-08 14:53:09,543 [00b73927-b021-47b3-a043-bc4f6e85dc3e:group-649B12738EEF:LeaderElection11] INFO  segmented.SegmentedRaftLogWorker (SegmentedRaftLogWorker.java:startLogSegment(380)) - 00b73927-b021-47b3-a043-bc4f6e85dc3e-SegmentedRaftLogWorker:Storage Directory /workdir/hadoop-ozone/integration-test/target/test-dir/MiniOzoneClusterImpl-cd29ba6b-b71a-4bdc-b5d6-66c210291ea4/datanode-3/data/ratis/4c313edf-1987-4478-bef4-649b12738eef: Starting segment from index:0
2019-09-08 14:53:09,546 [00b73927-b021-47b3-a043-bc4f6e85dc3e:group-649B12738EEF:LeaderElection11] INFO  impl.RaftServerImpl (ServerState.java:setRaftConf(361)) - 00b73927-b021-47b3-a043-bc4f6e85dc3e:group-649B12738EEF set configuration 0: [77feb63d-892e-4814-8dc2-ee631f7cde14:192.168.69.92:42261, 6b9e585b-666e-459d-8548-320514f1f270:192.168.69.92:35944, 00b73927-b021-47b3-a043-bc4f6e85dc3e:192.168.69.92:35947], old=null at 0
2019-09-08 14:53:09,546 [grpc-default-executor-1] INFO  impl.RaftServerImpl (ServerState.java:setLeader(263)) - 00b73927-b021-47b3-a043-bc4f6e85dc3e:group-649B12738EEF change Leader from 00b73927-b021-47b3-a043-bc4f6e85dc3e to null at term 2 for updateCurrentTerm
2019-09-08 14:53:09,546 [grpc-default-executor-1] INFO  impl.RaftServerImpl (RaftServerImpl.java:setRole(171)) - 00b73927-b021-47b3-a043-bc4f6e85dc3e:group-649B12738EEF changes role from LEADER to FOLLOWER at term 2 for recognizeCandidate:77feb63d-892e-4814-8dc2-ee631f7cde14
2019-09-08 14:53:09,546 [grpc-default-executor-1] INFO  impl.RoleInfo (RoleInfo.java:shutdownLeaderState(104)) - 00b73927-b021-47b3-a043-bc4f6e85dc3e: shutdown LeaderState
2019-09-08 14:53:09,588 [grpc-default-executor-1] INFO  impl.PendingRequests (PendingRequests.java:sendNotLeaderResponses(202)) - 00b73927-b021-47b3-a043-bc4f6e85dc3e-PendingRequests: sendNotLeaderResponses
2019-09-08 14:53:09,594 [grpc-default-executor-1] INFO  impl.RoleInfo (RoleInfo.java:updateAndGet(143)) - 00b73927-b021-47b3-a043-bc4f6e85dc3e: start FollowerState
2019-09-08 14:53:09,598 [org.apache.ratis.server.impl.LogAppender$AppenderDaemon$$Lambda$501/1655943257@5db7cc7d] WARN  server.GrpcLogAppender (GrpcLogAppender.java:mayWait(143)) - GrpcLogAppender(00b73927-b021-47b3-a043-bc4f6e85dc3e->77feb63d-892e-4814-8dc2-ee631f7cde14): Wait interrupted by java.lang.InterruptedException
2019-09-08 14:53:09,598 [org.apache.ratis.server.impl.LogAppender$AppenderDaemon$$Lambda$501/1655943257@58088667] WARN  server.GrpcLogAppender (GrpcLogAppender.java:mayWait(143)) - GrpcLogAppender(00b73927-b021-47b3-a043-bc4f6e85dc3e->6b9e585b-666e-459d-8548-320514f1f270): Wait interrupted by java.lang.InterruptedException
2019-09-08 14:53:09,606 [grpc-default-executor-0] INFO  server.GrpcServerProtocolService (GrpcServerProtocolService.java:onCompleted(104)) - 6b9e585b-666e-459d-8548-320514f1f270: appendEntries completed
2019-09-08 14:53:09,606 [grpc-default-executor-3] INFO  server.GrpcServerProtocolService (GrpcServerProtocolService.java:onCompleted(104)) - 77feb63d-892e-4814-8dc2-ee631f7cde14: appendEntries completed
2019-09-08 14:53:09,608 [grpc-default-executor-0] INFO  server.GrpcLogAppender (GrpcLogAppender.java:onCompleted(292)) - 00b73927-b021-47b3-a043-bc4f6e85dc3e->77feb63d-892e-4814-8dc2-ee631f7cde14: follower responses appendEntries COMPLETED
2019-09-08 14:53:09,608 [grpc-default-executor-3] INFO  server.GrpcLogAppender (GrpcLogAppender.java:onCompleted(292)) - 00b73927-b021-47b3-a043-bc4f6e85dc3e->6b9e585b-666e-459d-8548-320514f1f270: follower responses appendEntries COMPLETED
2019-09-08 14:53:09,610 [00b73927-b021-47b3-a043-bc4f6e85dc3e-SegmentedRaftLogWorker:Storage Directory /workdir/hadoop-ozone/integration-test/target/test-dir/MiniOzoneClusterImpl-cd29ba6b-b71a-4bdc-b5d6-66c210291ea4/datanode-3/data/ratis/4c313edf-1987-4478-bef4-649b12738eef] INFO  segmented.SegmentedRaftLogWorker (SegmentedRaftLogWorker.java:execute(569)) - 00b73927-b021-47b3-a043-bc4f6e85dc3e-SegmentedRaftLogWorker:Storage Directory /workdir/hadoop-ozone/integration-test/target/test-dir/MiniOzoneClusterImpl-cd29ba6b-b71a-4bdc-b5d6-66c210291ea4/datanode-3/data/ratis/4c313edf-1987-4478-bef4-649b12738eef: created new log segment /workdir/hadoop-ozone/integration-test/target/test-dir/MiniOzoneClusterImpl-cd29ba6b-b71a-4bdc-b5d6-66c210291ea4/datanode-3/data/ratis/4c313edf-1987-4478-bef4-649b12738eef/current/log_inprogress_0
2019-09-08 14:53:09,615 [grpc-default-executor-0] INFO  impl.FollowerInfo (FollowerInfo.java:lambda$new$0(50)) - 00b73927-b021-47b3-a043-bc4f6e85dc3e->77feb63d-892e-4814-8dc2-ee631f7cde14: nextIndex: updateUnconditionally 0 -> 0
2019-09-08 14:53:09,615 [grpc-default-executor-3] INFO  impl.FollowerInfo (FollowerInfo.java:lambda$new$0(50)) - 00b73927-b021-47b3-a043-bc4f6e85dc3e->6b9e585b-666e-459d-8548-320514f1f270: nextIndex: updateUnconditionally 0 -> 0
2019-09-08 14:53:10,291 [grpc-default-executor-3] INFO  client.GrpcClientProtocolClient (GrpcClientProtocolClient.java:onNext(255)) - client-54F80A16CF05->6b9e585b-666e-459d-8548-320514f1f270: receive RaftClientReply:client-54F80A16CF05->6b9e585b-666e-459d-8548-320514f1f270@group-CA73CFF9B333, cid=8, FAILED org.apache.ratis.protocol.NotLeaderException: Server 6b9e585b-666e-459d-8548-320514f1f270 is not the leader (null). Request must be sent to leader., logIndex=0, commits[6b9e585b-666e-459d-8548-320514f1f270:c-1]
2019-09-08 14:53:10,782 [ReplicationMonitor] INFO  container.ReplicationManager (ReplicationManager.java:run(225)) - Replication Monitor Thread took 0 milliseconds for processing 1 containers.
2019-09-08 14:53:11,312 [grpc-default-executor-0] INFO  client.GrpcClientProtocolClient (GrpcClientProtocolClient.java:onNext(255)) - client-54F80A16CF05->00b73927-b021-47b3-a043-bc4f6e85dc3e: receive RaftClientReply:client-54F80A16CF05->00b73927-b021-47b3-a043-bc4f6e85dc3e@group-CA73CFF9B333, cid=8, FAILED org.apache.ratis.protocol.NotLeaderException: Server 00b73927-b021-47b3-a043-bc4f6e85dc3e is not the leader (null). Request must be sent to leader., logIndex=0, commits[00b73927-b021-47b3-a043-bc4f6e85dc3e:c-1]
2019-09-08 14:53:12,334 [grpc-default-executor-3] INFO  client.GrpcClientProtocolClient (GrpcClientProtocolClient.java:onNext(255)) - client-54F80A16CF05->6b9e585b-666e-459d-8548-320514f1f270: receive RaftClientReply:client-54F80A16CF05->6b9e585b-666e-459d-8548-320514f1f270@group-CA73CFF9B333, cid=8, FAILED org.apache.ratis.protocol.NotLeaderException: Server 6b9e585b-666e-459d-8548-320514f1f270 is not the leader (null). Request must be sent to leader., logIndex=0, commits[6b9e585b-666e-459d-8548-320514f1f270:c-1]
2019-09-08 14:53:12,783 [ReplicationMonitor] INFO  container.ReplicationManager (ReplicationManager.java:run(225)) - Replication Monitor Thread took 1 milliseconds for processing 1 containers.
2019-09-08 14:53:13,089 [Thread-269] INFO  impl.FollowerState (FollowerState.java:run(106)) - 77feb63d-892e-4814-8dc2-ee631f7cde14:group-CA73CFF9B333 changes to CANDIDATE, lastRpcTime:5019, electionTimeout:5018ms
2019-09-08 14:53:13,091 [Thread-269] INFO  impl.RoleInfo (RoleInfo.java:shutdownFollowerState(121)) - 77feb63d-892e-4814-8dc2-ee631f7cde14: shutdown FollowerState
2019-09-08 14:53:13,092 [Thread-269] INFO  impl.RaftServerImpl (RaftServerImpl.java:setRole(171)) - 77feb63d-892e-4814-8dc2-ee631f7cde14:group-CA73CFF9B333 changes role from FOLLOWER to CANDIDATE at term 1 for changeToCandidate
2019-09-08 14:53:13,092 [Thread-269] INFO  impl.RoleInfo (RoleInfo.java:updateAndGet(143)) - 77feb63d-892e-4814-8dc2-ee631f7cde14: start LeaderElection
2019-09-08 14:53:13,139 [77feb63d-892e-4814-8dc2-ee631f7cde14:group-CA73CFF9B333:LeaderElection13] INFO  impl.LeaderElection (LeaderElection.java:askForVotes(181)) - 77feb63d-892e-4814-8dc2-ee631f7cde14:group-CA73CFF9B333:LeaderElection13: begin an election at term 2 for -1: [77feb63d-892e-4814-8dc2-ee631f7cde14:192.168.69.92:42261, 6b9e585b-666e-459d-8548-320514f1f270:192.168.69.92:35944, 00b73927-b021-47b3-a043-bc4f6e85dc3e:192.168.69.92:35947], old=null
2019-09-08 14:53:13,145 [grpc-default-executor-3] INFO  impl.RaftServerImpl (RaftServerImpl.java:setRole(171)) - 6b9e585b-666e-459d-8548-320514f1f270:group-CA73CFF9B333 changes role from FOLLOWER to FOLLOWER at term 2 for recognizeCandidate:77feb63d-892e-4814-8dc2-ee631f7cde14
2019-09-08 14:53:13,145 [grpc-default-executor-0] INFO  impl.RaftServerImpl (RaftServerImpl.java:setRole(171)) - 00b73927-b021-47b3-a043-bc4f6e85dc3e:group-CA73CFF9B333 changes role from FOLLOWER to FOLLOWER at term 2 for recognizeCandidate:77feb63d-892e-4814-8dc2-ee631f7cde14
2019-09-08 14:53:13,146 [grpc-default-executor-3] INFO  impl.RoleInfo (RoleInfo.java:shutdownFollowerState(121)) - 6b9e585b-666e-459d-8548-320514f1f270: shutdown FollowerState
2019-09-08 14:53:13,146 [grpc-default-executor-0] INFO  impl.RoleInfo (RoleInfo.java:shutdownFollowerState(121)) - 00b73927-b021-47b3-a043-bc4f6e85dc3e: shutdown FollowerState
2019-09-08 14:53:13,146 [Thread-268] INFO  impl.FollowerState (FollowerState.java:run(114)) - 6b9e585b-666e-459d-8548-320514f1f270: FollowerState was interrupted: java.lang.InterruptedException: sleep interrupted
2019-09-08 14:53:13,146 [grpc-default-executor-3] INFO  impl.RoleInfo (RoleInfo.java:updateAndGet(143)) - 6b9e585b-666e-459d-8548-320514f1f270: start FollowerState
2019-09-08 14:53:13,146 [Thread-267] INFO  impl.FollowerState (FollowerState.java:run(114)) - 00b73927-b021-47b3-a043-bc4f6e85dc3e: FollowerState was interrupted: java.lang.InterruptedException: sleep interrupted
2019-09-08 14:53:13,146 [grpc-default-executor-0] INFO  impl.RoleInfo (RoleInfo.java:updateAndGet(143)) - 00b73927-b021-47b3-a043-bc4f6e85dc3e: start FollowerState
2019-09-08 14:53:13,166 [77feb63d-892e-4814-8dc2-ee631f7cde14:group-CA73CFF9B333:LeaderElection13] INFO  impl.LeaderElection (LeaderElection.java:logAndReturn(56)) - 77feb63d-892e-4814-8dc2-ee631f7cde14:group-CA73CFF9B333:LeaderElection13: Election PASSED; received 1 response(s) [77feb63d-892e-4814-8dc2-ee631f7cde14<-6b9e585b-666e-459d-8548-320514f1f270#0:OK-t2] and 0 exception(s); 77feb63d-892e-4814-8dc2-ee631f7cde14:t2, leader=null, voted=77feb63d-892e-4814-8dc2-ee631f7cde14, raftlog=77feb63d-892e-4814-8dc2-ee631f7cde14-SegmentedRaftLog:OPENED:c-1,f-1,i0, conf=-1: [77feb63d-892e-4814-8dc2-ee631f7cde14:192.168.69.92:42261, 6b9e585b-666e-459d-8548-320514f1f270:192.168.69.92:35944, 00b73927-b021-47b3-a043-bc4f6e85dc3e:192.168.69.92:35947], old=null
2019-09-08 14:53:13,166 [77feb63d-892e-4814-8dc2-ee631f7cde14:group-CA73CFF9B333:LeaderElection13] INFO  impl.RoleInfo (RoleInfo.java:shutdownLeaderElection(134)) - 77feb63d-892e-4814-8dc2-ee631f7cde14: shutdown LeaderElection
2019-09-08 14:53:13,167 [77feb63d-892e-4814-8dc2-ee631f7cde14:group-CA73CFF9B333:LeaderElection13] INFO  impl.RaftServerImpl (RaftServerImpl.java:setRole(171)) - 77feb63d-892e-4814-8dc2-ee631f7cde14:group-CA73CFF9B333 changes role from CANDIDATE to LEADER at term 2 for changeToLeader
2019-09-08 14:53:13,168 [77feb63d-892e-4814-8dc2-ee631f7cde14:group-CA73CFF9B333:LeaderElection13] INFO  impl.RaftServerImpl (ServerState.java:setLeader(263)) - 77feb63d-892e-4814-8dc2-ee631f7cde14:group-CA73CFF9B333 change Leader from null to 77feb63d-892e-4814-8dc2-ee631f7cde14 at term 2 for becomeLeader, leader elected after 10352ms
2019-09-08 14:53:13,168 [77feb63d-892e-4814-8dc2-ee631f7cde14:group-CA73CFF9B333:LeaderElection13] INFO  server.RaftServerConfigKeys (ConfUtils.java:logGet(43)) - raft.server.staging.catchup.gap = 1000 (default)
2019-09-08 14:53:13,168 [77feb63d-892e-4814-8dc2-ee631f7cde14:group-CA73CFF9B333:LeaderElection13] INFO  server.RaftServerConfigKeys (ConfUtils.java:logGet(43)) - raft.server.rpc.sleep.time = 25ms (default)
2019-09-08 14:53:13,168 [77feb63d-892e-4814-8dc2-ee631f7cde14:group-CA73CFF9B333:LeaderElection13] INFO  server.RaftServerConfigKeys (ConfUtils.java:logGet(43)) - raft.server.write.element-limit = 4096 (default)
2019-09-08 14:53:13,168 [77feb63d-892e-4814-8dc2-ee631f7cde14:group-CA73CFF9B333:LeaderElection13] INFO  server.RaftServerConfigKeys (ConfUtils.java:logGet(43)) - raft.server.watch.timeout = 10s (default)
2019-09-08 14:53:13,169 [77feb63d-892e-4814-8dc2-ee631f7cde14:group-CA73CFF9B333:LeaderElection13] INFO  server.RaftServerConfigKeys (ConfUtils.java:logGet(43)) - raft.server.watch.timeout.denomination = 1s (default)
2019-09-08 14:53:13,169 [77feb63d-892e-4814-8dc2-ee631f7cde14:group-CA73CFF9B333:LeaderElection13] INFO  server.RaftServerConfigKeys (ConfUtils.java:logGet(43)) - raft.server.watch.element-limit = 65536 (default)
2019-09-08 14:53:13,169 [77feb63d-892e-4814-8dc2-ee631f7cde14:group-CA73CFF9B333:LeaderElection13] INFO  server.RaftServerConfigKeys (ConfUtils.java:logGet(43)) - raft.server.log.appender.snapshot.chunk.size.max = 16MB (=16777216) (default)
2019-09-08 14:53:13,169 [77feb63d-892e-4814-8dc2-ee631f7cde14:group-CA73CFF9B333:LeaderElection13] INFO  server.RaftServerConfigKeys (ConfUtils.java:logGet(43)) - raft.server.log.appender.buffer.byte-limit = 33554432 (custom)
2019-09-08 14:53:13,170 [77feb63d-892e-4814-8dc2-ee631f7cde14:group-CA73CFF9B333:LeaderElection13] INFO  server.RaftServerConfigKeys (ConfUtils.java:logGet(43)) - raft.server.log.appender.buffer.element-limit = 1 (custom)
2019-09-08 14:53:13,170 [77feb63d-892e-4814-8dc2-ee631f7cde14:group-CA73CFF9B333:LeaderElection13] INFO  grpc.GrpcConfigKeys$Server (ConfUtils.java:logGet(43)) - raft.grpc.server.leader.outstanding.appends.max = 128 (default)
2019-09-08 14:53:13,171 [77feb63d-892e-4814-8dc2-ee631f7cde14:group-CA73CFF9B333:LeaderElection13] INFO  server.RaftServerConfigKeys (ConfUtils.java:logGet(43)) - raft.server.rpc.request.timeout = 3000ms (default)
2019-09-08 14:53:13,172 [77feb63d-892e-4814-8dc2-ee631f7cde14:group-CA73CFF9B333:LeaderElection13] INFO  server.RaftServerConfigKeys (ConfUtils.java:logGet(43)) - raft.server.log.appender.install.snapshot.enabled = false (custom)
2019-09-08 14:53:13,172 [77feb63d-892e-4814-8dc2-ee631f7cde14:group-CA73CFF9B333:LeaderElection13] INFO  server.RaftServerConfigKeys (ConfUtils.java:logGet(43)) - raft.server.log.appender.snapshot.chunk.size.max = 16MB (=16777216) (default)
2019-09-08 14:53:13,172 [77feb63d-892e-4814-8dc2-ee631f7cde14:group-CA73CFF9B333:LeaderElection13] INFO  server.RaftServerConfigKeys (ConfUtils.java:logGet(43)) - raft.server.log.appender.buffer.byte-limit = 33554432 (custom)
2019-09-08 14:53:13,172 [77feb63d-892e-4814-8dc2-ee631f7cde14:group-CA73CFF9B333:LeaderElection13] INFO  server.RaftServerConfigKeys (ConfUtils.java:logGet(43)) - raft.server.log.appender.buffer.element-limit = 1 (custom)
2019-09-08 14:53:13,172 [77feb63d-892e-4814-8dc2-ee631f7cde14:group-CA73CFF9B333:LeaderElection13] INFO  grpc.GrpcConfigKeys$Server (ConfUtils.java:logGet(43)) - raft.grpc.server.leader.outstanding.appends.max = 128 (default)
2019-09-08 14:53:13,173 [77feb63d-892e-4814-8dc2-ee631f7cde14:group-CA73CFF9B333:LeaderElection13] INFO  server.RaftServerConfigKeys (ConfUtils.java:logGet(43)) - raft.server.rpc.request.timeout = 3000ms (default)
2019-09-08 14:53:13,173 [77feb63d-892e-4814-8dc2-ee631f7cde14:group-CA73CFF9B333:LeaderElection13] INFO  server.RaftServerConfigKeys (ConfUtils.java:logGet(43)) - raft.server.log.appender.install.snapshot.enabled = false (custom)
2019-09-08 14:53:13,173 [77feb63d-892e-4814-8dc2-ee631f7cde14:group-CA73CFF9B333:LeaderElection13] INFO  impl.RoleInfo (RoleInfo.java:updateAndGet(143)) - 77feb63d-892e-4814-8dc2-ee631f7cde14: start LeaderState
2019-09-08 14:53:13,173 [77feb63d-892e-4814-8dc2-ee631f7cde14:group-CA73CFF9B333:LeaderElection13] INFO  segmented.SegmentedRaftLogWorker (SegmentedRaftLogWorker.java:startLogSegment(380)) - 77feb63d-892e-4814-8dc2-ee631f7cde14-SegmentedRaftLogWorker:Storage Directory /workdir/hadoop-ozone/integration-test/target/test-dir/MiniOzoneClusterImpl-cd29ba6b-b71a-4bdc-b5d6-66c210291ea4/datanode-2/data/ratis/2e382a8f-edaa-486e-bb59-ca73cff9b333: Starting segment from index:0
2019-09-08 14:53:13,174 [77feb63d-892e-4814-8dc2-ee631f7cde14:group-CA73CFF9B333:LeaderElection13] INFO  impl.RaftServerImpl (ServerState.java:setRaftConf(361)) - 77feb63d-892e-4814-8dc2-ee631f7cde14:group-CA73CFF9B333 set configuration 0: [77feb63d-892e-4814-8dc2-ee631f7cde14:192.168.69.92:42261, 6b9e585b-666e-459d-8548-320514f1f270:192.168.69.92:35944, 00b73927-b021-47b3-a043-bc4f6e85dc3e:192.168.69.92:35947], old=null at 0
2019-09-08 14:53:13,219 [grpc-default-executor-0] INFO  impl.RaftServerImpl (ServerState.java:setLeader(263)) - 6b9e585b-666e-459d-8548-320514f1f270:group-CA73CFF9B333 change Leader from null to 77feb63d-892e-4814-8dc2-ee631f7cde14 at term 2 for appendEntries, leader elected after 10404ms
2019-09-08 14:53:13,219 [grpc-default-executor-3] INFO  impl.RaftServerImpl (ServerState.java:setLeader(263)) - 00b73927-b021-47b3-a043-bc4f6e85dc3e:group-CA73CFF9B333 change Leader from null to 77feb63d-892e-4814-8dc2-ee631f7cde14 at term 2 for appendEntries, leader elected after 10403ms
2019-09-08 14:53:13,231 [77feb63d-892e-4814-8dc2-ee631f7cde14-SegmentedRaftLogWorker:Storage Directory /workdir/hadoop-ozone/integration-test/target/test-dir/MiniOzoneClusterImpl-cd29ba6b-b71a-4bdc-b5d6-66c210291ea4/datanode-2/data/ratis/2e382a8f-edaa-486e-bb59-ca73cff9b333] INFO  segmented.SegmentedRaftLogWorker (SegmentedRaftLogWorker.java:execute(569)) - 77feb63d-892e-4814-8dc2-ee631f7cde14-SegmentedRaftLogWorker:Storage Directory /workdir/hadoop-ozone/integration-test/target/test-dir/MiniOzoneClusterImpl-cd29ba6b-b71a-4bdc-b5d6-66c210291ea4/datanode-2/data/ratis/2e382a8f-edaa-486e-bb59-ca73cff9b333: created new log segment /workdir/hadoop-ozone/integration-test/target/test-dir/MiniOzoneClusterImpl-cd29ba6b-b71a-4bdc-b5d6-66c210291ea4/datanode-2/data/ratis/2e382a8f-edaa-486e-bb59-ca73cff9b333/current/log_inprogress_0
2019-09-08 14:53:13,252 [grpc-default-executor-0] INFO  impl.RaftServerImpl (ServerState.java:setRaftConf(361)) - 00b73927-b021-47b3-a043-bc4f6e85dc3e:group-CA73CFF9B333 set configuration 0: [77feb63d-892e-4814-8dc2-ee631f7cde14:192.168.69.92:42261, 6b9e585b-666e-459d-8548-320514f1f270:192.168.69.92:35944, 00b73927-b021-47b3-a043-bc4f6e85dc3e:192.168.69.92:35947], old=null at 0
2019-09-08 14:53:13,252 [grpc-default-executor-3] INFO  impl.RaftServerImpl (ServerState.java:setRaftConf(361)) - 6b9e585b-666e-459d-8548-320514f1f270:group-CA73CFF9B333 set configuration 0: [77feb63d-892e-4814-8dc2-ee631f7cde14:192.168.69.92:42261, 6b9e585b-666e-459d-8548-320514f1f270:192.168.69.92:35944, 00b73927-b021-47b3-a043-bc4f6e85dc3e:192.168.69.92:35947], old=null at 0
2019-09-08 14:53:13,253 [grpc-default-executor-0] INFO  segmented.SegmentedRaftLogWorker (SegmentedRaftLogWorker.java:startLogSegment(380)) - 00b73927-b021-47b3-a043-bc4f6e85dc3e-SegmentedRaftLogWorker:Storage Directory /workdir/hadoop-ozone/integration-test/target/test-dir/MiniOzoneClusterImpl-cd29ba6b-b71a-4bdc-b5d6-66c210291ea4/datanode-3/data/ratis/2e382a8f-edaa-486e-bb59-ca73cff9b333: Starting segment from index:0
2019-09-08 14:53:13,254 [grpc-default-executor-3] INFO  segmented.SegmentedRaftLogWorker (SegmentedRaftLogWorker.java:startLogSegment(380)) - 6b9e585b-666e-459d-8548-320514f1f270-SegmentedRaftLogWorker:Storage Directory /workdir/hadoop-ozone/integration-test/target/test-dir/MiniOzoneClusterImpl-cd29ba6b-b71a-4bdc-b5d6-66c210291ea4/datanode-0/data/ratis/2e382a8f-edaa-486e-bb59-ca73cff9b333: Starting segment from index:0
2019-09-08 14:53:13,316 [00b73927-b021-47b3-a043-bc4f6e85dc3e-SegmentedRaftLogWorker:Storage Directory /workdir/hadoop-ozone/integration-test/target/test-dir/MiniOzoneClusterImpl-cd29ba6b-b71a-4bdc-b5d6-66c210291ea4/datanode-3/data/ratis/2e382a8f-edaa-486e-bb59-ca73cff9b333] INFO  segmented.SegmentedRaftLogWorker (SegmentedRaftLogWorker.java:execute(569)) - 00b73927-b021-47b3-a043-bc4f6e85dc3e-SegmentedRaftLogWorker:Storage Directory /workdir/hadoop-ozone/integration-test/target/test-dir/MiniOzoneClusterImpl-cd29ba6b-b71a-4bdc-b5d6-66c210291ea4/datanode-3/data/ratis/2e382a8f-edaa-486e-bb59-ca73cff9b333: created new log segment /workdir/hadoop-ozone/integration-test/target/test-dir/MiniOzoneClusterImpl-cd29ba6b-b71a-4bdc-b5d6-66c210291ea4/datanode-3/data/ratis/2e382a8f-edaa-486e-bb59-ca73cff9b333/current/log_inprogress_0
2019-09-08 14:53:13,316 [6b9e585b-666e-459d-8548-320514f1f270-SegmentedRaftLogWorker:Storage Directory /workdir/hadoop-ozone/integration-test/target/test-dir/MiniOzoneClusterImpl-cd29ba6b-b71a-4bdc-b5d6-66c210291ea4/datanode-0/data/ratis/2e382a8f-edaa-486e-bb59-ca73cff9b333] INFO  segmented.SegmentedRaftLogWorker (SegmentedRaftLogWorker.java:execute(569)) - 6b9e585b-666e-459d-8548-320514f1f270-SegmentedRaftLogWorker:Storage Directory /workdir/hadoop-ozone/integration-test/target/test-dir/MiniOzoneClusterImpl-cd29ba6b-b71a-4bdc-b5d6-66c210291ea4/datanode-0/data/ratis/2e382a8f-edaa-486e-bb59-ca73cff9b333: created new log segment /workdir/hadoop-ozone/integration-test/target/test-dir/MiniOzoneClusterImpl-cd29ba6b-b71a-4bdc-b5d6-66c210291ea4/datanode-0/data/ratis/2e382a8f-edaa-486e-bb59-ca73cff9b333/current/log_inprogress_0
2019-09-08 14:53:13,644 [grpc-default-executor-0] INFO  client.GrpcClientProtocolClient (GrpcClientProtocolClient.java:onNext(255)) - client-54F80A16CF05->77feb63d-892e-4814-8dc2-ee631f7cde14: receive RaftClientReply:client-54F80A16CF05->77feb63d-892e-4814-8dc2-ee631f7cde14@group-CA73CFF9B333, cid=8, SUCCESS, logIndex=1, commits[77feb63d-892e-4814-8dc2-ee631f7cde14:c1, 6b9e585b-666e-459d-8548-320514f1f270:c0, 00b73927-b021-47b3-a043-bc4f6e85dc3e:c0]
2019-09-08 14:53:13,779 [grpc-default-executor-3] INFO  client.GrpcClientProtocolClient (GrpcClientProtocolClient.java:onNext(255)) - client-54F80A16CF05->77feb63d-892e-4814-8dc2-ee631f7cde14: receive RaftClientReply:client-54F80A16CF05->77feb63d-892e-4814-8dc2-ee631f7cde14@group-CA73CFF9B333, cid=9, SUCCESS, logIndex=3, commits[77feb63d-892e-4814-8dc2-ee631f7cde14:c4, 6b9e585b-666e-459d-8548-320514f1f270:c3, 00b73927-b021-47b3-a043-bc4f6e85dc3e:c3]
2019-09-08 14:53:13,811 [main] ERROR container.ContainerStateManager (ContainerStateManager.java:updateContainerState(335)) - Failed to update container state #1, reason: invalid state transition from state: CLOSING upon event: FINALIZE.
]]></system-out>
    <system-err><![CDATA[ERROR StatusLogger No Log4j 2 configuration file found. Using default configuration (logging only errors to the console), or user programmatically provided configurations. Set system property 'log4j2.debug' to show Log4j 2 internal initialization logging. See https://logging.apache.org/log4j/2.x/manual/configuration.html for instructions on how to configure Log4j 2
]]></system-err>
  </testcase>
</testsuite>