<?xml version="1.0" encoding="UTF-8"?>
<testsuite xmlns:xsi="http://www.w3.org/2001/XMLSchema-instance" xsi:noNamespaceSchemaLocation="https://maven.apache.org/surefire/maven-surefire-plugin/xsd/surefire-test-report.xsd" name="org.apache.hadoop.ozone.client.rpc.TestWatchForCommit" time="244.161" tests="5" errors="2" skipped="0" failures="0">
  <properties>
    <property name="awt.toolkit" value="sun.awt.X11.XToolkit"/>
    <property name="file.encoding.pkg" value="sun.io"/>
    <property name="java.specification.version" value="1.8"/>
    <property name="sun.cpu.isalist" value=""/>
    <property name="sun.jnu.encoding" value="UTF-8"/>
    <property name="java.class.path" value="/workdir/hadoop-ozone/integration-test/target/test-classes:/workdir/hadoop-ozone/integration-test/target/classes:/home/user/.m2/repository/org/apache/hadoop/hadoop-ozone-common/0.5.0-SNAPSHOT/hadoop-ozone-common-0.5.0-SNAPSHOT.jar:/home/user/.m2/repository/org/apache/commons/commons-compress/1.4.1/commons-compress-1.4.1.jar:/home/user/.m2/repository/org/tukaani/xz/1.0/xz-1.0.jar:/home/user/.m2/repository/org/apache/hadoop/hadoop-common/3.2.0/hadoop-common-3.2.0.jar:/home/user/.m2/repository/org/apache/hadoop/hadoop-hdfs/3.2.0/hadoop-hdfs-3.2.0.jar:/home/user/.m2/repository/org/apache/hadoop/hadoop-hdfs-client/3.2.0/hadoop-hdfs-client-3.2.0.jar:/home/user/.m2/repository/com/fasterxml/jackson/core/jackson-annotations/2.9.5/jackson-annotations-2.9.5.jar:/home/user/.m2/repository/org/apache/hadoop/hadoop-hdds-common/0.5.0-SNAPSHOT/hadoop-hdds-common-0.5.0-SNAPSHOT.jar:/home/user/.m2/repository/javax/annotation/javax.annotation-api/1.2/javax.annotation-api-1.2.jar:/home/user/.m2/repository/org/apache/ratis/ratis-server/0.4.0-2337318-SNAPSHOT/ratis-server-0.4.0-2337318-SNAPSHOT.jar:/home/user/.m2/repository/org/apache/ratis/ratis-thirdparty-misc/0.2.0/ratis-thirdparty-misc-0.2.0.jar:/home/user/.m2/repository/org/apache/ratis/ratis-proto/0.4.0-2337318-SNAPSHOT/ratis-proto-0.4.0-2337318-SNAPSHOT.jar:/home/user/.m2/repository/org/apache/ratis/ratis-common/0.4.0-2337318-SNAPSHOT/ratis-common-0.4.0-2337318-SNAPSHOT.jar:/home/user/.m2/repository/org/apache/ratis/ratis-client/0.4.0-2337318-SNAPSHOT/ratis-client-0.4.0-2337318-SNAPSHOT.jar:/home/user/.m2/repository/org/apache/ratis/ratis-metrics/0.4.0-2337318-SNAPSHOT/ratis-metrics-0.4.0-2337318-SNAPSHOT.jar:/home/user/.m2/repository/org/apache/ratis/ratis-netty/0.4.0-2337318-SNAPSHOT/ratis-netty-0.4.0-2337318-SNAPSHOT.jar:/home/user/.m2/repository/org/apache/ratis/ratis-grpc/0.4.0-2337318-SNAPSHOT/ratis-grpc-0.4.0-2337318-SNAPSHOT.jar:/home/user/.m2/repository/org/rocksdb/rocksdbjni/6.0.1/rocksdbjni-6.0.1.jar:/home/user/.m2/repository/org/apache/logging/log4j/log4j-api/2.11.0/log4j-api-2.11.0.jar:/home/user/.m2/repository/org/apache/logging/log4j/log4j-core/2.11.0/log4j-core-2.11.0.jar:/home/user/.m2/repository/com/lmax/disruptor/3.4.2/disruptor-3.4.2.jar:/home/user/.m2/repository/org/apache/commons/commons-pool2/2.6.0/commons-pool2-2.6.0.jar:/home/user/.m2/repository/org/bouncycastle/bcpkix-jdk15on/1.60/bcpkix-jdk15on-1.60.jar:/home/user/.m2/repository/commons-validator/commons-validator/1.6/commons-validator-1.6.jar:/home/user/.m2/repository/commons-digester/commons-digester/1.8.1/commons-digester-1.8.1.jar:/home/user/.m2/repository/io/jaegertracing/jaeger-client/0.33.1/jaeger-client-0.33.1.jar:/home/user/.m2/repository/io/jaegertracing/jaeger-thrift/0.33.1/jaeger-thrift-0.33.1.jar:/home/user/.m2/repository/org/apache/thrift/libthrift/0.11.0/libthrift-0.11.0.jar:/home/user/.m2/repository/com/squareup/okhttp3/okhttp/3.9.0/okhttp-3.9.0.jar:/home/user/.m2/repository/com/squareup/okio/okio/1.13.0/okio-1.13.0.jar:/home/user/.m2/repository/io/jaegertracing/jaeger-core/0.33.1/jaeger-core-0.33.1.jar:/home/user/.m2/repository/io/jaegertracing/jaeger-tracerresolver/0.33.1/jaeger-tracerresolver-0.33.1.jar:/home/user/.m2/repository/io/opentracing/contrib/opentracing-tracerresolver/0.1.5/opentracing-tracerresolver-0.1.5.jar:/home/user/.m2/repository/io/opentracing/opentracing-util/0.31.0/opentracing-util-0.31.0.jar:/home/user/.m2/repository/io/opentracing/opentracing-api/0.31.0/opentracing-api-0.31.0.jar:/home/user/.m2/repository/io/opentracing/opentracing-noop/0.31.0/opentracing-noop-0.31.0.jar:/home/user/.m2/repository/org/apache/hadoop/hadoop-hdds-server-framework/0.5.0-SNAPSHOT/hadoop-hdds-server-framework-0.5.0-SNAPSHOT.jar:/home/user/.m2/repository/org/apache/hadoop/hadoop-hdds-container-service/0.5.0-SNAPSHOT/hadoop-hdds-container-service-0.5.0-SNAPSHOT.jar:/home/user/.m2/repository/org/apache/hadoop/hadoop-hdds-client/0.5.0-SNAPSHOT/hadoop-hdds-client-0.5.0-SNAPSHOT.jar:/home/user/.m2/repository/org/apache/hadoop/hadoop-hdds-tools/0.5.0-SNAPSHOT/hadoop-hdds-tools-0.5.0-SNAPSHOT.jar:/home/user/.m2/repository/org/apache/hadoop/hadoop-hdds-server-scm/0.5.0-SNAPSHOT/hadoop-hdds-server-scm-0.5.0-SNAPSHOT.jar:/home/user/.m2/repository/org/apache/hadoop/hadoop-hdds-docs/0.5.0-SNAPSHOT/hadoop-hdds-docs-0.5.0-SNAPSHOT.jar:/home/user/.m2/repository/io/dropwizard/metrics/metrics-core/3.2.4/metrics-core-3.2.4.jar:/home/user/.m2/repository/org/hamcrest/hamcrest-all/1.3/hamcrest-all-1.3.jar:/home/user/.m2/repository/org/bouncycastle/bcprov-jdk15on/1.60/bcprov-jdk15on-1.60.jar:/home/user/.m2/repository/info/picocli/picocli/3.9.6/picocli-3.9.6.jar:/home/user/.m2/repository/com/google/protobuf/protobuf-java/2.5.0/protobuf-java-2.5.0.jar:/home/user/.m2/repository/com/google/guava/guava/11.0.2/guava-11.0.2.jar:/home/user/.m2/repository/org/apache/hadoop/hadoop-ozone-ozone-manager/0.5.0-SNAPSHOT/hadoop-ozone-ozone-manager-0.5.0-SNAPSHOT.jar:/home/user/.m2/repository/org/apache/hadoop/hadoop-minikdc/3.2.0/hadoop-minikdc-3.2.0.jar:/home/user/.m2/repository/commons-io/commons-io/2.5/commons-io-2.5.jar:/home/user/.m2/repository/org/apache/kerby/kerb-simplekdc/1.0.1/kerb-simplekdc-1.0.1.jar:/home/user/.m2/repository/org/apache/kerby/kerb-client/1.0.1/kerb-client-1.0.1.jar:/home/user/.m2/repository/org/apache/kerby/kerby-config/1.0.1/kerby-config-1.0.1.jar:/home/user/.m2/repository/org/apache/kerby/kerb-core/1.0.1/kerb-core-1.0.1.jar:/home/user/.m2/repository/org/apache/kerby/kerby-pkix/1.0.1/kerby-pkix-1.0.1.jar:/home/user/.m2/repository/org/apache/kerby/kerby-asn1/1.0.1/kerby-asn1-1.0.1.jar:/home/user/.m2/repository/org/apache/kerby/kerby-util/1.0.1/kerby-util-1.0.1.jar:/home/user/.m2/repository/org/apache/kerby/kerb-common/1.0.1/kerb-common-1.0.1.jar:/home/user/.m2/repository/org/apache/kerby/kerb-crypto/1.0.1/kerb-crypto-1.0.1.jar:/home/user/.m2/repository/org/apache/kerby/kerb-util/1.0.1/kerb-util-1.0.1.jar:/home/user/.m2/repository/org/apache/kerby/token-provider/1.0.1/token-provider-1.0.1.jar:/home/user/.m2/repository/org/apache/kerby/kerb-admin/1.0.1/kerb-admin-1.0.1.jar:/home/user/.m2/repository/org/apache/kerby/kerb-server/1.0.1/kerb-server-1.0.1.jar:/home/user/.m2/repository/org/apache/kerby/kerb-identity/1.0.1/kerb-identity-1.0.1.jar:/home/user/.m2/repository/org/apache/kerby/kerby-xdr/1.0.1/kerby-xdr-1.0.1.jar:/home/user/.m2/repository/org/slf4j/slf4j-log4j12/1.7.25/slf4j-log4j12-1.7.25.jar:/home/user/.m2/repository/org/apache/hadoop/hadoop-ozone-s3gateway/0.5.0-SNAPSHOT/hadoop-ozone-s3gateway-0.5.0-SNAPSHOT.jar:/home/user/.m2/repository/org/jboss/weld/servlet/weld-servlet/2.4.7.Final/weld-servlet-2.4.7.Final.jar:/home/user/.m2/repository/org/glassfish/jersey/containers/jersey-container-servlet-core/2.27/jersey-container-servlet-core-2.27.jar:/home/user/.m2/repository/org/glassfish/hk2/external/javax.inject/2.5.0-b42/javax.inject-2.5.0-b42.jar:/home/user/.m2/repository/org/glassfish/jersey/core/jersey-common/2.27/jersey-common-2.27.jar:/home/user/.m2/repository/org/glassfish/hk2/osgi-resource-locator/1.0.1/osgi-resource-locator-1.0.1.jar:/home/user/.m2/repository/javax/ws/rs/javax.ws.rs-api/2.1/javax.ws.rs-api-2.1.jar:/home/user/.m2/repository/org/glassfish/jersey/ext/cdi/jersey-cdi1x/2.27/jersey-cdi1x-2.27.jar:/home/user/.m2/repository/org/glassfish/jersey/inject/jersey-hk2/2.27/jersey-hk2-2.27.jar:/home/user/.m2/repository/org/glassfish/hk2/hk2-locator/2.5.0-b42/hk2-locator-2.5.0-b42.jar:/home/user/.m2/repository/org/javassist/javassist/3.22.0-CR2/javassist-3.22.0-CR2.jar:/home/user/.m2/repository/org/glassfish/hk2/hk2-api/2.5.0/hk2-api-2.5.0.jar:/home/user/.m2/repository/org/glassfish/hk2/external/jakarta.inject/2.5.0/jakarta.inject-2.5.0.jar:/home/user/.m2/repository/org/glassfish/hk2/hk2-utils/2.5.0/hk2-utils-2.5.0.jar:/home/user/.m2/repository/jakarta/annotation/jakarta.annotation-api/1.3.4/jakarta.annotation-api-1.3.4.jar:/home/user/.m2/repository/org/glassfish/hk2/external/aopalliance-repackaged/2.5.0/aopalliance-repackaged-2.5.0.jar:/home/user/.m2/repository/com/fasterxml/jackson/dataformat/jackson-dataformat-xml/2.9.0/jackson-dataformat-xml-2.9.0.jar:/home/user/.m2/repository/com/fasterxml/jackson/core/jackson-core/2.9.5/jackson-core-2.9.5.jar:/home/user/.m2/repository/com/fasterxml/jackson/module/jackson-module-jaxb-annotations/2.9.5/jackson-module-jaxb-annotations-2.9.5.jar:/home/user/.m2/repository/javax/enterprise/cdi-api/1.2/cdi-api-1.2.jar:/home/user/.m2/repository/javax/el/javax.el-api/3.0.0/javax.el-api-3.0.0.jar:/home/user/.m2/repository/javax/interceptor/javax.interceptor-api/1.2/javax.interceptor-api-1.2.jar:/home/user/.m2/repository/javax/inject/javax.inject/1/javax.inject-1.jar:/home/user/.m2/repository/com/sun/xml/bind/jaxb-impl/2.3.0.1/jaxb-impl-2.3.0.1.jar:/home/user/.m2/repository/com/sun/xml/bind/jaxb-core/2.3.0.1/jaxb-core-2.3.0.1.jar:/home/user/.m2/repository/javax/xml/bind/jaxb-api/2.3.0/jaxb-api-2.3.0.jar:/home/user/.m2/repository/javax/activation/activation/1.1.1/activation-1.1.1.jar:/home/user/.m2/repository/org/apache/hadoop/hadoop-ozone-csi/0.5.0-SNAPSHOT/hadoop-ozone-csi-0.5.0-SNAPSHOT.jar:/home/user/.m2/repository/com/google/protobuf/protobuf-java-util/3.5.1/protobuf-java-util-3.5.1.jar:/home/user/.m2/repository/org/apache/hadoop/hadoop-hdds-config/0.5.0-SNAPSHOT/hadoop-hdds-config-0.5.0-SNAPSHOT.jar:/home/user/.m2/repository/io/grpc/grpc-netty/1.17.1/grpc-netty-1.17.1.jar:/home/user/.m2/repository/io/grpc/grpc-core/1.17.1/grpc-core-1.17.1.jar:/home/user/.m2/repository/io/grpc/grpc-context/1.17.1/grpc-context-1.17.1.jar:/home/user/.m2/repository/com/google/errorprone/error_prone_annotations/2.2.0/error_prone_annotations-2.2.0.jar:/home/user/.m2/repository/org/codehaus/mojo/animal-sniffer-annotations/1.17/animal-sniffer-annotations-1.17.jar:/home/user/.m2/repository/io/opencensus/opencensus-api/0.17.0/opencensus-api-0.17.0.jar:/home/user/.m2/repository/io/opencensus/opencensus-contrib-grpc-metrics/0.17.0/opencensus-contrib-grpc-metrics-0.17.0.jar:/home/user/.m2/repository/io/netty/netty-codec-http2/4.1.30.Final/netty-codec-http2-4.1.30.Final.jar:/home/user/.m2/repository/io/netty/netty-codec-http/4.1.30.Final/netty-codec-http-4.1.30.Final.jar:/home/user/.m2/repository/io/netty/netty-codec/4.1.30.Final/netty-codec-4.1.30.Final.jar:/home/user/.m2/repository/io/netty/netty-handler/4.1.30.Final/netty-handler-4.1.30.Final.jar:/home/user/.m2/repository/io/netty/netty-handler-proxy/4.1.30.Final/netty-handler-proxy-4.1.30.Final.jar:/home/user/.m2/repository/io/netty/netty-codec-socks/4.1.30.Final/netty-codec-socks-4.1.30.Final.jar:/home/user/.m2/repository/io/netty/netty-transport-native-epoll/4.1.30.Final/netty-transport-native-epoll-4.1.30.Final.jar:/home/user/.m2/repository/io/netty/netty-common/4.1.30.Final/netty-common-4.1.30.Final.jar:/home/user/.m2/repository/io/netty/netty-buffer/4.1.30.Final/netty-buffer-4.1.30.Final.jar:/home/user/.m2/repository/io/netty/netty-transport/4.1.30.Final/netty-transport-4.1.30.Final.jar:/home/user/.m2/repository/io/netty/netty-resolver/4.1.30.Final/netty-resolver-4.1.30.Final.jar:/home/user/.m2/repository/io/netty/netty-transport-native-unix-common/4.1.30.Final/netty-transport-native-unix-common-4.1.30.Final.jar:/home/user/.m2/repository/io/grpc/grpc-protobuf/1.17.1/grpc-protobuf-1.17.1.jar:/home/user/.m2/repository/com/google/api/grpc/proto-google-common-protos/1.0.0/proto-google-common-protos-1.0.0.jar:/home/user/.m2/repository/io/grpc/grpc-protobuf-lite/1.17.1/grpc-protobuf-lite-1.17.1.jar:/home/user/.m2/repository/io/grpc/grpc-stub/1.17.1/grpc-stub-1.17.1.jar:/home/user/.m2/repository/org/apache/hadoop/hadoop-ozone-recon/0.5.0-SNAPSHOT/hadoop-ozone-recon-0.5.0-SNAPSHOT.jar:/home/user/.m2/repository/org/apache/hadoop/hadoop-ozone-reconcodegen/0.5.0-SNAPSHOT/hadoop-ozone-reconcodegen-0.5.0-SNAPSHOT.jar:/home/user/.m2/repository/com/google/inject/extensions/guice-multibindings/4.0/guice-multibindings-4.0.jar:/home/user/.m2/repository/com/google/inject/guice/4.0/guice-4.0.jar:/home/user/.m2/repository/aopalliance/aopalliance/1.0/aopalliance-1.0.jar:/home/user/.m2/repository/com/google/inject/extensions/guice-servlet/4.0/guice-servlet-4.0.jar:/home/user/.m2/repository/org/glassfish/jersey/containers/jersey-container-servlet/2.27/jersey-container-servlet-2.27.jar:/home/user/.m2/repository/org/glassfish/hk2/guice-bridge/2.5.0/guice-bridge-2.5.0.jar:/home/user/.m2/repository/org/glassfish/jersey/core/jersey-server/2.27/jersey-server-2.27.jar:/home/user/.m2/repository/org/glassfish/jersey/core/jersey-client/2.27/jersey-client-2.27.jar:/home/user/.m2/repository/org/glassfish/jersey/media/jersey-media-jaxb/2.27/jersey-media-jaxb-2.27.jar:/home/user/.m2/repository/javax/validation/validation-api/1.1.0.Final/validation-api-1.1.0.Final.jar:/home/user/.m2/repository/org/glassfish/jersey/media/jersey-media-json-jackson/2.27/jersey-media-json-jackson-2.27.jar:/home/user/.m2/repository/org/glassfish/jersey/ext/jersey-entity-filtering/2.27/jersey-entity-filtering-2.27.jar:/home/user/.m2/repository/com/google/inject/extensions/guice-assistedinject/4.0/guice-assistedinject-4.0.jar:/home/user/.m2/repository/org/jooq/jooq/3.11.10/jooq-3.11.10.jar:/home/user/.m2/repository/org/jooq/jooq-meta/3.11.10/jooq-meta-3.11.10.jar:/home/user/.m2/repository/org/jooq/jooq-codegen/3.11.10/jooq-codegen-3.11.10.jar:/home/user/.m2/repository/com/jolbox/bonecp/0.8.0.RELEASE/bonecp-0.8.0.RELEASE.jar:/home/user/.m2/repository/org/xerial/sqlite-jdbc/3.25.2/sqlite-jdbc-3.25.2.jar:/home/user/.m2/repository/org/springframework/spring-jdbc/5.1.3.RELEASE/spring-jdbc-5.1.3.RELEASE.jar:/home/user/.m2/repository/org/springframework/spring-beans/5.1.3.RELEASE/spring-beans-5.1.3.RELEASE.jar:/home/user/.m2/repository/org/springframework/spring-core/5.1.3.RELEASE/spring-core-5.1.3.RELEASE.jar:/home/user/.m2/repository/org/springframework/spring-jcl/5.1.3.RELEASE/spring-jcl-5.1.3.RELEASE.jar:/home/user/.m2/repository/org/springframework/spring-tx/5.1.3.RELEASE/spring-tx-5.1.3.RELEASE.jar:/home/user/.m2/repository/org/apache/hadoop/hadoop-ozone-client/0.5.0-SNAPSHOT/hadoop-ozone-client-0.5.0-SNAPSHOT.jar:/home/user/.m2/repository/commons-lang/commons-lang/2.6/commons-lang-2.6.jar:/home/user/.m2/repository/org/apache/hadoop/hadoop-ozone-ozone-manager/0.5.0-SNAPSHOT/hadoop-ozone-ozone-manager-0.5.0-SNAPSHOT-tests.jar:/home/user/.m2/repository/junit/junit/4.11/junit-4.11.jar:/home/user/.m2/repository/org/hamcrest/hamcrest-core/1.3/hamcrest-core-1.3.jar:/home/user/.m2/repository/org/openjdk/jmh/jmh-core/1.19/jmh-core-1.19.jar:/home/user/.m2/repository/net/sf/jopt-simple/jopt-simple/4.6/jopt-simple-4.6.jar:/home/user/.m2/repository/org/apache/commons/commons-math3/3.1.1/commons-math3-3.1.1.jar:/home/user/.m2/repository/org/openjdk/jmh/jmh-generator-annprocess/1.19/jmh-generator-annprocess-1.19.jar:/home/user/.m2/repository/org/mockito/mockito-all/1.8.5/mockito-all-1.8.5.jar:/home/user/.m2/repository/org/apache/hadoop/hadoop-kms/3.2.0/hadoop-kms-3.2.0.jar:/home/user/.m2/repository/org/apache/hadoop/hadoop-auth/3.2.0/hadoop-auth-3.2.0.jar:/home/user/.m2/repository/com/nimbusds/nimbus-jose-jwt/4.41.1/nimbus-jose-jwt-4.41.1.jar:/home/user/.m2/repository/com/github/stephenc/jcip/jcip-annotations/1.0-1/jcip-annotations-1.0-1.jar:/home/user/.m2/repository/net/minidev/json-smart/2.3/json-smart-2.3.jar:/home/user/.m2/repository/net/minidev/accessors-smart/1.2/accessors-smart-1.2.jar:/home/user/.m2/repository/org/ow2/asm/asm/5.0.4/asm-5.0.4.jar:/home/user/.m2/repository/org/apache/curator/curator-framework/2.12.0/curator-framework-2.12.0.jar:/home/user/.m2/repository/com/sun/jersey/jersey-core/1.19/jersey-core-1.19.jar:/home/user/.m2/repository/javax/ws/rs/jsr311-api/1.1.1/jsr311-api-1.1.1.jar:/home/user/.m2/repository/com/sun/jersey/jersey-server/1.19/jersey-server-1.19.jar:/home/user/.m2/repository/javax/servlet/javax.servlet-api/3.1.0/javax.servlet-api-3.1.0.jar:/home/user/.m2/repository/org/eclipse/jetty/jetty-server/9.3.24.v20180605/jetty-server-9.3.24.v20180605.jar:/home/user/.m2/repository/org/eclipse/jetty/jetty-http/9.3.24.v20180605/jetty-http-9.3.24.v20180605.jar:/home/user/.m2/repository/org/eclipse/jetty/jetty-io/9.3.24.v20180605/jetty-io-9.3.24.v20180605.jar:/home/user/.m2/repository/org/eclipse/jetty/jetty-webapp/9.3.24.v20180605/jetty-webapp-9.3.24.v20180605.jar:/home/user/.m2/repository/org/eclipse/jetty/jetty-xml/9.3.24.v20180605/jetty-xml-9.3.24.v20180605.jar:/home/user/.m2/repository/log4j/log4j/1.2.17/log4j-1.2.17.jar:/home/user/.m2/repository/org/slf4j/slf4j-api/1.7.25/slf4j-api-1.7.25.jar:/home/user/.m2/repository/org/slf4j/jul-to-slf4j/1.7.25/jul-to-slf4j-1.7.25.jar:/home/user/.m2/repository/org/eclipse/jetty/jetty-util/9.3.24.v20180605/jetty-util-9.3.24.v20180605.jar:/home/user/.m2/repository/com/fasterxml/jackson/core/jackson-databind/2.9.5/jackson-databind-2.9.5.jar:/home/user/.m2/repository/org/apache/hadoop/hadoop-kms/3.2.0/hadoop-kms-3.2.0-tests.jar:/home/user/.m2/repository/org/apache/hadoop/hadoop-hdds-server-scm/0.5.0-SNAPSHOT/hadoop-hdds-server-scm-0.5.0-SNAPSHOT-tests.jar:/home/user/.m2/repository/org/apache/hadoop/hadoop-hdds-container-service/0.5.0-SNAPSHOT/hadoop-hdds-container-service-0.5.0-SNAPSHOT-tests.jar:/home/user/.m2/repository/org/yaml/snakeyaml/1.16/snakeyaml-1.16.jar:/home/user/.m2/repository/org/apache/hadoop/hadoop-common/3.2.0/hadoop-common-3.2.0-tests.jar:/home/user/.m2/repository/org/apache/hadoop/hadoop-annotations/3.2.0/hadoop-annotations-3.2.0.jar:/usr/lib/jvm/java-1.8-openjdk/jre/../lib/tools.jar:/home/user/.m2/repository/commons-cli/commons-cli/1.2/commons-cli-1.2.jar:/home/user/.m2/repository/org/apache/httpcomponents/httpclient/4.5.2/httpclient-4.5.2.jar:/home/user/.m2/repository/org/apache/httpcomponents/httpcore/4.4.4/httpcore-4.4.4.jar:/home/user/.m2/repository/commons-codec/commons-codec/1.11/commons-codec-1.11.jar:/home/user/.m2/repository/commons-net/commons-net/3.6/commons-net-3.6.jar:/home/user/.m2/repository/commons-collections/commons-collections/3.2.2/commons-collections-3.2.2.jar:/home/user/.m2/repository/org/eclipse/jetty/jetty-servlet/9.3.24.v20180605/jetty-servlet-9.3.24.v20180605.jar:/home/user/.m2/repository/org/eclipse/jetty/jetty-security/9.3.24.v20180605/jetty-security-9.3.24.v20180605.jar:/home/user/.m2/repository/javax/servlet/jsp/jsp-api/2.1/jsp-api-2.1.jar:/home/user/.m2/repository/com/sun/jersey/jersey-servlet/1.19/jersey-servlet-1.19.jar:/home/user/.m2/repository/com/sun/jersey/jersey-json/1.19/jersey-json-1.19.jar:/home/user/.m2/repository/org/codehaus/jettison/jettison/1.1/jettison-1.1.jar:/home/user/.m2/repository/org/codehaus/jackson/jackson-core-asl/1.9.13/jackson-core-asl-1.9.13.jar:/home/user/.m2/repository/org/codehaus/jackson/jackson-mapper-asl/1.9.13/jackson-mapper-asl-1.9.13.jar:/home/user/.m2/repository/org/codehaus/jackson/jackson-jaxrs/1.9.13/jackson-jaxrs-1.9.13.jar:/home/user/.m2/repository/org/codehaus/jackson/jackson-xc/1.9.13/jackson-xc-1.9.13.jar:/home/user/.m2/repository/commons-logging/commons-logging/1.1.3/commons-logging-1.1.3.jar:/home/user/.m2/repository/commons-beanutils/commons-beanutils/1.9.3/commons-beanutils-1.9.3.jar:/home/user/.m2/repository/org/apache/commons/commons-configuration2/2.1.1/commons-configuration2-2.1.1.jar:/home/user/.m2/repository/org/apache/commons/commons-lang3/3.7/commons-lang3-3.7.jar:/home/user/.m2/repository/org/apache/commons/commons-text/1.4/commons-text-1.4.jar:/home/user/.m2/repository/org/apache/avro/avro/1.7.7/avro-1.7.7.jar:/home/user/.m2/repository/com/thoughtworks/paranamer/paranamer/2.3/paranamer-2.3.jar:/home/user/.m2/repository/org/xerial/snappy/snappy-java/1.0.5/snappy-java-1.0.5.jar:/home/user/.m2/repository/com/google/re2j/re2j/1.1/re2j-1.1.jar:/home/user/.m2/repository/com/google/code/gson/gson/2.2.4/gson-2.2.4.jar:/home/user/.m2/repository/com/jcraft/jsch/0.1.54/jsch-0.1.54.jar:/home/user/.m2/repository/org/apache/curator/curator-client/2.12.0/curator-client-2.12.0.jar:/home/user/.m2/repository/org/apache/curator/curator-recipes/2.12.0/curator-recipes-2.12.0.jar:/home/user/.m2/repository/com/google/code/findbugs/jsr305/3.0.0/jsr305-3.0.0.jar:/home/user/.m2/repository/org/apache/htrace/htrace-core4/4.1.0-incubating/htrace-core4-4.1.0-incubating.jar:/home/user/.m2/repository/org/apache/zookeeper/zookeeper/3.4.13/zookeeper-3.4.13.jar:/home/user/.m2/repository/org/apache/yetus/audience-annotations/0.5.0/audience-annotations-0.5.0.jar:/home/user/.m2/repository/org/codehaus/woodstox/stax2-api/3.1.4/stax2-api-3.1.4.jar:/home/user/.m2/repository/com/fasterxml/woodstox/woodstox-core/5.0.3/woodstox-core-5.0.3.jar:/home/user/.m2/repository/dnsjava/dnsjava/2.1.7/dnsjava-2.1.7.jar:/home/user/.m2/repository/org/apache/hadoop/hadoop-hdfs/3.2.0/hadoop-hdfs-3.2.0-tests.jar:/home/user/.m2/repository/org/eclipse/jetty/jetty-util-ajax/9.3.24.v20180605/jetty-util-ajax-9.3.24.v20180605.jar:/home/user/.m2/repository/commons-daemon/commons-daemon/1.0.13/commons-daemon-1.0.13.jar:/home/user/.m2/repository/io/netty/netty/3.10.5.Final/netty-3.10.5.Final.jar:/home/user/.m2/repository/io/netty/netty-all/4.0.52.Final/netty-all-4.0.52.Final.jar:/home/user/.m2/repository/org/fusesource/leveldbjni/leveldbjni-all/1.8/leveldbjni-all-1.8.jar:"/>
    <property name="java.vm.vendor" value="IcedTea"/>
    <property name="sun.arch.data.model" value="64"/>
    <property name="test.build.dir" value="/workdir/hadoop-ozone/integration-test/target/test-dir"/>
    <property name="test.cache.data" value=""/>
    <property name="java.vendor.url" value="https://icedtea.classpath.org"/>
    <property name="user.timezone" value=""/>
    <property name="java.vm.specification.version" value="1.8"/>
    <property name="os.name" value="Linux"/>
    <property name="test.build.data" value="/workdir/hadoop-ozone/integration-test/target/test-dir"/>
    <property name="user.country" value="US"/>
    <property name="sun.java.launcher" value="SUN_STANDARD"/>
    <property name="sun.boot.library.path" value="/usr/lib/jvm/java-1.8-openjdk/jre/lib/amd64"/>
    <property name="sun.java.command" value="/workdir/hadoop-ozone/integration-test/target/surefire/surefirebooter5848714059440393286.jar /workdir/hadoop-ozone/integration-test/target/surefire 2019-09-12T01-23-23_513-jvmRun1 surefire888585012630820376tmp surefire_198781653055882033716tmp"/>
    <property name="test" value="!TestMiniChaosOzoneCluster"/>
    <property name="surefire.test.class.path" value="/workdir/hadoop-ozone/integration-test/target/test-classes:/workdir/hadoop-ozone/integration-test/target/classes:/home/user/.m2/repository/org/apache/hadoop/hadoop-ozone-common/0.5.0-SNAPSHOT/hadoop-ozone-common-0.5.0-SNAPSHOT.jar:/home/user/.m2/repository/org/apache/commons/commons-compress/1.4.1/commons-compress-1.4.1.jar:/home/user/.m2/repository/org/tukaani/xz/1.0/xz-1.0.jar:/home/user/.m2/repository/org/apache/hadoop/hadoop-common/3.2.0/hadoop-common-3.2.0.jar:/home/user/.m2/repository/org/apache/hadoop/hadoop-hdfs/3.2.0/hadoop-hdfs-3.2.0.jar:/home/user/.m2/repository/org/apache/hadoop/hadoop-hdfs-client/3.2.0/hadoop-hdfs-client-3.2.0.jar:/home/user/.m2/repository/com/fasterxml/jackson/core/jackson-annotations/2.9.5/jackson-annotations-2.9.5.jar:/home/user/.m2/repository/org/apache/hadoop/hadoop-hdds-common/0.5.0-SNAPSHOT/hadoop-hdds-common-0.5.0-SNAPSHOT.jar:/home/user/.m2/repository/javax/annotation/javax.annotation-api/1.2/javax.annotation-api-1.2.jar:/home/user/.m2/repository/org/apache/ratis/ratis-server/0.4.0-2337318-SNAPSHOT/ratis-server-0.4.0-2337318-SNAPSHOT.jar:/home/user/.m2/repository/org/apache/ratis/ratis-thirdparty-misc/0.2.0/ratis-thirdparty-misc-0.2.0.jar:/home/user/.m2/repository/org/apache/ratis/ratis-proto/0.4.0-2337318-SNAPSHOT/ratis-proto-0.4.0-2337318-SNAPSHOT.jar:/home/user/.m2/repository/org/apache/ratis/ratis-common/0.4.0-2337318-SNAPSHOT/ratis-common-0.4.0-2337318-SNAPSHOT.jar:/home/user/.m2/repository/org/apache/ratis/ratis-client/0.4.0-2337318-SNAPSHOT/ratis-client-0.4.0-2337318-SNAPSHOT.jar:/home/user/.m2/repository/org/apache/ratis/ratis-metrics/0.4.0-2337318-SNAPSHOT/ratis-metrics-0.4.0-2337318-SNAPSHOT.jar:/home/user/.m2/repository/org/apache/ratis/ratis-netty/0.4.0-2337318-SNAPSHOT/ratis-netty-0.4.0-2337318-SNAPSHOT.jar:/home/user/.m2/repository/org/apache/ratis/ratis-grpc/0.4.0-2337318-SNAPSHOT/ratis-grpc-0.4.0-2337318-SNAPSHOT.jar:/home/user/.m2/repository/org/rocksdb/rocksdbjni/6.0.1/rocksdbjni-6.0.1.jar:/home/user/.m2/repository/org/apache/logging/log4j/log4j-api/2.11.0/log4j-api-2.11.0.jar:/home/user/.m2/repository/org/apache/logging/log4j/log4j-core/2.11.0/log4j-core-2.11.0.jar:/home/user/.m2/repository/com/lmax/disruptor/3.4.2/disruptor-3.4.2.jar:/home/user/.m2/repository/org/apache/commons/commons-pool2/2.6.0/commons-pool2-2.6.0.jar:/home/user/.m2/repository/org/bouncycastle/bcpkix-jdk15on/1.60/bcpkix-jdk15on-1.60.jar:/home/user/.m2/repository/commons-validator/commons-validator/1.6/commons-validator-1.6.jar:/home/user/.m2/repository/commons-digester/commons-digester/1.8.1/commons-digester-1.8.1.jar:/home/user/.m2/repository/io/jaegertracing/jaeger-client/0.33.1/jaeger-client-0.33.1.jar:/home/user/.m2/repository/io/jaegertracing/jaeger-thrift/0.33.1/jaeger-thrift-0.33.1.jar:/home/user/.m2/repository/org/apache/thrift/libthrift/0.11.0/libthrift-0.11.0.jar:/home/user/.m2/repository/com/squareup/okhttp3/okhttp/3.9.0/okhttp-3.9.0.jar:/home/user/.m2/repository/com/squareup/okio/okio/1.13.0/okio-1.13.0.jar:/home/user/.m2/repository/io/jaegertracing/jaeger-core/0.33.1/jaeger-core-0.33.1.jar:/home/user/.m2/repository/io/jaegertracing/jaeger-tracerresolver/0.33.1/jaeger-tracerresolver-0.33.1.jar:/home/user/.m2/repository/io/opentracing/contrib/opentracing-tracerresolver/0.1.5/opentracing-tracerresolver-0.1.5.jar:/home/user/.m2/repository/io/opentracing/opentracing-util/0.31.0/opentracing-util-0.31.0.jar:/home/user/.m2/repository/io/opentracing/opentracing-api/0.31.0/opentracing-api-0.31.0.jar:/home/user/.m2/repository/io/opentracing/opentracing-noop/0.31.0/opentracing-noop-0.31.0.jar:/home/user/.m2/repository/org/apache/hadoop/hadoop-hdds-server-framework/0.5.0-SNAPSHOT/hadoop-hdds-server-framework-0.5.0-SNAPSHOT.jar:/home/user/.m2/repository/org/apache/hadoop/hadoop-hdds-container-service/0.5.0-SNAPSHOT/hadoop-hdds-container-service-0.5.0-SNAPSHOT.jar:/home/user/.m2/repository/org/apache/hadoop/hadoop-hdds-client/0.5.0-SNAPSHOT/hadoop-hdds-client-0.5.0-SNAPSHOT.jar:/home/user/.m2/repository/org/apache/hadoop/hadoop-hdds-tools/0.5.0-SNAPSHOT/hadoop-hdds-tools-0.5.0-SNAPSHOT.jar:/home/user/.m2/repository/org/apache/hadoop/hadoop-hdds-server-scm/0.5.0-SNAPSHOT/hadoop-hdds-server-scm-0.5.0-SNAPSHOT.jar:/home/user/.m2/repository/org/apache/hadoop/hadoop-hdds-docs/0.5.0-SNAPSHOT/hadoop-hdds-docs-0.5.0-SNAPSHOT.jar:/home/user/.m2/repository/io/dropwizard/metrics/metrics-core/3.2.4/metrics-core-3.2.4.jar:/home/user/.m2/repository/org/hamcrest/hamcrest-all/1.3/hamcrest-all-1.3.jar:/home/user/.m2/repository/org/bouncycastle/bcprov-jdk15on/1.60/bcprov-jdk15on-1.60.jar:/home/user/.m2/repository/info/picocli/picocli/3.9.6/picocli-3.9.6.jar:/home/user/.m2/repository/com/google/protobuf/protobuf-java/2.5.0/protobuf-java-2.5.0.jar:/home/user/.m2/repository/com/google/guava/guava/11.0.2/guava-11.0.2.jar:/home/user/.m2/repository/org/apache/hadoop/hadoop-ozone-ozone-manager/0.5.0-SNAPSHOT/hadoop-ozone-ozone-manager-0.5.0-SNAPSHOT.jar:/home/user/.m2/repository/org/apache/hadoop/hadoop-minikdc/3.2.0/hadoop-minikdc-3.2.0.jar:/home/user/.m2/repository/commons-io/commons-io/2.5/commons-io-2.5.jar:/home/user/.m2/repository/org/apache/kerby/kerb-simplekdc/1.0.1/kerb-simplekdc-1.0.1.jar:/home/user/.m2/repository/org/apache/kerby/kerb-client/1.0.1/kerb-client-1.0.1.jar:/home/user/.m2/repository/org/apache/kerby/kerby-config/1.0.1/kerby-config-1.0.1.jar:/home/user/.m2/repository/org/apache/kerby/kerb-core/1.0.1/kerb-core-1.0.1.jar:/home/user/.m2/repository/org/apache/kerby/kerby-pkix/1.0.1/kerby-pkix-1.0.1.jar:/home/user/.m2/repository/org/apache/kerby/kerby-asn1/1.0.1/kerby-asn1-1.0.1.jar:/home/user/.m2/repository/org/apache/kerby/kerby-util/1.0.1/kerby-util-1.0.1.jar:/home/user/.m2/repository/org/apache/kerby/kerb-common/1.0.1/kerb-common-1.0.1.jar:/home/user/.m2/repository/org/apache/kerby/kerb-crypto/1.0.1/kerb-crypto-1.0.1.jar:/home/user/.m2/repository/org/apache/kerby/kerb-util/1.0.1/kerb-util-1.0.1.jar:/home/user/.m2/repository/org/apache/kerby/token-provider/1.0.1/token-provider-1.0.1.jar:/home/user/.m2/repository/org/apache/kerby/kerb-admin/1.0.1/kerb-admin-1.0.1.jar:/home/user/.m2/repository/org/apache/kerby/kerb-server/1.0.1/kerb-server-1.0.1.jar:/home/user/.m2/repository/org/apache/kerby/kerb-identity/1.0.1/kerb-identity-1.0.1.jar:/home/user/.m2/repository/org/apache/kerby/kerby-xdr/1.0.1/kerby-xdr-1.0.1.jar:/home/user/.m2/repository/org/slf4j/slf4j-log4j12/1.7.25/slf4j-log4j12-1.7.25.jar:/home/user/.m2/repository/org/apache/hadoop/hadoop-ozone-s3gateway/0.5.0-SNAPSHOT/hadoop-ozone-s3gateway-0.5.0-SNAPSHOT.jar:/home/user/.m2/repository/org/jboss/weld/servlet/weld-servlet/2.4.7.Final/weld-servlet-2.4.7.Final.jar:/home/user/.m2/repository/org/glassfish/jersey/containers/jersey-container-servlet-core/2.27/jersey-container-servlet-core-2.27.jar:/home/user/.m2/repository/org/glassfish/hk2/external/javax.inject/2.5.0-b42/javax.inject-2.5.0-b42.jar:/home/user/.m2/repository/org/glassfish/jersey/core/jersey-common/2.27/jersey-common-2.27.jar:/home/user/.m2/repository/org/glassfish/hk2/osgi-resource-locator/1.0.1/osgi-resource-locator-1.0.1.jar:/home/user/.m2/repository/javax/ws/rs/javax.ws.rs-api/2.1/javax.ws.rs-api-2.1.jar:/home/user/.m2/repository/org/glassfish/jersey/ext/cdi/jersey-cdi1x/2.27/jersey-cdi1x-2.27.jar:/home/user/.m2/repository/org/glassfish/jersey/inject/jersey-hk2/2.27/jersey-hk2-2.27.jar:/home/user/.m2/repository/org/glassfish/hk2/hk2-locator/2.5.0-b42/hk2-locator-2.5.0-b42.jar:/home/user/.m2/repository/org/javassist/javassist/3.22.0-CR2/javassist-3.22.0-CR2.jar:/home/user/.m2/repository/org/glassfish/hk2/hk2-api/2.5.0/hk2-api-2.5.0.jar:/home/user/.m2/repository/org/glassfish/hk2/external/jakarta.inject/2.5.0/jakarta.inject-2.5.0.jar:/home/user/.m2/repository/org/glassfish/hk2/hk2-utils/2.5.0/hk2-utils-2.5.0.jar:/home/user/.m2/repository/jakarta/annotation/jakarta.annotation-api/1.3.4/jakarta.annotation-api-1.3.4.jar:/home/user/.m2/repository/org/glassfish/hk2/external/aopalliance-repackaged/2.5.0/aopalliance-repackaged-2.5.0.jar:/home/user/.m2/repository/com/fasterxml/jackson/dataformat/jackson-dataformat-xml/2.9.0/jackson-dataformat-xml-2.9.0.jar:/home/user/.m2/repository/com/fasterxml/jackson/core/jackson-core/2.9.5/jackson-core-2.9.5.jar:/home/user/.m2/repository/com/fasterxml/jackson/module/jackson-module-jaxb-annotations/2.9.5/jackson-module-jaxb-annotations-2.9.5.jar:/home/user/.m2/repository/javax/enterprise/cdi-api/1.2/cdi-api-1.2.jar:/home/user/.m2/repository/javax/el/javax.el-api/3.0.0/javax.el-api-3.0.0.jar:/home/user/.m2/repository/javax/interceptor/javax.interceptor-api/1.2/javax.interceptor-api-1.2.jar:/home/user/.m2/repository/javax/inject/javax.inject/1/javax.inject-1.jar:/home/user/.m2/repository/com/sun/xml/bind/jaxb-impl/2.3.0.1/jaxb-impl-2.3.0.1.jar:/home/user/.m2/repository/com/sun/xml/bind/jaxb-core/2.3.0.1/jaxb-core-2.3.0.1.jar:/home/user/.m2/repository/javax/xml/bind/jaxb-api/2.3.0/jaxb-api-2.3.0.jar:/home/user/.m2/repository/javax/activation/activation/1.1.1/activation-1.1.1.jar:/home/user/.m2/repository/org/apache/hadoop/hadoop-ozone-csi/0.5.0-SNAPSHOT/hadoop-ozone-csi-0.5.0-SNAPSHOT.jar:/home/user/.m2/repository/com/google/protobuf/protobuf-java-util/3.5.1/protobuf-java-util-3.5.1.jar:/home/user/.m2/repository/org/apache/hadoop/hadoop-hdds-config/0.5.0-SNAPSHOT/hadoop-hdds-config-0.5.0-SNAPSHOT.jar:/home/user/.m2/repository/io/grpc/grpc-netty/1.17.1/grpc-netty-1.17.1.jar:/home/user/.m2/repository/io/grpc/grpc-core/1.17.1/grpc-core-1.17.1.jar:/home/user/.m2/repository/io/grpc/grpc-context/1.17.1/grpc-context-1.17.1.jar:/home/user/.m2/repository/com/google/errorprone/error_prone_annotations/2.2.0/error_prone_annotations-2.2.0.jar:/home/user/.m2/repository/org/codehaus/mojo/animal-sniffer-annotations/1.17/animal-sniffer-annotations-1.17.jar:/home/user/.m2/repository/io/opencensus/opencensus-api/0.17.0/opencensus-api-0.17.0.jar:/home/user/.m2/repository/io/opencensus/opencensus-contrib-grpc-metrics/0.17.0/opencensus-contrib-grpc-metrics-0.17.0.jar:/home/user/.m2/repository/io/netty/netty-codec-http2/4.1.30.Final/netty-codec-http2-4.1.30.Final.jar:/home/user/.m2/repository/io/netty/netty-codec-http/4.1.30.Final/netty-codec-http-4.1.30.Final.jar:/home/user/.m2/repository/io/netty/netty-codec/4.1.30.Final/netty-codec-4.1.30.Final.jar:/home/user/.m2/repository/io/netty/netty-handler/4.1.30.Final/netty-handler-4.1.30.Final.jar:/home/user/.m2/repository/io/netty/netty-handler-proxy/4.1.30.Final/netty-handler-proxy-4.1.30.Final.jar:/home/user/.m2/repository/io/netty/netty-codec-socks/4.1.30.Final/netty-codec-socks-4.1.30.Final.jar:/home/user/.m2/repository/io/netty/netty-transport-native-epoll/4.1.30.Final/netty-transport-native-epoll-4.1.30.Final.jar:/home/user/.m2/repository/io/netty/netty-common/4.1.30.Final/netty-common-4.1.30.Final.jar:/home/user/.m2/repository/io/netty/netty-buffer/4.1.30.Final/netty-buffer-4.1.30.Final.jar:/home/user/.m2/repository/io/netty/netty-transport/4.1.30.Final/netty-transport-4.1.30.Final.jar:/home/user/.m2/repository/io/netty/netty-resolver/4.1.30.Final/netty-resolver-4.1.30.Final.jar:/home/user/.m2/repository/io/netty/netty-transport-native-unix-common/4.1.30.Final/netty-transport-native-unix-common-4.1.30.Final.jar:/home/user/.m2/repository/io/grpc/grpc-protobuf/1.17.1/grpc-protobuf-1.17.1.jar:/home/user/.m2/repository/com/google/api/grpc/proto-google-common-protos/1.0.0/proto-google-common-protos-1.0.0.jar:/home/user/.m2/repository/io/grpc/grpc-protobuf-lite/1.17.1/grpc-protobuf-lite-1.17.1.jar:/home/user/.m2/repository/io/grpc/grpc-stub/1.17.1/grpc-stub-1.17.1.jar:/home/user/.m2/repository/org/apache/hadoop/hadoop-ozone-recon/0.5.0-SNAPSHOT/hadoop-ozone-recon-0.5.0-SNAPSHOT.jar:/home/user/.m2/repository/org/apache/hadoop/hadoop-ozone-reconcodegen/0.5.0-SNAPSHOT/hadoop-ozone-reconcodegen-0.5.0-SNAPSHOT.jar:/home/user/.m2/repository/com/google/inject/extensions/guice-multibindings/4.0/guice-multibindings-4.0.jar:/home/user/.m2/repository/com/google/inject/guice/4.0/guice-4.0.jar:/home/user/.m2/repository/aopalliance/aopalliance/1.0/aopalliance-1.0.jar:/home/user/.m2/repository/com/google/inject/extensions/guice-servlet/4.0/guice-servlet-4.0.jar:/home/user/.m2/repository/org/glassfish/jersey/containers/jersey-container-servlet/2.27/jersey-container-servlet-2.27.jar:/home/user/.m2/repository/org/glassfish/hk2/guice-bridge/2.5.0/guice-bridge-2.5.0.jar:/home/user/.m2/repository/org/glassfish/jersey/core/jersey-server/2.27/jersey-server-2.27.jar:/home/user/.m2/repository/org/glassfish/jersey/core/jersey-client/2.27/jersey-client-2.27.jar:/home/user/.m2/repository/org/glassfish/jersey/media/jersey-media-jaxb/2.27/jersey-media-jaxb-2.27.jar:/home/user/.m2/repository/javax/validation/validation-api/1.1.0.Final/validation-api-1.1.0.Final.jar:/home/user/.m2/repository/org/glassfish/jersey/media/jersey-media-json-jackson/2.27/jersey-media-json-jackson-2.27.jar:/home/user/.m2/repository/org/glassfish/jersey/ext/jersey-entity-filtering/2.27/jersey-entity-filtering-2.27.jar:/home/user/.m2/repository/com/google/inject/extensions/guice-assistedinject/4.0/guice-assistedinject-4.0.jar:/home/user/.m2/repository/org/jooq/jooq/3.11.10/jooq-3.11.10.jar:/home/user/.m2/repository/org/jooq/jooq-meta/3.11.10/jooq-meta-3.11.10.jar:/home/user/.m2/repository/org/jooq/jooq-codegen/3.11.10/jooq-codegen-3.11.10.jar:/home/user/.m2/repository/com/jolbox/bonecp/0.8.0.RELEASE/bonecp-0.8.0.RELEASE.jar:/home/user/.m2/repository/org/xerial/sqlite-jdbc/3.25.2/sqlite-jdbc-3.25.2.jar:/home/user/.m2/repository/org/springframework/spring-jdbc/5.1.3.RELEASE/spring-jdbc-5.1.3.RELEASE.jar:/home/user/.m2/repository/org/springframework/spring-beans/5.1.3.RELEASE/spring-beans-5.1.3.RELEASE.jar:/home/user/.m2/repository/org/springframework/spring-core/5.1.3.RELEASE/spring-core-5.1.3.RELEASE.jar:/home/user/.m2/repository/org/springframework/spring-jcl/5.1.3.RELEASE/spring-jcl-5.1.3.RELEASE.jar:/home/user/.m2/repository/org/springframework/spring-tx/5.1.3.RELEASE/spring-tx-5.1.3.RELEASE.jar:/home/user/.m2/repository/org/apache/hadoop/hadoop-ozone-client/0.5.0-SNAPSHOT/hadoop-ozone-client-0.5.0-SNAPSHOT.jar:/home/user/.m2/repository/commons-lang/commons-lang/2.6/commons-lang-2.6.jar:/home/user/.m2/repository/org/apache/hadoop/hadoop-ozone-ozone-manager/0.5.0-SNAPSHOT/hadoop-ozone-ozone-manager-0.5.0-SNAPSHOT-tests.jar:/home/user/.m2/repository/junit/junit/4.11/junit-4.11.jar:/home/user/.m2/repository/org/hamcrest/hamcrest-core/1.3/hamcrest-core-1.3.jar:/home/user/.m2/repository/org/openjdk/jmh/jmh-core/1.19/jmh-core-1.19.jar:/home/user/.m2/repository/net/sf/jopt-simple/jopt-simple/4.6/jopt-simple-4.6.jar:/home/user/.m2/repository/org/apache/commons/commons-math3/3.1.1/commons-math3-3.1.1.jar:/home/user/.m2/repository/org/openjdk/jmh/jmh-generator-annprocess/1.19/jmh-generator-annprocess-1.19.jar:/home/user/.m2/repository/org/mockito/mockito-all/1.8.5/mockito-all-1.8.5.jar:/home/user/.m2/repository/org/apache/hadoop/hadoop-kms/3.2.0/hadoop-kms-3.2.0.jar:/home/user/.m2/repository/org/apache/hadoop/hadoop-auth/3.2.0/hadoop-auth-3.2.0.jar:/home/user/.m2/repository/com/nimbusds/nimbus-jose-jwt/4.41.1/nimbus-jose-jwt-4.41.1.jar:/home/user/.m2/repository/com/github/stephenc/jcip/jcip-annotations/1.0-1/jcip-annotations-1.0-1.jar:/home/user/.m2/repository/net/minidev/json-smart/2.3/json-smart-2.3.jar:/home/user/.m2/repository/net/minidev/accessors-smart/1.2/accessors-smart-1.2.jar:/home/user/.m2/repository/org/ow2/asm/asm/5.0.4/asm-5.0.4.jar:/home/user/.m2/repository/org/apache/curator/curator-framework/2.12.0/curator-framework-2.12.0.jar:/home/user/.m2/repository/com/sun/jersey/jersey-core/1.19/jersey-core-1.19.jar:/home/user/.m2/repository/javax/ws/rs/jsr311-api/1.1.1/jsr311-api-1.1.1.jar:/home/user/.m2/repository/com/sun/jersey/jersey-server/1.19/jersey-server-1.19.jar:/home/user/.m2/repository/javax/servlet/javax.servlet-api/3.1.0/javax.servlet-api-3.1.0.jar:/home/user/.m2/repository/org/eclipse/jetty/jetty-server/9.3.24.v20180605/jetty-server-9.3.24.v20180605.jar:/home/user/.m2/repository/org/eclipse/jetty/jetty-http/9.3.24.v20180605/jetty-http-9.3.24.v20180605.jar:/home/user/.m2/repository/org/eclipse/jetty/jetty-io/9.3.24.v20180605/jetty-io-9.3.24.v20180605.jar:/home/user/.m2/repository/org/eclipse/jetty/jetty-webapp/9.3.24.v20180605/jetty-webapp-9.3.24.v20180605.jar:/home/user/.m2/repository/org/eclipse/jetty/jetty-xml/9.3.24.v20180605/jetty-xml-9.3.24.v20180605.jar:/home/user/.m2/repository/log4j/log4j/1.2.17/log4j-1.2.17.jar:/home/user/.m2/repository/org/slf4j/slf4j-api/1.7.25/slf4j-api-1.7.25.jar:/home/user/.m2/repository/org/slf4j/jul-to-slf4j/1.7.25/jul-to-slf4j-1.7.25.jar:/home/user/.m2/repository/org/eclipse/jetty/jetty-util/9.3.24.v20180605/jetty-util-9.3.24.v20180605.jar:/home/user/.m2/repository/com/fasterxml/jackson/core/jackson-databind/2.9.5/jackson-databind-2.9.5.jar:/home/user/.m2/repository/org/apache/hadoop/hadoop-kms/3.2.0/hadoop-kms-3.2.0-tests.jar:/home/user/.m2/repository/org/apache/hadoop/hadoop-hdds-server-scm/0.5.0-SNAPSHOT/hadoop-hdds-server-scm-0.5.0-SNAPSHOT-tests.jar:/home/user/.m2/repository/org/apache/hadoop/hadoop-hdds-container-service/0.5.0-SNAPSHOT/hadoop-hdds-container-service-0.5.0-SNAPSHOT-tests.jar:/home/user/.m2/repository/org/yaml/snakeyaml/1.16/snakeyaml-1.16.jar:/home/user/.m2/repository/org/apache/hadoop/hadoop-common/3.2.0/hadoop-common-3.2.0-tests.jar:/home/user/.m2/repository/org/apache/hadoop/hadoop-annotations/3.2.0/hadoop-annotations-3.2.0.jar:/usr/lib/jvm/java-1.8-openjdk/jre/../lib/tools.jar:/home/user/.m2/repository/commons-cli/commons-cli/1.2/commons-cli-1.2.jar:/home/user/.m2/repository/org/apache/httpcomponents/httpclient/4.5.2/httpclient-4.5.2.jar:/home/user/.m2/repository/org/apache/httpcomponents/httpcore/4.4.4/httpcore-4.4.4.jar:/home/user/.m2/repository/commons-codec/commons-codec/1.11/commons-codec-1.11.jar:/home/user/.m2/repository/commons-net/commons-net/3.6/commons-net-3.6.jar:/home/user/.m2/repository/commons-collections/commons-collections/3.2.2/commons-collections-3.2.2.jar:/home/user/.m2/repository/org/eclipse/jetty/jetty-servlet/9.3.24.v20180605/jetty-servlet-9.3.24.v20180605.jar:/home/user/.m2/repository/org/eclipse/jetty/jetty-security/9.3.24.v20180605/jetty-security-9.3.24.v20180605.jar:/home/user/.m2/repository/javax/servlet/jsp/jsp-api/2.1/jsp-api-2.1.jar:/home/user/.m2/repository/com/sun/jersey/jersey-servlet/1.19/jersey-servlet-1.19.jar:/home/user/.m2/repository/com/sun/jersey/jersey-json/1.19/jersey-json-1.19.jar:/home/user/.m2/repository/org/codehaus/jettison/jettison/1.1/jettison-1.1.jar:/home/user/.m2/repository/org/codehaus/jackson/jackson-core-asl/1.9.13/jackson-core-asl-1.9.13.jar:/home/user/.m2/repository/org/codehaus/jackson/jackson-mapper-asl/1.9.13/jackson-mapper-asl-1.9.13.jar:/home/user/.m2/repository/org/codehaus/jackson/jackson-jaxrs/1.9.13/jackson-jaxrs-1.9.13.jar:/home/user/.m2/repository/org/codehaus/jackson/jackson-xc/1.9.13/jackson-xc-1.9.13.jar:/home/user/.m2/repository/commons-logging/commons-logging/1.1.3/commons-logging-1.1.3.jar:/home/user/.m2/repository/commons-beanutils/commons-beanutils/1.9.3/commons-beanutils-1.9.3.jar:/home/user/.m2/repository/org/apache/commons/commons-configuration2/2.1.1/commons-configuration2-2.1.1.jar:/home/user/.m2/repository/org/apache/commons/commons-lang3/3.7/commons-lang3-3.7.jar:/home/user/.m2/repository/org/apache/commons/commons-text/1.4/commons-text-1.4.jar:/home/user/.m2/repository/org/apache/avro/avro/1.7.7/avro-1.7.7.jar:/home/user/.m2/repository/com/thoughtworks/paranamer/paranamer/2.3/paranamer-2.3.jar:/home/user/.m2/repository/org/xerial/snappy/snappy-java/1.0.5/snappy-java-1.0.5.jar:/home/user/.m2/repository/com/google/re2j/re2j/1.1/re2j-1.1.jar:/home/user/.m2/repository/com/google/code/gson/gson/2.2.4/gson-2.2.4.jar:/home/user/.m2/repository/com/jcraft/jsch/0.1.54/jsch-0.1.54.jar:/home/user/.m2/repository/org/apache/curator/curator-client/2.12.0/curator-client-2.12.0.jar:/home/user/.m2/repository/org/apache/curator/curator-recipes/2.12.0/curator-recipes-2.12.0.jar:/home/user/.m2/repository/com/google/code/findbugs/jsr305/3.0.0/jsr305-3.0.0.jar:/home/user/.m2/repository/org/apache/htrace/htrace-core4/4.1.0-incubating/htrace-core4-4.1.0-incubating.jar:/home/user/.m2/repository/org/apache/zookeeper/zookeeper/3.4.13/zookeeper-3.4.13.jar:/home/user/.m2/repository/org/apache/yetus/audience-annotations/0.5.0/audience-annotations-0.5.0.jar:/home/user/.m2/repository/org/codehaus/woodstox/stax2-api/3.1.4/stax2-api-3.1.4.jar:/home/user/.m2/repository/com/fasterxml/woodstox/woodstox-core/5.0.3/woodstox-core-5.0.3.jar:/home/user/.m2/repository/dnsjava/dnsjava/2.1.7/dnsjava-2.1.7.jar:/home/user/.m2/repository/org/apache/hadoop/hadoop-hdfs/3.2.0/hadoop-hdfs-3.2.0-tests.jar:/home/user/.m2/repository/org/eclipse/jetty/jetty-util-ajax/9.3.24.v20180605/jetty-util-ajax-9.3.24.v20180605.jar:/home/user/.m2/repository/commons-daemon/commons-daemon/1.0.13/commons-daemon-1.0.13.jar:/home/user/.m2/repository/io/netty/netty/3.10.5.Final/netty-3.10.5.Final.jar:/home/user/.m2/repository/io/netty/netty-all/4.0.52.Final/netty-all-4.0.52.Final.jar:/home/user/.m2/repository/org/fusesource/leveldbjni/leveldbjni-all/1.8/leveldbjni-all-1.8.jar:"/>
    <property name="sun.cpu.endian" value="little"/>
    <property name="user.home" value="/home/user"/>
    <property name="user.language" value="en"/>
    <property name="java.specification.vendor" value="Oracle Corporation"/>
    <property name="java.home" value="/usr/lib/jvm/java-1.8-openjdk/jre"/>
    <property name="java.security.krb5.conf" value="/workdir/hadoop-ozone/integration-test/target/test-classes/krb5.conf"/>
    <property name="basedir" value="/workdir/hadoop-ozone/integration-test"/>
    <property name="file.separator" value="/"/>
    <property name="line.separator" value="&#10;"/>
    <property name="java.vm.specification.vendor" value="Oracle Corporation"/>
    <property name="java.specification.name" value="Java Platform API Specification"/>
    <property name="java.awt.graphicsenv" value="sun.awt.X11GraphicsEnvironment"/>
    <property name="surefire.real.class.path" value="/workdir/hadoop-ozone/integration-test/target/surefire/surefirebooter5848714059440393286.jar"/>
    <property name="hadoop.log.dir" value="/workdir/hadoop-ozone/integration-test/target/log"/>
    <property name="sun.boot.class.path" value="/usr/lib/jvm/java-1.8-openjdk/jre/lib/resources.jar:/usr/lib/jvm/java-1.8-openjdk/jre/lib/rt.jar:/usr/lib/jvm/java-1.8-openjdk/jre/lib/sunrsasign.jar:/usr/lib/jvm/java-1.8-openjdk/jre/lib/jsse.jar:/usr/lib/jvm/java-1.8-openjdk/jre/lib/jce.jar:/usr/lib/jvm/java-1.8-openjdk/jre/lib/charsets.jar:/usr/lib/jvm/java-1.8-openjdk/jre/lib/jfr.jar:/usr/lib/jvm/java-1.8-openjdk/jre/classes"/>
    <property name="sun.management.compiler" value="HotSpot 64-Bit Tiered Compilers"/>
    <property name="java.runtime.version" value="1.8.0_212-b04"/>
    <property name="java.net.preferIPv4Stack" value="true"/>
    <property name="user.name" value="jenkins1000"/>
    <property name="path.separator" value=":"/>
    <property name="java.security.egd" value="file:///dev/urandom"/>
    <property name="os.version" value="3.10.0-957.12.2.el7.x86_64"/>
    <property name="java.endorsed.dirs" value="/usr/lib/jvm/java-1.8-openjdk/jre/lib/endorsed"/>
    <property name="java.runtime.name" value="OpenJDK Runtime Environment"/>
    <property name="file.encoding" value="UTF-8"/>
    <property name="java.vm.name" value="OpenJDK 64-Bit Server VM"/>
    <property name="test.build.webapps" value=""/>
    <property name="localRepository" value="/home/user/.m2/repository"/>
    <property name="java.vendor.url.bug" value="https://icedtea.classpath.org/bugzilla"/>
    <property name="java.io.tmpdir" value="/tmp"/>
    <property name="require.test.libhadoop" value=""/>
    <property name="java.version" value="1.8.0_212"/>
    <property name="user.dir" value="/workdir/hadoop-ozone/integration-test"/>
    <property name="os.arch" value="amd64"/>
    <property name="java.vm.specification.name" value="Java Virtual Machine Specification"/>
    <property name="test.build.classes" value="/workdir/hadoop-ozone/integration-test/target/test-classes"/>
    <property name="java.awt.printerjob" value="sun.print.PSPrinterJob"/>
    <property name="sun.os.patch.level" value="unknown"/>
    <property name="hadoop.tmp.dir" value="/workdir/hadoop-ozone/integration-test/target/tmp"/>
    <property name="java.library.path" value="/usr/lib/jvm/java-1.8-openjdk/jre/lib/amd64/server:/usr/lib/jvm/java-1.8-openjdk/jre/lib/amd64:/usr/lib/jvm/java-1.8-openjdk/jre/../lib/amd64:/workdir/hadoop-ozone/integration-test/target/native/target/usr/local/lib:/workdir/hadoop-ozone/integration-test/../../hadoop-common-project/hadoop-common/target/native/target/usr/local/lib:/usr/java/packages/lib/amd64:/usr/lib64:/lib64:/lib:/usr/lib"/>
    <property name="java.vm.info" value="mixed mode"/>
    <property name="java.vendor" value="IcedTea"/>
    <property name="java.vm.version" value="25.212-b04"/>
    <property name="java.ext.dirs" value="/usr/lib/jvm/java-1.8-openjdk/jre/lib/ext:/usr/java/packages/lib/ext"/>
    <property name="sun.io.unicode.encoding" value="UnicodeLittle"/>
    <property name="java.class.version" value="52.0"/>
  </properties>
  <testcase name="testWatchForCommitWithKeyWrite" classname="org.apache.hadoop.ozone.client.rpc.TestWatchForCommit" time="85.072"/>
  <testcase name="testWatchForCommitWithSmallerTimeoutValue" classname="org.apache.hadoop.ozone.client.rpc.TestWatchForCommit" time="45.151"/>
  <testcase name="testWatchForCommitForRetryfailure" classname="org.apache.hadoop.ozone.client.rpc.TestWatchForCommit" time="59.422"/>
  <testcase name="testWatchForCommitForGroupMismatchException" classname="org.apache.hadoop.ozone.client.rpc.TestWatchForCommit" time="26.07">
    <error message="org.apache.ratis.protocol.RaftRetryFailureException: Failed RaftClientRequest:client-C03FF4698402-&gt;35dde83a-dc1b-4dac-8609-3afeb2183593@group-90CF44FA079A, cid=82, seq=1*, RW, org.apache.hadoop.hdds.scm.XceiverClientRatis$$Lambda$442/1492801385@31a5a103 for 20 attempts with RetryLimited(maxAttempts=20, sleepTime=1000ms)" type="java.util.concurrent.ExecutionException">java.util.concurrent.ExecutionException: org.apache.ratis.protocol.RaftRetryFailureException: Failed RaftClientRequest:client-C03FF4698402->35dde83a-dc1b-4dac-8609-3afeb2183593@group-90CF44FA079A, cid=82, seq=1*, RW, org.apache.hadoop.hdds.scm.XceiverClientRatis$$Lambda$442/1492801385@31a5a103 for 20 attempts with RetryLimited(maxAttempts=20, sleepTime=1000ms)
	at java.util.concurrent.CompletableFuture.reportGet(CompletableFuture.java:357)
	at java.util.concurrent.CompletableFuture.get(CompletableFuture.java:1895)
	at org.apache.hadoop.ozone.client.rpc.TestWatchForCommit.testWatchForCommitForGroupMismatchException(TestWatchForCommit.java:432)
	at sun.reflect.NativeMethodAccessorImpl.invoke0(Native Method)
	at sun.reflect.NativeMethodAccessorImpl.invoke(NativeMethodAccessorImpl.java:62)
	at sun.reflect.DelegatingMethodAccessorImpl.invoke(DelegatingMethodAccessorImpl.java:43)
	at java.lang.reflect.Method.invoke(Method.java:498)
	at org.junit.runners.model.FrameworkMethod$1.runReflectiveCall(FrameworkMethod.java:47)
	at org.junit.internal.runners.model.ReflectiveCallable.run(ReflectiveCallable.java:12)
	at org.junit.runners.model.FrameworkMethod.invokeExplosively(FrameworkMethod.java:44)
	at org.junit.internal.runners.statements.InvokeMethod.evaluate(InvokeMethod.java:17)
	at org.junit.runners.ParentRunner.runLeaf(ParentRunner.java:271)
	at org.junit.runners.BlockJUnit4ClassRunner.runChild(BlockJUnit4ClassRunner.java:70)
	at org.junit.runners.BlockJUnit4ClassRunner.runChild(BlockJUnit4ClassRunner.java:50)
	at org.junit.runners.ParentRunner$3.run(ParentRunner.java:238)
	at org.junit.runners.ParentRunner$1.schedule(ParentRunner.java:63)
	at org.junit.runners.ParentRunner.runChildren(ParentRunner.java:236)
	at org.junit.runners.ParentRunner.access$000(ParentRunner.java:53)
	at org.junit.runners.ParentRunner$2.evaluate(ParentRunner.java:229)
	at org.junit.runners.ParentRunner.run(ParentRunner.java:309)
	at org.apache.maven.surefire.junit4.JUnit4Provider.execute(JUnit4Provider.java:365)
	at org.apache.maven.surefire.junit4.JUnit4Provider.executeWithRerun(JUnit4Provider.java:273)
	at org.apache.maven.surefire.junit4.JUnit4Provider.executeTestSet(JUnit4Provider.java:238)
	at org.apache.maven.surefire.junit4.JUnit4Provider.invoke(JUnit4Provider.java:159)
	at org.apache.maven.surefire.booter.ForkedBooter.invokeProviderInSameClassLoader(ForkedBooter.java:384)
	at org.apache.maven.surefire.booter.ForkedBooter.runSuitesInProcess(ForkedBooter.java:345)
	at org.apache.maven.surefire.booter.ForkedBooter.execute(ForkedBooter.java:126)
	at org.apache.maven.surefire.booter.ForkedBooter.main(ForkedBooter.java:418)
Caused by: org.apache.ratis.protocol.RaftRetryFailureException: Failed RaftClientRequest:client-C03FF4698402->35dde83a-dc1b-4dac-8609-3afeb2183593@group-90CF44FA079A, cid=82, seq=1*, RW, org.apache.hadoop.hdds.scm.XceiverClientRatis$$Lambda$442/1492801385@31a5a103 for 20 attempts with RetryLimited(maxAttempts=20, sleepTime=1000ms)
	at org.apache.ratis.client.impl.RaftClientImpl.noMoreRetries(RaftClientImpl.java:272)
	at org.apache.ratis.client.impl.OrderedAsync.handleAsyncRetryFailure(OrderedAsync.java:138)
	at org.apache.ratis.client.impl.OrderedAsync.lambda$sendRequest$10(OrderedAsync.java:230)
	at java.util.concurrent.CompletableFuture.uniExceptionally(CompletableFuture.java:870)
	at java.util.concurrent.CompletableFuture$UniExceptionally.tryFire(CompletableFuture.java:852)
	at java.util.concurrent.CompletableFuture.postComplete(CompletableFuture.java:474)
	at java.util.concurrent.CompletableFuture.completeExceptionally(CompletableFuture.java:1977)
	at org.apache.ratis.grpc.client.GrpcClientProtocolClient$AsyncStreamObservers.completeReplyExceptionally(GrpcClientProtocolClient.java:330)
	at org.apache.ratis.grpc.client.GrpcClientProtocolClient$AsyncStreamObservers.access$000(GrpcClientProtocolClient.java:246)
	at org.apache.ratis.grpc.client.GrpcClientProtocolClient$AsyncStreamObservers$1.onNext(GrpcClientProtocolClient.java:258)
	at org.apache.ratis.grpc.client.GrpcClientProtocolClient$AsyncStreamObservers$1.onNext(GrpcClientProtocolClient.java:249)
	at org.apache.ratis.thirdparty.io.grpc.stub.ClientCalls$StreamObserverToCallListenerAdapter.onMessage(ClientCalls.java:421)
	at org.apache.ratis.thirdparty.io.grpc.ForwardingClientCallListener.onMessage(ForwardingClientCallListener.java:33)
	at org.apache.ratis.thirdparty.io.grpc.ForwardingClientCallListener.onMessage(ForwardingClientCallListener.java:33)
	at org.apache.ratis.thirdparty.io.grpc.internal.ClientCallImpl$ClientStreamListenerImpl$1MessagesAvailable.runInContext(ClientCallImpl.java:519)
	at org.apache.ratis.thirdparty.io.grpc.internal.ContextRunnable.run(ContextRunnable.java:37)
	at org.apache.ratis.thirdparty.io.grpc.internal.SerializingExecutor.run(SerializingExecutor.java:123)
	at java.util.concurrent.ThreadPoolExecutor.runWorker(ThreadPoolExecutor.java:1149)
	at java.util.concurrent.ThreadPoolExecutor$Worker.run(ThreadPoolExecutor.java:624)
	at java.lang.Thread.run(Thread.java:748)
Caused by: org.apache.ratis.protocol.NotLeaderException: Server 35dde83a-dc1b-4dac-8609-3afeb2183593 is not the leader (null). Request must be sent to leader.
	at org.apache.ratis.client.impl.ClientProtoUtils.toRaftClientReply(ClientProtoUtils.java:242)
	at org.apache.ratis.grpc.client.GrpcClientProtocolClient$AsyncStreamObservers$1.onNext(GrpcClientProtocolClient.java:254)
	... 10 more
</error>
    <system-out><![CDATA[2019-09-12 01:40:22,233 [main] WARN  server.ServerUtils (ServerUtils.java:getScmDbDir(145)) - ozone.scm.db.dirs is not configured. We recommend adding this setting. Falling back to ozone.metadata.dirs instead.
2019-09-12 01:40:22,260 [main] WARN  server.ServerUtils (ServerUtils.java:getScmDbDir(145)) - ozone.scm.db.dirs is not configured. We recommend adding this setting. Falling back to ozone.metadata.dirs instead.
2019-09-12 01:40:22,260 [main] WARN  server.ServerUtils (ServerUtils.java:getScmDbDir(145)) - ozone.scm.db.dirs is not configured. We recommend adding this setting. Falling back to ozone.metadata.dirs instead.
2019-09-12 01:40:22,261 [main] INFO  db.DBStoreBuilder (DBStoreBuilder.java:addTable(110)) - using custom profile for table: deletedBlocks
2019-09-12 01:40:22,261 [main] INFO  db.DBStoreBuilder (DBStoreBuilder.java:processTables(161)) - Using default column profile:DBProfile.DISK for Table:deletedBlocks
2019-09-12 01:40:22,261 [main] INFO  db.DBStoreBuilder (DBStoreBuilder.java:addTable(110)) - using custom profile for table: validCerts
2019-09-12 01:40:22,262 [main] INFO  db.DBStoreBuilder (DBStoreBuilder.java:processTables(161)) - Using default column profile:DBProfile.DISK for Table:validCerts
2019-09-12 01:40:22,262 [main] INFO  db.DBStoreBuilder (DBStoreBuilder.java:addTable(110)) - using custom profile for table: revokedCerts
2019-09-12 01:40:22,262 [main] INFO  db.DBStoreBuilder (DBStoreBuilder.java:processTables(161)) - Using default column profile:DBProfile.DISK for Table:revokedCerts
2019-09-12 01:40:22,262 [main] INFO  db.DBStoreBuilder (DBStoreBuilder.java:addTable(110)) - using custom profile for table: default
2019-09-12 01:40:22,262 [main] INFO  db.DBStoreBuilder (DBStoreBuilder.java:processTables(167)) - Using default column profile:DBProfile.DISK for Table:default
2019-09-12 01:40:22,263 [main] INFO  db.DBStoreBuilder (DBStoreBuilder.java:getDbProfile(198)) - Using default options. DBProfile.DISK
2019-09-12 01:40:22,530 [main] INFO  net.NodeSchemaLoader (NodeSchemaLoader.java:loadSchemaFromFile(125)) - Loading file from sun.misc.CompoundEnumeration@13ed066e
2019-09-12 01:40:22,531 [main] INFO  net.NodeSchemaLoader (NodeSchemaLoader.java:loadSchema(171)) - Loading network topology layer schema file
2019-09-12 01:40:22,537 [main] INFO  node.SCMNodeManager (SCMNodeManager.java:<init>(114)) - Entering startup safe mode.
2019-09-12 01:40:22,538 [main] INFO  algorithms.ContainerPlacementPolicyFactory (ContainerPlacementPolicyFactory.java:getPolicy(55)) - Create container placement policy of type org.apache.hadoop.hdds.scm.container.placement.algorithms.SCMContainerPlacementRandom
2019-09-12 01:40:22,538 [main] WARN  server.ServerUtils (ServerUtils.java:getScmDbDir(145)) - ozone.scm.db.dirs is not configured. We recommend adding this setting. Falling back to ozone.metadata.dirs instead.
2019-09-12 01:40:22,724 [main] INFO  pipeline.SCMPipelineManager (SCMPipelineManager.java:initializePipelineState(128)) - No pipeline exists in current db
2019-09-12 01:40:22,724 [main] WARN  server.ServerUtils (ServerUtils.java:getScmDbDir(145)) - ozone.scm.db.dirs is not configured. We recommend adding this setting. Falling back to ozone.metadata.dirs instead.
2019-09-12 01:40:22,870 [main] WARN  events.EventQueue (EventQueue.java:fireEvent(183)) - No event handler registered for event TypedEvent{payloadType=SafeModeStatus, name='SafeModeStatus'}
2019-09-12 01:40:22,871 [main] INFO  ipc.CallQueueManager (CallQueueManager.java:<init>(84)) - Using callQueue: class java.util.concurrent.LinkedBlockingQueue, queueCapacity: 2000, scheduler: class org.apache.hadoop.ipc.DefaultRpcScheduler, ipcBackoff: false.
2019-09-12 01:40:22,873 [Socket Reader #1 for port 36412] INFO  ipc.Server (Server.java:run(1074)) - Starting Socket Reader #1 for port 36412
2019-09-12 01:40:22,875 [main] INFO  ipc.CallQueueManager (CallQueueManager.java:<init>(84)) - Using callQueue: class java.util.concurrent.LinkedBlockingQueue, queueCapacity: 2000, scheduler: class org.apache.hadoop.ipc.DefaultRpcScheduler, ipcBackoff: false.
2019-09-12 01:40:22,876 [Socket Reader #1 for port 40312] INFO  ipc.Server (Server.java:run(1074)) - Starting Socket Reader #1 for port 40312
2019-09-12 01:40:22,877 [main] INFO  ipc.CallQueueManager (CallQueueManager.java:<init>(84)) - Using callQueue: class java.util.concurrent.LinkedBlockingQueue, queueCapacity: 2000, scheduler: class org.apache.hadoop.ipc.DefaultRpcScheduler, ipcBackoff: false.
2019-09-12 01:40:22,878 [Socket Reader #1 for port 43490] INFO  ipc.Server (Server.java:run(1074)) - Starting Socket Reader #1 for port 43490
2019-09-12 01:40:22,882 [main] INFO  hdfs.DFSUtil (DFSUtil.java:httpServerTemplateForNNAndJN(1641)) - Starting Web-server for scm at: http://0.0.0.0:0
2019-09-12 01:40:22,884 [main] INFO  server.AuthenticationFilter (AuthenticationFilter.java:constructSecretProvider(240)) - Unable to initialize FileSignerSecretProvider, falling back to use random secrets.
2019-09-12 01:40:22,885 [main] WARN  http.HttpRequestLog (HttpRequestLog.java:getRequestLog(97)) - Jetty request log can only be enabled using Log4j
2019-09-12 01:40:22,888 [main] INFO  http.HttpServer2 (HttpServer2.java:addGlobalFilter(975)) - Added global filter 'safety' (class=org.apache.hadoop.http.HttpServer2$QuotingInputFilter)
2019-09-12 01:40:22,889 [main] INFO  http.HttpServer2 (HttpServer2.java:addFilter(948)) - Added filter static_user_filter (class=org.apache.hadoop.http.lib.StaticUserWebFilter$StaticUserFilter) to context scm
2019-09-12 01:40:22,889 [main] INFO  http.HttpServer2 (HttpServer2.java:addFilter(958)) - Added filter static_user_filter (class=org.apache.hadoop.http.lib.StaticUserWebFilter$StaticUserFilter) to context static
2019-09-12 01:40:22,889 [main] INFO  http.HttpServer2 (HttpServer2.java:addFilter(958)) - Added filter static_user_filter (class=org.apache.hadoop.http.lib.StaticUserWebFilter$StaticUserFilter) to context logs
2019-09-12 01:40:22,892 [main] INFO  server.StorageContainerManager (StorageContainerManager.java:start(759)) - StorageContainerLocationProtocol RPC server is listening at /0.0.0.0:43490
2019-09-12 01:40:22,896 [main] WARN  impl.MetricsConfig (MetricsConfig.java:loadFirst(134)) - Cannot locate configuration: tried hadoop-metrics2-storagecontainermanager.properties,hadoop-metrics2.properties
2019-09-12 01:40:22,899 [main] INFO  impl.MetricsSystemImpl (MetricsSystemImpl.java:startTimer(374)) - Scheduled Metric snapshot period at 10 second(s).
2019-09-12 01:40:22,899 [main] INFO  impl.MetricsSystemImpl (MetricsSystemImpl.java:start(191)) - StorageContainerManager metrics system started
2019-09-12 01:40:22,978 [main] WARN  impl.MetricsSystemImpl (MetricsSystemImpl.java:register(276)) - Sink prometheus already exists!
2019-09-12 01:40:22,982 [main] INFO  server.SCMClientProtocolServer (SCMClientProtocolServer.java:start(151)) - RPC server for Client  is listening at /0.0.0.0:43490
2019-09-12 01:40:22,983 [IPC Server Responder] INFO  ipc.Server (Server.java:run(1314)) - IPC Server Responder: starting
2019-09-12 01:40:22,984 [IPC Server listener on 43490] INFO  ipc.Server (Server.java:run(1153)) - IPC Server listener on 43490: starting
2019-09-12 01:40:22,994 [main] INFO  server.StorageContainerManager (StorageContainerManager.java:start(769)) - ScmBlockLocationProtocol RPC server is listening at /0.0.0.0:40312
2019-09-12 01:40:22,995 [main] INFO  server.SCMBlockProtocolServer (SCMBlockProtocolServer.java:start(146)) - RPC server for Block Protocol is listening at /0.0.0.0:40312
2019-09-12 01:40:22,995 [IPC Server Responder] INFO  ipc.Server (Server.java:run(1314)) - IPC Server Responder: starting
2019-09-12 01:40:22,996 [IPC Server listener on 40312] INFO  ipc.Server (Server.java:run(1153)) - IPC Server listener on 40312: starting
2019-09-12 01:40:23,006 [main] INFO  server.StorageContainerManager (StorageContainerManager.java:start(773)) - ScmDatanodeProtocl RPC server is listening at /0.0.0.0:36412
2019-09-12 01:40:23,007 [main] INFO  server.SCMDatanodeProtocolServer (SCMDatanodeProtocolServer.java:start(191)) - RPC server for DataNodes is listening at /0.0.0.0:36412
2019-09-12 01:40:23,007 [IPC Server Responder] INFO  ipc.Server (Server.java:run(1314)) - IPC Server Responder: starting
2019-09-12 01:40:23,007 [IPC Server listener on 36412] INFO  ipc.Server (Server.java:run(1153)) - IPC Server listener on 36412: starting
2019-09-12 01:40:23,011 [main] INFO  http.HttpServer2 (HttpServer2.java:bindListener(1191)) - Jetty bound to port 32969
2019-09-12 01:40:23,011 [main] INFO  server.Server (Server.java:doStart(351)) - jetty-9.3.24.v20180605, build timestamp: 2018-06-05T17:11:56Z, git hash: 84205aa28f11a4f31f2a3b86d1bba2cc8ab69827
2019-09-12 01:40:23,013 [main] INFO  handler.ContextHandler (ContextHandler.java:doStart(781)) - Started o.e.j.s.ServletContextHandler@2b53840a{/logs,file:///workdir/hadoop-ozone/integration-test/target/log,AVAILABLE}
2019-09-12 01:40:23,014 [main] INFO  handler.ContextHandler (ContextHandler.java:doStart(781)) - Started o.e.j.s.ServletContextHandler@3e546734{/static,file:///workdir/hadoop-ozone/integration-test/target/test-classes/webapps/static,AVAILABLE}
2019-09-12 01:40:23,019 [main] INFO  handler.ContextHandler (ContextHandler.java:doStart(781)) - Started o.e.j.w.WebAppContext@29079032{/,file:///workdir/hadoop-ozone/integration-test/target/test-classes/webapps/scm/,AVAILABLE}{/scm}
2019-09-12 01:40:23,019 [main] INFO  server.AbstractConnector (AbstractConnector.java:doStart(278)) - Started ServerConnector@7e7743ec{HTTP/1.1,[http/1.1]}{0.0.0.0:32969}
2019-09-12 01:40:23,020 [main] INFO  server.Server (Server.java:doStart(419)) - Started @190864ms
2019-09-12 01:40:23,020 [main] WARN  impl.MetricsSystemImpl (MetricsSystemImpl.java:register(276)) - Sink prometheus already exists!
2019-09-12 01:40:23,021 [main] INFO  server.BaseHttpServer (BaseHttpServer.java:updateConnectorAddress(215)) - HTTP server of SCM is listening at http://0.0.0.0:32969
2019-09-12 01:40:23,023 [main] WARN  server.ServerUtils (ServerUtils.java:getDBPath(222)) - ozone.om.db.dirs is not configured. We recommend adding this setting. Falling back to ozone.metadata.dirs instead.
2019-09-12 01:40:23,023 [org.apache.hadoop.util.JvmPauseMonitor$Monitor@7f42e06e] INFO  util.JvmPauseMonitor (JvmPauseMonitor.java:run(188)) - Starting JVM pause monitor
2019-09-12 01:40:23,061 [main] WARN  server.ServerUtils (ServerUtils.java:getDBPath(222)) - ozone.om.db.dirs is not configured. We recommend adding this setting. Falling back to ozone.metadata.dirs instead.
2019-09-12 01:40:23,061 [main] WARN  server.ServerUtils (ServerUtils.java:getDBPath(222)) - ozone.om.db.dirs is not configured. We recommend adding this setting. Falling back to ozone.metadata.dirs instead.
2019-09-12 01:40:23,062 [main] INFO  om.OzoneManager (OzoneManager.java:setOMNodeDetails(649)) - OM Service ID is not set. Setting it to the default ID: omServiceIdDefault
2019-09-12 01:40:23,062 [main] INFO  om.OzoneManager (OzoneManager.java:setOMNodeDetails(655)) - OM Node ID is not set. Setting it to the OmStorage's OmID: 8ee4ade4-d763-429b-a732-d310ba46ff51
2019-09-12 01:40:23,062 [main] INFO  om.OzoneManager (OzoneManager.java:loadOMHAConfigs(606)) - Found matching OM address with OMServiceId: null, OMNodeId: null, RPC Address: localhost:0 and Ratis port: 9872
2019-09-12 01:40:23,070 [main] WARN  server.ServerUtils (ServerUtils.java:getDBPath(222)) - ozone.om.db.dirs is not configured. We recommend adding this setting. Falling back to ozone.metadata.dirs instead.
2019-09-12 01:40:23,071 [main] INFO  db.DBStoreBuilder (DBStoreBuilder.java:addTable(110)) - using custom profile for table: userTable
2019-09-12 01:40:23,071 [main] INFO  db.DBStoreBuilder (DBStoreBuilder.java:processTables(161)) - Using default column profile:DBProfile.DISK for Table:userTable
2019-09-12 01:40:23,071 [main] INFO  db.DBStoreBuilder (DBStoreBuilder.java:addTable(110)) - using custom profile for table: volumeTable
2019-09-12 01:40:23,071 [main] INFO  db.DBStoreBuilder (DBStoreBuilder.java:processTables(161)) - Using default column profile:DBProfile.DISK for Table:volumeTable
2019-09-12 01:40:23,071 [main] INFO  db.DBStoreBuilder (DBStoreBuilder.java:addTable(110)) - using custom profile for table: bucketTable
2019-09-12 01:40:23,072 [main] INFO  db.DBStoreBuilder (DBStoreBuilder.java:processTables(161)) - Using default column profile:DBProfile.DISK for Table:bucketTable
2019-09-12 01:40:23,072 [main] INFO  db.DBStoreBuilder (DBStoreBuilder.java:addTable(110)) - using custom profile for table: keyTable
2019-09-12 01:40:23,072 [main] INFO  db.DBStoreBuilder (DBStoreBuilder.java:processTables(161)) - Using default column profile:DBProfile.DISK for Table:keyTable
2019-09-12 01:40:23,072 [main] INFO  db.DBStoreBuilder (DBStoreBuilder.java:addTable(110)) - using custom profile for table: deletedTable
2019-09-12 01:40:23,072 [main] INFO  db.DBStoreBuilder (DBStoreBuilder.java:processTables(161)) - Using default column profile:DBProfile.DISK for Table:deletedTable
2019-09-12 01:40:23,073 [main] INFO  db.DBStoreBuilder (DBStoreBuilder.java:addTable(110)) - using custom profile for table: openKeyTable
2019-09-12 01:40:23,073 [main] INFO  db.DBStoreBuilder (DBStoreBuilder.java:processTables(161)) - Using default column profile:DBProfile.DISK for Table:openKeyTable
2019-09-12 01:40:23,073 [main] INFO  db.DBStoreBuilder (DBStoreBuilder.java:addTable(110)) - using custom profile for table: s3Table
2019-09-12 01:40:23,073 [main] INFO  db.DBStoreBuilder (DBStoreBuilder.java:processTables(161)) - Using default column profile:DBProfile.DISK for Table:s3Table
2019-09-12 01:40:23,073 [main] INFO  db.DBStoreBuilder (DBStoreBuilder.java:addTable(110)) - using custom profile for table: multipartInfoTable
2019-09-12 01:40:23,073 [main] INFO  db.DBStoreBuilder (DBStoreBuilder.java:processTables(161)) - Using default column profile:DBProfile.DISK for Table:multipartInfoTable
2019-09-12 01:40:23,074 [main] INFO  db.DBStoreBuilder (DBStoreBuilder.java:addTable(110)) - using custom profile for table: dTokenTable
2019-09-12 01:40:23,074 [main] INFO  db.DBStoreBuilder (DBStoreBuilder.java:processTables(161)) - Using default column profile:DBProfile.DISK for Table:dTokenTable
2019-09-12 01:40:23,074 [main] INFO  db.DBStoreBuilder (DBStoreBuilder.java:addTable(110)) - using custom profile for table: s3SecretTable
2019-09-12 01:40:23,074 [main] INFO  db.DBStoreBuilder (DBStoreBuilder.java:processTables(161)) - Using default column profile:DBProfile.DISK for Table:s3SecretTable
2019-09-12 01:40:23,074 [main] INFO  db.DBStoreBuilder (DBStoreBuilder.java:addTable(110)) - using custom profile for table: prefixTable
2019-09-12 01:40:23,074 [main] INFO  db.DBStoreBuilder (DBStoreBuilder.java:processTables(161)) - Using default column profile:DBProfile.DISK for Table:prefixTable
2019-09-12 01:40:23,075 [main] INFO  db.DBStoreBuilder (DBStoreBuilder.java:addTable(110)) - using custom profile for table: default
2019-09-12 01:40:23,075 [main] INFO  db.DBStoreBuilder (DBStoreBuilder.java:processTables(167)) - Using default column profile:DBProfile.DISK for Table:default
2019-09-12 01:40:23,075 [main] INFO  db.DBStoreBuilder (DBStoreBuilder.java:getDbProfile(198)) - Using default options. DBProfile.DISK
2019-09-12 01:40:24,062 [main] INFO  ipc.CallQueueManager (CallQueueManager.java:<init>(84)) - Using callQueue: class java.util.concurrent.LinkedBlockingQueue, queueCapacity: 2000, scheduler: class org.apache.hadoop.ipc.DefaultRpcScheduler, ipcBackoff: false.
2019-09-12 01:40:24,063 [Socket Reader #1 for port 36928] INFO  ipc.Server (Server.java:run(1074)) - Starting Socket Reader #1 for port 36928
2019-09-12 01:40:24,083 [main] INFO  om.OzoneManager (OzoneManager.java:start(1240)) - OzoneManager RPC server is listening at localhost/127.0.0.1:36928
2019-09-12 01:40:24,084 [main] INFO  impl.MetricsSystemImpl (MetricsSystemImpl.java:init(158)) - OzoneManager metrics system started (again)
2019-09-12 01:40:24,084 [IPC Server Responder] INFO  ipc.Server (Server.java:run(1314)) - IPC Server Responder: starting
2019-09-12 01:40:24,086 [IPC Server listener on 36928] INFO  ipc.Server (Server.java:run(1153)) - IPC Server listener on 36928: starting
2019-09-12 01:40:24,091 [main] INFO  hdfs.DFSUtil (DFSUtil.java:httpServerTemplateForNNAndJN(1641)) - Starting Web-server for ozoneManager at: http://0.0.0.0:0
2019-09-12 01:40:24,092 [main] INFO  server.AuthenticationFilter (AuthenticationFilter.java:constructSecretProvider(240)) - Unable to initialize FileSignerSecretProvider, falling back to use random secrets.
2019-09-12 01:40:24,093 [main] WARN  http.HttpRequestLog (HttpRequestLog.java:getRequestLog(97)) - Jetty request log can only be enabled using Log4j
2019-09-12 01:40:24,096 [main] INFO  http.HttpServer2 (HttpServer2.java:addGlobalFilter(975)) - Added global filter 'safety' (class=org.apache.hadoop.http.HttpServer2$QuotingInputFilter)
2019-09-12 01:40:24,096 [main] INFO  http.HttpServer2 (HttpServer2.java:addFilter(948)) - Added filter static_user_filter (class=org.apache.hadoop.http.lib.StaticUserWebFilter$StaticUserFilter) to context ozoneManager
2019-09-12 01:40:24,097 [main] INFO  http.HttpServer2 (HttpServer2.java:addFilter(958)) - Added filter static_user_filter (class=org.apache.hadoop.http.lib.StaticUserWebFilter$StaticUserFilter) to context logs
2019-09-12 01:40:24,097 [main] INFO  http.HttpServer2 (HttpServer2.java:addFilter(958)) - Added filter static_user_filter (class=org.apache.hadoop.http.lib.StaticUserWebFilter$StaticUserFilter) to context static
2019-09-12 01:40:24,098 [main] INFO  http.HttpServer2 (HttpServer2.java:bindListener(1191)) - Jetty bound to port 46253
2019-09-12 01:40:24,098 [main] INFO  server.Server (Server.java:doStart(351)) - jetty-9.3.24.v20180605, build timestamp: 2018-06-05T17:11:56Z, git hash: 84205aa28f11a4f31f2a3b86d1bba2cc8ab69827
2019-09-12 01:40:24,100 [main] INFO  handler.ContextHandler (ContextHandler.java:doStart(781)) - Started o.e.j.s.ServletContextHandler@7f73ce28{/logs,file:///workdir/hadoop-ozone/integration-test/target/log,AVAILABLE}
2019-09-12 01:40:24,101 [main] INFO  handler.ContextHandler (ContextHandler.java:doStart(781)) - Started o.e.j.s.ServletContextHandler@2282400e{/static,file:///workdir/hadoop-ozone/integration-test/target/test-classes/webapps/static,AVAILABLE}
2019-09-12 01:40:24,106 [main] INFO  handler.ContextHandler (ContextHandler.java:doStart(781)) - Started o.e.j.w.WebAppContext@faea4da{/,file:///workdir/hadoop-ozone/integration-test/target/test-classes/webapps/ozoneManager/,AVAILABLE}{/ozoneManager}
2019-09-12 01:40:24,106 [main] INFO  server.AbstractConnector (AbstractConnector.java:doStart(278)) - Started ServerConnector@19b02dfd{HTTP/1.1,[http/1.1]}{0.0.0.0:46253}
2019-09-12 01:40:24,107 [main] INFO  server.Server (Server.java:doStart(419)) - Started @191951ms
2019-09-12 01:40:24,107 [main] WARN  impl.MetricsSystemImpl (MetricsSystemImpl.java:register(276)) - Sink prometheus already exists!
2019-09-12 01:40:24,109 [main] INFO  server.BaseHttpServer (BaseHttpServer.java:updateConnectorAddress(215)) - HTTP server of OZONEMANAGER is listening at http://0.0.0.0:46253
2019-09-12 01:40:24,131 [main] INFO  impl.MetricsSystemImpl (MetricsSystemImpl.java:init(158)) - HddsDatanode metrics system started (again)
2019-09-12 01:40:24,134 [main] INFO  ozone.HddsDatanodeService (HddsDatanodeService.java:start(184)) - HddsDatanodeService host:pr-hdds-2007-7njtk-1085629304 ip:192.168.5.171
2019-09-12 01:40:24,141 [main] INFO  volume.HddsVolume (HddsVolume.java:<init>(176)) - Creating Volume: /workdir/hadoop-ozone/integration-test/target/test-dir/MiniOzoneClusterImpl-8d24175b-b5af-4536-8aa2-3b49cded71dd/datanode-0/data/containers/hdds of  storage type : DISK and capacity : 1482555576320
2019-09-12 01:40:24,141 [main] INFO  volume.VolumeSet (VolumeSet.java:initializeVolumeSet(170)) - Added Volume : /workdir/hadoop-ozone/integration-test/target/test-dir/MiniOzoneClusterImpl-8d24175b-b5af-4536-8aa2-3b49cded71dd/datanode-0/data/containers/hdds to VolumeSet
2019-09-12 01:40:24,141 [main] INFO  volume.ThrottledAsyncChecker (ThrottledAsyncChecker.java:schedule(140)) - Scheduling a check for org.apache.hadoop.ozone.container.common.volume.HddsVolume@661d6bb6
2019-09-12 01:40:24,142 [main] INFO  volume.HddsVolumeChecker (HddsVolumeChecker.java:checkAllVolumes(203)) - Scheduled health check for volume org.apache.hadoop.ozone.container.common.volume.HddsVolume@661d6bb6
2019-09-12 01:40:24,156 [main] INFO  impl.RaftServerProxy (ConfUtils.java:logGet(43)) - raft.rpc.type = GRPC (default)
2019-09-12 01:40:24,156 [main] INFO  grpc.GrpcFactory (GrpcFactory.java:checkPooledByteBufAllocatorUseCacheForAllThreads(45)) - PERFORMANCE WARNING: useCacheForAllThreads is true that may cause Netty to create a lot garbage objects and, as a result, trigger GC.
	It is recommended to disable useCacheForAllThreads by setting -Dorg.apache.ratis.thirdparty.io.netty.allocator.useCacheForAllThreads=false in command line.
2019-09-12 01:40:24,156 [main] INFO  grpc.GrpcConfigKeys$Server (ConfUtils.java:logGet(43)) - raft.grpc.server.port = 0 (default)
2019-09-12 01:40:24,156 [main] INFO  server.GrpcService (ConfUtils.java:logGet(43)) - raft.grpc.message.size.max = 33570816 (custom)
2019-09-12 01:40:24,157 [main] INFO  server.RaftServerConfigKeys (ConfUtils.java:logGet(43)) - raft.server.log.appender.buffer.byte-limit = 33554432 (custom)
2019-09-12 01:40:24,157 [main] INFO  server.GrpcService (ConfUtils.java:logGet(43)) - raft.grpc.flow.control.window = 1MB (=1048576) (default)
2019-09-12 01:40:24,157 [main] INFO  server.RaftServerConfigKeys (ConfUtils.java:logGet(43)) - raft.server.rpc.request.timeout = 3000ms (default)
2019-09-12 01:40:24,158 [main] INFO  server.RaftServerConfigKeys (ConfUtils.java:logGet(43)) - raft.server.storage.dir = [/workdir/hadoop-ozone/integration-test/target/test-dir/MiniOzoneClusterImpl-8d24175b-b5af-4536-8aa2-3b49cded71dd/datanode-0/data/ratis] (custom)
2019-09-12 01:40:24,159 [main] INFO  hdfs.DFSUtil (DFSUtil.java:httpServerTemplateForNNAndJN(1641)) - Starting Web-server for hddsDatanode at: http://0.0.0.0:0
2019-09-12 01:40:24,161 [main] INFO  server.AuthenticationFilter (AuthenticationFilter.java:constructSecretProvider(240)) - Unable to initialize FileSignerSecretProvider, falling back to use random secrets.
2019-09-12 01:40:24,161 [main] WARN  http.HttpRequestLog (HttpRequestLog.java:getRequestLog(97)) - Jetty request log can only be enabled using Log4j
2019-09-12 01:40:24,162 [main] INFO  http.HttpServer2 (HttpServer2.java:addGlobalFilter(975)) - Added global filter 'safety' (class=org.apache.hadoop.http.HttpServer2$QuotingInputFilter)
2019-09-12 01:40:24,163 [main] INFO  http.HttpServer2 (HttpServer2.java:addFilter(948)) - Added filter static_user_filter (class=org.apache.hadoop.http.lib.StaticUserWebFilter$StaticUserFilter) to context hddsDatanode
2019-09-12 01:40:24,163 [main] INFO  http.HttpServer2 (HttpServer2.java:addFilter(958)) - Added filter static_user_filter (class=org.apache.hadoop.http.lib.StaticUserWebFilter$StaticUserFilter) to context static
2019-09-12 01:40:24,163 [main] INFO  http.HttpServer2 (HttpServer2.java:addFilter(958)) - Added filter static_user_filter (class=org.apache.hadoop.http.lib.StaticUserWebFilter$StaticUserFilter) to context logs
2019-09-12 01:40:24,164 [main] INFO  http.HttpServer2 (HttpServer2.java:bindListener(1191)) - Jetty bound to port 42823
2019-09-12 01:40:24,164 [main] INFO  server.Server (Server.java:doStart(351)) - jetty-9.3.24.v20180605, build timestamp: 2018-06-05T17:11:56Z, git hash: 84205aa28f11a4f31f2a3b86d1bba2cc8ab69827
2019-09-12 01:40:24,166 [main] INFO  handler.ContextHandler (ContextHandler.java:doStart(781)) - Started o.e.j.s.ServletContextHandler@1d4f5506{/logs,file:///workdir/hadoop-ozone/integration-test/target/log,AVAILABLE}
2019-09-12 01:40:24,166 [main] INFO  handler.ContextHandler (ContextHandler.java:doStart(781)) - Started o.e.j.s.ServletContextHandler@1b57c345{/static,jar:file:/home/user/.m2/repository/org/apache/hadoop/hadoop-hdds-container-service/0.5.0-SNAPSHOT/hadoop-hdds-container-service-0.5.0-SNAPSHOT.jar!/webapps/static,AVAILABLE}
2019-09-12 01:40:24,195 [main] INFO  handler.ContextHandler (ContextHandler.java:doStart(781)) - Started o.e.j.w.WebAppContext@23cd5d42{/,file:///tmp/jetty-0.0.0.0-42823-hddsDatanode-_-any-3556584195008943183.dir/webapp/,AVAILABLE}{/hddsDatanode}
2019-09-12 01:40:24,196 [main] INFO  server.AbstractConnector (AbstractConnector.java:doStart(278)) - Started ServerConnector@2b44d6d0{HTTP/1.1,[http/1.1]}{0.0.0.0:42823}
2019-09-12 01:40:24,197 [main] INFO  server.Server (Server.java:doStart(419)) - Started @192041ms
2019-09-12 01:40:24,197 [main] WARN  impl.MetricsSystemImpl (MetricsSystemImpl.java:register(276)) - Sink prometheus already exists!
2019-09-12 01:40:24,198 [main] INFO  server.BaseHttpServer (BaseHttpServer.java:updateConnectorAddress(215)) - HTTP server of HDDSDATANODE is listening at http://0.0.0.0:42823
2019-09-12 01:40:24,199 [main] INFO  impl.MetricsSystemImpl (MetricsSystemImpl.java:init(158)) - HddsDatanode metrics system started (again)
2019-09-12 01:40:24,201 [org.apache.hadoop.util.JvmPauseMonitor$Monitor@565a5b5e] INFO  util.JvmPauseMonitor (JvmPauseMonitor.java:run(188)) - Starting JVM pause monitor
2019-09-12 01:40:24,201 [main] INFO  ozone.HddsDatanodeService (HddsDatanodeService.java:start(184)) - HddsDatanodeService host:pr-hdds-2007-7njtk-1085629304 ip:192.168.5.171
2019-09-12 01:40:24,203 [Datanode State Machine Thread - 0] INFO  datanode.InitDatanodeState (InitDatanodeState.java:persistContainerDatanodeDetails(140)) - DatanodeDetails is persisted to /workdir/hadoop-ozone/integration-test/target/test-dir/MiniOzoneClusterImpl-8d24175b-b5af-4536-8aa2-3b49cded71dd/datanode-0/meta/datanode.id
2019-09-12 01:40:24,207 [main] INFO  volume.HddsVolume (HddsVolume.java:<init>(176)) - Creating Volume: /workdir/hadoop-ozone/integration-test/target/test-dir/MiniOzoneClusterImpl-8d24175b-b5af-4536-8aa2-3b49cded71dd/datanode-1/data/containers/hdds of  storage type : DISK and capacity : 1482555576320
2019-09-12 01:40:24,208 [main] INFO  volume.VolumeSet (VolumeSet.java:initializeVolumeSet(170)) - Added Volume : /workdir/hadoop-ozone/integration-test/target/test-dir/MiniOzoneClusterImpl-8d24175b-b5af-4536-8aa2-3b49cded71dd/datanode-1/data/containers/hdds to VolumeSet
2019-09-12 01:40:24,208 [main] INFO  volume.ThrottledAsyncChecker (ThrottledAsyncChecker.java:schedule(140)) - Scheduling a check for org.apache.hadoop.ozone.container.common.volume.HddsVolume@7b53b1ad
2019-09-12 01:40:24,208 [main] INFO  volume.HddsVolumeChecker (HddsVolumeChecker.java:checkAllVolumes(203)) - Scheduled health check for volume org.apache.hadoop.ozone.container.common.volume.HddsVolume@7b53b1ad
2019-09-12 01:40:24,223 [main] INFO  impl.RaftServerProxy (ConfUtils.java:logGet(43)) - raft.rpc.type = GRPC (default)
2019-09-12 01:40:24,223 [main] INFO  grpc.GrpcFactory (GrpcFactory.java:checkPooledByteBufAllocatorUseCacheForAllThreads(45)) - PERFORMANCE WARNING: useCacheForAllThreads is true that may cause Netty to create a lot garbage objects and, as a result, trigger GC.
	It is recommended to disable useCacheForAllThreads by setting -Dorg.apache.ratis.thirdparty.io.netty.allocator.useCacheForAllThreads=false in command line.
2019-09-12 01:40:24,223 [main] INFO  grpc.GrpcConfigKeys$Server (ConfUtils.java:logGet(43)) - raft.grpc.server.port = 0 (default)
2019-09-12 01:40:24,224 [main] INFO  server.GrpcService (ConfUtils.java:logGet(43)) - raft.grpc.message.size.max = 33570816 (custom)
2019-09-12 01:40:24,224 [main] INFO  server.RaftServerConfigKeys (ConfUtils.java:logGet(43)) - raft.server.log.appender.buffer.byte-limit = 33554432 (custom)
2019-09-12 01:40:24,224 [main] INFO  server.GrpcService (ConfUtils.java:logGet(43)) - raft.grpc.flow.control.window = 1MB (=1048576) (default)
2019-09-12 01:40:24,224 [main] INFO  server.RaftServerConfigKeys (ConfUtils.java:logGet(43)) - raft.server.rpc.request.timeout = 3000ms (default)
2019-09-12 01:40:24,225 [main] INFO  server.RaftServerConfigKeys (ConfUtils.java:logGet(43)) - raft.server.storage.dir = [/workdir/hadoop-ozone/integration-test/target/test-dir/MiniOzoneClusterImpl-8d24175b-b5af-4536-8aa2-3b49cded71dd/datanode-1/data/ratis] (custom)
2019-09-12 01:40:24,226 [main] INFO  hdfs.DFSUtil (DFSUtil.java:httpServerTemplateForNNAndJN(1641)) - Starting Web-server for hddsDatanode at: http://0.0.0.0:0
2019-09-12 01:40:24,227 [main] INFO  server.AuthenticationFilter (AuthenticationFilter.java:constructSecretProvider(240)) - Unable to initialize FileSignerSecretProvider, falling back to use random secrets.
2019-09-12 01:40:24,228 [main] WARN  http.HttpRequestLog (HttpRequestLog.java:getRequestLog(97)) - Jetty request log can only be enabled using Log4j
2019-09-12 01:40:24,229 [main] INFO  http.HttpServer2 (HttpServer2.java:addGlobalFilter(975)) - Added global filter 'safety' (class=org.apache.hadoop.http.HttpServer2$QuotingInputFilter)
2019-09-12 01:40:24,230 [main] INFO  http.HttpServer2 (HttpServer2.java:addFilter(948)) - Added filter static_user_filter (class=org.apache.hadoop.http.lib.StaticUserWebFilter$StaticUserFilter) to context hddsDatanode
2019-09-12 01:40:24,230 [main] INFO  http.HttpServer2 (HttpServer2.java:addFilter(958)) - Added filter static_user_filter (class=org.apache.hadoop.http.lib.StaticUserWebFilter$StaticUserFilter) to context static
2019-09-12 01:40:24,230 [main] INFO  http.HttpServer2 (HttpServer2.java:addFilter(958)) - Added filter static_user_filter (class=org.apache.hadoop.http.lib.StaticUserWebFilter$StaticUserFilter) to context logs
2019-09-12 01:40:24,231 [main] INFO  http.HttpServer2 (HttpServer2.java:bindListener(1191)) - Jetty bound to port 44702
2019-09-12 01:40:24,231 [main] INFO  server.Server (Server.java:doStart(351)) - jetty-9.3.24.v20180605, build timestamp: 2018-06-05T17:11:56Z, git hash: 84205aa28f11a4f31f2a3b86d1bba2cc8ab69827
2019-09-12 01:40:24,233 [main] INFO  handler.ContextHandler (ContextHandler.java:doStart(781)) - Started o.e.j.s.ServletContextHandler@10a18e3e{/logs,file:///workdir/hadoop-ozone/integration-test/target/log,AVAILABLE}
2019-09-12 01:40:24,233 [main] INFO  handler.ContextHandler (ContextHandler.java:doStart(781)) - Started o.e.j.s.ServletContextHandler@53aa2fc9{/static,jar:file:/home/user/.m2/repository/org/apache/hadoop/hadoop-hdds-container-service/0.5.0-SNAPSHOT/hadoop-hdds-container-service-0.5.0-SNAPSHOT.jar!/webapps/static,AVAILABLE}
2019-09-12 01:40:24,261 [main] INFO  handler.ContextHandler (ContextHandler.java:doStart(781)) - Started o.e.j.w.WebAppContext@64502326{/,file:///tmp/jetty-0.0.0.0-44702-hddsDatanode-_-any-3625680565747867446.dir/webapp/,AVAILABLE}{/hddsDatanode}
2019-09-12 01:40:24,261 [main] INFO  server.AbstractConnector (AbstractConnector.java:doStart(278)) - Started ServerConnector@6dca31eb{HTTP/1.1,[http/1.1]}{0.0.0.0:44702}
2019-09-12 01:40:24,262 [main] INFO  server.Server (Server.java:doStart(419)) - Started @192106ms
2019-09-12 01:40:24,262 [main] WARN  impl.MetricsSystemImpl (MetricsSystemImpl.java:register(276)) - Sink prometheus already exists!
2019-09-12 01:40:24,263 [main] INFO  server.BaseHttpServer (BaseHttpServer.java:updateConnectorAddress(215)) - HTTP server of HDDSDATANODE is listening at http://0.0.0.0:44702
2019-09-12 01:40:24,263 [main] INFO  impl.MetricsSystemImpl (MetricsSystemImpl.java:init(158)) - HddsDatanode metrics system started (again)
2019-09-12 01:40:24,266 [main] INFO  ozone.HddsDatanodeService (HddsDatanodeService.java:start(184)) - HddsDatanodeService host:pr-hdds-2007-7njtk-1085629304 ip:192.168.5.171
2019-09-12 01:40:24,266 [org.apache.hadoop.util.JvmPauseMonitor$Monitor@4fb1901a] INFO  util.JvmPauseMonitor (JvmPauseMonitor.java:run(188)) - Starting JVM pause monitor
2019-09-12 01:40:24,267 [Datanode State Machine Thread - 0] INFO  datanode.InitDatanodeState (InitDatanodeState.java:persistContainerDatanodeDetails(140)) - DatanodeDetails is persisted to /workdir/hadoop-ozone/integration-test/target/test-dir/MiniOzoneClusterImpl-8d24175b-b5af-4536-8aa2-3b49cded71dd/datanode-1/meta/datanode.id
2019-09-12 01:40:24,271 [main] INFO  volume.HddsVolume (HddsVolume.java:<init>(176)) - Creating Volume: /workdir/hadoop-ozone/integration-test/target/test-dir/MiniOzoneClusterImpl-8d24175b-b5af-4536-8aa2-3b49cded71dd/datanode-2/data/containers/hdds of  storage type : DISK and capacity : 1482555576320
2019-09-12 01:40:24,271 [main] INFO  volume.VolumeSet (VolumeSet.java:initializeVolumeSet(170)) - Added Volume : /workdir/hadoop-ozone/integration-test/target/test-dir/MiniOzoneClusterImpl-8d24175b-b5af-4536-8aa2-3b49cded71dd/datanode-2/data/containers/hdds to VolumeSet
2019-09-12 01:40:24,271 [main] INFO  volume.ThrottledAsyncChecker (ThrottledAsyncChecker.java:schedule(140)) - Scheduling a check for org.apache.hadoop.ozone.container.common.volume.HddsVolume@3d2f3dcb
2019-09-12 01:40:24,272 [main] INFO  volume.HddsVolumeChecker (HddsVolumeChecker.java:checkAllVolumes(203)) - Scheduled health check for volume org.apache.hadoop.ozone.container.common.volume.HddsVolume@3d2f3dcb
2019-09-12 01:40:24,285 [main] INFO  impl.RaftServerProxy (ConfUtils.java:logGet(43)) - raft.rpc.type = GRPC (default)
2019-09-12 01:40:24,285 [main] INFO  grpc.GrpcFactory (GrpcFactory.java:checkPooledByteBufAllocatorUseCacheForAllThreads(45)) - PERFORMANCE WARNING: useCacheForAllThreads is true that may cause Netty to create a lot garbage objects and, as a result, trigger GC.
	It is recommended to disable useCacheForAllThreads by setting -Dorg.apache.ratis.thirdparty.io.netty.allocator.useCacheForAllThreads=false in command line.
2019-09-12 01:40:24,286 [main] INFO  grpc.GrpcConfigKeys$Server (ConfUtils.java:logGet(43)) - raft.grpc.server.port = 0 (default)
2019-09-12 01:40:24,286 [main] INFO  server.GrpcService (ConfUtils.java:logGet(43)) - raft.grpc.message.size.max = 33570816 (custom)
2019-09-12 01:40:24,286 [main] INFO  server.RaftServerConfigKeys (ConfUtils.java:logGet(43)) - raft.server.log.appender.buffer.byte-limit = 33554432 (custom)
2019-09-12 01:40:24,286 [main] INFO  server.GrpcService (ConfUtils.java:logGet(43)) - raft.grpc.flow.control.window = 1MB (=1048576) (default)
2019-09-12 01:40:24,286 [main] INFO  server.RaftServerConfigKeys (ConfUtils.java:logGet(43)) - raft.server.rpc.request.timeout = 3000ms (default)
2019-09-12 01:40:24,287 [main] INFO  server.RaftServerConfigKeys (ConfUtils.java:logGet(43)) - raft.server.storage.dir = [/workdir/hadoop-ozone/integration-test/target/test-dir/MiniOzoneClusterImpl-8d24175b-b5af-4536-8aa2-3b49cded71dd/datanode-2/data/ratis] (custom)
2019-09-12 01:40:24,288 [main] INFO  hdfs.DFSUtil (DFSUtil.java:httpServerTemplateForNNAndJN(1641)) - Starting Web-server for hddsDatanode at: http://0.0.0.0:0
2019-09-12 01:40:24,289 [main] INFO  server.AuthenticationFilter (AuthenticationFilter.java:constructSecretProvider(240)) - Unable to initialize FileSignerSecretProvider, falling back to use random secrets.
2019-09-12 01:40:24,289 [main] WARN  http.HttpRequestLog (HttpRequestLog.java:getRequestLog(97)) - Jetty request log can only be enabled using Log4j
2019-09-12 01:40:24,291 [main] INFO  http.HttpServer2 (HttpServer2.java:addGlobalFilter(975)) - Added global filter 'safety' (class=org.apache.hadoop.http.HttpServer2$QuotingInputFilter)
2019-09-12 01:40:24,291 [main] INFO  http.HttpServer2 (HttpServer2.java:addFilter(948)) - Added filter static_user_filter (class=org.apache.hadoop.http.lib.StaticUserWebFilter$StaticUserFilter) to context hddsDatanode
2019-09-12 01:40:24,291 [main] INFO  http.HttpServer2 (HttpServer2.java:addFilter(958)) - Added filter static_user_filter (class=org.apache.hadoop.http.lib.StaticUserWebFilter$StaticUserFilter) to context logs
2019-09-12 01:40:24,291 [main] INFO  http.HttpServer2 (HttpServer2.java:addFilter(958)) - Added filter static_user_filter (class=org.apache.hadoop.http.lib.StaticUserWebFilter$StaticUserFilter) to context static
2019-09-12 01:40:24,292 [main] INFO  http.HttpServer2 (HttpServer2.java:bindListener(1191)) - Jetty bound to port 44433
2019-09-12 01:40:24,292 [main] INFO  server.Server (Server.java:doStart(351)) - jetty-9.3.24.v20180605, build timestamp: 2018-06-05T17:11:56Z, git hash: 84205aa28f11a4f31f2a3b86d1bba2cc8ab69827
2019-09-12 01:40:24,294 [main] INFO  handler.ContextHandler (ContextHandler.java:doStart(781)) - Started o.e.j.s.ServletContextHandler@285005b8{/logs,file:///workdir/hadoop-ozone/integration-test/target/log,AVAILABLE}
2019-09-12 01:40:24,295 [main] INFO  handler.ContextHandler (ContextHandler.java:doStart(781)) - Started o.e.j.s.ServletContextHandler@27585351{/static,jar:file:/home/user/.m2/repository/org/apache/hadoop/hadoop-hdds-container-service/0.5.0-SNAPSHOT/hadoop-hdds-container-service-0.5.0-SNAPSHOT.jar!/webapps/static,AVAILABLE}
2019-09-12 01:40:24,335 [main] INFO  handler.ContextHandler (ContextHandler.java:doStart(781)) - Started o.e.j.w.WebAppContext@4d98e41b{/,file:///tmp/jetty-0.0.0.0-44433-hddsDatanode-_-any-6721214520301380699.dir/webapp/,AVAILABLE}{/hddsDatanode}
2019-09-12 01:40:24,336 [main] INFO  server.AbstractConnector (AbstractConnector.java:doStart(278)) - Started ServerConnector@5ed5b321{HTTP/1.1,[http/1.1]}{0.0.0.0:44433}
2019-09-12 01:40:24,337 [main] INFO  server.Server (Server.java:doStart(419)) - Started @192180ms
2019-09-12 01:40:24,337 [main] WARN  impl.MetricsSystemImpl (MetricsSystemImpl.java:register(276)) - Sink prometheus already exists!
2019-09-12 01:40:24,338 [main] INFO  server.BaseHttpServer (BaseHttpServer.java:updateConnectorAddress(215)) - HTTP server of HDDSDATANODE is listening at http://0.0.0.0:44433
2019-09-12 01:40:24,338 [main] INFO  impl.MetricsSystemImpl (MetricsSystemImpl.java:init(158)) - HddsDatanode metrics system started (again)
2019-09-12 01:40:24,340 [org.apache.hadoop.util.JvmPauseMonitor$Monitor@6fd101b2] INFO  util.JvmPauseMonitor (JvmPauseMonitor.java:run(188)) - Starting JVM pause monitor
2019-09-12 01:40:24,341 [main] INFO  ozone.HddsDatanodeService (HddsDatanodeService.java:start(184)) - HddsDatanodeService host:pr-hdds-2007-7njtk-1085629304 ip:192.168.5.171
2019-09-12 01:40:24,342 [Datanode State Machine Thread - 0] INFO  datanode.InitDatanodeState (InitDatanodeState.java:persistContainerDatanodeDetails(140)) - DatanodeDetails is persisted to /workdir/hadoop-ozone/integration-test/target/test-dir/MiniOzoneClusterImpl-8d24175b-b5af-4536-8aa2-3b49cded71dd/datanode-2/meta/datanode.id
2019-09-12 01:40:24,347 [main] INFO  volume.HddsVolume (HddsVolume.java:<init>(176)) - Creating Volume: /workdir/hadoop-ozone/integration-test/target/test-dir/MiniOzoneClusterImpl-8d24175b-b5af-4536-8aa2-3b49cded71dd/datanode-3/data/containers/hdds of  storage type : DISK and capacity : 1482555576320
2019-09-12 01:40:24,347 [main] INFO  volume.VolumeSet (VolumeSet.java:initializeVolumeSet(170)) - Added Volume : /workdir/hadoop-ozone/integration-test/target/test-dir/MiniOzoneClusterImpl-8d24175b-b5af-4536-8aa2-3b49cded71dd/datanode-3/data/containers/hdds to VolumeSet
2019-09-12 01:40:24,347 [main] INFO  volume.ThrottledAsyncChecker (ThrottledAsyncChecker.java:schedule(140)) - Scheduling a check for org.apache.hadoop.ozone.container.common.volume.HddsVolume@739e8b96
2019-09-12 01:40:24,348 [main] INFO  volume.HddsVolumeChecker (HddsVolumeChecker.java:checkAllVolumes(203)) - Scheduled health check for volume org.apache.hadoop.ozone.container.common.volume.HddsVolume@739e8b96
2019-09-12 01:40:24,362 [main] INFO  impl.RaftServerProxy (ConfUtils.java:logGet(43)) - raft.rpc.type = GRPC (default)
2019-09-12 01:40:24,362 [main] INFO  grpc.GrpcFactory (GrpcFactory.java:checkPooledByteBufAllocatorUseCacheForAllThreads(45)) - PERFORMANCE WARNING: useCacheForAllThreads is true that may cause Netty to create a lot garbage objects and, as a result, trigger GC.
	It is recommended to disable useCacheForAllThreads by setting -Dorg.apache.ratis.thirdparty.io.netty.allocator.useCacheForAllThreads=false in command line.
2019-09-12 01:40:24,363 [main] INFO  grpc.GrpcConfigKeys$Server (ConfUtils.java:logGet(43)) - raft.grpc.server.port = 0 (default)
2019-09-12 01:40:24,363 [main] INFO  server.GrpcService (ConfUtils.java:logGet(43)) - raft.grpc.message.size.max = 33570816 (custom)
2019-09-12 01:40:24,363 [main] INFO  server.RaftServerConfigKeys (ConfUtils.java:logGet(43)) - raft.server.log.appender.buffer.byte-limit = 33554432 (custom)
2019-09-12 01:40:24,363 [main] INFO  server.GrpcService (ConfUtils.java:logGet(43)) - raft.grpc.flow.control.window = 1MB (=1048576) (default)
2019-09-12 01:40:24,364 [main] INFO  server.RaftServerConfigKeys (ConfUtils.java:logGet(43)) - raft.server.rpc.request.timeout = 3000ms (default)
2019-09-12 01:40:24,364 [main] INFO  server.RaftServerConfigKeys (ConfUtils.java:logGet(43)) - raft.server.storage.dir = [/workdir/hadoop-ozone/integration-test/target/test-dir/MiniOzoneClusterImpl-8d24175b-b5af-4536-8aa2-3b49cded71dd/datanode-3/data/ratis] (custom)
2019-09-12 01:40:24,366 [main] INFO  hdfs.DFSUtil (DFSUtil.java:httpServerTemplateForNNAndJN(1641)) - Starting Web-server for hddsDatanode at: http://0.0.0.0:0
2019-09-12 01:40:24,368 [main] INFO  server.AuthenticationFilter (AuthenticationFilter.java:constructSecretProvider(240)) - Unable to initialize FileSignerSecretProvider, falling back to use random secrets.
2019-09-12 01:40:24,368 [main] WARN  http.HttpRequestLog (HttpRequestLog.java:getRequestLog(97)) - Jetty request log can only be enabled using Log4j
2019-09-12 01:40:24,371 [main] INFO  http.HttpServer2 (HttpServer2.java:addGlobalFilter(975)) - Added global filter 'safety' (class=org.apache.hadoop.http.HttpServer2$QuotingInputFilter)
2019-09-12 01:40:24,372 [main] INFO  http.HttpServer2 (HttpServer2.java:addFilter(948)) - Added filter static_user_filter (class=org.apache.hadoop.http.lib.StaticUserWebFilter$StaticUserFilter) to context hddsDatanode
2019-09-12 01:40:24,372 [main] INFO  http.HttpServer2 (HttpServer2.java:addFilter(958)) - Added filter static_user_filter (class=org.apache.hadoop.http.lib.StaticUserWebFilter$StaticUserFilter) to context static
2019-09-12 01:40:24,372 [main] INFO  http.HttpServer2 (HttpServer2.java:addFilter(958)) - Added filter static_user_filter (class=org.apache.hadoop.http.lib.StaticUserWebFilter$StaticUserFilter) to context logs
2019-09-12 01:40:24,373 [main] INFO  http.HttpServer2 (HttpServer2.java:bindListener(1191)) - Jetty bound to port 32971
2019-09-12 01:40:24,373 [main] INFO  server.Server (Server.java:doStart(351)) - jetty-9.3.24.v20180605, build timestamp: 2018-06-05T17:11:56Z, git hash: 84205aa28f11a4f31f2a3b86d1bba2cc8ab69827
2019-09-12 01:40:24,375 [main] INFO  handler.ContextHandler (ContextHandler.java:doStart(781)) - Started o.e.j.s.ServletContextHandler@2eada095{/logs,file:///workdir/hadoop-ozone/integration-test/target/log,AVAILABLE}
2019-09-12 01:40:24,376 [main] INFO  handler.ContextHandler (ContextHandler.java:doStart(781)) - Started o.e.j.s.ServletContextHandler@1416ff46{/static,jar:file:/home/user/.m2/repository/org/apache/hadoop/hadoop-hdds-container-service/0.5.0-SNAPSHOT/hadoop-hdds-container-service-0.5.0-SNAPSHOT.jar!/webapps/static,AVAILABLE}
2019-09-12 01:40:24,415 [main] INFO  handler.ContextHandler (ContextHandler.java:doStart(781)) - Started o.e.j.w.WebAppContext@498a612d{/,file:///tmp/jetty-0.0.0.0-32971-hddsDatanode-_-any-3499739243080649626.dir/webapp/,AVAILABLE}{/hddsDatanode}
2019-09-12 01:40:24,415 [main] INFO  server.AbstractConnector (AbstractConnector.java:doStart(278)) - Started ServerConnector@1e1237ab{HTTP/1.1,[http/1.1]}{0.0.0.0:32971}
2019-09-12 01:40:24,416 [main] INFO  server.Server (Server.java:doStart(419)) - Started @192260ms
2019-09-12 01:40:24,416 [main] WARN  impl.MetricsSystemImpl (MetricsSystemImpl.java:register(276)) - Sink prometheus already exists!
2019-09-12 01:40:24,417 [main] INFO  server.BaseHttpServer (BaseHttpServer.java:updateConnectorAddress(215)) - HTTP server of HDDSDATANODE is listening at http://0.0.0.0:32971
2019-09-12 01:40:24,417 [main] INFO  impl.MetricsSystemImpl (MetricsSystemImpl.java:init(158)) - HddsDatanode metrics system started (again)
2019-09-12 01:40:24,420 [org.apache.hadoop.util.JvmPauseMonitor$Monitor@30c87bcc] INFO  util.JvmPauseMonitor (JvmPauseMonitor.java:run(188)) - Starting JVM pause monitor
2019-09-12 01:40:24,421 [main] INFO  ozone.HddsDatanodeService (HddsDatanodeService.java:start(184)) - HddsDatanodeService host:pr-hdds-2007-7njtk-1085629304 ip:192.168.5.171
2019-09-12 01:40:24,422 [Datanode State Machine Thread - 0] INFO  datanode.InitDatanodeState (InitDatanodeState.java:persistContainerDatanodeDetails(140)) - DatanodeDetails is persisted to /workdir/hadoop-ozone/integration-test/target/test-dir/MiniOzoneClusterImpl-8d24175b-b5af-4536-8aa2-3b49cded71dd/datanode-3/meta/datanode.id
2019-09-12 01:40:24,426 [main] INFO  volume.HddsVolume (HddsVolume.java:<init>(176)) - Creating Volume: /workdir/hadoop-ozone/integration-test/target/test-dir/MiniOzoneClusterImpl-8d24175b-b5af-4536-8aa2-3b49cded71dd/datanode-4/data/containers/hdds of  storage type : DISK and capacity : 1482555576320
2019-09-12 01:40:24,427 [main] INFO  volume.VolumeSet (VolumeSet.java:initializeVolumeSet(170)) - Added Volume : /workdir/hadoop-ozone/integration-test/target/test-dir/MiniOzoneClusterImpl-8d24175b-b5af-4536-8aa2-3b49cded71dd/datanode-4/data/containers/hdds to VolumeSet
2019-09-12 01:40:24,427 [main] INFO  volume.ThrottledAsyncChecker (ThrottledAsyncChecker.java:schedule(140)) - Scheduling a check for org.apache.hadoop.ozone.container.common.volume.HddsVolume@a54acec
2019-09-12 01:40:24,428 [main] INFO  volume.HddsVolumeChecker (HddsVolumeChecker.java:checkAllVolumes(203)) - Scheduled health check for volume org.apache.hadoop.ozone.container.common.volume.HddsVolume@a54acec
2019-09-12 01:40:24,442 [main] INFO  impl.RaftServerProxy (ConfUtils.java:logGet(43)) - raft.rpc.type = GRPC (default)
2019-09-12 01:40:24,443 [main] INFO  grpc.GrpcFactory (GrpcFactory.java:checkPooledByteBufAllocatorUseCacheForAllThreads(45)) - PERFORMANCE WARNING: useCacheForAllThreads is true that may cause Netty to create a lot garbage objects and, as a result, trigger GC.
	It is recommended to disable useCacheForAllThreads by setting -Dorg.apache.ratis.thirdparty.io.netty.allocator.useCacheForAllThreads=false in command line.
2019-09-12 01:40:24,443 [main] INFO  grpc.GrpcConfigKeys$Server (ConfUtils.java:logGet(43)) - raft.grpc.server.port = 0 (default)
2019-09-12 01:40:24,443 [main] INFO  server.GrpcService (ConfUtils.java:logGet(43)) - raft.grpc.message.size.max = 33570816 (custom)
2019-09-12 01:40:24,443 [main] INFO  server.RaftServerConfigKeys (ConfUtils.java:logGet(43)) - raft.server.log.appender.buffer.byte-limit = 33554432 (custom)
2019-09-12 01:40:24,443 [main] INFO  server.GrpcService (ConfUtils.java:logGet(43)) - raft.grpc.flow.control.window = 1MB (=1048576) (default)
2019-09-12 01:40:24,444 [main] INFO  server.RaftServerConfigKeys (ConfUtils.java:logGet(43)) - raft.server.rpc.request.timeout = 3000ms (default)
2019-09-12 01:40:24,444 [main] INFO  server.RaftServerConfigKeys (ConfUtils.java:logGet(43)) - raft.server.storage.dir = [/workdir/hadoop-ozone/integration-test/target/test-dir/MiniOzoneClusterImpl-8d24175b-b5af-4536-8aa2-3b49cded71dd/datanode-4/data/ratis] (custom)
2019-09-12 01:40:24,445 [main] INFO  hdfs.DFSUtil (DFSUtil.java:httpServerTemplateForNNAndJN(1641)) - Starting Web-server for hddsDatanode at: http://0.0.0.0:0
2019-09-12 01:40:24,447 [main] INFO  server.AuthenticationFilter (AuthenticationFilter.java:constructSecretProvider(240)) - Unable to initialize FileSignerSecretProvider, falling back to use random secrets.
2019-09-12 01:40:24,447 [main] WARN  http.HttpRequestLog (HttpRequestLog.java:getRequestLog(97)) - Jetty request log can only be enabled using Log4j
2019-09-12 01:40:24,448 [main] INFO  http.HttpServer2 (HttpServer2.java:addGlobalFilter(975)) - Added global filter 'safety' (class=org.apache.hadoop.http.HttpServer2$QuotingInputFilter)
2019-09-12 01:40:24,449 [main] INFO  http.HttpServer2 (HttpServer2.java:addFilter(948)) - Added filter static_user_filter (class=org.apache.hadoop.http.lib.StaticUserWebFilter$StaticUserFilter) to context hddsDatanode
2019-09-12 01:40:24,449 [main] INFO  http.HttpServer2 (HttpServer2.java:addFilter(958)) - Added filter static_user_filter (class=org.apache.hadoop.http.lib.StaticUserWebFilter$StaticUserFilter) to context logs
2019-09-12 01:40:24,449 [main] INFO  http.HttpServer2 (HttpServer2.java:addFilter(958)) - Added filter static_user_filter (class=org.apache.hadoop.http.lib.StaticUserWebFilter$StaticUserFilter) to context static
2019-09-12 01:40:24,450 [main] INFO  http.HttpServer2 (HttpServer2.java:bindListener(1191)) - Jetty bound to port 36002
2019-09-12 01:40:24,450 [main] INFO  server.Server (Server.java:doStart(351)) - jetty-9.3.24.v20180605, build timestamp: 2018-06-05T17:11:56Z, git hash: 84205aa28f11a4f31f2a3b86d1bba2cc8ab69827
2019-09-12 01:40:24,452 [main] INFO  handler.ContextHandler (ContextHandler.java:doStart(781)) - Started o.e.j.s.ServletContextHandler@59303963{/logs,file:///workdir/hadoop-ozone/integration-test/target/log,AVAILABLE}
2019-09-12 01:40:24,452 [main] INFO  handler.ContextHandler (ContextHandler.java:doStart(781)) - Started o.e.j.s.ServletContextHandler@34330f77{/static,jar:file:/home/user/.m2/repository/org/apache/hadoop/hadoop-hdds-container-service/0.5.0-SNAPSHOT/hadoop-hdds-container-service-0.5.0-SNAPSHOT.jar!/webapps/static,AVAILABLE}
2019-09-12 01:40:24,482 [main] INFO  handler.ContextHandler (ContextHandler.java:doStart(781)) - Started o.e.j.w.WebAppContext@4b97b3d2{/,file:///tmp/jetty-0.0.0.0-36002-hddsDatanode-_-any-8680653131502232387.dir/webapp/,AVAILABLE}{/hddsDatanode}
2019-09-12 01:40:24,482 [main] INFO  server.AbstractConnector (AbstractConnector.java:doStart(278)) - Started ServerConnector@383cb5ce{HTTP/1.1,[http/1.1]}{0.0.0.0:36002}
2019-09-12 01:40:24,483 [main] INFO  server.Server (Server.java:doStart(419)) - Started @192327ms
2019-09-12 01:40:24,484 [main] WARN  impl.MetricsSystemImpl (MetricsSystemImpl.java:register(276)) - Sink prometheus already exists!
2019-09-12 01:40:24,484 [main] INFO  server.BaseHttpServer (BaseHttpServer.java:updateConnectorAddress(215)) - HTTP server of HDDSDATANODE is listening at http://0.0.0.0:36002
2019-09-12 01:40:24,484 [main] INFO  impl.MetricsSystemImpl (MetricsSystemImpl.java:init(158)) - HddsDatanode metrics system started (again)
2019-09-12 01:40:24,488 [org.apache.hadoop.util.JvmPauseMonitor$Monitor@75faab6b] INFO  util.JvmPauseMonitor (JvmPauseMonitor.java:run(188)) - Starting JVM pause monitor
2019-09-12 01:40:24,488 [main] INFO  ozone.HddsDatanodeService (HddsDatanodeService.java:start(184)) - HddsDatanodeService host:pr-hdds-2007-7njtk-1085629304 ip:192.168.5.171
2019-09-12 01:40:24,489 [Datanode State Machine Thread - 0] INFO  datanode.InitDatanodeState (InitDatanodeState.java:persistContainerDatanodeDetails(140)) - DatanodeDetails is persisted to /workdir/hadoop-ozone/integration-test/target/test-dir/MiniOzoneClusterImpl-8d24175b-b5af-4536-8aa2-3b49cded71dd/datanode-4/meta/datanode.id
2019-09-12 01:40:24,494 [main] INFO  volume.HddsVolume (HddsVolume.java:<init>(176)) - Creating Volume: /workdir/hadoop-ozone/integration-test/target/test-dir/MiniOzoneClusterImpl-8d24175b-b5af-4536-8aa2-3b49cded71dd/datanode-5/data/containers/hdds of  storage type : DISK and capacity : 1482555576320
2019-09-12 01:40:24,494 [main] INFO  volume.VolumeSet (VolumeSet.java:initializeVolumeSet(170)) - Added Volume : /workdir/hadoop-ozone/integration-test/target/test-dir/MiniOzoneClusterImpl-8d24175b-b5af-4536-8aa2-3b49cded71dd/datanode-5/data/containers/hdds to VolumeSet
2019-09-12 01:40:24,495 [main] INFO  volume.ThrottledAsyncChecker (ThrottledAsyncChecker.java:schedule(140)) - Scheduling a check for org.apache.hadoop.ozone.container.common.volume.HddsVolume@ce12fbb
2019-09-12 01:40:24,495 [main] INFO  volume.HddsVolumeChecker (HddsVolumeChecker.java:checkAllVolumes(203)) - Scheduled health check for volume org.apache.hadoop.ozone.container.common.volume.HddsVolume@ce12fbb
2019-09-12 01:40:24,515 [main] INFO  impl.RaftServerProxy (ConfUtils.java:logGet(43)) - raft.rpc.type = GRPC (default)
2019-09-12 01:40:24,516 [main] INFO  grpc.GrpcFactory (GrpcFactory.java:checkPooledByteBufAllocatorUseCacheForAllThreads(45)) - PERFORMANCE WARNING: useCacheForAllThreads is true that may cause Netty to create a lot garbage objects and, as a result, trigger GC.
	It is recommended to disable useCacheForAllThreads by setting -Dorg.apache.ratis.thirdparty.io.netty.allocator.useCacheForAllThreads=false in command line.
2019-09-12 01:40:24,516 [main] INFO  grpc.GrpcConfigKeys$Server (ConfUtils.java:logGet(43)) - raft.grpc.server.port = 0 (default)
2019-09-12 01:40:24,516 [main] INFO  server.GrpcService (ConfUtils.java:logGet(43)) - raft.grpc.message.size.max = 33570816 (custom)
2019-09-12 01:40:24,517 [main] INFO  server.RaftServerConfigKeys (ConfUtils.java:logGet(43)) - raft.server.log.appender.buffer.byte-limit = 33554432 (custom)
2019-09-12 01:40:24,517 [main] INFO  server.GrpcService (ConfUtils.java:logGet(43)) - raft.grpc.flow.control.window = 1MB (=1048576) (default)
2019-09-12 01:40:24,517 [main] INFO  server.RaftServerConfigKeys (ConfUtils.java:logGet(43)) - raft.server.rpc.request.timeout = 3000ms (default)
2019-09-12 01:40:24,518 [main] INFO  server.RaftServerConfigKeys (ConfUtils.java:logGet(43)) - raft.server.storage.dir = [/workdir/hadoop-ozone/integration-test/target/test-dir/MiniOzoneClusterImpl-8d24175b-b5af-4536-8aa2-3b49cded71dd/datanode-5/data/ratis] (custom)
2019-09-12 01:40:24,519 [main] INFO  hdfs.DFSUtil (DFSUtil.java:httpServerTemplateForNNAndJN(1641)) - Starting Web-server for hddsDatanode at: http://0.0.0.0:0
2019-09-12 01:40:24,521 [main] INFO  server.AuthenticationFilter (AuthenticationFilter.java:constructSecretProvider(240)) - Unable to initialize FileSignerSecretProvider, falling back to use random secrets.
2019-09-12 01:40:24,521 [main] WARN  http.HttpRequestLog (HttpRequestLog.java:getRequestLog(97)) - Jetty request log can only be enabled using Log4j
2019-09-12 01:40:24,522 [main] INFO  http.HttpServer2 (HttpServer2.java:addGlobalFilter(975)) - Added global filter 'safety' (class=org.apache.hadoop.http.HttpServer2$QuotingInputFilter)
2019-09-12 01:40:24,523 [main] INFO  http.HttpServer2 (HttpServer2.java:addFilter(948)) - Added filter static_user_filter (class=org.apache.hadoop.http.lib.StaticUserWebFilter$StaticUserFilter) to context hddsDatanode
2019-09-12 01:40:24,523 [main] INFO  http.HttpServer2 (HttpServer2.java:addFilter(958)) - Added filter static_user_filter (class=org.apache.hadoop.http.lib.StaticUserWebFilter$StaticUserFilter) to context logs
2019-09-12 01:40:24,523 [main] INFO  http.HttpServer2 (HttpServer2.java:addFilter(958)) - Added filter static_user_filter (class=org.apache.hadoop.http.lib.StaticUserWebFilter$StaticUserFilter) to context static
2019-09-12 01:40:24,524 [main] INFO  http.HttpServer2 (HttpServer2.java:bindListener(1191)) - Jetty bound to port 44140
2019-09-12 01:40:24,524 [main] INFO  server.Server (Server.java:doStart(351)) - jetty-9.3.24.v20180605, build timestamp: 2018-06-05T17:11:56Z, git hash: 84205aa28f11a4f31f2a3b86d1bba2cc8ab69827
2019-09-12 01:40:24,526 [main] INFO  handler.ContextHandler (ContextHandler.java:doStart(781)) - Started o.e.j.s.ServletContextHandler@73e776b7{/logs,file:///workdir/hadoop-ozone/integration-test/target/log,AVAILABLE}
2019-09-12 01:40:24,526 [main] INFO  handler.ContextHandler (ContextHandler.java:doStart(781)) - Started o.e.j.s.ServletContextHandler@4d0cc83e{/static,jar:file:/home/user/.m2/repository/org/apache/hadoop/hadoop-hdds-container-service/0.5.0-SNAPSHOT/hadoop-hdds-container-service-0.5.0-SNAPSHOT.jar!/webapps/static,AVAILABLE}
2019-09-12 01:40:24,556 [main] INFO  handler.ContextHandler (ContextHandler.java:doStart(781)) - Started o.e.j.w.WebAppContext@b0f2d91{/,file:///tmp/jetty-0.0.0.0-44140-hddsDatanode-_-any-2010740753827311004.dir/webapp/,AVAILABLE}{/hddsDatanode}
2019-09-12 01:40:24,556 [main] INFO  server.AbstractConnector (AbstractConnector.java:doStart(278)) - Started ServerConnector@7243145f{HTTP/1.1,[http/1.1]}{0.0.0.0:44140}
2019-09-12 01:40:24,558 [main] INFO  server.Server (Server.java:doStart(419)) - Started @192401ms
2019-09-12 01:40:24,558 [main] WARN  impl.MetricsSystemImpl (MetricsSystemImpl.java:register(276)) - Sink prometheus already exists!
2019-09-12 01:40:24,558 [main] INFO  server.BaseHttpServer (BaseHttpServer.java:updateConnectorAddress(215)) - HTTP server of HDDSDATANODE is listening at http://0.0.0.0:44140
2019-09-12 01:40:24,559 [main] INFO  impl.MetricsSystemImpl (MetricsSystemImpl.java:init(158)) - HddsDatanode metrics system started (again)
2019-09-12 01:40:24,562 [org.apache.hadoop.util.JvmPauseMonitor$Monitor@67a9a8da] INFO  util.JvmPauseMonitor (JvmPauseMonitor.java:run(188)) - Starting JVM pause monitor
2019-09-12 01:40:24,562 [main] INFO  ozone.HddsDatanodeService (HddsDatanodeService.java:start(184)) - HddsDatanodeService host:pr-hdds-2007-7njtk-1085629304 ip:192.168.5.171
2019-09-12 01:40:24,563 [Datanode State Machine Thread - 0] INFO  datanode.InitDatanodeState (InitDatanodeState.java:persistContainerDatanodeDetails(140)) - DatanodeDetails is persisted to /workdir/hadoop-ozone/integration-test/target/test-dir/MiniOzoneClusterImpl-8d24175b-b5af-4536-8aa2-3b49cded71dd/datanode-5/meta/datanode.id
2019-09-12 01:40:24,569 [main] INFO  volume.HddsVolume (HddsVolume.java:<init>(176)) - Creating Volume: /workdir/hadoop-ozone/integration-test/target/test-dir/MiniOzoneClusterImpl-8d24175b-b5af-4536-8aa2-3b49cded71dd/datanode-6/data/containers/hdds of  storage type : DISK and capacity : 1482555576320
2019-09-12 01:40:24,569 [main] INFO  volume.VolumeSet (VolumeSet.java:initializeVolumeSet(170)) - Added Volume : /workdir/hadoop-ozone/integration-test/target/test-dir/MiniOzoneClusterImpl-8d24175b-b5af-4536-8aa2-3b49cded71dd/datanode-6/data/containers/hdds to VolumeSet
2019-09-12 01:40:24,569 [main] INFO  volume.ThrottledAsyncChecker (ThrottledAsyncChecker.java:schedule(140)) - Scheduling a check for org.apache.hadoop.ozone.container.common.volume.HddsVolume@5b8572df
2019-09-12 01:40:24,570 [main] INFO  volume.HddsVolumeChecker (HddsVolumeChecker.java:checkAllVolumes(203)) - Scheduled health check for volume org.apache.hadoop.ozone.container.common.volume.HddsVolume@5b8572df
2019-09-12 01:40:24,589 [main] INFO  impl.RaftServerProxy (ConfUtils.java:logGet(43)) - raft.rpc.type = GRPC (default)
2019-09-12 01:40:24,589 [main] INFO  grpc.GrpcFactory (GrpcFactory.java:checkPooledByteBufAllocatorUseCacheForAllThreads(45)) - PERFORMANCE WARNING: useCacheForAllThreads is true that may cause Netty to create a lot garbage objects and, as a result, trigger GC.
	It is recommended to disable useCacheForAllThreads by setting -Dorg.apache.ratis.thirdparty.io.netty.allocator.useCacheForAllThreads=false in command line.
2019-09-12 01:40:24,589 [main] INFO  grpc.GrpcConfigKeys$Server (ConfUtils.java:logGet(43)) - raft.grpc.server.port = 0 (default)
2019-09-12 01:40:24,589 [main] INFO  server.GrpcService (ConfUtils.java:logGet(43)) - raft.grpc.message.size.max = 33570816 (custom)
2019-09-12 01:40:24,590 [main] INFO  server.RaftServerConfigKeys (ConfUtils.java:logGet(43)) - raft.server.log.appender.buffer.byte-limit = 33554432 (custom)
2019-09-12 01:40:24,590 [main] INFO  server.GrpcService (ConfUtils.java:logGet(43)) - raft.grpc.flow.control.window = 1MB (=1048576) (default)
2019-09-12 01:40:24,590 [main] INFO  server.RaftServerConfigKeys (ConfUtils.java:logGet(43)) - raft.server.rpc.request.timeout = 3000ms (default)
2019-09-12 01:40:24,591 [main] INFO  server.RaftServerConfigKeys (ConfUtils.java:logGet(43)) - raft.server.storage.dir = [/workdir/hadoop-ozone/integration-test/target/test-dir/MiniOzoneClusterImpl-8d24175b-b5af-4536-8aa2-3b49cded71dd/datanode-6/data/ratis] (custom)
2019-09-12 01:40:24,592 [main] INFO  hdfs.DFSUtil (DFSUtil.java:httpServerTemplateForNNAndJN(1641)) - Starting Web-server for hddsDatanode at: http://0.0.0.0:0
2019-09-12 01:40:24,593 [main] INFO  server.AuthenticationFilter (AuthenticationFilter.java:constructSecretProvider(240)) - Unable to initialize FileSignerSecretProvider, falling back to use random secrets.
2019-09-12 01:40:24,593 [main] WARN  http.HttpRequestLog (HttpRequestLog.java:getRequestLog(97)) - Jetty request log can only be enabled using Log4j
2019-09-12 01:40:24,595 [main] INFO  http.HttpServer2 (HttpServer2.java:addGlobalFilter(975)) - Added global filter 'safety' (class=org.apache.hadoop.http.HttpServer2$QuotingInputFilter)
2019-09-12 01:40:24,596 [main] INFO  http.HttpServer2 (HttpServer2.java:addFilter(948)) - Added filter static_user_filter (class=org.apache.hadoop.http.lib.StaticUserWebFilter$StaticUserFilter) to context hddsDatanode
2019-09-12 01:40:24,596 [main] INFO  http.HttpServer2 (HttpServer2.java:addFilter(958)) - Added filter static_user_filter (class=org.apache.hadoop.http.lib.StaticUserWebFilter$StaticUserFilter) to context logs
2019-09-12 01:40:24,596 [main] INFO  http.HttpServer2 (HttpServer2.java:addFilter(958)) - Added filter static_user_filter (class=org.apache.hadoop.http.lib.StaticUserWebFilter$StaticUserFilter) to context static
2019-09-12 01:40:24,597 [main] INFO  http.HttpServer2 (HttpServer2.java:bindListener(1191)) - Jetty bound to port 43948
2019-09-12 01:40:24,597 [main] INFO  server.Server (Server.java:doStart(351)) - jetty-9.3.24.v20180605, build timestamp: 2018-06-05T17:11:56Z, git hash: 84205aa28f11a4f31f2a3b86d1bba2cc8ab69827
2019-09-12 01:40:24,599 [main] INFO  handler.ContextHandler (ContextHandler.java:doStart(781)) - Started o.e.j.s.ServletContextHandler@3c9ef6e9{/logs,file:///workdir/hadoop-ozone/integration-test/target/log,AVAILABLE}
2019-09-12 01:40:24,599 [main] INFO  handler.ContextHandler (ContextHandler.java:doStart(781)) - Started o.e.j.s.ServletContextHandler@57e5396b{/static,jar:file:/home/user/.m2/repository/org/apache/hadoop/hadoop-hdds-container-service/0.5.0-SNAPSHOT/hadoop-hdds-container-service-0.5.0-SNAPSHOT.jar!/webapps/static,AVAILABLE}
2019-09-12 01:40:24,627 [main] INFO  handler.ContextHandler (ContextHandler.java:doStart(781)) - Started o.e.j.w.WebAppContext@45592af7{/,file:///tmp/jetty-0.0.0.0-43948-hddsDatanode-_-any-2502599108130715062.dir/webapp/,AVAILABLE}{/hddsDatanode}
2019-09-12 01:40:24,627 [main] INFO  server.AbstractConnector (AbstractConnector.java:doStart(278)) - Started ServerConnector@77b5148c{HTTP/1.1,[http/1.1]}{0.0.0.0:43948}
2019-09-12 01:40:24,628 [main] INFO  server.Server (Server.java:doStart(419)) - Started @192472ms
2019-09-12 01:40:24,629 [main] WARN  impl.MetricsSystemImpl (MetricsSystemImpl.java:register(276)) - Sink prometheus already exists!
2019-09-12 01:40:24,629 [main] INFO  server.BaseHttpServer (BaseHttpServer.java:updateConnectorAddress(215)) - HTTP server of HDDSDATANODE is listening at http://0.0.0.0:43948
2019-09-12 01:40:24,630 [main] INFO  ozone.MiniOzoneClusterImpl (MiniOzoneClusterImpl.java:lambda$waitForClusterToBeReady$0(145)) - Waiting for cluster to be ready. Got 0 of 7 DN Heartbeats.
2019-09-12 01:40:24,631 [org.apache.hadoop.util.JvmPauseMonitor$Monitor@69d94d41] INFO  util.JvmPauseMonitor (JvmPauseMonitor.java:run(188)) - Starting JVM pause monitor
2019-09-12 01:40:24,632 [Datanode State Machine Thread - 0] INFO  datanode.InitDatanodeState (InitDatanodeState.java:persistContainerDatanodeDetails(140)) - DatanodeDetails is persisted to /workdir/hadoop-ozone/integration-test/target/test-dir/MiniOzoneClusterImpl-8d24175b-b5af-4536-8aa2-3b49cded71dd/datanode-6/meta/datanode.id
2019-09-12 01:40:25,630 [main] INFO  ozone.MiniOzoneClusterImpl (MiniOzoneClusterImpl.java:lambda$waitForClusterToBeReady$0(145)) - Waiting for cluster to be ready. Got 0 of 7 DN Heartbeats.
2019-09-12 01:40:26,227 [Datanode State Machine Thread - 0] INFO  ozoneimpl.OzoneContainer (OzoneContainer.java:start(201)) - Attempting to start container services.
2019-09-12 01:40:26,227 [Datanode State Machine Thread - 0] INFO  ozoneimpl.OzoneContainer (OzoneContainer.java:startContainerScrub(175)) - Background container scrubber has been disabled by hdds.containerscrub.enabled
2019-09-12 01:40:26,227 [Datanode State Machine Thread - 0] INFO  ratis.XceiverServerRatis (XceiverServerRatis.java:start(393)) - Starting XceiverServerRatis 35dde83a-dc1b-4dac-8609-3afeb2183593 at port 0
2019-09-12 01:40:26,235 [Datanode State Machine Thread - 0] INFO  impl.RaftServerProxy (RaftServerProxy.java:lambda$start$3(299)) - 35dde83a-dc1b-4dac-8609-3afeb2183593: start RPC server
2019-09-12 01:40:26,244 [Datanode State Machine Thread - 0] INFO  server.GrpcService (GrpcService.java:startImpl(149)) - 35dde83a-dc1b-4dac-8609-3afeb2183593: GrpcService started, listening on 0.0.0.0/0.0.0.0:45647
2019-09-12 01:40:26,244 [Datanode State Machine Thread - 0] INFO  ratis.XceiverServerRatis (XceiverServerRatis.java:start(403)) - XceiverServerRatis 35dde83a-dc1b-4dac-8609-3afeb2183593 is started using port 45647
2019-09-12 01:40:26,246 [Datanode State Machine Thread - 0] INFO  server.XceiverServerGrpc (XceiverServerGrpc.java:start(163)) - XceiverServerGrpc 35dde83a-dc1b-4dac-8609-3afeb2183593 is started using port 46201
2019-09-12 01:40:26,288 [Datanode State Machine Thread - 0] INFO  ozoneimpl.OzoneContainer (OzoneContainer.java:start(201)) - Attempting to start container services.
2019-09-12 01:40:26,288 [Datanode State Machine Thread - 0] INFO  ozoneimpl.OzoneContainer (OzoneContainer.java:startContainerScrub(175)) - Background container scrubber has been disabled by hdds.containerscrub.enabled
2019-09-12 01:40:26,288 [Datanode State Machine Thread - 0] INFO  ratis.XceiverServerRatis (XceiverServerRatis.java:start(393)) - Starting XceiverServerRatis 666c9d7c-114b-4ab1-832f-607879c4ea44 at port 0
2019-09-12 01:40:26,295 [Datanode State Machine Thread - 0] INFO  impl.RaftServerProxy (RaftServerProxy.java:lambda$start$3(299)) - 666c9d7c-114b-4ab1-832f-607879c4ea44: start RPC server
2019-09-12 01:40:26,297 [Datanode State Machine Thread - 0] INFO  server.GrpcService (GrpcService.java:startImpl(149)) - 666c9d7c-114b-4ab1-832f-607879c4ea44: GrpcService started, listening on 0.0.0.0/0.0.0.0:44346
2019-09-12 01:40:26,297 [Datanode State Machine Thread - 0] INFO  ratis.XceiverServerRatis (XceiverServerRatis.java:start(403)) - XceiverServerRatis 666c9d7c-114b-4ab1-832f-607879c4ea44 is started using port 44346
2019-09-12 01:40:26,298 [Datanode State Machine Thread - 0] INFO  server.XceiverServerGrpc (XceiverServerGrpc.java:start(163)) - XceiverServerGrpc 666c9d7c-114b-4ab1-832f-607879c4ea44 is started using port 35238
2019-09-12 01:40:26,367 [Datanode State Machine Thread - 0] INFO  ozoneimpl.OzoneContainer (OzoneContainer.java:start(201)) - Attempting to start container services.
2019-09-12 01:40:26,367 [Datanode State Machine Thread - 0] INFO  ozoneimpl.OzoneContainer (OzoneContainer.java:startContainerScrub(175)) - Background container scrubber has been disabled by hdds.containerscrub.enabled
2019-09-12 01:40:26,367 [Datanode State Machine Thread - 0] INFO  ratis.XceiverServerRatis (XceiverServerRatis.java:start(393)) - Starting XceiverServerRatis a21081bf-cd3a-4af0-ac7f-4f85472936c0 at port 0
2019-09-12 01:40:26,375 [Datanode State Machine Thread - 0] INFO  impl.RaftServerProxy (RaftServerProxy.java:lambda$start$3(299)) - a21081bf-cd3a-4af0-ac7f-4f85472936c0: start RPC server
2019-09-12 01:40:26,375 [Datanode State Machine Thread - 0] INFO  server.GrpcService (GrpcService.java:startImpl(149)) - a21081bf-cd3a-4af0-ac7f-4f85472936c0: GrpcService started, listening on 0.0.0.0/0.0.0.0:40720
2019-09-12 01:40:26,376 [Datanode State Machine Thread - 0] INFO  ratis.XceiverServerRatis (XceiverServerRatis.java:start(403)) - XceiverServerRatis a21081bf-cd3a-4af0-ac7f-4f85472936c0 is started using port 40720
2019-09-12 01:40:26,385 [Datanode State Machine Thread - 0] INFO  server.XceiverServerGrpc (XceiverServerGrpc.java:start(163)) - XceiverServerGrpc a21081bf-cd3a-4af0-ac7f-4f85472936c0 is started using port 42146
2019-09-12 01:40:26,439 [Datanode State Machine Thread - 0] INFO  ozoneimpl.OzoneContainer (OzoneContainer.java:start(201)) - Attempting to start container services.
2019-09-12 01:40:26,440 [Datanode State Machine Thread - 0] INFO  ozoneimpl.OzoneContainer (OzoneContainer.java:startContainerScrub(175)) - Background container scrubber has been disabled by hdds.containerscrub.enabled
2019-09-12 01:40:26,440 [Datanode State Machine Thread - 0] INFO  ratis.XceiverServerRatis (XceiverServerRatis.java:start(393)) - Starting XceiverServerRatis 959522c7-bbeb-4098-9bdc-443d0fadaa95 at port 0
2019-09-12 01:40:26,447 [Datanode State Machine Thread - 0] INFO  impl.RaftServerProxy (RaftServerProxy.java:lambda$start$3(299)) - 959522c7-bbeb-4098-9bdc-443d0fadaa95: start RPC server
2019-09-12 01:40:26,448 [Datanode State Machine Thread - 0] INFO  server.GrpcService (GrpcService.java:startImpl(149)) - 959522c7-bbeb-4098-9bdc-443d0fadaa95: GrpcService started, listening on 0.0.0.0/0.0.0.0:37340
2019-09-12 01:40:26,448 [Datanode State Machine Thread - 0] INFO  ratis.XceiverServerRatis (XceiverServerRatis.java:start(403)) - XceiverServerRatis 959522c7-bbeb-4098-9bdc-443d0fadaa95 is started using port 37340
2019-09-12 01:40:26,449 [Datanode State Machine Thread - 0] INFO  server.XceiverServerGrpc (XceiverServerGrpc.java:start(163)) - XceiverServerGrpc 959522c7-bbeb-4098-9bdc-443d0fadaa95 is started using port 40385
2019-09-12 01:40:26,508 [Datanode State Machine Thread - 0] INFO  ozoneimpl.OzoneContainer (OzoneContainer.java:start(201)) - Attempting to start container services.
2019-09-12 01:40:26,508 [Datanode State Machine Thread - 0] INFO  ozoneimpl.OzoneContainer (OzoneContainer.java:startContainerScrub(175)) - Background container scrubber has been disabled by hdds.containerscrub.enabled
2019-09-12 01:40:26,508 [Datanode State Machine Thread - 0] INFO  ratis.XceiverServerRatis (XceiverServerRatis.java:start(393)) - Starting XceiverServerRatis c4cf9f8a-4703-4a46-a507-73a96db3922e at port 0
2019-09-12 01:40:26,517 [Datanode State Machine Thread - 0] INFO  impl.RaftServerProxy (RaftServerProxy.java:lambda$start$3(299)) - c4cf9f8a-4703-4a46-a507-73a96db3922e: start RPC server
2019-09-12 01:40:26,517 [Datanode State Machine Thread - 0] INFO  server.GrpcService (GrpcService.java:startImpl(149)) - c4cf9f8a-4703-4a46-a507-73a96db3922e: GrpcService started, listening on 0.0.0.0/0.0.0.0:46158
2019-09-12 01:40:26,518 [Datanode State Machine Thread - 0] INFO  ratis.XceiverServerRatis (XceiverServerRatis.java:start(403)) - XceiverServerRatis c4cf9f8a-4703-4a46-a507-73a96db3922e is started using port 46158
2019-09-12 01:40:26,518 [Datanode State Machine Thread - 0] INFO  server.XceiverServerGrpc (XceiverServerGrpc.java:start(163)) - XceiverServerGrpc c4cf9f8a-4703-4a46-a507-73a96db3922e is started using port 33787
2019-09-12 01:40:26,580 [Datanode State Machine Thread - 0] INFO  ozoneimpl.OzoneContainer (OzoneContainer.java:start(201)) - Attempting to start container services.
2019-09-12 01:40:26,580 [Datanode State Machine Thread - 0] INFO  ozoneimpl.OzoneContainer (OzoneContainer.java:startContainerScrub(175)) - Background container scrubber has been disabled by hdds.containerscrub.enabled
2019-09-12 01:40:26,580 [Datanode State Machine Thread - 0] INFO  ratis.XceiverServerRatis (XceiverServerRatis.java:start(393)) - Starting XceiverServerRatis bb1d4850-1a3f-4b45-9b70-f14571176219 at port 0
2019-09-12 01:40:26,588 [Datanode State Machine Thread - 0] INFO  impl.RaftServerProxy (RaftServerProxy.java:lambda$start$3(299)) - bb1d4850-1a3f-4b45-9b70-f14571176219: start RPC server
2019-09-12 01:40:26,589 [Datanode State Machine Thread - 0] INFO  server.GrpcService (GrpcService.java:startImpl(149)) - bb1d4850-1a3f-4b45-9b70-f14571176219: GrpcService started, listening on 0.0.0.0/0.0.0.0:34667
2019-09-12 01:40:26,589 [Datanode State Machine Thread - 0] INFO  ratis.XceiverServerRatis (XceiverServerRatis.java:start(403)) - XceiverServerRatis bb1d4850-1a3f-4b45-9b70-f14571176219 is started using port 34667
2019-09-12 01:40:26,589 [Datanode State Machine Thread - 0] INFO  server.XceiverServerGrpc (XceiverServerGrpc.java:start(163)) - XceiverServerGrpc bb1d4850-1a3f-4b45-9b70-f14571176219 is started using port 35267
2019-09-12 01:40:26,631 [main] INFO  ozone.MiniOzoneClusterImpl (MiniOzoneClusterImpl.java:lambda$waitForClusterToBeReady$0(145)) - Waiting for cluster to be ready. Got 0 of 7 DN Heartbeats.
2019-09-12 01:40:26,645 [Datanode State Machine Thread - 0] INFO  ozoneimpl.OzoneContainer (OzoneContainer.java:start(201)) - Attempting to start container services.
2019-09-12 01:40:26,645 [Datanode State Machine Thread - 0] INFO  ozoneimpl.OzoneContainer (OzoneContainer.java:startContainerScrub(175)) - Background container scrubber has been disabled by hdds.containerscrub.enabled
2019-09-12 01:40:26,645 [Datanode State Machine Thread - 0] INFO  ratis.XceiverServerRatis (XceiverServerRatis.java:start(393)) - Starting XceiverServerRatis 35075fe9-2a9b-4a2a-b9fa-25e2a868bd2e at port 0
2019-09-12 01:40:26,651 [Datanode State Machine Thread - 0] INFO  impl.RaftServerProxy (RaftServerProxy.java:lambda$start$3(299)) - 35075fe9-2a9b-4a2a-b9fa-25e2a868bd2e: start RPC server
2019-09-12 01:40:26,655 [Datanode State Machine Thread - 0] INFO  server.GrpcService (GrpcService.java:startImpl(149)) - 35075fe9-2a9b-4a2a-b9fa-25e2a868bd2e: GrpcService started, listening on 0.0.0.0/0.0.0.0:43677
2019-09-12 01:40:26,655 [Datanode State Machine Thread - 0] INFO  ratis.XceiverServerRatis (XceiverServerRatis.java:start(403)) - XceiverServerRatis 35075fe9-2a9b-4a2a-b9fa-25e2a868bd2e is started using port 43677
2019-09-12 01:40:26,657 [Datanode State Machine Thread - 0] INFO  server.XceiverServerGrpc (XceiverServerGrpc.java:start(163)) - XceiverServerGrpc 35075fe9-2a9b-4a2a-b9fa-25e2a868bd2e is started using port 33007
2019-09-12 01:40:27,631 [main] INFO  ozone.MiniOzoneClusterImpl (MiniOzoneClusterImpl.java:lambda$waitForClusterToBeReady$0(145)) - Waiting for cluster to be ready. Got 0 of 7 DN Heartbeats.
2019-09-12 01:40:28,207 [IPC Server handler 0 on 36412] INFO  net.NetworkTopology (NetworkTopologyImpl.java:add(110)) - Added a new node: /default-rack/35dde83a-dc1b-4dac-8609-3afeb2183593
2019-09-12 01:40:28,209 [IPC Server handler 0 on 36412] INFO  node.SCMNodeManager (SCMNodeManager.java:register(266)) - Registered Data node : 35dde83a-dc1b-4dac-8609-3afeb2183593{ip: 192.168.5.171, host: pr-hdds-2007-7njtk-1085629304, networkLocation: /default-rack, certSerialId: null}
2019-09-12 01:40:28,211 [EventQueue-NodeRegistrationContainerReportForDataNodeSafeModeRule] INFO  safemode.SCMSafeModeManager (DataNodeSafeModeRule.java:process(71)) - SCM in safe mode. 1 DataNodes registered, 1 required.
2019-09-12 01:40:28,213 [EventQueue-NodeRegistrationContainerReportForDataNodeSafeModeRule] INFO  safemode.SCMSafeModeManager (SCMSafeModeManager.java:validateSafeModeExitRules(177)) - ScmSafeModeManager, all rules are successfully validated
2019-09-12 01:40:28,213 [EventQueue-NodeRegistrationContainerReportForDataNodeSafeModeRule] INFO  safemode.SCMSafeModeManager (SCMSafeModeManager.java:exitSafeMode(193)) - SCM exiting safe mode.
2019-09-12 01:40:28,223 [grpc-default-executor-3] INFO  impl.RaftServerProxy (RaftServerProxy.java:addNew(89)) - 35dde83a-dc1b-4dac-8609-3afeb2183593: addNew group-89EF524285CF:[35dde83a-dc1b-4dac-8609-3afeb2183593:192.168.5.171:45647] returns group-89EF524285CF:java.util.concurrent.CompletableFuture@71d7dbc2[Not completed]
2019-09-12 01:40:28,225 [pool-295-thread-1] INFO  impl.RaftServerImpl (RaftServerImpl.java:<init>(93)) - 35dde83a-dc1b-4dac-8609-3afeb2183593: new RaftServerImpl for group-89EF524285CF:[35dde83a-dc1b-4dac-8609-3afeb2183593:192.168.5.171:45647] with ContainerStateMachine:uninitialized
2019-09-12 01:40:28,225 [pool-295-thread-1] INFO  server.RaftServerConfigKeys (ConfUtils.java:logGet(43)) - raft.server.rpc.timeout.min = 5s (custom)
2019-09-12 01:40:28,225 [pool-295-thread-1] INFO  server.RaftServerConfigKeys (ConfUtils.java:logGet(43)) - raft.server.rpc.timeout.max = 5200ms (custom)
2019-09-12 01:40:28,226 [pool-295-thread-1] INFO  server.RaftServerConfigKeys (ConfUtils.java:logGet(43)) - raft.server.rpcslowness.timeout = 120s (custom)
2019-09-12 01:40:28,226 [pool-295-thread-1] INFO  server.RaftServerConfigKeys (ConfUtils.java:logGet(43)) - raft.server.sleep.deviation.threshold = 300 (default)
2019-09-12 01:40:28,226 [pool-295-thread-1] INFO  server.RaftServerConfigKeys (ConfUtils.java:logGet(43)) - raft.server.log.appender.install.snapshot.enabled = false (custom)
2019-09-12 01:40:28,226 [pool-295-thread-1] INFO  impl.RaftServerImpl (ServerState.java:<init>(105)) - 35dde83a-dc1b-4dac-8609-3afeb2183593:group-89EF524285CF ConfigurationManager, init=-1: [35dde83a-dc1b-4dac-8609-3afeb2183593:192.168.5.171:45647], old=null, confs=<EMPTY_MAP>
2019-09-12 01:40:28,226 [pool-295-thread-1] INFO  server.RaftServerConfigKeys (ConfUtils.java:logGet(43)) - raft.server.storage.dir = [/workdir/hadoop-ozone/integration-test/target/test-dir/MiniOzoneClusterImpl-8d24175b-b5af-4536-8aa2-3b49cded71dd/datanode-0/data/ratis] (custom)
2019-09-12 01:40:28,227 [pool-295-thread-1] INFO  storage.RaftStorageDirectory (RaftStorageDirectory.java:analyzeStorage(246)) - The storage directory /workdir/hadoop-ozone/integration-test/target/test-dir/MiniOzoneClusterImpl-8d24175b-b5af-4536-8aa2-3b49cded71dd/datanode-0/data/ratis/980a36f2-cace-4300-bada-89ef524285cf does not exist. Creating ...
2019-09-12 01:40:28,233 [pool-295-thread-1] INFO  storage.RaftStorageDirectory (RaftStorageDirectory.java:tryLock(328)) - Lock on /workdir/hadoop-ozone/integration-test/target/test-dir/MiniOzoneClusterImpl-8d24175b-b5af-4536-8aa2-3b49cded71dd/datanode-0/data/ratis/980a36f2-cace-4300-bada-89ef524285cf/in_use.lock acquired by nodename 22335@pr-hdds-2007-7njtk-1085629304
2019-09-12 01:40:28,259 [pool-295-thread-1] INFO  storage.RaftStorage (RaftStorage.java:format(72)) - Storage directory /workdir/hadoop-ozone/integration-test/target/test-dir/MiniOzoneClusterImpl-8d24175b-b5af-4536-8aa2-3b49cded71dd/datanode-0/data/ratis/980a36f2-cace-4300-bada-89ef524285cf has been successfully formatted.
2019-09-12 01:40:28,259 [pool-295-thread-1] INFO  ratis.ContainerStateMachine (ContainerStateMachine.java:loadSnapshot(227)) - group-89EF524285CF: The snapshot info is null. Setting the last applied indexto:(t:0, i:~)
2019-09-12 01:40:28,259 [pool-295-thread-1] INFO  server.RaftServerConfigKeys (ConfUtils.java:logGet(43)) - raft.server.leader.election.timeout = 120s (custom)
2019-09-12 01:40:28,260 [pool-295-thread-1] INFO  server.RaftServerConfigKeys (ConfUtils.java:logGet(43)) - raft.server.log.use.memory = false (default)
2019-09-12 01:40:28,260 [pool-295-thread-1] INFO  server.RaftServerConfigKeys (ConfUtils.java:logGet(43)) - raft.server.log.purge.gap = 1000000 (custom)
2019-09-12 01:40:28,260 [pool-295-thread-1] INFO  server.RaftServerConfigKeys (ConfUtils.java:logGet(43)) - raft.server.log.appender.buffer.byte-limit = 33554432 (custom)
2019-09-12 01:40:28,260 [pool-295-thread-1] INFO  server.RaftServerConfigKeys (ConfUtils.java:logGet(43)) - raft.server.log.segment.size.max = 1048576 (custom)
2019-09-12 01:40:28,260 [pool-295-thread-1] INFO  server.RaftServerConfigKeys (ConfUtils.java:logGet(43)) - raft.server.log.segment.cache.num.max = 2 (custom)
2019-09-12 01:40:28,261 [pool-295-thread-1] INFO  segmented.SegmentedRaftLogWorker (SegmentedRaftLogWorker.java:<init>(172)) - new 35dde83a-dc1b-4dac-8609-3afeb2183593-SegmentedRaftLogWorker:Storage Directory /workdir/hadoop-ozone/integration-test/target/test-dir/MiniOzoneClusterImpl-8d24175b-b5af-4536-8aa2-3b49cded71dd/datanode-0/data/ratis/980a36f2-cace-4300-bada-89ef524285cf for RaftStorage:Storage Directory /workdir/hadoop-ozone/integration-test/target/test-dir/MiniOzoneClusterImpl-8d24175b-b5af-4536-8aa2-3b49cded71dd/datanode-0/data/ratis/980a36f2-cace-4300-bada-89ef524285cf
2019-09-12 01:40:28,261 [pool-295-thread-1] INFO  server.RaftServerConfigKeys (ConfUtils.java:logGet(43)) - raft.server.log.queue.byte-limit = 2147483647 (custom)
2019-09-12 01:40:28,261 [pool-295-thread-1] INFO  server.RaftServerConfigKeys (ConfUtils.java:logGet(43)) - raft.server.log.queue.element-limit = 1024 (custom)
2019-09-12 01:40:28,261 [pool-295-thread-1] INFO  server.RaftServerConfigKeys (ConfUtils.java:logGet(43)) - raft.server.log.segment.size.max = 1048576 (custom)
2019-09-12 01:40:28,262 [pool-295-thread-1] INFO  server.RaftServerConfigKeys (ConfUtils.java:logGet(43)) - raft.server.log.preallocated.size = 16384 (custom)
2019-09-12 01:40:28,262 [pool-295-thread-1] INFO  server.RaftServerConfigKeys (ConfUtils.java:logGet(43)) - raft.server.log.write.buffer.size = 33554432 (custom)
2019-09-12 01:40:28,262 [pool-295-thread-1] INFO  server.RaftServerConfigKeys (ConfUtils.java:logGet(43)) - raft.server.log.force.sync.num = 128 (default)
2019-09-12 01:40:28,262 [pool-295-thread-1] INFO  server.RaftServerConfigKeys (ConfUtils.java:logGet(43)) - raft.server.log.statemachine.data.sync = true (default)
2019-09-12 01:40:28,262 [pool-295-thread-1] INFO  server.RaftServerConfigKeys (ConfUtils.java:logGet(43)) - raft.server.log.statemachine.data.sync.timeout = 10s (default)
2019-09-12 01:40:28,262 [pool-295-thread-1] INFO  server.RaftServerConfigKeys (ConfUtils.java:logGet(43)) - raft.server.log.statemachine.data.sync.timeout.retry = -1 (default)
2019-09-12 01:40:28,263 [pool-295-thread-1] INFO  server.RaftServerConfigKeys (ConfUtils.java:logGet(43)) - raft.server.log.statemachine.data.caching.enabled = true (custom)
2019-09-12 01:40:28,263 [pool-295-thread-1] INFO  segmented.SegmentedRaftLogWorker (SegmentedRaftLogWorker.java:lambda$new$0(132)) - 35dde83a-dc1b-4dac-8609-3afeb2183593-SegmentedRaftLogWorker:Storage Directory /workdir/hadoop-ozone/integration-test/target/test-dir/MiniOzoneClusterImpl-8d24175b-b5af-4536-8aa2-3b49cded71dd/datanode-0/data/ratis/980a36f2-cace-4300-bada-89ef524285cf: flushIndex: setUnconditionally 0 -> -1
2019-09-12 01:40:28,264 [pool-295-thread-1] INFO  server.RaftServerConfigKeys (ConfUtils.java:logGet(43)) - raft.server.snapshot.auto.trigger.enabled = true (custom)
2019-09-12 01:40:28,264 [pool-295-thread-1] INFO  server.RaftServerConfigKeys (ConfUtils.java:logGet(43)) - raft.server.snapshot.auto.trigger.threshold = 10000 (custom)
2019-09-12 01:40:28,264 [pool-295-thread-1] INFO  server.RaftServerConfigKeys (ConfUtils.java:logGet(43)) - raft.server.retrycache.expirytime = 600000ms (custom)
2019-09-12 01:40:28,264 [pool-295-thread-1] INFO  impl.RaftServerImpl (RaftServerImpl.java:start(180)) - 35dde83a-dc1b-4dac-8609-3afeb2183593: start group-89EF524285CF
2019-09-12 01:40:28,264 [pool-295-thread-1] INFO  impl.RaftServerImpl (RaftServerImpl.java:setRole(171)) - 35dde83a-dc1b-4dac-8609-3afeb2183593:group-89EF524285CF changes role from null to FOLLOWER at term 0 for startAsFollower
2019-09-12 01:40:28,265 [pool-295-thread-1] INFO  impl.RoleInfo (RoleInfo.java:updateAndGet(143)) - 35dde83a-dc1b-4dac-8609-3afeb2183593: start FollowerState
2019-09-12 01:40:28,265 [pool-295-thread-1] INFO  util.JmxRegister (JmxRegister.java:tryRegister(44)) - Successfully registered JMX Bean with object name Ratis:service=RaftServer,group=group-89EF524285CF,id=35dde83a-dc1b-4dac-8609-3afeb2183593
2019-09-12 01:40:28,269 [IPC Server handler 1 on 36412] INFO  net.NetworkTopology (NetworkTopologyImpl.java:add(110)) - Added a new node: /default-rack/666c9d7c-114b-4ab1-832f-607879c4ea44
2019-09-12 01:40:28,269 [IPC Server handler 1 on 36412] INFO  node.SCMNodeManager (SCMNodeManager.java:register(266)) - Registered Data node : 666c9d7c-114b-4ab1-832f-607879c4ea44{ip: 192.168.5.171, host: pr-hdds-2007-7njtk-1085629304, networkLocation: /default-rack, certSerialId: null}
2019-09-12 01:40:28,270 [RatisPipelineUtilsThread] INFO  pipeline.PipelineStateManager (PipelineStateManager.java:addPipeline(56)) - Created pipeline Pipeline[ Id: 980a36f2-cace-4300-bada-89ef524285cf, Nodes: 35dde83a-dc1b-4dac-8609-3afeb2183593{ip: 192.168.5.171, host: pr-hdds-2007-7njtk-1085629304, networkLocation: /default-rack, certSerialId: null}, Type:RATIS, Factor:ONE, State:OPEN]
2019-09-12 01:40:28,280 [grpc-default-executor-3] INFO  impl.RaftServerProxy (RaftServerProxy.java:addNew(89)) - 666c9d7c-114b-4ab1-832f-607879c4ea44: addNew group-D0077958A82E:[666c9d7c-114b-4ab1-832f-607879c4ea44:192.168.5.171:44346] returns group-D0077958A82E:java.util.concurrent.CompletableFuture@2850efa2[Not completed]
2019-09-12 01:40:28,281 [pool-305-thread-1] INFO  impl.RaftServerImpl (RaftServerImpl.java:<init>(93)) - 666c9d7c-114b-4ab1-832f-607879c4ea44: new RaftServerImpl for group-D0077958A82E:[666c9d7c-114b-4ab1-832f-607879c4ea44:192.168.5.171:44346] with ContainerStateMachine:uninitialized
2019-09-12 01:40:28,282 [pool-305-thread-1] INFO  server.RaftServerConfigKeys (ConfUtils.java:logGet(43)) - raft.server.rpc.timeout.min = 5s (custom)
2019-09-12 01:40:28,282 [pool-305-thread-1] INFO  server.RaftServerConfigKeys (ConfUtils.java:logGet(43)) - raft.server.rpc.timeout.max = 5200ms (custom)
2019-09-12 01:40:28,282 [pool-305-thread-1] INFO  server.RaftServerConfigKeys (ConfUtils.java:logGet(43)) - raft.server.rpcslowness.timeout = 120s (custom)
2019-09-12 01:40:28,282 [pool-305-thread-1] INFO  server.RaftServerConfigKeys (ConfUtils.java:logGet(43)) - raft.server.sleep.deviation.threshold = 300 (default)
2019-09-12 01:40:28,282 [pool-305-thread-1] INFO  server.RaftServerConfigKeys (ConfUtils.java:logGet(43)) - raft.server.log.appender.install.snapshot.enabled = false (custom)
2019-09-12 01:40:28,282 [pool-305-thread-1] INFO  impl.RaftServerImpl (ServerState.java:<init>(105)) - 666c9d7c-114b-4ab1-832f-607879c4ea44:group-D0077958A82E ConfigurationManager, init=-1: [666c9d7c-114b-4ab1-832f-607879c4ea44:192.168.5.171:44346], old=null, confs=<EMPTY_MAP>
2019-09-12 01:40:28,283 [pool-305-thread-1] INFO  server.RaftServerConfigKeys (ConfUtils.java:logGet(43)) - raft.server.storage.dir = [/workdir/hadoop-ozone/integration-test/target/test-dir/MiniOzoneClusterImpl-8d24175b-b5af-4536-8aa2-3b49cded71dd/datanode-1/data/ratis] (custom)
2019-09-12 01:40:28,283 [pool-305-thread-1] INFO  storage.RaftStorageDirectory (RaftStorageDirectory.java:analyzeStorage(246)) - The storage directory /workdir/hadoop-ozone/integration-test/target/test-dir/MiniOzoneClusterImpl-8d24175b-b5af-4536-8aa2-3b49cded71dd/datanode-1/data/ratis/e76ffdd5-89bd-4f40-bc73-d0077958a82e does not exist. Creating ...
2019-09-12 01:40:28,292 [pool-305-thread-1] INFO  storage.RaftStorageDirectory (RaftStorageDirectory.java:tryLock(328)) - Lock on /workdir/hadoop-ozone/integration-test/target/test-dir/MiniOzoneClusterImpl-8d24175b-b5af-4536-8aa2-3b49cded71dd/datanode-1/data/ratis/e76ffdd5-89bd-4f40-bc73-d0077958a82e/in_use.lock acquired by nodename 22335@pr-hdds-2007-7njtk-1085629304
2019-09-12 01:40:28,316 [pool-305-thread-1] INFO  storage.RaftStorage (RaftStorage.java:format(72)) - Storage directory /workdir/hadoop-ozone/integration-test/target/test-dir/MiniOzoneClusterImpl-8d24175b-b5af-4536-8aa2-3b49cded71dd/datanode-1/data/ratis/e76ffdd5-89bd-4f40-bc73-d0077958a82e has been successfully formatted.
2019-09-12 01:40:28,316 [pool-305-thread-1] INFO  ratis.ContainerStateMachine (ContainerStateMachine.java:loadSnapshot(227)) - group-D0077958A82E: The snapshot info is null. Setting the last applied indexto:(t:0, i:~)
2019-09-12 01:40:28,316 [pool-305-thread-1] INFO  server.RaftServerConfigKeys (ConfUtils.java:logGet(43)) - raft.server.leader.election.timeout = 120s (custom)
2019-09-12 01:40:28,316 [pool-305-thread-1] INFO  server.RaftServerConfigKeys (ConfUtils.java:logGet(43)) - raft.server.log.use.memory = false (default)
2019-09-12 01:40:28,317 [pool-305-thread-1] INFO  server.RaftServerConfigKeys (ConfUtils.java:logGet(43)) - raft.server.log.purge.gap = 1000000 (custom)
2019-09-12 01:40:28,317 [pool-305-thread-1] INFO  server.RaftServerConfigKeys (ConfUtils.java:logGet(43)) - raft.server.log.appender.buffer.byte-limit = 33554432 (custom)
2019-09-12 01:40:28,317 [pool-305-thread-1] INFO  server.RaftServerConfigKeys (ConfUtils.java:logGet(43)) - raft.server.log.segment.size.max = 1048576 (custom)
2019-09-12 01:40:28,317 [pool-305-thread-1] INFO  server.RaftServerConfigKeys (ConfUtils.java:logGet(43)) - raft.server.log.segment.cache.num.max = 2 (custom)
2019-09-12 01:40:28,317 [pool-305-thread-1] INFO  segmented.SegmentedRaftLogWorker (SegmentedRaftLogWorker.java:<init>(172)) - new 666c9d7c-114b-4ab1-832f-607879c4ea44-SegmentedRaftLogWorker:Storage Directory /workdir/hadoop-ozone/integration-test/target/test-dir/MiniOzoneClusterImpl-8d24175b-b5af-4536-8aa2-3b49cded71dd/datanode-1/data/ratis/e76ffdd5-89bd-4f40-bc73-d0077958a82e for RaftStorage:Storage Directory /workdir/hadoop-ozone/integration-test/target/test-dir/MiniOzoneClusterImpl-8d24175b-b5af-4536-8aa2-3b49cded71dd/datanode-1/data/ratis/e76ffdd5-89bd-4f40-bc73-d0077958a82e
2019-09-12 01:40:28,318 [pool-305-thread-1] INFO  server.RaftServerConfigKeys (ConfUtils.java:logGet(43)) - raft.server.log.queue.byte-limit = 2147483647 (custom)
2019-09-12 01:40:28,318 [pool-305-thread-1] INFO  server.RaftServerConfigKeys (ConfUtils.java:logGet(43)) - raft.server.log.queue.element-limit = 1024 (custom)
2019-09-12 01:40:28,318 [pool-305-thread-1] INFO  server.RaftServerConfigKeys (ConfUtils.java:logGet(43)) - raft.server.log.segment.size.max = 1048576 (custom)
2019-09-12 01:40:28,318 [pool-305-thread-1] INFO  server.RaftServerConfigKeys (ConfUtils.java:logGet(43)) - raft.server.log.preallocated.size = 16384 (custom)
2019-09-12 01:40:28,318 [pool-305-thread-1] INFO  server.RaftServerConfigKeys (ConfUtils.java:logGet(43)) - raft.server.log.write.buffer.size = 33554432 (custom)
2019-09-12 01:40:28,319 [pool-305-thread-1] INFO  server.RaftServerConfigKeys (ConfUtils.java:logGet(43)) - raft.server.log.force.sync.num = 128 (default)
2019-09-12 01:40:28,319 [pool-305-thread-1] INFO  server.RaftServerConfigKeys (ConfUtils.java:logGet(43)) - raft.server.log.statemachine.data.sync = true (default)
2019-09-12 01:40:28,319 [pool-305-thread-1] INFO  server.RaftServerConfigKeys (ConfUtils.java:logGet(43)) - raft.server.log.statemachine.data.sync.timeout = 10s (default)
2019-09-12 01:40:28,319 [pool-305-thread-1] INFO  server.RaftServerConfigKeys (ConfUtils.java:logGet(43)) - raft.server.log.statemachine.data.sync.timeout.retry = -1 (default)
2019-09-12 01:40:28,319 [pool-305-thread-1] INFO  server.RaftServerConfigKeys (ConfUtils.java:logGet(43)) - raft.server.log.statemachine.data.caching.enabled = true (custom)
2019-09-12 01:40:28,320 [pool-305-thread-1] INFO  segmented.SegmentedRaftLogWorker (SegmentedRaftLogWorker.java:lambda$new$0(132)) - 666c9d7c-114b-4ab1-832f-607879c4ea44-SegmentedRaftLogWorker:Storage Directory /workdir/hadoop-ozone/integration-test/target/test-dir/MiniOzoneClusterImpl-8d24175b-b5af-4536-8aa2-3b49cded71dd/datanode-1/data/ratis/e76ffdd5-89bd-4f40-bc73-d0077958a82e: flushIndex: setUnconditionally 0 -> -1
2019-09-12 01:40:28,320 [pool-305-thread-1] INFO  server.RaftServerConfigKeys (ConfUtils.java:logGet(43)) - raft.server.snapshot.auto.trigger.enabled = true (custom)
2019-09-12 01:40:28,320 [pool-305-thread-1] INFO  server.RaftServerConfigKeys (ConfUtils.java:logGet(43)) - raft.server.snapshot.auto.trigger.threshold = 10000 (custom)
2019-09-12 01:40:28,321 [pool-305-thread-1] INFO  server.RaftServerConfigKeys (ConfUtils.java:logGet(43)) - raft.server.retrycache.expirytime = 600000ms (custom)
2019-09-12 01:40:28,321 [pool-305-thread-1] INFO  impl.RaftServerImpl (RaftServerImpl.java:start(180)) - 666c9d7c-114b-4ab1-832f-607879c4ea44: start group-D0077958A82E
2019-09-12 01:40:28,321 [pool-305-thread-1] INFO  impl.RaftServerImpl (RaftServerImpl.java:setRole(171)) - 666c9d7c-114b-4ab1-832f-607879c4ea44:group-D0077958A82E changes role from null to FOLLOWER at term 0 for startAsFollower
2019-09-12 01:40:28,321 [pool-305-thread-1] INFO  impl.RoleInfo (RoleInfo.java:updateAndGet(143)) - 666c9d7c-114b-4ab1-832f-607879c4ea44: start FollowerState
2019-09-12 01:40:28,322 [pool-305-thread-1] INFO  util.JmxRegister (JmxRegister.java:tryRegister(44)) - Successfully registered JMX Bean with object name Ratis:service=RaftServer,group=group-D0077958A82E,id=666c9d7c-114b-4ab1-832f-607879c4ea44
2019-09-12 01:40:28,327 [RatisPipelineUtilsThread] INFO  pipeline.PipelineStateManager (PipelineStateManager.java:addPipeline(56)) - Created pipeline Pipeline[ Id: e76ffdd5-89bd-4f40-bc73-d0077958a82e, Nodes: 666c9d7c-114b-4ab1-832f-607879c4ea44{ip: 192.168.5.171, host: pr-hdds-2007-7njtk-1085629304, networkLocation: /default-rack, certSerialId: null}, Type:RATIS, Factor:ONE, State:OPEN]
2019-09-12 01:40:28,347 [IPC Server handler 3 on 36412] INFO  net.NetworkTopology (NetworkTopologyImpl.java:add(110)) - Added a new node: /default-rack/a21081bf-cd3a-4af0-ac7f-4f85472936c0
2019-09-12 01:40:28,348 [IPC Server handler 3 on 36412] INFO  node.SCMNodeManager (SCMNodeManager.java:register(266)) - Registered Data node : a21081bf-cd3a-4af0-ac7f-4f85472936c0{ip: 192.168.5.171, host: pr-hdds-2007-7njtk-1085629304, networkLocation: /default-rack, certSerialId: null}
2019-09-12 01:40:28,357 [grpc-default-executor-3] INFO  impl.RaftServerProxy (RaftServerProxy.java:addNew(89)) - a21081bf-cd3a-4af0-ac7f-4f85472936c0: addNew group-79B9E2928D39:[a21081bf-cd3a-4af0-ac7f-4f85472936c0:192.168.5.171:40720] returns group-79B9E2928D39:java.util.concurrent.CompletableFuture@35ce4471[Not completed]
2019-09-12 01:40:28,358 [pool-315-thread-1] INFO  impl.RaftServerImpl (RaftServerImpl.java:<init>(93)) - a21081bf-cd3a-4af0-ac7f-4f85472936c0: new RaftServerImpl for group-79B9E2928D39:[a21081bf-cd3a-4af0-ac7f-4f85472936c0:192.168.5.171:40720] with ContainerStateMachine:uninitialized
2019-09-12 01:40:28,359 [pool-315-thread-1] INFO  server.RaftServerConfigKeys (ConfUtils.java:logGet(43)) - raft.server.rpc.timeout.min = 5s (custom)
2019-09-12 01:40:28,359 [pool-315-thread-1] INFO  server.RaftServerConfigKeys (ConfUtils.java:logGet(43)) - raft.server.rpc.timeout.max = 5200ms (custom)
2019-09-12 01:40:28,359 [pool-315-thread-1] INFO  server.RaftServerConfigKeys (ConfUtils.java:logGet(43)) - raft.server.rpcslowness.timeout = 120s (custom)
2019-09-12 01:40:28,359 [pool-315-thread-1] INFO  server.RaftServerConfigKeys (ConfUtils.java:logGet(43)) - raft.server.sleep.deviation.threshold = 300 (default)
2019-09-12 01:40:28,359 [pool-315-thread-1] INFO  server.RaftServerConfigKeys (ConfUtils.java:logGet(43)) - raft.server.log.appender.install.snapshot.enabled = false (custom)
2019-09-12 01:40:28,359 [pool-315-thread-1] INFO  impl.RaftServerImpl (ServerState.java:<init>(105)) - a21081bf-cd3a-4af0-ac7f-4f85472936c0:group-79B9E2928D39 ConfigurationManager, init=-1: [a21081bf-cd3a-4af0-ac7f-4f85472936c0:192.168.5.171:40720], old=null, confs=<EMPTY_MAP>
2019-09-12 01:40:28,360 [pool-315-thread-1] INFO  server.RaftServerConfigKeys (ConfUtils.java:logGet(43)) - raft.server.storage.dir = [/workdir/hadoop-ozone/integration-test/target/test-dir/MiniOzoneClusterImpl-8d24175b-b5af-4536-8aa2-3b49cded71dd/datanode-2/data/ratis] (custom)
2019-09-12 01:40:28,360 [pool-315-thread-1] INFO  storage.RaftStorageDirectory (RaftStorageDirectory.java:analyzeStorage(246)) - The storage directory /workdir/hadoop-ozone/integration-test/target/test-dir/MiniOzoneClusterImpl-8d24175b-b5af-4536-8aa2-3b49cded71dd/datanode-2/data/ratis/2ee608d7-f78e-4b59-a674-79b9e2928d39 does not exist. Creating ...
2019-09-12 01:40:28,373 [pool-315-thread-1] INFO  storage.RaftStorageDirectory (RaftStorageDirectory.java:tryLock(328)) - Lock on /workdir/hadoop-ozone/integration-test/target/test-dir/MiniOzoneClusterImpl-8d24175b-b5af-4536-8aa2-3b49cded71dd/datanode-2/data/ratis/2ee608d7-f78e-4b59-a674-79b9e2928d39/in_use.lock acquired by nodename 22335@pr-hdds-2007-7njtk-1085629304
2019-09-12 01:40:28,386 [pool-315-thread-1] INFO  storage.RaftStorage (RaftStorage.java:format(72)) - Storage directory /workdir/hadoop-ozone/integration-test/target/test-dir/MiniOzoneClusterImpl-8d24175b-b5af-4536-8aa2-3b49cded71dd/datanode-2/data/ratis/2ee608d7-f78e-4b59-a674-79b9e2928d39 has been successfully formatted.
2019-09-12 01:40:28,386 [pool-315-thread-1] INFO  ratis.ContainerStateMachine (ContainerStateMachine.java:loadSnapshot(227)) - group-79B9E2928D39: The snapshot info is null. Setting the last applied indexto:(t:0, i:~)
2019-09-12 01:40:28,386 [pool-315-thread-1] INFO  server.RaftServerConfigKeys (ConfUtils.java:logGet(43)) - raft.server.leader.election.timeout = 120s (custom)
2019-09-12 01:40:28,386 [pool-315-thread-1] INFO  server.RaftServerConfigKeys (ConfUtils.java:logGet(43)) - raft.server.log.use.memory = false (default)
2019-09-12 01:40:28,386 [pool-315-thread-1] INFO  server.RaftServerConfigKeys (ConfUtils.java:logGet(43)) - raft.server.log.purge.gap = 1000000 (custom)
2019-09-12 01:40:28,387 [pool-315-thread-1] INFO  server.RaftServerConfigKeys (ConfUtils.java:logGet(43)) - raft.server.log.appender.buffer.byte-limit = 33554432 (custom)
2019-09-12 01:40:28,387 [pool-315-thread-1] INFO  server.RaftServerConfigKeys (ConfUtils.java:logGet(43)) - raft.server.log.segment.size.max = 1048576 (custom)
2019-09-12 01:40:28,387 [pool-315-thread-1] INFO  server.RaftServerConfigKeys (ConfUtils.java:logGet(43)) - raft.server.log.segment.cache.num.max = 2 (custom)
2019-09-12 01:40:28,387 [pool-315-thread-1] INFO  segmented.SegmentedRaftLogWorker (SegmentedRaftLogWorker.java:<init>(172)) - new a21081bf-cd3a-4af0-ac7f-4f85472936c0-SegmentedRaftLogWorker:Storage Directory /workdir/hadoop-ozone/integration-test/target/test-dir/MiniOzoneClusterImpl-8d24175b-b5af-4536-8aa2-3b49cded71dd/datanode-2/data/ratis/2ee608d7-f78e-4b59-a674-79b9e2928d39 for RaftStorage:Storage Directory /workdir/hadoop-ozone/integration-test/target/test-dir/MiniOzoneClusterImpl-8d24175b-b5af-4536-8aa2-3b49cded71dd/datanode-2/data/ratis/2ee608d7-f78e-4b59-a674-79b9e2928d39
2019-09-12 01:40:28,387 [pool-315-thread-1] INFO  server.RaftServerConfigKeys (ConfUtils.java:logGet(43)) - raft.server.log.queue.byte-limit = 2147483647 (custom)
2019-09-12 01:40:28,387 [pool-315-thread-1] INFO  server.RaftServerConfigKeys (ConfUtils.java:logGet(43)) - raft.server.log.queue.element-limit = 1024 (custom)
2019-09-12 01:40:28,388 [pool-315-thread-1] INFO  server.RaftServerConfigKeys (ConfUtils.java:logGet(43)) - raft.server.log.segment.size.max = 1048576 (custom)
2019-09-12 01:40:28,388 [pool-315-thread-1] INFO  server.RaftServerConfigKeys (ConfUtils.java:logGet(43)) - raft.server.log.preallocated.size = 16384 (custom)
2019-09-12 01:40:28,388 [pool-315-thread-1] INFO  server.RaftServerConfigKeys (ConfUtils.java:logGet(43)) - raft.server.log.write.buffer.size = 33554432 (custom)
2019-09-12 01:40:28,388 [pool-315-thread-1] INFO  server.RaftServerConfigKeys (ConfUtils.java:logGet(43)) - raft.server.log.force.sync.num = 128 (default)
2019-09-12 01:40:28,388 [pool-315-thread-1] INFO  server.RaftServerConfigKeys (ConfUtils.java:logGet(43)) - raft.server.log.statemachine.data.sync = true (default)
2019-09-12 01:40:28,388 [pool-315-thread-1] INFO  server.RaftServerConfigKeys (ConfUtils.java:logGet(43)) - raft.server.log.statemachine.data.sync.timeout = 10s (default)
2019-09-12 01:40:28,388 [pool-315-thread-1] INFO  server.RaftServerConfigKeys (ConfUtils.java:logGet(43)) - raft.server.log.statemachine.data.sync.timeout.retry = -1 (default)
2019-09-12 01:40:28,389 [pool-315-thread-1] INFO  server.RaftServerConfigKeys (ConfUtils.java:logGet(43)) - raft.server.log.statemachine.data.caching.enabled = true (custom)
2019-09-12 01:40:28,389 [pool-315-thread-1] INFO  segmented.SegmentedRaftLogWorker (SegmentedRaftLogWorker.java:lambda$new$0(132)) - a21081bf-cd3a-4af0-ac7f-4f85472936c0-SegmentedRaftLogWorker:Storage Directory /workdir/hadoop-ozone/integration-test/target/test-dir/MiniOzoneClusterImpl-8d24175b-b5af-4536-8aa2-3b49cded71dd/datanode-2/data/ratis/2ee608d7-f78e-4b59-a674-79b9e2928d39: flushIndex: setUnconditionally 0 -> -1
2019-09-12 01:40:28,389 [pool-315-thread-1] INFO  server.RaftServerConfigKeys (ConfUtils.java:logGet(43)) - raft.server.snapshot.auto.trigger.enabled = true (custom)
2019-09-12 01:40:28,390 [pool-315-thread-1] INFO  server.RaftServerConfigKeys (ConfUtils.java:logGet(43)) - raft.server.snapshot.auto.trigger.threshold = 10000 (custom)
2019-09-12 01:40:28,390 [pool-315-thread-1] INFO  server.RaftServerConfigKeys (ConfUtils.java:logGet(43)) - raft.server.retrycache.expirytime = 600000ms (custom)
2019-09-12 01:40:28,390 [pool-315-thread-1] INFO  impl.RaftServerImpl (RaftServerImpl.java:start(180)) - a21081bf-cd3a-4af0-ac7f-4f85472936c0: start group-79B9E2928D39
2019-09-12 01:40:28,390 [pool-315-thread-1] INFO  impl.RaftServerImpl (RaftServerImpl.java:setRole(171)) - a21081bf-cd3a-4af0-ac7f-4f85472936c0:group-79B9E2928D39 changes role from null to FOLLOWER at term 0 for startAsFollower
2019-09-12 01:40:28,390 [pool-315-thread-1] INFO  impl.RoleInfo (RoleInfo.java:updateAndGet(143)) - a21081bf-cd3a-4af0-ac7f-4f85472936c0: start FollowerState
2019-09-12 01:40:28,391 [pool-315-thread-1] INFO  util.JmxRegister (JmxRegister.java:tryRegister(44)) - Successfully registered JMX Bean with object name Ratis:service=RaftServer,group=group-79B9E2928D39,id=a21081bf-cd3a-4af0-ac7f-4f85472936c0
2019-09-12 01:40:28,396 [RatisPipelineUtilsThread] INFO  pipeline.PipelineStateManager (PipelineStateManager.java:addPipeline(56)) - Created pipeline Pipeline[ Id: 2ee608d7-f78e-4b59-a674-79b9e2928d39, Nodes: a21081bf-cd3a-4af0-ac7f-4f85472936c0{ip: 192.168.5.171, host: pr-hdds-2007-7njtk-1085629304, networkLocation: /default-rack, certSerialId: null}, Type:RATIS, Factor:ONE, State:OPEN]
2019-09-12 01:40:28,410 [grpc-default-executor-4] INFO  impl.RaftServerProxy (RaftServerProxy.java:addNew(89)) - 35dde83a-dc1b-4dac-8609-3afeb2183593: addNew group-90CF44FA079A:[666c9d7c-114b-4ab1-832f-607879c4ea44:192.168.5.171:44346, 35dde83a-dc1b-4dac-8609-3afeb2183593:192.168.5.171:45647, a21081bf-cd3a-4af0-ac7f-4f85472936c0:192.168.5.171:40720] returns group-90CF44FA079A:java.util.concurrent.CompletableFuture@4de4ebac[Not completed]
2019-09-12 01:40:28,410 [grpc-default-executor-3] INFO  impl.RaftServerProxy (RaftServerProxy.java:addNew(89)) - a21081bf-cd3a-4af0-ac7f-4f85472936c0: addNew group-90CF44FA079A:[666c9d7c-114b-4ab1-832f-607879c4ea44:192.168.5.171:44346, 35dde83a-dc1b-4dac-8609-3afeb2183593:192.168.5.171:45647, a21081bf-cd3a-4af0-ac7f-4f85472936c0:192.168.5.171:40720] returns group-90CF44FA079A:java.util.concurrent.CompletableFuture@4cc9705d[Not completed]
2019-09-12 01:40:28,417 [grpc-default-executor-3] INFO  impl.RaftServerProxy (RaftServerProxy.java:addNew(89)) - 666c9d7c-114b-4ab1-832f-607879c4ea44: addNew group-90CF44FA079A:[666c9d7c-114b-4ab1-832f-607879c4ea44:192.168.5.171:44346, 35dde83a-dc1b-4dac-8609-3afeb2183593:192.168.5.171:45647, a21081bf-cd3a-4af0-ac7f-4f85472936c0:192.168.5.171:40720] returns group-90CF44FA079A:java.util.concurrent.CompletableFuture@22ea52e1[Not completed]
2019-09-12 01:40:28,417 [pool-295-thread-1] INFO  impl.RaftServerImpl (RaftServerImpl.java:<init>(93)) - 35dde83a-dc1b-4dac-8609-3afeb2183593: new RaftServerImpl for group-90CF44FA079A:[666c9d7c-114b-4ab1-832f-607879c4ea44:192.168.5.171:44346, 35dde83a-dc1b-4dac-8609-3afeb2183593:192.168.5.171:45647, a21081bf-cd3a-4af0-ac7f-4f85472936c0:192.168.5.171:40720] with ContainerStateMachine:uninitialized
2019-09-12 01:40:28,418 [pool-295-thread-1] INFO  server.RaftServerConfigKeys (ConfUtils.java:logGet(43)) - raft.server.rpc.timeout.min = 5s (custom)
2019-09-12 01:40:28,418 [pool-295-thread-1] INFO  server.RaftServerConfigKeys (ConfUtils.java:logGet(43)) - raft.server.rpc.timeout.max = 5200ms (custom)
2019-09-12 01:40:28,418 [pool-295-thread-1] INFO  server.RaftServerConfigKeys (ConfUtils.java:logGet(43)) - raft.server.rpcslowness.timeout = 120s (custom)
2019-09-12 01:40:28,418 [pool-295-thread-1] INFO  server.RaftServerConfigKeys (ConfUtils.java:logGet(43)) - raft.server.sleep.deviation.threshold = 300 (default)
2019-09-12 01:40:28,418 [pool-295-thread-1] INFO  server.RaftServerConfigKeys (ConfUtils.java:logGet(43)) - raft.server.log.appender.install.snapshot.enabled = false (custom)
2019-09-12 01:40:28,418 [pool-295-thread-1] INFO  impl.RaftServerImpl (ServerState.java:<init>(105)) - 35dde83a-dc1b-4dac-8609-3afeb2183593:group-90CF44FA079A ConfigurationManager, init=-1: [666c9d7c-114b-4ab1-832f-607879c4ea44:192.168.5.171:44346, 35dde83a-dc1b-4dac-8609-3afeb2183593:192.168.5.171:45647, a21081bf-cd3a-4af0-ac7f-4f85472936c0:192.168.5.171:40720], old=null, confs=<EMPTY_MAP>
2019-09-12 01:40:28,418 [pool-295-thread-1] INFO  server.RaftServerConfigKeys (ConfUtils.java:logGet(43)) - raft.server.storage.dir = [/workdir/hadoop-ozone/integration-test/target/test-dir/MiniOzoneClusterImpl-8d24175b-b5af-4536-8aa2-3b49cded71dd/datanode-0/data/ratis] (custom)
2019-09-12 01:40:28,418 [pool-315-thread-1] INFO  impl.RaftServerImpl (RaftServerImpl.java:<init>(93)) - a21081bf-cd3a-4af0-ac7f-4f85472936c0: new RaftServerImpl for group-90CF44FA079A:[666c9d7c-114b-4ab1-832f-607879c4ea44:192.168.5.171:44346, 35dde83a-dc1b-4dac-8609-3afeb2183593:192.168.5.171:45647, a21081bf-cd3a-4af0-ac7f-4f85472936c0:192.168.5.171:40720] with ContainerStateMachine:uninitialized
2019-09-12 01:40:28,419 [pool-295-thread-1] INFO  storage.RaftStorageDirectory (RaftStorageDirectory.java:analyzeStorage(246)) - The storage directory /workdir/hadoop-ozone/integration-test/target/test-dir/MiniOzoneClusterImpl-8d24175b-b5af-4536-8aa2-3b49cded71dd/datanode-0/data/ratis/91906523-f0b3-41c0-8d32-90cf44fa079a does not exist. Creating ...
2019-09-12 01:40:28,419 [pool-315-thread-1] INFO  server.RaftServerConfigKeys (ConfUtils.java:logGet(43)) - raft.server.rpc.timeout.min = 5s (custom)
2019-09-12 01:40:28,419 [pool-315-thread-1] INFO  server.RaftServerConfigKeys (ConfUtils.java:logGet(43)) - raft.server.rpc.timeout.max = 5200ms (custom)
2019-09-12 01:40:28,419 [pool-315-thread-1] INFO  server.RaftServerConfigKeys (ConfUtils.java:logGet(43)) - raft.server.rpcslowness.timeout = 120s (custom)
2019-09-12 01:40:28,419 [pool-305-thread-1] INFO  impl.RaftServerImpl (RaftServerImpl.java:<init>(93)) - 666c9d7c-114b-4ab1-832f-607879c4ea44: new RaftServerImpl for group-90CF44FA079A:[666c9d7c-114b-4ab1-832f-607879c4ea44:192.168.5.171:44346, 35dde83a-dc1b-4dac-8609-3afeb2183593:192.168.5.171:45647, a21081bf-cd3a-4af0-ac7f-4f85472936c0:192.168.5.171:40720] with ContainerStateMachine:uninitialized
2019-09-12 01:40:28,419 [pool-315-thread-1] INFO  server.RaftServerConfigKeys (ConfUtils.java:logGet(43)) - raft.server.sleep.deviation.threshold = 300 (default)
2019-09-12 01:40:28,419 [pool-305-thread-1] INFO  server.RaftServerConfigKeys (ConfUtils.java:logGet(43)) - raft.server.rpc.timeout.min = 5s (custom)
2019-09-12 01:40:28,419 [pool-315-thread-1] INFO  server.RaftServerConfigKeys (ConfUtils.java:logGet(43)) - raft.server.log.appender.install.snapshot.enabled = false (custom)
2019-09-12 01:40:28,420 [pool-305-thread-1] INFO  server.RaftServerConfigKeys (ConfUtils.java:logGet(43)) - raft.server.rpc.timeout.max = 5200ms (custom)
2019-09-12 01:40:28,420 [pool-315-thread-1] INFO  impl.RaftServerImpl (ServerState.java:<init>(105)) - a21081bf-cd3a-4af0-ac7f-4f85472936c0:group-90CF44FA079A ConfigurationManager, init=-1: [666c9d7c-114b-4ab1-832f-607879c4ea44:192.168.5.171:44346, 35dde83a-dc1b-4dac-8609-3afeb2183593:192.168.5.171:45647, a21081bf-cd3a-4af0-ac7f-4f85472936c0:192.168.5.171:40720], old=null, confs=<EMPTY_MAP>
2019-09-12 01:40:28,420 [pool-305-thread-1] INFO  server.RaftServerConfigKeys (ConfUtils.java:logGet(43)) - raft.server.rpcslowness.timeout = 120s (custom)
2019-09-12 01:40:28,420 [pool-315-thread-1] INFO  server.RaftServerConfigKeys (ConfUtils.java:logGet(43)) - raft.server.storage.dir = [/workdir/hadoop-ozone/integration-test/target/test-dir/MiniOzoneClusterImpl-8d24175b-b5af-4536-8aa2-3b49cded71dd/datanode-2/data/ratis] (custom)
2019-09-12 01:40:28,420 [pool-305-thread-1] INFO  server.RaftServerConfigKeys (ConfUtils.java:logGet(43)) - raft.server.sleep.deviation.threshold = 300 (default)
2019-09-12 01:40:28,420 [pool-305-thread-1] INFO  server.RaftServerConfigKeys (ConfUtils.java:logGet(43)) - raft.server.log.appender.install.snapshot.enabled = false (custom)
2019-09-12 01:40:28,420 [pool-315-thread-1] INFO  storage.RaftStorageDirectory (RaftStorageDirectory.java:analyzeStorage(246)) - The storage directory /workdir/hadoop-ozone/integration-test/target/test-dir/MiniOzoneClusterImpl-8d24175b-b5af-4536-8aa2-3b49cded71dd/datanode-2/data/ratis/91906523-f0b3-41c0-8d32-90cf44fa079a does not exist. Creating ...
2019-09-12 01:40:28,420 [pool-305-thread-1] INFO  impl.RaftServerImpl (ServerState.java:<init>(105)) - 666c9d7c-114b-4ab1-832f-607879c4ea44:group-90CF44FA079A ConfigurationManager, init=-1: [666c9d7c-114b-4ab1-832f-607879c4ea44:192.168.5.171:44346, 35dde83a-dc1b-4dac-8609-3afeb2183593:192.168.5.171:45647, a21081bf-cd3a-4af0-ac7f-4f85472936c0:192.168.5.171:40720], old=null, confs=<EMPTY_MAP>
2019-09-12 01:40:28,421 [pool-305-thread-1] INFO  server.RaftServerConfigKeys (ConfUtils.java:logGet(43)) - raft.server.storage.dir = [/workdir/hadoop-ozone/integration-test/target/test-dir/MiniOzoneClusterImpl-8d24175b-b5af-4536-8aa2-3b49cded71dd/datanode-1/data/ratis] (custom)
2019-09-12 01:40:28,421 [pool-305-thread-1] INFO  storage.RaftStorageDirectory (RaftStorageDirectory.java:analyzeStorage(246)) - The storage directory /workdir/hadoop-ozone/integration-test/target/test-dir/MiniOzoneClusterImpl-8d24175b-b5af-4536-8aa2-3b49cded71dd/datanode-1/data/ratis/91906523-f0b3-41c0-8d32-90cf44fa079a does not exist. Creating ...
2019-09-12 01:40:28,422 [IPC Server handler 5 on 36412] INFO  net.NetworkTopology (NetworkTopologyImpl.java:add(110)) - Added a new node: /default-rack/959522c7-bbeb-4098-9bdc-443d0fadaa95
2019-09-12 01:40:28,422 [IPC Server handler 5 on 36412] INFO  node.SCMNodeManager (SCMNodeManager.java:register(266)) - Registered Data node : 959522c7-bbeb-4098-9bdc-443d0fadaa95{ip: 192.168.5.171, host: pr-hdds-2007-7njtk-1085629304, networkLocation: /default-rack, certSerialId: null}
2019-09-12 01:40:28,431 [pool-305-thread-1] INFO  storage.RaftStorageDirectory (RaftStorageDirectory.java:tryLock(328)) - Lock on /workdir/hadoop-ozone/integration-test/target/test-dir/MiniOzoneClusterImpl-8d24175b-b5af-4536-8aa2-3b49cded71dd/datanode-1/data/ratis/91906523-f0b3-41c0-8d32-90cf44fa079a/in_use.lock acquired by nodename 22335@pr-hdds-2007-7njtk-1085629304
2019-09-12 01:40:28,431 [pool-295-thread-1] INFO  storage.RaftStorageDirectory (RaftStorageDirectory.java:tryLock(328)) - Lock on /workdir/hadoop-ozone/integration-test/target/test-dir/MiniOzoneClusterImpl-8d24175b-b5af-4536-8aa2-3b49cded71dd/datanode-0/data/ratis/91906523-f0b3-41c0-8d32-90cf44fa079a/in_use.lock acquired by nodename 22335@pr-hdds-2007-7njtk-1085629304
2019-09-12 01:40:28,431 [pool-315-thread-1] INFO  storage.RaftStorageDirectory (RaftStorageDirectory.java:tryLock(328)) - Lock on /workdir/hadoop-ozone/integration-test/target/test-dir/MiniOzoneClusterImpl-8d24175b-b5af-4536-8aa2-3b49cded71dd/datanode-2/data/ratis/91906523-f0b3-41c0-8d32-90cf44fa079a/in_use.lock acquired by nodename 22335@pr-hdds-2007-7njtk-1085629304
2019-09-12 01:40:28,444 [pool-315-thread-1] INFO  storage.RaftStorage (RaftStorage.java:format(72)) - Storage directory /workdir/hadoop-ozone/integration-test/target/test-dir/MiniOzoneClusterImpl-8d24175b-b5af-4536-8aa2-3b49cded71dd/datanode-2/data/ratis/91906523-f0b3-41c0-8d32-90cf44fa079a has been successfully formatted.
2019-09-12 01:40:28,444 [pool-295-thread-1] INFO  storage.RaftStorage (RaftStorage.java:format(72)) - Storage directory /workdir/hadoop-ozone/integration-test/target/test-dir/MiniOzoneClusterImpl-8d24175b-b5af-4536-8aa2-3b49cded71dd/datanode-0/data/ratis/91906523-f0b3-41c0-8d32-90cf44fa079a has been successfully formatted.
2019-09-12 01:40:28,444 [pool-315-thread-1] INFO  ratis.ContainerStateMachine (ContainerStateMachine.java:loadSnapshot(227)) - group-90CF44FA079A: The snapshot info is null. Setting the last applied indexto:(t:0, i:~)
2019-09-12 01:40:28,445 [pool-295-thread-1] INFO  ratis.ContainerStateMachine (ContainerStateMachine.java:loadSnapshot(227)) - group-90CF44FA079A: The snapshot info is null. Setting the last applied indexto:(t:0, i:~)
2019-09-12 01:40:28,444 [pool-305-thread-1] INFO  storage.RaftStorage (RaftStorage.java:format(72)) - Storage directory /workdir/hadoop-ozone/integration-test/target/test-dir/MiniOzoneClusterImpl-8d24175b-b5af-4536-8aa2-3b49cded71dd/datanode-1/data/ratis/91906523-f0b3-41c0-8d32-90cf44fa079a has been successfully formatted.
2019-09-12 01:40:28,445 [pool-295-thread-1] INFO  server.RaftServerConfigKeys (ConfUtils.java:logGet(43)) - raft.server.leader.election.timeout = 120s (custom)
2019-09-12 01:40:28,445 [pool-305-thread-1] INFO  ratis.ContainerStateMachine (ContainerStateMachine.java:loadSnapshot(227)) - group-90CF44FA079A: The snapshot info is null. Setting the last applied indexto:(t:0, i:~)
2019-09-12 01:40:28,445 [pool-315-thread-1] INFO  server.RaftServerConfigKeys (ConfUtils.java:logGet(43)) - raft.server.leader.election.timeout = 120s (custom)
2019-09-12 01:40:28,445 [pool-305-thread-1] INFO  server.RaftServerConfigKeys (ConfUtils.java:logGet(43)) - raft.server.leader.election.timeout = 120s (custom)
2019-09-12 01:40:28,445 [pool-295-thread-1] INFO  server.RaftServerConfigKeys (ConfUtils.java:logGet(43)) - raft.server.log.use.memory = false (default)
2019-09-12 01:40:28,445 [pool-305-thread-1] INFO  server.RaftServerConfigKeys (ConfUtils.java:logGet(43)) - raft.server.log.use.memory = false (default)
2019-09-12 01:40:28,445 [pool-315-thread-1] INFO  server.RaftServerConfigKeys (ConfUtils.java:logGet(43)) - raft.server.log.use.memory = false (default)
2019-09-12 01:40:28,446 [pool-305-thread-1] INFO  server.RaftServerConfigKeys (ConfUtils.java:logGet(43)) - raft.server.log.purge.gap = 1000000 (custom)
2019-09-12 01:40:28,445 [pool-295-thread-1] INFO  server.RaftServerConfigKeys (ConfUtils.java:logGet(43)) - raft.server.log.purge.gap = 1000000 (custom)
2019-09-12 01:40:28,446 [pool-305-thread-1] INFO  server.RaftServerConfigKeys (ConfUtils.java:logGet(43)) - raft.server.log.appender.buffer.byte-limit = 33554432 (custom)
2019-09-12 01:40:28,446 [pool-315-thread-1] INFO  server.RaftServerConfigKeys (ConfUtils.java:logGet(43)) - raft.server.log.purge.gap = 1000000 (custom)
2019-09-12 01:40:28,446 [pool-305-thread-1] INFO  server.RaftServerConfigKeys (ConfUtils.java:logGet(43)) - raft.server.log.segment.size.max = 1048576 (custom)
2019-09-12 01:40:28,446 [pool-295-thread-1] INFO  server.RaftServerConfigKeys (ConfUtils.java:logGet(43)) - raft.server.log.appender.buffer.byte-limit = 33554432 (custom)
2019-09-12 01:40:28,446 [pool-305-thread-1] INFO  server.RaftServerConfigKeys (ConfUtils.java:logGet(43)) - raft.server.log.segment.cache.num.max = 2 (custom)
2019-09-12 01:40:28,446 [pool-315-thread-1] INFO  server.RaftServerConfigKeys (ConfUtils.java:logGet(43)) - raft.server.log.appender.buffer.byte-limit = 33554432 (custom)
2019-09-12 01:40:28,447 [pool-305-thread-1] INFO  segmented.SegmentedRaftLogWorker (SegmentedRaftLogWorker.java:<init>(172)) - new 666c9d7c-114b-4ab1-832f-607879c4ea44-SegmentedRaftLogWorker:Storage Directory /workdir/hadoop-ozone/integration-test/target/test-dir/MiniOzoneClusterImpl-8d24175b-b5af-4536-8aa2-3b49cded71dd/datanode-1/data/ratis/91906523-f0b3-41c0-8d32-90cf44fa079a for RaftStorage:Storage Directory /workdir/hadoop-ozone/integration-test/target/test-dir/MiniOzoneClusterImpl-8d24175b-b5af-4536-8aa2-3b49cded71dd/datanode-1/data/ratis/91906523-f0b3-41c0-8d32-90cf44fa079a
2019-09-12 01:40:28,447 [pool-295-thread-1] INFO  server.RaftServerConfigKeys (ConfUtils.java:logGet(43)) - raft.server.log.segment.size.max = 1048576 (custom)
2019-09-12 01:40:28,447 [pool-305-thread-1] INFO  server.RaftServerConfigKeys (ConfUtils.java:logGet(43)) - raft.server.log.queue.byte-limit = 2147483647 (custom)
2019-09-12 01:40:28,447 [pool-315-thread-1] INFO  server.RaftServerConfigKeys (ConfUtils.java:logGet(43)) - raft.server.log.segment.size.max = 1048576 (custom)
2019-09-12 01:40:28,447 [pool-305-thread-1] INFO  server.RaftServerConfigKeys (ConfUtils.java:logGet(43)) - raft.server.log.queue.element-limit = 1024 (custom)
2019-09-12 01:40:28,447 [pool-295-thread-1] INFO  server.RaftServerConfigKeys (ConfUtils.java:logGet(43)) - raft.server.log.segment.cache.num.max = 2 (custom)
2019-09-12 01:40:28,448 [pool-305-thread-1] INFO  server.RaftServerConfigKeys (ConfUtils.java:logGet(43)) - raft.server.log.segment.size.max = 1048576 (custom)
2019-09-12 01:40:28,448 [pool-305-thread-1] INFO  server.RaftServerConfigKeys (ConfUtils.java:logGet(43)) - raft.server.log.preallocated.size = 16384 (custom)
2019-09-12 01:40:28,448 [pool-315-thread-1] INFO  server.RaftServerConfigKeys (ConfUtils.java:logGet(43)) - raft.server.log.segment.cache.num.max = 2 (custom)
2019-09-12 01:40:28,448 [pool-305-thread-1] INFO  server.RaftServerConfigKeys (ConfUtils.java:logGet(43)) - raft.server.log.write.buffer.size = 33554432 (custom)
2019-09-12 01:40:28,448 [pool-295-thread-1] INFO  segmented.SegmentedRaftLogWorker (SegmentedRaftLogWorker.java:<init>(172)) - new 35dde83a-dc1b-4dac-8609-3afeb2183593-SegmentedRaftLogWorker:Storage Directory /workdir/hadoop-ozone/integration-test/target/test-dir/MiniOzoneClusterImpl-8d24175b-b5af-4536-8aa2-3b49cded71dd/datanode-0/data/ratis/91906523-f0b3-41c0-8d32-90cf44fa079a for RaftStorage:Storage Directory /workdir/hadoop-ozone/integration-test/target/test-dir/MiniOzoneClusterImpl-8d24175b-b5af-4536-8aa2-3b49cded71dd/datanode-0/data/ratis/91906523-f0b3-41c0-8d32-90cf44fa079a
2019-09-12 01:40:28,448 [pool-305-thread-1] INFO  server.RaftServerConfigKeys (ConfUtils.java:logGet(43)) - raft.server.log.force.sync.num = 128 (default)
2019-09-12 01:40:28,449 [pool-305-thread-1] INFO  server.RaftServerConfigKeys (ConfUtils.java:logGet(43)) - raft.server.log.statemachine.data.sync = true (default)
2019-09-12 01:40:28,448 [pool-315-thread-1] INFO  segmented.SegmentedRaftLogWorker (SegmentedRaftLogWorker.java:<init>(172)) - new a21081bf-cd3a-4af0-ac7f-4f85472936c0-SegmentedRaftLogWorker:Storage Directory /workdir/hadoop-ozone/integration-test/target/test-dir/MiniOzoneClusterImpl-8d24175b-b5af-4536-8aa2-3b49cded71dd/datanode-2/data/ratis/91906523-f0b3-41c0-8d32-90cf44fa079a for RaftStorage:Storage Directory /workdir/hadoop-ozone/integration-test/target/test-dir/MiniOzoneClusterImpl-8d24175b-b5af-4536-8aa2-3b49cded71dd/datanode-2/data/ratis/91906523-f0b3-41c0-8d32-90cf44fa079a
2019-09-12 01:40:28,449 [pool-305-thread-1] INFO  server.RaftServerConfigKeys (ConfUtils.java:logGet(43)) - raft.server.log.statemachine.data.sync.timeout = 10s (default)
2019-09-12 01:40:28,449 [pool-295-thread-1] INFO  server.RaftServerConfigKeys (ConfUtils.java:logGet(43)) - raft.server.log.queue.byte-limit = 2147483647 (custom)
2019-09-12 01:40:28,449 [pool-305-thread-1] INFO  server.RaftServerConfigKeys (ConfUtils.java:logGet(43)) - raft.server.log.statemachine.data.sync.timeout.retry = -1 (default)
2019-09-12 01:40:28,449 [pool-315-thread-1] INFO  server.RaftServerConfigKeys (ConfUtils.java:logGet(43)) - raft.server.log.queue.byte-limit = 2147483647 (custom)
2019-09-12 01:40:28,449 [pool-305-thread-1] INFO  server.RaftServerConfigKeys (ConfUtils.java:logGet(43)) - raft.server.log.statemachine.data.caching.enabled = true (custom)
2019-09-12 01:40:28,449 [pool-295-thread-1] INFO  server.RaftServerConfigKeys (ConfUtils.java:logGet(43)) - raft.server.log.queue.element-limit = 1024 (custom)
2019-09-12 01:40:28,450 [pool-305-thread-1] INFO  segmented.SegmentedRaftLogWorker (SegmentedRaftLogWorker.java:lambda$new$0(132)) - 666c9d7c-114b-4ab1-832f-607879c4ea44-SegmentedRaftLogWorker:Storage Directory /workdir/hadoop-ozone/integration-test/target/test-dir/MiniOzoneClusterImpl-8d24175b-b5af-4536-8aa2-3b49cded71dd/datanode-1/data/ratis/91906523-f0b3-41c0-8d32-90cf44fa079a: flushIndex: setUnconditionally 0 -> -1
2019-09-12 01:40:28,450 [pool-315-thread-1] INFO  server.RaftServerConfigKeys (ConfUtils.java:logGet(43)) - raft.server.log.queue.element-limit = 1024 (custom)
2019-09-12 01:40:28,450 [pool-295-thread-1] INFO  server.RaftServerConfigKeys (ConfUtils.java:logGet(43)) - raft.server.log.segment.size.max = 1048576 (custom)
2019-09-12 01:40:28,450 [pool-315-thread-1] INFO  server.RaftServerConfigKeys (ConfUtils.java:logGet(43)) - raft.server.log.segment.size.max = 1048576 (custom)
2019-09-12 01:40:28,450 [pool-305-thread-1] INFO  server.RaftServerConfigKeys (ConfUtils.java:logGet(43)) - raft.server.snapshot.auto.trigger.enabled = true (custom)
2019-09-12 01:40:28,450 [pool-315-thread-1] INFO  server.RaftServerConfigKeys (ConfUtils.java:logGet(43)) - raft.server.log.preallocated.size = 16384 (custom)
2019-09-12 01:40:28,450 [pool-295-thread-1] INFO  server.RaftServerConfigKeys (ConfUtils.java:logGet(43)) - raft.server.log.preallocated.size = 16384 (custom)
2019-09-12 01:40:28,451 [pool-315-thread-1] INFO  server.RaftServerConfigKeys (ConfUtils.java:logGet(43)) - raft.server.log.write.buffer.size = 33554432 (custom)
2019-09-12 01:40:28,451 [pool-315-thread-1] INFO  server.RaftServerConfigKeys (ConfUtils.java:logGet(43)) - raft.server.log.force.sync.num = 128 (default)
2019-09-12 01:40:28,451 [pool-305-thread-1] INFO  server.RaftServerConfigKeys (ConfUtils.java:logGet(43)) - raft.server.snapshot.auto.trigger.threshold = 10000 (custom)
2019-09-12 01:40:28,451 [pool-315-thread-1] INFO  server.RaftServerConfigKeys (ConfUtils.java:logGet(43)) - raft.server.log.statemachine.data.sync = true (default)
2019-09-12 01:40:28,451 [pool-315-thread-1] INFO  server.RaftServerConfigKeys (ConfUtils.java:logGet(43)) - raft.server.log.statemachine.data.sync.timeout = 10s (default)
2019-09-12 01:40:28,451 [pool-295-thread-1] INFO  server.RaftServerConfigKeys (ConfUtils.java:logGet(43)) - raft.server.log.write.buffer.size = 33554432 (custom)
2019-09-12 01:40:28,452 [pool-315-thread-1] INFO  server.RaftServerConfigKeys (ConfUtils.java:logGet(43)) - raft.server.log.statemachine.data.sync.timeout.retry = -1 (default)
2019-09-12 01:40:28,451 [pool-305-thread-1] INFO  server.RaftServerConfigKeys (ConfUtils.java:logGet(43)) - raft.server.retrycache.expirytime = 600000ms (custom)
2019-09-12 01:40:28,452 [pool-315-thread-1] INFO  server.RaftServerConfigKeys (ConfUtils.java:logGet(43)) - raft.server.log.statemachine.data.caching.enabled = true (custom)
2019-09-12 01:40:28,452 [pool-295-thread-1] INFO  server.RaftServerConfigKeys (ConfUtils.java:logGet(43)) - raft.server.log.force.sync.num = 128 (default)
2019-09-12 01:40:28,452 [pool-305-thread-1] INFO  impl.RaftServerImpl (RaftServerImpl.java:start(180)) - 666c9d7c-114b-4ab1-832f-607879c4ea44: start group-90CF44FA079A
2019-09-12 01:40:28,452 [pool-295-thread-1] INFO  server.RaftServerConfigKeys (ConfUtils.java:logGet(43)) - raft.server.log.statemachine.data.sync = true (default)
2019-09-12 01:40:28,452 [pool-315-thread-1] INFO  segmented.SegmentedRaftLogWorker (SegmentedRaftLogWorker.java:lambda$new$0(132)) - a21081bf-cd3a-4af0-ac7f-4f85472936c0-SegmentedRaftLogWorker:Storage Directory /workdir/hadoop-ozone/integration-test/target/test-dir/MiniOzoneClusterImpl-8d24175b-b5af-4536-8aa2-3b49cded71dd/datanode-2/data/ratis/91906523-f0b3-41c0-8d32-90cf44fa079a: flushIndex: setUnconditionally 0 -> -1
2019-09-12 01:40:28,453 [pool-295-thread-1] INFO  server.RaftServerConfigKeys (ConfUtils.java:logGet(43)) - raft.server.log.statemachine.data.sync.timeout = 10s (default)
2019-09-12 01:40:28,453 [pool-315-thread-1] INFO  server.RaftServerConfigKeys (ConfUtils.java:logGet(43)) - raft.server.snapshot.auto.trigger.enabled = true (custom)
2019-09-12 01:40:28,452 [pool-305-thread-1] INFO  impl.RaftServerImpl (RaftServerImpl.java:setRole(171)) - 666c9d7c-114b-4ab1-832f-607879c4ea44:group-90CF44FA079A changes role from null to FOLLOWER at term 0 for startAsFollower
2019-09-12 01:40:28,453 [pool-315-thread-1] INFO  server.RaftServerConfigKeys (ConfUtils.java:logGet(43)) - raft.server.snapshot.auto.trigger.threshold = 10000 (custom)
2019-09-12 01:40:28,453 [pool-295-thread-1] INFO  server.RaftServerConfigKeys (ConfUtils.java:logGet(43)) - raft.server.log.statemachine.data.sync.timeout.retry = -1 (default)
2019-09-12 01:40:28,453 [pool-315-thread-1] INFO  server.RaftServerConfigKeys (ConfUtils.java:logGet(43)) - raft.server.retrycache.expirytime = 600000ms (custom)
2019-09-12 01:40:28,453 [pool-305-thread-1] INFO  impl.RoleInfo (RoleInfo.java:updateAndGet(143)) - 666c9d7c-114b-4ab1-832f-607879c4ea44: start FollowerState
2019-09-12 01:40:28,453 [pool-315-thread-1] INFO  impl.RaftServerImpl (RaftServerImpl.java:start(180)) - a21081bf-cd3a-4af0-ac7f-4f85472936c0: start group-90CF44FA079A
2019-09-12 01:40:28,453 [pool-295-thread-1] INFO  server.RaftServerConfigKeys (ConfUtils.java:logGet(43)) - raft.server.log.statemachine.data.caching.enabled = true (custom)
2019-09-12 01:40:28,454 [pool-315-thread-1] INFO  impl.RaftServerImpl (RaftServerImpl.java:setRole(171)) - a21081bf-cd3a-4af0-ac7f-4f85472936c0:group-90CF44FA079A changes role from null to FOLLOWER at term 0 for startAsFollower
2019-09-12 01:40:28,454 [pool-305-thread-1] INFO  util.JmxRegister (JmxRegister.java:tryRegister(44)) - Successfully registered JMX Bean with object name Ratis:service=RaftServer,group=group-90CF44FA079A,id=666c9d7c-114b-4ab1-832f-607879c4ea44
2019-09-12 01:40:28,454 [pool-295-thread-1] INFO  segmented.SegmentedRaftLogWorker (SegmentedRaftLogWorker.java:lambda$new$0(132)) - 35dde83a-dc1b-4dac-8609-3afeb2183593-SegmentedRaftLogWorker:Storage Directory /workdir/hadoop-ozone/integration-test/target/test-dir/MiniOzoneClusterImpl-8d24175b-b5af-4536-8aa2-3b49cded71dd/datanode-0/data/ratis/91906523-f0b3-41c0-8d32-90cf44fa079a: flushIndex: setUnconditionally 0 -> -1
2019-09-12 01:40:28,454 [pool-315-thread-1] INFO  impl.RoleInfo (RoleInfo.java:updateAndGet(143)) - a21081bf-cd3a-4af0-ac7f-4f85472936c0: start FollowerState
2019-09-12 01:40:28,454 [pool-295-thread-1] INFO  server.RaftServerConfigKeys (ConfUtils.java:logGet(43)) - raft.server.snapshot.auto.trigger.enabled = true (custom)
2019-09-12 01:40:28,454 [pool-295-thread-1] INFO  server.RaftServerConfigKeys (ConfUtils.java:logGet(43)) - raft.server.snapshot.auto.trigger.threshold = 10000 (custom)
2019-09-12 01:40:28,455 [pool-315-thread-1] INFO  util.JmxRegister (JmxRegister.java:tryRegister(44)) - Successfully registered JMX Bean with object name Ratis:service=RaftServer,group=group-90CF44FA079A,id=a21081bf-cd3a-4af0-ac7f-4f85472936c0
2019-09-12 01:40:28,455 [pool-295-thread-1] INFO  server.RaftServerConfigKeys (ConfUtils.java:logGet(43)) - raft.server.retrycache.expirytime = 600000ms (custom)
2019-09-12 01:40:28,455 [pool-295-thread-1] INFO  impl.RaftServerImpl (RaftServerImpl.java:start(180)) - 35dde83a-dc1b-4dac-8609-3afeb2183593: start group-90CF44FA079A
2019-09-12 01:40:28,455 [pool-295-thread-1] INFO  impl.RaftServerImpl (RaftServerImpl.java:setRole(171)) - 35dde83a-dc1b-4dac-8609-3afeb2183593:group-90CF44FA079A changes role from null to FOLLOWER at term 0 for startAsFollower
2019-09-12 01:40:28,455 [pool-295-thread-1] INFO  impl.RoleInfo (RoleInfo.java:updateAndGet(143)) - 35dde83a-dc1b-4dac-8609-3afeb2183593: start FollowerState
2019-09-12 01:40:28,458 [pool-295-thread-1] INFO  util.JmxRegister (JmxRegister.java:tryRegister(44)) - Successfully registered JMX Bean with object name Ratis:service=RaftServer,group=group-90CF44FA079A,id=35dde83a-dc1b-4dac-8609-3afeb2183593
2019-09-12 01:40:28,464 [RatisPipelineUtilsThread] INFO  pipeline.PipelineStateManager (PipelineStateManager.java:addPipeline(56)) - Created pipeline Pipeline[ Id: 91906523-f0b3-41c0-8d32-90cf44fa079a, Nodes: a21081bf-cd3a-4af0-ac7f-4f85472936c0{ip: 192.168.5.171, host: pr-hdds-2007-7njtk-1085629304, networkLocation: /default-rack, certSerialId: null}35dde83a-dc1b-4dac-8609-3afeb2183593{ip: 192.168.5.171, host: pr-hdds-2007-7njtk-1085629304, networkLocation: /default-rack, certSerialId: null}666c9d7c-114b-4ab1-832f-607879c4ea44{ip: 192.168.5.171, host: pr-hdds-2007-7njtk-1085629304, networkLocation: /default-rack, certSerialId: null}, Type:RATIS, Factor:THREE, State:OPEN]
2019-09-12 01:40:28,489 [IPC Server handler 4 on 36412] INFO  net.NetworkTopology (NetworkTopologyImpl.java:add(110)) - Added a new node: /default-rack/c4cf9f8a-4703-4a46-a507-73a96db3922e
2019-09-12 01:40:28,489 [IPC Server handler 4 on 36412] INFO  node.SCMNodeManager (SCMNodeManager.java:register(266)) - Registered Data node : c4cf9f8a-4703-4a46-a507-73a96db3922e{ip: 192.168.5.171, host: pr-hdds-2007-7njtk-1085629304, networkLocation: /default-rack, certSerialId: null}
2019-09-12 01:40:28,501 [grpc-default-executor-4] INFO  impl.RaftServerProxy (RaftServerProxy.java:addNew(89)) - c4cf9f8a-4703-4a46-a507-73a96db3922e: addNew group-041633872734:[c4cf9f8a-4703-4a46-a507-73a96db3922e:192.168.5.171:46158] returns group-041633872734:java.util.concurrent.CompletableFuture@12e27eea[Not completed]
2019-09-12 01:40:28,502 [pool-335-thread-1] INFO  impl.RaftServerImpl (RaftServerImpl.java:<init>(93)) - c4cf9f8a-4703-4a46-a507-73a96db3922e: new RaftServerImpl for group-041633872734:[c4cf9f8a-4703-4a46-a507-73a96db3922e:192.168.5.171:46158] with ContainerStateMachine:uninitialized
2019-09-12 01:40:28,502 [pool-335-thread-1] INFO  server.RaftServerConfigKeys (ConfUtils.java:logGet(43)) - raft.server.rpc.timeout.min = 5s (custom)
2019-09-12 01:40:28,502 [pool-335-thread-1] INFO  server.RaftServerConfigKeys (ConfUtils.java:logGet(43)) - raft.server.rpc.timeout.max = 5200ms (custom)
2019-09-12 01:40:28,503 [pool-335-thread-1] INFO  server.RaftServerConfigKeys (ConfUtils.java:logGet(43)) - raft.server.rpcslowness.timeout = 120s (custom)
2019-09-12 01:40:28,503 [pool-335-thread-1] INFO  server.RaftServerConfigKeys (ConfUtils.java:logGet(43)) - raft.server.sleep.deviation.threshold = 300 (default)
2019-09-12 01:40:28,503 [pool-335-thread-1] INFO  server.RaftServerConfigKeys (ConfUtils.java:logGet(43)) - raft.server.log.appender.install.snapshot.enabled = false (custom)
2019-09-12 01:40:28,503 [pool-335-thread-1] INFO  impl.RaftServerImpl (ServerState.java:<init>(105)) - c4cf9f8a-4703-4a46-a507-73a96db3922e:group-041633872734 ConfigurationManager, init=-1: [c4cf9f8a-4703-4a46-a507-73a96db3922e:192.168.5.171:46158], old=null, confs=<EMPTY_MAP>
2019-09-12 01:40:28,503 [pool-335-thread-1] INFO  server.RaftServerConfigKeys (ConfUtils.java:logGet(43)) - raft.server.storage.dir = [/workdir/hadoop-ozone/integration-test/target/test-dir/MiniOzoneClusterImpl-8d24175b-b5af-4536-8aa2-3b49cded71dd/datanode-4/data/ratis] (custom)
2019-09-12 01:40:28,503 [pool-335-thread-1] INFO  storage.RaftStorageDirectory (RaftStorageDirectory.java:analyzeStorage(246)) - The storage directory /workdir/hadoop-ozone/integration-test/target/test-dir/MiniOzoneClusterImpl-8d24175b-b5af-4536-8aa2-3b49cded71dd/datanode-4/data/ratis/a5ef14a3-185c-4f23-9bf4-041633872734 does not exist. Creating ...
2019-09-12 01:40:28,515 [pool-335-thread-1] INFO  storage.RaftStorageDirectory (RaftStorageDirectory.java:tryLock(328)) - Lock on /workdir/hadoop-ozone/integration-test/target/test-dir/MiniOzoneClusterImpl-8d24175b-b5af-4536-8aa2-3b49cded71dd/datanode-4/data/ratis/a5ef14a3-185c-4f23-9bf4-041633872734/in_use.lock acquired by nodename 22335@pr-hdds-2007-7njtk-1085629304
2019-09-12 01:40:28,518 [pool-335-thread-1] INFO  storage.RaftStorage (RaftStorage.java:format(72)) - Storage directory /workdir/hadoop-ozone/integration-test/target/test-dir/MiniOzoneClusterImpl-8d24175b-b5af-4536-8aa2-3b49cded71dd/datanode-4/data/ratis/a5ef14a3-185c-4f23-9bf4-041633872734 has been successfully formatted.
2019-09-12 01:40:28,518 [pool-335-thread-1] INFO  ratis.ContainerStateMachine (ContainerStateMachine.java:loadSnapshot(227)) - group-041633872734: The snapshot info is null. Setting the last applied indexto:(t:0, i:~)
2019-09-12 01:40:28,518 [pool-335-thread-1] INFO  server.RaftServerConfigKeys (ConfUtils.java:logGet(43)) - raft.server.leader.election.timeout = 120s (custom)
2019-09-12 01:40:28,518 [pool-335-thread-1] INFO  server.RaftServerConfigKeys (ConfUtils.java:logGet(43)) - raft.server.log.use.memory = false (default)
2019-09-12 01:40:28,518 [pool-335-thread-1] INFO  server.RaftServerConfigKeys (ConfUtils.java:logGet(43)) - raft.server.log.purge.gap = 1000000 (custom)
2019-09-12 01:40:28,519 [pool-335-thread-1] INFO  server.RaftServerConfigKeys (ConfUtils.java:logGet(43)) - raft.server.log.appender.buffer.byte-limit = 33554432 (custom)
2019-09-12 01:40:28,519 [pool-335-thread-1] INFO  server.RaftServerConfigKeys (ConfUtils.java:logGet(43)) - raft.server.log.segment.size.max = 1048576 (custom)
2019-09-12 01:40:28,519 [pool-335-thread-1] INFO  server.RaftServerConfigKeys (ConfUtils.java:logGet(43)) - raft.server.log.segment.cache.num.max = 2 (custom)
2019-09-12 01:40:28,519 [pool-335-thread-1] INFO  segmented.SegmentedRaftLogWorker (SegmentedRaftLogWorker.java:<init>(172)) - new c4cf9f8a-4703-4a46-a507-73a96db3922e-SegmentedRaftLogWorker:Storage Directory /workdir/hadoop-ozone/integration-test/target/test-dir/MiniOzoneClusterImpl-8d24175b-b5af-4536-8aa2-3b49cded71dd/datanode-4/data/ratis/a5ef14a3-185c-4f23-9bf4-041633872734 for RaftStorage:Storage Directory /workdir/hadoop-ozone/integration-test/target/test-dir/MiniOzoneClusterImpl-8d24175b-b5af-4536-8aa2-3b49cded71dd/datanode-4/data/ratis/a5ef14a3-185c-4f23-9bf4-041633872734
2019-09-12 01:40:28,519 [pool-335-thread-1] INFO  server.RaftServerConfigKeys (ConfUtils.java:logGet(43)) - raft.server.log.queue.byte-limit = 2147483647 (custom)
2019-09-12 01:40:28,519 [pool-335-thread-1] INFO  server.RaftServerConfigKeys (ConfUtils.java:logGet(43)) - raft.server.log.queue.element-limit = 1024 (custom)
2019-09-12 01:40:28,519 [pool-335-thread-1] INFO  server.RaftServerConfigKeys (ConfUtils.java:logGet(43)) - raft.server.log.segment.size.max = 1048576 (custom)
2019-09-12 01:40:28,520 [pool-335-thread-1] INFO  server.RaftServerConfigKeys (ConfUtils.java:logGet(43)) - raft.server.log.preallocated.size = 16384 (custom)
2019-09-12 01:40:28,520 [pool-335-thread-1] INFO  server.RaftServerConfigKeys (ConfUtils.java:logGet(43)) - raft.server.log.write.buffer.size = 33554432 (custom)
2019-09-12 01:40:28,520 [pool-335-thread-1] INFO  server.RaftServerConfigKeys (ConfUtils.java:logGet(43)) - raft.server.log.force.sync.num = 128 (default)
2019-09-12 01:40:28,520 [pool-335-thread-1] INFO  server.RaftServerConfigKeys (ConfUtils.java:logGet(43)) - raft.server.log.statemachine.data.sync = true (default)
2019-09-12 01:40:28,520 [pool-335-thread-1] INFO  server.RaftServerConfigKeys (ConfUtils.java:logGet(43)) - raft.server.log.statemachine.data.sync.timeout = 10s (default)
2019-09-12 01:40:28,520 [pool-335-thread-1] INFO  server.RaftServerConfigKeys (ConfUtils.java:logGet(43)) - raft.server.log.statemachine.data.sync.timeout.retry = -1 (default)
2019-09-12 01:40:28,520 [pool-335-thread-1] INFO  server.RaftServerConfigKeys (ConfUtils.java:logGet(43)) - raft.server.log.statemachine.data.caching.enabled = true (custom)
2019-09-12 01:40:28,521 [pool-335-thread-1] INFO  segmented.SegmentedRaftLogWorker (SegmentedRaftLogWorker.java:lambda$new$0(132)) - c4cf9f8a-4703-4a46-a507-73a96db3922e-SegmentedRaftLogWorker:Storage Directory /workdir/hadoop-ozone/integration-test/target/test-dir/MiniOzoneClusterImpl-8d24175b-b5af-4536-8aa2-3b49cded71dd/datanode-4/data/ratis/a5ef14a3-185c-4f23-9bf4-041633872734: flushIndex: setUnconditionally 0 -> -1
2019-09-12 01:40:28,521 [pool-335-thread-1] INFO  server.RaftServerConfigKeys (ConfUtils.java:logGet(43)) - raft.server.snapshot.auto.trigger.enabled = true (custom)
2019-09-12 01:40:28,521 [pool-335-thread-1] INFO  server.RaftServerConfigKeys (ConfUtils.java:logGet(43)) - raft.server.snapshot.auto.trigger.threshold = 10000 (custom)
2019-09-12 01:40:28,521 [pool-335-thread-1] INFO  server.RaftServerConfigKeys (ConfUtils.java:logGet(43)) - raft.server.retrycache.expirytime = 600000ms (custom)
2019-09-12 01:40:28,521 [pool-335-thread-1] INFO  impl.RaftServerImpl (RaftServerImpl.java:start(180)) - c4cf9f8a-4703-4a46-a507-73a96db3922e: start group-041633872734
2019-09-12 01:40:28,521 [pool-335-thread-1] INFO  impl.RaftServerImpl (RaftServerImpl.java:setRole(171)) - c4cf9f8a-4703-4a46-a507-73a96db3922e:group-041633872734 changes role from null to FOLLOWER at term 0 for startAsFollower
2019-09-12 01:40:28,522 [pool-335-thread-1] INFO  impl.RoleInfo (RoleInfo.java:updateAndGet(143)) - c4cf9f8a-4703-4a46-a507-73a96db3922e: start FollowerState
2019-09-12 01:40:28,530 [pool-335-thread-1] INFO  util.JmxRegister (JmxRegister.java:tryRegister(44)) - Successfully registered JMX Bean with object name Ratis:service=RaftServer,group=group-041633872734,id=c4cf9f8a-4703-4a46-a507-73a96db3922e
2019-09-12 01:40:28,541 [RatisPipelineUtilsThread] INFO  pipeline.PipelineStateManager (PipelineStateManager.java:addPipeline(56)) - Created pipeline Pipeline[ Id: a5ef14a3-185c-4f23-9bf4-041633872734, Nodes: c4cf9f8a-4703-4a46-a507-73a96db3922e{ip: 192.168.5.171, host: pr-hdds-2007-7njtk-1085629304, networkLocation: /default-rack, certSerialId: null}, Type:RATIS, Factor:ONE, State:OPEN]
2019-09-12 01:40:28,550 [grpc-default-executor-4] INFO  impl.RaftServerProxy (RaftServerProxy.java:addNew(89)) - 959522c7-bbeb-4098-9bdc-443d0fadaa95: addNew group-E5FB03A2FAD4:[959522c7-bbeb-4098-9bdc-443d0fadaa95:192.168.5.171:37340] returns group-E5FB03A2FAD4:java.util.concurrent.CompletableFuture@25104106[Not completed]
2019-09-12 01:40:28,551 [pool-325-thread-1] INFO  impl.RaftServerImpl (RaftServerImpl.java:<init>(93)) - 959522c7-bbeb-4098-9bdc-443d0fadaa95: new RaftServerImpl for group-E5FB03A2FAD4:[959522c7-bbeb-4098-9bdc-443d0fadaa95:192.168.5.171:37340] with ContainerStateMachine:uninitialized
2019-09-12 01:40:28,552 [pool-325-thread-1] INFO  server.RaftServerConfigKeys (ConfUtils.java:logGet(43)) - raft.server.rpc.timeout.min = 5s (custom)
2019-09-12 01:40:28,552 [pool-325-thread-1] INFO  server.RaftServerConfigKeys (ConfUtils.java:logGet(43)) - raft.server.rpc.timeout.max = 5200ms (custom)
2019-09-12 01:40:28,552 [pool-325-thread-1] INFO  server.RaftServerConfigKeys (ConfUtils.java:logGet(43)) - raft.server.rpcslowness.timeout = 120s (custom)
2019-09-12 01:40:28,552 [pool-325-thread-1] INFO  server.RaftServerConfigKeys (ConfUtils.java:logGet(43)) - raft.server.sleep.deviation.threshold = 300 (default)
2019-09-12 01:40:28,552 [pool-325-thread-1] INFO  server.RaftServerConfigKeys (ConfUtils.java:logGet(43)) - raft.server.log.appender.install.snapshot.enabled = false (custom)
2019-09-12 01:40:28,553 [pool-325-thread-1] INFO  impl.RaftServerImpl (ServerState.java:<init>(105)) - 959522c7-bbeb-4098-9bdc-443d0fadaa95:group-E5FB03A2FAD4 ConfigurationManager, init=-1: [959522c7-bbeb-4098-9bdc-443d0fadaa95:192.168.5.171:37340], old=null, confs=<EMPTY_MAP>
2019-09-12 01:40:28,553 [pool-325-thread-1] INFO  server.RaftServerConfigKeys (ConfUtils.java:logGet(43)) - raft.server.storage.dir = [/workdir/hadoop-ozone/integration-test/target/test-dir/MiniOzoneClusterImpl-8d24175b-b5af-4536-8aa2-3b49cded71dd/datanode-3/data/ratis] (custom)
2019-09-12 01:40:28,553 [pool-325-thread-1] INFO  storage.RaftStorageDirectory (RaftStorageDirectory.java:analyzeStorage(246)) - The storage directory /workdir/hadoop-ozone/integration-test/target/test-dir/MiniOzoneClusterImpl-8d24175b-b5af-4536-8aa2-3b49cded71dd/datanode-3/data/ratis/bcfb9338-f2b2-44f0-a3b6-e5fb03a2fad4 does not exist. Creating ...
2019-09-12 01:40:28,563 [IPC Server handler 6 on 36412] INFO  net.NetworkTopology (NetworkTopologyImpl.java:add(110)) - Added a new node: /default-rack/bb1d4850-1a3f-4b45-9b70-f14571176219
2019-09-12 01:40:28,563 [IPC Server handler 6 on 36412] INFO  node.SCMNodeManager (SCMNodeManager.java:register(266)) - Registered Data node : bb1d4850-1a3f-4b45-9b70-f14571176219{ip: 192.168.5.171, host: pr-hdds-2007-7njtk-1085629304, networkLocation: /default-rack, certSerialId: null}
2019-09-12 01:40:28,589 [pool-325-thread-1] INFO  storage.RaftStorageDirectory (RaftStorageDirectory.java:tryLock(328)) - Lock on /workdir/hadoop-ozone/integration-test/target/test-dir/MiniOzoneClusterImpl-8d24175b-b5af-4536-8aa2-3b49cded71dd/datanode-3/data/ratis/bcfb9338-f2b2-44f0-a3b6-e5fb03a2fad4/in_use.lock acquired by nodename 22335@pr-hdds-2007-7njtk-1085629304
2019-09-12 01:40:28,631 [IPC Server handler 7 on 36412] INFO  net.NetworkTopology (NetworkTopologyImpl.java:add(110)) - Added a new node: /default-rack/35075fe9-2a9b-4a2a-b9fa-25e2a868bd2e
2019-09-12 01:40:28,631 [IPC Server handler 7 on 36412] INFO  node.SCMNodeManager (SCMNodeManager.java:register(266)) - Registered Data node : 35075fe9-2a9b-4a2a-b9fa-25e2a868bd2e{ip: 192.168.5.171, host: pr-hdds-2007-7njtk-1085629304, networkLocation: /default-rack, certSerialId: null}
2019-09-12 01:40:28,632 [main] INFO  ozone.MiniOzoneClusterImpl (MiniOzoneClusterImpl.java:lambda$waitForClusterToBeReady$0(145)) - Cluster is ready. Got 7 of 7 DN Heartbeats.
2019-09-12 01:40:28,633 [pool-325-thread-1] INFO  storage.RaftStorage (RaftStorage.java:format(72)) - Storage directory /workdir/hadoop-ozone/integration-test/target/test-dir/MiniOzoneClusterImpl-8d24175b-b5af-4536-8aa2-3b49cded71dd/datanode-3/data/ratis/bcfb9338-f2b2-44f0-a3b6-e5fb03a2fad4 has been successfully formatted.
2019-09-12 01:40:28,634 [pool-325-thread-1] INFO  ratis.ContainerStateMachine (ContainerStateMachine.java:loadSnapshot(227)) - group-E5FB03A2FAD4: The snapshot info is null. Setting the last applied indexto:(t:0, i:~)
2019-09-12 01:40:28,634 [pool-325-thread-1] INFO  server.RaftServerConfigKeys (ConfUtils.java:logGet(43)) - raft.server.leader.election.timeout = 120s (custom)
2019-09-12 01:40:28,634 [pool-325-thread-1] INFO  server.RaftServerConfigKeys (ConfUtils.java:logGet(43)) - raft.server.log.use.memory = false (default)
2019-09-12 01:40:28,634 [pool-325-thread-1] INFO  server.RaftServerConfigKeys (ConfUtils.java:logGet(43)) - raft.server.log.purge.gap = 1000000 (custom)
2019-09-12 01:40:28,635 [pool-325-thread-1] INFO  server.RaftServerConfigKeys (ConfUtils.java:logGet(43)) - raft.server.log.appender.buffer.byte-limit = 33554432 (custom)
2019-09-12 01:40:28,635 [pool-325-thread-1] INFO  server.RaftServerConfigKeys (ConfUtils.java:logGet(43)) - raft.server.log.segment.size.max = 1048576 (custom)
2019-09-12 01:40:28,638 [pool-325-thread-1] INFO  server.RaftServerConfigKeys (ConfUtils.java:logGet(43)) - raft.server.log.segment.cache.num.max = 2 (custom)
2019-09-12 01:40:28,641 [pool-325-thread-1] INFO  segmented.SegmentedRaftLogWorker (SegmentedRaftLogWorker.java:<init>(172)) - new 959522c7-bbeb-4098-9bdc-443d0fadaa95-SegmentedRaftLogWorker:Storage Directory /workdir/hadoop-ozone/integration-test/target/test-dir/MiniOzoneClusterImpl-8d24175b-b5af-4536-8aa2-3b49cded71dd/datanode-3/data/ratis/bcfb9338-f2b2-44f0-a3b6-e5fb03a2fad4 for RaftStorage:Storage Directory /workdir/hadoop-ozone/integration-test/target/test-dir/MiniOzoneClusterImpl-8d24175b-b5af-4536-8aa2-3b49cded71dd/datanode-3/data/ratis/bcfb9338-f2b2-44f0-a3b6-e5fb03a2fad4
2019-09-12 01:40:28,641 [pool-325-thread-1] INFO  server.RaftServerConfigKeys (ConfUtils.java:logGet(43)) - raft.server.log.queue.byte-limit = 2147483647 (custom)
2019-09-12 01:40:28,641 [pool-325-thread-1] INFO  server.RaftServerConfigKeys (ConfUtils.java:logGet(43)) - raft.server.log.queue.element-limit = 1024 (custom)
2019-09-12 01:40:28,641 [pool-325-thread-1] INFO  server.RaftServerConfigKeys (ConfUtils.java:logGet(43)) - raft.server.log.segment.size.max = 1048576 (custom)
2019-09-12 01:40:28,641 [pool-325-thread-1] INFO  server.RaftServerConfigKeys (ConfUtils.java:logGet(43)) - raft.server.log.preallocated.size = 16384 (custom)
2019-09-12 01:40:28,642 [pool-325-thread-1] INFO  server.RaftServerConfigKeys (ConfUtils.java:logGet(43)) - raft.server.log.write.buffer.size = 33554432 (custom)
2019-09-12 01:40:28,642 [pool-325-thread-1] INFO  server.RaftServerConfigKeys (ConfUtils.java:logGet(43)) - raft.server.log.force.sync.num = 128 (default)
2019-09-12 01:40:28,642 [pool-325-thread-1] INFO  server.RaftServerConfigKeys (ConfUtils.java:logGet(43)) - raft.server.log.statemachine.data.sync = true (default)
2019-09-12 01:40:28,642 [pool-325-thread-1] INFO  server.RaftServerConfigKeys (ConfUtils.java:logGet(43)) - raft.server.log.statemachine.data.sync.timeout = 10s (default)
2019-09-12 01:40:28,642 [pool-325-thread-1] INFO  server.RaftServerConfigKeys (ConfUtils.java:logGet(43)) - raft.server.log.statemachine.data.sync.timeout.retry = -1 (default)
2019-09-12 01:40:28,643 [pool-325-thread-1] INFO  server.RaftServerConfigKeys (ConfUtils.java:logGet(43)) - raft.server.log.statemachine.data.caching.enabled = true (custom)
2019-09-12 01:40:28,645 [pool-325-thread-1] INFO  segmented.SegmentedRaftLogWorker (SegmentedRaftLogWorker.java:lambda$new$0(132)) - 959522c7-bbeb-4098-9bdc-443d0fadaa95-SegmentedRaftLogWorker:Storage Directory /workdir/hadoop-ozone/integration-test/target/test-dir/MiniOzoneClusterImpl-8d24175b-b5af-4536-8aa2-3b49cded71dd/datanode-3/data/ratis/bcfb9338-f2b2-44f0-a3b6-e5fb03a2fad4: flushIndex: setUnconditionally 0 -> -1
2019-09-12 01:40:28,646 [pool-325-thread-1] INFO  server.RaftServerConfigKeys (ConfUtils.java:logGet(43)) - raft.server.snapshot.auto.trigger.enabled = true (custom)
2019-09-12 01:40:28,646 [pool-325-thread-1] INFO  server.RaftServerConfigKeys (ConfUtils.java:logGet(43)) - raft.server.snapshot.auto.trigger.threshold = 10000 (custom)
2019-09-12 01:40:28,653 [pool-325-thread-1] INFO  server.RaftServerConfigKeys (ConfUtils.java:logGet(43)) - raft.server.retrycache.expirytime = 600000ms (custom)
2019-09-12 01:40:28,661 [pool-325-thread-1] INFO  impl.RaftServerImpl (RaftServerImpl.java:start(180)) - 959522c7-bbeb-4098-9bdc-443d0fadaa95: start group-E5FB03A2FAD4
2019-09-12 01:40:28,661 [pool-325-thread-1] INFO  impl.RaftServerImpl (RaftServerImpl.java:setRole(171)) - 959522c7-bbeb-4098-9bdc-443d0fadaa95:group-E5FB03A2FAD4 changes role from null to FOLLOWER at term 0 for startAsFollower
2019-09-12 01:40:28,661 [pool-325-thread-1] INFO  impl.RoleInfo (RoleInfo.java:updateAndGet(143)) - 959522c7-bbeb-4098-9bdc-443d0fadaa95: start FollowerState
2019-09-12 01:40:28,662 [pool-325-thread-1] INFO  util.JmxRegister (JmxRegister.java:tryRegister(44)) - Successfully registered JMX Bean with object name Ratis:service=RaftServer,group=group-E5FB03A2FAD4,id=959522c7-bbeb-4098-9bdc-443d0fadaa95
2019-09-12 01:40:28,670 [main] INFO  rpc.RpcClient (RpcClient.java:createVolume(294)) - Creating Volume: watchforcommithandlingtest, with jenkins1000 as owner.
2019-09-12 01:40:28,671 [RatisPipelineUtilsThread] INFO  pipeline.PipelineStateManager (PipelineStateManager.java:addPipeline(56)) - Created pipeline Pipeline[ Id: bcfb9338-f2b2-44f0-a3b6-e5fb03a2fad4, Nodes: 959522c7-bbeb-4098-9bdc-443d0fadaa95{ip: 192.168.5.171, host: pr-hdds-2007-7njtk-1085629304, networkLocation: /default-rack, certSerialId: null}, Type:RATIS, Factor:ONE, State:OPEN]
2019-09-12 01:40:28,677 [IPC Server handler 1 on 36928] INFO  volume.OMVolumeCreateRequest (OMVolumeCreateRequest.java:validateAndUpdateCache(189)) - created volume:watchforcommithandlingtest for user:jenkins1000
2019-09-12 01:40:28,680 [grpc-default-executor-4] INFO  impl.RaftServerProxy (RaftServerProxy.java:addNew(89)) - 35075fe9-2a9b-4a2a-b9fa-25e2a868bd2e: addNew group-30D698FEDFC1:[35075fe9-2a9b-4a2a-b9fa-25e2a868bd2e:192.168.5.171:43677] returns group-30D698FEDFC1:java.util.concurrent.CompletableFuture@3d4e3452[Not completed]
2019-09-12 01:40:28,684 [pool-355-thread-1] INFO  impl.RaftServerImpl (RaftServerImpl.java:<init>(93)) - 35075fe9-2a9b-4a2a-b9fa-25e2a868bd2e: new RaftServerImpl for group-30D698FEDFC1:[35075fe9-2a9b-4a2a-b9fa-25e2a868bd2e:192.168.5.171:43677] with ContainerStateMachine:uninitialized
2019-09-12 01:40:28,685 [pool-355-thread-1] INFO  server.RaftServerConfigKeys (ConfUtils.java:logGet(43)) - raft.server.rpc.timeout.min = 5s (custom)
2019-09-12 01:40:28,685 [pool-355-thread-1] INFO  server.RaftServerConfigKeys (ConfUtils.java:logGet(43)) - raft.server.rpc.timeout.max = 5200ms (custom)
2019-09-12 01:40:28,685 [pool-355-thread-1] INFO  server.RaftServerConfigKeys (ConfUtils.java:logGet(43)) - raft.server.rpcslowness.timeout = 120s (custom)
2019-09-12 01:40:28,694 [pool-355-thread-1] INFO  server.RaftServerConfigKeys (ConfUtils.java:logGet(43)) - raft.server.sleep.deviation.threshold = 300 (default)
2019-09-12 01:40:28,694 [pool-355-thread-1] INFO  server.RaftServerConfigKeys (ConfUtils.java:logGet(43)) - raft.server.log.appender.install.snapshot.enabled = false (custom)
2019-09-12 01:40:28,694 [pool-355-thread-1] INFO  impl.RaftServerImpl (ServerState.java:<init>(105)) - 35075fe9-2a9b-4a2a-b9fa-25e2a868bd2e:group-30D698FEDFC1 ConfigurationManager, init=-1: [35075fe9-2a9b-4a2a-b9fa-25e2a868bd2e:192.168.5.171:43677], old=null, confs=<EMPTY_MAP>
2019-09-12 01:40:28,694 [main] INFO  rpc.RpcClient (RpcClient.java:createBucket(433)) - Creating Bucket: watchforcommithandlingtest/watchforcommithandlingtest, with Versioning false and Storage Type set to DISK and Encryption set to false 
2019-09-12 01:40:28,694 [pool-355-thread-1] INFO  server.RaftServerConfigKeys (ConfUtils.java:logGet(43)) - raft.server.storage.dir = [/workdir/hadoop-ozone/integration-test/target/test-dir/MiniOzoneClusterImpl-8d24175b-b5af-4536-8aa2-3b49cded71dd/datanode-6/data/ratis] (custom)
2019-09-12 01:40:28,695 [pool-355-thread-1] INFO  storage.RaftStorageDirectory (RaftStorageDirectory.java:analyzeStorage(246)) - The storage directory /workdir/hadoop-ozone/integration-test/target/test-dir/MiniOzoneClusterImpl-8d24175b-b5af-4536-8aa2-3b49cded71dd/datanode-6/data/ratis/b298ed94-d242-4d09-839e-30d698fedfc1 does not exist. Creating ...
2019-09-12 01:40:28,699 [main] INFO  ozone.MiniOzoneClusterImpl (MiniOzoneClusterImpl.java:getStorageContainerLocationClient(232)) - Creating StorageContainerLocationProtocol RPC client with address /0.0.0.0:43490
2019-09-12 01:40:28,716 [pool-355-thread-1] INFO  storage.RaftStorageDirectory (RaftStorageDirectory.java:tryLock(328)) - Lock on /workdir/hadoop-ozone/integration-test/target/test-dir/MiniOzoneClusterImpl-8d24175b-b5af-4536-8aa2-3b49cded71dd/datanode-6/data/ratis/b298ed94-d242-4d09-839e-30d698fedfc1/in_use.lock acquired by nodename 22335@pr-hdds-2007-7njtk-1085629304
2019-09-12 01:40:28,732 [pool-355-thread-1] INFO  storage.RaftStorage (RaftStorage.java:format(72)) - Storage directory /workdir/hadoop-ozone/integration-test/target/test-dir/MiniOzoneClusterImpl-8d24175b-b5af-4536-8aa2-3b49cded71dd/datanode-6/data/ratis/b298ed94-d242-4d09-839e-30d698fedfc1 has been successfully formatted.
2019-09-12 01:40:28,732 [pool-355-thread-1] INFO  ratis.ContainerStateMachine (ContainerStateMachine.java:loadSnapshot(227)) - group-30D698FEDFC1: The snapshot info is null. Setting the last applied indexto:(t:0, i:~)
2019-09-12 01:40:28,732 [pool-355-thread-1] INFO  server.RaftServerConfigKeys (ConfUtils.java:logGet(43)) - raft.server.leader.election.timeout = 120s (custom)
2019-09-12 01:40:28,732 [pool-355-thread-1] INFO  server.RaftServerConfigKeys (ConfUtils.java:logGet(43)) - raft.server.log.use.memory = false (default)
2019-09-12 01:40:28,732 [pool-355-thread-1] INFO  server.RaftServerConfigKeys (ConfUtils.java:logGet(43)) - raft.server.log.purge.gap = 1000000 (custom)
2019-09-12 01:40:28,733 [pool-355-thread-1] INFO  server.RaftServerConfigKeys (ConfUtils.java:logGet(43)) - raft.server.log.appender.buffer.byte-limit = 33554432 (custom)
2019-09-12 01:40:28,733 [pool-355-thread-1] INFO  server.RaftServerConfigKeys (ConfUtils.java:logGet(43)) - raft.server.log.segment.size.max = 1048576 (custom)
2019-09-12 01:40:28,733 [pool-355-thread-1] INFO  server.RaftServerConfigKeys (ConfUtils.java:logGet(43)) - raft.server.log.segment.cache.num.max = 2 (custom)
2019-09-12 01:40:28,733 [pool-355-thread-1] INFO  segmented.SegmentedRaftLogWorker (SegmentedRaftLogWorker.java:<init>(172)) - new 35075fe9-2a9b-4a2a-b9fa-25e2a868bd2e-SegmentedRaftLogWorker:Storage Directory /workdir/hadoop-ozone/integration-test/target/test-dir/MiniOzoneClusterImpl-8d24175b-b5af-4536-8aa2-3b49cded71dd/datanode-6/data/ratis/b298ed94-d242-4d09-839e-30d698fedfc1 for RaftStorage:Storage Directory /workdir/hadoop-ozone/integration-test/target/test-dir/MiniOzoneClusterImpl-8d24175b-b5af-4536-8aa2-3b49cded71dd/datanode-6/data/ratis/b298ed94-d242-4d09-839e-30d698fedfc1
2019-09-12 01:40:28,733 [pool-355-thread-1] INFO  server.RaftServerConfigKeys (ConfUtils.java:logGet(43)) - raft.server.log.queue.byte-limit = 2147483647 (custom)
2019-09-12 01:40:28,733 [pool-355-thread-1] INFO  server.RaftServerConfigKeys (ConfUtils.java:logGet(43)) - raft.server.log.queue.element-limit = 1024 (custom)
2019-09-12 01:40:28,734 [pool-355-thread-1] INFO  server.RaftServerConfigKeys (ConfUtils.java:logGet(43)) - raft.server.log.segment.size.max = 1048576 (custom)
2019-09-12 01:40:28,734 [pool-355-thread-1] INFO  server.RaftServerConfigKeys (ConfUtils.java:logGet(43)) - raft.server.log.preallocated.size = 16384 (custom)
2019-09-12 01:40:28,734 [pool-355-thread-1] INFO  server.RaftServerConfigKeys (ConfUtils.java:logGet(43)) - raft.server.log.write.buffer.size = 33554432 (custom)
2019-09-12 01:40:28,734 [pool-355-thread-1] INFO  server.RaftServerConfigKeys (ConfUtils.java:logGet(43)) - raft.server.log.force.sync.num = 128 (default)
2019-09-12 01:40:28,734 [pool-355-thread-1] INFO  server.RaftServerConfigKeys (ConfUtils.java:logGet(43)) - raft.server.log.statemachine.data.sync = true (default)
2019-09-12 01:40:28,734 [pool-355-thread-1] INFO  server.RaftServerConfigKeys (ConfUtils.java:logGet(43)) - raft.server.log.statemachine.data.sync.timeout = 10s (default)
2019-09-12 01:40:28,735 [pool-355-thread-1] INFO  server.RaftServerConfigKeys (ConfUtils.java:logGet(43)) - raft.server.log.statemachine.data.sync.timeout.retry = -1 (default)
2019-09-12 01:40:28,735 [pool-355-thread-1] INFO  server.RaftServerConfigKeys (ConfUtils.java:logGet(43)) - raft.server.log.statemachine.data.caching.enabled = true (custom)
2019-09-12 01:40:28,735 [pool-355-thread-1] INFO  segmented.SegmentedRaftLogWorker (SegmentedRaftLogWorker.java:lambda$new$0(132)) - 35075fe9-2a9b-4a2a-b9fa-25e2a868bd2e-SegmentedRaftLogWorker:Storage Directory /workdir/hadoop-ozone/integration-test/target/test-dir/MiniOzoneClusterImpl-8d24175b-b5af-4536-8aa2-3b49cded71dd/datanode-6/data/ratis/b298ed94-d242-4d09-839e-30d698fedfc1: flushIndex: setUnconditionally 0 -> -1
2019-09-12 01:40:28,736 [pool-355-thread-1] INFO  server.RaftServerConfigKeys (ConfUtils.java:logGet(43)) - raft.server.snapshot.auto.trigger.enabled = true (custom)
2019-09-12 01:40:28,736 [pool-355-thread-1] INFO  server.RaftServerConfigKeys (ConfUtils.java:logGet(43)) - raft.server.snapshot.auto.trigger.threshold = 10000 (custom)
2019-09-12 01:40:28,736 [pool-355-thread-1] INFO  server.RaftServerConfigKeys (ConfUtils.java:logGet(43)) - raft.server.retrycache.expirytime = 600000ms (custom)
2019-09-12 01:40:28,736 [pool-355-thread-1] INFO  impl.RaftServerImpl (RaftServerImpl.java:start(180)) - 35075fe9-2a9b-4a2a-b9fa-25e2a868bd2e: start group-30D698FEDFC1
2019-09-12 01:40:28,736 [pool-355-thread-1] INFO  impl.RaftServerImpl (RaftServerImpl.java:setRole(171)) - 35075fe9-2a9b-4a2a-b9fa-25e2a868bd2e:group-30D698FEDFC1 changes role from null to FOLLOWER at term 0 for startAsFollower
2019-09-12 01:40:28,736 [pool-355-thread-1] INFO  impl.RoleInfo (RoleInfo.java:updateAndGet(143)) - 35075fe9-2a9b-4a2a-b9fa-25e2a868bd2e: start FollowerState
2019-09-12 01:40:28,737 [pool-355-thread-1] INFO  util.JmxRegister (JmxRegister.java:tryRegister(44)) - Successfully registered JMX Bean with object name Ratis:service=RaftServer,group=group-30D698FEDFC1,id=35075fe9-2a9b-4a2a-b9fa-25e2a868bd2e
2019-09-12 01:40:28,742 [RatisPipelineUtilsThread] INFO  pipeline.PipelineStateManager (PipelineStateManager.java:addPipeline(56)) - Created pipeline Pipeline[ Id: b298ed94-d242-4d09-839e-30d698fedfc1, Nodes: 35075fe9-2a9b-4a2a-b9fa-25e2a868bd2e{ip: 192.168.5.171, host: pr-hdds-2007-7njtk-1085629304, networkLocation: /default-rack, certSerialId: null}, Type:RATIS, Factor:ONE, State:OPEN]
2019-09-12 01:40:28,752 [grpc-default-executor-4] INFO  impl.RaftServerProxy (RaftServerProxy.java:addNew(89)) - bb1d4850-1a3f-4b45-9b70-f14571176219: addNew group-F215E440FCB6:[bb1d4850-1a3f-4b45-9b70-f14571176219:192.168.5.171:34667] returns group-F215E440FCB6:java.util.concurrent.CompletableFuture@1896aeea[Not completed]
2019-09-12 01:40:28,753 [pool-345-thread-1] INFO  impl.RaftServerImpl (RaftServerImpl.java:<init>(93)) - bb1d4850-1a3f-4b45-9b70-f14571176219: new RaftServerImpl for group-F215E440FCB6:[bb1d4850-1a3f-4b45-9b70-f14571176219:192.168.5.171:34667] with ContainerStateMachine:uninitialized
2019-09-12 01:40:28,753 [pool-345-thread-1] INFO  server.RaftServerConfigKeys (ConfUtils.java:logGet(43)) - raft.server.rpc.timeout.min = 5s (custom)
2019-09-12 01:40:28,753 [pool-345-thread-1] INFO  server.RaftServerConfigKeys (ConfUtils.java:logGet(43)) - raft.server.rpc.timeout.max = 5200ms (custom)
2019-09-12 01:40:28,753 [pool-345-thread-1] INFO  server.RaftServerConfigKeys (ConfUtils.java:logGet(43)) - raft.server.rpcslowness.timeout = 120s (custom)
2019-09-12 01:40:28,753 [pool-345-thread-1] INFO  server.RaftServerConfigKeys (ConfUtils.java:logGet(43)) - raft.server.sleep.deviation.threshold = 300 (default)
2019-09-12 01:40:28,754 [pool-345-thread-1] INFO  server.RaftServerConfigKeys (ConfUtils.java:logGet(43)) - raft.server.log.appender.install.snapshot.enabled = false (custom)
2019-09-12 01:40:28,754 [pool-345-thread-1] INFO  impl.RaftServerImpl (ServerState.java:<init>(105)) - bb1d4850-1a3f-4b45-9b70-f14571176219:group-F215E440FCB6 ConfigurationManager, init=-1: [bb1d4850-1a3f-4b45-9b70-f14571176219:192.168.5.171:34667], old=null, confs=<EMPTY_MAP>
2019-09-12 01:40:28,754 [pool-345-thread-1] INFO  server.RaftServerConfigKeys (ConfUtils.java:logGet(43)) - raft.server.storage.dir = [/workdir/hadoop-ozone/integration-test/target/test-dir/MiniOzoneClusterImpl-8d24175b-b5af-4536-8aa2-3b49cded71dd/datanode-5/data/ratis] (custom)
2019-09-12 01:40:28,754 [pool-345-thread-1] INFO  storage.RaftStorageDirectory (RaftStorageDirectory.java:analyzeStorage(246)) - The storage directory /workdir/hadoop-ozone/integration-test/target/test-dir/MiniOzoneClusterImpl-8d24175b-b5af-4536-8aa2-3b49cded71dd/datanode-5/data/ratis/952ce3db-67f8-4166-a6f0-f215e440fcb6 does not exist. Creating ...
2019-09-12 01:40:28,777 [pool-345-thread-1] INFO  storage.RaftStorageDirectory (RaftStorageDirectory.java:tryLock(328)) - Lock on /workdir/hadoop-ozone/integration-test/target/test-dir/MiniOzoneClusterImpl-8d24175b-b5af-4536-8aa2-3b49cded71dd/datanode-5/data/ratis/952ce3db-67f8-4166-a6f0-f215e440fcb6/in_use.lock acquired by nodename 22335@pr-hdds-2007-7njtk-1085629304
2019-09-12 01:40:28,794 [pool-345-thread-1] INFO  storage.RaftStorage (RaftStorage.java:format(72)) - Storage directory /workdir/hadoop-ozone/integration-test/target/test-dir/MiniOzoneClusterImpl-8d24175b-b5af-4536-8aa2-3b49cded71dd/datanode-5/data/ratis/952ce3db-67f8-4166-a6f0-f215e440fcb6 has been successfully formatted.
2019-09-12 01:40:28,794 [pool-345-thread-1] INFO  ratis.ContainerStateMachine (ContainerStateMachine.java:loadSnapshot(227)) - group-F215E440FCB6: The snapshot info is null. Setting the last applied indexto:(t:0, i:~)
2019-09-12 01:40:28,794 [pool-345-thread-1] INFO  server.RaftServerConfigKeys (ConfUtils.java:logGet(43)) - raft.server.leader.election.timeout = 120s (custom)
2019-09-12 01:40:28,795 [pool-345-thread-1] INFO  server.RaftServerConfigKeys (ConfUtils.java:logGet(43)) - raft.server.log.use.memory = false (default)
2019-09-12 01:40:28,795 [pool-345-thread-1] INFO  server.RaftServerConfigKeys (ConfUtils.java:logGet(43)) - raft.server.log.purge.gap = 1000000 (custom)
2019-09-12 01:40:28,795 [pool-345-thread-1] INFO  server.RaftServerConfigKeys (ConfUtils.java:logGet(43)) - raft.server.log.appender.buffer.byte-limit = 33554432 (custom)
2019-09-12 01:40:28,795 [pool-345-thread-1] INFO  server.RaftServerConfigKeys (ConfUtils.java:logGet(43)) - raft.server.log.segment.size.max = 1048576 (custom)
2019-09-12 01:40:28,795 [pool-345-thread-1] INFO  server.RaftServerConfigKeys (ConfUtils.java:logGet(43)) - raft.server.log.segment.cache.num.max = 2 (custom)
2019-09-12 01:40:28,795 [pool-345-thread-1] INFO  segmented.SegmentedRaftLogWorker (SegmentedRaftLogWorker.java:<init>(172)) - new bb1d4850-1a3f-4b45-9b70-f14571176219-SegmentedRaftLogWorker:Storage Directory /workdir/hadoop-ozone/integration-test/target/test-dir/MiniOzoneClusterImpl-8d24175b-b5af-4536-8aa2-3b49cded71dd/datanode-5/data/ratis/952ce3db-67f8-4166-a6f0-f215e440fcb6 for RaftStorage:Storage Directory /workdir/hadoop-ozone/integration-test/target/test-dir/MiniOzoneClusterImpl-8d24175b-b5af-4536-8aa2-3b49cded71dd/datanode-5/data/ratis/952ce3db-67f8-4166-a6f0-f215e440fcb6
2019-09-12 01:40:28,795 [pool-345-thread-1] INFO  server.RaftServerConfigKeys (ConfUtils.java:logGet(43)) - raft.server.log.queue.byte-limit = 2147483647 (custom)
2019-09-12 01:40:28,795 [pool-345-thread-1] INFO  server.RaftServerConfigKeys (ConfUtils.java:logGet(43)) - raft.server.log.queue.element-limit = 1024 (custom)
2019-09-12 01:40:28,796 [pool-345-thread-1] INFO  server.RaftServerConfigKeys (ConfUtils.java:logGet(43)) - raft.server.log.segment.size.max = 1048576 (custom)
2019-09-12 01:40:28,796 [pool-345-thread-1] INFO  server.RaftServerConfigKeys (ConfUtils.java:logGet(43)) - raft.server.log.preallocated.size = 16384 (custom)
2019-09-12 01:40:28,796 [pool-345-thread-1] INFO  server.RaftServerConfigKeys (ConfUtils.java:logGet(43)) - raft.server.log.write.buffer.size = 33554432 (custom)
2019-09-12 01:40:28,796 [pool-345-thread-1] INFO  server.RaftServerConfigKeys (ConfUtils.java:logGet(43)) - raft.server.log.force.sync.num = 128 (default)
2019-09-12 01:40:28,796 [pool-345-thread-1] INFO  server.RaftServerConfigKeys (ConfUtils.java:logGet(43)) - raft.server.log.statemachine.data.sync = true (default)
2019-09-12 01:40:28,796 [pool-345-thread-1] INFO  server.RaftServerConfigKeys (ConfUtils.java:logGet(43)) - raft.server.log.statemachine.data.sync.timeout = 10s (default)
2019-09-12 01:40:28,796 [pool-345-thread-1] INFO  server.RaftServerConfigKeys (ConfUtils.java:logGet(43)) - raft.server.log.statemachine.data.sync.timeout.retry = -1 (default)
2019-09-12 01:40:28,796 [pool-345-thread-1] INFO  server.RaftServerConfigKeys (ConfUtils.java:logGet(43)) - raft.server.log.statemachine.data.caching.enabled = true (custom)
2019-09-12 01:40:28,797 [pool-345-thread-1] INFO  segmented.SegmentedRaftLogWorker (SegmentedRaftLogWorker.java:lambda$new$0(132)) - bb1d4850-1a3f-4b45-9b70-f14571176219-SegmentedRaftLogWorker:Storage Directory /workdir/hadoop-ozone/integration-test/target/test-dir/MiniOzoneClusterImpl-8d24175b-b5af-4536-8aa2-3b49cded71dd/datanode-5/data/ratis/952ce3db-67f8-4166-a6f0-f215e440fcb6: flushIndex: setUnconditionally 0 -> -1
2019-09-12 01:40:28,797 [pool-345-thread-1] INFO  server.RaftServerConfigKeys (ConfUtils.java:logGet(43)) - raft.server.snapshot.auto.trigger.enabled = true (custom)
2019-09-12 01:40:28,797 [pool-345-thread-1] INFO  server.RaftServerConfigKeys (ConfUtils.java:logGet(43)) - raft.server.snapshot.auto.trigger.threshold = 10000 (custom)
2019-09-12 01:40:28,797 [pool-345-thread-1] INFO  server.RaftServerConfigKeys (ConfUtils.java:logGet(43)) - raft.server.retrycache.expirytime = 600000ms (custom)
2019-09-12 01:40:28,797 [pool-345-thread-1] INFO  impl.RaftServerImpl (RaftServerImpl.java:start(180)) - bb1d4850-1a3f-4b45-9b70-f14571176219: start group-F215E440FCB6
2019-09-12 01:40:28,797 [pool-345-thread-1] INFO  impl.RaftServerImpl (RaftServerImpl.java:setRole(171)) - bb1d4850-1a3f-4b45-9b70-f14571176219:group-F215E440FCB6 changes role from null to FOLLOWER at term 0 for startAsFollower
2019-09-12 01:40:28,797 [pool-345-thread-1] INFO  impl.RoleInfo (RoleInfo.java:updateAndGet(143)) - bb1d4850-1a3f-4b45-9b70-f14571176219: start FollowerState
2019-09-12 01:40:28,798 [pool-345-thread-1] INFO  util.JmxRegister (JmxRegister.java:tryRegister(44)) - Successfully registered JMX Bean with object name Ratis:service=RaftServer,group=group-F215E440FCB6,id=bb1d4850-1a3f-4b45-9b70-f14571176219
2019-09-12 01:40:28,802 [RatisPipelineUtilsThread] INFO  pipeline.PipelineStateManager (PipelineStateManager.java:addPipeline(56)) - Created pipeline Pipeline[ Id: 952ce3db-67f8-4166-a6f0-f215e440fcb6, Nodes: bb1d4850-1a3f-4b45-9b70-f14571176219{ip: 192.168.5.171, host: pr-hdds-2007-7njtk-1085629304, networkLocation: /default-rack, certSerialId: null}, Type:RATIS, Factor:ONE, State:OPEN]
2019-09-12 01:40:28,816 [grpc-default-executor-3] INFO  impl.RaftServerProxy (RaftServerProxy.java:addNew(89)) - c4cf9f8a-4703-4a46-a507-73a96db3922e: addNew group-910D36FAB628:[c4cf9f8a-4703-4a46-a507-73a96db3922e:192.168.5.171:46158, 959522c7-bbeb-4098-9bdc-443d0fadaa95:192.168.5.171:37340, 35075fe9-2a9b-4a2a-b9fa-25e2a868bd2e:192.168.5.171:43677] returns group-910D36FAB628:java.util.concurrent.CompletableFuture@1bf60b04[Not completed]
2019-09-12 01:40:28,816 [grpc-default-executor-4] INFO  impl.RaftServerProxy (RaftServerProxy.java:addNew(89)) - 35075fe9-2a9b-4a2a-b9fa-25e2a868bd2e: addNew group-910D36FAB628:[c4cf9f8a-4703-4a46-a507-73a96db3922e:192.168.5.171:46158, 959522c7-bbeb-4098-9bdc-443d0fadaa95:192.168.5.171:37340, 35075fe9-2a9b-4a2a-b9fa-25e2a868bd2e:192.168.5.171:43677] returns group-910D36FAB628:java.util.concurrent.CompletableFuture@1fb394b6[Not completed]
2019-09-12 01:40:28,816 [grpc-default-executor-2] INFO  impl.RaftServerProxy (RaftServerProxy.java:addNew(89)) - 959522c7-bbeb-4098-9bdc-443d0fadaa95: addNew group-910D36FAB628:[c4cf9f8a-4703-4a46-a507-73a96db3922e:192.168.5.171:46158, 959522c7-bbeb-4098-9bdc-443d0fadaa95:192.168.5.171:37340, 35075fe9-2a9b-4a2a-b9fa-25e2a868bd2e:192.168.5.171:43677] returns group-910D36FAB628:java.util.concurrent.CompletableFuture@1b23757d[Not completed]
2019-09-12 01:40:28,818 [pool-335-thread-1] INFO  impl.RaftServerImpl (RaftServerImpl.java:<init>(93)) - c4cf9f8a-4703-4a46-a507-73a96db3922e: new RaftServerImpl for group-910D36FAB628:[c4cf9f8a-4703-4a46-a507-73a96db3922e:192.168.5.171:46158, 959522c7-bbeb-4098-9bdc-443d0fadaa95:192.168.5.171:37340, 35075fe9-2a9b-4a2a-b9fa-25e2a868bd2e:192.168.5.171:43677] with ContainerStateMachine:uninitialized
2019-09-12 01:40:28,818 [pool-335-thread-1] INFO  server.RaftServerConfigKeys (ConfUtils.java:logGet(43)) - raft.server.rpc.timeout.min = 5s (custom)
2019-09-12 01:40:28,818 [pool-335-thread-1] INFO  server.RaftServerConfigKeys (ConfUtils.java:logGet(43)) - raft.server.rpc.timeout.max = 5200ms (custom)
2019-09-12 01:40:28,818 [pool-335-thread-1] INFO  server.RaftServerConfigKeys (ConfUtils.java:logGet(43)) - raft.server.rpcslowness.timeout = 120s (custom)
2019-09-12 01:40:28,818 [pool-335-thread-1] INFO  server.RaftServerConfigKeys (ConfUtils.java:logGet(43)) - raft.server.sleep.deviation.threshold = 300 (default)
2019-09-12 01:40:28,818 [pool-335-thread-1] INFO  server.RaftServerConfigKeys (ConfUtils.java:logGet(43)) - raft.server.log.appender.install.snapshot.enabled = false (custom)
2019-09-12 01:40:28,819 [pool-335-thread-1] INFO  impl.RaftServerImpl (ServerState.java:<init>(105)) - c4cf9f8a-4703-4a46-a507-73a96db3922e:group-910D36FAB628 ConfigurationManager, init=-1: [c4cf9f8a-4703-4a46-a507-73a96db3922e:192.168.5.171:46158, 959522c7-bbeb-4098-9bdc-443d0fadaa95:192.168.5.171:37340, 35075fe9-2a9b-4a2a-b9fa-25e2a868bd2e:192.168.5.171:43677], old=null, confs=<EMPTY_MAP>
2019-09-12 01:40:28,819 [pool-335-thread-1] INFO  server.RaftServerConfigKeys (ConfUtils.java:logGet(43)) - raft.server.storage.dir = [/workdir/hadoop-ozone/integration-test/target/test-dir/MiniOzoneClusterImpl-8d24175b-b5af-4536-8aa2-3b49cded71dd/datanode-4/data/ratis] (custom)
2019-09-12 01:40:28,819 [pool-335-thread-1] INFO  storage.RaftStorageDirectory (RaftStorageDirectory.java:analyzeStorage(246)) - The storage directory /workdir/hadoop-ozone/integration-test/target/test-dir/MiniOzoneClusterImpl-8d24175b-b5af-4536-8aa2-3b49cded71dd/datanode-4/data/ratis/895f883d-1470-42c1-a5ed-910d36fab628 does not exist. Creating ...
2019-09-12 01:40:28,820 [pool-325-thread-1] INFO  impl.RaftServerImpl (RaftServerImpl.java:<init>(93)) - 959522c7-bbeb-4098-9bdc-443d0fadaa95: new RaftServerImpl for group-910D36FAB628:[c4cf9f8a-4703-4a46-a507-73a96db3922e:192.168.5.171:46158, 959522c7-bbeb-4098-9bdc-443d0fadaa95:192.168.5.171:37340, 35075fe9-2a9b-4a2a-b9fa-25e2a868bd2e:192.168.5.171:43677] with ContainerStateMachine:uninitialized
2019-09-12 01:40:28,820 [pool-325-thread-1] INFO  server.RaftServerConfigKeys (ConfUtils.java:logGet(43)) - raft.server.rpc.timeout.min = 5s (custom)
2019-09-12 01:40:28,820 [pool-325-thread-1] INFO  server.RaftServerConfigKeys (ConfUtils.java:logGet(43)) - raft.server.rpc.timeout.max = 5200ms (custom)
2019-09-12 01:40:28,820 [pool-325-thread-1] INFO  server.RaftServerConfigKeys (ConfUtils.java:logGet(43)) - raft.server.rpcslowness.timeout = 120s (custom)
2019-09-12 01:40:28,820 [pool-325-thread-1] INFO  server.RaftServerConfigKeys (ConfUtils.java:logGet(43)) - raft.server.sleep.deviation.threshold = 300 (default)
2019-09-12 01:40:28,820 [pool-355-thread-1] INFO  impl.RaftServerImpl (RaftServerImpl.java:<init>(93)) - 35075fe9-2a9b-4a2a-b9fa-25e2a868bd2e: new RaftServerImpl for group-910D36FAB628:[c4cf9f8a-4703-4a46-a507-73a96db3922e:192.168.5.171:46158, 959522c7-bbeb-4098-9bdc-443d0fadaa95:192.168.5.171:37340, 35075fe9-2a9b-4a2a-b9fa-25e2a868bd2e:192.168.5.171:43677] with ContainerStateMachine:uninitialized
2019-09-12 01:40:28,820 [pool-325-thread-1] INFO  server.RaftServerConfigKeys (ConfUtils.java:logGet(43)) - raft.server.log.appender.install.snapshot.enabled = false (custom)
2019-09-12 01:40:28,821 [pool-355-thread-1] INFO  server.RaftServerConfigKeys (ConfUtils.java:logGet(43)) - raft.server.rpc.timeout.min = 5s (custom)
2019-09-12 01:40:28,821 [pool-325-thread-1] INFO  impl.RaftServerImpl (ServerState.java:<init>(105)) - 959522c7-bbeb-4098-9bdc-443d0fadaa95:group-910D36FAB628 ConfigurationManager, init=-1: [c4cf9f8a-4703-4a46-a507-73a96db3922e:192.168.5.171:46158, 959522c7-bbeb-4098-9bdc-443d0fadaa95:192.168.5.171:37340, 35075fe9-2a9b-4a2a-b9fa-25e2a868bd2e:192.168.5.171:43677], old=null, confs=<EMPTY_MAP>
2019-09-12 01:40:28,821 [pool-355-thread-1] INFO  server.RaftServerConfigKeys (ConfUtils.java:logGet(43)) - raft.server.rpc.timeout.max = 5200ms (custom)
2019-09-12 01:40:28,821 [pool-325-thread-1] INFO  server.RaftServerConfigKeys (ConfUtils.java:logGet(43)) - raft.server.storage.dir = [/workdir/hadoop-ozone/integration-test/target/test-dir/MiniOzoneClusterImpl-8d24175b-b5af-4536-8aa2-3b49cded71dd/datanode-3/data/ratis] (custom)
2019-09-12 01:40:28,821 [pool-355-thread-1] INFO  server.RaftServerConfigKeys (ConfUtils.java:logGet(43)) - raft.server.rpcslowness.timeout = 120s (custom)
2019-09-12 01:40:28,821 [pool-355-thread-1] INFO  server.RaftServerConfigKeys (ConfUtils.java:logGet(43)) - raft.server.sleep.deviation.threshold = 300 (default)
2019-09-12 01:40:28,822 [pool-355-thread-1] INFO  server.RaftServerConfigKeys (ConfUtils.java:logGet(43)) - raft.server.log.appender.install.snapshot.enabled = false (custom)
2019-09-12 01:40:28,822 [pool-325-thread-1] INFO  storage.RaftStorageDirectory (RaftStorageDirectory.java:analyzeStorage(246)) - The storage directory /workdir/hadoop-ozone/integration-test/target/test-dir/MiniOzoneClusterImpl-8d24175b-b5af-4536-8aa2-3b49cded71dd/datanode-3/data/ratis/895f883d-1470-42c1-a5ed-910d36fab628 does not exist. Creating ...
2019-09-12 01:40:28,822 [pool-355-thread-1] INFO  impl.RaftServerImpl (ServerState.java:<init>(105)) - 35075fe9-2a9b-4a2a-b9fa-25e2a868bd2e:group-910D36FAB628 ConfigurationManager, init=-1: [c4cf9f8a-4703-4a46-a507-73a96db3922e:192.168.5.171:46158, 959522c7-bbeb-4098-9bdc-443d0fadaa95:192.168.5.171:37340, 35075fe9-2a9b-4a2a-b9fa-25e2a868bd2e:192.168.5.171:43677], old=null, confs=<EMPTY_MAP>
2019-09-12 01:40:28,822 [pool-355-thread-1] INFO  server.RaftServerConfigKeys (ConfUtils.java:logGet(43)) - raft.server.storage.dir = [/workdir/hadoop-ozone/integration-test/target/test-dir/MiniOzoneClusterImpl-8d24175b-b5af-4536-8aa2-3b49cded71dd/datanode-6/data/ratis] (custom)
2019-09-12 01:40:28,822 [pool-355-thread-1] INFO  storage.RaftStorageDirectory (RaftStorageDirectory.java:analyzeStorage(246)) - The storage directory /workdir/hadoop-ozone/integration-test/target/test-dir/MiniOzoneClusterImpl-8d24175b-b5af-4536-8aa2-3b49cded71dd/datanode-6/data/ratis/895f883d-1470-42c1-a5ed-910d36fab628 does not exist. Creating ...
2019-09-12 01:40:28,841 [pool-335-thread-1] INFO  storage.RaftStorageDirectory (RaftStorageDirectory.java:tryLock(328)) - Lock on /workdir/hadoop-ozone/integration-test/target/test-dir/MiniOzoneClusterImpl-8d24175b-b5af-4536-8aa2-3b49cded71dd/datanode-4/data/ratis/895f883d-1470-42c1-a5ed-910d36fab628/in_use.lock acquired by nodename 22335@pr-hdds-2007-7njtk-1085629304
2019-09-12 01:40:28,858 [pool-355-thread-1] INFO  storage.RaftStorageDirectory (RaftStorageDirectory.java:tryLock(328)) - Lock on /workdir/hadoop-ozone/integration-test/target/test-dir/MiniOzoneClusterImpl-8d24175b-b5af-4536-8aa2-3b49cded71dd/datanode-6/data/ratis/895f883d-1470-42c1-a5ed-910d36fab628/in_use.lock acquired by nodename 22335@pr-hdds-2007-7njtk-1085629304
2019-09-12 01:40:28,858 [pool-325-thread-1] INFO  storage.RaftStorageDirectory (RaftStorageDirectory.java:tryLock(328)) - Lock on /workdir/hadoop-ozone/integration-test/target/test-dir/MiniOzoneClusterImpl-8d24175b-b5af-4536-8aa2-3b49cded71dd/datanode-3/data/ratis/895f883d-1470-42c1-a5ed-910d36fab628/in_use.lock acquired by nodename 22335@pr-hdds-2007-7njtk-1085629304
2019-09-12 01:40:28,884 [pool-335-thread-1] INFO  storage.RaftStorage (RaftStorage.java:format(72)) - Storage directory /workdir/hadoop-ozone/integration-test/target/test-dir/MiniOzoneClusterImpl-8d24175b-b5af-4536-8aa2-3b49cded71dd/datanode-4/data/ratis/895f883d-1470-42c1-a5ed-910d36fab628 has been successfully formatted.
2019-09-12 01:40:28,884 [pool-335-thread-1] INFO  ratis.ContainerStateMachine (ContainerStateMachine.java:loadSnapshot(227)) - group-910D36FAB628: The snapshot info is null. Setting the last applied indexto:(t:0, i:~)
2019-09-12 01:40:28,884 [pool-335-thread-1] INFO  server.RaftServerConfigKeys (ConfUtils.java:logGet(43)) - raft.server.leader.election.timeout = 120s (custom)
2019-09-12 01:40:28,884 [pool-335-thread-1] INFO  server.RaftServerConfigKeys (ConfUtils.java:logGet(43)) - raft.server.log.use.memory = false (default)
2019-09-12 01:40:28,884 [pool-335-thread-1] INFO  server.RaftServerConfigKeys (ConfUtils.java:logGet(43)) - raft.server.log.purge.gap = 1000000 (custom)
2019-09-12 01:40:28,885 [pool-335-thread-1] INFO  server.RaftServerConfigKeys (ConfUtils.java:logGet(43)) - raft.server.log.appender.buffer.byte-limit = 33554432 (custom)
2019-09-12 01:40:28,885 [pool-335-thread-1] INFO  server.RaftServerConfigKeys (ConfUtils.java:logGet(43)) - raft.server.log.segment.size.max = 1048576 (custom)
2019-09-12 01:40:28,885 [pool-335-thread-1] INFO  server.RaftServerConfigKeys (ConfUtils.java:logGet(43)) - raft.server.log.segment.cache.num.max = 2 (custom)
2019-09-12 01:40:28,885 [pool-335-thread-1] INFO  segmented.SegmentedRaftLogWorker (SegmentedRaftLogWorker.java:<init>(172)) - new c4cf9f8a-4703-4a46-a507-73a96db3922e-SegmentedRaftLogWorker:Storage Directory /workdir/hadoop-ozone/integration-test/target/test-dir/MiniOzoneClusterImpl-8d24175b-b5af-4536-8aa2-3b49cded71dd/datanode-4/data/ratis/895f883d-1470-42c1-a5ed-910d36fab628 for RaftStorage:Storage Directory /workdir/hadoop-ozone/integration-test/target/test-dir/MiniOzoneClusterImpl-8d24175b-b5af-4536-8aa2-3b49cded71dd/datanode-4/data/ratis/895f883d-1470-42c1-a5ed-910d36fab628
2019-09-12 01:40:28,885 [pool-335-thread-1] INFO  server.RaftServerConfigKeys (ConfUtils.java:logGet(43)) - raft.server.log.queue.byte-limit = 2147483647 (custom)
2019-09-12 01:40:28,885 [pool-335-thread-1] INFO  server.RaftServerConfigKeys (ConfUtils.java:logGet(43)) - raft.server.log.queue.element-limit = 1024 (custom)
2019-09-12 01:40:28,886 [pool-335-thread-1] INFO  server.RaftServerConfigKeys (ConfUtils.java:logGet(43)) - raft.server.log.segment.size.max = 1048576 (custom)
2019-09-12 01:40:28,886 [pool-335-thread-1] INFO  server.RaftServerConfigKeys (ConfUtils.java:logGet(43)) - raft.server.log.preallocated.size = 16384 (custom)
2019-09-12 01:40:28,886 [pool-335-thread-1] INFO  server.RaftServerConfigKeys (ConfUtils.java:logGet(43)) - raft.server.log.write.buffer.size = 33554432 (custom)
2019-09-12 01:40:28,886 [pool-335-thread-1] INFO  server.RaftServerConfigKeys (ConfUtils.java:logGet(43)) - raft.server.log.force.sync.num = 128 (default)
2019-09-12 01:40:28,886 [pool-335-thread-1] INFO  server.RaftServerConfigKeys (ConfUtils.java:logGet(43)) - raft.server.log.statemachine.data.sync = true (default)
2019-09-12 01:40:28,886 [pool-335-thread-1] INFO  server.RaftServerConfigKeys (ConfUtils.java:logGet(43)) - raft.server.log.statemachine.data.sync.timeout = 10s (default)
2019-09-12 01:40:28,886 [pool-335-thread-1] INFO  server.RaftServerConfigKeys (ConfUtils.java:logGet(43)) - raft.server.log.statemachine.data.sync.timeout.retry = -1 (default)
2019-09-12 01:40:28,887 [pool-335-thread-1] INFO  server.RaftServerConfigKeys (ConfUtils.java:logGet(43)) - raft.server.log.statemachine.data.caching.enabled = true (custom)
2019-09-12 01:40:28,887 [pool-335-thread-1] INFO  segmented.SegmentedRaftLogWorker (SegmentedRaftLogWorker.java:lambda$new$0(132)) - c4cf9f8a-4703-4a46-a507-73a96db3922e-SegmentedRaftLogWorker:Storage Directory /workdir/hadoop-ozone/integration-test/target/test-dir/MiniOzoneClusterImpl-8d24175b-b5af-4536-8aa2-3b49cded71dd/datanode-4/data/ratis/895f883d-1470-42c1-a5ed-910d36fab628: flushIndex: setUnconditionally 0 -> -1
2019-09-12 01:40:28,887 [pool-335-thread-1] INFO  server.RaftServerConfigKeys (ConfUtils.java:logGet(43)) - raft.server.snapshot.auto.trigger.enabled = true (custom)
2019-09-12 01:40:28,888 [pool-335-thread-1] INFO  server.RaftServerConfigKeys (ConfUtils.java:logGet(43)) - raft.server.snapshot.auto.trigger.threshold = 10000 (custom)
2019-09-12 01:40:28,888 [pool-335-thread-1] INFO  server.RaftServerConfigKeys (ConfUtils.java:logGet(43)) - raft.server.retrycache.expirytime = 600000ms (custom)
2019-09-12 01:40:28,888 [pool-335-thread-1] INFO  impl.RaftServerImpl (RaftServerImpl.java:start(180)) - c4cf9f8a-4703-4a46-a507-73a96db3922e: start group-910D36FAB628
2019-09-12 01:40:28,888 [pool-335-thread-1] INFO  impl.RaftServerImpl (RaftServerImpl.java:setRole(171)) - c4cf9f8a-4703-4a46-a507-73a96db3922e:group-910D36FAB628 changes role from null to FOLLOWER at term 0 for startAsFollower
2019-09-12 01:40:28,888 [pool-335-thread-1] INFO  impl.RoleInfo (RoleInfo.java:updateAndGet(143)) - c4cf9f8a-4703-4a46-a507-73a96db3922e: start FollowerState
2019-09-12 01:40:28,889 [pool-335-thread-1] INFO  util.JmxRegister (JmxRegister.java:tryRegister(44)) - Successfully registered JMX Bean with object name Ratis:service=RaftServer,group=group-910D36FAB628,id=c4cf9f8a-4703-4a46-a507-73a96db3922e
2019-09-12 01:40:28,893 [pool-355-thread-1] INFO  storage.RaftStorage (RaftStorage.java:format(72)) - Storage directory /workdir/hadoop-ozone/integration-test/target/test-dir/MiniOzoneClusterImpl-8d24175b-b5af-4536-8aa2-3b49cded71dd/datanode-6/data/ratis/895f883d-1470-42c1-a5ed-910d36fab628 has been successfully formatted.
2019-09-12 01:40:28,893 [pool-325-thread-1] INFO  storage.RaftStorage (RaftStorage.java:format(72)) - Storage directory /workdir/hadoop-ozone/integration-test/target/test-dir/MiniOzoneClusterImpl-8d24175b-b5af-4536-8aa2-3b49cded71dd/datanode-3/data/ratis/895f883d-1470-42c1-a5ed-910d36fab628 has been successfully formatted.
2019-09-12 01:40:28,893 [pool-355-thread-1] INFO  ratis.ContainerStateMachine (ContainerStateMachine.java:loadSnapshot(227)) - group-910D36FAB628: The snapshot info is null. Setting the last applied indexto:(t:0, i:~)
2019-09-12 01:40:28,893 [pool-325-thread-1] INFO  ratis.ContainerStateMachine (ContainerStateMachine.java:loadSnapshot(227)) - group-910D36FAB628: The snapshot info is null. Setting the last applied indexto:(t:0, i:~)
2019-09-12 01:40:28,893 [pool-355-thread-1] INFO  server.RaftServerConfigKeys (ConfUtils.java:logGet(43)) - raft.server.leader.election.timeout = 120s (custom)
2019-09-12 01:40:28,893 [pool-325-thread-1] INFO  server.RaftServerConfigKeys (ConfUtils.java:logGet(43)) - raft.server.leader.election.timeout = 120s (custom)
2019-09-12 01:40:28,893 [pool-355-thread-1] INFO  server.RaftServerConfigKeys (ConfUtils.java:logGet(43)) - raft.server.log.use.memory = false (default)
2019-09-12 01:40:28,894 [pool-325-thread-1] INFO  server.RaftServerConfigKeys (ConfUtils.java:logGet(43)) - raft.server.log.use.memory = false (default)
2019-09-12 01:40:28,894 [pool-355-thread-1] INFO  server.RaftServerConfigKeys (ConfUtils.java:logGet(43)) - raft.server.log.purge.gap = 1000000 (custom)
2019-09-12 01:40:28,894 [pool-325-thread-1] INFO  server.RaftServerConfigKeys (ConfUtils.java:logGet(43)) - raft.server.log.purge.gap = 1000000 (custom)
2019-09-12 01:40:28,894 [pool-355-thread-1] INFO  server.RaftServerConfigKeys (ConfUtils.java:logGet(43)) - raft.server.log.appender.buffer.byte-limit = 33554432 (custom)
2019-09-12 01:40:28,894 [pool-325-thread-1] INFO  server.RaftServerConfigKeys (ConfUtils.java:logGet(43)) - raft.server.log.appender.buffer.byte-limit = 33554432 (custom)
2019-09-12 01:40:28,894 [pool-355-thread-1] INFO  server.RaftServerConfigKeys (ConfUtils.java:logGet(43)) - raft.server.log.segment.size.max = 1048576 (custom)
2019-09-12 01:40:28,894 [pool-325-thread-1] INFO  server.RaftServerConfigKeys (ConfUtils.java:logGet(43)) - raft.server.log.segment.size.max = 1048576 (custom)
2019-09-12 01:40:28,894 [pool-355-thread-1] INFO  server.RaftServerConfigKeys (ConfUtils.java:logGet(43)) - raft.server.log.segment.cache.num.max = 2 (custom)
2019-09-12 01:40:28,895 [pool-325-thread-1] INFO  server.RaftServerConfigKeys (ConfUtils.java:logGet(43)) - raft.server.log.segment.cache.num.max = 2 (custom)
2019-09-12 01:40:28,895 [pool-355-thread-1] INFO  segmented.SegmentedRaftLogWorker (SegmentedRaftLogWorker.java:<init>(172)) - new 35075fe9-2a9b-4a2a-b9fa-25e2a868bd2e-SegmentedRaftLogWorker:Storage Directory /workdir/hadoop-ozone/integration-test/target/test-dir/MiniOzoneClusterImpl-8d24175b-b5af-4536-8aa2-3b49cded71dd/datanode-6/data/ratis/895f883d-1470-42c1-a5ed-910d36fab628 for RaftStorage:Storage Directory /workdir/hadoop-ozone/integration-test/target/test-dir/MiniOzoneClusterImpl-8d24175b-b5af-4536-8aa2-3b49cded71dd/datanode-6/data/ratis/895f883d-1470-42c1-a5ed-910d36fab628
2019-09-12 01:40:28,895 [pool-325-thread-1] INFO  segmented.SegmentedRaftLogWorker (SegmentedRaftLogWorker.java:<init>(172)) - new 959522c7-bbeb-4098-9bdc-443d0fadaa95-SegmentedRaftLogWorker:Storage Directory /workdir/hadoop-ozone/integration-test/target/test-dir/MiniOzoneClusterImpl-8d24175b-b5af-4536-8aa2-3b49cded71dd/datanode-3/data/ratis/895f883d-1470-42c1-a5ed-910d36fab628 for RaftStorage:Storage Directory /workdir/hadoop-ozone/integration-test/target/test-dir/MiniOzoneClusterImpl-8d24175b-b5af-4536-8aa2-3b49cded71dd/datanode-3/data/ratis/895f883d-1470-42c1-a5ed-910d36fab628
2019-09-12 01:40:28,895 [pool-355-thread-1] INFO  server.RaftServerConfigKeys (ConfUtils.java:logGet(43)) - raft.server.log.queue.byte-limit = 2147483647 (custom)
2019-09-12 01:40:28,895 [pool-325-thread-1] INFO  server.RaftServerConfigKeys (ConfUtils.java:logGet(43)) - raft.server.log.queue.byte-limit = 2147483647 (custom)
2019-09-12 01:40:28,895 [pool-355-thread-1] INFO  server.RaftServerConfigKeys (ConfUtils.java:logGet(43)) - raft.server.log.queue.element-limit = 1024 (custom)
2019-09-12 01:40:28,895 [pool-325-thread-1] INFO  server.RaftServerConfigKeys (ConfUtils.java:logGet(43)) - raft.server.log.queue.element-limit = 1024 (custom)
2019-09-12 01:40:28,896 [pool-355-thread-1] INFO  server.RaftServerConfigKeys (ConfUtils.java:logGet(43)) - raft.server.log.segment.size.max = 1048576 (custom)
2019-09-12 01:40:28,896 [pool-325-thread-1] INFO  server.RaftServerConfigKeys (ConfUtils.java:logGet(43)) - raft.server.log.segment.size.max = 1048576 (custom)
2019-09-12 01:40:28,896 [pool-355-thread-1] INFO  server.RaftServerConfigKeys (ConfUtils.java:logGet(43)) - raft.server.log.preallocated.size = 16384 (custom)
2019-09-12 01:40:28,896 [pool-325-thread-1] INFO  server.RaftServerConfigKeys (ConfUtils.java:logGet(43)) - raft.server.log.preallocated.size = 16384 (custom)
2019-09-12 01:40:28,896 [pool-355-thread-1] INFO  server.RaftServerConfigKeys (ConfUtils.java:logGet(43)) - raft.server.log.write.buffer.size = 33554432 (custom)
2019-09-12 01:40:28,896 [pool-325-thread-1] INFO  server.RaftServerConfigKeys (ConfUtils.java:logGet(43)) - raft.server.log.write.buffer.size = 33554432 (custom)
2019-09-12 01:40:28,896 [pool-355-thread-1] INFO  server.RaftServerConfigKeys (ConfUtils.java:logGet(43)) - raft.server.log.force.sync.num = 128 (default)
2019-09-12 01:40:28,896 [pool-325-thread-1] INFO  server.RaftServerConfigKeys (ConfUtils.java:logGet(43)) - raft.server.log.force.sync.num = 128 (default)
2019-09-12 01:40:28,897 [pool-355-thread-1] INFO  server.RaftServerConfigKeys (ConfUtils.java:logGet(43)) - raft.server.log.statemachine.data.sync = true (default)
2019-09-12 01:40:28,897 [pool-325-thread-1] INFO  server.RaftServerConfigKeys (ConfUtils.java:logGet(43)) - raft.server.log.statemachine.data.sync = true (default)
2019-09-12 01:40:28,897 [pool-355-thread-1] INFO  server.RaftServerConfigKeys (ConfUtils.java:logGet(43)) - raft.server.log.statemachine.data.sync.timeout = 10s (default)
2019-09-12 01:40:28,897 [pool-325-thread-1] INFO  server.RaftServerConfigKeys (ConfUtils.java:logGet(43)) - raft.server.log.statemachine.data.sync.timeout = 10s (default)
2019-09-12 01:40:28,897 [pool-355-thread-1] INFO  server.RaftServerConfigKeys (ConfUtils.java:logGet(43)) - raft.server.log.statemachine.data.sync.timeout.retry = -1 (default)
2019-09-12 01:40:28,897 [pool-325-thread-1] INFO  server.RaftServerConfigKeys (ConfUtils.java:logGet(43)) - raft.server.log.statemachine.data.sync.timeout.retry = -1 (default)
2019-09-12 01:40:28,897 [pool-355-thread-1] INFO  server.RaftServerConfigKeys (ConfUtils.java:logGet(43)) - raft.server.log.statemachine.data.caching.enabled = true (custom)
2019-09-12 01:40:28,898 [pool-325-thread-1] INFO  server.RaftServerConfigKeys (ConfUtils.java:logGet(43)) - raft.server.log.statemachine.data.caching.enabled = true (custom)
2019-09-12 01:40:28,898 [pool-355-thread-1] INFO  segmented.SegmentedRaftLogWorker (SegmentedRaftLogWorker.java:lambda$new$0(132)) - 35075fe9-2a9b-4a2a-b9fa-25e2a868bd2e-SegmentedRaftLogWorker:Storage Directory /workdir/hadoop-ozone/integration-test/target/test-dir/MiniOzoneClusterImpl-8d24175b-b5af-4536-8aa2-3b49cded71dd/datanode-6/data/ratis/895f883d-1470-42c1-a5ed-910d36fab628: flushIndex: setUnconditionally 0 -> -1
2019-09-12 01:40:28,898 [pool-325-thread-1] INFO  segmented.SegmentedRaftLogWorker (SegmentedRaftLogWorker.java:lambda$new$0(132)) - 959522c7-bbeb-4098-9bdc-443d0fadaa95-SegmentedRaftLogWorker:Storage Directory /workdir/hadoop-ozone/integration-test/target/test-dir/MiniOzoneClusterImpl-8d24175b-b5af-4536-8aa2-3b49cded71dd/datanode-3/data/ratis/895f883d-1470-42c1-a5ed-910d36fab628: flushIndex: setUnconditionally 0 -> -1
2019-09-12 01:40:28,898 [pool-355-thread-1] INFO  server.RaftServerConfigKeys (ConfUtils.java:logGet(43)) - raft.server.snapshot.auto.trigger.enabled = true (custom)
2019-09-12 01:40:28,898 [pool-355-thread-1] INFO  server.RaftServerConfigKeys (ConfUtils.java:logGet(43)) - raft.server.snapshot.auto.trigger.threshold = 10000 (custom)
2019-09-12 01:40:28,898 [pool-325-thread-1] INFO  server.RaftServerConfigKeys (ConfUtils.java:logGet(43)) - raft.server.snapshot.auto.trigger.enabled = true (custom)
2019-09-12 01:40:28,899 [pool-355-thread-1] INFO  server.RaftServerConfigKeys (ConfUtils.java:logGet(43)) - raft.server.retrycache.expirytime = 600000ms (custom)
2019-09-12 01:40:28,899 [pool-325-thread-1] INFO  server.RaftServerConfigKeys (ConfUtils.java:logGet(43)) - raft.server.snapshot.auto.trigger.threshold = 10000 (custom)
2019-09-12 01:40:28,899 [pool-355-thread-1] INFO  impl.RaftServerImpl (RaftServerImpl.java:start(180)) - 35075fe9-2a9b-4a2a-b9fa-25e2a868bd2e: start group-910D36FAB628
2019-09-12 01:40:28,899 [pool-325-thread-1] INFO  server.RaftServerConfigKeys (ConfUtils.java:logGet(43)) - raft.server.retrycache.expirytime = 600000ms (custom)
2019-09-12 01:40:28,899 [pool-355-thread-1] INFO  impl.RaftServerImpl (RaftServerImpl.java:setRole(171)) - 35075fe9-2a9b-4a2a-b9fa-25e2a868bd2e:group-910D36FAB628 changes role from null to FOLLOWER at term 0 for startAsFollower
2019-09-12 01:40:28,899 [pool-325-thread-1] INFO  impl.RaftServerImpl (RaftServerImpl.java:start(180)) - 959522c7-bbeb-4098-9bdc-443d0fadaa95: start group-910D36FAB628
2019-09-12 01:40:28,899 [pool-355-thread-1] INFO  impl.RoleInfo (RoleInfo.java:updateAndGet(143)) - 35075fe9-2a9b-4a2a-b9fa-25e2a868bd2e: start FollowerState
2019-09-12 01:40:28,899 [pool-325-thread-1] INFO  impl.RaftServerImpl (RaftServerImpl.java:setRole(171)) - 959522c7-bbeb-4098-9bdc-443d0fadaa95:group-910D36FAB628 changes role from null to FOLLOWER at term 0 for startAsFollower
2019-09-12 01:40:28,900 [pool-325-thread-1] INFO  impl.RoleInfo (RoleInfo.java:updateAndGet(143)) - 959522c7-bbeb-4098-9bdc-443d0fadaa95: start FollowerState
2019-09-12 01:40:28,900 [pool-355-thread-1] INFO  util.JmxRegister (JmxRegister.java:tryRegister(44)) - Successfully registered JMX Bean with object name Ratis:service=RaftServer,group=group-910D36FAB628,id=35075fe9-2a9b-4a2a-b9fa-25e2a868bd2e
2019-09-12 01:40:28,900 [pool-325-thread-1] INFO  util.JmxRegister (JmxRegister.java:tryRegister(44)) - Successfully registered JMX Bean with object name Ratis:service=RaftServer,group=group-910D36FAB628,id=959522c7-bbeb-4098-9bdc-443d0fadaa95
2019-09-12 01:40:28,907 [RatisPipelineUtilsThread] INFO  pipeline.PipelineStateManager (PipelineStateManager.java:addPipeline(56)) - Created pipeline Pipeline[ Id: 895f883d-1470-42c1-a5ed-910d36fab628, Nodes: 35075fe9-2a9b-4a2a-b9fa-25e2a868bd2e{ip: 192.168.5.171, host: pr-hdds-2007-7njtk-1085629304, networkLocation: /default-rack, certSerialId: null}c4cf9f8a-4703-4a46-a507-73a96db3922e{ip: 192.168.5.171, host: pr-hdds-2007-7njtk-1085629304, networkLocation: /default-rack, certSerialId: null}959522c7-bbeb-4098-9bdc-443d0fadaa95{ip: 192.168.5.171, host: pr-hdds-2007-7njtk-1085629304, networkLocation: /default-rack, certSerialId: null}, Type:RATIS, Factor:THREE, State:OPEN]
2019-09-12 01:40:28,927 [grpc-default-executor-2] INFO  client.GrpcClientProtocolClient (GrpcClientProtocolClient.java:onNext(255)) - client-C03FF4698402->a21081bf-cd3a-4af0-ac7f-4f85472936c0: receive RaftClientReply:client-C03FF4698402->a21081bf-cd3a-4af0-ac7f-4f85472936c0@group-90CF44FA079A, cid=82, FAILED org.apache.ratis.protocol.NotLeaderException: Server a21081bf-cd3a-4af0-ac7f-4f85472936c0 is not the leader (null). Request must be sent to leader., logIndex=0, commits[a21081bf-cd3a-4af0-ac7f-4f85472936c0:c-1]
2019-09-12 01:40:29,948 [grpc-default-executor-4] INFO  client.GrpcClientProtocolClient (GrpcClientProtocolClient.java:onNext(255)) - client-C03FF4698402->35dde83a-dc1b-4dac-8609-3afeb2183593: receive RaftClientReply:client-C03FF4698402->35dde83a-dc1b-4dac-8609-3afeb2183593@group-90CF44FA079A, cid=82, FAILED org.apache.ratis.protocol.NotLeaderException: Server 35dde83a-dc1b-4dac-8609-3afeb2183593 is not the leader (null). Request must be sent to leader., logIndex=0, commits[35dde83a-dc1b-4dac-8609-3afeb2183593:c-1]
2019-09-12 01:40:30,967 [grpc-default-executor-2] INFO  client.GrpcClientProtocolClient (GrpcClientProtocolClient.java:onNext(255)) - client-C03FF4698402->666c9d7c-114b-4ab1-832f-607879c4ea44: receive RaftClientReply:client-C03FF4698402->666c9d7c-114b-4ab1-832f-607879c4ea44@group-90CF44FA079A, cid=82, FAILED org.apache.ratis.protocol.NotLeaderException: Server 666c9d7c-114b-4ab1-832f-607879c4ea44 is not the leader (null). Request must be sent to leader., logIndex=0, commits[666c9d7c-114b-4ab1-832f-607879c4ea44:c-1]
2019-09-12 01:40:31,229 [Thread-1948] INFO  container.ReplicationManager (ReplicationManager.java:start(162)) - Starting Replication Monitor Thread.
2019-09-12 01:40:31,231 [ReplicationMonitor] INFO  container.ReplicationManager (ReplicationManager.java:run(225)) - Replication Monitor Thread took 0 milliseconds for processing 1 containers.
2019-09-12 01:40:31,982 [grpc-default-executor-2] INFO  client.GrpcClientProtocolClient (GrpcClientProtocolClient.java:onNext(255)) - client-C03FF4698402->35dde83a-dc1b-4dac-8609-3afeb2183593: receive RaftClientReply:client-C03FF4698402->35dde83a-dc1b-4dac-8609-3afeb2183593@group-90CF44FA079A, cid=82, FAILED org.apache.ratis.protocol.NotLeaderException: Server 35dde83a-dc1b-4dac-8609-3afeb2183593 is not the leader (null). Request must be sent to leader., logIndex=0, commits[35dde83a-dc1b-4dac-8609-3afeb2183593:c-1]
2019-09-12 01:40:32,996 [grpc-default-executor-2] INFO  client.GrpcClientProtocolClient (GrpcClientProtocolClient.java:onNext(255)) - client-C03FF4698402->666c9d7c-114b-4ab1-832f-607879c4ea44: receive RaftClientReply:client-C03FF4698402->666c9d7c-114b-4ab1-832f-607879c4ea44@group-90CF44FA079A, cid=82, FAILED org.apache.ratis.protocol.NotLeaderException: Server 666c9d7c-114b-4ab1-832f-607879c4ea44 is not the leader (null). Request must be sent to leader., logIndex=0, commits[666c9d7c-114b-4ab1-832f-607879c4ea44:c-1]
2019-09-12 01:40:33,337 [Thread-1950] INFO  impl.FollowerState (FollowerState.java:run(106)) - 35dde83a-dc1b-4dac-8609-3afeb2183593:group-89EF524285CF changes to CANDIDATE, lastRpcTime:5072, electionTimeout:5072ms
2019-09-12 01:40:33,337 [Thread-1950] INFO  impl.RoleInfo (RoleInfo.java:shutdownFollowerState(121)) - 35dde83a-dc1b-4dac-8609-3afeb2183593: shutdown FollowerState
2019-09-12 01:40:33,337 [Thread-1950] INFO  impl.RaftServerImpl (RaftServerImpl.java:setRole(171)) - 35dde83a-dc1b-4dac-8609-3afeb2183593:group-89EF524285CF changes role from FOLLOWER to CANDIDATE at term 0 for changeToCandidate
2019-09-12 01:40:33,338 [Thread-1950] INFO  impl.RoleInfo (RoleInfo.java:updateAndGet(143)) - 35dde83a-dc1b-4dac-8609-3afeb2183593: start LeaderElection
2019-09-12 01:40:33,356 [35dde83a-dc1b-4dac-8609-3afeb2183593:group-89EF524285CF:LeaderElection39] INFO  impl.LeaderElection (LeaderElection.java:askForVotes(181)) - 35dde83a-dc1b-4dac-8609-3afeb2183593:group-89EF524285CF:LeaderElection39: begin an election at term 1 for -1: [35dde83a-dc1b-4dac-8609-3afeb2183593:192.168.5.171:45647], old=null
2019-09-12 01:40:33,357 [35dde83a-dc1b-4dac-8609-3afeb2183593:group-89EF524285CF:LeaderElection39] INFO  impl.RoleInfo (RoleInfo.java:shutdownLeaderElection(134)) - 35dde83a-dc1b-4dac-8609-3afeb2183593: shutdown LeaderElection
2019-09-12 01:40:33,357 [35dde83a-dc1b-4dac-8609-3afeb2183593:group-89EF524285CF:LeaderElection39] INFO  impl.RaftServerImpl (RaftServerImpl.java:setRole(171)) - 35dde83a-dc1b-4dac-8609-3afeb2183593:group-89EF524285CF changes role from CANDIDATE to LEADER at term 1 for changeToLeader
2019-09-12 01:40:33,357 [35dde83a-dc1b-4dac-8609-3afeb2183593:group-89EF524285CF:LeaderElection39] INFO  impl.RaftServerImpl (ServerState.java:setLeader(263)) - 35dde83a-dc1b-4dac-8609-3afeb2183593:group-89EF524285CF change Leader from null to 35dde83a-dc1b-4dac-8609-3afeb2183593 at term 1 for becomeLeader, leader elected after 5097ms
2019-09-12 01:40:33,357 [35dde83a-dc1b-4dac-8609-3afeb2183593:group-89EF524285CF:LeaderElection39] INFO  server.RaftServerConfigKeys (ConfUtils.java:logGet(43)) - raft.server.staging.catchup.gap = 1000 (default)
2019-09-12 01:40:33,357 [35dde83a-dc1b-4dac-8609-3afeb2183593:group-89EF524285CF:LeaderElection39] INFO  server.RaftServerConfigKeys (ConfUtils.java:logGet(43)) - raft.server.rpc.sleep.time = 25ms (default)
2019-09-12 01:40:33,357 [35dde83a-dc1b-4dac-8609-3afeb2183593:group-89EF524285CF:LeaderElection39] INFO  server.RaftServerConfigKeys (ConfUtils.java:logGet(43)) - raft.server.write.element-limit = 4096 (default)
2019-09-12 01:40:33,357 [35dde83a-dc1b-4dac-8609-3afeb2183593:group-89EF524285CF:LeaderElection39] INFO  server.RaftServerConfigKeys (ConfUtils.java:logGet(43)) - raft.server.watch.timeout = 10s (default)
2019-09-12 01:40:33,357 [35dde83a-dc1b-4dac-8609-3afeb2183593:group-89EF524285CF:LeaderElection39] INFO  server.RaftServerConfigKeys (ConfUtils.java:logGet(43)) - raft.server.watch.timeout.denomination = 1s (default)
2019-09-12 01:40:33,358 [35dde83a-dc1b-4dac-8609-3afeb2183593:group-89EF524285CF:LeaderElection39] INFO  server.RaftServerConfigKeys (ConfUtils.java:logGet(43)) - raft.server.watch.element-limit = 65536 (default)
2019-09-12 01:40:33,358 [35dde83a-dc1b-4dac-8609-3afeb2183593:group-89EF524285CF:LeaderElection39] INFO  impl.RoleInfo (RoleInfo.java:updateAndGet(143)) - 35dde83a-dc1b-4dac-8609-3afeb2183593: start LeaderState
2019-09-12 01:40:33,358 [35dde83a-dc1b-4dac-8609-3afeb2183593:group-89EF524285CF:LeaderElection39] INFO  segmented.SegmentedRaftLogWorker (SegmentedRaftLogWorker.java:startLogSegment(380)) - 35dde83a-dc1b-4dac-8609-3afeb2183593-SegmentedRaftLogWorker:Storage Directory /workdir/hadoop-ozone/integration-test/target/test-dir/MiniOzoneClusterImpl-8d24175b-b5af-4536-8aa2-3b49cded71dd/datanode-0/data/ratis/980a36f2-cace-4300-bada-89ef524285cf: Starting segment from index:0
2019-09-12 01:40:33,358 [35dde83a-dc1b-4dac-8609-3afeb2183593:group-89EF524285CF:LeaderElection39] INFO  impl.RaftServerImpl (ServerState.java:setRaftConf(361)) - 35dde83a-dc1b-4dac-8609-3afeb2183593:group-89EF524285CF set configuration 0: [35dde83a-dc1b-4dac-8609-3afeb2183593:192.168.5.171:45647], old=null at 0
2019-09-12 01:40:33,397 [Thread-1953] INFO  impl.FollowerState (FollowerState.java:run(106)) - 666c9d7c-114b-4ab1-832f-607879c4ea44:group-D0077958A82E changes to CANDIDATE, lastRpcTime:5075, electionTimeout:5075ms
2019-09-12 01:40:33,397 [Thread-1953] INFO  impl.RoleInfo (RoleInfo.java:shutdownFollowerState(121)) - 666c9d7c-114b-4ab1-832f-607879c4ea44: shutdown FollowerState
2019-09-12 01:40:33,397 [Thread-1953] INFO  impl.RaftServerImpl (RaftServerImpl.java:setRole(171)) - 666c9d7c-114b-4ab1-832f-607879c4ea44:group-D0077958A82E changes role from FOLLOWER to CANDIDATE at term 0 for changeToCandidate
2019-09-12 01:40:33,397 [Thread-1953] INFO  impl.RoleInfo (RoleInfo.java:updateAndGet(143)) - 666c9d7c-114b-4ab1-832f-607879c4ea44: start LeaderElection
2019-09-12 01:40:33,408 [35dde83a-dc1b-4dac-8609-3afeb2183593-SegmentedRaftLogWorker:Storage Directory /workdir/hadoop-ozone/integration-test/target/test-dir/MiniOzoneClusterImpl-8d24175b-b5af-4536-8aa2-3b49cded71dd/datanode-0/data/ratis/980a36f2-cace-4300-bada-89ef524285cf] INFO  segmented.SegmentedRaftLogWorker (SegmentedRaftLogWorker.java:execute(569)) - 35dde83a-dc1b-4dac-8609-3afeb2183593-SegmentedRaftLogWorker:Storage Directory /workdir/hadoop-ozone/integration-test/target/test-dir/MiniOzoneClusterImpl-8d24175b-b5af-4536-8aa2-3b49cded71dd/datanode-0/data/ratis/980a36f2-cace-4300-bada-89ef524285cf: created new log segment /workdir/hadoop-ozone/integration-test/target/test-dir/MiniOzoneClusterImpl-8d24175b-b5af-4536-8aa2-3b49cded71dd/datanode-0/data/ratis/980a36f2-cace-4300-bada-89ef524285cf/current/log_inprogress_0
2019-09-12 01:40:33,426 [666c9d7c-114b-4ab1-832f-607879c4ea44:group-D0077958A82E:LeaderElection40] INFO  impl.LeaderElection (LeaderElection.java:askForVotes(181)) - 666c9d7c-114b-4ab1-832f-607879c4ea44:group-D0077958A82E:LeaderElection40: begin an election at term 1 for -1: [666c9d7c-114b-4ab1-832f-607879c4ea44:192.168.5.171:44346], old=null
2019-09-12 01:40:33,427 [666c9d7c-114b-4ab1-832f-607879c4ea44:group-D0077958A82E:LeaderElection40] INFO  impl.RoleInfo (RoleInfo.java:shutdownLeaderElection(134)) - 666c9d7c-114b-4ab1-832f-607879c4ea44: shutdown LeaderElection
2019-09-12 01:40:33,427 [666c9d7c-114b-4ab1-832f-607879c4ea44:group-D0077958A82E:LeaderElection40] INFO  impl.RaftServerImpl (RaftServerImpl.java:setRole(171)) - 666c9d7c-114b-4ab1-832f-607879c4ea44:group-D0077958A82E changes role from CANDIDATE to LEADER at term 1 for changeToLeader
2019-09-12 01:40:33,427 [666c9d7c-114b-4ab1-832f-607879c4ea44:group-D0077958A82E:LeaderElection40] INFO  impl.RaftServerImpl (ServerState.java:setLeader(263)) - 666c9d7c-114b-4ab1-832f-607879c4ea44:group-D0077958A82E change Leader from null to 666c9d7c-114b-4ab1-832f-607879c4ea44 at term 1 for becomeLeader, leader elected after 5110ms
2019-09-12 01:40:33,427 [666c9d7c-114b-4ab1-832f-607879c4ea44:group-D0077958A82E:LeaderElection40] INFO  server.RaftServerConfigKeys (ConfUtils.java:logGet(43)) - raft.server.staging.catchup.gap = 1000 (default)
2019-09-12 01:40:33,427 [666c9d7c-114b-4ab1-832f-607879c4ea44:group-D0077958A82E:LeaderElection40] INFO  server.RaftServerConfigKeys (ConfUtils.java:logGet(43)) - raft.server.rpc.sleep.time = 25ms (default)
2019-09-12 01:40:33,427 [666c9d7c-114b-4ab1-832f-607879c4ea44:group-D0077958A82E:LeaderElection40] INFO  server.RaftServerConfigKeys (ConfUtils.java:logGet(43)) - raft.server.write.element-limit = 4096 (default)
2019-09-12 01:40:33,427 [666c9d7c-114b-4ab1-832f-607879c4ea44:group-D0077958A82E:LeaderElection40] INFO  server.RaftServerConfigKeys (ConfUtils.java:logGet(43)) - raft.server.watch.timeout = 10s (default)
2019-09-12 01:40:33,427 [666c9d7c-114b-4ab1-832f-607879c4ea44:group-D0077958A82E:LeaderElection40] INFO  server.RaftServerConfigKeys (ConfUtils.java:logGet(43)) - raft.server.watch.timeout.denomination = 1s (default)
2019-09-12 01:40:33,427 [666c9d7c-114b-4ab1-832f-607879c4ea44:group-D0077958A82E:LeaderElection40] INFO  server.RaftServerConfigKeys (ConfUtils.java:logGet(43)) - raft.server.watch.element-limit = 65536 (default)
2019-09-12 01:40:33,428 [666c9d7c-114b-4ab1-832f-607879c4ea44:group-D0077958A82E:LeaderElection40] INFO  impl.RoleInfo (RoleInfo.java:updateAndGet(143)) - 666c9d7c-114b-4ab1-832f-607879c4ea44: start LeaderState
2019-09-12 01:40:33,428 [666c9d7c-114b-4ab1-832f-607879c4ea44:group-D0077958A82E:LeaderElection40] INFO  segmented.SegmentedRaftLogWorker (SegmentedRaftLogWorker.java:startLogSegment(380)) - 666c9d7c-114b-4ab1-832f-607879c4ea44-SegmentedRaftLogWorker:Storage Directory /workdir/hadoop-ozone/integration-test/target/test-dir/MiniOzoneClusterImpl-8d24175b-b5af-4536-8aa2-3b49cded71dd/datanode-1/data/ratis/e76ffdd5-89bd-4f40-bc73-d0077958a82e: Starting segment from index:0
2019-09-12 01:40:33,428 [666c9d7c-114b-4ab1-832f-607879c4ea44:group-D0077958A82E:LeaderElection40] INFO  impl.RaftServerImpl (ServerState.java:setRaftConf(361)) - 666c9d7c-114b-4ab1-832f-607879c4ea44:group-D0077958A82E set configuration 0: [666c9d7c-114b-4ab1-832f-607879c4ea44:192.168.5.171:44346], old=null at 0
2019-09-12 01:40:33,476 [666c9d7c-114b-4ab1-832f-607879c4ea44-SegmentedRaftLogWorker:Storage Directory /workdir/hadoop-ozone/integration-test/target/test-dir/MiniOzoneClusterImpl-8d24175b-b5af-4536-8aa2-3b49cded71dd/datanode-1/data/ratis/e76ffdd5-89bd-4f40-bc73-d0077958a82e] INFO  segmented.SegmentedRaftLogWorker (SegmentedRaftLogWorker.java:execute(569)) - 666c9d7c-114b-4ab1-832f-607879c4ea44-SegmentedRaftLogWorker:Storage Directory /workdir/hadoop-ozone/integration-test/target/test-dir/MiniOzoneClusterImpl-8d24175b-b5af-4536-8aa2-3b49cded71dd/datanode-1/data/ratis/e76ffdd5-89bd-4f40-bc73-d0077958a82e: created new log segment /workdir/hadoop-ozone/integration-test/target/test-dir/MiniOzoneClusterImpl-8d24175b-b5af-4536-8aa2-3b49cded71dd/datanode-1/data/ratis/e76ffdd5-89bd-4f40-bc73-d0077958a82e/current/log_inprogress_0
2019-09-12 01:40:33,489 [Thread-1956] INFO  impl.FollowerState (FollowerState.java:run(106)) - a21081bf-cd3a-4af0-ac7f-4f85472936c0:group-79B9E2928D39 changes to CANDIDATE, lastRpcTime:5098, electionTimeout:5098ms
2019-09-12 01:40:33,489 [Thread-1956] INFO  impl.RoleInfo (RoleInfo.java:shutdownFollowerState(121)) - a21081bf-cd3a-4af0-ac7f-4f85472936c0: shutdown FollowerState
2019-09-12 01:40:33,489 [Thread-1956] INFO  impl.RaftServerImpl (RaftServerImpl.java:setRole(171)) - a21081bf-cd3a-4af0-ac7f-4f85472936c0:group-79B9E2928D39 changes role from FOLLOWER to CANDIDATE at term 0 for changeToCandidate
2019-09-12 01:40:33,489 [Thread-1956] INFO  impl.RoleInfo (RoleInfo.java:updateAndGet(143)) - a21081bf-cd3a-4af0-ac7f-4f85472936c0: start LeaderElection
2019-09-12 01:40:33,510 [a21081bf-cd3a-4af0-ac7f-4f85472936c0:group-79B9E2928D39:LeaderElection41] INFO  impl.LeaderElection (LeaderElection.java:askForVotes(181)) - a21081bf-cd3a-4af0-ac7f-4f85472936c0:group-79B9E2928D39:LeaderElection41: begin an election at term 1 for -1: [a21081bf-cd3a-4af0-ac7f-4f85472936c0:192.168.5.171:40720], old=null
2019-09-12 01:40:33,510 [a21081bf-cd3a-4af0-ac7f-4f85472936c0:group-79B9E2928D39:LeaderElection41] INFO  impl.RoleInfo (RoleInfo.java:shutdownLeaderElection(134)) - a21081bf-cd3a-4af0-ac7f-4f85472936c0: shutdown LeaderElection
2019-09-12 01:40:33,510 [a21081bf-cd3a-4af0-ac7f-4f85472936c0:group-79B9E2928D39:LeaderElection41] INFO  impl.RaftServerImpl (RaftServerImpl.java:setRole(171)) - a21081bf-cd3a-4af0-ac7f-4f85472936c0:group-79B9E2928D39 changes role from CANDIDATE to LEADER at term 1 for changeToLeader
2019-09-12 01:40:33,510 [a21081bf-cd3a-4af0-ac7f-4f85472936c0:group-79B9E2928D39:LeaderElection41] INFO  impl.RaftServerImpl (ServerState.java:setLeader(263)) - a21081bf-cd3a-4af0-ac7f-4f85472936c0:group-79B9E2928D39 change Leader from null to a21081bf-cd3a-4af0-ac7f-4f85472936c0 at term 1 for becomeLeader, leader elected after 5124ms
2019-09-12 01:40:33,510 [a21081bf-cd3a-4af0-ac7f-4f85472936c0:group-79B9E2928D39:LeaderElection41] INFO  server.RaftServerConfigKeys (ConfUtils.java:logGet(43)) - raft.server.staging.catchup.gap = 1000 (default)
2019-09-12 01:40:33,511 [a21081bf-cd3a-4af0-ac7f-4f85472936c0:group-79B9E2928D39:LeaderElection41] INFO  server.RaftServerConfigKeys (ConfUtils.java:logGet(43)) - raft.server.rpc.sleep.time = 25ms (default)
2019-09-12 01:40:33,511 [a21081bf-cd3a-4af0-ac7f-4f85472936c0:group-79B9E2928D39:LeaderElection41] INFO  server.RaftServerConfigKeys (ConfUtils.java:logGet(43)) - raft.server.write.element-limit = 4096 (default)
2019-09-12 01:40:33,511 [a21081bf-cd3a-4af0-ac7f-4f85472936c0:group-79B9E2928D39:LeaderElection41] INFO  server.RaftServerConfigKeys (ConfUtils.java:logGet(43)) - raft.server.watch.timeout = 10s (default)
2019-09-12 01:40:33,511 [a21081bf-cd3a-4af0-ac7f-4f85472936c0:group-79B9E2928D39:LeaderElection41] INFO  server.RaftServerConfigKeys (ConfUtils.java:logGet(43)) - raft.server.watch.timeout.denomination = 1s (default)
2019-09-12 01:40:33,511 [a21081bf-cd3a-4af0-ac7f-4f85472936c0:group-79B9E2928D39:LeaderElection41] INFO  server.RaftServerConfigKeys (ConfUtils.java:logGet(43)) - raft.server.watch.element-limit = 65536 (default)
2019-09-12 01:40:33,511 [a21081bf-cd3a-4af0-ac7f-4f85472936c0:group-79B9E2928D39:LeaderElection41] INFO  impl.RoleInfo (RoleInfo.java:updateAndGet(143)) - a21081bf-cd3a-4af0-ac7f-4f85472936c0: start LeaderState
2019-09-12 01:40:33,511 [a21081bf-cd3a-4af0-ac7f-4f85472936c0:group-79B9E2928D39:LeaderElection41] INFO  segmented.SegmentedRaftLogWorker (SegmentedRaftLogWorker.java:startLogSegment(380)) - a21081bf-cd3a-4af0-ac7f-4f85472936c0-SegmentedRaftLogWorker:Storage Directory /workdir/hadoop-ozone/integration-test/target/test-dir/MiniOzoneClusterImpl-8d24175b-b5af-4536-8aa2-3b49cded71dd/datanode-2/data/ratis/2ee608d7-f78e-4b59-a674-79b9e2928d39: Starting segment from index:0
2019-09-12 01:40:33,512 [a21081bf-cd3a-4af0-ac7f-4f85472936c0:group-79B9E2928D39:LeaderElection41] INFO  impl.RaftServerImpl (ServerState.java:setRaftConf(361)) - a21081bf-cd3a-4af0-ac7f-4f85472936c0:group-79B9E2928D39 set configuration 0: [a21081bf-cd3a-4af0-ac7f-4f85472936c0:192.168.5.171:40720], old=null at 0
2019-09-12 01:40:33,533 [Thread-1968] INFO  impl.FollowerState (FollowerState.java:run(106)) - c4cf9f8a-4703-4a46-a507-73a96db3922e:group-041633872734 changes to CANDIDATE, lastRpcTime:5011, electionTimeout:5011ms
2019-09-12 01:40:33,533 [Thread-1968] INFO  impl.RoleInfo (RoleInfo.java:shutdownFollowerState(121)) - c4cf9f8a-4703-4a46-a507-73a96db3922e: shutdown FollowerState
2019-09-12 01:40:33,533 [Thread-1968] INFO  impl.RaftServerImpl (RaftServerImpl.java:setRole(171)) - c4cf9f8a-4703-4a46-a507-73a96db3922e:group-041633872734 changes role from FOLLOWER to CANDIDATE at term 0 for changeToCandidate
2019-09-12 01:40:33,533 [Thread-1968] INFO  impl.RoleInfo (RoleInfo.java:updateAndGet(143)) - c4cf9f8a-4703-4a46-a507-73a96db3922e: start LeaderElection
2019-09-12 01:40:33,559 [a21081bf-cd3a-4af0-ac7f-4f85472936c0-SegmentedRaftLogWorker:Storage Directory /workdir/hadoop-ozone/integration-test/target/test-dir/MiniOzoneClusterImpl-8d24175b-b5af-4536-8aa2-3b49cded71dd/datanode-2/data/ratis/2ee608d7-f78e-4b59-a674-79b9e2928d39] INFO  segmented.SegmentedRaftLogWorker (SegmentedRaftLogWorker.java:execute(569)) - a21081bf-cd3a-4af0-ac7f-4f85472936c0-SegmentedRaftLogWorker:Storage Directory /workdir/hadoop-ozone/integration-test/target/test-dir/MiniOzoneClusterImpl-8d24175b-b5af-4536-8aa2-3b49cded71dd/datanode-2/data/ratis/2ee608d7-f78e-4b59-a674-79b9e2928d39: created new log segment /workdir/hadoop-ozone/integration-test/target/test-dir/MiniOzoneClusterImpl-8d24175b-b5af-4536-8aa2-3b49cded71dd/datanode-2/data/ratis/2ee608d7-f78e-4b59-a674-79b9e2928d39/current/log_inprogress_0
2019-09-12 01:40:33,573 [c4cf9f8a-4703-4a46-a507-73a96db3922e:group-041633872734:LeaderElection42] INFO  impl.LeaderElection (LeaderElection.java:askForVotes(181)) - c4cf9f8a-4703-4a46-a507-73a96db3922e:group-041633872734:LeaderElection42: begin an election at term 1 for -1: [c4cf9f8a-4703-4a46-a507-73a96db3922e:192.168.5.171:46158], old=null
2019-09-12 01:40:33,573 [c4cf9f8a-4703-4a46-a507-73a96db3922e:group-041633872734:LeaderElection42] INFO  impl.RoleInfo (RoleInfo.java:shutdownLeaderElection(134)) - c4cf9f8a-4703-4a46-a507-73a96db3922e: shutdown LeaderElection
2019-09-12 01:40:33,573 [c4cf9f8a-4703-4a46-a507-73a96db3922e:group-041633872734:LeaderElection42] INFO  impl.RaftServerImpl (RaftServerImpl.java:setRole(171)) - c4cf9f8a-4703-4a46-a507-73a96db3922e:group-041633872734 changes role from CANDIDATE to LEADER at term 1 for changeToLeader
2019-09-12 01:40:33,573 [c4cf9f8a-4703-4a46-a507-73a96db3922e:group-041633872734:LeaderElection42] INFO  impl.RaftServerImpl (ServerState.java:setLeader(263)) - c4cf9f8a-4703-4a46-a507-73a96db3922e:group-041633872734 change Leader from null to c4cf9f8a-4703-4a46-a507-73a96db3922e at term 1 for becomeLeader, leader elected after 5054ms
2019-09-12 01:40:33,573 [c4cf9f8a-4703-4a46-a507-73a96db3922e:group-041633872734:LeaderElection42] INFO  server.RaftServerConfigKeys (ConfUtils.java:logGet(43)) - raft.server.staging.catchup.gap = 1000 (default)
2019-09-12 01:40:33,573 [c4cf9f8a-4703-4a46-a507-73a96db3922e:group-041633872734:LeaderElection42] INFO  server.RaftServerConfigKeys (ConfUtils.java:logGet(43)) - raft.server.rpc.sleep.time = 25ms (default)
2019-09-12 01:40:33,574 [c4cf9f8a-4703-4a46-a507-73a96db3922e:group-041633872734:LeaderElection42] INFO  server.RaftServerConfigKeys (ConfUtils.java:logGet(43)) - raft.server.write.element-limit = 4096 (default)
2019-09-12 01:40:33,574 [c4cf9f8a-4703-4a46-a507-73a96db3922e:group-041633872734:LeaderElection42] INFO  server.RaftServerConfigKeys (ConfUtils.java:logGet(43)) - raft.server.watch.timeout = 10s (default)
2019-09-12 01:40:33,574 [c4cf9f8a-4703-4a46-a507-73a96db3922e:group-041633872734:LeaderElection42] INFO  server.RaftServerConfigKeys (ConfUtils.java:logGet(43)) - raft.server.watch.timeout.denomination = 1s (default)
2019-09-12 01:40:33,574 [c4cf9f8a-4703-4a46-a507-73a96db3922e:group-041633872734:LeaderElection42] INFO  server.RaftServerConfigKeys (ConfUtils.java:logGet(43)) - raft.server.watch.element-limit = 65536 (default)
2019-09-12 01:40:33,574 [c4cf9f8a-4703-4a46-a507-73a96db3922e:group-041633872734:LeaderElection42] INFO  impl.RoleInfo (RoleInfo.java:updateAndGet(143)) - c4cf9f8a-4703-4a46-a507-73a96db3922e: start LeaderState
2019-09-12 01:40:33,575 [c4cf9f8a-4703-4a46-a507-73a96db3922e:group-041633872734:LeaderElection42] INFO  segmented.SegmentedRaftLogWorker (SegmentedRaftLogWorker.java:startLogSegment(380)) - c4cf9f8a-4703-4a46-a507-73a96db3922e-SegmentedRaftLogWorker:Storage Directory /workdir/hadoop-ozone/integration-test/target/test-dir/MiniOzoneClusterImpl-8d24175b-b5af-4536-8aa2-3b49cded71dd/datanode-4/data/ratis/a5ef14a3-185c-4f23-9bf4-041633872734: Starting segment from index:0
2019-09-12 01:40:33,575 [c4cf9f8a-4703-4a46-a507-73a96db3922e:group-041633872734:LeaderElection42] INFO  impl.RaftServerImpl (ServerState.java:setRaftConf(361)) - c4cf9f8a-4703-4a46-a507-73a96db3922e:group-041633872734 set configuration 0: [c4cf9f8a-4703-4a46-a507-73a96db3922e:192.168.5.171:46158], old=null at 0
2019-09-12 01:40:33,612 [Thread-1965] INFO  impl.FollowerState (FollowerState.java:run(106)) - 35dde83a-dc1b-4dac-8609-3afeb2183593:group-90CF44FA079A changes to CANDIDATE, lastRpcTime:5157, electionTimeout:5129ms
2019-09-12 01:40:33,612 [Thread-1959] INFO  impl.FollowerState (FollowerState.java:run(106)) - 666c9d7c-114b-4ab1-832f-607879c4ea44:group-90CF44FA079A changes to CANDIDATE, lastRpcTime:5159, electionTimeout:5129ms
2019-09-12 01:40:33,612 [Thread-1965] INFO  impl.RoleInfo (RoleInfo.java:shutdownFollowerState(121)) - 35dde83a-dc1b-4dac-8609-3afeb2183593: shutdown FollowerState
2019-09-12 01:40:33,613 [Thread-1959] INFO  impl.RoleInfo (RoleInfo.java:shutdownFollowerState(121)) - 666c9d7c-114b-4ab1-832f-607879c4ea44: shutdown FollowerState
2019-09-12 01:40:33,613 [Thread-1965] INFO  impl.RaftServerImpl (RaftServerImpl.java:setRole(171)) - 35dde83a-dc1b-4dac-8609-3afeb2183593:group-90CF44FA079A changes role from FOLLOWER to CANDIDATE at term 0 for changeToCandidate
2019-09-12 01:40:33,613 [Thread-1959] INFO  impl.RaftServerImpl (RaftServerImpl.java:setRole(171)) - 666c9d7c-114b-4ab1-832f-607879c4ea44:group-90CF44FA079A changes role from FOLLOWER to CANDIDATE at term 0 for changeToCandidate
2019-09-12 01:40:33,613 [Thread-1965] INFO  impl.RoleInfo (RoleInfo.java:updateAndGet(143)) - 35dde83a-dc1b-4dac-8609-3afeb2183593: start LeaderElection
2019-09-12 01:40:33,613 [Thread-1959] INFO  impl.RoleInfo (RoleInfo.java:updateAndGet(143)) - 666c9d7c-114b-4ab1-832f-607879c4ea44: start LeaderElection
2019-09-12 01:40:33,641 [Thread-1961] INFO  impl.FollowerState (FollowerState.java:run(106)) - a21081bf-cd3a-4af0-ac7f-4f85472936c0:group-90CF44FA079A changes to CANDIDATE, lastRpcTime:5186, electionTimeout:5186ms
2019-09-12 01:40:33,641 [Thread-1961] INFO  impl.RoleInfo (RoleInfo.java:shutdownFollowerState(121)) - a21081bf-cd3a-4af0-ac7f-4f85472936c0: shutdown FollowerState
2019-09-12 01:40:33,641 [Thread-1961] INFO  impl.RaftServerImpl (RaftServerImpl.java:setRole(171)) - a21081bf-cd3a-4af0-ac7f-4f85472936c0:group-90CF44FA079A changes role from FOLLOWER to CANDIDATE at term 0 for changeToCandidate
2019-09-12 01:40:33,641 [Thread-1961] INFO  impl.RoleInfo (RoleInfo.java:updateAndGet(143)) - a21081bf-cd3a-4af0-ac7f-4f85472936c0: start LeaderElection
2019-09-12 01:40:33,652 [c4cf9f8a-4703-4a46-a507-73a96db3922e-SegmentedRaftLogWorker:Storage Directory /workdir/hadoop-ozone/integration-test/target/test-dir/MiniOzoneClusterImpl-8d24175b-b5af-4536-8aa2-3b49cded71dd/datanode-4/data/ratis/a5ef14a3-185c-4f23-9bf4-041633872734] INFO  segmented.SegmentedRaftLogWorker (SegmentedRaftLogWorker.java:execute(569)) - c4cf9f8a-4703-4a46-a507-73a96db3922e-SegmentedRaftLogWorker:Storage Directory /workdir/hadoop-ozone/integration-test/target/test-dir/MiniOzoneClusterImpl-8d24175b-b5af-4536-8aa2-3b49cded71dd/datanode-4/data/ratis/a5ef14a3-185c-4f23-9bf4-041633872734: created new log segment /workdir/hadoop-ozone/integration-test/target/test-dir/MiniOzoneClusterImpl-8d24175b-b5af-4536-8aa2-3b49cded71dd/datanode-4/data/ratis/a5ef14a3-185c-4f23-9bf4-041633872734/current/log_inprogress_0
2019-09-12 01:40:33,652 [666c9d7c-114b-4ab1-832f-607879c4ea44:group-90CF44FA079A:LeaderElection44] INFO  impl.LeaderElection (LeaderElection.java:askForVotes(181)) - 666c9d7c-114b-4ab1-832f-607879c4ea44:group-90CF44FA079A:LeaderElection44: begin an election at term 1 for -1: [666c9d7c-114b-4ab1-832f-607879c4ea44:192.168.5.171:44346, 35dde83a-dc1b-4dac-8609-3afeb2183593:192.168.5.171:45647, a21081bf-cd3a-4af0-ac7f-4f85472936c0:192.168.5.171:40720], old=null
2019-09-12 01:40:33,652 [35dde83a-dc1b-4dac-8609-3afeb2183593:group-90CF44FA079A:LeaderElection43] INFO  impl.LeaderElection (LeaderElection.java:askForVotes(181)) - 35dde83a-dc1b-4dac-8609-3afeb2183593:group-90CF44FA079A:LeaderElection43: begin an election at term 1 for -1: [666c9d7c-114b-4ab1-832f-607879c4ea44:192.168.5.171:44346, 35dde83a-dc1b-4dac-8609-3afeb2183593:192.168.5.171:45647, a21081bf-cd3a-4af0-ac7f-4f85472936c0:192.168.5.171:40720], old=null
2019-09-12 01:40:33,673 [a21081bf-cd3a-4af0-ac7f-4f85472936c0:group-90CF44FA079A:LeaderElection45] INFO  impl.LeaderElection (LeaderElection.java:askForVotes(181)) - a21081bf-cd3a-4af0-ac7f-4f85472936c0:group-90CF44FA079A:LeaderElection45: begin an election at term 1 for -1: [666c9d7c-114b-4ab1-832f-607879c4ea44:192.168.5.171:44346, 35dde83a-dc1b-4dac-8609-3afeb2183593:192.168.5.171:45647, a21081bf-cd3a-4af0-ac7f-4f85472936c0:192.168.5.171:40720], old=null
2019-09-12 01:40:33,682 [666c9d7c-114b-4ab1-832f-607879c4ea44:group-90CF44FA079A:LeaderElection44] INFO  impl.LeaderElection (LeaderElection.java:logAndReturn(56)) - 666c9d7c-114b-4ab1-832f-607879c4ea44:group-90CF44FA079A:LeaderElection44: Election REJECTED; received 2 response(s) [666c9d7c-114b-4ab1-832f-607879c4ea44<-35dde83a-dc1b-4dac-8609-3afeb2183593#0:FAIL-t1, 666c9d7c-114b-4ab1-832f-607879c4ea44<-a21081bf-cd3a-4af0-ac7f-4f85472936c0#0:FAIL-t1] and 0 exception(s); 666c9d7c-114b-4ab1-832f-607879c4ea44:t1, leader=null, voted=666c9d7c-114b-4ab1-832f-607879c4ea44, raftlog=666c9d7c-114b-4ab1-832f-607879c4ea44-SegmentedRaftLog:OPENED:c-1,f-1,i0, conf=-1: [666c9d7c-114b-4ab1-832f-607879c4ea44:192.168.5.171:44346, 35dde83a-dc1b-4dac-8609-3afeb2183593:192.168.5.171:45647, a21081bf-cd3a-4af0-ac7f-4f85472936c0:192.168.5.171:40720], old=null
2019-09-12 01:40:33,682 [35dde83a-dc1b-4dac-8609-3afeb2183593:group-90CF44FA079A:LeaderElection43] INFO  impl.LeaderElection (LeaderElection.java:logAndReturn(56)) - 35dde83a-dc1b-4dac-8609-3afeb2183593:group-90CF44FA079A:LeaderElection43: Election REJECTED; received 2 response(s) [35dde83a-dc1b-4dac-8609-3afeb2183593<-666c9d7c-114b-4ab1-832f-607879c4ea44#0:FAIL-t1, 35dde83a-dc1b-4dac-8609-3afeb2183593<-a21081bf-cd3a-4af0-ac7f-4f85472936c0#0:FAIL-t1] and 0 exception(s); 35dde83a-dc1b-4dac-8609-3afeb2183593:t1, leader=null, voted=35dde83a-dc1b-4dac-8609-3afeb2183593, raftlog=35dde83a-dc1b-4dac-8609-3afeb2183593-SegmentedRaftLog:OPENED:c-1,f-1,i0, conf=-1: [666c9d7c-114b-4ab1-832f-607879c4ea44:192.168.5.171:44346, 35dde83a-dc1b-4dac-8609-3afeb2183593:192.168.5.171:45647, a21081bf-cd3a-4af0-ac7f-4f85472936c0:192.168.5.171:40720], old=null
2019-09-12 01:40:33,682 [666c9d7c-114b-4ab1-832f-607879c4ea44:group-90CF44FA079A:LeaderElection44] INFO  impl.RaftServerImpl (RaftServerImpl.java:setRole(171)) - 666c9d7c-114b-4ab1-832f-607879c4ea44:group-90CF44FA079A changes role from CANDIDATE to FOLLOWER at term 1 for DISCOVERED_A_NEW_TERM
2019-09-12 01:40:33,683 [35dde83a-dc1b-4dac-8609-3afeb2183593:group-90CF44FA079A:LeaderElection43] INFO  impl.RaftServerImpl (RaftServerImpl.java:setRole(171)) - 35dde83a-dc1b-4dac-8609-3afeb2183593:group-90CF44FA079A changes role from CANDIDATE to FOLLOWER at term 1 for DISCOVERED_A_NEW_TERM
2019-09-12 01:40:33,683 [666c9d7c-114b-4ab1-832f-607879c4ea44:group-90CF44FA079A:LeaderElection44] INFO  impl.RoleInfo (RoleInfo.java:shutdownLeaderElection(134)) - 666c9d7c-114b-4ab1-832f-607879c4ea44: shutdown LeaderElection
2019-09-12 01:40:33,683 [35dde83a-dc1b-4dac-8609-3afeb2183593:group-90CF44FA079A:LeaderElection43] INFO  impl.RoleInfo (RoleInfo.java:shutdownLeaderElection(134)) - 35dde83a-dc1b-4dac-8609-3afeb2183593: shutdown LeaderElection
2019-09-12 01:40:33,683 [666c9d7c-114b-4ab1-832f-607879c4ea44:group-90CF44FA079A:LeaderElection44] INFO  impl.RoleInfo (RoleInfo.java:updateAndGet(143)) - 666c9d7c-114b-4ab1-832f-607879c4ea44: start FollowerState
2019-09-12 01:40:33,683 [35dde83a-dc1b-4dac-8609-3afeb2183593:group-90CF44FA079A:LeaderElection43] INFO  impl.RoleInfo (RoleInfo.java:updateAndGet(143)) - 35dde83a-dc1b-4dac-8609-3afeb2183593: start FollowerState
2019-09-12 01:40:33,693 [a21081bf-cd3a-4af0-ac7f-4f85472936c0:group-90CF44FA079A:LeaderElection45] INFO  impl.LeaderElection (LeaderElection.java:logAndReturn(56)) - a21081bf-cd3a-4af0-ac7f-4f85472936c0:group-90CF44FA079A:LeaderElection45: Election REJECTED; received 2 response(s) [a21081bf-cd3a-4af0-ac7f-4f85472936c0<-666c9d7c-114b-4ab1-832f-607879c4ea44#0:FAIL-t1, a21081bf-cd3a-4af0-ac7f-4f85472936c0<-35dde83a-dc1b-4dac-8609-3afeb2183593#0:FAIL-t1] and 0 exception(s); a21081bf-cd3a-4af0-ac7f-4f85472936c0:t1, leader=null, voted=a21081bf-cd3a-4af0-ac7f-4f85472936c0, raftlog=a21081bf-cd3a-4af0-ac7f-4f85472936c0-SegmentedRaftLog:OPENED:c-1,f-1,i0, conf=-1: [666c9d7c-114b-4ab1-832f-607879c4ea44:192.168.5.171:44346, 35dde83a-dc1b-4dac-8609-3afeb2183593:192.168.5.171:45647, a21081bf-cd3a-4af0-ac7f-4f85472936c0:192.168.5.171:40720], old=null
2019-09-12 01:40:33,693 [a21081bf-cd3a-4af0-ac7f-4f85472936c0:group-90CF44FA079A:LeaderElection45] INFO  impl.RaftServerImpl (RaftServerImpl.java:setRole(171)) - a21081bf-cd3a-4af0-ac7f-4f85472936c0:group-90CF44FA079A changes role from CANDIDATE to FOLLOWER at term 1 for DISCOVERED_A_NEW_TERM
2019-09-12 01:40:33,693 [a21081bf-cd3a-4af0-ac7f-4f85472936c0:group-90CF44FA079A:LeaderElection45] INFO  impl.RoleInfo (RoleInfo.java:shutdownLeaderElection(134)) - a21081bf-cd3a-4af0-ac7f-4f85472936c0: shutdown LeaderElection
2019-09-12 01:40:33,693 [a21081bf-cd3a-4af0-ac7f-4f85472936c0:group-90CF44FA079A:LeaderElection45] INFO  impl.RoleInfo (RoleInfo.java:updateAndGet(143)) - a21081bf-cd3a-4af0-ac7f-4f85472936c0: start FollowerState
2019-09-12 01:40:33,855 [Thread-1973] INFO  impl.FollowerState (FollowerState.java:run(106)) - 959522c7-bbeb-4098-9bdc-443d0fadaa95:group-E5FB03A2FAD4 changes to CANDIDATE, lastRpcTime:5193, electionTimeout:5193ms
2019-09-12 01:40:33,855 [Thread-1973] INFO  impl.RoleInfo (RoleInfo.java:shutdownFollowerState(121)) - 959522c7-bbeb-4098-9bdc-443d0fadaa95: shutdown FollowerState
2019-09-12 01:40:33,856 [Thread-1973] INFO  impl.RaftServerImpl (RaftServerImpl.java:setRole(171)) - 959522c7-bbeb-4098-9bdc-443d0fadaa95:group-E5FB03A2FAD4 changes role from FOLLOWER to CANDIDATE at term 0 for changeToCandidate
2019-09-12 01:40:33,856 [Thread-1973] INFO  impl.RoleInfo (RoleInfo.java:updateAndGet(143)) - 959522c7-bbeb-4098-9bdc-443d0fadaa95: start LeaderElection
2019-09-12 01:40:33,889 [959522c7-bbeb-4098-9bdc-443d0fadaa95:group-E5FB03A2FAD4:LeaderElection46] INFO  impl.LeaderElection (LeaderElection.java:askForVotes(181)) - 959522c7-bbeb-4098-9bdc-443d0fadaa95:group-E5FB03A2FAD4:LeaderElection46: begin an election at term 1 for -1: [959522c7-bbeb-4098-9bdc-443d0fadaa95:192.168.5.171:37340], old=null
2019-09-12 01:40:33,889 [959522c7-bbeb-4098-9bdc-443d0fadaa95:group-E5FB03A2FAD4:LeaderElection46] INFO  impl.RoleInfo (RoleInfo.java:shutdownLeaderElection(134)) - 959522c7-bbeb-4098-9bdc-443d0fadaa95: shutdown LeaderElection
2019-09-12 01:40:33,889 [959522c7-bbeb-4098-9bdc-443d0fadaa95:group-E5FB03A2FAD4:LeaderElection46] INFO  impl.RaftServerImpl (RaftServerImpl.java:setRole(171)) - 959522c7-bbeb-4098-9bdc-443d0fadaa95:group-E5FB03A2FAD4 changes role from CANDIDATE to LEADER at term 1 for changeToLeader
2019-09-12 01:40:33,889 [959522c7-bbeb-4098-9bdc-443d0fadaa95:group-E5FB03A2FAD4:LeaderElection46] INFO  impl.RaftServerImpl (ServerState.java:setLeader(263)) - 959522c7-bbeb-4098-9bdc-443d0fadaa95:group-E5FB03A2FAD4 change Leader from null to 959522c7-bbeb-4098-9bdc-443d0fadaa95 at term 1 for becomeLeader, leader elected after 5255ms
2019-09-12 01:40:33,890 [959522c7-bbeb-4098-9bdc-443d0fadaa95:group-E5FB03A2FAD4:LeaderElection46] INFO  server.RaftServerConfigKeys (ConfUtils.java:logGet(43)) - raft.server.staging.catchup.gap = 1000 (default)
2019-09-12 01:40:33,890 [959522c7-bbeb-4098-9bdc-443d0fadaa95:group-E5FB03A2FAD4:LeaderElection46] INFO  server.RaftServerConfigKeys (ConfUtils.java:logGet(43)) - raft.server.rpc.sleep.time = 25ms (default)
2019-09-12 01:40:33,890 [959522c7-bbeb-4098-9bdc-443d0fadaa95:group-E5FB03A2FAD4:LeaderElection46] INFO  server.RaftServerConfigKeys (ConfUtils.java:logGet(43)) - raft.server.write.element-limit = 4096 (default)
2019-09-12 01:40:33,890 [959522c7-bbeb-4098-9bdc-443d0fadaa95:group-E5FB03A2FAD4:LeaderElection46] INFO  server.RaftServerConfigKeys (ConfUtils.java:logGet(43)) - raft.server.watch.timeout = 10s (default)
2019-09-12 01:40:33,890 [959522c7-bbeb-4098-9bdc-443d0fadaa95:group-E5FB03A2FAD4:LeaderElection46] INFO  server.RaftServerConfigKeys (ConfUtils.java:logGet(43)) - raft.server.watch.timeout.denomination = 1s (default)
2019-09-12 01:40:33,891 [959522c7-bbeb-4098-9bdc-443d0fadaa95:group-E5FB03A2FAD4:LeaderElection46] INFO  server.RaftServerConfigKeys (ConfUtils.java:logGet(43)) - raft.server.watch.element-limit = 65536 (default)
2019-09-12 01:40:33,891 [959522c7-bbeb-4098-9bdc-443d0fadaa95:group-E5FB03A2FAD4:LeaderElection46] INFO  impl.RoleInfo (RoleInfo.java:updateAndGet(143)) - 959522c7-bbeb-4098-9bdc-443d0fadaa95: start LeaderState
2019-09-12 01:40:33,891 [959522c7-bbeb-4098-9bdc-443d0fadaa95:group-E5FB03A2FAD4:LeaderElection46] INFO  segmented.SegmentedRaftLogWorker (SegmentedRaftLogWorker.java:startLogSegment(380)) - 959522c7-bbeb-4098-9bdc-443d0fadaa95-SegmentedRaftLogWorker:Storage Directory /workdir/hadoop-ozone/integration-test/target/test-dir/MiniOzoneClusterImpl-8d24175b-b5af-4536-8aa2-3b49cded71dd/datanode-3/data/ratis/bcfb9338-f2b2-44f0-a3b6-e5fb03a2fad4: Starting segment from index:0
2019-09-12 01:40:33,892 [959522c7-bbeb-4098-9bdc-443d0fadaa95:group-E5FB03A2FAD4:LeaderElection46] INFO  impl.RaftServerImpl (ServerState.java:setRaftConf(361)) - 959522c7-bbeb-4098-9bdc-443d0fadaa95:group-E5FB03A2FAD4 set configuration 0: [959522c7-bbeb-4098-9bdc-443d0fadaa95:192.168.5.171:37340], old=null at 0
2019-09-12 01:40:33,918 [Thread-1979] INFO  impl.FollowerState (FollowerState.java:run(106)) - bb1d4850-1a3f-4b45-9b70-f14571176219:group-F215E440FCB6 changes to CANDIDATE, lastRpcTime:5120, electionTimeout:5113ms
2019-09-12 01:40:33,918 [Thread-1976] INFO  impl.FollowerState (FollowerState.java:run(106)) - 35075fe9-2a9b-4a2a-b9fa-25e2a868bd2e:group-30D698FEDFC1 changes to CANDIDATE, lastRpcTime:5181, electionTimeout:5169ms
2019-09-12 01:40:33,918 [Thread-1979] INFO  impl.RoleInfo (RoleInfo.java:shutdownFollowerState(121)) - bb1d4850-1a3f-4b45-9b70-f14571176219: shutdown FollowerState
2019-09-12 01:40:33,919 [Thread-1976] INFO  impl.RoleInfo (RoleInfo.java:shutdownFollowerState(121)) - 35075fe9-2a9b-4a2a-b9fa-25e2a868bd2e: shutdown FollowerState
2019-09-12 01:40:33,919 [Thread-1979] INFO  impl.RaftServerImpl (RaftServerImpl.java:setRole(171)) - bb1d4850-1a3f-4b45-9b70-f14571176219:group-F215E440FCB6 changes role from FOLLOWER to CANDIDATE at term 0 for changeToCandidate
2019-09-12 01:40:33,919 [Thread-1976] INFO  impl.RaftServerImpl (RaftServerImpl.java:setRole(171)) - 35075fe9-2a9b-4a2a-b9fa-25e2a868bd2e:group-30D698FEDFC1 changes role from FOLLOWER to CANDIDATE at term 0 for changeToCandidate
2019-09-12 01:40:33,919 [Thread-1979] INFO  impl.RoleInfo (RoleInfo.java:updateAndGet(143)) - bb1d4850-1a3f-4b45-9b70-f14571176219: start LeaderElection
2019-09-12 01:40:33,919 [Thread-1976] INFO  impl.RoleInfo (RoleInfo.java:updateAndGet(143)) - 35075fe9-2a9b-4a2a-b9fa-25e2a868bd2e: start LeaderElection
2019-09-12 01:40:33,944 [Thread-1982] INFO  impl.FollowerState (FollowerState.java:run(106)) - c4cf9f8a-4703-4a46-a507-73a96db3922e:group-910D36FAB628 changes to CANDIDATE, lastRpcTime:5055, electionTimeout:5055ms
2019-09-12 01:40:33,944 [Thread-1982] INFO  impl.RoleInfo (RoleInfo.java:shutdownFollowerState(121)) - c4cf9f8a-4703-4a46-a507-73a96db3922e: shutdown FollowerState
2019-09-12 01:40:33,944 [Thread-1982] INFO  impl.RaftServerImpl (RaftServerImpl.java:setRole(171)) - c4cf9f8a-4703-4a46-a507-73a96db3922e:group-910D36FAB628 changes role from FOLLOWER to CANDIDATE at term 0 for changeToCandidate
2019-09-12 01:40:33,947 [959522c7-bbeb-4098-9bdc-443d0fadaa95-SegmentedRaftLogWorker:Storage Directory /workdir/hadoop-ozone/integration-test/target/test-dir/MiniOzoneClusterImpl-8d24175b-b5af-4536-8aa2-3b49cded71dd/datanode-3/data/ratis/bcfb9338-f2b2-44f0-a3b6-e5fb03a2fad4] INFO  segmented.SegmentedRaftLogWorker (SegmentedRaftLogWorker.java:execute(569)) - 959522c7-bbeb-4098-9bdc-443d0fadaa95-SegmentedRaftLogWorker:Storage Directory /workdir/hadoop-ozone/integration-test/target/test-dir/MiniOzoneClusterImpl-8d24175b-b5af-4536-8aa2-3b49cded71dd/datanode-3/data/ratis/bcfb9338-f2b2-44f0-a3b6-e5fb03a2fad4: created new log segment /workdir/hadoop-ozone/integration-test/target/test-dir/MiniOzoneClusterImpl-8d24175b-b5af-4536-8aa2-3b49cded71dd/datanode-3/data/ratis/bcfb9338-f2b2-44f0-a3b6-e5fb03a2fad4/current/log_inprogress_0
2019-09-12 01:40:33,969 [Thread-1986] INFO  impl.FollowerState (FollowerState.java:run(106)) - 35075fe9-2a9b-4a2a-b9fa-25e2a868bd2e:group-910D36FAB628 changes to CANDIDATE, lastRpcTime:5069, electionTimeout:5069ms
2019-09-12 01:40:33,969 [Thread-1986] INFO  impl.RoleInfo (RoleInfo.java:shutdownFollowerState(121)) - 35075fe9-2a9b-4a2a-b9fa-25e2a868bd2e: shutdown FollowerState
2019-09-12 01:40:33,969 [Thread-1986] INFO  impl.RaftServerImpl (RaftServerImpl.java:setRole(171)) - 35075fe9-2a9b-4a2a-b9fa-25e2a868bd2e:group-910D36FAB628 changes role from FOLLOWER to CANDIDATE at term 0 for changeToCandidate
2019-09-12 01:40:33,970 [Thread-1986] INFO  impl.RoleInfo (RoleInfo.java:updateAndGet(143)) - 35075fe9-2a9b-4a2a-b9fa-25e2a868bd2e: start LeaderElection
2019-09-12 01:40:33,973 [Thread-1982] INFO  impl.RoleInfo (RoleInfo.java:updateAndGet(143)) - c4cf9f8a-4703-4a46-a507-73a96db3922e: start LeaderElection
2019-09-12 01:40:34,007 [Thread-1987] INFO  impl.FollowerState (FollowerState.java:run(106)) - 959522c7-bbeb-4098-9bdc-443d0fadaa95:group-910D36FAB628 changes to CANDIDATE, lastRpcTime:5107, electionTimeout:5105ms
2019-09-12 01:40:34,007 [Thread-1987] INFO  impl.RoleInfo (RoleInfo.java:shutdownFollowerState(121)) - 959522c7-bbeb-4098-9bdc-443d0fadaa95: shutdown FollowerState
2019-09-12 01:40:34,007 [Thread-1987] INFO  impl.RaftServerImpl (RaftServerImpl.java:setRole(171)) - 959522c7-bbeb-4098-9bdc-443d0fadaa95:group-910D36FAB628 changes role from FOLLOWER to CANDIDATE at term 0 for changeToCandidate
2019-09-12 01:40:34,008 [Thread-1987] INFO  impl.RoleInfo (RoleInfo.java:updateAndGet(143)) - 959522c7-bbeb-4098-9bdc-443d0fadaa95: start LeaderElection
2019-09-12 01:40:34,011 [grpc-default-executor-6] INFO  client.GrpcClientProtocolClient (GrpcClientProtocolClient.java:onNext(255)) - client-C03FF4698402->35dde83a-dc1b-4dac-8609-3afeb2183593: receive RaftClientReply:client-C03FF4698402->35dde83a-dc1b-4dac-8609-3afeb2183593@group-90CF44FA079A, cid=82, FAILED org.apache.ratis.protocol.NotLeaderException: Server 35dde83a-dc1b-4dac-8609-3afeb2183593 is not the leader (null). Request must be sent to leader., logIndex=0, commits[35dde83a-dc1b-4dac-8609-3afeb2183593:c-1]
2019-09-12 01:40:34,023 [35075fe9-2a9b-4a2a-b9fa-25e2a868bd2e:group-910D36FAB628:LeaderElection50] INFO  impl.LeaderElection (LeaderElection.java:askForVotes(181)) - 35075fe9-2a9b-4a2a-b9fa-25e2a868bd2e:group-910D36FAB628:LeaderElection50: begin an election at term 1 for -1: [c4cf9f8a-4703-4a46-a507-73a96db3922e:192.168.5.171:46158, 959522c7-bbeb-4098-9bdc-443d0fadaa95:192.168.5.171:37340, 35075fe9-2a9b-4a2a-b9fa-25e2a868bd2e:192.168.5.171:43677], old=null
2019-09-12 01:40:34,023 [35075fe9-2a9b-4a2a-b9fa-25e2a868bd2e:group-30D698FEDFC1:LeaderElection48] INFO  impl.LeaderElection (LeaderElection.java:askForVotes(181)) - 35075fe9-2a9b-4a2a-b9fa-25e2a868bd2e:group-30D698FEDFC1:LeaderElection48: begin an election at term 1 for -1: [35075fe9-2a9b-4a2a-b9fa-25e2a868bd2e:192.168.5.171:43677], old=null
2019-09-12 01:40:34,023 [bb1d4850-1a3f-4b45-9b70-f14571176219:group-F215E440FCB6:LeaderElection47] INFO  impl.LeaderElection (LeaderElection.java:askForVotes(181)) - bb1d4850-1a3f-4b45-9b70-f14571176219:group-F215E440FCB6:LeaderElection47: begin an election at term 1 for -1: [bb1d4850-1a3f-4b45-9b70-f14571176219:192.168.5.171:34667], old=null
2019-09-12 01:40:34,023 [c4cf9f8a-4703-4a46-a507-73a96db3922e:group-910D36FAB628:LeaderElection49] INFO  impl.LeaderElection (LeaderElection.java:askForVotes(181)) - c4cf9f8a-4703-4a46-a507-73a96db3922e:group-910D36FAB628:LeaderElection49: begin an election at term 1 for -1: [c4cf9f8a-4703-4a46-a507-73a96db3922e:192.168.5.171:46158, 959522c7-bbeb-4098-9bdc-443d0fadaa95:192.168.5.171:37340, 35075fe9-2a9b-4a2a-b9fa-25e2a868bd2e:192.168.5.171:43677], old=null
2019-09-12 01:40:34,023 [bb1d4850-1a3f-4b45-9b70-f14571176219:group-F215E440FCB6:LeaderElection47] INFO  impl.RoleInfo (RoleInfo.java:shutdownLeaderElection(134)) - bb1d4850-1a3f-4b45-9b70-f14571176219: shutdown LeaderElection
2019-09-12 01:40:34,024 [bb1d4850-1a3f-4b45-9b70-f14571176219:group-F215E440FCB6:LeaderElection47] INFO  impl.RaftServerImpl (RaftServerImpl.java:setRole(171)) - bb1d4850-1a3f-4b45-9b70-f14571176219:group-F215E440FCB6 changes role from CANDIDATE to LEADER at term 1 for changeToLeader
2019-09-12 01:40:34,023 [35075fe9-2a9b-4a2a-b9fa-25e2a868bd2e:group-30D698FEDFC1:LeaderElection48] INFO  impl.RoleInfo (RoleInfo.java:shutdownLeaderElection(134)) - 35075fe9-2a9b-4a2a-b9fa-25e2a868bd2e: shutdown LeaderElection
2019-09-12 01:40:34,024 [bb1d4850-1a3f-4b45-9b70-f14571176219:group-F215E440FCB6:LeaderElection47] INFO  impl.RaftServerImpl (ServerState.java:setLeader(263)) - bb1d4850-1a3f-4b45-9b70-f14571176219:group-F215E440FCB6 change Leader from null to bb1d4850-1a3f-4b45-9b70-f14571176219 at term 1 for becomeLeader, leader elected after 5229ms
2019-09-12 01:40:34,024 [35075fe9-2a9b-4a2a-b9fa-25e2a868bd2e:group-30D698FEDFC1:LeaderElection48] INFO  impl.RaftServerImpl (RaftServerImpl.java:setRole(171)) - 35075fe9-2a9b-4a2a-b9fa-25e2a868bd2e:group-30D698FEDFC1 changes role from CANDIDATE to LEADER at term 1 for changeToLeader
2019-09-12 01:40:34,024 [35075fe9-2a9b-4a2a-b9fa-25e2a868bd2e:group-30D698FEDFC1:LeaderElection48] INFO  impl.RaftServerImpl (ServerState.java:setLeader(263)) - 35075fe9-2a9b-4a2a-b9fa-25e2a868bd2e:group-30D698FEDFC1 change Leader from null to 35075fe9-2a9b-4a2a-b9fa-25e2a868bd2e at term 1 for becomeLeader, leader elected after 5291ms
2019-09-12 01:40:34,024 [bb1d4850-1a3f-4b45-9b70-f14571176219:group-F215E440FCB6:LeaderElection47] INFO  server.RaftServerConfigKeys (ConfUtils.java:logGet(43)) - raft.server.staging.catchup.gap = 1000 (default)
2019-09-12 01:40:34,024 [35075fe9-2a9b-4a2a-b9fa-25e2a868bd2e:group-30D698FEDFC1:LeaderElection48] INFO  server.RaftServerConfigKeys (ConfUtils.java:logGet(43)) - raft.server.staging.catchup.gap = 1000 (default)
2019-09-12 01:40:34,024 [bb1d4850-1a3f-4b45-9b70-f14571176219:group-F215E440FCB6:LeaderElection47] INFO  server.RaftServerConfigKeys (ConfUtils.java:logGet(43)) - raft.server.rpc.sleep.time = 25ms (default)
2019-09-12 01:40:34,024 [35075fe9-2a9b-4a2a-b9fa-25e2a868bd2e:group-30D698FEDFC1:LeaderElection48] INFO  server.RaftServerConfigKeys (ConfUtils.java:logGet(43)) - raft.server.rpc.sleep.time = 25ms (default)
2019-09-12 01:40:34,024 [bb1d4850-1a3f-4b45-9b70-f14571176219:group-F215E440FCB6:LeaderElection47] INFO  server.RaftServerConfigKeys (ConfUtils.java:logGet(43)) - raft.server.write.element-limit = 4096 (default)
2019-09-12 01:40:34,025 [35075fe9-2a9b-4a2a-b9fa-25e2a868bd2e:group-30D698FEDFC1:LeaderElection48] INFO  server.RaftServerConfigKeys (ConfUtils.java:logGet(43)) - raft.server.write.element-limit = 4096 (default)
2019-09-12 01:40:34,025 [bb1d4850-1a3f-4b45-9b70-f14571176219:group-F215E440FCB6:LeaderElection47] INFO  server.RaftServerConfigKeys (ConfUtils.java:logGet(43)) - raft.server.watch.timeout = 10s (default)
2019-09-12 01:40:34,025 [35075fe9-2a9b-4a2a-b9fa-25e2a868bd2e:group-30D698FEDFC1:LeaderElection48] INFO  server.RaftServerConfigKeys (ConfUtils.java:logGet(43)) - raft.server.watch.timeout = 10s (default)
2019-09-12 01:40:34,025 [bb1d4850-1a3f-4b45-9b70-f14571176219:group-F215E440FCB6:LeaderElection47] INFO  server.RaftServerConfigKeys (ConfUtils.java:logGet(43)) - raft.server.watch.timeout.denomination = 1s (default)
2019-09-12 01:40:34,025 [35075fe9-2a9b-4a2a-b9fa-25e2a868bd2e:group-30D698FEDFC1:LeaderElection48] INFO  server.RaftServerConfigKeys (ConfUtils.java:logGet(43)) - raft.server.watch.timeout.denomination = 1s (default)
2019-09-12 01:40:34,025 [bb1d4850-1a3f-4b45-9b70-f14571176219:group-F215E440FCB6:LeaderElection47] INFO  server.RaftServerConfigKeys (ConfUtils.java:logGet(43)) - raft.server.watch.element-limit = 65536 (default)
2019-09-12 01:40:34,025 [35075fe9-2a9b-4a2a-b9fa-25e2a868bd2e:group-30D698FEDFC1:LeaderElection48] INFO  server.RaftServerConfigKeys (ConfUtils.java:logGet(43)) - raft.server.watch.element-limit = 65536 (default)
2019-09-12 01:40:34,025 [bb1d4850-1a3f-4b45-9b70-f14571176219:group-F215E440FCB6:LeaderElection47] INFO  impl.RoleInfo (RoleInfo.java:updateAndGet(143)) - bb1d4850-1a3f-4b45-9b70-f14571176219: start LeaderState
2019-09-12 01:40:34,025 [35075fe9-2a9b-4a2a-b9fa-25e2a868bd2e:group-30D698FEDFC1:LeaderElection48] INFO  impl.RoleInfo (RoleInfo.java:updateAndGet(143)) - 35075fe9-2a9b-4a2a-b9fa-25e2a868bd2e: start LeaderState
2019-09-12 01:40:34,025 [bb1d4850-1a3f-4b45-9b70-f14571176219:group-F215E440FCB6:LeaderElection47] INFO  segmented.SegmentedRaftLogWorker (SegmentedRaftLogWorker.java:startLogSegment(380)) - bb1d4850-1a3f-4b45-9b70-f14571176219-SegmentedRaftLogWorker:Storage Directory /workdir/hadoop-ozone/integration-test/target/test-dir/MiniOzoneClusterImpl-8d24175b-b5af-4536-8aa2-3b49cded71dd/datanode-5/data/ratis/952ce3db-67f8-4166-a6f0-f215e440fcb6: Starting segment from index:0
2019-09-12 01:40:34,025 [35075fe9-2a9b-4a2a-b9fa-25e2a868bd2e:group-30D698FEDFC1:LeaderElection48] INFO  segmented.SegmentedRaftLogWorker (SegmentedRaftLogWorker.java:startLogSegment(380)) - 35075fe9-2a9b-4a2a-b9fa-25e2a868bd2e-SegmentedRaftLogWorker:Storage Directory /workdir/hadoop-ozone/integration-test/target/test-dir/MiniOzoneClusterImpl-8d24175b-b5af-4536-8aa2-3b49cded71dd/datanode-6/data/ratis/b298ed94-d242-4d09-839e-30d698fedfc1: Starting segment from index:0
2019-09-12 01:40:34,026 [bb1d4850-1a3f-4b45-9b70-f14571176219:group-F215E440FCB6:LeaderElection47] INFO  impl.RaftServerImpl (ServerState.java:setRaftConf(361)) - bb1d4850-1a3f-4b45-9b70-f14571176219:group-F215E440FCB6 set configuration 0: [bb1d4850-1a3f-4b45-9b70-f14571176219:192.168.5.171:34667], old=null at 0
2019-09-12 01:40:34,026 [35075fe9-2a9b-4a2a-b9fa-25e2a868bd2e:group-30D698FEDFC1:LeaderElection48] INFO  impl.RaftServerImpl (ServerState.java:setRaftConf(361)) - 35075fe9-2a9b-4a2a-b9fa-25e2a868bd2e:group-30D698FEDFC1 set configuration 0: [35075fe9-2a9b-4a2a-b9fa-25e2a868bd2e:192.168.5.171:43677], old=null at 0
2019-09-12 01:40:34,054 [959522c7-bbeb-4098-9bdc-443d0fadaa95:group-910D36FAB628:LeaderElection51] INFO  impl.LeaderElection (LeaderElection.java:askForVotes(181)) - 959522c7-bbeb-4098-9bdc-443d0fadaa95:group-910D36FAB628:LeaderElection51: begin an election at term 1 for -1: [c4cf9f8a-4703-4a46-a507-73a96db3922e:192.168.5.171:46158, 959522c7-bbeb-4098-9bdc-443d0fadaa95:192.168.5.171:37340, 35075fe9-2a9b-4a2a-b9fa-25e2a868bd2e:192.168.5.171:43677], old=null
2019-09-12 01:40:34,086 [bb1d4850-1a3f-4b45-9b70-f14571176219-SegmentedRaftLogWorker:Storage Directory /workdir/hadoop-ozone/integration-test/target/test-dir/MiniOzoneClusterImpl-8d24175b-b5af-4536-8aa2-3b49cded71dd/datanode-5/data/ratis/952ce3db-67f8-4166-a6f0-f215e440fcb6] INFO  segmented.SegmentedRaftLogWorker (SegmentedRaftLogWorker.java:execute(569)) - bb1d4850-1a3f-4b45-9b70-f14571176219-SegmentedRaftLogWorker:Storage Directory /workdir/hadoop-ozone/integration-test/target/test-dir/MiniOzoneClusterImpl-8d24175b-b5af-4536-8aa2-3b49cded71dd/datanode-5/data/ratis/952ce3db-67f8-4166-a6f0-f215e440fcb6: created new log segment /workdir/hadoop-ozone/integration-test/target/test-dir/MiniOzoneClusterImpl-8d24175b-b5af-4536-8aa2-3b49cded71dd/datanode-5/data/ratis/952ce3db-67f8-4166-a6f0-f215e440fcb6/current/log_inprogress_0
2019-09-12 01:40:34,112 [c4cf9f8a-4703-4a46-a507-73a96db3922e:group-910D36FAB628:LeaderElection49] INFO  impl.LeaderElection (LeaderElection.java:logAndReturn(56)) - c4cf9f8a-4703-4a46-a507-73a96db3922e:group-910D36FAB628:LeaderElection49: Election REJECTED; received 2 response(s) [c4cf9f8a-4703-4a46-a507-73a96db3922e<-959522c7-bbeb-4098-9bdc-443d0fadaa95#0:FAIL-t1, c4cf9f8a-4703-4a46-a507-73a96db3922e<-35075fe9-2a9b-4a2a-b9fa-25e2a868bd2e#0:FAIL-t1] and 0 exception(s); c4cf9f8a-4703-4a46-a507-73a96db3922e:t1, leader=null, voted=c4cf9f8a-4703-4a46-a507-73a96db3922e, raftlog=c4cf9f8a-4703-4a46-a507-73a96db3922e-SegmentedRaftLog:OPENED:c-1,f-1,i0, conf=-1: [c4cf9f8a-4703-4a46-a507-73a96db3922e:192.168.5.171:46158, 959522c7-bbeb-4098-9bdc-443d0fadaa95:192.168.5.171:37340, 35075fe9-2a9b-4a2a-b9fa-25e2a868bd2e:192.168.5.171:43677], old=null
2019-09-12 01:40:34,114 [35075fe9-2a9b-4a2a-b9fa-25e2a868bd2e:group-910D36FAB628:LeaderElection50] INFO  impl.LeaderElection (LeaderElection.java:logAndReturn(56)) - 35075fe9-2a9b-4a2a-b9fa-25e2a868bd2e:group-910D36FAB628:LeaderElection50: Election REJECTED; received 2 response(s) [35075fe9-2a9b-4a2a-b9fa-25e2a868bd2e<-c4cf9f8a-4703-4a46-a507-73a96db3922e#0:FAIL-t1, 35075fe9-2a9b-4a2a-b9fa-25e2a868bd2e<-959522c7-bbeb-4098-9bdc-443d0fadaa95#0:FAIL-t1] and 0 exception(s); 35075fe9-2a9b-4a2a-b9fa-25e2a868bd2e:t1, leader=null, voted=35075fe9-2a9b-4a2a-b9fa-25e2a868bd2e, raftlog=35075fe9-2a9b-4a2a-b9fa-25e2a868bd2e-SegmentedRaftLog:OPENED:c-1,f-1,i0, conf=-1: [c4cf9f8a-4703-4a46-a507-73a96db3922e:192.168.5.171:46158, 959522c7-bbeb-4098-9bdc-443d0fadaa95:192.168.5.171:37340, 35075fe9-2a9b-4a2a-b9fa-25e2a868bd2e:192.168.5.171:43677], old=null
2019-09-12 01:40:34,114 [c4cf9f8a-4703-4a46-a507-73a96db3922e:group-910D36FAB628:LeaderElection49] INFO  impl.RaftServerImpl (RaftServerImpl.java:setRole(171)) - c4cf9f8a-4703-4a46-a507-73a96db3922e:group-910D36FAB628 changes role from CANDIDATE to FOLLOWER at term 1 for DISCOVERED_A_NEW_TERM
2019-09-12 01:40:34,116 [c4cf9f8a-4703-4a46-a507-73a96db3922e:group-910D36FAB628:LeaderElection49] INFO  impl.RoleInfo (RoleInfo.java:shutdownLeaderElection(134)) - c4cf9f8a-4703-4a46-a507-73a96db3922e: shutdown LeaderElection
2019-09-12 01:40:34,114 [35075fe9-2a9b-4a2a-b9fa-25e2a868bd2e:group-910D36FAB628:LeaderElection50] INFO  impl.RaftServerImpl (RaftServerImpl.java:setRole(171)) - 35075fe9-2a9b-4a2a-b9fa-25e2a868bd2e:group-910D36FAB628 changes role from CANDIDATE to FOLLOWER at term 1 for DISCOVERED_A_NEW_TERM
2019-09-12 01:40:34,116 [c4cf9f8a-4703-4a46-a507-73a96db3922e:group-910D36FAB628:LeaderElection49] INFO  impl.RoleInfo (RoleInfo.java:updateAndGet(143)) - c4cf9f8a-4703-4a46-a507-73a96db3922e: start FollowerState
2019-09-12 01:40:34,116 [35075fe9-2a9b-4a2a-b9fa-25e2a868bd2e:group-910D36FAB628:LeaderElection50] INFO  impl.RoleInfo (RoleInfo.java:shutdownLeaderElection(134)) - 35075fe9-2a9b-4a2a-b9fa-25e2a868bd2e: shutdown LeaderElection
2019-09-12 01:40:34,116 [35075fe9-2a9b-4a2a-b9fa-25e2a868bd2e:group-910D36FAB628:LeaderElection50] INFO  impl.RoleInfo (RoleInfo.java:updateAndGet(143)) - 35075fe9-2a9b-4a2a-b9fa-25e2a868bd2e: start FollowerState
2019-09-12 01:40:34,118 [35075fe9-2a9b-4a2a-b9fa-25e2a868bd2e-SegmentedRaftLogWorker:Storage Directory /workdir/hadoop-ozone/integration-test/target/test-dir/MiniOzoneClusterImpl-8d24175b-b5af-4536-8aa2-3b49cded71dd/datanode-6/data/ratis/b298ed94-d242-4d09-839e-30d698fedfc1] INFO  segmented.SegmentedRaftLogWorker (SegmentedRaftLogWorker.java:execute(569)) - 35075fe9-2a9b-4a2a-b9fa-25e2a868bd2e-SegmentedRaftLogWorker:Storage Directory /workdir/hadoop-ozone/integration-test/target/test-dir/MiniOzoneClusterImpl-8d24175b-b5af-4536-8aa2-3b49cded71dd/datanode-6/data/ratis/b298ed94-d242-4d09-839e-30d698fedfc1: created new log segment /workdir/hadoop-ozone/integration-test/target/test-dir/MiniOzoneClusterImpl-8d24175b-b5af-4536-8aa2-3b49cded71dd/datanode-6/data/ratis/b298ed94-d242-4d09-839e-30d698fedfc1/current/log_inprogress_0
2019-09-12 01:40:34,118 [959522c7-bbeb-4098-9bdc-443d0fadaa95:group-910D36FAB628:LeaderElection51] INFO  impl.LeaderElection (LeaderElection.java:logAndReturn(56)) - 959522c7-bbeb-4098-9bdc-443d0fadaa95:group-910D36FAB628:LeaderElection51: Election REJECTED; received 2 response(s) [959522c7-bbeb-4098-9bdc-443d0fadaa95<-c4cf9f8a-4703-4a46-a507-73a96db3922e#0:FAIL-t1, 959522c7-bbeb-4098-9bdc-443d0fadaa95<-35075fe9-2a9b-4a2a-b9fa-25e2a868bd2e#0:FAIL-t1] and 0 exception(s); 959522c7-bbeb-4098-9bdc-443d0fadaa95:t1, leader=null, voted=959522c7-bbeb-4098-9bdc-443d0fadaa95, raftlog=959522c7-bbeb-4098-9bdc-443d0fadaa95-SegmentedRaftLog:OPENED:c-1,f-1,i0, conf=-1: [c4cf9f8a-4703-4a46-a507-73a96db3922e:192.168.5.171:46158, 959522c7-bbeb-4098-9bdc-443d0fadaa95:192.168.5.171:37340, 35075fe9-2a9b-4a2a-b9fa-25e2a868bd2e:192.168.5.171:43677], old=null
2019-09-12 01:40:34,118 [959522c7-bbeb-4098-9bdc-443d0fadaa95:group-910D36FAB628:LeaderElection51] INFO  impl.RaftServerImpl (RaftServerImpl.java:setRole(171)) - 959522c7-bbeb-4098-9bdc-443d0fadaa95:group-910D36FAB628 changes role from CANDIDATE to FOLLOWER at term 1 for DISCOVERED_A_NEW_TERM
2019-09-12 01:40:34,119 [959522c7-bbeb-4098-9bdc-443d0fadaa95:group-910D36FAB628:LeaderElection51] INFO  impl.RoleInfo (RoleInfo.java:shutdownLeaderElection(134)) - 959522c7-bbeb-4098-9bdc-443d0fadaa95: shutdown LeaderElection
2019-09-12 01:40:34,119 [959522c7-bbeb-4098-9bdc-443d0fadaa95:group-910D36FAB628:LeaderElection51] INFO  impl.RoleInfo (RoleInfo.java:updateAndGet(143)) - 959522c7-bbeb-4098-9bdc-443d0fadaa95: start FollowerState
2019-09-12 01:40:35,024 [grpc-default-executor-2] INFO  client.GrpcClientProtocolClient (GrpcClientProtocolClient.java:onNext(255)) - client-C03FF4698402->a21081bf-cd3a-4af0-ac7f-4f85472936c0: receive RaftClientReply:client-C03FF4698402->a21081bf-cd3a-4af0-ac7f-4f85472936c0@group-90CF44FA079A, cid=82, FAILED org.apache.ratis.protocol.NotLeaderException: Server a21081bf-cd3a-4af0-ac7f-4f85472936c0 is not the leader (null). Request must be sent to leader., logIndex=0, commits[a21081bf-cd3a-4af0-ac7f-4f85472936c0:c-1]
2019-09-12 01:40:36,037 [grpc-default-executor-2] INFO  client.GrpcClientProtocolClient (GrpcClientProtocolClient.java:onNext(255)) - client-C03FF4698402->666c9d7c-114b-4ab1-832f-607879c4ea44: receive RaftClientReply:client-C03FF4698402->666c9d7c-114b-4ab1-832f-607879c4ea44@group-90CF44FA079A, cid=82, FAILED org.apache.ratis.protocol.NotLeaderException: Server 666c9d7c-114b-4ab1-832f-607879c4ea44 is not the leader (null). Request must be sent to leader., logIndex=0, commits[666c9d7c-114b-4ab1-832f-607879c4ea44:c-1]
2019-09-12 01:40:37,052 [grpc-default-executor-3] INFO  client.GrpcClientProtocolClient (GrpcClientProtocolClient.java:onNext(255)) - client-C03FF4698402->35dde83a-dc1b-4dac-8609-3afeb2183593: receive RaftClientReply:client-C03FF4698402->35dde83a-dc1b-4dac-8609-3afeb2183593@group-90CF44FA079A, cid=82, FAILED org.apache.ratis.protocol.NotLeaderException: Server 35dde83a-dc1b-4dac-8609-3afeb2183593 is not the leader (null). Request must be sent to leader., logIndex=0, commits[35dde83a-dc1b-4dac-8609-3afeb2183593:c-1]
2019-09-12 01:40:38,068 [grpc-default-executor-3] INFO  client.GrpcClientProtocolClient (GrpcClientProtocolClient.java:onNext(255)) - client-C03FF4698402->a21081bf-cd3a-4af0-ac7f-4f85472936c0: receive RaftClientReply:client-C03FF4698402->a21081bf-cd3a-4af0-ac7f-4f85472936c0@group-90CF44FA079A, cid=82, FAILED org.apache.ratis.protocol.NotLeaderException: Server a21081bf-cd3a-4af0-ac7f-4f85472936c0 is not the leader (null). Request must be sent to leader., logIndex=0, commits[a21081bf-cd3a-4af0-ac7f-4f85472936c0:c-1]
2019-09-12 01:40:38,829 [Thread-2024] INFO  impl.FollowerState (FollowerState.java:run(106)) - 35dde83a-dc1b-4dac-8609-3afeb2183593:group-90CF44FA079A changes to CANDIDATE, lastRpcTime:5145, electionTimeout:5145ms
2019-09-12 01:40:38,829 [Thread-2024] INFO  impl.RoleInfo (RoleInfo.java:shutdownFollowerState(121)) - 35dde83a-dc1b-4dac-8609-3afeb2183593: shutdown FollowerState
2019-09-12 01:40:38,829 [Thread-2024] INFO  impl.RaftServerImpl (RaftServerImpl.java:setRole(171)) - 35dde83a-dc1b-4dac-8609-3afeb2183593:group-90CF44FA079A changes role from FOLLOWER to CANDIDATE at term 1 for changeToCandidate
2019-09-12 01:40:38,829 [Thread-2024] INFO  impl.RoleInfo (RoleInfo.java:updateAndGet(143)) - 35dde83a-dc1b-4dac-8609-3afeb2183593: start LeaderElection
2019-09-12 01:40:38,833 [Thread-2023] INFO  impl.FollowerState (FollowerState.java:run(106)) - 666c9d7c-114b-4ab1-832f-607879c4ea44:group-90CF44FA079A changes to CANDIDATE, lastRpcTime:5149, electionTimeout:5148ms
2019-09-12 01:40:38,833 [Thread-2023] INFO  impl.RoleInfo (RoleInfo.java:shutdownFollowerState(121)) - 666c9d7c-114b-4ab1-832f-607879c4ea44: shutdown FollowerState
2019-09-12 01:40:38,834 [Thread-2023] INFO  impl.RaftServerImpl (RaftServerImpl.java:setRole(171)) - 666c9d7c-114b-4ab1-832f-607879c4ea44:group-90CF44FA079A changes role from FOLLOWER to CANDIDATE at term 1 for changeToCandidate
2019-09-12 01:40:38,834 [Thread-2023] INFO  impl.RoleInfo (RoleInfo.java:updateAndGet(143)) - 666c9d7c-114b-4ab1-832f-607879c4ea44: start LeaderElection
2019-09-12 01:40:38,843 [Thread-2025] INFO  impl.FollowerState (FollowerState.java:run(106)) - a21081bf-cd3a-4af0-ac7f-4f85472936c0:group-90CF44FA079A changes to CANDIDATE, lastRpcTime:5149, electionTimeout:5149ms
2019-09-12 01:40:38,843 [Thread-2025] INFO  impl.RoleInfo (RoleInfo.java:shutdownFollowerState(121)) - a21081bf-cd3a-4af0-ac7f-4f85472936c0: shutdown FollowerState
2019-09-12 01:40:38,843 [Thread-2025] INFO  impl.RaftServerImpl (RaftServerImpl.java:setRole(171)) - a21081bf-cd3a-4af0-ac7f-4f85472936c0:group-90CF44FA079A changes role from FOLLOWER to CANDIDATE at term 1 for changeToCandidate
2019-09-12 01:40:38,843 [Thread-2025] INFO  impl.RoleInfo (RoleInfo.java:updateAndGet(143)) - a21081bf-cd3a-4af0-ac7f-4f85472936c0: start LeaderElection
2019-09-12 01:40:38,850 [666c9d7c-114b-4ab1-832f-607879c4ea44:group-90CF44FA079A:LeaderElection53] INFO  impl.LeaderElection (LeaderElection.java:askForVotes(181)) - 666c9d7c-114b-4ab1-832f-607879c4ea44:group-90CF44FA079A:LeaderElection53: begin an election at term 2 for -1: [666c9d7c-114b-4ab1-832f-607879c4ea44:192.168.5.171:44346, 35dde83a-dc1b-4dac-8609-3afeb2183593:192.168.5.171:45647, a21081bf-cd3a-4af0-ac7f-4f85472936c0:192.168.5.171:40720], old=null
2019-09-12 01:40:38,850 [35dde83a-dc1b-4dac-8609-3afeb2183593:group-90CF44FA079A:LeaderElection52] INFO  impl.LeaderElection (LeaderElection.java:askForVotes(181)) - 35dde83a-dc1b-4dac-8609-3afeb2183593:group-90CF44FA079A:LeaderElection52: begin an election at term 2 for -1: [666c9d7c-114b-4ab1-832f-607879c4ea44:192.168.5.171:44346, 35dde83a-dc1b-4dac-8609-3afeb2183593:192.168.5.171:45647, a21081bf-cd3a-4af0-ac7f-4f85472936c0:192.168.5.171:40720], old=null
2019-09-12 01:40:38,879 [a21081bf-cd3a-4af0-ac7f-4f85472936c0:group-90CF44FA079A:LeaderElection54] INFO  impl.LeaderElection (LeaderElection.java:askForVotes(181)) - a21081bf-cd3a-4af0-ac7f-4f85472936c0:group-90CF44FA079A:LeaderElection54: begin an election at term 2 for -1: [666c9d7c-114b-4ab1-832f-607879c4ea44:192.168.5.171:44346, 35dde83a-dc1b-4dac-8609-3afeb2183593:192.168.5.171:45647, a21081bf-cd3a-4af0-ac7f-4f85472936c0:192.168.5.171:40720], old=null
2019-09-12 01:40:38,880 [666c9d7c-114b-4ab1-832f-607879c4ea44:group-90CF44FA079A:LeaderElection53] INFO  impl.LeaderElection (LeaderElection.java:logAndReturn(56)) - 666c9d7c-114b-4ab1-832f-607879c4ea44:group-90CF44FA079A:LeaderElection53: Election REJECTED; received 2 response(s) [666c9d7c-114b-4ab1-832f-607879c4ea44<-35dde83a-dc1b-4dac-8609-3afeb2183593#0:FAIL-t2, 666c9d7c-114b-4ab1-832f-607879c4ea44<-a21081bf-cd3a-4af0-ac7f-4f85472936c0#0:FAIL-t2] and 0 exception(s); 666c9d7c-114b-4ab1-832f-607879c4ea44:t2, leader=null, voted=666c9d7c-114b-4ab1-832f-607879c4ea44, raftlog=666c9d7c-114b-4ab1-832f-607879c4ea44-SegmentedRaftLog:OPENED:c-1,f-1,i0, conf=-1: [666c9d7c-114b-4ab1-832f-607879c4ea44:192.168.5.171:44346, 35dde83a-dc1b-4dac-8609-3afeb2183593:192.168.5.171:45647, a21081bf-cd3a-4af0-ac7f-4f85472936c0:192.168.5.171:40720], old=null
2019-09-12 01:40:38,880 [666c9d7c-114b-4ab1-832f-607879c4ea44:group-90CF44FA079A:LeaderElection53] INFO  impl.RaftServerImpl (RaftServerImpl.java:setRole(171)) - 666c9d7c-114b-4ab1-832f-607879c4ea44:group-90CF44FA079A changes role from CANDIDATE to FOLLOWER at term 2 for DISCOVERED_A_NEW_TERM
2019-09-12 01:40:38,880 [666c9d7c-114b-4ab1-832f-607879c4ea44:group-90CF44FA079A:LeaderElection53] INFO  impl.RoleInfo (RoleInfo.java:shutdownLeaderElection(134)) - 666c9d7c-114b-4ab1-832f-607879c4ea44: shutdown LeaderElection
2019-09-12 01:40:38,880 [35dde83a-dc1b-4dac-8609-3afeb2183593:group-90CF44FA079A:LeaderElection52] INFO  impl.LeaderElection (LeaderElection.java:logAndReturn(56)) - 35dde83a-dc1b-4dac-8609-3afeb2183593:group-90CF44FA079A:LeaderElection52: Election REJECTED; received 2 response(s) [35dde83a-dc1b-4dac-8609-3afeb2183593<-666c9d7c-114b-4ab1-832f-607879c4ea44#0:FAIL-t2, 35dde83a-dc1b-4dac-8609-3afeb2183593<-a21081bf-cd3a-4af0-ac7f-4f85472936c0#0:FAIL-t2] and 0 exception(s); 35dde83a-dc1b-4dac-8609-3afeb2183593:t2, leader=null, voted=35dde83a-dc1b-4dac-8609-3afeb2183593, raftlog=35dde83a-dc1b-4dac-8609-3afeb2183593-SegmentedRaftLog:OPENED:c-1,f-1,i0, conf=-1: [666c9d7c-114b-4ab1-832f-607879c4ea44:192.168.5.171:44346, 35dde83a-dc1b-4dac-8609-3afeb2183593:192.168.5.171:45647, a21081bf-cd3a-4af0-ac7f-4f85472936c0:192.168.5.171:40720], old=null
2019-09-12 01:40:38,880 [666c9d7c-114b-4ab1-832f-607879c4ea44:group-90CF44FA079A:LeaderElection53] INFO  impl.RoleInfo (RoleInfo.java:updateAndGet(143)) - 666c9d7c-114b-4ab1-832f-607879c4ea44: start FollowerState
2019-09-12 01:40:38,880 [35dde83a-dc1b-4dac-8609-3afeb2183593:group-90CF44FA079A:LeaderElection52] INFO  impl.RaftServerImpl (RaftServerImpl.java:setRole(171)) - 35dde83a-dc1b-4dac-8609-3afeb2183593:group-90CF44FA079A changes role from CANDIDATE to FOLLOWER at term 2 for DISCOVERED_A_NEW_TERM
2019-09-12 01:40:38,881 [35dde83a-dc1b-4dac-8609-3afeb2183593:group-90CF44FA079A:LeaderElection52] INFO  impl.RoleInfo (RoleInfo.java:shutdownLeaderElection(134)) - 35dde83a-dc1b-4dac-8609-3afeb2183593: shutdown LeaderElection
2019-09-12 01:40:38,881 [35dde83a-dc1b-4dac-8609-3afeb2183593:group-90CF44FA079A:LeaderElection52] INFO  impl.RoleInfo (RoleInfo.java:updateAndGet(143)) - 35dde83a-dc1b-4dac-8609-3afeb2183593: start FollowerState
2019-09-12 01:40:38,883 [a21081bf-cd3a-4af0-ac7f-4f85472936c0:group-90CF44FA079A:LeaderElection54] INFO  impl.LeaderElection (LeaderElection.java:logAndReturn(56)) - a21081bf-cd3a-4af0-ac7f-4f85472936c0:group-90CF44FA079A:LeaderElection54: Election REJECTED; received 2 response(s) [a21081bf-cd3a-4af0-ac7f-4f85472936c0<-666c9d7c-114b-4ab1-832f-607879c4ea44#0:FAIL-t2, a21081bf-cd3a-4af0-ac7f-4f85472936c0<-35dde83a-dc1b-4dac-8609-3afeb2183593#0:FAIL-t2] and 0 exception(s); a21081bf-cd3a-4af0-ac7f-4f85472936c0:t2, leader=null, voted=a21081bf-cd3a-4af0-ac7f-4f85472936c0, raftlog=a21081bf-cd3a-4af0-ac7f-4f85472936c0-SegmentedRaftLog:OPENED:c-1,f-1,i0, conf=-1: [666c9d7c-114b-4ab1-832f-607879c4ea44:192.168.5.171:44346, 35dde83a-dc1b-4dac-8609-3afeb2183593:192.168.5.171:45647, a21081bf-cd3a-4af0-ac7f-4f85472936c0:192.168.5.171:40720], old=null
2019-09-12 01:40:38,883 [a21081bf-cd3a-4af0-ac7f-4f85472936c0:group-90CF44FA079A:LeaderElection54] INFO  impl.RaftServerImpl (RaftServerImpl.java:setRole(171)) - a21081bf-cd3a-4af0-ac7f-4f85472936c0:group-90CF44FA079A changes role from CANDIDATE to FOLLOWER at term 2 for DISCOVERED_A_NEW_TERM
2019-09-12 01:40:38,883 [a21081bf-cd3a-4af0-ac7f-4f85472936c0:group-90CF44FA079A:LeaderElection54] INFO  impl.RoleInfo (RoleInfo.java:shutdownLeaderElection(134)) - a21081bf-cd3a-4af0-ac7f-4f85472936c0: shutdown LeaderElection
2019-09-12 01:40:38,883 [a21081bf-cd3a-4af0-ac7f-4f85472936c0:group-90CF44FA079A:LeaderElection54] INFO  impl.RoleInfo (RoleInfo.java:updateAndGet(143)) - a21081bf-cd3a-4af0-ac7f-4f85472936c0: start FollowerState
2019-09-12 01:40:39,085 [grpc-default-executor-4] INFO  client.GrpcClientProtocolClient (GrpcClientProtocolClient.java:onNext(255)) - client-C03FF4698402->35dde83a-dc1b-4dac-8609-3afeb2183593: receive RaftClientReply:client-C03FF4698402->35dde83a-dc1b-4dac-8609-3afeb2183593@group-90CF44FA079A, cid=82, FAILED org.apache.ratis.protocol.NotLeaderException: Server 35dde83a-dc1b-4dac-8609-3afeb2183593 is not the leader (null). Request must be sent to leader., logIndex=0, commits[35dde83a-dc1b-4dac-8609-3afeb2183593:c-1]
2019-09-12 01:40:39,248 [Thread-2046] INFO  impl.FollowerState (FollowerState.java:run(106)) - 959522c7-bbeb-4098-9bdc-443d0fadaa95:group-910D36FAB628 changes to CANDIDATE, lastRpcTime:5129, electionTimeout:5129ms
2019-09-12 01:40:39,248 [Thread-2046] INFO  impl.RoleInfo (RoleInfo.java:shutdownFollowerState(121)) - 959522c7-bbeb-4098-9bdc-443d0fadaa95: shutdown FollowerState
2019-09-12 01:40:39,248 [Thread-2046] INFO  impl.RaftServerImpl (RaftServerImpl.java:setRole(171)) - 959522c7-bbeb-4098-9bdc-443d0fadaa95:group-910D36FAB628 changes role from FOLLOWER to CANDIDATE at term 1 for changeToCandidate
2019-09-12 01:40:39,249 [Thread-2046] INFO  impl.RoleInfo (RoleInfo.java:updateAndGet(143)) - 959522c7-bbeb-4098-9bdc-443d0fadaa95: start LeaderElection
2019-09-12 01:40:39,280 [Thread-2045] INFO  impl.FollowerState (FollowerState.java:run(106)) - 35075fe9-2a9b-4a2a-b9fa-25e2a868bd2e:group-910D36FAB628 changes to CANDIDATE, lastRpcTime:5163, electionTimeout:5162ms
2019-09-12 01:40:39,280 [Thread-2045] INFO  impl.RoleInfo (RoleInfo.java:shutdownFollowerState(121)) - 35075fe9-2a9b-4a2a-b9fa-25e2a868bd2e: shutdown FollowerState
2019-09-12 01:40:39,281 [Thread-2045] INFO  impl.RaftServerImpl (RaftServerImpl.java:setRole(171)) - 35075fe9-2a9b-4a2a-b9fa-25e2a868bd2e:group-910D36FAB628 changes role from FOLLOWER to CANDIDATE at term 1 for changeToCandidate
2019-09-12 01:40:39,281 [Thread-2045] INFO  impl.RoleInfo (RoleInfo.java:updateAndGet(143)) - 35075fe9-2a9b-4a2a-b9fa-25e2a868bd2e: start LeaderElection
2019-09-12 01:40:39,306 [959522c7-bbeb-4098-9bdc-443d0fadaa95:group-910D36FAB628:LeaderElection55] INFO  impl.LeaderElection (LeaderElection.java:askForVotes(181)) - 959522c7-bbeb-4098-9bdc-443d0fadaa95:group-910D36FAB628:LeaderElection55: begin an election at term 2 for -1: [c4cf9f8a-4703-4a46-a507-73a96db3922e:192.168.5.171:46158, 959522c7-bbeb-4098-9bdc-443d0fadaa95:192.168.5.171:37340, 35075fe9-2a9b-4a2a-b9fa-25e2a868bd2e:192.168.5.171:43677], old=null
2019-09-12 01:40:39,306 [35075fe9-2a9b-4a2a-b9fa-25e2a868bd2e:group-910D36FAB628:LeaderElection56] INFO  impl.LeaderElection (LeaderElection.java:askForVotes(181)) - 35075fe9-2a9b-4a2a-b9fa-25e2a868bd2e:group-910D36FAB628:LeaderElection56: begin an election at term 2 for -1: [c4cf9f8a-4703-4a46-a507-73a96db3922e:192.168.5.171:46158, 959522c7-bbeb-4098-9bdc-443d0fadaa95:192.168.5.171:37340, 35075fe9-2a9b-4a2a-b9fa-25e2a868bd2e:192.168.5.171:43677], old=null
2019-09-12 01:40:39,310 [grpc-default-executor-4] INFO  impl.RaftServerImpl (RaftServerImpl.java:setRole(171)) - c4cf9f8a-4703-4a46-a507-73a96db3922e:group-910D36FAB628 changes role from FOLLOWER to FOLLOWER at term 2 for recognizeCandidate:959522c7-bbeb-4098-9bdc-443d0fadaa95
2019-09-12 01:40:39,310 [grpc-default-executor-4] INFO  impl.RoleInfo (RoleInfo.java:shutdownFollowerState(121)) - c4cf9f8a-4703-4a46-a507-73a96db3922e: shutdown FollowerState
2019-09-12 01:40:39,310 [grpc-default-executor-4] INFO  impl.RoleInfo (RoleInfo.java:updateAndGet(143)) - c4cf9f8a-4703-4a46-a507-73a96db3922e: start FollowerState
2019-09-12 01:40:39,310 [Thread-2044] INFO  impl.FollowerState (FollowerState.java:run(114)) - c4cf9f8a-4703-4a46-a507-73a96db3922e: FollowerState was interrupted: java.lang.InterruptedException: sleep interrupted
2019-09-12 01:40:39,334 [35075fe9-2a9b-4a2a-b9fa-25e2a868bd2e:group-910D36FAB628:LeaderElection56] INFO  impl.LeaderElection (LeaderElection.java:logAndReturn(56)) - 35075fe9-2a9b-4a2a-b9fa-25e2a868bd2e:group-910D36FAB628:LeaderElection56: Election REJECTED; received 2 response(s) [35075fe9-2a9b-4a2a-b9fa-25e2a868bd2e<-c4cf9f8a-4703-4a46-a507-73a96db3922e#0:FAIL-t2, 35075fe9-2a9b-4a2a-b9fa-25e2a868bd2e<-959522c7-bbeb-4098-9bdc-443d0fadaa95#0:FAIL-t2] and 0 exception(s); 35075fe9-2a9b-4a2a-b9fa-25e2a868bd2e:t2, leader=null, voted=35075fe9-2a9b-4a2a-b9fa-25e2a868bd2e, raftlog=35075fe9-2a9b-4a2a-b9fa-25e2a868bd2e-SegmentedRaftLog:OPENED:c-1,f-1,i0, conf=-1: [c4cf9f8a-4703-4a46-a507-73a96db3922e:192.168.5.171:46158, 959522c7-bbeb-4098-9bdc-443d0fadaa95:192.168.5.171:37340, 35075fe9-2a9b-4a2a-b9fa-25e2a868bd2e:192.168.5.171:43677], old=null
2019-09-12 01:40:39,335 [959522c7-bbeb-4098-9bdc-443d0fadaa95:group-910D36FAB628:LeaderElection55] INFO  impl.LeaderElection (LeaderElection.java:logAndReturn(56)) - 959522c7-bbeb-4098-9bdc-443d0fadaa95:group-910D36FAB628:LeaderElection55: Election PASSED; received 2 response(s) [959522c7-bbeb-4098-9bdc-443d0fadaa95<-c4cf9f8a-4703-4a46-a507-73a96db3922e#0:OK-t2, 959522c7-bbeb-4098-9bdc-443d0fadaa95<-35075fe9-2a9b-4a2a-b9fa-25e2a868bd2e#0:FAIL-t2] and 0 exception(s); 959522c7-bbeb-4098-9bdc-443d0fadaa95:t2, leader=null, voted=959522c7-bbeb-4098-9bdc-443d0fadaa95, raftlog=959522c7-bbeb-4098-9bdc-443d0fadaa95-SegmentedRaftLog:OPENED:c-1,f-1,i0, conf=-1: [c4cf9f8a-4703-4a46-a507-73a96db3922e:192.168.5.171:46158, 959522c7-bbeb-4098-9bdc-443d0fadaa95:192.168.5.171:37340, 35075fe9-2a9b-4a2a-b9fa-25e2a868bd2e:192.168.5.171:43677], old=null
2019-09-12 01:40:39,335 [35075fe9-2a9b-4a2a-b9fa-25e2a868bd2e:group-910D36FAB628:LeaderElection56] INFO  impl.RaftServerImpl (RaftServerImpl.java:setRole(171)) - 35075fe9-2a9b-4a2a-b9fa-25e2a868bd2e:group-910D36FAB628 changes role from CANDIDATE to FOLLOWER at term 2 for DISCOVERED_A_NEW_TERM
2019-09-12 01:40:39,335 [959522c7-bbeb-4098-9bdc-443d0fadaa95:group-910D36FAB628:LeaderElection55] INFO  impl.RoleInfo (RoleInfo.java:shutdownLeaderElection(134)) - 959522c7-bbeb-4098-9bdc-443d0fadaa95: shutdown LeaderElection
2019-09-12 01:40:39,335 [35075fe9-2a9b-4a2a-b9fa-25e2a868bd2e:group-910D36FAB628:LeaderElection56] INFO  impl.RoleInfo (RoleInfo.java:shutdownLeaderElection(134)) - 35075fe9-2a9b-4a2a-b9fa-25e2a868bd2e: shutdown LeaderElection
2019-09-12 01:40:39,335 [959522c7-bbeb-4098-9bdc-443d0fadaa95:group-910D36FAB628:LeaderElection55] INFO  impl.RaftServerImpl (RaftServerImpl.java:setRole(171)) - 959522c7-bbeb-4098-9bdc-443d0fadaa95:group-910D36FAB628 changes role from CANDIDATE to LEADER at term 2 for changeToLeader
2019-09-12 01:40:39,335 [35075fe9-2a9b-4a2a-b9fa-25e2a868bd2e:group-910D36FAB628:LeaderElection56] INFO  impl.RoleInfo (RoleInfo.java:updateAndGet(143)) - 35075fe9-2a9b-4a2a-b9fa-25e2a868bd2e: start FollowerState
2019-09-12 01:40:39,336 [959522c7-bbeb-4098-9bdc-443d0fadaa95:group-910D36FAB628:LeaderElection55] INFO  impl.RaftServerImpl (ServerState.java:setLeader(263)) - 959522c7-bbeb-4098-9bdc-443d0fadaa95:group-910D36FAB628 change Leader from null to 959522c7-bbeb-4098-9bdc-443d0fadaa95 at term 2 for becomeLeader, leader elected after 10442ms
2019-09-12 01:40:39,336 [959522c7-bbeb-4098-9bdc-443d0fadaa95:group-910D36FAB628:LeaderElection55] INFO  server.RaftServerConfigKeys (ConfUtils.java:logGet(43)) - raft.server.staging.catchup.gap = 1000 (default)
2019-09-12 01:40:39,336 [959522c7-bbeb-4098-9bdc-443d0fadaa95:group-910D36FAB628:LeaderElection55] INFO  server.RaftServerConfigKeys (ConfUtils.java:logGet(43)) - raft.server.rpc.sleep.time = 25ms (default)
2019-09-12 01:40:39,336 [959522c7-bbeb-4098-9bdc-443d0fadaa95:group-910D36FAB628:LeaderElection55] INFO  server.RaftServerConfigKeys (ConfUtils.java:logGet(43)) - raft.server.write.element-limit = 4096 (default)
2019-09-12 01:40:39,336 [959522c7-bbeb-4098-9bdc-443d0fadaa95:group-910D36FAB628:LeaderElection55] INFO  server.RaftServerConfigKeys (ConfUtils.java:logGet(43)) - raft.server.watch.timeout = 10s (default)
2019-09-12 01:40:39,337 [959522c7-bbeb-4098-9bdc-443d0fadaa95:group-910D36FAB628:LeaderElection55] INFO  server.RaftServerConfigKeys (ConfUtils.java:logGet(43)) - raft.server.watch.timeout.denomination = 1s (default)
2019-09-12 01:40:39,337 [959522c7-bbeb-4098-9bdc-443d0fadaa95:group-910D36FAB628:LeaderElection55] INFO  server.RaftServerConfigKeys (ConfUtils.java:logGet(43)) - raft.server.watch.element-limit = 65536 (default)
2019-09-12 01:40:39,337 [959522c7-bbeb-4098-9bdc-443d0fadaa95:group-910D36FAB628:LeaderElection55] INFO  server.RaftServerConfigKeys (ConfUtils.java:logGet(43)) - raft.server.log.appender.snapshot.chunk.size.max = 16MB (=16777216) (default)
2019-09-12 01:40:39,337 [959522c7-bbeb-4098-9bdc-443d0fadaa95:group-910D36FAB628:LeaderElection55] INFO  server.RaftServerConfigKeys (ConfUtils.java:logGet(43)) - raft.server.log.appender.buffer.byte-limit = 33554432 (custom)
2019-09-12 01:40:39,338 [959522c7-bbeb-4098-9bdc-443d0fadaa95:group-910D36FAB628:LeaderElection55] INFO  server.RaftServerConfigKeys (ConfUtils.java:logGet(43)) - raft.server.log.appender.buffer.element-limit = 1 (custom)
2019-09-12 01:40:39,338 [959522c7-bbeb-4098-9bdc-443d0fadaa95:group-910D36FAB628:LeaderElection55] INFO  grpc.GrpcConfigKeys$Server (ConfUtils.java:logGet(43)) - raft.grpc.server.leader.outstanding.appends.max = 128 (default)
2019-09-12 01:40:39,338 [959522c7-bbeb-4098-9bdc-443d0fadaa95:group-910D36FAB628:LeaderElection55] INFO  server.RaftServerConfigKeys (ConfUtils.java:logGet(43)) - raft.server.rpc.request.timeout = 3000ms (default)
2019-09-12 01:40:39,338 [959522c7-bbeb-4098-9bdc-443d0fadaa95:group-910D36FAB628:LeaderElection55] INFO  server.RaftServerConfigKeys (ConfUtils.java:logGet(43)) - raft.server.log.appender.install.snapshot.enabled = false (custom)
2019-09-12 01:40:39,339 [959522c7-bbeb-4098-9bdc-443d0fadaa95:group-910D36FAB628:LeaderElection55] INFO  server.RaftServerConfigKeys (ConfUtils.java:logGet(43)) - raft.server.log.appender.snapshot.chunk.size.max = 16MB (=16777216) (default)
2019-09-12 01:40:39,339 [959522c7-bbeb-4098-9bdc-443d0fadaa95:group-910D36FAB628:LeaderElection55] INFO  server.RaftServerConfigKeys (ConfUtils.java:logGet(43)) - raft.server.log.appender.buffer.byte-limit = 33554432 (custom)
2019-09-12 01:40:39,339 [959522c7-bbeb-4098-9bdc-443d0fadaa95:group-910D36FAB628:LeaderElection55] INFO  server.RaftServerConfigKeys (ConfUtils.java:logGet(43)) - raft.server.log.appender.buffer.element-limit = 1 (custom)
2019-09-12 01:40:39,339 [959522c7-bbeb-4098-9bdc-443d0fadaa95:group-910D36FAB628:LeaderElection55] INFO  grpc.GrpcConfigKeys$Server (ConfUtils.java:logGet(43)) - raft.grpc.server.leader.outstanding.appends.max = 128 (default)
2019-09-12 01:40:39,340 [959522c7-bbeb-4098-9bdc-443d0fadaa95:group-910D36FAB628:LeaderElection55] INFO  server.RaftServerConfigKeys (ConfUtils.java:logGet(43)) - raft.server.rpc.request.timeout = 3000ms (default)
2019-09-12 01:40:39,340 [959522c7-bbeb-4098-9bdc-443d0fadaa95:group-910D36FAB628:LeaderElection55] INFO  server.RaftServerConfigKeys (ConfUtils.java:logGet(43)) - raft.server.log.appender.install.snapshot.enabled = false (custom)
2019-09-12 01:40:39,340 [959522c7-bbeb-4098-9bdc-443d0fadaa95:group-910D36FAB628:LeaderElection55] INFO  impl.RoleInfo (RoleInfo.java:updateAndGet(143)) - 959522c7-bbeb-4098-9bdc-443d0fadaa95: start LeaderState
2019-09-12 01:40:39,340 [959522c7-bbeb-4098-9bdc-443d0fadaa95:group-910D36FAB628:LeaderElection55] INFO  segmented.SegmentedRaftLogWorker (SegmentedRaftLogWorker.java:startLogSegment(380)) - 959522c7-bbeb-4098-9bdc-443d0fadaa95-SegmentedRaftLogWorker:Storage Directory /workdir/hadoop-ozone/integration-test/target/test-dir/MiniOzoneClusterImpl-8d24175b-b5af-4536-8aa2-3b49cded71dd/datanode-3/data/ratis/895f883d-1470-42c1-a5ed-910d36fab628: Starting segment from index:0
2019-09-12 01:40:39,341 [959522c7-bbeb-4098-9bdc-443d0fadaa95:group-910D36FAB628:LeaderElection55] INFO  impl.RaftServerImpl (ServerState.java:setRaftConf(361)) - 959522c7-bbeb-4098-9bdc-443d0fadaa95:group-910D36FAB628 set configuration 0: [c4cf9f8a-4703-4a46-a507-73a96db3922e:192.168.5.171:46158, 959522c7-bbeb-4098-9bdc-443d0fadaa95:192.168.5.171:37340, 35075fe9-2a9b-4a2a-b9fa-25e2a868bd2e:192.168.5.171:43677], old=null at 0
2019-09-12 01:40:39,342 [grpc-default-executor-3] INFO  impl.RaftServerImpl (ServerState.java:setLeader(263)) - c4cf9f8a-4703-4a46-a507-73a96db3922e:group-910D36FAB628 change Leader from null to 959522c7-bbeb-4098-9bdc-443d0fadaa95 at term 2 for appendEntries, leader elected after 10458ms
2019-09-12 01:40:39,343 [grpc-default-executor-4] INFO  impl.RaftServerImpl (ServerState.java:setLeader(263)) - 35075fe9-2a9b-4a2a-b9fa-25e2a868bd2e:group-910D36FAB628 change Leader from null to 959522c7-bbeb-4098-9bdc-443d0fadaa95 at term 2 for appendEntries, leader elected after 10449ms
2019-09-12 01:40:39,345 [grpc-default-executor-3] INFO  impl.RaftServerImpl (ServerState.java:setRaftConf(361)) - c4cf9f8a-4703-4a46-a507-73a96db3922e:group-910D36FAB628 set configuration 0: [c4cf9f8a-4703-4a46-a507-73a96db3922e:192.168.5.171:46158, 959522c7-bbeb-4098-9bdc-443d0fadaa95:192.168.5.171:37340, 35075fe9-2a9b-4a2a-b9fa-25e2a868bd2e:192.168.5.171:43677], old=null at 0
2019-09-12 01:40:39,345 [grpc-default-executor-3] INFO  segmented.SegmentedRaftLogWorker (SegmentedRaftLogWorker.java:startLogSegment(380)) - c4cf9f8a-4703-4a46-a507-73a96db3922e-SegmentedRaftLogWorker:Storage Directory /workdir/hadoop-ozone/integration-test/target/test-dir/MiniOzoneClusterImpl-8d24175b-b5af-4536-8aa2-3b49cded71dd/datanode-4/data/ratis/895f883d-1470-42c1-a5ed-910d36fab628: Starting segment from index:0
2019-09-12 01:40:39,345 [grpc-default-executor-4] INFO  impl.RaftServerImpl (ServerState.java:setRaftConf(361)) - 35075fe9-2a9b-4a2a-b9fa-25e2a868bd2e:group-910D36FAB628 set configuration 0: [c4cf9f8a-4703-4a46-a507-73a96db3922e:192.168.5.171:46158, 959522c7-bbeb-4098-9bdc-443d0fadaa95:192.168.5.171:37340, 35075fe9-2a9b-4a2a-b9fa-25e2a868bd2e:192.168.5.171:43677], old=null at 0
2019-09-12 01:40:39,346 [grpc-default-executor-4] INFO  segmented.SegmentedRaftLogWorker (SegmentedRaftLogWorker.java:startLogSegment(380)) - 35075fe9-2a9b-4a2a-b9fa-25e2a868bd2e-SegmentedRaftLogWorker:Storage Directory /workdir/hadoop-ozone/integration-test/target/test-dir/MiniOzoneClusterImpl-8d24175b-b5af-4536-8aa2-3b49cded71dd/datanode-6/data/ratis/895f883d-1470-42c1-a5ed-910d36fab628: Starting segment from index:0
2019-09-12 01:40:39,398 [959522c7-bbeb-4098-9bdc-443d0fadaa95-SegmentedRaftLogWorker:Storage Directory /workdir/hadoop-ozone/integration-test/target/test-dir/MiniOzoneClusterImpl-8d24175b-b5af-4536-8aa2-3b49cded71dd/datanode-3/data/ratis/895f883d-1470-42c1-a5ed-910d36fab628] INFO  segmented.SegmentedRaftLogWorker (SegmentedRaftLogWorker.java:execute(569)) - 959522c7-bbeb-4098-9bdc-443d0fadaa95-SegmentedRaftLogWorker:Storage Directory /workdir/hadoop-ozone/integration-test/target/test-dir/MiniOzoneClusterImpl-8d24175b-b5af-4536-8aa2-3b49cded71dd/datanode-3/data/ratis/895f883d-1470-42c1-a5ed-910d36fab628: created new log segment /workdir/hadoop-ozone/integration-test/target/test-dir/MiniOzoneClusterImpl-8d24175b-b5af-4536-8aa2-3b49cded71dd/datanode-3/data/ratis/895f883d-1470-42c1-a5ed-910d36fab628/current/log_inprogress_0
2019-09-12 01:40:39,398 [c4cf9f8a-4703-4a46-a507-73a96db3922e-SegmentedRaftLogWorker:Storage Directory /workdir/hadoop-ozone/integration-test/target/test-dir/MiniOzoneClusterImpl-8d24175b-b5af-4536-8aa2-3b49cded71dd/datanode-4/data/ratis/895f883d-1470-42c1-a5ed-910d36fab628] INFO  segmented.SegmentedRaftLogWorker (SegmentedRaftLogWorker.java:execute(569)) - c4cf9f8a-4703-4a46-a507-73a96db3922e-SegmentedRaftLogWorker:Storage Directory /workdir/hadoop-ozone/integration-test/target/test-dir/MiniOzoneClusterImpl-8d24175b-b5af-4536-8aa2-3b49cded71dd/datanode-4/data/ratis/895f883d-1470-42c1-a5ed-910d36fab628: created new log segment /workdir/hadoop-ozone/integration-test/target/test-dir/MiniOzoneClusterImpl-8d24175b-b5af-4536-8aa2-3b49cded71dd/datanode-4/data/ratis/895f883d-1470-42c1-a5ed-910d36fab628/current/log_inprogress_0
2019-09-12 01:40:39,398 [35075fe9-2a9b-4a2a-b9fa-25e2a868bd2e-SegmentedRaftLogWorker:Storage Directory /workdir/hadoop-ozone/integration-test/target/test-dir/MiniOzoneClusterImpl-8d24175b-b5af-4536-8aa2-3b49cded71dd/datanode-6/data/ratis/895f883d-1470-42c1-a5ed-910d36fab628] INFO  segmented.SegmentedRaftLogWorker (SegmentedRaftLogWorker.java:execute(569)) - 35075fe9-2a9b-4a2a-b9fa-25e2a868bd2e-SegmentedRaftLogWorker:Storage Directory /workdir/hadoop-ozone/integration-test/target/test-dir/MiniOzoneClusterImpl-8d24175b-b5af-4536-8aa2-3b49cded71dd/datanode-6/data/ratis/895f883d-1470-42c1-a5ed-910d36fab628: created new log segment /workdir/hadoop-ozone/integration-test/target/test-dir/MiniOzoneClusterImpl-8d24175b-b5af-4536-8aa2-3b49cded71dd/datanode-6/data/ratis/895f883d-1470-42c1-a5ed-910d36fab628/current/log_inprogress_0
2019-09-12 01:40:40,101 [grpc-default-executor-3] INFO  client.GrpcClientProtocolClient (GrpcClientProtocolClient.java:onNext(255)) - client-C03FF4698402->a21081bf-cd3a-4af0-ac7f-4f85472936c0: receive RaftClientReply:client-C03FF4698402->a21081bf-cd3a-4af0-ac7f-4f85472936c0@group-90CF44FA079A, cid=82, FAILED org.apache.ratis.protocol.NotLeaderException: Server a21081bf-cd3a-4af0-ac7f-4f85472936c0 is not the leader (null). Request must be sent to leader., logIndex=0, commits[a21081bf-cd3a-4af0-ac7f-4f85472936c0:c-1]
2019-09-12 01:40:41,116 [grpc-default-executor-4] INFO  client.GrpcClientProtocolClient (GrpcClientProtocolClient.java:onNext(255)) - client-C03FF4698402->666c9d7c-114b-4ab1-832f-607879c4ea44: receive RaftClientReply:client-C03FF4698402->666c9d7c-114b-4ab1-832f-607879c4ea44@group-90CF44FA079A, cid=82, FAILED org.apache.ratis.protocol.NotLeaderException: Server 666c9d7c-114b-4ab1-832f-607879c4ea44 is not the leader (null). Request must be sent to leader., logIndex=0, commits[666c9d7c-114b-4ab1-832f-607879c4ea44:c-1]
2019-09-12 01:40:42,134 [grpc-default-executor-3] INFO  client.GrpcClientProtocolClient (GrpcClientProtocolClient.java:onNext(255)) - client-C03FF4698402->35dde83a-dc1b-4dac-8609-3afeb2183593: receive RaftClientReply:client-C03FF4698402->35dde83a-dc1b-4dac-8609-3afeb2183593@group-90CF44FA079A, cid=82, FAILED org.apache.ratis.protocol.NotLeaderException: Server 35dde83a-dc1b-4dac-8609-3afeb2183593 is not the leader (null). Request must be sent to leader., logIndex=0, commits[35dde83a-dc1b-4dac-8609-3afeb2183593:c-1]
2019-09-12 01:40:43,152 [grpc-default-executor-3] INFO  client.GrpcClientProtocolClient (GrpcClientProtocolClient.java:onNext(255)) - client-C03FF4698402->a21081bf-cd3a-4af0-ac7f-4f85472936c0: receive RaftClientReply:client-C03FF4698402->a21081bf-cd3a-4af0-ac7f-4f85472936c0@group-90CF44FA079A, cid=82, FAILED org.apache.ratis.protocol.NotLeaderException: Server a21081bf-cd3a-4af0-ac7f-4f85472936c0 is not the leader (null). Request must be sent to leader., logIndex=0, commits[a21081bf-cd3a-4af0-ac7f-4f85472936c0:c-1]
2019-09-12 01:40:43,886 [Thread-2070] INFO  impl.FollowerState (FollowerState.java:run(106)) - a21081bf-cd3a-4af0-ac7f-4f85472936c0:group-90CF44FA079A changes to CANDIDATE, lastRpcTime:5002, electionTimeout:5002ms
2019-09-12 01:40:43,886 [Thread-2070] INFO  impl.RoleInfo (RoleInfo.java:shutdownFollowerState(121)) - a21081bf-cd3a-4af0-ac7f-4f85472936c0: shutdown FollowerState
2019-09-12 01:40:43,886 [Thread-2070] INFO  impl.RaftServerImpl (RaftServerImpl.java:setRole(171)) - a21081bf-cd3a-4af0-ac7f-4f85472936c0:group-90CF44FA079A changes role from FOLLOWER to CANDIDATE at term 2 for changeToCandidate
2019-09-12 01:40:43,886 [Thread-2070] INFO  impl.RoleInfo (RoleInfo.java:updateAndGet(143)) - a21081bf-cd3a-4af0-ac7f-4f85472936c0: start LeaderElection
2019-09-12 01:40:44,065 [Thread-2068] INFO  impl.FollowerState (FollowerState.java:run(106)) - 666c9d7c-114b-4ab1-832f-607879c4ea44:group-90CF44FA079A changes to CANDIDATE, lastRpcTime:5184, electionTimeout:5184ms
2019-09-12 01:40:44,065 [Thread-2068] INFO  impl.RoleInfo (RoleInfo.java:shutdownFollowerState(121)) - 666c9d7c-114b-4ab1-832f-607879c4ea44: shutdown FollowerState
2019-09-12 01:40:44,065 [Thread-2068] INFO  impl.RaftServerImpl (RaftServerImpl.java:setRole(171)) - 666c9d7c-114b-4ab1-832f-607879c4ea44:group-90CF44FA079A changes role from FOLLOWER to CANDIDATE at term 2 for changeToCandidate
2019-09-12 01:40:44,066 [Thread-2068] INFO  impl.RoleInfo (RoleInfo.java:updateAndGet(143)) - 666c9d7c-114b-4ab1-832f-607879c4ea44: start LeaderElection
2019-09-12 01:40:44,067 [Thread-2069] INFO  impl.FollowerState (FollowerState.java:run(106)) - 35dde83a-dc1b-4dac-8609-3afeb2183593:group-90CF44FA079A changes to CANDIDATE, lastRpcTime:5185, electionTimeout:5185ms
2019-09-12 01:40:44,067 [Thread-2069] INFO  impl.RoleInfo (RoleInfo.java:shutdownFollowerState(121)) - 35dde83a-dc1b-4dac-8609-3afeb2183593: shutdown FollowerState
2019-09-12 01:40:44,067 [Thread-2069] INFO  impl.RaftServerImpl (RaftServerImpl.java:setRole(171)) - 35dde83a-dc1b-4dac-8609-3afeb2183593:group-90CF44FA079A changes role from FOLLOWER to CANDIDATE at term 2 for changeToCandidate
2019-09-12 01:40:44,067 [Thread-2069] INFO  impl.RoleInfo (RoleInfo.java:updateAndGet(143)) - 35dde83a-dc1b-4dac-8609-3afeb2183593: start LeaderElection
2019-09-12 01:40:44,170 [grpc-default-executor-3] INFO  client.GrpcClientProtocolClient (GrpcClientProtocolClient.java:onNext(255)) - client-C03FF4698402->35dde83a-dc1b-4dac-8609-3afeb2183593: receive RaftClientReply:client-C03FF4698402->35dde83a-dc1b-4dac-8609-3afeb2183593@group-90CF44FA079A, cid=82, FAILED org.apache.ratis.protocol.NotLeaderException: Server 35dde83a-dc1b-4dac-8609-3afeb2183593 is not the leader (null). Request must be sent to leader., logIndex=0, commits[35dde83a-dc1b-4dac-8609-3afeb2183593:c-1]
2019-09-12 01:40:44,571 [a21081bf-cd3a-4af0-ac7f-4f85472936c0:group-90CF44FA079A:LeaderElection57] INFO  impl.LeaderElection (LeaderElection.java:askForVotes(181)) - a21081bf-cd3a-4af0-ac7f-4f85472936c0:group-90CF44FA079A:LeaderElection57: begin an election at term 3 for -1: [666c9d7c-114b-4ab1-832f-607879c4ea44:192.168.5.171:44346, 35dde83a-dc1b-4dac-8609-3afeb2183593:192.168.5.171:45647, a21081bf-cd3a-4af0-ac7f-4f85472936c0:192.168.5.171:40720], old=null
2019-09-12 01:40:44,571 [35dde83a-dc1b-4dac-8609-3afeb2183593:group-90CF44FA079A:LeaderElection59] INFO  impl.LeaderElection (LeaderElection.java:askForVotes(181)) - 35dde83a-dc1b-4dac-8609-3afeb2183593:group-90CF44FA079A:LeaderElection59: begin an election at term 3 for -1: [666c9d7c-114b-4ab1-832f-607879c4ea44:192.168.5.171:44346, 35dde83a-dc1b-4dac-8609-3afeb2183593:192.168.5.171:45647, a21081bf-cd3a-4af0-ac7f-4f85472936c0:192.168.5.171:40720], old=null
2019-09-12 01:40:44,571 [666c9d7c-114b-4ab1-832f-607879c4ea44:group-90CF44FA079A:LeaderElection58] INFO  impl.LeaderElection (LeaderElection.java:askForVotes(181)) - 666c9d7c-114b-4ab1-832f-607879c4ea44:group-90CF44FA079A:LeaderElection58: begin an election at term 3 for -1: [666c9d7c-114b-4ab1-832f-607879c4ea44:192.168.5.171:44346, 35dde83a-dc1b-4dac-8609-3afeb2183593:192.168.5.171:45647, a21081bf-cd3a-4af0-ac7f-4f85472936c0:192.168.5.171:40720], old=null
2019-09-12 01:40:44,578 [666c9d7c-114b-4ab1-832f-607879c4ea44:group-90CF44FA079A:LeaderElection58] INFO  impl.LeaderElection (LeaderElection.java:logAndReturn(56)) - 666c9d7c-114b-4ab1-832f-607879c4ea44:group-90CF44FA079A:LeaderElection58: Election REJECTED; received 2 response(s) [666c9d7c-114b-4ab1-832f-607879c4ea44<-35dde83a-dc1b-4dac-8609-3afeb2183593#0:FAIL-t3, 666c9d7c-114b-4ab1-832f-607879c4ea44<-a21081bf-cd3a-4af0-ac7f-4f85472936c0#0:FAIL-t3] and 0 exception(s); 666c9d7c-114b-4ab1-832f-607879c4ea44:t3, leader=null, voted=666c9d7c-114b-4ab1-832f-607879c4ea44, raftlog=666c9d7c-114b-4ab1-832f-607879c4ea44-SegmentedRaftLog:OPENED:c-1,f-1,i0, conf=-1: [666c9d7c-114b-4ab1-832f-607879c4ea44:192.168.5.171:44346, 35dde83a-dc1b-4dac-8609-3afeb2183593:192.168.5.171:45647, a21081bf-cd3a-4af0-ac7f-4f85472936c0:192.168.5.171:40720], old=null
2019-09-12 01:40:44,578 [a21081bf-cd3a-4af0-ac7f-4f85472936c0:group-90CF44FA079A:LeaderElection57] INFO  impl.LeaderElection (LeaderElection.java:logAndReturn(56)) - a21081bf-cd3a-4af0-ac7f-4f85472936c0:group-90CF44FA079A:LeaderElection57: Election REJECTED; received 2 response(s) [a21081bf-cd3a-4af0-ac7f-4f85472936c0<-666c9d7c-114b-4ab1-832f-607879c4ea44#0:FAIL-t3, a21081bf-cd3a-4af0-ac7f-4f85472936c0<-35dde83a-dc1b-4dac-8609-3afeb2183593#0:FAIL-t3] and 0 exception(s); a21081bf-cd3a-4af0-ac7f-4f85472936c0:t3, leader=null, voted=a21081bf-cd3a-4af0-ac7f-4f85472936c0, raftlog=a21081bf-cd3a-4af0-ac7f-4f85472936c0-SegmentedRaftLog:OPENED:c-1,f-1,i0, conf=-1: [666c9d7c-114b-4ab1-832f-607879c4ea44:192.168.5.171:44346, 35dde83a-dc1b-4dac-8609-3afeb2183593:192.168.5.171:45647, a21081bf-cd3a-4af0-ac7f-4f85472936c0:192.168.5.171:40720], old=null
2019-09-12 01:40:44,578 [666c9d7c-114b-4ab1-832f-607879c4ea44:group-90CF44FA079A:LeaderElection58] INFO  impl.RaftServerImpl (RaftServerImpl.java:setRole(171)) - 666c9d7c-114b-4ab1-832f-607879c4ea44:group-90CF44FA079A changes role from CANDIDATE to FOLLOWER at term 3 for DISCOVERED_A_NEW_TERM
2019-09-12 01:40:44,579 [a21081bf-cd3a-4af0-ac7f-4f85472936c0:group-90CF44FA079A:LeaderElection57] INFO  impl.RaftServerImpl (RaftServerImpl.java:setRole(171)) - a21081bf-cd3a-4af0-ac7f-4f85472936c0:group-90CF44FA079A changes role from CANDIDATE to FOLLOWER at term 3 for DISCOVERED_A_NEW_TERM
2019-09-12 01:40:44,579 [35dde83a-dc1b-4dac-8609-3afeb2183593:group-90CF44FA079A:LeaderElection59] INFO  impl.LeaderElection (LeaderElection.java:logAndReturn(56)) - 35dde83a-dc1b-4dac-8609-3afeb2183593:group-90CF44FA079A:LeaderElection59: Election REJECTED; received 2 response(s) [35dde83a-dc1b-4dac-8609-3afeb2183593<-666c9d7c-114b-4ab1-832f-607879c4ea44#0:FAIL-t3, 35dde83a-dc1b-4dac-8609-3afeb2183593<-a21081bf-cd3a-4af0-ac7f-4f85472936c0#0:FAIL-t3] and 0 exception(s); 35dde83a-dc1b-4dac-8609-3afeb2183593:t3, leader=null, voted=35dde83a-dc1b-4dac-8609-3afeb2183593, raftlog=35dde83a-dc1b-4dac-8609-3afeb2183593-SegmentedRaftLog:OPENED:c-1,f-1,i0, conf=-1: [666c9d7c-114b-4ab1-832f-607879c4ea44:192.168.5.171:44346, 35dde83a-dc1b-4dac-8609-3afeb2183593:192.168.5.171:45647, a21081bf-cd3a-4af0-ac7f-4f85472936c0:192.168.5.171:40720], old=null
2019-09-12 01:40:44,579 [666c9d7c-114b-4ab1-832f-607879c4ea44:group-90CF44FA079A:LeaderElection58] INFO  impl.RoleInfo (RoleInfo.java:shutdownLeaderElection(134)) - 666c9d7c-114b-4ab1-832f-607879c4ea44: shutdown LeaderElection
2019-09-12 01:40:44,579 [35dde83a-dc1b-4dac-8609-3afeb2183593:group-90CF44FA079A:LeaderElection59] INFO  impl.RaftServerImpl (RaftServerImpl.java:setRole(171)) - 35dde83a-dc1b-4dac-8609-3afeb2183593:group-90CF44FA079A changes role from CANDIDATE to FOLLOWER at term 3 for DISCOVERED_A_NEW_TERM
2019-09-12 01:40:44,579 [a21081bf-cd3a-4af0-ac7f-4f85472936c0:group-90CF44FA079A:LeaderElection57] INFO  impl.RoleInfo (RoleInfo.java:shutdownLeaderElection(134)) - a21081bf-cd3a-4af0-ac7f-4f85472936c0: shutdown LeaderElection
2019-09-12 01:40:44,580 [35dde83a-dc1b-4dac-8609-3afeb2183593:group-90CF44FA079A:LeaderElection59] INFO  impl.RoleInfo (RoleInfo.java:shutdownLeaderElection(134)) - 35dde83a-dc1b-4dac-8609-3afeb2183593: shutdown LeaderElection
2019-09-12 01:40:44,579 [666c9d7c-114b-4ab1-832f-607879c4ea44:group-90CF44FA079A:LeaderElection58] INFO  impl.RoleInfo (RoleInfo.java:updateAndGet(143)) - 666c9d7c-114b-4ab1-832f-607879c4ea44: start FollowerState
2019-09-12 01:40:44,580 [35dde83a-dc1b-4dac-8609-3afeb2183593:group-90CF44FA079A:LeaderElection59] INFO  impl.RoleInfo (RoleInfo.java:updateAndGet(143)) - 35dde83a-dc1b-4dac-8609-3afeb2183593: start FollowerState
2019-09-12 01:40:44,580 [a21081bf-cd3a-4af0-ac7f-4f85472936c0:group-90CF44FA079A:LeaderElection57] INFO  impl.RoleInfo (RoleInfo.java:updateAndGet(143)) - a21081bf-cd3a-4af0-ac7f-4f85472936c0: start FollowerState
2019-09-12 01:40:45,193 [grpc-default-executor-2] INFO  client.GrpcClientProtocolClient (GrpcClientProtocolClient.java:onNext(255)) - client-C03FF4698402->666c9d7c-114b-4ab1-832f-607879c4ea44: receive RaftClientReply:client-C03FF4698402->666c9d7c-114b-4ab1-832f-607879c4ea44@group-90CF44FA079A, cid=82, FAILED org.apache.ratis.protocol.NotLeaderException: Server 666c9d7c-114b-4ab1-832f-607879c4ea44 is not the leader (null). Request must be sent to leader., logIndex=0, commits[666c9d7c-114b-4ab1-832f-607879c4ea44:c-1]
2019-09-12 01:40:46,206 [grpc-default-executor-4] INFO  client.GrpcClientProtocolClient (GrpcClientProtocolClient.java:onNext(255)) - client-C03FF4698402->35dde83a-dc1b-4dac-8609-3afeb2183593: receive RaftClientReply:client-C03FF4698402->35dde83a-dc1b-4dac-8609-3afeb2183593@group-90CF44FA079A, cid=82, FAILED org.apache.ratis.protocol.NotLeaderException: Server 35dde83a-dc1b-4dac-8609-3afeb2183593 is not the leader (null). Request must be sent to leader., logIndex=0, commits[35dde83a-dc1b-4dac-8609-3afeb2183593:c-1]
2019-09-12 01:40:47,226 [grpc-default-executor-4] INFO  client.GrpcClientProtocolClient (GrpcClientProtocolClient.java:onNext(255)) - client-C03FF4698402->a21081bf-cd3a-4af0-ac7f-4f85472936c0: receive RaftClientReply:client-C03FF4698402->a21081bf-cd3a-4af0-ac7f-4f85472936c0@group-90CF44FA079A, cid=82, FAILED org.apache.ratis.protocol.NotLeaderException: Server a21081bf-cd3a-4af0-ac7f-4f85472936c0 is not the leader (null). Request must be sent to leader., logIndex=0, commits[a21081bf-cd3a-4af0-ac7f-4f85472936c0:c-1]
2019-09-12 01:40:48,258 [grpc-default-executor-2] INFO  client.GrpcClientProtocolClient (GrpcClientProtocolClient.java:onNext(255)) - client-C03FF4698402->35dde83a-dc1b-4dac-8609-3afeb2183593: receive RaftClientReply:client-C03FF4698402->35dde83a-dc1b-4dac-8609-3afeb2183593@group-90CF44FA079A, cid=82, FAILED org.apache.ratis.protocol.NotLeaderException: Server 35dde83a-dc1b-4dac-8609-3afeb2183593 is not the leader (null). Request must be sent to leader., logIndex=0, commits[35dde83a-dc1b-4dac-8609-3afeb2183593:c-1]
]]></system-out>
  </testcase>
  <testcase name="test2WayCommitForTimeoutException" classname="org.apache.hadoop.ozone.client.rpc.TestWatchForCommit" time="28.382">
    <error message="org.apache.ratis.protocol.RaftRetryFailureException: Failed RaftClientRequest:client-D45794BDE9BB-&gt;d649c276-746f-471c-853f-e4f93cee865e@group-675E09E942D8, cid=97, seq=2*, RW, org.apache.hadoop.hdds.scm.XceiverClientRatis$$Lambda$442/1492801385@71dfb6ff for 20 attempts with RetryLimited(maxAttempts=20, sleepTime=1000ms)" type="java.util.concurrent.ExecutionException">java.util.concurrent.ExecutionException: org.apache.ratis.protocol.RaftRetryFailureException: Failed RaftClientRequest:client-D45794BDE9BB->d649c276-746f-471c-853f-e4f93cee865e@group-675E09E942D8, cid=97, seq=2*, RW, org.apache.hadoop.hdds.scm.XceiverClientRatis$$Lambda$442/1492801385@71dfb6ff for 20 attempts with RetryLimited(maxAttempts=20, sleepTime=1000ms)
	at java.util.concurrent.CompletableFuture.reportGet(CompletableFuture.java:357)
	at java.util.concurrent.CompletableFuture.get(CompletableFuture.java:1895)
	at org.apache.hadoop.ozone.client.rpc.TestWatchForCommit.test2WayCommitForTimeoutException(TestWatchForCommit.java:390)
	at sun.reflect.NativeMethodAccessorImpl.invoke0(Native Method)
	at sun.reflect.NativeMethodAccessorImpl.invoke(NativeMethodAccessorImpl.java:62)
	at sun.reflect.DelegatingMethodAccessorImpl.invoke(DelegatingMethodAccessorImpl.java:43)
	at java.lang.reflect.Method.invoke(Method.java:498)
	at org.junit.runners.model.FrameworkMethod$1.runReflectiveCall(FrameworkMethod.java:47)
	at org.junit.internal.runners.model.ReflectiveCallable.run(ReflectiveCallable.java:12)
	at org.junit.runners.model.FrameworkMethod.invokeExplosively(FrameworkMethod.java:44)
	at org.junit.internal.runners.statements.InvokeMethod.evaluate(InvokeMethod.java:17)
	at org.junit.runners.ParentRunner.runLeaf(ParentRunner.java:271)
	at org.junit.runners.BlockJUnit4ClassRunner.runChild(BlockJUnit4ClassRunner.java:70)
	at org.junit.runners.BlockJUnit4ClassRunner.runChild(BlockJUnit4ClassRunner.java:50)
	at org.junit.runners.ParentRunner$3.run(ParentRunner.java:238)
	at org.junit.runners.ParentRunner$1.schedule(ParentRunner.java:63)
	at org.junit.runners.ParentRunner.runChildren(ParentRunner.java:236)
	at org.junit.runners.ParentRunner.access$000(ParentRunner.java:53)
	at org.junit.runners.ParentRunner$2.evaluate(ParentRunner.java:229)
	at org.junit.runners.ParentRunner.run(ParentRunner.java:309)
	at org.apache.maven.surefire.junit4.JUnit4Provider.execute(JUnit4Provider.java:365)
	at org.apache.maven.surefire.junit4.JUnit4Provider.executeWithRerun(JUnit4Provider.java:273)
	at org.apache.maven.surefire.junit4.JUnit4Provider.executeTestSet(JUnit4Provider.java:238)
	at org.apache.maven.surefire.junit4.JUnit4Provider.invoke(JUnit4Provider.java:159)
	at org.apache.maven.surefire.booter.ForkedBooter.invokeProviderInSameClassLoader(ForkedBooter.java:384)
	at org.apache.maven.surefire.booter.ForkedBooter.runSuitesInProcess(ForkedBooter.java:345)
	at org.apache.maven.surefire.booter.ForkedBooter.execute(ForkedBooter.java:126)
	at org.apache.maven.surefire.booter.ForkedBooter.main(ForkedBooter.java:418)
Caused by: org.apache.ratis.protocol.RaftRetryFailureException: Failed RaftClientRequest:client-D45794BDE9BB->d649c276-746f-471c-853f-e4f93cee865e@group-675E09E942D8, cid=97, seq=2*, RW, org.apache.hadoop.hdds.scm.XceiverClientRatis$$Lambda$442/1492801385@71dfb6ff for 20 attempts with RetryLimited(maxAttempts=20, sleepTime=1000ms)
	at org.apache.ratis.client.impl.RaftClientImpl.noMoreRetries(RaftClientImpl.java:272)
	at org.apache.ratis.client.impl.OrderedAsync.handleAsyncRetryFailure(OrderedAsync.java:138)
	at org.apache.ratis.client.impl.OrderedAsync.lambda$sendRequest$10(OrderedAsync.java:230)
	at java.util.concurrent.CompletableFuture.uniExceptionally(CompletableFuture.java:870)
	at java.util.concurrent.CompletableFuture$UniExceptionally.tryFire(CompletableFuture.java:852)
	at java.util.concurrent.CompletableFuture.postComplete(CompletableFuture.java:474)
	at java.util.concurrent.CompletableFuture.completeExceptionally(CompletableFuture.java:1977)
	at org.apache.ratis.grpc.client.GrpcClientProtocolClient$AsyncStreamObservers.completeReplyExceptionally(GrpcClientProtocolClient.java:330)
	at org.apache.ratis.grpc.client.GrpcClientProtocolClient$AsyncStreamObservers.access$000(GrpcClientProtocolClient.java:246)
	at org.apache.ratis.grpc.client.GrpcClientProtocolClient$AsyncStreamObservers$1.onNext(GrpcClientProtocolClient.java:258)
	at org.apache.ratis.grpc.client.GrpcClientProtocolClient$AsyncStreamObservers$1.onNext(GrpcClientProtocolClient.java:249)
	at org.apache.ratis.thirdparty.io.grpc.stub.ClientCalls$StreamObserverToCallListenerAdapter.onMessage(ClientCalls.java:421)
	at org.apache.ratis.thirdparty.io.grpc.ForwardingClientCallListener.onMessage(ForwardingClientCallListener.java:33)
	at org.apache.ratis.thirdparty.io.grpc.ForwardingClientCallListener.onMessage(ForwardingClientCallListener.java:33)
	at org.apache.ratis.thirdparty.io.grpc.internal.ClientCallImpl$ClientStreamListenerImpl$1MessagesAvailable.runInContext(ClientCallImpl.java:519)
	at org.apache.ratis.thirdparty.io.grpc.internal.ContextRunnable.run(ContextRunnable.java:37)
	at org.apache.ratis.thirdparty.io.grpc.internal.SerializingExecutor.run(SerializingExecutor.java:123)
	at java.util.concurrent.ThreadPoolExecutor.runWorker(ThreadPoolExecutor.java:1149)
	at java.util.concurrent.ThreadPoolExecutor$Worker.run(ThreadPoolExecutor.java:624)
	at java.lang.Thread.run(Thread.java:748)
Caused by: org.apache.ratis.protocol.NotLeaderException: Server d649c276-746f-471c-853f-e4f93cee865e is not the leader (null). Request must be sent to leader.
	at org.apache.ratis.client.impl.ClientProtoUtils.toRaftClientReply(ClientProtoUtils.java:242)
	at org.apache.ratis.grpc.client.GrpcClientProtocolClient$AsyncStreamObservers$1.onNext(GrpcClientProtocolClient.java:254)
	... 10 more
</error>
    <system-out><![CDATA[2019-09-12 01:40:48,305 [main] WARN  server.ServerUtils (ServerUtils.java:getScmDbDir(145)) - ozone.scm.db.dirs is not configured. We recommend adding this setting. Falling back to ozone.metadata.dirs instead.
2019-09-12 01:40:48,321 [main] WARN  server.ServerUtils (ServerUtils.java:getScmDbDir(145)) - ozone.scm.db.dirs is not configured. We recommend adding this setting. Falling back to ozone.metadata.dirs instead.
2019-09-12 01:40:48,322 [main] WARN  server.ServerUtils (ServerUtils.java:getScmDbDir(145)) - ozone.scm.db.dirs is not configured. We recommend adding this setting. Falling back to ozone.metadata.dirs instead.
2019-09-12 01:40:48,322 [main] INFO  db.DBStoreBuilder (DBStoreBuilder.java:addTable(110)) - using custom profile for table: deletedBlocks
2019-09-12 01:40:48,323 [main] INFO  db.DBStoreBuilder (DBStoreBuilder.java:processTables(161)) - Using default column profile:DBProfile.DISK for Table:deletedBlocks
2019-09-12 01:40:48,323 [main] INFO  db.DBStoreBuilder (DBStoreBuilder.java:addTable(110)) - using custom profile for table: validCerts
2019-09-12 01:40:48,323 [main] INFO  db.DBStoreBuilder (DBStoreBuilder.java:processTables(161)) - Using default column profile:DBProfile.DISK for Table:validCerts
2019-09-12 01:40:48,323 [main] INFO  db.DBStoreBuilder (DBStoreBuilder.java:addTable(110)) - using custom profile for table: revokedCerts
2019-09-12 01:40:48,324 [main] INFO  db.DBStoreBuilder (DBStoreBuilder.java:processTables(161)) - Using default column profile:DBProfile.DISK for Table:revokedCerts
2019-09-12 01:40:48,324 [main] INFO  db.DBStoreBuilder (DBStoreBuilder.java:addTable(110)) - using custom profile for table: default
2019-09-12 01:40:48,324 [main] INFO  db.DBStoreBuilder (DBStoreBuilder.java:processTables(167)) - Using default column profile:DBProfile.DISK for Table:default
2019-09-12 01:40:48,324 [main] INFO  db.DBStoreBuilder (DBStoreBuilder.java:getDbProfile(198)) - Using default options. DBProfile.DISK
2019-09-12 01:40:48,610 [main] INFO  net.NodeSchemaLoader (NodeSchemaLoader.java:loadSchemaFromFile(125)) - Loading file from sun.misc.CompoundEnumeration@2dd1086
2019-09-12 01:40:48,610 [main] INFO  net.NodeSchemaLoader (NodeSchemaLoader.java:loadSchema(171)) - Loading network topology layer schema file
2019-09-12 01:40:48,616 [main] WARN  server.ServerUtils (ServerUtils.java:sanitizeUserArgs(70)) - ozone.scm.stale.node.interval value = 300000 is larger than max = 100000 based on the key value of ozone.scm.heartbeat.thread.interval, reset to the max value 100000.
2019-09-12 01:40:48,616 [main] WARN  server.ServerUtils (ServerUtils.java:sanitizeUserArgs(70)) - ozone.scm.stale.node.interval value = 300000 is larger than max = 100000 based on the key value of ozone.scm.heartbeat.thread.interval, reset to the max value 100000.
2019-09-12 01:40:48,616 [main] INFO  node.SCMNodeManager (SCMNodeManager.java:<init>(114)) - Entering startup safe mode.
2019-09-12 01:40:48,617 [main] INFO  algorithms.ContainerPlacementPolicyFactory (ContainerPlacementPolicyFactory.java:getPolicy(55)) - Create container placement policy of type org.apache.hadoop.hdds.scm.container.placement.algorithms.SCMContainerPlacementRandom
2019-09-12 01:40:48,618 [main] WARN  server.ServerUtils (ServerUtils.java:getScmDbDir(145)) - ozone.scm.db.dirs is not configured. We recommend adding this setting. Falling back to ozone.metadata.dirs instead.
2019-09-12 01:40:48,718 [main] INFO  pipeline.SCMPipelineManager (SCMPipelineManager.java:initializePipelineState(128)) - No pipeline exists in current db
2019-09-12 01:40:48,718 [main] WARN  server.ServerUtils (ServerUtils.java:getScmDbDir(145)) - ozone.scm.db.dirs is not configured. We recommend adding this setting. Falling back to ozone.metadata.dirs instead.
2019-09-12 01:40:48,829 [main] WARN  events.EventQueue (EventQueue.java:fireEvent(183)) - No event handler registered for event TypedEvent{payloadType=SafeModeStatus, name='SafeModeStatus'}
2019-09-12 01:40:48,831 [main] INFO  ipc.CallQueueManager (CallQueueManager.java:<init>(84)) - Using callQueue: class java.util.concurrent.LinkedBlockingQueue, queueCapacity: 2000, scheduler: class org.apache.hadoop.ipc.DefaultRpcScheduler, ipcBackoff: false.
2019-09-12 01:40:48,832 [Socket Reader #1 for port 36613] INFO  ipc.Server (Server.java:run(1074)) - Starting Socket Reader #1 for port 36613
2019-09-12 01:40:48,838 [main] INFO  ipc.CallQueueManager (CallQueueManager.java:<init>(84)) - Using callQueue: class java.util.concurrent.LinkedBlockingQueue, queueCapacity: 2000, scheduler: class org.apache.hadoop.ipc.DefaultRpcScheduler, ipcBackoff: false.
2019-09-12 01:40:48,839 [Socket Reader #1 for port 41223] INFO  ipc.Server (Server.java:run(1074)) - Starting Socket Reader #1 for port 41223
2019-09-12 01:40:48,843 [main] INFO  ipc.CallQueueManager (CallQueueManager.java:<init>(84)) - Using callQueue: class java.util.concurrent.LinkedBlockingQueue, queueCapacity: 2000, scheduler: class org.apache.hadoop.ipc.DefaultRpcScheduler, ipcBackoff: false.
2019-09-12 01:40:48,844 [Socket Reader #1 for port 36377] INFO  ipc.Server (Server.java:run(1074)) - Starting Socket Reader #1 for port 36377
2019-09-12 01:40:48,849 [main] INFO  hdfs.DFSUtil (DFSUtil.java:httpServerTemplateForNNAndJN(1641)) - Starting Web-server for scm at: http://0.0.0.0:0
2019-09-12 01:40:48,852 [main] INFO  server.AuthenticationFilter (AuthenticationFilter.java:constructSecretProvider(240)) - Unable to initialize FileSignerSecretProvider, falling back to use random secrets.
2019-09-12 01:40:48,853 [main] WARN  http.HttpRequestLog (HttpRequestLog.java:getRequestLog(97)) - Jetty request log can only be enabled using Log4j
2019-09-12 01:40:48,855 [main] INFO  http.HttpServer2 (HttpServer2.java:addGlobalFilter(975)) - Added global filter 'safety' (class=org.apache.hadoop.http.HttpServer2$QuotingInputFilter)
2019-09-12 01:40:48,856 [main] INFO  http.HttpServer2 (HttpServer2.java:addFilter(948)) - Added filter static_user_filter (class=org.apache.hadoop.http.lib.StaticUserWebFilter$StaticUserFilter) to context scm
2019-09-12 01:40:48,856 [main] INFO  http.HttpServer2 (HttpServer2.java:addFilter(958)) - Added filter static_user_filter (class=org.apache.hadoop.http.lib.StaticUserWebFilter$StaticUserFilter) to context static
2019-09-12 01:40:48,856 [main] INFO  http.HttpServer2 (HttpServer2.java:addFilter(958)) - Added filter static_user_filter (class=org.apache.hadoop.http.lib.StaticUserWebFilter$StaticUserFilter) to context logs
2019-09-12 01:40:48,862 [main] INFO  server.StorageContainerManager (StorageContainerManager.java:start(759)) - StorageContainerLocationProtocol RPC server is listening at /0.0.0.0:36377
2019-09-12 01:40:48,863 [main] INFO  impl.MetricsSystemImpl (MetricsSystemImpl.java:init(158)) - StorageContainerManager metrics system started (again)
2019-09-12 01:40:48,882 [main] INFO  server.SCMClientProtocolServer (SCMClientProtocolServer.java:start(151)) - RPC server for Client  is listening at /0.0.0.0:36377
2019-09-12 01:40:48,882 [IPC Server Responder] INFO  ipc.Server (Server.java:run(1314)) - IPC Server Responder: starting
2019-09-12 01:40:48,882 [IPC Server listener on 36377] INFO  ipc.Server (Server.java:run(1153)) - IPC Server listener on 36377: starting
2019-09-12 01:40:48,897 [main] INFO  server.StorageContainerManager (StorageContainerManager.java:start(769)) - ScmBlockLocationProtocol RPC server is listening at /0.0.0.0:41223
2019-09-12 01:40:48,898 [main] INFO  server.SCMBlockProtocolServer (SCMBlockProtocolServer.java:start(146)) - RPC server for Block Protocol is listening at /0.0.0.0:41223
2019-09-12 01:40:48,898 [IPC Server Responder] INFO  ipc.Server (Server.java:run(1314)) - IPC Server Responder: starting
2019-09-12 01:40:48,898 [IPC Server listener on 41223] INFO  ipc.Server (Server.java:run(1153)) - IPC Server listener on 41223: starting
2019-09-12 01:40:48,903 [main] INFO  server.StorageContainerManager (StorageContainerManager.java:start(773)) - ScmDatanodeProtocl RPC server is listening at /0.0.0.0:36613
2019-09-12 01:40:48,904 [main] INFO  server.SCMDatanodeProtocolServer (SCMDatanodeProtocolServer.java:start(191)) - RPC server for DataNodes is listening at /0.0.0.0:36613
2019-09-12 01:40:48,904 [IPC Server Responder] INFO  ipc.Server (Server.java:run(1314)) - IPC Server Responder: starting
2019-09-12 01:40:48,904 [IPC Server listener on 36613] INFO  ipc.Server (Server.java:run(1153)) - IPC Server listener on 36613: starting
2019-09-12 01:40:48,909 [main] INFO  http.HttpServer2 (HttpServer2.java:bindListener(1191)) - Jetty bound to port 40703
2019-09-12 01:40:48,910 [main] INFO  server.Server (Server.java:doStart(351)) - jetty-9.3.24.v20180605, build timestamp: 2018-06-05T17:11:56Z, git hash: 84205aa28f11a4f31f2a3b86d1bba2cc8ab69827
2019-09-12 01:40:48,912 [main] INFO  handler.ContextHandler (ContextHandler.java:doStart(781)) - Started o.e.j.s.ServletContextHandler@ab4aa5e{/logs,file:///workdir/hadoop-ozone/integration-test/target/log,AVAILABLE}
2019-09-12 01:40:48,912 [main] INFO  handler.ContextHandler (ContextHandler.java:doStart(781)) - Started o.e.j.s.ServletContextHandler@1a7cb3a4{/static,file:///workdir/hadoop-ozone/integration-test/target/test-classes/webapps/static,AVAILABLE}
2019-09-12 01:40:48,918 [main] INFO  handler.ContextHandler (ContextHandler.java:doStart(781)) - Started o.e.j.w.WebAppContext@1cd6b1bd{/,file:///workdir/hadoop-ozone/integration-test/target/test-classes/webapps/scm/,AVAILABLE}{/scm}
2019-09-12 01:40:48,928 [main] INFO  server.AbstractConnector (AbstractConnector.java:doStart(278)) - Started ServerConnector@443cdaa4{HTTP/1.1,[http/1.1]}{0.0.0.0:40703}
2019-09-12 01:40:48,932 [main] INFO  server.Server (Server.java:doStart(419)) - Started @216776ms
2019-09-12 01:40:48,932 [main] WARN  impl.MetricsSystemImpl (MetricsSystemImpl.java:register(276)) - Sink prometheus already exists!
2019-09-12 01:40:48,933 [main] INFO  server.BaseHttpServer (BaseHttpServer.java:updateConnectorAddress(215)) - HTTP server of SCM is listening at http://0.0.0.0:40703
2019-09-12 01:40:48,936 [main] WARN  server.ServerUtils (ServerUtils.java:getDBPath(222)) - ozone.om.db.dirs is not configured. We recommend adding this setting. Falling back to ozone.metadata.dirs instead.
2019-09-12 01:40:48,936 [org.apache.hadoop.util.JvmPauseMonitor$Monitor@619c93ca] INFO  util.JvmPauseMonitor (JvmPauseMonitor.java:run(188)) - Starting JVM pause monitor
2019-09-12 01:40:48,961 [main] WARN  server.ServerUtils (ServerUtils.java:getDBPath(222)) - ozone.om.db.dirs is not configured. We recommend adding this setting. Falling back to ozone.metadata.dirs instead.
2019-09-12 01:40:48,961 [main] WARN  server.ServerUtils (ServerUtils.java:getDBPath(222)) - ozone.om.db.dirs is not configured. We recommend adding this setting. Falling back to ozone.metadata.dirs instead.
2019-09-12 01:40:48,962 [main] INFO  om.OzoneManager (OzoneManager.java:setOMNodeDetails(649)) - OM Service ID is not set. Setting it to the default ID: omServiceIdDefault
2019-09-12 01:40:48,962 [main] INFO  om.OzoneManager (OzoneManager.java:setOMNodeDetails(655)) - OM Node ID is not set. Setting it to the OmStorage's OmID: 9fc86310-4479-478a-af02-6b90765582a5
2019-09-12 01:40:48,962 [main] INFO  om.OzoneManager (OzoneManager.java:loadOMHAConfigs(606)) - Found matching OM address with OMServiceId: null, OMNodeId: null, RPC Address: localhost:0 and Ratis port: 9872
2019-09-12 01:40:48,976 [main] WARN  server.ServerUtils (ServerUtils.java:getDBPath(222)) - ozone.om.db.dirs is not configured. We recommend adding this setting. Falling back to ozone.metadata.dirs instead.
2019-09-12 01:40:48,977 [main] INFO  db.DBStoreBuilder (DBStoreBuilder.java:addTable(110)) - using custom profile for table: userTable
2019-09-12 01:40:48,977 [main] INFO  db.DBStoreBuilder (DBStoreBuilder.java:processTables(161)) - Using default column profile:DBProfile.DISK for Table:userTable
2019-09-12 01:40:48,977 [main] INFO  db.DBStoreBuilder (DBStoreBuilder.java:addTable(110)) - using custom profile for table: volumeTable
2019-09-12 01:40:48,977 [main] INFO  db.DBStoreBuilder (DBStoreBuilder.java:processTables(161)) - Using default column profile:DBProfile.DISK for Table:volumeTable
2019-09-12 01:40:48,977 [main] INFO  db.DBStoreBuilder (DBStoreBuilder.java:addTable(110)) - using custom profile for table: bucketTable
2019-09-12 01:40:48,977 [main] INFO  db.DBStoreBuilder (DBStoreBuilder.java:processTables(161)) - Using default column profile:DBProfile.DISK for Table:bucketTable
2019-09-12 01:40:48,978 [main] INFO  db.DBStoreBuilder (DBStoreBuilder.java:addTable(110)) - using custom profile for table: keyTable
2019-09-12 01:40:48,978 [main] INFO  db.DBStoreBuilder (DBStoreBuilder.java:processTables(161)) - Using default column profile:DBProfile.DISK for Table:keyTable
2019-09-12 01:40:48,978 [main] INFO  db.DBStoreBuilder (DBStoreBuilder.java:addTable(110)) - using custom profile for table: deletedTable
2019-09-12 01:40:48,978 [main] INFO  db.DBStoreBuilder (DBStoreBuilder.java:processTables(161)) - Using default column profile:DBProfile.DISK for Table:deletedTable
2019-09-12 01:40:48,978 [main] INFO  db.DBStoreBuilder (DBStoreBuilder.java:addTable(110)) - using custom profile for table: openKeyTable
2019-09-12 01:40:48,978 [main] INFO  db.DBStoreBuilder (DBStoreBuilder.java:processTables(161)) - Using default column profile:DBProfile.DISK for Table:openKeyTable
2019-09-12 01:40:48,979 [main] INFO  db.DBStoreBuilder (DBStoreBuilder.java:addTable(110)) - using custom profile for table: s3Table
2019-09-12 01:40:48,979 [main] INFO  db.DBStoreBuilder (DBStoreBuilder.java:processTables(161)) - Using default column profile:DBProfile.DISK for Table:s3Table
2019-09-12 01:40:48,979 [main] INFO  db.DBStoreBuilder (DBStoreBuilder.java:addTable(110)) - using custom profile for table: multipartInfoTable
2019-09-12 01:40:48,979 [main] INFO  db.DBStoreBuilder (DBStoreBuilder.java:processTables(161)) - Using default column profile:DBProfile.DISK for Table:multipartInfoTable
2019-09-12 01:40:48,979 [main] INFO  db.DBStoreBuilder (DBStoreBuilder.java:addTable(110)) - using custom profile for table: dTokenTable
2019-09-12 01:40:48,979 [main] INFO  db.DBStoreBuilder (DBStoreBuilder.java:processTables(161)) - Using default column profile:DBProfile.DISK for Table:dTokenTable
2019-09-12 01:40:48,980 [main] INFO  db.DBStoreBuilder (DBStoreBuilder.java:addTable(110)) - using custom profile for table: s3SecretTable
2019-09-12 01:40:48,980 [main] INFO  db.DBStoreBuilder (DBStoreBuilder.java:processTables(161)) - Using default column profile:DBProfile.DISK for Table:s3SecretTable
2019-09-12 01:40:48,980 [main] INFO  db.DBStoreBuilder (DBStoreBuilder.java:addTable(110)) - using custom profile for table: prefixTable
2019-09-12 01:40:48,980 [main] INFO  db.DBStoreBuilder (DBStoreBuilder.java:processTables(161)) - Using default column profile:DBProfile.DISK for Table:prefixTable
2019-09-12 01:40:48,980 [main] INFO  db.DBStoreBuilder (DBStoreBuilder.java:addTable(110)) - using custom profile for table: default
2019-09-12 01:40:48,980 [main] INFO  db.DBStoreBuilder (DBStoreBuilder.java:processTables(167)) - Using default column profile:DBProfile.DISK for Table:default
2019-09-12 01:40:48,981 [main] INFO  db.DBStoreBuilder (DBStoreBuilder.java:getDbProfile(198)) - Using default options. DBProfile.DISK
2019-09-12 01:40:49,604 [Thread-2121] INFO  impl.FollowerState (FollowerState.java:run(106)) - 35dde83a-dc1b-4dac-8609-3afeb2183593:group-90CF44FA079A changes to CANDIDATE, lastRpcTime:5023, electionTimeout:5023ms
2019-09-12 01:40:49,604 [Thread-2121] INFO  impl.RoleInfo (RoleInfo.java:shutdownFollowerState(121)) - 35dde83a-dc1b-4dac-8609-3afeb2183593: shutdown FollowerState
2019-09-12 01:40:49,604 [Thread-2121] INFO  impl.RaftServerImpl (RaftServerImpl.java:setRole(171)) - 35dde83a-dc1b-4dac-8609-3afeb2183593:group-90CF44FA079A changes role from FOLLOWER to CANDIDATE at term 3 for changeToCandidate
2019-09-12 01:40:49,604 [Thread-2121] INFO  impl.RoleInfo (RoleInfo.java:updateAndGet(143)) - 35dde83a-dc1b-4dac-8609-3afeb2183593: start LeaderElection
2019-09-12 01:40:49,627 [35dde83a-dc1b-4dac-8609-3afeb2183593:group-90CF44FA079A:LeaderElection60] INFO  impl.LeaderElection (LeaderElection.java:askForVotes(181)) - 35dde83a-dc1b-4dac-8609-3afeb2183593:group-90CF44FA079A:LeaderElection60: begin an election at term 4 for -1: [666c9d7c-114b-4ab1-832f-607879c4ea44:192.168.5.171:44346, 35dde83a-dc1b-4dac-8609-3afeb2183593:192.168.5.171:45647, a21081bf-cd3a-4af0-ac7f-4f85472936c0:192.168.5.171:40720], old=null
2019-09-12 01:40:49,793 [Thread-2120] INFO  impl.FollowerState (FollowerState.java:run(106)) - a21081bf-cd3a-4af0-ac7f-4f85472936c0:group-90CF44FA079A changes to CANDIDATE, lastRpcTime:5213, electionTimeout:5105ms
2019-09-12 01:40:49,803 [Thread-2119] INFO  impl.FollowerState (FollowerState.java:run(106)) - 666c9d7c-114b-4ab1-832f-607879c4ea44:group-90CF44FA079A changes to CANDIDATE, lastRpcTime:5217, electionTimeout:5078ms
2019-09-12 01:40:49,803 [Thread-2120] INFO  impl.RoleInfo (RoleInfo.java:shutdownFollowerState(121)) - a21081bf-cd3a-4af0-ac7f-4f85472936c0: shutdown FollowerState
2019-09-12 01:40:49,810 [Thread-2119] INFO  impl.RoleInfo (RoleInfo.java:shutdownFollowerState(121)) - 666c9d7c-114b-4ab1-832f-607879c4ea44: shutdown FollowerState
2019-09-12 01:40:49,821 [Thread-2120] INFO  impl.RaftServerImpl (RaftServerImpl.java:setRole(171)) - a21081bf-cd3a-4af0-ac7f-4f85472936c0:group-90CF44FA079A changes role from FOLLOWER to CANDIDATE at term 3 for changeToCandidate
2019-09-12 01:40:49,821 [Thread-2120] INFO  impl.RoleInfo (RoleInfo.java:updateAndGet(143)) - a21081bf-cd3a-4af0-ac7f-4f85472936c0: start LeaderElection
2019-09-12 01:40:49,826 [Thread-2119] INFO  impl.RaftServerImpl (RaftServerImpl.java:setRole(171)) - 666c9d7c-114b-4ab1-832f-607879c4ea44:group-90CF44FA079A changes role from FOLLOWER to CANDIDATE at term 3 for changeToCandidate
2019-09-12 01:40:49,853 [grpc-default-executor-2] INFO  impl.RaftServerImpl (RaftServerImpl.java:setRole(171)) - a21081bf-cd3a-4af0-ac7f-4f85472936c0:group-90CF44FA079A changes role from CANDIDATE to FOLLOWER at term 4 for recognizeCandidate:35dde83a-dc1b-4dac-8609-3afeb2183593
2019-09-12 01:40:49,879 [grpc-default-executor-2] INFO  impl.RoleInfo (RoleInfo.java:shutdownLeaderElection(134)) - a21081bf-cd3a-4af0-ac7f-4f85472936c0: shutdown LeaderElection
2019-09-12 01:40:49,875 [Thread-2119] INFO  impl.RoleInfo (RoleInfo.java:updateAndGet(143)) - 666c9d7c-114b-4ab1-832f-607879c4ea44: start LeaderElection
2019-09-12 01:40:49,887 [grpc-default-executor-2] INFO  impl.RoleInfo (RoleInfo.java:updateAndGet(143)) - a21081bf-cd3a-4af0-ac7f-4f85472936c0: start FollowerState
2019-09-12 01:40:49,903 [grpc-default-executor-4] INFO  impl.RaftServerImpl (RaftServerImpl.java:setRole(171)) - 666c9d7c-114b-4ab1-832f-607879c4ea44:group-90CF44FA079A changes role from CANDIDATE to FOLLOWER at term 4 for recognizeCandidate:35dde83a-dc1b-4dac-8609-3afeb2183593
2019-09-12 01:40:49,912 [grpc-default-executor-4] INFO  impl.RoleInfo (RoleInfo.java:shutdownLeaderElection(134)) - 666c9d7c-114b-4ab1-832f-607879c4ea44: shutdown LeaderElection
2019-09-12 01:40:49,925 [grpc-default-executor-4] INFO  impl.RoleInfo (RoleInfo.java:updateAndGet(143)) - 666c9d7c-114b-4ab1-832f-607879c4ea44: start FollowerState
2019-09-12 01:40:49,961 [main] INFO  ipc.CallQueueManager (CallQueueManager.java:<init>(84)) - Using callQueue: class java.util.concurrent.LinkedBlockingQueue, queueCapacity: 2000, scheduler: class org.apache.hadoop.ipc.DefaultRpcScheduler, ipcBackoff: false.
2019-09-12 01:40:49,962 [Socket Reader #1 for port 44776] INFO  ipc.Server (Server.java:run(1074)) - Starting Socket Reader #1 for port 44776
2019-09-12 01:40:49,997 [main] INFO  om.OzoneManager (OzoneManager.java:start(1240)) - OzoneManager RPC server is listening at localhost/127.0.0.1:44776
2019-09-12 01:40:49,998 [main] INFO  impl.MetricsSystemImpl (MetricsSystemImpl.java:init(158)) - OzoneManager metrics system started (again)
2019-09-12 01:40:49,999 [IPC Server Responder] INFO  ipc.Server (Server.java:run(1314)) - IPC Server Responder: starting
2019-09-12 01:40:49,999 [IPC Server listener on 44776] INFO  ipc.Server (Server.java:run(1153)) - IPC Server listener on 44776: starting
2019-09-12 01:40:50,007 [main] INFO  hdfs.DFSUtil (DFSUtil.java:httpServerTemplateForNNAndJN(1641)) - Starting Web-server for ozoneManager at: http://0.0.0.0:0
2019-09-12 01:40:50,008 [main] INFO  server.AuthenticationFilter (AuthenticationFilter.java:constructSecretProvider(240)) - Unable to initialize FileSignerSecretProvider, falling back to use random secrets.
2019-09-12 01:40:50,009 [main] WARN  http.HttpRequestLog (HttpRequestLog.java:getRequestLog(97)) - Jetty request log can only be enabled using Log4j
2019-09-12 01:40:50,010 [main] INFO  http.HttpServer2 (HttpServer2.java:addGlobalFilter(975)) - Added global filter 'safety' (class=org.apache.hadoop.http.HttpServer2$QuotingInputFilter)
2019-09-12 01:40:50,011 [main] INFO  http.HttpServer2 (HttpServer2.java:addFilter(948)) - Added filter static_user_filter (class=org.apache.hadoop.http.lib.StaticUserWebFilter$StaticUserFilter) to context ozoneManager
2019-09-12 01:40:50,011 [main] INFO  http.HttpServer2 (HttpServer2.java:addFilter(958)) - Added filter static_user_filter (class=org.apache.hadoop.http.lib.StaticUserWebFilter$StaticUserFilter) to context static
2019-09-12 01:40:50,011 [main] INFO  http.HttpServer2 (HttpServer2.java:addFilter(958)) - Added filter static_user_filter (class=org.apache.hadoop.http.lib.StaticUserWebFilter$StaticUserFilter) to context logs
2019-09-12 01:40:50,012 [main] INFO  http.HttpServer2 (HttpServer2.java:bindListener(1191)) - Jetty bound to port 33509
2019-09-12 01:40:50,012 [main] INFO  server.Server (Server.java:doStart(351)) - jetty-9.3.24.v20180605, build timestamp: 2018-06-05T17:11:56Z, git hash: 84205aa28f11a4f31f2a3b86d1bba2cc8ab69827
2019-09-12 01:40:50,014 [main] INFO  handler.ContextHandler (ContextHandler.java:doStart(781)) - Started o.e.j.s.ServletContextHandler@30922f8d{/logs,file:///workdir/hadoop-ozone/integration-test/target/log,AVAILABLE}
2019-09-12 01:40:50,014 [main] INFO  handler.ContextHandler (ContextHandler.java:doStart(781)) - Started o.e.j.s.ServletContextHandler@51ff3c4b{/static,file:///workdir/hadoop-ozone/integration-test/target/test-classes/webapps/static,AVAILABLE}
2019-09-12 01:40:50,018 [main] INFO  handler.ContextHandler (ContextHandler.java:doStart(781)) - Started o.e.j.w.WebAppContext@5f395ce1{/,file:///workdir/hadoop-ozone/integration-test/target/test-classes/webapps/ozoneManager/,AVAILABLE}{/ozoneManager}
2019-09-12 01:40:50,018 [main] INFO  server.AbstractConnector (AbstractConnector.java:doStart(278)) - Started ServerConnector@19f02280{HTTP/1.1,[http/1.1]}{0.0.0.0:33509}
2019-09-12 01:40:50,020 [main] INFO  server.Server (Server.java:doStart(419)) - Started @217864ms
2019-09-12 01:40:50,020 [main] WARN  impl.MetricsSystemImpl (MetricsSystemImpl.java:register(276)) - Sink prometheus already exists!
2019-09-12 01:40:50,021 [main] INFO  server.BaseHttpServer (BaseHttpServer.java:updateConnectorAddress(215)) - HTTP server of OZONEMANAGER is listening at http://0.0.0.0:33509
2019-09-12 01:40:50,034 [main] INFO  impl.MetricsSystemImpl (MetricsSystemImpl.java:init(158)) - HddsDatanode metrics system started (again)
2019-09-12 01:40:50,051 [main] INFO  ozone.HddsDatanodeService (HddsDatanodeService.java:start(184)) - HddsDatanodeService host:pr-hdds-2007-7njtk-1085629304 ip:192.168.5.171
2019-09-12 01:40:50,061 [main] INFO  volume.HddsVolume (HddsVolume.java:<init>(176)) - Creating Volume: /workdir/hadoop-ozone/integration-test/target/test-dir/MiniOzoneClusterImpl-abc8d6a0-4de7-4118-b7f5-03680b1d5f31/datanode-0/data/containers/hdds of  storage type : DISK and capacity : 1482555576320
2019-09-12 01:40:50,061 [main] INFO  volume.VolumeSet (VolumeSet.java:initializeVolumeSet(170)) - Added Volume : /workdir/hadoop-ozone/integration-test/target/test-dir/MiniOzoneClusterImpl-abc8d6a0-4de7-4118-b7f5-03680b1d5f31/datanode-0/data/containers/hdds to VolumeSet
2019-09-12 01:40:50,061 [main] INFO  volume.ThrottledAsyncChecker (ThrottledAsyncChecker.java:schedule(140)) - Scheduling a check for org.apache.hadoop.ozone.container.common.volume.HddsVolume@15214920
2019-09-12 01:40:50,064 [main] INFO  volume.HddsVolumeChecker (HddsVolumeChecker.java:checkAllVolumes(203)) - Scheduled health check for volume org.apache.hadoop.ozone.container.common.volume.HddsVolume@15214920
2019-09-12 01:40:50,077 [main] INFO  impl.RaftServerProxy (ConfUtils.java:logGet(43)) - raft.rpc.type = GRPC (default)
2019-09-12 01:40:50,077 [main] INFO  grpc.GrpcFactory (GrpcFactory.java:checkPooledByteBufAllocatorUseCacheForAllThreads(45)) - PERFORMANCE WARNING: useCacheForAllThreads is true that may cause Netty to create a lot garbage objects and, as a result, trigger GC.
	It is recommended to disable useCacheForAllThreads by setting -Dorg.apache.ratis.thirdparty.io.netty.allocator.useCacheForAllThreads=false in command line.
2019-09-12 01:40:50,078 [main] INFO  grpc.GrpcConfigKeys$Server (ConfUtils.java:logGet(43)) - raft.grpc.server.port = 0 (default)
2019-09-12 01:40:50,078 [main] INFO  server.GrpcService (ConfUtils.java:logGet(43)) - raft.grpc.message.size.max = 33570816 (custom)
2019-09-12 01:40:50,078 [main] INFO  server.RaftServerConfigKeys (ConfUtils.java:logGet(43)) - raft.server.log.appender.buffer.byte-limit = 33554432 (custom)
2019-09-12 01:40:50,079 [main] INFO  server.GrpcService (ConfUtils.java:logGet(43)) - raft.grpc.flow.control.window = 1MB (=1048576) (default)
2019-09-12 01:40:50,079 [main] INFO  server.RaftServerConfigKeys (ConfUtils.java:logGet(43)) - raft.server.rpc.request.timeout = 3000ms (default)
2019-09-12 01:40:50,080 [main] INFO  server.RaftServerConfigKeys (ConfUtils.java:logGet(43)) - raft.server.storage.dir = [/workdir/hadoop-ozone/integration-test/target/test-dir/MiniOzoneClusterImpl-abc8d6a0-4de7-4118-b7f5-03680b1d5f31/datanode-0/data/ratis] (custom)
2019-09-12 01:40:50,082 [main] INFO  hdfs.DFSUtil (DFSUtil.java:httpServerTemplateForNNAndJN(1641)) - Starting Web-server for hddsDatanode at: http://0.0.0.0:0
2019-09-12 01:40:50,083 [main] INFO  server.AuthenticationFilter (AuthenticationFilter.java:constructSecretProvider(240)) - Unable to initialize FileSignerSecretProvider, falling back to use random secrets.
2019-09-12 01:40:50,083 [main] WARN  http.HttpRequestLog (HttpRequestLog.java:getRequestLog(97)) - Jetty request log can only be enabled using Log4j
2019-09-12 01:40:50,085 [main] INFO  http.HttpServer2 (HttpServer2.java:addGlobalFilter(975)) - Added global filter 'safety' (class=org.apache.hadoop.http.HttpServer2$QuotingInputFilter)
2019-09-12 01:40:50,085 [main] INFO  http.HttpServer2 (HttpServer2.java:addFilter(948)) - Added filter static_user_filter (class=org.apache.hadoop.http.lib.StaticUserWebFilter$StaticUserFilter) to context hddsDatanode
2019-09-12 01:40:50,085 [main] INFO  http.HttpServer2 (HttpServer2.java:addFilter(958)) - Added filter static_user_filter (class=org.apache.hadoop.http.lib.StaticUserWebFilter$StaticUserFilter) to context logs
2019-09-12 01:40:50,085 [main] INFO  http.HttpServer2 (HttpServer2.java:addFilter(958)) - Added filter static_user_filter (class=org.apache.hadoop.http.lib.StaticUserWebFilter$StaticUserFilter) to context static
2019-09-12 01:40:50,086 [main] INFO  http.HttpServer2 (HttpServer2.java:bindListener(1191)) - Jetty bound to port 39280
2019-09-12 01:40:50,086 [main] INFO  server.Server (Server.java:doStart(351)) - jetty-9.3.24.v20180605, build timestamp: 2018-06-05T17:11:56Z, git hash: 84205aa28f11a4f31f2a3b86d1bba2cc8ab69827
2019-09-12 01:40:50,088 [main] INFO  handler.ContextHandler (ContextHandler.java:doStart(781)) - Started o.e.j.s.ServletContextHandler@35145874{/logs,file:///workdir/hadoop-ozone/integration-test/target/log,AVAILABLE}
2019-09-12 01:40:50,088 [main] INFO  handler.ContextHandler (ContextHandler.java:doStart(781)) - Started o.e.j.s.ServletContextHandler@11df2829{/static,jar:file:/home/user/.m2/repository/org/apache/hadoop/hadoop-hdds-container-service/0.5.0-SNAPSHOT/hadoop-hdds-container-service-0.5.0-SNAPSHOT.jar!/webapps/static,AVAILABLE}
2019-09-12 01:40:50,126 [main] INFO  handler.ContextHandler (ContextHandler.java:doStart(781)) - Started o.e.j.w.WebAppContext@8fcc534{/,file:///tmp/jetty-0.0.0.0-39280-hddsDatanode-_-any-3123967849538314260.dir/webapp/,AVAILABLE}{/hddsDatanode}
2019-09-12 01:40:50,127 [main] INFO  server.AbstractConnector (AbstractConnector.java:doStart(278)) - Started ServerConnector@5e599100{HTTP/1.1,[http/1.1]}{0.0.0.0:39280}
2019-09-12 01:40:50,130 [main] INFO  server.Server (Server.java:doStart(419)) - Started @217974ms
2019-09-12 01:40:50,130 [main] WARN  impl.MetricsSystemImpl (MetricsSystemImpl.java:register(276)) - Sink prometheus already exists!
2019-09-12 01:40:50,131 [main] INFO  server.BaseHttpServer (BaseHttpServer.java:updateConnectorAddress(215)) - HTTP server of HDDSDATANODE is listening at http://0.0.0.0:39280
2019-09-12 01:40:50,131 [main] INFO  impl.MetricsSystemImpl (MetricsSystemImpl.java:init(158)) - HddsDatanode metrics system started (again)
2019-09-12 01:40:50,156 [org.apache.hadoop.util.JvmPauseMonitor$Monitor@2f8bb80d] INFO  util.JvmPauseMonitor (JvmPauseMonitor.java:run(188)) - Starting JVM pause monitor
2019-09-12 01:40:50,158 [Datanode State Machine Thread - 0] INFO  datanode.InitDatanodeState (InitDatanodeState.java:persistContainerDatanodeDetails(140)) - DatanodeDetails is persisted to /workdir/hadoop-ozone/integration-test/target/test-dir/MiniOzoneClusterImpl-abc8d6a0-4de7-4118-b7f5-03680b1d5f31/datanode-0/meta/datanode.id
2019-09-12 01:40:50,158 [main] INFO  ozone.HddsDatanodeService (HddsDatanodeService.java:start(184)) - HddsDatanodeService host:pr-hdds-2007-7njtk-1085629304 ip:192.168.5.171
2019-09-12 01:40:50,169 [main] INFO  volume.HddsVolume (HddsVolume.java:<init>(176)) - Creating Volume: /workdir/hadoop-ozone/integration-test/target/test-dir/MiniOzoneClusterImpl-abc8d6a0-4de7-4118-b7f5-03680b1d5f31/datanode-1/data/containers/hdds of  storage type : DISK and capacity : 1482555576320
2019-09-12 01:40:50,169 [main] INFO  volume.VolumeSet (VolumeSet.java:initializeVolumeSet(170)) - Added Volume : /workdir/hadoop-ozone/integration-test/target/test-dir/MiniOzoneClusterImpl-abc8d6a0-4de7-4118-b7f5-03680b1d5f31/datanode-1/data/containers/hdds to VolumeSet
2019-09-12 01:40:50,169 [main] INFO  volume.ThrottledAsyncChecker (ThrottledAsyncChecker.java:schedule(140)) - Scheduling a check for org.apache.hadoop.ozone.container.common.volume.HddsVolume@13250132
2019-09-12 01:40:50,170 [main] INFO  volume.HddsVolumeChecker (HddsVolumeChecker.java:checkAllVolumes(203)) - Scheduled health check for volume org.apache.hadoop.ozone.container.common.volume.HddsVolume@13250132
2019-09-12 01:40:50,189 [main] INFO  impl.RaftServerProxy (ConfUtils.java:logGet(43)) - raft.rpc.type = GRPC (default)
2019-09-12 01:40:50,189 [main] INFO  grpc.GrpcFactory (GrpcFactory.java:checkPooledByteBufAllocatorUseCacheForAllThreads(45)) - PERFORMANCE WARNING: useCacheForAllThreads is true that may cause Netty to create a lot garbage objects and, as a result, trigger GC.
	It is recommended to disable useCacheForAllThreads by setting -Dorg.apache.ratis.thirdparty.io.netty.allocator.useCacheForAllThreads=false in command line.
2019-09-12 01:40:50,189 [main] INFO  grpc.GrpcConfigKeys$Server (ConfUtils.java:logGet(43)) - raft.grpc.server.port = 0 (default)
2019-09-12 01:40:50,190 [main] INFO  server.GrpcService (ConfUtils.java:logGet(43)) - raft.grpc.message.size.max = 33570816 (custom)
2019-09-12 01:40:50,190 [main] INFO  server.RaftServerConfigKeys (ConfUtils.java:logGet(43)) - raft.server.log.appender.buffer.byte-limit = 33554432 (custom)
2019-09-12 01:40:50,190 [main] INFO  server.GrpcService (ConfUtils.java:logGet(43)) - raft.grpc.flow.control.window = 1MB (=1048576) (default)
2019-09-12 01:40:50,190 [main] INFO  server.RaftServerConfigKeys (ConfUtils.java:logGet(43)) - raft.server.rpc.request.timeout = 3000ms (default)
2019-09-12 01:40:50,191 [main] INFO  server.RaftServerConfigKeys (ConfUtils.java:logGet(43)) - raft.server.storage.dir = [/workdir/hadoop-ozone/integration-test/target/test-dir/MiniOzoneClusterImpl-abc8d6a0-4de7-4118-b7f5-03680b1d5f31/datanode-1/data/ratis] (custom)
2019-09-12 01:40:50,192 [main] INFO  hdfs.DFSUtil (DFSUtil.java:httpServerTemplateForNNAndJN(1641)) - Starting Web-server for hddsDatanode at: http://0.0.0.0:0
2019-09-12 01:40:50,195 [main] INFO  server.AuthenticationFilter (AuthenticationFilter.java:constructSecretProvider(240)) - Unable to initialize FileSignerSecretProvider, falling back to use random secrets.
2019-09-12 01:40:50,196 [main] WARN  http.HttpRequestLog (HttpRequestLog.java:getRequestLog(97)) - Jetty request log can only be enabled using Log4j
2019-09-12 01:40:50,199 [main] INFO  http.HttpServer2 (HttpServer2.java:addGlobalFilter(975)) - Added global filter 'safety' (class=org.apache.hadoop.http.HttpServer2$QuotingInputFilter)
2019-09-12 01:40:50,199 [main] INFO  http.HttpServer2 (HttpServer2.java:addFilter(948)) - Added filter static_user_filter (class=org.apache.hadoop.http.lib.StaticUserWebFilter$StaticUserFilter) to context hddsDatanode
2019-09-12 01:40:50,200 [main] INFO  http.HttpServer2 (HttpServer2.java:addFilter(958)) - Added filter static_user_filter (class=org.apache.hadoop.http.lib.StaticUserWebFilter$StaticUserFilter) to context logs
2019-09-12 01:40:50,200 [main] INFO  http.HttpServer2 (HttpServer2.java:addFilter(958)) - Added filter static_user_filter (class=org.apache.hadoop.http.lib.StaticUserWebFilter$StaticUserFilter) to context static
2019-09-12 01:40:50,201 [main] INFO  http.HttpServer2 (HttpServer2.java:bindListener(1191)) - Jetty bound to port 40745
2019-09-12 01:40:50,201 [main] INFO  server.Server (Server.java:doStart(351)) - jetty-9.3.24.v20180605, build timestamp: 2018-06-05T17:11:56Z, git hash: 84205aa28f11a4f31f2a3b86d1bba2cc8ab69827
2019-09-12 01:40:50,204 [main] INFO  handler.ContextHandler (ContextHandler.java:doStart(781)) - Started o.e.j.s.ServletContextHandler@5db3d57c{/logs,file:///workdir/hadoop-ozone/integration-test/target/log,AVAILABLE}
2019-09-12 01:40:50,204 [main] INFO  handler.ContextHandler (ContextHandler.java:doStart(781)) - Started o.e.j.s.ServletContextHandler@74ba6ff5{/static,jar:file:/home/user/.m2/repository/org/apache/hadoop/hadoop-hdds-container-service/0.5.0-SNAPSHOT/hadoop-hdds-container-service-0.5.0-SNAPSHOT.jar!/webapps/static,AVAILABLE}
2019-09-12 01:40:50,247 [main] INFO  handler.ContextHandler (ContextHandler.java:doStart(781)) - Started o.e.j.w.WebAppContext@25791d40{/,file:///tmp/jetty-0.0.0.0-40745-hddsDatanode-_-any-6670062679580860412.dir/webapp/,AVAILABLE}{/hddsDatanode}
2019-09-12 01:40:50,248 [main] INFO  server.AbstractConnector (AbstractConnector.java:doStart(278)) - Started ServerConnector@448c92fc{HTTP/1.1,[http/1.1]}{0.0.0.0:40745}
2019-09-12 01:40:50,251 [main] INFO  server.Server (Server.java:doStart(419)) - Started @218095ms
2019-09-12 01:40:50,251 [main] WARN  impl.MetricsSystemImpl (MetricsSystemImpl.java:register(276)) - Sink prometheus already exists!
2019-09-12 01:40:50,252 [main] INFO  server.BaseHttpServer (BaseHttpServer.java:updateConnectorAddress(215)) - HTTP server of HDDSDATANODE is listening at http://0.0.0.0:40745
2019-09-12 01:40:50,252 [main] INFO  impl.MetricsSystemImpl (MetricsSystemImpl.java:init(158)) - HddsDatanode metrics system started (again)
2019-09-12 01:40:50,272 [org.apache.hadoop.util.JvmPauseMonitor$Monitor@14315cd9] INFO  util.JvmPauseMonitor (JvmPauseMonitor.java:run(188)) - Starting JVM pause monitor
2019-09-12 01:40:50,274 [Datanode State Machine Thread - 0] INFO  datanode.InitDatanodeState (InitDatanodeState.java:persistContainerDatanodeDetails(140)) - DatanodeDetails is persisted to /workdir/hadoop-ozone/integration-test/target/test-dir/MiniOzoneClusterImpl-abc8d6a0-4de7-4118-b7f5-03680b1d5f31/datanode-1/meta/datanode.id
2019-09-12 01:40:50,274 [main] INFO  ozone.HddsDatanodeService (HddsDatanodeService.java:start(184)) - HddsDatanodeService host:pr-hdds-2007-7njtk-1085629304 ip:192.168.5.171
2019-09-12 01:40:50,285 [main] INFO  volume.HddsVolume (HddsVolume.java:<init>(176)) - Creating Volume: /workdir/hadoop-ozone/integration-test/target/test-dir/MiniOzoneClusterImpl-abc8d6a0-4de7-4118-b7f5-03680b1d5f31/datanode-2/data/containers/hdds of  storage type : DISK and capacity : 1482555576320
2019-09-12 01:40:50,285 [main] INFO  volume.VolumeSet (VolumeSet.java:initializeVolumeSet(170)) - Added Volume : /workdir/hadoop-ozone/integration-test/target/test-dir/MiniOzoneClusterImpl-abc8d6a0-4de7-4118-b7f5-03680b1d5f31/datanode-2/data/containers/hdds to VolumeSet
2019-09-12 01:40:50,285 [main] INFO  volume.ThrottledAsyncChecker (ThrottledAsyncChecker.java:schedule(140)) - Scheduling a check for org.apache.hadoop.ozone.container.common.volume.HddsVolume@1efac5b9
2019-09-12 01:40:50,286 [main] INFO  volume.HddsVolumeChecker (HddsVolumeChecker.java:checkAllVolumes(203)) - Scheduled health check for volume org.apache.hadoop.ozone.container.common.volume.HddsVolume@1efac5b9
2019-09-12 01:40:50,303 [main] INFO  impl.RaftServerProxy (ConfUtils.java:logGet(43)) - raft.rpc.type = GRPC (default)
2019-09-12 01:40:50,303 [main] INFO  grpc.GrpcFactory (GrpcFactory.java:checkPooledByteBufAllocatorUseCacheForAllThreads(45)) - PERFORMANCE WARNING: useCacheForAllThreads is true that may cause Netty to create a lot garbage objects and, as a result, trigger GC.
	It is recommended to disable useCacheForAllThreads by setting -Dorg.apache.ratis.thirdparty.io.netty.allocator.useCacheForAllThreads=false in command line.
2019-09-12 01:40:50,303 [main] INFO  grpc.GrpcConfigKeys$Server (ConfUtils.java:logGet(43)) - raft.grpc.server.port = 0 (default)
2019-09-12 01:40:50,303 [main] INFO  server.GrpcService (ConfUtils.java:logGet(43)) - raft.grpc.message.size.max = 33570816 (custom)
2019-09-12 01:40:50,303 [main] INFO  server.RaftServerConfigKeys (ConfUtils.java:logGet(43)) - raft.server.log.appender.buffer.byte-limit = 33554432 (custom)
2019-09-12 01:40:50,304 [main] INFO  server.GrpcService (ConfUtils.java:logGet(43)) - raft.grpc.flow.control.window = 1MB (=1048576) (default)
2019-09-12 01:40:50,304 [main] INFO  server.RaftServerConfigKeys (ConfUtils.java:logGet(43)) - raft.server.rpc.request.timeout = 3000ms (default)
2019-09-12 01:40:50,304 [main] INFO  server.RaftServerConfigKeys (ConfUtils.java:logGet(43)) - raft.server.storage.dir = [/workdir/hadoop-ozone/integration-test/target/test-dir/MiniOzoneClusterImpl-abc8d6a0-4de7-4118-b7f5-03680b1d5f31/datanode-2/data/ratis] (custom)
2019-09-12 01:40:50,305 [main] INFO  hdfs.DFSUtil (DFSUtil.java:httpServerTemplateForNNAndJN(1641)) - Starting Web-server for hddsDatanode at: http://0.0.0.0:0
2019-09-12 01:40:50,306 [main] INFO  server.AuthenticationFilter (AuthenticationFilter.java:constructSecretProvider(240)) - Unable to initialize FileSignerSecretProvider, falling back to use random secrets.
2019-09-12 01:40:50,307 [main] WARN  http.HttpRequestLog (HttpRequestLog.java:getRequestLog(97)) - Jetty request log can only be enabled using Log4j
2019-09-12 01:40:50,308 [main] INFO  http.HttpServer2 (HttpServer2.java:addGlobalFilter(975)) - Added global filter 'safety' (class=org.apache.hadoop.http.HttpServer2$QuotingInputFilter)
2019-09-12 01:40:50,308 [main] INFO  http.HttpServer2 (HttpServer2.java:addFilter(948)) - Added filter static_user_filter (class=org.apache.hadoop.http.lib.StaticUserWebFilter$StaticUserFilter) to context hddsDatanode
2019-09-12 01:40:50,309 [main] INFO  http.HttpServer2 (HttpServer2.java:addFilter(958)) - Added filter static_user_filter (class=org.apache.hadoop.http.lib.StaticUserWebFilter$StaticUserFilter) to context logs
2019-09-12 01:40:50,309 [main] INFO  http.HttpServer2 (HttpServer2.java:addFilter(958)) - Added filter static_user_filter (class=org.apache.hadoop.http.lib.StaticUserWebFilter$StaticUserFilter) to context static
2019-09-12 01:40:50,309 [main] INFO  http.HttpServer2 (HttpServer2.java:bindListener(1191)) - Jetty bound to port 45021
2019-09-12 01:40:50,310 [main] INFO  server.Server (Server.java:doStart(351)) - jetty-9.3.24.v20180605, build timestamp: 2018-06-05T17:11:56Z, git hash: 84205aa28f11a4f31f2a3b86d1bba2cc8ab69827
2019-09-12 01:40:50,311 [main] INFO  handler.ContextHandler (ContextHandler.java:doStart(781)) - Started o.e.j.s.ServletContextHandler@1b37fbec{/logs,file:///workdir/hadoop-ozone/integration-test/target/log,AVAILABLE}
2019-09-12 01:40:50,312 [main] INFO  handler.ContextHandler (ContextHandler.java:doStart(781)) - Started o.e.j.s.ServletContextHandler@bb3ecfe{/static,jar:file:/home/user/.m2/repository/org/apache/hadoop/hadoop-hdds-container-service/0.5.0-SNAPSHOT/hadoop-hdds-container-service-0.5.0-SNAPSHOT.jar!/webapps/static,AVAILABLE}
2019-09-12 01:40:50,339 [main] INFO  handler.ContextHandler (ContextHandler.java:doStart(781)) - Started o.e.j.w.WebAppContext@76cdafa3{/,file:///tmp/jetty-0.0.0.0-45021-hddsDatanode-_-any-1414145696384221527.dir/webapp/,AVAILABLE}{/hddsDatanode}
2019-09-12 01:40:50,339 [main] INFO  server.AbstractConnector (AbstractConnector.java:doStart(278)) - Started ServerConnector@6b27b2d0{HTTP/1.1,[http/1.1]}{0.0.0.0:45021}
2019-09-12 01:40:50,343 [main] INFO  server.Server (Server.java:doStart(419)) - Started @218187ms
2019-09-12 01:40:50,343 [main] WARN  impl.MetricsSystemImpl (MetricsSystemImpl.java:register(276)) - Sink prometheus already exists!
2019-09-12 01:40:50,344 [main] INFO  server.BaseHttpServer (BaseHttpServer.java:updateConnectorAddress(215)) - HTTP server of HDDSDATANODE is listening at http://0.0.0.0:45021
2019-09-12 01:40:50,344 [main] INFO  impl.MetricsSystemImpl (MetricsSystemImpl.java:init(158)) - HddsDatanode metrics system started (again)
2019-09-12 01:40:50,363 [org.apache.hadoop.util.JvmPauseMonitor$Monitor@5815e7af] INFO  util.JvmPauseMonitor (JvmPauseMonitor.java:run(188)) - Starting JVM pause monitor
2019-09-12 01:40:50,364 [Datanode State Machine Thread - 0] INFO  datanode.InitDatanodeState (InitDatanodeState.java:persistContainerDatanodeDetails(140)) - DatanodeDetails is persisted to /workdir/hadoop-ozone/integration-test/target/test-dir/MiniOzoneClusterImpl-abc8d6a0-4de7-4118-b7f5-03680b1d5f31/datanode-2/meta/datanode.id
2019-09-12 01:40:50,364 [main] INFO  ozone.HddsDatanodeService (HddsDatanodeService.java:start(184)) - HddsDatanodeService host:pr-hdds-2007-7njtk-1085629304 ip:192.168.5.171
2019-09-12 01:40:50,367 [35dde83a-dc1b-4dac-8609-3afeb2183593:group-90CF44FA079A:LeaderElection60] INFO  impl.LeaderElection (LeaderElection.java:logAndReturn(56)) - 35dde83a-dc1b-4dac-8609-3afeb2183593:group-90CF44FA079A:LeaderElection60: Election REJECTED; received 2 response(s) [35dde83a-dc1b-4dac-8609-3afeb2183593<-666c9d7c-114b-4ab1-832f-607879c4ea44#0:FAIL-t4, 35dde83a-dc1b-4dac-8609-3afeb2183593<-a21081bf-cd3a-4af0-ac7f-4f85472936c0#0:FAIL-t4] and 0 exception(s); 35dde83a-dc1b-4dac-8609-3afeb2183593:t4, leader=null, voted=35dde83a-dc1b-4dac-8609-3afeb2183593, raftlog=35dde83a-dc1b-4dac-8609-3afeb2183593-SegmentedRaftLog:OPENED:c-1,f-1,i0, conf=-1: [666c9d7c-114b-4ab1-832f-607879c4ea44:192.168.5.171:44346, 35dde83a-dc1b-4dac-8609-3afeb2183593:192.168.5.171:45647, a21081bf-cd3a-4af0-ac7f-4f85472936c0:192.168.5.171:40720], old=null
2019-09-12 01:40:50,367 [35dde83a-dc1b-4dac-8609-3afeb2183593:group-90CF44FA079A:LeaderElection60] INFO  impl.RaftServerImpl (RaftServerImpl.java:setRole(171)) - 35dde83a-dc1b-4dac-8609-3afeb2183593:group-90CF44FA079A changes role from CANDIDATE to FOLLOWER at term 4 for DISCOVERED_A_NEW_TERM
2019-09-12 01:40:50,367 [35dde83a-dc1b-4dac-8609-3afeb2183593:group-90CF44FA079A:LeaderElection60] INFO  impl.RoleInfo (RoleInfo.java:shutdownLeaderElection(134)) - 35dde83a-dc1b-4dac-8609-3afeb2183593: shutdown LeaderElection
2019-09-12 01:40:50,367 [35dde83a-dc1b-4dac-8609-3afeb2183593:group-90CF44FA079A:LeaderElection60] INFO  impl.RoleInfo (RoleInfo.java:updateAndGet(143)) - 35dde83a-dc1b-4dac-8609-3afeb2183593: start FollowerState
2019-09-12 01:40:50,376 [main] INFO  volume.HddsVolume (HddsVolume.java:<init>(176)) - Creating Volume: /workdir/hadoop-ozone/integration-test/target/test-dir/MiniOzoneClusterImpl-abc8d6a0-4de7-4118-b7f5-03680b1d5f31/datanode-3/data/containers/hdds of  storage type : DISK and capacity : 1482555576320
2019-09-12 01:40:50,377 [main] INFO  volume.VolumeSet (VolumeSet.java:initializeVolumeSet(170)) - Added Volume : /workdir/hadoop-ozone/integration-test/target/test-dir/MiniOzoneClusterImpl-abc8d6a0-4de7-4118-b7f5-03680b1d5f31/datanode-3/data/containers/hdds to VolumeSet
2019-09-12 01:40:50,377 [main] INFO  volume.ThrottledAsyncChecker (ThrottledAsyncChecker.java:schedule(140)) - Scheduling a check for org.apache.hadoop.ozone.container.common.volume.HddsVolume@111c229c
2019-09-12 01:40:50,377 [main] INFO  volume.HddsVolumeChecker (HddsVolumeChecker.java:checkAllVolumes(203)) - Scheduled health check for volume org.apache.hadoop.ozone.container.common.volume.HddsVolume@111c229c
2019-09-12 01:40:50,392 [main] INFO  impl.RaftServerProxy (ConfUtils.java:logGet(43)) - raft.rpc.type = GRPC (default)
2019-09-12 01:40:50,392 [main] INFO  grpc.GrpcFactory (GrpcFactory.java:checkPooledByteBufAllocatorUseCacheForAllThreads(45)) - PERFORMANCE WARNING: useCacheForAllThreads is true that may cause Netty to create a lot garbage objects and, as a result, trigger GC.
	It is recommended to disable useCacheForAllThreads by setting -Dorg.apache.ratis.thirdparty.io.netty.allocator.useCacheForAllThreads=false in command line.
2019-09-12 01:40:50,393 [main] INFO  grpc.GrpcConfigKeys$Server (ConfUtils.java:logGet(43)) - raft.grpc.server.port = 0 (default)
2019-09-12 01:40:50,393 [main] INFO  server.GrpcService (ConfUtils.java:logGet(43)) - raft.grpc.message.size.max = 33570816 (custom)
2019-09-12 01:40:50,393 [main] INFO  server.RaftServerConfigKeys (ConfUtils.java:logGet(43)) - raft.server.log.appender.buffer.byte-limit = 33554432 (custom)
2019-09-12 01:40:50,393 [main] INFO  server.GrpcService (ConfUtils.java:logGet(43)) - raft.grpc.flow.control.window = 1MB (=1048576) (default)
2019-09-12 01:40:50,393 [main] INFO  server.RaftServerConfigKeys (ConfUtils.java:logGet(43)) - raft.server.rpc.request.timeout = 3000ms (default)
2019-09-12 01:40:50,394 [main] INFO  server.RaftServerConfigKeys (ConfUtils.java:logGet(43)) - raft.server.storage.dir = [/workdir/hadoop-ozone/integration-test/target/test-dir/MiniOzoneClusterImpl-abc8d6a0-4de7-4118-b7f5-03680b1d5f31/datanode-3/data/ratis] (custom)
2019-09-12 01:40:50,395 [main] INFO  hdfs.DFSUtil (DFSUtil.java:httpServerTemplateForNNAndJN(1641)) - Starting Web-server for hddsDatanode at: http://0.0.0.0:0
2019-09-12 01:40:50,397 [main] INFO  server.AuthenticationFilter (AuthenticationFilter.java:constructSecretProvider(240)) - Unable to initialize FileSignerSecretProvider, falling back to use random secrets.
2019-09-12 01:40:50,397 [main] WARN  http.HttpRequestLog (HttpRequestLog.java:getRequestLog(97)) - Jetty request log can only be enabled using Log4j
2019-09-12 01:40:50,399 [main] INFO  http.HttpServer2 (HttpServer2.java:addGlobalFilter(975)) - Added global filter 'safety' (class=org.apache.hadoop.http.HttpServer2$QuotingInputFilter)
2019-09-12 01:40:50,399 [main] INFO  http.HttpServer2 (HttpServer2.java:addFilter(948)) - Added filter static_user_filter (class=org.apache.hadoop.http.lib.StaticUserWebFilter$StaticUserFilter) to context hddsDatanode
2019-09-12 01:40:50,399 [main] INFO  http.HttpServer2 (HttpServer2.java:addFilter(958)) - Added filter static_user_filter (class=org.apache.hadoop.http.lib.StaticUserWebFilter$StaticUserFilter) to context static
2019-09-12 01:40:50,399 [main] INFO  http.HttpServer2 (HttpServer2.java:addFilter(958)) - Added filter static_user_filter (class=org.apache.hadoop.http.lib.StaticUserWebFilter$StaticUserFilter) to context logs
2019-09-12 01:40:50,400 [main] INFO  http.HttpServer2 (HttpServer2.java:bindListener(1191)) - Jetty bound to port 46712
2019-09-12 01:40:50,400 [main] INFO  server.Server (Server.java:doStart(351)) - jetty-9.3.24.v20180605, build timestamp: 2018-06-05T17:11:56Z, git hash: 84205aa28f11a4f31f2a3b86d1bba2cc8ab69827
2019-09-12 01:40:50,403 [main] INFO  handler.ContextHandler (ContextHandler.java:doStart(781)) - Started o.e.j.s.ServletContextHandler@20440c6c{/logs,file:///workdir/hadoop-ozone/integration-test/target/log,AVAILABLE}
2019-09-12 01:40:50,403 [main] INFO  handler.ContextHandler (ContextHandler.java:doStart(781)) - Started o.e.j.s.ServletContextHandler@560271a1{/static,jar:file:/home/user/.m2/repository/org/apache/hadoop/hadoop-hdds-container-service/0.5.0-SNAPSHOT/hadoop-hdds-container-service-0.5.0-SNAPSHOT.jar!/webapps/static,AVAILABLE}
2019-09-12 01:40:50,445 [main] INFO  handler.ContextHandler (ContextHandler.java:doStart(781)) - Started o.e.j.w.WebAppContext@e62319f{/,file:///tmp/jetty-0.0.0.0-46712-hddsDatanode-_-any-3297434546769712280.dir/webapp/,AVAILABLE}{/hddsDatanode}
2019-09-12 01:40:50,445 [main] INFO  server.AbstractConnector (AbstractConnector.java:doStart(278)) - Started ServerConnector@4d354a3e{HTTP/1.1,[http/1.1]}{0.0.0.0:46712}
2019-09-12 01:40:50,449 [main] INFO  server.Server (Server.java:doStart(419)) - Started @218293ms
2019-09-12 01:40:50,449 [main] WARN  impl.MetricsSystemImpl (MetricsSystemImpl.java:register(276)) - Sink prometheus already exists!
2019-09-12 01:40:50,450 [main] INFO  server.BaseHttpServer (BaseHttpServer.java:updateConnectorAddress(215)) - HTTP server of HDDSDATANODE is listening at http://0.0.0.0:46712
2019-09-12 01:40:50,451 [main] INFO  impl.MetricsSystemImpl (MetricsSystemImpl.java:init(158)) - HddsDatanode metrics system started (again)
2019-09-12 01:40:50,478 [org.apache.hadoop.util.JvmPauseMonitor$Monitor@7b30b988] INFO  util.JvmPauseMonitor (JvmPauseMonitor.java:run(188)) - Starting JVM pause monitor
2019-09-12 01:40:50,479 [Datanode State Machine Thread - 0] INFO  datanode.InitDatanodeState (InitDatanodeState.java:persistContainerDatanodeDetails(140)) - DatanodeDetails is persisted to /workdir/hadoop-ozone/integration-test/target/test-dir/MiniOzoneClusterImpl-abc8d6a0-4de7-4118-b7f5-03680b1d5f31/datanode-3/meta/datanode.id
2019-09-12 01:40:50,480 [main] INFO  ozone.HddsDatanodeService (HddsDatanodeService.java:start(184)) - HddsDatanodeService host:pr-hdds-2007-7njtk-1085629304 ip:192.168.5.171
2019-09-12 01:40:50,493 [main] INFO  volume.HddsVolume (HddsVolume.java:<init>(176)) - Creating Volume: /workdir/hadoop-ozone/integration-test/target/test-dir/MiniOzoneClusterImpl-abc8d6a0-4de7-4118-b7f5-03680b1d5f31/datanode-4/data/containers/hdds of  storage type : DISK and capacity : 1482555576320
2019-09-12 01:40:50,493 [main] INFO  volume.VolumeSet (VolumeSet.java:initializeVolumeSet(170)) - Added Volume : /workdir/hadoop-ozone/integration-test/target/test-dir/MiniOzoneClusterImpl-abc8d6a0-4de7-4118-b7f5-03680b1d5f31/datanode-4/data/containers/hdds to VolumeSet
2019-09-12 01:40:50,494 [main] INFO  volume.ThrottledAsyncChecker (ThrottledAsyncChecker.java:schedule(140)) - Scheduling a check for org.apache.hadoop.ozone.container.common.volume.HddsVolume@1511d157
2019-09-12 01:40:50,494 [main] INFO  volume.HddsVolumeChecker (HddsVolumeChecker.java:checkAllVolumes(203)) - Scheduled health check for volume org.apache.hadoop.ozone.container.common.volume.HddsVolume@1511d157
2019-09-12 01:40:50,515 [main] INFO  impl.RaftServerProxy (ConfUtils.java:logGet(43)) - raft.rpc.type = GRPC (default)
2019-09-12 01:40:50,516 [main] INFO  grpc.GrpcFactory (GrpcFactory.java:checkPooledByteBufAllocatorUseCacheForAllThreads(45)) - PERFORMANCE WARNING: useCacheForAllThreads is true that may cause Netty to create a lot garbage objects and, as a result, trigger GC.
	It is recommended to disable useCacheForAllThreads by setting -Dorg.apache.ratis.thirdparty.io.netty.allocator.useCacheForAllThreads=false in command line.
2019-09-12 01:40:50,516 [main] INFO  grpc.GrpcConfigKeys$Server (ConfUtils.java:logGet(43)) - raft.grpc.server.port = 0 (default)
2019-09-12 01:40:50,516 [main] INFO  server.GrpcService (ConfUtils.java:logGet(43)) - raft.grpc.message.size.max = 33570816 (custom)
2019-09-12 01:40:50,516 [main] INFO  server.RaftServerConfigKeys (ConfUtils.java:logGet(43)) - raft.server.log.appender.buffer.byte-limit = 33554432 (custom)
2019-09-12 01:40:50,517 [main] INFO  server.GrpcService (ConfUtils.java:logGet(43)) - raft.grpc.flow.control.window = 1MB (=1048576) (default)
2019-09-12 01:40:50,517 [main] INFO  server.RaftServerConfigKeys (ConfUtils.java:logGet(43)) - raft.server.rpc.request.timeout = 3000ms (default)
2019-09-12 01:40:50,517 [main] INFO  server.RaftServerConfigKeys (ConfUtils.java:logGet(43)) - raft.server.storage.dir = [/workdir/hadoop-ozone/integration-test/target/test-dir/MiniOzoneClusterImpl-abc8d6a0-4de7-4118-b7f5-03680b1d5f31/datanode-4/data/ratis] (custom)
2019-09-12 01:40:50,519 [main] INFO  hdfs.DFSUtil (DFSUtil.java:httpServerTemplateForNNAndJN(1641)) - Starting Web-server for hddsDatanode at: http://0.0.0.0:0
2019-09-12 01:40:50,520 [main] INFO  server.AuthenticationFilter (AuthenticationFilter.java:constructSecretProvider(240)) - Unable to initialize FileSignerSecretProvider, falling back to use random secrets.
2019-09-12 01:40:50,521 [main] WARN  http.HttpRequestLog (HttpRequestLog.java:getRequestLog(97)) - Jetty request log can only be enabled using Log4j
2019-09-12 01:40:50,522 [main] INFO  http.HttpServer2 (HttpServer2.java:addGlobalFilter(975)) - Added global filter 'safety' (class=org.apache.hadoop.http.HttpServer2$QuotingInputFilter)
2019-09-12 01:40:50,523 [main] INFO  http.HttpServer2 (HttpServer2.java:addFilter(948)) - Added filter static_user_filter (class=org.apache.hadoop.http.lib.StaticUserWebFilter$StaticUserFilter) to context hddsDatanode
2019-09-12 01:40:50,523 [main] INFO  http.HttpServer2 (HttpServer2.java:addFilter(958)) - Added filter static_user_filter (class=org.apache.hadoop.http.lib.StaticUserWebFilter$StaticUserFilter) to context logs
2019-09-12 01:40:50,523 [main] INFO  http.HttpServer2 (HttpServer2.java:addFilter(958)) - Added filter static_user_filter (class=org.apache.hadoop.http.lib.StaticUserWebFilter$StaticUserFilter) to context static
2019-09-12 01:40:50,524 [main] INFO  http.HttpServer2 (HttpServer2.java:bindListener(1191)) - Jetty bound to port 36486
2019-09-12 01:40:50,524 [main] INFO  server.Server (Server.java:doStart(351)) - jetty-9.3.24.v20180605, build timestamp: 2018-06-05T17:11:56Z, git hash: 84205aa28f11a4f31f2a3b86d1bba2cc8ab69827
2019-09-12 01:40:50,526 [main] INFO  handler.ContextHandler (ContextHandler.java:doStart(781)) - Started o.e.j.s.ServletContextHandler@1e40fbb3{/logs,file:///workdir/hadoop-ozone/integration-test/target/log,AVAILABLE}
2019-09-12 01:40:50,527 [main] INFO  handler.ContextHandler (ContextHandler.java:doStart(781)) - Started o.e.j.s.ServletContextHandler@9e02f84{/static,jar:file:/home/user/.m2/repository/org/apache/hadoop/hadoop-hdds-container-service/0.5.0-SNAPSHOT/hadoop-hdds-container-service-0.5.0-SNAPSHOT.jar!/webapps/static,AVAILABLE}
2019-09-12 01:40:50,559 [main] INFO  handler.ContextHandler (ContextHandler.java:doStart(781)) - Started o.e.j.w.WebAppContext@7aded903{/,file:///tmp/jetty-0.0.0.0-36486-hddsDatanode-_-any-5240328840502398301.dir/webapp/,AVAILABLE}{/hddsDatanode}
2019-09-12 01:40:50,559 [main] INFO  server.AbstractConnector (AbstractConnector.java:doStart(278)) - Started ServerConnector@2db86a7c{HTTP/1.1,[http/1.1]}{0.0.0.0:36486}
2019-09-12 01:40:50,563 [main] INFO  server.Server (Server.java:doStart(419)) - Started @218406ms
2019-09-12 01:40:50,563 [main] WARN  impl.MetricsSystemImpl (MetricsSystemImpl.java:register(276)) - Sink prometheus already exists!
2019-09-12 01:40:50,564 [main] INFO  server.BaseHttpServer (BaseHttpServer.java:updateConnectorAddress(215)) - HTTP server of HDDSDATANODE is listening at http://0.0.0.0:36486
2019-09-12 01:40:50,564 [main] INFO  impl.MetricsSystemImpl (MetricsSystemImpl.java:init(158)) - HddsDatanode metrics system started (again)
2019-09-12 01:40:50,594 [org.apache.hadoop.util.JvmPauseMonitor$Monitor@42034ffc] INFO  util.JvmPauseMonitor (JvmPauseMonitor.java:run(188)) - Starting JVM pause monitor
2019-09-12 01:40:50,594 [Datanode State Machine Thread - 0] INFO  datanode.InitDatanodeState (InitDatanodeState.java:persistContainerDatanodeDetails(140)) - DatanodeDetails is persisted to /workdir/hadoop-ozone/integration-test/target/test-dir/MiniOzoneClusterImpl-abc8d6a0-4de7-4118-b7f5-03680b1d5f31/datanode-4/meta/datanode.id
2019-09-12 01:40:50,597 [main] INFO  ozone.HddsDatanodeService (HddsDatanodeService.java:start(184)) - HddsDatanodeService host:pr-hdds-2007-7njtk-1085629304 ip:192.168.5.171
2019-09-12 01:40:50,609 [main] INFO  volume.HddsVolume (HddsVolume.java:<init>(176)) - Creating Volume: /workdir/hadoop-ozone/integration-test/target/test-dir/MiniOzoneClusterImpl-abc8d6a0-4de7-4118-b7f5-03680b1d5f31/datanode-5/data/containers/hdds of  storage type : DISK and capacity : 1482555576320
2019-09-12 01:40:50,609 [main] INFO  volume.VolumeSet (VolumeSet.java:initializeVolumeSet(170)) - Added Volume : /workdir/hadoop-ozone/integration-test/target/test-dir/MiniOzoneClusterImpl-abc8d6a0-4de7-4118-b7f5-03680b1d5f31/datanode-5/data/containers/hdds to VolumeSet
2019-09-12 01:40:50,610 [main] INFO  volume.ThrottledAsyncChecker (ThrottledAsyncChecker.java:schedule(140)) - Scheduling a check for org.apache.hadoop.ozone.container.common.volume.HddsVolume@611d0763
2019-09-12 01:40:50,610 [main] INFO  volume.HddsVolumeChecker (HddsVolumeChecker.java:checkAllVolumes(203)) - Scheduled health check for volume org.apache.hadoop.ozone.container.common.volume.HddsVolume@611d0763
2019-09-12 01:40:50,630 [main] INFO  impl.RaftServerProxy (ConfUtils.java:logGet(43)) - raft.rpc.type = GRPC (default)
2019-09-12 01:40:50,631 [main] INFO  grpc.GrpcFactory (GrpcFactory.java:checkPooledByteBufAllocatorUseCacheForAllThreads(45)) - PERFORMANCE WARNING: useCacheForAllThreads is true that may cause Netty to create a lot garbage objects and, as a result, trigger GC.
	It is recommended to disable useCacheForAllThreads by setting -Dorg.apache.ratis.thirdparty.io.netty.allocator.useCacheForAllThreads=false in command line.
2019-09-12 01:40:50,631 [main] INFO  grpc.GrpcConfigKeys$Server (ConfUtils.java:logGet(43)) - raft.grpc.server.port = 0 (default)
2019-09-12 01:40:50,631 [main] INFO  server.GrpcService (ConfUtils.java:logGet(43)) - raft.grpc.message.size.max = 33570816 (custom)
2019-09-12 01:40:50,631 [main] INFO  server.RaftServerConfigKeys (ConfUtils.java:logGet(43)) - raft.server.log.appender.buffer.byte-limit = 33554432 (custom)
2019-09-12 01:40:50,632 [main] INFO  server.GrpcService (ConfUtils.java:logGet(43)) - raft.grpc.flow.control.window = 1MB (=1048576) (default)
2019-09-12 01:40:50,632 [main] INFO  server.RaftServerConfigKeys (ConfUtils.java:logGet(43)) - raft.server.rpc.request.timeout = 3000ms (default)
2019-09-12 01:40:50,632 [main] INFO  server.RaftServerConfigKeys (ConfUtils.java:logGet(43)) - raft.server.storage.dir = [/workdir/hadoop-ozone/integration-test/target/test-dir/MiniOzoneClusterImpl-abc8d6a0-4de7-4118-b7f5-03680b1d5f31/datanode-5/data/ratis] (custom)
2019-09-12 01:40:50,634 [main] INFO  hdfs.DFSUtil (DFSUtil.java:httpServerTemplateForNNAndJN(1641)) - Starting Web-server for hddsDatanode at: http://0.0.0.0:0
2019-09-12 01:40:50,635 [main] INFO  server.AuthenticationFilter (AuthenticationFilter.java:constructSecretProvider(240)) - Unable to initialize FileSignerSecretProvider, falling back to use random secrets.
2019-09-12 01:40:50,636 [main] WARN  http.HttpRequestLog (HttpRequestLog.java:getRequestLog(97)) - Jetty request log can only be enabled using Log4j
2019-09-12 01:40:50,637 [main] INFO  http.HttpServer2 (HttpServer2.java:addGlobalFilter(975)) - Added global filter 'safety' (class=org.apache.hadoop.http.HttpServer2$QuotingInputFilter)
2019-09-12 01:40:50,638 [main] INFO  http.HttpServer2 (HttpServer2.java:addFilter(948)) - Added filter static_user_filter (class=org.apache.hadoop.http.lib.StaticUserWebFilter$StaticUserFilter) to context hddsDatanode
2019-09-12 01:40:50,638 [main] INFO  http.HttpServer2 (HttpServer2.java:addFilter(958)) - Added filter static_user_filter (class=org.apache.hadoop.http.lib.StaticUserWebFilter$StaticUserFilter) to context logs
2019-09-12 01:40:50,639 [main] INFO  http.HttpServer2 (HttpServer2.java:addFilter(958)) - Added filter static_user_filter (class=org.apache.hadoop.http.lib.StaticUserWebFilter$StaticUserFilter) to context static
2019-09-12 01:40:50,639 [main] INFO  http.HttpServer2 (HttpServer2.java:bindListener(1191)) - Jetty bound to port 33278
2019-09-12 01:40:50,640 [main] INFO  server.Server (Server.java:doStart(351)) - jetty-9.3.24.v20180605, build timestamp: 2018-06-05T17:11:56Z, git hash: 84205aa28f11a4f31f2a3b86d1bba2cc8ab69827
2019-09-12 01:40:50,642 [main] INFO  handler.ContextHandler (ContextHandler.java:doStart(781)) - Started o.e.j.s.ServletContextHandler@4f1afe8f{/logs,file:///workdir/hadoop-ozone/integration-test/target/log,AVAILABLE}
2019-09-12 01:40:50,642 [main] INFO  handler.ContextHandler (ContextHandler.java:doStart(781)) - Started o.e.j.s.ServletContextHandler@443a06ad{/static,jar:file:/home/user/.m2/repository/org/apache/hadoop/hadoop-hdds-container-service/0.5.0-SNAPSHOT/hadoop-hdds-container-service-0.5.0-SNAPSHOT.jar!/webapps/static,AVAILABLE}
2019-09-12 01:40:50,676 [main] INFO  handler.ContextHandler (ContextHandler.java:doStart(781)) - Started o.e.j.w.WebAppContext@640d604{/,file:///tmp/jetty-0.0.0.0-33278-hddsDatanode-_-any-6805973938294998071.dir/webapp/,AVAILABLE}{/hddsDatanode}
2019-09-12 01:40:50,676 [main] INFO  server.AbstractConnector (AbstractConnector.java:doStart(278)) - Started ServerConnector@62cbc478{HTTP/1.1,[http/1.1]}{0.0.0.0:33278}
2019-09-12 01:40:50,681 [main] INFO  server.Server (Server.java:doStart(419)) - Started @218524ms
2019-09-12 01:40:50,681 [main] WARN  impl.MetricsSystemImpl (MetricsSystemImpl.java:register(276)) - Sink prometheus already exists!
2019-09-12 01:40:50,682 [main] INFO  server.BaseHttpServer (BaseHttpServer.java:updateConnectorAddress(215)) - HTTP server of HDDSDATANODE is listening at http://0.0.0.0:33278
2019-09-12 01:40:50,682 [main] INFO  impl.MetricsSystemImpl (MetricsSystemImpl.java:init(158)) - HddsDatanode metrics system started (again)
2019-09-12 01:40:50,707 [org.apache.hadoop.util.JvmPauseMonitor$Monitor@37a434fd] INFO  util.JvmPauseMonitor (JvmPauseMonitor.java:run(188)) - Starting JVM pause monitor
2019-09-12 01:40:50,708 [Datanode State Machine Thread - 0] INFO  datanode.InitDatanodeState (InitDatanodeState.java:persistContainerDatanodeDetails(140)) - DatanodeDetails is persisted to /workdir/hadoop-ozone/integration-test/target/test-dir/MiniOzoneClusterImpl-abc8d6a0-4de7-4118-b7f5-03680b1d5f31/datanode-5/meta/datanode.id
2019-09-12 01:40:50,710 [main] INFO  ozone.HddsDatanodeService (HddsDatanodeService.java:start(184)) - HddsDatanodeService host:pr-hdds-2007-7njtk-1085629304 ip:192.168.5.171
2019-09-12 01:40:50,722 [main] INFO  volume.HddsVolume (HddsVolume.java:<init>(176)) - Creating Volume: /workdir/hadoop-ozone/integration-test/target/test-dir/MiniOzoneClusterImpl-abc8d6a0-4de7-4118-b7f5-03680b1d5f31/datanode-6/data/containers/hdds of  storage type : DISK and capacity : 1482555576320
2019-09-12 01:40:50,722 [main] INFO  volume.VolumeSet (VolumeSet.java:initializeVolumeSet(170)) - Added Volume : /workdir/hadoop-ozone/integration-test/target/test-dir/MiniOzoneClusterImpl-abc8d6a0-4de7-4118-b7f5-03680b1d5f31/datanode-6/data/containers/hdds to VolumeSet
2019-09-12 01:40:50,722 [main] INFO  volume.ThrottledAsyncChecker (ThrottledAsyncChecker.java:schedule(140)) - Scheduling a check for org.apache.hadoop.ozone.container.common.volume.HddsVolume@2ca54da9
2019-09-12 01:40:50,723 [main] INFO  volume.HddsVolumeChecker (HddsVolumeChecker.java:checkAllVolumes(203)) - Scheduled health check for volume org.apache.hadoop.ozone.container.common.volume.HddsVolume@2ca54da9
2019-09-12 01:40:50,739 [main] INFO  impl.RaftServerProxy (ConfUtils.java:logGet(43)) - raft.rpc.type = GRPC (default)
2019-09-12 01:40:50,740 [main] INFO  grpc.GrpcFactory (GrpcFactory.java:checkPooledByteBufAllocatorUseCacheForAllThreads(45)) - PERFORMANCE WARNING: useCacheForAllThreads is true that may cause Netty to create a lot garbage objects and, as a result, trigger GC.
	It is recommended to disable useCacheForAllThreads by setting -Dorg.apache.ratis.thirdparty.io.netty.allocator.useCacheForAllThreads=false in command line.
2019-09-12 01:40:50,740 [main] INFO  grpc.GrpcConfigKeys$Server (ConfUtils.java:logGet(43)) - raft.grpc.server.port = 0 (default)
2019-09-12 01:40:50,740 [main] INFO  server.GrpcService (ConfUtils.java:logGet(43)) - raft.grpc.message.size.max = 33570816 (custom)
2019-09-12 01:40:50,740 [main] INFO  server.RaftServerConfigKeys (ConfUtils.java:logGet(43)) - raft.server.log.appender.buffer.byte-limit = 33554432 (custom)
2019-09-12 01:40:50,741 [main] INFO  server.GrpcService (ConfUtils.java:logGet(43)) - raft.grpc.flow.control.window = 1MB (=1048576) (default)
2019-09-12 01:40:50,741 [main] INFO  server.RaftServerConfigKeys (ConfUtils.java:logGet(43)) - raft.server.rpc.request.timeout = 3000ms (default)
2019-09-12 01:40:50,741 [main] INFO  server.RaftServerConfigKeys (ConfUtils.java:logGet(43)) - raft.server.storage.dir = [/workdir/hadoop-ozone/integration-test/target/test-dir/MiniOzoneClusterImpl-abc8d6a0-4de7-4118-b7f5-03680b1d5f31/datanode-6/data/ratis] (custom)
2019-09-12 01:40:50,742 [main] INFO  hdfs.DFSUtil (DFSUtil.java:httpServerTemplateForNNAndJN(1641)) - Starting Web-server for hddsDatanode at: http://0.0.0.0:0
2019-09-12 01:40:50,744 [main] INFO  server.AuthenticationFilter (AuthenticationFilter.java:constructSecretProvider(240)) - Unable to initialize FileSignerSecretProvider, falling back to use random secrets.
2019-09-12 01:40:50,744 [main] WARN  http.HttpRequestLog (HttpRequestLog.java:getRequestLog(97)) - Jetty request log can only be enabled using Log4j
2019-09-12 01:40:50,746 [main] INFO  http.HttpServer2 (HttpServer2.java:addGlobalFilter(975)) - Added global filter 'safety' (class=org.apache.hadoop.http.HttpServer2$QuotingInputFilter)
2019-09-12 01:40:50,746 [main] INFO  http.HttpServer2 (HttpServer2.java:addFilter(948)) - Added filter static_user_filter (class=org.apache.hadoop.http.lib.StaticUserWebFilter$StaticUserFilter) to context hddsDatanode
2019-09-12 01:40:50,746 [main] INFO  http.HttpServer2 (HttpServer2.java:addFilter(958)) - Added filter static_user_filter (class=org.apache.hadoop.http.lib.StaticUserWebFilter$StaticUserFilter) to context static
2019-09-12 01:40:50,746 [main] INFO  http.HttpServer2 (HttpServer2.java:addFilter(958)) - Added filter static_user_filter (class=org.apache.hadoop.http.lib.StaticUserWebFilter$StaticUserFilter) to context logs
2019-09-12 01:40:50,747 [main] INFO  http.HttpServer2 (HttpServer2.java:bindListener(1191)) - Jetty bound to port 44428
2019-09-12 01:40:50,747 [main] INFO  server.Server (Server.java:doStart(351)) - jetty-9.3.24.v20180605, build timestamp: 2018-06-05T17:11:56Z, git hash: 84205aa28f11a4f31f2a3b86d1bba2cc8ab69827
2019-09-12 01:40:50,754 [main] INFO  handler.ContextHandler (ContextHandler.java:doStart(781)) - Started o.e.j.s.ServletContextHandler@26f0141{/logs,file:///workdir/hadoop-ozone/integration-test/target/log,AVAILABLE}
2019-09-12 01:40:50,755 [main] INFO  handler.ContextHandler (ContextHandler.java:doStart(781)) - Started o.e.j.s.ServletContextHandler@6de7778f{/static,jar:file:/home/user/.m2/repository/org/apache/hadoop/hadoop-hdds-container-service/0.5.0-SNAPSHOT/hadoop-hdds-container-service-0.5.0-SNAPSHOT.jar!/webapps/static,AVAILABLE}
2019-09-12 01:40:50,782 [main] INFO  handler.ContextHandler (ContextHandler.java:doStart(781)) - Started o.e.j.w.WebAppContext@538a2f0e{/,file:///tmp/jetty-0.0.0.0-44428-hddsDatanode-_-any-3347546664518690423.dir/webapp/,AVAILABLE}{/hddsDatanode}
2019-09-12 01:40:50,782 [main] INFO  server.AbstractConnector (AbstractConnector.java:doStart(278)) - Started ServerConnector@d2708a7{HTTP/1.1,[http/1.1]}{0.0.0.0:44428}
2019-09-12 01:40:50,785 [main] INFO  server.Server (Server.java:doStart(419)) - Started @218629ms
2019-09-12 01:40:50,785 [main] WARN  impl.MetricsSystemImpl (MetricsSystemImpl.java:register(276)) - Sink prometheus already exists!
2019-09-12 01:40:50,786 [main] INFO  server.BaseHttpServer (BaseHttpServer.java:updateConnectorAddress(215)) - HTTP server of HDDSDATANODE is listening at http://0.0.0.0:44428
2019-09-12 01:40:50,786 [main] INFO  ozone.MiniOzoneClusterImpl (MiniOzoneClusterImpl.java:lambda$waitForClusterToBeReady$0(145)) - Waiting for cluster to be ready. Got 0 of 7 DN Heartbeats.
2019-09-12 01:40:50,788 [org.apache.hadoop.util.JvmPauseMonitor$Monitor@72fc17cd] INFO  util.JvmPauseMonitor (JvmPauseMonitor.java:run(188)) - Starting JVM pause monitor
2019-09-12 01:40:50,789 [Datanode State Machine Thread - 0] INFO  datanode.InitDatanodeState (InitDatanodeState.java:persistContainerDatanodeDetails(140)) - DatanodeDetails is persisted to /workdir/hadoop-ozone/integration-test/target/test-dir/MiniOzoneClusterImpl-abc8d6a0-4de7-4118-b7f5-03680b1d5f31/datanode-6/meta/datanode.id
2019-09-12 01:40:51,787 [main] INFO  ozone.MiniOzoneClusterImpl (MiniOzoneClusterImpl.java:lambda$waitForClusterToBeReady$0(145)) - Waiting for cluster to be ready. Got 0 of 7 DN Heartbeats.
2019-09-12 01:40:52,230 [Datanode State Machine Thread - 0] INFO  ozoneimpl.OzoneContainer (OzoneContainer.java:start(201)) - Attempting to start container services.
2019-09-12 01:40:52,230 [Datanode State Machine Thread - 0] INFO  ozoneimpl.OzoneContainer (OzoneContainer.java:startContainerScrub(175)) - Background container scrubber has been disabled by hdds.containerscrub.enabled
2019-09-12 01:40:52,230 [Datanode State Machine Thread - 0] INFO  ratis.XceiverServerRatis (XceiverServerRatis.java:start(393)) - Starting XceiverServerRatis 5064e46d-2f39-4360-9715-89395492d4a7 at port 0
2019-09-12 01:40:52,237 [Datanode State Machine Thread - 0] INFO  impl.RaftServerProxy (RaftServerProxy.java:lambda$start$3(299)) - 5064e46d-2f39-4360-9715-89395492d4a7: start RPC server
2019-09-12 01:40:52,250 [Datanode State Machine Thread - 0] INFO  server.GrpcService (GrpcService.java:startImpl(149)) - 5064e46d-2f39-4360-9715-89395492d4a7: GrpcService started, listening on 0.0.0.0/0.0.0.0:38496
2019-09-12 01:40:52,250 [Datanode State Machine Thread - 0] INFO  ratis.XceiverServerRatis (XceiverServerRatis.java:start(403)) - XceiverServerRatis 5064e46d-2f39-4360-9715-89395492d4a7 is started using port 38496
2019-09-12 01:40:52,251 [Datanode State Machine Thread - 0] INFO  server.XceiverServerGrpc (XceiverServerGrpc.java:start(163)) - XceiverServerGrpc 5064e46d-2f39-4360-9715-89395492d4a7 is started using port 45107
2019-09-12 01:40:52,303 [Datanode State Machine Thread - 0] INFO  ozoneimpl.OzoneContainer (OzoneContainer.java:start(201)) - Attempting to start container services.
2019-09-12 01:40:52,303 [Datanode State Machine Thread - 0] INFO  ozoneimpl.OzoneContainer (OzoneContainer.java:startContainerScrub(175)) - Background container scrubber has been disabled by hdds.containerscrub.enabled
2019-09-12 01:40:52,304 [Datanode State Machine Thread - 0] INFO  ratis.XceiverServerRatis (XceiverServerRatis.java:start(393)) - Starting XceiverServerRatis d649c276-746f-471c-853f-e4f93cee865e at port 0
2019-09-12 01:40:52,309 [Datanode State Machine Thread - 0] INFO  impl.RaftServerProxy (RaftServerProxy.java:lambda$start$3(299)) - d649c276-746f-471c-853f-e4f93cee865e: start RPC server
2019-09-12 01:40:52,313 [Datanode State Machine Thread - 0] INFO  server.GrpcService (GrpcService.java:startImpl(149)) - d649c276-746f-471c-853f-e4f93cee865e: GrpcService started, listening on 0.0.0.0/0.0.0.0:44186
2019-09-12 01:40:52,313 [Datanode State Machine Thread - 0] INFO  ratis.XceiverServerRatis (XceiverServerRatis.java:start(403)) - XceiverServerRatis d649c276-746f-471c-853f-e4f93cee865e is started using port 44186
2019-09-12 01:40:52,313 [Datanode State Machine Thread - 0] INFO  server.XceiverServerGrpc (XceiverServerGrpc.java:start(163)) - XceiverServerGrpc d649c276-746f-471c-853f-e4f93cee865e is started using port 38540
2019-09-12 01:40:52,376 [Datanode State Machine Thread - 0] INFO  ozoneimpl.OzoneContainer (OzoneContainer.java:start(201)) - Attempting to start container services.
2019-09-12 01:40:52,376 [Datanode State Machine Thread - 0] INFO  ozoneimpl.OzoneContainer (OzoneContainer.java:startContainerScrub(175)) - Background container scrubber has been disabled by hdds.containerscrub.enabled
2019-09-12 01:40:52,376 [Datanode State Machine Thread - 0] INFO  ratis.XceiverServerRatis (XceiverServerRatis.java:start(393)) - Starting XceiverServerRatis 33ab51e1-850e-4e00-b198-bc2fea023149 at port 0
2019-09-12 01:40:52,382 [Datanode State Machine Thread - 0] INFO  impl.RaftServerProxy (RaftServerProxy.java:lambda$start$3(299)) - 33ab51e1-850e-4e00-b198-bc2fea023149: start RPC server
2019-09-12 01:40:52,385 [Datanode State Machine Thread - 0] INFO  server.GrpcService (GrpcService.java:startImpl(149)) - 33ab51e1-850e-4e00-b198-bc2fea023149: GrpcService started, listening on 0.0.0.0/0.0.0.0:33951
2019-09-12 01:40:52,386 [Datanode State Machine Thread - 0] INFO  ratis.XceiverServerRatis (XceiverServerRatis.java:start(403)) - XceiverServerRatis 33ab51e1-850e-4e00-b198-bc2fea023149 is started using port 33951
2019-09-12 01:40:52,386 [Datanode State Machine Thread - 0] INFO  server.XceiverServerGrpc (XceiverServerGrpc.java:start(163)) - XceiverServerGrpc 33ab51e1-850e-4e00-b198-bc2fea023149 is started using port 41836
2019-09-12 01:40:52,504 [Datanode State Machine Thread - 0] INFO  ozoneimpl.OzoneContainer (OzoneContainer.java:start(201)) - Attempting to start container services.
2019-09-12 01:40:52,504 [Datanode State Machine Thread - 0] INFO  ozoneimpl.OzoneContainer (OzoneContainer.java:startContainerScrub(175)) - Background container scrubber has been disabled by hdds.containerscrub.enabled
2019-09-12 01:40:52,504 [Datanode State Machine Thread - 0] INFO  ratis.XceiverServerRatis (XceiverServerRatis.java:start(393)) - Starting XceiverServerRatis 6b3955da-b50a-448e-98f8-bfdbc3037ace at port 0
2019-09-12 01:40:52,512 [Datanode State Machine Thread - 0] INFO  impl.RaftServerProxy (RaftServerProxy.java:lambda$start$3(299)) - 6b3955da-b50a-448e-98f8-bfdbc3037ace: start RPC server
2019-09-12 01:40:52,515 [Datanode State Machine Thread - 0] INFO  server.GrpcService (GrpcService.java:startImpl(149)) - 6b3955da-b50a-448e-98f8-bfdbc3037ace: GrpcService started, listening on 0.0.0.0/0.0.0.0:43353
2019-09-12 01:40:52,515 [Datanode State Machine Thread - 0] INFO  ratis.XceiverServerRatis (XceiverServerRatis.java:start(403)) - XceiverServerRatis 6b3955da-b50a-448e-98f8-bfdbc3037ace is started using port 43353
2019-09-12 01:40:52,517 [Datanode State Machine Thread - 0] INFO  server.XceiverServerGrpc (XceiverServerGrpc.java:start(163)) - XceiverServerGrpc 6b3955da-b50a-448e-98f8-bfdbc3037ace is started using port 43969
2019-09-12 01:40:52,636 [Datanode State Machine Thread - 0] INFO  ozoneimpl.OzoneContainer (OzoneContainer.java:start(201)) - Attempting to start container services.
2019-09-12 01:40:52,637 [Datanode State Machine Thread - 0] INFO  ozoneimpl.OzoneContainer (OzoneContainer.java:startContainerScrub(175)) - Background container scrubber has been disabled by hdds.containerscrub.enabled
2019-09-12 01:40:52,637 [Datanode State Machine Thread - 0] INFO  ratis.XceiverServerRatis (XceiverServerRatis.java:start(393)) - Starting XceiverServerRatis 26459f3f-5ead-418f-8158-5a2d7bcad176 at port 0
2019-09-12 01:40:52,646 [Datanode State Machine Thread - 0] INFO  impl.RaftServerProxy (RaftServerProxy.java:lambda$start$3(299)) - 26459f3f-5ead-418f-8158-5a2d7bcad176: start RPC server
2019-09-12 01:40:52,647 [Datanode State Machine Thread - 0] INFO  server.GrpcService (GrpcService.java:startImpl(149)) - 26459f3f-5ead-418f-8158-5a2d7bcad176: GrpcService started, listening on 0.0.0.0/0.0.0.0:43955
2019-09-12 01:40:52,647 [Datanode State Machine Thread - 0] INFO  ratis.XceiverServerRatis (XceiverServerRatis.java:start(403)) - XceiverServerRatis 26459f3f-5ead-418f-8158-5a2d7bcad176 is started using port 43955
2019-09-12 01:40:52,648 [Datanode State Machine Thread - 0] INFO  server.XceiverServerGrpc (XceiverServerGrpc.java:start(163)) - XceiverServerGrpc 26459f3f-5ead-418f-8158-5a2d7bcad176 is started using port 38887
2019-09-12 01:40:52,739 [Datanode State Machine Thread - 0] INFO  ozoneimpl.OzoneContainer (OzoneContainer.java:start(201)) - Attempting to start container services.
2019-09-12 01:40:52,740 [Datanode State Machine Thread - 0] INFO  ozoneimpl.OzoneContainer (OzoneContainer.java:startContainerScrub(175)) - Background container scrubber has been disabled by hdds.containerscrub.enabled
2019-09-12 01:40:52,740 [Datanode State Machine Thread - 0] INFO  ratis.XceiverServerRatis (XceiverServerRatis.java:start(393)) - Starting XceiverServerRatis 611f231b-0bf6-4c34-83a3-1ffd71f92385 at port 0
2019-09-12 01:40:52,747 [Datanode State Machine Thread - 0] INFO  impl.RaftServerProxy (RaftServerProxy.java:lambda$start$3(299)) - 611f231b-0bf6-4c34-83a3-1ffd71f92385: start RPC server
2019-09-12 01:40:52,750 [Datanode State Machine Thread - 0] INFO  server.GrpcService (GrpcService.java:startImpl(149)) - 611f231b-0bf6-4c34-83a3-1ffd71f92385: GrpcService started, listening on 0.0.0.0/0.0.0.0:35250
2019-09-12 01:40:52,750 [Datanode State Machine Thread - 0] INFO  ratis.XceiverServerRatis (XceiverServerRatis.java:start(403)) - XceiverServerRatis 611f231b-0bf6-4c34-83a3-1ffd71f92385 is started using port 35250
2019-09-12 01:40:52,751 [Datanode State Machine Thread - 0] INFO  server.XceiverServerGrpc (XceiverServerGrpc.java:start(163)) - XceiverServerGrpc 611f231b-0bf6-4c34-83a3-1ffd71f92385 is started using port 41688
2019-09-12 01:40:52,787 [main] INFO  ozone.MiniOzoneClusterImpl (MiniOzoneClusterImpl.java:lambda$waitForClusterToBeReady$0(145)) - Waiting for cluster to be ready. Got 0 of 7 DN Heartbeats.
2019-09-12 01:40:52,825 [Datanode State Machine Thread - 0] INFO  ozoneimpl.OzoneContainer (OzoneContainer.java:start(201)) - Attempting to start container services.
2019-09-12 01:40:52,825 [Datanode State Machine Thread - 0] INFO  ozoneimpl.OzoneContainer (OzoneContainer.java:startContainerScrub(175)) - Background container scrubber has been disabled by hdds.containerscrub.enabled
2019-09-12 01:40:52,825 [Datanode State Machine Thread - 0] INFO  ratis.XceiverServerRatis (XceiverServerRatis.java:start(393)) - Starting XceiverServerRatis 36b11585-b37f-46d4-9a07-b2a787f491c7 at port 0
2019-09-12 01:40:52,832 [Datanode State Machine Thread - 0] INFO  impl.RaftServerProxy (RaftServerProxy.java:lambda$start$3(299)) - 36b11585-b37f-46d4-9a07-b2a787f491c7: start RPC server
2019-09-12 01:40:52,861 [Datanode State Machine Thread - 0] INFO  server.GrpcService (GrpcService.java:startImpl(149)) - 36b11585-b37f-46d4-9a07-b2a787f491c7: GrpcService started, listening on 0.0.0.0/0.0.0.0:45069
2019-09-12 01:40:52,861 [Datanode State Machine Thread - 0] INFO  ratis.XceiverServerRatis (XceiverServerRatis.java:start(403)) - XceiverServerRatis 36b11585-b37f-46d4-9a07-b2a787f491c7 is started using port 45069
2019-09-12 01:40:52,861 [Datanode State Machine Thread - 0] INFO  server.XceiverServerGrpc (XceiverServerGrpc.java:start(163)) - XceiverServerGrpc 36b11585-b37f-46d4-9a07-b2a787f491c7 is started using port 38611
2019-09-12 01:40:53,788 [main] INFO  ozone.MiniOzoneClusterImpl (MiniOzoneClusterImpl.java:lambda$waitForClusterToBeReady$0(145)) - Waiting for cluster to be ready. Got 0 of 7 DN Heartbeats.
2019-09-12 01:40:54,162 [IPC Server handler 19 on 36613] INFO  net.NetworkTopology (NetworkTopologyImpl.java:add(110)) - Added a new node: /default-rack/5064e46d-2f39-4360-9715-89395492d4a7
2019-09-12 01:40:54,167 [IPC Server handler 19 on 36613] INFO  node.SCMNodeManager (SCMNodeManager.java:register(266)) - Registered Data node : 5064e46d-2f39-4360-9715-89395492d4a7{ip: 192.168.5.171, host: pr-hdds-2007-7njtk-1085629304, networkLocation: /default-rack, certSerialId: null}
2019-09-12 01:40:54,168 [EventQueue-NodeRegistrationContainerReportForDataNodeSafeModeRule] INFO  safemode.SCMSafeModeManager (DataNodeSafeModeRule.java:process(71)) - SCM in safe mode. 1 DataNodes registered, 1 required.
2019-09-12 01:40:54,171 [EventQueue-NodeRegistrationContainerReportForDataNodeSafeModeRule] INFO  safemode.SCMSafeModeManager (SCMSafeModeManager.java:validateSafeModeExitRules(177)) - ScmSafeModeManager, all rules are successfully validated
2019-09-12 01:40:54,171 [EventQueue-NodeRegistrationContainerReportForDataNodeSafeModeRule] INFO  safemode.SCMSafeModeManager (SCMSafeModeManager.java:exitSafeMode(193)) - SCM exiting safe mode.
2019-09-12 01:40:54,201 [grpc-default-executor-4] INFO  impl.RaftServerProxy (RaftServerProxy.java:addNew(89)) - 5064e46d-2f39-4360-9715-89395492d4a7: addNew group-74C1D3A3F5C4:[5064e46d-2f39-4360-9715-89395492d4a7:192.168.5.171:38496] returns group-74C1D3A3F5C4:java.util.concurrent.CompletableFuture@39e35406[Not completed]
2019-09-12 01:40:54,204 [pool-383-thread-1] INFO  impl.RaftServerImpl (RaftServerImpl.java:<init>(93)) - 5064e46d-2f39-4360-9715-89395492d4a7: new RaftServerImpl for group-74C1D3A3F5C4:[5064e46d-2f39-4360-9715-89395492d4a7:192.168.5.171:38496] with ContainerStateMachine:uninitialized
2019-09-12 01:40:54,204 [pool-383-thread-1] INFO  server.RaftServerConfigKeys (ConfUtils.java:logGet(43)) - raft.server.rpc.timeout.min = 5s (custom)
2019-09-12 01:40:54,204 [pool-383-thread-1] INFO  server.RaftServerConfigKeys (ConfUtils.java:logGet(43)) - raft.server.rpc.timeout.max = 5200ms (custom)
2019-09-12 01:40:54,205 [pool-383-thread-1] INFO  server.RaftServerConfigKeys (ConfUtils.java:logGet(43)) - raft.server.rpcslowness.timeout = 120s (custom)
2019-09-12 01:40:54,205 [pool-383-thread-1] INFO  server.RaftServerConfigKeys (ConfUtils.java:logGet(43)) - raft.server.sleep.deviation.threshold = 300 (default)
2019-09-12 01:40:54,205 [pool-383-thread-1] INFO  server.RaftServerConfigKeys (ConfUtils.java:logGet(43)) - raft.server.log.appender.install.snapshot.enabled = false (custom)
2019-09-12 01:40:54,205 [pool-383-thread-1] INFO  impl.RaftServerImpl (ServerState.java:<init>(105)) - 5064e46d-2f39-4360-9715-89395492d4a7:group-74C1D3A3F5C4 ConfigurationManager, init=-1: [5064e46d-2f39-4360-9715-89395492d4a7:192.168.5.171:38496], old=null, confs=<EMPTY_MAP>
2019-09-12 01:40:54,205 [pool-383-thread-1] INFO  server.RaftServerConfigKeys (ConfUtils.java:logGet(43)) - raft.server.storage.dir = [/workdir/hadoop-ozone/integration-test/target/test-dir/MiniOzoneClusterImpl-abc8d6a0-4de7-4118-b7f5-03680b1d5f31/datanode-0/data/ratis] (custom)
2019-09-12 01:40:54,206 [pool-383-thread-1] INFO  storage.RaftStorageDirectory (RaftStorageDirectory.java:analyzeStorage(246)) - The storage directory /workdir/hadoop-ozone/integration-test/target/test-dir/MiniOzoneClusterImpl-abc8d6a0-4de7-4118-b7f5-03680b1d5f31/datanode-0/data/ratis/e07f85c6-7841-4d4c-a893-74c1d3a3f5c4 does not exist. Creating ...
2019-09-12 01:40:54,220 [pool-383-thread-1] INFO  storage.RaftStorageDirectory (RaftStorageDirectory.java:tryLock(328)) - Lock on /workdir/hadoop-ozone/integration-test/target/test-dir/MiniOzoneClusterImpl-abc8d6a0-4de7-4118-b7f5-03680b1d5f31/datanode-0/data/ratis/e07f85c6-7841-4d4c-a893-74c1d3a3f5c4/in_use.lock acquired by nodename 22335@pr-hdds-2007-7njtk-1085629304
2019-09-12 01:40:54,233 [pool-383-thread-1] INFO  storage.RaftStorage (RaftStorage.java:format(72)) - Storage directory /workdir/hadoop-ozone/integration-test/target/test-dir/MiniOzoneClusterImpl-abc8d6a0-4de7-4118-b7f5-03680b1d5f31/datanode-0/data/ratis/e07f85c6-7841-4d4c-a893-74c1d3a3f5c4 has been successfully formatted.
2019-09-12 01:40:54,233 [pool-383-thread-1] INFO  ratis.ContainerStateMachine (ContainerStateMachine.java:loadSnapshot(227)) - group-74C1D3A3F5C4: The snapshot info is null. Setting the last applied indexto:(t:0, i:~)
2019-09-12 01:40:54,234 [pool-383-thread-1] INFO  server.RaftServerConfigKeys (ConfUtils.java:logGet(43)) - raft.server.leader.election.timeout = 120s (custom)
2019-09-12 01:40:54,234 [pool-383-thread-1] INFO  server.RaftServerConfigKeys (ConfUtils.java:logGet(43)) - raft.server.log.use.memory = false (default)
2019-09-12 01:40:54,234 [pool-383-thread-1] INFO  server.RaftServerConfigKeys (ConfUtils.java:logGet(43)) - raft.server.log.purge.gap = 1000000 (custom)
2019-09-12 01:40:54,234 [pool-383-thread-1] INFO  server.RaftServerConfigKeys (ConfUtils.java:logGet(43)) - raft.server.log.appender.buffer.byte-limit = 33554432 (custom)
2019-09-12 01:40:54,234 [pool-383-thread-1] INFO  server.RaftServerConfigKeys (ConfUtils.java:logGet(43)) - raft.server.log.segment.size.max = 1048576 (custom)
2019-09-12 01:40:54,234 [pool-383-thread-1] INFO  server.RaftServerConfigKeys (ConfUtils.java:logGet(43)) - raft.server.log.segment.cache.num.max = 2 (custom)
2019-09-12 01:40:54,234 [pool-383-thread-1] INFO  segmented.SegmentedRaftLogWorker (SegmentedRaftLogWorker.java:<init>(172)) - new 5064e46d-2f39-4360-9715-89395492d4a7-SegmentedRaftLogWorker:Storage Directory /workdir/hadoop-ozone/integration-test/target/test-dir/MiniOzoneClusterImpl-abc8d6a0-4de7-4118-b7f5-03680b1d5f31/datanode-0/data/ratis/e07f85c6-7841-4d4c-a893-74c1d3a3f5c4 for RaftStorage:Storage Directory /workdir/hadoop-ozone/integration-test/target/test-dir/MiniOzoneClusterImpl-abc8d6a0-4de7-4118-b7f5-03680b1d5f31/datanode-0/data/ratis/e07f85c6-7841-4d4c-a893-74c1d3a3f5c4
2019-09-12 01:40:54,235 [pool-383-thread-1] INFO  server.RaftServerConfigKeys (ConfUtils.java:logGet(43)) - raft.server.log.queue.byte-limit = 2147483647 (custom)
2019-09-12 01:40:54,235 [pool-383-thread-1] INFO  server.RaftServerConfigKeys (ConfUtils.java:logGet(43)) - raft.server.log.queue.element-limit = 1024 (custom)
2019-09-12 01:40:54,235 [pool-383-thread-1] INFO  server.RaftServerConfigKeys (ConfUtils.java:logGet(43)) - raft.server.log.segment.size.max = 1048576 (custom)
2019-09-12 01:40:54,235 [pool-383-thread-1] INFO  server.RaftServerConfigKeys (ConfUtils.java:logGet(43)) - raft.server.log.preallocated.size = 16384 (custom)
2019-09-12 01:40:54,235 [pool-383-thread-1] INFO  server.RaftServerConfigKeys (ConfUtils.java:logGet(43)) - raft.server.log.write.buffer.size = 33554432 (custom)
2019-09-12 01:40:54,235 [pool-383-thread-1] INFO  server.RaftServerConfigKeys (ConfUtils.java:logGet(43)) - raft.server.log.force.sync.num = 128 (default)
2019-09-12 01:40:54,235 [pool-383-thread-1] INFO  server.RaftServerConfigKeys (ConfUtils.java:logGet(43)) - raft.server.log.statemachine.data.sync = true (default)
2019-09-12 01:40:54,235 [pool-383-thread-1] INFO  server.RaftServerConfigKeys (ConfUtils.java:logGet(43)) - raft.server.log.statemachine.data.sync.timeout = 10s (default)
2019-09-12 01:40:54,236 [pool-383-thread-1] INFO  server.RaftServerConfigKeys (ConfUtils.java:logGet(43)) - raft.server.log.statemachine.data.sync.timeout.retry = -1 (default)
2019-09-12 01:40:54,236 [pool-383-thread-1] INFO  server.RaftServerConfigKeys (ConfUtils.java:logGet(43)) - raft.server.log.statemachine.data.caching.enabled = true (custom)
2019-09-12 01:40:54,236 [pool-383-thread-1] INFO  segmented.SegmentedRaftLogWorker (SegmentedRaftLogWorker.java:lambda$new$0(132)) - 5064e46d-2f39-4360-9715-89395492d4a7-SegmentedRaftLogWorker:Storage Directory /workdir/hadoop-ozone/integration-test/target/test-dir/MiniOzoneClusterImpl-abc8d6a0-4de7-4118-b7f5-03680b1d5f31/datanode-0/data/ratis/e07f85c6-7841-4d4c-a893-74c1d3a3f5c4: flushIndex: setUnconditionally 0 -> -1
2019-09-12 01:40:54,236 [pool-383-thread-1] INFO  server.RaftServerConfigKeys (ConfUtils.java:logGet(43)) - raft.server.snapshot.auto.trigger.enabled = true (custom)
2019-09-12 01:40:54,237 [pool-383-thread-1] INFO  server.RaftServerConfigKeys (ConfUtils.java:logGet(43)) - raft.server.snapshot.auto.trigger.threshold = 10000 (custom)
2019-09-12 01:40:54,237 [pool-383-thread-1] INFO  server.RaftServerConfigKeys (ConfUtils.java:logGet(43)) - raft.server.retrycache.expirytime = 600000ms (custom)
2019-09-12 01:40:54,237 [pool-383-thread-1] INFO  impl.RaftServerImpl (RaftServerImpl.java:start(180)) - 5064e46d-2f39-4360-9715-89395492d4a7: start group-74C1D3A3F5C4
2019-09-12 01:40:54,237 [pool-383-thread-1] INFO  impl.RaftServerImpl (RaftServerImpl.java:setRole(171)) - 5064e46d-2f39-4360-9715-89395492d4a7:group-74C1D3A3F5C4 changes role from null to FOLLOWER at term 0 for startAsFollower
2019-09-12 01:40:54,237 [pool-383-thread-1] INFO  impl.RoleInfo (RoleInfo.java:updateAndGet(143)) - 5064e46d-2f39-4360-9715-89395492d4a7: start FollowerState
2019-09-12 01:40:54,237 [pool-383-thread-1] INFO  util.JmxRegister (JmxRegister.java:tryRegister(44)) - Successfully registered JMX Bean with object name Ratis:service=RaftServer,group=group-74C1D3A3F5C4,id=5064e46d-2f39-4360-9715-89395492d4a7
2019-09-12 01:40:54,240 [RatisPipelineUtilsThread] INFO  pipeline.PipelineStateManager (PipelineStateManager.java:addPipeline(56)) - Created pipeline Pipeline[ Id: e07f85c6-7841-4d4c-a893-74c1d3a3f5c4, Nodes: 5064e46d-2f39-4360-9715-89395492d4a7{ip: 192.168.5.171, host: pr-hdds-2007-7njtk-1085629304, networkLocation: /default-rack, certSerialId: null}, Type:RATIS, Factor:ONE, State:OPEN]
2019-09-12 01:40:54,273 [IPC Server handler 17 on 36613] INFO  net.NetworkTopology (NetworkTopologyImpl.java:add(110)) - Added a new node: /default-rack/d649c276-746f-471c-853f-e4f93cee865e
2019-09-12 01:40:54,274 [IPC Server handler 17 on 36613] INFO  node.SCMNodeManager (SCMNodeManager.java:register(266)) - Registered Data node : d649c276-746f-471c-853f-e4f93cee865e{ip: 192.168.5.171, host: pr-hdds-2007-7njtk-1085629304, networkLocation: /default-rack, certSerialId: null}
2019-09-12 01:40:54,282 [grpc-default-executor-4] INFO  impl.RaftServerProxy (RaftServerProxy.java:addNew(89)) - d649c276-746f-471c-853f-e4f93cee865e: addNew group-D07B1710569C:[d649c276-746f-471c-853f-e4f93cee865e:192.168.5.171:44186] returns group-D07B1710569C:java.util.concurrent.CompletableFuture@12c86712[Not completed]
2019-09-12 01:40:54,283 [pool-393-thread-1] INFO  impl.RaftServerImpl (RaftServerImpl.java:<init>(93)) - d649c276-746f-471c-853f-e4f93cee865e: new RaftServerImpl for group-D07B1710569C:[d649c276-746f-471c-853f-e4f93cee865e:192.168.5.171:44186] with ContainerStateMachine:uninitialized
2019-09-12 01:40:54,283 [pool-393-thread-1] INFO  server.RaftServerConfigKeys (ConfUtils.java:logGet(43)) - raft.server.rpc.timeout.min = 5s (custom)
2019-09-12 01:40:54,284 [pool-393-thread-1] INFO  server.RaftServerConfigKeys (ConfUtils.java:logGet(43)) - raft.server.rpc.timeout.max = 5200ms (custom)
2019-09-12 01:40:54,284 [pool-393-thread-1] INFO  server.RaftServerConfigKeys (ConfUtils.java:logGet(43)) - raft.server.rpcslowness.timeout = 120s (custom)
2019-09-12 01:40:54,284 [pool-393-thread-1] INFO  server.RaftServerConfigKeys (ConfUtils.java:logGet(43)) - raft.server.sleep.deviation.threshold = 300 (default)
2019-09-12 01:40:54,284 [pool-393-thread-1] INFO  server.RaftServerConfigKeys (ConfUtils.java:logGet(43)) - raft.server.log.appender.install.snapshot.enabled = false (custom)
2019-09-12 01:40:54,284 [pool-393-thread-1] INFO  impl.RaftServerImpl (ServerState.java:<init>(105)) - d649c276-746f-471c-853f-e4f93cee865e:group-D07B1710569C ConfigurationManager, init=-1: [d649c276-746f-471c-853f-e4f93cee865e:192.168.5.171:44186], old=null, confs=<EMPTY_MAP>
2019-09-12 01:40:54,284 [pool-393-thread-1] INFO  server.RaftServerConfigKeys (ConfUtils.java:logGet(43)) - raft.server.storage.dir = [/workdir/hadoop-ozone/integration-test/target/test-dir/MiniOzoneClusterImpl-abc8d6a0-4de7-4118-b7f5-03680b1d5f31/datanode-1/data/ratis] (custom)
2019-09-12 01:40:54,285 [pool-393-thread-1] INFO  storage.RaftStorageDirectory (RaftStorageDirectory.java:analyzeStorage(246)) - The storage directory /workdir/hadoop-ozone/integration-test/target/test-dir/MiniOzoneClusterImpl-abc8d6a0-4de7-4118-b7f5-03680b1d5f31/datanode-1/data/ratis/beef4328-9119-4ab4-a8ac-d07b1710569c does not exist. Creating ...
2019-09-12 01:40:54,311 [pool-393-thread-1] INFO  storage.RaftStorageDirectory (RaftStorageDirectory.java:tryLock(328)) - Lock on /workdir/hadoop-ozone/integration-test/target/test-dir/MiniOzoneClusterImpl-abc8d6a0-4de7-4118-b7f5-03680b1d5f31/datanode-1/data/ratis/beef4328-9119-4ab4-a8ac-d07b1710569c/in_use.lock acquired by nodename 22335@pr-hdds-2007-7njtk-1085629304
2019-09-12 01:40:54,324 [pool-393-thread-1] INFO  storage.RaftStorage (RaftStorage.java:format(72)) - Storage directory /workdir/hadoop-ozone/integration-test/target/test-dir/MiniOzoneClusterImpl-abc8d6a0-4de7-4118-b7f5-03680b1d5f31/datanode-1/data/ratis/beef4328-9119-4ab4-a8ac-d07b1710569c has been successfully formatted.
2019-09-12 01:40:54,325 [pool-393-thread-1] INFO  ratis.ContainerStateMachine (ContainerStateMachine.java:loadSnapshot(227)) - group-D07B1710569C: The snapshot info is null. Setting the last applied indexto:(t:0, i:~)
2019-09-12 01:40:54,325 [pool-393-thread-1] INFO  server.RaftServerConfigKeys (ConfUtils.java:logGet(43)) - raft.server.leader.election.timeout = 120s (custom)
2019-09-12 01:40:54,325 [pool-393-thread-1] INFO  server.RaftServerConfigKeys (ConfUtils.java:logGet(43)) - raft.server.log.use.memory = false (default)
2019-09-12 01:40:54,325 [pool-393-thread-1] INFO  server.RaftServerConfigKeys (ConfUtils.java:logGet(43)) - raft.server.log.purge.gap = 1000000 (custom)
2019-09-12 01:40:54,325 [pool-393-thread-1] INFO  server.RaftServerConfigKeys (ConfUtils.java:logGet(43)) - raft.server.log.appender.buffer.byte-limit = 33554432 (custom)
2019-09-12 01:40:54,325 [pool-393-thread-1] INFO  server.RaftServerConfigKeys (ConfUtils.java:logGet(43)) - raft.server.log.segment.size.max = 1048576 (custom)
2019-09-12 01:40:54,325 [pool-393-thread-1] INFO  server.RaftServerConfigKeys (ConfUtils.java:logGet(43)) - raft.server.log.segment.cache.num.max = 2 (custom)
2019-09-12 01:40:54,326 [pool-393-thread-1] INFO  segmented.SegmentedRaftLogWorker (SegmentedRaftLogWorker.java:<init>(172)) - new d649c276-746f-471c-853f-e4f93cee865e-SegmentedRaftLogWorker:Storage Directory /workdir/hadoop-ozone/integration-test/target/test-dir/MiniOzoneClusterImpl-abc8d6a0-4de7-4118-b7f5-03680b1d5f31/datanode-1/data/ratis/beef4328-9119-4ab4-a8ac-d07b1710569c for RaftStorage:Storage Directory /workdir/hadoop-ozone/integration-test/target/test-dir/MiniOzoneClusterImpl-abc8d6a0-4de7-4118-b7f5-03680b1d5f31/datanode-1/data/ratis/beef4328-9119-4ab4-a8ac-d07b1710569c
2019-09-12 01:40:54,326 [pool-393-thread-1] INFO  server.RaftServerConfigKeys (ConfUtils.java:logGet(43)) - raft.server.log.queue.byte-limit = 2147483647 (custom)
2019-09-12 01:40:54,326 [pool-393-thread-1] INFO  server.RaftServerConfigKeys (ConfUtils.java:logGet(43)) - raft.server.log.queue.element-limit = 1024 (custom)
2019-09-12 01:40:54,326 [pool-393-thread-1] INFO  server.RaftServerConfigKeys (ConfUtils.java:logGet(43)) - raft.server.log.segment.size.max = 1048576 (custom)
2019-09-12 01:40:54,326 [pool-393-thread-1] INFO  server.RaftServerConfigKeys (ConfUtils.java:logGet(43)) - raft.server.log.preallocated.size = 16384 (custom)
2019-09-12 01:40:54,326 [pool-393-thread-1] INFO  server.RaftServerConfigKeys (ConfUtils.java:logGet(43)) - raft.server.log.write.buffer.size = 33554432 (custom)
2019-09-12 01:40:54,326 [pool-393-thread-1] INFO  server.RaftServerConfigKeys (ConfUtils.java:logGet(43)) - raft.server.log.force.sync.num = 128 (default)
2019-09-12 01:40:54,327 [pool-393-thread-1] INFO  server.RaftServerConfigKeys (ConfUtils.java:logGet(43)) - raft.server.log.statemachine.data.sync = true (default)
2019-09-12 01:40:54,327 [pool-393-thread-1] INFO  server.RaftServerConfigKeys (ConfUtils.java:logGet(43)) - raft.server.log.statemachine.data.sync.timeout = 10s (default)
2019-09-12 01:40:54,327 [pool-393-thread-1] INFO  server.RaftServerConfigKeys (ConfUtils.java:logGet(43)) - raft.server.log.statemachine.data.sync.timeout.retry = -1 (default)
2019-09-12 01:40:54,327 [pool-393-thread-1] INFO  server.RaftServerConfigKeys (ConfUtils.java:logGet(43)) - raft.server.log.statemachine.data.caching.enabled = true (custom)
2019-09-12 01:40:54,327 [pool-393-thread-1] INFO  segmented.SegmentedRaftLogWorker (SegmentedRaftLogWorker.java:lambda$new$0(132)) - d649c276-746f-471c-853f-e4f93cee865e-SegmentedRaftLogWorker:Storage Directory /workdir/hadoop-ozone/integration-test/target/test-dir/MiniOzoneClusterImpl-abc8d6a0-4de7-4118-b7f5-03680b1d5f31/datanode-1/data/ratis/beef4328-9119-4ab4-a8ac-d07b1710569c: flushIndex: setUnconditionally 0 -> -1
2019-09-12 01:40:54,328 [pool-393-thread-1] INFO  server.RaftServerConfigKeys (ConfUtils.java:logGet(43)) - raft.server.snapshot.auto.trigger.enabled = true (custom)
2019-09-12 01:40:54,328 [pool-393-thread-1] INFO  server.RaftServerConfigKeys (ConfUtils.java:logGet(43)) - raft.server.snapshot.auto.trigger.threshold = 10000 (custom)
2019-09-12 01:40:54,328 [pool-393-thread-1] INFO  server.RaftServerConfigKeys (ConfUtils.java:logGet(43)) - raft.server.retrycache.expirytime = 600000ms (custom)
2019-09-12 01:40:54,328 [pool-393-thread-1] INFO  impl.RaftServerImpl (RaftServerImpl.java:start(180)) - d649c276-746f-471c-853f-e4f93cee865e: start group-D07B1710569C
2019-09-12 01:40:54,328 [pool-393-thread-1] INFO  impl.RaftServerImpl (RaftServerImpl.java:setRole(171)) - d649c276-746f-471c-853f-e4f93cee865e:group-D07B1710569C changes role from null to FOLLOWER at term 0 for startAsFollower
2019-09-12 01:40:54,328 [pool-393-thread-1] INFO  impl.RoleInfo (RoleInfo.java:updateAndGet(143)) - d649c276-746f-471c-853f-e4f93cee865e: start FollowerState
2019-09-12 01:40:54,329 [pool-393-thread-1] INFO  util.JmxRegister (JmxRegister.java:tryRegister(44)) - Successfully registered JMX Bean with object name Ratis:service=RaftServer,group=group-D07B1710569C,id=d649c276-746f-471c-853f-e4f93cee865e
2019-09-12 01:40:54,331 [RatisPipelineUtilsThread] INFO  pipeline.PipelineStateManager (PipelineStateManager.java:addPipeline(56)) - Created pipeline Pipeline[ Id: beef4328-9119-4ab4-a8ac-d07b1710569c, Nodes: d649c276-746f-471c-853f-e4f93cee865e{ip: 192.168.5.171, host: pr-hdds-2007-7njtk-1085629304, networkLocation: /default-rack, certSerialId: null}, Type:RATIS, Factor:ONE, State:OPEN]
2019-09-12 01:40:54,364 [IPC Server handler 15 on 36613] INFO  net.NetworkTopology (NetworkTopologyImpl.java:add(110)) - Added a new node: /default-rack/33ab51e1-850e-4e00-b198-bc2fea023149
2019-09-12 01:40:54,364 [IPC Server handler 15 on 36613] INFO  node.SCMNodeManager (SCMNodeManager.java:register(266)) - Registered Data node : 33ab51e1-850e-4e00-b198-bc2fea023149{ip: 192.168.5.171, host: pr-hdds-2007-7njtk-1085629304, networkLocation: /default-rack, certSerialId: null}
2019-09-12 01:40:54,373 [grpc-default-executor-4] INFO  impl.RaftServerProxy (RaftServerProxy.java:addNew(89)) - 33ab51e1-850e-4e00-b198-bc2fea023149: addNew group-0DF4C57A6DD9:[33ab51e1-850e-4e00-b198-bc2fea023149:192.168.5.171:33951] returns group-0DF4C57A6DD9:java.util.concurrent.CompletableFuture@517c0958[Not completed]
2019-09-12 01:40:54,375 [pool-403-thread-1] INFO  impl.RaftServerImpl (RaftServerImpl.java:<init>(93)) - 33ab51e1-850e-4e00-b198-bc2fea023149: new RaftServerImpl for group-0DF4C57A6DD9:[33ab51e1-850e-4e00-b198-bc2fea023149:192.168.5.171:33951] with ContainerStateMachine:uninitialized
2019-09-12 01:40:54,375 [pool-403-thread-1] INFO  server.RaftServerConfigKeys (ConfUtils.java:logGet(43)) - raft.server.rpc.timeout.min = 5s (custom)
2019-09-12 01:40:54,375 [pool-403-thread-1] INFO  server.RaftServerConfigKeys (ConfUtils.java:logGet(43)) - raft.server.rpc.timeout.max = 5200ms (custom)
2019-09-12 01:40:54,375 [pool-403-thread-1] INFO  server.RaftServerConfigKeys (ConfUtils.java:logGet(43)) - raft.server.rpcslowness.timeout = 120s (custom)
2019-09-12 01:40:54,376 [pool-403-thread-1] INFO  server.RaftServerConfigKeys (ConfUtils.java:logGet(43)) - raft.server.sleep.deviation.threshold = 300 (default)
2019-09-12 01:40:54,376 [pool-403-thread-1] INFO  server.RaftServerConfigKeys (ConfUtils.java:logGet(43)) - raft.server.log.appender.install.snapshot.enabled = false (custom)
2019-09-12 01:40:54,376 [pool-403-thread-1] INFO  impl.RaftServerImpl (ServerState.java:<init>(105)) - 33ab51e1-850e-4e00-b198-bc2fea023149:group-0DF4C57A6DD9 ConfigurationManager, init=-1: [33ab51e1-850e-4e00-b198-bc2fea023149:192.168.5.171:33951], old=null, confs=<EMPTY_MAP>
2019-09-12 01:40:54,376 [pool-403-thread-1] INFO  server.RaftServerConfigKeys (ConfUtils.java:logGet(43)) - raft.server.storage.dir = [/workdir/hadoop-ozone/integration-test/target/test-dir/MiniOzoneClusterImpl-abc8d6a0-4de7-4118-b7f5-03680b1d5f31/datanode-2/data/ratis] (custom)
2019-09-12 01:40:54,377 [pool-403-thread-1] INFO  storage.RaftStorageDirectory (RaftStorageDirectory.java:analyzeStorage(246)) - The storage directory /workdir/hadoop-ozone/integration-test/target/test-dir/MiniOzoneClusterImpl-abc8d6a0-4de7-4118-b7f5-03680b1d5f31/datanode-2/data/ratis/2da14314-9322-4fd9-9834-0df4c57a6dd9 does not exist. Creating ...
2019-09-12 01:40:54,410 [pool-403-thread-1] INFO  storage.RaftStorageDirectory (RaftStorageDirectory.java:tryLock(328)) - Lock on /workdir/hadoop-ozone/integration-test/target/test-dir/MiniOzoneClusterImpl-abc8d6a0-4de7-4118-b7f5-03680b1d5f31/datanode-2/data/ratis/2da14314-9322-4fd9-9834-0df4c57a6dd9/in_use.lock acquired by nodename 22335@pr-hdds-2007-7njtk-1085629304
2019-09-12 01:40:54,449 [pool-403-thread-1] INFO  storage.RaftStorage (RaftStorage.java:format(72)) - Storage directory /workdir/hadoop-ozone/integration-test/target/test-dir/MiniOzoneClusterImpl-abc8d6a0-4de7-4118-b7f5-03680b1d5f31/datanode-2/data/ratis/2da14314-9322-4fd9-9834-0df4c57a6dd9 has been successfully formatted.
2019-09-12 01:40:54,449 [pool-403-thread-1] INFO  ratis.ContainerStateMachine (ContainerStateMachine.java:loadSnapshot(227)) - group-0DF4C57A6DD9: The snapshot info is null. Setting the last applied indexto:(t:0, i:~)
2019-09-12 01:40:54,449 [pool-403-thread-1] INFO  server.RaftServerConfigKeys (ConfUtils.java:logGet(43)) - raft.server.leader.election.timeout = 120s (custom)
2019-09-12 01:40:54,449 [pool-403-thread-1] INFO  server.RaftServerConfigKeys (ConfUtils.java:logGet(43)) - raft.server.log.use.memory = false (default)
2019-09-12 01:40:54,450 [pool-403-thread-1] INFO  server.RaftServerConfigKeys (ConfUtils.java:logGet(43)) - raft.server.log.purge.gap = 1000000 (custom)
2019-09-12 01:40:54,450 [pool-403-thread-1] INFO  server.RaftServerConfigKeys (ConfUtils.java:logGet(43)) - raft.server.log.appender.buffer.byte-limit = 33554432 (custom)
2019-09-12 01:40:54,450 [pool-403-thread-1] INFO  server.RaftServerConfigKeys (ConfUtils.java:logGet(43)) - raft.server.log.segment.size.max = 1048576 (custom)
2019-09-12 01:40:54,450 [pool-403-thread-1] INFO  server.RaftServerConfigKeys (ConfUtils.java:logGet(43)) - raft.server.log.segment.cache.num.max = 2 (custom)
2019-09-12 01:40:54,450 [pool-403-thread-1] INFO  segmented.SegmentedRaftLogWorker (SegmentedRaftLogWorker.java:<init>(172)) - new 33ab51e1-850e-4e00-b198-bc2fea023149-SegmentedRaftLogWorker:Storage Directory /workdir/hadoop-ozone/integration-test/target/test-dir/MiniOzoneClusterImpl-abc8d6a0-4de7-4118-b7f5-03680b1d5f31/datanode-2/data/ratis/2da14314-9322-4fd9-9834-0df4c57a6dd9 for RaftStorage:Storage Directory /workdir/hadoop-ozone/integration-test/target/test-dir/MiniOzoneClusterImpl-abc8d6a0-4de7-4118-b7f5-03680b1d5f31/datanode-2/data/ratis/2da14314-9322-4fd9-9834-0df4c57a6dd9
2019-09-12 01:40:54,450 [pool-403-thread-1] INFO  server.RaftServerConfigKeys (ConfUtils.java:logGet(43)) - raft.server.log.queue.byte-limit = 2147483647 (custom)
2019-09-12 01:40:54,451 [pool-403-thread-1] INFO  server.RaftServerConfigKeys (ConfUtils.java:logGet(43)) - raft.server.log.queue.element-limit = 1024 (custom)
2019-09-12 01:40:54,451 [pool-403-thread-1] INFO  server.RaftServerConfigKeys (ConfUtils.java:logGet(43)) - raft.server.log.segment.size.max = 1048576 (custom)
2019-09-12 01:40:54,451 [pool-403-thread-1] INFO  server.RaftServerConfigKeys (ConfUtils.java:logGet(43)) - raft.server.log.preallocated.size = 16384 (custom)
2019-09-12 01:40:54,451 [pool-403-thread-1] INFO  server.RaftServerConfigKeys (ConfUtils.java:logGet(43)) - raft.server.log.write.buffer.size = 33554432 (custom)
2019-09-12 01:40:54,451 [pool-403-thread-1] INFO  server.RaftServerConfigKeys (ConfUtils.java:logGet(43)) - raft.server.log.force.sync.num = 128 (default)
2019-09-12 01:40:54,452 [pool-403-thread-1] INFO  server.RaftServerConfigKeys (ConfUtils.java:logGet(43)) - raft.server.log.statemachine.data.sync = true (default)
2019-09-12 01:40:54,452 [pool-403-thread-1] INFO  server.RaftServerConfigKeys (ConfUtils.java:logGet(43)) - raft.server.log.statemachine.data.sync.timeout = 10s (default)
2019-09-12 01:40:54,452 [pool-403-thread-1] INFO  server.RaftServerConfigKeys (ConfUtils.java:logGet(43)) - raft.server.log.statemachine.data.sync.timeout.retry = -1 (default)
2019-09-12 01:40:54,452 [pool-403-thread-1] INFO  server.RaftServerConfigKeys (ConfUtils.java:logGet(43)) - raft.server.log.statemachine.data.caching.enabled = true (custom)
2019-09-12 01:40:54,453 [pool-403-thread-1] INFO  segmented.SegmentedRaftLogWorker (SegmentedRaftLogWorker.java:lambda$new$0(132)) - 33ab51e1-850e-4e00-b198-bc2fea023149-SegmentedRaftLogWorker:Storage Directory /workdir/hadoop-ozone/integration-test/target/test-dir/MiniOzoneClusterImpl-abc8d6a0-4de7-4118-b7f5-03680b1d5f31/datanode-2/data/ratis/2da14314-9322-4fd9-9834-0df4c57a6dd9: flushIndex: setUnconditionally 0 -> -1
2019-09-12 01:40:54,453 [pool-403-thread-1] INFO  server.RaftServerConfigKeys (ConfUtils.java:logGet(43)) - raft.server.snapshot.auto.trigger.enabled = true (custom)
2019-09-12 01:40:54,453 [pool-403-thread-1] INFO  server.RaftServerConfigKeys (ConfUtils.java:logGet(43)) - raft.server.snapshot.auto.trigger.threshold = 10000 (custom)
2019-09-12 01:40:54,453 [pool-403-thread-1] INFO  server.RaftServerConfigKeys (ConfUtils.java:logGet(43)) - raft.server.retrycache.expirytime = 600000ms (custom)
2019-09-12 01:40:54,454 [pool-403-thread-1] INFO  impl.RaftServerImpl (RaftServerImpl.java:start(180)) - 33ab51e1-850e-4e00-b198-bc2fea023149: start group-0DF4C57A6DD9
2019-09-12 01:40:54,454 [pool-403-thread-1] INFO  impl.RaftServerImpl (RaftServerImpl.java:setRole(171)) - 33ab51e1-850e-4e00-b198-bc2fea023149:group-0DF4C57A6DD9 changes role from null to FOLLOWER at term 0 for startAsFollower
2019-09-12 01:40:54,454 [pool-403-thread-1] INFO  impl.RoleInfo (RoleInfo.java:updateAndGet(143)) - 33ab51e1-850e-4e00-b198-bc2fea023149: start FollowerState
2019-09-12 01:40:54,454 [pool-403-thread-1] INFO  util.JmxRegister (JmxRegister.java:tryRegister(44)) - Successfully registered JMX Bean with object name Ratis:service=RaftServer,group=group-0DF4C57A6DD9,id=33ab51e1-850e-4e00-b198-bc2fea023149
2019-09-12 01:40:54,457 [RatisPipelineUtilsThread] INFO  pipeline.PipelineStateManager (PipelineStateManager.java:addPipeline(56)) - Created pipeline Pipeline[ Id: 2da14314-9322-4fd9-9834-0df4c57a6dd9, Nodes: 33ab51e1-850e-4e00-b198-bc2fea023149{ip: 192.168.5.171, host: pr-hdds-2007-7njtk-1085629304, networkLocation: /default-rack, certSerialId: null}, Type:RATIS, Factor:ONE, State:OPEN]
2019-09-12 01:40:54,475 [grpc-default-executor-3] INFO  impl.RaftServerProxy (RaftServerProxy.java:addNew(89)) - d649c276-746f-471c-853f-e4f93cee865e: addNew group-675E09E942D8:[33ab51e1-850e-4e00-b198-bc2fea023149:192.168.5.171:33951, 5064e46d-2f39-4360-9715-89395492d4a7:192.168.5.171:38496, d649c276-746f-471c-853f-e4f93cee865e:192.168.5.171:44186] returns group-675E09E942D8:java.util.concurrent.CompletableFuture@25ab1b5c[Not completed]
2019-09-12 01:40:54,475 [grpc-default-executor-2] INFO  impl.RaftServerProxy (RaftServerProxy.java:addNew(89)) - 33ab51e1-850e-4e00-b198-bc2fea023149: addNew group-675E09E942D8:[33ab51e1-850e-4e00-b198-bc2fea023149:192.168.5.171:33951, 5064e46d-2f39-4360-9715-89395492d4a7:192.168.5.171:38496, d649c276-746f-471c-853f-e4f93cee865e:192.168.5.171:44186] returns group-675E09E942D8:java.util.concurrent.CompletableFuture@361ee6bb[Not completed]
2019-09-12 01:40:54,476 [grpc-default-executor-4] INFO  impl.RaftServerProxy (RaftServerProxy.java:addNew(89)) - 5064e46d-2f39-4360-9715-89395492d4a7: addNew group-675E09E942D8:[33ab51e1-850e-4e00-b198-bc2fea023149:192.168.5.171:33951, 5064e46d-2f39-4360-9715-89395492d4a7:192.168.5.171:38496, d649c276-746f-471c-853f-e4f93cee865e:192.168.5.171:44186] returns group-675E09E942D8:java.util.concurrent.CompletableFuture@7317b7aa[Not completed]
2019-09-12 01:40:54,477 [pool-393-thread-1] INFO  impl.RaftServerImpl (RaftServerImpl.java:<init>(93)) - d649c276-746f-471c-853f-e4f93cee865e: new RaftServerImpl for group-675E09E942D8:[33ab51e1-850e-4e00-b198-bc2fea023149:192.168.5.171:33951, 5064e46d-2f39-4360-9715-89395492d4a7:192.168.5.171:38496, d649c276-746f-471c-853f-e4f93cee865e:192.168.5.171:44186] with ContainerStateMachine:uninitialized
2019-09-12 01:40:54,477 [pool-393-thread-1] INFO  server.RaftServerConfigKeys (ConfUtils.java:logGet(43)) - raft.server.rpc.timeout.min = 5s (custom)
2019-09-12 01:40:54,477 [pool-393-thread-1] INFO  server.RaftServerConfigKeys (ConfUtils.java:logGet(43)) - raft.server.rpc.timeout.max = 5200ms (custom)
2019-09-12 01:40:54,477 [pool-393-thread-1] INFO  server.RaftServerConfigKeys (ConfUtils.java:logGet(43)) - raft.server.rpcslowness.timeout = 120s (custom)
2019-09-12 01:40:54,477 [pool-383-thread-1] INFO  impl.RaftServerImpl (RaftServerImpl.java:<init>(93)) - 5064e46d-2f39-4360-9715-89395492d4a7: new RaftServerImpl for group-675E09E942D8:[33ab51e1-850e-4e00-b198-bc2fea023149:192.168.5.171:33951, 5064e46d-2f39-4360-9715-89395492d4a7:192.168.5.171:38496, d649c276-746f-471c-853f-e4f93cee865e:192.168.5.171:44186] with ContainerStateMachine:uninitialized
2019-09-12 01:40:54,477 [pool-393-thread-1] INFO  server.RaftServerConfigKeys (ConfUtils.java:logGet(43)) - raft.server.sleep.deviation.threshold = 300 (default)
2019-09-12 01:40:54,478 [pool-383-thread-1] INFO  server.RaftServerConfigKeys (ConfUtils.java:logGet(43)) - raft.server.rpc.timeout.min = 5s (custom)
2019-09-12 01:40:54,478 [pool-403-thread-1] INFO  impl.RaftServerImpl (RaftServerImpl.java:<init>(93)) - 33ab51e1-850e-4e00-b198-bc2fea023149: new RaftServerImpl for group-675E09E942D8:[33ab51e1-850e-4e00-b198-bc2fea023149:192.168.5.171:33951, 5064e46d-2f39-4360-9715-89395492d4a7:192.168.5.171:38496, d649c276-746f-471c-853f-e4f93cee865e:192.168.5.171:44186] with ContainerStateMachine:uninitialized
2019-09-12 01:40:54,478 [pool-393-thread-1] INFO  server.RaftServerConfigKeys (ConfUtils.java:logGet(43)) - raft.server.log.appender.install.snapshot.enabled = false (custom)
2019-09-12 01:40:54,478 [pool-403-thread-1] INFO  server.RaftServerConfigKeys (ConfUtils.java:logGet(43)) - raft.server.rpc.timeout.min = 5s (custom)
2019-09-12 01:40:54,478 [IPC Server handler 14 on 36613] INFO  net.NetworkTopology (NetworkTopologyImpl.java:add(110)) - Added a new node: /default-rack/6b3955da-b50a-448e-98f8-bfdbc3037ace
2019-09-12 01:40:54,478 [pool-383-thread-1] INFO  server.RaftServerConfigKeys (ConfUtils.java:logGet(43)) - raft.server.rpc.timeout.max = 5200ms (custom)
2019-09-12 01:40:54,479 [IPC Server handler 14 on 36613] INFO  node.SCMNodeManager (SCMNodeManager.java:register(266)) - Registered Data node : 6b3955da-b50a-448e-98f8-bfdbc3037ace{ip: 192.168.5.171, host: pr-hdds-2007-7njtk-1085629304, networkLocation: /default-rack, certSerialId: null}
2019-09-12 01:40:54,478 [pool-403-thread-1] INFO  server.RaftServerConfigKeys (ConfUtils.java:logGet(43)) - raft.server.rpc.timeout.max = 5200ms (custom)
2019-09-12 01:40:54,479 [pool-403-thread-1] INFO  server.RaftServerConfigKeys (ConfUtils.java:logGet(43)) - raft.server.rpcslowness.timeout = 120s (custom)
2019-09-12 01:40:54,478 [pool-393-thread-1] INFO  impl.RaftServerImpl (ServerState.java:<init>(105)) - d649c276-746f-471c-853f-e4f93cee865e:group-675E09E942D8 ConfigurationManager, init=-1: [33ab51e1-850e-4e00-b198-bc2fea023149:192.168.5.171:33951, 5064e46d-2f39-4360-9715-89395492d4a7:192.168.5.171:38496, d649c276-746f-471c-853f-e4f93cee865e:192.168.5.171:44186], old=null, confs=<EMPTY_MAP>
2019-09-12 01:40:54,479 [pool-403-thread-1] INFO  server.RaftServerConfigKeys (ConfUtils.java:logGet(43)) - raft.server.sleep.deviation.threshold = 300 (default)
2019-09-12 01:40:54,479 [pool-383-thread-1] INFO  server.RaftServerConfigKeys (ConfUtils.java:logGet(43)) - raft.server.rpcslowness.timeout = 120s (custom)
2019-09-12 01:40:54,480 [pool-403-thread-1] INFO  server.RaftServerConfigKeys (ConfUtils.java:logGet(43)) - raft.server.log.appender.install.snapshot.enabled = false (custom)
2019-09-12 01:40:54,480 [pool-393-thread-1] INFO  server.RaftServerConfigKeys (ConfUtils.java:logGet(43)) - raft.server.storage.dir = [/workdir/hadoop-ozone/integration-test/target/test-dir/MiniOzoneClusterImpl-abc8d6a0-4de7-4118-b7f5-03680b1d5f31/datanode-1/data/ratis] (custom)
2019-09-12 01:40:54,480 [pool-403-thread-1] INFO  impl.RaftServerImpl (ServerState.java:<init>(105)) - 33ab51e1-850e-4e00-b198-bc2fea023149:group-675E09E942D8 ConfigurationManager, init=-1: [33ab51e1-850e-4e00-b198-bc2fea023149:192.168.5.171:33951, 5064e46d-2f39-4360-9715-89395492d4a7:192.168.5.171:38496, d649c276-746f-471c-853f-e4f93cee865e:192.168.5.171:44186], old=null, confs=<EMPTY_MAP>
2019-09-12 01:40:54,480 [pool-383-thread-1] INFO  server.RaftServerConfigKeys (ConfUtils.java:logGet(43)) - raft.server.sleep.deviation.threshold = 300 (default)
2019-09-12 01:40:54,480 [pool-403-thread-1] INFO  server.RaftServerConfigKeys (ConfUtils.java:logGet(43)) - raft.server.storage.dir = [/workdir/hadoop-ozone/integration-test/target/test-dir/MiniOzoneClusterImpl-abc8d6a0-4de7-4118-b7f5-03680b1d5f31/datanode-2/data/ratis] (custom)
2019-09-12 01:40:54,480 [pool-393-thread-1] INFO  storage.RaftStorageDirectory (RaftStorageDirectory.java:analyzeStorage(246)) - The storage directory /workdir/hadoop-ozone/integration-test/target/test-dir/MiniOzoneClusterImpl-abc8d6a0-4de7-4118-b7f5-03680b1d5f31/datanode-1/data/ratis/6b349a4e-b092-4c18-8418-675e09e942d8 does not exist. Creating ...
2019-09-12 01:40:54,481 [pool-383-thread-1] INFO  server.RaftServerConfigKeys (ConfUtils.java:logGet(43)) - raft.server.log.appender.install.snapshot.enabled = false (custom)
2019-09-12 01:40:54,481 [pool-403-thread-1] INFO  storage.RaftStorageDirectory (RaftStorageDirectory.java:analyzeStorage(246)) - The storage directory /workdir/hadoop-ozone/integration-test/target/test-dir/MiniOzoneClusterImpl-abc8d6a0-4de7-4118-b7f5-03680b1d5f31/datanode-2/data/ratis/6b349a4e-b092-4c18-8418-675e09e942d8 does not exist. Creating ...
2019-09-12 01:40:54,481 [pool-383-thread-1] INFO  impl.RaftServerImpl (ServerState.java:<init>(105)) - 5064e46d-2f39-4360-9715-89395492d4a7:group-675E09E942D8 ConfigurationManager, init=-1: [33ab51e1-850e-4e00-b198-bc2fea023149:192.168.5.171:33951, 5064e46d-2f39-4360-9715-89395492d4a7:192.168.5.171:38496, d649c276-746f-471c-853f-e4f93cee865e:192.168.5.171:44186], old=null, confs=<EMPTY_MAP>
2019-09-12 01:40:54,481 [pool-383-thread-1] INFO  server.RaftServerConfigKeys (ConfUtils.java:logGet(43)) - raft.server.storage.dir = [/workdir/hadoop-ozone/integration-test/target/test-dir/MiniOzoneClusterImpl-abc8d6a0-4de7-4118-b7f5-03680b1d5f31/datanode-0/data/ratis] (custom)
2019-09-12 01:40:54,482 [pool-383-thread-1] INFO  storage.RaftStorageDirectory (RaftStorageDirectory.java:analyzeStorage(246)) - The storage directory /workdir/hadoop-ozone/integration-test/target/test-dir/MiniOzoneClusterImpl-abc8d6a0-4de7-4118-b7f5-03680b1d5f31/datanode-0/data/ratis/6b349a4e-b092-4c18-8418-675e09e942d8 does not exist. Creating ...
2019-09-12 01:40:54,511 [pool-393-thread-1] INFO  storage.RaftStorageDirectory (RaftStorageDirectory.java:tryLock(328)) - Lock on /workdir/hadoop-ozone/integration-test/target/test-dir/MiniOzoneClusterImpl-abc8d6a0-4de7-4118-b7f5-03680b1d5f31/datanode-1/data/ratis/6b349a4e-b092-4c18-8418-675e09e942d8/in_use.lock acquired by nodename 22335@pr-hdds-2007-7njtk-1085629304
2019-09-12 01:40:54,511 [pool-383-thread-1] INFO  storage.RaftStorageDirectory (RaftStorageDirectory.java:tryLock(328)) - Lock on /workdir/hadoop-ozone/integration-test/target/test-dir/MiniOzoneClusterImpl-abc8d6a0-4de7-4118-b7f5-03680b1d5f31/datanode-0/data/ratis/6b349a4e-b092-4c18-8418-675e09e942d8/in_use.lock acquired by nodename 22335@pr-hdds-2007-7njtk-1085629304
2019-09-12 01:40:54,511 [pool-403-thread-1] INFO  storage.RaftStorageDirectory (RaftStorageDirectory.java:tryLock(328)) - Lock on /workdir/hadoop-ozone/integration-test/target/test-dir/MiniOzoneClusterImpl-abc8d6a0-4de7-4118-b7f5-03680b1d5f31/datanode-2/data/ratis/6b349a4e-b092-4c18-8418-675e09e942d8/in_use.lock acquired by nodename 22335@pr-hdds-2007-7njtk-1085629304
2019-09-12 01:40:54,555 [pool-393-thread-1] INFO  storage.RaftStorage (RaftStorage.java:format(72)) - Storage directory /workdir/hadoop-ozone/integration-test/target/test-dir/MiniOzoneClusterImpl-abc8d6a0-4de7-4118-b7f5-03680b1d5f31/datanode-1/data/ratis/6b349a4e-b092-4c18-8418-675e09e942d8 has been successfully formatted.
2019-09-12 01:40:54,555 [pool-403-thread-1] INFO  storage.RaftStorage (RaftStorage.java:format(72)) - Storage directory /workdir/hadoop-ozone/integration-test/target/test-dir/MiniOzoneClusterImpl-abc8d6a0-4de7-4118-b7f5-03680b1d5f31/datanode-2/data/ratis/6b349a4e-b092-4c18-8418-675e09e942d8 has been successfully formatted.
2019-09-12 01:40:54,555 [pool-393-thread-1] INFO  ratis.ContainerStateMachine (ContainerStateMachine.java:loadSnapshot(227)) - group-675E09E942D8: The snapshot info is null. Setting the last applied indexto:(t:0, i:~)
2019-09-12 01:40:54,555 [pool-383-thread-1] INFO  storage.RaftStorage (RaftStorage.java:format(72)) - Storage directory /workdir/hadoop-ozone/integration-test/target/test-dir/MiniOzoneClusterImpl-abc8d6a0-4de7-4118-b7f5-03680b1d5f31/datanode-0/data/ratis/6b349a4e-b092-4c18-8418-675e09e942d8 has been successfully formatted.
2019-09-12 01:40:54,555 [pool-393-thread-1] INFO  server.RaftServerConfigKeys (ConfUtils.java:logGet(43)) - raft.server.leader.election.timeout = 120s (custom)
2019-09-12 01:40:54,555 [pool-403-thread-1] INFO  ratis.ContainerStateMachine (ContainerStateMachine.java:loadSnapshot(227)) - group-675E09E942D8: The snapshot info is null. Setting the last applied indexto:(t:0, i:~)
2019-09-12 01:40:54,556 [pool-383-thread-1] INFO  ratis.ContainerStateMachine (ContainerStateMachine.java:loadSnapshot(227)) - group-675E09E942D8: The snapshot info is null. Setting the last applied indexto:(t:0, i:~)
2019-09-12 01:40:54,556 [pool-393-thread-1] INFO  server.RaftServerConfigKeys (ConfUtils.java:logGet(43)) - raft.server.log.use.memory = false (default)
2019-09-12 01:40:54,556 [pool-383-thread-1] INFO  server.RaftServerConfigKeys (ConfUtils.java:logGet(43)) - raft.server.leader.election.timeout = 120s (custom)
2019-09-12 01:40:54,556 [pool-403-thread-1] INFO  server.RaftServerConfigKeys (ConfUtils.java:logGet(43)) - raft.server.leader.election.timeout = 120s (custom)
2019-09-12 01:40:54,556 [pool-383-thread-1] INFO  server.RaftServerConfigKeys (ConfUtils.java:logGet(43)) - raft.server.log.use.memory = false (default)
2019-09-12 01:40:54,556 [pool-393-thread-1] INFO  server.RaftServerConfigKeys (ConfUtils.java:logGet(43)) - raft.server.log.purge.gap = 1000000 (custom)
2019-09-12 01:40:54,557 [pool-383-thread-1] INFO  server.RaftServerConfigKeys (ConfUtils.java:logGet(43)) - raft.server.log.purge.gap = 1000000 (custom)
2019-09-12 01:40:54,556 [pool-403-thread-1] INFO  server.RaftServerConfigKeys (ConfUtils.java:logGet(43)) - raft.server.log.use.memory = false (default)
2019-09-12 01:40:54,557 [pool-383-thread-1] INFO  server.RaftServerConfigKeys (ConfUtils.java:logGet(43)) - raft.server.log.appender.buffer.byte-limit = 33554432 (custom)
2019-09-12 01:40:54,557 [pool-393-thread-1] INFO  server.RaftServerConfigKeys (ConfUtils.java:logGet(43)) - raft.server.log.appender.buffer.byte-limit = 33554432 (custom)
2019-09-12 01:40:54,557 [pool-383-thread-1] INFO  server.RaftServerConfigKeys (ConfUtils.java:logGet(43)) - raft.server.log.segment.size.max = 1048576 (custom)
2019-09-12 01:40:54,557 [pool-403-thread-1] INFO  server.RaftServerConfigKeys (ConfUtils.java:logGet(43)) - raft.server.log.purge.gap = 1000000 (custom)
2019-09-12 01:40:54,558 [pool-383-thread-1] INFO  server.RaftServerConfigKeys (ConfUtils.java:logGet(43)) - raft.server.log.segment.cache.num.max = 2 (custom)
2019-09-12 01:40:54,558 [pool-393-thread-1] INFO  server.RaftServerConfigKeys (ConfUtils.java:logGet(43)) - raft.server.log.segment.size.max = 1048576 (custom)
2019-09-12 01:40:54,558 [pool-383-thread-1] INFO  segmented.SegmentedRaftLogWorker (SegmentedRaftLogWorker.java:<init>(172)) - new 5064e46d-2f39-4360-9715-89395492d4a7-SegmentedRaftLogWorker:Storage Directory /workdir/hadoop-ozone/integration-test/target/test-dir/MiniOzoneClusterImpl-abc8d6a0-4de7-4118-b7f5-03680b1d5f31/datanode-0/data/ratis/6b349a4e-b092-4c18-8418-675e09e942d8 for RaftStorage:Storage Directory /workdir/hadoop-ozone/integration-test/target/test-dir/MiniOzoneClusterImpl-abc8d6a0-4de7-4118-b7f5-03680b1d5f31/datanode-0/data/ratis/6b349a4e-b092-4c18-8418-675e09e942d8
2019-09-12 01:40:54,558 [pool-403-thread-1] INFO  server.RaftServerConfigKeys (ConfUtils.java:logGet(43)) - raft.server.log.appender.buffer.byte-limit = 33554432 (custom)
2019-09-12 01:40:54,558 [pool-383-thread-1] INFO  server.RaftServerConfigKeys (ConfUtils.java:logGet(43)) - raft.server.log.queue.byte-limit = 2147483647 (custom)
2019-09-12 01:40:54,558 [pool-393-thread-1] INFO  server.RaftServerConfigKeys (ConfUtils.java:logGet(43)) - raft.server.log.segment.cache.num.max = 2 (custom)
2019-09-12 01:40:54,559 [pool-383-thread-1] INFO  server.RaftServerConfigKeys (ConfUtils.java:logGet(43)) - raft.server.log.queue.element-limit = 1024 (custom)
2019-09-12 01:40:54,559 [pool-403-thread-1] INFO  server.RaftServerConfigKeys (ConfUtils.java:logGet(43)) - raft.server.log.segment.size.max = 1048576 (custom)
2019-09-12 01:40:54,559 [pool-383-thread-1] INFO  server.RaftServerConfigKeys (ConfUtils.java:logGet(43)) - raft.server.log.segment.size.max = 1048576 (custom)
2019-09-12 01:40:54,559 [pool-393-thread-1] INFO  segmented.SegmentedRaftLogWorker (SegmentedRaftLogWorker.java:<init>(172)) - new d649c276-746f-471c-853f-e4f93cee865e-SegmentedRaftLogWorker:Storage Directory /workdir/hadoop-ozone/integration-test/target/test-dir/MiniOzoneClusterImpl-abc8d6a0-4de7-4118-b7f5-03680b1d5f31/datanode-1/data/ratis/6b349a4e-b092-4c18-8418-675e09e942d8 for RaftStorage:Storage Directory /workdir/hadoop-ozone/integration-test/target/test-dir/MiniOzoneClusterImpl-abc8d6a0-4de7-4118-b7f5-03680b1d5f31/datanode-1/data/ratis/6b349a4e-b092-4c18-8418-675e09e942d8
2019-09-12 01:40:54,560 [pool-383-thread-1] INFO  server.RaftServerConfigKeys (ConfUtils.java:logGet(43)) - raft.server.log.preallocated.size = 16384 (custom)
2019-09-12 01:40:54,559 [pool-403-thread-1] INFO  server.RaftServerConfigKeys (ConfUtils.java:logGet(43)) - raft.server.log.segment.cache.num.max = 2 (custom)
2019-09-12 01:40:54,560 [pool-383-thread-1] INFO  server.RaftServerConfigKeys (ConfUtils.java:logGet(43)) - raft.server.log.write.buffer.size = 33554432 (custom)
2019-09-12 01:40:54,560 [pool-393-thread-1] INFO  server.RaftServerConfigKeys (ConfUtils.java:logGet(43)) - raft.server.log.queue.byte-limit = 2147483647 (custom)
2019-09-12 01:40:54,560 [pool-383-thread-1] INFO  server.RaftServerConfigKeys (ConfUtils.java:logGet(43)) - raft.server.log.force.sync.num = 128 (default)
2019-09-12 01:40:54,560 [pool-403-thread-1] INFO  segmented.SegmentedRaftLogWorker (SegmentedRaftLogWorker.java:<init>(172)) - new 33ab51e1-850e-4e00-b198-bc2fea023149-SegmentedRaftLogWorker:Storage Directory /workdir/hadoop-ozone/integration-test/target/test-dir/MiniOzoneClusterImpl-abc8d6a0-4de7-4118-b7f5-03680b1d5f31/datanode-2/data/ratis/6b349a4e-b092-4c18-8418-675e09e942d8 for RaftStorage:Storage Directory /workdir/hadoop-ozone/integration-test/target/test-dir/MiniOzoneClusterImpl-abc8d6a0-4de7-4118-b7f5-03680b1d5f31/datanode-2/data/ratis/6b349a4e-b092-4c18-8418-675e09e942d8
2019-09-12 01:40:54,560 [pool-383-thread-1] INFO  server.RaftServerConfigKeys (ConfUtils.java:logGet(43)) - raft.server.log.statemachine.data.sync = true (default)
2019-09-12 01:40:54,560 [pool-393-thread-1] INFO  server.RaftServerConfigKeys (ConfUtils.java:logGet(43)) - raft.server.log.queue.element-limit = 1024 (custom)
2019-09-12 01:40:54,561 [pool-383-thread-1] INFO  server.RaftServerConfigKeys (ConfUtils.java:logGet(43)) - raft.server.log.statemachine.data.sync.timeout = 10s (default)
2019-09-12 01:40:54,561 [pool-403-thread-1] INFO  server.RaftServerConfigKeys (ConfUtils.java:logGet(43)) - raft.server.log.queue.byte-limit = 2147483647 (custom)
2019-09-12 01:40:54,561 [pool-383-thread-1] INFO  server.RaftServerConfigKeys (ConfUtils.java:logGet(43)) - raft.server.log.statemachine.data.sync.timeout.retry = -1 (default)
2019-09-12 01:40:54,561 [pool-393-thread-1] INFO  server.RaftServerConfigKeys (ConfUtils.java:logGet(43)) - raft.server.log.segment.size.max = 1048576 (custom)
2019-09-12 01:40:54,562 [pool-383-thread-1] INFO  server.RaftServerConfigKeys (ConfUtils.java:logGet(43)) - raft.server.log.statemachine.data.caching.enabled = true (custom)
2019-09-12 01:40:54,561 [pool-403-thread-1] INFO  server.RaftServerConfigKeys (ConfUtils.java:logGet(43)) - raft.server.log.queue.element-limit = 1024 (custom)
2019-09-12 01:40:54,562 [pool-393-thread-1] INFO  server.RaftServerConfigKeys (ConfUtils.java:logGet(43)) - raft.server.log.preallocated.size = 16384 (custom)
2019-09-12 01:40:54,562 [pool-383-thread-1] INFO  segmented.SegmentedRaftLogWorker (SegmentedRaftLogWorker.java:lambda$new$0(132)) - 5064e46d-2f39-4360-9715-89395492d4a7-SegmentedRaftLogWorker:Storage Directory /workdir/hadoop-ozone/integration-test/target/test-dir/MiniOzoneClusterImpl-abc8d6a0-4de7-4118-b7f5-03680b1d5f31/datanode-0/data/ratis/6b349a4e-b092-4c18-8418-675e09e942d8: flushIndex: setUnconditionally 0 -> -1
2019-09-12 01:40:54,562 [pool-403-thread-1] INFO  server.RaftServerConfigKeys (ConfUtils.java:logGet(43)) - raft.server.log.segment.size.max = 1048576 (custom)
2019-09-12 01:40:54,563 [pool-383-thread-1] INFO  server.RaftServerConfigKeys (ConfUtils.java:logGet(43)) - raft.server.snapshot.auto.trigger.enabled = true (custom)
2019-09-12 01:40:54,562 [pool-393-thread-1] INFO  server.RaftServerConfigKeys (ConfUtils.java:logGet(43)) - raft.server.log.write.buffer.size = 33554432 (custom)
2019-09-12 01:40:54,563 [pool-383-thread-1] INFO  server.RaftServerConfigKeys (ConfUtils.java:logGet(43)) - raft.server.snapshot.auto.trigger.threshold = 10000 (custom)
2019-09-12 01:40:54,563 [pool-403-thread-1] INFO  server.RaftServerConfigKeys (ConfUtils.java:logGet(43)) - raft.server.log.preallocated.size = 16384 (custom)
2019-09-12 01:40:54,563 [pool-383-thread-1] INFO  server.RaftServerConfigKeys (ConfUtils.java:logGet(43)) - raft.server.retrycache.expirytime = 600000ms (custom)
2019-09-12 01:40:54,563 [pool-393-thread-1] INFO  server.RaftServerConfigKeys (ConfUtils.java:logGet(43)) - raft.server.log.force.sync.num = 128 (default)
2019-09-12 01:40:54,564 [pool-383-thread-1] INFO  impl.RaftServerImpl (RaftServerImpl.java:start(180)) - 5064e46d-2f39-4360-9715-89395492d4a7: start group-675E09E942D8
2019-09-12 01:40:54,563 [pool-403-thread-1] INFO  server.RaftServerConfigKeys (ConfUtils.java:logGet(43)) - raft.server.log.write.buffer.size = 33554432 (custom)
2019-09-12 01:40:54,564 [pool-383-thread-1] INFO  impl.RaftServerImpl (RaftServerImpl.java:setRole(171)) - 5064e46d-2f39-4360-9715-89395492d4a7:group-675E09E942D8 changes role from null to FOLLOWER at term 0 for startAsFollower
2019-09-12 01:40:54,564 [pool-393-thread-1] INFO  server.RaftServerConfigKeys (ConfUtils.java:logGet(43)) - raft.server.log.statemachine.data.sync = true (default)
2019-09-12 01:40:54,564 [pool-383-thread-1] INFO  impl.RoleInfo (RoleInfo.java:updateAndGet(143)) - 5064e46d-2f39-4360-9715-89395492d4a7: start FollowerState
2019-09-12 01:40:54,564 [pool-403-thread-1] INFO  server.RaftServerConfigKeys (ConfUtils.java:logGet(43)) - raft.server.log.force.sync.num = 128 (default)
2019-09-12 01:40:54,564 [pool-393-thread-1] INFO  server.RaftServerConfigKeys (ConfUtils.java:logGet(43)) - raft.server.log.statemachine.data.sync.timeout = 10s (default)
2019-09-12 01:40:54,565 [pool-393-thread-1] INFO  server.RaftServerConfigKeys (ConfUtils.java:logGet(43)) - raft.server.log.statemachine.data.sync.timeout.retry = -1 (default)
2019-09-12 01:40:54,565 [pool-403-thread-1] INFO  server.RaftServerConfigKeys (ConfUtils.java:logGet(43)) - raft.server.log.statemachine.data.sync = true (default)
2019-09-12 01:40:54,565 [pool-393-thread-1] INFO  server.RaftServerConfigKeys (ConfUtils.java:logGet(43)) - raft.server.log.statemachine.data.caching.enabled = true (custom)
2019-09-12 01:40:54,565 [pool-383-thread-1] INFO  util.JmxRegister (JmxRegister.java:tryRegister(44)) - Successfully registered JMX Bean with object name Ratis:service=RaftServer,group=group-675E09E942D8,id=5064e46d-2f39-4360-9715-89395492d4a7
2019-09-12 01:40:54,565 [pool-393-thread-1] INFO  segmented.SegmentedRaftLogWorker (SegmentedRaftLogWorker.java:lambda$new$0(132)) - d649c276-746f-471c-853f-e4f93cee865e-SegmentedRaftLogWorker:Storage Directory /workdir/hadoop-ozone/integration-test/target/test-dir/MiniOzoneClusterImpl-abc8d6a0-4de7-4118-b7f5-03680b1d5f31/datanode-1/data/ratis/6b349a4e-b092-4c18-8418-675e09e942d8: flushIndex: setUnconditionally 0 -> -1
2019-09-12 01:40:54,565 [pool-403-thread-1] INFO  server.RaftServerConfigKeys (ConfUtils.java:logGet(43)) - raft.server.log.statemachine.data.sync.timeout = 10s (default)
2019-09-12 01:40:54,566 [pool-393-thread-1] INFO  server.RaftServerConfigKeys (ConfUtils.java:logGet(43)) - raft.server.snapshot.auto.trigger.enabled = true (custom)
2019-09-12 01:40:54,566 [pool-403-thread-1] INFO  server.RaftServerConfigKeys (ConfUtils.java:logGet(43)) - raft.server.log.statemachine.data.sync.timeout.retry = -1 (default)
2019-09-12 01:40:54,566 [pool-393-thread-1] INFO  server.RaftServerConfigKeys (ConfUtils.java:logGet(43)) - raft.server.snapshot.auto.trigger.threshold = 10000 (custom)
2019-09-12 01:40:54,566 [pool-403-thread-1] INFO  server.RaftServerConfigKeys (ConfUtils.java:logGet(43)) - raft.server.log.statemachine.data.caching.enabled = true (custom)
2019-09-12 01:40:54,566 [pool-393-thread-1] INFO  server.RaftServerConfigKeys (ConfUtils.java:logGet(43)) - raft.server.retrycache.expirytime = 600000ms (custom)
2019-09-12 01:40:54,566 [pool-393-thread-1] INFO  impl.RaftServerImpl (RaftServerImpl.java:start(180)) - d649c276-746f-471c-853f-e4f93cee865e: start group-675E09E942D8
2019-09-12 01:40:54,566 [pool-403-thread-1] INFO  segmented.SegmentedRaftLogWorker (SegmentedRaftLogWorker.java:lambda$new$0(132)) - 33ab51e1-850e-4e00-b198-bc2fea023149-SegmentedRaftLogWorker:Storage Directory /workdir/hadoop-ozone/integration-test/target/test-dir/MiniOzoneClusterImpl-abc8d6a0-4de7-4118-b7f5-03680b1d5f31/datanode-2/data/ratis/6b349a4e-b092-4c18-8418-675e09e942d8: flushIndex: setUnconditionally 0 -> -1
2019-09-12 01:40:54,566 [pool-393-thread-1] INFO  impl.RaftServerImpl (RaftServerImpl.java:setRole(171)) - d649c276-746f-471c-853f-e4f93cee865e:group-675E09E942D8 changes role from null to FOLLOWER at term 0 for startAsFollower
2019-09-12 01:40:54,567 [pool-393-thread-1] INFO  impl.RoleInfo (RoleInfo.java:updateAndGet(143)) - d649c276-746f-471c-853f-e4f93cee865e: start FollowerState
2019-09-12 01:40:54,567 [pool-403-thread-1] INFO  server.RaftServerConfigKeys (ConfUtils.java:logGet(43)) - raft.server.snapshot.auto.trigger.enabled = true (custom)
2019-09-12 01:40:54,567 [pool-403-thread-1] INFO  server.RaftServerConfigKeys (ConfUtils.java:logGet(43)) - raft.server.snapshot.auto.trigger.threshold = 10000 (custom)
2019-09-12 01:40:54,567 [pool-393-thread-1] INFO  util.JmxRegister (JmxRegister.java:tryRegister(44)) - Successfully registered JMX Bean with object name Ratis:service=RaftServer,group=group-675E09E942D8,id=d649c276-746f-471c-853f-e4f93cee865e
2019-09-12 01:40:54,567 [pool-403-thread-1] INFO  server.RaftServerConfigKeys (ConfUtils.java:logGet(43)) - raft.server.retrycache.expirytime = 600000ms (custom)
2019-09-12 01:40:54,567 [pool-403-thread-1] INFO  impl.RaftServerImpl (RaftServerImpl.java:start(180)) - 33ab51e1-850e-4e00-b198-bc2fea023149: start group-675E09E942D8
2019-09-12 01:40:54,567 [pool-403-thread-1] INFO  impl.RaftServerImpl (RaftServerImpl.java:setRole(171)) - 33ab51e1-850e-4e00-b198-bc2fea023149:group-675E09E942D8 changes role from null to FOLLOWER at term 0 for startAsFollower
2019-09-12 01:40:54,568 [pool-403-thread-1] INFO  impl.RoleInfo (RoleInfo.java:updateAndGet(143)) - 33ab51e1-850e-4e00-b198-bc2fea023149: start FollowerState
2019-09-12 01:40:54,568 [pool-403-thread-1] INFO  util.JmxRegister (JmxRegister.java:tryRegister(44)) - Successfully registered JMX Bean with object name Ratis:service=RaftServer,group=group-675E09E942D8,id=33ab51e1-850e-4e00-b198-bc2fea023149
2019-09-12 01:40:54,570 [RatisPipelineUtilsThread] INFO  pipeline.PipelineStateManager (PipelineStateManager.java:addPipeline(56)) - Created pipeline Pipeline[ Id: 6b349a4e-b092-4c18-8418-675e09e942d8, Nodes: 33ab51e1-850e-4e00-b198-bc2fea023149{ip: 192.168.5.171, host: pr-hdds-2007-7njtk-1085629304, networkLocation: /default-rack, certSerialId: null}5064e46d-2f39-4360-9715-89395492d4a7{ip: 192.168.5.171, host: pr-hdds-2007-7njtk-1085629304, networkLocation: /default-rack, certSerialId: null}d649c276-746f-471c-853f-e4f93cee865e{ip: 192.168.5.171, host: pr-hdds-2007-7njtk-1085629304, networkLocation: /default-rack, certSerialId: null}, Type:RATIS, Factor:THREE, State:OPEN]
2019-09-12 01:40:54,595 [IPC Server handler 16 on 36613] INFO  net.NetworkTopology (NetworkTopologyImpl.java:add(110)) - Added a new node: /default-rack/26459f3f-5ead-418f-8158-5a2d7bcad176
2019-09-12 01:40:54,595 [IPC Server handler 16 on 36613] INFO  node.SCMNodeManager (SCMNodeManager.java:register(266)) - Registered Data node : 26459f3f-5ead-418f-8158-5a2d7bcad176{ip: 192.168.5.171, host: pr-hdds-2007-7njtk-1085629304, networkLocation: /default-rack, certSerialId: null}
2019-09-12 01:40:54,605 [grpc-default-executor-2] INFO  impl.RaftServerProxy (RaftServerProxy.java:addNew(89)) - 26459f3f-5ead-418f-8158-5a2d7bcad176: addNew group-92650E6F727E:[26459f3f-5ead-418f-8158-5a2d7bcad176:192.168.5.171:43955] returns group-92650E6F727E:java.util.concurrent.CompletableFuture@5de90936[Not completed]
2019-09-12 01:40:54,607 [pool-423-thread-1] INFO  impl.RaftServerImpl (RaftServerImpl.java:<init>(93)) - 26459f3f-5ead-418f-8158-5a2d7bcad176: new RaftServerImpl for group-92650E6F727E:[26459f3f-5ead-418f-8158-5a2d7bcad176:192.168.5.171:43955] with ContainerStateMachine:uninitialized
2019-09-12 01:40:54,607 [pool-423-thread-1] INFO  server.RaftServerConfigKeys (ConfUtils.java:logGet(43)) - raft.server.rpc.timeout.min = 5s (custom)
2019-09-12 01:40:54,607 [pool-423-thread-1] INFO  server.RaftServerConfigKeys (ConfUtils.java:logGet(43)) - raft.server.rpc.timeout.max = 5200ms (custom)
2019-09-12 01:40:54,607 [pool-423-thread-1] INFO  server.RaftServerConfigKeys (ConfUtils.java:logGet(43)) - raft.server.rpcslowness.timeout = 120s (custom)
2019-09-12 01:40:54,607 [pool-423-thread-1] INFO  server.RaftServerConfigKeys (ConfUtils.java:logGet(43)) - raft.server.sleep.deviation.threshold = 300 (default)
2019-09-12 01:40:54,607 [pool-423-thread-1] INFO  server.RaftServerConfigKeys (ConfUtils.java:logGet(43)) - raft.server.log.appender.install.snapshot.enabled = false (custom)
2019-09-12 01:40:54,607 [pool-423-thread-1] INFO  impl.RaftServerImpl (ServerState.java:<init>(105)) - 26459f3f-5ead-418f-8158-5a2d7bcad176:group-92650E6F727E ConfigurationManager, init=-1: [26459f3f-5ead-418f-8158-5a2d7bcad176:192.168.5.171:43955], old=null, confs=<EMPTY_MAP>
2019-09-12 01:40:54,608 [pool-423-thread-1] INFO  server.RaftServerConfigKeys (ConfUtils.java:logGet(43)) - raft.server.storage.dir = [/workdir/hadoop-ozone/integration-test/target/test-dir/MiniOzoneClusterImpl-abc8d6a0-4de7-4118-b7f5-03680b1d5f31/datanode-4/data/ratis] (custom)
2019-09-12 01:40:54,608 [pool-423-thread-1] INFO  storage.RaftStorageDirectory (RaftStorageDirectory.java:analyzeStorage(246)) - The storage directory /workdir/hadoop-ozone/integration-test/target/test-dir/MiniOzoneClusterImpl-abc8d6a0-4de7-4118-b7f5-03680b1d5f31/datanode-4/data/ratis/e1954bfa-bcad-49ac-8a45-92650e6f727e does not exist. Creating ...
2019-09-12 01:40:54,640 [pool-423-thread-1] INFO  storage.RaftStorageDirectory (RaftStorageDirectory.java:tryLock(328)) - Lock on /workdir/hadoop-ozone/integration-test/target/test-dir/MiniOzoneClusterImpl-abc8d6a0-4de7-4118-b7f5-03680b1d5f31/datanode-4/data/ratis/e1954bfa-bcad-49ac-8a45-92650e6f727e/in_use.lock acquired by nodename 22335@pr-hdds-2007-7njtk-1085629304
2019-09-12 01:40:54,678 [pool-423-thread-1] INFO  storage.RaftStorage (RaftStorage.java:format(72)) - Storage directory /workdir/hadoop-ozone/integration-test/target/test-dir/MiniOzoneClusterImpl-abc8d6a0-4de7-4118-b7f5-03680b1d5f31/datanode-4/data/ratis/e1954bfa-bcad-49ac-8a45-92650e6f727e has been successfully formatted.
2019-09-12 01:40:54,678 [pool-423-thread-1] INFO  ratis.ContainerStateMachine (ContainerStateMachine.java:loadSnapshot(227)) - group-92650E6F727E: The snapshot info is null. Setting the last applied indexto:(t:0, i:~)
2019-09-12 01:40:54,678 [pool-423-thread-1] INFO  server.RaftServerConfigKeys (ConfUtils.java:logGet(43)) - raft.server.leader.election.timeout = 120s (custom)
2019-09-12 01:40:54,678 [pool-423-thread-1] INFO  server.RaftServerConfigKeys (ConfUtils.java:logGet(43)) - raft.server.log.use.memory = false (default)
2019-09-12 01:40:54,678 [pool-423-thread-1] INFO  server.RaftServerConfigKeys (ConfUtils.java:logGet(43)) - raft.server.log.purge.gap = 1000000 (custom)
2019-09-12 01:40:54,678 [pool-423-thread-1] INFO  server.RaftServerConfigKeys (ConfUtils.java:logGet(43)) - raft.server.log.appender.buffer.byte-limit = 33554432 (custom)
2019-09-12 01:40:54,679 [pool-423-thread-1] INFO  server.RaftServerConfigKeys (ConfUtils.java:logGet(43)) - raft.server.log.segment.size.max = 1048576 (custom)
2019-09-12 01:40:54,679 [pool-423-thread-1] INFO  server.RaftServerConfigKeys (ConfUtils.java:logGet(43)) - raft.server.log.segment.cache.num.max = 2 (custom)
2019-09-12 01:40:54,679 [pool-423-thread-1] INFO  segmented.SegmentedRaftLogWorker (SegmentedRaftLogWorker.java:<init>(172)) - new 26459f3f-5ead-418f-8158-5a2d7bcad176-SegmentedRaftLogWorker:Storage Directory /workdir/hadoop-ozone/integration-test/target/test-dir/MiniOzoneClusterImpl-abc8d6a0-4de7-4118-b7f5-03680b1d5f31/datanode-4/data/ratis/e1954bfa-bcad-49ac-8a45-92650e6f727e for RaftStorage:Storage Directory /workdir/hadoop-ozone/integration-test/target/test-dir/MiniOzoneClusterImpl-abc8d6a0-4de7-4118-b7f5-03680b1d5f31/datanode-4/data/ratis/e1954bfa-bcad-49ac-8a45-92650e6f727e
2019-09-12 01:40:54,679 [pool-423-thread-1] INFO  server.RaftServerConfigKeys (ConfUtils.java:logGet(43)) - raft.server.log.queue.byte-limit = 2147483647 (custom)
2019-09-12 01:40:54,679 [pool-423-thread-1] INFO  server.RaftServerConfigKeys (ConfUtils.java:logGet(43)) - raft.server.log.queue.element-limit = 1024 (custom)
2019-09-12 01:40:54,680 [pool-423-thread-1] INFO  server.RaftServerConfigKeys (ConfUtils.java:logGet(43)) - raft.server.log.segment.size.max = 1048576 (custom)
2019-09-12 01:40:54,680 [pool-423-thread-1] INFO  server.RaftServerConfigKeys (ConfUtils.java:logGet(43)) - raft.server.log.preallocated.size = 16384 (custom)
2019-09-12 01:40:54,680 [pool-423-thread-1] INFO  server.RaftServerConfigKeys (ConfUtils.java:logGet(43)) - raft.server.log.write.buffer.size = 33554432 (custom)
2019-09-12 01:40:54,680 [pool-423-thread-1] INFO  server.RaftServerConfigKeys (ConfUtils.java:logGet(43)) - raft.server.log.force.sync.num = 128 (default)
2019-09-12 01:40:54,680 [pool-423-thread-1] INFO  server.RaftServerConfigKeys (ConfUtils.java:logGet(43)) - raft.server.log.statemachine.data.sync = true (default)
2019-09-12 01:40:54,681 [pool-423-thread-1] INFO  server.RaftServerConfigKeys (ConfUtils.java:logGet(43)) - raft.server.log.statemachine.data.sync.timeout = 10s (default)
2019-09-12 01:40:54,681 [pool-423-thread-1] INFO  server.RaftServerConfigKeys (ConfUtils.java:logGet(43)) - raft.server.log.statemachine.data.sync.timeout.retry = -1 (default)
2019-09-12 01:40:54,681 [pool-423-thread-1] INFO  server.RaftServerConfigKeys (ConfUtils.java:logGet(43)) - raft.server.log.statemachine.data.caching.enabled = true (custom)
2019-09-12 01:40:54,681 [pool-423-thread-1] INFO  segmented.SegmentedRaftLogWorker (SegmentedRaftLogWorker.java:lambda$new$0(132)) - 26459f3f-5ead-418f-8158-5a2d7bcad176-SegmentedRaftLogWorker:Storage Directory /workdir/hadoop-ozone/integration-test/target/test-dir/MiniOzoneClusterImpl-abc8d6a0-4de7-4118-b7f5-03680b1d5f31/datanode-4/data/ratis/e1954bfa-bcad-49ac-8a45-92650e6f727e: flushIndex: setUnconditionally 0 -> -1
2019-09-12 01:40:54,682 [pool-423-thread-1] INFO  server.RaftServerConfigKeys (ConfUtils.java:logGet(43)) - raft.server.snapshot.auto.trigger.enabled = true (custom)
2019-09-12 01:40:54,682 [pool-423-thread-1] INFO  server.RaftServerConfigKeys (ConfUtils.java:logGet(43)) - raft.server.snapshot.auto.trigger.threshold = 10000 (custom)
2019-09-12 01:40:54,682 [pool-423-thread-1] INFO  server.RaftServerConfigKeys (ConfUtils.java:logGet(43)) - raft.server.retrycache.expirytime = 600000ms (custom)
2019-09-12 01:40:54,682 [pool-423-thread-1] INFO  impl.RaftServerImpl (RaftServerImpl.java:start(180)) - 26459f3f-5ead-418f-8158-5a2d7bcad176: start group-92650E6F727E
2019-09-12 01:40:54,682 [pool-423-thread-1] INFO  impl.RaftServerImpl (RaftServerImpl.java:setRole(171)) - 26459f3f-5ead-418f-8158-5a2d7bcad176:group-92650E6F727E changes role from null to FOLLOWER at term 0 for startAsFollower
2019-09-12 01:40:54,683 [pool-423-thread-1] INFO  impl.RoleInfo (RoleInfo.java:updateAndGet(143)) - 26459f3f-5ead-418f-8158-5a2d7bcad176: start FollowerState
2019-09-12 01:40:54,683 [pool-423-thread-1] INFO  util.JmxRegister (JmxRegister.java:tryRegister(44)) - Successfully registered JMX Bean with object name Ratis:service=RaftServer,group=group-92650E6F727E,id=26459f3f-5ead-418f-8158-5a2d7bcad176
2019-09-12 01:40:54,685 [RatisPipelineUtilsThread] INFO  pipeline.PipelineStateManager (PipelineStateManager.java:addPipeline(56)) - Created pipeline Pipeline[ Id: e1954bfa-bcad-49ac-8a45-92650e6f727e, Nodes: 26459f3f-5ead-418f-8158-5a2d7bcad176{ip: 192.168.5.171, host: pr-hdds-2007-7njtk-1085629304, networkLocation: /default-rack, certSerialId: null}, Type:RATIS, Factor:ONE, State:OPEN]
2019-09-12 01:40:54,695 [grpc-default-executor-2] INFO  impl.RaftServerProxy (RaftServerProxy.java:addNew(89)) - 6b3955da-b50a-448e-98f8-bfdbc3037ace: addNew group-373D252DCAF5:[6b3955da-b50a-448e-98f8-bfdbc3037ace:192.168.5.171:43353] returns group-373D252DCAF5:java.util.concurrent.CompletableFuture@8af0820[Not completed]
2019-09-12 01:40:54,696 [pool-413-thread-1] INFO  impl.RaftServerImpl (RaftServerImpl.java:<init>(93)) - 6b3955da-b50a-448e-98f8-bfdbc3037ace: new RaftServerImpl for group-373D252DCAF5:[6b3955da-b50a-448e-98f8-bfdbc3037ace:192.168.5.171:43353] with ContainerStateMachine:uninitialized
2019-09-12 01:40:54,696 [pool-413-thread-1] INFO  server.RaftServerConfigKeys (ConfUtils.java:logGet(43)) - raft.server.rpc.timeout.min = 5s (custom)
2019-09-12 01:40:54,697 [pool-413-thread-1] INFO  server.RaftServerConfigKeys (ConfUtils.java:logGet(43)) - raft.server.rpc.timeout.max = 5200ms (custom)
2019-09-12 01:40:54,697 [pool-413-thread-1] INFO  server.RaftServerConfigKeys (ConfUtils.java:logGet(43)) - raft.server.rpcslowness.timeout = 120s (custom)
2019-09-12 01:40:54,697 [pool-413-thread-1] INFO  server.RaftServerConfigKeys (ConfUtils.java:logGet(43)) - raft.server.sleep.deviation.threshold = 300 (default)
2019-09-12 01:40:54,697 [pool-413-thread-1] INFO  server.RaftServerConfigKeys (ConfUtils.java:logGet(43)) - raft.server.log.appender.install.snapshot.enabled = false (custom)
2019-09-12 01:40:54,697 [pool-413-thread-1] INFO  impl.RaftServerImpl (ServerState.java:<init>(105)) - 6b3955da-b50a-448e-98f8-bfdbc3037ace:group-373D252DCAF5 ConfigurationManager, init=-1: [6b3955da-b50a-448e-98f8-bfdbc3037ace:192.168.5.171:43353], old=null, confs=<EMPTY_MAP>
2019-09-12 01:40:54,697 [pool-413-thread-1] INFO  server.RaftServerConfigKeys (ConfUtils.java:logGet(43)) - raft.server.storage.dir = [/workdir/hadoop-ozone/integration-test/target/test-dir/MiniOzoneClusterImpl-abc8d6a0-4de7-4118-b7f5-03680b1d5f31/datanode-3/data/ratis] (custom)
2019-09-12 01:40:54,698 [pool-413-thread-1] INFO  storage.RaftStorageDirectory (RaftStorageDirectory.java:analyzeStorage(246)) - The storage directory /workdir/hadoop-ozone/integration-test/target/test-dir/MiniOzoneClusterImpl-abc8d6a0-4de7-4118-b7f5-03680b1d5f31/datanode-3/data/ratis/319f5e8f-7ac1-4bbc-9ece-373d252dcaf5 does not exist. Creating ...
2019-09-12 01:40:54,707 [IPC Server handler 13 on 36613] INFO  net.NetworkTopology (NetworkTopologyImpl.java:add(110)) - Added a new node: /default-rack/611f231b-0bf6-4c34-83a3-1ffd71f92385
2019-09-12 01:40:54,707 [IPC Server handler 13 on 36613] INFO  node.SCMNodeManager (SCMNodeManager.java:register(266)) - Registered Data node : 611f231b-0bf6-4c34-83a3-1ffd71f92385{ip: 192.168.5.171, host: pr-hdds-2007-7njtk-1085629304, networkLocation: /default-rack, certSerialId: null}
2019-09-12 01:40:54,722 [pool-413-thread-1] INFO  storage.RaftStorageDirectory (RaftStorageDirectory.java:tryLock(328)) - Lock on /workdir/hadoop-ozone/integration-test/target/test-dir/MiniOzoneClusterImpl-abc8d6a0-4de7-4118-b7f5-03680b1d5f31/datanode-3/data/ratis/319f5e8f-7ac1-4bbc-9ece-373d252dcaf5/in_use.lock acquired by nodename 22335@pr-hdds-2007-7njtk-1085629304
2019-09-12 01:40:54,743 [pool-413-thread-1] INFO  storage.RaftStorage (RaftStorage.java:format(72)) - Storage directory /workdir/hadoop-ozone/integration-test/target/test-dir/MiniOzoneClusterImpl-abc8d6a0-4de7-4118-b7f5-03680b1d5f31/datanode-3/data/ratis/319f5e8f-7ac1-4bbc-9ece-373d252dcaf5 has been successfully formatted.
2019-09-12 01:40:54,743 [pool-413-thread-1] INFO  ratis.ContainerStateMachine (ContainerStateMachine.java:loadSnapshot(227)) - group-373D252DCAF5: The snapshot info is null. Setting the last applied indexto:(t:0, i:~)
2019-09-12 01:40:54,743 [pool-413-thread-1] INFO  server.RaftServerConfigKeys (ConfUtils.java:logGet(43)) - raft.server.leader.election.timeout = 120s (custom)
2019-09-12 01:40:54,743 [pool-413-thread-1] INFO  server.RaftServerConfigKeys (ConfUtils.java:logGet(43)) - raft.server.log.use.memory = false (default)
2019-09-12 01:40:54,743 [pool-413-thread-1] INFO  server.RaftServerConfigKeys (ConfUtils.java:logGet(43)) - raft.server.log.purge.gap = 1000000 (custom)
2019-09-12 01:40:54,744 [pool-413-thread-1] INFO  server.RaftServerConfigKeys (ConfUtils.java:logGet(43)) - raft.server.log.appender.buffer.byte-limit = 33554432 (custom)
2019-09-12 01:40:54,744 [pool-413-thread-1] INFO  server.RaftServerConfigKeys (ConfUtils.java:logGet(43)) - raft.server.log.segment.size.max = 1048576 (custom)
2019-09-12 01:40:54,744 [pool-413-thread-1] INFO  server.RaftServerConfigKeys (ConfUtils.java:logGet(43)) - raft.server.log.segment.cache.num.max = 2 (custom)
2019-09-12 01:40:54,744 [pool-413-thread-1] INFO  segmented.SegmentedRaftLogWorker (SegmentedRaftLogWorker.java:<init>(172)) - new 6b3955da-b50a-448e-98f8-bfdbc3037ace-SegmentedRaftLogWorker:Storage Directory /workdir/hadoop-ozone/integration-test/target/test-dir/MiniOzoneClusterImpl-abc8d6a0-4de7-4118-b7f5-03680b1d5f31/datanode-3/data/ratis/319f5e8f-7ac1-4bbc-9ece-373d252dcaf5 for RaftStorage:Storage Directory /workdir/hadoop-ozone/integration-test/target/test-dir/MiniOzoneClusterImpl-abc8d6a0-4de7-4118-b7f5-03680b1d5f31/datanode-3/data/ratis/319f5e8f-7ac1-4bbc-9ece-373d252dcaf5
2019-09-12 01:40:54,744 [pool-413-thread-1] INFO  server.RaftServerConfigKeys (ConfUtils.java:logGet(43)) - raft.server.log.queue.byte-limit = 2147483647 (custom)
2019-09-12 01:40:54,744 [pool-413-thread-1] INFO  server.RaftServerConfigKeys (ConfUtils.java:logGet(43)) - raft.server.log.queue.element-limit = 1024 (custom)
2019-09-12 01:40:54,745 [pool-413-thread-1] INFO  server.RaftServerConfigKeys (ConfUtils.java:logGet(43)) - raft.server.log.segment.size.max = 1048576 (custom)
2019-09-12 01:40:54,745 [pool-413-thread-1] INFO  server.RaftServerConfigKeys (ConfUtils.java:logGet(43)) - raft.server.log.preallocated.size = 16384 (custom)
2019-09-12 01:40:54,745 [pool-413-thread-1] INFO  server.RaftServerConfigKeys (ConfUtils.java:logGet(43)) - raft.server.log.write.buffer.size = 33554432 (custom)
2019-09-12 01:40:54,745 [pool-413-thread-1] INFO  server.RaftServerConfigKeys (ConfUtils.java:logGet(43)) - raft.server.log.force.sync.num = 128 (default)
2019-09-12 01:40:54,745 [pool-413-thread-1] INFO  server.RaftServerConfigKeys (ConfUtils.java:logGet(43)) - raft.server.log.statemachine.data.sync = true (default)
2019-09-12 01:40:54,745 [pool-413-thread-1] INFO  server.RaftServerConfigKeys (ConfUtils.java:logGet(43)) - raft.server.log.statemachine.data.sync.timeout = 10s (default)
2019-09-12 01:40:54,745 [pool-413-thread-1] INFO  server.RaftServerConfigKeys (ConfUtils.java:logGet(43)) - raft.server.log.statemachine.data.sync.timeout.retry = -1 (default)
2019-09-12 01:40:54,746 [pool-413-thread-1] INFO  server.RaftServerConfigKeys (ConfUtils.java:logGet(43)) - raft.server.log.statemachine.data.caching.enabled = true (custom)
2019-09-12 01:40:54,746 [pool-413-thread-1] INFO  segmented.SegmentedRaftLogWorker (SegmentedRaftLogWorker.java:lambda$new$0(132)) - 6b3955da-b50a-448e-98f8-bfdbc3037ace-SegmentedRaftLogWorker:Storage Directory /workdir/hadoop-ozone/integration-test/target/test-dir/MiniOzoneClusterImpl-abc8d6a0-4de7-4118-b7f5-03680b1d5f31/datanode-3/data/ratis/319f5e8f-7ac1-4bbc-9ece-373d252dcaf5: flushIndex: setUnconditionally 0 -> -1
2019-09-12 01:40:54,746 [pool-413-thread-1] INFO  server.RaftServerConfigKeys (ConfUtils.java:logGet(43)) - raft.server.snapshot.auto.trigger.enabled = true (custom)
2019-09-12 01:40:54,746 [pool-413-thread-1] INFO  server.RaftServerConfigKeys (ConfUtils.java:logGet(43)) - raft.server.snapshot.auto.trigger.threshold = 10000 (custom)
2019-09-12 01:40:54,747 [pool-413-thread-1] INFO  server.RaftServerConfigKeys (ConfUtils.java:logGet(43)) - raft.server.retrycache.expirytime = 600000ms (custom)
2019-09-12 01:40:54,747 [pool-413-thread-1] INFO  impl.RaftServerImpl (RaftServerImpl.java:start(180)) - 6b3955da-b50a-448e-98f8-bfdbc3037ace: start group-373D252DCAF5
2019-09-12 01:40:54,747 [pool-413-thread-1] INFO  impl.RaftServerImpl (RaftServerImpl.java:setRole(171)) - 6b3955da-b50a-448e-98f8-bfdbc3037ace:group-373D252DCAF5 changes role from null to FOLLOWER at term 0 for startAsFollower
2019-09-12 01:40:54,747 [pool-413-thread-1] INFO  impl.RoleInfo (RoleInfo.java:updateAndGet(143)) - 6b3955da-b50a-448e-98f8-bfdbc3037ace: start FollowerState
2019-09-12 01:40:54,747 [pool-413-thread-1] INFO  util.JmxRegister (JmxRegister.java:tryRegister(44)) - Successfully registered JMX Bean with object name Ratis:service=RaftServer,group=group-373D252DCAF5,id=6b3955da-b50a-448e-98f8-bfdbc3037ace
2019-09-12 01:40:54,749 [RatisPipelineUtilsThread] INFO  pipeline.PipelineStateManager (PipelineStateManager.java:addPipeline(56)) - Created pipeline Pipeline[ Id: 319f5e8f-7ac1-4bbc-9ece-373d252dcaf5, Nodes: 6b3955da-b50a-448e-98f8-bfdbc3037ace{ip: 192.168.5.171, host: pr-hdds-2007-7njtk-1085629304, networkLocation: /default-rack, certSerialId: null}, Type:RATIS, Factor:ONE, State:OPEN]
2019-09-12 01:40:54,759 [grpc-default-executor-2] INFO  impl.RaftServerProxy (RaftServerProxy.java:addNew(89)) - 611f231b-0bf6-4c34-83a3-1ffd71f92385: addNew group-4CD71A945866:[611f231b-0bf6-4c34-83a3-1ffd71f92385:192.168.5.171:35250] returns group-4CD71A945866:java.util.concurrent.CompletableFuture@5c5a4295[Not completed]
2019-09-12 01:40:54,760 [pool-433-thread-1] INFO  impl.RaftServerImpl (RaftServerImpl.java:<init>(93)) - 611f231b-0bf6-4c34-83a3-1ffd71f92385: new RaftServerImpl for group-4CD71A945866:[611f231b-0bf6-4c34-83a3-1ffd71f92385:192.168.5.171:35250] with ContainerStateMachine:uninitialized
2019-09-12 01:40:54,760 [pool-433-thread-1] INFO  server.RaftServerConfigKeys (ConfUtils.java:logGet(43)) - raft.server.rpc.timeout.min = 5s (custom)
2019-09-12 01:40:54,760 [pool-433-thread-1] INFO  server.RaftServerConfigKeys (ConfUtils.java:logGet(43)) - raft.server.rpc.timeout.max = 5200ms (custom)
2019-09-12 01:40:54,760 [pool-433-thread-1] INFO  server.RaftServerConfigKeys (ConfUtils.java:logGet(43)) - raft.server.rpcslowness.timeout = 120s (custom)
2019-09-12 01:40:54,760 [pool-433-thread-1] INFO  server.RaftServerConfigKeys (ConfUtils.java:logGet(43)) - raft.server.sleep.deviation.threshold = 300 (default)
2019-09-12 01:40:54,760 [pool-433-thread-1] INFO  server.RaftServerConfigKeys (ConfUtils.java:logGet(43)) - raft.server.log.appender.install.snapshot.enabled = false (custom)
2019-09-12 01:40:54,761 [pool-433-thread-1] INFO  impl.RaftServerImpl (ServerState.java:<init>(105)) - 611f231b-0bf6-4c34-83a3-1ffd71f92385:group-4CD71A945866 ConfigurationManager, init=-1: [611f231b-0bf6-4c34-83a3-1ffd71f92385:192.168.5.171:35250], old=null, confs=<EMPTY_MAP>
2019-09-12 01:40:54,761 [pool-433-thread-1] INFO  server.RaftServerConfigKeys (ConfUtils.java:logGet(43)) - raft.server.storage.dir = [/workdir/hadoop-ozone/integration-test/target/test-dir/MiniOzoneClusterImpl-abc8d6a0-4de7-4118-b7f5-03680b1d5f31/datanode-5/data/ratis] (custom)
2019-09-12 01:40:54,761 [pool-433-thread-1] INFO  storage.RaftStorageDirectory (RaftStorageDirectory.java:analyzeStorage(246)) - The storage directory /workdir/hadoop-ozone/integration-test/target/test-dir/MiniOzoneClusterImpl-abc8d6a0-4de7-4118-b7f5-03680b1d5f31/datanode-5/data/ratis/591f996f-1bd1-42ef-b0a8-4cd71a945866 does not exist. Creating ...
2019-09-12 01:40:54,778 [pool-433-thread-1] INFO  storage.RaftStorageDirectory (RaftStorageDirectory.java:tryLock(328)) - Lock on /workdir/hadoop-ozone/integration-test/target/test-dir/MiniOzoneClusterImpl-abc8d6a0-4de7-4118-b7f5-03680b1d5f31/datanode-5/data/ratis/591f996f-1bd1-42ef-b0a8-4cd71a945866/in_use.lock acquired by nodename 22335@pr-hdds-2007-7njtk-1085629304
2019-09-12 01:40:54,788 [main] INFO  ozone.MiniOzoneClusterImpl (MiniOzoneClusterImpl.java:lambda$waitForClusterToBeReady$0(145)) - Waiting for cluster to be ready. Got 6 of 7 DN Heartbeats.
2019-09-12 01:40:54,789 [IPC Server handler 12 on 36613] INFO  net.NetworkTopology (NetworkTopologyImpl.java:add(110)) - Added a new node: /default-rack/36b11585-b37f-46d4-9a07-b2a787f491c7
2019-09-12 01:40:54,789 [IPC Server handler 12 on 36613] INFO  node.SCMNodeManager (SCMNodeManager.java:register(266)) - Registered Data node : 36b11585-b37f-46d4-9a07-b2a787f491c7{ip: 192.168.5.171, host: pr-hdds-2007-7njtk-1085629304, networkLocation: /default-rack, certSerialId: null}
2019-09-12 01:40:54,841 [pool-433-thread-1] INFO  storage.RaftStorage (RaftStorage.java:format(72)) - Storage directory /workdir/hadoop-ozone/integration-test/target/test-dir/MiniOzoneClusterImpl-abc8d6a0-4de7-4118-b7f5-03680b1d5f31/datanode-5/data/ratis/591f996f-1bd1-42ef-b0a8-4cd71a945866 has been successfully formatted.
2019-09-12 01:40:54,841 [pool-433-thread-1] INFO  ratis.ContainerStateMachine (ContainerStateMachine.java:loadSnapshot(227)) - group-4CD71A945866: The snapshot info is null. Setting the last applied indexto:(t:0, i:~)
2019-09-12 01:40:54,841 [pool-433-thread-1] INFO  server.RaftServerConfigKeys (ConfUtils.java:logGet(43)) - raft.server.leader.election.timeout = 120s (custom)
2019-09-12 01:40:54,841 [pool-433-thread-1] INFO  server.RaftServerConfigKeys (ConfUtils.java:logGet(43)) - raft.server.log.use.memory = false (default)
2019-09-12 01:40:54,842 [pool-433-thread-1] INFO  server.RaftServerConfigKeys (ConfUtils.java:logGet(43)) - raft.server.log.purge.gap = 1000000 (custom)
2019-09-12 01:40:54,842 [pool-433-thread-1] INFO  server.RaftServerConfigKeys (ConfUtils.java:logGet(43)) - raft.server.log.appender.buffer.byte-limit = 33554432 (custom)
2019-09-12 01:40:54,842 [pool-433-thread-1] INFO  server.RaftServerConfigKeys (ConfUtils.java:logGet(43)) - raft.server.log.segment.size.max = 1048576 (custom)
2019-09-12 01:40:54,842 [pool-433-thread-1] INFO  server.RaftServerConfigKeys (ConfUtils.java:logGet(43)) - raft.server.log.segment.cache.num.max = 2 (custom)
2019-09-12 01:40:54,842 [pool-433-thread-1] INFO  segmented.SegmentedRaftLogWorker (SegmentedRaftLogWorker.java:<init>(172)) - new 611f231b-0bf6-4c34-83a3-1ffd71f92385-SegmentedRaftLogWorker:Storage Directory /workdir/hadoop-ozone/integration-test/target/test-dir/MiniOzoneClusterImpl-abc8d6a0-4de7-4118-b7f5-03680b1d5f31/datanode-5/data/ratis/591f996f-1bd1-42ef-b0a8-4cd71a945866 for RaftStorage:Storage Directory /workdir/hadoop-ozone/integration-test/target/test-dir/MiniOzoneClusterImpl-abc8d6a0-4de7-4118-b7f5-03680b1d5f31/datanode-5/data/ratis/591f996f-1bd1-42ef-b0a8-4cd71a945866
2019-09-12 01:40:54,842 [pool-433-thread-1] INFO  server.RaftServerConfigKeys (ConfUtils.java:logGet(43)) - raft.server.log.queue.byte-limit = 2147483647 (custom)
2019-09-12 01:40:54,843 [pool-433-thread-1] INFO  server.RaftServerConfigKeys (ConfUtils.java:logGet(43)) - raft.server.log.queue.element-limit = 1024 (custom)
2019-09-12 01:40:54,843 [pool-433-thread-1] INFO  server.RaftServerConfigKeys (ConfUtils.java:logGet(43)) - raft.server.log.segment.size.max = 1048576 (custom)
2019-09-12 01:40:54,843 [pool-433-thread-1] INFO  server.RaftServerConfigKeys (ConfUtils.java:logGet(43)) - raft.server.log.preallocated.size = 16384 (custom)
2019-09-12 01:40:54,843 [pool-433-thread-1] INFO  server.RaftServerConfigKeys (ConfUtils.java:logGet(43)) - raft.server.log.write.buffer.size = 33554432 (custom)
2019-09-12 01:40:54,843 [pool-433-thread-1] INFO  server.RaftServerConfigKeys (ConfUtils.java:logGet(43)) - raft.server.log.force.sync.num = 128 (default)
2019-09-12 01:40:54,843 [pool-433-thread-1] INFO  server.RaftServerConfigKeys (ConfUtils.java:logGet(43)) - raft.server.log.statemachine.data.sync = true (default)
2019-09-12 01:40:54,844 [pool-433-thread-1] INFO  server.RaftServerConfigKeys (ConfUtils.java:logGet(43)) - raft.server.log.statemachine.data.sync.timeout = 10s (default)
2019-09-12 01:40:54,844 [pool-433-thread-1] INFO  server.RaftServerConfigKeys (ConfUtils.java:logGet(43)) - raft.server.log.statemachine.data.sync.timeout.retry = -1 (default)
2019-09-12 01:40:54,844 [pool-433-thread-1] INFO  server.RaftServerConfigKeys (ConfUtils.java:logGet(43)) - raft.server.log.statemachine.data.caching.enabled = true (custom)
2019-09-12 01:40:54,845 [pool-433-thread-1] INFO  segmented.SegmentedRaftLogWorker (SegmentedRaftLogWorker.java:lambda$new$0(132)) - 611f231b-0bf6-4c34-83a3-1ffd71f92385-SegmentedRaftLogWorker:Storage Directory /workdir/hadoop-ozone/integration-test/target/test-dir/MiniOzoneClusterImpl-abc8d6a0-4de7-4118-b7f5-03680b1d5f31/datanode-5/data/ratis/591f996f-1bd1-42ef-b0a8-4cd71a945866: flushIndex: setUnconditionally 0 -> -1
2019-09-12 01:40:54,845 [pool-433-thread-1] INFO  server.RaftServerConfigKeys (ConfUtils.java:logGet(43)) - raft.server.snapshot.auto.trigger.enabled = true (custom)
2019-09-12 01:40:54,845 [pool-433-thread-1] INFO  server.RaftServerConfigKeys (ConfUtils.java:logGet(43)) - raft.server.snapshot.auto.trigger.threshold = 10000 (custom)
2019-09-12 01:40:54,845 [pool-433-thread-1] INFO  server.RaftServerConfigKeys (ConfUtils.java:logGet(43)) - raft.server.retrycache.expirytime = 600000ms (custom)
2019-09-12 01:40:54,846 [pool-433-thread-1] INFO  impl.RaftServerImpl (RaftServerImpl.java:start(180)) - 611f231b-0bf6-4c34-83a3-1ffd71f92385: start group-4CD71A945866
2019-09-12 01:40:54,846 [pool-433-thread-1] INFO  impl.RaftServerImpl (RaftServerImpl.java:setRole(171)) - 611f231b-0bf6-4c34-83a3-1ffd71f92385:group-4CD71A945866 changes role from null to FOLLOWER at term 0 for startAsFollower
2019-09-12 01:40:54,846 [pool-433-thread-1] INFO  impl.RoleInfo (RoleInfo.java:updateAndGet(143)) - 611f231b-0bf6-4c34-83a3-1ffd71f92385: start FollowerState
2019-09-12 01:40:54,847 [pool-433-thread-1] INFO  util.JmxRegister (JmxRegister.java:tryRegister(44)) - Successfully registered JMX Bean with object name Ratis:service=RaftServer,group=group-4CD71A945866,id=611f231b-0bf6-4c34-83a3-1ffd71f92385
2019-09-12 01:40:54,849 [RatisPipelineUtilsThread] INFO  pipeline.PipelineStateManager (PipelineStateManager.java:addPipeline(56)) - Created pipeline Pipeline[ Id: 591f996f-1bd1-42ef-b0a8-4cd71a945866, Nodes: 611f231b-0bf6-4c34-83a3-1ffd71f92385{ip: 192.168.5.171, host: pr-hdds-2007-7njtk-1085629304, networkLocation: /default-rack, certSerialId: null}, Type:RATIS, Factor:ONE, State:OPEN]
2019-09-12 01:40:54,859 [grpc-default-executor-2] INFO  impl.RaftServerProxy (RaftServerProxy.java:addNew(89)) - 36b11585-b37f-46d4-9a07-b2a787f491c7: addNew group-E73F1EC94B61:[36b11585-b37f-46d4-9a07-b2a787f491c7:192.168.5.171:45069] returns group-E73F1EC94B61:java.util.concurrent.CompletableFuture@567f68c9[Not completed]
2019-09-12 01:40:54,861 [pool-443-thread-1] INFO  impl.RaftServerImpl (RaftServerImpl.java:<init>(93)) - 36b11585-b37f-46d4-9a07-b2a787f491c7: new RaftServerImpl for group-E73F1EC94B61:[36b11585-b37f-46d4-9a07-b2a787f491c7:192.168.5.171:45069] with ContainerStateMachine:uninitialized
2019-09-12 01:40:54,861 [pool-443-thread-1] INFO  server.RaftServerConfigKeys (ConfUtils.java:logGet(43)) - raft.server.rpc.timeout.min = 5s (custom)
2019-09-12 01:40:54,861 [pool-443-thread-1] INFO  server.RaftServerConfigKeys (ConfUtils.java:logGet(43)) - raft.server.rpc.timeout.max = 5200ms (custom)
2019-09-12 01:40:54,861 [pool-443-thread-1] INFO  server.RaftServerConfigKeys (ConfUtils.java:logGet(43)) - raft.server.rpcslowness.timeout = 120s (custom)
2019-09-12 01:40:54,861 [pool-443-thread-1] INFO  server.RaftServerConfigKeys (ConfUtils.java:logGet(43)) - raft.server.sleep.deviation.threshold = 300 (default)
2019-09-12 01:40:54,861 [pool-443-thread-1] INFO  server.RaftServerConfigKeys (ConfUtils.java:logGet(43)) - raft.server.log.appender.install.snapshot.enabled = false (custom)
2019-09-12 01:40:54,861 [pool-443-thread-1] INFO  impl.RaftServerImpl (ServerState.java:<init>(105)) - 36b11585-b37f-46d4-9a07-b2a787f491c7:group-E73F1EC94B61 ConfigurationManager, init=-1: [36b11585-b37f-46d4-9a07-b2a787f491c7:192.168.5.171:45069], old=null, confs=<EMPTY_MAP>
2019-09-12 01:40:54,862 [pool-443-thread-1] INFO  server.RaftServerConfigKeys (ConfUtils.java:logGet(43)) - raft.server.storage.dir = [/workdir/hadoop-ozone/integration-test/target/test-dir/MiniOzoneClusterImpl-abc8d6a0-4de7-4118-b7f5-03680b1d5f31/datanode-6/data/ratis] (custom)
2019-09-12 01:40:54,862 [pool-443-thread-1] INFO  storage.RaftStorageDirectory (RaftStorageDirectory.java:analyzeStorage(246)) - The storage directory /workdir/hadoop-ozone/integration-test/target/test-dir/MiniOzoneClusterImpl-abc8d6a0-4de7-4118-b7f5-03680b1d5f31/datanode-6/data/ratis/0f445fab-b7b1-4eef-9155-e73f1ec94b61 does not exist. Creating ...
2019-09-12 01:40:54,889 [pool-443-thread-1] INFO  storage.RaftStorageDirectory (RaftStorageDirectory.java:tryLock(328)) - Lock on /workdir/hadoop-ozone/integration-test/target/test-dir/MiniOzoneClusterImpl-abc8d6a0-4de7-4118-b7f5-03680b1d5f31/datanode-6/data/ratis/0f445fab-b7b1-4eef-9155-e73f1ec94b61/in_use.lock acquired by nodename 22335@pr-hdds-2007-7njtk-1085629304
2019-09-12 01:40:54,914 [pool-443-thread-1] INFO  storage.RaftStorage (RaftStorage.java:format(72)) - Storage directory /workdir/hadoop-ozone/integration-test/target/test-dir/MiniOzoneClusterImpl-abc8d6a0-4de7-4118-b7f5-03680b1d5f31/datanode-6/data/ratis/0f445fab-b7b1-4eef-9155-e73f1ec94b61 has been successfully formatted.
2019-09-12 01:40:54,915 [pool-443-thread-1] INFO  ratis.ContainerStateMachine (ContainerStateMachine.java:loadSnapshot(227)) - group-E73F1EC94B61: The snapshot info is null. Setting the last applied indexto:(t:0, i:~)
2019-09-12 01:40:54,915 [pool-443-thread-1] INFO  server.RaftServerConfigKeys (ConfUtils.java:logGet(43)) - raft.server.leader.election.timeout = 120s (custom)
2019-09-12 01:40:54,915 [pool-443-thread-1] INFO  server.RaftServerConfigKeys (ConfUtils.java:logGet(43)) - raft.server.log.use.memory = false (default)
2019-09-12 01:40:54,915 [pool-443-thread-1] INFO  server.RaftServerConfigKeys (ConfUtils.java:logGet(43)) - raft.server.log.purge.gap = 1000000 (custom)
2019-09-12 01:40:54,915 [pool-443-thread-1] INFO  server.RaftServerConfigKeys (ConfUtils.java:logGet(43)) - raft.server.log.appender.buffer.byte-limit = 33554432 (custom)
2019-09-12 01:40:54,915 [pool-443-thread-1] INFO  server.RaftServerConfigKeys (ConfUtils.java:logGet(43)) - raft.server.log.segment.size.max = 1048576 (custom)
2019-09-12 01:40:54,916 [pool-443-thread-1] INFO  server.RaftServerConfigKeys (ConfUtils.java:logGet(43)) - raft.server.log.segment.cache.num.max = 2 (custom)
2019-09-12 01:40:54,916 [pool-443-thread-1] INFO  segmented.SegmentedRaftLogWorker (SegmentedRaftLogWorker.java:<init>(172)) - new 36b11585-b37f-46d4-9a07-b2a787f491c7-SegmentedRaftLogWorker:Storage Directory /workdir/hadoop-ozone/integration-test/target/test-dir/MiniOzoneClusterImpl-abc8d6a0-4de7-4118-b7f5-03680b1d5f31/datanode-6/data/ratis/0f445fab-b7b1-4eef-9155-e73f1ec94b61 for RaftStorage:Storage Directory /workdir/hadoop-ozone/integration-test/target/test-dir/MiniOzoneClusterImpl-abc8d6a0-4de7-4118-b7f5-03680b1d5f31/datanode-6/data/ratis/0f445fab-b7b1-4eef-9155-e73f1ec94b61
2019-09-12 01:40:54,916 [pool-443-thread-1] INFO  server.RaftServerConfigKeys (ConfUtils.java:logGet(43)) - raft.server.log.queue.byte-limit = 2147483647 (custom)
2019-09-12 01:40:54,916 [pool-443-thread-1] INFO  server.RaftServerConfigKeys (ConfUtils.java:logGet(43)) - raft.server.log.queue.element-limit = 1024 (custom)
2019-09-12 01:40:54,916 [pool-443-thread-1] INFO  server.RaftServerConfigKeys (ConfUtils.java:logGet(43)) - raft.server.log.segment.size.max = 1048576 (custom)
2019-09-12 01:40:54,916 [pool-443-thread-1] INFO  server.RaftServerConfigKeys (ConfUtils.java:logGet(43)) - raft.server.log.preallocated.size = 16384 (custom)
2019-09-12 01:40:54,916 [pool-443-thread-1] INFO  server.RaftServerConfigKeys (ConfUtils.java:logGet(43)) - raft.server.log.write.buffer.size = 33554432 (custom)
2019-09-12 01:40:54,917 [pool-443-thread-1] INFO  server.RaftServerConfigKeys (ConfUtils.java:logGet(43)) - raft.server.log.force.sync.num = 128 (default)
2019-09-12 01:40:54,917 [pool-443-thread-1] INFO  server.RaftServerConfigKeys (ConfUtils.java:logGet(43)) - raft.server.log.statemachine.data.sync = true (default)
2019-09-12 01:40:54,917 [pool-443-thread-1] INFO  server.RaftServerConfigKeys (ConfUtils.java:logGet(43)) - raft.server.log.statemachine.data.sync.timeout = 10s (default)
2019-09-12 01:40:54,917 [pool-443-thread-1] INFO  server.RaftServerConfigKeys (ConfUtils.java:logGet(43)) - raft.server.log.statemachine.data.sync.timeout.retry = -1 (default)
2019-09-12 01:40:54,917 [pool-443-thread-1] INFO  server.RaftServerConfigKeys (ConfUtils.java:logGet(43)) - raft.server.log.statemachine.data.caching.enabled = true (custom)
2019-09-12 01:40:54,918 [pool-443-thread-1] INFO  segmented.SegmentedRaftLogWorker (SegmentedRaftLogWorker.java:lambda$new$0(132)) - 36b11585-b37f-46d4-9a07-b2a787f491c7-SegmentedRaftLogWorker:Storage Directory /workdir/hadoop-ozone/integration-test/target/test-dir/MiniOzoneClusterImpl-abc8d6a0-4de7-4118-b7f5-03680b1d5f31/datanode-6/data/ratis/0f445fab-b7b1-4eef-9155-e73f1ec94b61: flushIndex: setUnconditionally 0 -> -1
2019-09-12 01:40:54,918 [pool-443-thread-1] INFO  server.RaftServerConfigKeys (ConfUtils.java:logGet(43)) - raft.server.snapshot.auto.trigger.enabled = true (custom)
2019-09-12 01:40:54,918 [pool-443-thread-1] INFO  server.RaftServerConfigKeys (ConfUtils.java:logGet(43)) - raft.server.snapshot.auto.trigger.threshold = 10000 (custom)
2019-09-12 01:40:54,918 [pool-443-thread-1] INFO  server.RaftServerConfigKeys (ConfUtils.java:logGet(43)) - raft.server.retrycache.expirytime = 600000ms (custom)
2019-09-12 01:40:54,919 [pool-443-thread-1] INFO  impl.RaftServerImpl (RaftServerImpl.java:start(180)) - 36b11585-b37f-46d4-9a07-b2a787f491c7: start group-E73F1EC94B61
2019-09-12 01:40:54,919 [pool-443-thread-1] INFO  impl.RaftServerImpl (RaftServerImpl.java:setRole(171)) - 36b11585-b37f-46d4-9a07-b2a787f491c7:group-E73F1EC94B61 changes role from null to FOLLOWER at term 0 for startAsFollower
2019-09-12 01:40:54,919 [pool-443-thread-1] INFO  impl.RoleInfo (RoleInfo.java:updateAndGet(143)) - 36b11585-b37f-46d4-9a07-b2a787f491c7: start FollowerState
2019-09-12 01:40:54,919 [pool-443-thread-1] INFO  util.JmxRegister (JmxRegister.java:tryRegister(44)) - Successfully registered JMX Bean with object name Ratis:service=RaftServer,group=group-E73F1EC94B61,id=36b11585-b37f-46d4-9a07-b2a787f491c7
2019-09-12 01:40:54,921 [RatisPipelineUtilsThread] INFO  pipeline.PipelineStateManager (PipelineStateManager.java:addPipeline(56)) - Created pipeline Pipeline[ Id: 0f445fab-b7b1-4eef-9155-e73f1ec94b61, Nodes: 36b11585-b37f-46d4-9a07-b2a787f491c7{ip: 192.168.5.171, host: pr-hdds-2007-7njtk-1085629304, networkLocation: /default-rack, certSerialId: null}, Type:RATIS, Factor:ONE, State:OPEN]
2019-09-12 01:40:54,956 [grpc-default-executor-4] INFO  impl.RaftServerProxy (RaftServerProxy.java:addNew(89)) - 611f231b-0bf6-4c34-83a3-1ffd71f92385: addNew group-48FCDF64C0A0:[26459f3f-5ead-418f-8158-5a2d7bcad176:192.168.5.171:43955, 611f231b-0bf6-4c34-83a3-1ffd71f92385:192.168.5.171:35250, 6b3955da-b50a-448e-98f8-bfdbc3037ace:192.168.5.171:43353] returns group-48FCDF64C0A0:java.util.concurrent.CompletableFuture@3aff063a[Not completed]
2019-09-12 01:40:54,956 [grpc-default-executor-2] INFO  impl.RaftServerProxy (RaftServerProxy.java:addNew(89)) - 6b3955da-b50a-448e-98f8-bfdbc3037ace: addNew group-48FCDF64C0A0:[26459f3f-5ead-418f-8158-5a2d7bcad176:192.168.5.171:43955, 611f231b-0bf6-4c34-83a3-1ffd71f92385:192.168.5.171:35250, 6b3955da-b50a-448e-98f8-bfdbc3037ace:192.168.5.171:43353] returns group-48FCDF64C0A0:java.util.concurrent.CompletableFuture@518b7f47[Not completed]
2019-09-12 01:40:54,956 [grpc-default-executor-3] INFO  impl.RaftServerProxy (RaftServerProxy.java:addNew(89)) - 26459f3f-5ead-418f-8158-5a2d7bcad176: addNew group-48FCDF64C0A0:[26459f3f-5ead-418f-8158-5a2d7bcad176:192.168.5.171:43955, 611f231b-0bf6-4c34-83a3-1ffd71f92385:192.168.5.171:35250, 6b3955da-b50a-448e-98f8-bfdbc3037ace:192.168.5.171:43353] returns group-48FCDF64C0A0:java.util.concurrent.CompletableFuture@10a131fa[Not completed]
2019-09-12 01:40:54,957 [pool-423-thread-1] INFO  impl.RaftServerImpl (RaftServerImpl.java:<init>(93)) - 26459f3f-5ead-418f-8158-5a2d7bcad176: new RaftServerImpl for group-48FCDF64C0A0:[26459f3f-5ead-418f-8158-5a2d7bcad176:192.168.5.171:43955, 611f231b-0bf6-4c34-83a3-1ffd71f92385:192.168.5.171:35250, 6b3955da-b50a-448e-98f8-bfdbc3037ace:192.168.5.171:43353] with ContainerStateMachine:uninitialized
2019-09-12 01:40:54,957 [pool-423-thread-1] INFO  server.RaftServerConfigKeys (ConfUtils.java:logGet(43)) - raft.server.rpc.timeout.min = 5s (custom)
2019-09-12 01:40:54,957 [pool-423-thread-1] INFO  server.RaftServerConfigKeys (ConfUtils.java:logGet(43)) - raft.server.rpc.timeout.max = 5200ms (custom)
2019-09-12 01:40:54,958 [pool-423-thread-1] INFO  server.RaftServerConfigKeys (ConfUtils.java:logGet(43)) - raft.server.rpcslowness.timeout = 120s (custom)
2019-09-12 01:40:54,958 [pool-423-thread-1] INFO  server.RaftServerConfigKeys (ConfUtils.java:logGet(43)) - raft.server.sleep.deviation.threshold = 300 (default)
2019-09-12 01:40:54,958 [pool-433-thread-1] INFO  impl.RaftServerImpl (RaftServerImpl.java:<init>(93)) - 611f231b-0bf6-4c34-83a3-1ffd71f92385: new RaftServerImpl for group-48FCDF64C0A0:[26459f3f-5ead-418f-8158-5a2d7bcad176:192.168.5.171:43955, 611f231b-0bf6-4c34-83a3-1ffd71f92385:192.168.5.171:35250, 6b3955da-b50a-448e-98f8-bfdbc3037ace:192.168.5.171:43353] with ContainerStateMachine:uninitialized
2019-09-12 01:40:54,958 [pool-423-thread-1] INFO  server.RaftServerConfigKeys (ConfUtils.java:logGet(43)) - raft.server.log.appender.install.snapshot.enabled = false (custom)
2019-09-12 01:40:54,958 [pool-433-thread-1] INFO  server.RaftServerConfigKeys (ConfUtils.java:logGet(43)) - raft.server.rpc.timeout.min = 5s (custom)
2019-09-12 01:40:54,958 [pool-423-thread-1] INFO  impl.RaftServerImpl (ServerState.java:<init>(105)) - 26459f3f-5ead-418f-8158-5a2d7bcad176:group-48FCDF64C0A0 ConfigurationManager, init=-1: [26459f3f-5ead-418f-8158-5a2d7bcad176:192.168.5.171:43955, 611f231b-0bf6-4c34-83a3-1ffd71f92385:192.168.5.171:35250, 6b3955da-b50a-448e-98f8-bfdbc3037ace:192.168.5.171:43353], old=null, confs=<EMPTY_MAP>
2019-09-12 01:40:54,958 [pool-413-thread-1] INFO  impl.RaftServerImpl (RaftServerImpl.java:<init>(93)) - 6b3955da-b50a-448e-98f8-bfdbc3037ace: new RaftServerImpl for group-48FCDF64C0A0:[26459f3f-5ead-418f-8158-5a2d7bcad176:192.168.5.171:43955, 611f231b-0bf6-4c34-83a3-1ffd71f92385:192.168.5.171:35250, 6b3955da-b50a-448e-98f8-bfdbc3037ace:192.168.5.171:43353] with ContainerStateMachine:uninitialized
2019-09-12 01:40:54,958 [pool-433-thread-1] INFO  server.RaftServerConfigKeys (ConfUtils.java:logGet(43)) - raft.server.rpc.timeout.max = 5200ms (custom)
2019-09-12 01:40:54,958 [pool-413-thread-1] INFO  server.RaftServerConfigKeys (ConfUtils.java:logGet(43)) - raft.server.rpc.timeout.min = 5s (custom)
2019-09-12 01:40:54,958 [pool-423-thread-1] INFO  server.RaftServerConfigKeys (ConfUtils.java:logGet(43)) - raft.server.storage.dir = [/workdir/hadoop-ozone/integration-test/target/test-dir/MiniOzoneClusterImpl-abc8d6a0-4de7-4118-b7f5-03680b1d5f31/datanode-4/data/ratis] (custom)
2019-09-12 01:40:54,959 [pool-413-thread-1] INFO  server.RaftServerConfigKeys (ConfUtils.java:logGet(43)) - raft.server.rpc.timeout.max = 5200ms (custom)
2019-09-12 01:40:54,959 [pool-433-thread-1] INFO  server.RaftServerConfigKeys (ConfUtils.java:logGet(43)) - raft.server.rpcslowness.timeout = 120s (custom)
2019-09-12 01:40:54,959 [pool-413-thread-1] INFO  server.RaftServerConfigKeys (ConfUtils.java:logGet(43)) - raft.server.rpcslowness.timeout = 120s (custom)
2019-09-12 01:40:54,959 [pool-433-thread-1] INFO  server.RaftServerConfigKeys (ConfUtils.java:logGet(43)) - raft.server.sleep.deviation.threshold = 300 (default)
2019-09-12 01:40:54,959 [pool-423-thread-1] INFO  storage.RaftStorageDirectory (RaftStorageDirectory.java:analyzeStorage(246)) - The storage directory /workdir/hadoop-ozone/integration-test/target/test-dir/MiniOzoneClusterImpl-abc8d6a0-4de7-4118-b7f5-03680b1d5f31/datanode-4/data/ratis/e2dda4aa-6d57-45a3-a80f-48fcdf64c0a0 does not exist. Creating ...
2019-09-12 01:40:54,959 [pool-413-thread-1] INFO  server.RaftServerConfigKeys (ConfUtils.java:logGet(43)) - raft.server.sleep.deviation.threshold = 300 (default)
2019-09-12 01:40:54,959 [pool-433-thread-1] INFO  server.RaftServerConfigKeys (ConfUtils.java:logGet(43)) - raft.server.log.appender.install.snapshot.enabled = false (custom)
2019-09-12 01:40:54,960 [pool-413-thread-1] INFO  server.RaftServerConfigKeys (ConfUtils.java:logGet(43)) - raft.server.log.appender.install.snapshot.enabled = false (custom)
2019-09-12 01:40:54,960 [pool-433-thread-1] INFO  impl.RaftServerImpl (ServerState.java:<init>(105)) - 611f231b-0bf6-4c34-83a3-1ffd71f92385:group-48FCDF64C0A0 ConfigurationManager, init=-1: [26459f3f-5ead-418f-8158-5a2d7bcad176:192.168.5.171:43955, 611f231b-0bf6-4c34-83a3-1ffd71f92385:192.168.5.171:35250, 6b3955da-b50a-448e-98f8-bfdbc3037ace:192.168.5.171:43353], old=null, confs=<EMPTY_MAP>
2019-09-12 01:40:54,960 [pool-413-thread-1] INFO  impl.RaftServerImpl (ServerState.java:<init>(105)) - 6b3955da-b50a-448e-98f8-bfdbc3037ace:group-48FCDF64C0A0 ConfigurationManager, init=-1: [26459f3f-5ead-418f-8158-5a2d7bcad176:192.168.5.171:43955, 611f231b-0bf6-4c34-83a3-1ffd71f92385:192.168.5.171:35250, 6b3955da-b50a-448e-98f8-bfdbc3037ace:192.168.5.171:43353], old=null, confs=<EMPTY_MAP>
2019-09-12 01:40:54,960 [pool-433-thread-1] INFO  server.RaftServerConfigKeys (ConfUtils.java:logGet(43)) - raft.server.storage.dir = [/workdir/hadoop-ozone/integration-test/target/test-dir/MiniOzoneClusterImpl-abc8d6a0-4de7-4118-b7f5-03680b1d5f31/datanode-5/data/ratis] (custom)
2019-09-12 01:40:54,960 [pool-413-thread-1] INFO  server.RaftServerConfigKeys (ConfUtils.java:logGet(43)) - raft.server.storage.dir = [/workdir/hadoop-ozone/integration-test/target/test-dir/MiniOzoneClusterImpl-abc8d6a0-4de7-4118-b7f5-03680b1d5f31/datanode-3/data/ratis] (custom)
2019-09-12 01:40:54,960 [pool-433-thread-1] INFO  storage.RaftStorageDirectory (RaftStorageDirectory.java:analyzeStorage(246)) - The storage directory /workdir/hadoop-ozone/integration-test/target/test-dir/MiniOzoneClusterImpl-abc8d6a0-4de7-4118-b7f5-03680b1d5f31/datanode-5/data/ratis/e2dda4aa-6d57-45a3-a80f-48fcdf64c0a0 does not exist. Creating ...
2019-09-12 01:40:54,960 [pool-413-thread-1] INFO  storage.RaftStorageDirectory (RaftStorageDirectory.java:analyzeStorage(246)) - The storage directory /workdir/hadoop-ozone/integration-test/target/test-dir/MiniOzoneClusterImpl-abc8d6a0-4de7-4118-b7f5-03680b1d5f31/datanode-3/data/ratis/e2dda4aa-6d57-45a3-a80f-48fcdf64c0a0 does not exist. Creating ...
2019-09-12 01:40:54,977 [Thread-2228] INFO  impl.FollowerState (FollowerState.java:run(106)) - 666c9d7c-114b-4ab1-832f-607879c4ea44:group-90CF44FA079A changes to CANDIDATE, lastRpcTime:5055, electionTimeout:5035ms
2019-09-12 01:40:54,977 [Thread-2228] INFO  impl.RoleInfo (RoleInfo.java:shutdownFollowerState(121)) - 666c9d7c-114b-4ab1-832f-607879c4ea44: shutdown FollowerState
2019-09-12 01:40:54,977 [Thread-2228] INFO  impl.RaftServerImpl (RaftServerImpl.java:setRole(171)) - 666c9d7c-114b-4ab1-832f-607879c4ea44:group-90CF44FA079A changes role from FOLLOWER to CANDIDATE at term 4 for changeToCandidate
2019-09-12 01:40:54,977 [Thread-2228] INFO  impl.RoleInfo (RoleInfo.java:updateAndGet(143)) - 666c9d7c-114b-4ab1-832f-607879c4ea44: start LeaderElection
2019-09-12 01:40:54,990 [pool-433-thread-1] INFO  storage.RaftStorageDirectory (RaftStorageDirectory.java:tryLock(328)) - Lock on /workdir/hadoop-ozone/integration-test/target/test-dir/MiniOzoneClusterImpl-abc8d6a0-4de7-4118-b7f5-03680b1d5f31/datanode-5/data/ratis/e2dda4aa-6d57-45a3-a80f-48fcdf64c0a0/in_use.lock acquired by nodename 22335@pr-hdds-2007-7njtk-1085629304
2019-09-12 01:40:54,990 [pool-413-thread-1] INFO  storage.RaftStorageDirectory (RaftStorageDirectory.java:tryLock(328)) - Lock on /workdir/hadoop-ozone/integration-test/target/test-dir/MiniOzoneClusterImpl-abc8d6a0-4de7-4118-b7f5-03680b1d5f31/datanode-3/data/ratis/e2dda4aa-6d57-45a3-a80f-48fcdf64c0a0/in_use.lock acquired by nodename 22335@pr-hdds-2007-7njtk-1085629304
2019-09-12 01:40:54,990 [pool-423-thread-1] INFO  storage.RaftStorageDirectory (RaftStorageDirectory.java:tryLock(328)) - Lock on /workdir/hadoop-ozone/integration-test/target/test-dir/MiniOzoneClusterImpl-abc8d6a0-4de7-4118-b7f5-03680b1d5f31/datanode-4/data/ratis/e2dda4aa-6d57-45a3-a80f-48fcdf64c0a0/in_use.lock acquired by nodename 22335@pr-hdds-2007-7njtk-1085629304
2019-09-12 01:40:55,024 [pool-423-thread-1] INFO  storage.RaftStorage (RaftStorage.java:format(72)) - Storage directory /workdir/hadoop-ozone/integration-test/target/test-dir/MiniOzoneClusterImpl-abc8d6a0-4de7-4118-b7f5-03680b1d5f31/datanode-4/data/ratis/e2dda4aa-6d57-45a3-a80f-48fcdf64c0a0 has been successfully formatted.
2019-09-12 01:40:55,024 [666c9d7c-114b-4ab1-832f-607879c4ea44:group-90CF44FA079A:LeaderElection63] INFO  impl.LeaderElection (LeaderElection.java:askForVotes(181)) - 666c9d7c-114b-4ab1-832f-607879c4ea44:group-90CF44FA079A:LeaderElection63: begin an election at term 5 for -1: [666c9d7c-114b-4ab1-832f-607879c4ea44:192.168.5.171:44346, 35dde83a-dc1b-4dac-8609-3afeb2183593:192.168.5.171:45647, a21081bf-cd3a-4af0-ac7f-4f85472936c0:192.168.5.171:40720], old=null
2019-09-12 01:40:55,024 [pool-433-thread-1] INFO  storage.RaftStorage (RaftStorage.java:format(72)) - Storage directory /workdir/hadoop-ozone/integration-test/target/test-dir/MiniOzoneClusterImpl-abc8d6a0-4de7-4118-b7f5-03680b1d5f31/datanode-5/data/ratis/e2dda4aa-6d57-45a3-a80f-48fcdf64c0a0 has been successfully formatted.
2019-09-12 01:40:55,024 [pool-413-thread-1] INFO  storage.RaftStorage (RaftStorage.java:format(72)) - Storage directory /workdir/hadoop-ozone/integration-test/target/test-dir/MiniOzoneClusterImpl-abc8d6a0-4de7-4118-b7f5-03680b1d5f31/datanode-3/data/ratis/e2dda4aa-6d57-45a3-a80f-48fcdf64c0a0 has been successfully formatted.
2019-09-12 01:40:55,025 [pool-423-thread-1] INFO  ratis.ContainerStateMachine (ContainerStateMachine.java:loadSnapshot(227)) - group-48FCDF64C0A0: The snapshot info is null. Setting the last applied indexto:(t:0, i:~)
2019-09-12 01:40:55,025 [pool-413-thread-1] INFO  ratis.ContainerStateMachine (ContainerStateMachine.java:loadSnapshot(227)) - group-48FCDF64C0A0: The snapshot info is null. Setting the last applied indexto:(t:0, i:~)
2019-09-12 01:40:55,025 [pool-433-thread-1] INFO  ratis.ContainerStateMachine (ContainerStateMachine.java:loadSnapshot(227)) - group-48FCDF64C0A0: The snapshot info is null. Setting the last applied indexto:(t:0, i:~)
2019-09-12 01:40:55,025 [pool-413-thread-1] INFO  server.RaftServerConfigKeys (ConfUtils.java:logGet(43)) - raft.server.leader.election.timeout = 120s (custom)
2019-09-12 01:40:55,025 [pool-423-thread-1] INFO  server.RaftServerConfigKeys (ConfUtils.java:logGet(43)) - raft.server.leader.election.timeout = 120s (custom)
2019-09-12 01:40:55,025 [pool-413-thread-1] INFO  server.RaftServerConfigKeys (ConfUtils.java:logGet(43)) - raft.server.log.use.memory = false (default)
2019-09-12 01:40:55,025 [pool-433-thread-1] INFO  server.RaftServerConfigKeys (ConfUtils.java:logGet(43)) - raft.server.leader.election.timeout = 120s (custom)
2019-09-12 01:40:55,025 [pool-413-thread-1] INFO  server.RaftServerConfigKeys (ConfUtils.java:logGet(43)) - raft.server.log.purge.gap = 1000000 (custom)
2019-09-12 01:40:55,025 [pool-423-thread-1] INFO  server.RaftServerConfigKeys (ConfUtils.java:logGet(43)) - raft.server.log.use.memory = false (default)
2019-09-12 01:40:55,025 [pool-413-thread-1] INFO  server.RaftServerConfigKeys (ConfUtils.java:logGet(43)) - raft.server.log.appender.buffer.byte-limit = 33554432 (custom)
2019-09-12 01:40:55,025 [pool-433-thread-1] INFO  server.RaftServerConfigKeys (ConfUtils.java:logGet(43)) - raft.server.log.use.memory = false (default)
2019-09-12 01:40:55,026 [pool-413-thread-1] INFO  server.RaftServerConfigKeys (ConfUtils.java:logGet(43)) - raft.server.log.segment.size.max = 1048576 (custom)
2019-09-12 01:40:55,026 [pool-423-thread-1] INFO  server.RaftServerConfigKeys (ConfUtils.java:logGet(43)) - raft.server.log.purge.gap = 1000000 (custom)
2019-09-12 01:40:55,026 [pool-413-thread-1] INFO  server.RaftServerConfigKeys (ConfUtils.java:logGet(43)) - raft.server.log.segment.cache.num.max = 2 (custom)
2019-09-12 01:40:55,026 [pool-433-thread-1] INFO  server.RaftServerConfigKeys (ConfUtils.java:logGet(43)) - raft.server.log.purge.gap = 1000000 (custom)
2019-09-12 01:40:55,026 [pool-413-thread-1] INFO  segmented.SegmentedRaftLogWorker (SegmentedRaftLogWorker.java:<init>(172)) - new 6b3955da-b50a-448e-98f8-bfdbc3037ace-SegmentedRaftLogWorker:Storage Directory /workdir/hadoop-ozone/integration-test/target/test-dir/MiniOzoneClusterImpl-abc8d6a0-4de7-4118-b7f5-03680b1d5f31/datanode-3/data/ratis/e2dda4aa-6d57-45a3-a80f-48fcdf64c0a0 for RaftStorage:Storage Directory /workdir/hadoop-ozone/integration-test/target/test-dir/MiniOzoneClusterImpl-abc8d6a0-4de7-4118-b7f5-03680b1d5f31/datanode-3/data/ratis/e2dda4aa-6d57-45a3-a80f-48fcdf64c0a0
2019-09-12 01:40:55,026 [pool-423-thread-1] INFO  server.RaftServerConfigKeys (ConfUtils.java:logGet(43)) - raft.server.log.appender.buffer.byte-limit = 33554432 (custom)
2019-09-12 01:40:55,026 [pool-413-thread-1] INFO  server.RaftServerConfigKeys (ConfUtils.java:logGet(43)) - raft.server.log.queue.byte-limit = 2147483647 (custom)
2019-09-12 01:40:55,026 [pool-433-thread-1] INFO  server.RaftServerConfigKeys (ConfUtils.java:logGet(43)) - raft.server.log.appender.buffer.byte-limit = 33554432 (custom)
2019-09-12 01:40:55,026 [pool-413-thread-1] INFO  server.RaftServerConfigKeys (ConfUtils.java:logGet(43)) - raft.server.log.queue.element-limit = 1024 (custom)
2019-09-12 01:40:55,026 [pool-423-thread-1] INFO  server.RaftServerConfigKeys (ConfUtils.java:logGet(43)) - raft.server.log.segment.size.max = 1048576 (custom)
2019-09-12 01:40:55,027 [grpc-default-executor-3] INFO  impl.RaftServerImpl (RaftServerImpl.java:setRole(171)) - a21081bf-cd3a-4af0-ac7f-4f85472936c0:group-90CF44FA079A changes role from FOLLOWER to FOLLOWER at term 5 for recognizeCandidate:666c9d7c-114b-4ab1-832f-607879c4ea44
2019-09-12 01:40:55,027 [pool-413-thread-1] INFO  server.RaftServerConfigKeys (ConfUtils.java:logGet(43)) - raft.server.log.segment.size.max = 1048576 (custom)
2019-09-12 01:40:55,027 [pool-413-thread-1] INFO  server.RaftServerConfigKeys (ConfUtils.java:logGet(43)) - raft.server.log.preallocated.size = 16384 (custom)
2019-09-12 01:40:55,027 [pool-433-thread-1] INFO  server.RaftServerConfigKeys (ConfUtils.java:logGet(43)) - raft.server.log.segment.size.max = 1048576 (custom)
2019-09-12 01:40:55,027 [pool-413-thread-1] INFO  server.RaftServerConfigKeys (ConfUtils.java:logGet(43)) - raft.server.log.write.buffer.size = 33554432 (custom)
2019-09-12 01:40:55,027 [pool-413-thread-1] INFO  server.RaftServerConfigKeys (ConfUtils.java:logGet(43)) - raft.server.log.force.sync.num = 128 (default)
2019-09-12 01:40:55,027 [grpc-default-executor-2] INFO  impl.RaftServerImpl (RaftServerImpl.java:setRole(171)) - 35dde83a-dc1b-4dac-8609-3afeb2183593:group-90CF44FA079A changes role from FOLLOWER to FOLLOWER at term 5 for recognizeCandidate:666c9d7c-114b-4ab1-832f-607879c4ea44
2019-09-12 01:40:55,027 [grpc-default-executor-3] INFO  impl.RoleInfo (RoleInfo.java:shutdownFollowerState(121)) - a21081bf-cd3a-4af0-ac7f-4f85472936c0: shutdown FollowerState
2019-09-12 01:40:55,027 [pool-423-thread-1] INFO  server.RaftServerConfigKeys (ConfUtils.java:logGet(43)) - raft.server.log.segment.cache.num.max = 2 (custom)
2019-09-12 01:40:55,028 [grpc-default-executor-3] INFO  impl.RoleInfo (RoleInfo.java:updateAndGet(143)) - a21081bf-cd3a-4af0-ac7f-4f85472936c0: start FollowerState
2019-09-12 01:40:55,027 [grpc-default-executor-2] INFO  impl.RoleInfo (RoleInfo.java:shutdownFollowerState(121)) - 35dde83a-dc1b-4dac-8609-3afeb2183593: shutdown FollowerState
2019-09-12 01:40:55,027 [pool-413-thread-1] INFO  server.RaftServerConfigKeys (ConfUtils.java:logGet(43)) - raft.server.log.statemachine.data.sync = true (default)
2019-09-12 01:40:55,028 [Thread-2304] INFO  impl.FollowerState (FollowerState.java:run(114)) - 35dde83a-dc1b-4dac-8609-3afeb2183593: FollowerState was interrupted: java.lang.InterruptedException: sleep interrupted
2019-09-12 01:40:55,027 [pool-433-thread-1] INFO  server.RaftServerConfigKeys (ConfUtils.java:logGet(43)) - raft.server.log.segment.cache.num.max = 2 (custom)
2019-09-12 01:40:55,028 [pool-413-thread-1] INFO  server.RaftServerConfigKeys (ConfUtils.java:logGet(43)) - raft.server.log.statemachine.data.sync.timeout = 10s (default)
2019-09-12 01:40:55,028 [grpc-default-executor-2] INFO  impl.RoleInfo (RoleInfo.java:updateAndGet(143)) - 35dde83a-dc1b-4dac-8609-3afeb2183593: start FollowerState
2019-09-12 01:40:55,028 [pool-423-thread-1] INFO  segmented.SegmentedRaftLogWorker (SegmentedRaftLogWorker.java:<init>(172)) - new 26459f3f-5ead-418f-8158-5a2d7bcad176-SegmentedRaftLogWorker:Storage Directory /workdir/hadoop-ozone/integration-test/target/test-dir/MiniOzoneClusterImpl-abc8d6a0-4de7-4118-b7f5-03680b1d5f31/datanode-4/data/ratis/e2dda4aa-6d57-45a3-a80f-48fcdf64c0a0 for RaftStorage:Storage Directory /workdir/hadoop-ozone/integration-test/target/test-dir/MiniOzoneClusterImpl-abc8d6a0-4de7-4118-b7f5-03680b1d5f31/datanode-4/data/ratis/e2dda4aa-6d57-45a3-a80f-48fcdf64c0a0
2019-09-12 01:40:55,028 [Thread-2226] INFO  impl.FollowerState (FollowerState.java:run(114)) - a21081bf-cd3a-4af0-ac7f-4f85472936c0: FollowerState was interrupted: java.lang.InterruptedException: sleep interrupted
2019-09-12 01:40:55,033 [pool-423-thread-1] INFO  server.RaftServerConfigKeys (ConfUtils.java:logGet(43)) - raft.server.log.queue.byte-limit = 2147483647 (custom)
2019-09-12 01:40:55,033 [pool-413-thread-1] INFO  server.RaftServerConfigKeys (ConfUtils.java:logGet(43)) - raft.server.log.statemachine.data.sync.timeout.retry = -1 (default)
2019-09-12 01:40:55,033 [pool-433-thread-1] INFO  segmented.SegmentedRaftLogWorker (SegmentedRaftLogWorker.java:<init>(172)) - new 611f231b-0bf6-4c34-83a3-1ffd71f92385-SegmentedRaftLogWorker:Storage Directory /workdir/hadoop-ozone/integration-test/target/test-dir/MiniOzoneClusterImpl-abc8d6a0-4de7-4118-b7f5-03680b1d5f31/datanode-5/data/ratis/e2dda4aa-6d57-45a3-a80f-48fcdf64c0a0 for RaftStorage:Storage Directory /workdir/hadoop-ozone/integration-test/target/test-dir/MiniOzoneClusterImpl-abc8d6a0-4de7-4118-b7f5-03680b1d5f31/datanode-5/data/ratis/e2dda4aa-6d57-45a3-a80f-48fcdf64c0a0
2019-09-12 01:40:55,036 [pool-413-thread-1] INFO  server.RaftServerConfigKeys (ConfUtils.java:logGet(43)) - raft.server.log.statemachine.data.caching.enabled = true (custom)
2019-09-12 01:40:55,036 [pool-423-thread-1] INFO  server.RaftServerConfigKeys (ConfUtils.java:logGet(43)) - raft.server.log.queue.element-limit = 1024 (custom)
2019-09-12 01:40:55,037 [pool-413-thread-1] INFO  segmented.SegmentedRaftLogWorker (SegmentedRaftLogWorker.java:lambda$new$0(132)) - 6b3955da-b50a-448e-98f8-bfdbc3037ace-SegmentedRaftLogWorker:Storage Directory /workdir/hadoop-ozone/integration-test/target/test-dir/MiniOzoneClusterImpl-abc8d6a0-4de7-4118-b7f5-03680b1d5f31/datanode-3/data/ratis/e2dda4aa-6d57-45a3-a80f-48fcdf64c0a0: flushIndex: setUnconditionally 0 -> -1
2019-09-12 01:40:55,036 [pool-433-thread-1] INFO  server.RaftServerConfigKeys (ConfUtils.java:logGet(43)) - raft.server.log.queue.byte-limit = 2147483647 (custom)
2019-09-12 01:40:55,037 [pool-413-thread-1] INFO  server.RaftServerConfigKeys (ConfUtils.java:logGet(43)) - raft.server.snapshot.auto.trigger.enabled = true (custom)
2019-09-12 01:40:55,037 [pool-423-thread-1] INFO  server.RaftServerConfigKeys (ConfUtils.java:logGet(43)) - raft.server.log.segment.size.max = 1048576 (custom)
2019-09-12 01:40:55,037 [pool-413-thread-1] INFO  server.RaftServerConfigKeys (ConfUtils.java:logGet(43)) - raft.server.snapshot.auto.trigger.threshold = 10000 (custom)
2019-09-12 01:40:55,037 [pool-433-thread-1] INFO  server.RaftServerConfigKeys (ConfUtils.java:logGet(43)) - raft.server.log.queue.element-limit = 1024 (custom)
2019-09-12 01:40:55,037 [pool-413-thread-1] INFO  server.RaftServerConfigKeys (ConfUtils.java:logGet(43)) - raft.server.retrycache.expirytime = 600000ms (custom)
2019-09-12 01:40:55,037 [pool-423-thread-1] INFO  server.RaftServerConfigKeys (ConfUtils.java:logGet(43)) - raft.server.log.preallocated.size = 16384 (custom)
2019-09-12 01:40:55,038 [pool-413-thread-1] INFO  impl.RaftServerImpl (RaftServerImpl.java:start(180)) - 6b3955da-b50a-448e-98f8-bfdbc3037ace: start group-48FCDF64C0A0
2019-09-12 01:40:55,038 [pool-433-thread-1] INFO  server.RaftServerConfigKeys (ConfUtils.java:logGet(43)) - raft.server.log.segment.size.max = 1048576 (custom)
2019-09-12 01:40:55,038 [pool-413-thread-1] INFO  impl.RaftServerImpl (RaftServerImpl.java:setRole(171)) - 6b3955da-b50a-448e-98f8-bfdbc3037ace:group-48FCDF64C0A0 changes role from null to FOLLOWER at term 0 for startAsFollower
2019-09-12 01:40:55,038 [pool-423-thread-1] INFO  server.RaftServerConfigKeys (ConfUtils.java:logGet(43)) - raft.server.log.write.buffer.size = 33554432 (custom)
2019-09-12 01:40:55,038 [pool-413-thread-1] INFO  impl.RoleInfo (RoleInfo.java:updateAndGet(143)) - 6b3955da-b50a-448e-98f8-bfdbc3037ace: start FollowerState
2019-09-12 01:40:55,038 [pool-433-thread-1] INFO  server.RaftServerConfigKeys (ConfUtils.java:logGet(43)) - raft.server.log.preallocated.size = 16384 (custom)
2019-09-12 01:40:55,038 [pool-423-thread-1] INFO  server.RaftServerConfigKeys (ConfUtils.java:logGet(43)) - raft.server.log.force.sync.num = 128 (default)
2019-09-12 01:40:55,039 [pool-413-thread-1] INFO  util.JmxRegister (JmxRegister.java:tryRegister(44)) - Successfully registered JMX Bean with object name Ratis:service=RaftServer,group=group-48FCDF64C0A0,id=6b3955da-b50a-448e-98f8-bfdbc3037ace
2019-09-12 01:40:55,038 [pool-433-thread-1] INFO  server.RaftServerConfigKeys (ConfUtils.java:logGet(43)) - raft.server.log.write.buffer.size = 33554432 (custom)
2019-09-12 01:40:55,039 [pool-423-thread-1] INFO  server.RaftServerConfigKeys (ConfUtils.java:logGet(43)) - raft.server.log.statemachine.data.sync = true (default)
2019-09-12 01:40:55,039 [pool-433-thread-1] INFO  server.RaftServerConfigKeys (ConfUtils.java:logGet(43)) - raft.server.log.force.sync.num = 128 (default)
2019-09-12 01:40:55,039 [pool-423-thread-1] INFO  server.RaftServerConfigKeys (ConfUtils.java:logGet(43)) - raft.server.log.statemachine.data.sync.timeout = 10s (default)
2019-09-12 01:40:55,039 [pool-433-thread-1] INFO  server.RaftServerConfigKeys (ConfUtils.java:logGet(43)) - raft.server.log.statemachine.data.sync = true (default)
2019-09-12 01:40:55,039 [pool-423-thread-1] INFO  server.RaftServerConfigKeys (ConfUtils.java:logGet(43)) - raft.server.log.statemachine.data.sync.timeout.retry = -1 (default)
2019-09-12 01:40:55,039 [pool-433-thread-1] INFO  server.RaftServerConfigKeys (ConfUtils.java:logGet(43)) - raft.server.log.statemachine.data.sync.timeout = 10s (default)
2019-09-12 01:40:55,040 [pool-423-thread-1] INFO  server.RaftServerConfigKeys (ConfUtils.java:logGet(43)) - raft.server.log.statemachine.data.caching.enabled = true (custom)
2019-09-12 01:40:55,040 [pool-433-thread-1] INFO  server.RaftServerConfigKeys (ConfUtils.java:logGet(43)) - raft.server.log.statemachine.data.sync.timeout.retry = -1 (default)
2019-09-12 01:40:55,040 [pool-433-thread-1] INFO  server.RaftServerConfigKeys (ConfUtils.java:logGet(43)) - raft.server.log.statemachine.data.caching.enabled = true (custom)
2019-09-12 01:40:55,040 [pool-423-thread-1] INFO  segmented.SegmentedRaftLogWorker (SegmentedRaftLogWorker.java:lambda$new$0(132)) - 26459f3f-5ead-418f-8158-5a2d7bcad176-SegmentedRaftLogWorker:Storage Directory /workdir/hadoop-ozone/integration-test/target/test-dir/MiniOzoneClusterImpl-abc8d6a0-4de7-4118-b7f5-03680b1d5f31/datanode-4/data/ratis/e2dda4aa-6d57-45a3-a80f-48fcdf64c0a0: flushIndex: setUnconditionally 0 -> -1
2019-09-12 01:40:55,040 [pool-433-thread-1] INFO  segmented.SegmentedRaftLogWorker (SegmentedRaftLogWorker.java:lambda$new$0(132)) - 611f231b-0bf6-4c34-83a3-1ffd71f92385-SegmentedRaftLogWorker:Storage Directory /workdir/hadoop-ozone/integration-test/target/test-dir/MiniOzoneClusterImpl-abc8d6a0-4de7-4118-b7f5-03680b1d5f31/datanode-5/data/ratis/e2dda4aa-6d57-45a3-a80f-48fcdf64c0a0: flushIndex: setUnconditionally 0 -> -1
2019-09-12 01:40:55,040 [pool-423-thread-1] INFO  server.RaftServerConfigKeys (ConfUtils.java:logGet(43)) - raft.server.snapshot.auto.trigger.enabled = true (custom)
2019-09-12 01:40:55,040 [pool-433-thread-1] INFO  server.RaftServerConfigKeys (ConfUtils.java:logGet(43)) - raft.server.snapshot.auto.trigger.enabled = true (custom)
2019-09-12 01:40:55,041 [pool-423-thread-1] INFO  server.RaftServerConfigKeys (ConfUtils.java:logGet(43)) - raft.server.snapshot.auto.trigger.threshold = 10000 (custom)
2019-09-12 01:40:55,041 [pool-433-thread-1] INFO  server.RaftServerConfigKeys (ConfUtils.java:logGet(43)) - raft.server.snapshot.auto.trigger.threshold = 10000 (custom)
2019-09-12 01:40:55,041 [pool-423-thread-1] INFO  server.RaftServerConfigKeys (ConfUtils.java:logGet(43)) - raft.server.retrycache.expirytime = 600000ms (custom)
2019-09-12 01:40:55,041 [pool-433-thread-1] INFO  server.RaftServerConfigKeys (ConfUtils.java:logGet(43)) - raft.server.retrycache.expirytime = 600000ms (custom)
2019-09-12 01:40:55,041 [pool-423-thread-1] INFO  impl.RaftServerImpl (RaftServerImpl.java:start(180)) - 26459f3f-5ead-418f-8158-5a2d7bcad176: start group-48FCDF64C0A0
2019-09-12 01:40:55,041 [pool-433-thread-1] INFO  impl.RaftServerImpl (RaftServerImpl.java:start(180)) - 611f231b-0bf6-4c34-83a3-1ffd71f92385: start group-48FCDF64C0A0
2019-09-12 01:40:55,041 [pool-423-thread-1] INFO  impl.RaftServerImpl (RaftServerImpl.java:setRole(171)) - 26459f3f-5ead-418f-8158-5a2d7bcad176:group-48FCDF64C0A0 changes role from null to FOLLOWER at term 0 for startAsFollower
2019-09-12 01:40:55,041 [pool-433-thread-1] INFO  impl.RaftServerImpl (RaftServerImpl.java:setRole(171)) - 611f231b-0bf6-4c34-83a3-1ffd71f92385:group-48FCDF64C0A0 changes role from null to FOLLOWER at term 0 for startAsFollower
2019-09-12 01:40:55,041 [pool-423-thread-1] INFO  impl.RoleInfo (RoleInfo.java:updateAndGet(143)) - 26459f3f-5ead-418f-8158-5a2d7bcad176: start FollowerState
2019-09-12 01:40:55,042 [pool-433-thread-1] INFO  impl.RoleInfo (RoleInfo.java:updateAndGet(143)) - 611f231b-0bf6-4c34-83a3-1ffd71f92385: start FollowerState
2019-09-12 01:40:55,042 [pool-423-thread-1] INFO  util.JmxRegister (JmxRegister.java:tryRegister(44)) - Successfully registered JMX Bean with object name Ratis:service=RaftServer,group=group-48FCDF64C0A0,id=26459f3f-5ead-418f-8158-5a2d7bcad176
2019-09-12 01:40:55,042 [pool-433-thread-1] INFO  util.JmxRegister (JmxRegister.java:tryRegister(44)) - Successfully registered JMX Bean with object name Ratis:service=RaftServer,group=group-48FCDF64C0A0,id=611f231b-0bf6-4c34-83a3-1ffd71f92385
2019-09-12 01:40:55,044 [RatisPipelineUtilsThread] INFO  pipeline.PipelineStateManager (PipelineStateManager.java:addPipeline(56)) - Created pipeline Pipeline[ Id: e2dda4aa-6d57-45a3-a80f-48fcdf64c0a0, Nodes: 26459f3f-5ead-418f-8158-5a2d7bcad176{ip: 192.168.5.171, host: pr-hdds-2007-7njtk-1085629304, networkLocation: /default-rack, certSerialId: null}611f231b-0bf6-4c34-83a3-1ffd71f92385{ip: 192.168.5.171, host: pr-hdds-2007-7njtk-1085629304, networkLocation: /default-rack, certSerialId: null}6b3955da-b50a-448e-98f8-bfdbc3037ace{ip: 192.168.5.171, host: pr-hdds-2007-7njtk-1085629304, networkLocation: /default-rack, certSerialId: null}, Type:RATIS, Factor:THREE, State:OPEN]
2019-09-12 01:40:55,060 [666c9d7c-114b-4ab1-832f-607879c4ea44:group-90CF44FA079A:LeaderElection63] INFO  impl.LeaderElection (LeaderElection.java:logAndReturn(56)) - 666c9d7c-114b-4ab1-832f-607879c4ea44:group-90CF44FA079A:LeaderElection63: Election PASSED; received 1 response(s) [666c9d7c-114b-4ab1-832f-607879c4ea44<-35dde83a-dc1b-4dac-8609-3afeb2183593#0:OK-t5] and 0 exception(s); 666c9d7c-114b-4ab1-832f-607879c4ea44:t5, leader=null, voted=666c9d7c-114b-4ab1-832f-607879c4ea44, raftlog=666c9d7c-114b-4ab1-832f-607879c4ea44-SegmentedRaftLog:OPENED:c-1,f-1,i0, conf=-1: [666c9d7c-114b-4ab1-832f-607879c4ea44:192.168.5.171:44346, 35dde83a-dc1b-4dac-8609-3afeb2183593:192.168.5.171:45647, a21081bf-cd3a-4af0-ac7f-4f85472936c0:192.168.5.171:40720], old=null
2019-09-12 01:40:55,060 [666c9d7c-114b-4ab1-832f-607879c4ea44:group-90CF44FA079A:LeaderElection63] INFO  impl.RoleInfo (RoleInfo.java:shutdownLeaderElection(134)) - 666c9d7c-114b-4ab1-832f-607879c4ea44: shutdown LeaderElection
2019-09-12 01:40:55,061 [666c9d7c-114b-4ab1-832f-607879c4ea44:group-90CF44FA079A:LeaderElection63] INFO  impl.RaftServerImpl (RaftServerImpl.java:setRole(171)) - 666c9d7c-114b-4ab1-832f-607879c4ea44:group-90CF44FA079A changes role from CANDIDATE to LEADER at term 5 for changeToLeader
2019-09-12 01:40:55,061 [666c9d7c-114b-4ab1-832f-607879c4ea44:group-90CF44FA079A:LeaderElection63] INFO  impl.RaftServerImpl (ServerState.java:setLeader(263)) - 666c9d7c-114b-4ab1-832f-607879c4ea44:group-90CF44FA079A change Leader from null to 666c9d7c-114b-4ab1-832f-607879c4ea44 at term 5 for becomeLeader, leader elected after 26615ms
2019-09-12 01:40:55,061 [666c9d7c-114b-4ab1-832f-607879c4ea44:group-90CF44FA079A:LeaderElection63] INFO  server.RaftServerConfigKeys (ConfUtils.java:logGet(43)) - raft.server.staging.catchup.gap = 1000 (default)
2019-09-12 01:40:55,061 [666c9d7c-114b-4ab1-832f-607879c4ea44:group-90CF44FA079A:LeaderElection63] INFO  server.RaftServerConfigKeys (ConfUtils.java:logGet(43)) - raft.server.rpc.sleep.time = 25ms (default)
2019-09-12 01:40:55,061 [666c9d7c-114b-4ab1-832f-607879c4ea44:group-90CF44FA079A:LeaderElection63] INFO  server.RaftServerConfigKeys (ConfUtils.java:logGet(43)) - raft.server.write.element-limit = 4096 (default)
2019-09-12 01:40:55,061 [666c9d7c-114b-4ab1-832f-607879c4ea44:group-90CF44FA079A:LeaderElection63] INFO  server.RaftServerConfigKeys (ConfUtils.java:logGet(43)) - raft.server.watch.timeout = 10s (default)
2019-09-12 01:40:55,062 [666c9d7c-114b-4ab1-832f-607879c4ea44:group-90CF44FA079A:LeaderElection63] INFO  server.RaftServerConfigKeys (ConfUtils.java:logGet(43)) - raft.server.watch.timeout.denomination = 1s (default)
2019-09-12 01:40:55,062 [666c9d7c-114b-4ab1-832f-607879c4ea44:group-90CF44FA079A:LeaderElection63] INFO  server.RaftServerConfigKeys (ConfUtils.java:logGet(43)) - raft.server.watch.element-limit = 65536 (default)
2019-09-12 01:40:55,062 [666c9d7c-114b-4ab1-832f-607879c4ea44:group-90CF44FA079A:LeaderElection63] INFO  server.RaftServerConfigKeys (ConfUtils.java:logGet(43)) - raft.server.log.appender.snapshot.chunk.size.max = 16MB (=16777216) (default)
2019-09-12 01:40:55,063 [666c9d7c-114b-4ab1-832f-607879c4ea44:group-90CF44FA079A:LeaderElection63] INFO  server.RaftServerConfigKeys (ConfUtils.java:logGet(43)) - raft.server.log.appender.buffer.byte-limit = 33554432 (custom)
2019-09-12 01:40:55,063 [666c9d7c-114b-4ab1-832f-607879c4ea44:group-90CF44FA079A:LeaderElection63] INFO  server.RaftServerConfigKeys (ConfUtils.java:logGet(43)) - raft.server.log.appender.buffer.element-limit = 1 (custom)
2019-09-12 01:40:55,063 [666c9d7c-114b-4ab1-832f-607879c4ea44:group-90CF44FA079A:LeaderElection63] INFO  grpc.GrpcConfigKeys$Server (ConfUtils.java:logGet(43)) - raft.grpc.server.leader.outstanding.appends.max = 128 (default)
2019-09-12 01:40:55,063 [666c9d7c-114b-4ab1-832f-607879c4ea44:group-90CF44FA079A:LeaderElection63] INFO  server.RaftServerConfigKeys (ConfUtils.java:logGet(43)) - raft.server.rpc.request.timeout = 3000ms (default)
2019-09-12 01:40:55,064 [666c9d7c-114b-4ab1-832f-607879c4ea44:group-90CF44FA079A:LeaderElection63] INFO  server.RaftServerConfigKeys (ConfUtils.java:logGet(43)) - raft.server.log.appender.install.snapshot.enabled = false (custom)
2019-09-12 01:40:55,064 [666c9d7c-114b-4ab1-832f-607879c4ea44:group-90CF44FA079A:LeaderElection63] INFO  server.RaftServerConfigKeys (ConfUtils.java:logGet(43)) - raft.server.log.appender.snapshot.chunk.size.max = 16MB (=16777216) (default)
2019-09-12 01:40:55,064 [666c9d7c-114b-4ab1-832f-607879c4ea44:group-90CF44FA079A:LeaderElection63] INFO  server.RaftServerConfigKeys (ConfUtils.java:logGet(43)) - raft.server.log.appender.buffer.byte-limit = 33554432 (custom)
2019-09-12 01:40:55,064 [666c9d7c-114b-4ab1-832f-607879c4ea44:group-90CF44FA079A:LeaderElection63] INFO  server.RaftServerConfigKeys (ConfUtils.java:logGet(43)) - raft.server.log.appender.buffer.element-limit = 1 (custom)
2019-09-12 01:40:55,065 [666c9d7c-114b-4ab1-832f-607879c4ea44:group-90CF44FA079A:LeaderElection63] INFO  grpc.GrpcConfigKeys$Server (ConfUtils.java:logGet(43)) - raft.grpc.server.leader.outstanding.appends.max = 128 (default)
2019-09-12 01:40:55,065 [666c9d7c-114b-4ab1-832f-607879c4ea44:group-90CF44FA079A:LeaderElection63] INFO  server.RaftServerConfigKeys (ConfUtils.java:logGet(43)) - raft.server.rpc.request.timeout = 3000ms (default)
2019-09-12 01:40:55,065 [666c9d7c-114b-4ab1-832f-607879c4ea44:group-90CF44FA079A:LeaderElection63] INFO  server.RaftServerConfigKeys (ConfUtils.java:logGet(43)) - raft.server.log.appender.install.snapshot.enabled = false (custom)
2019-09-12 01:40:55,065 [666c9d7c-114b-4ab1-832f-607879c4ea44:group-90CF44FA079A:LeaderElection63] INFO  impl.RoleInfo (RoleInfo.java:updateAndGet(143)) - 666c9d7c-114b-4ab1-832f-607879c4ea44: start LeaderState
2019-09-12 01:40:55,066 [666c9d7c-114b-4ab1-832f-607879c4ea44:group-90CF44FA079A:LeaderElection63] INFO  segmented.SegmentedRaftLogWorker (SegmentedRaftLogWorker.java:startLogSegment(380)) - 666c9d7c-114b-4ab1-832f-607879c4ea44-SegmentedRaftLogWorker:Storage Directory /workdir/hadoop-ozone/integration-test/target/test-dir/MiniOzoneClusterImpl-8d24175b-b5af-4536-8aa2-3b49cded71dd/datanode-1/data/ratis/91906523-f0b3-41c0-8d32-90cf44fa079a: Starting segment from index:0
2019-09-12 01:40:55,067 [666c9d7c-114b-4ab1-832f-607879c4ea44:group-90CF44FA079A:LeaderElection63] INFO  impl.RaftServerImpl (ServerState.java:setRaftConf(361)) - 666c9d7c-114b-4ab1-832f-607879c4ea44:group-90CF44FA079A set configuration 0: [666c9d7c-114b-4ab1-832f-607879c4ea44:192.168.5.171:44346, 35dde83a-dc1b-4dac-8609-3afeb2183593:192.168.5.171:45647, a21081bf-cd3a-4af0-ac7f-4f85472936c0:192.168.5.171:40720], old=null at 0
2019-09-12 01:40:55,114 [grpc-default-executor-3] INFO  impl.RaftServerImpl (ServerState.java:setLeader(263)) - 35dde83a-dc1b-4dac-8609-3afeb2183593:group-90CF44FA079A change Leader from null to 666c9d7c-114b-4ab1-832f-607879c4ea44 at term 5 for appendEntries, leader elected after 26668ms
2019-09-12 01:40:55,114 [grpc-default-executor-2] INFO  impl.RaftServerImpl (ServerState.java:setLeader(263)) - a21081bf-cd3a-4af0-ac7f-4f85472936c0:group-90CF44FA079A change Leader from null to 666c9d7c-114b-4ab1-832f-607879c4ea44 at term 5 for appendEntries, leader elected after 26669ms
2019-09-12 01:40:55,117 [grpc-default-executor-2] INFO  impl.RaftServerImpl (ServerState.java:setRaftConf(361)) - 35dde83a-dc1b-4dac-8609-3afeb2183593:group-90CF44FA079A set configuration 0: [666c9d7c-114b-4ab1-832f-607879c4ea44:192.168.5.171:44346, 35dde83a-dc1b-4dac-8609-3afeb2183593:192.168.5.171:45647, a21081bf-cd3a-4af0-ac7f-4f85472936c0:192.168.5.171:40720], old=null at 0
2019-09-12 01:40:55,117 [grpc-default-executor-3] INFO  impl.RaftServerImpl (ServerState.java:setRaftConf(361)) - a21081bf-cd3a-4af0-ac7f-4f85472936c0:group-90CF44FA079A set configuration 0: [666c9d7c-114b-4ab1-832f-607879c4ea44:192.168.5.171:44346, 35dde83a-dc1b-4dac-8609-3afeb2183593:192.168.5.171:45647, a21081bf-cd3a-4af0-ac7f-4f85472936c0:192.168.5.171:40720], old=null at 0
2019-09-12 01:40:55,117 [grpc-default-executor-2] INFO  segmented.SegmentedRaftLogWorker (SegmentedRaftLogWorker.java:startLogSegment(380)) - 35dde83a-dc1b-4dac-8609-3afeb2183593-SegmentedRaftLogWorker:Storage Directory /workdir/hadoop-ozone/integration-test/target/test-dir/MiniOzoneClusterImpl-8d24175b-b5af-4536-8aa2-3b49cded71dd/datanode-0/data/ratis/91906523-f0b3-41c0-8d32-90cf44fa079a: Starting segment from index:0
2019-09-12 01:40:55,117 [grpc-default-executor-3] INFO  segmented.SegmentedRaftLogWorker (SegmentedRaftLogWorker.java:startLogSegment(380)) - a21081bf-cd3a-4af0-ac7f-4f85472936c0-SegmentedRaftLogWorker:Storage Directory /workdir/hadoop-ozone/integration-test/target/test-dir/MiniOzoneClusterImpl-8d24175b-b5af-4536-8aa2-3b49cded71dd/datanode-2/data/ratis/91906523-f0b3-41c0-8d32-90cf44fa079a: Starting segment from index:0
2019-09-12 01:40:55,143 [666c9d7c-114b-4ab1-832f-607879c4ea44-SegmentedRaftLogWorker:Storage Directory /workdir/hadoop-ozone/integration-test/target/test-dir/MiniOzoneClusterImpl-8d24175b-b5af-4536-8aa2-3b49cded71dd/datanode-1/data/ratis/91906523-f0b3-41c0-8d32-90cf44fa079a] INFO  segmented.SegmentedRaftLogWorker (SegmentedRaftLogWorker.java:execute(569)) - 666c9d7c-114b-4ab1-832f-607879c4ea44-SegmentedRaftLogWorker:Storage Directory /workdir/hadoop-ozone/integration-test/target/test-dir/MiniOzoneClusterImpl-8d24175b-b5af-4536-8aa2-3b49cded71dd/datanode-1/data/ratis/91906523-f0b3-41c0-8d32-90cf44fa079a: created new log segment /workdir/hadoop-ozone/integration-test/target/test-dir/MiniOzoneClusterImpl-8d24175b-b5af-4536-8aa2-3b49cded71dd/datanode-1/data/ratis/91906523-f0b3-41c0-8d32-90cf44fa079a/current/log_inprogress_0
2019-09-12 01:40:55,168 [35dde83a-dc1b-4dac-8609-3afeb2183593-SegmentedRaftLogWorker:Storage Directory /workdir/hadoop-ozone/integration-test/target/test-dir/MiniOzoneClusterImpl-8d24175b-b5af-4536-8aa2-3b49cded71dd/datanode-0/data/ratis/91906523-f0b3-41c0-8d32-90cf44fa079a] INFO  segmented.SegmentedRaftLogWorker (SegmentedRaftLogWorker.java:execute(569)) - 35dde83a-dc1b-4dac-8609-3afeb2183593-SegmentedRaftLogWorker:Storage Directory /workdir/hadoop-ozone/integration-test/target/test-dir/MiniOzoneClusterImpl-8d24175b-b5af-4536-8aa2-3b49cded71dd/datanode-0/data/ratis/91906523-f0b3-41c0-8d32-90cf44fa079a: created new log segment /workdir/hadoop-ozone/integration-test/target/test-dir/MiniOzoneClusterImpl-8d24175b-b5af-4536-8aa2-3b49cded71dd/datanode-0/data/ratis/91906523-f0b3-41c0-8d32-90cf44fa079a/current/log_inprogress_0
2019-09-12 01:40:55,168 [a21081bf-cd3a-4af0-ac7f-4f85472936c0-SegmentedRaftLogWorker:Storage Directory /workdir/hadoop-ozone/integration-test/target/test-dir/MiniOzoneClusterImpl-8d24175b-b5af-4536-8aa2-3b49cded71dd/datanode-2/data/ratis/91906523-f0b3-41c0-8d32-90cf44fa079a] INFO  segmented.SegmentedRaftLogWorker (SegmentedRaftLogWorker.java:execute(569)) - a21081bf-cd3a-4af0-ac7f-4f85472936c0-SegmentedRaftLogWorker:Storage Directory /workdir/hadoop-ozone/integration-test/target/test-dir/MiniOzoneClusterImpl-8d24175b-b5af-4536-8aa2-3b49cded71dd/datanode-2/data/ratis/91906523-f0b3-41c0-8d32-90cf44fa079a: created new log segment /workdir/hadoop-ozone/integration-test/target/test-dir/MiniOzoneClusterImpl-8d24175b-b5af-4536-8aa2-3b49cded71dd/datanode-2/data/ratis/91906523-f0b3-41c0-8d32-90cf44fa079a/current/log_inprogress_0
2019-09-12 01:40:55,789 [main] INFO  ozone.MiniOzoneClusterImpl (MiniOzoneClusterImpl.java:lambda$waitForClusterToBeReady$0(145)) - Cluster is ready. Got 7 of 7 DN Heartbeats.
2019-09-12 01:40:55,855 [main] INFO  rpc.RpcClient (RpcClient.java:createVolume(294)) - Creating Volume: watchforcommithandlingtest, with jenkins1000 as owner.
2019-09-12 01:40:55,858 [IPC Server handler 1 on 44776] INFO  volume.OMVolumeCreateRequest (OMVolumeCreateRequest.java:validateAndUpdateCache(189)) - created volume:watchforcommithandlingtest for user:jenkins1000
2019-09-12 01:40:55,876 [main] INFO  rpc.RpcClient (RpcClient.java:createBucket(433)) - Creating Bucket: watchforcommithandlingtest/watchforcommithandlingtest, with Versioning false and Storage Type set to DISK and Encryption set to false 
2019-09-12 01:40:55,881 [main] INFO  ozone.MiniOzoneClusterImpl (MiniOzoneClusterImpl.java:getStorageContainerLocationClient(232)) - Creating StorageContainerLocationProtocol RPC client with address /0.0.0.0:36377
2019-09-12 01:40:55,905 [grpc-default-executor-3] INFO  client.GrpcClientProtocolClient (GrpcClientProtocolClient.java:onNext(255)) - client-D45794BDE9BB->33ab51e1-850e-4e00-b198-bc2fea023149: receive RaftClientReply:client-D45794BDE9BB->33ab51e1-850e-4e00-b198-bc2fea023149@group-675E09E942D8, cid=96, FAILED org.apache.ratis.protocol.NotLeaderException: Server 33ab51e1-850e-4e00-b198-bc2fea023149 is not the leader (null). Request must be sent to leader., logIndex=0, commits[33ab51e1-850e-4e00-b198-bc2fea023149:c-1]
2019-09-12 01:40:56,933 [grpc-default-executor-3] INFO  client.GrpcClientProtocolClient (GrpcClientProtocolClient.java:onNext(255)) - client-D45794BDE9BB->d649c276-746f-471c-853f-e4f93cee865e: receive RaftClientReply:client-D45794BDE9BB->d649c276-746f-471c-853f-e4f93cee865e@group-675E09E942D8, cid=96, FAILED org.apache.ratis.protocol.NotLeaderException: Server d649c276-746f-471c-853f-e4f93cee865e is not the leader (null). Request must be sent to leader., logIndex=0, commits[d649c276-746f-471c-853f-e4f93cee865e:c-1]
2019-09-12 01:40:57,172 [Thread-2381] INFO  container.ReplicationManager (ReplicationManager.java:start(162)) - Starting Replication Monitor Thread.
2019-09-12 01:40:57,178 [ReplicationMonitor] INFO  container.ReplicationManager (ReplicationManager.java:run(225)) - Replication Monitor Thread took 0 milliseconds for processing 1 containers.
2019-09-12 01:40:57,951 [grpc-default-executor-2] INFO  client.GrpcClientProtocolClient (GrpcClientProtocolClient.java:onNext(255)) - client-D45794BDE9BB->33ab51e1-850e-4e00-b198-bc2fea023149: receive RaftClientReply:client-D45794BDE9BB->33ab51e1-850e-4e00-b198-bc2fea023149@group-675E09E942D8, cid=96, FAILED org.apache.ratis.protocol.NotLeaderException: Server 33ab51e1-850e-4e00-b198-bc2fea023149 is not the leader (null). Request must be sent to leader., logIndex=0, commits[33ab51e1-850e-4e00-b198-bc2fea023149:c-1]
2019-09-12 01:40:58,975 [grpc-default-executor-3] INFO  client.GrpcClientProtocolClient (GrpcClientProtocolClient.java:onNext(255)) - client-D45794BDE9BB->d649c276-746f-471c-853f-e4f93cee865e: receive RaftClientReply:client-D45794BDE9BB->d649c276-746f-471c-853f-e4f93cee865e@group-675E09E942D8, cid=96, FAILED org.apache.ratis.protocol.NotLeaderException: Server d649c276-746f-471c-853f-e4f93cee865e is not the leader (null). Request must be sent to leader., logIndex=0, commits[d649c276-746f-471c-853f-e4f93cee865e:c-1]
2019-09-12 01:40:59,374 [Thread-2383] INFO  impl.FollowerState (FollowerState.java:run(106)) - 5064e46d-2f39-4360-9715-89395492d4a7:group-74C1D3A3F5C4 changes to CANDIDATE, lastRpcTime:5136, electionTimeout:5136ms
2019-09-12 01:40:59,374 [Thread-2383] INFO  impl.RoleInfo (RoleInfo.java:shutdownFollowerState(121)) - 5064e46d-2f39-4360-9715-89395492d4a7: shutdown FollowerState
2019-09-12 01:40:59,374 [Thread-2383] INFO  impl.RaftServerImpl (RaftServerImpl.java:setRole(171)) - 5064e46d-2f39-4360-9715-89395492d4a7:group-74C1D3A3F5C4 changes role from FOLLOWER to CANDIDATE at term 0 for changeToCandidate
2019-09-12 01:40:59,374 [Thread-2383] INFO  impl.RoleInfo (RoleInfo.java:updateAndGet(143)) - 5064e46d-2f39-4360-9715-89395492d4a7: start LeaderElection
2019-09-12 01:40:59,388 [Thread-2386] INFO  impl.FollowerState (FollowerState.java:run(106)) - d649c276-746f-471c-853f-e4f93cee865e:group-D07B1710569C changes to CANDIDATE, lastRpcTime:5059, electionTimeout:5057ms
2019-09-12 01:40:59,388 [Thread-2386] INFO  impl.RoleInfo (RoleInfo.java:shutdownFollowerState(121)) - d649c276-746f-471c-853f-e4f93cee865e: shutdown FollowerState
2019-09-12 01:40:59,388 [Thread-2386] INFO  impl.RaftServerImpl (RaftServerImpl.java:setRole(171)) - d649c276-746f-471c-853f-e4f93cee865e:group-D07B1710569C changes role from FOLLOWER to CANDIDATE at term 0 for changeToCandidate
2019-09-12 01:40:59,388 [Thread-2386] INFO  impl.RoleInfo (RoleInfo.java:updateAndGet(143)) - d649c276-746f-471c-853f-e4f93cee865e: start LeaderElection
2019-09-12 01:40:59,409 [5064e46d-2f39-4360-9715-89395492d4a7:group-74C1D3A3F5C4:LeaderElection64] INFO  impl.LeaderElection (LeaderElection.java:askForVotes(181)) - 5064e46d-2f39-4360-9715-89395492d4a7:group-74C1D3A3F5C4:LeaderElection64: begin an election at term 1 for -1: [5064e46d-2f39-4360-9715-89395492d4a7:192.168.5.171:38496], old=null
2019-09-12 01:40:59,410 [5064e46d-2f39-4360-9715-89395492d4a7:group-74C1D3A3F5C4:LeaderElection64] INFO  impl.RoleInfo (RoleInfo.java:shutdownLeaderElection(134)) - 5064e46d-2f39-4360-9715-89395492d4a7: shutdown LeaderElection
2019-09-12 01:40:59,410 [5064e46d-2f39-4360-9715-89395492d4a7:group-74C1D3A3F5C4:LeaderElection64] INFO  impl.RaftServerImpl (RaftServerImpl.java:setRole(171)) - 5064e46d-2f39-4360-9715-89395492d4a7:group-74C1D3A3F5C4 changes role from CANDIDATE to LEADER at term 1 for changeToLeader
2019-09-12 01:40:59,410 [5064e46d-2f39-4360-9715-89395492d4a7:group-74C1D3A3F5C4:LeaderElection64] INFO  impl.RaftServerImpl (ServerState.java:setLeader(263)) - 5064e46d-2f39-4360-9715-89395492d4a7:group-74C1D3A3F5C4 change Leader from null to 5064e46d-2f39-4360-9715-89395492d4a7 at term 1 for becomeLeader, leader elected after 5176ms
2019-09-12 01:40:59,410 [5064e46d-2f39-4360-9715-89395492d4a7:group-74C1D3A3F5C4:LeaderElection64] INFO  server.RaftServerConfigKeys (ConfUtils.java:logGet(43)) - raft.server.staging.catchup.gap = 1000 (default)
2019-09-12 01:40:59,410 [5064e46d-2f39-4360-9715-89395492d4a7:group-74C1D3A3F5C4:LeaderElection64] INFO  server.RaftServerConfigKeys (ConfUtils.java:logGet(43)) - raft.server.rpc.sleep.time = 25ms (default)
2019-09-12 01:40:59,410 [5064e46d-2f39-4360-9715-89395492d4a7:group-74C1D3A3F5C4:LeaderElection64] INFO  server.RaftServerConfigKeys (ConfUtils.java:logGet(43)) - raft.server.write.element-limit = 4096 (default)
2019-09-12 01:40:59,411 [5064e46d-2f39-4360-9715-89395492d4a7:group-74C1D3A3F5C4:LeaderElection64] INFO  server.RaftServerConfigKeys (ConfUtils.java:logGet(43)) - raft.server.watch.timeout = 10s (default)
2019-09-12 01:40:59,411 [5064e46d-2f39-4360-9715-89395492d4a7:group-74C1D3A3F5C4:LeaderElection64] INFO  server.RaftServerConfigKeys (ConfUtils.java:logGet(43)) - raft.server.watch.timeout.denomination = 1s (default)
2019-09-12 01:40:59,411 [5064e46d-2f39-4360-9715-89395492d4a7:group-74C1D3A3F5C4:LeaderElection64] INFO  server.RaftServerConfigKeys (ConfUtils.java:logGet(43)) - raft.server.watch.element-limit = 65536 (default)
2019-09-12 01:40:59,411 [5064e46d-2f39-4360-9715-89395492d4a7:group-74C1D3A3F5C4:LeaderElection64] INFO  impl.RoleInfo (RoleInfo.java:updateAndGet(143)) - 5064e46d-2f39-4360-9715-89395492d4a7: start LeaderState
2019-09-12 01:40:59,411 [5064e46d-2f39-4360-9715-89395492d4a7:group-74C1D3A3F5C4:LeaderElection64] INFO  segmented.SegmentedRaftLogWorker (SegmentedRaftLogWorker.java:startLogSegment(380)) - 5064e46d-2f39-4360-9715-89395492d4a7-SegmentedRaftLogWorker:Storage Directory /workdir/hadoop-ozone/integration-test/target/test-dir/MiniOzoneClusterImpl-abc8d6a0-4de7-4118-b7f5-03680b1d5f31/datanode-0/data/ratis/e07f85c6-7841-4d4c-a893-74c1d3a3f5c4: Starting segment from index:0
2019-09-12 01:40:59,412 [5064e46d-2f39-4360-9715-89395492d4a7:group-74C1D3A3F5C4:LeaderElection64] INFO  impl.RaftServerImpl (ServerState.java:setRaftConf(361)) - 5064e46d-2f39-4360-9715-89395492d4a7:group-74C1D3A3F5C4 set configuration 0: [5064e46d-2f39-4360-9715-89395492d4a7:192.168.5.171:38496], old=null at 0
2019-09-12 01:40:59,422 [d649c276-746f-471c-853f-e4f93cee865e:group-D07B1710569C:LeaderElection65] INFO  impl.LeaderElection (LeaderElection.java:askForVotes(181)) - d649c276-746f-471c-853f-e4f93cee865e:group-D07B1710569C:LeaderElection65: begin an election at term 1 for -1: [d649c276-746f-471c-853f-e4f93cee865e:192.168.5.171:44186], old=null
2019-09-12 01:40:59,423 [d649c276-746f-471c-853f-e4f93cee865e:group-D07B1710569C:LeaderElection65] INFO  impl.RoleInfo (RoleInfo.java:shutdownLeaderElection(134)) - d649c276-746f-471c-853f-e4f93cee865e: shutdown LeaderElection
2019-09-12 01:40:59,423 [d649c276-746f-471c-853f-e4f93cee865e:group-D07B1710569C:LeaderElection65] INFO  impl.RaftServerImpl (RaftServerImpl.java:setRole(171)) - d649c276-746f-471c-853f-e4f93cee865e:group-D07B1710569C changes role from CANDIDATE to LEADER at term 1 for changeToLeader
2019-09-12 01:40:59,423 [d649c276-746f-471c-853f-e4f93cee865e:group-D07B1710569C:LeaderElection65] INFO  impl.RaftServerImpl (ServerState.java:setLeader(263)) - d649c276-746f-471c-853f-e4f93cee865e:group-D07B1710569C change Leader from null to d649c276-746f-471c-853f-e4f93cee865e at term 1 for becomeLeader, leader elected after 5097ms
2019-09-12 01:40:59,423 [d649c276-746f-471c-853f-e4f93cee865e:group-D07B1710569C:LeaderElection65] INFO  server.RaftServerConfigKeys (ConfUtils.java:logGet(43)) - raft.server.staging.catchup.gap = 1000 (default)
2019-09-12 01:40:59,423 [d649c276-746f-471c-853f-e4f93cee865e:group-D07B1710569C:LeaderElection65] INFO  server.RaftServerConfigKeys (ConfUtils.java:logGet(43)) - raft.server.rpc.sleep.time = 25ms (default)
2019-09-12 01:40:59,423 [d649c276-746f-471c-853f-e4f93cee865e:group-D07B1710569C:LeaderElection65] INFO  server.RaftServerConfigKeys (ConfUtils.java:logGet(43)) - raft.server.write.element-limit = 4096 (default)
2019-09-12 01:40:59,423 [d649c276-746f-471c-853f-e4f93cee865e:group-D07B1710569C:LeaderElection65] INFO  server.RaftServerConfigKeys (ConfUtils.java:logGet(43)) - raft.server.watch.timeout = 10s (default)
2019-09-12 01:40:59,423 [d649c276-746f-471c-853f-e4f93cee865e:group-D07B1710569C:LeaderElection65] INFO  server.RaftServerConfigKeys (ConfUtils.java:logGet(43)) - raft.server.watch.timeout.denomination = 1s (default)
2019-09-12 01:40:59,424 [d649c276-746f-471c-853f-e4f93cee865e:group-D07B1710569C:LeaderElection65] INFO  server.RaftServerConfigKeys (ConfUtils.java:logGet(43)) - raft.server.watch.element-limit = 65536 (default)
2019-09-12 01:40:59,424 [d649c276-746f-471c-853f-e4f93cee865e:group-D07B1710569C:LeaderElection65] INFO  impl.RoleInfo (RoleInfo.java:updateAndGet(143)) - d649c276-746f-471c-853f-e4f93cee865e: start LeaderState
2019-09-12 01:40:59,424 [d649c276-746f-471c-853f-e4f93cee865e:group-D07B1710569C:LeaderElection65] INFO  segmented.SegmentedRaftLogWorker (SegmentedRaftLogWorker.java:startLogSegment(380)) - d649c276-746f-471c-853f-e4f93cee865e-SegmentedRaftLogWorker:Storage Directory /workdir/hadoop-ozone/integration-test/target/test-dir/MiniOzoneClusterImpl-abc8d6a0-4de7-4118-b7f5-03680b1d5f31/datanode-1/data/ratis/beef4328-9119-4ab4-a8ac-d07b1710569c: Starting segment from index:0
2019-09-12 01:40:59,424 [d649c276-746f-471c-853f-e4f93cee865e:group-D07B1710569C:LeaderElection65] INFO  impl.RaftServerImpl (ServerState.java:setRaftConf(361)) - d649c276-746f-471c-853f-e4f93cee865e:group-D07B1710569C set configuration 0: [d649c276-746f-471c-853f-e4f93cee865e:192.168.5.171:44186], old=null at 0
2019-09-12 01:40:59,468 [5064e46d-2f39-4360-9715-89395492d4a7-SegmentedRaftLogWorker:Storage Directory /workdir/hadoop-ozone/integration-test/target/test-dir/MiniOzoneClusterImpl-abc8d6a0-4de7-4118-b7f5-03680b1d5f31/datanode-0/data/ratis/e07f85c6-7841-4d4c-a893-74c1d3a3f5c4] INFO  segmented.SegmentedRaftLogWorker (SegmentedRaftLogWorker.java:execute(569)) - 5064e46d-2f39-4360-9715-89395492d4a7-SegmentedRaftLogWorker:Storage Directory /workdir/hadoop-ozone/integration-test/target/test-dir/MiniOzoneClusterImpl-abc8d6a0-4de7-4118-b7f5-03680b1d5f31/datanode-0/data/ratis/e07f85c6-7841-4d4c-a893-74c1d3a3f5c4: created new log segment /workdir/hadoop-ozone/integration-test/target/test-dir/MiniOzoneClusterImpl-abc8d6a0-4de7-4118-b7f5-03680b1d5f31/datanode-0/data/ratis/e07f85c6-7841-4d4c-a893-74c1d3a3f5c4/current/log_inprogress_0
2019-09-12 01:40:59,470 [d649c276-746f-471c-853f-e4f93cee865e-SegmentedRaftLogWorker:Storage Directory /workdir/hadoop-ozone/integration-test/target/test-dir/MiniOzoneClusterImpl-abc8d6a0-4de7-4118-b7f5-03680b1d5f31/datanode-1/data/ratis/beef4328-9119-4ab4-a8ac-d07b1710569c] INFO  segmented.SegmentedRaftLogWorker (SegmentedRaftLogWorker.java:execute(569)) - d649c276-746f-471c-853f-e4f93cee865e-SegmentedRaftLogWorker:Storage Directory /workdir/hadoop-ozone/integration-test/target/test-dir/MiniOzoneClusterImpl-abc8d6a0-4de7-4118-b7f5-03680b1d5f31/datanode-1/data/ratis/beef4328-9119-4ab4-a8ac-d07b1710569c: created new log segment /workdir/hadoop-ozone/integration-test/target/test-dir/MiniOzoneClusterImpl-abc8d6a0-4de7-4118-b7f5-03680b1d5f31/datanode-1/data/ratis/beef4328-9119-4ab4-a8ac-d07b1710569c/current/log_inprogress_0
2019-09-12 01:40:59,585 [Thread-2400] INFO  impl.FollowerState (FollowerState.java:run(106)) - 33ab51e1-850e-4e00-b198-bc2fea023149:group-675E09E942D8 changes to CANDIDATE, lastRpcTime:5017, electionTimeout:5017ms
2019-09-12 01:40:59,585 [Thread-2400] INFO  impl.RoleInfo (RoleInfo.java:shutdownFollowerState(121)) - 33ab51e1-850e-4e00-b198-bc2fea023149: shutdown FollowerState
2019-09-12 01:40:59,585 [Thread-2400] INFO  impl.RaftServerImpl (RaftServerImpl.java:setRole(171)) - 33ab51e1-850e-4e00-b198-bc2fea023149:group-675E09E942D8 changes role from FOLLOWER to CANDIDATE at term 0 for changeToCandidate
2019-09-12 01:40:59,586 [Thread-2400] INFO  impl.RoleInfo (RoleInfo.java:updateAndGet(143)) - 33ab51e1-850e-4e00-b198-bc2fea023149: start LeaderElection
2019-09-12 01:40:59,596 [Thread-2389] INFO  impl.FollowerState (FollowerState.java:run(106)) - 33ab51e1-850e-4e00-b198-bc2fea023149:group-0DF4C57A6DD9 changes to CANDIDATE, lastRpcTime:5141, electionTimeout:5141ms
2019-09-12 01:40:59,596 [Thread-2389] INFO  impl.RoleInfo (RoleInfo.java:shutdownFollowerState(121)) - 33ab51e1-850e-4e00-b198-bc2fea023149: shutdown FollowerState
2019-09-12 01:40:59,596 [Thread-2389] INFO  impl.RaftServerImpl (RaftServerImpl.java:setRole(171)) - 33ab51e1-850e-4e00-b198-bc2fea023149:group-0DF4C57A6DD9 changes role from FOLLOWER to CANDIDATE at term 0 for changeToCandidate
2019-09-12 01:40:59,596 [Thread-2389] INFO  impl.RoleInfo (RoleInfo.java:updateAndGet(143)) - 33ab51e1-850e-4e00-b198-bc2fea023149: start LeaderElection
2019-09-12 01:40:59,618 [33ab51e1-850e-4e00-b198-bc2fea023149:group-675E09E942D8:LeaderElection66] INFO  impl.LeaderElection (LeaderElection.java:askForVotes(181)) - 33ab51e1-850e-4e00-b198-bc2fea023149:group-675E09E942D8:LeaderElection66: begin an election at term 1 for -1: [33ab51e1-850e-4e00-b198-bc2fea023149:192.168.5.171:33951, 5064e46d-2f39-4360-9715-89395492d4a7:192.168.5.171:38496, d649c276-746f-471c-853f-e4f93cee865e:192.168.5.171:44186], old=null
2019-09-12 01:40:59,626 [grpc-default-executor-3] INFO  impl.RaftServerImpl (RaftServerImpl.java:setRole(171)) - d649c276-746f-471c-853f-e4f93cee865e:group-675E09E942D8 changes role from FOLLOWER to FOLLOWER at term 1 for recognizeCandidate:33ab51e1-850e-4e00-b198-bc2fea023149
2019-09-12 01:40:59,630 [grpc-default-executor-2] INFO  impl.RaftServerImpl (RaftServerImpl.java:setRole(171)) - 5064e46d-2f39-4360-9715-89395492d4a7:group-675E09E942D8 changes role from FOLLOWER to FOLLOWER at term 1 for recognizeCandidate:33ab51e1-850e-4e00-b198-bc2fea023149
2019-09-12 01:40:59,630 [grpc-default-executor-3] INFO  impl.RoleInfo (RoleInfo.java:shutdownFollowerState(121)) - d649c276-746f-471c-853f-e4f93cee865e: shutdown FollowerState
2019-09-12 01:40:59,630 [grpc-default-executor-2] INFO  impl.RoleInfo (RoleInfo.java:shutdownFollowerState(121)) - 5064e46d-2f39-4360-9715-89395492d4a7: shutdown FollowerState
2019-09-12 01:40:59,630 [Thread-2397] INFO  impl.FollowerState (FollowerState.java:run(114)) - d649c276-746f-471c-853f-e4f93cee865e: FollowerState was interrupted: java.lang.InterruptedException: sleep interrupted
2019-09-12 01:40:59,630 [grpc-default-executor-3] INFO  impl.RoleInfo (RoleInfo.java:updateAndGet(143)) - d649c276-746f-471c-853f-e4f93cee865e: start FollowerState
2019-09-12 01:40:59,631 [Thread-2394] INFO  impl.FollowerState (FollowerState.java:run(114)) - 5064e46d-2f39-4360-9715-89395492d4a7: FollowerState was interrupted: java.lang.InterruptedException: sleep interrupted
2019-09-12 01:40:59,631 [grpc-default-executor-2] INFO  impl.RoleInfo (RoleInfo.java:updateAndGet(143)) - 5064e46d-2f39-4360-9715-89395492d4a7: start FollowerState
2019-09-12 01:40:59,654 [33ab51e1-850e-4e00-b198-bc2fea023149:group-0DF4C57A6DD9:LeaderElection67] INFO  impl.LeaderElection (LeaderElection.java:askForVotes(181)) - 33ab51e1-850e-4e00-b198-bc2fea023149:group-0DF4C57A6DD9:LeaderElection67: begin an election at term 1 for -1: [33ab51e1-850e-4e00-b198-bc2fea023149:192.168.5.171:33951], old=null
2019-09-12 01:40:59,654 [33ab51e1-850e-4e00-b198-bc2fea023149:group-0DF4C57A6DD9:LeaderElection67] INFO  impl.RoleInfo (RoleInfo.java:shutdownLeaderElection(134)) - 33ab51e1-850e-4e00-b198-bc2fea023149: shutdown LeaderElection
2019-09-12 01:40:59,655 [33ab51e1-850e-4e00-b198-bc2fea023149:group-0DF4C57A6DD9:LeaderElection67] INFO  impl.RaftServerImpl (RaftServerImpl.java:setRole(171)) - 33ab51e1-850e-4e00-b198-bc2fea023149:group-0DF4C57A6DD9 changes role from CANDIDATE to LEADER at term 1 for changeToLeader
2019-09-12 01:40:59,655 [33ab51e1-850e-4e00-b198-bc2fea023149:group-0DF4C57A6DD9:LeaderElection67] INFO  impl.RaftServerImpl (ServerState.java:setLeader(263)) - 33ab51e1-850e-4e00-b198-bc2fea023149:group-0DF4C57A6DD9 change Leader from null to 33ab51e1-850e-4e00-b198-bc2fea023149 at term 1 for becomeLeader, leader elected after 5205ms
2019-09-12 01:40:59,655 [33ab51e1-850e-4e00-b198-bc2fea023149:group-0DF4C57A6DD9:LeaderElection67] INFO  server.RaftServerConfigKeys (ConfUtils.java:logGet(43)) - raft.server.staging.catchup.gap = 1000 (default)
2019-09-12 01:40:59,655 [33ab51e1-850e-4e00-b198-bc2fea023149:group-0DF4C57A6DD9:LeaderElection67] INFO  server.RaftServerConfigKeys (ConfUtils.java:logGet(43)) - raft.server.rpc.sleep.time = 25ms (default)
2019-09-12 01:40:59,655 [33ab51e1-850e-4e00-b198-bc2fea023149:group-0DF4C57A6DD9:LeaderElection67] INFO  server.RaftServerConfigKeys (ConfUtils.java:logGet(43)) - raft.server.write.element-limit = 4096 (default)
2019-09-12 01:40:59,655 [33ab51e1-850e-4e00-b198-bc2fea023149:group-675E09E942D8:LeaderElection66] INFO  impl.LeaderElection (LeaderElection.java:logAndReturn(56)) - 33ab51e1-850e-4e00-b198-bc2fea023149:group-675E09E942D8:LeaderElection66: Election PASSED; received 1 response(s) [33ab51e1-850e-4e00-b198-bc2fea023149<-5064e46d-2f39-4360-9715-89395492d4a7#0:OK-t1] and 0 exception(s); 33ab51e1-850e-4e00-b198-bc2fea023149:t1, leader=null, voted=33ab51e1-850e-4e00-b198-bc2fea023149, raftlog=33ab51e1-850e-4e00-b198-bc2fea023149-SegmentedRaftLog:OPENED:c-1,f-1,i0, conf=-1: [33ab51e1-850e-4e00-b198-bc2fea023149:192.168.5.171:33951, 5064e46d-2f39-4360-9715-89395492d4a7:192.168.5.171:38496, d649c276-746f-471c-853f-e4f93cee865e:192.168.5.171:44186], old=null
2019-09-12 01:40:59,655 [33ab51e1-850e-4e00-b198-bc2fea023149:group-0DF4C57A6DD9:LeaderElection67] INFO  server.RaftServerConfigKeys (ConfUtils.java:logGet(43)) - raft.server.watch.timeout = 10s (default)
2019-09-12 01:40:59,655 [33ab51e1-850e-4e00-b198-bc2fea023149:group-675E09E942D8:LeaderElection66] INFO  impl.RoleInfo (RoleInfo.java:shutdownLeaderElection(134)) - 33ab51e1-850e-4e00-b198-bc2fea023149: shutdown LeaderElection
2019-09-12 01:40:59,656 [33ab51e1-850e-4e00-b198-bc2fea023149:group-0DF4C57A6DD9:LeaderElection67] INFO  server.RaftServerConfigKeys (ConfUtils.java:logGet(43)) - raft.server.watch.timeout.denomination = 1s (default)
2019-09-12 01:40:59,656 [33ab51e1-850e-4e00-b198-bc2fea023149:group-675E09E942D8:LeaderElection66] INFO  impl.RaftServerImpl (RaftServerImpl.java:setRole(171)) - 33ab51e1-850e-4e00-b198-bc2fea023149:group-675E09E942D8 changes role from CANDIDATE to LEADER at term 1 for changeToLeader
2019-09-12 01:40:59,656 [33ab51e1-850e-4e00-b198-bc2fea023149:group-0DF4C57A6DD9:LeaderElection67] INFO  server.RaftServerConfigKeys (ConfUtils.java:logGet(43)) - raft.server.watch.element-limit = 65536 (default)
2019-09-12 01:40:59,656 [33ab51e1-850e-4e00-b198-bc2fea023149:group-675E09E942D8:LeaderElection66] INFO  impl.RaftServerImpl (ServerState.java:setLeader(263)) - 33ab51e1-850e-4e00-b198-bc2fea023149:group-675E09E942D8 change Leader from null to 33ab51e1-850e-4e00-b198-bc2fea023149 at term 1 for becomeLeader, leader elected after 5100ms
2019-09-12 01:40:59,656 [33ab51e1-850e-4e00-b198-bc2fea023149:group-0DF4C57A6DD9:LeaderElection67] INFO  impl.RoleInfo (RoleInfo.java:updateAndGet(143)) - 33ab51e1-850e-4e00-b198-bc2fea023149: start LeaderState
2019-09-12 01:40:59,656 [33ab51e1-850e-4e00-b198-bc2fea023149:group-675E09E942D8:LeaderElection66] INFO  server.RaftServerConfigKeys (ConfUtils.java:logGet(43)) - raft.server.staging.catchup.gap = 1000 (default)
2019-09-12 01:40:59,656 [33ab51e1-850e-4e00-b198-bc2fea023149:group-0DF4C57A6DD9:LeaderElection67] INFO  segmented.SegmentedRaftLogWorker (SegmentedRaftLogWorker.java:startLogSegment(380)) - 33ab51e1-850e-4e00-b198-bc2fea023149-SegmentedRaftLogWorker:Storage Directory /workdir/hadoop-ozone/integration-test/target/test-dir/MiniOzoneClusterImpl-abc8d6a0-4de7-4118-b7f5-03680b1d5f31/datanode-2/data/ratis/2da14314-9322-4fd9-9834-0df4c57a6dd9: Starting segment from index:0
2019-09-12 01:40:59,656 [33ab51e1-850e-4e00-b198-bc2fea023149:group-675E09E942D8:LeaderElection66] INFO  server.RaftServerConfigKeys (ConfUtils.java:logGet(43)) - raft.server.rpc.sleep.time = 25ms (default)
2019-09-12 01:40:59,657 [33ab51e1-850e-4e00-b198-bc2fea023149:group-675E09E942D8:LeaderElection66] INFO  server.RaftServerConfigKeys (ConfUtils.java:logGet(43)) - raft.server.write.element-limit = 4096 (default)
2019-09-12 01:40:59,657 [33ab51e1-850e-4e00-b198-bc2fea023149:group-0DF4C57A6DD9:LeaderElection67] INFO  impl.RaftServerImpl (ServerState.java:setRaftConf(361)) - 33ab51e1-850e-4e00-b198-bc2fea023149:group-0DF4C57A6DD9 set configuration 0: [33ab51e1-850e-4e00-b198-bc2fea023149:192.168.5.171:33951], old=null at 0
2019-09-12 01:40:59,657 [33ab51e1-850e-4e00-b198-bc2fea023149:group-675E09E942D8:LeaderElection66] INFO  server.RaftServerConfigKeys (ConfUtils.java:logGet(43)) - raft.server.watch.timeout = 10s (default)
2019-09-12 01:40:59,657 [33ab51e1-850e-4e00-b198-bc2fea023149:group-675E09E942D8:LeaderElection66] INFO  server.RaftServerConfigKeys (ConfUtils.java:logGet(43)) - raft.server.watch.timeout.denomination = 1s (default)
2019-09-12 01:40:59,657 [33ab51e1-850e-4e00-b198-bc2fea023149:group-675E09E942D8:LeaderElection66] INFO  server.RaftServerConfigKeys (ConfUtils.java:logGet(43)) - raft.server.watch.element-limit = 65536 (default)
2019-09-12 01:40:59,658 [33ab51e1-850e-4e00-b198-bc2fea023149:group-675E09E942D8:LeaderElection66] INFO  server.RaftServerConfigKeys (ConfUtils.java:logGet(43)) - raft.server.log.appender.snapshot.chunk.size.max = 16MB (=16777216) (default)
2019-09-12 01:40:59,658 [33ab51e1-850e-4e00-b198-bc2fea023149:group-675E09E942D8:LeaderElection66] INFO  server.RaftServerConfigKeys (ConfUtils.java:logGet(43)) - raft.server.log.appender.buffer.byte-limit = 33554432 (custom)
2019-09-12 01:40:59,658 [33ab51e1-850e-4e00-b198-bc2fea023149:group-675E09E942D8:LeaderElection66] INFO  server.RaftServerConfigKeys (ConfUtils.java:logGet(43)) - raft.server.log.appender.buffer.element-limit = 1 (custom)
2019-09-12 01:40:59,658 [33ab51e1-850e-4e00-b198-bc2fea023149:group-675E09E942D8:LeaderElection66] INFO  grpc.GrpcConfigKeys$Server (ConfUtils.java:logGet(43)) - raft.grpc.server.leader.outstanding.appends.max = 128 (default)
2019-09-12 01:40:59,658 [33ab51e1-850e-4e00-b198-bc2fea023149:group-675E09E942D8:LeaderElection66] INFO  server.RaftServerConfigKeys (ConfUtils.java:logGet(43)) - raft.server.rpc.request.timeout = 3000ms (default)
2019-09-12 01:40:59,658 [33ab51e1-850e-4e00-b198-bc2fea023149:group-675E09E942D8:LeaderElection66] INFO  server.RaftServerConfigKeys (ConfUtils.java:logGet(43)) - raft.server.log.appender.install.snapshot.enabled = false (custom)
2019-09-12 01:40:59,658 [33ab51e1-850e-4e00-b198-bc2fea023149:group-675E09E942D8:LeaderElection66] INFO  server.RaftServerConfigKeys (ConfUtils.java:logGet(43)) - raft.server.log.appender.snapshot.chunk.size.max = 16MB (=16777216) (default)
2019-09-12 01:40:59,659 [33ab51e1-850e-4e00-b198-bc2fea023149:group-675E09E942D8:LeaderElection66] INFO  server.RaftServerConfigKeys (ConfUtils.java:logGet(43)) - raft.server.log.appender.buffer.byte-limit = 33554432 (custom)
2019-09-12 01:40:59,659 [33ab51e1-850e-4e00-b198-bc2fea023149:group-675E09E942D8:LeaderElection66] INFO  server.RaftServerConfigKeys (ConfUtils.java:logGet(43)) - raft.server.log.appender.buffer.element-limit = 1 (custom)
2019-09-12 01:40:59,659 [33ab51e1-850e-4e00-b198-bc2fea023149:group-675E09E942D8:LeaderElection66] INFO  grpc.GrpcConfigKeys$Server (ConfUtils.java:logGet(43)) - raft.grpc.server.leader.outstanding.appends.max = 128 (default)
2019-09-12 01:40:59,659 [33ab51e1-850e-4e00-b198-bc2fea023149:group-675E09E942D8:LeaderElection66] INFO  server.RaftServerConfigKeys (ConfUtils.java:logGet(43)) - raft.server.rpc.request.timeout = 3000ms (default)
2019-09-12 01:40:59,659 [33ab51e1-850e-4e00-b198-bc2fea023149:group-675E09E942D8:LeaderElection66] INFO  server.RaftServerConfigKeys (ConfUtils.java:logGet(43)) - raft.server.log.appender.install.snapshot.enabled = false (custom)
2019-09-12 01:40:59,659 [33ab51e1-850e-4e00-b198-bc2fea023149:group-675E09E942D8:LeaderElection66] INFO  impl.RoleInfo (RoleInfo.java:updateAndGet(143)) - 33ab51e1-850e-4e00-b198-bc2fea023149: start LeaderState
2019-09-12 01:40:59,660 [33ab51e1-850e-4e00-b198-bc2fea023149:group-675E09E942D8:LeaderElection66] INFO  segmented.SegmentedRaftLogWorker (SegmentedRaftLogWorker.java:startLogSegment(380)) - 33ab51e1-850e-4e00-b198-bc2fea023149-SegmentedRaftLogWorker:Storage Directory /workdir/hadoop-ozone/integration-test/target/test-dir/MiniOzoneClusterImpl-abc8d6a0-4de7-4118-b7f5-03680b1d5f31/datanode-2/data/ratis/6b349a4e-b092-4c18-8418-675e09e942d8: Starting segment from index:0
2019-09-12 01:40:59,660 [33ab51e1-850e-4e00-b198-bc2fea023149:group-675E09E942D8:LeaderElection66] INFO  impl.RaftServerImpl (ServerState.java:setRaftConf(361)) - 33ab51e1-850e-4e00-b198-bc2fea023149:group-675E09E942D8 set configuration 0: [33ab51e1-850e-4e00-b198-bc2fea023149:192.168.5.171:33951, 5064e46d-2f39-4360-9715-89395492d4a7:192.168.5.171:38496, d649c276-746f-471c-853f-e4f93cee865e:192.168.5.171:44186], old=null at 0
2019-09-12 01:40:59,661 [grpc-default-executor-2] INFO  impl.RaftServerImpl (ServerState.java:setLeader(263)) - 5064e46d-2f39-4360-9715-89395492d4a7:group-675E09E942D8 change Leader from null to 33ab51e1-850e-4e00-b198-bc2fea023149 at term 1 for appendEntries, leader elected after 5105ms
2019-09-12 01:40:59,661 [grpc-default-executor-3] INFO  impl.RaftServerImpl (ServerState.java:setLeader(263)) - d649c276-746f-471c-853f-e4f93cee865e:group-675E09E942D8 change Leader from null to 33ab51e1-850e-4e00-b198-bc2fea023149 at term 1 for appendEntries, leader elected after 5105ms
2019-09-12 01:40:59,703 [grpc-default-executor-2] INFO  impl.RaftServerImpl (ServerState.java:setRaftConf(361)) - 5064e46d-2f39-4360-9715-89395492d4a7:group-675E09E942D8 set configuration 0: [33ab51e1-850e-4e00-b198-bc2fea023149:192.168.5.171:33951, 5064e46d-2f39-4360-9715-89395492d4a7:192.168.5.171:38496, d649c276-746f-471c-853f-e4f93cee865e:192.168.5.171:44186], old=null at 0
2019-09-12 01:40:59,703 [grpc-default-executor-3] INFO  impl.RaftServerImpl (ServerState.java:setRaftConf(361)) - d649c276-746f-471c-853f-e4f93cee865e:group-675E09E942D8 set configuration 0: [33ab51e1-850e-4e00-b198-bc2fea023149:192.168.5.171:33951, 5064e46d-2f39-4360-9715-89395492d4a7:192.168.5.171:38496, d649c276-746f-471c-853f-e4f93cee865e:192.168.5.171:44186], old=null at 0
2019-09-12 01:40:59,703 [grpc-default-executor-2] INFO  segmented.SegmentedRaftLogWorker (SegmentedRaftLogWorker.java:startLogSegment(380)) - 5064e46d-2f39-4360-9715-89395492d4a7-SegmentedRaftLogWorker:Storage Directory /workdir/hadoop-ozone/integration-test/target/test-dir/MiniOzoneClusterImpl-abc8d6a0-4de7-4118-b7f5-03680b1d5f31/datanode-0/data/ratis/6b349a4e-b092-4c18-8418-675e09e942d8: Starting segment from index:0
2019-09-12 01:40:59,704 [grpc-default-executor-3] INFO  segmented.SegmentedRaftLogWorker (SegmentedRaftLogWorker.java:startLogSegment(380)) - d649c276-746f-471c-853f-e4f93cee865e-SegmentedRaftLogWorker:Storage Directory /workdir/hadoop-ozone/integration-test/target/test-dir/MiniOzoneClusterImpl-abc8d6a0-4de7-4118-b7f5-03680b1d5f31/datanode-1/data/ratis/6b349a4e-b092-4c18-8418-675e09e942d8: Starting segment from index:0
2019-09-12 01:40:59,717 [33ab51e1-850e-4e00-b198-bc2fea023149-SegmentedRaftLogWorker:Storage Directory /workdir/hadoop-ozone/integration-test/target/test-dir/MiniOzoneClusterImpl-abc8d6a0-4de7-4118-b7f5-03680b1d5f31/datanode-2/data/ratis/6b349a4e-b092-4c18-8418-675e09e942d8] INFO  segmented.SegmentedRaftLogWorker (SegmentedRaftLogWorker.java:execute(569)) - 33ab51e1-850e-4e00-b198-bc2fea023149-SegmentedRaftLogWorker:Storage Directory /workdir/hadoop-ozone/integration-test/target/test-dir/MiniOzoneClusterImpl-abc8d6a0-4de7-4118-b7f5-03680b1d5f31/datanode-2/data/ratis/6b349a4e-b092-4c18-8418-675e09e942d8: created new log segment /workdir/hadoop-ozone/integration-test/target/test-dir/MiniOzoneClusterImpl-abc8d6a0-4de7-4118-b7f5-03680b1d5f31/datanode-2/data/ratis/6b349a4e-b092-4c18-8418-675e09e942d8/current/log_inprogress_0
2019-09-12 01:40:59,717 [33ab51e1-850e-4e00-b198-bc2fea023149-SegmentedRaftLogWorker:Storage Directory /workdir/hadoop-ozone/integration-test/target/test-dir/MiniOzoneClusterImpl-abc8d6a0-4de7-4118-b7f5-03680b1d5f31/datanode-2/data/ratis/2da14314-9322-4fd9-9834-0df4c57a6dd9] INFO  segmented.SegmentedRaftLogWorker (SegmentedRaftLogWorker.java:execute(569)) - 33ab51e1-850e-4e00-b198-bc2fea023149-SegmentedRaftLogWorker:Storage Directory /workdir/hadoop-ozone/integration-test/target/test-dir/MiniOzoneClusterImpl-abc8d6a0-4de7-4118-b7f5-03680b1d5f31/datanode-2/data/ratis/2da14314-9322-4fd9-9834-0df4c57a6dd9: created new log segment /workdir/hadoop-ozone/integration-test/target/test-dir/MiniOzoneClusterImpl-abc8d6a0-4de7-4118-b7f5-03680b1d5f31/datanode-2/data/ratis/2da14314-9322-4fd9-9834-0df4c57a6dd9/current/log_inprogress_0
2019-09-12 01:40:59,729 [Thread-2403] INFO  impl.FollowerState (FollowerState.java:run(106)) - 26459f3f-5ead-418f-8158-5a2d7bcad176:group-92650E6F727E changes to CANDIDATE, lastRpcTime:5046, electionTimeout:5046ms
2019-09-12 01:40:59,729 [Thread-2403] INFO  impl.RoleInfo (RoleInfo.java:shutdownFollowerState(121)) - 26459f3f-5ead-418f-8158-5a2d7bcad176: shutdown FollowerState
2019-09-12 01:40:59,729 [Thread-2403] INFO  impl.RaftServerImpl (RaftServerImpl.java:setRole(171)) - 26459f3f-5ead-418f-8158-5a2d7bcad176:group-92650E6F727E changes role from FOLLOWER to CANDIDATE at term 0 for changeToCandidate
2019-09-12 01:40:59,729 [Thread-2403] INFO  impl.RoleInfo (RoleInfo.java:updateAndGet(143)) - 26459f3f-5ead-418f-8158-5a2d7bcad176: start LeaderElection
2019-09-12 01:40:59,781 [d649c276-746f-471c-853f-e4f93cee865e-SegmentedRaftLogWorker:Storage Directory /workdir/hadoop-ozone/integration-test/target/test-dir/MiniOzoneClusterImpl-abc8d6a0-4de7-4118-b7f5-03680b1d5f31/datanode-1/data/ratis/6b349a4e-b092-4c18-8418-675e09e942d8] INFO  segmented.SegmentedRaftLogWorker (SegmentedRaftLogWorker.java:execute(569)) - d649c276-746f-471c-853f-e4f93cee865e-SegmentedRaftLogWorker:Storage Directory /workdir/hadoop-ozone/integration-test/target/test-dir/MiniOzoneClusterImpl-abc8d6a0-4de7-4118-b7f5-03680b1d5f31/datanode-1/data/ratis/6b349a4e-b092-4c18-8418-675e09e942d8: created new log segment /workdir/hadoop-ozone/integration-test/target/test-dir/MiniOzoneClusterImpl-abc8d6a0-4de7-4118-b7f5-03680b1d5f31/datanode-1/data/ratis/6b349a4e-b092-4c18-8418-675e09e942d8/current/log_inprogress_0
2019-09-12 01:40:59,781 [26459f3f-5ead-418f-8158-5a2d7bcad176:group-92650E6F727E:LeaderElection68] INFO  impl.LeaderElection (LeaderElection.java:askForVotes(181)) - 26459f3f-5ead-418f-8158-5a2d7bcad176:group-92650E6F727E:LeaderElection68: begin an election at term 1 for -1: [26459f3f-5ead-418f-8158-5a2d7bcad176:192.168.5.171:43955], old=null
2019-09-12 01:40:59,781 [5064e46d-2f39-4360-9715-89395492d4a7-SegmentedRaftLogWorker:Storage Directory /workdir/hadoop-ozone/integration-test/target/test-dir/MiniOzoneClusterImpl-abc8d6a0-4de7-4118-b7f5-03680b1d5f31/datanode-0/data/ratis/6b349a4e-b092-4c18-8418-675e09e942d8] INFO  segmented.SegmentedRaftLogWorker (SegmentedRaftLogWorker.java:execute(569)) - 5064e46d-2f39-4360-9715-89395492d4a7-SegmentedRaftLogWorker:Storage Directory /workdir/hadoop-ozone/integration-test/target/test-dir/MiniOzoneClusterImpl-abc8d6a0-4de7-4118-b7f5-03680b1d5f31/datanode-0/data/ratis/6b349a4e-b092-4c18-8418-675e09e942d8: created new log segment /workdir/hadoop-ozone/integration-test/target/test-dir/MiniOzoneClusterImpl-abc8d6a0-4de7-4118-b7f5-03680b1d5f31/datanode-0/data/ratis/6b349a4e-b092-4c18-8418-675e09e942d8/current/log_inprogress_0
2019-09-12 01:40:59,781 [26459f3f-5ead-418f-8158-5a2d7bcad176:group-92650E6F727E:LeaderElection68] INFO  impl.RoleInfo (RoleInfo.java:shutdownLeaderElection(134)) - 26459f3f-5ead-418f-8158-5a2d7bcad176: shutdown LeaderElection
2019-09-12 01:40:59,782 [26459f3f-5ead-418f-8158-5a2d7bcad176:group-92650E6F727E:LeaderElection68] INFO  impl.RaftServerImpl (RaftServerImpl.java:setRole(171)) - 26459f3f-5ead-418f-8158-5a2d7bcad176:group-92650E6F727E changes role from CANDIDATE to LEADER at term 1 for changeToLeader
2019-09-12 01:40:59,782 [26459f3f-5ead-418f-8158-5a2d7bcad176:group-92650E6F727E:LeaderElection68] INFO  impl.RaftServerImpl (ServerState.java:setLeader(263)) - 26459f3f-5ead-418f-8158-5a2d7bcad176:group-92650E6F727E change Leader from null to 26459f3f-5ead-418f-8158-5a2d7bcad176 at term 1 for becomeLeader, leader elected after 5103ms
2019-09-12 01:40:59,782 [26459f3f-5ead-418f-8158-5a2d7bcad176:group-92650E6F727E:LeaderElection68] INFO  server.RaftServerConfigKeys (ConfUtils.java:logGet(43)) - raft.server.staging.catchup.gap = 1000 (default)
2019-09-12 01:40:59,782 [26459f3f-5ead-418f-8158-5a2d7bcad176:group-92650E6F727E:LeaderElection68] INFO  server.RaftServerConfigKeys (ConfUtils.java:logGet(43)) - raft.server.rpc.sleep.time = 25ms (default)
2019-09-12 01:40:59,782 [26459f3f-5ead-418f-8158-5a2d7bcad176:group-92650E6F727E:LeaderElection68] INFO  server.RaftServerConfigKeys (ConfUtils.java:logGet(43)) - raft.server.write.element-limit = 4096 (default)
2019-09-12 01:40:59,782 [26459f3f-5ead-418f-8158-5a2d7bcad176:group-92650E6F727E:LeaderElection68] INFO  server.RaftServerConfigKeys (ConfUtils.java:logGet(43)) - raft.server.watch.timeout = 10s (default)
2019-09-12 01:40:59,782 [26459f3f-5ead-418f-8158-5a2d7bcad176:group-92650E6F727E:LeaderElection68] INFO  server.RaftServerConfigKeys (ConfUtils.java:logGet(43)) - raft.server.watch.timeout.denomination = 1s (default)
2019-09-12 01:40:59,782 [26459f3f-5ead-418f-8158-5a2d7bcad176:group-92650E6F727E:LeaderElection68] INFO  server.RaftServerConfigKeys (ConfUtils.java:logGet(43)) - raft.server.watch.element-limit = 65536 (default)
2019-09-12 01:40:59,783 [26459f3f-5ead-418f-8158-5a2d7bcad176:group-92650E6F727E:LeaderElection68] INFO  impl.RoleInfo (RoleInfo.java:updateAndGet(143)) - 26459f3f-5ead-418f-8158-5a2d7bcad176: start LeaderState
2019-09-12 01:40:59,783 [26459f3f-5ead-418f-8158-5a2d7bcad176:group-92650E6F727E:LeaderElection68] INFO  segmented.SegmentedRaftLogWorker (SegmentedRaftLogWorker.java:startLogSegment(380)) - 26459f3f-5ead-418f-8158-5a2d7bcad176-SegmentedRaftLogWorker:Storage Directory /workdir/hadoop-ozone/integration-test/target/test-dir/MiniOzoneClusterImpl-abc8d6a0-4de7-4118-b7f5-03680b1d5f31/datanode-4/data/ratis/e1954bfa-bcad-49ac-8a45-92650e6f727e: Starting segment from index:0
2019-09-12 01:40:59,783 [26459f3f-5ead-418f-8158-5a2d7bcad176:group-92650E6F727E:LeaderElection68] INFO  impl.RaftServerImpl (ServerState.java:setRaftConf(361)) - 26459f3f-5ead-418f-8158-5a2d7bcad176:group-92650E6F727E set configuration 0: [26459f3f-5ead-418f-8158-5a2d7bcad176:192.168.5.171:43955], old=null at 0
2019-09-12 01:40:59,800 [Thread-2406] INFO  impl.FollowerState (FollowerState.java:run(106)) - 6b3955da-b50a-448e-98f8-bfdbc3037ace:group-373D252DCAF5 changes to CANDIDATE, lastRpcTime:5052, electionTimeout:5052ms
2019-09-12 01:40:59,800 [Thread-2406] INFO  impl.RoleInfo (RoleInfo.java:shutdownFollowerState(121)) - 6b3955da-b50a-448e-98f8-bfdbc3037ace: shutdown FollowerState
2019-09-12 01:40:59,800 [Thread-2406] INFO  impl.RaftServerImpl (RaftServerImpl.java:setRole(171)) - 6b3955da-b50a-448e-98f8-bfdbc3037ace:group-373D252DCAF5 changes role from FOLLOWER to CANDIDATE at term 0 for changeToCandidate
2019-09-12 01:40:59,800 [Thread-2406] INFO  impl.RoleInfo (RoleInfo.java:updateAndGet(143)) - 6b3955da-b50a-448e-98f8-bfdbc3037ace: start LeaderElection
2019-09-12 01:40:59,840 [26459f3f-5ead-418f-8158-5a2d7bcad176-SegmentedRaftLogWorker:Storage Directory /workdir/hadoop-ozone/integration-test/target/test-dir/MiniOzoneClusterImpl-abc8d6a0-4de7-4118-b7f5-03680b1d5f31/datanode-4/data/ratis/e1954bfa-bcad-49ac-8a45-92650e6f727e] INFO  segmented.SegmentedRaftLogWorker (SegmentedRaftLogWorker.java:execute(569)) - 26459f3f-5ead-418f-8158-5a2d7bcad176-SegmentedRaftLogWorker:Storage Directory /workdir/hadoop-ozone/integration-test/target/test-dir/MiniOzoneClusterImpl-abc8d6a0-4de7-4118-b7f5-03680b1d5f31/datanode-4/data/ratis/e1954bfa-bcad-49ac-8a45-92650e6f727e: created new log segment /workdir/hadoop-ozone/integration-test/target/test-dir/MiniOzoneClusterImpl-abc8d6a0-4de7-4118-b7f5-03680b1d5f31/datanode-4/data/ratis/e1954bfa-bcad-49ac-8a45-92650e6f727e/current/log_inprogress_0
2019-09-12 01:40:59,857 [6b3955da-b50a-448e-98f8-bfdbc3037ace:group-373D252DCAF5:LeaderElection69] INFO  impl.LeaderElection (LeaderElection.java:askForVotes(181)) - 6b3955da-b50a-448e-98f8-bfdbc3037ace:group-373D252DCAF5:LeaderElection69: begin an election at term 1 for -1: [6b3955da-b50a-448e-98f8-bfdbc3037ace:192.168.5.171:43353], old=null
2019-09-12 01:40:59,857 [6b3955da-b50a-448e-98f8-bfdbc3037ace:group-373D252DCAF5:LeaderElection69] INFO  impl.RoleInfo (RoleInfo.java:shutdownLeaderElection(134)) - 6b3955da-b50a-448e-98f8-bfdbc3037ace: shutdown LeaderElection
2019-09-12 01:40:59,857 [6b3955da-b50a-448e-98f8-bfdbc3037ace:group-373D252DCAF5:LeaderElection69] INFO  impl.RaftServerImpl (RaftServerImpl.java:setRole(171)) - 6b3955da-b50a-448e-98f8-bfdbc3037ace:group-373D252DCAF5 changes role from CANDIDATE to LEADER at term 1 for changeToLeader
2019-09-12 01:40:59,857 [6b3955da-b50a-448e-98f8-bfdbc3037ace:group-373D252DCAF5:LeaderElection69] INFO  impl.RaftServerImpl (ServerState.java:setLeader(263)) - 6b3955da-b50a-448e-98f8-bfdbc3037ace:group-373D252DCAF5 change Leader from null to 6b3955da-b50a-448e-98f8-bfdbc3037ace at term 1 for becomeLeader, leader elected after 5114ms
2019-09-12 01:40:59,857 [6b3955da-b50a-448e-98f8-bfdbc3037ace:group-373D252DCAF5:LeaderElection69] INFO  server.RaftServerConfigKeys (ConfUtils.java:logGet(43)) - raft.server.staging.catchup.gap = 1000 (default)
2019-09-12 01:40:59,857 [6b3955da-b50a-448e-98f8-bfdbc3037ace:group-373D252DCAF5:LeaderElection69] INFO  server.RaftServerConfigKeys (ConfUtils.java:logGet(43)) - raft.server.rpc.sleep.time = 25ms (default)
2019-09-12 01:40:59,858 [6b3955da-b50a-448e-98f8-bfdbc3037ace:group-373D252DCAF5:LeaderElection69] INFO  server.RaftServerConfigKeys (ConfUtils.java:logGet(43)) - raft.server.write.element-limit = 4096 (default)
2019-09-12 01:40:59,858 [6b3955da-b50a-448e-98f8-bfdbc3037ace:group-373D252DCAF5:LeaderElection69] INFO  server.RaftServerConfigKeys (ConfUtils.java:logGet(43)) - raft.server.watch.timeout = 10s (default)
2019-09-12 01:40:59,858 [6b3955da-b50a-448e-98f8-bfdbc3037ace:group-373D252DCAF5:LeaderElection69] INFO  server.RaftServerConfigKeys (ConfUtils.java:logGet(43)) - raft.server.watch.timeout.denomination = 1s (default)
2019-09-12 01:40:59,858 [6b3955da-b50a-448e-98f8-bfdbc3037ace:group-373D252DCAF5:LeaderElection69] INFO  server.RaftServerConfigKeys (ConfUtils.java:logGet(43)) - raft.server.watch.element-limit = 65536 (default)
2019-09-12 01:40:59,858 [6b3955da-b50a-448e-98f8-bfdbc3037ace:group-373D252DCAF5:LeaderElection69] INFO  impl.RoleInfo (RoleInfo.java:updateAndGet(143)) - 6b3955da-b50a-448e-98f8-bfdbc3037ace: start LeaderState
2019-09-12 01:40:59,858 [6b3955da-b50a-448e-98f8-bfdbc3037ace:group-373D252DCAF5:LeaderElection69] INFO  segmented.SegmentedRaftLogWorker (SegmentedRaftLogWorker.java:startLogSegment(380)) - 6b3955da-b50a-448e-98f8-bfdbc3037ace-SegmentedRaftLogWorker:Storage Directory /workdir/hadoop-ozone/integration-test/target/test-dir/MiniOzoneClusterImpl-abc8d6a0-4de7-4118-b7f5-03680b1d5f31/datanode-3/data/ratis/319f5e8f-7ac1-4bbc-9ece-373d252dcaf5: Starting segment from index:0
2019-09-12 01:40:59,859 [6b3955da-b50a-448e-98f8-bfdbc3037ace:group-373D252DCAF5:LeaderElection69] INFO  impl.RaftServerImpl (ServerState.java:setRaftConf(361)) - 6b3955da-b50a-448e-98f8-bfdbc3037ace:group-373D252DCAF5 set configuration 0: [6b3955da-b50a-448e-98f8-bfdbc3037ace:192.168.5.171:43353], old=null at 0
2019-09-12 01:40:59,901 [Thread-2409] INFO  impl.FollowerState (FollowerState.java:run(106)) - 611f231b-0bf6-4c34-83a3-1ffd71f92385:group-4CD71A945866 changes to CANDIDATE, lastRpcTime:5054, electionTimeout:5054ms
2019-09-12 01:40:59,901 [Thread-2409] INFO  impl.RoleInfo (RoleInfo.java:shutdownFollowerState(121)) - 611f231b-0bf6-4c34-83a3-1ffd71f92385: shutdown FollowerState
2019-09-12 01:40:59,901 [Thread-2409] INFO  impl.RaftServerImpl (RaftServerImpl.java:setRole(171)) - 611f231b-0bf6-4c34-83a3-1ffd71f92385:group-4CD71A945866 changes role from FOLLOWER to CANDIDATE at term 0 for changeToCandidate
2019-09-12 01:40:59,901 [Thread-2409] INFO  impl.RoleInfo (RoleInfo.java:updateAndGet(143)) - 611f231b-0bf6-4c34-83a3-1ffd71f92385: start LeaderElection
2019-09-12 01:40:59,915 [6b3955da-b50a-448e-98f8-bfdbc3037ace-SegmentedRaftLogWorker:Storage Directory /workdir/hadoop-ozone/integration-test/target/test-dir/MiniOzoneClusterImpl-abc8d6a0-4de7-4118-b7f5-03680b1d5f31/datanode-3/data/ratis/319f5e8f-7ac1-4bbc-9ece-373d252dcaf5] INFO  segmented.SegmentedRaftLogWorker (SegmentedRaftLogWorker.java:execute(569)) - 6b3955da-b50a-448e-98f8-bfdbc3037ace-SegmentedRaftLogWorker:Storage Directory /workdir/hadoop-ozone/integration-test/target/test-dir/MiniOzoneClusterImpl-abc8d6a0-4de7-4118-b7f5-03680b1d5f31/datanode-3/data/ratis/319f5e8f-7ac1-4bbc-9ece-373d252dcaf5: created new log segment /workdir/hadoop-ozone/integration-test/target/test-dir/MiniOzoneClusterImpl-abc8d6a0-4de7-4118-b7f5-03680b1d5f31/datanode-3/data/ratis/319f5e8f-7ac1-4bbc-9ece-373d252dcaf5/current/log_inprogress_0
2019-09-12 01:40:59,941 [611f231b-0bf6-4c34-83a3-1ffd71f92385:group-4CD71A945866:LeaderElection70] INFO  impl.LeaderElection (LeaderElection.java:askForVotes(181)) - 611f231b-0bf6-4c34-83a3-1ffd71f92385:group-4CD71A945866:LeaderElection70: begin an election at term 1 for -1: [611f231b-0bf6-4c34-83a3-1ffd71f92385:192.168.5.171:35250], old=null
2019-09-12 01:40:59,941 [611f231b-0bf6-4c34-83a3-1ffd71f92385:group-4CD71A945866:LeaderElection70] INFO  impl.RoleInfo (RoleInfo.java:shutdownLeaderElection(134)) - 611f231b-0bf6-4c34-83a3-1ffd71f92385: shutdown LeaderElection
2019-09-12 01:40:59,941 [611f231b-0bf6-4c34-83a3-1ffd71f92385:group-4CD71A945866:LeaderElection70] INFO  impl.RaftServerImpl (RaftServerImpl.java:setRole(171)) - 611f231b-0bf6-4c34-83a3-1ffd71f92385:group-4CD71A945866 changes role from CANDIDATE to LEADER at term 1 for changeToLeader
2019-09-12 01:40:59,941 [611f231b-0bf6-4c34-83a3-1ffd71f92385:group-4CD71A945866:LeaderElection70] INFO  impl.RaftServerImpl (ServerState.java:setLeader(263)) - 611f231b-0bf6-4c34-83a3-1ffd71f92385:group-4CD71A945866 change Leader from null to 611f231b-0bf6-4c34-83a3-1ffd71f92385 at term 1 for becomeLeader, leader elected after 5100ms
2019-09-12 01:40:59,942 [611f231b-0bf6-4c34-83a3-1ffd71f92385:group-4CD71A945866:LeaderElection70] INFO  server.RaftServerConfigKeys (ConfUtils.java:logGet(43)) - raft.server.staging.catchup.gap = 1000 (default)
2019-09-12 01:40:59,942 [611f231b-0bf6-4c34-83a3-1ffd71f92385:group-4CD71A945866:LeaderElection70] INFO  server.RaftServerConfigKeys (ConfUtils.java:logGet(43)) - raft.server.rpc.sleep.time = 25ms (default)
2019-09-12 01:40:59,942 [611f231b-0bf6-4c34-83a3-1ffd71f92385:group-4CD71A945866:LeaderElection70] INFO  server.RaftServerConfigKeys (ConfUtils.java:logGet(43)) - raft.server.write.element-limit = 4096 (default)
2019-09-12 01:40:59,942 [611f231b-0bf6-4c34-83a3-1ffd71f92385:group-4CD71A945866:LeaderElection70] INFO  server.RaftServerConfigKeys (ConfUtils.java:logGet(43)) - raft.server.watch.timeout = 10s (default)
2019-09-12 01:40:59,942 [611f231b-0bf6-4c34-83a3-1ffd71f92385:group-4CD71A945866:LeaderElection70] INFO  server.RaftServerConfigKeys (ConfUtils.java:logGet(43)) - raft.server.watch.timeout.denomination = 1s (default)
2019-09-12 01:40:59,942 [611f231b-0bf6-4c34-83a3-1ffd71f92385:group-4CD71A945866:LeaderElection70] INFO  server.RaftServerConfigKeys (ConfUtils.java:logGet(43)) - raft.server.watch.element-limit = 65536 (default)
2019-09-12 01:40:59,942 [611f231b-0bf6-4c34-83a3-1ffd71f92385:group-4CD71A945866:LeaderElection70] INFO  impl.RoleInfo (RoleInfo.java:updateAndGet(143)) - 611f231b-0bf6-4c34-83a3-1ffd71f92385: start LeaderState
2019-09-12 01:40:59,943 [611f231b-0bf6-4c34-83a3-1ffd71f92385:group-4CD71A945866:LeaderElection70] INFO  segmented.SegmentedRaftLogWorker (SegmentedRaftLogWorker.java:startLogSegment(380)) - 611f231b-0bf6-4c34-83a3-1ffd71f92385-SegmentedRaftLogWorker:Storage Directory /workdir/hadoop-ozone/integration-test/target/test-dir/MiniOzoneClusterImpl-abc8d6a0-4de7-4118-b7f5-03680b1d5f31/datanode-5/data/ratis/591f996f-1bd1-42ef-b0a8-4cd71a945866: Starting segment from index:0
2019-09-12 01:40:59,943 [611f231b-0bf6-4c34-83a3-1ffd71f92385:group-4CD71A945866:LeaderElection70] INFO  impl.RaftServerImpl (ServerState.java:setRaftConf(361)) - 611f231b-0bf6-4c34-83a3-1ffd71f92385:group-4CD71A945866 set configuration 0: [611f231b-0bf6-4c34-83a3-1ffd71f92385:192.168.5.171:35250], old=null at 0
2019-09-12 01:41:00,008 [611f231b-0bf6-4c34-83a3-1ffd71f92385-SegmentedRaftLogWorker:Storage Directory /workdir/hadoop-ozone/integration-test/target/test-dir/MiniOzoneClusterImpl-abc8d6a0-4de7-4118-b7f5-03680b1d5f31/datanode-5/data/ratis/591f996f-1bd1-42ef-b0a8-4cd71a945866] INFO  segmented.SegmentedRaftLogWorker (SegmentedRaftLogWorker.java:execute(569)) - 611f231b-0bf6-4c34-83a3-1ffd71f92385-SegmentedRaftLogWorker:Storage Directory /workdir/hadoop-ozone/integration-test/target/test-dir/MiniOzoneClusterImpl-abc8d6a0-4de7-4118-b7f5-03680b1d5f31/datanode-5/data/ratis/591f996f-1bd1-42ef-b0a8-4cd71a945866: created new log segment /workdir/hadoop-ozone/integration-test/target/test-dir/MiniOzoneClusterImpl-abc8d6a0-4de7-4118-b7f5-03680b1d5f31/datanode-5/data/ratis/591f996f-1bd1-42ef-b0a8-4cd71a945866/current/log_inprogress_0
2019-09-12 01:41:00,084 [Thread-2412] INFO  impl.FollowerState (FollowerState.java:run(106)) - 36b11585-b37f-46d4-9a07-b2a787f491c7:group-E73F1EC94B61 changes to CANDIDATE, lastRpcTime:5165, electionTimeout:5165ms
2019-09-12 01:41:00,084 [Thread-2412] INFO  impl.RoleInfo (RoleInfo.java:shutdownFollowerState(121)) - 36b11585-b37f-46d4-9a07-b2a787f491c7: shutdown FollowerState
2019-09-12 01:41:00,085 [Thread-2412] INFO  impl.RaftServerImpl (RaftServerImpl.java:setRole(171)) - 36b11585-b37f-46d4-9a07-b2a787f491c7:group-E73F1EC94B61 changes role from FOLLOWER to CANDIDATE at term 0 for changeToCandidate
2019-09-12 01:41:00,085 [Thread-2412] INFO  impl.RoleInfo (RoleInfo.java:updateAndGet(143)) - 36b11585-b37f-46d4-9a07-b2a787f491c7: start LeaderElection
2019-09-12 01:41:00,110 [Thread-2424] INFO  impl.FollowerState (FollowerState.java:run(106)) - 26459f3f-5ead-418f-8158-5a2d7bcad176:group-48FCDF64C0A0 changes to CANDIDATE, lastRpcTime:5068, electionTimeout:5068ms
2019-09-12 01:41:00,110 [Thread-2424] INFO  impl.RoleInfo (RoleInfo.java:shutdownFollowerState(121)) - 26459f3f-5ead-418f-8158-5a2d7bcad176: shutdown FollowerState
2019-09-12 01:41:00,110 [Thread-2424] INFO  impl.RaftServerImpl (RaftServerImpl.java:setRole(171)) - 26459f3f-5ead-418f-8158-5a2d7bcad176:group-48FCDF64C0A0 changes role from FOLLOWER to CANDIDATE at term 0 for changeToCandidate
2019-09-12 01:41:00,110 [Thread-2424] INFO  impl.RoleInfo (RoleInfo.java:updateAndGet(143)) - 26459f3f-5ead-418f-8158-5a2d7bcad176: start LeaderElection
2019-09-12 01:41:00,124 [36b11585-b37f-46d4-9a07-b2a787f491c7:group-E73F1EC94B61:LeaderElection71] INFO  impl.LeaderElection (LeaderElection.java:askForVotes(181)) - 36b11585-b37f-46d4-9a07-b2a787f491c7:group-E73F1EC94B61:LeaderElection71: begin an election at term 1 for -1: [36b11585-b37f-46d4-9a07-b2a787f491c7:192.168.5.171:45069], old=null
2019-09-12 01:41:00,134 [36b11585-b37f-46d4-9a07-b2a787f491c7:group-E73F1EC94B61:LeaderElection71] INFO  impl.RoleInfo (RoleInfo.java:shutdownLeaderElection(134)) - 36b11585-b37f-46d4-9a07-b2a787f491c7: shutdown LeaderElection
2019-09-12 01:41:00,152 [36b11585-b37f-46d4-9a07-b2a787f491c7:group-E73F1EC94B61:LeaderElection71] INFO  impl.RaftServerImpl (RaftServerImpl.java:setRole(171)) - 36b11585-b37f-46d4-9a07-b2a787f491c7:group-E73F1EC94B61 changes role from CANDIDATE to LEADER at term 1 for changeToLeader
2019-09-12 01:41:00,152 [36b11585-b37f-46d4-9a07-b2a787f491c7:group-E73F1EC94B61:LeaderElection71] INFO  impl.RaftServerImpl (ServerState.java:setLeader(263)) - 36b11585-b37f-46d4-9a07-b2a787f491c7:group-E73F1EC94B61 change Leader from null to 36b11585-b37f-46d4-9a07-b2a787f491c7 at term 1 for becomeLeader, leader elected after 5237ms
2019-09-12 01:41:00,157 [36b11585-b37f-46d4-9a07-b2a787f491c7:group-E73F1EC94B61:LeaderElection71] INFO  server.RaftServerConfigKeys (ConfUtils.java:logGet(43)) - raft.server.staging.catchup.gap = 1000 (default)
2019-09-12 01:41:00,161 [Thread-2420] INFO  impl.FollowerState (FollowerState.java:run(106)) - 6b3955da-b50a-448e-98f8-bfdbc3037ace:group-48FCDF64C0A0 changes to CANDIDATE, lastRpcTime:5123, electionTimeout:5119ms
2019-09-12 01:41:00,161 [36b11585-b37f-46d4-9a07-b2a787f491c7:group-E73F1EC94B61:LeaderElection71] INFO  server.RaftServerConfigKeys (ConfUtils.java:logGet(43)) - raft.server.rpc.sleep.time = 25ms (default)
2019-09-12 01:41:00,161 [Thread-2420] INFO  impl.RoleInfo (RoleInfo.java:shutdownFollowerState(121)) - 6b3955da-b50a-448e-98f8-bfdbc3037ace: shutdown FollowerState
2019-09-12 01:41:00,162 [36b11585-b37f-46d4-9a07-b2a787f491c7:group-E73F1EC94B61:LeaderElection71] INFO  server.RaftServerConfigKeys (ConfUtils.java:logGet(43)) - raft.server.write.element-limit = 4096 (default)
2019-09-12 01:41:00,162 [Thread-2420] INFO  impl.RaftServerImpl (RaftServerImpl.java:setRole(171)) - 6b3955da-b50a-448e-98f8-bfdbc3037ace:group-48FCDF64C0A0 changes role from FOLLOWER to CANDIDATE at term 0 for changeToCandidate
2019-09-12 01:41:00,162 [36b11585-b37f-46d4-9a07-b2a787f491c7:group-E73F1EC94B61:LeaderElection71] INFO  server.RaftServerConfigKeys (ConfUtils.java:logGet(43)) - raft.server.watch.timeout = 10s (default)
2019-09-12 01:41:00,162 [Thread-2420] INFO  impl.RoleInfo (RoleInfo.java:updateAndGet(143)) - 6b3955da-b50a-448e-98f8-bfdbc3037ace: start LeaderElection
2019-09-12 01:41:00,162 [grpc-default-executor-3] INFO  client.GrpcClientProtocolClient (GrpcClientProtocolClient.java:onNext(255)) - client-D45794BDE9BB->33ab51e1-850e-4e00-b198-bc2fea023149: receive RaftClientReply:client-D45794BDE9BB->33ab51e1-850e-4e00-b198-bc2fea023149@group-675E09E942D8, cid=96, SUCCESS, logIndex=1, commits[33ab51e1-850e-4e00-b198-bc2fea023149:c2, 5064e46d-2f39-4360-9715-89395492d4a7:c1, d649c276-746f-471c-853f-e4f93cee865e:c1]
2019-09-12 01:41:00,162 [36b11585-b37f-46d4-9a07-b2a787f491c7:group-E73F1EC94B61:LeaderElection71] INFO  server.RaftServerConfigKeys (ConfUtils.java:logGet(43)) - raft.server.watch.timeout.denomination = 1s (default)
2019-09-12 01:41:00,175 [36b11585-b37f-46d4-9a07-b2a787f491c7:group-E73F1EC94B61:LeaderElection71] INFO  server.RaftServerConfigKeys (ConfUtils.java:logGet(43)) - raft.server.watch.element-limit = 65536 (default)
2019-09-12 01:41:00,175 [36b11585-b37f-46d4-9a07-b2a787f491c7:group-E73F1EC94B61:LeaderElection71] INFO  impl.RoleInfo (RoleInfo.java:updateAndGet(143)) - 36b11585-b37f-46d4-9a07-b2a787f491c7: start LeaderState
2019-09-12 01:41:00,175 [36b11585-b37f-46d4-9a07-b2a787f491c7:group-E73F1EC94B61:LeaderElection71] INFO  segmented.SegmentedRaftLogWorker (SegmentedRaftLogWorker.java:startLogSegment(380)) - 36b11585-b37f-46d4-9a07-b2a787f491c7-SegmentedRaftLogWorker:Storage Directory /workdir/hadoop-ozone/integration-test/target/test-dir/MiniOzoneClusterImpl-abc8d6a0-4de7-4118-b7f5-03680b1d5f31/datanode-6/data/ratis/0f445fab-b7b1-4eef-9155-e73f1ec94b61: Starting segment from index:0
2019-09-12 01:41:00,176 [36b11585-b37f-46d4-9a07-b2a787f491c7:group-E73F1EC94B61:LeaderElection71] INFO  impl.RaftServerImpl (ServerState.java:setRaftConf(361)) - 36b11585-b37f-46d4-9a07-b2a787f491c7:group-E73F1EC94B61 set configuration 0: [36b11585-b37f-46d4-9a07-b2a787f491c7:192.168.5.171:45069], old=null at 0
2019-09-12 01:41:00,179 [Thread-2425] INFO  impl.FollowerState (FollowerState.java:run(106)) - 611f231b-0bf6-4c34-83a3-1ffd71f92385:group-48FCDF64C0A0 changes to CANDIDATE, lastRpcTime:5137, electionTimeout:5137ms
2019-09-12 01:41:00,179 [Thread-2425] INFO  impl.RoleInfo (RoleInfo.java:shutdownFollowerState(121)) - 611f231b-0bf6-4c34-83a3-1ffd71f92385: shutdown FollowerState
2019-09-12 01:41:00,179 [Thread-2425] INFO  impl.RaftServerImpl (RaftServerImpl.java:setRole(171)) - 611f231b-0bf6-4c34-83a3-1ffd71f92385:group-48FCDF64C0A0 changes role from FOLLOWER to CANDIDATE at term 0 for changeToCandidate
2019-09-12 01:41:00,179 [Thread-2425] INFO  impl.RoleInfo (RoleInfo.java:updateAndGet(143)) - 611f231b-0bf6-4c34-83a3-1ffd71f92385: start LeaderElection
2019-09-12 01:41:00,214 [26459f3f-5ead-418f-8158-5a2d7bcad176:group-48FCDF64C0A0:LeaderElection72] INFO  impl.LeaderElection (LeaderElection.java:askForVotes(181)) - 26459f3f-5ead-418f-8158-5a2d7bcad176:group-48FCDF64C0A0:LeaderElection72: begin an election at term 1 for -1: [26459f3f-5ead-418f-8158-5a2d7bcad176:192.168.5.171:43955, 611f231b-0bf6-4c34-83a3-1ffd71f92385:192.168.5.171:35250, 6b3955da-b50a-448e-98f8-bfdbc3037ace:192.168.5.171:43353], old=null
2019-09-12 01:41:00,214 [6b3955da-b50a-448e-98f8-bfdbc3037ace:group-48FCDF64C0A0:LeaderElection73] INFO  impl.LeaderElection (LeaderElection.java:askForVotes(181)) - 6b3955da-b50a-448e-98f8-bfdbc3037ace:group-48FCDF64C0A0:LeaderElection73: begin an election at term 1 for -1: [26459f3f-5ead-418f-8158-5a2d7bcad176:192.168.5.171:43955, 611f231b-0bf6-4c34-83a3-1ffd71f92385:192.168.5.171:35250, 6b3955da-b50a-448e-98f8-bfdbc3037ace:192.168.5.171:43353], old=null
2019-09-12 01:41:00,243 [36b11585-b37f-46d4-9a07-b2a787f491c7-SegmentedRaftLogWorker:Storage Directory /workdir/hadoop-ozone/integration-test/target/test-dir/MiniOzoneClusterImpl-abc8d6a0-4de7-4118-b7f5-03680b1d5f31/datanode-6/data/ratis/0f445fab-b7b1-4eef-9155-e73f1ec94b61] INFO  segmented.SegmentedRaftLogWorker (SegmentedRaftLogWorker.java:execute(569)) - 36b11585-b37f-46d4-9a07-b2a787f491c7-SegmentedRaftLogWorker:Storage Directory /workdir/hadoop-ozone/integration-test/target/test-dir/MiniOzoneClusterImpl-abc8d6a0-4de7-4118-b7f5-03680b1d5f31/datanode-6/data/ratis/0f445fab-b7b1-4eef-9155-e73f1ec94b61: created new log segment /workdir/hadoop-ozone/integration-test/target/test-dir/MiniOzoneClusterImpl-abc8d6a0-4de7-4118-b7f5-03680b1d5f31/datanode-6/data/ratis/0f445fab-b7b1-4eef-9155-e73f1ec94b61/current/log_inprogress_0
2019-09-12 01:41:00,243 [611f231b-0bf6-4c34-83a3-1ffd71f92385:group-48FCDF64C0A0:LeaderElection74] INFO  impl.LeaderElection (LeaderElection.java:askForVotes(181)) - 611f231b-0bf6-4c34-83a3-1ffd71f92385:group-48FCDF64C0A0:LeaderElection74: begin an election at term 1 for -1: [26459f3f-5ead-418f-8158-5a2d7bcad176:192.168.5.171:43955, 611f231b-0bf6-4c34-83a3-1ffd71f92385:192.168.5.171:35250, 6b3955da-b50a-448e-98f8-bfdbc3037ace:192.168.5.171:43353], old=null
2019-09-12 01:41:00,244 [26459f3f-5ead-418f-8158-5a2d7bcad176:group-48FCDF64C0A0:LeaderElection72] INFO  impl.LeaderElection (LeaderElection.java:logAndReturn(56)) - 26459f3f-5ead-418f-8158-5a2d7bcad176:group-48FCDF64C0A0:LeaderElection72: Election REJECTED; received 2 response(s) [26459f3f-5ead-418f-8158-5a2d7bcad176<-611f231b-0bf6-4c34-83a3-1ffd71f92385#0:FAIL-t1, 26459f3f-5ead-418f-8158-5a2d7bcad176<-6b3955da-b50a-448e-98f8-bfdbc3037ace#0:FAIL-t1] and 0 exception(s); 26459f3f-5ead-418f-8158-5a2d7bcad176:t1, leader=null, voted=26459f3f-5ead-418f-8158-5a2d7bcad176, raftlog=26459f3f-5ead-418f-8158-5a2d7bcad176-SegmentedRaftLog:OPENED:c-1,f-1,i0, conf=-1: [26459f3f-5ead-418f-8158-5a2d7bcad176:192.168.5.171:43955, 611f231b-0bf6-4c34-83a3-1ffd71f92385:192.168.5.171:35250, 6b3955da-b50a-448e-98f8-bfdbc3037ace:192.168.5.171:43353], old=null
2019-09-12 01:41:00,244 [6b3955da-b50a-448e-98f8-bfdbc3037ace:group-48FCDF64C0A0:LeaderElection73] INFO  impl.LeaderElection (LeaderElection.java:logAndReturn(56)) - 6b3955da-b50a-448e-98f8-bfdbc3037ace:group-48FCDF64C0A0:LeaderElection73: Election REJECTED; received 2 response(s) [6b3955da-b50a-448e-98f8-bfdbc3037ace<-26459f3f-5ead-418f-8158-5a2d7bcad176#0:FAIL-t1, 6b3955da-b50a-448e-98f8-bfdbc3037ace<-611f231b-0bf6-4c34-83a3-1ffd71f92385#0:FAIL-t1] and 0 exception(s); 6b3955da-b50a-448e-98f8-bfdbc3037ace:t1, leader=null, voted=6b3955da-b50a-448e-98f8-bfdbc3037ace, raftlog=6b3955da-b50a-448e-98f8-bfdbc3037ace-SegmentedRaftLog:OPENED:c-1,f-1,i0, conf=-1: [26459f3f-5ead-418f-8158-5a2d7bcad176:192.168.5.171:43955, 611f231b-0bf6-4c34-83a3-1ffd71f92385:192.168.5.171:35250, 6b3955da-b50a-448e-98f8-bfdbc3037ace:192.168.5.171:43353], old=null
2019-09-12 01:41:00,244 [26459f3f-5ead-418f-8158-5a2d7bcad176:group-48FCDF64C0A0:LeaderElection72] INFO  impl.RaftServerImpl (RaftServerImpl.java:setRole(171)) - 26459f3f-5ead-418f-8158-5a2d7bcad176:group-48FCDF64C0A0 changes role from CANDIDATE to FOLLOWER at term 1 for DISCOVERED_A_NEW_TERM
2019-09-12 01:41:00,244 [6b3955da-b50a-448e-98f8-bfdbc3037ace:group-48FCDF64C0A0:LeaderElection73] INFO  impl.RaftServerImpl (RaftServerImpl.java:setRole(171)) - 6b3955da-b50a-448e-98f8-bfdbc3037ace:group-48FCDF64C0A0 changes role from CANDIDATE to FOLLOWER at term 1 for DISCOVERED_A_NEW_TERM
2019-09-12 01:41:00,245 [26459f3f-5ead-418f-8158-5a2d7bcad176:group-48FCDF64C0A0:LeaderElection72] INFO  impl.RoleInfo (RoleInfo.java:shutdownLeaderElection(134)) - 26459f3f-5ead-418f-8158-5a2d7bcad176: shutdown LeaderElection
2019-09-12 01:41:00,245 [6b3955da-b50a-448e-98f8-bfdbc3037ace:group-48FCDF64C0A0:LeaderElection73] INFO  impl.RoleInfo (RoleInfo.java:shutdownLeaderElection(134)) - 6b3955da-b50a-448e-98f8-bfdbc3037ace: shutdown LeaderElection
2019-09-12 01:41:00,245 [26459f3f-5ead-418f-8158-5a2d7bcad176:group-48FCDF64C0A0:LeaderElection72] INFO  impl.RoleInfo (RoleInfo.java:updateAndGet(143)) - 26459f3f-5ead-418f-8158-5a2d7bcad176: start FollowerState
2019-09-12 01:41:00,245 [6b3955da-b50a-448e-98f8-bfdbc3037ace:group-48FCDF64C0A0:LeaderElection73] INFO  impl.RoleInfo (RoleInfo.java:updateAndGet(143)) - 6b3955da-b50a-448e-98f8-bfdbc3037ace: start FollowerState
2019-09-12 01:41:00,247 [611f231b-0bf6-4c34-83a3-1ffd71f92385:group-48FCDF64C0A0:LeaderElection74] INFO  impl.LeaderElection (LeaderElection.java:logAndReturn(56)) - 611f231b-0bf6-4c34-83a3-1ffd71f92385:group-48FCDF64C0A0:LeaderElection74: Election REJECTED; received 2 response(s) [611f231b-0bf6-4c34-83a3-1ffd71f92385<-26459f3f-5ead-418f-8158-5a2d7bcad176#0:FAIL-t1, 611f231b-0bf6-4c34-83a3-1ffd71f92385<-6b3955da-b50a-448e-98f8-bfdbc3037ace#0:FAIL-t1] and 0 exception(s); 611f231b-0bf6-4c34-83a3-1ffd71f92385:t1, leader=null, voted=611f231b-0bf6-4c34-83a3-1ffd71f92385, raftlog=611f231b-0bf6-4c34-83a3-1ffd71f92385-SegmentedRaftLog:OPENED:c-1,f-1,i0, conf=-1: [26459f3f-5ead-418f-8158-5a2d7bcad176:192.168.5.171:43955, 611f231b-0bf6-4c34-83a3-1ffd71f92385:192.168.5.171:35250, 6b3955da-b50a-448e-98f8-bfdbc3037ace:192.168.5.171:43353], old=null
2019-09-12 01:41:00,248 [611f231b-0bf6-4c34-83a3-1ffd71f92385:group-48FCDF64C0A0:LeaderElection74] INFO  impl.RaftServerImpl (RaftServerImpl.java:setRole(171)) - 611f231b-0bf6-4c34-83a3-1ffd71f92385:group-48FCDF64C0A0 changes role from CANDIDATE to FOLLOWER at term 1 for DISCOVERED_A_NEW_TERM
2019-09-12 01:41:00,248 [611f231b-0bf6-4c34-83a3-1ffd71f92385:group-48FCDF64C0A0:LeaderElection74] INFO  impl.RoleInfo (RoleInfo.java:shutdownLeaderElection(134)) - 611f231b-0bf6-4c34-83a3-1ffd71f92385: shutdown LeaderElection
2019-09-12 01:41:00,248 [611f231b-0bf6-4c34-83a3-1ffd71f92385:group-48FCDF64C0A0:LeaderElection74] INFO  impl.RoleInfo (RoleInfo.java:updateAndGet(143)) - 611f231b-0bf6-4c34-83a3-1ffd71f92385: start FollowerState
2019-09-12 01:41:01,146 [Datanode State Machine Thread - 0] INFO  statemachine.DatanodeStateMachine (DatanodeStateMachine.java:lambda$startDaemon$0(350)) - Ozone container server started.
2019-09-12 01:41:05,176 [main] INFO  ozoneimpl.OzoneContainer (OzoneContainer.java:stop(215)) - Attempting to stop container services.
2019-09-12 01:41:05,176 [main] INFO  impl.RaftServerProxy (RaftServerProxy.java:lambda$close$4(314)) - 33ab51e1-850e-4e00-b198-bc2fea023149: close
2019-09-12 01:41:05,177 [main] INFO  impl.RaftServerImpl (RaftServerImpl.java:lambda$shutdown$3(245)) - 33ab51e1-850e-4e00-b198-bc2fea023149: shutdown group-675E09E942D8
2019-09-12 01:41:05,177 [ForkJoinPool.commonPool-worker-1] INFO  impl.RaftServerImpl (RaftServerImpl.java:lambda$shutdown$3(245)) - 33ab51e1-850e-4e00-b198-bc2fea023149: shutdown group-0DF4C57A6DD9
2019-09-12 01:41:05,177 [main] INFO  util.JmxRegister (JmxRegister.java:unregister(73)) - Successfully un-registered JMX Bean with object name Ratis:service=RaftServer,group=group-675E09E942D8,id=33ab51e1-850e-4e00-b198-bc2fea023149
2019-09-12 01:41:05,177 [ForkJoinPool.commonPool-worker-1] INFO  util.JmxRegister (JmxRegister.java:unregister(73)) - Successfully un-registered JMX Bean with object name Ratis:service=RaftServer,group=group-0DF4C57A6DD9,id=33ab51e1-850e-4e00-b198-bc2fea023149
2019-09-12 01:41:05,178 [main] INFO  impl.RoleInfo (RoleInfo.java:shutdownLeaderState(104)) - 33ab51e1-850e-4e00-b198-bc2fea023149: shutdown LeaderState
2019-09-12 01:41:05,178 [ForkJoinPool.commonPool-worker-1] INFO  impl.RoleInfo (RoleInfo.java:shutdownLeaderState(104)) - 33ab51e1-850e-4e00-b198-bc2fea023149: shutdown LeaderState
2019-09-12 01:41:05,190 [org.apache.ratis.server.impl.LogAppender$AppenderDaemon$$Lambda$626/1367325145@7470d849] WARN  server.GrpcLogAppender (GrpcLogAppender.java:mayWait(143)) - GrpcLogAppender(33ab51e1-850e-4e00-b198-bc2fea023149->5064e46d-2f39-4360-9715-89395492d4a7): Wait interrupted by java.lang.InterruptedException
2019-09-12 01:41:05,190 [main] INFO  impl.PendingRequests (PendingRequests.java:sendNotLeaderResponses(202)) - 33ab51e1-850e-4e00-b198-bc2fea023149-PendingRequests: sendNotLeaderResponses
2019-09-12 01:41:05,190 [org.apache.ratis.server.impl.LogAppender$AppenderDaemon$$Lambda$626/1367325145@317248a3] WARN  server.GrpcLogAppender (GrpcLogAppender.java:mayWait(143)) - GrpcLogAppender(33ab51e1-850e-4e00-b198-bc2fea023149->d649c276-746f-471c-853f-e4f93cee865e): Wait interrupted by java.lang.InterruptedException
2019-09-12 01:41:05,190 [ForkJoinPool.commonPool-worker-1] INFO  impl.PendingRequests (PendingRequests.java:sendNotLeaderResponses(202)) - 33ab51e1-850e-4e00-b198-bc2fea023149-PendingRequests: sendNotLeaderResponses
2019-09-12 01:41:05,216 [main] INFO  impl.StateMachineUpdater (StateMachineUpdater.java:stopAndJoin(115)) - StateMachineUpdater:33ab51e1-850e-4e00-b198-bc2fea023149:group-675E09E942D8: set stopIndex = 2
2019-09-12 01:41:05,198 [grpc-default-executor-3] INFO  server.GrpcServerProtocolService (GrpcServerProtocolService.java:onCompleted(104)) - 5064e46d-2f39-4360-9715-89395492d4a7: appendEntries completed
2019-09-12 01:41:05,216 [StateMachineUpdater:33ab51e1-850e-4e00-b198-bc2fea023149:group-675E09E942D8] INFO  ratis.ContainerStateMachine (ContainerStateMachine.java:takeSnapshot(284)) - group-675E09E942D8: Taking a snapshot at:(t:1, i:2) file /workdir/hadoop-ozone/integration-test/target/test-dir/MiniOzoneClusterImpl-abc8d6a0-4de7-4118-b7f5-03680b1d5f31/datanode-2/data/ratis/6b349a4e-b092-4c18-8418-675e09e942d8/sm/snapshot.1_2
2019-09-12 01:41:05,216 [ForkJoinPool.commonPool-worker-1] INFO  impl.StateMachineUpdater (StateMachineUpdater.java:stopAndJoin(115)) - StateMachineUpdater:33ab51e1-850e-4e00-b198-bc2fea023149:group-0DF4C57A6DD9: set stopIndex = 0
2019-09-12 01:41:05,220 [grpc-default-executor-2] INFO  server.GrpcServerProtocolService (GrpcServerProtocolService.java:onCompleted(104)) - d649c276-746f-471c-853f-e4f93cee865e: appendEntries completed
2019-09-12 01:41:05,221 [ForkJoinPool.commonPool-worker-1] INFO  impl.RaftServerImpl (ServerState.java:close(394)) - 33ab51e1-850e-4e00-b198-bc2fea023149:group-0DF4C57A6DD9 closes. The last applied log index is 0
2019-09-12 01:41:05,221 [grpc-default-executor-3] INFO  server.GrpcLogAppender (GrpcLogAppender.java:onCompleted(292)) - 33ab51e1-850e-4e00-b198-bc2fea023149->5064e46d-2f39-4360-9715-89395492d4a7: follower responses appendEntries COMPLETED
2019-09-12 01:41:05,221 [grpc-default-executor-2] INFO  server.GrpcLogAppender (GrpcLogAppender.java:onCompleted(292)) - 33ab51e1-850e-4e00-b198-bc2fea023149->d649c276-746f-471c-853f-e4f93cee865e: follower responses appendEntries COMPLETED
2019-09-12 01:41:05,221 [33ab51e1-850e-4e00-b198-bc2fea023149-SegmentedRaftLogWorker:Storage Directory /workdir/hadoop-ozone/integration-test/target/test-dir/MiniOzoneClusterImpl-abc8d6a0-4de7-4118-b7f5-03680b1d5f31/datanode-2/data/ratis/2da14314-9322-4fd9-9834-0df4c57a6dd9] INFO  segmented.SegmentedRaftLogWorker (SegmentedRaftLogWorker.java:run(313)) - 33ab51e1-850e-4e00-b198-bc2fea023149-SegmentedRaftLogWorker:Storage Directory /workdir/hadoop-ozone/integration-test/target/test-dir/MiniOzoneClusterImpl-abc8d6a0-4de7-4118-b7f5-03680b1d5f31/datanode-2/data/ratis/2da14314-9322-4fd9-9834-0df4c57a6dd9 was interrupted, exiting. There are 0 tasks remaining in the queue.
2019-09-12 01:41:05,221 [grpc-default-executor-3] INFO  impl.FollowerInfo (FollowerInfo.java:lambda$new$0(50)) - 33ab51e1-850e-4e00-b198-bc2fea023149->5064e46d-2f39-4360-9715-89395492d4a7: nextIndex: updateUnconditionally 3 -> 2
2019-09-12 01:41:05,221 [grpc-default-executor-2] INFO  impl.FollowerInfo (FollowerInfo.java:lambda$new$0(50)) - 33ab51e1-850e-4e00-b198-bc2fea023149->d649c276-746f-471c-853f-e4f93cee865e: nextIndex: updateUnconditionally 3 -> 2
2019-09-12 01:41:05,232 [ForkJoinPool.commonPool-worker-1] INFO  segmented.SegmentedRaftLogWorker (SegmentedRaftLogWorker.java:close(228)) - 33ab51e1-850e-4e00-b198-bc2fea023149-SegmentedRaftLogWorker:Storage Directory /workdir/hadoop-ozone/integration-test/target/test-dir/MiniOzoneClusterImpl-abc8d6a0-4de7-4118-b7f5-03680b1d5f31/datanode-2/data/ratis/2da14314-9322-4fd9-9834-0df4c57a6dd9 close()
2019-09-12 01:41:05,255 [Thread-2510] INFO  impl.FollowerState (FollowerState.java:run(106)) - 611f231b-0bf6-4c34-83a3-1ffd71f92385:group-48FCDF64C0A0 changes to CANDIDATE, lastRpcTime:5006, electionTimeout:5001ms
2019-09-12 01:41:05,259 [StateMachineUpdater:33ab51e1-850e-4e00-b198-bc2fea023149:group-675E09E942D8] INFO  ratis.ContainerStateMachine (ContainerStateMachine.java:takeSnapshot(295)) - group-675E09E942D8: Finished taking a snapshot at:(t:1, i:2) file:/workdir/hadoop-ozone/integration-test/target/test-dir/MiniOzoneClusterImpl-abc8d6a0-4de7-4118-b7f5-03680b1d5f31/datanode-2/data/ratis/6b349a4e-b092-4c18-8418-675e09e942d8/sm/snapshot.1_2 time:44
2019-09-12 01:41:05,259 [Thread-2510] INFO  impl.RoleInfo (RoleInfo.java:shutdownFollowerState(121)) - 611f231b-0bf6-4c34-83a3-1ffd71f92385: shutdown FollowerState
2019-09-12 01:41:05,259 [StateMachineUpdater:33ab51e1-850e-4e00-b198-bc2fea023149:group-675E09E942D8] INFO  impl.StateMachineUpdater (StateMachineUpdater.java:takeSnapshot(242)) - StateMachineUpdater:33ab51e1-850e-4e00-b198-bc2fea023149:group-675E09E942D8: Took a snapshot at index 2
2019-09-12 01:41:05,259 [Thread-2510] INFO  impl.RaftServerImpl (RaftServerImpl.java:setRole(171)) - 611f231b-0bf6-4c34-83a3-1ffd71f92385:group-48FCDF64C0A0 changes role from FOLLOWER to CANDIDATE at term 1 for changeToCandidate
2019-09-12 01:41:05,259 [StateMachineUpdater:33ab51e1-850e-4e00-b198-bc2fea023149:group-675E09E942D8] INFO  impl.StateMachineUpdater (StateMachineUpdater.java:lambda$new$0(80)) - StateMachineUpdater:33ab51e1-850e-4e00-b198-bc2fea023149:group-675E09E942D8: snapshotIndex: updateIncreasingly -1 -> 2
2019-09-12 01:41:05,259 [Thread-2510] INFO  impl.RoleInfo (RoleInfo.java:updateAndGet(143)) - 611f231b-0bf6-4c34-83a3-1ffd71f92385: start LeaderElection
2019-09-12 01:41:05,263 [Thread-2509] INFO  impl.FollowerState (FollowerState.java:run(106)) - 6b3955da-b50a-448e-98f8-bfdbc3037ace:group-48FCDF64C0A0 changes to CANDIDATE, lastRpcTime:5017, electionTimeout:5015ms
2019-09-12 01:41:05,263 [Thread-2509] INFO  impl.RoleInfo (RoleInfo.java:shutdownFollowerState(121)) - 6b3955da-b50a-448e-98f8-bfdbc3037ace: shutdown FollowerState
2019-09-12 01:41:05,263 [main] INFO  impl.RaftServerImpl (ServerState.java:close(394)) - 33ab51e1-850e-4e00-b198-bc2fea023149:group-675E09E942D8 closes. The last applied log index is 2
2019-09-12 01:41:05,263 [Thread-2509] INFO  impl.RaftServerImpl (RaftServerImpl.java:setRole(171)) - 6b3955da-b50a-448e-98f8-bfdbc3037ace:group-48FCDF64C0A0 changes role from FOLLOWER to CANDIDATE at term 1 for changeToCandidate
2019-09-12 01:41:05,264 [Thread-2509] INFO  impl.RoleInfo (RoleInfo.java:updateAndGet(143)) - 6b3955da-b50a-448e-98f8-bfdbc3037ace: start LeaderElection
2019-09-12 01:41:05,264 [33ab51e1-850e-4e00-b198-bc2fea023149-SegmentedRaftLogWorker:Storage Directory /workdir/hadoop-ozone/integration-test/target/test-dir/MiniOzoneClusterImpl-abc8d6a0-4de7-4118-b7f5-03680b1d5f31/datanode-2/data/ratis/6b349a4e-b092-4c18-8418-675e09e942d8] INFO  segmented.SegmentedRaftLogWorker (SegmentedRaftLogWorker.java:run(313)) - 33ab51e1-850e-4e00-b198-bc2fea023149-SegmentedRaftLogWorker:Storage Directory /workdir/hadoop-ozone/integration-test/target/test-dir/MiniOzoneClusterImpl-abc8d6a0-4de7-4118-b7f5-03680b1d5f31/datanode-2/data/ratis/6b349a4e-b092-4c18-8418-675e09e942d8 was interrupted, exiting. There are 0 tasks remaining in the queue.
2019-09-12 01:41:05,267 [main] INFO  segmented.SegmentedRaftLogWorker (SegmentedRaftLogWorker.java:close(228)) - 33ab51e1-850e-4e00-b198-bc2fea023149-SegmentedRaftLogWorker:Storage Directory /workdir/hadoop-ozone/integration-test/target/test-dir/MiniOzoneClusterImpl-abc8d6a0-4de7-4118-b7f5-03680b1d5f31/datanode-2/data/ratis/6b349a4e-b092-4c18-8418-675e09e942d8 close()
2019-09-12 01:41:05,270 [main] INFO  server.GrpcService (GrpcService.java:closeImpl(155)) - 33ab51e1-850e-4e00-b198-bc2fea023149: shutdown server with port 33951 now
2019-09-12 01:41:05,271 [main] INFO  server.GrpcService (GrpcService.java:closeImpl(163)) - 33ab51e1-850e-4e00-b198-bc2fea023149: shutdown server with port 33951 successfully
2019-09-12 01:41:05,273 [refreshUsed-/workdir/hadoop-ozone/integration-test/target/test-dir/MiniOzoneClusterImpl-abc8d6a0-4de7-4118-b7f5-03680b1d5f31/datanode-2/data/containers] WARN  fs.CachingGetSpaceUsed (CachingGetSpaceUsed.java:run(183)) - Thread Interrupted waiting to refresh disk information: sleep interrupted
2019-09-12 01:41:05,291 [6b3955da-b50a-448e-98f8-bfdbc3037ace:group-48FCDF64C0A0:LeaderElection76] INFO  impl.LeaderElection (LeaderElection.java:askForVotes(181)) - 6b3955da-b50a-448e-98f8-bfdbc3037ace:group-48FCDF64C0A0:LeaderElection76: begin an election at term 2 for -1: [26459f3f-5ead-418f-8158-5a2d7bcad176:192.168.5.171:43955, 611f231b-0bf6-4c34-83a3-1ffd71f92385:192.168.5.171:35250, 6b3955da-b50a-448e-98f8-bfdbc3037ace:192.168.5.171:43353], old=null
2019-09-12 01:41:05,291 [611f231b-0bf6-4c34-83a3-1ffd71f92385:group-48FCDF64C0A0:LeaderElection75] INFO  impl.LeaderElection (LeaderElection.java:askForVotes(181)) - 611f231b-0bf6-4c34-83a3-1ffd71f92385:group-48FCDF64C0A0:LeaderElection75: begin an election at term 2 for -1: [26459f3f-5ead-418f-8158-5a2d7bcad176:192.168.5.171:43955, 611f231b-0bf6-4c34-83a3-1ffd71f92385:192.168.5.171:35250, 6b3955da-b50a-448e-98f8-bfdbc3037ace:192.168.5.171:43353], old=null
2019-09-12 01:41:05,291 [main] INFO  utils.BackgroundService (BackgroundService.java:shutdown(148)) - Shutting down service BlockDeletingService
2019-09-12 01:41:05,302 [main] INFO  statemachine.DatanodeStateMachine (DatanodeStateMachine.java:stopDaemon(395)) - Ozone container server stopped.
2019-09-12 01:41:05,303 [main] INFO  handler.ContextHandler (ContextHandler.java:doStop(910)) - Stopped o.e.j.w.WebAppContext@76cdafa3{/,null,UNAVAILABLE}{/hddsDatanode}
2019-09-12 01:41:05,303 [grpc-default-executor-3] INFO  impl.RaftServerImpl (RaftServerImpl.java:setRole(171)) - 26459f3f-5ead-418f-8158-5a2d7bcad176:group-48FCDF64C0A0 changes role from FOLLOWER to FOLLOWER at term 2 for recognizeCandidate:6b3955da-b50a-448e-98f8-bfdbc3037ace
2019-09-12 01:41:05,304 [main] INFO  server.AbstractConnector (AbstractConnector.java:doStop(318)) - Stopped ServerConnector@6b27b2d0{HTTP/1.1,[http/1.1]}{0.0.0.0:0}
2019-09-12 01:41:05,304 [grpc-default-executor-3] INFO  impl.RoleInfo (RoleInfo.java:shutdownFollowerState(121)) - 26459f3f-5ead-418f-8158-5a2d7bcad176: shutdown FollowerState
2019-09-12 01:41:05,304 [main] INFO  handler.ContextHandler (ContextHandler.java:doStop(910)) - Stopped o.e.j.s.ServletContextHandler@bb3ecfe{/static,jar:file:/home/user/.m2/repository/org/apache/hadoop/hadoop-hdds-container-service/0.5.0-SNAPSHOT/hadoop-hdds-container-service-0.5.0-SNAPSHOT.jar!/webapps/static,UNAVAILABLE}
2019-09-12 01:41:05,304 [grpc-default-executor-3] INFO  impl.RoleInfo (RoleInfo.java:updateAndGet(143)) - 26459f3f-5ead-418f-8158-5a2d7bcad176: start FollowerState
2019-09-12 01:41:05,304 [Thread-2508] INFO  impl.FollowerState (FollowerState.java:run(114)) - 26459f3f-5ead-418f-8158-5a2d7bcad176: FollowerState was interrupted: java.lang.InterruptedException: sleep interrupted
2019-09-12 01:41:05,304 [main] INFO  handler.ContextHandler (ContextHandler.java:doStop(910)) - Stopped o.e.j.s.ServletContextHandler@1b37fbec{/logs,file:///workdir/hadoop-ozone/integration-test/target/log,UNAVAILABLE}
2019-09-12 01:41:05,339 [611f231b-0bf6-4c34-83a3-1ffd71f92385:group-48FCDF64C0A0:LeaderElection75] INFO  impl.LeaderElection (LeaderElection.java:logAndReturn(56)) - 611f231b-0bf6-4c34-83a3-1ffd71f92385:group-48FCDF64C0A0:LeaderElection75: Election REJECTED; received 2 response(s) [611f231b-0bf6-4c34-83a3-1ffd71f92385<-26459f3f-5ead-418f-8158-5a2d7bcad176#0:FAIL-t2, 611f231b-0bf6-4c34-83a3-1ffd71f92385<-6b3955da-b50a-448e-98f8-bfdbc3037ace#0:FAIL-t2] and 0 exception(s); 611f231b-0bf6-4c34-83a3-1ffd71f92385:t2, leader=null, voted=611f231b-0bf6-4c34-83a3-1ffd71f92385, raftlog=611f231b-0bf6-4c34-83a3-1ffd71f92385-SegmentedRaftLog:OPENED:c-1,f-1,i0, conf=-1: [26459f3f-5ead-418f-8158-5a2d7bcad176:192.168.5.171:43955, 611f231b-0bf6-4c34-83a3-1ffd71f92385:192.168.5.171:35250, 6b3955da-b50a-448e-98f8-bfdbc3037ace:192.168.5.171:43353], old=null
2019-09-12 01:41:05,339 [6b3955da-b50a-448e-98f8-bfdbc3037ace:group-48FCDF64C0A0:LeaderElection76] INFO  impl.LeaderElection (LeaderElection.java:logAndReturn(56)) - 6b3955da-b50a-448e-98f8-bfdbc3037ace:group-48FCDF64C0A0:LeaderElection76: Election PASSED; received 2 response(s) [6b3955da-b50a-448e-98f8-bfdbc3037ace<-26459f3f-5ead-418f-8158-5a2d7bcad176#0:OK-t2, 6b3955da-b50a-448e-98f8-bfdbc3037ace<-611f231b-0bf6-4c34-83a3-1ffd71f92385#0:FAIL-t2] and 0 exception(s); 6b3955da-b50a-448e-98f8-bfdbc3037ace:t2, leader=null, voted=6b3955da-b50a-448e-98f8-bfdbc3037ace, raftlog=6b3955da-b50a-448e-98f8-bfdbc3037ace-SegmentedRaftLog:OPENED:c-1,f-1,i0, conf=-1: [26459f3f-5ead-418f-8158-5a2d7bcad176:192.168.5.171:43955, 611f231b-0bf6-4c34-83a3-1ffd71f92385:192.168.5.171:35250, 6b3955da-b50a-448e-98f8-bfdbc3037ace:192.168.5.171:43353], old=null
2019-09-12 01:41:05,339 [611f231b-0bf6-4c34-83a3-1ffd71f92385:group-48FCDF64C0A0:LeaderElection75] INFO  impl.RaftServerImpl (RaftServerImpl.java:setRole(171)) - 611f231b-0bf6-4c34-83a3-1ffd71f92385:group-48FCDF64C0A0 changes role from CANDIDATE to FOLLOWER at term 2 for DISCOVERED_A_NEW_TERM
2019-09-12 01:41:05,339 [6b3955da-b50a-448e-98f8-bfdbc3037ace:group-48FCDF64C0A0:LeaderElection76] INFO  impl.RoleInfo (RoleInfo.java:shutdownLeaderElection(134)) - 6b3955da-b50a-448e-98f8-bfdbc3037ace: shutdown LeaderElection
2019-09-12 01:41:05,340 [611f231b-0bf6-4c34-83a3-1ffd71f92385:group-48FCDF64C0A0:LeaderElection75] INFO  impl.RoleInfo (RoleInfo.java:shutdownLeaderElection(134)) - 611f231b-0bf6-4c34-83a3-1ffd71f92385: shutdown LeaderElection
2019-09-12 01:41:05,340 [6b3955da-b50a-448e-98f8-bfdbc3037ace:group-48FCDF64C0A0:LeaderElection76] INFO  impl.RaftServerImpl (RaftServerImpl.java:setRole(171)) - 6b3955da-b50a-448e-98f8-bfdbc3037ace:group-48FCDF64C0A0 changes role from CANDIDATE to LEADER at term 2 for changeToLeader
2019-09-12 01:41:05,340 [611f231b-0bf6-4c34-83a3-1ffd71f92385:group-48FCDF64C0A0:LeaderElection75] INFO  impl.RoleInfo (RoleInfo.java:updateAndGet(143)) - 611f231b-0bf6-4c34-83a3-1ffd71f92385: start FollowerState
2019-09-12 01:41:05,340 [6b3955da-b50a-448e-98f8-bfdbc3037ace:group-48FCDF64C0A0:LeaderElection76] INFO  impl.RaftServerImpl (ServerState.java:setLeader(263)) - 6b3955da-b50a-448e-98f8-bfdbc3037ace:group-48FCDF64C0A0 change Leader from null to 6b3955da-b50a-448e-98f8-bfdbc3037ace at term 2 for becomeLeader, leader elected after 10315ms
2019-09-12 01:41:05,340 [6b3955da-b50a-448e-98f8-bfdbc3037ace:group-48FCDF64C0A0:LeaderElection76] INFO  server.RaftServerConfigKeys (ConfUtils.java:logGet(43)) - raft.server.staging.catchup.gap = 1000 (default)
2019-09-12 01:41:05,341 [6b3955da-b50a-448e-98f8-bfdbc3037ace:group-48FCDF64C0A0:LeaderElection76] INFO  server.RaftServerConfigKeys (ConfUtils.java:logGet(43)) - raft.server.rpc.sleep.time = 25ms (default)
2019-09-12 01:41:05,341 [6b3955da-b50a-448e-98f8-bfdbc3037ace:group-48FCDF64C0A0:LeaderElection76] INFO  server.RaftServerConfigKeys (ConfUtils.java:logGet(43)) - raft.server.write.element-limit = 4096 (default)
2019-09-12 01:41:05,341 [6b3955da-b50a-448e-98f8-bfdbc3037ace:group-48FCDF64C0A0:LeaderElection76] INFO  server.RaftServerConfigKeys (ConfUtils.java:logGet(43)) - raft.server.watch.timeout = 10s (default)
2019-09-12 01:41:05,341 [6b3955da-b50a-448e-98f8-bfdbc3037ace:group-48FCDF64C0A0:LeaderElection76] INFO  server.RaftServerConfigKeys (ConfUtils.java:logGet(43)) - raft.server.watch.timeout.denomination = 1s (default)
2019-09-12 01:41:05,341 [6b3955da-b50a-448e-98f8-bfdbc3037ace:group-48FCDF64C0A0:LeaderElection76] INFO  server.RaftServerConfigKeys (ConfUtils.java:logGet(43)) - raft.server.watch.element-limit = 65536 (default)
2019-09-12 01:41:05,341 [6b3955da-b50a-448e-98f8-bfdbc3037ace:group-48FCDF64C0A0:LeaderElection76] INFO  server.RaftServerConfigKeys (ConfUtils.java:logGet(43)) - raft.server.log.appender.snapshot.chunk.size.max = 16MB (=16777216) (default)
2019-09-12 01:41:05,342 [6b3955da-b50a-448e-98f8-bfdbc3037ace:group-48FCDF64C0A0:LeaderElection76] INFO  server.RaftServerConfigKeys (ConfUtils.java:logGet(43)) - raft.server.log.appender.buffer.byte-limit = 33554432 (custom)
2019-09-12 01:41:05,342 [6b3955da-b50a-448e-98f8-bfdbc3037ace:group-48FCDF64C0A0:LeaderElection76] INFO  server.RaftServerConfigKeys (ConfUtils.java:logGet(43)) - raft.server.log.appender.buffer.element-limit = 1 (custom)
2019-09-12 01:41:05,342 [6b3955da-b50a-448e-98f8-bfdbc3037ace:group-48FCDF64C0A0:LeaderElection76] INFO  grpc.GrpcConfigKeys$Server (ConfUtils.java:logGet(43)) - raft.grpc.server.leader.outstanding.appends.max = 128 (default)
2019-09-12 01:41:05,342 [6b3955da-b50a-448e-98f8-bfdbc3037ace:group-48FCDF64C0A0:LeaderElection76] INFO  server.RaftServerConfigKeys (ConfUtils.java:logGet(43)) - raft.server.rpc.request.timeout = 3000ms (default)
2019-09-12 01:41:05,343 [6b3955da-b50a-448e-98f8-bfdbc3037ace:group-48FCDF64C0A0:LeaderElection76] INFO  server.RaftServerConfigKeys (ConfUtils.java:logGet(43)) - raft.server.log.appender.install.snapshot.enabled = false (custom)
2019-09-12 01:41:05,343 [6b3955da-b50a-448e-98f8-bfdbc3037ace:group-48FCDF64C0A0:LeaderElection76] INFO  server.RaftServerConfigKeys (ConfUtils.java:logGet(43)) - raft.server.log.appender.snapshot.chunk.size.max = 16MB (=16777216) (default)
2019-09-12 01:41:05,343 [6b3955da-b50a-448e-98f8-bfdbc3037ace:group-48FCDF64C0A0:LeaderElection76] INFO  server.RaftServerConfigKeys (ConfUtils.java:logGet(43)) - raft.server.log.appender.buffer.byte-limit = 33554432 (custom)
2019-09-12 01:41:05,343 [6b3955da-b50a-448e-98f8-bfdbc3037ace:group-48FCDF64C0A0:LeaderElection76] INFO  server.RaftServerConfigKeys (ConfUtils.java:logGet(43)) - raft.server.log.appender.buffer.element-limit = 1 (custom)
2019-09-12 01:41:05,343 [6b3955da-b50a-448e-98f8-bfdbc3037ace:group-48FCDF64C0A0:LeaderElection76] INFO  grpc.GrpcConfigKeys$Server (ConfUtils.java:logGet(43)) - raft.grpc.server.leader.outstanding.appends.max = 128 (default)
2019-09-12 01:41:05,344 [6b3955da-b50a-448e-98f8-bfdbc3037ace:group-48FCDF64C0A0:LeaderElection76] INFO  server.RaftServerConfigKeys (ConfUtils.java:logGet(43)) - raft.server.rpc.request.timeout = 3000ms (default)
2019-09-12 01:41:05,344 [6b3955da-b50a-448e-98f8-bfdbc3037ace:group-48FCDF64C0A0:LeaderElection76] INFO  server.RaftServerConfigKeys (ConfUtils.java:logGet(43)) - raft.server.log.appender.install.snapshot.enabled = false (custom)
2019-09-12 01:41:05,344 [6b3955da-b50a-448e-98f8-bfdbc3037ace:group-48FCDF64C0A0:LeaderElection76] INFO  impl.RoleInfo (RoleInfo.java:updateAndGet(143)) - 6b3955da-b50a-448e-98f8-bfdbc3037ace: start LeaderState
2019-09-12 01:41:05,344 [6b3955da-b50a-448e-98f8-bfdbc3037ace:group-48FCDF64C0A0:LeaderElection76] INFO  segmented.SegmentedRaftLogWorker (SegmentedRaftLogWorker.java:startLogSegment(380)) - 6b3955da-b50a-448e-98f8-bfdbc3037ace-SegmentedRaftLogWorker:Storage Directory /workdir/hadoop-ozone/integration-test/target/test-dir/MiniOzoneClusterImpl-abc8d6a0-4de7-4118-b7f5-03680b1d5f31/datanode-3/data/ratis/e2dda4aa-6d57-45a3-a80f-48fcdf64c0a0: Starting segment from index:0
2019-09-12 01:41:05,345 [6b3955da-b50a-448e-98f8-bfdbc3037ace:group-48FCDF64C0A0:LeaderElection76] INFO  impl.RaftServerImpl (ServerState.java:setRaftConf(361)) - 6b3955da-b50a-448e-98f8-bfdbc3037ace:group-48FCDF64C0A0 set configuration 0: [26459f3f-5ead-418f-8158-5a2d7bcad176:192.168.5.171:43955, 611f231b-0bf6-4c34-83a3-1ffd71f92385:192.168.5.171:35250, 6b3955da-b50a-448e-98f8-bfdbc3037ace:192.168.5.171:43353], old=null at 0
2019-09-12 01:41:05,346 [grpc-default-executor-3] INFO  impl.RaftServerImpl (ServerState.java:setLeader(263)) - 611f231b-0bf6-4c34-83a3-1ffd71f92385:group-48FCDF64C0A0 change Leader from null to 6b3955da-b50a-448e-98f8-bfdbc3037ace at term 2 for appendEntries, leader elected after 10321ms
2019-09-12 01:41:05,347 [grpc-default-executor-4] INFO  impl.RaftServerImpl (ServerState.java:setLeader(263)) - 26459f3f-5ead-418f-8158-5a2d7bcad176:group-48FCDF64C0A0 change Leader from null to 6b3955da-b50a-448e-98f8-bfdbc3037ace at term 2 for appendEntries, leader elected after 10321ms
2019-09-12 01:41:05,348 [grpc-default-executor-4] INFO  impl.RaftServerImpl (ServerState.java:setRaftConf(361)) - 611f231b-0bf6-4c34-83a3-1ffd71f92385:group-48FCDF64C0A0 set configuration 0: [26459f3f-5ead-418f-8158-5a2d7bcad176:192.168.5.171:43955, 611f231b-0bf6-4c34-83a3-1ffd71f92385:192.168.5.171:35250, 6b3955da-b50a-448e-98f8-bfdbc3037ace:192.168.5.171:43353], old=null at 0
2019-09-12 01:41:05,349 [grpc-default-executor-3] INFO  impl.RaftServerImpl (ServerState.java:setRaftConf(361)) - 26459f3f-5ead-418f-8158-5a2d7bcad176:group-48FCDF64C0A0 set configuration 0: [26459f3f-5ead-418f-8158-5a2d7bcad176:192.168.5.171:43955, 611f231b-0bf6-4c34-83a3-1ffd71f92385:192.168.5.171:35250, 6b3955da-b50a-448e-98f8-bfdbc3037ace:192.168.5.171:43353], old=null at 0
2019-09-12 01:41:05,349 [grpc-default-executor-4] INFO  segmented.SegmentedRaftLogWorker (SegmentedRaftLogWorker.java:startLogSegment(380)) - 611f231b-0bf6-4c34-83a3-1ffd71f92385-SegmentedRaftLogWorker:Storage Directory /workdir/hadoop-ozone/integration-test/target/test-dir/MiniOzoneClusterImpl-abc8d6a0-4de7-4118-b7f5-03680b1d5f31/datanode-5/data/ratis/e2dda4aa-6d57-45a3-a80f-48fcdf64c0a0: Starting segment from index:0
2019-09-12 01:41:05,349 [grpc-default-executor-3] INFO  segmented.SegmentedRaftLogWorker (SegmentedRaftLogWorker.java:startLogSegment(380)) - 26459f3f-5ead-418f-8158-5a2d7bcad176-SegmentedRaftLogWorker:Storage Directory /workdir/hadoop-ozone/integration-test/target/test-dir/MiniOzoneClusterImpl-abc8d6a0-4de7-4118-b7f5-03680b1d5f31/datanode-4/data/ratis/e2dda4aa-6d57-45a3-a80f-48fcdf64c0a0: Starting segment from index:0
2019-09-12 01:41:05,412 [26459f3f-5ead-418f-8158-5a2d7bcad176-SegmentedRaftLogWorker:Storage Directory /workdir/hadoop-ozone/integration-test/target/test-dir/MiniOzoneClusterImpl-abc8d6a0-4de7-4118-b7f5-03680b1d5f31/datanode-4/data/ratis/e2dda4aa-6d57-45a3-a80f-48fcdf64c0a0] INFO  segmented.SegmentedRaftLogWorker (SegmentedRaftLogWorker.java:execute(569)) - 26459f3f-5ead-418f-8158-5a2d7bcad176-SegmentedRaftLogWorker:Storage Directory /workdir/hadoop-ozone/integration-test/target/test-dir/MiniOzoneClusterImpl-abc8d6a0-4de7-4118-b7f5-03680b1d5f31/datanode-4/data/ratis/e2dda4aa-6d57-45a3-a80f-48fcdf64c0a0: created new log segment /workdir/hadoop-ozone/integration-test/target/test-dir/MiniOzoneClusterImpl-abc8d6a0-4de7-4118-b7f5-03680b1d5f31/datanode-4/data/ratis/e2dda4aa-6d57-45a3-a80f-48fcdf64c0a0/current/log_inprogress_0
2019-09-12 01:41:05,412 [6b3955da-b50a-448e-98f8-bfdbc3037ace-SegmentedRaftLogWorker:Storage Directory /workdir/hadoop-ozone/integration-test/target/test-dir/MiniOzoneClusterImpl-abc8d6a0-4de7-4118-b7f5-03680b1d5f31/datanode-3/data/ratis/e2dda4aa-6d57-45a3-a80f-48fcdf64c0a0] INFO  segmented.SegmentedRaftLogWorker (SegmentedRaftLogWorker.java:execute(569)) - 6b3955da-b50a-448e-98f8-bfdbc3037ace-SegmentedRaftLogWorker:Storage Directory /workdir/hadoop-ozone/integration-test/target/test-dir/MiniOzoneClusterImpl-abc8d6a0-4de7-4118-b7f5-03680b1d5f31/datanode-3/data/ratis/e2dda4aa-6d57-45a3-a80f-48fcdf64c0a0: created new log segment /workdir/hadoop-ozone/integration-test/target/test-dir/MiniOzoneClusterImpl-abc8d6a0-4de7-4118-b7f5-03680b1d5f31/datanode-3/data/ratis/e2dda4aa-6d57-45a3-a80f-48fcdf64c0a0/current/log_inprogress_0
2019-09-12 01:41:05,440 [611f231b-0bf6-4c34-83a3-1ffd71f92385-SegmentedRaftLogWorker:Storage Directory /workdir/hadoop-ozone/integration-test/target/test-dir/MiniOzoneClusterImpl-abc8d6a0-4de7-4118-b7f5-03680b1d5f31/datanode-5/data/ratis/e2dda4aa-6d57-45a3-a80f-48fcdf64c0a0] INFO  segmented.SegmentedRaftLogWorker (SegmentedRaftLogWorker.java:execute(569)) - 611f231b-0bf6-4c34-83a3-1ffd71f92385-SegmentedRaftLogWorker:Storage Directory /workdir/hadoop-ozone/integration-test/target/test-dir/MiniOzoneClusterImpl-abc8d6a0-4de7-4118-b7f5-03680b1d5f31/datanode-5/data/ratis/e2dda4aa-6d57-45a3-a80f-48fcdf64c0a0: created new log segment /workdir/hadoop-ozone/integration-test/target/test-dir/MiniOzoneClusterImpl-abc8d6a0-4de7-4118-b7f5-03680b1d5f31/datanode-5/data/ratis/e2dda4aa-6d57-45a3-a80f-48fcdf64c0a0/current/log_inprogress_0
2019-09-12 01:41:07,342 [grpc-default-executor-3] INFO  client.GrpcClientProtocolClient (GrpcClientProtocolClient.java:onNext(255)) - client-D45794BDE9BB->5064e46d-2f39-4360-9715-89395492d4a7: receive RaftClientReply:client-D45794BDE9BB->5064e46d-2f39-4360-9715-89395492d4a7@group-675E09E942D8, cid=97, FAILED org.apache.ratis.protocol.NotLeaderException: Server 5064e46d-2f39-4360-9715-89395492d4a7 is not the leader (33ab51e1-850e-4e00-b198-bc2fea023149:192.168.5.171:33951). Request must be sent to leader., logIndex=0, commits[5064e46d-2f39-4360-9715-89395492d4a7:c2, 33ab51e1-850e-4e00-b198-bc2fea023149:c2, d649c276-746f-471c-853f-e4f93cee865e:c2]
2019-09-12 01:41:08,378 [grpc-default-executor-2] INFO  client.GrpcClientProtocolClient (GrpcClientProtocolClient.java:onNext(255)) - client-D45794BDE9BB->d649c276-746f-471c-853f-e4f93cee865e: receive RaftClientReply:client-D45794BDE9BB->d649c276-746f-471c-853f-e4f93cee865e@group-675E09E942D8, cid=97, FAILED org.apache.ratis.protocol.NotLeaderException: Server d649c276-746f-471c-853f-e4f93cee865e is not the leader (33ab51e1-850e-4e00-b198-bc2fea023149:192.168.5.171:33951). Request must be sent to leader., logIndex=0, commits[d649c276-746f-471c-853f-e4f93cee865e:c2, 33ab51e1-850e-4e00-b198-bc2fea023149:c2, 5064e46d-2f39-4360-9715-89395492d4a7:c2]
2019-09-12 01:41:09,410 [grpc-default-executor-3] INFO  client.GrpcClientProtocolClient (GrpcClientProtocolClient.java:onNext(255)) - client-D45794BDE9BB->d649c276-746f-471c-853f-e4f93cee865e: receive RaftClientReply:client-D45794BDE9BB->d649c276-746f-471c-853f-e4f93cee865e@group-675E09E942D8, cid=97, FAILED org.apache.ratis.protocol.NotLeaderException: Server d649c276-746f-471c-853f-e4f93cee865e is not the leader (33ab51e1-850e-4e00-b198-bc2fea023149:192.168.5.171:33951). Request must be sent to leader., logIndex=0, commits[d649c276-746f-471c-853f-e4f93cee865e:c2, 33ab51e1-850e-4e00-b198-bc2fea023149:c2, 5064e46d-2f39-4360-9715-89395492d4a7:c2]
2019-09-12 01:41:10,442 [grpc-default-executor-3] INFO  client.GrpcClientProtocolClient (GrpcClientProtocolClient.java:onNext(255)) - client-D45794BDE9BB->d649c276-746f-471c-853f-e4f93cee865e: receive RaftClientReply:client-D45794BDE9BB->d649c276-746f-471c-853f-e4f93cee865e@group-675E09E942D8, cid=97, FAILED org.apache.ratis.protocol.NotLeaderException: Server d649c276-746f-471c-853f-e4f93cee865e is not the leader (33ab51e1-850e-4e00-b198-bc2fea023149:192.168.5.171:33951). Request must be sent to leader., logIndex=0, commits[d649c276-746f-471c-853f-e4f93cee865e:c2, 33ab51e1-850e-4e00-b198-bc2fea023149:c2, 5064e46d-2f39-4360-9715-89395492d4a7:c2]
2019-09-12 01:41:11,476 [grpc-default-executor-4] INFO  client.GrpcClientProtocolClient (GrpcClientProtocolClient.java:onNext(255)) - client-D45794BDE9BB->5064e46d-2f39-4360-9715-89395492d4a7: receive RaftClientReply:client-D45794BDE9BB->5064e46d-2f39-4360-9715-89395492d4a7@group-675E09E942D8, cid=97, FAILED org.apache.ratis.protocol.NotLeaderException: Server 5064e46d-2f39-4360-9715-89395492d4a7 is not the leader (33ab51e1-850e-4e00-b198-bc2fea023149:192.168.5.171:33951). Request must be sent to leader., logIndex=0, commits[5064e46d-2f39-4360-9715-89395492d4a7:c2, 33ab51e1-850e-4e00-b198-bc2fea023149:c2, d649c276-746f-471c-853f-e4f93cee865e:c2]
2019-09-12 01:41:12,513 [grpc-default-executor-3] INFO  client.GrpcClientProtocolClient (GrpcClientProtocolClient.java:onNext(255)) - client-D45794BDE9BB->d649c276-746f-471c-853f-e4f93cee865e: receive RaftClientReply:client-D45794BDE9BB->d649c276-746f-471c-853f-e4f93cee865e@group-675E09E942D8, cid=97, FAILED org.apache.ratis.protocol.NotLeaderException: Server d649c276-746f-471c-853f-e4f93cee865e is not the leader (33ab51e1-850e-4e00-b198-bc2fea023149:192.168.5.171:33951). Request must be sent to leader., logIndex=0, commits[d649c276-746f-471c-853f-e4f93cee865e:c2, 33ab51e1-850e-4e00-b198-bc2fea023149:c2, 5064e46d-2f39-4360-9715-89395492d4a7:c2]
2019-09-12 01:41:13,548 [grpc-default-executor-2] INFO  client.GrpcClientProtocolClient (GrpcClientProtocolClient.java:onNext(255)) - client-D45794BDE9BB->5064e46d-2f39-4360-9715-89395492d4a7: receive RaftClientReply:client-D45794BDE9BB->5064e46d-2f39-4360-9715-89395492d4a7@group-675E09E942D8, cid=97, FAILED org.apache.ratis.protocol.NotLeaderException: Server 5064e46d-2f39-4360-9715-89395492d4a7 is not the leader (33ab51e1-850e-4e00-b198-bc2fea023149:192.168.5.171:33951). Request must be sent to leader., logIndex=0, commits[5064e46d-2f39-4360-9715-89395492d4a7:c2, 33ab51e1-850e-4e00-b198-bc2fea023149:c2, d649c276-746f-471c-853f-e4f93cee865e:c2]
2019-09-12 01:41:14,587 [grpc-default-executor-3] INFO  client.GrpcClientProtocolClient (GrpcClientProtocolClient.java:onNext(255)) - client-D45794BDE9BB->5064e46d-2f39-4360-9715-89395492d4a7: receive RaftClientReply:client-D45794BDE9BB->5064e46d-2f39-4360-9715-89395492d4a7@group-675E09E942D8, cid=97, FAILED org.apache.ratis.protocol.NotLeaderException: Server 5064e46d-2f39-4360-9715-89395492d4a7 is not the leader (33ab51e1-850e-4e00-b198-bc2fea023149:192.168.5.171:33951). Request must be sent to leader., logIndex=0, commits[5064e46d-2f39-4360-9715-89395492d4a7:c2, 33ab51e1-850e-4e00-b198-bc2fea023149:c2, d649c276-746f-471c-853f-e4f93cee865e:c2]
2019-09-12 01:41:14,967 [Thread-2467] INFO  impl.FollowerState (FollowerState.java:run(106)) - 5064e46d-2f39-4360-9715-89395492d4a7:group-675E09E942D8 changes to CANDIDATE, lastRpcTime:9957, electionTimeout:5087ms
2019-09-12 01:41:14,967 [Thread-2467] INFO  impl.RoleInfo (RoleInfo.java:shutdownFollowerState(121)) - 5064e46d-2f39-4360-9715-89395492d4a7: shutdown FollowerState
2019-09-12 01:41:14,967 [Thread-2467] INFO  impl.RaftServerImpl (RaftServerImpl.java:setRole(171)) - 5064e46d-2f39-4360-9715-89395492d4a7:group-675E09E942D8 changes role from FOLLOWER to CANDIDATE at term 1 for changeToCandidate
2019-09-12 01:41:14,968 [Thread-2467] INFO  impl.RoleInfo (RoleInfo.java:updateAndGet(143)) - 5064e46d-2f39-4360-9715-89395492d4a7: start LeaderElection
2019-09-12 01:41:14,976 [5064e46d-2f39-4360-9715-89395492d4a7:group-675E09E942D8:LeaderElection77] INFO  impl.RaftServerImpl (ServerState.java:setLeader(263)) - 5064e46d-2f39-4360-9715-89395492d4a7:group-675E09E942D8 change Leader from 33ab51e1-850e-4e00-b198-bc2fea023149 to null at term 1 for initElection
2019-09-12 01:41:14,998 [Thread-2466] INFO  impl.FollowerState (FollowerState.java:run(106)) - d649c276-746f-471c-853f-e4f93cee865e:group-675E09E942D8 changes to CANDIDATE, lastRpcTime:9993, electionTimeout:5077ms
2019-09-12 01:41:14,998 [Thread-2466] INFO  impl.RoleInfo (RoleInfo.java:shutdownFollowerState(121)) - d649c276-746f-471c-853f-e4f93cee865e: shutdown FollowerState
2019-09-12 01:41:14,998 [Thread-2466] INFO  impl.RaftServerImpl (RaftServerImpl.java:setRole(171)) - d649c276-746f-471c-853f-e4f93cee865e:group-675E09E942D8 changes role from FOLLOWER to CANDIDATE at term 1 for changeToCandidate
2019-09-12 01:41:14,998 [Thread-2466] INFO  impl.RoleInfo (RoleInfo.java:updateAndGet(143)) - d649c276-746f-471c-853f-e4f93cee865e: start LeaderElection
2019-09-12 01:41:15,004 [d649c276-746f-471c-853f-e4f93cee865e:group-675E09E942D8:LeaderElection78] INFO  impl.RaftServerImpl (ServerState.java:setLeader(263)) - d649c276-746f-471c-853f-e4f93cee865e:group-675E09E942D8 change Leader from 33ab51e1-850e-4e00-b198-bc2fea023149 to null at term 1 for initElection
2019-09-12 01:41:15,010 [5064e46d-2f39-4360-9715-89395492d4a7:group-675E09E942D8:LeaderElection77] INFO  impl.LeaderElection (LeaderElection.java:askForVotes(181)) - 5064e46d-2f39-4360-9715-89395492d4a7:group-675E09E942D8:LeaderElection77: begin an election at term 2 for 0: [33ab51e1-850e-4e00-b198-bc2fea023149:192.168.5.171:33951, 5064e46d-2f39-4360-9715-89395492d4a7:192.168.5.171:38496, d649c276-746f-471c-853f-e4f93cee865e:192.168.5.171:44186], old=null
2019-09-12 01:41:15,013 [5064e46d-2f39-4360-9715-89395492d4a7:group-675E09E942D8:LeaderElection77] INFO  impl.LeaderElection (LogUtils.java:infoOrTrace(149)) - 5064e46d-2f39-4360-9715-89395492d4a7:group-675E09E942D8:LeaderElection77 got exception when requesting votes: {}
java.util.concurrent.ExecutionException: org.apache.ratis.thirdparty.io.grpc.StatusRuntimeException: UNAVAILABLE: io exception
	at java.util.concurrent.FutureTask.report(FutureTask.java:122)
	at java.util.concurrent.FutureTask.get(FutureTask.java:192)
	at org.apache.ratis.server.impl.LeaderElection.waitForResults(LeaderElection.java:262)
	at org.apache.ratis.server.impl.LeaderElection.askForVotes(LeaderElection.java:200)
	at org.apache.ratis.server.impl.LeaderElection.run(LeaderElection.java:130)
	at java.lang.Thread.run(Thread.java:748)
Caused by: org.apache.ratis.thirdparty.io.grpc.StatusRuntimeException: UNAVAILABLE: io exception
	at org.apache.ratis.thirdparty.io.grpc.stub.ClientCalls.toStatusRuntimeException(ClientCalls.java:233)
	at org.apache.ratis.thirdparty.io.grpc.stub.ClientCalls.getUnchecked(ClientCalls.java:214)
	at org.apache.ratis.thirdparty.io.grpc.stub.ClientCalls.blockingUnaryCall(ClientCalls.java:139)
	at org.apache.ratis.proto.grpc.RaftServerProtocolServiceGrpc$RaftServerProtocolServiceBlockingStub.requestVote(RaftServerProtocolServiceGrpc.java:265)
	at org.apache.ratis.grpc.server.GrpcServerProtocolClient.requestVote(GrpcServerProtocolClient.java:83)
	at org.apache.ratis.grpc.server.GrpcService.requestVote(GrpcService.java:195)
	at org.apache.ratis.server.impl.LeaderElection.lambda$submitRequests$1(LeaderElection.java:237)
	at java.util.concurrent.FutureTask.run(FutureTask.java:266)
	at java.util.concurrent.Executors$RunnableAdapter.call(Executors.java:511)
	at java.util.concurrent.FutureTask.run(FutureTask.java:266)
	at java.util.concurrent.ThreadPoolExecutor.runWorker(ThreadPoolExecutor.java:1149)
	at java.util.concurrent.ThreadPoolExecutor$Worker.run(ThreadPoolExecutor.java:624)
	... 1 more
Caused by: org.apache.ratis.thirdparty.io.netty.channel.AbstractChannel$AnnotatedConnectException: Connection refused: /192.168.5.171:33951
	at sun.nio.ch.SocketChannelImpl.checkConnect(Native Method)
	at sun.nio.ch.SocketChannelImpl.finishConnect(SocketChannelImpl.java:717)
	at org.apache.ratis.thirdparty.io.netty.channel.socket.nio.NioSocketChannel.doFinishConnect(NioSocketChannel.java:327)
	at org.apache.ratis.thirdparty.io.netty.channel.nio.AbstractNioChannel$AbstractNioUnsafe.finishConnect(AbstractNioChannel.java:340)
	at org.apache.ratis.thirdparty.io.netty.channel.nio.NioEventLoop.processSelectedKey(NioEventLoop.java:632)
	at org.apache.ratis.thirdparty.io.netty.channel.nio.NioEventLoop.processSelectedKeysOptimized(NioEventLoop.java:579)
	at org.apache.ratis.thirdparty.io.netty.channel.nio.NioEventLoop.processSelectedKeys(NioEventLoop.java:496)
	at org.apache.ratis.thirdparty.io.netty.channel.nio.NioEventLoop.run(NioEventLoop.java:458)
	at org.apache.ratis.thirdparty.io.netty.util.concurrent.SingleThreadEventExecutor$5.run(SingleThreadEventExecutor.java:897)
	at org.apache.ratis.thirdparty.io.netty.util.concurrent.FastThreadLocalRunnable.run(FastThreadLocalRunnable.java:30)
	... 1 more
Caused by: java.net.ConnectException: Connection refused
	... 11 more
2019-09-12 01:41:15,025 [d649c276-746f-471c-853f-e4f93cee865e:group-675E09E942D8:LeaderElection78] INFO  impl.LeaderElection (LeaderElection.java:askForVotes(181)) - d649c276-746f-471c-853f-e4f93cee865e:group-675E09E942D8:LeaderElection78: begin an election at term 2 for 0: [33ab51e1-850e-4e00-b198-bc2fea023149:192.168.5.171:33951, 5064e46d-2f39-4360-9715-89395492d4a7:192.168.5.171:38496, d649c276-746f-471c-853f-e4f93cee865e:192.168.5.171:44186], old=null
2019-09-12 01:41:15,026 [5064e46d-2f39-4360-9715-89395492d4a7:group-675E09E942D8:LeaderElection77] INFO  impl.LeaderElection (LeaderElection.java:logAndReturn(56)) - 5064e46d-2f39-4360-9715-89395492d4a7:group-675E09E942D8:LeaderElection77: Election REJECTED; received 1 response(s) [5064e46d-2f39-4360-9715-89395492d4a7<-d649c276-746f-471c-853f-e4f93cee865e#0:FAIL-t2] and 1 exception(s); 5064e46d-2f39-4360-9715-89395492d4a7:t2, leader=null, voted=5064e46d-2f39-4360-9715-89395492d4a7, raftlog=5064e46d-2f39-4360-9715-89395492d4a7-SegmentedRaftLog:OPENED:c2,f2,i2, conf=0: [33ab51e1-850e-4e00-b198-bc2fea023149:192.168.5.171:33951, 5064e46d-2f39-4360-9715-89395492d4a7:192.168.5.171:38496, d649c276-746f-471c-853f-e4f93cee865e:192.168.5.171:44186], old=null
2019-09-12 01:41:15,026 [5064e46d-2f39-4360-9715-89395492d4a7:group-675E09E942D8:LeaderElection77] INFO  impl.LeaderElection (LogUtils.java:infoOrTrace(149)) -   Exception 0: {}
java.util.concurrent.ExecutionException: org.apache.ratis.thirdparty.io.grpc.StatusRuntimeException: UNAVAILABLE: io exception
	at java.util.concurrent.FutureTask.report(FutureTask.java:122)
	at java.util.concurrent.FutureTask.get(FutureTask.java:192)
	at org.apache.ratis.server.impl.LeaderElection.waitForResults(LeaderElection.java:262)
	at org.apache.ratis.server.impl.LeaderElection.askForVotes(LeaderElection.java:200)
	at org.apache.ratis.server.impl.LeaderElection.run(LeaderElection.java:130)
	at java.lang.Thread.run(Thread.java:748)
Caused by: org.apache.ratis.thirdparty.io.grpc.StatusRuntimeException: UNAVAILABLE: io exception
	at org.apache.ratis.thirdparty.io.grpc.stub.ClientCalls.toStatusRuntimeException(ClientCalls.java:233)
	at org.apache.ratis.thirdparty.io.grpc.stub.ClientCalls.getUnchecked(ClientCalls.java:214)
	at org.apache.ratis.thirdparty.io.grpc.stub.ClientCalls.blockingUnaryCall(ClientCalls.java:139)
	at org.apache.ratis.proto.grpc.RaftServerProtocolServiceGrpc$RaftServerProtocolServiceBlockingStub.requestVote(RaftServerProtocolServiceGrpc.java:265)
	at org.apache.ratis.grpc.server.GrpcServerProtocolClient.requestVote(GrpcServerProtocolClient.java:83)
	at org.apache.ratis.grpc.server.GrpcService.requestVote(GrpcService.java:195)
	at org.apache.ratis.server.impl.LeaderElection.lambda$submitRequests$1(LeaderElection.java:237)
	at java.util.concurrent.FutureTask.run(FutureTask.java:266)
	at java.util.concurrent.Executors$RunnableAdapter.call(Executors.java:511)
	at java.util.concurrent.FutureTask.run(FutureTask.java:266)
	at java.util.concurrent.ThreadPoolExecutor.runWorker(ThreadPoolExecutor.java:1149)
	at java.util.concurrent.ThreadPoolExecutor$Worker.run(ThreadPoolExecutor.java:624)
	... 1 more
Caused by: org.apache.ratis.thirdparty.io.netty.channel.AbstractChannel$AnnotatedConnectException: Connection refused: /192.168.5.171:33951
	at sun.nio.ch.SocketChannelImpl.checkConnect(Native Method)
	at sun.nio.ch.SocketChannelImpl.finishConnect(SocketChannelImpl.java:717)
	at org.apache.ratis.thirdparty.io.netty.channel.socket.nio.NioSocketChannel.doFinishConnect(NioSocketChannel.java:327)
	at org.apache.ratis.thirdparty.io.netty.channel.nio.AbstractNioChannel$AbstractNioUnsafe.finishConnect(AbstractNioChannel.java:340)
	at org.apache.ratis.thirdparty.io.netty.channel.nio.NioEventLoop.processSelectedKey(NioEventLoop.java:632)
	at org.apache.ratis.thirdparty.io.netty.channel.nio.NioEventLoop.processSelectedKeysOptimized(NioEventLoop.java:579)
	at org.apache.ratis.thirdparty.io.netty.channel.nio.NioEventLoop.processSelectedKeys(NioEventLoop.java:496)
	at org.apache.ratis.thirdparty.io.netty.channel.nio.NioEventLoop.run(NioEventLoop.java:458)
	at org.apache.ratis.thirdparty.io.netty.util.concurrent.SingleThreadEventExecutor$5.run(SingleThreadEventExecutor.java:897)
	at org.apache.ratis.thirdparty.io.netty.util.concurrent.FastThreadLocalRunnable.run(FastThreadLocalRunnable.java:30)
	... 1 more
Caused by: java.net.ConnectException: Connection refused
	... 11 more
2019-09-12 01:41:15,026 [5064e46d-2f39-4360-9715-89395492d4a7:group-675E09E942D8:LeaderElection77] INFO  impl.RaftServerImpl (RaftServerImpl.java:setRole(171)) - 5064e46d-2f39-4360-9715-89395492d4a7:group-675E09E942D8 changes role from CANDIDATE to FOLLOWER at term 2 for DISCOVERED_A_NEW_TERM
2019-09-12 01:41:15,026 [5064e46d-2f39-4360-9715-89395492d4a7:group-675E09E942D8:LeaderElection77] INFO  impl.RoleInfo (RoleInfo.java:shutdownLeaderElection(134)) - 5064e46d-2f39-4360-9715-89395492d4a7: shutdown LeaderElection
2019-09-12 01:41:15,026 [5064e46d-2f39-4360-9715-89395492d4a7:group-675E09E942D8:LeaderElection77] INFO  impl.RoleInfo (RoleInfo.java:updateAndGet(143)) - 5064e46d-2f39-4360-9715-89395492d4a7: start FollowerState
2019-09-12 01:41:15,027 [d649c276-746f-471c-853f-e4f93cee865e:group-675E09E942D8:LeaderElection78] INFO  impl.LeaderElection (LogUtils.java:infoOrTrace(149)) - d649c276-746f-471c-853f-e4f93cee865e:group-675E09E942D8:LeaderElection78 got exception when requesting votes: {}
java.util.concurrent.ExecutionException: org.apache.ratis.thirdparty.io.grpc.StatusRuntimeException: UNAVAILABLE: io exception
	at java.util.concurrent.FutureTask.report(FutureTask.java:122)
	at java.util.concurrent.FutureTask.get(FutureTask.java:192)
	at org.apache.ratis.server.impl.LeaderElection.waitForResults(LeaderElection.java:262)
	at org.apache.ratis.server.impl.LeaderElection.askForVotes(LeaderElection.java:200)
	at org.apache.ratis.server.impl.LeaderElection.run(LeaderElection.java:130)
	at java.lang.Thread.run(Thread.java:748)
Caused by: org.apache.ratis.thirdparty.io.grpc.StatusRuntimeException: UNAVAILABLE: io exception
	at org.apache.ratis.thirdparty.io.grpc.stub.ClientCalls.toStatusRuntimeException(ClientCalls.java:233)
	at org.apache.ratis.thirdparty.io.grpc.stub.ClientCalls.getUnchecked(ClientCalls.java:214)
	at org.apache.ratis.thirdparty.io.grpc.stub.ClientCalls.blockingUnaryCall(ClientCalls.java:139)
	at org.apache.ratis.proto.grpc.RaftServerProtocolServiceGrpc$RaftServerProtocolServiceBlockingStub.requestVote(RaftServerProtocolServiceGrpc.java:265)
	at org.apache.ratis.grpc.server.GrpcServerProtocolClient.requestVote(GrpcServerProtocolClient.java:83)
	at org.apache.ratis.grpc.server.GrpcService.requestVote(GrpcService.java:195)
	at org.apache.ratis.server.impl.LeaderElection.lambda$submitRequests$1(LeaderElection.java:237)
	at java.util.concurrent.FutureTask.run(FutureTask.java:266)
	at java.util.concurrent.Executors$RunnableAdapter.call(Executors.java:511)
	at java.util.concurrent.FutureTask.run(FutureTask.java:266)
	at java.util.concurrent.ThreadPoolExecutor.runWorker(ThreadPoolExecutor.java:1149)
	at java.util.concurrent.ThreadPoolExecutor$Worker.run(ThreadPoolExecutor.java:624)
	... 1 more
Caused by: org.apache.ratis.thirdparty.io.netty.channel.AbstractChannel$AnnotatedConnectException: Connection refused: /192.168.5.171:33951
	at sun.nio.ch.SocketChannelImpl.checkConnect(Native Method)
	at sun.nio.ch.SocketChannelImpl.finishConnect(SocketChannelImpl.java:717)
	at org.apache.ratis.thirdparty.io.netty.channel.socket.nio.NioSocketChannel.doFinishConnect(NioSocketChannel.java:327)
	at org.apache.ratis.thirdparty.io.netty.channel.nio.AbstractNioChannel$AbstractNioUnsafe.finishConnect(AbstractNioChannel.java:340)
	at org.apache.ratis.thirdparty.io.netty.channel.nio.NioEventLoop.processSelectedKey(NioEventLoop.java:632)
	at org.apache.ratis.thirdparty.io.netty.channel.nio.NioEventLoop.processSelectedKeysOptimized(NioEventLoop.java:579)
	at org.apache.ratis.thirdparty.io.netty.channel.nio.NioEventLoop.processSelectedKeys(NioEventLoop.java:496)
	at org.apache.ratis.thirdparty.io.netty.channel.nio.NioEventLoop.run(NioEventLoop.java:458)
	at org.apache.ratis.thirdparty.io.netty.util.concurrent.SingleThreadEventExecutor$5.run(SingleThreadEventExecutor.java:897)
	at org.apache.ratis.thirdparty.io.netty.util.concurrent.FastThreadLocalRunnable.run(FastThreadLocalRunnable.java:30)
	... 1 more
Caused by: java.net.ConnectException: Connection refused
	... 11 more
2019-09-12 01:41:15,033 [d649c276-746f-471c-853f-e4f93cee865e:group-675E09E942D8:LeaderElection78] INFO  impl.LeaderElection (LeaderElection.java:logAndReturn(56)) - d649c276-746f-471c-853f-e4f93cee865e:group-675E09E942D8:LeaderElection78: Election REJECTED; received 1 response(s) [d649c276-746f-471c-853f-e4f93cee865e<-5064e46d-2f39-4360-9715-89395492d4a7#0:FAIL-t2] and 1 exception(s); d649c276-746f-471c-853f-e4f93cee865e:t2, leader=null, voted=d649c276-746f-471c-853f-e4f93cee865e, raftlog=d649c276-746f-471c-853f-e4f93cee865e-SegmentedRaftLog:OPENED:c2,f2,i2, conf=0: [33ab51e1-850e-4e00-b198-bc2fea023149:192.168.5.171:33951, 5064e46d-2f39-4360-9715-89395492d4a7:192.168.5.171:38496, d649c276-746f-471c-853f-e4f93cee865e:192.168.5.171:44186], old=null
2019-09-12 01:41:15,033 [d649c276-746f-471c-853f-e4f93cee865e:group-675E09E942D8:LeaderElection78] INFO  impl.LeaderElection (LogUtils.java:infoOrTrace(149)) -   Exception 0: {}
java.util.concurrent.ExecutionException: org.apache.ratis.thirdparty.io.grpc.StatusRuntimeException: UNAVAILABLE: io exception
	at java.util.concurrent.FutureTask.report(FutureTask.java:122)
	at java.util.concurrent.FutureTask.get(FutureTask.java:192)
	at org.apache.ratis.server.impl.LeaderElection.waitForResults(LeaderElection.java:262)
	at org.apache.ratis.server.impl.LeaderElection.askForVotes(LeaderElection.java:200)
	at org.apache.ratis.server.impl.LeaderElection.run(LeaderElection.java:130)
	at java.lang.Thread.run(Thread.java:748)
Caused by: org.apache.ratis.thirdparty.io.grpc.StatusRuntimeException: UNAVAILABLE: io exception
	at org.apache.ratis.thirdparty.io.grpc.stub.ClientCalls.toStatusRuntimeException(ClientCalls.java:233)
	at org.apache.ratis.thirdparty.io.grpc.stub.ClientCalls.getUnchecked(ClientCalls.java:214)
	at org.apache.ratis.thirdparty.io.grpc.stub.ClientCalls.blockingUnaryCall(ClientCalls.java:139)
	at org.apache.ratis.proto.grpc.RaftServerProtocolServiceGrpc$RaftServerProtocolServiceBlockingStub.requestVote(RaftServerProtocolServiceGrpc.java:265)
	at org.apache.ratis.grpc.server.GrpcServerProtocolClient.requestVote(GrpcServerProtocolClient.java:83)
	at org.apache.ratis.grpc.server.GrpcService.requestVote(GrpcService.java:195)
	at org.apache.ratis.server.impl.LeaderElection.lambda$submitRequests$1(LeaderElection.java:237)
	at java.util.concurrent.FutureTask.run(FutureTask.java:266)
	at java.util.concurrent.Executors$RunnableAdapter.call(Executors.java:511)
	at java.util.concurrent.FutureTask.run(FutureTask.java:266)
	at java.util.concurrent.ThreadPoolExecutor.runWorker(ThreadPoolExecutor.java:1149)
	at java.util.concurrent.ThreadPoolExecutor$Worker.run(ThreadPoolExecutor.java:624)
	... 1 more
Caused by: org.apache.ratis.thirdparty.io.netty.channel.AbstractChannel$AnnotatedConnectException: Connection refused: /192.168.5.171:33951
	at sun.nio.ch.SocketChannelImpl.checkConnect(Native Method)
	at sun.nio.ch.SocketChannelImpl.finishConnect(SocketChannelImpl.java:717)
	at org.apache.ratis.thirdparty.io.netty.channel.socket.nio.NioSocketChannel.doFinishConnect(NioSocketChannel.java:327)
	at org.apache.ratis.thirdparty.io.netty.channel.nio.AbstractNioChannel$AbstractNioUnsafe.finishConnect(AbstractNioChannel.java:340)
	at org.apache.ratis.thirdparty.io.netty.channel.nio.NioEventLoop.processSelectedKey(NioEventLoop.java:632)
	at org.apache.ratis.thirdparty.io.netty.channel.nio.NioEventLoop.processSelectedKeysOptimized(NioEventLoop.java:579)
	at org.apache.ratis.thirdparty.io.netty.channel.nio.NioEventLoop.processSelectedKeys(NioEventLoop.java:496)
	at org.apache.ratis.thirdparty.io.netty.channel.nio.NioEventLoop.run(NioEventLoop.java:458)
	at org.apache.ratis.thirdparty.io.netty.util.concurrent.SingleThreadEventExecutor$5.run(SingleThreadEventExecutor.java:897)
	at org.apache.ratis.thirdparty.io.netty.util.concurrent.FastThreadLocalRunnable.run(FastThreadLocalRunnable.java:30)
	... 1 more
Caused by: java.net.ConnectException: Connection refused
	... 11 more
2019-09-12 01:41:15,033 [d649c276-746f-471c-853f-e4f93cee865e:group-675E09E942D8:LeaderElection78] INFO  impl.RaftServerImpl (RaftServerImpl.java:setRole(171)) - d649c276-746f-471c-853f-e4f93cee865e:group-675E09E942D8 changes role from CANDIDATE to FOLLOWER at term 2 for DISCOVERED_A_NEW_TERM
2019-09-12 01:41:15,034 [d649c276-746f-471c-853f-e4f93cee865e:group-675E09E942D8:LeaderElection78] INFO  impl.RoleInfo (RoleInfo.java:shutdownLeaderElection(134)) - d649c276-746f-471c-853f-e4f93cee865e: shutdown LeaderElection
2019-09-12 01:41:15,034 [d649c276-746f-471c-853f-e4f93cee865e:group-675E09E942D8:LeaderElection78] INFO  impl.RoleInfo (RoleInfo.java:updateAndGet(143)) - d649c276-746f-471c-853f-e4f93cee865e: start FollowerState
2019-09-12 01:41:15,625 [grpc-default-executor-2] INFO  client.GrpcClientProtocolClient (GrpcClientProtocolClient.java:onNext(255)) - client-D45794BDE9BB->5064e46d-2f39-4360-9715-89395492d4a7: receive RaftClientReply:client-D45794BDE9BB->5064e46d-2f39-4360-9715-89395492d4a7@group-675E09E942D8, cid=97, FAILED org.apache.ratis.protocol.NotLeaderException: Server 5064e46d-2f39-4360-9715-89395492d4a7 is not the leader (null). Request must be sent to leader., logIndex=0, commits[5064e46d-2f39-4360-9715-89395492d4a7:c2, 33ab51e1-850e-4e00-b198-bc2fea023149:c2, d649c276-746f-471c-853f-e4f93cee865e:c2]
2019-09-12 01:41:16,647 [grpc-default-executor-4] INFO  client.GrpcClientProtocolClient (GrpcClientProtocolClient.java:onNext(255)) - client-D45794BDE9BB->d649c276-746f-471c-853f-e4f93cee865e: receive RaftClientReply:client-D45794BDE9BB->d649c276-746f-471c-853f-e4f93cee865e@group-675E09E942D8, cid=97, FAILED org.apache.ratis.protocol.NotLeaderException: Server d649c276-746f-471c-853f-e4f93cee865e is not the leader (null). Request must be sent to leader., logIndex=0, commits[d649c276-746f-471c-853f-e4f93cee865e:c2, 33ab51e1-850e-4e00-b198-bc2fea023149:c2, 5064e46d-2f39-4360-9715-89395492d4a7:c2]
]]></system-out>
    <system-err><![CDATA[Exception in thread "a21081bf-cd3a-4af0-ac7f-4f85472936c0:group-90CF44FA079A:LeaderElection61" Exception in thread "666c9d7c-114b-4ab1-832f-607879c4ea44:group-90CF44FA079A:LeaderElection62" java.lang.IllegalStateException: ILLEGAL TRANSITION: In 666c9d7c-114b-4ab1-832f-607879c4ea44:group-90CF44FA079A:LeaderElection62, RUNNING -> CLOSED
	at org.apache.ratis.util.Preconditions.assertTrue(Preconditions.java:63)
	at org.apache.ratis.util.LifeCycle$State.validate(LifeCycle.java:123)
	at org.apache.ratis.util.LifeCycle.transition(LifeCycle.java:143)
	at org.apache.ratis.server.impl.LeaderElection.run(LeaderElection.java:154)
	at java.lang.Thread.run(Thread.java:748)
java.lang.IllegalStateException: ILLEGAL TRANSITION: In a21081bf-cd3a-4af0-ac7f-4f85472936c0:group-90CF44FA079A:LeaderElection61, RUNNING -> CLOSED
	at org.apache.ratis.util.Preconditions.assertTrue(Preconditions.java:63)
	at org.apache.ratis.util.LifeCycle$State.validate(LifeCycle.java:123)
	at org.apache.ratis.util.LifeCycle.transition(LifeCycle.java:143)
	at org.apache.ratis.server.impl.LeaderElection.run(LeaderElection.java:154)
	at java.lang.Thread.run(Thread.java:748)
Sep 12, 2019 1:40:54 AM org.apache.ratis.thirdparty.io.grpc.internal.ManagedChannelOrphanWrapper$ManagedChannelReference cleanQueue
SEVERE: *~*~*~ Channel ManagedChannelImpl{logId=1295, target=192.168.5.171:33977} was not shutdown properly!!! ~*~*~*
    Make sure to call shutdown()/shutdownNow() and wait until awaitTermination() returns true.
java.lang.RuntimeException: ManagedChannel allocation site
	at org.apache.ratis.thirdparty.io.grpc.internal.ManagedChannelOrphanWrapper$ManagedChannelReference.<init>(ManagedChannelOrphanWrapper.java:103)
	at org.apache.ratis.thirdparty.io.grpc.internal.ManagedChannelOrphanWrapper.<init>(ManagedChannelOrphanWrapper.java:53)
	at org.apache.ratis.thirdparty.io.grpc.internal.ManagedChannelOrphanWrapper.<init>(ManagedChannelOrphanWrapper.java:44)
	at org.apache.ratis.thirdparty.io.grpc.internal.AbstractManagedChannelImplBuilder.build(AbstractManagedChannelImplBuilder.java:411)
	at org.apache.ratis.grpc.client.GrpcClientProtocolClient.<init>(GrpcClientProtocolClient.java:119)
	at org.apache.ratis.grpc.client.GrpcClientRpc.lambda$new$0(GrpcClientRpc.java:55)
	at org.apache.ratis.util.PeerProxyMap$PeerAndProxy.lambda$getProxy$0(PeerProxyMap.java:61)
	at org.apache.ratis.util.LifeCycle.startAndTransition(LifeCycle.java:202)
	at org.apache.ratis.util.PeerProxyMap$PeerAndProxy.getProxy(PeerProxyMap.java:60)
	at org.apache.ratis.util.PeerProxyMap.getProxy(PeerProxyMap.java:107)
	at org.apache.ratis.grpc.client.GrpcClientRpc.sendRequestAsyncUnordered(GrpcClientRpc.java:78)
	at org.apache.ratis.client.impl.UnorderedAsync.sendRequestWithRetry(UnorderedAsync.java:75)
	at org.apache.ratis.client.impl.UnorderedAsync.lambda$null$2(UnorderedAsync.java:120)
	at org.apache.ratis.util.TimeoutScheduler.lambda$onTimeout$0(TimeoutScheduler.java:85)
	at org.apache.ratis.util.TimeoutScheduler.lambda$onTimeout$1(TimeoutScheduler.java:104)
	at org.apache.ratis.util.LogUtils.runAndLog(LogUtils.java:50)
	at org.apache.ratis.util.LogUtils$1.run(LogUtils.java:91)
	at java.util.concurrent.Executors$RunnableAdapter.call(Executors.java:511)
	at java.util.concurrent.FutureTask.run(FutureTask.java:266)
	at java.util.concurrent.ScheduledThreadPoolExecutor$ScheduledFutureTask.access$201(ScheduledThreadPoolExecutor.java:180)
	at java.util.concurrent.ScheduledThreadPoolExecutor$ScheduledFutureTask.run(ScheduledThreadPoolExecutor.java:293)
	at java.util.concurrent.ThreadPoolExecutor.runWorker(ThreadPoolExecutor.java:1149)
	at java.util.concurrent.ThreadPoolExecutor$Worker.run(ThreadPoolExecutor.java:624)
	at java.lang.Thread.run(Thread.java:748)

Sep 12, 2019 1:40:54 AM org.apache.ratis.thirdparty.io.grpc.internal.ManagedChannelOrphanWrapper$ManagedChannelReference cleanQueue
SEVERE: *~*~*~ Channel ManagedChannelImpl{logId=1465, target=192.168.5.171:46822} was not shutdown properly!!! ~*~*~*
    Make sure to call shutdown()/shutdownNow() and wait until awaitTermination() returns true.
java.lang.RuntimeException: ManagedChannel allocation site
	at org.apache.ratis.thirdparty.io.grpc.internal.ManagedChannelOrphanWrapper$ManagedChannelReference.<init>(ManagedChannelOrphanWrapper.java:103)
	at org.apache.ratis.thirdparty.io.grpc.internal.ManagedChannelOrphanWrapper.<init>(ManagedChannelOrphanWrapper.java:53)
	at org.apache.ratis.thirdparty.io.grpc.internal.ManagedChannelOrphanWrapper.<init>(ManagedChannelOrphanWrapper.java:44)
	at org.apache.ratis.thirdparty.io.grpc.internal.AbstractManagedChannelImplBuilder.build(AbstractManagedChannelImplBuilder.java:411)
	at org.apache.ratis.grpc.client.GrpcClientProtocolClient.<init>(GrpcClientProtocolClient.java:119)
	at org.apache.ratis.grpc.client.GrpcClientRpc.lambda$new$0(GrpcClientRpc.java:55)
	at org.apache.ratis.util.PeerProxyMap$PeerAndProxy.lambda$getProxy$0(PeerProxyMap.java:61)
	at org.apache.ratis.util.LifeCycle.startAndTransition(LifeCycle.java:202)
	at org.apache.ratis.util.PeerProxyMap$PeerAndProxy.getProxy(PeerProxyMap.java:60)
	at org.apache.ratis.util.PeerProxyMap.getProxy(PeerProxyMap.java:107)
	at org.apache.ratis.grpc.client.GrpcClientRpc.sendRequestAsync(GrpcClientRpc.java:66)
	at org.apache.ratis.client.impl.OrderedAsync.sendRequest(OrderedAsync.java:208)
	at org.apache.ratis.client.impl.OrderedAsync.sendRequestWithRetry(OrderedAsync.java:169)
	at org.apache.ratis.util.SlidingWindow$Client.sendOrDelayRequest(SlidingWindow.java:278)
	at org.apache.ratis.util.SlidingWindow$Client.retry(SlidingWindow.java:294)
	at org.apache.ratis.client.impl.OrderedAsync.lambda$scheduleWithTimeout$7(OrderedAsync.java:195)
	at org.apache.ratis.util.TimeoutScheduler.lambda$onTimeout$0(TimeoutScheduler.java:85)
	at org.apache.ratis.util.TimeoutScheduler.lambda$onTimeout$1(TimeoutScheduler.java:104)
	at org.apache.ratis.util.LogUtils.runAndLog(LogUtils.java:50)
	at org.apache.ratis.util.LogUtils$1.run(LogUtils.java:91)
	at java.util.concurrent.Executors$RunnableAdapter.call(Executors.java:511)
	at java.util.concurrent.FutureTask.run(FutureTask.java:266)
	at java.util.concurrent.ScheduledThreadPoolExecutor$ScheduledFutureTask.access$201(ScheduledThreadPoolExecutor.java:180)
	at java.util.concurrent.ScheduledThreadPoolExecutor$ScheduledFutureTask.run(ScheduledThreadPoolExecutor.java:293)
	at java.util.concurrent.ThreadPoolExecutor.runWorker(ThreadPoolExecutor.java:1149)
	at java.util.concurrent.ThreadPoolExecutor$Worker.run(ThreadPoolExecutor.java:624)
	at java.lang.Thread.run(Thread.java:748)

]]></system-err>
  </testcase>
</testsuite>