<?xml version="1.0" encoding="UTF-8"?>
<testsuite xmlns:xsi="http://www.w3.org/2001/XMLSchema-instance" xsi:noNamespaceSchemaLocation="https://maven.apache.org/surefire/maven-surefire-plugin/xsd/surefire-test-report.xsd" name="org.apache.hadoop.ozone.client.rpc.TestOzoneClientRetriesOnException" time="397.424" tests="2" errors="1" skipped="0" failures="0">
  <properties>
    <property name="awt.toolkit" value="sun.awt.X11.XToolkit"/>
    <property name="file.encoding.pkg" value="sun.io"/>
    <property name="java.specification.version" value="1.8"/>
    <property name="sun.cpu.isalist" value=""/>
    <property name="sun.jnu.encoding" value="UTF-8"/>
    <property name="java.class.path" value="/workdir/hadoop-ozone/integration-test/target/test-classes:/workdir/hadoop-ozone/integration-test/target/classes:/home/user/.m2/repository/org/apache/hadoop/hadoop-ozone-common/0.5.0-SNAPSHOT/hadoop-ozone-common-0.5.0-SNAPSHOT.jar:/home/user/.m2/repository/org/apache/commons/commons-compress/1.4.1/commons-compress-1.4.1.jar:/home/user/.m2/repository/org/tukaani/xz/1.0/xz-1.0.jar:/home/user/.m2/repository/org/apache/hadoop/hadoop-common/3.2.0/hadoop-common-3.2.0.jar:/home/user/.m2/repository/org/apache/hadoop/hadoop-hdfs/3.2.0/hadoop-hdfs-3.2.0.jar:/home/user/.m2/repository/org/apache/hadoop/hadoop-hdfs-client/3.2.0/hadoop-hdfs-client-3.2.0.jar:/home/user/.m2/repository/com/fasterxml/jackson/core/jackson-annotations/2.9.5/jackson-annotations-2.9.5.jar:/home/user/.m2/repository/org/apache/hadoop/hadoop-hdds-common/0.5.0-SNAPSHOT/hadoop-hdds-common-0.5.0-SNAPSHOT.jar:/home/user/.m2/repository/javax/annotation/javax.annotation-api/1.2/javax.annotation-api-1.2.jar:/home/user/.m2/repository/org/apache/ratis/ratis-server/0.4.0-2337318-SNAPSHOT/ratis-server-0.4.0-2337318-SNAPSHOT.jar:/home/user/.m2/repository/org/apache/ratis/ratis-thirdparty-misc/0.2.0/ratis-thirdparty-misc-0.2.0.jar:/home/user/.m2/repository/org/apache/ratis/ratis-proto/0.4.0-2337318-SNAPSHOT/ratis-proto-0.4.0-2337318-SNAPSHOT.jar:/home/user/.m2/repository/org/apache/ratis/ratis-common/0.4.0-2337318-SNAPSHOT/ratis-common-0.4.0-2337318-SNAPSHOT.jar:/home/user/.m2/repository/org/apache/ratis/ratis-client/0.4.0-2337318-SNAPSHOT/ratis-client-0.4.0-2337318-SNAPSHOT.jar:/home/user/.m2/repository/org/apache/ratis/ratis-metrics/0.4.0-2337318-SNAPSHOT/ratis-metrics-0.4.0-2337318-SNAPSHOT.jar:/home/user/.m2/repository/org/apache/ratis/ratis-netty/0.4.0-2337318-SNAPSHOT/ratis-netty-0.4.0-2337318-SNAPSHOT.jar:/home/user/.m2/repository/org/apache/ratis/ratis-grpc/0.4.0-2337318-SNAPSHOT/ratis-grpc-0.4.0-2337318-SNAPSHOT.jar:/home/user/.m2/repository/org/rocksdb/rocksdbjni/6.0.1/rocksdbjni-6.0.1.jar:/home/user/.m2/repository/org/apache/logging/log4j/log4j-api/2.11.0/log4j-api-2.11.0.jar:/home/user/.m2/repository/org/apache/logging/log4j/log4j-core/2.11.0/log4j-core-2.11.0.jar:/home/user/.m2/repository/com/lmax/disruptor/3.4.2/disruptor-3.4.2.jar:/home/user/.m2/repository/org/apache/commons/commons-pool2/2.6.0/commons-pool2-2.6.0.jar:/home/user/.m2/repository/org/bouncycastle/bcpkix-jdk15on/1.60/bcpkix-jdk15on-1.60.jar:/home/user/.m2/repository/commons-validator/commons-validator/1.6/commons-validator-1.6.jar:/home/user/.m2/repository/commons-digester/commons-digester/1.8.1/commons-digester-1.8.1.jar:/home/user/.m2/repository/io/jaegertracing/jaeger-client/0.33.1/jaeger-client-0.33.1.jar:/home/user/.m2/repository/io/jaegertracing/jaeger-thrift/0.33.1/jaeger-thrift-0.33.1.jar:/home/user/.m2/repository/org/apache/thrift/libthrift/0.11.0/libthrift-0.11.0.jar:/home/user/.m2/repository/com/squareup/okhttp3/okhttp/3.9.0/okhttp-3.9.0.jar:/home/user/.m2/repository/com/squareup/okio/okio/1.13.0/okio-1.13.0.jar:/home/user/.m2/repository/io/jaegertracing/jaeger-core/0.33.1/jaeger-core-0.33.1.jar:/home/user/.m2/repository/io/jaegertracing/jaeger-tracerresolver/0.33.1/jaeger-tracerresolver-0.33.1.jar:/home/user/.m2/repository/io/opentracing/contrib/opentracing-tracerresolver/0.1.5/opentracing-tracerresolver-0.1.5.jar:/home/user/.m2/repository/io/opentracing/opentracing-util/0.31.0/opentracing-util-0.31.0.jar:/home/user/.m2/repository/io/opentracing/opentracing-api/0.31.0/opentracing-api-0.31.0.jar:/home/user/.m2/repository/io/opentracing/opentracing-noop/0.31.0/opentracing-noop-0.31.0.jar:/home/user/.m2/repository/org/apache/hadoop/hadoop-hdds-server-framework/0.5.0-SNAPSHOT/hadoop-hdds-server-framework-0.5.0-SNAPSHOT.jar:/home/user/.m2/repository/org/apache/hadoop/hadoop-hdds-container-service/0.5.0-SNAPSHOT/hadoop-hdds-container-service-0.5.0-SNAPSHOT.jar:/home/user/.m2/repository/org/apache/hadoop/hadoop-hdds-client/0.5.0-SNAPSHOT/hadoop-hdds-client-0.5.0-SNAPSHOT.jar:/home/user/.m2/repository/org/apache/hadoop/hadoop-hdds-tools/0.5.0-SNAPSHOT/hadoop-hdds-tools-0.5.0-SNAPSHOT.jar:/home/user/.m2/repository/org/apache/hadoop/hadoop-hdds-server-scm/0.5.0-SNAPSHOT/hadoop-hdds-server-scm-0.5.0-SNAPSHOT.jar:/home/user/.m2/repository/org/apache/hadoop/hadoop-hdds-docs/0.5.0-SNAPSHOT/hadoop-hdds-docs-0.5.0-SNAPSHOT.jar:/home/user/.m2/repository/io/dropwizard/metrics/metrics-core/3.2.4/metrics-core-3.2.4.jar:/home/user/.m2/repository/org/hamcrest/hamcrest-all/1.3/hamcrest-all-1.3.jar:/home/user/.m2/repository/org/bouncycastle/bcprov-jdk15on/1.60/bcprov-jdk15on-1.60.jar:/home/user/.m2/repository/info/picocli/picocli/3.9.6/picocli-3.9.6.jar:/home/user/.m2/repository/com/google/protobuf/protobuf-java/2.5.0/protobuf-java-2.5.0.jar:/home/user/.m2/repository/com/google/guava/guava/11.0.2/guava-11.0.2.jar:/home/user/.m2/repository/org/apache/hadoop/hadoop-ozone-ozone-manager/0.5.0-SNAPSHOT/hadoop-ozone-ozone-manager-0.5.0-SNAPSHOT.jar:/home/user/.m2/repository/org/apache/hadoop/hadoop-minikdc/3.2.0/hadoop-minikdc-3.2.0.jar:/home/user/.m2/repository/commons-io/commons-io/2.5/commons-io-2.5.jar:/home/user/.m2/repository/org/apache/kerby/kerb-simplekdc/1.0.1/kerb-simplekdc-1.0.1.jar:/home/user/.m2/repository/org/apache/kerby/kerb-client/1.0.1/kerb-client-1.0.1.jar:/home/user/.m2/repository/org/apache/kerby/kerby-config/1.0.1/kerby-config-1.0.1.jar:/home/user/.m2/repository/org/apache/kerby/kerb-core/1.0.1/kerb-core-1.0.1.jar:/home/user/.m2/repository/org/apache/kerby/kerby-pkix/1.0.1/kerby-pkix-1.0.1.jar:/home/user/.m2/repository/org/apache/kerby/kerby-asn1/1.0.1/kerby-asn1-1.0.1.jar:/home/user/.m2/repository/org/apache/kerby/kerby-util/1.0.1/kerby-util-1.0.1.jar:/home/user/.m2/repository/org/apache/kerby/kerb-common/1.0.1/kerb-common-1.0.1.jar:/home/user/.m2/repository/org/apache/kerby/kerb-crypto/1.0.1/kerb-crypto-1.0.1.jar:/home/user/.m2/repository/org/apache/kerby/kerb-util/1.0.1/kerb-util-1.0.1.jar:/home/user/.m2/repository/org/apache/kerby/token-provider/1.0.1/token-provider-1.0.1.jar:/home/user/.m2/repository/org/apache/kerby/kerb-admin/1.0.1/kerb-admin-1.0.1.jar:/home/user/.m2/repository/org/apache/kerby/kerb-server/1.0.1/kerb-server-1.0.1.jar:/home/user/.m2/repository/org/apache/kerby/kerb-identity/1.0.1/kerb-identity-1.0.1.jar:/home/user/.m2/repository/org/apache/kerby/kerby-xdr/1.0.1/kerby-xdr-1.0.1.jar:/home/user/.m2/repository/org/slf4j/slf4j-log4j12/1.7.25/slf4j-log4j12-1.7.25.jar:/home/user/.m2/repository/org/apache/hadoop/hadoop-ozone-s3gateway/0.5.0-SNAPSHOT/hadoop-ozone-s3gateway-0.5.0-SNAPSHOT.jar:/home/user/.m2/repository/org/jboss/weld/servlet/weld-servlet/2.4.7.Final/weld-servlet-2.4.7.Final.jar:/home/user/.m2/repository/org/glassfish/jersey/containers/jersey-container-servlet-core/2.27/jersey-container-servlet-core-2.27.jar:/home/user/.m2/repository/org/glassfish/hk2/external/javax.inject/2.5.0-b42/javax.inject-2.5.0-b42.jar:/home/user/.m2/repository/org/glassfish/jersey/core/jersey-common/2.27/jersey-common-2.27.jar:/home/user/.m2/repository/org/glassfish/hk2/osgi-resource-locator/1.0.1/osgi-resource-locator-1.0.1.jar:/home/user/.m2/repository/javax/ws/rs/javax.ws.rs-api/2.1/javax.ws.rs-api-2.1.jar:/home/user/.m2/repository/org/glassfish/jersey/ext/cdi/jersey-cdi1x/2.27/jersey-cdi1x-2.27.jar:/home/user/.m2/repository/org/glassfish/jersey/inject/jersey-hk2/2.27/jersey-hk2-2.27.jar:/home/user/.m2/repository/org/glassfish/hk2/hk2-locator/2.5.0-b42/hk2-locator-2.5.0-b42.jar:/home/user/.m2/repository/org/javassist/javassist/3.22.0-CR2/javassist-3.22.0-CR2.jar:/home/user/.m2/repository/org/glassfish/hk2/hk2-api/2.5.0/hk2-api-2.5.0.jar:/home/user/.m2/repository/org/glassfish/hk2/external/jakarta.inject/2.5.0/jakarta.inject-2.5.0.jar:/home/user/.m2/repository/org/glassfish/hk2/hk2-utils/2.5.0/hk2-utils-2.5.0.jar:/home/user/.m2/repository/jakarta/annotation/jakarta.annotation-api/1.3.4/jakarta.annotation-api-1.3.4.jar:/home/user/.m2/repository/org/glassfish/hk2/external/aopalliance-repackaged/2.5.0/aopalliance-repackaged-2.5.0.jar:/home/user/.m2/repository/com/fasterxml/jackson/dataformat/jackson-dataformat-xml/2.9.0/jackson-dataformat-xml-2.9.0.jar:/home/user/.m2/repository/com/fasterxml/jackson/core/jackson-core/2.9.5/jackson-core-2.9.5.jar:/home/user/.m2/repository/com/fasterxml/jackson/module/jackson-module-jaxb-annotations/2.9.5/jackson-module-jaxb-annotations-2.9.5.jar:/home/user/.m2/repository/javax/enterprise/cdi-api/1.2/cdi-api-1.2.jar:/home/user/.m2/repository/javax/el/javax.el-api/3.0.0/javax.el-api-3.0.0.jar:/home/user/.m2/repository/javax/interceptor/javax.interceptor-api/1.2/javax.interceptor-api-1.2.jar:/home/user/.m2/repository/javax/inject/javax.inject/1/javax.inject-1.jar:/home/user/.m2/repository/com/sun/xml/bind/jaxb-impl/2.3.0.1/jaxb-impl-2.3.0.1.jar:/home/user/.m2/repository/com/sun/xml/bind/jaxb-core/2.3.0.1/jaxb-core-2.3.0.1.jar:/home/user/.m2/repository/javax/xml/bind/jaxb-api/2.3.0/jaxb-api-2.3.0.jar:/home/user/.m2/repository/javax/activation/activation/1.1.1/activation-1.1.1.jar:/home/user/.m2/repository/org/apache/hadoop/hadoop-ozone-csi/0.5.0-SNAPSHOT/hadoop-ozone-csi-0.5.0-SNAPSHOT.jar:/home/user/.m2/repository/com/google/protobuf/protobuf-java-util/3.5.1/protobuf-java-util-3.5.1.jar:/home/user/.m2/repository/org/apache/hadoop/hadoop-hdds-config/0.5.0-SNAPSHOT/hadoop-hdds-config-0.5.0-SNAPSHOT.jar:/home/user/.m2/repository/io/grpc/grpc-netty/1.17.1/grpc-netty-1.17.1.jar:/home/user/.m2/repository/io/grpc/grpc-core/1.17.1/grpc-core-1.17.1.jar:/home/user/.m2/repository/io/grpc/grpc-context/1.17.1/grpc-context-1.17.1.jar:/home/user/.m2/repository/com/google/errorprone/error_prone_annotations/2.2.0/error_prone_annotations-2.2.0.jar:/home/user/.m2/repository/org/codehaus/mojo/animal-sniffer-annotations/1.17/animal-sniffer-annotations-1.17.jar:/home/user/.m2/repository/io/opencensus/opencensus-api/0.17.0/opencensus-api-0.17.0.jar:/home/user/.m2/repository/io/opencensus/opencensus-contrib-grpc-metrics/0.17.0/opencensus-contrib-grpc-metrics-0.17.0.jar:/home/user/.m2/repository/io/netty/netty-codec-http2/4.1.30.Final/netty-codec-http2-4.1.30.Final.jar:/home/user/.m2/repository/io/netty/netty-codec-http/4.1.30.Final/netty-codec-http-4.1.30.Final.jar:/home/user/.m2/repository/io/netty/netty-codec/4.1.30.Final/netty-codec-4.1.30.Final.jar:/home/user/.m2/repository/io/netty/netty-handler/4.1.30.Final/netty-handler-4.1.30.Final.jar:/home/user/.m2/repository/io/netty/netty-handler-proxy/4.1.30.Final/netty-handler-proxy-4.1.30.Final.jar:/home/user/.m2/repository/io/netty/netty-codec-socks/4.1.30.Final/netty-codec-socks-4.1.30.Final.jar:/home/user/.m2/repository/io/netty/netty-transport-native-epoll/4.1.30.Final/netty-transport-native-epoll-4.1.30.Final.jar:/home/user/.m2/repository/io/netty/netty-common/4.1.30.Final/netty-common-4.1.30.Final.jar:/home/user/.m2/repository/io/netty/netty-buffer/4.1.30.Final/netty-buffer-4.1.30.Final.jar:/home/user/.m2/repository/io/netty/netty-transport/4.1.30.Final/netty-transport-4.1.30.Final.jar:/home/user/.m2/repository/io/netty/netty-resolver/4.1.30.Final/netty-resolver-4.1.30.Final.jar:/home/user/.m2/repository/io/netty/netty-transport-native-unix-common/4.1.30.Final/netty-transport-native-unix-common-4.1.30.Final.jar:/home/user/.m2/repository/io/grpc/grpc-protobuf/1.17.1/grpc-protobuf-1.17.1.jar:/home/user/.m2/repository/com/google/api/grpc/proto-google-common-protos/1.0.0/proto-google-common-protos-1.0.0.jar:/home/user/.m2/repository/io/grpc/grpc-protobuf-lite/1.17.1/grpc-protobuf-lite-1.17.1.jar:/home/user/.m2/repository/io/grpc/grpc-stub/1.17.1/grpc-stub-1.17.1.jar:/home/user/.m2/repository/org/apache/hadoop/hadoop-ozone-recon/0.5.0-SNAPSHOT/hadoop-ozone-recon-0.5.0-SNAPSHOT.jar:/home/user/.m2/repository/org/apache/hadoop/hadoop-ozone-reconcodegen/0.5.0-SNAPSHOT/hadoop-ozone-reconcodegen-0.5.0-SNAPSHOT.jar:/home/user/.m2/repository/com/google/inject/extensions/guice-multibindings/4.0/guice-multibindings-4.0.jar:/home/user/.m2/repository/com/google/inject/guice/4.0/guice-4.0.jar:/home/user/.m2/repository/aopalliance/aopalliance/1.0/aopalliance-1.0.jar:/home/user/.m2/repository/com/google/inject/extensions/guice-servlet/4.0/guice-servlet-4.0.jar:/home/user/.m2/repository/org/glassfish/jersey/containers/jersey-container-servlet/2.27/jersey-container-servlet-2.27.jar:/home/user/.m2/repository/org/glassfish/hk2/guice-bridge/2.5.0/guice-bridge-2.5.0.jar:/home/user/.m2/repository/org/glassfish/jersey/core/jersey-server/2.27/jersey-server-2.27.jar:/home/user/.m2/repository/org/glassfish/jersey/core/jersey-client/2.27/jersey-client-2.27.jar:/home/user/.m2/repository/org/glassfish/jersey/media/jersey-media-jaxb/2.27/jersey-media-jaxb-2.27.jar:/home/user/.m2/repository/javax/validation/validation-api/1.1.0.Final/validation-api-1.1.0.Final.jar:/home/user/.m2/repository/org/glassfish/jersey/media/jersey-media-json-jackson/2.27/jersey-media-json-jackson-2.27.jar:/home/user/.m2/repository/org/glassfish/jersey/ext/jersey-entity-filtering/2.27/jersey-entity-filtering-2.27.jar:/home/user/.m2/repository/com/google/inject/extensions/guice-assistedinject/4.0/guice-assistedinject-4.0.jar:/home/user/.m2/repository/org/jooq/jooq/3.11.10/jooq-3.11.10.jar:/home/user/.m2/repository/org/jooq/jooq-meta/3.11.10/jooq-meta-3.11.10.jar:/home/user/.m2/repository/org/jooq/jooq-codegen/3.11.10/jooq-codegen-3.11.10.jar:/home/user/.m2/repository/com/jolbox/bonecp/0.8.0.RELEASE/bonecp-0.8.0.RELEASE.jar:/home/user/.m2/repository/org/xerial/sqlite-jdbc/3.25.2/sqlite-jdbc-3.25.2.jar:/home/user/.m2/repository/org/springframework/spring-jdbc/5.1.3.RELEASE/spring-jdbc-5.1.3.RELEASE.jar:/home/user/.m2/repository/org/springframework/spring-beans/5.1.3.RELEASE/spring-beans-5.1.3.RELEASE.jar:/home/user/.m2/repository/org/springframework/spring-core/5.1.3.RELEASE/spring-core-5.1.3.RELEASE.jar:/home/user/.m2/repository/org/springframework/spring-jcl/5.1.3.RELEASE/spring-jcl-5.1.3.RELEASE.jar:/home/user/.m2/repository/org/springframework/spring-tx/5.1.3.RELEASE/spring-tx-5.1.3.RELEASE.jar:/home/user/.m2/repository/org/apache/hadoop/hadoop-ozone-client/0.5.0-SNAPSHOT/hadoop-ozone-client-0.5.0-SNAPSHOT.jar:/home/user/.m2/repository/commons-lang/commons-lang/2.6/commons-lang-2.6.jar:/home/user/.m2/repository/org/apache/hadoop/hadoop-ozone-ozone-manager/0.5.0-SNAPSHOT/hadoop-ozone-ozone-manager-0.5.0-SNAPSHOT-tests.jar:/home/user/.m2/repository/junit/junit/4.11/junit-4.11.jar:/home/user/.m2/repository/org/hamcrest/hamcrest-core/1.3/hamcrest-core-1.3.jar:/home/user/.m2/repository/org/openjdk/jmh/jmh-core/1.19/jmh-core-1.19.jar:/home/user/.m2/repository/net/sf/jopt-simple/jopt-simple/4.6/jopt-simple-4.6.jar:/home/user/.m2/repository/org/apache/commons/commons-math3/3.1.1/commons-math3-3.1.1.jar:/home/user/.m2/repository/org/openjdk/jmh/jmh-generator-annprocess/1.19/jmh-generator-annprocess-1.19.jar:/home/user/.m2/repository/org/mockito/mockito-all/1.8.5/mockito-all-1.8.5.jar:/home/user/.m2/repository/org/apache/hadoop/hadoop-kms/3.2.0/hadoop-kms-3.2.0.jar:/home/user/.m2/repository/org/apache/hadoop/hadoop-auth/3.2.0/hadoop-auth-3.2.0.jar:/home/user/.m2/repository/com/nimbusds/nimbus-jose-jwt/4.41.1/nimbus-jose-jwt-4.41.1.jar:/home/user/.m2/repository/com/github/stephenc/jcip/jcip-annotations/1.0-1/jcip-annotations-1.0-1.jar:/home/user/.m2/repository/net/minidev/json-smart/2.3/json-smart-2.3.jar:/home/user/.m2/repository/net/minidev/accessors-smart/1.2/accessors-smart-1.2.jar:/home/user/.m2/repository/org/ow2/asm/asm/5.0.4/asm-5.0.4.jar:/home/user/.m2/repository/org/apache/curator/curator-framework/2.12.0/curator-framework-2.12.0.jar:/home/user/.m2/repository/com/sun/jersey/jersey-core/1.19/jersey-core-1.19.jar:/home/user/.m2/repository/javax/ws/rs/jsr311-api/1.1.1/jsr311-api-1.1.1.jar:/home/user/.m2/repository/com/sun/jersey/jersey-server/1.19/jersey-server-1.19.jar:/home/user/.m2/repository/javax/servlet/javax.servlet-api/3.1.0/javax.servlet-api-3.1.0.jar:/home/user/.m2/repository/org/eclipse/jetty/jetty-server/9.3.24.v20180605/jetty-server-9.3.24.v20180605.jar:/home/user/.m2/repository/org/eclipse/jetty/jetty-http/9.3.24.v20180605/jetty-http-9.3.24.v20180605.jar:/home/user/.m2/repository/org/eclipse/jetty/jetty-io/9.3.24.v20180605/jetty-io-9.3.24.v20180605.jar:/home/user/.m2/repository/org/eclipse/jetty/jetty-webapp/9.3.24.v20180605/jetty-webapp-9.3.24.v20180605.jar:/home/user/.m2/repository/org/eclipse/jetty/jetty-xml/9.3.24.v20180605/jetty-xml-9.3.24.v20180605.jar:/home/user/.m2/repository/log4j/log4j/1.2.17/log4j-1.2.17.jar:/home/user/.m2/repository/org/slf4j/slf4j-api/1.7.25/slf4j-api-1.7.25.jar:/home/user/.m2/repository/org/slf4j/jul-to-slf4j/1.7.25/jul-to-slf4j-1.7.25.jar:/home/user/.m2/repository/org/eclipse/jetty/jetty-util/9.3.24.v20180605/jetty-util-9.3.24.v20180605.jar:/home/user/.m2/repository/com/fasterxml/jackson/core/jackson-databind/2.9.5/jackson-databind-2.9.5.jar:/home/user/.m2/repository/org/apache/hadoop/hadoop-kms/3.2.0/hadoop-kms-3.2.0-tests.jar:/home/user/.m2/repository/org/apache/hadoop/hadoop-hdds-server-scm/0.5.0-SNAPSHOT/hadoop-hdds-server-scm-0.5.0-SNAPSHOT-tests.jar:/home/user/.m2/repository/org/apache/hadoop/hadoop-hdds-container-service/0.5.0-SNAPSHOT/hadoop-hdds-container-service-0.5.0-SNAPSHOT-tests.jar:/home/user/.m2/repository/org/yaml/snakeyaml/1.16/snakeyaml-1.16.jar:/home/user/.m2/repository/org/apache/hadoop/hadoop-common/3.2.0/hadoop-common-3.2.0-tests.jar:/home/user/.m2/repository/org/apache/hadoop/hadoop-annotations/3.2.0/hadoop-annotations-3.2.0.jar:/usr/lib/jvm/java-1.8-openjdk/jre/../lib/tools.jar:/home/user/.m2/repository/commons-cli/commons-cli/1.2/commons-cli-1.2.jar:/home/user/.m2/repository/org/apache/httpcomponents/httpclient/4.5.2/httpclient-4.5.2.jar:/home/user/.m2/repository/org/apache/httpcomponents/httpcore/4.4.4/httpcore-4.4.4.jar:/home/user/.m2/repository/commons-codec/commons-codec/1.11/commons-codec-1.11.jar:/home/user/.m2/repository/commons-net/commons-net/3.6/commons-net-3.6.jar:/home/user/.m2/repository/commons-collections/commons-collections/3.2.2/commons-collections-3.2.2.jar:/home/user/.m2/repository/org/eclipse/jetty/jetty-servlet/9.3.24.v20180605/jetty-servlet-9.3.24.v20180605.jar:/home/user/.m2/repository/org/eclipse/jetty/jetty-security/9.3.24.v20180605/jetty-security-9.3.24.v20180605.jar:/home/user/.m2/repository/javax/servlet/jsp/jsp-api/2.1/jsp-api-2.1.jar:/home/user/.m2/repository/com/sun/jersey/jersey-servlet/1.19/jersey-servlet-1.19.jar:/home/user/.m2/repository/com/sun/jersey/jersey-json/1.19/jersey-json-1.19.jar:/home/user/.m2/repository/org/codehaus/jettison/jettison/1.1/jettison-1.1.jar:/home/user/.m2/repository/org/codehaus/jackson/jackson-core-asl/1.9.13/jackson-core-asl-1.9.13.jar:/home/user/.m2/repository/org/codehaus/jackson/jackson-mapper-asl/1.9.13/jackson-mapper-asl-1.9.13.jar:/home/user/.m2/repository/org/codehaus/jackson/jackson-jaxrs/1.9.13/jackson-jaxrs-1.9.13.jar:/home/user/.m2/repository/org/codehaus/jackson/jackson-xc/1.9.13/jackson-xc-1.9.13.jar:/home/user/.m2/repository/commons-logging/commons-logging/1.1.3/commons-logging-1.1.3.jar:/home/user/.m2/repository/commons-beanutils/commons-beanutils/1.9.3/commons-beanutils-1.9.3.jar:/home/user/.m2/repository/org/apache/commons/commons-configuration2/2.1.1/commons-configuration2-2.1.1.jar:/home/user/.m2/repository/org/apache/commons/commons-lang3/3.7/commons-lang3-3.7.jar:/home/user/.m2/repository/org/apache/commons/commons-text/1.4/commons-text-1.4.jar:/home/user/.m2/repository/org/apache/avro/avro/1.7.7/avro-1.7.7.jar:/home/user/.m2/repository/com/thoughtworks/paranamer/paranamer/2.3/paranamer-2.3.jar:/home/user/.m2/repository/org/xerial/snappy/snappy-java/1.0.5/snappy-java-1.0.5.jar:/home/user/.m2/repository/com/google/re2j/re2j/1.1/re2j-1.1.jar:/home/user/.m2/repository/com/google/code/gson/gson/2.2.4/gson-2.2.4.jar:/home/user/.m2/repository/com/jcraft/jsch/0.1.54/jsch-0.1.54.jar:/home/user/.m2/repository/org/apache/curator/curator-client/2.12.0/curator-client-2.12.0.jar:/home/user/.m2/repository/org/apache/curator/curator-recipes/2.12.0/curator-recipes-2.12.0.jar:/home/user/.m2/repository/com/google/code/findbugs/jsr305/3.0.0/jsr305-3.0.0.jar:/home/user/.m2/repository/org/apache/htrace/htrace-core4/4.1.0-incubating/htrace-core4-4.1.0-incubating.jar:/home/user/.m2/repository/org/apache/zookeeper/zookeeper/3.4.13/zookeeper-3.4.13.jar:/home/user/.m2/repository/org/apache/yetus/audience-annotations/0.5.0/audience-annotations-0.5.0.jar:/home/user/.m2/repository/org/codehaus/woodstox/stax2-api/3.1.4/stax2-api-3.1.4.jar:/home/user/.m2/repository/com/fasterxml/woodstox/woodstox-core/5.0.3/woodstox-core-5.0.3.jar:/home/user/.m2/repository/dnsjava/dnsjava/2.1.7/dnsjava-2.1.7.jar:/home/user/.m2/repository/org/apache/hadoop/hadoop-hdfs/3.2.0/hadoop-hdfs-3.2.0-tests.jar:/home/user/.m2/repository/org/eclipse/jetty/jetty-util-ajax/9.3.24.v20180605/jetty-util-ajax-9.3.24.v20180605.jar:/home/user/.m2/repository/commons-daemon/commons-daemon/1.0.13/commons-daemon-1.0.13.jar:/home/user/.m2/repository/io/netty/netty/3.10.5.Final/netty-3.10.5.Final.jar:/home/user/.m2/repository/io/netty/netty-all/4.0.52.Final/netty-all-4.0.52.Final.jar:/home/user/.m2/repository/org/fusesource/leveldbjni/leveldbjni-all/1.8/leveldbjni-all-1.8.jar:"/>
    <property name="java.vm.vendor" value="IcedTea"/>
    <property name="sun.arch.data.model" value="64"/>
    <property name="test.build.dir" value="/workdir/hadoop-ozone/integration-test/target/test-dir"/>
    <property name="test.cache.data" value=""/>
    <property name="java.vendor.url" value="https://icedtea.classpath.org"/>
    <property name="user.timezone" value=""/>
    <property name="java.vm.specification.version" value="1.8"/>
    <property name="os.name" value="Linux"/>
    <property name="test.build.data" value="/workdir/hadoop-ozone/integration-test/target/test-dir"/>
    <property name="user.country" value="US"/>
    <property name="sun.java.launcher" value="SUN_STANDARD"/>
    <property name="sun.boot.library.path" value="/usr/lib/jvm/java-1.8-openjdk/jre/lib/amd64"/>
    <property name="sun.java.command" value="/workdir/hadoop-ozone/integration-test/target/surefire/surefirebooter6034752878186470089.jar /workdir/hadoop-ozone/integration-test/target/surefire 2019-09-12T01-23-23_513-jvmRun1 surefire8873480083848482856tmp surefire_231502024737869480011tmp"/>
    <property name="test" value="!TestMiniChaosOzoneCluster"/>
    <property name="surefire.test.class.path" value="/workdir/hadoop-ozone/integration-test/target/test-classes:/workdir/hadoop-ozone/integration-test/target/classes:/home/user/.m2/repository/org/apache/hadoop/hadoop-ozone-common/0.5.0-SNAPSHOT/hadoop-ozone-common-0.5.0-SNAPSHOT.jar:/home/user/.m2/repository/org/apache/commons/commons-compress/1.4.1/commons-compress-1.4.1.jar:/home/user/.m2/repository/org/tukaani/xz/1.0/xz-1.0.jar:/home/user/.m2/repository/org/apache/hadoop/hadoop-common/3.2.0/hadoop-common-3.2.0.jar:/home/user/.m2/repository/org/apache/hadoop/hadoop-hdfs/3.2.0/hadoop-hdfs-3.2.0.jar:/home/user/.m2/repository/org/apache/hadoop/hadoop-hdfs-client/3.2.0/hadoop-hdfs-client-3.2.0.jar:/home/user/.m2/repository/com/fasterxml/jackson/core/jackson-annotations/2.9.5/jackson-annotations-2.9.5.jar:/home/user/.m2/repository/org/apache/hadoop/hadoop-hdds-common/0.5.0-SNAPSHOT/hadoop-hdds-common-0.5.0-SNAPSHOT.jar:/home/user/.m2/repository/javax/annotation/javax.annotation-api/1.2/javax.annotation-api-1.2.jar:/home/user/.m2/repository/org/apache/ratis/ratis-server/0.4.0-2337318-SNAPSHOT/ratis-server-0.4.0-2337318-SNAPSHOT.jar:/home/user/.m2/repository/org/apache/ratis/ratis-thirdparty-misc/0.2.0/ratis-thirdparty-misc-0.2.0.jar:/home/user/.m2/repository/org/apache/ratis/ratis-proto/0.4.0-2337318-SNAPSHOT/ratis-proto-0.4.0-2337318-SNAPSHOT.jar:/home/user/.m2/repository/org/apache/ratis/ratis-common/0.4.0-2337318-SNAPSHOT/ratis-common-0.4.0-2337318-SNAPSHOT.jar:/home/user/.m2/repository/org/apache/ratis/ratis-client/0.4.0-2337318-SNAPSHOT/ratis-client-0.4.0-2337318-SNAPSHOT.jar:/home/user/.m2/repository/org/apache/ratis/ratis-metrics/0.4.0-2337318-SNAPSHOT/ratis-metrics-0.4.0-2337318-SNAPSHOT.jar:/home/user/.m2/repository/org/apache/ratis/ratis-netty/0.4.0-2337318-SNAPSHOT/ratis-netty-0.4.0-2337318-SNAPSHOT.jar:/home/user/.m2/repository/org/apache/ratis/ratis-grpc/0.4.0-2337318-SNAPSHOT/ratis-grpc-0.4.0-2337318-SNAPSHOT.jar:/home/user/.m2/repository/org/rocksdb/rocksdbjni/6.0.1/rocksdbjni-6.0.1.jar:/home/user/.m2/repository/org/apache/logging/log4j/log4j-api/2.11.0/log4j-api-2.11.0.jar:/home/user/.m2/repository/org/apache/logging/log4j/log4j-core/2.11.0/log4j-core-2.11.0.jar:/home/user/.m2/repository/com/lmax/disruptor/3.4.2/disruptor-3.4.2.jar:/home/user/.m2/repository/org/apache/commons/commons-pool2/2.6.0/commons-pool2-2.6.0.jar:/home/user/.m2/repository/org/bouncycastle/bcpkix-jdk15on/1.60/bcpkix-jdk15on-1.60.jar:/home/user/.m2/repository/commons-validator/commons-validator/1.6/commons-validator-1.6.jar:/home/user/.m2/repository/commons-digester/commons-digester/1.8.1/commons-digester-1.8.1.jar:/home/user/.m2/repository/io/jaegertracing/jaeger-client/0.33.1/jaeger-client-0.33.1.jar:/home/user/.m2/repository/io/jaegertracing/jaeger-thrift/0.33.1/jaeger-thrift-0.33.1.jar:/home/user/.m2/repository/org/apache/thrift/libthrift/0.11.0/libthrift-0.11.0.jar:/home/user/.m2/repository/com/squareup/okhttp3/okhttp/3.9.0/okhttp-3.9.0.jar:/home/user/.m2/repository/com/squareup/okio/okio/1.13.0/okio-1.13.0.jar:/home/user/.m2/repository/io/jaegertracing/jaeger-core/0.33.1/jaeger-core-0.33.1.jar:/home/user/.m2/repository/io/jaegertracing/jaeger-tracerresolver/0.33.1/jaeger-tracerresolver-0.33.1.jar:/home/user/.m2/repository/io/opentracing/contrib/opentracing-tracerresolver/0.1.5/opentracing-tracerresolver-0.1.5.jar:/home/user/.m2/repository/io/opentracing/opentracing-util/0.31.0/opentracing-util-0.31.0.jar:/home/user/.m2/repository/io/opentracing/opentracing-api/0.31.0/opentracing-api-0.31.0.jar:/home/user/.m2/repository/io/opentracing/opentracing-noop/0.31.0/opentracing-noop-0.31.0.jar:/home/user/.m2/repository/org/apache/hadoop/hadoop-hdds-server-framework/0.5.0-SNAPSHOT/hadoop-hdds-server-framework-0.5.0-SNAPSHOT.jar:/home/user/.m2/repository/org/apache/hadoop/hadoop-hdds-container-service/0.5.0-SNAPSHOT/hadoop-hdds-container-service-0.5.0-SNAPSHOT.jar:/home/user/.m2/repository/org/apache/hadoop/hadoop-hdds-client/0.5.0-SNAPSHOT/hadoop-hdds-client-0.5.0-SNAPSHOT.jar:/home/user/.m2/repository/org/apache/hadoop/hadoop-hdds-tools/0.5.0-SNAPSHOT/hadoop-hdds-tools-0.5.0-SNAPSHOT.jar:/home/user/.m2/repository/org/apache/hadoop/hadoop-hdds-server-scm/0.5.0-SNAPSHOT/hadoop-hdds-server-scm-0.5.0-SNAPSHOT.jar:/home/user/.m2/repository/org/apache/hadoop/hadoop-hdds-docs/0.5.0-SNAPSHOT/hadoop-hdds-docs-0.5.0-SNAPSHOT.jar:/home/user/.m2/repository/io/dropwizard/metrics/metrics-core/3.2.4/metrics-core-3.2.4.jar:/home/user/.m2/repository/org/hamcrest/hamcrest-all/1.3/hamcrest-all-1.3.jar:/home/user/.m2/repository/org/bouncycastle/bcprov-jdk15on/1.60/bcprov-jdk15on-1.60.jar:/home/user/.m2/repository/info/picocli/picocli/3.9.6/picocli-3.9.6.jar:/home/user/.m2/repository/com/google/protobuf/protobuf-java/2.5.0/protobuf-java-2.5.0.jar:/home/user/.m2/repository/com/google/guava/guava/11.0.2/guava-11.0.2.jar:/home/user/.m2/repository/org/apache/hadoop/hadoop-ozone-ozone-manager/0.5.0-SNAPSHOT/hadoop-ozone-ozone-manager-0.5.0-SNAPSHOT.jar:/home/user/.m2/repository/org/apache/hadoop/hadoop-minikdc/3.2.0/hadoop-minikdc-3.2.0.jar:/home/user/.m2/repository/commons-io/commons-io/2.5/commons-io-2.5.jar:/home/user/.m2/repository/org/apache/kerby/kerb-simplekdc/1.0.1/kerb-simplekdc-1.0.1.jar:/home/user/.m2/repository/org/apache/kerby/kerb-client/1.0.1/kerb-client-1.0.1.jar:/home/user/.m2/repository/org/apache/kerby/kerby-config/1.0.1/kerby-config-1.0.1.jar:/home/user/.m2/repository/org/apache/kerby/kerb-core/1.0.1/kerb-core-1.0.1.jar:/home/user/.m2/repository/org/apache/kerby/kerby-pkix/1.0.1/kerby-pkix-1.0.1.jar:/home/user/.m2/repository/org/apache/kerby/kerby-asn1/1.0.1/kerby-asn1-1.0.1.jar:/home/user/.m2/repository/org/apache/kerby/kerby-util/1.0.1/kerby-util-1.0.1.jar:/home/user/.m2/repository/org/apache/kerby/kerb-common/1.0.1/kerb-common-1.0.1.jar:/home/user/.m2/repository/org/apache/kerby/kerb-crypto/1.0.1/kerb-crypto-1.0.1.jar:/home/user/.m2/repository/org/apache/kerby/kerb-util/1.0.1/kerb-util-1.0.1.jar:/home/user/.m2/repository/org/apache/kerby/token-provider/1.0.1/token-provider-1.0.1.jar:/home/user/.m2/repository/org/apache/kerby/kerb-admin/1.0.1/kerb-admin-1.0.1.jar:/home/user/.m2/repository/org/apache/kerby/kerb-server/1.0.1/kerb-server-1.0.1.jar:/home/user/.m2/repository/org/apache/kerby/kerb-identity/1.0.1/kerb-identity-1.0.1.jar:/home/user/.m2/repository/org/apache/kerby/kerby-xdr/1.0.1/kerby-xdr-1.0.1.jar:/home/user/.m2/repository/org/slf4j/slf4j-log4j12/1.7.25/slf4j-log4j12-1.7.25.jar:/home/user/.m2/repository/org/apache/hadoop/hadoop-ozone-s3gateway/0.5.0-SNAPSHOT/hadoop-ozone-s3gateway-0.5.0-SNAPSHOT.jar:/home/user/.m2/repository/org/jboss/weld/servlet/weld-servlet/2.4.7.Final/weld-servlet-2.4.7.Final.jar:/home/user/.m2/repository/org/glassfish/jersey/containers/jersey-container-servlet-core/2.27/jersey-container-servlet-core-2.27.jar:/home/user/.m2/repository/org/glassfish/hk2/external/javax.inject/2.5.0-b42/javax.inject-2.5.0-b42.jar:/home/user/.m2/repository/org/glassfish/jersey/core/jersey-common/2.27/jersey-common-2.27.jar:/home/user/.m2/repository/org/glassfish/hk2/osgi-resource-locator/1.0.1/osgi-resource-locator-1.0.1.jar:/home/user/.m2/repository/javax/ws/rs/javax.ws.rs-api/2.1/javax.ws.rs-api-2.1.jar:/home/user/.m2/repository/org/glassfish/jersey/ext/cdi/jersey-cdi1x/2.27/jersey-cdi1x-2.27.jar:/home/user/.m2/repository/org/glassfish/jersey/inject/jersey-hk2/2.27/jersey-hk2-2.27.jar:/home/user/.m2/repository/org/glassfish/hk2/hk2-locator/2.5.0-b42/hk2-locator-2.5.0-b42.jar:/home/user/.m2/repository/org/javassist/javassist/3.22.0-CR2/javassist-3.22.0-CR2.jar:/home/user/.m2/repository/org/glassfish/hk2/hk2-api/2.5.0/hk2-api-2.5.0.jar:/home/user/.m2/repository/org/glassfish/hk2/external/jakarta.inject/2.5.0/jakarta.inject-2.5.0.jar:/home/user/.m2/repository/org/glassfish/hk2/hk2-utils/2.5.0/hk2-utils-2.5.0.jar:/home/user/.m2/repository/jakarta/annotation/jakarta.annotation-api/1.3.4/jakarta.annotation-api-1.3.4.jar:/home/user/.m2/repository/org/glassfish/hk2/external/aopalliance-repackaged/2.5.0/aopalliance-repackaged-2.5.0.jar:/home/user/.m2/repository/com/fasterxml/jackson/dataformat/jackson-dataformat-xml/2.9.0/jackson-dataformat-xml-2.9.0.jar:/home/user/.m2/repository/com/fasterxml/jackson/core/jackson-core/2.9.5/jackson-core-2.9.5.jar:/home/user/.m2/repository/com/fasterxml/jackson/module/jackson-module-jaxb-annotations/2.9.5/jackson-module-jaxb-annotations-2.9.5.jar:/home/user/.m2/repository/javax/enterprise/cdi-api/1.2/cdi-api-1.2.jar:/home/user/.m2/repository/javax/el/javax.el-api/3.0.0/javax.el-api-3.0.0.jar:/home/user/.m2/repository/javax/interceptor/javax.interceptor-api/1.2/javax.interceptor-api-1.2.jar:/home/user/.m2/repository/javax/inject/javax.inject/1/javax.inject-1.jar:/home/user/.m2/repository/com/sun/xml/bind/jaxb-impl/2.3.0.1/jaxb-impl-2.3.0.1.jar:/home/user/.m2/repository/com/sun/xml/bind/jaxb-core/2.3.0.1/jaxb-core-2.3.0.1.jar:/home/user/.m2/repository/javax/xml/bind/jaxb-api/2.3.0/jaxb-api-2.3.0.jar:/home/user/.m2/repository/javax/activation/activation/1.1.1/activation-1.1.1.jar:/home/user/.m2/repository/org/apache/hadoop/hadoop-ozone-csi/0.5.0-SNAPSHOT/hadoop-ozone-csi-0.5.0-SNAPSHOT.jar:/home/user/.m2/repository/com/google/protobuf/protobuf-java-util/3.5.1/protobuf-java-util-3.5.1.jar:/home/user/.m2/repository/org/apache/hadoop/hadoop-hdds-config/0.5.0-SNAPSHOT/hadoop-hdds-config-0.5.0-SNAPSHOT.jar:/home/user/.m2/repository/io/grpc/grpc-netty/1.17.1/grpc-netty-1.17.1.jar:/home/user/.m2/repository/io/grpc/grpc-core/1.17.1/grpc-core-1.17.1.jar:/home/user/.m2/repository/io/grpc/grpc-context/1.17.1/grpc-context-1.17.1.jar:/home/user/.m2/repository/com/google/errorprone/error_prone_annotations/2.2.0/error_prone_annotations-2.2.0.jar:/home/user/.m2/repository/org/codehaus/mojo/animal-sniffer-annotations/1.17/animal-sniffer-annotations-1.17.jar:/home/user/.m2/repository/io/opencensus/opencensus-api/0.17.0/opencensus-api-0.17.0.jar:/home/user/.m2/repository/io/opencensus/opencensus-contrib-grpc-metrics/0.17.0/opencensus-contrib-grpc-metrics-0.17.0.jar:/home/user/.m2/repository/io/netty/netty-codec-http2/4.1.30.Final/netty-codec-http2-4.1.30.Final.jar:/home/user/.m2/repository/io/netty/netty-codec-http/4.1.30.Final/netty-codec-http-4.1.30.Final.jar:/home/user/.m2/repository/io/netty/netty-codec/4.1.30.Final/netty-codec-4.1.30.Final.jar:/home/user/.m2/repository/io/netty/netty-handler/4.1.30.Final/netty-handler-4.1.30.Final.jar:/home/user/.m2/repository/io/netty/netty-handler-proxy/4.1.30.Final/netty-handler-proxy-4.1.30.Final.jar:/home/user/.m2/repository/io/netty/netty-codec-socks/4.1.30.Final/netty-codec-socks-4.1.30.Final.jar:/home/user/.m2/repository/io/netty/netty-transport-native-epoll/4.1.30.Final/netty-transport-native-epoll-4.1.30.Final.jar:/home/user/.m2/repository/io/netty/netty-common/4.1.30.Final/netty-common-4.1.30.Final.jar:/home/user/.m2/repository/io/netty/netty-buffer/4.1.30.Final/netty-buffer-4.1.30.Final.jar:/home/user/.m2/repository/io/netty/netty-transport/4.1.30.Final/netty-transport-4.1.30.Final.jar:/home/user/.m2/repository/io/netty/netty-resolver/4.1.30.Final/netty-resolver-4.1.30.Final.jar:/home/user/.m2/repository/io/netty/netty-transport-native-unix-common/4.1.30.Final/netty-transport-native-unix-common-4.1.30.Final.jar:/home/user/.m2/repository/io/grpc/grpc-protobuf/1.17.1/grpc-protobuf-1.17.1.jar:/home/user/.m2/repository/com/google/api/grpc/proto-google-common-protos/1.0.0/proto-google-common-protos-1.0.0.jar:/home/user/.m2/repository/io/grpc/grpc-protobuf-lite/1.17.1/grpc-protobuf-lite-1.17.1.jar:/home/user/.m2/repository/io/grpc/grpc-stub/1.17.1/grpc-stub-1.17.1.jar:/home/user/.m2/repository/org/apache/hadoop/hadoop-ozone-recon/0.5.0-SNAPSHOT/hadoop-ozone-recon-0.5.0-SNAPSHOT.jar:/home/user/.m2/repository/org/apache/hadoop/hadoop-ozone-reconcodegen/0.5.0-SNAPSHOT/hadoop-ozone-reconcodegen-0.5.0-SNAPSHOT.jar:/home/user/.m2/repository/com/google/inject/extensions/guice-multibindings/4.0/guice-multibindings-4.0.jar:/home/user/.m2/repository/com/google/inject/guice/4.0/guice-4.0.jar:/home/user/.m2/repository/aopalliance/aopalliance/1.0/aopalliance-1.0.jar:/home/user/.m2/repository/com/google/inject/extensions/guice-servlet/4.0/guice-servlet-4.0.jar:/home/user/.m2/repository/org/glassfish/jersey/containers/jersey-container-servlet/2.27/jersey-container-servlet-2.27.jar:/home/user/.m2/repository/org/glassfish/hk2/guice-bridge/2.5.0/guice-bridge-2.5.0.jar:/home/user/.m2/repository/org/glassfish/jersey/core/jersey-server/2.27/jersey-server-2.27.jar:/home/user/.m2/repository/org/glassfish/jersey/core/jersey-client/2.27/jersey-client-2.27.jar:/home/user/.m2/repository/org/glassfish/jersey/media/jersey-media-jaxb/2.27/jersey-media-jaxb-2.27.jar:/home/user/.m2/repository/javax/validation/validation-api/1.1.0.Final/validation-api-1.1.0.Final.jar:/home/user/.m2/repository/org/glassfish/jersey/media/jersey-media-json-jackson/2.27/jersey-media-json-jackson-2.27.jar:/home/user/.m2/repository/org/glassfish/jersey/ext/jersey-entity-filtering/2.27/jersey-entity-filtering-2.27.jar:/home/user/.m2/repository/com/google/inject/extensions/guice-assistedinject/4.0/guice-assistedinject-4.0.jar:/home/user/.m2/repository/org/jooq/jooq/3.11.10/jooq-3.11.10.jar:/home/user/.m2/repository/org/jooq/jooq-meta/3.11.10/jooq-meta-3.11.10.jar:/home/user/.m2/repository/org/jooq/jooq-codegen/3.11.10/jooq-codegen-3.11.10.jar:/home/user/.m2/repository/com/jolbox/bonecp/0.8.0.RELEASE/bonecp-0.8.0.RELEASE.jar:/home/user/.m2/repository/org/xerial/sqlite-jdbc/3.25.2/sqlite-jdbc-3.25.2.jar:/home/user/.m2/repository/org/springframework/spring-jdbc/5.1.3.RELEASE/spring-jdbc-5.1.3.RELEASE.jar:/home/user/.m2/repository/org/springframework/spring-beans/5.1.3.RELEASE/spring-beans-5.1.3.RELEASE.jar:/home/user/.m2/repository/org/springframework/spring-core/5.1.3.RELEASE/spring-core-5.1.3.RELEASE.jar:/home/user/.m2/repository/org/springframework/spring-jcl/5.1.3.RELEASE/spring-jcl-5.1.3.RELEASE.jar:/home/user/.m2/repository/org/springframework/spring-tx/5.1.3.RELEASE/spring-tx-5.1.3.RELEASE.jar:/home/user/.m2/repository/org/apache/hadoop/hadoop-ozone-client/0.5.0-SNAPSHOT/hadoop-ozone-client-0.5.0-SNAPSHOT.jar:/home/user/.m2/repository/commons-lang/commons-lang/2.6/commons-lang-2.6.jar:/home/user/.m2/repository/org/apache/hadoop/hadoop-ozone-ozone-manager/0.5.0-SNAPSHOT/hadoop-ozone-ozone-manager-0.5.0-SNAPSHOT-tests.jar:/home/user/.m2/repository/junit/junit/4.11/junit-4.11.jar:/home/user/.m2/repository/org/hamcrest/hamcrest-core/1.3/hamcrest-core-1.3.jar:/home/user/.m2/repository/org/openjdk/jmh/jmh-core/1.19/jmh-core-1.19.jar:/home/user/.m2/repository/net/sf/jopt-simple/jopt-simple/4.6/jopt-simple-4.6.jar:/home/user/.m2/repository/org/apache/commons/commons-math3/3.1.1/commons-math3-3.1.1.jar:/home/user/.m2/repository/org/openjdk/jmh/jmh-generator-annprocess/1.19/jmh-generator-annprocess-1.19.jar:/home/user/.m2/repository/org/mockito/mockito-all/1.8.5/mockito-all-1.8.5.jar:/home/user/.m2/repository/org/apache/hadoop/hadoop-kms/3.2.0/hadoop-kms-3.2.0.jar:/home/user/.m2/repository/org/apache/hadoop/hadoop-auth/3.2.0/hadoop-auth-3.2.0.jar:/home/user/.m2/repository/com/nimbusds/nimbus-jose-jwt/4.41.1/nimbus-jose-jwt-4.41.1.jar:/home/user/.m2/repository/com/github/stephenc/jcip/jcip-annotations/1.0-1/jcip-annotations-1.0-1.jar:/home/user/.m2/repository/net/minidev/json-smart/2.3/json-smart-2.3.jar:/home/user/.m2/repository/net/minidev/accessors-smart/1.2/accessors-smart-1.2.jar:/home/user/.m2/repository/org/ow2/asm/asm/5.0.4/asm-5.0.4.jar:/home/user/.m2/repository/org/apache/curator/curator-framework/2.12.0/curator-framework-2.12.0.jar:/home/user/.m2/repository/com/sun/jersey/jersey-core/1.19/jersey-core-1.19.jar:/home/user/.m2/repository/javax/ws/rs/jsr311-api/1.1.1/jsr311-api-1.1.1.jar:/home/user/.m2/repository/com/sun/jersey/jersey-server/1.19/jersey-server-1.19.jar:/home/user/.m2/repository/javax/servlet/javax.servlet-api/3.1.0/javax.servlet-api-3.1.0.jar:/home/user/.m2/repository/org/eclipse/jetty/jetty-server/9.3.24.v20180605/jetty-server-9.3.24.v20180605.jar:/home/user/.m2/repository/org/eclipse/jetty/jetty-http/9.3.24.v20180605/jetty-http-9.3.24.v20180605.jar:/home/user/.m2/repository/org/eclipse/jetty/jetty-io/9.3.24.v20180605/jetty-io-9.3.24.v20180605.jar:/home/user/.m2/repository/org/eclipse/jetty/jetty-webapp/9.3.24.v20180605/jetty-webapp-9.3.24.v20180605.jar:/home/user/.m2/repository/org/eclipse/jetty/jetty-xml/9.3.24.v20180605/jetty-xml-9.3.24.v20180605.jar:/home/user/.m2/repository/log4j/log4j/1.2.17/log4j-1.2.17.jar:/home/user/.m2/repository/org/slf4j/slf4j-api/1.7.25/slf4j-api-1.7.25.jar:/home/user/.m2/repository/org/slf4j/jul-to-slf4j/1.7.25/jul-to-slf4j-1.7.25.jar:/home/user/.m2/repository/org/eclipse/jetty/jetty-util/9.3.24.v20180605/jetty-util-9.3.24.v20180605.jar:/home/user/.m2/repository/com/fasterxml/jackson/core/jackson-databind/2.9.5/jackson-databind-2.9.5.jar:/home/user/.m2/repository/org/apache/hadoop/hadoop-kms/3.2.0/hadoop-kms-3.2.0-tests.jar:/home/user/.m2/repository/org/apache/hadoop/hadoop-hdds-server-scm/0.5.0-SNAPSHOT/hadoop-hdds-server-scm-0.5.0-SNAPSHOT-tests.jar:/home/user/.m2/repository/org/apache/hadoop/hadoop-hdds-container-service/0.5.0-SNAPSHOT/hadoop-hdds-container-service-0.5.0-SNAPSHOT-tests.jar:/home/user/.m2/repository/org/yaml/snakeyaml/1.16/snakeyaml-1.16.jar:/home/user/.m2/repository/org/apache/hadoop/hadoop-common/3.2.0/hadoop-common-3.2.0-tests.jar:/home/user/.m2/repository/org/apache/hadoop/hadoop-annotations/3.2.0/hadoop-annotations-3.2.0.jar:/usr/lib/jvm/java-1.8-openjdk/jre/../lib/tools.jar:/home/user/.m2/repository/commons-cli/commons-cli/1.2/commons-cli-1.2.jar:/home/user/.m2/repository/org/apache/httpcomponents/httpclient/4.5.2/httpclient-4.5.2.jar:/home/user/.m2/repository/org/apache/httpcomponents/httpcore/4.4.4/httpcore-4.4.4.jar:/home/user/.m2/repository/commons-codec/commons-codec/1.11/commons-codec-1.11.jar:/home/user/.m2/repository/commons-net/commons-net/3.6/commons-net-3.6.jar:/home/user/.m2/repository/commons-collections/commons-collections/3.2.2/commons-collections-3.2.2.jar:/home/user/.m2/repository/org/eclipse/jetty/jetty-servlet/9.3.24.v20180605/jetty-servlet-9.3.24.v20180605.jar:/home/user/.m2/repository/org/eclipse/jetty/jetty-security/9.3.24.v20180605/jetty-security-9.3.24.v20180605.jar:/home/user/.m2/repository/javax/servlet/jsp/jsp-api/2.1/jsp-api-2.1.jar:/home/user/.m2/repository/com/sun/jersey/jersey-servlet/1.19/jersey-servlet-1.19.jar:/home/user/.m2/repository/com/sun/jersey/jersey-json/1.19/jersey-json-1.19.jar:/home/user/.m2/repository/org/codehaus/jettison/jettison/1.1/jettison-1.1.jar:/home/user/.m2/repository/org/codehaus/jackson/jackson-core-asl/1.9.13/jackson-core-asl-1.9.13.jar:/home/user/.m2/repository/org/codehaus/jackson/jackson-mapper-asl/1.9.13/jackson-mapper-asl-1.9.13.jar:/home/user/.m2/repository/org/codehaus/jackson/jackson-jaxrs/1.9.13/jackson-jaxrs-1.9.13.jar:/home/user/.m2/repository/org/codehaus/jackson/jackson-xc/1.9.13/jackson-xc-1.9.13.jar:/home/user/.m2/repository/commons-logging/commons-logging/1.1.3/commons-logging-1.1.3.jar:/home/user/.m2/repository/commons-beanutils/commons-beanutils/1.9.3/commons-beanutils-1.9.3.jar:/home/user/.m2/repository/org/apache/commons/commons-configuration2/2.1.1/commons-configuration2-2.1.1.jar:/home/user/.m2/repository/org/apache/commons/commons-lang3/3.7/commons-lang3-3.7.jar:/home/user/.m2/repository/org/apache/commons/commons-text/1.4/commons-text-1.4.jar:/home/user/.m2/repository/org/apache/avro/avro/1.7.7/avro-1.7.7.jar:/home/user/.m2/repository/com/thoughtworks/paranamer/paranamer/2.3/paranamer-2.3.jar:/home/user/.m2/repository/org/xerial/snappy/snappy-java/1.0.5/snappy-java-1.0.5.jar:/home/user/.m2/repository/com/google/re2j/re2j/1.1/re2j-1.1.jar:/home/user/.m2/repository/com/google/code/gson/gson/2.2.4/gson-2.2.4.jar:/home/user/.m2/repository/com/jcraft/jsch/0.1.54/jsch-0.1.54.jar:/home/user/.m2/repository/org/apache/curator/curator-client/2.12.0/curator-client-2.12.0.jar:/home/user/.m2/repository/org/apache/curator/curator-recipes/2.12.0/curator-recipes-2.12.0.jar:/home/user/.m2/repository/com/google/code/findbugs/jsr305/3.0.0/jsr305-3.0.0.jar:/home/user/.m2/repository/org/apache/htrace/htrace-core4/4.1.0-incubating/htrace-core4-4.1.0-incubating.jar:/home/user/.m2/repository/org/apache/zookeeper/zookeeper/3.4.13/zookeeper-3.4.13.jar:/home/user/.m2/repository/org/apache/yetus/audience-annotations/0.5.0/audience-annotations-0.5.0.jar:/home/user/.m2/repository/org/codehaus/woodstox/stax2-api/3.1.4/stax2-api-3.1.4.jar:/home/user/.m2/repository/com/fasterxml/woodstox/woodstox-core/5.0.3/woodstox-core-5.0.3.jar:/home/user/.m2/repository/dnsjava/dnsjava/2.1.7/dnsjava-2.1.7.jar:/home/user/.m2/repository/org/apache/hadoop/hadoop-hdfs/3.2.0/hadoop-hdfs-3.2.0-tests.jar:/home/user/.m2/repository/org/eclipse/jetty/jetty-util-ajax/9.3.24.v20180605/jetty-util-ajax-9.3.24.v20180605.jar:/home/user/.m2/repository/commons-daemon/commons-daemon/1.0.13/commons-daemon-1.0.13.jar:/home/user/.m2/repository/io/netty/netty/3.10.5.Final/netty-3.10.5.Final.jar:/home/user/.m2/repository/io/netty/netty-all/4.0.52.Final/netty-all-4.0.52.Final.jar:/home/user/.m2/repository/org/fusesource/leveldbjni/leveldbjni-all/1.8/leveldbjni-all-1.8.jar:"/>
    <property name="sun.cpu.endian" value="little"/>
    <property name="user.home" value="/home/user"/>
    <property name="user.language" value="en"/>
    <property name="java.specification.vendor" value="Oracle Corporation"/>
    <property name="java.home" value="/usr/lib/jvm/java-1.8-openjdk/jre"/>
    <property name="java.security.krb5.conf" value="/workdir/hadoop-ozone/integration-test/target/test-classes/krb5.conf"/>
    <property name="basedir" value="/workdir/hadoop-ozone/integration-test"/>
    <property name="file.separator" value="/"/>
    <property name="line.separator" value="&#10;"/>
    <property name="java.vm.specification.vendor" value="Oracle Corporation"/>
    <property name="java.specification.name" value="Java Platform API Specification"/>
    <property name="java.awt.graphicsenv" value="sun.awt.X11GraphicsEnvironment"/>
    <property name="surefire.real.class.path" value="/workdir/hadoop-ozone/integration-test/target/surefire/surefirebooter6034752878186470089.jar"/>
    <property name="hadoop.log.dir" value="/workdir/hadoop-ozone/integration-test/target/log"/>
    <property name="sun.boot.class.path" value="/usr/lib/jvm/java-1.8-openjdk/jre/lib/resources.jar:/usr/lib/jvm/java-1.8-openjdk/jre/lib/rt.jar:/usr/lib/jvm/java-1.8-openjdk/jre/lib/sunrsasign.jar:/usr/lib/jvm/java-1.8-openjdk/jre/lib/jsse.jar:/usr/lib/jvm/java-1.8-openjdk/jre/lib/jce.jar:/usr/lib/jvm/java-1.8-openjdk/jre/lib/charsets.jar:/usr/lib/jvm/java-1.8-openjdk/jre/lib/jfr.jar:/usr/lib/jvm/java-1.8-openjdk/jre/classes"/>
    <property name="sun.management.compiler" value="HotSpot 64-Bit Tiered Compilers"/>
    <property name="java.runtime.version" value="1.8.0_212-b04"/>
    <property name="java.net.preferIPv4Stack" value="true"/>
    <property name="user.name" value="jenkins1000"/>
    <property name="path.separator" value=":"/>
    <property name="java.security.egd" value="file:///dev/urandom"/>
    <property name="os.version" value="3.10.0-957.12.2.el7.x86_64"/>
    <property name="java.endorsed.dirs" value="/usr/lib/jvm/java-1.8-openjdk/jre/lib/endorsed"/>
    <property name="java.runtime.name" value="OpenJDK Runtime Environment"/>
    <property name="file.encoding" value="UTF-8"/>
    <property name="java.vm.name" value="OpenJDK 64-Bit Server VM"/>
    <property name="test.build.webapps" value=""/>
    <property name="localRepository" value="/home/user/.m2/repository"/>
    <property name="java.vendor.url.bug" value="https://icedtea.classpath.org/bugzilla"/>
    <property name="java.io.tmpdir" value="/tmp"/>
    <property name="require.test.libhadoop" value=""/>
    <property name="java.version" value="1.8.0_212"/>
    <property name="user.dir" value="/workdir/hadoop-ozone/integration-test"/>
    <property name="os.arch" value="amd64"/>
    <property name="java.vm.specification.name" value="Java Virtual Machine Specification"/>
    <property name="test.build.classes" value="/workdir/hadoop-ozone/integration-test/target/test-classes"/>
    <property name="java.awt.printerjob" value="sun.print.PSPrinterJob"/>
    <property name="sun.os.patch.level" value="unknown"/>
    <property name="hadoop.tmp.dir" value="/workdir/hadoop-ozone/integration-test/target/tmp"/>
    <property name="java.library.path" value="/usr/lib/jvm/java-1.8-openjdk/jre/lib/amd64/server:/usr/lib/jvm/java-1.8-openjdk/jre/lib/amd64:/usr/lib/jvm/java-1.8-openjdk/jre/../lib/amd64:/workdir/hadoop-ozone/integration-test/target/native/target/usr/local/lib:/workdir/hadoop-ozone/integration-test/../../hadoop-common-project/hadoop-common/target/native/target/usr/local/lib:/usr/java/packages/lib/amd64:/usr/lib64:/lib64:/lib:/usr/lib"/>
    <property name="java.vm.info" value="mixed mode"/>
    <property name="java.vendor" value="IcedTea"/>
    <property name="java.vm.version" value="25.212-b04"/>
    <property name="java.ext.dirs" value="/usr/lib/jvm/java-1.8-openjdk/jre/lib/ext:/usr/java/packages/lib/ext"/>
    <property name="sun.io.unicode.encoding" value="UnicodeLittle"/>
    <property name="java.class.version" value="52.0"/>
  </properties>
  <testcase name="testGroupMismatchExceptionHandling" classname="org.apache.hadoop.ozone.client.rpc.TestOzoneClientRetriesOnException" time="46.279"/>
  <testcase name="testMaxRetriesByOzoneClient" classname="org.apache.hadoop.ozone.client.rpc.TestOzoneClientRetriesOnException" time="350.912">
    <error message="Failed to command cmdType: CreateContainer&#10;containerID: 1&#10;datanodeUuid: &quot;e2abdd95-f9ca-46dd-87d9-3f938e07de83&quot;&#10;createContainer {&#10;}&#10;" type="java.io.IOException">java.io.IOException: 
Failed to command cmdType: CreateContainer
containerID: 1
datanodeUuid: "e2abdd95-f9ca-46dd-87d9-3f938e07de83"
createContainer {
}

	at org.apache.hadoop.hdds.scm.XceiverClientSpi.sendCommand(XceiverClientSpi.java:113)
	at org.apache.hadoop.ozone.client.rpc.TestOzoneClientRetriesOnException.testMaxRetriesByOzoneClient(TestOzoneClientRetriesOnException.java:190)
	at sun.reflect.NativeMethodAccessorImpl.invoke0(Native Method)
	at sun.reflect.NativeMethodAccessorImpl.invoke(NativeMethodAccessorImpl.java:62)
	at sun.reflect.DelegatingMethodAccessorImpl.invoke(DelegatingMethodAccessorImpl.java:43)
	at java.lang.reflect.Method.invoke(Method.java:498)
	at org.junit.runners.model.FrameworkMethod$1.runReflectiveCall(FrameworkMethod.java:47)
	at org.junit.internal.runners.model.ReflectiveCallable.run(ReflectiveCallable.java:12)
	at org.junit.runners.model.FrameworkMethod.invokeExplosively(FrameworkMethod.java:44)
	at org.junit.internal.runners.statements.InvokeMethod.evaluate(InvokeMethod.java:17)
	at org.junit.internal.runners.statements.RunBefores.evaluate(RunBefores.java:26)
	at org.junit.internal.runners.statements.RunAfters.evaluate(RunAfters.java:27)
	at org.junit.runners.ParentRunner.runLeaf(ParentRunner.java:271)
	at org.junit.runners.BlockJUnit4ClassRunner.runChild(BlockJUnit4ClassRunner.java:70)
	at org.junit.runners.BlockJUnit4ClassRunner.runChild(BlockJUnit4ClassRunner.java:50)
	at org.junit.runners.ParentRunner$3.run(ParentRunner.java:238)
	at org.junit.runners.ParentRunner$1.schedule(ParentRunner.java:63)
	at org.junit.runners.ParentRunner.runChildren(ParentRunner.java:236)
	at org.junit.runners.ParentRunner.access$000(ParentRunner.java:53)
	at org.junit.runners.ParentRunner$2.evaluate(ParentRunner.java:229)
	at org.junit.runners.ParentRunner.run(ParentRunner.java:309)
	at org.apache.maven.surefire.junit4.JUnit4Provider.execute(JUnit4Provider.java:365)
	at org.apache.maven.surefire.junit4.JUnit4Provider.executeWithRerun(JUnit4Provider.java:273)
	at org.apache.maven.surefire.junit4.JUnit4Provider.executeTestSet(JUnit4Provider.java:238)
	at org.apache.maven.surefire.junit4.JUnit4Provider.invoke(JUnit4Provider.java:159)
	at org.apache.maven.surefire.booter.ForkedBooter.invokeProviderInSameClassLoader(ForkedBooter.java:384)
	at org.apache.maven.surefire.booter.ForkedBooter.runSuitesInProcess(ForkedBooter.java:345)
	at org.apache.maven.surefire.booter.ForkedBooter.execute(ForkedBooter.java:126)
	at org.apache.maven.surefire.booter.ForkedBooter.main(ForkedBooter.java:418)
Caused by: java.util.concurrent.ExecutionException: org.apache.ratis.protocol.RaftRetryFailureException: Failed RaftClientRequest:client-86C8535D188E->a6c0a076-5a4d-4b07-959a-c5ddb0608f42@group-8E895DF6726C, cid=45, seq=3*, RW, org.apache.hadoop.hdds.scm.XceiverClientRatis$$Lambda$335/1295803795@5236870e for 180 attempts with RetryLimited(maxAttempts=180, sleepTime=1000ms)
	at java.util.concurrent.CompletableFuture.reportGet(CompletableFuture.java:357)
	at java.util.concurrent.CompletableFuture.get(CompletableFuture.java:1895)
	at org.apache.hadoop.hdds.scm.XceiverClientSpi.sendCommand(XceiverClientSpi.java:110)
	... 28 more
Caused by: org.apache.ratis.protocol.RaftRetryFailureException: Failed RaftClientRequest:client-86C8535D188E->a6c0a076-5a4d-4b07-959a-c5ddb0608f42@group-8E895DF6726C, cid=45, seq=3*, RW, org.apache.hadoop.hdds.scm.XceiverClientRatis$$Lambda$335/1295803795@5236870e for 180 attempts with RetryLimited(maxAttempts=180, sleepTime=1000ms)
	at org.apache.ratis.client.impl.RaftClientImpl.noMoreRetries(RaftClientImpl.java:272)
	at org.apache.ratis.client.impl.OrderedAsync.handleAsyncRetryFailure(OrderedAsync.java:138)
	at org.apache.ratis.client.impl.OrderedAsync.lambda$sendRequest$10(OrderedAsync.java:230)
	at java.util.concurrent.CompletableFuture.uniExceptionally(CompletableFuture.java:870)
	at java.util.concurrent.CompletableFuture$UniExceptionally.tryFire(CompletableFuture.java:852)
	at java.util.concurrent.CompletableFuture.postComplete(CompletableFuture.java:474)
	at java.util.concurrent.CompletableFuture.completeExceptionally(CompletableFuture.java:1977)
	at org.apache.ratis.grpc.client.GrpcClientProtocolClient$AsyncStreamObservers.completeReplyExceptionally(GrpcClientProtocolClient.java:330)
	at org.apache.ratis.grpc.client.GrpcClientProtocolClient$AsyncStreamObservers.access$000(GrpcClientProtocolClient.java:246)
	at org.apache.ratis.grpc.client.GrpcClientProtocolClient$AsyncStreamObservers$1.onNext(GrpcClientProtocolClient.java:258)
	at org.apache.ratis.grpc.client.GrpcClientProtocolClient$AsyncStreamObservers$1.onNext(GrpcClientProtocolClient.java:249)
	at org.apache.ratis.thirdparty.io.grpc.stub.ClientCalls$StreamObserverToCallListenerAdapter.onMessage(ClientCalls.java:421)
	at org.apache.ratis.thirdparty.io.grpc.ForwardingClientCallListener.onMessage(ForwardingClientCallListener.java:33)
	at org.apache.ratis.thirdparty.io.grpc.ForwardingClientCallListener.onMessage(ForwardingClientCallListener.java:33)
	at org.apache.ratis.thirdparty.io.grpc.internal.ClientCallImpl$ClientStreamListenerImpl$1MessagesAvailable.runInContext(ClientCallImpl.java:519)
	at org.apache.ratis.thirdparty.io.grpc.internal.ContextRunnable.run(ContextRunnable.java:37)
	at org.apache.ratis.thirdparty.io.grpc.internal.SerializingExecutor.run(SerializingExecutor.java:123)
	at java.util.concurrent.ThreadPoolExecutor.runWorker(ThreadPoolExecutor.java:1149)
	at java.util.concurrent.ThreadPoolExecutor$Worker.run(ThreadPoolExecutor.java:624)
	at java.lang.Thread.run(Thread.java:748)
Caused by: org.apache.ratis.protocol.NotLeaderException: Server a6c0a076-5a4d-4b07-959a-c5ddb0608f42 is not the leader (e2abdd95-f9ca-46dd-87d9-3f938e07de83:192.168.5.171:42635). Request must be sent to leader.
	at org.apache.ratis.client.impl.ClientProtoUtils.toRaftClientReply(ClientProtoUtils.java:242)
	at org.apache.ratis.grpc.client.GrpcClientProtocolClient$AsyncStreamObservers$1.onNext(GrpcClientProtocolClient.java:254)
	... 10 more
</error>
    <system-out><![CDATA[2019-09-12 01:59:45,708 [main] WARN  server.ServerUtils (ServerUtils.java:getScmDbDir(145)) - ozone.scm.db.dirs is not configured. We recommend adding this setting. Falling back to ozone.metadata.dirs instead.
2019-09-12 01:59:45,720 [main] WARN  server.ServerUtils (ServerUtils.java:getScmDbDir(145)) - ozone.scm.db.dirs is not configured. We recommend adding this setting. Falling back to ozone.metadata.dirs instead.
2019-09-12 01:59:45,721 [main] WARN  server.ServerUtils (ServerUtils.java:getScmDbDir(145)) - ozone.scm.db.dirs is not configured. We recommend adding this setting. Falling back to ozone.metadata.dirs instead.
2019-09-12 01:59:45,722 [main] INFO  db.DBStoreBuilder (DBStoreBuilder.java:addTable(110)) - using custom profile for table: deletedBlocks
2019-09-12 01:59:45,722 [main] INFO  db.DBStoreBuilder (DBStoreBuilder.java:processTables(161)) - Using default column profile:DBProfile.DISK for Table:deletedBlocks
2019-09-12 01:59:45,722 [main] INFO  db.DBStoreBuilder (DBStoreBuilder.java:addTable(110)) - using custom profile for table: validCerts
2019-09-12 01:59:45,722 [main] INFO  db.DBStoreBuilder (DBStoreBuilder.java:processTables(161)) - Using default column profile:DBProfile.DISK for Table:validCerts
2019-09-12 01:59:45,723 [main] INFO  db.DBStoreBuilder (DBStoreBuilder.java:addTable(110)) - using custom profile for table: revokedCerts
2019-09-12 01:59:45,723 [main] INFO  db.DBStoreBuilder (DBStoreBuilder.java:processTables(161)) - Using default column profile:DBProfile.DISK for Table:revokedCerts
2019-09-12 01:59:45,723 [main] INFO  db.DBStoreBuilder (DBStoreBuilder.java:addTable(110)) - using custom profile for table: default
2019-09-12 01:59:45,724 [main] INFO  db.DBStoreBuilder (DBStoreBuilder.java:processTables(167)) - Using default column profile:DBProfile.DISK for Table:default
2019-09-12 01:59:45,724 [main] INFO  db.DBStoreBuilder (DBStoreBuilder.java:getDbProfile(198)) - Using default options. DBProfile.DISK
2019-09-12 01:59:45,937 [main] INFO  net.NodeSchemaLoader (NodeSchemaLoader.java:loadSchemaFromFile(125)) - Loading file from sun.misc.CompoundEnumeration@5edacf20
2019-09-12 01:59:45,937 [main] INFO  net.NodeSchemaLoader (NodeSchemaLoader.java:loadSchema(171)) - Loading network topology layer schema file
2019-09-12 01:59:45,944 [main] WARN  server.ServerUtils (ServerUtils.java:sanitizeUserArgs(70)) - ozone.scm.stale.node.interval value = 300000 is larger than max = 100000 based on the key value of ozone.scm.heartbeat.thread.interval, reset to the max value 100000.
2019-09-12 01:59:45,944 [main] WARN  server.ServerUtils (ServerUtils.java:sanitizeUserArgs(70)) - ozone.scm.stale.node.interval value = 300000 is larger than max = 100000 based on the key value of ozone.scm.heartbeat.thread.interval, reset to the max value 100000.
2019-09-12 01:59:45,945 [main] INFO  node.SCMNodeManager (SCMNodeManager.java:<init>(114)) - Entering startup safe mode.
2019-09-12 01:59:45,946 [main] INFO  algorithms.ContainerPlacementPolicyFactory (ContainerPlacementPolicyFactory.java:getPolicy(55)) - Create container placement policy of type org.apache.hadoop.hdds.scm.container.placement.algorithms.SCMContainerPlacementRandom
2019-09-12 01:59:45,947 [main] WARN  server.ServerUtils (ServerUtils.java:getScmDbDir(145)) - ozone.scm.db.dirs is not configured. We recommend adding this setting. Falling back to ozone.metadata.dirs instead.
2019-09-12 01:59:46,030 [main] INFO  pipeline.SCMPipelineManager (SCMPipelineManager.java:initializePipelineState(128)) - No pipeline exists in current db
2019-09-12 01:59:46,031 [main] WARN  server.ServerUtils (ServerUtils.java:getScmDbDir(145)) - ozone.scm.db.dirs is not configured. We recommend adding this setting. Falling back to ozone.metadata.dirs instead.
2019-09-12 01:59:46,115 [main] WARN  events.EventQueue (EventQueue.java:fireEvent(183)) - No event handler registered for event TypedEvent{payloadType=SafeModeStatus, name='SafeModeStatus'}
2019-09-12 01:59:46,117 [main] INFO  ipc.CallQueueManager (CallQueueManager.java:<init>(84)) - Using callQueue: class java.util.concurrent.LinkedBlockingQueue, queueCapacity: 2000, scheduler: class org.apache.hadoop.ipc.DefaultRpcScheduler, ipcBackoff: false.
2019-09-12 01:59:46,118 [Socket Reader #1 for port 34312] INFO  ipc.Server (Server.java:run(1074)) - Starting Socket Reader #1 for port 34312
2019-09-12 01:59:46,121 [main] INFO  ipc.CallQueueManager (CallQueueManager.java:<init>(84)) - Using callQueue: class java.util.concurrent.LinkedBlockingQueue, queueCapacity: 2000, scheduler: class org.apache.hadoop.ipc.DefaultRpcScheduler, ipcBackoff: false.
2019-09-12 01:59:46,122 [Socket Reader #1 for port 41581] INFO  ipc.Server (Server.java:run(1074)) - Starting Socket Reader #1 for port 41581
2019-09-12 01:59:46,123 [main] INFO  ipc.CallQueueManager (CallQueueManager.java:<init>(84)) - Using callQueue: class java.util.concurrent.LinkedBlockingQueue, queueCapacity: 2000, scheduler: class org.apache.hadoop.ipc.DefaultRpcScheduler, ipcBackoff: false.
2019-09-12 01:59:46,124 [Socket Reader #1 for port 43949] INFO  ipc.Server (Server.java:run(1074)) - Starting Socket Reader #1 for port 43949
2019-09-12 01:59:46,127 [main] INFO  hdfs.DFSUtil (DFSUtil.java:httpServerTemplateForNNAndJN(1641)) - Starting Web-server for scm at: http://0.0.0.0:0
2019-09-12 01:59:46,130 [main] INFO  server.AuthenticationFilter (AuthenticationFilter.java:constructSecretProvider(240)) - Unable to initialize FileSignerSecretProvider, falling back to use random secrets.
2019-09-12 01:59:46,131 [main] WARN  http.HttpRequestLog (HttpRequestLog.java:getRequestLog(97)) - Jetty request log can only be enabled using Log4j
2019-09-12 01:59:46,133 [main] INFO  http.HttpServer2 (HttpServer2.java:addGlobalFilter(975)) - Added global filter 'safety' (class=org.apache.hadoop.http.HttpServer2$QuotingInputFilter)
2019-09-12 01:59:46,134 [main] INFO  http.HttpServer2 (HttpServer2.java:addFilter(948)) - Added filter static_user_filter (class=org.apache.hadoop.http.lib.StaticUserWebFilter$StaticUserFilter) to context scm
2019-09-12 01:59:46,134 [main] INFO  http.HttpServer2 (HttpServer2.java:addFilter(958)) - Added filter static_user_filter (class=org.apache.hadoop.http.lib.StaticUserWebFilter$StaticUserFilter) to context logs
2019-09-12 01:59:46,135 [main] INFO  http.HttpServer2 (HttpServer2.java:addFilter(958)) - Added filter static_user_filter (class=org.apache.hadoop.http.lib.StaticUserWebFilter$StaticUserFilter) to context static
2019-09-12 01:59:46,138 [main] INFO  server.StorageContainerManager (StorageContainerManager.java:start(759)) - StorageContainerLocationProtocol RPC server is listening at /0.0.0.0:43949
2019-09-12 01:59:46,141 [main] WARN  impl.MetricsConfig (MetricsConfig.java:loadFirst(134)) - Cannot locate configuration: tried hadoop-metrics2-storagecontainermanager.properties,hadoop-metrics2.properties
2019-09-12 01:59:46,142 [main] INFO  impl.MetricsSystemImpl (MetricsSystemImpl.java:startTimer(374)) - Scheduled Metric snapshot period at 10 second(s).
2019-09-12 01:59:46,143 [main] INFO  impl.MetricsSystemImpl (MetricsSystemImpl.java:start(191)) - StorageContainerManager metrics system started
2019-09-12 01:59:46,172 [main] WARN  impl.MetricsSystemImpl (MetricsSystemImpl.java:register(276)) - Sink prometheus already exists!
2019-09-12 01:59:46,191 [main] INFO  server.SCMClientProtocolServer (SCMClientProtocolServer.java:start(151)) - RPC server for Client  is listening at /0.0.0.0:43949
2019-09-12 01:59:46,192 [IPC Server Responder] INFO  ipc.Server (Server.java:run(1314)) - IPC Server Responder: starting
2019-09-12 01:59:46,192 [IPC Server listener on 43949] INFO  ipc.Server (Server.java:run(1153)) - IPC Server listener on 43949: starting
2019-09-12 01:59:46,196 [main] INFO  server.StorageContainerManager (StorageContainerManager.java:start(769)) - ScmBlockLocationProtocol RPC server is listening at /0.0.0.0:41581
2019-09-12 01:59:46,197 [main] INFO  server.SCMBlockProtocolServer (SCMBlockProtocolServer.java:start(146)) - RPC server for Block Protocol is listening at /0.0.0.0:41581
2019-09-12 01:59:46,197 [IPC Server Responder] INFO  ipc.Server (Server.java:run(1314)) - IPC Server Responder: starting
2019-09-12 01:59:46,197 [IPC Server listener on 41581] INFO  ipc.Server (Server.java:run(1153)) - IPC Server listener on 41581: starting
2019-09-12 01:59:46,201 [main] INFO  server.StorageContainerManager (StorageContainerManager.java:start(773)) - ScmDatanodeProtocl RPC server is listening at /0.0.0.0:34312
2019-09-12 01:59:46,201 [main] INFO  server.SCMDatanodeProtocolServer (SCMDatanodeProtocolServer.java:start(191)) - RPC server for DataNodes is listening at /0.0.0.0:34312
2019-09-12 01:59:46,202 [IPC Server Responder] INFO  ipc.Server (Server.java:run(1314)) - IPC Server Responder: starting
2019-09-12 01:59:46,202 [IPC Server listener on 34312] INFO  ipc.Server (Server.java:run(1153)) - IPC Server listener on 34312: starting
2019-09-12 01:59:46,207 [main] INFO  http.HttpServer2 (HttpServer2.java:bindListener(1191)) - Jetty bound to port 34686
2019-09-12 01:59:46,207 [main] INFO  server.Server (Server.java:doStart(351)) - jetty-9.3.24.v20180605, build timestamp: 2018-06-05T17:11:56Z, git hash: 84205aa28f11a4f31f2a3b86d1bba2cc8ab69827
2019-09-12 01:59:46,209 [main] INFO  handler.ContextHandler (ContextHandler.java:doStart(781)) - Started o.e.j.s.ServletContextHandler@6a916402{/logs,file:///workdir/hadoop-ozone/integration-test/target/log,AVAILABLE}
2019-09-12 01:59:46,210 [main] INFO  handler.ContextHandler (ContextHandler.java:doStart(781)) - Started o.e.j.s.ServletContextHandler@6d2a2560{/static,file:///workdir/hadoop-ozone/integration-test/target/test-classes/webapps/static,AVAILABLE}
2019-09-12 01:59:46,216 [main] INFO  handler.ContextHandler (ContextHandler.java:doStart(781)) - Started o.e.j.w.WebAppContext@72503b19{/,file:///workdir/hadoop-ozone/integration-test/target/test-classes/webapps/scm/,AVAILABLE}{/scm}
2019-09-12 01:59:46,216 [main] INFO  server.AbstractConnector (AbstractConnector.java:doStart(278)) - Started ServerConnector@1cfc2538{HTTP/1.1,[http/1.1]}{0.0.0.0:34686}
2019-09-12 01:59:46,217 [main] INFO  server.Server (Server.java:doStart(419)) - Started @47418ms
2019-09-12 01:59:46,217 [main] WARN  impl.MetricsSystemImpl (MetricsSystemImpl.java:register(276)) - Sink prometheus already exists!
2019-09-12 01:59:46,218 [main] INFO  server.BaseHttpServer (BaseHttpServer.java:updateConnectorAddress(215)) - HTTP server of SCM is listening at http://0.0.0.0:34686
2019-09-12 01:59:46,219 [main] WARN  server.ServerUtils (ServerUtils.java:getDBPath(222)) - ozone.om.db.dirs is not configured. We recommend adding this setting. Falling back to ozone.metadata.dirs instead.
2019-09-12 01:59:46,219 [org.apache.hadoop.util.JvmPauseMonitor$Monitor@5d342959] INFO  util.JvmPauseMonitor (JvmPauseMonitor.java:run(188)) - Starting JVM pause monitor
2019-09-12 01:59:46,242 [main] WARN  server.ServerUtils (ServerUtils.java:getDBPath(222)) - ozone.om.db.dirs is not configured. We recommend adding this setting. Falling back to ozone.metadata.dirs instead.
2019-09-12 01:59:46,243 [main] WARN  server.ServerUtils (ServerUtils.java:getDBPath(222)) - ozone.om.db.dirs is not configured. We recommend adding this setting. Falling back to ozone.metadata.dirs instead.
2019-09-12 01:59:46,243 [main] INFO  om.OzoneManager (OzoneManager.java:setOMNodeDetails(649)) - OM Service ID is not set. Setting it to the default ID: omServiceIdDefault
2019-09-12 01:59:46,243 [main] INFO  om.OzoneManager (OzoneManager.java:setOMNodeDetails(655)) - OM Node ID is not set. Setting it to the OmStorage's OmID: f39c5e20-22f3-4453-9fe7-6b02b600ef04
2019-09-12 01:59:46,243 [main] INFO  om.OzoneManager (OzoneManager.java:loadOMHAConfigs(606)) - Found matching OM address with OMServiceId: null, OMNodeId: null, RPC Address: localhost:0 and Ratis port: 9872
2019-09-12 01:59:46,250 [main] WARN  server.ServerUtils (ServerUtils.java:getDBPath(222)) - ozone.om.db.dirs is not configured. We recommend adding this setting. Falling back to ozone.metadata.dirs instead.
2019-09-12 01:59:46,251 [main] INFO  db.DBStoreBuilder (DBStoreBuilder.java:addTable(110)) - using custom profile for table: userTable
2019-09-12 01:59:46,251 [main] INFO  db.DBStoreBuilder (DBStoreBuilder.java:processTables(161)) - Using default column profile:DBProfile.DISK for Table:userTable
2019-09-12 01:59:46,251 [main] INFO  db.DBStoreBuilder (DBStoreBuilder.java:addTable(110)) - using custom profile for table: volumeTable
2019-09-12 01:59:46,251 [main] INFO  db.DBStoreBuilder (DBStoreBuilder.java:processTables(161)) - Using default column profile:DBProfile.DISK for Table:volumeTable
2019-09-12 01:59:46,252 [main] INFO  db.DBStoreBuilder (DBStoreBuilder.java:addTable(110)) - using custom profile for table: bucketTable
2019-09-12 01:59:46,252 [main] INFO  db.DBStoreBuilder (DBStoreBuilder.java:processTables(161)) - Using default column profile:DBProfile.DISK for Table:bucketTable
2019-09-12 01:59:46,252 [main] INFO  db.DBStoreBuilder (DBStoreBuilder.java:addTable(110)) - using custom profile for table: keyTable
2019-09-12 01:59:46,252 [main] INFO  db.DBStoreBuilder (DBStoreBuilder.java:processTables(161)) - Using default column profile:DBProfile.DISK for Table:keyTable
2019-09-12 01:59:46,252 [main] INFO  db.DBStoreBuilder (DBStoreBuilder.java:addTable(110)) - using custom profile for table: deletedTable
2019-09-12 01:59:46,252 [main] INFO  db.DBStoreBuilder (DBStoreBuilder.java:processTables(161)) - Using default column profile:DBProfile.DISK for Table:deletedTable
2019-09-12 01:59:46,253 [main] INFO  db.DBStoreBuilder (DBStoreBuilder.java:addTable(110)) - using custom profile for table: openKeyTable
2019-09-12 01:59:46,253 [main] INFO  db.DBStoreBuilder (DBStoreBuilder.java:processTables(161)) - Using default column profile:DBProfile.DISK for Table:openKeyTable
2019-09-12 01:59:46,253 [main] INFO  db.DBStoreBuilder (DBStoreBuilder.java:addTable(110)) - using custom profile for table: s3Table
2019-09-12 01:59:46,253 [main] INFO  db.DBStoreBuilder (DBStoreBuilder.java:processTables(161)) - Using default column profile:DBProfile.DISK for Table:s3Table
2019-09-12 01:59:46,253 [main] INFO  db.DBStoreBuilder (DBStoreBuilder.java:addTable(110)) - using custom profile for table: multipartInfoTable
2019-09-12 01:59:46,254 [main] INFO  db.DBStoreBuilder (DBStoreBuilder.java:processTables(161)) - Using default column profile:DBProfile.DISK for Table:multipartInfoTable
2019-09-12 01:59:46,254 [main] INFO  db.DBStoreBuilder (DBStoreBuilder.java:addTable(110)) - using custom profile for table: dTokenTable
2019-09-12 01:59:46,254 [main] INFO  db.DBStoreBuilder (DBStoreBuilder.java:processTables(161)) - Using default column profile:DBProfile.DISK for Table:dTokenTable
2019-09-12 01:59:46,254 [main] INFO  db.DBStoreBuilder (DBStoreBuilder.java:addTable(110)) - using custom profile for table: s3SecretTable
2019-09-12 01:59:46,254 [main] INFO  db.DBStoreBuilder (DBStoreBuilder.java:processTables(161)) - Using default column profile:DBProfile.DISK for Table:s3SecretTable
2019-09-12 01:59:46,255 [main] INFO  db.DBStoreBuilder (DBStoreBuilder.java:addTable(110)) - using custom profile for table: prefixTable
2019-09-12 01:59:46,255 [main] INFO  db.DBStoreBuilder (DBStoreBuilder.java:processTables(161)) - Using default column profile:DBProfile.DISK for Table:prefixTable
2019-09-12 01:59:46,255 [main] INFO  db.DBStoreBuilder (DBStoreBuilder.java:addTable(110)) - using custom profile for table: default
2019-09-12 01:59:46,255 [main] INFO  db.DBStoreBuilder (DBStoreBuilder.java:processTables(167)) - Using default column profile:DBProfile.DISK for Table:default
2019-09-12 01:59:46,255 [main] INFO  db.DBStoreBuilder (DBStoreBuilder.java:getDbProfile(198)) - Using default options. DBProfile.DISK
2019-09-12 01:59:46,950 [main] INFO  ipc.CallQueueManager (CallQueueManager.java:<init>(84)) - Using callQueue: class java.util.concurrent.LinkedBlockingQueue, queueCapacity: 2000, scheduler: class org.apache.hadoop.ipc.DefaultRpcScheduler, ipcBackoff: false.
2019-09-12 01:59:46,952 [Socket Reader #1 for port 45960] INFO  ipc.Server (Server.java:run(1074)) - Starting Socket Reader #1 for port 45960
2019-09-12 01:59:46,972 [main] INFO  om.OzoneManager (OzoneManager.java:start(1240)) - OzoneManager RPC server is listening at localhost/127.0.0.1:45960
2019-09-12 01:59:46,973 [main] INFO  impl.MetricsSystemImpl (MetricsSystemImpl.java:init(158)) - OzoneManager metrics system started (again)
2019-09-12 01:59:46,974 [IPC Server Responder] INFO  ipc.Server (Server.java:run(1314)) - IPC Server Responder: starting
2019-09-12 01:59:46,974 [IPC Server listener on 45960] INFO  ipc.Server (Server.java:run(1153)) - IPC Server listener on 45960: starting
2019-09-12 01:59:46,980 [main] INFO  hdfs.DFSUtil (DFSUtil.java:httpServerTemplateForNNAndJN(1641)) - Starting Web-server for ozoneManager at: http://0.0.0.0:0
2019-09-12 01:59:46,982 [main] INFO  server.AuthenticationFilter (AuthenticationFilter.java:constructSecretProvider(240)) - Unable to initialize FileSignerSecretProvider, falling back to use random secrets.
2019-09-12 01:59:46,982 [main] WARN  http.HttpRequestLog (HttpRequestLog.java:getRequestLog(97)) - Jetty request log can only be enabled using Log4j
2019-09-12 01:59:46,985 [main] INFO  http.HttpServer2 (HttpServer2.java:addGlobalFilter(975)) - Added global filter 'safety' (class=org.apache.hadoop.http.HttpServer2$QuotingInputFilter)
2019-09-12 01:59:46,986 [main] INFO  http.HttpServer2 (HttpServer2.java:addFilter(948)) - Added filter static_user_filter (class=org.apache.hadoop.http.lib.StaticUserWebFilter$StaticUserFilter) to context ozoneManager
2019-09-12 01:59:46,986 [main] INFO  http.HttpServer2 (HttpServer2.java:addFilter(958)) - Added filter static_user_filter (class=org.apache.hadoop.http.lib.StaticUserWebFilter$StaticUserFilter) to context logs
2019-09-12 01:59:46,986 [main] INFO  http.HttpServer2 (HttpServer2.java:addFilter(958)) - Added filter static_user_filter (class=org.apache.hadoop.http.lib.StaticUserWebFilter$StaticUserFilter) to context static
2019-09-12 01:59:46,987 [main] INFO  http.HttpServer2 (HttpServer2.java:bindListener(1191)) - Jetty bound to port 36790
2019-09-12 01:59:46,987 [main] INFO  server.Server (Server.java:doStart(351)) - jetty-9.3.24.v20180605, build timestamp: 2018-06-05T17:11:56Z, git hash: 84205aa28f11a4f31f2a3b86d1bba2cc8ab69827
2019-09-12 01:59:46,989 [main] INFO  handler.ContextHandler (ContextHandler.java:doStart(781)) - Started o.e.j.s.ServletContextHandler@3eb3232b{/logs,file:///workdir/hadoop-ozone/integration-test/target/log,AVAILABLE}
2019-09-12 01:59:46,990 [main] INFO  handler.ContextHandler (ContextHandler.java:doStart(781)) - Started o.e.j.s.ServletContextHandler@60bb7995{/static,file:///workdir/hadoop-ozone/integration-test/target/test-classes/webapps/static,AVAILABLE}
2019-09-12 01:59:46,996 [main] INFO  handler.ContextHandler (ContextHandler.java:doStart(781)) - Started o.e.j.w.WebAppContext@2d760326{/,file:///workdir/hadoop-ozone/integration-test/target/test-classes/webapps/ozoneManager/,AVAILABLE}{/ozoneManager}
2019-09-12 01:59:46,997 [main] INFO  server.AbstractConnector (AbstractConnector.java:doStart(278)) - Started ServerConnector@9e54c59{HTTP/1.1,[http/1.1]}{0.0.0.0:36790}
2019-09-12 01:59:46,998 [main] INFO  server.Server (Server.java:doStart(419)) - Started @48199ms
2019-09-12 01:59:46,998 [main] WARN  impl.MetricsSystemImpl (MetricsSystemImpl.java:register(276)) - Sink prometheus already exists!
2019-09-12 01:59:46,999 [main] INFO  server.BaseHttpServer (BaseHttpServer.java:updateConnectorAddress(215)) - HTTP server of OZONEMANAGER is listening at http://0.0.0.0:36790
2019-09-12 01:59:47,034 [main] INFO  impl.MetricsSystemImpl (MetricsSystemImpl.java:init(158)) - HddsDatanode metrics system started (again)
2019-09-12 01:59:47,037 [main] INFO  ozone.HddsDatanodeService (HddsDatanodeService.java:start(184)) - HddsDatanodeService host:pr-hdds-2007-7njtk-1085629304 ip:192.168.5.171
2019-09-12 01:59:47,043 [main] INFO  volume.HddsVolume (HddsVolume.java:<init>(176)) - Creating Volume: /workdir/hadoop-ozone/integration-test/target/test-dir/MiniOzoneClusterImpl-e005c837-da8a-4f19-87c0-c8547cff9190/datanode-0/data/containers/hdds of  storage type : DISK and capacity : 1482555576320
2019-09-12 01:59:47,044 [main] INFO  volume.VolumeSet (VolumeSet.java:initializeVolumeSet(170)) - Added Volume : /workdir/hadoop-ozone/integration-test/target/test-dir/MiniOzoneClusterImpl-e005c837-da8a-4f19-87c0-c8547cff9190/datanode-0/data/containers/hdds to VolumeSet
2019-09-12 01:59:47,044 [main] INFO  volume.ThrottledAsyncChecker (ThrottledAsyncChecker.java:schedule(140)) - Scheduling a check for org.apache.hadoop.ozone.container.common.volume.HddsVolume@2dbfcf7
2019-09-12 01:59:47,045 [main] INFO  volume.HddsVolumeChecker (HddsVolumeChecker.java:checkAllVolumes(203)) - Scheduled health check for volume org.apache.hadoop.ozone.container.common.volume.HddsVolume@2dbfcf7
2019-09-12 01:59:47,061 [main] INFO  impl.RaftServerProxy (ConfUtils.java:logGet(43)) - raft.rpc.type = GRPC (default)
2019-09-12 01:59:47,062 [main] INFO  grpc.GrpcFactory (GrpcFactory.java:checkPooledByteBufAllocatorUseCacheForAllThreads(45)) - PERFORMANCE WARNING: useCacheForAllThreads is true that may cause Netty to create a lot garbage objects and, as a result, trigger GC.
	It is recommended to disable useCacheForAllThreads by setting -Dorg.apache.ratis.thirdparty.io.netty.allocator.useCacheForAllThreads=false in command line.
2019-09-12 01:59:47,062 [main] INFO  grpc.GrpcConfigKeys$Server (ConfUtils.java:logGet(43)) - raft.grpc.server.port = 0 (default)
2019-09-12 01:59:47,062 [main] INFO  server.GrpcService (ConfUtils.java:logGet(43)) - raft.grpc.message.size.max = 33570816 (custom)
2019-09-12 01:59:47,062 [main] INFO  server.RaftServerConfigKeys (ConfUtils.java:logGet(43)) - raft.server.log.appender.buffer.byte-limit = 33554432 (custom)
2019-09-12 01:59:47,063 [main] INFO  server.GrpcService (ConfUtils.java:logGet(43)) - raft.grpc.flow.control.window = 1MB (=1048576) (default)
2019-09-12 01:59:47,063 [main] INFO  server.RaftServerConfigKeys (ConfUtils.java:logGet(43)) - raft.server.rpc.request.timeout = 3000ms (default)
2019-09-12 01:59:47,064 [main] INFO  server.RaftServerConfigKeys (ConfUtils.java:logGet(43)) - raft.server.storage.dir = [/workdir/hadoop-ozone/integration-test/target/test-dir/MiniOzoneClusterImpl-e005c837-da8a-4f19-87c0-c8547cff9190/datanode-0/data/ratis] (custom)
2019-09-12 01:59:47,066 [main] INFO  hdfs.DFSUtil (DFSUtil.java:httpServerTemplateForNNAndJN(1641)) - Starting Web-server for hddsDatanode at: http://0.0.0.0:0
2019-09-12 01:59:47,067 [main] INFO  server.AuthenticationFilter (AuthenticationFilter.java:constructSecretProvider(240)) - Unable to initialize FileSignerSecretProvider, falling back to use random secrets.
2019-09-12 01:59:47,068 [main] WARN  http.HttpRequestLog (HttpRequestLog.java:getRequestLog(97)) - Jetty request log can only be enabled using Log4j
2019-09-12 01:59:47,070 [main] INFO  http.HttpServer2 (HttpServer2.java:addGlobalFilter(975)) - Added global filter 'safety' (class=org.apache.hadoop.http.HttpServer2$QuotingInputFilter)
2019-09-12 01:59:47,070 [main] INFO  http.HttpServer2 (HttpServer2.java:addFilter(948)) - Added filter static_user_filter (class=org.apache.hadoop.http.lib.StaticUserWebFilter$StaticUserFilter) to context hddsDatanode
2019-09-12 01:59:47,071 [main] INFO  http.HttpServer2 (HttpServer2.java:addFilter(958)) - Added filter static_user_filter (class=org.apache.hadoop.http.lib.StaticUserWebFilter$StaticUserFilter) to context static
2019-09-12 01:59:47,071 [main] INFO  http.HttpServer2 (HttpServer2.java:addFilter(958)) - Added filter static_user_filter (class=org.apache.hadoop.http.lib.StaticUserWebFilter$StaticUserFilter) to context logs
2019-09-12 01:59:47,072 [main] INFO  http.HttpServer2 (HttpServer2.java:bindListener(1191)) - Jetty bound to port 38903
2019-09-12 01:59:47,072 [main] INFO  server.Server (Server.java:doStart(351)) - jetty-9.3.24.v20180605, build timestamp: 2018-06-05T17:11:56Z, git hash: 84205aa28f11a4f31f2a3b86d1bba2cc8ab69827
2019-09-12 01:59:47,074 [main] INFO  handler.ContextHandler (ContextHandler.java:doStart(781)) - Started o.e.j.s.ServletContextHandler@6d08b4e6{/logs,file:///workdir/hadoop-ozone/integration-test/target/log,AVAILABLE}
2019-09-12 01:59:47,074 [main] INFO  handler.ContextHandler (ContextHandler.java:doStart(781)) - Started o.e.j.s.ServletContextHandler@1acb74ad{/static,jar:file:/home/user/.m2/repository/org/apache/hadoop/hadoop-hdds-container-service/0.5.0-SNAPSHOT/hadoop-hdds-container-service-0.5.0-SNAPSHOT.jar!/webapps/static,AVAILABLE}
2019-09-12 01:59:47,108 [main] INFO  handler.ContextHandler (ContextHandler.java:doStart(781)) - Started o.e.j.w.WebAppContext@e111c7c{/,file:///tmp/jetty-0.0.0.0-38903-hddsDatanode-_-any-8417109228307284591.dir/webapp/,AVAILABLE}{/hddsDatanode}
2019-09-12 01:59:47,108 [main] INFO  server.AbstractConnector (AbstractConnector.java:doStart(278)) - Started ServerConnector@4d0e54e0{HTTP/1.1,[http/1.1]}{0.0.0.0:38903}
2019-09-12 01:59:47,110 [main] INFO  server.Server (Server.java:doStart(419)) - Started @48311ms
2019-09-12 01:59:47,110 [main] WARN  impl.MetricsSystemImpl (MetricsSystemImpl.java:register(276)) - Sink prometheus already exists!
2019-09-12 01:59:47,111 [main] INFO  server.BaseHttpServer (BaseHttpServer.java:updateConnectorAddress(215)) - HTTP server of HDDSDATANODE is listening at http://0.0.0.0:38903
2019-09-12 01:59:47,111 [main] INFO  impl.MetricsSystemImpl (MetricsSystemImpl.java:init(158)) - HddsDatanode metrics system started (again)
2019-09-12 01:59:47,115 [main] INFO  ozone.HddsDatanodeService (HddsDatanodeService.java:start(184)) - HddsDatanodeService host:pr-hdds-2007-7njtk-1085629304 ip:192.168.5.171
2019-09-12 01:59:47,115 [org.apache.hadoop.util.JvmPauseMonitor$Monitor@55bc9467] INFO  util.JvmPauseMonitor (JvmPauseMonitor.java:run(188)) - Starting JVM pause monitor
2019-09-12 01:59:47,119 [Datanode State Machine Thread - 0] INFO  datanode.InitDatanodeState (InitDatanodeState.java:persistContainerDatanodeDetails(140)) - DatanodeDetails is persisted to /workdir/hadoop-ozone/integration-test/target/test-dir/MiniOzoneClusterImpl-e005c837-da8a-4f19-87c0-c8547cff9190/datanode-0/meta/datanode.id
2019-09-12 01:59:47,121 [main] INFO  volume.HddsVolume (HddsVolume.java:<init>(176)) - Creating Volume: /workdir/hadoop-ozone/integration-test/target/test-dir/MiniOzoneClusterImpl-e005c837-da8a-4f19-87c0-c8547cff9190/datanode-1/data/containers/hdds of  storage type : DISK and capacity : 1482555576320
2019-09-12 01:59:47,122 [main] INFO  volume.VolumeSet (VolumeSet.java:initializeVolumeSet(170)) - Added Volume : /workdir/hadoop-ozone/integration-test/target/test-dir/MiniOzoneClusterImpl-e005c837-da8a-4f19-87c0-c8547cff9190/datanode-1/data/containers/hdds to VolumeSet
2019-09-12 01:59:47,122 [main] INFO  volume.ThrottledAsyncChecker (ThrottledAsyncChecker.java:schedule(140)) - Scheduling a check for org.apache.hadoop.ozone.container.common.volume.HddsVolume@76d72b5b
2019-09-12 01:59:47,122 [main] INFO  volume.HddsVolumeChecker (HddsVolumeChecker.java:checkAllVolumes(203)) - Scheduled health check for volume org.apache.hadoop.ozone.container.common.volume.HddsVolume@76d72b5b
2019-09-12 01:59:47,136 [main] INFO  impl.RaftServerProxy (ConfUtils.java:logGet(43)) - raft.rpc.type = GRPC (default)
2019-09-12 01:59:47,137 [main] INFO  grpc.GrpcFactory (GrpcFactory.java:checkPooledByteBufAllocatorUseCacheForAllThreads(45)) - PERFORMANCE WARNING: useCacheForAllThreads is true that may cause Netty to create a lot garbage objects and, as a result, trigger GC.
	It is recommended to disable useCacheForAllThreads by setting -Dorg.apache.ratis.thirdparty.io.netty.allocator.useCacheForAllThreads=false in command line.
2019-09-12 01:59:47,137 [main] INFO  grpc.GrpcConfigKeys$Server (ConfUtils.java:logGet(43)) - raft.grpc.server.port = 0 (default)
2019-09-12 01:59:47,137 [main] INFO  server.GrpcService (ConfUtils.java:logGet(43)) - raft.grpc.message.size.max = 33570816 (custom)
2019-09-12 01:59:47,137 [main] INFO  server.RaftServerConfigKeys (ConfUtils.java:logGet(43)) - raft.server.log.appender.buffer.byte-limit = 33554432 (custom)
2019-09-12 01:59:47,137 [main] INFO  server.GrpcService (ConfUtils.java:logGet(43)) - raft.grpc.flow.control.window = 1MB (=1048576) (default)
2019-09-12 01:59:47,138 [main] INFO  server.RaftServerConfigKeys (ConfUtils.java:logGet(43)) - raft.server.rpc.request.timeout = 3000ms (default)
2019-09-12 01:59:47,138 [main] INFO  server.RaftServerConfigKeys (ConfUtils.java:logGet(43)) - raft.server.storage.dir = [/workdir/hadoop-ozone/integration-test/target/test-dir/MiniOzoneClusterImpl-e005c837-da8a-4f19-87c0-c8547cff9190/datanode-1/data/ratis] (custom)
2019-09-12 01:59:47,140 [main] INFO  hdfs.DFSUtil (DFSUtil.java:httpServerTemplateForNNAndJN(1641)) - Starting Web-server for hddsDatanode at: http://0.0.0.0:0
2019-09-12 01:59:47,141 [main] INFO  server.AuthenticationFilter (AuthenticationFilter.java:constructSecretProvider(240)) - Unable to initialize FileSignerSecretProvider, falling back to use random secrets.
2019-09-12 01:59:47,141 [main] WARN  http.HttpRequestLog (HttpRequestLog.java:getRequestLog(97)) - Jetty request log can only be enabled using Log4j
2019-09-12 01:59:47,143 [main] INFO  http.HttpServer2 (HttpServer2.java:addGlobalFilter(975)) - Added global filter 'safety' (class=org.apache.hadoop.http.HttpServer2$QuotingInputFilter)
2019-09-12 01:59:47,143 [main] INFO  http.HttpServer2 (HttpServer2.java:addFilter(948)) - Added filter static_user_filter (class=org.apache.hadoop.http.lib.StaticUserWebFilter$StaticUserFilter) to context hddsDatanode
2019-09-12 01:59:47,143 [main] INFO  http.HttpServer2 (HttpServer2.java:addFilter(958)) - Added filter static_user_filter (class=org.apache.hadoop.http.lib.StaticUserWebFilter$StaticUserFilter) to context logs
2019-09-12 01:59:47,143 [main] INFO  http.HttpServer2 (HttpServer2.java:addFilter(958)) - Added filter static_user_filter (class=org.apache.hadoop.http.lib.StaticUserWebFilter$StaticUserFilter) to context static
2019-09-12 01:59:47,144 [main] INFO  http.HttpServer2 (HttpServer2.java:bindListener(1191)) - Jetty bound to port 43070
2019-09-12 01:59:47,144 [main] INFO  server.Server (Server.java:doStart(351)) - jetty-9.3.24.v20180605, build timestamp: 2018-06-05T17:11:56Z, git hash: 84205aa28f11a4f31f2a3b86d1bba2cc8ab69827
2019-09-12 01:59:47,146 [main] INFO  handler.ContextHandler (ContextHandler.java:doStart(781)) - Started o.e.j.s.ServletContextHandler@ffd4cba{/logs,file:///workdir/hadoop-ozone/integration-test/target/log,AVAILABLE}
2019-09-12 01:59:47,147 [main] INFO  handler.ContextHandler (ContextHandler.java:doStart(781)) - Started o.e.j.s.ServletContextHandler@670f2466{/static,jar:file:/home/user/.m2/repository/org/apache/hadoop/hadoop-hdds-container-service/0.5.0-SNAPSHOT/hadoop-hdds-container-service-0.5.0-SNAPSHOT.jar!/webapps/static,AVAILABLE}
2019-09-12 01:59:47,174 [main] INFO  handler.ContextHandler (ContextHandler.java:doStart(781)) - Started o.e.j.w.WebAppContext@12a2585b{/,file:///tmp/jetty-0.0.0.0-43070-hddsDatanode-_-any-757507189249923493.dir/webapp/,AVAILABLE}{/hddsDatanode}
2019-09-12 01:59:47,175 [main] INFO  server.AbstractConnector (AbstractConnector.java:doStart(278)) - Started ServerConnector@21b6c9c2{HTTP/1.1,[http/1.1]}{0.0.0.0:43070}
2019-09-12 01:59:47,176 [main] INFO  server.Server (Server.java:doStart(419)) - Started @48377ms
2019-09-12 01:59:47,176 [main] WARN  impl.MetricsSystemImpl (MetricsSystemImpl.java:register(276)) - Sink prometheus already exists!
2019-09-12 01:59:47,177 [main] INFO  server.BaseHttpServer (BaseHttpServer.java:updateConnectorAddress(215)) - HTTP server of HDDSDATANODE is listening at http://0.0.0.0:43070
2019-09-12 01:59:47,177 [main] INFO  impl.MetricsSystemImpl (MetricsSystemImpl.java:init(158)) - HddsDatanode metrics system started (again)
2019-09-12 01:59:47,181 [main] INFO  ozone.HddsDatanodeService (HddsDatanodeService.java:start(184)) - HddsDatanodeService host:pr-hdds-2007-7njtk-1085629304 ip:192.168.5.171
2019-09-12 01:59:47,181 [org.apache.hadoop.util.JvmPauseMonitor$Monitor@33fcddf4] INFO  util.JvmPauseMonitor (JvmPauseMonitor.java:run(188)) - Starting JVM pause monitor
2019-09-12 01:59:47,182 [Datanode State Machine Thread - 0] INFO  datanode.InitDatanodeState (InitDatanodeState.java:persistContainerDatanodeDetails(140)) - DatanodeDetails is persisted to /workdir/hadoop-ozone/integration-test/target/test-dir/MiniOzoneClusterImpl-e005c837-da8a-4f19-87c0-c8547cff9190/datanode-1/meta/datanode.id
2019-09-12 01:59:47,187 [main] INFO  volume.HddsVolume (HddsVolume.java:<init>(176)) - Creating Volume: /workdir/hadoop-ozone/integration-test/target/test-dir/MiniOzoneClusterImpl-e005c837-da8a-4f19-87c0-c8547cff9190/datanode-2/data/containers/hdds of  storage type : DISK and capacity : 1482555576320
2019-09-12 01:59:47,187 [main] INFO  volume.VolumeSet (VolumeSet.java:initializeVolumeSet(170)) - Added Volume : /workdir/hadoop-ozone/integration-test/target/test-dir/MiniOzoneClusterImpl-e005c837-da8a-4f19-87c0-c8547cff9190/datanode-2/data/containers/hdds to VolumeSet
2019-09-12 01:59:47,187 [main] INFO  volume.ThrottledAsyncChecker (ThrottledAsyncChecker.java:schedule(140)) - Scheduling a check for org.apache.hadoop.ozone.container.common.volume.HddsVolume@35c4e864
2019-09-12 01:59:47,188 [main] INFO  volume.HddsVolumeChecker (HddsVolumeChecker.java:checkAllVolumes(203)) - Scheduled health check for volume org.apache.hadoop.ozone.container.common.volume.HddsVolume@35c4e864
2019-09-12 01:59:47,202 [main] INFO  impl.RaftServerProxy (ConfUtils.java:logGet(43)) - raft.rpc.type = GRPC (default)
2019-09-12 01:59:47,202 [main] INFO  grpc.GrpcFactory (GrpcFactory.java:checkPooledByteBufAllocatorUseCacheForAllThreads(45)) - PERFORMANCE WARNING: useCacheForAllThreads is true that may cause Netty to create a lot garbage objects and, as a result, trigger GC.
	It is recommended to disable useCacheForAllThreads by setting -Dorg.apache.ratis.thirdparty.io.netty.allocator.useCacheForAllThreads=false in command line.
2019-09-12 01:59:47,202 [main] INFO  grpc.GrpcConfigKeys$Server (ConfUtils.java:logGet(43)) - raft.grpc.server.port = 0 (default)
2019-09-12 01:59:47,202 [main] INFO  server.GrpcService (ConfUtils.java:logGet(43)) - raft.grpc.message.size.max = 33570816 (custom)
2019-09-12 01:59:47,203 [main] INFO  server.RaftServerConfigKeys (ConfUtils.java:logGet(43)) - raft.server.log.appender.buffer.byte-limit = 33554432 (custom)
2019-09-12 01:59:47,203 [main] INFO  server.GrpcService (ConfUtils.java:logGet(43)) - raft.grpc.flow.control.window = 1MB (=1048576) (default)
2019-09-12 01:59:47,203 [main] INFO  server.RaftServerConfigKeys (ConfUtils.java:logGet(43)) - raft.server.rpc.request.timeout = 3000ms (default)
2019-09-12 01:59:47,204 [main] INFO  server.RaftServerConfigKeys (ConfUtils.java:logGet(43)) - raft.server.storage.dir = [/workdir/hadoop-ozone/integration-test/target/test-dir/MiniOzoneClusterImpl-e005c837-da8a-4f19-87c0-c8547cff9190/datanode-2/data/ratis] (custom)
2019-09-12 01:59:47,205 [main] INFO  hdfs.DFSUtil (DFSUtil.java:httpServerTemplateForNNAndJN(1641)) - Starting Web-server for hddsDatanode at: http://0.0.0.0:0
2019-09-12 01:59:47,206 [main] INFO  server.AuthenticationFilter (AuthenticationFilter.java:constructSecretProvider(240)) - Unable to initialize FileSignerSecretProvider, falling back to use random secrets.
2019-09-12 01:59:47,206 [main] WARN  http.HttpRequestLog (HttpRequestLog.java:getRequestLog(97)) - Jetty request log can only be enabled using Log4j
2019-09-12 01:59:47,208 [main] INFO  http.HttpServer2 (HttpServer2.java:addGlobalFilter(975)) - Added global filter 'safety' (class=org.apache.hadoop.http.HttpServer2$QuotingInputFilter)
2019-09-12 01:59:47,210 [main] INFO  http.HttpServer2 (HttpServer2.java:addFilter(948)) - Added filter static_user_filter (class=org.apache.hadoop.http.lib.StaticUserWebFilter$StaticUserFilter) to context hddsDatanode
2019-09-12 01:59:47,210 [main] INFO  http.HttpServer2 (HttpServer2.java:addFilter(958)) - Added filter static_user_filter (class=org.apache.hadoop.http.lib.StaticUserWebFilter$StaticUserFilter) to context static
2019-09-12 01:59:47,210 [main] INFO  http.HttpServer2 (HttpServer2.java:addFilter(958)) - Added filter static_user_filter (class=org.apache.hadoop.http.lib.StaticUserWebFilter$StaticUserFilter) to context logs
2019-09-12 01:59:47,211 [main] INFO  http.HttpServer2 (HttpServer2.java:bindListener(1191)) - Jetty bound to port 41893
2019-09-12 01:59:47,211 [main] INFO  server.Server (Server.java:doStart(351)) - jetty-9.3.24.v20180605, build timestamp: 2018-06-05T17:11:56Z, git hash: 84205aa28f11a4f31f2a3b86d1bba2cc8ab69827
2019-09-12 01:59:47,213 [main] INFO  handler.ContextHandler (ContextHandler.java:doStart(781)) - Started o.e.j.s.ServletContextHandler@4130955c{/logs,file:///workdir/hadoop-ozone/integration-test/target/log,AVAILABLE}
2019-09-12 01:59:47,213 [main] INFO  handler.ContextHandler (ContextHandler.java:doStart(781)) - Started o.e.j.s.ServletContextHandler@71adfedd{/static,jar:file:/home/user/.m2/repository/org/apache/hadoop/hadoop-hdds-container-service/0.5.0-SNAPSHOT/hadoop-hdds-container-service-0.5.0-SNAPSHOT.jar!/webapps/static,AVAILABLE}
2019-09-12 01:59:47,241 [main] INFO  handler.ContextHandler (ContextHandler.java:doStart(781)) - Started o.e.j.w.WebAppContext@6807a356{/,file:///tmp/jetty-0.0.0.0-41893-hddsDatanode-_-any-3811604664451217777.dir/webapp/,AVAILABLE}{/hddsDatanode}
2019-09-12 01:59:47,243 [main] INFO  server.AbstractConnector (AbstractConnector.java:doStart(278)) - Started ServerConnector@7ddd84b5{HTTP/1.1,[http/1.1]}{0.0.0.0:41893}
2019-09-12 01:59:47,244 [main] INFO  server.Server (Server.java:doStart(419)) - Started @48445ms
2019-09-12 01:59:47,244 [main] WARN  impl.MetricsSystemImpl (MetricsSystemImpl.java:register(276)) - Sink prometheus already exists!
2019-09-12 01:59:47,245 [main] INFO  server.BaseHttpServer (BaseHttpServer.java:updateConnectorAddress(215)) - HTTP server of HDDSDATANODE is listening at http://0.0.0.0:41893
2019-09-12 01:59:47,246 [main] INFO  impl.MetricsSystemImpl (MetricsSystemImpl.java:init(158)) - HddsDatanode metrics system started (again)
2019-09-12 01:59:47,249 [org.apache.hadoop.util.JvmPauseMonitor$Monitor@7674c7d5] INFO  util.JvmPauseMonitor (JvmPauseMonitor.java:run(188)) - Starting JVM pause monitor
2019-09-12 01:59:47,249 [main] INFO  ozone.HddsDatanodeService (HddsDatanodeService.java:start(184)) - HddsDatanodeService host:pr-hdds-2007-7njtk-1085629304 ip:192.168.5.171
2019-09-12 01:59:47,251 [Datanode State Machine Thread - 0] INFO  datanode.InitDatanodeState (InitDatanodeState.java:persistContainerDatanodeDetails(140)) - DatanodeDetails is persisted to /workdir/hadoop-ozone/integration-test/target/test-dir/MiniOzoneClusterImpl-e005c837-da8a-4f19-87c0-c8547cff9190/datanode-2/meta/datanode.id
2019-09-12 01:59:47,256 [main] INFO  volume.HddsVolume (HddsVolume.java:<init>(176)) - Creating Volume: /workdir/hadoop-ozone/integration-test/target/test-dir/MiniOzoneClusterImpl-e005c837-da8a-4f19-87c0-c8547cff9190/datanode-3/data/containers/hdds of  storage type : DISK and capacity : 1482555576320
2019-09-12 01:59:47,256 [main] INFO  volume.VolumeSet (VolumeSet.java:initializeVolumeSet(170)) - Added Volume : /workdir/hadoop-ozone/integration-test/target/test-dir/MiniOzoneClusterImpl-e005c837-da8a-4f19-87c0-c8547cff9190/datanode-3/data/containers/hdds to VolumeSet
2019-09-12 01:59:47,256 [main] INFO  volume.ThrottledAsyncChecker (ThrottledAsyncChecker.java:schedule(140)) - Scheduling a check for org.apache.hadoop.ozone.container.common.volume.HddsVolume@1fbf088b
2019-09-12 01:59:47,256 [main] INFO  volume.HddsVolumeChecker (HddsVolumeChecker.java:checkAllVolumes(203)) - Scheduled health check for volume org.apache.hadoop.ozone.container.common.volume.HddsVolume@1fbf088b
2019-09-12 01:59:47,273 [main] INFO  impl.RaftServerProxy (ConfUtils.java:logGet(43)) - raft.rpc.type = GRPC (default)
2019-09-12 01:59:47,273 [main] INFO  grpc.GrpcFactory (GrpcFactory.java:checkPooledByteBufAllocatorUseCacheForAllThreads(45)) - PERFORMANCE WARNING: useCacheForAllThreads is true that may cause Netty to create a lot garbage objects and, as a result, trigger GC.
	It is recommended to disable useCacheForAllThreads by setting -Dorg.apache.ratis.thirdparty.io.netty.allocator.useCacheForAllThreads=false in command line.
2019-09-12 01:59:47,273 [main] INFO  grpc.GrpcConfigKeys$Server (ConfUtils.java:logGet(43)) - raft.grpc.server.port = 0 (default)
2019-09-12 01:59:47,274 [main] INFO  server.GrpcService (ConfUtils.java:logGet(43)) - raft.grpc.message.size.max = 33570816 (custom)
2019-09-12 01:59:47,274 [main] INFO  server.RaftServerConfigKeys (ConfUtils.java:logGet(43)) - raft.server.log.appender.buffer.byte-limit = 33554432 (custom)
2019-09-12 01:59:47,274 [main] INFO  server.GrpcService (ConfUtils.java:logGet(43)) - raft.grpc.flow.control.window = 1MB (=1048576) (default)
2019-09-12 01:59:47,274 [main] INFO  server.RaftServerConfigKeys (ConfUtils.java:logGet(43)) - raft.server.rpc.request.timeout = 3000ms (default)
2019-09-12 01:59:47,275 [main] INFO  server.RaftServerConfigKeys (ConfUtils.java:logGet(43)) - raft.server.storage.dir = [/workdir/hadoop-ozone/integration-test/target/test-dir/MiniOzoneClusterImpl-e005c837-da8a-4f19-87c0-c8547cff9190/datanode-3/data/ratis] (custom)
2019-09-12 01:59:47,276 [main] INFO  hdfs.DFSUtil (DFSUtil.java:httpServerTemplateForNNAndJN(1641)) - Starting Web-server for hddsDatanode at: http://0.0.0.0:0
2019-09-12 01:59:47,277 [main] INFO  server.AuthenticationFilter (AuthenticationFilter.java:constructSecretProvider(240)) - Unable to initialize FileSignerSecretProvider, falling back to use random secrets.
2019-09-12 01:59:47,277 [main] WARN  http.HttpRequestLog (HttpRequestLog.java:getRequestLog(97)) - Jetty request log can only be enabled using Log4j
2019-09-12 01:59:47,279 [main] INFO  http.HttpServer2 (HttpServer2.java:addGlobalFilter(975)) - Added global filter 'safety' (class=org.apache.hadoop.http.HttpServer2$QuotingInputFilter)
2019-09-12 01:59:47,279 [main] INFO  http.HttpServer2 (HttpServer2.java:addFilter(948)) - Added filter static_user_filter (class=org.apache.hadoop.http.lib.StaticUserWebFilter$StaticUserFilter) to context hddsDatanode
2019-09-12 01:59:47,279 [main] INFO  http.HttpServer2 (HttpServer2.java:addFilter(958)) - Added filter static_user_filter (class=org.apache.hadoop.http.lib.StaticUserWebFilter$StaticUserFilter) to context static
2019-09-12 01:59:47,279 [main] INFO  http.HttpServer2 (HttpServer2.java:addFilter(958)) - Added filter static_user_filter (class=org.apache.hadoop.http.lib.StaticUserWebFilter$StaticUserFilter) to context logs
2019-09-12 01:59:47,281 [main] INFO  http.HttpServer2 (HttpServer2.java:bindListener(1191)) - Jetty bound to port 34423
2019-09-12 01:59:47,281 [main] INFO  server.Server (Server.java:doStart(351)) - jetty-9.3.24.v20180605, build timestamp: 2018-06-05T17:11:56Z, git hash: 84205aa28f11a4f31f2a3b86d1bba2cc8ab69827
2019-09-12 01:59:47,282 [main] INFO  handler.ContextHandler (ContextHandler.java:doStart(781)) - Started o.e.j.s.ServletContextHandler@2db1b657{/logs,file:///workdir/hadoop-ozone/integration-test/target/log,AVAILABLE}
2019-09-12 01:59:47,283 [main] INFO  handler.ContextHandler (ContextHandler.java:doStart(781)) - Started o.e.j.s.ServletContextHandler@43c57161{/static,jar:file:/home/user/.m2/repository/org/apache/hadoop/hadoop-hdds-container-service/0.5.0-SNAPSHOT/hadoop-hdds-container-service-0.5.0-SNAPSHOT.jar!/webapps/static,AVAILABLE}
2019-09-12 01:59:47,310 [main] INFO  handler.ContextHandler (ContextHandler.java:doStart(781)) - Started o.e.j.w.WebAppContext@14c93774{/,file:///tmp/jetty-0.0.0.0-34423-hddsDatanode-_-any-6800381506336691174.dir/webapp/,AVAILABLE}{/hddsDatanode}
2019-09-12 01:59:47,310 [main] INFO  server.AbstractConnector (AbstractConnector.java:doStart(278)) - Started ServerConnector@62a68bcb{HTTP/1.1,[http/1.1]}{0.0.0.0:34423}
2019-09-12 01:59:47,312 [main] INFO  server.Server (Server.java:doStart(419)) - Started @48513ms
2019-09-12 01:59:47,312 [main] WARN  impl.MetricsSystemImpl (MetricsSystemImpl.java:register(276)) - Sink prometheus already exists!
2019-09-12 01:59:47,313 [main] INFO  server.BaseHttpServer (BaseHttpServer.java:updateConnectorAddress(215)) - HTTP server of HDDSDATANODE is listening at http://0.0.0.0:34423
2019-09-12 01:59:47,313 [main] INFO  impl.MetricsSystemImpl (MetricsSystemImpl.java:init(158)) - HddsDatanode metrics system started (again)
2019-09-12 01:59:47,318 [main] INFO  ozone.HddsDatanodeService (HddsDatanodeService.java:start(184)) - HddsDatanodeService host:pr-hdds-2007-7njtk-1085629304 ip:192.168.5.171
2019-09-12 01:59:47,318 [org.apache.hadoop.util.JvmPauseMonitor$Monitor@30b1c7b6] INFO  util.JvmPauseMonitor (JvmPauseMonitor.java:run(188)) - Starting JVM pause monitor
2019-09-12 01:59:47,320 [Datanode State Machine Thread - 0] INFO  datanode.InitDatanodeState (InitDatanodeState.java:persistContainerDatanodeDetails(140)) - DatanodeDetails is persisted to /workdir/hadoop-ozone/integration-test/target/test-dir/MiniOzoneClusterImpl-e005c837-da8a-4f19-87c0-c8547cff9190/datanode-3/meta/datanode.id
2019-09-12 01:59:47,325 [main] INFO  volume.HddsVolume (HddsVolume.java:<init>(176)) - Creating Volume: /workdir/hadoop-ozone/integration-test/target/test-dir/MiniOzoneClusterImpl-e005c837-da8a-4f19-87c0-c8547cff9190/datanode-4/data/containers/hdds of  storage type : DISK and capacity : 1482555576320
2019-09-12 01:59:47,325 [main] INFO  volume.VolumeSet (VolumeSet.java:initializeVolumeSet(170)) - Added Volume : /workdir/hadoop-ozone/integration-test/target/test-dir/MiniOzoneClusterImpl-e005c837-da8a-4f19-87c0-c8547cff9190/datanode-4/data/containers/hdds to VolumeSet
2019-09-12 01:59:47,326 [main] INFO  volume.ThrottledAsyncChecker (ThrottledAsyncChecker.java:schedule(140)) - Scheduling a check for org.apache.hadoop.ozone.container.common.volume.HddsVolume@4f654cee
2019-09-12 01:59:47,326 [main] INFO  volume.HddsVolumeChecker (HddsVolumeChecker.java:checkAllVolumes(203)) - Scheduled health check for volume org.apache.hadoop.ozone.container.common.volume.HddsVolume@4f654cee
2019-09-12 01:59:47,347 [main] INFO  impl.RaftServerProxy (ConfUtils.java:logGet(43)) - raft.rpc.type = GRPC (default)
2019-09-12 01:59:47,348 [main] INFO  grpc.GrpcFactory (GrpcFactory.java:checkPooledByteBufAllocatorUseCacheForAllThreads(45)) - PERFORMANCE WARNING: useCacheForAllThreads is true that may cause Netty to create a lot garbage objects and, as a result, trigger GC.
	It is recommended to disable useCacheForAllThreads by setting -Dorg.apache.ratis.thirdparty.io.netty.allocator.useCacheForAllThreads=false in command line.
2019-09-12 01:59:47,348 [main] INFO  grpc.GrpcConfigKeys$Server (ConfUtils.java:logGet(43)) - raft.grpc.server.port = 0 (default)
2019-09-12 01:59:47,348 [main] INFO  server.GrpcService (ConfUtils.java:logGet(43)) - raft.grpc.message.size.max = 33570816 (custom)
2019-09-12 01:59:47,349 [main] INFO  server.RaftServerConfigKeys (ConfUtils.java:logGet(43)) - raft.server.log.appender.buffer.byte-limit = 33554432 (custom)
2019-09-12 01:59:47,349 [main] INFO  server.GrpcService (ConfUtils.java:logGet(43)) - raft.grpc.flow.control.window = 1MB (=1048576) (default)
2019-09-12 01:59:47,349 [main] INFO  server.RaftServerConfigKeys (ConfUtils.java:logGet(43)) - raft.server.rpc.request.timeout = 3000ms (default)
2019-09-12 01:59:47,350 [main] INFO  server.RaftServerConfigKeys (ConfUtils.java:logGet(43)) - raft.server.storage.dir = [/workdir/hadoop-ozone/integration-test/target/test-dir/MiniOzoneClusterImpl-e005c837-da8a-4f19-87c0-c8547cff9190/datanode-4/data/ratis] (custom)
2019-09-12 01:59:47,352 [main] INFO  hdfs.DFSUtil (DFSUtil.java:httpServerTemplateForNNAndJN(1641)) - Starting Web-server for hddsDatanode at: http://0.0.0.0:0
2019-09-12 01:59:47,355 [main] INFO  server.AuthenticationFilter (AuthenticationFilter.java:constructSecretProvider(240)) - Unable to initialize FileSignerSecretProvider, falling back to use random secrets.
2019-09-12 01:59:47,355 [main] WARN  http.HttpRequestLog (HttpRequestLog.java:getRequestLog(97)) - Jetty request log can only be enabled using Log4j
2019-09-12 01:59:47,357 [main] INFO  http.HttpServer2 (HttpServer2.java:addGlobalFilter(975)) - Added global filter 'safety' (class=org.apache.hadoop.http.HttpServer2$QuotingInputFilter)
2019-09-12 01:59:47,359 [main] INFO  http.HttpServer2 (HttpServer2.java:addFilter(948)) - Added filter static_user_filter (class=org.apache.hadoop.http.lib.StaticUserWebFilter$StaticUserFilter) to context hddsDatanode
2019-09-12 01:59:47,359 [main] INFO  http.HttpServer2 (HttpServer2.java:addFilter(958)) - Added filter static_user_filter (class=org.apache.hadoop.http.lib.StaticUserWebFilter$StaticUserFilter) to context static
2019-09-12 01:59:47,359 [main] INFO  http.HttpServer2 (HttpServer2.java:addFilter(958)) - Added filter static_user_filter (class=org.apache.hadoop.http.lib.StaticUserWebFilter$StaticUserFilter) to context logs
2019-09-12 01:59:47,360 [main] INFO  http.HttpServer2 (HttpServer2.java:bindListener(1191)) - Jetty bound to port 45204
2019-09-12 01:59:47,361 [main] INFO  server.Server (Server.java:doStart(351)) - jetty-9.3.24.v20180605, build timestamp: 2018-06-05T17:11:56Z, git hash: 84205aa28f11a4f31f2a3b86d1bba2cc8ab69827
2019-09-12 01:59:47,364 [main] INFO  handler.ContextHandler (ContextHandler.java:doStart(781)) - Started o.e.j.s.ServletContextHandler@28a9494b{/logs,file:///workdir/hadoop-ozone/integration-test/target/log,AVAILABLE}
2019-09-12 01:59:47,365 [main] INFO  handler.ContextHandler (ContextHandler.java:doStart(781)) - Started o.e.j.s.ServletContextHandler@1163a27{/static,jar:file:/home/user/.m2/repository/org/apache/hadoop/hadoop-hdds-container-service/0.5.0-SNAPSHOT/hadoop-hdds-container-service-0.5.0-SNAPSHOT.jar!/webapps/static,AVAILABLE}
2019-09-12 01:59:47,409 [main] INFO  handler.ContextHandler (ContextHandler.java:doStart(781)) - Started o.e.j.w.WebAppContext@50eb4a2c{/,file:///tmp/jetty-0.0.0.0-45204-hddsDatanode-_-any-6685710159111460292.dir/webapp/,AVAILABLE}{/hddsDatanode}
2019-09-12 01:59:47,409 [main] INFO  server.AbstractConnector (AbstractConnector.java:doStart(278)) - Started ServerConnector@1a256d80{HTTP/1.1,[http/1.1]}{0.0.0.0:45204}
2019-09-12 01:59:47,411 [main] INFO  server.Server (Server.java:doStart(419)) - Started @48612ms
2019-09-12 01:59:47,411 [main] WARN  impl.MetricsSystemImpl (MetricsSystemImpl.java:register(276)) - Sink prometheus already exists!
2019-09-12 01:59:47,412 [main] INFO  server.BaseHttpServer (BaseHttpServer.java:updateConnectorAddress(215)) - HTTP server of HDDSDATANODE is listening at http://0.0.0.0:45204
2019-09-12 01:59:47,412 [main] INFO  impl.MetricsSystemImpl (MetricsSystemImpl.java:init(158)) - HddsDatanode metrics system started (again)
2019-09-12 01:59:47,418 [org.apache.hadoop.util.JvmPauseMonitor$Monitor@666fab9a] INFO  util.JvmPauseMonitor (JvmPauseMonitor.java:run(188)) - Starting JVM pause monitor
2019-09-12 01:59:47,418 [main] INFO  ozone.HddsDatanodeService (HddsDatanodeService.java:start(184)) - HddsDatanodeService host:pr-hdds-2007-7njtk-1085629304 ip:192.168.5.171
2019-09-12 01:59:47,419 [Datanode State Machine Thread - 0] INFO  datanode.InitDatanodeState (InitDatanodeState.java:persistContainerDatanodeDetails(140)) - DatanodeDetails is persisted to /workdir/hadoop-ozone/integration-test/target/test-dir/MiniOzoneClusterImpl-e005c837-da8a-4f19-87c0-c8547cff9190/datanode-4/meta/datanode.id
2019-09-12 01:59:47,425 [main] INFO  volume.HddsVolume (HddsVolume.java:<init>(176)) - Creating Volume: /workdir/hadoop-ozone/integration-test/target/test-dir/MiniOzoneClusterImpl-e005c837-da8a-4f19-87c0-c8547cff9190/datanode-5/data/containers/hdds of  storage type : DISK and capacity : 1482555576320
2019-09-12 01:59:47,425 [main] INFO  volume.VolumeSet (VolumeSet.java:initializeVolumeSet(170)) - Added Volume : /workdir/hadoop-ozone/integration-test/target/test-dir/MiniOzoneClusterImpl-e005c837-da8a-4f19-87c0-c8547cff9190/datanode-5/data/containers/hdds to VolumeSet
2019-09-12 01:59:47,425 [main] INFO  volume.ThrottledAsyncChecker (ThrottledAsyncChecker.java:schedule(140)) - Scheduling a check for org.apache.hadoop.ozone.container.common.volume.HddsVolume@27a09971
2019-09-12 01:59:47,426 [main] INFO  volume.HddsVolumeChecker (HddsVolumeChecker.java:checkAllVolumes(203)) - Scheduled health check for volume org.apache.hadoop.ozone.container.common.volume.HddsVolume@27a09971
2019-09-12 01:59:47,439 [main] INFO  impl.RaftServerProxy (ConfUtils.java:logGet(43)) - raft.rpc.type = GRPC (default)
2019-09-12 01:59:47,439 [main] INFO  grpc.GrpcFactory (GrpcFactory.java:checkPooledByteBufAllocatorUseCacheForAllThreads(45)) - PERFORMANCE WARNING: useCacheForAllThreads is true that may cause Netty to create a lot garbage objects and, as a result, trigger GC.
	It is recommended to disable useCacheForAllThreads by setting -Dorg.apache.ratis.thirdparty.io.netty.allocator.useCacheForAllThreads=false in command line.
2019-09-12 01:59:47,440 [main] INFO  grpc.GrpcConfigKeys$Server (ConfUtils.java:logGet(43)) - raft.grpc.server.port = 0 (default)
2019-09-12 01:59:47,440 [main] INFO  server.GrpcService (ConfUtils.java:logGet(43)) - raft.grpc.message.size.max = 33570816 (custom)
2019-09-12 01:59:47,440 [main] INFO  server.RaftServerConfigKeys (ConfUtils.java:logGet(43)) - raft.server.log.appender.buffer.byte-limit = 33554432 (custom)
2019-09-12 01:59:47,440 [main] INFO  server.GrpcService (ConfUtils.java:logGet(43)) - raft.grpc.flow.control.window = 1MB (=1048576) (default)
2019-09-12 01:59:47,440 [main] INFO  server.RaftServerConfigKeys (ConfUtils.java:logGet(43)) - raft.server.rpc.request.timeout = 3000ms (default)
2019-09-12 01:59:47,441 [main] INFO  server.RaftServerConfigKeys (ConfUtils.java:logGet(43)) - raft.server.storage.dir = [/workdir/hadoop-ozone/integration-test/target/test-dir/MiniOzoneClusterImpl-e005c837-da8a-4f19-87c0-c8547cff9190/datanode-5/data/ratis] (custom)
2019-09-12 01:59:47,442 [main] INFO  hdfs.DFSUtil (DFSUtil.java:httpServerTemplateForNNAndJN(1641)) - Starting Web-server for hddsDatanode at: http://0.0.0.0:0
2019-09-12 01:59:47,444 [main] INFO  server.AuthenticationFilter (AuthenticationFilter.java:constructSecretProvider(240)) - Unable to initialize FileSignerSecretProvider, falling back to use random secrets.
2019-09-12 01:59:47,444 [main] WARN  http.HttpRequestLog (HttpRequestLog.java:getRequestLog(97)) - Jetty request log can only be enabled using Log4j
2019-09-12 01:59:47,446 [main] INFO  http.HttpServer2 (HttpServer2.java:addGlobalFilter(975)) - Added global filter 'safety' (class=org.apache.hadoop.http.HttpServer2$QuotingInputFilter)
2019-09-12 01:59:47,446 [main] INFO  http.HttpServer2 (HttpServer2.java:addFilter(948)) - Added filter static_user_filter (class=org.apache.hadoop.http.lib.StaticUserWebFilter$StaticUserFilter) to context hddsDatanode
2019-09-12 01:59:47,446 [main] INFO  http.HttpServer2 (HttpServer2.java:addFilter(958)) - Added filter static_user_filter (class=org.apache.hadoop.http.lib.StaticUserWebFilter$StaticUserFilter) to context static
2019-09-12 01:59:47,447 [main] INFO  http.HttpServer2 (HttpServer2.java:addFilter(958)) - Added filter static_user_filter (class=org.apache.hadoop.http.lib.StaticUserWebFilter$StaticUserFilter) to context logs
2019-09-12 01:59:47,448 [main] INFO  http.HttpServer2 (HttpServer2.java:bindListener(1191)) - Jetty bound to port 42371
2019-09-12 01:59:47,448 [main] INFO  server.Server (Server.java:doStart(351)) - jetty-9.3.24.v20180605, build timestamp: 2018-06-05T17:11:56Z, git hash: 84205aa28f11a4f31f2a3b86d1bba2cc8ab69827
2019-09-12 01:59:47,450 [main] INFO  handler.ContextHandler (ContextHandler.java:doStart(781)) - Started o.e.j.s.ServletContextHandler@36d33f4{/logs,file:///workdir/hadoop-ozone/integration-test/target/log,AVAILABLE}
2019-09-12 01:59:47,450 [main] INFO  handler.ContextHandler (ContextHandler.java:doStart(781)) - Started o.e.j.s.ServletContextHandler@7c5d1d25{/static,jar:file:/home/user/.m2/repository/org/apache/hadoop/hadoop-hdds-container-service/0.5.0-SNAPSHOT/hadoop-hdds-container-service-0.5.0-SNAPSHOT.jar!/webapps/static,AVAILABLE}
2019-09-12 01:59:47,486 [main] INFO  handler.ContextHandler (ContextHandler.java:doStart(781)) - Started o.e.j.w.WebAppContext@18a19e{/,file:///tmp/jetty-0.0.0.0-42371-hddsDatanode-_-any-9170775645534446866.dir/webapp/,AVAILABLE}{/hddsDatanode}
2019-09-12 01:59:47,487 [main] INFO  server.AbstractConnector (AbstractConnector.java:doStart(278)) - Started ServerConnector@60a7e509{HTTP/1.1,[http/1.1]}{0.0.0.0:42371}
2019-09-12 01:59:47,489 [main] INFO  server.Server (Server.java:doStart(419)) - Started @48690ms
2019-09-12 01:59:47,489 [main] WARN  impl.MetricsSystemImpl (MetricsSystemImpl.java:register(276)) - Sink prometheus already exists!
2019-09-12 01:59:47,490 [main] INFO  server.BaseHttpServer (BaseHttpServer.java:updateConnectorAddress(215)) - HTTP server of HDDSDATANODE is listening at http://0.0.0.0:42371
2019-09-12 01:59:47,490 [main] INFO  impl.MetricsSystemImpl (MetricsSystemImpl.java:init(158)) - HddsDatanode metrics system started (again)
2019-09-12 01:59:47,496 [org.apache.hadoop.util.JvmPauseMonitor$Monitor@4dc11549] INFO  util.JvmPauseMonitor (JvmPauseMonitor.java:run(188)) - Starting JVM pause monitor
2019-09-12 01:59:47,496 [main] INFO  ozone.HddsDatanodeService (HddsDatanodeService.java:start(184)) - HddsDatanodeService host:pr-hdds-2007-7njtk-1085629304 ip:192.168.5.171
2019-09-12 01:59:47,497 [Datanode State Machine Thread - 0] INFO  datanode.InitDatanodeState (InitDatanodeState.java:persistContainerDatanodeDetails(140)) - DatanodeDetails is persisted to /workdir/hadoop-ozone/integration-test/target/test-dir/MiniOzoneClusterImpl-e005c837-da8a-4f19-87c0-c8547cff9190/datanode-5/meta/datanode.id
2019-09-12 01:59:47,503 [main] INFO  volume.HddsVolume (HddsVolume.java:<init>(176)) - Creating Volume: /workdir/hadoop-ozone/integration-test/target/test-dir/MiniOzoneClusterImpl-e005c837-da8a-4f19-87c0-c8547cff9190/datanode-6/data/containers/hdds of  storage type : DISK and capacity : 1482555576320
2019-09-12 01:59:47,503 [main] INFO  volume.VolumeSet (VolumeSet.java:initializeVolumeSet(170)) - Added Volume : /workdir/hadoop-ozone/integration-test/target/test-dir/MiniOzoneClusterImpl-e005c837-da8a-4f19-87c0-c8547cff9190/datanode-6/data/containers/hdds to VolumeSet
2019-09-12 01:59:47,504 [main] INFO  volume.ThrottledAsyncChecker (ThrottledAsyncChecker.java:schedule(140)) - Scheduling a check for org.apache.hadoop.ozone.container.common.volume.HddsVolume@3408f695
2019-09-12 01:59:47,504 [main] INFO  volume.HddsVolumeChecker (HddsVolumeChecker.java:checkAllVolumes(203)) - Scheduled health check for volume org.apache.hadoop.ozone.container.common.volume.HddsVolume@3408f695
2019-09-12 01:59:47,528 [main] INFO  impl.RaftServerProxy (ConfUtils.java:logGet(43)) - raft.rpc.type = GRPC (default)
2019-09-12 01:59:47,528 [main] INFO  grpc.GrpcFactory (GrpcFactory.java:checkPooledByteBufAllocatorUseCacheForAllThreads(45)) - PERFORMANCE WARNING: useCacheForAllThreads is true that may cause Netty to create a lot garbage objects and, as a result, trigger GC.
	It is recommended to disable useCacheForAllThreads by setting -Dorg.apache.ratis.thirdparty.io.netty.allocator.useCacheForAllThreads=false in command line.
2019-09-12 01:59:47,528 [main] INFO  grpc.GrpcConfigKeys$Server (ConfUtils.java:logGet(43)) - raft.grpc.server.port = 0 (default)
2019-09-12 01:59:47,529 [main] INFO  server.GrpcService (ConfUtils.java:logGet(43)) - raft.grpc.message.size.max = 33570816 (custom)
2019-09-12 01:59:47,529 [main] INFO  server.RaftServerConfigKeys (ConfUtils.java:logGet(43)) - raft.server.log.appender.buffer.byte-limit = 33554432 (custom)
2019-09-12 01:59:47,529 [main] INFO  server.GrpcService (ConfUtils.java:logGet(43)) - raft.grpc.flow.control.window = 1MB (=1048576) (default)
2019-09-12 01:59:47,530 [main] INFO  server.RaftServerConfigKeys (ConfUtils.java:logGet(43)) - raft.server.rpc.request.timeout = 3000ms (default)
2019-09-12 01:59:47,530 [main] INFO  server.RaftServerConfigKeys (ConfUtils.java:logGet(43)) - raft.server.storage.dir = [/workdir/hadoop-ozone/integration-test/target/test-dir/MiniOzoneClusterImpl-e005c837-da8a-4f19-87c0-c8547cff9190/datanode-6/data/ratis] (custom)
2019-09-12 01:59:47,532 [main] INFO  hdfs.DFSUtil (DFSUtil.java:httpServerTemplateForNNAndJN(1641)) - Starting Web-server for hddsDatanode at: http://0.0.0.0:0
2019-09-12 01:59:47,534 [main] INFO  server.AuthenticationFilter (AuthenticationFilter.java:constructSecretProvider(240)) - Unable to initialize FileSignerSecretProvider, falling back to use random secrets.
2019-09-12 01:59:47,535 [main] WARN  http.HttpRequestLog (HttpRequestLog.java:getRequestLog(97)) - Jetty request log can only be enabled using Log4j
2019-09-12 01:59:47,537 [main] INFO  http.HttpServer2 (HttpServer2.java:addGlobalFilter(975)) - Added global filter 'safety' (class=org.apache.hadoop.http.HttpServer2$QuotingInputFilter)
2019-09-12 01:59:47,538 [main] INFO  http.HttpServer2 (HttpServer2.java:addFilter(948)) - Added filter static_user_filter (class=org.apache.hadoop.http.lib.StaticUserWebFilter$StaticUserFilter) to context hddsDatanode
2019-09-12 01:59:47,538 [main] INFO  http.HttpServer2 (HttpServer2.java:addFilter(958)) - Added filter static_user_filter (class=org.apache.hadoop.http.lib.StaticUserWebFilter$StaticUserFilter) to context logs
2019-09-12 01:59:47,538 [main] INFO  http.HttpServer2 (HttpServer2.java:addFilter(958)) - Added filter static_user_filter (class=org.apache.hadoop.http.lib.StaticUserWebFilter$StaticUserFilter) to context static
2019-09-12 01:59:47,540 [main] INFO  http.HttpServer2 (HttpServer2.java:bindListener(1191)) - Jetty bound to port 41463
2019-09-12 01:59:47,540 [main] INFO  server.Server (Server.java:doStart(351)) - jetty-9.3.24.v20180605, build timestamp: 2018-06-05T17:11:56Z, git hash: 84205aa28f11a4f31f2a3b86d1bba2cc8ab69827
2019-09-12 01:59:47,542 [main] INFO  handler.ContextHandler (ContextHandler.java:doStart(781)) - Started o.e.j.s.ServletContextHandler@1d858300{/logs,file:///workdir/hadoop-ozone/integration-test/target/log,AVAILABLE}
2019-09-12 01:59:47,543 [main] INFO  handler.ContextHandler (ContextHandler.java:doStart(781)) - Started o.e.j.s.ServletContextHandler@6dd36ab6{/static,jar:file:/home/user/.m2/repository/org/apache/hadoop/hadoop-hdds-container-service/0.5.0-SNAPSHOT/hadoop-hdds-container-service-0.5.0-SNAPSHOT.jar!/webapps/static,AVAILABLE}
2019-09-12 01:59:47,603 [main] INFO  handler.ContextHandler (ContextHandler.java:doStart(781)) - Started o.e.j.w.WebAppContext@32bb0072{/,file:///tmp/jetty-0.0.0.0-41463-hddsDatanode-_-any-5700167822774338735.dir/webapp/,AVAILABLE}{/hddsDatanode}
2019-09-12 01:59:47,604 [main] INFO  server.AbstractConnector (AbstractConnector.java:doStart(278)) - Started ServerConnector@467233e4{HTTP/1.1,[http/1.1]}{0.0.0.0:41463}
2019-09-12 01:59:47,605 [main] INFO  server.Server (Server.java:doStart(419)) - Started @48806ms
2019-09-12 01:59:47,606 [main] WARN  impl.MetricsSystemImpl (MetricsSystemImpl.java:register(276)) - Sink prometheus already exists!
2019-09-12 01:59:47,607 [main] INFO  server.BaseHttpServer (BaseHttpServer.java:updateConnectorAddress(215)) - HTTP server of HDDSDATANODE is listening at http://0.0.0.0:41463
2019-09-12 01:59:47,607 [main] INFO  ozone.MiniOzoneClusterImpl (MiniOzoneClusterImpl.java:lambda$waitForClusterToBeReady$0(145)) - Waiting for cluster to be ready. Got 0 of 7 DN Heartbeats.
2019-09-12 01:59:47,611 [org.apache.hadoop.util.JvmPauseMonitor$Monitor@329303f0] INFO  util.JvmPauseMonitor (JvmPauseMonitor.java:run(188)) - Starting JVM pause monitor
2019-09-12 01:59:47,612 [Datanode State Machine Thread - 0] INFO  datanode.InitDatanodeState (InitDatanodeState.java:persistContainerDatanodeDetails(140)) - DatanodeDetails is persisted to /workdir/hadoop-ozone/integration-test/target/test-dir/MiniOzoneClusterImpl-e005c837-da8a-4f19-87c0-c8547cff9190/datanode-6/meta/datanode.id
2019-09-12 01:59:48,610 [main] INFO  ozone.MiniOzoneClusterImpl (MiniOzoneClusterImpl.java:lambda$waitForClusterToBeReady$0(145)) - Waiting for cluster to be ready. Got 0 of 7 DN Heartbeats.
2019-09-12 01:59:49,135 [Datanode State Machine Thread - 0] INFO  ozoneimpl.OzoneContainer (OzoneContainer.java:start(201)) - Attempting to start container services.
2019-09-12 01:59:49,138 [Datanode State Machine Thread - 0] INFO  ozoneimpl.OzoneContainer (OzoneContainer.java:startContainerScrub(175)) - Background container scrubber has been disabled by hdds.containerscrub.enabled
2019-09-12 01:59:49,138 [Datanode State Machine Thread - 0] INFO  ratis.XceiverServerRatis (XceiverServerRatis.java:start(393)) - Starting XceiverServerRatis e39f61b7-cb47-46e5-aab2-7f1cf4f3c7c8 at port 0
2019-09-12 01:59:49,143 [Datanode State Machine Thread - 0] INFO  impl.RaftServerProxy (RaftServerProxy.java:lambda$start$3(299)) - e39f61b7-cb47-46e5-aab2-7f1cf4f3c7c8: start RPC server
2019-09-12 01:59:49,145 [Datanode State Machine Thread - 0] INFO  server.GrpcService (GrpcService.java:startImpl(149)) - e39f61b7-cb47-46e5-aab2-7f1cf4f3c7c8: GrpcService started, listening on 0.0.0.0/0.0.0.0:44501
2019-09-12 01:59:49,145 [Datanode State Machine Thread - 0] INFO  ratis.XceiverServerRatis (XceiverServerRatis.java:start(403)) - XceiverServerRatis e39f61b7-cb47-46e5-aab2-7f1cf4f3c7c8 is started using port 44501
2019-09-12 01:59:49,145 [Datanode State Machine Thread - 0] INFO  server.XceiverServerGrpc (XceiverServerGrpc.java:start(163)) - XceiverServerGrpc e39f61b7-cb47-46e5-aab2-7f1cf4f3c7c8 is started using port 46138
2019-09-12 01:59:49,198 [Datanode State Machine Thread - 0] INFO  ozoneimpl.OzoneContainer (OzoneContainer.java:start(201)) - Attempting to start container services.
2019-09-12 01:59:49,200 [Datanode State Machine Thread - 0] INFO  ozoneimpl.OzoneContainer (OzoneContainer.java:startContainerScrub(175)) - Background container scrubber has been disabled by hdds.containerscrub.enabled
2019-09-12 01:59:49,200 [Datanode State Machine Thread - 0] INFO  ratis.XceiverServerRatis (XceiverServerRatis.java:start(393)) - Starting XceiverServerRatis 067762ab-0a52-47b0-8eb8-1c600f2f3255 at port 0
2019-09-12 01:59:49,205 [Datanode State Machine Thread - 0] INFO  impl.RaftServerProxy (RaftServerProxy.java:lambda$start$3(299)) - 067762ab-0a52-47b0-8eb8-1c600f2f3255: start RPC server
2019-09-12 01:59:49,206 [Datanode State Machine Thread - 0] INFO  server.GrpcService (GrpcService.java:startImpl(149)) - 067762ab-0a52-47b0-8eb8-1c600f2f3255: GrpcService started, listening on 0.0.0.0/0.0.0.0:42497
2019-09-12 01:59:49,207 [Datanode State Machine Thread - 0] INFO  ratis.XceiverServerRatis (XceiverServerRatis.java:start(403)) - XceiverServerRatis 067762ab-0a52-47b0-8eb8-1c600f2f3255 is started using port 42497
2019-09-12 01:59:49,208 [Datanode State Machine Thread - 0] INFO  server.XceiverServerGrpc (XceiverServerGrpc.java:start(163)) - XceiverServerGrpc 067762ab-0a52-47b0-8eb8-1c600f2f3255 is started using port 39164
2019-09-12 01:59:49,263 [Datanode State Machine Thread - 0] INFO  ozoneimpl.OzoneContainer (OzoneContainer.java:start(201)) - Attempting to start container services.
2019-09-12 01:59:49,272 [Datanode State Machine Thread - 0] INFO  ozoneimpl.OzoneContainer (OzoneContainer.java:startContainerScrub(175)) - Background container scrubber has been disabled by hdds.containerscrub.enabled
2019-09-12 01:59:49,272 [Datanode State Machine Thread - 0] INFO  ratis.XceiverServerRatis (XceiverServerRatis.java:start(393)) - Starting XceiverServerRatis 73873c4a-9b01-429b-bc57-203d0ab13a8f at port 0
2019-09-12 01:59:49,278 [Datanode State Machine Thread - 0] INFO  impl.RaftServerProxy (RaftServerProxy.java:lambda$start$3(299)) - 73873c4a-9b01-429b-bc57-203d0ab13a8f: start RPC server
2019-09-12 01:59:49,286 [Datanode State Machine Thread - 0] INFO  server.GrpcService (GrpcService.java:startImpl(149)) - 73873c4a-9b01-429b-bc57-203d0ab13a8f: GrpcService started, listening on 0.0.0.0/0.0.0.0:35970
2019-09-12 01:59:49,286 [Datanode State Machine Thread - 0] INFO  ratis.XceiverServerRatis (XceiverServerRatis.java:start(403)) - XceiverServerRatis 73873c4a-9b01-429b-bc57-203d0ab13a8f is started using port 35970
2019-09-12 01:59:49,293 [Datanode State Machine Thread - 0] INFO  server.XceiverServerGrpc (XceiverServerGrpc.java:start(163)) - XceiverServerGrpc 73873c4a-9b01-429b-bc57-203d0ab13a8f is started using port 39559
2019-09-12 01:59:49,343 [Datanode State Machine Thread - 0] INFO  ozoneimpl.OzoneContainer (OzoneContainer.java:start(201)) - Attempting to start container services.
2019-09-12 01:59:49,343 [Datanode State Machine Thread - 0] INFO  ozoneimpl.OzoneContainer (OzoneContainer.java:startContainerScrub(175)) - Background container scrubber has been disabled by hdds.containerscrub.enabled
2019-09-12 01:59:49,343 [Datanode State Machine Thread - 0] INFO  ratis.XceiverServerRatis (XceiverServerRatis.java:start(393)) - Starting XceiverServerRatis 992420f5-0400-4216-b477-118fb1248d11 at port 0
2019-09-12 01:59:49,348 [Datanode State Machine Thread - 0] INFO  impl.RaftServerProxy (RaftServerProxy.java:lambda$start$3(299)) - 992420f5-0400-4216-b477-118fb1248d11: start RPC server
2019-09-12 01:59:49,348 [Datanode State Machine Thread - 0] INFO  server.GrpcService (GrpcService.java:startImpl(149)) - 992420f5-0400-4216-b477-118fb1248d11: GrpcService started, listening on 0.0.0.0/0.0.0.0:45375
2019-09-12 01:59:49,349 [Datanode State Machine Thread - 0] INFO  ratis.XceiverServerRatis (XceiverServerRatis.java:start(403)) - XceiverServerRatis 992420f5-0400-4216-b477-118fb1248d11 is started using port 45375
2019-09-12 01:59:49,349 [Datanode State Machine Thread - 0] INFO  server.XceiverServerGrpc (XceiverServerGrpc.java:start(163)) - XceiverServerGrpc 992420f5-0400-4216-b477-118fb1248d11 is started using port 45678
2019-09-12 01:59:49,432 [Datanode State Machine Thread - 0] INFO  ozoneimpl.OzoneContainer (OzoneContainer.java:start(201)) - Attempting to start container services.
2019-09-12 01:59:49,432 [Datanode State Machine Thread - 0] INFO  ozoneimpl.OzoneContainer (OzoneContainer.java:startContainerScrub(175)) - Background container scrubber has been disabled by hdds.containerscrub.enabled
2019-09-12 01:59:49,432 [Datanode State Machine Thread - 0] INFO  ratis.XceiverServerRatis (XceiverServerRatis.java:start(393)) - Starting XceiverServerRatis a6c0a076-5a4d-4b07-959a-c5ddb0608f42 at port 0
2019-09-12 01:59:49,439 [Datanode State Machine Thread - 0] INFO  impl.RaftServerProxy (RaftServerProxy.java:lambda$start$3(299)) - a6c0a076-5a4d-4b07-959a-c5ddb0608f42: start RPC server
2019-09-12 01:59:49,440 [Datanode State Machine Thread - 0] INFO  server.GrpcService (GrpcService.java:startImpl(149)) - a6c0a076-5a4d-4b07-959a-c5ddb0608f42: GrpcService started, listening on 0.0.0.0/0.0.0.0:37247
2019-09-12 01:59:49,440 [Datanode State Machine Thread - 0] INFO  ratis.XceiverServerRatis (XceiverServerRatis.java:start(403)) - XceiverServerRatis a6c0a076-5a4d-4b07-959a-c5ddb0608f42 is started using port 37247
2019-09-12 01:59:49,440 [Datanode State Machine Thread - 0] INFO  server.XceiverServerGrpc (XceiverServerGrpc.java:start(163)) - XceiverServerGrpc a6c0a076-5a4d-4b07-959a-c5ddb0608f42 is started using port 39340
2019-09-12 01:59:49,511 [Datanode State Machine Thread - 0] INFO  ozoneimpl.OzoneContainer (OzoneContainer.java:start(201)) - Attempting to start container services.
2019-09-12 01:59:49,511 [Datanode State Machine Thread - 0] INFO  ozoneimpl.OzoneContainer (OzoneContainer.java:startContainerScrub(175)) - Background container scrubber has been disabled by hdds.containerscrub.enabled
2019-09-12 01:59:49,511 [Datanode State Machine Thread - 0] INFO  ratis.XceiverServerRatis (XceiverServerRatis.java:start(393)) - Starting XceiverServerRatis e2abdd95-f9ca-46dd-87d9-3f938e07de83 at port 0
2019-09-12 01:59:49,517 [Datanode State Machine Thread - 0] INFO  impl.RaftServerProxy (RaftServerProxy.java:lambda$start$3(299)) - e2abdd95-f9ca-46dd-87d9-3f938e07de83: start RPC server
2019-09-12 01:59:49,518 [Datanode State Machine Thread - 0] INFO  server.GrpcService (GrpcService.java:startImpl(149)) - e2abdd95-f9ca-46dd-87d9-3f938e07de83: GrpcService started, listening on 0.0.0.0/0.0.0.0:42635
2019-09-12 01:59:49,518 [Datanode State Machine Thread - 0] INFO  ratis.XceiverServerRatis (XceiverServerRatis.java:start(403)) - XceiverServerRatis e2abdd95-f9ca-46dd-87d9-3f938e07de83 is started using port 42635
2019-09-12 01:59:49,519 [Datanode State Machine Thread - 0] INFO  server.XceiverServerGrpc (XceiverServerGrpc.java:start(163)) - XceiverServerGrpc e2abdd95-f9ca-46dd-87d9-3f938e07de83 is started using port 37616
2019-09-12 01:59:49,611 [main] INFO  ozone.MiniOzoneClusterImpl (MiniOzoneClusterImpl.java:lambda$waitForClusterToBeReady$0(145)) - Waiting for cluster to be ready. Got 0 of 7 DN Heartbeats.
2019-09-12 01:59:49,626 [Datanode State Machine Thread - 0] INFO  ozoneimpl.OzoneContainer (OzoneContainer.java:start(201)) - Attempting to start container services.
2019-09-12 01:59:49,627 [Datanode State Machine Thread - 0] INFO  ozoneimpl.OzoneContainer (OzoneContainer.java:startContainerScrub(175)) - Background container scrubber has been disabled by hdds.containerscrub.enabled
2019-09-12 01:59:49,627 [Datanode State Machine Thread - 0] INFO  ratis.XceiverServerRatis (XceiverServerRatis.java:start(393)) - Starting XceiverServerRatis d8999f1d-f5df-4b21-8d26-78acc2402f2e at port 0
2019-09-12 01:59:49,633 [Datanode State Machine Thread - 0] INFO  impl.RaftServerProxy (RaftServerProxy.java:lambda$start$3(299)) - d8999f1d-f5df-4b21-8d26-78acc2402f2e: start RPC server
2019-09-12 01:59:49,634 [Datanode State Machine Thread - 0] INFO  server.GrpcService (GrpcService.java:startImpl(149)) - d8999f1d-f5df-4b21-8d26-78acc2402f2e: GrpcService started, listening on 0.0.0.0/0.0.0.0:43702
2019-09-12 01:59:49,634 [Datanode State Machine Thread - 0] INFO  ratis.XceiverServerRatis (XceiverServerRatis.java:start(403)) - XceiverServerRatis d8999f1d-f5df-4b21-8d26-78acc2402f2e is started using port 43702
2019-09-12 01:59:49,634 [Datanode State Machine Thread - 0] INFO  server.XceiverServerGrpc (XceiverServerGrpc.java:start(163)) - XceiverServerGrpc d8999f1d-f5df-4b21-8d26-78acc2402f2e is started using port 33683
2019-09-12 01:59:50,611 [main] INFO  ozone.MiniOzoneClusterImpl (MiniOzoneClusterImpl.java:lambda$waitForClusterToBeReady$0(145)) - Waiting for cluster to be ready. Got 0 of 7 DN Heartbeats.
2019-09-12 01:59:51,120 [IPC Server handler 5 on 34312] INFO  net.NetworkTopology (NetworkTopologyImpl.java:add(110)) - Added a new node: /default-rack/e39f61b7-cb47-46e5-aab2-7f1cf4f3c7c8
2019-09-12 01:59:51,122 [IPC Server handler 5 on 34312] INFO  node.SCMNodeManager (SCMNodeManager.java:register(266)) - Registered Data node : e39f61b7-cb47-46e5-aab2-7f1cf4f3c7c8{ip: 192.168.5.171, host: pr-hdds-2007-7njtk-1085629304, networkLocation: /default-rack, certSerialId: null}
2019-09-12 01:59:51,123 [EventQueue-NodeRegistrationContainerReportForDataNodeSafeModeRule] INFO  safemode.SCMSafeModeManager (DataNodeSafeModeRule.java:process(71)) - SCM in safe mode. 1 DataNodes registered, 1 required.
2019-09-12 01:59:51,126 [EventQueue-NodeRegistrationContainerReportForDataNodeSafeModeRule] INFO  safemode.SCMSafeModeManager (SCMSafeModeManager.java:validateSafeModeExitRules(177)) - ScmSafeModeManager, all rules are successfully validated
2019-09-12 01:59:51,126 [EventQueue-NodeRegistrationContainerReportForDataNodeSafeModeRule] INFO  safemode.SCMSafeModeManager (SCMSafeModeManager.java:exitSafeMode(193)) - SCM exiting safe mode.
2019-09-12 01:59:51,141 [grpc-default-executor-0] INFO  impl.RaftServerProxy (RaftServerProxy.java:addNew(89)) - e39f61b7-cb47-46e5-aab2-7f1cf4f3c7c8: addNew group-CA9A7B60D8C5:[e39f61b7-cb47-46e5-aab2-7f1cf4f3c7c8:192.168.5.171:44501] returns group-CA9A7B60D8C5:java.util.concurrent.CompletableFuture@6a552c12[Not completed]
2019-09-12 01:59:51,143 [pool-119-thread-1] INFO  impl.RaftServerImpl (RaftServerImpl.java:<init>(93)) - e39f61b7-cb47-46e5-aab2-7f1cf4f3c7c8: new RaftServerImpl for group-CA9A7B60D8C5:[e39f61b7-cb47-46e5-aab2-7f1cf4f3c7c8:192.168.5.171:44501] with ContainerStateMachine:uninitialized
2019-09-12 01:59:51,144 [pool-119-thread-1] INFO  server.RaftServerConfigKeys (ConfUtils.java:logGet(43)) - raft.server.rpc.timeout.min = 5s (custom)
2019-09-12 01:59:51,144 [pool-119-thread-1] INFO  server.RaftServerConfigKeys (ConfUtils.java:logGet(43)) - raft.server.rpc.timeout.max = 5200ms (custom)
2019-09-12 01:59:51,144 [pool-119-thread-1] INFO  server.RaftServerConfigKeys (ConfUtils.java:logGet(43)) - raft.server.rpcslowness.timeout = 120s (custom)
2019-09-12 01:59:51,144 [pool-119-thread-1] INFO  server.RaftServerConfigKeys (ConfUtils.java:logGet(43)) - raft.server.sleep.deviation.threshold = 300 (default)
2019-09-12 01:59:51,144 [pool-119-thread-1] INFO  server.RaftServerConfigKeys (ConfUtils.java:logGet(43)) - raft.server.log.appender.install.snapshot.enabled = false (custom)
2019-09-12 01:59:51,144 [pool-119-thread-1] INFO  impl.RaftServerImpl (ServerState.java:<init>(105)) - e39f61b7-cb47-46e5-aab2-7f1cf4f3c7c8:group-CA9A7B60D8C5 ConfigurationManager, init=-1: [e39f61b7-cb47-46e5-aab2-7f1cf4f3c7c8:192.168.5.171:44501], old=null, confs=<EMPTY_MAP>
2019-09-12 01:59:51,145 [pool-119-thread-1] INFO  server.RaftServerConfigKeys (ConfUtils.java:logGet(43)) - raft.server.storage.dir = [/workdir/hadoop-ozone/integration-test/target/test-dir/MiniOzoneClusterImpl-e005c837-da8a-4f19-87c0-c8547cff9190/datanode-0/data/ratis] (custom)
2019-09-12 01:59:51,145 [pool-119-thread-1] INFO  storage.RaftStorageDirectory (RaftStorageDirectory.java:analyzeStorage(246)) - The storage directory /workdir/hadoop-ozone/integration-test/target/test-dir/MiniOzoneClusterImpl-e005c837-da8a-4f19-87c0-c8547cff9190/datanode-0/data/ratis/8e5799e4-58d4-4976-b18e-ca9a7b60d8c5 does not exist. Creating ...
2019-09-12 01:59:51,172 [pool-119-thread-1] INFO  storage.RaftStorageDirectory (RaftStorageDirectory.java:tryLock(328)) - Lock on /workdir/hadoop-ozone/integration-test/target/test-dir/MiniOzoneClusterImpl-e005c837-da8a-4f19-87c0-c8547cff9190/datanode-0/data/ratis/8e5799e4-58d4-4976-b18e-ca9a7b60d8c5/in_use.lock acquired by nodename 19752@pr-hdds-2007-7njtk-1085629304
2019-09-12 01:59:51,183 [IPC Server handler 6 on 34312] INFO  net.NetworkTopology (NetworkTopologyImpl.java:add(110)) - Added a new node: /default-rack/067762ab-0a52-47b0-8eb8-1c600f2f3255
2019-09-12 01:59:51,183 [IPC Server handler 6 on 34312] INFO  node.SCMNodeManager (SCMNodeManager.java:register(266)) - Registered Data node : 067762ab-0a52-47b0-8eb8-1c600f2f3255{ip: 192.168.5.171, host: pr-hdds-2007-7njtk-1085629304, networkLocation: /default-rack, certSerialId: null}
2019-09-12 01:59:51,190 [pool-119-thread-1] INFO  storage.RaftStorage (RaftStorage.java:format(72)) - Storage directory /workdir/hadoop-ozone/integration-test/target/test-dir/MiniOzoneClusterImpl-e005c837-da8a-4f19-87c0-c8547cff9190/datanode-0/data/ratis/8e5799e4-58d4-4976-b18e-ca9a7b60d8c5 has been successfully formatted.
2019-09-12 01:59:51,191 [pool-119-thread-1] INFO  ratis.ContainerStateMachine (ContainerStateMachine.java:loadSnapshot(227)) - group-CA9A7B60D8C5: The snapshot info is null. Setting the last applied indexto:(t:0, i:~)
2019-09-12 01:59:51,191 [pool-119-thread-1] INFO  server.RaftServerConfigKeys (ConfUtils.java:logGet(43)) - raft.server.leader.election.timeout = 120s (custom)
2019-09-12 01:59:51,191 [pool-119-thread-1] INFO  server.RaftServerConfigKeys (ConfUtils.java:logGet(43)) - raft.server.log.use.memory = false (default)
2019-09-12 01:59:51,191 [pool-119-thread-1] INFO  server.RaftServerConfigKeys (ConfUtils.java:logGet(43)) - raft.server.log.purge.gap = 1000000 (custom)
2019-09-12 01:59:51,192 [pool-119-thread-1] INFO  server.RaftServerConfigKeys (ConfUtils.java:logGet(43)) - raft.server.log.appender.buffer.byte-limit = 33554432 (custom)
2019-09-12 01:59:51,192 [pool-119-thread-1] INFO  server.RaftServerConfigKeys (ConfUtils.java:logGet(43)) - raft.server.log.segment.size.max = 1048576 (custom)
2019-09-12 01:59:51,192 [pool-119-thread-1] INFO  server.RaftServerConfigKeys (ConfUtils.java:logGet(43)) - raft.server.log.segment.cache.num.max = 2 (custom)
2019-09-12 01:59:51,192 [pool-119-thread-1] INFO  segmented.SegmentedRaftLogWorker (SegmentedRaftLogWorker.java:<init>(172)) - new e39f61b7-cb47-46e5-aab2-7f1cf4f3c7c8-SegmentedRaftLogWorker:Storage Directory /workdir/hadoop-ozone/integration-test/target/test-dir/MiniOzoneClusterImpl-e005c837-da8a-4f19-87c0-c8547cff9190/datanode-0/data/ratis/8e5799e4-58d4-4976-b18e-ca9a7b60d8c5 for RaftStorage:Storage Directory /workdir/hadoop-ozone/integration-test/target/test-dir/MiniOzoneClusterImpl-e005c837-da8a-4f19-87c0-c8547cff9190/datanode-0/data/ratis/8e5799e4-58d4-4976-b18e-ca9a7b60d8c5
2019-09-12 01:59:51,192 [pool-119-thread-1] INFO  server.RaftServerConfigKeys (ConfUtils.java:logGet(43)) - raft.server.log.queue.byte-limit = 2147483647 (custom)
2019-09-12 01:59:51,193 [pool-119-thread-1] INFO  server.RaftServerConfigKeys (ConfUtils.java:logGet(43)) - raft.server.log.queue.element-limit = 1024 (custom)
2019-09-12 01:59:51,193 [pool-119-thread-1] INFO  server.RaftServerConfigKeys (ConfUtils.java:logGet(43)) - raft.server.log.segment.size.max = 1048576 (custom)
2019-09-12 01:59:51,193 [pool-119-thread-1] INFO  server.RaftServerConfigKeys (ConfUtils.java:logGet(43)) - raft.server.log.preallocated.size = 16384 (custom)
2019-09-12 01:59:51,193 [pool-119-thread-1] INFO  server.RaftServerConfigKeys (ConfUtils.java:logGet(43)) - raft.server.log.write.buffer.size = 33554432 (custom)
2019-09-12 01:59:51,193 [pool-119-thread-1] INFO  server.RaftServerConfigKeys (ConfUtils.java:logGet(43)) - raft.server.log.force.sync.num = 128 (default)
2019-09-12 01:59:51,193 [pool-119-thread-1] INFO  server.RaftServerConfigKeys (ConfUtils.java:logGet(43)) - raft.server.log.statemachine.data.sync = true (default)
2019-09-12 01:59:51,194 [pool-119-thread-1] INFO  server.RaftServerConfigKeys (ConfUtils.java:logGet(43)) - raft.server.log.statemachine.data.sync.timeout = 10s (default)
2019-09-12 01:59:51,194 [pool-119-thread-1] INFO  server.RaftServerConfigKeys (ConfUtils.java:logGet(43)) - raft.server.log.statemachine.data.sync.timeout.retry = -1 (default)
2019-09-12 01:59:51,194 [pool-119-thread-1] INFO  server.RaftServerConfigKeys (ConfUtils.java:logGet(43)) - raft.server.log.statemachine.data.caching.enabled = true (custom)
2019-09-12 01:59:51,194 [pool-119-thread-1] INFO  segmented.SegmentedRaftLogWorker (SegmentedRaftLogWorker.java:lambda$new$0(132)) - e39f61b7-cb47-46e5-aab2-7f1cf4f3c7c8-SegmentedRaftLogWorker:Storage Directory /workdir/hadoop-ozone/integration-test/target/test-dir/MiniOzoneClusterImpl-e005c837-da8a-4f19-87c0-c8547cff9190/datanode-0/data/ratis/8e5799e4-58d4-4976-b18e-ca9a7b60d8c5: flushIndex: setUnconditionally 0 -> -1
2019-09-12 01:59:51,195 [pool-119-thread-1] INFO  server.RaftServerConfigKeys (ConfUtils.java:logGet(43)) - raft.server.snapshot.auto.trigger.enabled = true (custom)
2019-09-12 01:59:51,195 [pool-119-thread-1] INFO  server.RaftServerConfigKeys (ConfUtils.java:logGet(43)) - raft.server.snapshot.auto.trigger.threshold = 10000 (custom)
2019-09-12 01:59:51,195 [pool-119-thread-1] INFO  server.RaftServerConfigKeys (ConfUtils.java:logGet(43)) - raft.server.retrycache.expirytime = 600000ms (custom)
2019-09-12 01:59:51,195 [pool-119-thread-1] INFO  impl.RaftServerImpl (RaftServerImpl.java:start(180)) - e39f61b7-cb47-46e5-aab2-7f1cf4f3c7c8: start group-CA9A7B60D8C5
2019-09-12 01:59:51,195 [pool-119-thread-1] INFO  impl.RaftServerImpl (RaftServerImpl.java:setRole(171)) - e39f61b7-cb47-46e5-aab2-7f1cf4f3c7c8:group-CA9A7B60D8C5 changes role from null to FOLLOWER at term 0 for startAsFollower
2019-09-12 01:59:51,195 [pool-119-thread-1] INFO  impl.RoleInfo (RoleInfo.java:updateAndGet(143)) - e39f61b7-cb47-46e5-aab2-7f1cf4f3c7c8: start FollowerState
2019-09-12 01:59:51,196 [pool-119-thread-1] INFO  util.JmxRegister (JmxRegister.java:tryRegister(44)) - Successfully registered JMX Bean with object name Ratis:service=RaftServer,group=group-CA9A7B60D8C5,id=e39f61b7-cb47-46e5-aab2-7f1cf4f3c7c8
2019-09-12 01:59:51,199 [RatisPipelineUtilsThread] INFO  pipeline.PipelineStateManager (PipelineStateManager.java:addPipeline(56)) - Created pipeline Pipeline[ Id: 8e5799e4-58d4-4976-b18e-ca9a7b60d8c5, Nodes: e39f61b7-cb47-46e5-aab2-7f1cf4f3c7c8{ip: 192.168.5.171, host: pr-hdds-2007-7njtk-1085629304, networkLocation: /default-rack, certSerialId: null}, Type:RATIS, Factor:ONE, State:OPEN]
2019-09-12 01:59:51,208 [grpc-default-executor-0] INFO  impl.RaftServerProxy (RaftServerProxy.java:addNew(89)) - 067762ab-0a52-47b0-8eb8-1c600f2f3255: addNew group-A482908CC31F:[067762ab-0a52-47b0-8eb8-1c600f2f3255:192.168.5.171:42497] returns group-A482908CC31F:java.util.concurrent.CompletableFuture@7250404e[Not completed]
2019-09-12 01:59:51,210 [pool-129-thread-1] INFO  impl.RaftServerImpl (RaftServerImpl.java:<init>(93)) - 067762ab-0a52-47b0-8eb8-1c600f2f3255: new RaftServerImpl for group-A482908CC31F:[067762ab-0a52-47b0-8eb8-1c600f2f3255:192.168.5.171:42497] with ContainerStateMachine:uninitialized
2019-09-12 01:59:51,210 [pool-129-thread-1] INFO  server.RaftServerConfigKeys (ConfUtils.java:logGet(43)) - raft.server.rpc.timeout.min = 5s (custom)
2019-09-12 01:59:51,210 [pool-129-thread-1] INFO  server.RaftServerConfigKeys (ConfUtils.java:logGet(43)) - raft.server.rpc.timeout.max = 5200ms (custom)
2019-09-12 01:59:51,210 [pool-129-thread-1] INFO  server.RaftServerConfigKeys (ConfUtils.java:logGet(43)) - raft.server.rpcslowness.timeout = 120s (custom)
2019-09-12 01:59:51,210 [pool-129-thread-1] INFO  server.RaftServerConfigKeys (ConfUtils.java:logGet(43)) - raft.server.sleep.deviation.threshold = 300 (default)
2019-09-12 01:59:51,211 [pool-129-thread-1] INFO  server.RaftServerConfigKeys (ConfUtils.java:logGet(43)) - raft.server.log.appender.install.snapshot.enabled = false (custom)
2019-09-12 01:59:51,211 [pool-129-thread-1] INFO  impl.RaftServerImpl (ServerState.java:<init>(105)) - 067762ab-0a52-47b0-8eb8-1c600f2f3255:group-A482908CC31F ConfigurationManager, init=-1: [067762ab-0a52-47b0-8eb8-1c600f2f3255:192.168.5.171:42497], old=null, confs=<EMPTY_MAP>
2019-09-12 01:59:51,211 [pool-129-thread-1] INFO  server.RaftServerConfigKeys (ConfUtils.java:logGet(43)) - raft.server.storage.dir = [/workdir/hadoop-ozone/integration-test/target/test-dir/MiniOzoneClusterImpl-e005c837-da8a-4f19-87c0-c8547cff9190/datanode-1/data/ratis] (custom)
2019-09-12 01:59:51,211 [pool-129-thread-1] INFO  storage.RaftStorageDirectory (RaftStorageDirectory.java:analyzeStorage(246)) - The storage directory /workdir/hadoop-ozone/integration-test/target/test-dir/MiniOzoneClusterImpl-e005c837-da8a-4f19-87c0-c8547cff9190/datanode-1/data/ratis/a0d5c791-d330-4444-b262-a482908cc31f does not exist. Creating ...
2019-09-12 01:59:51,227 [pool-129-thread-1] INFO  storage.RaftStorageDirectory (RaftStorageDirectory.java:tryLock(328)) - Lock on /workdir/hadoop-ozone/integration-test/target/test-dir/MiniOzoneClusterImpl-e005c837-da8a-4f19-87c0-c8547cff9190/datanode-1/data/ratis/a0d5c791-d330-4444-b262-a482908cc31f/in_use.lock acquired by nodename 19752@pr-hdds-2007-7njtk-1085629304
2019-09-12 01:59:51,243 [pool-129-thread-1] INFO  storage.RaftStorage (RaftStorage.java:format(72)) - Storage directory /workdir/hadoop-ozone/integration-test/target/test-dir/MiniOzoneClusterImpl-e005c837-da8a-4f19-87c0-c8547cff9190/datanode-1/data/ratis/a0d5c791-d330-4444-b262-a482908cc31f has been successfully formatted.
2019-09-12 01:59:51,243 [pool-129-thread-1] INFO  ratis.ContainerStateMachine (ContainerStateMachine.java:loadSnapshot(227)) - group-A482908CC31F: The snapshot info is null. Setting the last applied indexto:(t:0, i:~)
2019-09-12 01:59:51,243 [pool-129-thread-1] INFO  server.RaftServerConfigKeys (ConfUtils.java:logGet(43)) - raft.server.leader.election.timeout = 120s (custom)
2019-09-12 01:59:51,243 [pool-129-thread-1] INFO  server.RaftServerConfigKeys (ConfUtils.java:logGet(43)) - raft.server.log.use.memory = false (default)
2019-09-12 01:59:51,244 [pool-129-thread-1] INFO  server.RaftServerConfigKeys (ConfUtils.java:logGet(43)) - raft.server.log.purge.gap = 1000000 (custom)
2019-09-12 01:59:51,244 [pool-129-thread-1] INFO  server.RaftServerConfigKeys (ConfUtils.java:logGet(43)) - raft.server.log.appender.buffer.byte-limit = 33554432 (custom)
2019-09-12 01:59:51,244 [pool-129-thread-1] INFO  server.RaftServerConfigKeys (ConfUtils.java:logGet(43)) - raft.server.log.segment.size.max = 1048576 (custom)
2019-09-12 01:59:51,244 [pool-129-thread-1] INFO  server.RaftServerConfigKeys (ConfUtils.java:logGet(43)) - raft.server.log.segment.cache.num.max = 2 (custom)
2019-09-12 01:59:51,244 [pool-129-thread-1] INFO  segmented.SegmentedRaftLogWorker (SegmentedRaftLogWorker.java:<init>(172)) - new 067762ab-0a52-47b0-8eb8-1c600f2f3255-SegmentedRaftLogWorker:Storage Directory /workdir/hadoop-ozone/integration-test/target/test-dir/MiniOzoneClusterImpl-e005c837-da8a-4f19-87c0-c8547cff9190/datanode-1/data/ratis/a0d5c791-d330-4444-b262-a482908cc31f for RaftStorage:Storage Directory /workdir/hadoop-ozone/integration-test/target/test-dir/MiniOzoneClusterImpl-e005c837-da8a-4f19-87c0-c8547cff9190/datanode-1/data/ratis/a0d5c791-d330-4444-b262-a482908cc31f
2019-09-12 01:59:51,244 [pool-129-thread-1] INFO  server.RaftServerConfigKeys (ConfUtils.java:logGet(43)) - raft.server.log.queue.byte-limit = 2147483647 (custom)
2019-09-12 01:59:51,245 [pool-129-thread-1] INFO  server.RaftServerConfigKeys (ConfUtils.java:logGet(43)) - raft.server.log.queue.element-limit = 1024 (custom)
2019-09-12 01:59:51,245 [pool-129-thread-1] INFO  server.RaftServerConfigKeys (ConfUtils.java:logGet(43)) - raft.server.log.segment.size.max = 1048576 (custom)
2019-09-12 01:59:51,245 [pool-129-thread-1] INFO  server.RaftServerConfigKeys (ConfUtils.java:logGet(43)) - raft.server.log.preallocated.size = 16384 (custom)
2019-09-12 01:59:51,245 [pool-129-thread-1] INFO  server.RaftServerConfigKeys (ConfUtils.java:logGet(43)) - raft.server.log.write.buffer.size = 33554432 (custom)
2019-09-12 01:59:51,245 [pool-129-thread-1] INFO  server.RaftServerConfigKeys (ConfUtils.java:logGet(43)) - raft.server.log.force.sync.num = 128 (default)
2019-09-12 01:59:51,245 [pool-129-thread-1] INFO  server.RaftServerConfigKeys (ConfUtils.java:logGet(43)) - raft.server.log.statemachine.data.sync = true (default)
2019-09-12 01:59:51,246 [pool-129-thread-1] INFO  server.RaftServerConfigKeys (ConfUtils.java:logGet(43)) - raft.server.log.statemachine.data.sync.timeout = 10s (default)
2019-09-12 01:59:51,246 [pool-129-thread-1] INFO  server.RaftServerConfigKeys (ConfUtils.java:logGet(43)) - raft.server.log.statemachine.data.sync.timeout.retry = -1 (default)
2019-09-12 01:59:51,246 [pool-129-thread-1] INFO  server.RaftServerConfigKeys (ConfUtils.java:logGet(43)) - raft.server.log.statemachine.data.caching.enabled = true (custom)
2019-09-12 01:59:51,246 [pool-129-thread-1] INFO  segmented.SegmentedRaftLogWorker (SegmentedRaftLogWorker.java:lambda$new$0(132)) - 067762ab-0a52-47b0-8eb8-1c600f2f3255-SegmentedRaftLogWorker:Storage Directory /workdir/hadoop-ozone/integration-test/target/test-dir/MiniOzoneClusterImpl-e005c837-da8a-4f19-87c0-c8547cff9190/datanode-1/data/ratis/a0d5c791-d330-4444-b262-a482908cc31f: flushIndex: setUnconditionally 0 -> -1
2019-09-12 01:59:51,247 [pool-129-thread-1] INFO  server.RaftServerConfigKeys (ConfUtils.java:logGet(43)) - raft.server.snapshot.auto.trigger.enabled = true (custom)
2019-09-12 01:59:51,247 [pool-129-thread-1] INFO  server.RaftServerConfigKeys (ConfUtils.java:logGet(43)) - raft.server.snapshot.auto.trigger.threshold = 10000 (custom)
2019-09-12 01:59:51,247 [pool-129-thread-1] INFO  server.RaftServerConfigKeys (ConfUtils.java:logGet(43)) - raft.server.retrycache.expirytime = 600000ms (custom)
2019-09-12 01:59:51,247 [pool-129-thread-1] INFO  impl.RaftServerImpl (RaftServerImpl.java:start(180)) - 067762ab-0a52-47b0-8eb8-1c600f2f3255: start group-A482908CC31F
2019-09-12 01:59:51,247 [pool-129-thread-1] INFO  impl.RaftServerImpl (RaftServerImpl.java:setRole(171)) - 067762ab-0a52-47b0-8eb8-1c600f2f3255:group-A482908CC31F changes role from null to FOLLOWER at term 0 for startAsFollower
2019-09-12 01:59:51,247 [pool-129-thread-1] INFO  impl.RoleInfo (RoleInfo.java:updateAndGet(143)) - 067762ab-0a52-47b0-8eb8-1c600f2f3255: start FollowerState
2019-09-12 01:59:51,248 [pool-129-thread-1] INFO  util.JmxRegister (JmxRegister.java:tryRegister(44)) - Successfully registered JMX Bean with object name Ratis:service=RaftServer,group=group-A482908CC31F,id=067762ab-0a52-47b0-8eb8-1c600f2f3255
2019-09-12 01:59:51,250 [RatisPipelineUtilsThread] INFO  pipeline.PipelineStateManager (PipelineStateManager.java:addPipeline(56)) - Created pipeline Pipeline[ Id: a0d5c791-d330-4444-b262-a482908cc31f, Nodes: 067762ab-0a52-47b0-8eb8-1c600f2f3255{ip: 192.168.5.171, host: pr-hdds-2007-7njtk-1085629304, networkLocation: /default-rack, certSerialId: null}, Type:RATIS, Factor:ONE, State:OPEN]
2019-09-12 01:59:51,251 [IPC Server handler 0 on 34312] INFO  net.NetworkTopology (NetworkTopologyImpl.java:add(110)) - Added a new node: /default-rack/73873c4a-9b01-429b-bc57-203d0ab13a8f
2019-09-12 01:59:51,251 [IPC Server handler 0 on 34312] INFO  node.SCMNodeManager (SCMNodeManager.java:register(266)) - Registered Data node : 73873c4a-9b01-429b-bc57-203d0ab13a8f{ip: 192.168.5.171, host: pr-hdds-2007-7njtk-1085629304, networkLocation: /default-rack, certSerialId: null}
2019-09-12 01:59:51,264 [grpc-default-executor-0] INFO  impl.RaftServerProxy (RaftServerProxy.java:addNew(89)) - 067762ab-0a52-47b0-8eb8-1c600f2f3255: addNew group-5D3821C2B03B:[067762ab-0a52-47b0-8eb8-1c600f2f3255:192.168.5.171:42497, e39f61b7-cb47-46e5-aab2-7f1cf4f3c7c8:192.168.5.171:44501, 73873c4a-9b01-429b-bc57-203d0ab13a8f:192.168.5.171:35970] returns group-5D3821C2B03B:java.util.concurrent.CompletableFuture@263abd1a[Not completed]
2019-09-12 01:59:51,264 [grpc-default-executor-1] INFO  impl.RaftServerProxy (RaftServerProxy.java:addNew(89)) - e39f61b7-cb47-46e5-aab2-7f1cf4f3c7c8: addNew group-5D3821C2B03B:[067762ab-0a52-47b0-8eb8-1c600f2f3255:192.168.5.171:42497, e39f61b7-cb47-46e5-aab2-7f1cf4f3c7c8:192.168.5.171:44501, 73873c4a-9b01-429b-bc57-203d0ab13a8f:192.168.5.171:35970] returns group-5D3821C2B03B:java.util.concurrent.CompletableFuture@a117794[Not completed]
2019-09-12 01:59:51,266 [grpc-default-executor-4] INFO  impl.RaftServerProxy (RaftServerProxy.java:addNew(89)) - 73873c4a-9b01-429b-bc57-203d0ab13a8f: addNew group-5D3821C2B03B:[067762ab-0a52-47b0-8eb8-1c600f2f3255:192.168.5.171:42497, e39f61b7-cb47-46e5-aab2-7f1cf4f3c7c8:192.168.5.171:44501, 73873c4a-9b01-429b-bc57-203d0ab13a8f:192.168.5.171:35970] returns group-5D3821C2B03B:java.util.concurrent.CompletableFuture@7ec3e59e[Not completed]
2019-09-12 01:59:51,267 [pool-119-thread-1] INFO  impl.RaftServerImpl (RaftServerImpl.java:<init>(93)) - e39f61b7-cb47-46e5-aab2-7f1cf4f3c7c8: new RaftServerImpl for group-5D3821C2B03B:[067762ab-0a52-47b0-8eb8-1c600f2f3255:192.168.5.171:42497, e39f61b7-cb47-46e5-aab2-7f1cf4f3c7c8:192.168.5.171:44501, 73873c4a-9b01-429b-bc57-203d0ab13a8f:192.168.5.171:35970] with ContainerStateMachine:uninitialized
2019-09-12 01:59:51,267 [pool-119-thread-1] INFO  server.RaftServerConfigKeys (ConfUtils.java:logGet(43)) - raft.server.rpc.timeout.min = 5s (custom)
2019-09-12 01:59:51,267 [pool-119-thread-1] INFO  server.RaftServerConfigKeys (ConfUtils.java:logGet(43)) - raft.server.rpc.timeout.max = 5200ms (custom)
2019-09-12 01:59:51,267 [pool-119-thread-1] INFO  server.RaftServerConfigKeys (ConfUtils.java:logGet(43)) - raft.server.rpcslowness.timeout = 120s (custom)
2019-09-12 01:59:51,268 [pool-119-thread-1] INFO  server.RaftServerConfigKeys (ConfUtils.java:logGet(43)) - raft.server.sleep.deviation.threshold = 300 (default)
2019-09-12 01:59:51,268 [pool-119-thread-1] INFO  server.RaftServerConfigKeys (ConfUtils.java:logGet(43)) - raft.server.log.appender.install.snapshot.enabled = false (custom)
2019-09-12 01:59:51,271 [pool-139-thread-1] INFO  impl.RaftServerImpl (RaftServerImpl.java:<init>(93)) - 73873c4a-9b01-429b-bc57-203d0ab13a8f: new RaftServerImpl for group-5D3821C2B03B:[067762ab-0a52-47b0-8eb8-1c600f2f3255:192.168.5.171:42497, e39f61b7-cb47-46e5-aab2-7f1cf4f3c7c8:192.168.5.171:44501, 73873c4a-9b01-429b-bc57-203d0ab13a8f:192.168.5.171:35970] with ContainerStateMachine:uninitialized
2019-09-12 01:59:51,271 [pool-119-thread-1] INFO  impl.RaftServerImpl (ServerState.java:<init>(105)) - e39f61b7-cb47-46e5-aab2-7f1cf4f3c7c8:group-5D3821C2B03B ConfigurationManager, init=-1: [067762ab-0a52-47b0-8eb8-1c600f2f3255:192.168.5.171:42497, e39f61b7-cb47-46e5-aab2-7f1cf4f3c7c8:192.168.5.171:44501, 73873c4a-9b01-429b-bc57-203d0ab13a8f:192.168.5.171:35970], old=null, confs=<EMPTY_MAP>
2019-09-12 01:59:51,271 [pool-139-thread-1] INFO  server.RaftServerConfigKeys (ConfUtils.java:logGet(43)) - raft.server.rpc.timeout.min = 5s (custom)
2019-09-12 01:59:51,271 [pool-139-thread-1] INFO  server.RaftServerConfigKeys (ConfUtils.java:logGet(43)) - raft.server.rpc.timeout.max = 5200ms (custom)
2019-09-12 01:59:51,271 [pool-119-thread-1] INFO  server.RaftServerConfigKeys (ConfUtils.java:logGet(43)) - raft.server.storage.dir = [/workdir/hadoop-ozone/integration-test/target/test-dir/MiniOzoneClusterImpl-e005c837-da8a-4f19-87c0-c8547cff9190/datanode-0/data/ratis] (custom)
2019-09-12 01:59:51,271 [pool-129-thread-1] INFO  impl.RaftServerImpl (RaftServerImpl.java:<init>(93)) - 067762ab-0a52-47b0-8eb8-1c600f2f3255: new RaftServerImpl for group-5D3821C2B03B:[067762ab-0a52-47b0-8eb8-1c600f2f3255:192.168.5.171:42497, e39f61b7-cb47-46e5-aab2-7f1cf4f3c7c8:192.168.5.171:44501, 73873c4a-9b01-429b-bc57-203d0ab13a8f:192.168.5.171:35970] with ContainerStateMachine:uninitialized
2019-09-12 01:59:51,271 [pool-139-thread-1] INFO  server.RaftServerConfigKeys (ConfUtils.java:logGet(43)) - raft.server.rpcslowness.timeout = 120s (custom)
2019-09-12 01:59:51,272 [pool-129-thread-1] INFO  server.RaftServerConfigKeys (ConfUtils.java:logGet(43)) - raft.server.rpc.timeout.min = 5s (custom)
2019-09-12 01:59:51,272 [pool-119-thread-1] INFO  storage.RaftStorageDirectory (RaftStorageDirectory.java:analyzeStorage(246)) - The storage directory /workdir/hadoop-ozone/integration-test/target/test-dir/MiniOzoneClusterImpl-e005c837-da8a-4f19-87c0-c8547cff9190/datanode-0/data/ratis/49aa77e5-2f36-488b-87f0-5d3821c2b03b does not exist. Creating ...
2019-09-12 01:59:51,272 [pool-139-thread-1] INFO  server.RaftServerConfigKeys (ConfUtils.java:logGet(43)) - raft.server.sleep.deviation.threshold = 300 (default)
2019-09-12 01:59:51,272 [pool-129-thread-1] INFO  server.RaftServerConfigKeys (ConfUtils.java:logGet(43)) - raft.server.rpc.timeout.max = 5200ms (custom)
2019-09-12 01:59:51,272 [pool-139-thread-1] INFO  server.RaftServerConfigKeys (ConfUtils.java:logGet(43)) - raft.server.log.appender.install.snapshot.enabled = false (custom)
2019-09-12 01:59:51,272 [pool-129-thread-1] INFO  server.RaftServerConfigKeys (ConfUtils.java:logGet(43)) - raft.server.rpcslowness.timeout = 120s (custom)
2019-09-12 01:59:51,272 [pool-139-thread-1] INFO  impl.RaftServerImpl (ServerState.java:<init>(105)) - 73873c4a-9b01-429b-bc57-203d0ab13a8f:group-5D3821C2B03B ConfigurationManager, init=-1: [067762ab-0a52-47b0-8eb8-1c600f2f3255:192.168.5.171:42497, e39f61b7-cb47-46e5-aab2-7f1cf4f3c7c8:192.168.5.171:44501, 73873c4a-9b01-429b-bc57-203d0ab13a8f:192.168.5.171:35970], old=null, confs=<EMPTY_MAP>
2019-09-12 01:59:51,272 [pool-129-thread-1] INFO  server.RaftServerConfigKeys (ConfUtils.java:logGet(43)) - raft.server.sleep.deviation.threshold = 300 (default)
2019-09-12 01:59:51,272 [pool-139-thread-1] INFO  server.RaftServerConfigKeys (ConfUtils.java:logGet(43)) - raft.server.storage.dir = [/workdir/hadoop-ozone/integration-test/target/test-dir/MiniOzoneClusterImpl-e005c837-da8a-4f19-87c0-c8547cff9190/datanode-2/data/ratis] (custom)
2019-09-12 01:59:51,272 [pool-129-thread-1] INFO  server.RaftServerConfigKeys (ConfUtils.java:logGet(43)) - raft.server.log.appender.install.snapshot.enabled = false (custom)
2019-09-12 01:59:51,273 [pool-129-thread-1] INFO  impl.RaftServerImpl (ServerState.java:<init>(105)) - 067762ab-0a52-47b0-8eb8-1c600f2f3255:group-5D3821C2B03B ConfigurationManager, init=-1: [067762ab-0a52-47b0-8eb8-1c600f2f3255:192.168.5.171:42497, e39f61b7-cb47-46e5-aab2-7f1cf4f3c7c8:192.168.5.171:44501, 73873c4a-9b01-429b-bc57-203d0ab13a8f:192.168.5.171:35970], old=null, confs=<EMPTY_MAP>
2019-09-12 01:59:51,273 [pool-129-thread-1] INFO  server.RaftServerConfigKeys (ConfUtils.java:logGet(43)) - raft.server.storage.dir = [/workdir/hadoop-ozone/integration-test/target/test-dir/MiniOzoneClusterImpl-e005c837-da8a-4f19-87c0-c8547cff9190/datanode-1/data/ratis] (custom)
2019-09-12 01:59:51,273 [pool-139-thread-1] INFO  storage.RaftStorageDirectory (RaftStorageDirectory.java:analyzeStorage(246)) - The storage directory /workdir/hadoop-ozone/integration-test/target/test-dir/MiniOzoneClusterImpl-e005c837-da8a-4f19-87c0-c8547cff9190/datanode-2/data/ratis/49aa77e5-2f36-488b-87f0-5d3821c2b03b does not exist. Creating ...
2019-09-12 01:59:51,273 [pool-129-thread-1] INFO  storage.RaftStorageDirectory (RaftStorageDirectory.java:analyzeStorage(246)) - The storage directory /workdir/hadoop-ozone/integration-test/target/test-dir/MiniOzoneClusterImpl-e005c837-da8a-4f19-87c0-c8547cff9190/datanode-1/data/ratis/49aa77e5-2f36-488b-87f0-5d3821c2b03b does not exist. Creating ...
2019-09-12 01:59:51,284 [pool-119-thread-1] INFO  storage.RaftStorageDirectory (RaftStorageDirectory.java:tryLock(328)) - Lock on /workdir/hadoop-ozone/integration-test/target/test-dir/MiniOzoneClusterImpl-e005c837-da8a-4f19-87c0-c8547cff9190/datanode-0/data/ratis/49aa77e5-2f36-488b-87f0-5d3821c2b03b/in_use.lock acquired by nodename 19752@pr-hdds-2007-7njtk-1085629304
2019-09-12 01:59:51,297 [pool-129-thread-1] INFO  storage.RaftStorageDirectory (RaftStorageDirectory.java:tryLock(328)) - Lock on /workdir/hadoop-ozone/integration-test/target/test-dir/MiniOzoneClusterImpl-e005c837-da8a-4f19-87c0-c8547cff9190/datanode-1/data/ratis/49aa77e5-2f36-488b-87f0-5d3821c2b03b/in_use.lock acquired by nodename 19752@pr-hdds-2007-7njtk-1085629304
2019-09-12 01:59:51,297 [pool-139-thread-1] INFO  storage.RaftStorageDirectory (RaftStorageDirectory.java:tryLock(328)) - Lock on /workdir/hadoop-ozone/integration-test/target/test-dir/MiniOzoneClusterImpl-e005c837-da8a-4f19-87c0-c8547cff9190/datanode-2/data/ratis/49aa77e5-2f36-488b-87f0-5d3821c2b03b/in_use.lock acquired by nodename 19752@pr-hdds-2007-7njtk-1085629304
2019-09-12 01:59:51,317 [pool-129-thread-1] INFO  storage.RaftStorage (RaftStorage.java:format(72)) - Storage directory /workdir/hadoop-ozone/integration-test/target/test-dir/MiniOzoneClusterImpl-e005c837-da8a-4f19-87c0-c8547cff9190/datanode-1/data/ratis/49aa77e5-2f36-488b-87f0-5d3821c2b03b has been successfully formatted.
2019-09-12 01:59:51,317 [pool-139-thread-1] INFO  storage.RaftStorage (RaftStorage.java:format(72)) - Storage directory /workdir/hadoop-ozone/integration-test/target/test-dir/MiniOzoneClusterImpl-e005c837-da8a-4f19-87c0-c8547cff9190/datanode-2/data/ratis/49aa77e5-2f36-488b-87f0-5d3821c2b03b has been successfully formatted.
2019-09-12 01:59:51,317 [pool-119-thread-1] INFO  storage.RaftStorage (RaftStorage.java:format(72)) - Storage directory /workdir/hadoop-ozone/integration-test/target/test-dir/MiniOzoneClusterImpl-e005c837-da8a-4f19-87c0-c8547cff9190/datanode-0/data/ratis/49aa77e5-2f36-488b-87f0-5d3821c2b03b has been successfully formatted.
2019-09-12 01:59:51,318 [pool-139-thread-1] INFO  ratis.ContainerStateMachine (ContainerStateMachine.java:loadSnapshot(227)) - group-5D3821C2B03B: The snapshot info is null. Setting the last applied indexto:(t:0, i:~)
2019-09-12 01:59:51,317 [pool-129-thread-1] INFO  ratis.ContainerStateMachine (ContainerStateMachine.java:loadSnapshot(227)) - group-5D3821C2B03B: The snapshot info is null. Setting the last applied indexto:(t:0, i:~)
2019-09-12 01:59:51,318 [pool-119-thread-1] INFO  ratis.ContainerStateMachine (ContainerStateMachine.java:loadSnapshot(227)) - group-5D3821C2B03B: The snapshot info is null. Setting the last applied indexto:(t:0, i:~)
2019-09-12 01:59:51,318 [pool-139-thread-1] INFO  server.RaftServerConfigKeys (ConfUtils.java:logGet(43)) - raft.server.leader.election.timeout = 120s (custom)
2019-09-12 01:59:51,318 [pool-119-thread-1] INFO  server.RaftServerConfigKeys (ConfUtils.java:logGet(43)) - raft.server.leader.election.timeout = 120s (custom)
2019-09-12 01:59:51,318 [pool-129-thread-1] INFO  server.RaftServerConfigKeys (ConfUtils.java:logGet(43)) - raft.server.leader.election.timeout = 120s (custom)
2019-09-12 01:59:51,318 [pool-119-thread-1] INFO  server.RaftServerConfigKeys (ConfUtils.java:logGet(43)) - raft.server.log.use.memory = false (default)
2019-09-12 01:59:51,318 [pool-139-thread-1] INFO  server.RaftServerConfigKeys (ConfUtils.java:logGet(43)) - raft.server.log.use.memory = false (default)
2019-09-12 01:59:51,318 [pool-119-thread-1] INFO  server.RaftServerConfigKeys (ConfUtils.java:logGet(43)) - raft.server.log.purge.gap = 1000000 (custom)
2019-09-12 01:59:51,318 [pool-129-thread-1] INFO  server.RaftServerConfigKeys (ConfUtils.java:logGet(43)) - raft.server.log.use.memory = false (default)
2019-09-12 01:59:51,319 [pool-119-thread-1] INFO  server.RaftServerConfigKeys (ConfUtils.java:logGet(43)) - raft.server.log.appender.buffer.byte-limit = 33554432 (custom)
2019-09-12 01:59:51,319 [pool-139-thread-1] INFO  server.RaftServerConfigKeys (ConfUtils.java:logGet(43)) - raft.server.log.purge.gap = 1000000 (custom)
2019-09-12 01:59:51,319 [pool-119-thread-1] INFO  server.RaftServerConfigKeys (ConfUtils.java:logGet(43)) - raft.server.log.segment.size.max = 1048576 (custom)
2019-09-12 01:59:51,319 [pool-129-thread-1] INFO  server.RaftServerConfigKeys (ConfUtils.java:logGet(43)) - raft.server.log.purge.gap = 1000000 (custom)
2019-09-12 01:59:51,319 [pool-119-thread-1] INFO  server.RaftServerConfigKeys (ConfUtils.java:logGet(43)) - raft.server.log.segment.cache.num.max = 2 (custom)
2019-09-12 01:59:51,319 [pool-139-thread-1] INFO  server.RaftServerConfigKeys (ConfUtils.java:logGet(43)) - raft.server.log.appender.buffer.byte-limit = 33554432 (custom)
2019-09-12 01:59:51,319 [pool-119-thread-1] INFO  segmented.SegmentedRaftLogWorker (SegmentedRaftLogWorker.java:<init>(172)) - new e39f61b7-cb47-46e5-aab2-7f1cf4f3c7c8-SegmentedRaftLogWorker:Storage Directory /workdir/hadoop-ozone/integration-test/target/test-dir/MiniOzoneClusterImpl-e005c837-da8a-4f19-87c0-c8547cff9190/datanode-0/data/ratis/49aa77e5-2f36-488b-87f0-5d3821c2b03b for RaftStorage:Storage Directory /workdir/hadoop-ozone/integration-test/target/test-dir/MiniOzoneClusterImpl-e005c837-da8a-4f19-87c0-c8547cff9190/datanode-0/data/ratis/49aa77e5-2f36-488b-87f0-5d3821c2b03b
2019-09-12 01:59:51,319 [pool-129-thread-1] INFO  server.RaftServerConfigKeys (ConfUtils.java:logGet(43)) - raft.server.log.appender.buffer.byte-limit = 33554432 (custom)
2019-09-12 01:59:51,320 [pool-119-thread-1] INFO  server.RaftServerConfigKeys (ConfUtils.java:logGet(43)) - raft.server.log.queue.byte-limit = 2147483647 (custom)
2019-09-12 01:59:51,320 [pool-119-thread-1] INFO  server.RaftServerConfigKeys (ConfUtils.java:logGet(43)) - raft.server.log.queue.element-limit = 1024 (custom)
2019-09-12 01:59:51,320 [pool-139-thread-1] INFO  server.RaftServerConfigKeys (ConfUtils.java:logGet(43)) - raft.server.log.segment.size.max = 1048576 (custom)
2019-09-12 01:59:51,320 [IPC Server handler 1 on 34312] INFO  net.NetworkTopology (NetworkTopologyImpl.java:add(110)) - Added a new node: /default-rack/992420f5-0400-4216-b477-118fb1248d11
2019-09-12 01:59:51,320 [pool-139-thread-1] INFO  server.RaftServerConfigKeys (ConfUtils.java:logGet(43)) - raft.server.log.segment.cache.num.max = 2 (custom)
2019-09-12 01:59:51,320 [pool-119-thread-1] INFO  server.RaftServerConfigKeys (ConfUtils.java:logGet(43)) - raft.server.log.segment.size.max = 1048576 (custom)
2019-09-12 01:59:51,320 [pool-129-thread-1] INFO  server.RaftServerConfigKeys (ConfUtils.java:logGet(43)) - raft.server.log.segment.size.max = 1048576 (custom)
2019-09-12 01:59:51,321 [pool-119-thread-1] INFO  server.RaftServerConfigKeys (ConfUtils.java:logGet(43)) - raft.server.log.preallocated.size = 16384 (custom)
2019-09-12 01:59:51,321 [pool-139-thread-1] INFO  segmented.SegmentedRaftLogWorker (SegmentedRaftLogWorker.java:<init>(172)) - new 73873c4a-9b01-429b-bc57-203d0ab13a8f-SegmentedRaftLogWorker:Storage Directory /workdir/hadoop-ozone/integration-test/target/test-dir/MiniOzoneClusterImpl-e005c837-da8a-4f19-87c0-c8547cff9190/datanode-2/data/ratis/49aa77e5-2f36-488b-87f0-5d3821c2b03b for RaftStorage:Storage Directory /workdir/hadoop-ozone/integration-test/target/test-dir/MiniOzoneClusterImpl-e005c837-da8a-4f19-87c0-c8547cff9190/datanode-2/data/ratis/49aa77e5-2f36-488b-87f0-5d3821c2b03b
2019-09-12 01:59:51,320 [IPC Server handler 1 on 34312] INFO  node.SCMNodeManager (SCMNodeManager.java:register(266)) - Registered Data node : 992420f5-0400-4216-b477-118fb1248d11{ip: 192.168.5.171, host: pr-hdds-2007-7njtk-1085629304, networkLocation: /default-rack, certSerialId: null}
2019-09-12 01:59:51,321 [pool-139-thread-1] INFO  server.RaftServerConfigKeys (ConfUtils.java:logGet(43)) - raft.server.log.queue.byte-limit = 2147483647 (custom)
2019-09-12 01:59:51,321 [pool-119-thread-1] INFO  server.RaftServerConfigKeys (ConfUtils.java:logGet(43)) - raft.server.log.write.buffer.size = 33554432 (custom)
2019-09-12 01:59:51,321 [pool-129-thread-1] INFO  server.RaftServerConfigKeys (ConfUtils.java:logGet(43)) - raft.server.log.segment.cache.num.max = 2 (custom)
2019-09-12 01:59:51,322 [pool-119-thread-1] INFO  server.RaftServerConfigKeys (ConfUtils.java:logGet(43)) - raft.server.log.force.sync.num = 128 (default)
2019-09-12 01:59:51,321 [pool-139-thread-1] INFO  server.RaftServerConfigKeys (ConfUtils.java:logGet(43)) - raft.server.log.queue.element-limit = 1024 (custom)
2019-09-12 01:59:51,322 [pool-119-thread-1] INFO  server.RaftServerConfigKeys (ConfUtils.java:logGet(43)) - raft.server.log.statemachine.data.sync = true (default)
2019-09-12 01:59:51,322 [pool-129-thread-1] INFO  segmented.SegmentedRaftLogWorker (SegmentedRaftLogWorker.java:<init>(172)) - new 067762ab-0a52-47b0-8eb8-1c600f2f3255-SegmentedRaftLogWorker:Storage Directory /workdir/hadoop-ozone/integration-test/target/test-dir/MiniOzoneClusterImpl-e005c837-da8a-4f19-87c0-c8547cff9190/datanode-1/data/ratis/49aa77e5-2f36-488b-87f0-5d3821c2b03b for RaftStorage:Storage Directory /workdir/hadoop-ozone/integration-test/target/test-dir/MiniOzoneClusterImpl-e005c837-da8a-4f19-87c0-c8547cff9190/datanode-1/data/ratis/49aa77e5-2f36-488b-87f0-5d3821c2b03b
2019-09-12 01:59:51,322 [pool-139-thread-1] INFO  server.RaftServerConfigKeys (ConfUtils.java:logGet(43)) - raft.server.log.segment.size.max = 1048576 (custom)
2019-09-12 01:59:51,322 [pool-119-thread-1] INFO  server.RaftServerConfigKeys (ConfUtils.java:logGet(43)) - raft.server.log.statemachine.data.sync.timeout = 10s (default)
2019-09-12 01:59:51,322 [pool-139-thread-1] INFO  server.RaftServerConfigKeys (ConfUtils.java:logGet(43)) - raft.server.log.preallocated.size = 16384 (custom)
2019-09-12 01:59:51,322 [pool-129-thread-1] INFO  server.RaftServerConfigKeys (ConfUtils.java:logGet(43)) - raft.server.log.queue.byte-limit = 2147483647 (custom)
2019-09-12 01:59:51,323 [pool-139-thread-1] INFO  server.RaftServerConfigKeys (ConfUtils.java:logGet(43)) - raft.server.log.write.buffer.size = 33554432 (custom)
2019-09-12 01:59:51,322 [pool-119-thread-1] INFO  server.RaftServerConfigKeys (ConfUtils.java:logGet(43)) - raft.server.log.statemachine.data.sync.timeout.retry = -1 (default)
2019-09-12 01:59:51,323 [pool-139-thread-1] INFO  server.RaftServerConfigKeys (ConfUtils.java:logGet(43)) - raft.server.log.force.sync.num = 128 (default)
2019-09-12 01:59:51,323 [pool-129-thread-1] INFO  server.RaftServerConfigKeys (ConfUtils.java:logGet(43)) - raft.server.log.queue.element-limit = 1024 (custom)
2019-09-12 01:59:51,323 [pool-119-thread-1] INFO  server.RaftServerConfigKeys (ConfUtils.java:logGet(43)) - raft.server.log.statemachine.data.caching.enabled = true (custom)
2019-09-12 01:59:51,323 [pool-139-thread-1] INFO  server.RaftServerConfigKeys (ConfUtils.java:logGet(43)) - raft.server.log.statemachine.data.sync = true (default)
2019-09-12 01:59:51,323 [pool-129-thread-1] INFO  server.RaftServerConfigKeys (ConfUtils.java:logGet(43)) - raft.server.log.segment.size.max = 1048576 (custom)
2019-09-12 01:59:51,323 [pool-139-thread-1] INFO  server.RaftServerConfigKeys (ConfUtils.java:logGet(43)) - raft.server.log.statemachine.data.sync.timeout = 10s (default)
2019-09-12 01:59:51,323 [pool-119-thread-1] INFO  segmented.SegmentedRaftLogWorker (SegmentedRaftLogWorker.java:lambda$new$0(132)) - e39f61b7-cb47-46e5-aab2-7f1cf4f3c7c8-SegmentedRaftLogWorker:Storage Directory /workdir/hadoop-ozone/integration-test/target/test-dir/MiniOzoneClusterImpl-e005c837-da8a-4f19-87c0-c8547cff9190/datanode-0/data/ratis/49aa77e5-2f36-488b-87f0-5d3821c2b03b: flushIndex: setUnconditionally 0 -> -1
2019-09-12 01:59:51,323 [pool-129-thread-1] INFO  server.RaftServerConfigKeys (ConfUtils.java:logGet(43)) - raft.server.log.preallocated.size = 16384 (custom)
2019-09-12 01:59:51,324 [pool-139-thread-1] INFO  server.RaftServerConfigKeys (ConfUtils.java:logGet(43)) - raft.server.log.statemachine.data.sync.timeout.retry = -1 (default)
2019-09-12 01:59:51,324 [pool-119-thread-1] INFO  server.RaftServerConfigKeys (ConfUtils.java:logGet(43)) - raft.server.snapshot.auto.trigger.enabled = true (custom)
2019-09-12 01:59:51,324 [pool-129-thread-1] INFO  server.RaftServerConfigKeys (ConfUtils.java:logGet(43)) - raft.server.log.write.buffer.size = 33554432 (custom)
2019-09-12 01:59:51,324 [pool-129-thread-1] INFO  server.RaftServerConfigKeys (ConfUtils.java:logGet(43)) - raft.server.log.force.sync.num = 128 (default)
2019-09-12 01:59:51,324 [pool-139-thread-1] INFO  server.RaftServerConfigKeys (ConfUtils.java:logGet(43)) - raft.server.log.statemachine.data.caching.enabled = true (custom)
2019-09-12 01:59:51,324 [pool-119-thread-1] INFO  server.RaftServerConfigKeys (ConfUtils.java:logGet(43)) - raft.server.snapshot.auto.trigger.threshold = 10000 (custom)
2019-09-12 01:59:51,324 [pool-129-thread-1] INFO  server.RaftServerConfigKeys (ConfUtils.java:logGet(43)) - raft.server.log.statemachine.data.sync = true (default)
2019-09-12 01:59:51,325 [pool-119-thread-1] INFO  server.RaftServerConfigKeys (ConfUtils.java:logGet(43)) - raft.server.retrycache.expirytime = 600000ms (custom)
2019-09-12 01:59:51,325 [pool-139-thread-1] INFO  segmented.SegmentedRaftLogWorker (SegmentedRaftLogWorker.java:lambda$new$0(132)) - 73873c4a-9b01-429b-bc57-203d0ab13a8f-SegmentedRaftLogWorker:Storage Directory /workdir/hadoop-ozone/integration-test/target/test-dir/MiniOzoneClusterImpl-e005c837-da8a-4f19-87c0-c8547cff9190/datanode-2/data/ratis/49aa77e5-2f36-488b-87f0-5d3821c2b03b: flushIndex: setUnconditionally 0 -> -1
2019-09-12 01:59:51,325 [pool-119-thread-1] INFO  impl.RaftServerImpl (RaftServerImpl.java:start(180)) - e39f61b7-cb47-46e5-aab2-7f1cf4f3c7c8: start group-5D3821C2B03B
2019-09-12 01:59:51,325 [pool-129-thread-1] INFO  server.RaftServerConfigKeys (ConfUtils.java:logGet(43)) - raft.server.log.statemachine.data.sync.timeout = 10s (default)
2019-09-12 01:59:51,325 [pool-139-thread-1] INFO  server.RaftServerConfigKeys (ConfUtils.java:logGet(43)) - raft.server.snapshot.auto.trigger.enabled = true (custom)
2019-09-12 01:59:51,325 [pool-119-thread-1] INFO  impl.RaftServerImpl (RaftServerImpl.java:setRole(171)) - e39f61b7-cb47-46e5-aab2-7f1cf4f3c7c8:group-5D3821C2B03B changes role from null to FOLLOWER at term 0 for startAsFollower
2019-09-12 01:59:51,325 [pool-139-thread-1] INFO  server.RaftServerConfigKeys (ConfUtils.java:logGet(43)) - raft.server.snapshot.auto.trigger.threshold = 10000 (custom)
2019-09-12 01:59:51,325 [pool-129-thread-1] INFO  server.RaftServerConfigKeys (ConfUtils.java:logGet(43)) - raft.server.log.statemachine.data.sync.timeout.retry = -1 (default)
2019-09-12 01:59:51,325 [pool-139-thread-1] INFO  server.RaftServerConfigKeys (ConfUtils.java:logGet(43)) - raft.server.retrycache.expirytime = 600000ms (custom)
2019-09-12 01:59:51,325 [pool-119-thread-1] INFO  impl.RoleInfo (RoleInfo.java:updateAndGet(143)) - e39f61b7-cb47-46e5-aab2-7f1cf4f3c7c8: start FollowerState
2019-09-12 01:59:51,326 [pool-139-thread-1] INFO  impl.RaftServerImpl (RaftServerImpl.java:start(180)) - 73873c4a-9b01-429b-bc57-203d0ab13a8f: start group-5D3821C2B03B
2019-09-12 01:59:51,326 [pool-129-thread-1] INFO  server.RaftServerConfigKeys (ConfUtils.java:logGet(43)) - raft.server.log.statemachine.data.caching.enabled = true (custom)
2019-09-12 01:59:51,326 [pool-139-thread-1] INFO  impl.RaftServerImpl (RaftServerImpl.java:setRole(171)) - 73873c4a-9b01-429b-bc57-203d0ab13a8f:group-5D3821C2B03B changes role from null to FOLLOWER at term 0 for startAsFollower
2019-09-12 01:59:51,326 [pool-139-thread-1] INFO  impl.RoleInfo (RoleInfo.java:updateAndGet(143)) - 73873c4a-9b01-429b-bc57-203d0ab13a8f: start FollowerState
2019-09-12 01:59:51,326 [pool-129-thread-1] INFO  segmented.SegmentedRaftLogWorker (SegmentedRaftLogWorker.java:lambda$new$0(132)) - 067762ab-0a52-47b0-8eb8-1c600f2f3255-SegmentedRaftLogWorker:Storage Directory /workdir/hadoop-ozone/integration-test/target/test-dir/MiniOzoneClusterImpl-e005c837-da8a-4f19-87c0-c8547cff9190/datanode-1/data/ratis/49aa77e5-2f36-488b-87f0-5d3821c2b03b: flushIndex: setUnconditionally 0 -> -1
2019-09-12 01:59:51,326 [pool-119-thread-1] INFO  util.JmxRegister (JmxRegister.java:tryRegister(44)) - Successfully registered JMX Bean with object name Ratis:service=RaftServer,group=group-5D3821C2B03B,id=e39f61b7-cb47-46e5-aab2-7f1cf4f3c7c8
2019-09-12 01:59:51,326 [pool-129-thread-1] INFO  server.RaftServerConfigKeys (ConfUtils.java:logGet(43)) - raft.server.snapshot.auto.trigger.enabled = true (custom)
2019-09-12 01:59:51,336 [pool-139-thread-1] INFO  util.JmxRegister (JmxRegister.java:tryRegister(44)) - Successfully registered JMX Bean with object name Ratis:service=RaftServer,group=group-5D3821C2B03B,id=73873c4a-9b01-429b-bc57-203d0ab13a8f
2019-09-12 01:59:51,336 [pool-129-thread-1] INFO  server.RaftServerConfigKeys (ConfUtils.java:logGet(43)) - raft.server.snapshot.auto.trigger.threshold = 10000 (custom)
2019-09-12 01:59:51,336 [pool-129-thread-1] INFO  server.RaftServerConfigKeys (ConfUtils.java:logGet(43)) - raft.server.retrycache.expirytime = 600000ms (custom)
2019-09-12 01:59:51,342 [pool-129-thread-1] INFO  impl.RaftServerImpl (RaftServerImpl.java:start(180)) - 067762ab-0a52-47b0-8eb8-1c600f2f3255: start group-5D3821C2B03B
2019-09-12 01:59:51,343 [pool-129-thread-1] INFO  impl.RaftServerImpl (RaftServerImpl.java:setRole(171)) - 067762ab-0a52-47b0-8eb8-1c600f2f3255:group-5D3821C2B03B changes role from null to FOLLOWER at term 0 for startAsFollower
2019-09-12 01:59:51,343 [pool-129-thread-1] INFO  impl.RoleInfo (RoleInfo.java:updateAndGet(143)) - 067762ab-0a52-47b0-8eb8-1c600f2f3255: start FollowerState
2019-09-12 01:59:51,343 [pool-129-thread-1] INFO  util.JmxRegister (JmxRegister.java:tryRegister(44)) - Successfully registered JMX Bean with object name Ratis:service=RaftServer,group=group-5D3821C2B03B,id=067762ab-0a52-47b0-8eb8-1c600f2f3255
2019-09-12 01:59:51,346 [RatisPipelineUtilsThread] INFO  pipeline.PipelineStateManager (PipelineStateManager.java:addPipeline(56)) - Created pipeline Pipeline[ Id: 49aa77e5-2f36-488b-87f0-5d3821c2b03b, Nodes: 73873c4a-9b01-429b-bc57-203d0ab13a8f{ip: 192.168.5.171, host: pr-hdds-2007-7njtk-1085629304, networkLocation: /default-rack, certSerialId: null}067762ab-0a52-47b0-8eb8-1c600f2f3255{ip: 192.168.5.171, host: pr-hdds-2007-7njtk-1085629304, networkLocation: /default-rack, certSerialId: null}e39f61b7-cb47-46e5-aab2-7f1cf4f3c7c8{ip: 192.168.5.171, host: pr-hdds-2007-7njtk-1085629304, networkLocation: /default-rack, certSerialId: null}, Type:RATIS, Factor:THREE, State:OPEN]
2019-09-12 01:59:51,355 [grpc-default-executor-4] INFO  impl.RaftServerProxy (RaftServerProxy.java:addNew(89)) - 73873c4a-9b01-429b-bc57-203d0ab13a8f: addNew group-027E12E9F058:[73873c4a-9b01-429b-bc57-203d0ab13a8f:192.168.5.171:35970] returns group-027E12E9F058:java.util.concurrent.CompletableFuture@48b84944[Not completed]
2019-09-12 01:59:51,357 [pool-139-thread-1] INFO  impl.RaftServerImpl (RaftServerImpl.java:<init>(93)) - 73873c4a-9b01-429b-bc57-203d0ab13a8f: new RaftServerImpl for group-027E12E9F058:[73873c4a-9b01-429b-bc57-203d0ab13a8f:192.168.5.171:35970] with ContainerStateMachine:uninitialized
2019-09-12 01:59:51,357 [pool-139-thread-1] INFO  server.RaftServerConfigKeys (ConfUtils.java:logGet(43)) - raft.server.rpc.timeout.min = 5s (custom)
2019-09-12 01:59:51,357 [pool-139-thread-1] INFO  server.RaftServerConfigKeys (ConfUtils.java:logGet(43)) - raft.server.rpc.timeout.max = 5200ms (custom)
2019-09-12 01:59:51,357 [pool-139-thread-1] INFO  server.RaftServerConfigKeys (ConfUtils.java:logGet(43)) - raft.server.rpcslowness.timeout = 120s (custom)
2019-09-12 01:59:51,357 [pool-139-thread-1] INFO  server.RaftServerConfigKeys (ConfUtils.java:logGet(43)) - raft.server.sleep.deviation.threshold = 300 (default)
2019-09-12 01:59:51,357 [pool-139-thread-1] INFO  server.RaftServerConfigKeys (ConfUtils.java:logGet(43)) - raft.server.log.appender.install.snapshot.enabled = false (custom)
2019-09-12 01:59:51,357 [pool-139-thread-1] INFO  impl.RaftServerImpl (ServerState.java:<init>(105)) - 73873c4a-9b01-429b-bc57-203d0ab13a8f:group-027E12E9F058 ConfigurationManager, init=-1: [73873c4a-9b01-429b-bc57-203d0ab13a8f:192.168.5.171:35970], old=null, confs=<EMPTY_MAP>
2019-09-12 01:59:51,358 [pool-139-thread-1] INFO  server.RaftServerConfigKeys (ConfUtils.java:logGet(43)) - raft.server.storage.dir = [/workdir/hadoop-ozone/integration-test/target/test-dir/MiniOzoneClusterImpl-e005c837-da8a-4f19-87c0-c8547cff9190/datanode-2/data/ratis] (custom)
2019-09-12 01:59:51,358 [pool-139-thread-1] INFO  storage.RaftStorageDirectory (RaftStorageDirectory.java:analyzeStorage(246)) - The storage directory /workdir/hadoop-ozone/integration-test/target/test-dir/MiniOzoneClusterImpl-e005c837-da8a-4f19-87c0-c8547cff9190/datanode-2/data/ratis/e6f6c062-617c-4938-a819-027e12e9f058 does not exist. Creating ...
2019-09-12 01:59:51,381 [pool-139-thread-1] INFO  storage.RaftStorageDirectory (RaftStorageDirectory.java:tryLock(328)) - Lock on /workdir/hadoop-ozone/integration-test/target/test-dir/MiniOzoneClusterImpl-e005c837-da8a-4f19-87c0-c8547cff9190/datanode-2/data/ratis/e6f6c062-617c-4938-a819-027e12e9f058/in_use.lock acquired by nodename 19752@pr-hdds-2007-7njtk-1085629304
2019-09-12 01:59:51,405 [pool-139-thread-1] INFO  storage.RaftStorage (RaftStorage.java:format(72)) - Storage directory /workdir/hadoop-ozone/integration-test/target/test-dir/MiniOzoneClusterImpl-e005c837-da8a-4f19-87c0-c8547cff9190/datanode-2/data/ratis/e6f6c062-617c-4938-a819-027e12e9f058 has been successfully formatted.
2019-09-12 01:59:51,406 [pool-139-thread-1] INFO  ratis.ContainerStateMachine (ContainerStateMachine.java:loadSnapshot(227)) - group-027E12E9F058: The snapshot info is null. Setting the last applied indexto:(t:0, i:~)
2019-09-12 01:59:51,406 [pool-139-thread-1] INFO  server.RaftServerConfigKeys (ConfUtils.java:logGet(43)) - raft.server.leader.election.timeout = 120s (custom)
2019-09-12 01:59:51,406 [pool-139-thread-1] INFO  server.RaftServerConfigKeys (ConfUtils.java:logGet(43)) - raft.server.log.use.memory = false (default)
2019-09-12 01:59:51,406 [pool-139-thread-1] INFO  server.RaftServerConfigKeys (ConfUtils.java:logGet(43)) - raft.server.log.purge.gap = 1000000 (custom)
2019-09-12 01:59:51,406 [pool-139-thread-1] INFO  server.RaftServerConfigKeys (ConfUtils.java:logGet(43)) - raft.server.log.appender.buffer.byte-limit = 33554432 (custom)
2019-09-12 01:59:51,406 [pool-139-thread-1] INFO  server.RaftServerConfigKeys (ConfUtils.java:logGet(43)) - raft.server.log.segment.size.max = 1048576 (custom)
2019-09-12 01:59:51,407 [pool-139-thread-1] INFO  server.RaftServerConfigKeys (ConfUtils.java:logGet(43)) - raft.server.log.segment.cache.num.max = 2 (custom)
2019-09-12 01:59:51,407 [pool-139-thread-1] INFO  segmented.SegmentedRaftLogWorker (SegmentedRaftLogWorker.java:<init>(172)) - new 73873c4a-9b01-429b-bc57-203d0ab13a8f-SegmentedRaftLogWorker:Storage Directory /workdir/hadoop-ozone/integration-test/target/test-dir/MiniOzoneClusterImpl-e005c837-da8a-4f19-87c0-c8547cff9190/datanode-2/data/ratis/e6f6c062-617c-4938-a819-027e12e9f058 for RaftStorage:Storage Directory /workdir/hadoop-ozone/integration-test/target/test-dir/MiniOzoneClusterImpl-e005c837-da8a-4f19-87c0-c8547cff9190/datanode-2/data/ratis/e6f6c062-617c-4938-a819-027e12e9f058
2019-09-12 01:59:51,407 [pool-139-thread-1] INFO  server.RaftServerConfigKeys (ConfUtils.java:logGet(43)) - raft.server.log.queue.byte-limit = 2147483647 (custom)
2019-09-12 01:59:51,407 [pool-139-thread-1] INFO  server.RaftServerConfigKeys (ConfUtils.java:logGet(43)) - raft.server.log.queue.element-limit = 1024 (custom)
2019-09-12 01:59:51,407 [pool-139-thread-1] INFO  server.RaftServerConfigKeys (ConfUtils.java:logGet(43)) - raft.server.log.segment.size.max = 1048576 (custom)
2019-09-12 01:59:51,408 [pool-139-thread-1] INFO  server.RaftServerConfigKeys (ConfUtils.java:logGet(43)) - raft.server.log.preallocated.size = 16384 (custom)
2019-09-12 01:59:51,408 [pool-139-thread-1] INFO  server.RaftServerConfigKeys (ConfUtils.java:logGet(43)) - raft.server.log.write.buffer.size = 33554432 (custom)
2019-09-12 01:59:51,408 [pool-139-thread-1] INFO  server.RaftServerConfigKeys (ConfUtils.java:logGet(43)) - raft.server.log.force.sync.num = 128 (default)
2019-09-12 01:59:51,408 [pool-139-thread-1] INFO  server.RaftServerConfigKeys (ConfUtils.java:logGet(43)) - raft.server.log.statemachine.data.sync = true (default)
2019-09-12 01:59:51,408 [pool-139-thread-1] INFO  server.RaftServerConfigKeys (ConfUtils.java:logGet(43)) - raft.server.log.statemachine.data.sync.timeout = 10s (default)
2019-09-12 01:59:51,408 [pool-139-thread-1] INFO  server.RaftServerConfigKeys (ConfUtils.java:logGet(43)) - raft.server.log.statemachine.data.sync.timeout.retry = -1 (default)
2019-09-12 01:59:51,409 [pool-139-thread-1] INFO  server.RaftServerConfigKeys (ConfUtils.java:logGet(43)) - raft.server.log.statemachine.data.caching.enabled = true (custom)
2019-09-12 01:59:51,409 [pool-139-thread-1] INFO  segmented.SegmentedRaftLogWorker (SegmentedRaftLogWorker.java:lambda$new$0(132)) - 73873c4a-9b01-429b-bc57-203d0ab13a8f-SegmentedRaftLogWorker:Storage Directory /workdir/hadoop-ozone/integration-test/target/test-dir/MiniOzoneClusterImpl-e005c837-da8a-4f19-87c0-c8547cff9190/datanode-2/data/ratis/e6f6c062-617c-4938-a819-027e12e9f058: flushIndex: setUnconditionally 0 -> -1
2019-09-12 01:59:51,409 [pool-139-thread-1] INFO  server.RaftServerConfigKeys (ConfUtils.java:logGet(43)) - raft.server.snapshot.auto.trigger.enabled = true (custom)
2019-09-12 01:59:51,409 [pool-139-thread-1] INFO  server.RaftServerConfigKeys (ConfUtils.java:logGet(43)) - raft.server.snapshot.auto.trigger.threshold = 10000 (custom)
2019-09-12 01:59:51,410 [pool-139-thread-1] INFO  server.RaftServerConfigKeys (ConfUtils.java:logGet(43)) - raft.server.retrycache.expirytime = 600000ms (custom)
2019-09-12 01:59:51,410 [pool-139-thread-1] INFO  impl.RaftServerImpl (RaftServerImpl.java:start(180)) - 73873c4a-9b01-429b-bc57-203d0ab13a8f: start group-027E12E9F058
2019-09-12 01:59:51,410 [pool-139-thread-1] INFO  impl.RaftServerImpl (RaftServerImpl.java:setRole(171)) - 73873c4a-9b01-429b-bc57-203d0ab13a8f:group-027E12E9F058 changes role from null to FOLLOWER at term 0 for startAsFollower
2019-09-12 01:59:51,410 [pool-139-thread-1] INFO  impl.RoleInfo (RoleInfo.java:updateAndGet(143)) - 73873c4a-9b01-429b-bc57-203d0ab13a8f: start FollowerState
2019-09-12 01:59:51,411 [pool-139-thread-1] INFO  util.JmxRegister (JmxRegister.java:tryRegister(44)) - Successfully registered JMX Bean with object name Ratis:service=RaftServer,group=group-027E12E9F058,id=73873c4a-9b01-429b-bc57-203d0ab13a8f
2019-09-12 01:59:51,414 [RatisPipelineUtilsThread] INFO  pipeline.PipelineStateManager (PipelineStateManager.java:addPipeline(56)) - Created pipeline Pipeline[ Id: e6f6c062-617c-4938-a819-027e12e9f058, Nodes: 73873c4a-9b01-429b-bc57-203d0ab13a8f{ip: 192.168.5.171, host: pr-hdds-2007-7njtk-1085629304, networkLocation: /default-rack, certSerialId: null}, Type:RATIS, Factor:ONE, State:OPEN]
2019-09-12 01:59:51,420 [IPC Server handler 3 on 34312] INFO  net.NetworkTopology (NetworkTopologyImpl.java:add(110)) - Added a new node: /default-rack/a6c0a076-5a4d-4b07-959a-c5ddb0608f42
2019-09-12 01:59:51,420 [IPC Server handler 3 on 34312] INFO  node.SCMNodeManager (SCMNodeManager.java:register(266)) - Registered Data node : a6c0a076-5a4d-4b07-959a-c5ddb0608f42{ip: 192.168.5.171, host: pr-hdds-2007-7njtk-1085629304, networkLocation: /default-rack, certSerialId: null}
2019-09-12 01:59:51,427 [grpc-default-executor-4] INFO  impl.RaftServerProxy (RaftServerProxy.java:addNew(89)) - 992420f5-0400-4216-b477-118fb1248d11: addNew group-EE974A69BD69:[992420f5-0400-4216-b477-118fb1248d11:192.168.5.171:45375] returns group-EE974A69BD69:java.util.concurrent.CompletableFuture@291c14df[Not completed]
2019-09-12 01:59:51,432 [pool-149-thread-1] INFO  impl.RaftServerImpl (RaftServerImpl.java:<init>(93)) - 992420f5-0400-4216-b477-118fb1248d11: new RaftServerImpl for group-EE974A69BD69:[992420f5-0400-4216-b477-118fb1248d11:192.168.5.171:45375] with ContainerStateMachine:uninitialized
2019-09-12 01:59:51,432 [pool-149-thread-1] INFO  server.RaftServerConfigKeys (ConfUtils.java:logGet(43)) - raft.server.rpc.timeout.min = 5s (custom)
2019-09-12 01:59:51,432 [pool-149-thread-1] INFO  server.RaftServerConfigKeys (ConfUtils.java:logGet(43)) - raft.server.rpc.timeout.max = 5200ms (custom)
2019-09-12 01:59:51,432 [pool-149-thread-1] INFO  server.RaftServerConfigKeys (ConfUtils.java:logGet(43)) - raft.server.rpcslowness.timeout = 120s (custom)
2019-09-12 01:59:51,433 [pool-149-thread-1] INFO  server.RaftServerConfigKeys (ConfUtils.java:logGet(43)) - raft.server.sleep.deviation.threshold = 300 (default)
2019-09-12 01:59:51,433 [pool-149-thread-1] INFO  server.RaftServerConfigKeys (ConfUtils.java:logGet(43)) - raft.server.log.appender.install.snapshot.enabled = false (custom)
2019-09-12 01:59:51,433 [pool-149-thread-1] INFO  impl.RaftServerImpl (ServerState.java:<init>(105)) - 992420f5-0400-4216-b477-118fb1248d11:group-EE974A69BD69 ConfigurationManager, init=-1: [992420f5-0400-4216-b477-118fb1248d11:192.168.5.171:45375], old=null, confs=<EMPTY_MAP>
2019-09-12 01:59:51,433 [pool-149-thread-1] INFO  server.RaftServerConfigKeys (ConfUtils.java:logGet(43)) - raft.server.storage.dir = [/workdir/hadoop-ozone/integration-test/target/test-dir/MiniOzoneClusterImpl-e005c837-da8a-4f19-87c0-c8547cff9190/datanode-3/data/ratis] (custom)
2019-09-12 01:59:51,433 [pool-149-thread-1] INFO  storage.RaftStorageDirectory (RaftStorageDirectory.java:analyzeStorage(246)) - The storage directory /workdir/hadoop-ozone/integration-test/target/test-dir/MiniOzoneClusterImpl-e005c837-da8a-4f19-87c0-c8547cff9190/datanode-3/data/ratis/85c3fb05-994f-42f3-962b-ee974a69bd69 does not exist. Creating ...
2019-09-12 01:59:51,480 [pool-149-thread-1] INFO  storage.RaftStorageDirectory (RaftStorageDirectory.java:tryLock(328)) - Lock on /workdir/hadoop-ozone/integration-test/target/test-dir/MiniOzoneClusterImpl-e005c837-da8a-4f19-87c0-c8547cff9190/datanode-3/data/ratis/85c3fb05-994f-42f3-962b-ee974a69bd69/in_use.lock acquired by nodename 19752@pr-hdds-2007-7njtk-1085629304
2019-09-12 01:59:51,497 [IPC Server handler 4 on 34312] INFO  net.NetworkTopology (NetworkTopologyImpl.java:add(110)) - Added a new node: /default-rack/e2abdd95-f9ca-46dd-87d9-3f938e07de83
2019-09-12 01:59:51,497 [IPC Server handler 4 on 34312] INFO  node.SCMNodeManager (SCMNodeManager.java:register(266)) - Registered Data node : e2abdd95-f9ca-46dd-87d9-3f938e07de83{ip: 192.168.5.171, host: pr-hdds-2007-7njtk-1085629304, networkLocation: /default-rack, certSerialId: null}
2019-09-12 01:59:51,514 [pool-149-thread-1] INFO  storage.RaftStorage (RaftStorage.java:format(72)) - Storage directory /workdir/hadoop-ozone/integration-test/target/test-dir/MiniOzoneClusterImpl-e005c837-da8a-4f19-87c0-c8547cff9190/datanode-3/data/ratis/85c3fb05-994f-42f3-962b-ee974a69bd69 has been successfully formatted.
2019-09-12 01:59:51,514 [pool-149-thread-1] INFO  ratis.ContainerStateMachine (ContainerStateMachine.java:loadSnapshot(227)) - group-EE974A69BD69: The snapshot info is null. Setting the last applied indexto:(t:0, i:~)
2019-09-12 01:59:51,515 [pool-149-thread-1] INFO  server.RaftServerConfigKeys (ConfUtils.java:logGet(43)) - raft.server.leader.election.timeout = 120s (custom)
2019-09-12 01:59:51,515 [pool-149-thread-1] INFO  server.RaftServerConfigKeys (ConfUtils.java:logGet(43)) - raft.server.log.use.memory = false (default)
2019-09-12 01:59:51,515 [pool-149-thread-1] INFO  server.RaftServerConfigKeys (ConfUtils.java:logGet(43)) - raft.server.log.purge.gap = 1000000 (custom)
2019-09-12 01:59:51,515 [pool-149-thread-1] INFO  server.RaftServerConfigKeys (ConfUtils.java:logGet(43)) - raft.server.log.appender.buffer.byte-limit = 33554432 (custom)
2019-09-12 01:59:51,515 [pool-149-thread-1] INFO  server.RaftServerConfigKeys (ConfUtils.java:logGet(43)) - raft.server.log.segment.size.max = 1048576 (custom)
2019-09-12 01:59:51,516 [pool-149-thread-1] INFO  server.RaftServerConfigKeys (ConfUtils.java:logGet(43)) - raft.server.log.segment.cache.num.max = 2 (custom)
2019-09-12 01:59:51,516 [pool-149-thread-1] INFO  segmented.SegmentedRaftLogWorker (SegmentedRaftLogWorker.java:<init>(172)) - new 992420f5-0400-4216-b477-118fb1248d11-SegmentedRaftLogWorker:Storage Directory /workdir/hadoop-ozone/integration-test/target/test-dir/MiniOzoneClusterImpl-e005c837-da8a-4f19-87c0-c8547cff9190/datanode-3/data/ratis/85c3fb05-994f-42f3-962b-ee974a69bd69 for RaftStorage:Storage Directory /workdir/hadoop-ozone/integration-test/target/test-dir/MiniOzoneClusterImpl-e005c837-da8a-4f19-87c0-c8547cff9190/datanode-3/data/ratis/85c3fb05-994f-42f3-962b-ee974a69bd69
2019-09-12 01:59:51,516 [pool-149-thread-1] INFO  server.RaftServerConfigKeys (ConfUtils.java:logGet(43)) - raft.server.log.queue.byte-limit = 2147483647 (custom)
2019-09-12 01:59:51,516 [pool-149-thread-1] INFO  server.RaftServerConfigKeys (ConfUtils.java:logGet(43)) - raft.server.log.queue.element-limit = 1024 (custom)
2019-09-12 01:59:51,516 [pool-149-thread-1] INFO  server.RaftServerConfigKeys (ConfUtils.java:logGet(43)) - raft.server.log.segment.size.max = 1048576 (custom)
2019-09-12 01:59:51,517 [pool-149-thread-1] INFO  server.RaftServerConfigKeys (ConfUtils.java:logGet(43)) - raft.server.log.preallocated.size = 16384 (custom)
2019-09-12 01:59:51,517 [pool-149-thread-1] INFO  server.RaftServerConfigKeys (ConfUtils.java:logGet(43)) - raft.server.log.write.buffer.size = 33554432 (custom)
2019-09-12 01:59:51,517 [pool-149-thread-1] INFO  server.RaftServerConfigKeys (ConfUtils.java:logGet(43)) - raft.server.log.force.sync.num = 128 (default)
2019-09-12 01:59:51,517 [pool-149-thread-1] INFO  server.RaftServerConfigKeys (ConfUtils.java:logGet(43)) - raft.server.log.statemachine.data.sync = true (default)
2019-09-12 01:59:51,517 [pool-149-thread-1] INFO  server.RaftServerConfigKeys (ConfUtils.java:logGet(43)) - raft.server.log.statemachine.data.sync.timeout = 10s (default)
2019-09-12 01:59:51,518 [pool-149-thread-1] INFO  server.RaftServerConfigKeys (ConfUtils.java:logGet(43)) - raft.server.log.statemachine.data.sync.timeout.retry = -1 (default)
2019-09-12 01:59:51,518 [pool-149-thread-1] INFO  server.RaftServerConfigKeys (ConfUtils.java:logGet(43)) - raft.server.log.statemachine.data.caching.enabled = true (custom)
2019-09-12 01:59:51,518 [pool-149-thread-1] INFO  segmented.SegmentedRaftLogWorker (SegmentedRaftLogWorker.java:lambda$new$0(132)) - 992420f5-0400-4216-b477-118fb1248d11-SegmentedRaftLogWorker:Storage Directory /workdir/hadoop-ozone/integration-test/target/test-dir/MiniOzoneClusterImpl-e005c837-da8a-4f19-87c0-c8547cff9190/datanode-3/data/ratis/85c3fb05-994f-42f3-962b-ee974a69bd69: flushIndex: setUnconditionally 0 -> -1
2019-09-12 01:59:51,519 [pool-149-thread-1] INFO  server.RaftServerConfigKeys (ConfUtils.java:logGet(43)) - raft.server.snapshot.auto.trigger.enabled = true (custom)
2019-09-12 01:59:51,519 [pool-149-thread-1] INFO  server.RaftServerConfigKeys (ConfUtils.java:logGet(43)) - raft.server.snapshot.auto.trigger.threshold = 10000 (custom)
2019-09-12 01:59:51,519 [pool-149-thread-1] INFO  server.RaftServerConfigKeys (ConfUtils.java:logGet(43)) - raft.server.retrycache.expirytime = 600000ms (custom)
2019-09-12 01:59:51,519 [pool-149-thread-1] INFO  impl.RaftServerImpl (RaftServerImpl.java:start(180)) - 992420f5-0400-4216-b477-118fb1248d11: start group-EE974A69BD69
2019-09-12 01:59:51,519 [pool-149-thread-1] INFO  impl.RaftServerImpl (RaftServerImpl.java:setRole(171)) - 992420f5-0400-4216-b477-118fb1248d11:group-EE974A69BD69 changes role from null to FOLLOWER at term 0 for startAsFollower
2019-09-12 01:59:51,520 [pool-149-thread-1] INFO  impl.RoleInfo (RoleInfo.java:updateAndGet(143)) - 992420f5-0400-4216-b477-118fb1248d11: start FollowerState
2019-09-12 01:59:51,520 [pool-149-thread-1] INFO  util.JmxRegister (JmxRegister.java:tryRegister(44)) - Successfully registered JMX Bean with object name Ratis:service=RaftServer,group=group-EE974A69BD69,id=992420f5-0400-4216-b477-118fb1248d11
2019-09-12 01:59:51,523 [RatisPipelineUtilsThread] INFO  pipeline.PipelineStateManager (PipelineStateManager.java:addPipeline(56)) - Created pipeline Pipeline[ Id: 85c3fb05-994f-42f3-962b-ee974a69bd69, Nodes: 992420f5-0400-4216-b477-118fb1248d11{ip: 192.168.5.171, host: pr-hdds-2007-7njtk-1085629304, networkLocation: /default-rack, certSerialId: null}, Type:RATIS, Factor:ONE, State:OPEN]
2019-09-12 01:59:51,532 [grpc-default-executor-4] INFO  impl.RaftServerProxy (RaftServerProxy.java:addNew(89)) - e2abdd95-f9ca-46dd-87d9-3f938e07de83: addNew group-71B11B622B7E:[e2abdd95-f9ca-46dd-87d9-3f938e07de83:192.168.5.171:42635] returns group-71B11B622B7E:java.util.concurrent.CompletableFuture@3526fca4[Not completed]
2019-09-12 01:59:51,537 [pool-169-thread-1] INFO  impl.RaftServerImpl (RaftServerImpl.java:<init>(93)) - e2abdd95-f9ca-46dd-87d9-3f938e07de83: new RaftServerImpl for group-71B11B622B7E:[e2abdd95-f9ca-46dd-87d9-3f938e07de83:192.168.5.171:42635] with ContainerStateMachine:uninitialized
2019-09-12 01:59:51,537 [pool-169-thread-1] INFO  server.RaftServerConfigKeys (ConfUtils.java:logGet(43)) - raft.server.rpc.timeout.min = 5s (custom)
2019-09-12 01:59:51,537 [pool-169-thread-1] INFO  server.RaftServerConfigKeys (ConfUtils.java:logGet(43)) - raft.server.rpc.timeout.max = 5200ms (custom)
2019-09-12 01:59:51,537 [pool-169-thread-1] INFO  server.RaftServerConfigKeys (ConfUtils.java:logGet(43)) - raft.server.rpcslowness.timeout = 120s (custom)
2019-09-12 01:59:51,537 [pool-169-thread-1] INFO  server.RaftServerConfigKeys (ConfUtils.java:logGet(43)) - raft.server.sleep.deviation.threshold = 300 (default)
2019-09-12 01:59:51,537 [pool-169-thread-1] INFO  server.RaftServerConfigKeys (ConfUtils.java:logGet(43)) - raft.server.log.appender.install.snapshot.enabled = false (custom)
2019-09-12 01:59:51,537 [pool-169-thread-1] INFO  impl.RaftServerImpl (ServerState.java:<init>(105)) - e2abdd95-f9ca-46dd-87d9-3f938e07de83:group-71B11B622B7E ConfigurationManager, init=-1: [e2abdd95-f9ca-46dd-87d9-3f938e07de83:192.168.5.171:42635], old=null, confs=<EMPTY_MAP>
2019-09-12 01:59:51,538 [pool-169-thread-1] INFO  server.RaftServerConfigKeys (ConfUtils.java:logGet(43)) - raft.server.storage.dir = [/workdir/hadoop-ozone/integration-test/target/test-dir/MiniOzoneClusterImpl-e005c837-da8a-4f19-87c0-c8547cff9190/datanode-5/data/ratis] (custom)
2019-09-12 01:59:51,538 [pool-169-thread-1] INFO  storage.RaftStorageDirectory (RaftStorageDirectory.java:analyzeStorage(246)) - The storage directory /workdir/hadoop-ozone/integration-test/target/test-dir/MiniOzoneClusterImpl-e005c837-da8a-4f19-87c0-c8547cff9190/datanode-5/data/ratis/009a4a68-bbd6-428c-963b-71b11b622b7e does not exist. Creating ...
2019-09-12 01:59:51,564 [pool-169-thread-1] INFO  storage.RaftStorageDirectory (RaftStorageDirectory.java:tryLock(328)) - Lock on /workdir/hadoop-ozone/integration-test/target/test-dir/MiniOzoneClusterImpl-e005c837-da8a-4f19-87c0-c8547cff9190/datanode-5/data/ratis/009a4a68-bbd6-428c-963b-71b11b622b7e/in_use.lock acquired by nodename 19752@pr-hdds-2007-7njtk-1085629304
2019-09-12 01:59:51,590 [pool-169-thread-1] INFO  storage.RaftStorage (RaftStorage.java:format(72)) - Storage directory /workdir/hadoop-ozone/integration-test/target/test-dir/MiniOzoneClusterImpl-e005c837-da8a-4f19-87c0-c8547cff9190/datanode-5/data/ratis/009a4a68-bbd6-428c-963b-71b11b622b7e has been successfully formatted.
2019-09-12 01:59:51,590 [pool-169-thread-1] INFO  ratis.ContainerStateMachine (ContainerStateMachine.java:loadSnapshot(227)) - group-71B11B622B7E: The snapshot info is null. Setting the last applied indexto:(t:0, i:~)
2019-09-12 01:59:51,591 [pool-169-thread-1] INFO  server.RaftServerConfigKeys (ConfUtils.java:logGet(43)) - raft.server.leader.election.timeout = 120s (custom)
2019-09-12 01:59:51,591 [pool-169-thread-1] INFO  server.RaftServerConfigKeys (ConfUtils.java:logGet(43)) - raft.server.log.use.memory = false (default)
2019-09-12 01:59:51,591 [pool-169-thread-1] INFO  server.RaftServerConfigKeys (ConfUtils.java:logGet(43)) - raft.server.log.purge.gap = 1000000 (custom)
2019-09-12 01:59:51,591 [pool-169-thread-1] INFO  server.RaftServerConfigKeys (ConfUtils.java:logGet(43)) - raft.server.log.appender.buffer.byte-limit = 33554432 (custom)
2019-09-12 01:59:51,591 [pool-169-thread-1] INFO  server.RaftServerConfigKeys (ConfUtils.java:logGet(43)) - raft.server.log.segment.size.max = 1048576 (custom)
2019-09-12 01:59:51,591 [pool-169-thread-1] INFO  server.RaftServerConfigKeys (ConfUtils.java:logGet(43)) - raft.server.log.segment.cache.num.max = 2 (custom)
2019-09-12 01:59:51,592 [pool-169-thread-1] INFO  segmented.SegmentedRaftLogWorker (SegmentedRaftLogWorker.java:<init>(172)) - new e2abdd95-f9ca-46dd-87d9-3f938e07de83-SegmentedRaftLogWorker:Storage Directory /workdir/hadoop-ozone/integration-test/target/test-dir/MiniOzoneClusterImpl-e005c837-da8a-4f19-87c0-c8547cff9190/datanode-5/data/ratis/009a4a68-bbd6-428c-963b-71b11b622b7e for RaftStorage:Storage Directory /workdir/hadoop-ozone/integration-test/target/test-dir/MiniOzoneClusterImpl-e005c837-da8a-4f19-87c0-c8547cff9190/datanode-5/data/ratis/009a4a68-bbd6-428c-963b-71b11b622b7e
2019-09-12 01:59:51,592 [pool-169-thread-1] INFO  server.RaftServerConfigKeys (ConfUtils.java:logGet(43)) - raft.server.log.queue.byte-limit = 2147483647 (custom)
2019-09-12 01:59:51,592 [pool-169-thread-1] INFO  server.RaftServerConfigKeys (ConfUtils.java:logGet(43)) - raft.server.log.queue.element-limit = 1024 (custom)
2019-09-12 01:59:51,592 [pool-169-thread-1] INFO  server.RaftServerConfigKeys (ConfUtils.java:logGet(43)) - raft.server.log.segment.size.max = 1048576 (custom)
2019-09-12 01:59:51,593 [pool-169-thread-1] INFO  server.RaftServerConfigKeys (ConfUtils.java:logGet(43)) - raft.server.log.preallocated.size = 16384 (custom)
2019-09-12 01:59:51,593 [pool-169-thread-1] INFO  server.RaftServerConfigKeys (ConfUtils.java:logGet(43)) - raft.server.log.write.buffer.size = 33554432 (custom)
2019-09-12 01:59:51,593 [pool-169-thread-1] INFO  server.RaftServerConfigKeys (ConfUtils.java:logGet(43)) - raft.server.log.force.sync.num = 128 (default)
2019-09-12 01:59:51,593 [pool-169-thread-1] INFO  server.RaftServerConfigKeys (ConfUtils.java:logGet(43)) - raft.server.log.statemachine.data.sync = true (default)
2019-09-12 01:59:51,593 [pool-169-thread-1] INFO  server.RaftServerConfigKeys (ConfUtils.java:logGet(43)) - raft.server.log.statemachine.data.sync.timeout = 10s (default)
2019-09-12 01:59:51,593 [pool-169-thread-1] INFO  server.RaftServerConfigKeys (ConfUtils.java:logGet(43)) - raft.server.log.statemachine.data.sync.timeout.retry = -1 (default)
2019-09-12 01:59:51,594 [pool-169-thread-1] INFO  server.RaftServerConfigKeys (ConfUtils.java:logGet(43)) - raft.server.log.statemachine.data.caching.enabled = true (custom)
2019-09-12 01:59:51,594 [pool-169-thread-1] INFO  segmented.SegmentedRaftLogWorker (SegmentedRaftLogWorker.java:lambda$new$0(132)) - e2abdd95-f9ca-46dd-87d9-3f938e07de83-SegmentedRaftLogWorker:Storage Directory /workdir/hadoop-ozone/integration-test/target/test-dir/MiniOzoneClusterImpl-e005c837-da8a-4f19-87c0-c8547cff9190/datanode-5/data/ratis/009a4a68-bbd6-428c-963b-71b11b622b7e: flushIndex: setUnconditionally 0 -> -1
2019-09-12 01:59:51,595 [pool-169-thread-1] INFO  server.RaftServerConfigKeys (ConfUtils.java:logGet(43)) - raft.server.snapshot.auto.trigger.enabled = true (custom)
2019-09-12 01:59:51,595 [pool-169-thread-1] INFO  server.RaftServerConfigKeys (ConfUtils.java:logGet(43)) - raft.server.snapshot.auto.trigger.threshold = 10000 (custom)
2019-09-12 01:59:51,595 [pool-169-thread-1] INFO  server.RaftServerConfigKeys (ConfUtils.java:logGet(43)) - raft.server.retrycache.expirytime = 600000ms (custom)
2019-09-12 01:59:51,595 [pool-169-thread-1] INFO  impl.RaftServerImpl (RaftServerImpl.java:start(180)) - e2abdd95-f9ca-46dd-87d9-3f938e07de83: start group-71B11B622B7E
2019-09-12 01:59:51,595 [pool-169-thread-1] INFO  impl.RaftServerImpl (RaftServerImpl.java:setRole(171)) - e2abdd95-f9ca-46dd-87d9-3f938e07de83:group-71B11B622B7E changes role from null to FOLLOWER at term 0 for startAsFollower
2019-09-12 01:59:51,596 [pool-169-thread-1] INFO  impl.RoleInfo (RoleInfo.java:updateAndGet(143)) - e2abdd95-f9ca-46dd-87d9-3f938e07de83: start FollowerState
2019-09-12 01:59:51,596 [pool-169-thread-1] INFO  util.JmxRegister (JmxRegister.java:tryRegister(44)) - Successfully registered JMX Bean with object name Ratis:service=RaftServer,group=group-71B11B622B7E,id=e2abdd95-f9ca-46dd-87d9-3f938e07de83
2019-09-12 01:59:51,599 [RatisPipelineUtilsThread] INFO  pipeline.PipelineStateManager (PipelineStateManager.java:addPipeline(56)) - Created pipeline Pipeline[ Id: 009a4a68-bbd6-428c-963b-71b11b622b7e, Nodes: e2abdd95-f9ca-46dd-87d9-3f938e07de83{ip: 192.168.5.171, host: pr-hdds-2007-7njtk-1085629304, networkLocation: /default-rack, certSerialId: null}, Type:RATIS, Factor:ONE, State:OPEN]
2019-09-12 01:59:51,607 [grpc-default-executor-4] INFO  impl.RaftServerProxy (RaftServerProxy.java:addNew(89)) - a6c0a076-5a4d-4b07-959a-c5ddb0608f42: addNew group-A1616DFA9972:[a6c0a076-5a4d-4b07-959a-c5ddb0608f42:192.168.5.171:37247] returns group-A1616DFA9972:java.util.concurrent.CompletableFuture@3125a94d[Not completed]
2019-09-12 01:59:51,611 [pool-159-thread-1] INFO  impl.RaftServerImpl (RaftServerImpl.java:<init>(93)) - a6c0a076-5a4d-4b07-959a-c5ddb0608f42: new RaftServerImpl for group-A1616DFA9972:[a6c0a076-5a4d-4b07-959a-c5ddb0608f42:192.168.5.171:37247] with ContainerStateMachine:uninitialized
2019-09-12 01:59:51,611 [pool-159-thread-1] INFO  server.RaftServerConfigKeys (ConfUtils.java:logGet(43)) - raft.server.rpc.timeout.min = 5s (custom)
2019-09-12 01:59:51,611 [pool-159-thread-1] INFO  server.RaftServerConfigKeys (ConfUtils.java:logGet(43)) - raft.server.rpc.timeout.max = 5200ms (custom)
2019-09-12 01:59:51,611 [pool-159-thread-1] INFO  server.RaftServerConfigKeys (ConfUtils.java:logGet(43)) - raft.server.rpcslowness.timeout = 120s (custom)
2019-09-12 01:59:51,611 [main] INFO  ozone.MiniOzoneClusterImpl (MiniOzoneClusterImpl.java:lambda$waitForClusterToBeReady$0(145)) - Waiting for cluster to be ready. Got 6 of 7 DN Heartbeats.
2019-09-12 01:59:51,612 [pool-159-thread-1] INFO  server.RaftServerConfigKeys (ConfUtils.java:logGet(43)) - raft.server.sleep.deviation.threshold = 300 (default)
2019-09-12 01:59:51,612 [pool-159-thread-1] INFO  server.RaftServerConfigKeys (ConfUtils.java:logGet(43)) - raft.server.log.appender.install.snapshot.enabled = false (custom)
2019-09-12 01:59:51,612 [pool-159-thread-1] INFO  impl.RaftServerImpl (ServerState.java:<init>(105)) - a6c0a076-5a4d-4b07-959a-c5ddb0608f42:group-A1616DFA9972 ConfigurationManager, init=-1: [a6c0a076-5a4d-4b07-959a-c5ddb0608f42:192.168.5.171:37247], old=null, confs=<EMPTY_MAP>
2019-09-12 01:59:51,612 [pool-159-thread-1] INFO  server.RaftServerConfigKeys (ConfUtils.java:logGet(43)) - raft.server.storage.dir = [/workdir/hadoop-ozone/integration-test/target/test-dir/MiniOzoneClusterImpl-e005c837-da8a-4f19-87c0-c8547cff9190/datanode-4/data/ratis] (custom)
2019-09-12 01:59:51,613 [pool-159-thread-1] INFO  storage.RaftStorageDirectory (RaftStorageDirectory.java:analyzeStorage(246)) - The storage directory /workdir/hadoop-ozone/integration-test/target/test-dir/MiniOzoneClusterImpl-e005c837-da8a-4f19-87c0-c8547cff9190/datanode-4/data/ratis/9547e30d-1206-43fe-87ef-a1616dfa9972 does not exist. Creating ...
2019-09-12 01:59:51,613 [IPC Server handler 5 on 34312] INFO  net.NetworkTopology (NetworkTopologyImpl.java:add(110)) - Added a new node: /default-rack/d8999f1d-f5df-4b21-8d26-78acc2402f2e
2019-09-12 01:59:51,614 [IPC Server handler 5 on 34312] INFO  node.SCMNodeManager (SCMNodeManager.java:register(266)) - Registered Data node : d8999f1d-f5df-4b21-8d26-78acc2402f2e{ip: 192.168.5.171, host: pr-hdds-2007-7njtk-1085629304, networkLocation: /default-rack, certSerialId: null}
2019-09-12 01:59:51,632 [pool-159-thread-1] INFO  storage.RaftStorageDirectory (RaftStorageDirectory.java:tryLock(328)) - Lock on /workdir/hadoop-ozone/integration-test/target/test-dir/MiniOzoneClusterImpl-e005c837-da8a-4f19-87c0-c8547cff9190/datanode-4/data/ratis/9547e30d-1206-43fe-87ef-a1616dfa9972/in_use.lock acquired by nodename 19752@pr-hdds-2007-7njtk-1085629304
2019-09-12 01:59:51,657 [pool-159-thread-1] INFO  storage.RaftStorage (RaftStorage.java:format(72)) - Storage directory /workdir/hadoop-ozone/integration-test/target/test-dir/MiniOzoneClusterImpl-e005c837-da8a-4f19-87c0-c8547cff9190/datanode-4/data/ratis/9547e30d-1206-43fe-87ef-a1616dfa9972 has been successfully formatted.
2019-09-12 01:59:51,658 [pool-159-thread-1] INFO  ratis.ContainerStateMachine (ContainerStateMachine.java:loadSnapshot(227)) - group-A1616DFA9972: The snapshot info is null. Setting the last applied indexto:(t:0, i:~)
2019-09-12 01:59:51,658 [pool-159-thread-1] INFO  server.RaftServerConfigKeys (ConfUtils.java:logGet(43)) - raft.server.leader.election.timeout = 120s (custom)
2019-09-12 01:59:51,658 [pool-159-thread-1] INFO  server.RaftServerConfigKeys (ConfUtils.java:logGet(43)) - raft.server.log.use.memory = false (default)
2019-09-12 01:59:51,658 [pool-159-thread-1] INFO  server.RaftServerConfigKeys (ConfUtils.java:logGet(43)) - raft.server.log.purge.gap = 1000000 (custom)
2019-09-12 01:59:51,659 [pool-159-thread-1] INFO  server.RaftServerConfigKeys (ConfUtils.java:logGet(43)) - raft.server.log.appender.buffer.byte-limit = 33554432 (custom)
2019-09-12 01:59:51,659 [pool-159-thread-1] INFO  server.RaftServerConfigKeys (ConfUtils.java:logGet(43)) - raft.server.log.segment.size.max = 1048576 (custom)
2019-09-12 01:59:51,659 [pool-159-thread-1] INFO  server.RaftServerConfigKeys (ConfUtils.java:logGet(43)) - raft.server.log.segment.cache.num.max = 2 (custom)
2019-09-12 01:59:51,659 [pool-159-thread-1] INFO  segmented.SegmentedRaftLogWorker (SegmentedRaftLogWorker.java:<init>(172)) - new a6c0a076-5a4d-4b07-959a-c5ddb0608f42-SegmentedRaftLogWorker:Storage Directory /workdir/hadoop-ozone/integration-test/target/test-dir/MiniOzoneClusterImpl-e005c837-da8a-4f19-87c0-c8547cff9190/datanode-4/data/ratis/9547e30d-1206-43fe-87ef-a1616dfa9972 for RaftStorage:Storage Directory /workdir/hadoop-ozone/integration-test/target/test-dir/MiniOzoneClusterImpl-e005c837-da8a-4f19-87c0-c8547cff9190/datanode-4/data/ratis/9547e30d-1206-43fe-87ef-a1616dfa9972
2019-09-12 01:59:51,659 [pool-159-thread-1] INFO  server.RaftServerConfigKeys (ConfUtils.java:logGet(43)) - raft.server.log.queue.byte-limit = 2147483647 (custom)
2019-09-12 01:59:51,660 [pool-159-thread-1] INFO  server.RaftServerConfigKeys (ConfUtils.java:logGet(43)) - raft.server.log.queue.element-limit = 1024 (custom)
2019-09-12 01:59:51,660 [pool-159-thread-1] INFO  server.RaftServerConfigKeys (ConfUtils.java:logGet(43)) - raft.server.log.segment.size.max = 1048576 (custom)
2019-09-12 01:59:51,660 [pool-159-thread-1] INFO  server.RaftServerConfigKeys (ConfUtils.java:logGet(43)) - raft.server.log.preallocated.size = 16384 (custom)
2019-09-12 01:59:51,660 [pool-159-thread-1] INFO  server.RaftServerConfigKeys (ConfUtils.java:logGet(43)) - raft.server.log.write.buffer.size = 33554432 (custom)
2019-09-12 01:59:51,661 [pool-159-thread-1] INFO  server.RaftServerConfigKeys (ConfUtils.java:logGet(43)) - raft.server.log.force.sync.num = 128 (default)
2019-09-12 01:59:51,661 [pool-159-thread-1] INFO  server.RaftServerConfigKeys (ConfUtils.java:logGet(43)) - raft.server.log.statemachine.data.sync = true (default)
2019-09-12 01:59:51,661 [pool-159-thread-1] INFO  server.RaftServerConfigKeys (ConfUtils.java:logGet(43)) - raft.server.log.statemachine.data.sync.timeout = 10s (default)
2019-09-12 01:59:51,661 [pool-159-thread-1] INFO  server.RaftServerConfigKeys (ConfUtils.java:logGet(43)) - raft.server.log.statemachine.data.sync.timeout.retry = -1 (default)
2019-09-12 01:59:51,661 [pool-159-thread-1] INFO  server.RaftServerConfigKeys (ConfUtils.java:logGet(43)) - raft.server.log.statemachine.data.caching.enabled = true (custom)
2019-09-12 01:59:51,662 [pool-159-thread-1] INFO  segmented.SegmentedRaftLogWorker (SegmentedRaftLogWorker.java:lambda$new$0(132)) - a6c0a076-5a4d-4b07-959a-c5ddb0608f42-SegmentedRaftLogWorker:Storage Directory /workdir/hadoop-ozone/integration-test/target/test-dir/MiniOzoneClusterImpl-e005c837-da8a-4f19-87c0-c8547cff9190/datanode-4/data/ratis/9547e30d-1206-43fe-87ef-a1616dfa9972: flushIndex: setUnconditionally 0 -> -1
2019-09-12 01:59:51,662 [pool-159-thread-1] INFO  server.RaftServerConfigKeys (ConfUtils.java:logGet(43)) - raft.server.snapshot.auto.trigger.enabled = true (custom)
2019-09-12 01:59:51,662 [pool-159-thread-1] INFO  server.RaftServerConfigKeys (ConfUtils.java:logGet(43)) - raft.server.snapshot.auto.trigger.threshold = 10000 (custom)
2019-09-12 01:59:51,663 [pool-159-thread-1] INFO  server.RaftServerConfigKeys (ConfUtils.java:logGet(43)) - raft.server.retrycache.expirytime = 600000ms (custom)
2019-09-12 01:59:51,663 [pool-159-thread-1] INFO  impl.RaftServerImpl (RaftServerImpl.java:start(180)) - a6c0a076-5a4d-4b07-959a-c5ddb0608f42: start group-A1616DFA9972
2019-09-12 01:59:51,663 [pool-159-thread-1] INFO  impl.RaftServerImpl (RaftServerImpl.java:setRole(171)) - a6c0a076-5a4d-4b07-959a-c5ddb0608f42:group-A1616DFA9972 changes role from null to FOLLOWER at term 0 for startAsFollower
2019-09-12 01:59:51,663 [pool-159-thread-1] INFO  impl.RoleInfo (RoleInfo.java:updateAndGet(143)) - a6c0a076-5a4d-4b07-959a-c5ddb0608f42: start FollowerState
2019-09-12 01:59:51,664 [pool-159-thread-1] INFO  util.JmxRegister (JmxRegister.java:tryRegister(44)) - Successfully registered JMX Bean with object name Ratis:service=RaftServer,group=group-A1616DFA9972,id=a6c0a076-5a4d-4b07-959a-c5ddb0608f42
2019-09-12 01:59:51,667 [RatisPipelineUtilsThread] INFO  pipeline.PipelineStateManager (PipelineStateManager.java:addPipeline(56)) - Created pipeline Pipeline[ Id: 9547e30d-1206-43fe-87ef-a1616dfa9972, Nodes: a6c0a076-5a4d-4b07-959a-c5ddb0608f42{ip: 192.168.5.171, host: pr-hdds-2007-7njtk-1085629304, networkLocation: /default-rack, certSerialId: null}, Type:RATIS, Factor:ONE, State:OPEN]
2019-09-12 01:59:51,679 [grpc-default-executor-4] INFO  impl.RaftServerProxy (RaftServerProxy.java:addNew(89)) - d8999f1d-f5df-4b21-8d26-78acc2402f2e: addNew group-FBBE756CA1DF:[d8999f1d-f5df-4b21-8d26-78acc2402f2e:192.168.5.171:43702] returns group-FBBE756CA1DF:java.util.concurrent.CompletableFuture@1d051293[Not completed]
2019-09-12 01:59:51,684 [pool-179-thread-1] INFO  impl.RaftServerImpl (RaftServerImpl.java:<init>(93)) - d8999f1d-f5df-4b21-8d26-78acc2402f2e: new RaftServerImpl for group-FBBE756CA1DF:[d8999f1d-f5df-4b21-8d26-78acc2402f2e:192.168.5.171:43702] with ContainerStateMachine:uninitialized
2019-09-12 01:59:51,685 [pool-179-thread-1] INFO  server.RaftServerConfigKeys (ConfUtils.java:logGet(43)) - raft.server.rpc.timeout.min = 5s (custom)
2019-09-12 01:59:51,685 [pool-179-thread-1] INFO  server.RaftServerConfigKeys (ConfUtils.java:logGet(43)) - raft.server.rpc.timeout.max = 5200ms (custom)
2019-09-12 01:59:51,685 [pool-179-thread-1] INFO  server.RaftServerConfigKeys (ConfUtils.java:logGet(43)) - raft.server.rpcslowness.timeout = 120s (custom)
2019-09-12 01:59:51,685 [pool-179-thread-1] INFO  server.RaftServerConfigKeys (ConfUtils.java:logGet(43)) - raft.server.sleep.deviation.threshold = 300 (default)
2019-09-12 01:59:51,685 [pool-179-thread-1] INFO  server.RaftServerConfigKeys (ConfUtils.java:logGet(43)) - raft.server.log.appender.install.snapshot.enabled = false (custom)
2019-09-12 01:59:51,685 [pool-179-thread-1] INFO  impl.RaftServerImpl (ServerState.java:<init>(105)) - d8999f1d-f5df-4b21-8d26-78acc2402f2e:group-FBBE756CA1DF ConfigurationManager, init=-1: [d8999f1d-f5df-4b21-8d26-78acc2402f2e:192.168.5.171:43702], old=null, confs=<EMPTY_MAP>
2019-09-12 01:59:51,686 [pool-179-thread-1] INFO  server.RaftServerConfigKeys (ConfUtils.java:logGet(43)) - raft.server.storage.dir = [/workdir/hadoop-ozone/integration-test/target/test-dir/MiniOzoneClusterImpl-e005c837-da8a-4f19-87c0-c8547cff9190/datanode-6/data/ratis] (custom)
2019-09-12 01:59:51,686 [pool-179-thread-1] INFO  storage.RaftStorageDirectory (RaftStorageDirectory.java:analyzeStorage(246)) - The storage directory /workdir/hadoop-ozone/integration-test/target/test-dir/MiniOzoneClusterImpl-e005c837-da8a-4f19-87c0-c8547cff9190/datanode-6/data/ratis/ee21dd90-5f6e-4ec5-95b2-fbbe756ca1df does not exist. Creating ...
2019-09-12 01:59:51,716 [pool-179-thread-1] INFO  storage.RaftStorageDirectory (RaftStorageDirectory.java:tryLock(328)) - Lock on /workdir/hadoop-ozone/integration-test/target/test-dir/MiniOzoneClusterImpl-e005c837-da8a-4f19-87c0-c8547cff9190/datanode-6/data/ratis/ee21dd90-5f6e-4ec5-95b2-fbbe756ca1df/in_use.lock acquired by nodename 19752@pr-hdds-2007-7njtk-1085629304
2019-09-12 01:59:51,741 [pool-179-thread-1] INFO  storage.RaftStorage (RaftStorage.java:format(72)) - Storage directory /workdir/hadoop-ozone/integration-test/target/test-dir/MiniOzoneClusterImpl-e005c837-da8a-4f19-87c0-c8547cff9190/datanode-6/data/ratis/ee21dd90-5f6e-4ec5-95b2-fbbe756ca1df has been successfully formatted.
2019-09-12 01:59:51,742 [pool-179-thread-1] INFO  ratis.ContainerStateMachine (ContainerStateMachine.java:loadSnapshot(227)) - group-FBBE756CA1DF: The snapshot info is null. Setting the last applied indexto:(t:0, i:~)
2019-09-12 01:59:51,742 [pool-179-thread-1] INFO  server.RaftServerConfigKeys (ConfUtils.java:logGet(43)) - raft.server.leader.election.timeout = 120s (custom)
2019-09-12 01:59:51,742 [pool-179-thread-1] INFO  server.RaftServerConfigKeys (ConfUtils.java:logGet(43)) - raft.server.log.use.memory = false (default)
2019-09-12 01:59:51,742 [pool-179-thread-1] INFO  server.RaftServerConfigKeys (ConfUtils.java:logGet(43)) - raft.server.log.purge.gap = 1000000 (custom)
2019-09-12 01:59:51,742 [pool-179-thread-1] INFO  server.RaftServerConfigKeys (ConfUtils.java:logGet(43)) - raft.server.log.appender.buffer.byte-limit = 33554432 (custom)
2019-09-12 01:59:51,742 [pool-179-thread-1] INFO  server.RaftServerConfigKeys (ConfUtils.java:logGet(43)) - raft.server.log.segment.size.max = 1048576 (custom)
2019-09-12 01:59:51,743 [pool-179-thread-1] INFO  server.RaftServerConfigKeys (ConfUtils.java:logGet(43)) - raft.server.log.segment.cache.num.max = 2 (custom)
2019-09-12 01:59:51,743 [pool-179-thread-1] INFO  segmented.SegmentedRaftLogWorker (SegmentedRaftLogWorker.java:<init>(172)) - new d8999f1d-f5df-4b21-8d26-78acc2402f2e-SegmentedRaftLogWorker:Storage Directory /workdir/hadoop-ozone/integration-test/target/test-dir/MiniOzoneClusterImpl-e005c837-da8a-4f19-87c0-c8547cff9190/datanode-6/data/ratis/ee21dd90-5f6e-4ec5-95b2-fbbe756ca1df for RaftStorage:Storage Directory /workdir/hadoop-ozone/integration-test/target/test-dir/MiniOzoneClusterImpl-e005c837-da8a-4f19-87c0-c8547cff9190/datanode-6/data/ratis/ee21dd90-5f6e-4ec5-95b2-fbbe756ca1df
2019-09-12 01:59:51,743 [pool-179-thread-1] INFO  server.RaftServerConfigKeys (ConfUtils.java:logGet(43)) - raft.server.log.queue.byte-limit = 2147483647 (custom)
2019-09-12 01:59:51,743 [pool-179-thread-1] INFO  server.RaftServerConfigKeys (ConfUtils.java:logGet(43)) - raft.server.log.queue.element-limit = 1024 (custom)
2019-09-12 01:59:51,743 [pool-179-thread-1] INFO  server.RaftServerConfigKeys (ConfUtils.java:logGet(43)) - raft.server.log.segment.size.max = 1048576 (custom)
2019-09-12 01:59:51,744 [pool-179-thread-1] INFO  server.RaftServerConfigKeys (ConfUtils.java:logGet(43)) - raft.server.log.preallocated.size = 16384 (custom)
2019-09-12 01:59:51,744 [pool-179-thread-1] INFO  server.RaftServerConfigKeys (ConfUtils.java:logGet(43)) - raft.server.log.write.buffer.size = 33554432 (custom)
2019-09-12 01:59:51,744 [pool-179-thread-1] INFO  server.RaftServerConfigKeys (ConfUtils.java:logGet(43)) - raft.server.log.force.sync.num = 128 (default)
2019-09-12 01:59:51,744 [pool-179-thread-1] INFO  server.RaftServerConfigKeys (ConfUtils.java:logGet(43)) - raft.server.log.statemachine.data.sync = true (default)
2019-09-12 01:59:51,744 [pool-179-thread-1] INFO  server.RaftServerConfigKeys (ConfUtils.java:logGet(43)) - raft.server.log.statemachine.data.sync.timeout = 10s (default)
2019-09-12 01:59:51,744 [pool-179-thread-1] INFO  server.RaftServerConfigKeys (ConfUtils.java:logGet(43)) - raft.server.log.statemachine.data.sync.timeout.retry = -1 (default)
2019-09-12 01:59:51,745 [pool-179-thread-1] INFO  server.RaftServerConfigKeys (ConfUtils.java:logGet(43)) - raft.server.log.statemachine.data.caching.enabled = true (custom)
2019-09-12 01:59:51,745 [pool-179-thread-1] INFO  segmented.SegmentedRaftLogWorker (SegmentedRaftLogWorker.java:lambda$new$0(132)) - d8999f1d-f5df-4b21-8d26-78acc2402f2e-SegmentedRaftLogWorker:Storage Directory /workdir/hadoop-ozone/integration-test/target/test-dir/MiniOzoneClusterImpl-e005c837-da8a-4f19-87c0-c8547cff9190/datanode-6/data/ratis/ee21dd90-5f6e-4ec5-95b2-fbbe756ca1df: flushIndex: setUnconditionally 0 -> -1
2019-09-12 01:59:51,745 [pool-179-thread-1] INFO  server.RaftServerConfigKeys (ConfUtils.java:logGet(43)) - raft.server.snapshot.auto.trigger.enabled = true (custom)
2019-09-12 01:59:51,745 [pool-179-thread-1] INFO  server.RaftServerConfigKeys (ConfUtils.java:logGet(43)) - raft.server.snapshot.auto.trigger.threshold = 10000 (custom)
2019-09-12 01:59:51,746 [pool-179-thread-1] INFO  server.RaftServerConfigKeys (ConfUtils.java:logGet(43)) - raft.server.retrycache.expirytime = 600000ms (custom)
2019-09-12 01:59:51,746 [pool-179-thread-1] INFO  impl.RaftServerImpl (RaftServerImpl.java:start(180)) - d8999f1d-f5df-4b21-8d26-78acc2402f2e: start group-FBBE756CA1DF
2019-09-12 01:59:51,746 [pool-179-thread-1] INFO  impl.RaftServerImpl (RaftServerImpl.java:setRole(171)) - d8999f1d-f5df-4b21-8d26-78acc2402f2e:group-FBBE756CA1DF changes role from null to FOLLOWER at term 0 for startAsFollower
2019-09-12 01:59:51,746 [pool-179-thread-1] INFO  impl.RoleInfo (RoleInfo.java:updateAndGet(143)) - d8999f1d-f5df-4b21-8d26-78acc2402f2e: start FollowerState
2019-09-12 01:59:51,747 [pool-179-thread-1] INFO  util.JmxRegister (JmxRegister.java:tryRegister(44)) - Successfully registered JMX Bean with object name Ratis:service=RaftServer,group=group-FBBE756CA1DF,id=d8999f1d-f5df-4b21-8d26-78acc2402f2e
2019-09-12 01:59:51,750 [RatisPipelineUtilsThread] INFO  pipeline.PipelineStateManager (PipelineStateManager.java:addPipeline(56)) - Created pipeline Pipeline[ Id: ee21dd90-5f6e-4ec5-95b2-fbbe756ca1df, Nodes: d8999f1d-f5df-4b21-8d26-78acc2402f2e{ip: 192.168.5.171, host: pr-hdds-2007-7njtk-1085629304, networkLocation: /default-rack, certSerialId: null}, Type:RATIS, Factor:ONE, State:OPEN]
2019-09-12 01:59:51,770 [grpc-default-executor-1] INFO  impl.RaftServerProxy (RaftServerProxy.java:addNew(89)) - 992420f5-0400-4216-b477-118fb1248d11: addNew group-8E895DF6726C:[a6c0a076-5a4d-4b07-959a-c5ddb0608f42:192.168.5.171:37247, e2abdd95-f9ca-46dd-87d9-3f938e07de83:192.168.5.171:42635, 992420f5-0400-4216-b477-118fb1248d11:192.168.5.171:45375] returns group-8E895DF6726C:java.util.concurrent.CompletableFuture@37fe8923[Not completed]
2019-09-12 01:59:51,771 [grpc-default-executor-0] INFO  impl.RaftServerProxy (RaftServerProxy.java:addNew(89)) - a6c0a076-5a4d-4b07-959a-c5ddb0608f42: addNew group-8E895DF6726C:[a6c0a076-5a4d-4b07-959a-c5ddb0608f42:192.168.5.171:37247, e2abdd95-f9ca-46dd-87d9-3f938e07de83:192.168.5.171:42635, 992420f5-0400-4216-b477-118fb1248d11:192.168.5.171:45375] returns group-8E895DF6726C:java.util.concurrent.CompletableFuture@6f897ee2[Not completed]
2019-09-12 01:59:51,771 [grpc-default-executor-1] INFO  impl.RaftServerProxy (RaftServerProxy.java:addNew(89)) - e2abdd95-f9ca-46dd-87d9-3f938e07de83: addNew group-8E895DF6726C:[a6c0a076-5a4d-4b07-959a-c5ddb0608f42:192.168.5.171:37247, e2abdd95-f9ca-46dd-87d9-3f938e07de83:192.168.5.171:42635, 992420f5-0400-4216-b477-118fb1248d11:192.168.5.171:45375] returns group-8E895DF6726C:java.util.concurrent.CompletableFuture@6efa560c[Not completed]
2019-09-12 01:59:51,773 [pool-149-thread-1] INFO  impl.RaftServerImpl (RaftServerImpl.java:<init>(93)) - 992420f5-0400-4216-b477-118fb1248d11: new RaftServerImpl for group-8E895DF6726C:[a6c0a076-5a4d-4b07-959a-c5ddb0608f42:192.168.5.171:37247, e2abdd95-f9ca-46dd-87d9-3f938e07de83:192.168.5.171:42635, 992420f5-0400-4216-b477-118fb1248d11:192.168.5.171:45375] with ContainerStateMachine:uninitialized
2019-09-12 01:59:51,773 [pool-149-thread-1] INFO  server.RaftServerConfigKeys (ConfUtils.java:logGet(43)) - raft.server.rpc.timeout.min = 5s (custom)
2019-09-12 01:59:51,773 [pool-149-thread-1] INFO  server.RaftServerConfigKeys (ConfUtils.java:logGet(43)) - raft.server.rpc.timeout.max = 5200ms (custom)
2019-09-12 01:59:51,773 [pool-169-thread-1] INFO  impl.RaftServerImpl (RaftServerImpl.java:<init>(93)) - e2abdd95-f9ca-46dd-87d9-3f938e07de83: new RaftServerImpl for group-8E895DF6726C:[a6c0a076-5a4d-4b07-959a-c5ddb0608f42:192.168.5.171:37247, e2abdd95-f9ca-46dd-87d9-3f938e07de83:192.168.5.171:42635, 992420f5-0400-4216-b477-118fb1248d11:192.168.5.171:45375] with ContainerStateMachine:uninitialized
2019-09-12 01:59:51,773 [pool-149-thread-1] INFO  server.RaftServerConfigKeys (ConfUtils.java:logGet(43)) - raft.server.rpcslowness.timeout = 120s (custom)
2019-09-12 01:59:51,773 [pool-169-thread-1] INFO  server.RaftServerConfigKeys (ConfUtils.java:logGet(43)) - raft.server.rpc.timeout.min = 5s (custom)
2019-09-12 01:59:51,774 [pool-149-thread-1] INFO  server.RaftServerConfigKeys (ConfUtils.java:logGet(43)) - raft.server.sleep.deviation.threshold = 300 (default)
2019-09-12 01:59:51,774 [pool-169-thread-1] INFO  server.RaftServerConfigKeys (ConfUtils.java:logGet(43)) - raft.server.rpc.timeout.max = 5200ms (custom)
2019-09-12 01:59:51,774 [pool-149-thread-1] INFO  server.RaftServerConfigKeys (ConfUtils.java:logGet(43)) - raft.server.log.appender.install.snapshot.enabled = false (custom)
2019-09-12 01:59:51,774 [pool-169-thread-1] INFO  server.RaftServerConfigKeys (ConfUtils.java:logGet(43)) - raft.server.rpcslowness.timeout = 120s (custom)
2019-09-12 01:59:51,774 [pool-149-thread-1] INFO  impl.RaftServerImpl (ServerState.java:<init>(105)) - 992420f5-0400-4216-b477-118fb1248d11:group-8E895DF6726C ConfigurationManager, init=-1: [a6c0a076-5a4d-4b07-959a-c5ddb0608f42:192.168.5.171:37247, e2abdd95-f9ca-46dd-87d9-3f938e07de83:192.168.5.171:42635, 992420f5-0400-4216-b477-118fb1248d11:192.168.5.171:45375], old=null, confs=<EMPTY_MAP>
2019-09-12 01:59:51,774 [pool-169-thread-1] INFO  server.RaftServerConfigKeys (ConfUtils.java:logGet(43)) - raft.server.sleep.deviation.threshold = 300 (default)
2019-09-12 01:59:51,775 [pool-159-thread-1] INFO  impl.RaftServerImpl (RaftServerImpl.java:<init>(93)) - a6c0a076-5a4d-4b07-959a-c5ddb0608f42: new RaftServerImpl for group-8E895DF6726C:[a6c0a076-5a4d-4b07-959a-c5ddb0608f42:192.168.5.171:37247, e2abdd95-f9ca-46dd-87d9-3f938e07de83:192.168.5.171:42635, 992420f5-0400-4216-b477-118fb1248d11:192.168.5.171:45375] with ContainerStateMachine:uninitialized
2019-09-12 01:59:51,775 [pool-149-thread-1] INFO  server.RaftServerConfigKeys (ConfUtils.java:logGet(43)) - raft.server.storage.dir = [/workdir/hadoop-ozone/integration-test/target/test-dir/MiniOzoneClusterImpl-e005c837-da8a-4f19-87c0-c8547cff9190/datanode-3/data/ratis] (custom)
2019-09-12 01:59:51,775 [pool-169-thread-1] INFO  server.RaftServerConfigKeys (ConfUtils.java:logGet(43)) - raft.server.log.appender.install.snapshot.enabled = false (custom)
2019-09-12 01:59:51,775 [pool-159-thread-1] INFO  server.RaftServerConfigKeys (ConfUtils.java:logGet(43)) - raft.server.rpc.timeout.min = 5s (custom)
2019-09-12 01:59:51,775 [pool-169-thread-1] INFO  impl.RaftServerImpl (ServerState.java:<init>(105)) - e2abdd95-f9ca-46dd-87d9-3f938e07de83:group-8E895DF6726C ConfigurationManager, init=-1: [a6c0a076-5a4d-4b07-959a-c5ddb0608f42:192.168.5.171:37247, e2abdd95-f9ca-46dd-87d9-3f938e07de83:192.168.5.171:42635, 992420f5-0400-4216-b477-118fb1248d11:192.168.5.171:45375], old=null, confs=<EMPTY_MAP>
2019-09-12 01:59:51,775 [pool-149-thread-1] INFO  storage.RaftStorageDirectory (RaftStorageDirectory.java:analyzeStorage(246)) - The storage directory /workdir/hadoop-ozone/integration-test/target/test-dir/MiniOzoneClusterImpl-e005c837-da8a-4f19-87c0-c8547cff9190/datanode-3/data/ratis/247fa460-50e3-4cc5-a3fb-8e895df6726c does not exist. Creating ...
2019-09-12 01:59:51,775 [pool-169-thread-1] INFO  server.RaftServerConfigKeys (ConfUtils.java:logGet(43)) - raft.server.storage.dir = [/workdir/hadoop-ozone/integration-test/target/test-dir/MiniOzoneClusterImpl-e005c837-da8a-4f19-87c0-c8547cff9190/datanode-5/data/ratis] (custom)
2019-09-12 01:59:51,775 [pool-159-thread-1] INFO  server.RaftServerConfigKeys (ConfUtils.java:logGet(43)) - raft.server.rpc.timeout.max = 5200ms (custom)
2019-09-12 01:59:51,776 [pool-159-thread-1] INFO  server.RaftServerConfigKeys (ConfUtils.java:logGet(43)) - raft.server.rpcslowness.timeout = 120s (custom)
2019-09-12 01:59:51,776 [pool-169-thread-1] INFO  storage.RaftStorageDirectory (RaftStorageDirectory.java:analyzeStorage(246)) - The storage directory /workdir/hadoop-ozone/integration-test/target/test-dir/MiniOzoneClusterImpl-e005c837-da8a-4f19-87c0-c8547cff9190/datanode-5/data/ratis/247fa460-50e3-4cc5-a3fb-8e895df6726c does not exist. Creating ...
2019-09-12 01:59:51,776 [pool-159-thread-1] INFO  server.RaftServerConfigKeys (ConfUtils.java:logGet(43)) - raft.server.sleep.deviation.threshold = 300 (default)
2019-09-12 01:59:51,776 [pool-159-thread-1] INFO  server.RaftServerConfigKeys (ConfUtils.java:logGet(43)) - raft.server.log.appender.install.snapshot.enabled = false (custom)
2019-09-12 01:59:51,776 [pool-159-thread-1] INFO  impl.RaftServerImpl (ServerState.java:<init>(105)) - a6c0a076-5a4d-4b07-959a-c5ddb0608f42:group-8E895DF6726C ConfigurationManager, init=-1: [a6c0a076-5a4d-4b07-959a-c5ddb0608f42:192.168.5.171:37247, e2abdd95-f9ca-46dd-87d9-3f938e07de83:192.168.5.171:42635, 992420f5-0400-4216-b477-118fb1248d11:192.168.5.171:45375], old=null, confs=<EMPTY_MAP>
2019-09-12 01:59:51,777 [pool-159-thread-1] INFO  server.RaftServerConfigKeys (ConfUtils.java:logGet(43)) - raft.server.storage.dir = [/workdir/hadoop-ozone/integration-test/target/test-dir/MiniOzoneClusterImpl-e005c837-da8a-4f19-87c0-c8547cff9190/datanode-4/data/ratis] (custom)
2019-09-12 01:59:51,777 [pool-159-thread-1] INFO  storage.RaftStorageDirectory (RaftStorageDirectory.java:analyzeStorage(246)) - The storage directory /workdir/hadoop-ozone/integration-test/target/test-dir/MiniOzoneClusterImpl-e005c837-da8a-4f19-87c0-c8547cff9190/datanode-4/data/ratis/247fa460-50e3-4cc5-a3fb-8e895df6726c does not exist. Creating ...
2019-09-12 01:59:51,800 [pool-169-thread-1] INFO  storage.RaftStorageDirectory (RaftStorageDirectory.java:tryLock(328)) - Lock on /workdir/hadoop-ozone/integration-test/target/test-dir/MiniOzoneClusterImpl-e005c837-da8a-4f19-87c0-c8547cff9190/datanode-5/data/ratis/247fa460-50e3-4cc5-a3fb-8e895df6726c/in_use.lock acquired by nodename 19752@pr-hdds-2007-7njtk-1085629304
2019-09-12 01:59:51,800 [pool-159-thread-1] INFO  storage.RaftStorageDirectory (RaftStorageDirectory.java:tryLock(328)) - Lock on /workdir/hadoop-ozone/integration-test/target/test-dir/MiniOzoneClusterImpl-e005c837-da8a-4f19-87c0-c8547cff9190/datanode-4/data/ratis/247fa460-50e3-4cc5-a3fb-8e895df6726c/in_use.lock acquired by nodename 19752@pr-hdds-2007-7njtk-1085629304
2019-09-12 01:59:51,800 [pool-149-thread-1] INFO  storage.RaftStorageDirectory (RaftStorageDirectory.java:tryLock(328)) - Lock on /workdir/hadoop-ozone/integration-test/target/test-dir/MiniOzoneClusterImpl-e005c837-da8a-4f19-87c0-c8547cff9190/datanode-3/data/ratis/247fa460-50e3-4cc5-a3fb-8e895df6726c/in_use.lock acquired by nodename 19752@pr-hdds-2007-7njtk-1085629304
2019-09-12 01:59:51,818 [pool-169-thread-1] INFO  storage.RaftStorage (RaftStorage.java:format(72)) - Storage directory /workdir/hadoop-ozone/integration-test/target/test-dir/MiniOzoneClusterImpl-e005c837-da8a-4f19-87c0-c8547cff9190/datanode-5/data/ratis/247fa460-50e3-4cc5-a3fb-8e895df6726c has been successfully formatted.
2019-09-12 01:59:51,818 [pool-159-thread-1] INFO  storage.RaftStorage (RaftStorage.java:format(72)) - Storage directory /workdir/hadoop-ozone/integration-test/target/test-dir/MiniOzoneClusterImpl-e005c837-da8a-4f19-87c0-c8547cff9190/datanode-4/data/ratis/247fa460-50e3-4cc5-a3fb-8e895df6726c has been successfully formatted.
2019-09-12 01:59:51,818 [pool-149-thread-1] INFO  storage.RaftStorage (RaftStorage.java:format(72)) - Storage directory /workdir/hadoop-ozone/integration-test/target/test-dir/MiniOzoneClusterImpl-e005c837-da8a-4f19-87c0-c8547cff9190/datanode-3/data/ratis/247fa460-50e3-4cc5-a3fb-8e895df6726c has been successfully formatted.
2019-09-12 01:59:51,818 [pool-169-thread-1] INFO  ratis.ContainerStateMachine (ContainerStateMachine.java:loadSnapshot(227)) - group-8E895DF6726C: The snapshot info is null. Setting the last applied indexto:(t:0, i:~)
2019-09-12 01:59:51,818 [pool-149-thread-1] INFO  ratis.ContainerStateMachine (ContainerStateMachine.java:loadSnapshot(227)) - group-8E895DF6726C: The snapshot info is null. Setting the last applied indexto:(t:0, i:~)
2019-09-12 01:59:51,819 [pool-169-thread-1] INFO  server.RaftServerConfigKeys (ConfUtils.java:logGet(43)) - raft.server.leader.election.timeout = 120s (custom)
2019-09-12 01:59:51,818 [pool-159-thread-1] INFO  ratis.ContainerStateMachine (ContainerStateMachine.java:loadSnapshot(227)) - group-8E895DF6726C: The snapshot info is null. Setting the last applied indexto:(t:0, i:~)
2019-09-12 01:59:51,819 [pool-169-thread-1] INFO  server.RaftServerConfigKeys (ConfUtils.java:logGet(43)) - raft.server.log.use.memory = false (default)
2019-09-12 01:59:51,819 [pool-149-thread-1] INFO  server.RaftServerConfigKeys (ConfUtils.java:logGet(43)) - raft.server.leader.election.timeout = 120s (custom)
2019-09-12 01:59:51,819 [pool-169-thread-1] INFO  server.RaftServerConfigKeys (ConfUtils.java:logGet(43)) - raft.server.log.purge.gap = 1000000 (custom)
2019-09-12 01:59:51,819 [pool-159-thread-1] INFO  server.RaftServerConfigKeys (ConfUtils.java:logGet(43)) - raft.server.leader.election.timeout = 120s (custom)
2019-09-12 01:59:51,820 [pool-169-thread-1] INFO  server.RaftServerConfigKeys (ConfUtils.java:logGet(43)) - raft.server.log.appender.buffer.byte-limit = 33554432 (custom)
2019-09-12 01:59:51,819 [pool-149-thread-1] INFO  server.RaftServerConfigKeys (ConfUtils.java:logGet(43)) - raft.server.log.use.memory = false (default)
2019-09-12 01:59:51,820 [pool-169-thread-1] INFO  server.RaftServerConfigKeys (ConfUtils.java:logGet(43)) - raft.server.log.segment.size.max = 1048576 (custom)
2019-09-12 01:59:51,820 [pool-159-thread-1] INFO  server.RaftServerConfigKeys (ConfUtils.java:logGet(43)) - raft.server.log.use.memory = false (default)
2019-09-12 01:59:51,820 [pool-169-thread-1] INFO  server.RaftServerConfigKeys (ConfUtils.java:logGet(43)) - raft.server.log.segment.cache.num.max = 2 (custom)
2019-09-12 01:59:51,820 [pool-149-thread-1] INFO  server.RaftServerConfigKeys (ConfUtils.java:logGet(43)) - raft.server.log.purge.gap = 1000000 (custom)
2019-09-12 01:59:51,821 [pool-169-thread-1] INFO  segmented.SegmentedRaftLogWorker (SegmentedRaftLogWorker.java:<init>(172)) - new e2abdd95-f9ca-46dd-87d9-3f938e07de83-SegmentedRaftLogWorker:Storage Directory /workdir/hadoop-ozone/integration-test/target/test-dir/MiniOzoneClusterImpl-e005c837-da8a-4f19-87c0-c8547cff9190/datanode-5/data/ratis/247fa460-50e3-4cc5-a3fb-8e895df6726c for RaftStorage:Storage Directory /workdir/hadoop-ozone/integration-test/target/test-dir/MiniOzoneClusterImpl-e005c837-da8a-4f19-87c0-c8547cff9190/datanode-5/data/ratis/247fa460-50e3-4cc5-a3fb-8e895df6726c
2019-09-12 01:59:51,821 [pool-159-thread-1] INFO  server.RaftServerConfigKeys (ConfUtils.java:logGet(43)) - raft.server.log.purge.gap = 1000000 (custom)
2019-09-12 01:59:51,821 [pool-169-thread-1] INFO  server.RaftServerConfigKeys (ConfUtils.java:logGet(43)) - raft.server.log.queue.byte-limit = 2147483647 (custom)
2019-09-12 01:59:51,821 [pool-149-thread-1] INFO  server.RaftServerConfigKeys (ConfUtils.java:logGet(43)) - raft.server.log.appender.buffer.byte-limit = 33554432 (custom)
2019-09-12 01:59:51,821 [pool-169-thread-1] INFO  server.RaftServerConfigKeys (ConfUtils.java:logGet(43)) - raft.server.log.queue.element-limit = 1024 (custom)
2019-09-12 01:59:51,821 [pool-159-thread-1] INFO  server.RaftServerConfigKeys (ConfUtils.java:logGet(43)) - raft.server.log.appender.buffer.byte-limit = 33554432 (custom)
2019-09-12 01:59:51,822 [pool-169-thread-1] INFO  server.RaftServerConfigKeys (ConfUtils.java:logGet(43)) - raft.server.log.segment.size.max = 1048576 (custom)
2019-09-12 01:59:51,822 [pool-149-thread-1] INFO  server.RaftServerConfigKeys (ConfUtils.java:logGet(43)) - raft.server.log.segment.size.max = 1048576 (custom)
2019-09-12 01:59:51,822 [pool-169-thread-1] INFO  server.RaftServerConfigKeys (ConfUtils.java:logGet(43)) - raft.server.log.preallocated.size = 16384 (custom)
2019-09-12 01:59:51,822 [pool-159-thread-1] INFO  server.RaftServerConfigKeys (ConfUtils.java:logGet(43)) - raft.server.log.segment.size.max = 1048576 (custom)
2019-09-12 01:59:51,822 [pool-169-thread-1] INFO  server.RaftServerConfigKeys (ConfUtils.java:logGet(43)) - raft.server.log.write.buffer.size = 33554432 (custom)
2019-09-12 01:59:51,822 [pool-149-thread-1] INFO  server.RaftServerConfigKeys (ConfUtils.java:logGet(43)) - raft.server.log.segment.cache.num.max = 2 (custom)
2019-09-12 01:59:51,823 [pool-169-thread-1] INFO  server.RaftServerConfigKeys (ConfUtils.java:logGet(43)) - raft.server.log.force.sync.num = 128 (default)
2019-09-12 01:59:51,823 [pool-159-thread-1] INFO  server.RaftServerConfigKeys (ConfUtils.java:logGet(43)) - raft.server.log.segment.cache.num.max = 2 (custom)
2019-09-12 01:59:51,823 [pool-169-thread-1] INFO  server.RaftServerConfigKeys (ConfUtils.java:logGet(43)) - raft.server.log.statemachine.data.sync = true (default)
2019-09-12 01:59:51,823 [pool-149-thread-1] INFO  segmented.SegmentedRaftLogWorker (SegmentedRaftLogWorker.java:<init>(172)) - new 992420f5-0400-4216-b477-118fb1248d11-SegmentedRaftLogWorker:Storage Directory /workdir/hadoop-ozone/integration-test/target/test-dir/MiniOzoneClusterImpl-e005c837-da8a-4f19-87c0-c8547cff9190/datanode-3/data/ratis/247fa460-50e3-4cc5-a3fb-8e895df6726c for RaftStorage:Storage Directory /workdir/hadoop-ozone/integration-test/target/test-dir/MiniOzoneClusterImpl-e005c837-da8a-4f19-87c0-c8547cff9190/datanode-3/data/ratis/247fa460-50e3-4cc5-a3fb-8e895df6726c
2019-09-12 01:59:51,824 [pool-169-thread-1] INFO  server.RaftServerConfigKeys (ConfUtils.java:logGet(43)) - raft.server.log.statemachine.data.sync.timeout = 10s (default)
2019-09-12 01:59:51,823 [pool-159-thread-1] INFO  segmented.SegmentedRaftLogWorker (SegmentedRaftLogWorker.java:<init>(172)) - new a6c0a076-5a4d-4b07-959a-c5ddb0608f42-SegmentedRaftLogWorker:Storage Directory /workdir/hadoop-ozone/integration-test/target/test-dir/MiniOzoneClusterImpl-e005c837-da8a-4f19-87c0-c8547cff9190/datanode-4/data/ratis/247fa460-50e3-4cc5-a3fb-8e895df6726c for RaftStorage:Storage Directory /workdir/hadoop-ozone/integration-test/target/test-dir/MiniOzoneClusterImpl-e005c837-da8a-4f19-87c0-c8547cff9190/datanode-4/data/ratis/247fa460-50e3-4cc5-a3fb-8e895df6726c
2019-09-12 01:59:51,824 [pool-169-thread-1] INFO  server.RaftServerConfigKeys (ConfUtils.java:logGet(43)) - raft.server.log.statemachine.data.sync.timeout.retry = -1 (default)
2019-09-12 01:59:51,824 [pool-149-thread-1] INFO  server.RaftServerConfigKeys (ConfUtils.java:logGet(43)) - raft.server.log.queue.byte-limit = 2147483647 (custom)
2019-09-12 01:59:51,824 [pool-169-thread-1] INFO  server.RaftServerConfigKeys (ConfUtils.java:logGet(43)) - raft.server.log.statemachine.data.caching.enabled = true (custom)
2019-09-12 01:59:51,824 [pool-159-thread-1] INFO  server.RaftServerConfigKeys (ConfUtils.java:logGet(43)) - raft.server.log.queue.byte-limit = 2147483647 (custom)
2019-09-12 01:59:51,824 [pool-149-thread-1] INFO  server.RaftServerConfigKeys (ConfUtils.java:logGet(43)) - raft.server.log.queue.element-limit = 1024 (custom)
2019-09-12 01:59:51,825 [pool-159-thread-1] INFO  server.RaftServerConfigKeys (ConfUtils.java:logGet(43)) - raft.server.log.queue.element-limit = 1024 (custom)
2019-09-12 01:59:51,825 [pool-169-thread-1] INFO  segmented.SegmentedRaftLogWorker (SegmentedRaftLogWorker.java:lambda$new$0(132)) - e2abdd95-f9ca-46dd-87d9-3f938e07de83-SegmentedRaftLogWorker:Storage Directory /workdir/hadoop-ozone/integration-test/target/test-dir/MiniOzoneClusterImpl-e005c837-da8a-4f19-87c0-c8547cff9190/datanode-5/data/ratis/247fa460-50e3-4cc5-a3fb-8e895df6726c: flushIndex: setUnconditionally 0 -> -1
2019-09-12 01:59:51,825 [pool-159-thread-1] INFO  server.RaftServerConfigKeys (ConfUtils.java:logGet(43)) - raft.server.log.segment.size.max = 1048576 (custom)
2019-09-12 01:59:51,825 [pool-149-thread-1] INFO  server.RaftServerConfigKeys (ConfUtils.java:logGet(43)) - raft.server.log.segment.size.max = 1048576 (custom)
2019-09-12 01:59:51,826 [pool-169-thread-1] INFO  server.RaftServerConfigKeys (ConfUtils.java:logGet(43)) - raft.server.snapshot.auto.trigger.enabled = true (custom)
2019-09-12 01:59:51,826 [pool-159-thread-1] INFO  server.RaftServerConfigKeys (ConfUtils.java:logGet(43)) - raft.server.log.preallocated.size = 16384 (custom)
2019-09-12 01:59:51,826 [pool-169-thread-1] INFO  server.RaftServerConfigKeys (ConfUtils.java:logGet(43)) - raft.server.snapshot.auto.trigger.threshold = 10000 (custom)
2019-09-12 01:59:51,826 [pool-149-thread-1] INFO  server.RaftServerConfigKeys (ConfUtils.java:logGet(43)) - raft.server.log.preallocated.size = 16384 (custom)
2019-09-12 01:59:51,826 [pool-169-thread-1] INFO  server.RaftServerConfigKeys (ConfUtils.java:logGet(43)) - raft.server.retrycache.expirytime = 600000ms (custom)
2019-09-12 01:59:51,826 [pool-159-thread-1] INFO  server.RaftServerConfigKeys (ConfUtils.java:logGet(43)) - raft.server.log.write.buffer.size = 33554432 (custom)
2019-09-12 01:59:51,827 [pool-169-thread-1] INFO  impl.RaftServerImpl (RaftServerImpl.java:start(180)) - e2abdd95-f9ca-46dd-87d9-3f938e07de83: start group-8E895DF6726C
2019-09-12 01:59:51,826 [pool-149-thread-1] INFO  server.RaftServerConfigKeys (ConfUtils.java:logGet(43)) - raft.server.log.write.buffer.size = 33554432 (custom)
2019-09-12 01:59:51,827 [pool-169-thread-1] INFO  impl.RaftServerImpl (RaftServerImpl.java:setRole(171)) - e2abdd95-f9ca-46dd-87d9-3f938e07de83:group-8E895DF6726C changes role from null to FOLLOWER at term 0 for startAsFollower
2019-09-12 01:59:51,827 [pool-159-thread-1] INFO  server.RaftServerConfigKeys (ConfUtils.java:logGet(43)) - raft.server.log.force.sync.num = 128 (default)
2019-09-12 01:59:51,827 [pool-169-thread-1] INFO  impl.RoleInfo (RoleInfo.java:updateAndGet(143)) - e2abdd95-f9ca-46dd-87d9-3f938e07de83: start FollowerState
2019-09-12 01:59:51,827 [pool-149-thread-1] INFO  server.RaftServerConfigKeys (ConfUtils.java:logGet(43)) - raft.server.log.force.sync.num = 128 (default)
2019-09-12 01:59:51,827 [pool-159-thread-1] INFO  server.RaftServerConfigKeys (ConfUtils.java:logGet(43)) - raft.server.log.statemachine.data.sync = true (default)
2019-09-12 01:59:51,828 [pool-149-thread-1] INFO  server.RaftServerConfigKeys (ConfUtils.java:logGet(43)) - raft.server.log.statemachine.data.sync = true (default)
2019-09-12 01:59:51,828 [pool-169-thread-1] INFO  util.JmxRegister (JmxRegister.java:tryRegister(44)) - Successfully registered JMX Bean with object name Ratis:service=RaftServer,group=group-8E895DF6726C,id=e2abdd95-f9ca-46dd-87d9-3f938e07de83
2019-09-12 01:59:51,828 [pool-159-thread-1] INFO  server.RaftServerConfigKeys (ConfUtils.java:logGet(43)) - raft.server.log.statemachine.data.sync.timeout = 10s (default)
2019-09-12 01:59:51,828 [pool-149-thread-1] INFO  server.RaftServerConfigKeys (ConfUtils.java:logGet(43)) - raft.server.log.statemachine.data.sync.timeout = 10s (default)
2019-09-12 01:59:51,828 [pool-159-thread-1] INFO  server.RaftServerConfigKeys (ConfUtils.java:logGet(43)) - raft.server.log.statemachine.data.sync.timeout.retry = -1 (default)
2019-09-12 01:59:51,829 [pool-149-thread-1] INFO  server.RaftServerConfigKeys (ConfUtils.java:logGet(43)) - raft.server.log.statemachine.data.sync.timeout.retry = -1 (default)
2019-09-12 01:59:51,829 [pool-159-thread-1] INFO  server.RaftServerConfigKeys (ConfUtils.java:logGet(43)) - raft.server.log.statemachine.data.caching.enabled = true (custom)
2019-09-12 01:59:51,829 [pool-149-thread-1] INFO  server.RaftServerConfigKeys (ConfUtils.java:logGet(43)) - raft.server.log.statemachine.data.caching.enabled = true (custom)
2019-09-12 01:59:51,829 [pool-159-thread-1] INFO  segmented.SegmentedRaftLogWorker (SegmentedRaftLogWorker.java:lambda$new$0(132)) - a6c0a076-5a4d-4b07-959a-c5ddb0608f42-SegmentedRaftLogWorker:Storage Directory /workdir/hadoop-ozone/integration-test/target/test-dir/MiniOzoneClusterImpl-e005c837-da8a-4f19-87c0-c8547cff9190/datanode-4/data/ratis/247fa460-50e3-4cc5-a3fb-8e895df6726c: flushIndex: setUnconditionally 0 -> -1
2019-09-12 01:59:51,829 [pool-149-thread-1] INFO  segmented.SegmentedRaftLogWorker (SegmentedRaftLogWorker.java:lambda$new$0(132)) - 992420f5-0400-4216-b477-118fb1248d11-SegmentedRaftLogWorker:Storage Directory /workdir/hadoop-ozone/integration-test/target/test-dir/MiniOzoneClusterImpl-e005c837-da8a-4f19-87c0-c8547cff9190/datanode-3/data/ratis/247fa460-50e3-4cc5-a3fb-8e895df6726c: flushIndex: setUnconditionally 0 -> -1
2019-09-12 01:59:51,830 [pool-159-thread-1] INFO  server.RaftServerConfigKeys (ConfUtils.java:logGet(43)) - raft.server.snapshot.auto.trigger.enabled = true (custom)
2019-09-12 01:59:51,830 [pool-149-thread-1] INFO  server.RaftServerConfigKeys (ConfUtils.java:logGet(43)) - raft.server.snapshot.auto.trigger.enabled = true (custom)
2019-09-12 01:59:51,830 [pool-159-thread-1] INFO  server.RaftServerConfigKeys (ConfUtils.java:logGet(43)) - raft.server.snapshot.auto.trigger.threshold = 10000 (custom)
2019-09-12 01:59:51,830 [pool-149-thread-1] INFO  server.RaftServerConfigKeys (ConfUtils.java:logGet(43)) - raft.server.snapshot.auto.trigger.threshold = 10000 (custom)
2019-09-12 01:59:51,830 [pool-159-thread-1] INFO  server.RaftServerConfigKeys (ConfUtils.java:logGet(43)) - raft.server.retrycache.expirytime = 600000ms (custom)
2019-09-12 01:59:51,831 [pool-149-thread-1] INFO  server.RaftServerConfigKeys (ConfUtils.java:logGet(43)) - raft.server.retrycache.expirytime = 600000ms (custom)
2019-09-12 01:59:51,831 [pool-159-thread-1] INFO  impl.RaftServerImpl (RaftServerImpl.java:start(180)) - a6c0a076-5a4d-4b07-959a-c5ddb0608f42: start group-8E895DF6726C
2019-09-12 01:59:51,831 [pool-149-thread-1] INFO  impl.RaftServerImpl (RaftServerImpl.java:start(180)) - 992420f5-0400-4216-b477-118fb1248d11: start group-8E895DF6726C
2019-09-12 01:59:51,831 [pool-159-thread-1] INFO  impl.RaftServerImpl (RaftServerImpl.java:setRole(171)) - a6c0a076-5a4d-4b07-959a-c5ddb0608f42:group-8E895DF6726C changes role from null to FOLLOWER at term 0 for startAsFollower
2019-09-12 01:59:51,831 [pool-149-thread-1] INFO  impl.RaftServerImpl (RaftServerImpl.java:setRole(171)) - 992420f5-0400-4216-b477-118fb1248d11:group-8E895DF6726C changes role from null to FOLLOWER at term 0 for startAsFollower
2019-09-12 01:59:51,831 [pool-159-thread-1] INFO  impl.RoleInfo (RoleInfo.java:updateAndGet(143)) - a6c0a076-5a4d-4b07-959a-c5ddb0608f42: start FollowerState
2019-09-12 01:59:51,831 [pool-149-thread-1] INFO  impl.RoleInfo (RoleInfo.java:updateAndGet(143)) - 992420f5-0400-4216-b477-118fb1248d11: start FollowerState
2019-09-12 01:59:51,832 [pool-159-thread-1] INFO  util.JmxRegister (JmxRegister.java:tryRegister(44)) - Successfully registered JMX Bean with object name Ratis:service=RaftServer,group=group-8E895DF6726C,id=a6c0a076-5a4d-4b07-959a-c5ddb0608f42
2019-09-12 01:59:51,832 [pool-149-thread-1] INFO  util.JmxRegister (JmxRegister.java:tryRegister(44)) - Successfully registered JMX Bean with object name Ratis:service=RaftServer,group=group-8E895DF6726C,id=992420f5-0400-4216-b477-118fb1248d11
2019-09-12 01:59:51,836 [RatisPipelineUtilsThread] INFO  pipeline.PipelineStateManager (PipelineStateManager.java:addPipeline(56)) - Created pipeline Pipeline[ Id: 247fa460-50e3-4cc5-a3fb-8e895df6726c, Nodes: e2abdd95-f9ca-46dd-87d9-3f938e07de83{ip: 192.168.5.171, host: pr-hdds-2007-7njtk-1085629304, networkLocation: /default-rack, certSerialId: null}a6c0a076-5a4d-4b07-959a-c5ddb0608f42{ip: 192.168.5.171, host: pr-hdds-2007-7njtk-1085629304, networkLocation: /default-rack, certSerialId: null}992420f5-0400-4216-b477-118fb1248d11{ip: 192.168.5.171, host: pr-hdds-2007-7njtk-1085629304, networkLocation: /default-rack, certSerialId: null}, Type:RATIS, Factor:THREE, State:OPEN]
2019-09-12 01:59:52,612 [main] INFO  ozone.MiniOzoneClusterImpl (MiniOzoneClusterImpl.java:lambda$waitForClusterToBeReady$0(145)) - Cluster is ready. Got 7 of 7 DN Heartbeats.
2019-09-12 01:59:52,671 [main] INFO  rpc.RpcClient (RpcClient.java:createVolume(294)) - Creating Volume: testblockoutputstreamwithretries, with jenkins1000 as owner.
2019-09-12 01:59:52,675 [IPC Server handler 1 on 45960] INFO  volume.OMVolumeCreateRequest (OMVolumeCreateRequest.java:validateAndUpdateCache(189)) - created volume:testblockoutputstreamwithretries for user:jenkins1000
2019-09-12 01:59:52,688 [main] INFO  rpc.RpcClient (RpcClient.java:createBucket(433)) - Creating Bucket: testblockoutputstreamwithretries/testblockoutputstreamwithretries, with Versioning false and Storage Type set to DISK and Encryption set to false 
2019-09-12 01:59:52,725 [grpc-default-executor-1] INFO  client.GrpcClientProtocolClient (GrpcClientProtocolClient.java:onNext(255)) - client-6CE7C3423191->e2abdd95-f9ca-46dd-87d9-3f938e07de83: receive RaftClientReply:client-6CE7C3423191->e2abdd95-f9ca-46dd-87d9-3f938e07de83@group-8E895DF6726C, cid=42, FAILED org.apache.ratis.protocol.NotLeaderException: Server e2abdd95-f9ca-46dd-87d9-3f938e07de83 is not the leader (null). Request must be sent to leader., logIndex=0, commits[e2abdd95-f9ca-46dd-87d9-3f938e07de83:c-1]
2019-09-12 01:59:53,749 [grpc-default-executor-1] INFO  client.GrpcClientProtocolClient (GrpcClientProtocolClient.java:onNext(255)) - client-6CE7C3423191->a6c0a076-5a4d-4b07-959a-c5ddb0608f42: receive RaftClientReply:client-6CE7C3423191->a6c0a076-5a4d-4b07-959a-c5ddb0608f42@group-8E895DF6726C, cid=42, FAILED org.apache.ratis.protocol.NotLeaderException: Server a6c0a076-5a4d-4b07-959a-c5ddb0608f42 is not the leader (null). Request must be sent to leader., logIndex=0, commits[a6c0a076-5a4d-4b07-959a-c5ddb0608f42:c-1]
2019-09-12 01:59:54,191 [Thread-713] INFO  container.ReplicationManager (ReplicationManager.java:start(162)) - Starting Replication Monitor Thread.
2019-09-12 01:59:54,195 [ReplicationMonitor] INFO  container.ReplicationManager (ReplicationManager.java:run(225)) - Replication Monitor Thread took 0 milliseconds for processing 3 containers.
2019-09-12 01:59:54,768 [grpc-default-executor-0] INFO  client.GrpcClientProtocolClient (GrpcClientProtocolClient.java:onNext(255)) - client-6CE7C3423191->e2abdd95-f9ca-46dd-87d9-3f938e07de83: receive RaftClientReply:client-6CE7C3423191->e2abdd95-f9ca-46dd-87d9-3f938e07de83@group-8E895DF6726C, cid=42, FAILED org.apache.ratis.protocol.NotLeaderException: Server e2abdd95-f9ca-46dd-87d9-3f938e07de83 is not the leader (null). Request must be sent to leader., logIndex=0, commits[e2abdd95-f9ca-46dd-87d9-3f938e07de83:c-1]
2019-09-12 01:59:55,792 [grpc-default-executor-1] INFO  client.GrpcClientProtocolClient (GrpcClientProtocolClient.java:onNext(255)) - client-6CE7C3423191->992420f5-0400-4216-b477-118fb1248d11: receive RaftClientReply:client-6CE7C3423191->992420f5-0400-4216-b477-118fb1248d11@group-8E895DF6726C, cid=42, FAILED org.apache.ratis.protocol.NotLeaderException: Server 992420f5-0400-4216-b477-118fb1248d11 is not the leader (null). Request must be sent to leader., logIndex=0, commits[992420f5-0400-4216-b477-118fb1248d11:c-1]
2019-09-12 01:59:56,224 [Thread-715] INFO  impl.FollowerState (FollowerState.java:run(106)) - e39f61b7-cb47-46e5-aab2-7f1cf4f3c7c8:group-CA9A7B60D8C5 changes to CANDIDATE, lastRpcTime:5028, electionTimeout:5028ms
2019-09-12 01:59:56,224 [Thread-715] INFO  impl.RoleInfo (RoleInfo.java:shutdownFollowerState(121)) - e39f61b7-cb47-46e5-aab2-7f1cf4f3c7c8: shutdown FollowerState
2019-09-12 01:59:56,224 [Thread-715] INFO  impl.RaftServerImpl (RaftServerImpl.java:setRole(171)) - e39f61b7-cb47-46e5-aab2-7f1cf4f3c7c8:group-CA9A7B60D8C5 changes role from FOLLOWER to CANDIDATE at term 0 for changeToCandidate
2019-09-12 01:59:56,225 [Thread-715] INFO  impl.RoleInfo (RoleInfo.java:updateAndGet(143)) - e39f61b7-cb47-46e5-aab2-7f1cf4f3c7c8: start LeaderElection
2019-09-12 01:59:56,255 [e39f61b7-cb47-46e5-aab2-7f1cf4f3c7c8:group-CA9A7B60D8C5:LeaderElection17] INFO  impl.LeaderElection (LeaderElection.java:askForVotes(181)) - e39f61b7-cb47-46e5-aab2-7f1cf4f3c7c8:group-CA9A7B60D8C5:LeaderElection17: begin an election at term 1 for -1: [e39f61b7-cb47-46e5-aab2-7f1cf4f3c7c8:192.168.5.171:44501], old=null
2019-09-12 01:59:56,255 [e39f61b7-cb47-46e5-aab2-7f1cf4f3c7c8:group-CA9A7B60D8C5:LeaderElection17] INFO  impl.RoleInfo (RoleInfo.java:shutdownLeaderElection(134)) - e39f61b7-cb47-46e5-aab2-7f1cf4f3c7c8: shutdown LeaderElection
2019-09-12 01:59:56,255 [e39f61b7-cb47-46e5-aab2-7f1cf4f3c7c8:group-CA9A7B60D8C5:LeaderElection17] INFO  impl.RaftServerImpl (RaftServerImpl.java:setRole(171)) - e39f61b7-cb47-46e5-aab2-7f1cf4f3c7c8:group-CA9A7B60D8C5 changes role from CANDIDATE to LEADER at term 1 for changeToLeader
2019-09-12 01:59:56,255 [e39f61b7-cb47-46e5-aab2-7f1cf4f3c7c8:group-CA9A7B60D8C5:LeaderElection17] INFO  impl.RaftServerImpl (ServerState.java:setLeader(263)) - e39f61b7-cb47-46e5-aab2-7f1cf4f3c7c8:group-CA9A7B60D8C5 change Leader from null to e39f61b7-cb47-46e5-aab2-7f1cf4f3c7c8 at term 1 for becomeLeader, leader elected after 5064ms
2019-09-12 01:59:56,258 [e39f61b7-cb47-46e5-aab2-7f1cf4f3c7c8:group-CA9A7B60D8C5:LeaderElection17] INFO  server.RaftServerConfigKeys (ConfUtils.java:logGet(43)) - raft.server.staging.catchup.gap = 1000 (default)
2019-09-12 01:59:56,258 [e39f61b7-cb47-46e5-aab2-7f1cf4f3c7c8:group-CA9A7B60D8C5:LeaderElection17] INFO  server.RaftServerConfigKeys (ConfUtils.java:logGet(43)) - raft.server.rpc.sleep.time = 25ms (default)
2019-09-12 01:59:56,258 [e39f61b7-cb47-46e5-aab2-7f1cf4f3c7c8:group-CA9A7B60D8C5:LeaderElection17] INFO  server.RaftServerConfigKeys (ConfUtils.java:logGet(43)) - raft.server.write.element-limit = 4096 (default)
2019-09-12 01:59:56,258 [e39f61b7-cb47-46e5-aab2-7f1cf4f3c7c8:group-CA9A7B60D8C5:LeaderElection17] INFO  server.RaftServerConfigKeys (ConfUtils.java:logGet(43)) - raft.server.watch.timeout = 10s (default)
2019-09-12 01:59:56,258 [e39f61b7-cb47-46e5-aab2-7f1cf4f3c7c8:group-CA9A7B60D8C5:LeaderElection17] INFO  server.RaftServerConfigKeys (ConfUtils.java:logGet(43)) - raft.server.watch.timeout.denomination = 1s (default)
2019-09-12 01:59:56,259 [e39f61b7-cb47-46e5-aab2-7f1cf4f3c7c8:group-CA9A7B60D8C5:LeaderElection17] INFO  server.RaftServerConfigKeys (ConfUtils.java:logGet(43)) - raft.server.watch.element-limit = 65536 (default)
2019-09-12 01:59:56,259 [e39f61b7-cb47-46e5-aab2-7f1cf4f3c7c8:group-CA9A7B60D8C5:LeaderElection17] INFO  impl.RoleInfo (RoleInfo.java:updateAndGet(143)) - e39f61b7-cb47-46e5-aab2-7f1cf4f3c7c8: start LeaderState
2019-09-12 01:59:56,259 [e39f61b7-cb47-46e5-aab2-7f1cf4f3c7c8:group-CA9A7B60D8C5:LeaderElection17] INFO  segmented.SegmentedRaftLogWorker (SegmentedRaftLogWorker.java:startLogSegment(380)) - e39f61b7-cb47-46e5-aab2-7f1cf4f3c7c8-SegmentedRaftLogWorker:Storage Directory /workdir/hadoop-ozone/integration-test/target/test-dir/MiniOzoneClusterImpl-e005c837-da8a-4f19-87c0-c8547cff9190/datanode-0/data/ratis/8e5799e4-58d4-4976-b18e-ca9a7b60d8c5: Starting segment from index:0
2019-09-12 01:59:56,260 [e39f61b7-cb47-46e5-aab2-7f1cf4f3c7c8:group-CA9A7B60D8C5:LeaderElection17] INFO  impl.RaftServerImpl (ServerState.java:setRaftConf(361)) - e39f61b7-cb47-46e5-aab2-7f1cf4f3c7c8:group-CA9A7B60D8C5 set configuration 0: [e39f61b7-cb47-46e5-aab2-7f1cf4f3c7c8:192.168.5.171:44501], old=null at 0
2019-09-12 01:59:56,314 [e39f61b7-cb47-46e5-aab2-7f1cf4f3c7c8-SegmentedRaftLogWorker:Storage Directory /workdir/hadoop-ozone/integration-test/target/test-dir/MiniOzoneClusterImpl-e005c837-da8a-4f19-87c0-c8547cff9190/datanode-0/data/ratis/8e5799e4-58d4-4976-b18e-ca9a7b60d8c5] INFO  segmented.SegmentedRaftLogWorker (SegmentedRaftLogWorker.java:execute(569)) - e39f61b7-cb47-46e5-aab2-7f1cf4f3c7c8-SegmentedRaftLogWorker:Storage Directory /workdir/hadoop-ozone/integration-test/target/test-dir/MiniOzoneClusterImpl-e005c837-da8a-4f19-87c0-c8547cff9190/datanode-0/data/ratis/8e5799e4-58d4-4976-b18e-ca9a7b60d8c5: created new log segment /workdir/hadoop-ozone/integration-test/target/test-dir/MiniOzoneClusterImpl-e005c837-da8a-4f19-87c0-c8547cff9190/datanode-0/data/ratis/8e5799e4-58d4-4976-b18e-ca9a7b60d8c5/current/log_inprogress_0
2019-09-12 01:59:56,379 [Thread-727] INFO  impl.FollowerState (FollowerState.java:run(106)) - 067762ab-0a52-47b0-8eb8-1c600f2f3255:group-5D3821C2B03B changes to CANDIDATE, lastRpcTime:5035, electionTimeout:5035ms
2019-09-12 01:59:56,379 [Thread-727] INFO  impl.RoleInfo (RoleInfo.java:shutdownFollowerState(121)) - 067762ab-0a52-47b0-8eb8-1c600f2f3255: shutdown FollowerState
2019-09-12 01:59:56,379 [Thread-727] INFO  impl.RaftServerImpl (RaftServerImpl.java:setRole(171)) - 067762ab-0a52-47b0-8eb8-1c600f2f3255:group-5D3821C2B03B changes role from FOLLOWER to CANDIDATE at term 0 for changeToCandidate
2019-09-12 01:59:56,379 [Thread-727] INFO  impl.RoleInfo (RoleInfo.java:updateAndGet(143)) - 067762ab-0a52-47b0-8eb8-1c600f2f3255: start LeaderElection
2019-09-12 01:59:56,397 [Thread-721] INFO  impl.FollowerState (FollowerState.java:run(106)) - e39f61b7-cb47-46e5-aab2-7f1cf4f3c7c8:group-5D3821C2B03B changes to CANDIDATE, lastRpcTime:5071, electionTimeout:5071ms
2019-09-12 01:59:56,397 [Thread-721] INFO  impl.RoleInfo (RoleInfo.java:shutdownFollowerState(121)) - e39f61b7-cb47-46e5-aab2-7f1cf4f3c7c8: shutdown FollowerState
2019-09-12 01:59:56,398 [Thread-721] INFO  impl.RaftServerImpl (RaftServerImpl.java:setRole(171)) - e39f61b7-cb47-46e5-aab2-7f1cf4f3c7c8:group-5D3821C2B03B changes role from FOLLOWER to CANDIDATE at term 0 for changeToCandidate
2019-09-12 01:59:56,398 [Thread-721] INFO  impl.RoleInfo (RoleInfo.java:updateAndGet(143)) - e39f61b7-cb47-46e5-aab2-7f1cf4f3c7c8: start LeaderElection
2019-09-12 01:59:56,400 [067762ab-0a52-47b0-8eb8-1c600f2f3255:group-5D3821C2B03B:LeaderElection18] INFO  impl.LeaderElection (LeaderElection.java:askForVotes(181)) - 067762ab-0a52-47b0-8eb8-1c600f2f3255:group-5D3821C2B03B:LeaderElection18: begin an election at term 1 for -1: [067762ab-0a52-47b0-8eb8-1c600f2f3255:192.168.5.171:42497, e39f61b7-cb47-46e5-aab2-7f1cf4f3c7c8:192.168.5.171:44501, 73873c4a-9b01-429b-bc57-203d0ab13a8f:192.168.5.171:35970], old=null
2019-09-12 01:59:56,410 [grpc-default-executor-1] INFO  impl.RaftServerImpl (RaftServerImpl.java:setRole(171)) - 73873c4a-9b01-429b-bc57-203d0ab13a8f:group-5D3821C2B03B changes role from FOLLOWER to FOLLOWER at term 1 for recognizeCandidate:067762ab-0a52-47b0-8eb8-1c600f2f3255
2019-09-12 01:59:56,410 [grpc-default-executor-1] INFO  impl.RoleInfo (RoleInfo.java:shutdownFollowerState(121)) - 73873c4a-9b01-429b-bc57-203d0ab13a8f: shutdown FollowerState
2019-09-12 01:59:56,410 [grpc-default-executor-1] INFO  impl.RoleInfo (RoleInfo.java:updateAndGet(143)) - 73873c4a-9b01-429b-bc57-203d0ab13a8f: start FollowerState
2019-09-12 01:59:56,410 [Thread-723] INFO  impl.FollowerState (FollowerState.java:run(114)) - 73873c4a-9b01-429b-bc57-203d0ab13a8f: FollowerState was interrupted: java.lang.InterruptedException: sleep interrupted
2019-09-12 01:59:56,425 [e39f61b7-cb47-46e5-aab2-7f1cf4f3c7c8:group-5D3821C2B03B:LeaderElection19] INFO  impl.LeaderElection (LeaderElection.java:askForVotes(181)) - e39f61b7-cb47-46e5-aab2-7f1cf4f3c7c8:group-5D3821C2B03B:LeaderElection19: begin an election at term 1 for -1: [067762ab-0a52-47b0-8eb8-1c600f2f3255:192.168.5.171:42497, e39f61b7-cb47-46e5-aab2-7f1cf4f3c7c8:192.168.5.171:44501, 73873c4a-9b01-429b-bc57-203d0ab13a8f:192.168.5.171:35970], old=null
2019-09-12 01:59:56,441 [Thread-718] INFO  impl.FollowerState (FollowerState.java:run(106)) - 067762ab-0a52-47b0-8eb8-1c600f2f3255:group-A482908CC31F changes to CANDIDATE, lastRpcTime:5193, electionTimeout:5191ms
2019-09-12 01:59:56,441 [Thread-718] INFO  impl.RoleInfo (RoleInfo.java:shutdownFollowerState(121)) - 067762ab-0a52-47b0-8eb8-1c600f2f3255: shutdown FollowerState
2019-09-12 01:59:56,441 [Thread-718] INFO  impl.RaftServerImpl (RaftServerImpl.java:setRole(171)) - 067762ab-0a52-47b0-8eb8-1c600f2f3255:group-A482908CC31F changes role from FOLLOWER to CANDIDATE at term 0 for changeToCandidate
2019-09-12 01:59:56,442 [Thread-718] INFO  impl.RoleInfo (RoleInfo.java:updateAndGet(143)) - 067762ab-0a52-47b0-8eb8-1c600f2f3255: start LeaderElection
2019-09-12 01:59:56,459 [067762ab-0a52-47b0-8eb8-1c600f2f3255:group-5D3821C2B03B:LeaderElection18] INFO  impl.LeaderElection (LeaderElection.java:logAndReturn(56)) - 067762ab-0a52-47b0-8eb8-1c600f2f3255:group-5D3821C2B03B:LeaderElection18: Election PASSED; received 2 response(s) [067762ab-0a52-47b0-8eb8-1c600f2f3255<-e39f61b7-cb47-46e5-aab2-7f1cf4f3c7c8#0:FAIL-t1, 067762ab-0a52-47b0-8eb8-1c600f2f3255<-73873c4a-9b01-429b-bc57-203d0ab13a8f#0:OK-t1] and 0 exception(s); 067762ab-0a52-47b0-8eb8-1c600f2f3255:t1, leader=null, voted=067762ab-0a52-47b0-8eb8-1c600f2f3255, raftlog=067762ab-0a52-47b0-8eb8-1c600f2f3255-SegmentedRaftLog:OPENED:c-1,f-1,i0, conf=-1: [067762ab-0a52-47b0-8eb8-1c600f2f3255:192.168.5.171:42497, e39f61b7-cb47-46e5-aab2-7f1cf4f3c7c8:192.168.5.171:44501, 73873c4a-9b01-429b-bc57-203d0ab13a8f:192.168.5.171:35970], old=null
2019-09-12 01:59:56,461 [067762ab-0a52-47b0-8eb8-1c600f2f3255:group-5D3821C2B03B:LeaderElection18] INFO  impl.RoleInfo (RoleInfo.java:shutdownLeaderElection(134)) - 067762ab-0a52-47b0-8eb8-1c600f2f3255: shutdown LeaderElection
2019-09-12 01:59:56,463 [067762ab-0a52-47b0-8eb8-1c600f2f3255:group-5D3821C2B03B:LeaderElection18] INFO  impl.RaftServerImpl (RaftServerImpl.java:setRole(171)) - 067762ab-0a52-47b0-8eb8-1c600f2f3255:group-5D3821C2B03B changes role from CANDIDATE to LEADER at term 1 for changeToLeader
2019-09-12 01:59:56,463 [067762ab-0a52-47b0-8eb8-1c600f2f3255:group-5D3821C2B03B:LeaderElection18] INFO  impl.RaftServerImpl (ServerState.java:setLeader(263)) - 067762ab-0a52-47b0-8eb8-1c600f2f3255:group-5D3821C2B03B change Leader from null to 067762ab-0a52-47b0-8eb8-1c600f2f3255 at term 1 for becomeLeader, leader elected after 5145ms
2019-09-12 01:59:56,465 [067762ab-0a52-47b0-8eb8-1c600f2f3255:group-5D3821C2B03B:LeaderElection18] INFO  server.RaftServerConfigKeys (ConfUtils.java:logGet(43)) - raft.server.staging.catchup.gap = 1000 (default)
2019-09-12 01:59:56,465 [067762ab-0a52-47b0-8eb8-1c600f2f3255:group-5D3821C2B03B:LeaderElection18] INFO  server.RaftServerConfigKeys (ConfUtils.java:logGet(43)) - raft.server.rpc.sleep.time = 25ms (default)
2019-09-12 01:59:56,465 [e39f61b7-cb47-46e5-aab2-7f1cf4f3c7c8:group-5D3821C2B03B:LeaderElection19] INFO  impl.LeaderElection (LeaderElection.java:logAndReturn(56)) - e39f61b7-cb47-46e5-aab2-7f1cf4f3c7c8:group-5D3821C2B03B:LeaderElection19: Election REJECTED; received 2 response(s) [e39f61b7-cb47-46e5-aab2-7f1cf4f3c7c8<-067762ab-0a52-47b0-8eb8-1c600f2f3255#0:FAIL-t1, e39f61b7-cb47-46e5-aab2-7f1cf4f3c7c8<-73873c4a-9b01-429b-bc57-203d0ab13a8f#0:FAIL-t1] and 0 exception(s); e39f61b7-cb47-46e5-aab2-7f1cf4f3c7c8:t1, leader=null, voted=e39f61b7-cb47-46e5-aab2-7f1cf4f3c7c8, raftlog=e39f61b7-cb47-46e5-aab2-7f1cf4f3c7c8-SegmentedRaftLog:OPENED:c-1,f-1,i0, conf=-1: [067762ab-0a52-47b0-8eb8-1c600f2f3255:192.168.5.171:42497, e39f61b7-cb47-46e5-aab2-7f1cf4f3c7c8:192.168.5.171:44501, 73873c4a-9b01-429b-bc57-203d0ab13a8f:192.168.5.171:35970], old=null
2019-09-12 01:59:56,466 [067762ab-0a52-47b0-8eb8-1c600f2f3255:group-5D3821C2B03B:LeaderElection18] INFO  server.RaftServerConfigKeys (ConfUtils.java:logGet(43)) - raft.server.write.element-limit = 4096 (default)
2019-09-12 01:59:56,466 [e39f61b7-cb47-46e5-aab2-7f1cf4f3c7c8:group-5D3821C2B03B:LeaderElection19] INFO  impl.RaftServerImpl (RaftServerImpl.java:setRole(171)) - e39f61b7-cb47-46e5-aab2-7f1cf4f3c7c8:group-5D3821C2B03B changes role from CANDIDATE to FOLLOWER at term 1 for DISCOVERED_A_NEW_TERM
2019-09-12 01:59:56,466 [067762ab-0a52-47b0-8eb8-1c600f2f3255:group-5D3821C2B03B:LeaderElection18] INFO  server.RaftServerConfigKeys (ConfUtils.java:logGet(43)) - raft.server.watch.timeout = 10s (default)
2019-09-12 01:59:56,466 [e39f61b7-cb47-46e5-aab2-7f1cf4f3c7c8:group-5D3821C2B03B:LeaderElection19] INFO  impl.RoleInfo (RoleInfo.java:shutdownLeaderElection(134)) - e39f61b7-cb47-46e5-aab2-7f1cf4f3c7c8: shutdown LeaderElection
2019-09-12 01:59:56,466 [067762ab-0a52-47b0-8eb8-1c600f2f3255:group-5D3821C2B03B:LeaderElection18] INFO  server.RaftServerConfigKeys (ConfUtils.java:logGet(43)) - raft.server.watch.timeout.denomination = 1s (default)
2019-09-12 01:59:56,466 [e39f61b7-cb47-46e5-aab2-7f1cf4f3c7c8:group-5D3821C2B03B:LeaderElection19] INFO  impl.RoleInfo (RoleInfo.java:updateAndGet(143)) - e39f61b7-cb47-46e5-aab2-7f1cf4f3c7c8: start FollowerState
2019-09-12 01:59:56,466 [067762ab-0a52-47b0-8eb8-1c600f2f3255:group-5D3821C2B03B:LeaderElection18] INFO  server.RaftServerConfigKeys (ConfUtils.java:logGet(43)) - raft.server.watch.element-limit = 65536 (default)
2019-09-12 01:59:56,467 [067762ab-0a52-47b0-8eb8-1c600f2f3255:group-5D3821C2B03B:LeaderElection18] INFO  server.RaftServerConfigKeys (ConfUtils.java:logGet(43)) - raft.server.log.appender.snapshot.chunk.size.max = 16MB (=16777216) (default)
2019-09-12 01:59:56,467 [067762ab-0a52-47b0-8eb8-1c600f2f3255:group-5D3821C2B03B:LeaderElection18] INFO  server.RaftServerConfigKeys (ConfUtils.java:logGet(43)) - raft.server.log.appender.buffer.byte-limit = 33554432 (custom)
2019-09-12 01:59:56,467 [067762ab-0a52-47b0-8eb8-1c600f2f3255:group-5D3821C2B03B:LeaderElection18] INFO  server.RaftServerConfigKeys (ConfUtils.java:logGet(43)) - raft.server.log.appender.buffer.element-limit = 1 (custom)
2019-09-12 01:59:56,468 [067762ab-0a52-47b0-8eb8-1c600f2f3255:group-5D3821C2B03B:LeaderElection18] INFO  grpc.GrpcConfigKeys$Server (ConfUtils.java:logGet(43)) - raft.grpc.server.leader.outstanding.appends.max = 128 (default)
2019-09-12 01:59:56,468 [067762ab-0a52-47b0-8eb8-1c600f2f3255:group-5D3821C2B03B:LeaderElection18] INFO  server.RaftServerConfigKeys (ConfUtils.java:logGet(43)) - raft.server.rpc.request.timeout = 3000ms (default)
2019-09-12 01:59:56,468 [067762ab-0a52-47b0-8eb8-1c600f2f3255:group-5D3821C2B03B:LeaderElection18] INFO  server.RaftServerConfigKeys (ConfUtils.java:logGet(43)) - raft.server.log.appender.install.snapshot.enabled = false (custom)
2019-09-12 01:59:56,468 [067762ab-0a52-47b0-8eb8-1c600f2f3255:group-5D3821C2B03B:LeaderElection18] INFO  server.RaftServerConfigKeys (ConfUtils.java:logGet(43)) - raft.server.log.appender.snapshot.chunk.size.max = 16MB (=16777216) (default)
2019-09-12 01:59:56,468 [067762ab-0a52-47b0-8eb8-1c600f2f3255:group-5D3821C2B03B:LeaderElection18] INFO  server.RaftServerConfigKeys (ConfUtils.java:logGet(43)) - raft.server.log.appender.buffer.byte-limit = 33554432 (custom)
2019-09-12 01:59:56,468 [067762ab-0a52-47b0-8eb8-1c600f2f3255:group-5D3821C2B03B:LeaderElection18] INFO  server.RaftServerConfigKeys (ConfUtils.java:logGet(43)) - raft.server.log.appender.buffer.element-limit = 1 (custom)
2019-09-12 01:59:56,469 [067762ab-0a52-47b0-8eb8-1c600f2f3255:group-5D3821C2B03B:LeaderElection18] INFO  grpc.GrpcConfigKeys$Server (ConfUtils.java:logGet(43)) - raft.grpc.server.leader.outstanding.appends.max = 128 (default)
2019-09-12 01:59:56,469 [067762ab-0a52-47b0-8eb8-1c600f2f3255:group-5D3821C2B03B:LeaderElection18] INFO  server.RaftServerConfigKeys (ConfUtils.java:logGet(43)) - raft.server.rpc.request.timeout = 3000ms (default)
2019-09-12 01:59:56,469 [067762ab-0a52-47b0-8eb8-1c600f2f3255:group-5D3821C2B03B:LeaderElection18] INFO  server.RaftServerConfigKeys (ConfUtils.java:logGet(43)) - raft.server.log.appender.install.snapshot.enabled = false (custom)
2019-09-12 01:59:56,470 [067762ab-0a52-47b0-8eb8-1c600f2f3255:group-5D3821C2B03B:LeaderElection18] INFO  impl.RoleInfo (RoleInfo.java:updateAndGet(143)) - 067762ab-0a52-47b0-8eb8-1c600f2f3255: start LeaderState
2019-09-12 01:59:56,470 [067762ab-0a52-47b0-8eb8-1c600f2f3255:group-A482908CC31F:LeaderElection20] INFO  impl.LeaderElection (LeaderElection.java:askForVotes(181)) - 067762ab-0a52-47b0-8eb8-1c600f2f3255:group-A482908CC31F:LeaderElection20: begin an election at term 1 for -1: [067762ab-0a52-47b0-8eb8-1c600f2f3255:192.168.5.171:42497], old=null
2019-09-12 01:59:56,470 [067762ab-0a52-47b0-8eb8-1c600f2f3255:group-A482908CC31F:LeaderElection20] INFO  impl.RoleInfo (RoleInfo.java:shutdownLeaderElection(134)) - 067762ab-0a52-47b0-8eb8-1c600f2f3255: shutdown LeaderElection
2019-09-12 01:59:56,470 [067762ab-0a52-47b0-8eb8-1c600f2f3255:group-5D3821C2B03B:LeaderElection18] INFO  segmented.SegmentedRaftLogWorker (SegmentedRaftLogWorker.java:startLogSegment(380)) - 067762ab-0a52-47b0-8eb8-1c600f2f3255-SegmentedRaftLogWorker:Storage Directory /workdir/hadoop-ozone/integration-test/target/test-dir/MiniOzoneClusterImpl-e005c837-da8a-4f19-87c0-c8547cff9190/datanode-1/data/ratis/49aa77e5-2f36-488b-87f0-5d3821c2b03b: Starting segment from index:0
2019-09-12 01:59:56,470 [067762ab-0a52-47b0-8eb8-1c600f2f3255:group-A482908CC31F:LeaderElection20] INFO  impl.RaftServerImpl (RaftServerImpl.java:setRole(171)) - 067762ab-0a52-47b0-8eb8-1c600f2f3255:group-A482908CC31F changes role from CANDIDATE to LEADER at term 1 for changeToLeader
2019-09-12 01:59:56,471 [067762ab-0a52-47b0-8eb8-1c600f2f3255:group-A482908CC31F:LeaderElection20] INFO  impl.RaftServerImpl (ServerState.java:setLeader(263)) - 067762ab-0a52-47b0-8eb8-1c600f2f3255:group-A482908CC31F change Leader from null to 067762ab-0a52-47b0-8eb8-1c600f2f3255 at term 1 for becomeLeader, leader elected after 5227ms
2019-09-12 01:59:56,471 [067762ab-0a52-47b0-8eb8-1c600f2f3255:group-A482908CC31F:LeaderElection20] INFO  server.RaftServerConfigKeys (ConfUtils.java:logGet(43)) - raft.server.staging.catchup.gap = 1000 (default)
2019-09-12 01:59:56,471 [067762ab-0a52-47b0-8eb8-1c600f2f3255:group-A482908CC31F:LeaderElection20] INFO  server.RaftServerConfigKeys (ConfUtils.java:logGet(43)) - raft.server.rpc.sleep.time = 25ms (default)
2019-09-12 01:59:56,471 [067762ab-0a52-47b0-8eb8-1c600f2f3255:group-A482908CC31F:LeaderElection20] INFO  server.RaftServerConfigKeys (ConfUtils.java:logGet(43)) - raft.server.write.element-limit = 4096 (default)
2019-09-12 01:59:56,471 [067762ab-0a52-47b0-8eb8-1c600f2f3255:group-5D3821C2B03B:LeaderElection18] INFO  impl.RaftServerImpl (ServerState.java:setRaftConf(361)) - 067762ab-0a52-47b0-8eb8-1c600f2f3255:group-5D3821C2B03B set configuration 0: [067762ab-0a52-47b0-8eb8-1c600f2f3255:192.168.5.171:42497, e39f61b7-cb47-46e5-aab2-7f1cf4f3c7c8:192.168.5.171:44501, 73873c4a-9b01-429b-bc57-203d0ab13a8f:192.168.5.171:35970], old=null at 0
2019-09-12 01:59:56,471 [067762ab-0a52-47b0-8eb8-1c600f2f3255:group-A482908CC31F:LeaderElection20] INFO  server.RaftServerConfigKeys (ConfUtils.java:logGet(43)) - raft.server.watch.timeout = 10s (default)
2019-09-12 01:59:56,472 [067762ab-0a52-47b0-8eb8-1c600f2f3255:group-A482908CC31F:LeaderElection20] INFO  server.RaftServerConfigKeys (ConfUtils.java:logGet(43)) - raft.server.watch.timeout.denomination = 1s (default)
2019-09-12 01:59:56,472 [067762ab-0a52-47b0-8eb8-1c600f2f3255:group-A482908CC31F:LeaderElection20] INFO  server.RaftServerConfigKeys (ConfUtils.java:logGet(43)) - raft.server.watch.element-limit = 65536 (default)
2019-09-12 01:59:56,472 [067762ab-0a52-47b0-8eb8-1c600f2f3255:group-A482908CC31F:LeaderElection20] INFO  impl.RoleInfo (RoleInfo.java:updateAndGet(143)) - 067762ab-0a52-47b0-8eb8-1c600f2f3255: start LeaderState
2019-09-12 01:59:56,472 [067762ab-0a52-47b0-8eb8-1c600f2f3255:group-A482908CC31F:LeaderElection20] INFO  segmented.SegmentedRaftLogWorker (SegmentedRaftLogWorker.java:startLogSegment(380)) - 067762ab-0a52-47b0-8eb8-1c600f2f3255-SegmentedRaftLogWorker:Storage Directory /workdir/hadoop-ozone/integration-test/target/test-dir/MiniOzoneClusterImpl-e005c837-da8a-4f19-87c0-c8547cff9190/datanode-1/data/ratis/a0d5c791-d330-4444-b262-a482908cc31f: Starting segment from index:0
2019-09-12 01:59:56,473 [067762ab-0a52-47b0-8eb8-1c600f2f3255:group-A482908CC31F:LeaderElection20] INFO  impl.RaftServerImpl (ServerState.java:setRaftConf(361)) - 067762ab-0a52-47b0-8eb8-1c600f2f3255:group-A482908CC31F set configuration 0: [067762ab-0a52-47b0-8eb8-1c600f2f3255:192.168.5.171:42497], old=null at 0
2019-09-12 01:59:56,506 [grpc-default-executor-1] INFO  impl.RaftServerImpl (ServerState.java:setLeader(263)) - 73873c4a-9b01-429b-bc57-203d0ab13a8f:group-5D3821C2B03B change Leader from null to 067762ab-0a52-47b0-8eb8-1c600f2f3255 at term 1 for appendEntries, leader elected after 5188ms
2019-09-12 01:59:56,506 [grpc-default-executor-0] INFO  impl.RaftServerImpl (ServerState.java:setLeader(263)) - e39f61b7-cb47-46e5-aab2-7f1cf4f3c7c8:group-5D3821C2B03B change Leader from null to 067762ab-0a52-47b0-8eb8-1c600f2f3255 at term 1 for appendEntries, leader elected after 5188ms
2019-09-12 01:59:56,510 [grpc-default-executor-1] INFO  impl.RaftServerImpl (ServerState.java:setRaftConf(361)) - e39f61b7-cb47-46e5-aab2-7f1cf4f3c7c8:group-5D3821C2B03B set configuration 0: [067762ab-0a52-47b0-8eb8-1c600f2f3255:192.168.5.171:42497, e39f61b7-cb47-46e5-aab2-7f1cf4f3c7c8:192.168.5.171:44501, 73873c4a-9b01-429b-bc57-203d0ab13a8f:192.168.5.171:35970], old=null at 0
2019-09-12 01:59:56,510 [grpc-default-executor-0] INFO  impl.RaftServerImpl (ServerState.java:setRaftConf(361)) - 73873c4a-9b01-429b-bc57-203d0ab13a8f:group-5D3821C2B03B set configuration 0: [067762ab-0a52-47b0-8eb8-1c600f2f3255:192.168.5.171:42497, e39f61b7-cb47-46e5-aab2-7f1cf4f3c7c8:192.168.5.171:44501, 73873c4a-9b01-429b-bc57-203d0ab13a8f:192.168.5.171:35970], old=null at 0
2019-09-12 01:59:56,511 [grpc-default-executor-1] INFO  segmented.SegmentedRaftLogWorker (SegmentedRaftLogWorker.java:startLogSegment(380)) - e39f61b7-cb47-46e5-aab2-7f1cf4f3c7c8-SegmentedRaftLogWorker:Storage Directory /workdir/hadoop-ozone/integration-test/target/test-dir/MiniOzoneClusterImpl-e005c837-da8a-4f19-87c0-c8547cff9190/datanode-0/data/ratis/49aa77e5-2f36-488b-87f0-5d3821c2b03b: Starting segment from index:0
2019-09-12 01:59:56,511 [grpc-default-executor-0] INFO  segmented.SegmentedRaftLogWorker (SegmentedRaftLogWorker.java:startLogSegment(380)) - 73873c4a-9b01-429b-bc57-203d0ab13a8f-SegmentedRaftLogWorker:Storage Directory /workdir/hadoop-ozone/integration-test/target/test-dir/MiniOzoneClusterImpl-e005c837-da8a-4f19-87c0-c8547cff9190/datanode-2/data/ratis/49aa77e5-2f36-488b-87f0-5d3821c2b03b: Starting segment from index:0
2019-09-12 01:59:56,519 [067762ab-0a52-47b0-8eb8-1c600f2f3255-SegmentedRaftLogWorker:Storage Directory /workdir/hadoop-ozone/integration-test/target/test-dir/MiniOzoneClusterImpl-e005c837-da8a-4f19-87c0-c8547cff9190/datanode-1/data/ratis/a0d5c791-d330-4444-b262-a482908cc31f] INFO  segmented.SegmentedRaftLogWorker (SegmentedRaftLogWorker.java:execute(569)) - 067762ab-0a52-47b0-8eb8-1c600f2f3255-SegmentedRaftLogWorker:Storage Directory /workdir/hadoop-ozone/integration-test/target/test-dir/MiniOzoneClusterImpl-e005c837-da8a-4f19-87c0-c8547cff9190/datanode-1/data/ratis/a0d5c791-d330-4444-b262-a482908cc31f: created new log segment /workdir/hadoop-ozone/integration-test/target/test-dir/MiniOzoneClusterImpl-e005c837-da8a-4f19-87c0-c8547cff9190/datanode-1/data/ratis/a0d5c791-d330-4444-b262-a482908cc31f/current/log_inprogress_0
2019-09-12 01:59:56,519 [067762ab-0a52-47b0-8eb8-1c600f2f3255-SegmentedRaftLogWorker:Storage Directory /workdir/hadoop-ozone/integration-test/target/test-dir/MiniOzoneClusterImpl-e005c837-da8a-4f19-87c0-c8547cff9190/datanode-1/data/ratis/49aa77e5-2f36-488b-87f0-5d3821c2b03b] INFO  segmented.SegmentedRaftLogWorker (SegmentedRaftLogWorker.java:execute(569)) - 067762ab-0a52-47b0-8eb8-1c600f2f3255-SegmentedRaftLogWorker:Storage Directory /workdir/hadoop-ozone/integration-test/target/test-dir/MiniOzoneClusterImpl-e005c837-da8a-4f19-87c0-c8547cff9190/datanode-1/data/ratis/49aa77e5-2f36-488b-87f0-5d3821c2b03b: created new log segment /workdir/hadoop-ozone/integration-test/target/test-dir/MiniOzoneClusterImpl-e005c837-da8a-4f19-87c0-c8547cff9190/datanode-1/data/ratis/49aa77e5-2f36-488b-87f0-5d3821c2b03b/current/log_inprogress_0
2019-09-12 01:59:56,575 [73873c4a-9b01-429b-bc57-203d0ab13a8f-SegmentedRaftLogWorker:Storage Directory /workdir/hadoop-ozone/integration-test/target/test-dir/MiniOzoneClusterImpl-e005c837-da8a-4f19-87c0-c8547cff9190/datanode-2/data/ratis/49aa77e5-2f36-488b-87f0-5d3821c2b03b] INFO  segmented.SegmentedRaftLogWorker (SegmentedRaftLogWorker.java:execute(569)) - 73873c4a-9b01-429b-bc57-203d0ab13a8f-SegmentedRaftLogWorker:Storage Directory /workdir/hadoop-ozone/integration-test/target/test-dir/MiniOzoneClusterImpl-e005c837-da8a-4f19-87c0-c8547cff9190/datanode-2/data/ratis/49aa77e5-2f36-488b-87f0-5d3821c2b03b: created new log segment /workdir/hadoop-ozone/integration-test/target/test-dir/MiniOzoneClusterImpl-e005c837-da8a-4f19-87c0-c8547cff9190/datanode-2/data/ratis/49aa77e5-2f36-488b-87f0-5d3821c2b03b/current/log_inprogress_0
2019-09-12 01:59:56,575 [e39f61b7-cb47-46e5-aab2-7f1cf4f3c7c8-SegmentedRaftLogWorker:Storage Directory /workdir/hadoop-ozone/integration-test/target/test-dir/MiniOzoneClusterImpl-e005c837-da8a-4f19-87c0-c8547cff9190/datanode-0/data/ratis/49aa77e5-2f36-488b-87f0-5d3821c2b03b] INFO  segmented.SegmentedRaftLogWorker (SegmentedRaftLogWorker.java:execute(569)) - e39f61b7-cb47-46e5-aab2-7f1cf4f3c7c8-SegmentedRaftLogWorker:Storage Directory /workdir/hadoop-ozone/integration-test/target/test-dir/MiniOzoneClusterImpl-e005c837-da8a-4f19-87c0-c8547cff9190/datanode-0/data/ratis/49aa77e5-2f36-488b-87f0-5d3821c2b03b: created new log segment /workdir/hadoop-ozone/integration-test/target/test-dir/MiniOzoneClusterImpl-e005c837-da8a-4f19-87c0-c8547cff9190/datanode-0/data/ratis/49aa77e5-2f36-488b-87f0-5d3821c2b03b/current/log_inprogress_0
2019-09-12 01:59:56,595 [Thread-730] INFO  impl.FollowerState (FollowerState.java:run(106)) - 73873c4a-9b01-429b-bc57-203d0ab13a8f:group-027E12E9F058 changes to CANDIDATE, lastRpcTime:5184, electionTimeout:5184ms
2019-09-12 01:59:56,595 [Thread-730] INFO  impl.RoleInfo (RoleInfo.java:shutdownFollowerState(121)) - 73873c4a-9b01-429b-bc57-203d0ab13a8f: shutdown FollowerState
2019-09-12 01:59:56,595 [Thread-730] INFO  impl.RaftServerImpl (RaftServerImpl.java:setRole(171)) - 73873c4a-9b01-429b-bc57-203d0ab13a8f:group-027E12E9F058 changes role from FOLLOWER to CANDIDATE at term 0 for changeToCandidate
2019-09-12 01:59:56,595 [Thread-730] INFO  impl.RoleInfo (RoleInfo.java:updateAndGet(143)) - 73873c4a-9b01-429b-bc57-203d0ab13a8f: start LeaderElection
2019-09-12 01:59:56,611 [73873c4a-9b01-429b-bc57-203d0ab13a8f:group-027E12E9F058:LeaderElection21] INFO  impl.LeaderElection (LeaderElection.java:askForVotes(181)) - 73873c4a-9b01-429b-bc57-203d0ab13a8f:group-027E12E9F058:LeaderElection21: begin an election at term 1 for -1: [73873c4a-9b01-429b-bc57-203d0ab13a8f:192.168.5.171:35970], old=null
2019-09-12 01:59:56,612 [73873c4a-9b01-429b-bc57-203d0ab13a8f:group-027E12E9F058:LeaderElection21] INFO  impl.RoleInfo (RoleInfo.java:shutdownLeaderElection(134)) - 73873c4a-9b01-429b-bc57-203d0ab13a8f: shutdown LeaderElection
2019-09-12 01:59:56,612 [73873c4a-9b01-429b-bc57-203d0ab13a8f:group-027E12E9F058:LeaderElection21] INFO  impl.RaftServerImpl (RaftServerImpl.java:setRole(171)) - 73873c4a-9b01-429b-bc57-203d0ab13a8f:group-027E12E9F058 changes role from CANDIDATE to LEADER at term 1 for changeToLeader
2019-09-12 01:59:56,612 [73873c4a-9b01-429b-bc57-203d0ab13a8f:group-027E12E9F058:LeaderElection21] INFO  impl.RaftServerImpl (ServerState.java:setLeader(263)) - 73873c4a-9b01-429b-bc57-203d0ab13a8f:group-027E12E9F058 change Leader from null to 73873c4a-9b01-429b-bc57-203d0ab13a8f at term 1 for becomeLeader, leader elected after 5206ms
2019-09-12 01:59:56,615 [73873c4a-9b01-429b-bc57-203d0ab13a8f:group-027E12E9F058:LeaderElection21] INFO  server.RaftServerConfigKeys (ConfUtils.java:logGet(43)) - raft.server.staging.catchup.gap = 1000 (default)
2019-09-12 01:59:56,615 [73873c4a-9b01-429b-bc57-203d0ab13a8f:group-027E12E9F058:LeaderElection21] INFO  server.RaftServerConfigKeys (ConfUtils.java:logGet(43)) - raft.server.rpc.sleep.time = 25ms (default)
2019-09-12 01:59:56,615 [73873c4a-9b01-429b-bc57-203d0ab13a8f:group-027E12E9F058:LeaderElection21] INFO  server.RaftServerConfigKeys (ConfUtils.java:logGet(43)) - raft.server.write.element-limit = 4096 (default)
2019-09-12 01:59:56,616 [73873c4a-9b01-429b-bc57-203d0ab13a8f:group-027E12E9F058:LeaderElection21] INFO  server.RaftServerConfigKeys (ConfUtils.java:logGet(43)) - raft.server.watch.timeout = 10s (default)
2019-09-12 01:59:56,616 [73873c4a-9b01-429b-bc57-203d0ab13a8f:group-027E12E9F058:LeaderElection21] INFO  server.RaftServerConfigKeys (ConfUtils.java:logGet(43)) - raft.server.watch.timeout.denomination = 1s (default)
2019-09-12 01:59:56,616 [73873c4a-9b01-429b-bc57-203d0ab13a8f:group-027E12E9F058:LeaderElection21] INFO  server.RaftServerConfigKeys (ConfUtils.java:logGet(43)) - raft.server.watch.element-limit = 65536 (default)
2019-09-12 01:59:56,616 [73873c4a-9b01-429b-bc57-203d0ab13a8f:group-027E12E9F058:LeaderElection21] INFO  impl.RoleInfo (RoleInfo.java:updateAndGet(143)) - 73873c4a-9b01-429b-bc57-203d0ab13a8f: start LeaderState
2019-09-12 01:59:56,616 [73873c4a-9b01-429b-bc57-203d0ab13a8f:group-027E12E9F058:LeaderElection21] INFO  segmented.SegmentedRaftLogWorker (SegmentedRaftLogWorker.java:startLogSegment(380)) - 73873c4a-9b01-429b-bc57-203d0ab13a8f-SegmentedRaftLogWorker:Storage Directory /workdir/hadoop-ozone/integration-test/target/test-dir/MiniOzoneClusterImpl-e005c837-da8a-4f19-87c0-c8547cff9190/datanode-2/data/ratis/e6f6c062-617c-4938-a819-027e12e9f058: Starting segment from index:0
2019-09-12 01:59:56,617 [73873c4a-9b01-429b-bc57-203d0ab13a8f:group-027E12E9F058:LeaderElection21] INFO  impl.RaftServerImpl (ServerState.java:setRaftConf(361)) - 73873c4a-9b01-429b-bc57-203d0ab13a8f:group-027E12E9F058 set configuration 0: [73873c4a-9b01-429b-bc57-203d0ab13a8f:192.168.5.171:35970], old=null at 0
2019-09-12 01:59:56,675 [Thread-736] INFO  impl.FollowerState (FollowerState.java:run(106)) - e2abdd95-f9ca-46dd-87d9-3f938e07de83:group-71B11B622B7E changes to CANDIDATE, lastRpcTime:5079, electionTimeout:5079ms
2019-09-12 01:59:56,676 [Thread-736] INFO  impl.RoleInfo (RoleInfo.java:shutdownFollowerState(121)) - e2abdd95-f9ca-46dd-87d9-3f938e07de83: shutdown FollowerState
2019-09-12 01:59:56,676 [Thread-736] INFO  impl.RaftServerImpl (RaftServerImpl.java:setRole(171)) - e2abdd95-f9ca-46dd-87d9-3f938e07de83:group-71B11B622B7E changes role from FOLLOWER to CANDIDATE at term 0 for changeToCandidate
2019-09-12 01:59:56,676 [Thread-736] INFO  impl.RoleInfo (RoleInfo.java:updateAndGet(143)) - e2abdd95-f9ca-46dd-87d9-3f938e07de83: start LeaderElection
2019-09-12 01:59:56,690 [Thread-733] INFO  impl.FollowerState (FollowerState.java:run(106)) - 992420f5-0400-4216-b477-118fb1248d11:group-EE974A69BD69 changes to CANDIDATE, lastRpcTime:5170, electionTimeout:5170ms
2019-09-12 01:59:56,690 [Thread-733] INFO  impl.RoleInfo (RoleInfo.java:shutdownFollowerState(121)) - 992420f5-0400-4216-b477-118fb1248d11: shutdown FollowerState
2019-09-12 01:59:56,691 [Thread-733] INFO  impl.RaftServerImpl (RaftServerImpl.java:setRole(171)) - 992420f5-0400-4216-b477-118fb1248d11:group-EE974A69BD69 changes role from FOLLOWER to CANDIDATE at term 0 for changeToCandidate
2019-09-12 01:59:56,691 [Thread-733] INFO  impl.RoleInfo (RoleInfo.java:updateAndGet(143)) - 992420f5-0400-4216-b477-118fb1248d11: start LeaderElection
2019-09-12 01:59:56,735 [Thread-739] INFO  impl.FollowerState (FollowerState.java:run(106)) - a6c0a076-5a4d-4b07-959a-c5ddb0608f42:group-A1616DFA9972 changes to CANDIDATE, lastRpcTime:5071, electionTimeout:5071ms
2019-09-12 01:59:56,735 [Thread-739] INFO  impl.RoleInfo (RoleInfo.java:shutdownFollowerState(121)) - a6c0a076-5a4d-4b07-959a-c5ddb0608f42: shutdown FollowerState
2019-09-12 01:59:56,735 [73873c4a-9b01-429b-bc57-203d0ab13a8f-SegmentedRaftLogWorker:Storage Directory /workdir/hadoop-ozone/integration-test/target/test-dir/MiniOzoneClusterImpl-e005c837-da8a-4f19-87c0-c8547cff9190/datanode-2/data/ratis/e6f6c062-617c-4938-a819-027e12e9f058] INFO  segmented.SegmentedRaftLogWorker (SegmentedRaftLogWorker.java:execute(569)) - 73873c4a-9b01-429b-bc57-203d0ab13a8f-SegmentedRaftLogWorker:Storage Directory /workdir/hadoop-ozone/integration-test/target/test-dir/MiniOzoneClusterImpl-e005c837-da8a-4f19-87c0-c8547cff9190/datanode-2/data/ratis/e6f6c062-617c-4938-a819-027e12e9f058: created new log segment /workdir/hadoop-ozone/integration-test/target/test-dir/MiniOzoneClusterImpl-e005c837-da8a-4f19-87c0-c8547cff9190/datanode-2/data/ratis/e6f6c062-617c-4938-a819-027e12e9f058/current/log_inprogress_0
2019-09-12 01:59:56,735 [Thread-739] INFO  impl.RaftServerImpl (RaftServerImpl.java:setRole(171)) - a6c0a076-5a4d-4b07-959a-c5ddb0608f42:group-A1616DFA9972 changes role from FOLLOWER to CANDIDATE at term 0 for changeToCandidate
2019-09-12 01:59:56,736 [Thread-739] INFO  impl.RoleInfo (RoleInfo.java:updateAndGet(143)) - a6c0a076-5a4d-4b07-959a-c5ddb0608f42: start LeaderElection
2019-09-12 01:59:56,736 [e2abdd95-f9ca-46dd-87d9-3f938e07de83:group-71B11B622B7E:LeaderElection22] INFO  impl.LeaderElection (LeaderElection.java:askForVotes(181)) - e2abdd95-f9ca-46dd-87d9-3f938e07de83:group-71B11B622B7E:LeaderElection22: begin an election at term 1 for -1: [e2abdd95-f9ca-46dd-87d9-3f938e07de83:192.168.5.171:42635], old=null
2019-09-12 01:59:56,736 [e2abdd95-f9ca-46dd-87d9-3f938e07de83:group-71B11B622B7E:LeaderElection22] INFO  impl.RoleInfo (RoleInfo.java:shutdownLeaderElection(134)) - e2abdd95-f9ca-46dd-87d9-3f938e07de83: shutdown LeaderElection
2019-09-12 01:59:56,742 [e2abdd95-f9ca-46dd-87d9-3f938e07de83:group-71B11B622B7E:LeaderElection22] INFO  impl.RaftServerImpl (RaftServerImpl.java:setRole(171)) - e2abdd95-f9ca-46dd-87d9-3f938e07de83:group-71B11B622B7E changes role from CANDIDATE to LEADER at term 1 for changeToLeader
2019-09-12 01:59:56,745 [992420f5-0400-4216-b477-118fb1248d11:group-EE974A69BD69:LeaderElection23] INFO  impl.LeaderElection (LeaderElection.java:askForVotes(181)) - 992420f5-0400-4216-b477-118fb1248d11:group-EE974A69BD69:LeaderElection23: begin an election at term 1 for -1: [992420f5-0400-4216-b477-118fb1248d11:192.168.5.171:45375], old=null
2019-09-12 01:59:56,745 [e2abdd95-f9ca-46dd-87d9-3f938e07de83:group-71B11B622B7E:LeaderElection22] INFO  impl.RaftServerImpl (ServerState.java:setLeader(263)) - e2abdd95-f9ca-46dd-87d9-3f938e07de83:group-71B11B622B7E change Leader from null to e2abdd95-f9ca-46dd-87d9-3f938e07de83 at term 1 for becomeLeader, leader elected after 5154ms
2019-09-12 01:59:56,745 [992420f5-0400-4216-b477-118fb1248d11:group-EE974A69BD69:LeaderElection23] INFO  impl.RoleInfo (RoleInfo.java:shutdownLeaderElection(134)) - 992420f5-0400-4216-b477-118fb1248d11: shutdown LeaderElection
2019-09-12 01:59:56,748 [e2abdd95-f9ca-46dd-87d9-3f938e07de83:group-71B11B622B7E:LeaderElection22] INFO  server.RaftServerConfigKeys (ConfUtils.java:logGet(43)) - raft.server.staging.catchup.gap = 1000 (default)
2019-09-12 01:59:56,748 [992420f5-0400-4216-b477-118fb1248d11:group-EE974A69BD69:LeaderElection23] INFO  impl.RaftServerImpl (RaftServerImpl.java:setRole(171)) - 992420f5-0400-4216-b477-118fb1248d11:group-EE974A69BD69 changes role from CANDIDATE to LEADER at term 1 for changeToLeader
2019-09-12 01:59:56,748 [e2abdd95-f9ca-46dd-87d9-3f938e07de83:group-71B11B622B7E:LeaderElection22] INFO  server.RaftServerConfigKeys (ConfUtils.java:logGet(43)) - raft.server.rpc.sleep.time = 25ms (default)
2019-09-12 01:59:56,748 [992420f5-0400-4216-b477-118fb1248d11:group-EE974A69BD69:LeaderElection23] INFO  impl.RaftServerImpl (ServerState.java:setLeader(263)) - 992420f5-0400-4216-b477-118fb1248d11:group-EE974A69BD69 change Leader from null to 992420f5-0400-4216-b477-118fb1248d11 at term 1 for becomeLeader, leader elected after 5233ms
2019-09-12 01:59:56,748 [e2abdd95-f9ca-46dd-87d9-3f938e07de83:group-71B11B622B7E:LeaderElection22] INFO  server.RaftServerConfigKeys (ConfUtils.java:logGet(43)) - raft.server.write.element-limit = 4096 (default)
2019-09-12 01:59:56,751 [992420f5-0400-4216-b477-118fb1248d11:group-EE974A69BD69:LeaderElection23] INFO  server.RaftServerConfigKeys (ConfUtils.java:logGet(43)) - raft.server.staging.catchup.gap = 1000 (default)
2019-09-12 01:59:56,751 [e2abdd95-f9ca-46dd-87d9-3f938e07de83:group-71B11B622B7E:LeaderElection22] INFO  server.RaftServerConfigKeys (ConfUtils.java:logGet(43)) - raft.server.watch.timeout = 10s (default)
2019-09-12 01:59:56,751 [992420f5-0400-4216-b477-118fb1248d11:group-EE974A69BD69:LeaderElection23] INFO  server.RaftServerConfigKeys (ConfUtils.java:logGet(43)) - raft.server.rpc.sleep.time = 25ms (default)
2019-09-12 01:59:56,751 [e2abdd95-f9ca-46dd-87d9-3f938e07de83:group-71B11B622B7E:LeaderElection22] INFO  server.RaftServerConfigKeys (ConfUtils.java:logGet(43)) - raft.server.watch.timeout.denomination = 1s (default)
2019-09-12 01:59:56,751 [992420f5-0400-4216-b477-118fb1248d11:group-EE974A69BD69:LeaderElection23] INFO  server.RaftServerConfigKeys (ConfUtils.java:logGet(43)) - raft.server.write.element-limit = 4096 (default)
2019-09-12 01:59:56,751 [e2abdd95-f9ca-46dd-87d9-3f938e07de83:group-71B11B622B7E:LeaderElection22] INFO  server.RaftServerConfigKeys (ConfUtils.java:logGet(43)) - raft.server.watch.element-limit = 65536 (default)
2019-09-12 01:59:56,751 [992420f5-0400-4216-b477-118fb1248d11:group-EE974A69BD69:LeaderElection23] INFO  server.RaftServerConfigKeys (ConfUtils.java:logGet(43)) - raft.server.watch.timeout = 10s (default)
2019-09-12 01:59:56,751 [992420f5-0400-4216-b477-118fb1248d11:group-EE974A69BD69:LeaderElection23] INFO  server.RaftServerConfigKeys (ConfUtils.java:logGet(43)) - raft.server.watch.timeout.denomination = 1s (default)
2019-09-12 01:59:56,752 [e2abdd95-f9ca-46dd-87d9-3f938e07de83:group-71B11B622B7E:LeaderElection22] INFO  impl.RoleInfo (RoleInfo.java:updateAndGet(143)) - e2abdd95-f9ca-46dd-87d9-3f938e07de83: start LeaderState
2019-09-12 01:59:56,752 [992420f5-0400-4216-b477-118fb1248d11:group-EE974A69BD69:LeaderElection23] INFO  server.RaftServerConfigKeys (ConfUtils.java:logGet(43)) - raft.server.watch.element-limit = 65536 (default)
2019-09-12 01:59:56,752 [e2abdd95-f9ca-46dd-87d9-3f938e07de83:group-71B11B622B7E:LeaderElection22] INFO  segmented.SegmentedRaftLogWorker (SegmentedRaftLogWorker.java:startLogSegment(380)) - e2abdd95-f9ca-46dd-87d9-3f938e07de83-SegmentedRaftLogWorker:Storage Directory /workdir/hadoop-ozone/integration-test/target/test-dir/MiniOzoneClusterImpl-e005c837-da8a-4f19-87c0-c8547cff9190/datanode-5/data/ratis/009a4a68-bbd6-428c-963b-71b11b622b7e: Starting segment from index:0
2019-09-12 01:59:56,752 [992420f5-0400-4216-b477-118fb1248d11:group-EE974A69BD69:LeaderElection23] INFO  impl.RoleInfo (RoleInfo.java:updateAndGet(143)) - 992420f5-0400-4216-b477-118fb1248d11: start LeaderState
2019-09-12 01:59:56,752 [992420f5-0400-4216-b477-118fb1248d11:group-EE974A69BD69:LeaderElection23] INFO  segmented.SegmentedRaftLogWorker (SegmentedRaftLogWorker.java:startLogSegment(380)) - 992420f5-0400-4216-b477-118fb1248d11-SegmentedRaftLogWorker:Storage Directory /workdir/hadoop-ozone/integration-test/target/test-dir/MiniOzoneClusterImpl-e005c837-da8a-4f19-87c0-c8547cff9190/datanode-3/data/ratis/85c3fb05-994f-42f3-962b-ee974a69bd69: Starting segment from index:0
2019-09-12 01:59:56,753 [e2abdd95-f9ca-46dd-87d9-3f938e07de83:group-71B11B622B7E:LeaderElection22] INFO  impl.RaftServerImpl (ServerState.java:setRaftConf(361)) - e2abdd95-f9ca-46dd-87d9-3f938e07de83:group-71B11B622B7E set configuration 0: [e2abdd95-f9ca-46dd-87d9-3f938e07de83:192.168.5.171:42635], old=null at 0
2019-09-12 01:59:56,753 [992420f5-0400-4216-b477-118fb1248d11:group-EE974A69BD69:LeaderElection23] INFO  impl.RaftServerImpl (ServerState.java:setRaftConf(361)) - 992420f5-0400-4216-b477-118fb1248d11:group-EE974A69BD69 set configuration 0: [992420f5-0400-4216-b477-118fb1248d11:192.168.5.171:45375], old=null at 0
2019-09-12 01:59:56,791 [a6c0a076-5a4d-4b07-959a-c5ddb0608f42:group-A1616DFA9972:LeaderElection24] INFO  impl.LeaderElection (LeaderElection.java:askForVotes(181)) - a6c0a076-5a4d-4b07-959a-c5ddb0608f42:group-A1616DFA9972:LeaderElection24: begin an election at term 1 for -1: [a6c0a076-5a4d-4b07-959a-c5ddb0608f42:192.168.5.171:37247], old=null
2019-09-12 01:59:56,794 [a6c0a076-5a4d-4b07-959a-c5ddb0608f42:group-A1616DFA9972:LeaderElection24] INFO  impl.RoleInfo (RoleInfo.java:shutdownLeaderElection(134)) - a6c0a076-5a4d-4b07-959a-c5ddb0608f42: shutdown LeaderElection
2019-09-12 01:59:56,794 [a6c0a076-5a4d-4b07-959a-c5ddb0608f42:group-A1616DFA9972:LeaderElection24] INFO  impl.RaftServerImpl (RaftServerImpl.java:setRole(171)) - a6c0a076-5a4d-4b07-959a-c5ddb0608f42:group-A1616DFA9972 changes role from CANDIDATE to LEADER at term 1 for changeToLeader
2019-09-12 01:59:56,794 [a6c0a076-5a4d-4b07-959a-c5ddb0608f42:group-A1616DFA9972:LeaderElection24] INFO  impl.RaftServerImpl (ServerState.java:setLeader(263)) - a6c0a076-5a4d-4b07-959a-c5ddb0608f42:group-A1616DFA9972 change Leader from null to a6c0a076-5a4d-4b07-959a-c5ddb0608f42 at term 1 for becomeLeader, leader elected after 5136ms
2019-09-12 01:59:56,831 [a6c0a076-5a4d-4b07-959a-c5ddb0608f42:group-A1616DFA9972:LeaderElection24] INFO  server.RaftServerConfigKeys (ConfUtils.java:logGet(43)) - raft.server.staging.catchup.gap = 1000 (default)
2019-09-12 01:59:56,832 [e2abdd95-f9ca-46dd-87d9-3f938e07de83-SegmentedRaftLogWorker:Storage Directory /workdir/hadoop-ozone/integration-test/target/test-dir/MiniOzoneClusterImpl-e005c837-da8a-4f19-87c0-c8547cff9190/datanode-5/data/ratis/009a4a68-bbd6-428c-963b-71b11b622b7e] INFO  segmented.SegmentedRaftLogWorker (SegmentedRaftLogWorker.java:execute(569)) - e2abdd95-f9ca-46dd-87d9-3f938e07de83-SegmentedRaftLogWorker:Storage Directory /workdir/hadoop-ozone/integration-test/target/test-dir/MiniOzoneClusterImpl-e005c837-da8a-4f19-87c0-c8547cff9190/datanode-5/data/ratis/009a4a68-bbd6-428c-963b-71b11b622b7e: created new log segment /workdir/hadoop-ozone/integration-test/target/test-dir/MiniOzoneClusterImpl-e005c837-da8a-4f19-87c0-c8547cff9190/datanode-5/data/ratis/009a4a68-bbd6-428c-963b-71b11b622b7e/current/log_inprogress_0
2019-09-12 01:59:56,832 [a6c0a076-5a4d-4b07-959a-c5ddb0608f42:group-A1616DFA9972:LeaderElection24] INFO  server.RaftServerConfigKeys (ConfUtils.java:logGet(43)) - raft.server.rpc.sleep.time = 25ms (default)
2019-09-12 01:59:56,832 [a6c0a076-5a4d-4b07-959a-c5ddb0608f42:group-A1616DFA9972:LeaderElection24] INFO  server.RaftServerConfigKeys (ConfUtils.java:logGet(43)) - raft.server.write.element-limit = 4096 (default)
2019-09-12 01:59:56,832 [a6c0a076-5a4d-4b07-959a-c5ddb0608f42:group-A1616DFA9972:LeaderElection24] INFO  server.RaftServerConfigKeys (ConfUtils.java:logGet(43)) - raft.server.watch.timeout = 10s (default)
2019-09-12 01:59:56,832 [a6c0a076-5a4d-4b07-959a-c5ddb0608f42:group-A1616DFA9972:LeaderElection24] INFO  server.RaftServerConfigKeys (ConfUtils.java:logGet(43)) - raft.server.watch.timeout.denomination = 1s (default)
2019-09-12 01:59:56,833 [a6c0a076-5a4d-4b07-959a-c5ddb0608f42:group-A1616DFA9972:LeaderElection24] INFO  server.RaftServerConfigKeys (ConfUtils.java:logGet(43)) - raft.server.watch.element-limit = 65536 (default)
2019-09-12 01:59:56,833 [a6c0a076-5a4d-4b07-959a-c5ddb0608f42:group-A1616DFA9972:LeaderElection24] INFO  impl.RoleInfo (RoleInfo.java:updateAndGet(143)) - a6c0a076-5a4d-4b07-959a-c5ddb0608f42: start LeaderState
2019-09-12 01:59:56,833 [a6c0a076-5a4d-4b07-959a-c5ddb0608f42:group-A1616DFA9972:LeaderElection24] INFO  segmented.SegmentedRaftLogWorker (SegmentedRaftLogWorker.java:startLogSegment(380)) - a6c0a076-5a4d-4b07-959a-c5ddb0608f42-SegmentedRaftLogWorker:Storage Directory /workdir/hadoop-ozone/integration-test/target/test-dir/MiniOzoneClusterImpl-e005c837-da8a-4f19-87c0-c8547cff9190/datanode-4/data/ratis/9547e30d-1206-43fe-87ef-a1616dfa9972: Starting segment from index:0
2019-09-12 01:59:56,834 [a6c0a076-5a4d-4b07-959a-c5ddb0608f42:group-A1616DFA9972:LeaderElection24] INFO  impl.RaftServerImpl (ServerState.java:setRaftConf(361)) - a6c0a076-5a4d-4b07-959a-c5ddb0608f42:group-A1616DFA9972 set configuration 0: [a6c0a076-5a4d-4b07-959a-c5ddb0608f42:192.168.5.171:37247], old=null at 0
2019-09-12 01:59:56,866 [992420f5-0400-4216-b477-118fb1248d11-SegmentedRaftLogWorker:Storage Directory /workdir/hadoop-ozone/integration-test/target/test-dir/MiniOzoneClusterImpl-e005c837-da8a-4f19-87c0-c8547cff9190/datanode-3/data/ratis/85c3fb05-994f-42f3-962b-ee974a69bd69] INFO  segmented.SegmentedRaftLogWorker (SegmentedRaftLogWorker.java:execute(569)) - 992420f5-0400-4216-b477-118fb1248d11-SegmentedRaftLogWorker:Storage Directory /workdir/hadoop-ozone/integration-test/target/test-dir/MiniOzoneClusterImpl-e005c837-da8a-4f19-87c0-c8547cff9190/datanode-3/data/ratis/85c3fb05-994f-42f3-962b-ee974a69bd69: created new log segment /workdir/hadoop-ozone/integration-test/target/test-dir/MiniOzoneClusterImpl-e005c837-da8a-4f19-87c0-c8547cff9190/datanode-3/data/ratis/85c3fb05-994f-42f3-962b-ee974a69bd69/current/log_inprogress_0
2019-09-12 01:59:56,875 [grpc-default-executor-0] INFO  client.GrpcClientProtocolClient (GrpcClientProtocolClient.java:onNext(255)) - client-6CE7C3423191->a6c0a076-5a4d-4b07-959a-c5ddb0608f42: receive RaftClientReply:client-6CE7C3423191->a6c0a076-5a4d-4b07-959a-c5ddb0608f42@group-8E895DF6726C, cid=42, FAILED org.apache.ratis.protocol.NotLeaderException: Server a6c0a076-5a4d-4b07-959a-c5ddb0608f42 is not the leader (null). Request must be sent to leader., logIndex=0, commits[a6c0a076-5a4d-4b07-959a-c5ddb0608f42:c-1]
2019-09-12 01:59:56,893 [a6c0a076-5a4d-4b07-959a-c5ddb0608f42-SegmentedRaftLogWorker:Storage Directory /workdir/hadoop-ozone/integration-test/target/test-dir/MiniOzoneClusterImpl-e005c837-da8a-4f19-87c0-c8547cff9190/datanode-4/data/ratis/9547e30d-1206-43fe-87ef-a1616dfa9972] INFO  segmented.SegmentedRaftLogWorker (SegmentedRaftLogWorker.java:execute(569)) - a6c0a076-5a4d-4b07-959a-c5ddb0608f42-SegmentedRaftLogWorker:Storage Directory /workdir/hadoop-ozone/integration-test/target/test-dir/MiniOzoneClusterImpl-e005c837-da8a-4f19-87c0-c8547cff9190/datanode-4/data/ratis/9547e30d-1206-43fe-87ef-a1616dfa9972: created new log segment /workdir/hadoop-ozone/integration-test/target/test-dir/MiniOzoneClusterImpl-e005c837-da8a-4f19-87c0-c8547cff9190/datanode-4/data/ratis/9547e30d-1206-43fe-87ef-a1616dfa9972/current/log_inprogress_0
2019-09-12 01:59:56,899 [Thread-749] INFO  impl.FollowerState (FollowerState.java:run(106)) - a6c0a076-5a4d-4b07-959a-c5ddb0608f42:group-8E895DF6726C changes to CANDIDATE, lastRpcTime:5067, electionTimeout:5067ms
2019-09-12 01:59:56,899 [Thread-749] INFO  impl.RoleInfo (RoleInfo.java:shutdownFollowerState(121)) - a6c0a076-5a4d-4b07-959a-c5ddb0608f42: shutdown FollowerState
2019-09-12 01:59:56,899 [Thread-749] INFO  impl.RaftServerImpl (RaftServerImpl.java:setRole(171)) - a6c0a076-5a4d-4b07-959a-c5ddb0608f42:group-8E895DF6726C changes role from FOLLOWER to CANDIDATE at term 0 for changeToCandidate
2019-09-12 01:59:56,900 [Thread-749] INFO  impl.RoleInfo (RoleInfo.java:updateAndGet(143)) - a6c0a076-5a4d-4b07-959a-c5ddb0608f42: start LeaderElection
2019-09-12 01:59:56,932 [Thread-742] INFO  impl.FollowerState (FollowerState.java:run(106)) - d8999f1d-f5df-4b21-8d26-78acc2402f2e:group-FBBE756CA1DF changes to CANDIDATE, lastRpcTime:5185, electionTimeout:5185ms
2019-09-12 01:59:56,932 [Thread-742] INFO  impl.RoleInfo (RoleInfo.java:shutdownFollowerState(121)) - d8999f1d-f5df-4b21-8d26-78acc2402f2e: shutdown FollowerState
2019-09-12 01:59:56,932 [Thread-742] INFO  impl.RaftServerImpl (RaftServerImpl.java:setRole(171)) - d8999f1d-f5df-4b21-8d26-78acc2402f2e:group-FBBE756CA1DF changes role from FOLLOWER to CANDIDATE at term 0 for changeToCandidate
2019-09-12 01:59:56,932 [Thread-742] INFO  impl.RoleInfo (RoleInfo.java:updateAndGet(143)) - d8999f1d-f5df-4b21-8d26-78acc2402f2e: start LeaderElection
2019-09-12 01:59:56,959 [Thread-745] INFO  impl.FollowerState (FollowerState.java:run(106)) - e2abdd95-f9ca-46dd-87d9-3f938e07de83:group-8E895DF6726C changes to CANDIDATE, lastRpcTime:5131, electionTimeout:5131ms
2019-09-12 01:59:56,959 [Thread-745] INFO  impl.RoleInfo (RoleInfo.java:shutdownFollowerState(121)) - e2abdd95-f9ca-46dd-87d9-3f938e07de83: shutdown FollowerState
2019-09-12 01:59:56,959 [Thread-745] INFO  impl.RaftServerImpl (RaftServerImpl.java:setRole(171)) - e2abdd95-f9ca-46dd-87d9-3f938e07de83:group-8E895DF6726C changes role from FOLLOWER to CANDIDATE at term 0 for changeToCandidate
2019-09-12 01:59:56,960 [Thread-745] INFO  impl.RoleInfo (RoleInfo.java:updateAndGet(143)) - e2abdd95-f9ca-46dd-87d9-3f938e07de83: start LeaderElection
2019-09-12 01:59:56,970 [Thread-750] INFO  impl.FollowerState (FollowerState.java:run(106)) - 992420f5-0400-4216-b477-118fb1248d11:group-8E895DF6726C changes to CANDIDATE, lastRpcTime:5138, electionTimeout:5138ms
2019-09-12 01:59:56,970 [Thread-750] INFO  impl.RoleInfo (RoleInfo.java:shutdownFollowerState(121)) - 992420f5-0400-4216-b477-118fb1248d11: shutdown FollowerState
2019-09-12 01:59:56,970 [Thread-750] INFO  impl.RaftServerImpl (RaftServerImpl.java:setRole(171)) - 992420f5-0400-4216-b477-118fb1248d11:group-8E895DF6726C changes role from FOLLOWER to CANDIDATE at term 0 for changeToCandidate
2019-09-12 01:59:56,971 [Thread-750] INFO  impl.RoleInfo (RoleInfo.java:updateAndGet(143)) - 992420f5-0400-4216-b477-118fb1248d11: start LeaderElection
2019-09-12 01:59:56,974 [a6c0a076-5a4d-4b07-959a-c5ddb0608f42:group-8E895DF6726C:LeaderElection25] INFO  impl.LeaderElection (LeaderElection.java:askForVotes(181)) - a6c0a076-5a4d-4b07-959a-c5ddb0608f42:group-8E895DF6726C:LeaderElection25: begin an election at term 1 for -1: [a6c0a076-5a4d-4b07-959a-c5ddb0608f42:192.168.5.171:37247, e2abdd95-f9ca-46dd-87d9-3f938e07de83:192.168.5.171:42635, 992420f5-0400-4216-b477-118fb1248d11:192.168.5.171:45375], old=null
2019-09-12 01:59:56,974 [d8999f1d-f5df-4b21-8d26-78acc2402f2e:group-FBBE756CA1DF:LeaderElection26] INFO  impl.LeaderElection (LeaderElection.java:askForVotes(181)) - d8999f1d-f5df-4b21-8d26-78acc2402f2e:group-FBBE756CA1DF:LeaderElection26: begin an election at term 1 for -1: [d8999f1d-f5df-4b21-8d26-78acc2402f2e:192.168.5.171:43702], old=null
2019-09-12 01:59:56,977 [d8999f1d-f5df-4b21-8d26-78acc2402f2e:group-FBBE756CA1DF:LeaderElection26] INFO  impl.RoleInfo (RoleInfo.java:shutdownLeaderElection(134)) - d8999f1d-f5df-4b21-8d26-78acc2402f2e: shutdown LeaderElection
2019-09-12 01:59:56,977 [d8999f1d-f5df-4b21-8d26-78acc2402f2e:group-FBBE756CA1DF:LeaderElection26] INFO  impl.RaftServerImpl (RaftServerImpl.java:setRole(171)) - d8999f1d-f5df-4b21-8d26-78acc2402f2e:group-FBBE756CA1DF changes role from CANDIDATE to LEADER at term 1 for changeToLeader
2019-09-12 01:59:56,977 [d8999f1d-f5df-4b21-8d26-78acc2402f2e:group-FBBE756CA1DF:LeaderElection26] INFO  impl.RaftServerImpl (ServerState.java:setLeader(263)) - d8999f1d-f5df-4b21-8d26-78acc2402f2e:group-FBBE756CA1DF change Leader from null to d8999f1d-f5df-4b21-8d26-78acc2402f2e at term 1 for becomeLeader, leader elected after 5235ms
2019-09-12 01:59:56,987 [d8999f1d-f5df-4b21-8d26-78acc2402f2e:group-FBBE756CA1DF:LeaderElection26] INFO  server.RaftServerConfigKeys (ConfUtils.java:logGet(43)) - raft.server.staging.catchup.gap = 1000 (default)
2019-09-12 01:59:56,987 [d8999f1d-f5df-4b21-8d26-78acc2402f2e:group-FBBE756CA1DF:LeaderElection26] INFO  server.RaftServerConfigKeys (ConfUtils.java:logGet(43)) - raft.server.rpc.sleep.time = 25ms (default)
2019-09-12 01:59:56,987 [d8999f1d-f5df-4b21-8d26-78acc2402f2e:group-FBBE756CA1DF:LeaderElection26] INFO  server.RaftServerConfigKeys (ConfUtils.java:logGet(43)) - raft.server.write.element-limit = 4096 (default)
2019-09-12 01:59:56,987 [d8999f1d-f5df-4b21-8d26-78acc2402f2e:group-FBBE756CA1DF:LeaderElection26] INFO  server.RaftServerConfigKeys (ConfUtils.java:logGet(43)) - raft.server.watch.timeout = 10s (default)
2019-09-12 01:59:56,987 [d8999f1d-f5df-4b21-8d26-78acc2402f2e:group-FBBE756CA1DF:LeaderElection26] INFO  server.RaftServerConfigKeys (ConfUtils.java:logGet(43)) - raft.server.watch.timeout.denomination = 1s (default)
2019-09-12 01:59:56,988 [d8999f1d-f5df-4b21-8d26-78acc2402f2e:group-FBBE756CA1DF:LeaderElection26] INFO  server.RaftServerConfigKeys (ConfUtils.java:logGet(43)) - raft.server.watch.element-limit = 65536 (default)
2019-09-12 01:59:56,988 [d8999f1d-f5df-4b21-8d26-78acc2402f2e:group-FBBE756CA1DF:LeaderElection26] INFO  impl.RoleInfo (RoleInfo.java:updateAndGet(143)) - d8999f1d-f5df-4b21-8d26-78acc2402f2e: start LeaderState
2019-09-12 01:59:56,988 [d8999f1d-f5df-4b21-8d26-78acc2402f2e:group-FBBE756CA1DF:LeaderElection26] INFO  segmented.SegmentedRaftLogWorker (SegmentedRaftLogWorker.java:startLogSegment(380)) - d8999f1d-f5df-4b21-8d26-78acc2402f2e-SegmentedRaftLogWorker:Storage Directory /workdir/hadoop-ozone/integration-test/target/test-dir/MiniOzoneClusterImpl-e005c837-da8a-4f19-87c0-c8547cff9190/datanode-6/data/ratis/ee21dd90-5f6e-4ec5-95b2-fbbe756ca1df: Starting segment from index:0
2019-09-12 01:59:56,989 [d8999f1d-f5df-4b21-8d26-78acc2402f2e:group-FBBE756CA1DF:LeaderElection26] INFO  impl.RaftServerImpl (ServerState.java:setRaftConf(361)) - d8999f1d-f5df-4b21-8d26-78acc2402f2e:group-FBBE756CA1DF set configuration 0: [d8999f1d-f5df-4b21-8d26-78acc2402f2e:192.168.5.171:43702], old=null at 0
2019-09-12 01:59:56,992 [e2abdd95-f9ca-46dd-87d9-3f938e07de83:group-8E895DF6726C:LeaderElection27] INFO  impl.LeaderElection (LeaderElection.java:askForVotes(181)) - e2abdd95-f9ca-46dd-87d9-3f938e07de83:group-8E895DF6726C:LeaderElection27: begin an election at term 1 for -1: [a6c0a076-5a4d-4b07-959a-c5ddb0608f42:192.168.5.171:37247, e2abdd95-f9ca-46dd-87d9-3f938e07de83:192.168.5.171:42635, 992420f5-0400-4216-b477-118fb1248d11:192.168.5.171:45375], old=null
2019-09-12 01:59:56,992 [992420f5-0400-4216-b477-118fb1248d11:group-8E895DF6726C:LeaderElection28] INFO  impl.LeaderElection (LeaderElection.java:askForVotes(181)) - 992420f5-0400-4216-b477-118fb1248d11:group-8E895DF6726C:LeaderElection28: begin an election at term 1 for -1: [a6c0a076-5a4d-4b07-959a-c5ddb0608f42:192.168.5.171:37247, e2abdd95-f9ca-46dd-87d9-3f938e07de83:192.168.5.171:42635, 992420f5-0400-4216-b477-118fb1248d11:192.168.5.171:45375], old=null
2019-09-12 01:59:57,000 [a6c0a076-5a4d-4b07-959a-c5ddb0608f42:group-8E895DF6726C:LeaderElection25] INFO  impl.LeaderElection (LeaderElection.java:logAndReturn(56)) - a6c0a076-5a4d-4b07-959a-c5ddb0608f42:group-8E895DF6726C:LeaderElection25: Election REJECTED; received 2 response(s) [a6c0a076-5a4d-4b07-959a-c5ddb0608f42<-e2abdd95-f9ca-46dd-87d9-3f938e07de83#0:FAIL-t1, a6c0a076-5a4d-4b07-959a-c5ddb0608f42<-992420f5-0400-4216-b477-118fb1248d11#0:FAIL-t1] and 0 exception(s); a6c0a076-5a4d-4b07-959a-c5ddb0608f42:t1, leader=null, voted=a6c0a076-5a4d-4b07-959a-c5ddb0608f42, raftlog=a6c0a076-5a4d-4b07-959a-c5ddb0608f42-SegmentedRaftLog:OPENED:c-1,f-1,i0, conf=-1: [a6c0a076-5a4d-4b07-959a-c5ddb0608f42:192.168.5.171:37247, e2abdd95-f9ca-46dd-87d9-3f938e07de83:192.168.5.171:42635, 992420f5-0400-4216-b477-118fb1248d11:192.168.5.171:45375], old=null
2019-09-12 01:59:57,000 [a6c0a076-5a4d-4b07-959a-c5ddb0608f42:group-8E895DF6726C:LeaderElection25] INFO  impl.RaftServerImpl (RaftServerImpl.java:setRole(171)) - a6c0a076-5a4d-4b07-959a-c5ddb0608f42:group-8E895DF6726C changes role from CANDIDATE to FOLLOWER at term 1 for DISCOVERED_A_NEW_TERM
2019-09-12 01:59:57,001 [a6c0a076-5a4d-4b07-959a-c5ddb0608f42:group-8E895DF6726C:LeaderElection25] INFO  impl.RoleInfo (RoleInfo.java:shutdownLeaderElection(134)) - a6c0a076-5a4d-4b07-959a-c5ddb0608f42: shutdown LeaderElection
2019-09-12 01:59:57,001 [a6c0a076-5a4d-4b07-959a-c5ddb0608f42:group-8E895DF6726C:LeaderElection25] INFO  impl.RoleInfo (RoleInfo.java:updateAndGet(143)) - a6c0a076-5a4d-4b07-959a-c5ddb0608f42: start FollowerState
2019-09-12 01:59:57,001 [992420f5-0400-4216-b477-118fb1248d11:group-8E895DF6726C:LeaderElection28] INFO  impl.LeaderElection (LeaderElection.java:logAndReturn(56)) - 992420f5-0400-4216-b477-118fb1248d11:group-8E895DF6726C:LeaderElection28: Election REJECTED; received 2 response(s) [992420f5-0400-4216-b477-118fb1248d11<-a6c0a076-5a4d-4b07-959a-c5ddb0608f42#0:FAIL-t1, 992420f5-0400-4216-b477-118fb1248d11<-e2abdd95-f9ca-46dd-87d9-3f938e07de83#0:FAIL-t1] and 0 exception(s); 992420f5-0400-4216-b477-118fb1248d11:t1, leader=null, voted=992420f5-0400-4216-b477-118fb1248d11, raftlog=992420f5-0400-4216-b477-118fb1248d11-SegmentedRaftLog:OPENED:c-1,f-1,i0, conf=-1: [a6c0a076-5a4d-4b07-959a-c5ddb0608f42:192.168.5.171:37247, e2abdd95-f9ca-46dd-87d9-3f938e07de83:192.168.5.171:42635, 992420f5-0400-4216-b477-118fb1248d11:192.168.5.171:45375], old=null
2019-09-12 01:59:57,002 [992420f5-0400-4216-b477-118fb1248d11:group-8E895DF6726C:LeaderElection28] INFO  impl.RaftServerImpl (RaftServerImpl.java:setRole(171)) - 992420f5-0400-4216-b477-118fb1248d11:group-8E895DF6726C changes role from CANDIDATE to FOLLOWER at term 1 for DISCOVERED_A_NEW_TERM
2019-09-12 01:59:57,002 [992420f5-0400-4216-b477-118fb1248d11:group-8E895DF6726C:LeaderElection28] INFO  impl.RoleInfo (RoleInfo.java:shutdownLeaderElection(134)) - 992420f5-0400-4216-b477-118fb1248d11: shutdown LeaderElection
2019-09-12 01:59:57,002 [e2abdd95-f9ca-46dd-87d9-3f938e07de83:group-8E895DF6726C:LeaderElection27] INFO  impl.LeaderElection (LeaderElection.java:logAndReturn(56)) - e2abdd95-f9ca-46dd-87d9-3f938e07de83:group-8E895DF6726C:LeaderElection27: Election REJECTED; received 2 response(s) [e2abdd95-f9ca-46dd-87d9-3f938e07de83<-a6c0a076-5a4d-4b07-959a-c5ddb0608f42#0:FAIL-t1, e2abdd95-f9ca-46dd-87d9-3f938e07de83<-992420f5-0400-4216-b477-118fb1248d11#0:FAIL-t1] and 0 exception(s); e2abdd95-f9ca-46dd-87d9-3f938e07de83:t1, leader=null, voted=e2abdd95-f9ca-46dd-87d9-3f938e07de83, raftlog=e2abdd95-f9ca-46dd-87d9-3f938e07de83-SegmentedRaftLog:OPENED:c-1,f-1,i0, conf=-1: [a6c0a076-5a4d-4b07-959a-c5ddb0608f42:192.168.5.171:37247, e2abdd95-f9ca-46dd-87d9-3f938e07de83:192.168.5.171:42635, 992420f5-0400-4216-b477-118fb1248d11:192.168.5.171:45375], old=null
2019-09-12 01:59:57,002 [992420f5-0400-4216-b477-118fb1248d11:group-8E895DF6726C:LeaderElection28] INFO  impl.RoleInfo (RoleInfo.java:updateAndGet(143)) - 992420f5-0400-4216-b477-118fb1248d11: start FollowerState
2019-09-12 01:59:57,002 [e2abdd95-f9ca-46dd-87d9-3f938e07de83:group-8E895DF6726C:LeaderElection27] INFO  impl.RaftServerImpl (RaftServerImpl.java:setRole(171)) - e2abdd95-f9ca-46dd-87d9-3f938e07de83:group-8E895DF6726C changes role from CANDIDATE to FOLLOWER at term 1 for DISCOVERED_A_NEW_TERM
2019-09-12 01:59:57,002 [e2abdd95-f9ca-46dd-87d9-3f938e07de83:group-8E895DF6726C:LeaderElection27] INFO  impl.RoleInfo (RoleInfo.java:shutdownLeaderElection(134)) - e2abdd95-f9ca-46dd-87d9-3f938e07de83: shutdown LeaderElection
2019-09-12 01:59:57,002 [e2abdd95-f9ca-46dd-87d9-3f938e07de83:group-8E895DF6726C:LeaderElection27] INFO  impl.RoleInfo (RoleInfo.java:updateAndGet(143)) - e2abdd95-f9ca-46dd-87d9-3f938e07de83: start FollowerState
2019-09-12 01:59:57,044 [d8999f1d-f5df-4b21-8d26-78acc2402f2e-SegmentedRaftLogWorker:Storage Directory /workdir/hadoop-ozone/integration-test/target/test-dir/MiniOzoneClusterImpl-e005c837-da8a-4f19-87c0-c8547cff9190/datanode-6/data/ratis/ee21dd90-5f6e-4ec5-95b2-fbbe756ca1df] INFO  segmented.SegmentedRaftLogWorker (SegmentedRaftLogWorker.java:execute(569)) - d8999f1d-f5df-4b21-8d26-78acc2402f2e-SegmentedRaftLogWorker:Storage Directory /workdir/hadoop-ozone/integration-test/target/test-dir/MiniOzoneClusterImpl-e005c837-da8a-4f19-87c0-c8547cff9190/datanode-6/data/ratis/ee21dd90-5f6e-4ec5-95b2-fbbe756ca1df: created new log segment /workdir/hadoop-ozone/integration-test/target/test-dir/MiniOzoneClusterImpl-e005c837-da8a-4f19-87c0-c8547cff9190/datanode-6/data/ratis/ee21dd90-5f6e-4ec5-95b2-fbbe756ca1df/current/log_inprogress_0
2019-09-12 01:59:57,894 [grpc-default-executor-1] INFO  client.GrpcClientProtocolClient (GrpcClientProtocolClient.java:onNext(255)) - client-6CE7C3423191->992420f5-0400-4216-b477-118fb1248d11: receive RaftClientReply:client-6CE7C3423191->992420f5-0400-4216-b477-118fb1248d11@group-8E895DF6726C, cid=42, FAILED org.apache.ratis.protocol.NotLeaderException: Server 992420f5-0400-4216-b477-118fb1248d11 is not the leader (null). Request must be sent to leader., logIndex=0, commits[992420f5-0400-4216-b477-118fb1248d11:c-1]
2019-09-12 01:59:58,915 [grpc-default-executor-1] INFO  client.GrpcClientProtocolClient (GrpcClientProtocolClient.java:onNext(255)) - client-6CE7C3423191->a6c0a076-5a4d-4b07-959a-c5ddb0608f42: receive RaftClientReply:client-6CE7C3423191->a6c0a076-5a4d-4b07-959a-c5ddb0608f42@group-8E895DF6726C, cid=42, FAILED org.apache.ratis.protocol.NotLeaderException: Server a6c0a076-5a4d-4b07-959a-c5ddb0608f42 is not the leader (null). Request must be sent to leader., logIndex=0, commits[a6c0a076-5a4d-4b07-959a-c5ddb0608f42:c-1]
2019-09-12 01:59:59,959 [grpc-default-executor-4] INFO  client.GrpcClientProtocolClient (GrpcClientProtocolClient.java:onNext(255)) - client-6CE7C3423191->992420f5-0400-4216-b477-118fb1248d11: receive RaftClientReply:client-6CE7C3423191->992420f5-0400-4216-b477-118fb1248d11@group-8E895DF6726C, cid=42, FAILED org.apache.ratis.protocol.NotLeaderException: Server 992420f5-0400-4216-b477-118fb1248d11 is not the leader (null). Request must be sent to leader., logIndex=0, commits[992420f5-0400-4216-b477-118fb1248d11:c-1]
2019-09-12 02:00:00,988 [grpc-default-executor-4] INFO  client.GrpcClientProtocolClient (GrpcClientProtocolClient.java:onNext(255)) - client-6CE7C3423191->a6c0a076-5a4d-4b07-959a-c5ddb0608f42: receive RaftClientReply:client-6CE7C3423191->a6c0a076-5a4d-4b07-959a-c5ddb0608f42@group-8E895DF6726C, cid=42, FAILED org.apache.ratis.protocol.NotLeaderException: Server a6c0a076-5a4d-4b07-959a-c5ddb0608f42 is not the leader (null). Request must be sent to leader., logIndex=0, commits[a6c0a076-5a4d-4b07-959a-c5ddb0608f42:c-1]
2019-09-12 02:00:02,005 [grpc-default-executor-4] INFO  client.GrpcClientProtocolClient (GrpcClientProtocolClient.java:onNext(255)) - client-6CE7C3423191->e2abdd95-f9ca-46dd-87d9-3f938e07de83: receive RaftClientReply:client-6CE7C3423191->e2abdd95-f9ca-46dd-87d9-3f938e07de83@group-8E895DF6726C, cid=42, FAILED org.apache.ratis.protocol.NotLeaderException: Server e2abdd95-f9ca-46dd-87d9-3f938e07de83 is not the leader (null). Request must be sent to leader., logIndex=0, commits[e2abdd95-f9ca-46dd-87d9-3f938e07de83:c-1]
2019-09-12 02:00:02,180 [Thread-813] INFO  impl.FollowerState (FollowerState.java:run(106)) - e2abdd95-f9ca-46dd-87d9-3f938e07de83:group-8E895DF6726C changes to CANDIDATE, lastRpcTime:5177, electionTimeout:5177ms
2019-09-12 02:00:02,180 [Thread-813] INFO  impl.RoleInfo (RoleInfo.java:shutdownFollowerState(121)) - e2abdd95-f9ca-46dd-87d9-3f938e07de83: shutdown FollowerState
2019-09-12 02:00:02,180 [Thread-813] INFO  impl.RaftServerImpl (RaftServerImpl.java:setRole(171)) - e2abdd95-f9ca-46dd-87d9-3f938e07de83:group-8E895DF6726C changes role from FOLLOWER to CANDIDATE at term 1 for changeToCandidate
2019-09-12 02:00:02,181 [Thread-813] INFO  impl.RoleInfo (RoleInfo.java:updateAndGet(143)) - e2abdd95-f9ca-46dd-87d9-3f938e07de83: start LeaderElection
2019-09-12 02:00:02,185 [Thread-811] INFO  impl.FollowerState (FollowerState.java:run(106)) - a6c0a076-5a4d-4b07-959a-c5ddb0608f42:group-8E895DF6726C changes to CANDIDATE, lastRpcTime:5184, electionTimeout:5184ms
2019-09-12 02:00:02,186 [Thread-811] INFO  impl.RoleInfo (RoleInfo.java:shutdownFollowerState(121)) - a6c0a076-5a4d-4b07-959a-c5ddb0608f42: shutdown FollowerState
2019-09-12 02:00:02,186 [Thread-811] INFO  impl.RaftServerImpl (RaftServerImpl.java:setRole(171)) - a6c0a076-5a4d-4b07-959a-c5ddb0608f42:group-8E895DF6726C changes role from FOLLOWER to CANDIDATE at term 1 for changeToCandidate
2019-09-12 02:00:02,186 [Thread-811] INFO  impl.RoleInfo (RoleInfo.java:updateAndGet(143)) - a6c0a076-5a4d-4b07-959a-c5ddb0608f42: start LeaderElection
2019-09-12 02:00:02,195 [Thread-812] INFO  impl.FollowerState (FollowerState.java:run(106)) - 992420f5-0400-4216-b477-118fb1248d11:group-8E895DF6726C changes to CANDIDATE, lastRpcTime:5192, electionTimeout:5192ms
2019-09-12 02:00:02,195 [Thread-812] INFO  impl.RoleInfo (RoleInfo.java:shutdownFollowerState(121)) - 992420f5-0400-4216-b477-118fb1248d11: shutdown FollowerState
2019-09-12 02:00:02,195 [Thread-812] INFO  impl.RaftServerImpl (RaftServerImpl.java:setRole(171)) - 992420f5-0400-4216-b477-118fb1248d11:group-8E895DF6726C changes role from FOLLOWER to CANDIDATE at term 1 for changeToCandidate
2019-09-12 02:00:02,195 [Thread-812] INFO  impl.RoleInfo (RoleInfo.java:updateAndGet(143)) - 992420f5-0400-4216-b477-118fb1248d11: start LeaderElection
2019-09-12 02:00:02,228 [a6c0a076-5a4d-4b07-959a-c5ddb0608f42:group-8E895DF6726C:LeaderElection30] INFO  impl.LeaderElection (LeaderElection.java:askForVotes(181)) - a6c0a076-5a4d-4b07-959a-c5ddb0608f42:group-8E895DF6726C:LeaderElection30: begin an election at term 2 for -1: [a6c0a076-5a4d-4b07-959a-c5ddb0608f42:192.168.5.171:37247, e2abdd95-f9ca-46dd-87d9-3f938e07de83:192.168.5.171:42635, 992420f5-0400-4216-b477-118fb1248d11:192.168.5.171:45375], old=null
2019-09-12 02:00:02,228 [e2abdd95-f9ca-46dd-87d9-3f938e07de83:group-8E895DF6726C:LeaderElection29] INFO  impl.LeaderElection (LeaderElection.java:askForVotes(181)) - e2abdd95-f9ca-46dd-87d9-3f938e07de83:group-8E895DF6726C:LeaderElection29: begin an election at term 2 for -1: [a6c0a076-5a4d-4b07-959a-c5ddb0608f42:192.168.5.171:37247, e2abdd95-f9ca-46dd-87d9-3f938e07de83:192.168.5.171:42635, 992420f5-0400-4216-b477-118fb1248d11:192.168.5.171:45375], old=null
2019-09-12 02:00:02,228 [992420f5-0400-4216-b477-118fb1248d11:group-8E895DF6726C:LeaderElection31] INFO  impl.LeaderElection (LeaderElection.java:askForVotes(181)) - 992420f5-0400-4216-b477-118fb1248d11:group-8E895DF6726C:LeaderElection31: begin an election at term 2 for -1: [a6c0a076-5a4d-4b07-959a-c5ddb0608f42:192.168.5.171:37247, e2abdd95-f9ca-46dd-87d9-3f938e07de83:192.168.5.171:42635, 992420f5-0400-4216-b477-118fb1248d11:192.168.5.171:45375], old=null
2019-09-12 02:00:02,234 [992420f5-0400-4216-b477-118fb1248d11:group-8E895DF6726C:LeaderElection31] INFO  impl.LeaderElection (LeaderElection.java:logAndReturn(56)) - 992420f5-0400-4216-b477-118fb1248d11:group-8E895DF6726C:LeaderElection31: Election REJECTED; received 2 response(s) [992420f5-0400-4216-b477-118fb1248d11<-a6c0a076-5a4d-4b07-959a-c5ddb0608f42#0:FAIL-t2, 992420f5-0400-4216-b477-118fb1248d11<-e2abdd95-f9ca-46dd-87d9-3f938e07de83#0:FAIL-t2] and 0 exception(s); 992420f5-0400-4216-b477-118fb1248d11:t2, leader=null, voted=992420f5-0400-4216-b477-118fb1248d11, raftlog=992420f5-0400-4216-b477-118fb1248d11-SegmentedRaftLog:OPENED:c-1,f-1,i0, conf=-1: [a6c0a076-5a4d-4b07-959a-c5ddb0608f42:192.168.5.171:37247, e2abdd95-f9ca-46dd-87d9-3f938e07de83:192.168.5.171:42635, 992420f5-0400-4216-b477-118fb1248d11:192.168.5.171:45375], old=null
2019-09-12 02:00:02,234 [992420f5-0400-4216-b477-118fb1248d11:group-8E895DF6726C:LeaderElection31] INFO  impl.RaftServerImpl (RaftServerImpl.java:setRole(171)) - 992420f5-0400-4216-b477-118fb1248d11:group-8E895DF6726C changes role from CANDIDATE to FOLLOWER at term 2 for DISCOVERED_A_NEW_TERM
2019-09-12 02:00:02,234 [992420f5-0400-4216-b477-118fb1248d11:group-8E895DF6726C:LeaderElection31] INFO  impl.RoleInfo (RoleInfo.java:shutdownLeaderElection(134)) - 992420f5-0400-4216-b477-118fb1248d11: shutdown LeaderElection
2019-09-12 02:00:02,235 [992420f5-0400-4216-b477-118fb1248d11:group-8E895DF6726C:LeaderElection31] INFO  impl.RoleInfo (RoleInfo.java:updateAndGet(143)) - 992420f5-0400-4216-b477-118fb1248d11: start FollowerState
2019-09-12 02:00:02,235 [a6c0a076-5a4d-4b07-959a-c5ddb0608f42:group-8E895DF6726C:LeaderElection30] INFO  impl.LeaderElection (LeaderElection.java:logAndReturn(56)) - a6c0a076-5a4d-4b07-959a-c5ddb0608f42:group-8E895DF6726C:LeaderElection30: Election REJECTED; received 2 response(s) [a6c0a076-5a4d-4b07-959a-c5ddb0608f42<-e2abdd95-f9ca-46dd-87d9-3f938e07de83#0:FAIL-t2, a6c0a076-5a4d-4b07-959a-c5ddb0608f42<-992420f5-0400-4216-b477-118fb1248d11#0:FAIL-t2] and 0 exception(s); a6c0a076-5a4d-4b07-959a-c5ddb0608f42:t2, leader=null, voted=a6c0a076-5a4d-4b07-959a-c5ddb0608f42, raftlog=a6c0a076-5a4d-4b07-959a-c5ddb0608f42-SegmentedRaftLog:OPENED:c-1,f-1,i0, conf=-1: [a6c0a076-5a4d-4b07-959a-c5ddb0608f42:192.168.5.171:37247, e2abdd95-f9ca-46dd-87d9-3f938e07de83:192.168.5.171:42635, 992420f5-0400-4216-b477-118fb1248d11:192.168.5.171:45375], old=null
2019-09-12 02:00:02,235 [a6c0a076-5a4d-4b07-959a-c5ddb0608f42:group-8E895DF6726C:LeaderElection30] INFO  impl.RaftServerImpl (RaftServerImpl.java:setRole(171)) - a6c0a076-5a4d-4b07-959a-c5ddb0608f42:group-8E895DF6726C changes role from CANDIDATE to FOLLOWER at term 2 for DISCOVERED_A_NEW_TERM
2019-09-12 02:00:02,235 [a6c0a076-5a4d-4b07-959a-c5ddb0608f42:group-8E895DF6726C:LeaderElection30] INFO  impl.RoleInfo (RoleInfo.java:shutdownLeaderElection(134)) - a6c0a076-5a4d-4b07-959a-c5ddb0608f42: shutdown LeaderElection
2019-09-12 02:00:02,235 [e2abdd95-f9ca-46dd-87d9-3f938e07de83:group-8E895DF6726C:LeaderElection29] INFO  impl.LeaderElection (LeaderElection.java:logAndReturn(56)) - e2abdd95-f9ca-46dd-87d9-3f938e07de83:group-8E895DF6726C:LeaderElection29: Election REJECTED; received 2 response(s) [e2abdd95-f9ca-46dd-87d9-3f938e07de83<-a6c0a076-5a4d-4b07-959a-c5ddb0608f42#0:FAIL-t2, e2abdd95-f9ca-46dd-87d9-3f938e07de83<-992420f5-0400-4216-b477-118fb1248d11#0:FAIL-t2] and 0 exception(s); e2abdd95-f9ca-46dd-87d9-3f938e07de83:t2, leader=null, voted=e2abdd95-f9ca-46dd-87d9-3f938e07de83, raftlog=e2abdd95-f9ca-46dd-87d9-3f938e07de83-SegmentedRaftLog:OPENED:c-1,f-1,i0, conf=-1: [a6c0a076-5a4d-4b07-959a-c5ddb0608f42:192.168.5.171:37247, e2abdd95-f9ca-46dd-87d9-3f938e07de83:192.168.5.171:42635, 992420f5-0400-4216-b477-118fb1248d11:192.168.5.171:45375], old=null
2019-09-12 02:00:02,236 [a6c0a076-5a4d-4b07-959a-c5ddb0608f42:group-8E895DF6726C:LeaderElection30] INFO  impl.RoleInfo (RoleInfo.java:updateAndGet(143)) - a6c0a076-5a4d-4b07-959a-c5ddb0608f42: start FollowerState
2019-09-12 02:00:02,236 [e2abdd95-f9ca-46dd-87d9-3f938e07de83:group-8E895DF6726C:LeaderElection29] INFO  impl.RaftServerImpl (RaftServerImpl.java:setRole(171)) - e2abdd95-f9ca-46dd-87d9-3f938e07de83:group-8E895DF6726C changes role from CANDIDATE to FOLLOWER at term 2 for DISCOVERED_A_NEW_TERM
2019-09-12 02:00:02,236 [e2abdd95-f9ca-46dd-87d9-3f938e07de83:group-8E895DF6726C:LeaderElection29] INFO  impl.RoleInfo (RoleInfo.java:shutdownLeaderElection(134)) - e2abdd95-f9ca-46dd-87d9-3f938e07de83: shutdown LeaderElection
2019-09-12 02:00:02,236 [e2abdd95-f9ca-46dd-87d9-3f938e07de83:group-8E895DF6726C:LeaderElection29] INFO  impl.RoleInfo (RoleInfo.java:updateAndGet(143)) - e2abdd95-f9ca-46dd-87d9-3f938e07de83: start FollowerState
2019-09-12 02:00:03,021 [grpc-default-executor-0] INFO  client.GrpcClientProtocolClient (GrpcClientProtocolClient.java:onNext(255)) - client-6CE7C3423191->a6c0a076-5a4d-4b07-959a-c5ddb0608f42: receive RaftClientReply:client-6CE7C3423191->a6c0a076-5a4d-4b07-959a-c5ddb0608f42@group-8E895DF6726C, cid=42, FAILED org.apache.ratis.protocol.NotLeaderException: Server a6c0a076-5a4d-4b07-959a-c5ddb0608f42 is not the leader (null). Request must be sent to leader., logIndex=0, commits[a6c0a076-5a4d-4b07-959a-c5ddb0608f42:c-1]
2019-09-12 02:00:04,038 [grpc-default-executor-0] INFO  client.GrpcClientProtocolClient (GrpcClientProtocolClient.java:onNext(255)) - client-6CE7C3423191->e2abdd95-f9ca-46dd-87d9-3f938e07de83: receive RaftClientReply:client-6CE7C3423191->e2abdd95-f9ca-46dd-87d9-3f938e07de83@group-8E895DF6726C, cid=42, FAILED org.apache.ratis.protocol.NotLeaderException: Server e2abdd95-f9ca-46dd-87d9-3f938e07de83 is not the leader (null). Request must be sent to leader., logIndex=0, commits[e2abdd95-f9ca-46dd-87d9-3f938e07de83:c-1]
2019-09-12 02:00:05,053 [grpc-default-executor-1] INFO  client.GrpcClientProtocolClient (GrpcClientProtocolClient.java:onNext(255)) - client-6CE7C3423191->992420f5-0400-4216-b477-118fb1248d11: receive RaftClientReply:client-6CE7C3423191->992420f5-0400-4216-b477-118fb1248d11@group-8E895DF6726C, cid=42, FAILED org.apache.ratis.protocol.NotLeaderException: Server 992420f5-0400-4216-b477-118fb1248d11 is not the leader (null). Request must be sent to leader., logIndex=0, commits[992420f5-0400-4216-b477-118fb1248d11:c-1]
2019-09-12 02:00:06,071 [grpc-default-executor-0] INFO  client.GrpcClientProtocolClient (GrpcClientProtocolClient.java:onNext(255)) - client-6CE7C3423191->e2abdd95-f9ca-46dd-87d9-3f938e07de83: receive RaftClientReply:client-6CE7C3423191->e2abdd95-f9ca-46dd-87d9-3f938e07de83@group-8E895DF6726C, cid=42, FAILED org.apache.ratis.protocol.NotLeaderException: Server e2abdd95-f9ca-46dd-87d9-3f938e07de83 is not the leader (null). Request must be sent to leader., logIndex=0, commits[e2abdd95-f9ca-46dd-87d9-3f938e07de83:c-1]
2019-09-12 02:00:07,092 [grpc-default-executor-1] INFO  client.GrpcClientProtocolClient (GrpcClientProtocolClient.java:onNext(255)) - client-6CE7C3423191->992420f5-0400-4216-b477-118fb1248d11: receive RaftClientReply:client-6CE7C3423191->992420f5-0400-4216-b477-118fb1248d11@group-8E895DF6726C, cid=42, FAILED org.apache.ratis.protocol.NotLeaderException: Server 992420f5-0400-4216-b477-118fb1248d11 is not the leader (null). Request must be sent to leader., logIndex=0, commits[992420f5-0400-4216-b477-118fb1248d11:c-1]
2019-09-12 02:00:07,367 [Thread-844] INFO  impl.FollowerState (FollowerState.java:run(106)) - e2abdd95-f9ca-46dd-87d9-3f938e07de83:group-8E895DF6726C changes to CANDIDATE, lastRpcTime:5130, electionTimeout:5130ms
2019-09-12 02:00:07,367 [Thread-844] INFO  impl.RoleInfo (RoleInfo.java:shutdownFollowerState(121)) - e2abdd95-f9ca-46dd-87d9-3f938e07de83: shutdown FollowerState
2019-09-12 02:00:07,367 [Thread-844] INFO  impl.RaftServerImpl (RaftServerImpl.java:setRole(171)) - e2abdd95-f9ca-46dd-87d9-3f938e07de83:group-8E895DF6726C changes role from FOLLOWER to CANDIDATE at term 2 for changeToCandidate
2019-09-12 02:00:07,367 [Thread-844] INFO  impl.RoleInfo (RoleInfo.java:updateAndGet(143)) - e2abdd95-f9ca-46dd-87d9-3f938e07de83: start LeaderElection
2019-09-12 02:00:07,387 [Thread-842] INFO  impl.FollowerState (FollowerState.java:run(106)) - 992420f5-0400-4216-b477-118fb1248d11:group-8E895DF6726C changes to CANDIDATE, lastRpcTime:5152, electionTimeout:5152ms
2019-09-12 02:00:07,387 [Thread-842] INFO  impl.RoleInfo (RoleInfo.java:shutdownFollowerState(121)) - 992420f5-0400-4216-b477-118fb1248d11: shutdown FollowerState
2019-09-12 02:00:07,388 [Thread-842] INFO  impl.RaftServerImpl (RaftServerImpl.java:setRole(171)) - 992420f5-0400-4216-b477-118fb1248d11:group-8E895DF6726C changes role from FOLLOWER to CANDIDATE at term 2 for changeToCandidate
2019-09-12 02:00:07,388 [Thread-842] INFO  impl.RoleInfo (RoleInfo.java:updateAndGet(143)) - 992420f5-0400-4216-b477-118fb1248d11: start LeaderElection
2019-09-12 02:00:07,422 [992420f5-0400-4216-b477-118fb1248d11:group-8E895DF6726C:LeaderElection33] INFO  impl.LeaderElection (LeaderElection.java:askForVotes(181)) - 992420f5-0400-4216-b477-118fb1248d11:group-8E895DF6726C:LeaderElection33: begin an election at term 3 for -1: [a6c0a076-5a4d-4b07-959a-c5ddb0608f42:192.168.5.171:37247, e2abdd95-f9ca-46dd-87d9-3f938e07de83:192.168.5.171:42635, 992420f5-0400-4216-b477-118fb1248d11:192.168.5.171:45375], old=null
2019-09-12 02:00:07,422 [e2abdd95-f9ca-46dd-87d9-3f938e07de83:group-8E895DF6726C:LeaderElection32] INFO  impl.LeaderElection (LeaderElection.java:askForVotes(181)) - e2abdd95-f9ca-46dd-87d9-3f938e07de83:group-8E895DF6726C:LeaderElection32: begin an election at term 3 for -1: [a6c0a076-5a4d-4b07-959a-c5ddb0608f42:192.168.5.171:37247, e2abdd95-f9ca-46dd-87d9-3f938e07de83:192.168.5.171:42635, 992420f5-0400-4216-b477-118fb1248d11:192.168.5.171:45375], old=null
2019-09-12 02:00:07,423 [Thread-843] INFO  impl.FollowerState (FollowerState.java:run(106)) - a6c0a076-5a4d-4b07-959a-c5ddb0608f42:group-8E895DF6726C changes to CANDIDATE, lastRpcTime:5187, electionTimeout:5187ms
2019-09-12 02:00:07,423 [Thread-843] INFO  impl.RoleInfo (RoleInfo.java:shutdownFollowerState(121)) - a6c0a076-5a4d-4b07-959a-c5ddb0608f42: shutdown FollowerState
2019-09-12 02:00:07,424 [Thread-843] INFO  impl.RaftServerImpl (RaftServerImpl.java:setRole(171)) - a6c0a076-5a4d-4b07-959a-c5ddb0608f42:group-8E895DF6726C changes role from FOLLOWER to CANDIDATE at term 2 for changeToCandidate
2019-09-12 02:00:07,424 [Thread-843] INFO  impl.RoleInfo (RoleInfo.java:updateAndGet(143)) - a6c0a076-5a4d-4b07-959a-c5ddb0608f42: start LeaderElection
2019-09-12 02:00:07,445 [a6c0a076-5a4d-4b07-959a-c5ddb0608f42:group-8E895DF6726C:LeaderElection34] INFO  impl.LeaderElection (LeaderElection.java:askForVotes(181)) - a6c0a076-5a4d-4b07-959a-c5ddb0608f42:group-8E895DF6726C:LeaderElection34: begin an election at term 3 for -1: [a6c0a076-5a4d-4b07-959a-c5ddb0608f42:192.168.5.171:37247, e2abdd95-f9ca-46dd-87d9-3f938e07de83:192.168.5.171:42635, 992420f5-0400-4216-b477-118fb1248d11:192.168.5.171:45375], old=null
2019-09-12 02:00:07,446 [992420f5-0400-4216-b477-118fb1248d11:group-8E895DF6726C:LeaderElection33] INFO  impl.LeaderElection (LeaderElection.java:logAndReturn(56)) - 992420f5-0400-4216-b477-118fb1248d11:group-8E895DF6726C:LeaderElection33: Election REJECTED; received 2 response(s) [992420f5-0400-4216-b477-118fb1248d11<-a6c0a076-5a4d-4b07-959a-c5ddb0608f42#0:FAIL-t3, 992420f5-0400-4216-b477-118fb1248d11<-e2abdd95-f9ca-46dd-87d9-3f938e07de83#0:FAIL-t3] and 0 exception(s); 992420f5-0400-4216-b477-118fb1248d11:t3, leader=null, voted=992420f5-0400-4216-b477-118fb1248d11, raftlog=992420f5-0400-4216-b477-118fb1248d11-SegmentedRaftLog:OPENED:c-1,f-1,i0, conf=-1: [a6c0a076-5a4d-4b07-959a-c5ddb0608f42:192.168.5.171:37247, e2abdd95-f9ca-46dd-87d9-3f938e07de83:192.168.5.171:42635, 992420f5-0400-4216-b477-118fb1248d11:192.168.5.171:45375], old=null
2019-09-12 02:00:07,447 [992420f5-0400-4216-b477-118fb1248d11:group-8E895DF6726C:LeaderElection33] INFO  impl.RaftServerImpl (RaftServerImpl.java:setRole(171)) - 992420f5-0400-4216-b477-118fb1248d11:group-8E895DF6726C changes role from CANDIDATE to FOLLOWER at term 3 for DISCOVERED_A_NEW_TERM
2019-09-12 02:00:07,447 [992420f5-0400-4216-b477-118fb1248d11:group-8E895DF6726C:LeaderElection33] INFO  impl.RoleInfo (RoleInfo.java:shutdownLeaderElection(134)) - 992420f5-0400-4216-b477-118fb1248d11: shutdown LeaderElection
2019-09-12 02:00:07,447 [e2abdd95-f9ca-46dd-87d9-3f938e07de83:group-8E895DF6726C:LeaderElection32] INFO  impl.LeaderElection (LeaderElection.java:logAndReturn(56)) - e2abdd95-f9ca-46dd-87d9-3f938e07de83:group-8E895DF6726C:LeaderElection32: Election REJECTED; received 2 response(s) [e2abdd95-f9ca-46dd-87d9-3f938e07de83<-a6c0a076-5a4d-4b07-959a-c5ddb0608f42#0:FAIL-t3, e2abdd95-f9ca-46dd-87d9-3f938e07de83<-992420f5-0400-4216-b477-118fb1248d11#0:FAIL-t3] and 0 exception(s); e2abdd95-f9ca-46dd-87d9-3f938e07de83:t3, leader=null, voted=e2abdd95-f9ca-46dd-87d9-3f938e07de83, raftlog=e2abdd95-f9ca-46dd-87d9-3f938e07de83-SegmentedRaftLog:OPENED:c-1,f-1,i0, conf=-1: [a6c0a076-5a4d-4b07-959a-c5ddb0608f42:192.168.5.171:37247, e2abdd95-f9ca-46dd-87d9-3f938e07de83:192.168.5.171:42635, 992420f5-0400-4216-b477-118fb1248d11:192.168.5.171:45375], old=null
2019-09-12 02:00:07,447 [992420f5-0400-4216-b477-118fb1248d11:group-8E895DF6726C:LeaderElection33] INFO  impl.RoleInfo (RoleInfo.java:updateAndGet(143)) - 992420f5-0400-4216-b477-118fb1248d11: start FollowerState
2019-09-12 02:00:07,447 [e2abdd95-f9ca-46dd-87d9-3f938e07de83:group-8E895DF6726C:LeaderElection32] INFO  impl.RaftServerImpl (RaftServerImpl.java:setRole(171)) - e2abdd95-f9ca-46dd-87d9-3f938e07de83:group-8E895DF6726C changes role from CANDIDATE to FOLLOWER at term 3 for DISCOVERED_A_NEW_TERM
2019-09-12 02:00:07,447 [e2abdd95-f9ca-46dd-87d9-3f938e07de83:group-8E895DF6726C:LeaderElection32] INFO  impl.RoleInfo (RoleInfo.java:shutdownLeaderElection(134)) - e2abdd95-f9ca-46dd-87d9-3f938e07de83: shutdown LeaderElection
2019-09-12 02:00:07,447 [e2abdd95-f9ca-46dd-87d9-3f938e07de83:group-8E895DF6726C:LeaderElection32] INFO  impl.RoleInfo (RoleInfo.java:updateAndGet(143)) - e2abdd95-f9ca-46dd-87d9-3f938e07de83: start FollowerState
2019-09-12 02:00:07,449 [a6c0a076-5a4d-4b07-959a-c5ddb0608f42:group-8E895DF6726C:LeaderElection34] INFO  impl.LeaderElection (LeaderElection.java:logAndReturn(56)) - a6c0a076-5a4d-4b07-959a-c5ddb0608f42:group-8E895DF6726C:LeaderElection34: Election REJECTED; received 2 response(s) [a6c0a076-5a4d-4b07-959a-c5ddb0608f42<-e2abdd95-f9ca-46dd-87d9-3f938e07de83#0:FAIL-t3, a6c0a076-5a4d-4b07-959a-c5ddb0608f42<-992420f5-0400-4216-b477-118fb1248d11#0:FAIL-t3] and 0 exception(s); a6c0a076-5a4d-4b07-959a-c5ddb0608f42:t3, leader=null, voted=a6c0a076-5a4d-4b07-959a-c5ddb0608f42, raftlog=a6c0a076-5a4d-4b07-959a-c5ddb0608f42-SegmentedRaftLog:OPENED:c-1,f-1,i0, conf=-1: [a6c0a076-5a4d-4b07-959a-c5ddb0608f42:192.168.5.171:37247, e2abdd95-f9ca-46dd-87d9-3f938e07de83:192.168.5.171:42635, 992420f5-0400-4216-b477-118fb1248d11:192.168.5.171:45375], old=null
2019-09-12 02:00:07,449 [a6c0a076-5a4d-4b07-959a-c5ddb0608f42:group-8E895DF6726C:LeaderElection34] INFO  impl.RaftServerImpl (RaftServerImpl.java:setRole(171)) - a6c0a076-5a4d-4b07-959a-c5ddb0608f42:group-8E895DF6726C changes role from CANDIDATE to FOLLOWER at term 3 for DISCOVERED_A_NEW_TERM
2019-09-12 02:00:07,450 [a6c0a076-5a4d-4b07-959a-c5ddb0608f42:group-8E895DF6726C:LeaderElection34] INFO  impl.RoleInfo (RoleInfo.java:shutdownLeaderElection(134)) - a6c0a076-5a4d-4b07-959a-c5ddb0608f42: shutdown LeaderElection
2019-09-12 02:00:07,450 [a6c0a076-5a4d-4b07-959a-c5ddb0608f42:group-8E895DF6726C:LeaderElection34] INFO  impl.RoleInfo (RoleInfo.java:updateAndGet(143)) - a6c0a076-5a4d-4b07-959a-c5ddb0608f42: start FollowerState
2019-09-12 02:00:08,111 [grpc-default-executor-5] INFO  client.GrpcClientProtocolClient (GrpcClientProtocolClient.java:onNext(255)) - client-6CE7C3423191->a6c0a076-5a4d-4b07-959a-c5ddb0608f42: receive RaftClientReply:client-6CE7C3423191->a6c0a076-5a4d-4b07-959a-c5ddb0608f42@group-8E895DF6726C, cid=42, FAILED org.apache.ratis.protocol.NotLeaderException: Server a6c0a076-5a4d-4b07-959a-c5ddb0608f42 is not the leader (null). Request must be sent to leader., logIndex=0, commits[a6c0a076-5a4d-4b07-959a-c5ddb0608f42:c-1]
2019-09-12 02:00:09,129 [grpc-default-executor-5] INFO  client.GrpcClientProtocolClient (GrpcClientProtocolClient.java:onNext(255)) - client-6CE7C3423191->992420f5-0400-4216-b477-118fb1248d11: receive RaftClientReply:client-6CE7C3423191->992420f5-0400-4216-b477-118fb1248d11@group-8E895DF6726C, cid=42, FAILED org.apache.ratis.protocol.NotLeaderException: Server 992420f5-0400-4216-b477-118fb1248d11 is not the leader (null). Request must be sent to leader., logIndex=0, commits[992420f5-0400-4216-b477-118fb1248d11:c-1]
2019-09-12 02:00:10,144 [grpc-default-executor-0] INFO  client.GrpcClientProtocolClient (GrpcClientProtocolClient.java:onNext(255)) - client-6CE7C3423191->e2abdd95-f9ca-46dd-87d9-3f938e07de83: receive RaftClientReply:client-6CE7C3423191->e2abdd95-f9ca-46dd-87d9-3f938e07de83@group-8E895DF6726C, cid=42, FAILED org.apache.ratis.protocol.NotLeaderException: Server e2abdd95-f9ca-46dd-87d9-3f938e07de83 is not the leader (null). Request must be sent to leader., logIndex=0, commits[e2abdd95-f9ca-46dd-87d9-3f938e07de83:c-1]
2019-09-12 02:00:11,161 [grpc-default-executor-0] INFO  client.GrpcClientProtocolClient (GrpcClientProtocolClient.java:onNext(255)) - client-6CE7C3423191->992420f5-0400-4216-b477-118fb1248d11: receive RaftClientReply:client-6CE7C3423191->992420f5-0400-4216-b477-118fb1248d11@group-8E895DF6726C, cid=42, FAILED org.apache.ratis.protocol.NotLeaderException: Server 992420f5-0400-4216-b477-118fb1248d11 is not the leader (null). Request must be sent to leader., logIndex=0, commits[992420f5-0400-4216-b477-118fb1248d11:c-1]
2019-09-12 02:00:12,179 [grpc-default-executor-0] INFO  client.GrpcClientProtocolClient (GrpcClientProtocolClient.java:onNext(255)) - client-6CE7C3423191->a6c0a076-5a4d-4b07-959a-c5ddb0608f42: receive RaftClientReply:client-6CE7C3423191->a6c0a076-5a4d-4b07-959a-c5ddb0608f42@group-8E895DF6726C, cid=42, FAILED org.apache.ratis.protocol.NotLeaderException: Server a6c0a076-5a4d-4b07-959a-c5ddb0608f42 is not the leader (null). Request must be sent to leader., logIndex=0, commits[a6c0a076-5a4d-4b07-959a-c5ddb0608f42:c-1]
2019-09-12 02:00:12,485 [Thread-874] INFO  impl.FollowerState (FollowerState.java:run(106)) - e2abdd95-f9ca-46dd-87d9-3f938e07de83:group-8E895DF6726C changes to CANDIDATE, lastRpcTime:5037, electionTimeout:5037ms
2019-09-12 02:00:12,486 [Thread-874] INFO  impl.RoleInfo (RoleInfo.java:shutdownFollowerState(121)) - e2abdd95-f9ca-46dd-87d9-3f938e07de83: shutdown FollowerState
2019-09-12 02:00:12,486 [Thread-874] INFO  impl.RaftServerImpl (RaftServerImpl.java:setRole(171)) - e2abdd95-f9ca-46dd-87d9-3f938e07de83:group-8E895DF6726C changes role from FOLLOWER to CANDIDATE at term 3 for changeToCandidate
2019-09-12 02:00:12,486 [Thread-874] INFO  impl.RoleInfo (RoleInfo.java:updateAndGet(143)) - e2abdd95-f9ca-46dd-87d9-3f938e07de83: start LeaderElection
2019-09-12 02:00:12,514 [e2abdd95-f9ca-46dd-87d9-3f938e07de83:group-8E895DF6726C:LeaderElection35] INFO  impl.LeaderElection (LeaderElection.java:askForVotes(181)) - e2abdd95-f9ca-46dd-87d9-3f938e07de83:group-8E895DF6726C:LeaderElection35: begin an election at term 4 for -1: [a6c0a076-5a4d-4b07-959a-c5ddb0608f42:192.168.5.171:37247, e2abdd95-f9ca-46dd-87d9-3f938e07de83:192.168.5.171:42635, 992420f5-0400-4216-b477-118fb1248d11:192.168.5.171:45375], old=null
2019-09-12 02:00:12,519 [grpc-default-executor-4] INFO  impl.RaftServerImpl (RaftServerImpl.java:setRole(171)) - a6c0a076-5a4d-4b07-959a-c5ddb0608f42:group-8E895DF6726C changes role from FOLLOWER to FOLLOWER at term 4 for recognizeCandidate:e2abdd95-f9ca-46dd-87d9-3f938e07de83
2019-09-12 02:00:12,519 [grpc-default-executor-4] INFO  impl.RoleInfo (RoleInfo.java:shutdownFollowerState(121)) - a6c0a076-5a4d-4b07-959a-c5ddb0608f42: shutdown FollowerState
2019-09-12 02:00:12,519 [grpc-default-executor-0] INFO  impl.RaftServerImpl (RaftServerImpl.java:setRole(171)) - 992420f5-0400-4216-b477-118fb1248d11:group-8E895DF6726C changes role from FOLLOWER to FOLLOWER at term 4 for recognizeCandidate:e2abdd95-f9ca-46dd-87d9-3f938e07de83
2019-09-12 02:00:12,519 [Thread-875] INFO  impl.FollowerState (FollowerState.java:run(114)) - a6c0a076-5a4d-4b07-959a-c5ddb0608f42: FollowerState was interrupted: java.lang.InterruptedException: sleep interrupted
2019-09-12 02:00:12,519 [grpc-default-executor-4] INFO  impl.RoleInfo (RoleInfo.java:updateAndGet(143)) - a6c0a076-5a4d-4b07-959a-c5ddb0608f42: start FollowerState
2019-09-12 02:00:12,520 [grpc-default-executor-0] INFO  impl.RoleInfo (RoleInfo.java:shutdownFollowerState(121)) - 992420f5-0400-4216-b477-118fb1248d11: shutdown FollowerState
2019-09-12 02:00:12,520 [grpc-default-executor-0] INFO  impl.RoleInfo (RoleInfo.java:updateAndGet(143)) - 992420f5-0400-4216-b477-118fb1248d11: start FollowerState
2019-09-12 02:00:12,520 [Thread-873] INFO  impl.FollowerState (FollowerState.java:run(114)) - 992420f5-0400-4216-b477-118fb1248d11: FollowerState was interrupted: java.lang.InterruptedException: sleep interrupted
2019-09-12 02:00:12,541 [e2abdd95-f9ca-46dd-87d9-3f938e07de83:group-8E895DF6726C:LeaderElection35] INFO  impl.LeaderElection (LeaderElection.java:logAndReturn(56)) - e2abdd95-f9ca-46dd-87d9-3f938e07de83:group-8E895DF6726C:LeaderElection35: Election PASSED; received 1 response(s) [e2abdd95-f9ca-46dd-87d9-3f938e07de83<-992420f5-0400-4216-b477-118fb1248d11#0:OK-t4] and 0 exception(s); e2abdd95-f9ca-46dd-87d9-3f938e07de83:t4, leader=null, voted=e2abdd95-f9ca-46dd-87d9-3f938e07de83, raftlog=e2abdd95-f9ca-46dd-87d9-3f938e07de83-SegmentedRaftLog:OPENED:c-1,f-1,i0, conf=-1: [a6c0a076-5a4d-4b07-959a-c5ddb0608f42:192.168.5.171:37247, e2abdd95-f9ca-46dd-87d9-3f938e07de83:192.168.5.171:42635, 992420f5-0400-4216-b477-118fb1248d11:192.168.5.171:45375], old=null
2019-09-12 02:00:12,542 [e2abdd95-f9ca-46dd-87d9-3f938e07de83:group-8E895DF6726C:LeaderElection35] INFO  impl.RoleInfo (RoleInfo.java:shutdownLeaderElection(134)) - e2abdd95-f9ca-46dd-87d9-3f938e07de83: shutdown LeaderElection
2019-09-12 02:00:12,542 [e2abdd95-f9ca-46dd-87d9-3f938e07de83:group-8E895DF6726C:LeaderElection35] INFO  impl.RaftServerImpl (RaftServerImpl.java:setRole(171)) - e2abdd95-f9ca-46dd-87d9-3f938e07de83:group-8E895DF6726C changes role from CANDIDATE to LEADER at term 4 for changeToLeader
2019-09-12 02:00:12,542 [e2abdd95-f9ca-46dd-87d9-3f938e07de83:group-8E895DF6726C:LeaderElection35] INFO  impl.RaftServerImpl (ServerState.java:setLeader(263)) - e2abdd95-f9ca-46dd-87d9-3f938e07de83:group-8E895DF6726C change Leader from null to e2abdd95-f9ca-46dd-87d9-3f938e07de83 at term 4 for becomeLeader, leader elected after 20723ms
2019-09-12 02:00:12,542 [e2abdd95-f9ca-46dd-87d9-3f938e07de83:group-8E895DF6726C:LeaderElection35] INFO  server.RaftServerConfigKeys (ConfUtils.java:logGet(43)) - raft.server.staging.catchup.gap = 1000 (default)
2019-09-12 02:00:12,543 [e2abdd95-f9ca-46dd-87d9-3f938e07de83:group-8E895DF6726C:LeaderElection35] INFO  server.RaftServerConfigKeys (ConfUtils.java:logGet(43)) - raft.server.rpc.sleep.time = 25ms (default)
2019-09-12 02:00:12,543 [e2abdd95-f9ca-46dd-87d9-3f938e07de83:group-8E895DF6726C:LeaderElection35] INFO  server.RaftServerConfigKeys (ConfUtils.java:logGet(43)) - raft.server.write.element-limit = 4096 (default)
2019-09-12 02:00:12,543 [e2abdd95-f9ca-46dd-87d9-3f938e07de83:group-8E895DF6726C:LeaderElection35] INFO  server.RaftServerConfigKeys (ConfUtils.java:logGet(43)) - raft.server.watch.timeout = 10s (default)
2019-09-12 02:00:12,543 [e2abdd95-f9ca-46dd-87d9-3f938e07de83:group-8E895DF6726C:LeaderElection35] INFO  server.RaftServerConfigKeys (ConfUtils.java:logGet(43)) - raft.server.watch.timeout.denomination = 1s (default)
2019-09-12 02:00:12,543 [e2abdd95-f9ca-46dd-87d9-3f938e07de83:group-8E895DF6726C:LeaderElection35] INFO  server.RaftServerConfigKeys (ConfUtils.java:logGet(43)) - raft.server.watch.element-limit = 65536 (default)
2019-09-12 02:00:12,544 [e2abdd95-f9ca-46dd-87d9-3f938e07de83:group-8E895DF6726C:LeaderElection35] INFO  server.RaftServerConfigKeys (ConfUtils.java:logGet(43)) - raft.server.log.appender.snapshot.chunk.size.max = 16MB (=16777216) (default)
2019-09-12 02:00:12,544 [e2abdd95-f9ca-46dd-87d9-3f938e07de83:group-8E895DF6726C:LeaderElection35] INFO  server.RaftServerConfigKeys (ConfUtils.java:logGet(43)) - raft.server.log.appender.buffer.byte-limit = 33554432 (custom)
2019-09-12 02:00:12,545 [e2abdd95-f9ca-46dd-87d9-3f938e07de83:group-8E895DF6726C:LeaderElection35] INFO  server.RaftServerConfigKeys (ConfUtils.java:logGet(43)) - raft.server.log.appender.buffer.element-limit = 1 (custom)
2019-09-12 02:00:12,545 [e2abdd95-f9ca-46dd-87d9-3f938e07de83:group-8E895DF6726C:LeaderElection35] INFO  grpc.GrpcConfigKeys$Server (ConfUtils.java:logGet(43)) - raft.grpc.server.leader.outstanding.appends.max = 128 (default)
2019-09-12 02:00:12,545 [e2abdd95-f9ca-46dd-87d9-3f938e07de83:group-8E895DF6726C:LeaderElection35] INFO  server.RaftServerConfigKeys (ConfUtils.java:logGet(43)) - raft.server.rpc.request.timeout = 3000ms (default)
2019-09-12 02:00:12,545 [e2abdd95-f9ca-46dd-87d9-3f938e07de83:group-8E895DF6726C:LeaderElection35] INFO  server.RaftServerConfigKeys (ConfUtils.java:logGet(43)) - raft.server.log.appender.install.snapshot.enabled = false (custom)
2019-09-12 02:00:12,546 [e2abdd95-f9ca-46dd-87d9-3f938e07de83:group-8E895DF6726C:LeaderElection35] INFO  server.RaftServerConfigKeys (ConfUtils.java:logGet(43)) - raft.server.log.appender.snapshot.chunk.size.max = 16MB (=16777216) (default)
2019-09-12 02:00:12,546 [e2abdd95-f9ca-46dd-87d9-3f938e07de83:group-8E895DF6726C:LeaderElection35] INFO  server.RaftServerConfigKeys (ConfUtils.java:logGet(43)) - raft.server.log.appender.buffer.byte-limit = 33554432 (custom)
2019-09-12 02:00:12,546 [e2abdd95-f9ca-46dd-87d9-3f938e07de83:group-8E895DF6726C:LeaderElection35] INFO  server.RaftServerConfigKeys (ConfUtils.java:logGet(43)) - raft.server.log.appender.buffer.element-limit = 1 (custom)
2019-09-12 02:00:12,546 [e2abdd95-f9ca-46dd-87d9-3f938e07de83:group-8E895DF6726C:LeaderElection35] INFO  grpc.GrpcConfigKeys$Server (ConfUtils.java:logGet(43)) - raft.grpc.server.leader.outstanding.appends.max = 128 (default)
2019-09-12 02:00:12,546 [e2abdd95-f9ca-46dd-87d9-3f938e07de83:group-8E895DF6726C:LeaderElection35] INFO  server.RaftServerConfigKeys (ConfUtils.java:logGet(43)) - raft.server.rpc.request.timeout = 3000ms (default)
2019-09-12 02:00:12,547 [e2abdd95-f9ca-46dd-87d9-3f938e07de83:group-8E895DF6726C:LeaderElection35] INFO  server.RaftServerConfigKeys (ConfUtils.java:logGet(43)) - raft.server.log.appender.install.snapshot.enabled = false (custom)
2019-09-12 02:00:12,547 [e2abdd95-f9ca-46dd-87d9-3f938e07de83:group-8E895DF6726C:LeaderElection35] INFO  impl.RoleInfo (RoleInfo.java:updateAndGet(143)) - e2abdd95-f9ca-46dd-87d9-3f938e07de83: start LeaderState
2019-09-12 02:00:12,547 [e2abdd95-f9ca-46dd-87d9-3f938e07de83:group-8E895DF6726C:LeaderElection35] INFO  segmented.SegmentedRaftLogWorker (SegmentedRaftLogWorker.java:startLogSegment(380)) - e2abdd95-f9ca-46dd-87d9-3f938e07de83-SegmentedRaftLogWorker:Storage Directory /workdir/hadoop-ozone/integration-test/target/test-dir/MiniOzoneClusterImpl-e005c837-da8a-4f19-87c0-c8547cff9190/datanode-5/data/ratis/247fa460-50e3-4cc5-a3fb-8e895df6726c: Starting segment from index:0
2019-09-12 02:00:12,549 [e2abdd95-f9ca-46dd-87d9-3f938e07de83:group-8E895DF6726C:LeaderElection35] INFO  impl.RaftServerImpl (ServerState.java:setRaftConf(361)) - e2abdd95-f9ca-46dd-87d9-3f938e07de83:group-8E895DF6726C set configuration 0: [a6c0a076-5a4d-4b07-959a-c5ddb0608f42:192.168.5.171:37247, e2abdd95-f9ca-46dd-87d9-3f938e07de83:192.168.5.171:42635, 992420f5-0400-4216-b477-118fb1248d11:192.168.5.171:45375], old=null at 0
2019-09-12 02:00:12,550 [grpc-default-executor-4] INFO  impl.RaftServerImpl (ServerState.java:setLeader(263)) - a6c0a076-5a4d-4b07-959a-c5ddb0608f42:group-8E895DF6726C change Leader from null to e2abdd95-f9ca-46dd-87d9-3f938e07de83 at term 4 for appendEntries, leader elected after 20731ms
2019-09-12 02:00:12,551 [grpc-default-executor-0] INFO  impl.RaftServerImpl (ServerState.java:setLeader(263)) - 992420f5-0400-4216-b477-118fb1248d11:group-8E895DF6726C change Leader from null to e2abdd95-f9ca-46dd-87d9-3f938e07de83 at term 4 for appendEntries, leader elected after 20732ms
2019-09-12 02:00:12,554 [grpc-default-executor-0] INFO  impl.RaftServerImpl (ServerState.java:setRaftConf(361)) - a6c0a076-5a4d-4b07-959a-c5ddb0608f42:group-8E895DF6726C set configuration 0: [a6c0a076-5a4d-4b07-959a-c5ddb0608f42:192.168.5.171:37247, e2abdd95-f9ca-46dd-87d9-3f938e07de83:192.168.5.171:42635, 992420f5-0400-4216-b477-118fb1248d11:192.168.5.171:45375], old=null at 0
2019-09-12 02:00:12,554 [grpc-default-executor-4] INFO  impl.RaftServerImpl (ServerState.java:setRaftConf(361)) - 992420f5-0400-4216-b477-118fb1248d11:group-8E895DF6726C set configuration 0: [a6c0a076-5a4d-4b07-959a-c5ddb0608f42:192.168.5.171:37247, e2abdd95-f9ca-46dd-87d9-3f938e07de83:192.168.5.171:42635, 992420f5-0400-4216-b477-118fb1248d11:192.168.5.171:45375], old=null at 0
2019-09-12 02:00:12,554 [grpc-default-executor-0] INFO  segmented.SegmentedRaftLogWorker (SegmentedRaftLogWorker.java:startLogSegment(380)) - a6c0a076-5a4d-4b07-959a-c5ddb0608f42-SegmentedRaftLogWorker:Storage Directory /workdir/hadoop-ozone/integration-test/target/test-dir/MiniOzoneClusterImpl-e005c837-da8a-4f19-87c0-c8547cff9190/datanode-4/data/ratis/247fa460-50e3-4cc5-a3fb-8e895df6726c: Starting segment from index:0
2019-09-12 02:00:12,555 [grpc-default-executor-4] INFO  segmented.SegmentedRaftLogWorker (SegmentedRaftLogWorker.java:startLogSegment(380)) - 992420f5-0400-4216-b477-118fb1248d11-SegmentedRaftLogWorker:Storage Directory /workdir/hadoop-ozone/integration-test/target/test-dir/MiniOzoneClusterImpl-e005c837-da8a-4f19-87c0-c8547cff9190/datanode-3/data/ratis/247fa460-50e3-4cc5-a3fb-8e895df6726c: Starting segment from index:0
2019-09-12 02:00:12,602 [e2abdd95-f9ca-46dd-87d9-3f938e07de83-SegmentedRaftLogWorker:Storage Directory /workdir/hadoop-ozone/integration-test/target/test-dir/MiniOzoneClusterImpl-e005c837-da8a-4f19-87c0-c8547cff9190/datanode-5/data/ratis/247fa460-50e3-4cc5-a3fb-8e895df6726c] INFO  segmented.SegmentedRaftLogWorker (SegmentedRaftLogWorker.java:execute(569)) - e2abdd95-f9ca-46dd-87d9-3f938e07de83-SegmentedRaftLogWorker:Storage Directory /workdir/hadoop-ozone/integration-test/target/test-dir/MiniOzoneClusterImpl-e005c837-da8a-4f19-87c0-c8547cff9190/datanode-5/data/ratis/247fa460-50e3-4cc5-a3fb-8e895df6726c: created new log segment /workdir/hadoop-ozone/integration-test/target/test-dir/MiniOzoneClusterImpl-e005c837-da8a-4f19-87c0-c8547cff9190/datanode-5/data/ratis/247fa460-50e3-4cc5-a3fb-8e895df6726c/current/log_inprogress_0
2019-09-12 02:00:12,623 [a6c0a076-5a4d-4b07-959a-c5ddb0608f42-SegmentedRaftLogWorker:Storage Directory /workdir/hadoop-ozone/integration-test/target/test-dir/MiniOzoneClusterImpl-e005c837-da8a-4f19-87c0-c8547cff9190/datanode-4/data/ratis/247fa460-50e3-4cc5-a3fb-8e895df6726c] INFO  segmented.SegmentedRaftLogWorker (SegmentedRaftLogWorker.java:execute(569)) - a6c0a076-5a4d-4b07-959a-c5ddb0608f42-SegmentedRaftLogWorker:Storage Directory /workdir/hadoop-ozone/integration-test/target/test-dir/MiniOzoneClusterImpl-e005c837-da8a-4f19-87c0-c8547cff9190/datanode-4/data/ratis/247fa460-50e3-4cc5-a3fb-8e895df6726c: created new log segment /workdir/hadoop-ozone/integration-test/target/test-dir/MiniOzoneClusterImpl-e005c837-da8a-4f19-87c0-c8547cff9190/datanode-4/data/ratis/247fa460-50e3-4cc5-a3fb-8e895df6726c/current/log_inprogress_0
2019-09-12 02:00:12,623 [992420f5-0400-4216-b477-118fb1248d11-SegmentedRaftLogWorker:Storage Directory /workdir/hadoop-ozone/integration-test/target/test-dir/MiniOzoneClusterImpl-e005c837-da8a-4f19-87c0-c8547cff9190/datanode-3/data/ratis/247fa460-50e3-4cc5-a3fb-8e895df6726c] INFO  segmented.SegmentedRaftLogWorker (SegmentedRaftLogWorker.java:execute(569)) - 992420f5-0400-4216-b477-118fb1248d11-SegmentedRaftLogWorker:Storage Directory /workdir/hadoop-ozone/integration-test/target/test-dir/MiniOzoneClusterImpl-e005c837-da8a-4f19-87c0-c8547cff9190/datanode-3/data/ratis/247fa460-50e3-4cc5-a3fb-8e895df6726c: created new log segment /workdir/hadoop-ozone/integration-test/target/test-dir/MiniOzoneClusterImpl-e005c837-da8a-4f19-87c0-c8547cff9190/datanode-3/data/ratis/247fa460-50e3-4cc5-a3fb-8e895df6726c/current/log_inprogress_0
2019-09-12 02:00:13,204 [grpc-default-executor-4] INFO  client.GrpcClientProtocolClient (GrpcClientProtocolClient.java:onNext(255)) - client-6CE7C3423191->992420f5-0400-4216-b477-118fb1248d11: receive RaftClientReply:client-6CE7C3423191->992420f5-0400-4216-b477-118fb1248d11@group-8E895DF6726C, cid=42, FAILED org.apache.ratis.protocol.NotLeaderException: Server 992420f5-0400-4216-b477-118fb1248d11 is not the leader (e2abdd95-f9ca-46dd-87d9-3f938e07de83:192.168.5.171:42635). Request must be sent to leader., logIndex=0, commits[992420f5-0400-4216-b477-118fb1248d11:c-1, a6c0a076-5a4d-4b07-959a-c5ddb0608f42:c-1, e2abdd95-f9ca-46dd-87d9-3f938e07de83:c-1]
2019-09-12 02:00:13,395 [grpc-default-executor-0] INFO  client.GrpcClientProtocolClient (GrpcClientProtocolClient.java:onNext(255)) - client-6CE7C3423191->e2abdd95-f9ca-46dd-87d9-3f938e07de83: receive RaftClientReply:client-6CE7C3423191->e2abdd95-f9ca-46dd-87d9-3f938e07de83@group-8E895DF6726C, cid=42, SUCCESS, logIndex=1, commits[e2abdd95-f9ca-46dd-87d9-3f938e07de83:c2, a6c0a076-5a4d-4b07-959a-c5ddb0608f42:c1, 992420f5-0400-4216-b477-118fb1248d11:c1]
2019-09-12 02:00:13,562 [grpc-default-executor-4] INFO  client.GrpcClientProtocolClient (GrpcClientProtocolClient.java:onNext(255)) - client-86C8535D188E->e2abdd95-f9ca-46dd-87d9-3f938e07de83: receive RaftClientReply:client-86C8535D188E->e2abdd95-f9ca-46dd-87d9-3f938e07de83@group-8E895DF6726C, cid=43, SUCCESS, logIndex=3, commits[e2abdd95-f9ca-46dd-87d9-3f938e07de83:c4, a6c0a076-5a4d-4b07-959a-c5ddb0608f42:c3, 992420f5-0400-4216-b477-118fb1248d11:c3]
2019-09-12 02:00:13,720 [grpc-default-executor-4] INFO  client.GrpcClientProtocolClient (GrpcClientProtocolClient.java:onNext(255)) - client-86C8535D188E->e2abdd95-f9ca-46dd-87d9-3f938e07de83: receive RaftClientReply:client-86C8535D188E->e2abdd95-f9ca-46dd-87d9-3f938e07de83@group-8E895DF6726C, cid=44, SUCCESS, logIndex=5, commits[e2abdd95-f9ca-46dd-87d9-3f938e07de83:c6, a6c0a076-5a4d-4b07-959a-c5ddb0608f42:c5, 992420f5-0400-4216-b477-118fb1248d11:c5]
2019-09-12 02:00:18,771 [grpc-default-executor-4] INFO  client.GrpcClientProtocolClient (GrpcClientProtocolClient.java:onNext(255)) - client-86C8535D188E->a6c0a076-5a4d-4b07-959a-c5ddb0608f42: receive RaftClientReply:client-86C8535D188E->a6c0a076-5a4d-4b07-959a-c5ddb0608f42@group-8E895DF6726C, cid=45, FAILED org.apache.ratis.protocol.NotLeaderException: Server a6c0a076-5a4d-4b07-959a-c5ddb0608f42 is not the leader (e2abdd95-f9ca-46dd-87d9-3f938e07de83:192.168.5.171:42635). Request must be sent to leader., logIndex=0, commits[a6c0a076-5a4d-4b07-959a-c5ddb0608f42:c8, e2abdd95-f9ca-46dd-87d9-3f938e07de83:c8, 992420f5-0400-4216-b477-118fb1248d11:c8]
2019-09-12 02:00:23,814 [grpc-default-executor-0] INFO  client.GrpcClientProtocolClient (GrpcClientProtocolClient.java:onNext(255)) - client-86C8535D188E->992420f5-0400-4216-b477-118fb1248d11: receive RaftClientReply:client-86C8535D188E->992420f5-0400-4216-b477-118fb1248d11@group-8E895DF6726C, cid=45, FAILED org.apache.ratis.protocol.NotLeaderException: Server 992420f5-0400-4216-b477-118fb1248d11 is not the leader (e2abdd95-f9ca-46dd-87d9-3f938e07de83:192.168.5.171:42635). Request must be sent to leader., logIndex=0, commits[992420f5-0400-4216-b477-118fb1248d11:c8, a6c0a076-5a4d-4b07-959a-c5ddb0608f42:c8, e2abdd95-f9ca-46dd-87d9-3f938e07de83:c8]
2019-09-12 02:00:28,861 [grpc-default-executor-0] INFO  client.GrpcClientProtocolClient (GrpcClientProtocolClient.java:onNext(255)) - client-86C8535D188E->992420f5-0400-4216-b477-118fb1248d11: receive RaftClientReply:client-86C8535D188E->992420f5-0400-4216-b477-118fb1248d11@group-8E895DF6726C, cid=45, FAILED org.apache.ratis.protocol.NotLeaderException: Server 992420f5-0400-4216-b477-118fb1248d11 is not the leader (e2abdd95-f9ca-46dd-87d9-3f938e07de83:192.168.5.171:42635). Request must be sent to leader., logIndex=0, commits[992420f5-0400-4216-b477-118fb1248d11:c8, a6c0a076-5a4d-4b07-959a-c5ddb0608f42:c8, e2abdd95-f9ca-46dd-87d9-3f938e07de83:c8]
2019-09-12 02:00:33,904 [grpc-default-executor-4] INFO  client.GrpcClientProtocolClient (GrpcClientProtocolClient.java:onNext(255)) - client-86C8535D188E->a6c0a076-5a4d-4b07-959a-c5ddb0608f42: receive RaftClientReply:client-86C8535D188E->a6c0a076-5a4d-4b07-959a-c5ddb0608f42@group-8E895DF6726C, cid=45, FAILED org.apache.ratis.protocol.NotLeaderException: Server a6c0a076-5a4d-4b07-959a-c5ddb0608f42 is not the leader (e2abdd95-f9ca-46dd-87d9-3f938e07de83:192.168.5.171:42635). Request must be sent to leader., logIndex=0, commits[a6c0a076-5a4d-4b07-959a-c5ddb0608f42:c8, e2abdd95-f9ca-46dd-87d9-3f938e07de83:c8, 992420f5-0400-4216-b477-118fb1248d11:c8]
2019-09-12 02:00:38,945 [grpc-default-executor-4] INFO  client.GrpcClientProtocolClient (GrpcClientProtocolClient.java:onNext(255)) - client-86C8535D188E->992420f5-0400-4216-b477-118fb1248d11: receive RaftClientReply:client-86C8535D188E->992420f5-0400-4216-b477-118fb1248d11@group-8E895DF6726C, cid=45, FAILED org.apache.ratis.protocol.NotLeaderException: Server 992420f5-0400-4216-b477-118fb1248d11 is not the leader (e2abdd95-f9ca-46dd-87d9-3f938e07de83:192.168.5.171:42635). Request must be sent to leader., logIndex=0, commits[992420f5-0400-4216-b477-118fb1248d11:c8, a6c0a076-5a4d-4b07-959a-c5ddb0608f42:c8, e2abdd95-f9ca-46dd-87d9-3f938e07de83:c8]
2019-09-12 02:00:43,984 [grpc-default-executor-4] INFO  client.GrpcClientProtocolClient (GrpcClientProtocolClient.java:onNext(255)) - client-86C8535D188E->a6c0a076-5a4d-4b07-959a-c5ddb0608f42: receive RaftClientReply:client-86C8535D188E->a6c0a076-5a4d-4b07-959a-c5ddb0608f42@group-8E895DF6726C, cid=45, FAILED org.apache.ratis.protocol.NotLeaderException: Server a6c0a076-5a4d-4b07-959a-c5ddb0608f42 is not the leader (e2abdd95-f9ca-46dd-87d9-3f938e07de83:192.168.5.171:42635). Request must be sent to leader., logIndex=0, commits[a6c0a076-5a4d-4b07-959a-c5ddb0608f42:c8, e2abdd95-f9ca-46dd-87d9-3f938e07de83:c8, 992420f5-0400-4216-b477-118fb1248d11:c8]
2019-09-12 02:00:49,020 [grpc-default-executor-4] INFO  client.GrpcClientProtocolClient (GrpcClientProtocolClient.java:onNext(255)) - client-86C8535D188E->a6c0a076-5a4d-4b07-959a-c5ddb0608f42: receive RaftClientReply:client-86C8535D188E->a6c0a076-5a4d-4b07-959a-c5ddb0608f42@group-8E895DF6726C, cid=45, FAILED org.apache.ratis.protocol.NotLeaderException: Server a6c0a076-5a4d-4b07-959a-c5ddb0608f42 is not the leader (e2abdd95-f9ca-46dd-87d9-3f938e07de83:192.168.5.171:42635). Request must be sent to leader., logIndex=0, commits[a6c0a076-5a4d-4b07-959a-c5ddb0608f42:c8, e2abdd95-f9ca-46dd-87d9-3f938e07de83:c8, 992420f5-0400-4216-b477-118fb1248d11:c8]
2019-09-12 02:00:54,056 [grpc-default-executor-4] INFO  client.GrpcClientProtocolClient (GrpcClientProtocolClient.java:onNext(255)) - client-86C8535D188E->992420f5-0400-4216-b477-118fb1248d11: receive RaftClientReply:client-86C8535D188E->992420f5-0400-4216-b477-118fb1248d11@group-8E895DF6726C, cid=45, FAILED org.apache.ratis.protocol.NotLeaderException: Server 992420f5-0400-4216-b477-118fb1248d11 is not the leader (e2abdd95-f9ca-46dd-87d9-3f938e07de83:192.168.5.171:42635). Request must be sent to leader., logIndex=0, commits[992420f5-0400-4216-b477-118fb1248d11:c8, a6c0a076-5a4d-4b07-959a-c5ddb0608f42:c8, e2abdd95-f9ca-46dd-87d9-3f938e07de83:c8]
2019-09-12 02:00:59,223 [grpc-default-executor-4] INFO  client.GrpcClientProtocolClient (GrpcClientProtocolClient.java:onNext(255)) - client-86C8535D188E->992420f5-0400-4216-b477-118fb1248d11: receive RaftClientReply:client-86C8535D188E->992420f5-0400-4216-b477-118fb1248d11@group-8E895DF6726C, cid=45, FAILED org.apache.ratis.protocol.NotLeaderException: Server 992420f5-0400-4216-b477-118fb1248d11 is not the leader (e2abdd95-f9ca-46dd-87d9-3f938e07de83:192.168.5.171:42635). Request must be sent to leader., logIndex=0, commits[992420f5-0400-4216-b477-118fb1248d11:c8, a6c0a076-5a4d-4b07-959a-c5ddb0608f42:c8, e2abdd95-f9ca-46dd-87d9-3f938e07de83:c8]
2019-09-12 02:01:04,259 [grpc-default-executor-0] INFO  client.GrpcClientProtocolClient (GrpcClientProtocolClient.java:onNext(255)) - client-86C8535D188E->992420f5-0400-4216-b477-118fb1248d11: receive RaftClientReply:client-86C8535D188E->992420f5-0400-4216-b477-118fb1248d11@group-8E895DF6726C, cid=45, FAILED org.apache.ratis.protocol.NotLeaderException: Server 992420f5-0400-4216-b477-118fb1248d11 is not the leader (e2abdd95-f9ca-46dd-87d9-3f938e07de83:192.168.5.171:42635). Request must be sent to leader., logIndex=0, commits[992420f5-0400-4216-b477-118fb1248d11:c8, a6c0a076-5a4d-4b07-959a-c5ddb0608f42:c8, e2abdd95-f9ca-46dd-87d9-3f938e07de83:c8]
2019-09-12 02:01:09,293 [grpc-default-executor-4] INFO  client.GrpcClientProtocolClient (GrpcClientProtocolClient.java:onNext(255)) - client-86C8535D188E->992420f5-0400-4216-b477-118fb1248d11: receive RaftClientReply:client-86C8535D188E->992420f5-0400-4216-b477-118fb1248d11@group-8E895DF6726C, cid=45, FAILED org.apache.ratis.protocol.NotLeaderException: Server 992420f5-0400-4216-b477-118fb1248d11 is not the leader (e2abdd95-f9ca-46dd-87d9-3f938e07de83:192.168.5.171:42635). Request must be sent to leader., logIndex=0, commits[992420f5-0400-4216-b477-118fb1248d11:c8, a6c0a076-5a4d-4b07-959a-c5ddb0608f42:c8, e2abdd95-f9ca-46dd-87d9-3f938e07de83:c8]
2019-09-12 02:01:14,325 [grpc-default-executor-0] INFO  client.GrpcClientProtocolClient (GrpcClientProtocolClient.java:onNext(255)) - client-86C8535D188E->a6c0a076-5a4d-4b07-959a-c5ddb0608f42: receive RaftClientReply:client-86C8535D188E->a6c0a076-5a4d-4b07-959a-c5ddb0608f42@group-8E895DF6726C, cid=45, FAILED org.apache.ratis.protocol.NotLeaderException: Server a6c0a076-5a4d-4b07-959a-c5ddb0608f42 is not the leader (e2abdd95-f9ca-46dd-87d9-3f938e07de83:192.168.5.171:42635). Request must be sent to leader., logIndex=0, commits[a6c0a076-5a4d-4b07-959a-c5ddb0608f42:c8, e2abdd95-f9ca-46dd-87d9-3f938e07de83:c8, 992420f5-0400-4216-b477-118fb1248d11:c8]
2019-09-12 02:01:19,367 [grpc-default-executor-0] INFO  client.GrpcClientProtocolClient (GrpcClientProtocolClient.java:onNext(255)) - client-86C8535D188E->a6c0a076-5a4d-4b07-959a-c5ddb0608f42: receive RaftClientReply:client-86C8535D188E->a6c0a076-5a4d-4b07-959a-c5ddb0608f42@group-8E895DF6726C, cid=45, FAILED org.apache.ratis.protocol.NotLeaderException: Server a6c0a076-5a4d-4b07-959a-c5ddb0608f42 is not the leader (e2abdd95-f9ca-46dd-87d9-3f938e07de83:192.168.5.171:42635). Request must be sent to leader., logIndex=0, commits[a6c0a076-5a4d-4b07-959a-c5ddb0608f42:c8, e2abdd95-f9ca-46dd-87d9-3f938e07de83:c8, 992420f5-0400-4216-b477-118fb1248d11:c8]
2019-09-12 02:01:24,395 [grpc-default-executor-4] INFO  client.GrpcClientProtocolClient (GrpcClientProtocolClient.java:onNext(255)) - client-86C8535D188E->a6c0a076-5a4d-4b07-959a-c5ddb0608f42: receive RaftClientReply:client-86C8535D188E->a6c0a076-5a4d-4b07-959a-c5ddb0608f42@group-8E895DF6726C, cid=45, FAILED org.apache.ratis.protocol.NotLeaderException: Server a6c0a076-5a4d-4b07-959a-c5ddb0608f42 is not the leader (e2abdd95-f9ca-46dd-87d9-3f938e07de83:192.168.5.171:42635). Request must be sent to leader., logIndex=0, commits[a6c0a076-5a4d-4b07-959a-c5ddb0608f42:c8, e2abdd95-f9ca-46dd-87d9-3f938e07de83:c8, 992420f5-0400-4216-b477-118fb1248d11:c8]
2019-09-12 02:01:29,446 [grpc-default-executor-0] INFO  client.GrpcClientProtocolClient (GrpcClientProtocolClient.java:onNext(255)) - client-86C8535D188E->a6c0a076-5a4d-4b07-959a-c5ddb0608f42: receive RaftClientReply:client-86C8535D188E->a6c0a076-5a4d-4b07-959a-c5ddb0608f42@group-8E895DF6726C, cid=45, FAILED org.apache.ratis.protocol.NotLeaderException: Server a6c0a076-5a4d-4b07-959a-c5ddb0608f42 is not the leader (e2abdd95-f9ca-46dd-87d9-3f938e07de83:192.168.5.171:42635). Request must be sent to leader., logIndex=0, commits[a6c0a076-5a4d-4b07-959a-c5ddb0608f42:c8, e2abdd95-f9ca-46dd-87d9-3f938e07de83:c8, 992420f5-0400-4216-b477-118fb1248d11:c8]
2019-09-12 02:01:34,480 [grpc-default-executor-0] INFO  client.GrpcClientProtocolClient (GrpcClientProtocolClient.java:onNext(255)) - client-86C8535D188E->992420f5-0400-4216-b477-118fb1248d11: receive RaftClientReply:client-86C8535D188E->992420f5-0400-4216-b477-118fb1248d11@group-8E895DF6726C, cid=45, FAILED org.apache.ratis.protocol.NotLeaderException: Server 992420f5-0400-4216-b477-118fb1248d11 is not the leader (e2abdd95-f9ca-46dd-87d9-3f938e07de83:192.168.5.171:42635). Request must be sent to leader., logIndex=0, commits[992420f5-0400-4216-b477-118fb1248d11:c8, a6c0a076-5a4d-4b07-959a-c5ddb0608f42:c8, e2abdd95-f9ca-46dd-87d9-3f938e07de83:c8]
2019-09-12 02:01:39,512 [grpc-default-executor-4] INFO  client.GrpcClientProtocolClient (GrpcClientProtocolClient.java:onNext(255)) - client-86C8535D188E->992420f5-0400-4216-b477-118fb1248d11: receive RaftClientReply:client-86C8535D188E->992420f5-0400-4216-b477-118fb1248d11@group-8E895DF6726C, cid=45, FAILED org.apache.ratis.protocol.NotLeaderException: Server 992420f5-0400-4216-b477-118fb1248d11 is not the leader (e2abdd95-f9ca-46dd-87d9-3f938e07de83:192.168.5.171:42635). Request must be sent to leader., logIndex=0, commits[992420f5-0400-4216-b477-118fb1248d11:c8, a6c0a076-5a4d-4b07-959a-c5ddb0608f42:c8, e2abdd95-f9ca-46dd-87d9-3f938e07de83:c8]
2019-09-12 02:01:44,555 [grpc-default-executor-0] INFO  client.GrpcClientProtocolClient (GrpcClientProtocolClient.java:onNext(255)) - client-86C8535D188E->a6c0a076-5a4d-4b07-959a-c5ddb0608f42: receive RaftClientReply:client-86C8535D188E->a6c0a076-5a4d-4b07-959a-c5ddb0608f42@group-8E895DF6726C, cid=45, FAILED org.apache.ratis.protocol.NotLeaderException: Server a6c0a076-5a4d-4b07-959a-c5ddb0608f42 is not the leader (e2abdd95-f9ca-46dd-87d9-3f938e07de83:192.168.5.171:42635). Request must be sent to leader., logIndex=0, commits[a6c0a076-5a4d-4b07-959a-c5ddb0608f42:c8, e2abdd95-f9ca-46dd-87d9-3f938e07de83:c8, 992420f5-0400-4216-b477-118fb1248d11:c8]
2019-09-12 02:01:49,587 [grpc-default-executor-4] INFO  client.GrpcClientProtocolClient (GrpcClientProtocolClient.java:onNext(255)) - client-86C8535D188E->a6c0a076-5a4d-4b07-959a-c5ddb0608f42: receive RaftClientReply:client-86C8535D188E->a6c0a076-5a4d-4b07-959a-c5ddb0608f42@group-8E895DF6726C, cid=45, FAILED org.apache.ratis.protocol.NotLeaderException: Server a6c0a076-5a4d-4b07-959a-c5ddb0608f42 is not the leader (e2abdd95-f9ca-46dd-87d9-3f938e07de83:192.168.5.171:42635). Request must be sent to leader., logIndex=0, commits[a6c0a076-5a4d-4b07-959a-c5ddb0608f42:c8, e2abdd95-f9ca-46dd-87d9-3f938e07de83:c8, 992420f5-0400-4216-b477-118fb1248d11:c8]
2019-09-12 02:01:54,632 [grpc-default-executor-4] INFO  client.GrpcClientProtocolClient (GrpcClientProtocolClient.java:onNext(255)) - client-86C8535D188E->a6c0a076-5a4d-4b07-959a-c5ddb0608f42: receive RaftClientReply:client-86C8535D188E->a6c0a076-5a4d-4b07-959a-c5ddb0608f42@group-8E895DF6726C, cid=45, FAILED org.apache.ratis.protocol.NotLeaderException: Server a6c0a076-5a4d-4b07-959a-c5ddb0608f42 is not the leader (e2abdd95-f9ca-46dd-87d9-3f938e07de83:192.168.5.171:42635). Request must be sent to leader., logIndex=0, commits[a6c0a076-5a4d-4b07-959a-c5ddb0608f42:c8, e2abdd95-f9ca-46dd-87d9-3f938e07de83:c8, 992420f5-0400-4216-b477-118fb1248d11:c8]
2019-09-12 02:01:59,665 [grpc-default-executor-0] INFO  client.GrpcClientProtocolClient (GrpcClientProtocolClient.java:onNext(255)) - client-86C8535D188E->992420f5-0400-4216-b477-118fb1248d11: receive RaftClientReply:client-86C8535D188E->992420f5-0400-4216-b477-118fb1248d11@group-8E895DF6726C, cid=45, FAILED org.apache.ratis.protocol.NotLeaderException: Server 992420f5-0400-4216-b477-118fb1248d11 is not the leader (e2abdd95-f9ca-46dd-87d9-3f938e07de83:192.168.5.171:42635). Request must be sent to leader., logIndex=0, commits[992420f5-0400-4216-b477-118fb1248d11:c8, a6c0a076-5a4d-4b07-959a-c5ddb0608f42:c8, e2abdd95-f9ca-46dd-87d9-3f938e07de83:c8]
2019-09-12 02:02:04,700 [grpc-default-executor-4] INFO  client.GrpcClientProtocolClient (GrpcClientProtocolClient.java:onNext(255)) - client-86C8535D188E->a6c0a076-5a4d-4b07-959a-c5ddb0608f42: receive RaftClientReply:client-86C8535D188E->a6c0a076-5a4d-4b07-959a-c5ddb0608f42@group-8E895DF6726C, cid=45, FAILED org.apache.ratis.protocol.NotLeaderException: Server a6c0a076-5a4d-4b07-959a-c5ddb0608f42 is not the leader (e2abdd95-f9ca-46dd-87d9-3f938e07de83:192.168.5.171:42635). Request must be sent to leader., logIndex=0, commits[a6c0a076-5a4d-4b07-959a-c5ddb0608f42:c8, e2abdd95-f9ca-46dd-87d9-3f938e07de83:c8, 992420f5-0400-4216-b477-118fb1248d11:c8]
2019-09-12 02:02:09,745 [grpc-default-executor-0] INFO  client.GrpcClientProtocolClient (GrpcClientProtocolClient.java:onNext(255)) - client-86C8535D188E->a6c0a076-5a4d-4b07-959a-c5ddb0608f42: receive RaftClientReply:client-86C8535D188E->a6c0a076-5a4d-4b07-959a-c5ddb0608f42@group-8E895DF6726C, cid=45, FAILED org.apache.ratis.protocol.NotLeaderException: Server a6c0a076-5a4d-4b07-959a-c5ddb0608f42 is not the leader (e2abdd95-f9ca-46dd-87d9-3f938e07de83:192.168.5.171:42635). Request must be sent to leader., logIndex=0, commits[a6c0a076-5a4d-4b07-959a-c5ddb0608f42:c8, e2abdd95-f9ca-46dd-87d9-3f938e07de83:c8, 992420f5-0400-4216-b477-118fb1248d11:c8]
2019-09-12 02:02:14,778 [grpc-default-executor-0] INFO  client.GrpcClientProtocolClient (GrpcClientProtocolClient.java:onNext(255)) - client-86C8535D188E->a6c0a076-5a4d-4b07-959a-c5ddb0608f42: receive RaftClientReply:client-86C8535D188E->a6c0a076-5a4d-4b07-959a-c5ddb0608f42@group-8E895DF6726C, cid=45, FAILED org.apache.ratis.protocol.NotLeaderException: Server a6c0a076-5a4d-4b07-959a-c5ddb0608f42 is not the leader (e2abdd95-f9ca-46dd-87d9-3f938e07de83:192.168.5.171:42635). Request must be sent to leader., logIndex=0, commits[a6c0a076-5a4d-4b07-959a-c5ddb0608f42:c8, e2abdd95-f9ca-46dd-87d9-3f938e07de83:c8, 992420f5-0400-4216-b477-118fb1248d11:c8]
2019-09-12 02:02:19,814 [grpc-default-executor-0] INFO  client.GrpcClientProtocolClient (GrpcClientProtocolClient.java:onNext(255)) - client-86C8535D188E->a6c0a076-5a4d-4b07-959a-c5ddb0608f42: receive RaftClientReply:client-86C8535D188E->a6c0a076-5a4d-4b07-959a-c5ddb0608f42@group-8E895DF6726C, cid=45, FAILED org.apache.ratis.protocol.NotLeaderException: Server a6c0a076-5a4d-4b07-959a-c5ddb0608f42 is not the leader (e2abdd95-f9ca-46dd-87d9-3f938e07de83:192.168.5.171:42635). Request must be sent to leader., logIndex=0, commits[a6c0a076-5a4d-4b07-959a-c5ddb0608f42:c8, e2abdd95-f9ca-46dd-87d9-3f938e07de83:c8, 992420f5-0400-4216-b477-118fb1248d11:c8]
2019-09-12 02:02:24,851 [grpc-default-executor-4] INFO  client.GrpcClientProtocolClient (GrpcClientProtocolClient.java:onNext(255)) - client-86C8535D188E->992420f5-0400-4216-b477-118fb1248d11: receive RaftClientReply:client-86C8535D188E->992420f5-0400-4216-b477-118fb1248d11@group-8E895DF6726C, cid=45, FAILED org.apache.ratis.protocol.NotLeaderException: Server 992420f5-0400-4216-b477-118fb1248d11 is not the leader (e2abdd95-f9ca-46dd-87d9-3f938e07de83:192.168.5.171:42635). Request must be sent to leader., logIndex=0, commits[992420f5-0400-4216-b477-118fb1248d11:c8, a6c0a076-5a4d-4b07-959a-c5ddb0608f42:c8, e2abdd95-f9ca-46dd-87d9-3f938e07de83:c8]
2019-09-12 02:02:29,908 [grpc-default-executor-4] INFO  client.GrpcClientProtocolClient (GrpcClientProtocolClient.java:onNext(255)) - client-86C8535D188E->a6c0a076-5a4d-4b07-959a-c5ddb0608f42: receive RaftClientReply:client-86C8535D188E->a6c0a076-5a4d-4b07-959a-c5ddb0608f42@group-8E895DF6726C, cid=45, FAILED org.apache.ratis.protocol.NotLeaderException: Server a6c0a076-5a4d-4b07-959a-c5ddb0608f42 is not the leader (e2abdd95-f9ca-46dd-87d9-3f938e07de83:192.168.5.171:42635). Request must be sent to leader., logIndex=0, commits[a6c0a076-5a4d-4b07-959a-c5ddb0608f42:c8, e2abdd95-f9ca-46dd-87d9-3f938e07de83:c8, 992420f5-0400-4216-b477-118fb1248d11:c8]
2019-09-12 02:02:34,946 [grpc-default-executor-0] INFO  client.GrpcClientProtocolClient (GrpcClientProtocolClient.java:onNext(255)) - client-86C8535D188E->a6c0a076-5a4d-4b07-959a-c5ddb0608f42: receive RaftClientReply:client-86C8535D188E->a6c0a076-5a4d-4b07-959a-c5ddb0608f42@group-8E895DF6726C, cid=45, FAILED org.apache.ratis.protocol.NotLeaderException: Server a6c0a076-5a4d-4b07-959a-c5ddb0608f42 is not the leader (e2abdd95-f9ca-46dd-87d9-3f938e07de83:192.168.5.171:42635). Request must be sent to leader., logIndex=0, commits[a6c0a076-5a4d-4b07-959a-c5ddb0608f42:c8, e2abdd95-f9ca-46dd-87d9-3f938e07de83:c8, 992420f5-0400-4216-b477-118fb1248d11:c8]
2019-09-12 02:02:39,980 [grpc-default-executor-0] INFO  client.GrpcClientProtocolClient (GrpcClientProtocolClient.java:onNext(255)) - client-86C8535D188E->a6c0a076-5a4d-4b07-959a-c5ddb0608f42: receive RaftClientReply:client-86C8535D188E->a6c0a076-5a4d-4b07-959a-c5ddb0608f42@group-8E895DF6726C, cid=45, FAILED org.apache.ratis.protocol.NotLeaderException: Server a6c0a076-5a4d-4b07-959a-c5ddb0608f42 is not the leader (e2abdd95-f9ca-46dd-87d9-3f938e07de83:192.168.5.171:42635). Request must be sent to leader., logIndex=0, commits[a6c0a076-5a4d-4b07-959a-c5ddb0608f42:c8, e2abdd95-f9ca-46dd-87d9-3f938e07de83:c8, 992420f5-0400-4216-b477-118fb1248d11:c8]
2019-09-12 02:02:45,021 [grpc-default-executor-4] INFO  client.GrpcClientProtocolClient (GrpcClientProtocolClient.java:onNext(255)) - client-86C8535D188E->a6c0a076-5a4d-4b07-959a-c5ddb0608f42: receive RaftClientReply:client-86C8535D188E->a6c0a076-5a4d-4b07-959a-c5ddb0608f42@group-8E895DF6726C, cid=45, FAILED org.apache.ratis.protocol.NotLeaderException: Server a6c0a076-5a4d-4b07-959a-c5ddb0608f42 is not the leader (e2abdd95-f9ca-46dd-87d9-3f938e07de83:192.168.5.171:42635). Request must be sent to leader., logIndex=0, commits[a6c0a076-5a4d-4b07-959a-c5ddb0608f42:c8, e2abdd95-f9ca-46dd-87d9-3f938e07de83:c8, 992420f5-0400-4216-b477-118fb1248d11:c8]
2019-09-12 02:02:45,030 [grpc-default-executor-0] WARN  client.GrpcClientProtocolService (LogUtils.java:warn(134)) - 25-OrderedRequestStreamObserver25: onError: org.apache.ratis.thirdparty.io.grpc.StatusRuntimeException: CANCELLED: cancelled before receiving half close
2019-09-12 02:02:50,056 [grpc-default-executor-4] INFO  client.GrpcClientProtocolClient (GrpcClientProtocolClient.java:onNext(255)) - client-86C8535D188E->a6c0a076-5a4d-4b07-959a-c5ddb0608f42: receive RaftClientReply:client-86C8535D188E->a6c0a076-5a4d-4b07-959a-c5ddb0608f42@group-8E895DF6726C, cid=45, FAILED org.apache.ratis.protocol.NotLeaderException: Server a6c0a076-5a4d-4b07-959a-c5ddb0608f42 is not the leader (e2abdd95-f9ca-46dd-87d9-3f938e07de83:192.168.5.171:42635). Request must be sent to leader., logIndex=0, commits[a6c0a076-5a4d-4b07-959a-c5ddb0608f42:c8, e2abdd95-f9ca-46dd-87d9-3f938e07de83:c8, 992420f5-0400-4216-b477-118fb1248d11:c8]
2019-09-12 02:02:55,087 [grpc-default-executor-4] INFO  client.GrpcClientProtocolClient (GrpcClientProtocolClient.java:onNext(255)) - client-86C8535D188E->992420f5-0400-4216-b477-118fb1248d11: receive RaftClientReply:client-86C8535D188E->992420f5-0400-4216-b477-118fb1248d11@group-8E895DF6726C, cid=45, FAILED org.apache.ratis.protocol.NotLeaderException: Server 992420f5-0400-4216-b477-118fb1248d11 is not the leader (e2abdd95-f9ca-46dd-87d9-3f938e07de83:192.168.5.171:42635). Request must be sent to leader., logIndex=0, commits[992420f5-0400-4216-b477-118fb1248d11:c8, a6c0a076-5a4d-4b07-959a-c5ddb0608f42:c8, e2abdd95-f9ca-46dd-87d9-3f938e07de83:c8]
2019-09-12 02:02:55,105 [grpc-default-executor-0] WARN  client.GrpcClientProtocolService (LogUtils.java:warn(134)) - 19-OrderedRequestStreamObserver19: onError: org.apache.ratis.thirdparty.io.grpc.StatusRuntimeException: CANCELLED: cancelled before receiving half close
2019-09-12 02:03:00,141 [grpc-default-executor-4] INFO  client.GrpcClientProtocolClient (GrpcClientProtocolClient.java:onNext(255)) - client-86C8535D188E->992420f5-0400-4216-b477-118fb1248d11: receive RaftClientReply:client-86C8535D188E->992420f5-0400-4216-b477-118fb1248d11@group-8E895DF6726C, cid=45, FAILED org.apache.ratis.protocol.NotLeaderException: Server 992420f5-0400-4216-b477-118fb1248d11 is not the leader (e2abdd95-f9ca-46dd-87d9-3f938e07de83:192.168.5.171:42635). Request must be sent to leader., logIndex=0, commits[992420f5-0400-4216-b477-118fb1248d11:c8, a6c0a076-5a4d-4b07-959a-c5ddb0608f42:c8, e2abdd95-f9ca-46dd-87d9-3f938e07de83:c8]
2019-09-12 02:03:05,177 [grpc-default-executor-4] INFO  client.GrpcClientProtocolClient (GrpcClientProtocolClient.java:onNext(255)) - client-86C8535D188E->992420f5-0400-4216-b477-118fb1248d11: receive RaftClientReply:client-86C8535D188E->992420f5-0400-4216-b477-118fb1248d11@group-8E895DF6726C, cid=45, FAILED org.apache.ratis.protocol.NotLeaderException: Server 992420f5-0400-4216-b477-118fb1248d11 is not the leader (e2abdd95-f9ca-46dd-87d9-3f938e07de83:192.168.5.171:42635). Request must be sent to leader., logIndex=0, commits[992420f5-0400-4216-b477-118fb1248d11:c8, a6c0a076-5a4d-4b07-959a-c5ddb0608f42:c8, e2abdd95-f9ca-46dd-87d9-3f938e07de83:c8]
2019-09-12 02:03:10,211 [grpc-default-executor-4] INFO  client.GrpcClientProtocolClient (GrpcClientProtocolClient.java:onNext(255)) - client-86C8535D188E->992420f5-0400-4216-b477-118fb1248d11: receive RaftClientReply:client-86C8535D188E->992420f5-0400-4216-b477-118fb1248d11@group-8E895DF6726C, cid=45, FAILED org.apache.ratis.protocol.NotLeaderException: Server 992420f5-0400-4216-b477-118fb1248d11 is not the leader (e2abdd95-f9ca-46dd-87d9-3f938e07de83:192.168.5.171:42635). Request must be sent to leader., logIndex=0, commits[992420f5-0400-4216-b477-118fb1248d11:c8, a6c0a076-5a4d-4b07-959a-c5ddb0608f42:c8, e2abdd95-f9ca-46dd-87d9-3f938e07de83:c8]
2019-09-12 02:03:15,241 [grpc-default-executor-0] INFO  client.GrpcClientProtocolClient (GrpcClientProtocolClient.java:onNext(255)) - client-86C8535D188E->992420f5-0400-4216-b477-118fb1248d11: receive RaftClientReply:client-86C8535D188E->992420f5-0400-4216-b477-118fb1248d11@group-8E895DF6726C, cid=45, FAILED org.apache.ratis.protocol.NotLeaderException: Server 992420f5-0400-4216-b477-118fb1248d11 is not the leader (e2abdd95-f9ca-46dd-87d9-3f938e07de83:192.168.5.171:42635). Request must be sent to leader., logIndex=0, commits[992420f5-0400-4216-b477-118fb1248d11:c8, a6c0a076-5a4d-4b07-959a-c5ddb0608f42:c8, e2abdd95-f9ca-46dd-87d9-3f938e07de83:c8]
2019-09-12 02:03:20,272 [grpc-default-executor-0] INFO  client.GrpcClientProtocolClient (GrpcClientProtocolClient.java:onNext(255)) - client-86C8535D188E->992420f5-0400-4216-b477-118fb1248d11: receive RaftClientReply:client-86C8535D188E->992420f5-0400-4216-b477-118fb1248d11@group-8E895DF6726C, cid=45, FAILED org.apache.ratis.protocol.NotLeaderException: Server 992420f5-0400-4216-b477-118fb1248d11 is not the leader (e2abdd95-f9ca-46dd-87d9-3f938e07de83:192.168.5.171:42635). Request must be sent to leader., logIndex=0, commits[992420f5-0400-4216-b477-118fb1248d11:c8, a6c0a076-5a4d-4b07-959a-c5ddb0608f42:c8, e2abdd95-f9ca-46dd-87d9-3f938e07de83:c8]
2019-09-12 02:03:25,306 [grpc-default-executor-4] INFO  client.GrpcClientProtocolClient (GrpcClientProtocolClient.java:onNext(255)) - client-86C8535D188E->a6c0a076-5a4d-4b07-959a-c5ddb0608f42: receive RaftClientReply:client-86C8535D188E->a6c0a076-5a4d-4b07-959a-c5ddb0608f42@group-8E895DF6726C, cid=45, FAILED org.apache.ratis.protocol.NotLeaderException: Server a6c0a076-5a4d-4b07-959a-c5ddb0608f42 is not the leader (e2abdd95-f9ca-46dd-87d9-3f938e07de83:192.168.5.171:42635). Request must be sent to leader., logIndex=0, commits[a6c0a076-5a4d-4b07-959a-c5ddb0608f42:c8, e2abdd95-f9ca-46dd-87d9-3f938e07de83:c8, 992420f5-0400-4216-b477-118fb1248d11:c8]
2019-09-12 02:03:30,342 [grpc-default-executor-0] INFO  client.GrpcClientProtocolClient (GrpcClientProtocolClient.java:onNext(255)) - client-86C8535D188E->a6c0a076-5a4d-4b07-959a-c5ddb0608f42: receive RaftClientReply:client-86C8535D188E->a6c0a076-5a4d-4b07-959a-c5ddb0608f42@group-8E895DF6726C, cid=45, FAILED org.apache.ratis.protocol.NotLeaderException: Server a6c0a076-5a4d-4b07-959a-c5ddb0608f42 is not the leader (e2abdd95-f9ca-46dd-87d9-3f938e07de83:192.168.5.171:42635). Request must be sent to leader., logIndex=0, commits[a6c0a076-5a4d-4b07-959a-c5ddb0608f42:c8, e2abdd95-f9ca-46dd-87d9-3f938e07de83:c8, 992420f5-0400-4216-b477-118fb1248d11:c8]
2019-09-12 02:03:35,375 [grpc-default-executor-0] INFO  client.GrpcClientProtocolClient (GrpcClientProtocolClient.java:onNext(255)) - client-86C8535D188E->a6c0a076-5a4d-4b07-959a-c5ddb0608f42: receive RaftClientReply:client-86C8535D188E->a6c0a076-5a4d-4b07-959a-c5ddb0608f42@group-8E895DF6726C, cid=45, FAILED org.apache.ratis.protocol.NotLeaderException: Server a6c0a076-5a4d-4b07-959a-c5ddb0608f42 is not the leader (e2abdd95-f9ca-46dd-87d9-3f938e07de83:192.168.5.171:42635). Request must be sent to leader., logIndex=0, commits[a6c0a076-5a4d-4b07-959a-c5ddb0608f42:c8, e2abdd95-f9ca-46dd-87d9-3f938e07de83:c8, 992420f5-0400-4216-b477-118fb1248d11:c8]
2019-09-12 02:03:40,408 [grpc-default-executor-0] INFO  client.GrpcClientProtocolClient (GrpcClientProtocolClient.java:onNext(255)) - client-86C8535D188E->992420f5-0400-4216-b477-118fb1248d11: receive RaftClientReply:client-86C8535D188E->992420f5-0400-4216-b477-118fb1248d11@group-8E895DF6726C, cid=45, FAILED org.apache.ratis.protocol.NotLeaderException: Server 992420f5-0400-4216-b477-118fb1248d11 is not the leader (e2abdd95-f9ca-46dd-87d9-3f938e07de83:192.168.5.171:42635). Request must be sent to leader., logIndex=0, commits[992420f5-0400-4216-b477-118fb1248d11:c8, a6c0a076-5a4d-4b07-959a-c5ddb0608f42:c8, e2abdd95-f9ca-46dd-87d9-3f938e07de83:c8]
2019-09-12 02:03:45,456 [grpc-default-executor-4] INFO  client.GrpcClientProtocolClient (GrpcClientProtocolClient.java:onNext(255)) - client-86C8535D188E->992420f5-0400-4216-b477-118fb1248d11: receive RaftClientReply:client-86C8535D188E->992420f5-0400-4216-b477-118fb1248d11@group-8E895DF6726C, cid=45, FAILED org.apache.ratis.protocol.NotLeaderException: Server 992420f5-0400-4216-b477-118fb1248d11 is not the leader (e2abdd95-f9ca-46dd-87d9-3f938e07de83:192.168.5.171:42635). Request must be sent to leader., logIndex=0, commits[992420f5-0400-4216-b477-118fb1248d11:c8, a6c0a076-5a4d-4b07-959a-c5ddb0608f42:c8, e2abdd95-f9ca-46dd-87d9-3f938e07de83:c8]
2019-09-12 02:03:50,491 [grpc-default-executor-4] INFO  client.GrpcClientProtocolClient (GrpcClientProtocolClient.java:onNext(255)) - client-86C8535D188E->a6c0a076-5a4d-4b07-959a-c5ddb0608f42: receive RaftClientReply:client-86C8535D188E->a6c0a076-5a4d-4b07-959a-c5ddb0608f42@group-8E895DF6726C, cid=45, FAILED org.apache.ratis.protocol.NotLeaderException: Server a6c0a076-5a4d-4b07-959a-c5ddb0608f42 is not the leader (e2abdd95-f9ca-46dd-87d9-3f938e07de83:192.168.5.171:42635). Request must be sent to leader., logIndex=0, commits[a6c0a076-5a4d-4b07-959a-c5ddb0608f42:c8, e2abdd95-f9ca-46dd-87d9-3f938e07de83:c8, 992420f5-0400-4216-b477-118fb1248d11:c8]
2019-09-12 02:03:55,541 [grpc-default-executor-0] INFO  client.GrpcClientProtocolClient (GrpcClientProtocolClient.java:onNext(255)) - client-86C8535D188E->a6c0a076-5a4d-4b07-959a-c5ddb0608f42: receive RaftClientReply:client-86C8535D188E->a6c0a076-5a4d-4b07-959a-c5ddb0608f42@group-8E895DF6726C, cid=45, FAILED org.apache.ratis.protocol.NotLeaderException: Server a6c0a076-5a4d-4b07-959a-c5ddb0608f42 is not the leader (e2abdd95-f9ca-46dd-87d9-3f938e07de83:192.168.5.171:42635). Request must be sent to leader., logIndex=0, commits[a6c0a076-5a4d-4b07-959a-c5ddb0608f42:c8, e2abdd95-f9ca-46dd-87d9-3f938e07de83:c8, 992420f5-0400-4216-b477-118fb1248d11:c8]
2019-09-12 02:04:00,575 [grpc-default-executor-4] INFO  client.GrpcClientProtocolClient (GrpcClientProtocolClient.java:onNext(255)) - client-86C8535D188E->a6c0a076-5a4d-4b07-959a-c5ddb0608f42: receive RaftClientReply:client-86C8535D188E->a6c0a076-5a4d-4b07-959a-c5ddb0608f42@group-8E895DF6726C, cid=45, FAILED org.apache.ratis.protocol.NotLeaderException: Server a6c0a076-5a4d-4b07-959a-c5ddb0608f42 is not the leader (e2abdd95-f9ca-46dd-87d9-3f938e07de83:192.168.5.171:42635). Request must be sent to leader., logIndex=0, commits[a6c0a076-5a4d-4b07-959a-c5ddb0608f42:c8, e2abdd95-f9ca-46dd-87d9-3f938e07de83:c8, 992420f5-0400-4216-b477-118fb1248d11:c8]
2019-09-12 02:04:05,611 [grpc-default-executor-6] INFO  client.GrpcClientProtocolClient (GrpcClientProtocolClient.java:onNext(255)) - client-86C8535D188E->a6c0a076-5a4d-4b07-959a-c5ddb0608f42: receive RaftClientReply:client-86C8535D188E->a6c0a076-5a4d-4b07-959a-c5ddb0608f42@group-8E895DF6726C, cid=45, FAILED org.apache.ratis.protocol.NotLeaderException: Server a6c0a076-5a4d-4b07-959a-c5ddb0608f42 is not the leader (e2abdd95-f9ca-46dd-87d9-3f938e07de83:192.168.5.171:42635). Request must be sent to leader., logIndex=0, commits[a6c0a076-5a4d-4b07-959a-c5ddb0608f42:c8, e2abdd95-f9ca-46dd-87d9-3f938e07de83:c8, 992420f5-0400-4216-b477-118fb1248d11:c8]
2019-09-12 02:04:10,660 [grpc-default-executor-6] INFO  client.GrpcClientProtocolClient (GrpcClientProtocolClient.java:onNext(255)) - client-86C8535D188E->a6c0a076-5a4d-4b07-959a-c5ddb0608f42: receive RaftClientReply:client-86C8535D188E->a6c0a076-5a4d-4b07-959a-c5ddb0608f42@group-8E895DF6726C, cid=45, FAILED org.apache.ratis.protocol.NotLeaderException: Server a6c0a076-5a4d-4b07-959a-c5ddb0608f42 is not the leader (e2abdd95-f9ca-46dd-87d9-3f938e07de83:192.168.5.171:42635). Request must be sent to leader., logIndex=0, commits[a6c0a076-5a4d-4b07-959a-c5ddb0608f42:c8, e2abdd95-f9ca-46dd-87d9-3f938e07de83:c8, 992420f5-0400-4216-b477-118fb1248d11:c8]
2019-09-12 02:04:15,693 [grpc-default-executor-6] INFO  client.GrpcClientProtocolClient (GrpcClientProtocolClient.java:onNext(255)) - client-86C8535D188E->992420f5-0400-4216-b477-118fb1248d11: receive RaftClientReply:client-86C8535D188E->992420f5-0400-4216-b477-118fb1248d11@group-8E895DF6726C, cid=45, FAILED org.apache.ratis.protocol.NotLeaderException: Server 992420f5-0400-4216-b477-118fb1248d11 is not the leader (e2abdd95-f9ca-46dd-87d9-3f938e07de83:192.168.5.171:42635). Request must be sent to leader., logIndex=0, commits[992420f5-0400-4216-b477-118fb1248d11:c8, a6c0a076-5a4d-4b07-959a-c5ddb0608f42:c8, e2abdd95-f9ca-46dd-87d9-3f938e07de83:c8]
2019-09-12 02:04:20,742 [grpc-default-executor-4] INFO  client.GrpcClientProtocolClient (GrpcClientProtocolClient.java:onNext(255)) - client-86C8535D188E->a6c0a076-5a4d-4b07-959a-c5ddb0608f42: receive RaftClientReply:client-86C8535D188E->a6c0a076-5a4d-4b07-959a-c5ddb0608f42@group-8E895DF6726C, cid=45, FAILED org.apache.ratis.protocol.NotLeaderException: Server a6c0a076-5a4d-4b07-959a-c5ddb0608f42 is not the leader (e2abdd95-f9ca-46dd-87d9-3f938e07de83:192.168.5.171:42635). Request must be sent to leader., logIndex=0, commits[a6c0a076-5a4d-4b07-959a-c5ddb0608f42:c8, e2abdd95-f9ca-46dd-87d9-3f938e07de83:c8, 992420f5-0400-4216-b477-118fb1248d11:c8]
2019-09-12 02:04:25,776 [grpc-default-executor-4] INFO  client.GrpcClientProtocolClient (GrpcClientProtocolClient.java:onNext(255)) - client-86C8535D188E->a6c0a076-5a4d-4b07-959a-c5ddb0608f42: receive RaftClientReply:client-86C8535D188E->a6c0a076-5a4d-4b07-959a-c5ddb0608f42@group-8E895DF6726C, cid=45, FAILED org.apache.ratis.protocol.NotLeaderException: Server a6c0a076-5a4d-4b07-959a-c5ddb0608f42 is not the leader (e2abdd95-f9ca-46dd-87d9-3f938e07de83:192.168.5.171:42635). Request must be sent to leader., logIndex=0, commits[a6c0a076-5a4d-4b07-959a-c5ddb0608f42:c8, e2abdd95-f9ca-46dd-87d9-3f938e07de83:c8, 992420f5-0400-4216-b477-118fb1248d11:c8]
2019-09-12 02:04:30,826 [grpc-default-executor-4] INFO  client.GrpcClientProtocolClient (GrpcClientProtocolClient.java:onNext(255)) - client-86C8535D188E->a6c0a076-5a4d-4b07-959a-c5ddb0608f42: receive RaftClientReply:client-86C8535D188E->a6c0a076-5a4d-4b07-959a-c5ddb0608f42@group-8E895DF6726C, cid=45, FAILED org.apache.ratis.protocol.NotLeaderException: Server a6c0a076-5a4d-4b07-959a-c5ddb0608f42 is not the leader (e2abdd95-f9ca-46dd-87d9-3f938e07de83:192.168.5.171:42635). Request must be sent to leader., logIndex=0, commits[a6c0a076-5a4d-4b07-959a-c5ddb0608f42:c8, e2abdd95-f9ca-46dd-87d9-3f938e07de83:c8, 992420f5-0400-4216-b477-118fb1248d11:c8]
2019-09-12 02:04:35,861 [grpc-default-executor-4] INFO  client.GrpcClientProtocolClient (GrpcClientProtocolClient.java:onNext(255)) - client-86C8535D188E->992420f5-0400-4216-b477-118fb1248d11: receive RaftClientReply:client-86C8535D188E->992420f5-0400-4216-b477-118fb1248d11@group-8E895DF6726C, cid=45, FAILED org.apache.ratis.protocol.NotLeaderException: Server 992420f5-0400-4216-b477-118fb1248d11 is not the leader (e2abdd95-f9ca-46dd-87d9-3f938e07de83:192.168.5.171:42635). Request must be sent to leader., logIndex=0, commits[992420f5-0400-4216-b477-118fb1248d11:c8, a6c0a076-5a4d-4b07-959a-c5ddb0608f42:c8, e2abdd95-f9ca-46dd-87d9-3f938e07de83:c8]
2019-09-12 02:04:40,895 [grpc-default-executor-4] INFO  client.GrpcClientProtocolClient (GrpcClientProtocolClient.java:onNext(255)) - client-86C8535D188E->a6c0a076-5a4d-4b07-959a-c5ddb0608f42: receive RaftClientReply:client-86C8535D188E->a6c0a076-5a4d-4b07-959a-c5ddb0608f42@group-8E895DF6726C, cid=45, FAILED org.apache.ratis.protocol.NotLeaderException: Server a6c0a076-5a4d-4b07-959a-c5ddb0608f42 is not the leader (e2abdd95-f9ca-46dd-87d9-3f938e07de83:192.168.5.171:42635). Request must be sent to leader., logIndex=0, commits[a6c0a076-5a4d-4b07-959a-c5ddb0608f42:c8, e2abdd95-f9ca-46dd-87d9-3f938e07de83:c8, 992420f5-0400-4216-b477-118fb1248d11:c8]
2019-09-12 02:04:45,926 [grpc-default-executor-4] INFO  client.GrpcClientProtocolClient (GrpcClientProtocolClient.java:onNext(255)) - client-86C8535D188E->a6c0a076-5a4d-4b07-959a-c5ddb0608f42: receive RaftClientReply:client-86C8535D188E->a6c0a076-5a4d-4b07-959a-c5ddb0608f42@group-8E895DF6726C, cid=45, FAILED org.apache.ratis.protocol.NotLeaderException: Server a6c0a076-5a4d-4b07-959a-c5ddb0608f42 is not the leader (e2abdd95-f9ca-46dd-87d9-3f938e07de83:192.168.5.171:42635). Request must be sent to leader., logIndex=0, commits[a6c0a076-5a4d-4b07-959a-c5ddb0608f42:c8, e2abdd95-f9ca-46dd-87d9-3f938e07de83:c8, 992420f5-0400-4216-b477-118fb1248d11:c8]
2019-09-12 02:04:50,959 [grpc-default-executor-4] INFO  client.GrpcClientProtocolClient (GrpcClientProtocolClient.java:onNext(255)) - client-86C8535D188E->992420f5-0400-4216-b477-118fb1248d11: receive RaftClientReply:client-86C8535D188E->992420f5-0400-4216-b477-118fb1248d11@group-8E895DF6726C, cid=45, FAILED org.apache.ratis.protocol.NotLeaderException: Server 992420f5-0400-4216-b477-118fb1248d11 is not the leader (e2abdd95-f9ca-46dd-87d9-3f938e07de83:192.168.5.171:42635). Request must be sent to leader., logIndex=0, commits[992420f5-0400-4216-b477-118fb1248d11:c8, a6c0a076-5a4d-4b07-959a-c5ddb0608f42:c8, e2abdd95-f9ca-46dd-87d9-3f938e07de83:c8]
2019-09-12 02:04:54,196 [ReplicationMonitor] INFO  container.ReplicationManager (ReplicationManager.java:run(225)) - Replication Monitor Thread took 1 milliseconds for processing 3 containers.
2019-09-12 02:04:56,012 [grpc-default-executor-6] INFO  client.GrpcClientProtocolClient (GrpcClientProtocolClient.java:onNext(255)) - client-86C8535D188E->a6c0a076-5a4d-4b07-959a-c5ddb0608f42: receive RaftClientReply:client-86C8535D188E->a6c0a076-5a4d-4b07-959a-c5ddb0608f42@group-8E895DF6726C, cid=45, FAILED org.apache.ratis.protocol.NotLeaderException: Server a6c0a076-5a4d-4b07-959a-c5ddb0608f42 is not the leader (e2abdd95-f9ca-46dd-87d9-3f938e07de83:192.168.5.171:42635). Request must be sent to leader., logIndex=0, commits[a6c0a076-5a4d-4b07-959a-c5ddb0608f42:c8, e2abdd95-f9ca-46dd-87d9-3f938e07de83:c8, 992420f5-0400-4216-b477-118fb1248d11:c8]
2019-09-12 02:05:01,045 [grpc-default-executor-4] INFO  client.GrpcClientProtocolClient (GrpcClientProtocolClient.java:onNext(255)) - client-86C8535D188E->992420f5-0400-4216-b477-118fb1248d11: receive RaftClientReply:client-86C8535D188E->992420f5-0400-4216-b477-118fb1248d11@group-8E895DF6726C, cid=45, FAILED org.apache.ratis.protocol.NotLeaderException: Server 992420f5-0400-4216-b477-118fb1248d11 is not the leader (e2abdd95-f9ca-46dd-87d9-3f938e07de83:192.168.5.171:42635). Request must be sent to leader., logIndex=0, commits[992420f5-0400-4216-b477-118fb1248d11:c8, a6c0a076-5a4d-4b07-959a-c5ddb0608f42:c8, e2abdd95-f9ca-46dd-87d9-3f938e07de83:c8]
2019-09-12 02:05:06,076 [grpc-default-executor-4] INFO  client.GrpcClientProtocolClient (GrpcClientProtocolClient.java:onNext(255)) - client-86C8535D188E->a6c0a076-5a4d-4b07-959a-c5ddb0608f42: receive RaftClientReply:client-86C8535D188E->a6c0a076-5a4d-4b07-959a-c5ddb0608f42@group-8E895DF6726C, cid=45, FAILED org.apache.ratis.protocol.NotLeaderException: Server a6c0a076-5a4d-4b07-959a-c5ddb0608f42 is not the leader (e2abdd95-f9ca-46dd-87d9-3f938e07de83:192.168.5.171:42635). Request must be sent to leader., logIndex=0, commits[a6c0a076-5a4d-4b07-959a-c5ddb0608f42:c8, e2abdd95-f9ca-46dd-87d9-3f938e07de83:c8, 992420f5-0400-4216-b477-118fb1248d11:c8]
2019-09-12 02:05:11,109 [grpc-default-executor-6] INFO  client.GrpcClientProtocolClient (GrpcClientProtocolClient.java:onNext(255)) - client-86C8535D188E->992420f5-0400-4216-b477-118fb1248d11: receive RaftClientReply:client-86C8535D188E->992420f5-0400-4216-b477-118fb1248d11@group-8E895DF6726C, cid=45, FAILED org.apache.ratis.protocol.NotLeaderException: Server 992420f5-0400-4216-b477-118fb1248d11 is not the leader (e2abdd95-f9ca-46dd-87d9-3f938e07de83:192.168.5.171:42635). Request must be sent to leader., logIndex=0, commits[992420f5-0400-4216-b477-118fb1248d11:c8, a6c0a076-5a4d-4b07-959a-c5ddb0608f42:c8, e2abdd95-f9ca-46dd-87d9-3f938e07de83:c8]
2019-09-12 02:05:16,138 [grpc-default-executor-6] INFO  client.GrpcClientProtocolClient (GrpcClientProtocolClient.java:onNext(255)) - client-86C8535D188E->a6c0a076-5a4d-4b07-959a-c5ddb0608f42: receive RaftClientReply:client-86C8535D188E->a6c0a076-5a4d-4b07-959a-c5ddb0608f42@group-8E895DF6726C, cid=45, FAILED org.apache.ratis.protocol.NotLeaderException: Server a6c0a076-5a4d-4b07-959a-c5ddb0608f42 is not the leader (e2abdd95-f9ca-46dd-87d9-3f938e07de83:192.168.5.171:42635). Request must be sent to leader., logIndex=0, commits[a6c0a076-5a4d-4b07-959a-c5ddb0608f42:c8, e2abdd95-f9ca-46dd-87d9-3f938e07de83:c8, 992420f5-0400-4216-b477-118fb1248d11:c8]
2019-09-12 02:05:16,145 [main] INFO  ozone.MiniOzoneClusterImpl (MiniOzoneClusterImpl.java:shutdown(312)) - Shutting down the Mini Ozone Cluster
2019-09-12 02:05:16,146 [main] INFO  ozone.MiniOzoneClusterImpl (MiniOzoneClusterImpl.java:stop(327)) - Stopping the Mini Ozone Cluster
2019-09-12 02:05:16,146 [main] INFO  ozone.MiniOzoneClusterImpl (MiniOzoneClusterImpl.java:stop(329)) - Stopping the OzoneManager
2019-09-12 02:05:16,147 [main] INFO  ipc.Server (Server.java:stop(3082)) - Stopping server on 45960
2019-09-12 02:05:16,164 [main] INFO  ratis.OzoneManagerDoubleBuffer (OzoneManagerDoubleBuffer.java:stop(248)) - Stopping OMDoubleBuffer flush thread
2019-09-12 02:05:16,164 [IPC Server Responder] INFO  ipc.Server (Server.java:run(1319)) - Stopping IPC Server Responder
2019-09-12 02:05:16,164 [IPC Server listener on 45960] INFO  ipc.Server (Server.java:run(1185)) - Stopping IPC Server listener on 45960
2019-09-12 02:05:16,180 [OMDoubleBufferFlushThread] INFO  ratis.OzoneManagerDoubleBuffer (OzoneManagerDoubleBuffer.java:flushTransactions(191)) - OMDoubleBuffer flush thread OMDoubleBufferFlushThread is interrupted and will exit. OMDoubleBufferFlushThread
2019-09-12 02:05:16,183 [main] INFO  utils.BackgroundService (BackgroundService.java:shutdown(148)) - Shutting down service KeyDeletingService
2019-09-12 02:05:16,185 [main] INFO  handler.ContextHandler (ContextHandler.java:doStop(910)) - Stopped o.e.j.w.WebAppContext@2d760326{/,null,UNAVAILABLE}{/ozoneManager}
2019-09-12 02:05:16,186 [main] INFO  server.AbstractConnector (AbstractConnector.java:doStop(318)) - Stopped ServerConnector@9e54c59{HTTP/1.1,[http/1.1]}{0.0.0.0:0}
2019-09-12 02:05:16,186 [main] INFO  handler.ContextHandler (ContextHandler.java:doStop(910)) - Stopped o.e.j.s.ServletContextHandler@60bb7995{/static,file:///workdir/hadoop-ozone/integration-test/target/test-classes/webapps/static,UNAVAILABLE}
2019-09-12 02:05:16,187 [main] INFO  handler.ContextHandler (ContextHandler.java:doStop(910)) - Stopped o.e.j.s.ServletContextHandler@3eb3232b{/logs,file:///workdir/hadoop-ozone/integration-test/target/log,UNAVAILABLE}
2019-09-12 02:05:16,190 [main] INFO  ozone.MiniOzoneClusterImpl (MiniOzoneClusterImpl.java:stop(335)) - Shutting the HddsDatanodes
2019-09-12 02:05:16,394 [Datanode State Machine Thread - 0] INFO  statemachine.DatanodeStateMachine (DatanodeStateMachine.java:lambda$startDaemon$0(350)) - Ozone container server started.
2019-09-12 02:05:16,750 [Datanode State Machine Thread - 0] INFO  statemachine.DatanodeStateMachine (DatanodeStateMachine.java:lambda$startDaemon$0(350)) - Ozone container server started.
2019-09-12 02:05:21,192 [ForkJoinPool.commonPool-worker-0] INFO  ozoneimpl.OzoneContainer (OzoneContainer.java:stop(215)) - Attempting to stop container services.
2019-09-12 02:05:21,193 [ForkJoinPool.commonPool-worker-0] INFO  impl.RaftServerProxy (RaftServerProxy.java:lambda$close$4(314)) - 067762ab-0a52-47b0-8eb8-1c600f2f3255: close
2019-09-12 02:05:21,193 [ForkJoinPool.commonPool-worker-0] INFO  impl.RaftServerImpl (RaftServerImpl.java:lambda$shutdown$3(245)) - 067762ab-0a52-47b0-8eb8-1c600f2f3255: shutdown group-A482908CC31F
2019-09-12 02:05:21,194 [ForkJoinPool.commonPool-worker-0] INFO  util.JmxRegister (JmxRegister.java:unregister(73)) - Successfully un-registered JMX Bean with object name Ratis:service=RaftServer,group=group-A482908CC31F,id=067762ab-0a52-47b0-8eb8-1c600f2f3255
2019-09-12 02:05:21,193 [main] INFO  ozoneimpl.OzoneContainer (OzoneContainer.java:stop(215)) - Attempting to stop container services.
2019-09-12 02:05:21,194 [ForkJoinPool.commonPool-worker-0] INFO  impl.RoleInfo (RoleInfo.java:shutdownLeaderState(104)) - 067762ab-0a52-47b0-8eb8-1c600f2f3255: shutdown LeaderState
2019-09-12 02:05:21,195 [main] INFO  impl.RaftServerProxy (RaftServerProxy.java:lambda$close$4(314)) - a6c0a076-5a4d-4b07-959a-c5ddb0608f42: close
2019-09-12 02:05:21,195 [ForkJoinPool.commonPool-worker-0] INFO  impl.PendingRequests (PendingRequests.java:sendNotLeaderResponses(202)) - 067762ab-0a52-47b0-8eb8-1c600f2f3255-PendingRequests: sendNotLeaderResponses
2019-09-12 02:05:21,195 [main] INFO  impl.RaftServerImpl (RaftServerImpl.java:lambda$shutdown$3(245)) - a6c0a076-5a4d-4b07-959a-c5ddb0608f42: shutdown group-8E895DF6726C
2019-09-12 02:05:21,196 [main] INFO  util.JmxRegister (JmxRegister.java:unregister(73)) - Successfully un-registered JMX Bean with object name Ratis:service=RaftServer,group=group-8E895DF6726C,id=a6c0a076-5a4d-4b07-959a-c5ddb0608f42
2019-09-12 02:05:21,196 [ForkJoinPool.commonPool-worker-0] INFO  impl.StateMachineUpdater (StateMachineUpdater.java:stopAndJoin(115)) - StateMachineUpdater:067762ab-0a52-47b0-8eb8-1c600f2f3255:group-A482908CC31F: set stopIndex = 0
2019-09-12 02:05:21,196 [main] INFO  impl.RoleInfo (RoleInfo.java:shutdownFollowerState(121)) - a6c0a076-5a4d-4b07-959a-c5ddb0608f42: shutdown FollowerState
2019-09-12 02:05:21,196 [ForkJoinPool.commonPool-worker-0] INFO  impl.RaftServerImpl (ServerState.java:close(394)) - 067762ab-0a52-47b0-8eb8-1c600f2f3255:group-A482908CC31F closes. The last applied log index is 0
2019-09-12 02:05:21,196 [StateMachineUpdater:a6c0a076-5a4d-4b07-959a-c5ddb0608f42:group-8E895DF6726C] INFO  ratis.ContainerStateMachine (ContainerStateMachine.java:takeSnapshot(284)) - group-8E895DF6726C: Taking a snapshot at:(t:4, i:5) file /workdir/hadoop-ozone/integration-test/target/test-dir/MiniOzoneClusterImpl-e005c837-da8a-4f19-87c0-c8547cff9190/datanode-4/data/ratis/247fa460-50e3-4cc5-a3fb-8e895df6726c/sm/snapshot.4_5
2019-09-12 02:05:21,196 [Thread-898] INFO  impl.FollowerState (FollowerState.java:run(114)) - a6c0a076-5a4d-4b07-959a-c5ddb0608f42: FollowerState was interrupted: java.lang.InterruptedException: sleep interrupted
2019-09-12 02:05:21,196 [main] INFO  impl.StateMachineUpdater (StateMachineUpdater.java:stopAndJoin(115)) - StateMachineUpdater:a6c0a076-5a4d-4b07-959a-c5ddb0608f42:group-8E895DF6726C: set stopIndex = 8
2019-09-12 02:05:21,197 [067762ab-0a52-47b0-8eb8-1c600f2f3255-SegmentedRaftLogWorker:Storage Directory /workdir/hadoop-ozone/integration-test/target/test-dir/MiniOzoneClusterImpl-e005c837-da8a-4f19-87c0-c8547cff9190/datanode-1/data/ratis/a0d5c791-d330-4444-b262-a482908cc31f] INFO  segmented.SegmentedRaftLogWorker (SegmentedRaftLogWorker.java:run(313)) - 067762ab-0a52-47b0-8eb8-1c600f2f3255-SegmentedRaftLogWorker:Storage Directory /workdir/hadoop-ozone/integration-test/target/test-dir/MiniOzoneClusterImpl-e005c837-da8a-4f19-87c0-c8547cff9190/datanode-1/data/ratis/a0d5c791-d330-4444-b262-a482908cc31f was interrupted, exiting. There are 0 tasks remaining in the queue.
2019-09-12 02:05:21,208 [ForkJoinPool.commonPool-worker-0] INFO  segmented.SegmentedRaftLogWorker (SegmentedRaftLogWorker.java:close(228)) - 067762ab-0a52-47b0-8eb8-1c600f2f3255-SegmentedRaftLogWorker:Storage Directory /workdir/hadoop-ozone/integration-test/target/test-dir/MiniOzoneClusterImpl-e005c837-da8a-4f19-87c0-c8547cff9190/datanode-1/data/ratis/a0d5c791-d330-4444-b262-a482908cc31f close()
2019-09-12 02:05:21,210 [StateMachineUpdater:a6c0a076-5a4d-4b07-959a-c5ddb0608f42:group-8E895DF6726C] INFO  ratis.ContainerStateMachine (ContainerStateMachine.java:takeSnapshot(295)) - group-8E895DF6726C: Finished taking a snapshot at:(t:4, i:5) file:/workdir/hadoop-ozone/integration-test/target/test-dir/MiniOzoneClusterImpl-e005c837-da8a-4f19-87c0-c8547cff9190/datanode-4/data/ratis/247fa460-50e3-4cc5-a3fb-8e895df6726c/sm/snapshot.4_5 time:14
2019-09-12 02:05:21,212 [StateMachineUpdater:a6c0a076-5a4d-4b07-959a-c5ddb0608f42:group-8E895DF6726C] INFO  impl.StateMachineUpdater (StateMachineUpdater.java:takeSnapshot(242)) - StateMachineUpdater:a6c0a076-5a4d-4b07-959a-c5ddb0608f42:group-8E895DF6726C: Took a snapshot at index 5
2019-09-12 02:05:21,212 [ForkJoinPool.commonPool-worker-0] INFO  impl.RaftServerImpl (RaftServerImpl.java:lambda$shutdown$3(245)) - 067762ab-0a52-47b0-8eb8-1c600f2f3255: shutdown group-5D3821C2B03B
2019-09-12 02:05:21,212 [StateMachineUpdater:a6c0a076-5a4d-4b07-959a-c5ddb0608f42:group-8E895DF6726C] INFO  impl.StateMachineUpdater (StateMachineUpdater.java:lambda$new$0(80)) - StateMachineUpdater:a6c0a076-5a4d-4b07-959a-c5ddb0608f42:group-8E895DF6726C: snapshotIndex: updateIncreasingly -1 -> 5
2019-09-12 02:05:21,212 [ForkJoinPool.commonPool-worker-0] INFO  util.JmxRegister (JmxRegister.java:unregister(73)) - Successfully un-registered JMX Bean with object name Ratis:service=RaftServer,group=group-5D3821C2B03B,id=067762ab-0a52-47b0-8eb8-1c600f2f3255
2019-09-12 02:05:21,213 [ForkJoinPool.commonPool-worker-0] INFO  impl.RoleInfo (RoleInfo.java:shutdownLeaderState(104)) - 067762ab-0a52-47b0-8eb8-1c600f2f3255: shutdown LeaderState
2019-09-12 02:05:21,213 [main] INFO  impl.RaftServerImpl (ServerState.java:close(394)) - a6c0a076-5a4d-4b07-959a-c5ddb0608f42:group-8E895DF6726C closes. The last applied log index is 8
2019-09-12 02:05:21,217 [org.apache.ratis.server.impl.LogAppender$AppenderDaemon$$Lambda$500/1892893596@7b17c303] WARN  server.GrpcLogAppender (GrpcLogAppender.java:mayWait(143)) - GrpcLogAppender(067762ab-0a52-47b0-8eb8-1c600f2f3255->e39f61b7-cb47-46e5-aab2-7f1cf4f3c7c8): Wait interrupted by java.lang.InterruptedException
2019-09-12 02:05:21,217 [org.apache.ratis.server.impl.LogAppender$AppenderDaemon$$Lambda$500/1892893596@3e154205] WARN  server.GrpcLogAppender (GrpcLogAppender.java:mayWait(143)) - GrpcLogAppender(067762ab-0a52-47b0-8eb8-1c600f2f3255->73873c4a-9b01-429b-bc57-203d0ab13a8f): Wait interrupted by java.lang.InterruptedException
2019-09-12 02:05:21,217 [ForkJoinPool.commonPool-worker-0] INFO  impl.PendingRequests (PendingRequests.java:sendNotLeaderResponses(202)) - 067762ab-0a52-47b0-8eb8-1c600f2f3255-PendingRequests: sendNotLeaderResponses
2019-09-12 02:05:21,218 [grpc-default-executor-4] INFO  server.GrpcServerProtocolService (GrpcServerProtocolService.java:onCompleted(104)) - 73873c4a-9b01-429b-bc57-203d0ab13a8f: appendEntries completed
2019-09-12 02:05:21,218 [grpc-default-executor-6] INFO  server.GrpcServerProtocolService (GrpcServerProtocolService.java:onCompleted(104)) - e39f61b7-cb47-46e5-aab2-7f1cf4f3c7c8: appendEntries completed
2019-09-12 02:05:21,217 [a6c0a076-5a4d-4b07-959a-c5ddb0608f42-SegmentedRaftLogWorker:Storage Directory /workdir/hadoop-ozone/integration-test/target/test-dir/MiniOzoneClusterImpl-e005c837-da8a-4f19-87c0-c8547cff9190/datanode-4/data/ratis/247fa460-50e3-4cc5-a3fb-8e895df6726c] INFO  segmented.SegmentedRaftLogWorker (SegmentedRaftLogWorker.java:run(313)) - a6c0a076-5a4d-4b07-959a-c5ddb0608f42-SegmentedRaftLogWorker:Storage Directory /workdir/hadoop-ozone/integration-test/target/test-dir/MiniOzoneClusterImpl-e005c837-da8a-4f19-87c0-c8547cff9190/datanode-4/data/ratis/247fa460-50e3-4cc5-a3fb-8e895df6726c was interrupted, exiting. There are 0 tasks remaining in the queue.
2019-09-12 02:05:21,218 [ForkJoinPool.commonPool-worker-0] INFO  impl.StateMachineUpdater (StateMachineUpdater.java:stopAndJoin(115)) - StateMachineUpdater:067762ab-0a52-47b0-8eb8-1c600f2f3255:group-5D3821C2B03B: set stopIndex = 0
2019-09-12 02:05:21,220 [grpc-default-executor-6] INFO  server.GrpcLogAppender (GrpcLogAppender.java:onCompleted(292)) - 067762ab-0a52-47b0-8eb8-1c600f2f3255->73873c4a-9b01-429b-bc57-203d0ab13a8f: follower responses appendEntries COMPLETED
2019-09-12 02:05:21,220 [grpc-default-executor-4] INFO  server.GrpcLogAppender (GrpcLogAppender.java:onCompleted(292)) - 067762ab-0a52-47b0-8eb8-1c600f2f3255->e39f61b7-cb47-46e5-aab2-7f1cf4f3c7c8: follower responses appendEntries COMPLETED
2019-09-12 02:05:21,220 [ForkJoinPool.commonPool-worker-0] INFO  impl.RaftServerImpl (ServerState.java:close(394)) - 067762ab-0a52-47b0-8eb8-1c600f2f3255:group-5D3821C2B03B closes. The last applied log index is 0
2019-09-12 02:05:21,220 [main] INFO  segmented.SegmentedRaftLogWorker (SegmentedRaftLogWorker.java:close(228)) - a6c0a076-5a4d-4b07-959a-c5ddb0608f42-SegmentedRaftLogWorker:Storage Directory /workdir/hadoop-ozone/integration-test/target/test-dir/MiniOzoneClusterImpl-e005c837-da8a-4f19-87c0-c8547cff9190/datanode-4/data/ratis/247fa460-50e3-4cc5-a3fb-8e895df6726c close()
2019-09-12 02:05:21,225 [067762ab-0a52-47b0-8eb8-1c600f2f3255-SegmentedRaftLogWorker:Storage Directory /workdir/hadoop-ozone/integration-test/target/test-dir/MiniOzoneClusterImpl-e005c837-da8a-4f19-87c0-c8547cff9190/datanode-1/data/ratis/49aa77e5-2f36-488b-87f0-5d3821c2b03b] INFO  segmented.SegmentedRaftLogWorker (SegmentedRaftLogWorker.java:run(313)) - 067762ab-0a52-47b0-8eb8-1c600f2f3255-SegmentedRaftLogWorker:Storage Directory /workdir/hadoop-ozone/integration-test/target/test-dir/MiniOzoneClusterImpl-e005c837-da8a-4f19-87c0-c8547cff9190/datanode-1/data/ratis/49aa77e5-2f36-488b-87f0-5d3821c2b03b was interrupted, exiting. There are 0 tasks remaining in the queue.
2019-09-12 02:05:21,225 [grpc-default-executor-4] INFO  impl.FollowerInfo (FollowerInfo.java:lambda$new$0(50)) - 067762ab-0a52-47b0-8eb8-1c600f2f3255->e39f61b7-cb47-46e5-aab2-7f1cf4f3c7c8: nextIndex: updateUnconditionally 1 -> 0
2019-09-12 02:05:21,223 [grpc-default-executor-6] INFO  impl.FollowerInfo (FollowerInfo.java:lambda$new$0(50)) - 067762ab-0a52-47b0-8eb8-1c600f2f3255->73873c4a-9b01-429b-bc57-203d0ab13a8f: nextIndex: updateUnconditionally 1 -> 0
2019-09-12 02:05:21,231 [ForkJoinPool.commonPool-worker-0] INFO  segmented.SegmentedRaftLogWorker (SegmentedRaftLogWorker.java:close(228)) - 067762ab-0a52-47b0-8eb8-1c600f2f3255-SegmentedRaftLogWorker:Storage Directory /workdir/hadoop-ozone/integration-test/target/test-dir/MiniOzoneClusterImpl-e005c837-da8a-4f19-87c0-c8547cff9190/datanode-1/data/ratis/49aa77e5-2f36-488b-87f0-5d3821c2b03b close()
2019-09-12 02:05:21,229 [main] INFO  impl.RaftServerImpl (RaftServerImpl.java:lambda$shutdown$3(245)) - a6c0a076-5a4d-4b07-959a-c5ddb0608f42: shutdown group-A1616DFA9972
2019-09-12 02:05:21,235 [ForkJoinPool.commonPool-worker-0] INFO  server.GrpcService (GrpcService.java:closeImpl(155)) - 067762ab-0a52-47b0-8eb8-1c600f2f3255: shutdown server with port 42497 now
2019-09-12 02:05:21,235 [main] INFO  util.JmxRegister (JmxRegister.java:unregister(73)) - Successfully un-registered JMX Bean with object name Ratis:service=RaftServer,group=group-A1616DFA9972,id=a6c0a076-5a4d-4b07-959a-c5ddb0608f42
2019-09-12 02:05:21,235 [main] INFO  impl.RoleInfo (RoleInfo.java:shutdownLeaderState(104)) - a6c0a076-5a4d-4b07-959a-c5ddb0608f42: shutdown LeaderState
2019-09-12 02:05:21,236 [ForkJoinPool.commonPool-worker-0] INFO  server.GrpcService (GrpcService.java:closeImpl(163)) - 067762ab-0a52-47b0-8eb8-1c600f2f3255: shutdown server with port 42497 successfully
2019-09-12 02:05:21,236 [main] INFO  impl.PendingRequests (PendingRequests.java:sendNotLeaderResponses(202)) - a6c0a076-5a4d-4b07-959a-c5ddb0608f42-PendingRequests: sendNotLeaderResponses
2019-09-12 02:05:21,237 [main] INFO  impl.StateMachineUpdater (StateMachineUpdater.java:stopAndJoin(115)) - StateMachineUpdater:a6c0a076-5a4d-4b07-959a-c5ddb0608f42:group-A1616DFA9972: set stopIndex = 0
2019-09-12 02:05:21,237 [main] INFO  impl.RaftServerImpl (ServerState.java:close(394)) - a6c0a076-5a4d-4b07-959a-c5ddb0608f42:group-A1616DFA9972 closes. The last applied log index is 0
2019-09-12 02:05:21,237 [refreshUsed-/workdir/hadoop-ozone/integration-test/target/test-dir/MiniOzoneClusterImpl-e005c837-da8a-4f19-87c0-c8547cff9190/datanode-1/data/containers] WARN  fs.CachingGetSpaceUsed (CachingGetSpaceUsed.java:run(183)) - Thread Interrupted waiting to refresh disk information: sleep interrupted
2019-09-12 02:05:21,238 [a6c0a076-5a4d-4b07-959a-c5ddb0608f42-SegmentedRaftLogWorker:Storage Directory /workdir/hadoop-ozone/integration-test/target/test-dir/MiniOzoneClusterImpl-e005c837-da8a-4f19-87c0-c8547cff9190/datanode-4/data/ratis/9547e30d-1206-43fe-87ef-a1616dfa9972] INFO  segmented.SegmentedRaftLogWorker (SegmentedRaftLogWorker.java:run(313)) - a6c0a076-5a4d-4b07-959a-c5ddb0608f42-SegmentedRaftLogWorker:Storage Directory /workdir/hadoop-ozone/integration-test/target/test-dir/MiniOzoneClusterImpl-e005c837-da8a-4f19-87c0-c8547cff9190/datanode-4/data/ratis/9547e30d-1206-43fe-87ef-a1616dfa9972 was interrupted, exiting. There are 0 tasks remaining in the queue.
2019-09-12 02:05:21,240 [main] INFO  segmented.SegmentedRaftLogWorker (SegmentedRaftLogWorker.java:close(228)) - a6c0a076-5a4d-4b07-959a-c5ddb0608f42-SegmentedRaftLogWorker:Storage Directory /workdir/hadoop-ozone/integration-test/target/test-dir/MiniOzoneClusterImpl-e005c837-da8a-4f19-87c0-c8547cff9190/datanode-4/data/ratis/9547e30d-1206-43fe-87ef-a1616dfa9972 close()
2019-09-12 02:05:21,253 [main] INFO  server.GrpcService (GrpcService.java:closeImpl(155)) - a6c0a076-5a4d-4b07-959a-c5ddb0608f42: shutdown server with port 37247 now
2019-09-12 02:05:21,260 [grpc-default-executor-4] WARN  server.GrpcServerProtocolService (LogUtils.java:warn(134)) - a6c0a076-5a4d-4b07-959a-c5ddb0608f42: appendEntries onError: org.apache.ratis.thirdparty.io.grpc.StatusRuntimeException: CANCELLED: cancelled before receiving half close
2019-09-12 02:05:21,260 [main] INFO  server.GrpcService (GrpcService.java:closeImpl(163)) - a6c0a076-5a4d-4b07-959a-c5ddb0608f42: shutdown server with port 37247 successfully
2019-09-12 02:05:21,260 [grpc-default-executor-4] WARN  client.GrpcClientProtocolService (LogUtils.java:warn(134)) - 42-OrderedRequestStreamObserver42: onError: org.apache.ratis.thirdparty.io.grpc.StatusRuntimeException: CANCELLED: cancelled before receiving half close
2019-09-12 02:05:21,262 [grpc-default-executor-8] WARN  server.GrpcLogAppender (LogUtils.java:warn(134)) - e2abdd95-f9ca-46dd-87d9-3f938e07de83->a6c0a076-5a4d-4b07-959a-c5ddb0608f42: Failed appendEntries: org.apache.ratis.thirdparty.io.grpc.StatusRuntimeException: CANCELLED: HTTP/2 error code: CANCEL
Received Rst Stream
2019-09-12 02:05:21,263 [grpc-default-executor-8] INFO  impl.FollowerInfo (FollowerInfo.java:lambda$new$0(50)) - e2abdd95-f9ca-46dd-87d9-3f938e07de83->a6c0a076-5a4d-4b07-959a-c5ddb0608f42: nextIndex: updateUnconditionally 9 -> 8
2019-09-12 02:05:21,266 [refreshUsed-/workdir/hadoop-ozone/integration-test/target/test-dir/MiniOzoneClusterImpl-e005c837-da8a-4f19-87c0-c8547cff9190/datanode-4/data/containers] WARN  fs.CachingGetSpaceUsed (CachingGetSpaceUsed.java:run(183)) - Thread Interrupted waiting to refresh disk information: sleep interrupted
2019-09-12 02:05:21,280 [ForkJoinPool.commonPool-worker-0] INFO  utils.BackgroundService (BackgroundService.java:shutdown(148)) - Shutting down service BlockDeletingService
2019-09-12 02:05:21,286 [ForkJoinPool.commonPool-worker-0] INFO  statemachine.DatanodeStateMachine (DatanodeStateMachine.java:stopDaemon(395)) - Ozone container server stopped.
2019-09-12 02:05:21,289 [main] INFO  utils.BackgroundService (BackgroundService.java:shutdown(148)) - Shutting down service BlockDeletingService
2019-09-12 02:05:21,291 [ForkJoinPool.commonPool-worker-0] INFO  handler.ContextHandler (ContextHandler.java:doStop(910)) - Stopped o.e.j.w.WebAppContext@12a2585b{/,null,UNAVAILABLE}{/hddsDatanode}
2019-09-12 02:05:21,296 [main] INFO  statemachine.DatanodeStateMachine (DatanodeStateMachine.java:stopDaemon(395)) - Ozone container server stopped.
2019-09-12 02:05:21,296 [ForkJoinPool.commonPool-worker-0] INFO  server.AbstractConnector (AbstractConnector.java:doStop(318)) - Stopped ServerConnector@21b6c9c2{HTTP/1.1,[http/1.1]}{0.0.0.0:0}
2019-09-12 02:05:21,298 [ForkJoinPool.commonPool-worker-0] INFO  handler.ContextHandler (ContextHandler.java:doStop(910)) - Stopped o.e.j.s.ServletContextHandler@670f2466{/static,jar:file:/home/user/.m2/repository/org/apache/hadoop/hadoop-hdds-container-service/0.5.0-SNAPSHOT/hadoop-hdds-container-service-0.5.0-SNAPSHOT.jar!/webapps/static,UNAVAILABLE}
2019-09-12 02:05:21,300 [ForkJoinPool.commonPool-worker-0] INFO  handler.ContextHandler (ContextHandler.java:doStop(910)) - Stopped o.e.j.s.ServletContextHandler@ffd4cba{/logs,file:///workdir/hadoop-ozone/integration-test/target/log,UNAVAILABLE}
2019-09-12 02:05:21,300 [main] INFO  handler.ContextHandler (ContextHandler.java:doStop(910)) - Stopped o.e.j.w.WebAppContext@50eb4a2c{/,null,UNAVAILABLE}{/hddsDatanode}
2019-09-12 02:05:21,301 [main] INFO  server.AbstractConnector (AbstractConnector.java:doStop(318)) - Stopped ServerConnector@1a256d80{HTTP/1.1,[http/1.1]}{0.0.0.0:0}
2019-09-12 02:05:21,301 [main] INFO  handler.ContextHandler (ContextHandler.java:doStop(910)) - Stopped o.e.j.s.ServletContextHandler@1163a27{/static,jar:file:/home/user/.m2/repository/org/apache/hadoop/hadoop-hdds-container-service/0.5.0-SNAPSHOT/hadoop-hdds-container-service-0.5.0-SNAPSHOT.jar!/webapps/static,UNAVAILABLE}
2019-09-12 02:05:21,301 [main] INFO  handler.ContextHandler (ContextHandler.java:doStop(910)) - Stopped o.e.j.s.ServletContextHandler@28a9494b{/logs,file:///workdir/hadoop-ozone/integration-test/target/log,UNAVAILABLE}
2019-09-12 02:05:21,399 [Datanode State Machine Thread - 0] INFO  statemachine.DatanodeStateMachine (DatanodeStateMachine.java:lambda$startDaemon$0(350)) - Ozone container server started.
2019-09-12 02:05:21,712 [grpc-default-executor-7] WARN  server.GrpcLogAppender (LogUtils.java:warn(134)) - e2abdd95-f9ca-46dd-87d9-3f938e07de83->a6c0a076-5a4d-4b07-959a-c5ddb0608f42: Failed appendEntries: org.apache.ratis.thirdparty.io.grpc.StatusRuntimeException: UNAVAILABLE: io exception
2019-09-12 02:05:21,715 [grpc-default-executor-7] INFO  impl.FollowerInfo (FollowerInfo.java:lambda$new$0(50)) - e2abdd95-f9ca-46dd-87d9-3f938e07de83->a6c0a076-5a4d-4b07-959a-c5ddb0608f42: nextIndex: updateUnconditionally 8 -> 7
2019-09-12 02:05:21,752 [Datanode State Machine Thread - 0] INFO  statemachine.DatanodeStateMachine (DatanodeStateMachine.java:lambda$startDaemon$0(350)) - Ozone container server started.
2019-09-12 02:05:24,212 [grpc-default-executor-4] WARN  server.GrpcLogAppender (LogUtils.java:warn(134)) - e2abdd95-f9ca-46dd-87d9-3f938e07de83->a6c0a076-5a4d-4b07-959a-c5ddb0608f42: Failed appendEntries: org.apache.ratis.thirdparty.io.grpc.StatusRuntimeException: UNAVAILABLE: io exception
2019-09-12 02:05:24,215 [grpc-default-executor-4] INFO  impl.FollowerInfo (FollowerInfo.java:lambda$new$0(50)) - e2abdd95-f9ca-46dd-87d9-3f938e07de83->a6c0a076-5a4d-4b07-959a-c5ddb0608f42: nextIndex: updateUnconditionally 7 -> 6
2019-09-12 02:05:26,301 [ForkJoinPool.commonPool-worker-0] INFO  ozoneimpl.OzoneContainer (OzoneContainer.java:stop(215)) - Attempting to stop container services.
2019-09-12 02:05:26,301 [ForkJoinPool.commonPool-worker-0] INFO  impl.RaftServerProxy (RaftServerProxy.java:lambda$close$4(314)) - 73873c4a-9b01-429b-bc57-203d0ab13a8f: close
2019-09-12 02:05:26,302 [ForkJoinPool.commonPool-worker-0] INFO  impl.RaftServerImpl (RaftServerImpl.java:lambda$shutdown$3(245)) - 73873c4a-9b01-429b-bc57-203d0ab13a8f: shutdown group-5D3821C2B03B
2019-09-12 02:05:26,302 [ForkJoinPool.commonPool-worker-0] INFO  util.JmxRegister (JmxRegister.java:unregister(73)) - Successfully un-registered JMX Bean with object name Ratis:service=RaftServer,group=group-5D3821C2B03B,id=73873c4a-9b01-429b-bc57-203d0ab13a8f
2019-09-12 02:05:26,302 [ForkJoinPool.commonPool-worker-0] INFO  impl.RoleInfo (RoleInfo.java:shutdownFollowerState(121)) - 73873c4a-9b01-429b-bc57-203d0ab13a8f: shutdown FollowerState
2019-09-12 02:05:26,302 [ForkJoinPool.commonPool-worker-0] INFO  impl.StateMachineUpdater (StateMachineUpdater.java:stopAndJoin(115)) - StateMachineUpdater:73873c4a-9b01-429b-bc57-203d0ab13a8f:group-5D3821C2B03B: set stopIndex = 0
2019-09-12 02:05:26,302 [Thread-774] INFO  impl.FollowerState (FollowerState.java:run(114)) - 73873c4a-9b01-429b-bc57-203d0ab13a8f: FollowerState was interrupted: java.lang.InterruptedException: sleep interrupted
2019-09-12 02:05:26,302 [ForkJoinPool.commonPool-worker-0] INFO  impl.RaftServerImpl (ServerState.java:close(394)) - 73873c4a-9b01-429b-bc57-203d0ab13a8f:group-5D3821C2B03B closes. The last applied log index is 0
2019-09-12 02:05:26,303 [73873c4a-9b01-429b-bc57-203d0ab13a8f-SegmentedRaftLogWorker:Storage Directory /workdir/hadoop-ozone/integration-test/target/test-dir/MiniOzoneClusterImpl-e005c837-da8a-4f19-87c0-c8547cff9190/datanode-2/data/ratis/49aa77e5-2f36-488b-87f0-5d3821c2b03b] INFO  segmented.SegmentedRaftLogWorker (SegmentedRaftLogWorker.java:run(313)) - 73873c4a-9b01-429b-bc57-203d0ab13a8f-SegmentedRaftLogWorker:Storage Directory /workdir/hadoop-ozone/integration-test/target/test-dir/MiniOzoneClusterImpl-e005c837-da8a-4f19-87c0-c8547cff9190/datanode-2/data/ratis/49aa77e5-2f36-488b-87f0-5d3821c2b03b was interrupted, exiting. There are 0 tasks remaining in the queue.
2019-09-12 02:05:26,305 [main] INFO  ozoneimpl.OzoneContainer (OzoneContainer.java:stop(215)) - Attempting to stop container services.
2019-09-12 02:05:26,306 [main] INFO  impl.RaftServerProxy (RaftServerProxy.java:lambda$close$4(314)) - 992420f5-0400-4216-b477-118fb1248d11: close
2019-09-12 02:05:26,306 [main] INFO  impl.RaftServerImpl (RaftServerImpl.java:lambda$shutdown$3(245)) - 992420f5-0400-4216-b477-118fb1248d11: shutdown group-8E895DF6726C
2019-09-12 02:05:26,307 [main] INFO  util.JmxRegister (JmxRegister.java:unregister(73)) - Successfully un-registered JMX Bean with object name Ratis:service=RaftServer,group=group-8E895DF6726C,id=992420f5-0400-4216-b477-118fb1248d11
2019-09-12 02:05:26,307 [main] INFO  impl.RoleInfo (RoleInfo.java:shutdownFollowerState(121)) - 992420f5-0400-4216-b477-118fb1248d11: shutdown FollowerState
2019-09-12 02:05:26,308 [main] INFO  impl.StateMachineUpdater (StateMachineUpdater.java:stopAndJoin(115)) - StateMachineUpdater:992420f5-0400-4216-b477-118fb1248d11:group-8E895DF6726C: set stopIndex = 8
2019-09-12 02:05:26,308 [StateMachineUpdater:992420f5-0400-4216-b477-118fb1248d11:group-8E895DF6726C] INFO  ratis.ContainerStateMachine (ContainerStateMachine.java:takeSnapshot(284)) - group-8E895DF6726C: Taking a snapshot at:(t:4, i:5) file /workdir/hadoop-ozone/integration-test/target/test-dir/MiniOzoneClusterImpl-e005c837-da8a-4f19-87c0-c8547cff9190/datanode-3/data/ratis/247fa460-50e3-4cc5-a3fb-8e895df6726c/sm/snapshot.4_5
2019-09-12 02:05:26,308 [Thread-899] INFO  impl.FollowerState (FollowerState.java:run(114)) - 992420f5-0400-4216-b477-118fb1248d11: FollowerState was interrupted: java.lang.InterruptedException: sleep interrupted
2019-09-12 02:05:26,314 [ForkJoinPool.commonPool-worker-0] INFO  segmented.SegmentedRaftLogWorker (SegmentedRaftLogWorker.java:close(228)) - 73873c4a-9b01-429b-bc57-203d0ab13a8f-SegmentedRaftLogWorker:Storage Directory /workdir/hadoop-ozone/integration-test/target/test-dir/MiniOzoneClusterImpl-e005c837-da8a-4f19-87c0-c8547cff9190/datanode-2/data/ratis/49aa77e5-2f36-488b-87f0-5d3821c2b03b close()
2019-09-12 02:05:26,316 [ForkJoinPool.commonPool-worker-0] INFO  impl.RaftServerImpl (RaftServerImpl.java:lambda$shutdown$3(245)) - 73873c4a-9b01-429b-bc57-203d0ab13a8f: shutdown group-027E12E9F058
2019-09-12 02:05:26,316 [ForkJoinPool.commonPool-worker-0] INFO  util.JmxRegister (JmxRegister.java:unregister(73)) - Successfully un-registered JMX Bean with object name Ratis:service=RaftServer,group=group-027E12E9F058,id=73873c4a-9b01-429b-bc57-203d0ab13a8f
2019-09-12 02:05:26,316 [ForkJoinPool.commonPool-worker-0] INFO  impl.RoleInfo (RoleInfo.java:shutdownLeaderState(104)) - 73873c4a-9b01-429b-bc57-203d0ab13a8f: shutdown LeaderState
2019-09-12 02:05:26,317 [ForkJoinPool.commonPool-worker-0] INFO  impl.PendingRequests (PendingRequests.java:sendNotLeaderResponses(202)) - 73873c4a-9b01-429b-bc57-203d0ab13a8f-PendingRequests: sendNotLeaderResponses
2019-09-12 02:05:26,317 [ForkJoinPool.commonPool-worker-0] INFO  impl.StateMachineUpdater (StateMachineUpdater.java:stopAndJoin(115)) - StateMachineUpdater:73873c4a-9b01-429b-bc57-203d0ab13a8f:group-027E12E9F058: set stopIndex = 0
2019-09-12 02:05:26,317 [ForkJoinPool.commonPool-worker-0] INFO  impl.RaftServerImpl (ServerState.java:close(394)) - 73873c4a-9b01-429b-bc57-203d0ab13a8f:group-027E12E9F058 closes. The last applied log index is 0
2019-09-12 02:05:26,318 [73873c4a-9b01-429b-bc57-203d0ab13a8f-SegmentedRaftLogWorker:Storage Directory /workdir/hadoop-ozone/integration-test/target/test-dir/MiniOzoneClusterImpl-e005c837-da8a-4f19-87c0-c8547cff9190/datanode-2/data/ratis/e6f6c062-617c-4938-a819-027e12e9f058] INFO  segmented.SegmentedRaftLogWorker (SegmentedRaftLogWorker.java:run(313)) - 73873c4a-9b01-429b-bc57-203d0ab13a8f-SegmentedRaftLogWorker:Storage Directory /workdir/hadoop-ozone/integration-test/target/test-dir/MiniOzoneClusterImpl-e005c837-da8a-4f19-87c0-c8547cff9190/datanode-2/data/ratis/e6f6c062-617c-4938-a819-027e12e9f058 was interrupted, exiting. There are 0 tasks remaining in the queue.
2019-09-12 02:05:26,320 [ForkJoinPool.commonPool-worker-0] INFO  segmented.SegmentedRaftLogWorker (SegmentedRaftLogWorker.java:close(228)) - 73873c4a-9b01-429b-bc57-203d0ab13a8f-SegmentedRaftLogWorker:Storage Directory /workdir/hadoop-ozone/integration-test/target/test-dir/MiniOzoneClusterImpl-e005c837-da8a-4f19-87c0-c8547cff9190/datanode-2/data/ratis/e6f6c062-617c-4938-a819-027e12e9f058 close()
2019-09-12 02:05:26,322 [ForkJoinPool.commonPool-worker-0] INFO  server.GrpcService (GrpcService.java:closeImpl(155)) - 73873c4a-9b01-429b-bc57-203d0ab13a8f: shutdown server with port 35970 now
2019-09-12 02:05:26,323 [ForkJoinPool.commonPool-worker-0] INFO  server.GrpcService (GrpcService.java:closeImpl(163)) - 73873c4a-9b01-429b-bc57-203d0ab13a8f: shutdown server with port 35970 successfully
2019-09-12 02:05:26,324 [refreshUsed-/workdir/hadoop-ozone/integration-test/target/test-dir/MiniOzoneClusterImpl-e005c837-da8a-4f19-87c0-c8547cff9190/datanode-2/data/containers] WARN  fs.CachingGetSpaceUsed (CachingGetSpaceUsed.java:run(183)) - Thread Interrupted waiting to refresh disk information: sleep interrupted
2019-09-12 02:05:26,343 [ForkJoinPool.commonPool-worker-0] INFO  utils.BackgroundService (BackgroundService.java:shutdown(148)) - Shutting down service BlockDeletingService
2019-09-12 02:05:26,349 [ForkJoinPool.commonPool-worker-0] INFO  statemachine.DatanodeStateMachine (DatanodeStateMachine.java:stopDaemon(395)) - Ozone container server stopped.
2019-09-12 02:05:26,354 [ForkJoinPool.commonPool-worker-0] INFO  handler.ContextHandler (ContextHandler.java:doStop(910)) - Stopped o.e.j.w.WebAppContext@6807a356{/,null,UNAVAILABLE}{/hddsDatanode}
2019-09-12 02:05:26,355 [ForkJoinPool.commonPool-worker-0] INFO  server.AbstractConnector (AbstractConnector.java:doStop(318)) - Stopped ServerConnector@7ddd84b5{HTTP/1.1,[http/1.1]}{0.0.0.0:0}
2019-09-12 02:05:26,357 [StateMachineUpdater:992420f5-0400-4216-b477-118fb1248d11:group-8E895DF6726C] INFO  ratis.ContainerStateMachine (ContainerStateMachine.java:takeSnapshot(295)) - group-8E895DF6726C: Finished taking a snapshot at:(t:4, i:5) file:/workdir/hadoop-ozone/integration-test/target/test-dir/MiniOzoneClusterImpl-e005c837-da8a-4f19-87c0-c8547cff9190/datanode-3/data/ratis/247fa460-50e3-4cc5-a3fb-8e895df6726c/sm/snapshot.4_5 time:49
2019-09-12 02:05:26,357 [ForkJoinPool.commonPool-worker-0] INFO  handler.ContextHandler (ContextHandler.java:doStop(910)) - Stopped o.e.j.s.ServletContextHandler@71adfedd{/static,jar:file:/home/user/.m2/repository/org/apache/hadoop/hadoop-hdds-container-service/0.5.0-SNAPSHOT/hadoop-hdds-container-service-0.5.0-SNAPSHOT.jar!/webapps/static,UNAVAILABLE}
2019-09-12 02:05:26,357 [StateMachineUpdater:992420f5-0400-4216-b477-118fb1248d11:group-8E895DF6726C] INFO  impl.StateMachineUpdater (StateMachineUpdater.java:takeSnapshot(242)) - StateMachineUpdater:992420f5-0400-4216-b477-118fb1248d11:group-8E895DF6726C: Took a snapshot at index 5
2019-09-12 02:05:26,359 [StateMachineUpdater:992420f5-0400-4216-b477-118fb1248d11:group-8E895DF6726C] INFO  impl.StateMachineUpdater (StateMachineUpdater.java:lambda$new$0(80)) - StateMachineUpdater:992420f5-0400-4216-b477-118fb1248d11:group-8E895DF6726C: snapshotIndex: updateIncreasingly -1 -> 5
2019-09-12 02:05:26,359 [ForkJoinPool.commonPool-worker-0] INFO  handler.ContextHandler (ContextHandler.java:doStop(910)) - Stopped o.e.j.s.ServletContextHandler@4130955c{/logs,file:///workdir/hadoop-ozone/integration-test/target/log,UNAVAILABLE}
2019-09-12 02:05:26,359 [main] INFO  impl.RaftServerImpl (ServerState.java:close(394)) - 992420f5-0400-4216-b477-118fb1248d11:group-8E895DF6726C closes. The last applied log index is 8
2019-09-12 02:05:26,360 [992420f5-0400-4216-b477-118fb1248d11-SegmentedRaftLogWorker:Storage Directory /workdir/hadoop-ozone/integration-test/target/test-dir/MiniOzoneClusterImpl-e005c837-da8a-4f19-87c0-c8547cff9190/datanode-3/data/ratis/247fa460-50e3-4cc5-a3fb-8e895df6726c] INFO  segmented.SegmentedRaftLogWorker (SegmentedRaftLogWorker.java:run(313)) - 992420f5-0400-4216-b477-118fb1248d11-SegmentedRaftLogWorker:Storage Directory /workdir/hadoop-ozone/integration-test/target/test-dir/MiniOzoneClusterImpl-e005c837-da8a-4f19-87c0-c8547cff9190/datanode-3/data/ratis/247fa460-50e3-4cc5-a3fb-8e895df6726c was interrupted, exiting. There are 0 tasks remaining in the queue.
2019-09-12 02:05:26,362 [main] INFO  segmented.SegmentedRaftLogWorker (SegmentedRaftLogWorker.java:close(228)) - 992420f5-0400-4216-b477-118fb1248d11-SegmentedRaftLogWorker:Storage Directory /workdir/hadoop-ozone/integration-test/target/test-dir/MiniOzoneClusterImpl-e005c837-da8a-4f19-87c0-c8547cff9190/datanode-3/data/ratis/247fa460-50e3-4cc5-a3fb-8e895df6726c close()
2019-09-12 02:05:26,364 [main] INFO  impl.RaftServerImpl (RaftServerImpl.java:lambda$shutdown$3(245)) - 992420f5-0400-4216-b477-118fb1248d11: shutdown group-EE974A69BD69
2019-09-12 02:05:26,364 [main] INFO  util.JmxRegister (JmxRegister.java:unregister(73)) - Successfully un-registered JMX Bean with object name Ratis:service=RaftServer,group=group-EE974A69BD69,id=992420f5-0400-4216-b477-118fb1248d11
2019-09-12 02:05:26,364 [main] INFO  impl.RoleInfo (RoleInfo.java:shutdownLeaderState(104)) - 992420f5-0400-4216-b477-118fb1248d11: shutdown LeaderState
2019-09-12 02:05:26,364 [main] INFO  impl.PendingRequests (PendingRequests.java:sendNotLeaderResponses(202)) - 992420f5-0400-4216-b477-118fb1248d11-PendingRequests: sendNotLeaderResponses
2019-09-12 02:05:26,365 [main] INFO  impl.StateMachineUpdater (StateMachineUpdater.java:stopAndJoin(115)) - StateMachineUpdater:992420f5-0400-4216-b477-118fb1248d11:group-EE974A69BD69: set stopIndex = 0
2019-09-12 02:05:26,365 [main] INFO  impl.RaftServerImpl (ServerState.java:close(394)) - 992420f5-0400-4216-b477-118fb1248d11:group-EE974A69BD69 closes. The last applied log index is 0
2019-09-12 02:05:26,366 [992420f5-0400-4216-b477-118fb1248d11-SegmentedRaftLogWorker:Storage Directory /workdir/hadoop-ozone/integration-test/target/test-dir/MiniOzoneClusterImpl-e005c837-da8a-4f19-87c0-c8547cff9190/datanode-3/data/ratis/85c3fb05-994f-42f3-962b-ee974a69bd69] INFO  segmented.SegmentedRaftLogWorker (SegmentedRaftLogWorker.java:run(313)) - 992420f5-0400-4216-b477-118fb1248d11-SegmentedRaftLogWorker:Storage Directory /workdir/hadoop-ozone/integration-test/target/test-dir/MiniOzoneClusterImpl-e005c837-da8a-4f19-87c0-c8547cff9190/datanode-3/data/ratis/85c3fb05-994f-42f3-962b-ee974a69bd69 was interrupted, exiting. There are 0 tasks remaining in the queue.
2019-09-12 02:05:26,367 [main] INFO  segmented.SegmentedRaftLogWorker (SegmentedRaftLogWorker.java:close(228)) - 992420f5-0400-4216-b477-118fb1248d11-SegmentedRaftLogWorker:Storage Directory /workdir/hadoop-ozone/integration-test/target/test-dir/MiniOzoneClusterImpl-e005c837-da8a-4f19-87c0-c8547cff9190/datanode-3/data/ratis/85c3fb05-994f-42f3-962b-ee974a69bd69 close()
2019-09-12 02:05:26,369 [main] INFO  server.GrpcService (GrpcService.java:closeImpl(155)) - 992420f5-0400-4216-b477-118fb1248d11: shutdown server with port 45375 now
2019-09-12 02:05:26,370 [grpc-default-executor-7] WARN  server.GrpcServerProtocolService (LogUtils.java:warn(134)) - 992420f5-0400-4216-b477-118fb1248d11: appendEntries onError: org.apache.ratis.thirdparty.io.grpc.StatusRuntimeException: CANCELLED: cancelled before receiving half close
2019-09-12 02:05:26,370 [main] INFO  server.GrpcService (GrpcService.java:closeImpl(163)) - 992420f5-0400-4216-b477-118fb1248d11: shutdown server with port 45375 successfully
2019-09-12 02:05:26,370 [grpc-default-executor-4] WARN  server.GrpcLogAppender (LogUtils.java:warn(134)) - e2abdd95-f9ca-46dd-87d9-3f938e07de83->992420f5-0400-4216-b477-118fb1248d11: Failed appendEntries: org.apache.ratis.thirdparty.io.grpc.StatusRuntimeException: CANCELLED: HTTP/2 error code: CANCEL
Received Rst Stream
2019-09-12 02:05:26,371 [grpc-default-executor-4] INFO  impl.FollowerInfo (FollowerInfo.java:lambda$new$0(50)) - e2abdd95-f9ca-46dd-87d9-3f938e07de83->992420f5-0400-4216-b477-118fb1248d11: nextIndex: updateUnconditionally 9 -> 8
2019-09-12 02:05:26,371 [refreshUsed-/workdir/hadoop-ozone/integration-test/target/test-dir/MiniOzoneClusterImpl-e005c837-da8a-4f19-87c0-c8547cff9190/datanode-3/data/containers] WARN  fs.CachingGetSpaceUsed (CachingGetSpaceUsed.java:run(183)) - Thread Interrupted waiting to refresh disk information: sleep interrupted
2019-09-12 02:05:26,385 [main] INFO  utils.BackgroundService (BackgroundService.java:shutdown(148)) - Shutting down service BlockDeletingService
2019-09-12 02:05:26,390 [main] INFO  statemachine.DatanodeStateMachine (DatanodeStateMachine.java:stopDaemon(395)) - Ozone container server stopped.
2019-09-12 02:05:26,391 [main] INFO  handler.ContextHandler (ContextHandler.java:doStop(910)) - Stopped o.e.j.w.WebAppContext@14c93774{/,null,UNAVAILABLE}{/hddsDatanode}
2019-09-12 02:05:26,392 [main] INFO  server.AbstractConnector (AbstractConnector.java:doStop(318)) - Stopped ServerConnector@62a68bcb{HTTP/1.1,[http/1.1]}{0.0.0.0:0}
2019-09-12 02:05:26,392 [main] INFO  handler.ContextHandler (ContextHandler.java:doStop(910)) - Stopped o.e.j.s.ServletContextHandler@43c57161{/static,jar:file:/home/user/.m2/repository/org/apache/hadoop/hadoop-hdds-container-service/0.5.0-SNAPSHOT/hadoop-hdds-container-service-0.5.0-SNAPSHOT.jar!/webapps/static,UNAVAILABLE}
2019-09-12 02:05:26,393 [main] INFO  handler.ContextHandler (ContextHandler.java:doStop(910)) - Stopped o.e.j.s.ServletContextHandler@2db1b657{/logs,file:///workdir/hadoop-ozone/integration-test/target/log,UNAVAILABLE}
2019-09-12 02:05:26,662 [Datanode State Machine Thread - 0] INFO  statemachine.DatanodeStateMachine (DatanodeStateMachine.java:lambda$startDaemon$0(350)) - Ozone container server started.
2019-09-12 02:05:26,713 [grpc-default-executor-8] WARN  server.GrpcLogAppender (LogUtils.java:warn(134)) - e2abdd95-f9ca-46dd-87d9-3f938e07de83->a6c0a076-5a4d-4b07-959a-c5ddb0608f42: Failed appendEntries: org.apache.ratis.thirdparty.io.grpc.StatusRuntimeException: UNAVAILABLE: io exception
2019-09-12 02:05:26,716 [grpc-default-executor-8] INFO  impl.FollowerInfo (FollowerInfo.java:lambda$new$0(50)) - e2abdd95-f9ca-46dd-87d9-3f938e07de83->a6c0a076-5a4d-4b07-959a-c5ddb0608f42: nextIndex: updateUnconditionally 6 -> 5
2019-09-12 02:05:26,717 [grpc-default-executor-7] WARN  server.GrpcLogAppender (LogUtils.java:warn(134)) - e2abdd95-f9ca-46dd-87d9-3f938e07de83->992420f5-0400-4216-b477-118fb1248d11: Failed appendEntries: org.apache.ratis.thirdparty.io.grpc.StatusRuntimeException: UNAVAILABLE: io exception
2019-09-12 02:05:26,719 [grpc-default-executor-7] INFO  impl.FollowerInfo (FollowerInfo.java:lambda$new$0(50)) - e2abdd95-f9ca-46dd-87d9-3f938e07de83->992420f5-0400-4216-b477-118fb1248d11: nextIndex: updateUnconditionally 8 -> 7
2019-09-12 02:05:27,161 [Datanode State Machine Thread - 0] INFO  statemachine.DatanodeStateMachine (DatanodeStateMachine.java:lambda$startDaemon$0(350)) - Ozone container server started.
2019-09-12 02:05:28,085 [Thread-779] INFO  impl.FollowerState (FollowerState.java:run(106)) - e39f61b7-cb47-46e5-aab2-7f1cf4f3c7c8:group-5D3821C2B03B changes to CANDIDATE, lastRpcTime:8415, electionTimeout:5052ms
2019-09-12 02:05:28,086 [Thread-779] INFO  impl.RoleInfo (RoleInfo.java:shutdownFollowerState(121)) - e39f61b7-cb47-46e5-aab2-7f1cf4f3c7c8: shutdown FollowerState
2019-09-12 02:05:28,086 [Thread-779] INFO  impl.RaftServerImpl (RaftServerImpl.java:setRole(171)) - e39f61b7-cb47-46e5-aab2-7f1cf4f3c7c8:group-5D3821C2B03B changes role from FOLLOWER to CANDIDATE at term 1 for changeToCandidate
2019-09-12 02:05:28,086 [Thread-779] INFO  impl.RoleInfo (RoleInfo.java:updateAndGet(143)) - e39f61b7-cb47-46e5-aab2-7f1cf4f3c7c8: start LeaderElection
2019-09-12 02:05:28,087 [e39f61b7-cb47-46e5-aab2-7f1cf4f3c7c8:group-5D3821C2B03B:LeaderElection36] INFO  impl.RaftServerImpl (ServerState.java:setLeader(263)) - e39f61b7-cb47-46e5-aab2-7f1cf4f3c7c8:group-5D3821C2B03B change Leader from 067762ab-0a52-47b0-8eb8-1c600f2f3255 to null at term 1 for initElection
2019-09-12 02:05:28,129 [e39f61b7-cb47-46e5-aab2-7f1cf4f3c7c8:group-5D3821C2B03B:LeaderElection36] INFO  impl.LeaderElection (LeaderElection.java:askForVotes(181)) - e39f61b7-cb47-46e5-aab2-7f1cf4f3c7c8:group-5D3821C2B03B:LeaderElection36: begin an election at term 2 for 0: [067762ab-0a52-47b0-8eb8-1c600f2f3255:192.168.5.171:42497, e39f61b7-cb47-46e5-aab2-7f1cf4f3c7c8:192.168.5.171:44501, 73873c4a-9b01-429b-bc57-203d0ab13a8f:192.168.5.171:35970], old=null
2019-09-12 02:05:28,133 [e39f61b7-cb47-46e5-aab2-7f1cf4f3c7c8:group-5D3821C2B03B:LeaderElection36] INFO  impl.LeaderElection (LogUtils.java:infoOrTrace(149)) - e39f61b7-cb47-46e5-aab2-7f1cf4f3c7c8:group-5D3821C2B03B:LeaderElection36 got exception when requesting votes: {}
java.util.concurrent.ExecutionException: org.apache.ratis.thirdparty.io.grpc.StatusRuntimeException: UNAVAILABLE: io exception
	at java.util.concurrent.FutureTask.report(FutureTask.java:122)
	at java.util.concurrent.FutureTask.get(FutureTask.java:192)
	at org.apache.ratis.server.impl.LeaderElection.waitForResults(LeaderElection.java:262)
	at org.apache.ratis.server.impl.LeaderElection.askForVotes(LeaderElection.java:200)
	at org.apache.ratis.server.impl.LeaderElection.run(LeaderElection.java:130)
	at java.lang.Thread.run(Thread.java:748)
Caused by: org.apache.ratis.thirdparty.io.grpc.StatusRuntimeException: UNAVAILABLE: io exception
	at org.apache.ratis.thirdparty.io.grpc.stub.ClientCalls.toStatusRuntimeException(ClientCalls.java:233)
	at org.apache.ratis.thirdparty.io.grpc.stub.ClientCalls.getUnchecked(ClientCalls.java:214)
	at org.apache.ratis.thirdparty.io.grpc.stub.ClientCalls.blockingUnaryCall(ClientCalls.java:139)
	at org.apache.ratis.proto.grpc.RaftServerProtocolServiceGrpc$RaftServerProtocolServiceBlockingStub.requestVote(RaftServerProtocolServiceGrpc.java:265)
	at org.apache.ratis.grpc.server.GrpcServerProtocolClient.requestVote(GrpcServerProtocolClient.java:83)
	at org.apache.ratis.grpc.server.GrpcService.requestVote(GrpcService.java:195)
	at org.apache.ratis.server.impl.LeaderElection.lambda$submitRequests$1(LeaderElection.java:237)
	at java.util.concurrent.FutureTask.run(FutureTask.java:266)
	at java.util.concurrent.Executors$RunnableAdapter.call(Executors.java:511)
	at java.util.concurrent.FutureTask.run(FutureTask.java:266)
	at java.util.concurrent.ThreadPoolExecutor.runWorker(ThreadPoolExecutor.java:1149)
	at java.util.concurrent.ThreadPoolExecutor$Worker.run(ThreadPoolExecutor.java:624)
	... 1 more
Caused by: org.apache.ratis.thirdparty.io.netty.channel.AbstractChannel$AnnotatedConnectException: Connection refused: /192.168.5.171:42497
	at sun.nio.ch.SocketChannelImpl.checkConnect(Native Method)
	at sun.nio.ch.SocketChannelImpl.finishConnect(SocketChannelImpl.java:717)
	at org.apache.ratis.thirdparty.io.netty.channel.socket.nio.NioSocketChannel.doFinishConnect(NioSocketChannel.java:327)
	at org.apache.ratis.thirdparty.io.netty.channel.nio.AbstractNioChannel$AbstractNioUnsafe.finishConnect(AbstractNioChannel.java:340)
	at org.apache.ratis.thirdparty.io.netty.channel.nio.NioEventLoop.processSelectedKey(NioEventLoop.java:632)
	at org.apache.ratis.thirdparty.io.netty.channel.nio.NioEventLoop.processSelectedKeysOptimized(NioEventLoop.java:579)
	at org.apache.ratis.thirdparty.io.netty.channel.nio.NioEventLoop.processSelectedKeys(NioEventLoop.java:496)
	at org.apache.ratis.thirdparty.io.netty.channel.nio.NioEventLoop.run(NioEventLoop.java:458)
	at org.apache.ratis.thirdparty.io.netty.util.concurrent.SingleThreadEventExecutor$5.run(SingleThreadEventExecutor.java:897)
	at org.apache.ratis.thirdparty.io.netty.util.concurrent.FastThreadLocalRunnable.run(FastThreadLocalRunnable.java:30)
	... 1 more
Caused by: java.net.ConnectException: Connection refused
	... 11 more
2019-09-12 02:05:28,136 [e39f61b7-cb47-46e5-aab2-7f1cf4f3c7c8:group-5D3821C2B03B:LeaderElection36] INFO  impl.LeaderElection (LogUtils.java:infoOrTrace(149)) - e39f61b7-cb47-46e5-aab2-7f1cf4f3c7c8:group-5D3821C2B03B:LeaderElection36 got exception when requesting votes: {}
java.util.concurrent.ExecutionException: org.apache.ratis.thirdparty.io.grpc.StatusRuntimeException: UNAVAILABLE: io exception
	at java.util.concurrent.FutureTask.report(FutureTask.java:122)
	at java.util.concurrent.FutureTask.get(FutureTask.java:192)
	at org.apache.ratis.server.impl.LeaderElection.waitForResults(LeaderElection.java:262)
	at org.apache.ratis.server.impl.LeaderElection.askForVotes(LeaderElection.java:200)
	at org.apache.ratis.server.impl.LeaderElection.run(LeaderElection.java:130)
	at java.lang.Thread.run(Thread.java:748)
Caused by: org.apache.ratis.thirdparty.io.grpc.StatusRuntimeException: UNAVAILABLE: io exception
	at org.apache.ratis.thirdparty.io.grpc.stub.ClientCalls.toStatusRuntimeException(ClientCalls.java:233)
	at org.apache.ratis.thirdparty.io.grpc.stub.ClientCalls.getUnchecked(ClientCalls.java:214)
	at org.apache.ratis.thirdparty.io.grpc.stub.ClientCalls.blockingUnaryCall(ClientCalls.java:139)
	at org.apache.ratis.proto.grpc.RaftServerProtocolServiceGrpc$RaftServerProtocolServiceBlockingStub.requestVote(RaftServerProtocolServiceGrpc.java:265)
	at org.apache.ratis.grpc.server.GrpcServerProtocolClient.requestVote(GrpcServerProtocolClient.java:83)
	at org.apache.ratis.grpc.server.GrpcService.requestVote(GrpcService.java:195)
	at org.apache.ratis.server.impl.LeaderElection.lambda$submitRequests$1(LeaderElection.java:237)
	at java.util.concurrent.FutureTask.run(FutureTask.java:266)
	at java.util.concurrent.Executors$RunnableAdapter.call(Executors.java:511)
	at java.util.concurrent.FutureTask.run(FutureTask.java:266)
	at java.util.concurrent.ThreadPoolExecutor.runWorker(ThreadPoolExecutor.java:1149)
	at java.util.concurrent.ThreadPoolExecutor$Worker.run(ThreadPoolExecutor.java:624)
	... 1 more
Caused by: org.apache.ratis.thirdparty.io.netty.channel.AbstractChannel$AnnotatedConnectException: Connection refused: /192.168.5.171:35970
	at sun.nio.ch.SocketChannelImpl.checkConnect(Native Method)
	at sun.nio.ch.SocketChannelImpl.finishConnect(SocketChannelImpl.java:717)
	at org.apache.ratis.thirdparty.io.netty.channel.socket.nio.NioSocketChannel.doFinishConnect(NioSocketChannel.java:327)
	at org.apache.ratis.thirdparty.io.netty.channel.nio.AbstractNioChannel$AbstractNioUnsafe.finishConnect(AbstractNioChannel.java:340)
	at org.apache.ratis.thirdparty.io.netty.channel.nio.NioEventLoop.processSelectedKey(NioEventLoop.java:632)
	at org.apache.ratis.thirdparty.io.netty.channel.nio.NioEventLoop.processSelectedKeysOptimized(NioEventLoop.java:579)
	at org.apache.ratis.thirdparty.io.netty.channel.nio.NioEventLoop.processSelectedKeys(NioEventLoop.java:496)
	at org.apache.ratis.thirdparty.io.netty.channel.nio.NioEventLoop.run(NioEventLoop.java:458)
	at org.apache.ratis.thirdparty.io.netty.util.concurrent.SingleThreadEventExecutor$5.run(SingleThreadEventExecutor.java:897)
	at org.apache.ratis.thirdparty.io.netty.util.concurrent.FastThreadLocalRunnable.run(FastThreadLocalRunnable.java:30)
	... 1 more
Caused by: java.net.ConnectException: Connection refused
	... 11 more
2019-09-12 02:05:28,138 [e39f61b7-cb47-46e5-aab2-7f1cf4f3c7c8:group-5D3821C2B03B:LeaderElection36] INFO  impl.LeaderElection (LeaderElection.java:logAndReturn(56)) - e39f61b7-cb47-46e5-aab2-7f1cf4f3c7c8:group-5D3821C2B03B:LeaderElection36: Election REJECTED; received 0 response(s) [] and 2 exception(s); e39f61b7-cb47-46e5-aab2-7f1cf4f3c7c8:t2, leader=null, voted=e39f61b7-cb47-46e5-aab2-7f1cf4f3c7c8, raftlog=e39f61b7-cb47-46e5-aab2-7f1cf4f3c7c8-SegmentedRaftLog:OPENED:c0,f0,i0, conf=0: [067762ab-0a52-47b0-8eb8-1c600f2f3255:192.168.5.171:42497, e39f61b7-cb47-46e5-aab2-7f1cf4f3c7c8:192.168.5.171:44501, 73873c4a-9b01-429b-bc57-203d0ab13a8f:192.168.5.171:35970], old=null
2019-09-12 02:05:28,138 [e39f61b7-cb47-46e5-aab2-7f1cf4f3c7c8:group-5D3821C2B03B:LeaderElection36] INFO  impl.LeaderElection (LogUtils.java:infoOrTrace(149)) -   Exception 0: {}
java.util.concurrent.ExecutionException: org.apache.ratis.thirdparty.io.grpc.StatusRuntimeException: UNAVAILABLE: io exception
	at java.util.concurrent.FutureTask.report(FutureTask.java:122)
	at java.util.concurrent.FutureTask.get(FutureTask.java:192)
	at org.apache.ratis.server.impl.LeaderElection.waitForResults(LeaderElection.java:262)
	at org.apache.ratis.server.impl.LeaderElection.askForVotes(LeaderElection.java:200)
	at org.apache.ratis.server.impl.LeaderElection.run(LeaderElection.java:130)
	at java.lang.Thread.run(Thread.java:748)
Caused by: org.apache.ratis.thirdparty.io.grpc.StatusRuntimeException: UNAVAILABLE: io exception
	at org.apache.ratis.thirdparty.io.grpc.stub.ClientCalls.toStatusRuntimeException(ClientCalls.java:233)
	at org.apache.ratis.thirdparty.io.grpc.stub.ClientCalls.getUnchecked(ClientCalls.java:214)
	at org.apache.ratis.thirdparty.io.grpc.stub.ClientCalls.blockingUnaryCall(ClientCalls.java:139)
	at org.apache.ratis.proto.grpc.RaftServerProtocolServiceGrpc$RaftServerProtocolServiceBlockingStub.requestVote(RaftServerProtocolServiceGrpc.java:265)
	at org.apache.ratis.grpc.server.GrpcServerProtocolClient.requestVote(GrpcServerProtocolClient.java:83)
	at org.apache.ratis.grpc.server.GrpcService.requestVote(GrpcService.java:195)
	at org.apache.ratis.server.impl.LeaderElection.lambda$submitRequests$1(LeaderElection.java:237)
	at java.util.concurrent.FutureTask.run(FutureTask.java:266)
	at java.util.concurrent.Executors$RunnableAdapter.call(Executors.java:511)
	at java.util.concurrent.FutureTask.run(FutureTask.java:266)
	at java.util.concurrent.ThreadPoolExecutor.runWorker(ThreadPoolExecutor.java:1149)
	at java.util.concurrent.ThreadPoolExecutor$Worker.run(ThreadPoolExecutor.java:624)
	... 1 more
Caused by: org.apache.ratis.thirdparty.io.netty.channel.AbstractChannel$AnnotatedConnectException: Connection refused: /192.168.5.171:42497
	at sun.nio.ch.SocketChannelImpl.checkConnect(Native Method)
	at sun.nio.ch.SocketChannelImpl.finishConnect(SocketChannelImpl.java:717)
	at org.apache.ratis.thirdparty.io.netty.channel.socket.nio.NioSocketChannel.doFinishConnect(NioSocketChannel.java:327)
	at org.apache.ratis.thirdparty.io.netty.channel.nio.AbstractNioChannel$AbstractNioUnsafe.finishConnect(AbstractNioChannel.java:340)
	at org.apache.ratis.thirdparty.io.netty.channel.nio.NioEventLoop.processSelectedKey(NioEventLoop.java:632)
	at org.apache.ratis.thirdparty.io.netty.channel.nio.NioEventLoop.processSelectedKeysOptimized(NioEventLoop.java:579)
	at org.apache.ratis.thirdparty.io.netty.channel.nio.NioEventLoop.processSelectedKeys(NioEventLoop.java:496)
	at org.apache.ratis.thirdparty.io.netty.channel.nio.NioEventLoop.run(NioEventLoop.java:458)
	at org.apache.ratis.thirdparty.io.netty.util.concurrent.SingleThreadEventExecutor$5.run(SingleThreadEventExecutor.java:897)
	at org.apache.ratis.thirdparty.io.netty.util.concurrent.FastThreadLocalRunnable.run(FastThreadLocalRunnable.java:30)
	... 1 more
Caused by: java.net.ConnectException: Connection refused
	... 11 more
2019-09-12 02:05:28,139 [e39f61b7-cb47-46e5-aab2-7f1cf4f3c7c8:group-5D3821C2B03B:LeaderElection36] INFO  impl.LeaderElection (LogUtils.java:infoOrTrace(149)) -   Exception 1: {}
java.util.concurrent.ExecutionException: org.apache.ratis.thirdparty.io.grpc.StatusRuntimeException: UNAVAILABLE: io exception
	at java.util.concurrent.FutureTask.report(FutureTask.java:122)
	at java.util.concurrent.FutureTask.get(FutureTask.java:192)
	at org.apache.ratis.server.impl.LeaderElection.waitForResults(LeaderElection.java:262)
	at org.apache.ratis.server.impl.LeaderElection.askForVotes(LeaderElection.java:200)
	at org.apache.ratis.server.impl.LeaderElection.run(LeaderElection.java:130)
	at java.lang.Thread.run(Thread.java:748)
Caused by: org.apache.ratis.thirdparty.io.grpc.StatusRuntimeException: UNAVAILABLE: io exception
	at org.apache.ratis.thirdparty.io.grpc.stub.ClientCalls.toStatusRuntimeException(ClientCalls.java:233)
	at org.apache.ratis.thirdparty.io.grpc.stub.ClientCalls.getUnchecked(ClientCalls.java:214)
	at org.apache.ratis.thirdparty.io.grpc.stub.ClientCalls.blockingUnaryCall(ClientCalls.java:139)
	at org.apache.ratis.proto.grpc.RaftServerProtocolServiceGrpc$RaftServerProtocolServiceBlockingStub.requestVote(RaftServerProtocolServiceGrpc.java:265)
	at org.apache.ratis.grpc.server.GrpcServerProtocolClient.requestVote(GrpcServerProtocolClient.java:83)
	at org.apache.ratis.grpc.server.GrpcService.requestVote(GrpcService.java:195)
	at org.apache.ratis.server.impl.LeaderElection.lambda$submitRequests$1(LeaderElection.java:237)
	at java.util.concurrent.FutureTask.run(FutureTask.java:266)
	at java.util.concurrent.Executors$RunnableAdapter.call(Executors.java:511)
	at java.util.concurrent.FutureTask.run(FutureTask.java:266)
	at java.util.concurrent.ThreadPoolExecutor.runWorker(ThreadPoolExecutor.java:1149)
	at java.util.concurrent.ThreadPoolExecutor$Worker.run(ThreadPoolExecutor.java:624)
	... 1 more
Caused by: org.apache.ratis.thirdparty.io.netty.channel.AbstractChannel$AnnotatedConnectException: Connection refused: /192.168.5.171:35970
	at sun.nio.ch.SocketChannelImpl.checkConnect(Native Method)
	at sun.nio.ch.SocketChannelImpl.finishConnect(SocketChannelImpl.java:717)
	at org.apache.ratis.thirdparty.io.netty.channel.socket.nio.NioSocketChannel.doFinishConnect(NioSocketChannel.java:327)
	at org.apache.ratis.thirdparty.io.netty.channel.nio.AbstractNioChannel$AbstractNioUnsafe.finishConnect(AbstractNioChannel.java:340)
	at org.apache.ratis.thirdparty.io.netty.channel.nio.NioEventLoop.processSelectedKey(NioEventLoop.java:632)
	at org.apache.ratis.thirdparty.io.netty.channel.nio.NioEventLoop.processSelectedKeysOptimized(NioEventLoop.java:579)
	at org.apache.ratis.thirdparty.io.netty.channel.nio.NioEventLoop.processSelectedKeys(NioEventLoop.java:496)
	at org.apache.ratis.thirdparty.io.netty.channel.nio.NioEventLoop.run(NioEventLoop.java:458)
	at org.apache.ratis.thirdparty.io.netty.util.concurrent.SingleThreadEventExecutor$5.run(SingleThreadEventExecutor.java:897)
	at org.apache.ratis.thirdparty.io.netty.util.concurrent.FastThreadLocalRunnable.run(FastThreadLocalRunnable.java:30)
	... 1 more
Caused by: java.net.ConnectException: Connection refused
	... 11 more
2019-09-12 02:05:28,139 [e39f61b7-cb47-46e5-aab2-7f1cf4f3c7c8:group-5D3821C2B03B:LeaderElection36] INFO  impl.RaftServerImpl (RaftServerImpl.java:setRole(171)) - e39f61b7-cb47-46e5-aab2-7f1cf4f3c7c8:group-5D3821C2B03B changes role from CANDIDATE to FOLLOWER at term 2 for DISCOVERED_A_NEW_TERM
2019-09-12 02:05:28,140 [e39f61b7-cb47-46e5-aab2-7f1cf4f3c7c8:group-5D3821C2B03B:LeaderElection36] INFO  impl.RoleInfo (RoleInfo.java:shutdownLeaderElection(134)) - e39f61b7-cb47-46e5-aab2-7f1cf4f3c7c8: shutdown LeaderElection
2019-09-12 02:05:28,140 [e39f61b7-cb47-46e5-aab2-7f1cf4f3c7c8:group-5D3821C2B03B:LeaderElection36] INFO  impl.RoleInfo (RoleInfo.java:updateAndGet(143)) - e39f61b7-cb47-46e5-aab2-7f1cf4f3c7c8: start FollowerState
2019-09-12 02:05:29,213 [grpc-default-executor-8] WARN  server.GrpcLogAppender (LogUtils.java:warn(134)) - e2abdd95-f9ca-46dd-87d9-3f938e07de83->a6c0a076-5a4d-4b07-959a-c5ddb0608f42: Failed appendEntries: org.apache.ratis.thirdparty.io.grpc.StatusRuntimeException: UNAVAILABLE: io exception
2019-09-12 02:05:29,216 [grpc-default-executor-8] INFO  impl.FollowerInfo (FollowerInfo.java:lambda$new$0(50)) - e2abdd95-f9ca-46dd-87d9-3f938e07de83->a6c0a076-5a4d-4b07-959a-c5ddb0608f42: nextIndex: updateUnconditionally 5 -> 4
2019-09-12 02:05:29,227 [grpc-default-executor-7] WARN  server.GrpcLogAppender (LogUtils.java:warn(134)) - e2abdd95-f9ca-46dd-87d9-3f938e07de83->992420f5-0400-4216-b477-118fb1248d11: Failed appendEntries: org.apache.ratis.thirdparty.io.grpc.StatusRuntimeException: UNAVAILABLE: io exception
2019-09-12 02:05:29,228 [grpc-default-executor-7] INFO  impl.FollowerInfo (FollowerInfo.java:lambda$new$0(50)) - e2abdd95-f9ca-46dd-87d9-3f938e07de83->992420f5-0400-4216-b477-118fb1248d11: nextIndex: updateUnconditionally 7 -> 6
2019-09-12 02:05:31,361 [ForkJoinPool.commonPool-worker-0] INFO  ozoneimpl.OzoneContainer (OzoneContainer.java:stop(215)) - Attempting to stop container services.
2019-09-12 02:05:31,362 [ForkJoinPool.commonPool-worker-0] INFO  impl.RaftServerProxy (RaftServerProxy.java:lambda$close$4(314)) - e39f61b7-cb47-46e5-aab2-7f1cf4f3c7c8: close
2019-09-12 02:05:31,362 [ForkJoinPool.commonPool-worker-0] INFO  impl.RaftServerImpl (RaftServerImpl.java:lambda$shutdown$3(245)) - e39f61b7-cb47-46e5-aab2-7f1cf4f3c7c8: shutdown group-CA9A7B60D8C5
2019-09-12 02:05:31,362 [ForkJoinPool.commonPool-worker-0] INFO  util.JmxRegister (JmxRegister.java:unregister(73)) - Successfully un-registered JMX Bean with object name Ratis:service=RaftServer,group=group-CA9A7B60D8C5,id=e39f61b7-cb47-46e5-aab2-7f1cf4f3c7c8
2019-09-12 02:05:31,363 [ForkJoinPool.commonPool-worker-0] INFO  impl.RoleInfo (RoleInfo.java:shutdownLeaderState(104)) - e39f61b7-cb47-46e5-aab2-7f1cf4f3c7c8: shutdown LeaderState
2019-09-12 02:05:31,363 [ForkJoinPool.commonPool-worker-0] INFO  impl.PendingRequests (PendingRequests.java:sendNotLeaderResponses(202)) - e39f61b7-cb47-46e5-aab2-7f1cf4f3c7c8-PendingRequests: sendNotLeaderResponses
2019-09-12 02:05:31,363 [ForkJoinPool.commonPool-worker-0] INFO  impl.StateMachineUpdater (StateMachineUpdater.java:stopAndJoin(115)) - StateMachineUpdater:e39f61b7-cb47-46e5-aab2-7f1cf4f3c7c8:group-CA9A7B60D8C5: set stopIndex = 0
2019-09-12 02:05:31,364 [ForkJoinPool.commonPool-worker-0] INFO  impl.RaftServerImpl (ServerState.java:close(394)) - e39f61b7-cb47-46e5-aab2-7f1cf4f3c7c8:group-CA9A7B60D8C5 closes. The last applied log index is 0
2019-09-12 02:05:31,365 [e39f61b7-cb47-46e5-aab2-7f1cf4f3c7c8-SegmentedRaftLogWorker:Storage Directory /workdir/hadoop-ozone/integration-test/target/test-dir/MiniOzoneClusterImpl-e005c837-da8a-4f19-87c0-c8547cff9190/datanode-0/data/ratis/8e5799e4-58d4-4976-b18e-ca9a7b60d8c5] INFO  segmented.SegmentedRaftLogWorker (SegmentedRaftLogWorker.java:run(313)) - e39f61b7-cb47-46e5-aab2-7f1cf4f3c7c8-SegmentedRaftLogWorker:Storage Directory /workdir/hadoop-ozone/integration-test/target/test-dir/MiniOzoneClusterImpl-e005c837-da8a-4f19-87c0-c8547cff9190/datanode-0/data/ratis/8e5799e4-58d4-4976-b18e-ca9a7b60d8c5 was interrupted, exiting. There are 0 tasks remaining in the queue.
2019-09-12 02:05:31,367 [ForkJoinPool.commonPool-worker-0] INFO  segmented.SegmentedRaftLogWorker (SegmentedRaftLogWorker.java:close(228)) - e39f61b7-cb47-46e5-aab2-7f1cf4f3c7c8-SegmentedRaftLogWorker:Storage Directory /workdir/hadoop-ozone/integration-test/target/test-dir/MiniOzoneClusterImpl-e005c837-da8a-4f19-87c0-c8547cff9190/datanode-0/data/ratis/8e5799e4-58d4-4976-b18e-ca9a7b60d8c5 close()
2019-09-12 02:05:31,369 [ForkJoinPool.commonPool-worker-0] INFO  impl.RaftServerImpl (RaftServerImpl.java:lambda$shutdown$3(245)) - e39f61b7-cb47-46e5-aab2-7f1cf4f3c7c8: shutdown group-5D3821C2B03B
2019-09-12 02:05:31,369 [ForkJoinPool.commonPool-worker-0] INFO  util.JmxRegister (JmxRegister.java:unregister(73)) - Successfully un-registered JMX Bean with object name Ratis:service=RaftServer,group=group-5D3821C2B03B,id=e39f61b7-cb47-46e5-aab2-7f1cf4f3c7c8
2019-09-12 02:05:31,370 [ForkJoinPool.commonPool-worker-0] INFO  impl.RoleInfo (RoleInfo.java:shutdownFollowerState(121)) - e39f61b7-cb47-46e5-aab2-7f1cf4f3c7c8: shutdown FollowerState
2019-09-12 02:05:31,370 [ForkJoinPool.commonPool-worker-0] INFO  impl.StateMachineUpdater (StateMachineUpdater.java:stopAndJoin(115)) - StateMachineUpdater:e39f61b7-cb47-46e5-aab2-7f1cf4f3c7c8:group-5D3821C2B03B: set stopIndex = 0
2019-09-12 02:05:31,370 [Thread-1840] INFO  impl.FollowerState (FollowerState.java:run(114)) - e39f61b7-cb47-46e5-aab2-7f1cf4f3c7c8: FollowerState was interrupted: java.lang.InterruptedException: sleep interrupted
2019-09-12 02:05:31,370 [ForkJoinPool.commonPool-worker-0] INFO  impl.RaftServerImpl (ServerState.java:close(394)) - e39f61b7-cb47-46e5-aab2-7f1cf4f3c7c8:group-5D3821C2B03B closes. The last applied log index is 0
2019-09-12 02:05:31,372 [e39f61b7-cb47-46e5-aab2-7f1cf4f3c7c8-SegmentedRaftLogWorker:Storage Directory /workdir/hadoop-ozone/integration-test/target/test-dir/MiniOzoneClusterImpl-e005c837-da8a-4f19-87c0-c8547cff9190/datanode-0/data/ratis/49aa77e5-2f36-488b-87f0-5d3821c2b03b] INFO  segmented.SegmentedRaftLogWorker (SegmentedRaftLogWorker.java:run(313)) - e39f61b7-cb47-46e5-aab2-7f1cf4f3c7c8-SegmentedRaftLogWorker:Storage Directory /workdir/hadoop-ozone/integration-test/target/test-dir/MiniOzoneClusterImpl-e005c837-da8a-4f19-87c0-c8547cff9190/datanode-0/data/ratis/49aa77e5-2f36-488b-87f0-5d3821c2b03b was interrupted, exiting. There are 0 tasks remaining in the queue.
2019-09-12 02:05:31,374 [ForkJoinPool.commonPool-worker-0] INFO  segmented.SegmentedRaftLogWorker (SegmentedRaftLogWorker.java:close(228)) - e39f61b7-cb47-46e5-aab2-7f1cf4f3c7c8-SegmentedRaftLogWorker:Storage Directory /workdir/hadoop-ozone/integration-test/target/test-dir/MiniOzoneClusterImpl-e005c837-da8a-4f19-87c0-c8547cff9190/datanode-0/data/ratis/49aa77e5-2f36-488b-87f0-5d3821c2b03b close()
2019-09-12 02:05:31,381 [ForkJoinPool.commonPool-worker-0] INFO  server.GrpcService (GrpcService.java:closeImpl(155)) - e39f61b7-cb47-46e5-aab2-7f1cf4f3c7c8: shutdown server with port 44501 now
2019-09-12 02:05:31,382 [ForkJoinPool.commonPool-worker-0] INFO  server.GrpcService (GrpcService.java:closeImpl(163)) - e39f61b7-cb47-46e5-aab2-7f1cf4f3c7c8: shutdown server with port 44501 successfully
2019-09-12 02:05:31,394 [main] INFO  ozoneimpl.OzoneContainer (OzoneContainer.java:stop(215)) - Attempting to stop container services.
2019-09-12 02:05:31,395 [refreshUsed-/workdir/hadoop-ozone/integration-test/target/test-dir/MiniOzoneClusterImpl-e005c837-da8a-4f19-87c0-c8547cff9190/datanode-0/data/containers] WARN  fs.CachingGetSpaceUsed (CachingGetSpaceUsed.java:run(183)) - Thread Interrupted waiting to refresh disk information: sleep interrupted
2019-09-12 02:05:31,396 [main] INFO  impl.RaftServerProxy (RaftServerProxy.java:lambda$close$4(314)) - d8999f1d-f5df-4b21-8d26-78acc2402f2e: close
2019-09-12 02:05:31,396 [main] INFO  impl.RaftServerImpl (RaftServerImpl.java:lambda$shutdown$3(245)) - d8999f1d-f5df-4b21-8d26-78acc2402f2e: shutdown group-FBBE756CA1DF
2019-09-12 02:05:31,397 [main] INFO  util.JmxRegister (JmxRegister.java:unregister(73)) - Successfully un-registered JMX Bean with object name Ratis:service=RaftServer,group=group-FBBE756CA1DF,id=d8999f1d-f5df-4b21-8d26-78acc2402f2e
2019-09-12 02:05:31,398 [main] INFO  impl.RoleInfo (RoleInfo.java:shutdownLeaderState(104)) - d8999f1d-f5df-4b21-8d26-78acc2402f2e: shutdown LeaderState
2019-09-12 02:05:31,398 [main] INFO  impl.PendingRequests (PendingRequests.java:sendNotLeaderResponses(202)) - d8999f1d-f5df-4b21-8d26-78acc2402f2e-PendingRequests: sendNotLeaderResponses
2019-09-12 02:05:31,399 [main] INFO  impl.StateMachineUpdater (StateMachineUpdater.java:stopAndJoin(115)) - StateMachineUpdater:d8999f1d-f5df-4b21-8d26-78acc2402f2e:group-FBBE756CA1DF: set stopIndex = 0
2019-09-12 02:05:31,400 [main] INFO  impl.RaftServerImpl (ServerState.java:close(394)) - d8999f1d-f5df-4b21-8d26-78acc2402f2e:group-FBBE756CA1DF closes. The last applied log index is 0
2019-09-12 02:05:31,400 [d8999f1d-f5df-4b21-8d26-78acc2402f2e-SegmentedRaftLogWorker:Storage Directory /workdir/hadoop-ozone/integration-test/target/test-dir/MiniOzoneClusterImpl-e005c837-da8a-4f19-87c0-c8547cff9190/datanode-6/data/ratis/ee21dd90-5f6e-4ec5-95b2-fbbe756ca1df] INFO  segmented.SegmentedRaftLogWorker (SegmentedRaftLogWorker.java:run(313)) - d8999f1d-f5df-4b21-8d26-78acc2402f2e-SegmentedRaftLogWorker:Storage Directory /workdir/hadoop-ozone/integration-test/target/test-dir/MiniOzoneClusterImpl-e005c837-da8a-4f19-87c0-c8547cff9190/datanode-6/data/ratis/ee21dd90-5f6e-4ec5-95b2-fbbe756ca1df was interrupted, exiting. There are 0 tasks remaining in the queue.
2019-09-12 02:05:31,401 [main] INFO  segmented.SegmentedRaftLogWorker (SegmentedRaftLogWorker.java:close(228)) - d8999f1d-f5df-4b21-8d26-78acc2402f2e-SegmentedRaftLogWorker:Storage Directory /workdir/hadoop-ozone/integration-test/target/test-dir/MiniOzoneClusterImpl-e005c837-da8a-4f19-87c0-c8547cff9190/datanode-6/data/ratis/ee21dd90-5f6e-4ec5-95b2-fbbe756ca1df close()
2019-09-12 02:05:31,402 [main] INFO  server.GrpcService (GrpcService.java:closeImpl(155)) - d8999f1d-f5df-4b21-8d26-78acc2402f2e: shutdown server with port 43702 now
2019-09-12 02:05:31,404 [main] INFO  server.GrpcService (GrpcService.java:closeImpl(163)) - d8999f1d-f5df-4b21-8d26-78acc2402f2e: shutdown server with port 43702 successfully
2019-09-12 02:05:31,406 [refreshUsed-/workdir/hadoop-ozone/integration-test/target/test-dir/MiniOzoneClusterImpl-e005c837-da8a-4f19-87c0-c8547cff9190/datanode-6/data/containers] WARN  fs.CachingGetSpaceUsed (CachingGetSpaceUsed.java:run(183)) - Thread Interrupted waiting to refresh disk information: sleep interrupted
2019-09-12 02:05:31,420 [ForkJoinPool.commonPool-worker-0] INFO  utils.BackgroundService (BackgroundService.java:shutdown(148)) - Shutting down service BlockDeletingService
2019-09-12 02:05:31,424 [ForkJoinPool.commonPool-worker-0] INFO  statemachine.DatanodeStateMachine (DatanodeStateMachine.java:stopDaemon(395)) - Ozone container server stopped.
2019-09-12 02:05:31,427 [ForkJoinPool.commonPool-worker-0] INFO  handler.ContextHandler (ContextHandler.java:doStop(910)) - Stopped o.e.j.w.WebAppContext@e111c7c{/,null,UNAVAILABLE}{/hddsDatanode}
2019-09-12 02:05:31,428 [ForkJoinPool.commonPool-worker-0] INFO  server.AbstractConnector (AbstractConnector.java:doStop(318)) - Stopped ServerConnector@4d0e54e0{HTTP/1.1,[http/1.1]}{0.0.0.0:0}
2019-09-12 02:05:31,431 [ForkJoinPool.commonPool-worker-0] INFO  handler.ContextHandler (ContextHandler.java:doStop(910)) - Stopped o.e.j.s.ServletContextHandler@1acb74ad{/static,jar:file:/home/user/.m2/repository/org/apache/hadoop/hadoop-hdds-container-service/0.5.0-SNAPSHOT/hadoop-hdds-container-service-0.5.0-SNAPSHOT.jar!/webapps/static,UNAVAILABLE}
2019-09-12 02:05:31,431 [ForkJoinPool.commonPool-worker-0] INFO  handler.ContextHandler (ContextHandler.java:doStop(910)) - Stopped o.e.j.s.ServletContextHandler@6d08b4e6{/logs,file:///workdir/hadoop-ozone/integration-test/target/log,UNAVAILABLE}
2019-09-12 02:05:31,434 [main] INFO  utils.BackgroundService (BackgroundService.java:shutdown(148)) - Shutting down service BlockDeletingService
2019-09-12 02:05:31,437 [main] INFO  statemachine.DatanodeStateMachine (DatanodeStateMachine.java:stopDaemon(395)) - Ozone container server stopped.
2019-09-12 02:05:31,438 [main] INFO  handler.ContextHandler (ContextHandler.java:doStop(910)) - Stopped o.e.j.w.WebAppContext@32bb0072{/,null,UNAVAILABLE}{/hddsDatanode}
2019-09-12 02:05:31,438 [main] INFO  server.AbstractConnector (AbstractConnector.java:doStop(318)) - Stopped ServerConnector@467233e4{HTTP/1.1,[http/1.1]}{0.0.0.0:0}
2019-09-12 02:05:31,438 [main] INFO  handler.ContextHandler (ContextHandler.java:doStop(910)) - Stopped o.e.j.s.ServletContextHandler@6dd36ab6{/static,jar:file:/home/user/.m2/repository/org/apache/hadoop/hadoop-hdds-container-service/0.5.0-SNAPSHOT/hadoop-hdds-container-service-0.5.0-SNAPSHOT.jar!/webapps/static,UNAVAILABLE}
2019-09-12 02:05:31,439 [main] INFO  handler.ContextHandler (ContextHandler.java:doStop(910)) - Stopped o.e.j.s.ServletContextHandler@1d858300{/logs,file:///workdir/hadoop-ozone/integration-test/target/log,UNAVAILABLE}
2019-09-12 02:05:31,715 [grpc-default-executor-7] WARN  server.GrpcLogAppender (LogUtils.java:warn(134)) - e2abdd95-f9ca-46dd-87d9-3f938e07de83->a6c0a076-5a4d-4b07-959a-c5ddb0608f42: Failed appendEntries: org.apache.ratis.thirdparty.io.grpc.StatusRuntimeException: UNAVAILABLE: io exception
2019-09-12 02:05:31,717 [grpc-default-executor-7] INFO  impl.FollowerInfo (FollowerInfo.java:lambda$new$0(50)) - e2abdd95-f9ca-46dd-87d9-3f938e07de83->a6c0a076-5a4d-4b07-959a-c5ddb0608f42: nextIndex: updateUnconditionally 4 -> 3
2019-09-12 02:05:31,719 [grpc-default-executor-4] WARN  server.GrpcLogAppender (LogUtils.java:warn(134)) - e2abdd95-f9ca-46dd-87d9-3f938e07de83->992420f5-0400-4216-b477-118fb1248d11: Failed appendEntries: org.apache.ratis.thirdparty.io.grpc.StatusRuntimeException: UNAVAILABLE: io exception
2019-09-12 02:05:31,720 [grpc-default-executor-4] INFO  impl.FollowerInfo (FollowerInfo.java:lambda$new$0(50)) - e2abdd95-f9ca-46dd-87d9-3f938e07de83->992420f5-0400-4216-b477-118fb1248d11: nextIndex: updateUnconditionally 6 -> 5
2019-09-12 02:05:31,775 [Datanode State Machine Thread - 0] INFO  statemachine.DatanodeStateMachine (DatanodeStateMachine.java:lambda$startDaemon$0(350)) - Ozone container server started.
2019-09-12 02:05:34,215 [grpc-default-executor-7] WARN  server.GrpcLogAppender (LogUtils.java:warn(134)) - e2abdd95-f9ca-46dd-87d9-3f938e07de83->a6c0a076-5a4d-4b07-959a-c5ddb0608f42: Failed appendEntries: org.apache.ratis.thirdparty.io.grpc.StatusRuntimeException: UNAVAILABLE: io exception
2019-09-12 02:05:34,217 [grpc-default-executor-7] INFO  impl.FollowerInfo (FollowerInfo.java:lambda$new$0(50)) - e2abdd95-f9ca-46dd-87d9-3f938e07de83->a6c0a076-5a4d-4b07-959a-c5ddb0608f42: nextIndex: updateUnconditionally 3 -> 2
2019-09-12 02:05:34,219 [grpc-default-executor-7] WARN  server.GrpcLogAppender (LogUtils.java:warn(134)) - e2abdd95-f9ca-46dd-87d9-3f938e07de83->992420f5-0400-4216-b477-118fb1248d11: Failed appendEntries: org.apache.ratis.thirdparty.io.grpc.StatusRuntimeException: UNAVAILABLE: io exception
2019-09-12 02:05:34,220 [grpc-default-executor-7] INFO  impl.FollowerInfo (FollowerInfo.java:lambda$new$0(50)) - e2abdd95-f9ca-46dd-87d9-3f938e07de83->992420f5-0400-4216-b477-118fb1248d11: nextIndex: updateUnconditionally 5 -> 4
2019-09-12 02:05:36,433 [ForkJoinPool.commonPool-worker-0] INFO  ozoneimpl.OzoneContainer (OzoneContainer.java:stop(215)) - Attempting to stop container services.
2019-09-12 02:05:36,434 [ForkJoinPool.commonPool-worker-0] INFO  impl.RaftServerProxy (RaftServerProxy.java:lambda$close$4(314)) - e2abdd95-f9ca-46dd-87d9-3f938e07de83: close
2019-09-12 02:05:36,434 [ForkJoinPool.commonPool-worker-0] INFO  impl.RaftServerImpl (RaftServerImpl.java:lambda$shutdown$3(245)) - e2abdd95-f9ca-46dd-87d9-3f938e07de83: shutdown group-8E895DF6726C
2019-09-12 02:05:36,435 [ForkJoinPool.commonPool-worker-0] INFO  util.JmxRegister (JmxRegister.java:unregister(73)) - Successfully un-registered JMX Bean with object name Ratis:service=RaftServer,group=group-8E895DF6726C,id=e2abdd95-f9ca-46dd-87d9-3f938e07de83
2019-09-12 02:05:36,435 [ForkJoinPool.commonPool-worker-0] INFO  impl.RoleInfo (RoleInfo.java:shutdownLeaderState(104)) - e2abdd95-f9ca-46dd-87d9-3f938e07de83: shutdown LeaderState
2019-09-12 02:05:36,439 [org.apache.ratis.server.impl.LogAppender$AppenderDaemon$$Lambda$500/1892893596@47a38555] WARN  server.GrpcLogAppender (GrpcLogAppender.java:mayWait(143)) - GrpcLogAppender(e2abdd95-f9ca-46dd-87d9-3f938e07de83->a6c0a076-5a4d-4b07-959a-c5ddb0608f42): Wait interrupted by java.lang.InterruptedException
2019-09-12 02:05:36,439 [ForkJoinPool.commonPool-worker-0] INFO  impl.PendingRequests (PendingRequests.java:sendNotLeaderResponses(202)) - e2abdd95-f9ca-46dd-87d9-3f938e07de83-PendingRequests: sendNotLeaderResponses
2019-09-12 02:05:36,439 [org.apache.ratis.server.impl.LogAppender$AppenderDaemon$$Lambda$500/1892893596@2a113c5] WARN  server.GrpcLogAppender (GrpcLogAppender.java:mayWait(143)) - GrpcLogAppender(e2abdd95-f9ca-46dd-87d9-3f938e07de83->992420f5-0400-4216-b477-118fb1248d11): Wait interrupted by java.lang.InterruptedException
2019-09-12 02:05:36,441 [ForkJoinPool.commonPool-worker-0] INFO  impl.StateMachineUpdater (StateMachineUpdater.java:stopAndJoin(115)) - StateMachineUpdater:e2abdd95-f9ca-46dd-87d9-3f938e07de83:group-8E895DF6726C: set stopIndex = 8
2019-09-12 02:05:36,442 [StateMachineUpdater:e2abdd95-f9ca-46dd-87d9-3f938e07de83:group-8E895DF6726C] INFO  ratis.ContainerStateMachine (ContainerStateMachine.java:takeSnapshot(284)) - group-8E895DF6726C: Taking a snapshot at:(t:4, i:6) file /workdir/hadoop-ozone/integration-test/target/test-dir/MiniOzoneClusterImpl-e005c837-da8a-4f19-87c0-c8547cff9190/datanode-5/data/ratis/247fa460-50e3-4cc5-a3fb-8e895df6726c/sm/snapshot.4_6
2019-09-12 02:05:36,452 [StateMachineUpdater:e2abdd95-f9ca-46dd-87d9-3f938e07de83:group-8E895DF6726C] INFO  ratis.ContainerStateMachine (ContainerStateMachine.java:takeSnapshot(295)) - group-8E895DF6726C: Finished taking a snapshot at:(t:4, i:6) file:/workdir/hadoop-ozone/integration-test/target/test-dir/MiniOzoneClusterImpl-e005c837-da8a-4f19-87c0-c8547cff9190/datanode-5/data/ratis/247fa460-50e3-4cc5-a3fb-8e895df6726c/sm/snapshot.4_6 time:11
2019-09-12 02:05:36,453 [StateMachineUpdater:e2abdd95-f9ca-46dd-87d9-3f938e07de83:group-8E895DF6726C] INFO  impl.StateMachineUpdater (StateMachineUpdater.java:takeSnapshot(242)) - StateMachineUpdater:e2abdd95-f9ca-46dd-87d9-3f938e07de83:group-8E895DF6726C: Took a snapshot at index 6
2019-09-12 02:05:36,453 [StateMachineUpdater:e2abdd95-f9ca-46dd-87d9-3f938e07de83:group-8E895DF6726C] INFO  impl.StateMachineUpdater (StateMachineUpdater.java:lambda$new$0(80)) - StateMachineUpdater:e2abdd95-f9ca-46dd-87d9-3f938e07de83:group-8E895DF6726C: snapshotIndex: updateIncreasingly -1 -> 6
2019-09-12 02:05:36,453 [ForkJoinPool.commonPool-worker-0] INFO  impl.RaftServerImpl (ServerState.java:close(394)) - e2abdd95-f9ca-46dd-87d9-3f938e07de83:group-8E895DF6726C closes. The last applied log index is 8
2019-09-12 02:05:36,454 [e2abdd95-f9ca-46dd-87d9-3f938e07de83-SegmentedRaftLogWorker:Storage Directory /workdir/hadoop-ozone/integration-test/target/test-dir/MiniOzoneClusterImpl-e005c837-da8a-4f19-87c0-c8547cff9190/datanode-5/data/ratis/247fa460-50e3-4cc5-a3fb-8e895df6726c] INFO  segmented.SegmentedRaftLogWorker (SegmentedRaftLogWorker.java:run(313)) - e2abdd95-f9ca-46dd-87d9-3f938e07de83-SegmentedRaftLogWorker:Storage Directory /workdir/hadoop-ozone/integration-test/target/test-dir/MiniOzoneClusterImpl-e005c837-da8a-4f19-87c0-c8547cff9190/datanode-5/data/ratis/247fa460-50e3-4cc5-a3fb-8e895df6726c was interrupted, exiting. There are 0 tasks remaining in the queue.
2019-09-12 02:05:36,454 [ForkJoinPool.commonPool-worker-0] INFO  segmented.SegmentedRaftLogWorker (SegmentedRaftLogWorker.java:close(228)) - e2abdd95-f9ca-46dd-87d9-3f938e07de83-SegmentedRaftLogWorker:Storage Directory /workdir/hadoop-ozone/integration-test/target/test-dir/MiniOzoneClusterImpl-e005c837-da8a-4f19-87c0-c8547cff9190/datanode-5/data/ratis/247fa460-50e3-4cc5-a3fb-8e895df6726c close()
2019-09-12 02:05:36,454 [ForkJoinPool.commonPool-worker-0] INFO  impl.RaftServerImpl (RaftServerImpl.java:lambda$shutdown$3(245)) - e2abdd95-f9ca-46dd-87d9-3f938e07de83: shutdown group-71B11B622B7E
2019-09-12 02:05:36,455 [ForkJoinPool.commonPool-worker-0] INFO  util.JmxRegister (JmxRegister.java:unregister(73)) - Successfully un-registered JMX Bean with object name Ratis:service=RaftServer,group=group-71B11B622B7E,id=e2abdd95-f9ca-46dd-87d9-3f938e07de83
2019-09-12 02:05:36,455 [ForkJoinPool.commonPool-worker-0] INFO  impl.RoleInfo (RoleInfo.java:shutdownLeaderState(104)) - e2abdd95-f9ca-46dd-87d9-3f938e07de83: shutdown LeaderState
2019-09-12 02:05:36,455 [ForkJoinPool.commonPool-worker-0] INFO  impl.PendingRequests (PendingRequests.java:sendNotLeaderResponses(202)) - e2abdd95-f9ca-46dd-87d9-3f938e07de83-PendingRequests: sendNotLeaderResponses
2019-09-12 02:05:36,456 [ForkJoinPool.commonPool-worker-0] INFO  impl.StateMachineUpdater (StateMachineUpdater.java:stopAndJoin(115)) - StateMachineUpdater:e2abdd95-f9ca-46dd-87d9-3f938e07de83:group-71B11B622B7E: set stopIndex = 0
2019-09-12 02:05:36,456 [ForkJoinPool.commonPool-worker-0] INFO  impl.RaftServerImpl (ServerState.java:close(394)) - e2abdd95-f9ca-46dd-87d9-3f938e07de83:group-71B11B622B7E closes. The last applied log index is 0
2019-09-12 02:05:36,456 [e2abdd95-f9ca-46dd-87d9-3f938e07de83-SegmentedRaftLogWorker:Storage Directory /workdir/hadoop-ozone/integration-test/target/test-dir/MiniOzoneClusterImpl-e005c837-da8a-4f19-87c0-c8547cff9190/datanode-5/data/ratis/009a4a68-bbd6-428c-963b-71b11b622b7e] INFO  segmented.SegmentedRaftLogWorker (SegmentedRaftLogWorker.java:run(313)) - e2abdd95-f9ca-46dd-87d9-3f938e07de83-SegmentedRaftLogWorker:Storage Directory /workdir/hadoop-ozone/integration-test/target/test-dir/MiniOzoneClusterImpl-e005c837-da8a-4f19-87c0-c8547cff9190/datanode-5/data/ratis/009a4a68-bbd6-428c-963b-71b11b622b7e was interrupted, exiting. There are 0 tasks remaining in the queue.
2019-09-12 02:05:36,456 [ForkJoinPool.commonPool-worker-0] INFO  segmented.SegmentedRaftLogWorker (SegmentedRaftLogWorker.java:close(228)) - e2abdd95-f9ca-46dd-87d9-3f938e07de83-SegmentedRaftLogWorker:Storage Directory /workdir/hadoop-ozone/integration-test/target/test-dir/MiniOzoneClusterImpl-e005c837-da8a-4f19-87c0-c8547cff9190/datanode-5/data/ratis/009a4a68-bbd6-428c-963b-71b11b622b7e close()
2019-09-12 02:05:36,457 [ForkJoinPool.commonPool-worker-0] INFO  server.GrpcService (GrpcService.java:closeImpl(155)) - e2abdd95-f9ca-46dd-87d9-3f938e07de83: shutdown server with port 42635 now
2019-09-12 02:05:36,457 [ForkJoinPool.commonPool-worker-0] INFO  server.GrpcService (GrpcService.java:closeImpl(163)) - e2abdd95-f9ca-46dd-87d9-3f938e07de83: shutdown server with port 42635 successfully
2019-09-12 02:05:36,459 [refreshUsed-/workdir/hadoop-ozone/integration-test/target/test-dir/MiniOzoneClusterImpl-e005c837-da8a-4f19-87c0-c8547cff9190/datanode-5/data/containers] WARN  fs.CachingGetSpaceUsed (CachingGetSpaceUsed.java:run(183)) - Thread Interrupted waiting to refresh disk information: sleep interrupted
2019-09-12 02:05:36,481 [ForkJoinPool.commonPool-worker-0] INFO  utils.BackgroundService (BackgroundService.java:shutdown(148)) - Shutting down service BlockDeletingService
2019-09-12 02:05:36,484 [ForkJoinPool.commonPool-worker-0] INFO  statemachine.DatanodeStateMachine (DatanodeStateMachine.java:stopDaemon(395)) - Ozone container server stopped.
2019-09-12 02:05:36,486 [ForkJoinPool.commonPool-worker-0] INFO  handler.ContextHandler (ContextHandler.java:doStop(910)) - Stopped o.e.j.w.WebAppContext@18a19e{/,null,UNAVAILABLE}{/hddsDatanode}
2019-09-12 02:05:36,487 [ForkJoinPool.commonPool-worker-0] INFO  server.AbstractConnector (AbstractConnector.java:doStop(318)) - Stopped ServerConnector@60a7e509{HTTP/1.1,[http/1.1]}{0.0.0.0:0}
2019-09-12 02:05:36,487 [ForkJoinPool.commonPool-worker-0] INFO  handler.ContextHandler (ContextHandler.java:doStop(910)) - Stopped o.e.j.s.ServletContextHandler@7c5d1d25{/static,jar:file:/home/user/.m2/repository/org/apache/hadoop/hadoop-hdds-container-service/0.5.0-SNAPSHOT/hadoop-hdds-container-service-0.5.0-SNAPSHOT.jar!/webapps/static,UNAVAILABLE}
2019-09-12 02:05:36,487 [ForkJoinPool.commonPool-worker-0] INFO  handler.ContextHandler (ContextHandler.java:doStop(910)) - Stopped o.e.j.s.ServletContextHandler@36d33f4{/logs,file:///workdir/hadoop-ozone/integration-test/target/log,UNAVAILABLE}
2019-09-12 02:05:36,488 [main] INFO  ozone.MiniOzoneClusterImpl (MiniOzoneClusterImpl.java:stop(344)) - Stopping the StorageContainerManager
2019-09-12 02:05:36,488 [main] INFO  server.StorageContainerManager (StorageContainerManager.java:stop(797)) - Stopping Replication Manager Service.
2019-09-12 02:05:36,489 [main] INFO  container.ReplicationManager (ReplicationManager.java:stop(203)) - Stopping Replication Monitor Thread.
2019-09-12 02:05:36,489 [main] INFO  server.StorageContainerManager (StorageContainerManager.java:stop(804)) - Stopping Lease Manager of the command watchers
2019-09-12 02:05:36,489 [main] INFO  server.StorageContainerManager (StorageContainerManager.java:stop(811)) - Stopping datanode service RPC server
2019-09-12 02:05:36,489 [main] INFO  server.SCMDatanodeProtocolServer (SCMDatanodeProtocolServer.java:stop(367)) - Stopping the RPC server for DataNodes
2019-09-12 02:05:36,489 [main] INFO  ipc.Server (Server.java:stop(3082)) - Stopping server on 34312
2019-09-12 02:05:36,492 [IPC Server listener on 34312] INFO  ipc.Server (Server.java:run(1185)) - Stopping IPC Server listener on 34312
2019-09-12 02:05:36,492 [IPC Server Responder] INFO  ipc.Server (Server.java:run(1319)) - Stopping IPC Server Responder
2019-09-12 02:05:36,532 [SCM Heartbeat Processing Thread - 0] WARN  node.NodeStateManager (NodeStateManager.java:scheduleNextHealthCheck(646)) - Current Thread is interrupted, shutting down HB processing thread for Node Manager.
2019-09-12 02:05:36,532 [main] INFO  server.StorageContainerManager (StorageContainerManager.java:stop(819)) - Stopping block service RPC server
2019-09-12 02:05:36,533 [main] INFO  server.SCMBlockProtocolServer (SCMBlockProtocolServer.java:stop(155)) - Stopping the RPC server for Block Protocol
2019-09-12 02:05:36,533 [main] INFO  ipc.Server (Server.java:stop(3082)) - Stopping server on 41581
2019-09-12 02:05:36,536 [IPC Server listener on 41581] INFO  ipc.Server (Server.java:run(1185)) - Stopping IPC Server listener on 41581
2019-09-12 02:05:36,536 [main] INFO  server.StorageContainerManager (StorageContainerManager.java:stop(826)) - Stopping the StorageContainerLocationProtocol RPC server
2019-09-12 02:05:36,536 [IPC Server Responder] INFO  ipc.Server (Server.java:run(1319)) - Stopping IPC Server Responder
2019-09-12 02:05:36,537 [main] INFO  server.SCMClientProtocolServer (SCMClientProtocolServer.java:stop(159)) - Stopping the RPC server for Client Protocol
2019-09-12 02:05:36,537 [main] INFO  ipc.Server (Server.java:stop(3082)) - Stopping server on 43949
2019-09-12 02:05:36,540 [IPC Server listener on 43949] INFO  ipc.Server (Server.java:run(1185)) - Stopping IPC Server listener on 43949
2019-09-12 02:05:36,540 [IPC Server Responder] INFO  ipc.Server (Server.java:run(1319)) - Stopping IPC Server Responder
2019-09-12 02:05:36,540 [main] INFO  server.StorageContainerManager (StorageContainerManager.java:stop(833)) - Stopping Storage Container Manager HTTP server.
2019-09-12 02:05:36,541 [main] INFO  handler.ContextHandler (ContextHandler.java:doStop(910)) - Stopped o.e.j.w.WebAppContext@72503b19{/,null,UNAVAILABLE}{/scm}
2019-09-12 02:05:36,542 [main] INFO  server.AbstractConnector (AbstractConnector.java:doStop(318)) - Stopped ServerConnector@1cfc2538{HTTP/1.1,[http/1.1]}{0.0.0.0:0}
2019-09-12 02:05:36,543 [main] INFO  handler.ContextHandler (ContextHandler.java:doStop(910)) - Stopped o.e.j.s.ServletContextHandler@6d2a2560{/static,file:///workdir/hadoop-ozone/integration-test/target/test-classes/webapps/static,UNAVAILABLE}
2019-09-12 02:05:36,543 [main] INFO  handler.ContextHandler (ContextHandler.java:doStop(910)) - Stopped o.e.j.s.ServletContextHandler@6a916402{/logs,file:///workdir/hadoop-ozone/integration-test/target/log,UNAVAILABLE}
2019-09-12 02:05:36,544 [main] INFO  server.StorageContainerManager (StorageContainerManager.java:stop(844)) - Stopping Block Manager Service.
2019-09-12 02:05:36,544 [main] INFO  utils.BackgroundService (BackgroundService.java:shutdown(148)) - Shutting down service SCMBlockDeletingService
2019-09-12 02:05:36,545 [main] INFO  utils.BackgroundService (BackgroundService.java:shutdown(148)) - Shutting down service SCMBlockDeletingService
2019-09-12 02:05:36,545 [main] INFO  server.StorageContainerManager (StorageContainerManager.java:stop(866)) - Stopping SCM Event Queue.
2019-09-12 02:05:36,550 [main] INFO  impl.MetricsSystemImpl (MetricsSystemImpl.java:stop(210)) - Stopping HddsDatanode metrics system...
2019-09-12 02:05:36,555 [main] INFO  impl.MetricsSystemImpl (MetricsSystemImpl.java:stop(216)) - HddsDatanode metrics system stopped.
]]></system-out>
  </testcase>
</testsuite>