<?xml version="1.0" encoding="UTF-8"?>
<testsuite xmlns:xsi="http://www.w3.org/2001/XMLSchema-instance" xsi:noNamespaceSchemaLocation="https://maven.apache.org/surefire/maven-surefire-plugin/xsd/surefire-test-report.xsd" name="org.apache.hadoop.ozone.client.rpc.TestOzoneClientRetriesOnException" time="379.972" tests="2" errors="1" skipped="0" failures="0">
  <properties>
    <property name="awt.toolkit" value="sun.awt.X11.XToolkit"/>
    <property name="file.encoding.pkg" value="sun.io"/>
    <property name="java.specification.version" value="1.8"/>
    <property name="sun.cpu.isalist" value=""/>
    <property name="sun.jnu.encoding" value="UTF-8"/>
    <property name="java.class.path" value="/workdir/hadoop-ozone/integration-test/target/test-classes:/workdir/hadoop-ozone/integration-test/target/classes:/home/user/.m2/repository/org/apache/hadoop/hadoop-ozone-common/0.5.0-SNAPSHOT/hadoop-ozone-common-0.5.0-SNAPSHOT.jar:/home/user/.m2/repository/org/apache/commons/commons-compress/1.4.1/commons-compress-1.4.1.jar:/home/user/.m2/repository/org/tukaani/xz/1.0/xz-1.0.jar:/home/user/.m2/repository/org/apache/hadoop/hadoop-common/3.2.0/hadoop-common-3.2.0.jar:/home/user/.m2/repository/org/apache/hadoop/hadoop-hdfs/3.2.0/hadoop-hdfs-3.2.0.jar:/home/user/.m2/repository/org/apache/hadoop/hadoop-hdfs-client/3.2.0/hadoop-hdfs-client-3.2.0.jar:/home/user/.m2/repository/com/fasterxml/jackson/core/jackson-annotations/2.9.5/jackson-annotations-2.9.5.jar:/home/user/.m2/repository/org/apache/hadoop/hadoop-hdds-common/0.5.0-SNAPSHOT/hadoop-hdds-common-0.5.0-SNAPSHOT.jar:/home/user/.m2/repository/javax/annotation/javax.annotation-api/1.2/javax.annotation-api-1.2.jar:/home/user/.m2/repository/org/apache/ratis/ratis-server/0.4.0-2337318-SNAPSHOT/ratis-server-0.4.0-2337318-SNAPSHOT.jar:/home/user/.m2/repository/org/apache/ratis/ratis-thirdparty-misc/0.2.0/ratis-thirdparty-misc-0.2.0.jar:/home/user/.m2/repository/org/apache/ratis/ratis-proto/0.4.0-2337318-SNAPSHOT/ratis-proto-0.4.0-2337318-SNAPSHOT.jar:/home/user/.m2/repository/org/apache/ratis/ratis-common/0.4.0-2337318-SNAPSHOT/ratis-common-0.4.0-2337318-SNAPSHOT.jar:/home/user/.m2/repository/org/apache/ratis/ratis-client/0.4.0-2337318-SNAPSHOT/ratis-client-0.4.0-2337318-SNAPSHOT.jar:/home/user/.m2/repository/org/apache/ratis/ratis-metrics/0.4.0-2337318-SNAPSHOT/ratis-metrics-0.4.0-2337318-SNAPSHOT.jar:/home/user/.m2/repository/org/apache/ratis/ratis-netty/0.4.0-2337318-SNAPSHOT/ratis-netty-0.4.0-2337318-SNAPSHOT.jar:/home/user/.m2/repository/org/apache/ratis/ratis-grpc/0.4.0-2337318-SNAPSHOT/ratis-grpc-0.4.0-2337318-SNAPSHOT.jar:/home/user/.m2/repository/org/rocksdb/rocksdbjni/6.0.1/rocksdbjni-6.0.1.jar:/home/user/.m2/repository/org/apache/logging/log4j/log4j-api/2.11.0/log4j-api-2.11.0.jar:/home/user/.m2/repository/org/apache/logging/log4j/log4j-core/2.11.0/log4j-core-2.11.0.jar:/home/user/.m2/repository/com/lmax/disruptor/3.4.2/disruptor-3.4.2.jar:/home/user/.m2/repository/org/apache/commons/commons-pool2/2.6.0/commons-pool2-2.6.0.jar:/home/user/.m2/repository/org/bouncycastle/bcpkix-jdk15on/1.60/bcpkix-jdk15on-1.60.jar:/home/user/.m2/repository/commons-validator/commons-validator/1.6/commons-validator-1.6.jar:/home/user/.m2/repository/commons-digester/commons-digester/1.8.1/commons-digester-1.8.1.jar:/home/user/.m2/repository/io/jaegertracing/jaeger-client/0.33.1/jaeger-client-0.33.1.jar:/home/user/.m2/repository/io/jaegertracing/jaeger-thrift/0.33.1/jaeger-thrift-0.33.1.jar:/home/user/.m2/repository/org/apache/thrift/libthrift/0.11.0/libthrift-0.11.0.jar:/home/user/.m2/repository/com/squareup/okhttp3/okhttp/3.9.0/okhttp-3.9.0.jar:/home/user/.m2/repository/com/squareup/okio/okio/1.13.0/okio-1.13.0.jar:/home/user/.m2/repository/io/jaegertracing/jaeger-core/0.33.1/jaeger-core-0.33.1.jar:/home/user/.m2/repository/io/jaegertracing/jaeger-tracerresolver/0.33.1/jaeger-tracerresolver-0.33.1.jar:/home/user/.m2/repository/io/opentracing/contrib/opentracing-tracerresolver/0.1.5/opentracing-tracerresolver-0.1.5.jar:/home/user/.m2/repository/io/opentracing/opentracing-util/0.31.0/opentracing-util-0.31.0.jar:/home/user/.m2/repository/io/opentracing/opentracing-api/0.31.0/opentracing-api-0.31.0.jar:/home/user/.m2/repository/io/opentracing/opentracing-noop/0.31.0/opentracing-noop-0.31.0.jar:/home/user/.m2/repository/org/apache/hadoop/hadoop-hdds-server-framework/0.5.0-SNAPSHOT/hadoop-hdds-server-framework-0.5.0-SNAPSHOT.jar:/home/user/.m2/repository/org/apache/hadoop/hadoop-hdds-container-service/0.5.0-SNAPSHOT/hadoop-hdds-container-service-0.5.0-SNAPSHOT.jar:/home/user/.m2/repository/org/apache/hadoop/hadoop-hdds-client/0.5.0-SNAPSHOT/hadoop-hdds-client-0.5.0-SNAPSHOT.jar:/home/user/.m2/repository/org/apache/hadoop/hadoop-hdds-tools/0.5.0-SNAPSHOT/hadoop-hdds-tools-0.5.0-SNAPSHOT.jar:/home/user/.m2/repository/org/apache/hadoop/hadoop-hdds-server-scm/0.5.0-SNAPSHOT/hadoop-hdds-server-scm-0.5.0-SNAPSHOT.jar:/home/user/.m2/repository/org/apache/hadoop/hadoop-hdds-docs/0.5.0-SNAPSHOT/hadoop-hdds-docs-0.5.0-SNAPSHOT.jar:/home/user/.m2/repository/io/dropwizard/metrics/metrics-core/3.2.4/metrics-core-3.2.4.jar:/home/user/.m2/repository/org/hamcrest/hamcrest-all/1.3/hamcrest-all-1.3.jar:/home/user/.m2/repository/org/bouncycastle/bcprov-jdk15on/1.60/bcprov-jdk15on-1.60.jar:/home/user/.m2/repository/info/picocli/picocli/3.9.6/picocli-3.9.6.jar:/home/user/.m2/repository/com/google/protobuf/protobuf-java/2.5.0/protobuf-java-2.5.0.jar:/home/user/.m2/repository/com/google/guava/guava/11.0.2/guava-11.0.2.jar:/home/user/.m2/repository/org/apache/hadoop/hadoop-ozone-ozone-manager/0.5.0-SNAPSHOT/hadoop-ozone-ozone-manager-0.5.0-SNAPSHOT.jar:/home/user/.m2/repository/org/apache/hadoop/hadoop-minikdc/3.2.0/hadoop-minikdc-3.2.0.jar:/home/user/.m2/repository/commons-io/commons-io/2.5/commons-io-2.5.jar:/home/user/.m2/repository/org/apache/kerby/kerb-simplekdc/1.0.1/kerb-simplekdc-1.0.1.jar:/home/user/.m2/repository/org/apache/kerby/kerb-client/1.0.1/kerb-client-1.0.1.jar:/home/user/.m2/repository/org/apache/kerby/kerby-config/1.0.1/kerby-config-1.0.1.jar:/home/user/.m2/repository/org/apache/kerby/kerb-core/1.0.1/kerb-core-1.0.1.jar:/home/user/.m2/repository/org/apache/kerby/kerby-pkix/1.0.1/kerby-pkix-1.0.1.jar:/home/user/.m2/repository/org/apache/kerby/kerby-asn1/1.0.1/kerby-asn1-1.0.1.jar:/home/user/.m2/repository/org/apache/kerby/kerby-util/1.0.1/kerby-util-1.0.1.jar:/home/user/.m2/repository/org/apache/kerby/kerb-common/1.0.1/kerb-common-1.0.1.jar:/home/user/.m2/repository/org/apache/kerby/kerb-crypto/1.0.1/kerb-crypto-1.0.1.jar:/home/user/.m2/repository/org/apache/kerby/kerb-util/1.0.1/kerb-util-1.0.1.jar:/home/user/.m2/repository/org/apache/kerby/token-provider/1.0.1/token-provider-1.0.1.jar:/home/user/.m2/repository/org/apache/kerby/kerb-admin/1.0.1/kerb-admin-1.0.1.jar:/home/user/.m2/repository/org/apache/kerby/kerb-server/1.0.1/kerb-server-1.0.1.jar:/home/user/.m2/repository/org/apache/kerby/kerb-identity/1.0.1/kerb-identity-1.0.1.jar:/home/user/.m2/repository/org/apache/kerby/kerby-xdr/1.0.1/kerby-xdr-1.0.1.jar:/home/user/.m2/repository/org/slf4j/slf4j-log4j12/1.7.25/slf4j-log4j12-1.7.25.jar:/home/user/.m2/repository/org/apache/hadoop/hadoop-ozone-objectstore-service/0.5.0-SNAPSHOT/hadoop-ozone-objectstore-service-0.5.0-SNAPSHOT.jar:/home/user/.m2/repository/org/apache/hadoop/hadoop-ozone-s3gateway/0.5.0-SNAPSHOT/hadoop-ozone-s3gateway-0.5.0-SNAPSHOT.jar:/home/user/.m2/repository/org/jboss/weld/servlet/weld-servlet/2.4.7.Final/weld-servlet-2.4.7.Final.jar:/home/user/.m2/repository/org/glassfish/jersey/containers/jersey-container-servlet-core/2.27/jersey-container-servlet-core-2.27.jar:/home/user/.m2/repository/org/glassfish/hk2/external/javax.inject/2.5.0-b42/javax.inject-2.5.0-b42.jar:/home/user/.m2/repository/org/glassfish/jersey/core/jersey-common/2.27/jersey-common-2.27.jar:/home/user/.m2/repository/org/glassfish/hk2/osgi-resource-locator/1.0.1/osgi-resource-locator-1.0.1.jar:/home/user/.m2/repository/javax/ws/rs/javax.ws.rs-api/2.1/javax.ws.rs-api-2.1.jar:/home/user/.m2/repository/org/glassfish/jersey/ext/cdi/jersey-cdi1x/2.27/jersey-cdi1x-2.27.jar:/home/user/.m2/repository/org/glassfish/jersey/inject/jersey-hk2/2.27/jersey-hk2-2.27.jar:/home/user/.m2/repository/org/glassfish/hk2/hk2-locator/2.5.0-b42/hk2-locator-2.5.0-b42.jar:/home/user/.m2/repository/org/javassist/javassist/3.22.0-CR2/javassist-3.22.0-CR2.jar:/home/user/.m2/repository/org/glassfish/hk2/hk2-api/2.5.0/hk2-api-2.5.0.jar:/home/user/.m2/repository/org/glassfish/hk2/external/jakarta.inject/2.5.0/jakarta.inject-2.5.0.jar:/home/user/.m2/repository/org/glassfish/hk2/hk2-utils/2.5.0/hk2-utils-2.5.0.jar:/home/user/.m2/repository/jakarta/annotation/jakarta.annotation-api/1.3.4/jakarta.annotation-api-1.3.4.jar:/home/user/.m2/repository/org/glassfish/hk2/external/aopalliance-repackaged/2.5.0/aopalliance-repackaged-2.5.0.jar:/home/user/.m2/repository/com/fasterxml/jackson/dataformat/jackson-dataformat-xml/2.9.0/jackson-dataformat-xml-2.9.0.jar:/home/user/.m2/repository/com/fasterxml/jackson/core/jackson-core/2.9.5/jackson-core-2.9.5.jar:/home/user/.m2/repository/com/fasterxml/jackson/module/jackson-module-jaxb-annotations/2.9.5/jackson-module-jaxb-annotations-2.9.5.jar:/home/user/.m2/repository/javax/enterprise/cdi-api/1.2/cdi-api-1.2.jar:/home/user/.m2/repository/javax/el/javax.el-api/3.0.0/javax.el-api-3.0.0.jar:/home/user/.m2/repository/javax/interceptor/javax.interceptor-api/1.2/javax.interceptor-api-1.2.jar:/home/user/.m2/repository/javax/inject/javax.inject/1/javax.inject-1.jar:/home/user/.m2/repository/com/sun/xml/bind/jaxb-impl/2.3.0.1/jaxb-impl-2.3.0.1.jar:/home/user/.m2/repository/com/sun/xml/bind/jaxb-core/2.3.0.1/jaxb-core-2.3.0.1.jar:/home/user/.m2/repository/javax/xml/bind/jaxb-api/2.3.0/jaxb-api-2.3.0.jar:/home/user/.m2/repository/javax/activation/activation/1.1.1/activation-1.1.1.jar:/home/user/.m2/repository/org/apache/hadoop/hadoop-ozone-csi/0.5.0-SNAPSHOT/hadoop-ozone-csi-0.5.0-SNAPSHOT.jar:/home/user/.m2/repository/com/google/protobuf/protobuf-java-util/3.5.1/protobuf-java-util-3.5.1.jar:/home/user/.m2/repository/org/apache/hadoop/hadoop-hdds-config/0.5.0-SNAPSHOT/hadoop-hdds-config-0.5.0-SNAPSHOT.jar:/home/user/.m2/repository/io/grpc/grpc-netty/1.17.1/grpc-netty-1.17.1.jar:/home/user/.m2/repository/io/grpc/grpc-core/1.17.1/grpc-core-1.17.1.jar:/home/user/.m2/repository/io/grpc/grpc-context/1.17.1/grpc-context-1.17.1.jar:/home/user/.m2/repository/com/google/errorprone/error_prone_annotations/2.2.0/error_prone_annotations-2.2.0.jar:/home/user/.m2/repository/org/codehaus/mojo/animal-sniffer-annotations/1.17/animal-sniffer-annotations-1.17.jar:/home/user/.m2/repository/io/opencensus/opencensus-api/0.17.0/opencensus-api-0.17.0.jar:/home/user/.m2/repository/io/opencensus/opencensus-contrib-grpc-metrics/0.17.0/opencensus-contrib-grpc-metrics-0.17.0.jar:/home/user/.m2/repository/io/netty/netty-codec-http2/4.1.30.Final/netty-codec-http2-4.1.30.Final.jar:/home/user/.m2/repository/io/netty/netty-codec-http/4.1.30.Final/netty-codec-http-4.1.30.Final.jar:/home/user/.m2/repository/io/netty/netty-codec/4.1.30.Final/netty-codec-4.1.30.Final.jar:/home/user/.m2/repository/io/netty/netty-handler/4.1.30.Final/netty-handler-4.1.30.Final.jar:/home/user/.m2/repository/io/netty/netty-handler-proxy/4.1.30.Final/netty-handler-proxy-4.1.30.Final.jar:/home/user/.m2/repository/io/netty/netty-codec-socks/4.1.30.Final/netty-codec-socks-4.1.30.Final.jar:/home/user/.m2/repository/io/netty/netty-transport-native-epoll/4.1.30.Final/netty-transport-native-epoll-4.1.30.Final.jar:/home/user/.m2/repository/io/netty/netty-common/4.1.30.Final/netty-common-4.1.30.Final.jar:/home/user/.m2/repository/io/netty/netty-buffer/4.1.30.Final/netty-buffer-4.1.30.Final.jar:/home/user/.m2/repository/io/netty/netty-transport/4.1.30.Final/netty-transport-4.1.30.Final.jar:/home/user/.m2/repository/io/netty/netty-resolver/4.1.30.Final/netty-resolver-4.1.30.Final.jar:/home/user/.m2/repository/io/netty/netty-transport-native-unix-common/4.1.30.Final/netty-transport-native-unix-common-4.1.30.Final.jar:/home/user/.m2/repository/io/grpc/grpc-protobuf/1.17.1/grpc-protobuf-1.17.1.jar:/home/user/.m2/repository/com/google/api/grpc/proto-google-common-protos/1.0.0/proto-google-common-protos-1.0.0.jar:/home/user/.m2/repository/io/grpc/grpc-protobuf-lite/1.17.1/grpc-protobuf-lite-1.17.1.jar:/home/user/.m2/repository/io/grpc/grpc-stub/1.17.1/grpc-stub-1.17.1.jar:/home/user/.m2/repository/org/apache/hadoop/hadoop-ozone-recon/0.5.0-SNAPSHOT/hadoop-ozone-recon-0.5.0-SNAPSHOT.jar:/home/user/.m2/repository/org/apache/hadoop/hadoop-ozone-reconcodegen/0.5.0-SNAPSHOT/hadoop-ozone-reconcodegen-0.5.0-SNAPSHOT.jar:/home/user/.m2/repository/com/google/inject/extensions/guice-multibindings/4.0/guice-multibindings-4.0.jar:/home/user/.m2/repository/com/google/inject/guice/4.0/guice-4.0.jar:/home/user/.m2/repository/aopalliance/aopalliance/1.0/aopalliance-1.0.jar:/home/user/.m2/repository/com/google/inject/extensions/guice-servlet/4.0/guice-servlet-4.0.jar:/home/user/.m2/repository/org/glassfish/jersey/containers/jersey-container-servlet/2.27/jersey-container-servlet-2.27.jar:/home/user/.m2/repository/org/glassfish/hk2/guice-bridge/2.5.0/guice-bridge-2.5.0.jar:/home/user/.m2/repository/org/glassfish/jersey/core/jersey-server/2.27/jersey-server-2.27.jar:/home/user/.m2/repository/org/glassfish/jersey/core/jersey-client/2.27/jersey-client-2.27.jar:/home/user/.m2/repository/org/glassfish/jersey/media/jersey-media-jaxb/2.27/jersey-media-jaxb-2.27.jar:/home/user/.m2/repository/javax/validation/validation-api/1.1.0.Final/validation-api-1.1.0.Final.jar:/home/user/.m2/repository/org/glassfish/jersey/media/jersey-media-json-jackson/2.27/jersey-media-json-jackson-2.27.jar:/home/user/.m2/repository/org/glassfish/jersey/ext/jersey-entity-filtering/2.27/jersey-entity-filtering-2.27.jar:/home/user/.m2/repository/com/google/inject/extensions/guice-assistedinject/4.0/guice-assistedinject-4.0.jar:/home/user/.m2/repository/org/jooq/jooq/3.11.10/jooq-3.11.10.jar:/home/user/.m2/repository/org/jooq/jooq-meta/3.11.10/jooq-meta-3.11.10.jar:/home/user/.m2/repository/org/jooq/jooq-codegen/3.11.10/jooq-codegen-3.11.10.jar:/home/user/.m2/repository/com/jolbox/bonecp/0.8.0.RELEASE/bonecp-0.8.0.RELEASE.jar:/home/user/.m2/repository/org/xerial/sqlite-jdbc/3.25.2/sqlite-jdbc-3.25.2.jar:/home/user/.m2/repository/org/springframework/spring-jdbc/5.1.3.RELEASE/spring-jdbc-5.1.3.RELEASE.jar:/home/user/.m2/repository/org/springframework/spring-beans/5.1.3.RELEASE/spring-beans-5.1.3.RELEASE.jar:/home/user/.m2/repository/org/springframework/spring-core/5.1.3.RELEASE/spring-core-5.1.3.RELEASE.jar:/home/user/.m2/repository/org/springframework/spring-jcl/5.1.3.RELEASE/spring-jcl-5.1.3.RELEASE.jar:/home/user/.m2/repository/org/springframework/spring-tx/5.1.3.RELEASE/spring-tx-5.1.3.RELEASE.jar:/home/user/.m2/repository/org/apache/hadoop/hadoop-ozone-client/0.5.0-SNAPSHOT/hadoop-ozone-client-0.5.0-SNAPSHOT.jar:/home/user/.m2/repository/commons-lang/commons-lang/2.6/commons-lang-2.6.jar:/home/user/.m2/repository/org/apache/hadoop/hadoop-ozone-ozone-manager/0.5.0-SNAPSHOT/hadoop-ozone-ozone-manager-0.5.0-SNAPSHOT-tests.jar:/home/user/.m2/repository/junit/junit/4.11/junit-4.11.jar:/home/user/.m2/repository/org/hamcrest/hamcrest-core/1.3/hamcrest-core-1.3.jar:/home/user/.m2/repository/org/openjdk/jmh/jmh-core/1.19/jmh-core-1.19.jar:/home/user/.m2/repository/net/sf/jopt-simple/jopt-simple/4.6/jopt-simple-4.6.jar:/home/user/.m2/repository/org/apache/commons/commons-math3/3.1.1/commons-math3-3.1.1.jar:/home/user/.m2/repository/org/openjdk/jmh/jmh-generator-annprocess/1.19/jmh-generator-annprocess-1.19.jar:/home/user/.m2/repository/org/mockito/mockito-all/1.8.5/mockito-all-1.8.5.jar:/home/user/.m2/repository/org/apache/hadoop/hadoop-kms/3.2.0/hadoop-kms-3.2.0.jar:/home/user/.m2/repository/org/apache/hadoop/hadoop-auth/3.2.0/hadoop-auth-3.2.0.jar:/home/user/.m2/repository/com/nimbusds/nimbus-jose-jwt/4.41.1/nimbus-jose-jwt-4.41.1.jar:/home/user/.m2/repository/com/github/stephenc/jcip/jcip-annotations/1.0-1/jcip-annotations-1.0-1.jar:/home/user/.m2/repository/net/minidev/json-smart/2.3/json-smart-2.3.jar:/home/user/.m2/repository/net/minidev/accessors-smart/1.2/accessors-smart-1.2.jar:/home/user/.m2/repository/org/ow2/asm/asm/5.0.4/asm-5.0.4.jar:/home/user/.m2/repository/org/apache/curator/curator-framework/2.12.0/curator-framework-2.12.0.jar:/home/user/.m2/repository/com/sun/jersey/jersey-core/1.19/jersey-core-1.19.jar:/home/user/.m2/repository/javax/ws/rs/jsr311-api/1.1.1/jsr311-api-1.1.1.jar:/home/user/.m2/repository/com/sun/jersey/jersey-server/1.19/jersey-server-1.19.jar:/home/user/.m2/repository/javax/servlet/javax.servlet-api/3.1.0/javax.servlet-api-3.1.0.jar:/home/user/.m2/repository/org/eclipse/jetty/jetty-server/9.3.24.v20180605/jetty-server-9.3.24.v20180605.jar:/home/user/.m2/repository/org/eclipse/jetty/jetty-http/9.3.24.v20180605/jetty-http-9.3.24.v20180605.jar:/home/user/.m2/repository/org/eclipse/jetty/jetty-io/9.3.24.v20180605/jetty-io-9.3.24.v20180605.jar:/home/user/.m2/repository/org/eclipse/jetty/jetty-webapp/9.3.24.v20180605/jetty-webapp-9.3.24.v20180605.jar:/home/user/.m2/repository/org/eclipse/jetty/jetty-xml/9.3.24.v20180605/jetty-xml-9.3.24.v20180605.jar:/home/user/.m2/repository/log4j/log4j/1.2.17/log4j-1.2.17.jar:/home/user/.m2/repository/org/slf4j/slf4j-api/1.7.25/slf4j-api-1.7.25.jar:/home/user/.m2/repository/org/slf4j/jul-to-slf4j/1.7.25/jul-to-slf4j-1.7.25.jar:/home/user/.m2/repository/org/eclipse/jetty/jetty-util/9.3.24.v20180605/jetty-util-9.3.24.v20180605.jar:/home/user/.m2/repository/com/fasterxml/jackson/core/jackson-databind/2.9.5/jackson-databind-2.9.5.jar:/home/user/.m2/repository/org/apache/hadoop/hadoop-kms/3.2.0/hadoop-kms-3.2.0-tests.jar:/home/user/.m2/repository/org/apache/hadoop/hadoop-hdds-server-scm/0.5.0-SNAPSHOT/hadoop-hdds-server-scm-0.5.0-SNAPSHOT-tests.jar:/home/user/.m2/repository/org/apache/hadoop/hadoop-hdds-container-service/0.5.0-SNAPSHOT/hadoop-hdds-container-service-0.5.0-SNAPSHOT-tests.jar:/home/user/.m2/repository/org/yaml/snakeyaml/1.16/snakeyaml-1.16.jar:/home/user/.m2/repository/org/apache/hadoop/hadoop-common/3.2.0/hadoop-common-3.2.0-tests.jar:/home/user/.m2/repository/org/apache/hadoop/hadoop-annotations/3.2.0/hadoop-annotations-3.2.0.jar:/usr/lib/jvm/java-1.8-openjdk/jre/../lib/tools.jar:/home/user/.m2/repository/commons-cli/commons-cli/1.2/commons-cli-1.2.jar:/home/user/.m2/repository/org/apache/httpcomponents/httpclient/4.5.2/httpclient-4.5.2.jar:/home/user/.m2/repository/org/apache/httpcomponents/httpcore/4.4.4/httpcore-4.4.4.jar:/home/user/.m2/repository/commons-codec/commons-codec/1.11/commons-codec-1.11.jar:/home/user/.m2/repository/commons-net/commons-net/3.6/commons-net-3.6.jar:/home/user/.m2/repository/commons-collections/commons-collections/3.2.2/commons-collections-3.2.2.jar:/home/user/.m2/repository/org/eclipse/jetty/jetty-servlet/9.3.24.v20180605/jetty-servlet-9.3.24.v20180605.jar:/home/user/.m2/repository/org/eclipse/jetty/jetty-security/9.3.24.v20180605/jetty-security-9.3.24.v20180605.jar:/home/user/.m2/repository/javax/servlet/jsp/jsp-api/2.1/jsp-api-2.1.jar:/home/user/.m2/repository/com/sun/jersey/jersey-servlet/1.19/jersey-servlet-1.19.jar:/home/user/.m2/repository/com/sun/jersey/jersey-json/1.19/jersey-json-1.19.jar:/home/user/.m2/repository/org/codehaus/jettison/jettison/1.1/jettison-1.1.jar:/home/user/.m2/repository/org/codehaus/jackson/jackson-core-asl/1.9.13/jackson-core-asl-1.9.13.jar:/home/user/.m2/repository/org/codehaus/jackson/jackson-mapper-asl/1.9.13/jackson-mapper-asl-1.9.13.jar:/home/user/.m2/repository/org/codehaus/jackson/jackson-jaxrs/1.9.13/jackson-jaxrs-1.9.13.jar:/home/user/.m2/repository/org/codehaus/jackson/jackson-xc/1.9.13/jackson-xc-1.9.13.jar:/home/user/.m2/repository/commons-logging/commons-logging/1.1.3/commons-logging-1.1.3.jar:/home/user/.m2/repository/commons-beanutils/commons-beanutils/1.9.3/commons-beanutils-1.9.3.jar:/home/user/.m2/repository/org/apache/commons/commons-configuration2/2.1.1/commons-configuration2-2.1.1.jar:/home/user/.m2/repository/org/apache/commons/commons-lang3/3.7/commons-lang3-3.7.jar:/home/user/.m2/repository/org/apache/commons/commons-text/1.4/commons-text-1.4.jar:/home/user/.m2/repository/org/apache/avro/avro/1.7.7/avro-1.7.7.jar:/home/user/.m2/repository/com/thoughtworks/paranamer/paranamer/2.3/paranamer-2.3.jar:/home/user/.m2/repository/org/xerial/snappy/snappy-java/1.0.5/snappy-java-1.0.5.jar:/home/user/.m2/repository/com/google/re2j/re2j/1.1/re2j-1.1.jar:/home/user/.m2/repository/com/google/code/gson/gson/2.2.4/gson-2.2.4.jar:/home/user/.m2/repository/com/jcraft/jsch/0.1.54/jsch-0.1.54.jar:/home/user/.m2/repository/org/apache/curator/curator-client/2.12.0/curator-client-2.12.0.jar:/home/user/.m2/repository/org/apache/curator/curator-recipes/2.12.0/curator-recipes-2.12.0.jar:/home/user/.m2/repository/com/google/code/findbugs/jsr305/3.0.0/jsr305-3.0.0.jar:/home/user/.m2/repository/org/apache/htrace/htrace-core4/4.1.0-incubating/htrace-core4-4.1.0-incubating.jar:/home/user/.m2/repository/org/apache/zookeeper/zookeeper/3.4.13/zookeeper-3.4.13.jar:/home/user/.m2/repository/org/apache/yetus/audience-annotations/0.5.0/audience-annotations-0.5.0.jar:/home/user/.m2/repository/org/codehaus/woodstox/stax2-api/3.1.4/stax2-api-3.1.4.jar:/home/user/.m2/repository/com/fasterxml/woodstox/woodstox-core/5.0.3/woodstox-core-5.0.3.jar:/home/user/.m2/repository/dnsjava/dnsjava/2.1.7/dnsjava-2.1.7.jar:/home/user/.m2/repository/org/apache/hadoop/hadoop-hdfs/3.2.0/hadoop-hdfs-3.2.0-tests.jar:/home/user/.m2/repository/org/eclipse/jetty/jetty-util-ajax/9.3.24.v20180605/jetty-util-ajax-9.3.24.v20180605.jar:/home/user/.m2/repository/commons-daemon/commons-daemon/1.0.13/commons-daemon-1.0.13.jar:/home/user/.m2/repository/io/netty/netty/3.10.5.Final/netty-3.10.5.Final.jar:/home/user/.m2/repository/io/netty/netty-all/4.0.52.Final/netty-all-4.0.52.Final.jar:/home/user/.m2/repository/org/fusesource/leveldbjni/leveldbjni-all/1.8/leveldbjni-all-1.8.jar:"/>
    <property name="java.vm.vendor" value="IcedTea"/>
    <property name="sun.arch.data.model" value="64"/>
    <property name="test.build.dir" value="/workdir/hadoop-ozone/integration-test/target/test-dir"/>
    <property name="test.cache.data" value=""/>
    <property name="java.vendor.url" value="https://icedtea.classpath.org"/>
    <property name="user.timezone" value=""/>
    <property name="java.vm.specification.version" value="1.8"/>
    <property name="os.name" value="Linux"/>
    <property name="test.build.data" value="/workdir/hadoop-ozone/integration-test/target/test-dir"/>
    <property name="user.country" value="US"/>
    <property name="sun.java.launcher" value="SUN_STANDARD"/>
    <property name="sun.boot.library.path" value="/usr/lib/jvm/java-1.8-openjdk/jre/lib/amd64"/>
    <property name="sun.java.command" value="/workdir/hadoop-ozone/integration-test/target/surefire/surefirebooter5466376386371845310.jar /workdir/hadoop-ozone/integration-test/target/surefire 2019-08-30T06-37-05_873-jvmRun1 surefire8338288357816347047tmp surefire_638417289838949660314tmp"/>
    <property name="test" value="!TestMiniChaosOzoneCluster"/>
    <property name="surefire.test.class.path" value="/workdir/hadoop-ozone/integration-test/target/test-classes:/workdir/hadoop-ozone/integration-test/target/classes:/home/user/.m2/repository/org/apache/hadoop/hadoop-ozone-common/0.5.0-SNAPSHOT/hadoop-ozone-common-0.5.0-SNAPSHOT.jar:/home/user/.m2/repository/org/apache/commons/commons-compress/1.4.1/commons-compress-1.4.1.jar:/home/user/.m2/repository/org/tukaani/xz/1.0/xz-1.0.jar:/home/user/.m2/repository/org/apache/hadoop/hadoop-common/3.2.0/hadoop-common-3.2.0.jar:/home/user/.m2/repository/org/apache/hadoop/hadoop-hdfs/3.2.0/hadoop-hdfs-3.2.0.jar:/home/user/.m2/repository/org/apache/hadoop/hadoop-hdfs-client/3.2.0/hadoop-hdfs-client-3.2.0.jar:/home/user/.m2/repository/com/fasterxml/jackson/core/jackson-annotations/2.9.5/jackson-annotations-2.9.5.jar:/home/user/.m2/repository/org/apache/hadoop/hadoop-hdds-common/0.5.0-SNAPSHOT/hadoop-hdds-common-0.5.0-SNAPSHOT.jar:/home/user/.m2/repository/javax/annotation/javax.annotation-api/1.2/javax.annotation-api-1.2.jar:/home/user/.m2/repository/org/apache/ratis/ratis-server/0.4.0-2337318-SNAPSHOT/ratis-server-0.4.0-2337318-SNAPSHOT.jar:/home/user/.m2/repository/org/apache/ratis/ratis-thirdparty-misc/0.2.0/ratis-thirdparty-misc-0.2.0.jar:/home/user/.m2/repository/org/apache/ratis/ratis-proto/0.4.0-2337318-SNAPSHOT/ratis-proto-0.4.0-2337318-SNAPSHOT.jar:/home/user/.m2/repository/org/apache/ratis/ratis-common/0.4.0-2337318-SNAPSHOT/ratis-common-0.4.0-2337318-SNAPSHOT.jar:/home/user/.m2/repository/org/apache/ratis/ratis-client/0.4.0-2337318-SNAPSHOT/ratis-client-0.4.0-2337318-SNAPSHOT.jar:/home/user/.m2/repository/org/apache/ratis/ratis-metrics/0.4.0-2337318-SNAPSHOT/ratis-metrics-0.4.0-2337318-SNAPSHOT.jar:/home/user/.m2/repository/org/apache/ratis/ratis-netty/0.4.0-2337318-SNAPSHOT/ratis-netty-0.4.0-2337318-SNAPSHOT.jar:/home/user/.m2/repository/org/apache/ratis/ratis-grpc/0.4.0-2337318-SNAPSHOT/ratis-grpc-0.4.0-2337318-SNAPSHOT.jar:/home/user/.m2/repository/org/rocksdb/rocksdbjni/6.0.1/rocksdbjni-6.0.1.jar:/home/user/.m2/repository/org/apache/logging/log4j/log4j-api/2.11.0/log4j-api-2.11.0.jar:/home/user/.m2/repository/org/apache/logging/log4j/log4j-core/2.11.0/log4j-core-2.11.0.jar:/home/user/.m2/repository/com/lmax/disruptor/3.4.2/disruptor-3.4.2.jar:/home/user/.m2/repository/org/apache/commons/commons-pool2/2.6.0/commons-pool2-2.6.0.jar:/home/user/.m2/repository/org/bouncycastle/bcpkix-jdk15on/1.60/bcpkix-jdk15on-1.60.jar:/home/user/.m2/repository/commons-validator/commons-validator/1.6/commons-validator-1.6.jar:/home/user/.m2/repository/commons-digester/commons-digester/1.8.1/commons-digester-1.8.1.jar:/home/user/.m2/repository/io/jaegertracing/jaeger-client/0.33.1/jaeger-client-0.33.1.jar:/home/user/.m2/repository/io/jaegertracing/jaeger-thrift/0.33.1/jaeger-thrift-0.33.1.jar:/home/user/.m2/repository/org/apache/thrift/libthrift/0.11.0/libthrift-0.11.0.jar:/home/user/.m2/repository/com/squareup/okhttp3/okhttp/3.9.0/okhttp-3.9.0.jar:/home/user/.m2/repository/com/squareup/okio/okio/1.13.0/okio-1.13.0.jar:/home/user/.m2/repository/io/jaegertracing/jaeger-core/0.33.1/jaeger-core-0.33.1.jar:/home/user/.m2/repository/io/jaegertracing/jaeger-tracerresolver/0.33.1/jaeger-tracerresolver-0.33.1.jar:/home/user/.m2/repository/io/opentracing/contrib/opentracing-tracerresolver/0.1.5/opentracing-tracerresolver-0.1.5.jar:/home/user/.m2/repository/io/opentracing/opentracing-util/0.31.0/opentracing-util-0.31.0.jar:/home/user/.m2/repository/io/opentracing/opentracing-api/0.31.0/opentracing-api-0.31.0.jar:/home/user/.m2/repository/io/opentracing/opentracing-noop/0.31.0/opentracing-noop-0.31.0.jar:/home/user/.m2/repository/org/apache/hadoop/hadoop-hdds-server-framework/0.5.0-SNAPSHOT/hadoop-hdds-server-framework-0.5.0-SNAPSHOT.jar:/home/user/.m2/repository/org/apache/hadoop/hadoop-hdds-container-service/0.5.0-SNAPSHOT/hadoop-hdds-container-service-0.5.0-SNAPSHOT.jar:/home/user/.m2/repository/org/apache/hadoop/hadoop-hdds-client/0.5.0-SNAPSHOT/hadoop-hdds-client-0.5.0-SNAPSHOT.jar:/home/user/.m2/repository/org/apache/hadoop/hadoop-hdds-tools/0.5.0-SNAPSHOT/hadoop-hdds-tools-0.5.0-SNAPSHOT.jar:/home/user/.m2/repository/org/apache/hadoop/hadoop-hdds-server-scm/0.5.0-SNAPSHOT/hadoop-hdds-server-scm-0.5.0-SNAPSHOT.jar:/home/user/.m2/repository/org/apache/hadoop/hadoop-hdds-docs/0.5.0-SNAPSHOT/hadoop-hdds-docs-0.5.0-SNAPSHOT.jar:/home/user/.m2/repository/io/dropwizard/metrics/metrics-core/3.2.4/metrics-core-3.2.4.jar:/home/user/.m2/repository/org/hamcrest/hamcrest-all/1.3/hamcrest-all-1.3.jar:/home/user/.m2/repository/org/bouncycastle/bcprov-jdk15on/1.60/bcprov-jdk15on-1.60.jar:/home/user/.m2/repository/info/picocli/picocli/3.9.6/picocli-3.9.6.jar:/home/user/.m2/repository/com/google/protobuf/protobuf-java/2.5.0/protobuf-java-2.5.0.jar:/home/user/.m2/repository/com/google/guava/guava/11.0.2/guava-11.0.2.jar:/home/user/.m2/repository/org/apache/hadoop/hadoop-ozone-ozone-manager/0.5.0-SNAPSHOT/hadoop-ozone-ozone-manager-0.5.0-SNAPSHOT.jar:/home/user/.m2/repository/org/apache/hadoop/hadoop-minikdc/3.2.0/hadoop-minikdc-3.2.0.jar:/home/user/.m2/repository/commons-io/commons-io/2.5/commons-io-2.5.jar:/home/user/.m2/repository/org/apache/kerby/kerb-simplekdc/1.0.1/kerb-simplekdc-1.0.1.jar:/home/user/.m2/repository/org/apache/kerby/kerb-client/1.0.1/kerb-client-1.0.1.jar:/home/user/.m2/repository/org/apache/kerby/kerby-config/1.0.1/kerby-config-1.0.1.jar:/home/user/.m2/repository/org/apache/kerby/kerb-core/1.0.1/kerb-core-1.0.1.jar:/home/user/.m2/repository/org/apache/kerby/kerby-pkix/1.0.1/kerby-pkix-1.0.1.jar:/home/user/.m2/repository/org/apache/kerby/kerby-asn1/1.0.1/kerby-asn1-1.0.1.jar:/home/user/.m2/repository/org/apache/kerby/kerby-util/1.0.1/kerby-util-1.0.1.jar:/home/user/.m2/repository/org/apache/kerby/kerb-common/1.0.1/kerb-common-1.0.1.jar:/home/user/.m2/repository/org/apache/kerby/kerb-crypto/1.0.1/kerb-crypto-1.0.1.jar:/home/user/.m2/repository/org/apache/kerby/kerb-util/1.0.1/kerb-util-1.0.1.jar:/home/user/.m2/repository/org/apache/kerby/token-provider/1.0.1/token-provider-1.0.1.jar:/home/user/.m2/repository/org/apache/kerby/kerb-admin/1.0.1/kerb-admin-1.0.1.jar:/home/user/.m2/repository/org/apache/kerby/kerb-server/1.0.1/kerb-server-1.0.1.jar:/home/user/.m2/repository/org/apache/kerby/kerb-identity/1.0.1/kerb-identity-1.0.1.jar:/home/user/.m2/repository/org/apache/kerby/kerby-xdr/1.0.1/kerby-xdr-1.0.1.jar:/home/user/.m2/repository/org/slf4j/slf4j-log4j12/1.7.25/slf4j-log4j12-1.7.25.jar:/home/user/.m2/repository/org/apache/hadoop/hadoop-ozone-objectstore-service/0.5.0-SNAPSHOT/hadoop-ozone-objectstore-service-0.5.0-SNAPSHOT.jar:/home/user/.m2/repository/org/apache/hadoop/hadoop-ozone-s3gateway/0.5.0-SNAPSHOT/hadoop-ozone-s3gateway-0.5.0-SNAPSHOT.jar:/home/user/.m2/repository/org/jboss/weld/servlet/weld-servlet/2.4.7.Final/weld-servlet-2.4.7.Final.jar:/home/user/.m2/repository/org/glassfish/jersey/containers/jersey-container-servlet-core/2.27/jersey-container-servlet-core-2.27.jar:/home/user/.m2/repository/org/glassfish/hk2/external/javax.inject/2.5.0-b42/javax.inject-2.5.0-b42.jar:/home/user/.m2/repository/org/glassfish/jersey/core/jersey-common/2.27/jersey-common-2.27.jar:/home/user/.m2/repository/org/glassfish/hk2/osgi-resource-locator/1.0.1/osgi-resource-locator-1.0.1.jar:/home/user/.m2/repository/javax/ws/rs/javax.ws.rs-api/2.1/javax.ws.rs-api-2.1.jar:/home/user/.m2/repository/org/glassfish/jersey/ext/cdi/jersey-cdi1x/2.27/jersey-cdi1x-2.27.jar:/home/user/.m2/repository/org/glassfish/jersey/inject/jersey-hk2/2.27/jersey-hk2-2.27.jar:/home/user/.m2/repository/org/glassfish/hk2/hk2-locator/2.5.0-b42/hk2-locator-2.5.0-b42.jar:/home/user/.m2/repository/org/javassist/javassist/3.22.0-CR2/javassist-3.22.0-CR2.jar:/home/user/.m2/repository/org/glassfish/hk2/hk2-api/2.5.0/hk2-api-2.5.0.jar:/home/user/.m2/repository/org/glassfish/hk2/external/jakarta.inject/2.5.0/jakarta.inject-2.5.0.jar:/home/user/.m2/repository/org/glassfish/hk2/hk2-utils/2.5.0/hk2-utils-2.5.0.jar:/home/user/.m2/repository/jakarta/annotation/jakarta.annotation-api/1.3.4/jakarta.annotation-api-1.3.4.jar:/home/user/.m2/repository/org/glassfish/hk2/external/aopalliance-repackaged/2.5.0/aopalliance-repackaged-2.5.0.jar:/home/user/.m2/repository/com/fasterxml/jackson/dataformat/jackson-dataformat-xml/2.9.0/jackson-dataformat-xml-2.9.0.jar:/home/user/.m2/repository/com/fasterxml/jackson/core/jackson-core/2.9.5/jackson-core-2.9.5.jar:/home/user/.m2/repository/com/fasterxml/jackson/module/jackson-module-jaxb-annotations/2.9.5/jackson-module-jaxb-annotations-2.9.5.jar:/home/user/.m2/repository/javax/enterprise/cdi-api/1.2/cdi-api-1.2.jar:/home/user/.m2/repository/javax/el/javax.el-api/3.0.0/javax.el-api-3.0.0.jar:/home/user/.m2/repository/javax/interceptor/javax.interceptor-api/1.2/javax.interceptor-api-1.2.jar:/home/user/.m2/repository/javax/inject/javax.inject/1/javax.inject-1.jar:/home/user/.m2/repository/com/sun/xml/bind/jaxb-impl/2.3.0.1/jaxb-impl-2.3.0.1.jar:/home/user/.m2/repository/com/sun/xml/bind/jaxb-core/2.3.0.1/jaxb-core-2.3.0.1.jar:/home/user/.m2/repository/javax/xml/bind/jaxb-api/2.3.0/jaxb-api-2.3.0.jar:/home/user/.m2/repository/javax/activation/activation/1.1.1/activation-1.1.1.jar:/home/user/.m2/repository/org/apache/hadoop/hadoop-ozone-csi/0.5.0-SNAPSHOT/hadoop-ozone-csi-0.5.0-SNAPSHOT.jar:/home/user/.m2/repository/com/google/protobuf/protobuf-java-util/3.5.1/protobuf-java-util-3.5.1.jar:/home/user/.m2/repository/org/apache/hadoop/hadoop-hdds-config/0.5.0-SNAPSHOT/hadoop-hdds-config-0.5.0-SNAPSHOT.jar:/home/user/.m2/repository/io/grpc/grpc-netty/1.17.1/grpc-netty-1.17.1.jar:/home/user/.m2/repository/io/grpc/grpc-core/1.17.1/grpc-core-1.17.1.jar:/home/user/.m2/repository/io/grpc/grpc-context/1.17.1/grpc-context-1.17.1.jar:/home/user/.m2/repository/com/google/errorprone/error_prone_annotations/2.2.0/error_prone_annotations-2.2.0.jar:/home/user/.m2/repository/org/codehaus/mojo/animal-sniffer-annotations/1.17/animal-sniffer-annotations-1.17.jar:/home/user/.m2/repository/io/opencensus/opencensus-api/0.17.0/opencensus-api-0.17.0.jar:/home/user/.m2/repository/io/opencensus/opencensus-contrib-grpc-metrics/0.17.0/opencensus-contrib-grpc-metrics-0.17.0.jar:/home/user/.m2/repository/io/netty/netty-codec-http2/4.1.30.Final/netty-codec-http2-4.1.30.Final.jar:/home/user/.m2/repository/io/netty/netty-codec-http/4.1.30.Final/netty-codec-http-4.1.30.Final.jar:/home/user/.m2/repository/io/netty/netty-codec/4.1.30.Final/netty-codec-4.1.30.Final.jar:/home/user/.m2/repository/io/netty/netty-handler/4.1.30.Final/netty-handler-4.1.30.Final.jar:/home/user/.m2/repository/io/netty/netty-handler-proxy/4.1.30.Final/netty-handler-proxy-4.1.30.Final.jar:/home/user/.m2/repository/io/netty/netty-codec-socks/4.1.30.Final/netty-codec-socks-4.1.30.Final.jar:/home/user/.m2/repository/io/netty/netty-transport-native-epoll/4.1.30.Final/netty-transport-native-epoll-4.1.30.Final.jar:/home/user/.m2/repository/io/netty/netty-common/4.1.30.Final/netty-common-4.1.30.Final.jar:/home/user/.m2/repository/io/netty/netty-buffer/4.1.30.Final/netty-buffer-4.1.30.Final.jar:/home/user/.m2/repository/io/netty/netty-transport/4.1.30.Final/netty-transport-4.1.30.Final.jar:/home/user/.m2/repository/io/netty/netty-resolver/4.1.30.Final/netty-resolver-4.1.30.Final.jar:/home/user/.m2/repository/io/netty/netty-transport-native-unix-common/4.1.30.Final/netty-transport-native-unix-common-4.1.30.Final.jar:/home/user/.m2/repository/io/grpc/grpc-protobuf/1.17.1/grpc-protobuf-1.17.1.jar:/home/user/.m2/repository/com/google/api/grpc/proto-google-common-protos/1.0.0/proto-google-common-protos-1.0.0.jar:/home/user/.m2/repository/io/grpc/grpc-protobuf-lite/1.17.1/grpc-protobuf-lite-1.17.1.jar:/home/user/.m2/repository/io/grpc/grpc-stub/1.17.1/grpc-stub-1.17.1.jar:/home/user/.m2/repository/org/apache/hadoop/hadoop-ozone-recon/0.5.0-SNAPSHOT/hadoop-ozone-recon-0.5.0-SNAPSHOT.jar:/home/user/.m2/repository/org/apache/hadoop/hadoop-ozone-reconcodegen/0.5.0-SNAPSHOT/hadoop-ozone-reconcodegen-0.5.0-SNAPSHOT.jar:/home/user/.m2/repository/com/google/inject/extensions/guice-multibindings/4.0/guice-multibindings-4.0.jar:/home/user/.m2/repository/com/google/inject/guice/4.0/guice-4.0.jar:/home/user/.m2/repository/aopalliance/aopalliance/1.0/aopalliance-1.0.jar:/home/user/.m2/repository/com/google/inject/extensions/guice-servlet/4.0/guice-servlet-4.0.jar:/home/user/.m2/repository/org/glassfish/jersey/containers/jersey-container-servlet/2.27/jersey-container-servlet-2.27.jar:/home/user/.m2/repository/org/glassfish/hk2/guice-bridge/2.5.0/guice-bridge-2.5.0.jar:/home/user/.m2/repository/org/glassfish/jersey/core/jersey-server/2.27/jersey-server-2.27.jar:/home/user/.m2/repository/org/glassfish/jersey/core/jersey-client/2.27/jersey-client-2.27.jar:/home/user/.m2/repository/org/glassfish/jersey/media/jersey-media-jaxb/2.27/jersey-media-jaxb-2.27.jar:/home/user/.m2/repository/javax/validation/validation-api/1.1.0.Final/validation-api-1.1.0.Final.jar:/home/user/.m2/repository/org/glassfish/jersey/media/jersey-media-json-jackson/2.27/jersey-media-json-jackson-2.27.jar:/home/user/.m2/repository/org/glassfish/jersey/ext/jersey-entity-filtering/2.27/jersey-entity-filtering-2.27.jar:/home/user/.m2/repository/com/google/inject/extensions/guice-assistedinject/4.0/guice-assistedinject-4.0.jar:/home/user/.m2/repository/org/jooq/jooq/3.11.10/jooq-3.11.10.jar:/home/user/.m2/repository/org/jooq/jooq-meta/3.11.10/jooq-meta-3.11.10.jar:/home/user/.m2/repository/org/jooq/jooq-codegen/3.11.10/jooq-codegen-3.11.10.jar:/home/user/.m2/repository/com/jolbox/bonecp/0.8.0.RELEASE/bonecp-0.8.0.RELEASE.jar:/home/user/.m2/repository/org/xerial/sqlite-jdbc/3.25.2/sqlite-jdbc-3.25.2.jar:/home/user/.m2/repository/org/springframework/spring-jdbc/5.1.3.RELEASE/spring-jdbc-5.1.3.RELEASE.jar:/home/user/.m2/repository/org/springframework/spring-beans/5.1.3.RELEASE/spring-beans-5.1.3.RELEASE.jar:/home/user/.m2/repository/org/springframework/spring-core/5.1.3.RELEASE/spring-core-5.1.3.RELEASE.jar:/home/user/.m2/repository/org/springframework/spring-jcl/5.1.3.RELEASE/spring-jcl-5.1.3.RELEASE.jar:/home/user/.m2/repository/org/springframework/spring-tx/5.1.3.RELEASE/spring-tx-5.1.3.RELEASE.jar:/home/user/.m2/repository/org/apache/hadoop/hadoop-ozone-client/0.5.0-SNAPSHOT/hadoop-ozone-client-0.5.0-SNAPSHOT.jar:/home/user/.m2/repository/commons-lang/commons-lang/2.6/commons-lang-2.6.jar:/home/user/.m2/repository/org/apache/hadoop/hadoop-ozone-ozone-manager/0.5.0-SNAPSHOT/hadoop-ozone-ozone-manager-0.5.0-SNAPSHOT-tests.jar:/home/user/.m2/repository/junit/junit/4.11/junit-4.11.jar:/home/user/.m2/repository/org/hamcrest/hamcrest-core/1.3/hamcrest-core-1.3.jar:/home/user/.m2/repository/org/openjdk/jmh/jmh-core/1.19/jmh-core-1.19.jar:/home/user/.m2/repository/net/sf/jopt-simple/jopt-simple/4.6/jopt-simple-4.6.jar:/home/user/.m2/repository/org/apache/commons/commons-math3/3.1.1/commons-math3-3.1.1.jar:/home/user/.m2/repository/org/openjdk/jmh/jmh-generator-annprocess/1.19/jmh-generator-annprocess-1.19.jar:/home/user/.m2/repository/org/mockito/mockito-all/1.8.5/mockito-all-1.8.5.jar:/home/user/.m2/repository/org/apache/hadoop/hadoop-kms/3.2.0/hadoop-kms-3.2.0.jar:/home/user/.m2/repository/org/apache/hadoop/hadoop-auth/3.2.0/hadoop-auth-3.2.0.jar:/home/user/.m2/repository/com/nimbusds/nimbus-jose-jwt/4.41.1/nimbus-jose-jwt-4.41.1.jar:/home/user/.m2/repository/com/github/stephenc/jcip/jcip-annotations/1.0-1/jcip-annotations-1.0-1.jar:/home/user/.m2/repository/net/minidev/json-smart/2.3/json-smart-2.3.jar:/home/user/.m2/repository/net/minidev/accessors-smart/1.2/accessors-smart-1.2.jar:/home/user/.m2/repository/org/ow2/asm/asm/5.0.4/asm-5.0.4.jar:/home/user/.m2/repository/org/apache/curator/curator-framework/2.12.0/curator-framework-2.12.0.jar:/home/user/.m2/repository/com/sun/jersey/jersey-core/1.19/jersey-core-1.19.jar:/home/user/.m2/repository/javax/ws/rs/jsr311-api/1.1.1/jsr311-api-1.1.1.jar:/home/user/.m2/repository/com/sun/jersey/jersey-server/1.19/jersey-server-1.19.jar:/home/user/.m2/repository/javax/servlet/javax.servlet-api/3.1.0/javax.servlet-api-3.1.0.jar:/home/user/.m2/repository/org/eclipse/jetty/jetty-server/9.3.24.v20180605/jetty-server-9.3.24.v20180605.jar:/home/user/.m2/repository/org/eclipse/jetty/jetty-http/9.3.24.v20180605/jetty-http-9.3.24.v20180605.jar:/home/user/.m2/repository/org/eclipse/jetty/jetty-io/9.3.24.v20180605/jetty-io-9.3.24.v20180605.jar:/home/user/.m2/repository/org/eclipse/jetty/jetty-webapp/9.3.24.v20180605/jetty-webapp-9.3.24.v20180605.jar:/home/user/.m2/repository/org/eclipse/jetty/jetty-xml/9.3.24.v20180605/jetty-xml-9.3.24.v20180605.jar:/home/user/.m2/repository/log4j/log4j/1.2.17/log4j-1.2.17.jar:/home/user/.m2/repository/org/slf4j/slf4j-api/1.7.25/slf4j-api-1.7.25.jar:/home/user/.m2/repository/org/slf4j/jul-to-slf4j/1.7.25/jul-to-slf4j-1.7.25.jar:/home/user/.m2/repository/org/eclipse/jetty/jetty-util/9.3.24.v20180605/jetty-util-9.3.24.v20180605.jar:/home/user/.m2/repository/com/fasterxml/jackson/core/jackson-databind/2.9.5/jackson-databind-2.9.5.jar:/home/user/.m2/repository/org/apache/hadoop/hadoop-kms/3.2.0/hadoop-kms-3.2.0-tests.jar:/home/user/.m2/repository/org/apache/hadoop/hadoop-hdds-server-scm/0.5.0-SNAPSHOT/hadoop-hdds-server-scm-0.5.0-SNAPSHOT-tests.jar:/home/user/.m2/repository/org/apache/hadoop/hadoop-hdds-container-service/0.5.0-SNAPSHOT/hadoop-hdds-container-service-0.5.0-SNAPSHOT-tests.jar:/home/user/.m2/repository/org/yaml/snakeyaml/1.16/snakeyaml-1.16.jar:/home/user/.m2/repository/org/apache/hadoop/hadoop-common/3.2.0/hadoop-common-3.2.0-tests.jar:/home/user/.m2/repository/org/apache/hadoop/hadoop-annotations/3.2.0/hadoop-annotations-3.2.0.jar:/usr/lib/jvm/java-1.8-openjdk/jre/../lib/tools.jar:/home/user/.m2/repository/commons-cli/commons-cli/1.2/commons-cli-1.2.jar:/home/user/.m2/repository/org/apache/httpcomponents/httpclient/4.5.2/httpclient-4.5.2.jar:/home/user/.m2/repository/org/apache/httpcomponents/httpcore/4.4.4/httpcore-4.4.4.jar:/home/user/.m2/repository/commons-codec/commons-codec/1.11/commons-codec-1.11.jar:/home/user/.m2/repository/commons-net/commons-net/3.6/commons-net-3.6.jar:/home/user/.m2/repository/commons-collections/commons-collections/3.2.2/commons-collections-3.2.2.jar:/home/user/.m2/repository/org/eclipse/jetty/jetty-servlet/9.3.24.v20180605/jetty-servlet-9.3.24.v20180605.jar:/home/user/.m2/repository/org/eclipse/jetty/jetty-security/9.3.24.v20180605/jetty-security-9.3.24.v20180605.jar:/home/user/.m2/repository/javax/servlet/jsp/jsp-api/2.1/jsp-api-2.1.jar:/home/user/.m2/repository/com/sun/jersey/jersey-servlet/1.19/jersey-servlet-1.19.jar:/home/user/.m2/repository/com/sun/jersey/jersey-json/1.19/jersey-json-1.19.jar:/home/user/.m2/repository/org/codehaus/jettison/jettison/1.1/jettison-1.1.jar:/home/user/.m2/repository/org/codehaus/jackson/jackson-core-asl/1.9.13/jackson-core-asl-1.9.13.jar:/home/user/.m2/repository/org/codehaus/jackson/jackson-mapper-asl/1.9.13/jackson-mapper-asl-1.9.13.jar:/home/user/.m2/repository/org/codehaus/jackson/jackson-jaxrs/1.9.13/jackson-jaxrs-1.9.13.jar:/home/user/.m2/repository/org/codehaus/jackson/jackson-xc/1.9.13/jackson-xc-1.9.13.jar:/home/user/.m2/repository/commons-logging/commons-logging/1.1.3/commons-logging-1.1.3.jar:/home/user/.m2/repository/commons-beanutils/commons-beanutils/1.9.3/commons-beanutils-1.9.3.jar:/home/user/.m2/repository/org/apache/commons/commons-configuration2/2.1.1/commons-configuration2-2.1.1.jar:/home/user/.m2/repository/org/apache/commons/commons-lang3/3.7/commons-lang3-3.7.jar:/home/user/.m2/repository/org/apache/commons/commons-text/1.4/commons-text-1.4.jar:/home/user/.m2/repository/org/apache/avro/avro/1.7.7/avro-1.7.7.jar:/home/user/.m2/repository/com/thoughtworks/paranamer/paranamer/2.3/paranamer-2.3.jar:/home/user/.m2/repository/org/xerial/snappy/snappy-java/1.0.5/snappy-java-1.0.5.jar:/home/user/.m2/repository/com/google/re2j/re2j/1.1/re2j-1.1.jar:/home/user/.m2/repository/com/google/code/gson/gson/2.2.4/gson-2.2.4.jar:/home/user/.m2/repository/com/jcraft/jsch/0.1.54/jsch-0.1.54.jar:/home/user/.m2/repository/org/apache/curator/curator-client/2.12.0/curator-client-2.12.0.jar:/home/user/.m2/repository/org/apache/curator/curator-recipes/2.12.0/curator-recipes-2.12.0.jar:/home/user/.m2/repository/com/google/code/findbugs/jsr305/3.0.0/jsr305-3.0.0.jar:/home/user/.m2/repository/org/apache/htrace/htrace-core4/4.1.0-incubating/htrace-core4-4.1.0-incubating.jar:/home/user/.m2/repository/org/apache/zookeeper/zookeeper/3.4.13/zookeeper-3.4.13.jar:/home/user/.m2/repository/org/apache/yetus/audience-annotations/0.5.0/audience-annotations-0.5.0.jar:/home/user/.m2/repository/org/codehaus/woodstox/stax2-api/3.1.4/stax2-api-3.1.4.jar:/home/user/.m2/repository/com/fasterxml/woodstox/woodstox-core/5.0.3/woodstox-core-5.0.3.jar:/home/user/.m2/repository/dnsjava/dnsjava/2.1.7/dnsjava-2.1.7.jar:/home/user/.m2/repository/org/apache/hadoop/hadoop-hdfs/3.2.0/hadoop-hdfs-3.2.0-tests.jar:/home/user/.m2/repository/org/eclipse/jetty/jetty-util-ajax/9.3.24.v20180605/jetty-util-ajax-9.3.24.v20180605.jar:/home/user/.m2/repository/commons-daemon/commons-daemon/1.0.13/commons-daemon-1.0.13.jar:/home/user/.m2/repository/io/netty/netty/3.10.5.Final/netty-3.10.5.Final.jar:/home/user/.m2/repository/io/netty/netty-all/4.0.52.Final/netty-all-4.0.52.Final.jar:/home/user/.m2/repository/org/fusesource/leveldbjni/leveldbjni-all/1.8/leveldbjni-all-1.8.jar:"/>
    <property name="sun.cpu.endian" value="little"/>
    <property name="user.home" value="/home/user"/>
    <property name="user.language" value="en"/>
    <property name="java.specification.vendor" value="Oracle Corporation"/>
    <property name="java.home" value="/usr/lib/jvm/java-1.8-openjdk/jre"/>
    <property name="java.security.krb5.conf" value="/workdir/hadoop-ozone/integration-test/target/test-classes/krb5.conf"/>
    <property name="basedir" value="/workdir/hadoop-ozone/integration-test"/>
    <property name="file.separator" value="/"/>
    <property name="line.separator" value="&#10;"/>
    <property name="java.vm.specification.vendor" value="Oracle Corporation"/>
    <property name="java.specification.name" value="Java Platform API Specification"/>
    <property name="java.awt.graphicsenv" value="sun.awt.X11GraphicsEnvironment"/>
    <property name="surefire.real.class.path" value="/workdir/hadoop-ozone/integration-test/target/surefire/surefirebooter5466376386371845310.jar"/>
    <property name="hadoop.log.dir" value="/workdir/hadoop-ozone/integration-test/target/log"/>
    <property name="sun.boot.class.path" value="/usr/lib/jvm/java-1.8-openjdk/jre/lib/resources.jar:/usr/lib/jvm/java-1.8-openjdk/jre/lib/rt.jar:/usr/lib/jvm/java-1.8-openjdk/jre/lib/sunrsasign.jar:/usr/lib/jvm/java-1.8-openjdk/jre/lib/jsse.jar:/usr/lib/jvm/java-1.8-openjdk/jre/lib/jce.jar:/usr/lib/jvm/java-1.8-openjdk/jre/lib/charsets.jar:/usr/lib/jvm/java-1.8-openjdk/jre/lib/jfr.jar:/usr/lib/jvm/java-1.8-openjdk/jre/classes"/>
    <property name="sun.management.compiler" value="HotSpot 64-Bit Tiered Compilers"/>
    <property name="java.runtime.version" value="1.8.0_212-b04"/>
    <property name="java.net.preferIPv4Stack" value="true"/>
    <property name="user.name" value="jenkins1000"/>
    <property name="path.separator" value=":"/>
    <property name="java.security.egd" value="file:///dev/urandom"/>
    <property name="os.version" value="3.10.0-957.12.2.el7.x86_64"/>
    <property name="java.endorsed.dirs" value="/usr/lib/jvm/java-1.8-openjdk/jre/lib/endorsed"/>
    <property name="java.runtime.name" value="OpenJDK Runtime Environment"/>
    <property name="file.encoding" value="UTF-8"/>
    <property name="java.vm.name" value="OpenJDK 64-Bit Server VM"/>
    <property name="test.build.webapps" value=""/>
    <property name="localRepository" value="/home/user/.m2/repository"/>
    <property name="java.vendor.url.bug" value="https://icedtea.classpath.org/bugzilla"/>
    <property name="java.io.tmpdir" value="/tmp"/>
    <property name="require.test.libhadoop" value=""/>
    <property name="java.version" value="1.8.0_212"/>
    <property name="user.dir" value="/workdir/hadoop-ozone/integration-test"/>
    <property name="os.arch" value="amd64"/>
    <property name="java.vm.specification.name" value="Java Virtual Machine Specification"/>
    <property name="test.build.classes" value="/workdir/hadoop-ozone/integration-test/target/test-classes"/>
    <property name="java.awt.printerjob" value="sun.print.PSPrinterJob"/>
    <property name="sun.os.patch.level" value="unknown"/>
    <property name="hadoop.tmp.dir" value="/workdir/hadoop-ozone/integration-test/target/tmp"/>
    <property name="java.library.path" value="/usr/lib/jvm/java-1.8-openjdk/jre/lib/amd64/server:/usr/lib/jvm/java-1.8-openjdk/jre/lib/amd64:/usr/lib/jvm/java-1.8-openjdk/jre/../lib/amd64:/workdir/hadoop-ozone/integration-test/target/native/target/usr/local/lib:/workdir/hadoop-ozone/integration-test/../../hadoop-common-project/hadoop-common/target/native/target/usr/local/lib:/usr/java/packages/lib/amd64:/usr/lib64:/lib64:/lib:/usr/lib"/>
    <property name="java.vm.info" value="mixed mode"/>
    <property name="java.vendor" value="IcedTea"/>
    <property name="java.vm.version" value="25.212-b04"/>
    <property name="java.ext.dirs" value="/usr/lib/jvm/java-1.8-openjdk/jre/lib/ext:/usr/java/packages/lib/ext"/>
    <property name="sun.io.unicode.encoding" value="UnicodeLittle"/>
    <property name="java.class.version" value="52.0"/>
  </properties>
  <testcase name="testGroupMismatchExceptionHandling" classname="org.apache.hadoop.ozone.client.rpc.TestOzoneClientRetriesOnException" time="44.148"/>
  <testcase name="testMaxRetriesByOzoneClient" classname="org.apache.hadoop.ozone.client.rpc.TestOzoneClientRetriesOnException" time="335.588">
    <error message="Failed to command cmdType: CreateContainer&#10;containerID: 1&#10;datanodeUuid: &quot;dcd35ce2-5653-4064-9aff-c1a2cac3fe1c&quot;&#10;createContainer {&#10;}&#10;" type="java.io.IOException">java.io.IOException: 
Failed to command cmdType: CreateContainer
containerID: 1
datanodeUuid: "dcd35ce2-5653-4064-9aff-c1a2cac3fe1c"
createContainer {
}

	at org.apache.hadoop.hdds.scm.XceiverClientSpi.sendCommand(XceiverClientSpi.java:113)
	at org.apache.hadoop.ozone.client.rpc.TestOzoneClientRetriesOnException.testMaxRetriesByOzoneClient(TestOzoneClientRetriesOnException.java:190)
	at sun.reflect.NativeMethodAccessorImpl.invoke0(Native Method)
	at sun.reflect.NativeMethodAccessorImpl.invoke(NativeMethodAccessorImpl.java:62)
	at sun.reflect.DelegatingMethodAccessorImpl.invoke(DelegatingMethodAccessorImpl.java:43)
	at java.lang.reflect.Method.invoke(Method.java:498)
	at org.junit.runners.model.FrameworkMethod$1.runReflectiveCall(FrameworkMethod.java:47)
	at org.junit.internal.runners.model.ReflectiveCallable.run(ReflectiveCallable.java:12)
	at org.junit.runners.model.FrameworkMethod.invokeExplosively(FrameworkMethod.java:44)
	at org.junit.internal.runners.statements.InvokeMethod.evaluate(InvokeMethod.java:17)
	at org.junit.internal.runners.statements.RunBefores.evaluate(RunBefores.java:26)
	at org.junit.internal.runners.statements.RunAfters.evaluate(RunAfters.java:27)
	at org.junit.runners.ParentRunner.runLeaf(ParentRunner.java:271)
	at org.junit.runners.BlockJUnit4ClassRunner.runChild(BlockJUnit4ClassRunner.java:70)
	at org.junit.runners.BlockJUnit4ClassRunner.runChild(BlockJUnit4ClassRunner.java:50)
	at org.junit.runners.ParentRunner$3.run(ParentRunner.java:238)
	at org.junit.runners.ParentRunner$1.schedule(ParentRunner.java:63)
	at org.junit.runners.ParentRunner.runChildren(ParentRunner.java:236)
	at org.junit.runners.ParentRunner.access$000(ParentRunner.java:53)
	at org.junit.runners.ParentRunner$2.evaluate(ParentRunner.java:229)
	at org.junit.runners.ParentRunner.run(ParentRunner.java:309)
	at org.apache.maven.surefire.junit4.JUnit4Provider.execute(JUnit4Provider.java:365)
	at org.apache.maven.surefire.junit4.JUnit4Provider.executeWithRerun(JUnit4Provider.java:273)
	at org.apache.maven.surefire.junit4.JUnit4Provider.executeTestSet(JUnit4Provider.java:238)
	at org.apache.maven.surefire.junit4.JUnit4Provider.invoke(JUnit4Provider.java:159)
	at org.apache.maven.surefire.booter.ForkedBooter.invokeProviderInSameClassLoader(ForkedBooter.java:384)
	at org.apache.maven.surefire.booter.ForkedBooter.runSuitesInProcess(ForkedBooter.java:345)
	at org.apache.maven.surefire.booter.ForkedBooter.execute(ForkedBooter.java:126)
	at org.apache.maven.surefire.booter.ForkedBooter.main(ForkedBooter.java:418)
Caused by: java.util.concurrent.ExecutionException: org.apache.ratis.protocol.RaftRetryFailureException: Failed RaftClientRequest:client-8ACC3CA93160->dc0e8eda-8843-49e8-9024-f7c59bdcd9bc@group-CB9C606E82CE, cid=45, seq=4*, RW, org.apache.hadoop.hdds.scm.XceiverClientRatis$$Lambda$315/2109182431@19e4879b for 180 attempts with RetryLimited(maxAttempts=180, sleepTime=1000ms)
	at java.util.concurrent.CompletableFuture.reportGet(CompletableFuture.java:357)
	at java.util.concurrent.CompletableFuture.get(CompletableFuture.java:1895)
	at org.apache.hadoop.hdds.scm.XceiverClientSpi.sendCommand(XceiverClientSpi.java:110)
	... 28 more
Caused by: org.apache.ratis.protocol.RaftRetryFailureException: Failed RaftClientRequest:client-8ACC3CA93160->dc0e8eda-8843-49e8-9024-f7c59bdcd9bc@group-CB9C606E82CE, cid=45, seq=4*, RW, org.apache.hadoop.hdds.scm.XceiverClientRatis$$Lambda$315/2109182431@19e4879b for 180 attempts with RetryLimited(maxAttempts=180, sleepTime=1000ms)
	at org.apache.ratis.client.impl.RaftClientImpl.noMoreRetries(RaftClientImpl.java:272)
	at org.apache.ratis.client.impl.OrderedAsync.handleAsyncRetryFailure(OrderedAsync.java:138)
	at org.apache.ratis.client.impl.OrderedAsync.lambda$sendRequest$10(OrderedAsync.java:230)
	at java.util.concurrent.CompletableFuture.uniExceptionally(CompletableFuture.java:870)
	at java.util.concurrent.CompletableFuture$UniExceptionally.tryFire(CompletableFuture.java:852)
	at java.util.concurrent.CompletableFuture.postComplete(CompletableFuture.java:474)
	at java.util.concurrent.CompletableFuture.completeExceptionally(CompletableFuture.java:1977)
	at org.apache.ratis.grpc.client.GrpcClientProtocolClient$AsyncStreamObservers.completeReplyExceptionally(GrpcClientProtocolClient.java:330)
	at org.apache.ratis.grpc.client.GrpcClientProtocolClient$AsyncStreamObservers.access$000(GrpcClientProtocolClient.java:246)
	at org.apache.ratis.grpc.client.GrpcClientProtocolClient$AsyncStreamObservers$1.onNext(GrpcClientProtocolClient.java:258)
	at org.apache.ratis.grpc.client.GrpcClientProtocolClient$AsyncStreamObservers$1.onNext(GrpcClientProtocolClient.java:249)
	at org.apache.ratis.thirdparty.io.grpc.stub.ClientCalls$StreamObserverToCallListenerAdapter.onMessage(ClientCalls.java:421)
	at org.apache.ratis.thirdparty.io.grpc.ForwardingClientCallListener.onMessage(ForwardingClientCallListener.java:33)
	at org.apache.ratis.thirdparty.io.grpc.ForwardingClientCallListener.onMessage(ForwardingClientCallListener.java:33)
	at org.apache.ratis.thirdparty.io.grpc.internal.ClientCallImpl$ClientStreamListenerImpl$1MessagesAvailable.runInContext(ClientCallImpl.java:519)
	at org.apache.ratis.thirdparty.io.grpc.internal.ContextRunnable.run(ContextRunnable.java:37)
	at org.apache.ratis.thirdparty.io.grpc.internal.SerializingExecutor.run(SerializingExecutor.java:123)
	at java.util.concurrent.ThreadPoolExecutor.runWorker(ThreadPoolExecutor.java:1149)
	at java.util.concurrent.ThreadPoolExecutor$Worker.run(ThreadPoolExecutor.java:624)
	at java.lang.Thread.run(Thread.java:748)
Caused by: org.apache.ratis.protocol.NotLeaderException: Server dc0e8eda-8843-49e8-9024-f7c59bdcd9bc is not the leader (dcd35ce2-5653-4064-9aff-c1a2cac3fe1c:192.168.34.43:41594). Request must be sent to leader.
	at org.apache.ratis.client.impl.ClientProtoUtils.toRaftClientReply(ClientProtoUtils.java:242)
	at org.apache.ratis.grpc.client.GrpcClientProtocolClient$AsyncStreamObservers$1.onNext(GrpcClientProtocolClient.java:254)
	... 10 more
</error>
    <system-out><![CDATA[2019-08-30 07:37:35,850 [main] WARN  server.ServerUtils (ServerUtils.java:getScmDbDir(145)) - ozone.scm.db.dirs is not configured. We recommend adding this setting. Falling back to ozone.metadata.dirs instead.
2019-08-30 07:37:35,892 [main] WARN  server.ServerUtils (ServerUtils.java:getScmDbDir(145)) - ozone.scm.db.dirs is not configured. We recommend adding this setting. Falling back to ozone.metadata.dirs instead.
2019-08-30 07:37:35,892 [main] WARN  server.ServerUtils (ServerUtils.java:getScmDbDir(145)) - ozone.scm.db.dirs is not configured. We recommend adding this setting. Falling back to ozone.metadata.dirs instead.
2019-08-30 07:37:35,893 [main] INFO  db.DBStoreBuilder (DBStoreBuilder.java:addTable(110)) - using custom profile for table: deletedBlocks
2019-08-30 07:37:35,893 [main] INFO  db.DBStoreBuilder (DBStoreBuilder.java:processTables(161)) - Using default column profile:DBProfile.DISK for Table:deletedBlocks
2019-08-30 07:37:35,894 [main] INFO  db.DBStoreBuilder (DBStoreBuilder.java:addTable(110)) - using custom profile for table: validCerts
2019-08-30 07:37:35,894 [main] INFO  db.DBStoreBuilder (DBStoreBuilder.java:processTables(161)) - Using default column profile:DBProfile.DISK for Table:validCerts
2019-08-30 07:37:35,895 [main] INFO  db.DBStoreBuilder (DBStoreBuilder.java:addTable(110)) - using custom profile for table: revokedCerts
2019-08-30 07:37:35,895 [main] INFO  db.DBStoreBuilder (DBStoreBuilder.java:processTables(161)) - Using default column profile:DBProfile.DISK for Table:revokedCerts
2019-08-30 07:37:35,895 [main] INFO  db.DBStoreBuilder (DBStoreBuilder.java:addTable(110)) - using custom profile for table: default
2019-08-30 07:37:35,896 [main] INFO  db.DBStoreBuilder (DBStoreBuilder.java:processTables(167)) - Using default column profile:DBProfile.DISK for Table:default
2019-08-30 07:37:35,896 [main] INFO  db.DBStoreBuilder (DBStoreBuilder.java:getDbProfile(198)) - Using default options. DBProfile.DISK
2019-08-30 07:37:36,059 [main] INFO  net.NodeSchemaLoader (NodeSchemaLoader.java:loadSchemaFromFile(125)) - Loading file from sun.misc.CompoundEnumeration@3e753289
2019-08-30 07:37:36,060 [main] INFO  net.NodeSchemaLoader (NodeSchemaLoader.java:loadSchema(171)) - Loading network topology layer schema file
2019-08-30 07:37:36,066 [main] WARN  server.ServerUtils (ServerUtils.java:sanitizeUserArgs(70)) - ozone.scm.stale.node.interval value = 300000 is larger than max = 100000 based on the key value of ozone.scm.heartbeat.thread.interval, reset to the max value 100000.
2019-08-30 07:37:36,066 [main] WARN  server.ServerUtils (ServerUtils.java:sanitizeUserArgs(70)) - ozone.scm.stale.node.interval value = 300000 is larger than max = 100000 based on the key value of ozone.scm.heartbeat.thread.interval, reset to the max value 100000.
2019-08-30 07:37:36,067 [main] INFO  node.SCMNodeManager (SCMNodeManager.java:<init>(122)) - Entering startup safe mode.
2019-08-30 07:37:36,068 [main] INFO  algorithms.ContainerPlacementPolicyFactory (ContainerPlacementPolicyFactory.java:getPolicy(55)) - Create container placement policy of type org.apache.hadoop.hdds.scm.container.placement.algorithms.SCMContainerPlacementRandom
2019-08-30 07:37:36,068 [main] WARN  server.ServerUtils (ServerUtils.java:getScmDbDir(145)) - ozone.scm.db.dirs is not configured. We recommend adding this setting. Falling back to ozone.metadata.dirs instead.
2019-08-30 07:37:36,120 [main] INFO  pipeline.SCMPipelineManager (SCMPipelineManager.java:initializePipelineState(126)) - No pipeline exists in current db
2019-08-30 07:37:36,121 [main] WARN  server.ServerUtils (ServerUtils.java:getScmDbDir(145)) - ozone.scm.db.dirs is not configured. We recommend adding this setting. Falling back to ozone.metadata.dirs instead.
2019-08-30 07:37:36,174 [main] WARN  events.EventQueue (EventQueue.java:fireEvent(175)) - No event handler registered for event TypedEvent{payloadType=SafeModeStatus, name='SafeModeStatus'}
2019-08-30 07:37:36,175 [main] INFO  ipc.CallQueueManager (CallQueueManager.java:<init>(84)) - Using callQueue: class java.util.concurrent.LinkedBlockingQueue, queueCapacity: 2000, scheduler: class org.apache.hadoop.ipc.DefaultRpcScheduler, ipcBackoff: false.
2019-08-30 07:37:36,176 [Socket Reader #1 for port 40836] INFO  ipc.Server (Server.java:run(1074)) - Starting Socket Reader #1 for port 40836
2019-08-30 07:37:36,179 [main] INFO  ipc.CallQueueManager (CallQueueManager.java:<init>(84)) - Using callQueue: class java.util.concurrent.LinkedBlockingQueue, queueCapacity: 2000, scheduler: class org.apache.hadoop.ipc.DefaultRpcScheduler, ipcBackoff: false.
2019-08-30 07:37:36,179 [Socket Reader #1 for port 32944] INFO  ipc.Server (Server.java:run(1074)) - Starting Socket Reader #1 for port 32944
2019-08-30 07:37:36,181 [main] INFO  ipc.CallQueueManager (CallQueueManager.java:<init>(84)) - Using callQueue: class java.util.concurrent.LinkedBlockingQueue, queueCapacity: 2000, scheduler: class org.apache.hadoop.ipc.DefaultRpcScheduler, ipcBackoff: false.
2019-08-30 07:37:36,182 [Socket Reader #1 for port 42020] INFO  ipc.Server (Server.java:run(1074)) - Starting Socket Reader #1 for port 42020
2019-08-30 07:37:36,184 [main] INFO  hdfs.DFSUtil (DFSUtil.java:httpServerTemplateForNNAndJN(1641)) - Starting Web-server for scm at: http://0.0.0.0:0
2019-08-30 07:37:36,186 [main] INFO  server.AuthenticationFilter (AuthenticationFilter.java:constructSecretProvider(240)) - Unable to initialize FileSignerSecretProvider, falling back to use random secrets.
2019-08-30 07:37:36,187 [main] WARN  http.HttpRequestLog (HttpRequestLog.java:getRequestLog(97)) - Jetty request log can only be enabled using Log4j
2019-08-30 07:37:36,190 [main] INFO  http.HttpServer2 (HttpServer2.java:addGlobalFilter(975)) - Added global filter 'safety' (class=org.apache.hadoop.http.HttpServer2$QuotingInputFilter)
2019-08-30 07:37:36,190 [main] INFO  http.HttpServer2 (HttpServer2.java:addFilter(948)) - Added filter static_user_filter (class=org.apache.hadoop.http.lib.StaticUserWebFilter$StaticUserFilter) to context scm
2019-08-30 07:37:36,191 [main] INFO  http.HttpServer2 (HttpServer2.java:addFilter(958)) - Added filter static_user_filter (class=org.apache.hadoop.http.lib.StaticUserWebFilter$StaticUserFilter) to context logs
2019-08-30 07:37:36,191 [main] INFO  http.HttpServer2 (HttpServer2.java:addFilter(958)) - Added filter static_user_filter (class=org.apache.hadoop.http.lib.StaticUserWebFilter$StaticUserFilter) to context static
2019-08-30 07:37:36,194 [main] INFO  server.StorageContainerManager (StorageContainerManager.java:start(759)) - StorageContainerLocationProtocol RPC server is listening at /0.0.0.0:42020
2019-08-30 07:37:36,196 [main] WARN  impl.MetricsConfig (MetricsConfig.java:loadFirst(134)) - Cannot locate configuration: tried hadoop-metrics2-storagecontainermanager.properties,hadoop-metrics2.properties
2019-08-30 07:37:36,198 [main] INFO  impl.MetricsSystemImpl (MetricsSystemImpl.java:startTimer(374)) - Scheduled Metric snapshot period at 10 second(s).
2019-08-30 07:37:36,198 [main] INFO  impl.MetricsSystemImpl (MetricsSystemImpl.java:start(191)) - StorageContainerManager metrics system started
2019-08-30 07:37:36,244 [main] INFO  server.SCMClientProtocolServer (SCMClientProtocolServer.java:start(151)) - RPC server for Client  is listening at /0.0.0.0:42020
2019-08-30 07:37:36,245 [IPC Server Responder] INFO  ipc.Server (Server.java:run(1314)) - IPC Server Responder: starting
2019-08-30 07:37:36,245 [IPC Server listener on 42020] INFO  ipc.Server (Server.java:run(1153)) - IPC Server listener on 42020: starting
2019-08-30 07:37:36,248 [main] INFO  server.StorageContainerManager (StorageContainerManager.java:start(769)) - ScmBlockLocationProtocol RPC server is listening at /0.0.0.0:32944
2019-08-30 07:37:36,249 [main] INFO  server.SCMBlockProtocolServer (SCMBlockProtocolServer.java:start(140)) - RPC server for Block Protocol is listening at /0.0.0.0:32944
2019-08-30 07:37:36,249 [IPC Server Responder] INFO  ipc.Server (Server.java:run(1314)) - IPC Server Responder: starting
2019-08-30 07:37:36,249 [IPC Server listener on 32944] INFO  ipc.Server (Server.java:run(1153)) - IPC Server listener on 32944: starting
2019-08-30 07:37:36,252 [main] INFO  server.StorageContainerManager (StorageContainerManager.java:start(773)) - ScmDatanodeProtocl RPC server is listening at /0.0.0.0:40836
2019-08-30 07:37:36,253 [main] INFO  server.SCMDatanodeProtocolServer (SCMDatanodeProtocolServer.java:start(191)) - RPC server for DataNodes is listening at /0.0.0.0:40836
2019-08-30 07:37:36,253 [IPC Server Responder] INFO  ipc.Server (Server.java:run(1314)) - IPC Server Responder: starting
2019-08-30 07:37:36,253 [IPC Server listener on 40836] INFO  ipc.Server (Server.java:run(1153)) - IPC Server listener on 40836: starting
2019-08-30 07:37:36,256 [main] INFO  http.HttpServer2 (HttpServer2.java:bindListener(1191)) - Jetty bound to port 46077
2019-08-30 07:37:36,257 [main] INFO  server.Server (Server.java:doStart(351)) - jetty-9.3.24.v20180605, build timestamp: 2018-06-05T17:11:56Z, git hash: 84205aa28f11a4f31f2a3b86d1bba2cc8ab69827
2019-08-30 07:37:36,258 [main] INFO  handler.ContextHandler (ContextHandler.java:doStart(781)) - Started o.e.j.s.ServletContextHandler@42cc420b{/logs,file:///workdir/hadoop-ozone/integration-test/target/log,AVAILABLE}
2019-08-30 07:37:36,259 [main] INFO  handler.ContextHandler (ContextHandler.java:doStart(781)) - Started o.e.j.s.ServletContextHandler@5086623f{/static,file:///workdir/hadoop-ozone/integration-test/target/test-classes/webapps/static,AVAILABLE}
2019-08-30 07:37:36,263 [main] INFO  handler.ContextHandler (ContextHandler.java:doStart(781)) - Started o.e.j.w.WebAppContext@3f06ebe0{/,file:///workdir/hadoop-ozone/integration-test/target/test-classes/webapps/scm/,AVAILABLE}{/scm}
2019-08-30 07:37:36,263 [main] INFO  server.AbstractConnector (AbstractConnector.java:doStart(278)) - Started ServerConnector@1752e45c{HTTP/1.1,[http/1.1]}{0.0.0.0:46077}
2019-08-30 07:37:36,264 [main] INFO  server.Server (Server.java:doStart(419)) - Started @45159ms
2019-08-30 07:37:36,265 [main] INFO  server.BaseHttpServer (BaseHttpServer.java:updateConnectorAddress(213)) - HTTP server of SCM is listening at http://0.0.0.0:46077
2019-08-30 07:37:36,265 [main] WARN  server.ServerUtils (ServerUtils.java:getDBPath(222)) - ozone.om.db.dirs is not configured. We recommend adding this setting. Falling back to ozone.metadata.dirs instead.
2019-08-30 07:37:36,266 [org.apache.hadoop.util.JvmPauseMonitor$Monitor@481ed95c] INFO  util.JvmPauseMonitor (JvmPauseMonitor.java:run(188)) - Starting JVM pause monitor
2019-08-30 07:37:36,279 [main] WARN  server.ServerUtils (ServerUtils.java:getDBPath(222)) - ozone.om.db.dirs is not configured. We recommend adding this setting. Falling back to ozone.metadata.dirs instead.
2019-08-30 07:37:36,279 [main] WARN  server.ServerUtils (ServerUtils.java:getDBPath(222)) - ozone.om.db.dirs is not configured. We recommend adding this setting. Falling back to ozone.metadata.dirs instead.
2019-08-30 07:37:36,280 [main] INFO  om.OzoneManager (OzoneManager.java:setOMNodeDetails(645)) - OM Service ID is not set. Setting it to the default ID: omServiceIdDefault
2019-08-30 07:37:36,280 [main] INFO  om.OzoneManager (OzoneManager.java:setOMNodeDetails(651)) - OM Node ID is not set. Setting it to the OmStorage's OmID: 4fc10e43-1520-4054-86db-c80bb87e911a
2019-08-30 07:37:36,280 [main] INFO  om.OzoneManager (OzoneManager.java:loadOMHAConfigs(602)) - Found matching OM address with OMServiceId: null, OMNodeId: null, RPC Address: localhost:0 and Ratis port: 9872
2019-08-30 07:37:36,284 | INFO  | SCMAudit | user=jenkins1000 | ip=192.168.34.43 | op=GET_SCM_INFO null | ret=SUCCESS |  
2019-08-30 07:37:36,287 [main] WARN  server.ServerUtils (ServerUtils.java:getDBPath(222)) - ozone.om.db.dirs is not configured. We recommend adding this setting. Falling back to ozone.metadata.dirs instead.
2019-08-30 07:37:36,287 [main] INFO  db.DBStoreBuilder (DBStoreBuilder.java:addTable(110)) - using custom profile for table: userTable
2019-08-30 07:37:36,287 [main] INFO  db.DBStoreBuilder (DBStoreBuilder.java:processTables(161)) - Using default column profile:DBProfile.DISK for Table:userTable
2019-08-30 07:37:36,288 [main] INFO  db.DBStoreBuilder (DBStoreBuilder.java:addTable(110)) - using custom profile for table: volumeTable
2019-08-30 07:37:36,288 [main] INFO  db.DBStoreBuilder (DBStoreBuilder.java:processTables(161)) - Using default column profile:DBProfile.DISK for Table:volumeTable
2019-08-30 07:37:36,288 [main] INFO  db.DBStoreBuilder (DBStoreBuilder.java:addTable(110)) - using custom profile for table: bucketTable
2019-08-30 07:37:36,288 [main] INFO  db.DBStoreBuilder (DBStoreBuilder.java:processTables(161)) - Using default column profile:DBProfile.DISK for Table:bucketTable
2019-08-30 07:37:36,288 [main] INFO  db.DBStoreBuilder (DBStoreBuilder.java:addTable(110)) - using custom profile for table: keyTable
2019-08-30 07:37:36,288 [main] INFO  db.DBStoreBuilder (DBStoreBuilder.java:processTables(161)) - Using default column profile:DBProfile.DISK for Table:keyTable
2019-08-30 07:37:36,289 [main] INFO  db.DBStoreBuilder (DBStoreBuilder.java:addTable(110)) - using custom profile for table: deletedTable
2019-08-30 07:37:36,289 [main] INFO  db.DBStoreBuilder (DBStoreBuilder.java:processTables(161)) - Using default column profile:DBProfile.DISK for Table:deletedTable
2019-08-30 07:37:36,289 [main] INFO  db.DBStoreBuilder (DBStoreBuilder.java:addTable(110)) - using custom profile for table: openKeyTable
2019-08-30 07:37:36,289 [main] INFO  db.DBStoreBuilder (DBStoreBuilder.java:processTables(161)) - Using default column profile:DBProfile.DISK for Table:openKeyTable
2019-08-30 07:37:36,289 [main] INFO  db.DBStoreBuilder (DBStoreBuilder.java:addTable(110)) - using custom profile for table: s3Table
2019-08-30 07:37:36,290 [main] INFO  db.DBStoreBuilder (DBStoreBuilder.java:processTables(161)) - Using default column profile:DBProfile.DISK for Table:s3Table
2019-08-30 07:37:36,290 [main] INFO  db.DBStoreBuilder (DBStoreBuilder.java:addTable(110)) - using custom profile for table: multipartInfoTable
2019-08-30 07:37:36,290 [main] INFO  db.DBStoreBuilder (DBStoreBuilder.java:processTables(161)) - Using default column profile:DBProfile.DISK for Table:multipartInfoTable
2019-08-30 07:37:36,290 [main] INFO  db.DBStoreBuilder (DBStoreBuilder.java:addTable(110)) - using custom profile for table: dTokenTable
2019-08-30 07:37:36,290 [main] INFO  db.DBStoreBuilder (DBStoreBuilder.java:processTables(161)) - Using default column profile:DBProfile.DISK for Table:dTokenTable
2019-08-30 07:37:36,290 [main] INFO  db.DBStoreBuilder (DBStoreBuilder.java:addTable(110)) - using custom profile for table: s3SecretTable
2019-08-30 07:37:36,291 [main] INFO  db.DBStoreBuilder (DBStoreBuilder.java:processTables(161)) - Using default column profile:DBProfile.DISK for Table:s3SecretTable
2019-08-30 07:37:36,291 [main] INFO  db.DBStoreBuilder (DBStoreBuilder.java:addTable(110)) - using custom profile for table: prefixTable
2019-08-30 07:37:36,291 [main] INFO  db.DBStoreBuilder (DBStoreBuilder.java:processTables(161)) - Using default column profile:DBProfile.DISK for Table:prefixTable
2019-08-30 07:37:36,291 [main] INFO  db.DBStoreBuilder (DBStoreBuilder.java:addTable(110)) - using custom profile for table: default
2019-08-30 07:37:36,291 [main] INFO  db.DBStoreBuilder (DBStoreBuilder.java:processTables(167)) - Using default column profile:DBProfile.DISK for Table:default
2019-08-30 07:37:36,292 [main] INFO  db.DBStoreBuilder (DBStoreBuilder.java:getDbProfile(198)) - Using default options. DBProfile.DISK
2019-08-30 07:37:36,775 [main] INFO  ipc.CallQueueManager (CallQueueManager.java:<init>(84)) - Using callQueue: class java.util.concurrent.LinkedBlockingQueue, queueCapacity: 2000, scheduler: class org.apache.hadoop.ipc.DefaultRpcScheduler, ipcBackoff: false.
2019-08-30 07:37:36,776 [Socket Reader #1 for port 38924] INFO  ipc.Server (Server.java:run(1074)) - Starting Socket Reader #1 for port 38924
2019-08-30 07:37:36,794 [main] INFO  om.OzoneManager (OzoneManager.java:start(1256)) - OzoneManager RPC server is listening at localhost/127.0.0.1:38924
2019-08-30 07:37:36,795 [main] INFO  impl.MetricsSystemImpl (MetricsSystemImpl.java:init(158)) - OzoneManager metrics system started (again)
2019-08-30 07:37:36,796 [IPC Server Responder] INFO  ipc.Server (Server.java:run(1314)) - IPC Server Responder: starting
2019-08-30 07:37:36,796 [IPC Server listener on 38924] INFO  ipc.Server (Server.java:run(1153)) - IPC Server listener on 38924: starting
2019-08-30 07:37:36,801 [main] INFO  hdfs.DFSUtil (DFSUtil.java:httpServerTemplateForNNAndJN(1641)) - Starting Web-server for ozoneManager at: http://0.0.0.0:0
2019-08-30 07:37:36,802 [main] INFO  server.AuthenticationFilter (AuthenticationFilter.java:constructSecretProvider(240)) - Unable to initialize FileSignerSecretProvider, falling back to use random secrets.
2019-08-30 07:37:36,803 [main] WARN  http.HttpRequestLog (HttpRequestLog.java:getRequestLog(97)) - Jetty request log can only be enabled using Log4j
2019-08-30 07:37:36,805 [main] INFO  http.HttpServer2 (HttpServer2.java:addGlobalFilter(975)) - Added global filter 'safety' (class=org.apache.hadoop.http.HttpServer2$QuotingInputFilter)
2019-08-30 07:37:36,806 [main] INFO  http.HttpServer2 (HttpServer2.java:addFilter(948)) - Added filter static_user_filter (class=org.apache.hadoop.http.lib.StaticUserWebFilter$StaticUserFilter) to context ozoneManager
2019-08-30 07:37:36,806 [main] INFO  http.HttpServer2 (HttpServer2.java:addFilter(958)) - Added filter static_user_filter (class=org.apache.hadoop.http.lib.StaticUserWebFilter$StaticUserFilter) to context static
2019-08-30 07:37:36,806 [main] INFO  http.HttpServer2 (HttpServer2.java:addFilter(958)) - Added filter static_user_filter (class=org.apache.hadoop.http.lib.StaticUserWebFilter$StaticUserFilter) to context logs
2019-08-30 07:37:36,807 [main] INFO  http.HttpServer2 (HttpServer2.java:bindListener(1191)) - Jetty bound to port 36379
2019-08-30 07:37:36,808 [main] INFO  server.Server (Server.java:doStart(351)) - jetty-9.3.24.v20180605, build timestamp: 2018-06-05T17:11:56Z, git hash: 84205aa28f11a4f31f2a3b86d1bba2cc8ab69827
2019-08-30 07:37:36,810 [main] INFO  handler.ContextHandler (ContextHandler.java:doStart(781)) - Started o.e.j.s.ServletContextHandler@314f59b{/logs,file:///workdir/hadoop-ozone/integration-test/target/log,AVAILABLE}
2019-08-30 07:37:36,811 [main] INFO  handler.ContextHandler (ContextHandler.java:doStart(781)) - Started o.e.j.s.ServletContextHandler@7f012923{/static,file:///workdir/hadoop-ozone/integration-test/target/test-classes/webapps/static,AVAILABLE}
2019-08-30 07:37:36,816 [main] INFO  handler.ContextHandler (ContextHandler.java:doStart(781)) - Started o.e.j.w.WebAppContext@35e07e19{/,file:///workdir/hadoop-ozone/integration-test/target/test-classes/webapps/ozoneManager/,AVAILABLE}{/ozoneManager}
2019-08-30 07:37:36,817 [main] INFO  server.AbstractConnector (AbstractConnector.java:doStart(278)) - Started ServerConnector@a1e912f{HTTP/1.1,[http/1.1]}{0.0.0.0:36379}
2019-08-30 07:37:36,818 [main] INFO  server.Server (Server.java:doStart(419)) - Started @45713ms
2019-08-30 07:37:36,819 [main] INFO  server.BaseHttpServer (BaseHttpServer.java:updateConnectorAddress(213)) - HTTP server of OZONEMANAGER is listening at http://0.0.0.0:36379
2019-08-30 07:37:36,836 [main] INFO  impl.MetricsSystemImpl (MetricsSystemImpl.java:init(158)) - HddsDatanode metrics system started (again)
2019-08-30 07:37:36,839 [main] INFO  ozone.HddsDatanodeService (HddsDatanodeService.java:start(184)) - HddsDatanodeService host:pr-hdds-1569-qmmbh-26860099 ip:192.168.34.43
2019-08-30 07:37:36,846 [main] INFO  volume.HddsVolume (HddsVolume.java:<init>(176)) - Creating Volume: /workdir/hadoop-ozone/integration-test/target/test-dir/MiniOzoneClusterImpl-3c7659ee-c795-4d58-8fb8-a1742cb39c82/datanode-0/data/containers/hdds of  storage type : DISK and capacity : 1482555576320
2019-08-30 07:37:36,846 [main] INFO  volume.VolumeSet (VolumeSet.java:initializeVolumeSet(170)) - Added Volume : /workdir/hadoop-ozone/integration-test/target/test-dir/MiniOzoneClusterImpl-3c7659ee-c795-4d58-8fb8-a1742cb39c82/datanode-0/data/containers/hdds to VolumeSet
2019-08-30 07:37:36,846 [main] INFO  volume.ThrottledAsyncChecker (ThrottledAsyncChecker.java:schedule(140)) - Scheduling a check for org.apache.hadoop.ozone.container.common.volume.HddsVolume@6aa6c17
2019-08-30 07:37:36,847 [main] INFO  volume.HddsVolumeChecker (HddsVolumeChecker.java:checkAllVolumes(203)) - Scheduled health check for volume org.apache.hadoop.ozone.container.common.volume.HddsVolume@6aa6c17
2019-08-30 07:37:36,862 [main] INFO  impl.RaftServerProxy (ConfUtils.java:logGet(43)) - raft.rpc.type = GRPC (default)
2019-08-30 07:37:36,863 [main] INFO  grpc.GrpcFactory (GrpcFactory.java:checkPooledByteBufAllocatorUseCacheForAllThreads(45)) - PERFORMANCE WARNING: useCacheForAllThreads is true that may cause Netty to create a lot garbage objects and, as a result, trigger GC.
	It is recommended to disable useCacheForAllThreads by setting -Dorg.apache.ratis.thirdparty.io.netty.allocator.useCacheForAllThreads=false in command line.
2019-08-30 07:37:36,863 [main] INFO  grpc.GrpcConfigKeys$Server (ConfUtils.java:logGet(43)) - raft.grpc.server.port = 0 (default)
2019-08-30 07:37:36,863 [main] INFO  server.GrpcService (ConfUtils.java:logGet(43)) - raft.grpc.message.size.max = 33570816 (custom)
2019-08-30 07:37:36,863 [main] INFO  server.RaftServerConfigKeys (ConfUtils.java:logGet(43)) - raft.server.log.appender.buffer.byte-limit = 33554432 (custom)
2019-08-30 07:37:36,864 [main] INFO  server.GrpcService (ConfUtils.java:logGet(43)) - raft.grpc.flow.control.window = 1MB (=1048576) (default)
2019-08-30 07:37:36,864 [main] INFO  server.RaftServerConfigKeys (ConfUtils.java:logGet(43)) - raft.server.rpc.request.timeout = 3000ms (default)
2019-08-30 07:37:36,865 [main] INFO  server.RaftServerConfigKeys (ConfUtils.java:logGet(43)) - raft.server.storage.dir = [/workdir/hadoop-ozone/integration-test/target/test-dir/MiniOzoneClusterImpl-3c7659ee-c795-4d58-8fb8-a1742cb39c82/datanode-0/data/ratis] (custom)
2019-08-30 07:37:36,865 [main] INFO  replication.SimpleContainerDownloader (SimpleContainerDownloader.java:<init>(72)) - Starting container downloader service to copy containers to replicate.
2019-08-30 07:37:36,866 [main] INFO  hdfs.DFSUtil (DFSUtil.java:httpServerTemplateForNNAndJN(1641)) - Starting Web-server for hddsDatanode at: http://0.0.0.0:0
2019-08-30 07:37:36,868 [main] INFO  server.AuthenticationFilter (AuthenticationFilter.java:constructSecretProvider(240)) - Unable to initialize FileSignerSecretProvider, falling back to use random secrets.
2019-08-30 07:37:36,868 [main] WARN  http.HttpRequestLog (HttpRequestLog.java:getRequestLog(97)) - Jetty request log can only be enabled using Log4j
2019-08-30 07:37:36,870 [main] INFO  http.HttpServer2 (HttpServer2.java:addGlobalFilter(975)) - Added global filter 'safety' (class=org.apache.hadoop.http.HttpServer2$QuotingInputFilter)
2019-08-30 07:37:36,870 [main] INFO  http.HttpServer2 (HttpServer2.java:addFilter(948)) - Added filter static_user_filter (class=org.apache.hadoop.http.lib.StaticUserWebFilter$StaticUserFilter) to context hddsDatanode
2019-08-30 07:37:36,870 [main] INFO  http.HttpServer2 (HttpServer2.java:addFilter(958)) - Added filter static_user_filter (class=org.apache.hadoop.http.lib.StaticUserWebFilter$StaticUserFilter) to context logs
2019-08-30 07:37:36,870 [main] INFO  http.HttpServer2 (HttpServer2.java:addFilter(958)) - Added filter static_user_filter (class=org.apache.hadoop.http.lib.StaticUserWebFilter$StaticUserFilter) to context static
2019-08-30 07:37:36,871 [main] INFO  http.HttpServer2 (HttpServer2.java:bindListener(1191)) - Jetty bound to port 34209
2019-08-30 07:37:36,871 [main] INFO  server.Server (Server.java:doStart(351)) - jetty-9.3.24.v20180605, build timestamp: 2018-06-05T17:11:56Z, git hash: 84205aa28f11a4f31f2a3b86d1bba2cc8ab69827
2019-08-30 07:37:36,873 [main] INFO  handler.ContextHandler (ContextHandler.java:doStart(781)) - Started o.e.j.s.ServletContextHandler@4afcae7{/logs,file:///workdir/hadoop-ozone/integration-test/target/log,AVAILABLE}
2019-08-30 07:37:36,874 [main] INFO  handler.ContextHandler (ContextHandler.java:doStart(781)) - Started o.e.j.s.ServletContextHandler@3a2bb026{/static,jar:file:/home/user/.m2/repository/org/apache/hadoop/hadoop-hdds-container-service/0.5.0-SNAPSHOT/hadoop-hdds-container-service-0.5.0-SNAPSHOT.jar!/webapps/static,AVAILABLE}
2019-08-30 07:37:36,902 [main] INFO  handler.ContextHandler (ContextHandler.java:doStart(781)) - Started o.e.j.w.WebAppContext@3562e7c7{/,file:///tmp/jetty-0.0.0.0-34209-hddsDatanode-_-any-799435246432465258.dir/webapp/,AVAILABLE}{/hddsDatanode}
2019-08-30 07:37:36,902 [main] INFO  server.AbstractConnector (AbstractConnector.java:doStart(278)) - Started ServerConnector@66d2885c{HTTP/1.1,[http/1.1]}{0.0.0.0:34209}
2019-08-30 07:37:36,903 [main] INFO  server.Server (Server.java:doStart(419)) - Started @45798ms
2019-08-30 07:37:36,904 [main] INFO  server.BaseHttpServer (BaseHttpServer.java:updateConnectorAddress(213)) - HTTP server of HDDSDATANODE is listening at http://0.0.0.0:34209
2019-08-30 07:37:37,073 | INFO  | ObjectStoreRestHttpServer | Listening HDDS REST traffic on /0.0.0.0:44430 |  
2019-08-30 07:37:37,073 [main] INFO  ozone.HddsDatanodeService (HddsDatanodeService.java:startPlugins(395)) - Started plug-in org.apache.hadoop.ozone.web.OzoneHddsDatanodeService@1c4057f9
2019-08-30 07:37:37,074 [main] INFO  impl.MetricsSystemImpl (MetricsSystemImpl.java:init(158)) - HddsDatanode metrics system started (again)
2019-08-30 07:37:37,076 [org.apache.hadoop.util.JvmPauseMonitor$Monitor@1da5f9fe] INFO  util.JvmPauseMonitor (JvmPauseMonitor.java:run(188)) - Starting JVM pause monitor
2019-08-30 07:37:37,077 [main] INFO  ozone.HddsDatanodeService (HddsDatanodeService.java:start(184)) - HddsDatanodeService host:pr-hdds-1569-qmmbh-26860099 ip:192.168.34.43
2019-08-30 07:37:37,080 [Datanode State Machine Thread - 0] INFO  datanode.InitDatanodeState (InitDatanodeState.java:persistContainerDatanodeDetails(140)) - DatanodeDetails is persisted to /workdir/hadoop-ozone/integration-test/target/test-dir/MiniOzoneClusterImpl-3c7659ee-c795-4d58-8fb8-a1742cb39c82/datanode-0/meta/datanode.id
2019-08-30 07:37:37,083 [main] INFO  volume.HddsVolume (HddsVolume.java:<init>(176)) - Creating Volume: /workdir/hadoop-ozone/integration-test/target/test-dir/MiniOzoneClusterImpl-3c7659ee-c795-4d58-8fb8-a1742cb39c82/datanode-1/data/containers/hdds of  storage type : DISK and capacity : 1482555576320
2019-08-30 07:37:37,083 [main] INFO  volume.VolumeSet (VolumeSet.java:initializeVolumeSet(170)) - Added Volume : /workdir/hadoop-ozone/integration-test/target/test-dir/MiniOzoneClusterImpl-3c7659ee-c795-4d58-8fb8-a1742cb39c82/datanode-1/data/containers/hdds to VolumeSet
2019-08-30 07:37:37,083 [main] INFO  volume.ThrottledAsyncChecker (ThrottledAsyncChecker.java:schedule(140)) - Scheduling a check for org.apache.hadoop.ozone.container.common.volume.HddsVolume@20faaf77
2019-08-30 07:37:37,084 [main] INFO  volume.HddsVolumeChecker (HddsVolumeChecker.java:checkAllVolumes(203)) - Scheduled health check for volume org.apache.hadoop.ozone.container.common.volume.HddsVolume@20faaf77
2019-08-30 07:37:37,096 [main] INFO  impl.RaftServerProxy (ConfUtils.java:logGet(43)) - raft.rpc.type = GRPC (default)
2019-08-30 07:37:37,096 [main] INFO  grpc.GrpcFactory (GrpcFactory.java:checkPooledByteBufAllocatorUseCacheForAllThreads(45)) - PERFORMANCE WARNING: useCacheForAllThreads is true that may cause Netty to create a lot garbage objects and, as a result, trigger GC.
	It is recommended to disable useCacheForAllThreads by setting -Dorg.apache.ratis.thirdparty.io.netty.allocator.useCacheForAllThreads=false in command line.
2019-08-30 07:37:37,096 [main] INFO  grpc.GrpcConfigKeys$Server (ConfUtils.java:logGet(43)) - raft.grpc.server.port = 0 (default)
2019-08-30 07:37:37,097 [main] INFO  server.GrpcService (ConfUtils.java:logGet(43)) - raft.grpc.message.size.max = 33570816 (custom)
2019-08-30 07:37:37,097 [main] INFO  server.RaftServerConfigKeys (ConfUtils.java:logGet(43)) - raft.server.log.appender.buffer.byte-limit = 33554432 (custom)
2019-08-30 07:37:37,097 [main] INFO  server.GrpcService (ConfUtils.java:logGet(43)) - raft.grpc.flow.control.window = 1MB (=1048576) (default)
2019-08-30 07:37:37,097 [main] INFO  server.RaftServerConfigKeys (ConfUtils.java:logGet(43)) - raft.server.rpc.request.timeout = 3000ms (default)
2019-08-30 07:37:37,098 [main] INFO  server.RaftServerConfigKeys (ConfUtils.java:logGet(43)) - raft.server.storage.dir = [/workdir/hadoop-ozone/integration-test/target/test-dir/MiniOzoneClusterImpl-3c7659ee-c795-4d58-8fb8-a1742cb39c82/datanode-1/data/ratis] (custom)
2019-08-30 07:37:37,098 [main] INFO  replication.SimpleContainerDownloader (SimpleContainerDownloader.java:<init>(72)) - Starting container downloader service to copy containers to replicate.
2019-08-30 07:37:37,099 [main] INFO  hdfs.DFSUtil (DFSUtil.java:httpServerTemplateForNNAndJN(1641)) - Starting Web-server for hddsDatanode at: http://0.0.0.0:0
2019-08-30 07:37:37,101 [main] INFO  server.AuthenticationFilter (AuthenticationFilter.java:constructSecretProvider(240)) - Unable to initialize FileSignerSecretProvider, falling back to use random secrets.
2019-08-30 07:37:37,101 [main] WARN  http.HttpRequestLog (HttpRequestLog.java:getRequestLog(97)) - Jetty request log can only be enabled using Log4j
2019-08-30 07:37:37,102 [main] INFO  http.HttpServer2 (HttpServer2.java:addGlobalFilter(975)) - Added global filter 'safety' (class=org.apache.hadoop.http.HttpServer2$QuotingInputFilter)
2019-08-30 07:37:37,103 [main] INFO  http.HttpServer2 (HttpServer2.java:addFilter(948)) - Added filter static_user_filter (class=org.apache.hadoop.http.lib.StaticUserWebFilter$StaticUserFilter) to context hddsDatanode
2019-08-30 07:37:37,103 [main] INFO  http.HttpServer2 (HttpServer2.java:addFilter(958)) - Added filter static_user_filter (class=org.apache.hadoop.http.lib.StaticUserWebFilter$StaticUserFilter) to context logs
2019-08-30 07:37:37,103 [main] INFO  http.HttpServer2 (HttpServer2.java:addFilter(958)) - Added filter static_user_filter (class=org.apache.hadoop.http.lib.StaticUserWebFilter$StaticUserFilter) to context static
2019-08-30 07:37:37,104 [main] INFO  http.HttpServer2 (HttpServer2.java:bindListener(1191)) - Jetty bound to port 36606
2019-08-30 07:37:37,104 [main] INFO  server.Server (Server.java:doStart(351)) - jetty-9.3.24.v20180605, build timestamp: 2018-06-05T17:11:56Z, git hash: 84205aa28f11a4f31f2a3b86d1bba2cc8ab69827
2019-08-30 07:37:37,106 [main] INFO  handler.ContextHandler (ContextHandler.java:doStart(781)) - Started o.e.j.s.ServletContextHandler@d76099a{/logs,file:///workdir/hadoop-ozone/integration-test/target/log,AVAILABLE}
2019-08-30 07:37:37,106 [main] INFO  handler.ContextHandler (ContextHandler.java:doStart(781)) - Started o.e.j.s.ServletContextHandler@7e1d8d41{/static,jar:file:/home/user/.m2/repository/org/apache/hadoop/hadoop-hdds-container-service/0.5.0-SNAPSHOT/hadoop-hdds-container-service-0.5.0-SNAPSHOT.jar!/webapps/static,AVAILABLE}
2019-08-30 07:37:37,135 [main] INFO  handler.ContextHandler (ContextHandler.java:doStart(781)) - Started o.e.j.w.WebAppContext@761f234c{/,file:///tmp/jetty-0.0.0.0-36606-hddsDatanode-_-any-3507220027643049367.dir/webapp/,AVAILABLE}{/hddsDatanode}
2019-08-30 07:37:37,136 [main] INFO  server.AbstractConnector (AbstractConnector.java:doStart(278)) - Started ServerConnector@773867b7{HTTP/1.1,[http/1.1]}{0.0.0.0:36606}
2019-08-30 07:37:37,138 [main] INFO  server.Server (Server.java:doStart(419)) - Started @46033ms
2019-08-30 07:37:37,139 [main] INFO  server.BaseHttpServer (BaseHttpServer.java:updateConnectorAddress(213)) - HTTP server of HDDSDATANODE is listening at http://0.0.0.0:36606
2019-08-30 07:37:37,272 | INFO  | ObjectStoreRestHttpServer | Listening HDDS REST traffic on /0.0.0.0:46291 |  
2019-08-30 07:37:37,272 [main] INFO  ozone.HddsDatanodeService (HddsDatanodeService.java:startPlugins(395)) - Started plug-in org.apache.hadoop.ozone.web.OzoneHddsDatanodeService@2b99c937
2019-08-30 07:37:37,272 [main] INFO  impl.MetricsSystemImpl (MetricsSystemImpl.java:init(158)) - HddsDatanode metrics system started (again)
2019-08-30 07:37:37,274 [org.apache.hadoop.util.JvmPauseMonitor$Monitor@41561cea] INFO  util.JvmPauseMonitor (JvmPauseMonitor.java:run(188)) - Starting JVM pause monitor
2019-08-30 07:37:37,275 [main] INFO  ozone.HddsDatanodeService (HddsDatanodeService.java:start(184)) - HddsDatanodeService host:pr-hdds-1569-qmmbh-26860099 ip:192.168.34.43
2019-08-30 07:37:37,277 [Datanode State Machine Thread - 0] INFO  datanode.InitDatanodeState (InitDatanodeState.java:persistContainerDatanodeDetails(140)) - DatanodeDetails is persisted to /workdir/hadoop-ozone/integration-test/target/test-dir/MiniOzoneClusterImpl-3c7659ee-c795-4d58-8fb8-a1742cb39c82/datanode-1/meta/datanode.id
2019-08-30 07:37:37,280 [main] INFO  volume.HddsVolume (HddsVolume.java:<init>(176)) - Creating Volume: /workdir/hadoop-ozone/integration-test/target/test-dir/MiniOzoneClusterImpl-3c7659ee-c795-4d58-8fb8-a1742cb39c82/datanode-2/data/containers/hdds of  storage type : DISK and capacity : 1482555576320
2019-08-30 07:37:37,280 [main] INFO  volume.VolumeSet (VolumeSet.java:initializeVolumeSet(170)) - Added Volume : /workdir/hadoop-ozone/integration-test/target/test-dir/MiniOzoneClusterImpl-3c7659ee-c795-4d58-8fb8-a1742cb39c82/datanode-2/data/containers/hdds to VolumeSet
2019-08-30 07:37:37,281 [main] INFO  volume.ThrottledAsyncChecker (ThrottledAsyncChecker.java:schedule(140)) - Scheduling a check for org.apache.hadoop.ozone.container.common.volume.HddsVolume@56872fcb
2019-08-30 07:37:37,281 [main] INFO  volume.HddsVolumeChecker (HddsVolumeChecker.java:checkAllVolumes(203)) - Scheduled health check for volume org.apache.hadoop.ozone.container.common.volume.HddsVolume@56872fcb
2019-08-30 07:37:37,294 [main] INFO  impl.RaftServerProxy (ConfUtils.java:logGet(43)) - raft.rpc.type = GRPC (default)
2019-08-30 07:37:37,294 [main] INFO  grpc.GrpcFactory (GrpcFactory.java:checkPooledByteBufAllocatorUseCacheForAllThreads(45)) - PERFORMANCE WARNING: useCacheForAllThreads is true that may cause Netty to create a lot garbage objects and, as a result, trigger GC.
	It is recommended to disable useCacheForAllThreads by setting -Dorg.apache.ratis.thirdparty.io.netty.allocator.useCacheForAllThreads=false in command line.
2019-08-30 07:37:37,294 [main] INFO  grpc.GrpcConfigKeys$Server (ConfUtils.java:logGet(43)) - raft.grpc.server.port = 0 (default)
2019-08-30 07:37:37,294 [main] INFO  server.GrpcService (ConfUtils.java:logGet(43)) - raft.grpc.message.size.max = 33570816 (custom)
2019-08-30 07:37:37,295 [main] INFO  server.RaftServerConfigKeys (ConfUtils.java:logGet(43)) - raft.server.log.appender.buffer.byte-limit = 33554432 (custom)
2019-08-30 07:37:37,295 [main] INFO  server.GrpcService (ConfUtils.java:logGet(43)) - raft.grpc.flow.control.window = 1MB (=1048576) (default)
2019-08-30 07:37:37,295 [main] INFO  server.RaftServerConfigKeys (ConfUtils.java:logGet(43)) - raft.server.rpc.request.timeout = 3000ms (default)
2019-08-30 07:37:37,296 [main] INFO  server.RaftServerConfigKeys (ConfUtils.java:logGet(43)) - raft.server.storage.dir = [/workdir/hadoop-ozone/integration-test/target/test-dir/MiniOzoneClusterImpl-3c7659ee-c795-4d58-8fb8-a1742cb39c82/datanode-2/data/ratis] (custom)
2019-08-30 07:37:37,296 [main] INFO  replication.SimpleContainerDownloader (SimpleContainerDownloader.java:<init>(72)) - Starting container downloader service to copy containers to replicate.
2019-08-30 07:37:37,297 [main] INFO  hdfs.DFSUtil (DFSUtil.java:httpServerTemplateForNNAndJN(1641)) - Starting Web-server for hddsDatanode at: http://0.0.0.0:0
2019-08-30 07:37:37,298 [main] INFO  server.AuthenticationFilter (AuthenticationFilter.java:constructSecretProvider(240)) - Unable to initialize FileSignerSecretProvider, falling back to use random secrets.
2019-08-30 07:37:37,299 [main] WARN  http.HttpRequestLog (HttpRequestLog.java:getRequestLog(97)) - Jetty request log can only be enabled using Log4j
2019-08-30 07:37:37,300 [main] INFO  http.HttpServer2 (HttpServer2.java:addGlobalFilter(975)) - Added global filter 'safety' (class=org.apache.hadoop.http.HttpServer2$QuotingInputFilter)
2019-08-30 07:37:37,300 [main] INFO  http.HttpServer2 (HttpServer2.java:addFilter(948)) - Added filter static_user_filter (class=org.apache.hadoop.http.lib.StaticUserWebFilter$StaticUserFilter) to context hddsDatanode
2019-08-30 07:37:37,301 [main] INFO  http.HttpServer2 (HttpServer2.java:addFilter(958)) - Added filter static_user_filter (class=org.apache.hadoop.http.lib.StaticUserWebFilter$StaticUserFilter) to context logs
2019-08-30 07:37:37,301 [main] INFO  http.HttpServer2 (HttpServer2.java:addFilter(958)) - Added filter static_user_filter (class=org.apache.hadoop.http.lib.StaticUserWebFilter$StaticUserFilter) to context static
2019-08-30 07:37:37,301 [main] INFO  http.HttpServer2 (HttpServer2.java:bindListener(1191)) - Jetty bound to port 34689
2019-08-30 07:37:37,302 [main] INFO  server.Server (Server.java:doStart(351)) - jetty-9.3.24.v20180605, build timestamp: 2018-06-05T17:11:56Z, git hash: 84205aa28f11a4f31f2a3b86d1bba2cc8ab69827
2019-08-30 07:37:37,303 [main] INFO  handler.ContextHandler (ContextHandler.java:doStart(781)) - Started o.e.j.s.ServletContextHandler@445058e8{/logs,file:///workdir/hadoop-ozone/integration-test/target/log,AVAILABLE}
2019-08-30 07:37:37,304 [main] INFO  handler.ContextHandler (ContextHandler.java:doStart(781)) - Started o.e.j.s.ServletContextHandler@5a7a6d34{/static,jar:file:/home/user/.m2/repository/org/apache/hadoop/hadoop-hdds-container-service/0.5.0-SNAPSHOT/hadoop-hdds-container-service-0.5.0-SNAPSHOT.jar!/webapps/static,AVAILABLE}
2019-08-30 07:37:37,331 [main] INFO  handler.ContextHandler (ContextHandler.java:doStart(781)) - Started o.e.j.w.WebAppContext@42401b81{/,file:///tmp/jetty-0.0.0.0-34689-hddsDatanode-_-any-3742728088643131103.dir/webapp/,AVAILABLE}{/hddsDatanode}
2019-08-30 07:37:37,332 [main] INFO  server.AbstractConnector (AbstractConnector.java:doStart(278)) - Started ServerConnector@f1d1463{HTTP/1.1,[http/1.1]}{0.0.0.0:34689}
2019-08-30 07:37:37,333 [main] INFO  server.Server (Server.java:doStart(419)) - Started @46228ms
2019-08-30 07:37:37,334 [main] INFO  server.BaseHttpServer (BaseHttpServer.java:updateConnectorAddress(213)) - HTTP server of HDDSDATANODE is listening at http://0.0.0.0:34689
2019-08-30 07:37:37,465 | INFO  | ObjectStoreRestHttpServer | Listening HDDS REST traffic on /0.0.0.0:39956 |  
2019-08-30 07:37:37,465 [main] INFO  ozone.HddsDatanodeService (HddsDatanodeService.java:startPlugins(395)) - Started plug-in org.apache.hadoop.ozone.web.OzoneHddsDatanodeService@16029e2f
2019-08-30 07:37:37,466 [main] INFO  impl.MetricsSystemImpl (MetricsSystemImpl.java:init(158)) - HddsDatanode metrics system started (again)
2019-08-30 07:37:37,469 [org.apache.hadoop.util.JvmPauseMonitor$Monitor@da0c260] INFO  util.JvmPauseMonitor (JvmPauseMonitor.java:run(188)) - Starting JVM pause monitor
2019-08-30 07:37:37,469 [main] INFO  ozone.HddsDatanodeService (HddsDatanodeService.java:start(184)) - HddsDatanodeService host:pr-hdds-1569-qmmbh-26860099 ip:192.168.34.43
2019-08-30 07:37:37,471 [Datanode State Machine Thread - 0] INFO  datanode.InitDatanodeState (InitDatanodeState.java:persistContainerDatanodeDetails(140)) - DatanodeDetails is persisted to /workdir/hadoop-ozone/integration-test/target/test-dir/MiniOzoneClusterImpl-3c7659ee-c795-4d58-8fb8-a1742cb39c82/datanode-2/meta/datanode.id
2019-08-30 07:37:37,477 [main] INFO  volume.HddsVolume (HddsVolume.java:<init>(176)) - Creating Volume: /workdir/hadoop-ozone/integration-test/target/test-dir/MiniOzoneClusterImpl-3c7659ee-c795-4d58-8fb8-a1742cb39c82/datanode-3/data/containers/hdds of  storage type : DISK and capacity : 1482555576320
2019-08-30 07:37:37,478 [main] INFO  volume.VolumeSet (VolumeSet.java:initializeVolumeSet(170)) - Added Volume : /workdir/hadoop-ozone/integration-test/target/test-dir/MiniOzoneClusterImpl-3c7659ee-c795-4d58-8fb8-a1742cb39c82/datanode-3/data/containers/hdds to VolumeSet
2019-08-30 07:37:37,478 [main] INFO  volume.ThrottledAsyncChecker (ThrottledAsyncChecker.java:schedule(140)) - Scheduling a check for org.apache.hadoop.ozone.container.common.volume.HddsVolume@6d7865d6
2019-08-30 07:37:37,479 [main] INFO  volume.HddsVolumeChecker (HddsVolumeChecker.java:checkAllVolumes(203)) - Scheduled health check for volume org.apache.hadoop.ozone.container.common.volume.HddsVolume@6d7865d6
2019-08-30 07:37:37,501 [main] INFO  impl.RaftServerProxy (ConfUtils.java:logGet(43)) - raft.rpc.type = GRPC (default)
2019-08-30 07:37:37,502 [main] INFO  grpc.GrpcFactory (GrpcFactory.java:checkPooledByteBufAllocatorUseCacheForAllThreads(45)) - PERFORMANCE WARNING: useCacheForAllThreads is true that may cause Netty to create a lot garbage objects and, as a result, trigger GC.
	It is recommended to disable useCacheForAllThreads by setting -Dorg.apache.ratis.thirdparty.io.netty.allocator.useCacheForAllThreads=false in command line.
2019-08-30 07:37:37,502 [main] INFO  grpc.GrpcConfigKeys$Server (ConfUtils.java:logGet(43)) - raft.grpc.server.port = 0 (default)
2019-08-30 07:37:37,502 [main] INFO  server.GrpcService (ConfUtils.java:logGet(43)) - raft.grpc.message.size.max = 33570816 (custom)
2019-08-30 07:37:37,503 [main] INFO  server.RaftServerConfigKeys (ConfUtils.java:logGet(43)) - raft.server.log.appender.buffer.byte-limit = 33554432 (custom)
2019-08-30 07:37:37,503 [main] INFO  server.GrpcService (ConfUtils.java:logGet(43)) - raft.grpc.flow.control.window = 1MB (=1048576) (default)
2019-08-30 07:37:37,503 [main] INFO  server.RaftServerConfigKeys (ConfUtils.java:logGet(43)) - raft.server.rpc.request.timeout = 3000ms (default)
2019-08-30 07:37:37,504 [main] INFO  server.RaftServerConfigKeys (ConfUtils.java:logGet(43)) - raft.server.storage.dir = [/workdir/hadoop-ozone/integration-test/target/test-dir/MiniOzoneClusterImpl-3c7659ee-c795-4d58-8fb8-a1742cb39c82/datanode-3/data/ratis] (custom)
2019-08-30 07:37:37,505 [main] INFO  replication.SimpleContainerDownloader (SimpleContainerDownloader.java:<init>(72)) - Starting container downloader service to copy containers to replicate.
2019-08-30 07:37:37,506 [main] INFO  hdfs.DFSUtil (DFSUtil.java:httpServerTemplateForNNAndJN(1641)) - Starting Web-server for hddsDatanode at: http://0.0.0.0:0
2019-08-30 07:37:37,508 [main] INFO  server.AuthenticationFilter (AuthenticationFilter.java:constructSecretProvider(240)) - Unable to initialize FileSignerSecretProvider, falling back to use random secrets.
2019-08-30 07:37:37,509 [main] WARN  http.HttpRequestLog (HttpRequestLog.java:getRequestLog(97)) - Jetty request log can only be enabled using Log4j
2019-08-30 07:37:37,511 [main] INFO  http.HttpServer2 (HttpServer2.java:addGlobalFilter(975)) - Added global filter 'safety' (class=org.apache.hadoop.http.HttpServer2$QuotingInputFilter)
2019-08-30 07:37:37,512 [main] INFO  http.HttpServer2 (HttpServer2.java:addFilter(948)) - Added filter static_user_filter (class=org.apache.hadoop.http.lib.StaticUserWebFilter$StaticUserFilter) to context hddsDatanode
2019-08-30 07:37:37,512 [main] INFO  http.HttpServer2 (HttpServer2.java:addFilter(958)) - Added filter static_user_filter (class=org.apache.hadoop.http.lib.StaticUserWebFilter$StaticUserFilter) to context static
2019-08-30 07:37:37,512 [main] INFO  http.HttpServer2 (HttpServer2.java:addFilter(958)) - Added filter static_user_filter (class=org.apache.hadoop.http.lib.StaticUserWebFilter$StaticUserFilter) to context logs
2019-08-30 07:37:37,513 [main] INFO  http.HttpServer2 (HttpServer2.java:bindListener(1191)) - Jetty bound to port 44632
2019-08-30 07:37:37,514 [main] INFO  server.Server (Server.java:doStart(351)) - jetty-9.3.24.v20180605, build timestamp: 2018-06-05T17:11:56Z, git hash: 84205aa28f11a4f31f2a3b86d1bba2cc8ab69827
2019-08-30 07:37:37,516 [main] INFO  handler.ContextHandler (ContextHandler.java:doStart(781)) - Started o.e.j.s.ServletContextHandler@3caa4d85{/logs,file:///workdir/hadoop-ozone/integration-test/target/log,AVAILABLE}
2019-08-30 07:37:37,516 [main] INFO  handler.ContextHandler (ContextHandler.java:doStart(781)) - Started o.e.j.s.ServletContextHandler@51508029{/static,jar:file:/home/user/.m2/repository/org/apache/hadoop/hadoop-hdds-container-service/0.5.0-SNAPSHOT/hadoop-hdds-container-service-0.5.0-SNAPSHOT.jar!/webapps/static,AVAILABLE}
2019-08-30 07:37:37,544 [main] INFO  handler.ContextHandler (ContextHandler.java:doStart(781)) - Started o.e.j.w.WebAppContext@25b4754a{/,file:///tmp/jetty-0.0.0.0-44632-hddsDatanode-_-any-6810613881278557183.dir/webapp/,AVAILABLE}{/hddsDatanode}
2019-08-30 07:37:37,544 [main] INFO  server.AbstractConnector (AbstractConnector.java:doStart(278)) - Started ServerConnector@6ec3a4c2{HTTP/1.1,[http/1.1]}{0.0.0.0:44632}
2019-08-30 07:37:37,546 [main] INFO  server.Server (Server.java:doStart(419)) - Started @46441ms
2019-08-30 07:37:37,547 [main] INFO  server.BaseHttpServer (BaseHttpServer.java:updateConnectorAddress(213)) - HTTP server of HDDSDATANODE is listening at http://0.0.0.0:44632
2019-08-30 07:37:37,691 | INFO  | ObjectStoreRestHttpServer | Listening HDDS REST traffic on /0.0.0.0:40951 |  
2019-08-30 07:37:37,692 [main] INFO  ozone.HddsDatanodeService (HddsDatanodeService.java:startPlugins(395)) - Started plug-in org.apache.hadoop.ozone.web.OzoneHddsDatanodeService@5b6cc344
2019-08-30 07:37:37,692 [main] INFO  impl.MetricsSystemImpl (MetricsSystemImpl.java:init(158)) - HddsDatanode metrics system started (again)
2019-08-30 07:37:37,695 [org.apache.hadoop.util.JvmPauseMonitor$Monitor@7c349cd9] INFO  util.JvmPauseMonitor (JvmPauseMonitor.java:run(188)) - Starting JVM pause monitor
2019-08-30 07:37:37,696 [main] INFO  ozone.HddsDatanodeService (HddsDatanodeService.java:start(184)) - HddsDatanodeService host:pr-hdds-1569-qmmbh-26860099 ip:192.168.34.43
2019-08-30 07:37:37,698 [Datanode State Machine Thread - 0] INFO  datanode.InitDatanodeState (InitDatanodeState.java:persistContainerDatanodeDetails(140)) - DatanodeDetails is persisted to /workdir/hadoop-ozone/integration-test/target/test-dir/MiniOzoneClusterImpl-3c7659ee-c795-4d58-8fb8-a1742cb39c82/datanode-3/meta/datanode.id
2019-08-30 07:37:37,704 [main] INFO  volume.HddsVolume (HddsVolume.java:<init>(176)) - Creating Volume: /workdir/hadoop-ozone/integration-test/target/test-dir/MiniOzoneClusterImpl-3c7659ee-c795-4d58-8fb8-a1742cb39c82/datanode-4/data/containers/hdds of  storage type : DISK and capacity : 1482555576320
2019-08-30 07:37:37,704 [main] INFO  volume.VolumeSet (VolumeSet.java:initializeVolumeSet(170)) - Added Volume : /workdir/hadoop-ozone/integration-test/target/test-dir/MiniOzoneClusterImpl-3c7659ee-c795-4d58-8fb8-a1742cb39c82/datanode-4/data/containers/hdds to VolumeSet
2019-08-30 07:37:37,704 [main] INFO  volume.ThrottledAsyncChecker (ThrottledAsyncChecker.java:schedule(140)) - Scheduling a check for org.apache.hadoop.ozone.container.common.volume.HddsVolume@79617c3d
2019-08-30 07:37:37,705 [main] INFO  volume.HddsVolumeChecker (HddsVolumeChecker.java:checkAllVolumes(203)) - Scheduled health check for volume org.apache.hadoop.ozone.container.common.volume.HddsVolume@79617c3d
2019-08-30 07:37:37,727 [main] INFO  impl.RaftServerProxy (ConfUtils.java:logGet(43)) - raft.rpc.type = GRPC (default)
2019-08-30 07:37:37,727 [main] INFO  grpc.GrpcFactory (GrpcFactory.java:checkPooledByteBufAllocatorUseCacheForAllThreads(45)) - PERFORMANCE WARNING: useCacheForAllThreads is true that may cause Netty to create a lot garbage objects and, as a result, trigger GC.
	It is recommended to disable useCacheForAllThreads by setting -Dorg.apache.ratis.thirdparty.io.netty.allocator.useCacheForAllThreads=false in command line.
2019-08-30 07:37:37,728 [main] INFO  grpc.GrpcConfigKeys$Server (ConfUtils.java:logGet(43)) - raft.grpc.server.port = 0 (default)
2019-08-30 07:37:37,728 [main] INFO  server.GrpcService (ConfUtils.java:logGet(43)) - raft.grpc.message.size.max = 33570816 (custom)
2019-08-30 07:37:37,728 [main] INFO  server.RaftServerConfigKeys (ConfUtils.java:logGet(43)) - raft.server.log.appender.buffer.byte-limit = 33554432 (custom)
2019-08-30 07:37:37,729 [main] INFO  server.GrpcService (ConfUtils.java:logGet(43)) - raft.grpc.flow.control.window = 1MB (=1048576) (default)
2019-08-30 07:37:37,729 [main] INFO  server.RaftServerConfigKeys (ConfUtils.java:logGet(43)) - raft.server.rpc.request.timeout = 3000ms (default)
2019-08-30 07:37:37,730 [main] INFO  server.RaftServerConfigKeys (ConfUtils.java:logGet(43)) - raft.server.storage.dir = [/workdir/hadoop-ozone/integration-test/target/test-dir/MiniOzoneClusterImpl-3c7659ee-c795-4d58-8fb8-a1742cb39c82/datanode-4/data/ratis] (custom)
2019-08-30 07:37:37,730 [main] INFO  replication.SimpleContainerDownloader (SimpleContainerDownloader.java:<init>(72)) - Starting container downloader service to copy containers to replicate.
2019-08-30 07:37:37,732 [main] INFO  hdfs.DFSUtil (DFSUtil.java:httpServerTemplateForNNAndJN(1641)) - Starting Web-server for hddsDatanode at: http://0.0.0.0:0
2019-08-30 07:37:37,735 [main] INFO  server.AuthenticationFilter (AuthenticationFilter.java:constructSecretProvider(240)) - Unable to initialize FileSignerSecretProvider, falling back to use random secrets.
2019-08-30 07:37:37,736 [main] WARN  http.HttpRequestLog (HttpRequestLog.java:getRequestLog(97)) - Jetty request log can only be enabled using Log4j
2019-08-30 07:37:37,739 [main] INFO  http.HttpServer2 (HttpServer2.java:addGlobalFilter(975)) - Added global filter 'safety' (class=org.apache.hadoop.http.HttpServer2$QuotingInputFilter)
2019-08-30 07:37:37,741 [main] INFO  http.HttpServer2 (HttpServer2.java:addFilter(948)) - Added filter static_user_filter (class=org.apache.hadoop.http.lib.StaticUserWebFilter$StaticUserFilter) to context hddsDatanode
2019-08-30 07:37:37,741 [main] INFO  http.HttpServer2 (HttpServer2.java:addFilter(958)) - Added filter static_user_filter (class=org.apache.hadoop.http.lib.StaticUserWebFilter$StaticUserFilter) to context static
2019-08-30 07:37:37,742 [main] INFO  http.HttpServer2 (HttpServer2.java:addFilter(958)) - Added filter static_user_filter (class=org.apache.hadoop.http.lib.StaticUserWebFilter$StaticUserFilter) to context logs
2019-08-30 07:37:37,743 [main] INFO  http.HttpServer2 (HttpServer2.java:bindListener(1191)) - Jetty bound to port 34735
2019-08-30 07:37:37,743 [main] INFO  server.Server (Server.java:doStart(351)) - jetty-9.3.24.v20180605, build timestamp: 2018-06-05T17:11:56Z, git hash: 84205aa28f11a4f31f2a3b86d1bba2cc8ab69827
2019-08-30 07:37:37,749 [main] INFO  handler.ContextHandler (ContextHandler.java:doStart(781)) - Started o.e.j.s.ServletContextHandler@1ae9d0e4{/logs,file:///workdir/hadoop-ozone/integration-test/target/log,AVAILABLE}
2019-08-30 07:37:37,750 [main] INFO  handler.ContextHandler (ContextHandler.java:doStart(781)) - Started o.e.j.s.ServletContextHandler@294c44b7{/static,jar:file:/home/user/.m2/repository/org/apache/hadoop/hadoop-hdds-container-service/0.5.0-SNAPSHOT/hadoop-hdds-container-service-0.5.0-SNAPSHOT.jar!/webapps/static,AVAILABLE}
2019-08-30 07:37:37,791 [main] INFO  handler.ContextHandler (ContextHandler.java:doStart(781)) - Started o.e.j.w.WebAppContext@422ba9b7{/,file:///tmp/jetty-0.0.0.0-34735-hddsDatanode-_-any-8680038483911474324.dir/webapp/,AVAILABLE}{/hddsDatanode}
2019-08-30 07:37:37,791 [main] INFO  server.AbstractConnector (AbstractConnector.java:doStart(278)) - Started ServerConnector@26cdd4af{HTTP/1.1,[http/1.1]}{0.0.0.0:34735}
2019-08-30 07:37:37,793 [main] INFO  server.Server (Server.java:doStart(419)) - Started @46688ms
2019-08-30 07:37:37,794 [main] INFO  server.BaseHttpServer (BaseHttpServer.java:updateConnectorAddress(213)) - HTTP server of HDDSDATANODE is listening at http://0.0.0.0:34735
2019-08-30 07:37:38,198 | INFO  | ObjectStoreRestHttpServer | Listening HDDS REST traffic on /0.0.0.0:44273 |  
2019-08-30 07:37:38,198 [main] INFO  ozone.HddsDatanodeService (HddsDatanodeService.java:startPlugins(395)) - Started plug-in org.apache.hadoop.ozone.web.OzoneHddsDatanodeService@9f48198
2019-08-30 07:37:38,199 [main] INFO  impl.MetricsSystemImpl (MetricsSystemImpl.java:init(158)) - HddsDatanode metrics system started (again)
2019-08-30 07:37:38,203 [org.apache.hadoop.util.JvmPauseMonitor$Monitor@109c5eaf] INFO  util.JvmPauseMonitor (JvmPauseMonitor.java:run(188)) - Starting JVM pause monitor
2019-08-30 07:37:38,203 [main] INFO  ozone.HddsDatanodeService (HddsDatanodeService.java:start(184)) - HddsDatanodeService host:pr-hdds-1569-qmmbh-26860099 ip:192.168.34.43
2019-08-30 07:37:38,205 [Datanode State Machine Thread - 0] INFO  datanode.InitDatanodeState (InitDatanodeState.java:persistContainerDatanodeDetails(140)) - DatanodeDetails is persisted to /workdir/hadoop-ozone/integration-test/target/test-dir/MiniOzoneClusterImpl-3c7659ee-c795-4d58-8fb8-a1742cb39c82/datanode-4/meta/datanode.id
2019-08-30 07:37:38,212 [main] INFO  volume.HddsVolume (HddsVolume.java:<init>(176)) - Creating Volume: /workdir/hadoop-ozone/integration-test/target/test-dir/MiniOzoneClusterImpl-3c7659ee-c795-4d58-8fb8-a1742cb39c82/datanode-5/data/containers/hdds of  storage type : DISK and capacity : 1482555576320
2019-08-30 07:37:38,212 [main] INFO  volume.VolumeSet (VolumeSet.java:initializeVolumeSet(170)) - Added Volume : /workdir/hadoop-ozone/integration-test/target/test-dir/MiniOzoneClusterImpl-3c7659ee-c795-4d58-8fb8-a1742cb39c82/datanode-5/data/containers/hdds to VolumeSet
2019-08-30 07:37:38,213 [main] INFO  volume.ThrottledAsyncChecker (ThrottledAsyncChecker.java:schedule(140)) - Scheduling a check for org.apache.hadoop.ozone.container.common.volume.HddsVolume@1818390b
2019-08-30 07:37:38,213 [main] INFO  volume.HddsVolumeChecker (HddsVolumeChecker.java:checkAllVolumes(203)) - Scheduled health check for volume org.apache.hadoop.ozone.container.common.volume.HddsVolume@1818390b
2019-08-30 07:37:38,230 [main] INFO  impl.RaftServerProxy (ConfUtils.java:logGet(43)) - raft.rpc.type = GRPC (default)
2019-08-30 07:37:38,230 [main] INFO  grpc.GrpcFactory (GrpcFactory.java:checkPooledByteBufAllocatorUseCacheForAllThreads(45)) - PERFORMANCE WARNING: useCacheForAllThreads is true that may cause Netty to create a lot garbage objects and, as a result, trigger GC.
	It is recommended to disable useCacheForAllThreads by setting -Dorg.apache.ratis.thirdparty.io.netty.allocator.useCacheForAllThreads=false in command line.
2019-08-30 07:37:38,230 [main] INFO  grpc.GrpcConfigKeys$Server (ConfUtils.java:logGet(43)) - raft.grpc.server.port = 0 (default)
2019-08-30 07:37:38,230 [main] INFO  server.GrpcService (ConfUtils.java:logGet(43)) - raft.grpc.message.size.max = 33570816 (custom)
2019-08-30 07:37:38,231 [main] INFO  server.RaftServerConfigKeys (ConfUtils.java:logGet(43)) - raft.server.log.appender.buffer.byte-limit = 33554432 (custom)
2019-08-30 07:37:38,231 [main] INFO  server.GrpcService (ConfUtils.java:logGet(43)) - raft.grpc.flow.control.window = 1MB (=1048576) (default)
2019-08-30 07:37:38,231 [main] INFO  server.RaftServerConfigKeys (ConfUtils.java:logGet(43)) - raft.server.rpc.request.timeout = 3000ms (default)
2019-08-30 07:37:38,232 [main] INFO  server.RaftServerConfigKeys (ConfUtils.java:logGet(43)) - raft.server.storage.dir = [/workdir/hadoop-ozone/integration-test/target/test-dir/MiniOzoneClusterImpl-3c7659ee-c795-4d58-8fb8-a1742cb39c82/datanode-5/data/ratis] (custom)
2019-08-30 07:37:38,232 [main] INFO  replication.SimpleContainerDownloader (SimpleContainerDownloader.java:<init>(72)) - Starting container downloader service to copy containers to replicate.
2019-08-30 07:37:38,234 [main] INFO  hdfs.DFSUtil (DFSUtil.java:httpServerTemplateForNNAndJN(1641)) - Starting Web-server for hddsDatanode at: http://0.0.0.0:0
2019-08-30 07:37:38,236 [main] INFO  server.AuthenticationFilter (AuthenticationFilter.java:constructSecretProvider(240)) - Unable to initialize FileSignerSecretProvider, falling back to use random secrets.
2019-08-30 07:37:38,236 [main] WARN  http.HttpRequestLog (HttpRequestLog.java:getRequestLog(97)) - Jetty request log can only be enabled using Log4j
2019-08-30 07:37:38,239 [main] INFO  http.HttpServer2 (HttpServer2.java:addGlobalFilter(975)) - Added global filter 'safety' (class=org.apache.hadoop.http.HttpServer2$QuotingInputFilter)
2019-08-30 07:37:38,239 [main] INFO  http.HttpServer2 (HttpServer2.java:addFilter(948)) - Added filter static_user_filter (class=org.apache.hadoop.http.lib.StaticUserWebFilter$StaticUserFilter) to context hddsDatanode
2019-08-30 07:37:38,240 [main] INFO  http.HttpServer2 (HttpServer2.java:addFilter(958)) - Added filter static_user_filter (class=org.apache.hadoop.http.lib.StaticUserWebFilter$StaticUserFilter) to context logs
2019-08-30 07:37:38,240 [main] INFO  http.HttpServer2 (HttpServer2.java:addFilter(958)) - Added filter static_user_filter (class=org.apache.hadoop.http.lib.StaticUserWebFilter$StaticUserFilter) to context static
2019-08-30 07:37:38,241 [main] INFO  http.HttpServer2 (HttpServer2.java:bindListener(1191)) - Jetty bound to port 41387
2019-08-30 07:37:38,241 [main] INFO  server.Server (Server.java:doStart(351)) - jetty-9.3.24.v20180605, build timestamp: 2018-06-05T17:11:56Z, git hash: 84205aa28f11a4f31f2a3b86d1bba2cc8ab69827
2019-08-30 07:37:38,244 [main] INFO  handler.ContextHandler (ContextHandler.java:doStart(781)) - Started o.e.j.s.ServletContextHandler@28e91f6d{/logs,file:///workdir/hadoop-ozone/integration-test/target/log,AVAILABLE}
2019-08-30 07:37:38,244 [main] INFO  handler.ContextHandler (ContextHandler.java:doStart(781)) - Started o.e.j.s.ServletContextHandler@11e24688{/static,jar:file:/home/user/.m2/repository/org/apache/hadoop/hadoop-hdds-container-service/0.5.0-SNAPSHOT/hadoop-hdds-container-service-0.5.0-SNAPSHOT.jar!/webapps/static,AVAILABLE}
2019-08-30 07:37:38,286 [main] INFO  handler.ContextHandler (ContextHandler.java:doStart(781)) - Started o.e.j.w.WebAppContext@71eff6a3{/,file:///tmp/jetty-0.0.0.0-41387-hddsDatanode-_-any-2682664215307845979.dir/webapp/,AVAILABLE}{/hddsDatanode}
2019-08-30 07:37:38,286 [main] INFO  server.AbstractConnector (AbstractConnector.java:doStart(278)) - Started ServerConnector@574218f{HTTP/1.1,[http/1.1]}{0.0.0.0:41387}
2019-08-30 07:37:38,287 [main] INFO  server.Server (Server.java:doStart(419)) - Started @47182ms
2019-08-30 07:37:38,288 [main] INFO  server.BaseHttpServer (BaseHttpServer.java:updateConnectorAddress(213)) - HTTP server of HDDSDATANODE is listening at http://0.0.0.0:41387
2019-08-30 07:37:38,421 | INFO  | ObjectStoreRestHttpServer | Listening HDDS REST traffic on /0.0.0.0:39509 |  
2019-08-30 07:37:38,421 [main] INFO  ozone.HddsDatanodeService (HddsDatanodeService.java:startPlugins(395)) - Started plug-in org.apache.hadoop.ozone.web.OzoneHddsDatanodeService@24435620
2019-08-30 07:37:38,421 [main] INFO  impl.MetricsSystemImpl (MetricsSystemImpl.java:init(158)) - HddsDatanode metrics system started (again)
2019-08-30 07:37:38,425 [org.apache.hadoop.util.JvmPauseMonitor$Monitor@742e1bd] INFO  util.JvmPauseMonitor (JvmPauseMonitor.java:run(188)) - Starting JVM pause monitor
2019-08-30 07:37:38,425 [main] INFO  ozone.HddsDatanodeService (HddsDatanodeService.java:start(184)) - HddsDatanodeService host:pr-hdds-1569-qmmbh-26860099 ip:192.168.34.43
2019-08-30 07:37:38,427 [Datanode State Machine Thread - 0] INFO  datanode.InitDatanodeState (InitDatanodeState.java:persistContainerDatanodeDetails(140)) - DatanodeDetails is persisted to /workdir/hadoop-ozone/integration-test/target/test-dir/MiniOzoneClusterImpl-3c7659ee-c795-4d58-8fb8-a1742cb39c82/datanode-5/meta/datanode.id
2019-08-30 07:37:38,433 [main] INFO  volume.HddsVolume (HddsVolume.java:<init>(176)) - Creating Volume: /workdir/hadoop-ozone/integration-test/target/test-dir/MiniOzoneClusterImpl-3c7659ee-c795-4d58-8fb8-a1742cb39c82/datanode-6/data/containers/hdds of  storage type : DISK and capacity : 1482555576320
2019-08-30 07:37:38,434 [main] INFO  volume.VolumeSet (VolumeSet.java:initializeVolumeSet(170)) - Added Volume : /workdir/hadoop-ozone/integration-test/target/test-dir/MiniOzoneClusterImpl-3c7659ee-c795-4d58-8fb8-a1742cb39c82/datanode-6/data/containers/hdds to VolumeSet
2019-08-30 07:37:38,434 [main] INFO  volume.ThrottledAsyncChecker (ThrottledAsyncChecker.java:schedule(140)) - Scheduling a check for org.apache.hadoop.ozone.container.common.volume.HddsVolume@6be422da
2019-08-30 07:37:38,434 [main] INFO  volume.HddsVolumeChecker (HddsVolumeChecker.java:checkAllVolumes(203)) - Scheduled health check for volume org.apache.hadoop.ozone.container.common.volume.HddsVolume@6be422da
2019-08-30 07:37:38,449 [main] INFO  impl.RaftServerProxy (ConfUtils.java:logGet(43)) - raft.rpc.type = GRPC (default)
2019-08-30 07:37:38,449 [main] INFO  grpc.GrpcFactory (GrpcFactory.java:checkPooledByteBufAllocatorUseCacheForAllThreads(45)) - PERFORMANCE WARNING: useCacheForAllThreads is true that may cause Netty to create a lot garbage objects and, as a result, trigger GC.
	It is recommended to disable useCacheForAllThreads by setting -Dorg.apache.ratis.thirdparty.io.netty.allocator.useCacheForAllThreads=false in command line.
2019-08-30 07:37:38,450 [main] INFO  grpc.GrpcConfigKeys$Server (ConfUtils.java:logGet(43)) - raft.grpc.server.port = 0 (default)
2019-08-30 07:37:38,450 [main] INFO  server.GrpcService (ConfUtils.java:logGet(43)) - raft.grpc.message.size.max = 33570816 (custom)
2019-08-30 07:37:38,450 [main] INFO  server.RaftServerConfigKeys (ConfUtils.java:logGet(43)) - raft.server.log.appender.buffer.byte-limit = 33554432 (custom)
2019-08-30 07:37:38,450 [main] INFO  server.GrpcService (ConfUtils.java:logGet(43)) - raft.grpc.flow.control.window = 1MB (=1048576) (default)
2019-08-30 07:37:38,450 [main] INFO  server.RaftServerConfigKeys (ConfUtils.java:logGet(43)) - raft.server.rpc.request.timeout = 3000ms (default)
2019-08-30 07:37:38,451 [main] INFO  server.RaftServerConfigKeys (ConfUtils.java:logGet(43)) - raft.server.storage.dir = [/workdir/hadoop-ozone/integration-test/target/test-dir/MiniOzoneClusterImpl-3c7659ee-c795-4d58-8fb8-a1742cb39c82/datanode-6/data/ratis] (custom)
2019-08-30 07:37:38,451 [main] INFO  replication.SimpleContainerDownloader (SimpleContainerDownloader.java:<init>(72)) - Starting container downloader service to copy containers to replicate.
2019-08-30 07:37:38,452 [main] INFO  hdfs.DFSUtil (DFSUtil.java:httpServerTemplateForNNAndJN(1641)) - Starting Web-server for hddsDatanode at: http://0.0.0.0:0
2019-08-30 07:37:38,454 [main] INFO  server.AuthenticationFilter (AuthenticationFilter.java:constructSecretProvider(240)) - Unable to initialize FileSignerSecretProvider, falling back to use random secrets.
2019-08-30 07:37:38,454 [main] WARN  http.HttpRequestLog (HttpRequestLog.java:getRequestLog(97)) - Jetty request log can only be enabled using Log4j
2019-08-30 07:37:38,456 [main] INFO  http.HttpServer2 (HttpServer2.java:addGlobalFilter(975)) - Added global filter 'safety' (class=org.apache.hadoop.http.HttpServer2$QuotingInputFilter)
2019-08-30 07:37:38,456 [main] INFO  http.HttpServer2 (HttpServer2.java:addFilter(948)) - Added filter static_user_filter (class=org.apache.hadoop.http.lib.StaticUserWebFilter$StaticUserFilter) to context hddsDatanode
2019-08-30 07:37:38,456 [main] INFO  http.HttpServer2 (HttpServer2.java:addFilter(958)) - Added filter static_user_filter (class=org.apache.hadoop.http.lib.StaticUserWebFilter$StaticUserFilter) to context static
2019-08-30 07:37:38,456 [main] INFO  http.HttpServer2 (HttpServer2.java:addFilter(958)) - Added filter static_user_filter (class=org.apache.hadoop.http.lib.StaticUserWebFilter$StaticUserFilter) to context logs
2019-08-30 07:37:38,457 [main] INFO  http.HttpServer2 (HttpServer2.java:bindListener(1191)) - Jetty bound to port 46005
2019-08-30 07:37:38,457 [main] INFO  server.Server (Server.java:doStart(351)) - jetty-9.3.24.v20180605, build timestamp: 2018-06-05T17:11:56Z, git hash: 84205aa28f11a4f31f2a3b86d1bba2cc8ab69827
2019-08-30 07:37:38,459 [main] INFO  handler.ContextHandler (ContextHandler.java:doStart(781)) - Started o.e.j.s.ServletContextHandler@6eded11a{/logs,file:///workdir/hadoop-ozone/integration-test/target/log,AVAILABLE}
2019-08-30 07:37:38,460 [main] INFO  handler.ContextHandler (ContextHandler.java:doStart(781)) - Started o.e.j.s.ServletContextHandler@4b511e61{/static,jar:file:/home/user/.m2/repository/org/apache/hadoop/hadoop-hdds-container-service/0.5.0-SNAPSHOT/hadoop-hdds-container-service-0.5.0-SNAPSHOT.jar!/webapps/static,AVAILABLE}
2019-08-30 07:37:38,538 [main] INFO  handler.ContextHandler (ContextHandler.java:doStart(781)) - Started o.e.j.w.WebAppContext@6d842877{/,file:///tmp/jetty-0.0.0.0-46005-hddsDatanode-_-any-4690465155641690492.dir/webapp/,AVAILABLE}{/hddsDatanode}
2019-08-30 07:37:38,539 [main] INFO  server.AbstractConnector (AbstractConnector.java:doStart(278)) - Started ServerConnector@614cbec4{HTTP/1.1,[http/1.1]}{0.0.0.0:46005}
2019-08-30 07:37:38,541 [main] INFO  server.Server (Server.java:doStart(419)) - Started @47436ms
2019-08-30 07:37:38,542 [main] INFO  server.BaseHttpServer (BaseHttpServer.java:updateConnectorAddress(213)) - HTTP server of HDDSDATANODE is listening at http://0.0.0.0:46005
2019-08-30 07:37:38,700 | INFO  | ObjectStoreRestHttpServer | Listening HDDS REST traffic on /0.0.0.0:39674 |  
2019-08-30 07:37:38,700 [main] INFO  ozone.HddsDatanodeService (HddsDatanodeService.java:startPlugins(395)) - Started plug-in org.apache.hadoop.ozone.web.OzoneHddsDatanodeService@3164d5aa
2019-08-30 07:37:38,700 [main] INFO  ozone.MiniOzoneClusterImpl (MiniOzoneClusterImpl.java:lambda$waitForClusterToBeReady$0(142)) - Waiting for cluster to be ready. Got 0 of 7 DN Heartbeats.
2019-08-30 07:37:38,702 [org.apache.hadoop.util.JvmPauseMonitor$Monitor@25b79fe1] INFO  util.JvmPauseMonitor (JvmPauseMonitor.java:run(188)) - Starting JVM pause monitor
2019-08-30 07:37:38,704 [Datanode State Machine Thread - 0] INFO  datanode.InitDatanodeState (InitDatanodeState.java:persistContainerDatanodeDetails(140)) - DatanodeDetails is persisted to /workdir/hadoop-ozone/integration-test/target/test-dir/MiniOzoneClusterImpl-3c7659ee-c795-4d58-8fb8-a1742cb39c82/datanode-6/meta/datanode.id
2019-08-30 07:37:39,081 | INFO  | SCMAudit | user=jenkins1000 | ip=192.168.34.43 | op=GET_VERSION null | ret=SUCCESS |  
2019-08-30 07:37:39,130 [Datanode State Machine Thread - 0] INFO  ozoneimpl.OzoneContainer (OzoneContainer.java:start(186)) - Attempting to start container services.
2019-08-30 07:37:39,131 [Datanode State Machine Thread - 0] INFO  ozoneimpl.OzoneContainer (OzoneContainer.java:startContainerScrub(160)) - Background container scrubber has been disabled by hdds.containerscrub.enabled
2019-08-30 07:37:39,131 [Datanode State Machine Thread - 0] INFO  ratis.XceiverServerRatis (XceiverServerRatis.java:start(404)) - Starting XceiverServerRatis 3bf132e1-02b6-4168-801a-3d7ce793c0d9 at port 0
2019-08-30 07:37:39,137 [Datanode State Machine Thread - 0] INFO  impl.RaftServerProxy (RaftServerProxy.java:lambda$start$3(299)) - 3bf132e1-02b6-4168-801a-3d7ce793c0d9: start RPC server
2019-08-30 07:37:39,140 [Datanode State Machine Thread - 0] INFO  server.GrpcService (GrpcService.java:startImpl(149)) - 3bf132e1-02b6-4168-801a-3d7ce793c0d9: GrpcService started, listening on 0.0.0.0/0.0.0.0:42016
2019-08-30 07:37:39,140 [Datanode State Machine Thread - 0] INFO  ratis.XceiverServerRatis (XceiverServerRatis.java:start(414)) - XceiverServerRatis 3bf132e1-02b6-4168-801a-3d7ce793c0d9 is started using port 42016
2019-08-30 07:37:39,141 [Datanode State Machine Thread - 0] INFO  server.XceiverServerGrpc (XceiverServerGrpc.java:start(163)) - XceiverServerGrpc 3bf132e1-02b6-4168-801a-3d7ce793c0d9 is started using port 42019
2019-08-30 07:37:39,276 | INFO  | SCMAudit | user=jenkins1000 | ip=192.168.34.43 | op=GET_VERSION null | ret=SUCCESS |  
2019-08-30 07:37:39,290 [Datanode State Machine Thread - 0] INFO  ozoneimpl.OzoneContainer (OzoneContainer.java:start(186)) - Attempting to start container services.
2019-08-30 07:37:39,291 [Datanode State Machine Thread - 0] INFO  ozoneimpl.OzoneContainer (OzoneContainer.java:startContainerScrub(160)) - Background container scrubber has been disabled by hdds.containerscrub.enabled
2019-08-30 07:37:39,291 [Datanode State Machine Thread - 0] INFO  ratis.XceiverServerRatis (XceiverServerRatis.java:start(404)) - Starting XceiverServerRatis 34c5bf21-796a-477d-8f73-056dd6ef4f82 at port 0
2019-08-30 07:37:39,297 [Datanode State Machine Thread - 0] INFO  impl.RaftServerProxy (RaftServerProxy.java:lambda$start$3(299)) - 34c5bf21-796a-477d-8f73-056dd6ef4f82: start RPC server
2019-08-30 07:37:39,305 [Datanode State Machine Thread - 0] INFO  server.GrpcService (GrpcService.java:startImpl(149)) - 34c5bf21-796a-477d-8f73-056dd6ef4f82: GrpcService started, listening on 0.0.0.0/0.0.0.0:44416
2019-08-30 07:37:39,305 [Datanode State Machine Thread - 0] INFO  ratis.XceiverServerRatis (XceiverServerRatis.java:start(414)) - XceiverServerRatis 34c5bf21-796a-477d-8f73-056dd6ef4f82 is started using port 44416
2019-08-30 07:37:39,308 [Datanode State Machine Thread - 0] INFO  server.XceiverServerGrpc (XceiverServerGrpc.java:start(163)) - XceiverServerGrpc 34c5bf21-796a-477d-8f73-056dd6ef4f82 is started using port 33088
2019-08-30 07:37:39,470 | INFO  | SCMAudit | user=jenkins1000 | ip=192.168.34.43 | op=GET_VERSION null | ret=SUCCESS |  
2019-08-30 07:37:39,486 [Datanode State Machine Thread - 0] INFO  ozoneimpl.OzoneContainer (OzoneContainer.java:start(186)) - Attempting to start container services.
2019-08-30 07:37:39,486 [Datanode State Machine Thread - 0] INFO  ozoneimpl.OzoneContainer (OzoneContainer.java:startContainerScrub(160)) - Background container scrubber has been disabled by hdds.containerscrub.enabled
2019-08-30 07:37:39,487 [Datanode State Machine Thread - 0] INFO  ratis.XceiverServerRatis (XceiverServerRatis.java:start(404)) - Starting XceiverServerRatis 9e64560e-57c0-404b-a5e3-eb70c00d39cc at port 0
2019-08-30 07:37:39,492 [Datanode State Machine Thread - 0] INFO  impl.RaftServerProxy (RaftServerProxy.java:lambda$start$3(299)) - 9e64560e-57c0-404b-a5e3-eb70c00d39cc: start RPC server
2019-08-30 07:37:39,493 [Datanode State Machine Thread - 0] INFO  server.GrpcService (GrpcService.java:startImpl(149)) - 9e64560e-57c0-404b-a5e3-eb70c00d39cc: GrpcService started, listening on 0.0.0.0/0.0.0.0:38051
2019-08-30 07:37:39,493 [Datanode State Machine Thread - 0] INFO  ratis.XceiverServerRatis (XceiverServerRatis.java:start(414)) - XceiverServerRatis 9e64560e-57c0-404b-a5e3-eb70c00d39cc is started using port 38051
2019-08-30 07:37:39,501 [Datanode State Machine Thread - 0] INFO  server.XceiverServerGrpc (XceiverServerGrpc.java:start(163)) - XceiverServerGrpc 9e64560e-57c0-404b-a5e3-eb70c00d39cc is started using port 40114
2019-08-30 07:37:39,696 | INFO  | SCMAudit | user=jenkins1000 | ip=192.168.34.43 | op=GET_VERSION null | ret=SUCCESS |  
2019-08-30 07:37:39,701 [main] INFO  ozone.MiniOzoneClusterImpl (MiniOzoneClusterImpl.java:lambda$waitForClusterToBeReady$0(142)) - Waiting for cluster to be ready. Got 0 of 7 DN Heartbeats.
2019-08-30 07:37:39,717 [Datanode State Machine Thread - 0] INFO  ozoneimpl.OzoneContainer (OzoneContainer.java:start(186)) - Attempting to start container services.
2019-08-30 07:37:39,718 [Datanode State Machine Thread - 0] INFO  ozoneimpl.OzoneContainer (OzoneContainer.java:startContainerScrub(160)) - Background container scrubber has been disabled by hdds.containerscrub.enabled
2019-08-30 07:37:39,718 [Datanode State Machine Thread - 0] INFO  ratis.XceiverServerRatis (XceiverServerRatis.java:start(404)) - Starting XceiverServerRatis dcd35ce2-5653-4064-9aff-c1a2cac3fe1c at port 0
2019-08-30 07:37:39,723 [Datanode State Machine Thread - 0] INFO  impl.RaftServerProxy (RaftServerProxy.java:lambda$start$3(299)) - dcd35ce2-5653-4064-9aff-c1a2cac3fe1c: start RPC server
2019-08-30 07:37:39,725 [Datanode State Machine Thread - 0] INFO  server.GrpcService (GrpcService.java:startImpl(149)) - dcd35ce2-5653-4064-9aff-c1a2cac3fe1c: GrpcService started, listening on 0.0.0.0/0.0.0.0:41594
2019-08-30 07:37:39,725 [Datanode State Machine Thread - 0] INFO  ratis.XceiverServerRatis (XceiverServerRatis.java:start(414)) - XceiverServerRatis dcd35ce2-5653-4064-9aff-c1a2cac3fe1c is started using port 41594
2019-08-30 07:37:39,725 [Datanode State Machine Thread - 0] INFO  server.XceiverServerGrpc (XceiverServerGrpc.java:start(163)) - XceiverServerGrpc dcd35ce2-5653-4064-9aff-c1a2cac3fe1c is started using port 41866
2019-08-30 07:37:40,204 | INFO  | SCMAudit | user=jenkins1000 | ip=192.168.34.43 | op=GET_VERSION null | ret=SUCCESS |  
2019-08-30 07:37:40,210 [Datanode State Machine Thread - 0] INFO  ozoneimpl.OzoneContainer (OzoneContainer.java:start(186)) - Attempting to start container services.
2019-08-30 07:37:40,211 [Datanode State Machine Thread - 0] INFO  ozoneimpl.OzoneContainer (OzoneContainer.java:startContainerScrub(160)) - Background container scrubber has been disabled by hdds.containerscrub.enabled
2019-08-30 07:37:40,211 [Datanode State Machine Thread - 0] INFO  ratis.XceiverServerRatis (XceiverServerRatis.java:start(404)) - Starting XceiverServerRatis 9570f0ce-31bf-44b3-921f-a36f22efea54 at port 0
2019-08-30 07:37:40,217 [Datanode State Machine Thread - 0] INFO  impl.RaftServerProxy (RaftServerProxy.java:lambda$start$3(299)) - 9570f0ce-31bf-44b3-921f-a36f22efea54: start RPC server
2019-08-30 07:37:40,218 [Datanode State Machine Thread - 0] INFO  server.GrpcService (GrpcService.java:startImpl(149)) - 9570f0ce-31bf-44b3-921f-a36f22efea54: GrpcService started, listening on 0.0.0.0/0.0.0.0:35099
2019-08-30 07:37:40,219 [Datanode State Machine Thread - 0] INFO  ratis.XceiverServerRatis (XceiverServerRatis.java:start(414)) - XceiverServerRatis 9570f0ce-31bf-44b3-921f-a36f22efea54 is started using port 35099
2019-08-30 07:37:40,219 [Datanode State Machine Thread - 0] INFO  server.XceiverServerGrpc (XceiverServerGrpc.java:start(163)) - XceiverServerGrpc 9570f0ce-31bf-44b3-921f-a36f22efea54 is started using port 36345
2019-08-30 07:37:40,425 | INFO  | SCMAudit | user=jenkins1000 | ip=192.168.34.43 | op=GET_VERSION null | ret=SUCCESS |  
2019-08-30 07:37:40,441 [Datanode State Machine Thread - 0] INFO  ozoneimpl.OzoneContainer (OzoneContainer.java:start(186)) - Attempting to start container services.
2019-08-30 07:37:40,441 [Datanode State Machine Thread - 0] INFO  ozoneimpl.OzoneContainer (OzoneContainer.java:startContainerScrub(160)) - Background container scrubber has been disabled by hdds.containerscrub.enabled
2019-08-30 07:37:40,441 [Datanode State Machine Thread - 0] INFO  ratis.XceiverServerRatis (XceiverServerRatis.java:start(404)) - Starting XceiverServerRatis dc0e8eda-8843-49e8-9024-f7c59bdcd9bc at port 0
2019-08-30 07:37:40,448 [Datanode State Machine Thread - 0] INFO  impl.RaftServerProxy (RaftServerProxy.java:lambda$start$3(299)) - dc0e8eda-8843-49e8-9024-f7c59bdcd9bc: start RPC server
2019-08-30 07:37:40,449 [Datanode State Machine Thread - 0] INFO  server.GrpcService (GrpcService.java:startImpl(149)) - dc0e8eda-8843-49e8-9024-f7c59bdcd9bc: GrpcService started, listening on 0.0.0.0/0.0.0.0:34002
2019-08-30 07:37:40,449 [Datanode State Machine Thread - 0] INFO  ratis.XceiverServerRatis (XceiverServerRatis.java:start(414)) - XceiverServerRatis dc0e8eda-8843-49e8-9024-f7c59bdcd9bc is started using port 34002
2019-08-30 07:37:40,450 [Datanode State Machine Thread - 0] INFO  server.XceiverServerGrpc (XceiverServerGrpc.java:start(163)) - XceiverServerGrpc dc0e8eda-8843-49e8-9024-f7c59bdcd9bc is started using port 46092
2019-08-30 07:37:40,701 [main] INFO  ozone.MiniOzoneClusterImpl (MiniOzoneClusterImpl.java:lambda$waitForClusterToBeReady$0(142)) - Waiting for cluster to be ready. Got 0 of 7 DN Heartbeats.
2019-08-30 07:37:40,702 | INFO  | SCMAudit | user=jenkins1000 | ip=192.168.34.43 | op=GET_VERSION null | ret=SUCCESS |  
2019-08-30 07:37:40,719 [Datanode State Machine Thread - 0] INFO  ozoneimpl.OzoneContainer (OzoneContainer.java:start(186)) - Attempting to start container services.
2019-08-30 07:37:40,719 [Datanode State Machine Thread - 0] INFO  ozoneimpl.OzoneContainer (OzoneContainer.java:startContainerScrub(160)) - Background container scrubber has been disabled by hdds.containerscrub.enabled
2019-08-30 07:37:40,719 [Datanode State Machine Thread - 0] INFO  ratis.XceiverServerRatis (XceiverServerRatis.java:start(404)) - Starting XceiverServerRatis 722c9a0b-3ca8-46f2-9cba-02fdf2a68848 at port 0
2019-08-30 07:37:40,727 [Datanode State Machine Thread - 0] INFO  impl.RaftServerProxy (RaftServerProxy.java:lambda$start$3(299)) - 722c9a0b-3ca8-46f2-9cba-02fdf2a68848: start RPC server
2019-08-30 07:37:40,728 [Datanode State Machine Thread - 0] INFO  server.GrpcService (GrpcService.java:startImpl(149)) - 722c9a0b-3ca8-46f2-9cba-02fdf2a68848: GrpcService started, listening on 0.0.0.0/0.0.0.0:36101
2019-08-30 07:37:40,729 [Datanode State Machine Thread - 0] INFO  ratis.XceiverServerRatis (XceiverServerRatis.java:start(414)) - XceiverServerRatis 722c9a0b-3ca8-46f2-9cba-02fdf2a68848 is started using port 36101
2019-08-30 07:37:40,732 [Datanode State Machine Thread - 0] INFO  server.XceiverServerGrpc (XceiverServerGrpc.java:start(163)) - XceiverServerGrpc 722c9a0b-3ca8-46f2-9cba-02fdf2a68848 is started using port 46771
2019-08-30 07:37:41,081 [IPC Server handler 5 on 40836] INFO  net.NetworkTopology (NetworkTopologyImpl.java:add(110)) - Added a new node: /default-rack/3bf132e1-02b6-4168-801a-3d7ce793c0d9
2019-08-30 07:37:41,083 [IPC Server handler 5 on 40836] INFO  node.SCMNodeManager (SCMNodeManager.java:register(274)) - Registered Data node : 3bf132e1-02b6-4168-801a-3d7ce793c0d9{ip: 192.168.34.43, host: pr-hdds-1569-qmmbh-26860099, networkLocation: /default-rack, certSerialId: null}
2019-08-30 07:37:41,084 [EventQueue-NodeRegistrationContainerReportForDataNodeSafeModeRule] INFO  safemode.SCMSafeModeManager (DataNodeSafeModeRule.java:process(71)) - SCM in safe mode. 1 DataNodes registered, 1 required.
2019-08-30 07:37:41,086 [EventQueue-NodeRegistrationContainerReportForDataNodeSafeModeRule] INFO  safemode.SCMSafeModeManager (SCMSafeModeManager.java:validateSafeModeExitRules(177)) - ScmSafeModeManager, all rules are successfully validated
2019-08-30 07:37:41,086 | INFO  | SCMAudit | user=jenkins1000 | ip=192.168.34.43 | op=REGISTER {datanodeDetails=3bf132e1-02b6-4168-801a-3d7ce793c0d9{ip: 192.168.34.43, host: pr-hdds-1569-qmmbh-26860099, networkLocation: /default-rack, certSerialId: null}} | ret=SUCCESS |  
2019-08-30 07:37:41,087 [EventQueue-NodeRegistrationContainerReportForDataNodeSafeModeRule] INFO  safemode.SCMSafeModeManager (SCMSafeModeManager.java:exitSafeMode(193)) - SCM exiting safe mode.
2019-08-30 07:37:41,096 [grpc-default-executor-4] INFO  impl.RaftServerProxy (RaftServerProxy.java:addNew(89)) - 3bf132e1-02b6-4168-801a-3d7ce793c0d9: addNew group-FAEC5D4C872D:[3bf132e1-02b6-4168-801a-3d7ce793c0d9:192.168.34.43:42016] returns group-FAEC5D4C872D:java.util.concurrent.CompletableFuture@684834f9[Not completed]
2019-08-30 07:37:41,098 [pool-126-thread-1] INFO  impl.RaftServerImpl (RaftServerImpl.java:<init>(93)) - 3bf132e1-02b6-4168-801a-3d7ce793c0d9: new RaftServerImpl for group-FAEC5D4C872D:[3bf132e1-02b6-4168-801a-3d7ce793c0d9:192.168.34.43:42016] with ContainerStateMachine:uninitialized
2019-08-30 07:37:41,098 [pool-126-thread-1] INFO  server.RaftServerConfigKeys (ConfUtils.java:logGet(43)) - raft.server.rpc.timeout.min = 5s (custom)
2019-08-30 07:37:41,098 [pool-126-thread-1] INFO  server.RaftServerConfigKeys (ConfUtils.java:logGet(43)) - raft.server.rpc.timeout.max = 5200ms (custom)
2019-08-30 07:37:41,098 [pool-126-thread-1] INFO  server.RaftServerConfigKeys (ConfUtils.java:logGet(43)) - raft.server.rpcslowness.timeout = 120s (custom)
2019-08-30 07:37:41,098 [pool-126-thread-1] INFO  server.RaftServerConfigKeys (ConfUtils.java:logGet(43)) - raft.server.sleep.deviation.threshold = 300 (default)
2019-08-30 07:37:41,099 [pool-126-thread-1] INFO  server.RaftServerConfigKeys (ConfUtils.java:logGet(43)) - raft.server.log.appender.install.snapshot.enabled = false (custom)
2019-08-30 07:37:41,099 [pool-126-thread-1] INFO  impl.RaftServerImpl (ServerState.java:<init>(105)) - 3bf132e1-02b6-4168-801a-3d7ce793c0d9:group-FAEC5D4C872D ConfigurationManager, init=-1: [3bf132e1-02b6-4168-801a-3d7ce793c0d9:192.168.34.43:42016], old=null, confs=<EMPTY_MAP>
2019-08-30 07:37:41,099 [pool-126-thread-1] INFO  server.RaftServerConfigKeys (ConfUtils.java:logGet(43)) - raft.server.storage.dir = [/workdir/hadoop-ozone/integration-test/target/test-dir/MiniOzoneClusterImpl-3c7659ee-c795-4d58-8fb8-a1742cb39c82/datanode-0/data/ratis] (custom)
2019-08-30 07:37:41,099 [pool-126-thread-1] INFO  storage.RaftStorageDirectory (RaftStorageDirectory.java:analyzeStorage(246)) - The storage directory /workdir/hadoop-ozone/integration-test/target/test-dir/MiniOzoneClusterImpl-3c7659ee-c795-4d58-8fb8-a1742cb39c82/datanode-0/data/ratis/df884149-9463-4f7d-b1d2-faec5d4c872d does not exist. Creating ...
2019-08-30 07:37:41,113 [pool-126-thread-1] INFO  storage.RaftStorageDirectory (RaftStorageDirectory.java:tryLock(328)) - Lock on /workdir/hadoop-ozone/integration-test/target/test-dir/MiniOzoneClusterImpl-3c7659ee-c795-4d58-8fb8-a1742cb39c82/datanode-0/data/ratis/df884149-9463-4f7d-b1d2-faec5d4c872d/in_use.lock acquired by nodename 24101@pr-hdds-1569-qmmbh-26860099
2019-08-30 07:37:41,126 [pool-126-thread-1] INFO  storage.RaftStorage (RaftStorage.java:format(72)) - Storage directory /workdir/hadoop-ozone/integration-test/target/test-dir/MiniOzoneClusterImpl-3c7659ee-c795-4d58-8fb8-a1742cb39c82/datanode-0/data/ratis/df884149-9463-4f7d-b1d2-faec5d4c872d has been successfully formatted.
2019-08-30 07:37:41,127 [pool-126-thread-1] INFO  ratis.ContainerStateMachine (ContainerStateMachine.java:loadSnapshot(226)) - group-FAEC5D4C872D: The snapshot info is null. Setting the last applied indexto:(t:0, i:~)
2019-08-30 07:37:41,127 [pool-126-thread-1] INFO  server.RaftServerConfigKeys (ConfUtils.java:logGet(43)) - raft.server.leader.election.timeout = 120s (custom)
2019-08-30 07:37:41,127 [pool-126-thread-1] INFO  server.RaftServerConfigKeys (ConfUtils.java:logGet(43)) - raft.server.log.use.memory = false (default)
2019-08-30 07:37:41,127 [pool-126-thread-1] INFO  server.RaftServerConfigKeys (ConfUtils.java:logGet(43)) - raft.server.log.purge.gap = 1000000 (custom)
2019-08-30 07:37:41,127 [pool-126-thread-1] INFO  server.RaftServerConfigKeys (ConfUtils.java:logGet(43)) - raft.server.log.appender.buffer.byte-limit = 33554432 (custom)
2019-08-30 07:37:41,127 [pool-126-thread-1] INFO  server.RaftServerConfigKeys (ConfUtils.java:logGet(43)) - raft.server.log.segment.size.max = 1048576 (custom)
2019-08-30 07:37:41,127 [pool-126-thread-1] INFO  server.RaftServerConfigKeys (ConfUtils.java:logGet(43)) - raft.server.log.segment.cache.num.max = 2 (custom)
2019-08-30 07:37:41,128 [pool-126-thread-1] INFO  segmented.SegmentedRaftLogWorker (SegmentedRaftLogWorker.java:<init>(172)) - new 3bf132e1-02b6-4168-801a-3d7ce793c0d9-SegmentedRaftLogWorker:Storage Directory /workdir/hadoop-ozone/integration-test/target/test-dir/MiniOzoneClusterImpl-3c7659ee-c795-4d58-8fb8-a1742cb39c82/datanode-0/data/ratis/df884149-9463-4f7d-b1d2-faec5d4c872d for RaftStorage:Storage Directory /workdir/hadoop-ozone/integration-test/target/test-dir/MiniOzoneClusterImpl-3c7659ee-c795-4d58-8fb8-a1742cb39c82/datanode-0/data/ratis/df884149-9463-4f7d-b1d2-faec5d4c872d
2019-08-30 07:37:41,128 [pool-126-thread-1] INFO  server.RaftServerConfigKeys (ConfUtils.java:logGet(43)) - raft.server.log.queue.byte-limit = 2147483647 (custom)
2019-08-30 07:37:41,128 [pool-126-thread-1] INFO  server.RaftServerConfigKeys (ConfUtils.java:logGet(43)) - raft.server.log.queue.element-limit = 1024 (custom)
2019-08-30 07:37:41,128 [pool-126-thread-1] INFO  server.RaftServerConfigKeys (ConfUtils.java:logGet(43)) - raft.server.log.segment.size.max = 1048576 (custom)
2019-08-30 07:37:41,129 [pool-126-thread-1] INFO  server.RaftServerConfigKeys (ConfUtils.java:logGet(43)) - raft.server.log.preallocated.size = 16384 (custom)
2019-08-30 07:37:41,129 [pool-126-thread-1] INFO  server.RaftServerConfigKeys (ConfUtils.java:logGet(43)) - raft.server.log.write.buffer.size = 33554432 (custom)
2019-08-30 07:37:41,129 [pool-126-thread-1] INFO  server.RaftServerConfigKeys (ConfUtils.java:logGet(43)) - raft.server.log.force.sync.num = 128 (default)
2019-08-30 07:37:41,129 [pool-126-thread-1] INFO  server.RaftServerConfigKeys (ConfUtils.java:logGet(43)) - raft.server.log.statemachine.data.sync = true (default)
2019-08-30 07:37:41,129 [pool-126-thread-1] INFO  server.RaftServerConfigKeys (ConfUtils.java:logGet(43)) - raft.server.log.statemachine.data.sync.timeout = 10s (default)
2019-08-30 07:37:41,129 [pool-126-thread-1] INFO  server.RaftServerConfigKeys (ConfUtils.java:logGet(43)) - raft.server.log.statemachine.data.sync.timeout.retry = -1 (default)
2019-08-30 07:37:41,130 [pool-126-thread-1] INFO  server.RaftServerConfigKeys (ConfUtils.java:logGet(43)) - raft.server.log.statemachine.data.caching.enabled = true (custom)
2019-08-30 07:37:41,130 [pool-126-thread-1] INFO  segmented.SegmentedRaftLogWorker (SegmentedRaftLogWorker.java:lambda$new$0(132)) - 3bf132e1-02b6-4168-801a-3d7ce793c0d9-SegmentedRaftLogWorker:Storage Directory /workdir/hadoop-ozone/integration-test/target/test-dir/MiniOzoneClusterImpl-3c7659ee-c795-4d58-8fb8-a1742cb39c82/datanode-0/data/ratis/df884149-9463-4f7d-b1d2-faec5d4c872d: flushIndex: setUnconditionally 0 -> -1
2019-08-30 07:37:41,130 [pool-126-thread-1] INFO  server.RaftServerConfigKeys (ConfUtils.java:logGet(43)) - raft.server.snapshot.auto.trigger.enabled = true (custom)
2019-08-30 07:37:41,130 [pool-126-thread-1] INFO  server.RaftServerConfigKeys (ConfUtils.java:logGet(43)) - raft.server.snapshot.auto.trigger.threshold = 10000 (custom)
2019-08-30 07:37:41,131 [pool-126-thread-1] INFO  server.RaftServerConfigKeys (ConfUtils.java:logGet(43)) - raft.server.retrycache.expirytime = 600000ms (custom)
2019-08-30 07:37:41,131 [pool-126-thread-1] INFO  impl.RaftServerImpl (RaftServerImpl.java:start(180)) - 3bf132e1-02b6-4168-801a-3d7ce793c0d9: start group-FAEC5D4C872D
2019-08-30 07:37:41,131 [pool-126-thread-1] INFO  impl.RaftServerImpl (RaftServerImpl.java:setRole(171)) - 3bf132e1-02b6-4168-801a-3d7ce793c0d9:group-FAEC5D4C872D changes role from null to FOLLOWER at term 0 for startAsFollower
2019-08-30 07:37:41,131 [pool-126-thread-1] INFO  impl.RoleInfo (RoleInfo.java:updateAndGet(143)) - 3bf132e1-02b6-4168-801a-3d7ce793c0d9: start FollowerState
2019-08-30 07:37:41,132 [pool-126-thread-1] INFO  util.JmxRegister (JmxRegister.java:tryRegister(44)) - Successfully registered JMX Bean with object name Ratis:service=RaftServer,group=group-FAEC5D4C872D,id=3bf132e1-02b6-4168-801a-3d7ce793c0d9
2019-08-30 07:37:41,135 [RatisPipelineUtilsThread] INFO  pipeline.PipelineStateManager (PipelineStateManager.java:addPipeline(56)) - Created pipeline Pipeline[ Id: df884149-9463-4f7d-b1d2-faec5d4c872d, Nodes: 3bf132e1-02b6-4168-801a-3d7ce793c0d9{ip: 192.168.34.43, host: pr-hdds-1569-qmmbh-26860099, networkLocation: /default-rack, certSerialId: null}, Type:RATIS, Factor:ONE, State:OPEN]
2019-08-30 07:37:41,276 [IPC Server handler 0 on 40836] INFO  net.NetworkTopology (NetworkTopologyImpl.java:add(110)) - Added a new node: /default-rack/34c5bf21-796a-477d-8f73-056dd6ef4f82
2019-08-30 07:37:41,277 [IPC Server handler 0 on 40836] INFO  node.SCMNodeManager (SCMNodeManager.java:register(274)) - Registered Data node : 34c5bf21-796a-477d-8f73-056dd6ef4f82{ip: 192.168.34.43, host: pr-hdds-1569-qmmbh-26860099, networkLocation: /default-rack, certSerialId: null}
2019-08-30 07:37:41,277 | INFO  | SCMAudit | user=jenkins1000 | ip=192.168.34.43 | op=REGISTER {datanodeDetails=34c5bf21-796a-477d-8f73-056dd6ef4f82{ip: 192.168.34.43, host: pr-hdds-1569-qmmbh-26860099, networkLocation: /default-rack, certSerialId: null}} | ret=SUCCESS |  
2019-08-30 07:37:41,287 [grpc-default-executor-4] INFO  impl.RaftServerProxy (RaftServerProxy.java:addNew(89)) - 34c5bf21-796a-477d-8f73-056dd6ef4f82: addNew group-7FEAE2D77442:[34c5bf21-796a-477d-8f73-056dd6ef4f82:192.168.34.43:44416] returns group-7FEAE2D77442:java.util.concurrent.CompletableFuture@449c8d84[Not completed]
2019-08-30 07:37:41,289 [pool-137-thread-1] INFO  impl.RaftServerImpl (RaftServerImpl.java:<init>(93)) - 34c5bf21-796a-477d-8f73-056dd6ef4f82: new RaftServerImpl for group-7FEAE2D77442:[34c5bf21-796a-477d-8f73-056dd6ef4f82:192.168.34.43:44416] with ContainerStateMachine:uninitialized
2019-08-30 07:37:41,289 [pool-137-thread-1] INFO  server.RaftServerConfigKeys (ConfUtils.java:logGet(43)) - raft.server.rpc.timeout.min = 5s (custom)
2019-08-30 07:37:41,289 [pool-137-thread-1] INFO  server.RaftServerConfigKeys (ConfUtils.java:logGet(43)) - raft.server.rpc.timeout.max = 5200ms (custom)
2019-08-30 07:37:41,289 [pool-137-thread-1] INFO  server.RaftServerConfigKeys (ConfUtils.java:logGet(43)) - raft.server.rpcslowness.timeout = 120s (custom)
2019-08-30 07:37:41,290 [pool-137-thread-1] INFO  server.RaftServerConfigKeys (ConfUtils.java:logGet(43)) - raft.server.sleep.deviation.threshold = 300 (default)
2019-08-30 07:37:41,290 [pool-137-thread-1] INFO  server.RaftServerConfigKeys (ConfUtils.java:logGet(43)) - raft.server.log.appender.install.snapshot.enabled = false (custom)
2019-08-30 07:37:41,290 [pool-137-thread-1] INFO  impl.RaftServerImpl (ServerState.java:<init>(105)) - 34c5bf21-796a-477d-8f73-056dd6ef4f82:group-7FEAE2D77442 ConfigurationManager, init=-1: [34c5bf21-796a-477d-8f73-056dd6ef4f82:192.168.34.43:44416], old=null, confs=<EMPTY_MAP>
2019-08-30 07:37:41,290 [pool-137-thread-1] INFO  server.RaftServerConfigKeys (ConfUtils.java:logGet(43)) - raft.server.storage.dir = [/workdir/hadoop-ozone/integration-test/target/test-dir/MiniOzoneClusterImpl-3c7659ee-c795-4d58-8fb8-a1742cb39c82/datanode-1/data/ratis] (custom)
2019-08-30 07:37:41,290 [pool-137-thread-1] INFO  storage.RaftStorageDirectory (RaftStorageDirectory.java:analyzeStorage(246)) - The storage directory /workdir/hadoop-ozone/integration-test/target/test-dir/MiniOzoneClusterImpl-3c7659ee-c795-4d58-8fb8-a1742cb39c82/datanode-1/data/ratis/d9941bfd-14ce-466f-890e-7feae2d77442 does not exist. Creating ...
2019-08-30 07:37:41,303 [pool-137-thread-1] INFO  storage.RaftStorageDirectory (RaftStorageDirectory.java:tryLock(328)) - Lock on /workdir/hadoop-ozone/integration-test/target/test-dir/MiniOzoneClusterImpl-3c7659ee-c795-4d58-8fb8-a1742cb39c82/datanode-1/data/ratis/d9941bfd-14ce-466f-890e-7feae2d77442/in_use.lock acquired by nodename 24101@pr-hdds-1569-qmmbh-26860099
2019-08-30 07:37:41,316 [pool-137-thread-1] INFO  storage.RaftStorage (RaftStorage.java:format(72)) - Storage directory /workdir/hadoop-ozone/integration-test/target/test-dir/MiniOzoneClusterImpl-3c7659ee-c795-4d58-8fb8-a1742cb39c82/datanode-1/data/ratis/d9941bfd-14ce-466f-890e-7feae2d77442 has been successfully formatted.
2019-08-30 07:37:41,316 [pool-137-thread-1] INFO  ratis.ContainerStateMachine (ContainerStateMachine.java:loadSnapshot(226)) - group-7FEAE2D77442: The snapshot info is null. Setting the last applied indexto:(t:0, i:~)
2019-08-30 07:37:41,317 [pool-137-thread-1] INFO  server.RaftServerConfigKeys (ConfUtils.java:logGet(43)) - raft.server.leader.election.timeout = 120s (custom)
2019-08-30 07:37:41,317 [pool-137-thread-1] INFO  server.RaftServerConfigKeys (ConfUtils.java:logGet(43)) - raft.server.log.use.memory = false (default)
2019-08-30 07:37:41,317 [pool-137-thread-1] INFO  server.RaftServerConfigKeys (ConfUtils.java:logGet(43)) - raft.server.log.purge.gap = 1000000 (custom)
2019-08-30 07:37:41,317 [pool-137-thread-1] INFO  server.RaftServerConfigKeys (ConfUtils.java:logGet(43)) - raft.server.log.appender.buffer.byte-limit = 33554432 (custom)
2019-08-30 07:37:41,317 [pool-137-thread-1] INFO  server.RaftServerConfigKeys (ConfUtils.java:logGet(43)) - raft.server.log.segment.size.max = 1048576 (custom)
2019-08-30 07:37:41,317 [pool-137-thread-1] INFO  server.RaftServerConfigKeys (ConfUtils.java:logGet(43)) - raft.server.log.segment.cache.num.max = 2 (custom)
2019-08-30 07:37:41,317 [pool-137-thread-1] INFO  segmented.SegmentedRaftLogWorker (SegmentedRaftLogWorker.java:<init>(172)) - new 34c5bf21-796a-477d-8f73-056dd6ef4f82-SegmentedRaftLogWorker:Storage Directory /workdir/hadoop-ozone/integration-test/target/test-dir/MiniOzoneClusterImpl-3c7659ee-c795-4d58-8fb8-a1742cb39c82/datanode-1/data/ratis/d9941bfd-14ce-466f-890e-7feae2d77442 for RaftStorage:Storage Directory /workdir/hadoop-ozone/integration-test/target/test-dir/MiniOzoneClusterImpl-3c7659ee-c795-4d58-8fb8-a1742cb39c82/datanode-1/data/ratis/d9941bfd-14ce-466f-890e-7feae2d77442
2019-08-30 07:37:41,317 [pool-137-thread-1] INFO  server.RaftServerConfigKeys (ConfUtils.java:logGet(43)) - raft.server.log.queue.byte-limit = 2147483647 (custom)
2019-08-30 07:37:41,318 [pool-137-thread-1] INFO  server.RaftServerConfigKeys (ConfUtils.java:logGet(43)) - raft.server.log.queue.element-limit = 1024 (custom)
2019-08-30 07:37:41,318 [pool-137-thread-1] INFO  server.RaftServerConfigKeys (ConfUtils.java:logGet(43)) - raft.server.log.segment.size.max = 1048576 (custom)
2019-08-30 07:37:41,318 [pool-137-thread-1] INFO  server.RaftServerConfigKeys (ConfUtils.java:logGet(43)) - raft.server.log.preallocated.size = 16384 (custom)
2019-08-30 07:37:41,318 [pool-137-thread-1] INFO  server.RaftServerConfigKeys (ConfUtils.java:logGet(43)) - raft.server.log.write.buffer.size = 33554432 (custom)
2019-08-30 07:37:41,318 [pool-137-thread-1] INFO  server.RaftServerConfigKeys (ConfUtils.java:logGet(43)) - raft.server.log.force.sync.num = 128 (default)
2019-08-30 07:37:41,318 [pool-137-thread-1] INFO  server.RaftServerConfigKeys (ConfUtils.java:logGet(43)) - raft.server.log.statemachine.data.sync = true (default)
2019-08-30 07:37:41,318 [pool-137-thread-1] INFO  server.RaftServerConfigKeys (ConfUtils.java:logGet(43)) - raft.server.log.statemachine.data.sync.timeout = 10s (default)
2019-08-30 07:37:41,319 [pool-137-thread-1] INFO  server.RaftServerConfigKeys (ConfUtils.java:logGet(43)) - raft.server.log.statemachine.data.sync.timeout.retry = -1 (default)
2019-08-30 07:37:41,319 [pool-137-thread-1] INFO  server.RaftServerConfigKeys (ConfUtils.java:logGet(43)) - raft.server.log.statemachine.data.caching.enabled = true (custom)
2019-08-30 07:37:41,319 [pool-137-thread-1] INFO  segmented.SegmentedRaftLogWorker (SegmentedRaftLogWorker.java:lambda$new$0(132)) - 34c5bf21-796a-477d-8f73-056dd6ef4f82-SegmentedRaftLogWorker:Storage Directory /workdir/hadoop-ozone/integration-test/target/test-dir/MiniOzoneClusterImpl-3c7659ee-c795-4d58-8fb8-a1742cb39c82/datanode-1/data/ratis/d9941bfd-14ce-466f-890e-7feae2d77442: flushIndex: setUnconditionally 0 -> -1
2019-08-30 07:37:41,319 [pool-137-thread-1] INFO  server.RaftServerConfigKeys (ConfUtils.java:logGet(43)) - raft.server.snapshot.auto.trigger.enabled = true (custom)
2019-08-30 07:37:41,320 [pool-137-thread-1] INFO  server.RaftServerConfigKeys (ConfUtils.java:logGet(43)) - raft.server.snapshot.auto.trigger.threshold = 10000 (custom)
2019-08-30 07:37:41,320 [pool-137-thread-1] INFO  server.RaftServerConfigKeys (ConfUtils.java:logGet(43)) - raft.server.retrycache.expirytime = 600000ms (custom)
2019-08-30 07:37:41,320 [pool-137-thread-1] INFO  impl.RaftServerImpl (RaftServerImpl.java:start(180)) - 34c5bf21-796a-477d-8f73-056dd6ef4f82: start group-7FEAE2D77442
2019-08-30 07:37:41,320 [pool-137-thread-1] INFO  impl.RaftServerImpl (RaftServerImpl.java:setRole(171)) - 34c5bf21-796a-477d-8f73-056dd6ef4f82:group-7FEAE2D77442 changes role from null to FOLLOWER at term 0 for startAsFollower
2019-08-30 07:37:41,320 [pool-137-thread-1] INFO  impl.RoleInfo (RoleInfo.java:updateAndGet(143)) - 34c5bf21-796a-477d-8f73-056dd6ef4f82: start FollowerState
2019-08-30 07:37:41,320 [pool-137-thread-1] INFO  util.JmxRegister (JmxRegister.java:tryRegister(44)) - Successfully registered JMX Bean with object name Ratis:service=RaftServer,group=group-7FEAE2D77442,id=34c5bf21-796a-477d-8f73-056dd6ef4f82
2019-08-30 07:37:41,323 [RatisPipelineUtilsThread] INFO  pipeline.PipelineStateManager (PipelineStateManager.java:addPipeline(56)) - Created pipeline Pipeline[ Id: d9941bfd-14ce-466f-890e-7feae2d77442, Nodes: 34c5bf21-796a-477d-8f73-056dd6ef4f82{ip: 192.168.34.43, host: pr-hdds-1569-qmmbh-26860099, networkLocation: /default-rack, certSerialId: null}, Type:RATIS, Factor:ONE, State:OPEN]
2019-08-30 07:37:41,470 [IPC Server handler 1 on 40836] INFO  net.NetworkTopology (NetworkTopologyImpl.java:add(110)) - Added a new node: /default-rack/9e64560e-57c0-404b-a5e3-eb70c00d39cc
2019-08-30 07:37:41,471 [IPC Server handler 1 on 40836] INFO  node.SCMNodeManager (SCMNodeManager.java:register(274)) - Registered Data node : 9e64560e-57c0-404b-a5e3-eb70c00d39cc{ip: 192.168.34.43, host: pr-hdds-1569-qmmbh-26860099, networkLocation: /default-rack, certSerialId: null}
2019-08-30 07:37:41,471 | INFO  | SCMAudit | user=jenkins1000 | ip=192.168.34.43 | op=REGISTER {datanodeDetails=9e64560e-57c0-404b-a5e3-eb70c00d39cc{ip: 192.168.34.43, host: pr-hdds-1569-qmmbh-26860099, networkLocation: /default-rack, certSerialId: null}} | ret=SUCCESS |  
2019-08-30 07:37:41,482 [grpc-default-executor-4] INFO  impl.RaftServerProxy (RaftServerProxy.java:addNew(89)) - 9e64560e-57c0-404b-a5e3-eb70c00d39cc: addNew group-EDBB65612BE4:[9e64560e-57c0-404b-a5e3-eb70c00d39cc:192.168.34.43:38051] returns group-EDBB65612BE4:java.util.concurrent.CompletableFuture@3d497e59[Not completed]
2019-08-30 07:37:41,483 [pool-148-thread-1] INFO  impl.RaftServerImpl (RaftServerImpl.java:<init>(93)) - 9e64560e-57c0-404b-a5e3-eb70c00d39cc: new RaftServerImpl for group-EDBB65612BE4:[9e64560e-57c0-404b-a5e3-eb70c00d39cc:192.168.34.43:38051] with ContainerStateMachine:uninitialized
2019-08-30 07:37:41,484 [pool-148-thread-1] INFO  server.RaftServerConfigKeys (ConfUtils.java:logGet(43)) - raft.server.rpc.timeout.min = 5s (custom)
2019-08-30 07:37:41,484 [pool-148-thread-1] INFO  server.RaftServerConfigKeys (ConfUtils.java:logGet(43)) - raft.server.rpc.timeout.max = 5200ms (custom)
2019-08-30 07:37:41,484 [pool-148-thread-1] INFO  server.RaftServerConfigKeys (ConfUtils.java:logGet(43)) - raft.server.rpcslowness.timeout = 120s (custom)
2019-08-30 07:37:41,484 [pool-148-thread-1] INFO  server.RaftServerConfigKeys (ConfUtils.java:logGet(43)) - raft.server.sleep.deviation.threshold = 300 (default)
2019-08-30 07:37:41,485 [pool-148-thread-1] INFO  server.RaftServerConfigKeys (ConfUtils.java:logGet(43)) - raft.server.log.appender.install.snapshot.enabled = false (custom)
2019-08-30 07:37:41,485 [pool-148-thread-1] INFO  impl.RaftServerImpl (ServerState.java:<init>(105)) - 9e64560e-57c0-404b-a5e3-eb70c00d39cc:group-EDBB65612BE4 ConfigurationManager, init=-1: [9e64560e-57c0-404b-a5e3-eb70c00d39cc:192.168.34.43:38051], old=null, confs=<EMPTY_MAP>
2019-08-30 07:37:41,485 [pool-148-thread-1] INFO  server.RaftServerConfigKeys (ConfUtils.java:logGet(43)) - raft.server.storage.dir = [/workdir/hadoop-ozone/integration-test/target/test-dir/MiniOzoneClusterImpl-3c7659ee-c795-4d58-8fb8-a1742cb39c82/datanode-2/data/ratis] (custom)
2019-08-30 07:37:41,486 [pool-148-thread-1] INFO  storage.RaftStorageDirectory (RaftStorageDirectory.java:analyzeStorage(246)) - The storage directory /workdir/hadoop-ozone/integration-test/target/test-dir/MiniOzoneClusterImpl-3c7659ee-c795-4d58-8fb8-a1742cb39c82/datanode-2/data/ratis/9b93f841-8335-443c-9bd6-edbb65612be4 does not exist. Creating ...
2019-08-30 07:37:41,499 [pool-148-thread-1] INFO  storage.RaftStorageDirectory (RaftStorageDirectory.java:tryLock(328)) - Lock on /workdir/hadoop-ozone/integration-test/target/test-dir/MiniOzoneClusterImpl-3c7659ee-c795-4d58-8fb8-a1742cb39c82/datanode-2/data/ratis/9b93f841-8335-443c-9bd6-edbb65612be4/in_use.lock acquired by nodename 24101@pr-hdds-1569-qmmbh-26860099
2019-08-30 07:37:41,522 [pool-148-thread-1] INFO  storage.RaftStorage (RaftStorage.java:format(72)) - Storage directory /workdir/hadoop-ozone/integration-test/target/test-dir/MiniOzoneClusterImpl-3c7659ee-c795-4d58-8fb8-a1742cb39c82/datanode-2/data/ratis/9b93f841-8335-443c-9bd6-edbb65612be4 has been successfully formatted.
2019-08-30 07:37:41,522 [pool-148-thread-1] INFO  ratis.ContainerStateMachine (ContainerStateMachine.java:loadSnapshot(226)) - group-EDBB65612BE4: The snapshot info is null. Setting the last applied indexto:(t:0, i:~)
2019-08-30 07:37:41,523 [pool-148-thread-1] INFO  server.RaftServerConfigKeys (ConfUtils.java:logGet(43)) - raft.server.leader.election.timeout = 120s (custom)
2019-08-30 07:37:41,523 [pool-148-thread-1] INFO  server.RaftServerConfigKeys (ConfUtils.java:logGet(43)) - raft.server.log.use.memory = false (default)
2019-08-30 07:37:41,523 [pool-148-thread-1] INFO  server.RaftServerConfigKeys (ConfUtils.java:logGet(43)) - raft.server.log.purge.gap = 1000000 (custom)
2019-08-30 07:37:41,523 [pool-148-thread-1] INFO  server.RaftServerConfigKeys (ConfUtils.java:logGet(43)) - raft.server.log.appender.buffer.byte-limit = 33554432 (custom)
2019-08-30 07:37:41,523 [pool-148-thread-1] INFO  server.RaftServerConfigKeys (ConfUtils.java:logGet(43)) - raft.server.log.segment.size.max = 1048576 (custom)
2019-08-30 07:37:41,524 [pool-148-thread-1] INFO  server.RaftServerConfigKeys (ConfUtils.java:logGet(43)) - raft.server.log.segment.cache.num.max = 2 (custom)
2019-08-30 07:37:41,524 [pool-148-thread-1] INFO  segmented.SegmentedRaftLogWorker (SegmentedRaftLogWorker.java:<init>(172)) - new 9e64560e-57c0-404b-a5e3-eb70c00d39cc-SegmentedRaftLogWorker:Storage Directory /workdir/hadoop-ozone/integration-test/target/test-dir/MiniOzoneClusterImpl-3c7659ee-c795-4d58-8fb8-a1742cb39c82/datanode-2/data/ratis/9b93f841-8335-443c-9bd6-edbb65612be4 for RaftStorage:Storage Directory /workdir/hadoop-ozone/integration-test/target/test-dir/MiniOzoneClusterImpl-3c7659ee-c795-4d58-8fb8-a1742cb39c82/datanode-2/data/ratis/9b93f841-8335-443c-9bd6-edbb65612be4
2019-08-30 07:37:41,524 [pool-148-thread-1] INFO  server.RaftServerConfigKeys (ConfUtils.java:logGet(43)) - raft.server.log.queue.byte-limit = 2147483647 (custom)
2019-08-30 07:37:41,524 [pool-148-thread-1] INFO  server.RaftServerConfigKeys (ConfUtils.java:logGet(43)) - raft.server.log.queue.element-limit = 1024 (custom)
2019-08-30 07:37:41,525 [pool-148-thread-1] INFO  server.RaftServerConfigKeys (ConfUtils.java:logGet(43)) - raft.server.log.segment.size.max = 1048576 (custom)
2019-08-30 07:37:41,525 [pool-148-thread-1] INFO  server.RaftServerConfigKeys (ConfUtils.java:logGet(43)) - raft.server.log.preallocated.size = 16384 (custom)
2019-08-30 07:37:41,525 [pool-148-thread-1] INFO  server.RaftServerConfigKeys (ConfUtils.java:logGet(43)) - raft.server.log.write.buffer.size = 33554432 (custom)
2019-08-30 07:37:41,525 [pool-148-thread-1] INFO  server.RaftServerConfigKeys (ConfUtils.java:logGet(43)) - raft.server.log.force.sync.num = 128 (default)
2019-08-30 07:37:41,525 [pool-148-thread-1] INFO  server.RaftServerConfigKeys (ConfUtils.java:logGet(43)) - raft.server.log.statemachine.data.sync = true (default)
2019-08-30 07:37:41,526 [pool-148-thread-1] INFO  server.RaftServerConfigKeys (ConfUtils.java:logGet(43)) - raft.server.log.statemachine.data.sync.timeout = 10s (default)
2019-08-30 07:37:41,526 [pool-148-thread-1] INFO  server.RaftServerConfigKeys (ConfUtils.java:logGet(43)) - raft.server.log.statemachine.data.sync.timeout.retry = -1 (default)
2019-08-30 07:37:41,526 [pool-148-thread-1] INFO  server.RaftServerConfigKeys (ConfUtils.java:logGet(43)) - raft.server.log.statemachine.data.caching.enabled = true (custom)
2019-08-30 07:37:41,526 [pool-148-thread-1] INFO  segmented.SegmentedRaftLogWorker (SegmentedRaftLogWorker.java:lambda$new$0(132)) - 9e64560e-57c0-404b-a5e3-eb70c00d39cc-SegmentedRaftLogWorker:Storage Directory /workdir/hadoop-ozone/integration-test/target/test-dir/MiniOzoneClusterImpl-3c7659ee-c795-4d58-8fb8-a1742cb39c82/datanode-2/data/ratis/9b93f841-8335-443c-9bd6-edbb65612be4: flushIndex: setUnconditionally 0 -> -1
2019-08-30 07:37:41,527 [pool-148-thread-1] INFO  server.RaftServerConfigKeys (ConfUtils.java:logGet(43)) - raft.server.snapshot.auto.trigger.enabled = true (custom)
2019-08-30 07:37:41,527 [pool-148-thread-1] INFO  server.RaftServerConfigKeys (ConfUtils.java:logGet(43)) - raft.server.snapshot.auto.trigger.threshold = 10000 (custom)
2019-08-30 07:37:41,527 [pool-148-thread-1] INFO  server.RaftServerConfigKeys (ConfUtils.java:logGet(43)) - raft.server.retrycache.expirytime = 600000ms (custom)
2019-08-30 07:37:41,528 [pool-148-thread-1] INFO  impl.RaftServerImpl (RaftServerImpl.java:start(180)) - 9e64560e-57c0-404b-a5e3-eb70c00d39cc: start group-EDBB65612BE4
2019-08-30 07:37:41,528 [pool-148-thread-1] INFO  impl.RaftServerImpl (RaftServerImpl.java:setRole(171)) - 9e64560e-57c0-404b-a5e3-eb70c00d39cc:group-EDBB65612BE4 changes role from null to FOLLOWER at term 0 for startAsFollower
2019-08-30 07:37:41,528 [pool-148-thread-1] INFO  impl.RoleInfo (RoleInfo.java:updateAndGet(143)) - 9e64560e-57c0-404b-a5e3-eb70c00d39cc: start FollowerState
2019-08-30 07:37:41,528 [pool-148-thread-1] INFO  util.JmxRegister (JmxRegister.java:tryRegister(44)) - Successfully registered JMX Bean with object name Ratis:service=RaftServer,group=group-EDBB65612BE4,id=9e64560e-57c0-404b-a5e3-eb70c00d39cc
2019-08-30 07:37:41,531 [RatisPipelineUtilsThread] INFO  pipeline.PipelineStateManager (PipelineStateManager.java:addPipeline(56)) - Created pipeline Pipeline[ Id: 9b93f841-8335-443c-9bd6-edbb65612be4, Nodes: 9e64560e-57c0-404b-a5e3-eb70c00d39cc{ip: 192.168.34.43, host: pr-hdds-1569-qmmbh-26860099, networkLocation: /default-rack, certSerialId: null}, Type:RATIS, Factor:ONE, State:OPEN]
2019-08-30 07:37:41,549 [grpc-default-executor-4] INFO  impl.RaftServerProxy (RaftServerProxy.java:addNew(89)) - 3bf132e1-02b6-4168-801a-3d7ce793c0d9: addNew group-EB88B9DA382F:[34c5bf21-796a-477d-8f73-056dd6ef4f82:192.168.34.43:44416, 3bf132e1-02b6-4168-801a-3d7ce793c0d9:192.168.34.43:42016, 9e64560e-57c0-404b-a5e3-eb70c00d39cc:192.168.34.43:38051] returns group-EB88B9DA382F:java.util.concurrent.CompletableFuture@244adb6e[Not completed]
2019-08-30 07:37:41,549 [grpc-default-executor-1] INFO  impl.RaftServerProxy (RaftServerProxy.java:addNew(89)) - 9e64560e-57c0-404b-a5e3-eb70c00d39cc: addNew group-EB88B9DA382F:[34c5bf21-796a-477d-8f73-056dd6ef4f82:192.168.34.43:44416, 3bf132e1-02b6-4168-801a-3d7ce793c0d9:192.168.34.43:42016, 9e64560e-57c0-404b-a5e3-eb70c00d39cc:192.168.34.43:38051] returns group-EB88B9DA382F:java.util.concurrent.CompletableFuture@13724f48[Not completed]
2019-08-30 07:37:41,549 [grpc-default-executor-3] INFO  impl.RaftServerProxy (RaftServerProxy.java:addNew(89)) - 34c5bf21-796a-477d-8f73-056dd6ef4f82: addNew group-EB88B9DA382F:[34c5bf21-796a-477d-8f73-056dd6ef4f82:192.168.34.43:44416, 3bf132e1-02b6-4168-801a-3d7ce793c0d9:192.168.34.43:42016, 9e64560e-57c0-404b-a5e3-eb70c00d39cc:192.168.34.43:38051] returns group-EB88B9DA382F:java.util.concurrent.CompletableFuture@17640dd[Not completed]
2019-08-30 07:37:41,551 [pool-137-thread-1] INFO  impl.RaftServerImpl (RaftServerImpl.java:<init>(93)) - 34c5bf21-796a-477d-8f73-056dd6ef4f82: new RaftServerImpl for group-EB88B9DA382F:[34c5bf21-796a-477d-8f73-056dd6ef4f82:192.168.34.43:44416, 3bf132e1-02b6-4168-801a-3d7ce793c0d9:192.168.34.43:42016, 9e64560e-57c0-404b-a5e3-eb70c00d39cc:192.168.34.43:38051] with ContainerStateMachine:uninitialized
2019-08-30 07:37:41,551 [pool-137-thread-1] INFO  server.RaftServerConfigKeys (ConfUtils.java:logGet(43)) - raft.server.rpc.timeout.min = 5s (custom)
2019-08-30 07:37:41,551 [pool-137-thread-1] INFO  server.RaftServerConfigKeys (ConfUtils.java:logGet(43)) - raft.server.rpc.timeout.max = 5200ms (custom)
2019-08-30 07:37:41,551 [pool-137-thread-1] INFO  server.RaftServerConfigKeys (ConfUtils.java:logGet(43)) - raft.server.rpcslowness.timeout = 120s (custom)
2019-08-30 07:37:41,551 [pool-137-thread-1] INFO  server.RaftServerConfigKeys (ConfUtils.java:logGet(43)) - raft.server.sleep.deviation.threshold = 300 (default)
2019-08-30 07:37:41,551 [pool-137-thread-1] INFO  server.RaftServerConfigKeys (ConfUtils.java:logGet(43)) - raft.server.log.appender.install.snapshot.enabled = false (custom)
2019-08-30 07:37:41,551 [pool-126-thread-1] INFO  impl.RaftServerImpl (RaftServerImpl.java:<init>(93)) - 3bf132e1-02b6-4168-801a-3d7ce793c0d9: new RaftServerImpl for group-EB88B9DA382F:[34c5bf21-796a-477d-8f73-056dd6ef4f82:192.168.34.43:44416, 3bf132e1-02b6-4168-801a-3d7ce793c0d9:192.168.34.43:42016, 9e64560e-57c0-404b-a5e3-eb70c00d39cc:192.168.34.43:38051] with ContainerStateMachine:uninitialized
2019-08-30 07:37:41,552 [pool-137-thread-1] INFO  impl.RaftServerImpl (ServerState.java:<init>(105)) - 34c5bf21-796a-477d-8f73-056dd6ef4f82:group-EB88B9DA382F ConfigurationManager, init=-1: [34c5bf21-796a-477d-8f73-056dd6ef4f82:192.168.34.43:44416, 3bf132e1-02b6-4168-801a-3d7ce793c0d9:192.168.34.43:42016, 9e64560e-57c0-404b-a5e3-eb70c00d39cc:192.168.34.43:38051], old=null, confs=<EMPTY_MAP>
2019-08-30 07:37:41,552 [pool-126-thread-1] INFO  server.RaftServerConfigKeys (ConfUtils.java:logGet(43)) - raft.server.rpc.timeout.min = 5s (custom)
2019-08-30 07:37:41,552 [pool-137-thread-1] INFO  server.RaftServerConfigKeys (ConfUtils.java:logGet(43)) - raft.server.storage.dir = [/workdir/hadoop-ozone/integration-test/target/test-dir/MiniOzoneClusterImpl-3c7659ee-c795-4d58-8fb8-a1742cb39c82/datanode-1/data/ratis] (custom)
2019-08-30 07:37:41,552 [pool-126-thread-1] INFO  server.RaftServerConfigKeys (ConfUtils.java:logGet(43)) - raft.server.rpc.timeout.max = 5200ms (custom)
2019-08-30 07:37:41,552 [pool-126-thread-1] INFO  server.RaftServerConfigKeys (ConfUtils.java:logGet(43)) - raft.server.rpcslowness.timeout = 120s (custom)
2019-08-30 07:37:41,552 [pool-148-thread-1] INFO  impl.RaftServerImpl (RaftServerImpl.java:<init>(93)) - 9e64560e-57c0-404b-a5e3-eb70c00d39cc: new RaftServerImpl for group-EB88B9DA382F:[34c5bf21-796a-477d-8f73-056dd6ef4f82:192.168.34.43:44416, 3bf132e1-02b6-4168-801a-3d7ce793c0d9:192.168.34.43:42016, 9e64560e-57c0-404b-a5e3-eb70c00d39cc:192.168.34.43:38051] with ContainerStateMachine:uninitialized
2019-08-30 07:37:41,552 [pool-137-thread-1] INFO  storage.RaftStorageDirectory (RaftStorageDirectory.java:analyzeStorage(246)) - The storage directory /workdir/hadoop-ozone/integration-test/target/test-dir/MiniOzoneClusterImpl-3c7659ee-c795-4d58-8fb8-a1742cb39c82/datanode-1/data/ratis/e25e788c-f308-4029-b5c8-eb88b9da382f does not exist. Creating ...
2019-08-30 07:37:41,553 [pool-148-thread-1] INFO  server.RaftServerConfigKeys (ConfUtils.java:logGet(43)) - raft.server.rpc.timeout.min = 5s (custom)
2019-08-30 07:37:41,553 [pool-126-thread-1] INFO  server.RaftServerConfigKeys (ConfUtils.java:logGet(43)) - raft.server.sleep.deviation.threshold = 300 (default)
2019-08-30 07:37:41,553 [pool-148-thread-1] INFO  server.RaftServerConfigKeys (ConfUtils.java:logGet(43)) - raft.server.rpc.timeout.max = 5200ms (custom)
2019-08-30 07:37:41,553 [pool-126-thread-1] INFO  server.RaftServerConfigKeys (ConfUtils.java:logGet(43)) - raft.server.log.appender.install.snapshot.enabled = false (custom)
2019-08-30 07:37:41,553 [pool-148-thread-1] INFO  server.RaftServerConfigKeys (ConfUtils.java:logGet(43)) - raft.server.rpcslowness.timeout = 120s (custom)
2019-08-30 07:37:41,553 [pool-126-thread-1] INFO  impl.RaftServerImpl (ServerState.java:<init>(105)) - 3bf132e1-02b6-4168-801a-3d7ce793c0d9:group-EB88B9DA382F ConfigurationManager, init=-1: [34c5bf21-796a-477d-8f73-056dd6ef4f82:192.168.34.43:44416, 3bf132e1-02b6-4168-801a-3d7ce793c0d9:192.168.34.43:42016, 9e64560e-57c0-404b-a5e3-eb70c00d39cc:192.168.34.43:38051], old=null, confs=<EMPTY_MAP>
2019-08-30 07:37:41,553 [pool-148-thread-1] INFO  server.RaftServerConfigKeys (ConfUtils.java:logGet(43)) - raft.server.sleep.deviation.threshold = 300 (default)
2019-08-30 07:37:41,554 [pool-126-thread-1] INFO  server.RaftServerConfigKeys (ConfUtils.java:logGet(43)) - raft.server.storage.dir = [/workdir/hadoop-ozone/integration-test/target/test-dir/MiniOzoneClusterImpl-3c7659ee-c795-4d58-8fb8-a1742cb39c82/datanode-0/data/ratis] (custom)
2019-08-30 07:37:41,554 [pool-148-thread-1] INFO  server.RaftServerConfigKeys (ConfUtils.java:logGet(43)) - raft.server.log.appender.install.snapshot.enabled = false (custom)
2019-08-30 07:37:41,554 [pool-148-thread-1] INFO  impl.RaftServerImpl (ServerState.java:<init>(105)) - 9e64560e-57c0-404b-a5e3-eb70c00d39cc:group-EB88B9DA382F ConfigurationManager, init=-1: [34c5bf21-796a-477d-8f73-056dd6ef4f82:192.168.34.43:44416, 3bf132e1-02b6-4168-801a-3d7ce793c0d9:192.168.34.43:42016, 9e64560e-57c0-404b-a5e3-eb70c00d39cc:192.168.34.43:38051], old=null, confs=<EMPTY_MAP>
2019-08-30 07:37:41,554 [pool-126-thread-1] INFO  storage.RaftStorageDirectory (RaftStorageDirectory.java:analyzeStorage(246)) - The storage directory /workdir/hadoop-ozone/integration-test/target/test-dir/MiniOzoneClusterImpl-3c7659ee-c795-4d58-8fb8-a1742cb39c82/datanode-0/data/ratis/e25e788c-f308-4029-b5c8-eb88b9da382f does not exist. Creating ...
2019-08-30 07:37:41,554 [pool-148-thread-1] INFO  server.RaftServerConfigKeys (ConfUtils.java:logGet(43)) - raft.server.storage.dir = [/workdir/hadoop-ozone/integration-test/target/test-dir/MiniOzoneClusterImpl-3c7659ee-c795-4d58-8fb8-a1742cb39c82/datanode-2/data/ratis] (custom)
2019-08-30 07:37:41,555 [pool-148-thread-1] INFO  storage.RaftStorageDirectory (RaftStorageDirectory.java:analyzeStorage(246)) - The storage directory /workdir/hadoop-ozone/integration-test/target/test-dir/MiniOzoneClusterImpl-3c7659ee-c795-4d58-8fb8-a1742cb39c82/datanode-2/data/ratis/e25e788c-f308-4029-b5c8-eb88b9da382f does not exist. Creating ...
2019-08-30 07:37:41,566 [pool-137-thread-1] INFO  storage.RaftStorageDirectory (RaftStorageDirectory.java:tryLock(328)) - Lock on /workdir/hadoop-ozone/integration-test/target/test-dir/MiniOzoneClusterImpl-3c7659ee-c795-4d58-8fb8-a1742cb39c82/datanode-1/data/ratis/e25e788c-f308-4029-b5c8-eb88b9da382f/in_use.lock acquired by nodename 24101@pr-hdds-1569-qmmbh-26860099
2019-08-30 07:37:41,567 [pool-148-thread-1] INFO  storage.RaftStorageDirectory (RaftStorageDirectory.java:tryLock(328)) - Lock on /workdir/hadoop-ozone/integration-test/target/test-dir/MiniOzoneClusterImpl-3c7659ee-c795-4d58-8fb8-a1742cb39c82/datanode-2/data/ratis/e25e788c-f308-4029-b5c8-eb88b9da382f/in_use.lock acquired by nodename 24101@pr-hdds-1569-qmmbh-26860099
2019-08-30 07:37:41,567 [pool-126-thread-1] INFO  storage.RaftStorageDirectory (RaftStorageDirectory.java:tryLock(328)) - Lock on /workdir/hadoop-ozone/integration-test/target/test-dir/MiniOzoneClusterImpl-3c7659ee-c795-4d58-8fb8-a1742cb39c82/datanode-0/data/ratis/e25e788c-f308-4029-b5c8-eb88b9da382f/in_use.lock acquired by nodename 24101@pr-hdds-1569-qmmbh-26860099
2019-08-30 07:37:41,580 [pool-137-thread-1] INFO  storage.RaftStorage (RaftStorage.java:format(72)) - Storage directory /workdir/hadoop-ozone/integration-test/target/test-dir/MiniOzoneClusterImpl-3c7659ee-c795-4d58-8fb8-a1742cb39c82/datanode-1/data/ratis/e25e788c-f308-4029-b5c8-eb88b9da382f has been successfully formatted.
2019-08-30 07:37:41,580 [pool-126-thread-1] INFO  storage.RaftStorage (RaftStorage.java:format(72)) - Storage directory /workdir/hadoop-ozone/integration-test/target/test-dir/MiniOzoneClusterImpl-3c7659ee-c795-4d58-8fb8-a1742cb39c82/datanode-0/data/ratis/e25e788c-f308-4029-b5c8-eb88b9da382f has been successfully formatted.
2019-08-30 07:37:41,580 [pool-148-thread-1] INFO  storage.RaftStorage (RaftStorage.java:format(72)) - Storage directory /workdir/hadoop-ozone/integration-test/target/test-dir/MiniOzoneClusterImpl-3c7659ee-c795-4d58-8fb8-a1742cb39c82/datanode-2/data/ratis/e25e788c-f308-4029-b5c8-eb88b9da382f has been successfully formatted.
2019-08-30 07:37:41,580 [pool-137-thread-1] INFO  ratis.ContainerStateMachine (ContainerStateMachine.java:loadSnapshot(226)) - group-EB88B9DA382F: The snapshot info is null. Setting the last applied indexto:(t:0, i:~)
2019-08-30 07:37:41,581 [pool-148-thread-1] INFO  ratis.ContainerStateMachine (ContainerStateMachine.java:loadSnapshot(226)) - group-EB88B9DA382F: The snapshot info is null. Setting the last applied indexto:(t:0, i:~)
2019-08-30 07:37:41,580 [pool-126-thread-1] INFO  ratis.ContainerStateMachine (ContainerStateMachine.java:loadSnapshot(226)) - group-EB88B9DA382F: The snapshot info is null. Setting the last applied indexto:(t:0, i:~)
2019-08-30 07:37:41,581 [pool-148-thread-1] INFO  server.RaftServerConfigKeys (ConfUtils.java:logGet(43)) - raft.server.leader.election.timeout = 120s (custom)
2019-08-30 07:37:41,581 [pool-137-thread-1] INFO  server.RaftServerConfigKeys (ConfUtils.java:logGet(43)) - raft.server.leader.election.timeout = 120s (custom)
2019-08-30 07:37:41,581 [pool-148-thread-1] INFO  server.RaftServerConfigKeys (ConfUtils.java:logGet(43)) - raft.server.log.use.memory = false (default)
2019-08-30 07:37:41,581 [pool-126-thread-1] INFO  server.RaftServerConfigKeys (ConfUtils.java:logGet(43)) - raft.server.leader.election.timeout = 120s (custom)
2019-08-30 07:37:41,581 [pool-148-thread-1] INFO  server.RaftServerConfigKeys (ConfUtils.java:logGet(43)) - raft.server.log.purge.gap = 1000000 (custom)
2019-08-30 07:37:41,581 [pool-137-thread-1] INFO  server.RaftServerConfigKeys (ConfUtils.java:logGet(43)) - raft.server.log.use.memory = false (default)
2019-08-30 07:37:41,582 [pool-148-thread-1] INFO  server.RaftServerConfigKeys (ConfUtils.java:logGet(43)) - raft.server.log.appender.buffer.byte-limit = 33554432 (custom)
2019-08-30 07:37:41,581 [pool-126-thread-1] INFO  server.RaftServerConfigKeys (ConfUtils.java:logGet(43)) - raft.server.log.use.memory = false (default)
2019-08-30 07:37:41,582 [pool-148-thread-1] INFO  server.RaftServerConfigKeys (ConfUtils.java:logGet(43)) - raft.server.log.segment.size.max = 1048576 (custom)
2019-08-30 07:37:41,582 [pool-137-thread-1] INFO  server.RaftServerConfigKeys (ConfUtils.java:logGet(43)) - raft.server.log.purge.gap = 1000000 (custom)
2019-08-30 07:37:41,582 [pool-148-thread-1] INFO  server.RaftServerConfigKeys (ConfUtils.java:logGet(43)) - raft.server.log.segment.cache.num.max = 2 (custom)
2019-08-30 07:37:41,582 [pool-126-thread-1] INFO  server.RaftServerConfigKeys (ConfUtils.java:logGet(43)) - raft.server.log.purge.gap = 1000000 (custom)
2019-08-30 07:37:41,582 [pool-148-thread-1] INFO  segmented.SegmentedRaftLogWorker (SegmentedRaftLogWorker.java:<init>(172)) - new 9e64560e-57c0-404b-a5e3-eb70c00d39cc-SegmentedRaftLogWorker:Storage Directory /workdir/hadoop-ozone/integration-test/target/test-dir/MiniOzoneClusterImpl-3c7659ee-c795-4d58-8fb8-a1742cb39c82/datanode-2/data/ratis/e25e788c-f308-4029-b5c8-eb88b9da382f for RaftStorage:Storage Directory /workdir/hadoop-ozone/integration-test/target/test-dir/MiniOzoneClusterImpl-3c7659ee-c795-4d58-8fb8-a1742cb39c82/datanode-2/data/ratis/e25e788c-f308-4029-b5c8-eb88b9da382f
2019-08-30 07:37:41,582 [pool-137-thread-1] INFO  server.RaftServerConfigKeys (ConfUtils.java:logGet(43)) - raft.server.log.appender.buffer.byte-limit = 33554432 (custom)
2019-08-30 07:37:41,583 [pool-148-thread-1] INFO  server.RaftServerConfigKeys (ConfUtils.java:logGet(43)) - raft.server.log.queue.byte-limit = 2147483647 (custom)
2019-08-30 07:37:41,582 [pool-126-thread-1] INFO  server.RaftServerConfigKeys (ConfUtils.java:logGet(43)) - raft.server.log.appender.buffer.byte-limit = 33554432 (custom)
2019-08-30 07:37:41,583 [pool-148-thread-1] INFO  server.RaftServerConfigKeys (ConfUtils.java:logGet(43)) - raft.server.log.queue.element-limit = 1024 (custom)
2019-08-30 07:37:41,583 [pool-137-thread-1] INFO  server.RaftServerConfigKeys (ConfUtils.java:logGet(43)) - raft.server.log.segment.size.max = 1048576 (custom)
2019-08-30 07:37:41,583 [pool-148-thread-1] INFO  server.RaftServerConfigKeys (ConfUtils.java:logGet(43)) - raft.server.log.segment.size.max = 1048576 (custom)
2019-08-30 07:37:41,583 [pool-126-thread-1] INFO  server.RaftServerConfigKeys (ConfUtils.java:logGet(43)) - raft.server.log.segment.size.max = 1048576 (custom)
2019-08-30 07:37:41,583 [pool-148-thread-1] INFO  server.RaftServerConfigKeys (ConfUtils.java:logGet(43)) - raft.server.log.preallocated.size = 16384 (custom)
2019-08-30 07:37:41,583 [pool-137-thread-1] INFO  server.RaftServerConfigKeys (ConfUtils.java:logGet(43)) - raft.server.log.segment.cache.num.max = 2 (custom)
2019-08-30 07:37:41,584 [pool-148-thread-1] INFO  server.RaftServerConfigKeys (ConfUtils.java:logGet(43)) - raft.server.log.write.buffer.size = 33554432 (custom)
2019-08-30 07:37:41,584 [pool-126-thread-1] INFO  server.RaftServerConfigKeys (ConfUtils.java:logGet(43)) - raft.server.log.segment.cache.num.max = 2 (custom)
2019-08-30 07:37:41,584 [pool-148-thread-1] INFO  server.RaftServerConfigKeys (ConfUtils.java:logGet(43)) - raft.server.log.force.sync.num = 128 (default)
2019-08-30 07:37:41,584 [pool-137-thread-1] INFO  segmented.SegmentedRaftLogWorker (SegmentedRaftLogWorker.java:<init>(172)) - new 34c5bf21-796a-477d-8f73-056dd6ef4f82-SegmentedRaftLogWorker:Storage Directory /workdir/hadoop-ozone/integration-test/target/test-dir/MiniOzoneClusterImpl-3c7659ee-c795-4d58-8fb8-a1742cb39c82/datanode-1/data/ratis/e25e788c-f308-4029-b5c8-eb88b9da382f for RaftStorage:Storage Directory /workdir/hadoop-ozone/integration-test/target/test-dir/MiniOzoneClusterImpl-3c7659ee-c795-4d58-8fb8-a1742cb39c82/datanode-1/data/ratis/e25e788c-f308-4029-b5c8-eb88b9da382f
2019-08-30 07:37:41,584 [pool-148-thread-1] INFO  server.RaftServerConfigKeys (ConfUtils.java:logGet(43)) - raft.server.log.statemachine.data.sync = true (default)
2019-08-30 07:37:41,584 [pool-126-thread-1] INFO  segmented.SegmentedRaftLogWorker (SegmentedRaftLogWorker.java:<init>(172)) - new 3bf132e1-02b6-4168-801a-3d7ce793c0d9-SegmentedRaftLogWorker:Storage Directory /workdir/hadoop-ozone/integration-test/target/test-dir/MiniOzoneClusterImpl-3c7659ee-c795-4d58-8fb8-a1742cb39c82/datanode-0/data/ratis/e25e788c-f308-4029-b5c8-eb88b9da382f for RaftStorage:Storage Directory /workdir/hadoop-ozone/integration-test/target/test-dir/MiniOzoneClusterImpl-3c7659ee-c795-4d58-8fb8-a1742cb39c82/datanode-0/data/ratis/e25e788c-f308-4029-b5c8-eb88b9da382f
2019-08-30 07:37:41,585 [pool-148-thread-1] INFO  server.RaftServerConfigKeys (ConfUtils.java:logGet(43)) - raft.server.log.statemachine.data.sync.timeout = 10s (default)
2019-08-30 07:37:41,584 [pool-137-thread-1] INFO  server.RaftServerConfigKeys (ConfUtils.java:logGet(43)) - raft.server.log.queue.byte-limit = 2147483647 (custom)
2019-08-30 07:37:41,585 [pool-148-thread-1] INFO  server.RaftServerConfigKeys (ConfUtils.java:logGet(43)) - raft.server.log.statemachine.data.sync.timeout.retry = -1 (default)
2019-08-30 07:37:41,585 [pool-126-thread-1] INFO  server.RaftServerConfigKeys (ConfUtils.java:logGet(43)) - raft.server.log.queue.byte-limit = 2147483647 (custom)
2019-08-30 07:37:41,585 [pool-148-thread-1] INFO  server.RaftServerConfigKeys (ConfUtils.java:logGet(43)) - raft.server.log.statemachine.data.caching.enabled = true (custom)
2019-08-30 07:37:41,585 [pool-137-thread-1] INFO  server.RaftServerConfigKeys (ConfUtils.java:logGet(43)) - raft.server.log.queue.element-limit = 1024 (custom)
2019-08-30 07:37:41,585 [pool-126-thread-1] INFO  server.RaftServerConfigKeys (ConfUtils.java:logGet(43)) - raft.server.log.queue.element-limit = 1024 (custom)
2019-08-30 07:37:41,586 [pool-148-thread-1] INFO  segmented.SegmentedRaftLogWorker (SegmentedRaftLogWorker.java:lambda$new$0(132)) - 9e64560e-57c0-404b-a5e3-eb70c00d39cc-SegmentedRaftLogWorker:Storage Directory /workdir/hadoop-ozone/integration-test/target/test-dir/MiniOzoneClusterImpl-3c7659ee-c795-4d58-8fb8-a1742cb39c82/datanode-2/data/ratis/e25e788c-f308-4029-b5c8-eb88b9da382f: flushIndex: setUnconditionally 0 -> -1
2019-08-30 07:37:41,585 [pool-137-thread-1] INFO  server.RaftServerConfigKeys (ConfUtils.java:logGet(43)) - raft.server.log.segment.size.max = 1048576 (custom)
2019-08-30 07:37:41,586 [pool-126-thread-1] INFO  server.RaftServerConfigKeys (ConfUtils.java:logGet(43)) - raft.server.log.segment.size.max = 1048576 (custom)
2019-08-30 07:37:41,586 [pool-148-thread-1] INFO  server.RaftServerConfigKeys (ConfUtils.java:logGet(43)) - raft.server.snapshot.auto.trigger.enabled = true (custom)
2019-08-30 07:37:41,586 [pool-137-thread-1] INFO  server.RaftServerConfigKeys (ConfUtils.java:logGet(43)) - raft.server.log.preallocated.size = 16384 (custom)
2019-08-30 07:37:41,586 [pool-148-thread-1] INFO  server.RaftServerConfigKeys (ConfUtils.java:logGet(43)) - raft.server.snapshot.auto.trigger.threshold = 10000 (custom)
2019-08-30 07:37:41,586 [pool-126-thread-1] INFO  server.RaftServerConfigKeys (ConfUtils.java:logGet(43)) - raft.server.log.preallocated.size = 16384 (custom)
2019-08-30 07:37:41,586 [pool-148-thread-1] INFO  server.RaftServerConfigKeys (ConfUtils.java:logGet(43)) - raft.server.retrycache.expirytime = 600000ms (custom)
2019-08-30 07:37:41,586 [pool-137-thread-1] INFO  server.RaftServerConfigKeys (ConfUtils.java:logGet(43)) - raft.server.log.write.buffer.size = 33554432 (custom)
2019-08-30 07:37:41,587 [pool-148-thread-1] INFO  impl.RaftServerImpl (RaftServerImpl.java:start(180)) - 9e64560e-57c0-404b-a5e3-eb70c00d39cc: start group-EB88B9DA382F
2019-08-30 07:37:41,587 [pool-148-thread-1] INFO  impl.RaftServerImpl (RaftServerImpl.java:setRole(171)) - 9e64560e-57c0-404b-a5e3-eb70c00d39cc:group-EB88B9DA382F changes role from null to FOLLOWER at term 0 for startAsFollower
2019-08-30 07:37:41,587 [pool-126-thread-1] INFO  server.RaftServerConfigKeys (ConfUtils.java:logGet(43)) - raft.server.log.write.buffer.size = 33554432 (custom)
2019-08-30 07:37:41,587 [pool-148-thread-1] INFO  impl.RoleInfo (RoleInfo.java:updateAndGet(143)) - 9e64560e-57c0-404b-a5e3-eb70c00d39cc: start FollowerState
2019-08-30 07:37:41,587 [pool-137-thread-1] INFO  server.RaftServerConfigKeys (ConfUtils.java:logGet(43)) - raft.server.log.force.sync.num = 128 (default)
2019-08-30 07:37:41,587 [pool-126-thread-1] INFO  server.RaftServerConfigKeys (ConfUtils.java:logGet(43)) - raft.server.log.force.sync.num = 128 (default)
2019-08-30 07:37:41,587 [pool-137-thread-1] INFO  server.RaftServerConfigKeys (ConfUtils.java:logGet(43)) - raft.server.log.statemachine.data.sync = true (default)
2019-08-30 07:37:41,597 [pool-126-thread-1] INFO  server.RaftServerConfigKeys (ConfUtils.java:logGet(43)) - raft.server.log.statemachine.data.sync = true (default)
2019-08-30 07:37:41,597 [pool-148-thread-1] INFO  util.JmxRegister (JmxRegister.java:tryRegister(44)) - Successfully registered JMX Bean with object name Ratis:service=RaftServer,group=group-EB88B9DA382F,id=9e64560e-57c0-404b-a5e3-eb70c00d39cc
2019-08-30 07:37:41,598 [pool-126-thread-1] INFO  server.RaftServerConfigKeys (ConfUtils.java:logGet(43)) - raft.server.log.statemachine.data.sync.timeout = 10s (default)
2019-08-30 07:37:41,598 [pool-137-thread-1] INFO  server.RaftServerConfigKeys (ConfUtils.java:logGet(43)) - raft.server.log.statemachine.data.sync.timeout = 10s (default)
2019-08-30 07:37:41,598 [pool-126-thread-1] INFO  server.RaftServerConfigKeys (ConfUtils.java:logGet(43)) - raft.server.log.statemachine.data.sync.timeout.retry = -1 (default)
2019-08-30 07:37:41,599 [pool-137-thread-1] INFO  server.RaftServerConfigKeys (ConfUtils.java:logGet(43)) - raft.server.log.statemachine.data.sync.timeout.retry = -1 (default)
2019-08-30 07:37:41,604 [pool-126-thread-1] INFO  server.RaftServerConfigKeys (ConfUtils.java:logGet(43)) - raft.server.log.statemachine.data.caching.enabled = true (custom)
2019-08-30 07:37:41,605 [pool-137-thread-1] INFO  server.RaftServerConfigKeys (ConfUtils.java:logGet(43)) - raft.server.log.statemachine.data.caching.enabled = true (custom)
2019-08-30 07:37:41,605 [pool-126-thread-1] INFO  segmented.SegmentedRaftLogWorker (SegmentedRaftLogWorker.java:lambda$new$0(132)) - 3bf132e1-02b6-4168-801a-3d7ce793c0d9-SegmentedRaftLogWorker:Storage Directory /workdir/hadoop-ozone/integration-test/target/test-dir/MiniOzoneClusterImpl-3c7659ee-c795-4d58-8fb8-a1742cb39c82/datanode-0/data/ratis/e25e788c-f308-4029-b5c8-eb88b9da382f: flushIndex: setUnconditionally 0 -> -1
2019-08-30 07:37:41,605 [pool-137-thread-1] INFO  segmented.SegmentedRaftLogWorker (SegmentedRaftLogWorker.java:lambda$new$0(132)) - 34c5bf21-796a-477d-8f73-056dd6ef4f82-SegmentedRaftLogWorker:Storage Directory /workdir/hadoop-ozone/integration-test/target/test-dir/MiniOzoneClusterImpl-3c7659ee-c795-4d58-8fb8-a1742cb39c82/datanode-1/data/ratis/e25e788c-f308-4029-b5c8-eb88b9da382f: flushIndex: setUnconditionally 0 -> -1
2019-08-30 07:37:41,606 [pool-126-thread-1] INFO  server.RaftServerConfigKeys (ConfUtils.java:logGet(43)) - raft.server.snapshot.auto.trigger.enabled = true (custom)
2019-08-30 07:37:41,606 [pool-137-thread-1] INFO  server.RaftServerConfigKeys (ConfUtils.java:logGet(43)) - raft.server.snapshot.auto.trigger.enabled = true (custom)
2019-08-30 07:37:41,606 [pool-126-thread-1] INFO  server.RaftServerConfigKeys (ConfUtils.java:logGet(43)) - raft.server.snapshot.auto.trigger.threshold = 10000 (custom)
2019-08-30 07:37:41,606 [pool-137-thread-1] INFO  server.RaftServerConfigKeys (ConfUtils.java:logGet(43)) - raft.server.snapshot.auto.trigger.threshold = 10000 (custom)
2019-08-30 07:37:41,606 [pool-126-thread-1] INFO  server.RaftServerConfigKeys (ConfUtils.java:logGet(43)) - raft.server.retrycache.expirytime = 600000ms (custom)
2019-08-30 07:37:41,606 [pool-137-thread-1] INFO  server.RaftServerConfigKeys (ConfUtils.java:logGet(43)) - raft.server.retrycache.expirytime = 600000ms (custom)
2019-08-30 07:37:41,607 [pool-126-thread-1] INFO  impl.RaftServerImpl (RaftServerImpl.java:start(180)) - 3bf132e1-02b6-4168-801a-3d7ce793c0d9: start group-EB88B9DA382F
2019-08-30 07:37:41,607 [pool-137-thread-1] INFO  impl.RaftServerImpl (RaftServerImpl.java:start(180)) - 34c5bf21-796a-477d-8f73-056dd6ef4f82: start group-EB88B9DA382F
2019-08-30 07:37:41,607 [pool-126-thread-1] INFO  impl.RaftServerImpl (RaftServerImpl.java:setRole(171)) - 3bf132e1-02b6-4168-801a-3d7ce793c0d9:group-EB88B9DA382F changes role from null to FOLLOWER at term 0 for startAsFollower
2019-08-30 07:37:41,607 [pool-137-thread-1] INFO  impl.RaftServerImpl (RaftServerImpl.java:setRole(171)) - 34c5bf21-796a-477d-8f73-056dd6ef4f82:group-EB88B9DA382F changes role from null to FOLLOWER at term 0 for startAsFollower
2019-08-30 07:37:41,607 [pool-126-thread-1] INFO  impl.RoleInfo (RoleInfo.java:updateAndGet(143)) - 3bf132e1-02b6-4168-801a-3d7ce793c0d9: start FollowerState
2019-08-30 07:37:41,607 [pool-137-thread-1] INFO  impl.RoleInfo (RoleInfo.java:updateAndGet(143)) - 34c5bf21-796a-477d-8f73-056dd6ef4f82: start FollowerState
2019-08-30 07:37:41,608 [pool-126-thread-1] INFO  util.JmxRegister (JmxRegister.java:tryRegister(44)) - Successfully registered JMX Bean with object name Ratis:service=RaftServer,group=group-EB88B9DA382F,id=3bf132e1-02b6-4168-801a-3d7ce793c0d9
2019-08-30 07:37:41,608 [pool-137-thread-1] INFO  util.JmxRegister (JmxRegister.java:tryRegister(44)) - Successfully registered JMX Bean with object name Ratis:service=RaftServer,group=group-EB88B9DA382F,id=34c5bf21-796a-477d-8f73-056dd6ef4f82
2019-08-30 07:37:41,611 [RatisPipelineUtilsThread] INFO  pipeline.PipelineStateManager (PipelineStateManager.java:addPipeline(56)) - Created pipeline Pipeline[ Id: e25e788c-f308-4029-b5c8-eb88b9da382f, Nodes: 34c5bf21-796a-477d-8f73-056dd6ef4f82{ip: 192.168.34.43, host: pr-hdds-1569-qmmbh-26860099, networkLocation: /default-rack, certSerialId: null}3bf132e1-02b6-4168-801a-3d7ce793c0d9{ip: 192.168.34.43, host: pr-hdds-1569-qmmbh-26860099, networkLocation: /default-rack, certSerialId: null}9e64560e-57c0-404b-a5e3-eb70c00d39cc{ip: 192.168.34.43, host: pr-hdds-1569-qmmbh-26860099, networkLocation: /default-rack, certSerialId: null}, Type:RATIS, Factor:THREE, State:OPEN]
2019-08-30 07:37:41,697 [IPC Server handler 3 on 40836] INFO  net.NetworkTopology (NetworkTopologyImpl.java:add(110)) - Added a new node: /default-rack/dcd35ce2-5653-4064-9aff-c1a2cac3fe1c
2019-08-30 07:37:41,698 [IPC Server handler 3 on 40836] INFO  node.SCMNodeManager (SCMNodeManager.java:register(274)) - Registered Data node : dcd35ce2-5653-4064-9aff-c1a2cac3fe1c{ip: 192.168.34.43, host: pr-hdds-1569-qmmbh-26860099, networkLocation: /default-rack, certSerialId: null}
2019-08-30 07:37:41,698 | INFO  | SCMAudit | user=jenkins1000 | ip=192.168.34.43 | op=REGISTER {datanodeDetails=dcd35ce2-5653-4064-9aff-c1a2cac3fe1c{ip: 192.168.34.43, host: pr-hdds-1569-qmmbh-26860099, networkLocation: /default-rack, certSerialId: null}} | ret=SUCCESS |  
2019-08-30 07:37:41,702 [main] INFO  ozone.MiniOzoneClusterImpl (MiniOzoneClusterImpl.java:lambda$waitForClusterToBeReady$0(142)) - Waiting for cluster to be ready. Got 4 of 7 DN Heartbeats.
2019-08-30 07:37:41,708 [grpc-default-executor-3] INFO  impl.RaftServerProxy (RaftServerProxy.java:addNew(89)) - dcd35ce2-5653-4064-9aff-c1a2cac3fe1c: addNew group-1F36B8488252:[dcd35ce2-5653-4064-9aff-c1a2cac3fe1c:192.168.34.43:41594] returns group-1F36B8488252:java.util.concurrent.CompletableFuture@41cfce98[Not completed]
2019-08-30 07:37:41,711 [pool-159-thread-1] INFO  impl.RaftServerImpl (RaftServerImpl.java:<init>(93)) - dcd35ce2-5653-4064-9aff-c1a2cac3fe1c: new RaftServerImpl for group-1F36B8488252:[dcd35ce2-5653-4064-9aff-c1a2cac3fe1c:192.168.34.43:41594] with ContainerStateMachine:uninitialized
2019-08-30 07:37:41,712 [pool-159-thread-1] INFO  server.RaftServerConfigKeys (ConfUtils.java:logGet(43)) - raft.server.rpc.timeout.min = 5s (custom)
2019-08-30 07:37:41,712 [pool-159-thread-1] INFO  server.RaftServerConfigKeys (ConfUtils.java:logGet(43)) - raft.server.rpc.timeout.max = 5200ms (custom)
2019-08-30 07:37:41,712 [pool-159-thread-1] INFO  server.RaftServerConfigKeys (ConfUtils.java:logGet(43)) - raft.server.rpcslowness.timeout = 120s (custom)
2019-08-30 07:37:41,712 [pool-159-thread-1] INFO  server.RaftServerConfigKeys (ConfUtils.java:logGet(43)) - raft.server.sleep.deviation.threshold = 300 (default)
2019-08-30 07:37:41,713 [pool-159-thread-1] INFO  server.RaftServerConfigKeys (ConfUtils.java:logGet(43)) - raft.server.log.appender.install.snapshot.enabled = false (custom)
2019-08-30 07:37:41,713 [pool-159-thread-1] INFO  impl.RaftServerImpl (ServerState.java:<init>(105)) - dcd35ce2-5653-4064-9aff-c1a2cac3fe1c:group-1F36B8488252 ConfigurationManager, init=-1: [dcd35ce2-5653-4064-9aff-c1a2cac3fe1c:192.168.34.43:41594], old=null, confs=<EMPTY_MAP>
2019-08-30 07:37:41,713 [pool-159-thread-1] INFO  server.RaftServerConfigKeys (ConfUtils.java:logGet(43)) - raft.server.storage.dir = [/workdir/hadoop-ozone/integration-test/target/test-dir/MiniOzoneClusterImpl-3c7659ee-c795-4d58-8fb8-a1742cb39c82/datanode-3/data/ratis] (custom)
2019-08-30 07:37:41,714 [pool-159-thread-1] INFO  storage.RaftStorageDirectory (RaftStorageDirectory.java:analyzeStorage(246)) - The storage directory /workdir/hadoop-ozone/integration-test/target/test-dir/MiniOzoneClusterImpl-3c7659ee-c795-4d58-8fb8-a1742cb39c82/datanode-3/data/ratis/43eb03c5-176c-40ab-b8d2-1f36b8488252 does not exist. Creating ...
2019-08-30 07:37:41,727 [pool-159-thread-1] INFO  storage.RaftStorageDirectory (RaftStorageDirectory.java:tryLock(328)) - Lock on /workdir/hadoop-ozone/integration-test/target/test-dir/MiniOzoneClusterImpl-3c7659ee-c795-4d58-8fb8-a1742cb39c82/datanode-3/data/ratis/43eb03c5-176c-40ab-b8d2-1f36b8488252/in_use.lock acquired by nodename 24101@pr-hdds-1569-qmmbh-26860099
2019-08-30 07:37:41,741 [pool-159-thread-1] INFO  storage.RaftStorage (RaftStorage.java:format(72)) - Storage directory /workdir/hadoop-ozone/integration-test/target/test-dir/MiniOzoneClusterImpl-3c7659ee-c795-4d58-8fb8-a1742cb39c82/datanode-3/data/ratis/43eb03c5-176c-40ab-b8d2-1f36b8488252 has been successfully formatted.
2019-08-30 07:37:41,741 [pool-159-thread-1] INFO  ratis.ContainerStateMachine (ContainerStateMachine.java:loadSnapshot(226)) - group-1F36B8488252: The snapshot info is null. Setting the last applied indexto:(t:0, i:~)
2019-08-30 07:37:41,741 [pool-159-thread-1] INFO  server.RaftServerConfigKeys (ConfUtils.java:logGet(43)) - raft.server.leader.election.timeout = 120s (custom)
2019-08-30 07:37:41,742 [pool-159-thread-1] INFO  server.RaftServerConfigKeys (ConfUtils.java:logGet(43)) - raft.server.log.use.memory = false (default)
2019-08-30 07:37:41,742 [pool-159-thread-1] INFO  server.RaftServerConfigKeys (ConfUtils.java:logGet(43)) - raft.server.log.purge.gap = 1000000 (custom)
2019-08-30 07:37:41,742 [pool-159-thread-1] INFO  server.RaftServerConfigKeys (ConfUtils.java:logGet(43)) - raft.server.log.appender.buffer.byte-limit = 33554432 (custom)
2019-08-30 07:37:41,742 [pool-159-thread-1] INFO  server.RaftServerConfigKeys (ConfUtils.java:logGet(43)) - raft.server.log.segment.size.max = 1048576 (custom)
2019-08-30 07:37:41,742 [pool-159-thread-1] INFO  server.RaftServerConfigKeys (ConfUtils.java:logGet(43)) - raft.server.log.segment.cache.num.max = 2 (custom)
2019-08-30 07:37:41,743 [pool-159-thread-1] INFO  segmented.SegmentedRaftLogWorker (SegmentedRaftLogWorker.java:<init>(172)) - new dcd35ce2-5653-4064-9aff-c1a2cac3fe1c-SegmentedRaftLogWorker:Storage Directory /workdir/hadoop-ozone/integration-test/target/test-dir/MiniOzoneClusterImpl-3c7659ee-c795-4d58-8fb8-a1742cb39c82/datanode-3/data/ratis/43eb03c5-176c-40ab-b8d2-1f36b8488252 for RaftStorage:Storage Directory /workdir/hadoop-ozone/integration-test/target/test-dir/MiniOzoneClusterImpl-3c7659ee-c795-4d58-8fb8-a1742cb39c82/datanode-3/data/ratis/43eb03c5-176c-40ab-b8d2-1f36b8488252
2019-08-30 07:37:41,743 [pool-159-thread-1] INFO  server.RaftServerConfigKeys (ConfUtils.java:logGet(43)) - raft.server.log.queue.byte-limit = 2147483647 (custom)
2019-08-30 07:37:41,743 [pool-159-thread-1] INFO  server.RaftServerConfigKeys (ConfUtils.java:logGet(43)) - raft.server.log.queue.element-limit = 1024 (custom)
2019-08-30 07:37:41,743 [pool-159-thread-1] INFO  server.RaftServerConfigKeys (ConfUtils.java:logGet(43)) - raft.server.log.segment.size.max = 1048576 (custom)
2019-08-30 07:37:41,744 [pool-159-thread-1] INFO  server.RaftServerConfigKeys (ConfUtils.java:logGet(43)) - raft.server.log.preallocated.size = 16384 (custom)
2019-08-30 07:37:41,744 [pool-159-thread-1] INFO  server.RaftServerConfigKeys (ConfUtils.java:logGet(43)) - raft.server.log.write.buffer.size = 33554432 (custom)
2019-08-30 07:37:41,744 [pool-159-thread-1] INFO  server.RaftServerConfigKeys (ConfUtils.java:logGet(43)) - raft.server.log.force.sync.num = 128 (default)
2019-08-30 07:37:41,744 [pool-159-thread-1] INFO  server.RaftServerConfigKeys (ConfUtils.java:logGet(43)) - raft.server.log.statemachine.data.sync = true (default)
2019-08-30 07:37:41,744 [pool-159-thread-1] INFO  server.RaftServerConfigKeys (ConfUtils.java:logGet(43)) - raft.server.log.statemachine.data.sync.timeout = 10s (default)
2019-08-30 07:37:41,745 [pool-159-thread-1] INFO  server.RaftServerConfigKeys (ConfUtils.java:logGet(43)) - raft.server.log.statemachine.data.sync.timeout.retry = -1 (default)
2019-08-30 07:37:41,745 [pool-159-thread-1] INFO  server.RaftServerConfigKeys (ConfUtils.java:logGet(43)) - raft.server.log.statemachine.data.caching.enabled = true (custom)
2019-08-30 07:37:41,745 [pool-159-thread-1] INFO  segmented.SegmentedRaftLogWorker (SegmentedRaftLogWorker.java:lambda$new$0(132)) - dcd35ce2-5653-4064-9aff-c1a2cac3fe1c-SegmentedRaftLogWorker:Storage Directory /workdir/hadoop-ozone/integration-test/target/test-dir/MiniOzoneClusterImpl-3c7659ee-c795-4d58-8fb8-a1742cb39c82/datanode-3/data/ratis/43eb03c5-176c-40ab-b8d2-1f36b8488252: flushIndex: setUnconditionally 0 -> -1
2019-08-30 07:37:41,746 [pool-159-thread-1] INFO  server.RaftServerConfigKeys (ConfUtils.java:logGet(43)) - raft.server.snapshot.auto.trigger.enabled = true (custom)
2019-08-30 07:37:41,746 [pool-159-thread-1] INFO  server.RaftServerConfigKeys (ConfUtils.java:logGet(43)) - raft.server.snapshot.auto.trigger.threshold = 10000 (custom)
2019-08-30 07:37:41,746 [pool-159-thread-1] INFO  server.RaftServerConfigKeys (ConfUtils.java:logGet(43)) - raft.server.retrycache.expirytime = 600000ms (custom)
2019-08-30 07:37:41,747 [pool-159-thread-1] INFO  impl.RaftServerImpl (RaftServerImpl.java:start(180)) - dcd35ce2-5653-4064-9aff-c1a2cac3fe1c: start group-1F36B8488252
2019-08-30 07:37:41,747 [pool-159-thread-1] INFO  impl.RaftServerImpl (RaftServerImpl.java:setRole(171)) - dcd35ce2-5653-4064-9aff-c1a2cac3fe1c:group-1F36B8488252 changes role from null to FOLLOWER at term 0 for startAsFollower
2019-08-30 07:37:41,747 [pool-159-thread-1] INFO  impl.RoleInfo (RoleInfo.java:updateAndGet(143)) - dcd35ce2-5653-4064-9aff-c1a2cac3fe1c: start FollowerState
2019-08-30 07:37:41,748 [pool-159-thread-1] INFO  util.JmxRegister (JmxRegister.java:tryRegister(44)) - Successfully registered JMX Bean with object name Ratis:service=RaftServer,group=group-1F36B8488252,id=dcd35ce2-5653-4064-9aff-c1a2cac3fe1c
2019-08-30 07:37:41,751 [RatisPipelineUtilsThread] INFO  pipeline.PipelineStateManager (PipelineStateManager.java:addPipeline(56)) - Created pipeline Pipeline[ Id: 43eb03c5-176c-40ab-b8d2-1f36b8488252, Nodes: dcd35ce2-5653-4064-9aff-c1a2cac3fe1c{ip: 192.168.34.43, host: pr-hdds-1569-qmmbh-26860099, networkLocation: /default-rack, certSerialId: null}, Type:RATIS, Factor:ONE, State:OPEN]
2019-08-30 07:37:42,205 [IPC Server handler 4 on 40836] INFO  net.NetworkTopology (NetworkTopologyImpl.java:add(110)) - Added a new node: /default-rack/9570f0ce-31bf-44b3-921f-a36f22efea54
2019-08-30 07:37:42,205 [IPC Server handler 4 on 40836] INFO  node.SCMNodeManager (SCMNodeManager.java:register(274)) - Registered Data node : 9570f0ce-31bf-44b3-921f-a36f22efea54{ip: 192.168.34.43, host: pr-hdds-1569-qmmbh-26860099, networkLocation: /default-rack, certSerialId: null}
2019-08-30 07:37:42,210 | INFO  | SCMAudit | user=jenkins1000 | ip=192.168.34.43 | op=REGISTER {datanodeDetails=9570f0ce-31bf-44b3-921f-a36f22efea54{ip: 192.168.34.43, host: pr-hdds-1569-qmmbh-26860099, networkLocation: /default-rack, certSerialId: null}} | ret=SUCCESS |  
2019-08-30 07:37:42,223 [grpc-default-executor-3] INFO  impl.RaftServerProxy (RaftServerProxy.java:addNew(89)) - 9570f0ce-31bf-44b3-921f-a36f22efea54: addNew group-1BA433C77393:[9570f0ce-31bf-44b3-921f-a36f22efea54:192.168.34.43:35099] returns group-1BA433C77393:java.util.concurrent.CompletableFuture@6f3b0271[Not completed]
2019-08-30 07:37:42,225 [pool-170-thread-1] INFO  impl.RaftServerImpl (RaftServerImpl.java:<init>(93)) - 9570f0ce-31bf-44b3-921f-a36f22efea54: new RaftServerImpl for group-1BA433C77393:[9570f0ce-31bf-44b3-921f-a36f22efea54:192.168.34.43:35099] with ContainerStateMachine:uninitialized
2019-08-30 07:37:42,225 [pool-170-thread-1] INFO  server.RaftServerConfigKeys (ConfUtils.java:logGet(43)) - raft.server.rpc.timeout.min = 5s (custom)
2019-08-30 07:37:42,225 [pool-170-thread-1] INFO  server.RaftServerConfigKeys (ConfUtils.java:logGet(43)) - raft.server.rpc.timeout.max = 5200ms (custom)
2019-08-30 07:37:42,225 [pool-170-thread-1] INFO  server.RaftServerConfigKeys (ConfUtils.java:logGet(43)) - raft.server.rpcslowness.timeout = 120s (custom)
2019-08-30 07:37:42,226 [pool-170-thread-1] INFO  server.RaftServerConfigKeys (ConfUtils.java:logGet(43)) - raft.server.sleep.deviation.threshold = 300 (default)
2019-08-30 07:37:42,226 [pool-170-thread-1] INFO  server.RaftServerConfigKeys (ConfUtils.java:logGet(43)) - raft.server.log.appender.install.snapshot.enabled = false (custom)
2019-08-30 07:37:42,226 [pool-170-thread-1] INFO  impl.RaftServerImpl (ServerState.java:<init>(105)) - 9570f0ce-31bf-44b3-921f-a36f22efea54:group-1BA433C77393 ConfigurationManager, init=-1: [9570f0ce-31bf-44b3-921f-a36f22efea54:192.168.34.43:35099], old=null, confs=<EMPTY_MAP>
2019-08-30 07:37:42,226 [pool-170-thread-1] INFO  server.RaftServerConfigKeys (ConfUtils.java:logGet(43)) - raft.server.storage.dir = [/workdir/hadoop-ozone/integration-test/target/test-dir/MiniOzoneClusterImpl-3c7659ee-c795-4d58-8fb8-a1742cb39c82/datanode-4/data/ratis] (custom)
2019-08-30 07:37:42,227 [pool-170-thread-1] INFO  storage.RaftStorageDirectory (RaftStorageDirectory.java:analyzeStorage(246)) - The storage directory /workdir/hadoop-ozone/integration-test/target/test-dir/MiniOzoneClusterImpl-3c7659ee-c795-4d58-8fb8-a1742cb39c82/datanode-4/data/ratis/a04a9c92-b04c-43dd-9d5d-1ba433c77393 does not exist. Creating ...
2019-08-30 07:37:42,240 [pool-170-thread-1] INFO  storage.RaftStorageDirectory (RaftStorageDirectory.java:tryLock(328)) - Lock on /workdir/hadoop-ozone/integration-test/target/test-dir/MiniOzoneClusterImpl-3c7659ee-c795-4d58-8fb8-a1742cb39c82/datanode-4/data/ratis/a04a9c92-b04c-43dd-9d5d-1ba433c77393/in_use.lock acquired by nodename 24101@pr-hdds-1569-qmmbh-26860099
2019-08-30 07:37:42,254 [pool-170-thread-1] INFO  storage.RaftStorage (RaftStorage.java:format(72)) - Storage directory /workdir/hadoop-ozone/integration-test/target/test-dir/MiniOzoneClusterImpl-3c7659ee-c795-4d58-8fb8-a1742cb39c82/datanode-4/data/ratis/a04a9c92-b04c-43dd-9d5d-1ba433c77393 has been successfully formatted.
2019-08-30 07:37:42,254 [pool-170-thread-1] INFO  ratis.ContainerStateMachine (ContainerStateMachine.java:loadSnapshot(226)) - group-1BA433C77393: The snapshot info is null. Setting the last applied indexto:(t:0, i:~)
2019-08-30 07:37:42,255 [pool-170-thread-1] INFO  server.RaftServerConfigKeys (ConfUtils.java:logGet(43)) - raft.server.leader.election.timeout = 120s (custom)
2019-08-30 07:37:42,255 [pool-170-thread-1] INFO  server.RaftServerConfigKeys (ConfUtils.java:logGet(43)) - raft.server.log.use.memory = false (default)
2019-08-30 07:37:42,255 [pool-170-thread-1] INFO  server.RaftServerConfigKeys (ConfUtils.java:logGet(43)) - raft.server.log.purge.gap = 1000000 (custom)
2019-08-30 07:37:42,255 [pool-170-thread-1] INFO  server.RaftServerConfigKeys (ConfUtils.java:logGet(43)) - raft.server.log.appender.buffer.byte-limit = 33554432 (custom)
2019-08-30 07:37:42,255 [pool-170-thread-1] INFO  server.RaftServerConfigKeys (ConfUtils.java:logGet(43)) - raft.server.log.segment.size.max = 1048576 (custom)
2019-08-30 07:37:42,256 [pool-170-thread-1] INFO  server.RaftServerConfigKeys (ConfUtils.java:logGet(43)) - raft.server.log.segment.cache.num.max = 2 (custom)
2019-08-30 07:37:42,256 [pool-170-thread-1] INFO  segmented.SegmentedRaftLogWorker (SegmentedRaftLogWorker.java:<init>(172)) - new 9570f0ce-31bf-44b3-921f-a36f22efea54-SegmentedRaftLogWorker:Storage Directory /workdir/hadoop-ozone/integration-test/target/test-dir/MiniOzoneClusterImpl-3c7659ee-c795-4d58-8fb8-a1742cb39c82/datanode-4/data/ratis/a04a9c92-b04c-43dd-9d5d-1ba433c77393 for RaftStorage:Storage Directory /workdir/hadoop-ozone/integration-test/target/test-dir/MiniOzoneClusterImpl-3c7659ee-c795-4d58-8fb8-a1742cb39c82/datanode-4/data/ratis/a04a9c92-b04c-43dd-9d5d-1ba433c77393
2019-08-30 07:37:42,256 [pool-170-thread-1] INFO  server.RaftServerConfigKeys (ConfUtils.java:logGet(43)) - raft.server.log.queue.byte-limit = 2147483647 (custom)
2019-08-30 07:37:42,256 [pool-170-thread-1] INFO  server.RaftServerConfigKeys (ConfUtils.java:logGet(43)) - raft.server.log.queue.element-limit = 1024 (custom)
2019-08-30 07:37:42,257 [pool-170-thread-1] INFO  server.RaftServerConfigKeys (ConfUtils.java:logGet(43)) - raft.server.log.segment.size.max = 1048576 (custom)
2019-08-30 07:37:42,257 [pool-170-thread-1] INFO  server.RaftServerConfigKeys (ConfUtils.java:logGet(43)) - raft.server.log.preallocated.size = 16384 (custom)
2019-08-30 07:37:42,257 [pool-170-thread-1] INFO  server.RaftServerConfigKeys (ConfUtils.java:logGet(43)) - raft.server.log.write.buffer.size = 33554432 (custom)
2019-08-30 07:37:42,257 [pool-170-thread-1] INFO  server.RaftServerConfigKeys (ConfUtils.java:logGet(43)) - raft.server.log.force.sync.num = 128 (default)
2019-08-30 07:37:42,258 [pool-170-thread-1] INFO  server.RaftServerConfigKeys (ConfUtils.java:logGet(43)) - raft.server.log.statemachine.data.sync = true (default)
2019-08-30 07:37:42,258 [pool-170-thread-1] INFO  server.RaftServerConfigKeys (ConfUtils.java:logGet(43)) - raft.server.log.statemachine.data.sync.timeout = 10s (default)
2019-08-30 07:37:42,258 [pool-170-thread-1] INFO  server.RaftServerConfigKeys (ConfUtils.java:logGet(43)) - raft.server.log.statemachine.data.sync.timeout.retry = -1 (default)
2019-08-30 07:37:42,258 [pool-170-thread-1] INFO  server.RaftServerConfigKeys (ConfUtils.java:logGet(43)) - raft.server.log.statemachine.data.caching.enabled = true (custom)
2019-08-30 07:37:42,259 [pool-170-thread-1] INFO  segmented.SegmentedRaftLogWorker (SegmentedRaftLogWorker.java:lambda$new$0(132)) - 9570f0ce-31bf-44b3-921f-a36f22efea54-SegmentedRaftLogWorker:Storage Directory /workdir/hadoop-ozone/integration-test/target/test-dir/MiniOzoneClusterImpl-3c7659ee-c795-4d58-8fb8-a1742cb39c82/datanode-4/data/ratis/a04a9c92-b04c-43dd-9d5d-1ba433c77393: flushIndex: setUnconditionally 0 -> -1
2019-08-30 07:37:42,259 [pool-170-thread-1] INFO  server.RaftServerConfigKeys (ConfUtils.java:logGet(43)) - raft.server.snapshot.auto.trigger.enabled = true (custom)
2019-08-30 07:37:42,259 [pool-170-thread-1] INFO  server.RaftServerConfigKeys (ConfUtils.java:logGet(43)) - raft.server.snapshot.auto.trigger.threshold = 10000 (custom)
2019-08-30 07:37:42,260 [pool-170-thread-1] INFO  server.RaftServerConfigKeys (ConfUtils.java:logGet(43)) - raft.server.retrycache.expirytime = 600000ms (custom)
2019-08-30 07:37:42,260 [pool-170-thread-1] INFO  impl.RaftServerImpl (RaftServerImpl.java:start(180)) - 9570f0ce-31bf-44b3-921f-a36f22efea54: start group-1BA433C77393
2019-08-30 07:37:42,260 [pool-170-thread-1] INFO  impl.RaftServerImpl (RaftServerImpl.java:setRole(171)) - 9570f0ce-31bf-44b3-921f-a36f22efea54:group-1BA433C77393 changes role from null to FOLLOWER at term 0 for startAsFollower
2019-08-30 07:37:42,260 [pool-170-thread-1] INFO  impl.RoleInfo (RoleInfo.java:updateAndGet(143)) - 9570f0ce-31bf-44b3-921f-a36f22efea54: start FollowerState
2019-08-30 07:37:42,264 [pool-170-thread-1] INFO  util.JmxRegister (JmxRegister.java:tryRegister(44)) - Successfully registered JMX Bean with object name Ratis:service=RaftServer,group=group-1BA433C77393,id=9570f0ce-31bf-44b3-921f-a36f22efea54
2019-08-30 07:37:42,270 [RatisPipelineUtilsThread] INFO  pipeline.PipelineStateManager (PipelineStateManager.java:addPipeline(56)) - Created pipeline Pipeline[ Id: a04a9c92-b04c-43dd-9d5d-1ba433c77393, Nodes: 9570f0ce-31bf-44b3-921f-a36f22efea54{ip: 192.168.34.43, host: pr-hdds-1569-qmmbh-26860099, networkLocation: /default-rack, certSerialId: null}, Type:RATIS, Factor:ONE, State:OPEN]
2019-08-30 07:37:42,428 [IPC Server handler 1 on 40836] INFO  net.NetworkTopology (NetworkTopologyImpl.java:add(110)) - Added a new node: /default-rack/dc0e8eda-8843-49e8-9024-f7c59bdcd9bc
2019-08-30 07:37:42,431 [IPC Server handler 1 on 40836] INFO  node.SCMNodeManager (SCMNodeManager.java:register(274)) - Registered Data node : dc0e8eda-8843-49e8-9024-f7c59bdcd9bc{ip: 192.168.34.43, host: pr-hdds-1569-qmmbh-26860099, networkLocation: /default-rack, certSerialId: null}
2019-08-30 07:37:42,432 | INFO  | SCMAudit | user=jenkins1000 | ip=192.168.34.43 | op=REGISTER {datanodeDetails=dc0e8eda-8843-49e8-9024-f7c59bdcd9bc{ip: 192.168.34.43, host: pr-hdds-1569-qmmbh-26860099, networkLocation: /default-rack, certSerialId: null}} | ret=SUCCESS |  
2019-08-30 07:37:42,444 [grpc-default-executor-3] INFO  impl.RaftServerProxy (RaftServerProxy.java:addNew(89)) - dc0e8eda-8843-49e8-9024-f7c59bdcd9bc: addNew group-CC68BCB47D93:[dc0e8eda-8843-49e8-9024-f7c59bdcd9bc:192.168.34.43:34002] returns group-CC68BCB47D93:java.util.concurrent.CompletableFuture@3f913690[Not completed]
2019-08-30 07:37:42,448 [pool-181-thread-1] INFO  impl.RaftServerImpl (RaftServerImpl.java:<init>(93)) - dc0e8eda-8843-49e8-9024-f7c59bdcd9bc: new RaftServerImpl for group-CC68BCB47D93:[dc0e8eda-8843-49e8-9024-f7c59bdcd9bc:192.168.34.43:34002] with ContainerStateMachine:uninitialized
2019-08-30 07:37:42,448 [pool-181-thread-1] INFO  server.RaftServerConfigKeys (ConfUtils.java:logGet(43)) - raft.server.rpc.timeout.min = 5s (custom)
2019-08-30 07:37:42,448 [pool-181-thread-1] INFO  server.RaftServerConfigKeys (ConfUtils.java:logGet(43)) - raft.server.rpc.timeout.max = 5200ms (custom)
2019-08-30 07:37:42,448 [pool-181-thread-1] INFO  server.RaftServerConfigKeys (ConfUtils.java:logGet(43)) - raft.server.rpcslowness.timeout = 120s (custom)
2019-08-30 07:37:42,449 [pool-181-thread-1] INFO  server.RaftServerConfigKeys (ConfUtils.java:logGet(43)) - raft.server.sleep.deviation.threshold = 300 (default)
2019-08-30 07:37:42,449 [pool-181-thread-1] INFO  server.RaftServerConfigKeys (ConfUtils.java:logGet(43)) - raft.server.log.appender.install.snapshot.enabled = false (custom)
2019-08-30 07:37:42,449 [pool-181-thread-1] INFO  impl.RaftServerImpl (ServerState.java:<init>(105)) - dc0e8eda-8843-49e8-9024-f7c59bdcd9bc:group-CC68BCB47D93 ConfigurationManager, init=-1: [dc0e8eda-8843-49e8-9024-f7c59bdcd9bc:192.168.34.43:34002], old=null, confs=<EMPTY_MAP>
2019-08-30 07:37:42,449 [pool-181-thread-1] INFO  server.RaftServerConfigKeys (ConfUtils.java:logGet(43)) - raft.server.storage.dir = [/workdir/hadoop-ozone/integration-test/target/test-dir/MiniOzoneClusterImpl-3c7659ee-c795-4d58-8fb8-a1742cb39c82/datanode-5/data/ratis] (custom)
2019-08-30 07:37:42,450 [pool-181-thread-1] INFO  storage.RaftStorageDirectory (RaftStorageDirectory.java:analyzeStorage(246)) - The storage directory /workdir/hadoop-ozone/integration-test/target/test-dir/MiniOzoneClusterImpl-3c7659ee-c795-4d58-8fb8-a1742cb39c82/datanode-5/data/ratis/3144fb6d-b9f7-4a3e-a25b-cc68bcb47d93 does not exist. Creating ...
2019-08-30 07:37:42,457 [pool-181-thread-1] INFO  storage.RaftStorageDirectory (RaftStorageDirectory.java:tryLock(328)) - Lock on /workdir/hadoop-ozone/integration-test/target/test-dir/MiniOzoneClusterImpl-3c7659ee-c795-4d58-8fb8-a1742cb39c82/datanode-5/data/ratis/3144fb6d-b9f7-4a3e-a25b-cc68bcb47d93/in_use.lock acquired by nodename 24101@pr-hdds-1569-qmmbh-26860099
2019-08-30 07:37:42,471 [pool-181-thread-1] INFO  storage.RaftStorage (RaftStorage.java:format(72)) - Storage directory /workdir/hadoop-ozone/integration-test/target/test-dir/MiniOzoneClusterImpl-3c7659ee-c795-4d58-8fb8-a1742cb39c82/datanode-5/data/ratis/3144fb6d-b9f7-4a3e-a25b-cc68bcb47d93 has been successfully formatted.
2019-08-30 07:37:42,471 [pool-181-thread-1] INFO  ratis.ContainerStateMachine (ContainerStateMachine.java:loadSnapshot(226)) - group-CC68BCB47D93: The snapshot info is null. Setting the last applied indexto:(t:0, i:~)
2019-08-30 07:37:42,471 [pool-181-thread-1] INFO  server.RaftServerConfigKeys (ConfUtils.java:logGet(43)) - raft.server.leader.election.timeout = 120s (custom)
2019-08-30 07:37:42,471 [pool-181-thread-1] INFO  server.RaftServerConfigKeys (ConfUtils.java:logGet(43)) - raft.server.log.use.memory = false (default)
2019-08-30 07:37:42,472 [pool-181-thread-1] INFO  server.RaftServerConfigKeys (ConfUtils.java:logGet(43)) - raft.server.log.purge.gap = 1000000 (custom)
2019-08-30 07:37:42,472 [pool-181-thread-1] INFO  server.RaftServerConfigKeys (ConfUtils.java:logGet(43)) - raft.server.log.appender.buffer.byte-limit = 33554432 (custom)
2019-08-30 07:37:42,472 [pool-181-thread-1] INFO  server.RaftServerConfigKeys (ConfUtils.java:logGet(43)) - raft.server.log.segment.size.max = 1048576 (custom)
2019-08-30 07:37:42,472 [pool-181-thread-1] INFO  server.RaftServerConfigKeys (ConfUtils.java:logGet(43)) - raft.server.log.segment.cache.num.max = 2 (custom)
2019-08-30 07:37:42,473 [pool-181-thread-1] INFO  segmented.SegmentedRaftLogWorker (SegmentedRaftLogWorker.java:<init>(172)) - new dc0e8eda-8843-49e8-9024-f7c59bdcd9bc-SegmentedRaftLogWorker:Storage Directory /workdir/hadoop-ozone/integration-test/target/test-dir/MiniOzoneClusterImpl-3c7659ee-c795-4d58-8fb8-a1742cb39c82/datanode-5/data/ratis/3144fb6d-b9f7-4a3e-a25b-cc68bcb47d93 for RaftStorage:Storage Directory /workdir/hadoop-ozone/integration-test/target/test-dir/MiniOzoneClusterImpl-3c7659ee-c795-4d58-8fb8-a1742cb39c82/datanode-5/data/ratis/3144fb6d-b9f7-4a3e-a25b-cc68bcb47d93
2019-08-30 07:37:42,473 [pool-181-thread-1] INFO  server.RaftServerConfigKeys (ConfUtils.java:logGet(43)) - raft.server.log.queue.byte-limit = 2147483647 (custom)
2019-08-30 07:37:42,473 [pool-181-thread-1] INFO  server.RaftServerConfigKeys (ConfUtils.java:logGet(43)) - raft.server.log.queue.element-limit = 1024 (custom)
2019-08-30 07:37:42,474 [pool-181-thread-1] INFO  server.RaftServerConfigKeys (ConfUtils.java:logGet(43)) - raft.server.log.segment.size.max = 1048576 (custom)
2019-08-30 07:37:42,474 [pool-181-thread-1] INFO  server.RaftServerConfigKeys (ConfUtils.java:logGet(43)) - raft.server.log.preallocated.size = 16384 (custom)
2019-08-30 07:37:42,474 [pool-181-thread-1] INFO  server.RaftServerConfigKeys (ConfUtils.java:logGet(43)) - raft.server.log.write.buffer.size = 33554432 (custom)
2019-08-30 07:37:42,474 [pool-181-thread-1] INFO  server.RaftServerConfigKeys (ConfUtils.java:logGet(43)) - raft.server.log.force.sync.num = 128 (default)
2019-08-30 07:37:42,474 [pool-181-thread-1] INFO  server.RaftServerConfigKeys (ConfUtils.java:logGet(43)) - raft.server.log.statemachine.data.sync = true (default)
2019-08-30 07:37:42,475 [pool-181-thread-1] INFO  server.RaftServerConfigKeys (ConfUtils.java:logGet(43)) - raft.server.log.statemachine.data.sync.timeout = 10s (default)
2019-08-30 07:37:42,475 [pool-181-thread-1] INFO  server.RaftServerConfigKeys (ConfUtils.java:logGet(43)) - raft.server.log.statemachine.data.sync.timeout.retry = -1 (default)
2019-08-30 07:37:42,475 [pool-181-thread-1] INFO  server.RaftServerConfigKeys (ConfUtils.java:logGet(43)) - raft.server.log.statemachine.data.caching.enabled = true (custom)
2019-08-30 07:37:42,476 [pool-181-thread-1] INFO  segmented.SegmentedRaftLogWorker (SegmentedRaftLogWorker.java:lambda$new$0(132)) - dc0e8eda-8843-49e8-9024-f7c59bdcd9bc-SegmentedRaftLogWorker:Storage Directory /workdir/hadoop-ozone/integration-test/target/test-dir/MiniOzoneClusterImpl-3c7659ee-c795-4d58-8fb8-a1742cb39c82/datanode-5/data/ratis/3144fb6d-b9f7-4a3e-a25b-cc68bcb47d93: flushIndex: setUnconditionally 0 -> -1
2019-08-30 07:37:42,476 [pool-181-thread-1] INFO  server.RaftServerConfigKeys (ConfUtils.java:logGet(43)) - raft.server.snapshot.auto.trigger.enabled = true (custom)
2019-08-30 07:37:42,477 [pool-181-thread-1] INFO  server.RaftServerConfigKeys (ConfUtils.java:logGet(43)) - raft.server.snapshot.auto.trigger.threshold = 10000 (custom)
2019-08-30 07:37:42,477 [pool-181-thread-1] INFO  server.RaftServerConfigKeys (ConfUtils.java:logGet(43)) - raft.server.retrycache.expirytime = 600000ms (custom)
2019-08-30 07:37:42,477 [pool-181-thread-1] INFO  impl.RaftServerImpl (RaftServerImpl.java:start(180)) - dc0e8eda-8843-49e8-9024-f7c59bdcd9bc: start group-CC68BCB47D93
2019-08-30 07:37:42,477 [pool-181-thread-1] INFO  impl.RaftServerImpl (RaftServerImpl.java:setRole(171)) - dc0e8eda-8843-49e8-9024-f7c59bdcd9bc:group-CC68BCB47D93 changes role from null to FOLLOWER at term 0 for startAsFollower
2019-08-30 07:37:42,478 [pool-181-thread-1] INFO  impl.RoleInfo (RoleInfo.java:updateAndGet(143)) - dc0e8eda-8843-49e8-9024-f7c59bdcd9bc: start FollowerState
2019-08-30 07:37:42,478 [pool-181-thread-1] INFO  util.JmxRegister (JmxRegister.java:tryRegister(44)) - Successfully registered JMX Bean with object name Ratis:service=RaftServer,group=group-CC68BCB47D93,id=dc0e8eda-8843-49e8-9024-f7c59bdcd9bc
2019-08-30 07:37:42,482 [RatisPipelineUtilsThread] INFO  pipeline.PipelineStateManager (PipelineStateManager.java:addPipeline(56)) - Created pipeline Pipeline[ Id: 3144fb6d-b9f7-4a3e-a25b-cc68bcb47d93, Nodes: dc0e8eda-8843-49e8-9024-f7c59bdcd9bc{ip: 192.168.34.43, host: pr-hdds-1569-qmmbh-26860099, networkLocation: /default-rack, certSerialId: null}, Type:RATIS, Factor:ONE, State:OPEN]
2019-08-30 07:37:42,504 [grpc-default-executor-3] INFO  impl.RaftServerProxy (RaftServerProxy.java:addNew(89)) - dc0e8eda-8843-49e8-9024-f7c59bdcd9bc: addNew group-CB9C606E82CE:[dc0e8eda-8843-49e8-9024-f7c59bdcd9bc:192.168.34.43:34002, dcd35ce2-5653-4064-9aff-c1a2cac3fe1c:192.168.34.43:41594, 9570f0ce-31bf-44b3-921f-a36f22efea54:192.168.34.43:35099] returns group-CB9C606E82CE:java.util.concurrent.CompletableFuture@254c5722[Not completed]
2019-08-30 07:37:42,504 [grpc-default-executor-1] INFO  impl.RaftServerProxy (RaftServerProxy.java:addNew(89)) - dcd35ce2-5653-4064-9aff-c1a2cac3fe1c: addNew group-CB9C606E82CE:[dc0e8eda-8843-49e8-9024-f7c59bdcd9bc:192.168.34.43:34002, dcd35ce2-5653-4064-9aff-c1a2cac3fe1c:192.168.34.43:41594, 9570f0ce-31bf-44b3-921f-a36f22efea54:192.168.34.43:35099] returns group-CB9C606E82CE:java.util.concurrent.CompletableFuture@17b1f08d[Not completed]
2019-08-30 07:37:42,504 [grpc-default-executor-4] INFO  impl.RaftServerProxy (RaftServerProxy.java:addNew(89)) - 9570f0ce-31bf-44b3-921f-a36f22efea54: addNew group-CB9C606E82CE:[dc0e8eda-8843-49e8-9024-f7c59bdcd9bc:192.168.34.43:34002, dcd35ce2-5653-4064-9aff-c1a2cac3fe1c:192.168.34.43:41594, 9570f0ce-31bf-44b3-921f-a36f22efea54:192.168.34.43:35099] returns group-CB9C606E82CE:java.util.concurrent.CompletableFuture@4cfa80c0[Not completed]
2019-08-30 07:37:42,507 [pool-170-thread-1] INFO  impl.RaftServerImpl (RaftServerImpl.java:<init>(93)) - 9570f0ce-31bf-44b3-921f-a36f22efea54: new RaftServerImpl for group-CB9C606E82CE:[dc0e8eda-8843-49e8-9024-f7c59bdcd9bc:192.168.34.43:34002, dcd35ce2-5653-4064-9aff-c1a2cac3fe1c:192.168.34.43:41594, 9570f0ce-31bf-44b3-921f-a36f22efea54:192.168.34.43:35099] with ContainerStateMachine:uninitialized
2019-08-30 07:37:42,507 [pool-170-thread-1] INFO  server.RaftServerConfigKeys (ConfUtils.java:logGet(43)) - raft.server.rpc.timeout.min = 5s (custom)
2019-08-30 07:37:42,508 [pool-170-thread-1] INFO  server.RaftServerConfigKeys (ConfUtils.java:logGet(43)) - raft.server.rpc.timeout.max = 5200ms (custom)
2019-08-30 07:37:42,508 [pool-170-thread-1] INFO  server.RaftServerConfigKeys (ConfUtils.java:logGet(43)) - raft.server.rpcslowness.timeout = 120s (custom)
2019-08-30 07:37:42,508 [pool-181-thread-1] INFO  impl.RaftServerImpl (RaftServerImpl.java:<init>(93)) - dc0e8eda-8843-49e8-9024-f7c59bdcd9bc: new RaftServerImpl for group-CB9C606E82CE:[dc0e8eda-8843-49e8-9024-f7c59bdcd9bc:192.168.34.43:34002, dcd35ce2-5653-4064-9aff-c1a2cac3fe1c:192.168.34.43:41594, 9570f0ce-31bf-44b3-921f-a36f22efea54:192.168.34.43:35099] with ContainerStateMachine:uninitialized
2019-08-30 07:37:42,508 [pool-170-thread-1] INFO  server.RaftServerConfigKeys (ConfUtils.java:logGet(43)) - raft.server.sleep.deviation.threshold = 300 (default)
2019-08-30 07:37:42,508 [pool-181-thread-1] INFO  server.RaftServerConfigKeys (ConfUtils.java:logGet(43)) - raft.server.rpc.timeout.min = 5s (custom)
2019-08-30 07:37:42,508 [pool-170-thread-1] INFO  server.RaftServerConfigKeys (ConfUtils.java:logGet(43)) - raft.server.log.appender.install.snapshot.enabled = false (custom)
2019-08-30 07:37:42,509 [pool-181-thread-1] INFO  server.RaftServerConfigKeys (ConfUtils.java:logGet(43)) - raft.server.rpc.timeout.max = 5200ms (custom)
2019-08-30 07:37:42,509 [pool-170-thread-1] INFO  impl.RaftServerImpl (ServerState.java:<init>(105)) - 9570f0ce-31bf-44b3-921f-a36f22efea54:group-CB9C606E82CE ConfigurationManager, init=-1: [dc0e8eda-8843-49e8-9024-f7c59bdcd9bc:192.168.34.43:34002, dcd35ce2-5653-4064-9aff-c1a2cac3fe1c:192.168.34.43:41594, 9570f0ce-31bf-44b3-921f-a36f22efea54:192.168.34.43:35099], old=null, confs=<EMPTY_MAP>
2019-08-30 07:37:42,509 [pool-159-thread-1] INFO  impl.RaftServerImpl (RaftServerImpl.java:<init>(93)) - dcd35ce2-5653-4064-9aff-c1a2cac3fe1c: new RaftServerImpl for group-CB9C606E82CE:[dc0e8eda-8843-49e8-9024-f7c59bdcd9bc:192.168.34.43:34002, dcd35ce2-5653-4064-9aff-c1a2cac3fe1c:192.168.34.43:41594, 9570f0ce-31bf-44b3-921f-a36f22efea54:192.168.34.43:35099] with ContainerStateMachine:uninitialized
2019-08-30 07:37:42,509 [pool-170-thread-1] INFO  server.RaftServerConfigKeys (ConfUtils.java:logGet(43)) - raft.server.storage.dir = [/workdir/hadoop-ozone/integration-test/target/test-dir/MiniOzoneClusterImpl-3c7659ee-c795-4d58-8fb8-a1742cb39c82/datanode-4/data/ratis] (custom)
2019-08-30 07:37:42,509 [pool-181-thread-1] INFO  server.RaftServerConfigKeys (ConfUtils.java:logGet(43)) - raft.server.rpcslowness.timeout = 120s (custom)
2019-08-30 07:37:42,509 [pool-159-thread-1] INFO  server.RaftServerConfigKeys (ConfUtils.java:logGet(43)) - raft.server.rpc.timeout.min = 5s (custom)
2019-08-30 07:37:42,510 [pool-181-thread-1] INFO  server.RaftServerConfigKeys (ConfUtils.java:logGet(43)) - raft.server.sleep.deviation.threshold = 300 (default)
2019-08-30 07:37:42,510 [pool-170-thread-1] INFO  storage.RaftStorageDirectory (RaftStorageDirectory.java:analyzeStorage(246)) - The storage directory /workdir/hadoop-ozone/integration-test/target/test-dir/MiniOzoneClusterImpl-3c7659ee-c795-4d58-8fb8-a1742cb39c82/datanode-4/data/ratis/02840816-6a80-4468-84ff-cb9c606e82ce does not exist. Creating ...
2019-08-30 07:37:42,510 [pool-159-thread-1] INFO  server.RaftServerConfigKeys (ConfUtils.java:logGet(43)) - raft.server.rpc.timeout.max = 5200ms (custom)
2019-08-30 07:37:42,510 [pool-181-thread-1] INFO  server.RaftServerConfigKeys (ConfUtils.java:logGet(43)) - raft.server.log.appender.install.snapshot.enabled = false (custom)
2019-08-30 07:37:42,511 [pool-159-thread-1] INFO  server.RaftServerConfigKeys (ConfUtils.java:logGet(43)) - raft.server.rpcslowness.timeout = 120s (custom)
2019-08-30 07:37:42,511 [pool-181-thread-1] INFO  impl.RaftServerImpl (ServerState.java:<init>(105)) - dc0e8eda-8843-49e8-9024-f7c59bdcd9bc:group-CB9C606E82CE ConfigurationManager, init=-1: [dc0e8eda-8843-49e8-9024-f7c59bdcd9bc:192.168.34.43:34002, dcd35ce2-5653-4064-9aff-c1a2cac3fe1c:192.168.34.43:41594, 9570f0ce-31bf-44b3-921f-a36f22efea54:192.168.34.43:35099], old=null, confs=<EMPTY_MAP>
2019-08-30 07:37:42,511 [pool-159-thread-1] INFO  server.RaftServerConfigKeys (ConfUtils.java:logGet(43)) - raft.server.sleep.deviation.threshold = 300 (default)
2019-08-30 07:37:42,511 [pool-181-thread-1] INFO  server.RaftServerConfigKeys (ConfUtils.java:logGet(43)) - raft.server.storage.dir = [/workdir/hadoop-ozone/integration-test/target/test-dir/MiniOzoneClusterImpl-3c7659ee-c795-4d58-8fb8-a1742cb39c82/datanode-5/data/ratis] (custom)
2019-08-30 07:37:42,511 [pool-159-thread-1] INFO  server.RaftServerConfigKeys (ConfUtils.java:logGet(43)) - raft.server.log.appender.install.snapshot.enabled = false (custom)
2019-08-30 07:37:42,512 [pool-159-thread-1] INFO  impl.RaftServerImpl (ServerState.java:<init>(105)) - dcd35ce2-5653-4064-9aff-c1a2cac3fe1c:group-CB9C606E82CE ConfigurationManager, init=-1: [dc0e8eda-8843-49e8-9024-f7c59bdcd9bc:192.168.34.43:34002, dcd35ce2-5653-4064-9aff-c1a2cac3fe1c:192.168.34.43:41594, 9570f0ce-31bf-44b3-921f-a36f22efea54:192.168.34.43:35099], old=null, confs=<EMPTY_MAP>
2019-08-30 07:37:42,512 [pool-181-thread-1] INFO  storage.RaftStorageDirectory (RaftStorageDirectory.java:analyzeStorage(246)) - The storage directory /workdir/hadoop-ozone/integration-test/target/test-dir/MiniOzoneClusterImpl-3c7659ee-c795-4d58-8fb8-a1742cb39c82/datanode-5/data/ratis/02840816-6a80-4468-84ff-cb9c606e82ce does not exist. Creating ...
2019-08-30 07:37:42,512 [pool-159-thread-1] INFO  server.RaftServerConfigKeys (ConfUtils.java:logGet(43)) - raft.server.storage.dir = [/workdir/hadoop-ozone/integration-test/target/test-dir/MiniOzoneClusterImpl-3c7659ee-c795-4d58-8fb8-a1742cb39c82/datanode-3/data/ratis] (custom)
2019-08-30 07:37:42,512 [pool-159-thread-1] INFO  storage.RaftStorageDirectory (RaftStorageDirectory.java:analyzeStorage(246)) - The storage directory /workdir/hadoop-ozone/integration-test/target/test-dir/MiniOzoneClusterImpl-3c7659ee-c795-4d58-8fb8-a1742cb39c82/datanode-3/data/ratis/02840816-6a80-4468-84ff-cb9c606e82ce does not exist. Creating ...
2019-08-30 07:37:42,517 [pool-181-thread-1] INFO  storage.RaftStorageDirectory (RaftStorageDirectory.java:tryLock(328)) - Lock on /workdir/hadoop-ozone/integration-test/target/test-dir/MiniOzoneClusterImpl-3c7659ee-c795-4d58-8fb8-a1742cb39c82/datanode-5/data/ratis/02840816-6a80-4468-84ff-cb9c606e82ce/in_use.lock acquired by nodename 24101@pr-hdds-1569-qmmbh-26860099
2019-08-30 07:37:42,517 [pool-170-thread-1] INFO  storage.RaftStorageDirectory (RaftStorageDirectory.java:tryLock(328)) - Lock on /workdir/hadoop-ozone/integration-test/target/test-dir/MiniOzoneClusterImpl-3c7659ee-c795-4d58-8fb8-a1742cb39c82/datanode-4/data/ratis/02840816-6a80-4468-84ff-cb9c606e82ce/in_use.lock acquired by nodename 24101@pr-hdds-1569-qmmbh-26860099
2019-08-30 07:37:42,517 [pool-159-thread-1] INFO  storage.RaftStorageDirectory (RaftStorageDirectory.java:tryLock(328)) - Lock on /workdir/hadoop-ozone/integration-test/target/test-dir/MiniOzoneClusterImpl-3c7659ee-c795-4d58-8fb8-a1742cb39c82/datanode-3/data/ratis/02840816-6a80-4468-84ff-cb9c606e82ce/in_use.lock acquired by nodename 24101@pr-hdds-1569-qmmbh-26860099
2019-08-30 07:37:42,531 [pool-181-thread-1] INFO  storage.RaftStorage (RaftStorage.java:format(72)) - Storage directory /workdir/hadoop-ozone/integration-test/target/test-dir/MiniOzoneClusterImpl-3c7659ee-c795-4d58-8fb8-a1742cb39c82/datanode-5/data/ratis/02840816-6a80-4468-84ff-cb9c606e82ce has been successfully formatted.
2019-08-30 07:37:42,531 [pool-159-thread-1] INFO  storage.RaftStorage (RaftStorage.java:format(72)) - Storage directory /workdir/hadoop-ozone/integration-test/target/test-dir/MiniOzoneClusterImpl-3c7659ee-c795-4d58-8fb8-a1742cb39c82/datanode-3/data/ratis/02840816-6a80-4468-84ff-cb9c606e82ce has been successfully formatted.
2019-08-30 07:37:42,531 [pool-170-thread-1] INFO  storage.RaftStorage (RaftStorage.java:format(72)) - Storage directory /workdir/hadoop-ozone/integration-test/target/test-dir/MiniOzoneClusterImpl-3c7659ee-c795-4d58-8fb8-a1742cb39c82/datanode-4/data/ratis/02840816-6a80-4468-84ff-cb9c606e82ce has been successfully formatted.
2019-08-30 07:37:42,532 [pool-159-thread-1] INFO  ratis.ContainerStateMachine (ContainerStateMachine.java:loadSnapshot(226)) - group-CB9C606E82CE: The snapshot info is null. Setting the last applied indexto:(t:0, i:~)
2019-08-30 07:37:42,532 [pool-170-thread-1] INFO  ratis.ContainerStateMachine (ContainerStateMachine.java:loadSnapshot(226)) - group-CB9C606E82CE: The snapshot info is null. Setting the last applied indexto:(t:0, i:~)
2019-08-30 07:37:42,532 [pool-159-thread-1] INFO  server.RaftServerConfigKeys (ConfUtils.java:logGet(43)) - raft.server.leader.election.timeout = 120s (custom)
2019-08-30 07:37:42,532 [pool-181-thread-1] INFO  ratis.ContainerStateMachine (ContainerStateMachine.java:loadSnapshot(226)) - group-CB9C606E82CE: The snapshot info is null. Setting the last applied indexto:(t:0, i:~)
2019-08-30 07:37:42,532 [pool-170-thread-1] INFO  server.RaftServerConfigKeys (ConfUtils.java:logGet(43)) - raft.server.leader.election.timeout = 120s (custom)
2019-08-30 07:37:42,532 [pool-181-thread-1] INFO  server.RaftServerConfigKeys (ConfUtils.java:logGet(43)) - raft.server.leader.election.timeout = 120s (custom)
2019-08-30 07:37:42,532 [pool-159-thread-1] INFO  server.RaftServerConfigKeys (ConfUtils.java:logGet(43)) - raft.server.log.use.memory = false (default)
2019-08-30 07:37:42,533 [pool-181-thread-1] INFO  server.RaftServerConfigKeys (ConfUtils.java:logGet(43)) - raft.server.log.use.memory = false (default)
2019-08-30 07:37:42,533 [pool-170-thread-1] INFO  server.RaftServerConfigKeys (ConfUtils.java:logGet(43)) - raft.server.log.use.memory = false (default)
2019-08-30 07:37:42,533 [pool-181-thread-1] INFO  server.RaftServerConfigKeys (ConfUtils.java:logGet(43)) - raft.server.log.purge.gap = 1000000 (custom)
2019-08-30 07:37:42,533 [pool-159-thread-1] INFO  server.RaftServerConfigKeys (ConfUtils.java:logGet(43)) - raft.server.log.purge.gap = 1000000 (custom)
2019-08-30 07:37:42,534 [pool-181-thread-1] INFO  server.RaftServerConfigKeys (ConfUtils.java:logGet(43)) - raft.server.log.appender.buffer.byte-limit = 33554432 (custom)
2019-08-30 07:37:42,533 [pool-170-thread-1] INFO  server.RaftServerConfigKeys (ConfUtils.java:logGet(43)) - raft.server.log.purge.gap = 1000000 (custom)
2019-08-30 07:37:42,534 [pool-181-thread-1] INFO  server.RaftServerConfigKeys (ConfUtils.java:logGet(43)) - raft.server.log.segment.size.max = 1048576 (custom)
2019-08-30 07:37:42,534 [pool-159-thread-1] INFO  server.RaftServerConfigKeys (ConfUtils.java:logGet(43)) - raft.server.log.appender.buffer.byte-limit = 33554432 (custom)
2019-08-30 07:37:42,535 [pool-181-thread-1] INFO  server.RaftServerConfigKeys (ConfUtils.java:logGet(43)) - raft.server.log.segment.cache.num.max = 2 (custom)
2019-08-30 07:37:42,534 [pool-170-thread-1] INFO  server.RaftServerConfigKeys (ConfUtils.java:logGet(43)) - raft.server.log.appender.buffer.byte-limit = 33554432 (custom)
2019-08-30 07:37:42,535 [pool-181-thread-1] INFO  segmented.SegmentedRaftLogWorker (SegmentedRaftLogWorker.java:<init>(172)) - new dc0e8eda-8843-49e8-9024-f7c59bdcd9bc-SegmentedRaftLogWorker:Storage Directory /workdir/hadoop-ozone/integration-test/target/test-dir/MiniOzoneClusterImpl-3c7659ee-c795-4d58-8fb8-a1742cb39c82/datanode-5/data/ratis/02840816-6a80-4468-84ff-cb9c606e82ce for RaftStorage:Storage Directory /workdir/hadoop-ozone/integration-test/target/test-dir/MiniOzoneClusterImpl-3c7659ee-c795-4d58-8fb8-a1742cb39c82/datanode-5/data/ratis/02840816-6a80-4468-84ff-cb9c606e82ce
2019-08-30 07:37:42,535 [pool-159-thread-1] INFO  server.RaftServerConfigKeys (ConfUtils.java:logGet(43)) - raft.server.log.segment.size.max = 1048576 (custom)
2019-08-30 07:37:42,536 [pool-181-thread-1] INFO  server.RaftServerConfigKeys (ConfUtils.java:logGet(43)) - raft.server.log.queue.byte-limit = 2147483647 (custom)
2019-08-30 07:37:42,535 [pool-170-thread-1] INFO  server.RaftServerConfigKeys (ConfUtils.java:logGet(43)) - raft.server.log.segment.size.max = 1048576 (custom)
2019-08-30 07:37:42,536 [pool-181-thread-1] INFO  server.RaftServerConfigKeys (ConfUtils.java:logGet(43)) - raft.server.log.queue.element-limit = 1024 (custom)
2019-08-30 07:37:42,536 [pool-159-thread-1] INFO  server.RaftServerConfigKeys (ConfUtils.java:logGet(43)) - raft.server.log.segment.cache.num.max = 2 (custom)
2019-08-30 07:37:42,536 [pool-181-thread-1] INFO  server.RaftServerConfigKeys (ConfUtils.java:logGet(43)) - raft.server.log.segment.size.max = 1048576 (custom)
2019-08-30 07:37:42,536 [pool-170-thread-1] INFO  server.RaftServerConfigKeys (ConfUtils.java:logGet(43)) - raft.server.log.segment.cache.num.max = 2 (custom)
2019-08-30 07:37:42,537 [pool-181-thread-1] INFO  server.RaftServerConfigKeys (ConfUtils.java:logGet(43)) - raft.server.log.preallocated.size = 16384 (custom)
2019-08-30 07:37:42,537 [pool-159-thread-1] INFO  segmented.SegmentedRaftLogWorker (SegmentedRaftLogWorker.java:<init>(172)) - new dcd35ce2-5653-4064-9aff-c1a2cac3fe1c-SegmentedRaftLogWorker:Storage Directory /workdir/hadoop-ozone/integration-test/target/test-dir/MiniOzoneClusterImpl-3c7659ee-c795-4d58-8fb8-a1742cb39c82/datanode-3/data/ratis/02840816-6a80-4468-84ff-cb9c606e82ce for RaftStorage:Storage Directory /workdir/hadoop-ozone/integration-test/target/test-dir/MiniOzoneClusterImpl-3c7659ee-c795-4d58-8fb8-a1742cb39c82/datanode-3/data/ratis/02840816-6a80-4468-84ff-cb9c606e82ce
2019-08-30 07:37:42,537 [pool-181-thread-1] INFO  server.RaftServerConfigKeys (ConfUtils.java:logGet(43)) - raft.server.log.write.buffer.size = 33554432 (custom)
2019-08-30 07:37:42,537 [pool-170-thread-1] INFO  segmented.SegmentedRaftLogWorker (SegmentedRaftLogWorker.java:<init>(172)) - new 9570f0ce-31bf-44b3-921f-a36f22efea54-SegmentedRaftLogWorker:Storage Directory /workdir/hadoop-ozone/integration-test/target/test-dir/MiniOzoneClusterImpl-3c7659ee-c795-4d58-8fb8-a1742cb39c82/datanode-4/data/ratis/02840816-6a80-4468-84ff-cb9c606e82ce for RaftStorage:Storage Directory /workdir/hadoop-ozone/integration-test/target/test-dir/MiniOzoneClusterImpl-3c7659ee-c795-4d58-8fb8-a1742cb39c82/datanode-4/data/ratis/02840816-6a80-4468-84ff-cb9c606e82ce
2019-08-30 07:37:42,538 [pool-181-thread-1] INFO  server.RaftServerConfigKeys (ConfUtils.java:logGet(43)) - raft.server.log.force.sync.num = 128 (default)
2019-08-30 07:37:42,537 [pool-159-thread-1] INFO  server.RaftServerConfigKeys (ConfUtils.java:logGet(43)) - raft.server.log.queue.byte-limit = 2147483647 (custom)
2019-08-30 07:37:42,538 [pool-181-thread-1] INFO  server.RaftServerConfigKeys (ConfUtils.java:logGet(43)) - raft.server.log.statemachine.data.sync = true (default)
2019-08-30 07:37:42,538 [pool-170-thread-1] INFO  server.RaftServerConfigKeys (ConfUtils.java:logGet(43)) - raft.server.log.queue.byte-limit = 2147483647 (custom)
2019-08-30 07:37:42,538 [pool-159-thread-1] INFO  server.RaftServerConfigKeys (ConfUtils.java:logGet(43)) - raft.server.log.queue.element-limit = 1024 (custom)
2019-08-30 07:37:42,539 [pool-181-thread-1] INFO  server.RaftServerConfigKeys (ConfUtils.java:logGet(43)) - raft.server.log.statemachine.data.sync.timeout = 10s (default)
2019-08-30 07:37:42,539 [pool-170-thread-1] INFO  server.RaftServerConfigKeys (ConfUtils.java:logGet(43)) - raft.server.log.queue.element-limit = 1024 (custom)
2019-08-30 07:37:42,539 [pool-181-thread-1] INFO  server.RaftServerConfigKeys (ConfUtils.java:logGet(43)) - raft.server.log.statemachine.data.sync.timeout.retry = -1 (default)
2019-08-30 07:37:42,539 [pool-159-thread-1] INFO  server.RaftServerConfigKeys (ConfUtils.java:logGet(43)) - raft.server.log.segment.size.max = 1048576 (custom)
2019-08-30 07:37:42,540 [pool-181-thread-1] INFO  server.RaftServerConfigKeys (ConfUtils.java:logGet(43)) - raft.server.log.statemachine.data.caching.enabled = true (custom)
2019-08-30 07:37:42,539 [pool-170-thread-1] INFO  server.RaftServerConfigKeys (ConfUtils.java:logGet(43)) - raft.server.log.segment.size.max = 1048576 (custom)
2019-08-30 07:37:42,540 [pool-159-thread-1] INFO  server.RaftServerConfigKeys (ConfUtils.java:logGet(43)) - raft.server.log.preallocated.size = 16384 (custom)
2019-08-30 07:37:42,540 [pool-181-thread-1] INFO  segmented.SegmentedRaftLogWorker (SegmentedRaftLogWorker.java:lambda$new$0(132)) - dc0e8eda-8843-49e8-9024-f7c59bdcd9bc-SegmentedRaftLogWorker:Storage Directory /workdir/hadoop-ozone/integration-test/target/test-dir/MiniOzoneClusterImpl-3c7659ee-c795-4d58-8fb8-a1742cb39c82/datanode-5/data/ratis/02840816-6a80-4468-84ff-cb9c606e82ce: flushIndex: setUnconditionally 0 -> -1
2019-08-30 07:37:42,540 [pool-170-thread-1] INFO  server.RaftServerConfigKeys (ConfUtils.java:logGet(43)) - raft.server.log.preallocated.size = 16384 (custom)
2019-08-30 07:37:42,540 [pool-159-thread-1] INFO  server.RaftServerConfigKeys (ConfUtils.java:logGet(43)) - raft.server.log.write.buffer.size = 33554432 (custom)
2019-08-30 07:37:42,541 [pool-181-thread-1] INFO  server.RaftServerConfigKeys (ConfUtils.java:logGet(43)) - raft.server.snapshot.auto.trigger.enabled = true (custom)
2019-08-30 07:37:42,541 [pool-170-thread-1] INFO  server.RaftServerConfigKeys (ConfUtils.java:logGet(43)) - raft.server.log.write.buffer.size = 33554432 (custom)
2019-08-30 07:37:42,541 [pool-181-thread-1] INFO  server.RaftServerConfigKeys (ConfUtils.java:logGet(43)) - raft.server.snapshot.auto.trigger.threshold = 10000 (custom)
2019-08-30 07:37:42,541 [pool-159-thread-1] INFO  server.RaftServerConfigKeys (ConfUtils.java:logGet(43)) - raft.server.log.force.sync.num = 128 (default)
2019-08-30 07:37:42,542 [pool-181-thread-1] INFO  server.RaftServerConfigKeys (ConfUtils.java:logGet(43)) - raft.server.retrycache.expirytime = 600000ms (custom)
2019-08-30 07:37:42,541 [pool-170-thread-1] INFO  server.RaftServerConfigKeys (ConfUtils.java:logGet(43)) - raft.server.log.force.sync.num = 128 (default)
2019-08-30 07:37:42,542 [pool-181-thread-1] INFO  impl.RaftServerImpl (RaftServerImpl.java:start(180)) - dc0e8eda-8843-49e8-9024-f7c59bdcd9bc: start group-CB9C606E82CE
2019-08-30 07:37:42,542 [pool-159-thread-1] INFO  server.RaftServerConfigKeys (ConfUtils.java:logGet(43)) - raft.server.log.statemachine.data.sync = true (default)
2019-08-30 07:37:42,543 [pool-181-thread-1] INFO  impl.RaftServerImpl (RaftServerImpl.java:setRole(171)) - dc0e8eda-8843-49e8-9024-f7c59bdcd9bc:group-CB9C606E82CE changes role from null to FOLLOWER at term 0 for startAsFollower
2019-08-30 07:37:42,542 [pool-170-thread-1] INFO  server.RaftServerConfigKeys (ConfUtils.java:logGet(43)) - raft.server.log.statemachine.data.sync = true (default)
2019-08-30 07:37:42,543 [pool-181-thread-1] INFO  impl.RoleInfo (RoleInfo.java:updateAndGet(143)) - dc0e8eda-8843-49e8-9024-f7c59bdcd9bc: start FollowerState
2019-08-30 07:37:42,543 [pool-159-thread-1] INFO  server.RaftServerConfigKeys (ConfUtils.java:logGet(43)) - raft.server.log.statemachine.data.sync.timeout = 10s (default)
2019-08-30 07:37:42,543 [pool-170-thread-1] INFO  server.RaftServerConfigKeys (ConfUtils.java:logGet(43)) - raft.server.log.statemachine.data.sync.timeout = 10s (default)
2019-08-30 07:37:42,544 [pool-159-thread-1] INFO  server.RaftServerConfigKeys (ConfUtils.java:logGet(43)) - raft.server.log.statemachine.data.sync.timeout.retry = -1 (default)
2019-08-30 07:37:42,544 [pool-181-thread-1] INFO  util.JmxRegister (JmxRegister.java:tryRegister(44)) - Successfully registered JMX Bean with object name Ratis:service=RaftServer,group=group-CB9C606E82CE,id=dc0e8eda-8843-49e8-9024-f7c59bdcd9bc
2019-08-30 07:37:42,544 [pool-159-thread-1] INFO  server.RaftServerConfigKeys (ConfUtils.java:logGet(43)) - raft.server.log.statemachine.data.caching.enabled = true (custom)
2019-08-30 07:37:42,544 [pool-170-thread-1] INFO  server.RaftServerConfigKeys (ConfUtils.java:logGet(43)) - raft.server.log.statemachine.data.sync.timeout.retry = -1 (default)
2019-08-30 07:37:42,545 [pool-159-thread-1] INFO  segmented.SegmentedRaftLogWorker (SegmentedRaftLogWorker.java:lambda$new$0(132)) - dcd35ce2-5653-4064-9aff-c1a2cac3fe1c-SegmentedRaftLogWorker:Storage Directory /workdir/hadoop-ozone/integration-test/target/test-dir/MiniOzoneClusterImpl-3c7659ee-c795-4d58-8fb8-a1742cb39c82/datanode-3/data/ratis/02840816-6a80-4468-84ff-cb9c606e82ce: flushIndex: setUnconditionally 0 -> -1
2019-08-30 07:37:42,545 [pool-170-thread-1] INFO  server.RaftServerConfigKeys (ConfUtils.java:logGet(43)) - raft.server.log.statemachine.data.caching.enabled = true (custom)
2019-08-30 07:37:42,546 [pool-159-thread-1] INFO  server.RaftServerConfigKeys (ConfUtils.java:logGet(43)) - raft.server.snapshot.auto.trigger.enabled = true (custom)
2019-08-30 07:37:42,546 [pool-170-thread-1] INFO  segmented.SegmentedRaftLogWorker (SegmentedRaftLogWorker.java:lambda$new$0(132)) - 9570f0ce-31bf-44b3-921f-a36f22efea54-SegmentedRaftLogWorker:Storage Directory /workdir/hadoop-ozone/integration-test/target/test-dir/MiniOzoneClusterImpl-3c7659ee-c795-4d58-8fb8-a1742cb39c82/datanode-4/data/ratis/02840816-6a80-4468-84ff-cb9c606e82ce: flushIndex: setUnconditionally 0 -> -1
2019-08-30 07:37:42,546 [pool-159-thread-1] INFO  server.RaftServerConfigKeys (ConfUtils.java:logGet(43)) - raft.server.snapshot.auto.trigger.threshold = 10000 (custom)
2019-08-30 07:37:42,546 [pool-170-thread-1] INFO  server.RaftServerConfigKeys (ConfUtils.java:logGet(43)) - raft.server.snapshot.auto.trigger.enabled = true (custom)
2019-08-30 07:37:42,547 [pool-170-thread-1] INFO  server.RaftServerConfigKeys (ConfUtils.java:logGet(43)) - raft.server.snapshot.auto.trigger.threshold = 10000 (custom)
2019-08-30 07:37:42,547 [pool-159-thread-1] INFO  server.RaftServerConfigKeys (ConfUtils.java:logGet(43)) - raft.server.retrycache.expirytime = 600000ms (custom)
2019-08-30 07:37:42,547 [pool-170-thread-1] INFO  server.RaftServerConfigKeys (ConfUtils.java:logGet(43)) - raft.server.retrycache.expirytime = 600000ms (custom)
2019-08-30 07:37:42,547 [pool-159-thread-1] INFO  impl.RaftServerImpl (RaftServerImpl.java:start(180)) - dcd35ce2-5653-4064-9aff-c1a2cac3fe1c: start group-CB9C606E82CE
2019-08-30 07:37:42,547 [pool-170-thread-1] INFO  impl.RaftServerImpl (RaftServerImpl.java:start(180)) - 9570f0ce-31bf-44b3-921f-a36f22efea54: start group-CB9C606E82CE
2019-08-30 07:37:42,547 [pool-159-thread-1] INFO  impl.RaftServerImpl (RaftServerImpl.java:setRole(171)) - dcd35ce2-5653-4064-9aff-c1a2cac3fe1c:group-CB9C606E82CE changes role from null to FOLLOWER at term 0 for startAsFollower
2019-08-30 07:37:42,548 [pool-170-thread-1] INFO  impl.RaftServerImpl (RaftServerImpl.java:setRole(171)) - 9570f0ce-31bf-44b3-921f-a36f22efea54:group-CB9C606E82CE changes role from null to FOLLOWER at term 0 for startAsFollower
2019-08-30 07:37:42,548 [pool-159-thread-1] INFO  impl.RoleInfo (RoleInfo.java:updateAndGet(143)) - dcd35ce2-5653-4064-9aff-c1a2cac3fe1c: start FollowerState
2019-08-30 07:37:42,548 [pool-170-thread-1] INFO  impl.RoleInfo (RoleInfo.java:updateAndGet(143)) - 9570f0ce-31bf-44b3-921f-a36f22efea54: start FollowerState
2019-08-30 07:37:42,549 [pool-159-thread-1] INFO  util.JmxRegister (JmxRegister.java:tryRegister(44)) - Successfully registered JMX Bean with object name Ratis:service=RaftServer,group=group-CB9C606E82CE,id=dcd35ce2-5653-4064-9aff-c1a2cac3fe1c
2019-08-30 07:37:42,549 [pool-170-thread-1] INFO  util.JmxRegister (JmxRegister.java:tryRegister(44)) - Successfully registered JMX Bean with object name Ratis:service=RaftServer,group=group-CB9C606E82CE,id=9570f0ce-31bf-44b3-921f-a36f22efea54
2019-08-30 07:37:42,553 [RatisPipelineUtilsThread] INFO  pipeline.PipelineStateManager (PipelineStateManager.java:addPipeline(56)) - Created pipeline Pipeline[ Id: 02840816-6a80-4468-84ff-cb9c606e82ce, Nodes: dcd35ce2-5653-4064-9aff-c1a2cac3fe1c{ip: 192.168.34.43, host: pr-hdds-1569-qmmbh-26860099, networkLocation: /default-rack, certSerialId: null}9570f0ce-31bf-44b3-921f-a36f22efea54{ip: 192.168.34.43, host: pr-hdds-1569-qmmbh-26860099, networkLocation: /default-rack, certSerialId: null}dc0e8eda-8843-49e8-9024-f7c59bdcd9bc{ip: 192.168.34.43, host: pr-hdds-1569-qmmbh-26860099, networkLocation: /default-rack, certSerialId: null}, Type:RATIS, Factor:THREE, State:OPEN]
2019-08-30 07:37:42,702 [main] INFO  ozone.MiniOzoneClusterImpl (MiniOzoneClusterImpl.java:lambda$waitForClusterToBeReady$0(142)) - Waiting for cluster to be ready. Got 6 of 7 DN Heartbeats.
2019-08-30 07:37:42,704 [IPC Server handler 5 on 40836] INFO  net.NetworkTopology (NetworkTopologyImpl.java:add(110)) - Added a new node: /default-rack/722c9a0b-3ca8-46f2-9cba-02fdf2a68848
2019-08-30 07:37:42,705 [IPC Server handler 5 on 40836] INFO  node.SCMNodeManager (SCMNodeManager.java:register(274)) - Registered Data node : 722c9a0b-3ca8-46f2-9cba-02fdf2a68848{ip: 192.168.34.43, host: pr-hdds-1569-qmmbh-26860099, networkLocation: /default-rack, certSerialId: null}
2019-08-30 07:37:42,705 | INFO  | SCMAudit | user=jenkins1000 | ip=192.168.34.43 | op=REGISTER {datanodeDetails=722c9a0b-3ca8-46f2-9cba-02fdf2a68848{ip: 192.168.34.43, host: pr-hdds-1569-qmmbh-26860099, networkLocation: /default-rack, certSerialId: null}} | ret=SUCCESS |  
2019-08-30 07:37:42,717 [grpc-default-executor-4] INFO  impl.RaftServerProxy (RaftServerProxy.java:addNew(89)) - 722c9a0b-3ca8-46f2-9cba-02fdf2a68848: addNew group-CEC63CD04ED5:[722c9a0b-3ca8-46f2-9cba-02fdf2a68848:192.168.34.43:36101] returns group-CEC63CD04ED5:java.util.concurrent.CompletableFuture@6c904848[Not completed]
2019-08-30 07:37:42,719 [pool-192-thread-1] INFO  impl.RaftServerImpl (RaftServerImpl.java:<init>(93)) - 722c9a0b-3ca8-46f2-9cba-02fdf2a68848: new RaftServerImpl for group-CEC63CD04ED5:[722c9a0b-3ca8-46f2-9cba-02fdf2a68848:192.168.34.43:36101] with ContainerStateMachine:uninitialized
2019-08-30 07:37:42,719 [pool-192-thread-1] INFO  server.RaftServerConfigKeys (ConfUtils.java:logGet(43)) - raft.server.rpc.timeout.min = 5s (custom)
2019-08-30 07:37:42,720 [pool-192-thread-1] INFO  server.RaftServerConfigKeys (ConfUtils.java:logGet(43)) - raft.server.rpc.timeout.max = 5200ms (custom)
2019-08-30 07:37:42,720 [pool-192-thread-1] INFO  server.RaftServerConfigKeys (ConfUtils.java:logGet(43)) - raft.server.rpcslowness.timeout = 120s (custom)
2019-08-30 07:37:42,720 [pool-192-thread-1] INFO  server.RaftServerConfigKeys (ConfUtils.java:logGet(43)) - raft.server.sleep.deviation.threshold = 300 (default)
2019-08-30 07:37:42,720 [pool-192-thread-1] INFO  server.RaftServerConfigKeys (ConfUtils.java:logGet(43)) - raft.server.log.appender.install.snapshot.enabled = false (custom)
2019-08-30 07:37:42,721 [pool-192-thread-1] INFO  impl.RaftServerImpl (ServerState.java:<init>(105)) - 722c9a0b-3ca8-46f2-9cba-02fdf2a68848:group-CEC63CD04ED5 ConfigurationManager, init=-1: [722c9a0b-3ca8-46f2-9cba-02fdf2a68848:192.168.34.43:36101], old=null, confs=<EMPTY_MAP>
2019-08-30 07:37:42,721 [pool-192-thread-1] INFO  server.RaftServerConfigKeys (ConfUtils.java:logGet(43)) - raft.server.storage.dir = [/workdir/hadoop-ozone/integration-test/target/test-dir/MiniOzoneClusterImpl-3c7659ee-c795-4d58-8fb8-a1742cb39c82/datanode-6/data/ratis] (custom)
2019-08-30 07:37:42,722 [pool-192-thread-1] INFO  storage.RaftStorageDirectory (RaftStorageDirectory.java:analyzeStorage(246)) - The storage directory /workdir/hadoop-ozone/integration-test/target/test-dir/MiniOzoneClusterImpl-3c7659ee-c795-4d58-8fb8-a1742cb39c82/datanode-6/data/ratis/8c113b92-73c2-4be9-809b-cec63cd04ed5 does not exist. Creating ...
2019-08-30 07:37:42,735 [pool-192-thread-1] INFO  storage.RaftStorageDirectory (RaftStorageDirectory.java:tryLock(328)) - Lock on /workdir/hadoop-ozone/integration-test/target/test-dir/MiniOzoneClusterImpl-3c7659ee-c795-4d58-8fb8-a1742cb39c82/datanode-6/data/ratis/8c113b92-73c2-4be9-809b-cec63cd04ed5/in_use.lock acquired by nodename 24101@pr-hdds-1569-qmmbh-26860099
2019-08-30 07:37:42,749 [pool-192-thread-1] INFO  storage.RaftStorage (RaftStorage.java:format(72)) - Storage directory /workdir/hadoop-ozone/integration-test/target/test-dir/MiniOzoneClusterImpl-3c7659ee-c795-4d58-8fb8-a1742cb39c82/datanode-6/data/ratis/8c113b92-73c2-4be9-809b-cec63cd04ed5 has been successfully formatted.
2019-08-30 07:37:42,750 [pool-192-thread-1] INFO  ratis.ContainerStateMachine (ContainerStateMachine.java:loadSnapshot(226)) - group-CEC63CD04ED5: The snapshot info is null. Setting the last applied indexto:(t:0, i:~)
2019-08-30 07:37:42,750 [pool-192-thread-1] INFO  server.RaftServerConfigKeys (ConfUtils.java:logGet(43)) - raft.server.leader.election.timeout = 120s (custom)
2019-08-30 07:37:42,750 [pool-192-thread-1] INFO  server.RaftServerConfigKeys (ConfUtils.java:logGet(43)) - raft.server.log.use.memory = false (default)
2019-08-30 07:37:42,750 [pool-192-thread-1] INFO  server.RaftServerConfigKeys (ConfUtils.java:logGet(43)) - raft.server.log.purge.gap = 1000000 (custom)
2019-08-30 07:37:42,751 [pool-192-thread-1] INFO  server.RaftServerConfigKeys (ConfUtils.java:logGet(43)) - raft.server.log.appender.buffer.byte-limit = 33554432 (custom)
2019-08-30 07:37:42,751 [pool-192-thread-1] INFO  server.RaftServerConfigKeys (ConfUtils.java:logGet(43)) - raft.server.log.segment.size.max = 1048576 (custom)
2019-08-30 07:37:42,751 [pool-192-thread-1] INFO  server.RaftServerConfigKeys (ConfUtils.java:logGet(43)) - raft.server.log.segment.cache.num.max = 2 (custom)
2019-08-30 07:37:42,751 [pool-192-thread-1] INFO  segmented.SegmentedRaftLogWorker (SegmentedRaftLogWorker.java:<init>(172)) - new 722c9a0b-3ca8-46f2-9cba-02fdf2a68848-SegmentedRaftLogWorker:Storage Directory /workdir/hadoop-ozone/integration-test/target/test-dir/MiniOzoneClusterImpl-3c7659ee-c795-4d58-8fb8-a1742cb39c82/datanode-6/data/ratis/8c113b92-73c2-4be9-809b-cec63cd04ed5 for RaftStorage:Storage Directory /workdir/hadoop-ozone/integration-test/target/test-dir/MiniOzoneClusterImpl-3c7659ee-c795-4d58-8fb8-a1742cb39c82/datanode-6/data/ratis/8c113b92-73c2-4be9-809b-cec63cd04ed5
2019-08-30 07:37:42,751 [pool-192-thread-1] INFO  server.RaftServerConfigKeys (ConfUtils.java:logGet(43)) - raft.server.log.queue.byte-limit = 2147483647 (custom)
2019-08-30 07:37:42,751 [pool-192-thread-1] INFO  server.RaftServerConfigKeys (ConfUtils.java:logGet(43)) - raft.server.log.queue.element-limit = 1024 (custom)
2019-08-30 07:37:42,752 [pool-192-thread-1] INFO  server.RaftServerConfigKeys (ConfUtils.java:logGet(43)) - raft.server.log.segment.size.max = 1048576 (custom)
2019-08-30 07:37:42,752 [pool-192-thread-1] INFO  server.RaftServerConfigKeys (ConfUtils.java:logGet(43)) - raft.server.log.preallocated.size = 16384 (custom)
2019-08-30 07:37:42,752 [pool-192-thread-1] INFO  server.RaftServerConfigKeys (ConfUtils.java:logGet(43)) - raft.server.log.write.buffer.size = 33554432 (custom)
2019-08-30 07:37:42,752 [pool-192-thread-1] INFO  server.RaftServerConfigKeys (ConfUtils.java:logGet(43)) - raft.server.log.force.sync.num = 128 (default)
2019-08-30 07:37:42,752 [pool-192-thread-1] INFO  server.RaftServerConfigKeys (ConfUtils.java:logGet(43)) - raft.server.log.statemachine.data.sync = true (default)
2019-08-30 07:37:42,753 [pool-192-thread-1] INFO  server.RaftServerConfigKeys (ConfUtils.java:logGet(43)) - raft.server.log.statemachine.data.sync.timeout = 10s (default)
2019-08-30 07:37:42,753 [pool-192-thread-1] INFO  server.RaftServerConfigKeys (ConfUtils.java:logGet(43)) - raft.server.log.statemachine.data.sync.timeout.retry = -1 (default)
2019-08-30 07:37:42,753 [pool-192-thread-1] INFO  server.RaftServerConfigKeys (ConfUtils.java:logGet(43)) - raft.server.log.statemachine.data.caching.enabled = true (custom)
2019-08-30 07:37:42,753 [pool-192-thread-1] INFO  segmented.SegmentedRaftLogWorker (SegmentedRaftLogWorker.java:lambda$new$0(132)) - 722c9a0b-3ca8-46f2-9cba-02fdf2a68848-SegmentedRaftLogWorker:Storage Directory /workdir/hadoop-ozone/integration-test/target/test-dir/MiniOzoneClusterImpl-3c7659ee-c795-4d58-8fb8-a1742cb39c82/datanode-6/data/ratis/8c113b92-73c2-4be9-809b-cec63cd04ed5: flushIndex: setUnconditionally 0 -> -1
2019-08-30 07:37:42,754 [pool-192-thread-1] INFO  server.RaftServerConfigKeys (ConfUtils.java:logGet(43)) - raft.server.snapshot.auto.trigger.enabled = true (custom)
2019-08-30 07:37:42,754 [pool-192-thread-1] INFO  server.RaftServerConfigKeys (ConfUtils.java:logGet(43)) - raft.server.snapshot.auto.trigger.threshold = 10000 (custom)
2019-08-30 07:37:42,754 [pool-192-thread-1] INFO  server.RaftServerConfigKeys (ConfUtils.java:logGet(43)) - raft.server.retrycache.expirytime = 600000ms (custom)
2019-08-30 07:37:42,754 [pool-192-thread-1] INFO  impl.RaftServerImpl (RaftServerImpl.java:start(180)) - 722c9a0b-3ca8-46f2-9cba-02fdf2a68848: start group-CEC63CD04ED5
2019-08-30 07:37:42,755 [pool-192-thread-1] INFO  impl.RaftServerImpl (RaftServerImpl.java:setRole(171)) - 722c9a0b-3ca8-46f2-9cba-02fdf2a68848:group-CEC63CD04ED5 changes role from null to FOLLOWER at term 0 for startAsFollower
2019-08-30 07:37:42,755 [pool-192-thread-1] INFO  impl.RoleInfo (RoleInfo.java:updateAndGet(143)) - 722c9a0b-3ca8-46f2-9cba-02fdf2a68848: start FollowerState
2019-08-30 07:37:42,755 [pool-192-thread-1] INFO  util.JmxRegister (JmxRegister.java:tryRegister(44)) - Successfully registered JMX Bean with object name Ratis:service=RaftServer,group=group-CEC63CD04ED5,id=722c9a0b-3ca8-46f2-9cba-02fdf2a68848
2019-08-30 07:37:42,758 [RatisPipelineUtilsThread] INFO  pipeline.PipelineStateManager (PipelineStateManager.java:addPipeline(56)) - Created pipeline Pipeline[ Id: 8c113b92-73c2-4be9-809b-cec63cd04ed5, Nodes: 722c9a0b-3ca8-46f2-9cba-02fdf2a68848{ip: 192.168.34.43, host: pr-hdds-1569-qmmbh-26860099, networkLocation: /default-rack, certSerialId: null}, Type:RATIS, Factor:ONE, State:OPEN]
2019-08-30 07:37:43,077 | INFO  | SCMAudit | user=jenkins1000 | ip=192.168.34.43 | op=SEND_HEARTBEAT {datanodeUUID=3bf132e1-02b6-4168-801a-3d7ce793c0d9, command=[]} | ret=SUCCESS |  
2019-08-30 07:37:43,276 | INFO  | SCMAudit | user=jenkins1000 | ip=192.168.34.43 | op=SEND_HEARTBEAT {datanodeUUID=34c5bf21-796a-477d-8f73-056dd6ef4f82, command=[]} | ret=SUCCESS |  
2019-08-30 07:37:43,470 | INFO  | SCMAudit | user=jenkins1000 | ip=192.168.34.43 | op=SEND_HEARTBEAT {datanodeUUID=9e64560e-57c0-404b-a5e3-eb70c00d39cc, command=[]} | ret=SUCCESS |  
2019-08-30 07:37:43,697 | INFO  | SCMAudit | user=jenkins1000 | ip=192.168.34.43 | op=SEND_HEARTBEAT {datanodeUUID=dcd35ce2-5653-4064-9aff-c1a2cac3fe1c, command=[]} | ret=SUCCESS |  
2019-08-30 07:37:43,703 [main] INFO  ozone.MiniOzoneClusterImpl (MiniOzoneClusterImpl.java:lambda$waitForClusterToBeReady$0(142)) - Cluster is ready. Got 7 of 7 DN Heartbeats.
2019-08-30 07:37:43,750 [main] INFO  rpc.RpcClient (RpcClient.java:createVolume(293)) - Creating Volume: testblockoutputstreamwithretries, with jenkins1000 as owner.
2019-08-30 07:37:43,753 | INFO  | OMAudit | user=jenkins1000 | ip=127.0.0.1 | op=CREATE_VOLUME {admin=jenkins1000, owner=jenkins1000, volume=testblockoutputstreamwithretries, creationTime=1567150663752, quotaInBytes=1152921504606846976} | ret=SUCCESS |  
2019-08-30 07:37:43,766 | INFO  | OMAudit | user=jenkins1000 | ip=127.0.0.1 | op=READ_VOLUME {volume=testblockoutputstreamwithretries} | ret=SUCCESS |  
2019-08-30 07:37:43,768 [main] INFO  rpc.RpcClient (RpcClient.java:createBucket(432)) - Creating Bucket: testblockoutputstreamwithretries/testblockoutputstreamwithretries, with Versioning false and Storage Type set to DISK and Encryption set to false 
2019-08-30 07:37:43,773 | INFO  | OMAudit | user=jenkins1000 | ip=127.0.0.1 | op=CREATE_BUCKET {volume=testblockoutputstreamwithretries, bucket=testblockoutputstreamwithretries, acls=[user:jenkins1000:a[ACCESS], group:default:a[ACCESS]], isVersionEnabled=false, storageType=DISK, creationTime=0} | ret=SUCCESS |  
2019-08-30 07:37:43,775 | INFO  | OMAudit | user=jenkins1000 | ip=127.0.0.1 | op=READ_VOLUME {volume=testblockoutputstreamwithretries} | ret=SUCCESS |  
2019-08-30 07:37:43,777 | INFO  | OMAudit | user=jenkins1000 | ip=127.0.0.1 | op=READ_BUCKET {volume=testblockoutputstreamwithretries, bucket=testblockoutputstreamwithretries} | ret=SUCCESS |  
2019-08-30 07:37:43,783 | INFO  | SCMAudit | user=jenkins1000 | ip=192.168.34.43 | op=ALLOCATE_BLOCK {owner=4fc10e43-1520-4054-86db-c80bb87e911a, size=800, type=RATIS, factor=THREE} | ret=SUCCESS |  
2019-08-30 07:37:43,787 | INFO  | OMAudit | user=jenkins1000 | ip=127.0.0.1 | op=ALLOCATE_KEY {volume=testblockoutputstreamwithretries, bucket=testblockoutputstreamwithretries, key=48838320-3065-44b2-abb6-98c30ceeab7f, dataSize=3200, replicationType=RATIS, replicationFactor=THREE, keyLocationInfo=null} | ret=SUCCESS |  
2019-08-30 07:37:43,805 [grpc-default-executor-4] INFO  client.GrpcClientProtocolClient (GrpcClientProtocolClient.java:onNext(255)) - client-8ACC3CA93160->dcd35ce2-5653-4064-9aff-c1a2cac3fe1c: receive RaftClientReply:client-8ACC3CA93160->dcd35ce2-5653-4064-9aff-c1a2cac3fe1c@group-CB9C606E82CE, cid=42, FAILED org.apache.ratis.protocol.NotLeaderException: Server dcd35ce2-5653-4064-9aff-c1a2cac3fe1c is not the leader (null). Request must be sent to leader., logIndex=0, commits[dcd35ce2-5653-4064-9aff-c1a2cac3fe1c:c-1]
2019-08-30 07:37:44,078 | INFO  | SCMAudit | user=jenkins1000 | ip=192.168.34.43 | op=SEND_HEARTBEAT {datanodeUUID=3bf132e1-02b6-4168-801a-3d7ce793c0d9, command=[]} | ret=SUCCESS |  
2019-08-30 07:37:44,088 [Thread-704] INFO  container.ReplicationManager (ReplicationManager.java:start(152)) - Starting Replication Monitor Thread.
2019-08-30 07:37:44,092 [ReplicationMonitor] INFO  container.ReplicationManager (ReplicationManager.java:run(215)) - Replication Monitor Thread took 0 milliseconds for processing 3 containers.
2019-08-30 07:37:44,206 | INFO  | SCMAudit | user=jenkins1000 | ip=192.168.34.43 | op=SEND_HEARTBEAT {datanodeUUID=9570f0ce-31bf-44b3-921f-a36f22efea54, command=[]} | ret=SUCCESS |  
2019-08-30 07:37:44,277 | INFO  | SCMAudit | user=jenkins1000 | ip=192.168.34.43 | op=SEND_HEARTBEAT {datanodeUUID=34c5bf21-796a-477d-8f73-056dd6ef4f82, command=[]} | ret=SUCCESS |  
2019-08-30 07:37:44,427 | INFO  | SCMAudit | user=jenkins1000 | ip=192.168.34.43 | op=SEND_HEARTBEAT {datanodeUUID=dc0e8eda-8843-49e8-9024-f7c59bdcd9bc, command=[]} | ret=SUCCESS |  
2019-08-30 07:37:44,470 | INFO  | SCMAudit | user=jenkins1000 | ip=192.168.34.43 | op=SEND_HEARTBEAT {datanodeUUID=9e64560e-57c0-404b-a5e3-eb70c00d39cc, command=[]} | ret=SUCCESS |  
2019-08-30 07:37:44,697 | INFO  | SCMAudit | user=jenkins1000 | ip=192.168.34.43 | op=SEND_HEARTBEAT {datanodeUUID=dcd35ce2-5653-4064-9aff-c1a2cac3fe1c, command=[]} | ret=SUCCESS |  
2019-08-30 07:37:44,703 | INFO  | SCMAudit | user=jenkins1000 | ip=192.168.34.43 | op=SEND_HEARTBEAT {datanodeUUID=722c9a0b-3ca8-46f2-9cba-02fdf2a68848, command=[]} | ret=SUCCESS |  
2019-08-30 07:37:44,829 [grpc-default-executor-4] INFO  client.GrpcClientProtocolClient (GrpcClientProtocolClient.java:onNext(255)) - client-8ACC3CA93160->9570f0ce-31bf-44b3-921f-a36f22efea54: receive RaftClientReply:client-8ACC3CA93160->9570f0ce-31bf-44b3-921f-a36f22efea54@group-CB9C606E82CE, cid=42, FAILED org.apache.ratis.protocol.NotLeaderException: Server 9570f0ce-31bf-44b3-921f-a36f22efea54 is not the leader (null). Request must be sent to leader., logIndex=0, commits[9570f0ce-31bf-44b3-921f-a36f22efea54:c-1]
2019-08-30 07:37:45,077 | INFO  | SCMAudit | user=jenkins1000 | ip=192.168.34.43 | op=SEND_HEARTBEAT {datanodeUUID=3bf132e1-02b6-4168-801a-3d7ce793c0d9, command=[]} | ret=SUCCESS |  
2019-08-30 07:37:45,205 | INFO  | SCMAudit | user=jenkins1000 | ip=192.168.34.43 | op=SEND_HEARTBEAT {datanodeUUID=9570f0ce-31bf-44b3-921f-a36f22efea54, command=[]} | ret=SUCCESS |  
2019-08-30 07:37:45,276 | INFO  | SCMAudit | user=jenkins1000 | ip=192.168.34.43 | op=SEND_HEARTBEAT {datanodeUUID=34c5bf21-796a-477d-8f73-056dd6ef4f82, command=[]} | ret=SUCCESS |  
2019-08-30 07:37:45,427 | INFO  | SCMAudit | user=jenkins1000 | ip=192.168.34.43 | op=SEND_HEARTBEAT {datanodeUUID=dc0e8eda-8843-49e8-9024-f7c59bdcd9bc, command=[]} | ret=SUCCESS |  
2019-08-30 07:37:45,471 | INFO  | SCMAudit | user=jenkins1000 | ip=192.168.34.43 | op=SEND_HEARTBEAT {datanodeUUID=9e64560e-57c0-404b-a5e3-eb70c00d39cc, command=[]} | ret=SUCCESS |  
2019-08-30 07:37:45,697 | INFO  | SCMAudit | user=jenkins1000 | ip=192.168.34.43 | op=SEND_HEARTBEAT {datanodeUUID=dcd35ce2-5653-4064-9aff-c1a2cac3fe1c, command=[]} | ret=SUCCESS |  
2019-08-30 07:37:45,703 | INFO  | SCMAudit | user=jenkins1000 | ip=192.168.34.43 | op=SEND_HEARTBEAT {datanodeUUID=722c9a0b-3ca8-46f2-9cba-02fdf2a68848, command=[]} | ret=SUCCESS |  
2019-08-30 07:37:45,851 [grpc-default-executor-1] INFO  client.GrpcClientProtocolClient (GrpcClientProtocolClient.java:onNext(255)) - client-8ACC3CA93160->dcd35ce2-5653-4064-9aff-c1a2cac3fe1c: receive RaftClientReply:client-8ACC3CA93160->dcd35ce2-5653-4064-9aff-c1a2cac3fe1c@group-CB9C606E82CE, cid=42, FAILED org.apache.ratis.protocol.NotLeaderException: Server dcd35ce2-5653-4064-9aff-c1a2cac3fe1c is not the leader (null). Request must be sent to leader., logIndex=0, commits[dcd35ce2-5653-4064-9aff-c1a2cac3fe1c:c-1]
2019-08-30 07:37:46,077 | INFO  | SCMAudit | user=jenkins1000 | ip=192.168.34.43 | op=SEND_HEARTBEAT {datanodeUUID=3bf132e1-02b6-4168-801a-3d7ce793c0d9, command=[]} | ret=SUCCESS |  
2019-08-30 07:37:46,205 | INFO  | SCMAudit | user=jenkins1000 | ip=192.168.34.43 | op=SEND_HEARTBEAT {datanodeUUID=9570f0ce-31bf-44b3-921f-a36f22efea54, command=[]} | ret=SUCCESS |  
2019-08-30 07:37:46,275 | INFO  | SCMAudit | user=jenkins1000 | ip=192.168.34.43 | op=SEND_HEARTBEAT {datanodeUUID=34c5bf21-796a-477d-8f73-056dd6ef4f82, command=[]} | ret=SUCCESS |  
2019-08-30 07:37:46,301 [Thread-706] INFO  impl.FollowerState (FollowerState.java:run(106)) - 3bf132e1-02b6-4168-801a-3d7ce793c0d9:group-FAEC5D4C872D changes to CANDIDATE, lastRpcTime:5169, electionTimeout:5169ms
2019-08-30 07:37:46,301 [Thread-706] INFO  impl.RoleInfo (RoleInfo.java:shutdownFollowerState(121)) - 3bf132e1-02b6-4168-801a-3d7ce793c0d9: shutdown FollowerState
2019-08-30 07:37:46,301 [Thread-706] INFO  impl.RaftServerImpl (RaftServerImpl.java:setRole(171)) - 3bf132e1-02b6-4168-801a-3d7ce793c0d9:group-FAEC5D4C872D changes role from FOLLOWER to CANDIDATE at term 0 for changeToCandidate
2019-08-30 07:37:46,302 [Thread-706] INFO  impl.RoleInfo (RoleInfo.java:updateAndGet(143)) - 3bf132e1-02b6-4168-801a-3d7ce793c0d9: start LeaderElection
2019-08-30 07:37:46,325 [3bf132e1-02b6-4168-801a-3d7ce793c0d9:group-FAEC5D4C872D:LeaderElection17] INFO  impl.LeaderElection (LeaderElection.java:askForVotes(181)) - 3bf132e1-02b6-4168-801a-3d7ce793c0d9:group-FAEC5D4C872D:LeaderElection17: begin an election at term 1 for -1: [3bf132e1-02b6-4168-801a-3d7ce793c0d9:192.168.34.43:42016], old=null
2019-08-30 07:37:46,325 [3bf132e1-02b6-4168-801a-3d7ce793c0d9:group-FAEC5D4C872D:LeaderElection17] INFO  impl.RoleInfo (RoleInfo.java:shutdownLeaderElection(134)) - 3bf132e1-02b6-4168-801a-3d7ce793c0d9: shutdown LeaderElection
2019-08-30 07:37:46,325 [3bf132e1-02b6-4168-801a-3d7ce793c0d9:group-FAEC5D4C872D:LeaderElection17] INFO  impl.RaftServerImpl (RaftServerImpl.java:setRole(171)) - 3bf132e1-02b6-4168-801a-3d7ce793c0d9:group-FAEC5D4C872D changes role from CANDIDATE to LEADER at term 1 for changeToLeader
2019-08-30 07:37:46,325 [3bf132e1-02b6-4168-801a-3d7ce793c0d9:group-FAEC5D4C872D:LeaderElection17] INFO  impl.RaftServerImpl (ServerState.java:setLeader(263)) - 3bf132e1-02b6-4168-801a-3d7ce793c0d9:group-FAEC5D4C872D change Leader from null to 3bf132e1-02b6-4168-801a-3d7ce793c0d9 at term 1 for becomeLeader, leader elected after 5198ms
2019-08-30 07:37:46,325 [3bf132e1-02b6-4168-801a-3d7ce793c0d9:group-FAEC5D4C872D:LeaderElection17] INFO  server.RaftServerConfigKeys (ConfUtils.java:logGet(43)) - raft.server.staging.catchup.gap = 1000 (default)
2019-08-30 07:37:46,326 [3bf132e1-02b6-4168-801a-3d7ce793c0d9:group-FAEC5D4C872D:LeaderElection17] INFO  server.RaftServerConfigKeys (ConfUtils.java:logGet(43)) - raft.server.rpc.sleep.time = 25ms (default)
2019-08-30 07:37:46,326 [3bf132e1-02b6-4168-801a-3d7ce793c0d9:group-FAEC5D4C872D:LeaderElection17] INFO  server.RaftServerConfigKeys (ConfUtils.java:logGet(43)) - raft.server.write.element-limit = 4096 (default)
2019-08-30 07:37:46,326 [3bf132e1-02b6-4168-801a-3d7ce793c0d9:group-FAEC5D4C872D:LeaderElection17] INFO  server.RaftServerConfigKeys (ConfUtils.java:logGet(43)) - raft.server.watch.timeout = 10s (default)
2019-08-30 07:37:46,326 [3bf132e1-02b6-4168-801a-3d7ce793c0d9:group-FAEC5D4C872D:LeaderElection17] INFO  server.RaftServerConfigKeys (ConfUtils.java:logGet(43)) - raft.server.watch.timeout.denomination = 1s (default)
2019-08-30 07:37:46,327 [3bf132e1-02b6-4168-801a-3d7ce793c0d9:group-FAEC5D4C872D:LeaderElection17] INFO  server.RaftServerConfigKeys (ConfUtils.java:logGet(43)) - raft.server.watch.element-limit = 65536 (default)
2019-08-30 07:37:46,327 [3bf132e1-02b6-4168-801a-3d7ce793c0d9:group-FAEC5D4C872D:LeaderElection17] INFO  impl.RoleInfo (RoleInfo.java:updateAndGet(143)) - 3bf132e1-02b6-4168-801a-3d7ce793c0d9: start LeaderState
2019-08-30 07:37:46,327 [3bf132e1-02b6-4168-801a-3d7ce793c0d9:group-FAEC5D4C872D:LeaderElection17] INFO  segmented.SegmentedRaftLogWorker (SegmentedRaftLogWorker.java:startLogSegment(380)) - 3bf132e1-02b6-4168-801a-3d7ce793c0d9-SegmentedRaftLogWorker:Storage Directory /workdir/hadoop-ozone/integration-test/target/test-dir/MiniOzoneClusterImpl-3c7659ee-c795-4d58-8fb8-a1742cb39c82/datanode-0/data/ratis/df884149-9463-4f7d-b1d2-faec5d4c872d: Starting segment from index:0
2019-08-30 07:37:46,328 [3bf132e1-02b6-4168-801a-3d7ce793c0d9:group-FAEC5D4C872D:LeaderElection17] INFO  impl.RaftServerImpl (ServerState.java:setRaftConf(361)) - 3bf132e1-02b6-4168-801a-3d7ce793c0d9:group-FAEC5D4C872D set configuration 0: [3bf132e1-02b6-4168-801a-3d7ce793c0d9:192.168.34.43:42016], old=null at 0
2019-08-30 07:37:46,374 [3bf132e1-02b6-4168-801a-3d7ce793c0d9-SegmentedRaftLogWorker:Storage Directory /workdir/hadoop-ozone/integration-test/target/test-dir/MiniOzoneClusterImpl-3c7659ee-c795-4d58-8fb8-a1742cb39c82/datanode-0/data/ratis/df884149-9463-4f7d-b1d2-faec5d4c872d] INFO  segmented.SegmentedRaftLogWorker (SegmentedRaftLogWorker.java:execute(569)) - 3bf132e1-02b6-4168-801a-3d7ce793c0d9-SegmentedRaftLogWorker:Storage Directory /workdir/hadoop-ozone/integration-test/target/test-dir/MiniOzoneClusterImpl-3c7659ee-c795-4d58-8fb8-a1742cb39c82/datanode-0/data/ratis/df884149-9463-4f7d-b1d2-faec5d4c872d: created new log segment /workdir/hadoop-ozone/integration-test/target/test-dir/MiniOzoneClusterImpl-3c7659ee-c795-4d58-8fb8-a1742cb39c82/datanode-0/data/ratis/df884149-9463-4f7d-b1d2-faec5d4c872d/current/log_inprogress_0
2019-08-30 07:37:46,428 | INFO  | SCMAudit | user=jenkins1000 | ip=192.168.34.43 | op=SEND_HEARTBEAT {datanodeUUID=dc0e8eda-8843-49e8-9024-f7c59bdcd9bc, command=[]} | ret=SUCCESS |  
2019-08-30 07:37:46,436 [Thread-709] INFO  impl.FollowerState (FollowerState.java:run(106)) - 34c5bf21-796a-477d-8f73-056dd6ef4f82:group-7FEAE2D77442 changes to CANDIDATE, lastRpcTime:5115, electionTimeout:5115ms
2019-08-30 07:37:46,436 [Thread-709] INFO  impl.RoleInfo (RoleInfo.java:shutdownFollowerState(121)) - 34c5bf21-796a-477d-8f73-056dd6ef4f82: shutdown FollowerState
2019-08-30 07:37:46,436 [Thread-709] INFO  impl.RaftServerImpl (RaftServerImpl.java:setRole(171)) - 34c5bf21-796a-477d-8f73-056dd6ef4f82:group-7FEAE2D77442 changes role from FOLLOWER to CANDIDATE at term 0 for changeToCandidate
2019-08-30 07:37:46,436 [Thread-709] INFO  impl.RoleInfo (RoleInfo.java:updateAndGet(143)) - 34c5bf21-796a-477d-8f73-056dd6ef4f82: start LeaderElection
2019-08-30 07:37:46,469 [34c5bf21-796a-477d-8f73-056dd6ef4f82:group-7FEAE2D77442:LeaderElection18] INFO  impl.LeaderElection (LeaderElection.java:askForVotes(181)) - 34c5bf21-796a-477d-8f73-056dd6ef4f82:group-7FEAE2D77442:LeaderElection18: begin an election at term 1 for -1: [34c5bf21-796a-477d-8f73-056dd6ef4f82:192.168.34.43:44416], old=null
2019-08-30 07:37:46,469 [34c5bf21-796a-477d-8f73-056dd6ef4f82:group-7FEAE2D77442:LeaderElection18] INFO  impl.RoleInfo (RoleInfo.java:shutdownLeaderElection(134)) - 34c5bf21-796a-477d-8f73-056dd6ef4f82: shutdown LeaderElection
2019-08-30 07:37:46,470 [34c5bf21-796a-477d-8f73-056dd6ef4f82:group-7FEAE2D77442:LeaderElection18] INFO  impl.RaftServerImpl (RaftServerImpl.java:setRole(171)) - 34c5bf21-796a-477d-8f73-056dd6ef4f82:group-7FEAE2D77442 changes role from CANDIDATE to LEADER at term 1 for changeToLeader
2019-08-30 07:37:46,470 [34c5bf21-796a-477d-8f73-056dd6ef4f82:group-7FEAE2D77442:LeaderElection18] INFO  impl.RaftServerImpl (ServerState.java:setLeader(263)) - 34c5bf21-796a-477d-8f73-056dd6ef4f82:group-7FEAE2D77442 change Leader from null to 34c5bf21-796a-477d-8f73-056dd6ef4f82 at term 1 for becomeLeader, leader elected after 5153ms
2019-08-30 07:37:46,470 [34c5bf21-796a-477d-8f73-056dd6ef4f82:group-7FEAE2D77442:LeaderElection18] INFO  server.RaftServerConfigKeys (ConfUtils.java:logGet(43)) - raft.server.staging.catchup.gap = 1000 (default)
2019-08-30 07:37:46,470 [34c5bf21-796a-477d-8f73-056dd6ef4f82:group-7FEAE2D77442:LeaderElection18] INFO  server.RaftServerConfigKeys (ConfUtils.java:logGet(43)) - raft.server.rpc.sleep.time = 25ms (default)
2019-08-30 07:37:46,470 | INFO  | SCMAudit | user=jenkins1000 | ip=192.168.34.43 | op=SEND_HEARTBEAT {datanodeUUID=9e64560e-57c0-404b-a5e3-eb70c00d39cc, command=[]} | ret=SUCCESS |  
2019-08-30 07:37:46,471 [34c5bf21-796a-477d-8f73-056dd6ef4f82:group-7FEAE2D77442:LeaderElection18] INFO  server.RaftServerConfigKeys (ConfUtils.java:logGet(43)) - raft.server.write.element-limit = 4096 (default)
2019-08-30 07:37:46,471 [34c5bf21-796a-477d-8f73-056dd6ef4f82:group-7FEAE2D77442:LeaderElection18] INFO  server.RaftServerConfigKeys (ConfUtils.java:logGet(43)) - raft.server.watch.timeout = 10s (default)
2019-08-30 07:37:46,471 [34c5bf21-796a-477d-8f73-056dd6ef4f82:group-7FEAE2D77442:LeaderElection18] INFO  server.RaftServerConfigKeys (ConfUtils.java:logGet(43)) - raft.server.watch.timeout.denomination = 1s (default)
2019-08-30 07:37:46,471 [34c5bf21-796a-477d-8f73-056dd6ef4f82:group-7FEAE2D77442:LeaderElection18] INFO  server.RaftServerConfigKeys (ConfUtils.java:logGet(43)) - raft.server.watch.element-limit = 65536 (default)
2019-08-30 07:37:46,471 [34c5bf21-796a-477d-8f73-056dd6ef4f82:group-7FEAE2D77442:LeaderElection18] INFO  impl.RoleInfo (RoleInfo.java:updateAndGet(143)) - 34c5bf21-796a-477d-8f73-056dd6ef4f82: start LeaderState
2019-08-30 07:37:46,472 [34c5bf21-796a-477d-8f73-056dd6ef4f82:group-7FEAE2D77442:LeaderElection18] INFO  segmented.SegmentedRaftLogWorker (SegmentedRaftLogWorker.java:startLogSegment(380)) - 34c5bf21-796a-477d-8f73-056dd6ef4f82-SegmentedRaftLogWorker:Storage Directory /workdir/hadoop-ozone/integration-test/target/test-dir/MiniOzoneClusterImpl-3c7659ee-c795-4d58-8fb8-a1742cb39c82/datanode-1/data/ratis/d9941bfd-14ce-466f-890e-7feae2d77442: Starting segment from index:0
2019-08-30 07:37:46,473 [34c5bf21-796a-477d-8f73-056dd6ef4f82:group-7FEAE2D77442:LeaderElection18] INFO  impl.RaftServerImpl (ServerState.java:setRaftConf(361)) - 34c5bf21-796a-477d-8f73-056dd6ef4f82:group-7FEAE2D77442 set configuration 0: [34c5bf21-796a-477d-8f73-056dd6ef4f82:192.168.34.43:44416], old=null at 0
2019-08-30 07:37:46,521 [34c5bf21-796a-477d-8f73-056dd6ef4f82-SegmentedRaftLogWorker:Storage Directory /workdir/hadoop-ozone/integration-test/target/test-dir/MiniOzoneClusterImpl-3c7659ee-c795-4d58-8fb8-a1742cb39c82/datanode-1/data/ratis/d9941bfd-14ce-466f-890e-7feae2d77442] INFO  segmented.SegmentedRaftLogWorker (SegmentedRaftLogWorker.java:execute(569)) - 34c5bf21-796a-477d-8f73-056dd6ef4f82-SegmentedRaftLogWorker:Storage Directory /workdir/hadoop-ozone/integration-test/target/test-dir/MiniOzoneClusterImpl-3c7659ee-c795-4d58-8fb8-a1742cb39c82/datanode-1/data/ratis/d9941bfd-14ce-466f-890e-7feae2d77442: created new log segment /workdir/hadoop-ozone/integration-test/target/test-dir/MiniOzoneClusterImpl-3c7659ee-c795-4d58-8fb8-a1742cb39c82/datanode-1/data/ratis/d9941bfd-14ce-466f-890e-7feae2d77442/current/log_inprogress_0
2019-08-30 07:37:46,682 [Thread-712] INFO  impl.FollowerState (FollowerState.java:run(106)) - 9e64560e-57c0-404b-a5e3-eb70c00d39cc:group-EDBB65612BE4 changes to CANDIDATE, lastRpcTime:5153, electionTimeout:5153ms
2019-08-30 07:37:46,682 [Thread-712] INFO  impl.RoleInfo (RoleInfo.java:shutdownFollowerState(121)) - 9e64560e-57c0-404b-a5e3-eb70c00d39cc: shutdown FollowerState
2019-08-30 07:37:46,682 [Thread-712] INFO  impl.RaftServerImpl (RaftServerImpl.java:setRole(171)) - 9e64560e-57c0-404b-a5e3-eb70c00d39cc:group-EDBB65612BE4 changes role from FOLLOWER to CANDIDATE at term 0 for changeToCandidate
2019-08-30 07:37:46,682 [Thread-712] INFO  impl.RoleInfo (RoleInfo.java:updateAndGet(143)) - 9e64560e-57c0-404b-a5e3-eb70c00d39cc: start LeaderElection
2019-08-30 07:37:46,697 [9e64560e-57c0-404b-a5e3-eb70c00d39cc:group-EDBB65612BE4:LeaderElection19] INFO  impl.LeaderElection (LeaderElection.java:askForVotes(181)) - 9e64560e-57c0-404b-a5e3-eb70c00d39cc:group-EDBB65612BE4:LeaderElection19: begin an election at term 1 for -1: [9e64560e-57c0-404b-a5e3-eb70c00d39cc:192.168.34.43:38051], old=null
2019-08-30 07:37:46,697 [9e64560e-57c0-404b-a5e3-eb70c00d39cc:group-EDBB65612BE4:LeaderElection19] INFO  impl.RoleInfo (RoleInfo.java:shutdownLeaderElection(134)) - 9e64560e-57c0-404b-a5e3-eb70c00d39cc: shutdown LeaderElection
2019-08-30 07:37:46,697 [9e64560e-57c0-404b-a5e3-eb70c00d39cc:group-EDBB65612BE4:LeaderElection19] INFO  impl.RaftServerImpl (RaftServerImpl.java:setRole(171)) - 9e64560e-57c0-404b-a5e3-eb70c00d39cc:group-EDBB65612BE4 changes role from CANDIDATE to LEADER at term 1 for changeToLeader
2019-08-30 07:37:46,697 [9e64560e-57c0-404b-a5e3-eb70c00d39cc:group-EDBB65612BE4:LeaderElection19] INFO  impl.RaftServerImpl (ServerState.java:setLeader(263)) - 9e64560e-57c0-404b-a5e3-eb70c00d39cc:group-EDBB65612BE4 change Leader from null to 9e64560e-57c0-404b-a5e3-eb70c00d39cc at term 1 for becomeLeader, leader elected after 5174ms
2019-08-30 07:37:46,697 [9e64560e-57c0-404b-a5e3-eb70c00d39cc:group-EDBB65612BE4:LeaderElection19] INFO  server.RaftServerConfigKeys (ConfUtils.java:logGet(43)) - raft.server.staging.catchup.gap = 1000 (default)
2019-08-30 07:37:46,697 [9e64560e-57c0-404b-a5e3-eb70c00d39cc:group-EDBB65612BE4:LeaderElection19] INFO  server.RaftServerConfigKeys (ConfUtils.java:logGet(43)) - raft.server.rpc.sleep.time = 25ms (default)
2019-08-30 07:37:46,698 | INFO  | SCMAudit | user=jenkins1000 | ip=192.168.34.43 | op=SEND_HEARTBEAT {datanodeUUID=dcd35ce2-5653-4064-9aff-c1a2cac3fe1c, command=[]} | ret=SUCCESS |  
2019-08-30 07:37:46,698 [9e64560e-57c0-404b-a5e3-eb70c00d39cc:group-EDBB65612BE4:LeaderElection19] INFO  server.RaftServerConfigKeys (ConfUtils.java:logGet(43)) - raft.server.write.element-limit = 4096 (default)
2019-08-30 07:37:46,698 [9e64560e-57c0-404b-a5e3-eb70c00d39cc:group-EDBB65612BE4:LeaderElection19] INFO  server.RaftServerConfigKeys (ConfUtils.java:logGet(43)) - raft.server.watch.timeout = 10s (default)
2019-08-30 07:37:46,698 [9e64560e-57c0-404b-a5e3-eb70c00d39cc:group-EDBB65612BE4:LeaderElection19] INFO  server.RaftServerConfigKeys (ConfUtils.java:logGet(43)) - raft.server.watch.timeout.denomination = 1s (default)
2019-08-30 07:37:46,698 [9e64560e-57c0-404b-a5e3-eb70c00d39cc:group-EDBB65612BE4:LeaderElection19] INFO  server.RaftServerConfigKeys (ConfUtils.java:logGet(43)) - raft.server.watch.element-limit = 65536 (default)
2019-08-30 07:37:46,699 [9e64560e-57c0-404b-a5e3-eb70c00d39cc:group-EDBB65612BE4:LeaderElection19] INFO  impl.RoleInfo (RoleInfo.java:updateAndGet(143)) - 9e64560e-57c0-404b-a5e3-eb70c00d39cc: start LeaderState
2019-08-30 07:37:46,699 [9e64560e-57c0-404b-a5e3-eb70c00d39cc:group-EDBB65612BE4:LeaderElection19] INFO  segmented.SegmentedRaftLogWorker (SegmentedRaftLogWorker.java:startLogSegment(380)) - 9e64560e-57c0-404b-a5e3-eb70c00d39cc-SegmentedRaftLogWorker:Storage Directory /workdir/hadoop-ozone/integration-test/target/test-dir/MiniOzoneClusterImpl-3c7659ee-c795-4d58-8fb8-a1742cb39c82/datanode-2/data/ratis/9b93f841-8335-443c-9bd6-edbb65612be4: Starting segment from index:0
2019-08-30 07:37:46,700 [9e64560e-57c0-404b-a5e3-eb70c00d39cc:group-EDBB65612BE4:LeaderElection19] INFO  impl.RaftServerImpl (ServerState.java:setRaftConf(361)) - 9e64560e-57c0-404b-a5e3-eb70c00d39cc:group-EDBB65612BE4 set configuration 0: [9e64560e-57c0-404b-a5e3-eb70c00d39cc:192.168.34.43:38051], old=null at 0
2019-08-30 07:37:46,732 [Thread-715] INFO  impl.FollowerState (FollowerState.java:run(106)) - 9e64560e-57c0-404b-a5e3-eb70c00d39cc:group-EB88B9DA382F changes to CANDIDATE, lastRpcTime:5145, electionTimeout:5115ms
2019-08-30 07:37:46,733 [Thread-720] INFO  impl.FollowerState (FollowerState.java:run(106)) - 34c5bf21-796a-477d-8f73-056dd6ef4f82:group-EB88B9DA382F changes to CANDIDATE, lastRpcTime:5125, electionTimeout:5100ms
2019-08-30 07:37:46,733 [Thread-715] INFO  impl.RoleInfo (RoleInfo.java:shutdownFollowerState(121)) - 9e64560e-57c0-404b-a5e3-eb70c00d39cc: shutdown FollowerState
2019-08-30 07:37:46,733 [Thread-720] INFO  impl.RoleInfo (RoleInfo.java:shutdownFollowerState(121)) - 34c5bf21-796a-477d-8f73-056dd6ef4f82: shutdown FollowerState
2019-08-30 07:37:46,733 [Thread-720] INFO  impl.RaftServerImpl (RaftServerImpl.java:setRole(171)) - 34c5bf21-796a-477d-8f73-056dd6ef4f82:group-EB88B9DA382F changes role from FOLLOWER to CANDIDATE at term 0 for changeToCandidate
2019-08-30 07:37:46,733 [Thread-715] INFO  impl.RaftServerImpl (RaftServerImpl.java:setRole(171)) - 9e64560e-57c0-404b-a5e3-eb70c00d39cc:group-EB88B9DA382F changes role from FOLLOWER to CANDIDATE at term 0 for changeToCandidate
2019-08-30 07:37:46,733 [Thread-720] INFO  impl.RoleInfo (RoleInfo.java:updateAndGet(143)) - 34c5bf21-796a-477d-8f73-056dd6ef4f82: start LeaderElection
2019-08-30 07:37:46,734 [Thread-715] INFO  impl.RoleInfo (RoleInfo.java:updateAndGet(143)) - 9e64560e-57c0-404b-a5e3-eb70c00d39cc: start LeaderElection
2019-08-30 07:37:46,736 | INFO  | SCMAudit | user=jenkins1000 | ip=192.168.34.43 | op=SEND_HEARTBEAT {datanodeUUID=722c9a0b-3ca8-46f2-9cba-02fdf2a68848, command=[]} | ret=SUCCESS |  
2019-08-30 07:37:46,747 [9e64560e-57c0-404b-a5e3-eb70c00d39cc-SegmentedRaftLogWorker:Storage Directory /workdir/hadoop-ozone/integration-test/target/test-dir/MiniOzoneClusterImpl-3c7659ee-c795-4d58-8fb8-a1742cb39c82/datanode-2/data/ratis/9b93f841-8335-443c-9bd6-edbb65612be4] INFO  segmented.SegmentedRaftLogWorker (SegmentedRaftLogWorker.java:execute(569)) - 9e64560e-57c0-404b-a5e3-eb70c00d39cc-SegmentedRaftLogWorker:Storage Directory /workdir/hadoop-ozone/integration-test/target/test-dir/MiniOzoneClusterImpl-3c7659ee-c795-4d58-8fb8-a1742cb39c82/datanode-2/data/ratis/9b93f841-8335-443c-9bd6-edbb65612be4: created new log segment /workdir/hadoop-ozone/integration-test/target/test-dir/MiniOzoneClusterImpl-3c7659ee-c795-4d58-8fb8-a1742cb39c82/datanode-2/data/ratis/9b93f841-8335-443c-9bd6-edbb65612be4/current/log_inprogress_0
2019-08-30 07:37:46,760 [34c5bf21-796a-477d-8f73-056dd6ef4f82:group-EB88B9DA382F:LeaderElection20] INFO  impl.LeaderElection (LeaderElection.java:askForVotes(181)) - 34c5bf21-796a-477d-8f73-056dd6ef4f82:group-EB88B9DA382F:LeaderElection20: begin an election at term 1 for -1: [34c5bf21-796a-477d-8f73-056dd6ef4f82:192.168.34.43:44416, 3bf132e1-02b6-4168-801a-3d7ce793c0d9:192.168.34.43:42016, 9e64560e-57c0-404b-a5e3-eb70c00d39cc:192.168.34.43:38051], old=null
2019-08-30 07:37:46,760 [9e64560e-57c0-404b-a5e3-eb70c00d39cc:group-EB88B9DA382F:LeaderElection21] INFO  impl.LeaderElection (LeaderElection.java:askForVotes(181)) - 9e64560e-57c0-404b-a5e3-eb70c00d39cc:group-EB88B9DA382F:LeaderElection21: begin an election at term 1 for -1: [34c5bf21-796a-477d-8f73-056dd6ef4f82:192.168.34.43:44416, 3bf132e1-02b6-4168-801a-3d7ce793c0d9:192.168.34.43:42016, 9e64560e-57c0-404b-a5e3-eb70c00d39cc:192.168.34.43:38051], old=null
2019-08-30 07:37:46,772 [grpc-default-executor-3] INFO  impl.RaftServerImpl (RaftServerImpl.java:setRole(171)) - 3bf132e1-02b6-4168-801a-3d7ce793c0d9:group-EB88B9DA382F changes role from FOLLOWER to FOLLOWER at term 1 for recognizeCandidate:34c5bf21-796a-477d-8f73-056dd6ef4f82
2019-08-30 07:37:46,778 [grpc-default-executor-3] INFO  impl.RoleInfo (RoleInfo.java:shutdownFollowerState(121)) - 3bf132e1-02b6-4168-801a-3d7ce793c0d9: shutdown FollowerState
2019-08-30 07:37:46,780 [grpc-default-executor-3] INFO  impl.RoleInfo (RoleInfo.java:updateAndGet(143)) - 3bf132e1-02b6-4168-801a-3d7ce793c0d9: start FollowerState
2019-08-30 07:37:46,799 [34c5bf21-796a-477d-8f73-056dd6ef4f82:group-EB88B9DA382F:LeaderElection20] INFO  impl.LeaderElection (LeaderElection.java:logAndReturn(56)) - 34c5bf21-796a-477d-8f73-056dd6ef4f82:group-EB88B9DA382F:LeaderElection20: Election PASSED; received 2 response(s) [34c5bf21-796a-477d-8f73-056dd6ef4f82<-3bf132e1-02b6-4168-801a-3d7ce793c0d9#0:OK-t1, 34c5bf21-796a-477d-8f73-056dd6ef4f82<-9e64560e-57c0-404b-a5e3-eb70c00d39cc#0:FAIL-t1] and 0 exception(s); 34c5bf21-796a-477d-8f73-056dd6ef4f82:t1, leader=null, voted=34c5bf21-796a-477d-8f73-056dd6ef4f82, raftlog=34c5bf21-796a-477d-8f73-056dd6ef4f82-SegmentedRaftLog:OPENED:c-1,f-1,i0, conf=-1: [34c5bf21-796a-477d-8f73-056dd6ef4f82:192.168.34.43:44416, 3bf132e1-02b6-4168-801a-3d7ce793c0d9:192.168.34.43:42016, 9e64560e-57c0-404b-a5e3-eb70c00d39cc:192.168.34.43:38051], old=null
2019-08-30 07:37:46,799 [34c5bf21-796a-477d-8f73-056dd6ef4f82:group-EB88B9DA382F:LeaderElection20] INFO  impl.RoleInfo (RoleInfo.java:shutdownLeaderElection(134)) - 34c5bf21-796a-477d-8f73-056dd6ef4f82: shutdown LeaderElection
2019-08-30 07:37:46,799 [34c5bf21-796a-477d-8f73-056dd6ef4f82:group-EB88B9DA382F:LeaderElection20] INFO  impl.RaftServerImpl (RaftServerImpl.java:setRole(171)) - 34c5bf21-796a-477d-8f73-056dd6ef4f82:group-EB88B9DA382F changes role from CANDIDATE to LEADER at term 1 for changeToLeader
2019-08-30 07:37:46,799 [34c5bf21-796a-477d-8f73-056dd6ef4f82:group-EB88B9DA382F:LeaderElection20] INFO  impl.RaftServerImpl (ServerState.java:setLeader(263)) - 34c5bf21-796a-477d-8f73-056dd6ef4f82:group-EB88B9DA382F change Leader from null to 34c5bf21-796a-477d-8f73-056dd6ef4f82 at term 1 for becomeLeader, leader elected after 5218ms
2019-08-30 07:37:46,799 [34c5bf21-796a-477d-8f73-056dd6ef4f82:group-EB88B9DA382F:LeaderElection20] INFO  server.RaftServerConfigKeys (ConfUtils.java:logGet(43)) - raft.server.staging.catchup.gap = 1000 (default)
2019-08-30 07:37:46,800 [34c5bf21-796a-477d-8f73-056dd6ef4f82:group-EB88B9DA382F:LeaderElection20] INFO  server.RaftServerConfigKeys (ConfUtils.java:logGet(43)) - raft.server.rpc.sleep.time = 25ms (default)
2019-08-30 07:37:46,800 [9e64560e-57c0-404b-a5e3-eb70c00d39cc:group-EB88B9DA382F:LeaderElection21] INFO  impl.LeaderElection (LeaderElection.java:logAndReturn(56)) - 9e64560e-57c0-404b-a5e3-eb70c00d39cc:group-EB88B9DA382F:LeaderElection21: Election REJECTED; received 2 response(s) [9e64560e-57c0-404b-a5e3-eb70c00d39cc<-34c5bf21-796a-477d-8f73-056dd6ef4f82#0:FAIL-t1, 9e64560e-57c0-404b-a5e3-eb70c00d39cc<-3bf132e1-02b6-4168-801a-3d7ce793c0d9#0:FAIL-t1] and 0 exception(s); 9e64560e-57c0-404b-a5e3-eb70c00d39cc:t1, leader=null, voted=9e64560e-57c0-404b-a5e3-eb70c00d39cc, raftlog=9e64560e-57c0-404b-a5e3-eb70c00d39cc-SegmentedRaftLog:OPENED:c-1,f-1,i0, conf=-1: [34c5bf21-796a-477d-8f73-056dd6ef4f82:192.168.34.43:44416, 3bf132e1-02b6-4168-801a-3d7ce793c0d9:192.168.34.43:42016, 9e64560e-57c0-404b-a5e3-eb70c00d39cc:192.168.34.43:38051], old=null
2019-08-30 07:37:46,800 [34c5bf21-796a-477d-8f73-056dd6ef4f82:group-EB88B9DA382F:LeaderElection20] INFO  server.RaftServerConfigKeys (ConfUtils.java:logGet(43)) - raft.server.write.element-limit = 4096 (default)
2019-08-30 07:37:46,800 [9e64560e-57c0-404b-a5e3-eb70c00d39cc:group-EB88B9DA382F:LeaderElection21] INFO  impl.RaftServerImpl (RaftServerImpl.java:setRole(171)) - 9e64560e-57c0-404b-a5e3-eb70c00d39cc:group-EB88B9DA382F changes role from CANDIDATE to FOLLOWER at term 1 for DISCOVERED_A_NEW_TERM
2019-08-30 07:37:46,800 [34c5bf21-796a-477d-8f73-056dd6ef4f82:group-EB88B9DA382F:LeaderElection20] INFO  server.RaftServerConfigKeys (ConfUtils.java:logGet(43)) - raft.server.watch.timeout = 10s (default)
2019-08-30 07:37:46,800 [9e64560e-57c0-404b-a5e3-eb70c00d39cc:group-EB88B9DA382F:LeaderElection21] INFO  impl.RoleInfo (RoleInfo.java:shutdownLeaderElection(134)) - 9e64560e-57c0-404b-a5e3-eb70c00d39cc: shutdown LeaderElection
2019-08-30 07:37:46,800 [34c5bf21-796a-477d-8f73-056dd6ef4f82:group-EB88B9DA382F:LeaderElection20] INFO  server.RaftServerConfigKeys (ConfUtils.java:logGet(43)) - raft.server.watch.timeout.denomination = 1s (default)
2019-08-30 07:37:46,800 [9e64560e-57c0-404b-a5e3-eb70c00d39cc:group-EB88B9DA382F:LeaderElection21] INFO  impl.RoleInfo (RoleInfo.java:updateAndGet(143)) - 9e64560e-57c0-404b-a5e3-eb70c00d39cc: start FollowerState
2019-08-30 07:37:46,800 [34c5bf21-796a-477d-8f73-056dd6ef4f82:group-EB88B9DA382F:LeaderElection20] INFO  server.RaftServerConfigKeys (ConfUtils.java:logGet(43)) - raft.server.watch.element-limit = 65536 (default)
2019-08-30 07:37:46,801 [34c5bf21-796a-477d-8f73-056dd6ef4f82:group-EB88B9DA382F:LeaderElection20] INFO  server.RaftServerConfigKeys (ConfUtils.java:logGet(43)) - raft.server.log.appender.snapshot.chunk.size.max = 16MB (=16777216) (default)
2019-08-30 07:37:46,801 [34c5bf21-796a-477d-8f73-056dd6ef4f82:group-EB88B9DA382F:LeaderElection20] INFO  server.RaftServerConfigKeys (ConfUtils.java:logGet(43)) - raft.server.log.appender.buffer.byte-limit = 33554432 (custom)
2019-08-30 07:37:46,801 [34c5bf21-796a-477d-8f73-056dd6ef4f82:group-EB88B9DA382F:LeaderElection20] INFO  server.RaftServerConfigKeys (ConfUtils.java:logGet(43)) - raft.server.log.appender.buffer.element-limit = 1 (custom)
2019-08-30 07:37:46,801 [34c5bf21-796a-477d-8f73-056dd6ef4f82:group-EB88B9DA382F:LeaderElection20] INFO  grpc.GrpcConfigKeys$Server (ConfUtils.java:logGet(43)) - raft.grpc.server.leader.outstanding.appends.max = 128 (default)
2019-08-30 07:37:46,801 [34c5bf21-796a-477d-8f73-056dd6ef4f82:group-EB88B9DA382F:LeaderElection20] INFO  server.RaftServerConfigKeys (ConfUtils.java:logGet(43)) - raft.server.rpc.request.timeout = 3000ms (default)
2019-08-30 07:37:46,802 [34c5bf21-796a-477d-8f73-056dd6ef4f82:group-EB88B9DA382F:LeaderElection20] INFO  server.RaftServerConfigKeys (ConfUtils.java:logGet(43)) - raft.server.log.appender.install.snapshot.enabled = false (custom)
2019-08-30 07:37:46,802 [34c5bf21-796a-477d-8f73-056dd6ef4f82:group-EB88B9DA382F:LeaderElection20] INFO  server.RaftServerConfigKeys (ConfUtils.java:logGet(43)) - raft.server.log.appender.snapshot.chunk.size.max = 16MB (=16777216) (default)
2019-08-30 07:37:46,802 [34c5bf21-796a-477d-8f73-056dd6ef4f82:group-EB88B9DA382F:LeaderElection20] INFO  server.RaftServerConfigKeys (ConfUtils.java:logGet(43)) - raft.server.log.appender.buffer.byte-limit = 33554432 (custom)
2019-08-30 07:37:46,802 [34c5bf21-796a-477d-8f73-056dd6ef4f82:group-EB88B9DA382F:LeaderElection20] INFO  server.RaftServerConfigKeys (ConfUtils.java:logGet(43)) - raft.server.log.appender.buffer.element-limit = 1 (custom)
2019-08-30 07:37:46,802 [34c5bf21-796a-477d-8f73-056dd6ef4f82:group-EB88B9DA382F:LeaderElection20] INFO  grpc.GrpcConfigKeys$Server (ConfUtils.java:logGet(43)) - raft.grpc.server.leader.outstanding.appends.max = 128 (default)
2019-08-30 07:37:46,802 [34c5bf21-796a-477d-8f73-056dd6ef4f82:group-EB88B9DA382F:LeaderElection20] INFO  server.RaftServerConfigKeys (ConfUtils.java:logGet(43)) - raft.server.rpc.request.timeout = 3000ms (default)
2019-08-30 07:37:46,802 [34c5bf21-796a-477d-8f73-056dd6ef4f82:group-EB88B9DA382F:LeaderElection20] INFO  server.RaftServerConfigKeys (ConfUtils.java:logGet(43)) - raft.server.log.appender.install.snapshot.enabled = false (custom)
2019-08-30 07:37:46,803 [34c5bf21-796a-477d-8f73-056dd6ef4f82:group-EB88B9DA382F:LeaderElection20] INFO  impl.RoleInfo (RoleInfo.java:updateAndGet(143)) - 34c5bf21-796a-477d-8f73-056dd6ef4f82: start LeaderState
2019-08-30 07:37:46,803 [34c5bf21-796a-477d-8f73-056dd6ef4f82:group-EB88B9DA382F:LeaderElection20] INFO  segmented.SegmentedRaftLogWorker (SegmentedRaftLogWorker.java:startLogSegment(380)) - 34c5bf21-796a-477d-8f73-056dd6ef4f82-SegmentedRaftLogWorker:Storage Directory /workdir/hadoop-ozone/integration-test/target/test-dir/MiniOzoneClusterImpl-3c7659ee-c795-4d58-8fb8-a1742cb39c82/datanode-1/data/ratis/e25e788c-f308-4029-b5c8-eb88b9da382f: Starting segment from index:0
2019-08-30 07:37:46,803 [34c5bf21-796a-477d-8f73-056dd6ef4f82:group-EB88B9DA382F:LeaderElection20] INFO  impl.RaftServerImpl (ServerState.java:setRaftConf(361)) - 34c5bf21-796a-477d-8f73-056dd6ef4f82:group-EB88B9DA382F set configuration 0: [34c5bf21-796a-477d-8f73-056dd6ef4f82:192.168.34.43:44416, 3bf132e1-02b6-4168-801a-3d7ce793c0d9:192.168.34.43:42016, 9e64560e-57c0-404b-a5e3-eb70c00d39cc:192.168.34.43:38051], old=null at 0
2019-08-30 07:37:46,805 [grpc-default-executor-1] INFO  impl.RaftServerImpl (ServerState.java:setLeader(263)) - 9e64560e-57c0-404b-a5e3-eb70c00d39cc:group-EB88B9DA382F change Leader from null to 34c5bf21-796a-477d-8f73-056dd6ef4f82 at term 1 for appendEntries, leader elected after 5224ms
2019-08-30 07:37:46,805 [grpc-default-executor-3] INFO  impl.RaftServerImpl (ServerState.java:setLeader(263)) - 3bf132e1-02b6-4168-801a-3d7ce793c0d9:group-EB88B9DA382F change Leader from null to 34c5bf21-796a-477d-8f73-056dd6ef4f82 at term 1 for appendEntries, leader elected after 5224ms
2019-08-30 07:37:46,808 [grpc-default-executor-3] INFO  impl.RaftServerImpl (ServerState.java:setRaftConf(361)) - 9e64560e-57c0-404b-a5e3-eb70c00d39cc:group-EB88B9DA382F set configuration 0: [34c5bf21-796a-477d-8f73-056dd6ef4f82:192.168.34.43:44416, 3bf132e1-02b6-4168-801a-3d7ce793c0d9:192.168.34.43:42016, 9e64560e-57c0-404b-a5e3-eb70c00d39cc:192.168.34.43:38051], old=null at 0
2019-08-30 07:37:46,808 [grpc-default-executor-3] INFO  segmented.SegmentedRaftLogWorker (SegmentedRaftLogWorker.java:startLogSegment(380)) - 9e64560e-57c0-404b-a5e3-eb70c00d39cc-SegmentedRaftLogWorker:Storage Directory /workdir/hadoop-ozone/integration-test/target/test-dir/MiniOzoneClusterImpl-3c7659ee-c795-4d58-8fb8-a1742cb39c82/datanode-2/data/ratis/e25e788c-f308-4029-b5c8-eb88b9da382f: Starting segment from index:0
2019-08-30 07:37:46,808 [grpc-default-executor-1] INFO  impl.RaftServerImpl (ServerState.java:setRaftConf(361)) - 3bf132e1-02b6-4168-801a-3d7ce793c0d9:group-EB88B9DA382F set configuration 0: [34c5bf21-796a-477d-8f73-056dd6ef4f82:192.168.34.43:44416, 3bf132e1-02b6-4168-801a-3d7ce793c0d9:192.168.34.43:42016, 9e64560e-57c0-404b-a5e3-eb70c00d39cc:192.168.34.43:38051], old=null at 0
2019-08-30 07:37:46,808 [grpc-default-executor-1] INFO  segmented.SegmentedRaftLogWorker (SegmentedRaftLogWorker.java:startLogSegment(380)) - 3bf132e1-02b6-4168-801a-3d7ce793c0d9-SegmentedRaftLogWorker:Storage Directory /workdir/hadoop-ozone/integration-test/target/test-dir/MiniOzoneClusterImpl-3c7659ee-c795-4d58-8fb8-a1742cb39c82/datanode-0/data/ratis/e25e788c-f308-4029-b5c8-eb88b9da382f: Starting segment from index:0
2019-08-30 07:37:46,848 [3bf132e1-02b6-4168-801a-3d7ce793c0d9-SegmentedRaftLogWorker:Storage Directory /workdir/hadoop-ozone/integration-test/target/test-dir/MiniOzoneClusterImpl-3c7659ee-c795-4d58-8fb8-a1742cb39c82/datanode-0/data/ratis/e25e788c-f308-4029-b5c8-eb88b9da382f] INFO  segmented.SegmentedRaftLogWorker (SegmentedRaftLogWorker.java:execute(569)) - 3bf132e1-02b6-4168-801a-3d7ce793c0d9-SegmentedRaftLogWorker:Storage Directory /workdir/hadoop-ozone/integration-test/target/test-dir/MiniOzoneClusterImpl-3c7659ee-c795-4d58-8fb8-a1742cb39c82/datanode-0/data/ratis/e25e788c-f308-4029-b5c8-eb88b9da382f: created new log segment /workdir/hadoop-ozone/integration-test/target/test-dir/MiniOzoneClusterImpl-3c7659ee-c795-4d58-8fb8-a1742cb39c82/datanode-0/data/ratis/e25e788c-f308-4029-b5c8-eb88b9da382f/current/log_inprogress_0
2019-08-30 07:37:46,848 [9e64560e-57c0-404b-a5e3-eb70c00d39cc-SegmentedRaftLogWorker:Storage Directory /workdir/hadoop-ozone/integration-test/target/test-dir/MiniOzoneClusterImpl-3c7659ee-c795-4d58-8fb8-a1742cb39c82/datanode-2/data/ratis/e25e788c-f308-4029-b5c8-eb88b9da382f] INFO  segmented.SegmentedRaftLogWorker (SegmentedRaftLogWorker.java:execute(569)) - 9e64560e-57c0-404b-a5e3-eb70c00d39cc-SegmentedRaftLogWorker:Storage Directory /workdir/hadoop-ozone/integration-test/target/test-dir/MiniOzoneClusterImpl-3c7659ee-c795-4d58-8fb8-a1742cb39c82/datanode-2/data/ratis/e25e788c-f308-4029-b5c8-eb88b9da382f: created new log segment /workdir/hadoop-ozone/integration-test/target/test-dir/MiniOzoneClusterImpl-3c7659ee-c795-4d58-8fb8-a1742cb39c82/datanode-2/data/ratis/e25e788c-f308-4029-b5c8-eb88b9da382f/current/log_inprogress_0
2019-08-30 07:37:46,849 [Thread-724] INFO  impl.FollowerState (FollowerState.java:run(106)) - dcd35ce2-5653-4064-9aff-c1a2cac3fe1c:group-1F36B8488252 changes to CANDIDATE, lastRpcTime:5101, electionTimeout:5101ms
2019-08-30 07:37:46,848 [34c5bf21-796a-477d-8f73-056dd6ef4f82-SegmentedRaftLogWorker:Storage Directory /workdir/hadoop-ozone/integration-test/target/test-dir/MiniOzoneClusterImpl-3c7659ee-c795-4d58-8fb8-a1742cb39c82/datanode-1/data/ratis/e25e788c-f308-4029-b5c8-eb88b9da382f] INFO  segmented.SegmentedRaftLogWorker (SegmentedRaftLogWorker.java:execute(569)) - 34c5bf21-796a-477d-8f73-056dd6ef4f82-SegmentedRaftLogWorker:Storage Directory /workdir/hadoop-ozone/integration-test/target/test-dir/MiniOzoneClusterImpl-3c7659ee-c795-4d58-8fb8-a1742cb39c82/datanode-1/data/ratis/e25e788c-f308-4029-b5c8-eb88b9da382f: created new log segment /workdir/hadoop-ozone/integration-test/target/test-dir/MiniOzoneClusterImpl-3c7659ee-c795-4d58-8fb8-a1742cb39c82/datanode-1/data/ratis/e25e788c-f308-4029-b5c8-eb88b9da382f/current/log_inprogress_0
2019-08-30 07:37:46,849 [Thread-724] INFO  impl.RoleInfo (RoleInfo.java:shutdownFollowerState(121)) - dcd35ce2-5653-4064-9aff-c1a2cac3fe1c: shutdown FollowerState
2019-08-30 07:37:46,849 [Thread-724] INFO  impl.RaftServerImpl (RaftServerImpl.java:setRole(171)) - dcd35ce2-5653-4064-9aff-c1a2cac3fe1c:group-1F36B8488252 changes role from FOLLOWER to CANDIDATE at term 0 for changeToCandidate
2019-08-30 07:37:46,849 [Thread-724] INFO  impl.RoleInfo (RoleInfo.java:updateAndGet(143)) - dcd35ce2-5653-4064-9aff-c1a2cac3fe1c: start LeaderElection
2019-08-30 07:37:46,862 [dcd35ce2-5653-4064-9aff-c1a2cac3fe1c:group-1F36B8488252:LeaderElection22] INFO  impl.LeaderElection (LeaderElection.java:askForVotes(181)) - dcd35ce2-5653-4064-9aff-c1a2cac3fe1c:group-1F36B8488252:LeaderElection22: begin an election at term 1 for -1: [dcd35ce2-5653-4064-9aff-c1a2cac3fe1c:192.168.34.43:41594], old=null
2019-08-30 07:37:46,863 [dcd35ce2-5653-4064-9aff-c1a2cac3fe1c:group-1F36B8488252:LeaderElection22] INFO  impl.RoleInfo (RoleInfo.java:shutdownLeaderElection(134)) - dcd35ce2-5653-4064-9aff-c1a2cac3fe1c: shutdown LeaderElection
2019-08-30 07:37:46,863 [dcd35ce2-5653-4064-9aff-c1a2cac3fe1c:group-1F36B8488252:LeaderElection22] INFO  impl.RaftServerImpl (RaftServerImpl.java:setRole(171)) - dcd35ce2-5653-4064-9aff-c1a2cac3fe1c:group-1F36B8488252 changes role from CANDIDATE to LEADER at term 1 for changeToLeader
2019-08-30 07:37:46,863 [dcd35ce2-5653-4064-9aff-c1a2cac3fe1c:group-1F36B8488252:LeaderElection22] INFO  impl.RaftServerImpl (ServerState.java:setLeader(263)) - dcd35ce2-5653-4064-9aff-c1a2cac3fe1c:group-1F36B8488252 change Leader from null to dcd35ce2-5653-4064-9aff-c1a2cac3fe1c at term 1 for becomeLeader, leader elected after 5121ms
2019-08-30 07:37:46,863 [dcd35ce2-5653-4064-9aff-c1a2cac3fe1c:group-1F36B8488252:LeaderElection22] INFO  server.RaftServerConfigKeys (ConfUtils.java:logGet(43)) - raft.server.staging.catchup.gap = 1000 (default)
2019-08-30 07:37:46,863 [dcd35ce2-5653-4064-9aff-c1a2cac3fe1c:group-1F36B8488252:LeaderElection22] INFO  server.RaftServerConfigKeys (ConfUtils.java:logGet(43)) - raft.server.rpc.sleep.time = 25ms (default)
2019-08-30 07:37:46,863 [dcd35ce2-5653-4064-9aff-c1a2cac3fe1c:group-1F36B8488252:LeaderElection22] INFO  server.RaftServerConfigKeys (ConfUtils.java:logGet(43)) - raft.server.write.element-limit = 4096 (default)
2019-08-30 07:37:46,863 [dcd35ce2-5653-4064-9aff-c1a2cac3fe1c:group-1F36B8488252:LeaderElection22] INFO  server.RaftServerConfigKeys (ConfUtils.java:logGet(43)) - raft.server.watch.timeout = 10s (default)
2019-08-30 07:37:46,864 [dcd35ce2-5653-4064-9aff-c1a2cac3fe1c:group-1F36B8488252:LeaderElection22] INFO  server.RaftServerConfigKeys (ConfUtils.java:logGet(43)) - raft.server.watch.timeout.denomination = 1s (default)
2019-08-30 07:37:46,864 [dcd35ce2-5653-4064-9aff-c1a2cac3fe1c:group-1F36B8488252:LeaderElection22] INFO  server.RaftServerConfigKeys (ConfUtils.java:logGet(43)) - raft.server.watch.element-limit = 65536 (default)
2019-08-30 07:37:46,864 [dcd35ce2-5653-4064-9aff-c1a2cac3fe1c:group-1F36B8488252:LeaderElection22] INFO  impl.RoleInfo (RoleInfo.java:updateAndGet(143)) - dcd35ce2-5653-4064-9aff-c1a2cac3fe1c: start LeaderState
2019-08-30 07:37:46,864 [dcd35ce2-5653-4064-9aff-c1a2cac3fe1c:group-1F36B8488252:LeaderElection22] INFO  segmented.SegmentedRaftLogWorker (SegmentedRaftLogWorker.java:startLogSegment(380)) - dcd35ce2-5653-4064-9aff-c1a2cac3fe1c-SegmentedRaftLogWorker:Storage Directory /workdir/hadoop-ozone/integration-test/target/test-dir/MiniOzoneClusterImpl-3c7659ee-c795-4d58-8fb8-a1742cb39c82/datanode-3/data/ratis/43eb03c5-176c-40ab-b8d2-1f36b8488252: Starting segment from index:0
2019-08-30 07:37:46,867 [dcd35ce2-5653-4064-9aff-c1a2cac3fe1c:group-1F36B8488252:LeaderElection22] INFO  impl.RaftServerImpl (ServerState.java:setRaftConf(361)) - dcd35ce2-5653-4064-9aff-c1a2cac3fe1c:group-1F36B8488252 set configuration 0: [dcd35ce2-5653-4064-9aff-c1a2cac3fe1c:192.168.34.43:41594], old=null at 0
2019-08-30 07:37:46,896 [grpc-default-executor-1] INFO  client.GrpcClientProtocolClient (GrpcClientProtocolClient.java:onNext(255)) - client-8ACC3CA93160->9570f0ce-31bf-44b3-921f-a36f22efea54: receive RaftClientReply:client-8ACC3CA93160->9570f0ce-31bf-44b3-921f-a36f22efea54@group-CB9C606E82CE, cid=42, FAILED org.apache.ratis.protocol.NotLeaderException: Server 9570f0ce-31bf-44b3-921f-a36f22efea54 is not the leader (null). Request must be sent to leader., logIndex=0, commits[9570f0ce-31bf-44b3-921f-a36f22efea54:c-1]
2019-08-30 07:37:46,908 [dcd35ce2-5653-4064-9aff-c1a2cac3fe1c-SegmentedRaftLogWorker:Storage Directory /workdir/hadoop-ozone/integration-test/target/test-dir/MiniOzoneClusterImpl-3c7659ee-c795-4d58-8fb8-a1742cb39c82/datanode-3/data/ratis/43eb03c5-176c-40ab-b8d2-1f36b8488252] INFO  segmented.SegmentedRaftLogWorker (SegmentedRaftLogWorker.java:execute(569)) - dcd35ce2-5653-4064-9aff-c1a2cac3fe1c-SegmentedRaftLogWorker:Storage Directory /workdir/hadoop-ozone/integration-test/target/test-dir/MiniOzoneClusterImpl-3c7659ee-c795-4d58-8fb8-a1742cb39c82/datanode-3/data/ratis/43eb03c5-176c-40ab-b8d2-1f36b8488252: created new log segment /workdir/hadoop-ozone/integration-test/target/test-dir/MiniOzoneClusterImpl-3c7659ee-c795-4d58-8fb8-a1742cb39c82/datanode-3/data/ratis/43eb03c5-176c-40ab-b8d2-1f36b8488252/current/log_inprogress_0
2019-08-30 07:37:47,077 | INFO  | SCMAudit | user=jenkins1000 | ip=192.168.34.43 | op=SEND_HEARTBEAT {datanodeUUID=3bf132e1-02b6-4168-801a-3d7ce793c0d9, command=[]} | ret=SUCCESS |  
2019-08-30 07:37:47,205 | INFO  | SCMAudit | user=jenkins1000 | ip=192.168.34.43 | op=SEND_HEARTBEAT {datanodeUUID=9570f0ce-31bf-44b3-921f-a36f22efea54, command=[]} | ret=SUCCESS |  
2019-08-30 07:37:47,276 | INFO  | SCMAudit | user=jenkins1000 | ip=192.168.34.43 | op=SEND_HEARTBEAT {datanodeUUID=34c5bf21-796a-477d-8f73-056dd6ef4f82, command=[]} | ret=SUCCESS |  
2019-08-30 07:37:47,399 [Thread-727] INFO  impl.FollowerState (FollowerState.java:run(106)) - 9570f0ce-31bf-44b3-921f-a36f22efea54:group-1BA433C77393 changes to CANDIDATE, lastRpcTime:5138, electionTimeout:5135ms
2019-08-30 07:37:47,399 [Thread-727] INFO  impl.RoleInfo (RoleInfo.java:shutdownFollowerState(121)) - 9570f0ce-31bf-44b3-921f-a36f22efea54: shutdown FollowerState
2019-08-30 07:37:47,399 [Thread-727] INFO  impl.RaftServerImpl (RaftServerImpl.java:setRole(171)) - 9570f0ce-31bf-44b3-921f-a36f22efea54:group-1BA433C77393 changes role from FOLLOWER to CANDIDATE at term 0 for changeToCandidate
2019-08-30 07:37:47,399 [Thread-727] INFO  impl.RoleInfo (RoleInfo.java:updateAndGet(143)) - 9570f0ce-31bf-44b3-921f-a36f22efea54: start LeaderElection
2019-08-30 07:37:47,422 [9570f0ce-31bf-44b3-921f-a36f22efea54:group-1BA433C77393:LeaderElection23] INFO  impl.LeaderElection (LeaderElection.java:askForVotes(181)) - 9570f0ce-31bf-44b3-921f-a36f22efea54:group-1BA433C77393:LeaderElection23: begin an election at term 1 for -1: [9570f0ce-31bf-44b3-921f-a36f22efea54:192.168.34.43:35099], old=null
2019-08-30 07:37:47,423 [9570f0ce-31bf-44b3-921f-a36f22efea54:group-1BA433C77393:LeaderElection23] INFO  impl.RoleInfo (RoleInfo.java:shutdownLeaderElection(134)) - 9570f0ce-31bf-44b3-921f-a36f22efea54: shutdown LeaderElection
2019-08-30 07:37:47,423 [9570f0ce-31bf-44b3-921f-a36f22efea54:group-1BA433C77393:LeaderElection23] INFO  impl.RaftServerImpl (RaftServerImpl.java:setRole(171)) - 9570f0ce-31bf-44b3-921f-a36f22efea54:group-1BA433C77393 changes role from CANDIDATE to LEADER at term 1 for changeToLeader
2019-08-30 07:37:47,423 [9570f0ce-31bf-44b3-921f-a36f22efea54:group-1BA433C77393:LeaderElection23] INFO  impl.RaftServerImpl (ServerState.java:setLeader(263)) - 9570f0ce-31bf-44b3-921f-a36f22efea54:group-1BA433C77393 change Leader from null to 9570f0ce-31bf-44b3-921f-a36f22efea54 at term 1 for becomeLeader, leader elected after 5168ms
2019-08-30 07:37:47,423 [9570f0ce-31bf-44b3-921f-a36f22efea54:group-1BA433C77393:LeaderElection23] INFO  server.RaftServerConfigKeys (ConfUtils.java:logGet(43)) - raft.server.staging.catchup.gap = 1000 (default)
2019-08-30 07:37:47,424 [9570f0ce-31bf-44b3-921f-a36f22efea54:group-1BA433C77393:LeaderElection23] INFO  server.RaftServerConfigKeys (ConfUtils.java:logGet(43)) - raft.server.rpc.sleep.time = 25ms (default)
2019-08-30 07:37:47,424 [9570f0ce-31bf-44b3-921f-a36f22efea54:group-1BA433C77393:LeaderElection23] INFO  server.RaftServerConfigKeys (ConfUtils.java:logGet(43)) - raft.server.write.element-limit = 4096 (default)
2019-08-30 07:37:47,424 [9570f0ce-31bf-44b3-921f-a36f22efea54:group-1BA433C77393:LeaderElection23] INFO  server.RaftServerConfigKeys (ConfUtils.java:logGet(43)) - raft.server.watch.timeout = 10s (default)
2019-08-30 07:37:47,424 [9570f0ce-31bf-44b3-921f-a36f22efea54:group-1BA433C77393:LeaderElection23] INFO  server.RaftServerConfigKeys (ConfUtils.java:logGet(43)) - raft.server.watch.timeout.denomination = 1s (default)
2019-08-30 07:37:47,424 [9570f0ce-31bf-44b3-921f-a36f22efea54:group-1BA433C77393:LeaderElection23] INFO  server.RaftServerConfigKeys (ConfUtils.java:logGet(43)) - raft.server.watch.element-limit = 65536 (default)
2019-08-30 07:37:47,425 [9570f0ce-31bf-44b3-921f-a36f22efea54:group-1BA433C77393:LeaderElection23] INFO  impl.RoleInfo (RoleInfo.java:updateAndGet(143)) - 9570f0ce-31bf-44b3-921f-a36f22efea54: start LeaderState
2019-08-30 07:37:47,425 [9570f0ce-31bf-44b3-921f-a36f22efea54:group-1BA433C77393:LeaderElection23] INFO  segmented.SegmentedRaftLogWorker (SegmentedRaftLogWorker.java:startLogSegment(380)) - 9570f0ce-31bf-44b3-921f-a36f22efea54-SegmentedRaftLogWorker:Storage Directory /workdir/hadoop-ozone/integration-test/target/test-dir/MiniOzoneClusterImpl-3c7659ee-c795-4d58-8fb8-a1742cb39c82/datanode-4/data/ratis/a04a9c92-b04c-43dd-9d5d-1ba433c77393: Starting segment from index:0
2019-08-30 07:37:47,426 [9570f0ce-31bf-44b3-921f-a36f22efea54:group-1BA433C77393:LeaderElection23] INFO  impl.RaftServerImpl (ServerState.java:setRaftConf(361)) - 9570f0ce-31bf-44b3-921f-a36f22efea54:group-1BA433C77393 set configuration 0: [9570f0ce-31bf-44b3-921f-a36f22efea54:192.168.34.43:35099], old=null at 0
2019-08-30 07:37:47,431 | INFO  | SCMAudit | user=jenkins1000 | ip=192.168.34.43 | op=SEND_HEARTBEAT {datanodeUUID=dc0e8eda-8843-49e8-9024-f7c59bdcd9bc, command=[]} | ret=SUCCESS |  
2019-08-30 07:37:47,471 | INFO  | SCMAudit | user=jenkins1000 | ip=192.168.34.43 | op=SEND_HEARTBEAT {datanodeUUID=9e64560e-57c0-404b-a5e3-eb70c00d39cc, command=[]} | ret=SUCCESS |  
2019-08-30 07:37:47,479 [9570f0ce-31bf-44b3-921f-a36f22efea54-SegmentedRaftLogWorker:Storage Directory /workdir/hadoop-ozone/integration-test/target/test-dir/MiniOzoneClusterImpl-3c7659ee-c795-4d58-8fb8-a1742cb39c82/datanode-4/data/ratis/a04a9c92-b04c-43dd-9d5d-1ba433c77393] INFO  segmented.SegmentedRaftLogWorker (SegmentedRaftLogWorker.java:execute(569)) - 9570f0ce-31bf-44b3-921f-a36f22efea54-SegmentedRaftLogWorker:Storage Directory /workdir/hadoop-ozone/integration-test/target/test-dir/MiniOzoneClusterImpl-3c7659ee-c795-4d58-8fb8-a1742cb39c82/datanode-4/data/ratis/a04a9c92-b04c-43dd-9d5d-1ba433c77393: created new log segment /workdir/hadoop-ozone/integration-test/target/test-dir/MiniOzoneClusterImpl-3c7659ee-c795-4d58-8fb8-a1742cb39c82/datanode-4/data/ratis/a04a9c92-b04c-43dd-9d5d-1ba433c77393/current/log_inprogress_0
2019-08-30 07:37:47,563 [Thread-737] INFO  impl.FollowerState (FollowerState.java:run(106)) - dcd35ce2-5653-4064-9aff-c1a2cac3fe1c:group-CB9C606E82CE changes to CANDIDATE, lastRpcTime:5015, electionTimeout:5014ms
2019-08-30 07:37:47,563 [Thread-737] INFO  impl.RoleInfo (RoleInfo.java:shutdownFollowerState(121)) - dcd35ce2-5653-4064-9aff-c1a2cac3fe1c: shutdown FollowerState
2019-08-30 07:37:47,564 [Thread-737] INFO  impl.RaftServerImpl (RaftServerImpl.java:setRole(171)) - dcd35ce2-5653-4064-9aff-c1a2cac3fe1c:group-CB9C606E82CE changes role from FOLLOWER to CANDIDATE at term 0 for changeToCandidate
2019-08-30 07:37:47,564 [Thread-737] INFO  impl.RoleInfo (RoleInfo.java:updateAndGet(143)) - dcd35ce2-5653-4064-9aff-c1a2cac3fe1c: start LeaderElection
2019-08-30 07:37:47,579 [dcd35ce2-5653-4064-9aff-c1a2cac3fe1c:group-CB9C606E82CE:LeaderElection24] INFO  impl.LeaderElection (LeaderElection.java:askForVotes(181)) - dcd35ce2-5653-4064-9aff-c1a2cac3fe1c:group-CB9C606E82CE:LeaderElection24: begin an election at term 1 for -1: [dc0e8eda-8843-49e8-9024-f7c59bdcd9bc:192.168.34.43:34002, dcd35ce2-5653-4064-9aff-c1a2cac3fe1c:192.168.34.43:41594, 9570f0ce-31bf-44b3-921f-a36f22efea54:192.168.34.43:35099], old=null
2019-08-30 07:37:47,589 [grpc-default-executor-3] INFO  impl.RaftServerImpl (RaftServerImpl.java:setRole(171)) - 9570f0ce-31bf-44b3-921f-a36f22efea54:group-CB9C606E82CE changes role from FOLLOWER to FOLLOWER at term 1 for recognizeCandidate:dcd35ce2-5653-4064-9aff-c1a2cac3fe1c
2019-08-30 07:37:47,589 [grpc-default-executor-1] INFO  impl.RaftServerImpl (RaftServerImpl.java:setRole(171)) - dc0e8eda-8843-49e8-9024-f7c59bdcd9bc:group-CB9C606E82CE changes role from FOLLOWER to FOLLOWER at term 1 for recognizeCandidate:dcd35ce2-5653-4064-9aff-c1a2cac3fe1c
2019-08-30 07:37:47,590 [grpc-default-executor-3] INFO  impl.RoleInfo (RoleInfo.java:shutdownFollowerState(121)) - 9570f0ce-31bf-44b3-921f-a36f22efea54: shutdown FollowerState
2019-08-30 07:37:47,590 [grpc-default-executor-1] INFO  impl.RoleInfo (RoleInfo.java:shutdownFollowerState(121)) - dc0e8eda-8843-49e8-9024-f7c59bdcd9bc: shutdown FollowerState
2019-08-30 07:37:47,590 [Thread-738] INFO  impl.FollowerState (FollowerState.java:run(114)) - 9570f0ce-31bf-44b3-921f-a36f22efea54: FollowerState was interrupted: java.lang.InterruptedException: sleep interrupted
2019-08-30 07:37:47,590 [Thread-733] INFO  impl.FollowerState (FollowerState.java:run(114)) - dc0e8eda-8843-49e8-9024-f7c59bdcd9bc: FollowerState was interrupted: java.lang.InterruptedException: sleep interrupted
2019-08-30 07:37:47,590 [grpc-default-executor-3] INFO  impl.RoleInfo (RoleInfo.java:updateAndGet(143)) - 9570f0ce-31bf-44b3-921f-a36f22efea54: start FollowerState
2019-08-30 07:37:47,590 [grpc-default-executor-1] INFO  impl.RoleInfo (RoleInfo.java:updateAndGet(143)) - dc0e8eda-8843-49e8-9024-f7c59bdcd9bc: start FollowerState
2019-08-30 07:37:47,611 [dcd35ce2-5653-4064-9aff-c1a2cac3fe1c:group-CB9C606E82CE:LeaderElection24] INFO  impl.LeaderElection (LeaderElection.java:logAndReturn(56)) - dcd35ce2-5653-4064-9aff-c1a2cac3fe1c:group-CB9C606E82CE:LeaderElection24: Election PASSED; received 1 response(s) [dcd35ce2-5653-4064-9aff-c1a2cac3fe1c<-dc0e8eda-8843-49e8-9024-f7c59bdcd9bc#0:OK-t1] and 0 exception(s); dcd35ce2-5653-4064-9aff-c1a2cac3fe1c:t1, leader=null, voted=dcd35ce2-5653-4064-9aff-c1a2cac3fe1c, raftlog=dcd35ce2-5653-4064-9aff-c1a2cac3fe1c-SegmentedRaftLog:OPENED:c-1,f-1,i0, conf=-1: [dc0e8eda-8843-49e8-9024-f7c59bdcd9bc:192.168.34.43:34002, dcd35ce2-5653-4064-9aff-c1a2cac3fe1c:192.168.34.43:41594, 9570f0ce-31bf-44b3-921f-a36f22efea54:192.168.34.43:35099], old=null
2019-08-30 07:37:47,611 [dcd35ce2-5653-4064-9aff-c1a2cac3fe1c:group-CB9C606E82CE:LeaderElection24] INFO  impl.RoleInfo (RoleInfo.java:shutdownLeaderElection(134)) - dcd35ce2-5653-4064-9aff-c1a2cac3fe1c: shutdown LeaderElection
2019-08-30 07:37:47,611 [dcd35ce2-5653-4064-9aff-c1a2cac3fe1c:group-CB9C606E82CE:LeaderElection24] INFO  impl.RaftServerImpl (RaftServerImpl.java:setRole(171)) - dcd35ce2-5653-4064-9aff-c1a2cac3fe1c:group-CB9C606E82CE changes role from CANDIDATE to LEADER at term 1 for changeToLeader
2019-08-30 07:37:47,612 [dcd35ce2-5653-4064-9aff-c1a2cac3fe1c:group-CB9C606E82CE:LeaderElection24] INFO  impl.RaftServerImpl (ServerState.java:setLeader(263)) - dcd35ce2-5653-4064-9aff-c1a2cac3fe1c:group-CB9C606E82CE change Leader from null to dcd35ce2-5653-4064-9aff-c1a2cac3fe1c at term 1 for becomeLeader, leader elected after 5079ms
2019-08-30 07:37:47,612 [dcd35ce2-5653-4064-9aff-c1a2cac3fe1c:group-CB9C606E82CE:LeaderElection24] INFO  server.RaftServerConfigKeys (ConfUtils.java:logGet(43)) - raft.server.staging.catchup.gap = 1000 (default)
2019-08-30 07:37:47,612 [dcd35ce2-5653-4064-9aff-c1a2cac3fe1c:group-CB9C606E82CE:LeaderElection24] INFO  server.RaftServerConfigKeys (ConfUtils.java:logGet(43)) - raft.server.rpc.sleep.time = 25ms (default)
2019-08-30 07:37:47,612 [dcd35ce2-5653-4064-9aff-c1a2cac3fe1c:group-CB9C606E82CE:LeaderElection24] INFO  server.RaftServerConfigKeys (ConfUtils.java:logGet(43)) - raft.server.write.element-limit = 4096 (default)
2019-08-30 07:37:47,613 [dcd35ce2-5653-4064-9aff-c1a2cac3fe1c:group-CB9C606E82CE:LeaderElection24] INFO  server.RaftServerConfigKeys (ConfUtils.java:logGet(43)) - raft.server.watch.timeout = 10s (default)
2019-08-30 07:37:47,613 [dcd35ce2-5653-4064-9aff-c1a2cac3fe1c:group-CB9C606E82CE:LeaderElection24] INFO  server.RaftServerConfigKeys (ConfUtils.java:logGet(43)) - raft.server.watch.timeout.denomination = 1s (default)
2019-08-30 07:37:47,613 [dcd35ce2-5653-4064-9aff-c1a2cac3fe1c:group-CB9C606E82CE:LeaderElection24] INFO  server.RaftServerConfigKeys (ConfUtils.java:logGet(43)) - raft.server.watch.element-limit = 65536 (default)
2019-08-30 07:37:47,613 [dcd35ce2-5653-4064-9aff-c1a2cac3fe1c:group-CB9C606E82CE:LeaderElection24] INFO  server.RaftServerConfigKeys (ConfUtils.java:logGet(43)) - raft.server.log.appender.snapshot.chunk.size.max = 16MB (=16777216) (default)
2019-08-30 07:37:47,614 [dcd35ce2-5653-4064-9aff-c1a2cac3fe1c:group-CB9C606E82CE:LeaderElection24] INFO  server.RaftServerConfigKeys (ConfUtils.java:logGet(43)) - raft.server.log.appender.buffer.byte-limit = 33554432 (custom)
2019-08-30 07:37:47,614 [dcd35ce2-5653-4064-9aff-c1a2cac3fe1c:group-CB9C606E82CE:LeaderElection24] INFO  server.RaftServerConfigKeys (ConfUtils.java:logGet(43)) - raft.server.log.appender.buffer.element-limit = 1 (custom)
2019-08-30 07:37:47,614 [dcd35ce2-5653-4064-9aff-c1a2cac3fe1c:group-CB9C606E82CE:LeaderElection24] INFO  grpc.GrpcConfigKeys$Server (ConfUtils.java:logGet(43)) - raft.grpc.server.leader.outstanding.appends.max = 128 (default)
2019-08-30 07:37:47,615 [dcd35ce2-5653-4064-9aff-c1a2cac3fe1c:group-CB9C606E82CE:LeaderElection24] INFO  server.RaftServerConfigKeys (ConfUtils.java:logGet(43)) - raft.server.rpc.request.timeout = 3000ms (default)
2019-08-30 07:37:47,615 [dcd35ce2-5653-4064-9aff-c1a2cac3fe1c:group-CB9C606E82CE:LeaderElection24] INFO  server.RaftServerConfigKeys (ConfUtils.java:logGet(43)) - raft.server.log.appender.install.snapshot.enabled = false (custom)
2019-08-30 07:37:47,615 [dcd35ce2-5653-4064-9aff-c1a2cac3fe1c:group-CB9C606E82CE:LeaderElection24] INFO  server.RaftServerConfigKeys (ConfUtils.java:logGet(43)) - raft.server.log.appender.snapshot.chunk.size.max = 16MB (=16777216) (default)
2019-08-30 07:37:47,615 [dcd35ce2-5653-4064-9aff-c1a2cac3fe1c:group-CB9C606E82CE:LeaderElection24] INFO  server.RaftServerConfigKeys (ConfUtils.java:logGet(43)) - raft.server.log.appender.buffer.byte-limit = 33554432 (custom)
2019-08-30 07:37:47,615 [dcd35ce2-5653-4064-9aff-c1a2cac3fe1c:group-CB9C606E82CE:LeaderElection24] INFO  server.RaftServerConfigKeys (ConfUtils.java:logGet(43)) - raft.server.log.appender.buffer.element-limit = 1 (custom)
2019-08-30 07:37:47,616 [dcd35ce2-5653-4064-9aff-c1a2cac3fe1c:group-CB9C606E82CE:LeaderElection24] INFO  grpc.GrpcConfigKeys$Server (ConfUtils.java:logGet(43)) - raft.grpc.server.leader.outstanding.appends.max = 128 (default)
2019-08-30 07:37:47,616 [dcd35ce2-5653-4064-9aff-c1a2cac3fe1c:group-CB9C606E82CE:LeaderElection24] INFO  server.RaftServerConfigKeys (ConfUtils.java:logGet(43)) - raft.server.rpc.request.timeout = 3000ms (default)
2019-08-30 07:37:47,616 [dcd35ce2-5653-4064-9aff-c1a2cac3fe1c:group-CB9C606E82CE:LeaderElection24] INFO  server.RaftServerConfigKeys (ConfUtils.java:logGet(43)) - raft.server.log.appender.install.snapshot.enabled = false (custom)
2019-08-30 07:37:47,617 [dcd35ce2-5653-4064-9aff-c1a2cac3fe1c:group-CB9C606E82CE:LeaderElection24] INFO  impl.RoleInfo (RoleInfo.java:updateAndGet(143)) - dcd35ce2-5653-4064-9aff-c1a2cac3fe1c: start LeaderState
2019-08-30 07:37:47,617 [dcd35ce2-5653-4064-9aff-c1a2cac3fe1c:group-CB9C606E82CE:LeaderElection24] INFO  segmented.SegmentedRaftLogWorker (SegmentedRaftLogWorker.java:startLogSegment(380)) - dcd35ce2-5653-4064-9aff-c1a2cac3fe1c-SegmentedRaftLogWorker:Storage Directory /workdir/hadoop-ozone/integration-test/target/test-dir/MiniOzoneClusterImpl-3c7659ee-c795-4d58-8fb8-a1742cb39c82/datanode-3/data/ratis/02840816-6a80-4468-84ff-cb9c606e82ce: Starting segment from index:0
2019-08-30 07:37:47,618 [dcd35ce2-5653-4064-9aff-c1a2cac3fe1c:group-CB9C606E82CE:LeaderElection24] INFO  impl.RaftServerImpl (ServerState.java:setRaftConf(361)) - dcd35ce2-5653-4064-9aff-c1a2cac3fe1c:group-CB9C606E82CE set configuration 0: [dc0e8eda-8843-49e8-9024-f7c59bdcd9bc:192.168.34.43:34002, dcd35ce2-5653-4064-9aff-c1a2cac3fe1c:192.168.34.43:41594, 9570f0ce-31bf-44b3-921f-a36f22efea54:192.168.34.43:35099], old=null at 0
2019-08-30 07:37:47,667 [grpc-default-executor-1] INFO  impl.RaftServerImpl (ServerState.java:setLeader(263)) - 9570f0ce-31bf-44b3-921f-a36f22efea54:group-CB9C606E82CE change Leader from null to dcd35ce2-5653-4064-9aff-c1a2cac3fe1c at term 1 for appendEntries, leader elected after 5134ms
2019-08-30 07:37:47,670 [grpc-default-executor-3] INFO  impl.RaftServerImpl (ServerState.java:setLeader(263)) - dc0e8eda-8843-49e8-9024-f7c59bdcd9bc:group-CB9C606E82CE change Leader from null to dcd35ce2-5653-4064-9aff-c1a2cac3fe1c at term 1 for appendEntries, leader elected after 5137ms
2019-08-30 07:37:47,674 [grpc-default-executor-1] INFO  impl.RaftServerImpl (ServerState.java:setRaftConf(361)) - dc0e8eda-8843-49e8-9024-f7c59bdcd9bc:group-CB9C606E82CE set configuration 0: [dc0e8eda-8843-49e8-9024-f7c59bdcd9bc:192.168.34.43:34002, dcd35ce2-5653-4064-9aff-c1a2cac3fe1c:192.168.34.43:41594, 9570f0ce-31bf-44b3-921f-a36f22efea54:192.168.34.43:35099], old=null at 0
2019-08-30 07:37:47,674 [grpc-default-executor-3] INFO  impl.RaftServerImpl (ServerState.java:setRaftConf(361)) - 9570f0ce-31bf-44b3-921f-a36f22efea54:group-CB9C606E82CE set configuration 0: [dc0e8eda-8843-49e8-9024-f7c59bdcd9bc:192.168.34.43:34002, dcd35ce2-5653-4064-9aff-c1a2cac3fe1c:192.168.34.43:41594, 9570f0ce-31bf-44b3-921f-a36f22efea54:192.168.34.43:35099], old=null at 0
2019-08-30 07:37:47,674 [dcd35ce2-5653-4064-9aff-c1a2cac3fe1c-SegmentedRaftLogWorker:Storage Directory /workdir/hadoop-ozone/integration-test/target/test-dir/MiniOzoneClusterImpl-3c7659ee-c795-4d58-8fb8-a1742cb39c82/datanode-3/data/ratis/02840816-6a80-4468-84ff-cb9c606e82ce] INFO  segmented.SegmentedRaftLogWorker (SegmentedRaftLogWorker.java:execute(569)) - dcd35ce2-5653-4064-9aff-c1a2cac3fe1c-SegmentedRaftLogWorker:Storage Directory /workdir/hadoop-ozone/integration-test/target/test-dir/MiniOzoneClusterImpl-3c7659ee-c795-4d58-8fb8-a1742cb39c82/datanode-3/data/ratis/02840816-6a80-4468-84ff-cb9c606e82ce: created new log segment /workdir/hadoop-ozone/integration-test/target/test-dir/MiniOzoneClusterImpl-3c7659ee-c795-4d58-8fb8-a1742cb39c82/datanode-3/data/ratis/02840816-6a80-4468-84ff-cb9c606e82ce/current/log_inprogress_0
2019-08-30 07:37:47,674 [grpc-default-executor-1] INFO  segmented.SegmentedRaftLogWorker (SegmentedRaftLogWorker.java:startLogSegment(380)) - dc0e8eda-8843-49e8-9024-f7c59bdcd9bc-SegmentedRaftLogWorker:Storage Directory /workdir/hadoop-ozone/integration-test/target/test-dir/MiniOzoneClusterImpl-3c7659ee-c795-4d58-8fb8-a1742cb39c82/datanode-5/data/ratis/02840816-6a80-4468-84ff-cb9c606e82ce: Starting segment from index:0
2019-08-30 07:37:47,674 [Thread-730] INFO  impl.FollowerState (FollowerState.java:run(106)) - dc0e8eda-8843-49e8-9024-f7c59bdcd9bc:group-CC68BCB47D93 changes to CANDIDATE, lastRpcTime:5196, electionTimeout:5196ms
2019-08-30 07:37:47,674 [grpc-default-executor-3] INFO  segmented.SegmentedRaftLogWorker (SegmentedRaftLogWorker.java:startLogSegment(380)) - 9570f0ce-31bf-44b3-921f-a36f22efea54-SegmentedRaftLogWorker:Storage Directory /workdir/hadoop-ozone/integration-test/target/test-dir/MiniOzoneClusterImpl-3c7659ee-c795-4d58-8fb8-a1742cb39c82/datanode-4/data/ratis/02840816-6a80-4468-84ff-cb9c606e82ce: Starting segment from index:0
2019-08-30 07:37:47,675 [Thread-730] INFO  impl.RoleInfo (RoleInfo.java:shutdownFollowerState(121)) - dc0e8eda-8843-49e8-9024-f7c59bdcd9bc: shutdown FollowerState
2019-08-30 07:37:47,675 [Thread-730] INFO  impl.RaftServerImpl (RaftServerImpl.java:setRole(171)) - dc0e8eda-8843-49e8-9024-f7c59bdcd9bc:group-CC68BCB47D93 changes role from FOLLOWER to CANDIDATE at term 0 for changeToCandidate
2019-08-30 07:37:47,675 [Thread-730] INFO  impl.RoleInfo (RoleInfo.java:updateAndGet(143)) - dc0e8eda-8843-49e8-9024-f7c59bdcd9bc: start LeaderElection
2019-08-30 07:37:47,728 | INFO  | SCMAudit | user=jenkins1000 | ip=192.168.34.43 | op=SEND_HEARTBEAT {datanodeUUID=dcd35ce2-5653-4064-9aff-c1a2cac3fe1c, command=[]} | ret=SUCCESS |  
2019-08-30 07:37:47,737 | INFO  | SCMAudit | user=jenkins1000 | ip=192.168.34.43 | op=SEND_HEARTBEAT {datanodeUUID=722c9a0b-3ca8-46f2-9cba-02fdf2a68848, command=[]} | ret=SUCCESS |  
2019-08-30 07:37:47,779 [9570f0ce-31bf-44b3-921f-a36f22efea54-SegmentedRaftLogWorker:Storage Directory /workdir/hadoop-ozone/integration-test/target/test-dir/MiniOzoneClusterImpl-3c7659ee-c795-4d58-8fb8-a1742cb39c82/datanode-4/data/ratis/02840816-6a80-4468-84ff-cb9c606e82ce] INFO  segmented.SegmentedRaftLogWorker (SegmentedRaftLogWorker.java:execute(569)) - 9570f0ce-31bf-44b3-921f-a36f22efea54-SegmentedRaftLogWorker:Storage Directory /workdir/hadoop-ozone/integration-test/target/test-dir/MiniOzoneClusterImpl-3c7659ee-c795-4d58-8fb8-a1742cb39c82/datanode-4/data/ratis/02840816-6a80-4468-84ff-cb9c606e82ce: created new log segment /workdir/hadoop-ozone/integration-test/target/test-dir/MiniOzoneClusterImpl-3c7659ee-c795-4d58-8fb8-a1742cb39c82/datanode-4/data/ratis/02840816-6a80-4468-84ff-cb9c606e82ce/current/log_inprogress_0
2019-08-30 07:37:47,779 [dc0e8eda-8843-49e8-9024-f7c59bdcd9bc:group-CC68BCB47D93:LeaderElection25] INFO  impl.LeaderElection (LeaderElection.java:askForVotes(181)) - dc0e8eda-8843-49e8-9024-f7c59bdcd9bc:group-CC68BCB47D93:LeaderElection25: begin an election at term 1 for -1: [dc0e8eda-8843-49e8-9024-f7c59bdcd9bc:192.168.34.43:34002], old=null
2019-08-30 07:37:47,779 [dc0e8eda-8843-49e8-9024-f7c59bdcd9bc-SegmentedRaftLogWorker:Storage Directory /workdir/hadoop-ozone/integration-test/target/test-dir/MiniOzoneClusterImpl-3c7659ee-c795-4d58-8fb8-a1742cb39c82/datanode-5/data/ratis/02840816-6a80-4468-84ff-cb9c606e82ce] INFO  segmented.SegmentedRaftLogWorker (SegmentedRaftLogWorker.java:execute(569)) - dc0e8eda-8843-49e8-9024-f7c59bdcd9bc-SegmentedRaftLogWorker:Storage Directory /workdir/hadoop-ozone/integration-test/target/test-dir/MiniOzoneClusterImpl-3c7659ee-c795-4d58-8fb8-a1742cb39c82/datanode-5/data/ratis/02840816-6a80-4468-84ff-cb9c606e82ce: created new log segment /workdir/hadoop-ozone/integration-test/target/test-dir/MiniOzoneClusterImpl-3c7659ee-c795-4d58-8fb8-a1742cb39c82/datanode-5/data/ratis/02840816-6a80-4468-84ff-cb9c606e82ce/current/log_inprogress_0
2019-08-30 07:37:47,780 [dc0e8eda-8843-49e8-9024-f7c59bdcd9bc:group-CC68BCB47D93:LeaderElection25] INFO  impl.RoleInfo (RoleInfo.java:shutdownLeaderElection(134)) - dc0e8eda-8843-49e8-9024-f7c59bdcd9bc: shutdown LeaderElection
2019-08-30 07:37:47,780 [dc0e8eda-8843-49e8-9024-f7c59bdcd9bc:group-CC68BCB47D93:LeaderElection25] INFO  impl.RaftServerImpl (RaftServerImpl.java:setRole(171)) - dc0e8eda-8843-49e8-9024-f7c59bdcd9bc:group-CC68BCB47D93 changes role from CANDIDATE to LEADER at term 1 for changeToLeader
2019-08-30 07:37:47,780 [dc0e8eda-8843-49e8-9024-f7c59bdcd9bc:group-CC68BCB47D93:LeaderElection25] INFO  impl.RaftServerImpl (ServerState.java:setLeader(263)) - dc0e8eda-8843-49e8-9024-f7c59bdcd9bc:group-CC68BCB47D93 change Leader from null to dc0e8eda-8843-49e8-9024-f7c59bdcd9bc at term 1 for becomeLeader, leader elected after 5309ms
2019-08-30 07:37:47,780 [dc0e8eda-8843-49e8-9024-f7c59bdcd9bc:group-CC68BCB47D93:LeaderElection25] INFO  server.RaftServerConfigKeys (ConfUtils.java:logGet(43)) - raft.server.staging.catchup.gap = 1000 (default)
2019-08-30 07:37:47,781 [dc0e8eda-8843-49e8-9024-f7c59bdcd9bc:group-CC68BCB47D93:LeaderElection25] INFO  server.RaftServerConfigKeys (ConfUtils.java:logGet(43)) - raft.server.rpc.sleep.time = 25ms (default)
2019-08-30 07:37:47,781 [dc0e8eda-8843-49e8-9024-f7c59bdcd9bc:group-CC68BCB47D93:LeaderElection25] INFO  server.RaftServerConfigKeys (ConfUtils.java:logGet(43)) - raft.server.write.element-limit = 4096 (default)
2019-08-30 07:37:47,781 [dc0e8eda-8843-49e8-9024-f7c59bdcd9bc:group-CC68BCB47D93:LeaderElection25] INFO  server.RaftServerConfigKeys (ConfUtils.java:logGet(43)) - raft.server.watch.timeout = 10s (default)
2019-08-30 07:37:47,781 [dc0e8eda-8843-49e8-9024-f7c59bdcd9bc:group-CC68BCB47D93:LeaderElection25] INFO  server.RaftServerConfigKeys (ConfUtils.java:logGet(43)) - raft.server.watch.timeout.denomination = 1s (default)
2019-08-30 07:37:47,781 [dc0e8eda-8843-49e8-9024-f7c59bdcd9bc:group-CC68BCB47D93:LeaderElection25] INFO  server.RaftServerConfigKeys (ConfUtils.java:logGet(43)) - raft.server.watch.element-limit = 65536 (default)
2019-08-30 07:37:47,782 [dc0e8eda-8843-49e8-9024-f7c59bdcd9bc:group-CC68BCB47D93:LeaderElection25] INFO  impl.RoleInfo (RoleInfo.java:updateAndGet(143)) - dc0e8eda-8843-49e8-9024-f7c59bdcd9bc: start LeaderState
2019-08-30 07:37:47,782 [dc0e8eda-8843-49e8-9024-f7c59bdcd9bc:group-CC68BCB47D93:LeaderElection25] INFO  segmented.SegmentedRaftLogWorker (SegmentedRaftLogWorker.java:startLogSegment(380)) - dc0e8eda-8843-49e8-9024-f7c59bdcd9bc-SegmentedRaftLogWorker:Storage Directory /workdir/hadoop-ozone/integration-test/target/test-dir/MiniOzoneClusterImpl-3c7659ee-c795-4d58-8fb8-a1742cb39c82/datanode-5/data/ratis/3144fb6d-b9f7-4a3e-a25b-cc68bcb47d93: Starting segment from index:0
2019-08-30 07:37:47,794 [dc0e8eda-8843-49e8-9024-f7c59bdcd9bc:group-CC68BCB47D93:LeaderElection25] INFO  impl.RaftServerImpl (ServerState.java:setRaftConf(361)) - dc0e8eda-8843-49e8-9024-f7c59bdcd9bc:group-CC68BCB47D93 set configuration 0: [dc0e8eda-8843-49e8-9024-f7c59bdcd9bc:192.168.34.43:34002], old=null at 0
2019-08-30 07:37:47,833 [Thread-742] INFO  impl.FollowerState (FollowerState.java:run(106)) - 722c9a0b-3ca8-46f2-9cba-02fdf2a68848:group-CEC63CD04ED5 changes to CANDIDATE, lastRpcTime:5078, electionTimeout:5046ms
2019-08-30 07:37:47,833 [Thread-742] INFO  impl.RoleInfo (RoleInfo.java:shutdownFollowerState(121)) - 722c9a0b-3ca8-46f2-9cba-02fdf2a68848: shutdown FollowerState
2019-08-30 07:37:47,833 [Thread-742] INFO  impl.RaftServerImpl (RaftServerImpl.java:setRole(171)) - 722c9a0b-3ca8-46f2-9cba-02fdf2a68848:group-CEC63CD04ED5 changes role from FOLLOWER to CANDIDATE at term 0 for changeToCandidate
2019-08-30 07:37:47,834 [Thread-742] INFO  impl.RoleInfo (RoleInfo.java:updateAndGet(143)) - 722c9a0b-3ca8-46f2-9cba-02fdf2a68848: start LeaderElection
2019-08-30 07:37:47,856 [dc0e8eda-8843-49e8-9024-f7c59bdcd9bc-SegmentedRaftLogWorker:Storage Directory /workdir/hadoop-ozone/integration-test/target/test-dir/MiniOzoneClusterImpl-3c7659ee-c795-4d58-8fb8-a1742cb39c82/datanode-5/data/ratis/3144fb6d-b9f7-4a3e-a25b-cc68bcb47d93] INFO  segmented.SegmentedRaftLogWorker (SegmentedRaftLogWorker.java:execute(569)) - dc0e8eda-8843-49e8-9024-f7c59bdcd9bc-SegmentedRaftLogWorker:Storage Directory /workdir/hadoop-ozone/integration-test/target/test-dir/MiniOzoneClusterImpl-3c7659ee-c795-4d58-8fb8-a1742cb39c82/datanode-5/data/ratis/3144fb6d-b9f7-4a3e-a25b-cc68bcb47d93: created new log segment /workdir/hadoop-ozone/integration-test/target/test-dir/MiniOzoneClusterImpl-3c7659ee-c795-4d58-8fb8-a1742cb39c82/datanode-5/data/ratis/3144fb6d-b9f7-4a3e-a25b-cc68bcb47d93/current/log_inprogress_0
2019-08-30 07:37:47,856 [722c9a0b-3ca8-46f2-9cba-02fdf2a68848:group-CEC63CD04ED5:LeaderElection26] INFO  impl.LeaderElection (LeaderElection.java:askForVotes(181)) - 722c9a0b-3ca8-46f2-9cba-02fdf2a68848:group-CEC63CD04ED5:LeaderElection26: begin an election at term 1 for -1: [722c9a0b-3ca8-46f2-9cba-02fdf2a68848:192.168.34.43:36101], old=null
2019-08-30 07:37:47,857 [722c9a0b-3ca8-46f2-9cba-02fdf2a68848:group-CEC63CD04ED5:LeaderElection26] INFO  impl.RoleInfo (RoleInfo.java:shutdownLeaderElection(134)) - 722c9a0b-3ca8-46f2-9cba-02fdf2a68848: shutdown LeaderElection
2019-08-30 07:37:47,857 [722c9a0b-3ca8-46f2-9cba-02fdf2a68848:group-CEC63CD04ED5:LeaderElection26] INFO  impl.RaftServerImpl (RaftServerImpl.java:setRole(171)) - 722c9a0b-3ca8-46f2-9cba-02fdf2a68848:group-CEC63CD04ED5 changes role from CANDIDATE to LEADER at term 1 for changeToLeader
2019-08-30 07:37:47,857 [722c9a0b-3ca8-46f2-9cba-02fdf2a68848:group-CEC63CD04ED5:LeaderElection26] INFO  impl.RaftServerImpl (ServerState.java:setLeader(263)) - 722c9a0b-3ca8-46f2-9cba-02fdf2a68848:group-CEC63CD04ED5 change Leader from null to 722c9a0b-3ca8-46f2-9cba-02fdf2a68848 at term 1 for becomeLeader, leader elected after 5106ms
2019-08-30 07:37:47,857 [722c9a0b-3ca8-46f2-9cba-02fdf2a68848:group-CEC63CD04ED5:LeaderElection26] INFO  server.RaftServerConfigKeys (ConfUtils.java:logGet(43)) - raft.server.staging.catchup.gap = 1000 (default)
2019-08-30 07:37:47,857 [722c9a0b-3ca8-46f2-9cba-02fdf2a68848:group-CEC63CD04ED5:LeaderElection26] INFO  server.RaftServerConfigKeys (ConfUtils.java:logGet(43)) - raft.server.rpc.sleep.time = 25ms (default)
2019-08-30 07:37:47,857 [722c9a0b-3ca8-46f2-9cba-02fdf2a68848:group-CEC63CD04ED5:LeaderElection26] INFO  server.RaftServerConfigKeys (ConfUtils.java:logGet(43)) - raft.server.write.element-limit = 4096 (default)
2019-08-30 07:37:47,858 [722c9a0b-3ca8-46f2-9cba-02fdf2a68848:group-CEC63CD04ED5:LeaderElection26] INFO  server.RaftServerConfigKeys (ConfUtils.java:logGet(43)) - raft.server.watch.timeout = 10s (default)
2019-08-30 07:37:47,858 [722c9a0b-3ca8-46f2-9cba-02fdf2a68848:group-CEC63CD04ED5:LeaderElection26] INFO  server.RaftServerConfigKeys (ConfUtils.java:logGet(43)) - raft.server.watch.timeout.denomination = 1s (default)
2019-08-30 07:37:47,858 [722c9a0b-3ca8-46f2-9cba-02fdf2a68848:group-CEC63CD04ED5:LeaderElection26] INFO  server.RaftServerConfigKeys (ConfUtils.java:logGet(43)) - raft.server.watch.element-limit = 65536 (default)
2019-08-30 07:37:47,858 [722c9a0b-3ca8-46f2-9cba-02fdf2a68848:group-CEC63CD04ED5:LeaderElection26] INFO  impl.RoleInfo (RoleInfo.java:updateAndGet(143)) - 722c9a0b-3ca8-46f2-9cba-02fdf2a68848: start LeaderState
2019-08-30 07:37:47,858 [722c9a0b-3ca8-46f2-9cba-02fdf2a68848:group-CEC63CD04ED5:LeaderElection26] INFO  segmented.SegmentedRaftLogWorker (SegmentedRaftLogWorker.java:startLogSegment(380)) - 722c9a0b-3ca8-46f2-9cba-02fdf2a68848-SegmentedRaftLogWorker:Storage Directory /workdir/hadoop-ozone/integration-test/target/test-dir/MiniOzoneClusterImpl-3c7659ee-c795-4d58-8fb8-a1742cb39c82/datanode-6/data/ratis/8c113b92-73c2-4be9-809b-cec63cd04ed5: Starting segment from index:0
2019-08-30 07:37:47,859 [722c9a0b-3ca8-46f2-9cba-02fdf2a68848:group-CEC63CD04ED5:LeaderElection26] INFO  impl.RaftServerImpl (ServerState.java:setRaftConf(361)) - 722c9a0b-3ca8-46f2-9cba-02fdf2a68848:group-CEC63CD04ED5 set configuration 0: [722c9a0b-3ca8-46f2-9cba-02fdf2a68848:192.168.34.43:36101], old=null at 0
2019-08-30 07:37:47,905 [722c9a0b-3ca8-46f2-9cba-02fdf2a68848-SegmentedRaftLogWorker:Storage Directory /workdir/hadoop-ozone/integration-test/target/test-dir/MiniOzoneClusterImpl-3c7659ee-c795-4d58-8fb8-a1742cb39c82/datanode-6/data/ratis/8c113b92-73c2-4be9-809b-cec63cd04ed5] INFO  segmented.SegmentedRaftLogWorker (SegmentedRaftLogWorker.java:execute(569)) - 722c9a0b-3ca8-46f2-9cba-02fdf2a68848-SegmentedRaftLogWorker:Storage Directory /workdir/hadoop-ozone/integration-test/target/test-dir/MiniOzoneClusterImpl-3c7659ee-c795-4d58-8fb8-a1742cb39c82/datanode-6/data/ratis/8c113b92-73c2-4be9-809b-cec63cd04ed5: created new log segment /workdir/hadoop-ozone/integration-test/target/test-dir/MiniOzoneClusterImpl-3c7659ee-c795-4d58-8fb8-a1742cb39c82/datanode-6/data/ratis/8c113b92-73c2-4be9-809b-cec63cd04ed5/current/log_inprogress_0
2019-08-30 07:37:47,917 [grpc-default-executor-1] INFO  client.GrpcClientProtocolClient (GrpcClientProtocolClient.java:onNext(255)) - client-8ACC3CA93160->dc0e8eda-8843-49e8-9024-f7c59bdcd9bc: receive RaftClientReply:client-8ACC3CA93160->dc0e8eda-8843-49e8-9024-f7c59bdcd9bc@group-CB9C606E82CE, cid=42, FAILED org.apache.ratis.protocol.NotLeaderException: Server dc0e8eda-8843-49e8-9024-f7c59bdcd9bc is not the leader (dcd35ce2-5653-4064-9aff-c1a2cac3fe1c:192.168.34.43:41594). Request must be sent to leader., logIndex=0, commits[dc0e8eda-8843-49e8-9024-f7c59bdcd9bc:c-1, dcd35ce2-5653-4064-9aff-c1a2cac3fe1c:c-1, 9570f0ce-31bf-44b3-921f-a36f22efea54:c-1]
2019-08-30 07:37:48,031 | INFO  | DNAudit | user=null | ip=null | op=CREATE_CONTAINER {containerID=1, containerType=KeyValueContainer} | ret=SUCCESS |  
2019-08-30 07:37:48,040 | INFO  | SCMAudit | user=jenkins1000 | ip=192.168.34.43 | op=SEND_HEARTBEAT {datanodeUUID=dcd35ce2-5653-4064-9aff-c1a2cac3fe1c, command=[]} | ret=SUCCESS |  
2019-08-30 07:37:48,041 [grpc-default-executor-3] INFO  client.GrpcClientProtocolClient (GrpcClientProtocolClient.java:onNext(255)) - client-8ACC3CA93160->dcd35ce2-5653-4064-9aff-c1a2cac3fe1c: receive RaftClientReply:client-8ACC3CA93160->dcd35ce2-5653-4064-9aff-c1a2cac3fe1c@group-CB9C606E82CE, cid=42, SUCCESS, logIndex=1, commits[dcd35ce2-5653-4064-9aff-c1a2cac3fe1c:c2, dc0e8eda-8843-49e8-9024-f7c59bdcd9bc:c1, 9570f0ce-31bf-44b3-921f-a36f22efea54:c1]
2019-08-30 07:37:48,059 | INFO  | DNAudit | user=null | ip=null | op=CREATE_CONTAINER {containerID=1, containerType=KeyValueContainer} | ret=SUCCESS |  
2019-08-30 07:37:48,062 | INFO  | DNAudit | user=null | ip=null | op=CREATE_CONTAINER {containerID=1, containerType=KeyValueContainer} | ret=SUCCESS |  
2019-08-30 07:37:48,065 | INFO  | SCMAudit | user=jenkins1000 | ip=192.168.34.43 | op=SEND_HEARTBEAT {datanodeUUID=9570f0ce-31bf-44b3-921f-a36f22efea54, command=[]} | ret=SUCCESS |  
2019-08-30 07:37:48,065 | INFO  | SCMAudit | user=jenkins1000 | ip=192.168.34.43 | op=SEND_HEARTBEAT {datanodeUUID=dc0e8eda-8843-49e8-9024-f7c59bdcd9bc, command=[]} | ret=SUCCESS |  
2019-08-30 07:37:48,077 | INFO  | SCMAudit | user=jenkins1000 | ip=192.168.34.43 | op=SEND_HEARTBEAT {datanodeUUID=3bf132e1-02b6-4168-801a-3d7ce793c0d9, command=[]} | ret=SUCCESS |  
2019-08-30 07:37:48,136 | INFO  | DNAudit | user=null | ip=null | op=CREATE_CONTAINER {containerID=2, containerType=KeyValueContainer} | ret=SUCCESS |  
2019-08-30 07:37:48,136 | INFO  | DNAudit | user=null | ip=null | op=CREATE_CONTAINER {containerID=2, containerType=KeyValueContainer} | ret=SUCCESS |  
2019-08-30 07:37:48,145 | INFO  | SCMAudit | user=jenkins1000 | ip=192.168.34.43 | op=SEND_HEARTBEAT {datanodeUUID=dcd35ce2-5653-4064-9aff-c1a2cac3fe1c, command=[]} | ret=SUCCESS |  
2019-08-30 07:37:48,146 | INFO  | SCMAudit | user=jenkins1000 | ip=192.168.34.43 | op=SEND_HEARTBEAT {datanodeUUID=dc0e8eda-8843-49e8-9024-f7c59bdcd9bc, command=[]} | ret=SUCCESS |  
2019-08-30 07:37:48,147 [grpc-default-executor-1] INFO  client.GrpcClientProtocolClient (GrpcClientProtocolClient.java:onNext(255)) - client-8ACC3CA93160->dcd35ce2-5653-4064-9aff-c1a2cac3fe1c: receive RaftClientReply:client-8ACC3CA93160->dcd35ce2-5653-4064-9aff-c1a2cac3fe1c@group-CB9C606E82CE, cid=43, SUCCESS, logIndex=3, commits[dcd35ce2-5653-4064-9aff-c1a2cac3fe1c:c4, dc0e8eda-8843-49e8-9024-f7c59bdcd9bc:c3, 9570f0ce-31bf-44b3-921f-a36f22efea54:c3]
2019-08-30 07:37:48,171 | INFO  | DNAudit | user=null | ip=null | op=CREATE_CONTAINER {containerID=2, containerType=KeyValueContainer} | ret=SUCCESS |  
2019-08-30 07:37:48,176 | INFO  | SCMAudit | user=jenkins1000 | ip=192.168.34.43 | op=SEND_HEARTBEAT {datanodeUUID=9570f0ce-31bf-44b3-921f-a36f22efea54, command=[]} | ret=SUCCESS |  
2019-08-30 07:37:48,244 | INFO  | DNAudit | user=null | ip=null | op=CREATE_CONTAINER {containerID=3, containerType=KeyValueContainer} | ret=SUCCESS |  
2019-08-30 07:37:48,245 | INFO  | SCMAudit | user=jenkins1000 | ip=192.168.34.43 | op=SEND_HEARTBEAT {datanodeUUID=dcd35ce2-5653-4064-9aff-c1a2cac3fe1c, command=[]} | ret=SUCCESS |  
2019-08-30 07:37:48,247 [grpc-default-executor-1] INFO  client.GrpcClientProtocolClient (GrpcClientProtocolClient.java:onNext(255)) - client-8ACC3CA93160->dcd35ce2-5653-4064-9aff-c1a2cac3fe1c: receive RaftClientReply:client-8ACC3CA93160->dcd35ce2-5653-4064-9aff-c1a2cac3fe1c@group-CB9C606E82CE, cid=44, SUCCESS, logIndex=5, commits[dcd35ce2-5653-4064-9aff-c1a2cac3fe1c:c6, dc0e8eda-8843-49e8-9024-f7c59bdcd9bc:c5, 9570f0ce-31bf-44b3-921f-a36f22efea54:c5]
2019-08-30 07:37:48,255 | INFO  | DNAudit | user=null | ip=null | op=CREATE_CONTAINER {containerID=3, containerType=KeyValueContainer} | ret=SUCCESS |  
2019-08-30 07:37:48,255 | INFO  | DNAudit | user=null | ip=null | op=CREATE_CONTAINER {containerID=3, containerType=KeyValueContainer} | ret=SUCCESS |  
2019-08-30 07:37:48,256 | INFO  | SCMAudit | user=jenkins1000 | ip=192.168.34.43 | op=SEND_HEARTBEAT {datanodeUUID=dc0e8eda-8843-49e8-9024-f7c59bdcd9bc, command=[]} | ret=SUCCESS |  
2019-08-30 07:37:48,256 | INFO  | SCMAudit | user=jenkins1000 | ip=192.168.34.43 | op=SEND_HEARTBEAT {datanodeUUID=9570f0ce-31bf-44b3-921f-a36f22efea54, command=[]} | ret=SUCCESS |  
2019-08-30 07:37:48,276 | INFO  | SCMAudit | user=jenkins1000 | ip=192.168.34.43 | op=SEND_HEARTBEAT {datanodeUUID=34c5bf21-796a-477d-8f73-056dd6ef4f82, command=[]} | ret=SUCCESS |  
2019-08-30 07:37:48,473 | INFO  | SCMAudit | user=jenkins1000 | ip=192.168.34.43 | op=SEND_HEARTBEAT {datanodeUUID=9e64560e-57c0-404b-a5e3-eb70c00d39cc, command=[]} | ret=SUCCESS |  
2019-08-30 07:37:48,734 | INFO  | SCMAudit | user=jenkins1000 | ip=192.168.34.43 | op=SEND_HEARTBEAT {datanodeUUID=722c9a0b-3ca8-46f2-9cba-02fdf2a68848, command=[]} | ret=SUCCESS |  
2019-08-30 07:37:49,077 | INFO  | SCMAudit | user=jenkins1000 | ip=192.168.34.43 | op=SEND_HEARTBEAT {datanodeUUID=3bf132e1-02b6-4168-801a-3d7ce793c0d9, command=[]} | ret=SUCCESS |  
2019-08-30 07:37:49,246 | INFO  | SCMAudit | user=jenkins1000 | ip=192.168.34.43 | op=SEND_HEARTBEAT {datanodeUUID=dcd35ce2-5653-4064-9aff-c1a2cac3fe1c, command=[]} | ret=SUCCESS |  
2019-08-30 07:37:49,256 | INFO  | SCMAudit | user=jenkins1000 | ip=192.168.34.43 | op=SEND_HEARTBEAT {datanodeUUID=dc0e8eda-8843-49e8-9024-f7c59bdcd9bc, command=[]} | ret=SUCCESS |  
2019-08-30 07:37:49,256 | INFO  | SCMAudit | user=jenkins1000 | ip=192.168.34.43 | op=SEND_HEARTBEAT {datanodeUUID=9570f0ce-31bf-44b3-921f-a36f22efea54, command=[]} | ret=SUCCESS |  
2019-08-30 07:37:49,276 | INFO  | SCMAudit | user=jenkins1000 | ip=192.168.34.43 | op=SEND_HEARTBEAT {datanodeUUID=34c5bf21-796a-477d-8f73-056dd6ef4f82, command=[]} | ret=SUCCESS |  
2019-08-30 07:37:49,473 | INFO  | SCMAudit | user=jenkins1000 | ip=192.168.34.43 | op=SEND_HEARTBEAT {datanodeUUID=9e64560e-57c0-404b-a5e3-eb70c00d39cc, command=[]} | ret=SUCCESS |  
2019-08-30 07:37:49,735 | INFO  | SCMAudit | user=jenkins1000 | ip=192.168.34.43 | op=SEND_HEARTBEAT {datanodeUUID=722c9a0b-3ca8-46f2-9cba-02fdf2a68848, command=[]} | ret=SUCCESS |  
2019-08-30 07:37:50,077 | INFO  | SCMAudit | user=jenkins1000 | ip=192.168.34.43 | op=SEND_HEARTBEAT {datanodeUUID=3bf132e1-02b6-4168-801a-3d7ce793c0d9, command=[]} | ret=SUCCESS |  
2019-08-30 07:37:50,246 | INFO  | SCMAudit | user=jenkins1000 | ip=192.168.34.43 | op=SEND_HEARTBEAT {datanodeUUID=dcd35ce2-5653-4064-9aff-c1a2cac3fe1c, command=[]} | ret=SUCCESS |  
2019-08-30 07:37:50,255 | INFO  | SCMAudit | user=jenkins1000 | ip=192.168.34.43 | op=SEND_HEARTBEAT {datanodeUUID=dc0e8eda-8843-49e8-9024-f7c59bdcd9bc, command=[]} | ret=SUCCESS |  
2019-08-30 07:37:50,255 | INFO  | SCMAudit | user=jenkins1000 | ip=192.168.34.43 | op=SEND_HEARTBEAT {datanodeUUID=9570f0ce-31bf-44b3-921f-a36f22efea54, command=[]} | ret=SUCCESS |  
2019-08-30 07:37:50,275 | INFO  | SCMAudit | user=jenkins1000 | ip=192.168.34.43 | op=SEND_HEARTBEAT {datanodeUUID=34c5bf21-796a-477d-8f73-056dd6ef4f82, command=[]} | ret=SUCCESS |  
2019-08-30 07:37:50,472 | INFO  | SCMAudit | user=jenkins1000 | ip=192.168.34.43 | op=SEND_HEARTBEAT {datanodeUUID=9e64560e-57c0-404b-a5e3-eb70c00d39cc, command=[]} | ret=SUCCESS |  
2019-08-30 07:37:50,735 | INFO  | SCMAudit | user=jenkins1000 | ip=192.168.34.43 | op=SEND_HEARTBEAT {datanodeUUID=722c9a0b-3ca8-46f2-9cba-02fdf2a68848, command=[]} | ret=SUCCESS |  
2019-08-30 07:37:51,077 | INFO  | SCMAudit | user=jenkins1000 | ip=192.168.34.43 | op=SEND_HEARTBEAT {datanodeUUID=3bf132e1-02b6-4168-801a-3d7ce793c0d9, command=[]} | ret=SUCCESS |  
2019-08-30 07:37:51,247 | INFO  | SCMAudit | user=jenkins1000 | ip=192.168.34.43 | op=SEND_HEARTBEAT {datanodeUUID=dcd35ce2-5653-4064-9aff-c1a2cac3fe1c, command=[]} | ret=SUCCESS |  
2019-08-30 07:37:51,256 | INFO  | SCMAudit | user=jenkins1000 | ip=192.168.34.43 | op=SEND_HEARTBEAT {datanodeUUID=dc0e8eda-8843-49e8-9024-f7c59bdcd9bc, command=[]} | ret=SUCCESS |  
2019-08-30 07:37:51,256 | INFO  | SCMAudit | user=jenkins1000 | ip=192.168.34.43 | op=SEND_HEARTBEAT {datanodeUUID=9570f0ce-31bf-44b3-921f-a36f22efea54, command=[]} | ret=SUCCESS |  
2019-08-30 07:37:51,277 | INFO  | SCMAudit | user=jenkins1000 | ip=192.168.34.43 | op=SEND_HEARTBEAT {datanodeUUID=34c5bf21-796a-477d-8f73-056dd6ef4f82, command=[]} | ret=SUCCESS |  
2019-08-30 07:37:51,474 | INFO  | SCMAudit | user=jenkins1000 | ip=192.168.34.43 | op=SEND_HEARTBEAT {datanodeUUID=9e64560e-57c0-404b-a5e3-eb70c00d39cc, command=[]} | ret=SUCCESS |  
2019-08-30 07:37:51,736 | INFO  | SCMAudit | user=jenkins1000 | ip=192.168.34.43 | op=SEND_HEARTBEAT {datanodeUUID=722c9a0b-3ca8-46f2-9cba-02fdf2a68848, command=[]} | ret=SUCCESS |  
2019-08-30 07:37:52,077 | INFO  | SCMAudit | user=jenkins1000 | ip=192.168.34.43 | op=SEND_HEARTBEAT {datanodeUUID=3bf132e1-02b6-4168-801a-3d7ce793c0d9, command=[]} | ret=SUCCESS |  
2019-08-30 07:37:52,246 | INFO  | SCMAudit | user=jenkins1000 | ip=192.168.34.43 | op=SEND_HEARTBEAT {datanodeUUID=dcd35ce2-5653-4064-9aff-c1a2cac3fe1c, command=[]} | ret=SUCCESS |  
2019-08-30 07:37:52,271 | INFO  | SCMAudit | user=jenkins1000 | ip=192.168.34.43 | op=SEND_HEARTBEAT {datanodeUUID=dc0e8eda-8843-49e8-9024-f7c59bdcd9bc, command=[]} | ret=SUCCESS |  
2019-08-30 07:37:52,271 | INFO  | SCMAudit | user=jenkins1000 | ip=192.168.34.43 | op=SEND_HEARTBEAT {datanodeUUID=9570f0ce-31bf-44b3-921f-a36f22efea54, command=[]} | ret=SUCCESS |  
2019-08-30 07:37:52,277 | INFO  | SCMAudit | user=jenkins1000 | ip=192.168.34.43 | op=SEND_HEARTBEAT {datanodeUUID=34c5bf21-796a-477d-8f73-056dd6ef4f82, command=[]} | ret=SUCCESS |  
2019-08-30 07:37:52,473 | INFO  | SCMAudit | user=jenkins1000 | ip=192.168.34.43 | op=SEND_HEARTBEAT {datanodeUUID=9e64560e-57c0-404b-a5e3-eb70c00d39cc, command=[]} | ret=SUCCESS |  
2019-08-30 07:37:52,736 | INFO  | SCMAudit | user=jenkins1000 | ip=192.168.34.43 | op=SEND_HEARTBEAT {datanodeUUID=722c9a0b-3ca8-46f2-9cba-02fdf2a68848, command=[]} | ret=SUCCESS |  
2019-08-30 07:37:53,077 | INFO  | SCMAudit | user=jenkins1000 | ip=192.168.34.43 | op=SEND_HEARTBEAT {datanodeUUID=3bf132e1-02b6-4168-801a-3d7ce793c0d9, command=[]} | ret=SUCCESS |  
2019-08-30 07:37:53,246 | INFO  | SCMAudit | user=jenkins1000 | ip=192.168.34.43 | op=SEND_HEARTBEAT {datanodeUUID=dcd35ce2-5653-4064-9aff-c1a2cac3fe1c, command=[]} | ret=SUCCESS |  
2019-08-30 07:37:53,272 | INFO  | SCMAudit | user=jenkins1000 | ip=192.168.34.43 | op=SEND_HEARTBEAT {datanodeUUID=dc0e8eda-8843-49e8-9024-f7c59bdcd9bc, command=[]} | ret=SUCCESS |  
2019-08-30 07:37:53,272 | INFO  | SCMAudit | user=jenkins1000 | ip=192.168.34.43 | op=SEND_HEARTBEAT {datanodeUUID=9570f0ce-31bf-44b3-921f-a36f22efea54, command=[]} | ret=SUCCESS |  
2019-08-30 07:37:53,276 | INFO  | SCMAudit | user=jenkins1000 | ip=192.168.34.43 | op=SEND_HEARTBEAT {datanodeUUID=34c5bf21-796a-477d-8f73-056dd6ef4f82, command=[]} | ret=SUCCESS |  
2019-08-30 07:37:53,294 [grpc-default-executor-3] INFO  client.GrpcClientProtocolClient (GrpcClientProtocolClient.java:onNext(255)) - client-8ACC3CA93160->9570f0ce-31bf-44b3-921f-a36f22efea54: receive RaftClientReply:client-8ACC3CA93160->9570f0ce-31bf-44b3-921f-a36f22efea54@group-CB9C606E82CE, cid=45, FAILED org.apache.ratis.protocol.NotLeaderException: Server 9570f0ce-31bf-44b3-921f-a36f22efea54 is not the leader (dcd35ce2-5653-4064-9aff-c1a2cac3fe1c:192.168.34.43:41594). Request must be sent to leader., logIndex=0, commits[9570f0ce-31bf-44b3-921f-a36f22efea54:c8, dc0e8eda-8843-49e8-9024-f7c59bdcd9bc:c8, dcd35ce2-5653-4064-9aff-c1a2cac3fe1c:c8]
2019-08-30 07:37:53,473 | INFO  | SCMAudit | user=jenkins1000 | ip=192.168.34.43 | op=SEND_HEARTBEAT {datanodeUUID=9e64560e-57c0-404b-a5e3-eb70c00d39cc, command=[]} | ret=SUCCESS |  
2019-08-30 07:37:53,737 | INFO  | SCMAudit | user=jenkins1000 | ip=192.168.34.43 | op=SEND_HEARTBEAT {datanodeUUID=722c9a0b-3ca8-46f2-9cba-02fdf2a68848, command=[]} | ret=SUCCESS |  
2019-08-30 07:37:54,078 | INFO  | SCMAudit | user=jenkins1000 | ip=192.168.34.43 | op=SEND_HEARTBEAT {datanodeUUID=3bf132e1-02b6-4168-801a-3d7ce793c0d9, command=[]} | ret=SUCCESS |  
2019-08-30 07:37:54,246 | INFO  | SCMAudit | user=jenkins1000 | ip=192.168.34.43 | op=SEND_HEARTBEAT {datanodeUUID=dcd35ce2-5653-4064-9aff-c1a2cac3fe1c, command=[]} | ret=SUCCESS |  
2019-08-30 07:37:54,271 | INFO  | SCMAudit | user=jenkins1000 | ip=192.168.34.43 | op=SEND_HEARTBEAT {datanodeUUID=9570f0ce-31bf-44b3-921f-a36f22efea54, command=[]} | ret=SUCCESS |  
2019-08-30 07:37:54,271 | INFO  | SCMAudit | user=jenkins1000 | ip=192.168.34.43 | op=SEND_HEARTBEAT {datanodeUUID=dc0e8eda-8843-49e8-9024-f7c59bdcd9bc, command=[]} | ret=SUCCESS |  
2019-08-30 07:37:54,276 | INFO  | SCMAudit | user=jenkins1000 | ip=192.168.34.43 | op=SEND_HEARTBEAT {datanodeUUID=34c5bf21-796a-477d-8f73-056dd6ef4f82, command=[]} | ret=SUCCESS |  
2019-08-30 07:37:54,473 | INFO  | SCMAudit | user=jenkins1000 | ip=192.168.34.43 | op=SEND_HEARTBEAT {datanodeUUID=9e64560e-57c0-404b-a5e3-eb70c00d39cc, command=[]} | ret=SUCCESS |  
2019-08-30 07:37:54,736 | INFO  | SCMAudit | user=jenkins1000 | ip=192.168.34.43 | op=SEND_HEARTBEAT {datanodeUUID=722c9a0b-3ca8-46f2-9cba-02fdf2a68848, command=[]} | ret=SUCCESS |  
2019-08-30 07:37:55,078 | INFO  | SCMAudit | user=jenkins1000 | ip=192.168.34.43 | op=SEND_HEARTBEAT {datanodeUUID=3bf132e1-02b6-4168-801a-3d7ce793c0d9, command=[]} | ret=SUCCESS |  
2019-08-30 07:37:55,245 | INFO  | SCMAudit | user=jenkins1000 | ip=192.168.34.43 | op=SEND_HEARTBEAT {datanodeUUID=dcd35ce2-5653-4064-9aff-c1a2cac3fe1c, command=[]} | ret=SUCCESS |  
2019-08-30 07:37:55,272 | INFO  | SCMAudit | user=jenkins1000 | ip=192.168.34.43 | op=SEND_HEARTBEAT {datanodeUUID=dc0e8eda-8843-49e8-9024-f7c59bdcd9bc, command=[]} | ret=SUCCESS |  
2019-08-30 07:37:55,272 | INFO  | SCMAudit | user=jenkins1000 | ip=192.168.34.43 | op=SEND_HEARTBEAT {datanodeUUID=9570f0ce-31bf-44b3-921f-a36f22efea54, command=[]} | ret=SUCCESS |  
2019-08-30 07:37:55,276 | INFO  | SCMAudit | user=jenkins1000 | ip=192.168.34.43 | op=SEND_HEARTBEAT {datanodeUUID=34c5bf21-796a-477d-8f73-056dd6ef4f82, command=[]} | ret=SUCCESS |  
2019-08-30 07:37:55,473 | INFO  | SCMAudit | user=jenkins1000 | ip=192.168.34.43 | op=SEND_HEARTBEAT {datanodeUUID=9e64560e-57c0-404b-a5e3-eb70c00d39cc, command=[]} | ret=SUCCESS |  
2019-08-30 07:37:55,737 | INFO  | SCMAudit | user=jenkins1000 | ip=192.168.34.43 | op=SEND_HEARTBEAT {datanodeUUID=722c9a0b-3ca8-46f2-9cba-02fdf2a68848, command=[]} | ret=SUCCESS |  
2019-08-30 07:37:56,077 | INFO  | SCMAudit | user=jenkins1000 | ip=192.168.34.43 | op=SEND_HEARTBEAT {datanodeUUID=3bf132e1-02b6-4168-801a-3d7ce793c0d9, command=[]} | ret=SUCCESS |  
2019-08-30 07:37:56,247 | INFO  | SCMAudit | user=jenkins1000 | ip=192.168.34.43 | op=SEND_HEARTBEAT {datanodeUUID=dcd35ce2-5653-4064-9aff-c1a2cac3fe1c, command=[]} | ret=SUCCESS |  
2019-08-30 07:37:56,271 | INFO  | SCMAudit | user=jenkins1000 | ip=192.168.34.43 | op=SEND_HEARTBEAT {datanodeUUID=9570f0ce-31bf-44b3-921f-a36f22efea54, command=[]} | ret=SUCCESS |  
2019-08-30 07:37:56,271 | INFO  | SCMAudit | user=jenkins1000 | ip=192.168.34.43 | op=SEND_HEARTBEAT {datanodeUUID=dc0e8eda-8843-49e8-9024-f7c59bdcd9bc, command=[]} | ret=SUCCESS |  
2019-08-30 07:37:56,277 | INFO  | SCMAudit | user=jenkins1000 | ip=192.168.34.43 | op=SEND_HEARTBEAT {datanodeUUID=34c5bf21-796a-477d-8f73-056dd6ef4f82, command=[]} | ret=SUCCESS |  
2019-08-30 07:37:56,472 | INFO  | SCMAudit | user=jenkins1000 | ip=192.168.34.43 | op=SEND_HEARTBEAT {datanodeUUID=9e64560e-57c0-404b-a5e3-eb70c00d39cc, command=[]} | ret=SUCCESS |  
2019-08-30 07:37:56,737 | INFO  | SCMAudit | user=jenkins1000 | ip=192.168.34.43 | op=SEND_HEARTBEAT {datanodeUUID=722c9a0b-3ca8-46f2-9cba-02fdf2a68848, command=[]} | ret=SUCCESS |  
2019-08-30 07:37:57,078 | INFO  | SCMAudit | user=jenkins1000 | ip=192.168.34.43 | op=SEND_HEARTBEAT {datanodeUUID=3bf132e1-02b6-4168-801a-3d7ce793c0d9, command=[]} | ret=SUCCESS |  
2019-08-30 07:37:57,247 | INFO  | SCMAudit | user=jenkins1000 | ip=192.168.34.43 | op=SEND_HEARTBEAT {datanodeUUID=dcd35ce2-5653-4064-9aff-c1a2cac3fe1c, command=[]} | ret=SUCCESS |  
2019-08-30 07:37:57,272 | INFO  | SCMAudit | user=jenkins1000 | ip=192.168.34.43 | op=SEND_HEARTBEAT {datanodeUUID=dc0e8eda-8843-49e8-9024-f7c59bdcd9bc, command=[]} | ret=SUCCESS |  
2019-08-30 07:37:57,272 | INFO  | SCMAudit | user=jenkins1000 | ip=192.168.34.43 | op=SEND_HEARTBEAT {datanodeUUID=9570f0ce-31bf-44b3-921f-a36f22efea54, command=[]} | ret=SUCCESS |  
2019-08-30 07:37:57,276 | INFO  | SCMAudit | user=jenkins1000 | ip=192.168.34.43 | op=SEND_HEARTBEAT {datanodeUUID=34c5bf21-796a-477d-8f73-056dd6ef4f82, command=[]} | ret=SUCCESS |  
2019-08-30 07:37:57,473 | INFO  | SCMAudit | user=jenkins1000 | ip=192.168.34.43 | op=SEND_HEARTBEAT {datanodeUUID=9e64560e-57c0-404b-a5e3-eb70c00d39cc, command=[]} | ret=SUCCESS |  
2019-08-30 07:37:57,736 | INFO  | SCMAudit | user=jenkins1000 | ip=192.168.34.43 | op=SEND_HEARTBEAT {datanodeUUID=722c9a0b-3ca8-46f2-9cba-02fdf2a68848, command=[]} | ret=SUCCESS |  
2019-08-30 07:37:58,079 | INFO  | SCMAudit | user=jenkins1000 | ip=192.168.34.43 | op=SEND_HEARTBEAT {datanodeUUID=3bf132e1-02b6-4168-801a-3d7ce793c0d9, command=[]} | ret=SUCCESS |  
2019-08-30 07:37:58,247 | INFO  | SCMAudit | user=jenkins1000 | ip=192.168.34.43 | op=SEND_HEARTBEAT {datanodeUUID=dcd35ce2-5653-4064-9aff-c1a2cac3fe1c, command=[]} | ret=SUCCESS |  
2019-08-30 07:37:58,271 | INFO  | SCMAudit | user=jenkins1000 | ip=192.168.34.43 | op=SEND_HEARTBEAT {datanodeUUID=9570f0ce-31bf-44b3-921f-a36f22efea54, command=[]} | ret=SUCCESS |  
2019-08-30 07:37:58,271 | INFO  | SCMAudit | user=jenkins1000 | ip=192.168.34.43 | op=SEND_HEARTBEAT {datanodeUUID=dc0e8eda-8843-49e8-9024-f7c59bdcd9bc, command=[]} | ret=SUCCESS |  
2019-08-30 07:37:58,276 | INFO  | SCMAudit | user=jenkins1000 | ip=192.168.34.43 | op=SEND_HEARTBEAT {datanodeUUID=34c5bf21-796a-477d-8f73-056dd6ef4f82, command=[]} | ret=SUCCESS |  
2019-08-30 07:37:58,346 [grpc-default-executor-1] INFO  client.GrpcClientProtocolClient (GrpcClientProtocolClient.java:onNext(255)) - client-8ACC3CA93160->9570f0ce-31bf-44b3-921f-a36f22efea54: receive RaftClientReply:client-8ACC3CA93160->9570f0ce-31bf-44b3-921f-a36f22efea54@group-CB9C606E82CE, cid=45, FAILED org.apache.ratis.protocol.NotLeaderException: Server 9570f0ce-31bf-44b3-921f-a36f22efea54 is not the leader (dcd35ce2-5653-4064-9aff-c1a2cac3fe1c:192.168.34.43:41594). Request must be sent to leader., logIndex=0, commits[9570f0ce-31bf-44b3-921f-a36f22efea54:c8, dc0e8eda-8843-49e8-9024-f7c59bdcd9bc:c8, dcd35ce2-5653-4064-9aff-c1a2cac3fe1c:c8]
2019-08-30 07:37:58,473 | INFO  | SCMAudit | user=jenkins1000 | ip=192.168.34.43 | op=SEND_HEARTBEAT {datanodeUUID=9e64560e-57c0-404b-a5e3-eb70c00d39cc, command=[]} | ret=SUCCESS |  
2019-08-30 07:37:58,737 | INFO  | SCMAudit | user=jenkins1000 | ip=192.168.34.43 | op=SEND_HEARTBEAT {datanodeUUID=722c9a0b-3ca8-46f2-9cba-02fdf2a68848, command=[]} | ret=SUCCESS |  
2019-08-30 07:37:59,078 | INFO  | SCMAudit | user=jenkins1000 | ip=192.168.34.43 | op=SEND_HEARTBEAT {datanodeUUID=3bf132e1-02b6-4168-801a-3d7ce793c0d9, command=[]} | ret=SUCCESS |  
2019-08-30 07:37:59,247 | INFO  | SCMAudit | user=jenkins1000 | ip=192.168.34.43 | op=SEND_HEARTBEAT {datanodeUUID=dcd35ce2-5653-4064-9aff-c1a2cac3fe1c, command=[]} | ret=SUCCESS |  
2019-08-30 07:37:59,272 | INFO  | SCMAudit | user=jenkins1000 | ip=192.168.34.43 | op=SEND_HEARTBEAT {datanodeUUID=9570f0ce-31bf-44b3-921f-a36f22efea54, command=[]} | ret=SUCCESS |  
2019-08-30 07:37:59,272 | INFO  | SCMAudit | user=jenkins1000 | ip=192.168.34.43 | op=SEND_HEARTBEAT {datanodeUUID=dc0e8eda-8843-49e8-9024-f7c59bdcd9bc, command=[]} | ret=SUCCESS |  
2019-08-30 07:37:59,277 | INFO  | SCMAudit | user=jenkins1000 | ip=192.168.34.43 | op=SEND_HEARTBEAT {datanodeUUID=34c5bf21-796a-477d-8f73-056dd6ef4f82, command=[]} | ret=SUCCESS |  
2019-08-30 07:37:59,473 | INFO  | SCMAudit | user=jenkins1000 | ip=192.168.34.43 | op=SEND_HEARTBEAT {datanodeUUID=9e64560e-57c0-404b-a5e3-eb70c00d39cc, command=[]} | ret=SUCCESS |  
2019-08-30 07:37:59,737 | INFO  | SCMAudit | user=jenkins1000 | ip=192.168.34.43 | op=SEND_HEARTBEAT {datanodeUUID=722c9a0b-3ca8-46f2-9cba-02fdf2a68848, command=[]} | ret=SUCCESS |  
2019-08-30 07:38:00,079 | INFO  | SCMAudit | user=jenkins1000 | ip=192.168.34.43 | op=SEND_HEARTBEAT {datanodeUUID=3bf132e1-02b6-4168-801a-3d7ce793c0d9, command=[]} | ret=SUCCESS |  
2019-08-30 07:38:00,247 | INFO  | SCMAudit | user=jenkins1000 | ip=192.168.34.43 | op=SEND_HEARTBEAT {datanodeUUID=dcd35ce2-5653-4064-9aff-c1a2cac3fe1c, command=[]} | ret=SUCCESS |  
2019-08-30 07:38:00,272 | INFO  | SCMAudit | user=jenkins1000 | ip=192.168.34.43 | op=SEND_HEARTBEAT {datanodeUUID=9570f0ce-31bf-44b3-921f-a36f22efea54, command=[]} | ret=SUCCESS |  
2019-08-30 07:38:00,272 | INFO  | SCMAudit | user=jenkins1000 | ip=192.168.34.43 | op=SEND_HEARTBEAT {datanodeUUID=dc0e8eda-8843-49e8-9024-f7c59bdcd9bc, command=[]} | ret=SUCCESS |  
2019-08-30 07:38:00,278 | INFO  | SCMAudit | user=jenkins1000 | ip=192.168.34.43 | op=SEND_HEARTBEAT {datanodeUUID=34c5bf21-796a-477d-8f73-056dd6ef4f82, command=[]} | ret=SUCCESS |  
2019-08-30 07:38:00,473 | INFO  | SCMAudit | user=jenkins1000 | ip=192.168.34.43 | op=SEND_HEARTBEAT {datanodeUUID=9e64560e-57c0-404b-a5e3-eb70c00d39cc, command=[]} | ret=SUCCESS |  
2019-08-30 07:38:00,737 | INFO  | SCMAudit | user=jenkins1000 | ip=192.168.34.43 | op=SEND_HEARTBEAT {datanodeUUID=722c9a0b-3ca8-46f2-9cba-02fdf2a68848, command=[]} | ret=SUCCESS |  
2019-08-30 07:38:01,078 | INFO  | SCMAudit | user=jenkins1000 | ip=192.168.34.43 | op=SEND_HEARTBEAT {datanodeUUID=3bf132e1-02b6-4168-801a-3d7ce793c0d9, command=[]} | ret=SUCCESS |  
2019-08-30 07:38:01,247 | INFO  | SCMAudit | user=jenkins1000 | ip=192.168.34.43 | op=SEND_HEARTBEAT {datanodeUUID=dcd35ce2-5653-4064-9aff-c1a2cac3fe1c, command=[]} | ret=SUCCESS |  
2019-08-30 07:38:01,272 | INFO  | SCMAudit | user=jenkins1000 | ip=192.168.34.43 | op=SEND_HEARTBEAT {datanodeUUID=9570f0ce-31bf-44b3-921f-a36f22efea54, command=[]} | ret=SUCCESS |  
2019-08-30 07:38:01,273 | INFO  | SCMAudit | user=jenkins1000 | ip=192.168.34.43 | op=SEND_HEARTBEAT {datanodeUUID=dc0e8eda-8843-49e8-9024-f7c59bdcd9bc, command=[]} | ret=SUCCESS |  
2019-08-30 07:38:01,278 | INFO  | SCMAudit | user=jenkins1000 | ip=192.168.34.43 | op=SEND_HEARTBEAT {datanodeUUID=34c5bf21-796a-477d-8f73-056dd6ef4f82, command=[]} | ret=SUCCESS |  
2019-08-30 07:38:01,474 | INFO  | SCMAudit | user=jenkins1000 | ip=192.168.34.43 | op=SEND_HEARTBEAT {datanodeUUID=9e64560e-57c0-404b-a5e3-eb70c00d39cc, command=[]} | ret=SUCCESS |  
2019-08-30 07:38:01,739 | INFO  | SCMAudit | user=jenkins1000 | ip=192.168.34.43 | op=SEND_HEARTBEAT {datanodeUUID=722c9a0b-3ca8-46f2-9cba-02fdf2a68848, command=[]} | ret=SUCCESS |  
2019-08-30 07:38:02,078 | INFO  | SCMAudit | user=jenkins1000 | ip=192.168.34.43 | op=SEND_HEARTBEAT {datanodeUUID=3bf132e1-02b6-4168-801a-3d7ce793c0d9, command=[]} | ret=SUCCESS |  
2019-08-30 07:38:02,247 | INFO  | SCMAudit | user=jenkins1000 | ip=192.168.34.43 | op=SEND_HEARTBEAT {datanodeUUID=dcd35ce2-5653-4064-9aff-c1a2cac3fe1c, command=[]} | ret=SUCCESS |  
2019-08-30 07:38:02,272 | INFO  | SCMAudit | user=jenkins1000 | ip=192.168.34.43 | op=SEND_HEARTBEAT {datanodeUUID=9570f0ce-31bf-44b3-921f-a36f22efea54, command=[]} | ret=SUCCESS |  
2019-08-30 07:38:02,273 | INFO  | SCMAudit | user=jenkins1000 | ip=192.168.34.43 | op=SEND_HEARTBEAT {datanodeUUID=dc0e8eda-8843-49e8-9024-f7c59bdcd9bc, command=[]} | ret=SUCCESS |  
2019-08-30 07:38:02,279 | INFO  | SCMAudit | user=jenkins1000 | ip=192.168.34.43 | op=SEND_HEARTBEAT {datanodeUUID=34c5bf21-796a-477d-8f73-056dd6ef4f82, command=[]} | ret=SUCCESS |  
2019-08-30 07:38:02,473 | INFO  | SCMAudit | user=jenkins1000 | ip=192.168.34.43 | op=SEND_HEARTBEAT {datanodeUUID=9e64560e-57c0-404b-a5e3-eb70c00d39cc, command=[]} | ret=SUCCESS |  
2019-08-30 07:38:02,739 | INFO  | SCMAudit | user=jenkins1000 | ip=192.168.34.43 | op=SEND_HEARTBEAT {datanodeUUID=722c9a0b-3ca8-46f2-9cba-02fdf2a68848, command=[]} | ret=SUCCESS |  
2019-08-30 07:38:03,078 | INFO  | SCMAudit | user=jenkins1000 | ip=192.168.34.43 | op=SEND_HEARTBEAT {datanodeUUID=3bf132e1-02b6-4168-801a-3d7ce793c0d9, command=[]} | ret=SUCCESS |  
2019-08-30 07:38:03,247 | INFO  | SCMAudit | user=jenkins1000 | ip=192.168.34.43 | op=SEND_HEARTBEAT {datanodeUUID=dcd35ce2-5653-4064-9aff-c1a2cac3fe1c, command=[]} | ret=SUCCESS |  
2019-08-30 07:38:03,273 | INFO  | SCMAudit | user=jenkins1000 | ip=192.168.34.43 | op=SEND_HEARTBEAT {datanodeUUID=9570f0ce-31bf-44b3-921f-a36f22efea54, command=[]} | ret=SUCCESS |  
2019-08-30 07:38:03,273 | INFO  | SCMAudit | user=jenkins1000 | ip=192.168.34.43 | op=SEND_HEARTBEAT {datanodeUUID=dc0e8eda-8843-49e8-9024-f7c59bdcd9bc, command=[]} | ret=SUCCESS |  
2019-08-30 07:38:03,278 | INFO  | SCMAudit | user=jenkins1000 | ip=192.168.34.43 | op=SEND_HEARTBEAT {datanodeUUID=34c5bf21-796a-477d-8f73-056dd6ef4f82, command=[]} | ret=SUCCESS |  
2019-08-30 07:38:03,419 [grpc-default-executor-3] INFO  client.GrpcClientProtocolClient (GrpcClientProtocolClient.java:onNext(255)) - client-8ACC3CA93160->9570f0ce-31bf-44b3-921f-a36f22efea54: receive RaftClientReply:client-8ACC3CA93160->9570f0ce-31bf-44b3-921f-a36f22efea54@group-CB9C606E82CE, cid=45, FAILED org.apache.ratis.protocol.NotLeaderException: Server 9570f0ce-31bf-44b3-921f-a36f22efea54 is not the leader (dcd35ce2-5653-4064-9aff-c1a2cac3fe1c:192.168.34.43:41594). Request must be sent to leader., logIndex=0, commits[9570f0ce-31bf-44b3-921f-a36f22efea54:c8, dc0e8eda-8843-49e8-9024-f7c59bdcd9bc:c8, dcd35ce2-5653-4064-9aff-c1a2cac3fe1c:c8]
2019-08-30 07:38:03,474 | INFO  | SCMAudit | user=jenkins1000 | ip=192.168.34.43 | op=SEND_HEARTBEAT {datanodeUUID=9e64560e-57c0-404b-a5e3-eb70c00d39cc, command=[]} | ret=SUCCESS |  
2019-08-30 07:38:03,740 | INFO  | SCMAudit | user=jenkins1000 | ip=192.168.34.43 | op=SEND_HEARTBEAT {datanodeUUID=722c9a0b-3ca8-46f2-9cba-02fdf2a68848, command=[]} | ret=SUCCESS |  
2019-08-30 07:38:04,078 | INFO  | SCMAudit | user=jenkins1000 | ip=192.168.34.43 | op=SEND_HEARTBEAT {datanodeUUID=3bf132e1-02b6-4168-801a-3d7ce793c0d9, command=[]} | ret=SUCCESS |  
2019-08-30 07:38:04,247 | INFO  | SCMAudit | user=jenkins1000 | ip=192.168.34.43 | op=SEND_HEARTBEAT {datanodeUUID=dcd35ce2-5653-4064-9aff-c1a2cac3fe1c, command=[]} | ret=SUCCESS |  
2019-08-30 07:38:04,273 | INFO  | SCMAudit | user=jenkins1000 | ip=192.168.34.43 | op=SEND_HEARTBEAT {datanodeUUID=dc0e8eda-8843-49e8-9024-f7c59bdcd9bc, command=[]} | ret=SUCCESS |  
2019-08-30 07:38:04,273 | INFO  | SCMAudit | user=jenkins1000 | ip=192.168.34.43 | op=SEND_HEARTBEAT {datanodeUUID=9570f0ce-31bf-44b3-921f-a36f22efea54, command=[]} | ret=SUCCESS |  
2019-08-30 07:38:04,279 | INFO  | SCMAudit | user=jenkins1000 | ip=192.168.34.43 | op=SEND_HEARTBEAT {datanodeUUID=34c5bf21-796a-477d-8f73-056dd6ef4f82, command=[]} | ret=SUCCESS |  
2019-08-30 07:38:04,473 | INFO  | SCMAudit | user=jenkins1000 | ip=192.168.34.43 | op=SEND_HEARTBEAT {datanodeUUID=9e64560e-57c0-404b-a5e3-eb70c00d39cc, command=[]} | ret=SUCCESS |  
2019-08-30 07:38:04,739 | INFO  | SCMAudit | user=jenkins1000 | ip=192.168.34.43 | op=SEND_HEARTBEAT {datanodeUUID=722c9a0b-3ca8-46f2-9cba-02fdf2a68848, command=[]} | ret=SUCCESS |  
2019-08-30 07:38:05,078 | INFO  | SCMAudit | user=jenkins1000 | ip=192.168.34.43 | op=SEND_HEARTBEAT {datanodeUUID=3bf132e1-02b6-4168-801a-3d7ce793c0d9, command=[]} | ret=SUCCESS |  
2019-08-30 07:38:05,247 | INFO  | SCMAudit | user=jenkins1000 | ip=192.168.34.43 | op=SEND_HEARTBEAT {datanodeUUID=dcd35ce2-5653-4064-9aff-c1a2cac3fe1c, command=[]} | ret=SUCCESS |  
2019-08-30 07:38:05,273 | INFO  | SCMAudit | user=jenkins1000 | ip=192.168.34.43 | op=SEND_HEARTBEAT {datanodeUUID=dc0e8eda-8843-49e8-9024-f7c59bdcd9bc, command=[]} | ret=SUCCESS |  
2019-08-30 07:38:05,273 | INFO  | SCMAudit | user=jenkins1000 | ip=192.168.34.43 | op=SEND_HEARTBEAT {datanodeUUID=9570f0ce-31bf-44b3-921f-a36f22efea54, command=[]} | ret=SUCCESS |  
2019-08-30 07:38:05,279 | INFO  | SCMAudit | user=jenkins1000 | ip=192.168.34.43 | op=SEND_HEARTBEAT {datanodeUUID=34c5bf21-796a-477d-8f73-056dd6ef4f82, command=[]} | ret=SUCCESS |  
2019-08-30 07:38:05,473 | INFO  | SCMAudit | user=jenkins1000 | ip=192.168.34.43 | op=SEND_HEARTBEAT {datanodeUUID=9e64560e-57c0-404b-a5e3-eb70c00d39cc, command=[]} | ret=SUCCESS |  
2019-08-30 07:38:05,739 | INFO  | SCMAudit | user=jenkins1000 | ip=192.168.34.43 | op=SEND_HEARTBEAT {datanodeUUID=722c9a0b-3ca8-46f2-9cba-02fdf2a68848, command=[]} | ret=SUCCESS |  
2019-08-30 07:38:06,078 | INFO  | SCMAudit | user=jenkins1000 | ip=192.168.34.43 | op=SEND_HEARTBEAT {datanodeUUID=3bf132e1-02b6-4168-801a-3d7ce793c0d9, command=[]} | ret=SUCCESS |  
2019-08-30 07:38:06,247 | INFO  | SCMAudit | user=jenkins1000 | ip=192.168.34.43 | op=SEND_HEARTBEAT {datanodeUUID=dcd35ce2-5653-4064-9aff-c1a2cac3fe1c, command=[]} | ret=SUCCESS |  
2019-08-30 07:38:06,273 | INFO  | SCMAudit | user=jenkins1000 | ip=192.168.34.43 | op=SEND_HEARTBEAT {datanodeUUID=dc0e8eda-8843-49e8-9024-f7c59bdcd9bc, command=[]} | ret=SUCCESS |  
2019-08-30 07:38:06,273 | INFO  | SCMAudit | user=jenkins1000 | ip=192.168.34.43 | op=SEND_HEARTBEAT {datanodeUUID=9570f0ce-31bf-44b3-921f-a36f22efea54, command=[]} | ret=SUCCESS |  
2019-08-30 07:38:06,279 | INFO  | SCMAudit | user=jenkins1000 | ip=192.168.34.43 | op=SEND_HEARTBEAT {datanodeUUID=34c5bf21-796a-477d-8f73-056dd6ef4f82, command=[]} | ret=SUCCESS |  
2019-08-30 07:38:06,473 | INFO  | SCMAudit | user=jenkins1000 | ip=192.168.34.43 | op=SEND_HEARTBEAT {datanodeUUID=9e64560e-57c0-404b-a5e3-eb70c00d39cc, command=[]} | ret=SUCCESS |  
2019-08-30 07:38:06,739 | INFO  | SCMAudit | user=jenkins1000 | ip=192.168.34.43 | op=SEND_HEARTBEAT {datanodeUUID=722c9a0b-3ca8-46f2-9cba-02fdf2a68848, command=[]} | ret=SUCCESS |  
2019-08-30 07:38:07,078 | INFO  | SCMAudit | user=jenkins1000 | ip=192.168.34.43 | op=SEND_HEARTBEAT {datanodeUUID=3bf132e1-02b6-4168-801a-3d7ce793c0d9, command=[]} | ret=SUCCESS |  
2019-08-30 07:38:07,247 | INFO  | SCMAudit | user=jenkins1000 | ip=192.168.34.43 | op=SEND_HEARTBEAT {datanodeUUID=dcd35ce2-5653-4064-9aff-c1a2cac3fe1c, command=[]} | ret=SUCCESS |  
2019-08-30 07:38:07,272 | INFO  | SCMAudit | user=jenkins1000 | ip=192.168.34.43 | op=SEND_HEARTBEAT {datanodeUUID=9570f0ce-31bf-44b3-921f-a36f22efea54, command=[]} | ret=SUCCESS |  
2019-08-30 07:38:07,272 | INFO  | SCMAudit | user=jenkins1000 | ip=192.168.34.43 | op=SEND_HEARTBEAT {datanodeUUID=dc0e8eda-8843-49e8-9024-f7c59bdcd9bc, command=[]} | ret=SUCCESS |  
2019-08-30 07:38:07,279 | INFO  | SCMAudit | user=jenkins1000 | ip=192.168.34.43 | op=SEND_HEARTBEAT {datanodeUUID=34c5bf21-796a-477d-8f73-056dd6ef4f82, command=[]} | ret=SUCCESS |  
2019-08-30 07:38:07,473 | INFO  | SCMAudit | user=jenkins1000 | ip=192.168.34.43 | op=SEND_HEARTBEAT {datanodeUUID=9e64560e-57c0-404b-a5e3-eb70c00d39cc, command=[]} | ret=SUCCESS |  
2019-08-30 07:38:07,739 | INFO  | SCMAudit | user=jenkins1000 | ip=192.168.34.43 | op=SEND_HEARTBEAT {datanodeUUID=722c9a0b-3ca8-46f2-9cba-02fdf2a68848, command=[]} | ret=SUCCESS |  
2019-08-30 07:38:08,078 | INFO  | SCMAudit | user=jenkins1000 | ip=192.168.34.43 | op=SEND_HEARTBEAT {datanodeUUID=3bf132e1-02b6-4168-801a-3d7ce793c0d9, command=[]} | ret=SUCCESS |  
2019-08-30 07:38:08,247 | INFO  | SCMAudit | user=jenkins1000 | ip=192.168.34.43 | op=SEND_HEARTBEAT {datanodeUUID=dcd35ce2-5653-4064-9aff-c1a2cac3fe1c, command=[]} | ret=SUCCESS |  
2019-08-30 07:38:08,273 | INFO  | SCMAudit | user=jenkins1000 | ip=192.168.34.43 | op=SEND_HEARTBEAT {datanodeUUID=dc0e8eda-8843-49e8-9024-f7c59bdcd9bc, command=[]} | ret=SUCCESS |  
2019-08-30 07:38:08,273 | INFO  | SCMAudit | user=jenkins1000 | ip=192.168.34.43 | op=SEND_HEARTBEAT {datanodeUUID=9570f0ce-31bf-44b3-921f-a36f22efea54, command=[]} | ret=SUCCESS |  
2019-08-30 07:38:08,279 | INFO  | SCMAudit | user=jenkins1000 | ip=192.168.34.43 | op=SEND_HEARTBEAT {datanodeUUID=34c5bf21-796a-477d-8f73-056dd6ef4f82, command=[]} | ret=SUCCESS |  
2019-08-30 07:38:08,468 [grpc-default-executor-3] INFO  client.GrpcClientProtocolClient (GrpcClientProtocolClient.java:onNext(255)) - client-8ACC3CA93160->dc0e8eda-8843-49e8-9024-f7c59bdcd9bc: receive RaftClientReply:client-8ACC3CA93160->dc0e8eda-8843-49e8-9024-f7c59bdcd9bc@group-CB9C606E82CE, cid=45, FAILED org.apache.ratis.protocol.NotLeaderException: Server dc0e8eda-8843-49e8-9024-f7c59bdcd9bc is not the leader (dcd35ce2-5653-4064-9aff-c1a2cac3fe1c:192.168.34.43:41594). Request must be sent to leader., logIndex=0, commits[dc0e8eda-8843-49e8-9024-f7c59bdcd9bc:c8, dcd35ce2-5653-4064-9aff-c1a2cac3fe1c:c8, 9570f0ce-31bf-44b3-921f-a36f22efea54:c8]
2019-08-30 07:38:08,478 | INFO  | SCMAudit | user=jenkins1000 | ip=192.168.34.43 | op=SEND_HEARTBEAT {datanodeUUID=9e64560e-57c0-404b-a5e3-eb70c00d39cc, command=[]} | ret=SUCCESS |  
2019-08-30 07:38:08,739 | INFO  | SCMAudit | user=jenkins1000 | ip=192.168.34.43 | op=SEND_HEARTBEAT {datanodeUUID=722c9a0b-3ca8-46f2-9cba-02fdf2a68848, command=[]} | ret=SUCCESS |  
2019-08-30 07:38:09,078 | INFO  | SCMAudit | user=jenkins1000 | ip=192.168.34.43 | op=SEND_HEARTBEAT {datanodeUUID=3bf132e1-02b6-4168-801a-3d7ce793c0d9, command=[]} | ret=SUCCESS |  
2019-08-30 07:38:09,247 | INFO  | SCMAudit | user=jenkins1000 | ip=192.168.34.43 | op=SEND_HEARTBEAT {datanodeUUID=dcd35ce2-5653-4064-9aff-c1a2cac3fe1c, command=[]} | ret=SUCCESS |  
2019-08-30 07:38:09,272 | INFO  | SCMAudit | user=jenkins1000 | ip=192.168.34.43 | op=SEND_HEARTBEAT {datanodeUUID=9570f0ce-31bf-44b3-921f-a36f22efea54, command=[]} | ret=SUCCESS |  
2019-08-30 07:38:09,273 | INFO  | SCMAudit | user=jenkins1000 | ip=192.168.34.43 | op=SEND_HEARTBEAT {datanodeUUID=dc0e8eda-8843-49e8-9024-f7c59bdcd9bc, command=[]} | ret=SUCCESS |  
2019-08-30 07:38:09,280 | INFO  | SCMAudit | user=jenkins1000 | ip=192.168.34.43 | op=SEND_HEARTBEAT {datanodeUUID=34c5bf21-796a-477d-8f73-056dd6ef4f82, command=[]} | ret=SUCCESS |  
2019-08-30 07:38:09,474 | INFO  | SCMAudit | user=jenkins1000 | ip=192.168.34.43 | op=SEND_HEARTBEAT {datanodeUUID=9e64560e-57c0-404b-a5e3-eb70c00d39cc, command=[]} | ret=SUCCESS |  
2019-08-30 07:38:09,739 | INFO  | SCMAudit | user=jenkins1000 | ip=192.168.34.43 | op=SEND_HEARTBEAT {datanodeUUID=722c9a0b-3ca8-46f2-9cba-02fdf2a68848, command=[]} | ret=SUCCESS |  
2019-08-30 07:38:10,078 | INFO  | SCMAudit | user=jenkins1000 | ip=192.168.34.43 | op=SEND_HEARTBEAT {datanodeUUID=3bf132e1-02b6-4168-801a-3d7ce793c0d9, command=[]} | ret=SUCCESS |  
2019-08-30 07:38:10,247 | INFO  | SCMAudit | user=jenkins1000 | ip=192.168.34.43 | op=SEND_HEARTBEAT {datanodeUUID=dcd35ce2-5653-4064-9aff-c1a2cac3fe1c, command=[]} | ret=SUCCESS |  
2019-08-30 07:38:10,273 | INFO  | SCMAudit | user=jenkins1000 | ip=192.168.34.43 | op=SEND_HEARTBEAT {datanodeUUID=9570f0ce-31bf-44b3-921f-a36f22efea54, command=[]} | ret=SUCCESS |  
2019-08-30 07:38:10,273 | INFO  | SCMAudit | user=jenkins1000 | ip=192.168.34.43 | op=SEND_HEARTBEAT {datanodeUUID=dc0e8eda-8843-49e8-9024-f7c59bdcd9bc, command=[]} | ret=SUCCESS |  
2019-08-30 07:38:10,279 | INFO  | SCMAudit | user=jenkins1000 | ip=192.168.34.43 | op=SEND_HEARTBEAT {datanodeUUID=34c5bf21-796a-477d-8f73-056dd6ef4f82, command=[]} | ret=SUCCESS |  
2019-08-30 07:38:10,474 | INFO  | SCMAudit | user=jenkins1000 | ip=192.168.34.43 | op=SEND_HEARTBEAT {datanodeUUID=9e64560e-57c0-404b-a5e3-eb70c00d39cc, command=[]} | ret=SUCCESS |  
2019-08-30 07:38:10,739 | INFO  | SCMAudit | user=jenkins1000 | ip=192.168.34.43 | op=SEND_HEARTBEAT {datanodeUUID=722c9a0b-3ca8-46f2-9cba-02fdf2a68848, command=[]} | ret=SUCCESS |  
2019-08-30 07:38:11,078 | INFO  | SCMAudit | user=jenkins1000 | ip=192.168.34.43 | op=SEND_HEARTBEAT {datanodeUUID=3bf132e1-02b6-4168-801a-3d7ce793c0d9, command=[]} | ret=SUCCESS |  
2019-08-30 07:38:11,247 | INFO  | SCMAudit | user=jenkins1000 | ip=192.168.34.43 | op=SEND_HEARTBEAT {datanodeUUID=dcd35ce2-5653-4064-9aff-c1a2cac3fe1c, command=[]} | ret=SUCCESS |  
2019-08-30 07:38:11,274 | INFO  | SCMAudit | user=jenkins1000 | ip=192.168.34.43 | op=SEND_HEARTBEAT {datanodeUUID=9570f0ce-31bf-44b3-921f-a36f22efea54, command=[]} | ret=SUCCESS |  
2019-08-30 07:38:11,274 | INFO  | SCMAudit | user=jenkins1000 | ip=192.168.34.43 | op=SEND_HEARTBEAT {datanodeUUID=dc0e8eda-8843-49e8-9024-f7c59bdcd9bc, command=[]} | ret=SUCCESS |  
2019-08-30 07:38:11,279 | INFO  | SCMAudit | user=jenkins1000 | ip=192.168.34.43 | op=SEND_HEARTBEAT {datanodeUUID=34c5bf21-796a-477d-8f73-056dd6ef4f82, command=[]} | ret=SUCCESS |  
2019-08-30 07:38:11,474 | INFO  | SCMAudit | user=jenkins1000 | ip=192.168.34.43 | op=SEND_HEARTBEAT {datanodeUUID=9e64560e-57c0-404b-a5e3-eb70c00d39cc, command=[]} | ret=SUCCESS |  
2019-08-30 07:38:11,739 | INFO  | SCMAudit | user=jenkins1000 | ip=192.168.34.43 | op=SEND_HEARTBEAT {datanodeUUID=722c9a0b-3ca8-46f2-9cba-02fdf2a68848, command=[]} | ret=SUCCESS |  
2019-08-30 07:38:12,078 | INFO  | SCMAudit | user=jenkins1000 | ip=192.168.34.43 | op=SEND_HEARTBEAT {datanodeUUID=3bf132e1-02b6-4168-801a-3d7ce793c0d9, command=[]} | ret=SUCCESS |  
2019-08-30 07:38:12,246 | INFO  | SCMAudit | user=jenkins1000 | ip=192.168.34.43 | op=SEND_HEARTBEAT {datanodeUUID=dcd35ce2-5653-4064-9aff-c1a2cac3fe1c, command=[]} | ret=SUCCESS |  
2019-08-30 07:38:12,273 | INFO  | SCMAudit | user=jenkins1000 | ip=192.168.34.43 | op=SEND_HEARTBEAT {datanodeUUID=9570f0ce-31bf-44b3-921f-a36f22efea54, command=[]} | ret=SUCCESS |  
2019-08-30 07:38:12,273 | INFO  | SCMAudit | user=jenkins1000 | ip=192.168.34.43 | op=SEND_HEARTBEAT {datanodeUUID=dc0e8eda-8843-49e8-9024-f7c59bdcd9bc, command=[]} | ret=SUCCESS |  
2019-08-30 07:38:12,280 | INFO  | SCMAudit | user=jenkins1000 | ip=192.168.34.43 | op=SEND_HEARTBEAT {datanodeUUID=34c5bf21-796a-477d-8f73-056dd6ef4f82, command=[]} | ret=SUCCESS |  
2019-08-30 07:38:12,475 | INFO  | SCMAudit | user=jenkins1000 | ip=192.168.34.43 | op=SEND_HEARTBEAT {datanodeUUID=9e64560e-57c0-404b-a5e3-eb70c00d39cc, command=[]} | ret=SUCCESS |  
2019-08-30 07:38:12,739 | INFO  | SCMAudit | user=jenkins1000 | ip=192.168.34.43 | op=SEND_HEARTBEAT {datanodeUUID=722c9a0b-3ca8-46f2-9cba-02fdf2a68848, command=[]} | ret=SUCCESS |  
2019-08-30 07:38:13,077 | INFO  | SCMAudit | user=jenkins1000 | ip=192.168.34.43 | op=SEND_HEARTBEAT {datanodeUUID=3bf132e1-02b6-4168-801a-3d7ce793c0d9, command=[]} | ret=SUCCESS |  
2019-08-30 07:38:13,247 | INFO  | SCMAudit | user=jenkins1000 | ip=192.168.34.43 | op=SEND_HEARTBEAT {datanodeUUID=dcd35ce2-5653-4064-9aff-c1a2cac3fe1c, command=[]} | ret=SUCCESS |  
2019-08-30 07:38:13,274 | INFO  | SCMAudit | user=jenkins1000 | ip=192.168.34.43 | op=SEND_HEARTBEAT {datanodeUUID=9570f0ce-31bf-44b3-921f-a36f22efea54, command=[]} | ret=SUCCESS |  
2019-08-30 07:38:13,274 | INFO  | SCMAudit | user=jenkins1000 | ip=192.168.34.43 | op=SEND_HEARTBEAT {datanodeUUID=dc0e8eda-8843-49e8-9024-f7c59bdcd9bc, command=[]} | ret=SUCCESS |  
2019-08-30 07:38:13,280 | INFO  | SCMAudit | user=jenkins1000 | ip=192.168.34.43 | op=SEND_HEARTBEAT {datanodeUUID=34c5bf21-796a-477d-8f73-056dd6ef4f82, command=[]} | ret=SUCCESS |  
2019-08-30 07:38:13,475 | INFO  | SCMAudit | user=jenkins1000 | ip=192.168.34.43 | op=SEND_HEARTBEAT {datanodeUUID=9e64560e-57c0-404b-a5e3-eb70c00d39cc, command=[]} | ret=SUCCESS |  
2019-08-30 07:38:13,514 [grpc-default-executor-1] INFO  client.GrpcClientProtocolClient (GrpcClientProtocolClient.java:onNext(255)) - client-8ACC3CA93160->9570f0ce-31bf-44b3-921f-a36f22efea54: receive RaftClientReply:client-8ACC3CA93160->9570f0ce-31bf-44b3-921f-a36f22efea54@group-CB9C606E82CE, cid=45, FAILED org.apache.ratis.protocol.NotLeaderException: Server 9570f0ce-31bf-44b3-921f-a36f22efea54 is not the leader (dcd35ce2-5653-4064-9aff-c1a2cac3fe1c:192.168.34.43:41594). Request must be sent to leader., logIndex=0, commits[9570f0ce-31bf-44b3-921f-a36f22efea54:c8, dc0e8eda-8843-49e8-9024-f7c59bdcd9bc:c8, dcd35ce2-5653-4064-9aff-c1a2cac3fe1c:c8]
2019-08-30 07:38:13,740 | INFO  | SCMAudit | user=jenkins1000 | ip=192.168.34.43 | op=SEND_HEARTBEAT {datanodeUUID=722c9a0b-3ca8-46f2-9cba-02fdf2a68848, command=[]} | ret=SUCCESS |  
2019-08-30 07:38:14,078 | INFO  | SCMAudit | user=jenkins1000 | ip=192.168.34.43 | op=SEND_HEARTBEAT {datanodeUUID=3bf132e1-02b6-4168-801a-3d7ce793c0d9, command=[]} | ret=SUCCESS |  
2019-08-30 07:38:14,248 | INFO  | SCMAudit | user=jenkins1000 | ip=192.168.34.43 | op=SEND_HEARTBEAT {datanodeUUID=dcd35ce2-5653-4064-9aff-c1a2cac3fe1c, command=[]} | ret=SUCCESS |  
2019-08-30 07:38:14,273 | INFO  | SCMAudit | user=jenkins1000 | ip=192.168.34.43 | op=SEND_HEARTBEAT {datanodeUUID=9570f0ce-31bf-44b3-921f-a36f22efea54, command=[]} | ret=SUCCESS |  
2019-08-30 07:38:14,273 | INFO  | SCMAudit | user=jenkins1000 | ip=192.168.34.43 | op=SEND_HEARTBEAT {datanodeUUID=dc0e8eda-8843-49e8-9024-f7c59bdcd9bc, command=[]} | ret=SUCCESS |  
2019-08-30 07:38:14,279 | INFO  | SCMAudit | user=jenkins1000 | ip=192.168.34.43 | op=SEND_HEARTBEAT {datanodeUUID=34c5bf21-796a-477d-8f73-056dd6ef4f82, command=[]} | ret=SUCCESS |  
2019-08-30 07:38:14,475 | INFO  | SCMAudit | user=jenkins1000 | ip=192.168.34.43 | op=SEND_HEARTBEAT {datanodeUUID=9e64560e-57c0-404b-a5e3-eb70c00d39cc, command=[]} | ret=SUCCESS |  
2019-08-30 07:38:14,740 | INFO  | SCMAudit | user=jenkins1000 | ip=192.168.34.43 | op=SEND_HEARTBEAT {datanodeUUID=722c9a0b-3ca8-46f2-9cba-02fdf2a68848, command=[]} | ret=SUCCESS |  
2019-08-30 07:38:15,077 | INFO  | SCMAudit | user=jenkins1000 | ip=192.168.34.43 | op=SEND_HEARTBEAT {datanodeUUID=3bf132e1-02b6-4168-801a-3d7ce793c0d9, command=[]} | ret=SUCCESS |  
2019-08-30 07:38:15,248 | INFO  | SCMAudit | user=jenkins1000 | ip=192.168.34.43 | op=SEND_HEARTBEAT {datanodeUUID=dcd35ce2-5653-4064-9aff-c1a2cac3fe1c, command=[]} | ret=SUCCESS |  
2019-08-30 07:38:15,274 | INFO  | SCMAudit | user=jenkins1000 | ip=192.168.34.43 | op=SEND_HEARTBEAT {datanodeUUID=dc0e8eda-8843-49e8-9024-f7c59bdcd9bc, command=[]} | ret=SUCCESS |  
2019-08-30 07:38:15,274 | INFO  | SCMAudit | user=jenkins1000 | ip=192.168.34.43 | op=SEND_HEARTBEAT {datanodeUUID=9570f0ce-31bf-44b3-921f-a36f22efea54, command=[]} | ret=SUCCESS |  
2019-08-30 07:38:15,279 | INFO  | SCMAudit | user=jenkins1000 | ip=192.168.34.43 | op=SEND_HEARTBEAT {datanodeUUID=34c5bf21-796a-477d-8f73-056dd6ef4f82, command=[]} | ret=SUCCESS |  
2019-08-30 07:38:15,475 | INFO  | SCMAudit | user=jenkins1000 | ip=192.168.34.43 | op=SEND_HEARTBEAT {datanodeUUID=9e64560e-57c0-404b-a5e3-eb70c00d39cc, command=[]} | ret=SUCCESS |  
2019-08-30 07:38:15,739 | INFO  | SCMAudit | user=jenkins1000 | ip=192.168.34.43 | op=SEND_HEARTBEAT {datanodeUUID=722c9a0b-3ca8-46f2-9cba-02fdf2a68848, command=[]} | ret=SUCCESS |  
2019-08-30 07:38:16,078 | INFO  | SCMAudit | user=jenkins1000 | ip=192.168.34.43 | op=SEND_HEARTBEAT {datanodeUUID=3bf132e1-02b6-4168-801a-3d7ce793c0d9, command=[]} | ret=SUCCESS |  
2019-08-30 07:38:16,248 | INFO  | SCMAudit | user=jenkins1000 | ip=192.168.34.43 | op=SEND_HEARTBEAT {datanodeUUID=dcd35ce2-5653-4064-9aff-c1a2cac3fe1c, command=[]} | ret=SUCCESS |  
2019-08-30 07:38:16,273 | INFO  | SCMAudit | user=jenkins1000 | ip=192.168.34.43 | op=SEND_HEARTBEAT {datanodeUUID=dc0e8eda-8843-49e8-9024-f7c59bdcd9bc, command=[]} | ret=SUCCESS |  
2019-08-30 07:38:16,273 | INFO  | SCMAudit | user=jenkins1000 | ip=192.168.34.43 | op=SEND_HEARTBEAT {datanodeUUID=9570f0ce-31bf-44b3-921f-a36f22efea54, command=[]} | ret=SUCCESS |  
2019-08-30 07:38:16,279 | INFO  | SCMAudit | user=jenkins1000 | ip=192.168.34.43 | op=SEND_HEARTBEAT {datanodeUUID=34c5bf21-796a-477d-8f73-056dd6ef4f82, command=[]} | ret=SUCCESS |  
2019-08-30 07:38:16,475 | INFO  | SCMAudit | user=jenkins1000 | ip=192.168.34.43 | op=SEND_HEARTBEAT {datanodeUUID=9e64560e-57c0-404b-a5e3-eb70c00d39cc, command=[]} | ret=SUCCESS |  
2019-08-30 07:38:16,740 | INFO  | SCMAudit | user=jenkins1000 | ip=192.168.34.43 | op=SEND_HEARTBEAT {datanodeUUID=722c9a0b-3ca8-46f2-9cba-02fdf2a68848, command=[]} | ret=SUCCESS |  
2019-08-30 07:38:17,078 | INFO  | SCMAudit | user=jenkins1000 | ip=192.168.34.43 | op=SEND_HEARTBEAT {datanodeUUID=3bf132e1-02b6-4168-801a-3d7ce793c0d9, command=[]} | ret=SUCCESS |  
2019-08-30 07:38:17,249 | INFO  | SCMAudit | user=jenkins1000 | ip=192.168.34.43 | op=SEND_HEARTBEAT {datanodeUUID=dcd35ce2-5653-4064-9aff-c1a2cac3fe1c, command=[]} | ret=SUCCESS |  
2019-08-30 07:38:17,273 | INFO  | SCMAudit | user=jenkins1000 | ip=192.168.34.43 | op=SEND_HEARTBEAT {datanodeUUID=dc0e8eda-8843-49e8-9024-f7c59bdcd9bc, command=[]} | ret=SUCCESS |  
2019-08-30 07:38:17,273 | INFO  | SCMAudit | user=jenkins1000 | ip=192.168.34.43 | op=SEND_HEARTBEAT {datanodeUUID=9570f0ce-31bf-44b3-921f-a36f22efea54, command=[]} | ret=SUCCESS |  
2019-08-30 07:38:17,279 | INFO  | SCMAudit | user=jenkins1000 | ip=192.168.34.43 | op=SEND_HEARTBEAT {datanodeUUID=34c5bf21-796a-477d-8f73-056dd6ef4f82, command=[]} | ret=SUCCESS |  
2019-08-30 07:38:17,475 | INFO  | SCMAudit | user=jenkins1000 | ip=192.168.34.43 | op=SEND_HEARTBEAT {datanodeUUID=9e64560e-57c0-404b-a5e3-eb70c00d39cc, command=[]} | ret=SUCCESS |  
2019-08-30 07:38:17,741 | INFO  | SCMAudit | user=jenkins1000 | ip=192.168.34.43 | op=SEND_HEARTBEAT {datanodeUUID=722c9a0b-3ca8-46f2-9cba-02fdf2a68848, command=[]} | ret=SUCCESS |  
2019-08-30 07:38:18,078 | INFO  | SCMAudit | user=jenkins1000 | ip=192.168.34.43 | op=SEND_HEARTBEAT {datanodeUUID=3bf132e1-02b6-4168-801a-3d7ce793c0d9, command=[]} | ret=SUCCESS |  
2019-08-30 07:38:18,250 | INFO  | SCMAudit | user=jenkins1000 | ip=192.168.34.43 | op=SEND_HEARTBEAT {datanodeUUID=dcd35ce2-5653-4064-9aff-c1a2cac3fe1c, command=[]} | ret=SUCCESS |  
2019-08-30 07:38:18,273 | INFO  | SCMAudit | user=jenkins1000 | ip=192.168.34.43 | op=SEND_HEARTBEAT {datanodeUUID=9570f0ce-31bf-44b3-921f-a36f22efea54, command=[]} | ret=SUCCESS |  
2019-08-30 07:38:18,274 | INFO  | SCMAudit | user=jenkins1000 | ip=192.168.34.43 | op=SEND_HEARTBEAT {datanodeUUID=dc0e8eda-8843-49e8-9024-f7c59bdcd9bc, command=[]} | ret=SUCCESS |  
2019-08-30 07:38:18,280 | INFO  | SCMAudit | user=jenkins1000 | ip=192.168.34.43 | op=SEND_HEARTBEAT {datanodeUUID=34c5bf21-796a-477d-8f73-056dd6ef4f82, command=[]} | ret=SUCCESS |  
2019-08-30 07:38:18,475 | INFO  | SCMAudit | user=jenkins1000 | ip=192.168.34.43 | op=SEND_HEARTBEAT {datanodeUUID=9e64560e-57c0-404b-a5e3-eb70c00d39cc, command=[]} | ret=SUCCESS |  
2019-08-30 07:38:18,558 [grpc-default-executor-3] INFO  client.GrpcClientProtocolClient (GrpcClientProtocolClient.java:onNext(255)) - client-8ACC3CA93160->dc0e8eda-8843-49e8-9024-f7c59bdcd9bc: receive RaftClientReply:client-8ACC3CA93160->dc0e8eda-8843-49e8-9024-f7c59bdcd9bc@group-CB9C606E82CE, cid=45, FAILED org.apache.ratis.protocol.NotLeaderException: Server dc0e8eda-8843-49e8-9024-f7c59bdcd9bc is not the leader (dcd35ce2-5653-4064-9aff-c1a2cac3fe1c:192.168.34.43:41594). Request must be sent to leader., logIndex=0, commits[dc0e8eda-8843-49e8-9024-f7c59bdcd9bc:c8, dcd35ce2-5653-4064-9aff-c1a2cac3fe1c:c8, 9570f0ce-31bf-44b3-921f-a36f22efea54:c8]
2019-08-30 07:38:18,741 | INFO  | SCMAudit | user=jenkins1000 | ip=192.168.34.43 | op=SEND_HEARTBEAT {datanodeUUID=722c9a0b-3ca8-46f2-9cba-02fdf2a68848, command=[]} | ret=SUCCESS |  
2019-08-30 07:38:19,078 | INFO  | SCMAudit | user=jenkins1000 | ip=192.168.34.43 | op=SEND_HEARTBEAT {datanodeUUID=3bf132e1-02b6-4168-801a-3d7ce793c0d9, command=[]} | ret=SUCCESS |  
2019-08-30 07:38:19,249 | INFO  | SCMAudit | user=jenkins1000 | ip=192.168.34.43 | op=SEND_HEARTBEAT {datanodeUUID=dcd35ce2-5653-4064-9aff-c1a2cac3fe1c, command=[]} | ret=SUCCESS |  
2019-08-30 07:38:19,274 | INFO  | SCMAudit | user=jenkins1000 | ip=192.168.34.43 | op=SEND_HEARTBEAT {datanodeUUID=9570f0ce-31bf-44b3-921f-a36f22efea54, command=[]} | ret=SUCCESS |  
2019-08-30 07:38:19,275 | INFO  | SCMAudit | user=jenkins1000 | ip=192.168.34.43 | op=SEND_HEARTBEAT {datanodeUUID=dc0e8eda-8843-49e8-9024-f7c59bdcd9bc, command=[]} | ret=SUCCESS |  
2019-08-30 07:38:19,279 | INFO  | SCMAudit | user=jenkins1000 | ip=192.168.34.43 | op=SEND_HEARTBEAT {datanodeUUID=34c5bf21-796a-477d-8f73-056dd6ef4f82, command=[]} | ret=SUCCESS |  
2019-08-30 07:38:19,475 | INFO  | SCMAudit | user=jenkins1000 | ip=192.168.34.43 | op=SEND_HEARTBEAT {datanodeUUID=9e64560e-57c0-404b-a5e3-eb70c00d39cc, command=[]} | ret=SUCCESS |  
2019-08-30 07:38:19,741 | INFO  | SCMAudit | user=jenkins1000 | ip=192.168.34.43 | op=SEND_HEARTBEAT {datanodeUUID=722c9a0b-3ca8-46f2-9cba-02fdf2a68848, command=[]} | ret=SUCCESS |  
2019-08-30 07:38:20,077 | INFO  | SCMAudit | user=jenkins1000 | ip=192.168.34.43 | op=SEND_HEARTBEAT {datanodeUUID=3bf132e1-02b6-4168-801a-3d7ce793c0d9, command=[]} | ret=SUCCESS |  
2019-08-30 07:38:20,250 | INFO  | SCMAudit | user=jenkins1000 | ip=192.168.34.43 | op=SEND_HEARTBEAT {datanodeUUID=dcd35ce2-5653-4064-9aff-c1a2cac3fe1c, command=[]} | ret=SUCCESS |  
2019-08-30 07:38:20,273 | INFO  | SCMAudit | user=jenkins1000 | ip=192.168.34.43 | op=SEND_HEARTBEAT {datanodeUUID=9570f0ce-31bf-44b3-921f-a36f22efea54, command=[]} | ret=SUCCESS |  
2019-08-30 07:38:20,274 | INFO  | SCMAudit | user=jenkins1000 | ip=192.168.34.43 | op=SEND_HEARTBEAT {datanodeUUID=dc0e8eda-8843-49e8-9024-f7c59bdcd9bc, command=[]} | ret=SUCCESS |  
2019-08-30 07:38:20,279 | INFO  | SCMAudit | user=jenkins1000 | ip=192.168.34.43 | op=SEND_HEARTBEAT {datanodeUUID=34c5bf21-796a-477d-8f73-056dd6ef4f82, command=[]} | ret=SUCCESS |  
2019-08-30 07:38:20,475 | INFO  | SCMAudit | user=jenkins1000 | ip=192.168.34.43 | op=SEND_HEARTBEAT {datanodeUUID=9e64560e-57c0-404b-a5e3-eb70c00d39cc, command=[]} | ret=SUCCESS |  
2019-08-30 07:38:20,741 | INFO  | SCMAudit | user=jenkins1000 | ip=192.168.34.43 | op=SEND_HEARTBEAT {datanodeUUID=722c9a0b-3ca8-46f2-9cba-02fdf2a68848, command=[]} | ret=SUCCESS |  
2019-08-30 07:38:21,078 | INFO  | SCMAudit | user=jenkins1000 | ip=192.168.34.43 | op=SEND_HEARTBEAT {datanodeUUID=3bf132e1-02b6-4168-801a-3d7ce793c0d9, command=[]} | ret=SUCCESS |  
2019-08-30 07:38:21,250 | INFO  | SCMAudit | user=jenkins1000 | ip=192.168.34.43 | op=SEND_HEARTBEAT {datanodeUUID=dcd35ce2-5653-4064-9aff-c1a2cac3fe1c, command=[]} | ret=SUCCESS |  
2019-08-30 07:38:21,274 | INFO  | SCMAudit | user=jenkins1000 | ip=192.168.34.43 | op=SEND_HEARTBEAT {datanodeUUID=9570f0ce-31bf-44b3-921f-a36f22efea54, command=[]} | ret=SUCCESS |  
2019-08-30 07:38:21,274 | INFO  | SCMAudit | user=jenkins1000 | ip=192.168.34.43 | op=SEND_HEARTBEAT {datanodeUUID=dc0e8eda-8843-49e8-9024-f7c59bdcd9bc, command=[]} | ret=SUCCESS |  
2019-08-30 07:38:21,280 | INFO  | SCMAudit | user=jenkins1000 | ip=192.168.34.43 | op=SEND_HEARTBEAT {datanodeUUID=34c5bf21-796a-477d-8f73-056dd6ef4f82, command=[]} | ret=SUCCESS |  
2019-08-30 07:38:21,474 | INFO  | SCMAudit | user=jenkins1000 | ip=192.168.34.43 | op=SEND_HEARTBEAT {datanodeUUID=9e64560e-57c0-404b-a5e3-eb70c00d39cc, command=[]} | ret=SUCCESS |  
2019-08-30 07:38:21,740 | INFO  | SCMAudit | user=jenkins1000 | ip=192.168.34.43 | op=SEND_HEARTBEAT {datanodeUUID=722c9a0b-3ca8-46f2-9cba-02fdf2a68848, command=[]} | ret=SUCCESS |  
2019-08-30 07:38:22,079 | INFO  | SCMAudit | user=jenkins1000 | ip=192.168.34.43 | op=SEND_HEARTBEAT {datanodeUUID=3bf132e1-02b6-4168-801a-3d7ce793c0d9, command=[]} | ret=SUCCESS |  
2019-08-30 07:38:22,250 | INFO  | SCMAudit | user=jenkins1000 | ip=192.168.34.43 | op=SEND_HEARTBEAT {datanodeUUID=dcd35ce2-5653-4064-9aff-c1a2cac3fe1c, command=[]} | ret=SUCCESS |  
2019-08-30 07:38:22,273 | INFO  | SCMAudit | user=jenkins1000 | ip=192.168.34.43 | op=SEND_HEARTBEAT {datanodeUUID=9570f0ce-31bf-44b3-921f-a36f22efea54, command=[]} | ret=SUCCESS |  
2019-08-30 07:38:22,275 | INFO  | SCMAudit | user=jenkins1000 | ip=192.168.34.43 | op=SEND_HEARTBEAT {datanodeUUID=dc0e8eda-8843-49e8-9024-f7c59bdcd9bc, command=[]} | ret=SUCCESS |  
2019-08-30 07:38:22,279 | INFO  | SCMAudit | user=jenkins1000 | ip=192.168.34.43 | op=SEND_HEARTBEAT {datanodeUUID=34c5bf21-796a-477d-8f73-056dd6ef4f82, command=[]} | ret=SUCCESS |  
2019-08-30 07:38:22,475 | INFO  | SCMAudit | user=jenkins1000 | ip=192.168.34.43 | op=SEND_HEARTBEAT {datanodeUUID=9e64560e-57c0-404b-a5e3-eb70c00d39cc, command=[]} | ret=SUCCESS |  
2019-08-30 07:38:22,741 | INFO  | SCMAudit | user=jenkins1000 | ip=192.168.34.43 | op=SEND_HEARTBEAT {datanodeUUID=722c9a0b-3ca8-46f2-9cba-02fdf2a68848, command=[]} | ret=SUCCESS |  
2019-08-30 07:38:23,080 | INFO  | SCMAudit | user=jenkins1000 | ip=192.168.34.43 | op=SEND_HEARTBEAT {datanodeUUID=3bf132e1-02b6-4168-801a-3d7ce793c0d9, command=[]} | ret=SUCCESS |  
2019-08-30 07:38:23,249 | INFO  | SCMAudit | user=jenkins1000 | ip=192.168.34.43 | op=SEND_HEARTBEAT {datanodeUUID=dcd35ce2-5653-4064-9aff-c1a2cac3fe1c, command=[]} | ret=SUCCESS |  
2019-08-30 07:38:23,273 | INFO  | SCMAudit | user=jenkins1000 | ip=192.168.34.43 | op=SEND_HEARTBEAT {datanodeUUID=9570f0ce-31bf-44b3-921f-a36f22efea54, command=[]} | ret=SUCCESS |  
2019-08-30 07:38:23,274 | INFO  | SCMAudit | user=jenkins1000 | ip=192.168.34.43 | op=SEND_HEARTBEAT {datanodeUUID=dc0e8eda-8843-49e8-9024-f7c59bdcd9bc, command=[]} | ret=SUCCESS |  
2019-08-30 07:38:23,279 | INFO  | SCMAudit | user=jenkins1000 | ip=192.168.34.43 | op=SEND_HEARTBEAT {datanodeUUID=34c5bf21-796a-477d-8f73-056dd6ef4f82, command=[]} | ret=SUCCESS |  
2019-08-30 07:38:23,475 | INFO  | SCMAudit | user=jenkins1000 | ip=192.168.34.43 | op=SEND_HEARTBEAT {datanodeUUID=9e64560e-57c0-404b-a5e3-eb70c00d39cc, command=[]} | ret=SUCCESS |  
2019-08-30 07:38:23,596 [grpc-default-executor-1] INFO  client.GrpcClientProtocolClient (GrpcClientProtocolClient.java:onNext(255)) - client-8ACC3CA93160->dc0e8eda-8843-49e8-9024-f7c59bdcd9bc: receive RaftClientReply:client-8ACC3CA93160->dc0e8eda-8843-49e8-9024-f7c59bdcd9bc@group-CB9C606E82CE, cid=45, FAILED org.apache.ratis.protocol.NotLeaderException: Server dc0e8eda-8843-49e8-9024-f7c59bdcd9bc is not the leader (dcd35ce2-5653-4064-9aff-c1a2cac3fe1c:192.168.34.43:41594). Request must be sent to leader., logIndex=0, commits[dc0e8eda-8843-49e8-9024-f7c59bdcd9bc:c8, dcd35ce2-5653-4064-9aff-c1a2cac3fe1c:c8, 9570f0ce-31bf-44b3-921f-a36f22efea54:c8]
2019-08-30 07:38:23,742 | INFO  | SCMAudit | user=jenkins1000 | ip=192.168.34.43 | op=SEND_HEARTBEAT {datanodeUUID=722c9a0b-3ca8-46f2-9cba-02fdf2a68848, command=[]} | ret=SUCCESS |  
2019-08-30 07:38:24,079 | INFO  | SCMAudit | user=jenkins1000 | ip=192.168.34.43 | op=SEND_HEARTBEAT {datanodeUUID=3bf132e1-02b6-4168-801a-3d7ce793c0d9, command=[]} | ret=SUCCESS |  
2019-08-30 07:38:24,250 | INFO  | SCMAudit | user=jenkins1000 | ip=192.168.34.43 | op=SEND_HEARTBEAT {datanodeUUID=dcd35ce2-5653-4064-9aff-c1a2cac3fe1c, command=[]} | ret=SUCCESS |  
2019-08-30 07:38:24,274 | INFO  | SCMAudit | user=jenkins1000 | ip=192.168.34.43 | op=SEND_HEARTBEAT {datanodeUUID=9570f0ce-31bf-44b3-921f-a36f22efea54, command=[]} | ret=SUCCESS |  
2019-08-30 07:38:24,274 | INFO  | SCMAudit | user=jenkins1000 | ip=192.168.34.43 | op=SEND_HEARTBEAT {datanodeUUID=dc0e8eda-8843-49e8-9024-f7c59bdcd9bc, command=[]} | ret=SUCCESS |  
2019-08-30 07:38:24,279 | INFO  | SCMAudit | user=jenkins1000 | ip=192.168.34.43 | op=SEND_HEARTBEAT {datanodeUUID=34c5bf21-796a-477d-8f73-056dd6ef4f82, command=[]} | ret=SUCCESS |  
2019-08-30 07:38:24,476 | INFO  | SCMAudit | user=jenkins1000 | ip=192.168.34.43 | op=SEND_HEARTBEAT {datanodeUUID=9e64560e-57c0-404b-a5e3-eb70c00d39cc, command=[]} | ret=SUCCESS |  
2019-08-30 07:38:24,742 | INFO  | SCMAudit | user=jenkins1000 | ip=192.168.34.43 | op=SEND_HEARTBEAT {datanodeUUID=722c9a0b-3ca8-46f2-9cba-02fdf2a68848, command=[]} | ret=SUCCESS |  
2019-08-30 07:38:25,080 | INFO  | SCMAudit | user=jenkins1000 | ip=192.168.34.43 | op=SEND_HEARTBEAT {datanodeUUID=3bf132e1-02b6-4168-801a-3d7ce793c0d9, command=[]} | ret=SUCCESS |  
2019-08-30 07:38:25,250 | INFO  | SCMAudit | user=jenkins1000 | ip=192.168.34.43 | op=SEND_HEARTBEAT {datanodeUUID=dcd35ce2-5653-4064-9aff-c1a2cac3fe1c, command=[]} | ret=SUCCESS |  
2019-08-30 07:38:25,273 | INFO  | SCMAudit | user=jenkins1000 | ip=192.168.34.43 | op=SEND_HEARTBEAT {datanodeUUID=9570f0ce-31bf-44b3-921f-a36f22efea54, command=[]} | ret=SUCCESS |  
2019-08-30 07:38:25,275 | INFO  | SCMAudit | user=jenkins1000 | ip=192.168.34.43 | op=SEND_HEARTBEAT {datanodeUUID=dc0e8eda-8843-49e8-9024-f7c59bdcd9bc, command=[]} | ret=SUCCESS |  
2019-08-30 07:38:25,280 | INFO  | SCMAudit | user=jenkins1000 | ip=192.168.34.43 | op=SEND_HEARTBEAT {datanodeUUID=34c5bf21-796a-477d-8f73-056dd6ef4f82, command=[]} | ret=SUCCESS |  
2019-08-30 07:38:25,475 | INFO  | SCMAudit | user=jenkins1000 | ip=192.168.34.43 | op=SEND_HEARTBEAT {datanodeUUID=9e64560e-57c0-404b-a5e3-eb70c00d39cc, command=[]} | ret=SUCCESS |  
2019-08-30 07:38:25,741 | INFO  | SCMAudit | user=jenkins1000 | ip=192.168.34.43 | op=SEND_HEARTBEAT {datanodeUUID=722c9a0b-3ca8-46f2-9cba-02fdf2a68848, command=[]} | ret=SUCCESS |  
2019-08-30 07:38:26,080 | INFO  | SCMAudit | user=jenkins1000 | ip=192.168.34.43 | op=SEND_HEARTBEAT {datanodeUUID=3bf132e1-02b6-4168-801a-3d7ce793c0d9, command=[]} | ret=SUCCESS |  
2019-08-30 07:38:26,249 | INFO  | SCMAudit | user=jenkins1000 | ip=192.168.34.43 | op=SEND_HEARTBEAT {datanodeUUID=dcd35ce2-5653-4064-9aff-c1a2cac3fe1c, command=[]} | ret=SUCCESS |  
2019-08-30 07:38:26,274 | INFO  | SCMAudit | user=jenkins1000 | ip=192.168.34.43 | op=SEND_HEARTBEAT {datanodeUUID=9570f0ce-31bf-44b3-921f-a36f22efea54, command=[]} | ret=SUCCESS |  
2019-08-30 07:38:26,274 | INFO  | SCMAudit | user=jenkins1000 | ip=192.168.34.43 | op=SEND_HEARTBEAT {datanodeUUID=dc0e8eda-8843-49e8-9024-f7c59bdcd9bc, command=[]} | ret=SUCCESS |  
2019-08-30 07:38:26,280 | INFO  | SCMAudit | user=jenkins1000 | ip=192.168.34.43 | op=SEND_HEARTBEAT {datanodeUUID=34c5bf21-796a-477d-8f73-056dd6ef4f82, command=[]} | ret=SUCCESS |  
2019-08-30 07:38:26,476 | INFO  | SCMAudit | user=jenkins1000 | ip=192.168.34.43 | op=SEND_HEARTBEAT {datanodeUUID=9e64560e-57c0-404b-a5e3-eb70c00d39cc, command=[]} | ret=SUCCESS |  
2019-08-30 07:38:26,742 | INFO  | SCMAudit | user=jenkins1000 | ip=192.168.34.43 | op=SEND_HEARTBEAT {datanodeUUID=722c9a0b-3ca8-46f2-9cba-02fdf2a68848, command=[]} | ret=SUCCESS |  
2019-08-30 07:38:27,080 | INFO  | SCMAudit | user=jenkins1000 | ip=192.168.34.43 | op=SEND_HEARTBEAT {datanodeUUID=3bf132e1-02b6-4168-801a-3d7ce793c0d9, command=[]} | ret=SUCCESS |  
2019-08-30 07:38:27,250 | INFO  | SCMAudit | user=jenkins1000 | ip=192.168.34.43 | op=SEND_HEARTBEAT {datanodeUUID=dcd35ce2-5653-4064-9aff-c1a2cac3fe1c, command=[]} | ret=SUCCESS |  
2019-08-30 07:38:27,273 | INFO  | SCMAudit | user=jenkins1000 | ip=192.168.34.43 | op=SEND_HEARTBEAT {datanodeUUID=9570f0ce-31bf-44b3-921f-a36f22efea54, command=[]} | ret=SUCCESS |  
2019-08-30 07:38:27,274 | INFO  | SCMAudit | user=jenkins1000 | ip=192.168.34.43 | op=SEND_HEARTBEAT {datanodeUUID=dc0e8eda-8843-49e8-9024-f7c59bdcd9bc, command=[]} | ret=SUCCESS |  
2019-08-30 07:38:27,279 | INFO  | SCMAudit | user=jenkins1000 | ip=192.168.34.43 | op=SEND_HEARTBEAT {datanodeUUID=34c5bf21-796a-477d-8f73-056dd6ef4f82, command=[]} | ret=SUCCESS |  
2019-08-30 07:38:27,475 | INFO  | SCMAudit | user=jenkins1000 | ip=192.168.34.43 | op=SEND_HEARTBEAT {datanodeUUID=9e64560e-57c0-404b-a5e3-eb70c00d39cc, command=[]} | ret=SUCCESS |  
2019-08-30 07:38:27,742 | INFO  | SCMAudit | user=jenkins1000 | ip=192.168.34.43 | op=SEND_HEARTBEAT {datanodeUUID=722c9a0b-3ca8-46f2-9cba-02fdf2a68848, command=[]} | ret=SUCCESS |  
2019-08-30 07:38:28,080 | INFO  | SCMAudit | user=jenkins1000 | ip=192.168.34.43 | op=SEND_HEARTBEAT {datanodeUUID=3bf132e1-02b6-4168-801a-3d7ce793c0d9, command=[]} | ret=SUCCESS |  
2019-08-30 07:38:28,250 | INFO  | SCMAudit | user=jenkins1000 | ip=192.168.34.43 | op=SEND_HEARTBEAT {datanodeUUID=dcd35ce2-5653-4064-9aff-c1a2cac3fe1c, command=[]} | ret=SUCCESS |  
2019-08-30 07:38:28,274 | INFO  | SCMAudit | user=jenkins1000 | ip=192.168.34.43 | op=SEND_HEARTBEAT {datanodeUUID=9570f0ce-31bf-44b3-921f-a36f22efea54, command=[]} | ret=SUCCESS |  
2019-08-30 07:38:28,274 | INFO  | SCMAudit | user=jenkins1000 | ip=192.168.34.43 | op=SEND_HEARTBEAT {datanodeUUID=dc0e8eda-8843-49e8-9024-f7c59bdcd9bc, command=[]} | ret=SUCCESS |  
2019-08-30 07:38:28,279 | INFO  | SCMAudit | user=jenkins1000 | ip=192.168.34.43 | op=SEND_HEARTBEAT {datanodeUUID=34c5bf21-796a-477d-8f73-056dd6ef4f82, command=[]} | ret=SUCCESS |  
2019-08-30 07:38:28,478 | INFO  | SCMAudit | user=jenkins1000 | ip=192.168.34.43 | op=SEND_HEARTBEAT {datanodeUUID=9e64560e-57c0-404b-a5e3-eb70c00d39cc, command=[]} | ret=SUCCESS |  
2019-08-30 07:38:28,635 [grpc-default-executor-1] INFO  client.GrpcClientProtocolClient (GrpcClientProtocolClient.java:onNext(255)) - client-8ACC3CA93160->9570f0ce-31bf-44b3-921f-a36f22efea54: receive RaftClientReply:client-8ACC3CA93160->9570f0ce-31bf-44b3-921f-a36f22efea54@group-CB9C606E82CE, cid=45, FAILED org.apache.ratis.protocol.NotLeaderException: Server 9570f0ce-31bf-44b3-921f-a36f22efea54 is not the leader (dcd35ce2-5653-4064-9aff-c1a2cac3fe1c:192.168.34.43:41594). Request must be sent to leader., logIndex=0, commits[9570f0ce-31bf-44b3-921f-a36f22efea54:c8, dc0e8eda-8843-49e8-9024-f7c59bdcd9bc:c8, dcd35ce2-5653-4064-9aff-c1a2cac3fe1c:c8]
2019-08-30 07:38:28,742 | INFO  | SCMAudit | user=jenkins1000 | ip=192.168.34.43 | op=SEND_HEARTBEAT {datanodeUUID=722c9a0b-3ca8-46f2-9cba-02fdf2a68848, command=[]} | ret=SUCCESS |  
2019-08-30 07:38:29,080 | INFO  | SCMAudit | user=jenkins1000 | ip=192.168.34.43 | op=SEND_HEARTBEAT {datanodeUUID=3bf132e1-02b6-4168-801a-3d7ce793c0d9, command=[]} | ret=SUCCESS |  
2019-08-30 07:38:29,250 | INFO  | SCMAudit | user=jenkins1000 | ip=192.168.34.43 | op=SEND_HEARTBEAT {datanodeUUID=dcd35ce2-5653-4064-9aff-c1a2cac3fe1c, command=[]} | ret=SUCCESS |  
2019-08-30 07:38:29,274 | INFO  | SCMAudit | user=jenkins1000 | ip=192.168.34.43 | op=SEND_HEARTBEAT {datanodeUUID=9570f0ce-31bf-44b3-921f-a36f22efea54, command=[]} | ret=SUCCESS |  
2019-08-30 07:38:29,275 | INFO  | SCMAudit | user=jenkins1000 | ip=192.168.34.43 | op=SEND_HEARTBEAT {datanodeUUID=dc0e8eda-8843-49e8-9024-f7c59bdcd9bc, command=[]} | ret=SUCCESS |  
2019-08-30 07:38:29,279 | INFO  | SCMAudit | user=jenkins1000 | ip=192.168.34.43 | op=SEND_HEARTBEAT {datanodeUUID=34c5bf21-796a-477d-8f73-056dd6ef4f82, command=[]} | ret=SUCCESS |  
2019-08-30 07:38:29,477 | INFO  | SCMAudit | user=jenkins1000 | ip=192.168.34.43 | op=SEND_HEARTBEAT {datanodeUUID=9e64560e-57c0-404b-a5e3-eb70c00d39cc, command=[]} | ret=SUCCESS |  
2019-08-30 07:38:29,742 | INFO  | SCMAudit | user=jenkins1000 | ip=192.168.34.43 | op=SEND_HEARTBEAT {datanodeUUID=722c9a0b-3ca8-46f2-9cba-02fdf2a68848, command=[]} | ret=SUCCESS |  
2019-08-30 07:38:30,079 | INFO  | SCMAudit | user=jenkins1000 | ip=192.168.34.43 | op=SEND_HEARTBEAT {datanodeUUID=3bf132e1-02b6-4168-801a-3d7ce793c0d9, command=[]} | ret=SUCCESS |  
2019-08-30 07:38:30,250 | INFO  | SCMAudit | user=jenkins1000 | ip=192.168.34.43 | op=SEND_HEARTBEAT {datanodeUUID=dcd35ce2-5653-4064-9aff-c1a2cac3fe1c, command=[]} | ret=SUCCESS |  
2019-08-30 07:38:30,275 | INFO  | SCMAudit | user=jenkins1000 | ip=192.168.34.43 | op=SEND_HEARTBEAT {datanodeUUID=dc0e8eda-8843-49e8-9024-f7c59bdcd9bc, command=[]} | ret=SUCCESS |  
2019-08-30 07:38:30,276 | INFO  | SCMAudit | user=jenkins1000 | ip=192.168.34.43 | op=SEND_HEARTBEAT {datanodeUUID=9570f0ce-31bf-44b3-921f-a36f22efea54, command=[]} | ret=SUCCESS |  
2019-08-30 07:38:30,279 | INFO  | SCMAudit | user=jenkins1000 | ip=192.168.34.43 | op=SEND_HEARTBEAT {datanodeUUID=34c5bf21-796a-477d-8f73-056dd6ef4f82, command=[]} | ret=SUCCESS |  
2019-08-30 07:38:30,476 | INFO  | SCMAudit | user=jenkins1000 | ip=192.168.34.43 | op=SEND_HEARTBEAT {datanodeUUID=9e64560e-57c0-404b-a5e3-eb70c00d39cc, command=[]} | ret=SUCCESS |  
2019-08-30 07:38:30,742 | INFO  | SCMAudit | user=jenkins1000 | ip=192.168.34.43 | op=SEND_HEARTBEAT {datanodeUUID=722c9a0b-3ca8-46f2-9cba-02fdf2a68848, command=[]} | ret=SUCCESS |  
2019-08-30 07:38:31,080 | INFO  | SCMAudit | user=jenkins1000 | ip=192.168.34.43 | op=SEND_HEARTBEAT {datanodeUUID=3bf132e1-02b6-4168-801a-3d7ce793c0d9, command=[]} | ret=SUCCESS |  
2019-08-30 07:38:31,249 | INFO  | SCMAudit | user=jenkins1000 | ip=192.168.34.43 | op=SEND_HEARTBEAT {datanodeUUID=dcd35ce2-5653-4064-9aff-c1a2cac3fe1c, command=[]} | ret=SUCCESS |  
2019-08-30 07:38:31,274 | INFO  | SCMAudit | user=jenkins1000 | ip=192.168.34.43 | op=SEND_HEARTBEAT {datanodeUUID=9570f0ce-31bf-44b3-921f-a36f22efea54, command=[]} | ret=SUCCESS |  
2019-08-30 07:38:31,275 | INFO  | SCMAudit | user=jenkins1000 | ip=192.168.34.43 | op=SEND_HEARTBEAT {datanodeUUID=dc0e8eda-8843-49e8-9024-f7c59bdcd9bc, command=[]} | ret=SUCCESS |  
2019-08-30 07:38:31,279 | INFO  | SCMAudit | user=jenkins1000 | ip=192.168.34.43 | op=SEND_HEARTBEAT {datanodeUUID=34c5bf21-796a-477d-8f73-056dd6ef4f82, command=[]} | ret=SUCCESS |  
2019-08-30 07:38:31,477 | INFO  | SCMAudit | user=jenkins1000 | ip=192.168.34.43 | op=SEND_HEARTBEAT {datanodeUUID=9e64560e-57c0-404b-a5e3-eb70c00d39cc, command=[]} | ret=SUCCESS |  
2019-08-30 07:38:31,742 | INFO  | SCMAudit | user=jenkins1000 | ip=192.168.34.43 | op=SEND_HEARTBEAT {datanodeUUID=722c9a0b-3ca8-46f2-9cba-02fdf2a68848, command=[]} | ret=SUCCESS |  
2019-08-30 07:38:32,080 | INFO  | SCMAudit | user=jenkins1000 | ip=192.168.34.43 | op=SEND_HEARTBEAT {datanodeUUID=3bf132e1-02b6-4168-801a-3d7ce793c0d9, command=[]} | ret=SUCCESS |  
2019-08-30 07:38:32,250 | INFO  | SCMAudit | user=jenkins1000 | ip=192.168.34.43 | op=SEND_HEARTBEAT {datanodeUUID=dcd35ce2-5653-4064-9aff-c1a2cac3fe1c, command=[]} | ret=SUCCESS |  
2019-08-30 07:38:32,275 | INFO  | SCMAudit | user=jenkins1000 | ip=192.168.34.43 | op=SEND_HEARTBEAT {datanodeUUID=9570f0ce-31bf-44b3-921f-a36f22efea54, command=[]} | ret=SUCCESS |  
2019-08-30 07:38:32,275 | INFO  | SCMAudit | user=jenkins1000 | ip=192.168.34.43 | op=SEND_HEARTBEAT {datanodeUUID=dc0e8eda-8843-49e8-9024-f7c59bdcd9bc, command=[]} | ret=SUCCESS |  
2019-08-30 07:38:32,280 | INFO  | SCMAudit | user=jenkins1000 | ip=192.168.34.43 | op=SEND_HEARTBEAT {datanodeUUID=34c5bf21-796a-477d-8f73-056dd6ef4f82, command=[]} | ret=SUCCESS |  
2019-08-30 07:38:32,476 | INFO  | SCMAudit | user=jenkins1000 | ip=192.168.34.43 | op=SEND_HEARTBEAT {datanodeUUID=9e64560e-57c0-404b-a5e3-eb70c00d39cc, command=[]} | ret=SUCCESS |  
2019-08-30 07:38:32,744 | INFO  | SCMAudit | user=jenkins1000 | ip=192.168.34.43 | op=SEND_HEARTBEAT {datanodeUUID=722c9a0b-3ca8-46f2-9cba-02fdf2a68848, command=[]} | ret=SUCCESS |  
2019-08-30 07:38:33,080 | INFO  | SCMAudit | user=jenkins1000 | ip=192.168.34.43 | op=SEND_HEARTBEAT {datanodeUUID=3bf132e1-02b6-4168-801a-3d7ce793c0d9, command=[]} | ret=SUCCESS |  
2019-08-30 07:38:33,250 | INFO  | SCMAudit | user=jenkins1000 | ip=192.168.34.43 | op=SEND_HEARTBEAT {datanodeUUID=dcd35ce2-5653-4064-9aff-c1a2cac3fe1c, command=[]} | ret=SUCCESS |  
2019-08-30 07:38:33,275 | INFO  | SCMAudit | user=jenkins1000 | ip=192.168.34.43 | op=SEND_HEARTBEAT {datanodeUUID=9570f0ce-31bf-44b3-921f-a36f22efea54, command=[]} | ret=SUCCESS |  
2019-08-30 07:38:33,276 | INFO  | SCMAudit | user=jenkins1000 | ip=192.168.34.43 | op=SEND_HEARTBEAT {datanodeUUID=dc0e8eda-8843-49e8-9024-f7c59bdcd9bc, command=[]} | ret=SUCCESS |  
2019-08-30 07:38:33,280 | INFO  | SCMAudit | user=jenkins1000 | ip=192.168.34.43 | op=SEND_HEARTBEAT {datanodeUUID=34c5bf21-796a-477d-8f73-056dd6ef4f82, command=[]} | ret=SUCCESS |  
2019-08-30 07:38:33,477 | INFO  | SCMAudit | user=jenkins1000 | ip=192.168.34.43 | op=SEND_HEARTBEAT {datanodeUUID=9e64560e-57c0-404b-a5e3-eb70c00d39cc, command=[]} | ret=SUCCESS |  
2019-08-30 07:38:33,690 [grpc-default-executor-3] INFO  client.GrpcClientProtocolClient (GrpcClientProtocolClient.java:onNext(255)) - client-8ACC3CA93160->9570f0ce-31bf-44b3-921f-a36f22efea54: receive RaftClientReply:client-8ACC3CA93160->9570f0ce-31bf-44b3-921f-a36f22efea54@group-CB9C606E82CE, cid=45, FAILED org.apache.ratis.protocol.NotLeaderException: Server 9570f0ce-31bf-44b3-921f-a36f22efea54 is not the leader (dcd35ce2-5653-4064-9aff-c1a2cac3fe1c:192.168.34.43:41594). Request must be sent to leader., logIndex=0, commits[9570f0ce-31bf-44b3-921f-a36f22efea54:c8, dc0e8eda-8843-49e8-9024-f7c59bdcd9bc:c8, dcd35ce2-5653-4064-9aff-c1a2cac3fe1c:c8]
2019-08-30 07:38:33,743 | INFO  | SCMAudit | user=jenkins1000 | ip=192.168.34.43 | op=SEND_HEARTBEAT {datanodeUUID=722c9a0b-3ca8-46f2-9cba-02fdf2a68848, command=[]} | ret=SUCCESS |  
2019-08-30 07:38:34,079 | INFO  | SCMAudit | user=jenkins1000 | ip=192.168.34.43 | op=SEND_HEARTBEAT {datanodeUUID=3bf132e1-02b6-4168-801a-3d7ce793c0d9, command=[]} | ret=SUCCESS |  
2019-08-30 07:38:34,249 | INFO  | SCMAudit | user=jenkins1000 | ip=192.168.34.43 | op=SEND_HEARTBEAT {datanodeUUID=dcd35ce2-5653-4064-9aff-c1a2cac3fe1c, command=[]} | ret=SUCCESS |  
2019-08-30 07:38:34,274 | INFO  | SCMAudit | user=jenkins1000 | ip=192.168.34.43 | op=SEND_HEARTBEAT {datanodeUUID=9570f0ce-31bf-44b3-921f-a36f22efea54, command=[]} | ret=SUCCESS |  
2019-08-30 07:38:34,276 | INFO  | SCMAudit | user=jenkins1000 | ip=192.168.34.43 | op=SEND_HEARTBEAT {datanodeUUID=dc0e8eda-8843-49e8-9024-f7c59bdcd9bc, command=[]} | ret=SUCCESS |  
2019-08-30 07:38:34,279 | INFO  | SCMAudit | user=jenkins1000 | ip=192.168.34.43 | op=SEND_HEARTBEAT {datanodeUUID=34c5bf21-796a-477d-8f73-056dd6ef4f82, command=[]} | ret=SUCCESS |  
2019-08-30 07:38:34,477 | INFO  | SCMAudit | user=jenkins1000 | ip=192.168.34.43 | op=SEND_HEARTBEAT {datanodeUUID=9e64560e-57c0-404b-a5e3-eb70c00d39cc, command=[]} | ret=SUCCESS |  
2019-08-30 07:38:34,742 | INFO  | SCMAudit | user=jenkins1000 | ip=192.168.34.43 | op=SEND_HEARTBEAT {datanodeUUID=722c9a0b-3ca8-46f2-9cba-02fdf2a68848, command=[]} | ret=SUCCESS |  
2019-08-30 07:38:35,080 | INFO  | SCMAudit | user=jenkins1000 | ip=192.168.34.43 | op=SEND_HEARTBEAT {datanodeUUID=3bf132e1-02b6-4168-801a-3d7ce793c0d9, command=[]} | ret=SUCCESS |  
2019-08-30 07:38:35,250 | INFO  | SCMAudit | user=jenkins1000 | ip=192.168.34.43 | op=SEND_HEARTBEAT {datanodeUUID=dcd35ce2-5653-4064-9aff-c1a2cac3fe1c, command=[]} | ret=SUCCESS |  
2019-08-30 07:38:35,275 | INFO  | SCMAudit | user=jenkins1000 | ip=192.168.34.43 | op=SEND_HEARTBEAT {datanodeUUID=9570f0ce-31bf-44b3-921f-a36f22efea54, command=[]} | ret=SUCCESS |  
2019-08-30 07:38:35,276 | INFO  | SCMAudit | user=jenkins1000 | ip=192.168.34.43 | op=SEND_HEARTBEAT {datanodeUUID=dc0e8eda-8843-49e8-9024-f7c59bdcd9bc, command=[]} | ret=SUCCESS |  
2019-08-30 07:38:35,279 | INFO  | SCMAudit | user=jenkins1000 | ip=192.168.34.43 | op=SEND_HEARTBEAT {datanodeUUID=34c5bf21-796a-477d-8f73-056dd6ef4f82, command=[]} | ret=SUCCESS |  
2019-08-30 07:38:35,477 | INFO  | SCMAudit | user=jenkins1000 | ip=192.168.34.43 | op=SEND_HEARTBEAT {datanodeUUID=9e64560e-57c0-404b-a5e3-eb70c00d39cc, command=[]} | ret=SUCCESS |  
2019-08-30 07:38:35,743 | INFO  | SCMAudit | user=jenkins1000 | ip=192.168.34.43 | op=SEND_HEARTBEAT {datanodeUUID=722c9a0b-3ca8-46f2-9cba-02fdf2a68848, command=[]} | ret=SUCCESS |  
2019-08-30 07:38:36,080 | INFO  | SCMAudit | user=jenkins1000 | ip=192.168.34.43 | op=SEND_HEARTBEAT {datanodeUUID=3bf132e1-02b6-4168-801a-3d7ce793c0d9, command=[]} | ret=SUCCESS |  
2019-08-30 07:38:36,251 | INFO  | SCMAudit | user=jenkins1000 | ip=192.168.34.43 | op=SEND_HEARTBEAT {datanodeUUID=dcd35ce2-5653-4064-9aff-c1a2cac3fe1c, command=[]} | ret=SUCCESS |  
2019-08-30 07:38:36,274 | INFO  | SCMAudit | user=jenkins1000 | ip=192.168.34.43 | op=SEND_HEARTBEAT {datanodeUUID=9570f0ce-31bf-44b3-921f-a36f22efea54, command=[]} | ret=SUCCESS |  
2019-08-30 07:38:36,277 | INFO  | SCMAudit | user=jenkins1000 | ip=192.168.34.43 | op=SEND_HEARTBEAT {datanodeUUID=dc0e8eda-8843-49e8-9024-f7c59bdcd9bc, command=[]} | ret=SUCCESS |  
2019-08-30 07:38:36,279 | INFO  | SCMAudit | user=jenkins1000 | ip=192.168.34.43 | op=SEND_HEARTBEAT {datanodeUUID=34c5bf21-796a-477d-8f73-056dd6ef4f82, command=[]} | ret=SUCCESS |  
2019-08-30 07:38:36,476 | INFO  | SCMAudit | user=jenkins1000 | ip=192.168.34.43 | op=SEND_HEARTBEAT {datanodeUUID=9e64560e-57c0-404b-a5e3-eb70c00d39cc, command=[]} | ret=SUCCESS |  
2019-08-30 07:38:36,743 | INFO  | SCMAudit | user=jenkins1000 | ip=192.168.34.43 | op=SEND_HEARTBEAT {datanodeUUID=722c9a0b-3ca8-46f2-9cba-02fdf2a68848, command=[]} | ret=SUCCESS |  
2019-08-30 07:38:37,082 | INFO  | SCMAudit | user=jenkins1000 | ip=192.168.34.43 | op=SEND_HEARTBEAT {datanodeUUID=3bf132e1-02b6-4168-801a-3d7ce793c0d9, command=[]} | ret=SUCCESS |  
2019-08-30 07:38:37,251 | INFO  | SCMAudit | user=jenkins1000 | ip=192.168.34.43 | op=SEND_HEARTBEAT {datanodeUUID=dcd35ce2-5653-4064-9aff-c1a2cac3fe1c, command=[]} | ret=SUCCESS |  
2019-08-30 07:38:37,277 | INFO  | SCMAudit | user=jenkins1000 | ip=192.168.34.43 | op=SEND_HEARTBEAT {datanodeUUID=dc0e8eda-8843-49e8-9024-f7c59bdcd9bc, command=[]} | ret=SUCCESS |  
2019-08-30 07:38:37,278 | INFO  | SCMAudit | user=jenkins1000 | ip=192.168.34.43 | op=SEND_HEARTBEAT {datanodeUUID=9570f0ce-31bf-44b3-921f-a36f22efea54, command=[]} | ret=SUCCESS |  
2019-08-30 07:38:37,280 | INFO  | SCMAudit | user=jenkins1000 | ip=192.168.34.43 | op=SEND_HEARTBEAT {datanodeUUID=34c5bf21-796a-477d-8f73-056dd6ef4f82, command=[]} | ret=SUCCESS |  
2019-08-30 07:38:37,477 | INFO  | SCMAudit | user=jenkins1000 | ip=192.168.34.43 | op=SEND_HEARTBEAT {datanodeUUID=9e64560e-57c0-404b-a5e3-eb70c00d39cc, command=[]} | ret=SUCCESS |  
2019-08-30 07:38:37,743 | INFO  | SCMAudit | user=jenkins1000 | ip=192.168.34.43 | op=SEND_HEARTBEAT {datanodeUUID=722c9a0b-3ca8-46f2-9cba-02fdf2a68848, command=[]} | ret=SUCCESS |  
2019-08-30 07:38:38,080 | INFO  | SCMAudit | user=jenkins1000 | ip=192.168.34.43 | op=SEND_HEARTBEAT {datanodeUUID=3bf132e1-02b6-4168-801a-3d7ce793c0d9, command=[]} | ret=SUCCESS |  
2019-08-30 07:38:38,251 | INFO  | SCMAudit | user=jenkins1000 | ip=192.168.34.43 | op=SEND_HEARTBEAT {datanodeUUID=dcd35ce2-5653-4064-9aff-c1a2cac3fe1c, command=[]} | ret=SUCCESS |  
2019-08-30 07:38:38,277 | INFO  | SCMAudit | user=jenkins1000 | ip=192.168.34.43 | op=SEND_HEARTBEAT {datanodeUUID=dc0e8eda-8843-49e8-9024-f7c59bdcd9bc, command=[]} | ret=SUCCESS |  
2019-08-30 07:38:38,278 | INFO  | SCMAudit | user=jenkins1000 | ip=192.168.34.43 | op=SEND_HEARTBEAT {datanodeUUID=9570f0ce-31bf-44b3-921f-a36f22efea54, command=[]} | ret=SUCCESS |  
2019-08-30 07:38:38,280 | INFO  | SCMAudit | user=jenkins1000 | ip=192.168.34.43 | op=SEND_HEARTBEAT {datanodeUUID=34c5bf21-796a-477d-8f73-056dd6ef4f82, command=[]} | ret=SUCCESS |  
2019-08-30 07:38:38,476 | INFO  | SCMAudit | user=jenkins1000 | ip=192.168.34.43 | op=SEND_HEARTBEAT {datanodeUUID=9e64560e-57c0-404b-a5e3-eb70c00d39cc, command=[]} | ret=SUCCESS |  
2019-08-30 07:38:38,728 [grpc-default-executor-3] INFO  client.GrpcClientProtocolClient (GrpcClientProtocolClient.java:onNext(255)) - client-8ACC3CA93160->dc0e8eda-8843-49e8-9024-f7c59bdcd9bc: receive RaftClientReply:client-8ACC3CA93160->dc0e8eda-8843-49e8-9024-f7c59bdcd9bc@group-CB9C606E82CE, cid=45, FAILED org.apache.ratis.protocol.NotLeaderException: Server dc0e8eda-8843-49e8-9024-f7c59bdcd9bc is not the leader (dcd35ce2-5653-4064-9aff-c1a2cac3fe1c:192.168.34.43:41594). Request must be sent to leader., logIndex=0, commits[dc0e8eda-8843-49e8-9024-f7c59bdcd9bc:c8, dcd35ce2-5653-4064-9aff-c1a2cac3fe1c:c8, 9570f0ce-31bf-44b3-921f-a36f22efea54:c8]
2019-08-30 07:38:38,755 | INFO  | SCMAudit | user=jenkins1000 | ip=192.168.34.43 | op=SEND_HEARTBEAT {datanodeUUID=722c9a0b-3ca8-46f2-9cba-02fdf2a68848, command=[]} | ret=SUCCESS |  
2019-08-30 07:38:39,081 | INFO  | SCMAudit | user=jenkins1000 | ip=192.168.34.43 | op=SEND_HEARTBEAT {datanodeUUID=3bf132e1-02b6-4168-801a-3d7ce793c0d9, command=[]} | ret=SUCCESS |  
2019-08-30 07:38:39,250 | INFO  | SCMAudit | user=jenkins1000 | ip=192.168.34.43 | op=SEND_HEARTBEAT {datanodeUUID=dcd35ce2-5653-4064-9aff-c1a2cac3fe1c, command=[]} | ret=SUCCESS |  
2019-08-30 07:38:39,277 | INFO  | SCMAudit | user=jenkins1000 | ip=192.168.34.43 | op=SEND_HEARTBEAT {datanodeUUID=9570f0ce-31bf-44b3-921f-a36f22efea54, command=[]} | ret=SUCCESS |  
2019-08-30 07:38:39,278 | INFO  | SCMAudit | user=jenkins1000 | ip=192.168.34.43 | op=SEND_HEARTBEAT {datanodeUUID=dc0e8eda-8843-49e8-9024-f7c59bdcd9bc, command=[]} | ret=SUCCESS |  
2019-08-30 07:38:39,280 | INFO  | SCMAudit | user=jenkins1000 | ip=192.168.34.43 | op=SEND_HEARTBEAT {datanodeUUID=34c5bf21-796a-477d-8f73-056dd6ef4f82, command=[]} | ret=SUCCESS |  
2019-08-30 07:38:39,477 | INFO  | SCMAudit | user=jenkins1000 | ip=192.168.34.43 | op=SEND_HEARTBEAT {datanodeUUID=9e64560e-57c0-404b-a5e3-eb70c00d39cc, command=[]} | ret=SUCCESS |  
2019-08-30 07:38:39,751 | INFO  | SCMAudit | user=jenkins1000 | ip=192.168.34.43 | op=SEND_HEARTBEAT {datanodeUUID=722c9a0b-3ca8-46f2-9cba-02fdf2a68848, command=[]} | ret=SUCCESS |  
2019-08-30 07:38:40,082 | INFO  | SCMAudit | user=jenkins1000 | ip=192.168.34.43 | op=SEND_HEARTBEAT {datanodeUUID=3bf132e1-02b6-4168-801a-3d7ce793c0d9, command=[]} | ret=SUCCESS |  
2019-08-30 07:38:40,251 | INFO  | SCMAudit | user=jenkins1000 | ip=192.168.34.43 | op=SEND_HEARTBEAT {datanodeUUID=dcd35ce2-5653-4064-9aff-c1a2cac3fe1c, command=[]} | ret=SUCCESS |  
2019-08-30 07:38:40,277 | INFO  | SCMAudit | user=jenkins1000 | ip=192.168.34.43 | op=SEND_HEARTBEAT {datanodeUUID=dc0e8eda-8843-49e8-9024-f7c59bdcd9bc, command=[]} | ret=SUCCESS |  
2019-08-30 07:38:40,278 | INFO  | SCMAudit | user=jenkins1000 | ip=192.168.34.43 | op=SEND_HEARTBEAT {datanodeUUID=9570f0ce-31bf-44b3-921f-a36f22efea54, command=[]} | ret=SUCCESS |  
2019-08-30 07:38:40,280 | INFO  | SCMAudit | user=jenkins1000 | ip=192.168.34.43 | op=SEND_HEARTBEAT {datanodeUUID=34c5bf21-796a-477d-8f73-056dd6ef4f82, command=[]} | ret=SUCCESS |  
2019-08-30 07:38:40,476 | INFO  | SCMAudit | user=jenkins1000 | ip=192.168.34.43 | op=SEND_HEARTBEAT {datanodeUUID=9e64560e-57c0-404b-a5e3-eb70c00d39cc, command=[]} | ret=SUCCESS |  
2019-08-30 07:38:40,752 | INFO  | SCMAudit | user=jenkins1000 | ip=192.168.34.43 | op=SEND_HEARTBEAT {datanodeUUID=722c9a0b-3ca8-46f2-9cba-02fdf2a68848, command=[]} | ret=SUCCESS |  
2019-08-30 07:38:41,082 | INFO  | SCMAudit | user=jenkins1000 | ip=192.168.34.43 | op=SEND_HEARTBEAT {datanodeUUID=3bf132e1-02b6-4168-801a-3d7ce793c0d9, command=[]} | ret=SUCCESS |  
2019-08-30 07:38:41,251 | INFO  | SCMAudit | user=jenkins1000 | ip=192.168.34.43 | op=SEND_HEARTBEAT {datanodeUUID=dcd35ce2-5653-4064-9aff-c1a2cac3fe1c, command=[]} | ret=SUCCESS |  
2019-08-30 07:38:41,277 | INFO  | SCMAudit | user=jenkins1000 | ip=192.168.34.43 | op=SEND_HEARTBEAT {datanodeUUID=9570f0ce-31bf-44b3-921f-a36f22efea54, command=[]} | ret=SUCCESS |  
2019-08-30 07:38:41,278 | INFO  | SCMAudit | user=jenkins1000 | ip=192.168.34.43 | op=SEND_HEARTBEAT {datanodeUUID=dc0e8eda-8843-49e8-9024-f7c59bdcd9bc, command=[]} | ret=SUCCESS |  
2019-08-30 07:38:41,280 | INFO  | SCMAudit | user=jenkins1000 | ip=192.168.34.43 | op=SEND_HEARTBEAT {datanodeUUID=34c5bf21-796a-477d-8f73-056dd6ef4f82, command=[]} | ret=SUCCESS |  
2019-08-30 07:38:41,477 | INFO  | SCMAudit | user=jenkins1000 | ip=192.168.34.43 | op=SEND_HEARTBEAT {datanodeUUID=9e64560e-57c0-404b-a5e3-eb70c00d39cc, command=[]} | ret=SUCCESS |  
2019-08-30 07:38:41,751 | INFO  | SCMAudit | user=jenkins1000 | ip=192.168.34.43 | op=SEND_HEARTBEAT {datanodeUUID=722c9a0b-3ca8-46f2-9cba-02fdf2a68848, command=[]} | ret=SUCCESS |  
2019-08-30 07:38:42,082 | INFO  | SCMAudit | user=jenkins1000 | ip=192.168.34.43 | op=SEND_HEARTBEAT {datanodeUUID=3bf132e1-02b6-4168-801a-3d7ce793c0d9, command=[]} | ret=SUCCESS |  
2019-08-30 07:38:42,251 | INFO  | SCMAudit | user=jenkins1000 | ip=192.168.34.43 | op=SEND_HEARTBEAT {datanodeUUID=dcd35ce2-5653-4064-9aff-c1a2cac3fe1c, command=[]} | ret=SUCCESS |  
2019-08-30 07:38:42,277 | INFO  | SCMAudit | user=jenkins1000 | ip=192.168.34.43 | op=SEND_HEARTBEAT {datanodeUUID=9570f0ce-31bf-44b3-921f-a36f22efea54, command=[]} | ret=SUCCESS |  
2019-08-30 07:38:42,277 | INFO  | SCMAudit | user=jenkins1000 | ip=192.168.34.43 | op=SEND_HEARTBEAT {datanodeUUID=dc0e8eda-8843-49e8-9024-f7c59bdcd9bc, command=[]} | ret=SUCCESS |  
2019-08-30 07:38:42,280 | INFO  | SCMAudit | user=jenkins1000 | ip=192.168.34.43 | op=SEND_HEARTBEAT {datanodeUUID=34c5bf21-796a-477d-8f73-056dd6ef4f82, command=[]} | ret=SUCCESS |  
2019-08-30 07:38:42,476 | INFO  | SCMAudit | user=jenkins1000 | ip=192.168.34.43 | op=SEND_HEARTBEAT {datanodeUUID=9e64560e-57c0-404b-a5e3-eb70c00d39cc, command=[]} | ret=SUCCESS |  
2019-08-30 07:38:42,752 | INFO  | SCMAudit | user=jenkins1000 | ip=192.168.34.43 | op=SEND_HEARTBEAT {datanodeUUID=722c9a0b-3ca8-46f2-9cba-02fdf2a68848, command=[]} | ret=SUCCESS |  
2019-08-30 07:38:43,082 | INFO  | SCMAudit | user=jenkins1000 | ip=192.168.34.43 | op=SEND_HEARTBEAT {datanodeUUID=3bf132e1-02b6-4168-801a-3d7ce793c0d9, command=[]} | ret=SUCCESS |  
2019-08-30 07:38:43,251 | INFO  | SCMAudit | user=jenkins1000 | ip=192.168.34.43 | op=SEND_HEARTBEAT {datanodeUUID=dcd35ce2-5653-4064-9aff-c1a2cac3fe1c, command=[]} | ret=SUCCESS |  
2019-08-30 07:38:43,278 | INFO  | SCMAudit | user=jenkins1000 | ip=192.168.34.43 | op=SEND_HEARTBEAT {datanodeUUID=9570f0ce-31bf-44b3-921f-a36f22efea54, command=[]} | ret=SUCCESS |  
2019-08-30 07:38:43,278 | INFO  | SCMAudit | user=jenkins1000 | ip=192.168.34.43 | op=SEND_HEARTBEAT {datanodeUUID=dc0e8eda-8843-49e8-9024-f7c59bdcd9bc, command=[]} | ret=SUCCESS |  
2019-08-30 07:38:43,280 | INFO  | SCMAudit | user=jenkins1000 | ip=192.168.34.43 | op=SEND_HEARTBEAT {datanodeUUID=34c5bf21-796a-477d-8f73-056dd6ef4f82, command=[]} | ret=SUCCESS |  
2019-08-30 07:38:43,477 | INFO  | SCMAudit | user=jenkins1000 | ip=192.168.34.43 | op=SEND_HEARTBEAT {datanodeUUID=9e64560e-57c0-404b-a5e3-eb70c00d39cc, command=[]} | ret=SUCCESS |  
2019-08-30 07:38:43,752 | INFO  | SCMAudit | user=jenkins1000 | ip=192.168.34.43 | op=SEND_HEARTBEAT {datanodeUUID=722c9a0b-3ca8-46f2-9cba-02fdf2a68848, command=[]} | ret=SUCCESS |  
2019-08-30 07:38:43,786 [grpc-default-executor-3] INFO  client.GrpcClientProtocolClient (GrpcClientProtocolClient.java:onNext(255)) - client-8ACC3CA93160->9570f0ce-31bf-44b3-921f-a36f22efea54: receive RaftClientReply:client-8ACC3CA93160->9570f0ce-31bf-44b3-921f-a36f22efea54@group-CB9C606E82CE, cid=45, FAILED org.apache.ratis.protocol.NotLeaderException: Server 9570f0ce-31bf-44b3-921f-a36f22efea54 is not the leader (dcd35ce2-5653-4064-9aff-c1a2cac3fe1c:192.168.34.43:41594). Request must be sent to leader., logIndex=0, commits[9570f0ce-31bf-44b3-921f-a36f22efea54:c8, dc0e8eda-8843-49e8-9024-f7c59bdcd9bc:c8, dcd35ce2-5653-4064-9aff-c1a2cac3fe1c:c8]
2019-08-30 07:38:44,081 | INFO  | SCMAudit | user=jenkins1000 | ip=192.168.34.43 | op=SEND_HEARTBEAT {datanodeUUID=3bf132e1-02b6-4168-801a-3d7ce793c0d9, command=[]} | ret=SUCCESS |  
2019-08-30 07:38:44,251 | INFO  | SCMAudit | user=jenkins1000 | ip=192.168.34.43 | op=SEND_HEARTBEAT {datanodeUUID=dcd35ce2-5653-4064-9aff-c1a2cac3fe1c, command=[]} | ret=SUCCESS |  
2019-08-30 07:38:44,278 | INFO  | SCMAudit | user=jenkins1000 | ip=192.168.34.43 | op=SEND_HEARTBEAT {datanodeUUID=dc0e8eda-8843-49e8-9024-f7c59bdcd9bc, command=[]} | ret=SUCCESS |  
2019-08-30 07:38:44,278 | INFO  | SCMAudit | user=jenkins1000 | ip=192.168.34.43 | op=SEND_HEARTBEAT {datanodeUUID=9570f0ce-31bf-44b3-921f-a36f22efea54, command=[]} | ret=SUCCESS |  
2019-08-30 07:38:44,280 | INFO  | SCMAudit | user=jenkins1000 | ip=192.168.34.43 | op=SEND_HEARTBEAT {datanodeUUID=34c5bf21-796a-477d-8f73-056dd6ef4f82, command=[]} | ret=SUCCESS |  
2019-08-30 07:38:44,476 | INFO  | SCMAudit | user=jenkins1000 | ip=192.168.34.43 | op=SEND_HEARTBEAT {datanodeUUID=9e64560e-57c0-404b-a5e3-eb70c00d39cc, command=[]} | ret=SUCCESS |  
2019-08-30 07:38:44,751 | INFO  | SCMAudit | user=jenkins1000 | ip=192.168.34.43 | op=SEND_HEARTBEAT {datanodeUUID=722c9a0b-3ca8-46f2-9cba-02fdf2a68848, command=[]} | ret=SUCCESS |  
2019-08-30 07:38:45,082 | INFO  | SCMAudit | user=jenkins1000 | ip=192.168.34.43 | op=SEND_HEARTBEAT {datanodeUUID=3bf132e1-02b6-4168-801a-3d7ce793c0d9, command=[]} | ret=SUCCESS |  
2019-08-30 07:38:45,251 | INFO  | SCMAudit | user=jenkins1000 | ip=192.168.34.43 | op=SEND_HEARTBEAT {datanodeUUID=dcd35ce2-5653-4064-9aff-c1a2cac3fe1c, command=[]} | ret=SUCCESS |  
2019-08-30 07:38:45,277 | INFO  | SCMAudit | user=jenkins1000 | ip=192.168.34.43 | op=SEND_HEARTBEAT {datanodeUUID=9570f0ce-31bf-44b3-921f-a36f22efea54, command=[]} | ret=SUCCESS |  
2019-08-30 07:38:45,278 | INFO  | SCMAudit | user=jenkins1000 | ip=192.168.34.43 | op=SEND_HEARTBEAT {datanodeUUID=dc0e8eda-8843-49e8-9024-f7c59bdcd9bc, command=[]} | ret=SUCCESS |  
2019-08-30 07:38:45,280 | INFO  | SCMAudit | user=jenkins1000 | ip=192.168.34.43 | op=SEND_HEARTBEAT {datanodeUUID=34c5bf21-796a-477d-8f73-056dd6ef4f82, command=[]} | ret=SUCCESS |  
2019-08-30 07:38:45,477 | INFO  | SCMAudit | user=jenkins1000 | ip=192.168.34.43 | op=SEND_HEARTBEAT {datanodeUUID=9e64560e-57c0-404b-a5e3-eb70c00d39cc, command=[]} | ret=SUCCESS |  
2019-08-30 07:38:45,752 | INFO  | SCMAudit | user=jenkins1000 | ip=192.168.34.43 | op=SEND_HEARTBEAT {datanodeUUID=722c9a0b-3ca8-46f2-9cba-02fdf2a68848, command=[]} | ret=SUCCESS |  
2019-08-30 07:38:46,082 | INFO  | SCMAudit | user=jenkins1000 | ip=192.168.34.43 | op=SEND_HEARTBEAT {datanodeUUID=3bf132e1-02b6-4168-801a-3d7ce793c0d9, command=[]} | ret=SUCCESS |  
2019-08-30 07:38:46,252 | INFO  | SCMAudit | user=jenkins1000 | ip=192.168.34.43 | op=SEND_HEARTBEAT {datanodeUUID=dcd35ce2-5653-4064-9aff-c1a2cac3fe1c, command=[]} | ret=SUCCESS |  
2019-08-30 07:38:46,278 | INFO  | SCMAudit | user=jenkins1000 | ip=192.168.34.43 | op=SEND_HEARTBEAT {datanodeUUID=9570f0ce-31bf-44b3-921f-a36f22efea54, command=[]} | ret=SUCCESS |  
2019-08-30 07:38:46,278 | INFO  | SCMAudit | user=jenkins1000 | ip=192.168.34.43 | op=SEND_HEARTBEAT {datanodeUUID=dc0e8eda-8843-49e8-9024-f7c59bdcd9bc, command=[]} | ret=SUCCESS |  
2019-08-30 07:38:46,280 | INFO  | SCMAudit | user=jenkins1000 | ip=192.168.34.43 | op=SEND_HEARTBEAT {datanodeUUID=34c5bf21-796a-477d-8f73-056dd6ef4f82, command=[]} | ret=SUCCESS |  
2019-08-30 07:38:46,476 | INFO  | SCMAudit | user=jenkins1000 | ip=192.168.34.43 | op=SEND_HEARTBEAT {datanodeUUID=9e64560e-57c0-404b-a5e3-eb70c00d39cc, command=[]} | ret=SUCCESS |  
2019-08-30 07:38:46,752 | INFO  | SCMAudit | user=jenkins1000 | ip=192.168.34.43 | op=SEND_HEARTBEAT {datanodeUUID=722c9a0b-3ca8-46f2-9cba-02fdf2a68848, command=[]} | ret=SUCCESS |  
2019-08-30 07:38:47,081 | INFO  | SCMAudit | user=jenkins1000 | ip=192.168.34.43 | op=SEND_HEARTBEAT {datanodeUUID=3bf132e1-02b6-4168-801a-3d7ce793c0d9, command=[]} | ret=SUCCESS |  
2019-08-30 07:38:47,253 | INFO  | SCMAudit | user=jenkins1000 | ip=192.168.34.43 | op=SEND_HEARTBEAT {datanodeUUID=dcd35ce2-5653-4064-9aff-c1a2cac3fe1c, command=[]} | ret=SUCCESS |  
2019-08-30 07:38:47,277 | INFO  | SCMAudit | user=jenkins1000 | ip=192.168.34.43 | op=SEND_HEARTBEAT {datanodeUUID=9570f0ce-31bf-44b3-921f-a36f22efea54, command=[]} | ret=SUCCESS |  
2019-08-30 07:38:47,278 | INFO  | SCMAudit | user=jenkins1000 | ip=192.168.34.43 | op=SEND_HEARTBEAT {datanodeUUID=dc0e8eda-8843-49e8-9024-f7c59bdcd9bc, command=[]} | ret=SUCCESS |  
2019-08-30 07:38:47,280 | INFO  | SCMAudit | user=jenkins1000 | ip=192.168.34.43 | op=SEND_HEARTBEAT {datanodeUUID=34c5bf21-796a-477d-8f73-056dd6ef4f82, command=[]} | ret=SUCCESS |  
2019-08-30 07:38:47,477 | INFO  | SCMAudit | user=jenkins1000 | ip=192.168.34.43 | op=SEND_HEARTBEAT {datanodeUUID=9e64560e-57c0-404b-a5e3-eb70c00d39cc, command=[]} | ret=SUCCESS |  
2019-08-30 07:38:47,751 | INFO  | SCMAudit | user=jenkins1000 | ip=192.168.34.43 | op=SEND_HEARTBEAT {datanodeUUID=722c9a0b-3ca8-46f2-9cba-02fdf2a68848, command=[]} | ret=SUCCESS |  
2019-08-30 07:38:48,082 | INFO  | SCMAudit | user=jenkins1000 | ip=192.168.34.43 | op=SEND_HEARTBEAT {datanodeUUID=3bf132e1-02b6-4168-801a-3d7ce793c0d9, command=[]} | ret=SUCCESS |  
2019-08-30 07:38:48,253 | INFO  | SCMAudit | user=jenkins1000 | ip=192.168.34.43 | op=SEND_HEARTBEAT {datanodeUUID=dcd35ce2-5653-4064-9aff-c1a2cac3fe1c, command=[]} | ret=SUCCESS |  
2019-08-30 07:38:48,278 | INFO  | SCMAudit | user=jenkins1000 | ip=192.168.34.43 | op=SEND_HEARTBEAT {datanodeUUID=9570f0ce-31bf-44b3-921f-a36f22efea54, command=[]} | ret=SUCCESS |  
2019-08-30 07:38:48,280 | INFO  | SCMAudit | user=jenkins1000 | ip=192.168.34.43 | op=SEND_HEARTBEAT {datanodeUUID=dc0e8eda-8843-49e8-9024-f7c59bdcd9bc, command=[]} | ret=SUCCESS |  
2019-08-30 07:38:48,281 | INFO  | SCMAudit | user=jenkins1000 | ip=192.168.34.43 | op=SEND_HEARTBEAT {datanodeUUID=34c5bf21-796a-477d-8f73-056dd6ef4f82, command=[]} | ret=SUCCESS |  
2019-08-30 07:38:48,476 | INFO  | SCMAudit | user=jenkins1000 | ip=192.168.34.43 | op=SEND_HEARTBEAT {datanodeUUID=9e64560e-57c0-404b-a5e3-eb70c00d39cc, command=[]} | ret=SUCCESS |  
2019-08-30 07:38:48,752 | INFO  | SCMAudit | user=jenkins1000 | ip=192.168.34.43 | op=SEND_HEARTBEAT {datanodeUUID=722c9a0b-3ca8-46f2-9cba-02fdf2a68848, command=[]} | ret=SUCCESS |  
2019-08-30 07:38:48,838 [grpc-default-executor-1] INFO  client.GrpcClientProtocolClient (GrpcClientProtocolClient.java:onNext(255)) - client-8ACC3CA93160->dc0e8eda-8843-49e8-9024-f7c59bdcd9bc: receive RaftClientReply:client-8ACC3CA93160->dc0e8eda-8843-49e8-9024-f7c59bdcd9bc@group-CB9C606E82CE, cid=45, FAILED org.apache.ratis.protocol.NotLeaderException: Server dc0e8eda-8843-49e8-9024-f7c59bdcd9bc is not the leader (dcd35ce2-5653-4064-9aff-c1a2cac3fe1c:192.168.34.43:41594). Request must be sent to leader., logIndex=0, commits[dc0e8eda-8843-49e8-9024-f7c59bdcd9bc:c8, dcd35ce2-5653-4064-9aff-c1a2cac3fe1c:c8, 9570f0ce-31bf-44b3-921f-a36f22efea54:c8]
2019-08-30 07:38:49,082 | INFO  | SCMAudit | user=jenkins1000 | ip=192.168.34.43 | op=SEND_HEARTBEAT {datanodeUUID=3bf132e1-02b6-4168-801a-3d7ce793c0d9, command=[]} | ret=SUCCESS |  
2019-08-30 07:38:49,254 | INFO  | SCMAudit | user=jenkins1000 | ip=192.168.34.43 | op=SEND_HEARTBEAT {datanodeUUID=dcd35ce2-5653-4064-9aff-c1a2cac3fe1c, command=[]} | ret=SUCCESS |  
2019-08-30 07:38:49,278 | INFO  | SCMAudit | user=jenkins1000 | ip=192.168.34.43 | op=SEND_HEARTBEAT {datanodeUUID=9570f0ce-31bf-44b3-921f-a36f22efea54, command=[]} | ret=SUCCESS |  
2019-08-30 07:38:49,280 | INFO  | SCMAudit | user=jenkins1000 | ip=192.168.34.43 | op=SEND_HEARTBEAT {datanodeUUID=dc0e8eda-8843-49e8-9024-f7c59bdcd9bc, command=[]} | ret=SUCCESS |  
2019-08-30 07:38:49,281 | INFO  | SCMAudit | user=jenkins1000 | ip=192.168.34.43 | op=SEND_HEARTBEAT {datanodeUUID=34c5bf21-796a-477d-8f73-056dd6ef4f82, command=[]} | ret=SUCCESS |  
2019-08-30 07:38:49,477 | INFO  | SCMAudit | user=jenkins1000 | ip=192.168.34.43 | op=SEND_HEARTBEAT {datanodeUUID=9e64560e-57c0-404b-a5e3-eb70c00d39cc, command=[]} | ret=SUCCESS |  
2019-08-30 07:38:49,751 | INFO  | SCMAudit | user=jenkins1000 | ip=192.168.34.43 | op=SEND_HEARTBEAT {datanodeUUID=722c9a0b-3ca8-46f2-9cba-02fdf2a68848, command=[]} | ret=SUCCESS |  
2019-08-30 07:38:50,082 | INFO  | SCMAudit | user=jenkins1000 | ip=192.168.34.43 | op=SEND_HEARTBEAT {datanodeUUID=3bf132e1-02b6-4168-801a-3d7ce793c0d9, command=[]} | ret=SUCCESS |  
2019-08-30 07:38:50,254 | INFO  | SCMAudit | user=jenkins1000 | ip=192.168.34.43 | op=SEND_HEARTBEAT {datanodeUUID=dcd35ce2-5653-4064-9aff-c1a2cac3fe1c, command=[]} | ret=SUCCESS |  
2019-08-30 07:38:50,278 | INFO  | SCMAudit | user=jenkins1000 | ip=192.168.34.43 | op=SEND_HEARTBEAT {datanodeUUID=9570f0ce-31bf-44b3-921f-a36f22efea54, command=[]} | ret=SUCCESS |  
2019-08-30 07:38:50,280 | INFO  | SCMAudit | user=jenkins1000 | ip=192.168.34.43 | op=SEND_HEARTBEAT {datanodeUUID=dc0e8eda-8843-49e8-9024-f7c59bdcd9bc, command=[]} | ret=SUCCESS |  
2019-08-30 07:38:50,281 | INFO  | SCMAudit | user=jenkins1000 | ip=192.168.34.43 | op=SEND_HEARTBEAT {datanodeUUID=34c5bf21-796a-477d-8f73-056dd6ef4f82, command=[]} | ret=SUCCESS |  
2019-08-30 07:38:50,476 | INFO  | SCMAudit | user=jenkins1000 | ip=192.168.34.43 | op=SEND_HEARTBEAT {datanodeUUID=9e64560e-57c0-404b-a5e3-eb70c00d39cc, command=[]} | ret=SUCCESS |  
2019-08-30 07:38:50,752 | INFO  | SCMAudit | user=jenkins1000 | ip=192.168.34.43 | op=SEND_HEARTBEAT {datanodeUUID=722c9a0b-3ca8-46f2-9cba-02fdf2a68848, command=[]} | ret=SUCCESS |  
2019-08-30 07:38:51,082 | INFO  | SCMAudit | user=jenkins1000 | ip=192.168.34.43 | op=SEND_HEARTBEAT {datanodeUUID=3bf132e1-02b6-4168-801a-3d7ce793c0d9, command=[]} | ret=SUCCESS |  
2019-08-30 07:38:51,255 | INFO  | SCMAudit | user=jenkins1000 | ip=192.168.34.43 | op=SEND_HEARTBEAT {datanodeUUID=dcd35ce2-5653-4064-9aff-c1a2cac3fe1c, command=[]} | ret=SUCCESS |  
2019-08-30 07:38:51,279 | INFO  | SCMAudit | user=jenkins1000 | ip=192.168.34.43 | op=SEND_HEARTBEAT {datanodeUUID=9570f0ce-31bf-44b3-921f-a36f22efea54, command=[]} | ret=SUCCESS |  
2019-08-30 07:38:51,280 | INFO  | SCMAudit | user=jenkins1000 | ip=192.168.34.43 | op=SEND_HEARTBEAT {datanodeUUID=dc0e8eda-8843-49e8-9024-f7c59bdcd9bc, command=[]} | ret=SUCCESS |  
2019-08-30 07:38:51,281 | INFO  | SCMAudit | user=jenkins1000 | ip=192.168.34.43 | op=SEND_HEARTBEAT {datanodeUUID=34c5bf21-796a-477d-8f73-056dd6ef4f82, command=[]} | ret=SUCCESS |  
2019-08-30 07:38:51,477 | INFO  | SCMAudit | user=jenkins1000 | ip=192.168.34.43 | op=SEND_HEARTBEAT {datanodeUUID=9e64560e-57c0-404b-a5e3-eb70c00d39cc, command=[]} | ret=SUCCESS |  
2019-08-30 07:38:51,752 | INFO  | SCMAudit | user=jenkins1000 | ip=192.168.34.43 | op=SEND_HEARTBEAT {datanodeUUID=722c9a0b-3ca8-46f2-9cba-02fdf2a68848, command=[]} | ret=SUCCESS |  
2019-08-30 07:38:52,083 | INFO  | SCMAudit | user=jenkins1000 | ip=192.168.34.43 | op=SEND_HEARTBEAT {datanodeUUID=3bf132e1-02b6-4168-801a-3d7ce793c0d9, command=[]} | ret=SUCCESS |  
2019-08-30 07:38:52,256 | INFO  | SCMAudit | user=jenkins1000 | ip=192.168.34.43 | op=SEND_HEARTBEAT {datanodeUUID=dcd35ce2-5653-4064-9aff-c1a2cac3fe1c, command=[]} | ret=SUCCESS |  
2019-08-30 07:38:52,279 | INFO  | SCMAudit | user=jenkins1000 | ip=192.168.34.43 | op=SEND_HEARTBEAT {datanodeUUID=9570f0ce-31bf-44b3-921f-a36f22efea54, command=[]} | ret=SUCCESS |  
2019-08-30 07:38:52,280 | INFO  | SCMAudit | user=jenkins1000 | ip=192.168.34.43 | op=SEND_HEARTBEAT {datanodeUUID=dc0e8eda-8843-49e8-9024-f7c59bdcd9bc, command=[]} | ret=SUCCESS |  
2019-08-30 07:38:52,281 | INFO  | SCMAudit | user=jenkins1000 | ip=192.168.34.43 | op=SEND_HEARTBEAT {datanodeUUID=34c5bf21-796a-477d-8f73-056dd6ef4f82, command=[]} | ret=SUCCESS |  
2019-08-30 07:38:52,477 | INFO  | SCMAudit | user=jenkins1000 | ip=192.168.34.43 | op=SEND_HEARTBEAT {datanodeUUID=9e64560e-57c0-404b-a5e3-eb70c00d39cc, command=[]} | ret=SUCCESS |  
2019-08-30 07:38:52,751 | INFO  | SCMAudit | user=jenkins1000 | ip=192.168.34.43 | op=SEND_HEARTBEAT {datanodeUUID=722c9a0b-3ca8-46f2-9cba-02fdf2a68848, command=[]} | ret=SUCCESS |  
2019-08-30 07:38:53,083 | INFO  | SCMAudit | user=jenkins1000 | ip=192.168.34.43 | op=SEND_HEARTBEAT {datanodeUUID=3bf132e1-02b6-4168-801a-3d7ce793c0d9, command=[]} | ret=SUCCESS |  
2019-08-30 07:38:53,254 | INFO  | SCMAudit | user=jenkins1000 | ip=192.168.34.43 | op=SEND_HEARTBEAT {datanodeUUID=dcd35ce2-5653-4064-9aff-c1a2cac3fe1c, command=[]} | ret=SUCCESS |  
2019-08-30 07:38:53,279 | INFO  | SCMAudit | user=jenkins1000 | ip=192.168.34.43 | op=SEND_HEARTBEAT {datanodeUUID=9570f0ce-31bf-44b3-921f-a36f22efea54, command=[]} | ret=SUCCESS |  
2019-08-30 07:38:53,280 | INFO  | SCMAudit | user=jenkins1000 | ip=192.168.34.43 | op=SEND_HEARTBEAT {datanodeUUID=dc0e8eda-8843-49e8-9024-f7c59bdcd9bc, command=[]} | ret=SUCCESS |  
2019-08-30 07:38:53,281 | INFO  | SCMAudit | user=jenkins1000 | ip=192.168.34.43 | op=SEND_HEARTBEAT {datanodeUUID=34c5bf21-796a-477d-8f73-056dd6ef4f82, command=[]} | ret=SUCCESS |  
2019-08-30 07:38:53,478 | INFO  | SCMAudit | user=jenkins1000 | ip=192.168.34.43 | op=SEND_HEARTBEAT {datanodeUUID=9e64560e-57c0-404b-a5e3-eb70c00d39cc, command=[]} | ret=SUCCESS |  
2019-08-30 07:38:53,752 | INFO  | SCMAudit | user=jenkins1000 | ip=192.168.34.43 | op=SEND_HEARTBEAT {datanodeUUID=722c9a0b-3ca8-46f2-9cba-02fdf2a68848, command=[]} | ret=SUCCESS |  
2019-08-30 07:38:53,882 [grpc-default-executor-1] INFO  client.GrpcClientProtocolClient (GrpcClientProtocolClient.java:onNext(255)) - client-8ACC3CA93160->9570f0ce-31bf-44b3-921f-a36f22efea54: receive RaftClientReply:client-8ACC3CA93160->9570f0ce-31bf-44b3-921f-a36f22efea54@group-CB9C606E82CE, cid=45, FAILED org.apache.ratis.protocol.NotLeaderException: Server 9570f0ce-31bf-44b3-921f-a36f22efea54 is not the leader (dcd35ce2-5653-4064-9aff-c1a2cac3fe1c:192.168.34.43:41594). Request must be sent to leader., logIndex=0, commits[9570f0ce-31bf-44b3-921f-a36f22efea54:c8, dc0e8eda-8843-49e8-9024-f7c59bdcd9bc:c8, dcd35ce2-5653-4064-9aff-c1a2cac3fe1c:c8]
2019-08-30 07:38:54,082 | INFO  | SCMAudit | user=jenkins1000 | ip=192.168.34.43 | op=SEND_HEARTBEAT {datanodeUUID=3bf132e1-02b6-4168-801a-3d7ce793c0d9, command=[]} | ret=SUCCESS |  
2019-08-30 07:38:54,255 | INFO  | SCMAudit | user=jenkins1000 | ip=192.168.34.43 | op=SEND_HEARTBEAT {datanodeUUID=dcd35ce2-5653-4064-9aff-c1a2cac3fe1c, command=[]} | ret=SUCCESS |  
2019-08-30 07:38:54,279 | INFO  | SCMAudit | user=jenkins1000 | ip=192.168.34.43 | op=SEND_HEARTBEAT {datanodeUUID=9570f0ce-31bf-44b3-921f-a36f22efea54, command=[]} | ret=SUCCESS |  
2019-08-30 07:38:54,280 | INFO  | SCMAudit | user=jenkins1000 | ip=192.168.34.43 | op=SEND_HEARTBEAT {datanodeUUID=dc0e8eda-8843-49e8-9024-f7c59bdcd9bc, command=[]} | ret=SUCCESS |  
2019-08-30 07:38:54,282 | INFO  | SCMAudit | user=jenkins1000 | ip=192.168.34.43 | op=SEND_HEARTBEAT {datanodeUUID=34c5bf21-796a-477d-8f73-056dd6ef4f82, command=[]} | ret=SUCCESS |  
2019-08-30 07:38:54,477 | INFO  | SCMAudit | user=jenkins1000 | ip=192.168.34.43 | op=SEND_HEARTBEAT {datanodeUUID=9e64560e-57c0-404b-a5e3-eb70c00d39cc, command=[]} | ret=SUCCESS |  
2019-08-30 07:38:54,752 | INFO  | SCMAudit | user=jenkins1000 | ip=192.168.34.43 | op=SEND_HEARTBEAT {datanodeUUID=722c9a0b-3ca8-46f2-9cba-02fdf2a68848, command=[]} | ret=SUCCESS |  
2019-08-30 07:38:55,083 | INFO  | SCMAudit | user=jenkins1000 | ip=192.168.34.43 | op=SEND_HEARTBEAT {datanodeUUID=3bf132e1-02b6-4168-801a-3d7ce793c0d9, command=[]} | ret=SUCCESS |  
2019-08-30 07:38:55,254 | INFO  | SCMAudit | user=jenkins1000 | ip=192.168.34.43 | op=SEND_HEARTBEAT {datanodeUUID=dcd35ce2-5653-4064-9aff-c1a2cac3fe1c, command=[]} | ret=SUCCESS |  
2019-08-30 07:38:55,280 | INFO  | SCMAudit | user=jenkins1000 | ip=192.168.34.43 | op=SEND_HEARTBEAT {datanodeUUID=9570f0ce-31bf-44b3-921f-a36f22efea54, command=[]} | ret=SUCCESS |  
2019-08-30 07:38:55,280 | INFO  | SCMAudit | user=jenkins1000 | ip=192.168.34.43 | op=SEND_HEARTBEAT {datanodeUUID=dc0e8eda-8843-49e8-9024-f7c59bdcd9bc, command=[]} | ret=SUCCESS |  
2019-08-30 07:38:55,282 | INFO  | SCMAudit | user=jenkins1000 | ip=192.168.34.43 | op=SEND_HEARTBEAT {datanodeUUID=34c5bf21-796a-477d-8f73-056dd6ef4f82, command=[]} | ret=SUCCESS |  
2019-08-30 07:38:55,479 | INFO  | SCMAudit | user=jenkins1000 | ip=192.168.34.43 | op=SEND_HEARTBEAT {datanodeUUID=9e64560e-57c0-404b-a5e3-eb70c00d39cc, command=[]} | ret=SUCCESS |  
2019-08-30 07:38:55,753 | INFO  | SCMAudit | user=jenkins1000 | ip=192.168.34.43 | op=SEND_HEARTBEAT {datanodeUUID=722c9a0b-3ca8-46f2-9cba-02fdf2a68848, command=[]} | ret=SUCCESS |  
2019-08-30 07:38:56,084 | INFO  | SCMAudit | user=jenkins1000 | ip=192.168.34.43 | op=SEND_HEARTBEAT {datanodeUUID=3bf132e1-02b6-4168-801a-3d7ce793c0d9, command=[]} | ret=SUCCESS |  
2019-08-30 07:38:56,255 | INFO  | SCMAudit | user=jenkins1000 | ip=192.168.34.43 | op=SEND_HEARTBEAT {datanodeUUID=dcd35ce2-5653-4064-9aff-c1a2cac3fe1c, command=[]} | ret=SUCCESS |  
2019-08-30 07:38:56,280 | INFO  | SCMAudit | user=jenkins1000 | ip=192.168.34.43 | op=SEND_HEARTBEAT {datanodeUUID=dc0e8eda-8843-49e8-9024-f7c59bdcd9bc, command=[]} | ret=SUCCESS |  
2019-08-30 07:38:56,280 | INFO  | SCMAudit | user=jenkins1000 | ip=192.168.34.43 | op=SEND_HEARTBEAT {datanodeUUID=9570f0ce-31bf-44b3-921f-a36f22efea54, command=[]} | ret=SUCCESS |  
2019-08-30 07:38:56,283 | INFO  | SCMAudit | user=jenkins1000 | ip=192.168.34.43 | op=SEND_HEARTBEAT {datanodeUUID=34c5bf21-796a-477d-8f73-056dd6ef4f82, command=[]} | ret=SUCCESS |  
2019-08-30 07:38:56,478 | INFO  | SCMAudit | user=jenkins1000 | ip=192.168.34.43 | op=SEND_HEARTBEAT {datanodeUUID=9e64560e-57c0-404b-a5e3-eb70c00d39cc, command=[]} | ret=SUCCESS |  
2019-08-30 07:38:56,753 | INFO  | SCMAudit | user=jenkins1000 | ip=192.168.34.43 | op=SEND_HEARTBEAT {datanodeUUID=722c9a0b-3ca8-46f2-9cba-02fdf2a68848, command=[]} | ret=SUCCESS |  
2019-08-30 07:38:57,084 | INFO  | SCMAudit | user=jenkins1000 | ip=192.168.34.43 | op=SEND_HEARTBEAT {datanodeUUID=3bf132e1-02b6-4168-801a-3d7ce793c0d9, command=[]} | ret=SUCCESS |  
2019-08-30 07:38:57,254 | INFO  | SCMAudit | user=jenkins1000 | ip=192.168.34.43 | op=SEND_HEARTBEAT {datanodeUUID=dcd35ce2-5653-4064-9aff-c1a2cac3fe1c, command=[]} | ret=SUCCESS |  
2019-08-30 07:38:57,281 | INFO  | SCMAudit | user=jenkins1000 | ip=192.168.34.43 | op=SEND_HEARTBEAT {datanodeUUID=dc0e8eda-8843-49e8-9024-f7c59bdcd9bc, command=[]} | ret=SUCCESS |  
2019-08-30 07:38:57,281 | INFO  | SCMAudit | user=jenkins1000 | ip=192.168.34.43 | op=SEND_HEARTBEAT {datanodeUUID=9570f0ce-31bf-44b3-921f-a36f22efea54, command=[]} | ret=SUCCESS |  
2019-08-30 07:38:57,283 | INFO  | SCMAudit | user=jenkins1000 | ip=192.168.34.43 | op=SEND_HEARTBEAT {datanodeUUID=34c5bf21-796a-477d-8f73-056dd6ef4f82, command=[]} | ret=SUCCESS |  
2019-08-30 07:38:57,479 | INFO  | SCMAudit | user=jenkins1000 | ip=192.168.34.43 | op=SEND_HEARTBEAT {datanodeUUID=9e64560e-57c0-404b-a5e3-eb70c00d39cc, command=[]} | ret=SUCCESS |  
2019-08-30 07:38:57,753 | INFO  | SCMAudit | user=jenkins1000 | ip=192.168.34.43 | op=SEND_HEARTBEAT {datanodeUUID=722c9a0b-3ca8-46f2-9cba-02fdf2a68848, command=[]} | ret=SUCCESS |  
2019-08-30 07:38:58,083 | INFO  | SCMAudit | user=jenkins1000 | ip=192.168.34.43 | op=SEND_HEARTBEAT {datanodeUUID=3bf132e1-02b6-4168-801a-3d7ce793c0d9, command=[]} | ret=SUCCESS |  
2019-08-30 07:38:58,255 | INFO  | SCMAudit | user=jenkins1000 | ip=192.168.34.43 | op=SEND_HEARTBEAT {datanodeUUID=dcd35ce2-5653-4064-9aff-c1a2cac3fe1c, command=[]} | ret=SUCCESS |  
2019-08-30 07:38:58,281 | INFO  | SCMAudit | user=jenkins1000 | ip=192.168.34.43 | op=SEND_HEARTBEAT {datanodeUUID=9570f0ce-31bf-44b3-921f-a36f22efea54, command=[]} | ret=SUCCESS |  
2019-08-30 07:38:58,281 | INFO  | SCMAudit | user=jenkins1000 | ip=192.168.34.43 | op=SEND_HEARTBEAT {datanodeUUID=dc0e8eda-8843-49e8-9024-f7c59bdcd9bc, command=[]} | ret=SUCCESS |  
2019-08-30 07:38:58,284 | INFO  | SCMAudit | user=jenkins1000 | ip=192.168.34.43 | op=SEND_HEARTBEAT {datanodeUUID=34c5bf21-796a-477d-8f73-056dd6ef4f82, command=[]} | ret=SUCCESS |  
2019-08-30 07:38:58,478 | INFO  | SCMAudit | user=jenkins1000 | ip=192.168.34.43 | op=SEND_HEARTBEAT {datanodeUUID=9e64560e-57c0-404b-a5e3-eb70c00d39cc, command=[]} | ret=SUCCESS |  
2019-08-30 07:38:58,753 | INFO  | SCMAudit | user=jenkins1000 | ip=192.168.34.43 | op=SEND_HEARTBEAT {datanodeUUID=722c9a0b-3ca8-46f2-9cba-02fdf2a68848, command=[]} | ret=SUCCESS |  
2019-08-30 07:38:58,919 [grpc-default-executor-1] INFO  client.GrpcClientProtocolClient (GrpcClientProtocolClient.java:onNext(255)) - client-8ACC3CA93160->dc0e8eda-8843-49e8-9024-f7c59bdcd9bc: receive RaftClientReply:client-8ACC3CA93160->dc0e8eda-8843-49e8-9024-f7c59bdcd9bc@group-CB9C606E82CE, cid=45, FAILED org.apache.ratis.protocol.NotLeaderException: Server dc0e8eda-8843-49e8-9024-f7c59bdcd9bc is not the leader (dcd35ce2-5653-4064-9aff-c1a2cac3fe1c:192.168.34.43:41594). Request must be sent to leader., logIndex=0, commits[dc0e8eda-8843-49e8-9024-f7c59bdcd9bc:c8, dcd35ce2-5653-4064-9aff-c1a2cac3fe1c:c8, 9570f0ce-31bf-44b3-921f-a36f22efea54:c8]
2019-08-30 07:38:59,084 | INFO  | SCMAudit | user=jenkins1000 | ip=192.168.34.43 | op=SEND_HEARTBEAT {datanodeUUID=3bf132e1-02b6-4168-801a-3d7ce793c0d9, command=[]} | ret=SUCCESS |  
2019-08-30 07:38:59,254 | INFO  | SCMAudit | user=jenkins1000 | ip=192.168.34.43 | op=SEND_HEARTBEAT {datanodeUUID=dcd35ce2-5653-4064-9aff-c1a2cac3fe1c, command=[]} | ret=SUCCESS |  
2019-08-30 07:38:59,281 | INFO  | SCMAudit | user=jenkins1000 | ip=192.168.34.43 | op=SEND_HEARTBEAT {datanodeUUID=9570f0ce-31bf-44b3-921f-a36f22efea54, command=[]} | ret=SUCCESS |  
2019-08-30 07:38:59,281 | INFO  | SCMAudit | user=jenkins1000 | ip=192.168.34.43 | op=SEND_HEARTBEAT {datanodeUUID=dc0e8eda-8843-49e8-9024-f7c59bdcd9bc, command=[]} | ret=SUCCESS |  
2019-08-30 07:38:59,285 | INFO  | SCMAudit | user=jenkins1000 | ip=192.168.34.43 | op=SEND_HEARTBEAT {datanodeUUID=34c5bf21-796a-477d-8f73-056dd6ef4f82, command=[]} | ret=SUCCESS |  
2019-08-30 07:38:59,479 | INFO  | SCMAudit | user=jenkins1000 | ip=192.168.34.43 | op=SEND_HEARTBEAT {datanodeUUID=9e64560e-57c0-404b-a5e3-eb70c00d39cc, command=[]} | ret=SUCCESS |  
2019-08-30 07:38:59,754 | INFO  | SCMAudit | user=jenkins1000 | ip=192.168.34.43 | op=SEND_HEARTBEAT {datanodeUUID=722c9a0b-3ca8-46f2-9cba-02fdf2a68848, command=[]} | ret=SUCCESS |  
2019-08-30 07:39:00,083 | INFO  | SCMAudit | user=jenkins1000 | ip=192.168.34.43 | op=SEND_HEARTBEAT {datanodeUUID=3bf132e1-02b6-4168-801a-3d7ce793c0d9, command=[]} | ret=SUCCESS |  
2019-08-30 07:39:00,254 | INFO  | SCMAudit | user=jenkins1000 | ip=192.168.34.43 | op=SEND_HEARTBEAT {datanodeUUID=dcd35ce2-5653-4064-9aff-c1a2cac3fe1c, command=[]} | ret=SUCCESS |  
2019-08-30 07:39:00,281 | INFO  | SCMAudit | user=jenkins1000 | ip=192.168.34.43 | op=SEND_HEARTBEAT {datanodeUUID=9570f0ce-31bf-44b3-921f-a36f22efea54, command=[]} | ret=SUCCESS |  
2019-08-30 07:39:00,281 | INFO  | SCMAudit | user=jenkins1000 | ip=192.168.34.43 | op=SEND_HEARTBEAT {datanodeUUID=dc0e8eda-8843-49e8-9024-f7c59bdcd9bc, command=[]} | ret=SUCCESS |  
2019-08-30 07:39:00,285 | INFO  | SCMAudit | user=jenkins1000 | ip=192.168.34.43 | op=SEND_HEARTBEAT {datanodeUUID=34c5bf21-796a-477d-8f73-056dd6ef4f82, command=[]} | ret=SUCCESS |  
2019-08-30 07:39:00,479 | INFO  | SCMAudit | user=jenkins1000 | ip=192.168.34.43 | op=SEND_HEARTBEAT {datanodeUUID=9e64560e-57c0-404b-a5e3-eb70c00d39cc, command=[]} | ret=SUCCESS |  
2019-08-30 07:39:00,753 | INFO  | SCMAudit | user=jenkins1000 | ip=192.168.34.43 | op=SEND_HEARTBEAT {datanodeUUID=722c9a0b-3ca8-46f2-9cba-02fdf2a68848, command=[]} | ret=SUCCESS |  
2019-08-30 07:39:01,084 | INFO  | SCMAudit | user=jenkins1000 | ip=192.168.34.43 | op=SEND_HEARTBEAT {datanodeUUID=3bf132e1-02b6-4168-801a-3d7ce793c0d9, command=[]} | ret=SUCCESS |  
2019-08-30 07:39:01,255 | INFO  | SCMAudit | user=jenkins1000 | ip=192.168.34.43 | op=SEND_HEARTBEAT {datanodeUUID=dcd35ce2-5653-4064-9aff-c1a2cac3fe1c, command=[]} | ret=SUCCESS |  
2019-08-30 07:39:01,281 | INFO  | SCMAudit | user=jenkins1000 | ip=192.168.34.43 | op=SEND_HEARTBEAT {datanodeUUID=9570f0ce-31bf-44b3-921f-a36f22efea54, command=[]} | ret=SUCCESS |  
2019-08-30 07:39:01,282 | INFO  | SCMAudit | user=jenkins1000 | ip=192.168.34.43 | op=SEND_HEARTBEAT {datanodeUUID=dc0e8eda-8843-49e8-9024-f7c59bdcd9bc, command=[]} | ret=SUCCESS |  
2019-08-30 07:39:01,285 | INFO  | SCMAudit | user=jenkins1000 | ip=192.168.34.43 | op=SEND_HEARTBEAT {datanodeUUID=34c5bf21-796a-477d-8f73-056dd6ef4f82, command=[]} | ret=SUCCESS |  
2019-08-30 07:39:01,479 | INFO  | SCMAudit | user=jenkins1000 | ip=192.168.34.43 | op=SEND_HEARTBEAT {datanodeUUID=9e64560e-57c0-404b-a5e3-eb70c00d39cc, command=[]} | ret=SUCCESS |  
2019-08-30 07:39:01,754 | INFO  | SCMAudit | user=jenkins1000 | ip=192.168.34.43 | op=SEND_HEARTBEAT {datanodeUUID=722c9a0b-3ca8-46f2-9cba-02fdf2a68848, command=[]} | ret=SUCCESS |  
2019-08-30 07:39:02,084 | INFO  | SCMAudit | user=jenkins1000 | ip=192.168.34.43 | op=SEND_HEARTBEAT {datanodeUUID=3bf132e1-02b6-4168-801a-3d7ce793c0d9, command=[]} | ret=SUCCESS |  
2019-08-30 07:39:02,255 | INFO  | SCMAudit | user=jenkins1000 | ip=192.168.34.43 | op=SEND_HEARTBEAT {datanodeUUID=dcd35ce2-5653-4064-9aff-c1a2cac3fe1c, command=[]} | ret=SUCCESS |  
2019-08-30 07:39:02,282 | INFO  | SCMAudit | user=jenkins1000 | ip=192.168.34.43 | op=SEND_HEARTBEAT {datanodeUUID=9570f0ce-31bf-44b3-921f-a36f22efea54, command=[]} | ret=SUCCESS |  
2019-08-30 07:39:02,282 | INFO  | SCMAudit | user=jenkins1000 | ip=192.168.34.43 | op=SEND_HEARTBEAT {datanodeUUID=dc0e8eda-8843-49e8-9024-f7c59bdcd9bc, command=[]} | ret=SUCCESS |  
2019-08-30 07:39:02,286 | INFO  | SCMAudit | user=jenkins1000 | ip=192.168.34.43 | op=SEND_HEARTBEAT {datanodeUUID=34c5bf21-796a-477d-8f73-056dd6ef4f82, command=[]} | ret=SUCCESS |  
2019-08-30 07:39:02,479 | INFO  | SCMAudit | user=jenkins1000 | ip=192.168.34.43 | op=SEND_HEARTBEAT {datanodeUUID=9e64560e-57c0-404b-a5e3-eb70c00d39cc, command=[]} | ret=SUCCESS |  
2019-08-30 07:39:02,754 | INFO  | SCMAudit | user=jenkins1000 | ip=192.168.34.43 | op=SEND_HEARTBEAT {datanodeUUID=722c9a0b-3ca8-46f2-9cba-02fdf2a68848, command=[]} | ret=SUCCESS |  
2019-08-30 07:39:03,084 | INFO  | SCMAudit | user=jenkins1000 | ip=192.168.34.43 | op=SEND_HEARTBEAT {datanodeUUID=3bf132e1-02b6-4168-801a-3d7ce793c0d9, command=[]} | ret=SUCCESS |  
2019-08-30 07:39:03,254 | INFO  | SCMAudit | user=jenkins1000 | ip=192.168.34.43 | op=SEND_HEARTBEAT {datanodeUUID=dcd35ce2-5653-4064-9aff-c1a2cac3fe1c, command=[]} | ret=SUCCESS |  
2019-08-30 07:39:03,281 | INFO  | SCMAudit | user=jenkins1000 | ip=192.168.34.43 | op=SEND_HEARTBEAT {datanodeUUID=dc0e8eda-8843-49e8-9024-f7c59bdcd9bc, command=[]} | ret=SUCCESS |  
2019-08-30 07:39:03,282 | INFO  | SCMAudit | user=jenkins1000 | ip=192.168.34.43 | op=SEND_HEARTBEAT {datanodeUUID=9570f0ce-31bf-44b3-921f-a36f22efea54, command=[]} | ret=SUCCESS |  
2019-08-30 07:39:03,286 | INFO  | SCMAudit | user=jenkins1000 | ip=192.168.34.43 | op=SEND_HEARTBEAT {datanodeUUID=34c5bf21-796a-477d-8f73-056dd6ef4f82, command=[]} | ret=SUCCESS |  
2019-08-30 07:39:03,480 | INFO  | SCMAudit | user=jenkins1000 | ip=192.168.34.43 | op=SEND_HEARTBEAT {datanodeUUID=9e64560e-57c0-404b-a5e3-eb70c00d39cc, command=[]} | ret=SUCCESS |  
2019-08-30 07:39:03,754 | INFO  | SCMAudit | user=jenkins1000 | ip=192.168.34.43 | op=SEND_HEARTBEAT {datanodeUUID=722c9a0b-3ca8-46f2-9cba-02fdf2a68848, command=[]} | ret=SUCCESS |  
2019-08-30 07:39:03,966 [grpc-default-executor-1] INFO  client.GrpcClientProtocolClient (GrpcClientProtocolClient.java:onNext(255)) - client-8ACC3CA93160->9570f0ce-31bf-44b3-921f-a36f22efea54: receive RaftClientReply:client-8ACC3CA93160->9570f0ce-31bf-44b3-921f-a36f22efea54@group-CB9C606E82CE, cid=45, FAILED org.apache.ratis.protocol.NotLeaderException: Server 9570f0ce-31bf-44b3-921f-a36f22efea54 is not the leader (dcd35ce2-5653-4064-9aff-c1a2cac3fe1c:192.168.34.43:41594). Request must be sent to leader., logIndex=0, commits[9570f0ce-31bf-44b3-921f-a36f22efea54:c8, dc0e8eda-8843-49e8-9024-f7c59bdcd9bc:c8, dcd35ce2-5653-4064-9aff-c1a2cac3fe1c:c8]
2019-08-30 07:39:04,084 | INFO  | SCMAudit | user=jenkins1000 | ip=192.168.34.43 | op=SEND_HEARTBEAT {datanodeUUID=3bf132e1-02b6-4168-801a-3d7ce793c0d9, command=[]} | ret=SUCCESS |  
2019-08-30 07:39:04,254 | INFO  | SCMAudit | user=jenkins1000 | ip=192.168.34.43 | op=SEND_HEARTBEAT {datanodeUUID=dcd35ce2-5653-4064-9aff-c1a2cac3fe1c, command=[]} | ret=SUCCESS |  
2019-08-30 07:39:04,281 | INFO  | SCMAudit | user=jenkins1000 | ip=192.168.34.43 | op=SEND_HEARTBEAT {datanodeUUID=dc0e8eda-8843-49e8-9024-f7c59bdcd9bc, command=[]} | ret=SUCCESS |  
2019-08-30 07:39:04,282 | INFO  | SCMAudit | user=jenkins1000 | ip=192.168.34.43 | op=SEND_HEARTBEAT {datanodeUUID=9570f0ce-31bf-44b3-921f-a36f22efea54, command=[]} | ret=SUCCESS |  
2019-08-30 07:39:04,286 | INFO  | SCMAudit | user=jenkins1000 | ip=192.168.34.43 | op=SEND_HEARTBEAT {datanodeUUID=34c5bf21-796a-477d-8f73-056dd6ef4f82, command=[]} | ret=SUCCESS |  
2019-08-30 07:39:04,480 | INFO  | SCMAudit | user=jenkins1000 | ip=192.168.34.43 | op=SEND_HEARTBEAT {datanodeUUID=9e64560e-57c0-404b-a5e3-eb70c00d39cc, command=[]} | ret=SUCCESS |  
2019-08-30 07:39:04,754 | INFO  | SCMAudit | user=jenkins1000 | ip=192.168.34.43 | op=SEND_HEARTBEAT {datanodeUUID=722c9a0b-3ca8-46f2-9cba-02fdf2a68848, command=[]} | ret=SUCCESS |  
2019-08-30 07:39:05,084 | INFO  | SCMAudit | user=jenkins1000 | ip=192.168.34.43 | op=SEND_HEARTBEAT {datanodeUUID=3bf132e1-02b6-4168-801a-3d7ce793c0d9, command=[]} | ret=SUCCESS |  
2019-08-30 07:39:05,255 | INFO  | SCMAudit | user=jenkins1000 | ip=192.168.34.43 | op=SEND_HEARTBEAT {datanodeUUID=dcd35ce2-5653-4064-9aff-c1a2cac3fe1c, command=[]} | ret=SUCCESS |  
2019-08-30 07:39:05,282 | INFO  | SCMAudit | user=jenkins1000 | ip=192.168.34.43 | op=SEND_HEARTBEAT {datanodeUUID=dc0e8eda-8843-49e8-9024-f7c59bdcd9bc, command=[]} | ret=SUCCESS |  
2019-08-30 07:39:05,282 | INFO  | SCMAudit | user=jenkins1000 | ip=192.168.34.43 | op=SEND_HEARTBEAT {datanodeUUID=9570f0ce-31bf-44b3-921f-a36f22efea54, command=[]} | ret=SUCCESS |  
2019-08-30 07:39:05,286 | INFO  | SCMAudit | user=jenkins1000 | ip=192.168.34.43 | op=SEND_HEARTBEAT {datanodeUUID=34c5bf21-796a-477d-8f73-056dd6ef4f82, command=[]} | ret=SUCCESS |  
2019-08-30 07:39:05,481 | INFO  | SCMAudit | user=jenkins1000 | ip=192.168.34.43 | op=SEND_HEARTBEAT {datanodeUUID=9e64560e-57c0-404b-a5e3-eb70c00d39cc, command=[]} | ret=SUCCESS |  
2019-08-30 07:39:05,755 | INFO  | SCMAudit | user=jenkins1000 | ip=192.168.34.43 | op=SEND_HEARTBEAT {datanodeUUID=722c9a0b-3ca8-46f2-9cba-02fdf2a68848, command=[]} | ret=SUCCESS |  
2019-08-30 07:39:06,083 | INFO  | SCMAudit | user=jenkins1000 | ip=192.168.34.43 | op=SEND_HEARTBEAT {datanodeUUID=3bf132e1-02b6-4168-801a-3d7ce793c0d9, command=[]} | ret=SUCCESS |  
2019-08-30 07:39:06,254 | INFO  | SCMAudit | user=jenkins1000 | ip=192.168.34.43 | op=SEND_HEARTBEAT {datanodeUUID=dcd35ce2-5653-4064-9aff-c1a2cac3fe1c, command=[]} | ret=SUCCESS |  
2019-08-30 07:39:06,281 | INFO  | SCMAudit | user=jenkins1000 | ip=192.168.34.43 | op=SEND_HEARTBEAT {datanodeUUID=dc0e8eda-8843-49e8-9024-f7c59bdcd9bc, command=[]} | ret=SUCCESS |  
2019-08-30 07:39:06,282 | INFO  | SCMAudit | user=jenkins1000 | ip=192.168.34.43 | op=SEND_HEARTBEAT {datanodeUUID=9570f0ce-31bf-44b3-921f-a36f22efea54, command=[]} | ret=SUCCESS |  
2019-08-30 07:39:06,286 | INFO  | SCMAudit | user=jenkins1000 | ip=192.168.34.43 | op=SEND_HEARTBEAT {datanodeUUID=34c5bf21-796a-477d-8f73-056dd6ef4f82, command=[]} | ret=SUCCESS |  
2019-08-30 07:39:06,481 | INFO  | SCMAudit | user=jenkins1000 | ip=192.168.34.43 | op=SEND_HEARTBEAT {datanodeUUID=9e64560e-57c0-404b-a5e3-eb70c00d39cc, command=[]} | ret=SUCCESS |  
2019-08-30 07:39:06,755 | INFO  | SCMAudit | user=jenkins1000 | ip=192.168.34.43 | op=SEND_HEARTBEAT {datanodeUUID=722c9a0b-3ca8-46f2-9cba-02fdf2a68848, command=[]} | ret=SUCCESS |  
2019-08-30 07:39:07,084 | INFO  | SCMAudit | user=jenkins1000 | ip=192.168.34.43 | op=SEND_HEARTBEAT {datanodeUUID=3bf132e1-02b6-4168-801a-3d7ce793c0d9, command=[]} | ret=SUCCESS |  
2019-08-30 07:39:07,255 | INFO  | SCMAudit | user=jenkins1000 | ip=192.168.34.43 | op=SEND_HEARTBEAT {datanodeUUID=dcd35ce2-5653-4064-9aff-c1a2cac3fe1c, command=[]} | ret=SUCCESS |  
2019-08-30 07:39:07,282 | INFO  | SCMAudit | user=jenkins1000 | ip=192.168.34.43 | op=SEND_HEARTBEAT {datanodeUUID=dc0e8eda-8843-49e8-9024-f7c59bdcd9bc, command=[]} | ret=SUCCESS |  
2019-08-30 07:39:07,282 | INFO  | SCMAudit | user=jenkins1000 | ip=192.168.34.43 | op=SEND_HEARTBEAT {datanodeUUID=9570f0ce-31bf-44b3-921f-a36f22efea54, command=[]} | ret=SUCCESS |  
2019-08-30 07:39:07,286 | INFO  | SCMAudit | user=jenkins1000 | ip=192.168.34.43 | op=SEND_HEARTBEAT {datanodeUUID=34c5bf21-796a-477d-8f73-056dd6ef4f82, command=[]} | ret=SUCCESS |  
2019-08-30 07:39:07,481 | INFO  | SCMAudit | user=jenkins1000 | ip=192.168.34.43 | op=SEND_HEARTBEAT {datanodeUUID=9e64560e-57c0-404b-a5e3-eb70c00d39cc, command=[]} | ret=SUCCESS |  
2019-08-30 07:39:07,754 | INFO  | SCMAudit | user=jenkins1000 | ip=192.168.34.43 | op=SEND_HEARTBEAT {datanodeUUID=722c9a0b-3ca8-46f2-9cba-02fdf2a68848, command=[]} | ret=SUCCESS |  
2019-08-30 07:39:08,084 | INFO  | SCMAudit | user=jenkins1000 | ip=192.168.34.43 | op=SEND_HEARTBEAT {datanodeUUID=3bf132e1-02b6-4168-801a-3d7ce793c0d9, command=[]} | ret=SUCCESS |  
2019-08-30 07:39:08,254 | INFO  | SCMAudit | user=jenkins1000 | ip=192.168.34.43 | op=SEND_HEARTBEAT {datanodeUUID=dcd35ce2-5653-4064-9aff-c1a2cac3fe1c, command=[]} | ret=SUCCESS |  
2019-08-30 07:39:08,281 | INFO  | SCMAudit | user=jenkins1000 | ip=192.168.34.43 | op=SEND_HEARTBEAT {datanodeUUID=dc0e8eda-8843-49e8-9024-f7c59bdcd9bc, command=[]} | ret=SUCCESS |  
2019-08-30 07:39:08,282 | INFO  | SCMAudit | user=jenkins1000 | ip=192.168.34.43 | op=SEND_HEARTBEAT {datanodeUUID=9570f0ce-31bf-44b3-921f-a36f22efea54, command=[]} | ret=SUCCESS |  
2019-08-30 07:39:08,286 | INFO  | SCMAudit | user=jenkins1000 | ip=192.168.34.43 | op=SEND_HEARTBEAT {datanodeUUID=34c5bf21-796a-477d-8f73-056dd6ef4f82, command=[]} | ret=SUCCESS |  
2019-08-30 07:39:08,480 | INFO  | SCMAudit | user=jenkins1000 | ip=192.168.34.43 | op=SEND_HEARTBEAT {datanodeUUID=9e64560e-57c0-404b-a5e3-eb70c00d39cc, command=[]} | ret=SUCCESS |  
2019-08-30 07:39:08,754 | INFO  | SCMAudit | user=jenkins1000 | ip=192.168.34.43 | op=SEND_HEARTBEAT {datanodeUUID=722c9a0b-3ca8-46f2-9cba-02fdf2a68848, command=[]} | ret=SUCCESS |  
2019-08-30 07:39:09,006 [grpc-default-executor-3] INFO  client.GrpcClientProtocolClient (GrpcClientProtocolClient.java:onNext(255)) - client-8ACC3CA93160->dc0e8eda-8843-49e8-9024-f7c59bdcd9bc: receive RaftClientReply:client-8ACC3CA93160->dc0e8eda-8843-49e8-9024-f7c59bdcd9bc@group-CB9C606E82CE, cid=45, FAILED org.apache.ratis.protocol.NotLeaderException: Server dc0e8eda-8843-49e8-9024-f7c59bdcd9bc is not the leader (dcd35ce2-5653-4064-9aff-c1a2cac3fe1c:192.168.34.43:41594). Request must be sent to leader., logIndex=0, commits[dc0e8eda-8843-49e8-9024-f7c59bdcd9bc:c8, dcd35ce2-5653-4064-9aff-c1a2cac3fe1c:c8, 9570f0ce-31bf-44b3-921f-a36f22efea54:c8]
2019-08-30 07:39:09,084 | INFO  | SCMAudit | user=jenkins1000 | ip=192.168.34.43 | op=SEND_HEARTBEAT {datanodeUUID=3bf132e1-02b6-4168-801a-3d7ce793c0d9, command=[]} | ret=SUCCESS |  
2019-08-30 07:39:09,254 | INFO  | SCMAudit | user=jenkins1000 | ip=192.168.34.43 | op=SEND_HEARTBEAT {datanodeUUID=dcd35ce2-5653-4064-9aff-c1a2cac3fe1c, command=[]} | ret=SUCCESS |  
2019-08-30 07:39:09,281 | INFO  | SCMAudit | user=jenkins1000 | ip=192.168.34.43 | op=SEND_HEARTBEAT {datanodeUUID=dc0e8eda-8843-49e8-9024-f7c59bdcd9bc, command=[]} | ret=SUCCESS |  
2019-08-30 07:39:09,282 | INFO  | SCMAudit | user=jenkins1000 | ip=192.168.34.43 | op=SEND_HEARTBEAT {datanodeUUID=9570f0ce-31bf-44b3-921f-a36f22efea54, command=[]} | ret=SUCCESS |  
2019-08-30 07:39:09,286 | INFO  | SCMAudit | user=jenkins1000 | ip=192.168.34.43 | op=SEND_HEARTBEAT {datanodeUUID=34c5bf21-796a-477d-8f73-056dd6ef4f82, command=[]} | ret=SUCCESS |  
2019-08-30 07:39:09,481 | INFO  | SCMAudit | user=jenkins1000 | ip=192.168.34.43 | op=SEND_HEARTBEAT {datanodeUUID=9e64560e-57c0-404b-a5e3-eb70c00d39cc, command=[]} | ret=SUCCESS |  
2019-08-30 07:39:09,755 | INFO  | SCMAudit | user=jenkins1000 | ip=192.168.34.43 | op=SEND_HEARTBEAT {datanodeUUID=722c9a0b-3ca8-46f2-9cba-02fdf2a68848, command=[]} | ret=SUCCESS |  
2019-08-30 07:39:10,085 | INFO  | SCMAudit | user=jenkins1000 | ip=192.168.34.43 | op=SEND_HEARTBEAT {datanodeUUID=3bf132e1-02b6-4168-801a-3d7ce793c0d9, command=[]} | ret=SUCCESS |  
2019-08-30 07:39:10,255 | INFO  | SCMAudit | user=jenkins1000 | ip=192.168.34.43 | op=SEND_HEARTBEAT {datanodeUUID=dcd35ce2-5653-4064-9aff-c1a2cac3fe1c, command=[]} | ret=SUCCESS |  
2019-08-30 07:39:10,281 | INFO  | SCMAudit | user=jenkins1000 | ip=192.168.34.43 | op=SEND_HEARTBEAT {datanodeUUID=dc0e8eda-8843-49e8-9024-f7c59bdcd9bc, command=[]} | ret=SUCCESS |  
2019-08-30 07:39:10,282 | INFO  | SCMAudit | user=jenkins1000 | ip=192.168.34.43 | op=SEND_HEARTBEAT {datanodeUUID=9570f0ce-31bf-44b3-921f-a36f22efea54, command=[]} | ret=SUCCESS |  
2019-08-30 07:39:10,286 | INFO  | SCMAudit | user=jenkins1000 | ip=192.168.34.43 | op=SEND_HEARTBEAT {datanodeUUID=34c5bf21-796a-477d-8f73-056dd6ef4f82, command=[]} | ret=SUCCESS |  
2019-08-30 07:39:10,480 | INFO  | SCMAudit | user=jenkins1000 | ip=192.168.34.43 | op=SEND_HEARTBEAT {datanodeUUID=9e64560e-57c0-404b-a5e3-eb70c00d39cc, command=[]} | ret=SUCCESS |  
2019-08-30 07:39:10,755 | INFO  | SCMAudit | user=jenkins1000 | ip=192.168.34.43 | op=SEND_HEARTBEAT {datanodeUUID=722c9a0b-3ca8-46f2-9cba-02fdf2a68848, command=[]} | ret=SUCCESS |  
2019-08-30 07:39:11,085 | INFO  | SCMAudit | user=jenkins1000 | ip=192.168.34.43 | op=SEND_HEARTBEAT {datanodeUUID=3bf132e1-02b6-4168-801a-3d7ce793c0d9, command=[]} | ret=SUCCESS |  
2019-08-30 07:39:11,254 | INFO  | SCMAudit | user=jenkins1000 | ip=192.168.34.43 | op=SEND_HEARTBEAT {datanodeUUID=dcd35ce2-5653-4064-9aff-c1a2cac3fe1c, command=[]} | ret=SUCCESS |  
2019-08-30 07:39:11,282 | INFO  | SCMAudit | user=jenkins1000 | ip=192.168.34.43 | op=SEND_HEARTBEAT {datanodeUUID=dc0e8eda-8843-49e8-9024-f7c59bdcd9bc, command=[]} | ret=SUCCESS |  
2019-08-30 07:39:11,285 | INFO  | SCMAudit | user=jenkins1000 | ip=192.168.34.43 | op=SEND_HEARTBEAT {datanodeUUID=9570f0ce-31bf-44b3-921f-a36f22efea54, command=[]} | ret=SUCCESS |  
2019-08-30 07:39:11,286 | INFO  | SCMAudit | user=jenkins1000 | ip=192.168.34.43 | op=SEND_HEARTBEAT {datanodeUUID=34c5bf21-796a-477d-8f73-056dd6ef4f82, command=[]} | ret=SUCCESS |  
2019-08-30 07:39:11,481 | INFO  | SCMAudit | user=jenkins1000 | ip=192.168.34.43 | op=SEND_HEARTBEAT {datanodeUUID=9e64560e-57c0-404b-a5e3-eb70c00d39cc, command=[]} | ret=SUCCESS |  
2019-08-30 07:39:11,754 | INFO  | SCMAudit | user=jenkins1000 | ip=192.168.34.43 | op=SEND_HEARTBEAT {datanodeUUID=722c9a0b-3ca8-46f2-9cba-02fdf2a68848, command=[]} | ret=SUCCESS |  
2019-08-30 07:39:12,084 | INFO  | SCMAudit | user=jenkins1000 | ip=192.168.34.43 | op=SEND_HEARTBEAT {datanodeUUID=3bf132e1-02b6-4168-801a-3d7ce793c0d9, command=[]} | ret=SUCCESS |  
2019-08-30 07:39:12,255 | INFO  | SCMAudit | user=jenkins1000 | ip=192.168.34.43 | op=SEND_HEARTBEAT {datanodeUUID=dcd35ce2-5653-4064-9aff-c1a2cac3fe1c, command=[]} | ret=SUCCESS |  
2019-08-30 07:39:12,281 | INFO  | SCMAudit | user=jenkins1000 | ip=192.168.34.43 | op=SEND_HEARTBEAT {datanodeUUID=dc0e8eda-8843-49e8-9024-f7c59bdcd9bc, command=[]} | ret=SUCCESS |  
2019-08-30 07:39:12,286 | INFO  | SCMAudit | user=jenkins1000 | ip=192.168.34.43 | op=SEND_HEARTBEAT {datanodeUUID=9570f0ce-31bf-44b3-921f-a36f22efea54, command=[]} | ret=SUCCESS |  
2019-08-30 07:39:12,286 | INFO  | SCMAudit | user=jenkins1000 | ip=192.168.34.43 | op=SEND_HEARTBEAT {datanodeUUID=34c5bf21-796a-477d-8f73-056dd6ef4f82, command=[]} | ret=SUCCESS |  
2019-08-30 07:39:12,480 | INFO  | SCMAudit | user=jenkins1000 | ip=192.168.34.43 | op=SEND_HEARTBEAT {datanodeUUID=9e64560e-57c0-404b-a5e3-eb70c00d39cc, command=[]} | ret=SUCCESS |  
2019-08-30 07:39:12,754 | INFO  | SCMAudit | user=jenkins1000 | ip=192.168.34.43 | op=SEND_HEARTBEAT {datanodeUUID=722c9a0b-3ca8-46f2-9cba-02fdf2a68848, command=[]} | ret=SUCCESS |  
2019-08-30 07:39:13,085 | INFO  | SCMAudit | user=jenkins1000 | ip=192.168.34.43 | op=SEND_HEARTBEAT {datanodeUUID=3bf132e1-02b6-4168-801a-3d7ce793c0d9, command=[]} | ret=SUCCESS |  
2019-08-30 07:39:13,254 | INFO  | SCMAudit | user=jenkins1000 | ip=192.168.34.43 | op=SEND_HEARTBEAT {datanodeUUID=dcd35ce2-5653-4064-9aff-c1a2cac3fe1c, command=[]} | ret=SUCCESS |  
2019-08-30 07:39:13,281 | INFO  | SCMAudit | user=jenkins1000 | ip=192.168.34.43 | op=SEND_HEARTBEAT {datanodeUUID=dc0e8eda-8843-49e8-9024-f7c59bdcd9bc, command=[]} | ret=SUCCESS |  
2019-08-30 07:39:13,286 | INFO  | SCMAudit | user=jenkins1000 | ip=192.168.34.43 | op=SEND_HEARTBEAT {datanodeUUID=9570f0ce-31bf-44b3-921f-a36f22efea54, command=[]} | ret=SUCCESS |  
2019-08-30 07:39:13,286 | INFO  | SCMAudit | user=jenkins1000 | ip=192.168.34.43 | op=SEND_HEARTBEAT {datanodeUUID=34c5bf21-796a-477d-8f73-056dd6ef4f82, command=[]} | ret=SUCCESS |  
2019-08-30 07:39:13,481 | INFO  | SCMAudit | user=jenkins1000 | ip=192.168.34.43 | op=SEND_HEARTBEAT {datanodeUUID=9e64560e-57c0-404b-a5e3-eb70c00d39cc, command=[]} | ret=SUCCESS |  
2019-08-30 07:39:13,755 | INFO  | SCMAudit | user=jenkins1000 | ip=192.168.34.43 | op=SEND_HEARTBEAT {datanodeUUID=722c9a0b-3ca8-46f2-9cba-02fdf2a68848, command=[]} | ret=SUCCESS |  
2019-08-30 07:39:14,076 [grpc-default-executor-3] INFO  client.GrpcClientProtocolClient (GrpcClientProtocolClient.java:onNext(255)) - client-8ACC3CA93160->9570f0ce-31bf-44b3-921f-a36f22efea54: receive RaftClientReply:client-8ACC3CA93160->9570f0ce-31bf-44b3-921f-a36f22efea54@group-CB9C606E82CE, cid=45, FAILED org.apache.ratis.protocol.NotLeaderException: Server 9570f0ce-31bf-44b3-921f-a36f22efea54 is not the leader (dcd35ce2-5653-4064-9aff-c1a2cac3fe1c:192.168.34.43:41594). Request must be sent to leader., logIndex=0, commits[9570f0ce-31bf-44b3-921f-a36f22efea54:c8, dc0e8eda-8843-49e8-9024-f7c59bdcd9bc:c8, dcd35ce2-5653-4064-9aff-c1a2cac3fe1c:c8]
2019-08-30 07:39:14,088 | INFO  | SCMAudit | user=jenkins1000 | ip=192.168.34.43 | op=SEND_HEARTBEAT {datanodeUUID=3bf132e1-02b6-4168-801a-3d7ce793c0d9, command=[]} | ret=SUCCESS |  
2019-08-30 07:39:14,255 | INFO  | SCMAudit | user=jenkins1000 | ip=192.168.34.43 | op=SEND_HEARTBEAT {datanodeUUID=dcd35ce2-5653-4064-9aff-c1a2cac3fe1c, command=[]} | ret=SUCCESS |  
2019-08-30 07:39:14,282 | INFO  | SCMAudit | user=jenkins1000 | ip=192.168.34.43 | op=SEND_HEARTBEAT {datanodeUUID=dc0e8eda-8843-49e8-9024-f7c59bdcd9bc, command=[]} | ret=SUCCESS |  
2019-08-30 07:39:14,286 | INFO  | SCMAudit | user=jenkins1000 | ip=192.168.34.43 | op=SEND_HEARTBEAT {datanodeUUID=34c5bf21-796a-477d-8f73-056dd6ef4f82, command=[]} | ret=SUCCESS |  
2019-08-30 07:39:14,286 | INFO  | SCMAudit | user=jenkins1000 | ip=192.168.34.43 | op=SEND_HEARTBEAT {datanodeUUID=9570f0ce-31bf-44b3-921f-a36f22efea54, command=[]} | ret=SUCCESS |  
2019-08-30 07:39:14,482 | INFO  | SCMAudit | user=jenkins1000 | ip=192.168.34.43 | op=SEND_HEARTBEAT {datanodeUUID=9e64560e-57c0-404b-a5e3-eb70c00d39cc, command=[]} | ret=SUCCESS |  
2019-08-30 07:39:14,756 | INFO  | SCMAudit | user=jenkins1000 | ip=192.168.34.43 | op=SEND_HEARTBEAT {datanodeUUID=722c9a0b-3ca8-46f2-9cba-02fdf2a68848, command=[]} | ret=SUCCESS |  
2019-08-30 07:39:15,085 | INFO  | SCMAudit | user=jenkins1000 | ip=192.168.34.43 | op=SEND_HEARTBEAT {datanodeUUID=3bf132e1-02b6-4168-801a-3d7ce793c0d9, command=[]} | ret=SUCCESS |  
2019-08-30 07:39:15,255 | INFO  | SCMAudit | user=jenkins1000 | ip=192.168.34.43 | op=SEND_HEARTBEAT {datanodeUUID=dcd35ce2-5653-4064-9aff-c1a2cac3fe1c, command=[]} | ret=SUCCESS |  
2019-08-30 07:39:15,282 | INFO  | SCMAudit | user=jenkins1000 | ip=192.168.34.43 | op=SEND_HEARTBEAT {datanodeUUID=dc0e8eda-8843-49e8-9024-f7c59bdcd9bc, command=[]} | ret=SUCCESS |  
2019-08-30 07:39:15,286 | INFO  | SCMAudit | user=jenkins1000 | ip=192.168.34.43 | op=SEND_HEARTBEAT {datanodeUUID=34c5bf21-796a-477d-8f73-056dd6ef4f82, command=[]} | ret=SUCCESS |  
2019-08-30 07:39:15,286 | INFO  | SCMAudit | user=jenkins1000 | ip=192.168.34.43 | op=SEND_HEARTBEAT {datanodeUUID=9570f0ce-31bf-44b3-921f-a36f22efea54, command=[]} | ret=SUCCESS |  
2019-08-30 07:39:15,481 | INFO  | SCMAudit | user=jenkins1000 | ip=192.168.34.43 | op=SEND_HEARTBEAT {datanodeUUID=9e64560e-57c0-404b-a5e3-eb70c00d39cc, command=[]} | ret=SUCCESS |  
2019-08-30 07:39:15,755 | INFO  | SCMAudit | user=jenkins1000 | ip=192.168.34.43 | op=SEND_HEARTBEAT {datanodeUUID=722c9a0b-3ca8-46f2-9cba-02fdf2a68848, command=[]} | ret=SUCCESS |  
2019-08-30 07:39:16,084 | INFO  | SCMAudit | user=jenkins1000 | ip=192.168.34.43 | op=SEND_HEARTBEAT {datanodeUUID=3bf132e1-02b6-4168-801a-3d7ce793c0d9, command=[]} | ret=SUCCESS |  
2019-08-30 07:39:16,255 | INFO  | SCMAudit | user=jenkins1000 | ip=192.168.34.43 | op=SEND_HEARTBEAT {datanodeUUID=dcd35ce2-5653-4064-9aff-c1a2cac3fe1c, command=[]} | ret=SUCCESS |  
2019-08-30 07:39:16,282 | INFO  | SCMAudit | user=jenkins1000 | ip=192.168.34.43 | op=SEND_HEARTBEAT {datanodeUUID=dc0e8eda-8843-49e8-9024-f7c59bdcd9bc, command=[]} | ret=SUCCESS |  
2019-08-30 07:39:16,286 | INFO  | SCMAudit | user=jenkins1000 | ip=192.168.34.43 | op=SEND_HEARTBEAT {datanodeUUID=34c5bf21-796a-477d-8f73-056dd6ef4f82, command=[]} | ret=SUCCESS |  
2019-08-30 07:39:16,286 | INFO  | SCMAudit | user=jenkins1000 | ip=192.168.34.43 | op=SEND_HEARTBEAT {datanodeUUID=9570f0ce-31bf-44b3-921f-a36f22efea54, command=[]} | ret=SUCCESS |  
2019-08-30 07:39:16,482 | INFO  | SCMAudit | user=jenkins1000 | ip=192.168.34.43 | op=SEND_HEARTBEAT {datanodeUUID=9e64560e-57c0-404b-a5e3-eb70c00d39cc, command=[]} | ret=SUCCESS |  
2019-08-30 07:39:16,756 | INFO  | SCMAudit | user=jenkins1000 | ip=192.168.34.43 | op=SEND_HEARTBEAT {datanodeUUID=722c9a0b-3ca8-46f2-9cba-02fdf2a68848, command=[]} | ret=SUCCESS |  
2019-08-30 07:39:17,085 | INFO  | SCMAudit | user=jenkins1000 | ip=192.168.34.43 | op=SEND_HEARTBEAT {datanodeUUID=3bf132e1-02b6-4168-801a-3d7ce793c0d9, command=[]} | ret=SUCCESS |  
2019-08-30 07:39:17,254 | INFO  | SCMAudit | user=jenkins1000 | ip=192.168.34.43 | op=SEND_HEARTBEAT {datanodeUUID=dcd35ce2-5653-4064-9aff-c1a2cac3fe1c, command=[]} | ret=SUCCESS |  
2019-08-30 07:39:17,283 | INFO  | SCMAudit | user=jenkins1000 | ip=192.168.34.43 | op=SEND_HEARTBEAT {datanodeUUID=dc0e8eda-8843-49e8-9024-f7c59bdcd9bc, command=[]} | ret=SUCCESS |  
2019-08-30 07:39:17,286 | INFO  | SCMAudit | user=jenkins1000 | ip=192.168.34.43 | op=SEND_HEARTBEAT {datanodeUUID=34c5bf21-796a-477d-8f73-056dd6ef4f82, command=[]} | ret=SUCCESS |  
2019-08-30 07:39:17,286 | INFO  | SCMAudit | user=jenkins1000 | ip=192.168.34.43 | op=SEND_HEARTBEAT {datanodeUUID=9570f0ce-31bf-44b3-921f-a36f22efea54, command=[]} | ret=SUCCESS |  
2019-08-30 07:39:17,481 | INFO  | SCMAudit | user=jenkins1000 | ip=192.168.34.43 | op=SEND_HEARTBEAT {datanodeUUID=9e64560e-57c0-404b-a5e3-eb70c00d39cc, command=[]} | ret=SUCCESS |  
2019-08-30 07:39:17,756 | INFO  | SCMAudit | user=jenkins1000 | ip=192.168.34.43 | op=SEND_HEARTBEAT {datanodeUUID=722c9a0b-3ca8-46f2-9cba-02fdf2a68848, command=[]} | ret=SUCCESS |  
2019-08-30 07:39:18,084 | INFO  | SCMAudit | user=jenkins1000 | ip=192.168.34.43 | op=SEND_HEARTBEAT {datanodeUUID=3bf132e1-02b6-4168-801a-3d7ce793c0d9, command=[]} | ret=SUCCESS |  
2019-08-30 07:39:18,255 | INFO  | SCMAudit | user=jenkins1000 | ip=192.168.34.43 | op=SEND_HEARTBEAT {datanodeUUID=dcd35ce2-5653-4064-9aff-c1a2cac3fe1c, command=[]} | ret=SUCCESS |  
2019-08-30 07:39:18,283 | INFO  | SCMAudit | user=jenkins1000 | ip=192.168.34.43 | op=SEND_HEARTBEAT {datanodeUUID=dc0e8eda-8843-49e8-9024-f7c59bdcd9bc, command=[]} | ret=SUCCESS |  
2019-08-30 07:39:18,286 | INFO  | SCMAudit | user=jenkins1000 | ip=192.168.34.43 | op=SEND_HEARTBEAT {datanodeUUID=34c5bf21-796a-477d-8f73-056dd6ef4f82, command=[]} | ret=SUCCESS |  
2019-08-30 07:39:18,286 | INFO  | SCMAudit | user=jenkins1000 | ip=192.168.34.43 | op=SEND_HEARTBEAT {datanodeUUID=9570f0ce-31bf-44b3-921f-a36f22efea54, command=[]} | ret=SUCCESS |  
2019-08-30 07:39:18,484 | INFO  | SCMAudit | user=jenkins1000 | ip=192.168.34.43 | op=SEND_HEARTBEAT {datanodeUUID=9e64560e-57c0-404b-a5e3-eb70c00d39cc, command=[]} | ret=SUCCESS |  
2019-08-30 07:39:18,755 | INFO  | SCMAudit | user=jenkins1000 | ip=192.168.34.43 | op=SEND_HEARTBEAT {datanodeUUID=722c9a0b-3ca8-46f2-9cba-02fdf2a68848, command=[]} | ret=SUCCESS |  
2019-08-30 07:39:19,085 | INFO  | SCMAudit | user=jenkins1000 | ip=192.168.34.43 | op=SEND_HEARTBEAT {datanodeUUID=3bf132e1-02b6-4168-801a-3d7ce793c0d9, command=[]} | ret=SUCCESS |  
2019-08-30 07:39:19,115 [grpc-default-executor-1] INFO  client.GrpcClientProtocolClient (GrpcClientProtocolClient.java:onNext(255)) - client-8ACC3CA93160->dc0e8eda-8843-49e8-9024-f7c59bdcd9bc: receive RaftClientReply:client-8ACC3CA93160->dc0e8eda-8843-49e8-9024-f7c59bdcd9bc@group-CB9C606E82CE, cid=45, FAILED org.apache.ratis.protocol.NotLeaderException: Server dc0e8eda-8843-49e8-9024-f7c59bdcd9bc is not the leader (dcd35ce2-5653-4064-9aff-c1a2cac3fe1c:192.168.34.43:41594). Request must be sent to leader., logIndex=0, commits[dc0e8eda-8843-49e8-9024-f7c59bdcd9bc:c8, dcd35ce2-5653-4064-9aff-c1a2cac3fe1c:c8, 9570f0ce-31bf-44b3-921f-a36f22efea54:c8]
2019-08-30 07:39:19,255 | INFO  | SCMAudit | user=jenkins1000 | ip=192.168.34.43 | op=SEND_HEARTBEAT {datanodeUUID=dcd35ce2-5653-4064-9aff-c1a2cac3fe1c, command=[]} | ret=SUCCESS |  
2019-08-30 07:39:19,283 | INFO  | SCMAudit | user=jenkins1000 | ip=192.168.34.43 | op=SEND_HEARTBEAT {datanodeUUID=dc0e8eda-8843-49e8-9024-f7c59bdcd9bc, command=[]} | ret=SUCCESS |  
2019-08-30 07:39:19,286 | INFO  | SCMAudit | user=jenkins1000 | ip=192.168.34.43 | op=SEND_HEARTBEAT {datanodeUUID=34c5bf21-796a-477d-8f73-056dd6ef4f82, command=[]} | ret=SUCCESS |  
2019-08-30 07:39:19,286 | INFO  | SCMAudit | user=jenkins1000 | ip=192.168.34.43 | op=SEND_HEARTBEAT {datanodeUUID=9570f0ce-31bf-44b3-921f-a36f22efea54, command=[]} | ret=SUCCESS |  
2019-08-30 07:39:19,482 | INFO  | SCMAudit | user=jenkins1000 | ip=192.168.34.43 | op=SEND_HEARTBEAT {datanodeUUID=9e64560e-57c0-404b-a5e3-eb70c00d39cc, command=[]} | ret=SUCCESS |  
2019-08-30 07:39:19,755 | INFO  | SCMAudit | user=jenkins1000 | ip=192.168.34.43 | op=SEND_HEARTBEAT {datanodeUUID=722c9a0b-3ca8-46f2-9cba-02fdf2a68848, command=[]} | ret=SUCCESS |  
2019-08-30 07:39:20,084 | INFO  | SCMAudit | user=jenkins1000 | ip=192.168.34.43 | op=SEND_HEARTBEAT {datanodeUUID=3bf132e1-02b6-4168-801a-3d7ce793c0d9, command=[]} | ret=SUCCESS |  
2019-08-30 07:39:20,255 | INFO  | SCMAudit | user=jenkins1000 | ip=192.168.34.43 | op=SEND_HEARTBEAT {datanodeUUID=dcd35ce2-5653-4064-9aff-c1a2cac3fe1c, command=[]} | ret=SUCCESS |  
2019-08-30 07:39:20,282 | INFO  | SCMAudit | user=jenkins1000 | ip=192.168.34.43 | op=SEND_HEARTBEAT {datanodeUUID=dc0e8eda-8843-49e8-9024-f7c59bdcd9bc, command=[]} | ret=SUCCESS |  
2019-08-30 07:39:20,286 | INFO  | SCMAudit | user=jenkins1000 | ip=192.168.34.43 | op=SEND_HEARTBEAT {datanodeUUID=34c5bf21-796a-477d-8f73-056dd6ef4f82, command=[]} | ret=SUCCESS |  
2019-08-30 07:39:20,286 | INFO  | SCMAudit | user=jenkins1000 | ip=192.168.34.43 | op=SEND_HEARTBEAT {datanodeUUID=9570f0ce-31bf-44b3-921f-a36f22efea54, command=[]} | ret=SUCCESS |  
2019-08-30 07:39:20,482 | INFO  | SCMAudit | user=jenkins1000 | ip=192.168.34.43 | op=SEND_HEARTBEAT {datanodeUUID=9e64560e-57c0-404b-a5e3-eb70c00d39cc, command=[]} | ret=SUCCESS |  
2019-08-30 07:39:20,756 | INFO  | SCMAudit | user=jenkins1000 | ip=192.168.34.43 | op=SEND_HEARTBEAT {datanodeUUID=722c9a0b-3ca8-46f2-9cba-02fdf2a68848, command=[]} | ret=SUCCESS |  
2019-08-30 07:39:21,085 | INFO  | SCMAudit | user=jenkins1000 | ip=192.168.34.43 | op=SEND_HEARTBEAT {datanodeUUID=3bf132e1-02b6-4168-801a-3d7ce793c0d9, command=[]} | ret=SUCCESS |  
2019-08-30 07:39:21,256 | INFO  | SCMAudit | user=jenkins1000 | ip=192.168.34.43 | op=SEND_HEARTBEAT {datanodeUUID=dcd35ce2-5653-4064-9aff-c1a2cac3fe1c, command=[]} | ret=SUCCESS |  
2019-08-30 07:39:21,282 | INFO  | SCMAudit | user=jenkins1000 | ip=192.168.34.43 | op=SEND_HEARTBEAT {datanodeUUID=dc0e8eda-8843-49e8-9024-f7c59bdcd9bc, command=[]} | ret=SUCCESS |  
2019-08-30 07:39:21,286 | INFO  | SCMAudit | user=jenkins1000 | ip=192.168.34.43 | op=SEND_HEARTBEAT {datanodeUUID=34c5bf21-796a-477d-8f73-056dd6ef4f82, command=[]} | ret=SUCCESS |  
2019-08-30 07:39:21,286 | INFO  | SCMAudit | user=jenkins1000 | ip=192.168.34.43 | op=SEND_HEARTBEAT {datanodeUUID=9570f0ce-31bf-44b3-921f-a36f22efea54, command=[]} | ret=SUCCESS |  
2019-08-30 07:39:21,482 | INFO  | SCMAudit | user=jenkins1000 | ip=192.168.34.43 | op=SEND_HEARTBEAT {datanodeUUID=9e64560e-57c0-404b-a5e3-eb70c00d39cc, command=[]} | ret=SUCCESS |  
2019-08-30 07:39:21,755 | INFO  | SCMAudit | user=jenkins1000 | ip=192.168.34.43 | op=SEND_HEARTBEAT {datanodeUUID=722c9a0b-3ca8-46f2-9cba-02fdf2a68848, command=[]} | ret=SUCCESS |  
2019-08-30 07:39:22,084 | INFO  | SCMAudit | user=jenkins1000 | ip=192.168.34.43 | op=SEND_HEARTBEAT {datanodeUUID=3bf132e1-02b6-4168-801a-3d7ce793c0d9, command=[]} | ret=SUCCESS |  
2019-08-30 07:39:22,256 | INFO  | SCMAudit | user=jenkins1000 | ip=192.168.34.43 | op=SEND_HEARTBEAT {datanodeUUID=dcd35ce2-5653-4064-9aff-c1a2cac3fe1c, command=[]} | ret=SUCCESS |  
2019-08-30 07:39:22,282 | INFO  | SCMAudit | user=jenkins1000 | ip=192.168.34.43 | op=SEND_HEARTBEAT {datanodeUUID=dc0e8eda-8843-49e8-9024-f7c59bdcd9bc, command=[]} | ret=SUCCESS |  
2019-08-30 07:39:22,286 | INFO  | SCMAudit | user=jenkins1000 | ip=192.168.34.43 | op=SEND_HEARTBEAT {datanodeUUID=34c5bf21-796a-477d-8f73-056dd6ef4f82, command=[]} | ret=SUCCESS |  
2019-08-30 07:39:22,286 | INFO  | SCMAudit | user=jenkins1000 | ip=192.168.34.43 | op=SEND_HEARTBEAT {datanodeUUID=9570f0ce-31bf-44b3-921f-a36f22efea54, command=[]} | ret=SUCCESS |  
2019-08-30 07:39:22,481 | INFO  | SCMAudit | user=jenkins1000 | ip=192.168.34.43 | op=SEND_HEARTBEAT {datanodeUUID=9e64560e-57c0-404b-a5e3-eb70c00d39cc, command=[]} | ret=SUCCESS |  
2019-08-30 07:39:22,756 | INFO  | SCMAudit | user=jenkins1000 | ip=192.168.34.43 | op=SEND_HEARTBEAT {datanodeUUID=722c9a0b-3ca8-46f2-9cba-02fdf2a68848, command=[]} | ret=SUCCESS |  
2019-08-30 07:39:23,085 | INFO  | SCMAudit | user=jenkins1000 | ip=192.168.34.43 | op=SEND_HEARTBEAT {datanodeUUID=3bf132e1-02b6-4168-801a-3d7ce793c0d9, command=[]} | ret=SUCCESS |  
2019-08-30 07:39:23,255 | INFO  | SCMAudit | user=jenkins1000 | ip=192.168.34.43 | op=SEND_HEARTBEAT {datanodeUUID=dcd35ce2-5653-4064-9aff-c1a2cac3fe1c, command=[]} | ret=SUCCESS |  
2019-08-30 07:39:23,282 | INFO  | SCMAudit | user=jenkins1000 | ip=192.168.34.43 | op=SEND_HEARTBEAT {datanodeUUID=dc0e8eda-8843-49e8-9024-f7c59bdcd9bc, command=[]} | ret=SUCCESS |  
2019-08-30 07:39:23,286 | INFO  | SCMAudit | user=jenkins1000 | ip=192.168.34.43 | op=SEND_HEARTBEAT {datanodeUUID=34c5bf21-796a-477d-8f73-056dd6ef4f82, command=[]} | ret=SUCCESS |  
2019-08-30 07:39:23,286 | INFO  | SCMAudit | user=jenkins1000 | ip=192.168.34.43 | op=SEND_HEARTBEAT {datanodeUUID=9570f0ce-31bf-44b3-921f-a36f22efea54, command=[]} | ret=SUCCESS |  
2019-08-30 07:39:23,482 | INFO  | SCMAudit | user=jenkins1000 | ip=192.168.34.43 | op=SEND_HEARTBEAT {datanodeUUID=9e64560e-57c0-404b-a5e3-eb70c00d39cc, command=[]} | ret=SUCCESS |  
2019-08-30 07:39:23,755 | INFO  | SCMAudit | user=jenkins1000 | ip=192.168.34.43 | op=SEND_HEARTBEAT {datanodeUUID=722c9a0b-3ca8-46f2-9cba-02fdf2a68848, command=[]} | ret=SUCCESS |  
2019-08-30 07:39:24,084 | INFO  | SCMAudit | user=jenkins1000 | ip=192.168.34.43 | op=SEND_HEARTBEAT {datanodeUUID=3bf132e1-02b6-4168-801a-3d7ce793c0d9, command=[]} | ret=SUCCESS |  
2019-08-30 07:39:24,156 [grpc-default-executor-3] INFO  client.GrpcClientProtocolClient (GrpcClientProtocolClient.java:onNext(255)) - client-8ACC3CA93160->dc0e8eda-8843-49e8-9024-f7c59bdcd9bc: receive RaftClientReply:client-8ACC3CA93160->dc0e8eda-8843-49e8-9024-f7c59bdcd9bc@group-CB9C606E82CE, cid=45, FAILED org.apache.ratis.protocol.NotLeaderException: Server dc0e8eda-8843-49e8-9024-f7c59bdcd9bc is not the leader (dcd35ce2-5653-4064-9aff-c1a2cac3fe1c:192.168.34.43:41594). Request must be sent to leader., logIndex=0, commits[dc0e8eda-8843-49e8-9024-f7c59bdcd9bc:c8, dcd35ce2-5653-4064-9aff-c1a2cac3fe1c:c8, 9570f0ce-31bf-44b3-921f-a36f22efea54:c8]
2019-08-30 07:39:24,256 | INFO  | SCMAudit | user=jenkins1000 | ip=192.168.34.43 | op=SEND_HEARTBEAT {datanodeUUID=dcd35ce2-5653-4064-9aff-c1a2cac3fe1c, command=[]} | ret=SUCCESS |  
2019-08-30 07:39:24,282 | INFO  | SCMAudit | user=jenkins1000 | ip=192.168.34.43 | op=SEND_HEARTBEAT {datanodeUUID=dc0e8eda-8843-49e8-9024-f7c59bdcd9bc, command=[]} | ret=SUCCESS |  
2019-08-30 07:39:24,286 | INFO  | SCMAudit | user=jenkins1000 | ip=192.168.34.43 | op=SEND_HEARTBEAT {datanodeUUID=34c5bf21-796a-477d-8f73-056dd6ef4f82, command=[]} | ret=SUCCESS |  
2019-08-30 07:39:24,286 | INFO  | SCMAudit | user=jenkins1000 | ip=192.168.34.43 | op=SEND_HEARTBEAT {datanodeUUID=9570f0ce-31bf-44b3-921f-a36f22efea54, command=[]} | ret=SUCCESS |  
2019-08-30 07:39:24,482 | INFO  | SCMAudit | user=jenkins1000 | ip=192.168.34.43 | op=SEND_HEARTBEAT {datanodeUUID=9e64560e-57c0-404b-a5e3-eb70c00d39cc, command=[]} | ret=SUCCESS |  
2019-08-30 07:39:24,756 | INFO  | SCMAudit | user=jenkins1000 | ip=192.168.34.43 | op=SEND_HEARTBEAT {datanodeUUID=722c9a0b-3ca8-46f2-9cba-02fdf2a68848, command=[]} | ret=SUCCESS |  
2019-08-30 07:39:25,085 | INFO  | SCMAudit | user=jenkins1000 | ip=192.168.34.43 | op=SEND_HEARTBEAT {datanodeUUID=3bf132e1-02b6-4168-801a-3d7ce793c0d9, command=[]} | ret=SUCCESS |  
2019-08-30 07:39:25,256 | INFO  | SCMAudit | user=jenkins1000 | ip=192.168.34.43 | op=SEND_HEARTBEAT {datanodeUUID=dcd35ce2-5653-4064-9aff-c1a2cac3fe1c, command=[]} | ret=SUCCESS |  
2019-08-30 07:39:25,282 | INFO  | SCMAudit | user=jenkins1000 | ip=192.168.34.43 | op=SEND_HEARTBEAT {datanodeUUID=dc0e8eda-8843-49e8-9024-f7c59bdcd9bc, command=[]} | ret=SUCCESS |  
2019-08-30 07:39:25,286 | INFO  | SCMAudit | user=jenkins1000 | ip=192.168.34.43 | op=SEND_HEARTBEAT {datanodeUUID=34c5bf21-796a-477d-8f73-056dd6ef4f82, command=[]} | ret=SUCCESS |  
2019-08-30 07:39:25,286 | INFO  | SCMAudit | user=jenkins1000 | ip=192.168.34.43 | op=SEND_HEARTBEAT {datanodeUUID=9570f0ce-31bf-44b3-921f-a36f22efea54, command=[]} | ret=SUCCESS |  
2019-08-30 07:39:25,482 | INFO  | SCMAudit | user=jenkins1000 | ip=192.168.34.43 | op=SEND_HEARTBEAT {datanodeUUID=9e64560e-57c0-404b-a5e3-eb70c00d39cc, command=[]} | ret=SUCCESS |  
2019-08-30 07:39:25,755 | INFO  | SCMAudit | user=jenkins1000 | ip=192.168.34.43 | op=SEND_HEARTBEAT {datanodeUUID=722c9a0b-3ca8-46f2-9cba-02fdf2a68848, command=[]} | ret=SUCCESS |  
2019-08-30 07:39:26,085 | INFO  | SCMAudit | user=jenkins1000 | ip=192.168.34.43 | op=SEND_HEARTBEAT {datanodeUUID=3bf132e1-02b6-4168-801a-3d7ce793c0d9, command=[]} | ret=SUCCESS |  
2019-08-30 07:39:26,255 | INFO  | SCMAudit | user=jenkins1000 | ip=192.168.34.43 | op=SEND_HEARTBEAT {datanodeUUID=dcd35ce2-5653-4064-9aff-c1a2cac3fe1c, command=[]} | ret=SUCCESS |  
2019-08-30 07:39:26,282 | INFO  | SCMAudit | user=jenkins1000 | ip=192.168.34.43 | op=SEND_HEARTBEAT {datanodeUUID=dc0e8eda-8843-49e8-9024-f7c59bdcd9bc, command=[]} | ret=SUCCESS |  
2019-08-30 07:39:26,286 | INFO  | SCMAudit | user=jenkins1000 | ip=192.168.34.43 | op=SEND_HEARTBEAT {datanodeUUID=34c5bf21-796a-477d-8f73-056dd6ef4f82, command=[]} | ret=SUCCESS |  
2019-08-30 07:39:26,286 | INFO  | SCMAudit | user=jenkins1000 | ip=192.168.34.43 | op=SEND_HEARTBEAT {datanodeUUID=9570f0ce-31bf-44b3-921f-a36f22efea54, command=[]} | ret=SUCCESS |  
2019-08-30 07:39:26,481 | INFO  | SCMAudit | user=jenkins1000 | ip=192.168.34.43 | op=SEND_HEARTBEAT {datanodeUUID=9e64560e-57c0-404b-a5e3-eb70c00d39cc, command=[]} | ret=SUCCESS |  
2019-08-30 07:39:26,756 | INFO  | SCMAudit | user=jenkins1000 | ip=192.168.34.43 | op=SEND_HEARTBEAT {datanodeUUID=722c9a0b-3ca8-46f2-9cba-02fdf2a68848, command=[]} | ret=SUCCESS |  
2019-08-30 07:39:27,084 | INFO  | SCMAudit | user=jenkins1000 | ip=192.168.34.43 | op=SEND_HEARTBEAT {datanodeUUID=3bf132e1-02b6-4168-801a-3d7ce793c0d9, command=[]} | ret=SUCCESS |  
2019-08-30 07:39:27,256 | INFO  | SCMAudit | user=jenkins1000 | ip=192.168.34.43 | op=SEND_HEARTBEAT {datanodeUUID=dcd35ce2-5653-4064-9aff-c1a2cac3fe1c, command=[]} | ret=SUCCESS |  
2019-08-30 07:39:27,283 | INFO  | SCMAudit | user=jenkins1000 | ip=192.168.34.43 | op=SEND_HEARTBEAT {datanodeUUID=dc0e8eda-8843-49e8-9024-f7c59bdcd9bc, command=[]} | ret=SUCCESS |  
2019-08-30 07:39:27,286 | INFO  | SCMAudit | user=jenkins1000 | ip=192.168.34.43 | op=SEND_HEARTBEAT {datanodeUUID=34c5bf21-796a-477d-8f73-056dd6ef4f82, command=[]} | ret=SUCCESS |  
2019-08-30 07:39:27,286 | INFO  | SCMAudit | user=jenkins1000 | ip=192.168.34.43 | op=SEND_HEARTBEAT {datanodeUUID=9570f0ce-31bf-44b3-921f-a36f22efea54, command=[]} | ret=SUCCESS |  
2019-08-30 07:39:27,482 | INFO  | SCMAudit | user=jenkins1000 | ip=192.168.34.43 | op=SEND_HEARTBEAT {datanodeUUID=9e64560e-57c0-404b-a5e3-eb70c00d39cc, command=[]} | ret=SUCCESS |  
2019-08-30 07:39:27,756 | INFO  | SCMAudit | user=jenkins1000 | ip=192.168.34.43 | op=SEND_HEARTBEAT {datanodeUUID=722c9a0b-3ca8-46f2-9cba-02fdf2a68848, command=[]} | ret=SUCCESS |  
2019-08-30 07:39:28,085 | INFO  | SCMAudit | user=jenkins1000 | ip=192.168.34.43 | op=SEND_HEARTBEAT {datanodeUUID=3bf132e1-02b6-4168-801a-3d7ce793c0d9, command=[]} | ret=SUCCESS |  
2019-08-30 07:39:28,256 | INFO  | SCMAudit | user=jenkins1000 | ip=192.168.34.43 | op=SEND_HEARTBEAT {datanodeUUID=dcd35ce2-5653-4064-9aff-c1a2cac3fe1c, command=[]} | ret=SUCCESS |  
2019-08-30 07:39:28,283 | INFO  | SCMAudit | user=jenkins1000 | ip=192.168.34.43 | op=SEND_HEARTBEAT {datanodeUUID=dc0e8eda-8843-49e8-9024-f7c59bdcd9bc, command=[]} | ret=SUCCESS |  
2019-08-30 07:39:28,286 | INFO  | SCMAudit | user=jenkins1000 | ip=192.168.34.43 | op=SEND_HEARTBEAT {datanodeUUID=34c5bf21-796a-477d-8f73-056dd6ef4f82, command=[]} | ret=SUCCESS |  
2019-08-30 07:39:28,286 | INFO  | SCMAudit | user=jenkins1000 | ip=192.168.34.43 | op=SEND_HEARTBEAT {datanodeUUID=9570f0ce-31bf-44b3-921f-a36f22efea54, command=[]} | ret=SUCCESS |  
2019-08-30 07:39:28,481 | INFO  | SCMAudit | user=jenkins1000 | ip=192.168.34.43 | op=SEND_HEARTBEAT {datanodeUUID=9e64560e-57c0-404b-a5e3-eb70c00d39cc, command=[]} | ret=SUCCESS |  
2019-08-30 07:39:28,755 | INFO  | SCMAudit | user=jenkins1000 | ip=192.168.34.43 | op=SEND_HEARTBEAT {datanodeUUID=722c9a0b-3ca8-46f2-9cba-02fdf2a68848, command=[]} | ret=SUCCESS |  
2019-08-30 07:39:29,085 | INFO  | SCMAudit | user=jenkins1000 | ip=192.168.34.43 | op=SEND_HEARTBEAT {datanodeUUID=3bf132e1-02b6-4168-801a-3d7ce793c0d9, command=[]} | ret=SUCCESS |  
2019-08-30 07:39:29,210 [grpc-default-executor-3] INFO  client.GrpcClientProtocolClient (GrpcClientProtocolClient.java:onNext(255)) - client-8ACC3CA93160->dc0e8eda-8843-49e8-9024-f7c59bdcd9bc: receive RaftClientReply:client-8ACC3CA93160->dc0e8eda-8843-49e8-9024-f7c59bdcd9bc@group-CB9C606E82CE, cid=45, FAILED org.apache.ratis.protocol.NotLeaderException: Server dc0e8eda-8843-49e8-9024-f7c59bdcd9bc is not the leader (dcd35ce2-5653-4064-9aff-c1a2cac3fe1c:192.168.34.43:41594). Request must be sent to leader., logIndex=0, commits[dc0e8eda-8843-49e8-9024-f7c59bdcd9bc:c8, dcd35ce2-5653-4064-9aff-c1a2cac3fe1c:c8, 9570f0ce-31bf-44b3-921f-a36f22efea54:c8]
2019-08-30 07:39:29,255 | INFO  | SCMAudit | user=jenkins1000 | ip=192.168.34.43 | op=SEND_HEARTBEAT {datanodeUUID=dcd35ce2-5653-4064-9aff-c1a2cac3fe1c, command=[]} | ret=SUCCESS |  
2019-08-30 07:39:29,283 | INFO  | SCMAudit | user=jenkins1000 | ip=192.168.34.43 | op=SEND_HEARTBEAT {datanodeUUID=dc0e8eda-8843-49e8-9024-f7c59bdcd9bc, command=[]} | ret=SUCCESS |  
2019-08-30 07:39:29,286 | INFO  | SCMAudit | user=jenkins1000 | ip=192.168.34.43 | op=SEND_HEARTBEAT {datanodeUUID=34c5bf21-796a-477d-8f73-056dd6ef4f82, command=[]} | ret=SUCCESS |  
2019-08-30 07:39:29,286 | INFO  | SCMAudit | user=jenkins1000 | ip=192.168.34.43 | op=SEND_HEARTBEAT {datanodeUUID=9570f0ce-31bf-44b3-921f-a36f22efea54, command=[]} | ret=SUCCESS |  
2019-08-30 07:39:29,482 | INFO  | SCMAudit | user=jenkins1000 | ip=192.168.34.43 | op=SEND_HEARTBEAT {datanodeUUID=9e64560e-57c0-404b-a5e3-eb70c00d39cc, command=[]} | ret=SUCCESS |  
2019-08-30 07:39:29,756 | INFO  | SCMAudit | user=jenkins1000 | ip=192.168.34.43 | op=SEND_HEARTBEAT {datanodeUUID=722c9a0b-3ca8-46f2-9cba-02fdf2a68848, command=[]} | ret=SUCCESS |  
2019-08-30 07:39:30,085 | INFO  | SCMAudit | user=jenkins1000 | ip=192.168.34.43 | op=SEND_HEARTBEAT {datanodeUUID=3bf132e1-02b6-4168-801a-3d7ce793c0d9, command=[]} | ret=SUCCESS |  
2019-08-30 07:39:30,256 | INFO  | SCMAudit | user=jenkins1000 | ip=192.168.34.43 | op=SEND_HEARTBEAT {datanodeUUID=dcd35ce2-5653-4064-9aff-c1a2cac3fe1c, command=[]} | ret=SUCCESS |  
2019-08-30 07:39:30,283 | INFO  | SCMAudit | user=jenkins1000 | ip=192.168.34.43 | op=SEND_HEARTBEAT {datanodeUUID=dc0e8eda-8843-49e8-9024-f7c59bdcd9bc, command=[]} | ret=SUCCESS |  
2019-08-30 07:39:30,286 | INFO  | SCMAudit | user=jenkins1000 | ip=192.168.34.43 | op=SEND_HEARTBEAT {datanodeUUID=34c5bf21-796a-477d-8f73-056dd6ef4f82, command=[]} | ret=SUCCESS |  
2019-08-30 07:39:30,287 | INFO  | SCMAudit | user=jenkins1000 | ip=192.168.34.43 | op=SEND_HEARTBEAT {datanodeUUID=9570f0ce-31bf-44b3-921f-a36f22efea54, command=[]} | ret=SUCCESS |  
2019-08-30 07:39:30,482 | INFO  | SCMAudit | user=jenkins1000 | ip=192.168.34.43 | op=SEND_HEARTBEAT {datanodeUUID=9e64560e-57c0-404b-a5e3-eb70c00d39cc, command=[]} | ret=SUCCESS |  
2019-08-30 07:39:30,755 | INFO  | SCMAudit | user=jenkins1000 | ip=192.168.34.43 | op=SEND_HEARTBEAT {datanodeUUID=722c9a0b-3ca8-46f2-9cba-02fdf2a68848, command=[]} | ret=SUCCESS |  
2019-08-30 07:39:31,086 | INFO  | SCMAudit | user=jenkins1000 | ip=192.168.34.43 | op=SEND_HEARTBEAT {datanodeUUID=3bf132e1-02b6-4168-801a-3d7ce793c0d9, command=[]} | ret=SUCCESS |  
2019-08-30 07:39:31,255 | INFO  | SCMAudit | user=jenkins1000 | ip=192.168.34.43 | op=SEND_HEARTBEAT {datanodeUUID=dcd35ce2-5653-4064-9aff-c1a2cac3fe1c, command=[]} | ret=SUCCESS |  
2019-08-30 07:39:31,284 | INFO  | SCMAudit | user=jenkins1000 | ip=192.168.34.43 | op=SEND_HEARTBEAT {datanodeUUID=dc0e8eda-8843-49e8-9024-f7c59bdcd9bc, command=[]} | ret=SUCCESS |  
2019-08-30 07:39:31,286 | INFO  | SCMAudit | user=jenkins1000 | ip=192.168.34.43 | op=SEND_HEARTBEAT {datanodeUUID=34c5bf21-796a-477d-8f73-056dd6ef4f82, command=[]} | ret=SUCCESS |  
2019-08-30 07:39:31,287 | INFO  | SCMAudit | user=jenkins1000 | ip=192.168.34.43 | op=SEND_HEARTBEAT {datanodeUUID=9570f0ce-31bf-44b3-921f-a36f22efea54, command=[]} | ret=SUCCESS |  
2019-08-30 07:39:31,481 | INFO  | SCMAudit | user=jenkins1000 | ip=192.168.34.43 | op=SEND_HEARTBEAT {datanodeUUID=9e64560e-57c0-404b-a5e3-eb70c00d39cc, command=[]} | ret=SUCCESS |  
2019-08-30 07:39:31,756 | INFO  | SCMAudit | user=jenkins1000 | ip=192.168.34.43 | op=SEND_HEARTBEAT {datanodeUUID=722c9a0b-3ca8-46f2-9cba-02fdf2a68848, command=[]} | ret=SUCCESS |  
2019-08-30 07:39:32,086 | INFO  | SCMAudit | user=jenkins1000 | ip=192.168.34.43 | op=SEND_HEARTBEAT {datanodeUUID=3bf132e1-02b6-4168-801a-3d7ce793c0d9, command=[]} | ret=SUCCESS |  
2019-08-30 07:39:32,256 | INFO  | SCMAudit | user=jenkins1000 | ip=192.168.34.43 | op=SEND_HEARTBEAT {datanodeUUID=dcd35ce2-5653-4064-9aff-c1a2cac3fe1c, command=[]} | ret=SUCCESS |  
2019-08-30 07:39:32,284 | INFO  | SCMAudit | user=jenkins1000 | ip=192.168.34.43 | op=SEND_HEARTBEAT {datanodeUUID=dc0e8eda-8843-49e8-9024-f7c59bdcd9bc, command=[]} | ret=SUCCESS |  
2019-08-30 07:39:32,286 | INFO  | SCMAudit | user=jenkins1000 | ip=192.168.34.43 | op=SEND_HEARTBEAT {datanodeUUID=9570f0ce-31bf-44b3-921f-a36f22efea54, command=[]} | ret=SUCCESS |  
2019-08-30 07:39:32,286 | INFO  | SCMAudit | user=jenkins1000 | ip=192.168.34.43 | op=SEND_HEARTBEAT {datanodeUUID=34c5bf21-796a-477d-8f73-056dd6ef4f82, command=[]} | ret=SUCCESS |  
2019-08-30 07:39:32,482 | INFO  | SCMAudit | user=jenkins1000 | ip=192.168.34.43 | op=SEND_HEARTBEAT {datanodeUUID=9e64560e-57c0-404b-a5e3-eb70c00d39cc, command=[]} | ret=SUCCESS |  
2019-08-30 07:39:32,756 | INFO  | SCMAudit | user=jenkins1000 | ip=192.168.34.43 | op=SEND_HEARTBEAT {datanodeUUID=722c9a0b-3ca8-46f2-9cba-02fdf2a68848, command=[]} | ret=SUCCESS |  
2019-08-30 07:39:33,086 | INFO  | SCMAudit | user=jenkins1000 | ip=192.168.34.43 | op=SEND_HEARTBEAT {datanodeUUID=3bf132e1-02b6-4168-801a-3d7ce793c0d9, command=[]} | ret=SUCCESS |  
2019-08-30 07:39:33,256 | INFO  | SCMAudit | user=jenkins1000 | ip=192.168.34.43 | op=SEND_HEARTBEAT {datanodeUUID=dcd35ce2-5653-4064-9aff-c1a2cac3fe1c, command=[]} | ret=SUCCESS |  
2019-08-30 07:39:33,284 | INFO  | SCMAudit | user=jenkins1000 | ip=192.168.34.43 | op=SEND_HEARTBEAT {datanodeUUID=dc0e8eda-8843-49e8-9024-f7c59bdcd9bc, command=[]} | ret=SUCCESS |  
2019-08-30 07:39:33,286 | INFO  | SCMAudit | user=jenkins1000 | ip=192.168.34.43 | op=SEND_HEARTBEAT {datanodeUUID=34c5bf21-796a-477d-8f73-056dd6ef4f82, command=[]} | ret=SUCCESS |  
2019-08-30 07:39:33,287 | INFO  | SCMAudit | user=jenkins1000 | ip=192.168.34.43 | op=SEND_HEARTBEAT {datanodeUUID=9570f0ce-31bf-44b3-921f-a36f22efea54, command=[]} | ret=SUCCESS |  
2019-08-30 07:39:33,482 | INFO  | SCMAudit | user=jenkins1000 | ip=192.168.34.43 | op=SEND_HEARTBEAT {datanodeUUID=9e64560e-57c0-404b-a5e3-eb70c00d39cc, command=[]} | ret=SUCCESS |  
2019-08-30 07:39:33,756 | INFO  | SCMAudit | user=jenkins1000 | ip=192.168.34.43 | op=SEND_HEARTBEAT {datanodeUUID=722c9a0b-3ca8-46f2-9cba-02fdf2a68848, command=[]} | ret=SUCCESS |  
2019-08-30 07:39:34,087 | INFO  | SCMAudit | user=jenkins1000 | ip=192.168.34.43 | op=SEND_HEARTBEAT {datanodeUUID=3bf132e1-02b6-4168-801a-3d7ce793c0d9, command=[]} | ret=SUCCESS |  
2019-08-30 07:39:34,245 [grpc-default-executor-3] INFO  client.GrpcClientProtocolClient (GrpcClientProtocolClient.java:onNext(255)) - client-8ACC3CA93160->dc0e8eda-8843-49e8-9024-f7c59bdcd9bc: receive RaftClientReply:client-8ACC3CA93160->dc0e8eda-8843-49e8-9024-f7c59bdcd9bc@group-CB9C606E82CE, cid=45, FAILED org.apache.ratis.protocol.NotLeaderException: Server dc0e8eda-8843-49e8-9024-f7c59bdcd9bc is not the leader (dcd35ce2-5653-4064-9aff-c1a2cac3fe1c:192.168.34.43:41594). Request must be sent to leader., logIndex=0, commits[dc0e8eda-8843-49e8-9024-f7c59bdcd9bc:c8, dcd35ce2-5653-4064-9aff-c1a2cac3fe1c:c8, 9570f0ce-31bf-44b3-921f-a36f22efea54:c8]
2019-08-30 07:39:34,255 | INFO  | SCMAudit | user=jenkins1000 | ip=192.168.34.43 | op=SEND_HEARTBEAT {datanodeUUID=dcd35ce2-5653-4064-9aff-c1a2cac3fe1c, command=[]} | ret=SUCCESS |  
2019-08-30 07:39:34,283 | INFO  | SCMAudit | user=jenkins1000 | ip=192.168.34.43 | op=SEND_HEARTBEAT {datanodeUUID=dc0e8eda-8843-49e8-9024-f7c59bdcd9bc, command=[]} | ret=SUCCESS |  
2019-08-30 07:39:34,286 | INFO  | SCMAudit | user=jenkins1000 | ip=192.168.34.43 | op=SEND_HEARTBEAT {datanodeUUID=34c5bf21-796a-477d-8f73-056dd6ef4f82, command=[]} | ret=SUCCESS |  
2019-08-30 07:39:34,288 | INFO  | SCMAudit | user=jenkins1000 | ip=192.168.34.43 | op=SEND_HEARTBEAT {datanodeUUID=9570f0ce-31bf-44b3-921f-a36f22efea54, command=[]} | ret=SUCCESS |  
2019-08-30 07:39:34,483 | INFO  | SCMAudit | user=jenkins1000 | ip=192.168.34.43 | op=SEND_HEARTBEAT {datanodeUUID=9e64560e-57c0-404b-a5e3-eb70c00d39cc, command=[]} | ret=SUCCESS |  
2019-08-30 07:39:34,757 | INFO  | SCMAudit | user=jenkins1000 | ip=192.168.34.43 | op=SEND_HEARTBEAT {datanodeUUID=722c9a0b-3ca8-46f2-9cba-02fdf2a68848, command=[]} | ret=SUCCESS |  
2019-08-30 07:39:35,087 | INFO  | SCMAudit | user=jenkins1000 | ip=192.168.34.43 | op=SEND_HEARTBEAT {datanodeUUID=3bf132e1-02b6-4168-801a-3d7ce793c0d9, command=[]} | ret=SUCCESS |  
2019-08-30 07:39:35,257 | INFO  | SCMAudit | user=jenkins1000 | ip=192.168.34.43 | op=SEND_HEARTBEAT {datanodeUUID=dcd35ce2-5653-4064-9aff-c1a2cac3fe1c, command=[]} | ret=SUCCESS |  
2019-08-30 07:39:35,283 | INFO  | SCMAudit | user=jenkins1000 | ip=192.168.34.43 | op=SEND_HEARTBEAT {datanodeUUID=dc0e8eda-8843-49e8-9024-f7c59bdcd9bc, command=[]} | ret=SUCCESS |  
2019-08-30 07:39:35,286 | INFO  | SCMAudit | user=jenkins1000 | ip=192.168.34.43 | op=SEND_HEARTBEAT {datanodeUUID=34c5bf21-796a-477d-8f73-056dd6ef4f82, command=[]} | ret=SUCCESS |  
2019-08-30 07:39:35,288 | INFO  | SCMAudit | user=jenkins1000 | ip=192.168.34.43 | op=SEND_HEARTBEAT {datanodeUUID=9570f0ce-31bf-44b3-921f-a36f22efea54, command=[]} | ret=SUCCESS |  
2019-08-30 07:39:35,483 | INFO  | SCMAudit | user=jenkins1000 | ip=192.168.34.43 | op=SEND_HEARTBEAT {datanodeUUID=9e64560e-57c0-404b-a5e3-eb70c00d39cc, command=[]} | ret=SUCCESS |  
2019-08-30 07:39:35,756 | INFO  | SCMAudit | user=jenkins1000 | ip=192.168.34.43 | op=SEND_HEARTBEAT {datanodeUUID=722c9a0b-3ca8-46f2-9cba-02fdf2a68848, command=[]} | ret=SUCCESS |  
2019-08-30 07:39:36,087 | INFO  | SCMAudit | user=jenkins1000 | ip=192.168.34.43 | op=SEND_HEARTBEAT {datanodeUUID=3bf132e1-02b6-4168-801a-3d7ce793c0d9, command=[]} | ret=SUCCESS |  
2019-08-30 07:39:36,257 | INFO  | SCMAudit | user=jenkins1000 | ip=192.168.34.43 | op=SEND_HEARTBEAT {datanodeUUID=dcd35ce2-5653-4064-9aff-c1a2cac3fe1c, command=[]} | ret=SUCCESS |  
2019-08-30 07:39:36,284 | INFO  | SCMAudit | user=jenkins1000 | ip=192.168.34.43 | op=SEND_HEARTBEAT {datanodeUUID=dc0e8eda-8843-49e8-9024-f7c59bdcd9bc, command=[]} | ret=SUCCESS |  
2019-08-30 07:39:36,286 | INFO  | SCMAudit | user=jenkins1000 | ip=192.168.34.43 | op=SEND_HEARTBEAT {datanodeUUID=34c5bf21-796a-477d-8f73-056dd6ef4f82, command=[]} | ret=SUCCESS |  
2019-08-30 07:39:36,288 | INFO  | SCMAudit | user=jenkins1000 | ip=192.168.34.43 | op=SEND_HEARTBEAT {datanodeUUID=9570f0ce-31bf-44b3-921f-a36f22efea54, command=[]} | ret=SUCCESS |  
2019-08-30 07:39:36,483 | INFO  | SCMAudit | user=jenkins1000 | ip=192.168.34.43 | op=SEND_HEARTBEAT {datanodeUUID=9e64560e-57c0-404b-a5e3-eb70c00d39cc, command=[]} | ret=SUCCESS |  
2019-08-30 07:39:36,757 | INFO  | SCMAudit | user=jenkins1000 | ip=192.168.34.43 | op=SEND_HEARTBEAT {datanodeUUID=722c9a0b-3ca8-46f2-9cba-02fdf2a68848, command=[]} | ret=SUCCESS |  
2019-08-30 07:39:37,088 | INFO  | SCMAudit | user=jenkins1000 | ip=192.168.34.43 | op=SEND_HEARTBEAT {datanodeUUID=3bf132e1-02b6-4168-801a-3d7ce793c0d9, command=[]} | ret=SUCCESS |  
2019-08-30 07:39:37,258 | INFO  | SCMAudit | user=jenkins1000 | ip=192.168.34.43 | op=SEND_HEARTBEAT {datanodeUUID=dcd35ce2-5653-4064-9aff-c1a2cac3fe1c, command=[]} | ret=SUCCESS |  
2019-08-30 07:39:37,284 | INFO  | SCMAudit | user=jenkins1000 | ip=192.168.34.43 | op=SEND_HEARTBEAT {datanodeUUID=dc0e8eda-8843-49e8-9024-f7c59bdcd9bc, command=[]} | ret=SUCCESS |  
2019-08-30 07:39:37,286 | INFO  | SCMAudit | user=jenkins1000 | ip=192.168.34.43 | op=SEND_HEARTBEAT {datanodeUUID=34c5bf21-796a-477d-8f73-056dd6ef4f82, command=[]} | ret=SUCCESS |  
2019-08-30 07:39:37,288 | INFO  | SCMAudit | user=jenkins1000 | ip=192.168.34.43 | op=SEND_HEARTBEAT {datanodeUUID=9570f0ce-31bf-44b3-921f-a36f22efea54, command=[]} | ret=SUCCESS |  
2019-08-30 07:39:37,483 | INFO  | SCMAudit | user=jenkins1000 | ip=192.168.34.43 | op=SEND_HEARTBEAT {datanodeUUID=9e64560e-57c0-404b-a5e3-eb70c00d39cc, command=[]} | ret=SUCCESS |  
2019-08-30 07:39:37,757 | INFO  | SCMAudit | user=jenkins1000 | ip=192.168.34.43 | op=SEND_HEARTBEAT {datanodeUUID=722c9a0b-3ca8-46f2-9cba-02fdf2a68848, command=[]} | ret=SUCCESS |  
2019-08-30 07:39:38,088 | INFO  | SCMAudit | user=jenkins1000 | ip=192.168.34.43 | op=SEND_HEARTBEAT {datanodeUUID=3bf132e1-02b6-4168-801a-3d7ce793c0d9, command=[]} | ret=SUCCESS |  
2019-08-30 07:39:38,261 | INFO  | SCMAudit | user=jenkins1000 | ip=192.168.34.43 | op=SEND_HEARTBEAT {datanodeUUID=dcd35ce2-5653-4064-9aff-c1a2cac3fe1c, command=[]} | ret=SUCCESS |  
2019-08-30 07:39:38,285 | INFO  | SCMAudit | user=jenkins1000 | ip=192.168.34.43 | op=SEND_HEARTBEAT {datanodeUUID=dc0e8eda-8843-49e8-9024-f7c59bdcd9bc, command=[]} | ret=SUCCESS |  
2019-08-30 07:39:38,286 | INFO  | SCMAudit | user=jenkins1000 | ip=192.168.34.43 | op=SEND_HEARTBEAT {datanodeUUID=34c5bf21-796a-477d-8f73-056dd6ef4f82, command=[]} | ret=SUCCESS |  
2019-08-30 07:39:38,289 | INFO  | SCMAudit | user=jenkins1000 | ip=192.168.34.43 | op=SEND_HEARTBEAT {datanodeUUID=9570f0ce-31bf-44b3-921f-a36f22efea54, command=[]} | ret=SUCCESS |  
2019-08-30 07:39:38,482 | INFO  | SCMAudit | user=jenkins1000 | ip=192.168.34.43 | op=SEND_HEARTBEAT {datanodeUUID=9e64560e-57c0-404b-a5e3-eb70c00d39cc, command=[]} | ret=SUCCESS |  
2019-08-30 07:39:38,756 | INFO  | SCMAudit | user=jenkins1000 | ip=192.168.34.43 | op=SEND_HEARTBEAT {datanodeUUID=722c9a0b-3ca8-46f2-9cba-02fdf2a68848, command=[]} | ret=SUCCESS |  
2019-08-30 07:39:39,087 | INFO  | SCMAudit | user=jenkins1000 | ip=192.168.34.43 | op=SEND_HEARTBEAT {datanodeUUID=3bf132e1-02b6-4168-801a-3d7ce793c0d9, command=[]} | ret=SUCCESS |  
2019-08-30 07:39:39,258 | INFO  | SCMAudit | user=jenkins1000 | ip=192.168.34.43 | op=SEND_HEARTBEAT {datanodeUUID=dcd35ce2-5653-4064-9aff-c1a2cac3fe1c, command=[]} | ret=SUCCESS |  
2019-08-30 07:39:39,278 [grpc-default-executor-1] INFO  client.GrpcClientProtocolClient (GrpcClientProtocolClient.java:onNext(255)) - client-8ACC3CA93160->9570f0ce-31bf-44b3-921f-a36f22efea54: receive RaftClientReply:client-8ACC3CA93160->9570f0ce-31bf-44b3-921f-a36f22efea54@group-CB9C606E82CE, cid=45, FAILED org.apache.ratis.protocol.NotLeaderException: Server 9570f0ce-31bf-44b3-921f-a36f22efea54 is not the leader (dcd35ce2-5653-4064-9aff-c1a2cac3fe1c:192.168.34.43:41594). Request must be sent to leader., logIndex=0, commits[9570f0ce-31bf-44b3-921f-a36f22efea54:c8, dc0e8eda-8843-49e8-9024-f7c59bdcd9bc:c8, dcd35ce2-5653-4064-9aff-c1a2cac3fe1c:c8]
2019-08-30 07:39:39,288 | INFO  | SCMAudit | user=jenkins1000 | ip=192.168.34.43 | op=SEND_HEARTBEAT {datanodeUUID=34c5bf21-796a-477d-8f73-056dd6ef4f82, command=[]} | ret=SUCCESS |  
2019-08-30 07:39:39,288 | INFO  | SCMAudit | user=jenkins1000 | ip=192.168.34.43 | op=SEND_HEARTBEAT {datanodeUUID=dc0e8eda-8843-49e8-9024-f7c59bdcd9bc, command=[]} | ret=SUCCESS |  
2019-08-30 07:39:39,289 | INFO  | SCMAudit | user=jenkins1000 | ip=192.168.34.43 | op=SEND_HEARTBEAT {datanodeUUID=9570f0ce-31bf-44b3-921f-a36f22efea54, command=[]} | ret=SUCCESS |  
2019-08-30 07:39:39,483 | INFO  | SCMAudit | user=jenkins1000 | ip=192.168.34.43 | op=SEND_HEARTBEAT {datanodeUUID=9e64560e-57c0-404b-a5e3-eb70c00d39cc, command=[]} | ret=SUCCESS |  
2019-08-30 07:39:39,757 | INFO  | SCMAudit | user=jenkins1000 | ip=192.168.34.43 | op=SEND_HEARTBEAT {datanodeUUID=722c9a0b-3ca8-46f2-9cba-02fdf2a68848, command=[]} | ret=SUCCESS |  
2019-08-30 07:39:40,088 | INFO  | SCMAudit | user=jenkins1000 | ip=192.168.34.43 | op=SEND_HEARTBEAT {datanodeUUID=3bf132e1-02b6-4168-801a-3d7ce793c0d9, command=[]} | ret=SUCCESS |  
2019-08-30 07:39:40,259 | INFO  | SCMAudit | user=jenkins1000 | ip=192.168.34.43 | op=SEND_HEARTBEAT {datanodeUUID=dcd35ce2-5653-4064-9aff-c1a2cac3fe1c, command=[]} | ret=SUCCESS |  
2019-08-30 07:39:40,286 | INFO  | SCMAudit | user=jenkins1000 | ip=192.168.34.43 | op=SEND_HEARTBEAT {datanodeUUID=dc0e8eda-8843-49e8-9024-f7c59bdcd9bc, command=[]} | ret=SUCCESS |  
2019-08-30 07:39:40,290 | INFO  | SCMAudit | user=jenkins1000 | ip=192.168.34.43 | op=SEND_HEARTBEAT {datanodeUUID=9570f0ce-31bf-44b3-921f-a36f22efea54, command=[]} | ret=SUCCESS |  
2019-08-30 07:39:40,290 | INFO  | SCMAudit | user=jenkins1000 | ip=192.168.34.43 | op=SEND_HEARTBEAT {datanodeUUID=34c5bf21-796a-477d-8f73-056dd6ef4f82, command=[]} | ret=SUCCESS |  
2019-08-30 07:39:40,483 | INFO  | SCMAudit | user=jenkins1000 | ip=192.168.34.43 | op=SEND_HEARTBEAT {datanodeUUID=9e64560e-57c0-404b-a5e3-eb70c00d39cc, command=[]} | ret=SUCCESS |  
2019-08-30 07:39:40,756 | INFO  | SCMAudit | user=jenkins1000 | ip=192.168.34.43 | op=SEND_HEARTBEAT {datanodeUUID=722c9a0b-3ca8-46f2-9cba-02fdf2a68848, command=[]} | ret=SUCCESS |  
2019-08-30 07:39:41,087 | INFO  | SCMAudit | user=jenkins1000 | ip=192.168.34.43 | op=SEND_HEARTBEAT {datanodeUUID=3bf132e1-02b6-4168-801a-3d7ce793c0d9, command=[]} | ret=SUCCESS |  
2019-08-30 07:39:41,259 | INFO  | SCMAudit | user=jenkins1000 | ip=192.168.34.43 | op=SEND_HEARTBEAT {datanodeUUID=dcd35ce2-5653-4064-9aff-c1a2cac3fe1c, command=[]} | ret=SUCCESS |  
2019-08-30 07:39:41,286 | INFO  | SCMAudit | user=jenkins1000 | ip=192.168.34.43 | op=SEND_HEARTBEAT {datanodeUUID=dc0e8eda-8843-49e8-9024-f7c59bdcd9bc, command=[]} | ret=SUCCESS |  
2019-08-30 07:39:41,291 | INFO  | SCMAudit | user=jenkins1000 | ip=192.168.34.43 | op=SEND_HEARTBEAT {datanodeUUID=9570f0ce-31bf-44b3-921f-a36f22efea54, command=[]} | ret=SUCCESS |  
2019-08-30 07:39:41,291 | INFO  | SCMAudit | user=jenkins1000 | ip=192.168.34.43 | op=SEND_HEARTBEAT {datanodeUUID=34c5bf21-796a-477d-8f73-056dd6ef4f82, command=[]} | ret=SUCCESS |  
2019-08-30 07:39:41,483 | INFO  | SCMAudit | user=jenkins1000 | ip=192.168.34.43 | op=SEND_HEARTBEAT {datanodeUUID=9e64560e-57c0-404b-a5e3-eb70c00d39cc, command=[]} | ret=SUCCESS |  
2019-08-30 07:39:41,756 | INFO  | SCMAudit | user=jenkins1000 | ip=192.168.34.43 | op=SEND_HEARTBEAT {datanodeUUID=722c9a0b-3ca8-46f2-9cba-02fdf2a68848, command=[]} | ret=SUCCESS |  
2019-08-30 07:39:42,088 | INFO  | SCMAudit | user=jenkins1000 | ip=192.168.34.43 | op=SEND_HEARTBEAT {datanodeUUID=3bf132e1-02b6-4168-801a-3d7ce793c0d9, command=[]} | ret=SUCCESS |  
2019-08-30 07:39:42,259 | INFO  | SCMAudit | user=jenkins1000 | ip=192.168.34.43 | op=SEND_HEARTBEAT {datanodeUUID=dcd35ce2-5653-4064-9aff-c1a2cac3fe1c, command=[]} | ret=SUCCESS |  
2019-08-30 07:39:42,287 | INFO  | SCMAudit | user=jenkins1000 | ip=192.168.34.43 | op=SEND_HEARTBEAT {datanodeUUID=dc0e8eda-8843-49e8-9024-f7c59bdcd9bc, command=[]} | ret=SUCCESS |  
2019-08-30 07:39:42,293 | INFO  | SCMAudit | user=jenkins1000 | ip=192.168.34.43 | op=SEND_HEARTBEAT {datanodeUUID=9570f0ce-31bf-44b3-921f-a36f22efea54, command=[]} | ret=SUCCESS |  
2019-08-30 07:39:42,293 | INFO  | SCMAudit | user=jenkins1000 | ip=192.168.34.43 | op=SEND_HEARTBEAT {datanodeUUID=34c5bf21-796a-477d-8f73-056dd6ef4f82, command=[]} | ret=SUCCESS |  
2019-08-30 07:39:42,483 | INFO  | SCMAudit | user=jenkins1000 | ip=192.168.34.43 | op=SEND_HEARTBEAT {datanodeUUID=9e64560e-57c0-404b-a5e3-eb70c00d39cc, command=[]} | ret=SUCCESS |  
2019-08-30 07:39:42,757 | INFO  | SCMAudit | user=jenkins1000 | ip=192.168.34.43 | op=SEND_HEARTBEAT {datanodeUUID=722c9a0b-3ca8-46f2-9cba-02fdf2a68848, command=[]} | ret=SUCCESS |  
2019-08-30 07:39:43,088 | INFO  | SCMAudit | user=jenkins1000 | ip=192.168.34.43 | op=SEND_HEARTBEAT {datanodeUUID=3bf132e1-02b6-4168-801a-3d7ce793c0d9, command=[]} | ret=SUCCESS |  
2019-08-30 07:39:43,259 | INFO  | SCMAudit | user=jenkins1000 | ip=192.168.34.43 | op=SEND_HEARTBEAT {datanodeUUID=dcd35ce2-5653-4064-9aff-c1a2cac3fe1c, command=[]} | ret=SUCCESS |  
2019-08-30 07:39:43,287 | INFO  | SCMAudit | user=jenkins1000 | ip=192.168.34.43 | op=SEND_HEARTBEAT {datanodeUUID=dc0e8eda-8843-49e8-9024-f7c59bdcd9bc, command=[]} | ret=SUCCESS |  
2019-08-30 07:39:43,295 | INFO  | SCMAudit | user=jenkins1000 | ip=192.168.34.43 | op=SEND_HEARTBEAT {datanodeUUID=9570f0ce-31bf-44b3-921f-a36f22efea54, command=[]} | ret=SUCCESS |  
2019-08-30 07:39:43,295 | INFO  | SCMAudit | user=jenkins1000 | ip=192.168.34.43 | op=SEND_HEARTBEAT {datanodeUUID=34c5bf21-796a-477d-8f73-056dd6ef4f82, command=[]} | ret=SUCCESS |  
2019-08-30 07:39:43,484 | INFO  | SCMAudit | user=jenkins1000 | ip=192.168.34.43 | op=SEND_HEARTBEAT {datanodeUUID=9e64560e-57c0-404b-a5e3-eb70c00d39cc, command=[]} | ret=SUCCESS |  
2019-08-30 07:39:43,757 | INFO  | SCMAudit | user=jenkins1000 | ip=192.168.34.43 | op=SEND_HEARTBEAT {datanodeUUID=722c9a0b-3ca8-46f2-9cba-02fdf2a68848, command=[]} | ret=SUCCESS |  
2019-08-30 07:39:44,089 | INFO  | SCMAudit | user=jenkins1000 | ip=192.168.34.43 | op=SEND_HEARTBEAT {datanodeUUID=3bf132e1-02b6-4168-801a-3d7ce793c0d9, command=[]} | ret=SUCCESS |  
2019-08-30 07:39:44,260 | INFO  | SCMAudit | user=jenkins1000 | ip=192.168.34.43 | op=SEND_HEARTBEAT {datanodeUUID=dcd35ce2-5653-4064-9aff-c1a2cac3fe1c, command=[]} | ret=SUCCESS |  
2019-08-30 07:39:44,287 | INFO  | SCMAudit | user=jenkins1000 | ip=192.168.34.43 | op=SEND_HEARTBEAT {datanodeUUID=dc0e8eda-8843-49e8-9024-f7c59bdcd9bc, command=[]} | ret=SUCCESS |  
2019-08-30 07:39:44,295 | INFO  | SCMAudit | user=jenkins1000 | ip=192.168.34.43 | op=SEND_HEARTBEAT {datanodeUUID=9570f0ce-31bf-44b3-921f-a36f22efea54, command=[]} | ret=SUCCESS |  
2019-08-30 07:39:44,295 | INFO  | SCMAudit | user=jenkins1000 | ip=192.168.34.43 | op=SEND_HEARTBEAT {datanodeUUID=34c5bf21-796a-477d-8f73-056dd6ef4f82, command=[]} | ret=SUCCESS |  
2019-08-30 07:39:44,313 [grpc-default-executor-3] INFO  client.GrpcClientProtocolClient (GrpcClientProtocolClient.java:onNext(255)) - client-8ACC3CA93160->9570f0ce-31bf-44b3-921f-a36f22efea54: receive RaftClientReply:client-8ACC3CA93160->9570f0ce-31bf-44b3-921f-a36f22efea54@group-CB9C606E82CE, cid=45, FAILED org.apache.ratis.protocol.NotLeaderException: Server 9570f0ce-31bf-44b3-921f-a36f22efea54 is not the leader (dcd35ce2-5653-4064-9aff-c1a2cac3fe1c:192.168.34.43:41594). Request must be sent to leader., logIndex=0, commits[9570f0ce-31bf-44b3-921f-a36f22efea54:c8, dc0e8eda-8843-49e8-9024-f7c59bdcd9bc:c8, dcd35ce2-5653-4064-9aff-c1a2cac3fe1c:c8]
2019-08-30 07:39:44,484 | INFO  | SCMAudit | user=jenkins1000 | ip=192.168.34.43 | op=SEND_HEARTBEAT {datanodeUUID=9e64560e-57c0-404b-a5e3-eb70c00d39cc, command=[]} | ret=SUCCESS |  
2019-08-30 07:39:44,757 | INFO  | SCMAudit | user=jenkins1000 | ip=192.168.34.43 | op=SEND_HEARTBEAT {datanodeUUID=722c9a0b-3ca8-46f2-9cba-02fdf2a68848, command=[]} | ret=SUCCESS |  
2019-08-30 07:39:45,088 | INFO  | SCMAudit | user=jenkins1000 | ip=192.168.34.43 | op=SEND_HEARTBEAT {datanodeUUID=3bf132e1-02b6-4168-801a-3d7ce793c0d9, command=[]} | ret=SUCCESS |  
2019-08-30 07:39:45,259 | INFO  | SCMAudit | user=jenkins1000 | ip=192.168.34.43 | op=SEND_HEARTBEAT {datanodeUUID=dcd35ce2-5653-4064-9aff-c1a2cac3fe1c, command=[]} | ret=SUCCESS |  
2019-08-30 07:39:45,287 | INFO  | SCMAudit | user=jenkins1000 | ip=192.168.34.43 | op=SEND_HEARTBEAT {datanodeUUID=dc0e8eda-8843-49e8-9024-f7c59bdcd9bc, command=[]} | ret=SUCCESS |  
2019-08-30 07:39:45,295 | INFO  | SCMAudit | user=jenkins1000 | ip=192.168.34.43 | op=SEND_HEARTBEAT {datanodeUUID=9570f0ce-31bf-44b3-921f-a36f22efea54, command=[]} | ret=SUCCESS |  
2019-08-30 07:39:45,295 | INFO  | SCMAudit | user=jenkins1000 | ip=192.168.34.43 | op=SEND_HEARTBEAT {datanodeUUID=34c5bf21-796a-477d-8f73-056dd6ef4f82, command=[]} | ret=SUCCESS |  
2019-08-30 07:39:45,484 | INFO  | SCMAudit | user=jenkins1000 | ip=192.168.34.43 | op=SEND_HEARTBEAT {datanodeUUID=9e64560e-57c0-404b-a5e3-eb70c00d39cc, command=[]} | ret=SUCCESS |  
2019-08-30 07:39:45,758 | INFO  | SCMAudit | user=jenkins1000 | ip=192.168.34.43 | op=SEND_HEARTBEAT {datanodeUUID=722c9a0b-3ca8-46f2-9cba-02fdf2a68848, command=[]} | ret=SUCCESS |  
2019-08-30 07:39:46,089 | INFO  | SCMAudit | user=jenkins1000 | ip=192.168.34.43 | op=SEND_HEARTBEAT {datanodeUUID=3bf132e1-02b6-4168-801a-3d7ce793c0d9, command=[]} | ret=SUCCESS |  
2019-08-30 07:39:46,260 | INFO  | SCMAudit | user=jenkins1000 | ip=192.168.34.43 | op=SEND_HEARTBEAT {datanodeUUID=dcd35ce2-5653-4064-9aff-c1a2cac3fe1c, command=[]} | ret=SUCCESS |  
2019-08-30 07:39:46,287 | INFO  | SCMAudit | user=jenkins1000 | ip=192.168.34.43 | op=SEND_HEARTBEAT {datanodeUUID=dc0e8eda-8843-49e8-9024-f7c59bdcd9bc, command=[]} | ret=SUCCESS |  
2019-08-30 07:39:46,295 | INFO  | SCMAudit | user=jenkins1000 | ip=192.168.34.43 | op=SEND_HEARTBEAT {datanodeUUID=9570f0ce-31bf-44b3-921f-a36f22efea54, command=[]} | ret=SUCCESS |  
2019-08-30 07:39:46,295 | INFO  | SCMAudit | user=jenkins1000 | ip=192.168.34.43 | op=SEND_HEARTBEAT {datanodeUUID=34c5bf21-796a-477d-8f73-056dd6ef4f82, command=[]} | ret=SUCCESS |  
2019-08-30 07:39:46,485 | INFO  | SCMAudit | user=jenkins1000 | ip=192.168.34.43 | op=SEND_HEARTBEAT {datanodeUUID=9e64560e-57c0-404b-a5e3-eb70c00d39cc, command=[]} | ret=SUCCESS |  
2019-08-30 07:39:46,757 | INFO  | SCMAudit | user=jenkins1000 | ip=192.168.34.43 | op=SEND_HEARTBEAT {datanodeUUID=722c9a0b-3ca8-46f2-9cba-02fdf2a68848, command=[]} | ret=SUCCESS |  
2019-08-30 07:39:47,089 | INFO  | SCMAudit | user=jenkins1000 | ip=192.168.34.43 | op=SEND_HEARTBEAT {datanodeUUID=3bf132e1-02b6-4168-801a-3d7ce793c0d9, command=[]} | ret=SUCCESS |  
2019-08-30 07:39:47,259 | INFO  | SCMAudit | user=jenkins1000 | ip=192.168.34.43 | op=SEND_HEARTBEAT {datanodeUUID=dcd35ce2-5653-4064-9aff-c1a2cac3fe1c, command=[]} | ret=SUCCESS |  
2019-08-30 07:39:47,287 | INFO  | SCMAudit | user=jenkins1000 | ip=192.168.34.43 | op=SEND_HEARTBEAT {datanodeUUID=dc0e8eda-8843-49e8-9024-f7c59bdcd9bc, command=[]} | ret=SUCCESS |  
2019-08-30 07:39:47,295 | INFO  | SCMAudit | user=jenkins1000 | ip=192.168.34.43 | op=SEND_HEARTBEAT {datanodeUUID=34c5bf21-796a-477d-8f73-056dd6ef4f82, command=[]} | ret=SUCCESS |  
2019-08-30 07:39:47,295 | INFO  | SCMAudit | user=jenkins1000 | ip=192.168.34.43 | op=SEND_HEARTBEAT {datanodeUUID=9570f0ce-31bf-44b3-921f-a36f22efea54, command=[]} | ret=SUCCESS |  
2019-08-30 07:39:47,485 | INFO  | SCMAudit | user=jenkins1000 | ip=192.168.34.43 | op=SEND_HEARTBEAT {datanodeUUID=9e64560e-57c0-404b-a5e3-eb70c00d39cc, command=[]} | ret=SUCCESS |  
2019-08-30 07:39:47,758 | INFO  | SCMAudit | user=jenkins1000 | ip=192.168.34.43 | op=SEND_HEARTBEAT {datanodeUUID=722c9a0b-3ca8-46f2-9cba-02fdf2a68848, command=[]} | ret=SUCCESS |  
2019-08-30 07:39:48,090 | INFO  | SCMAudit | user=jenkins1000 | ip=192.168.34.43 | op=SEND_HEARTBEAT {datanodeUUID=3bf132e1-02b6-4168-801a-3d7ce793c0d9, command=[]} | ret=SUCCESS |  
2019-08-30 07:39:48,259 | INFO  | SCMAudit | user=jenkins1000 | ip=192.168.34.43 | op=SEND_HEARTBEAT {datanodeUUID=dcd35ce2-5653-4064-9aff-c1a2cac3fe1c, command=[]} | ret=SUCCESS |  
2019-08-30 07:39:48,287 | INFO  | SCMAudit | user=jenkins1000 | ip=192.168.34.43 | op=SEND_HEARTBEAT {datanodeUUID=dc0e8eda-8843-49e8-9024-f7c59bdcd9bc, command=[]} | ret=SUCCESS |  
2019-08-30 07:39:48,295 | INFO  | SCMAudit | user=jenkins1000 | ip=192.168.34.43 | op=SEND_HEARTBEAT {datanodeUUID=34c5bf21-796a-477d-8f73-056dd6ef4f82, command=[]} | ret=SUCCESS |  
2019-08-30 07:39:48,295 | INFO  | SCMAudit | user=jenkins1000 | ip=192.168.34.43 | op=SEND_HEARTBEAT {datanodeUUID=9570f0ce-31bf-44b3-921f-a36f22efea54, command=[]} | ret=SUCCESS |  
2019-08-30 07:39:48,485 | INFO  | SCMAudit | user=jenkins1000 | ip=192.168.34.43 | op=SEND_HEARTBEAT {datanodeUUID=9e64560e-57c0-404b-a5e3-eb70c00d39cc, command=[]} | ret=SUCCESS |  
2019-08-30 07:39:48,758 | INFO  | SCMAudit | user=jenkins1000 | ip=192.168.34.43 | op=SEND_HEARTBEAT {datanodeUUID=722c9a0b-3ca8-46f2-9cba-02fdf2a68848, command=[]} | ret=SUCCESS |  
2019-08-30 07:39:49,089 | INFO  | SCMAudit | user=jenkins1000 | ip=192.168.34.43 | op=SEND_HEARTBEAT {datanodeUUID=3bf132e1-02b6-4168-801a-3d7ce793c0d9, command=[]} | ret=SUCCESS |  
2019-08-30 07:39:49,260 | INFO  | SCMAudit | user=jenkins1000 | ip=192.168.34.43 | op=SEND_HEARTBEAT {datanodeUUID=dcd35ce2-5653-4064-9aff-c1a2cac3fe1c, command=[]} | ret=SUCCESS |  
2019-08-30 07:39:49,287 | INFO  | SCMAudit | user=jenkins1000 | ip=192.168.34.43 | op=SEND_HEARTBEAT {datanodeUUID=dc0e8eda-8843-49e8-9024-f7c59bdcd9bc, command=[]} | ret=SUCCESS |  
2019-08-30 07:39:49,295 | INFO  | SCMAudit | user=jenkins1000 | ip=192.168.34.43 | op=SEND_HEARTBEAT {datanodeUUID=34c5bf21-796a-477d-8f73-056dd6ef4f82, command=[]} | ret=SUCCESS |  
2019-08-30 07:39:49,295 | INFO  | SCMAudit | user=jenkins1000 | ip=192.168.34.43 | op=SEND_HEARTBEAT {datanodeUUID=9570f0ce-31bf-44b3-921f-a36f22efea54, command=[]} | ret=SUCCESS |  
2019-08-30 07:39:49,348 [grpc-default-executor-3] INFO  client.GrpcClientProtocolClient (GrpcClientProtocolClient.java:onNext(255)) - client-8ACC3CA93160->dc0e8eda-8843-49e8-9024-f7c59bdcd9bc: receive RaftClientReply:client-8ACC3CA93160->dc0e8eda-8843-49e8-9024-f7c59bdcd9bc@group-CB9C606E82CE, cid=45, FAILED org.apache.ratis.protocol.NotLeaderException: Server dc0e8eda-8843-49e8-9024-f7c59bdcd9bc is not the leader (dcd35ce2-5653-4064-9aff-c1a2cac3fe1c:192.168.34.43:41594). Request must be sent to leader., logIndex=0, commits[dc0e8eda-8843-49e8-9024-f7c59bdcd9bc:c8, dcd35ce2-5653-4064-9aff-c1a2cac3fe1c:c8, 9570f0ce-31bf-44b3-921f-a36f22efea54:c8]
2019-08-30 07:39:49,486 | INFO  | SCMAudit | user=jenkins1000 | ip=192.168.34.43 | op=SEND_HEARTBEAT {datanodeUUID=9e64560e-57c0-404b-a5e3-eb70c00d39cc, command=[]} | ret=SUCCESS |  
2019-08-30 07:39:49,757 | INFO  | SCMAudit | user=jenkins1000 | ip=192.168.34.43 | op=SEND_HEARTBEAT {datanodeUUID=722c9a0b-3ca8-46f2-9cba-02fdf2a68848, command=[]} | ret=SUCCESS |  
2019-08-30 07:39:50,090 | INFO  | SCMAudit | user=jenkins1000 | ip=192.168.34.43 | op=SEND_HEARTBEAT {datanodeUUID=3bf132e1-02b6-4168-801a-3d7ce793c0d9, command=[]} | ret=SUCCESS |  
2019-08-30 07:39:50,260 | INFO  | SCMAudit | user=jenkins1000 | ip=192.168.34.43 | op=SEND_HEARTBEAT {datanodeUUID=dcd35ce2-5653-4064-9aff-c1a2cac3fe1c, command=[]} | ret=SUCCESS |  
2019-08-30 07:39:50,288 | INFO  | SCMAudit | user=jenkins1000 | ip=192.168.34.43 | op=SEND_HEARTBEAT {datanodeUUID=dc0e8eda-8843-49e8-9024-f7c59bdcd9bc, command=[]} | ret=SUCCESS |  
2019-08-30 07:39:50,295 | INFO  | SCMAudit | user=jenkins1000 | ip=192.168.34.43 | op=SEND_HEARTBEAT {datanodeUUID=34c5bf21-796a-477d-8f73-056dd6ef4f82, command=[]} | ret=SUCCESS |  
2019-08-30 07:39:50,295 | INFO  | SCMAudit | user=jenkins1000 | ip=192.168.34.43 | op=SEND_HEARTBEAT {datanodeUUID=9570f0ce-31bf-44b3-921f-a36f22efea54, command=[]} | ret=SUCCESS |  
2019-08-30 07:39:50,485 | INFO  | SCMAudit | user=jenkins1000 | ip=192.168.34.43 | op=SEND_HEARTBEAT {datanodeUUID=9e64560e-57c0-404b-a5e3-eb70c00d39cc, command=[]} | ret=SUCCESS |  
2019-08-30 07:39:50,758 | INFO  | SCMAudit | user=jenkins1000 | ip=192.168.34.43 | op=SEND_HEARTBEAT {datanodeUUID=722c9a0b-3ca8-46f2-9cba-02fdf2a68848, command=[]} | ret=SUCCESS |  
2019-08-30 07:39:51,089 | INFO  | SCMAudit | user=jenkins1000 | ip=192.168.34.43 | op=SEND_HEARTBEAT {datanodeUUID=3bf132e1-02b6-4168-801a-3d7ce793c0d9, command=[]} | ret=SUCCESS |  
2019-08-30 07:39:51,259 | INFO  | SCMAudit | user=jenkins1000 | ip=192.168.34.43 | op=SEND_HEARTBEAT {datanodeUUID=dcd35ce2-5653-4064-9aff-c1a2cac3fe1c, command=[]} | ret=SUCCESS |  
2019-08-30 07:39:51,288 | INFO  | SCMAudit | user=jenkins1000 | ip=192.168.34.43 | op=SEND_HEARTBEAT {datanodeUUID=dc0e8eda-8843-49e8-9024-f7c59bdcd9bc, command=[]} | ret=SUCCESS |  
2019-08-30 07:39:51,295 | INFO  | SCMAudit | user=jenkins1000 | ip=192.168.34.43 | op=SEND_HEARTBEAT {datanodeUUID=34c5bf21-796a-477d-8f73-056dd6ef4f82, command=[]} | ret=SUCCESS |  
2019-08-30 07:39:51,295 | INFO  | SCMAudit | user=jenkins1000 | ip=192.168.34.43 | op=SEND_HEARTBEAT {datanodeUUID=9570f0ce-31bf-44b3-921f-a36f22efea54, command=[]} | ret=SUCCESS |  
2019-08-30 07:39:51,485 | INFO  | SCMAudit | user=jenkins1000 | ip=192.168.34.43 | op=SEND_HEARTBEAT {datanodeUUID=9e64560e-57c0-404b-a5e3-eb70c00d39cc, command=[]} | ret=SUCCESS |  
2019-08-30 07:39:51,758 | INFO  | SCMAudit | user=jenkins1000 | ip=192.168.34.43 | op=SEND_HEARTBEAT {datanodeUUID=722c9a0b-3ca8-46f2-9cba-02fdf2a68848, command=[]} | ret=SUCCESS |  
2019-08-30 07:39:52,090 | INFO  | SCMAudit | user=jenkins1000 | ip=192.168.34.43 | op=SEND_HEARTBEAT {datanodeUUID=3bf132e1-02b6-4168-801a-3d7ce793c0d9, command=[]} | ret=SUCCESS |  
2019-08-30 07:39:52,260 | INFO  | SCMAudit | user=jenkins1000 | ip=192.168.34.43 | op=SEND_HEARTBEAT {datanodeUUID=dcd35ce2-5653-4064-9aff-c1a2cac3fe1c, command=[]} | ret=SUCCESS |  
2019-08-30 07:39:52,289 | INFO  | SCMAudit | user=jenkins1000 | ip=192.168.34.43 | op=SEND_HEARTBEAT {datanodeUUID=dc0e8eda-8843-49e8-9024-f7c59bdcd9bc, command=[]} | ret=SUCCESS |  
2019-08-30 07:39:52,295 | INFO  | SCMAudit | user=jenkins1000 | ip=192.168.34.43 | op=SEND_HEARTBEAT {datanodeUUID=9570f0ce-31bf-44b3-921f-a36f22efea54, command=[]} | ret=SUCCESS |  
2019-08-30 07:39:52,296 | INFO  | SCMAudit | user=jenkins1000 | ip=192.168.34.43 | op=SEND_HEARTBEAT {datanodeUUID=34c5bf21-796a-477d-8f73-056dd6ef4f82, command=[]} | ret=SUCCESS |  
2019-08-30 07:39:52,486 | INFO  | SCMAudit | user=jenkins1000 | ip=192.168.34.43 | op=SEND_HEARTBEAT {datanodeUUID=9e64560e-57c0-404b-a5e3-eb70c00d39cc, command=[]} | ret=SUCCESS |  
2019-08-30 07:39:52,757 | INFO  | SCMAudit | user=jenkins1000 | ip=192.168.34.43 | op=SEND_HEARTBEAT {datanodeUUID=722c9a0b-3ca8-46f2-9cba-02fdf2a68848, command=[]} | ret=SUCCESS |  
2019-08-30 07:39:53,090 | INFO  | SCMAudit | user=jenkins1000 | ip=192.168.34.43 | op=SEND_HEARTBEAT {datanodeUUID=3bf132e1-02b6-4168-801a-3d7ce793c0d9, command=[]} | ret=SUCCESS |  
2019-08-30 07:39:53,260 | INFO  | SCMAudit | user=jenkins1000 | ip=192.168.34.43 | op=SEND_HEARTBEAT {datanodeUUID=dcd35ce2-5653-4064-9aff-c1a2cac3fe1c, command=[]} | ret=SUCCESS |  
2019-08-30 07:39:53,289 | INFO  | SCMAudit | user=jenkins1000 | ip=192.168.34.43 | op=SEND_HEARTBEAT {datanodeUUID=dc0e8eda-8843-49e8-9024-f7c59bdcd9bc, command=[]} | ret=SUCCESS |  
2019-08-30 07:39:53,295 | INFO  | SCMAudit | user=jenkins1000 | ip=192.168.34.43 | op=SEND_HEARTBEAT {datanodeUUID=9570f0ce-31bf-44b3-921f-a36f22efea54, command=[]} | ret=SUCCESS |  
2019-08-30 07:39:53,296 | INFO  | SCMAudit | user=jenkins1000 | ip=192.168.34.43 | op=SEND_HEARTBEAT {datanodeUUID=34c5bf21-796a-477d-8f73-056dd6ef4f82, command=[]} | ret=SUCCESS |  
2019-08-30 07:39:53,486 | INFO  | SCMAudit | user=jenkins1000 | ip=192.168.34.43 | op=SEND_HEARTBEAT {datanodeUUID=9e64560e-57c0-404b-a5e3-eb70c00d39cc, command=[]} | ret=SUCCESS |  
2019-08-30 07:39:53,758 | INFO  | SCMAudit | user=jenkins1000 | ip=192.168.34.43 | op=SEND_HEARTBEAT {datanodeUUID=722c9a0b-3ca8-46f2-9cba-02fdf2a68848, command=[]} | ret=SUCCESS |  
2019-08-30 07:39:54,090 | INFO  | SCMAudit | user=jenkins1000 | ip=192.168.34.43 | op=SEND_HEARTBEAT {datanodeUUID=3bf132e1-02b6-4168-801a-3d7ce793c0d9, command=[]} | ret=SUCCESS |  
2019-08-30 07:39:54,260 | INFO  | SCMAudit | user=jenkins1000 | ip=192.168.34.43 | op=SEND_HEARTBEAT {datanodeUUID=dcd35ce2-5653-4064-9aff-c1a2cac3fe1c, command=[]} | ret=SUCCESS |  
2019-08-30 07:39:54,289 | INFO  | SCMAudit | user=jenkins1000 | ip=192.168.34.43 | op=SEND_HEARTBEAT {datanodeUUID=dc0e8eda-8843-49e8-9024-f7c59bdcd9bc, command=[]} | ret=SUCCESS |  
2019-08-30 07:39:54,295 | INFO  | SCMAudit | user=jenkins1000 | ip=192.168.34.43 | op=SEND_HEARTBEAT {datanodeUUID=9570f0ce-31bf-44b3-921f-a36f22efea54, command=[]} | ret=SUCCESS |  
2019-08-30 07:39:54,296 | INFO  | SCMAudit | user=jenkins1000 | ip=192.168.34.43 | op=SEND_HEARTBEAT {datanodeUUID=34c5bf21-796a-477d-8f73-056dd6ef4f82, command=[]} | ret=SUCCESS |  
2019-08-30 07:39:54,411 [grpc-default-executor-3] INFO  client.GrpcClientProtocolClient (GrpcClientProtocolClient.java:onNext(255)) - client-8ACC3CA93160->dc0e8eda-8843-49e8-9024-f7c59bdcd9bc: receive RaftClientReply:client-8ACC3CA93160->dc0e8eda-8843-49e8-9024-f7c59bdcd9bc@group-CB9C606E82CE, cid=45, FAILED org.apache.ratis.protocol.NotLeaderException: Server dc0e8eda-8843-49e8-9024-f7c59bdcd9bc is not the leader (dcd35ce2-5653-4064-9aff-c1a2cac3fe1c:192.168.34.43:41594). Request must be sent to leader., logIndex=0, commits[dc0e8eda-8843-49e8-9024-f7c59bdcd9bc:c8, dcd35ce2-5653-4064-9aff-c1a2cac3fe1c:c8, 9570f0ce-31bf-44b3-921f-a36f22efea54:c8]
2019-08-30 07:39:54,486 | INFO  | SCMAudit | user=jenkins1000 | ip=192.168.34.43 | op=SEND_HEARTBEAT {datanodeUUID=9e64560e-57c0-404b-a5e3-eb70c00d39cc, command=[]} | ret=SUCCESS |  
2019-08-30 07:39:54,758 | INFO  | SCMAudit | user=jenkins1000 | ip=192.168.34.43 | op=SEND_HEARTBEAT {datanodeUUID=722c9a0b-3ca8-46f2-9cba-02fdf2a68848, command=[]} | ret=SUCCESS |  
2019-08-30 07:39:55,091 | INFO  | SCMAudit | user=jenkins1000 | ip=192.168.34.43 | op=SEND_HEARTBEAT {datanodeUUID=3bf132e1-02b6-4168-801a-3d7ce793c0d9, command=[]} | ret=SUCCESS |  
2019-08-30 07:39:55,260 | INFO  | SCMAudit | user=jenkins1000 | ip=192.168.34.43 | op=SEND_HEARTBEAT {datanodeUUID=dcd35ce2-5653-4064-9aff-c1a2cac3fe1c, command=[]} | ret=SUCCESS |  
2019-08-30 07:39:55,290 | INFO  | SCMAudit | user=jenkins1000 | ip=192.168.34.43 | op=SEND_HEARTBEAT {datanodeUUID=dc0e8eda-8843-49e8-9024-f7c59bdcd9bc, command=[]} | ret=SUCCESS |  
2019-08-30 07:39:55,295 | INFO  | SCMAudit | user=jenkins1000 | ip=192.168.34.43 | op=SEND_HEARTBEAT {datanodeUUID=9570f0ce-31bf-44b3-921f-a36f22efea54, command=[]} | ret=SUCCESS |  
2019-08-30 07:39:55,296 | INFO  | SCMAudit | user=jenkins1000 | ip=192.168.34.43 | op=SEND_HEARTBEAT {datanodeUUID=34c5bf21-796a-477d-8f73-056dd6ef4f82, command=[]} | ret=SUCCESS |  
2019-08-30 07:39:55,486 | INFO  | SCMAudit | user=jenkins1000 | ip=192.168.34.43 | op=SEND_HEARTBEAT {datanodeUUID=9e64560e-57c0-404b-a5e3-eb70c00d39cc, command=[]} | ret=SUCCESS |  
2019-08-30 07:39:55,758 | INFO  | SCMAudit | user=jenkins1000 | ip=192.168.34.43 | op=SEND_HEARTBEAT {datanodeUUID=722c9a0b-3ca8-46f2-9cba-02fdf2a68848, command=[]} | ret=SUCCESS |  
2019-08-30 07:39:56,091 | INFO  | SCMAudit | user=jenkins1000 | ip=192.168.34.43 | op=SEND_HEARTBEAT {datanodeUUID=3bf132e1-02b6-4168-801a-3d7ce793c0d9, command=[]} | ret=SUCCESS |  
2019-08-30 07:39:56,259 | INFO  | SCMAudit | user=jenkins1000 | ip=192.168.34.43 | op=SEND_HEARTBEAT {datanodeUUID=dcd35ce2-5653-4064-9aff-c1a2cac3fe1c, command=[]} | ret=SUCCESS |  
2019-08-30 07:39:56,290 | INFO  | SCMAudit | user=jenkins1000 | ip=192.168.34.43 | op=SEND_HEARTBEAT {datanodeUUID=dc0e8eda-8843-49e8-9024-f7c59bdcd9bc, command=[]} | ret=SUCCESS |  
2019-08-30 07:39:56,295 | INFO  | SCMAudit | user=jenkins1000 | ip=192.168.34.43 | op=SEND_HEARTBEAT {datanodeUUID=9570f0ce-31bf-44b3-921f-a36f22efea54, command=[]} | ret=SUCCESS |  
2019-08-30 07:39:56,296 | INFO  | SCMAudit | user=jenkins1000 | ip=192.168.34.43 | op=SEND_HEARTBEAT {datanodeUUID=34c5bf21-796a-477d-8f73-056dd6ef4f82, command=[]} | ret=SUCCESS |  
2019-08-30 07:39:56,486 | INFO  | SCMAudit | user=jenkins1000 | ip=192.168.34.43 | op=SEND_HEARTBEAT {datanodeUUID=9e64560e-57c0-404b-a5e3-eb70c00d39cc, command=[]} | ret=SUCCESS |  
2019-08-30 07:39:56,759 | INFO  | SCMAudit | user=jenkins1000 | ip=192.168.34.43 | op=SEND_HEARTBEAT {datanodeUUID=722c9a0b-3ca8-46f2-9cba-02fdf2a68848, command=[]} | ret=SUCCESS |  
2019-08-30 07:39:57,092 | INFO  | SCMAudit | user=jenkins1000 | ip=192.168.34.43 | op=SEND_HEARTBEAT {datanodeUUID=3bf132e1-02b6-4168-801a-3d7ce793c0d9, command=[]} | ret=SUCCESS |  
2019-08-30 07:39:57,259 | INFO  | SCMAudit | user=jenkins1000 | ip=192.168.34.43 | op=SEND_HEARTBEAT {datanodeUUID=dcd35ce2-5653-4064-9aff-c1a2cac3fe1c, command=[]} | ret=SUCCESS |  
2019-08-30 07:39:57,289 | INFO  | SCMAudit | user=jenkins1000 | ip=192.168.34.43 | op=SEND_HEARTBEAT {datanodeUUID=dc0e8eda-8843-49e8-9024-f7c59bdcd9bc, command=[]} | ret=SUCCESS |  
2019-08-30 07:39:57,295 | INFO  | SCMAudit | user=jenkins1000 | ip=192.168.34.43 | op=SEND_HEARTBEAT {datanodeUUID=9570f0ce-31bf-44b3-921f-a36f22efea54, command=[]} | ret=SUCCESS |  
2019-08-30 07:39:57,296 | INFO  | SCMAudit | user=jenkins1000 | ip=192.168.34.43 | op=SEND_HEARTBEAT {datanodeUUID=34c5bf21-796a-477d-8f73-056dd6ef4f82, command=[]} | ret=SUCCESS |  
2019-08-30 07:39:57,487 | INFO  | SCMAudit | user=jenkins1000 | ip=192.168.34.43 | op=SEND_HEARTBEAT {datanodeUUID=9e64560e-57c0-404b-a5e3-eb70c00d39cc, command=[]} | ret=SUCCESS |  
2019-08-30 07:39:57,759 | INFO  | SCMAudit | user=jenkins1000 | ip=192.168.34.43 | op=SEND_HEARTBEAT {datanodeUUID=722c9a0b-3ca8-46f2-9cba-02fdf2a68848, command=[]} | ret=SUCCESS |  
2019-08-30 07:39:58,092 | INFO  | SCMAudit | user=jenkins1000 | ip=192.168.34.43 | op=SEND_HEARTBEAT {datanodeUUID=3bf132e1-02b6-4168-801a-3d7ce793c0d9, command=[]} | ret=SUCCESS |  
2019-08-30 07:39:58,260 | INFO  | SCMAudit | user=jenkins1000 | ip=192.168.34.43 | op=SEND_HEARTBEAT {datanodeUUID=dcd35ce2-5653-4064-9aff-c1a2cac3fe1c, command=[]} | ret=SUCCESS |  
2019-08-30 07:39:58,289 | INFO  | SCMAudit | user=jenkins1000 | ip=192.168.34.43 | op=SEND_HEARTBEAT {datanodeUUID=dc0e8eda-8843-49e8-9024-f7c59bdcd9bc, command=[]} | ret=SUCCESS |  
2019-08-30 07:39:58,296 | INFO  | SCMAudit | user=jenkins1000 | ip=192.168.34.43 | op=SEND_HEARTBEAT {datanodeUUID=9570f0ce-31bf-44b3-921f-a36f22efea54, command=[]} | ret=SUCCESS |  
2019-08-30 07:39:58,296 | INFO  | SCMAudit | user=jenkins1000 | ip=192.168.34.43 | op=SEND_HEARTBEAT {datanodeUUID=34c5bf21-796a-477d-8f73-056dd6ef4f82, command=[]} | ret=SUCCESS |  
2019-08-30 07:39:58,487 | INFO  | SCMAudit | user=jenkins1000 | ip=192.168.34.43 | op=SEND_HEARTBEAT {datanodeUUID=9e64560e-57c0-404b-a5e3-eb70c00d39cc, command=[]} | ret=SUCCESS |  
2019-08-30 07:39:58,758 | INFO  | SCMAudit | user=jenkins1000 | ip=192.168.34.43 | op=SEND_HEARTBEAT {datanodeUUID=722c9a0b-3ca8-46f2-9cba-02fdf2a68848, command=[]} | ret=SUCCESS |  
2019-08-30 07:39:59,092 | INFO  | SCMAudit | user=jenkins1000 | ip=192.168.34.43 | op=SEND_HEARTBEAT {datanodeUUID=3bf132e1-02b6-4168-801a-3d7ce793c0d9, command=[]} | ret=SUCCESS |  
2019-08-30 07:39:59,260 | INFO  | SCMAudit | user=jenkins1000 | ip=192.168.34.43 | op=SEND_HEARTBEAT {datanodeUUID=dcd35ce2-5653-4064-9aff-c1a2cac3fe1c, command=[]} | ret=SUCCESS |  
2019-08-30 07:39:59,289 | INFO  | SCMAudit | user=jenkins1000 | ip=192.168.34.43 | op=SEND_HEARTBEAT {datanodeUUID=dc0e8eda-8843-49e8-9024-f7c59bdcd9bc, command=[]} | ret=SUCCESS |  
2019-08-30 07:39:59,296 | INFO  | SCMAudit | user=jenkins1000 | ip=192.168.34.43 | op=SEND_HEARTBEAT {datanodeUUID=9570f0ce-31bf-44b3-921f-a36f22efea54, command=[]} | ret=SUCCESS |  
2019-08-30 07:39:59,296 | INFO  | SCMAudit | user=jenkins1000 | ip=192.168.34.43 | op=SEND_HEARTBEAT {datanodeUUID=34c5bf21-796a-477d-8f73-056dd6ef4f82, command=[]} | ret=SUCCESS |  
2019-08-30 07:39:59,452 [grpc-default-executor-1] INFO  client.GrpcClientProtocolClient (GrpcClientProtocolClient.java:onNext(255)) - client-8ACC3CA93160->dc0e8eda-8843-49e8-9024-f7c59bdcd9bc: receive RaftClientReply:client-8ACC3CA93160->dc0e8eda-8843-49e8-9024-f7c59bdcd9bc@group-CB9C606E82CE, cid=45, FAILED org.apache.ratis.protocol.NotLeaderException: Server dc0e8eda-8843-49e8-9024-f7c59bdcd9bc is not the leader (dcd35ce2-5653-4064-9aff-c1a2cac3fe1c:192.168.34.43:41594). Request must be sent to leader., logIndex=0, commits[dc0e8eda-8843-49e8-9024-f7c59bdcd9bc:c8, dcd35ce2-5653-4064-9aff-c1a2cac3fe1c:c8, 9570f0ce-31bf-44b3-921f-a36f22efea54:c8]
2019-08-30 07:39:59,487 | INFO  | SCMAudit | user=jenkins1000 | ip=192.168.34.43 | op=SEND_HEARTBEAT {datanodeUUID=9e64560e-57c0-404b-a5e3-eb70c00d39cc, command=[]} | ret=SUCCESS |  
2019-08-30 07:39:59,759 | INFO  | SCMAudit | user=jenkins1000 | ip=192.168.34.43 | op=SEND_HEARTBEAT {datanodeUUID=722c9a0b-3ca8-46f2-9cba-02fdf2a68848, command=[]} | ret=SUCCESS |  
2019-08-30 07:40:00,093 | INFO  | SCMAudit | user=jenkins1000 | ip=192.168.34.43 | op=SEND_HEARTBEAT {datanodeUUID=3bf132e1-02b6-4168-801a-3d7ce793c0d9, command=[]} | ret=SUCCESS |  
2019-08-30 07:40:00,259 | INFO  | SCMAudit | user=jenkins1000 | ip=192.168.34.43 | op=SEND_HEARTBEAT {datanodeUUID=dcd35ce2-5653-4064-9aff-c1a2cac3fe1c, command=[]} | ret=SUCCESS |  
2019-08-30 07:40:00,289 | INFO  | SCMAudit | user=jenkins1000 | ip=192.168.34.43 | op=SEND_HEARTBEAT {datanodeUUID=dc0e8eda-8843-49e8-9024-f7c59bdcd9bc, command=[]} | ret=SUCCESS |  
2019-08-30 07:40:00,295 | INFO  | SCMAudit | user=jenkins1000 | ip=192.168.34.43 | op=SEND_HEARTBEAT {datanodeUUID=9570f0ce-31bf-44b3-921f-a36f22efea54, command=[]} | ret=SUCCESS |  
2019-08-30 07:40:00,297 | INFO  | SCMAudit | user=jenkins1000 | ip=192.168.34.43 | op=SEND_HEARTBEAT {datanodeUUID=34c5bf21-796a-477d-8f73-056dd6ef4f82, command=[]} | ret=SUCCESS |  
2019-08-30 07:40:00,487 | INFO  | SCMAudit | user=jenkins1000 | ip=192.168.34.43 | op=SEND_HEARTBEAT {datanodeUUID=9e64560e-57c0-404b-a5e3-eb70c00d39cc, command=[]} | ret=SUCCESS |  
2019-08-30 07:40:00,758 | INFO  | SCMAudit | user=jenkins1000 | ip=192.168.34.43 | op=SEND_HEARTBEAT {datanodeUUID=722c9a0b-3ca8-46f2-9cba-02fdf2a68848, command=[]} | ret=SUCCESS |  
2019-08-30 07:40:01,094 | INFO  | SCMAudit | user=jenkins1000 | ip=192.168.34.43 | op=SEND_HEARTBEAT {datanodeUUID=3bf132e1-02b6-4168-801a-3d7ce793c0d9, command=[]} | ret=SUCCESS |  
2019-08-30 07:40:01,259 | INFO  | SCMAudit | user=jenkins1000 | ip=192.168.34.43 | op=SEND_HEARTBEAT {datanodeUUID=dcd35ce2-5653-4064-9aff-c1a2cac3fe1c, command=[]} | ret=SUCCESS |  
2019-08-30 07:40:01,290 | INFO  | SCMAudit | user=jenkins1000 | ip=192.168.34.43 | op=SEND_HEARTBEAT {datanodeUUID=dc0e8eda-8843-49e8-9024-f7c59bdcd9bc, command=[]} | ret=SUCCESS |  
2019-08-30 07:40:01,295 | INFO  | SCMAudit | user=jenkins1000 | ip=192.168.34.43 | op=SEND_HEARTBEAT {datanodeUUID=9570f0ce-31bf-44b3-921f-a36f22efea54, command=[]} | ret=SUCCESS |  
2019-08-30 07:40:01,296 | INFO  | SCMAudit | user=jenkins1000 | ip=192.168.34.43 | op=SEND_HEARTBEAT {datanodeUUID=34c5bf21-796a-477d-8f73-056dd6ef4f82, command=[]} | ret=SUCCESS |  
2019-08-30 07:40:01,488 | INFO  | SCMAudit | user=jenkins1000 | ip=192.168.34.43 | op=SEND_HEARTBEAT {datanodeUUID=9e64560e-57c0-404b-a5e3-eb70c00d39cc, command=[]} | ret=SUCCESS |  
2019-08-30 07:40:01,758 | INFO  | SCMAudit | user=jenkins1000 | ip=192.168.34.43 | op=SEND_HEARTBEAT {datanodeUUID=722c9a0b-3ca8-46f2-9cba-02fdf2a68848, command=[]} | ret=SUCCESS |  
2019-08-30 07:40:02,094 | INFO  | SCMAudit | user=jenkins1000 | ip=192.168.34.43 | op=SEND_HEARTBEAT {datanodeUUID=3bf132e1-02b6-4168-801a-3d7ce793c0d9, command=[]} | ret=SUCCESS |  
2019-08-30 07:40:02,259 | INFO  | SCMAudit | user=jenkins1000 | ip=192.168.34.43 | op=SEND_HEARTBEAT {datanodeUUID=dcd35ce2-5653-4064-9aff-c1a2cac3fe1c, command=[]} | ret=SUCCESS |  
2019-08-30 07:40:02,290 | INFO  | SCMAudit | user=jenkins1000 | ip=192.168.34.43 | op=SEND_HEARTBEAT {datanodeUUID=dc0e8eda-8843-49e8-9024-f7c59bdcd9bc, command=[]} | ret=SUCCESS |  
2019-08-30 07:40:02,295 | INFO  | SCMAudit | user=jenkins1000 | ip=192.168.34.43 | op=SEND_HEARTBEAT {datanodeUUID=9570f0ce-31bf-44b3-921f-a36f22efea54, command=[]} | ret=SUCCESS |  
2019-08-30 07:40:02,296 | INFO  | SCMAudit | user=jenkins1000 | ip=192.168.34.43 | op=SEND_HEARTBEAT {datanodeUUID=34c5bf21-796a-477d-8f73-056dd6ef4f82, command=[]} | ret=SUCCESS |  
2019-08-30 07:40:02,488 | INFO  | SCMAudit | user=jenkins1000 | ip=192.168.34.43 | op=SEND_HEARTBEAT {datanodeUUID=9e64560e-57c0-404b-a5e3-eb70c00d39cc, command=[]} | ret=SUCCESS |  
2019-08-30 07:40:02,758 | INFO  | SCMAudit | user=jenkins1000 | ip=192.168.34.43 | op=SEND_HEARTBEAT {datanodeUUID=722c9a0b-3ca8-46f2-9cba-02fdf2a68848, command=[]} | ret=SUCCESS |  
2019-08-30 07:40:03,094 | INFO  | SCMAudit | user=jenkins1000 | ip=192.168.34.43 | op=SEND_HEARTBEAT {datanodeUUID=3bf132e1-02b6-4168-801a-3d7ce793c0d9, command=[]} | ret=SUCCESS |  
2019-08-30 07:40:03,263 | INFO  | SCMAudit | user=jenkins1000 | ip=192.168.34.43 | op=SEND_HEARTBEAT {datanodeUUID=dcd35ce2-5653-4064-9aff-c1a2cac3fe1c, command=[]} | ret=SUCCESS |  
2019-08-30 07:40:03,289 | INFO  | SCMAudit | user=jenkins1000 | ip=192.168.34.43 | op=SEND_HEARTBEAT {datanodeUUID=dc0e8eda-8843-49e8-9024-f7c59bdcd9bc, command=[]} | ret=SUCCESS |  
2019-08-30 07:40:03,295 | INFO  | SCMAudit | user=jenkins1000 | ip=192.168.34.43 | op=SEND_HEARTBEAT {datanodeUUID=9570f0ce-31bf-44b3-921f-a36f22efea54, command=[]} | ret=SUCCESS |  
2019-08-30 07:40:03,296 | INFO  | SCMAudit | user=jenkins1000 | ip=192.168.34.43 | op=SEND_HEARTBEAT {datanodeUUID=34c5bf21-796a-477d-8f73-056dd6ef4f82, command=[]} | ret=SUCCESS |  
2019-08-30 07:40:03,488 | INFO  | SCMAudit | user=jenkins1000 | ip=192.168.34.43 | op=SEND_HEARTBEAT {datanodeUUID=9e64560e-57c0-404b-a5e3-eb70c00d39cc, command=[]} | ret=SUCCESS |  
2019-08-30 07:40:03,759 | INFO  | SCMAudit | user=jenkins1000 | ip=192.168.34.43 | op=SEND_HEARTBEAT {datanodeUUID=722c9a0b-3ca8-46f2-9cba-02fdf2a68848, command=[]} | ret=SUCCESS |  
2019-08-30 07:40:04,094 | INFO  | SCMAudit | user=jenkins1000 | ip=192.168.34.43 | op=SEND_HEARTBEAT {datanodeUUID=3bf132e1-02b6-4168-801a-3d7ce793c0d9, command=[]} | ret=SUCCESS |  
2019-08-30 07:40:04,260 | INFO  | SCMAudit | user=jenkins1000 | ip=192.168.34.43 | op=SEND_HEARTBEAT {datanodeUUID=dcd35ce2-5653-4064-9aff-c1a2cac3fe1c, command=[]} | ret=SUCCESS |  
2019-08-30 07:40:04,289 | INFO  | SCMAudit | user=jenkins1000 | ip=192.168.34.43 | op=SEND_HEARTBEAT {datanodeUUID=dc0e8eda-8843-49e8-9024-f7c59bdcd9bc, command=[]} | ret=SUCCESS |  
2019-08-30 07:40:04,295 | INFO  | SCMAudit | user=jenkins1000 | ip=192.168.34.43 | op=SEND_HEARTBEAT {datanodeUUID=9570f0ce-31bf-44b3-921f-a36f22efea54, command=[]} | ret=SUCCESS |  
2019-08-30 07:40:04,297 | INFO  | SCMAudit | user=jenkins1000 | ip=192.168.34.43 | op=SEND_HEARTBEAT {datanodeUUID=34c5bf21-796a-477d-8f73-056dd6ef4f82, command=[]} | ret=SUCCESS |  
2019-08-30 07:40:04,489 | INFO  | SCMAudit | user=jenkins1000 | ip=192.168.34.43 | op=SEND_HEARTBEAT {datanodeUUID=9e64560e-57c0-404b-a5e3-eb70c00d39cc, command=[]} | ret=SUCCESS |  
2019-08-30 07:40:04,491 [grpc-default-executor-3] INFO  client.GrpcClientProtocolClient (GrpcClientProtocolClient.java:onNext(255)) - client-8ACC3CA93160->dc0e8eda-8843-49e8-9024-f7c59bdcd9bc: receive RaftClientReply:client-8ACC3CA93160->dc0e8eda-8843-49e8-9024-f7c59bdcd9bc@group-CB9C606E82CE, cid=45, FAILED org.apache.ratis.protocol.NotLeaderException: Server dc0e8eda-8843-49e8-9024-f7c59bdcd9bc is not the leader (dcd35ce2-5653-4064-9aff-c1a2cac3fe1c:192.168.34.43:41594). Request must be sent to leader., logIndex=0, commits[dc0e8eda-8843-49e8-9024-f7c59bdcd9bc:c8, dcd35ce2-5653-4064-9aff-c1a2cac3fe1c:c8, 9570f0ce-31bf-44b3-921f-a36f22efea54:c8]
2019-08-30 07:40:04,759 | INFO  | SCMAudit | user=jenkins1000 | ip=192.168.34.43 | op=SEND_HEARTBEAT {datanodeUUID=722c9a0b-3ca8-46f2-9cba-02fdf2a68848, command=[]} | ret=SUCCESS |  
2019-08-30 07:40:05,095 | INFO  | SCMAudit | user=jenkins1000 | ip=192.168.34.43 | op=SEND_HEARTBEAT {datanodeUUID=3bf132e1-02b6-4168-801a-3d7ce793c0d9, command=[]} | ret=SUCCESS |  
2019-08-30 07:40:05,259 | INFO  | SCMAudit | user=jenkins1000 | ip=192.168.34.43 | op=SEND_HEARTBEAT {datanodeUUID=dcd35ce2-5653-4064-9aff-c1a2cac3fe1c, command=[]} | ret=SUCCESS |  
2019-08-30 07:40:05,290 | INFO  | SCMAudit | user=jenkins1000 | ip=192.168.34.43 | op=SEND_HEARTBEAT {datanodeUUID=dc0e8eda-8843-49e8-9024-f7c59bdcd9bc, command=[]} | ret=SUCCESS |  
2019-08-30 07:40:05,295 | INFO  | SCMAudit | user=jenkins1000 | ip=192.168.34.43 | op=SEND_HEARTBEAT {datanodeUUID=9570f0ce-31bf-44b3-921f-a36f22efea54, command=[]} | ret=SUCCESS |  
2019-08-30 07:40:05,296 | INFO  | SCMAudit | user=jenkins1000 | ip=192.168.34.43 | op=SEND_HEARTBEAT {datanodeUUID=34c5bf21-796a-477d-8f73-056dd6ef4f82, command=[]} | ret=SUCCESS |  
2019-08-30 07:40:05,490 | INFO  | SCMAudit | user=jenkins1000 | ip=192.168.34.43 | op=SEND_HEARTBEAT {datanodeUUID=9e64560e-57c0-404b-a5e3-eb70c00d39cc, command=[]} | ret=SUCCESS |  
2019-08-30 07:40:05,759 | INFO  | SCMAudit | user=jenkins1000 | ip=192.168.34.43 | op=SEND_HEARTBEAT {datanodeUUID=722c9a0b-3ca8-46f2-9cba-02fdf2a68848, command=[]} | ret=SUCCESS |  
2019-08-30 07:40:06,094 | INFO  | SCMAudit | user=jenkins1000 | ip=192.168.34.43 | op=SEND_HEARTBEAT {datanodeUUID=3bf132e1-02b6-4168-801a-3d7ce793c0d9, command=[]} | ret=SUCCESS |  
2019-08-30 07:40:06,260 | INFO  | SCMAudit | user=jenkins1000 | ip=192.168.34.43 | op=SEND_HEARTBEAT {datanodeUUID=dcd35ce2-5653-4064-9aff-c1a2cac3fe1c, command=[]} | ret=SUCCESS |  
2019-08-30 07:40:06,290 | INFO  | SCMAudit | user=jenkins1000 | ip=192.168.34.43 | op=SEND_HEARTBEAT {datanodeUUID=dc0e8eda-8843-49e8-9024-f7c59bdcd9bc, command=[]} | ret=SUCCESS |  
2019-08-30 07:40:06,296 | INFO  | SCMAudit | user=jenkins1000 | ip=192.168.34.43 | op=SEND_HEARTBEAT {datanodeUUID=9570f0ce-31bf-44b3-921f-a36f22efea54, command=[]} | ret=SUCCESS |  
2019-08-30 07:40:06,296 | INFO  | SCMAudit | user=jenkins1000 | ip=192.168.34.43 | op=SEND_HEARTBEAT {datanodeUUID=34c5bf21-796a-477d-8f73-056dd6ef4f82, command=[]} | ret=SUCCESS |  
2019-08-30 07:40:06,489 | INFO  | SCMAudit | user=jenkins1000 | ip=192.168.34.43 | op=SEND_HEARTBEAT {datanodeUUID=9e64560e-57c0-404b-a5e3-eb70c00d39cc, command=[]} | ret=SUCCESS |  
2019-08-30 07:40:06,759 | INFO  | SCMAudit | user=jenkins1000 | ip=192.168.34.43 | op=SEND_HEARTBEAT {datanodeUUID=722c9a0b-3ca8-46f2-9cba-02fdf2a68848, command=[]} | ret=SUCCESS |  
2019-08-30 07:40:07,095 | INFO  | SCMAudit | user=jenkins1000 | ip=192.168.34.43 | op=SEND_HEARTBEAT {datanodeUUID=3bf132e1-02b6-4168-801a-3d7ce793c0d9, command=[]} | ret=SUCCESS |  
2019-08-30 07:40:07,260 | INFO  | SCMAudit | user=jenkins1000 | ip=192.168.34.43 | op=SEND_HEARTBEAT {datanodeUUID=dcd35ce2-5653-4064-9aff-c1a2cac3fe1c, command=[]} | ret=SUCCESS |  
2019-08-30 07:40:07,289 | INFO  | SCMAudit | user=jenkins1000 | ip=192.168.34.43 | op=SEND_HEARTBEAT {datanodeUUID=dc0e8eda-8843-49e8-9024-f7c59bdcd9bc, command=[]} | ret=SUCCESS |  
2019-08-30 07:40:07,296 | INFO  | SCMAudit | user=jenkins1000 | ip=192.168.34.43 | op=SEND_HEARTBEAT {datanodeUUID=9570f0ce-31bf-44b3-921f-a36f22efea54, command=[]} | ret=SUCCESS |  
2019-08-30 07:40:07,296 | INFO  | SCMAudit | user=jenkins1000 | ip=192.168.34.43 | op=SEND_HEARTBEAT {datanodeUUID=34c5bf21-796a-477d-8f73-056dd6ef4f82, command=[]} | ret=SUCCESS |  
2019-08-30 07:40:07,489 | INFO  | SCMAudit | user=jenkins1000 | ip=192.168.34.43 | op=SEND_HEARTBEAT {datanodeUUID=9e64560e-57c0-404b-a5e3-eb70c00d39cc, command=[]} | ret=SUCCESS |  
2019-08-30 07:40:07,759 | INFO  | SCMAudit | user=jenkins1000 | ip=192.168.34.43 | op=SEND_HEARTBEAT {datanodeUUID=722c9a0b-3ca8-46f2-9cba-02fdf2a68848, command=[]} | ret=SUCCESS |  
2019-08-30 07:40:08,095 | INFO  | SCMAudit | user=jenkins1000 | ip=192.168.34.43 | op=SEND_HEARTBEAT {datanodeUUID=3bf132e1-02b6-4168-801a-3d7ce793c0d9, command=[]} | ret=SUCCESS |  
2019-08-30 07:40:08,259 | INFO  | SCMAudit | user=jenkins1000 | ip=192.168.34.43 | op=SEND_HEARTBEAT {datanodeUUID=dcd35ce2-5653-4064-9aff-c1a2cac3fe1c, command=[]} | ret=SUCCESS |  
2019-08-30 07:40:08,289 | INFO  | SCMAudit | user=jenkins1000 | ip=192.168.34.43 | op=SEND_HEARTBEAT {datanodeUUID=dc0e8eda-8843-49e8-9024-f7c59bdcd9bc, command=[]} | ret=SUCCESS |  
2019-08-30 07:40:08,296 | INFO  | SCMAudit | user=jenkins1000 | ip=192.168.34.43 | op=SEND_HEARTBEAT {datanodeUUID=9570f0ce-31bf-44b3-921f-a36f22efea54, command=[]} | ret=SUCCESS |  
2019-08-30 07:40:08,296 | INFO  | SCMAudit | user=jenkins1000 | ip=192.168.34.43 | op=SEND_HEARTBEAT {datanodeUUID=34c5bf21-796a-477d-8f73-056dd6ef4f82, command=[]} | ret=SUCCESS |  
2019-08-30 07:40:08,489 | INFO  | SCMAudit | user=jenkins1000 | ip=192.168.34.43 | op=SEND_HEARTBEAT {datanodeUUID=9e64560e-57c0-404b-a5e3-eb70c00d39cc, command=[]} | ret=SUCCESS |  
2019-08-30 07:40:08,760 | INFO  | SCMAudit | user=jenkins1000 | ip=192.168.34.43 | op=SEND_HEARTBEAT {datanodeUUID=722c9a0b-3ca8-46f2-9cba-02fdf2a68848, command=[]} | ret=SUCCESS |  
2019-08-30 07:40:09,094 | INFO  | SCMAudit | user=jenkins1000 | ip=192.168.34.43 | op=SEND_HEARTBEAT {datanodeUUID=3bf132e1-02b6-4168-801a-3d7ce793c0d9, command=[]} | ret=SUCCESS |  
2019-08-30 07:40:09,260 | INFO  | SCMAudit | user=jenkins1000 | ip=192.168.34.43 | op=SEND_HEARTBEAT {datanodeUUID=dcd35ce2-5653-4064-9aff-c1a2cac3fe1c, command=[]} | ret=SUCCESS |  
2019-08-30 07:40:09,289 | INFO  | SCMAudit | user=jenkins1000 | ip=192.168.34.43 | op=SEND_HEARTBEAT {datanodeUUID=dc0e8eda-8843-49e8-9024-f7c59bdcd9bc, command=[]} | ret=SUCCESS |  
2019-08-30 07:40:09,296 | INFO  | SCMAudit | user=jenkins1000 | ip=192.168.34.43 | op=SEND_HEARTBEAT {datanodeUUID=9570f0ce-31bf-44b3-921f-a36f22efea54, command=[]} | ret=SUCCESS |  
2019-08-30 07:40:09,296 | INFO  | SCMAudit | user=jenkins1000 | ip=192.168.34.43 | op=SEND_HEARTBEAT {datanodeUUID=34c5bf21-796a-477d-8f73-056dd6ef4f82, command=[]} | ret=SUCCESS |  
2019-08-30 07:40:09,490 | INFO  | SCMAudit | user=jenkins1000 | ip=192.168.34.43 | op=SEND_HEARTBEAT {datanodeUUID=9e64560e-57c0-404b-a5e3-eb70c00d39cc, command=[]} | ret=SUCCESS |  
2019-08-30 07:40:09,539 [grpc-default-executor-1] INFO  client.GrpcClientProtocolClient (GrpcClientProtocolClient.java:onNext(255)) - client-8ACC3CA93160->dc0e8eda-8843-49e8-9024-f7c59bdcd9bc: receive RaftClientReply:client-8ACC3CA93160->dc0e8eda-8843-49e8-9024-f7c59bdcd9bc@group-CB9C606E82CE, cid=45, FAILED org.apache.ratis.protocol.NotLeaderException: Server dc0e8eda-8843-49e8-9024-f7c59bdcd9bc is not the leader (dcd35ce2-5653-4064-9aff-c1a2cac3fe1c:192.168.34.43:41594). Request must be sent to leader., logIndex=0, commits[dc0e8eda-8843-49e8-9024-f7c59bdcd9bc:c8, dcd35ce2-5653-4064-9aff-c1a2cac3fe1c:c8, 9570f0ce-31bf-44b3-921f-a36f22efea54:c8]
2019-08-30 07:40:09,760 | INFO  | SCMAudit | user=jenkins1000 | ip=192.168.34.43 | op=SEND_HEARTBEAT {datanodeUUID=722c9a0b-3ca8-46f2-9cba-02fdf2a68848, command=[]} | ret=SUCCESS |  
2019-08-30 07:40:10,095 | INFO  | SCMAudit | user=jenkins1000 | ip=192.168.34.43 | op=SEND_HEARTBEAT {datanodeUUID=3bf132e1-02b6-4168-801a-3d7ce793c0d9, command=[]} | ret=SUCCESS |  
2019-08-30 07:40:10,260 | INFO  | SCMAudit | user=jenkins1000 | ip=192.168.34.43 | op=SEND_HEARTBEAT {datanodeUUID=dcd35ce2-5653-4064-9aff-c1a2cac3fe1c, command=[]} | ret=SUCCESS |  
2019-08-30 07:40:10,289 | INFO  | SCMAudit | user=jenkins1000 | ip=192.168.34.43 | op=SEND_HEARTBEAT {datanodeUUID=dc0e8eda-8843-49e8-9024-f7c59bdcd9bc, command=[]} | ret=SUCCESS |  
2019-08-30 07:40:10,296 | INFO  | SCMAudit | user=jenkins1000 | ip=192.168.34.43 | op=SEND_HEARTBEAT {datanodeUUID=34c5bf21-796a-477d-8f73-056dd6ef4f82, command=[]} | ret=SUCCESS |  
2019-08-30 07:40:10,296 | INFO  | SCMAudit | user=jenkins1000 | ip=192.168.34.43 | op=SEND_HEARTBEAT {datanodeUUID=9570f0ce-31bf-44b3-921f-a36f22efea54, command=[]} | ret=SUCCESS |  
2019-08-30 07:40:10,490 | INFO  | SCMAudit | user=jenkins1000 | ip=192.168.34.43 | op=SEND_HEARTBEAT {datanodeUUID=9e64560e-57c0-404b-a5e3-eb70c00d39cc, command=[]} | ret=SUCCESS |  
2019-08-30 07:40:10,759 | INFO  | SCMAudit | user=jenkins1000 | ip=192.168.34.43 | op=SEND_HEARTBEAT {datanodeUUID=722c9a0b-3ca8-46f2-9cba-02fdf2a68848, command=[]} | ret=SUCCESS |  
2019-08-30 07:40:11,095 | INFO  | SCMAudit | user=jenkins1000 | ip=192.168.34.43 | op=SEND_HEARTBEAT {datanodeUUID=3bf132e1-02b6-4168-801a-3d7ce793c0d9, command=[]} | ret=SUCCESS |  
2019-08-30 07:40:11,260 | INFO  | SCMAudit | user=jenkins1000 | ip=192.168.34.43 | op=SEND_HEARTBEAT {datanodeUUID=dcd35ce2-5653-4064-9aff-c1a2cac3fe1c, command=[]} | ret=SUCCESS |  
2019-08-30 07:40:11,289 | INFO  | SCMAudit | user=jenkins1000 | ip=192.168.34.43 | op=SEND_HEARTBEAT {datanodeUUID=dc0e8eda-8843-49e8-9024-f7c59bdcd9bc, command=[]} | ret=SUCCESS |  
2019-08-30 07:40:11,296 | INFO  | SCMAudit | user=jenkins1000 | ip=192.168.34.43 | op=SEND_HEARTBEAT {datanodeUUID=34c5bf21-796a-477d-8f73-056dd6ef4f82, command=[]} | ret=SUCCESS |  
2019-08-30 07:40:11,296 | INFO  | SCMAudit | user=jenkins1000 | ip=192.168.34.43 | op=SEND_HEARTBEAT {datanodeUUID=9570f0ce-31bf-44b3-921f-a36f22efea54, command=[]} | ret=SUCCESS |  
2019-08-30 07:40:11,491 | INFO  | SCMAudit | user=jenkins1000 | ip=192.168.34.43 | op=SEND_HEARTBEAT {datanodeUUID=9e64560e-57c0-404b-a5e3-eb70c00d39cc, command=[]} | ret=SUCCESS |  
2019-08-30 07:40:11,759 | INFO  | SCMAudit | user=jenkins1000 | ip=192.168.34.43 | op=SEND_HEARTBEAT {datanodeUUID=722c9a0b-3ca8-46f2-9cba-02fdf2a68848, command=[]} | ret=SUCCESS |  
2019-08-30 07:40:12,096 | INFO  | SCMAudit | user=jenkins1000 | ip=192.168.34.43 | op=SEND_HEARTBEAT {datanodeUUID=3bf132e1-02b6-4168-801a-3d7ce793c0d9, command=[]} | ret=SUCCESS |  
2019-08-30 07:40:12,259 | INFO  | SCMAudit | user=jenkins1000 | ip=192.168.34.43 | op=SEND_HEARTBEAT {datanodeUUID=dcd35ce2-5653-4064-9aff-c1a2cac3fe1c, command=[]} | ret=SUCCESS |  
2019-08-30 07:40:12,290 | INFO  | SCMAudit | user=jenkins1000 | ip=192.168.34.43 | op=SEND_HEARTBEAT {datanodeUUID=dc0e8eda-8843-49e8-9024-f7c59bdcd9bc, command=[]} | ret=SUCCESS |  
2019-08-30 07:40:12,296 | INFO  | SCMAudit | user=jenkins1000 | ip=192.168.34.43 | op=SEND_HEARTBEAT {datanodeUUID=34c5bf21-796a-477d-8f73-056dd6ef4f82, command=[]} | ret=SUCCESS |  
2019-08-30 07:40:12,296 | INFO  | SCMAudit | user=jenkins1000 | ip=192.168.34.43 | op=SEND_HEARTBEAT {datanodeUUID=9570f0ce-31bf-44b3-921f-a36f22efea54, command=[]} | ret=SUCCESS |  
2019-08-30 07:40:12,491 | INFO  | SCMAudit | user=jenkins1000 | ip=192.168.34.43 | op=SEND_HEARTBEAT {datanodeUUID=9e64560e-57c0-404b-a5e3-eb70c00d39cc, command=[]} | ret=SUCCESS |  
2019-08-30 07:40:12,760 | INFO  | SCMAudit | user=jenkins1000 | ip=192.168.34.43 | op=SEND_HEARTBEAT {datanodeUUID=722c9a0b-3ca8-46f2-9cba-02fdf2a68848, command=[]} | ret=SUCCESS |  
2019-08-30 07:40:13,096 | INFO  | SCMAudit | user=jenkins1000 | ip=192.168.34.43 | op=SEND_HEARTBEAT {datanodeUUID=3bf132e1-02b6-4168-801a-3d7ce793c0d9, command=[]} | ret=SUCCESS |  
2019-08-30 07:40:13,260 | INFO  | SCMAudit | user=jenkins1000 | ip=192.168.34.43 | op=SEND_HEARTBEAT {datanodeUUID=dcd35ce2-5653-4064-9aff-c1a2cac3fe1c, command=[]} | ret=SUCCESS |  
2019-08-30 07:40:13,290 | INFO  | SCMAudit | user=jenkins1000 | ip=192.168.34.43 | op=SEND_HEARTBEAT {datanodeUUID=dc0e8eda-8843-49e8-9024-f7c59bdcd9bc, command=[]} | ret=SUCCESS |  
2019-08-30 07:40:13,296 | INFO  | SCMAudit | user=jenkins1000 | ip=192.168.34.43 | op=SEND_HEARTBEAT {datanodeUUID=34c5bf21-796a-477d-8f73-056dd6ef4f82, command=[]} | ret=SUCCESS |  
2019-08-30 07:40:13,296 | INFO  | SCMAudit | user=jenkins1000 | ip=192.168.34.43 | op=SEND_HEARTBEAT {datanodeUUID=9570f0ce-31bf-44b3-921f-a36f22efea54, command=[]} | ret=SUCCESS |  
2019-08-30 07:40:13,490 | INFO  | SCMAudit | user=jenkins1000 | ip=192.168.34.43 | op=SEND_HEARTBEAT {datanodeUUID=9e64560e-57c0-404b-a5e3-eb70c00d39cc, command=[]} | ret=SUCCESS |  
2019-08-30 07:40:13,759 | INFO  | SCMAudit | user=jenkins1000 | ip=192.168.34.43 | op=SEND_HEARTBEAT {datanodeUUID=722c9a0b-3ca8-46f2-9cba-02fdf2a68848, command=[]} | ret=SUCCESS |  
2019-08-30 07:40:14,095 | INFO  | SCMAudit | user=jenkins1000 | ip=192.168.34.43 | op=SEND_HEARTBEAT {datanodeUUID=3bf132e1-02b6-4168-801a-3d7ce793c0d9, command=[]} | ret=SUCCESS |  
2019-08-30 07:40:14,260 | INFO  | SCMAudit | user=jenkins1000 | ip=192.168.34.43 | op=SEND_HEARTBEAT {datanodeUUID=dcd35ce2-5653-4064-9aff-c1a2cac3fe1c, command=[]} | ret=SUCCESS |  
2019-08-30 07:40:14,289 | INFO  | SCMAudit | user=jenkins1000 | ip=192.168.34.43 | op=SEND_HEARTBEAT {datanodeUUID=dc0e8eda-8843-49e8-9024-f7c59bdcd9bc, command=[]} | ret=SUCCESS |  
2019-08-30 07:40:14,296 | INFO  | SCMAudit | user=jenkins1000 | ip=192.168.34.43 | op=SEND_HEARTBEAT {datanodeUUID=34c5bf21-796a-477d-8f73-056dd6ef4f82, command=[]} | ret=SUCCESS |  
2019-08-30 07:40:14,296 | INFO  | SCMAudit | user=jenkins1000 | ip=192.168.34.43 | op=SEND_HEARTBEAT {datanodeUUID=9570f0ce-31bf-44b3-921f-a36f22efea54, command=[]} | ret=SUCCESS |  
2019-08-30 07:40:14,491 | INFO  | SCMAudit | user=jenkins1000 | ip=192.168.34.43 | op=SEND_HEARTBEAT {datanodeUUID=9e64560e-57c0-404b-a5e3-eb70c00d39cc, command=[]} | ret=SUCCESS |  
2019-08-30 07:40:14,575 [grpc-default-executor-3] INFO  client.GrpcClientProtocolClient (GrpcClientProtocolClient.java:onNext(255)) - client-8ACC3CA93160->dc0e8eda-8843-49e8-9024-f7c59bdcd9bc: receive RaftClientReply:client-8ACC3CA93160->dc0e8eda-8843-49e8-9024-f7c59bdcd9bc@group-CB9C606E82CE, cid=45, FAILED org.apache.ratis.protocol.NotLeaderException: Server dc0e8eda-8843-49e8-9024-f7c59bdcd9bc is not the leader (dcd35ce2-5653-4064-9aff-c1a2cac3fe1c:192.168.34.43:41594). Request must be sent to leader., logIndex=0, commits[dc0e8eda-8843-49e8-9024-f7c59bdcd9bc:c8, dcd35ce2-5653-4064-9aff-c1a2cac3fe1c:c8, 9570f0ce-31bf-44b3-921f-a36f22efea54:c8]
2019-08-30 07:40:14,761 | INFO  | SCMAudit | user=jenkins1000 | ip=192.168.34.43 | op=SEND_HEARTBEAT {datanodeUUID=722c9a0b-3ca8-46f2-9cba-02fdf2a68848, command=[]} | ret=SUCCESS |  
2019-08-30 07:40:15,096 | INFO  | SCMAudit | user=jenkins1000 | ip=192.168.34.43 | op=SEND_HEARTBEAT {datanodeUUID=3bf132e1-02b6-4168-801a-3d7ce793c0d9, command=[]} | ret=SUCCESS |  
2019-08-30 07:40:15,260 | INFO  | SCMAudit | user=jenkins1000 | ip=192.168.34.43 | op=SEND_HEARTBEAT {datanodeUUID=dcd35ce2-5653-4064-9aff-c1a2cac3fe1c, command=[]} | ret=SUCCESS |  
2019-08-30 07:40:15,289 | INFO  | SCMAudit | user=jenkins1000 | ip=192.168.34.43 | op=SEND_HEARTBEAT {datanodeUUID=dc0e8eda-8843-49e8-9024-f7c59bdcd9bc, command=[]} | ret=SUCCESS |  
2019-08-30 07:40:15,296 | INFO  | SCMAudit | user=jenkins1000 | ip=192.168.34.43 | op=SEND_HEARTBEAT {datanodeUUID=34c5bf21-796a-477d-8f73-056dd6ef4f82, command=[]} | ret=SUCCESS |  
2019-08-30 07:40:15,297 | INFO  | SCMAudit | user=jenkins1000 | ip=192.168.34.43 | op=SEND_HEARTBEAT {datanodeUUID=9570f0ce-31bf-44b3-921f-a36f22efea54, command=[]} | ret=SUCCESS |  
2019-08-30 07:40:15,490 | INFO  | SCMAudit | user=jenkins1000 | ip=192.168.34.43 | op=SEND_HEARTBEAT {datanodeUUID=9e64560e-57c0-404b-a5e3-eb70c00d39cc, command=[]} | ret=SUCCESS |  
2019-08-30 07:40:15,759 | INFO  | SCMAudit | user=jenkins1000 | ip=192.168.34.43 | op=SEND_HEARTBEAT {datanodeUUID=722c9a0b-3ca8-46f2-9cba-02fdf2a68848, command=[]} | ret=SUCCESS |  
2019-08-30 07:40:16,095 | INFO  | SCMAudit | user=jenkins1000 | ip=192.168.34.43 | op=SEND_HEARTBEAT {datanodeUUID=3bf132e1-02b6-4168-801a-3d7ce793c0d9, command=[]} | ret=SUCCESS |  
2019-08-30 07:40:16,259 | INFO  | SCMAudit | user=jenkins1000 | ip=192.168.34.43 | op=SEND_HEARTBEAT {datanodeUUID=dcd35ce2-5653-4064-9aff-c1a2cac3fe1c, command=[]} | ret=SUCCESS |  
2019-08-30 07:40:16,289 | INFO  | SCMAudit | user=jenkins1000 | ip=192.168.34.43 | op=SEND_HEARTBEAT {datanodeUUID=dc0e8eda-8843-49e8-9024-f7c59bdcd9bc, command=[]} | ret=SUCCESS |  
2019-08-30 07:40:16,296 | INFO  | SCMAudit | user=jenkins1000 | ip=192.168.34.43 | op=SEND_HEARTBEAT {datanodeUUID=34c5bf21-796a-477d-8f73-056dd6ef4f82, command=[]} | ret=SUCCESS |  
2019-08-30 07:40:16,297 | INFO  | SCMAudit | user=jenkins1000 | ip=192.168.34.43 | op=SEND_HEARTBEAT {datanodeUUID=9570f0ce-31bf-44b3-921f-a36f22efea54, command=[]} | ret=SUCCESS |  
2019-08-30 07:40:16,490 | INFO  | SCMAudit | user=jenkins1000 | ip=192.168.34.43 | op=SEND_HEARTBEAT {datanodeUUID=9e64560e-57c0-404b-a5e3-eb70c00d39cc, command=[]} | ret=SUCCESS |  
2019-08-30 07:40:16,760 | INFO  | SCMAudit | user=jenkins1000 | ip=192.168.34.43 | op=SEND_HEARTBEAT {datanodeUUID=722c9a0b-3ca8-46f2-9cba-02fdf2a68848, command=[]} | ret=SUCCESS |  
2019-08-30 07:40:17,096 | INFO  | SCMAudit | user=jenkins1000 | ip=192.168.34.43 | op=SEND_HEARTBEAT {datanodeUUID=3bf132e1-02b6-4168-801a-3d7ce793c0d9, command=[]} | ret=SUCCESS |  
2019-08-30 07:40:17,260 | INFO  | SCMAudit | user=jenkins1000 | ip=192.168.34.43 | op=SEND_HEARTBEAT {datanodeUUID=dcd35ce2-5653-4064-9aff-c1a2cac3fe1c, command=[]} | ret=SUCCESS |  
2019-08-30 07:40:17,290 | INFO  | SCMAudit | user=jenkins1000 | ip=192.168.34.43 | op=SEND_HEARTBEAT {datanodeUUID=dc0e8eda-8843-49e8-9024-f7c59bdcd9bc, command=[]} | ret=SUCCESS |  
2019-08-30 07:40:17,296 | INFO  | SCMAudit | user=jenkins1000 | ip=192.168.34.43 | op=SEND_HEARTBEAT {datanodeUUID=34c5bf21-796a-477d-8f73-056dd6ef4f82, command=[]} | ret=SUCCESS |  
2019-08-30 07:40:17,298 | INFO  | SCMAudit | user=jenkins1000 | ip=192.168.34.43 | op=SEND_HEARTBEAT {datanodeUUID=9570f0ce-31bf-44b3-921f-a36f22efea54, command=[]} | ret=SUCCESS |  
2019-08-30 07:40:17,491 | INFO  | SCMAudit | user=jenkins1000 | ip=192.168.34.43 | op=SEND_HEARTBEAT {datanodeUUID=9e64560e-57c0-404b-a5e3-eb70c00d39cc, command=[]} | ret=SUCCESS |  
2019-08-30 07:40:17,760 | INFO  | SCMAudit | user=jenkins1000 | ip=192.168.34.43 | op=SEND_HEARTBEAT {datanodeUUID=722c9a0b-3ca8-46f2-9cba-02fdf2a68848, command=[]} | ret=SUCCESS |  
2019-08-30 07:40:18,095 | INFO  | SCMAudit | user=jenkins1000 | ip=192.168.34.43 | op=SEND_HEARTBEAT {datanodeUUID=3bf132e1-02b6-4168-801a-3d7ce793c0d9, command=[]} | ret=SUCCESS |  
2019-08-30 07:40:18,259 | INFO  | SCMAudit | user=jenkins1000 | ip=192.168.34.43 | op=SEND_HEARTBEAT {datanodeUUID=dcd35ce2-5653-4064-9aff-c1a2cac3fe1c, command=[]} | ret=SUCCESS |  
2019-08-30 07:40:18,290 | INFO  | SCMAudit | user=jenkins1000 | ip=192.168.34.43 | op=SEND_HEARTBEAT {datanodeUUID=dc0e8eda-8843-49e8-9024-f7c59bdcd9bc, command=[]} | ret=SUCCESS |  
2019-08-30 07:40:18,296 | INFO  | SCMAudit | user=jenkins1000 | ip=192.168.34.43 | op=SEND_HEARTBEAT {datanodeUUID=34c5bf21-796a-477d-8f73-056dd6ef4f82, command=[]} | ret=SUCCESS |  
2019-08-30 07:40:18,298 | INFO  | SCMAudit | user=jenkins1000 | ip=192.168.34.43 | op=SEND_HEARTBEAT {datanodeUUID=9570f0ce-31bf-44b3-921f-a36f22efea54, command=[]} | ret=SUCCESS |  
2019-08-30 07:40:18,490 | INFO  | SCMAudit | user=jenkins1000 | ip=192.168.34.43 | op=SEND_HEARTBEAT {datanodeUUID=9e64560e-57c0-404b-a5e3-eb70c00d39cc, command=[]} | ret=SUCCESS |  
2019-08-30 07:40:18,759 | INFO  | SCMAudit | user=jenkins1000 | ip=192.168.34.43 | op=SEND_HEARTBEAT {datanodeUUID=722c9a0b-3ca8-46f2-9cba-02fdf2a68848, command=[]} | ret=SUCCESS |  
2019-08-30 07:40:19,096 | INFO  | SCMAudit | user=jenkins1000 | ip=192.168.34.43 | op=SEND_HEARTBEAT {datanodeUUID=3bf132e1-02b6-4168-801a-3d7ce793c0d9, command=[]} | ret=SUCCESS |  
2019-08-30 07:40:19,260 | INFO  | SCMAudit | user=jenkins1000 | ip=192.168.34.43 | op=SEND_HEARTBEAT {datanodeUUID=dcd35ce2-5653-4064-9aff-c1a2cac3fe1c, command=[]} | ret=SUCCESS |  
2019-08-30 07:40:19,290 | INFO  | SCMAudit | user=jenkins1000 | ip=192.168.34.43 | op=SEND_HEARTBEAT {datanodeUUID=dc0e8eda-8843-49e8-9024-f7c59bdcd9bc, command=[]} | ret=SUCCESS |  
2019-08-30 07:40:19,297 | INFO  | SCMAudit | user=jenkins1000 | ip=192.168.34.43 | op=SEND_HEARTBEAT {datanodeUUID=34c5bf21-796a-477d-8f73-056dd6ef4f82, command=[]} | ret=SUCCESS |  
2019-08-30 07:40:19,298 | INFO  | SCMAudit | user=jenkins1000 | ip=192.168.34.43 | op=SEND_HEARTBEAT {datanodeUUID=9570f0ce-31bf-44b3-921f-a36f22efea54, command=[]} | ret=SUCCESS |  
2019-08-30 07:40:19,491 | INFO  | SCMAudit | user=jenkins1000 | ip=192.168.34.43 | op=SEND_HEARTBEAT {datanodeUUID=9e64560e-57c0-404b-a5e3-eb70c00d39cc, command=[]} | ret=SUCCESS |  
2019-08-30 07:40:19,610 [grpc-default-executor-3] INFO  client.GrpcClientProtocolClient (GrpcClientProtocolClient.java:onNext(255)) - client-8ACC3CA93160->9570f0ce-31bf-44b3-921f-a36f22efea54: receive RaftClientReply:client-8ACC3CA93160->9570f0ce-31bf-44b3-921f-a36f22efea54@group-CB9C606E82CE, cid=45, FAILED org.apache.ratis.protocol.NotLeaderException: Server 9570f0ce-31bf-44b3-921f-a36f22efea54 is not the leader (dcd35ce2-5653-4064-9aff-c1a2cac3fe1c:192.168.34.43:41594). Request must be sent to leader., logIndex=0, commits[9570f0ce-31bf-44b3-921f-a36f22efea54:c8, dc0e8eda-8843-49e8-9024-f7c59bdcd9bc:c8, dcd35ce2-5653-4064-9aff-c1a2cac3fe1c:c8]
2019-08-30 07:40:19,759 | INFO  | SCMAudit | user=jenkins1000 | ip=192.168.34.43 | op=SEND_HEARTBEAT {datanodeUUID=722c9a0b-3ca8-46f2-9cba-02fdf2a68848, command=[]} | ret=SUCCESS |  
2019-08-30 07:40:20,096 | INFO  | SCMAudit | user=jenkins1000 | ip=192.168.34.43 | op=SEND_HEARTBEAT {datanodeUUID=3bf132e1-02b6-4168-801a-3d7ce793c0d9, command=[]} | ret=SUCCESS |  
2019-08-30 07:40:20,259 | INFO  | SCMAudit | user=jenkins1000 | ip=192.168.34.43 | op=SEND_HEARTBEAT {datanodeUUID=dcd35ce2-5653-4064-9aff-c1a2cac3fe1c, command=[]} | ret=SUCCESS |  
2019-08-30 07:40:20,289 | INFO  | SCMAudit | user=jenkins1000 | ip=192.168.34.43 | op=SEND_HEARTBEAT {datanodeUUID=dc0e8eda-8843-49e8-9024-f7c59bdcd9bc, command=[]} | ret=SUCCESS |  
2019-08-30 07:40:20,297 | INFO  | SCMAudit | user=jenkins1000 | ip=192.168.34.43 | op=SEND_HEARTBEAT {datanodeUUID=34c5bf21-796a-477d-8f73-056dd6ef4f82, command=[]} | ret=SUCCESS |  
2019-08-30 07:40:20,298 | INFO  | SCMAudit | user=jenkins1000 | ip=192.168.34.43 | op=SEND_HEARTBEAT {datanodeUUID=9570f0ce-31bf-44b3-921f-a36f22efea54, command=[]} | ret=SUCCESS |  
2019-08-30 07:40:20,490 | INFO  | SCMAudit | user=jenkins1000 | ip=192.168.34.43 | op=SEND_HEARTBEAT {datanodeUUID=9e64560e-57c0-404b-a5e3-eb70c00d39cc, command=[]} | ret=SUCCESS |  
2019-08-30 07:40:20,760 | INFO  | SCMAudit | user=jenkins1000 | ip=192.168.34.43 | op=SEND_HEARTBEAT {datanodeUUID=722c9a0b-3ca8-46f2-9cba-02fdf2a68848, command=[]} | ret=SUCCESS |  
2019-08-30 07:40:21,095 | INFO  | SCMAudit | user=jenkins1000 | ip=192.168.34.43 | op=SEND_HEARTBEAT {datanodeUUID=3bf132e1-02b6-4168-801a-3d7ce793c0d9, command=[]} | ret=SUCCESS |  
2019-08-30 07:40:21,259 | INFO  | SCMAudit | user=jenkins1000 | ip=192.168.34.43 | op=SEND_HEARTBEAT {datanodeUUID=dcd35ce2-5653-4064-9aff-c1a2cac3fe1c, command=[]} | ret=SUCCESS |  
2019-08-30 07:40:21,289 | INFO  | SCMAudit | user=jenkins1000 | ip=192.168.34.43 | op=SEND_HEARTBEAT {datanodeUUID=dc0e8eda-8843-49e8-9024-f7c59bdcd9bc, command=[]} | ret=SUCCESS |  
2019-08-30 07:40:21,296 | INFO  | SCMAudit | user=jenkins1000 | ip=192.168.34.43 | op=SEND_HEARTBEAT {datanodeUUID=34c5bf21-796a-477d-8f73-056dd6ef4f82, command=[]} | ret=SUCCESS |  
2019-08-30 07:40:21,298 | INFO  | SCMAudit | user=jenkins1000 | ip=192.168.34.43 | op=SEND_HEARTBEAT {datanodeUUID=9570f0ce-31bf-44b3-921f-a36f22efea54, command=[]} | ret=SUCCESS |  
2019-08-30 07:40:21,491 | INFO  | SCMAudit | user=jenkins1000 | ip=192.168.34.43 | op=SEND_HEARTBEAT {datanodeUUID=9e64560e-57c0-404b-a5e3-eb70c00d39cc, command=[]} | ret=SUCCESS |  
2019-08-30 07:40:21,759 | INFO  | SCMAudit | user=jenkins1000 | ip=192.168.34.43 | op=SEND_HEARTBEAT {datanodeUUID=722c9a0b-3ca8-46f2-9cba-02fdf2a68848, command=[]} | ret=SUCCESS |  
2019-08-30 07:40:22,095 | INFO  | SCMAudit | user=jenkins1000 | ip=192.168.34.43 | op=SEND_HEARTBEAT {datanodeUUID=3bf132e1-02b6-4168-801a-3d7ce793c0d9, command=[]} | ret=SUCCESS |  
2019-08-30 07:40:22,259 | INFO  | SCMAudit | user=jenkins1000 | ip=192.168.34.43 | op=SEND_HEARTBEAT {datanodeUUID=dcd35ce2-5653-4064-9aff-c1a2cac3fe1c, command=[]} | ret=SUCCESS |  
2019-08-30 07:40:22,289 | INFO  | SCMAudit | user=jenkins1000 | ip=192.168.34.43 | op=SEND_HEARTBEAT {datanodeUUID=dc0e8eda-8843-49e8-9024-f7c59bdcd9bc, command=[]} | ret=SUCCESS |  
2019-08-30 07:40:22,296 | INFO  | SCMAudit | user=jenkins1000 | ip=192.168.34.43 | op=SEND_HEARTBEAT {datanodeUUID=34c5bf21-796a-477d-8f73-056dd6ef4f82, command=[]} | ret=SUCCESS |  
2019-08-30 07:40:22,298 | INFO  | SCMAudit | user=jenkins1000 | ip=192.168.34.43 | op=SEND_HEARTBEAT {datanodeUUID=9570f0ce-31bf-44b3-921f-a36f22efea54, command=[]} | ret=SUCCESS |  
2019-08-30 07:40:22,490 | INFO  | SCMAudit | user=jenkins1000 | ip=192.168.34.43 | op=SEND_HEARTBEAT {datanodeUUID=9e64560e-57c0-404b-a5e3-eb70c00d39cc, command=[]} | ret=SUCCESS |  
2019-08-30 07:40:22,759 | INFO  | SCMAudit | user=jenkins1000 | ip=192.168.34.43 | op=SEND_HEARTBEAT {datanodeUUID=722c9a0b-3ca8-46f2-9cba-02fdf2a68848, command=[]} | ret=SUCCESS |  
2019-08-30 07:40:23,096 | INFO  | SCMAudit | user=jenkins1000 | ip=192.168.34.43 | op=SEND_HEARTBEAT {datanodeUUID=3bf132e1-02b6-4168-801a-3d7ce793c0d9, command=[]} | ret=SUCCESS |  
2019-08-30 07:40:23,260 | INFO  | SCMAudit | user=jenkins1000 | ip=192.168.34.43 | op=SEND_HEARTBEAT {datanodeUUID=dcd35ce2-5653-4064-9aff-c1a2cac3fe1c, command=[]} | ret=SUCCESS |  
2019-08-30 07:40:23,289 | INFO  | SCMAudit | user=jenkins1000 | ip=192.168.34.43 | op=SEND_HEARTBEAT {datanodeUUID=dc0e8eda-8843-49e8-9024-f7c59bdcd9bc, command=[]} | ret=SUCCESS |  
2019-08-30 07:40:23,297 | INFO  | SCMAudit | user=jenkins1000 | ip=192.168.34.43 | op=SEND_HEARTBEAT {datanodeUUID=34c5bf21-796a-477d-8f73-056dd6ef4f82, command=[]} | ret=SUCCESS |  
2019-08-30 07:40:23,298 | INFO  | SCMAudit | user=jenkins1000 | ip=192.168.34.43 | op=SEND_HEARTBEAT {datanodeUUID=9570f0ce-31bf-44b3-921f-a36f22efea54, command=[]} | ret=SUCCESS |  
2019-08-30 07:40:23,490 | INFO  | SCMAudit | user=jenkins1000 | ip=192.168.34.43 | op=SEND_HEARTBEAT {datanodeUUID=9e64560e-57c0-404b-a5e3-eb70c00d39cc, command=[]} | ret=SUCCESS |  
2019-08-30 07:40:23,760 | INFO  | SCMAudit | user=jenkins1000 | ip=192.168.34.43 | op=SEND_HEARTBEAT {datanodeUUID=722c9a0b-3ca8-46f2-9cba-02fdf2a68848, command=[]} | ret=SUCCESS |  
2019-08-30 07:40:24,095 | INFO  | SCMAudit | user=jenkins1000 | ip=192.168.34.43 | op=SEND_HEARTBEAT {datanodeUUID=3bf132e1-02b6-4168-801a-3d7ce793c0d9, command=[]} | ret=SUCCESS |  
2019-08-30 07:40:24,259 | INFO  | SCMAudit | user=jenkins1000 | ip=192.168.34.43 | op=SEND_HEARTBEAT {datanodeUUID=dcd35ce2-5653-4064-9aff-c1a2cac3fe1c, command=[]} | ret=SUCCESS |  
2019-08-30 07:40:24,289 | INFO  | SCMAudit | user=jenkins1000 | ip=192.168.34.43 | op=SEND_HEARTBEAT {datanodeUUID=dc0e8eda-8843-49e8-9024-f7c59bdcd9bc, command=[]} | ret=SUCCESS |  
2019-08-30 07:40:24,296 | INFO  | SCMAudit | user=jenkins1000 | ip=192.168.34.43 | op=SEND_HEARTBEAT {datanodeUUID=34c5bf21-796a-477d-8f73-056dd6ef4f82, command=[]} | ret=SUCCESS |  
2019-08-30 07:40:24,298 | INFO  | SCMAudit | user=jenkins1000 | ip=192.168.34.43 | op=SEND_HEARTBEAT {datanodeUUID=9570f0ce-31bf-44b3-921f-a36f22efea54, command=[]} | ret=SUCCESS |  
2019-08-30 07:40:24,491 | INFO  | SCMAudit | user=jenkins1000 | ip=192.168.34.43 | op=SEND_HEARTBEAT {datanodeUUID=9e64560e-57c0-404b-a5e3-eb70c00d39cc, command=[]} | ret=SUCCESS |  
2019-08-30 07:40:24,661 [grpc-default-executor-3] INFO  client.GrpcClientProtocolClient (GrpcClientProtocolClient.java:onNext(255)) - client-8ACC3CA93160->dc0e8eda-8843-49e8-9024-f7c59bdcd9bc: receive RaftClientReply:client-8ACC3CA93160->dc0e8eda-8843-49e8-9024-f7c59bdcd9bc@group-CB9C606E82CE, cid=45, FAILED org.apache.ratis.protocol.NotLeaderException: Server dc0e8eda-8843-49e8-9024-f7c59bdcd9bc is not the leader (dcd35ce2-5653-4064-9aff-c1a2cac3fe1c:192.168.34.43:41594). Request must be sent to leader., logIndex=0, commits[dc0e8eda-8843-49e8-9024-f7c59bdcd9bc:c8, dcd35ce2-5653-4064-9aff-c1a2cac3fe1c:c8, 9570f0ce-31bf-44b3-921f-a36f22efea54:c8]
2019-08-30 07:40:24,760 | INFO  | SCMAudit | user=jenkins1000 | ip=192.168.34.43 | op=SEND_HEARTBEAT {datanodeUUID=722c9a0b-3ca8-46f2-9cba-02fdf2a68848, command=[]} | ret=SUCCESS |  
2019-08-30 07:40:25,095 | INFO  | SCMAudit | user=jenkins1000 | ip=192.168.34.43 | op=SEND_HEARTBEAT {datanodeUUID=3bf132e1-02b6-4168-801a-3d7ce793c0d9, command=[]} | ret=SUCCESS |  
2019-08-30 07:40:25,259 | INFO  | SCMAudit | user=jenkins1000 | ip=192.168.34.43 | op=SEND_HEARTBEAT {datanodeUUID=dcd35ce2-5653-4064-9aff-c1a2cac3fe1c, command=[]} | ret=SUCCESS |  
2019-08-30 07:40:25,289 | INFO  | SCMAudit | user=jenkins1000 | ip=192.168.34.43 | op=SEND_HEARTBEAT {datanodeUUID=dc0e8eda-8843-49e8-9024-f7c59bdcd9bc, command=[]} | ret=SUCCESS |  
2019-08-30 07:40:25,297 | INFO  | SCMAudit | user=jenkins1000 | ip=192.168.34.43 | op=SEND_HEARTBEAT {datanodeUUID=34c5bf21-796a-477d-8f73-056dd6ef4f82, command=[]} | ret=SUCCESS |  
2019-08-30 07:40:25,298 | INFO  | SCMAudit | user=jenkins1000 | ip=192.168.34.43 | op=SEND_HEARTBEAT {datanodeUUID=9570f0ce-31bf-44b3-921f-a36f22efea54, command=[]} | ret=SUCCESS |  
2019-08-30 07:40:25,491 | INFO  | SCMAudit | user=jenkins1000 | ip=192.168.34.43 | op=SEND_HEARTBEAT {datanodeUUID=9e64560e-57c0-404b-a5e3-eb70c00d39cc, command=[]} | ret=SUCCESS |  
2019-08-30 07:40:25,760 | INFO  | SCMAudit | user=jenkins1000 | ip=192.168.34.43 | op=SEND_HEARTBEAT {datanodeUUID=722c9a0b-3ca8-46f2-9cba-02fdf2a68848, command=[]} | ret=SUCCESS |  
2019-08-30 07:40:26,096 | INFO  | SCMAudit | user=jenkins1000 | ip=192.168.34.43 | op=SEND_HEARTBEAT {datanodeUUID=3bf132e1-02b6-4168-801a-3d7ce793c0d9, command=[]} | ret=SUCCESS |  
2019-08-30 07:40:26,260 | INFO  | SCMAudit | user=jenkins1000 | ip=192.168.34.43 | op=SEND_HEARTBEAT {datanodeUUID=dcd35ce2-5653-4064-9aff-c1a2cac3fe1c, command=[]} | ret=SUCCESS |  
2019-08-30 07:40:26,289 | INFO  | SCMAudit | user=jenkins1000 | ip=192.168.34.43 | op=SEND_HEARTBEAT {datanodeUUID=dc0e8eda-8843-49e8-9024-f7c59bdcd9bc, command=[]} | ret=SUCCESS |  
2019-08-30 07:40:26,296 | INFO  | SCMAudit | user=jenkins1000 | ip=192.168.34.43 | op=SEND_HEARTBEAT {datanodeUUID=34c5bf21-796a-477d-8f73-056dd6ef4f82, command=[]} | ret=SUCCESS |  
2019-08-30 07:40:26,298 | INFO  | SCMAudit | user=jenkins1000 | ip=192.168.34.43 | op=SEND_HEARTBEAT {datanodeUUID=9570f0ce-31bf-44b3-921f-a36f22efea54, command=[]} | ret=SUCCESS |  
2019-08-30 07:40:26,491 | INFO  | SCMAudit | user=jenkins1000 | ip=192.168.34.43 | op=SEND_HEARTBEAT {datanodeUUID=9e64560e-57c0-404b-a5e3-eb70c00d39cc, command=[]} | ret=SUCCESS |  
2019-08-30 07:40:26,759 | INFO  | SCMAudit | user=jenkins1000 | ip=192.168.34.43 | op=SEND_HEARTBEAT {datanodeUUID=722c9a0b-3ca8-46f2-9cba-02fdf2a68848, command=[]} | ret=SUCCESS |  
2019-08-30 07:40:27,095 | INFO  | SCMAudit | user=jenkins1000 | ip=192.168.34.43 | op=SEND_HEARTBEAT {datanodeUUID=3bf132e1-02b6-4168-801a-3d7ce793c0d9, command=[]} | ret=SUCCESS |  
2019-08-30 07:40:27,260 | INFO  | SCMAudit | user=jenkins1000 | ip=192.168.34.43 | op=SEND_HEARTBEAT {datanodeUUID=dcd35ce2-5653-4064-9aff-c1a2cac3fe1c, command=[]} | ret=SUCCESS |  
2019-08-30 07:40:27,289 | INFO  | SCMAudit | user=jenkins1000 | ip=192.168.34.43 | op=SEND_HEARTBEAT {datanodeUUID=dc0e8eda-8843-49e8-9024-f7c59bdcd9bc, command=[]} | ret=SUCCESS |  
2019-08-30 07:40:27,296 | INFO  | SCMAudit | user=jenkins1000 | ip=192.168.34.43 | op=SEND_HEARTBEAT {datanodeUUID=34c5bf21-796a-477d-8f73-056dd6ef4f82, command=[]} | ret=SUCCESS |  
2019-08-30 07:40:27,298 | INFO  | SCMAudit | user=jenkins1000 | ip=192.168.34.43 | op=SEND_HEARTBEAT {datanodeUUID=9570f0ce-31bf-44b3-921f-a36f22efea54, command=[]} | ret=SUCCESS |  
2019-08-30 07:40:27,491 | INFO  | SCMAudit | user=jenkins1000 | ip=192.168.34.43 | op=SEND_HEARTBEAT {datanodeUUID=9e64560e-57c0-404b-a5e3-eb70c00d39cc, command=[]} | ret=SUCCESS |  
2019-08-30 07:40:27,759 | INFO  | SCMAudit | user=jenkins1000 | ip=192.168.34.43 | op=SEND_HEARTBEAT {datanodeUUID=722c9a0b-3ca8-46f2-9cba-02fdf2a68848, command=[]} | ret=SUCCESS |  
2019-08-30 07:40:28,095 | INFO  | SCMAudit | user=jenkins1000 | ip=192.168.34.43 | op=SEND_HEARTBEAT {datanodeUUID=3bf132e1-02b6-4168-801a-3d7ce793c0d9, command=[]} | ret=SUCCESS |  
2019-08-30 07:40:28,260 | INFO  | SCMAudit | user=jenkins1000 | ip=192.168.34.43 | op=SEND_HEARTBEAT {datanodeUUID=dcd35ce2-5653-4064-9aff-c1a2cac3fe1c, command=[]} | ret=SUCCESS |  
2019-08-30 07:40:28,289 | INFO  | SCMAudit | user=jenkins1000 | ip=192.168.34.43 | op=SEND_HEARTBEAT {datanodeUUID=dc0e8eda-8843-49e8-9024-f7c59bdcd9bc, command=[]} | ret=SUCCESS |  
2019-08-30 07:40:28,296 | INFO  | SCMAudit | user=jenkins1000 | ip=192.168.34.43 | op=SEND_HEARTBEAT {datanodeUUID=34c5bf21-796a-477d-8f73-056dd6ef4f82, command=[]} | ret=SUCCESS |  
2019-08-30 07:40:28,298 | INFO  | SCMAudit | user=jenkins1000 | ip=192.168.34.43 | op=SEND_HEARTBEAT {datanodeUUID=9570f0ce-31bf-44b3-921f-a36f22efea54, command=[]} | ret=SUCCESS |  
2019-08-30 07:40:28,492 | INFO  | SCMAudit | user=jenkins1000 | ip=192.168.34.43 | op=SEND_HEARTBEAT {datanodeUUID=9e64560e-57c0-404b-a5e3-eb70c00d39cc, command=[]} | ret=SUCCESS |  
2019-08-30 07:40:28,760 | INFO  | SCMAudit | user=jenkins1000 | ip=192.168.34.43 | op=SEND_HEARTBEAT {datanodeUUID=722c9a0b-3ca8-46f2-9cba-02fdf2a68848, command=[]} | ret=SUCCESS |  
2019-08-30 07:40:29,096 | INFO  | SCMAudit | user=jenkins1000 | ip=192.168.34.43 | op=SEND_HEARTBEAT {datanodeUUID=3bf132e1-02b6-4168-801a-3d7ce793c0d9, command=[]} | ret=SUCCESS |  
2019-08-30 07:40:29,260 | INFO  | SCMAudit | user=jenkins1000 | ip=192.168.34.43 | op=SEND_HEARTBEAT {datanodeUUID=dcd35ce2-5653-4064-9aff-c1a2cac3fe1c, command=[]} | ret=SUCCESS |  
2019-08-30 07:40:29,289 | INFO  | SCMAudit | user=jenkins1000 | ip=192.168.34.43 | op=SEND_HEARTBEAT {datanodeUUID=dc0e8eda-8843-49e8-9024-f7c59bdcd9bc, command=[]} | ret=SUCCESS |  
2019-08-30 07:40:29,296 | INFO  | SCMAudit | user=jenkins1000 | ip=192.168.34.43 | op=SEND_HEARTBEAT {datanodeUUID=34c5bf21-796a-477d-8f73-056dd6ef4f82, command=[]} | ret=SUCCESS |  
2019-08-30 07:40:29,298 | INFO  | SCMAudit | user=jenkins1000 | ip=192.168.34.43 | op=SEND_HEARTBEAT {datanodeUUID=9570f0ce-31bf-44b3-921f-a36f22efea54, command=[]} | ret=SUCCESS |  
2019-08-30 07:40:29,492 | INFO  | SCMAudit | user=jenkins1000 | ip=192.168.34.43 | op=SEND_HEARTBEAT {datanodeUUID=9e64560e-57c0-404b-a5e3-eb70c00d39cc, command=[]} | ret=SUCCESS |  
2019-08-30 07:40:29,712 [grpc-default-executor-3] INFO  client.GrpcClientProtocolClient (GrpcClientProtocolClient.java:onNext(255)) - client-8ACC3CA93160->9570f0ce-31bf-44b3-921f-a36f22efea54: receive RaftClientReply:client-8ACC3CA93160->9570f0ce-31bf-44b3-921f-a36f22efea54@group-CB9C606E82CE, cid=45, FAILED org.apache.ratis.protocol.NotLeaderException: Server 9570f0ce-31bf-44b3-921f-a36f22efea54 is not the leader (dcd35ce2-5653-4064-9aff-c1a2cac3fe1c:192.168.34.43:41594). Request must be sent to leader., logIndex=0, commits[9570f0ce-31bf-44b3-921f-a36f22efea54:c8, dc0e8eda-8843-49e8-9024-f7c59bdcd9bc:c8, dcd35ce2-5653-4064-9aff-c1a2cac3fe1c:c8]
2019-08-30 07:40:29,760 | INFO  | SCMAudit | user=jenkins1000 | ip=192.168.34.43 | op=SEND_HEARTBEAT {datanodeUUID=722c9a0b-3ca8-46f2-9cba-02fdf2a68848, command=[]} | ret=SUCCESS |  
2019-08-30 07:40:30,096 | INFO  | SCMAudit | user=jenkins1000 | ip=192.168.34.43 | op=SEND_HEARTBEAT {datanodeUUID=3bf132e1-02b6-4168-801a-3d7ce793c0d9, command=[]} | ret=SUCCESS |  
2019-08-30 07:40:30,261 | INFO  | SCMAudit | user=jenkins1000 | ip=192.168.34.43 | op=SEND_HEARTBEAT {datanodeUUID=dcd35ce2-5653-4064-9aff-c1a2cac3fe1c, command=[]} | ret=SUCCESS |  
2019-08-30 07:40:30,290 | INFO  | SCMAudit | user=jenkins1000 | ip=192.168.34.43 | op=SEND_HEARTBEAT {datanodeUUID=dc0e8eda-8843-49e8-9024-f7c59bdcd9bc, command=[]} | ret=SUCCESS |  
2019-08-30 07:40:30,296 | INFO  | SCMAudit | user=jenkins1000 | ip=192.168.34.43 | op=SEND_HEARTBEAT {datanodeUUID=34c5bf21-796a-477d-8f73-056dd6ef4f82, command=[]} | ret=SUCCESS |  
2019-08-30 07:40:30,298 | INFO  | SCMAudit | user=jenkins1000 | ip=192.168.34.43 | op=SEND_HEARTBEAT {datanodeUUID=9570f0ce-31bf-44b3-921f-a36f22efea54, command=[]} | ret=SUCCESS |  
2019-08-30 07:40:30,491 | INFO  | SCMAudit | user=jenkins1000 | ip=192.168.34.43 | op=SEND_HEARTBEAT {datanodeUUID=9e64560e-57c0-404b-a5e3-eb70c00d39cc, command=[]} | ret=SUCCESS |  
2019-08-30 07:40:30,759 | INFO  | SCMAudit | user=jenkins1000 | ip=192.168.34.43 | op=SEND_HEARTBEAT {datanodeUUID=722c9a0b-3ca8-46f2-9cba-02fdf2a68848, command=[]} | ret=SUCCESS |  
2019-08-30 07:40:31,095 | INFO  | SCMAudit | user=jenkins1000 | ip=192.168.34.43 | op=SEND_HEARTBEAT {datanodeUUID=3bf132e1-02b6-4168-801a-3d7ce793c0d9, command=[]} | ret=SUCCESS |  
2019-08-30 07:40:31,260 | INFO  | SCMAudit | user=jenkins1000 | ip=192.168.34.43 | op=SEND_HEARTBEAT {datanodeUUID=dcd35ce2-5653-4064-9aff-c1a2cac3fe1c, command=[]} | ret=SUCCESS |  
2019-08-30 07:40:31,289 | INFO  | SCMAudit | user=jenkins1000 | ip=192.168.34.43 | op=SEND_HEARTBEAT {datanodeUUID=dc0e8eda-8843-49e8-9024-f7c59bdcd9bc, command=[]} | ret=SUCCESS |  
2019-08-30 07:40:31,296 | INFO  | SCMAudit | user=jenkins1000 | ip=192.168.34.43 | op=SEND_HEARTBEAT {datanodeUUID=34c5bf21-796a-477d-8f73-056dd6ef4f82, command=[]} | ret=SUCCESS |  
2019-08-30 07:40:31,298 | INFO  | SCMAudit | user=jenkins1000 | ip=192.168.34.43 | op=SEND_HEARTBEAT {datanodeUUID=9570f0ce-31bf-44b3-921f-a36f22efea54, command=[]} | ret=SUCCESS |  
2019-08-30 07:40:31,491 | INFO  | SCMAudit | user=jenkins1000 | ip=192.168.34.43 | op=SEND_HEARTBEAT {datanodeUUID=9e64560e-57c0-404b-a5e3-eb70c00d39cc, command=[]} | ret=SUCCESS |  
2019-08-30 07:40:31,760 | INFO  | SCMAudit | user=jenkins1000 | ip=192.168.34.43 | op=SEND_HEARTBEAT {datanodeUUID=722c9a0b-3ca8-46f2-9cba-02fdf2a68848, command=[]} | ret=SUCCESS |  
2019-08-30 07:40:32,096 | INFO  | SCMAudit | user=jenkins1000 | ip=192.168.34.43 | op=SEND_HEARTBEAT {datanodeUUID=3bf132e1-02b6-4168-801a-3d7ce793c0d9, command=[]} | ret=SUCCESS |  
2019-08-30 07:40:32,260 | INFO  | SCMAudit | user=jenkins1000 | ip=192.168.34.43 | op=SEND_HEARTBEAT {datanodeUUID=dcd35ce2-5653-4064-9aff-c1a2cac3fe1c, command=[]} | ret=SUCCESS |  
2019-08-30 07:40:32,289 | INFO  | SCMAudit | user=jenkins1000 | ip=192.168.34.43 | op=SEND_HEARTBEAT {datanodeUUID=dc0e8eda-8843-49e8-9024-f7c59bdcd9bc, command=[]} | ret=SUCCESS |  
2019-08-30 07:40:32,296 | INFO  | SCMAudit | user=jenkins1000 | ip=192.168.34.43 | op=SEND_HEARTBEAT {datanodeUUID=34c5bf21-796a-477d-8f73-056dd6ef4f82, command=[]} | ret=SUCCESS |  
2019-08-30 07:40:32,298 | INFO  | SCMAudit | user=jenkins1000 | ip=192.168.34.43 | op=SEND_HEARTBEAT {datanodeUUID=9570f0ce-31bf-44b3-921f-a36f22efea54, command=[]} | ret=SUCCESS |  
2019-08-30 07:40:32,491 | INFO  | SCMAudit | user=jenkins1000 | ip=192.168.34.43 | op=SEND_HEARTBEAT {datanodeUUID=9e64560e-57c0-404b-a5e3-eb70c00d39cc, command=[]} | ret=SUCCESS |  
2019-08-30 07:40:32,760 | INFO  | SCMAudit | user=jenkins1000 | ip=192.168.34.43 | op=SEND_HEARTBEAT {datanodeUUID=722c9a0b-3ca8-46f2-9cba-02fdf2a68848, command=[]} | ret=SUCCESS |  
2019-08-30 07:40:33,095 | INFO  | SCMAudit | user=jenkins1000 | ip=192.168.34.43 | op=SEND_HEARTBEAT {datanodeUUID=3bf132e1-02b6-4168-801a-3d7ce793c0d9, command=[]} | ret=SUCCESS |  
2019-08-30 07:40:33,261 | INFO  | SCMAudit | user=jenkins1000 | ip=192.168.34.43 | op=SEND_HEARTBEAT {datanodeUUID=dcd35ce2-5653-4064-9aff-c1a2cac3fe1c, command=[]} | ret=SUCCESS |  
2019-08-30 07:40:33,289 | INFO  | SCMAudit | user=jenkins1000 | ip=192.168.34.43 | op=SEND_HEARTBEAT {datanodeUUID=dc0e8eda-8843-49e8-9024-f7c59bdcd9bc, command=[]} | ret=SUCCESS |  
2019-08-30 07:40:33,296 | INFO  | SCMAudit | user=jenkins1000 | ip=192.168.34.43 | op=SEND_HEARTBEAT {datanodeUUID=34c5bf21-796a-477d-8f73-056dd6ef4f82, command=[]} | ret=SUCCESS |  
2019-08-30 07:40:33,298 | INFO  | SCMAudit | user=jenkins1000 | ip=192.168.34.43 | op=SEND_HEARTBEAT {datanodeUUID=9570f0ce-31bf-44b3-921f-a36f22efea54, command=[]} | ret=SUCCESS |  
2019-08-30 07:40:33,492 | INFO  | SCMAudit | user=jenkins1000 | ip=192.168.34.43 | op=SEND_HEARTBEAT {datanodeUUID=9e64560e-57c0-404b-a5e3-eb70c00d39cc, command=[]} | ret=SUCCESS |  
2019-08-30 07:40:33,760 | INFO  | SCMAudit | user=jenkins1000 | ip=192.168.34.43 | op=SEND_HEARTBEAT {datanodeUUID=722c9a0b-3ca8-46f2-9cba-02fdf2a68848, command=[]} | ret=SUCCESS |  
2019-08-30 07:40:34,096 | INFO  | SCMAudit | user=jenkins1000 | ip=192.168.34.43 | op=SEND_HEARTBEAT {datanodeUUID=3bf132e1-02b6-4168-801a-3d7ce793c0d9, command=[]} | ret=SUCCESS |  
2019-08-30 07:40:34,261 | INFO  | SCMAudit | user=jenkins1000 | ip=192.168.34.43 | op=SEND_HEARTBEAT {datanodeUUID=dcd35ce2-5653-4064-9aff-c1a2cac3fe1c, command=[]} | ret=SUCCESS |  
2019-08-30 07:40:34,289 | INFO  | SCMAudit | user=jenkins1000 | ip=192.168.34.43 | op=SEND_HEARTBEAT {datanodeUUID=dc0e8eda-8843-49e8-9024-f7c59bdcd9bc, command=[]} | ret=SUCCESS |  
2019-08-30 07:40:34,296 | INFO  | SCMAudit | user=jenkins1000 | ip=192.168.34.43 | op=SEND_HEARTBEAT {datanodeUUID=34c5bf21-796a-477d-8f73-056dd6ef4f82, command=[]} | ret=SUCCESS |  
2019-08-30 07:40:34,298 | INFO  | SCMAudit | user=jenkins1000 | ip=192.168.34.43 | op=SEND_HEARTBEAT {datanodeUUID=9570f0ce-31bf-44b3-921f-a36f22efea54, command=[]} | ret=SUCCESS |  
2019-08-30 07:40:34,492 | INFO  | SCMAudit | user=jenkins1000 | ip=192.168.34.43 | op=SEND_HEARTBEAT {datanodeUUID=9e64560e-57c0-404b-a5e3-eb70c00d39cc, command=[]} | ret=SUCCESS |  
2019-08-30 07:40:34,748 [grpc-default-executor-1] INFO  client.GrpcClientProtocolClient (GrpcClientProtocolClient.java:onNext(255)) - client-8ACC3CA93160->9570f0ce-31bf-44b3-921f-a36f22efea54: receive RaftClientReply:client-8ACC3CA93160->9570f0ce-31bf-44b3-921f-a36f22efea54@group-CB9C606E82CE, cid=45, FAILED org.apache.ratis.protocol.NotLeaderException: Server 9570f0ce-31bf-44b3-921f-a36f22efea54 is not the leader (dcd35ce2-5653-4064-9aff-c1a2cac3fe1c:192.168.34.43:41594). Request must be sent to leader., logIndex=0, commits[9570f0ce-31bf-44b3-921f-a36f22efea54:c8, dc0e8eda-8843-49e8-9024-f7c59bdcd9bc:c8, dcd35ce2-5653-4064-9aff-c1a2cac3fe1c:c8]
2019-08-30 07:40:34,760 | INFO  | SCMAudit | user=jenkins1000 | ip=192.168.34.43 | op=SEND_HEARTBEAT {datanodeUUID=722c9a0b-3ca8-46f2-9cba-02fdf2a68848, command=[]} | ret=SUCCESS |  
2019-08-30 07:40:35,096 | INFO  | SCMAudit | user=jenkins1000 | ip=192.168.34.43 | op=SEND_HEARTBEAT {datanodeUUID=3bf132e1-02b6-4168-801a-3d7ce793c0d9, command=[]} | ret=SUCCESS |  
2019-08-30 07:40:35,262 | INFO  | SCMAudit | user=jenkins1000 | ip=192.168.34.43 | op=SEND_HEARTBEAT {datanodeUUID=dcd35ce2-5653-4064-9aff-c1a2cac3fe1c, command=[]} | ret=SUCCESS |  
2019-08-30 07:40:35,290 | INFO  | SCMAudit | user=jenkins1000 | ip=192.168.34.43 | op=SEND_HEARTBEAT {datanodeUUID=dc0e8eda-8843-49e8-9024-f7c59bdcd9bc, command=[]} | ret=SUCCESS |  
2019-08-30 07:40:35,297 | INFO  | SCMAudit | user=jenkins1000 | ip=192.168.34.43 | op=SEND_HEARTBEAT {datanodeUUID=34c5bf21-796a-477d-8f73-056dd6ef4f82, command=[]} | ret=SUCCESS |  
2019-08-30 07:40:35,298 | INFO  | SCMAudit | user=jenkins1000 | ip=192.168.34.43 | op=SEND_HEARTBEAT {datanodeUUID=9570f0ce-31bf-44b3-921f-a36f22efea54, command=[]} | ret=SUCCESS |  
2019-08-30 07:40:35,491 | INFO  | SCMAudit | user=jenkins1000 | ip=192.168.34.43 | op=SEND_HEARTBEAT {datanodeUUID=9e64560e-57c0-404b-a5e3-eb70c00d39cc, command=[]} | ret=SUCCESS |  
2019-08-30 07:40:35,762 | INFO  | SCMAudit | user=jenkins1000 | ip=192.168.34.43 | op=SEND_HEARTBEAT {datanodeUUID=722c9a0b-3ca8-46f2-9cba-02fdf2a68848, command=[]} | ret=SUCCESS |  
2019-08-30 07:40:36,097 | INFO  | SCMAudit | user=jenkins1000 | ip=192.168.34.43 | op=SEND_HEARTBEAT {datanodeUUID=3bf132e1-02b6-4168-801a-3d7ce793c0d9, command=[]} | ret=SUCCESS |  
2019-08-30 07:40:36,263 | INFO  | SCMAudit | user=jenkins1000 | ip=192.168.34.43 | op=SEND_HEARTBEAT {datanodeUUID=dcd35ce2-5653-4064-9aff-c1a2cac3fe1c, command=[]} | ret=SUCCESS |  
2019-08-30 07:40:36,290 | INFO  | SCMAudit | user=jenkins1000 | ip=192.168.34.43 | op=SEND_HEARTBEAT {datanodeUUID=dc0e8eda-8843-49e8-9024-f7c59bdcd9bc, command=[]} | ret=SUCCESS |  
2019-08-30 07:40:36,296 | INFO  | SCMAudit | user=jenkins1000 | ip=192.168.34.43 | op=SEND_HEARTBEAT {datanodeUUID=34c5bf21-796a-477d-8f73-056dd6ef4f82, command=[]} | ret=SUCCESS |  
2019-08-30 07:40:36,298 | INFO  | SCMAudit | user=jenkins1000 | ip=192.168.34.43 | op=SEND_HEARTBEAT {datanodeUUID=9570f0ce-31bf-44b3-921f-a36f22efea54, command=[]} | ret=SUCCESS |  
2019-08-30 07:40:36,491 | INFO  | SCMAudit | user=jenkins1000 | ip=192.168.34.43 | op=SEND_HEARTBEAT {datanodeUUID=9e64560e-57c0-404b-a5e3-eb70c00d39cc, command=[]} | ret=SUCCESS |  
2019-08-30 07:40:36,763 | INFO  | SCMAudit | user=jenkins1000 | ip=192.168.34.43 | op=SEND_HEARTBEAT {datanodeUUID=722c9a0b-3ca8-46f2-9cba-02fdf2a68848, command=[]} | ret=SUCCESS |  
2019-08-30 07:40:37,097 | INFO  | SCMAudit | user=jenkins1000 | ip=192.168.34.43 | op=SEND_HEARTBEAT {datanodeUUID=3bf132e1-02b6-4168-801a-3d7ce793c0d9, command=[]} | ret=SUCCESS |  
2019-08-30 07:40:37,263 | INFO  | SCMAudit | user=jenkins1000 | ip=192.168.34.43 | op=SEND_HEARTBEAT {datanodeUUID=dcd35ce2-5653-4064-9aff-c1a2cac3fe1c, command=[]} | ret=SUCCESS |  
2019-08-30 07:40:37,290 | INFO  | SCMAudit | user=jenkins1000 | ip=192.168.34.43 | op=SEND_HEARTBEAT {datanodeUUID=dc0e8eda-8843-49e8-9024-f7c59bdcd9bc, command=[]} | ret=SUCCESS |  
2019-08-30 07:40:37,298 | INFO  | SCMAudit | user=jenkins1000 | ip=192.168.34.43 | op=SEND_HEARTBEAT {datanodeUUID=34c5bf21-796a-477d-8f73-056dd6ef4f82, command=[]} | ret=SUCCESS |  
2019-08-30 07:40:37,298 | INFO  | SCMAudit | user=jenkins1000 | ip=192.168.34.43 | op=SEND_HEARTBEAT {datanodeUUID=9570f0ce-31bf-44b3-921f-a36f22efea54, command=[]} | ret=SUCCESS |  
2019-08-30 07:40:37,492 | INFO  | SCMAudit | user=jenkins1000 | ip=192.168.34.43 | op=SEND_HEARTBEAT {datanodeUUID=9e64560e-57c0-404b-a5e3-eb70c00d39cc, command=[]} | ret=SUCCESS |  
2019-08-30 07:40:37,776 | INFO  | SCMAudit | user=jenkins1000 | ip=192.168.34.43 | op=SEND_HEARTBEAT {datanodeUUID=722c9a0b-3ca8-46f2-9cba-02fdf2a68848, command=[]} | ret=SUCCESS |  
2019-08-30 07:40:38,096 | INFO  | SCMAudit | user=jenkins1000 | ip=192.168.34.43 | op=SEND_HEARTBEAT {datanodeUUID=3bf132e1-02b6-4168-801a-3d7ce793c0d9, command=[]} | ret=SUCCESS |  
2019-08-30 07:40:38,264 | INFO  | SCMAudit | user=jenkins1000 | ip=192.168.34.43 | op=SEND_HEARTBEAT {datanodeUUID=dcd35ce2-5653-4064-9aff-c1a2cac3fe1c, command=[]} | ret=SUCCESS |  
2019-08-30 07:40:38,290 | INFO  | SCMAudit | user=jenkins1000 | ip=192.168.34.43 | op=SEND_HEARTBEAT {datanodeUUID=dc0e8eda-8843-49e8-9024-f7c59bdcd9bc, command=[]} | ret=SUCCESS |  
2019-08-30 07:40:38,297 | INFO  | SCMAudit | user=jenkins1000 | ip=192.168.34.43 | op=SEND_HEARTBEAT {datanodeUUID=34c5bf21-796a-477d-8f73-056dd6ef4f82, command=[]} | ret=SUCCESS |  
2019-08-30 07:40:38,298 | INFO  | SCMAudit | user=jenkins1000 | ip=192.168.34.43 | op=SEND_HEARTBEAT {datanodeUUID=9570f0ce-31bf-44b3-921f-a36f22efea54, command=[]} | ret=SUCCESS |  
2019-08-30 07:40:38,492 | INFO  | SCMAudit | user=jenkins1000 | ip=192.168.34.43 | op=SEND_HEARTBEAT {datanodeUUID=9e64560e-57c0-404b-a5e3-eb70c00d39cc, command=[]} | ret=SUCCESS |  
2019-08-30 07:40:38,779 | INFO  | SCMAudit | user=jenkins1000 | ip=192.168.34.43 | op=SEND_HEARTBEAT {datanodeUUID=722c9a0b-3ca8-46f2-9cba-02fdf2a68848, command=[]} | ret=SUCCESS |  
2019-08-30 07:40:39,097 | INFO  | SCMAudit | user=jenkins1000 | ip=192.168.34.43 | op=SEND_HEARTBEAT {datanodeUUID=3bf132e1-02b6-4168-801a-3d7ce793c0d9, command=[]} | ret=SUCCESS |  
2019-08-30 07:40:39,263 | INFO  | SCMAudit | user=jenkins1000 | ip=192.168.34.43 | op=SEND_HEARTBEAT {datanodeUUID=dcd35ce2-5653-4064-9aff-c1a2cac3fe1c, command=[]} | ret=SUCCESS |  
2019-08-30 07:40:39,291 | INFO  | SCMAudit | user=jenkins1000 | ip=192.168.34.43 | op=SEND_HEARTBEAT {datanodeUUID=dc0e8eda-8843-49e8-9024-f7c59bdcd9bc, command=[]} | ret=SUCCESS |  
2019-08-30 07:40:39,297 | INFO  | SCMAudit | user=jenkins1000 | ip=192.168.34.43 | op=SEND_HEARTBEAT {datanodeUUID=34c5bf21-796a-477d-8f73-056dd6ef4f82, command=[]} | ret=SUCCESS |  
2019-08-30 07:40:39,299 | INFO  | SCMAudit | user=jenkins1000 | ip=192.168.34.43 | op=SEND_HEARTBEAT {datanodeUUID=9570f0ce-31bf-44b3-921f-a36f22efea54, command=[]} | ret=SUCCESS |  
2019-08-30 07:40:39,491 | INFO  | SCMAudit | user=jenkins1000 | ip=192.168.34.43 | op=SEND_HEARTBEAT {datanodeUUID=9e64560e-57c0-404b-a5e3-eb70c00d39cc, command=[]} | ret=SUCCESS |  
2019-08-30 07:40:39,778 | INFO  | SCMAudit | user=jenkins1000 | ip=192.168.34.43 | op=SEND_HEARTBEAT {datanodeUUID=722c9a0b-3ca8-46f2-9cba-02fdf2a68848, command=[]} | ret=SUCCESS |  
2019-08-30 07:40:39,788 [grpc-default-executor-3] INFO  client.GrpcClientProtocolClient (GrpcClientProtocolClient.java:onNext(255)) - client-8ACC3CA93160->dc0e8eda-8843-49e8-9024-f7c59bdcd9bc: receive RaftClientReply:client-8ACC3CA93160->dc0e8eda-8843-49e8-9024-f7c59bdcd9bc@group-CB9C606E82CE, cid=45, FAILED org.apache.ratis.protocol.NotLeaderException: Server dc0e8eda-8843-49e8-9024-f7c59bdcd9bc is not the leader (dcd35ce2-5653-4064-9aff-c1a2cac3fe1c:192.168.34.43:41594). Request must be sent to leader., logIndex=0, commits[dc0e8eda-8843-49e8-9024-f7c59bdcd9bc:c8, dcd35ce2-5653-4064-9aff-c1a2cac3fe1c:c8, 9570f0ce-31bf-44b3-921f-a36f22efea54:c8]
2019-08-30 07:40:40,097 | INFO  | SCMAudit | user=jenkins1000 | ip=192.168.34.43 | op=SEND_HEARTBEAT {datanodeUUID=3bf132e1-02b6-4168-801a-3d7ce793c0d9, command=[]} | ret=SUCCESS |  
2019-08-30 07:40:40,264 | INFO  | SCMAudit | user=jenkins1000 | ip=192.168.34.43 | op=SEND_HEARTBEAT {datanodeUUID=dcd35ce2-5653-4064-9aff-c1a2cac3fe1c, command=[]} | ret=SUCCESS |  
2019-08-30 07:40:40,290 | INFO  | SCMAudit | user=jenkins1000 | ip=192.168.34.43 | op=SEND_HEARTBEAT {datanodeUUID=dc0e8eda-8843-49e8-9024-f7c59bdcd9bc, command=[]} | ret=SUCCESS |  
2019-08-30 07:40:40,298 | INFO  | SCMAudit | user=jenkins1000 | ip=192.168.34.43 | op=SEND_HEARTBEAT {datanodeUUID=34c5bf21-796a-477d-8f73-056dd6ef4f82, command=[]} | ret=SUCCESS |  
2019-08-30 07:40:40,299 | INFO  | SCMAudit | user=jenkins1000 | ip=192.168.34.43 | op=SEND_HEARTBEAT {datanodeUUID=9570f0ce-31bf-44b3-921f-a36f22efea54, command=[]} | ret=SUCCESS |  
2019-08-30 07:40:40,492 | INFO  | SCMAudit | user=jenkins1000 | ip=192.168.34.43 | op=SEND_HEARTBEAT {datanodeUUID=9e64560e-57c0-404b-a5e3-eb70c00d39cc, command=[]} | ret=SUCCESS |  
2019-08-30 07:40:40,779 | INFO  | SCMAudit | user=jenkins1000 | ip=192.168.34.43 | op=SEND_HEARTBEAT {datanodeUUID=722c9a0b-3ca8-46f2-9cba-02fdf2a68848, command=[]} | ret=SUCCESS |  
2019-08-30 07:40:41,097 | INFO  | SCMAudit | user=jenkins1000 | ip=192.168.34.43 | op=SEND_HEARTBEAT {datanodeUUID=3bf132e1-02b6-4168-801a-3d7ce793c0d9, command=[]} | ret=SUCCESS |  
2019-08-30 07:40:41,265 | INFO  | SCMAudit | user=jenkins1000 | ip=192.168.34.43 | op=SEND_HEARTBEAT {datanodeUUID=dcd35ce2-5653-4064-9aff-c1a2cac3fe1c, command=[]} | ret=SUCCESS |  
2019-08-30 07:40:41,290 | INFO  | SCMAudit | user=jenkins1000 | ip=192.168.34.43 | op=SEND_HEARTBEAT {datanodeUUID=dc0e8eda-8843-49e8-9024-f7c59bdcd9bc, command=[]} | ret=SUCCESS |  
2019-08-30 07:40:41,297 | INFO  | SCMAudit | user=jenkins1000 | ip=192.168.34.43 | op=SEND_HEARTBEAT {datanodeUUID=34c5bf21-796a-477d-8f73-056dd6ef4f82, command=[]} | ret=SUCCESS |  
2019-08-30 07:40:41,299 | INFO  | SCMAudit | user=jenkins1000 | ip=192.168.34.43 | op=SEND_HEARTBEAT {datanodeUUID=9570f0ce-31bf-44b3-921f-a36f22efea54, command=[]} | ret=SUCCESS |  
2019-08-30 07:40:41,492 | INFO  | SCMAudit | user=jenkins1000 | ip=192.168.34.43 | op=SEND_HEARTBEAT {datanodeUUID=9e64560e-57c0-404b-a5e3-eb70c00d39cc, command=[]} | ret=SUCCESS |  
2019-08-30 07:40:41,779 | INFO  | SCMAudit | user=jenkins1000 | ip=192.168.34.43 | op=SEND_HEARTBEAT {datanodeUUID=722c9a0b-3ca8-46f2-9cba-02fdf2a68848, command=[]} | ret=SUCCESS |  
2019-08-30 07:40:42,098 | INFO  | SCMAudit | user=jenkins1000 | ip=192.168.34.43 | op=SEND_HEARTBEAT {datanodeUUID=3bf132e1-02b6-4168-801a-3d7ce793c0d9, command=[]} | ret=SUCCESS |  
2019-08-30 07:40:42,265 | INFO  | SCMAudit | user=jenkins1000 | ip=192.168.34.43 | op=SEND_HEARTBEAT {datanodeUUID=dcd35ce2-5653-4064-9aff-c1a2cac3fe1c, command=[]} | ret=SUCCESS |  
2019-08-30 07:40:42,290 | INFO  | SCMAudit | user=jenkins1000 | ip=192.168.34.43 | op=SEND_HEARTBEAT {datanodeUUID=dc0e8eda-8843-49e8-9024-f7c59bdcd9bc, command=[]} | ret=SUCCESS |  
2019-08-30 07:40:42,297 | INFO  | SCMAudit | user=jenkins1000 | ip=192.168.34.43 | op=SEND_HEARTBEAT {datanodeUUID=34c5bf21-796a-477d-8f73-056dd6ef4f82, command=[]} | ret=SUCCESS |  
2019-08-30 07:40:42,299 | INFO  | SCMAudit | user=jenkins1000 | ip=192.168.34.43 | op=SEND_HEARTBEAT {datanodeUUID=9570f0ce-31bf-44b3-921f-a36f22efea54, command=[]} | ret=SUCCESS |  
2019-08-30 07:40:42,492 | INFO  | SCMAudit | user=jenkins1000 | ip=192.168.34.43 | op=SEND_HEARTBEAT {datanodeUUID=9e64560e-57c0-404b-a5e3-eb70c00d39cc, command=[]} | ret=SUCCESS |  
2019-08-30 07:40:42,778 | INFO  | SCMAudit | user=jenkins1000 | ip=192.168.34.43 | op=SEND_HEARTBEAT {datanodeUUID=722c9a0b-3ca8-46f2-9cba-02fdf2a68848, command=[]} | ret=SUCCESS |  
2019-08-30 07:40:43,097 | INFO  | SCMAudit | user=jenkins1000 | ip=192.168.34.43 | op=SEND_HEARTBEAT {datanodeUUID=3bf132e1-02b6-4168-801a-3d7ce793c0d9, command=[]} | ret=SUCCESS |  
2019-08-30 07:40:43,264 | INFO  | SCMAudit | user=jenkins1000 | ip=192.168.34.43 | op=SEND_HEARTBEAT {datanodeUUID=dcd35ce2-5653-4064-9aff-c1a2cac3fe1c, command=[]} | ret=SUCCESS |  
2019-08-30 07:40:43,290 | INFO  | SCMAudit | user=jenkins1000 | ip=192.168.34.43 | op=SEND_HEARTBEAT {datanodeUUID=dc0e8eda-8843-49e8-9024-f7c59bdcd9bc, command=[]} | ret=SUCCESS |  
2019-08-30 07:40:43,297 | INFO  | SCMAudit | user=jenkins1000 | ip=192.168.34.43 | op=SEND_HEARTBEAT {datanodeUUID=34c5bf21-796a-477d-8f73-056dd6ef4f82, command=[]} | ret=SUCCESS |  
2019-08-30 07:40:43,299 | INFO  | SCMAudit | user=jenkins1000 | ip=192.168.34.43 | op=SEND_HEARTBEAT {datanodeUUID=9570f0ce-31bf-44b3-921f-a36f22efea54, command=[]} | ret=SUCCESS |  
2019-08-30 07:40:43,492 | INFO  | SCMAudit | user=jenkins1000 | ip=192.168.34.43 | op=SEND_HEARTBEAT {datanodeUUID=9e64560e-57c0-404b-a5e3-eb70c00d39cc, command=[]} | ret=SUCCESS |  
2019-08-30 07:40:43,779 | INFO  | SCMAudit | user=jenkins1000 | ip=192.168.34.43 | op=SEND_HEARTBEAT {datanodeUUID=722c9a0b-3ca8-46f2-9cba-02fdf2a68848, command=[]} | ret=SUCCESS |  
2019-08-30 07:40:44,097 | INFO  | SCMAudit | user=jenkins1000 | ip=192.168.34.43 | op=SEND_HEARTBEAT {datanodeUUID=3bf132e1-02b6-4168-801a-3d7ce793c0d9, command=[]} | ret=SUCCESS |  
2019-08-30 07:40:44,264 | INFO  | SCMAudit | user=jenkins1000 | ip=192.168.34.43 | op=SEND_HEARTBEAT {datanodeUUID=dcd35ce2-5653-4064-9aff-c1a2cac3fe1c, command=[]} | ret=SUCCESS |  
2019-08-30 07:40:44,290 | INFO  | SCMAudit | user=jenkins1000 | ip=192.168.34.43 | op=SEND_HEARTBEAT {datanodeUUID=dc0e8eda-8843-49e8-9024-f7c59bdcd9bc, command=[]} | ret=SUCCESS |  
2019-08-30 07:40:44,297 | INFO  | SCMAudit | user=jenkins1000 | ip=192.168.34.43 | op=SEND_HEARTBEAT {datanodeUUID=34c5bf21-796a-477d-8f73-056dd6ef4f82, command=[]} | ret=SUCCESS |  
2019-08-30 07:40:44,299 | INFO  | SCMAudit | user=jenkins1000 | ip=192.168.34.43 | op=SEND_HEARTBEAT {datanodeUUID=9570f0ce-31bf-44b3-921f-a36f22efea54, command=[]} | ret=SUCCESS |  
2019-08-30 07:40:44,493 | INFO  | SCMAudit | user=jenkins1000 | ip=192.168.34.43 | op=SEND_HEARTBEAT {datanodeUUID=9e64560e-57c0-404b-a5e3-eb70c00d39cc, command=[]} | ret=SUCCESS |  
2019-08-30 07:40:44,779 | INFO  | SCMAudit | user=jenkins1000 | ip=192.168.34.43 | op=SEND_HEARTBEAT {datanodeUUID=722c9a0b-3ca8-46f2-9cba-02fdf2a68848, command=[]} | ret=SUCCESS |  
2019-08-30 07:40:44,823 [grpc-default-executor-1] INFO  client.GrpcClientProtocolClient (GrpcClientProtocolClient.java:onNext(255)) - client-8ACC3CA93160->9570f0ce-31bf-44b3-921f-a36f22efea54: receive RaftClientReply:client-8ACC3CA93160->9570f0ce-31bf-44b3-921f-a36f22efea54@group-CB9C606E82CE, cid=45, FAILED org.apache.ratis.protocol.NotLeaderException: Server 9570f0ce-31bf-44b3-921f-a36f22efea54 is not the leader (dcd35ce2-5653-4064-9aff-c1a2cac3fe1c:192.168.34.43:41594). Request must be sent to leader., logIndex=0, commits[9570f0ce-31bf-44b3-921f-a36f22efea54:c8, dc0e8eda-8843-49e8-9024-f7c59bdcd9bc:c8, dcd35ce2-5653-4064-9aff-c1a2cac3fe1c:c8]
2019-08-30 07:40:45,098 | INFO  | SCMAudit | user=jenkins1000 | ip=192.168.34.43 | op=SEND_HEARTBEAT {datanodeUUID=3bf132e1-02b6-4168-801a-3d7ce793c0d9, command=[]} | ret=SUCCESS |  
2019-08-30 07:40:45,265 | INFO  | SCMAudit | user=jenkins1000 | ip=192.168.34.43 | op=SEND_HEARTBEAT {datanodeUUID=dcd35ce2-5653-4064-9aff-c1a2cac3fe1c, command=[]} | ret=SUCCESS |  
2019-08-30 07:40:45,290 | INFO  | SCMAudit | user=jenkins1000 | ip=192.168.34.43 | op=SEND_HEARTBEAT {datanodeUUID=dc0e8eda-8843-49e8-9024-f7c59bdcd9bc, command=[]} | ret=SUCCESS |  
2019-08-30 07:40:45,297 | INFO  | SCMAudit | user=jenkins1000 | ip=192.168.34.43 | op=SEND_HEARTBEAT {datanodeUUID=34c5bf21-796a-477d-8f73-056dd6ef4f82, command=[]} | ret=SUCCESS |  
2019-08-30 07:40:45,299 | INFO  | SCMAudit | user=jenkins1000 | ip=192.168.34.43 | op=SEND_HEARTBEAT {datanodeUUID=9570f0ce-31bf-44b3-921f-a36f22efea54, command=[]} | ret=SUCCESS |  
2019-08-30 07:40:45,492 | INFO  | SCMAudit | user=jenkins1000 | ip=192.168.34.43 | op=SEND_HEARTBEAT {datanodeUUID=9e64560e-57c0-404b-a5e3-eb70c00d39cc, command=[]} | ret=SUCCESS |  
2019-08-30 07:40:45,779 | INFO  | SCMAudit | user=jenkins1000 | ip=192.168.34.43 | op=SEND_HEARTBEAT {datanodeUUID=722c9a0b-3ca8-46f2-9cba-02fdf2a68848, command=[]} | ret=SUCCESS |  
2019-08-30 07:40:46,098 | INFO  | SCMAudit | user=jenkins1000 | ip=192.168.34.43 | op=SEND_HEARTBEAT {datanodeUUID=3bf132e1-02b6-4168-801a-3d7ce793c0d9, command=[]} | ret=SUCCESS |  
2019-08-30 07:40:46,265 | INFO  | SCMAudit | user=jenkins1000 | ip=192.168.34.43 | op=SEND_HEARTBEAT {datanodeUUID=dcd35ce2-5653-4064-9aff-c1a2cac3fe1c, command=[]} | ret=SUCCESS |  
2019-08-30 07:40:46,291 | INFO  | SCMAudit | user=jenkins1000 | ip=192.168.34.43 | op=SEND_HEARTBEAT {datanodeUUID=dc0e8eda-8843-49e8-9024-f7c59bdcd9bc, command=[]} | ret=SUCCESS |  
2019-08-30 07:40:46,297 | INFO  | SCMAudit | user=jenkins1000 | ip=192.168.34.43 | op=SEND_HEARTBEAT {datanodeUUID=34c5bf21-796a-477d-8f73-056dd6ef4f82, command=[]} | ret=SUCCESS |  
2019-08-30 07:40:46,316 | INFO  | SCMAudit | user=jenkins1000 | ip=192.168.34.43 | op=SEND_HEARTBEAT {datanodeUUID=9570f0ce-31bf-44b3-921f-a36f22efea54, command=[]} | ret=SUCCESS |  
2019-08-30 07:40:46,492 | INFO  | SCMAudit | user=jenkins1000 | ip=192.168.34.43 | op=SEND_HEARTBEAT {datanodeUUID=9e64560e-57c0-404b-a5e3-eb70c00d39cc, command=[]} | ret=SUCCESS |  
2019-08-30 07:40:46,779 | INFO  | SCMAudit | user=jenkins1000 | ip=192.168.34.43 | op=SEND_HEARTBEAT {datanodeUUID=722c9a0b-3ca8-46f2-9cba-02fdf2a68848, command=[]} | ret=SUCCESS |  
2019-08-30 07:40:47,098 | INFO  | SCMAudit | user=jenkins1000 | ip=192.168.34.43 | op=SEND_HEARTBEAT {datanodeUUID=3bf132e1-02b6-4168-801a-3d7ce793c0d9, command=[]} | ret=SUCCESS |  
2019-08-30 07:40:47,265 | INFO  | SCMAudit | user=jenkins1000 | ip=192.168.34.43 | op=SEND_HEARTBEAT {datanodeUUID=dcd35ce2-5653-4064-9aff-c1a2cac3fe1c, command=[]} | ret=SUCCESS |  
2019-08-30 07:40:47,290 | INFO  | SCMAudit | user=jenkins1000 | ip=192.168.34.43 | op=SEND_HEARTBEAT {datanodeUUID=dc0e8eda-8843-49e8-9024-f7c59bdcd9bc, command=[]} | ret=SUCCESS |  
2019-08-30 07:40:47,297 | INFO  | SCMAudit | user=jenkins1000 | ip=192.168.34.43 | op=SEND_HEARTBEAT {datanodeUUID=34c5bf21-796a-477d-8f73-056dd6ef4f82, command=[]} | ret=SUCCESS |  
2019-08-30 07:40:47,300 | INFO  | SCMAudit | user=jenkins1000 | ip=192.168.34.43 | op=SEND_HEARTBEAT {datanodeUUID=9570f0ce-31bf-44b3-921f-a36f22efea54, command=[]} | ret=SUCCESS |  
2019-08-30 07:40:47,493 | INFO  | SCMAudit | user=jenkins1000 | ip=192.168.34.43 | op=SEND_HEARTBEAT {datanodeUUID=9e64560e-57c0-404b-a5e3-eb70c00d39cc, command=[]} | ret=SUCCESS |  
2019-08-30 07:40:47,780 | INFO  | SCMAudit | user=jenkins1000 | ip=192.168.34.43 | op=SEND_HEARTBEAT {datanodeUUID=722c9a0b-3ca8-46f2-9cba-02fdf2a68848, command=[]} | ret=SUCCESS |  
2019-08-30 07:40:48,099 | INFO  | SCMAudit | user=jenkins1000 | ip=192.168.34.43 | op=SEND_HEARTBEAT {datanodeUUID=3bf132e1-02b6-4168-801a-3d7ce793c0d9, command=[]} | ret=SUCCESS |  
2019-08-30 07:40:48,266 | INFO  | SCMAudit | user=jenkins1000 | ip=192.168.34.43 | op=SEND_HEARTBEAT {datanodeUUID=dcd35ce2-5653-4064-9aff-c1a2cac3fe1c, command=[]} | ret=SUCCESS |  
2019-08-30 07:40:48,290 | INFO  | SCMAudit | user=jenkins1000 | ip=192.168.34.43 | op=SEND_HEARTBEAT {datanodeUUID=dc0e8eda-8843-49e8-9024-f7c59bdcd9bc, command=[]} | ret=SUCCESS |  
2019-08-30 07:40:48,297 | INFO  | SCMAudit | user=jenkins1000 | ip=192.168.34.43 | op=SEND_HEARTBEAT {datanodeUUID=34c5bf21-796a-477d-8f73-056dd6ef4f82, command=[]} | ret=SUCCESS |  
2019-08-30 07:40:48,301 | INFO  | SCMAudit | user=jenkins1000 | ip=192.168.34.43 | op=SEND_HEARTBEAT {datanodeUUID=9570f0ce-31bf-44b3-921f-a36f22efea54, command=[]} | ret=SUCCESS |  
2019-08-30 07:40:48,492 | INFO  | SCMAudit | user=jenkins1000 | ip=192.168.34.43 | op=SEND_HEARTBEAT {datanodeUUID=9e64560e-57c0-404b-a5e3-eb70c00d39cc, command=[]} | ret=SUCCESS |  
2019-08-30 07:40:48,780 | INFO  | SCMAudit | user=jenkins1000 | ip=192.168.34.43 | op=SEND_HEARTBEAT {datanodeUUID=722c9a0b-3ca8-46f2-9cba-02fdf2a68848, command=[]} | ret=SUCCESS |  
2019-08-30 07:40:49,098 | INFO  | SCMAudit | user=jenkins1000 | ip=192.168.34.43 | op=SEND_HEARTBEAT {datanodeUUID=3bf132e1-02b6-4168-801a-3d7ce793c0d9, command=[]} | ret=SUCCESS |  
2019-08-30 07:40:49,265 | INFO  | SCMAudit | user=jenkins1000 | ip=192.168.34.43 | op=SEND_HEARTBEAT {datanodeUUID=dcd35ce2-5653-4064-9aff-c1a2cac3fe1c, command=[]} | ret=SUCCESS |  
2019-08-30 07:40:49,291 | INFO  | SCMAudit | user=jenkins1000 | ip=192.168.34.43 | op=SEND_HEARTBEAT {datanodeUUID=dc0e8eda-8843-49e8-9024-f7c59bdcd9bc, command=[]} | ret=SUCCESS |  
2019-08-30 07:40:49,297 | INFO  | SCMAudit | user=jenkins1000 | ip=192.168.34.43 | op=SEND_HEARTBEAT {datanodeUUID=34c5bf21-796a-477d-8f73-056dd6ef4f82, command=[]} | ret=SUCCESS |  
2019-08-30 07:40:49,301 | INFO  | SCMAudit | user=jenkins1000 | ip=192.168.34.43 | op=SEND_HEARTBEAT {datanodeUUID=9570f0ce-31bf-44b3-921f-a36f22efea54, command=[]} | ret=SUCCESS |  
2019-08-30 07:40:49,492 | INFO  | SCMAudit | user=jenkins1000 | ip=192.168.34.43 | op=SEND_HEARTBEAT {datanodeUUID=9e64560e-57c0-404b-a5e3-eb70c00d39cc, command=[]} | ret=SUCCESS |  
2019-08-30 07:40:49,779 | INFO  | SCMAudit | user=jenkins1000 | ip=192.168.34.43 | op=SEND_HEARTBEAT {datanodeUUID=722c9a0b-3ca8-46f2-9cba-02fdf2a68848, command=[]} | ret=SUCCESS |  
2019-08-30 07:40:49,877 [grpc-default-executor-1] INFO  client.GrpcClientProtocolClient (GrpcClientProtocolClient.java:onNext(255)) - client-8ACC3CA93160->dc0e8eda-8843-49e8-9024-f7c59bdcd9bc: receive RaftClientReply:client-8ACC3CA93160->dc0e8eda-8843-49e8-9024-f7c59bdcd9bc@group-CB9C606E82CE, cid=45, FAILED org.apache.ratis.protocol.NotLeaderException: Server dc0e8eda-8843-49e8-9024-f7c59bdcd9bc is not the leader (dcd35ce2-5653-4064-9aff-c1a2cac3fe1c:192.168.34.43:41594). Request must be sent to leader., logIndex=0, commits[dc0e8eda-8843-49e8-9024-f7c59bdcd9bc:c8, dcd35ce2-5653-4064-9aff-c1a2cac3fe1c:c8, 9570f0ce-31bf-44b3-921f-a36f22efea54:c8]
2019-08-30 07:40:50,099 | INFO  | SCMAudit | user=jenkins1000 | ip=192.168.34.43 | op=SEND_HEARTBEAT {datanodeUUID=3bf132e1-02b6-4168-801a-3d7ce793c0d9, command=[]} | ret=SUCCESS |  
2019-08-30 07:40:50,265 | INFO  | SCMAudit | user=jenkins1000 | ip=192.168.34.43 | op=SEND_HEARTBEAT {datanodeUUID=dcd35ce2-5653-4064-9aff-c1a2cac3fe1c, command=[]} | ret=SUCCESS |  
2019-08-30 07:40:50,291 | INFO  | SCMAudit | user=jenkins1000 | ip=192.168.34.43 | op=SEND_HEARTBEAT {datanodeUUID=dc0e8eda-8843-49e8-9024-f7c59bdcd9bc, command=[]} | ret=SUCCESS |  
2019-08-30 07:40:50,298 | INFO  | SCMAudit | user=jenkins1000 | ip=192.168.34.43 | op=SEND_HEARTBEAT {datanodeUUID=34c5bf21-796a-477d-8f73-056dd6ef4f82, command=[]} | ret=SUCCESS |  
2019-08-30 07:40:50,301 | INFO  | SCMAudit | user=jenkins1000 | ip=192.168.34.43 | op=SEND_HEARTBEAT {datanodeUUID=9570f0ce-31bf-44b3-921f-a36f22efea54, command=[]} | ret=SUCCESS |  
2019-08-30 07:40:50,493 | INFO  | SCMAudit | user=jenkins1000 | ip=192.168.34.43 | op=SEND_HEARTBEAT {datanodeUUID=9e64560e-57c0-404b-a5e3-eb70c00d39cc, command=[]} | ret=SUCCESS |  
2019-08-30 07:40:50,779 | INFO  | SCMAudit | user=jenkins1000 | ip=192.168.34.43 | op=SEND_HEARTBEAT {datanodeUUID=722c9a0b-3ca8-46f2-9cba-02fdf2a68848, command=[]} | ret=SUCCESS |  
2019-08-30 07:40:51,099 | INFO  | SCMAudit | user=jenkins1000 | ip=192.168.34.43 | op=SEND_HEARTBEAT {datanodeUUID=3bf132e1-02b6-4168-801a-3d7ce793c0d9, command=[]} | ret=SUCCESS |  
2019-08-30 07:40:51,266 | INFO  | SCMAudit | user=jenkins1000 | ip=192.168.34.43 | op=SEND_HEARTBEAT {datanodeUUID=dcd35ce2-5653-4064-9aff-c1a2cac3fe1c, command=[]} | ret=SUCCESS |  
2019-08-30 07:40:51,290 | INFO  | SCMAudit | user=jenkins1000 | ip=192.168.34.43 | op=SEND_HEARTBEAT {datanodeUUID=dc0e8eda-8843-49e8-9024-f7c59bdcd9bc, command=[]} | ret=SUCCESS |  
2019-08-30 07:40:51,298 | INFO  | SCMAudit | user=jenkins1000 | ip=192.168.34.43 | op=SEND_HEARTBEAT {datanodeUUID=34c5bf21-796a-477d-8f73-056dd6ef4f82, command=[]} | ret=SUCCESS |  
2019-08-30 07:40:51,301 | INFO  | SCMAudit | user=jenkins1000 | ip=192.168.34.43 | op=SEND_HEARTBEAT {datanodeUUID=9570f0ce-31bf-44b3-921f-a36f22efea54, command=[]} | ret=SUCCESS |  
2019-08-30 07:40:51,493 | INFO  | SCMAudit | user=jenkins1000 | ip=192.168.34.43 | op=SEND_HEARTBEAT {datanodeUUID=9e64560e-57c0-404b-a5e3-eb70c00d39cc, command=[]} | ret=SUCCESS |  
2019-08-30 07:40:51,780 | INFO  | SCMAudit | user=jenkins1000 | ip=192.168.34.43 | op=SEND_HEARTBEAT {datanodeUUID=722c9a0b-3ca8-46f2-9cba-02fdf2a68848, command=[]} | ret=SUCCESS |  
2019-08-30 07:40:52,100 | INFO  | SCMAudit | user=jenkins1000 | ip=192.168.34.43 | op=SEND_HEARTBEAT {datanodeUUID=3bf132e1-02b6-4168-801a-3d7ce793c0d9, command=[]} | ret=SUCCESS |  
2019-08-30 07:40:52,266 | INFO  | SCMAudit | user=jenkins1000 | ip=192.168.34.43 | op=SEND_HEARTBEAT {datanodeUUID=dcd35ce2-5653-4064-9aff-c1a2cac3fe1c, command=[]} | ret=SUCCESS |  
2019-08-30 07:40:52,290 | INFO  | SCMAudit | user=jenkins1000 | ip=192.168.34.43 | op=SEND_HEARTBEAT {datanodeUUID=dc0e8eda-8843-49e8-9024-f7c59bdcd9bc, command=[]} | ret=SUCCESS |  
2019-08-30 07:40:52,297 | INFO  | SCMAudit | user=jenkins1000 | ip=192.168.34.43 | op=SEND_HEARTBEAT {datanodeUUID=34c5bf21-796a-477d-8f73-056dd6ef4f82, command=[]} | ret=SUCCESS |  
2019-08-30 07:40:52,301 | INFO  | SCMAudit | user=jenkins1000 | ip=192.168.34.43 | op=SEND_HEARTBEAT {datanodeUUID=9570f0ce-31bf-44b3-921f-a36f22efea54, command=[]} | ret=SUCCESS |  
2019-08-30 07:40:52,493 | INFO  | SCMAudit | user=jenkins1000 | ip=192.168.34.43 | op=SEND_HEARTBEAT {datanodeUUID=9e64560e-57c0-404b-a5e3-eb70c00d39cc, command=[]} | ret=SUCCESS |  
2019-08-30 07:40:52,780 | INFO  | SCMAudit | user=jenkins1000 | ip=192.168.34.43 | op=SEND_HEARTBEAT {datanodeUUID=722c9a0b-3ca8-46f2-9cba-02fdf2a68848, command=[]} | ret=SUCCESS |  
2019-08-30 07:40:53,100 | INFO  | SCMAudit | user=jenkins1000 | ip=192.168.34.43 | op=SEND_HEARTBEAT {datanodeUUID=3bf132e1-02b6-4168-801a-3d7ce793c0d9, command=[]} | ret=SUCCESS |  
2019-08-30 07:40:53,266 | INFO  | SCMAudit | user=jenkins1000 | ip=192.168.34.43 | op=SEND_HEARTBEAT {datanodeUUID=dcd35ce2-5653-4064-9aff-c1a2cac3fe1c, command=[]} | ret=SUCCESS |  
2019-08-30 07:40:53,291 | INFO  | SCMAudit | user=jenkins1000 | ip=192.168.34.43 | op=SEND_HEARTBEAT {datanodeUUID=dc0e8eda-8843-49e8-9024-f7c59bdcd9bc, command=[]} | ret=SUCCESS |  
2019-08-30 07:40:53,298 | INFO  | SCMAudit | user=jenkins1000 | ip=192.168.34.43 | op=SEND_HEARTBEAT {datanodeUUID=34c5bf21-796a-477d-8f73-056dd6ef4f82, command=[]} | ret=SUCCESS |  
2019-08-30 07:40:53,302 | INFO  | SCMAudit | user=jenkins1000 | ip=192.168.34.43 | op=SEND_HEARTBEAT {datanodeUUID=9570f0ce-31bf-44b3-921f-a36f22efea54, command=[]} | ret=SUCCESS |  
2019-08-30 07:40:53,494 | INFO  | SCMAudit | user=jenkins1000 | ip=192.168.34.43 | op=SEND_HEARTBEAT {datanodeUUID=9e64560e-57c0-404b-a5e3-eb70c00d39cc, command=[]} | ret=SUCCESS |  
2019-08-30 07:40:53,779 | INFO  | SCMAudit | user=jenkins1000 | ip=192.168.34.43 | op=SEND_HEARTBEAT {datanodeUUID=722c9a0b-3ca8-46f2-9cba-02fdf2a68848, command=[]} | ret=SUCCESS |  
2019-08-30 07:40:54,101 | INFO  | SCMAudit | user=jenkins1000 | ip=192.168.34.43 | op=SEND_HEARTBEAT {datanodeUUID=3bf132e1-02b6-4168-801a-3d7ce793c0d9, command=[]} | ret=SUCCESS |  
2019-08-30 07:40:54,267 | INFO  | SCMAudit | user=jenkins1000 | ip=192.168.34.43 | op=SEND_HEARTBEAT {datanodeUUID=dcd35ce2-5653-4064-9aff-c1a2cac3fe1c, command=[]} | ret=SUCCESS |  
2019-08-30 07:40:54,291 | INFO  | SCMAudit | user=jenkins1000 | ip=192.168.34.43 | op=SEND_HEARTBEAT {datanodeUUID=dc0e8eda-8843-49e8-9024-f7c59bdcd9bc, command=[]} | ret=SUCCESS |  
2019-08-30 07:40:54,297 | INFO  | SCMAudit | user=jenkins1000 | ip=192.168.34.43 | op=SEND_HEARTBEAT {datanodeUUID=34c5bf21-796a-477d-8f73-056dd6ef4f82, command=[]} | ret=SUCCESS |  
2019-08-30 07:40:54,302 | INFO  | SCMAudit | user=jenkins1000 | ip=192.168.34.43 | op=SEND_HEARTBEAT {datanodeUUID=9570f0ce-31bf-44b3-921f-a36f22efea54, command=[]} | ret=SUCCESS |  
2019-08-30 07:40:54,494 | INFO  | SCMAudit | user=jenkins1000 | ip=192.168.34.43 | op=SEND_HEARTBEAT {datanodeUUID=9e64560e-57c0-404b-a5e3-eb70c00d39cc, command=[]} | ret=SUCCESS |  
2019-08-30 07:40:54,779 | INFO  | SCMAudit | user=jenkins1000 | ip=192.168.34.43 | op=SEND_HEARTBEAT {datanodeUUID=722c9a0b-3ca8-46f2-9cba-02fdf2a68848, command=[]} | ret=SUCCESS |  
2019-08-30 07:40:54,914 [grpc-default-executor-3] INFO  client.GrpcClientProtocolClient (GrpcClientProtocolClient.java:onNext(255)) - client-8ACC3CA93160->dc0e8eda-8843-49e8-9024-f7c59bdcd9bc: receive RaftClientReply:client-8ACC3CA93160->dc0e8eda-8843-49e8-9024-f7c59bdcd9bc@group-CB9C606E82CE, cid=45, FAILED org.apache.ratis.protocol.NotLeaderException: Server dc0e8eda-8843-49e8-9024-f7c59bdcd9bc is not the leader (dcd35ce2-5653-4064-9aff-c1a2cac3fe1c:192.168.34.43:41594). Request must be sent to leader., logIndex=0, commits[dc0e8eda-8843-49e8-9024-f7c59bdcd9bc:c8, dcd35ce2-5653-4064-9aff-c1a2cac3fe1c:c8, 9570f0ce-31bf-44b3-921f-a36f22efea54:c8]
2019-08-30 07:40:55,100 | INFO  | SCMAudit | user=jenkins1000 | ip=192.168.34.43 | op=SEND_HEARTBEAT {datanodeUUID=3bf132e1-02b6-4168-801a-3d7ce793c0d9, command=[]} | ret=SUCCESS |  
2019-08-30 07:40:55,266 | INFO  | SCMAudit | user=jenkins1000 | ip=192.168.34.43 | op=SEND_HEARTBEAT {datanodeUUID=dcd35ce2-5653-4064-9aff-c1a2cac3fe1c, command=[]} | ret=SUCCESS |  
2019-08-30 07:40:55,291 | INFO  | SCMAudit | user=jenkins1000 | ip=192.168.34.43 | op=SEND_HEARTBEAT {datanodeUUID=dc0e8eda-8843-49e8-9024-f7c59bdcd9bc, command=[]} | ret=SUCCESS |  
2019-08-30 07:40:55,298 | INFO  | SCMAudit | user=jenkins1000 | ip=192.168.34.43 | op=SEND_HEARTBEAT {datanodeUUID=34c5bf21-796a-477d-8f73-056dd6ef4f82, command=[]} | ret=SUCCESS |  
2019-08-30 07:40:55,302 | INFO  | SCMAudit | user=jenkins1000 | ip=192.168.34.43 | op=SEND_HEARTBEAT {datanodeUUID=9570f0ce-31bf-44b3-921f-a36f22efea54, command=[]} | ret=SUCCESS |  
2019-08-30 07:40:55,494 | INFO  | SCMAudit | user=jenkins1000 | ip=192.168.34.43 | op=SEND_HEARTBEAT {datanodeUUID=9e64560e-57c0-404b-a5e3-eb70c00d39cc, command=[]} | ret=SUCCESS |  
2019-08-30 07:40:55,780 | INFO  | SCMAudit | user=jenkins1000 | ip=192.168.34.43 | op=SEND_HEARTBEAT {datanodeUUID=722c9a0b-3ca8-46f2-9cba-02fdf2a68848, command=[]} | ret=SUCCESS |  
2019-08-30 07:40:56,101 | INFO  | SCMAudit | user=jenkins1000 | ip=192.168.34.43 | op=SEND_HEARTBEAT {datanodeUUID=3bf132e1-02b6-4168-801a-3d7ce793c0d9, command=[]} | ret=SUCCESS |  
2019-08-30 07:40:56,267 | INFO  | SCMAudit | user=jenkins1000 | ip=192.168.34.43 | op=SEND_HEARTBEAT {datanodeUUID=dcd35ce2-5653-4064-9aff-c1a2cac3fe1c, command=[]} | ret=SUCCESS |  
2019-08-30 07:40:56,292 | INFO  | SCMAudit | user=jenkins1000 | ip=192.168.34.43 | op=SEND_HEARTBEAT {datanodeUUID=dc0e8eda-8843-49e8-9024-f7c59bdcd9bc, command=[]} | ret=SUCCESS |  
2019-08-30 07:40:56,298 | INFO  | SCMAudit | user=jenkins1000 | ip=192.168.34.43 | op=SEND_HEARTBEAT {datanodeUUID=34c5bf21-796a-477d-8f73-056dd6ef4f82, command=[]} | ret=SUCCESS |  
2019-08-30 07:40:56,302 | INFO  | SCMAudit | user=jenkins1000 | ip=192.168.34.43 | op=SEND_HEARTBEAT {datanodeUUID=9570f0ce-31bf-44b3-921f-a36f22efea54, command=[]} | ret=SUCCESS |  
2019-08-30 07:40:56,494 | INFO  | SCMAudit | user=jenkins1000 | ip=192.168.34.43 | op=SEND_HEARTBEAT {datanodeUUID=9e64560e-57c0-404b-a5e3-eb70c00d39cc, command=[]} | ret=SUCCESS |  
2019-08-30 07:40:56,779 | INFO  | SCMAudit | user=jenkins1000 | ip=192.168.34.43 | op=SEND_HEARTBEAT {datanodeUUID=722c9a0b-3ca8-46f2-9cba-02fdf2a68848, command=[]} | ret=SUCCESS |  
2019-08-30 07:40:57,101 | INFO  | SCMAudit | user=jenkins1000 | ip=192.168.34.43 | op=SEND_HEARTBEAT {datanodeUUID=3bf132e1-02b6-4168-801a-3d7ce793c0d9, command=[]} | ret=SUCCESS |  
2019-08-30 07:40:57,267 | INFO  | SCMAudit | user=jenkins1000 | ip=192.168.34.43 | op=SEND_HEARTBEAT {datanodeUUID=dcd35ce2-5653-4064-9aff-c1a2cac3fe1c, command=[]} | ret=SUCCESS |  
2019-08-30 07:40:57,292 | INFO  | SCMAudit | user=jenkins1000 | ip=192.168.34.43 | op=SEND_HEARTBEAT {datanodeUUID=dc0e8eda-8843-49e8-9024-f7c59bdcd9bc, command=[]} | ret=SUCCESS |  
2019-08-30 07:40:57,298 | INFO  | SCMAudit | user=jenkins1000 | ip=192.168.34.43 | op=SEND_HEARTBEAT {datanodeUUID=34c5bf21-796a-477d-8f73-056dd6ef4f82, command=[]} | ret=SUCCESS |  
2019-08-30 07:40:57,302 | INFO  | SCMAudit | user=jenkins1000 | ip=192.168.34.43 | op=SEND_HEARTBEAT {datanodeUUID=9570f0ce-31bf-44b3-921f-a36f22efea54, command=[]} | ret=SUCCESS |  
2019-08-30 07:40:57,495 | INFO  | SCMAudit | user=jenkins1000 | ip=192.168.34.43 | op=SEND_HEARTBEAT {datanodeUUID=9e64560e-57c0-404b-a5e3-eb70c00d39cc, command=[]} | ret=SUCCESS |  
2019-08-30 07:40:57,780 | INFO  | SCMAudit | user=jenkins1000 | ip=192.168.34.43 | op=SEND_HEARTBEAT {datanodeUUID=722c9a0b-3ca8-46f2-9cba-02fdf2a68848, command=[]} | ret=SUCCESS |  
2019-08-30 07:40:58,101 | INFO  | SCMAudit | user=jenkins1000 | ip=192.168.34.43 | op=SEND_HEARTBEAT {datanodeUUID=3bf132e1-02b6-4168-801a-3d7ce793c0d9, command=[]} | ret=SUCCESS |  
2019-08-30 07:40:58,267 | INFO  | SCMAudit | user=jenkins1000 | ip=192.168.34.43 | op=SEND_HEARTBEAT {datanodeUUID=dcd35ce2-5653-4064-9aff-c1a2cac3fe1c, command=[]} | ret=SUCCESS |  
2019-08-30 07:40:58,292 | INFO  | SCMAudit | user=jenkins1000 | ip=192.168.34.43 | op=SEND_HEARTBEAT {datanodeUUID=dc0e8eda-8843-49e8-9024-f7c59bdcd9bc, command=[]} | ret=SUCCESS |  
2019-08-30 07:40:58,298 | INFO  | SCMAudit | user=jenkins1000 | ip=192.168.34.43 | op=SEND_HEARTBEAT {datanodeUUID=34c5bf21-796a-477d-8f73-056dd6ef4f82, command=[]} | ret=SUCCESS |  
2019-08-30 07:40:58,302 | INFO  | SCMAudit | user=jenkins1000 | ip=192.168.34.43 | op=SEND_HEARTBEAT {datanodeUUID=9570f0ce-31bf-44b3-921f-a36f22efea54, command=[]} | ret=SUCCESS |  
2019-08-30 07:40:58,495 | INFO  | SCMAudit | user=jenkins1000 | ip=192.168.34.43 | op=SEND_HEARTBEAT {datanodeUUID=9e64560e-57c0-404b-a5e3-eb70c00d39cc, command=[]} | ret=SUCCESS |  
2019-08-30 07:40:58,780 | INFO  | SCMAudit | user=jenkins1000 | ip=192.168.34.43 | op=SEND_HEARTBEAT {datanodeUUID=722c9a0b-3ca8-46f2-9cba-02fdf2a68848, command=[]} | ret=SUCCESS |  
2019-08-30 07:40:59,101 | INFO  | SCMAudit | user=jenkins1000 | ip=192.168.34.43 | op=SEND_HEARTBEAT {datanodeUUID=3bf132e1-02b6-4168-801a-3d7ce793c0d9, command=[]} | ret=SUCCESS |  
2019-08-30 07:40:59,267 | INFO  | SCMAudit | user=jenkins1000 | ip=192.168.34.43 | op=SEND_HEARTBEAT {datanodeUUID=dcd35ce2-5653-4064-9aff-c1a2cac3fe1c, command=[]} | ret=SUCCESS |  
2019-08-30 07:40:59,292 | INFO  | SCMAudit | user=jenkins1000 | ip=192.168.34.43 | op=SEND_HEARTBEAT {datanodeUUID=dc0e8eda-8843-49e8-9024-f7c59bdcd9bc, command=[]} | ret=SUCCESS |  
2019-08-30 07:40:59,297 | INFO  | SCMAudit | user=jenkins1000 | ip=192.168.34.43 | op=SEND_HEARTBEAT {datanodeUUID=34c5bf21-796a-477d-8f73-056dd6ef4f82, command=[]} | ret=SUCCESS |  
2019-08-30 07:40:59,302 | INFO  | SCMAudit | user=jenkins1000 | ip=192.168.34.43 | op=SEND_HEARTBEAT {datanodeUUID=9570f0ce-31bf-44b3-921f-a36f22efea54, command=[]} | ret=SUCCESS |  
2019-08-30 07:40:59,495 | INFO  | SCMAudit | user=jenkins1000 | ip=192.168.34.43 | op=SEND_HEARTBEAT {datanodeUUID=9e64560e-57c0-404b-a5e3-eb70c00d39cc, command=[]} | ret=SUCCESS |  
2019-08-30 07:40:59,779 | INFO  | SCMAudit | user=jenkins1000 | ip=192.168.34.43 | op=SEND_HEARTBEAT {datanodeUUID=722c9a0b-3ca8-46f2-9cba-02fdf2a68848, command=[]} | ret=SUCCESS |  
2019-08-30 07:40:59,968 [grpc-default-executor-1] INFO  client.GrpcClientProtocolClient (GrpcClientProtocolClient.java:onNext(255)) - client-8ACC3CA93160->9570f0ce-31bf-44b3-921f-a36f22efea54: receive RaftClientReply:client-8ACC3CA93160->9570f0ce-31bf-44b3-921f-a36f22efea54@group-CB9C606E82CE, cid=45, FAILED org.apache.ratis.protocol.NotLeaderException: Server 9570f0ce-31bf-44b3-921f-a36f22efea54 is not the leader (dcd35ce2-5653-4064-9aff-c1a2cac3fe1c:192.168.34.43:41594). Request must be sent to leader., logIndex=0, commits[9570f0ce-31bf-44b3-921f-a36f22efea54:c8, dc0e8eda-8843-49e8-9024-f7c59bdcd9bc:c8, dcd35ce2-5653-4064-9aff-c1a2cac3fe1c:c8]
2019-08-30 07:41:00,100 | INFO  | SCMAudit | user=jenkins1000 | ip=192.168.34.43 | op=SEND_HEARTBEAT {datanodeUUID=3bf132e1-02b6-4168-801a-3d7ce793c0d9, command=[]} | ret=SUCCESS |  
2019-08-30 07:41:00,268 | INFO  | SCMAudit | user=jenkins1000 | ip=192.168.34.43 | op=SEND_HEARTBEAT {datanodeUUID=dcd35ce2-5653-4064-9aff-c1a2cac3fe1c, command=[]} | ret=SUCCESS |  
2019-08-30 07:41:00,292 | INFO  | SCMAudit | user=jenkins1000 | ip=192.168.34.43 | op=SEND_HEARTBEAT {datanodeUUID=dc0e8eda-8843-49e8-9024-f7c59bdcd9bc, command=[]} | ret=SUCCESS |  
2019-08-30 07:41:00,297 | INFO  | SCMAudit | user=jenkins1000 | ip=192.168.34.43 | op=SEND_HEARTBEAT {datanodeUUID=34c5bf21-796a-477d-8f73-056dd6ef4f82, command=[]} | ret=SUCCESS |  
2019-08-30 07:41:00,302 | INFO  | SCMAudit | user=jenkins1000 | ip=192.168.34.43 | op=SEND_HEARTBEAT {datanodeUUID=9570f0ce-31bf-44b3-921f-a36f22efea54, command=[]} | ret=SUCCESS |  
2019-08-30 07:41:00,496 | INFO  | SCMAudit | user=jenkins1000 | ip=192.168.34.43 | op=SEND_HEARTBEAT {datanodeUUID=9e64560e-57c0-404b-a5e3-eb70c00d39cc, command=[]} | ret=SUCCESS |  
2019-08-30 07:41:00,779 | INFO  | SCMAudit | user=jenkins1000 | ip=192.168.34.43 | op=SEND_HEARTBEAT {datanodeUUID=722c9a0b-3ca8-46f2-9cba-02fdf2a68848, command=[]} | ret=SUCCESS |  
2019-08-30 07:41:01,101 | INFO  | SCMAudit | user=jenkins1000 | ip=192.168.34.43 | op=SEND_HEARTBEAT {datanodeUUID=3bf132e1-02b6-4168-801a-3d7ce793c0d9, command=[]} | ret=SUCCESS |  
2019-08-30 07:41:01,268 | INFO  | SCMAudit | user=jenkins1000 | ip=192.168.34.43 | op=SEND_HEARTBEAT {datanodeUUID=dcd35ce2-5653-4064-9aff-c1a2cac3fe1c, command=[]} | ret=SUCCESS |  
2019-08-30 07:41:01,292 | INFO  | SCMAudit | user=jenkins1000 | ip=192.168.34.43 | op=SEND_HEARTBEAT {datanodeUUID=dc0e8eda-8843-49e8-9024-f7c59bdcd9bc, command=[]} | ret=SUCCESS |  
2019-08-30 07:41:01,297 | INFO  | SCMAudit | user=jenkins1000 | ip=192.168.34.43 | op=SEND_HEARTBEAT {datanodeUUID=34c5bf21-796a-477d-8f73-056dd6ef4f82, command=[]} | ret=SUCCESS |  
2019-08-30 07:41:01,303 | INFO  | SCMAudit | user=jenkins1000 | ip=192.168.34.43 | op=SEND_HEARTBEAT {datanodeUUID=9570f0ce-31bf-44b3-921f-a36f22efea54, command=[]} | ret=SUCCESS |  
2019-08-30 07:41:01,496 | INFO  | SCMAudit | user=jenkins1000 | ip=192.168.34.43 | op=SEND_HEARTBEAT {datanodeUUID=9e64560e-57c0-404b-a5e3-eb70c00d39cc, command=[]} | ret=SUCCESS |  
2019-08-30 07:41:01,779 | INFO  | SCMAudit | user=jenkins1000 | ip=192.168.34.43 | op=SEND_HEARTBEAT {datanodeUUID=722c9a0b-3ca8-46f2-9cba-02fdf2a68848, command=[]} | ret=SUCCESS |  
2019-08-30 07:41:02,101 | INFO  | SCMAudit | user=jenkins1000 | ip=192.168.34.43 | op=SEND_HEARTBEAT {datanodeUUID=3bf132e1-02b6-4168-801a-3d7ce793c0d9, command=[]} | ret=SUCCESS |  
2019-08-30 07:41:02,268 | INFO  | SCMAudit | user=jenkins1000 | ip=192.168.34.43 | op=SEND_HEARTBEAT {datanodeUUID=dcd35ce2-5653-4064-9aff-c1a2cac3fe1c, command=[]} | ret=SUCCESS |  
2019-08-30 07:41:02,292 | INFO  | SCMAudit | user=jenkins1000 | ip=192.168.34.43 | op=SEND_HEARTBEAT {datanodeUUID=dc0e8eda-8843-49e8-9024-f7c59bdcd9bc, command=[]} | ret=SUCCESS |  
2019-08-30 07:41:02,297 | INFO  | SCMAudit | user=jenkins1000 | ip=192.168.34.43 | op=SEND_HEARTBEAT {datanodeUUID=34c5bf21-796a-477d-8f73-056dd6ef4f82, command=[]} | ret=SUCCESS |  
2019-08-30 07:41:02,304 | INFO  | SCMAudit | user=jenkins1000 | ip=192.168.34.43 | op=SEND_HEARTBEAT {datanodeUUID=9570f0ce-31bf-44b3-921f-a36f22efea54, command=[]} | ret=SUCCESS |  
2019-08-30 07:41:02,496 | INFO  | SCMAudit | user=jenkins1000 | ip=192.168.34.43 | op=SEND_HEARTBEAT {datanodeUUID=9e64560e-57c0-404b-a5e3-eb70c00d39cc, command=[]} | ret=SUCCESS |  
2019-08-30 07:41:02,780 | INFO  | SCMAudit | user=jenkins1000 | ip=192.168.34.43 | op=SEND_HEARTBEAT {datanodeUUID=722c9a0b-3ca8-46f2-9cba-02fdf2a68848, command=[]} | ret=SUCCESS |  
2019-08-30 07:41:03,100 | INFO  | SCMAudit | user=jenkins1000 | ip=192.168.34.43 | op=SEND_HEARTBEAT {datanodeUUID=3bf132e1-02b6-4168-801a-3d7ce793c0d9, command=[]} | ret=SUCCESS |  
2019-08-30 07:41:03,269 | INFO  | SCMAudit | user=jenkins1000 | ip=192.168.34.43 | op=SEND_HEARTBEAT {datanodeUUID=dcd35ce2-5653-4064-9aff-c1a2cac3fe1c, command=[]} | ret=SUCCESS |  
2019-08-30 07:41:03,292 | INFO  | SCMAudit | user=jenkins1000 | ip=192.168.34.43 | op=SEND_HEARTBEAT {datanodeUUID=dc0e8eda-8843-49e8-9024-f7c59bdcd9bc, command=[]} | ret=SUCCESS |  
2019-08-30 07:41:03,297 | INFO  | SCMAudit | user=jenkins1000 | ip=192.168.34.43 | op=SEND_HEARTBEAT {datanodeUUID=34c5bf21-796a-477d-8f73-056dd6ef4f82, command=[]} | ret=SUCCESS |  
2019-08-30 07:41:03,304 | INFO  | SCMAudit | user=jenkins1000 | ip=192.168.34.43 | op=SEND_HEARTBEAT {datanodeUUID=9570f0ce-31bf-44b3-921f-a36f22efea54, command=[]} | ret=SUCCESS |  
2019-08-30 07:41:03,497 | INFO  | SCMAudit | user=jenkins1000 | ip=192.168.34.43 | op=SEND_HEARTBEAT {datanodeUUID=9e64560e-57c0-404b-a5e3-eb70c00d39cc, command=[]} | ret=SUCCESS |  
2019-08-30 07:41:03,780 | INFO  | SCMAudit | user=jenkins1000 | ip=192.168.34.43 | op=SEND_HEARTBEAT {datanodeUUID=722c9a0b-3ca8-46f2-9cba-02fdf2a68848, command=[]} | ret=SUCCESS |  
2019-08-30 07:41:04,101 | INFO  | SCMAudit | user=jenkins1000 | ip=192.168.34.43 | op=SEND_HEARTBEAT {datanodeUUID=3bf132e1-02b6-4168-801a-3d7ce793c0d9, command=[]} | ret=SUCCESS |  
2019-08-30 07:41:04,268 | INFO  | SCMAudit | user=jenkins1000 | ip=192.168.34.43 | op=SEND_HEARTBEAT {datanodeUUID=dcd35ce2-5653-4064-9aff-c1a2cac3fe1c, command=[]} | ret=SUCCESS |  
2019-08-30 07:41:04,292 | INFO  | SCMAudit | user=jenkins1000 | ip=192.168.34.43 | op=SEND_HEARTBEAT {datanodeUUID=dc0e8eda-8843-49e8-9024-f7c59bdcd9bc, command=[]} | ret=SUCCESS |  
2019-08-30 07:41:04,297 | INFO  | SCMAudit | user=jenkins1000 | ip=192.168.34.43 | op=SEND_HEARTBEAT {datanodeUUID=34c5bf21-796a-477d-8f73-056dd6ef4f82, command=[]} | ret=SUCCESS |  
2019-08-30 07:41:04,305 | INFO  | SCMAudit | user=jenkins1000 | ip=192.168.34.43 | op=SEND_HEARTBEAT {datanodeUUID=9570f0ce-31bf-44b3-921f-a36f22efea54, command=[]} | ret=SUCCESS |  
2019-08-30 07:41:04,497 | INFO  | SCMAudit | user=jenkins1000 | ip=192.168.34.43 | op=SEND_HEARTBEAT {datanodeUUID=9e64560e-57c0-404b-a5e3-eb70c00d39cc, command=[]} | ret=SUCCESS |  
2019-08-30 07:41:04,781 | INFO  | SCMAudit | user=jenkins1000 | ip=192.168.34.43 | op=SEND_HEARTBEAT {datanodeUUID=722c9a0b-3ca8-46f2-9cba-02fdf2a68848, command=[]} | ret=SUCCESS |  
2019-08-30 07:41:05,011 [grpc-default-executor-3] INFO  client.GrpcClientProtocolClient (GrpcClientProtocolClient.java:onNext(255)) - client-8ACC3CA93160->dc0e8eda-8843-49e8-9024-f7c59bdcd9bc: receive RaftClientReply:client-8ACC3CA93160->dc0e8eda-8843-49e8-9024-f7c59bdcd9bc@group-CB9C606E82CE, cid=45, FAILED org.apache.ratis.protocol.NotLeaderException: Server dc0e8eda-8843-49e8-9024-f7c59bdcd9bc is not the leader (dcd35ce2-5653-4064-9aff-c1a2cac3fe1c:192.168.34.43:41594). Request must be sent to leader., logIndex=0, commits[dc0e8eda-8843-49e8-9024-f7c59bdcd9bc:c8, dcd35ce2-5653-4064-9aff-c1a2cac3fe1c:c8, 9570f0ce-31bf-44b3-921f-a36f22efea54:c8]
2019-08-30 07:41:05,102 | INFO  | SCMAudit | user=jenkins1000 | ip=192.168.34.43 | op=SEND_HEARTBEAT {datanodeUUID=3bf132e1-02b6-4168-801a-3d7ce793c0d9, command=[]} | ret=SUCCESS |  
2019-08-30 07:41:05,269 | INFO  | SCMAudit | user=jenkins1000 | ip=192.168.34.43 | op=SEND_HEARTBEAT {datanodeUUID=dcd35ce2-5653-4064-9aff-c1a2cac3fe1c, command=[]} | ret=SUCCESS |  
2019-08-30 07:41:05,293 | INFO  | SCMAudit | user=jenkins1000 | ip=192.168.34.43 | op=SEND_HEARTBEAT {datanodeUUID=dc0e8eda-8843-49e8-9024-f7c59bdcd9bc, command=[]} | ret=SUCCESS |  
2019-08-30 07:41:05,297 | INFO  | SCMAudit | user=jenkins1000 | ip=192.168.34.43 | op=SEND_HEARTBEAT {datanodeUUID=34c5bf21-796a-477d-8f73-056dd6ef4f82, command=[]} | ret=SUCCESS |  
2019-08-30 07:41:05,305 | INFO  | SCMAudit | user=jenkins1000 | ip=192.168.34.43 | op=SEND_HEARTBEAT {datanodeUUID=9570f0ce-31bf-44b3-921f-a36f22efea54, command=[]} | ret=SUCCESS |  
2019-08-30 07:41:05,497 | INFO  | SCMAudit | user=jenkins1000 | ip=192.168.34.43 | op=SEND_HEARTBEAT {datanodeUUID=9e64560e-57c0-404b-a5e3-eb70c00d39cc, command=[]} | ret=SUCCESS |  
2019-08-30 07:41:05,781 | INFO  | SCMAudit | user=jenkins1000 | ip=192.168.34.43 | op=SEND_HEARTBEAT {datanodeUUID=722c9a0b-3ca8-46f2-9cba-02fdf2a68848, command=[]} | ret=SUCCESS |  
2019-08-30 07:41:06,100 | INFO  | SCMAudit | user=jenkins1000 | ip=192.168.34.43 | op=SEND_HEARTBEAT {datanodeUUID=3bf132e1-02b6-4168-801a-3d7ce793c0d9, command=[]} | ret=SUCCESS |  
2019-08-30 07:41:06,268 | INFO  | SCMAudit | user=jenkins1000 | ip=192.168.34.43 | op=SEND_HEARTBEAT {datanodeUUID=dcd35ce2-5653-4064-9aff-c1a2cac3fe1c, command=[]} | ret=SUCCESS |  
2019-08-30 07:41:06,293 | INFO  | SCMAudit | user=jenkins1000 | ip=192.168.34.43 | op=SEND_HEARTBEAT {datanodeUUID=dc0e8eda-8843-49e8-9024-f7c59bdcd9bc, command=[]} | ret=SUCCESS |  
2019-08-30 07:41:06,297 | INFO  | SCMAudit | user=jenkins1000 | ip=192.168.34.43 | op=SEND_HEARTBEAT {datanodeUUID=34c5bf21-796a-477d-8f73-056dd6ef4f82, command=[]} | ret=SUCCESS |  
2019-08-30 07:41:06,305 | INFO  | SCMAudit | user=jenkins1000 | ip=192.168.34.43 | op=SEND_HEARTBEAT {datanodeUUID=9570f0ce-31bf-44b3-921f-a36f22efea54, command=[]} | ret=SUCCESS |  
2019-08-30 07:41:06,498 | INFO  | SCMAudit | user=jenkins1000 | ip=192.168.34.43 | op=SEND_HEARTBEAT {datanodeUUID=9e64560e-57c0-404b-a5e3-eb70c00d39cc, command=[]} | ret=SUCCESS |  
2019-08-30 07:41:06,781 | INFO  | SCMAudit | user=jenkins1000 | ip=192.168.34.43 | op=SEND_HEARTBEAT {datanodeUUID=722c9a0b-3ca8-46f2-9cba-02fdf2a68848, command=[]} | ret=SUCCESS |  
2019-08-30 07:41:07,100 | INFO  | SCMAudit | user=jenkins1000 | ip=192.168.34.43 | op=SEND_HEARTBEAT {datanodeUUID=3bf132e1-02b6-4168-801a-3d7ce793c0d9, command=[]} | ret=SUCCESS |  
2019-08-30 07:41:07,268 | INFO  | SCMAudit | user=jenkins1000 | ip=192.168.34.43 | op=SEND_HEARTBEAT {datanodeUUID=dcd35ce2-5653-4064-9aff-c1a2cac3fe1c, command=[]} | ret=SUCCESS |  
2019-08-30 07:41:07,293 | INFO  | SCMAudit | user=jenkins1000 | ip=192.168.34.43 | op=SEND_HEARTBEAT {datanodeUUID=dc0e8eda-8843-49e8-9024-f7c59bdcd9bc, command=[]} | ret=SUCCESS |  
2019-08-30 07:41:07,297 | INFO  | SCMAudit | user=jenkins1000 | ip=192.168.34.43 | op=SEND_HEARTBEAT {datanodeUUID=34c5bf21-796a-477d-8f73-056dd6ef4f82, command=[]} | ret=SUCCESS |  
2019-08-30 07:41:07,306 | INFO  | SCMAudit | user=jenkins1000 | ip=192.168.34.43 | op=SEND_HEARTBEAT {datanodeUUID=9570f0ce-31bf-44b3-921f-a36f22efea54, command=[]} | ret=SUCCESS |  
2019-08-30 07:41:07,498 | INFO  | SCMAudit | user=jenkins1000 | ip=192.168.34.43 | op=SEND_HEARTBEAT {datanodeUUID=9e64560e-57c0-404b-a5e3-eb70c00d39cc, command=[]} | ret=SUCCESS |  
2019-08-30 07:41:07,781 | INFO  | SCMAudit | user=jenkins1000 | ip=192.168.34.43 | op=SEND_HEARTBEAT {datanodeUUID=722c9a0b-3ca8-46f2-9cba-02fdf2a68848, command=[]} | ret=SUCCESS |  
2019-08-30 07:41:08,101 | INFO  | SCMAudit | user=jenkins1000 | ip=192.168.34.43 | op=SEND_HEARTBEAT {datanodeUUID=3bf132e1-02b6-4168-801a-3d7ce793c0d9, command=[]} | ret=SUCCESS |  
2019-08-30 07:41:08,269 | INFO  | SCMAudit | user=jenkins1000 | ip=192.168.34.43 | op=SEND_HEARTBEAT {datanodeUUID=dcd35ce2-5653-4064-9aff-c1a2cac3fe1c, command=[]} | ret=SUCCESS |  
2019-08-30 07:41:08,292 | INFO  | SCMAudit | user=jenkins1000 | ip=192.168.34.43 | op=SEND_HEARTBEAT {datanodeUUID=dc0e8eda-8843-49e8-9024-f7c59bdcd9bc, command=[]} | ret=SUCCESS |  
2019-08-30 07:41:08,297 | INFO  | SCMAudit | user=jenkins1000 | ip=192.168.34.43 | op=SEND_HEARTBEAT {datanodeUUID=34c5bf21-796a-477d-8f73-056dd6ef4f82, command=[]} | ret=SUCCESS |  
2019-08-30 07:41:08,307 | INFO  | SCMAudit | user=jenkins1000 | ip=192.168.34.43 | op=SEND_HEARTBEAT {datanodeUUID=9570f0ce-31bf-44b3-921f-a36f22efea54, command=[]} | ret=SUCCESS |  
2019-08-30 07:41:08,498 | INFO  | SCMAudit | user=jenkins1000 | ip=192.168.34.43 | op=SEND_HEARTBEAT {datanodeUUID=9e64560e-57c0-404b-a5e3-eb70c00d39cc, command=[]} | ret=SUCCESS |  
2019-08-30 07:41:08,782 | INFO  | SCMAudit | user=jenkins1000 | ip=192.168.34.43 | op=SEND_HEARTBEAT {datanodeUUID=722c9a0b-3ca8-46f2-9cba-02fdf2a68848, command=[]} | ret=SUCCESS |  
2019-08-30 07:41:09,100 | INFO  | SCMAudit | user=jenkins1000 | ip=192.168.34.43 | op=SEND_HEARTBEAT {datanodeUUID=3bf132e1-02b6-4168-801a-3d7ce793c0d9, command=[]} | ret=SUCCESS |  
2019-08-30 07:41:09,268 | INFO  | SCMAudit | user=jenkins1000 | ip=192.168.34.43 | op=SEND_HEARTBEAT {datanodeUUID=dcd35ce2-5653-4064-9aff-c1a2cac3fe1c, command=[]} | ret=SUCCESS |  
2019-08-30 07:41:09,292 | INFO  | SCMAudit | user=jenkins1000 | ip=192.168.34.43 | op=SEND_HEARTBEAT {datanodeUUID=dc0e8eda-8843-49e8-9024-f7c59bdcd9bc, command=[]} | ret=SUCCESS |  
2019-08-30 07:41:09,297 | INFO  | SCMAudit | user=jenkins1000 | ip=192.168.34.43 | op=SEND_HEARTBEAT {datanodeUUID=34c5bf21-796a-477d-8f73-056dd6ef4f82, command=[]} | ret=SUCCESS |  
2019-08-30 07:41:09,307 | INFO  | SCMAudit | user=jenkins1000 | ip=192.168.34.43 | op=SEND_HEARTBEAT {datanodeUUID=9570f0ce-31bf-44b3-921f-a36f22efea54, command=[]} | ret=SUCCESS |  
2019-08-30 07:41:09,498 | INFO  | SCMAudit | user=jenkins1000 | ip=192.168.34.43 | op=SEND_HEARTBEAT {datanodeUUID=9e64560e-57c0-404b-a5e3-eb70c00d39cc, command=[]} | ret=SUCCESS |  
2019-08-30 07:41:09,781 | INFO  | SCMAudit | user=jenkins1000 | ip=192.168.34.43 | op=SEND_HEARTBEAT {datanodeUUID=722c9a0b-3ca8-46f2-9cba-02fdf2a68848, command=[]} | ret=SUCCESS |  
2019-08-30 07:41:10,062 [grpc-default-executor-1] INFO  client.GrpcClientProtocolClient (GrpcClientProtocolClient.java:onNext(255)) - client-8ACC3CA93160->9570f0ce-31bf-44b3-921f-a36f22efea54: receive RaftClientReply:client-8ACC3CA93160->9570f0ce-31bf-44b3-921f-a36f22efea54@group-CB9C606E82CE, cid=45, FAILED org.apache.ratis.protocol.NotLeaderException: Server 9570f0ce-31bf-44b3-921f-a36f22efea54 is not the leader (dcd35ce2-5653-4064-9aff-c1a2cac3fe1c:192.168.34.43:41594). Request must be sent to leader., logIndex=0, commits[9570f0ce-31bf-44b3-921f-a36f22efea54:c8, dc0e8eda-8843-49e8-9024-f7c59bdcd9bc:c8, dcd35ce2-5653-4064-9aff-c1a2cac3fe1c:c8]
2019-08-30 07:41:10,101 | INFO  | SCMAudit | user=jenkins1000 | ip=192.168.34.43 | op=SEND_HEARTBEAT {datanodeUUID=3bf132e1-02b6-4168-801a-3d7ce793c0d9, command=[]} | ret=SUCCESS |  
2019-08-30 07:41:10,268 | INFO  | SCMAudit | user=jenkins1000 | ip=192.168.34.43 | op=SEND_HEARTBEAT {datanodeUUID=dcd35ce2-5653-4064-9aff-c1a2cac3fe1c, command=[]} | ret=SUCCESS |  
2019-08-30 07:41:10,292 | INFO  | SCMAudit | user=jenkins1000 | ip=192.168.34.43 | op=SEND_HEARTBEAT {datanodeUUID=dc0e8eda-8843-49e8-9024-f7c59bdcd9bc, command=[]} | ret=SUCCESS |  
2019-08-30 07:41:10,297 | INFO  | SCMAudit | user=jenkins1000 | ip=192.168.34.43 | op=SEND_HEARTBEAT {datanodeUUID=34c5bf21-796a-477d-8f73-056dd6ef4f82, command=[]} | ret=SUCCESS |  
2019-08-30 07:41:10,307 | INFO  | SCMAudit | user=jenkins1000 | ip=192.168.34.43 | op=SEND_HEARTBEAT {datanodeUUID=9570f0ce-31bf-44b3-921f-a36f22efea54, command=[]} | ret=SUCCESS |  
2019-08-30 07:41:10,499 | INFO  | SCMAudit | user=jenkins1000 | ip=192.168.34.43 | op=SEND_HEARTBEAT {datanodeUUID=9e64560e-57c0-404b-a5e3-eb70c00d39cc, command=[]} | ret=SUCCESS |  
2019-08-30 07:41:10,782 | INFO  | SCMAudit | user=jenkins1000 | ip=192.168.34.43 | op=SEND_HEARTBEAT {datanodeUUID=722c9a0b-3ca8-46f2-9cba-02fdf2a68848, command=[]} | ret=SUCCESS |  
2019-08-30 07:41:11,100 | INFO  | SCMAudit | user=jenkins1000 | ip=192.168.34.43 | op=SEND_HEARTBEAT {datanodeUUID=3bf132e1-02b6-4168-801a-3d7ce793c0d9, command=[]} | ret=SUCCESS |  
2019-08-30 07:41:11,269 | INFO  | SCMAudit | user=jenkins1000 | ip=192.168.34.43 | op=SEND_HEARTBEAT {datanodeUUID=dcd35ce2-5653-4064-9aff-c1a2cac3fe1c, command=[]} | ret=SUCCESS |  
2019-08-30 07:41:11,292 | INFO  | SCMAudit | user=jenkins1000 | ip=192.168.34.43 | op=SEND_HEARTBEAT {datanodeUUID=dc0e8eda-8843-49e8-9024-f7c59bdcd9bc, command=[]} | ret=SUCCESS |  
2019-08-30 07:41:11,297 | INFO  | SCMAudit | user=jenkins1000 | ip=192.168.34.43 | op=SEND_HEARTBEAT {datanodeUUID=34c5bf21-796a-477d-8f73-056dd6ef4f82, command=[]} | ret=SUCCESS |  
2019-08-30 07:41:11,307 | INFO  | SCMAudit | user=jenkins1000 | ip=192.168.34.43 | op=SEND_HEARTBEAT {datanodeUUID=9570f0ce-31bf-44b3-921f-a36f22efea54, command=[]} | ret=SUCCESS |  
2019-08-30 07:41:11,499 | INFO  | SCMAudit | user=jenkins1000 | ip=192.168.34.43 | op=SEND_HEARTBEAT {datanodeUUID=9e64560e-57c0-404b-a5e3-eb70c00d39cc, command=[]} | ret=SUCCESS |  
2019-08-30 07:41:11,781 | INFO  | SCMAudit | user=jenkins1000 | ip=192.168.34.43 | op=SEND_HEARTBEAT {datanodeUUID=722c9a0b-3ca8-46f2-9cba-02fdf2a68848, command=[]} | ret=SUCCESS |  
2019-08-30 07:41:12,101 | INFO  | SCMAudit | user=jenkins1000 | ip=192.168.34.43 | op=SEND_HEARTBEAT {datanodeUUID=3bf132e1-02b6-4168-801a-3d7ce793c0d9, command=[]} | ret=SUCCESS |  
2019-08-30 07:41:12,269 | INFO  | SCMAudit | user=jenkins1000 | ip=192.168.34.43 | op=SEND_HEARTBEAT {datanodeUUID=dcd35ce2-5653-4064-9aff-c1a2cac3fe1c, command=[]} | ret=SUCCESS |  
2019-08-30 07:41:12,292 | INFO  | SCMAudit | user=jenkins1000 | ip=192.168.34.43 | op=SEND_HEARTBEAT {datanodeUUID=dc0e8eda-8843-49e8-9024-f7c59bdcd9bc, command=[]} | ret=SUCCESS |  
2019-08-30 07:41:12,298 | INFO  | SCMAudit | user=jenkins1000 | ip=192.168.34.43 | op=SEND_HEARTBEAT {datanodeUUID=34c5bf21-796a-477d-8f73-056dd6ef4f82, command=[]} | ret=SUCCESS |  
2019-08-30 07:41:12,307 | INFO  | SCMAudit | user=jenkins1000 | ip=192.168.34.43 | op=SEND_HEARTBEAT {datanodeUUID=9570f0ce-31bf-44b3-921f-a36f22efea54, command=[]} | ret=SUCCESS |  
2019-08-30 07:41:12,498 | INFO  | SCMAudit | user=jenkins1000 | ip=192.168.34.43 | op=SEND_HEARTBEAT {datanodeUUID=9e64560e-57c0-404b-a5e3-eb70c00d39cc, command=[]} | ret=SUCCESS |  
2019-08-30 07:41:12,781 | INFO  | SCMAudit | user=jenkins1000 | ip=192.168.34.43 | op=SEND_HEARTBEAT {datanodeUUID=722c9a0b-3ca8-46f2-9cba-02fdf2a68848, command=[]} | ret=SUCCESS |  
2019-08-30 07:41:13,101 | INFO  | SCMAudit | user=jenkins1000 | ip=192.168.34.43 | op=SEND_HEARTBEAT {datanodeUUID=3bf132e1-02b6-4168-801a-3d7ce793c0d9, command=[]} | ret=SUCCESS |  
2019-08-30 07:41:13,269 | INFO  | SCMAudit | user=jenkins1000 | ip=192.168.34.43 | op=SEND_HEARTBEAT {datanodeUUID=dcd35ce2-5653-4064-9aff-c1a2cac3fe1c, command=[]} | ret=SUCCESS |  
2019-08-30 07:41:13,292 | INFO  | SCMAudit | user=jenkins1000 | ip=192.168.34.43 | op=SEND_HEARTBEAT {datanodeUUID=dc0e8eda-8843-49e8-9024-f7c59bdcd9bc, command=[]} | ret=SUCCESS |  
2019-08-30 07:41:13,298 | INFO  | SCMAudit | user=jenkins1000 | ip=192.168.34.43 | op=SEND_HEARTBEAT {datanodeUUID=34c5bf21-796a-477d-8f73-056dd6ef4f82, command=[]} | ret=SUCCESS |  
2019-08-30 07:41:13,307 | INFO  | SCMAudit | user=jenkins1000 | ip=192.168.34.43 | op=SEND_HEARTBEAT {datanodeUUID=9570f0ce-31bf-44b3-921f-a36f22efea54, command=[]} | ret=SUCCESS |  
2019-08-30 07:41:13,498 | INFO  | SCMAudit | user=jenkins1000 | ip=192.168.34.43 | op=SEND_HEARTBEAT {datanodeUUID=9e64560e-57c0-404b-a5e3-eb70c00d39cc, command=[]} | ret=SUCCESS |  
2019-08-30 07:41:13,782 | INFO  | SCMAudit | user=jenkins1000 | ip=192.168.34.43 | op=SEND_HEARTBEAT {datanodeUUID=722c9a0b-3ca8-46f2-9cba-02fdf2a68848, command=[]} | ret=SUCCESS |  
2019-08-30 07:41:14,101 | INFO  | SCMAudit | user=jenkins1000 | ip=192.168.34.43 | op=SEND_HEARTBEAT {datanodeUUID=3bf132e1-02b6-4168-801a-3d7ce793c0d9, command=[]} | ret=SUCCESS |  
2019-08-30 07:41:14,270 | INFO  | SCMAudit | user=jenkins1000 | ip=192.168.34.43 | op=SEND_HEARTBEAT {datanodeUUID=dcd35ce2-5653-4064-9aff-c1a2cac3fe1c, command=[]} | ret=SUCCESS |  
2019-08-30 07:41:14,292 | INFO  | SCMAudit | user=jenkins1000 | ip=192.168.34.43 | op=SEND_HEARTBEAT {datanodeUUID=dc0e8eda-8843-49e8-9024-f7c59bdcd9bc, command=[]} | ret=SUCCESS |  
2019-08-30 07:41:14,299 | INFO  | SCMAudit | user=jenkins1000 | ip=192.168.34.43 | op=SEND_HEARTBEAT {datanodeUUID=34c5bf21-796a-477d-8f73-056dd6ef4f82, command=[]} | ret=SUCCESS |  
2019-08-30 07:41:14,307 | INFO  | SCMAudit | user=jenkins1000 | ip=192.168.34.43 | op=SEND_HEARTBEAT {datanodeUUID=9570f0ce-31bf-44b3-921f-a36f22efea54, command=[]} | ret=SUCCESS |  
2019-08-30 07:41:14,498 | INFO  | SCMAudit | user=jenkins1000 | ip=192.168.34.43 | op=SEND_HEARTBEAT {datanodeUUID=9e64560e-57c0-404b-a5e3-eb70c00d39cc, command=[]} | ret=SUCCESS |  
2019-08-30 07:41:14,781 | INFO  | SCMAudit | user=jenkins1000 | ip=192.168.34.43 | op=SEND_HEARTBEAT {datanodeUUID=722c9a0b-3ca8-46f2-9cba-02fdf2a68848, command=[]} | ret=SUCCESS |  
2019-08-30 07:41:15,096 [grpc-default-executor-1] INFO  client.GrpcClientProtocolClient (GrpcClientProtocolClient.java:onNext(255)) - client-8ACC3CA93160->9570f0ce-31bf-44b3-921f-a36f22efea54: receive RaftClientReply:client-8ACC3CA93160->9570f0ce-31bf-44b3-921f-a36f22efea54@group-CB9C606E82CE, cid=45, FAILED org.apache.ratis.protocol.NotLeaderException: Server 9570f0ce-31bf-44b3-921f-a36f22efea54 is not the leader (dcd35ce2-5653-4064-9aff-c1a2cac3fe1c:192.168.34.43:41594). Request must be sent to leader., logIndex=0, commits[9570f0ce-31bf-44b3-921f-a36f22efea54:c8, dc0e8eda-8843-49e8-9024-f7c59bdcd9bc:c8, dcd35ce2-5653-4064-9aff-c1a2cac3fe1c:c8]
2019-08-30 07:41:15,105 | INFO  | SCMAudit | user=jenkins1000 | ip=192.168.34.43 | op=SEND_HEARTBEAT {datanodeUUID=3bf132e1-02b6-4168-801a-3d7ce793c0d9, command=[]} | ret=SUCCESS |  
2019-08-30 07:41:15,270 | INFO  | SCMAudit | user=jenkins1000 | ip=192.168.34.43 | op=SEND_HEARTBEAT {datanodeUUID=dcd35ce2-5653-4064-9aff-c1a2cac3fe1c, command=[]} | ret=SUCCESS |  
2019-08-30 07:41:15,292 | INFO  | SCMAudit | user=jenkins1000 | ip=192.168.34.43 | op=SEND_HEARTBEAT {datanodeUUID=dc0e8eda-8843-49e8-9024-f7c59bdcd9bc, command=[]} | ret=SUCCESS |  
2019-08-30 07:41:15,298 | INFO  | SCMAudit | user=jenkins1000 | ip=192.168.34.43 | op=SEND_HEARTBEAT {datanodeUUID=34c5bf21-796a-477d-8f73-056dd6ef4f82, command=[]} | ret=SUCCESS |  
2019-08-30 07:41:15,307 | INFO  | SCMAudit | user=jenkins1000 | ip=192.168.34.43 | op=SEND_HEARTBEAT {datanodeUUID=9570f0ce-31bf-44b3-921f-a36f22efea54, command=[]} | ret=SUCCESS |  
2019-08-30 07:41:15,499 | INFO  | SCMAudit | user=jenkins1000 | ip=192.168.34.43 | op=SEND_HEARTBEAT {datanodeUUID=9e64560e-57c0-404b-a5e3-eb70c00d39cc, command=[]} | ret=SUCCESS |  
2019-08-30 07:41:15,781 | INFO  | SCMAudit | user=jenkins1000 | ip=192.168.34.43 | op=SEND_HEARTBEAT {datanodeUUID=722c9a0b-3ca8-46f2-9cba-02fdf2a68848, command=[]} | ret=SUCCESS |  
2019-08-30 07:41:16,103 | INFO  | SCMAudit | user=jenkins1000 | ip=192.168.34.43 | op=SEND_HEARTBEAT {datanodeUUID=3bf132e1-02b6-4168-801a-3d7ce793c0d9, command=[]} | ret=SUCCESS |  
2019-08-30 07:41:16,269 | INFO  | SCMAudit | user=jenkins1000 | ip=192.168.34.43 | op=SEND_HEARTBEAT {datanodeUUID=dcd35ce2-5653-4064-9aff-c1a2cac3fe1c, command=[]} | ret=SUCCESS |  
2019-08-30 07:41:16,292 | INFO  | SCMAudit | user=jenkins1000 | ip=192.168.34.43 | op=SEND_HEARTBEAT {datanodeUUID=dc0e8eda-8843-49e8-9024-f7c59bdcd9bc, command=[]} | ret=SUCCESS |  
2019-08-30 07:41:16,299 | INFO  | SCMAudit | user=jenkins1000 | ip=192.168.34.43 | op=SEND_HEARTBEAT {datanodeUUID=34c5bf21-796a-477d-8f73-056dd6ef4f82, command=[]} | ret=SUCCESS |  
2019-08-30 07:41:16,307 | INFO  | SCMAudit | user=jenkins1000 | ip=192.168.34.43 | op=SEND_HEARTBEAT {datanodeUUID=9570f0ce-31bf-44b3-921f-a36f22efea54, command=[]} | ret=SUCCESS |  
2019-08-30 07:41:16,499 | INFO  | SCMAudit | user=jenkins1000 | ip=192.168.34.43 | op=SEND_HEARTBEAT {datanodeUUID=9e64560e-57c0-404b-a5e3-eb70c00d39cc, command=[]} | ret=SUCCESS |  
2019-08-30 07:41:16,782 | INFO  | SCMAudit | user=jenkins1000 | ip=192.168.34.43 | op=SEND_HEARTBEAT {datanodeUUID=722c9a0b-3ca8-46f2-9cba-02fdf2a68848, command=[]} | ret=SUCCESS |  
2019-08-30 07:41:17,103 | INFO  | SCMAudit | user=jenkins1000 | ip=192.168.34.43 | op=SEND_HEARTBEAT {datanodeUUID=3bf132e1-02b6-4168-801a-3d7ce793c0d9, command=[]} | ret=SUCCESS |  
2019-08-30 07:41:17,269 | INFO  | SCMAudit | user=jenkins1000 | ip=192.168.34.43 | op=SEND_HEARTBEAT {datanodeUUID=dcd35ce2-5653-4064-9aff-c1a2cac3fe1c, command=[]} | ret=SUCCESS |  
2019-08-30 07:41:17,292 | INFO  | SCMAudit | user=jenkins1000 | ip=192.168.34.43 | op=SEND_HEARTBEAT {datanodeUUID=dc0e8eda-8843-49e8-9024-f7c59bdcd9bc, command=[]} | ret=SUCCESS |  
2019-08-30 07:41:17,298 | INFO  | SCMAudit | user=jenkins1000 | ip=192.168.34.43 | op=SEND_HEARTBEAT {datanodeUUID=34c5bf21-796a-477d-8f73-056dd6ef4f82, command=[]} | ret=SUCCESS |  
2019-08-30 07:41:17,307 | INFO  | SCMAudit | user=jenkins1000 | ip=192.168.34.43 | op=SEND_HEARTBEAT {datanodeUUID=9570f0ce-31bf-44b3-921f-a36f22efea54, command=[]} | ret=SUCCESS |  
2019-08-30 07:41:17,499 | INFO  | SCMAudit | user=jenkins1000 | ip=192.168.34.43 | op=SEND_HEARTBEAT {datanodeUUID=9e64560e-57c0-404b-a5e3-eb70c00d39cc, command=[]} | ret=SUCCESS |  
2019-08-30 07:41:17,781 | INFO  | SCMAudit | user=jenkins1000 | ip=192.168.34.43 | op=SEND_HEARTBEAT {datanodeUUID=722c9a0b-3ca8-46f2-9cba-02fdf2a68848, command=[]} | ret=SUCCESS |  
2019-08-30 07:41:18,104 | INFO  | SCMAudit | user=jenkins1000 | ip=192.168.34.43 | op=SEND_HEARTBEAT {datanodeUUID=3bf132e1-02b6-4168-801a-3d7ce793c0d9, command=[]} | ret=SUCCESS |  
2019-08-30 07:41:18,270 | INFO  | SCMAudit | user=jenkins1000 | ip=192.168.34.43 | op=SEND_HEARTBEAT {datanodeUUID=dcd35ce2-5653-4064-9aff-c1a2cac3fe1c, command=[]} | ret=SUCCESS |  
2019-08-30 07:41:18,292 | INFO  | SCMAudit | user=jenkins1000 | ip=192.168.34.43 | op=SEND_HEARTBEAT {datanodeUUID=dc0e8eda-8843-49e8-9024-f7c59bdcd9bc, command=[]} | ret=SUCCESS |  
2019-08-30 07:41:18,298 | INFO  | SCMAudit | user=jenkins1000 | ip=192.168.34.43 | op=SEND_HEARTBEAT {datanodeUUID=34c5bf21-796a-477d-8f73-056dd6ef4f82, command=[]} | ret=SUCCESS |  
2019-08-30 07:41:18,307 | INFO  | SCMAudit | user=jenkins1000 | ip=192.168.34.43 | op=SEND_HEARTBEAT {datanodeUUID=9570f0ce-31bf-44b3-921f-a36f22efea54, command=[]} | ret=SUCCESS |  
2019-08-30 07:41:18,499 | INFO  | SCMAudit | user=jenkins1000 | ip=192.168.34.43 | op=SEND_HEARTBEAT {datanodeUUID=9e64560e-57c0-404b-a5e3-eb70c00d39cc, command=[]} | ret=SUCCESS |  
2019-08-30 07:41:18,781 | INFO  | SCMAudit | user=jenkins1000 | ip=192.168.34.43 | op=SEND_HEARTBEAT {datanodeUUID=722c9a0b-3ca8-46f2-9cba-02fdf2a68848, command=[]} | ret=SUCCESS |  
2019-08-30 07:41:19,104 | INFO  | SCMAudit | user=jenkins1000 | ip=192.168.34.43 | op=SEND_HEARTBEAT {datanodeUUID=3bf132e1-02b6-4168-801a-3d7ce793c0d9, command=[]} | ret=SUCCESS |  
2019-08-30 07:41:19,270 | INFO  | SCMAudit | user=jenkins1000 | ip=192.168.34.43 | op=SEND_HEARTBEAT {datanodeUUID=dcd35ce2-5653-4064-9aff-c1a2cac3fe1c, command=[]} | ret=SUCCESS |  
2019-08-30 07:41:19,292 | INFO  | SCMAudit | user=jenkins1000 | ip=192.168.34.43 | op=SEND_HEARTBEAT {datanodeUUID=dc0e8eda-8843-49e8-9024-f7c59bdcd9bc, command=[]} | ret=SUCCESS |  
2019-08-30 07:41:19,298 | INFO  | SCMAudit | user=jenkins1000 | ip=192.168.34.43 | op=SEND_HEARTBEAT {datanodeUUID=34c5bf21-796a-477d-8f73-056dd6ef4f82, command=[]} | ret=SUCCESS |  
2019-08-30 07:41:19,307 | INFO  | SCMAudit | user=jenkins1000 | ip=192.168.34.43 | op=SEND_HEARTBEAT {datanodeUUID=9570f0ce-31bf-44b3-921f-a36f22efea54, command=[]} | ret=SUCCESS |  
2019-08-30 07:41:19,500 | INFO  | SCMAudit | user=jenkins1000 | ip=192.168.34.43 | op=SEND_HEARTBEAT {datanodeUUID=9e64560e-57c0-404b-a5e3-eb70c00d39cc, command=[]} | ret=SUCCESS |  
2019-08-30 07:41:19,782 | INFO  | SCMAudit | user=jenkins1000 | ip=192.168.34.43 | op=SEND_HEARTBEAT {datanodeUUID=722c9a0b-3ca8-46f2-9cba-02fdf2a68848, command=[]} | ret=SUCCESS |  
2019-08-30 07:41:20,104 | INFO  | SCMAudit | user=jenkins1000 | ip=192.168.34.43 | op=SEND_HEARTBEAT {datanodeUUID=3bf132e1-02b6-4168-801a-3d7ce793c0d9, command=[]} | ret=SUCCESS |  
2019-08-30 07:41:20,153 [grpc-default-executor-1] INFO  client.GrpcClientProtocolClient (GrpcClientProtocolClient.java:onNext(255)) - client-8ACC3CA93160->9570f0ce-31bf-44b3-921f-a36f22efea54: receive RaftClientReply:client-8ACC3CA93160->9570f0ce-31bf-44b3-921f-a36f22efea54@group-CB9C606E82CE, cid=45, FAILED org.apache.ratis.protocol.NotLeaderException: Server 9570f0ce-31bf-44b3-921f-a36f22efea54 is not the leader (dcd35ce2-5653-4064-9aff-c1a2cac3fe1c:192.168.34.43:41594). Request must be sent to leader., logIndex=0, commits[9570f0ce-31bf-44b3-921f-a36f22efea54:c8, dc0e8eda-8843-49e8-9024-f7c59bdcd9bc:c8, dcd35ce2-5653-4064-9aff-c1a2cac3fe1c:c8]
2019-08-30 07:41:20,269 | INFO  | SCMAudit | user=jenkins1000 | ip=192.168.34.43 | op=SEND_HEARTBEAT {datanodeUUID=dcd35ce2-5653-4064-9aff-c1a2cac3fe1c, command=[]} | ret=SUCCESS |  
2019-08-30 07:41:20,292 | INFO  | SCMAudit | user=jenkins1000 | ip=192.168.34.43 | op=SEND_HEARTBEAT {datanodeUUID=dc0e8eda-8843-49e8-9024-f7c59bdcd9bc, command=[]} | ret=SUCCESS |  
2019-08-30 07:41:20,298 | INFO  | SCMAudit | user=jenkins1000 | ip=192.168.34.43 | op=SEND_HEARTBEAT {datanodeUUID=34c5bf21-796a-477d-8f73-056dd6ef4f82, command=[]} | ret=SUCCESS |  
2019-08-30 07:41:20,307 | INFO  | SCMAudit | user=jenkins1000 | ip=192.168.34.43 | op=SEND_HEARTBEAT {datanodeUUID=9570f0ce-31bf-44b3-921f-a36f22efea54, command=[]} | ret=SUCCESS |  
2019-08-30 07:41:20,500 | INFO  | SCMAudit | user=jenkins1000 | ip=192.168.34.43 | op=SEND_HEARTBEAT {datanodeUUID=9e64560e-57c0-404b-a5e3-eb70c00d39cc, command=[]} | ret=SUCCESS |  
2019-08-30 07:41:20,782 | INFO  | SCMAudit | user=jenkins1000 | ip=192.168.34.43 | op=SEND_HEARTBEAT {datanodeUUID=722c9a0b-3ca8-46f2-9cba-02fdf2a68848, command=[]} | ret=SUCCESS |  
2019-08-30 07:41:21,105 | INFO  | SCMAudit | user=jenkins1000 | ip=192.168.34.43 | op=SEND_HEARTBEAT {datanodeUUID=3bf132e1-02b6-4168-801a-3d7ce793c0d9, command=[]} | ret=SUCCESS |  
2019-08-30 07:41:21,270 | INFO  | SCMAudit | user=jenkins1000 | ip=192.168.34.43 | op=SEND_HEARTBEAT {datanodeUUID=dcd35ce2-5653-4064-9aff-c1a2cac3fe1c, command=[]} | ret=SUCCESS |  
2019-08-30 07:41:21,293 | INFO  | SCMAudit | user=jenkins1000 | ip=192.168.34.43 | op=SEND_HEARTBEAT {datanodeUUID=dc0e8eda-8843-49e8-9024-f7c59bdcd9bc, command=[]} | ret=SUCCESS |  
2019-08-30 07:41:21,298 | INFO  | SCMAudit | user=jenkins1000 | ip=192.168.34.43 | op=SEND_HEARTBEAT {datanodeUUID=34c5bf21-796a-477d-8f73-056dd6ef4f82, command=[]} | ret=SUCCESS |  
2019-08-30 07:41:21,307 | INFO  | SCMAudit | user=jenkins1000 | ip=192.168.34.43 | op=SEND_HEARTBEAT {datanodeUUID=9570f0ce-31bf-44b3-921f-a36f22efea54, command=[]} | ret=SUCCESS |  
2019-08-30 07:41:21,499 | INFO  | SCMAudit | user=jenkins1000 | ip=192.168.34.43 | op=SEND_HEARTBEAT {datanodeUUID=9e64560e-57c0-404b-a5e3-eb70c00d39cc, command=[]} | ret=SUCCESS |  
2019-08-30 07:41:21,783 | INFO  | SCMAudit | user=jenkins1000 | ip=192.168.34.43 | op=SEND_HEARTBEAT {datanodeUUID=722c9a0b-3ca8-46f2-9cba-02fdf2a68848, command=[]} | ret=SUCCESS |  
2019-08-30 07:41:22,105 | INFO  | SCMAudit | user=jenkins1000 | ip=192.168.34.43 | op=SEND_HEARTBEAT {datanodeUUID=3bf132e1-02b6-4168-801a-3d7ce793c0d9, command=[]} | ret=SUCCESS |  
2019-08-30 07:41:22,269 | INFO  | SCMAudit | user=jenkins1000 | ip=192.168.34.43 | op=SEND_HEARTBEAT {datanodeUUID=dcd35ce2-5653-4064-9aff-c1a2cac3fe1c, command=[]} | ret=SUCCESS |  
2019-08-30 07:41:22,292 | INFO  | SCMAudit | user=jenkins1000 | ip=192.168.34.43 | op=SEND_HEARTBEAT {datanodeUUID=dc0e8eda-8843-49e8-9024-f7c59bdcd9bc, command=[]} | ret=SUCCESS |  
2019-08-30 07:41:22,298 | INFO  | SCMAudit | user=jenkins1000 | ip=192.168.34.43 | op=SEND_HEARTBEAT {datanodeUUID=34c5bf21-796a-477d-8f73-056dd6ef4f82, command=[]} | ret=SUCCESS |  
2019-08-30 07:41:22,307 | INFO  | SCMAudit | user=jenkins1000 | ip=192.168.34.43 | op=SEND_HEARTBEAT {datanodeUUID=9570f0ce-31bf-44b3-921f-a36f22efea54, command=[]} | ret=SUCCESS |  
2019-08-30 07:41:22,499 | INFO  | SCMAudit | user=jenkins1000 | ip=192.168.34.43 | op=SEND_HEARTBEAT {datanodeUUID=9e64560e-57c0-404b-a5e3-eb70c00d39cc, command=[]} | ret=SUCCESS |  
2019-08-30 07:41:22,782 | INFO  | SCMAudit | user=jenkins1000 | ip=192.168.34.43 | op=SEND_HEARTBEAT {datanodeUUID=722c9a0b-3ca8-46f2-9cba-02fdf2a68848, command=[]} | ret=SUCCESS |  
2019-08-30 07:41:23,105 | INFO  | SCMAudit | user=jenkins1000 | ip=192.168.34.43 | op=SEND_HEARTBEAT {datanodeUUID=3bf132e1-02b6-4168-801a-3d7ce793c0d9, command=[]} | ret=SUCCESS |  
2019-08-30 07:41:23,270 | INFO  | SCMAudit | user=jenkins1000 | ip=192.168.34.43 | op=SEND_HEARTBEAT {datanodeUUID=dcd35ce2-5653-4064-9aff-c1a2cac3fe1c, command=[]} | ret=SUCCESS |  
2019-08-30 07:41:23,292 | INFO  | SCMAudit | user=jenkins1000 | ip=192.168.34.43 | op=SEND_HEARTBEAT {datanodeUUID=dc0e8eda-8843-49e8-9024-f7c59bdcd9bc, command=[]} | ret=SUCCESS |  
2019-08-30 07:41:23,298 | INFO  | SCMAudit | user=jenkins1000 | ip=192.168.34.43 | op=SEND_HEARTBEAT {datanodeUUID=34c5bf21-796a-477d-8f73-056dd6ef4f82, command=[]} | ret=SUCCESS |  
2019-08-30 07:41:23,307 | INFO  | SCMAudit | user=jenkins1000 | ip=192.168.34.43 | op=SEND_HEARTBEAT {datanodeUUID=9570f0ce-31bf-44b3-921f-a36f22efea54, command=[]} | ret=SUCCESS |  
2019-08-30 07:41:23,500 | INFO  | SCMAudit | user=jenkins1000 | ip=192.168.34.43 | op=SEND_HEARTBEAT {datanodeUUID=9e64560e-57c0-404b-a5e3-eb70c00d39cc, command=[]} | ret=SUCCESS |  
2019-08-30 07:41:23,783 | INFO  | SCMAudit | user=jenkins1000 | ip=192.168.34.43 | op=SEND_HEARTBEAT {datanodeUUID=722c9a0b-3ca8-46f2-9cba-02fdf2a68848, command=[]} | ret=SUCCESS |  
2019-08-30 07:41:24,106 | INFO  | SCMAudit | user=jenkins1000 | ip=192.168.34.43 | op=SEND_HEARTBEAT {datanodeUUID=3bf132e1-02b6-4168-801a-3d7ce793c0d9, command=[]} | ret=SUCCESS |  
2019-08-30 07:41:24,270 | INFO  | SCMAudit | user=jenkins1000 | ip=192.168.34.43 | op=SEND_HEARTBEAT {datanodeUUID=dcd35ce2-5653-4064-9aff-c1a2cac3fe1c, command=[]} | ret=SUCCESS |  
2019-08-30 07:41:24,292 | INFO  | SCMAudit | user=jenkins1000 | ip=192.168.34.43 | op=SEND_HEARTBEAT {datanodeUUID=dc0e8eda-8843-49e8-9024-f7c59bdcd9bc, command=[]} | ret=SUCCESS |  
2019-08-30 07:41:24,298 | INFO  | SCMAudit | user=jenkins1000 | ip=192.168.34.43 | op=SEND_HEARTBEAT {datanodeUUID=34c5bf21-796a-477d-8f73-056dd6ef4f82, command=[]} | ret=SUCCESS |  
2019-08-30 07:41:24,307 | INFO  | SCMAudit | user=jenkins1000 | ip=192.168.34.43 | op=SEND_HEARTBEAT {datanodeUUID=9570f0ce-31bf-44b3-921f-a36f22efea54, command=[]} | ret=SUCCESS |  
2019-08-30 07:41:24,500 | INFO  | SCMAudit | user=jenkins1000 | ip=192.168.34.43 | op=SEND_HEARTBEAT {datanodeUUID=9e64560e-57c0-404b-a5e3-eb70c00d39cc, command=[]} | ret=SUCCESS |  
2019-08-30 07:41:24,783 | INFO  | SCMAudit | user=jenkins1000 | ip=192.168.34.43 | op=SEND_HEARTBEAT {datanodeUUID=722c9a0b-3ca8-46f2-9cba-02fdf2a68848, command=[]} | ret=SUCCESS |  
2019-08-30 07:41:25,105 | INFO  | SCMAudit | user=jenkins1000 | ip=192.168.34.43 | op=SEND_HEARTBEAT {datanodeUUID=3bf132e1-02b6-4168-801a-3d7ce793c0d9, command=[]} | ret=SUCCESS |  
2019-08-30 07:41:25,188 [grpc-default-executor-1] INFO  client.GrpcClientProtocolClient (GrpcClientProtocolClient.java:onNext(255)) - client-8ACC3CA93160->dc0e8eda-8843-49e8-9024-f7c59bdcd9bc: receive RaftClientReply:client-8ACC3CA93160->dc0e8eda-8843-49e8-9024-f7c59bdcd9bc@group-CB9C606E82CE, cid=45, FAILED org.apache.ratis.protocol.NotLeaderException: Server dc0e8eda-8843-49e8-9024-f7c59bdcd9bc is not the leader (dcd35ce2-5653-4064-9aff-c1a2cac3fe1c:192.168.34.43:41594). Request must be sent to leader., logIndex=0, commits[dc0e8eda-8843-49e8-9024-f7c59bdcd9bc:c8, dcd35ce2-5653-4064-9aff-c1a2cac3fe1c:c8, 9570f0ce-31bf-44b3-921f-a36f22efea54:c8]
2019-08-30 07:41:25,270 | INFO  | SCMAudit | user=jenkins1000 | ip=192.168.34.43 | op=SEND_HEARTBEAT {datanodeUUID=dcd35ce2-5653-4064-9aff-c1a2cac3fe1c, command=[]} | ret=SUCCESS |  
2019-08-30 07:41:25,292 | INFO  | SCMAudit | user=jenkins1000 | ip=192.168.34.43 | op=SEND_HEARTBEAT {datanodeUUID=dc0e8eda-8843-49e8-9024-f7c59bdcd9bc, command=[]} | ret=SUCCESS |  
2019-08-30 07:41:25,298 | INFO  | SCMAudit | user=jenkins1000 | ip=192.168.34.43 | op=SEND_HEARTBEAT {datanodeUUID=34c5bf21-796a-477d-8f73-056dd6ef4f82, command=[]} | ret=SUCCESS |  
2019-08-30 07:41:25,307 | INFO  | SCMAudit | user=jenkins1000 | ip=192.168.34.43 | op=SEND_HEARTBEAT {datanodeUUID=9570f0ce-31bf-44b3-921f-a36f22efea54, command=[]} | ret=SUCCESS |  
2019-08-30 07:41:25,499 | INFO  | SCMAudit | user=jenkins1000 | ip=192.168.34.43 | op=SEND_HEARTBEAT {datanodeUUID=9e64560e-57c0-404b-a5e3-eb70c00d39cc, command=[]} | ret=SUCCESS |  
2019-08-30 07:41:25,782 | INFO  | SCMAudit | user=jenkins1000 | ip=192.168.34.43 | op=SEND_HEARTBEAT {datanodeUUID=722c9a0b-3ca8-46f2-9cba-02fdf2a68848, command=[]} | ret=SUCCESS |  
2019-08-30 07:41:26,106 | INFO  | SCMAudit | user=jenkins1000 | ip=192.168.34.43 | op=SEND_HEARTBEAT {datanodeUUID=3bf132e1-02b6-4168-801a-3d7ce793c0d9, command=[]} | ret=SUCCESS |  
2019-08-30 07:41:26,271 | INFO  | SCMAudit | user=jenkins1000 | ip=192.168.34.43 | op=SEND_HEARTBEAT {datanodeUUID=dcd35ce2-5653-4064-9aff-c1a2cac3fe1c, command=[]} | ret=SUCCESS |  
2019-08-30 07:41:26,293 | INFO  | SCMAudit | user=jenkins1000 | ip=192.168.34.43 | op=SEND_HEARTBEAT {datanodeUUID=dc0e8eda-8843-49e8-9024-f7c59bdcd9bc, command=[]} | ret=SUCCESS |  
2019-08-30 07:41:26,298 | INFO  | SCMAudit | user=jenkins1000 | ip=192.168.34.43 | op=SEND_HEARTBEAT {datanodeUUID=34c5bf21-796a-477d-8f73-056dd6ef4f82, command=[]} | ret=SUCCESS |  
2019-08-30 07:41:26,307 | INFO  | SCMAudit | user=jenkins1000 | ip=192.168.34.43 | op=SEND_HEARTBEAT {datanodeUUID=9570f0ce-31bf-44b3-921f-a36f22efea54, command=[]} | ret=SUCCESS |  
2019-08-30 07:41:26,499 | INFO  | SCMAudit | user=jenkins1000 | ip=192.168.34.43 | op=SEND_HEARTBEAT {datanodeUUID=9e64560e-57c0-404b-a5e3-eb70c00d39cc, command=[]} | ret=SUCCESS |  
2019-08-30 07:41:26,783 | INFO  | SCMAudit | user=jenkins1000 | ip=192.168.34.43 | op=SEND_HEARTBEAT {datanodeUUID=722c9a0b-3ca8-46f2-9cba-02fdf2a68848, command=[]} | ret=SUCCESS |  
2019-08-30 07:41:27,106 | INFO  | SCMAudit | user=jenkins1000 | ip=192.168.34.43 | op=SEND_HEARTBEAT {datanodeUUID=3bf132e1-02b6-4168-801a-3d7ce793c0d9, command=[]} | ret=SUCCESS |  
2019-08-30 07:41:27,270 | INFO  | SCMAudit | user=jenkins1000 | ip=192.168.34.43 | op=SEND_HEARTBEAT {datanodeUUID=dcd35ce2-5653-4064-9aff-c1a2cac3fe1c, command=[]} | ret=SUCCESS |  
2019-08-30 07:41:27,292 | INFO  | SCMAudit | user=jenkins1000 | ip=192.168.34.43 | op=SEND_HEARTBEAT {datanodeUUID=dc0e8eda-8843-49e8-9024-f7c59bdcd9bc, command=[]} | ret=SUCCESS |  
2019-08-30 07:41:27,298 | INFO  | SCMAudit | user=jenkins1000 | ip=192.168.34.43 | op=SEND_HEARTBEAT {datanodeUUID=34c5bf21-796a-477d-8f73-056dd6ef4f82, command=[]} | ret=SUCCESS |  
2019-08-30 07:41:27,307 | INFO  | SCMAudit | user=jenkins1000 | ip=192.168.34.43 | op=SEND_HEARTBEAT {datanodeUUID=9570f0ce-31bf-44b3-921f-a36f22efea54, command=[]} | ret=SUCCESS |  
2019-08-30 07:41:27,499 | INFO  | SCMAudit | user=jenkins1000 | ip=192.168.34.43 | op=SEND_HEARTBEAT {datanodeUUID=9e64560e-57c0-404b-a5e3-eb70c00d39cc, command=[]} | ret=SUCCESS |  
2019-08-30 07:41:27,783 | INFO  | SCMAudit | user=jenkins1000 | ip=192.168.34.43 | op=SEND_HEARTBEAT {datanodeUUID=722c9a0b-3ca8-46f2-9cba-02fdf2a68848, command=[]} | ret=SUCCESS |  
2019-08-30 07:41:28,106 | INFO  | SCMAudit | user=jenkins1000 | ip=192.168.34.43 | op=SEND_HEARTBEAT {datanodeUUID=3bf132e1-02b6-4168-801a-3d7ce793c0d9, command=[]} | ret=SUCCESS |  
2019-08-30 07:41:28,270 | INFO  | SCMAudit | user=jenkins1000 | ip=192.168.34.43 | op=SEND_HEARTBEAT {datanodeUUID=dcd35ce2-5653-4064-9aff-c1a2cac3fe1c, command=[]} | ret=SUCCESS |  
2019-08-30 07:41:28,292 | INFO  | SCMAudit | user=jenkins1000 | ip=192.168.34.43 | op=SEND_HEARTBEAT {datanodeUUID=dc0e8eda-8843-49e8-9024-f7c59bdcd9bc, command=[]} | ret=SUCCESS |  
2019-08-30 07:41:28,298 | INFO  | SCMAudit | user=jenkins1000 | ip=192.168.34.43 | op=SEND_HEARTBEAT {datanodeUUID=34c5bf21-796a-477d-8f73-056dd6ef4f82, command=[]} | ret=SUCCESS |  
2019-08-30 07:41:28,307 | INFO  | SCMAudit | user=jenkins1000 | ip=192.168.34.43 | op=SEND_HEARTBEAT {datanodeUUID=9570f0ce-31bf-44b3-921f-a36f22efea54, command=[]} | ret=SUCCESS |  
2019-08-30 07:41:28,500 | INFO  | SCMAudit | user=jenkins1000 | ip=192.168.34.43 | op=SEND_HEARTBEAT {datanodeUUID=9e64560e-57c0-404b-a5e3-eb70c00d39cc, command=[]} | ret=SUCCESS |  
2019-08-30 07:41:28,783 | INFO  | SCMAudit | user=jenkins1000 | ip=192.168.34.43 | op=SEND_HEARTBEAT {datanodeUUID=722c9a0b-3ca8-46f2-9cba-02fdf2a68848, command=[]} | ret=SUCCESS |  
2019-08-30 07:41:29,105 | INFO  | SCMAudit | user=jenkins1000 | ip=192.168.34.43 | op=SEND_HEARTBEAT {datanodeUUID=3bf132e1-02b6-4168-801a-3d7ce793c0d9, command=[]} | ret=SUCCESS |  
2019-08-30 07:41:29,271 | INFO  | SCMAudit | user=jenkins1000 | ip=192.168.34.43 | op=SEND_HEARTBEAT {datanodeUUID=dcd35ce2-5653-4064-9aff-c1a2cac3fe1c, command=[]} | ret=SUCCESS |  
2019-08-30 07:41:29,292 | INFO  | SCMAudit | user=jenkins1000 | ip=192.168.34.43 | op=SEND_HEARTBEAT {datanodeUUID=dc0e8eda-8843-49e8-9024-f7c59bdcd9bc, command=[]} | ret=SUCCESS |  
2019-08-30 07:41:29,298 | INFO  | SCMAudit | user=jenkins1000 | ip=192.168.34.43 | op=SEND_HEARTBEAT {datanodeUUID=34c5bf21-796a-477d-8f73-056dd6ef4f82, command=[]} | ret=SUCCESS |  
2019-08-30 07:41:29,307 | INFO  | SCMAudit | user=jenkins1000 | ip=192.168.34.43 | op=SEND_HEARTBEAT {datanodeUUID=9570f0ce-31bf-44b3-921f-a36f22efea54, command=[]} | ret=SUCCESS |  
2019-08-30 07:41:29,500 | INFO  | SCMAudit | user=jenkins1000 | ip=192.168.34.43 | op=SEND_HEARTBEAT {datanodeUUID=9e64560e-57c0-404b-a5e3-eb70c00d39cc, command=[]} | ret=SUCCESS |  
2019-08-30 07:41:29,783 | INFO  | SCMAudit | user=jenkins1000 | ip=192.168.34.43 | op=SEND_HEARTBEAT {datanodeUUID=722c9a0b-3ca8-46f2-9cba-02fdf2a68848, command=[]} | ret=SUCCESS |  
2019-08-30 07:41:30,106 | INFO  | SCMAudit | user=jenkins1000 | ip=192.168.34.43 | op=SEND_HEARTBEAT {datanodeUUID=3bf132e1-02b6-4168-801a-3d7ce793c0d9, command=[]} | ret=SUCCESS |  
2019-08-30 07:41:30,234 [grpc-default-executor-3] INFO  client.GrpcClientProtocolClient (GrpcClientProtocolClient.java:onNext(255)) - client-8ACC3CA93160->9570f0ce-31bf-44b3-921f-a36f22efea54: receive RaftClientReply:client-8ACC3CA93160->9570f0ce-31bf-44b3-921f-a36f22efea54@group-CB9C606E82CE, cid=45, FAILED org.apache.ratis.protocol.NotLeaderException: Server 9570f0ce-31bf-44b3-921f-a36f22efea54 is not the leader (dcd35ce2-5653-4064-9aff-c1a2cac3fe1c:192.168.34.43:41594). Request must be sent to leader., logIndex=0, commits[9570f0ce-31bf-44b3-921f-a36f22efea54:c8, dc0e8eda-8843-49e8-9024-f7c59bdcd9bc:c8, dcd35ce2-5653-4064-9aff-c1a2cac3fe1c:c8]
2019-08-30 07:41:30,271 | INFO  | SCMAudit | user=jenkins1000 | ip=192.168.34.43 | op=SEND_HEARTBEAT {datanodeUUID=dcd35ce2-5653-4064-9aff-c1a2cac3fe1c, command=[]} | ret=SUCCESS |  
2019-08-30 07:41:30,292 | INFO  | SCMAudit | user=jenkins1000 | ip=192.168.34.43 | op=SEND_HEARTBEAT {datanodeUUID=dc0e8eda-8843-49e8-9024-f7c59bdcd9bc, command=[]} | ret=SUCCESS |  
2019-08-30 07:41:30,299 | INFO  | SCMAudit | user=jenkins1000 | ip=192.168.34.43 | op=SEND_HEARTBEAT {datanodeUUID=34c5bf21-796a-477d-8f73-056dd6ef4f82, command=[]} | ret=SUCCESS |  
2019-08-30 07:41:30,307 | INFO  | SCMAudit | user=jenkins1000 | ip=192.168.34.43 | op=SEND_HEARTBEAT {datanodeUUID=9570f0ce-31bf-44b3-921f-a36f22efea54, command=[]} | ret=SUCCESS |  
2019-08-30 07:41:30,500 | INFO  | SCMAudit | user=jenkins1000 | ip=192.168.34.43 | op=SEND_HEARTBEAT {datanodeUUID=9e64560e-57c0-404b-a5e3-eb70c00d39cc, command=[]} | ret=SUCCESS |  
2019-08-30 07:41:30,785 | INFO  | SCMAudit | user=jenkins1000 | ip=192.168.34.43 | op=SEND_HEARTBEAT {datanodeUUID=722c9a0b-3ca8-46f2-9cba-02fdf2a68848, command=[]} | ret=SUCCESS |  
2019-08-30 07:41:31,105 | INFO  | SCMAudit | user=jenkins1000 | ip=192.168.34.43 | op=SEND_HEARTBEAT {datanodeUUID=3bf132e1-02b6-4168-801a-3d7ce793c0d9, command=[]} | ret=SUCCESS |  
2019-08-30 07:41:31,270 | INFO  | SCMAudit | user=jenkins1000 | ip=192.168.34.43 | op=SEND_HEARTBEAT {datanodeUUID=dcd35ce2-5653-4064-9aff-c1a2cac3fe1c, command=[]} | ret=SUCCESS |  
2019-08-30 07:41:31,292 | INFO  | SCMAudit | user=jenkins1000 | ip=192.168.34.43 | op=SEND_HEARTBEAT {datanodeUUID=dc0e8eda-8843-49e8-9024-f7c59bdcd9bc, command=[]} | ret=SUCCESS |  
2019-08-30 07:41:31,300 | INFO  | SCMAudit | user=jenkins1000 | ip=192.168.34.43 | op=SEND_HEARTBEAT {datanodeUUID=34c5bf21-796a-477d-8f73-056dd6ef4f82, command=[]} | ret=SUCCESS |  
2019-08-30 07:41:31,307 | INFO  | SCMAudit | user=jenkins1000 | ip=192.168.34.43 | op=SEND_HEARTBEAT {datanodeUUID=9570f0ce-31bf-44b3-921f-a36f22efea54, command=[]} | ret=SUCCESS |  
2019-08-30 07:41:31,500 | INFO  | SCMAudit | user=jenkins1000 | ip=192.168.34.43 | op=SEND_HEARTBEAT {datanodeUUID=9e64560e-57c0-404b-a5e3-eb70c00d39cc, command=[]} | ret=SUCCESS |  
2019-08-30 07:41:31,783 | INFO  | SCMAudit | user=jenkins1000 | ip=192.168.34.43 | op=SEND_HEARTBEAT {datanodeUUID=722c9a0b-3ca8-46f2-9cba-02fdf2a68848, command=[]} | ret=SUCCESS |  
2019-08-30 07:41:32,106 | INFO  | SCMAudit | user=jenkins1000 | ip=192.168.34.43 | op=SEND_HEARTBEAT {datanodeUUID=3bf132e1-02b6-4168-801a-3d7ce793c0d9, command=[]} | ret=SUCCESS |  
2019-08-30 07:41:32,271 | INFO  | SCMAudit | user=jenkins1000 | ip=192.168.34.43 | op=SEND_HEARTBEAT {datanodeUUID=dcd35ce2-5653-4064-9aff-c1a2cac3fe1c, command=[]} | ret=SUCCESS |  
2019-08-30 07:41:32,293 | INFO  | SCMAudit | user=jenkins1000 | ip=192.168.34.43 | op=SEND_HEARTBEAT {datanodeUUID=dc0e8eda-8843-49e8-9024-f7c59bdcd9bc, command=[]} | ret=SUCCESS |  
2019-08-30 07:41:32,300 | INFO  | SCMAudit | user=jenkins1000 | ip=192.168.34.43 | op=SEND_HEARTBEAT {datanodeUUID=34c5bf21-796a-477d-8f73-056dd6ef4f82, command=[]} | ret=SUCCESS |  
2019-08-30 07:41:32,307 | INFO  | SCMAudit | user=jenkins1000 | ip=192.168.34.43 | op=SEND_HEARTBEAT {datanodeUUID=9570f0ce-31bf-44b3-921f-a36f22efea54, command=[]} | ret=SUCCESS |  
2019-08-30 07:41:32,500 | INFO  | SCMAudit | user=jenkins1000 | ip=192.168.34.43 | op=SEND_HEARTBEAT {datanodeUUID=9e64560e-57c0-404b-a5e3-eb70c00d39cc, command=[]} | ret=SUCCESS |  
2019-08-30 07:41:32,784 | INFO  | SCMAudit | user=jenkins1000 | ip=192.168.34.43 | op=SEND_HEARTBEAT {datanodeUUID=722c9a0b-3ca8-46f2-9cba-02fdf2a68848, command=[]} | ret=SUCCESS |  
2019-08-30 07:41:33,106 | INFO  | SCMAudit | user=jenkins1000 | ip=192.168.34.43 | op=SEND_HEARTBEAT {datanodeUUID=3bf132e1-02b6-4168-801a-3d7ce793c0d9, command=[]} | ret=SUCCESS |  
2019-08-30 07:41:33,270 | INFO  | SCMAudit | user=jenkins1000 | ip=192.168.34.43 | op=SEND_HEARTBEAT {datanodeUUID=dcd35ce2-5653-4064-9aff-c1a2cac3fe1c, command=[]} | ret=SUCCESS |  
2019-08-30 07:41:33,293 | INFO  | SCMAudit | user=jenkins1000 | ip=192.168.34.43 | op=SEND_HEARTBEAT {datanodeUUID=dc0e8eda-8843-49e8-9024-f7c59bdcd9bc, command=[]} | ret=SUCCESS |  
2019-08-30 07:41:33,301 | INFO  | SCMAudit | user=jenkins1000 | ip=192.168.34.43 | op=SEND_HEARTBEAT {datanodeUUID=34c5bf21-796a-477d-8f73-056dd6ef4f82, command=[]} | ret=SUCCESS |  
2019-08-30 07:41:33,308 | INFO  | SCMAudit | user=jenkins1000 | ip=192.168.34.43 | op=SEND_HEARTBEAT {datanodeUUID=9570f0ce-31bf-44b3-921f-a36f22efea54, command=[]} | ret=SUCCESS |  
2019-08-30 07:41:33,501 | INFO  | SCMAudit | user=jenkins1000 | ip=192.168.34.43 | op=SEND_HEARTBEAT {datanodeUUID=9e64560e-57c0-404b-a5e3-eb70c00d39cc, command=[]} | ret=SUCCESS |  
2019-08-30 07:41:33,784 | INFO  | SCMAudit | user=jenkins1000 | ip=192.168.34.43 | op=SEND_HEARTBEAT {datanodeUUID=722c9a0b-3ca8-46f2-9cba-02fdf2a68848, command=[]} | ret=SUCCESS |  
2019-08-30 07:41:34,106 | INFO  | SCMAudit | user=jenkins1000 | ip=192.168.34.43 | op=SEND_HEARTBEAT {datanodeUUID=3bf132e1-02b6-4168-801a-3d7ce793c0d9, command=[]} | ret=SUCCESS |  
2019-08-30 07:41:34,270 | INFO  | SCMAudit | user=jenkins1000 | ip=192.168.34.43 | op=SEND_HEARTBEAT {datanodeUUID=dcd35ce2-5653-4064-9aff-c1a2cac3fe1c, command=[]} | ret=SUCCESS |  
2019-08-30 07:41:34,292 | INFO  | SCMAudit | user=jenkins1000 | ip=192.168.34.43 | op=SEND_HEARTBEAT {datanodeUUID=dc0e8eda-8843-49e8-9024-f7c59bdcd9bc, command=[]} | ret=SUCCESS |  
2019-08-30 07:41:34,301 | INFO  | SCMAudit | user=jenkins1000 | ip=192.168.34.43 | op=SEND_HEARTBEAT {datanodeUUID=34c5bf21-796a-477d-8f73-056dd6ef4f82, command=[]} | ret=SUCCESS |  
2019-08-30 07:41:34,307 | INFO  | SCMAudit | user=jenkins1000 | ip=192.168.34.43 | op=SEND_HEARTBEAT {datanodeUUID=9570f0ce-31bf-44b3-921f-a36f22efea54, command=[]} | ret=SUCCESS |  
2019-08-30 07:41:34,501 | INFO  | SCMAudit | user=jenkins1000 | ip=192.168.34.43 | op=SEND_HEARTBEAT {datanodeUUID=9e64560e-57c0-404b-a5e3-eb70c00d39cc, command=[]} | ret=SUCCESS |  
2019-08-30 07:41:34,785 | INFO  | SCMAudit | user=jenkins1000 | ip=192.168.34.43 | op=SEND_HEARTBEAT {datanodeUUID=722c9a0b-3ca8-46f2-9cba-02fdf2a68848, command=[]} | ret=SUCCESS |  
2019-08-30 07:41:35,107 | INFO  | SCMAudit | user=jenkins1000 | ip=192.168.34.43 | op=SEND_HEARTBEAT {datanodeUUID=3bf132e1-02b6-4168-801a-3d7ce793c0d9, command=[]} | ret=SUCCESS |  
2019-08-30 07:41:35,271 | INFO  | SCMAudit | user=jenkins1000 | ip=192.168.34.43 | op=SEND_HEARTBEAT {datanodeUUID=dcd35ce2-5653-4064-9aff-c1a2cac3fe1c, command=[]} | ret=SUCCESS |  
2019-08-30 07:41:35,271 [grpc-default-executor-3] INFO  client.GrpcClientProtocolClient (GrpcClientProtocolClient.java:onNext(255)) - client-8ACC3CA93160->9570f0ce-31bf-44b3-921f-a36f22efea54: receive RaftClientReply:client-8ACC3CA93160->9570f0ce-31bf-44b3-921f-a36f22efea54@group-CB9C606E82CE, cid=45, FAILED org.apache.ratis.protocol.NotLeaderException: Server 9570f0ce-31bf-44b3-921f-a36f22efea54 is not the leader (dcd35ce2-5653-4064-9aff-c1a2cac3fe1c:192.168.34.43:41594). Request must be sent to leader., logIndex=0, commits[9570f0ce-31bf-44b3-921f-a36f22efea54:c8, dc0e8eda-8843-49e8-9024-f7c59bdcd9bc:c8, dcd35ce2-5653-4064-9aff-c1a2cac3fe1c:c8]
2019-08-30 07:41:35,292 | INFO  | SCMAudit | user=jenkins1000 | ip=192.168.34.43 | op=SEND_HEARTBEAT {datanodeUUID=dc0e8eda-8843-49e8-9024-f7c59bdcd9bc, command=[]} | ret=SUCCESS |  
2019-08-30 07:41:35,302 | INFO  | SCMAudit | user=jenkins1000 | ip=192.168.34.43 | op=SEND_HEARTBEAT {datanodeUUID=34c5bf21-796a-477d-8f73-056dd6ef4f82, command=[]} | ret=SUCCESS |  
2019-08-30 07:41:35,307 | INFO  | SCMAudit | user=jenkins1000 | ip=192.168.34.43 | op=SEND_HEARTBEAT {datanodeUUID=9570f0ce-31bf-44b3-921f-a36f22efea54, command=[]} | ret=SUCCESS |  
2019-08-30 07:41:35,502 | INFO  | SCMAudit | user=jenkins1000 | ip=192.168.34.43 | op=SEND_HEARTBEAT {datanodeUUID=9e64560e-57c0-404b-a5e3-eb70c00d39cc, command=[]} | ret=SUCCESS |  
2019-08-30 07:41:35,786 | INFO  | SCMAudit | user=jenkins1000 | ip=192.168.34.43 | op=SEND_HEARTBEAT {datanodeUUID=722c9a0b-3ca8-46f2-9cba-02fdf2a68848, command=[]} | ret=SUCCESS |  
2019-08-30 07:41:36,106 | INFO  | SCMAudit | user=jenkins1000 | ip=192.168.34.43 | op=SEND_HEARTBEAT {datanodeUUID=3bf132e1-02b6-4168-801a-3d7ce793c0d9, command=[]} | ret=SUCCESS |  
2019-08-30 07:41:36,271 | INFO  | SCMAudit | user=jenkins1000 | ip=192.168.34.43 | op=SEND_HEARTBEAT {datanodeUUID=dcd35ce2-5653-4064-9aff-c1a2cac3fe1c, command=[]} | ret=SUCCESS |  
2019-08-30 07:41:36,296 | INFO  | SCMAudit | user=jenkins1000 | ip=192.168.34.43 | op=SEND_HEARTBEAT {datanodeUUID=dc0e8eda-8843-49e8-9024-f7c59bdcd9bc, command=[]} | ret=SUCCESS |  
2019-08-30 07:41:36,302 | INFO  | SCMAudit | user=jenkins1000 | ip=192.168.34.43 | op=SEND_HEARTBEAT {datanodeUUID=34c5bf21-796a-477d-8f73-056dd6ef4f82, command=[]} | ret=SUCCESS |  
2019-08-30 07:41:36,307 | INFO  | SCMAudit | user=jenkins1000 | ip=192.168.34.43 | op=SEND_HEARTBEAT {datanodeUUID=9570f0ce-31bf-44b3-921f-a36f22efea54, command=[]} | ret=SUCCESS |  
2019-08-30 07:41:36,502 | INFO  | SCMAudit | user=jenkins1000 | ip=192.168.34.43 | op=SEND_HEARTBEAT {datanodeUUID=9e64560e-57c0-404b-a5e3-eb70c00d39cc, command=[]} | ret=SUCCESS |  
2019-08-30 07:41:36,787 | INFO  | SCMAudit | user=jenkins1000 | ip=192.168.34.43 | op=SEND_HEARTBEAT {datanodeUUID=722c9a0b-3ca8-46f2-9cba-02fdf2a68848, command=[]} | ret=SUCCESS |  
2019-08-30 07:41:37,107 | INFO  | SCMAudit | user=jenkins1000 | ip=192.168.34.43 | op=SEND_HEARTBEAT {datanodeUUID=3bf132e1-02b6-4168-801a-3d7ce793c0d9, command=[]} | ret=SUCCESS |  
2019-08-30 07:41:37,270 | INFO  | SCMAudit | user=jenkins1000 | ip=192.168.34.43 | op=SEND_HEARTBEAT {datanodeUUID=dcd35ce2-5653-4064-9aff-c1a2cac3fe1c, command=[]} | ret=SUCCESS |  
2019-08-30 07:41:37,293 | INFO  | SCMAudit | user=jenkins1000 | ip=192.168.34.43 | op=SEND_HEARTBEAT {datanodeUUID=dc0e8eda-8843-49e8-9024-f7c59bdcd9bc, command=[]} | ret=SUCCESS |  
2019-08-30 07:41:37,302 | INFO  | SCMAudit | user=jenkins1000 | ip=192.168.34.43 | op=SEND_HEARTBEAT {datanodeUUID=34c5bf21-796a-477d-8f73-056dd6ef4f82, command=[]} | ret=SUCCESS |  
2019-08-30 07:41:37,307 | INFO  | SCMAudit | user=jenkins1000 | ip=192.168.34.43 | op=SEND_HEARTBEAT {datanodeUUID=9570f0ce-31bf-44b3-921f-a36f22efea54, command=[]} | ret=SUCCESS |  
2019-08-30 07:41:37,503 | INFO  | SCMAudit | user=jenkins1000 | ip=192.168.34.43 | op=SEND_HEARTBEAT {datanodeUUID=9e64560e-57c0-404b-a5e3-eb70c00d39cc, command=[]} | ret=SUCCESS |  
2019-08-30 07:41:37,787 | INFO  | SCMAudit | user=jenkins1000 | ip=192.168.34.43 | op=SEND_HEARTBEAT {datanodeUUID=722c9a0b-3ca8-46f2-9cba-02fdf2a68848, command=[]} | ret=SUCCESS |  
2019-08-30 07:41:38,107 | INFO  | SCMAudit | user=jenkins1000 | ip=192.168.34.43 | op=SEND_HEARTBEAT {datanodeUUID=3bf132e1-02b6-4168-801a-3d7ce793c0d9, command=[]} | ret=SUCCESS |  
2019-08-30 07:41:38,271 | INFO  | SCMAudit | user=jenkins1000 | ip=192.168.34.43 | op=SEND_HEARTBEAT {datanodeUUID=dcd35ce2-5653-4064-9aff-c1a2cac3fe1c, command=[]} | ret=SUCCESS |  
2019-08-30 07:41:38,296 | INFO  | SCMAudit | user=jenkins1000 | ip=192.168.34.43 | op=SEND_HEARTBEAT {datanodeUUID=dc0e8eda-8843-49e8-9024-f7c59bdcd9bc, command=[]} | ret=SUCCESS |  
2019-08-30 07:41:38,302 | INFO  | SCMAudit | user=jenkins1000 | ip=192.168.34.43 | op=SEND_HEARTBEAT {datanodeUUID=34c5bf21-796a-477d-8f73-056dd6ef4f82, command=[]} | ret=SUCCESS |  
2019-08-30 07:41:38,308 | INFO  | SCMAudit | user=jenkins1000 | ip=192.168.34.43 | op=SEND_HEARTBEAT {datanodeUUID=9570f0ce-31bf-44b3-921f-a36f22efea54, command=[]} | ret=SUCCESS |  
2019-08-30 07:41:38,503 | INFO  | SCMAudit | user=jenkins1000 | ip=192.168.34.43 | op=SEND_HEARTBEAT {datanodeUUID=9e64560e-57c0-404b-a5e3-eb70c00d39cc, command=[]} | ret=SUCCESS |  
2019-08-30 07:41:38,786 | INFO  | SCMAudit | user=jenkins1000 | ip=192.168.34.43 | op=SEND_HEARTBEAT {datanodeUUID=722c9a0b-3ca8-46f2-9cba-02fdf2a68848, command=[]} | ret=SUCCESS |  
2019-08-30 07:41:39,107 | INFO  | SCMAudit | user=jenkins1000 | ip=192.168.34.43 | op=SEND_HEARTBEAT {datanodeUUID=3bf132e1-02b6-4168-801a-3d7ce793c0d9, command=[]} | ret=SUCCESS |  
2019-08-30 07:41:39,270 | INFO  | SCMAudit | user=jenkins1000 | ip=192.168.34.43 | op=SEND_HEARTBEAT {datanodeUUID=dcd35ce2-5653-4064-9aff-c1a2cac3fe1c, command=[]} | ret=SUCCESS |  
2019-08-30 07:41:39,313 | INFO  | SCMAudit | user=jenkins1000 | ip=192.168.34.43 | op=SEND_HEARTBEAT {datanodeUUID=dc0e8eda-8843-49e8-9024-f7c59bdcd9bc, command=[]} | ret=SUCCESS |  
2019-08-30 07:41:39,313 | INFO  | SCMAudit | user=jenkins1000 | ip=192.168.34.43 | op=SEND_HEARTBEAT {datanodeUUID=34c5bf21-796a-477d-8f73-056dd6ef4f82, command=[]} | ret=SUCCESS |  
2019-08-30 07:41:39,314 | INFO  | SCMAudit | user=jenkins1000 | ip=192.168.34.43 | op=SEND_HEARTBEAT {datanodeUUID=9570f0ce-31bf-44b3-921f-a36f22efea54, command=[]} | ret=SUCCESS |  
2019-08-30 07:41:39,503 | INFO  | SCMAudit | user=jenkins1000 | ip=192.168.34.43 | op=SEND_HEARTBEAT {datanodeUUID=9e64560e-57c0-404b-a5e3-eb70c00d39cc, command=[]} | ret=SUCCESS |  
2019-08-30 07:41:39,787 | INFO  | SCMAudit | user=jenkins1000 | ip=192.168.34.43 | op=SEND_HEARTBEAT {datanodeUUID=722c9a0b-3ca8-46f2-9cba-02fdf2a68848, command=[]} | ret=SUCCESS |  
2019-08-30 07:41:40,107 | INFO  | SCMAudit | user=jenkins1000 | ip=192.168.34.43 | op=SEND_HEARTBEAT {datanodeUUID=3bf132e1-02b6-4168-801a-3d7ce793c0d9, command=[]} | ret=SUCCESS |  
2019-08-30 07:41:40,270 | INFO  | SCMAudit | user=jenkins1000 | ip=192.168.34.43 | op=SEND_HEARTBEAT {datanodeUUID=dcd35ce2-5653-4064-9aff-c1a2cac3fe1c, command=[]} | ret=SUCCESS |  
2019-08-30 07:41:40,312 | INFO  | SCMAudit | user=jenkins1000 | ip=192.168.34.43 | op=SEND_HEARTBEAT {datanodeUUID=9570f0ce-31bf-44b3-921f-a36f22efea54, command=[]} | ret=SUCCESS |  
2019-08-30 07:41:40,312 | INFO  | SCMAudit | user=jenkins1000 | ip=192.168.34.43 | op=SEND_HEARTBEAT {datanodeUUID=dc0e8eda-8843-49e8-9024-f7c59bdcd9bc, command=[]} | ret=SUCCESS |  
2019-08-30 07:41:40,313 | INFO  | SCMAudit | user=jenkins1000 | ip=192.168.34.43 | op=SEND_HEARTBEAT {datanodeUUID=34c5bf21-796a-477d-8f73-056dd6ef4f82, command=[]} | ret=SUCCESS |  
2019-08-30 07:41:40,333 [grpc-default-executor-1] INFO  client.GrpcClientProtocolClient (GrpcClientProtocolClient.java:onNext(255)) - client-8ACC3CA93160->9570f0ce-31bf-44b3-921f-a36f22efea54: receive RaftClientReply:client-8ACC3CA93160->9570f0ce-31bf-44b3-921f-a36f22efea54@group-CB9C606E82CE, cid=45, FAILED org.apache.ratis.protocol.NotLeaderException: Server 9570f0ce-31bf-44b3-921f-a36f22efea54 is not the leader (dcd35ce2-5653-4064-9aff-c1a2cac3fe1c:192.168.34.43:41594). Request must be sent to leader., logIndex=0, commits[9570f0ce-31bf-44b3-921f-a36f22efea54:c8, dc0e8eda-8843-49e8-9024-f7c59bdcd9bc:c8, dcd35ce2-5653-4064-9aff-c1a2cac3fe1c:c8]
2019-08-30 07:41:40,503 | INFO  | SCMAudit | user=jenkins1000 | ip=192.168.34.43 | op=SEND_HEARTBEAT {datanodeUUID=9e64560e-57c0-404b-a5e3-eb70c00d39cc, command=[]} | ret=SUCCESS |  
2019-08-30 07:41:40,786 | INFO  | SCMAudit | user=jenkins1000 | ip=192.168.34.43 | op=SEND_HEARTBEAT {datanodeUUID=722c9a0b-3ca8-46f2-9cba-02fdf2a68848, command=[]} | ret=SUCCESS |  
2019-08-30 07:41:41,108 | INFO  | SCMAudit | user=jenkins1000 | ip=192.168.34.43 | op=SEND_HEARTBEAT {datanodeUUID=3bf132e1-02b6-4168-801a-3d7ce793c0d9, command=[]} | ret=SUCCESS |  
2019-08-30 07:41:41,271 | INFO  | SCMAudit | user=jenkins1000 | ip=192.168.34.43 | op=SEND_HEARTBEAT {datanodeUUID=dcd35ce2-5653-4064-9aff-c1a2cac3fe1c, command=[]} | ret=SUCCESS |  
2019-08-30 07:41:41,312 | INFO  | SCMAudit | user=jenkins1000 | ip=192.168.34.43 | op=SEND_HEARTBEAT {datanodeUUID=9570f0ce-31bf-44b3-921f-a36f22efea54, command=[]} | ret=SUCCESS |  
2019-08-30 07:41:41,312 | INFO  | SCMAudit | user=jenkins1000 | ip=192.168.34.43 | op=SEND_HEARTBEAT {datanodeUUID=dc0e8eda-8843-49e8-9024-f7c59bdcd9bc, command=[]} | ret=SUCCESS |  
2019-08-30 07:41:41,313 | INFO  | SCMAudit | user=jenkins1000 | ip=192.168.34.43 | op=SEND_HEARTBEAT {datanodeUUID=34c5bf21-796a-477d-8f73-056dd6ef4f82, command=[]} | ret=SUCCESS |  
2019-08-30 07:41:41,503 | INFO  | SCMAudit | user=jenkins1000 | ip=192.168.34.43 | op=SEND_HEARTBEAT {datanodeUUID=9e64560e-57c0-404b-a5e3-eb70c00d39cc, command=[]} | ret=SUCCESS |  
2019-08-30 07:41:41,786 | INFO  | SCMAudit | user=jenkins1000 | ip=192.168.34.43 | op=SEND_HEARTBEAT {datanodeUUID=722c9a0b-3ca8-46f2-9cba-02fdf2a68848, command=[]} | ret=SUCCESS |  
2019-08-30 07:41:42,107 | INFO  | SCMAudit | user=jenkins1000 | ip=192.168.34.43 | op=SEND_HEARTBEAT {datanodeUUID=3bf132e1-02b6-4168-801a-3d7ce793c0d9, command=[]} | ret=SUCCESS |  
2019-08-30 07:41:42,271 | INFO  | SCMAudit | user=jenkins1000 | ip=192.168.34.43 | op=SEND_HEARTBEAT {datanodeUUID=dcd35ce2-5653-4064-9aff-c1a2cac3fe1c, command=[]} | ret=SUCCESS |  
2019-08-30 07:41:42,312 | INFO  | SCMAudit | user=jenkins1000 | ip=192.168.34.43 | op=SEND_HEARTBEAT {datanodeUUID=dc0e8eda-8843-49e8-9024-f7c59bdcd9bc, command=[]} | ret=SUCCESS |  
2019-08-30 07:41:42,312 | INFO  | SCMAudit | user=jenkins1000 | ip=192.168.34.43 | op=SEND_HEARTBEAT {datanodeUUID=9570f0ce-31bf-44b3-921f-a36f22efea54, command=[]} | ret=SUCCESS |  
2019-08-30 07:41:42,313 | INFO  | SCMAudit | user=jenkins1000 | ip=192.168.34.43 | op=SEND_HEARTBEAT {datanodeUUID=34c5bf21-796a-477d-8f73-056dd6ef4f82, command=[]} | ret=SUCCESS |  
2019-08-30 07:41:42,504 | INFO  | SCMAudit | user=jenkins1000 | ip=192.168.34.43 | op=SEND_HEARTBEAT {datanodeUUID=9e64560e-57c0-404b-a5e3-eb70c00d39cc, command=[]} | ret=SUCCESS |  
2019-08-30 07:41:42,786 | INFO  | SCMAudit | user=jenkins1000 | ip=192.168.34.43 | op=SEND_HEARTBEAT {datanodeUUID=722c9a0b-3ca8-46f2-9cba-02fdf2a68848, command=[]} | ret=SUCCESS |  
2019-08-30 07:41:43,107 | INFO  | SCMAudit | user=jenkins1000 | ip=192.168.34.43 | op=SEND_HEARTBEAT {datanodeUUID=3bf132e1-02b6-4168-801a-3d7ce793c0d9, command=[]} | ret=SUCCESS |  
2019-08-30 07:41:43,272 | INFO  | SCMAudit | user=jenkins1000 | ip=192.168.34.43 | op=SEND_HEARTBEAT {datanodeUUID=dcd35ce2-5653-4064-9aff-c1a2cac3fe1c, command=[]} | ret=SUCCESS |  
2019-08-30 07:41:43,312 | INFO  | SCMAudit | user=jenkins1000 | ip=192.168.34.43 | op=SEND_HEARTBEAT {datanodeUUID=dc0e8eda-8843-49e8-9024-f7c59bdcd9bc, command=[]} | ret=SUCCESS |  
2019-08-30 07:41:43,312 | INFO  | SCMAudit | user=jenkins1000 | ip=192.168.34.43 | op=SEND_HEARTBEAT {datanodeUUID=9570f0ce-31bf-44b3-921f-a36f22efea54, command=[]} | ret=SUCCESS |  
2019-08-30 07:41:43,314 | INFO  | SCMAudit | user=jenkins1000 | ip=192.168.34.43 | op=SEND_HEARTBEAT {datanodeUUID=34c5bf21-796a-477d-8f73-056dd6ef4f82, command=[]} | ret=SUCCESS |  
2019-08-30 07:41:43,504 | INFO  | SCMAudit | user=jenkins1000 | ip=192.168.34.43 | op=SEND_HEARTBEAT {datanodeUUID=9e64560e-57c0-404b-a5e3-eb70c00d39cc, command=[]} | ret=SUCCESS |  
2019-08-30 07:41:43,790 | INFO  | SCMAudit | user=jenkins1000 | ip=192.168.34.43 | op=SEND_HEARTBEAT {datanodeUUID=722c9a0b-3ca8-46f2-9cba-02fdf2a68848, command=[]} | ret=SUCCESS |  
2019-08-30 07:41:44,108 | INFO  | SCMAudit | user=jenkins1000 | ip=192.168.34.43 | op=SEND_HEARTBEAT {datanodeUUID=3bf132e1-02b6-4168-801a-3d7ce793c0d9, command=[]} | ret=SUCCESS |  
2019-08-30 07:41:44,270 | INFO  | SCMAudit | user=jenkins1000 | ip=192.168.34.43 | op=SEND_HEARTBEAT {datanodeUUID=dcd35ce2-5653-4064-9aff-c1a2cac3fe1c, command=[]} | ret=SUCCESS |  
2019-08-30 07:41:44,312 | INFO  | SCMAudit | user=jenkins1000 | ip=192.168.34.43 | op=SEND_HEARTBEAT {datanodeUUID=9570f0ce-31bf-44b3-921f-a36f22efea54, command=[]} | ret=SUCCESS |  
2019-08-30 07:41:44,312 | INFO  | SCMAudit | user=jenkins1000 | ip=192.168.34.43 | op=SEND_HEARTBEAT {datanodeUUID=dc0e8eda-8843-49e8-9024-f7c59bdcd9bc, command=[]} | ret=SUCCESS |  
2019-08-30 07:41:44,314 | INFO  | SCMAudit | user=jenkins1000 | ip=192.168.34.43 | op=SEND_HEARTBEAT {datanodeUUID=34c5bf21-796a-477d-8f73-056dd6ef4f82, command=[]} | ret=SUCCESS |  
2019-08-30 07:41:44,504 | INFO  | SCMAudit | user=jenkins1000 | ip=192.168.34.43 | op=SEND_HEARTBEAT {datanodeUUID=9e64560e-57c0-404b-a5e3-eb70c00d39cc, command=[]} | ret=SUCCESS |  
2019-08-30 07:41:44,787 | INFO  | SCMAudit | user=jenkins1000 | ip=192.168.34.43 | op=SEND_HEARTBEAT {datanodeUUID=722c9a0b-3ca8-46f2-9cba-02fdf2a68848, command=[]} | ret=SUCCESS |  
2019-08-30 07:41:45,107 | INFO  | SCMAudit | user=jenkins1000 | ip=192.168.34.43 | op=SEND_HEARTBEAT {datanodeUUID=3bf132e1-02b6-4168-801a-3d7ce793c0d9, command=[]} | ret=SUCCESS |  
2019-08-30 07:41:45,271 | INFO  | SCMAudit | user=jenkins1000 | ip=192.168.34.43 | op=SEND_HEARTBEAT {datanodeUUID=dcd35ce2-5653-4064-9aff-c1a2cac3fe1c, command=[]} | ret=SUCCESS |  
2019-08-30 07:41:45,312 | INFO  | SCMAudit | user=jenkins1000 | ip=192.168.34.43 | op=SEND_HEARTBEAT {datanodeUUID=9570f0ce-31bf-44b3-921f-a36f22efea54, command=[]} | ret=SUCCESS |  
2019-08-30 07:41:45,314 | INFO  | SCMAudit | user=jenkins1000 | ip=192.168.34.43 | op=SEND_HEARTBEAT {datanodeUUID=dc0e8eda-8843-49e8-9024-f7c59bdcd9bc, command=[]} | ret=SUCCESS |  
2019-08-30 07:41:45,314 | INFO  | SCMAudit | user=jenkins1000 | ip=192.168.34.43 | op=SEND_HEARTBEAT {datanodeUUID=34c5bf21-796a-477d-8f73-056dd6ef4f82, command=[]} | ret=SUCCESS |  
2019-08-30 07:41:45,373 [grpc-default-executor-1] INFO  client.GrpcClientProtocolClient (GrpcClientProtocolClient.java:onNext(255)) - client-8ACC3CA93160->9570f0ce-31bf-44b3-921f-a36f22efea54: receive RaftClientReply:client-8ACC3CA93160->9570f0ce-31bf-44b3-921f-a36f22efea54@group-CB9C606E82CE, cid=45, FAILED org.apache.ratis.protocol.NotLeaderException: Server 9570f0ce-31bf-44b3-921f-a36f22efea54 is not the leader (dcd35ce2-5653-4064-9aff-c1a2cac3fe1c:192.168.34.43:41594). Request must be sent to leader., logIndex=0, commits[9570f0ce-31bf-44b3-921f-a36f22efea54:c8, dc0e8eda-8843-49e8-9024-f7c59bdcd9bc:c8, dcd35ce2-5653-4064-9aff-c1a2cac3fe1c:c8]
2019-08-30 07:41:45,504 | INFO  | SCMAudit | user=jenkins1000 | ip=192.168.34.43 | op=SEND_HEARTBEAT {datanodeUUID=9e64560e-57c0-404b-a5e3-eb70c00d39cc, command=[]} | ret=SUCCESS |  
2019-08-30 07:41:45,787 | INFO  | SCMAudit | user=jenkins1000 | ip=192.168.34.43 | op=SEND_HEARTBEAT {datanodeUUID=722c9a0b-3ca8-46f2-9cba-02fdf2a68848, command=[]} | ret=SUCCESS |  
2019-08-30 07:41:46,108 | INFO  | SCMAudit | user=jenkins1000 | ip=192.168.34.43 | op=SEND_HEARTBEAT {datanodeUUID=3bf132e1-02b6-4168-801a-3d7ce793c0d9, command=[]} | ret=SUCCESS |  
2019-08-30 07:41:46,271 | INFO  | SCMAudit | user=jenkins1000 | ip=192.168.34.43 | op=SEND_HEARTBEAT {datanodeUUID=dcd35ce2-5653-4064-9aff-c1a2cac3fe1c, command=[]} | ret=SUCCESS |  
2019-08-30 07:41:46,312 | INFO  | SCMAudit | user=jenkins1000 | ip=192.168.34.43 | op=SEND_HEARTBEAT {datanodeUUID=dc0e8eda-8843-49e8-9024-f7c59bdcd9bc, command=[]} | ret=SUCCESS |  
2019-08-30 07:41:46,313 | INFO  | SCMAudit | user=jenkins1000 | ip=192.168.34.43 | op=SEND_HEARTBEAT {datanodeUUID=9570f0ce-31bf-44b3-921f-a36f22efea54, command=[]} | ret=SUCCESS |  
2019-08-30 07:41:46,314 | INFO  | SCMAudit | user=jenkins1000 | ip=192.168.34.43 | op=SEND_HEARTBEAT {datanodeUUID=34c5bf21-796a-477d-8f73-056dd6ef4f82, command=[]} | ret=SUCCESS |  
2019-08-30 07:41:46,504 | INFO  | SCMAudit | user=jenkins1000 | ip=192.168.34.43 | op=SEND_HEARTBEAT {datanodeUUID=9e64560e-57c0-404b-a5e3-eb70c00d39cc, command=[]} | ret=SUCCESS |  
2019-08-30 07:41:46,788 | INFO  | SCMAudit | user=jenkins1000 | ip=192.168.34.43 | op=SEND_HEARTBEAT {datanodeUUID=722c9a0b-3ca8-46f2-9cba-02fdf2a68848, command=[]} | ret=SUCCESS |  
2019-08-30 07:41:47,108 | INFO  | SCMAudit | user=jenkins1000 | ip=192.168.34.43 | op=SEND_HEARTBEAT {datanodeUUID=3bf132e1-02b6-4168-801a-3d7ce793c0d9, command=[]} | ret=SUCCESS |  
2019-08-30 07:41:47,271 | INFO  | SCMAudit | user=jenkins1000 | ip=192.168.34.43 | op=SEND_HEARTBEAT {datanodeUUID=dcd35ce2-5653-4064-9aff-c1a2cac3fe1c, command=[]} | ret=SUCCESS |  
2019-08-30 07:41:47,313 | INFO  | SCMAudit | user=jenkins1000 | ip=192.168.34.43 | op=SEND_HEARTBEAT {datanodeUUID=9570f0ce-31bf-44b3-921f-a36f22efea54, command=[]} | ret=SUCCESS |  
2019-08-30 07:41:47,313 | INFO  | SCMAudit | user=jenkins1000 | ip=192.168.34.43 | op=SEND_HEARTBEAT {datanodeUUID=dc0e8eda-8843-49e8-9024-f7c59bdcd9bc, command=[]} | ret=SUCCESS |  
2019-08-30 07:41:47,314 | INFO  | SCMAudit | user=jenkins1000 | ip=192.168.34.43 | op=SEND_HEARTBEAT {datanodeUUID=34c5bf21-796a-477d-8f73-056dd6ef4f82, command=[]} | ret=SUCCESS |  
2019-08-30 07:41:47,505 | INFO  | SCMAudit | user=jenkins1000 | ip=192.168.34.43 | op=SEND_HEARTBEAT {datanodeUUID=9e64560e-57c0-404b-a5e3-eb70c00d39cc, command=[]} | ret=SUCCESS |  
2019-08-30 07:41:47,787 | INFO  | SCMAudit | user=jenkins1000 | ip=192.168.34.43 | op=SEND_HEARTBEAT {datanodeUUID=722c9a0b-3ca8-46f2-9cba-02fdf2a68848, command=[]} | ret=SUCCESS |  
2019-08-30 07:41:48,109 | INFO  | SCMAudit | user=jenkins1000 | ip=192.168.34.43 | op=SEND_HEARTBEAT {datanodeUUID=3bf132e1-02b6-4168-801a-3d7ce793c0d9, command=[]} | ret=SUCCESS |  
2019-08-30 07:41:48,271 | INFO  | SCMAudit | user=jenkins1000 | ip=192.168.34.43 | op=SEND_HEARTBEAT {datanodeUUID=dcd35ce2-5653-4064-9aff-c1a2cac3fe1c, command=[]} | ret=SUCCESS |  
2019-08-30 07:41:48,313 | INFO  | SCMAudit | user=jenkins1000 | ip=192.168.34.43 | op=SEND_HEARTBEAT {datanodeUUID=9570f0ce-31bf-44b3-921f-a36f22efea54, command=[]} | ret=SUCCESS |  
2019-08-30 07:41:48,313 | INFO  | SCMAudit | user=jenkins1000 | ip=192.168.34.43 | op=SEND_HEARTBEAT {datanodeUUID=dc0e8eda-8843-49e8-9024-f7c59bdcd9bc, command=[]} | ret=SUCCESS |  
2019-08-30 07:41:48,314 | INFO  | SCMAudit | user=jenkins1000 | ip=192.168.34.43 | op=SEND_HEARTBEAT {datanodeUUID=34c5bf21-796a-477d-8f73-056dd6ef4f82, command=[]} | ret=SUCCESS |  
2019-08-30 07:41:48,505 | INFO  | SCMAudit | user=jenkins1000 | ip=192.168.34.43 | op=SEND_HEARTBEAT {datanodeUUID=9e64560e-57c0-404b-a5e3-eb70c00d39cc, command=[]} | ret=SUCCESS |  
2019-08-30 07:41:48,787 | INFO  | SCMAudit | user=jenkins1000 | ip=192.168.34.43 | op=SEND_HEARTBEAT {datanodeUUID=722c9a0b-3ca8-46f2-9cba-02fdf2a68848, command=[]} | ret=SUCCESS |  
2019-08-30 07:41:49,108 | INFO  | SCMAudit | user=jenkins1000 | ip=192.168.34.43 | op=SEND_HEARTBEAT {datanodeUUID=3bf132e1-02b6-4168-801a-3d7ce793c0d9, command=[]} | ret=SUCCESS |  
2019-08-30 07:41:49,272 | INFO  | SCMAudit | user=jenkins1000 | ip=192.168.34.43 | op=SEND_HEARTBEAT {datanodeUUID=dcd35ce2-5653-4064-9aff-c1a2cac3fe1c, command=[]} | ret=SUCCESS |  
2019-08-30 07:41:49,313 | INFO  | SCMAudit | user=jenkins1000 | ip=192.168.34.43 | op=SEND_HEARTBEAT {datanodeUUID=dc0e8eda-8843-49e8-9024-f7c59bdcd9bc, command=[]} | ret=SUCCESS |  
2019-08-30 07:41:49,314 | INFO  | SCMAudit | user=jenkins1000 | ip=192.168.34.43 | op=SEND_HEARTBEAT {datanodeUUID=9570f0ce-31bf-44b3-921f-a36f22efea54, command=[]} | ret=SUCCESS |  
2019-08-30 07:41:49,314 | INFO  | SCMAudit | user=jenkins1000 | ip=192.168.34.43 | op=SEND_HEARTBEAT {datanodeUUID=34c5bf21-796a-477d-8f73-056dd6ef4f82, command=[]} | ret=SUCCESS |  
2019-08-30 07:41:49,505 | INFO  | SCMAudit | user=jenkins1000 | ip=192.168.34.43 | op=SEND_HEARTBEAT {datanodeUUID=9e64560e-57c0-404b-a5e3-eb70c00d39cc, command=[]} | ret=SUCCESS |  
2019-08-30 07:41:49,788 | INFO  | SCMAudit | user=jenkins1000 | ip=192.168.34.43 | op=SEND_HEARTBEAT {datanodeUUID=722c9a0b-3ca8-46f2-9cba-02fdf2a68848, command=[]} | ret=SUCCESS |  
2019-08-30 07:41:50,109 | INFO  | SCMAudit | user=jenkins1000 | ip=192.168.34.43 | op=SEND_HEARTBEAT {datanodeUUID=3bf132e1-02b6-4168-801a-3d7ce793c0d9, command=[]} | ret=SUCCESS |  
2019-08-30 07:41:50,271 | INFO  | SCMAudit | user=jenkins1000 | ip=192.168.34.43 | op=SEND_HEARTBEAT {datanodeUUID=dcd35ce2-5653-4064-9aff-c1a2cac3fe1c, command=[]} | ret=SUCCESS |  
2019-08-30 07:41:50,313 | INFO  | SCMAudit | user=jenkins1000 | ip=192.168.34.43 | op=SEND_HEARTBEAT {datanodeUUID=dc0e8eda-8843-49e8-9024-f7c59bdcd9bc, command=[]} | ret=SUCCESS |  
2019-08-30 07:41:50,314 | INFO  | SCMAudit | user=jenkins1000 | ip=192.168.34.43 | op=SEND_HEARTBEAT {datanodeUUID=34c5bf21-796a-477d-8f73-056dd6ef4f82, command=[]} | ret=SUCCESS |  
2019-08-30 07:41:50,315 | INFO  | SCMAudit | user=jenkins1000 | ip=192.168.34.43 | op=SEND_HEARTBEAT {datanodeUUID=9570f0ce-31bf-44b3-921f-a36f22efea54, command=[]} | ret=SUCCESS |  
2019-08-30 07:41:50,417 [grpc-default-executor-1] INFO  client.GrpcClientProtocolClient (GrpcClientProtocolClient.java:onNext(255)) - client-8ACC3CA93160->9570f0ce-31bf-44b3-921f-a36f22efea54: receive RaftClientReply:client-8ACC3CA93160->9570f0ce-31bf-44b3-921f-a36f22efea54@group-CB9C606E82CE, cid=45, FAILED org.apache.ratis.protocol.NotLeaderException: Server 9570f0ce-31bf-44b3-921f-a36f22efea54 is not the leader (dcd35ce2-5653-4064-9aff-c1a2cac3fe1c:192.168.34.43:41594). Request must be sent to leader., logIndex=0, commits[9570f0ce-31bf-44b3-921f-a36f22efea54:c8, dc0e8eda-8843-49e8-9024-f7c59bdcd9bc:c8, dcd35ce2-5653-4064-9aff-c1a2cac3fe1c:c8]
2019-08-30 07:41:50,506 | INFO  | SCMAudit | user=jenkins1000 | ip=192.168.34.43 | op=SEND_HEARTBEAT {datanodeUUID=9e64560e-57c0-404b-a5e3-eb70c00d39cc, command=[]} | ret=SUCCESS |  
2019-08-30 07:41:50,788 | INFO  | SCMAudit | user=jenkins1000 | ip=192.168.34.43 | op=SEND_HEARTBEAT {datanodeUUID=722c9a0b-3ca8-46f2-9cba-02fdf2a68848, command=[]} | ret=SUCCESS |  
2019-08-30 07:41:51,108 | INFO  | SCMAudit | user=jenkins1000 | ip=192.168.34.43 | op=SEND_HEARTBEAT {datanodeUUID=3bf132e1-02b6-4168-801a-3d7ce793c0d9, command=[]} | ret=SUCCESS |  
2019-08-30 07:41:51,272 | INFO  | SCMAudit | user=jenkins1000 | ip=192.168.34.43 | op=SEND_HEARTBEAT {datanodeUUID=dcd35ce2-5653-4064-9aff-c1a2cac3fe1c, command=[]} | ret=SUCCESS |  
2019-08-30 07:41:51,314 | INFO  | SCMAudit | user=jenkins1000 | ip=192.168.34.43 | op=SEND_HEARTBEAT {datanodeUUID=dc0e8eda-8843-49e8-9024-f7c59bdcd9bc, command=[]} | ret=SUCCESS |  
2019-08-30 07:41:51,314 | INFO  | SCMAudit | user=jenkins1000 | ip=192.168.34.43 | op=SEND_HEARTBEAT {datanodeUUID=34c5bf21-796a-477d-8f73-056dd6ef4f82, command=[]} | ret=SUCCESS |  
2019-08-30 07:41:51,315 | INFO  | SCMAudit | user=jenkins1000 | ip=192.168.34.43 | op=SEND_HEARTBEAT {datanodeUUID=9570f0ce-31bf-44b3-921f-a36f22efea54, command=[]} | ret=SUCCESS |  
2019-08-30 07:41:51,505 | INFO  | SCMAudit | user=jenkins1000 | ip=192.168.34.43 | op=SEND_HEARTBEAT {datanodeUUID=9e64560e-57c0-404b-a5e3-eb70c00d39cc, command=[]} | ret=SUCCESS |  
2019-08-30 07:41:51,788 | INFO  | SCMAudit | user=jenkins1000 | ip=192.168.34.43 | op=SEND_HEARTBEAT {datanodeUUID=722c9a0b-3ca8-46f2-9cba-02fdf2a68848, command=[]} | ret=SUCCESS |  
2019-08-30 07:41:52,109 | INFO  | SCMAudit | user=jenkins1000 | ip=192.168.34.43 | op=SEND_HEARTBEAT {datanodeUUID=3bf132e1-02b6-4168-801a-3d7ce793c0d9, command=[]} | ret=SUCCESS |  
2019-08-30 07:41:52,272 | INFO  | SCMAudit | user=jenkins1000 | ip=192.168.34.43 | op=SEND_HEARTBEAT {datanodeUUID=dcd35ce2-5653-4064-9aff-c1a2cac3fe1c, command=[]} | ret=SUCCESS |  
2019-08-30 07:41:52,314 | INFO  | SCMAudit | user=jenkins1000 | ip=192.168.34.43 | op=SEND_HEARTBEAT {datanodeUUID=dc0e8eda-8843-49e8-9024-f7c59bdcd9bc, command=[]} | ret=SUCCESS |  
2019-08-30 07:41:52,315 | INFO  | SCMAudit | user=jenkins1000 | ip=192.168.34.43 | op=SEND_HEARTBEAT {datanodeUUID=34c5bf21-796a-477d-8f73-056dd6ef4f82, command=[]} | ret=SUCCESS |  
2019-08-30 07:41:52,315 | INFO  | SCMAudit | user=jenkins1000 | ip=192.168.34.43 | op=SEND_HEARTBEAT {datanodeUUID=9570f0ce-31bf-44b3-921f-a36f22efea54, command=[]} | ret=SUCCESS |  
2019-08-30 07:41:52,506 | INFO  | SCMAudit | user=jenkins1000 | ip=192.168.34.43 | op=SEND_HEARTBEAT {datanodeUUID=9e64560e-57c0-404b-a5e3-eb70c00d39cc, command=[]} | ret=SUCCESS |  
2019-08-30 07:41:52,788 | INFO  | SCMAudit | user=jenkins1000 | ip=192.168.34.43 | op=SEND_HEARTBEAT {datanodeUUID=722c9a0b-3ca8-46f2-9cba-02fdf2a68848, command=[]} | ret=SUCCESS |  
2019-08-30 07:41:53,109 | INFO  | SCMAudit | user=jenkins1000 | ip=192.168.34.43 | op=SEND_HEARTBEAT {datanodeUUID=3bf132e1-02b6-4168-801a-3d7ce793c0d9, command=[]} | ret=SUCCESS |  
2019-08-30 07:41:53,272 | INFO  | SCMAudit | user=jenkins1000 | ip=192.168.34.43 | op=SEND_HEARTBEAT {datanodeUUID=dcd35ce2-5653-4064-9aff-c1a2cac3fe1c, command=[]} | ret=SUCCESS |  
2019-08-30 07:41:53,313 | INFO  | SCMAudit | user=jenkins1000 | ip=192.168.34.43 | op=SEND_HEARTBEAT {datanodeUUID=dc0e8eda-8843-49e8-9024-f7c59bdcd9bc, command=[]} | ret=SUCCESS |  
2019-08-30 07:41:53,315 | INFO  | SCMAudit | user=jenkins1000 | ip=192.168.34.43 | op=SEND_HEARTBEAT {datanodeUUID=34c5bf21-796a-477d-8f73-056dd6ef4f82, command=[]} | ret=SUCCESS |  
2019-08-30 07:41:53,316 | INFO  | SCMAudit | user=jenkins1000 | ip=192.168.34.43 | op=SEND_HEARTBEAT {datanodeUUID=9570f0ce-31bf-44b3-921f-a36f22efea54, command=[]} | ret=SUCCESS |  
2019-08-30 07:41:53,506 | INFO  | SCMAudit | user=jenkins1000 | ip=192.168.34.43 | op=SEND_HEARTBEAT {datanodeUUID=9e64560e-57c0-404b-a5e3-eb70c00d39cc, command=[]} | ret=SUCCESS |  
2019-08-30 07:41:53,788 | INFO  | SCMAudit | user=jenkins1000 | ip=192.168.34.43 | op=SEND_HEARTBEAT {datanodeUUID=722c9a0b-3ca8-46f2-9cba-02fdf2a68848, command=[]} | ret=SUCCESS |  
2019-08-30 07:41:54,108 | INFO  | SCMAudit | user=jenkins1000 | ip=192.168.34.43 | op=SEND_HEARTBEAT {datanodeUUID=3bf132e1-02b6-4168-801a-3d7ce793c0d9, command=[]} | ret=SUCCESS |  
2019-08-30 07:41:54,273 | INFO  | SCMAudit | user=jenkins1000 | ip=192.168.34.43 | op=SEND_HEARTBEAT {datanodeUUID=dcd35ce2-5653-4064-9aff-c1a2cac3fe1c, command=[]} | ret=SUCCESS |  
2019-08-30 07:41:54,313 | INFO  | SCMAudit | user=jenkins1000 | ip=192.168.34.43 | op=SEND_HEARTBEAT {datanodeUUID=dc0e8eda-8843-49e8-9024-f7c59bdcd9bc, command=[]} | ret=SUCCESS |  
2019-08-30 07:41:54,314 | INFO  | SCMAudit | user=jenkins1000 | ip=192.168.34.43 | op=SEND_HEARTBEAT {datanodeUUID=34c5bf21-796a-477d-8f73-056dd6ef4f82, command=[]} | ret=SUCCESS |  
2019-08-30 07:41:54,316 | INFO  | SCMAudit | user=jenkins1000 | ip=192.168.34.43 | op=SEND_HEARTBEAT {datanodeUUID=9570f0ce-31bf-44b3-921f-a36f22efea54, command=[]} | ret=SUCCESS |  
2019-08-30 07:41:54,505 | INFO  | SCMAudit | user=jenkins1000 | ip=192.168.34.43 | op=SEND_HEARTBEAT {datanodeUUID=9e64560e-57c0-404b-a5e3-eb70c00d39cc, command=[]} | ret=SUCCESS |  
2019-08-30 07:41:54,789 | INFO  | SCMAudit | user=jenkins1000 | ip=192.168.34.43 | op=SEND_HEARTBEAT {datanodeUUID=722c9a0b-3ca8-46f2-9cba-02fdf2a68848, command=[]} | ret=SUCCESS |  
2019-08-30 07:41:55,108 | INFO  | SCMAudit | user=jenkins1000 | ip=192.168.34.43 | op=SEND_HEARTBEAT {datanodeUUID=3bf132e1-02b6-4168-801a-3d7ce793c0d9, command=[]} | ret=SUCCESS |  
2019-08-30 07:41:55,273 | INFO  | SCMAudit | user=jenkins1000 | ip=192.168.34.43 | op=SEND_HEARTBEAT {datanodeUUID=dcd35ce2-5653-4064-9aff-c1a2cac3fe1c, command=[]} | ret=SUCCESS |  
2019-08-30 07:41:55,313 | INFO  | SCMAudit | user=jenkins1000 | ip=192.168.34.43 | op=SEND_HEARTBEAT {datanodeUUID=dc0e8eda-8843-49e8-9024-f7c59bdcd9bc, command=[]} | ret=SUCCESS |  
2019-08-30 07:41:55,314 | INFO  | SCMAudit | user=jenkins1000 | ip=192.168.34.43 | op=SEND_HEARTBEAT {datanodeUUID=34c5bf21-796a-477d-8f73-056dd6ef4f82, command=[]} | ret=SUCCESS |  
2019-08-30 07:41:55,315 | INFO  | SCMAudit | user=jenkins1000 | ip=192.168.34.43 | op=SEND_HEARTBEAT {datanodeUUID=9570f0ce-31bf-44b3-921f-a36f22efea54, command=[]} | ret=SUCCESS |  
2019-08-30 07:41:55,455 [grpc-default-executor-1] INFO  client.GrpcClientProtocolClient (GrpcClientProtocolClient.java:onNext(255)) - client-8ACC3CA93160->dc0e8eda-8843-49e8-9024-f7c59bdcd9bc: receive RaftClientReply:client-8ACC3CA93160->dc0e8eda-8843-49e8-9024-f7c59bdcd9bc@group-CB9C606E82CE, cid=45, FAILED org.apache.ratis.protocol.NotLeaderException: Server dc0e8eda-8843-49e8-9024-f7c59bdcd9bc is not the leader (dcd35ce2-5653-4064-9aff-c1a2cac3fe1c:192.168.34.43:41594). Request must be sent to leader., logIndex=0, commits[dc0e8eda-8843-49e8-9024-f7c59bdcd9bc:c8, dcd35ce2-5653-4064-9aff-c1a2cac3fe1c:c8, 9570f0ce-31bf-44b3-921f-a36f22efea54:c8]
2019-08-30 07:41:55,505 | INFO  | SCMAudit | user=jenkins1000 | ip=192.168.34.43 | op=SEND_HEARTBEAT {datanodeUUID=9e64560e-57c0-404b-a5e3-eb70c00d39cc, command=[]} | ret=SUCCESS |  
2019-08-30 07:41:55,789 | INFO  | SCMAudit | user=jenkins1000 | ip=192.168.34.43 | op=SEND_HEARTBEAT {datanodeUUID=722c9a0b-3ca8-46f2-9cba-02fdf2a68848, command=[]} | ret=SUCCESS |  
2019-08-30 07:41:56,109 | INFO  | SCMAudit | user=jenkins1000 | ip=192.168.34.43 | op=SEND_HEARTBEAT {datanodeUUID=3bf132e1-02b6-4168-801a-3d7ce793c0d9, command=[]} | ret=SUCCESS |  
2019-08-30 07:41:56,273 | INFO  | SCMAudit | user=jenkins1000 | ip=192.168.34.43 | op=SEND_HEARTBEAT {datanodeUUID=dcd35ce2-5653-4064-9aff-c1a2cac3fe1c, command=[]} | ret=SUCCESS |  
2019-08-30 07:41:56,313 | INFO  | SCMAudit | user=jenkins1000 | ip=192.168.34.43 | op=SEND_HEARTBEAT {datanodeUUID=dc0e8eda-8843-49e8-9024-f7c59bdcd9bc, command=[]} | ret=SUCCESS |  
2019-08-30 07:41:56,314 | INFO  | SCMAudit | user=jenkins1000 | ip=192.168.34.43 | op=SEND_HEARTBEAT {datanodeUUID=34c5bf21-796a-477d-8f73-056dd6ef4f82, command=[]} | ret=SUCCESS |  
2019-08-30 07:41:56,315 | INFO  | SCMAudit | user=jenkins1000 | ip=192.168.34.43 | op=SEND_HEARTBEAT {datanodeUUID=9570f0ce-31bf-44b3-921f-a36f22efea54, command=[]} | ret=SUCCESS |  
2019-08-30 07:41:56,505 | INFO  | SCMAudit | user=jenkins1000 | ip=192.168.34.43 | op=SEND_HEARTBEAT {datanodeUUID=9e64560e-57c0-404b-a5e3-eb70c00d39cc, command=[]} | ret=SUCCESS |  
2019-08-30 07:41:56,789 | INFO  | SCMAudit | user=jenkins1000 | ip=192.168.34.43 | op=SEND_HEARTBEAT {datanodeUUID=722c9a0b-3ca8-46f2-9cba-02fdf2a68848, command=[]} | ret=SUCCESS |  
2019-08-30 07:41:57,108 | INFO  | SCMAudit | user=jenkins1000 | ip=192.168.34.43 | op=SEND_HEARTBEAT {datanodeUUID=3bf132e1-02b6-4168-801a-3d7ce793c0d9, command=[]} | ret=SUCCESS |  
2019-08-30 07:41:57,273 | INFO  | SCMAudit | user=jenkins1000 | ip=192.168.34.43 | op=SEND_HEARTBEAT {datanodeUUID=dcd35ce2-5653-4064-9aff-c1a2cac3fe1c, command=[]} | ret=SUCCESS |  
2019-08-30 07:41:57,313 | INFO  | SCMAudit | user=jenkins1000 | ip=192.168.34.43 | op=SEND_HEARTBEAT {datanodeUUID=dc0e8eda-8843-49e8-9024-f7c59bdcd9bc, command=[]} | ret=SUCCESS |  
2019-08-30 07:41:57,315 | INFO  | SCMAudit | user=jenkins1000 | ip=192.168.34.43 | op=SEND_HEARTBEAT {datanodeUUID=34c5bf21-796a-477d-8f73-056dd6ef4f82, command=[]} | ret=SUCCESS |  
2019-08-30 07:41:57,315 | INFO  | SCMAudit | user=jenkins1000 | ip=192.168.34.43 | op=SEND_HEARTBEAT {datanodeUUID=9570f0ce-31bf-44b3-921f-a36f22efea54, command=[]} | ret=SUCCESS |  
2019-08-30 07:41:57,505 | INFO  | SCMAudit | user=jenkins1000 | ip=192.168.34.43 | op=SEND_HEARTBEAT {datanodeUUID=9e64560e-57c0-404b-a5e3-eb70c00d39cc, command=[]} | ret=SUCCESS |  
2019-08-30 07:41:57,788 | INFO  | SCMAudit | user=jenkins1000 | ip=192.168.34.43 | op=SEND_HEARTBEAT {datanodeUUID=722c9a0b-3ca8-46f2-9cba-02fdf2a68848, command=[]} | ret=SUCCESS |  
2019-08-30 07:41:58,109 | INFO  | SCMAudit | user=jenkins1000 | ip=192.168.34.43 | op=SEND_HEARTBEAT {datanodeUUID=3bf132e1-02b6-4168-801a-3d7ce793c0d9, command=[]} | ret=SUCCESS |  
2019-08-30 07:41:58,274 | INFO  | SCMAudit | user=jenkins1000 | ip=192.168.34.43 | op=SEND_HEARTBEAT {datanodeUUID=dcd35ce2-5653-4064-9aff-c1a2cac3fe1c, command=[]} | ret=SUCCESS |  
2019-08-30 07:41:58,313 | INFO  | SCMAudit | user=jenkins1000 | ip=192.168.34.43 | op=SEND_HEARTBEAT {datanodeUUID=dc0e8eda-8843-49e8-9024-f7c59bdcd9bc, command=[]} | ret=SUCCESS |  
2019-08-30 07:41:58,316 | INFO  | SCMAudit | user=jenkins1000 | ip=192.168.34.43 | op=SEND_HEARTBEAT {datanodeUUID=34c5bf21-796a-477d-8f73-056dd6ef4f82, command=[]} | ret=SUCCESS |  
2019-08-30 07:41:58,316 | INFO  | SCMAudit | user=jenkins1000 | ip=192.168.34.43 | op=SEND_HEARTBEAT {datanodeUUID=9570f0ce-31bf-44b3-921f-a36f22efea54, command=[]} | ret=SUCCESS |  
2019-08-30 07:41:58,506 | INFO  | SCMAudit | user=jenkins1000 | ip=192.168.34.43 | op=SEND_HEARTBEAT {datanodeUUID=9e64560e-57c0-404b-a5e3-eb70c00d39cc, command=[]} | ret=SUCCESS |  
2019-08-30 07:41:58,788 | INFO  | SCMAudit | user=jenkins1000 | ip=192.168.34.43 | op=SEND_HEARTBEAT {datanodeUUID=722c9a0b-3ca8-46f2-9cba-02fdf2a68848, command=[]} | ret=SUCCESS |  
2019-08-30 07:41:59,108 | INFO  | SCMAudit | user=jenkins1000 | ip=192.168.34.43 | op=SEND_HEARTBEAT {datanodeUUID=3bf132e1-02b6-4168-801a-3d7ce793c0d9, command=[]} | ret=SUCCESS |  
2019-08-30 07:41:59,273 | INFO  | SCMAudit | user=jenkins1000 | ip=192.168.34.43 | op=SEND_HEARTBEAT {datanodeUUID=dcd35ce2-5653-4064-9aff-c1a2cac3fe1c, command=[]} | ret=SUCCESS |  
2019-08-30 07:41:59,313 | INFO  | SCMAudit | user=jenkins1000 | ip=192.168.34.43 | op=SEND_HEARTBEAT {datanodeUUID=dc0e8eda-8843-49e8-9024-f7c59bdcd9bc, command=[]} | ret=SUCCESS |  
2019-08-30 07:41:59,315 | INFO  | SCMAudit | user=jenkins1000 | ip=192.168.34.43 | op=SEND_HEARTBEAT {datanodeUUID=34c5bf21-796a-477d-8f73-056dd6ef4f82, command=[]} | ret=SUCCESS |  
2019-08-30 07:41:59,315 | INFO  | SCMAudit | user=jenkins1000 | ip=192.168.34.43 | op=SEND_HEARTBEAT {datanodeUUID=9570f0ce-31bf-44b3-921f-a36f22efea54, command=[]} | ret=SUCCESS |  
2019-08-30 07:41:59,505 | INFO  | SCMAudit | user=jenkins1000 | ip=192.168.34.43 | op=SEND_HEARTBEAT {datanodeUUID=9e64560e-57c0-404b-a5e3-eb70c00d39cc, command=[]} | ret=SUCCESS |  
2019-08-30 07:41:59,789 | INFO  | SCMAudit | user=jenkins1000 | ip=192.168.34.43 | op=SEND_HEARTBEAT {datanodeUUID=722c9a0b-3ca8-46f2-9cba-02fdf2a68848, command=[]} | ret=SUCCESS |  
2019-08-30 07:42:00,109 | INFO  | SCMAudit | user=jenkins1000 | ip=192.168.34.43 | op=SEND_HEARTBEAT {datanodeUUID=3bf132e1-02b6-4168-801a-3d7ce793c0d9, command=[]} | ret=SUCCESS |  
2019-08-30 07:42:00,273 | INFO  | SCMAudit | user=jenkins1000 | ip=192.168.34.43 | op=SEND_HEARTBEAT {datanodeUUID=dcd35ce2-5653-4064-9aff-c1a2cac3fe1c, command=[]} | ret=SUCCESS |  
2019-08-30 07:42:00,313 | INFO  | SCMAudit | user=jenkins1000 | ip=192.168.34.43 | op=SEND_HEARTBEAT {datanodeUUID=dc0e8eda-8843-49e8-9024-f7c59bdcd9bc, command=[]} | ret=SUCCESS |  
2019-08-30 07:42:00,315 | INFO  | SCMAudit | user=jenkins1000 | ip=192.168.34.43 | op=SEND_HEARTBEAT {datanodeUUID=34c5bf21-796a-477d-8f73-056dd6ef4f82, command=[]} | ret=SUCCESS |  
2019-08-30 07:42:00,315 | INFO  | SCMAudit | user=jenkins1000 | ip=192.168.34.43 | op=SEND_HEARTBEAT {datanodeUUID=9570f0ce-31bf-44b3-921f-a36f22efea54, command=[]} | ret=SUCCESS |  
2019-08-30 07:42:00,491 [grpc-default-executor-3] INFO  client.GrpcClientProtocolClient (GrpcClientProtocolClient.java:onNext(255)) - client-8ACC3CA93160->dc0e8eda-8843-49e8-9024-f7c59bdcd9bc: receive RaftClientReply:client-8ACC3CA93160->dc0e8eda-8843-49e8-9024-f7c59bdcd9bc@group-CB9C606E82CE, cid=45, FAILED org.apache.ratis.protocol.NotLeaderException: Server dc0e8eda-8843-49e8-9024-f7c59bdcd9bc is not the leader (dcd35ce2-5653-4064-9aff-c1a2cac3fe1c:192.168.34.43:41594). Request must be sent to leader., logIndex=0, commits[dc0e8eda-8843-49e8-9024-f7c59bdcd9bc:c8, dcd35ce2-5653-4064-9aff-c1a2cac3fe1c:c8, 9570f0ce-31bf-44b3-921f-a36f22efea54:c8]
2019-08-30 07:42:00,505 | INFO  | SCMAudit | user=jenkins1000 | ip=192.168.34.43 | op=SEND_HEARTBEAT {datanodeUUID=9e64560e-57c0-404b-a5e3-eb70c00d39cc, command=[]} | ret=SUCCESS |  
2019-08-30 07:42:00,789 | INFO  | SCMAudit | user=jenkins1000 | ip=192.168.34.43 | op=SEND_HEARTBEAT {datanodeUUID=722c9a0b-3ca8-46f2-9cba-02fdf2a68848, command=[]} | ret=SUCCESS |  
2019-08-30 07:42:01,109 | INFO  | SCMAudit | user=jenkins1000 | ip=192.168.34.43 | op=SEND_HEARTBEAT {datanodeUUID=3bf132e1-02b6-4168-801a-3d7ce793c0d9, command=[]} | ret=SUCCESS |  
2019-08-30 07:42:01,274 | INFO  | SCMAudit | user=jenkins1000 | ip=192.168.34.43 | op=SEND_HEARTBEAT {datanodeUUID=dcd35ce2-5653-4064-9aff-c1a2cac3fe1c, command=[]} | ret=SUCCESS |  
2019-08-30 07:42:01,314 | INFO  | SCMAudit | user=jenkins1000 | ip=192.168.34.43 | op=SEND_HEARTBEAT {datanodeUUID=dc0e8eda-8843-49e8-9024-f7c59bdcd9bc, command=[]} | ret=SUCCESS |  
2019-08-30 07:42:01,315 | INFO  | SCMAudit | user=jenkins1000 | ip=192.168.34.43 | op=SEND_HEARTBEAT {datanodeUUID=34c5bf21-796a-477d-8f73-056dd6ef4f82, command=[]} | ret=SUCCESS |  
2019-08-30 07:42:01,315 | INFO  | SCMAudit | user=jenkins1000 | ip=192.168.34.43 | op=SEND_HEARTBEAT {datanodeUUID=9570f0ce-31bf-44b3-921f-a36f22efea54, command=[]} | ret=SUCCESS |  
2019-08-30 07:42:01,510 | INFO  | SCMAudit | user=jenkins1000 | ip=192.168.34.43 | op=SEND_HEARTBEAT {datanodeUUID=9e64560e-57c0-404b-a5e3-eb70c00d39cc, command=[]} | ret=SUCCESS |  
2019-08-30 07:42:01,788 | INFO  | SCMAudit | user=jenkins1000 | ip=192.168.34.43 | op=SEND_HEARTBEAT {datanodeUUID=722c9a0b-3ca8-46f2-9cba-02fdf2a68848, command=[]} | ret=SUCCESS |  
2019-08-30 07:42:02,110 | INFO  | SCMAudit | user=jenkins1000 | ip=192.168.34.43 | op=SEND_HEARTBEAT {datanodeUUID=3bf132e1-02b6-4168-801a-3d7ce793c0d9, command=[]} | ret=SUCCESS |  
2019-08-30 07:42:02,273 | INFO  | SCMAudit | user=jenkins1000 | ip=192.168.34.43 | op=SEND_HEARTBEAT {datanodeUUID=dcd35ce2-5653-4064-9aff-c1a2cac3fe1c, command=[]} | ret=SUCCESS |  
2019-08-30 07:42:02,313 | INFO  | SCMAudit | user=jenkins1000 | ip=192.168.34.43 | op=SEND_HEARTBEAT {datanodeUUID=dc0e8eda-8843-49e8-9024-f7c59bdcd9bc, command=[]} | ret=SUCCESS |  
2019-08-30 07:42:02,315 | INFO  | SCMAudit | user=jenkins1000 | ip=192.168.34.43 | op=SEND_HEARTBEAT {datanodeUUID=34c5bf21-796a-477d-8f73-056dd6ef4f82, command=[]} | ret=SUCCESS |  
2019-08-30 07:42:02,315 | INFO  | SCMAudit | user=jenkins1000 | ip=192.168.34.43 | op=SEND_HEARTBEAT {datanodeUUID=9570f0ce-31bf-44b3-921f-a36f22efea54, command=[]} | ret=SUCCESS |  
2019-08-30 07:42:02,510 | INFO  | SCMAudit | user=jenkins1000 | ip=192.168.34.43 | op=SEND_HEARTBEAT {datanodeUUID=9e64560e-57c0-404b-a5e3-eb70c00d39cc, command=[]} | ret=SUCCESS |  
2019-08-30 07:42:02,788 | INFO  | SCMAudit | user=jenkins1000 | ip=192.168.34.43 | op=SEND_HEARTBEAT {datanodeUUID=722c9a0b-3ca8-46f2-9cba-02fdf2a68848, command=[]} | ret=SUCCESS |  
2019-08-30 07:42:03,110 | INFO  | SCMAudit | user=jenkins1000 | ip=192.168.34.43 | op=SEND_HEARTBEAT {datanodeUUID=3bf132e1-02b6-4168-801a-3d7ce793c0d9, command=[]} | ret=SUCCESS |  
2019-08-30 07:42:03,274 | INFO  | SCMAudit | user=jenkins1000 | ip=192.168.34.43 | op=SEND_HEARTBEAT {datanodeUUID=dcd35ce2-5653-4064-9aff-c1a2cac3fe1c, command=[]} | ret=SUCCESS |  
2019-08-30 07:42:03,314 | INFO  | SCMAudit | user=jenkins1000 | ip=192.168.34.43 | op=SEND_HEARTBEAT {datanodeUUID=dc0e8eda-8843-49e8-9024-f7c59bdcd9bc, command=[]} | ret=SUCCESS |  
2019-08-30 07:42:03,315 | INFO  | SCMAudit | user=jenkins1000 | ip=192.168.34.43 | op=SEND_HEARTBEAT {datanodeUUID=34c5bf21-796a-477d-8f73-056dd6ef4f82, command=[]} | ret=SUCCESS |  
2019-08-30 07:42:03,315 | INFO  | SCMAudit | user=jenkins1000 | ip=192.168.34.43 | op=SEND_HEARTBEAT {datanodeUUID=9570f0ce-31bf-44b3-921f-a36f22efea54, command=[]} | ret=SUCCESS |  
2019-08-30 07:42:03,511 | INFO  | SCMAudit | user=jenkins1000 | ip=192.168.34.43 | op=SEND_HEARTBEAT {datanodeUUID=9e64560e-57c0-404b-a5e3-eb70c00d39cc, command=[]} | ret=SUCCESS |  
2019-08-30 07:42:03,789 | INFO  | SCMAudit | user=jenkins1000 | ip=192.168.34.43 | op=SEND_HEARTBEAT {datanodeUUID=722c9a0b-3ca8-46f2-9cba-02fdf2a68848, command=[]} | ret=SUCCESS |  
2019-08-30 07:42:04,111 | INFO  | SCMAudit | user=jenkins1000 | ip=192.168.34.43 | op=SEND_HEARTBEAT {datanodeUUID=3bf132e1-02b6-4168-801a-3d7ce793c0d9, command=[]} | ret=SUCCESS |  
2019-08-30 07:42:04,274 | INFO  | SCMAudit | user=jenkins1000 | ip=192.168.34.43 | op=SEND_HEARTBEAT {datanodeUUID=dcd35ce2-5653-4064-9aff-c1a2cac3fe1c, command=[]} | ret=SUCCESS |  
2019-08-30 07:42:04,314 | INFO  | SCMAudit | user=jenkins1000 | ip=192.168.34.43 | op=SEND_HEARTBEAT {datanodeUUID=dc0e8eda-8843-49e8-9024-f7c59bdcd9bc, command=[]} | ret=SUCCESS |  
2019-08-30 07:42:04,315 | INFO  | SCMAudit | user=jenkins1000 | ip=192.168.34.43 | op=SEND_HEARTBEAT {datanodeUUID=9570f0ce-31bf-44b3-921f-a36f22efea54, command=[]} | ret=SUCCESS |  
2019-08-30 07:42:04,315 | INFO  | SCMAudit | user=jenkins1000 | ip=192.168.34.43 | op=SEND_HEARTBEAT {datanodeUUID=34c5bf21-796a-477d-8f73-056dd6ef4f82, command=[]} | ret=SUCCESS |  
2019-08-30 07:42:04,513 | INFO  | SCMAudit | user=jenkins1000 | ip=192.168.34.43 | op=SEND_HEARTBEAT {datanodeUUID=9e64560e-57c0-404b-a5e3-eb70c00d39cc, command=[]} | ret=SUCCESS |  
2019-08-30 07:42:04,789 | INFO  | SCMAudit | user=jenkins1000 | ip=192.168.34.43 | op=SEND_HEARTBEAT {datanodeUUID=722c9a0b-3ca8-46f2-9cba-02fdf2a68848, command=[]} | ret=SUCCESS |  
2019-08-30 07:42:05,111 | INFO  | SCMAudit | user=jenkins1000 | ip=192.168.34.43 | op=SEND_HEARTBEAT {datanodeUUID=3bf132e1-02b6-4168-801a-3d7ce793c0d9, command=[]} | ret=SUCCESS |  
2019-08-30 07:42:05,274 | INFO  | SCMAudit | user=jenkins1000 | ip=192.168.34.43 | op=SEND_HEARTBEAT {datanodeUUID=dcd35ce2-5653-4064-9aff-c1a2cac3fe1c, command=[]} | ret=SUCCESS |  
2019-08-30 07:42:05,314 | INFO  | SCMAudit | user=jenkins1000 | ip=192.168.34.43 | op=SEND_HEARTBEAT {datanodeUUID=dc0e8eda-8843-49e8-9024-f7c59bdcd9bc, command=[]} | ret=SUCCESS |  
2019-08-30 07:42:05,315 | INFO  | SCMAudit | user=jenkins1000 | ip=192.168.34.43 | op=SEND_HEARTBEAT {datanodeUUID=9570f0ce-31bf-44b3-921f-a36f22efea54, command=[]} | ret=SUCCESS |  
2019-08-30 07:42:05,316 | INFO  | SCMAudit | user=jenkins1000 | ip=192.168.34.43 | op=SEND_HEARTBEAT {datanodeUUID=34c5bf21-796a-477d-8f73-056dd6ef4f82, command=[]} | ret=SUCCESS |  
2019-08-30 07:42:05,510 | INFO  | SCMAudit | user=jenkins1000 | ip=192.168.34.43 | op=SEND_HEARTBEAT {datanodeUUID=9e64560e-57c0-404b-a5e3-eb70c00d39cc, command=[]} | ret=SUCCESS |  
2019-08-30 07:42:05,532 [grpc-default-executor-3] INFO  client.GrpcClientProtocolClient (GrpcClientProtocolClient.java:onNext(255)) - client-8ACC3CA93160->9570f0ce-31bf-44b3-921f-a36f22efea54: receive RaftClientReply:client-8ACC3CA93160->9570f0ce-31bf-44b3-921f-a36f22efea54@group-CB9C606E82CE, cid=45, FAILED org.apache.ratis.protocol.NotLeaderException: Server 9570f0ce-31bf-44b3-921f-a36f22efea54 is not the leader (dcd35ce2-5653-4064-9aff-c1a2cac3fe1c:192.168.34.43:41594). Request must be sent to leader., logIndex=0, commits[9570f0ce-31bf-44b3-921f-a36f22efea54:c8, dc0e8eda-8843-49e8-9024-f7c59bdcd9bc:c8, dcd35ce2-5653-4064-9aff-c1a2cac3fe1c:c8]
2019-08-30 07:42:05,789 | INFO  | SCMAudit | user=jenkins1000 | ip=192.168.34.43 | op=SEND_HEARTBEAT {datanodeUUID=722c9a0b-3ca8-46f2-9cba-02fdf2a68848, command=[]} | ret=SUCCESS |  
2019-08-30 07:42:06,111 | INFO  | SCMAudit | user=jenkins1000 | ip=192.168.34.43 | op=SEND_HEARTBEAT {datanodeUUID=3bf132e1-02b6-4168-801a-3d7ce793c0d9, command=[]} | ret=SUCCESS |  
2019-08-30 07:42:06,275 | INFO  | SCMAudit | user=jenkins1000 | ip=192.168.34.43 | op=SEND_HEARTBEAT {datanodeUUID=dcd35ce2-5653-4064-9aff-c1a2cac3fe1c, command=[]} | ret=SUCCESS |  
2019-08-30 07:42:06,314 | INFO  | SCMAudit | user=jenkins1000 | ip=192.168.34.43 | op=SEND_HEARTBEAT {datanodeUUID=dc0e8eda-8843-49e8-9024-f7c59bdcd9bc, command=[]} | ret=SUCCESS |  
2019-08-30 07:42:06,315 | INFO  | SCMAudit | user=jenkins1000 | ip=192.168.34.43 | op=SEND_HEARTBEAT {datanodeUUID=9570f0ce-31bf-44b3-921f-a36f22efea54, command=[]} | ret=SUCCESS |  
2019-08-30 07:42:06,317 | INFO  | SCMAudit | user=jenkins1000 | ip=192.168.34.43 | op=SEND_HEARTBEAT {datanodeUUID=34c5bf21-796a-477d-8f73-056dd6ef4f82, command=[]} | ret=SUCCESS |  
2019-08-30 07:42:06,511 | INFO  | SCMAudit | user=jenkins1000 | ip=192.168.34.43 | op=SEND_HEARTBEAT {datanodeUUID=9e64560e-57c0-404b-a5e3-eb70c00d39cc, command=[]} | ret=SUCCESS |  
2019-08-30 07:42:06,789 | INFO  | SCMAudit | user=jenkins1000 | ip=192.168.34.43 | op=SEND_HEARTBEAT {datanodeUUID=722c9a0b-3ca8-46f2-9cba-02fdf2a68848, command=[]} | ret=SUCCESS |  
2019-08-30 07:42:07,112 | INFO  | SCMAudit | user=jenkins1000 | ip=192.168.34.43 | op=SEND_HEARTBEAT {datanodeUUID=3bf132e1-02b6-4168-801a-3d7ce793c0d9, command=[]} | ret=SUCCESS |  
2019-08-30 07:42:07,274 | INFO  | SCMAudit | user=jenkins1000 | ip=192.168.34.43 | op=SEND_HEARTBEAT {datanodeUUID=dcd35ce2-5653-4064-9aff-c1a2cac3fe1c, command=[]} | ret=SUCCESS |  
2019-08-30 07:42:07,314 | INFO  | SCMAudit | user=jenkins1000 | ip=192.168.34.43 | op=SEND_HEARTBEAT {datanodeUUID=dc0e8eda-8843-49e8-9024-f7c59bdcd9bc, command=[]} | ret=SUCCESS |  
2019-08-30 07:42:07,315 | INFO  | SCMAudit | user=jenkins1000 | ip=192.168.34.43 | op=SEND_HEARTBEAT {datanodeUUID=9570f0ce-31bf-44b3-921f-a36f22efea54, command=[]} | ret=SUCCESS |  
2019-08-30 07:42:07,317 | INFO  | SCMAudit | user=jenkins1000 | ip=192.168.34.43 | op=SEND_HEARTBEAT {datanodeUUID=34c5bf21-796a-477d-8f73-056dd6ef4f82, command=[]} | ret=SUCCESS |  
2019-08-30 07:42:07,511 | INFO  | SCMAudit | user=jenkins1000 | ip=192.168.34.43 | op=SEND_HEARTBEAT {datanodeUUID=9e64560e-57c0-404b-a5e3-eb70c00d39cc, command=[]} | ret=SUCCESS |  
2019-08-30 07:42:07,789 | INFO  | SCMAudit | user=jenkins1000 | ip=192.168.34.43 | op=SEND_HEARTBEAT {datanodeUUID=722c9a0b-3ca8-46f2-9cba-02fdf2a68848, command=[]} | ret=SUCCESS |  
2019-08-30 07:42:08,112 | INFO  | SCMAudit | user=jenkins1000 | ip=192.168.34.43 | op=SEND_HEARTBEAT {datanodeUUID=3bf132e1-02b6-4168-801a-3d7ce793c0d9, command=[]} | ret=SUCCESS |  
2019-08-30 07:42:08,275 | INFO  | SCMAudit | user=jenkins1000 | ip=192.168.34.43 | op=SEND_HEARTBEAT {datanodeUUID=dcd35ce2-5653-4064-9aff-c1a2cac3fe1c, command=[]} | ret=SUCCESS |  
2019-08-30 07:42:08,314 | INFO  | SCMAudit | user=jenkins1000 | ip=192.168.34.43 | op=SEND_HEARTBEAT {datanodeUUID=dc0e8eda-8843-49e8-9024-f7c59bdcd9bc, command=[]} | ret=SUCCESS |  
2019-08-30 07:42:08,315 | INFO  | SCMAudit | user=jenkins1000 | ip=192.168.34.43 | op=SEND_HEARTBEAT {datanodeUUID=9570f0ce-31bf-44b3-921f-a36f22efea54, command=[]} | ret=SUCCESS |  
2019-08-30 07:42:08,316 | INFO  | SCMAudit | user=jenkins1000 | ip=192.168.34.43 | op=SEND_HEARTBEAT {datanodeUUID=34c5bf21-796a-477d-8f73-056dd6ef4f82, command=[]} | ret=SUCCESS |  
2019-08-30 07:42:08,511 | INFO  | SCMAudit | user=jenkins1000 | ip=192.168.34.43 | op=SEND_HEARTBEAT {datanodeUUID=9e64560e-57c0-404b-a5e3-eb70c00d39cc, command=[]} | ret=SUCCESS |  
2019-08-30 07:42:08,790 | INFO  | SCMAudit | user=jenkins1000 | ip=192.168.34.43 | op=SEND_HEARTBEAT {datanodeUUID=722c9a0b-3ca8-46f2-9cba-02fdf2a68848, command=[]} | ret=SUCCESS |  
2019-08-30 07:42:09,113 | INFO  | SCMAudit | user=jenkins1000 | ip=192.168.34.43 | op=SEND_HEARTBEAT {datanodeUUID=3bf132e1-02b6-4168-801a-3d7ce793c0d9, command=[]} | ret=SUCCESS |  
2019-08-30 07:42:09,275 | INFO  | SCMAudit | user=jenkins1000 | ip=192.168.34.43 | op=SEND_HEARTBEAT {datanodeUUID=dcd35ce2-5653-4064-9aff-c1a2cac3fe1c, command=[]} | ret=SUCCESS |  
2019-08-30 07:42:09,315 | INFO  | SCMAudit | user=jenkins1000 | ip=192.168.34.43 | op=SEND_HEARTBEAT {datanodeUUID=dc0e8eda-8843-49e8-9024-f7c59bdcd9bc, command=[]} | ret=SUCCESS |  
2019-08-30 07:42:09,315 | INFO  | SCMAudit | user=jenkins1000 | ip=192.168.34.43 | op=SEND_HEARTBEAT {datanodeUUID=9570f0ce-31bf-44b3-921f-a36f22efea54, command=[]} | ret=SUCCESS |  
2019-08-30 07:42:09,316 | INFO  | SCMAudit | user=jenkins1000 | ip=192.168.34.43 | op=SEND_HEARTBEAT {datanodeUUID=34c5bf21-796a-477d-8f73-056dd6ef4f82, command=[]} | ret=SUCCESS |  
2019-08-30 07:42:09,512 | INFO  | SCMAudit | user=jenkins1000 | ip=192.168.34.43 | op=SEND_HEARTBEAT {datanodeUUID=9e64560e-57c0-404b-a5e3-eb70c00d39cc, command=[]} | ret=SUCCESS |  
2019-08-30 07:42:09,789 | INFO  | SCMAudit | user=jenkins1000 | ip=192.168.34.43 | op=SEND_HEARTBEAT {datanodeUUID=722c9a0b-3ca8-46f2-9cba-02fdf2a68848, command=[]} | ret=SUCCESS |  
2019-08-30 07:42:10,113 | INFO  | SCMAudit | user=jenkins1000 | ip=192.168.34.43 | op=SEND_HEARTBEAT {datanodeUUID=3bf132e1-02b6-4168-801a-3d7ce793c0d9, command=[]} | ret=SUCCESS |  
2019-08-30 07:42:10,274 | INFO  | SCMAudit | user=jenkins1000 | ip=192.168.34.43 | op=SEND_HEARTBEAT {datanodeUUID=dcd35ce2-5653-4064-9aff-c1a2cac3fe1c, command=[]} | ret=SUCCESS |  
2019-08-30 07:42:10,315 | INFO  | SCMAudit | user=jenkins1000 | ip=192.168.34.43 | op=SEND_HEARTBEAT {datanodeUUID=dc0e8eda-8843-49e8-9024-f7c59bdcd9bc, command=[]} | ret=SUCCESS |  
2019-08-30 07:42:10,315 | INFO  | SCMAudit | user=jenkins1000 | ip=192.168.34.43 | op=SEND_HEARTBEAT {datanodeUUID=9570f0ce-31bf-44b3-921f-a36f22efea54, command=[]} | ret=SUCCESS |  
2019-08-30 07:42:10,316 | INFO  | SCMAudit | user=jenkins1000 | ip=192.168.34.43 | op=SEND_HEARTBEAT {datanodeUUID=34c5bf21-796a-477d-8f73-056dd6ef4f82, command=[]} | ret=SUCCESS |  
2019-08-30 07:42:10,512 | INFO  | SCMAudit | user=jenkins1000 | ip=192.168.34.43 | op=SEND_HEARTBEAT {datanodeUUID=9e64560e-57c0-404b-a5e3-eb70c00d39cc, command=[]} | ret=SUCCESS |  
2019-08-30 07:42:10,582 [grpc-default-executor-3] INFO  client.GrpcClientProtocolClient (GrpcClientProtocolClient.java:onNext(255)) - client-8ACC3CA93160->dc0e8eda-8843-49e8-9024-f7c59bdcd9bc: receive RaftClientReply:client-8ACC3CA93160->dc0e8eda-8843-49e8-9024-f7c59bdcd9bc@group-CB9C606E82CE, cid=45, FAILED org.apache.ratis.protocol.NotLeaderException: Server dc0e8eda-8843-49e8-9024-f7c59bdcd9bc is not the leader (dcd35ce2-5653-4064-9aff-c1a2cac3fe1c:192.168.34.43:41594). Request must be sent to leader., logIndex=0, commits[dc0e8eda-8843-49e8-9024-f7c59bdcd9bc:c8, dcd35ce2-5653-4064-9aff-c1a2cac3fe1c:c8, 9570f0ce-31bf-44b3-921f-a36f22efea54:c8]
2019-08-30 07:42:10,789 | INFO  | SCMAudit | user=jenkins1000 | ip=192.168.34.43 | op=SEND_HEARTBEAT {datanodeUUID=722c9a0b-3ca8-46f2-9cba-02fdf2a68848, command=[]} | ret=SUCCESS |  
2019-08-30 07:42:11,113 | INFO  | SCMAudit | user=jenkins1000 | ip=192.168.34.43 | op=SEND_HEARTBEAT {datanodeUUID=3bf132e1-02b6-4168-801a-3d7ce793c0d9, command=[]} | ret=SUCCESS |  
2019-08-30 07:42:11,274 | INFO  | SCMAudit | user=jenkins1000 | ip=192.168.34.43 | op=SEND_HEARTBEAT {datanodeUUID=dcd35ce2-5653-4064-9aff-c1a2cac3fe1c, command=[]} | ret=SUCCESS |  
2019-08-30 07:42:11,315 | INFO  | SCMAudit | user=jenkins1000 | ip=192.168.34.43 | op=SEND_HEARTBEAT {datanodeUUID=dc0e8eda-8843-49e8-9024-f7c59bdcd9bc, command=[]} | ret=SUCCESS |  
2019-08-30 07:42:11,315 | INFO  | SCMAudit | user=jenkins1000 | ip=192.168.34.43 | op=SEND_HEARTBEAT {datanodeUUID=9570f0ce-31bf-44b3-921f-a36f22efea54, command=[]} | ret=SUCCESS |  
2019-08-30 07:42:11,316 | INFO  | SCMAudit | user=jenkins1000 | ip=192.168.34.43 | op=SEND_HEARTBEAT {datanodeUUID=34c5bf21-796a-477d-8f73-056dd6ef4f82, command=[]} | ret=SUCCESS |  
2019-08-30 07:42:11,512 | INFO  | SCMAudit | user=jenkins1000 | ip=192.168.34.43 | op=SEND_HEARTBEAT {datanodeUUID=9e64560e-57c0-404b-a5e3-eb70c00d39cc, command=[]} | ret=SUCCESS |  
2019-08-30 07:42:11,789 | INFO  | SCMAudit | user=jenkins1000 | ip=192.168.34.43 | op=SEND_HEARTBEAT {datanodeUUID=722c9a0b-3ca8-46f2-9cba-02fdf2a68848, command=[]} | ret=SUCCESS |  
2019-08-30 07:42:12,113 | INFO  | SCMAudit | user=jenkins1000 | ip=192.168.34.43 | op=SEND_HEARTBEAT {datanodeUUID=3bf132e1-02b6-4168-801a-3d7ce793c0d9, command=[]} | ret=SUCCESS |  
2019-08-30 07:42:12,274 | INFO  | SCMAudit | user=jenkins1000 | ip=192.168.34.43 | op=SEND_HEARTBEAT {datanodeUUID=dcd35ce2-5653-4064-9aff-c1a2cac3fe1c, command=[]} | ret=SUCCESS |  
2019-08-30 07:42:12,316 | INFO  | SCMAudit | user=jenkins1000 | ip=192.168.34.43 | op=SEND_HEARTBEAT {datanodeUUID=dc0e8eda-8843-49e8-9024-f7c59bdcd9bc, command=[]} | ret=SUCCESS |  
2019-08-30 07:42:12,316 | INFO  | SCMAudit | user=jenkins1000 | ip=192.168.34.43 | op=SEND_HEARTBEAT {datanodeUUID=9570f0ce-31bf-44b3-921f-a36f22efea54, command=[]} | ret=SUCCESS |  
2019-08-30 07:42:12,317 | INFO  | SCMAudit | user=jenkins1000 | ip=192.168.34.43 | op=SEND_HEARTBEAT {datanodeUUID=34c5bf21-796a-477d-8f73-056dd6ef4f82, command=[]} | ret=SUCCESS |  
2019-08-30 07:42:12,512 | INFO  | SCMAudit | user=jenkins1000 | ip=192.168.34.43 | op=SEND_HEARTBEAT {datanodeUUID=9e64560e-57c0-404b-a5e3-eb70c00d39cc, command=[]} | ret=SUCCESS |  
2019-08-30 07:42:12,790 | INFO  | SCMAudit | user=jenkins1000 | ip=192.168.34.43 | op=SEND_HEARTBEAT {datanodeUUID=722c9a0b-3ca8-46f2-9cba-02fdf2a68848, command=[]} | ret=SUCCESS |  
2019-08-30 07:42:13,114 | INFO  | SCMAudit | user=jenkins1000 | ip=192.168.34.43 | op=SEND_HEARTBEAT {datanodeUUID=3bf132e1-02b6-4168-801a-3d7ce793c0d9, command=[]} | ret=SUCCESS |  
2019-08-30 07:42:13,274 | INFO  | SCMAudit | user=jenkins1000 | ip=192.168.34.43 | op=SEND_HEARTBEAT {datanodeUUID=dcd35ce2-5653-4064-9aff-c1a2cac3fe1c, command=[]} | ret=SUCCESS |  
2019-08-30 07:42:13,316 | INFO  | SCMAudit | user=jenkins1000 | ip=192.168.34.43 | op=SEND_HEARTBEAT {datanodeUUID=34c5bf21-796a-477d-8f73-056dd6ef4f82, command=[]} | ret=SUCCESS |  
2019-08-30 07:42:13,316 | INFO  | SCMAudit | user=jenkins1000 | ip=192.168.34.43 | op=SEND_HEARTBEAT {datanodeUUID=dc0e8eda-8843-49e8-9024-f7c59bdcd9bc, command=[]} | ret=SUCCESS |  
2019-08-30 07:42:13,316 | INFO  | SCMAudit | user=jenkins1000 | ip=192.168.34.43 | op=SEND_HEARTBEAT {datanodeUUID=9570f0ce-31bf-44b3-921f-a36f22efea54, command=[]} | ret=SUCCESS |  
2019-08-30 07:42:13,511 | INFO  | SCMAudit | user=jenkins1000 | ip=192.168.34.43 | op=SEND_HEARTBEAT {datanodeUUID=9e64560e-57c0-404b-a5e3-eb70c00d39cc, command=[]} | ret=SUCCESS |  
2019-08-30 07:42:13,790 | INFO  | SCMAudit | user=jenkins1000 | ip=192.168.34.43 | op=SEND_HEARTBEAT {datanodeUUID=722c9a0b-3ca8-46f2-9cba-02fdf2a68848, command=[]} | ret=SUCCESS |  
2019-08-30 07:42:14,114 | INFO  | SCMAudit | user=jenkins1000 | ip=192.168.34.43 | op=SEND_HEARTBEAT {datanodeUUID=3bf132e1-02b6-4168-801a-3d7ce793c0d9, command=[]} | ret=SUCCESS |  
2019-08-30 07:42:14,275 | INFO  | SCMAudit | user=jenkins1000 | ip=192.168.34.43 | op=SEND_HEARTBEAT {datanodeUUID=dcd35ce2-5653-4064-9aff-c1a2cac3fe1c, command=[]} | ret=SUCCESS |  
2019-08-30 07:42:14,316 | INFO  | SCMAudit | user=jenkins1000 | ip=192.168.34.43 | op=SEND_HEARTBEAT {datanodeUUID=34c5bf21-796a-477d-8f73-056dd6ef4f82, command=[]} | ret=SUCCESS |  
2019-08-30 07:42:14,316 | INFO  | SCMAudit | user=jenkins1000 | ip=192.168.34.43 | op=SEND_HEARTBEAT {datanodeUUID=dc0e8eda-8843-49e8-9024-f7c59bdcd9bc, command=[]} | ret=SUCCESS |  
2019-08-30 07:42:14,316 | INFO  | SCMAudit | user=jenkins1000 | ip=192.168.34.43 | op=SEND_HEARTBEAT {datanodeUUID=9570f0ce-31bf-44b3-921f-a36f22efea54, command=[]} | ret=SUCCESS |  
2019-08-30 07:42:14,511 | INFO  | SCMAudit | user=jenkins1000 | ip=192.168.34.43 | op=SEND_HEARTBEAT {datanodeUUID=9e64560e-57c0-404b-a5e3-eb70c00d39cc, command=[]} | ret=SUCCESS |  
2019-08-30 07:42:14,790 | INFO  | SCMAudit | user=jenkins1000 | ip=192.168.34.43 | op=SEND_HEARTBEAT {datanodeUUID=722c9a0b-3ca8-46f2-9cba-02fdf2a68848, command=[]} | ret=SUCCESS |  
2019-08-30 07:42:15,115 | INFO  | SCMAudit | user=jenkins1000 | ip=192.168.34.43 | op=SEND_HEARTBEAT {datanodeUUID=3bf132e1-02b6-4168-801a-3d7ce793c0d9, command=[]} | ret=SUCCESS |  
2019-08-30 07:42:15,275 | INFO  | SCMAudit | user=jenkins1000 | ip=192.168.34.43 | op=SEND_HEARTBEAT {datanodeUUID=dcd35ce2-5653-4064-9aff-c1a2cac3fe1c, command=[]} | ret=SUCCESS |  
2019-08-30 07:42:15,316 | INFO  | SCMAudit | user=jenkins1000 | ip=192.168.34.43 | op=SEND_HEARTBEAT {datanodeUUID=dc0e8eda-8843-49e8-9024-f7c59bdcd9bc, command=[]} | ret=SUCCESS |  
2019-08-30 07:42:15,316 | INFO  | SCMAudit | user=jenkins1000 | ip=192.168.34.43 | op=SEND_HEARTBEAT {datanodeUUID=34c5bf21-796a-477d-8f73-056dd6ef4f82, command=[]} | ret=SUCCESS |  
2019-08-30 07:42:15,316 | INFO  | SCMAudit | user=jenkins1000 | ip=192.168.34.43 | op=SEND_HEARTBEAT {datanodeUUID=9570f0ce-31bf-44b3-921f-a36f22efea54, command=[]} | ret=SUCCESS |  
2019-08-30 07:42:15,512 | INFO  | SCMAudit | user=jenkins1000 | ip=192.168.34.43 | op=SEND_HEARTBEAT {datanodeUUID=9e64560e-57c0-404b-a5e3-eb70c00d39cc, command=[]} | ret=SUCCESS |  
2019-08-30 07:42:15,614 [grpc-default-executor-3] INFO  client.GrpcClientProtocolClient (GrpcClientProtocolClient.java:onNext(255)) - client-8ACC3CA93160->9570f0ce-31bf-44b3-921f-a36f22efea54: receive RaftClientReply:client-8ACC3CA93160->9570f0ce-31bf-44b3-921f-a36f22efea54@group-CB9C606E82CE, cid=45, FAILED org.apache.ratis.protocol.NotLeaderException: Server 9570f0ce-31bf-44b3-921f-a36f22efea54 is not the leader (dcd35ce2-5653-4064-9aff-c1a2cac3fe1c:192.168.34.43:41594). Request must be sent to leader., logIndex=0, commits[9570f0ce-31bf-44b3-921f-a36f22efea54:c8, dc0e8eda-8843-49e8-9024-f7c59bdcd9bc:c8, dcd35ce2-5653-4064-9aff-c1a2cac3fe1c:c8]
2019-08-30 07:42:15,790 | INFO  | SCMAudit | user=jenkins1000 | ip=192.168.34.43 | op=SEND_HEARTBEAT {datanodeUUID=722c9a0b-3ca8-46f2-9cba-02fdf2a68848, command=[]} | ret=SUCCESS |  
2019-08-30 07:42:16,115 | INFO  | SCMAudit | user=jenkins1000 | ip=192.168.34.43 | op=SEND_HEARTBEAT {datanodeUUID=3bf132e1-02b6-4168-801a-3d7ce793c0d9, command=[]} | ret=SUCCESS |  
2019-08-30 07:42:16,274 | INFO  | SCMAudit | user=jenkins1000 | ip=192.168.34.43 | op=SEND_HEARTBEAT {datanodeUUID=dcd35ce2-5653-4064-9aff-c1a2cac3fe1c, command=[]} | ret=SUCCESS |  
2019-08-30 07:42:16,316 | INFO  | SCMAudit | user=jenkins1000 | ip=192.168.34.43 | op=SEND_HEARTBEAT {datanodeUUID=34c5bf21-796a-477d-8f73-056dd6ef4f82, command=[]} | ret=SUCCESS |  
2019-08-30 07:42:16,316 | INFO  | SCMAudit | user=jenkins1000 | ip=192.168.34.43 | op=SEND_HEARTBEAT {datanodeUUID=dc0e8eda-8843-49e8-9024-f7c59bdcd9bc, command=[]} | ret=SUCCESS |  
2019-08-30 07:42:16,316 | INFO  | SCMAudit | user=jenkins1000 | ip=192.168.34.43 | op=SEND_HEARTBEAT {datanodeUUID=9570f0ce-31bf-44b3-921f-a36f22efea54, command=[]} | ret=SUCCESS |  
2019-08-30 07:42:16,512 | INFO  | SCMAudit | user=jenkins1000 | ip=192.168.34.43 | op=SEND_HEARTBEAT {datanodeUUID=9e64560e-57c0-404b-a5e3-eb70c00d39cc, command=[]} | ret=SUCCESS |  
2019-08-30 07:42:16,791 | INFO  | SCMAudit | user=jenkins1000 | ip=192.168.34.43 | op=SEND_HEARTBEAT {datanodeUUID=722c9a0b-3ca8-46f2-9cba-02fdf2a68848, command=[]} | ret=SUCCESS |  
2019-08-30 07:42:17,115 | INFO  | SCMAudit | user=jenkins1000 | ip=192.168.34.43 | op=SEND_HEARTBEAT {datanodeUUID=3bf132e1-02b6-4168-801a-3d7ce793c0d9, command=[]} | ret=SUCCESS |  
2019-08-30 07:42:17,274 | INFO  | SCMAudit | user=jenkins1000 | ip=192.168.34.43 | op=SEND_HEARTBEAT {datanodeUUID=dcd35ce2-5653-4064-9aff-c1a2cac3fe1c, command=[]} | ret=SUCCESS |  
2019-08-30 07:42:17,317 | INFO  | SCMAudit | user=jenkins1000 | ip=192.168.34.43 | op=SEND_HEARTBEAT {datanodeUUID=dc0e8eda-8843-49e8-9024-f7c59bdcd9bc, command=[]} | ret=SUCCESS |  
2019-08-30 07:42:17,317 | INFO  | SCMAudit | user=jenkins1000 | ip=192.168.34.43 | op=SEND_HEARTBEAT {datanodeUUID=34c5bf21-796a-477d-8f73-056dd6ef4f82, command=[]} | ret=SUCCESS |  
2019-08-30 07:42:17,317 | INFO  | SCMAudit | user=jenkins1000 | ip=192.168.34.43 | op=SEND_HEARTBEAT {datanodeUUID=9570f0ce-31bf-44b3-921f-a36f22efea54, command=[]} | ret=SUCCESS |  
2019-08-30 07:42:17,512 | INFO  | SCMAudit | user=jenkins1000 | ip=192.168.34.43 | op=SEND_HEARTBEAT {datanodeUUID=9e64560e-57c0-404b-a5e3-eb70c00d39cc, command=[]} | ret=SUCCESS |  
2019-08-30 07:42:17,791 | INFO  | SCMAudit | user=jenkins1000 | ip=192.168.34.43 | op=SEND_HEARTBEAT {datanodeUUID=722c9a0b-3ca8-46f2-9cba-02fdf2a68848, command=[]} | ret=SUCCESS |  
2019-08-30 07:42:18,115 | INFO  | SCMAudit | user=jenkins1000 | ip=192.168.34.43 | op=SEND_HEARTBEAT {datanodeUUID=3bf132e1-02b6-4168-801a-3d7ce793c0d9, command=[]} | ret=SUCCESS |  
2019-08-30 07:42:18,274 | INFO  | SCMAudit | user=jenkins1000 | ip=192.168.34.43 | op=SEND_HEARTBEAT {datanodeUUID=dcd35ce2-5653-4064-9aff-c1a2cac3fe1c, command=[]} | ret=SUCCESS |  
2019-08-30 07:42:18,317 | INFO  | SCMAudit | user=jenkins1000 | ip=192.168.34.43 | op=SEND_HEARTBEAT {datanodeUUID=dc0e8eda-8843-49e8-9024-f7c59bdcd9bc, command=[]} | ret=SUCCESS |  
2019-08-30 07:42:18,317 | INFO  | SCMAudit | user=jenkins1000 | ip=192.168.34.43 | op=SEND_HEARTBEAT {datanodeUUID=9570f0ce-31bf-44b3-921f-a36f22efea54, command=[]} | ret=SUCCESS |  
2019-08-30 07:42:18,317 | INFO  | SCMAudit | user=jenkins1000 | ip=192.168.34.43 | op=SEND_HEARTBEAT {datanodeUUID=34c5bf21-796a-477d-8f73-056dd6ef4f82, command=[]} | ret=SUCCESS |  
2019-08-30 07:42:18,513 | INFO  | SCMAudit | user=jenkins1000 | ip=192.168.34.43 | op=SEND_HEARTBEAT {datanodeUUID=9e64560e-57c0-404b-a5e3-eb70c00d39cc, command=[]} | ret=SUCCESS |  
2019-08-30 07:42:18,791 | INFO  | SCMAudit | user=jenkins1000 | ip=192.168.34.43 | op=SEND_HEARTBEAT {datanodeUUID=722c9a0b-3ca8-46f2-9cba-02fdf2a68848, command=[]} | ret=SUCCESS |  
2019-08-30 07:42:19,115 | INFO  | SCMAudit | user=jenkins1000 | ip=192.168.34.43 | op=SEND_HEARTBEAT {datanodeUUID=3bf132e1-02b6-4168-801a-3d7ce793c0d9, command=[]} | ret=SUCCESS |  
2019-08-30 07:42:19,274 | INFO  | SCMAudit | user=jenkins1000 | ip=192.168.34.43 | op=SEND_HEARTBEAT {datanodeUUID=dcd35ce2-5653-4064-9aff-c1a2cac3fe1c, command=[]} | ret=SUCCESS |  
2019-08-30 07:42:19,317 | INFO  | SCMAudit | user=jenkins1000 | ip=192.168.34.43 | op=SEND_HEARTBEAT {datanodeUUID=34c5bf21-796a-477d-8f73-056dd6ef4f82, command=[]} | ret=SUCCESS |  
2019-08-30 07:42:19,318 | INFO  | SCMAudit | user=jenkins1000 | ip=192.168.34.43 | op=SEND_HEARTBEAT {datanodeUUID=9570f0ce-31bf-44b3-921f-a36f22efea54, command=[]} | ret=SUCCESS |  
2019-08-30 07:42:19,318 | INFO  | SCMAudit | user=jenkins1000 | ip=192.168.34.43 | op=SEND_HEARTBEAT {datanodeUUID=dc0e8eda-8843-49e8-9024-f7c59bdcd9bc, command=[]} | ret=SUCCESS |  
2019-08-30 07:42:19,513 | INFO  | SCMAudit | user=jenkins1000 | ip=192.168.34.43 | op=SEND_HEARTBEAT {datanodeUUID=9e64560e-57c0-404b-a5e3-eb70c00d39cc, command=[]} | ret=SUCCESS |  
2019-08-30 07:42:19,791 | INFO  | SCMAudit | user=jenkins1000 | ip=192.168.34.43 | op=SEND_HEARTBEAT {datanodeUUID=722c9a0b-3ca8-46f2-9cba-02fdf2a68848, command=[]} | ret=SUCCESS |  
2019-08-30 07:42:20,116 | INFO  | SCMAudit | user=jenkins1000 | ip=192.168.34.43 | op=SEND_HEARTBEAT {datanodeUUID=3bf132e1-02b6-4168-801a-3d7ce793c0d9, command=[]} | ret=SUCCESS |  
2019-08-30 07:42:20,274 | INFO  | SCMAudit | user=jenkins1000 | ip=192.168.34.43 | op=SEND_HEARTBEAT {datanodeUUID=dcd35ce2-5653-4064-9aff-c1a2cac3fe1c, command=[]} | ret=SUCCESS |  
2019-08-30 07:42:20,317 | INFO  | SCMAudit | user=jenkins1000 | ip=192.168.34.43 | op=SEND_HEARTBEAT {datanodeUUID=34c5bf21-796a-477d-8f73-056dd6ef4f82, command=[]} | ret=SUCCESS |  
2019-08-30 07:42:20,318 | INFO  | SCMAudit | user=jenkins1000 | ip=192.168.34.43 | op=SEND_HEARTBEAT {datanodeUUID=dc0e8eda-8843-49e8-9024-f7c59bdcd9bc, command=[]} | ret=SUCCESS |  
2019-08-30 07:42:20,319 | INFO  | SCMAudit | user=jenkins1000 | ip=192.168.34.43 | op=SEND_HEARTBEAT {datanodeUUID=9570f0ce-31bf-44b3-921f-a36f22efea54, command=[]} | ret=SUCCESS |  
2019-08-30 07:42:20,513 | INFO  | SCMAudit | user=jenkins1000 | ip=192.168.34.43 | op=SEND_HEARTBEAT {datanodeUUID=9e64560e-57c0-404b-a5e3-eb70c00d39cc, command=[]} | ret=SUCCESS |  
2019-08-30 07:42:20,663 [grpc-default-executor-1] INFO  client.GrpcClientProtocolClient (GrpcClientProtocolClient.java:onNext(255)) - client-8ACC3CA93160->dc0e8eda-8843-49e8-9024-f7c59bdcd9bc: receive RaftClientReply:client-8ACC3CA93160->dc0e8eda-8843-49e8-9024-f7c59bdcd9bc@group-CB9C606E82CE, cid=45, FAILED org.apache.ratis.protocol.NotLeaderException: Server dc0e8eda-8843-49e8-9024-f7c59bdcd9bc is not the leader (dcd35ce2-5653-4064-9aff-c1a2cac3fe1c:192.168.34.43:41594). Request must be sent to leader., logIndex=0, commits[dc0e8eda-8843-49e8-9024-f7c59bdcd9bc:c8, dcd35ce2-5653-4064-9aff-c1a2cac3fe1c:c8, 9570f0ce-31bf-44b3-921f-a36f22efea54:c8]
2019-08-30 07:42:20,791 | INFO  | SCMAudit | user=jenkins1000 | ip=192.168.34.43 | op=SEND_HEARTBEAT {datanodeUUID=722c9a0b-3ca8-46f2-9cba-02fdf2a68848, command=[]} | ret=SUCCESS |  
2019-08-30 07:42:21,116 | INFO  | SCMAudit | user=jenkins1000 | ip=192.168.34.43 | op=SEND_HEARTBEAT {datanodeUUID=3bf132e1-02b6-4168-801a-3d7ce793c0d9, command=[]} | ret=SUCCESS |  
2019-08-30 07:42:21,275 | INFO  | SCMAudit | user=jenkins1000 | ip=192.168.34.43 | op=SEND_HEARTBEAT {datanodeUUID=dcd35ce2-5653-4064-9aff-c1a2cac3fe1c, command=[]} | ret=SUCCESS |  
2019-08-30 07:42:21,317 | INFO  | SCMAudit | user=jenkins1000 | ip=192.168.34.43 | op=SEND_HEARTBEAT {datanodeUUID=34c5bf21-796a-477d-8f73-056dd6ef4f82, command=[]} | ret=SUCCESS |  
2019-08-30 07:42:21,317 | INFO  | SCMAudit | user=jenkins1000 | ip=192.168.34.43 | op=SEND_HEARTBEAT {datanodeUUID=dc0e8eda-8843-49e8-9024-f7c59bdcd9bc, command=[]} | ret=SUCCESS |  
2019-08-30 07:42:21,318 | INFO  | SCMAudit | user=jenkins1000 | ip=192.168.34.43 | op=SEND_HEARTBEAT {datanodeUUID=9570f0ce-31bf-44b3-921f-a36f22efea54, command=[]} | ret=SUCCESS |  
2019-08-30 07:42:21,513 | INFO  | SCMAudit | user=jenkins1000 | ip=192.168.34.43 | op=SEND_HEARTBEAT {datanodeUUID=9e64560e-57c0-404b-a5e3-eb70c00d39cc, command=[]} | ret=SUCCESS |  
2019-08-30 07:42:21,792 | INFO  | SCMAudit | user=jenkins1000 | ip=192.168.34.43 | op=SEND_HEARTBEAT {datanodeUUID=722c9a0b-3ca8-46f2-9cba-02fdf2a68848, command=[]} | ret=SUCCESS |  
2019-08-30 07:42:22,116 | INFO  | SCMAudit | user=jenkins1000 | ip=192.168.34.43 | op=SEND_HEARTBEAT {datanodeUUID=3bf132e1-02b6-4168-801a-3d7ce793c0d9, command=[]} | ret=SUCCESS |  
2019-08-30 07:42:22,275 | INFO  | SCMAudit | user=jenkins1000 | ip=192.168.34.43 | op=SEND_HEARTBEAT {datanodeUUID=dcd35ce2-5653-4064-9aff-c1a2cac3fe1c, command=[]} | ret=SUCCESS |  
2019-08-30 07:42:22,317 | INFO  | SCMAudit | user=jenkins1000 | ip=192.168.34.43 | op=SEND_HEARTBEAT {datanodeUUID=dc0e8eda-8843-49e8-9024-f7c59bdcd9bc, command=[]} | ret=SUCCESS |  
2019-08-30 07:42:22,317 | INFO  | SCMAudit | user=jenkins1000 | ip=192.168.34.43 | op=SEND_HEARTBEAT {datanodeUUID=34c5bf21-796a-477d-8f73-056dd6ef4f82, command=[]} | ret=SUCCESS |  
2019-08-30 07:42:22,318 | INFO  | SCMAudit | user=jenkins1000 | ip=192.168.34.43 | op=SEND_HEARTBEAT {datanodeUUID=9570f0ce-31bf-44b3-921f-a36f22efea54, command=[]} | ret=SUCCESS |  
2019-08-30 07:42:22,513 | INFO  | SCMAudit | user=jenkins1000 | ip=192.168.34.43 | op=SEND_HEARTBEAT {datanodeUUID=9e64560e-57c0-404b-a5e3-eb70c00d39cc, command=[]} | ret=SUCCESS |  
2019-08-30 07:42:22,792 | INFO  | SCMAudit | user=jenkins1000 | ip=192.168.34.43 | op=SEND_HEARTBEAT {datanodeUUID=722c9a0b-3ca8-46f2-9cba-02fdf2a68848, command=[]} | ret=SUCCESS |  
2019-08-30 07:42:23,117 | INFO  | SCMAudit | user=jenkins1000 | ip=192.168.34.43 | op=SEND_HEARTBEAT {datanodeUUID=3bf132e1-02b6-4168-801a-3d7ce793c0d9, command=[]} | ret=SUCCESS |  
2019-08-30 07:42:23,274 | INFO  | SCMAudit | user=jenkins1000 | ip=192.168.34.43 | op=SEND_HEARTBEAT {datanodeUUID=dcd35ce2-5653-4064-9aff-c1a2cac3fe1c, command=[]} | ret=SUCCESS |  
2019-08-30 07:42:23,317 | INFO  | SCMAudit | user=jenkins1000 | ip=192.168.34.43 | op=SEND_HEARTBEAT {datanodeUUID=dc0e8eda-8843-49e8-9024-f7c59bdcd9bc, command=[]} | ret=SUCCESS |  
2019-08-30 07:42:23,317 | INFO  | SCMAudit | user=jenkins1000 | ip=192.168.34.43 | op=SEND_HEARTBEAT {datanodeUUID=34c5bf21-796a-477d-8f73-056dd6ef4f82, command=[]} | ret=SUCCESS |  
2019-08-30 07:42:23,318 | INFO  | SCMAudit | user=jenkins1000 | ip=192.168.34.43 | op=SEND_HEARTBEAT {datanodeUUID=9570f0ce-31bf-44b3-921f-a36f22efea54, command=[]} | ret=SUCCESS |  
2019-08-30 07:42:23,513 | INFO  | SCMAudit | user=jenkins1000 | ip=192.168.34.43 | op=SEND_HEARTBEAT {datanodeUUID=9e64560e-57c0-404b-a5e3-eb70c00d39cc, command=[]} | ret=SUCCESS |  
2019-08-30 07:42:23,792 | INFO  | SCMAudit | user=jenkins1000 | ip=192.168.34.43 | op=SEND_HEARTBEAT {datanodeUUID=722c9a0b-3ca8-46f2-9cba-02fdf2a68848, command=[]} | ret=SUCCESS |  
2019-08-30 07:42:24,116 | INFO  | SCMAudit | user=jenkins1000 | ip=192.168.34.43 | op=SEND_HEARTBEAT {datanodeUUID=3bf132e1-02b6-4168-801a-3d7ce793c0d9, command=[]} | ret=SUCCESS |  
2019-08-30 07:42:24,274 | INFO  | SCMAudit | user=jenkins1000 | ip=192.168.34.43 | op=SEND_HEARTBEAT {datanodeUUID=dcd35ce2-5653-4064-9aff-c1a2cac3fe1c, command=[]} | ret=SUCCESS |  
2019-08-30 07:42:24,317 | INFO  | SCMAudit | user=jenkins1000 | ip=192.168.34.43 | op=SEND_HEARTBEAT {datanodeUUID=34c5bf21-796a-477d-8f73-056dd6ef4f82, command=[]} | ret=SUCCESS |  
2019-08-30 07:42:24,317 | INFO  | SCMAudit | user=jenkins1000 | ip=192.168.34.43 | op=SEND_HEARTBEAT {datanodeUUID=dc0e8eda-8843-49e8-9024-f7c59bdcd9bc, command=[]} | ret=SUCCESS |  
2019-08-30 07:42:24,318 | INFO  | SCMAudit | user=jenkins1000 | ip=192.168.34.43 | op=SEND_HEARTBEAT {datanodeUUID=9570f0ce-31bf-44b3-921f-a36f22efea54, command=[]} | ret=SUCCESS |  
2019-08-30 07:42:24,513 | INFO  | SCMAudit | user=jenkins1000 | ip=192.168.34.43 | op=SEND_HEARTBEAT {datanodeUUID=9e64560e-57c0-404b-a5e3-eb70c00d39cc, command=[]} | ret=SUCCESS |  
2019-08-30 07:42:24,792 | INFO  | SCMAudit | user=jenkins1000 | ip=192.168.34.43 | op=SEND_HEARTBEAT {datanodeUUID=722c9a0b-3ca8-46f2-9cba-02fdf2a68848, command=[]} | ret=SUCCESS |  
2019-08-30 07:42:25,117 | INFO  | SCMAudit | user=jenkins1000 | ip=192.168.34.43 | op=SEND_HEARTBEAT {datanodeUUID=3bf132e1-02b6-4168-801a-3d7ce793c0d9, command=[]} | ret=SUCCESS |  
2019-08-30 07:42:25,275 | INFO  | SCMAudit | user=jenkins1000 | ip=192.168.34.43 | op=SEND_HEARTBEAT {datanodeUUID=dcd35ce2-5653-4064-9aff-c1a2cac3fe1c, command=[]} | ret=SUCCESS |  
2019-08-30 07:42:25,317 | INFO  | SCMAudit | user=jenkins1000 | ip=192.168.34.43 | op=SEND_HEARTBEAT {datanodeUUID=34c5bf21-796a-477d-8f73-056dd6ef4f82, command=[]} | ret=SUCCESS |  
2019-08-30 07:42:25,317 | INFO  | SCMAudit | user=jenkins1000 | ip=192.168.34.43 | op=SEND_HEARTBEAT {datanodeUUID=dc0e8eda-8843-49e8-9024-f7c59bdcd9bc, command=[]} | ret=SUCCESS |  
2019-08-30 07:42:25,318 | INFO  | SCMAudit | user=jenkins1000 | ip=192.168.34.43 | op=SEND_HEARTBEAT {datanodeUUID=9570f0ce-31bf-44b3-921f-a36f22efea54, command=[]} | ret=SUCCESS |  
2019-08-30 07:42:25,514 | INFO  | SCMAudit | user=jenkins1000 | ip=192.168.34.43 | op=SEND_HEARTBEAT {datanodeUUID=9e64560e-57c0-404b-a5e3-eb70c00d39cc, command=[]} | ret=SUCCESS |  
2019-08-30 07:42:25,713 [grpc-default-executor-1] INFO  client.GrpcClientProtocolClient (GrpcClientProtocolClient.java:onNext(255)) - client-8ACC3CA93160->9570f0ce-31bf-44b3-921f-a36f22efea54: receive RaftClientReply:client-8ACC3CA93160->9570f0ce-31bf-44b3-921f-a36f22efea54@group-CB9C606E82CE, cid=45, FAILED org.apache.ratis.protocol.NotLeaderException: Server 9570f0ce-31bf-44b3-921f-a36f22efea54 is not the leader (dcd35ce2-5653-4064-9aff-c1a2cac3fe1c:192.168.34.43:41594). Request must be sent to leader., logIndex=0, commits[9570f0ce-31bf-44b3-921f-a36f22efea54:c8, dc0e8eda-8843-49e8-9024-f7c59bdcd9bc:c8, dcd35ce2-5653-4064-9aff-c1a2cac3fe1c:c8]
2019-08-30 07:42:25,792 | INFO  | SCMAudit | user=jenkins1000 | ip=192.168.34.43 | op=SEND_HEARTBEAT {datanodeUUID=722c9a0b-3ca8-46f2-9cba-02fdf2a68848, command=[]} | ret=SUCCESS |  
2019-08-30 07:42:26,116 | INFO  | SCMAudit | user=jenkins1000 | ip=192.168.34.43 | op=SEND_HEARTBEAT {datanodeUUID=3bf132e1-02b6-4168-801a-3d7ce793c0d9, command=[]} | ret=SUCCESS |  
2019-08-30 07:42:26,275 | INFO  | SCMAudit | user=jenkins1000 | ip=192.168.34.43 | op=SEND_HEARTBEAT {datanodeUUID=dcd35ce2-5653-4064-9aff-c1a2cac3fe1c, command=[]} | ret=SUCCESS |  
2019-08-30 07:42:26,317 | INFO  | SCMAudit | user=jenkins1000 | ip=192.168.34.43 | op=SEND_HEARTBEAT {datanodeUUID=34c5bf21-796a-477d-8f73-056dd6ef4f82, command=[]} | ret=SUCCESS |  
2019-08-30 07:42:26,317 | INFO  | SCMAudit | user=jenkins1000 | ip=192.168.34.43 | op=SEND_HEARTBEAT {datanodeUUID=dc0e8eda-8843-49e8-9024-f7c59bdcd9bc, command=[]} | ret=SUCCESS |  
2019-08-30 07:42:26,318 | INFO  | SCMAudit | user=jenkins1000 | ip=192.168.34.43 | op=SEND_HEARTBEAT {datanodeUUID=9570f0ce-31bf-44b3-921f-a36f22efea54, command=[]} | ret=SUCCESS |  
2019-08-30 07:42:26,514 | INFO  | SCMAudit | user=jenkins1000 | ip=192.168.34.43 | op=SEND_HEARTBEAT {datanodeUUID=9e64560e-57c0-404b-a5e3-eb70c00d39cc, command=[]} | ret=SUCCESS |  
2019-08-30 07:42:26,793 | INFO  | SCMAudit | user=jenkins1000 | ip=192.168.34.43 | op=SEND_HEARTBEAT {datanodeUUID=722c9a0b-3ca8-46f2-9cba-02fdf2a68848, command=[]} | ret=SUCCESS |  
2019-08-30 07:42:27,117 | INFO  | SCMAudit | user=jenkins1000 | ip=192.168.34.43 | op=SEND_HEARTBEAT {datanodeUUID=3bf132e1-02b6-4168-801a-3d7ce793c0d9, command=[]} | ret=SUCCESS |  
2019-08-30 07:42:27,275 | INFO  | SCMAudit | user=jenkins1000 | ip=192.168.34.43 | op=SEND_HEARTBEAT {datanodeUUID=dcd35ce2-5653-4064-9aff-c1a2cac3fe1c, command=[]} | ret=SUCCESS |  
2019-08-30 07:42:27,317 | INFO  | SCMAudit | user=jenkins1000 | ip=192.168.34.43 | op=SEND_HEARTBEAT {datanodeUUID=34c5bf21-796a-477d-8f73-056dd6ef4f82, command=[]} | ret=SUCCESS |  
2019-08-30 07:42:27,318 | INFO  | SCMAudit | user=jenkins1000 | ip=192.168.34.43 | op=SEND_HEARTBEAT {datanodeUUID=dc0e8eda-8843-49e8-9024-f7c59bdcd9bc, command=[]} | ret=SUCCESS |  
2019-08-30 07:42:27,318 | INFO  | SCMAudit | user=jenkins1000 | ip=192.168.34.43 | op=SEND_HEARTBEAT {datanodeUUID=9570f0ce-31bf-44b3-921f-a36f22efea54, command=[]} | ret=SUCCESS |  
2019-08-30 07:42:27,514 | INFO  | SCMAudit | user=jenkins1000 | ip=192.168.34.43 | op=SEND_HEARTBEAT {datanodeUUID=9e64560e-57c0-404b-a5e3-eb70c00d39cc, command=[]} | ret=SUCCESS |  
2019-08-30 07:42:27,793 | INFO  | SCMAudit | user=jenkins1000 | ip=192.168.34.43 | op=SEND_HEARTBEAT {datanodeUUID=722c9a0b-3ca8-46f2-9cba-02fdf2a68848, command=[]} | ret=SUCCESS |  
2019-08-30 07:42:28,116 | INFO  | SCMAudit | user=jenkins1000 | ip=192.168.34.43 | op=SEND_HEARTBEAT {datanodeUUID=3bf132e1-02b6-4168-801a-3d7ce793c0d9, command=[]} | ret=SUCCESS |  
2019-08-30 07:42:28,276 | INFO  | SCMAudit | user=jenkins1000 | ip=192.168.34.43 | op=SEND_HEARTBEAT {datanodeUUID=dcd35ce2-5653-4064-9aff-c1a2cac3fe1c, command=[]} | ret=SUCCESS |  
2019-08-30 07:42:28,318 | INFO  | SCMAudit | user=jenkins1000 | ip=192.168.34.43 | op=SEND_HEARTBEAT {datanodeUUID=dc0e8eda-8843-49e8-9024-f7c59bdcd9bc, command=[]} | ret=SUCCESS |  
2019-08-30 07:42:28,318 | INFO  | SCMAudit | user=jenkins1000 | ip=192.168.34.43 | op=SEND_HEARTBEAT {datanodeUUID=34c5bf21-796a-477d-8f73-056dd6ef4f82, command=[]} | ret=SUCCESS |  
2019-08-30 07:42:28,319 | INFO  | SCMAudit | user=jenkins1000 | ip=192.168.34.43 | op=SEND_HEARTBEAT {datanodeUUID=9570f0ce-31bf-44b3-921f-a36f22efea54, command=[]} | ret=SUCCESS |  
2019-08-30 07:42:28,514 | INFO  | SCMAudit | user=jenkins1000 | ip=192.168.34.43 | op=SEND_HEARTBEAT {datanodeUUID=9e64560e-57c0-404b-a5e3-eb70c00d39cc, command=[]} | ret=SUCCESS |  
2019-08-30 07:42:28,793 | INFO  | SCMAudit | user=jenkins1000 | ip=192.168.34.43 | op=SEND_HEARTBEAT {datanodeUUID=722c9a0b-3ca8-46f2-9cba-02fdf2a68848, command=[]} | ret=SUCCESS |  
2019-08-30 07:42:29,117 | INFO  | SCMAudit | user=jenkins1000 | ip=192.168.34.43 | op=SEND_HEARTBEAT {datanodeUUID=3bf132e1-02b6-4168-801a-3d7ce793c0d9, command=[]} | ret=SUCCESS |  
2019-08-30 07:42:29,275 | INFO  | SCMAudit | user=jenkins1000 | ip=192.168.34.43 | op=SEND_HEARTBEAT {datanodeUUID=dcd35ce2-5653-4064-9aff-c1a2cac3fe1c, command=[]} | ret=SUCCESS |  
2019-08-30 07:42:29,318 | INFO  | SCMAudit | user=jenkins1000 | ip=192.168.34.43 | op=SEND_HEARTBEAT {datanodeUUID=dc0e8eda-8843-49e8-9024-f7c59bdcd9bc, command=[]} | ret=SUCCESS |  
2019-08-30 07:42:29,318 | INFO  | SCMAudit | user=jenkins1000 | ip=192.168.34.43 | op=SEND_HEARTBEAT {datanodeUUID=34c5bf21-796a-477d-8f73-056dd6ef4f82, command=[]} | ret=SUCCESS |  
2019-08-30 07:42:29,320 | INFO  | SCMAudit | user=jenkins1000 | ip=192.168.34.43 | op=SEND_HEARTBEAT {datanodeUUID=9570f0ce-31bf-44b3-921f-a36f22efea54, command=[]} | ret=SUCCESS |  
2019-08-30 07:42:29,514 | INFO  | SCMAudit | user=jenkins1000 | ip=192.168.34.43 | op=SEND_HEARTBEAT {datanodeUUID=9e64560e-57c0-404b-a5e3-eb70c00d39cc, command=[]} | ret=SUCCESS |  
2019-08-30 07:42:29,793 | INFO  | SCMAudit | user=jenkins1000 | ip=192.168.34.43 | op=SEND_HEARTBEAT {datanodeUUID=722c9a0b-3ca8-46f2-9cba-02fdf2a68848, command=[]} | ret=SUCCESS |  
2019-08-30 07:42:30,116 | INFO  | SCMAudit | user=jenkins1000 | ip=192.168.34.43 | op=SEND_HEARTBEAT {datanodeUUID=3bf132e1-02b6-4168-801a-3d7ce793c0d9, command=[]} | ret=SUCCESS |  
2019-08-30 07:42:30,276 | INFO  | SCMAudit | user=jenkins1000 | ip=192.168.34.43 | op=SEND_HEARTBEAT {datanodeUUID=dcd35ce2-5653-4064-9aff-c1a2cac3fe1c, command=[]} | ret=SUCCESS |  
2019-08-30 07:42:30,317 | INFO  | SCMAudit | user=jenkins1000 | ip=192.168.34.43 | op=SEND_HEARTBEAT {datanodeUUID=34c5bf21-796a-477d-8f73-056dd6ef4f82, command=[]} | ret=SUCCESS |  
2019-08-30 07:42:30,317 | INFO  | SCMAudit | user=jenkins1000 | ip=192.168.34.43 | op=SEND_HEARTBEAT {datanodeUUID=dc0e8eda-8843-49e8-9024-f7c59bdcd9bc, command=[]} | ret=SUCCESS |  
2019-08-30 07:42:30,320 | INFO  | SCMAudit | user=jenkins1000 | ip=192.168.34.43 | op=SEND_HEARTBEAT {datanodeUUID=9570f0ce-31bf-44b3-921f-a36f22efea54, command=[]} | ret=SUCCESS |  
2019-08-30 07:42:30,514 | INFO  | SCMAudit | user=jenkins1000 | ip=192.168.34.43 | op=SEND_HEARTBEAT {datanodeUUID=9e64560e-57c0-404b-a5e3-eb70c00d39cc, command=[]} | ret=SUCCESS |  
2019-08-30 07:42:30,750 [grpc-default-executor-3] INFO  client.GrpcClientProtocolClient (GrpcClientProtocolClient.java:onNext(255)) - client-8ACC3CA93160->9570f0ce-31bf-44b3-921f-a36f22efea54: receive RaftClientReply:client-8ACC3CA93160->9570f0ce-31bf-44b3-921f-a36f22efea54@group-CB9C606E82CE, cid=45, FAILED org.apache.ratis.protocol.NotLeaderException: Server 9570f0ce-31bf-44b3-921f-a36f22efea54 is not the leader (dcd35ce2-5653-4064-9aff-c1a2cac3fe1c:192.168.34.43:41594). Request must be sent to leader., logIndex=0, commits[9570f0ce-31bf-44b3-921f-a36f22efea54:c8, dc0e8eda-8843-49e8-9024-f7c59bdcd9bc:c8, dcd35ce2-5653-4064-9aff-c1a2cac3fe1c:c8]
2019-08-30 07:42:30,793 | INFO  | SCMAudit | user=jenkins1000 | ip=192.168.34.43 | op=SEND_HEARTBEAT {datanodeUUID=722c9a0b-3ca8-46f2-9cba-02fdf2a68848, command=[]} | ret=SUCCESS |  
2019-08-30 07:42:31,117 | INFO  | SCMAudit | user=jenkins1000 | ip=192.168.34.43 | op=SEND_HEARTBEAT {datanodeUUID=3bf132e1-02b6-4168-801a-3d7ce793c0d9, command=[]} | ret=SUCCESS |  
2019-08-30 07:42:31,276 | INFO  | SCMAudit | user=jenkins1000 | ip=192.168.34.43 | op=SEND_HEARTBEAT {datanodeUUID=dcd35ce2-5653-4064-9aff-c1a2cac3fe1c, command=[]} | ret=SUCCESS |  
2019-08-30 07:42:31,317 | INFO  | SCMAudit | user=jenkins1000 | ip=192.168.34.43 | op=SEND_HEARTBEAT {datanodeUUID=dc0e8eda-8843-49e8-9024-f7c59bdcd9bc, command=[]} | ret=SUCCESS |  
2019-08-30 07:42:31,317 | INFO  | SCMAudit | user=jenkins1000 | ip=192.168.34.43 | op=SEND_HEARTBEAT {datanodeUUID=34c5bf21-796a-477d-8f73-056dd6ef4f82, command=[]} | ret=SUCCESS |  
2019-08-30 07:42:31,320 | INFO  | SCMAudit | user=jenkins1000 | ip=192.168.34.43 | op=SEND_HEARTBEAT {datanodeUUID=9570f0ce-31bf-44b3-921f-a36f22efea54, command=[]} | ret=SUCCESS |  
2019-08-30 07:42:31,514 | INFO  | SCMAudit | user=jenkins1000 | ip=192.168.34.43 | op=SEND_HEARTBEAT {datanodeUUID=9e64560e-57c0-404b-a5e3-eb70c00d39cc, command=[]} | ret=SUCCESS |  
2019-08-30 07:42:31,793 | INFO  | SCMAudit | user=jenkins1000 | ip=192.168.34.43 | op=SEND_HEARTBEAT {datanodeUUID=722c9a0b-3ca8-46f2-9cba-02fdf2a68848, command=[]} | ret=SUCCESS |  
2019-08-30 07:42:32,116 | INFO  | SCMAudit | user=jenkins1000 | ip=192.168.34.43 | op=SEND_HEARTBEAT {datanodeUUID=3bf132e1-02b6-4168-801a-3d7ce793c0d9, command=[]} | ret=SUCCESS |  
2019-08-30 07:42:32,277 | INFO  | SCMAudit | user=jenkins1000 | ip=192.168.34.43 | op=SEND_HEARTBEAT {datanodeUUID=dcd35ce2-5653-4064-9aff-c1a2cac3fe1c, command=[]} | ret=SUCCESS |  
2019-08-30 07:42:32,318 | INFO  | SCMAudit | user=jenkins1000 | ip=192.168.34.43 | op=SEND_HEARTBEAT {datanodeUUID=34c5bf21-796a-477d-8f73-056dd6ef4f82, command=[]} | ret=SUCCESS |  
2019-08-30 07:42:32,318 | INFO  | SCMAudit | user=jenkins1000 | ip=192.168.34.43 | op=SEND_HEARTBEAT {datanodeUUID=dc0e8eda-8843-49e8-9024-f7c59bdcd9bc, command=[]} | ret=SUCCESS |  
2019-08-30 07:42:32,320 | INFO  | SCMAudit | user=jenkins1000 | ip=192.168.34.43 | op=SEND_HEARTBEAT {datanodeUUID=9570f0ce-31bf-44b3-921f-a36f22efea54, command=[]} | ret=SUCCESS |  
2019-08-30 07:42:32,515 | INFO  | SCMAudit | user=jenkins1000 | ip=192.168.34.43 | op=SEND_HEARTBEAT {datanodeUUID=9e64560e-57c0-404b-a5e3-eb70c00d39cc, command=[]} | ret=SUCCESS |  
2019-08-30 07:42:32,794 | INFO  | SCMAudit | user=jenkins1000 | ip=192.168.34.43 | op=SEND_HEARTBEAT {datanodeUUID=722c9a0b-3ca8-46f2-9cba-02fdf2a68848, command=[]} | ret=SUCCESS |  
2019-08-30 07:42:33,117 | INFO  | SCMAudit | user=jenkins1000 | ip=192.168.34.43 | op=SEND_HEARTBEAT {datanodeUUID=3bf132e1-02b6-4168-801a-3d7ce793c0d9, command=[]} | ret=SUCCESS |  
2019-08-30 07:42:33,277 | INFO  | SCMAudit | user=jenkins1000 | ip=192.168.34.43 | op=SEND_HEARTBEAT {datanodeUUID=dcd35ce2-5653-4064-9aff-c1a2cac3fe1c, command=[]} | ret=SUCCESS |  
2019-08-30 07:42:33,317 | INFO  | SCMAudit | user=jenkins1000 | ip=192.168.34.43 | op=SEND_HEARTBEAT {datanodeUUID=34c5bf21-796a-477d-8f73-056dd6ef4f82, command=[]} | ret=SUCCESS |  
2019-08-30 07:42:33,317 | INFO  | SCMAudit | user=jenkins1000 | ip=192.168.34.43 | op=SEND_HEARTBEAT {datanodeUUID=dc0e8eda-8843-49e8-9024-f7c59bdcd9bc, command=[]} | ret=SUCCESS |  
2019-08-30 07:42:33,320 | INFO  | SCMAudit | user=jenkins1000 | ip=192.168.34.43 | op=SEND_HEARTBEAT {datanodeUUID=9570f0ce-31bf-44b3-921f-a36f22efea54, command=[]} | ret=SUCCESS |  
2019-08-30 07:42:33,514 | INFO  | SCMAudit | user=jenkins1000 | ip=192.168.34.43 | op=SEND_HEARTBEAT {datanodeUUID=9e64560e-57c0-404b-a5e3-eb70c00d39cc, command=[]} | ret=SUCCESS |  
2019-08-30 07:42:33,793 | INFO  | SCMAudit | user=jenkins1000 | ip=192.168.34.43 | op=SEND_HEARTBEAT {datanodeUUID=722c9a0b-3ca8-46f2-9cba-02fdf2a68848, command=[]} | ret=SUCCESS |  
2019-08-30 07:42:34,117 | INFO  | SCMAudit | user=jenkins1000 | ip=192.168.34.43 | op=SEND_HEARTBEAT {datanodeUUID=3bf132e1-02b6-4168-801a-3d7ce793c0d9, command=[]} | ret=SUCCESS |  
2019-08-30 07:42:34,277 | INFO  | SCMAudit | user=jenkins1000 | ip=192.168.34.43 | op=SEND_HEARTBEAT {datanodeUUID=dcd35ce2-5653-4064-9aff-c1a2cac3fe1c, command=[]} | ret=SUCCESS |  
2019-08-30 07:42:34,317 | INFO  | SCMAudit | user=jenkins1000 | ip=192.168.34.43 | op=SEND_HEARTBEAT {datanodeUUID=dc0e8eda-8843-49e8-9024-f7c59bdcd9bc, command=[]} | ret=SUCCESS |  
2019-08-30 07:42:34,318 | INFO  | SCMAudit | user=jenkins1000 | ip=192.168.34.43 | op=SEND_HEARTBEAT {datanodeUUID=34c5bf21-796a-477d-8f73-056dd6ef4f82, command=[]} | ret=SUCCESS |  
2019-08-30 07:42:34,320 | INFO  | SCMAudit | user=jenkins1000 | ip=192.168.34.43 | op=SEND_HEARTBEAT {datanodeUUID=9570f0ce-31bf-44b3-921f-a36f22efea54, command=[]} | ret=SUCCESS |  
2019-08-30 07:42:34,514 | INFO  | SCMAudit | user=jenkins1000 | ip=192.168.34.43 | op=SEND_HEARTBEAT {datanodeUUID=9e64560e-57c0-404b-a5e3-eb70c00d39cc, command=[]} | ret=SUCCESS |  
2019-08-30 07:42:34,793 | INFO  | SCMAudit | user=jenkins1000 | ip=192.168.34.43 | op=SEND_HEARTBEAT {datanodeUUID=722c9a0b-3ca8-46f2-9cba-02fdf2a68848, command=[]} | ret=SUCCESS |  
2019-08-30 07:42:35,118 | INFO  | SCMAudit | user=jenkins1000 | ip=192.168.34.43 | op=SEND_HEARTBEAT {datanodeUUID=3bf132e1-02b6-4168-801a-3d7ce793c0d9, command=[]} | ret=SUCCESS |  
2019-08-30 07:42:35,278 | INFO  | SCMAudit | user=jenkins1000 | ip=192.168.34.43 | op=SEND_HEARTBEAT {datanodeUUID=dcd35ce2-5653-4064-9aff-c1a2cac3fe1c, command=[]} | ret=SUCCESS |  
2019-08-30 07:42:35,317 | INFO  | SCMAudit | user=jenkins1000 | ip=192.168.34.43 | op=SEND_HEARTBEAT {datanodeUUID=dc0e8eda-8843-49e8-9024-f7c59bdcd9bc, command=[]} | ret=SUCCESS |  
2019-08-30 07:42:35,319 | INFO  | SCMAudit | user=jenkins1000 | ip=192.168.34.43 | op=SEND_HEARTBEAT {datanodeUUID=34c5bf21-796a-477d-8f73-056dd6ef4f82, command=[]} | ret=SUCCESS |  
2019-08-30 07:42:35,321 | INFO  | SCMAudit | user=jenkins1000 | ip=192.168.34.43 | op=SEND_HEARTBEAT {datanodeUUID=9570f0ce-31bf-44b3-921f-a36f22efea54, command=[]} | ret=SUCCESS |  
2019-08-30 07:42:35,514 | INFO  | SCMAudit | user=jenkins1000 | ip=192.168.34.43 | op=SEND_HEARTBEAT {datanodeUUID=9e64560e-57c0-404b-a5e3-eb70c00d39cc, command=[]} | ret=SUCCESS |  
2019-08-30 07:42:35,789 [grpc-default-executor-3] INFO  client.GrpcClientProtocolClient (GrpcClientProtocolClient.java:onNext(255)) - client-8ACC3CA93160->9570f0ce-31bf-44b3-921f-a36f22efea54: receive RaftClientReply:client-8ACC3CA93160->9570f0ce-31bf-44b3-921f-a36f22efea54@group-CB9C606E82CE, cid=45, FAILED org.apache.ratis.protocol.NotLeaderException: Server 9570f0ce-31bf-44b3-921f-a36f22efea54 is not the leader (dcd35ce2-5653-4064-9aff-c1a2cac3fe1c:192.168.34.43:41594). Request must be sent to leader., logIndex=0, commits[9570f0ce-31bf-44b3-921f-a36f22efea54:c8, dc0e8eda-8843-49e8-9024-f7c59bdcd9bc:c8, dcd35ce2-5653-4064-9aff-c1a2cac3fe1c:c8]
2019-08-30 07:42:35,800 | INFO  | SCMAudit | user=jenkins1000 | ip=192.168.34.43 | op=SEND_HEARTBEAT {datanodeUUID=722c9a0b-3ca8-46f2-9cba-02fdf2a68848, command=[]} | ret=SUCCESS |  
2019-08-30 07:42:36,118 | INFO  | SCMAudit | user=jenkins1000 | ip=192.168.34.43 | op=SEND_HEARTBEAT {datanodeUUID=3bf132e1-02b6-4168-801a-3d7ce793c0d9, command=[]} | ret=SUCCESS |  
2019-08-30 07:42:36,278 | INFO  | SCMAudit | user=jenkins1000 | ip=192.168.34.43 | op=SEND_HEARTBEAT {datanodeUUID=dcd35ce2-5653-4064-9aff-c1a2cac3fe1c, command=[]} | ret=SUCCESS |  
2019-08-30 07:42:36,317 | INFO  | SCMAudit | user=jenkins1000 | ip=192.168.34.43 | op=SEND_HEARTBEAT {datanodeUUID=dc0e8eda-8843-49e8-9024-f7c59bdcd9bc, command=[]} | ret=SUCCESS |  
2019-08-30 07:42:36,318 | INFO  | SCMAudit | user=jenkins1000 | ip=192.168.34.43 | op=SEND_HEARTBEAT {datanodeUUID=34c5bf21-796a-477d-8f73-056dd6ef4f82, command=[]} | ret=SUCCESS |  
2019-08-30 07:42:36,320 | INFO  | SCMAudit | user=jenkins1000 | ip=192.168.34.43 | op=SEND_HEARTBEAT {datanodeUUID=9570f0ce-31bf-44b3-921f-a36f22efea54, command=[]} | ret=SUCCESS |  
2019-08-30 07:42:36,514 | INFO  | SCMAudit | user=jenkins1000 | ip=192.168.34.43 | op=SEND_HEARTBEAT {datanodeUUID=9e64560e-57c0-404b-a5e3-eb70c00d39cc, command=[]} | ret=SUCCESS |  
2019-08-30 07:42:36,798 | INFO  | SCMAudit | user=jenkins1000 | ip=192.168.34.43 | op=SEND_HEARTBEAT {datanodeUUID=722c9a0b-3ca8-46f2-9cba-02fdf2a68848, command=[]} | ret=SUCCESS |  
2019-08-30 07:42:37,118 | INFO  | SCMAudit | user=jenkins1000 | ip=192.168.34.43 | op=SEND_HEARTBEAT {datanodeUUID=3bf132e1-02b6-4168-801a-3d7ce793c0d9, command=[]} | ret=SUCCESS |  
2019-08-30 07:42:37,277 | INFO  | SCMAudit | user=jenkins1000 | ip=192.168.34.43 | op=SEND_HEARTBEAT {datanodeUUID=dcd35ce2-5653-4064-9aff-c1a2cac3fe1c, command=[]} | ret=SUCCESS |  
2019-08-30 07:42:37,317 | INFO  | SCMAudit | user=jenkins1000 | ip=192.168.34.43 | op=SEND_HEARTBEAT {datanodeUUID=dc0e8eda-8843-49e8-9024-f7c59bdcd9bc, command=[]} | ret=SUCCESS |  
2019-08-30 07:42:37,319 | INFO  | SCMAudit | user=jenkins1000 | ip=192.168.34.43 | op=SEND_HEARTBEAT {datanodeUUID=34c5bf21-796a-477d-8f73-056dd6ef4f82, command=[]} | ret=SUCCESS |  
2019-08-30 07:42:37,320 | INFO  | SCMAudit | user=jenkins1000 | ip=192.168.34.43 | op=SEND_HEARTBEAT {datanodeUUID=9570f0ce-31bf-44b3-921f-a36f22efea54, command=[]} | ret=SUCCESS |  
2019-08-30 07:42:37,515 | INFO  | SCMAudit | user=jenkins1000 | ip=192.168.34.43 | op=SEND_HEARTBEAT {datanodeUUID=9e64560e-57c0-404b-a5e3-eb70c00d39cc, command=[]} | ret=SUCCESS |  
2019-08-30 07:42:37,798 | INFO  | SCMAudit | user=jenkins1000 | ip=192.168.34.43 | op=SEND_HEARTBEAT {datanodeUUID=722c9a0b-3ca8-46f2-9cba-02fdf2a68848, command=[]} | ret=SUCCESS |  
2019-08-30 07:42:38,117 | INFO  | SCMAudit | user=jenkins1000 | ip=192.168.34.43 | op=SEND_HEARTBEAT {datanodeUUID=3bf132e1-02b6-4168-801a-3d7ce793c0d9, command=[]} | ret=SUCCESS |  
2019-08-30 07:42:38,277 | INFO  | SCMAudit | user=jenkins1000 | ip=192.168.34.43 | op=SEND_HEARTBEAT {datanodeUUID=dcd35ce2-5653-4064-9aff-c1a2cac3fe1c, command=[]} | ret=SUCCESS |  
2019-08-30 07:42:38,317 | INFO  | SCMAudit | user=jenkins1000 | ip=192.168.34.43 | op=SEND_HEARTBEAT {datanodeUUID=dc0e8eda-8843-49e8-9024-f7c59bdcd9bc, command=[]} | ret=SUCCESS |  
2019-08-30 07:42:38,318 | INFO  | SCMAudit | user=jenkins1000 | ip=192.168.34.43 | op=SEND_HEARTBEAT {datanodeUUID=34c5bf21-796a-477d-8f73-056dd6ef4f82, command=[]} | ret=SUCCESS |  
2019-08-30 07:42:38,321 | INFO  | SCMAudit | user=jenkins1000 | ip=192.168.34.43 | op=SEND_HEARTBEAT {datanodeUUID=9570f0ce-31bf-44b3-921f-a36f22efea54, command=[]} | ret=SUCCESS |  
2019-08-30 07:42:38,515 | INFO  | SCMAudit | user=jenkins1000 | ip=192.168.34.43 | op=SEND_HEARTBEAT {datanodeUUID=9e64560e-57c0-404b-a5e3-eb70c00d39cc, command=[]} | ret=SUCCESS |  
2019-08-30 07:42:38,798 | INFO  | SCMAudit | user=jenkins1000 | ip=192.168.34.43 | op=SEND_HEARTBEAT {datanodeUUID=722c9a0b-3ca8-46f2-9cba-02fdf2a68848, command=[]} | ret=SUCCESS |  
2019-08-30 07:42:39,118 | INFO  | SCMAudit | user=jenkins1000 | ip=192.168.34.43 | op=SEND_HEARTBEAT {datanodeUUID=3bf132e1-02b6-4168-801a-3d7ce793c0d9, command=[]} | ret=SUCCESS |  
2019-08-30 07:42:39,277 | INFO  | SCMAudit | user=jenkins1000 | ip=192.168.34.43 | op=SEND_HEARTBEAT {datanodeUUID=dcd35ce2-5653-4064-9aff-c1a2cac3fe1c, command=[]} | ret=SUCCESS |  
2019-08-30 07:42:39,317 | INFO  | SCMAudit | user=jenkins1000 | ip=192.168.34.43 | op=SEND_HEARTBEAT {datanodeUUID=dc0e8eda-8843-49e8-9024-f7c59bdcd9bc, command=[]} | ret=SUCCESS |  
2019-08-30 07:42:39,318 | INFO  | SCMAudit | user=jenkins1000 | ip=192.168.34.43 | op=SEND_HEARTBEAT {datanodeUUID=34c5bf21-796a-477d-8f73-056dd6ef4f82, command=[]} | ret=SUCCESS |  
2019-08-30 07:42:39,320 | INFO  | SCMAudit | user=jenkins1000 | ip=192.168.34.43 | op=SEND_HEARTBEAT {datanodeUUID=9570f0ce-31bf-44b3-921f-a36f22efea54, command=[]} | ret=SUCCESS |  
2019-08-30 07:42:39,515 | INFO  | SCMAudit | user=jenkins1000 | ip=192.168.34.43 | op=SEND_HEARTBEAT {datanodeUUID=9e64560e-57c0-404b-a5e3-eb70c00d39cc, command=[]} | ret=SUCCESS |  
2019-08-30 07:42:39,799 | INFO  | SCMAudit | user=jenkins1000 | ip=192.168.34.43 | op=SEND_HEARTBEAT {datanodeUUID=722c9a0b-3ca8-46f2-9cba-02fdf2a68848, command=[]} | ret=SUCCESS |  
2019-08-30 07:42:40,117 | INFO  | SCMAudit | user=jenkins1000 | ip=192.168.34.43 | op=SEND_HEARTBEAT {datanodeUUID=3bf132e1-02b6-4168-801a-3d7ce793c0d9, command=[]} | ret=SUCCESS |  
2019-08-30 07:42:40,278 | INFO  | SCMAudit | user=jenkins1000 | ip=192.168.34.43 | op=SEND_HEARTBEAT {datanodeUUID=dcd35ce2-5653-4064-9aff-c1a2cac3fe1c, command=[]} | ret=SUCCESS |  
2019-08-30 07:42:40,317 | INFO  | SCMAudit | user=jenkins1000 | ip=192.168.34.43 | op=SEND_HEARTBEAT {datanodeUUID=dc0e8eda-8843-49e8-9024-f7c59bdcd9bc, command=[]} | ret=SUCCESS |  
2019-08-30 07:42:40,318 | INFO  | SCMAudit | user=jenkins1000 | ip=192.168.34.43 | op=SEND_HEARTBEAT {datanodeUUID=34c5bf21-796a-477d-8f73-056dd6ef4f82, command=[]} | ret=SUCCESS |  
2019-08-30 07:42:40,320 | INFO  | SCMAudit | user=jenkins1000 | ip=192.168.34.43 | op=SEND_HEARTBEAT {datanodeUUID=9570f0ce-31bf-44b3-921f-a36f22efea54, command=[]} | ret=SUCCESS |  
2019-08-30 07:42:40,515 | INFO  | SCMAudit | user=jenkins1000 | ip=192.168.34.43 | op=SEND_HEARTBEAT {datanodeUUID=9e64560e-57c0-404b-a5e3-eb70c00d39cc, command=[]} | ret=SUCCESS |  
2019-08-30 07:42:40,799 | INFO  | SCMAudit | user=jenkins1000 | ip=192.168.34.43 | op=SEND_HEARTBEAT {datanodeUUID=722c9a0b-3ca8-46f2-9cba-02fdf2a68848, command=[]} | ret=SUCCESS |  
2019-08-30 07:42:40,825 [grpc-default-executor-1] INFO  client.GrpcClientProtocolClient (GrpcClientProtocolClient.java:onNext(255)) - client-8ACC3CA93160->dc0e8eda-8843-49e8-9024-f7c59bdcd9bc: receive RaftClientReply:client-8ACC3CA93160->dc0e8eda-8843-49e8-9024-f7c59bdcd9bc@group-CB9C606E82CE, cid=45, FAILED org.apache.ratis.protocol.NotLeaderException: Server dc0e8eda-8843-49e8-9024-f7c59bdcd9bc is not the leader (dcd35ce2-5653-4064-9aff-c1a2cac3fe1c:192.168.34.43:41594). Request must be sent to leader., logIndex=0, commits[dc0e8eda-8843-49e8-9024-f7c59bdcd9bc:c8, dcd35ce2-5653-4064-9aff-c1a2cac3fe1c:c8, 9570f0ce-31bf-44b3-921f-a36f22efea54:c8]
2019-08-30 07:42:41,118 | INFO  | SCMAudit | user=jenkins1000 | ip=192.168.34.43 | op=SEND_HEARTBEAT {datanodeUUID=3bf132e1-02b6-4168-801a-3d7ce793c0d9, command=[]} | ret=SUCCESS |  
2019-08-30 07:42:41,278 | INFO  | SCMAudit | user=jenkins1000 | ip=192.168.34.43 | op=SEND_HEARTBEAT {datanodeUUID=dcd35ce2-5653-4064-9aff-c1a2cac3fe1c, command=[]} | ret=SUCCESS |  
2019-08-30 07:42:41,317 | INFO  | SCMAudit | user=jenkins1000 | ip=192.168.34.43 | op=SEND_HEARTBEAT {datanodeUUID=dc0e8eda-8843-49e8-9024-f7c59bdcd9bc, command=[]} | ret=SUCCESS |  
2019-08-30 07:42:41,318 | INFO  | SCMAudit | user=jenkins1000 | ip=192.168.34.43 | op=SEND_HEARTBEAT {datanodeUUID=34c5bf21-796a-477d-8f73-056dd6ef4f82, command=[]} | ret=SUCCESS |  
2019-08-30 07:42:41,320 | INFO  | SCMAudit | user=jenkins1000 | ip=192.168.34.43 | op=SEND_HEARTBEAT {datanodeUUID=9570f0ce-31bf-44b3-921f-a36f22efea54, command=[]} | ret=SUCCESS |  
2019-08-30 07:42:41,515 | INFO  | SCMAudit | user=jenkins1000 | ip=192.168.34.43 | op=SEND_HEARTBEAT {datanodeUUID=9e64560e-57c0-404b-a5e3-eb70c00d39cc, command=[]} | ret=SUCCESS |  
2019-08-30 07:42:41,799 | INFO  | SCMAudit | user=jenkins1000 | ip=192.168.34.43 | op=SEND_HEARTBEAT {datanodeUUID=722c9a0b-3ca8-46f2-9cba-02fdf2a68848, command=[]} | ret=SUCCESS |  
2019-08-30 07:42:42,118 | INFO  | SCMAudit | user=jenkins1000 | ip=192.168.34.43 | op=SEND_HEARTBEAT {datanodeUUID=3bf132e1-02b6-4168-801a-3d7ce793c0d9, command=[]} | ret=SUCCESS |  
2019-08-30 07:42:42,278 | INFO  | SCMAudit | user=jenkins1000 | ip=192.168.34.43 | op=SEND_HEARTBEAT {datanodeUUID=dcd35ce2-5653-4064-9aff-c1a2cac3fe1c, command=[]} | ret=SUCCESS |  
2019-08-30 07:42:42,317 | INFO  | SCMAudit | user=jenkins1000 | ip=192.168.34.43 | op=SEND_HEARTBEAT {datanodeUUID=dc0e8eda-8843-49e8-9024-f7c59bdcd9bc, command=[]} | ret=SUCCESS |  
2019-08-30 07:42:42,318 | INFO  | SCMAudit | user=jenkins1000 | ip=192.168.34.43 | op=SEND_HEARTBEAT {datanodeUUID=34c5bf21-796a-477d-8f73-056dd6ef4f82, command=[]} | ret=SUCCESS |  
2019-08-30 07:42:42,320 | INFO  | SCMAudit | user=jenkins1000 | ip=192.168.34.43 | op=SEND_HEARTBEAT {datanodeUUID=9570f0ce-31bf-44b3-921f-a36f22efea54, command=[]} | ret=SUCCESS |  
2019-08-30 07:42:42,515 | INFO  | SCMAudit | user=jenkins1000 | ip=192.168.34.43 | op=SEND_HEARTBEAT {datanodeUUID=9e64560e-57c0-404b-a5e3-eb70c00d39cc, command=[]} | ret=SUCCESS |  
2019-08-30 07:42:42,800 | INFO  | SCMAudit | user=jenkins1000 | ip=192.168.34.43 | op=SEND_HEARTBEAT {datanodeUUID=722c9a0b-3ca8-46f2-9cba-02fdf2a68848, command=[]} | ret=SUCCESS |  
2019-08-30 07:42:43,118 | INFO  | SCMAudit | user=jenkins1000 | ip=192.168.34.43 | op=SEND_HEARTBEAT {datanodeUUID=3bf132e1-02b6-4168-801a-3d7ce793c0d9, command=[]} | ret=SUCCESS |  
2019-08-30 07:42:43,278 | INFO  | SCMAudit | user=jenkins1000 | ip=192.168.34.43 | op=SEND_HEARTBEAT {datanodeUUID=dcd35ce2-5653-4064-9aff-c1a2cac3fe1c, command=[]} | ret=SUCCESS |  
2019-08-30 07:42:43,317 | INFO  | SCMAudit | user=jenkins1000 | ip=192.168.34.43 | op=SEND_HEARTBEAT {datanodeUUID=dc0e8eda-8843-49e8-9024-f7c59bdcd9bc, command=[]} | ret=SUCCESS |  
2019-08-30 07:42:43,318 | INFO  | SCMAudit | user=jenkins1000 | ip=192.168.34.43 | op=SEND_HEARTBEAT {datanodeUUID=34c5bf21-796a-477d-8f73-056dd6ef4f82, command=[]} | ret=SUCCESS |  
2019-08-30 07:42:43,320 | INFO  | SCMAudit | user=jenkins1000 | ip=192.168.34.43 | op=SEND_HEARTBEAT {datanodeUUID=9570f0ce-31bf-44b3-921f-a36f22efea54, command=[]} | ret=SUCCESS |  
2019-08-30 07:42:43,515 | INFO  | SCMAudit | user=jenkins1000 | ip=192.168.34.43 | op=SEND_HEARTBEAT {datanodeUUID=9e64560e-57c0-404b-a5e3-eb70c00d39cc, command=[]} | ret=SUCCESS |  
2019-08-30 07:42:43,800 | INFO  | SCMAudit | user=jenkins1000 | ip=192.168.34.43 | op=SEND_HEARTBEAT {datanodeUUID=722c9a0b-3ca8-46f2-9cba-02fdf2a68848, command=[]} | ret=SUCCESS |  
2019-08-30 07:42:44,093 [ReplicationMonitor] INFO  container.ReplicationManager (ReplicationManager.java:run(215)) - Replication Monitor Thread took 0 milliseconds for processing 3 containers.
2019-08-30 07:42:44,119 | INFO  | SCMAudit | user=jenkins1000 | ip=192.168.34.43 | op=SEND_HEARTBEAT {datanodeUUID=3bf132e1-02b6-4168-801a-3d7ce793c0d9, command=[]} | ret=SUCCESS |  
2019-08-30 07:42:44,279 | INFO  | SCMAudit | user=jenkins1000 | ip=192.168.34.43 | op=SEND_HEARTBEAT {datanodeUUID=dcd35ce2-5653-4064-9aff-c1a2cac3fe1c, command=[]} | ret=SUCCESS |  
2019-08-30 07:42:44,317 | INFO  | SCMAudit | user=jenkins1000 | ip=192.168.34.43 | op=SEND_HEARTBEAT {datanodeUUID=dc0e8eda-8843-49e8-9024-f7c59bdcd9bc, command=[]} | ret=SUCCESS |  
2019-08-30 07:42:44,319 | INFO  | SCMAudit | user=jenkins1000 | ip=192.168.34.43 | op=SEND_HEARTBEAT {datanodeUUID=34c5bf21-796a-477d-8f73-056dd6ef4f82, command=[]} | ret=SUCCESS |  
2019-08-30 07:42:44,320 | INFO  | SCMAudit | user=jenkins1000 | ip=192.168.34.43 | op=SEND_HEARTBEAT {datanodeUUID=9570f0ce-31bf-44b3-921f-a36f22efea54, command=[]} | ret=SUCCESS |  
2019-08-30 07:42:44,516 | INFO  | SCMAudit | user=jenkins1000 | ip=192.168.34.43 | op=SEND_HEARTBEAT {datanodeUUID=9e64560e-57c0-404b-a5e3-eb70c00d39cc, command=[]} | ret=SUCCESS |  
2019-08-30 07:42:44,800 | INFO  | SCMAudit | user=jenkins1000 | ip=192.168.34.43 | op=SEND_HEARTBEAT {datanodeUUID=722c9a0b-3ca8-46f2-9cba-02fdf2a68848, command=[]} | ret=SUCCESS |  
2019-08-30 07:42:45,119 | INFO  | SCMAudit | user=jenkins1000 | ip=192.168.34.43 | op=SEND_HEARTBEAT {datanodeUUID=3bf132e1-02b6-4168-801a-3d7ce793c0d9, command=[]} | ret=SUCCESS |  
2019-08-30 07:42:45,278 | INFO  | SCMAudit | user=jenkins1000 | ip=192.168.34.43 | op=SEND_HEARTBEAT {datanodeUUID=dcd35ce2-5653-4064-9aff-c1a2cac3fe1c, command=[]} | ret=SUCCESS |  
2019-08-30 07:42:45,317 | INFO  | SCMAudit | user=jenkins1000 | ip=192.168.34.43 | op=SEND_HEARTBEAT {datanodeUUID=dc0e8eda-8843-49e8-9024-f7c59bdcd9bc, command=[]} | ret=SUCCESS |  
2019-08-30 07:42:45,319 | INFO  | SCMAudit | user=jenkins1000 | ip=192.168.34.43 | op=SEND_HEARTBEAT {datanodeUUID=34c5bf21-796a-477d-8f73-056dd6ef4f82, command=[]} | ret=SUCCESS |  
2019-08-30 07:42:45,320 | INFO  | SCMAudit | user=jenkins1000 | ip=192.168.34.43 | op=SEND_HEARTBEAT {datanodeUUID=9570f0ce-31bf-44b3-921f-a36f22efea54, command=[]} | ret=SUCCESS |  
2019-08-30 07:42:45,516 | INFO  | SCMAudit | user=jenkins1000 | ip=192.168.34.43 | op=SEND_HEARTBEAT {datanodeUUID=9e64560e-57c0-404b-a5e3-eb70c00d39cc, command=[]} | ret=SUCCESS |  
2019-08-30 07:42:45,800 | INFO  | SCMAudit | user=jenkins1000 | ip=192.168.34.43 | op=SEND_HEARTBEAT {datanodeUUID=722c9a0b-3ca8-46f2-9cba-02fdf2a68848, command=[]} | ret=SUCCESS |  
2019-08-30 07:42:45,863 [grpc-default-executor-3] INFO  client.GrpcClientProtocolClient (GrpcClientProtocolClient.java:onNext(255)) - client-8ACC3CA93160->dc0e8eda-8843-49e8-9024-f7c59bdcd9bc: receive RaftClientReply:client-8ACC3CA93160->dc0e8eda-8843-49e8-9024-f7c59bdcd9bc@group-CB9C606E82CE, cid=45, FAILED org.apache.ratis.protocol.NotLeaderException: Server dc0e8eda-8843-49e8-9024-f7c59bdcd9bc is not the leader (dcd35ce2-5653-4064-9aff-c1a2cac3fe1c:192.168.34.43:41594). Request must be sent to leader., logIndex=0, commits[dc0e8eda-8843-49e8-9024-f7c59bdcd9bc:c8, dcd35ce2-5653-4064-9aff-c1a2cac3fe1c:c8, 9570f0ce-31bf-44b3-921f-a36f22efea54:c8]
2019-08-30 07:42:46,120 | INFO  | SCMAudit | user=jenkins1000 | ip=192.168.34.43 | op=SEND_HEARTBEAT {datanodeUUID=3bf132e1-02b6-4168-801a-3d7ce793c0d9, command=[]} | ret=SUCCESS |  
2019-08-30 07:42:46,278 | INFO  | SCMAudit | user=jenkins1000 | ip=192.168.34.43 | op=SEND_HEARTBEAT {datanodeUUID=dcd35ce2-5653-4064-9aff-c1a2cac3fe1c, command=[]} | ret=SUCCESS |  
2019-08-30 07:42:46,317 | INFO  | SCMAudit | user=jenkins1000 | ip=192.168.34.43 | op=SEND_HEARTBEAT {datanodeUUID=dc0e8eda-8843-49e8-9024-f7c59bdcd9bc, command=[]} | ret=SUCCESS |  
2019-08-30 07:42:46,319 | INFO  | SCMAudit | user=jenkins1000 | ip=192.168.34.43 | op=SEND_HEARTBEAT {datanodeUUID=34c5bf21-796a-477d-8f73-056dd6ef4f82, command=[]} | ret=SUCCESS |  
2019-08-30 07:42:46,320 | INFO  | SCMAudit | user=jenkins1000 | ip=192.168.34.43 | op=SEND_HEARTBEAT {datanodeUUID=9570f0ce-31bf-44b3-921f-a36f22efea54, command=[]} | ret=SUCCESS |  
2019-08-30 07:42:46,516 | INFO  | SCMAudit | user=jenkins1000 | ip=192.168.34.43 | op=SEND_HEARTBEAT {datanodeUUID=9e64560e-57c0-404b-a5e3-eb70c00d39cc, command=[]} | ret=SUCCESS |  
2019-08-30 07:42:46,801 | INFO  | SCMAudit | user=jenkins1000 | ip=192.168.34.43 | op=SEND_HEARTBEAT {datanodeUUID=722c9a0b-3ca8-46f2-9cba-02fdf2a68848, command=[]} | ret=SUCCESS |  
2019-08-30 07:42:47,120 | INFO  | SCMAudit | user=jenkins1000 | ip=192.168.34.43 | op=SEND_HEARTBEAT {datanodeUUID=3bf132e1-02b6-4168-801a-3d7ce793c0d9, command=[]} | ret=SUCCESS |  
2019-08-30 07:42:47,278 | INFO  | SCMAudit | user=jenkins1000 | ip=192.168.34.43 | op=SEND_HEARTBEAT {datanodeUUID=dcd35ce2-5653-4064-9aff-c1a2cac3fe1c, command=[]} | ret=SUCCESS |  
2019-08-30 07:42:47,317 | INFO  | SCMAudit | user=jenkins1000 | ip=192.168.34.43 | op=SEND_HEARTBEAT {datanodeUUID=dc0e8eda-8843-49e8-9024-f7c59bdcd9bc, command=[]} | ret=SUCCESS |  
2019-08-30 07:42:47,319 | INFO  | SCMAudit | user=jenkins1000 | ip=192.168.34.43 | op=SEND_HEARTBEAT {datanodeUUID=34c5bf21-796a-477d-8f73-056dd6ef4f82, command=[]} | ret=SUCCESS |  
2019-08-30 07:42:47,320 | INFO  | SCMAudit | user=jenkins1000 | ip=192.168.34.43 | op=SEND_HEARTBEAT {datanodeUUID=9570f0ce-31bf-44b3-921f-a36f22efea54, command=[]} | ret=SUCCESS |  
2019-08-30 07:42:47,515 | INFO  | SCMAudit | user=jenkins1000 | ip=192.168.34.43 | op=SEND_HEARTBEAT {datanodeUUID=9e64560e-57c0-404b-a5e3-eb70c00d39cc, command=[]} | ret=SUCCESS |  
2019-08-30 07:42:47,801 | INFO  | SCMAudit | user=jenkins1000 | ip=192.168.34.43 | op=SEND_HEARTBEAT {datanodeUUID=722c9a0b-3ca8-46f2-9cba-02fdf2a68848, command=[]} | ret=SUCCESS |  
2019-08-30 07:42:48,120 | INFO  | SCMAudit | user=jenkins1000 | ip=192.168.34.43 | op=SEND_HEARTBEAT {datanodeUUID=3bf132e1-02b6-4168-801a-3d7ce793c0d9, command=[]} | ret=SUCCESS |  
2019-08-30 07:42:48,278 | INFO  | SCMAudit | user=jenkins1000 | ip=192.168.34.43 | op=SEND_HEARTBEAT {datanodeUUID=dcd35ce2-5653-4064-9aff-c1a2cac3fe1c, command=[]} | ret=SUCCESS |  
2019-08-30 07:42:48,317 | INFO  | SCMAudit | user=jenkins1000 | ip=192.168.34.43 | op=SEND_HEARTBEAT {datanodeUUID=dc0e8eda-8843-49e8-9024-f7c59bdcd9bc, command=[]} | ret=SUCCESS |  
2019-08-30 07:42:48,319 | INFO  | SCMAudit | user=jenkins1000 | ip=192.168.34.43 | op=SEND_HEARTBEAT {datanodeUUID=34c5bf21-796a-477d-8f73-056dd6ef4f82, command=[]} | ret=SUCCESS |  
2019-08-30 07:42:48,321 | INFO  | SCMAudit | user=jenkins1000 | ip=192.168.34.43 | op=SEND_HEARTBEAT {datanodeUUID=9570f0ce-31bf-44b3-921f-a36f22efea54, command=[]} | ret=SUCCESS |  
2019-08-30 07:42:48,515 | INFO  | SCMAudit | user=jenkins1000 | ip=192.168.34.43 | op=SEND_HEARTBEAT {datanodeUUID=9e64560e-57c0-404b-a5e3-eb70c00d39cc, command=[]} | ret=SUCCESS |  
2019-08-30 07:42:48,801 | INFO  | SCMAudit | user=jenkins1000 | ip=192.168.34.43 | op=SEND_HEARTBEAT {datanodeUUID=722c9a0b-3ca8-46f2-9cba-02fdf2a68848, command=[]} | ret=SUCCESS |  
2019-08-30 07:42:49,121 | INFO  | SCMAudit | user=jenkins1000 | ip=192.168.34.43 | op=SEND_HEARTBEAT {datanodeUUID=3bf132e1-02b6-4168-801a-3d7ce793c0d9, command=[]} | ret=SUCCESS |  
2019-08-30 07:42:49,279 | INFO  | SCMAudit | user=jenkins1000 | ip=192.168.34.43 | op=SEND_HEARTBEAT {datanodeUUID=dcd35ce2-5653-4064-9aff-c1a2cac3fe1c, command=[]} | ret=SUCCESS |  
2019-08-30 07:42:49,317 | INFO  | SCMAudit | user=jenkins1000 | ip=192.168.34.43 | op=SEND_HEARTBEAT {datanodeUUID=dc0e8eda-8843-49e8-9024-f7c59bdcd9bc, command=[]} | ret=SUCCESS |  
2019-08-30 07:42:49,320 | INFO  | SCMAudit | user=jenkins1000 | ip=192.168.34.43 | op=SEND_HEARTBEAT {datanodeUUID=34c5bf21-796a-477d-8f73-056dd6ef4f82, command=[]} | ret=SUCCESS |  
2019-08-30 07:42:49,321 | INFO  | SCMAudit | user=jenkins1000 | ip=192.168.34.43 | op=SEND_HEARTBEAT {datanodeUUID=9570f0ce-31bf-44b3-921f-a36f22efea54, command=[]} | ret=SUCCESS |  
2019-08-30 07:42:49,516 | INFO  | SCMAudit | user=jenkins1000 | ip=192.168.34.43 | op=SEND_HEARTBEAT {datanodeUUID=9e64560e-57c0-404b-a5e3-eb70c00d39cc, command=[]} | ret=SUCCESS |  
2019-08-30 07:42:49,801 | INFO  | SCMAudit | user=jenkins1000 | ip=192.168.34.43 | op=SEND_HEARTBEAT {datanodeUUID=722c9a0b-3ca8-46f2-9cba-02fdf2a68848, command=[]} | ret=SUCCESS |  
2019-08-30 07:42:50,121 | INFO  | SCMAudit | user=jenkins1000 | ip=192.168.34.43 | op=SEND_HEARTBEAT {datanodeUUID=3bf132e1-02b6-4168-801a-3d7ce793c0d9, command=[]} | ret=SUCCESS |  
2019-08-30 07:42:50,278 | INFO  | SCMAudit | user=jenkins1000 | ip=192.168.34.43 | op=SEND_HEARTBEAT {datanodeUUID=dcd35ce2-5653-4064-9aff-c1a2cac3fe1c, command=[]} | ret=SUCCESS |  
2019-08-30 07:42:50,317 | INFO  | SCMAudit | user=jenkins1000 | ip=192.168.34.43 | op=SEND_HEARTBEAT {datanodeUUID=dc0e8eda-8843-49e8-9024-f7c59bdcd9bc, command=[]} | ret=SUCCESS |  
2019-08-30 07:42:50,321 | INFO  | SCMAudit | user=jenkins1000 | ip=192.168.34.43 | op=SEND_HEARTBEAT {datanodeUUID=34c5bf21-796a-477d-8f73-056dd6ef4f82, command=[]} | ret=SUCCESS |  
2019-08-30 07:42:50,321 | INFO  | SCMAudit | user=jenkins1000 | ip=192.168.34.43 | op=SEND_HEARTBEAT {datanodeUUID=9570f0ce-31bf-44b3-921f-a36f22efea54, command=[]} | ret=SUCCESS |  
2019-08-30 07:42:50,515 | INFO  | SCMAudit | user=jenkins1000 | ip=192.168.34.43 | op=SEND_HEARTBEAT {datanodeUUID=9e64560e-57c0-404b-a5e3-eb70c00d39cc, command=[]} | ret=SUCCESS |  
2019-08-30 07:42:50,802 | INFO  | SCMAudit | user=jenkins1000 | ip=192.168.34.43 | op=SEND_HEARTBEAT {datanodeUUID=722c9a0b-3ca8-46f2-9cba-02fdf2a68848, command=[]} | ret=SUCCESS |  
2019-08-30 07:42:50,917 [grpc-default-executor-3] INFO  client.GrpcClientProtocolClient (GrpcClientProtocolClient.java:onNext(255)) - client-8ACC3CA93160->dc0e8eda-8843-49e8-9024-f7c59bdcd9bc: receive RaftClientReply:client-8ACC3CA93160->dc0e8eda-8843-49e8-9024-f7c59bdcd9bc@group-CB9C606E82CE, cid=45, FAILED org.apache.ratis.protocol.NotLeaderException: Server dc0e8eda-8843-49e8-9024-f7c59bdcd9bc is not the leader (dcd35ce2-5653-4064-9aff-c1a2cac3fe1c:192.168.34.43:41594). Request must be sent to leader., logIndex=0, commits[dc0e8eda-8843-49e8-9024-f7c59bdcd9bc:c8, dcd35ce2-5653-4064-9aff-c1a2cac3fe1c:c8, 9570f0ce-31bf-44b3-921f-a36f22efea54:c8]
2019-08-30 07:42:50,929 [main] INFO  ozone.MiniOzoneClusterImpl (MiniOzoneClusterImpl.java:shutdown(321)) - Shutting down the Mini Ozone Cluster
2019-08-30 07:42:50,929 | INFO  | SCMAudit | user=null | ip=null | op=GET_SCM_INFO null | ret=SUCCESS |  
2019-08-30 07:42:50,929 [main] INFO  ozone.MiniOzoneClusterImpl (MiniOzoneClusterImpl.java:stop(336)) - Stopping the Mini Ozone Cluster
2019-08-30 07:42:50,929 [main] INFO  ozone.MiniOzoneClusterImpl (MiniOzoneClusterImpl.java:stop(338)) - Stopping the OzoneManager
2019-08-30 07:42:50,930 [main] INFO  ipc.Server (Server.java:stop(3082)) - Stopping server on 38924
2019-08-30 07:42:50,941 [IPC Server listener on 38924] INFO  ipc.Server (Server.java:run(1185)) - Stopping IPC Server listener on 38924
2019-08-30 07:42:50,951 [main] INFO  ratis.OzoneManagerDoubleBuffer (OzoneManagerDoubleBuffer.java:stop(248)) - Stopping OMDoubleBuffer flush thread
2019-08-30 07:42:50,951 [IPC Server Responder] INFO  ipc.Server (Server.java:run(1319)) - Stopping IPC Server Responder
2019-08-30 07:42:50,955 [OMDoubleBufferFlushThread] INFO  ratis.OzoneManagerDoubleBuffer (OzoneManagerDoubleBuffer.java:flushTransactions(191)) - OMDoubleBuffer flush thread OMDoubleBufferFlushThread is interrupted and will exit. OMDoubleBufferFlushThread
2019-08-30 07:42:50,955 [main] INFO  utils.BackgroundService (BackgroundService.java:shutdown(148)) - Shutting down service KeyDeletingService
2019-08-30 07:42:50,957 [main] INFO  handler.ContextHandler (ContextHandler.java:doStop(910)) - Stopped o.e.j.w.WebAppContext@35e07e19{/,null,UNAVAILABLE}{/ozoneManager}
2019-08-30 07:42:50,958 [main] INFO  server.AbstractConnector (AbstractConnector.java:doStop(318)) - Stopped ServerConnector@a1e912f{HTTP/1.1,[http/1.1]}{0.0.0.0:0}
2019-08-30 07:42:50,959 [main] INFO  handler.ContextHandler (ContextHandler.java:doStop(910)) - Stopped o.e.j.s.ServletContextHandler@7f012923{/static,file:///workdir/hadoop-ozone/integration-test/target/test-classes/webapps/static,UNAVAILABLE}
2019-08-30 07:42:50,959 [main] INFO  handler.ContextHandler (ContextHandler.java:doStop(910)) - Stopped o.e.j.s.ServletContextHandler@314f59b{/logs,file:///workdir/hadoop-ozone/integration-test/target/log,UNAVAILABLE}
2019-08-30 07:42:50,963 [main] INFO  ozone.MiniOzoneClusterImpl (MiniOzoneClusterImpl.java:stop(344)) - Shutting the HddsDatanodes
2019-08-30 07:42:50,964 [main] INFO  datanode.ObjectStoreHandler (ObjectStoreHandler.java:close(155)) - Closing ObjectStoreHandler.
2019-08-30 07:42:50,964 [ForkJoinPool.commonPool-worker-1] INFO  datanode.ObjectStoreHandler (ObjectStoreHandler.java:close(155)) - Closing ObjectStoreHandler.
2019-08-30 07:42:50,966 [main] INFO  ozone.HddsDatanodeService (HddsDatanodeService.java:stop(451)) - Stopped plug-in org.apache.hadoop.ozone.web.OzoneHddsDatanodeService@9f48198
2019-08-30 07:42:50,966 [ForkJoinPool.commonPool-worker-1] INFO  ozone.HddsDatanodeService (HddsDatanodeService.java:stop(451)) - Stopped plug-in org.apache.hadoop.ozone.web.OzoneHddsDatanodeService@2b99c937
2019-08-30 07:42:51,121 | INFO  | SCMAudit | user=jenkins1000 | ip=192.168.34.43 | op=SEND_HEARTBEAT {datanodeUUID=3bf132e1-02b6-4168-801a-3d7ce793c0d9, command=[]} | ret=SUCCESS |  
2019-08-30 07:42:51,279 | INFO  | SCMAudit | user=jenkins1000 | ip=192.168.34.43 | op=SEND_HEARTBEAT {datanodeUUID=dcd35ce2-5653-4064-9aff-c1a2cac3fe1c, command=[]} | ret=SUCCESS |  
2019-08-30 07:42:51,317 | INFO  | SCMAudit | user=jenkins1000 | ip=192.168.34.43 | op=SEND_HEARTBEAT {datanodeUUID=dc0e8eda-8843-49e8-9024-f7c59bdcd9bc, command=[]} | ret=SUCCESS |  
2019-08-30 07:42:51,321 [Datanode State Machine Thread - 0] INFO  statemachine.DatanodeStateMachine (DatanodeStateMachine.java:lambda$startDaemon$0(350)) - Ozone container server started.
2019-08-30 07:42:51,321 [Datanode State Machine Thread - 0] INFO  statemachine.DatanodeStateMachine (DatanodeStateMachine.java:lambda$startDaemon$0(350)) - Ozone container server started.
2019-08-30 07:42:51,515 | INFO  | SCMAudit | user=jenkins1000 | ip=192.168.34.43 | op=SEND_HEARTBEAT {datanodeUUID=9e64560e-57c0-404b-a5e3-eb70c00d39cc, command=[]} | ret=SUCCESS |  
2019-08-30 07:42:51,801 | INFO  | SCMAudit | user=jenkins1000 | ip=192.168.34.43 | op=SEND_HEARTBEAT {datanodeUUID=722c9a0b-3ca8-46f2-9cba-02fdf2a68848, command=[]} | ret=SUCCESS |  
2019-08-30 07:42:52,122 | INFO  | SCMAudit | user=jenkins1000 | ip=192.168.34.43 | op=SEND_HEARTBEAT {datanodeUUID=3bf132e1-02b6-4168-801a-3d7ce793c0d9, command=[]} | ret=SUCCESS |  
2019-08-30 07:42:52,279 | INFO  | SCMAudit | user=jenkins1000 | ip=192.168.34.43 | op=SEND_HEARTBEAT {datanodeUUID=dcd35ce2-5653-4064-9aff-c1a2cac3fe1c, command=[]} | ret=SUCCESS |  
2019-08-30 07:42:52,318 | INFO  | SCMAudit | user=jenkins1000 | ip=192.168.34.43 | op=SEND_HEARTBEAT {datanodeUUID=dc0e8eda-8843-49e8-9024-f7c59bdcd9bc, command=[]} | ret=SUCCESS |  
2019-08-30 07:42:52,516 | INFO  | SCMAudit | user=jenkins1000 | ip=192.168.34.43 | op=SEND_HEARTBEAT {datanodeUUID=9e64560e-57c0-404b-a5e3-eb70c00d39cc, command=[]} | ret=SUCCESS |  
2019-08-30 07:42:52,801 | INFO  | SCMAudit | user=jenkins1000 | ip=192.168.34.43 | op=SEND_HEARTBEAT {datanodeUUID=722c9a0b-3ca8-46f2-9cba-02fdf2a68848, command=[]} | ret=SUCCESS |  
2019-08-30 07:42:53,122 | INFO  | SCMAudit | user=jenkins1000 | ip=192.168.34.43 | op=SEND_HEARTBEAT {datanodeUUID=3bf132e1-02b6-4168-801a-3d7ce793c0d9, command=[]} | ret=SUCCESS |  
2019-08-30 07:42:53,279 | INFO  | SCMAudit | user=jenkins1000 | ip=192.168.34.43 | op=SEND_HEARTBEAT {datanodeUUID=dcd35ce2-5653-4064-9aff-c1a2cac3fe1c, command=[]} | ret=SUCCESS |  
2019-08-30 07:42:53,318 | INFO  | SCMAudit | user=jenkins1000 | ip=192.168.34.43 | op=SEND_HEARTBEAT {datanodeUUID=dc0e8eda-8843-49e8-9024-f7c59bdcd9bc, command=[]} | ret=SUCCESS |  
2019-08-30 07:42:53,516 | INFO  | SCMAudit | user=jenkins1000 | ip=192.168.34.43 | op=SEND_HEARTBEAT {datanodeUUID=9e64560e-57c0-404b-a5e3-eb70c00d39cc, command=[]} | ret=SUCCESS |  
2019-08-30 07:42:53,801 | INFO  | SCMAudit | user=jenkins1000 | ip=192.168.34.43 | op=SEND_HEARTBEAT {datanodeUUID=722c9a0b-3ca8-46f2-9cba-02fdf2a68848, command=[]} | ret=SUCCESS |  
2019-08-30 07:42:54,121 | INFO  | SCMAudit | user=jenkins1000 | ip=192.168.34.43 | op=SEND_HEARTBEAT {datanodeUUID=3bf132e1-02b6-4168-801a-3d7ce793c0d9, command=[]} | ret=SUCCESS |  
2019-08-30 07:42:54,279 | INFO  | SCMAudit | user=jenkins1000 | ip=192.168.34.43 | op=SEND_HEARTBEAT {datanodeUUID=dcd35ce2-5653-4064-9aff-c1a2cac3fe1c, command=[]} | ret=SUCCESS |  
2019-08-30 07:42:54,317 | INFO  | SCMAudit | user=jenkins1000 | ip=192.168.34.43 | op=SEND_HEARTBEAT {datanodeUUID=dc0e8eda-8843-49e8-9024-f7c59bdcd9bc, command=[]} | ret=SUCCESS |  
2019-08-30 07:42:54,517 | INFO  | SCMAudit | user=jenkins1000 | ip=192.168.34.43 | op=SEND_HEARTBEAT {datanodeUUID=9e64560e-57c0-404b-a5e3-eb70c00d39cc, command=[]} | ret=SUCCESS |  
2019-08-30 07:42:54,801 | INFO  | SCMAudit | user=jenkins1000 | ip=192.168.34.43 | op=SEND_HEARTBEAT {datanodeUUID=722c9a0b-3ca8-46f2-9cba-02fdf2a68848, command=[]} | ret=SUCCESS |  
2019-08-30 07:42:55,122 | INFO  | SCMAudit | user=jenkins1000 | ip=192.168.34.43 | op=SEND_HEARTBEAT {datanodeUUID=3bf132e1-02b6-4168-801a-3d7ce793c0d9, command=[]} | ret=SUCCESS |  
2019-08-30 07:42:55,279 | INFO  | SCMAudit | user=jenkins1000 | ip=192.168.34.43 | op=SEND_HEARTBEAT {datanodeUUID=dcd35ce2-5653-4064-9aff-c1a2cac3fe1c, command=[]} | ret=SUCCESS |  
2019-08-30 07:42:55,317 | INFO  | SCMAudit | user=jenkins1000 | ip=192.168.34.43 | op=SEND_HEARTBEAT {datanodeUUID=dc0e8eda-8843-49e8-9024-f7c59bdcd9bc, command=[]} | ret=SUCCESS |  
2019-08-30 07:42:55,517 | INFO  | SCMAudit | user=jenkins1000 | ip=192.168.34.43 | op=SEND_HEARTBEAT {datanodeUUID=9e64560e-57c0-404b-a5e3-eb70c00d39cc, command=[]} | ret=SUCCESS |  
2019-08-30 07:42:55,802 | INFO  | SCMAudit | user=jenkins1000 | ip=192.168.34.43 | op=SEND_HEARTBEAT {datanodeUUID=722c9a0b-3ca8-46f2-9cba-02fdf2a68848, command=[]} | ret=SUCCESS |  
2019-08-30 07:42:55,968 [ForkJoinPool.commonPool-worker-1] INFO  ozoneimpl.OzoneContainer (OzoneContainer.java:stop(199)) - Attempting to stop container services.
2019-08-30 07:42:55,968 [main] INFO  ozoneimpl.OzoneContainer (OzoneContainer.java:stop(199)) - Attempting to stop container services.
2019-08-30 07:42:55,969 [ForkJoinPool.commonPool-worker-1] INFO  impl.RaftServerProxy (RaftServerProxy.java:lambda$close$4(314)) - 34c5bf21-796a-477d-8f73-056dd6ef4f82: close
2019-08-30 07:42:55,969 [main] INFO  impl.RaftServerProxy (RaftServerProxy.java:lambda$close$4(314)) - 9570f0ce-31bf-44b3-921f-a36f22efea54: close
2019-08-30 07:42:55,969 [ForkJoinPool.commonPool-worker-1] INFO  impl.RaftServerImpl (RaftServerImpl.java:lambda$shutdown$3(245)) - 34c5bf21-796a-477d-8f73-056dd6ef4f82: shutdown group-EB88B9DA382F
2019-08-30 07:42:55,970 [main] INFO  impl.RaftServerImpl (RaftServerImpl.java:lambda$shutdown$3(245)) - 9570f0ce-31bf-44b3-921f-a36f22efea54: shutdown group-1BA433C77393
2019-08-30 07:42:55,970 [ForkJoinPool.commonPool-worker-1] INFO  util.JmxRegister (JmxRegister.java:unregister(73)) - Successfully un-registered JMX Bean with object name Ratis:service=RaftServer,group=group-EB88B9DA382F,id=34c5bf21-796a-477d-8f73-056dd6ef4f82
2019-08-30 07:42:55,971 [main] INFO  util.JmxRegister (JmxRegister.java:unregister(73)) - Successfully un-registered JMX Bean with object name Ratis:service=RaftServer,group=group-1BA433C77393,id=9570f0ce-31bf-44b3-921f-a36f22efea54
2019-08-30 07:42:55,971 [ForkJoinPool.commonPool-worker-1] INFO  impl.RoleInfo (RoleInfo.java:shutdownLeaderState(104)) - 34c5bf21-796a-477d-8f73-056dd6ef4f82: shutdown LeaderState
2019-08-30 07:42:55,971 [main] INFO  impl.RoleInfo (RoleInfo.java:shutdownLeaderState(104)) - 9570f0ce-31bf-44b3-921f-a36f22efea54: shutdown LeaderState
2019-08-30 07:42:55,979 [org.apache.ratis.server.impl.LogAppender$AppenderDaemon$$Lambda$495/1544357464@b0e1b92] WARN  server.GrpcLogAppender (GrpcLogAppender.java:mayWait(143)) - GrpcLogAppender(34c5bf21-796a-477d-8f73-056dd6ef4f82->3bf132e1-02b6-4168-801a-3d7ce793c0d9): Wait interrupted by java.lang.InterruptedException
2019-08-30 07:42:55,979 [org.apache.ratis.server.impl.LogAppender$AppenderDaemon$$Lambda$495/1544357464@4e0c9497] WARN  server.GrpcLogAppender (GrpcLogAppender.java:mayWait(143)) - GrpcLogAppender(34c5bf21-796a-477d-8f73-056dd6ef4f82->9e64560e-57c0-404b-a5e3-eb70c00d39cc): Wait interrupted by java.lang.InterruptedException
2019-08-30 07:42:55,978 [ForkJoinPool.commonPool-worker-1] INFO  impl.PendingRequests (PendingRequests.java:sendNotLeaderResponses(202)) - 34c5bf21-796a-477d-8f73-056dd6ef4f82-PendingRequests: sendNotLeaderResponses
2019-08-30 07:42:55,979 [main] INFO  impl.PendingRequests (PendingRequests.java:sendNotLeaderResponses(202)) - 9570f0ce-31bf-44b3-921f-a36f22efea54-PendingRequests: sendNotLeaderResponses
2019-08-30 07:42:55,980 [ForkJoinPool.commonPool-worker-1] INFO  impl.StateMachineUpdater (StateMachineUpdater.java:stopAndJoin(115)) - StateMachineUpdater:34c5bf21-796a-477d-8f73-056dd6ef4f82:group-EB88B9DA382F: set stopIndex = 0
2019-08-30 07:42:55,980 [grpc-default-executor-3] INFO  server.GrpcServerProtocolService (GrpcServerProtocolService.java:onCompleted(104)) - 9e64560e-57c0-404b-a5e3-eb70c00d39cc: appendEntries completed
2019-08-30 07:42:55,980 [grpc-default-executor-1] INFO  server.GrpcServerProtocolService (GrpcServerProtocolService.java:onCompleted(104)) - 3bf132e1-02b6-4168-801a-3d7ce793c0d9: appendEntries completed
2019-08-30 07:42:55,980 [ForkJoinPool.commonPool-worker-1] INFO  impl.RaftServerImpl (ServerState.java:close(394)) - 34c5bf21-796a-477d-8f73-056dd6ef4f82:group-EB88B9DA382F closes. The last applied log index is 0
2019-08-30 07:42:55,980 [main] INFO  impl.StateMachineUpdater (StateMachineUpdater.java:stopAndJoin(115)) - StateMachineUpdater:9570f0ce-31bf-44b3-921f-a36f22efea54:group-1BA433C77393: set stopIndex = 0
2019-08-30 07:42:55,982 [34c5bf21-796a-477d-8f73-056dd6ef4f82-SegmentedRaftLogWorker:Storage Directory /workdir/hadoop-ozone/integration-test/target/test-dir/MiniOzoneClusterImpl-3c7659ee-c795-4d58-8fb8-a1742cb39c82/datanode-1/data/ratis/e25e788c-f308-4029-b5c8-eb88b9da382f] INFO  segmented.SegmentedRaftLogWorker (SegmentedRaftLogWorker.java:run(313)) - 34c5bf21-796a-477d-8f73-056dd6ef4f82-SegmentedRaftLogWorker:Storage Directory /workdir/hadoop-ozone/integration-test/target/test-dir/MiniOzoneClusterImpl-3c7659ee-c795-4d58-8fb8-a1742cb39c82/datanode-1/data/ratis/e25e788c-f308-4029-b5c8-eb88b9da382f was interrupted, exiting. There are 0 tasks remaining in the queue.
2019-08-30 07:42:55,981 [grpc-default-executor-1] INFO  server.GrpcLogAppender (GrpcLogAppender.java:onCompleted(292)) - 34c5bf21-796a-477d-8f73-056dd6ef4f82->9e64560e-57c0-404b-a5e3-eb70c00d39cc: follower responses appendEntries COMPLETED
2019-08-30 07:42:55,985 [ForkJoinPool.commonPool-worker-1] INFO  segmented.SegmentedRaftLogWorker (SegmentedRaftLogWorker.java:close(228)) - 34c5bf21-796a-477d-8f73-056dd6ef4f82-SegmentedRaftLogWorker:Storage Directory /workdir/hadoop-ozone/integration-test/target/test-dir/MiniOzoneClusterImpl-3c7659ee-c795-4d58-8fb8-a1742cb39c82/datanode-1/data/ratis/e25e788c-f308-4029-b5c8-eb88b9da382f close()
2019-08-30 07:42:55,982 [grpc-default-executor-3] INFO  server.GrpcLogAppender (GrpcLogAppender.java:onCompleted(292)) - 34c5bf21-796a-477d-8f73-056dd6ef4f82->3bf132e1-02b6-4168-801a-3d7ce793c0d9: follower responses appendEntries COMPLETED
2019-08-30 07:42:55,982 [main] INFO  impl.RaftServerImpl (ServerState.java:close(394)) - 9570f0ce-31bf-44b3-921f-a36f22efea54:group-1BA433C77393 closes. The last applied log index is 0
2019-08-30 07:42:55,995 [grpc-default-executor-3] INFO  impl.FollowerInfo (FollowerInfo.java:lambda$new$0(50)) - 34c5bf21-796a-477d-8f73-056dd6ef4f82->3bf132e1-02b6-4168-801a-3d7ce793c0d9: nextIndex: updateUnconditionally 1 -> 0
2019-08-30 07:42:55,992 [ForkJoinPool.commonPool-worker-1] INFO  impl.RaftServerImpl (RaftServerImpl.java:lambda$shutdown$3(245)) - 34c5bf21-796a-477d-8f73-056dd6ef4f82: shutdown group-7FEAE2D77442
2019-08-30 07:42:55,988 [grpc-default-executor-1] INFO  impl.FollowerInfo (FollowerInfo.java:lambda$new$0(50)) - 34c5bf21-796a-477d-8f73-056dd6ef4f82->9e64560e-57c0-404b-a5e3-eb70c00d39cc: nextIndex: updateUnconditionally 1 -> 0
2019-08-30 07:42:55,996 [ForkJoinPool.commonPool-worker-1] INFO  util.JmxRegister (JmxRegister.java:unregister(73)) - Successfully un-registered JMX Bean with object name Ratis:service=RaftServer,group=group-7FEAE2D77442,id=34c5bf21-796a-477d-8f73-056dd6ef4f82
2019-08-30 07:42:55,997 [ForkJoinPool.commonPool-worker-1] INFO  impl.RoleInfo (RoleInfo.java:shutdownLeaderState(104)) - 34c5bf21-796a-477d-8f73-056dd6ef4f82: shutdown LeaderState
2019-08-30 07:42:55,996 [9570f0ce-31bf-44b3-921f-a36f22efea54-SegmentedRaftLogWorker:Storage Directory /workdir/hadoop-ozone/integration-test/target/test-dir/MiniOzoneClusterImpl-3c7659ee-c795-4d58-8fb8-a1742cb39c82/datanode-4/data/ratis/a04a9c92-b04c-43dd-9d5d-1ba433c77393] INFO  segmented.SegmentedRaftLogWorker (SegmentedRaftLogWorker.java:run(313)) - 9570f0ce-31bf-44b3-921f-a36f22efea54-SegmentedRaftLogWorker:Storage Directory /workdir/hadoop-ozone/integration-test/target/test-dir/MiniOzoneClusterImpl-3c7659ee-c795-4d58-8fb8-a1742cb39c82/datanode-4/data/ratis/a04a9c92-b04c-43dd-9d5d-1ba433c77393 was interrupted, exiting. There are 0 tasks remaining in the queue.
2019-08-30 07:42:55,997 [ForkJoinPool.commonPool-worker-1] INFO  impl.PendingRequests (PendingRequests.java:sendNotLeaderResponses(202)) - 34c5bf21-796a-477d-8f73-056dd6ef4f82-PendingRequests: sendNotLeaderResponses
2019-08-30 07:42:55,999 [main] INFO  segmented.SegmentedRaftLogWorker (SegmentedRaftLogWorker.java:close(228)) - 9570f0ce-31bf-44b3-921f-a36f22efea54-SegmentedRaftLogWorker:Storage Directory /workdir/hadoop-ozone/integration-test/target/test-dir/MiniOzoneClusterImpl-3c7659ee-c795-4d58-8fb8-a1742cb39c82/datanode-4/data/ratis/a04a9c92-b04c-43dd-9d5d-1ba433c77393 close()
2019-08-30 07:42:56,000 [ForkJoinPool.commonPool-worker-1] INFO  impl.StateMachineUpdater (StateMachineUpdater.java:stopAndJoin(115)) - StateMachineUpdater:34c5bf21-796a-477d-8f73-056dd6ef4f82:group-7FEAE2D77442: set stopIndex = 0
2019-08-30 07:42:56,004 [main] INFO  impl.RaftServerImpl (RaftServerImpl.java:lambda$shutdown$3(245)) - 9570f0ce-31bf-44b3-921f-a36f22efea54: shutdown group-CB9C606E82CE
2019-08-30 07:42:56,005 [ForkJoinPool.commonPool-worker-1] INFO  impl.RaftServerImpl (ServerState.java:close(394)) - 34c5bf21-796a-477d-8f73-056dd6ef4f82:group-7FEAE2D77442 closes. The last applied log index is 0
2019-08-30 07:42:56,005 [main] INFO  util.JmxRegister (JmxRegister.java:unregister(73)) - Successfully un-registered JMX Bean with object name Ratis:service=RaftServer,group=group-CB9C606E82CE,id=9570f0ce-31bf-44b3-921f-a36f22efea54
2019-08-30 07:42:56,006 [34c5bf21-796a-477d-8f73-056dd6ef4f82-SegmentedRaftLogWorker:Storage Directory /workdir/hadoop-ozone/integration-test/target/test-dir/MiniOzoneClusterImpl-3c7659ee-c795-4d58-8fb8-a1742cb39c82/datanode-1/data/ratis/d9941bfd-14ce-466f-890e-7feae2d77442] INFO  segmented.SegmentedRaftLogWorker (SegmentedRaftLogWorker.java:run(313)) - 34c5bf21-796a-477d-8f73-056dd6ef4f82-SegmentedRaftLogWorker:Storage Directory /workdir/hadoop-ozone/integration-test/target/test-dir/MiniOzoneClusterImpl-3c7659ee-c795-4d58-8fb8-a1742cb39c82/datanode-1/data/ratis/d9941bfd-14ce-466f-890e-7feae2d77442 was interrupted, exiting. There are 0 tasks remaining in the queue.
2019-08-30 07:42:56,006 [main] INFO  impl.RoleInfo (RoleInfo.java:shutdownFollowerState(121)) - 9570f0ce-31bf-44b3-921f-a36f22efea54: shutdown FollowerState
2019-08-30 07:42:56,008 [ForkJoinPool.commonPool-worker-1] INFO  segmented.SegmentedRaftLogWorker (SegmentedRaftLogWorker.java:close(228)) - 34c5bf21-796a-477d-8f73-056dd6ef4f82-SegmentedRaftLogWorker:Storage Directory /workdir/hadoop-ozone/integration-test/target/test-dir/MiniOzoneClusterImpl-3c7659ee-c795-4d58-8fb8-a1742cb39c82/datanode-1/data/ratis/d9941bfd-14ce-466f-890e-7feae2d77442 close()
2019-08-30 07:42:56,009 [Thread-789] INFO  impl.FollowerState (FollowerState.java:run(114)) - 9570f0ce-31bf-44b3-921f-a36f22efea54: FollowerState was interrupted: java.lang.InterruptedException: sleep interrupted
2019-08-30 07:42:56,016 [StateMachineUpdater:9570f0ce-31bf-44b3-921f-a36f22efea54:group-CB9C606E82CE] INFO  ratis.ContainerStateMachine (ContainerStateMachine.java:takeSnapshot(283)) - group-CB9C606E82CE: Taking a snapshot at:(t:1, i:6) file /workdir/hadoop-ozone/integration-test/target/test-dir/MiniOzoneClusterImpl-3c7659ee-c795-4d58-8fb8-a1742cb39c82/datanode-4/data/ratis/02840816-6a80-4468-84ff-cb9c606e82ce/sm/snapshot.1_6
2019-08-30 07:42:56,009 [main] INFO  impl.StateMachineUpdater (StateMachineUpdater.java:stopAndJoin(115)) - StateMachineUpdater:9570f0ce-31bf-44b3-921f-a36f22efea54:group-CB9C606E82CE: set stopIndex = 8
2019-08-30 07:42:56,016 [ForkJoinPool.commonPool-worker-1] INFO  server.GrpcService (GrpcService.java:closeImpl(155)) - 34c5bf21-796a-477d-8f73-056dd6ef4f82: shutdown server with port 44416 now
2019-08-30 07:42:56,020 [ForkJoinPool.commonPool-worker-1] INFO  server.GrpcService (GrpcService.java:closeImpl(163)) - 34c5bf21-796a-477d-8f73-056dd6ef4f82: shutdown server with port 44416 successfully
2019-08-30 07:42:56,021 [ForkJoinPool.commonPool-worker-1] INFO  utils.BackgroundService (BackgroundService.java:shutdown(148)) - Shutting down service BlockDeletingService
2019-08-30 07:42:56,040 [refreshUsed-/workdir/hadoop-ozone/integration-test/target/test-dir/MiniOzoneClusterImpl-3c7659ee-c795-4d58-8fb8-a1742cb39c82/datanode-1/data/containers] WARN  fs.CachingGetSpaceUsed (CachingGetSpaceUsed.java:run(183)) - Thread Interrupted waiting to refresh disk information: sleep interrupted
2019-08-30 07:42:56,050 [StateMachineUpdater:9570f0ce-31bf-44b3-921f-a36f22efea54:group-CB9C606E82CE] INFO  ratis.ContainerStateMachine (ContainerStateMachine.java:takeSnapshot(294)) - group-CB9C606E82CE: Finished taking a snapshot at:(t:1, i:6) file:/workdir/hadoop-ozone/integration-test/target/test-dir/MiniOzoneClusterImpl-3c7659ee-c795-4d58-8fb8-a1742cb39c82/datanode-4/data/ratis/02840816-6a80-4468-84ff-cb9c606e82ce/sm/snapshot.1_6 time:42
2019-08-30 07:42:56,051 [StateMachineUpdater:9570f0ce-31bf-44b3-921f-a36f22efea54:group-CB9C606E82CE] INFO  impl.StateMachineUpdater (StateMachineUpdater.java:takeSnapshot(242)) - StateMachineUpdater:9570f0ce-31bf-44b3-921f-a36f22efea54:group-CB9C606E82CE: Took a snapshot at index 6
2019-08-30 07:42:56,051 [StateMachineUpdater:9570f0ce-31bf-44b3-921f-a36f22efea54:group-CB9C606E82CE] INFO  impl.StateMachineUpdater (StateMachineUpdater.java:lambda$new$0(80)) - StateMachineUpdater:9570f0ce-31bf-44b3-921f-a36f22efea54:group-CB9C606E82CE: snapshotIndex: updateIncreasingly -1 -> 6
2019-08-30 07:42:56,051 [main] INFO  impl.RaftServerImpl (ServerState.java:close(394)) - 9570f0ce-31bf-44b3-921f-a36f22efea54:group-CB9C606E82CE closes. The last applied log index is 8
2019-08-30 07:42:56,052 [9570f0ce-31bf-44b3-921f-a36f22efea54-SegmentedRaftLogWorker:Storage Directory /workdir/hadoop-ozone/integration-test/target/test-dir/MiniOzoneClusterImpl-3c7659ee-c795-4d58-8fb8-a1742cb39c82/datanode-4/data/ratis/02840816-6a80-4468-84ff-cb9c606e82ce] INFO  segmented.SegmentedRaftLogWorker (SegmentedRaftLogWorker.java:run(313)) - 9570f0ce-31bf-44b3-921f-a36f22efea54-SegmentedRaftLogWorker:Storage Directory /workdir/hadoop-ozone/integration-test/target/test-dir/MiniOzoneClusterImpl-3c7659ee-c795-4d58-8fb8-a1742cb39c82/datanode-4/data/ratis/02840816-6a80-4468-84ff-cb9c606e82ce was interrupted, exiting. There are 0 tasks remaining in the queue.
2019-08-30 07:42:56,055 [main] INFO  segmented.SegmentedRaftLogWorker (SegmentedRaftLogWorker.java:close(228)) - 9570f0ce-31bf-44b3-921f-a36f22efea54-SegmentedRaftLogWorker:Storage Directory /workdir/hadoop-ozone/integration-test/target/test-dir/MiniOzoneClusterImpl-3c7659ee-c795-4d58-8fb8-a1742cb39c82/datanode-4/data/ratis/02840816-6a80-4468-84ff-cb9c606e82ce close()
2019-08-30 07:42:56,071 [main] INFO  server.GrpcService (GrpcService.java:closeImpl(155)) - 9570f0ce-31bf-44b3-921f-a36f22efea54: shutdown server with port 35099 now
2019-08-30 07:42:56,072 [grpc-default-executor-3] WARN  server.GrpcServerProtocolService (LogUtils.java:warn(134)) - 9570f0ce-31bf-44b3-921f-a36f22efea54: appendEntries onError: org.apache.ratis.thirdparty.io.grpc.StatusRuntimeException: CANCELLED: cancelled before receiving half close
2019-08-30 07:42:56,072 [main] INFO  server.GrpcService (GrpcService.java:closeImpl(163)) - 9570f0ce-31bf-44b3-921f-a36f22efea54: shutdown server with port 35099 successfully
2019-08-30 07:42:56,073 [grpc-default-executor-5] WARN  server.GrpcLogAppender (LogUtils.java:warn(134)) - dcd35ce2-5653-4064-9aff-c1a2cac3fe1c->9570f0ce-31bf-44b3-921f-a36f22efea54: Failed appendEntries: org.apache.ratis.thirdparty.io.grpc.StatusRuntimeException: CANCELLED: HTTP/2 error code: CANCEL
Received Rst Stream
2019-08-30 07:42:56,076 [grpc-default-executor-5] INFO  impl.FollowerInfo (FollowerInfo.java:lambda$new$0(50)) - dcd35ce2-5653-4064-9aff-c1a2cac3fe1c->9570f0ce-31bf-44b3-921f-a36f22efea54: nextIndex: updateUnconditionally 9 -> 8
2019-08-30 07:42:56,085 [ForkJoinPool.commonPool-worker-1] INFO  statemachine.DatanodeStateMachine (DatanodeStateMachine.java:stopDaemon(395)) - Ozone container server stopped.
2019-08-30 07:42:56,093 [ForkJoinPool.commonPool-worker-1] INFO  handler.ContextHandler (ContextHandler.java:doStop(910)) - Stopped o.e.j.w.WebAppContext@761f234c{/,null,UNAVAILABLE}{/hddsDatanode}
2019-08-30 07:42:56,093 [main] INFO  utils.BackgroundService (BackgroundService.java:shutdown(148)) - Shutting down service BlockDeletingService
2019-08-30 07:42:56,095 [ForkJoinPool.commonPool-worker-1] INFO  server.AbstractConnector (AbstractConnector.java:doStop(318)) - Stopped ServerConnector@773867b7{HTTP/1.1,[http/1.1]}{0.0.0.0:0}
2019-08-30 07:42:56,098 [ForkJoinPool.commonPool-worker-1] INFO  handler.ContextHandler (ContextHandler.java:doStop(910)) - Stopped o.e.j.s.ServletContextHandler@7e1d8d41{/static,jar:file:/home/user/.m2/repository/org/apache/hadoop/hadoop-hdds-container-service/0.5.0-SNAPSHOT/hadoop-hdds-container-service-0.5.0-SNAPSHOT.jar!/webapps/static,UNAVAILABLE}
2019-08-30 07:42:56,100 [ForkJoinPool.commonPool-worker-1] INFO  handler.ContextHandler (ContextHandler.java:doStop(910)) - Stopped o.e.j.s.ServletContextHandler@d76099a{/logs,file:///workdir/hadoop-ozone/integration-test/target/log,UNAVAILABLE}
2019-08-30 07:42:56,101 [refreshUsed-/workdir/hadoop-ozone/integration-test/target/test-dir/MiniOzoneClusterImpl-3c7659ee-c795-4d58-8fb8-a1742cb39c82/datanode-4/data/containers] WARN  fs.CachingGetSpaceUsed (CachingGetSpaceUsed.java:run(183)) - Thread Interrupted waiting to refresh disk information: sleep interrupted
2019-08-30 07:42:56,102 [ForkJoinPool.commonPool-worker-1] INFO  datanode.ObjectStoreHandler (ObjectStoreHandler.java:close(155)) - Closing ObjectStoreHandler.
2019-08-30 07:42:56,102 [ForkJoinPool.commonPool-worker-1] INFO  ozone.HddsDatanodeService (HddsDatanodeService.java:stop(451)) - Stopped plug-in org.apache.hadoop.ozone.web.OzoneHddsDatanodeService@16029e2f
2019-08-30 07:42:56,119 [main] INFO  statemachine.DatanodeStateMachine (DatanodeStateMachine.java:stopDaemon(395)) - Ozone container server stopped.
2019-08-30 07:42:56,120 [main] INFO  handler.ContextHandler (ContextHandler.java:doStop(910)) - Stopped o.e.j.w.WebAppContext@422ba9b7{/,null,UNAVAILABLE}{/hddsDatanode}
2019-08-30 07:42:56,121 [main] INFO  server.AbstractConnector (AbstractConnector.java:doStop(318)) - Stopped ServerConnector@26cdd4af{HTTP/1.1,[http/1.1]}{0.0.0.0:0}
2019-08-30 07:42:56,122 [main] INFO  handler.ContextHandler (ContextHandler.java:doStop(910)) - Stopped o.e.j.s.ServletContextHandler@294c44b7{/static,jar:file:/home/user/.m2/repository/org/apache/hadoop/hadoop-hdds-container-service/0.5.0-SNAPSHOT/hadoop-hdds-container-service-0.5.0-SNAPSHOT.jar!/webapps/static,UNAVAILABLE}
2019-08-30 07:42:56,122 | INFO  | SCMAudit | user=jenkins1000 | ip=192.168.34.43 | op=SEND_HEARTBEAT {datanodeUUID=3bf132e1-02b6-4168-801a-3d7ce793c0d9, command=[]} | ret=SUCCESS |  
2019-08-30 07:42:56,122 [main] INFO  handler.ContextHandler (ContextHandler.java:doStop(910)) - Stopped o.e.j.s.ServletContextHandler@1ae9d0e4{/logs,file:///workdir/hadoop-ozone/integration-test/target/log,UNAVAILABLE}
2019-08-30 07:42:56,123 [main] INFO  datanode.ObjectStoreHandler (ObjectStoreHandler.java:close(155)) - Closing ObjectStoreHandler.
2019-08-30 07:42:56,124 [main] INFO  ozone.HddsDatanodeService (HddsDatanodeService.java:stop(451)) - Stopped plug-in org.apache.hadoop.ozone.web.OzoneHddsDatanodeService@5b6cc344
2019-08-30 07:42:56,150 [grpc-default-executor-3] WARN  server.GrpcLogAppender (LogUtils.java:warn(134)) - dcd35ce2-5653-4064-9aff-c1a2cac3fe1c->9570f0ce-31bf-44b3-921f-a36f22efea54: Failed appendEntries: org.apache.ratis.thirdparty.io.grpc.StatusRuntimeException: UNAVAILABLE: io exception
2019-08-30 07:42:56,153 [grpc-default-executor-3] INFO  impl.FollowerInfo (FollowerInfo.java:lambda$new$0(50)) - dcd35ce2-5653-4064-9aff-c1a2cac3fe1c->9570f0ce-31bf-44b3-921f-a36f22efea54: nextIndex: updateUnconditionally 8 -> 7
2019-08-30 07:42:56,279 [Datanode State Machine Thread - 0] INFO  statemachine.DatanodeStateMachine (DatanodeStateMachine.java:lambda$startDaemon$0(350)) - Ozone container server started.
2019-08-30 07:42:56,317 | INFO  | SCMAudit | user=jenkins1000 | ip=192.168.34.43 | op=SEND_HEARTBEAT {datanodeUUID=dc0e8eda-8843-49e8-9024-f7c59bdcd9bc, command=[]} | ret=SUCCESS |  
2019-08-30 07:42:56,517 [Datanode State Machine Thread - 0] INFO  statemachine.DatanodeStateMachine (DatanodeStateMachine.java:lambda$startDaemon$0(350)) - Ozone container server started.
2019-08-30 07:42:56,801 | INFO  | SCMAudit | user=jenkins1000 | ip=192.168.34.43 | op=SEND_HEARTBEAT {datanodeUUID=722c9a0b-3ca8-46f2-9cba-02fdf2a68848, command=[]} | ret=SUCCESS |  
2019-08-30 07:42:57,122 | INFO  | SCMAudit | user=jenkins1000 | ip=192.168.34.43 | op=SEND_HEARTBEAT {datanodeUUID=3bf132e1-02b6-4168-801a-3d7ce793c0d9, command=[]} | ret=SUCCESS |  
2019-08-30 07:42:57,318 | INFO  | SCMAudit | user=jenkins1000 | ip=192.168.34.43 | op=SEND_HEARTBEAT {datanodeUUID=dc0e8eda-8843-49e8-9024-f7c59bdcd9bc, command=[]} | ret=SUCCESS |  
2019-08-30 07:42:57,801 | INFO  | SCMAudit | user=jenkins1000 | ip=192.168.34.43 | op=SEND_HEARTBEAT {datanodeUUID=722c9a0b-3ca8-46f2-9cba-02fdf2a68848, command=[]} | ret=SUCCESS |  
2019-08-30 07:42:58,123 | INFO  | SCMAudit | user=jenkins1000 | ip=192.168.34.43 | op=SEND_HEARTBEAT {datanodeUUID=3bf132e1-02b6-4168-801a-3d7ce793c0d9, command=[]} | ret=SUCCESS |  
2019-08-30 07:42:58,318 | INFO  | SCMAudit | user=jenkins1000 | ip=192.168.34.43 | op=SEND_HEARTBEAT {datanodeUUID=dc0e8eda-8843-49e8-9024-f7c59bdcd9bc, command=[]} | ret=SUCCESS |  
2019-08-30 07:42:58,651 [grpc-default-executor-6] WARN  server.GrpcLogAppender (LogUtils.java:warn(134)) - dcd35ce2-5653-4064-9aff-c1a2cac3fe1c->9570f0ce-31bf-44b3-921f-a36f22efea54: Failed appendEntries: org.apache.ratis.thirdparty.io.grpc.StatusRuntimeException: UNAVAILABLE: io exception
2019-08-30 07:42:58,654 [grpc-default-executor-6] INFO  impl.FollowerInfo (FollowerInfo.java:lambda$new$0(50)) - dcd35ce2-5653-4064-9aff-c1a2cac3fe1c->9570f0ce-31bf-44b3-921f-a36f22efea54: nextIndex: updateUnconditionally 7 -> 6
2019-08-30 07:42:58,801 | INFO  | SCMAudit | user=jenkins1000 | ip=192.168.34.43 | op=SEND_HEARTBEAT {datanodeUUID=722c9a0b-3ca8-46f2-9cba-02fdf2a68848, command=[]} | ret=SUCCESS |  
2019-08-30 07:42:59,123 | INFO  | SCMAudit | user=jenkins1000 | ip=192.168.34.43 | op=SEND_HEARTBEAT {datanodeUUID=3bf132e1-02b6-4168-801a-3d7ce793c0d9, command=[]} | ret=SUCCESS |  
2019-08-30 07:42:59,318 | INFO  | SCMAudit | user=jenkins1000 | ip=192.168.34.43 | op=SEND_HEARTBEAT {datanodeUUID=dc0e8eda-8843-49e8-9024-f7c59bdcd9bc, command=[]} | ret=SUCCESS |  
2019-08-30 07:42:59,802 | INFO  | SCMAudit | user=jenkins1000 | ip=192.168.34.43 | op=SEND_HEARTBEAT {datanodeUUID=722c9a0b-3ca8-46f2-9cba-02fdf2a68848, command=[]} | ret=SUCCESS |  
2019-08-30 07:43:00,122 | INFO  | SCMAudit | user=jenkins1000 | ip=192.168.34.43 | op=SEND_HEARTBEAT {datanodeUUID=3bf132e1-02b6-4168-801a-3d7ce793c0d9, command=[]} | ret=SUCCESS |  
2019-08-30 07:43:00,318 | INFO  | SCMAudit | user=jenkins1000 | ip=192.168.34.43 | op=SEND_HEARTBEAT {datanodeUUID=dc0e8eda-8843-49e8-9024-f7c59bdcd9bc, command=[]} | ret=SUCCESS |  
2019-08-30 07:43:00,802 | INFO  | SCMAudit | user=jenkins1000 | ip=192.168.34.43 | op=SEND_HEARTBEAT {datanodeUUID=722c9a0b-3ca8-46f2-9cba-02fdf2a68848, command=[]} | ret=SUCCESS |  
2019-08-30 07:43:01,103 [ForkJoinPool.commonPool-worker-1] INFO  ozoneimpl.OzoneContainer (OzoneContainer.java:stop(199)) - Attempting to stop container services.
2019-08-30 07:43:01,104 [ForkJoinPool.commonPool-worker-1] INFO  impl.RaftServerProxy (RaftServerProxy.java:lambda$close$4(314)) - 9e64560e-57c0-404b-a5e3-eb70c00d39cc: close
2019-08-30 07:43:01,104 [ForkJoinPool.commonPool-worker-1] INFO  impl.RaftServerImpl (RaftServerImpl.java:lambda$shutdown$3(245)) - 9e64560e-57c0-404b-a5e3-eb70c00d39cc: shutdown group-EDBB65612BE4
2019-08-30 07:43:01,104 [ForkJoinPool.commonPool-worker-1] INFO  util.JmxRegister (JmxRegister.java:unregister(73)) - Successfully un-registered JMX Bean with object name Ratis:service=RaftServer,group=group-EDBB65612BE4,id=9e64560e-57c0-404b-a5e3-eb70c00d39cc
2019-08-30 07:43:01,105 [ForkJoinPool.commonPool-worker-1] INFO  impl.RoleInfo (RoleInfo.java:shutdownLeaderState(104)) - 9e64560e-57c0-404b-a5e3-eb70c00d39cc: shutdown LeaderState
2019-08-30 07:43:01,105 [ForkJoinPool.commonPool-worker-1] INFO  impl.PendingRequests (PendingRequests.java:sendNotLeaderResponses(202)) - 9e64560e-57c0-404b-a5e3-eb70c00d39cc-PendingRequests: sendNotLeaderResponses
2019-08-30 07:43:01,105 [ForkJoinPool.commonPool-worker-1] INFO  impl.StateMachineUpdater (StateMachineUpdater.java:stopAndJoin(115)) - StateMachineUpdater:9e64560e-57c0-404b-a5e3-eb70c00d39cc:group-EDBB65612BE4: set stopIndex = 0
2019-08-30 07:43:01,106 [ForkJoinPool.commonPool-worker-1] INFO  impl.RaftServerImpl (ServerState.java:close(394)) - 9e64560e-57c0-404b-a5e3-eb70c00d39cc:group-EDBB65612BE4 closes. The last applied log index is 0
2019-08-30 07:43:01,106 [9e64560e-57c0-404b-a5e3-eb70c00d39cc-SegmentedRaftLogWorker:Storage Directory /workdir/hadoop-ozone/integration-test/target/test-dir/MiniOzoneClusterImpl-3c7659ee-c795-4d58-8fb8-a1742cb39c82/datanode-2/data/ratis/9b93f841-8335-443c-9bd6-edbb65612be4] INFO  segmented.SegmentedRaftLogWorker (SegmentedRaftLogWorker.java:run(313)) - 9e64560e-57c0-404b-a5e3-eb70c00d39cc-SegmentedRaftLogWorker:Storage Directory /workdir/hadoop-ozone/integration-test/target/test-dir/MiniOzoneClusterImpl-3c7659ee-c795-4d58-8fb8-a1742cb39c82/datanode-2/data/ratis/9b93f841-8335-443c-9bd6-edbb65612be4 was interrupted, exiting. There are 0 tasks remaining in the queue.
2019-08-30 07:43:01,110 [ForkJoinPool.commonPool-worker-1] INFO  segmented.SegmentedRaftLogWorker (SegmentedRaftLogWorker.java:close(228)) - 9e64560e-57c0-404b-a5e3-eb70c00d39cc-SegmentedRaftLogWorker:Storage Directory /workdir/hadoop-ozone/integration-test/target/test-dir/MiniOzoneClusterImpl-3c7659ee-c795-4d58-8fb8-a1742cb39c82/datanode-2/data/ratis/9b93f841-8335-443c-9bd6-edbb65612be4 close()
2019-08-30 07:43:01,112 [ForkJoinPool.commonPool-worker-1] INFO  impl.RaftServerImpl (RaftServerImpl.java:lambda$shutdown$3(245)) - 9e64560e-57c0-404b-a5e3-eb70c00d39cc: shutdown group-EB88B9DA382F
2019-08-30 07:43:01,112 [ForkJoinPool.commonPool-worker-1] INFO  util.JmxRegister (JmxRegister.java:unregister(73)) - Successfully un-registered JMX Bean with object name Ratis:service=RaftServer,group=group-EB88B9DA382F,id=9e64560e-57c0-404b-a5e3-eb70c00d39cc
2019-08-30 07:43:01,112 [ForkJoinPool.commonPool-worker-1] INFO  impl.RoleInfo (RoleInfo.java:shutdownFollowerState(121)) - 9e64560e-57c0-404b-a5e3-eb70c00d39cc: shutdown FollowerState
2019-08-30 07:43:01,112 [ForkJoinPool.commonPool-worker-1] INFO  impl.StateMachineUpdater (StateMachineUpdater.java:stopAndJoin(115)) - StateMachineUpdater:9e64560e-57c0-404b-a5e3-eb70c00d39cc:group-EB88B9DA382F: set stopIndex = 0
2019-08-30 07:43:01,113 [Thread-771] INFO  impl.FollowerState (FollowerState.java:run(114)) - 9e64560e-57c0-404b-a5e3-eb70c00d39cc: FollowerState was interrupted: java.lang.InterruptedException: sleep interrupted
2019-08-30 07:43:01,113 [ForkJoinPool.commonPool-worker-1] INFO  impl.RaftServerImpl (ServerState.java:close(394)) - 9e64560e-57c0-404b-a5e3-eb70c00d39cc:group-EB88B9DA382F closes. The last applied log index is 0
2019-08-30 07:43:01,115 [9e64560e-57c0-404b-a5e3-eb70c00d39cc-SegmentedRaftLogWorker:Storage Directory /workdir/hadoop-ozone/integration-test/target/test-dir/MiniOzoneClusterImpl-3c7659ee-c795-4d58-8fb8-a1742cb39c82/datanode-2/data/ratis/e25e788c-f308-4029-b5c8-eb88b9da382f] INFO  segmented.SegmentedRaftLogWorker (SegmentedRaftLogWorker.java:run(313)) - 9e64560e-57c0-404b-a5e3-eb70c00d39cc-SegmentedRaftLogWorker:Storage Directory /workdir/hadoop-ozone/integration-test/target/test-dir/MiniOzoneClusterImpl-3c7659ee-c795-4d58-8fb8-a1742cb39c82/datanode-2/data/ratis/e25e788c-f308-4029-b5c8-eb88b9da382f was interrupted, exiting. There are 0 tasks remaining in the queue.
2019-08-30 07:43:01,122 [ForkJoinPool.commonPool-worker-1] INFO  segmented.SegmentedRaftLogWorker (SegmentedRaftLogWorker.java:close(228)) - 9e64560e-57c0-404b-a5e3-eb70c00d39cc-SegmentedRaftLogWorker:Storage Directory /workdir/hadoop-ozone/integration-test/target/test-dir/MiniOzoneClusterImpl-3c7659ee-c795-4d58-8fb8-a1742cb39c82/datanode-2/data/ratis/e25e788c-f308-4029-b5c8-eb88b9da382f close()
2019-08-30 07:43:01,122 | INFO  | SCMAudit | user=jenkins1000 | ip=192.168.34.43 | op=SEND_HEARTBEAT {datanodeUUID=3bf132e1-02b6-4168-801a-3d7ce793c0d9, command=[]} | ret=SUCCESS |  
2019-08-30 07:43:01,125 [ForkJoinPool.commonPool-worker-1] INFO  server.GrpcService (GrpcService.java:closeImpl(155)) - 9e64560e-57c0-404b-a5e3-eb70c00d39cc: shutdown server with port 38051 now
2019-08-30 07:43:01,127 [main] INFO  ozoneimpl.OzoneContainer (OzoneContainer.java:stop(199)) - Attempting to stop container services.
2019-08-30 07:43:01,129 [ForkJoinPool.commonPool-worker-1] INFO  server.GrpcService (GrpcService.java:closeImpl(163)) - 9e64560e-57c0-404b-a5e3-eb70c00d39cc: shutdown server with port 38051 successfully
2019-08-30 07:43:01,129 [main] INFO  impl.RaftServerProxy (RaftServerProxy.java:lambda$close$4(314)) - dcd35ce2-5653-4064-9aff-c1a2cac3fe1c: close
2019-08-30 07:43:01,130 [main] INFO  impl.RaftServerImpl (RaftServerImpl.java:lambda$shutdown$3(245)) - dcd35ce2-5653-4064-9aff-c1a2cac3fe1c: shutdown group-1F36B8488252
2019-08-30 07:43:01,130 [main] INFO  util.JmxRegister (JmxRegister.java:unregister(73)) - Successfully un-registered JMX Bean with object name Ratis:service=RaftServer,group=group-1F36B8488252,id=dcd35ce2-5653-4064-9aff-c1a2cac3fe1c
2019-08-30 07:43:01,130 [ForkJoinPool.commonPool-worker-1] INFO  utils.BackgroundService (BackgroundService.java:shutdown(148)) - Shutting down service BlockDeletingService
2019-08-30 07:43:01,131 [main] INFO  impl.RoleInfo (RoleInfo.java:shutdownLeaderState(104)) - dcd35ce2-5653-4064-9aff-c1a2cac3fe1c: shutdown LeaderState
2019-08-30 07:43:01,132 [main] INFO  impl.PendingRequests (PendingRequests.java:sendNotLeaderResponses(202)) - dcd35ce2-5653-4064-9aff-c1a2cac3fe1c-PendingRequests: sendNotLeaderResponses
2019-08-30 07:43:01,132 [main] INFO  impl.StateMachineUpdater (StateMachineUpdater.java:stopAndJoin(115)) - StateMachineUpdater:dcd35ce2-5653-4064-9aff-c1a2cac3fe1c:group-1F36B8488252: set stopIndex = 0
2019-08-30 07:43:01,133 [refreshUsed-/workdir/hadoop-ozone/integration-test/target/test-dir/MiniOzoneClusterImpl-3c7659ee-c795-4d58-8fb8-a1742cb39c82/datanode-2/data/containers] WARN  fs.CachingGetSpaceUsed (CachingGetSpaceUsed.java:run(183)) - Thread Interrupted waiting to refresh disk information: sleep interrupted
2019-08-30 07:43:01,134 [main] INFO  impl.RaftServerImpl (ServerState.java:close(394)) - dcd35ce2-5653-4064-9aff-c1a2cac3fe1c:group-1F36B8488252 closes. The last applied log index is 0
2019-08-30 07:43:01,135 [dcd35ce2-5653-4064-9aff-c1a2cac3fe1c-SegmentedRaftLogWorker:Storage Directory /workdir/hadoop-ozone/integration-test/target/test-dir/MiniOzoneClusterImpl-3c7659ee-c795-4d58-8fb8-a1742cb39c82/datanode-3/data/ratis/43eb03c5-176c-40ab-b8d2-1f36b8488252] INFO  segmented.SegmentedRaftLogWorker (SegmentedRaftLogWorker.java:run(313)) - dcd35ce2-5653-4064-9aff-c1a2cac3fe1c-SegmentedRaftLogWorker:Storage Directory /workdir/hadoop-ozone/integration-test/target/test-dir/MiniOzoneClusterImpl-3c7659ee-c795-4d58-8fb8-a1742cb39c82/datanode-3/data/ratis/43eb03c5-176c-40ab-b8d2-1f36b8488252 was interrupted, exiting. There are 0 tasks remaining in the queue.
2019-08-30 07:43:01,137 [main] INFO  segmented.SegmentedRaftLogWorker (SegmentedRaftLogWorker.java:close(228)) - dcd35ce2-5653-4064-9aff-c1a2cac3fe1c-SegmentedRaftLogWorker:Storage Directory /workdir/hadoop-ozone/integration-test/target/test-dir/MiniOzoneClusterImpl-3c7659ee-c795-4d58-8fb8-a1742cb39c82/datanode-3/data/ratis/43eb03c5-176c-40ab-b8d2-1f36b8488252 close()
2019-08-30 07:43:01,139 [main] INFO  impl.RaftServerImpl (RaftServerImpl.java:lambda$shutdown$3(245)) - dcd35ce2-5653-4064-9aff-c1a2cac3fe1c: shutdown group-CB9C606E82CE
2019-08-30 07:43:01,140 [main] INFO  util.JmxRegister (JmxRegister.java:unregister(73)) - Successfully un-registered JMX Bean with object name Ratis:service=RaftServer,group=group-CB9C606E82CE,id=dcd35ce2-5653-4064-9aff-c1a2cac3fe1c
2019-08-30 07:43:01,140 [main] INFO  impl.RoleInfo (RoleInfo.java:shutdownLeaderState(104)) - dcd35ce2-5653-4064-9aff-c1a2cac3fe1c: shutdown LeaderState
2019-08-30 07:43:01,143 [main] INFO  impl.PendingRequests (PendingRequests.java:sendNotLeaderResponses(202)) - dcd35ce2-5653-4064-9aff-c1a2cac3fe1c-PendingRequests: sendNotLeaderResponses
2019-08-30 07:43:01,143 [org.apache.ratis.server.impl.LogAppender$AppenderDaemon$$Lambda$495/1544357464@42dfd6f6] WARN  server.GrpcLogAppender (GrpcLogAppender.java:mayWait(143)) - GrpcLogAppender(dcd35ce2-5653-4064-9aff-c1a2cac3fe1c->dc0e8eda-8843-49e8-9024-f7c59bdcd9bc): Wait interrupted by java.lang.InterruptedException
2019-08-30 07:43:01,143 [org.apache.ratis.server.impl.LogAppender$AppenderDaemon$$Lambda$495/1544357464@7dd40c9] WARN  server.GrpcLogAppender (GrpcLogAppender.java:mayWait(143)) - GrpcLogAppender(dcd35ce2-5653-4064-9aff-c1a2cac3fe1c->9570f0ce-31bf-44b3-921f-a36f22efea54): Wait interrupted by java.lang.InterruptedException
2019-08-30 07:43:01,144 [grpc-default-executor-6] INFO  server.GrpcServerProtocolService (GrpcServerProtocolService.java:onCompleted(104)) - dc0e8eda-8843-49e8-9024-f7c59bdcd9bc: appendEntries completed
2019-08-30 07:43:01,146 [main] INFO  impl.StateMachineUpdater (StateMachineUpdater.java:stopAndJoin(115)) - StateMachineUpdater:dcd35ce2-5653-4064-9aff-c1a2cac3fe1c:group-CB9C606E82CE: set stopIndex = 8
2019-08-30 07:43:01,146 [grpc-default-executor-6] INFO  server.GrpcLogAppender (GrpcLogAppender.java:onCompleted(292)) - dcd35ce2-5653-4064-9aff-c1a2cac3fe1c->dc0e8eda-8843-49e8-9024-f7c59bdcd9bc: follower responses appendEntries COMPLETED
2019-08-30 07:43:01,146 [StateMachineUpdater:dcd35ce2-5653-4064-9aff-c1a2cac3fe1c:group-CB9C606E82CE] INFO  ratis.ContainerStateMachine (ContainerStateMachine.java:takeSnapshot(283)) - group-CB9C606E82CE: Taking a snapshot at:(t:1, i:6) file /workdir/hadoop-ozone/integration-test/target/test-dir/MiniOzoneClusterImpl-3c7659ee-c795-4d58-8fb8-a1742cb39c82/datanode-3/data/ratis/02840816-6a80-4468-84ff-cb9c606e82ce/sm/snapshot.1_6
2019-08-30 07:43:01,148 [grpc-default-executor-6] INFO  impl.FollowerInfo (FollowerInfo.java:lambda$new$0(50)) - dcd35ce2-5653-4064-9aff-c1a2cac3fe1c->dc0e8eda-8843-49e8-9024-f7c59bdcd9bc: nextIndex: updateUnconditionally 9 -> 8
2019-08-30 07:43:01,161 [ForkJoinPool.commonPool-worker-1] INFO  statemachine.DatanodeStateMachine (DatanodeStateMachine.java:stopDaemon(395)) - Ozone container server stopped.
2019-08-30 07:43:01,161 [StateMachineUpdater:dcd35ce2-5653-4064-9aff-c1a2cac3fe1c:group-CB9C606E82CE] INFO  ratis.ContainerStateMachine (ContainerStateMachine.java:takeSnapshot(294)) - group-CB9C606E82CE: Finished taking a snapshot at:(t:1, i:6) file:/workdir/hadoop-ozone/integration-test/target/test-dir/MiniOzoneClusterImpl-3c7659ee-c795-4d58-8fb8-a1742cb39c82/datanode-3/data/ratis/02840816-6a80-4468-84ff-cb9c606e82ce/sm/snapshot.1_6 time:14
2019-08-30 07:43:01,162 [StateMachineUpdater:dcd35ce2-5653-4064-9aff-c1a2cac3fe1c:group-CB9C606E82CE] INFO  impl.StateMachineUpdater (StateMachineUpdater.java:takeSnapshot(242)) - StateMachineUpdater:dcd35ce2-5653-4064-9aff-c1a2cac3fe1c:group-CB9C606E82CE: Took a snapshot at index 6
2019-08-30 07:43:01,162 [StateMachineUpdater:dcd35ce2-5653-4064-9aff-c1a2cac3fe1c:group-CB9C606E82CE] INFO  impl.StateMachineUpdater (StateMachineUpdater.java:lambda$new$0(80)) - StateMachineUpdater:dcd35ce2-5653-4064-9aff-c1a2cac3fe1c:group-CB9C606E82CE: snapshotIndex: updateIncreasingly -1 -> 6
2019-08-30 07:43:01,164 [main] INFO  impl.RaftServerImpl (ServerState.java:close(394)) - dcd35ce2-5653-4064-9aff-c1a2cac3fe1c:group-CB9C606E82CE closes. The last applied log index is 8
2019-08-30 07:43:01,166 [ForkJoinPool.commonPool-worker-1] INFO  handler.ContextHandler (ContextHandler.java:doStop(910)) - Stopped o.e.j.w.WebAppContext@42401b81{/,null,UNAVAILABLE}{/hddsDatanode}
2019-08-30 07:43:01,166 [dcd35ce2-5653-4064-9aff-c1a2cac3fe1c-SegmentedRaftLogWorker:Storage Directory /workdir/hadoop-ozone/integration-test/target/test-dir/MiniOzoneClusterImpl-3c7659ee-c795-4d58-8fb8-a1742cb39c82/datanode-3/data/ratis/02840816-6a80-4468-84ff-cb9c606e82ce] INFO  segmented.SegmentedRaftLogWorker (SegmentedRaftLogWorker.java:run(313)) - dcd35ce2-5653-4064-9aff-c1a2cac3fe1c-SegmentedRaftLogWorker:Storage Directory /workdir/hadoop-ozone/integration-test/target/test-dir/MiniOzoneClusterImpl-3c7659ee-c795-4d58-8fb8-a1742cb39c82/datanode-3/data/ratis/02840816-6a80-4468-84ff-cb9c606e82ce was interrupted, exiting. There are 0 tasks remaining in the queue.
2019-08-30 07:43:01,168 [main] INFO  segmented.SegmentedRaftLogWorker (SegmentedRaftLogWorker.java:close(228)) - dcd35ce2-5653-4064-9aff-c1a2cac3fe1c-SegmentedRaftLogWorker:Storage Directory /workdir/hadoop-ozone/integration-test/target/test-dir/MiniOzoneClusterImpl-3c7659ee-c795-4d58-8fb8-a1742cb39c82/datanode-3/data/ratis/02840816-6a80-4468-84ff-cb9c606e82ce close()
2019-08-30 07:43:01,168 [ForkJoinPool.commonPool-worker-1] INFO  server.AbstractConnector (AbstractConnector.java:doStop(318)) - Stopped ServerConnector@f1d1463{HTTP/1.1,[http/1.1]}{0.0.0.0:0}
2019-08-30 07:43:01,170 [main] INFO  server.GrpcService (GrpcService.java:closeImpl(155)) - dcd35ce2-5653-4064-9aff-c1a2cac3fe1c: shutdown server with port 41594 now
2019-08-30 07:43:01,172 [ForkJoinPool.commonPool-worker-1] INFO  handler.ContextHandler (ContextHandler.java:doStop(910)) - Stopped o.e.j.s.ServletContextHandler@5a7a6d34{/static,jar:file:/home/user/.m2/repository/org/apache/hadoop/hadoop-hdds-container-service/0.5.0-SNAPSHOT/hadoop-hdds-container-service-0.5.0-SNAPSHOT.jar!/webapps/static,UNAVAILABLE}
2019-08-30 07:43:01,172 [main] INFO  server.GrpcService (GrpcService.java:closeImpl(163)) - dcd35ce2-5653-4064-9aff-c1a2cac3fe1c: shutdown server with port 41594 successfully
2019-08-30 07:43:01,174 [ForkJoinPool.commonPool-worker-1] INFO  handler.ContextHandler (ContextHandler.java:doStop(910)) - Stopped o.e.j.s.ServletContextHandler@445058e8{/logs,file:///workdir/hadoop-ozone/integration-test/target/log,UNAVAILABLE}
2019-08-30 07:43:01,175 [ForkJoinPool.commonPool-worker-1] INFO  datanode.ObjectStoreHandler (ObjectStoreHandler.java:close(155)) - Closing ObjectStoreHandler.
2019-08-30 07:43:01,175 [main] INFO  utils.BackgroundService (BackgroundService.java:shutdown(148)) - Shutting down service BlockDeletingService
2019-08-30 07:43:01,175 [ForkJoinPool.commonPool-worker-1] INFO  ozone.HddsDatanodeService (HddsDatanodeService.java:stop(451)) - Stopped plug-in org.apache.hadoop.ozone.web.OzoneHddsDatanodeService@1c4057f9
2019-08-30 07:43:01,178 [refreshUsed-/workdir/hadoop-ozone/integration-test/target/test-dir/MiniOzoneClusterImpl-3c7659ee-c795-4d58-8fb8-a1742cb39c82/datanode-3/data/containers] WARN  fs.CachingGetSpaceUsed (CachingGetSpaceUsed.java:run(183)) - Thread Interrupted waiting to refresh disk information: sleep interrupted
2019-08-30 07:43:01,191 [main] INFO  statemachine.DatanodeStateMachine (DatanodeStateMachine.java:stopDaemon(395)) - Ozone container server stopped.
2019-08-30 07:43:01,191 [main] INFO  handler.ContextHandler (ContextHandler.java:doStop(910)) - Stopped o.e.j.w.WebAppContext@25b4754a{/,null,UNAVAILABLE}{/hddsDatanode}
2019-08-30 07:43:01,192 [main] INFO  server.AbstractConnector (AbstractConnector.java:doStop(318)) - Stopped ServerConnector@6ec3a4c2{HTTP/1.1,[http/1.1]}{0.0.0.0:0}
2019-08-30 07:43:01,192 [main] INFO  handler.ContextHandler (ContextHandler.java:doStop(910)) - Stopped o.e.j.s.ServletContextHandler@51508029{/static,jar:file:/home/user/.m2/repository/org/apache/hadoop/hadoop-hdds-container-service/0.5.0-SNAPSHOT/hadoop-hdds-container-service-0.5.0-SNAPSHOT.jar!/webapps/static,UNAVAILABLE}
2019-08-30 07:43:01,193 [main] INFO  handler.ContextHandler (ContextHandler.java:doStop(910)) - Stopped o.e.j.s.ServletContextHandler@3caa4d85{/logs,file:///workdir/hadoop-ozone/integration-test/target/log,UNAVAILABLE}
2019-08-30 07:43:01,194 [main] INFO  datanode.ObjectStoreHandler (ObjectStoreHandler.java:close(155)) - Closing ObjectStoreHandler.
2019-08-30 07:43:01,194 [main] INFO  ozone.HddsDatanodeService (HddsDatanodeService.java:stop(451)) - Stopped plug-in org.apache.hadoop.ozone.web.OzoneHddsDatanodeService@3164d5aa
2019-08-30 07:43:01,318 | INFO  | SCMAudit | user=jenkins1000 | ip=192.168.34.43 | op=SEND_HEARTBEAT {datanodeUUID=dc0e8eda-8843-49e8-9024-f7c59bdcd9bc, command=[]} | ret=SUCCESS |  
2019-08-30 07:43:01,801 [Datanode State Machine Thread - 0] INFO  statemachine.DatanodeStateMachine (DatanodeStateMachine.java:lambda$startDaemon$0(350)) - Ozone container server started.
2019-08-30 07:43:02,122 [Datanode State Machine Thread - 0] INFO  statemachine.DatanodeStateMachine (DatanodeStateMachine.java:lambda$startDaemon$0(350)) - Ozone container server started.
2019-08-30 07:43:02,319 | INFO  | SCMAudit | user=jenkins1000 | ip=192.168.34.43 | op=SEND_HEARTBEAT {datanodeUUID=dc0e8eda-8843-49e8-9024-f7c59bdcd9bc, command=[]} | ret=SUCCESS |  
2019-08-30 07:43:02,665 [Thread-768] INFO  impl.FollowerState (FollowerState.java:run(106)) - 3bf132e1-02b6-4168-801a-3d7ce793c0d9:group-EB88B9DA382F changes to CANDIDATE, lastRpcTime:7936, electionTimeout:5105ms
2019-08-30 07:43:02,665 [Thread-768] INFO  impl.RoleInfo (RoleInfo.java:shutdownFollowerState(121)) - 3bf132e1-02b6-4168-801a-3d7ce793c0d9: shutdown FollowerState
2019-08-30 07:43:02,665 [Thread-768] INFO  impl.RaftServerImpl (RaftServerImpl.java:setRole(171)) - 3bf132e1-02b6-4168-801a-3d7ce793c0d9:group-EB88B9DA382F changes role from FOLLOWER to CANDIDATE at term 1 for changeToCandidate
2019-08-30 07:43:02,665 [Thread-768] INFO  impl.RoleInfo (RoleInfo.java:updateAndGet(143)) - 3bf132e1-02b6-4168-801a-3d7ce793c0d9: start LeaderElection
2019-08-30 07:43:02,668 [3bf132e1-02b6-4168-801a-3d7ce793c0d9:group-EB88B9DA382F:LeaderElection27] INFO  impl.RaftServerImpl (ServerState.java:setLeader(263)) - 3bf132e1-02b6-4168-801a-3d7ce793c0d9:group-EB88B9DA382F change Leader from 34c5bf21-796a-477d-8f73-056dd6ef4f82 to null at term 1 for initElection
2019-08-30 07:43:02,683 [3bf132e1-02b6-4168-801a-3d7ce793c0d9:group-EB88B9DA382F:LeaderElection27] INFO  impl.LeaderElection (LeaderElection.java:askForVotes(181)) - 3bf132e1-02b6-4168-801a-3d7ce793c0d9:group-EB88B9DA382F:LeaderElection27: begin an election at term 2 for 0: [34c5bf21-796a-477d-8f73-056dd6ef4f82:192.168.34.43:44416, 3bf132e1-02b6-4168-801a-3d7ce793c0d9:192.168.34.43:42016, 9e64560e-57c0-404b-a5e3-eb70c00d39cc:192.168.34.43:38051], old=null
2019-08-30 07:43:02,687 [3bf132e1-02b6-4168-801a-3d7ce793c0d9:group-EB88B9DA382F:LeaderElection27] INFO  impl.LeaderElection (LogUtils.java:infoOrTrace(149)) - 3bf132e1-02b6-4168-801a-3d7ce793c0d9:group-EB88B9DA382F:LeaderElection27 got exception when requesting votes: {}
java.util.concurrent.ExecutionException: org.apache.ratis.thirdparty.io.grpc.StatusRuntimeException: UNAVAILABLE: io exception
	at java.util.concurrent.FutureTask.report(FutureTask.java:122)
	at java.util.concurrent.FutureTask.get(FutureTask.java:192)
	at org.apache.ratis.server.impl.LeaderElection.waitForResults(LeaderElection.java:262)
	at org.apache.ratis.server.impl.LeaderElection.askForVotes(LeaderElection.java:200)
	at org.apache.ratis.server.impl.LeaderElection.run(LeaderElection.java:130)
	at java.lang.Thread.run(Thread.java:748)
Caused by: org.apache.ratis.thirdparty.io.grpc.StatusRuntimeException: UNAVAILABLE: io exception
	at org.apache.ratis.thirdparty.io.grpc.stub.ClientCalls.toStatusRuntimeException(ClientCalls.java:233)
	at org.apache.ratis.thirdparty.io.grpc.stub.ClientCalls.getUnchecked(ClientCalls.java:214)
	at org.apache.ratis.thirdparty.io.grpc.stub.ClientCalls.blockingUnaryCall(ClientCalls.java:139)
	at org.apache.ratis.proto.grpc.RaftServerProtocolServiceGrpc$RaftServerProtocolServiceBlockingStub.requestVote(RaftServerProtocolServiceGrpc.java:265)
	at org.apache.ratis.grpc.server.GrpcServerProtocolClient.requestVote(GrpcServerProtocolClient.java:83)
	at org.apache.ratis.grpc.server.GrpcService.requestVote(GrpcService.java:195)
	at org.apache.ratis.server.impl.LeaderElection.lambda$submitRequests$1(LeaderElection.java:237)
	at java.util.concurrent.FutureTask.run(FutureTask.java:266)
	at java.util.concurrent.Executors$RunnableAdapter.call(Executors.java:511)
	at java.util.concurrent.FutureTask.run(FutureTask.java:266)
	at java.util.concurrent.ThreadPoolExecutor.runWorker(ThreadPoolExecutor.java:1149)
	at java.util.concurrent.ThreadPoolExecutor$Worker.run(ThreadPoolExecutor.java:624)
	... 1 more
Caused by: org.apache.ratis.thirdparty.io.netty.channel.AbstractChannel$AnnotatedConnectException: Connection refused: /192.168.34.43:38051
	at sun.nio.ch.SocketChannelImpl.checkConnect(Native Method)
	at sun.nio.ch.SocketChannelImpl.finishConnect(SocketChannelImpl.java:717)
	at org.apache.ratis.thirdparty.io.netty.channel.socket.nio.NioSocketChannel.doFinishConnect(NioSocketChannel.java:327)
	at org.apache.ratis.thirdparty.io.netty.channel.nio.AbstractNioChannel$AbstractNioUnsafe.finishConnect(AbstractNioChannel.java:340)
	at org.apache.ratis.thirdparty.io.netty.channel.nio.NioEventLoop.processSelectedKey(NioEventLoop.java:632)
	at org.apache.ratis.thirdparty.io.netty.channel.nio.NioEventLoop.processSelectedKeysOptimized(NioEventLoop.java:579)
	at org.apache.ratis.thirdparty.io.netty.channel.nio.NioEventLoop.processSelectedKeys(NioEventLoop.java:496)
	at org.apache.ratis.thirdparty.io.netty.channel.nio.NioEventLoop.run(NioEventLoop.java:458)
	at org.apache.ratis.thirdparty.io.netty.util.concurrent.SingleThreadEventExecutor$5.run(SingleThreadEventExecutor.java:897)
	at org.apache.ratis.thirdparty.io.netty.util.concurrent.FastThreadLocalRunnable.run(FastThreadLocalRunnable.java:30)
	... 1 more
Caused by: java.net.ConnectException: Connection refused
	... 11 more
2019-08-30 07:43:02,689 [3bf132e1-02b6-4168-801a-3d7ce793c0d9:group-EB88B9DA382F:LeaderElection27] INFO  impl.LeaderElection (LogUtils.java:infoOrTrace(149)) - 3bf132e1-02b6-4168-801a-3d7ce793c0d9:group-EB88B9DA382F:LeaderElection27 got exception when requesting votes: {}
java.util.concurrent.ExecutionException: org.apache.ratis.thirdparty.io.grpc.StatusRuntimeException: UNAVAILABLE: io exception
	at java.util.concurrent.FutureTask.report(FutureTask.java:122)
	at java.util.concurrent.FutureTask.get(FutureTask.java:192)
	at org.apache.ratis.server.impl.LeaderElection.waitForResults(LeaderElection.java:262)
	at org.apache.ratis.server.impl.LeaderElection.askForVotes(LeaderElection.java:200)
	at org.apache.ratis.server.impl.LeaderElection.run(LeaderElection.java:130)
	at java.lang.Thread.run(Thread.java:748)
Caused by: org.apache.ratis.thirdparty.io.grpc.StatusRuntimeException: UNAVAILABLE: io exception
	at org.apache.ratis.thirdparty.io.grpc.stub.ClientCalls.toStatusRuntimeException(ClientCalls.java:233)
	at org.apache.ratis.thirdparty.io.grpc.stub.ClientCalls.getUnchecked(ClientCalls.java:214)
	at org.apache.ratis.thirdparty.io.grpc.stub.ClientCalls.blockingUnaryCall(ClientCalls.java:139)
	at org.apache.ratis.proto.grpc.RaftServerProtocolServiceGrpc$RaftServerProtocolServiceBlockingStub.requestVote(RaftServerProtocolServiceGrpc.java:265)
	at org.apache.ratis.grpc.server.GrpcServerProtocolClient.requestVote(GrpcServerProtocolClient.java:83)
	at org.apache.ratis.grpc.server.GrpcService.requestVote(GrpcService.java:195)
	at org.apache.ratis.server.impl.LeaderElection.lambda$submitRequests$1(LeaderElection.java:237)
	at java.util.concurrent.FutureTask.run(FutureTask.java:266)
	at java.util.concurrent.Executors$RunnableAdapter.call(Executors.java:511)
	at java.util.concurrent.FutureTask.run(FutureTask.java:266)
	at java.util.concurrent.ThreadPoolExecutor.runWorker(ThreadPoolExecutor.java:1149)
	at java.util.concurrent.ThreadPoolExecutor$Worker.run(ThreadPoolExecutor.java:624)
	... 1 more
Caused by: org.apache.ratis.thirdparty.io.netty.channel.AbstractChannel$AnnotatedConnectException: Connection refused: /192.168.34.43:44416
	at sun.nio.ch.SocketChannelImpl.checkConnect(Native Method)
	at sun.nio.ch.SocketChannelImpl.finishConnect(SocketChannelImpl.java:717)
	at org.apache.ratis.thirdparty.io.netty.channel.socket.nio.NioSocketChannel.doFinishConnect(NioSocketChannel.java:327)
	at org.apache.ratis.thirdparty.io.netty.channel.nio.AbstractNioChannel$AbstractNioUnsafe.finishConnect(AbstractNioChannel.java:340)
	at org.apache.ratis.thirdparty.io.netty.channel.nio.NioEventLoop.processSelectedKey(NioEventLoop.java:632)
	at org.apache.ratis.thirdparty.io.netty.channel.nio.NioEventLoop.processSelectedKeysOptimized(NioEventLoop.java:579)
	at org.apache.ratis.thirdparty.io.netty.channel.nio.NioEventLoop.processSelectedKeys(NioEventLoop.java:496)
	at org.apache.ratis.thirdparty.io.netty.channel.nio.NioEventLoop.run(NioEventLoop.java:458)
	at org.apache.ratis.thirdparty.io.netty.util.concurrent.SingleThreadEventExecutor$5.run(SingleThreadEventExecutor.java:897)
	at org.apache.ratis.thirdparty.io.netty.util.concurrent.FastThreadLocalRunnable.run(FastThreadLocalRunnable.java:30)
	... 1 more
Caused by: java.net.ConnectException: Connection refused
	... 11 more
2019-08-30 07:43:02,692 [3bf132e1-02b6-4168-801a-3d7ce793c0d9:group-EB88B9DA382F:LeaderElection27] INFO  impl.LeaderElection (LeaderElection.java:logAndReturn(56)) - 3bf132e1-02b6-4168-801a-3d7ce793c0d9:group-EB88B9DA382F:LeaderElection27: Election REJECTED; received 0 response(s) [] and 2 exception(s); 3bf132e1-02b6-4168-801a-3d7ce793c0d9:t2, leader=null, voted=3bf132e1-02b6-4168-801a-3d7ce793c0d9, raftlog=3bf132e1-02b6-4168-801a-3d7ce793c0d9-SegmentedRaftLog:OPENED:c0,f0,i0, conf=0: [34c5bf21-796a-477d-8f73-056dd6ef4f82:192.168.34.43:44416, 3bf132e1-02b6-4168-801a-3d7ce793c0d9:192.168.34.43:42016, 9e64560e-57c0-404b-a5e3-eb70c00d39cc:192.168.34.43:38051], old=null
2019-08-30 07:43:02,692 [3bf132e1-02b6-4168-801a-3d7ce793c0d9:group-EB88B9DA382F:LeaderElection27] INFO  impl.LeaderElection (LogUtils.java:infoOrTrace(149)) -   Exception 0: {}
java.util.concurrent.ExecutionException: org.apache.ratis.thirdparty.io.grpc.StatusRuntimeException: UNAVAILABLE: io exception
	at java.util.concurrent.FutureTask.report(FutureTask.java:122)
	at java.util.concurrent.FutureTask.get(FutureTask.java:192)
	at org.apache.ratis.server.impl.LeaderElection.waitForResults(LeaderElection.java:262)
	at org.apache.ratis.server.impl.LeaderElection.askForVotes(LeaderElection.java:200)
	at org.apache.ratis.server.impl.LeaderElection.run(LeaderElection.java:130)
	at java.lang.Thread.run(Thread.java:748)
Caused by: org.apache.ratis.thirdparty.io.grpc.StatusRuntimeException: UNAVAILABLE: io exception
	at org.apache.ratis.thirdparty.io.grpc.stub.ClientCalls.toStatusRuntimeException(ClientCalls.java:233)
	at org.apache.ratis.thirdparty.io.grpc.stub.ClientCalls.getUnchecked(ClientCalls.java:214)
	at org.apache.ratis.thirdparty.io.grpc.stub.ClientCalls.blockingUnaryCall(ClientCalls.java:139)
	at org.apache.ratis.proto.grpc.RaftServerProtocolServiceGrpc$RaftServerProtocolServiceBlockingStub.requestVote(RaftServerProtocolServiceGrpc.java:265)
	at org.apache.ratis.grpc.server.GrpcServerProtocolClient.requestVote(GrpcServerProtocolClient.java:83)
	at org.apache.ratis.grpc.server.GrpcService.requestVote(GrpcService.java:195)
	at org.apache.ratis.server.impl.LeaderElection.lambda$submitRequests$1(LeaderElection.java:237)
	at java.util.concurrent.FutureTask.run(FutureTask.java:266)
	at java.util.concurrent.Executors$RunnableAdapter.call(Executors.java:511)
	at java.util.concurrent.FutureTask.run(FutureTask.java:266)
	at java.util.concurrent.ThreadPoolExecutor.runWorker(ThreadPoolExecutor.java:1149)
	at java.util.concurrent.ThreadPoolExecutor$Worker.run(ThreadPoolExecutor.java:624)
	... 1 more
Caused by: org.apache.ratis.thirdparty.io.netty.channel.AbstractChannel$AnnotatedConnectException: Connection refused: /192.168.34.43:38051
	at sun.nio.ch.SocketChannelImpl.checkConnect(Native Method)
	at sun.nio.ch.SocketChannelImpl.finishConnect(SocketChannelImpl.java:717)
	at org.apache.ratis.thirdparty.io.netty.channel.socket.nio.NioSocketChannel.doFinishConnect(NioSocketChannel.java:327)
	at org.apache.ratis.thirdparty.io.netty.channel.nio.AbstractNioChannel$AbstractNioUnsafe.finishConnect(AbstractNioChannel.java:340)
	at org.apache.ratis.thirdparty.io.netty.channel.nio.NioEventLoop.processSelectedKey(NioEventLoop.java:632)
	at org.apache.ratis.thirdparty.io.netty.channel.nio.NioEventLoop.processSelectedKeysOptimized(NioEventLoop.java:579)
	at org.apache.ratis.thirdparty.io.netty.channel.nio.NioEventLoop.processSelectedKeys(NioEventLoop.java:496)
	at org.apache.ratis.thirdparty.io.netty.channel.nio.NioEventLoop.run(NioEventLoop.java:458)
	at org.apache.ratis.thirdparty.io.netty.util.concurrent.SingleThreadEventExecutor$5.run(SingleThreadEventExecutor.java:897)
	at org.apache.ratis.thirdparty.io.netty.util.concurrent.FastThreadLocalRunnable.run(FastThreadLocalRunnable.java:30)
	... 1 more
Caused by: java.net.ConnectException: Connection refused
	... 11 more
2019-08-30 07:43:02,693 [3bf132e1-02b6-4168-801a-3d7ce793c0d9:group-EB88B9DA382F:LeaderElection27] INFO  impl.LeaderElection (LogUtils.java:infoOrTrace(149)) -   Exception 1: {}
java.util.concurrent.ExecutionException: org.apache.ratis.thirdparty.io.grpc.StatusRuntimeException: UNAVAILABLE: io exception
	at java.util.concurrent.FutureTask.report(FutureTask.java:122)
	at java.util.concurrent.FutureTask.get(FutureTask.java:192)
	at org.apache.ratis.server.impl.LeaderElection.waitForResults(LeaderElection.java:262)
	at org.apache.ratis.server.impl.LeaderElection.askForVotes(LeaderElection.java:200)
	at org.apache.ratis.server.impl.LeaderElection.run(LeaderElection.java:130)
	at java.lang.Thread.run(Thread.java:748)
Caused by: org.apache.ratis.thirdparty.io.grpc.StatusRuntimeException: UNAVAILABLE: io exception
	at org.apache.ratis.thirdparty.io.grpc.stub.ClientCalls.toStatusRuntimeException(ClientCalls.java:233)
	at org.apache.ratis.thirdparty.io.grpc.stub.ClientCalls.getUnchecked(ClientCalls.java:214)
	at org.apache.ratis.thirdparty.io.grpc.stub.ClientCalls.blockingUnaryCall(ClientCalls.java:139)
	at org.apache.ratis.proto.grpc.RaftServerProtocolServiceGrpc$RaftServerProtocolServiceBlockingStub.requestVote(RaftServerProtocolServiceGrpc.java:265)
	at org.apache.ratis.grpc.server.GrpcServerProtocolClient.requestVote(GrpcServerProtocolClient.java:83)
	at org.apache.ratis.grpc.server.GrpcService.requestVote(GrpcService.java:195)
	at org.apache.ratis.server.impl.LeaderElection.lambda$submitRequests$1(LeaderElection.java:237)
	at java.util.concurrent.FutureTask.run(FutureTask.java:266)
	at java.util.concurrent.Executors$RunnableAdapter.call(Executors.java:511)
	at java.util.concurrent.FutureTask.run(FutureTask.java:266)
	at java.util.concurrent.ThreadPoolExecutor.runWorker(ThreadPoolExecutor.java:1149)
	at java.util.concurrent.ThreadPoolExecutor$Worker.run(ThreadPoolExecutor.java:624)
	... 1 more
Caused by: org.apache.ratis.thirdparty.io.netty.channel.AbstractChannel$AnnotatedConnectException: Connection refused: /192.168.34.43:44416
	at sun.nio.ch.SocketChannelImpl.checkConnect(Native Method)
	at sun.nio.ch.SocketChannelImpl.finishConnect(SocketChannelImpl.java:717)
	at org.apache.ratis.thirdparty.io.netty.channel.socket.nio.NioSocketChannel.doFinishConnect(NioSocketChannel.java:327)
	at org.apache.ratis.thirdparty.io.netty.channel.nio.AbstractNioChannel$AbstractNioUnsafe.finishConnect(AbstractNioChannel.java:340)
	at org.apache.ratis.thirdparty.io.netty.channel.nio.NioEventLoop.processSelectedKey(NioEventLoop.java:632)
	at org.apache.ratis.thirdparty.io.netty.channel.nio.NioEventLoop.processSelectedKeysOptimized(NioEventLoop.java:579)
	at org.apache.ratis.thirdparty.io.netty.channel.nio.NioEventLoop.processSelectedKeys(NioEventLoop.java:496)
	at org.apache.ratis.thirdparty.io.netty.channel.nio.NioEventLoop.run(NioEventLoop.java:458)
	at org.apache.ratis.thirdparty.io.netty.util.concurrent.SingleThreadEventExecutor$5.run(SingleThreadEventExecutor.java:897)
	at org.apache.ratis.thirdparty.io.netty.util.concurrent.FastThreadLocalRunnable.run(FastThreadLocalRunnable.java:30)
	... 1 more
Caused by: java.net.ConnectException: Connection refused
	... 11 more
2019-08-30 07:43:02,693 [3bf132e1-02b6-4168-801a-3d7ce793c0d9:group-EB88B9DA382F:LeaderElection27] INFO  impl.RaftServerImpl (RaftServerImpl.java:setRole(171)) - 3bf132e1-02b6-4168-801a-3d7ce793c0d9:group-EB88B9DA382F changes role from CANDIDATE to FOLLOWER at term 2 for DISCOVERED_A_NEW_TERM
2019-08-30 07:43:02,694 [3bf132e1-02b6-4168-801a-3d7ce793c0d9:group-EB88B9DA382F:LeaderElection27] INFO  impl.RoleInfo (RoleInfo.java:shutdownLeaderElection(134)) - 3bf132e1-02b6-4168-801a-3d7ce793c0d9: shutdown LeaderElection
2019-08-30 07:43:02,694 [3bf132e1-02b6-4168-801a-3d7ce793c0d9:group-EB88B9DA382F:LeaderElection27] INFO  impl.RoleInfo (RoleInfo.java:updateAndGet(143)) - 3bf132e1-02b6-4168-801a-3d7ce793c0d9: start FollowerState
2019-08-30 07:43:03,319 | INFO  | SCMAudit | user=jenkins1000 | ip=192.168.34.43 | op=SEND_HEARTBEAT {datanodeUUID=dc0e8eda-8843-49e8-9024-f7c59bdcd9bc, command=[]} | ret=SUCCESS |  
2019-08-30 07:43:03,970 [Thread-790] INFO  impl.FollowerState (FollowerState.java:run(106)) - dc0e8eda-8843-49e8-9024-f7c59bdcd9bc:group-CB9C606E82CE changes to CANDIDATE, lastRpcTime:5318, electionTimeout:5197ms
2019-08-30 07:43:03,970 [Thread-790] INFO  impl.RoleInfo (RoleInfo.java:shutdownFollowerState(121)) - dc0e8eda-8843-49e8-9024-f7c59bdcd9bc: shutdown FollowerState
2019-08-30 07:43:03,970 [Thread-790] INFO  impl.RaftServerImpl (RaftServerImpl.java:setRole(171)) - dc0e8eda-8843-49e8-9024-f7c59bdcd9bc:group-CB9C606E82CE changes role from FOLLOWER to CANDIDATE at term 1 for changeToCandidate
2019-08-30 07:43:03,970 [Thread-790] INFO  impl.RoleInfo (RoleInfo.java:updateAndGet(143)) - dc0e8eda-8843-49e8-9024-f7c59bdcd9bc: start LeaderElection
2019-08-30 07:43:03,972 [dc0e8eda-8843-49e8-9024-f7c59bdcd9bc:group-CB9C606E82CE:LeaderElection28] INFO  impl.RaftServerImpl (ServerState.java:setLeader(263)) - dc0e8eda-8843-49e8-9024-f7c59bdcd9bc:group-CB9C606E82CE change Leader from dcd35ce2-5653-4064-9aff-c1a2cac3fe1c to null at term 1 for initElection
2019-08-30 07:43:03,987 [dc0e8eda-8843-49e8-9024-f7c59bdcd9bc:group-CB9C606E82CE:LeaderElection28] INFO  impl.LeaderElection (LeaderElection.java:askForVotes(181)) - dc0e8eda-8843-49e8-9024-f7c59bdcd9bc:group-CB9C606E82CE:LeaderElection28: begin an election at term 2 for 0: [dc0e8eda-8843-49e8-9024-f7c59bdcd9bc:192.168.34.43:34002, dcd35ce2-5653-4064-9aff-c1a2cac3fe1c:192.168.34.43:41594, 9570f0ce-31bf-44b3-921f-a36f22efea54:192.168.34.43:35099], old=null
2019-08-30 07:43:03,990 [dc0e8eda-8843-49e8-9024-f7c59bdcd9bc:group-CB9C606E82CE:LeaderElection28] INFO  impl.LeaderElection (LogUtils.java:infoOrTrace(149)) - dc0e8eda-8843-49e8-9024-f7c59bdcd9bc:group-CB9C606E82CE:LeaderElection28 got exception when requesting votes: {}
java.util.concurrent.ExecutionException: org.apache.ratis.thirdparty.io.grpc.StatusRuntimeException: UNAVAILABLE: io exception
	at java.util.concurrent.FutureTask.report(FutureTask.java:122)
	at java.util.concurrent.FutureTask.get(FutureTask.java:192)
	at org.apache.ratis.server.impl.LeaderElection.waitForResults(LeaderElection.java:262)
	at org.apache.ratis.server.impl.LeaderElection.askForVotes(LeaderElection.java:200)
	at org.apache.ratis.server.impl.LeaderElection.run(LeaderElection.java:130)
	at java.lang.Thread.run(Thread.java:748)
Caused by: org.apache.ratis.thirdparty.io.grpc.StatusRuntimeException: UNAVAILABLE: io exception
	at org.apache.ratis.thirdparty.io.grpc.stub.ClientCalls.toStatusRuntimeException(ClientCalls.java:233)
	at org.apache.ratis.thirdparty.io.grpc.stub.ClientCalls.getUnchecked(ClientCalls.java:214)
	at org.apache.ratis.thirdparty.io.grpc.stub.ClientCalls.blockingUnaryCall(ClientCalls.java:139)
	at org.apache.ratis.proto.grpc.RaftServerProtocolServiceGrpc$RaftServerProtocolServiceBlockingStub.requestVote(RaftServerProtocolServiceGrpc.java:265)
	at org.apache.ratis.grpc.server.GrpcServerProtocolClient.requestVote(GrpcServerProtocolClient.java:83)
	at org.apache.ratis.grpc.server.GrpcService.requestVote(GrpcService.java:195)
	at org.apache.ratis.server.impl.LeaderElection.lambda$submitRequests$1(LeaderElection.java:237)
	at java.util.concurrent.FutureTask.run(FutureTask.java:266)
	at java.util.concurrent.Executors$RunnableAdapter.call(Executors.java:511)
	at java.util.concurrent.FutureTask.run(FutureTask.java:266)
	at java.util.concurrent.ThreadPoolExecutor.runWorker(ThreadPoolExecutor.java:1149)
	at java.util.concurrent.ThreadPoolExecutor$Worker.run(ThreadPoolExecutor.java:624)
	... 1 more
Caused by: org.apache.ratis.thirdparty.io.netty.channel.AbstractChannel$AnnotatedConnectException: Connection refused: /192.168.34.43:41594
	at sun.nio.ch.SocketChannelImpl.checkConnect(Native Method)
	at sun.nio.ch.SocketChannelImpl.finishConnect(SocketChannelImpl.java:717)
	at org.apache.ratis.thirdparty.io.netty.channel.socket.nio.NioSocketChannel.doFinishConnect(NioSocketChannel.java:327)
	at org.apache.ratis.thirdparty.io.netty.channel.nio.AbstractNioChannel$AbstractNioUnsafe.finishConnect(AbstractNioChannel.java:340)
	at org.apache.ratis.thirdparty.io.netty.channel.nio.NioEventLoop.processSelectedKey(NioEventLoop.java:632)
	at org.apache.ratis.thirdparty.io.netty.channel.nio.NioEventLoop.processSelectedKeysOptimized(NioEventLoop.java:579)
	at org.apache.ratis.thirdparty.io.netty.channel.nio.NioEventLoop.processSelectedKeys(NioEventLoop.java:496)
	at org.apache.ratis.thirdparty.io.netty.channel.nio.NioEventLoop.run(NioEventLoop.java:458)
	at org.apache.ratis.thirdparty.io.netty.util.concurrent.SingleThreadEventExecutor$5.run(SingleThreadEventExecutor.java:897)
	at org.apache.ratis.thirdparty.io.netty.util.concurrent.FastThreadLocalRunnable.run(FastThreadLocalRunnable.java:30)
	... 1 more
Caused by: java.net.ConnectException: Connection refused
	... 11 more
2019-08-30 07:43:03,992 [dc0e8eda-8843-49e8-9024-f7c59bdcd9bc:group-CB9C606E82CE:LeaderElection28] INFO  impl.LeaderElection (LogUtils.java:infoOrTrace(149)) - dc0e8eda-8843-49e8-9024-f7c59bdcd9bc:group-CB9C606E82CE:LeaderElection28 got exception when requesting votes: {}
java.util.concurrent.ExecutionException: org.apache.ratis.thirdparty.io.grpc.StatusRuntimeException: UNAVAILABLE: io exception
	at java.util.concurrent.FutureTask.report(FutureTask.java:122)
	at java.util.concurrent.FutureTask.get(FutureTask.java:192)
	at org.apache.ratis.server.impl.LeaderElection.waitForResults(LeaderElection.java:262)
	at org.apache.ratis.server.impl.LeaderElection.askForVotes(LeaderElection.java:200)
	at org.apache.ratis.server.impl.LeaderElection.run(LeaderElection.java:130)
	at java.lang.Thread.run(Thread.java:748)
Caused by: org.apache.ratis.thirdparty.io.grpc.StatusRuntimeException: UNAVAILABLE: io exception
	at org.apache.ratis.thirdparty.io.grpc.stub.ClientCalls.toStatusRuntimeException(ClientCalls.java:233)
	at org.apache.ratis.thirdparty.io.grpc.stub.ClientCalls.getUnchecked(ClientCalls.java:214)
	at org.apache.ratis.thirdparty.io.grpc.stub.ClientCalls.blockingUnaryCall(ClientCalls.java:139)
	at org.apache.ratis.proto.grpc.RaftServerProtocolServiceGrpc$RaftServerProtocolServiceBlockingStub.requestVote(RaftServerProtocolServiceGrpc.java:265)
	at org.apache.ratis.grpc.server.GrpcServerProtocolClient.requestVote(GrpcServerProtocolClient.java:83)
	at org.apache.ratis.grpc.server.GrpcService.requestVote(GrpcService.java:195)
	at org.apache.ratis.server.impl.LeaderElection.lambda$submitRequests$1(LeaderElection.java:237)
	at java.util.concurrent.FutureTask.run(FutureTask.java:266)
	at java.util.concurrent.Executors$RunnableAdapter.call(Executors.java:511)
	at java.util.concurrent.FutureTask.run(FutureTask.java:266)
	at java.util.concurrent.ThreadPoolExecutor.runWorker(ThreadPoolExecutor.java:1149)
	at java.util.concurrent.ThreadPoolExecutor$Worker.run(ThreadPoolExecutor.java:624)
	... 1 more
Caused by: org.apache.ratis.thirdparty.io.netty.channel.AbstractChannel$AnnotatedConnectException: Connection refused: /192.168.34.43:35099
	at sun.nio.ch.SocketChannelImpl.checkConnect(Native Method)
	at sun.nio.ch.SocketChannelImpl.finishConnect(SocketChannelImpl.java:717)
	at org.apache.ratis.thirdparty.io.netty.channel.socket.nio.NioSocketChannel.doFinishConnect(NioSocketChannel.java:327)
	at org.apache.ratis.thirdparty.io.netty.channel.nio.AbstractNioChannel$AbstractNioUnsafe.finishConnect(AbstractNioChannel.java:340)
	at org.apache.ratis.thirdparty.io.netty.channel.nio.NioEventLoop.processSelectedKey(NioEventLoop.java:632)
	at org.apache.ratis.thirdparty.io.netty.channel.nio.NioEventLoop.processSelectedKeysOptimized(NioEventLoop.java:579)
	at org.apache.ratis.thirdparty.io.netty.channel.nio.NioEventLoop.processSelectedKeys(NioEventLoop.java:496)
	at org.apache.ratis.thirdparty.io.netty.channel.nio.NioEventLoop.run(NioEventLoop.java:458)
	at org.apache.ratis.thirdparty.io.netty.util.concurrent.SingleThreadEventExecutor$5.run(SingleThreadEventExecutor.java:897)
	at org.apache.ratis.thirdparty.io.netty.util.concurrent.FastThreadLocalRunnable.run(FastThreadLocalRunnable.java:30)
	... 1 more
Caused by: java.net.ConnectException: Connection refused
	... 11 more
2019-08-30 07:43:03,993 [dc0e8eda-8843-49e8-9024-f7c59bdcd9bc:group-CB9C606E82CE:LeaderElection28] INFO  impl.LeaderElection (LeaderElection.java:logAndReturn(56)) - dc0e8eda-8843-49e8-9024-f7c59bdcd9bc:group-CB9C606E82CE:LeaderElection28: Election REJECTED; received 0 response(s) [] and 2 exception(s); dc0e8eda-8843-49e8-9024-f7c59bdcd9bc:t2, leader=null, voted=dc0e8eda-8843-49e8-9024-f7c59bdcd9bc, raftlog=dc0e8eda-8843-49e8-9024-f7c59bdcd9bc-SegmentedRaftLog:OPENED:c8,f8,i8, conf=0: [dc0e8eda-8843-49e8-9024-f7c59bdcd9bc:192.168.34.43:34002, dcd35ce2-5653-4064-9aff-c1a2cac3fe1c:192.168.34.43:41594, 9570f0ce-31bf-44b3-921f-a36f22efea54:192.168.34.43:35099], old=null
2019-08-30 07:43:03,994 [dc0e8eda-8843-49e8-9024-f7c59bdcd9bc:group-CB9C606E82CE:LeaderElection28] INFO  impl.LeaderElection (LogUtils.java:infoOrTrace(149)) -   Exception 0: {}
java.util.concurrent.ExecutionException: org.apache.ratis.thirdparty.io.grpc.StatusRuntimeException: UNAVAILABLE: io exception
	at java.util.concurrent.FutureTask.report(FutureTask.java:122)
	at java.util.concurrent.FutureTask.get(FutureTask.java:192)
	at org.apache.ratis.server.impl.LeaderElection.waitForResults(LeaderElection.java:262)
	at org.apache.ratis.server.impl.LeaderElection.askForVotes(LeaderElection.java:200)
	at org.apache.ratis.server.impl.LeaderElection.run(LeaderElection.java:130)
	at java.lang.Thread.run(Thread.java:748)
Caused by: org.apache.ratis.thirdparty.io.grpc.StatusRuntimeException: UNAVAILABLE: io exception
	at org.apache.ratis.thirdparty.io.grpc.stub.ClientCalls.toStatusRuntimeException(ClientCalls.java:233)
	at org.apache.ratis.thirdparty.io.grpc.stub.ClientCalls.getUnchecked(ClientCalls.java:214)
	at org.apache.ratis.thirdparty.io.grpc.stub.ClientCalls.blockingUnaryCall(ClientCalls.java:139)
	at org.apache.ratis.proto.grpc.RaftServerProtocolServiceGrpc$RaftServerProtocolServiceBlockingStub.requestVote(RaftServerProtocolServiceGrpc.java:265)
	at org.apache.ratis.grpc.server.GrpcServerProtocolClient.requestVote(GrpcServerProtocolClient.java:83)
	at org.apache.ratis.grpc.server.GrpcService.requestVote(GrpcService.java:195)
	at org.apache.ratis.server.impl.LeaderElection.lambda$submitRequests$1(LeaderElection.java:237)
	at java.util.concurrent.FutureTask.run(FutureTask.java:266)
	at java.util.concurrent.Executors$RunnableAdapter.call(Executors.java:511)
	at java.util.concurrent.FutureTask.run(FutureTask.java:266)
	at java.util.concurrent.ThreadPoolExecutor.runWorker(ThreadPoolExecutor.java:1149)
	at java.util.concurrent.ThreadPoolExecutor$Worker.run(ThreadPoolExecutor.java:624)
	... 1 more
Caused by: org.apache.ratis.thirdparty.io.netty.channel.AbstractChannel$AnnotatedConnectException: Connection refused: /192.168.34.43:41594
	at sun.nio.ch.SocketChannelImpl.checkConnect(Native Method)
	at sun.nio.ch.SocketChannelImpl.finishConnect(SocketChannelImpl.java:717)
	at org.apache.ratis.thirdparty.io.netty.channel.socket.nio.NioSocketChannel.doFinishConnect(NioSocketChannel.java:327)
	at org.apache.ratis.thirdparty.io.netty.channel.nio.AbstractNioChannel$AbstractNioUnsafe.finishConnect(AbstractNioChannel.java:340)
	at org.apache.ratis.thirdparty.io.netty.channel.nio.NioEventLoop.processSelectedKey(NioEventLoop.java:632)
	at org.apache.ratis.thirdparty.io.netty.channel.nio.NioEventLoop.processSelectedKeysOptimized(NioEventLoop.java:579)
	at org.apache.ratis.thirdparty.io.netty.channel.nio.NioEventLoop.processSelectedKeys(NioEventLoop.java:496)
	at org.apache.ratis.thirdparty.io.netty.channel.nio.NioEventLoop.run(NioEventLoop.java:458)
	at org.apache.ratis.thirdparty.io.netty.util.concurrent.SingleThreadEventExecutor$5.run(SingleThreadEventExecutor.java:897)
	at org.apache.ratis.thirdparty.io.netty.util.concurrent.FastThreadLocalRunnable.run(FastThreadLocalRunnable.java:30)
	... 1 more
Caused by: java.net.ConnectException: Connection refused
	... 11 more
2019-08-30 07:43:03,994 [dc0e8eda-8843-49e8-9024-f7c59bdcd9bc:group-CB9C606E82CE:LeaderElection28] INFO  impl.LeaderElection (LogUtils.java:infoOrTrace(149)) -   Exception 1: {}
java.util.concurrent.ExecutionException: org.apache.ratis.thirdparty.io.grpc.StatusRuntimeException: UNAVAILABLE: io exception
	at java.util.concurrent.FutureTask.report(FutureTask.java:122)
	at java.util.concurrent.FutureTask.get(FutureTask.java:192)
	at org.apache.ratis.server.impl.LeaderElection.waitForResults(LeaderElection.java:262)
	at org.apache.ratis.server.impl.LeaderElection.askForVotes(LeaderElection.java:200)
	at org.apache.ratis.server.impl.LeaderElection.run(LeaderElection.java:130)
	at java.lang.Thread.run(Thread.java:748)
Caused by: org.apache.ratis.thirdparty.io.grpc.StatusRuntimeException: UNAVAILABLE: io exception
	at org.apache.ratis.thirdparty.io.grpc.stub.ClientCalls.toStatusRuntimeException(ClientCalls.java:233)
	at org.apache.ratis.thirdparty.io.grpc.stub.ClientCalls.getUnchecked(ClientCalls.java:214)
	at org.apache.ratis.thirdparty.io.grpc.stub.ClientCalls.blockingUnaryCall(ClientCalls.java:139)
	at org.apache.ratis.proto.grpc.RaftServerProtocolServiceGrpc$RaftServerProtocolServiceBlockingStub.requestVote(RaftServerProtocolServiceGrpc.java:265)
	at org.apache.ratis.grpc.server.GrpcServerProtocolClient.requestVote(GrpcServerProtocolClient.java:83)
	at org.apache.ratis.grpc.server.GrpcService.requestVote(GrpcService.java:195)
	at org.apache.ratis.server.impl.LeaderElection.lambda$submitRequests$1(LeaderElection.java:237)
	at java.util.concurrent.FutureTask.run(FutureTask.java:266)
	at java.util.concurrent.Executors$RunnableAdapter.call(Executors.java:511)
	at java.util.concurrent.FutureTask.run(FutureTask.java:266)
	at java.util.concurrent.ThreadPoolExecutor.runWorker(ThreadPoolExecutor.java:1149)
	at java.util.concurrent.ThreadPoolExecutor$Worker.run(ThreadPoolExecutor.java:624)
	... 1 more
Caused by: org.apache.ratis.thirdparty.io.netty.channel.AbstractChannel$AnnotatedConnectException: Connection refused: /192.168.34.43:35099
	at sun.nio.ch.SocketChannelImpl.checkConnect(Native Method)
	at sun.nio.ch.SocketChannelImpl.finishConnect(SocketChannelImpl.java:717)
	at org.apache.ratis.thirdparty.io.netty.channel.socket.nio.NioSocketChannel.doFinishConnect(NioSocketChannel.java:327)
	at org.apache.ratis.thirdparty.io.netty.channel.nio.AbstractNioChannel$AbstractNioUnsafe.finishConnect(AbstractNioChannel.java:340)
	at org.apache.ratis.thirdparty.io.netty.channel.nio.NioEventLoop.processSelectedKey(NioEventLoop.java:632)
	at org.apache.ratis.thirdparty.io.netty.channel.nio.NioEventLoop.processSelectedKeysOptimized(NioEventLoop.java:579)
	at org.apache.ratis.thirdparty.io.netty.channel.nio.NioEventLoop.processSelectedKeys(NioEventLoop.java:496)
	at org.apache.ratis.thirdparty.io.netty.channel.nio.NioEventLoop.run(NioEventLoop.java:458)
	at org.apache.ratis.thirdparty.io.netty.util.concurrent.SingleThreadEventExecutor$5.run(SingleThreadEventExecutor.java:897)
	at org.apache.ratis.thirdparty.io.netty.util.concurrent.FastThreadLocalRunnable.run(FastThreadLocalRunnable.java:30)
	... 1 more
Caused by: java.net.ConnectException: Connection refused
	... 11 more
2019-08-30 07:43:03,994 [dc0e8eda-8843-49e8-9024-f7c59bdcd9bc:group-CB9C606E82CE:LeaderElection28] INFO  impl.RaftServerImpl (RaftServerImpl.java:setRole(171)) - dc0e8eda-8843-49e8-9024-f7c59bdcd9bc:group-CB9C606E82CE changes role from CANDIDATE to FOLLOWER at term 2 for DISCOVERED_A_NEW_TERM
2019-08-30 07:43:03,994 [dc0e8eda-8843-49e8-9024-f7c59bdcd9bc:group-CB9C606E82CE:LeaderElection28] INFO  impl.RoleInfo (RoleInfo.java:shutdownLeaderElection(134)) - dc0e8eda-8843-49e8-9024-f7c59bdcd9bc: shutdown LeaderElection
2019-08-30 07:43:03,995 [dc0e8eda-8843-49e8-9024-f7c59bdcd9bc:group-CB9C606E82CE:LeaderElection28] INFO  impl.RoleInfo (RoleInfo.java:updateAndGet(143)) - dc0e8eda-8843-49e8-9024-f7c59bdcd9bc: start FollowerState
2019-08-30 07:43:04,318 | INFO  | SCMAudit | user=jenkins1000 | ip=192.168.34.43 | op=SEND_HEARTBEAT {datanodeUUID=dc0e8eda-8843-49e8-9024-f7c59bdcd9bc, command=[]} | ret=SUCCESS |  
2019-08-30 07:43:05,319 | INFO  | SCMAudit | user=jenkins1000 | ip=192.168.34.43 | op=SEND_HEARTBEAT {datanodeUUID=dc0e8eda-8843-49e8-9024-f7c59bdcd9bc, command=[]} | ret=SUCCESS |  
2019-08-30 07:43:06,177 [ForkJoinPool.commonPool-worker-1] INFO  ozoneimpl.OzoneContainer (OzoneContainer.java:stop(199)) - Attempting to stop container services.
2019-08-30 07:43:06,178 [ForkJoinPool.commonPool-worker-1] INFO  impl.RaftServerProxy (RaftServerProxy.java:lambda$close$4(314)) - 3bf132e1-02b6-4168-801a-3d7ce793c0d9: close
2019-08-30 07:43:06,178 [ForkJoinPool.commonPool-worker-1] INFO  impl.RaftServerImpl (RaftServerImpl.java:lambda$shutdown$3(245)) - 3bf132e1-02b6-4168-801a-3d7ce793c0d9: shutdown group-FAEC5D4C872D
2019-08-30 07:43:06,179 [ForkJoinPool.commonPool-worker-1] INFO  util.JmxRegister (JmxRegister.java:unregister(73)) - Successfully un-registered JMX Bean with object name Ratis:service=RaftServer,group=group-FAEC5D4C872D,id=3bf132e1-02b6-4168-801a-3d7ce793c0d9
2019-08-30 07:43:06,179 [ForkJoinPool.commonPool-worker-1] INFO  impl.RoleInfo (RoleInfo.java:shutdownLeaderState(104)) - 3bf132e1-02b6-4168-801a-3d7ce793c0d9: shutdown LeaderState
2019-08-30 07:43:06,179 [ForkJoinPool.commonPool-worker-1] INFO  impl.PendingRequests (PendingRequests.java:sendNotLeaderResponses(202)) - 3bf132e1-02b6-4168-801a-3d7ce793c0d9-PendingRequests: sendNotLeaderResponses
2019-08-30 07:43:06,180 [ForkJoinPool.commonPool-worker-1] INFO  impl.StateMachineUpdater (StateMachineUpdater.java:stopAndJoin(115)) - StateMachineUpdater:3bf132e1-02b6-4168-801a-3d7ce793c0d9:group-FAEC5D4C872D: set stopIndex = 0
2019-08-30 07:43:06,180 [ForkJoinPool.commonPool-worker-1] INFO  impl.RaftServerImpl (ServerState.java:close(394)) - 3bf132e1-02b6-4168-801a-3d7ce793c0d9:group-FAEC5D4C872D closes. The last applied log index is 0
2019-08-30 07:43:06,180 [3bf132e1-02b6-4168-801a-3d7ce793c0d9-SegmentedRaftLogWorker:Storage Directory /workdir/hadoop-ozone/integration-test/target/test-dir/MiniOzoneClusterImpl-3c7659ee-c795-4d58-8fb8-a1742cb39c82/datanode-0/data/ratis/df884149-9463-4f7d-b1d2-faec5d4c872d] INFO  segmented.SegmentedRaftLogWorker (SegmentedRaftLogWorker.java:run(313)) - 3bf132e1-02b6-4168-801a-3d7ce793c0d9-SegmentedRaftLogWorker:Storage Directory /workdir/hadoop-ozone/integration-test/target/test-dir/MiniOzoneClusterImpl-3c7659ee-c795-4d58-8fb8-a1742cb39c82/datanode-0/data/ratis/df884149-9463-4f7d-b1d2-faec5d4c872d was interrupted, exiting. There are 0 tasks remaining in the queue.
2019-08-30 07:43:06,182 [ForkJoinPool.commonPool-worker-1] INFO  segmented.SegmentedRaftLogWorker (SegmentedRaftLogWorker.java:close(228)) - 3bf132e1-02b6-4168-801a-3d7ce793c0d9-SegmentedRaftLogWorker:Storage Directory /workdir/hadoop-ozone/integration-test/target/test-dir/MiniOzoneClusterImpl-3c7659ee-c795-4d58-8fb8-a1742cb39c82/datanode-0/data/ratis/df884149-9463-4f7d-b1d2-faec5d4c872d close()
2019-08-30 07:43:06,184 [ForkJoinPool.commonPool-worker-1] INFO  impl.RaftServerImpl (RaftServerImpl.java:lambda$shutdown$3(245)) - 3bf132e1-02b6-4168-801a-3d7ce793c0d9: shutdown group-EB88B9DA382F
2019-08-30 07:43:06,184 [ForkJoinPool.commonPool-worker-1] INFO  util.JmxRegister (JmxRegister.java:unregister(73)) - Successfully un-registered JMX Bean with object name Ratis:service=RaftServer,group=group-EB88B9DA382F,id=3bf132e1-02b6-4168-801a-3d7ce793c0d9
2019-08-30 07:43:06,184 [ForkJoinPool.commonPool-worker-1] INFO  impl.RoleInfo (RoleInfo.java:shutdownFollowerState(121)) - 3bf132e1-02b6-4168-801a-3d7ce793c0d9: shutdown FollowerState
2019-08-30 07:43:06,185 [ForkJoinPool.commonPool-worker-1] INFO  impl.StateMachineUpdater (StateMachineUpdater.java:stopAndJoin(115)) - StateMachineUpdater:3bf132e1-02b6-4168-801a-3d7ce793c0d9:group-EB88B9DA382F: set stopIndex = 0
2019-08-30 07:43:06,185 [Thread-1731] INFO  impl.FollowerState (FollowerState.java:run(114)) - 3bf132e1-02b6-4168-801a-3d7ce793c0d9: FollowerState was interrupted: java.lang.InterruptedException: sleep interrupted
2019-08-30 07:43:06,185 [ForkJoinPool.commonPool-worker-1] INFO  impl.RaftServerImpl (ServerState.java:close(394)) - 3bf132e1-02b6-4168-801a-3d7ce793c0d9:group-EB88B9DA382F closes. The last applied log index is 0
2019-08-30 07:43:06,187 [3bf132e1-02b6-4168-801a-3d7ce793c0d9-SegmentedRaftLogWorker:Storage Directory /workdir/hadoop-ozone/integration-test/target/test-dir/MiniOzoneClusterImpl-3c7659ee-c795-4d58-8fb8-a1742cb39c82/datanode-0/data/ratis/e25e788c-f308-4029-b5c8-eb88b9da382f] INFO  segmented.SegmentedRaftLogWorker (SegmentedRaftLogWorker.java:run(313)) - 3bf132e1-02b6-4168-801a-3d7ce793c0d9-SegmentedRaftLogWorker:Storage Directory /workdir/hadoop-ozone/integration-test/target/test-dir/MiniOzoneClusterImpl-3c7659ee-c795-4d58-8fb8-a1742cb39c82/datanode-0/data/ratis/e25e788c-f308-4029-b5c8-eb88b9da382f was interrupted, exiting. There are 0 tasks remaining in the queue.
2019-08-30 07:43:06,188 [ForkJoinPool.commonPool-worker-1] INFO  segmented.SegmentedRaftLogWorker (SegmentedRaftLogWorker.java:close(228)) - 3bf132e1-02b6-4168-801a-3d7ce793c0d9-SegmentedRaftLogWorker:Storage Directory /workdir/hadoop-ozone/integration-test/target/test-dir/MiniOzoneClusterImpl-3c7659ee-c795-4d58-8fb8-a1742cb39c82/datanode-0/data/ratis/e25e788c-f308-4029-b5c8-eb88b9da382f close()
2019-08-30 07:43:06,193 [ForkJoinPool.commonPool-worker-1] INFO  server.GrpcService (GrpcService.java:closeImpl(155)) - 3bf132e1-02b6-4168-801a-3d7ce793c0d9: shutdown server with port 42016 now
2019-08-30 07:43:06,195 [main] INFO  ozoneimpl.OzoneContainer (OzoneContainer.java:stop(199)) - Attempting to stop container services.
2019-08-30 07:43:06,196 [ForkJoinPool.commonPool-worker-1] INFO  server.GrpcService (GrpcService.java:closeImpl(163)) - 3bf132e1-02b6-4168-801a-3d7ce793c0d9: shutdown server with port 42016 successfully
2019-08-30 07:43:06,196 [main] INFO  impl.RaftServerProxy (RaftServerProxy.java:lambda$close$4(314)) - 722c9a0b-3ca8-46f2-9cba-02fdf2a68848: close
2019-08-30 07:43:06,197 [main] INFO  impl.RaftServerImpl (RaftServerImpl.java:lambda$shutdown$3(245)) - 722c9a0b-3ca8-46f2-9cba-02fdf2a68848: shutdown group-CEC63CD04ED5
2019-08-30 07:43:06,197 [ForkJoinPool.commonPool-worker-1] INFO  utils.BackgroundService (BackgroundService.java:shutdown(148)) - Shutting down service BlockDeletingService
2019-08-30 07:43:06,197 [main] INFO  util.JmxRegister (JmxRegister.java:unregister(73)) - Successfully un-registered JMX Bean with object name Ratis:service=RaftServer,group=group-CEC63CD04ED5,id=722c9a0b-3ca8-46f2-9cba-02fdf2a68848
2019-08-30 07:43:06,198 [main] INFO  impl.RoleInfo (RoleInfo.java:shutdownLeaderState(104)) - 722c9a0b-3ca8-46f2-9cba-02fdf2a68848: shutdown LeaderState
2019-08-30 07:43:06,199 [main] INFO  impl.PendingRequests (PendingRequests.java:sendNotLeaderResponses(202)) - 722c9a0b-3ca8-46f2-9cba-02fdf2a68848-PendingRequests: sendNotLeaderResponses
2019-08-30 07:43:06,200 [main] INFO  impl.StateMachineUpdater (StateMachineUpdater.java:stopAndJoin(115)) - StateMachineUpdater:722c9a0b-3ca8-46f2-9cba-02fdf2a68848:group-CEC63CD04ED5: set stopIndex = 0
2019-08-30 07:43:06,200 [refreshUsed-/workdir/hadoop-ozone/integration-test/target/test-dir/MiniOzoneClusterImpl-3c7659ee-c795-4d58-8fb8-a1742cb39c82/datanode-0/data/containers] WARN  fs.CachingGetSpaceUsed (CachingGetSpaceUsed.java:run(183)) - Thread Interrupted waiting to refresh disk information: sleep interrupted
2019-08-30 07:43:06,201 [main] INFO  impl.RaftServerImpl (ServerState.java:close(394)) - 722c9a0b-3ca8-46f2-9cba-02fdf2a68848:group-CEC63CD04ED5 closes. The last applied log index is 0
2019-08-30 07:43:06,202 [722c9a0b-3ca8-46f2-9cba-02fdf2a68848-SegmentedRaftLogWorker:Storage Directory /workdir/hadoop-ozone/integration-test/target/test-dir/MiniOzoneClusterImpl-3c7659ee-c795-4d58-8fb8-a1742cb39c82/datanode-6/data/ratis/8c113b92-73c2-4be9-809b-cec63cd04ed5] INFO  segmented.SegmentedRaftLogWorker (SegmentedRaftLogWorker.java:run(313)) - 722c9a0b-3ca8-46f2-9cba-02fdf2a68848-SegmentedRaftLogWorker:Storage Directory /workdir/hadoop-ozone/integration-test/target/test-dir/MiniOzoneClusterImpl-3c7659ee-c795-4d58-8fb8-a1742cb39c82/datanode-6/data/ratis/8c113b92-73c2-4be9-809b-cec63cd04ed5 was interrupted, exiting. There are 0 tasks remaining in the queue.
2019-08-30 07:43:06,202 [main] INFO  segmented.SegmentedRaftLogWorker (SegmentedRaftLogWorker.java:close(228)) - 722c9a0b-3ca8-46f2-9cba-02fdf2a68848-SegmentedRaftLogWorker:Storage Directory /workdir/hadoop-ozone/integration-test/target/test-dir/MiniOzoneClusterImpl-3c7659ee-c795-4d58-8fb8-a1742cb39c82/datanode-6/data/ratis/8c113b92-73c2-4be9-809b-cec63cd04ed5 close()
2019-08-30 07:43:06,203 [main] INFO  server.GrpcService (GrpcService.java:closeImpl(155)) - 722c9a0b-3ca8-46f2-9cba-02fdf2a68848: shutdown server with port 36101 now
2019-08-30 07:43:06,205 [main] INFO  server.GrpcService (GrpcService.java:closeImpl(163)) - 722c9a0b-3ca8-46f2-9cba-02fdf2a68848: shutdown server with port 36101 successfully
2019-08-30 07:43:06,206 [main] INFO  utils.BackgroundService (BackgroundService.java:shutdown(148)) - Shutting down service BlockDeletingService
2019-08-30 07:43:06,209 [refreshUsed-/workdir/hadoop-ozone/integration-test/target/test-dir/MiniOzoneClusterImpl-3c7659ee-c795-4d58-8fb8-a1742cb39c82/datanode-6/data/containers] WARN  fs.CachingGetSpaceUsed (CachingGetSpaceUsed.java:run(183)) - Thread Interrupted waiting to refresh disk information: sleep interrupted
2019-08-30 07:43:06,230 [ForkJoinPool.commonPool-worker-1] INFO  statemachine.DatanodeStateMachine (DatanodeStateMachine.java:stopDaemon(395)) - Ozone container server stopped.
2019-08-30 07:43:06,234 [main] INFO  statemachine.DatanodeStateMachine (DatanodeStateMachine.java:stopDaemon(395)) - Ozone container server stopped.
2019-08-30 07:43:06,236 [ForkJoinPool.commonPool-worker-1] INFO  handler.ContextHandler (ContextHandler.java:doStop(910)) - Stopped o.e.j.w.WebAppContext@3562e7c7{/,null,UNAVAILABLE}{/hddsDatanode}
2019-08-30 07:43:06,237 [main] INFO  handler.ContextHandler (ContextHandler.java:doStop(910)) - Stopped o.e.j.w.WebAppContext@6d842877{/,null,UNAVAILABLE}{/hddsDatanode}
2019-08-30 07:43:06,237 [ForkJoinPool.commonPool-worker-1] INFO  server.AbstractConnector (AbstractConnector.java:doStop(318)) - Stopped ServerConnector@66d2885c{HTTP/1.1,[http/1.1]}{0.0.0.0:0}
2019-08-30 07:43:06,238 [ForkJoinPool.commonPool-worker-1] INFO  handler.ContextHandler (ContextHandler.java:doStop(910)) - Stopped o.e.j.s.ServletContextHandler@3a2bb026{/static,jar:file:/home/user/.m2/repository/org/apache/hadoop/hadoop-hdds-container-service/0.5.0-SNAPSHOT/hadoop-hdds-container-service-0.5.0-SNAPSHOT.jar!/webapps/static,UNAVAILABLE}
2019-08-30 07:43:06,238 [main] INFO  server.AbstractConnector (AbstractConnector.java:doStop(318)) - Stopped ServerConnector@614cbec4{HTTP/1.1,[http/1.1]}{0.0.0.0:0}
2019-08-30 07:43:06,239 [ForkJoinPool.commonPool-worker-1] INFO  handler.ContextHandler (ContextHandler.java:doStop(910)) - Stopped o.e.j.s.ServletContextHandler@4afcae7{/logs,file:///workdir/hadoop-ozone/integration-test/target/log,UNAVAILABLE}
2019-08-30 07:43:06,240 [main] INFO  handler.ContextHandler (ContextHandler.java:doStop(910)) - Stopped o.e.j.s.ServletContextHandler@4b511e61{/static,jar:file:/home/user/.m2/repository/org/apache/hadoop/hadoop-hdds-container-service/0.5.0-SNAPSHOT/hadoop-hdds-container-service-0.5.0-SNAPSHOT.jar!/webapps/static,UNAVAILABLE}
2019-08-30 07:43:06,240 [ForkJoinPool.commonPool-worker-1] INFO  datanode.ObjectStoreHandler (ObjectStoreHandler.java:close(155)) - Closing ObjectStoreHandler.
2019-08-30 07:43:06,240 [main] INFO  handler.ContextHandler (ContextHandler.java:doStop(910)) - Stopped o.e.j.s.ServletContextHandler@6eded11a{/logs,file:///workdir/hadoop-ozone/integration-test/target/log,UNAVAILABLE}
2019-08-30 07:43:06,241 [ForkJoinPool.commonPool-worker-1] INFO  ozone.HddsDatanodeService (HddsDatanodeService.java:stop(451)) - Stopped plug-in org.apache.hadoop.ozone.web.OzoneHddsDatanodeService@24435620
2019-08-30 07:43:06,317 [Datanode State Machine Thread - 0] INFO  statemachine.DatanodeStateMachine (DatanodeStateMachine.java:lambda$startDaemon$0(350)) - Ozone container server started.
2019-08-30 07:43:09,132 [Thread-1735] INFO  impl.FollowerState (FollowerState.java:run(106)) - dc0e8eda-8843-49e8-9024-f7c59bdcd9bc:group-CB9C606E82CE changes to CANDIDATE, lastRpcTime:5137, electionTimeout:5137ms
2019-08-30 07:43:09,132 [Thread-1735] INFO  impl.RoleInfo (RoleInfo.java:shutdownFollowerState(121)) - dc0e8eda-8843-49e8-9024-f7c59bdcd9bc: shutdown FollowerState
2019-08-30 07:43:09,132 [Thread-1735] INFO  impl.RaftServerImpl (RaftServerImpl.java:setRole(171)) - dc0e8eda-8843-49e8-9024-f7c59bdcd9bc:group-CB9C606E82CE changes role from FOLLOWER to CANDIDATE at term 2 for changeToCandidate
2019-08-30 07:43:09,133 [Thread-1735] INFO  impl.RoleInfo (RoleInfo.java:updateAndGet(143)) - dc0e8eda-8843-49e8-9024-f7c59bdcd9bc: start LeaderElection
2019-08-30 07:43:09,150 [dc0e8eda-8843-49e8-9024-f7c59bdcd9bc:group-CB9C606E82CE:LeaderElection29] INFO  impl.LeaderElection (LeaderElection.java:askForVotes(181)) - dc0e8eda-8843-49e8-9024-f7c59bdcd9bc:group-CB9C606E82CE:LeaderElection29: begin an election at term 3 for 0: [dc0e8eda-8843-49e8-9024-f7c59bdcd9bc:192.168.34.43:34002, dcd35ce2-5653-4064-9aff-c1a2cac3fe1c:192.168.34.43:41594, 9570f0ce-31bf-44b3-921f-a36f22efea54:192.168.34.43:35099], old=null
2019-08-30 07:43:09,151 [dc0e8eda-8843-49e8-9024-f7c59bdcd9bc:group-CB9C606E82CE:LeaderElection29] INFO  impl.LeaderElection (LogUtils.java:infoOrTrace(149)) - dc0e8eda-8843-49e8-9024-f7c59bdcd9bc:group-CB9C606E82CE:LeaderElection29 got exception when requesting votes: {}
java.util.concurrent.ExecutionException: org.apache.ratis.thirdparty.io.grpc.StatusRuntimeException: UNAVAILABLE: io exception
	at java.util.concurrent.FutureTask.report(FutureTask.java:122)
	at java.util.concurrent.FutureTask.get(FutureTask.java:192)
	at org.apache.ratis.server.impl.LeaderElection.waitForResults(LeaderElection.java:262)
	at org.apache.ratis.server.impl.LeaderElection.askForVotes(LeaderElection.java:200)
	at org.apache.ratis.server.impl.LeaderElection.run(LeaderElection.java:130)
	at java.lang.Thread.run(Thread.java:748)
Caused by: org.apache.ratis.thirdparty.io.grpc.StatusRuntimeException: UNAVAILABLE: io exception
	at org.apache.ratis.thirdparty.io.grpc.stub.ClientCalls.toStatusRuntimeException(ClientCalls.java:233)
	at org.apache.ratis.thirdparty.io.grpc.stub.ClientCalls.getUnchecked(ClientCalls.java:214)
	at org.apache.ratis.thirdparty.io.grpc.stub.ClientCalls.blockingUnaryCall(ClientCalls.java:139)
	at org.apache.ratis.proto.grpc.RaftServerProtocolServiceGrpc$RaftServerProtocolServiceBlockingStub.requestVote(RaftServerProtocolServiceGrpc.java:265)
	at org.apache.ratis.grpc.server.GrpcServerProtocolClient.requestVote(GrpcServerProtocolClient.java:83)
	at org.apache.ratis.grpc.server.GrpcService.requestVote(GrpcService.java:195)
	at org.apache.ratis.server.impl.LeaderElection.lambda$submitRequests$1(LeaderElection.java:237)
	at java.util.concurrent.FutureTask.run(FutureTask.java:266)
	at java.util.concurrent.Executors$RunnableAdapter.call(Executors.java:511)
	at java.util.concurrent.FutureTask.run(FutureTask.java:266)
	at java.util.concurrent.ThreadPoolExecutor.runWorker(ThreadPoolExecutor.java:1149)
	at java.util.concurrent.ThreadPoolExecutor$Worker.run(ThreadPoolExecutor.java:624)
	... 1 more
Caused by: org.apache.ratis.thirdparty.io.netty.channel.AbstractChannel$AnnotatedConnectException: Connection refused: /192.168.34.43:35099
	at sun.nio.ch.SocketChannelImpl.checkConnect(Native Method)
	at sun.nio.ch.SocketChannelImpl.finishConnect(SocketChannelImpl.java:717)
	at org.apache.ratis.thirdparty.io.netty.channel.socket.nio.NioSocketChannel.doFinishConnect(NioSocketChannel.java:327)
	at org.apache.ratis.thirdparty.io.netty.channel.nio.AbstractNioChannel$AbstractNioUnsafe.finishConnect(AbstractNioChannel.java:340)
	at org.apache.ratis.thirdparty.io.netty.channel.nio.NioEventLoop.processSelectedKey(NioEventLoop.java:632)
	at org.apache.ratis.thirdparty.io.netty.channel.nio.NioEventLoop.processSelectedKeysOptimized(NioEventLoop.java:579)
	at org.apache.ratis.thirdparty.io.netty.channel.nio.NioEventLoop.processSelectedKeys(NioEventLoop.java:496)
	at org.apache.ratis.thirdparty.io.netty.channel.nio.NioEventLoop.run(NioEventLoop.java:458)
	at org.apache.ratis.thirdparty.io.netty.util.concurrent.SingleThreadEventExecutor$5.run(SingleThreadEventExecutor.java:897)
	at org.apache.ratis.thirdparty.io.netty.util.concurrent.FastThreadLocalRunnable.run(FastThreadLocalRunnable.java:30)
	... 1 more
Caused by: java.net.ConnectException: Connection refused
	... 11 more
2019-08-30 07:43:09,153 [dc0e8eda-8843-49e8-9024-f7c59bdcd9bc:group-CB9C606E82CE:LeaderElection29] INFO  impl.LeaderElection (LogUtils.java:infoOrTrace(149)) - dc0e8eda-8843-49e8-9024-f7c59bdcd9bc:group-CB9C606E82CE:LeaderElection29 got exception when requesting votes: {}
java.util.concurrent.ExecutionException: org.apache.ratis.thirdparty.io.grpc.StatusRuntimeException: UNAVAILABLE: io exception
	at java.util.concurrent.FutureTask.report(FutureTask.java:122)
	at java.util.concurrent.FutureTask.get(FutureTask.java:192)
	at org.apache.ratis.server.impl.LeaderElection.waitForResults(LeaderElection.java:262)
	at org.apache.ratis.server.impl.LeaderElection.askForVotes(LeaderElection.java:200)
	at org.apache.ratis.server.impl.LeaderElection.run(LeaderElection.java:130)
	at java.lang.Thread.run(Thread.java:748)
Caused by: org.apache.ratis.thirdparty.io.grpc.StatusRuntimeException: UNAVAILABLE: io exception
	at org.apache.ratis.thirdparty.io.grpc.stub.ClientCalls.toStatusRuntimeException(ClientCalls.java:233)
	at org.apache.ratis.thirdparty.io.grpc.stub.ClientCalls.getUnchecked(ClientCalls.java:214)
	at org.apache.ratis.thirdparty.io.grpc.stub.ClientCalls.blockingUnaryCall(ClientCalls.java:139)
	at org.apache.ratis.proto.grpc.RaftServerProtocolServiceGrpc$RaftServerProtocolServiceBlockingStub.requestVote(RaftServerProtocolServiceGrpc.java:265)
	at org.apache.ratis.grpc.server.GrpcServerProtocolClient.requestVote(GrpcServerProtocolClient.java:83)
	at org.apache.ratis.grpc.server.GrpcService.requestVote(GrpcService.java:195)
	at org.apache.ratis.server.impl.LeaderElection.lambda$submitRequests$1(LeaderElection.java:237)
	at java.util.concurrent.FutureTask.run(FutureTask.java:266)
	at java.util.concurrent.Executors$RunnableAdapter.call(Executors.java:511)
	at java.util.concurrent.FutureTask.run(FutureTask.java:266)
	at java.util.concurrent.ThreadPoolExecutor.runWorker(ThreadPoolExecutor.java:1149)
	at java.util.concurrent.ThreadPoolExecutor$Worker.run(ThreadPoolExecutor.java:624)
	... 1 more
Caused by: org.apache.ratis.thirdparty.io.netty.channel.AbstractChannel$AnnotatedConnectException: Connection refused: /192.168.34.43:41594
	at sun.nio.ch.SocketChannelImpl.checkConnect(Native Method)
	at sun.nio.ch.SocketChannelImpl.finishConnect(SocketChannelImpl.java:717)
	at org.apache.ratis.thirdparty.io.netty.channel.socket.nio.NioSocketChannel.doFinishConnect(NioSocketChannel.java:327)
	at org.apache.ratis.thirdparty.io.netty.channel.nio.AbstractNioChannel$AbstractNioUnsafe.finishConnect(AbstractNioChannel.java:340)
	at org.apache.ratis.thirdparty.io.netty.channel.nio.NioEventLoop.processSelectedKey(NioEventLoop.java:632)
	at org.apache.ratis.thirdparty.io.netty.channel.nio.NioEventLoop.processSelectedKeysOptimized(NioEventLoop.java:579)
	at org.apache.ratis.thirdparty.io.netty.channel.nio.NioEventLoop.processSelectedKeys(NioEventLoop.java:496)
	at org.apache.ratis.thirdparty.io.netty.channel.nio.NioEventLoop.run(NioEventLoop.java:458)
	at org.apache.ratis.thirdparty.io.netty.util.concurrent.SingleThreadEventExecutor$5.run(SingleThreadEventExecutor.java:897)
	at org.apache.ratis.thirdparty.io.netty.util.concurrent.FastThreadLocalRunnable.run(FastThreadLocalRunnable.java:30)
	... 1 more
Caused by: java.net.ConnectException: Connection refused
	... 11 more
2019-08-30 07:43:09,154 [dc0e8eda-8843-49e8-9024-f7c59bdcd9bc:group-CB9C606E82CE:LeaderElection29] INFO  impl.LeaderElection (LeaderElection.java:logAndReturn(56)) - dc0e8eda-8843-49e8-9024-f7c59bdcd9bc:group-CB9C606E82CE:LeaderElection29: Election REJECTED; received 0 response(s) [] and 2 exception(s); dc0e8eda-8843-49e8-9024-f7c59bdcd9bc:t3, leader=null, voted=dc0e8eda-8843-49e8-9024-f7c59bdcd9bc, raftlog=dc0e8eda-8843-49e8-9024-f7c59bdcd9bc-SegmentedRaftLog:OPENED:c8,f8,i8, conf=0: [dc0e8eda-8843-49e8-9024-f7c59bdcd9bc:192.168.34.43:34002, dcd35ce2-5653-4064-9aff-c1a2cac3fe1c:192.168.34.43:41594, 9570f0ce-31bf-44b3-921f-a36f22efea54:192.168.34.43:35099], old=null
2019-08-30 07:43:09,154 [dc0e8eda-8843-49e8-9024-f7c59bdcd9bc:group-CB9C606E82CE:LeaderElection29] INFO  impl.LeaderElection (LogUtils.java:infoOrTrace(149)) -   Exception 0: {}
java.util.concurrent.ExecutionException: org.apache.ratis.thirdparty.io.grpc.StatusRuntimeException: UNAVAILABLE: io exception
	at java.util.concurrent.FutureTask.report(FutureTask.java:122)
	at java.util.concurrent.FutureTask.get(FutureTask.java:192)
	at org.apache.ratis.server.impl.LeaderElection.waitForResults(LeaderElection.java:262)
	at org.apache.ratis.server.impl.LeaderElection.askForVotes(LeaderElection.java:200)
	at org.apache.ratis.server.impl.LeaderElection.run(LeaderElection.java:130)
	at java.lang.Thread.run(Thread.java:748)
Caused by: org.apache.ratis.thirdparty.io.grpc.StatusRuntimeException: UNAVAILABLE: io exception
	at org.apache.ratis.thirdparty.io.grpc.stub.ClientCalls.toStatusRuntimeException(ClientCalls.java:233)
	at org.apache.ratis.thirdparty.io.grpc.stub.ClientCalls.getUnchecked(ClientCalls.java:214)
	at org.apache.ratis.thirdparty.io.grpc.stub.ClientCalls.blockingUnaryCall(ClientCalls.java:139)
	at org.apache.ratis.proto.grpc.RaftServerProtocolServiceGrpc$RaftServerProtocolServiceBlockingStub.requestVote(RaftServerProtocolServiceGrpc.java:265)
	at org.apache.ratis.grpc.server.GrpcServerProtocolClient.requestVote(GrpcServerProtocolClient.java:83)
	at org.apache.ratis.grpc.server.GrpcService.requestVote(GrpcService.java:195)
	at org.apache.ratis.server.impl.LeaderElection.lambda$submitRequests$1(LeaderElection.java:237)
	at java.util.concurrent.FutureTask.run(FutureTask.java:266)
	at java.util.concurrent.Executors$RunnableAdapter.call(Executors.java:511)
	at java.util.concurrent.FutureTask.run(FutureTask.java:266)
	at java.util.concurrent.ThreadPoolExecutor.runWorker(ThreadPoolExecutor.java:1149)
	at java.util.concurrent.ThreadPoolExecutor$Worker.run(ThreadPoolExecutor.java:624)
	... 1 more
Caused by: org.apache.ratis.thirdparty.io.netty.channel.AbstractChannel$AnnotatedConnectException: Connection refused: /192.168.34.43:35099
	at sun.nio.ch.SocketChannelImpl.checkConnect(Native Method)
	at sun.nio.ch.SocketChannelImpl.finishConnect(SocketChannelImpl.java:717)
	at org.apache.ratis.thirdparty.io.netty.channel.socket.nio.NioSocketChannel.doFinishConnect(NioSocketChannel.java:327)
	at org.apache.ratis.thirdparty.io.netty.channel.nio.AbstractNioChannel$AbstractNioUnsafe.finishConnect(AbstractNioChannel.java:340)
	at org.apache.ratis.thirdparty.io.netty.channel.nio.NioEventLoop.processSelectedKey(NioEventLoop.java:632)
	at org.apache.ratis.thirdparty.io.netty.channel.nio.NioEventLoop.processSelectedKeysOptimized(NioEventLoop.java:579)
	at org.apache.ratis.thirdparty.io.netty.channel.nio.NioEventLoop.processSelectedKeys(NioEventLoop.java:496)
	at org.apache.ratis.thirdparty.io.netty.channel.nio.NioEventLoop.run(NioEventLoop.java:458)
	at org.apache.ratis.thirdparty.io.netty.util.concurrent.SingleThreadEventExecutor$5.run(SingleThreadEventExecutor.java:897)
	at org.apache.ratis.thirdparty.io.netty.util.concurrent.FastThreadLocalRunnable.run(FastThreadLocalRunnable.java:30)
	... 1 more
Caused by: java.net.ConnectException: Connection refused
	... 11 more
2019-08-30 07:43:09,155 [dc0e8eda-8843-49e8-9024-f7c59bdcd9bc:group-CB9C606E82CE:LeaderElection29] INFO  impl.LeaderElection (LogUtils.java:infoOrTrace(149)) -   Exception 1: {}
java.util.concurrent.ExecutionException: org.apache.ratis.thirdparty.io.grpc.StatusRuntimeException: UNAVAILABLE: io exception
	at java.util.concurrent.FutureTask.report(FutureTask.java:122)
	at java.util.concurrent.FutureTask.get(FutureTask.java:192)
	at org.apache.ratis.server.impl.LeaderElection.waitForResults(LeaderElection.java:262)
	at org.apache.ratis.server.impl.LeaderElection.askForVotes(LeaderElection.java:200)
	at org.apache.ratis.server.impl.LeaderElection.run(LeaderElection.java:130)
	at java.lang.Thread.run(Thread.java:748)
Caused by: org.apache.ratis.thirdparty.io.grpc.StatusRuntimeException: UNAVAILABLE: io exception
	at org.apache.ratis.thirdparty.io.grpc.stub.ClientCalls.toStatusRuntimeException(ClientCalls.java:233)
	at org.apache.ratis.thirdparty.io.grpc.stub.ClientCalls.getUnchecked(ClientCalls.java:214)
	at org.apache.ratis.thirdparty.io.grpc.stub.ClientCalls.blockingUnaryCall(ClientCalls.java:139)
	at org.apache.ratis.proto.grpc.RaftServerProtocolServiceGrpc$RaftServerProtocolServiceBlockingStub.requestVote(RaftServerProtocolServiceGrpc.java:265)
	at org.apache.ratis.grpc.server.GrpcServerProtocolClient.requestVote(GrpcServerProtocolClient.java:83)
	at org.apache.ratis.grpc.server.GrpcService.requestVote(GrpcService.java:195)
	at org.apache.ratis.server.impl.LeaderElection.lambda$submitRequests$1(LeaderElection.java:237)
	at java.util.concurrent.FutureTask.run(FutureTask.java:266)
	at java.util.concurrent.Executors$RunnableAdapter.call(Executors.java:511)
	at java.util.concurrent.FutureTask.run(FutureTask.java:266)
	at java.util.concurrent.ThreadPoolExecutor.runWorker(ThreadPoolExecutor.java:1149)
	at java.util.concurrent.ThreadPoolExecutor$Worker.run(ThreadPoolExecutor.java:624)
	... 1 more
Caused by: org.apache.ratis.thirdparty.io.netty.channel.AbstractChannel$AnnotatedConnectException: Connection refused: /192.168.34.43:41594
	at sun.nio.ch.SocketChannelImpl.checkConnect(Native Method)
	at sun.nio.ch.SocketChannelImpl.finishConnect(SocketChannelImpl.java:717)
	at org.apache.ratis.thirdparty.io.netty.channel.socket.nio.NioSocketChannel.doFinishConnect(NioSocketChannel.java:327)
	at org.apache.ratis.thirdparty.io.netty.channel.nio.AbstractNioChannel$AbstractNioUnsafe.finishConnect(AbstractNioChannel.java:340)
	at org.apache.ratis.thirdparty.io.netty.channel.nio.NioEventLoop.processSelectedKey(NioEventLoop.java:632)
	at org.apache.ratis.thirdparty.io.netty.channel.nio.NioEventLoop.processSelectedKeysOptimized(NioEventLoop.java:579)
	at org.apache.ratis.thirdparty.io.netty.channel.nio.NioEventLoop.processSelectedKeys(NioEventLoop.java:496)
	at org.apache.ratis.thirdparty.io.netty.channel.nio.NioEventLoop.run(NioEventLoop.java:458)
	at org.apache.ratis.thirdparty.io.netty.util.concurrent.SingleThreadEventExecutor$5.run(SingleThreadEventExecutor.java:897)
	at org.apache.ratis.thirdparty.io.netty.util.concurrent.FastThreadLocalRunnable.run(FastThreadLocalRunnable.java:30)
	... 1 more
Caused by: java.net.ConnectException: Connection refused
	... 11 more
2019-08-30 07:43:09,155 [dc0e8eda-8843-49e8-9024-f7c59bdcd9bc:group-CB9C606E82CE:LeaderElection29] INFO  impl.RaftServerImpl (RaftServerImpl.java:setRole(171)) - dc0e8eda-8843-49e8-9024-f7c59bdcd9bc:group-CB9C606E82CE changes role from CANDIDATE to FOLLOWER at term 3 for DISCOVERED_A_NEW_TERM
2019-08-30 07:43:09,155 [dc0e8eda-8843-49e8-9024-f7c59bdcd9bc:group-CB9C606E82CE:LeaderElection29] INFO  impl.RoleInfo (RoleInfo.java:shutdownLeaderElection(134)) - dc0e8eda-8843-49e8-9024-f7c59bdcd9bc: shutdown LeaderElection
2019-08-30 07:43:09,156 [dc0e8eda-8843-49e8-9024-f7c59bdcd9bc:group-CB9C606E82CE:LeaderElection29] INFO  impl.RoleInfo (RoleInfo.java:updateAndGet(143)) - dc0e8eda-8843-49e8-9024-f7c59bdcd9bc: start FollowerState
2019-08-30 07:43:11,241 [ForkJoinPool.commonPool-worker-1] INFO  ozoneimpl.OzoneContainer (OzoneContainer.java:stop(199)) - Attempting to stop container services.
2019-08-30 07:43:11,242 [ForkJoinPool.commonPool-worker-1] INFO  impl.RaftServerProxy (RaftServerProxy.java:lambda$close$4(314)) - dc0e8eda-8843-49e8-9024-f7c59bdcd9bc: close
2019-08-30 07:43:11,242 [ForkJoinPool.commonPool-worker-1] INFO  impl.RaftServerImpl (RaftServerImpl.java:lambda$shutdown$3(245)) - dc0e8eda-8843-49e8-9024-f7c59bdcd9bc: shutdown group-CC68BCB47D93
2019-08-30 07:43:11,243 [ForkJoinPool.commonPool-worker-1] INFO  util.JmxRegister (JmxRegister.java:unregister(73)) - Successfully un-registered JMX Bean with object name Ratis:service=RaftServer,group=group-CC68BCB47D93,id=dc0e8eda-8843-49e8-9024-f7c59bdcd9bc
2019-08-30 07:43:11,243 [ForkJoinPool.commonPool-worker-1] INFO  impl.RoleInfo (RoleInfo.java:shutdownLeaderState(104)) - dc0e8eda-8843-49e8-9024-f7c59bdcd9bc: shutdown LeaderState
2019-08-30 07:43:11,243 [ForkJoinPool.commonPool-worker-1] INFO  impl.PendingRequests (PendingRequests.java:sendNotLeaderResponses(202)) - dc0e8eda-8843-49e8-9024-f7c59bdcd9bc-PendingRequests: sendNotLeaderResponses
2019-08-30 07:43:11,244 [ForkJoinPool.commonPool-worker-1] INFO  impl.StateMachineUpdater (StateMachineUpdater.java:stopAndJoin(115)) - StateMachineUpdater:dc0e8eda-8843-49e8-9024-f7c59bdcd9bc:group-CC68BCB47D93: set stopIndex = 0
2019-08-30 07:43:11,244 [ForkJoinPool.commonPool-worker-1] INFO  impl.RaftServerImpl (ServerState.java:close(394)) - dc0e8eda-8843-49e8-9024-f7c59bdcd9bc:group-CC68BCB47D93 closes. The last applied log index is 0
2019-08-30 07:43:11,245 [dc0e8eda-8843-49e8-9024-f7c59bdcd9bc-SegmentedRaftLogWorker:Storage Directory /workdir/hadoop-ozone/integration-test/target/test-dir/MiniOzoneClusterImpl-3c7659ee-c795-4d58-8fb8-a1742cb39c82/datanode-5/data/ratis/3144fb6d-b9f7-4a3e-a25b-cc68bcb47d93] INFO  segmented.SegmentedRaftLogWorker (SegmentedRaftLogWorker.java:run(313)) - dc0e8eda-8843-49e8-9024-f7c59bdcd9bc-SegmentedRaftLogWorker:Storage Directory /workdir/hadoop-ozone/integration-test/target/test-dir/MiniOzoneClusterImpl-3c7659ee-c795-4d58-8fb8-a1742cb39c82/datanode-5/data/ratis/3144fb6d-b9f7-4a3e-a25b-cc68bcb47d93 was interrupted, exiting. There are 0 tasks remaining in the queue.
2019-08-30 07:43:11,245 [ForkJoinPool.commonPool-worker-1] INFO  segmented.SegmentedRaftLogWorker (SegmentedRaftLogWorker.java:close(228)) - dc0e8eda-8843-49e8-9024-f7c59bdcd9bc-SegmentedRaftLogWorker:Storage Directory /workdir/hadoop-ozone/integration-test/target/test-dir/MiniOzoneClusterImpl-3c7659ee-c795-4d58-8fb8-a1742cb39c82/datanode-5/data/ratis/3144fb6d-b9f7-4a3e-a25b-cc68bcb47d93 close()
2019-08-30 07:43:11,245 [ForkJoinPool.commonPool-worker-1] INFO  impl.RaftServerImpl (RaftServerImpl.java:lambda$shutdown$3(245)) - dc0e8eda-8843-49e8-9024-f7c59bdcd9bc: shutdown group-CB9C606E82CE
2019-08-30 07:43:11,246 [ForkJoinPool.commonPool-worker-1] INFO  util.JmxRegister (JmxRegister.java:unregister(73)) - Successfully un-registered JMX Bean with object name Ratis:service=RaftServer,group=group-CB9C606E82CE,id=dc0e8eda-8843-49e8-9024-f7c59bdcd9bc
2019-08-30 07:43:11,246 [ForkJoinPool.commonPool-worker-1] INFO  impl.RoleInfo (RoleInfo.java:shutdownFollowerState(121)) - dc0e8eda-8843-49e8-9024-f7c59bdcd9bc: shutdown FollowerState
2019-08-30 07:43:11,246 [ForkJoinPool.commonPool-worker-1] INFO  impl.StateMachineUpdater (StateMachineUpdater.java:stopAndJoin(115)) - StateMachineUpdater:dc0e8eda-8843-49e8-9024-f7c59bdcd9bc:group-CB9C606E82CE: set stopIndex = 8
2019-08-30 07:43:11,246 [StateMachineUpdater:dc0e8eda-8843-49e8-9024-f7c59bdcd9bc:group-CB9C606E82CE] INFO  ratis.ContainerStateMachine (ContainerStateMachine.java:takeSnapshot(283)) - group-CB9C606E82CE: Taking a snapshot at:(t:1, i:6) file /workdir/hadoop-ozone/integration-test/target/test-dir/MiniOzoneClusterImpl-3c7659ee-c795-4d58-8fb8-a1742cb39c82/datanode-5/data/ratis/02840816-6a80-4468-84ff-cb9c606e82ce/sm/snapshot.1_6
2019-08-30 07:43:11,246 [Thread-1739] INFO  impl.FollowerState (FollowerState.java:run(114)) - dc0e8eda-8843-49e8-9024-f7c59bdcd9bc: FollowerState was interrupted: java.lang.InterruptedException: sleep interrupted
2019-08-30 07:43:11,263 [StateMachineUpdater:dc0e8eda-8843-49e8-9024-f7c59bdcd9bc:group-CB9C606E82CE] INFO  ratis.ContainerStateMachine (ContainerStateMachine.java:takeSnapshot(294)) - group-CB9C606E82CE: Finished taking a snapshot at:(t:1, i:6) file:/workdir/hadoop-ozone/integration-test/target/test-dir/MiniOzoneClusterImpl-3c7659ee-c795-4d58-8fb8-a1742cb39c82/datanode-5/data/ratis/02840816-6a80-4468-84ff-cb9c606e82ce/sm/snapshot.1_6 time:16
2019-08-30 07:43:11,263 [StateMachineUpdater:dc0e8eda-8843-49e8-9024-f7c59bdcd9bc:group-CB9C606E82CE] INFO  impl.StateMachineUpdater (StateMachineUpdater.java:takeSnapshot(242)) - StateMachineUpdater:dc0e8eda-8843-49e8-9024-f7c59bdcd9bc:group-CB9C606E82CE: Took a snapshot at index 6
2019-08-30 07:43:11,263 [StateMachineUpdater:dc0e8eda-8843-49e8-9024-f7c59bdcd9bc:group-CB9C606E82CE] INFO  impl.StateMachineUpdater (StateMachineUpdater.java:lambda$new$0(80)) - StateMachineUpdater:dc0e8eda-8843-49e8-9024-f7c59bdcd9bc:group-CB9C606E82CE: snapshotIndex: updateIncreasingly -1 -> 6
2019-08-30 07:43:11,264 [ForkJoinPool.commonPool-worker-1] INFO  impl.RaftServerImpl (ServerState.java:close(394)) - dc0e8eda-8843-49e8-9024-f7c59bdcd9bc:group-CB9C606E82CE closes. The last applied log index is 8
2019-08-30 07:43:11,264 [dc0e8eda-8843-49e8-9024-f7c59bdcd9bc-SegmentedRaftLogWorker:Storage Directory /workdir/hadoop-ozone/integration-test/target/test-dir/MiniOzoneClusterImpl-3c7659ee-c795-4d58-8fb8-a1742cb39c82/datanode-5/data/ratis/02840816-6a80-4468-84ff-cb9c606e82ce] INFO  segmented.SegmentedRaftLogWorker (SegmentedRaftLogWorker.java:run(313)) - dc0e8eda-8843-49e8-9024-f7c59bdcd9bc-SegmentedRaftLogWorker:Storage Directory /workdir/hadoop-ozone/integration-test/target/test-dir/MiniOzoneClusterImpl-3c7659ee-c795-4d58-8fb8-a1742cb39c82/datanode-5/data/ratis/02840816-6a80-4468-84ff-cb9c606e82ce was interrupted, exiting. There are 0 tasks remaining in the queue.
2019-08-30 07:43:11,264 [ForkJoinPool.commonPool-worker-1] INFO  segmented.SegmentedRaftLogWorker (SegmentedRaftLogWorker.java:close(228)) - dc0e8eda-8843-49e8-9024-f7c59bdcd9bc-SegmentedRaftLogWorker:Storage Directory /workdir/hadoop-ozone/integration-test/target/test-dir/MiniOzoneClusterImpl-3c7659ee-c795-4d58-8fb8-a1742cb39c82/datanode-5/data/ratis/02840816-6a80-4468-84ff-cb9c606e82ce close()
2019-08-30 07:43:11,265 [ForkJoinPool.commonPool-worker-1] INFO  server.GrpcService (GrpcService.java:closeImpl(155)) - dc0e8eda-8843-49e8-9024-f7c59bdcd9bc: shutdown server with port 34002 now
2019-08-30 07:43:11,267 [ForkJoinPool.commonPool-worker-1] INFO  server.GrpcService (GrpcService.java:closeImpl(163)) - dc0e8eda-8843-49e8-9024-f7c59bdcd9bc: shutdown server with port 34002 successfully
2019-08-30 07:43:11,268 [grpc-default-executor-1] WARN  client.GrpcClientProtocolService (LogUtils.java:warn(134)) - 30-OrderedRequestStreamObserver30: onError: org.apache.ratis.thirdparty.io.grpc.StatusRuntimeException: CANCELLED: cancelled before receiving half close
2019-08-30 07:43:11,268 [ForkJoinPool.commonPool-worker-1] INFO  utils.BackgroundService (BackgroundService.java:shutdown(148)) - Shutting down service BlockDeletingService
2019-08-30 07:43:11,271 [refreshUsed-/workdir/hadoop-ozone/integration-test/target/test-dir/MiniOzoneClusterImpl-3c7659ee-c795-4d58-8fb8-a1742cb39c82/datanode-5/data/containers] WARN  fs.CachingGetSpaceUsed (CachingGetSpaceUsed.java:run(183)) - Thread Interrupted waiting to refresh disk information: sleep interrupted
2019-08-30 07:43:11,290 [ForkJoinPool.commonPool-worker-1] INFO  statemachine.DatanodeStateMachine (DatanodeStateMachine.java:stopDaemon(395)) - Ozone container server stopped.
2019-08-30 07:43:11,293 [ForkJoinPool.commonPool-worker-1] INFO  handler.ContextHandler (ContextHandler.java:doStop(910)) - Stopped o.e.j.w.WebAppContext@71eff6a3{/,null,UNAVAILABLE}{/hddsDatanode}
2019-08-30 07:43:11,293 [ForkJoinPool.commonPool-worker-1] INFO  server.AbstractConnector (AbstractConnector.java:doStop(318)) - Stopped ServerConnector@574218f{HTTP/1.1,[http/1.1]}{0.0.0.0:0}
2019-08-30 07:43:11,296 [ForkJoinPool.commonPool-worker-1] INFO  handler.ContextHandler (ContextHandler.java:doStop(910)) - Stopped o.e.j.s.ServletContextHandler@11e24688{/static,jar:file:/home/user/.m2/repository/org/apache/hadoop/hadoop-hdds-container-service/0.5.0-SNAPSHOT/hadoop-hdds-container-service-0.5.0-SNAPSHOT.jar!/webapps/static,UNAVAILABLE}
2019-08-30 07:43:11,297 [ForkJoinPool.commonPool-worker-1] INFO  handler.ContextHandler (ContextHandler.java:doStop(910)) - Stopped o.e.j.s.ServletContextHandler@28e91f6d{/logs,file:///workdir/hadoop-ozone/integration-test/target/log,UNAVAILABLE}
2019-08-30 07:43:11,298 [main] INFO  ozone.MiniOzoneClusterImpl (MiniOzoneClusterImpl.java:stop(353)) - Stopping the StorageContainerManager
2019-08-30 07:43:11,298 [main] INFO  server.StorageContainerManager (StorageContainerManager.java:stop(797)) - Stopping Replication Manager Service.
2019-08-30 07:43:11,298 [main] INFO  container.ReplicationManager (ReplicationManager.java:stop(193)) - Stopping Replication Monitor Thread.
2019-08-30 07:43:11,298 [main] INFO  server.StorageContainerManager (StorageContainerManager.java:stop(804)) - Stopping Lease Manager of the command watchers
2019-08-30 07:43:11,298 [main] INFO  server.StorageContainerManager (StorageContainerManager.java:stop(811)) - Stopping datanode service RPC server
2019-08-30 07:43:11,299 [main] INFO  server.SCMDatanodeProtocolServer (SCMDatanodeProtocolServer.java:stop(367)) - Stopping the RPC server for DataNodes
2019-08-30 07:43:11,299 [main] INFO  ipc.Server (Server.java:stop(3082)) - Stopping server on 40836
2019-08-30 07:43:11,301 [IPC Server listener on 40836] INFO  ipc.Server (Server.java:run(1185)) - Stopping IPC Server listener on 40836
2019-08-30 07:43:11,301 [IPC Server Responder] INFO  ipc.Server (Server.java:run(1319)) - Stopping IPC Server Responder
2019-08-30 07:43:11,353 [SCM Heartbeat Processing Thread - 0] WARN  node.NodeStateManager (NodeStateManager.java:scheduleNextHealthCheck(655)) - Current Thread is interrupted, shutting down HB processing thread for Node Manager.
2019-08-30 07:43:11,353 [main] INFO  server.StorageContainerManager (StorageContainerManager.java:stop(819)) - Stopping block service RPC server
2019-08-30 07:43:11,354 [main] INFO  server.SCMBlockProtocolServer (SCMBlockProtocolServer.java:stop(148)) - Stopping the RPC server for Block Protocol
2019-08-30 07:43:11,354 [main] INFO  ipc.Server (Server.java:stop(3082)) - Stopping server on 32944
2019-08-30 07:43:11,356 [IPC Server listener on 32944] INFO  ipc.Server (Server.java:run(1185)) - Stopping IPC Server listener on 32944
2019-08-30 07:43:11,356 [main] INFO  server.StorageContainerManager (StorageContainerManager.java:stop(826)) - Stopping the StorageContainerLocationProtocol RPC server
2019-08-30 07:43:11,357 [IPC Server Responder] INFO  ipc.Server (Server.java:run(1319)) - Stopping IPC Server Responder
2019-08-30 07:43:11,357 [main] INFO  server.SCMClientProtocolServer (SCMClientProtocolServer.java:stop(159)) - Stopping the RPC server for Client Protocol
2019-08-30 07:43:11,358 [main] INFO  ipc.Server (Server.java:stop(3082)) - Stopping server on 42020
2019-08-30 07:43:11,359 [IPC Server listener on 42020] INFO  ipc.Server (Server.java:run(1185)) - Stopping IPC Server listener on 42020
2019-08-30 07:43:11,359 [main] INFO  server.StorageContainerManager (StorageContainerManager.java:stop(833)) - Stopping Storage Container Manager HTTP server.
2019-08-30 07:43:11,359 [IPC Server Responder] INFO  ipc.Server (Server.java:run(1319)) - Stopping IPC Server Responder
2019-08-30 07:43:11,362 [main] INFO  handler.ContextHandler (ContextHandler.java:doStop(910)) - Stopped o.e.j.w.WebAppContext@3f06ebe0{/,null,UNAVAILABLE}{/scm}
2019-08-30 07:43:11,362 [main] INFO  server.AbstractConnector (AbstractConnector.java:doStop(318)) - Stopped ServerConnector@1752e45c{HTTP/1.1,[http/1.1]}{0.0.0.0:0}
2019-08-30 07:43:11,363 [main] INFO  handler.ContextHandler (ContextHandler.java:doStop(910)) - Stopped o.e.j.s.ServletContextHandler@5086623f{/static,file:///workdir/hadoop-ozone/integration-test/target/test-classes/webapps/static,UNAVAILABLE}
2019-08-30 07:43:11,363 [main] INFO  handler.ContextHandler (ContextHandler.java:doStop(910)) - Stopped o.e.j.s.ServletContextHandler@42cc420b{/logs,file:///workdir/hadoop-ozone/integration-test/target/log,UNAVAILABLE}
2019-08-30 07:43:11,364 [main] INFO  server.StorageContainerManager (StorageContainerManager.java:stop(844)) - Stopping Block Manager Service.
2019-08-30 07:43:11,365 [main] INFO  utils.BackgroundService (BackgroundService.java:shutdown(148)) - Shutting down service SCMBlockDeletingService
2019-08-30 07:43:11,365 [main] INFO  utils.BackgroundService (BackgroundService.java:shutdown(148)) - Shutting down service SCMBlockDeletingService
2019-08-30 07:43:11,366 [main] INFO  server.StorageContainerManager (StorageContainerManager.java:stop(866)) - Stopping SCM Event Queue.
2019-08-30 07:43:11,370 [main] INFO  impl.MetricsSystemImpl (MetricsSystemImpl.java:stop(210)) - Stopping HddsDatanode metrics system...
2019-08-30 07:43:11,376 [main] INFO  impl.MetricsSystemImpl (MetricsSystemImpl.java:stop(216)) - HddsDatanode metrics system stopped.
]]></system-out>
    <system-err><![CDATA[Aug 30, 2019 7:37:36 AM com.sun.jersey.server.impl.application.WebApplicationImpl _initiate
INFO: Initiating Jersey application, version 'Jersey: 1.19 02/11/2015 03:25 AM'
Aug 30, 2019 7:37:37 AM com.sun.jersey.server.impl.application.WebApplicationImpl _initiate
INFO: Initiating Jersey application, version 'Jersey: 1.19 02/11/2015 03:25 AM'
Aug 30, 2019 7:37:37 AM com.sun.jersey.server.impl.application.WebApplicationImpl _initiate
INFO: Initiating Jersey application, version 'Jersey: 1.19 02/11/2015 03:25 AM'
Aug 30, 2019 7:37:37 AM com.sun.jersey.server.impl.application.WebApplicationImpl _initiate
INFO: Initiating Jersey application, version 'Jersey: 1.19 02/11/2015 03:25 AM'
Aug 30, 2019 7:37:37 AM com.sun.jersey.server.impl.application.WebApplicationImpl _initiate
INFO: Initiating Jersey application, version 'Jersey: 1.19 02/11/2015 03:25 AM'
Aug 30, 2019 7:37:38 AM com.sun.jersey.server.impl.application.WebApplicationImpl _initiate
INFO: Initiating Jersey application, version 'Jersey: 1.19 02/11/2015 03:25 AM'
Aug 30, 2019 7:37:38 AM com.sun.jersey.server.impl.application.WebApplicationImpl _initiate
INFO: Initiating Jersey application, version 'Jersey: 1.19 02/11/2015 03:25 AM'
]]></system-err>
  </testcase>
</testsuite>