<?xml version="1.0" encoding="UTF-8"?>
<testsuite xmlns:xsi="http://www.w3.org/2001/XMLSchema-instance" xsi:noNamespaceSchemaLocation="https://maven.apache.org/surefire/maven-surefire-plugin/xsd/surefire-test-report.xsd" name="org.apache.hadoop.hdds.scm.pipeline.TestPipelineClose" time="71.315" tests="4" errors="4" skipped="0" failures="0">
  <properties>
    <property name="awt.toolkit" value="sun.awt.X11.XToolkit"/>
    <property name="file.encoding.pkg" value="sun.io"/>
    <property name="java.specification.version" value="1.8"/>
    <property name="sun.cpu.isalist" value=""/>
    <property name="sun.jnu.encoding" value="UTF-8"/>
    <property name="java.class.path" value="/workdir/hadoop-ozone/integration-test/target/test-classes:/workdir/hadoop-ozone/integration-test/target/classes:/home/user/.m2/repository/org/apache/hadoop/hadoop-ozone-common/0.5.0-SNAPSHOT/hadoop-ozone-common-0.5.0-SNAPSHOT.jar:/home/user/.m2/repository/org/apache/commons/commons-compress/1.4.1/commons-compress-1.4.1.jar:/home/user/.m2/repository/org/tukaani/xz/1.0/xz-1.0.jar:/home/user/.m2/repository/org/apache/hadoop/hadoop-common/3.2.0/hadoop-common-3.2.0.jar:/home/user/.m2/repository/org/apache/hadoop/hadoop-hdfs/3.2.0/hadoop-hdfs-3.2.0.jar:/home/user/.m2/repository/org/apache/hadoop/hadoop-hdfs-client/3.2.0/hadoop-hdfs-client-3.2.0.jar:/home/user/.m2/repository/com/fasterxml/jackson/core/jackson-annotations/2.9.9/jackson-annotations-2.9.9.jar:/home/user/.m2/repository/org/apache/hadoop/hadoop-hdds-common/0.5.0-SNAPSHOT/hadoop-hdds-common-0.5.0-SNAPSHOT.jar:/home/user/.m2/repository/javax/annotation/javax.annotation-api/1.2/javax.annotation-api-1.2.jar:/home/user/.m2/repository/org/apache/ratis/ratis-server/0.4.0/ratis-server-0.4.0.jar:/home/user/.m2/repository/org/apache/ratis/ratis-thirdparty-misc/0.2.0/ratis-thirdparty-misc-0.2.0.jar:/home/user/.m2/repository/org/apache/ratis/ratis-proto/0.4.0/ratis-proto-0.4.0.jar:/home/user/.m2/repository/org/apache/ratis/ratis-common/0.4.0/ratis-common-0.4.0.jar:/home/user/.m2/repository/org/apache/ratis/ratis-client/0.4.0/ratis-client-0.4.0.jar:/home/user/.m2/repository/org/apache/ratis/ratis-metrics/0.4.0/ratis-metrics-0.4.0.jar:/home/user/.m2/repository/com/github/joshelser/dropwizard-metrics-hadoop-metrics2-reporter/0.1.2/dropwizard-metrics-hadoop-metrics2-reporter-0.1.2.jar:/home/user/.m2/repository/io/dropwizard/metrics/metrics-jvm/3.2.5/metrics-jvm-3.2.5.jar:/home/user/.m2/repository/io/dropwizard/metrics/metrics-ganglia/3.2.5/metrics-ganglia-3.2.5.jar:/home/user/.m2/repository/info/ganglia/gmetric4j/gmetric4j/1.0.7/gmetric4j-1.0.7.jar:/home/user/.m2/repository/org/apache/ratis/ratis-netty/0.4.0/ratis-netty-0.4.0.jar:/home/user/.m2/repository/org/apache/ratis/ratis-grpc/0.4.0/ratis-grpc-0.4.0.jar:/home/user/.m2/repository/org/rocksdb/rocksdbjni/6.0.1/rocksdbjni-6.0.1.jar:/home/user/.m2/repository/org/apache/logging/log4j/log4j-api/2.11.0/log4j-api-2.11.0.jar:/home/user/.m2/repository/org/apache/logging/log4j/log4j-core/2.11.0/log4j-core-2.11.0.jar:/home/user/.m2/repository/com/lmax/disruptor/3.4.2/disruptor-3.4.2.jar:/home/user/.m2/repository/org/apache/commons/commons-pool2/2.6.0/commons-pool2-2.6.0.jar:/home/user/.m2/repository/org/bouncycastle/bcpkix-jdk15on/1.60/bcpkix-jdk15on-1.60.jar:/home/user/.m2/repository/commons-validator/commons-validator/1.6/commons-validator-1.6.jar:/home/user/.m2/repository/commons-digester/commons-digester/1.8.1/commons-digester-1.8.1.jar:/home/user/.m2/repository/io/jaegertracing/jaeger-client/0.34.0/jaeger-client-0.34.0.jar:/home/user/.m2/repository/io/jaegertracing/jaeger-thrift/0.34.0/jaeger-thrift-0.34.0.jar:/home/user/.m2/repository/org/apache/thrift/libthrift/0.12.0/libthrift-0.12.0.jar:/home/user/.m2/repository/com/squareup/okhttp3/okhttp/3.9.0/okhttp-3.9.0.jar:/home/user/.m2/repository/com/squareup/okio/okio/1.13.0/okio-1.13.0.jar:/home/user/.m2/repository/io/jaegertracing/jaeger-core/0.34.0/jaeger-core-0.34.0.jar:/home/user/.m2/repository/io/jaegertracing/jaeger-tracerresolver/0.34.0/jaeger-tracerresolver-0.34.0.jar:/home/user/.m2/repository/io/opentracing/contrib/opentracing-tracerresolver/0.1.5/opentracing-tracerresolver-0.1.5.jar:/home/user/.m2/repository/io/opentracing/opentracing-util/0.31.0/opentracing-util-0.31.0.jar:/home/user/.m2/repository/io/opentracing/opentracing-api/0.31.0/opentracing-api-0.31.0.jar:/home/user/.m2/repository/io/opentracing/opentracing-noop/0.31.0/opentracing-noop-0.31.0.jar:/home/user/.m2/repository/org/apache/hadoop/hadoop-hdds-server-framework/0.5.0-SNAPSHOT/hadoop-hdds-server-framework-0.5.0-SNAPSHOT.jar:/home/user/.m2/repository/org/apache/hadoop/hadoop-hdds-container-service/0.5.0-SNAPSHOT/hadoop-hdds-container-service-0.5.0-SNAPSHOT.jar:/home/user/.m2/repository/org/apache/hadoop/hadoop-hdds-client/0.5.0-SNAPSHOT/hadoop-hdds-client-0.5.0-SNAPSHOT.jar:/home/user/.m2/repository/org/apache/hadoop/hadoop-hdds-tools/0.5.0-SNAPSHOT/hadoop-hdds-tools-0.5.0-SNAPSHOT.jar:/home/user/.m2/repository/org/apache/hadoop/hadoop-hdds-server-scm/0.5.0-SNAPSHOT/hadoop-hdds-server-scm-0.5.0-SNAPSHOT.jar:/home/user/.m2/repository/org/apache/hadoop/hadoop-hdds-docs/0.5.0-SNAPSHOT/hadoop-hdds-docs-0.5.0-SNAPSHOT.jar:/home/user/.m2/repository/io/dropwizard/metrics/metrics-core/3.2.4/metrics-core-3.2.4.jar:/home/user/.m2/repository/org/hamcrest/hamcrest-all/1.3/hamcrest-all-1.3.jar:/home/user/.m2/repository/org/bouncycastle/bcprov-jdk15on/1.60/bcprov-jdk15on-1.60.jar:/home/user/.m2/repository/info/picocli/picocli/3.9.6/picocli-3.9.6.jar:/home/user/.m2/repository/com/google/protobuf/protobuf-java/2.5.0/protobuf-java-2.5.0.jar:/home/user/.m2/repository/com/google/guava/guava/11.0.2/guava-11.0.2.jar:/home/user/.m2/repository/org/apache/hadoop/hadoop-ozone-ozone-manager/0.5.0-SNAPSHOT/hadoop-ozone-ozone-manager-0.5.0-SNAPSHOT.jar:/home/user/.m2/repository/org/apache/hadoop/hadoop-minikdc/3.2.0/hadoop-minikdc-3.2.0.jar:/home/user/.m2/repository/commons-io/commons-io/2.5/commons-io-2.5.jar:/home/user/.m2/repository/org/apache/kerby/kerb-simplekdc/1.0.1/kerb-simplekdc-1.0.1.jar:/home/user/.m2/repository/org/apache/kerby/kerb-client/1.0.1/kerb-client-1.0.1.jar:/home/user/.m2/repository/org/apache/kerby/kerby-config/1.0.1/kerby-config-1.0.1.jar:/home/user/.m2/repository/org/apache/kerby/kerb-core/1.0.1/kerb-core-1.0.1.jar:/home/user/.m2/repository/org/apache/kerby/kerby-pkix/1.0.1/kerby-pkix-1.0.1.jar:/home/user/.m2/repository/org/apache/kerby/kerby-asn1/1.0.1/kerby-asn1-1.0.1.jar:/home/user/.m2/repository/org/apache/kerby/kerby-util/1.0.1/kerby-util-1.0.1.jar:/home/user/.m2/repository/org/apache/kerby/kerb-common/1.0.1/kerb-common-1.0.1.jar:/home/user/.m2/repository/org/apache/kerby/kerb-crypto/1.0.1/kerb-crypto-1.0.1.jar:/home/user/.m2/repository/org/apache/kerby/kerb-util/1.0.1/kerb-util-1.0.1.jar:/home/user/.m2/repository/org/apache/kerby/token-provider/1.0.1/token-provider-1.0.1.jar:/home/user/.m2/repository/org/apache/kerby/kerb-admin/1.0.1/kerb-admin-1.0.1.jar:/home/user/.m2/repository/org/apache/kerby/kerb-server/1.0.1/kerb-server-1.0.1.jar:/home/user/.m2/repository/org/apache/kerby/kerb-identity/1.0.1/kerb-identity-1.0.1.jar:/home/user/.m2/repository/org/apache/kerby/kerby-xdr/1.0.1/kerby-xdr-1.0.1.jar:/home/user/.m2/repository/org/slf4j/slf4j-log4j12/1.7.25/slf4j-log4j12-1.7.25.jar:/home/user/.m2/repository/org/apache/hadoop/hadoop-ozone-s3gateway/0.5.0-SNAPSHOT/hadoop-ozone-s3gateway-0.5.0-SNAPSHOT.jar:/home/user/.m2/repository/org/jboss/weld/servlet/weld-servlet/2.4.7.Final/weld-servlet-2.4.7.Final.jar:/home/user/.m2/repository/org/glassfish/jersey/containers/jersey-container-servlet-core/2.27/jersey-container-servlet-core-2.27.jar:/home/user/.m2/repository/org/glassfish/hk2/external/javax.inject/2.5.0-b42/javax.inject-2.5.0-b42.jar:/home/user/.m2/repository/org/glassfish/jersey/core/jersey-common/2.27/jersey-common-2.27.jar:/home/user/.m2/repository/org/glassfish/hk2/osgi-resource-locator/1.0.1/osgi-resource-locator-1.0.1.jar:/home/user/.m2/repository/javax/ws/rs/javax.ws.rs-api/2.1/javax.ws.rs-api-2.1.jar:/home/user/.m2/repository/org/glassfish/jersey/ext/cdi/jersey-cdi1x/2.27/jersey-cdi1x-2.27.jar:/home/user/.m2/repository/org/glassfish/jersey/inject/jersey-hk2/2.27/jersey-hk2-2.27.jar:/home/user/.m2/repository/org/glassfish/hk2/hk2-locator/2.5.0-b42/hk2-locator-2.5.0-b42.jar:/home/user/.m2/repository/org/javassist/javassist/3.22.0-CR2/javassist-3.22.0-CR2.jar:/home/user/.m2/repository/org/glassfish/hk2/hk2-api/2.5.0/hk2-api-2.5.0.jar:/home/user/.m2/repository/org/glassfish/hk2/external/jakarta.inject/2.5.0/jakarta.inject-2.5.0.jar:/home/user/.m2/repository/org/glassfish/hk2/hk2-utils/2.5.0/hk2-utils-2.5.0.jar:/home/user/.m2/repository/jakarta/annotation/jakarta.annotation-api/1.3.4/jakarta.annotation-api-1.3.4.jar:/home/user/.m2/repository/org/glassfish/hk2/external/aopalliance-repackaged/2.5.0/aopalliance-repackaged-2.5.0.jar:/home/user/.m2/repository/com/fasterxml/jackson/dataformat/jackson-dataformat-xml/2.9.0/jackson-dataformat-xml-2.9.0.jar:/home/user/.m2/repository/com/fasterxml/jackson/core/jackson-core/2.9.9/jackson-core-2.9.9.jar:/home/user/.m2/repository/com/fasterxml/jackson/module/jackson-module-jaxb-annotations/2.9.9/jackson-module-jaxb-annotations-2.9.9.jar:/home/user/.m2/repository/javax/enterprise/cdi-api/1.2/cdi-api-1.2.jar:/home/user/.m2/repository/javax/el/javax.el-api/3.0.0/javax.el-api-3.0.0.jar:/home/user/.m2/repository/javax/interceptor/javax.interceptor-api/1.2/javax.interceptor-api-1.2.jar:/home/user/.m2/repository/javax/inject/javax.inject/1/javax.inject-1.jar:/home/user/.m2/repository/com/sun/xml/bind/jaxb-impl/2.3.0.1/jaxb-impl-2.3.0.1.jar:/home/user/.m2/repository/com/sun/xml/bind/jaxb-core/2.3.0.1/jaxb-core-2.3.0.1.jar:/home/user/.m2/repository/javax/xml/bind/jaxb-api/2.3.0/jaxb-api-2.3.0.jar:/home/user/.m2/repository/javax/activation/activation/1.1.1/activation-1.1.1.jar:/home/user/.m2/repository/org/apache/hadoop/hadoop-ozone-csi/0.5.0-SNAPSHOT/hadoop-ozone-csi-0.5.0-SNAPSHOT.jar:/home/user/.m2/repository/com/google/protobuf/protobuf-java-util/3.5.1/protobuf-java-util-3.5.1.jar:/home/user/.m2/repository/org/apache/hadoop/hadoop-hdds-config/0.5.0-SNAPSHOT/hadoop-hdds-config-0.5.0-SNAPSHOT.jar:/home/user/.m2/repository/io/grpc/grpc-netty/1.17.1/grpc-netty-1.17.1.jar:/home/user/.m2/repository/io/grpc/grpc-core/1.17.1/grpc-core-1.17.1.jar:/home/user/.m2/repository/io/grpc/grpc-context/1.17.1/grpc-context-1.17.1.jar:/home/user/.m2/repository/com/google/errorprone/error_prone_annotations/2.2.0/error_prone_annotations-2.2.0.jar:/home/user/.m2/repository/org/codehaus/mojo/animal-sniffer-annotations/1.17/animal-sniffer-annotations-1.17.jar:/home/user/.m2/repository/io/opencensus/opencensus-api/0.17.0/opencensus-api-0.17.0.jar:/home/user/.m2/repository/io/opencensus/opencensus-contrib-grpc-metrics/0.17.0/opencensus-contrib-grpc-metrics-0.17.0.jar:/home/user/.m2/repository/io/netty/netty-codec-http2/4.1.30.Final/netty-codec-http2-4.1.30.Final.jar:/home/user/.m2/repository/io/netty/netty-codec-http/4.1.30.Final/netty-codec-http-4.1.30.Final.jar:/home/user/.m2/repository/io/netty/netty-codec/4.1.30.Final/netty-codec-4.1.30.Final.jar:/home/user/.m2/repository/io/netty/netty-handler/4.1.30.Final/netty-handler-4.1.30.Final.jar:/home/user/.m2/repository/io/netty/netty-handler-proxy/4.1.30.Final/netty-handler-proxy-4.1.30.Final.jar:/home/user/.m2/repository/io/netty/netty-codec-socks/4.1.30.Final/netty-codec-socks-4.1.30.Final.jar:/home/user/.m2/repository/io/netty/netty-transport-native-epoll/4.1.30.Final/netty-transport-native-epoll-4.1.30.Final.jar:/home/user/.m2/repository/io/netty/netty-common/4.1.30.Final/netty-common-4.1.30.Final.jar:/home/user/.m2/repository/io/netty/netty-buffer/4.1.30.Final/netty-buffer-4.1.30.Final.jar:/home/user/.m2/repository/io/netty/netty-transport/4.1.30.Final/netty-transport-4.1.30.Final.jar:/home/user/.m2/repository/io/netty/netty-resolver/4.1.30.Final/netty-resolver-4.1.30.Final.jar:/home/user/.m2/repository/io/netty/netty-transport-native-unix-common/4.1.30.Final/netty-transport-native-unix-common-4.1.30.Final.jar:/home/user/.m2/repository/io/grpc/grpc-protobuf/1.17.1/grpc-protobuf-1.17.1.jar:/home/user/.m2/repository/com/google/api/grpc/proto-google-common-protos/1.0.0/proto-google-common-protos-1.0.0.jar:/home/user/.m2/repository/io/grpc/grpc-protobuf-lite/1.17.1/grpc-protobuf-lite-1.17.1.jar:/home/user/.m2/repository/io/grpc/grpc-stub/1.17.1/grpc-stub-1.17.1.jar:/home/user/.m2/repository/org/apache/hadoop/hadoop-ozone-recon/0.5.0-SNAPSHOT/hadoop-ozone-recon-0.5.0-SNAPSHOT.jar:/home/user/.m2/repository/org/apache/hadoop/hadoop-ozone-reconcodegen/0.5.0-SNAPSHOT/hadoop-ozone-reconcodegen-0.5.0-SNAPSHOT.jar:/home/user/.m2/repository/com/google/inject/extensions/guice-multibindings/4.0/guice-multibindings-4.0.jar:/home/user/.m2/repository/com/google/inject/guice/4.0/guice-4.0.jar:/home/user/.m2/repository/aopalliance/aopalliance/1.0/aopalliance-1.0.jar:/home/user/.m2/repository/com/google/inject/extensions/guice-servlet/4.0/guice-servlet-4.0.jar:/home/user/.m2/repository/org/glassfish/jersey/containers/jersey-container-servlet/2.27/jersey-container-servlet-2.27.jar:/home/user/.m2/repository/org/glassfish/hk2/guice-bridge/2.5.0/guice-bridge-2.5.0.jar:/home/user/.m2/repository/org/glassfish/jersey/core/jersey-server/2.27/jersey-server-2.27.jar:/home/user/.m2/repository/org/glassfish/jersey/core/jersey-client/2.27/jersey-client-2.27.jar:/home/user/.m2/repository/org/glassfish/jersey/media/jersey-media-jaxb/2.27/jersey-media-jaxb-2.27.jar:/home/user/.m2/repository/javax/validation/validation-api/1.1.0.Final/validation-api-1.1.0.Final.jar:/home/user/.m2/repository/org/glassfish/jersey/media/jersey-media-json-jackson/2.27/jersey-media-json-jackson-2.27.jar:/home/user/.m2/repository/org/glassfish/jersey/ext/jersey-entity-filtering/2.27/jersey-entity-filtering-2.27.jar:/home/user/.m2/repository/com/google/inject/extensions/guice-assistedinject/4.0/guice-assistedinject-4.0.jar:/home/user/.m2/repository/org/jooq/jooq/3.11.10/jooq-3.11.10.jar:/home/user/.m2/repository/org/jooq/jooq-meta/3.11.10/jooq-meta-3.11.10.jar:/home/user/.m2/repository/org/jooq/jooq-codegen/3.11.10/jooq-codegen-3.11.10.jar:/home/user/.m2/repository/com/jolbox/bonecp/0.8.0.RELEASE/bonecp-0.8.0.RELEASE.jar:/home/user/.m2/repository/org/xerial/sqlite-jdbc/3.25.2/sqlite-jdbc-3.25.2.jar:/home/user/.m2/repository/org/springframework/spring-jdbc/5.1.3.RELEASE/spring-jdbc-5.1.3.RELEASE.jar:/home/user/.m2/repository/org/springframework/spring-beans/5.1.3.RELEASE/spring-beans-5.1.3.RELEASE.jar:/home/user/.m2/repository/org/springframework/spring-core/5.1.3.RELEASE/spring-core-5.1.3.RELEASE.jar:/home/user/.m2/repository/org/springframework/spring-jcl/5.1.3.RELEASE/spring-jcl-5.1.3.RELEASE.jar:/home/user/.m2/repository/org/springframework/spring-tx/5.1.3.RELEASE/spring-tx-5.1.3.RELEASE.jar:/home/user/.m2/repository/org/apache/hadoop/hadoop-ozone-client/0.5.0-SNAPSHOT/hadoop-ozone-client-0.5.0-SNAPSHOT.jar:/home/user/.m2/repository/commons-lang/commons-lang/2.6/commons-lang-2.6.jar:/home/user/.m2/repository/org/apache/hadoop/hadoop-ozone-ozone-manager/0.5.0-SNAPSHOT/hadoop-ozone-ozone-manager-0.5.0-SNAPSHOT-tests.jar:/home/user/.m2/repository/junit/junit/4.11/junit-4.11.jar:/home/user/.m2/repository/org/hamcrest/hamcrest-core/1.3/hamcrest-core-1.3.jar:/home/user/.m2/repository/org/openjdk/jmh/jmh-core/1.19/jmh-core-1.19.jar:/home/user/.m2/repository/net/sf/jopt-simple/jopt-simple/4.6/jopt-simple-4.6.jar:/home/user/.m2/repository/org/apache/commons/commons-math3/3.1.1/commons-math3-3.1.1.jar:/home/user/.m2/repository/org/openjdk/jmh/jmh-generator-annprocess/1.19/jmh-generator-annprocess-1.19.jar:/home/user/.m2/repository/org/mockito/mockito-all/1.8.5/mockito-all-1.8.5.jar:/home/user/.m2/repository/org/apache/hadoop/hadoop-kms/3.2.0/hadoop-kms-3.2.0.jar:/home/user/.m2/repository/org/apache/hadoop/hadoop-auth/3.2.0/hadoop-auth-3.2.0.jar:/home/user/.m2/repository/com/nimbusds/nimbus-jose-jwt/4.41.1/nimbus-jose-jwt-4.41.1.jar:/home/user/.m2/repository/com/github/stephenc/jcip/jcip-annotations/1.0-1/jcip-annotations-1.0-1.jar:/home/user/.m2/repository/net/minidev/json-smart/2.3/json-smart-2.3.jar:/home/user/.m2/repository/net/minidev/accessors-smart/1.2/accessors-smart-1.2.jar:/home/user/.m2/repository/org/ow2/asm/asm/5.0.4/asm-5.0.4.jar:/home/user/.m2/repository/org/apache/curator/curator-framework/2.12.0/curator-framework-2.12.0.jar:/home/user/.m2/repository/com/sun/jersey/jersey-core/1.19/jersey-core-1.19.jar:/home/user/.m2/repository/javax/ws/rs/jsr311-api/1.1.1/jsr311-api-1.1.1.jar:/home/user/.m2/repository/com/sun/jersey/jersey-server/1.19/jersey-server-1.19.jar:/home/user/.m2/repository/javax/servlet/javax.servlet-api/3.1.0/javax.servlet-api-3.1.0.jar:/home/user/.m2/repository/org/eclipse/jetty/jetty-server/9.3.25.v20180904/jetty-server-9.3.25.v20180904.jar:/home/user/.m2/repository/org/eclipse/jetty/jetty-http/9.3.25.v20180904/jetty-http-9.3.25.v20180904.jar:/home/user/.m2/repository/org/eclipse/jetty/jetty-io/9.3.25.v20180904/jetty-io-9.3.25.v20180904.jar:/home/user/.m2/repository/org/eclipse/jetty/jetty-webapp/9.3.25.v20180904/jetty-webapp-9.3.25.v20180904.jar:/home/user/.m2/repository/org/eclipse/jetty/jetty-xml/9.3.25.v20180904/jetty-xml-9.3.25.v20180904.jar:/home/user/.m2/repository/log4j/log4j/1.2.17/log4j-1.2.17.jar:/home/user/.m2/repository/org/slf4j/slf4j-api/1.7.25/slf4j-api-1.7.25.jar:/home/user/.m2/repository/org/slf4j/jul-to-slf4j/1.7.25/jul-to-slf4j-1.7.25.jar:/home/user/.m2/repository/org/eclipse/jetty/jetty-util/9.3.25.v20180904/jetty-util-9.3.25.v20180904.jar:/home/user/.m2/repository/com/fasterxml/jackson/core/jackson-databind/2.9.9/jackson-databind-2.9.9.jar:/home/user/.m2/repository/org/apache/hadoop/hadoop-kms/3.2.0/hadoop-kms-3.2.0-tests.jar:/home/user/.m2/repository/org/apache/hadoop/hadoop-hdds-server-scm/0.5.0-SNAPSHOT/hadoop-hdds-server-scm-0.5.0-SNAPSHOT-tests.jar:/home/user/.m2/repository/org/apache/hadoop/hadoop-hdds-container-service/0.5.0-SNAPSHOT/hadoop-hdds-container-service-0.5.0-SNAPSHOT-tests.jar:/home/user/.m2/repository/org/yaml/snakeyaml/1.16/snakeyaml-1.16.jar:/home/user/.m2/repository/org/apache/hadoop/hadoop-common/3.2.0/hadoop-common-3.2.0-tests.jar:/home/user/.m2/repository/org/apache/hadoop/hadoop-annotations/3.2.0/hadoop-annotations-3.2.0.jar:/usr/lib/jvm/java-1.8-openjdk/jre/../lib/tools.jar:/home/user/.m2/repository/commons-cli/commons-cli/1.2/commons-cli-1.2.jar:/home/user/.m2/repository/org/apache/httpcomponents/httpclient/4.5.2/httpclient-4.5.2.jar:/home/user/.m2/repository/org/apache/httpcomponents/httpcore/4.4.4/httpcore-4.4.4.jar:/home/user/.m2/repository/commons-codec/commons-codec/1.11/commons-codec-1.11.jar:/home/user/.m2/repository/commons-net/commons-net/3.6/commons-net-3.6.jar:/home/user/.m2/repository/commons-collections/commons-collections/3.2.2/commons-collections-3.2.2.jar:/home/user/.m2/repository/org/eclipse/jetty/jetty-servlet/9.3.25.v20180904/jetty-servlet-9.3.25.v20180904.jar:/home/user/.m2/repository/org/eclipse/jetty/jetty-security/9.3.25.v20180904/jetty-security-9.3.25.v20180904.jar:/home/user/.m2/repository/javax/servlet/jsp/jsp-api/2.1/jsp-api-2.1.jar:/home/user/.m2/repository/com/sun/jersey/jersey-servlet/1.19/jersey-servlet-1.19.jar:/home/user/.m2/repository/com/sun/jersey/jersey-json/1.19/jersey-json-1.19.jar:/home/user/.m2/repository/org/codehaus/jettison/jettison/1.1/jettison-1.1.jar:/home/user/.m2/repository/org/codehaus/jackson/jackson-core-asl/1.9.13/jackson-core-asl-1.9.13.jar:/home/user/.m2/repository/org/codehaus/jackson/jackson-mapper-asl/1.9.13/jackson-mapper-asl-1.9.13.jar:/home/user/.m2/repository/org/codehaus/jackson/jackson-jaxrs/1.9.13/jackson-jaxrs-1.9.13.jar:/home/user/.m2/repository/org/codehaus/jackson/jackson-xc/1.9.13/jackson-xc-1.9.13.jar:/home/user/.m2/repository/commons-logging/commons-logging/1.1.3/commons-logging-1.1.3.jar:/home/user/.m2/repository/commons-beanutils/commons-beanutils/1.9.4/commons-beanutils-1.9.4.jar:/home/user/.m2/repository/org/apache/commons/commons-configuration2/2.1.1/commons-configuration2-2.1.1.jar:/home/user/.m2/repository/org/apache/commons/commons-lang3/3.7/commons-lang3-3.7.jar:/home/user/.m2/repository/org/apache/commons/commons-text/1.4/commons-text-1.4.jar:/home/user/.m2/repository/org/apache/avro/avro/1.7.7/avro-1.7.7.jar:/home/user/.m2/repository/com/thoughtworks/paranamer/paranamer/2.3/paranamer-2.3.jar:/home/user/.m2/repository/org/xerial/snappy/snappy-java/1.0.5/snappy-java-1.0.5.jar:/home/user/.m2/repository/com/google/re2j/re2j/1.1/re2j-1.1.jar:/home/user/.m2/repository/com/google/code/gson/gson/2.2.4/gson-2.2.4.jar:/home/user/.m2/repository/com/jcraft/jsch/0.1.54/jsch-0.1.54.jar:/home/user/.m2/repository/org/apache/curator/curator-client/2.12.0/curator-client-2.12.0.jar:/home/user/.m2/repository/org/apache/curator/curator-recipes/2.12.0/curator-recipes-2.12.0.jar:/home/user/.m2/repository/com/google/code/findbugs/jsr305/3.0.0/jsr305-3.0.0.jar:/home/user/.m2/repository/org/apache/htrace/htrace-core4/4.1.0-incubating/htrace-core4-4.1.0-incubating.jar:/home/user/.m2/repository/org/apache/zookeeper/zookeeper/3.4.13/zookeeper-3.4.13.jar:/home/user/.m2/repository/jline/jline/0.9.94/jline-0.9.94.jar:/home/user/.m2/repository/org/apache/yetus/audience-annotations/0.5.0/audience-annotations-0.5.0.jar:/home/user/.m2/repository/org/codehaus/woodstox/stax2-api/3.1.4/stax2-api-3.1.4.jar:/home/user/.m2/repository/com/fasterxml/woodstox/woodstox-core/5.0.3/woodstox-core-5.0.3.jar:/home/user/.m2/repository/dnsjava/dnsjava/2.1.7/dnsjava-2.1.7.jar:/home/user/.m2/repository/org/apache/hadoop/hadoop-hdfs/3.2.0/hadoop-hdfs-3.2.0-tests.jar:/home/user/.m2/repository/org/eclipse/jetty/jetty-util-ajax/9.3.25.v20180904/jetty-util-ajax-9.3.25.v20180904.jar:/home/user/.m2/repository/commons-daemon/commons-daemon/1.0.13/commons-daemon-1.0.13.jar:/home/user/.m2/repository/io/netty/netty/3.10.5.Final/netty-3.10.5.Final.jar:/home/user/.m2/repository/io/netty/netty-all/4.0.52.Final/netty-all-4.0.52.Final.jar:/home/user/.m2/repository/org/fusesource/leveldbjni/leveldbjni-all/1.8/leveldbjni-all-1.8.jar:"/>
    <property name="java.vm.vendor" value="IcedTea"/>
    <property name="sun.arch.data.model" value="64"/>
    <property name="test.build.dir" value="/workdir/hadoop-ozone/integration-test/target/test-dir"/>
    <property name="test.cache.data" value=""/>
    <property name="java.vendor.url" value="https://icedtea.classpath.org"/>
    <property name="user.timezone" value=""/>
    <property name="java.vm.specification.version" value="1.8"/>
    <property name="os.name" value="Linux"/>
    <property name="test.build.data" value="/workdir/hadoop-ozone/integration-test/target/test-dir"/>
    <property name="user.country" value="US"/>
    <property name="sun.java.launcher" value="SUN_STANDARD"/>
    <property name="sun.boot.library.path" value="/usr/lib/jvm/java-1.8-openjdk/jre/lib/amd64"/>
    <property name="sun.java.command" value="/workdir/hadoop-ozone/integration-test/target/surefire/surefirebooter155735629280447357.jar /workdir/hadoop-ozone/integration-test/target/surefire 2019-09-25T11-13-37_982-jvmRun1 surefire5102021543542712194tmp surefire_868349770918467338863tmp"/>
    <property name="test" value="!TestMiniChaosOzoneCluster"/>
    <property name="surefire.test.class.path" value="/workdir/hadoop-ozone/integration-test/target/test-classes:/workdir/hadoop-ozone/integration-test/target/classes:/home/user/.m2/repository/org/apache/hadoop/hadoop-ozone-common/0.5.0-SNAPSHOT/hadoop-ozone-common-0.5.0-SNAPSHOT.jar:/home/user/.m2/repository/org/apache/commons/commons-compress/1.4.1/commons-compress-1.4.1.jar:/home/user/.m2/repository/org/tukaani/xz/1.0/xz-1.0.jar:/home/user/.m2/repository/org/apache/hadoop/hadoop-common/3.2.0/hadoop-common-3.2.0.jar:/home/user/.m2/repository/org/apache/hadoop/hadoop-hdfs/3.2.0/hadoop-hdfs-3.2.0.jar:/home/user/.m2/repository/org/apache/hadoop/hadoop-hdfs-client/3.2.0/hadoop-hdfs-client-3.2.0.jar:/home/user/.m2/repository/com/fasterxml/jackson/core/jackson-annotations/2.9.9/jackson-annotations-2.9.9.jar:/home/user/.m2/repository/org/apache/hadoop/hadoop-hdds-common/0.5.0-SNAPSHOT/hadoop-hdds-common-0.5.0-SNAPSHOT.jar:/home/user/.m2/repository/javax/annotation/javax.annotation-api/1.2/javax.annotation-api-1.2.jar:/home/user/.m2/repository/org/apache/ratis/ratis-server/0.4.0/ratis-server-0.4.0.jar:/home/user/.m2/repository/org/apache/ratis/ratis-thirdparty-misc/0.2.0/ratis-thirdparty-misc-0.2.0.jar:/home/user/.m2/repository/org/apache/ratis/ratis-proto/0.4.0/ratis-proto-0.4.0.jar:/home/user/.m2/repository/org/apache/ratis/ratis-common/0.4.0/ratis-common-0.4.0.jar:/home/user/.m2/repository/org/apache/ratis/ratis-client/0.4.0/ratis-client-0.4.0.jar:/home/user/.m2/repository/org/apache/ratis/ratis-metrics/0.4.0/ratis-metrics-0.4.0.jar:/home/user/.m2/repository/com/github/joshelser/dropwizard-metrics-hadoop-metrics2-reporter/0.1.2/dropwizard-metrics-hadoop-metrics2-reporter-0.1.2.jar:/home/user/.m2/repository/io/dropwizard/metrics/metrics-jvm/3.2.5/metrics-jvm-3.2.5.jar:/home/user/.m2/repository/io/dropwizard/metrics/metrics-ganglia/3.2.5/metrics-ganglia-3.2.5.jar:/home/user/.m2/repository/info/ganglia/gmetric4j/gmetric4j/1.0.7/gmetric4j-1.0.7.jar:/home/user/.m2/repository/org/apache/ratis/ratis-netty/0.4.0/ratis-netty-0.4.0.jar:/home/user/.m2/repository/org/apache/ratis/ratis-grpc/0.4.0/ratis-grpc-0.4.0.jar:/home/user/.m2/repository/org/rocksdb/rocksdbjni/6.0.1/rocksdbjni-6.0.1.jar:/home/user/.m2/repository/org/apache/logging/log4j/log4j-api/2.11.0/log4j-api-2.11.0.jar:/home/user/.m2/repository/org/apache/logging/log4j/log4j-core/2.11.0/log4j-core-2.11.0.jar:/home/user/.m2/repository/com/lmax/disruptor/3.4.2/disruptor-3.4.2.jar:/home/user/.m2/repository/org/apache/commons/commons-pool2/2.6.0/commons-pool2-2.6.0.jar:/home/user/.m2/repository/org/bouncycastle/bcpkix-jdk15on/1.60/bcpkix-jdk15on-1.60.jar:/home/user/.m2/repository/commons-validator/commons-validator/1.6/commons-validator-1.6.jar:/home/user/.m2/repository/commons-digester/commons-digester/1.8.1/commons-digester-1.8.1.jar:/home/user/.m2/repository/io/jaegertracing/jaeger-client/0.34.0/jaeger-client-0.34.0.jar:/home/user/.m2/repository/io/jaegertracing/jaeger-thrift/0.34.0/jaeger-thrift-0.34.0.jar:/home/user/.m2/repository/org/apache/thrift/libthrift/0.12.0/libthrift-0.12.0.jar:/home/user/.m2/repository/com/squareup/okhttp3/okhttp/3.9.0/okhttp-3.9.0.jar:/home/user/.m2/repository/com/squareup/okio/okio/1.13.0/okio-1.13.0.jar:/home/user/.m2/repository/io/jaegertracing/jaeger-core/0.34.0/jaeger-core-0.34.0.jar:/home/user/.m2/repository/io/jaegertracing/jaeger-tracerresolver/0.34.0/jaeger-tracerresolver-0.34.0.jar:/home/user/.m2/repository/io/opentracing/contrib/opentracing-tracerresolver/0.1.5/opentracing-tracerresolver-0.1.5.jar:/home/user/.m2/repository/io/opentracing/opentracing-util/0.31.0/opentracing-util-0.31.0.jar:/home/user/.m2/repository/io/opentracing/opentracing-api/0.31.0/opentracing-api-0.31.0.jar:/home/user/.m2/repository/io/opentracing/opentracing-noop/0.31.0/opentracing-noop-0.31.0.jar:/home/user/.m2/repository/org/apache/hadoop/hadoop-hdds-server-framework/0.5.0-SNAPSHOT/hadoop-hdds-server-framework-0.5.0-SNAPSHOT.jar:/home/user/.m2/repository/org/apache/hadoop/hadoop-hdds-container-service/0.5.0-SNAPSHOT/hadoop-hdds-container-service-0.5.0-SNAPSHOT.jar:/home/user/.m2/repository/org/apache/hadoop/hadoop-hdds-client/0.5.0-SNAPSHOT/hadoop-hdds-client-0.5.0-SNAPSHOT.jar:/home/user/.m2/repository/org/apache/hadoop/hadoop-hdds-tools/0.5.0-SNAPSHOT/hadoop-hdds-tools-0.5.0-SNAPSHOT.jar:/home/user/.m2/repository/org/apache/hadoop/hadoop-hdds-server-scm/0.5.0-SNAPSHOT/hadoop-hdds-server-scm-0.5.0-SNAPSHOT.jar:/home/user/.m2/repository/org/apache/hadoop/hadoop-hdds-docs/0.5.0-SNAPSHOT/hadoop-hdds-docs-0.5.0-SNAPSHOT.jar:/home/user/.m2/repository/io/dropwizard/metrics/metrics-core/3.2.4/metrics-core-3.2.4.jar:/home/user/.m2/repository/org/hamcrest/hamcrest-all/1.3/hamcrest-all-1.3.jar:/home/user/.m2/repository/org/bouncycastle/bcprov-jdk15on/1.60/bcprov-jdk15on-1.60.jar:/home/user/.m2/repository/info/picocli/picocli/3.9.6/picocli-3.9.6.jar:/home/user/.m2/repository/com/google/protobuf/protobuf-java/2.5.0/protobuf-java-2.5.0.jar:/home/user/.m2/repository/com/google/guava/guava/11.0.2/guava-11.0.2.jar:/home/user/.m2/repository/org/apache/hadoop/hadoop-ozone-ozone-manager/0.5.0-SNAPSHOT/hadoop-ozone-ozone-manager-0.5.0-SNAPSHOT.jar:/home/user/.m2/repository/org/apache/hadoop/hadoop-minikdc/3.2.0/hadoop-minikdc-3.2.0.jar:/home/user/.m2/repository/commons-io/commons-io/2.5/commons-io-2.5.jar:/home/user/.m2/repository/org/apache/kerby/kerb-simplekdc/1.0.1/kerb-simplekdc-1.0.1.jar:/home/user/.m2/repository/org/apache/kerby/kerb-client/1.0.1/kerb-client-1.0.1.jar:/home/user/.m2/repository/org/apache/kerby/kerby-config/1.0.1/kerby-config-1.0.1.jar:/home/user/.m2/repository/org/apache/kerby/kerb-core/1.0.1/kerb-core-1.0.1.jar:/home/user/.m2/repository/org/apache/kerby/kerby-pkix/1.0.1/kerby-pkix-1.0.1.jar:/home/user/.m2/repository/org/apache/kerby/kerby-asn1/1.0.1/kerby-asn1-1.0.1.jar:/home/user/.m2/repository/org/apache/kerby/kerby-util/1.0.1/kerby-util-1.0.1.jar:/home/user/.m2/repository/org/apache/kerby/kerb-common/1.0.1/kerb-common-1.0.1.jar:/home/user/.m2/repository/org/apache/kerby/kerb-crypto/1.0.1/kerb-crypto-1.0.1.jar:/home/user/.m2/repository/org/apache/kerby/kerb-util/1.0.1/kerb-util-1.0.1.jar:/home/user/.m2/repository/org/apache/kerby/token-provider/1.0.1/token-provider-1.0.1.jar:/home/user/.m2/repository/org/apache/kerby/kerb-admin/1.0.1/kerb-admin-1.0.1.jar:/home/user/.m2/repository/org/apache/kerby/kerb-server/1.0.1/kerb-server-1.0.1.jar:/home/user/.m2/repository/org/apache/kerby/kerb-identity/1.0.1/kerb-identity-1.0.1.jar:/home/user/.m2/repository/org/apache/kerby/kerby-xdr/1.0.1/kerby-xdr-1.0.1.jar:/home/user/.m2/repository/org/slf4j/slf4j-log4j12/1.7.25/slf4j-log4j12-1.7.25.jar:/home/user/.m2/repository/org/apache/hadoop/hadoop-ozone-s3gateway/0.5.0-SNAPSHOT/hadoop-ozone-s3gateway-0.5.0-SNAPSHOT.jar:/home/user/.m2/repository/org/jboss/weld/servlet/weld-servlet/2.4.7.Final/weld-servlet-2.4.7.Final.jar:/home/user/.m2/repository/org/glassfish/jersey/containers/jersey-container-servlet-core/2.27/jersey-container-servlet-core-2.27.jar:/home/user/.m2/repository/org/glassfish/hk2/external/javax.inject/2.5.0-b42/javax.inject-2.5.0-b42.jar:/home/user/.m2/repository/org/glassfish/jersey/core/jersey-common/2.27/jersey-common-2.27.jar:/home/user/.m2/repository/org/glassfish/hk2/osgi-resource-locator/1.0.1/osgi-resource-locator-1.0.1.jar:/home/user/.m2/repository/javax/ws/rs/javax.ws.rs-api/2.1/javax.ws.rs-api-2.1.jar:/home/user/.m2/repository/org/glassfish/jersey/ext/cdi/jersey-cdi1x/2.27/jersey-cdi1x-2.27.jar:/home/user/.m2/repository/org/glassfish/jersey/inject/jersey-hk2/2.27/jersey-hk2-2.27.jar:/home/user/.m2/repository/org/glassfish/hk2/hk2-locator/2.5.0-b42/hk2-locator-2.5.0-b42.jar:/home/user/.m2/repository/org/javassist/javassist/3.22.0-CR2/javassist-3.22.0-CR2.jar:/home/user/.m2/repository/org/glassfish/hk2/hk2-api/2.5.0/hk2-api-2.5.0.jar:/home/user/.m2/repository/org/glassfish/hk2/external/jakarta.inject/2.5.0/jakarta.inject-2.5.0.jar:/home/user/.m2/repository/org/glassfish/hk2/hk2-utils/2.5.0/hk2-utils-2.5.0.jar:/home/user/.m2/repository/jakarta/annotation/jakarta.annotation-api/1.3.4/jakarta.annotation-api-1.3.4.jar:/home/user/.m2/repository/org/glassfish/hk2/external/aopalliance-repackaged/2.5.0/aopalliance-repackaged-2.5.0.jar:/home/user/.m2/repository/com/fasterxml/jackson/dataformat/jackson-dataformat-xml/2.9.0/jackson-dataformat-xml-2.9.0.jar:/home/user/.m2/repository/com/fasterxml/jackson/core/jackson-core/2.9.9/jackson-core-2.9.9.jar:/home/user/.m2/repository/com/fasterxml/jackson/module/jackson-module-jaxb-annotations/2.9.9/jackson-module-jaxb-annotations-2.9.9.jar:/home/user/.m2/repository/javax/enterprise/cdi-api/1.2/cdi-api-1.2.jar:/home/user/.m2/repository/javax/el/javax.el-api/3.0.0/javax.el-api-3.0.0.jar:/home/user/.m2/repository/javax/interceptor/javax.interceptor-api/1.2/javax.interceptor-api-1.2.jar:/home/user/.m2/repository/javax/inject/javax.inject/1/javax.inject-1.jar:/home/user/.m2/repository/com/sun/xml/bind/jaxb-impl/2.3.0.1/jaxb-impl-2.3.0.1.jar:/home/user/.m2/repository/com/sun/xml/bind/jaxb-core/2.3.0.1/jaxb-core-2.3.0.1.jar:/home/user/.m2/repository/javax/xml/bind/jaxb-api/2.3.0/jaxb-api-2.3.0.jar:/home/user/.m2/repository/javax/activation/activation/1.1.1/activation-1.1.1.jar:/home/user/.m2/repository/org/apache/hadoop/hadoop-ozone-csi/0.5.0-SNAPSHOT/hadoop-ozone-csi-0.5.0-SNAPSHOT.jar:/home/user/.m2/repository/com/google/protobuf/protobuf-java-util/3.5.1/protobuf-java-util-3.5.1.jar:/home/user/.m2/repository/org/apache/hadoop/hadoop-hdds-config/0.5.0-SNAPSHOT/hadoop-hdds-config-0.5.0-SNAPSHOT.jar:/home/user/.m2/repository/io/grpc/grpc-netty/1.17.1/grpc-netty-1.17.1.jar:/home/user/.m2/repository/io/grpc/grpc-core/1.17.1/grpc-core-1.17.1.jar:/home/user/.m2/repository/io/grpc/grpc-context/1.17.1/grpc-context-1.17.1.jar:/home/user/.m2/repository/com/google/errorprone/error_prone_annotations/2.2.0/error_prone_annotations-2.2.0.jar:/home/user/.m2/repository/org/codehaus/mojo/animal-sniffer-annotations/1.17/animal-sniffer-annotations-1.17.jar:/home/user/.m2/repository/io/opencensus/opencensus-api/0.17.0/opencensus-api-0.17.0.jar:/home/user/.m2/repository/io/opencensus/opencensus-contrib-grpc-metrics/0.17.0/opencensus-contrib-grpc-metrics-0.17.0.jar:/home/user/.m2/repository/io/netty/netty-codec-http2/4.1.30.Final/netty-codec-http2-4.1.30.Final.jar:/home/user/.m2/repository/io/netty/netty-codec-http/4.1.30.Final/netty-codec-http-4.1.30.Final.jar:/home/user/.m2/repository/io/netty/netty-codec/4.1.30.Final/netty-codec-4.1.30.Final.jar:/home/user/.m2/repository/io/netty/netty-handler/4.1.30.Final/netty-handler-4.1.30.Final.jar:/home/user/.m2/repository/io/netty/netty-handler-proxy/4.1.30.Final/netty-handler-proxy-4.1.30.Final.jar:/home/user/.m2/repository/io/netty/netty-codec-socks/4.1.30.Final/netty-codec-socks-4.1.30.Final.jar:/home/user/.m2/repository/io/netty/netty-transport-native-epoll/4.1.30.Final/netty-transport-native-epoll-4.1.30.Final.jar:/home/user/.m2/repository/io/netty/netty-common/4.1.30.Final/netty-common-4.1.30.Final.jar:/home/user/.m2/repository/io/netty/netty-buffer/4.1.30.Final/netty-buffer-4.1.30.Final.jar:/home/user/.m2/repository/io/netty/netty-transport/4.1.30.Final/netty-transport-4.1.30.Final.jar:/home/user/.m2/repository/io/netty/netty-resolver/4.1.30.Final/netty-resolver-4.1.30.Final.jar:/home/user/.m2/repository/io/netty/netty-transport-native-unix-common/4.1.30.Final/netty-transport-native-unix-common-4.1.30.Final.jar:/home/user/.m2/repository/io/grpc/grpc-protobuf/1.17.1/grpc-protobuf-1.17.1.jar:/home/user/.m2/repository/com/google/api/grpc/proto-google-common-protos/1.0.0/proto-google-common-protos-1.0.0.jar:/home/user/.m2/repository/io/grpc/grpc-protobuf-lite/1.17.1/grpc-protobuf-lite-1.17.1.jar:/home/user/.m2/repository/io/grpc/grpc-stub/1.17.1/grpc-stub-1.17.1.jar:/home/user/.m2/repository/org/apache/hadoop/hadoop-ozone-recon/0.5.0-SNAPSHOT/hadoop-ozone-recon-0.5.0-SNAPSHOT.jar:/home/user/.m2/repository/org/apache/hadoop/hadoop-ozone-reconcodegen/0.5.0-SNAPSHOT/hadoop-ozone-reconcodegen-0.5.0-SNAPSHOT.jar:/home/user/.m2/repository/com/google/inject/extensions/guice-multibindings/4.0/guice-multibindings-4.0.jar:/home/user/.m2/repository/com/google/inject/guice/4.0/guice-4.0.jar:/home/user/.m2/repository/aopalliance/aopalliance/1.0/aopalliance-1.0.jar:/home/user/.m2/repository/com/google/inject/extensions/guice-servlet/4.0/guice-servlet-4.0.jar:/home/user/.m2/repository/org/glassfish/jersey/containers/jersey-container-servlet/2.27/jersey-container-servlet-2.27.jar:/home/user/.m2/repository/org/glassfish/hk2/guice-bridge/2.5.0/guice-bridge-2.5.0.jar:/home/user/.m2/repository/org/glassfish/jersey/core/jersey-server/2.27/jersey-server-2.27.jar:/home/user/.m2/repository/org/glassfish/jersey/core/jersey-client/2.27/jersey-client-2.27.jar:/home/user/.m2/repository/org/glassfish/jersey/media/jersey-media-jaxb/2.27/jersey-media-jaxb-2.27.jar:/home/user/.m2/repository/javax/validation/validation-api/1.1.0.Final/validation-api-1.1.0.Final.jar:/home/user/.m2/repository/org/glassfish/jersey/media/jersey-media-json-jackson/2.27/jersey-media-json-jackson-2.27.jar:/home/user/.m2/repository/org/glassfish/jersey/ext/jersey-entity-filtering/2.27/jersey-entity-filtering-2.27.jar:/home/user/.m2/repository/com/google/inject/extensions/guice-assistedinject/4.0/guice-assistedinject-4.0.jar:/home/user/.m2/repository/org/jooq/jooq/3.11.10/jooq-3.11.10.jar:/home/user/.m2/repository/org/jooq/jooq-meta/3.11.10/jooq-meta-3.11.10.jar:/home/user/.m2/repository/org/jooq/jooq-codegen/3.11.10/jooq-codegen-3.11.10.jar:/home/user/.m2/repository/com/jolbox/bonecp/0.8.0.RELEASE/bonecp-0.8.0.RELEASE.jar:/home/user/.m2/repository/org/xerial/sqlite-jdbc/3.25.2/sqlite-jdbc-3.25.2.jar:/home/user/.m2/repository/org/springframework/spring-jdbc/5.1.3.RELEASE/spring-jdbc-5.1.3.RELEASE.jar:/home/user/.m2/repository/org/springframework/spring-beans/5.1.3.RELEASE/spring-beans-5.1.3.RELEASE.jar:/home/user/.m2/repository/org/springframework/spring-core/5.1.3.RELEASE/spring-core-5.1.3.RELEASE.jar:/home/user/.m2/repository/org/springframework/spring-jcl/5.1.3.RELEASE/spring-jcl-5.1.3.RELEASE.jar:/home/user/.m2/repository/org/springframework/spring-tx/5.1.3.RELEASE/spring-tx-5.1.3.RELEASE.jar:/home/user/.m2/repository/org/apache/hadoop/hadoop-ozone-client/0.5.0-SNAPSHOT/hadoop-ozone-client-0.5.0-SNAPSHOT.jar:/home/user/.m2/repository/commons-lang/commons-lang/2.6/commons-lang-2.6.jar:/home/user/.m2/repository/org/apache/hadoop/hadoop-ozone-ozone-manager/0.5.0-SNAPSHOT/hadoop-ozone-ozone-manager-0.5.0-SNAPSHOT-tests.jar:/home/user/.m2/repository/junit/junit/4.11/junit-4.11.jar:/home/user/.m2/repository/org/hamcrest/hamcrest-core/1.3/hamcrest-core-1.3.jar:/home/user/.m2/repository/org/openjdk/jmh/jmh-core/1.19/jmh-core-1.19.jar:/home/user/.m2/repository/net/sf/jopt-simple/jopt-simple/4.6/jopt-simple-4.6.jar:/home/user/.m2/repository/org/apache/commons/commons-math3/3.1.1/commons-math3-3.1.1.jar:/home/user/.m2/repository/org/openjdk/jmh/jmh-generator-annprocess/1.19/jmh-generator-annprocess-1.19.jar:/home/user/.m2/repository/org/mockito/mockito-all/1.8.5/mockito-all-1.8.5.jar:/home/user/.m2/repository/org/apache/hadoop/hadoop-kms/3.2.0/hadoop-kms-3.2.0.jar:/home/user/.m2/repository/org/apache/hadoop/hadoop-auth/3.2.0/hadoop-auth-3.2.0.jar:/home/user/.m2/repository/com/nimbusds/nimbus-jose-jwt/4.41.1/nimbus-jose-jwt-4.41.1.jar:/home/user/.m2/repository/com/github/stephenc/jcip/jcip-annotations/1.0-1/jcip-annotations-1.0-1.jar:/home/user/.m2/repository/net/minidev/json-smart/2.3/json-smart-2.3.jar:/home/user/.m2/repository/net/minidev/accessors-smart/1.2/accessors-smart-1.2.jar:/home/user/.m2/repository/org/ow2/asm/asm/5.0.4/asm-5.0.4.jar:/home/user/.m2/repository/org/apache/curator/curator-framework/2.12.0/curator-framework-2.12.0.jar:/home/user/.m2/repository/com/sun/jersey/jersey-core/1.19/jersey-core-1.19.jar:/home/user/.m2/repository/javax/ws/rs/jsr311-api/1.1.1/jsr311-api-1.1.1.jar:/home/user/.m2/repository/com/sun/jersey/jersey-server/1.19/jersey-server-1.19.jar:/home/user/.m2/repository/javax/servlet/javax.servlet-api/3.1.0/javax.servlet-api-3.1.0.jar:/home/user/.m2/repository/org/eclipse/jetty/jetty-server/9.3.25.v20180904/jetty-server-9.3.25.v20180904.jar:/home/user/.m2/repository/org/eclipse/jetty/jetty-http/9.3.25.v20180904/jetty-http-9.3.25.v20180904.jar:/home/user/.m2/repository/org/eclipse/jetty/jetty-io/9.3.25.v20180904/jetty-io-9.3.25.v20180904.jar:/home/user/.m2/repository/org/eclipse/jetty/jetty-webapp/9.3.25.v20180904/jetty-webapp-9.3.25.v20180904.jar:/home/user/.m2/repository/org/eclipse/jetty/jetty-xml/9.3.25.v20180904/jetty-xml-9.3.25.v20180904.jar:/home/user/.m2/repository/log4j/log4j/1.2.17/log4j-1.2.17.jar:/home/user/.m2/repository/org/slf4j/slf4j-api/1.7.25/slf4j-api-1.7.25.jar:/home/user/.m2/repository/org/slf4j/jul-to-slf4j/1.7.25/jul-to-slf4j-1.7.25.jar:/home/user/.m2/repository/org/eclipse/jetty/jetty-util/9.3.25.v20180904/jetty-util-9.3.25.v20180904.jar:/home/user/.m2/repository/com/fasterxml/jackson/core/jackson-databind/2.9.9/jackson-databind-2.9.9.jar:/home/user/.m2/repository/org/apache/hadoop/hadoop-kms/3.2.0/hadoop-kms-3.2.0-tests.jar:/home/user/.m2/repository/org/apache/hadoop/hadoop-hdds-server-scm/0.5.0-SNAPSHOT/hadoop-hdds-server-scm-0.5.0-SNAPSHOT-tests.jar:/home/user/.m2/repository/org/apache/hadoop/hadoop-hdds-container-service/0.5.0-SNAPSHOT/hadoop-hdds-container-service-0.5.0-SNAPSHOT-tests.jar:/home/user/.m2/repository/org/yaml/snakeyaml/1.16/snakeyaml-1.16.jar:/home/user/.m2/repository/org/apache/hadoop/hadoop-common/3.2.0/hadoop-common-3.2.0-tests.jar:/home/user/.m2/repository/org/apache/hadoop/hadoop-annotations/3.2.0/hadoop-annotations-3.2.0.jar:/usr/lib/jvm/java-1.8-openjdk/jre/../lib/tools.jar:/home/user/.m2/repository/commons-cli/commons-cli/1.2/commons-cli-1.2.jar:/home/user/.m2/repository/org/apache/httpcomponents/httpclient/4.5.2/httpclient-4.5.2.jar:/home/user/.m2/repository/org/apache/httpcomponents/httpcore/4.4.4/httpcore-4.4.4.jar:/home/user/.m2/repository/commons-codec/commons-codec/1.11/commons-codec-1.11.jar:/home/user/.m2/repository/commons-net/commons-net/3.6/commons-net-3.6.jar:/home/user/.m2/repository/commons-collections/commons-collections/3.2.2/commons-collections-3.2.2.jar:/home/user/.m2/repository/org/eclipse/jetty/jetty-servlet/9.3.25.v20180904/jetty-servlet-9.3.25.v20180904.jar:/home/user/.m2/repository/org/eclipse/jetty/jetty-security/9.3.25.v20180904/jetty-security-9.3.25.v20180904.jar:/home/user/.m2/repository/javax/servlet/jsp/jsp-api/2.1/jsp-api-2.1.jar:/home/user/.m2/repository/com/sun/jersey/jersey-servlet/1.19/jersey-servlet-1.19.jar:/home/user/.m2/repository/com/sun/jersey/jersey-json/1.19/jersey-json-1.19.jar:/home/user/.m2/repository/org/codehaus/jettison/jettison/1.1/jettison-1.1.jar:/home/user/.m2/repository/org/codehaus/jackson/jackson-core-asl/1.9.13/jackson-core-asl-1.9.13.jar:/home/user/.m2/repository/org/codehaus/jackson/jackson-mapper-asl/1.9.13/jackson-mapper-asl-1.9.13.jar:/home/user/.m2/repository/org/codehaus/jackson/jackson-jaxrs/1.9.13/jackson-jaxrs-1.9.13.jar:/home/user/.m2/repository/org/codehaus/jackson/jackson-xc/1.9.13/jackson-xc-1.9.13.jar:/home/user/.m2/repository/commons-logging/commons-logging/1.1.3/commons-logging-1.1.3.jar:/home/user/.m2/repository/commons-beanutils/commons-beanutils/1.9.4/commons-beanutils-1.9.4.jar:/home/user/.m2/repository/org/apache/commons/commons-configuration2/2.1.1/commons-configuration2-2.1.1.jar:/home/user/.m2/repository/org/apache/commons/commons-lang3/3.7/commons-lang3-3.7.jar:/home/user/.m2/repository/org/apache/commons/commons-text/1.4/commons-text-1.4.jar:/home/user/.m2/repository/org/apache/avro/avro/1.7.7/avro-1.7.7.jar:/home/user/.m2/repository/com/thoughtworks/paranamer/paranamer/2.3/paranamer-2.3.jar:/home/user/.m2/repository/org/xerial/snappy/snappy-java/1.0.5/snappy-java-1.0.5.jar:/home/user/.m2/repository/com/google/re2j/re2j/1.1/re2j-1.1.jar:/home/user/.m2/repository/com/google/code/gson/gson/2.2.4/gson-2.2.4.jar:/home/user/.m2/repository/com/jcraft/jsch/0.1.54/jsch-0.1.54.jar:/home/user/.m2/repository/org/apache/curator/curator-client/2.12.0/curator-client-2.12.0.jar:/home/user/.m2/repository/org/apache/curator/curator-recipes/2.12.0/curator-recipes-2.12.0.jar:/home/user/.m2/repository/com/google/code/findbugs/jsr305/3.0.0/jsr305-3.0.0.jar:/home/user/.m2/repository/org/apache/htrace/htrace-core4/4.1.0-incubating/htrace-core4-4.1.0-incubating.jar:/home/user/.m2/repository/org/apache/zookeeper/zookeeper/3.4.13/zookeeper-3.4.13.jar:/home/user/.m2/repository/jline/jline/0.9.94/jline-0.9.94.jar:/home/user/.m2/repository/org/apache/yetus/audience-annotations/0.5.0/audience-annotations-0.5.0.jar:/home/user/.m2/repository/org/codehaus/woodstox/stax2-api/3.1.4/stax2-api-3.1.4.jar:/home/user/.m2/repository/com/fasterxml/woodstox/woodstox-core/5.0.3/woodstox-core-5.0.3.jar:/home/user/.m2/repository/dnsjava/dnsjava/2.1.7/dnsjava-2.1.7.jar:/home/user/.m2/repository/org/apache/hadoop/hadoop-hdfs/3.2.0/hadoop-hdfs-3.2.0-tests.jar:/home/user/.m2/repository/org/eclipse/jetty/jetty-util-ajax/9.3.25.v20180904/jetty-util-ajax-9.3.25.v20180904.jar:/home/user/.m2/repository/commons-daemon/commons-daemon/1.0.13/commons-daemon-1.0.13.jar:/home/user/.m2/repository/io/netty/netty/3.10.5.Final/netty-3.10.5.Final.jar:/home/user/.m2/repository/io/netty/netty-all/4.0.52.Final/netty-all-4.0.52.Final.jar:/home/user/.m2/repository/org/fusesource/leveldbjni/leveldbjni-all/1.8/leveldbjni-all-1.8.jar:"/>
    <property name="sun.cpu.endian" value="little"/>
    <property name="user.home" value="/home/user"/>
    <property name="user.language" value="en"/>
    <property name="java.specification.vendor" value="Oracle Corporation"/>
    <property name="java.home" value="/usr/lib/jvm/java-1.8-openjdk/jre"/>
    <property name="java.security.krb5.conf" value="/workdir/hadoop-ozone/integration-test/target/test-classes/krb5.conf"/>
    <property name="basedir" value="/workdir/hadoop-ozone/integration-test"/>
    <property name="file.separator" value="/"/>
    <property name="line.separator" value="&#10;"/>
    <property name="java.vm.specification.vendor" value="Oracle Corporation"/>
    <property name="java.specification.name" value="Java Platform API Specification"/>
    <property name="java.awt.graphicsenv" value="sun.awt.X11GraphicsEnvironment"/>
    <property name="surefire.real.class.path" value="/workdir/hadoop-ozone/integration-test/target/surefire/surefirebooter155735629280447357.jar"/>
    <property name="hadoop.log.dir" value="/workdir/hadoop-ozone/integration-test/target/log"/>
    <property name="sun.boot.class.path" value="/usr/lib/jvm/java-1.8-openjdk/jre/lib/resources.jar:/usr/lib/jvm/java-1.8-openjdk/jre/lib/rt.jar:/usr/lib/jvm/java-1.8-openjdk/jre/lib/sunrsasign.jar:/usr/lib/jvm/java-1.8-openjdk/jre/lib/jsse.jar:/usr/lib/jvm/java-1.8-openjdk/jre/lib/jce.jar:/usr/lib/jvm/java-1.8-openjdk/jre/lib/charsets.jar:/usr/lib/jvm/java-1.8-openjdk/jre/lib/jfr.jar:/usr/lib/jvm/java-1.8-openjdk/jre/classes"/>
    <property name="sun.management.compiler" value="HotSpot 64-Bit Tiered Compilers"/>
    <property name="java.runtime.version" value="1.8.0_212-b04"/>
    <property name="java.net.preferIPv4Stack" value="true"/>
    <property name="user.name" value="jenkins1000"/>
    <property name="path.separator" value=":"/>
    <property name="java.security.egd" value="file:///dev/urandom"/>
    <property name="os.version" value="3.10.0-957.12.2.el7.x86_64"/>
    <property name="java.endorsed.dirs" value="/usr/lib/jvm/java-1.8-openjdk/jre/lib/endorsed"/>
    <property name="java.runtime.name" value="OpenJDK Runtime Environment"/>
    <property name="file.encoding" value="UTF-8"/>
    <property name="java.vm.name" value="OpenJDK 64-Bit Server VM"/>
    <property name="test.build.webapps" value=""/>
    <property name="localRepository" value="/home/user/.m2/repository"/>
    <property name="java.vendor.url.bug" value="https://icedtea.classpath.org/bugzilla"/>
    <property name="java.io.tmpdir" value="/tmp"/>
    <property name="require.test.libhadoop" value=""/>
    <property name="java.version" value="1.8.0_212"/>
    <property name="user.dir" value="/workdir/hadoop-ozone/integration-test"/>
    <property name="os.arch" value="amd64"/>
    <property name="java.vm.specification.name" value="Java Virtual Machine Specification"/>
    <property name="test.build.classes" value="/workdir/hadoop-ozone/integration-test/target/test-classes"/>
    <property name="java.awt.printerjob" value="sun.print.PSPrinterJob"/>
    <property name="sun.os.patch.level" value="unknown"/>
    <property name="hadoop.tmp.dir" value="/workdir/hadoop-ozone/integration-test/target/tmp"/>
    <property name="java.library.path" value="/usr/lib/jvm/java-1.8-openjdk/jre/lib/amd64/server:/usr/lib/jvm/java-1.8-openjdk/jre/lib/amd64:/usr/lib/jvm/java-1.8-openjdk/jre/../lib/amd64:/workdir/hadoop-ozone/integration-test/target/native/target/usr/local/lib:/workdir/hadoop-ozone/integration-test/../../hadoop-common-project/hadoop-common/target/native/target/usr/local/lib:/usr/java/packages/lib/amd64:/usr/lib64:/lib64:/lib:/usr/lib"/>
    <property name="java.vm.info" value="mixed mode"/>
    <property name="java.vendor" value="IcedTea"/>
    <property name="java.vm.version" value="25.212-b04"/>
    <property name="java.ext.dirs" value="/usr/lib/jvm/java-1.8-openjdk/jre/lib/ext:/usr/java/packages/lib/ext"/>
    <property name="sun.io.unicode.encoding" value="UnicodeLittle"/>
    <property name="java.class.version" value="52.0"/>
  </properties>
  <testcase name="testPipelineCloseWithPipelineAction" classname="org.apache.hadoop.hdds.scm.pipeline.TestPipelineClose" time="21.522">
    <error message="Could not allocate container. Cannot get any matching pipeline for Type:RATIS, Factor:THREE, State:PipelineState.OPEN" type="java.io.IOException">java.io.IOException: Could not allocate container. Cannot get any matching pipeline for Type:RATIS, Factor:THREE, State:PipelineState.OPEN
	at org.apache.hadoop.hdds.scm.container.ContainerStateManager.allocateContainer(ContainerStateManager.java:260)
	at org.apache.hadoop.hdds.scm.container.SCMContainerManager.allocateContainer(SCMContainerManager.java:247)
	at org.apache.hadoop.hdds.scm.pipeline.TestPipelineClose.init(TestPipelineClose.java:92)
	at sun.reflect.NativeMethodAccessorImpl.invoke0(Native Method)
	at sun.reflect.NativeMethodAccessorImpl.invoke(NativeMethodAccessorImpl.java:62)
	at sun.reflect.DelegatingMethodAccessorImpl.invoke(DelegatingMethodAccessorImpl.java:43)
	at java.lang.reflect.Method.invoke(Method.java:498)
	at org.junit.runners.model.FrameworkMethod$1.runReflectiveCall(FrameworkMethod.java:47)
	at org.junit.internal.runners.model.ReflectiveCallable.run(ReflectiveCallable.java:12)
	at org.junit.runners.model.FrameworkMethod.invokeExplosively(FrameworkMethod.java:44)
	at org.junit.internal.runners.statements.RunBefores.evaluate(RunBefores.java:24)
	at org.junit.internal.runners.statements.RunAfters.evaluate(RunAfters.java:27)
	at org.junit.runners.ParentRunner.runLeaf(ParentRunner.java:271)
	at org.junit.runners.BlockJUnit4ClassRunner.runChild(BlockJUnit4ClassRunner.java:70)
	at org.junit.runners.BlockJUnit4ClassRunner.runChild(BlockJUnit4ClassRunner.java:50)
	at org.junit.runners.ParentRunner$3.run(ParentRunner.java:238)
	at org.junit.runners.ParentRunner$1.schedule(ParentRunner.java:63)
	at org.junit.runners.ParentRunner.runChildren(ParentRunner.java:236)
	at org.junit.runners.ParentRunner.access$000(ParentRunner.java:53)
	at org.junit.runners.ParentRunner$2.evaluate(ParentRunner.java:229)
	at org.junit.runners.ParentRunner.run(ParentRunner.java:309)
	at org.apache.maven.surefire.junit4.JUnit4Provider.execute(JUnit4Provider.java:365)
	at org.apache.maven.surefire.junit4.JUnit4Provider.executeWithRerun(JUnit4Provider.java:273)
	at org.apache.maven.surefire.junit4.JUnit4Provider.executeTestSet(JUnit4Provider.java:238)
	at org.apache.maven.surefire.junit4.JUnit4Provider.invoke(JUnit4Provider.java:159)
	at org.apache.maven.surefire.booter.ForkedBooter.invokeProviderInSameClassLoader(ForkedBooter.java:384)
	at org.apache.maven.surefire.booter.ForkedBooter.runSuitesInProcess(ForkedBooter.java:345)
	at org.apache.maven.surefire.booter.ForkedBooter.execute(ForkedBooter.java:126)
	at org.apache.maven.surefire.booter.ForkedBooter.main(ForkedBooter.java:418)
</error>
    <system-out><![CDATA[2019-09-25 12:38:26,414 [main] WARN  server.ServerUtils (ServerUtils.java:getScmDbDir(145)) - ozone.scm.db.dirs is not configured. We recommend adding this setting. Falling back to ozone.metadata.dirs instead.
2019-09-25 12:38:26,519 [main] WARN  server.ServerUtils (ServerUtils.java:getScmDbDir(145)) - ozone.scm.db.dirs is not configured. We recommend adding this setting. Falling back to ozone.metadata.dirs instead.
2019-09-25 12:38:26,522 [main] WARN  server.ServerUtils (ServerUtils.java:getScmDbDir(145)) - ozone.scm.db.dirs is not configured. We recommend adding this setting. Falling back to ozone.metadata.dirs instead.
2019-09-25 12:38:26,540 [main] INFO  util.log (Log.java:initialized(192)) - Logging initialized @923ms
2019-09-25 12:38:26,658 [main] INFO  db.DBStoreBuilder (DBStoreBuilder.java:addTable(110)) - using custom profile for table: deletedBlocks
2019-09-25 12:38:26,659 [main] INFO  db.DBStoreBuilder (DBStoreBuilder.java:processTables(161)) - Using default column profile:DBProfile.DISK for Table:deletedBlocks
2019-09-25 12:38:26,660 [main] INFO  db.DBStoreBuilder (DBStoreBuilder.java:addTable(110)) - using custom profile for table: validCerts
2019-09-25 12:38:26,660 [main] INFO  db.DBStoreBuilder (DBStoreBuilder.java:processTables(161)) - Using default column profile:DBProfile.DISK for Table:validCerts
2019-09-25 12:38:26,661 [main] INFO  db.DBStoreBuilder (DBStoreBuilder.java:addTable(110)) - using custom profile for table: revokedCerts
2019-09-25 12:38:26,661 [main] INFO  db.DBStoreBuilder (DBStoreBuilder.java:processTables(161)) - Using default column profile:DBProfile.DISK for Table:revokedCerts
2019-09-25 12:38:26,678 [main] INFO  db.DBStoreBuilder (DBStoreBuilder.java:addTable(110)) - using custom profile for table: default
2019-09-25 12:38:26,679 [main] INFO  db.DBStoreBuilder (DBStoreBuilder.java:processTables(167)) - Using default column profile:DBProfile.DISK for Table:default
2019-09-25 12:38:26,681 [main] INFO  db.DBStoreBuilder (DBStoreBuilder.java:getDbProfile(198)) - Using default options. DBProfile.DISK
2019-09-25 12:38:26,973 [main] INFO  net.NodeSchemaLoader (NodeSchemaLoader.java:loadSchemaFromFile(125)) - Loading file from sun.misc.CompoundEnumeration@78691363
2019-09-25 12:38:26,975 [main] INFO  net.NodeSchemaLoader (NodeSchemaLoader.java:loadSchema(171)) - Loading network topology layer schema file
2019-09-25 12:38:27,043 [main] WARN  server.ServerUtils (ServerUtils.java:sanitizeUserArgs(70)) - ozone.scm.stale.node.interval value = 300000 is larger than max = 100000 based on the key value of ozone.scm.heartbeat.thread.interval, reset to the max value 100000.
2019-09-25 12:38:27,045 [main] WARN  server.ServerUtils (ServerUtils.java:sanitizeUserArgs(70)) - ozone.scm.stale.node.interval value = 300000 is larger than max = 100000 based on the key value of ozone.scm.heartbeat.thread.interval, reset to the max value 100000.
2019-09-25 12:38:27,047 [main] INFO  node.SCMNodeManager (SCMNodeManager.java:<init>(114)) - Entering startup safe mode.
2019-09-25 12:38:27,116 [main] INFO  algorithms.ContainerPlacementPolicyFactory (ContainerPlacementPolicyFactory.java:getPolicy(59)) - Create container placement policy of type org.apache.hadoop.hdds.scm.container.placement.algorithms.SCMContainerPlacementRandom
2019-09-25 12:38:27,132 [main] WARN  server.ServerUtils (ServerUtils.java:getScmDbDir(145)) - ozone.scm.db.dirs is not configured. We recommend adding this setting. Falling back to ozone.metadata.dirs instead.
2019-09-25 12:38:27,203 [main] INFO  pipeline.SCMPipelineManager (SCMPipelineManager.java:initializePipelineState(132)) - No pipeline exists in current db
2019-09-25 12:38:27,206 [main] WARN  server.ServerUtils (ServerUtils.java:getScmDbDir(145)) - ozone.scm.db.dirs is not configured. We recommend adding this setting. Falling back to ozone.metadata.dirs instead.
2019-09-25 12:38:27,317 [main] WARN  events.EventQueue (EventQueue.java:fireEvent(183)) - No event handler registered for event TypedEvent{payloadType=SafeModeStatus, name='SafeModeStatus'}
2019-09-25 12:38:27,707 [main] INFO  ipc.CallQueueManager (CallQueueManager.java:<init>(84)) - Using callQueue: class java.util.concurrent.LinkedBlockingQueue, queueCapacity: 2000, scheduler: class org.apache.hadoop.ipc.DefaultRpcScheduler, ipcBackoff: false.
2019-09-25 12:38:27,742 [Socket Reader #1 for port 37641] INFO  ipc.Server (Server.java:run(1074)) - Starting Socket Reader #1 for port 37641
2019-09-25 12:38:27,880 [main] INFO  ipc.CallQueueManager (CallQueueManager.java:<init>(84)) - Using callQueue: class java.util.concurrent.LinkedBlockingQueue, queueCapacity: 2000, scheduler: class org.apache.hadoop.ipc.DefaultRpcScheduler, ipcBackoff: false.
2019-09-25 12:38:27,881 [Socket Reader #1 for port 36070] INFO  ipc.Server (Server.java:run(1074)) - Starting Socket Reader #1 for port 36070
2019-09-25 12:38:27,891 [main] INFO  ipc.CallQueueManager (CallQueueManager.java:<init>(84)) - Using callQueue: class java.util.concurrent.LinkedBlockingQueue, queueCapacity: 2000, scheduler: class org.apache.hadoop.ipc.DefaultRpcScheduler, ipcBackoff: false.
2019-09-25 12:38:27,892 [Socket Reader #1 for port 33301] INFO  ipc.Server (Server.java:run(1074)) - Starting Socket Reader #1 for port 33301
2019-09-25 12:38:27,915 [main] INFO  hdfs.DFSUtil (DFSUtil.java:httpServerTemplateForNNAndJN(1641)) - Starting Web-server for scm at: http://0.0.0.0:0
2019-09-25 12:38:28,054 [main] INFO  server.AuthenticationFilter (AuthenticationFilter.java:constructSecretProvider(240)) - Unable to initialize FileSignerSecretProvider, falling back to use random secrets.
2019-09-25 12:38:28,062 [main] WARN  http.HttpRequestLog (HttpRequestLog.java:getRequestLog(97)) - Jetty request log can only be enabled using Log4j
2019-09-25 12:38:28,070 [main] INFO  http.HttpServer2 (HttpServer2.java:addGlobalFilter(975)) - Added global filter 'safety' (class=org.apache.hadoop.http.HttpServer2$QuotingInputFilter)
2019-09-25 12:38:28,072 [main] INFO  http.HttpServer2 (HttpServer2.java:addFilter(948)) - Added filter static_user_filter (class=org.apache.hadoop.http.lib.StaticUserWebFilter$StaticUserFilter) to context scm
2019-09-25 12:38:28,073 [main] INFO  http.HttpServer2 (HttpServer2.java:addFilter(958)) - Added filter static_user_filter (class=org.apache.hadoop.http.lib.StaticUserWebFilter$StaticUserFilter) to context static
2019-09-25 12:38:28,073 [main] INFO  http.HttpServer2 (HttpServer2.java:addFilter(958)) - Added filter static_user_filter (class=org.apache.hadoop.http.lib.StaticUserWebFilter$StaticUserFilter) to context logs
2019-09-25 12:38:28,104 [main] INFO  server.StorageContainerManager (StorageContainerManager.java:start(770)) - StorageContainerLocationProtocol RPC server is listening at /0.0.0.0:33301
2019-09-25 12:38:28,166 [main] WARN  impl.MetricsConfig (MetricsConfig.java:loadFirst(134)) - Cannot locate configuration: tried hadoop-metrics2-storagecontainermanager.properties,hadoop-metrics2.properties
2019-09-25 12:38:28,179 [main] INFO  impl.MetricsSystemImpl (MetricsSystemImpl.java:startTimer(374)) - Scheduled Metric snapshot period at 10 second(s).
2019-09-25 12:38:28,179 [main] INFO  impl.MetricsSystemImpl (MetricsSystemImpl.java:start(191)) - StorageContainerManager metrics system started
2019-09-25 12:38:28,395 [main] INFO  server.SCMClientProtocolServer (SCMClientProtocolServer.java:start(151)) - RPC server for Client  is listening at /0.0.0.0:33301
2019-09-25 12:38:28,395 [IPC Server Responder] INFO  ipc.Server (Server.java:run(1314)) - IPC Server Responder: starting
2019-09-25 12:38:28,395 [IPC Server listener on 33301] INFO  ipc.Server (Server.java:run(1153)) - IPC Server listener on 33301: starting
2019-09-25 12:38:28,398 [main] INFO  server.StorageContainerManager (StorageContainerManager.java:start(780)) - ScmBlockLocationProtocol RPC server is listening at /0.0.0.0:36070
2019-09-25 12:38:28,399 [main] INFO  server.SCMBlockProtocolServer (SCMBlockProtocolServer.java:start(146)) - RPC server for Block Protocol is listening at /0.0.0.0:36070
2019-09-25 12:38:28,400 [IPC Server Responder] INFO  ipc.Server (Server.java:run(1314)) - IPC Server Responder: starting
2019-09-25 12:38:28,400 [IPC Server listener on 36070] INFO  ipc.Server (Server.java:run(1153)) - IPC Server listener on 36070: starting
2019-09-25 12:38:28,402 [main] INFO  server.StorageContainerManager (StorageContainerManager.java:start(784)) - ScmDatanodeProtocl RPC server is listening at /0.0.0.0:37641
2019-09-25 12:38:28,402 [main] INFO  server.SCMDatanodeProtocolServer (SCMDatanodeProtocolServer.java:start(191)) - RPC server for DataNodes is listening at /0.0.0.0:37641
2019-09-25 12:38:28,403 [IPC Server Responder] INFO  ipc.Server (Server.java:run(1314)) - IPC Server Responder: starting
2019-09-25 12:38:28,403 [IPC Server listener on 37641] INFO  ipc.Server (Server.java:run(1153)) - IPC Server listener on 37641: starting
2019-09-25 12:38:28,406 [main] INFO  http.HttpServer2 (HttpServer2.java:bindListener(1191)) - Jetty bound to port 45562
2019-09-25 12:38:28,408 [main] INFO  server.Server (Server.java:doStart(351)) - jetty-9.3.25.v20180904, build timestamp: 2018-09-04T21:11:46Z, git hash: 3ce520221d0240229c862b122d2b06c12a625732
2019-09-25 12:38:28,445 [main] INFO  handler.ContextHandler (ContextHandler.java:doStart(781)) - Started o.e.j.s.ServletContextHandler@6b00f608{/logs,file:///workdir/hadoop-ozone/integration-test/target/log,AVAILABLE}
2019-09-25 12:38:28,446 [main] INFO  handler.ContextHandler (ContextHandler.java:doStart(781)) - Started o.e.j.s.ServletContextHandler@3e821657{/static,file:///workdir/hadoop-ozone/integration-test/target/test-classes/webapps/static,AVAILABLE}
2019-09-25 12:38:28,478 [main] INFO  handler.ContextHandler (ContextHandler.java:doStart(781)) - Started o.e.j.w.WebAppContext@6928f576{/,file:///workdir/hadoop-ozone/integration-test/target/test-classes/webapps/scm/,AVAILABLE}{/scm}
2019-09-25 12:38:28,484 [main] INFO  server.AbstractConnector (AbstractConnector.java:doStart(278)) - Started ServerConnector@548e76f1{HTTP/1.1,[http/1.1]}{0.0.0.0:45562}
2019-09-25 12:38:28,484 [main] INFO  server.Server (Server.java:doStart(419)) - Started @2867ms
2019-09-25 12:38:28,486 [main] INFO  impl.MetricsSinkAdapter (MetricsSinkAdapter.java:start(204)) - Sink prometheus started
2019-09-25 12:38:28,486 [main] INFO  impl.MetricsSystemImpl (MetricsSystemImpl.java:registerSink(301)) - Registered sink prometheus
2019-09-25 12:38:28,488 [main] INFO  server.BaseHttpServer (BaseHttpServer.java:updateConnectorAddress(215)) - HTTP server of SCM is listening at http://0.0.0.0:45562
2019-09-25 12:38:28,497 [org.apache.hadoop.util.JvmPauseMonitor$Monitor@73511076] INFO  util.JvmPauseMonitor (JvmPauseMonitor.java:run(188)) - Starting JVM pause monitor
2019-09-25 12:38:28,503 [main] WARN  server.ServerUtils (ServerUtils.java:getDBPath(222)) - ozone.om.db.dirs is not configured. We recommend adding this setting. Falling back to ozone.metadata.dirs instead.
2019-09-25 12:38:28,634 [main] WARN  server.ServerUtils (ServerUtils.java:getDBPath(222)) - ozone.om.db.dirs is not configured. We recommend adding this setting. Falling back to ozone.metadata.dirs instead.
2019-09-25 12:38:28,635 [main] WARN  server.ServerUtils (ServerUtils.java:getDBPath(222)) - ozone.om.db.dirs is not configured. We recommend adding this setting. Falling back to ozone.metadata.dirs instead.
2019-09-25 12:38:28,636 [main] INFO  om.OzoneManager (OzoneManager.java:setOMNodeDetails(652)) - OM Service ID is not set. Setting it to the default ID: omServiceIdDefault
2019-09-25 12:38:28,636 [main] INFO  om.OzoneManager (OzoneManager.java:setOMNodeDetails(658)) - OM Node ID is not set. Setting it to the OmStorage's OmID: d0102596-84f3-41dd-90fa-a6db97577b34
2019-09-25 12:38:28,638 [main] INFO  om.OzoneManager (OzoneManager.java:loadOMHAConfigs(609)) - Found matching OM address with OMServiceId: null, OMNodeId: null, RPC Address: localhost:0 and Ratis port: 9872
2019-09-25 12:38:29,371 [main] WARN  server.ServerUtils (ServerUtils.java:getDBPath(222)) - ozone.om.db.dirs is not configured. We recommend adding this setting. Falling back to ozone.metadata.dirs instead.
2019-09-25 12:38:29,379 [main] INFO  db.DBStoreBuilder (DBStoreBuilder.java:addTable(110)) - using custom profile for table: userTable
2019-09-25 12:38:29,379 [main] INFO  db.DBStoreBuilder (DBStoreBuilder.java:processTables(161)) - Using default column profile:DBProfile.DISK for Table:userTable
2019-09-25 12:38:29,380 [main] INFO  db.DBStoreBuilder (DBStoreBuilder.java:addTable(110)) - using custom profile for table: volumeTable
2019-09-25 12:38:29,380 [main] INFO  db.DBStoreBuilder (DBStoreBuilder.java:processTables(161)) - Using default column profile:DBProfile.DISK for Table:volumeTable
2019-09-25 12:38:29,380 [main] INFO  db.DBStoreBuilder (DBStoreBuilder.java:addTable(110)) - using custom profile for table: bucketTable
2019-09-25 12:38:29,380 [main] INFO  db.DBStoreBuilder (DBStoreBuilder.java:processTables(161)) - Using default column profile:DBProfile.DISK for Table:bucketTable
2019-09-25 12:38:29,381 [main] INFO  db.DBStoreBuilder (DBStoreBuilder.java:addTable(110)) - using custom profile for table: keyTable
2019-09-25 12:38:29,381 [main] INFO  db.DBStoreBuilder (DBStoreBuilder.java:processTables(161)) - Using default column profile:DBProfile.DISK for Table:keyTable
2019-09-25 12:38:29,381 [main] INFO  db.DBStoreBuilder (DBStoreBuilder.java:addTable(110)) - using custom profile for table: deletedTable
2019-09-25 12:38:29,381 [main] INFO  db.DBStoreBuilder (DBStoreBuilder.java:processTables(161)) - Using default column profile:DBProfile.DISK for Table:deletedTable
2019-09-25 12:38:29,382 [main] INFO  db.DBStoreBuilder (DBStoreBuilder.java:addTable(110)) - using custom profile for table: openKeyTable
2019-09-25 12:38:29,382 [main] INFO  db.DBStoreBuilder (DBStoreBuilder.java:processTables(161)) - Using default column profile:DBProfile.DISK for Table:openKeyTable
2019-09-25 12:38:29,382 [main] INFO  db.DBStoreBuilder (DBStoreBuilder.java:addTable(110)) - using custom profile for table: s3Table
2019-09-25 12:38:29,382 [main] INFO  db.DBStoreBuilder (DBStoreBuilder.java:processTables(161)) - Using default column profile:DBProfile.DISK for Table:s3Table
2019-09-25 12:38:29,383 [main] INFO  db.DBStoreBuilder (DBStoreBuilder.java:addTable(110)) - using custom profile for table: multipartInfoTable
2019-09-25 12:38:29,383 [main] INFO  db.DBStoreBuilder (DBStoreBuilder.java:processTables(161)) - Using default column profile:DBProfile.DISK for Table:multipartInfoTable
2019-09-25 12:38:29,383 [main] INFO  db.DBStoreBuilder (DBStoreBuilder.java:addTable(110)) - using custom profile for table: dTokenTable
2019-09-25 12:38:29,383 [main] INFO  db.DBStoreBuilder (DBStoreBuilder.java:processTables(161)) - Using default column profile:DBProfile.DISK for Table:dTokenTable
2019-09-25 12:38:29,384 [main] INFO  db.DBStoreBuilder (DBStoreBuilder.java:addTable(110)) - using custom profile for table: s3SecretTable
2019-09-25 12:38:29,384 [main] INFO  db.DBStoreBuilder (DBStoreBuilder.java:processTables(161)) - Using default column profile:DBProfile.DISK for Table:s3SecretTable
2019-09-25 12:38:29,384 [main] INFO  db.DBStoreBuilder (DBStoreBuilder.java:addTable(110)) - using custom profile for table: prefixTable
2019-09-25 12:38:29,384 [main] INFO  db.DBStoreBuilder (DBStoreBuilder.java:processTables(161)) - Using default column profile:DBProfile.DISK for Table:prefixTable
2019-09-25 12:38:29,385 [main] INFO  db.DBStoreBuilder (DBStoreBuilder.java:addTable(110)) - using custom profile for table: default
2019-09-25 12:38:29,385 [main] INFO  db.DBStoreBuilder (DBStoreBuilder.java:processTables(167)) - Using default column profile:DBProfile.DISK for Table:default
2019-09-25 12:38:29,385 [main] INFO  db.DBStoreBuilder (DBStoreBuilder.java:getDbProfile(198)) - Using default options. DBProfile.DISK
2019-09-25 12:38:29,884 [main] INFO  ipc.CallQueueManager (CallQueueManager.java:<init>(84)) - Using callQueue: class java.util.concurrent.LinkedBlockingQueue, queueCapacity: 2000, scheduler: class org.apache.hadoop.ipc.DefaultRpcScheduler, ipcBackoff: false.
2019-09-25 12:38:29,885 [Socket Reader #1 for port 41483] INFO  ipc.Server (Server.java:run(1074)) - Starting Socket Reader #1 for port 41483
2019-09-25 12:38:29,909 [main] INFO  om.OzoneManager (OzoneManager.java:start(1243)) - OzoneManager RPC server is listening at localhost/127.0.0.1:41483
2019-09-25 12:38:29,909 [main] INFO  impl.MetricsSystemImpl (MetricsSystemImpl.java:init(158)) - OzoneManager metrics system started (again)
2019-09-25 12:38:29,910 [IPC Server Responder] INFO  ipc.Server (Server.java:run(1314)) - IPC Server Responder: starting
2019-09-25 12:38:29,910 [IPC Server listener on 41483] INFO  ipc.Server (Server.java:run(1153)) - IPC Server listener on 41483: starting
2019-09-25 12:38:29,917 [main] INFO  hdfs.DFSUtil (DFSUtil.java:httpServerTemplateForNNAndJN(1641)) - Starting Web-server for ozoneManager at: http://0.0.0.0:0
2019-09-25 12:38:29,919 [main] INFO  server.AuthenticationFilter (AuthenticationFilter.java:constructSecretProvider(240)) - Unable to initialize FileSignerSecretProvider, falling back to use random secrets.
2019-09-25 12:38:29,920 [main] WARN  http.HttpRequestLog (HttpRequestLog.java:getRequestLog(97)) - Jetty request log can only be enabled using Log4j
2019-09-25 12:38:29,924 [main] INFO  http.HttpServer2 (HttpServer2.java:addGlobalFilter(975)) - Added global filter 'safety' (class=org.apache.hadoop.http.HttpServer2$QuotingInputFilter)
2019-09-25 12:38:29,926 [main] INFO  http.HttpServer2 (HttpServer2.java:addFilter(948)) - Added filter static_user_filter (class=org.apache.hadoop.http.lib.StaticUserWebFilter$StaticUserFilter) to context ozoneManager
2019-09-25 12:38:29,926 [main] INFO  http.HttpServer2 (HttpServer2.java:addFilter(958)) - Added filter static_user_filter (class=org.apache.hadoop.http.lib.StaticUserWebFilter$StaticUserFilter) to context static
2019-09-25 12:38:29,927 [main] INFO  http.HttpServer2 (HttpServer2.java:addFilter(958)) - Added filter static_user_filter (class=org.apache.hadoop.http.lib.StaticUserWebFilter$StaticUserFilter) to context logs
2019-09-25 12:38:29,930 [main] INFO  http.HttpServer2 (HttpServer2.java:bindListener(1191)) - Jetty bound to port 32791
2019-09-25 12:38:29,930 [main] INFO  server.Server (Server.java:doStart(351)) - jetty-9.3.25.v20180904, build timestamp: 2018-09-04T21:11:46Z, git hash: 3ce520221d0240229c862b122d2b06c12a625732
2019-09-25 12:38:29,933 [main] INFO  handler.ContextHandler (ContextHandler.java:doStart(781)) - Started o.e.j.s.ServletContextHandler@15923407{/logs,file:///workdir/hadoop-ozone/integration-test/target/log,AVAILABLE}
2019-09-25 12:38:29,934 [main] INFO  handler.ContextHandler (ContextHandler.java:doStart(781)) - Started o.e.j.s.ServletContextHandler@57540fd0{/static,file:///workdir/hadoop-ozone/integration-test/target/test-classes/webapps/static,AVAILABLE}
2019-09-25 12:38:29,942 [main] INFO  handler.ContextHandler (ContextHandler.java:doStart(781)) - Started o.e.j.w.WebAppContext@5b22b970{/,file:///workdir/hadoop-ozone/integration-test/target/test-classes/webapps/ozoneManager/,AVAILABLE}{/ozoneManager}
2019-09-25 12:38:29,943 [main] INFO  server.AbstractConnector (AbstractConnector.java:doStart(278)) - Started ServerConnector@22d1886d{HTTP/1.1,[http/1.1]}{0.0.0.0:32791}
2019-09-25 12:38:29,945 [main] INFO  server.Server (Server.java:doStart(419)) - Started @4328ms
2019-09-25 12:38:29,945 [main] WARN  impl.MetricsSystemImpl (MetricsSystemImpl.java:register(276)) - Sink prometheus already exists!
2019-09-25 12:38:29,946 [main] INFO  server.BaseHttpServer (BaseHttpServer.java:updateConnectorAddress(215)) - HTTP server of OZONEMANAGER is listening at http://0.0.0.0:32791
2019-09-25 12:38:30,303 [main] INFO  impl.MetricsSystemImpl (MetricsSystemImpl.java:init(158)) - HddsDatanode metrics system started (again)
2019-09-25 12:38:30,354 [main] INFO  ozone.HddsDatanodeService (HddsDatanodeService.java:start(184)) - HddsDatanodeService host:pr-hdds-1569-shd4m-3693607622 ip:192.168.151.73
2019-09-25 12:38:30,384 [main] INFO  volume.HddsVolume (HddsVolume.java:<init>(176)) - Creating Volume: /workdir/hadoop-ozone/integration-test/target/test-dir/MiniOzoneClusterImpl-8e40aa81-9222-408e-95f4-7134100ae31d/datanode-0/data/containers/hdds of  storage type : DISK and capacity : 1482555576320
2019-09-25 12:38:30,386 [main] INFO  volume.VolumeSet (VolumeSet.java:initializeVolumeSet(170)) - Added Volume : /workdir/hadoop-ozone/integration-test/target/test-dir/MiniOzoneClusterImpl-8e40aa81-9222-408e-95f4-7134100ae31d/datanode-0/data/containers/hdds to VolumeSet
2019-09-25 12:38:30,389 [main] INFO  volume.ThrottledAsyncChecker (ThrottledAsyncChecker.java:schedule(139)) - Scheduling a check for org.apache.hadoop.ozone.container.common.volume.HddsVolume@53ac845a
2019-09-25 12:38:30,406 [main] INFO  volume.HddsVolumeChecker (HddsVolumeChecker.java:checkAllVolumes(202)) - Scheduled health check for volume org.apache.hadoop.ozone.container.common.volume.HddsVolume@53ac845a
2019-09-25 12:38:30,511 [main] INFO  impl.RaftServerProxy (ConfUtils.java:logGet(43)) - raft.rpc.type = GRPC (default)
2019-09-25 12:38:30,573 [main] INFO  grpc.GrpcFactory (GrpcFactory.java:checkPooledByteBufAllocatorUseCacheForAllThreads(45)) - PERFORMANCE WARNING: useCacheForAllThreads is true that may cause Netty to create a lot garbage objects and, as a result, trigger GC.
	It is recommended to disable useCacheForAllThreads by setting -Dorg.apache.ratis.thirdparty.io.netty.allocator.useCacheForAllThreads=false in command line.
2019-09-25 12:38:30,578 [main] INFO  grpc.GrpcConfigKeys$Server (ConfUtils.java:logGet(43)) - raft.grpc.server.port = 0 (default)
2019-09-25 12:38:30,579 [main] INFO  server.GrpcService (ConfUtils.java:logGet(43)) - raft.grpc.message.size.max = 33570816 (custom)
2019-09-25 12:38:30,580 [main] INFO  server.RaftServerConfigKeys (ConfUtils.java:logGet(43)) - raft.server.log.appender.buffer.byte-limit = 33554432 (custom)
2019-09-25 12:38:30,581 [main] INFO  server.GrpcService (ConfUtils.java:logGet(43)) - raft.grpc.flow.control.window = 1MB (=1048576) (default)
2019-09-25 12:38:30,582 [main] INFO  server.RaftServerConfigKeys (ConfUtils.java:logGet(43)) - raft.server.rpc.request.timeout = 3000ms (default)
2019-09-25 12:38:30,778 [main] INFO  server.RaftServerConfigKeys (ConfUtils.java:logGet(43)) - raft.server.storage.dir = [/workdir/hadoop-ozone/integration-test/target/test-dir/MiniOzoneClusterImpl-8e40aa81-9222-408e-95f4-7134100ae31d/datanode-0/data/ratis] (custom)
2019-09-25 12:38:30,835 [main] INFO  hdfs.DFSUtil (DFSUtil.java:httpServerTemplateForNNAndJN(1641)) - Starting Web-server for hddsDatanode at: http://0.0.0.0:0
2019-09-25 12:38:30,841 [main] INFO  server.AuthenticationFilter (AuthenticationFilter.java:constructSecretProvider(240)) - Unable to initialize FileSignerSecretProvider, falling back to use random secrets.
2019-09-25 12:38:30,842 [main] WARN  http.HttpRequestLog (HttpRequestLog.java:getRequestLog(97)) - Jetty request log can only be enabled using Log4j
2019-09-25 12:38:30,846 [main] INFO  http.HttpServer2 (HttpServer2.java:addGlobalFilter(975)) - Added global filter 'safety' (class=org.apache.hadoop.http.HttpServer2$QuotingInputFilter)
2019-09-25 12:38:30,847 [main] INFO  http.HttpServer2 (HttpServer2.java:addFilter(948)) - Added filter static_user_filter (class=org.apache.hadoop.http.lib.StaticUserWebFilter$StaticUserFilter) to context hddsDatanode
2019-09-25 12:38:30,848 [main] INFO  http.HttpServer2 (HttpServer2.java:addFilter(958)) - Added filter static_user_filter (class=org.apache.hadoop.http.lib.StaticUserWebFilter$StaticUserFilter) to context logs
2019-09-25 12:38:30,848 [main] INFO  http.HttpServer2 (HttpServer2.java:addFilter(958)) - Added filter static_user_filter (class=org.apache.hadoop.http.lib.StaticUserWebFilter$StaticUserFilter) to context static
2019-09-25 12:38:30,851 [main] INFO  http.HttpServer2 (HttpServer2.java:bindListener(1191)) - Jetty bound to port 38544
2019-09-25 12:38:30,851 [main] INFO  server.Server (Server.java:doStart(351)) - jetty-9.3.25.v20180904, build timestamp: 2018-09-04T21:11:46Z, git hash: 3ce520221d0240229c862b122d2b06c12a625732
2019-09-25 12:38:30,855 [main] INFO  handler.ContextHandler (ContextHandler.java:doStart(781)) - Started o.e.j.s.ServletContextHandler@5fa23c{/logs,file:///workdir/hadoop-ozone/integration-test/target/log,AVAILABLE}
2019-09-25 12:38:30,856 [main] INFO  handler.ContextHandler (ContextHandler.java:doStart(781)) - Started o.e.j.s.ServletContextHandler@433348bc{/static,jar:file:/home/user/.m2/repository/org/apache/hadoop/hadoop-hdds-container-service/0.5.0-SNAPSHOT/hadoop-hdds-container-service-0.5.0-SNAPSHOT.jar!/webapps/static,AVAILABLE}
2019-09-25 12:38:30,905 [main] INFO  handler.ContextHandler (ContextHandler.java:doStart(781)) - Started o.e.j.w.WebAppContext@3c5dbdf8{/,file:///tmp/jetty-0.0.0.0-38544-hddsDatanode-_-any-3467304794955900369.dir/webapp/,AVAILABLE}{/hddsDatanode}
2019-09-25 12:38:30,906 [main] INFO  server.AbstractConnector (AbstractConnector.java:doStart(278)) - Started ServerConnector@352c44a8{HTTP/1.1,[http/1.1]}{0.0.0.0:38544}
2019-09-25 12:38:30,908 [main] INFO  server.Server (Server.java:doStart(419)) - Started @5290ms
2019-09-25 12:38:30,908 [main] WARN  impl.MetricsSystemImpl (MetricsSystemImpl.java:register(276)) - Sink prometheus already exists!
2019-09-25 12:38:30,910 [main] INFO  server.BaseHttpServer (BaseHttpServer.java:updateConnectorAddress(215)) - HTTP server of HDDSDATANODE is listening at http://0.0.0.0:38544
2019-09-25 12:38:30,912 [main] INFO  impl.MetricsSystemImpl (MetricsSystemImpl.java:init(158)) - HddsDatanode metrics system started (again)
2019-09-25 12:38:30,917 [main] INFO  ozone.HddsDatanodeService (HddsDatanodeService.java:start(184)) - HddsDatanodeService host:pr-hdds-1569-shd4m-3693607622 ip:192.168.151.73
2019-09-25 12:38:30,919 [org.apache.hadoop.util.JvmPauseMonitor$Monitor@64ee531d] INFO  util.JvmPauseMonitor (JvmPauseMonitor.java:run(188)) - Starting JVM pause monitor
2019-09-25 12:38:30,928 [main] INFO  volume.HddsVolume (HddsVolume.java:<init>(176)) - Creating Volume: /workdir/hadoop-ozone/integration-test/target/test-dir/MiniOzoneClusterImpl-8e40aa81-9222-408e-95f4-7134100ae31d/datanode-1/data/containers/hdds of  storage type : DISK and capacity : 1482555576320
2019-09-25 12:38:30,929 [main] INFO  volume.VolumeSet (VolumeSet.java:initializeVolumeSet(170)) - Added Volume : /workdir/hadoop-ozone/integration-test/target/test-dir/MiniOzoneClusterImpl-8e40aa81-9222-408e-95f4-7134100ae31d/datanode-1/data/containers/hdds to VolumeSet
2019-09-25 12:38:30,930 [main] INFO  volume.ThrottledAsyncChecker (ThrottledAsyncChecker.java:schedule(139)) - Scheduling a check for org.apache.hadoop.ozone.container.common.volume.HddsVolume@3804a9a8
2019-09-25 12:38:30,931 [main] INFO  volume.HddsVolumeChecker (HddsVolumeChecker.java:checkAllVolumes(202)) - Scheduled health check for volume org.apache.hadoop.ozone.container.common.volume.HddsVolume@3804a9a8
2019-09-25 12:38:30,952 [main] INFO  impl.RaftServerProxy (ConfUtils.java:logGet(43)) - raft.rpc.type = GRPC (default)
2019-09-25 12:38:30,952 [main] INFO  grpc.GrpcFactory (GrpcFactory.java:checkPooledByteBufAllocatorUseCacheForAllThreads(45)) - PERFORMANCE WARNING: useCacheForAllThreads is true that may cause Netty to create a lot garbage objects and, as a result, trigger GC.
	It is recommended to disable useCacheForAllThreads by setting -Dorg.apache.ratis.thirdparty.io.netty.allocator.useCacheForAllThreads=false in command line.
2019-09-25 12:38:30,953 [main] INFO  grpc.GrpcConfigKeys$Server (ConfUtils.java:logGet(43)) - raft.grpc.server.port = 0 (default)
2019-09-25 12:38:30,953 [main] INFO  server.GrpcService (ConfUtils.java:logGet(43)) - raft.grpc.message.size.max = 33570816 (custom)
2019-09-25 12:38:30,953 [main] INFO  server.RaftServerConfigKeys (ConfUtils.java:logGet(43)) - raft.server.log.appender.buffer.byte-limit = 33554432 (custom)
2019-09-25 12:38:30,954 [main] INFO  server.GrpcService (ConfUtils.java:logGet(43)) - raft.grpc.flow.control.window = 1MB (=1048576) (default)
2019-09-25 12:38:30,954 [main] INFO  server.RaftServerConfigKeys (ConfUtils.java:logGet(43)) - raft.server.rpc.request.timeout = 3000ms (default)
2019-09-25 12:38:30,955 [main] INFO  server.RaftServerConfigKeys (ConfUtils.java:logGet(43)) - raft.server.storage.dir = [/workdir/hadoop-ozone/integration-test/target/test-dir/MiniOzoneClusterImpl-8e40aa81-9222-408e-95f4-7134100ae31d/datanode-1/data/ratis] (custom)
2019-09-25 12:38:30,957 [main] INFO  hdfs.DFSUtil (DFSUtil.java:httpServerTemplateForNNAndJN(1641)) - Starting Web-server for hddsDatanode at: http://0.0.0.0:0
2019-09-25 12:38:30,960 [main] INFO  server.AuthenticationFilter (AuthenticationFilter.java:constructSecretProvider(240)) - Unable to initialize FileSignerSecretProvider, falling back to use random secrets.
2019-09-25 12:38:30,961 [main] WARN  http.HttpRequestLog (HttpRequestLog.java:getRequestLog(97)) - Jetty request log can only be enabled using Log4j
2019-09-25 12:38:30,964 [main] INFO  http.HttpServer2 (HttpServer2.java:addGlobalFilter(975)) - Added global filter 'safety' (class=org.apache.hadoop.http.HttpServer2$QuotingInputFilter)
2019-09-25 12:38:30,965 [main] INFO  http.HttpServer2 (HttpServer2.java:addFilter(948)) - Added filter static_user_filter (class=org.apache.hadoop.http.lib.StaticUserWebFilter$StaticUserFilter) to context hddsDatanode
2019-09-25 12:38:30,965 [main] INFO  http.HttpServer2 (HttpServer2.java:addFilter(958)) - Added filter static_user_filter (class=org.apache.hadoop.http.lib.StaticUserWebFilter$StaticUserFilter) to context logs
2019-09-25 12:38:30,966 [main] INFO  http.HttpServer2 (HttpServer2.java:addFilter(958)) - Added filter static_user_filter (class=org.apache.hadoop.http.lib.StaticUserWebFilter$StaticUserFilter) to context static
2019-09-25 12:38:30,967 [main] INFO  http.HttpServer2 (HttpServer2.java:bindListener(1191)) - Jetty bound to port 41350
2019-09-25 12:38:30,967 [main] INFO  server.Server (Server.java:doStart(351)) - jetty-9.3.25.v20180904, build timestamp: 2018-09-04T21:11:46Z, git hash: 3ce520221d0240229c862b122d2b06c12a625732
2019-09-25 12:38:30,972 [main] INFO  handler.ContextHandler (ContextHandler.java:doStart(781)) - Started o.e.j.s.ServletContextHandler@625d9132{/logs,file:///workdir/hadoop-ozone/integration-test/target/log,AVAILABLE}
2019-09-25 12:38:30,973 [main] INFO  handler.ContextHandler (ContextHandler.java:doStart(781)) - Started o.e.j.s.ServletContextHandler@277b8fa4{/static,jar:file:/home/user/.m2/repository/org/apache/hadoop/hadoop-hdds-container-service/0.5.0-SNAPSHOT/hadoop-hdds-container-service-0.5.0-SNAPSHOT.jar!/webapps/static,AVAILABLE}
2019-09-25 12:38:31,018 [main] INFO  handler.ContextHandler (ContextHandler.java:doStart(781)) - Started o.e.j.w.WebAppContext@1422ac7f{/,file:///tmp/jetty-0.0.0.0-41350-hddsDatanode-_-any-325442396880475240.dir/webapp/,AVAILABLE}{/hddsDatanode}
2019-09-25 12:38:31,019 [main] INFO  server.AbstractConnector (AbstractConnector.java:doStart(278)) - Started ServerConnector@5e519ad3{HTTP/1.1,[http/1.1]}{0.0.0.0:41350}
2019-09-25 12:38:31,020 [main] INFO  server.Server (Server.java:doStart(419)) - Started @5403ms
2019-09-25 12:38:31,021 [main] WARN  impl.MetricsSystemImpl (MetricsSystemImpl.java:register(276)) - Sink prometheus already exists!
2019-09-25 12:38:31,022 [main] INFO  server.BaseHttpServer (BaseHttpServer.java:updateConnectorAddress(215)) - HTTP server of HDDSDATANODE is listening at http://0.0.0.0:41350
2019-09-25 12:38:31,022 [main] INFO  impl.MetricsSystemImpl (MetricsSystemImpl.java:init(158)) - HddsDatanode metrics system started (again)
2019-09-25 12:38:31,026 [org.apache.hadoop.util.JvmPauseMonitor$Monitor@204067a7] INFO  util.JvmPauseMonitor (JvmPauseMonitor.java:run(188)) - Starting JVM pause monitor
2019-09-25 12:38:31,026 [main] INFO  ozone.HddsDatanodeService (HddsDatanodeService.java:start(184)) - HddsDatanodeService host:pr-hdds-1569-shd4m-3693607622 ip:192.168.151.73
2019-09-25 12:38:31,036 [main] INFO  volume.HddsVolume (HddsVolume.java:<init>(176)) - Creating Volume: /workdir/hadoop-ozone/integration-test/target/test-dir/MiniOzoneClusterImpl-8e40aa81-9222-408e-95f4-7134100ae31d/datanode-2/data/containers/hdds of  storage type : DISK and capacity : 1482555576320
2019-09-25 12:38:31,037 [main] INFO  volume.VolumeSet (VolumeSet.java:initializeVolumeSet(170)) - Added Volume : /workdir/hadoop-ozone/integration-test/target/test-dir/MiniOzoneClusterImpl-8e40aa81-9222-408e-95f4-7134100ae31d/datanode-2/data/containers/hdds to VolumeSet
2019-09-25 12:38:31,037 [main] INFO  volume.ThrottledAsyncChecker (ThrottledAsyncChecker.java:schedule(139)) - Scheduling a check for org.apache.hadoop.ozone.container.common.volume.HddsVolume@6e0c6a7a
2019-09-25 12:38:31,038 [main] INFO  volume.HddsVolumeChecker (HddsVolumeChecker.java:checkAllVolumes(202)) - Scheduled health check for volume org.apache.hadoop.ozone.container.common.volume.HddsVolume@6e0c6a7a
2019-09-25 12:38:31,046 [Datanode State Machine Thread - 0] INFO  datanode.InitDatanodeState (InitDatanodeState.java:persistContainerDatanodeDetails(140)) - DatanodeDetails is persisted to /workdir/hadoop-ozone/integration-test/target/test-dir/MiniOzoneClusterImpl-8e40aa81-9222-408e-95f4-7134100ae31d/datanode-0/meta/datanode.id
2019-09-25 12:38:31,051 [Datanode State Machine Thread - 0] INFO  datanode.InitDatanodeState (InitDatanodeState.java:persistContainerDatanodeDetails(140)) - DatanodeDetails is persisted to /workdir/hadoop-ozone/integration-test/target/test-dir/MiniOzoneClusterImpl-8e40aa81-9222-408e-95f4-7134100ae31d/datanode-1/meta/datanode.id
2019-09-25 12:38:31,058 [main] INFO  impl.RaftServerProxy (ConfUtils.java:logGet(43)) - raft.rpc.type = GRPC (default)
2019-09-25 12:38:31,059 [main] INFO  grpc.GrpcFactory (GrpcFactory.java:checkPooledByteBufAllocatorUseCacheForAllThreads(45)) - PERFORMANCE WARNING: useCacheForAllThreads is true that may cause Netty to create a lot garbage objects and, as a result, trigger GC.
	It is recommended to disable useCacheForAllThreads by setting -Dorg.apache.ratis.thirdparty.io.netty.allocator.useCacheForAllThreads=false in command line.
2019-09-25 12:38:31,059 [main] INFO  grpc.GrpcConfigKeys$Server (ConfUtils.java:logGet(43)) - raft.grpc.server.port = 0 (default)
2019-09-25 12:38:31,059 [main] INFO  server.GrpcService (ConfUtils.java:logGet(43)) - raft.grpc.message.size.max = 33570816 (custom)
2019-09-25 12:38:31,060 [main] INFO  server.RaftServerConfigKeys (ConfUtils.java:logGet(43)) - raft.server.log.appender.buffer.byte-limit = 33554432 (custom)
2019-09-25 12:38:31,060 [main] INFO  server.GrpcService (ConfUtils.java:logGet(43)) - raft.grpc.flow.control.window = 1MB (=1048576) (default)
2019-09-25 12:38:31,060 [main] INFO  server.RaftServerConfigKeys (ConfUtils.java:logGet(43)) - raft.server.rpc.request.timeout = 3000ms (default)
2019-09-25 12:38:31,061 [main] INFO  server.RaftServerConfigKeys (ConfUtils.java:logGet(43)) - raft.server.storage.dir = [/workdir/hadoop-ozone/integration-test/target/test-dir/MiniOzoneClusterImpl-8e40aa81-9222-408e-95f4-7134100ae31d/datanode-2/data/ratis] (custom)
2019-09-25 12:38:31,065 [main] INFO  hdfs.DFSUtil (DFSUtil.java:httpServerTemplateForNNAndJN(1641)) - Starting Web-server for hddsDatanode at: http://0.0.0.0:0
2019-09-25 12:38:31,066 [main] INFO  server.AuthenticationFilter (AuthenticationFilter.java:constructSecretProvider(240)) - Unable to initialize FileSignerSecretProvider, falling back to use random secrets.
2019-09-25 12:38:31,066 [main] WARN  http.HttpRequestLog (HttpRequestLog.java:getRequestLog(97)) - Jetty request log can only be enabled using Log4j
2019-09-25 12:38:31,068 [main] INFO  http.HttpServer2 (HttpServer2.java:addGlobalFilter(975)) - Added global filter 'safety' (class=org.apache.hadoop.http.HttpServer2$QuotingInputFilter)
2019-09-25 12:38:31,069 [main] INFO  http.HttpServer2 (HttpServer2.java:addFilter(948)) - Added filter static_user_filter (class=org.apache.hadoop.http.lib.StaticUserWebFilter$StaticUserFilter) to context hddsDatanode
2019-09-25 12:38:31,069 [main] INFO  http.HttpServer2 (HttpServer2.java:addFilter(958)) - Added filter static_user_filter (class=org.apache.hadoop.http.lib.StaticUserWebFilter$StaticUserFilter) to context static
2019-09-25 12:38:31,069 [main] INFO  http.HttpServer2 (HttpServer2.java:addFilter(958)) - Added filter static_user_filter (class=org.apache.hadoop.http.lib.StaticUserWebFilter$StaticUserFilter) to context logs
2019-09-25 12:38:31,070 [main] INFO  http.HttpServer2 (HttpServer2.java:bindListener(1191)) - Jetty bound to port 46664
2019-09-25 12:38:31,071 [main] INFO  server.Server (Server.java:doStart(351)) - jetty-9.3.25.v20180904, build timestamp: 2018-09-04T21:11:46Z, git hash: 3ce520221d0240229c862b122d2b06c12a625732
2019-09-25 12:38:31,073 [main] INFO  handler.ContextHandler (ContextHandler.java:doStart(781)) - Started o.e.j.s.ServletContextHandler@5fcfde70{/logs,file:///workdir/hadoop-ozone/integration-test/target/log,AVAILABLE}
2019-09-25 12:38:31,074 [main] INFO  handler.ContextHandler (ContextHandler.java:doStart(781)) - Started o.e.j.s.ServletContextHandler@28da7d11{/static,jar:file:/home/user/.m2/repository/org/apache/hadoop/hadoop-hdds-container-service/0.5.0-SNAPSHOT/hadoop-hdds-container-service-0.5.0-SNAPSHOT.jar!/webapps/static,AVAILABLE}
2019-09-25 12:38:31,107 [main] INFO  handler.ContextHandler (ContextHandler.java:doStart(781)) - Started o.e.j.w.WebAppContext@296e281a{/,file:///tmp/jetty-0.0.0.0-46664-hddsDatanode-_-any-1051893671560383961.dir/webapp/,AVAILABLE}{/hddsDatanode}
2019-09-25 12:38:31,107 [main] INFO  server.AbstractConnector (AbstractConnector.java:doStart(278)) - Started ServerConnector@59cda16e{HTTP/1.1,[http/1.1]}{0.0.0.0:46664}
2019-09-25 12:38:31,108 [main] INFO  server.Server (Server.java:doStart(419)) - Started @5491ms
2019-09-25 12:38:31,109 [main] WARN  impl.MetricsSystemImpl (MetricsSystemImpl.java:register(276)) - Sink prometheus already exists!
2019-09-25 12:38:31,110 [main] INFO  server.BaseHttpServer (BaseHttpServer.java:updateConnectorAddress(215)) - HTTP server of HDDSDATANODE is listening at http://0.0.0.0:46664
2019-09-25 12:38:31,113 [main] INFO  ozone.MiniOzoneClusterImpl (MiniOzoneClusterImpl.java:lambda$waitForClusterToBeReady$0(147)) - Waiting for cluster to be ready. Got 0 of 3 DN Heartbeats.
2019-09-25 12:38:31,114 [org.apache.hadoop.util.JvmPauseMonitor$Monitor@2010bf2] INFO  util.JvmPauseMonitor (JvmPauseMonitor.java:run(188)) - Starting JVM pause monitor
2019-09-25 12:38:31,118 [Datanode State Machine Thread - 0] INFO  datanode.InitDatanodeState (InitDatanodeState.java:persistContainerDatanodeDetails(140)) - DatanodeDetails is persisted to /workdir/hadoop-ozone/integration-test/target/test-dir/MiniOzoneClusterImpl-8e40aa81-9222-408e-95f4-7134100ae31d/datanode-2/meta/datanode.id
2019-09-25 12:38:32,113 [main] INFO  ozone.MiniOzoneClusterImpl (MiniOzoneClusterImpl.java:lambda$waitForClusterToBeReady$0(147)) - Waiting for cluster to be ready. Got 0 of 3 DN Heartbeats.
2019-09-25 12:38:32,995 [Datanode State Machine Thread - 0] INFO  ozoneimpl.OzoneContainer (OzoneContainer.java:start(217)) - Attempting to start container services.
2019-09-25 12:38:32,998 [Datanode State Machine Thread - 0] INFO  ozoneimpl.OzoneContainer (OzoneContainer.java:startContainerScrub(179)) - Background container scanner has been disabled.
2019-09-25 12:38:32,998 [Datanode State Machine Thread - 0] INFO  ratis.XceiverServerRatis (XceiverServerRatis.java:start(411)) - Starting XceiverServerRatis 92722d09-e207-4d66-9e26-9e7903376c45 at port 0
2019-09-25 12:38:33,025 [Datanode State Machine Thread - 0] INFO  impl.RaftServerProxy (RaftServerProxy.java:lambda$start$3(299)) - 92722d09-e207-4d66-9e26-9e7903376c45: start RPC server
2019-09-25 12:38:33,042 [Datanode State Machine Thread - 0] INFO  ozoneimpl.OzoneContainer (OzoneContainer.java:start(217)) - Attempting to start container services.
2019-09-25 12:38:33,049 [Datanode State Machine Thread - 0] INFO  ozoneimpl.OzoneContainer (OzoneContainer.java:startContainerScrub(179)) - Background container scanner has been disabled.
2019-09-25 12:38:33,049 [Datanode State Machine Thread - 0] INFO  ratis.XceiverServerRatis (XceiverServerRatis.java:start(411)) - Starting XceiverServerRatis 9d3a6fcb-b37a-4cb6-a53d-6566d174e0ab at port 0
2019-09-25 12:38:33,062 [Datanode State Machine Thread - 0] INFO  impl.RaftServerProxy (RaftServerProxy.java:lambda$start$3(299)) - 9d3a6fcb-b37a-4cb6-a53d-6566d174e0ab: start RPC server
2019-09-25 12:38:33,114 [main] INFO  ozone.MiniOzoneClusterImpl (MiniOzoneClusterImpl.java:lambda$waitForClusterToBeReady$0(147)) - Waiting for cluster to be ready. Got 0 of 3 DN Heartbeats.
2019-09-25 12:38:33,129 [Datanode State Machine Thread - 0] INFO  ozoneimpl.OzoneContainer (OzoneContainer.java:start(217)) - Attempting to start container services.
2019-09-25 12:38:33,131 [Datanode State Machine Thread - 0] INFO  ozoneimpl.OzoneContainer (OzoneContainer.java:startContainerScrub(179)) - Background container scanner has been disabled.
2019-09-25 12:38:33,131 [Datanode State Machine Thread - 0] INFO  ratis.XceiverServerRatis (XceiverServerRatis.java:start(411)) - Starting XceiverServerRatis 0901ed62-149d-4b86-b900-0d06f71bfbdd at port 0
2019-09-25 12:38:33,140 [Datanode State Machine Thread - 0] INFO  impl.RaftServerProxy (RaftServerProxy.java:lambda$start$3(299)) - 0901ed62-149d-4b86-b900-0d06f71bfbdd: start RPC server
2019-09-25 12:38:33,188 [Datanode State Machine Thread - 0] INFO  server.GrpcService (GrpcService.java:startImpl(158)) - 9d3a6fcb-b37a-4cb6-a53d-6566d174e0ab: GrpcService started, listening on 0.0.0.0/0.0.0.0:39459
2019-09-25 12:38:33,188 [Datanode State Machine Thread - 0] INFO  server.GrpcService (GrpcService.java:startImpl(158)) - 0901ed62-149d-4b86-b900-0d06f71bfbdd: GrpcService started, listening on 0.0.0.0/0.0.0.0:41891
2019-09-25 12:38:33,188 [Datanode State Machine Thread - 0] INFO  server.GrpcService (GrpcService.java:startImpl(158)) - 92722d09-e207-4d66-9e26-9e7903376c45: GrpcService started, listening on 0.0.0.0/0.0.0.0:44862
2019-09-25 12:38:33,189 [Datanode State Machine Thread - 0] INFO  ratis.XceiverServerRatis (XceiverServerRatis.java:start(421)) - XceiverServerRatis 0901ed62-149d-4b86-b900-0d06f71bfbdd is started using port 41891
2019-09-25 12:38:33,189 [Datanode State Machine Thread - 0] INFO  ratis.XceiverServerRatis (XceiverServerRatis.java:start(421)) - XceiverServerRatis 9d3a6fcb-b37a-4cb6-a53d-6566d174e0ab is started using port 39459
2019-09-25 12:38:33,189 [Datanode State Machine Thread - 0] INFO  ratis.XceiverServerRatis (XceiverServerRatis.java:start(421)) - XceiverServerRatis 92722d09-e207-4d66-9e26-9e7903376c45 is started using port 44862
2019-09-25 12:38:33,195 [Datanode State Machine Thread - 0] INFO  server.XceiverServerGrpc (XceiverServerGrpc.java:start(149)) - XceiverServerGrpc 0901ed62-149d-4b86-b900-0d06f71bfbdd is started using port 33850
2019-09-25 12:38:33,196 [Datanode State Machine Thread - 0] INFO  server.XceiverServerGrpc (XceiverServerGrpc.java:start(149)) - XceiverServerGrpc 92722d09-e207-4d66-9e26-9e7903376c45 is started using port 37203
2019-09-25 12:38:33,195 [Datanode State Machine Thread - 0] INFO  server.XceiverServerGrpc (XceiverServerGrpc.java:start(149)) - XceiverServerGrpc 9d3a6fcb-b37a-4cb6-a53d-6566d174e0ab is started using port 46162
2019-09-25 12:38:34,115 [main] INFO  ozone.MiniOzoneClusterImpl (MiniOzoneClusterImpl.java:lambda$waitForClusterToBeReady$0(147)) - Waiting for cluster to be ready. Got 0 of 3 DN Heartbeats.
2019-09-25 12:38:34,959 [IPC Server handler 0 on 37641] INFO  net.NetworkTopology (NetworkTopologyImpl.java:add(111)) - Added a new node: /default-rack/92722d09-e207-4d66-9e26-9e7903376c45
2019-09-25 12:38:34,959 [IPC Server handler 0 on 37641] INFO  node.SCMNodeManager (SCMNodeManager.java:register(266)) - Registered Data node : 92722d09-e207-4d66-9e26-9e7903376c45{ip: 192.168.151.73, host: pr-hdds-1569-shd4m-3693607622, networkLocation: /default-rack, certSerialId: null}
2019-09-25 12:38:34,966 [EventQueue-NodeRegistrationContainerReportForDataNodeSafeModeRule] INFO  safemode.SCMSafeModeManager (DataNodeSafeModeRule.java:process(71)) - SCM in safe mode. 1 DataNodes registered, 1 required.
2019-09-25 12:38:34,966 [EventQueue-NodeRegistrationContainerReportForDataNodeSafeModeRule] INFO  safemode.SCMSafeModeManager (SCMSafeModeManager.java:validateSafeModeExitRules(177)) - ScmSafeModeManager, all rules are successfully validated
2019-09-25 12:38:34,966 [EventQueue-NodeRegistrationContainerReportForDataNodeSafeModeRule] INFO  safemode.SCMSafeModeManager (SCMSafeModeManager.java:exitSafeMode(193)) - SCM exiting safe mode.
2019-09-25 12:38:35,029 [IPC Server handler 1 on 37641] INFO  net.NetworkTopology (NetworkTopologyImpl.java:add(111)) - Added a new node: /default-rack/9d3a6fcb-b37a-4cb6-a53d-6566d174e0ab
2019-09-25 12:38:35,030 [IPC Server handler 1 on 37641] INFO  node.SCMNodeManager (SCMNodeManager.java:register(266)) - Registered Data node : 9d3a6fcb-b37a-4cb6-a53d-6566d174e0ab{ip: 192.168.151.73, host: pr-hdds-1569-shd4m-3693607622, networkLocation: /default-rack, certSerialId: null}
2019-09-25 12:38:35,116 [main] INFO  ozone.MiniOzoneClusterImpl (MiniOzoneClusterImpl.java:lambda$waitForClusterToBeReady$0(147)) - Waiting for cluster to be ready. Got 2 of 3 DN Heartbeats.
2019-09-25 12:38:35,116 [IPC Server handler 4 on 37641] INFO  net.NetworkTopology (NetworkTopologyImpl.java:add(111)) - Added a new node: /default-rack/0901ed62-149d-4b86-b900-0d06f71bfbdd
2019-09-25 12:38:35,117 [IPC Server handler 4 on 37641] INFO  node.SCMNodeManager (SCMNodeManager.java:register(266)) - Registered Data node : 0901ed62-149d-4b86-b900-0d06f71bfbdd{ip: 192.168.151.73, host: pr-hdds-1569-shd4m-3693607622, networkLocation: /default-rack, certSerialId: null}
2019-09-25 12:38:35,528 [grpc-default-executor-0] INFO  impl.RaftServerProxy (RaftServerProxy.java:addNew(89)) - 92722d09-e207-4d66-9e26-9e7903376c45: addNew group-838B4345CAE8:[92722d09-e207-4d66-9e26-9e7903376c45:192.168.151.73:44862] returns group-838B4345CAE8:java.util.concurrent.CompletableFuture@5d0236f9[Not completed]
2019-09-25 12:38:35,549 [pool-27-thread-1] INFO  impl.RaftServerImpl (RaftServerImpl.java:<init>(95)) - 92722d09-e207-4d66-9e26-9e7903376c45: new RaftServerImpl for group-838B4345CAE8:[92722d09-e207-4d66-9e26-9e7903376c45:192.168.151.73:44862] with ContainerStateMachine:uninitialized
2019-09-25 12:38:35,552 [pool-27-thread-1] INFO  server.RaftServerConfigKeys (ConfUtils.java:logGet(43)) - raft.server.rpc.timeout.min = 5s (custom)
2019-09-25 12:38:35,554 [pool-27-thread-1] INFO  server.RaftServerConfigKeys (ConfUtils.java:logGet(43)) - raft.server.rpc.timeout.max = 5200ms (custom)
2019-09-25 12:38:35,554 [pool-27-thread-1] INFO  server.RaftServerConfigKeys (ConfUtils.java:logGet(43)) - raft.server.rpcslowness.timeout = 120s (custom)
2019-09-25 12:38:35,555 [pool-27-thread-1] INFO  server.RaftServerConfigKeys (ConfUtils.java:logGet(43)) - raft.server.sleep.deviation.threshold = 300 (default)
2019-09-25 12:38:35,557 [pool-27-thread-1] INFO  server.RaftServerConfigKeys (ConfUtils.java:logGet(43)) - raft.server.log.appender.install.snapshot.enabled = false (custom)
2019-09-25 12:38:35,567 [pool-27-thread-1] INFO  impl.RaftServerImpl (ServerState.java:<init>(103)) - 92722d09-e207-4d66-9e26-9e7903376c45@group-838B4345CAE8: ConfigurationManager, init=-1: [92722d09-e207-4d66-9e26-9e7903376c45:192.168.151.73:44862], old=null, confs=<EMPTY_MAP>
2019-09-25 12:38:35,567 [pool-27-thread-1] INFO  server.RaftServerConfigKeys (ConfUtils.java:logGet(43)) - raft.server.storage.dir = [/workdir/hadoop-ozone/integration-test/target/test-dir/MiniOzoneClusterImpl-8e40aa81-9222-408e-95f4-7134100ae31d/datanode-0/data/ratis] (custom)
2019-09-25 12:38:35,577 [pool-27-thread-1] INFO  storage.RaftStorageDirectory (RaftStorageDirectory.java:analyzeStorage(246)) - The storage directory /workdir/hadoop-ozone/integration-test/target/test-dir/MiniOzoneClusterImpl-8e40aa81-9222-408e-95f4-7134100ae31d/datanode-0/data/ratis/0260cd22-9896-430e-83d8-838b4345cae8 does not exist. Creating ...
2019-09-25 12:38:35,595 [pool-27-thread-1] INFO  storage.RaftStorageDirectory (RaftStorageDirectory.java:tryLock(328)) - Lock on /workdir/hadoop-ozone/integration-test/target/test-dir/MiniOzoneClusterImpl-8e40aa81-9222-408e-95f4-7134100ae31d/datanode-0/data/ratis/0260cd22-9896-430e-83d8-838b4345cae8/in_use.lock acquired by nodename 9642@pr-hdds-1569-shd4m-3693607622
2019-09-25 12:38:35,612 [pool-27-thread-1] INFO  storage.RaftStorage (RaftStorage.java:format(72)) - Storage directory /workdir/hadoop-ozone/integration-test/target/test-dir/MiniOzoneClusterImpl-8e40aa81-9222-408e-95f4-7134100ae31d/datanode-0/data/ratis/0260cd22-9896-430e-83d8-838b4345cae8 has been successfully formatted.
2019-09-25 12:38:35,615 [pool-27-thread-1] INFO  ratis.ContainerStateMachine (ContainerStateMachine.java:loadSnapshot(230)) - group-838B4345CAE8: The snapshot info is null. Setting the last applied indexto:(t:0, i:~)
2019-09-25 12:38:35,615 [pool-27-thread-1] INFO  server.RaftServerConfigKeys (ConfUtils.java:logGet(43)) - raft.server.notification.no-leader.timeout = 120s (custom)
2019-09-25 12:38:35,618 [pool-27-thread-1] INFO  server.RaftServerConfigKeys (ConfUtils.java:logGet(43)) - raft.server.log.use.memory = false (default)
2019-09-25 12:38:35,624 [pool-27-thread-1] INFO  server.RaftServerConfigKeys (ConfUtils.java:logGet(43)) - raft.server.log.purge.gap = 1000000 (custom)
2019-09-25 12:38:35,625 [pool-27-thread-1] INFO  server.RaftServerConfigKeys (ConfUtils.java:logGet(43)) - raft.server.log.appender.buffer.byte-limit = 33554432 (custom)
2019-09-25 12:38:35,627 [pool-27-thread-1] INFO  server.RaftServerConfigKeys (ConfUtils.java:logGet(43)) - raft.server.log.segment.size.max = 1048576 (custom)
2019-09-25 12:38:35,632 [pool-27-thread-1] INFO  server.RaftServerConfigKeys (ConfUtils.java:logGet(43)) - raft.server.log.segment.cache.num.max = 2 (custom)
2019-09-25 12:38:35,638 [pool-27-thread-1] INFO  segmented.SegmentedRaftLogWorker (SegmentedRaftLogWorker.java:<init>(172)) - new 92722d09-e207-4d66-9e26-9e7903376c45@group-838B4345CAE8-SegmentedRaftLogWorker for RaftStorage:Storage Directory /workdir/hadoop-ozone/integration-test/target/test-dir/MiniOzoneClusterImpl-8e40aa81-9222-408e-95f4-7134100ae31d/datanode-0/data/ratis/0260cd22-9896-430e-83d8-838b4345cae8
2019-09-25 12:38:35,639 [pool-27-thread-1] INFO  impl.MetricsSystemImpl (MetricsSystemImpl.java:init(158)) - ratis metrics system started (again)
2019-09-25 12:38:35,646 [pool-27-thread-1] INFO  metrics.MetricRegistries (MetricRegistriesLoader.java:load(64)) - Loaded MetricRegistries class org.apache.ratis.metrics.impl.MetricRegistriesImpl
2019-09-25 12:38:35,677 [pool-27-thread-1] INFO  server.RaftServerConfigKeys (ConfUtils.java:logGet(43)) - raft.server.log.queue.byte-limit = 2147483647 (custom)
2019-09-25 12:38:35,677 [pool-27-thread-1] INFO  server.RaftServerConfigKeys (ConfUtils.java:logGet(43)) - raft.server.log.queue.element-limit = 1024 (custom)
2019-09-25 12:38:35,682 [pool-27-thread-1] INFO  server.RaftServerConfigKeys (ConfUtils.java:logGet(43)) - raft.server.log.segment.size.max = 1048576 (custom)
2019-09-25 12:38:35,682 [pool-27-thread-1] INFO  server.RaftServerConfigKeys (ConfUtils.java:logGet(43)) - raft.server.log.preallocated.size = 16384 (custom)
2019-09-25 12:38:35,683 [pool-27-thread-1] INFO  server.RaftServerConfigKeys (ConfUtils.java:logGet(43)) - raft.server.log.write.buffer.size = 33554432 (custom)
2019-09-25 12:38:35,683 [pool-27-thread-1] INFO  server.RaftServerConfigKeys (ConfUtils.java:logGet(43)) - raft.server.log.force.sync.num = 128 (default)
2019-09-25 12:38:35,685 [pool-27-thread-1] INFO  server.RaftServerConfigKeys (ConfUtils.java:logGet(43)) - raft.server.log.statemachine.data.sync = true (default)
2019-09-25 12:38:35,685 [pool-27-thread-1] INFO  server.RaftServerConfigKeys (ConfUtils.java:logGet(43)) - raft.server.log.statemachine.data.sync.timeout = 10s (default)
2019-09-25 12:38:35,686 [pool-27-thread-1] INFO  server.RaftServerConfigKeys (ConfUtils.java:logGet(43)) - raft.server.log.statemachine.data.sync.timeout.retry = -1 (default)
2019-09-25 12:38:35,694 [pool-27-thread-1] INFO  server.RaftServerConfigKeys (ConfUtils.java:logGet(43)) - raft.server.log.statemachine.data.caching.enabled = true (custom)
2019-09-25 12:38:35,698 [pool-27-thread-1] INFO  segmented.SegmentedRaftLogWorker (SegmentedRaftLogWorker.java:lambda$new$0(132)) - 92722d09-e207-4d66-9e26-9e7903376c45@group-838B4345CAE8-SegmentedRaftLogWorker: flushIndex: setUnconditionally 0 -> -1
2019-09-25 12:38:35,703 [pool-27-thread-1] INFO  server.RaftServerConfigKeys (ConfUtils.java:logGet(43)) - raft.server.snapshot.auto.trigger.enabled = true (custom)
2019-09-25 12:38:35,703 [pool-27-thread-1] INFO  server.RaftServerConfigKeys (ConfUtils.java:logGet(43)) - raft.server.snapshot.auto.trigger.threshold = 10000 (custom)
2019-09-25 12:38:35,704 [pool-27-thread-1] INFO  server.RaftServerConfigKeys (ConfUtils.java:logGet(43)) - raft.server.snapshot.retention.num.files = 5 (custom)
2019-09-25 12:38:35,704 [pool-27-thread-1] INFO  server.RaftServerConfigKeys (ConfUtils.java:logGet(43)) - raft.server.retrycache.expirytime = 600000ms (custom)
2019-09-25 12:38:35,731 [pool-27-thread-1] INFO  impl.RaftServerImpl (RaftServerImpl.java:start(185)) - 92722d09-e207-4d66-9e26-9e7903376c45@group-838B4345CAE8: start as a follower, conf=-1: [92722d09-e207-4d66-9e26-9e7903376c45:192.168.151.73:44862], old=null
2019-09-25 12:38:35,732 [pool-27-thread-1] INFO  impl.RaftServerImpl (RaftServerImpl.java:setRole(174)) - 92722d09-e207-4d66-9e26-9e7903376c45@group-838B4345CAE8: changes role from      null to FOLLOWER at term 0 for startAsFollower
2019-09-25 12:38:35,734 [pool-27-thread-1] INFO  impl.RoleInfo (RoleInfo.java:updateAndGet(143)) - 92722d09-e207-4d66-9e26-9e7903376c45: start FollowerState
2019-09-25 12:38:35,735 [pool-27-thread-1] INFO  util.JmxRegister (JmxRegister.java:tryRegister(44)) - Successfully registered JMX Bean with object name Ratis:service=RaftServer,group=group-838B4345CAE8,id=92722d09-e207-4d66-9e26-9e7903376c45
2019-09-25 12:38:35,811 [RatisPipelineUtilsThread] INFO  pipeline.PipelineStateManager (PipelineStateManager.java:addPipeline(56)) - Created pipeline Pipeline[ Id: 0260cd22-9896-430e-83d8-838b4345cae8, Nodes: 92722d09-e207-4d66-9e26-9e7903376c45{ip: 192.168.151.73, host: pr-hdds-1569-shd4m-3693607622, networkLocation: /default-rack, certSerialId: null}, Type:RATIS, Factor:ONE, State:OPEN]
2019-09-25 12:38:35,833 [grpc-default-executor-0] INFO  impl.RaftServerProxy (RaftServerProxy.java:addNew(89)) - 0901ed62-149d-4b86-b900-0d06f71bfbdd: addNew group-858234D1CA14:[0901ed62-149d-4b86-b900-0d06f71bfbdd:192.168.151.73:41891] returns group-858234D1CA14:java.util.concurrent.CompletableFuture@4b055dcb[Not completed]
2019-09-25 12:38:35,863 [pool-47-thread-1] INFO  impl.RaftServerImpl (RaftServerImpl.java:<init>(95)) - 0901ed62-149d-4b86-b900-0d06f71bfbdd: new RaftServerImpl for group-858234D1CA14:[0901ed62-149d-4b86-b900-0d06f71bfbdd:192.168.151.73:41891] with ContainerStateMachine:uninitialized
2019-09-25 12:38:35,865 [pool-47-thread-1] INFO  server.RaftServerConfigKeys (ConfUtils.java:logGet(43)) - raft.server.rpc.timeout.min = 5s (custom)
2019-09-25 12:38:35,865 [pool-47-thread-1] INFO  server.RaftServerConfigKeys (ConfUtils.java:logGet(43)) - raft.server.rpc.timeout.max = 5200ms (custom)
2019-09-25 12:38:35,866 [pool-47-thread-1] INFO  server.RaftServerConfigKeys (ConfUtils.java:logGet(43)) - raft.server.rpcslowness.timeout = 120s (custom)
2019-09-25 12:38:35,866 [pool-47-thread-1] INFO  server.RaftServerConfigKeys (ConfUtils.java:logGet(43)) - raft.server.sleep.deviation.threshold = 300 (default)
2019-09-25 12:38:35,866 [pool-47-thread-1] INFO  server.RaftServerConfigKeys (ConfUtils.java:logGet(43)) - raft.server.log.appender.install.snapshot.enabled = false (custom)
2019-09-25 12:38:35,866 [pool-47-thread-1] INFO  impl.RaftServerImpl (ServerState.java:<init>(103)) - 0901ed62-149d-4b86-b900-0d06f71bfbdd@group-858234D1CA14: ConfigurationManager, init=-1: [0901ed62-149d-4b86-b900-0d06f71bfbdd:192.168.151.73:41891], old=null, confs=<EMPTY_MAP>
2019-09-25 12:38:35,867 [pool-47-thread-1] INFO  server.RaftServerConfigKeys (ConfUtils.java:logGet(43)) - raft.server.storage.dir = [/workdir/hadoop-ozone/integration-test/target/test-dir/MiniOzoneClusterImpl-8e40aa81-9222-408e-95f4-7134100ae31d/datanode-2/data/ratis] (custom)
2019-09-25 12:38:35,867 [pool-47-thread-1] INFO  storage.RaftStorageDirectory (RaftStorageDirectory.java:analyzeStorage(246)) - The storage directory /workdir/hadoop-ozone/integration-test/target/test-dir/MiniOzoneClusterImpl-8e40aa81-9222-408e-95f4-7134100ae31d/datanode-2/data/ratis/6045569b-6e2f-4e67-8f48-858234d1ca14 does not exist. Creating ...
2019-09-25 12:38:35,943 [pool-47-thread-1] INFO  storage.RaftStorageDirectory (RaftStorageDirectory.java:tryLock(328)) - Lock on /workdir/hadoop-ozone/integration-test/target/test-dir/MiniOzoneClusterImpl-8e40aa81-9222-408e-95f4-7134100ae31d/datanode-2/data/ratis/6045569b-6e2f-4e67-8f48-858234d1ca14/in_use.lock acquired by nodename 9642@pr-hdds-1569-shd4m-3693607622
2019-09-25 12:38:35,956 [pool-47-thread-1] INFO  storage.RaftStorage (RaftStorage.java:format(72)) - Storage directory /workdir/hadoop-ozone/integration-test/target/test-dir/MiniOzoneClusterImpl-8e40aa81-9222-408e-95f4-7134100ae31d/datanode-2/data/ratis/6045569b-6e2f-4e67-8f48-858234d1ca14 has been successfully formatted.
2019-09-25 12:38:35,958 [pool-47-thread-1] INFO  ratis.ContainerStateMachine (ContainerStateMachine.java:loadSnapshot(230)) - group-858234D1CA14: The snapshot info is null. Setting the last applied indexto:(t:0, i:~)
2019-09-25 12:38:35,959 [pool-47-thread-1] INFO  server.RaftServerConfigKeys (ConfUtils.java:logGet(43)) - raft.server.notification.no-leader.timeout = 120s (custom)
2019-09-25 12:38:35,959 [pool-47-thread-1] INFO  server.RaftServerConfigKeys (ConfUtils.java:logGet(43)) - raft.server.log.use.memory = false (default)
2019-09-25 12:38:35,959 [pool-47-thread-1] INFO  server.RaftServerConfigKeys (ConfUtils.java:logGet(43)) - raft.server.log.purge.gap = 1000000 (custom)
2019-09-25 12:38:35,960 [pool-47-thread-1] INFO  server.RaftServerConfigKeys (ConfUtils.java:logGet(43)) - raft.server.log.appender.buffer.byte-limit = 33554432 (custom)
2019-09-25 12:38:35,960 [pool-47-thread-1] INFO  server.RaftServerConfigKeys (ConfUtils.java:logGet(43)) - raft.server.log.segment.size.max = 1048576 (custom)
2019-09-25 12:38:35,960 [pool-47-thread-1] INFO  server.RaftServerConfigKeys (ConfUtils.java:logGet(43)) - raft.server.log.segment.cache.num.max = 2 (custom)
2019-09-25 12:38:35,961 [pool-47-thread-1] INFO  segmented.SegmentedRaftLogWorker (SegmentedRaftLogWorker.java:<init>(172)) - new 0901ed62-149d-4b86-b900-0d06f71bfbdd@group-858234D1CA14-SegmentedRaftLogWorker for RaftStorage:Storage Directory /workdir/hadoop-ozone/integration-test/target/test-dir/MiniOzoneClusterImpl-8e40aa81-9222-408e-95f4-7134100ae31d/datanode-2/data/ratis/6045569b-6e2f-4e67-8f48-858234d1ca14
2019-09-25 12:38:35,969 [pool-47-thread-1] INFO  server.RaftServerConfigKeys (ConfUtils.java:logGet(43)) - raft.server.log.queue.byte-limit = 2147483647 (custom)
2019-09-25 12:38:35,969 [pool-47-thread-1] INFO  server.RaftServerConfigKeys (ConfUtils.java:logGet(43)) - raft.server.log.queue.element-limit = 1024 (custom)
2019-09-25 12:38:35,969 [pool-47-thread-1] INFO  server.RaftServerConfigKeys (ConfUtils.java:logGet(43)) - raft.server.log.segment.size.max = 1048576 (custom)
2019-09-25 12:38:35,969 [pool-47-thread-1] INFO  server.RaftServerConfigKeys (ConfUtils.java:logGet(43)) - raft.server.log.preallocated.size = 16384 (custom)
2019-09-25 12:38:35,970 [pool-47-thread-1] INFO  server.RaftServerConfigKeys (ConfUtils.java:logGet(43)) - raft.server.log.write.buffer.size = 33554432 (custom)
2019-09-25 12:38:35,970 [pool-47-thread-1] INFO  server.RaftServerConfigKeys (ConfUtils.java:logGet(43)) - raft.server.log.force.sync.num = 128 (default)
2019-09-25 12:38:35,970 [pool-47-thread-1] INFO  server.RaftServerConfigKeys (ConfUtils.java:logGet(43)) - raft.server.log.statemachine.data.sync = true (default)
2019-09-25 12:38:35,970 [pool-47-thread-1] INFO  server.RaftServerConfigKeys (ConfUtils.java:logGet(43)) - raft.server.log.statemachine.data.sync.timeout = 10s (default)
2019-09-25 12:38:35,971 [pool-47-thread-1] INFO  server.RaftServerConfigKeys (ConfUtils.java:logGet(43)) - raft.server.log.statemachine.data.sync.timeout.retry = -1 (default)
2019-09-25 12:38:35,971 [pool-47-thread-1] INFO  server.RaftServerConfigKeys (ConfUtils.java:logGet(43)) - raft.server.log.statemachine.data.caching.enabled = true (custom)
2019-09-25 12:38:35,971 [pool-47-thread-1] INFO  segmented.SegmentedRaftLogWorker (SegmentedRaftLogWorker.java:lambda$new$0(132)) - 0901ed62-149d-4b86-b900-0d06f71bfbdd@group-858234D1CA14-SegmentedRaftLogWorker: flushIndex: setUnconditionally 0 -> -1
2019-09-25 12:38:35,972 [pool-47-thread-1] INFO  server.RaftServerConfigKeys (ConfUtils.java:logGet(43)) - raft.server.snapshot.auto.trigger.enabled = true (custom)
2019-09-25 12:38:35,972 [pool-47-thread-1] INFO  server.RaftServerConfigKeys (ConfUtils.java:logGet(43)) - raft.server.snapshot.auto.trigger.threshold = 10000 (custom)
2019-09-25 12:38:35,972 [pool-47-thread-1] INFO  server.RaftServerConfigKeys (ConfUtils.java:logGet(43)) - raft.server.snapshot.retention.num.files = 5 (custom)
2019-09-25 12:38:35,973 [pool-47-thread-1] INFO  server.RaftServerConfigKeys (ConfUtils.java:logGet(43)) - raft.server.retrycache.expirytime = 600000ms (custom)
2019-09-25 12:38:35,980 [pool-47-thread-1] INFO  impl.RaftServerImpl (RaftServerImpl.java:start(185)) - 0901ed62-149d-4b86-b900-0d06f71bfbdd@group-858234D1CA14: start as a follower, conf=-1: [0901ed62-149d-4b86-b900-0d06f71bfbdd:192.168.151.73:41891], old=null
2019-09-25 12:38:35,981 [pool-47-thread-1] INFO  impl.RaftServerImpl (RaftServerImpl.java:setRole(174)) - 0901ed62-149d-4b86-b900-0d06f71bfbdd@group-858234D1CA14: changes role from      null to FOLLOWER at term 0 for startAsFollower
2019-09-25 12:38:35,981 [pool-47-thread-1] INFO  impl.RoleInfo (RoleInfo.java:updateAndGet(143)) - 0901ed62-149d-4b86-b900-0d06f71bfbdd: start FollowerState
2019-09-25 12:38:35,983 [pool-47-thread-1] INFO  util.JmxRegister (JmxRegister.java:tryRegister(44)) - Successfully registered JMX Bean with object name Ratis:service=RaftServer,group=group-858234D1CA14,id=0901ed62-149d-4b86-b900-0d06f71bfbdd
2019-09-25 12:38:35,997 [RatisPipelineUtilsThread] INFO  pipeline.PipelineStateManager (PipelineStateManager.java:addPipeline(56)) - Created pipeline Pipeline[ Id: 6045569b-6e2f-4e67-8f48-858234d1ca14, Nodes: 0901ed62-149d-4b86-b900-0d06f71bfbdd{ip: 192.168.151.73, host: pr-hdds-1569-shd4m-3693607622, networkLocation: /default-rack, certSerialId: null}, Type:RATIS, Factor:ONE, State:OPEN]
2019-09-25 12:38:36,020 [grpc-default-executor-0] INFO  impl.RaftServerProxy (RaftServerProxy.java:addNew(89)) - 9d3a6fcb-b37a-4cb6-a53d-6566d174e0ab: addNew group-E94F05885D91:[9d3a6fcb-b37a-4cb6-a53d-6566d174e0ab:192.168.151.73:39459] returns group-E94F05885D91:java.util.concurrent.CompletableFuture@5ce92d23[Not completed]
2019-09-25 12:38:36,040 [pool-37-thread-1] INFO  impl.RaftServerImpl (RaftServerImpl.java:<init>(95)) - 9d3a6fcb-b37a-4cb6-a53d-6566d174e0ab: new RaftServerImpl for group-E94F05885D91:[9d3a6fcb-b37a-4cb6-a53d-6566d174e0ab:192.168.151.73:39459] with ContainerStateMachine:uninitialized
2019-09-25 12:38:36,041 [pool-37-thread-1] INFO  server.RaftServerConfigKeys (ConfUtils.java:logGet(43)) - raft.server.rpc.timeout.min = 5s (custom)
2019-09-25 12:38:36,041 [pool-37-thread-1] INFO  server.RaftServerConfigKeys (ConfUtils.java:logGet(43)) - raft.server.rpc.timeout.max = 5200ms (custom)
2019-09-25 12:38:36,042 [pool-37-thread-1] INFO  server.RaftServerConfigKeys (ConfUtils.java:logGet(43)) - raft.server.rpcslowness.timeout = 120s (custom)
2019-09-25 12:38:36,042 [pool-37-thread-1] INFO  server.RaftServerConfigKeys (ConfUtils.java:logGet(43)) - raft.server.sleep.deviation.threshold = 300 (default)
2019-09-25 12:38:36,042 [pool-37-thread-1] INFO  server.RaftServerConfigKeys (ConfUtils.java:logGet(43)) - raft.server.log.appender.install.snapshot.enabled = false (custom)
2019-09-25 12:38:36,042 [pool-37-thread-1] INFO  impl.RaftServerImpl (ServerState.java:<init>(103)) - 9d3a6fcb-b37a-4cb6-a53d-6566d174e0ab@group-E94F05885D91: ConfigurationManager, init=-1: [9d3a6fcb-b37a-4cb6-a53d-6566d174e0ab:192.168.151.73:39459], old=null, confs=<EMPTY_MAP>
2019-09-25 12:38:36,043 [pool-37-thread-1] INFO  server.RaftServerConfigKeys (ConfUtils.java:logGet(43)) - raft.server.storage.dir = [/workdir/hadoop-ozone/integration-test/target/test-dir/MiniOzoneClusterImpl-8e40aa81-9222-408e-95f4-7134100ae31d/datanode-1/data/ratis] (custom)
2019-09-25 12:38:36,043 [pool-37-thread-1] INFO  storage.RaftStorageDirectory (RaftStorageDirectory.java:analyzeStorage(246)) - The storage directory /workdir/hadoop-ozone/integration-test/target/test-dir/MiniOzoneClusterImpl-8e40aa81-9222-408e-95f4-7134100ae31d/datanode-1/data/ratis/e14f26cd-e650-41b2-82dd-e94f05885d91 does not exist. Creating ...
2019-09-25 12:38:36,056 [pool-37-thread-1] INFO  storage.RaftStorageDirectory (RaftStorageDirectory.java:tryLock(328)) - Lock on /workdir/hadoop-ozone/integration-test/target/test-dir/MiniOzoneClusterImpl-8e40aa81-9222-408e-95f4-7134100ae31d/datanode-1/data/ratis/e14f26cd-e650-41b2-82dd-e94f05885d91/in_use.lock acquired by nodename 9642@pr-hdds-1569-shd4m-3693607622
2019-09-25 12:38:36,069 [pool-37-thread-1] INFO  storage.RaftStorage (RaftStorage.java:format(72)) - Storage directory /workdir/hadoop-ozone/integration-test/target/test-dir/MiniOzoneClusterImpl-8e40aa81-9222-408e-95f4-7134100ae31d/datanode-1/data/ratis/e14f26cd-e650-41b2-82dd-e94f05885d91 has been successfully formatted.
2019-09-25 12:38:36,069 [pool-37-thread-1] INFO  ratis.ContainerStateMachine (ContainerStateMachine.java:loadSnapshot(230)) - group-E94F05885D91: The snapshot info is null. Setting the last applied indexto:(t:0, i:~)
2019-09-25 12:38:36,070 [pool-37-thread-1] INFO  server.RaftServerConfigKeys (ConfUtils.java:logGet(43)) - raft.server.notification.no-leader.timeout = 120s (custom)
2019-09-25 12:38:36,070 [pool-37-thread-1] INFO  server.RaftServerConfigKeys (ConfUtils.java:logGet(43)) - raft.server.log.use.memory = false (default)
2019-09-25 12:38:36,070 [pool-37-thread-1] INFO  server.RaftServerConfigKeys (ConfUtils.java:logGet(43)) - raft.server.log.purge.gap = 1000000 (custom)
2019-09-25 12:38:36,070 [pool-37-thread-1] INFO  server.RaftServerConfigKeys (ConfUtils.java:logGet(43)) - raft.server.log.appender.buffer.byte-limit = 33554432 (custom)
2019-09-25 12:38:36,070 [pool-37-thread-1] INFO  server.RaftServerConfigKeys (ConfUtils.java:logGet(43)) - raft.server.log.segment.size.max = 1048576 (custom)
2019-09-25 12:38:36,071 [pool-37-thread-1] INFO  server.RaftServerConfigKeys (ConfUtils.java:logGet(43)) - raft.server.log.segment.cache.num.max = 2 (custom)
2019-09-25 12:38:36,071 [pool-37-thread-1] INFO  segmented.SegmentedRaftLogWorker (SegmentedRaftLogWorker.java:<init>(172)) - new 9d3a6fcb-b37a-4cb6-a53d-6566d174e0ab@group-E94F05885D91-SegmentedRaftLogWorker for RaftStorage:Storage Directory /workdir/hadoop-ozone/integration-test/target/test-dir/MiniOzoneClusterImpl-8e40aa81-9222-408e-95f4-7134100ae31d/datanode-1/data/ratis/e14f26cd-e650-41b2-82dd-e94f05885d91
2019-09-25 12:38:36,100 [pool-37-thread-1] INFO  server.RaftServerConfigKeys (ConfUtils.java:logGet(43)) - raft.server.log.queue.byte-limit = 2147483647 (custom)
2019-09-25 12:38:36,100 [pool-37-thread-1] INFO  server.RaftServerConfigKeys (ConfUtils.java:logGet(43)) - raft.server.log.queue.element-limit = 1024 (custom)
2019-09-25 12:38:36,101 [pool-37-thread-1] INFO  server.RaftServerConfigKeys (ConfUtils.java:logGet(43)) - raft.server.log.segment.size.max = 1048576 (custom)
2019-09-25 12:38:36,101 [pool-37-thread-1] INFO  server.RaftServerConfigKeys (ConfUtils.java:logGet(43)) - raft.server.log.preallocated.size = 16384 (custom)
2019-09-25 12:38:36,101 [pool-37-thread-1] INFO  server.RaftServerConfigKeys (ConfUtils.java:logGet(43)) - raft.server.log.write.buffer.size = 33554432 (custom)
2019-09-25 12:38:36,101 [pool-37-thread-1] INFO  server.RaftServerConfigKeys (ConfUtils.java:logGet(43)) - raft.server.log.force.sync.num = 128 (default)
2019-09-25 12:38:36,102 [pool-37-thread-1] INFO  server.RaftServerConfigKeys (ConfUtils.java:logGet(43)) - raft.server.log.statemachine.data.sync = true (default)
2019-09-25 12:38:36,102 [pool-37-thread-1] INFO  server.RaftServerConfigKeys (ConfUtils.java:logGet(43)) - raft.server.log.statemachine.data.sync.timeout = 10s (default)
2019-09-25 12:38:36,102 [pool-37-thread-1] INFO  server.RaftServerConfigKeys (ConfUtils.java:logGet(43)) - raft.server.log.statemachine.data.sync.timeout.retry = -1 (default)
2019-09-25 12:38:36,102 [pool-37-thread-1] INFO  server.RaftServerConfigKeys (ConfUtils.java:logGet(43)) - raft.server.log.statemachine.data.caching.enabled = true (custom)
2019-09-25 12:38:36,103 [pool-37-thread-1] INFO  segmented.SegmentedRaftLogWorker (SegmentedRaftLogWorker.java:lambda$new$0(132)) - 9d3a6fcb-b37a-4cb6-a53d-6566d174e0ab@group-E94F05885D91-SegmentedRaftLogWorker: flushIndex: setUnconditionally 0 -> -1
2019-09-25 12:38:36,103 [pool-37-thread-1] INFO  server.RaftServerConfigKeys (ConfUtils.java:logGet(43)) - raft.server.snapshot.auto.trigger.enabled = true (custom)
2019-09-25 12:38:36,103 [pool-37-thread-1] INFO  server.RaftServerConfigKeys (ConfUtils.java:logGet(43)) - raft.server.snapshot.auto.trigger.threshold = 10000 (custom)
2019-09-25 12:38:36,104 [pool-37-thread-1] INFO  server.RaftServerConfigKeys (ConfUtils.java:logGet(43)) - raft.server.snapshot.retention.num.files = 5 (custom)
2019-09-25 12:38:36,104 [pool-37-thread-1] INFO  server.RaftServerConfigKeys (ConfUtils.java:logGet(43)) - raft.server.retrycache.expirytime = 600000ms (custom)
2019-09-25 12:38:36,109 [pool-37-thread-1] INFO  impl.RaftServerImpl (RaftServerImpl.java:start(185)) - 9d3a6fcb-b37a-4cb6-a53d-6566d174e0ab@group-E94F05885D91: start as a follower, conf=-1: [9d3a6fcb-b37a-4cb6-a53d-6566d174e0ab:192.168.151.73:39459], old=null
2019-09-25 12:38:36,109 [pool-37-thread-1] INFO  impl.RaftServerImpl (RaftServerImpl.java:setRole(174)) - 9d3a6fcb-b37a-4cb6-a53d-6566d174e0ab@group-E94F05885D91: changes role from      null to FOLLOWER at term 0 for startAsFollower
2019-09-25 12:38:36,110 [pool-37-thread-1] INFO  impl.RoleInfo (RoleInfo.java:updateAndGet(143)) - 9d3a6fcb-b37a-4cb6-a53d-6566d174e0ab: start FollowerState
2019-09-25 12:38:36,110 [pool-37-thread-1] INFO  util.JmxRegister (JmxRegister.java:tryRegister(44)) - Successfully registered JMX Bean with object name Ratis:service=RaftServer,group=group-E94F05885D91,id=9d3a6fcb-b37a-4cb6-a53d-6566d174e0ab
2019-09-25 12:38:36,117 [main] INFO  ozone.MiniOzoneClusterImpl (MiniOzoneClusterImpl.java:lambda$waitForClusterToBeReady$0(147)) - Cluster is ready. Got 3 of 3 DN Heartbeats.
2019-09-25 12:38:36,121 [RatisPipelineUtilsThread] INFO  pipeline.PipelineStateManager (PipelineStateManager.java:addPipeline(56)) - Created pipeline Pipeline[ Id: e14f26cd-e650-41b2-82dd-e94f05885d91, Nodes: 9d3a6fcb-b37a-4cb6-a53d-6566d174e0ab{ip: 192.168.151.73, host: pr-hdds-1569-shd4m-3693607622, networkLocation: /default-rack, certSerialId: null}, Type:RATIS, Factor:ONE, State:OPEN]
2019-09-25 12:38:36,137 [grpc-default-executor-0] INFO  impl.RaftServerProxy (RaftServerProxy.java:addNew(89)) - 92722d09-e207-4d66-9e26-9e7903376c45: addNew group-C0ED420A37B3:[92722d09-e207-4d66-9e26-9e7903376c45:192.168.151.73:44862] returns group-C0ED420A37B3:java.util.concurrent.CompletableFuture@615878bc[Not completed]
2019-09-25 12:38:36,139 [pool-27-thread-1] INFO  impl.RaftServerImpl (RaftServerImpl.java:<init>(95)) - 92722d09-e207-4d66-9e26-9e7903376c45: new RaftServerImpl for group-C0ED420A37B3:[92722d09-e207-4d66-9e26-9e7903376c45:192.168.151.73:44862] with ContainerStateMachine:uninitialized
2019-09-25 12:38:36,139 [pool-27-thread-1] INFO  server.RaftServerConfigKeys (ConfUtils.java:logGet(43)) - raft.server.rpc.timeout.min = 5s (custom)
2019-09-25 12:38:36,139 [pool-27-thread-1] INFO  server.RaftServerConfigKeys (ConfUtils.java:logGet(43)) - raft.server.rpc.timeout.max = 5200ms (custom)
2019-09-25 12:38:36,140 [pool-27-thread-1] INFO  server.RaftServerConfigKeys (ConfUtils.java:logGet(43)) - raft.server.rpcslowness.timeout = 120s (custom)
2019-09-25 12:38:36,140 [pool-27-thread-1] INFO  server.RaftServerConfigKeys (ConfUtils.java:logGet(43)) - raft.server.sleep.deviation.threshold = 300 (default)
2019-09-25 12:38:36,140 [pool-27-thread-1] INFO  server.RaftServerConfigKeys (ConfUtils.java:logGet(43)) - raft.server.log.appender.install.snapshot.enabled = false (custom)
2019-09-25 12:38:36,140 [pool-27-thread-1] INFO  impl.RaftServerImpl (ServerState.java:<init>(103)) - 92722d09-e207-4d66-9e26-9e7903376c45@group-C0ED420A37B3: ConfigurationManager, init=-1: [92722d09-e207-4d66-9e26-9e7903376c45:192.168.151.73:44862], old=null, confs=<EMPTY_MAP>
2019-09-25 12:38:36,140 [pool-27-thread-1] INFO  server.RaftServerConfigKeys (ConfUtils.java:logGet(43)) - raft.server.storage.dir = [/workdir/hadoop-ozone/integration-test/target/test-dir/MiniOzoneClusterImpl-8e40aa81-9222-408e-95f4-7134100ae31d/datanode-0/data/ratis] (custom)
2019-09-25 12:38:36,141 [pool-27-thread-1] INFO  storage.RaftStorageDirectory (RaftStorageDirectory.java:analyzeStorage(246)) - The storage directory /workdir/hadoop-ozone/integration-test/target/test-dir/MiniOzoneClusterImpl-8e40aa81-9222-408e-95f4-7134100ae31d/datanode-0/data/ratis/78290609-45fe-4f4e-9906-c0ed420a37b3 does not exist. Creating ...
2019-09-25 12:38:36,153 [pool-27-thread-1] INFO  storage.RaftStorageDirectory (RaftStorageDirectory.java:tryLock(328)) - Lock on /workdir/hadoop-ozone/integration-test/target/test-dir/MiniOzoneClusterImpl-8e40aa81-9222-408e-95f4-7134100ae31d/datanode-0/data/ratis/78290609-45fe-4f4e-9906-c0ed420a37b3/in_use.lock acquired by nodename 9642@pr-hdds-1569-shd4m-3693607622
2019-09-25 12:38:36,166 [pool-27-thread-1] INFO  storage.RaftStorage (RaftStorage.java:format(72)) - Storage directory /workdir/hadoop-ozone/integration-test/target/test-dir/MiniOzoneClusterImpl-8e40aa81-9222-408e-95f4-7134100ae31d/datanode-0/data/ratis/78290609-45fe-4f4e-9906-c0ed420a37b3 has been successfully formatted.
2019-09-25 12:38:36,166 [pool-27-thread-1] INFO  ratis.ContainerStateMachine (ContainerStateMachine.java:loadSnapshot(230)) - group-C0ED420A37B3: The snapshot info is null. Setting the last applied indexto:(t:0, i:~)
2019-09-25 12:38:36,167 [pool-27-thread-1] INFO  server.RaftServerConfigKeys (ConfUtils.java:logGet(43)) - raft.server.notification.no-leader.timeout = 120s (custom)
2019-09-25 12:38:36,167 [pool-27-thread-1] INFO  server.RaftServerConfigKeys (ConfUtils.java:logGet(43)) - raft.server.log.use.memory = false (default)
2019-09-25 12:38:36,167 [pool-27-thread-1] INFO  server.RaftServerConfigKeys (ConfUtils.java:logGet(43)) - raft.server.log.purge.gap = 1000000 (custom)
2019-09-25 12:38:36,167 [pool-27-thread-1] INFO  server.RaftServerConfigKeys (ConfUtils.java:logGet(43)) - raft.server.log.appender.buffer.byte-limit = 33554432 (custom)
2019-09-25 12:38:36,167 [pool-27-thread-1] INFO  server.RaftServerConfigKeys (ConfUtils.java:logGet(43)) - raft.server.log.segment.size.max = 1048576 (custom)
2019-09-25 12:38:36,168 [pool-27-thread-1] INFO  server.RaftServerConfigKeys (ConfUtils.java:logGet(43)) - raft.server.log.segment.cache.num.max = 2 (custom)
2019-09-25 12:38:36,168 [pool-27-thread-1] INFO  segmented.SegmentedRaftLogWorker (SegmentedRaftLogWorker.java:<init>(172)) - new 92722d09-e207-4d66-9e26-9e7903376c45@group-C0ED420A37B3-SegmentedRaftLogWorker for RaftStorage:Storage Directory /workdir/hadoop-ozone/integration-test/target/test-dir/MiniOzoneClusterImpl-8e40aa81-9222-408e-95f4-7134100ae31d/datanode-0/data/ratis/78290609-45fe-4f4e-9906-c0ed420a37b3
2019-09-25 12:38:36,168 [pool-27-thread-1] INFO  server.RaftServerConfigKeys (ConfUtils.java:logGet(43)) - raft.server.log.queue.byte-limit = 2147483647 (custom)
2019-09-25 12:38:36,168 [pool-27-thread-1] INFO  server.RaftServerConfigKeys (ConfUtils.java:logGet(43)) - raft.server.log.queue.element-limit = 1024 (custom)
2019-09-25 12:38:36,168 [pool-27-thread-1] INFO  server.RaftServerConfigKeys (ConfUtils.java:logGet(43)) - raft.server.log.segment.size.max = 1048576 (custom)
2019-09-25 12:38:36,169 [pool-27-thread-1] INFO  server.RaftServerConfigKeys (ConfUtils.java:logGet(43)) - raft.server.log.preallocated.size = 16384 (custom)
2019-09-25 12:38:36,169 [pool-27-thread-1] INFO  server.RaftServerConfigKeys (ConfUtils.java:logGet(43)) - raft.server.log.write.buffer.size = 33554432 (custom)
2019-09-25 12:38:36,169 [pool-27-thread-1] INFO  server.RaftServerConfigKeys (ConfUtils.java:logGet(43)) - raft.server.log.force.sync.num = 128 (default)
2019-09-25 12:38:36,169 [pool-27-thread-1] INFO  server.RaftServerConfigKeys (ConfUtils.java:logGet(43)) - raft.server.log.statemachine.data.sync = true (default)
2019-09-25 12:38:36,170 [pool-27-thread-1] INFO  server.RaftServerConfigKeys (ConfUtils.java:logGet(43)) - raft.server.log.statemachine.data.sync.timeout = 10s (default)
2019-09-25 12:38:36,170 [pool-27-thread-1] INFO  server.RaftServerConfigKeys (ConfUtils.java:logGet(43)) - raft.server.log.statemachine.data.sync.timeout.retry = -1 (default)
2019-09-25 12:38:36,170 [pool-27-thread-1] INFO  server.RaftServerConfigKeys (ConfUtils.java:logGet(43)) - raft.server.log.statemachine.data.caching.enabled = true (custom)
2019-09-25 12:38:36,170 [pool-27-thread-1] INFO  segmented.SegmentedRaftLogWorker (SegmentedRaftLogWorker.java:lambda$new$0(132)) - 92722d09-e207-4d66-9e26-9e7903376c45@group-C0ED420A37B3-SegmentedRaftLogWorker: flushIndex: setUnconditionally 0 -> -1
2019-09-25 12:38:36,171 [pool-27-thread-1] INFO  server.RaftServerConfigKeys (ConfUtils.java:logGet(43)) - raft.server.snapshot.auto.trigger.enabled = true (custom)
2019-09-25 12:38:36,171 [pool-27-thread-1] INFO  server.RaftServerConfigKeys (ConfUtils.java:logGet(43)) - raft.server.snapshot.auto.trigger.threshold = 10000 (custom)
2019-09-25 12:38:36,171 [pool-27-thread-1] INFO  server.RaftServerConfigKeys (ConfUtils.java:logGet(43)) - raft.server.snapshot.retention.num.files = 5 (custom)
2019-09-25 12:38:36,171 [pool-27-thread-1] INFO  server.RaftServerConfigKeys (ConfUtils.java:logGet(43)) - raft.server.retrycache.expirytime = 600000ms (custom)
2019-09-25 12:38:36,177 [pool-27-thread-1] INFO  impl.RaftServerImpl (RaftServerImpl.java:start(185)) - 92722d09-e207-4d66-9e26-9e7903376c45@group-C0ED420A37B3: start as a follower, conf=-1: [92722d09-e207-4d66-9e26-9e7903376c45:192.168.151.73:44862], old=null
2019-09-25 12:38:36,177 [pool-27-thread-1] INFO  impl.RaftServerImpl (RaftServerImpl.java:setRole(174)) - 92722d09-e207-4d66-9e26-9e7903376c45@group-C0ED420A37B3: changes role from      null to FOLLOWER at term 0 for startAsFollower
2019-09-25 12:38:36,177 [pool-27-thread-1] INFO  impl.RoleInfo (RoleInfo.java:updateAndGet(143)) - 92722d09-e207-4d66-9e26-9e7903376c45: start FollowerState
2019-09-25 12:38:36,178 [pool-27-thread-1] INFO  util.JmxRegister (JmxRegister.java:tryRegister(44)) - Successfully registered JMX Bean with object name Ratis:service=RaftServer,group=group-C0ED420A37B3,id=92722d09-e207-4d66-9e26-9e7903376c45
2019-09-25 12:38:36,188 [RatisPipelineUtilsThread] INFO  pipeline.PipelineStateManager (PipelineStateManager.java:addPipeline(56)) - Created pipeline Pipeline[ Id: 78290609-45fe-4f4e-9906-c0ed420a37b3, Nodes: 92722d09-e207-4d66-9e26-9e7903376c45{ip: 192.168.151.73, host: pr-hdds-1569-shd4m-3693607622, networkLocation: /default-rack, certSerialId: null}, Type:RATIS, Factor:ONE, State:OPEN]
2019-09-25 12:38:36,207 [grpc-default-executor-0] INFO  impl.RaftServerProxy (RaftServerProxy.java:addNew(89)) - 92722d09-e207-4d66-9e26-9e7903376c45: addNew group-D2D73F349871:[92722d09-e207-4d66-9e26-9e7903376c45:192.168.151.73:44862] returns group-D2D73F349871:java.util.concurrent.CompletableFuture@69463c1e[Not completed]
2019-09-25 12:38:36,209 [pool-27-thread-1] INFO  impl.RaftServerImpl (RaftServerImpl.java:<init>(95)) - 92722d09-e207-4d66-9e26-9e7903376c45: new RaftServerImpl for group-D2D73F349871:[92722d09-e207-4d66-9e26-9e7903376c45:192.168.151.73:44862] with ContainerStateMachine:uninitialized
2019-09-25 12:38:36,209 [pool-27-thread-1] INFO  server.RaftServerConfigKeys (ConfUtils.java:logGet(43)) - raft.server.rpc.timeout.min = 5s (custom)
2019-09-25 12:38:36,209 [pool-27-thread-1] INFO  server.RaftServerConfigKeys (ConfUtils.java:logGet(43)) - raft.server.rpc.timeout.max = 5200ms (custom)
2019-09-25 12:38:36,213 [pool-27-thread-1] INFO  server.RaftServerConfigKeys (ConfUtils.java:logGet(43)) - raft.server.rpcslowness.timeout = 120s (custom)
2019-09-25 12:38:36,213 [pool-27-thread-1] INFO  server.RaftServerConfigKeys (ConfUtils.java:logGet(43)) - raft.server.sleep.deviation.threshold = 300 (default)
2019-09-25 12:38:36,213 [pool-27-thread-1] INFO  server.RaftServerConfigKeys (ConfUtils.java:logGet(43)) - raft.server.log.appender.install.snapshot.enabled = false (custom)
2019-09-25 12:38:36,214 [pool-27-thread-1] INFO  impl.RaftServerImpl (ServerState.java:<init>(103)) - 92722d09-e207-4d66-9e26-9e7903376c45@group-D2D73F349871: ConfigurationManager, init=-1: [92722d09-e207-4d66-9e26-9e7903376c45:192.168.151.73:44862], old=null, confs=<EMPTY_MAP>
2019-09-25 12:38:36,214 [pool-27-thread-1] INFO  server.RaftServerConfigKeys (ConfUtils.java:logGet(43)) - raft.server.storage.dir = [/workdir/hadoop-ozone/integration-test/target/test-dir/MiniOzoneClusterImpl-8e40aa81-9222-408e-95f4-7134100ae31d/datanode-0/data/ratis] (custom)
2019-09-25 12:38:36,214 [pool-27-thread-1] INFO  storage.RaftStorageDirectory (RaftStorageDirectory.java:analyzeStorage(246)) - The storage directory /workdir/hadoop-ozone/integration-test/target/test-dir/MiniOzoneClusterImpl-8e40aa81-9222-408e-95f4-7134100ae31d/datanode-0/data/ratis/491f4e44-c171-4479-a264-d2d73f349871 does not exist. Creating ...
2019-09-25 12:38:36,227 [pool-27-thread-1] INFO  storage.RaftStorageDirectory (RaftStorageDirectory.java:tryLock(328)) - Lock on /workdir/hadoop-ozone/integration-test/target/test-dir/MiniOzoneClusterImpl-8e40aa81-9222-408e-95f4-7134100ae31d/datanode-0/data/ratis/491f4e44-c171-4479-a264-d2d73f349871/in_use.lock acquired by nodename 9642@pr-hdds-1569-shd4m-3693607622
2019-09-25 12:38:36,253 [pool-27-thread-1] INFO  storage.RaftStorage (RaftStorage.java:format(72)) - Storage directory /workdir/hadoop-ozone/integration-test/target/test-dir/MiniOzoneClusterImpl-8e40aa81-9222-408e-95f4-7134100ae31d/datanode-0/data/ratis/491f4e44-c171-4479-a264-d2d73f349871 has been successfully formatted.
2019-09-25 12:38:36,254 [pool-27-thread-1] INFO  ratis.ContainerStateMachine (ContainerStateMachine.java:loadSnapshot(230)) - group-D2D73F349871: The snapshot info is null. Setting the last applied indexto:(t:0, i:~)
2019-09-25 12:38:36,254 [pool-27-thread-1] INFO  server.RaftServerConfigKeys (ConfUtils.java:logGet(43)) - raft.server.notification.no-leader.timeout = 120s (custom)
2019-09-25 12:38:36,254 [pool-27-thread-1] INFO  server.RaftServerConfigKeys (ConfUtils.java:logGet(43)) - raft.server.log.use.memory = false (default)
2019-09-25 12:38:36,254 [pool-27-thread-1] INFO  server.RaftServerConfigKeys (ConfUtils.java:logGet(43)) - raft.server.log.purge.gap = 1000000 (custom)
2019-09-25 12:38:36,254 [pool-27-thread-1] INFO  server.RaftServerConfigKeys (ConfUtils.java:logGet(43)) - raft.server.log.appender.buffer.byte-limit = 33554432 (custom)
2019-09-25 12:38:36,255 [pool-27-thread-1] INFO  server.RaftServerConfigKeys (ConfUtils.java:logGet(43)) - raft.server.log.segment.size.max = 1048576 (custom)
2019-09-25 12:38:36,255 [pool-27-thread-1] INFO  server.RaftServerConfigKeys (ConfUtils.java:logGet(43)) - raft.server.log.segment.cache.num.max = 2 (custom)
2019-09-25 12:38:36,255 [pool-27-thread-1] INFO  segmented.SegmentedRaftLogWorker (SegmentedRaftLogWorker.java:<init>(172)) - new 92722d09-e207-4d66-9e26-9e7903376c45@group-D2D73F349871-SegmentedRaftLogWorker for RaftStorage:Storage Directory /workdir/hadoop-ozone/integration-test/target/test-dir/MiniOzoneClusterImpl-8e40aa81-9222-408e-95f4-7134100ae31d/datanode-0/data/ratis/491f4e44-c171-4479-a264-d2d73f349871
2019-09-25 12:38:36,255 [pool-27-thread-1] INFO  server.RaftServerConfigKeys (ConfUtils.java:logGet(43)) - raft.server.log.queue.byte-limit = 2147483647 (custom)
2019-09-25 12:38:36,255 [pool-27-thread-1] INFO  server.RaftServerConfigKeys (ConfUtils.java:logGet(43)) - raft.server.log.queue.element-limit = 1024 (custom)
2019-09-25 12:38:36,256 [pool-27-thread-1] INFO  server.RaftServerConfigKeys (ConfUtils.java:logGet(43)) - raft.server.log.segment.size.max = 1048576 (custom)
2019-09-25 12:38:36,256 [pool-27-thread-1] INFO  server.RaftServerConfigKeys (ConfUtils.java:logGet(43)) - raft.server.log.preallocated.size = 16384 (custom)
2019-09-25 12:38:36,256 [pool-27-thread-1] INFO  server.RaftServerConfigKeys (ConfUtils.java:logGet(43)) - raft.server.log.write.buffer.size = 33554432 (custom)
2019-09-25 12:38:36,256 [pool-27-thread-1] INFO  server.RaftServerConfigKeys (ConfUtils.java:logGet(43)) - raft.server.log.force.sync.num = 128 (default)
2019-09-25 12:38:36,256 [pool-27-thread-1] INFO  server.RaftServerConfigKeys (ConfUtils.java:logGet(43)) - raft.server.log.statemachine.data.sync = true (default)
2019-09-25 12:38:36,256 [pool-27-thread-1] INFO  server.RaftServerConfigKeys (ConfUtils.java:logGet(43)) - raft.server.log.statemachine.data.sync.timeout = 10s (default)
2019-09-25 12:38:36,257 [pool-27-thread-1] INFO  server.RaftServerConfigKeys (ConfUtils.java:logGet(43)) - raft.server.log.statemachine.data.sync.timeout.retry = -1 (default)
2019-09-25 12:38:36,257 [pool-27-thread-1] INFO  server.RaftServerConfigKeys (ConfUtils.java:logGet(43)) - raft.server.log.statemachine.data.caching.enabled = true (custom)
2019-09-25 12:38:36,257 [pool-27-thread-1] INFO  segmented.SegmentedRaftLogWorker (SegmentedRaftLogWorker.java:lambda$new$0(132)) - 92722d09-e207-4d66-9e26-9e7903376c45@group-D2D73F349871-SegmentedRaftLogWorker: flushIndex: setUnconditionally 0 -> -1
2019-09-25 12:38:36,258 [pool-27-thread-1] INFO  server.RaftServerConfigKeys (ConfUtils.java:logGet(43)) - raft.server.snapshot.auto.trigger.enabled = true (custom)
2019-09-25 12:38:36,258 [pool-27-thread-1] INFO  server.RaftServerConfigKeys (ConfUtils.java:logGet(43)) - raft.server.snapshot.auto.trigger.threshold = 10000 (custom)
2019-09-25 12:38:36,258 [pool-27-thread-1] INFO  server.RaftServerConfigKeys (ConfUtils.java:logGet(43)) - raft.server.snapshot.retention.num.files = 5 (custom)
2019-09-25 12:38:36,258 [pool-27-thread-1] INFO  server.RaftServerConfigKeys (ConfUtils.java:logGet(43)) - raft.server.retrycache.expirytime = 600000ms (custom)
2019-09-25 12:38:36,262 [pool-27-thread-1] INFO  impl.RaftServerImpl (RaftServerImpl.java:start(185)) - 92722d09-e207-4d66-9e26-9e7903376c45@group-D2D73F349871: start as a follower, conf=-1: [92722d09-e207-4d66-9e26-9e7903376c45:192.168.151.73:44862], old=null
2019-09-25 12:38:36,263 [pool-27-thread-1] INFO  impl.RaftServerImpl (RaftServerImpl.java:setRole(174)) - 92722d09-e207-4d66-9e26-9e7903376c45@group-D2D73F349871: changes role from      null to FOLLOWER at term 0 for startAsFollower
2019-09-25 12:38:36,263 [pool-27-thread-1] INFO  impl.RoleInfo (RoleInfo.java:updateAndGet(143)) - 92722d09-e207-4d66-9e26-9e7903376c45: start FollowerState
2019-09-25 12:38:36,263 [pool-27-thread-1] INFO  util.JmxRegister (JmxRegister.java:tryRegister(44)) - Successfully registered JMX Bean with object name Ratis:service=RaftServer,group=group-D2D73F349871,id=92722d09-e207-4d66-9e26-9e7903376c45
2019-09-25 12:38:36,277 [RatisPipelineUtilsThread] INFO  pipeline.PipelineStateManager (PipelineStateManager.java:addPipeline(56)) - Created pipeline Pipeline[ Id: 491f4e44-c171-4479-a264-d2d73f349871, Nodes: 92722d09-e207-4d66-9e26-9e7903376c45{ip: 192.168.151.73, host: pr-hdds-1569-shd4m-3693607622, networkLocation: /default-rack, certSerialId: null}, Type:RATIS, Factor:ONE, State:OPEN]
2019-09-25 12:38:36,293 [grpc-default-executor-0] INFO  impl.RaftServerProxy (RaftServerProxy.java:addNew(89)) - 9d3a6fcb-b37a-4cb6-a53d-6566d174e0ab: addNew group-CD5BBE45E776:[9d3a6fcb-b37a-4cb6-a53d-6566d174e0ab:192.168.151.73:39459] returns group-CD5BBE45E776:java.util.concurrent.CompletableFuture@68fa5562[Not completed]
2019-09-25 12:38:36,295 [pool-37-thread-1] INFO  impl.RaftServerImpl (RaftServerImpl.java:<init>(95)) - 9d3a6fcb-b37a-4cb6-a53d-6566d174e0ab: new RaftServerImpl for group-CD5BBE45E776:[9d3a6fcb-b37a-4cb6-a53d-6566d174e0ab:192.168.151.73:39459] with ContainerStateMachine:uninitialized
2019-09-25 12:38:36,295 [pool-37-thread-1] INFO  server.RaftServerConfigKeys (ConfUtils.java:logGet(43)) - raft.server.rpc.timeout.min = 5s (custom)
2019-09-25 12:38:36,295 [pool-37-thread-1] INFO  server.RaftServerConfigKeys (ConfUtils.java:logGet(43)) - raft.server.rpc.timeout.max = 5200ms (custom)
2019-09-25 12:38:36,295 [pool-37-thread-1] INFO  server.RaftServerConfigKeys (ConfUtils.java:logGet(43)) - raft.server.rpcslowness.timeout = 120s (custom)
2019-09-25 12:38:36,296 [pool-37-thread-1] INFO  server.RaftServerConfigKeys (ConfUtils.java:logGet(43)) - raft.server.sleep.deviation.threshold = 300 (default)
2019-09-25 12:38:36,296 [pool-37-thread-1] INFO  server.RaftServerConfigKeys (ConfUtils.java:logGet(43)) - raft.server.log.appender.install.snapshot.enabled = false (custom)
2019-09-25 12:38:36,296 [pool-37-thread-1] INFO  impl.RaftServerImpl (ServerState.java:<init>(103)) - 9d3a6fcb-b37a-4cb6-a53d-6566d174e0ab@group-CD5BBE45E776: ConfigurationManager, init=-1: [9d3a6fcb-b37a-4cb6-a53d-6566d174e0ab:192.168.151.73:39459], old=null, confs=<EMPTY_MAP>
2019-09-25 12:38:36,296 [pool-37-thread-1] INFO  server.RaftServerConfigKeys (ConfUtils.java:logGet(43)) - raft.server.storage.dir = [/workdir/hadoop-ozone/integration-test/target/test-dir/MiniOzoneClusterImpl-8e40aa81-9222-408e-95f4-7134100ae31d/datanode-1/data/ratis] (custom)
2019-09-25 12:38:36,297 [pool-37-thread-1] INFO  storage.RaftStorageDirectory (RaftStorageDirectory.java:analyzeStorage(246)) - The storage directory /workdir/hadoop-ozone/integration-test/target/test-dir/MiniOzoneClusterImpl-8e40aa81-9222-408e-95f4-7134100ae31d/datanode-1/data/ratis/e41711d6-635b-42da-878a-cd5bbe45e776 does not exist. Creating ...
2019-09-25 12:38:36,310 [pool-37-thread-1] INFO  storage.RaftStorageDirectory (RaftStorageDirectory.java:tryLock(328)) - Lock on /workdir/hadoop-ozone/integration-test/target/test-dir/MiniOzoneClusterImpl-8e40aa81-9222-408e-95f4-7134100ae31d/datanode-1/data/ratis/e41711d6-635b-42da-878a-cd5bbe45e776/in_use.lock acquired by nodename 9642@pr-hdds-1569-shd4m-3693607622
2019-09-25 12:38:36,323 [pool-37-thread-1] INFO  storage.RaftStorage (RaftStorage.java:format(72)) - Storage directory /workdir/hadoop-ozone/integration-test/target/test-dir/MiniOzoneClusterImpl-8e40aa81-9222-408e-95f4-7134100ae31d/datanode-1/data/ratis/e41711d6-635b-42da-878a-cd5bbe45e776 has been successfully formatted.
2019-09-25 12:38:36,323 [pool-37-thread-1] INFO  ratis.ContainerStateMachine (ContainerStateMachine.java:loadSnapshot(230)) - group-CD5BBE45E776: The snapshot info is null. Setting the last applied indexto:(t:0, i:~)
2019-09-25 12:38:36,323 [pool-37-thread-1] INFO  server.RaftServerConfigKeys (ConfUtils.java:logGet(43)) - raft.server.notification.no-leader.timeout = 120s (custom)
2019-09-25 12:38:36,323 [pool-37-thread-1] INFO  server.RaftServerConfigKeys (ConfUtils.java:logGet(43)) - raft.server.log.use.memory = false (default)
2019-09-25 12:38:36,324 [pool-37-thread-1] INFO  server.RaftServerConfigKeys (ConfUtils.java:logGet(43)) - raft.server.log.purge.gap = 1000000 (custom)
2019-09-25 12:38:36,324 [pool-37-thread-1] INFO  server.RaftServerConfigKeys (ConfUtils.java:logGet(43)) - raft.server.log.appender.buffer.byte-limit = 33554432 (custom)
2019-09-25 12:38:36,324 [pool-37-thread-1] INFO  server.RaftServerConfigKeys (ConfUtils.java:logGet(43)) - raft.server.log.segment.size.max = 1048576 (custom)
2019-09-25 12:38:36,324 [pool-37-thread-1] INFO  server.RaftServerConfigKeys (ConfUtils.java:logGet(43)) - raft.server.log.segment.cache.num.max = 2 (custom)
2019-09-25 12:38:36,324 [pool-37-thread-1] INFO  segmented.SegmentedRaftLogWorker (SegmentedRaftLogWorker.java:<init>(172)) - new 9d3a6fcb-b37a-4cb6-a53d-6566d174e0ab@group-CD5BBE45E776-SegmentedRaftLogWorker for RaftStorage:Storage Directory /workdir/hadoop-ozone/integration-test/target/test-dir/MiniOzoneClusterImpl-8e40aa81-9222-408e-95f4-7134100ae31d/datanode-1/data/ratis/e41711d6-635b-42da-878a-cd5bbe45e776
2019-09-25 12:38:36,325 [pool-37-thread-1] INFO  server.RaftServerConfigKeys (ConfUtils.java:logGet(43)) - raft.server.log.queue.byte-limit = 2147483647 (custom)
2019-09-25 12:38:36,325 [pool-37-thread-1] INFO  server.RaftServerConfigKeys (ConfUtils.java:logGet(43)) - raft.server.log.queue.element-limit = 1024 (custom)
2019-09-25 12:38:36,325 [pool-37-thread-1] INFO  server.RaftServerConfigKeys (ConfUtils.java:logGet(43)) - raft.server.log.segment.size.max = 1048576 (custom)
2019-09-25 12:38:36,325 [pool-37-thread-1] INFO  server.RaftServerConfigKeys (ConfUtils.java:logGet(43)) - raft.server.log.preallocated.size = 16384 (custom)
2019-09-25 12:38:36,325 [pool-37-thread-1] INFO  server.RaftServerConfigKeys (ConfUtils.java:logGet(43)) - raft.server.log.write.buffer.size = 33554432 (custom)
2019-09-25 12:38:36,326 [pool-37-thread-1] INFO  server.RaftServerConfigKeys (ConfUtils.java:logGet(43)) - raft.server.log.force.sync.num = 128 (default)
2019-09-25 12:38:36,326 [pool-37-thread-1] INFO  server.RaftServerConfigKeys (ConfUtils.java:logGet(43)) - raft.server.log.statemachine.data.sync = true (default)
2019-09-25 12:38:36,326 [pool-37-thread-1] INFO  server.RaftServerConfigKeys (ConfUtils.java:logGet(43)) - raft.server.log.statemachine.data.sync.timeout = 10s (default)
2019-09-25 12:38:36,326 [pool-37-thread-1] INFO  server.RaftServerConfigKeys (ConfUtils.java:logGet(43)) - raft.server.log.statemachine.data.sync.timeout.retry = -1 (default)
2019-09-25 12:38:36,326 [pool-37-thread-1] INFO  server.RaftServerConfigKeys (ConfUtils.java:logGet(43)) - raft.server.log.statemachine.data.caching.enabled = true (custom)
2019-09-25 12:38:36,327 [pool-37-thread-1] INFO  segmented.SegmentedRaftLogWorker (SegmentedRaftLogWorker.java:lambda$new$0(132)) - 9d3a6fcb-b37a-4cb6-a53d-6566d174e0ab@group-CD5BBE45E776-SegmentedRaftLogWorker: flushIndex: setUnconditionally 0 -> -1
2019-09-25 12:38:36,327 [pool-37-thread-1] INFO  server.RaftServerConfigKeys (ConfUtils.java:logGet(43)) - raft.server.snapshot.auto.trigger.enabled = true (custom)
2019-09-25 12:38:36,327 [pool-37-thread-1] INFO  server.RaftServerConfigKeys (ConfUtils.java:logGet(43)) - raft.server.snapshot.auto.trigger.threshold = 10000 (custom)
2019-09-25 12:38:36,327 [pool-37-thread-1] INFO  server.RaftServerConfigKeys (ConfUtils.java:logGet(43)) - raft.server.snapshot.retention.num.files = 5 (custom)
2019-09-25 12:38:36,328 [pool-37-thread-1] INFO  server.RaftServerConfigKeys (ConfUtils.java:logGet(43)) - raft.server.retrycache.expirytime = 600000ms (custom)
2019-09-25 12:38:36,331 [pool-37-thread-1] INFO  impl.RaftServerImpl (RaftServerImpl.java:start(185)) - 9d3a6fcb-b37a-4cb6-a53d-6566d174e0ab@group-CD5BBE45E776: start as a follower, conf=-1: [9d3a6fcb-b37a-4cb6-a53d-6566d174e0ab:192.168.151.73:39459], old=null
2019-09-25 12:38:36,332 [pool-37-thread-1] INFO  impl.RaftServerImpl (RaftServerImpl.java:setRole(174)) - 9d3a6fcb-b37a-4cb6-a53d-6566d174e0ab@group-CD5BBE45E776: changes role from      null to FOLLOWER at term 0 for startAsFollower
2019-09-25 12:38:36,332 [pool-37-thread-1] INFO  impl.RoleInfo (RoleInfo.java:updateAndGet(143)) - 9d3a6fcb-b37a-4cb6-a53d-6566d174e0ab: start FollowerState
2019-09-25 12:38:36,332 [pool-37-thread-1] INFO  util.JmxRegister (JmxRegister.java:tryRegister(44)) - Successfully registered JMX Bean with object name Ratis:service=RaftServer,group=group-CD5BBE45E776,id=9d3a6fcb-b37a-4cb6-a53d-6566d174e0ab
2019-09-25 12:38:36,342 [RatisPipelineUtilsThread] INFO  pipeline.PipelineStateManager (PipelineStateManager.java:addPipeline(56)) - Created pipeline Pipeline[ Id: e41711d6-635b-42da-878a-cd5bbe45e776, Nodes: 9d3a6fcb-b37a-4cb6-a53d-6566d174e0ab{ip: 192.168.151.73, host: pr-hdds-1569-shd4m-3693607622, networkLocation: /default-rack, certSerialId: null}, Type:RATIS, Factor:ONE, State:OPEN]
2019-09-25 12:38:36,362 [grpc-default-executor-0] INFO  impl.RaftServerProxy (RaftServerProxy.java:addNew(89)) - 9d3a6fcb-b37a-4cb6-a53d-6566d174e0ab: addNew group-BCF4B2D18499:[9d3a6fcb-b37a-4cb6-a53d-6566d174e0ab:192.168.151.73:39459] returns group-BCF4B2D18499:java.util.concurrent.CompletableFuture@50835224[Not completed]
2019-09-25 12:38:36,363 [pool-37-thread-1] INFO  impl.RaftServerImpl (RaftServerImpl.java:<init>(95)) - 9d3a6fcb-b37a-4cb6-a53d-6566d174e0ab: new RaftServerImpl for group-BCF4B2D18499:[9d3a6fcb-b37a-4cb6-a53d-6566d174e0ab:192.168.151.73:39459] with ContainerStateMachine:uninitialized
2019-09-25 12:38:36,363 [pool-37-thread-1] INFO  server.RaftServerConfigKeys (ConfUtils.java:logGet(43)) - raft.server.rpc.timeout.min = 5s (custom)
2019-09-25 12:38:36,363 [pool-37-thread-1] INFO  server.RaftServerConfigKeys (ConfUtils.java:logGet(43)) - raft.server.rpc.timeout.max = 5200ms (custom)
2019-09-25 12:38:36,364 [pool-37-thread-1] INFO  server.RaftServerConfigKeys (ConfUtils.java:logGet(43)) - raft.server.rpcslowness.timeout = 120s (custom)
2019-09-25 12:38:36,364 [pool-37-thread-1] INFO  server.RaftServerConfigKeys (ConfUtils.java:logGet(43)) - raft.server.sleep.deviation.threshold = 300 (default)
2019-09-25 12:38:36,364 [pool-37-thread-1] INFO  server.RaftServerConfigKeys (ConfUtils.java:logGet(43)) - raft.server.log.appender.install.snapshot.enabled = false (custom)
2019-09-25 12:38:36,364 [pool-37-thread-1] INFO  impl.RaftServerImpl (ServerState.java:<init>(103)) - 9d3a6fcb-b37a-4cb6-a53d-6566d174e0ab@group-BCF4B2D18499: ConfigurationManager, init=-1: [9d3a6fcb-b37a-4cb6-a53d-6566d174e0ab:192.168.151.73:39459], old=null, confs=<EMPTY_MAP>
2019-09-25 12:38:36,364 [pool-37-thread-1] INFO  server.RaftServerConfigKeys (ConfUtils.java:logGet(43)) - raft.server.storage.dir = [/workdir/hadoop-ozone/integration-test/target/test-dir/MiniOzoneClusterImpl-8e40aa81-9222-408e-95f4-7134100ae31d/datanode-1/data/ratis] (custom)
2019-09-25 12:38:36,365 [pool-37-thread-1] INFO  storage.RaftStorageDirectory (RaftStorageDirectory.java:analyzeStorage(246)) - The storage directory /workdir/hadoop-ozone/integration-test/target/test-dir/MiniOzoneClusterImpl-8e40aa81-9222-408e-95f4-7134100ae31d/datanode-1/data/ratis/2fcef9cb-c6a0-4dce-9145-bcf4b2d18499 does not exist. Creating ...
2019-09-25 12:38:36,377 [pool-37-thread-1] INFO  storage.RaftStorageDirectory (RaftStorageDirectory.java:tryLock(328)) - Lock on /workdir/hadoop-ozone/integration-test/target/test-dir/MiniOzoneClusterImpl-8e40aa81-9222-408e-95f4-7134100ae31d/datanode-1/data/ratis/2fcef9cb-c6a0-4dce-9145-bcf4b2d18499/in_use.lock acquired by nodename 9642@pr-hdds-1569-shd4m-3693607622
2019-09-25 12:38:36,390 [pool-37-thread-1] INFO  storage.RaftStorage (RaftStorage.java:format(72)) - Storage directory /workdir/hadoop-ozone/integration-test/target/test-dir/MiniOzoneClusterImpl-8e40aa81-9222-408e-95f4-7134100ae31d/datanode-1/data/ratis/2fcef9cb-c6a0-4dce-9145-bcf4b2d18499 has been successfully formatted.
2019-09-25 12:38:36,390 [pool-37-thread-1] INFO  ratis.ContainerStateMachine (ContainerStateMachine.java:loadSnapshot(230)) - group-BCF4B2D18499: The snapshot info is null. Setting the last applied indexto:(t:0, i:~)
2019-09-25 12:38:36,391 [pool-37-thread-1] INFO  server.RaftServerConfigKeys (ConfUtils.java:logGet(43)) - raft.server.notification.no-leader.timeout = 120s (custom)
2019-09-25 12:38:36,391 [pool-37-thread-1] INFO  server.RaftServerConfigKeys (ConfUtils.java:logGet(43)) - raft.server.log.use.memory = false (default)
2019-09-25 12:38:36,391 [pool-37-thread-1] INFO  server.RaftServerConfigKeys (ConfUtils.java:logGet(43)) - raft.server.log.purge.gap = 1000000 (custom)
2019-09-25 12:38:36,391 [pool-37-thread-1] INFO  server.RaftServerConfigKeys (ConfUtils.java:logGet(43)) - raft.server.log.appender.buffer.byte-limit = 33554432 (custom)
2019-09-25 12:38:36,391 [pool-37-thread-1] INFO  server.RaftServerConfigKeys (ConfUtils.java:logGet(43)) - raft.server.log.segment.size.max = 1048576 (custom)
2019-09-25 12:38:36,392 [pool-37-thread-1] INFO  server.RaftServerConfigKeys (ConfUtils.java:logGet(43)) - raft.server.log.segment.cache.num.max = 2 (custom)
2019-09-25 12:38:36,392 [pool-37-thread-1] INFO  segmented.SegmentedRaftLogWorker (SegmentedRaftLogWorker.java:<init>(172)) - new 9d3a6fcb-b37a-4cb6-a53d-6566d174e0ab@group-BCF4B2D18499-SegmentedRaftLogWorker for RaftStorage:Storage Directory /workdir/hadoop-ozone/integration-test/target/test-dir/MiniOzoneClusterImpl-8e40aa81-9222-408e-95f4-7134100ae31d/datanode-1/data/ratis/2fcef9cb-c6a0-4dce-9145-bcf4b2d18499
2019-09-25 12:38:36,392 [pool-37-thread-1] INFO  server.RaftServerConfigKeys (ConfUtils.java:logGet(43)) - raft.server.log.queue.byte-limit = 2147483647 (custom)
2019-09-25 12:38:36,392 [pool-37-thread-1] INFO  server.RaftServerConfigKeys (ConfUtils.java:logGet(43)) - raft.server.log.queue.element-limit = 1024 (custom)
2019-09-25 12:38:36,392 [pool-37-thread-1] INFO  server.RaftServerConfigKeys (ConfUtils.java:logGet(43)) - raft.server.log.segment.size.max = 1048576 (custom)
2019-09-25 12:38:36,393 [pool-37-thread-1] INFO  server.RaftServerConfigKeys (ConfUtils.java:logGet(43)) - raft.server.log.preallocated.size = 16384 (custom)
2019-09-25 12:38:36,393 [pool-37-thread-1] INFO  server.RaftServerConfigKeys (ConfUtils.java:logGet(43)) - raft.server.log.write.buffer.size = 33554432 (custom)
2019-09-25 12:38:36,393 [pool-37-thread-1] INFO  server.RaftServerConfigKeys (ConfUtils.java:logGet(43)) - raft.server.log.force.sync.num = 128 (default)
2019-09-25 12:38:36,393 [pool-37-thread-1] INFO  server.RaftServerConfigKeys (ConfUtils.java:logGet(43)) - raft.server.log.statemachine.data.sync = true (default)
2019-09-25 12:38:36,393 [pool-37-thread-1] INFO  server.RaftServerConfigKeys (ConfUtils.java:logGet(43)) - raft.server.log.statemachine.data.sync.timeout = 10s (default)
2019-09-25 12:38:36,393 [pool-37-thread-1] INFO  server.RaftServerConfigKeys (ConfUtils.java:logGet(43)) - raft.server.log.statemachine.data.sync.timeout.retry = -1 (default)
2019-09-25 12:38:36,394 [pool-37-thread-1] INFO  server.RaftServerConfigKeys (ConfUtils.java:logGet(43)) - raft.server.log.statemachine.data.caching.enabled = true (custom)
2019-09-25 12:38:36,394 [pool-37-thread-1] INFO  segmented.SegmentedRaftLogWorker (SegmentedRaftLogWorker.java:lambda$new$0(132)) - 9d3a6fcb-b37a-4cb6-a53d-6566d174e0ab@group-BCF4B2D18499-SegmentedRaftLogWorker: flushIndex: setUnconditionally 0 -> -1
2019-09-25 12:38:36,394 [pool-37-thread-1] INFO  server.RaftServerConfigKeys (ConfUtils.java:logGet(43)) - raft.server.snapshot.auto.trigger.enabled = true (custom)
2019-09-25 12:38:36,395 [pool-37-thread-1] INFO  server.RaftServerConfigKeys (ConfUtils.java:logGet(43)) - raft.server.snapshot.auto.trigger.threshold = 10000 (custom)
2019-09-25 12:38:36,395 [pool-37-thread-1] INFO  server.RaftServerConfigKeys (ConfUtils.java:logGet(43)) - raft.server.snapshot.retention.num.files = 5 (custom)
2019-09-25 12:38:36,395 [pool-37-thread-1] INFO  server.RaftServerConfigKeys (ConfUtils.java:logGet(43)) - raft.server.retrycache.expirytime = 600000ms (custom)
2019-09-25 12:38:36,398 [pool-37-thread-1] INFO  impl.RaftServerImpl (RaftServerImpl.java:start(185)) - 9d3a6fcb-b37a-4cb6-a53d-6566d174e0ab@group-BCF4B2D18499: start as a follower, conf=-1: [9d3a6fcb-b37a-4cb6-a53d-6566d174e0ab:192.168.151.73:39459], old=null
2019-09-25 12:38:36,398 [pool-37-thread-1] INFO  impl.RaftServerImpl (RaftServerImpl.java:setRole(174)) - 9d3a6fcb-b37a-4cb6-a53d-6566d174e0ab@group-BCF4B2D18499: changes role from      null to FOLLOWER at term 0 for startAsFollower
2019-09-25 12:38:36,398 [pool-37-thread-1] INFO  impl.RoleInfo (RoleInfo.java:updateAndGet(143)) - 9d3a6fcb-b37a-4cb6-a53d-6566d174e0ab: start FollowerState
2019-09-25 12:38:36,399 [pool-37-thread-1] INFO  util.JmxRegister (JmxRegister.java:tryRegister(44)) - Successfully registered JMX Bean with object name Ratis:service=RaftServer,group=group-BCF4B2D18499,id=9d3a6fcb-b37a-4cb6-a53d-6566d174e0ab
2019-09-25 12:38:36,411 [RatisPipelineUtilsThread] INFO  pipeline.PipelineStateManager (PipelineStateManager.java:addPipeline(56)) - Created pipeline Pipeline[ Id: 2fcef9cb-c6a0-4dce-9145-bcf4b2d18499, Nodes: 9d3a6fcb-b37a-4cb6-a53d-6566d174e0ab{ip: 192.168.151.73, host: pr-hdds-1569-shd4m-3693607622, networkLocation: /default-rack, certSerialId: null}, Type:RATIS, Factor:ONE, State:OPEN]
2019-09-25 12:38:36,422 [grpc-default-executor-0] INFO  impl.RaftServerProxy (RaftServerProxy.java:addNew(89)) - 0901ed62-149d-4b86-b900-0d06f71bfbdd: addNew group-A094515FC64F:[0901ed62-149d-4b86-b900-0d06f71bfbdd:192.168.151.73:41891] returns group-A094515FC64F:java.util.concurrent.CompletableFuture@a056e29[Not completed]
2019-09-25 12:38:36,424 [pool-47-thread-1] INFO  impl.RaftServerImpl (RaftServerImpl.java:<init>(95)) - 0901ed62-149d-4b86-b900-0d06f71bfbdd: new RaftServerImpl for group-A094515FC64F:[0901ed62-149d-4b86-b900-0d06f71bfbdd:192.168.151.73:41891] with ContainerStateMachine:uninitialized
2019-09-25 12:38:36,425 [pool-47-thread-1] INFO  server.RaftServerConfigKeys (ConfUtils.java:logGet(43)) - raft.server.rpc.timeout.min = 5s (custom)
2019-09-25 12:38:36,425 [pool-47-thread-1] INFO  server.RaftServerConfigKeys (ConfUtils.java:logGet(43)) - raft.server.rpc.timeout.max = 5200ms (custom)
2019-09-25 12:38:36,425 [pool-47-thread-1] INFO  server.RaftServerConfigKeys (ConfUtils.java:logGet(43)) - raft.server.rpcslowness.timeout = 120s (custom)
2019-09-25 12:38:36,425 [pool-47-thread-1] INFO  server.RaftServerConfigKeys (ConfUtils.java:logGet(43)) - raft.server.sleep.deviation.threshold = 300 (default)
2019-09-25 12:38:36,426 [pool-47-thread-1] INFO  server.RaftServerConfigKeys (ConfUtils.java:logGet(43)) - raft.server.log.appender.install.snapshot.enabled = false (custom)
2019-09-25 12:38:36,426 [pool-47-thread-1] INFO  impl.RaftServerImpl (ServerState.java:<init>(103)) - 0901ed62-149d-4b86-b900-0d06f71bfbdd@group-A094515FC64F: ConfigurationManager, init=-1: [0901ed62-149d-4b86-b900-0d06f71bfbdd:192.168.151.73:41891], old=null, confs=<EMPTY_MAP>
2019-09-25 12:38:36,426 [pool-47-thread-1] INFO  server.RaftServerConfigKeys (ConfUtils.java:logGet(43)) - raft.server.storage.dir = [/workdir/hadoop-ozone/integration-test/target/test-dir/MiniOzoneClusterImpl-8e40aa81-9222-408e-95f4-7134100ae31d/datanode-2/data/ratis] (custom)
2019-09-25 12:38:36,427 [pool-47-thread-1] INFO  storage.RaftStorageDirectory (RaftStorageDirectory.java:analyzeStorage(246)) - The storage directory /workdir/hadoop-ozone/integration-test/target/test-dir/MiniOzoneClusterImpl-8e40aa81-9222-408e-95f4-7134100ae31d/datanode-2/data/ratis/c336d23a-87dd-45fd-ac50-a094515fc64f does not exist. Creating ...
2019-09-25 12:38:36,439 [pool-47-thread-1] INFO  storage.RaftStorageDirectory (RaftStorageDirectory.java:tryLock(328)) - Lock on /workdir/hadoop-ozone/integration-test/target/test-dir/MiniOzoneClusterImpl-8e40aa81-9222-408e-95f4-7134100ae31d/datanode-2/data/ratis/c336d23a-87dd-45fd-ac50-a094515fc64f/in_use.lock acquired by nodename 9642@pr-hdds-1569-shd4m-3693607622
2019-09-25 12:38:36,452 [pool-47-thread-1] INFO  storage.RaftStorage (RaftStorage.java:format(72)) - Storage directory /workdir/hadoop-ozone/integration-test/target/test-dir/MiniOzoneClusterImpl-8e40aa81-9222-408e-95f4-7134100ae31d/datanode-2/data/ratis/c336d23a-87dd-45fd-ac50-a094515fc64f has been successfully formatted.
2019-09-25 12:38:36,453 [pool-47-thread-1] INFO  ratis.ContainerStateMachine (ContainerStateMachine.java:loadSnapshot(230)) - group-A094515FC64F: The snapshot info is null. Setting the last applied indexto:(t:0, i:~)
2019-09-25 12:38:36,453 [pool-47-thread-1] INFO  server.RaftServerConfigKeys (ConfUtils.java:logGet(43)) - raft.server.notification.no-leader.timeout = 120s (custom)
2019-09-25 12:38:36,453 [pool-47-thread-1] INFO  server.RaftServerConfigKeys (ConfUtils.java:logGet(43)) - raft.server.log.use.memory = false (default)
2019-09-25 12:38:36,453 [pool-47-thread-1] INFO  server.RaftServerConfigKeys (ConfUtils.java:logGet(43)) - raft.server.log.purge.gap = 1000000 (custom)
2019-09-25 12:38:36,454 [pool-47-thread-1] INFO  server.RaftServerConfigKeys (ConfUtils.java:logGet(43)) - raft.server.log.appender.buffer.byte-limit = 33554432 (custom)
2019-09-25 12:38:36,454 [pool-47-thread-1] INFO  server.RaftServerConfigKeys (ConfUtils.java:logGet(43)) - raft.server.log.segment.size.max = 1048576 (custom)
2019-09-25 12:38:36,454 [pool-47-thread-1] INFO  server.RaftServerConfigKeys (ConfUtils.java:logGet(43)) - raft.server.log.segment.cache.num.max = 2 (custom)
2019-09-25 12:38:36,454 [pool-47-thread-1] INFO  segmented.SegmentedRaftLogWorker (SegmentedRaftLogWorker.java:<init>(172)) - new 0901ed62-149d-4b86-b900-0d06f71bfbdd@group-A094515FC64F-SegmentedRaftLogWorker for RaftStorage:Storage Directory /workdir/hadoop-ozone/integration-test/target/test-dir/MiniOzoneClusterImpl-8e40aa81-9222-408e-95f4-7134100ae31d/datanode-2/data/ratis/c336d23a-87dd-45fd-ac50-a094515fc64f
2019-09-25 12:38:36,454 [pool-47-thread-1] INFO  server.RaftServerConfigKeys (ConfUtils.java:logGet(43)) - raft.server.log.queue.byte-limit = 2147483647 (custom)
2019-09-25 12:38:36,454 [pool-47-thread-1] INFO  server.RaftServerConfigKeys (ConfUtils.java:logGet(43)) - raft.server.log.queue.element-limit = 1024 (custom)
2019-09-25 12:38:36,455 [pool-47-thread-1] INFO  server.RaftServerConfigKeys (ConfUtils.java:logGet(43)) - raft.server.log.segment.size.max = 1048576 (custom)
2019-09-25 12:38:36,455 [pool-47-thread-1] INFO  server.RaftServerConfigKeys (ConfUtils.java:logGet(43)) - raft.server.log.preallocated.size = 16384 (custom)
2019-09-25 12:38:36,455 [pool-47-thread-1] INFO  server.RaftServerConfigKeys (ConfUtils.java:logGet(43)) - raft.server.log.write.buffer.size = 33554432 (custom)
2019-09-25 12:38:36,455 [pool-47-thread-1] INFO  server.RaftServerConfigKeys (ConfUtils.java:logGet(43)) - raft.server.log.force.sync.num = 128 (default)
2019-09-25 12:38:36,455 [pool-47-thread-1] INFO  server.RaftServerConfigKeys (ConfUtils.java:logGet(43)) - raft.server.log.statemachine.data.sync = true (default)
2019-09-25 12:38:36,456 [pool-47-thread-1] INFO  server.RaftServerConfigKeys (ConfUtils.java:logGet(43)) - raft.server.log.statemachine.data.sync.timeout = 10s (default)
2019-09-25 12:38:36,456 [pool-47-thread-1] INFO  server.RaftServerConfigKeys (ConfUtils.java:logGet(43)) - raft.server.log.statemachine.data.sync.timeout.retry = -1 (default)
2019-09-25 12:38:36,456 [pool-47-thread-1] INFO  server.RaftServerConfigKeys (ConfUtils.java:logGet(43)) - raft.server.log.statemachine.data.caching.enabled = true (custom)
2019-09-25 12:38:36,457 [pool-47-thread-1] INFO  segmented.SegmentedRaftLogWorker (SegmentedRaftLogWorker.java:lambda$new$0(132)) - 0901ed62-149d-4b86-b900-0d06f71bfbdd@group-A094515FC64F-SegmentedRaftLogWorker: flushIndex: setUnconditionally 0 -> -1
2019-09-25 12:38:36,457 [pool-47-thread-1] INFO  server.RaftServerConfigKeys (ConfUtils.java:logGet(43)) - raft.server.snapshot.auto.trigger.enabled = true (custom)
2019-09-25 12:38:36,457 [pool-47-thread-1] INFO  server.RaftServerConfigKeys (ConfUtils.java:logGet(43)) - raft.server.snapshot.auto.trigger.threshold = 10000 (custom)
2019-09-25 12:38:36,457 [pool-47-thread-1] INFO  server.RaftServerConfigKeys (ConfUtils.java:logGet(43)) - raft.server.snapshot.retention.num.files = 5 (custom)
2019-09-25 12:38:36,458 [pool-47-thread-1] INFO  server.RaftServerConfigKeys (ConfUtils.java:logGet(43)) - raft.server.retrycache.expirytime = 600000ms (custom)
2019-09-25 12:38:36,461 [pool-47-thread-1] INFO  impl.RaftServerImpl (RaftServerImpl.java:start(185)) - 0901ed62-149d-4b86-b900-0d06f71bfbdd@group-A094515FC64F: start as a follower, conf=-1: [0901ed62-149d-4b86-b900-0d06f71bfbdd:192.168.151.73:41891], old=null
2019-09-25 12:38:36,461 [pool-47-thread-1] INFO  impl.RaftServerImpl (RaftServerImpl.java:setRole(174)) - 0901ed62-149d-4b86-b900-0d06f71bfbdd@group-A094515FC64F: changes role from      null to FOLLOWER at term 0 for startAsFollower
2019-09-25 12:38:36,461 [pool-47-thread-1] INFO  impl.RoleInfo (RoleInfo.java:updateAndGet(143)) - 0901ed62-149d-4b86-b900-0d06f71bfbdd: start FollowerState
2019-09-25 12:38:36,462 [pool-47-thread-1] INFO  util.JmxRegister (JmxRegister.java:tryRegister(44)) - Successfully registered JMX Bean with object name Ratis:service=RaftServer,group=group-A094515FC64F,id=0901ed62-149d-4b86-b900-0d06f71bfbdd
2019-09-25 12:38:36,471 [RatisPipelineUtilsThread] INFO  pipeline.PipelineStateManager (PipelineStateManager.java:addPipeline(56)) - Created pipeline Pipeline[ Id: c336d23a-87dd-45fd-ac50-a094515fc64f, Nodes: 0901ed62-149d-4b86-b900-0d06f71bfbdd{ip: 192.168.151.73, host: pr-hdds-1569-shd4m-3693607622, networkLocation: /default-rack, certSerialId: null}, Type:RATIS, Factor:ONE, State:OPEN]
2019-09-25 12:38:36,484 [grpc-default-executor-0] INFO  impl.RaftServerProxy (RaftServerProxy.java:addNew(89)) - 92722d09-e207-4d66-9e26-9e7903376c45: addNew group-C96C8C260D86:[92722d09-e207-4d66-9e26-9e7903376c45:192.168.151.73:44862] returns group-C96C8C260D86:java.util.concurrent.CompletableFuture@218ed1cd[Not completed]
2019-09-25 12:38:36,486 [pool-27-thread-1] INFO  impl.RaftServerImpl (RaftServerImpl.java:<init>(95)) - 92722d09-e207-4d66-9e26-9e7903376c45: new RaftServerImpl for group-C96C8C260D86:[92722d09-e207-4d66-9e26-9e7903376c45:192.168.151.73:44862] with ContainerStateMachine:uninitialized
2019-09-25 12:38:36,486 [pool-27-thread-1] INFO  server.RaftServerConfigKeys (ConfUtils.java:logGet(43)) - raft.server.rpc.timeout.min = 5s (custom)
2019-09-25 12:38:36,486 [pool-27-thread-1] INFO  server.RaftServerConfigKeys (ConfUtils.java:logGet(43)) - raft.server.rpc.timeout.max = 5200ms (custom)
2019-09-25 12:38:36,487 [pool-27-thread-1] INFO  server.RaftServerConfigKeys (ConfUtils.java:logGet(43)) - raft.server.rpcslowness.timeout = 120s (custom)
2019-09-25 12:38:36,487 [pool-27-thread-1] INFO  server.RaftServerConfigKeys (ConfUtils.java:logGet(43)) - raft.server.sleep.deviation.threshold = 300 (default)
2019-09-25 12:38:36,487 [pool-27-thread-1] INFO  server.RaftServerConfigKeys (ConfUtils.java:logGet(43)) - raft.server.log.appender.install.snapshot.enabled = false (custom)
2019-09-25 12:38:36,487 [pool-27-thread-1] INFO  impl.RaftServerImpl (ServerState.java:<init>(103)) - 92722d09-e207-4d66-9e26-9e7903376c45@group-C96C8C260D86: ConfigurationManager, init=-1: [92722d09-e207-4d66-9e26-9e7903376c45:192.168.151.73:44862], old=null, confs=<EMPTY_MAP>
2019-09-25 12:38:36,487 [pool-27-thread-1] INFO  server.RaftServerConfigKeys (ConfUtils.java:logGet(43)) - raft.server.storage.dir = [/workdir/hadoop-ozone/integration-test/target/test-dir/MiniOzoneClusterImpl-8e40aa81-9222-408e-95f4-7134100ae31d/datanode-0/data/ratis] (custom)
2019-09-25 12:38:36,488 [pool-27-thread-1] INFO  storage.RaftStorageDirectory (RaftStorageDirectory.java:analyzeStorage(246)) - The storage directory /workdir/hadoop-ozone/integration-test/target/test-dir/MiniOzoneClusterImpl-8e40aa81-9222-408e-95f4-7134100ae31d/datanode-0/data/ratis/3582b331-7055-4c0c-83d7-c96c8c260d86 does not exist. Creating ...
2019-09-25 12:38:36,501 [pool-27-thread-1] INFO  storage.RaftStorageDirectory (RaftStorageDirectory.java:tryLock(328)) - Lock on /workdir/hadoop-ozone/integration-test/target/test-dir/MiniOzoneClusterImpl-8e40aa81-9222-408e-95f4-7134100ae31d/datanode-0/data/ratis/3582b331-7055-4c0c-83d7-c96c8c260d86/in_use.lock acquired by nodename 9642@pr-hdds-1569-shd4m-3693607622
2019-09-25 12:38:36,514 [pool-27-thread-1] INFO  storage.RaftStorage (RaftStorage.java:format(72)) - Storage directory /workdir/hadoop-ozone/integration-test/target/test-dir/MiniOzoneClusterImpl-8e40aa81-9222-408e-95f4-7134100ae31d/datanode-0/data/ratis/3582b331-7055-4c0c-83d7-c96c8c260d86 has been successfully formatted.
2019-09-25 12:38:36,514 [pool-27-thread-1] INFO  ratis.ContainerStateMachine (ContainerStateMachine.java:loadSnapshot(230)) - group-C96C8C260D86: The snapshot info is null. Setting the last applied indexto:(t:0, i:~)
2019-09-25 12:38:36,514 [pool-27-thread-1] INFO  server.RaftServerConfigKeys (ConfUtils.java:logGet(43)) - raft.server.notification.no-leader.timeout = 120s (custom)
2019-09-25 12:38:36,515 [pool-27-thread-1] INFO  server.RaftServerConfigKeys (ConfUtils.java:logGet(43)) - raft.server.log.use.memory = false (default)
2019-09-25 12:38:36,515 [pool-27-thread-1] INFO  server.RaftServerConfigKeys (ConfUtils.java:logGet(43)) - raft.server.log.purge.gap = 1000000 (custom)
2019-09-25 12:38:36,515 [pool-27-thread-1] INFO  server.RaftServerConfigKeys (ConfUtils.java:logGet(43)) - raft.server.log.appender.buffer.byte-limit = 33554432 (custom)
2019-09-25 12:38:36,515 [pool-27-thread-1] INFO  server.RaftServerConfigKeys (ConfUtils.java:logGet(43)) - raft.server.log.segment.size.max = 1048576 (custom)
2019-09-25 12:38:36,516 [pool-27-thread-1] INFO  server.RaftServerConfigKeys (ConfUtils.java:logGet(43)) - raft.server.log.segment.cache.num.max = 2 (custom)
2019-09-25 12:38:36,516 [pool-27-thread-1] INFO  segmented.SegmentedRaftLogWorker (SegmentedRaftLogWorker.java:<init>(172)) - new 92722d09-e207-4d66-9e26-9e7903376c45@group-C96C8C260D86-SegmentedRaftLogWorker for RaftStorage:Storage Directory /workdir/hadoop-ozone/integration-test/target/test-dir/MiniOzoneClusterImpl-8e40aa81-9222-408e-95f4-7134100ae31d/datanode-0/data/ratis/3582b331-7055-4c0c-83d7-c96c8c260d86
2019-09-25 12:38:36,516 [pool-27-thread-1] INFO  server.RaftServerConfigKeys (ConfUtils.java:logGet(43)) - raft.server.log.queue.byte-limit = 2147483647 (custom)
2019-09-25 12:38:36,516 [pool-27-thread-1] INFO  server.RaftServerConfigKeys (ConfUtils.java:logGet(43)) - raft.server.log.queue.element-limit = 1024 (custom)
2019-09-25 12:38:36,516 [pool-27-thread-1] INFO  server.RaftServerConfigKeys (ConfUtils.java:logGet(43)) - raft.server.log.segment.size.max = 1048576 (custom)
2019-09-25 12:38:36,517 [pool-27-thread-1] INFO  server.RaftServerConfigKeys (ConfUtils.java:logGet(43)) - raft.server.log.preallocated.size = 16384 (custom)
2019-09-25 12:38:36,517 [pool-27-thread-1] INFO  server.RaftServerConfigKeys (ConfUtils.java:logGet(43)) - raft.server.log.write.buffer.size = 33554432 (custom)
2019-09-25 12:38:36,517 [pool-27-thread-1] INFO  server.RaftServerConfigKeys (ConfUtils.java:logGet(43)) - raft.server.log.force.sync.num = 128 (default)
2019-09-25 12:38:36,517 [pool-27-thread-1] INFO  server.RaftServerConfigKeys (ConfUtils.java:logGet(43)) - raft.server.log.statemachine.data.sync = true (default)
2019-09-25 12:38:36,517 [pool-27-thread-1] INFO  server.RaftServerConfigKeys (ConfUtils.java:logGet(43)) - raft.server.log.statemachine.data.sync.timeout = 10s (default)
2019-09-25 12:38:36,518 [pool-27-thread-1] INFO  server.RaftServerConfigKeys (ConfUtils.java:logGet(43)) - raft.server.log.statemachine.data.sync.timeout.retry = -1 (default)
2019-09-25 12:38:36,518 [pool-27-thread-1] INFO  server.RaftServerConfigKeys (ConfUtils.java:logGet(43)) - raft.server.log.statemachine.data.caching.enabled = true (custom)
2019-09-25 12:38:36,518 [pool-27-thread-1] INFO  segmented.SegmentedRaftLogWorker (SegmentedRaftLogWorker.java:lambda$new$0(132)) - 92722d09-e207-4d66-9e26-9e7903376c45@group-C96C8C260D86-SegmentedRaftLogWorker: flushIndex: setUnconditionally 0 -> -1
2019-09-25 12:38:36,519 [pool-27-thread-1] INFO  server.RaftServerConfigKeys (ConfUtils.java:logGet(43)) - raft.server.snapshot.auto.trigger.enabled = true (custom)
2019-09-25 12:38:36,519 [pool-27-thread-1] INFO  server.RaftServerConfigKeys (ConfUtils.java:logGet(43)) - raft.server.snapshot.auto.trigger.threshold = 10000 (custom)
2019-09-25 12:38:36,519 [pool-27-thread-1] INFO  server.RaftServerConfigKeys (ConfUtils.java:logGet(43)) - raft.server.snapshot.retention.num.files = 5 (custom)
2019-09-25 12:38:36,519 [pool-27-thread-1] INFO  server.RaftServerConfigKeys (ConfUtils.java:logGet(43)) - raft.server.retrycache.expirytime = 600000ms (custom)
2019-09-25 12:38:36,524 [pool-27-thread-1] INFO  impl.RaftServerImpl (RaftServerImpl.java:start(185)) - 92722d09-e207-4d66-9e26-9e7903376c45@group-C96C8C260D86: start as a follower, conf=-1: [92722d09-e207-4d66-9e26-9e7903376c45:192.168.151.73:44862], old=null
2019-09-25 12:38:36,524 [pool-27-thread-1] INFO  impl.RaftServerImpl (RaftServerImpl.java:setRole(174)) - 92722d09-e207-4d66-9e26-9e7903376c45@group-C96C8C260D86: changes role from      null to FOLLOWER at term 0 for startAsFollower
2019-09-25 12:38:36,525 [pool-27-thread-1] INFO  impl.RoleInfo (RoleInfo.java:updateAndGet(143)) - 92722d09-e207-4d66-9e26-9e7903376c45: start FollowerState
2019-09-25 12:38:36,525 [pool-27-thread-1] INFO  util.JmxRegister (JmxRegister.java:tryRegister(44)) - Successfully registered JMX Bean with object name Ratis:service=RaftServer,group=group-C96C8C260D86,id=92722d09-e207-4d66-9e26-9e7903376c45
2019-09-25 12:38:36,533 [RatisPipelineUtilsThread] INFO  pipeline.PipelineStateManager (PipelineStateManager.java:addPipeline(56)) - Created pipeline Pipeline[ Id: 3582b331-7055-4c0c-83d7-c96c8c260d86, Nodes: 92722d09-e207-4d66-9e26-9e7903376c45{ip: 192.168.151.73, host: pr-hdds-1569-shd4m-3693607622, networkLocation: /default-rack, certSerialId: null}, Type:RATIS, Factor:ONE, State:OPEN]
2019-09-25 12:38:36,546 [grpc-default-executor-0] INFO  impl.RaftServerProxy (RaftServerProxy.java:addNew(89)) - 9d3a6fcb-b37a-4cb6-a53d-6566d174e0ab: addNew group-1DAC4E95AFF1:[9d3a6fcb-b37a-4cb6-a53d-6566d174e0ab:192.168.151.73:39459] returns group-1DAC4E95AFF1:java.util.concurrent.CompletableFuture@4396e1cc[Not completed]
2019-09-25 12:38:36,547 [pool-37-thread-1] INFO  impl.RaftServerImpl (RaftServerImpl.java:<init>(95)) - 9d3a6fcb-b37a-4cb6-a53d-6566d174e0ab: new RaftServerImpl for group-1DAC4E95AFF1:[9d3a6fcb-b37a-4cb6-a53d-6566d174e0ab:192.168.151.73:39459] with ContainerStateMachine:uninitialized
2019-09-25 12:38:36,548 [pool-37-thread-1] INFO  server.RaftServerConfigKeys (ConfUtils.java:logGet(43)) - raft.server.rpc.timeout.min = 5s (custom)
2019-09-25 12:38:36,548 [pool-37-thread-1] INFO  server.RaftServerConfigKeys (ConfUtils.java:logGet(43)) - raft.server.rpc.timeout.max = 5200ms (custom)
2019-09-25 12:38:36,548 [pool-37-thread-1] INFO  server.RaftServerConfigKeys (ConfUtils.java:logGet(43)) - raft.server.rpcslowness.timeout = 120s (custom)
2019-09-25 12:38:36,548 [pool-37-thread-1] INFO  server.RaftServerConfigKeys (ConfUtils.java:logGet(43)) - raft.server.sleep.deviation.threshold = 300 (default)
2019-09-25 12:38:36,548 [pool-37-thread-1] INFO  server.RaftServerConfigKeys (ConfUtils.java:logGet(43)) - raft.server.log.appender.install.snapshot.enabled = false (custom)
2019-09-25 12:38:36,549 [pool-37-thread-1] INFO  impl.RaftServerImpl (ServerState.java:<init>(103)) - 9d3a6fcb-b37a-4cb6-a53d-6566d174e0ab@group-1DAC4E95AFF1: ConfigurationManager, init=-1: [9d3a6fcb-b37a-4cb6-a53d-6566d174e0ab:192.168.151.73:39459], old=null, confs=<EMPTY_MAP>
2019-09-25 12:38:36,549 [pool-37-thread-1] INFO  server.RaftServerConfigKeys (ConfUtils.java:logGet(43)) - raft.server.storage.dir = [/workdir/hadoop-ozone/integration-test/target/test-dir/MiniOzoneClusterImpl-8e40aa81-9222-408e-95f4-7134100ae31d/datanode-1/data/ratis] (custom)
2019-09-25 12:38:36,549 [pool-37-thread-1] INFO  storage.RaftStorageDirectory (RaftStorageDirectory.java:analyzeStorage(246)) - The storage directory /workdir/hadoop-ozone/integration-test/target/test-dir/MiniOzoneClusterImpl-8e40aa81-9222-408e-95f4-7134100ae31d/datanode-1/data/ratis/5435c27e-9613-493a-8135-1dac4e95aff1 does not exist. Creating ...
2019-09-25 12:38:36,570 [pool-37-thread-1] INFO  storage.RaftStorageDirectory (RaftStorageDirectory.java:tryLock(328)) - Lock on /workdir/hadoop-ozone/integration-test/target/test-dir/MiniOzoneClusterImpl-8e40aa81-9222-408e-95f4-7134100ae31d/datanode-1/data/ratis/5435c27e-9613-493a-8135-1dac4e95aff1/in_use.lock acquired by nodename 9642@pr-hdds-1569-shd4m-3693607622
2019-09-25 12:38:36,583 [pool-37-thread-1] INFO  storage.RaftStorage (RaftStorage.java:format(72)) - Storage directory /workdir/hadoop-ozone/integration-test/target/test-dir/MiniOzoneClusterImpl-8e40aa81-9222-408e-95f4-7134100ae31d/datanode-1/data/ratis/5435c27e-9613-493a-8135-1dac4e95aff1 has been successfully formatted.
2019-09-25 12:38:36,584 [pool-37-thread-1] INFO  ratis.ContainerStateMachine (ContainerStateMachine.java:loadSnapshot(230)) - group-1DAC4E95AFF1: The snapshot info is null. Setting the last applied indexto:(t:0, i:~)
2019-09-25 12:38:36,584 [pool-37-thread-1] INFO  server.RaftServerConfigKeys (ConfUtils.java:logGet(43)) - raft.server.notification.no-leader.timeout = 120s (custom)
2019-09-25 12:38:36,584 [pool-37-thread-1] INFO  server.RaftServerConfigKeys (ConfUtils.java:logGet(43)) - raft.server.log.use.memory = false (default)
2019-09-25 12:38:36,584 [pool-37-thread-1] INFO  server.RaftServerConfigKeys (ConfUtils.java:logGet(43)) - raft.server.log.purge.gap = 1000000 (custom)
2019-09-25 12:38:36,584 [pool-37-thread-1] INFO  server.RaftServerConfigKeys (ConfUtils.java:logGet(43)) - raft.server.log.appender.buffer.byte-limit = 33554432 (custom)
2019-09-25 12:38:36,584 [pool-37-thread-1] INFO  server.RaftServerConfigKeys (ConfUtils.java:logGet(43)) - raft.server.log.segment.size.max = 1048576 (custom)
2019-09-25 12:38:36,585 [pool-37-thread-1] INFO  server.RaftServerConfigKeys (ConfUtils.java:logGet(43)) - raft.server.log.segment.cache.num.max = 2 (custom)
2019-09-25 12:38:36,585 [pool-37-thread-1] INFO  segmented.SegmentedRaftLogWorker (SegmentedRaftLogWorker.java:<init>(172)) - new 9d3a6fcb-b37a-4cb6-a53d-6566d174e0ab@group-1DAC4E95AFF1-SegmentedRaftLogWorker for RaftStorage:Storage Directory /workdir/hadoop-ozone/integration-test/target/test-dir/MiniOzoneClusterImpl-8e40aa81-9222-408e-95f4-7134100ae31d/datanode-1/data/ratis/5435c27e-9613-493a-8135-1dac4e95aff1
2019-09-25 12:38:36,585 [pool-37-thread-1] INFO  server.RaftServerConfigKeys (ConfUtils.java:logGet(43)) - raft.server.log.queue.byte-limit = 2147483647 (custom)
2019-09-25 12:38:36,585 [pool-37-thread-1] INFO  server.RaftServerConfigKeys (ConfUtils.java:logGet(43)) - raft.server.log.queue.element-limit = 1024 (custom)
2019-09-25 12:38:36,585 [pool-37-thread-1] INFO  server.RaftServerConfigKeys (ConfUtils.java:logGet(43)) - raft.server.log.segment.size.max = 1048576 (custom)
2019-09-25 12:38:36,585 [pool-37-thread-1] INFO  server.RaftServerConfigKeys (ConfUtils.java:logGet(43)) - raft.server.log.preallocated.size = 16384 (custom)
2019-09-25 12:38:36,586 [pool-37-thread-1] INFO  server.RaftServerConfigKeys (ConfUtils.java:logGet(43)) - raft.server.log.write.buffer.size = 33554432 (custom)
2019-09-25 12:38:36,586 [pool-37-thread-1] INFO  server.RaftServerConfigKeys (ConfUtils.java:logGet(43)) - raft.server.log.force.sync.num = 128 (default)
2019-09-25 12:38:36,586 [pool-37-thread-1] INFO  server.RaftServerConfigKeys (ConfUtils.java:logGet(43)) - raft.server.log.statemachine.data.sync = true (default)
2019-09-25 12:38:36,586 [pool-37-thread-1] INFO  server.RaftServerConfigKeys (ConfUtils.java:logGet(43)) - raft.server.log.statemachine.data.sync.timeout = 10s (default)
2019-09-25 12:38:36,586 [pool-37-thread-1] INFO  server.RaftServerConfigKeys (ConfUtils.java:logGet(43)) - raft.server.log.statemachine.data.sync.timeout.retry = -1 (default)
2019-09-25 12:38:36,586 [pool-37-thread-1] INFO  server.RaftServerConfigKeys (ConfUtils.java:logGet(43)) - raft.server.log.statemachine.data.caching.enabled = true (custom)
2019-09-25 12:38:36,587 [pool-37-thread-1] INFO  segmented.SegmentedRaftLogWorker (SegmentedRaftLogWorker.java:lambda$new$0(132)) - 9d3a6fcb-b37a-4cb6-a53d-6566d174e0ab@group-1DAC4E95AFF1-SegmentedRaftLogWorker: flushIndex: setUnconditionally 0 -> -1
2019-09-25 12:38:36,587 [pool-37-thread-1] INFO  server.RaftServerConfigKeys (ConfUtils.java:logGet(43)) - raft.server.snapshot.auto.trigger.enabled = true (custom)
2019-09-25 12:38:36,587 [pool-37-thread-1] INFO  server.RaftServerConfigKeys (ConfUtils.java:logGet(43)) - raft.server.snapshot.auto.trigger.threshold = 10000 (custom)
2019-09-25 12:38:36,587 [pool-37-thread-1] INFO  server.RaftServerConfigKeys (ConfUtils.java:logGet(43)) - raft.server.snapshot.retention.num.files = 5 (custom)
2019-09-25 12:38:36,588 [pool-37-thread-1] INFO  server.RaftServerConfigKeys (ConfUtils.java:logGet(43)) - raft.server.retrycache.expirytime = 600000ms (custom)
2019-09-25 12:38:36,591 [pool-37-thread-1] INFO  impl.RaftServerImpl (RaftServerImpl.java:start(185)) - 9d3a6fcb-b37a-4cb6-a53d-6566d174e0ab@group-1DAC4E95AFF1: start as a follower, conf=-1: [9d3a6fcb-b37a-4cb6-a53d-6566d174e0ab:192.168.151.73:39459], old=null
2019-09-25 12:38:36,591 [pool-37-thread-1] INFO  impl.RaftServerImpl (RaftServerImpl.java:setRole(174)) - 9d3a6fcb-b37a-4cb6-a53d-6566d174e0ab@group-1DAC4E95AFF1: changes role from      null to FOLLOWER at term 0 for startAsFollower
2019-09-25 12:38:36,591 [pool-37-thread-1] INFO  impl.RoleInfo (RoleInfo.java:updateAndGet(143)) - 9d3a6fcb-b37a-4cb6-a53d-6566d174e0ab: start FollowerState
2019-09-25 12:38:36,592 [pool-37-thread-1] INFO  util.JmxRegister (JmxRegister.java:tryRegister(44)) - Successfully registered JMX Bean with object name Ratis:service=RaftServer,group=group-1DAC4E95AFF1,id=9d3a6fcb-b37a-4cb6-a53d-6566d174e0ab
2019-09-25 12:38:36,601 [RatisPipelineUtilsThread] INFO  pipeline.PipelineStateManager (PipelineStateManager.java:addPipeline(56)) - Created pipeline Pipeline[ Id: 5435c27e-9613-493a-8135-1dac4e95aff1, Nodes: 9d3a6fcb-b37a-4cb6-a53d-6566d174e0ab{ip: 192.168.151.73, host: pr-hdds-1569-shd4m-3693607622, networkLocation: /default-rack, certSerialId: null}, Type:RATIS, Factor:ONE, State:OPEN]
2019-09-25 12:38:36,614 [grpc-default-executor-0] INFO  impl.RaftServerProxy (RaftServerProxy.java:addNew(89)) - 9d3a6fcb-b37a-4cb6-a53d-6566d174e0ab: addNew group-2C12E501DD38:[9d3a6fcb-b37a-4cb6-a53d-6566d174e0ab:192.168.151.73:39459] returns group-2C12E501DD38:java.util.concurrent.CompletableFuture@4aae4620[Not completed]
2019-09-25 12:38:36,615 [pool-37-thread-1] INFO  impl.RaftServerImpl (RaftServerImpl.java:<init>(95)) - 9d3a6fcb-b37a-4cb6-a53d-6566d174e0ab: new RaftServerImpl for group-2C12E501DD38:[9d3a6fcb-b37a-4cb6-a53d-6566d174e0ab:192.168.151.73:39459] with ContainerStateMachine:uninitialized
2019-09-25 12:38:36,616 [pool-37-thread-1] INFO  server.RaftServerConfigKeys (ConfUtils.java:logGet(43)) - raft.server.rpc.timeout.min = 5s (custom)
2019-09-25 12:38:36,616 [pool-37-thread-1] INFO  server.RaftServerConfigKeys (ConfUtils.java:logGet(43)) - raft.server.rpc.timeout.max = 5200ms (custom)
2019-09-25 12:38:36,616 [pool-37-thread-1] INFO  server.RaftServerConfigKeys (ConfUtils.java:logGet(43)) - raft.server.rpcslowness.timeout = 120s (custom)
2019-09-25 12:38:36,616 [pool-37-thread-1] INFO  server.RaftServerConfigKeys (ConfUtils.java:logGet(43)) - raft.server.sleep.deviation.threshold = 300 (default)
2019-09-25 12:38:36,616 [pool-37-thread-1] INFO  server.RaftServerConfigKeys (ConfUtils.java:logGet(43)) - raft.server.log.appender.install.snapshot.enabled = false (custom)
2019-09-25 12:38:36,616 [pool-37-thread-1] INFO  impl.RaftServerImpl (ServerState.java:<init>(103)) - 9d3a6fcb-b37a-4cb6-a53d-6566d174e0ab@group-2C12E501DD38: ConfigurationManager, init=-1: [9d3a6fcb-b37a-4cb6-a53d-6566d174e0ab:192.168.151.73:39459], old=null, confs=<EMPTY_MAP>
2019-09-25 12:38:36,616 [pool-37-thread-1] INFO  server.RaftServerConfigKeys (ConfUtils.java:logGet(43)) - raft.server.storage.dir = [/workdir/hadoop-ozone/integration-test/target/test-dir/MiniOzoneClusterImpl-8e40aa81-9222-408e-95f4-7134100ae31d/datanode-1/data/ratis] (custom)
2019-09-25 12:38:36,617 [pool-37-thread-1] INFO  storage.RaftStorageDirectory (RaftStorageDirectory.java:analyzeStorage(246)) - The storage directory /workdir/hadoop-ozone/integration-test/target/test-dir/MiniOzoneClusterImpl-8e40aa81-9222-408e-95f4-7134100ae31d/datanode-1/data/ratis/48202d3d-2d4a-478d-9d2f-2c12e501dd38 does not exist. Creating ...
2019-09-25 12:38:36,629 [pool-37-thread-1] INFO  storage.RaftStorageDirectory (RaftStorageDirectory.java:tryLock(328)) - Lock on /workdir/hadoop-ozone/integration-test/target/test-dir/MiniOzoneClusterImpl-8e40aa81-9222-408e-95f4-7134100ae31d/datanode-1/data/ratis/48202d3d-2d4a-478d-9d2f-2c12e501dd38/in_use.lock acquired by nodename 9642@pr-hdds-1569-shd4m-3693607622
2019-09-25 12:38:36,642 [pool-37-thread-1] INFO  storage.RaftStorage (RaftStorage.java:format(72)) - Storage directory /workdir/hadoop-ozone/integration-test/target/test-dir/MiniOzoneClusterImpl-8e40aa81-9222-408e-95f4-7134100ae31d/datanode-1/data/ratis/48202d3d-2d4a-478d-9d2f-2c12e501dd38 has been successfully formatted.
2019-09-25 12:38:36,642 [pool-37-thread-1] INFO  ratis.ContainerStateMachine (ContainerStateMachine.java:loadSnapshot(230)) - group-2C12E501DD38: The snapshot info is null. Setting the last applied indexto:(t:0, i:~)
2019-09-25 12:38:36,643 [pool-37-thread-1] INFO  server.RaftServerConfigKeys (ConfUtils.java:logGet(43)) - raft.server.notification.no-leader.timeout = 120s (custom)
2019-09-25 12:38:36,643 [pool-37-thread-1] INFO  server.RaftServerConfigKeys (ConfUtils.java:logGet(43)) - raft.server.log.use.memory = false (default)
2019-09-25 12:38:36,643 [pool-37-thread-1] INFO  server.RaftServerConfigKeys (ConfUtils.java:logGet(43)) - raft.server.log.purge.gap = 1000000 (custom)
2019-09-25 12:38:36,643 [pool-37-thread-1] INFO  server.RaftServerConfigKeys (ConfUtils.java:logGet(43)) - raft.server.log.appender.buffer.byte-limit = 33554432 (custom)
2019-09-25 12:38:36,643 [pool-37-thread-1] INFO  server.RaftServerConfigKeys (ConfUtils.java:logGet(43)) - raft.server.log.segment.size.max = 1048576 (custom)
2019-09-25 12:38:36,643 [pool-37-thread-1] INFO  server.RaftServerConfigKeys (ConfUtils.java:logGet(43)) - raft.server.log.segment.cache.num.max = 2 (custom)
2019-09-25 12:38:36,644 [pool-37-thread-1] INFO  segmented.SegmentedRaftLogWorker (SegmentedRaftLogWorker.java:<init>(172)) - new 9d3a6fcb-b37a-4cb6-a53d-6566d174e0ab@group-2C12E501DD38-SegmentedRaftLogWorker for RaftStorage:Storage Directory /workdir/hadoop-ozone/integration-test/target/test-dir/MiniOzoneClusterImpl-8e40aa81-9222-408e-95f4-7134100ae31d/datanode-1/data/ratis/48202d3d-2d4a-478d-9d2f-2c12e501dd38
2019-09-25 12:38:36,644 [pool-37-thread-1] INFO  server.RaftServerConfigKeys (ConfUtils.java:logGet(43)) - raft.server.log.queue.byte-limit = 2147483647 (custom)
2019-09-25 12:38:36,644 [pool-37-thread-1] INFO  server.RaftServerConfigKeys (ConfUtils.java:logGet(43)) - raft.server.log.queue.element-limit = 1024 (custom)
2019-09-25 12:38:36,644 [pool-37-thread-1] INFO  server.RaftServerConfigKeys (ConfUtils.java:logGet(43)) - raft.server.log.segment.size.max = 1048576 (custom)
2019-09-25 12:38:36,644 [pool-37-thread-1] INFO  server.RaftServerConfigKeys (ConfUtils.java:logGet(43)) - raft.server.log.preallocated.size = 16384 (custom)
2019-09-25 12:38:36,644 [pool-37-thread-1] INFO  server.RaftServerConfigKeys (ConfUtils.java:logGet(43)) - raft.server.log.write.buffer.size = 33554432 (custom)
2019-09-25 12:38:36,645 [pool-37-thread-1] INFO  server.RaftServerConfigKeys (ConfUtils.java:logGet(43)) - raft.server.log.force.sync.num = 128 (default)
2019-09-25 12:38:36,645 [pool-37-thread-1] INFO  server.RaftServerConfigKeys (ConfUtils.java:logGet(43)) - raft.server.log.statemachine.data.sync = true (default)
2019-09-25 12:38:36,645 [pool-37-thread-1] INFO  server.RaftServerConfigKeys (ConfUtils.java:logGet(43)) - raft.server.log.statemachine.data.sync.timeout = 10s (default)
2019-09-25 12:38:36,645 [pool-37-thread-1] INFO  server.RaftServerConfigKeys (ConfUtils.java:logGet(43)) - raft.server.log.statemachine.data.sync.timeout.retry = -1 (default)
2019-09-25 12:38:36,645 [pool-37-thread-1] INFO  server.RaftServerConfigKeys (ConfUtils.java:logGet(43)) - raft.server.log.statemachine.data.caching.enabled = true (custom)
2019-09-25 12:38:36,645 [pool-37-thread-1] INFO  segmented.SegmentedRaftLogWorker (SegmentedRaftLogWorker.java:lambda$new$0(132)) - 9d3a6fcb-b37a-4cb6-a53d-6566d174e0ab@group-2C12E501DD38-SegmentedRaftLogWorker: flushIndex: setUnconditionally 0 -> -1
2019-09-25 12:38:36,646 [pool-37-thread-1] INFO  server.RaftServerConfigKeys (ConfUtils.java:logGet(43)) - raft.server.snapshot.auto.trigger.enabled = true (custom)
2019-09-25 12:38:36,646 [pool-37-thread-1] INFO  server.RaftServerConfigKeys (ConfUtils.java:logGet(43)) - raft.server.snapshot.auto.trigger.threshold = 10000 (custom)
2019-09-25 12:38:36,646 [pool-37-thread-1] INFO  server.RaftServerConfigKeys (ConfUtils.java:logGet(43)) - raft.server.snapshot.retention.num.files = 5 (custom)
2019-09-25 12:38:36,646 [pool-37-thread-1] INFO  server.RaftServerConfigKeys (ConfUtils.java:logGet(43)) - raft.server.retrycache.expirytime = 600000ms (custom)
2019-09-25 12:38:36,649 [pool-37-thread-1] INFO  impl.RaftServerImpl (RaftServerImpl.java:start(185)) - 9d3a6fcb-b37a-4cb6-a53d-6566d174e0ab@group-2C12E501DD38: start as a follower, conf=-1: [9d3a6fcb-b37a-4cb6-a53d-6566d174e0ab:192.168.151.73:39459], old=null
2019-09-25 12:38:36,649 [pool-37-thread-1] INFO  impl.RaftServerImpl (RaftServerImpl.java:setRole(174)) - 9d3a6fcb-b37a-4cb6-a53d-6566d174e0ab@group-2C12E501DD38: changes role from      null to FOLLOWER at term 0 for startAsFollower
2019-09-25 12:38:36,649 [pool-37-thread-1] INFO  impl.RoleInfo (RoleInfo.java:updateAndGet(143)) - 9d3a6fcb-b37a-4cb6-a53d-6566d174e0ab: start FollowerState
2019-09-25 12:38:36,649 [pool-37-thread-1] INFO  util.JmxRegister (JmxRegister.java:tryRegister(44)) - Successfully registered JMX Bean with object name Ratis:service=RaftServer,group=group-2C12E501DD38,id=9d3a6fcb-b37a-4cb6-a53d-6566d174e0ab
2019-09-25 12:38:36,657 [RatisPipelineUtilsThread] INFO  pipeline.PipelineStateManager (PipelineStateManager.java:addPipeline(56)) - Created pipeline Pipeline[ Id: 48202d3d-2d4a-478d-9d2f-2c12e501dd38, Nodes: 9d3a6fcb-b37a-4cb6-a53d-6566d174e0ab{ip: 192.168.151.73, host: pr-hdds-1569-shd4m-3693607622, networkLocation: /default-rack, certSerialId: null}, Type:RATIS, Factor:ONE, State:OPEN]
2019-09-25 12:38:36,669 [grpc-default-executor-0] INFO  impl.RaftServerProxy (RaftServerProxy.java:addNew(89)) - 0901ed62-149d-4b86-b900-0d06f71bfbdd: addNew group-77A388E29220:[0901ed62-149d-4b86-b900-0d06f71bfbdd:192.168.151.73:41891] returns group-77A388E29220:java.util.concurrent.CompletableFuture@418208f9[Not completed]
2019-09-25 12:38:36,671 [pool-47-thread-1] INFO  impl.RaftServerImpl (RaftServerImpl.java:<init>(95)) - 0901ed62-149d-4b86-b900-0d06f71bfbdd: new RaftServerImpl for group-77A388E29220:[0901ed62-149d-4b86-b900-0d06f71bfbdd:192.168.151.73:41891] with ContainerStateMachine:uninitialized
2019-09-25 12:38:36,671 [pool-47-thread-1] INFO  server.RaftServerConfigKeys (ConfUtils.java:logGet(43)) - raft.server.rpc.timeout.min = 5s (custom)
2019-09-25 12:38:36,671 [pool-47-thread-1] INFO  server.RaftServerConfigKeys (ConfUtils.java:logGet(43)) - raft.server.rpc.timeout.max = 5200ms (custom)
2019-09-25 12:38:36,672 [pool-47-thread-1] INFO  server.RaftServerConfigKeys (ConfUtils.java:logGet(43)) - raft.server.rpcslowness.timeout = 120s (custom)
2019-09-25 12:38:36,672 [pool-47-thread-1] INFO  server.RaftServerConfigKeys (ConfUtils.java:logGet(43)) - raft.server.sleep.deviation.threshold = 300 (default)
2019-09-25 12:38:36,672 [pool-47-thread-1] INFO  server.RaftServerConfigKeys (ConfUtils.java:logGet(43)) - raft.server.log.appender.install.snapshot.enabled = false (custom)
2019-09-25 12:38:36,672 [pool-47-thread-1] INFO  impl.RaftServerImpl (ServerState.java:<init>(103)) - 0901ed62-149d-4b86-b900-0d06f71bfbdd@group-77A388E29220: ConfigurationManager, init=-1: [0901ed62-149d-4b86-b900-0d06f71bfbdd:192.168.151.73:41891], old=null, confs=<EMPTY_MAP>
2019-09-25 12:38:36,673 [pool-47-thread-1] INFO  server.RaftServerConfigKeys (ConfUtils.java:logGet(43)) - raft.server.storage.dir = [/workdir/hadoop-ozone/integration-test/target/test-dir/MiniOzoneClusterImpl-8e40aa81-9222-408e-95f4-7134100ae31d/datanode-2/data/ratis] (custom)
2019-09-25 12:38:36,674 [pool-47-thread-1] INFO  storage.RaftStorageDirectory (RaftStorageDirectory.java:analyzeStorage(246)) - The storage directory /workdir/hadoop-ozone/integration-test/target/test-dir/MiniOzoneClusterImpl-8e40aa81-9222-408e-95f4-7134100ae31d/datanode-2/data/ratis/d3275ee3-b77b-49c4-90ab-77a388e29220 does not exist. Creating ...
2019-09-25 12:38:36,686 [pool-47-thread-1] INFO  storage.RaftStorageDirectory (RaftStorageDirectory.java:tryLock(328)) - Lock on /workdir/hadoop-ozone/integration-test/target/test-dir/MiniOzoneClusterImpl-8e40aa81-9222-408e-95f4-7134100ae31d/datanode-2/data/ratis/d3275ee3-b77b-49c4-90ab-77a388e29220/in_use.lock acquired by nodename 9642@pr-hdds-1569-shd4m-3693607622
2019-09-25 12:38:36,699 [pool-47-thread-1] INFO  storage.RaftStorage (RaftStorage.java:format(72)) - Storage directory /workdir/hadoop-ozone/integration-test/target/test-dir/MiniOzoneClusterImpl-8e40aa81-9222-408e-95f4-7134100ae31d/datanode-2/data/ratis/d3275ee3-b77b-49c4-90ab-77a388e29220 has been successfully formatted.
2019-09-25 12:38:36,700 [pool-47-thread-1] INFO  ratis.ContainerStateMachine (ContainerStateMachine.java:loadSnapshot(230)) - group-77A388E29220: The snapshot info is null. Setting the last applied indexto:(t:0, i:~)
2019-09-25 12:38:36,700 [pool-47-thread-1] INFO  server.RaftServerConfigKeys (ConfUtils.java:logGet(43)) - raft.server.notification.no-leader.timeout = 120s (custom)
2019-09-25 12:38:36,700 [pool-47-thread-1] INFO  server.RaftServerConfigKeys (ConfUtils.java:logGet(43)) - raft.server.log.use.memory = false (default)
2019-09-25 12:38:36,700 [pool-47-thread-1] INFO  server.RaftServerConfigKeys (ConfUtils.java:logGet(43)) - raft.server.log.purge.gap = 1000000 (custom)
2019-09-25 12:38:36,700 [pool-47-thread-1] INFO  server.RaftServerConfigKeys (ConfUtils.java:logGet(43)) - raft.server.log.appender.buffer.byte-limit = 33554432 (custom)
2019-09-25 12:38:36,701 [pool-47-thread-1] INFO  server.RaftServerConfigKeys (ConfUtils.java:logGet(43)) - raft.server.log.segment.size.max = 1048576 (custom)
2019-09-25 12:38:36,701 [pool-47-thread-1] INFO  server.RaftServerConfigKeys (ConfUtils.java:logGet(43)) - raft.server.log.segment.cache.num.max = 2 (custom)
2019-09-25 12:38:36,701 [pool-47-thread-1] INFO  segmented.SegmentedRaftLogWorker (SegmentedRaftLogWorker.java:<init>(172)) - new 0901ed62-149d-4b86-b900-0d06f71bfbdd@group-77A388E29220-SegmentedRaftLogWorker for RaftStorage:Storage Directory /workdir/hadoop-ozone/integration-test/target/test-dir/MiniOzoneClusterImpl-8e40aa81-9222-408e-95f4-7134100ae31d/datanode-2/data/ratis/d3275ee3-b77b-49c4-90ab-77a388e29220
2019-09-25 12:38:36,701 [pool-47-thread-1] INFO  server.RaftServerConfigKeys (ConfUtils.java:logGet(43)) - raft.server.log.queue.byte-limit = 2147483647 (custom)
2019-09-25 12:38:36,701 [pool-47-thread-1] INFO  server.RaftServerConfigKeys (ConfUtils.java:logGet(43)) - raft.server.log.queue.element-limit = 1024 (custom)
2019-09-25 12:38:36,702 [pool-47-thread-1] INFO  server.RaftServerConfigKeys (ConfUtils.java:logGet(43)) - raft.server.log.segment.size.max = 1048576 (custom)
2019-09-25 12:38:36,702 [pool-47-thread-1] INFO  server.RaftServerConfigKeys (ConfUtils.java:logGet(43)) - raft.server.log.preallocated.size = 16384 (custom)
2019-09-25 12:38:36,702 [pool-47-thread-1] INFO  server.RaftServerConfigKeys (ConfUtils.java:logGet(43)) - raft.server.log.write.buffer.size = 33554432 (custom)
2019-09-25 12:38:36,702 [pool-47-thread-1] INFO  server.RaftServerConfigKeys (ConfUtils.java:logGet(43)) - raft.server.log.force.sync.num = 128 (default)
2019-09-25 12:38:36,702 [pool-47-thread-1] INFO  server.RaftServerConfigKeys (ConfUtils.java:logGet(43)) - raft.server.log.statemachine.data.sync = true (default)
2019-09-25 12:38:36,702 [pool-47-thread-1] INFO  server.RaftServerConfigKeys (ConfUtils.java:logGet(43)) - raft.server.log.statemachine.data.sync.timeout = 10s (default)
2019-09-25 12:38:36,703 [pool-47-thread-1] INFO  server.RaftServerConfigKeys (ConfUtils.java:logGet(43)) - raft.server.log.statemachine.data.sync.timeout.retry = -1 (default)
2019-09-25 12:38:36,703 [pool-47-thread-1] INFO  server.RaftServerConfigKeys (ConfUtils.java:logGet(43)) - raft.server.log.statemachine.data.caching.enabled = true (custom)
2019-09-25 12:38:36,703 [pool-47-thread-1] INFO  segmented.SegmentedRaftLogWorker (SegmentedRaftLogWorker.java:lambda$new$0(132)) - 0901ed62-149d-4b86-b900-0d06f71bfbdd@group-77A388E29220-SegmentedRaftLogWorker: flushIndex: setUnconditionally 0 -> -1
2019-09-25 12:38:36,704 [pool-47-thread-1] INFO  server.RaftServerConfigKeys (ConfUtils.java:logGet(43)) - raft.server.snapshot.auto.trigger.enabled = true (custom)
2019-09-25 12:38:36,704 [pool-47-thread-1] INFO  server.RaftServerConfigKeys (ConfUtils.java:logGet(43)) - raft.server.snapshot.auto.trigger.threshold = 10000 (custom)
2019-09-25 12:38:36,705 [pool-47-thread-1] INFO  server.RaftServerConfigKeys (ConfUtils.java:logGet(43)) - raft.server.snapshot.retention.num.files = 5 (custom)
2019-09-25 12:38:36,705 [pool-47-thread-1] INFO  server.RaftServerConfigKeys (ConfUtils.java:logGet(43)) - raft.server.retrycache.expirytime = 600000ms (custom)
2019-09-25 12:38:36,710 [pool-47-thread-1] INFO  impl.RaftServerImpl (RaftServerImpl.java:start(185)) - 0901ed62-149d-4b86-b900-0d06f71bfbdd@group-77A388E29220: start as a follower, conf=-1: [0901ed62-149d-4b86-b900-0d06f71bfbdd:192.168.151.73:41891], old=null
2019-09-25 12:38:36,710 [pool-47-thread-1] INFO  impl.RaftServerImpl (RaftServerImpl.java:setRole(174)) - 0901ed62-149d-4b86-b900-0d06f71bfbdd@group-77A388E29220: changes role from      null to FOLLOWER at term 0 for startAsFollower
2019-09-25 12:38:36,710 [pool-47-thread-1] INFO  impl.RoleInfo (RoleInfo.java:updateAndGet(143)) - 0901ed62-149d-4b86-b900-0d06f71bfbdd: start FollowerState
2019-09-25 12:38:36,711 [pool-47-thread-1] INFO  util.JmxRegister (JmxRegister.java:tryRegister(44)) - Successfully registered JMX Bean with object name Ratis:service=RaftServer,group=group-77A388E29220,id=0901ed62-149d-4b86-b900-0d06f71bfbdd
2019-09-25 12:38:36,721 [RatisPipelineUtilsThread] INFO  pipeline.PipelineStateManager (PipelineStateManager.java:addPipeline(56)) - Created pipeline Pipeline[ Id: d3275ee3-b77b-49c4-90ab-77a388e29220, Nodes: 0901ed62-149d-4b86-b900-0d06f71bfbdd{ip: 192.168.151.73, host: pr-hdds-1569-shd4m-3693607622, networkLocation: /default-rack, certSerialId: null}, Type:RATIS, Factor:ONE, State:OPEN]
2019-09-25 12:38:36,736 [grpc-default-executor-0] INFO  impl.RaftServerProxy (RaftServerProxy.java:addNew(89)) - 92722d09-e207-4d66-9e26-9e7903376c45: addNew group-449C0C576BF9:[92722d09-e207-4d66-9e26-9e7903376c45:192.168.151.73:44862] returns group-449C0C576BF9:java.util.concurrent.CompletableFuture@2b69f119[Not completed]
2019-09-25 12:38:36,739 [pool-27-thread-1] INFO  impl.RaftServerImpl (RaftServerImpl.java:<init>(95)) - 92722d09-e207-4d66-9e26-9e7903376c45: new RaftServerImpl for group-449C0C576BF9:[92722d09-e207-4d66-9e26-9e7903376c45:192.168.151.73:44862] with ContainerStateMachine:uninitialized
2019-09-25 12:38:36,739 [pool-27-thread-1] INFO  server.RaftServerConfigKeys (ConfUtils.java:logGet(43)) - raft.server.rpc.timeout.min = 5s (custom)
2019-09-25 12:38:36,739 [pool-27-thread-1] INFO  server.RaftServerConfigKeys (ConfUtils.java:logGet(43)) - raft.server.rpc.timeout.max = 5200ms (custom)
2019-09-25 12:38:36,739 [pool-27-thread-1] INFO  server.RaftServerConfigKeys (ConfUtils.java:logGet(43)) - raft.server.rpcslowness.timeout = 120s (custom)
2019-09-25 12:38:36,739 [pool-27-thread-1] INFO  server.RaftServerConfigKeys (ConfUtils.java:logGet(43)) - raft.server.sleep.deviation.threshold = 300 (default)
2019-09-25 12:38:36,739 [pool-27-thread-1] INFO  server.RaftServerConfigKeys (ConfUtils.java:logGet(43)) - raft.server.log.appender.install.snapshot.enabled = false (custom)
2019-09-25 12:38:36,740 [pool-27-thread-1] INFO  impl.RaftServerImpl (ServerState.java:<init>(103)) - 92722d09-e207-4d66-9e26-9e7903376c45@group-449C0C576BF9: ConfigurationManager, init=-1: [92722d09-e207-4d66-9e26-9e7903376c45:192.168.151.73:44862], old=null, confs=<EMPTY_MAP>
2019-09-25 12:38:36,740 [pool-27-thread-1] INFO  server.RaftServerConfigKeys (ConfUtils.java:logGet(43)) - raft.server.storage.dir = [/workdir/hadoop-ozone/integration-test/target/test-dir/MiniOzoneClusterImpl-8e40aa81-9222-408e-95f4-7134100ae31d/datanode-0/data/ratis] (custom)
2019-09-25 12:38:36,740 [pool-27-thread-1] INFO  storage.RaftStorageDirectory (RaftStorageDirectory.java:analyzeStorage(246)) - The storage directory /workdir/hadoop-ozone/integration-test/target/test-dir/MiniOzoneClusterImpl-8e40aa81-9222-408e-95f4-7134100ae31d/datanode-0/data/ratis/da52c3b3-8c97-4139-a886-449c0c576bf9 does not exist. Creating ...
2019-09-25 12:38:36,753 [pool-27-thread-1] INFO  storage.RaftStorageDirectory (RaftStorageDirectory.java:tryLock(328)) - Lock on /workdir/hadoop-ozone/integration-test/target/test-dir/MiniOzoneClusterImpl-8e40aa81-9222-408e-95f4-7134100ae31d/datanode-0/data/ratis/da52c3b3-8c97-4139-a886-449c0c576bf9/in_use.lock acquired by nodename 9642@pr-hdds-1569-shd4m-3693607622
2019-09-25 12:38:36,775 [pool-27-thread-1] INFO  storage.RaftStorage (RaftStorage.java:format(72)) - Storage directory /workdir/hadoop-ozone/integration-test/target/test-dir/MiniOzoneClusterImpl-8e40aa81-9222-408e-95f4-7134100ae31d/datanode-0/data/ratis/da52c3b3-8c97-4139-a886-449c0c576bf9 has been successfully formatted.
2019-09-25 12:38:36,775 [pool-27-thread-1] INFO  ratis.ContainerStateMachine (ContainerStateMachine.java:loadSnapshot(230)) - group-449C0C576BF9: The snapshot info is null. Setting the last applied indexto:(t:0, i:~)
2019-09-25 12:38:36,775 [pool-27-thread-1] INFO  server.RaftServerConfigKeys (ConfUtils.java:logGet(43)) - raft.server.notification.no-leader.timeout = 120s (custom)
2019-09-25 12:38:36,776 [pool-27-thread-1] INFO  server.RaftServerConfigKeys (ConfUtils.java:logGet(43)) - raft.server.log.use.memory = false (default)
2019-09-25 12:38:36,776 [pool-27-thread-1] INFO  server.RaftServerConfigKeys (ConfUtils.java:logGet(43)) - raft.server.log.purge.gap = 1000000 (custom)
2019-09-25 12:38:36,776 [pool-27-thread-1] INFO  server.RaftServerConfigKeys (ConfUtils.java:logGet(43)) - raft.server.log.appender.buffer.byte-limit = 33554432 (custom)
2019-09-25 12:38:36,776 [pool-27-thread-1] INFO  server.RaftServerConfigKeys (ConfUtils.java:logGet(43)) - raft.server.log.segment.size.max = 1048576 (custom)
2019-09-25 12:38:36,776 [pool-27-thread-1] INFO  server.RaftServerConfigKeys (ConfUtils.java:logGet(43)) - raft.server.log.segment.cache.num.max = 2 (custom)
2019-09-25 12:38:36,776 [pool-27-thread-1] INFO  segmented.SegmentedRaftLogWorker (SegmentedRaftLogWorker.java:<init>(172)) - new 92722d09-e207-4d66-9e26-9e7903376c45@group-449C0C576BF9-SegmentedRaftLogWorker for RaftStorage:Storage Directory /workdir/hadoop-ozone/integration-test/target/test-dir/MiniOzoneClusterImpl-8e40aa81-9222-408e-95f4-7134100ae31d/datanode-0/data/ratis/da52c3b3-8c97-4139-a886-449c0c576bf9
2019-09-25 12:38:36,776 [pool-27-thread-1] INFO  server.RaftServerConfigKeys (ConfUtils.java:logGet(43)) - raft.server.log.queue.byte-limit = 2147483647 (custom)
2019-09-25 12:38:36,777 [pool-27-thread-1] INFO  server.RaftServerConfigKeys (ConfUtils.java:logGet(43)) - raft.server.log.queue.element-limit = 1024 (custom)
2019-09-25 12:38:36,777 [pool-27-thread-1] INFO  server.RaftServerConfigKeys (ConfUtils.java:logGet(43)) - raft.server.log.segment.size.max = 1048576 (custom)
2019-09-25 12:38:36,777 [pool-27-thread-1] INFO  server.RaftServerConfigKeys (ConfUtils.java:logGet(43)) - raft.server.log.preallocated.size = 16384 (custom)
2019-09-25 12:38:36,777 [pool-27-thread-1] INFO  server.RaftServerConfigKeys (ConfUtils.java:logGet(43)) - raft.server.log.write.buffer.size = 33554432 (custom)
2019-09-25 12:38:36,777 [pool-27-thread-1] INFO  server.RaftServerConfigKeys (ConfUtils.java:logGet(43)) - raft.server.log.force.sync.num = 128 (default)
2019-09-25 12:38:36,777 [pool-27-thread-1] INFO  server.RaftServerConfigKeys (ConfUtils.java:logGet(43)) - raft.server.log.statemachine.data.sync = true (default)
2019-09-25 12:38:36,778 [pool-27-thread-1] INFO  server.RaftServerConfigKeys (ConfUtils.java:logGet(43)) - raft.server.log.statemachine.data.sync.timeout = 10s (default)
2019-09-25 12:38:36,778 [pool-27-thread-1] INFO  server.RaftServerConfigKeys (ConfUtils.java:logGet(43)) - raft.server.log.statemachine.data.sync.timeout.retry = -1 (default)
2019-09-25 12:38:36,778 [pool-27-thread-1] INFO  server.RaftServerConfigKeys (ConfUtils.java:logGet(43)) - raft.server.log.statemachine.data.caching.enabled = true (custom)
2019-09-25 12:38:36,778 [pool-27-thread-1] INFO  segmented.SegmentedRaftLogWorker (SegmentedRaftLogWorker.java:lambda$new$0(132)) - 92722d09-e207-4d66-9e26-9e7903376c45@group-449C0C576BF9-SegmentedRaftLogWorker: flushIndex: setUnconditionally 0 -> -1
2019-09-25 12:38:36,779 [pool-27-thread-1] INFO  server.RaftServerConfigKeys (ConfUtils.java:logGet(43)) - raft.server.snapshot.auto.trigger.enabled = true (custom)
2019-09-25 12:38:36,779 [pool-27-thread-1] INFO  server.RaftServerConfigKeys (ConfUtils.java:logGet(43)) - raft.server.snapshot.auto.trigger.threshold = 10000 (custom)
2019-09-25 12:38:36,779 [pool-27-thread-1] INFO  server.RaftServerConfigKeys (ConfUtils.java:logGet(43)) - raft.server.snapshot.retention.num.files = 5 (custom)
2019-09-25 12:38:36,779 [pool-27-thread-1] INFO  server.RaftServerConfigKeys (ConfUtils.java:logGet(43)) - raft.server.retrycache.expirytime = 600000ms (custom)
2019-09-25 12:38:36,783 [pool-27-thread-1] INFO  impl.RaftServerImpl (RaftServerImpl.java:start(185)) - 92722d09-e207-4d66-9e26-9e7903376c45@group-449C0C576BF9: start as a follower, conf=-1: [92722d09-e207-4d66-9e26-9e7903376c45:192.168.151.73:44862], old=null
2019-09-25 12:38:36,783 [pool-27-thread-1] INFO  impl.RaftServerImpl (RaftServerImpl.java:setRole(174)) - 92722d09-e207-4d66-9e26-9e7903376c45@group-449C0C576BF9: changes role from      null to FOLLOWER at term 0 for startAsFollower
2019-09-25 12:38:36,784 [pool-27-thread-1] INFO  impl.RoleInfo (RoleInfo.java:updateAndGet(143)) - 92722d09-e207-4d66-9e26-9e7903376c45: start FollowerState
2019-09-25 12:38:36,784 [pool-27-thread-1] INFO  util.JmxRegister (JmxRegister.java:tryRegister(44)) - Successfully registered JMX Bean with object name Ratis:service=RaftServer,group=group-449C0C576BF9,id=92722d09-e207-4d66-9e26-9e7903376c45
2019-09-25 12:38:36,793 [RatisPipelineUtilsThread] INFO  pipeline.PipelineStateManager (PipelineStateManager.java:addPipeline(56)) - Created pipeline Pipeline[ Id: da52c3b3-8c97-4139-a886-449c0c576bf9, Nodes: 92722d09-e207-4d66-9e26-9e7903376c45{ip: 192.168.151.73, host: pr-hdds-1569-shd4m-3693607622, networkLocation: /default-rack, certSerialId: null}, Type:RATIS, Factor:ONE, State:OPEN]
2019-09-25 12:38:36,804 [grpc-default-executor-0] INFO  impl.RaftServerProxy (RaftServerProxy.java:addNew(89)) - 9d3a6fcb-b37a-4cb6-a53d-6566d174e0ab: addNew group-BF280F7E6717:[9d3a6fcb-b37a-4cb6-a53d-6566d174e0ab:192.168.151.73:39459] returns group-BF280F7E6717:java.util.concurrent.CompletableFuture@3f6ef554[Not completed]
2019-09-25 12:38:36,807 [pool-37-thread-1] INFO  impl.RaftServerImpl (RaftServerImpl.java:<init>(95)) - 9d3a6fcb-b37a-4cb6-a53d-6566d174e0ab: new RaftServerImpl for group-BF280F7E6717:[9d3a6fcb-b37a-4cb6-a53d-6566d174e0ab:192.168.151.73:39459] with ContainerStateMachine:uninitialized
2019-09-25 12:38:36,807 [pool-37-thread-1] INFO  server.RaftServerConfigKeys (ConfUtils.java:logGet(43)) - raft.server.rpc.timeout.min = 5s (custom)
2019-09-25 12:38:36,808 [pool-37-thread-1] INFO  server.RaftServerConfigKeys (ConfUtils.java:logGet(43)) - raft.server.rpc.timeout.max = 5200ms (custom)
2019-09-25 12:38:36,808 [pool-37-thread-1] INFO  server.RaftServerConfigKeys (ConfUtils.java:logGet(43)) - raft.server.rpcslowness.timeout = 120s (custom)
2019-09-25 12:38:36,808 [pool-37-thread-1] INFO  server.RaftServerConfigKeys (ConfUtils.java:logGet(43)) - raft.server.sleep.deviation.threshold = 300 (default)
2019-09-25 12:38:36,808 [pool-37-thread-1] INFO  server.RaftServerConfigKeys (ConfUtils.java:logGet(43)) - raft.server.log.appender.install.snapshot.enabled = false (custom)
2019-09-25 12:38:36,808 [pool-37-thread-1] INFO  impl.RaftServerImpl (ServerState.java:<init>(103)) - 9d3a6fcb-b37a-4cb6-a53d-6566d174e0ab@group-BF280F7E6717: ConfigurationManager, init=-1: [9d3a6fcb-b37a-4cb6-a53d-6566d174e0ab:192.168.151.73:39459], old=null, confs=<EMPTY_MAP>
2019-09-25 12:38:36,809 [pool-37-thread-1] INFO  server.RaftServerConfigKeys (ConfUtils.java:logGet(43)) - raft.server.storage.dir = [/workdir/hadoop-ozone/integration-test/target/test-dir/MiniOzoneClusterImpl-8e40aa81-9222-408e-95f4-7134100ae31d/datanode-1/data/ratis] (custom)
2019-09-25 12:38:36,809 [pool-37-thread-1] INFO  storage.RaftStorageDirectory (RaftStorageDirectory.java:analyzeStorage(246)) - The storage directory /workdir/hadoop-ozone/integration-test/target/test-dir/MiniOzoneClusterImpl-8e40aa81-9222-408e-95f4-7134100ae31d/datanode-1/data/ratis/9191b361-529f-42f6-83fb-bf280f7e6717 does not exist. Creating ...
2019-09-25 12:38:36,831 [pool-37-thread-1] INFO  storage.RaftStorageDirectory (RaftStorageDirectory.java:tryLock(328)) - Lock on /workdir/hadoop-ozone/integration-test/target/test-dir/MiniOzoneClusterImpl-8e40aa81-9222-408e-95f4-7134100ae31d/datanode-1/data/ratis/9191b361-529f-42f6-83fb-bf280f7e6717/in_use.lock acquired by nodename 9642@pr-hdds-1569-shd4m-3693607622
2019-09-25 12:38:36,843 [pool-37-thread-1] INFO  storage.RaftStorage (RaftStorage.java:format(72)) - Storage directory /workdir/hadoop-ozone/integration-test/target/test-dir/MiniOzoneClusterImpl-8e40aa81-9222-408e-95f4-7134100ae31d/datanode-1/data/ratis/9191b361-529f-42f6-83fb-bf280f7e6717 has been successfully formatted.
2019-09-25 12:38:36,844 [pool-37-thread-1] INFO  ratis.ContainerStateMachine (ContainerStateMachine.java:loadSnapshot(230)) - group-BF280F7E6717: The snapshot info is null. Setting the last applied indexto:(t:0, i:~)
2019-09-25 12:38:36,844 [pool-37-thread-1] INFO  server.RaftServerConfigKeys (ConfUtils.java:logGet(43)) - raft.server.notification.no-leader.timeout = 120s (custom)
2019-09-25 12:38:36,844 [pool-37-thread-1] INFO  server.RaftServerConfigKeys (ConfUtils.java:logGet(43)) - raft.server.log.use.memory = false (default)
2019-09-25 12:38:36,844 [pool-37-thread-1] INFO  server.RaftServerConfigKeys (ConfUtils.java:logGet(43)) - raft.server.log.purge.gap = 1000000 (custom)
2019-09-25 12:38:36,844 [pool-37-thread-1] INFO  server.RaftServerConfigKeys (ConfUtils.java:logGet(43)) - raft.server.log.appender.buffer.byte-limit = 33554432 (custom)
2019-09-25 12:38:36,845 [pool-37-thread-1] INFO  server.RaftServerConfigKeys (ConfUtils.java:logGet(43)) - raft.server.log.segment.size.max = 1048576 (custom)
2019-09-25 12:38:36,845 [pool-37-thread-1] INFO  server.RaftServerConfigKeys (ConfUtils.java:logGet(43)) - raft.server.log.segment.cache.num.max = 2 (custom)
2019-09-25 12:38:36,845 [pool-37-thread-1] INFO  segmented.SegmentedRaftLogWorker (SegmentedRaftLogWorker.java:<init>(172)) - new 9d3a6fcb-b37a-4cb6-a53d-6566d174e0ab@group-BF280F7E6717-SegmentedRaftLogWorker for RaftStorage:Storage Directory /workdir/hadoop-ozone/integration-test/target/test-dir/MiniOzoneClusterImpl-8e40aa81-9222-408e-95f4-7134100ae31d/datanode-1/data/ratis/9191b361-529f-42f6-83fb-bf280f7e6717
2019-09-25 12:38:36,845 [pool-37-thread-1] INFO  server.RaftServerConfigKeys (ConfUtils.java:logGet(43)) - raft.server.log.queue.byte-limit = 2147483647 (custom)
2019-09-25 12:38:36,845 [pool-37-thread-1] INFO  server.RaftServerConfigKeys (ConfUtils.java:logGet(43)) - raft.server.log.queue.element-limit = 1024 (custom)
2019-09-25 12:38:36,845 [pool-37-thread-1] INFO  server.RaftServerConfigKeys (ConfUtils.java:logGet(43)) - raft.server.log.segment.size.max = 1048576 (custom)
2019-09-25 12:38:36,845 [pool-37-thread-1] INFO  server.RaftServerConfigKeys (ConfUtils.java:logGet(43)) - raft.server.log.preallocated.size = 16384 (custom)
2019-09-25 12:38:36,846 [pool-37-thread-1] INFO  server.RaftServerConfigKeys (ConfUtils.java:logGet(43)) - raft.server.log.write.buffer.size = 33554432 (custom)
2019-09-25 12:38:36,846 [pool-37-thread-1] INFO  server.RaftServerConfigKeys (ConfUtils.java:logGet(43)) - raft.server.log.force.sync.num = 128 (default)
2019-09-25 12:38:36,846 [pool-37-thread-1] INFO  server.RaftServerConfigKeys (ConfUtils.java:logGet(43)) - raft.server.log.statemachine.data.sync = true (default)
2019-09-25 12:38:36,846 [pool-37-thread-1] INFO  server.RaftServerConfigKeys (ConfUtils.java:logGet(43)) - raft.server.log.statemachine.data.sync.timeout = 10s (default)
2019-09-25 12:38:36,846 [pool-37-thread-1] INFO  server.RaftServerConfigKeys (ConfUtils.java:logGet(43)) - raft.server.log.statemachine.data.sync.timeout.retry = -1 (default)
2019-09-25 12:38:36,846 [pool-37-thread-1] INFO  server.RaftServerConfigKeys (ConfUtils.java:logGet(43)) - raft.server.log.statemachine.data.caching.enabled = true (custom)
2019-09-25 12:38:36,847 [pool-37-thread-1] INFO  segmented.SegmentedRaftLogWorker (SegmentedRaftLogWorker.java:lambda$new$0(132)) - 9d3a6fcb-b37a-4cb6-a53d-6566d174e0ab@group-BF280F7E6717-SegmentedRaftLogWorker: flushIndex: setUnconditionally 0 -> -1
2019-09-25 12:38:36,847 [pool-37-thread-1] INFO  server.RaftServerConfigKeys (ConfUtils.java:logGet(43)) - raft.server.snapshot.auto.trigger.enabled = true (custom)
2019-09-25 12:38:36,847 [pool-37-thread-1] INFO  server.RaftServerConfigKeys (ConfUtils.java:logGet(43)) - raft.server.snapshot.auto.trigger.threshold = 10000 (custom)
2019-09-25 12:38:36,847 [pool-37-thread-1] INFO  server.RaftServerConfigKeys (ConfUtils.java:logGet(43)) - raft.server.snapshot.retention.num.files = 5 (custom)
2019-09-25 12:38:36,847 [pool-37-thread-1] INFO  server.RaftServerConfigKeys (ConfUtils.java:logGet(43)) - raft.server.retrycache.expirytime = 600000ms (custom)
2019-09-25 12:38:36,850 [pool-37-thread-1] INFO  impl.RaftServerImpl (RaftServerImpl.java:start(185)) - 9d3a6fcb-b37a-4cb6-a53d-6566d174e0ab@group-BF280F7E6717: start as a follower, conf=-1: [9d3a6fcb-b37a-4cb6-a53d-6566d174e0ab:192.168.151.73:39459], old=null
2019-09-25 12:38:36,850 [pool-37-thread-1] INFO  impl.RaftServerImpl (RaftServerImpl.java:setRole(174)) - 9d3a6fcb-b37a-4cb6-a53d-6566d174e0ab@group-BF280F7E6717: changes role from      null to FOLLOWER at term 0 for startAsFollower
2019-09-25 12:38:36,851 [pool-37-thread-1] INFO  impl.RoleInfo (RoleInfo.java:updateAndGet(143)) - 9d3a6fcb-b37a-4cb6-a53d-6566d174e0ab: start FollowerState
2019-09-25 12:38:36,851 [pool-37-thread-1] INFO  util.JmxRegister (JmxRegister.java:tryRegister(44)) - Successfully registered JMX Bean with object name Ratis:service=RaftServer,group=group-BF280F7E6717,id=9d3a6fcb-b37a-4cb6-a53d-6566d174e0ab
2019-09-25 12:38:36,860 [RatisPipelineUtilsThread] INFO  pipeline.PipelineStateManager (PipelineStateManager.java:addPipeline(56)) - Created pipeline Pipeline[ Id: 9191b361-529f-42f6-83fb-bf280f7e6717, Nodes: 9d3a6fcb-b37a-4cb6-a53d-6566d174e0ab{ip: 192.168.151.73, host: pr-hdds-1569-shd4m-3693607622, networkLocation: /default-rack, certSerialId: null}, Type:RATIS, Factor:ONE, State:OPEN]
2019-09-25 12:38:36,860 [RatisPipelineUtilsThread] INFO  pipeline.PipelinePlacementPolicy (PipelinePlacementPolicy.java:meetCriteria(91)) - Pipeline Placement: can't place more pipeline on heavy datanode： 9d3a6fcb-b37a-4cb6-a53d-6566d174e0ab Heaviness: 6 limit: 5
2019-09-25 12:38:36,872 [grpc-default-executor-0] INFO  impl.RaftServerProxy (RaftServerProxy.java:addNew(89)) - 92722d09-e207-4d66-9e26-9e7903376c45: addNew group-5EEC8E1671A8:[92722d09-e207-4d66-9e26-9e7903376c45:192.168.151.73:44862] returns group-5EEC8E1671A8:java.util.concurrent.CompletableFuture@3917a537[Not completed]
2019-09-25 12:38:36,874 [pool-27-thread-1] INFO  impl.RaftServerImpl (RaftServerImpl.java:<init>(95)) - 92722d09-e207-4d66-9e26-9e7903376c45: new RaftServerImpl for group-5EEC8E1671A8:[92722d09-e207-4d66-9e26-9e7903376c45:192.168.151.73:44862] with ContainerStateMachine:uninitialized
2019-09-25 12:38:36,875 [pool-27-thread-1] INFO  server.RaftServerConfigKeys (ConfUtils.java:logGet(43)) - raft.server.rpc.timeout.min = 5s (custom)
2019-09-25 12:38:36,875 [pool-27-thread-1] INFO  server.RaftServerConfigKeys (ConfUtils.java:logGet(43)) - raft.server.rpc.timeout.max = 5200ms (custom)
2019-09-25 12:38:36,875 [pool-27-thread-1] INFO  server.RaftServerConfigKeys (ConfUtils.java:logGet(43)) - raft.server.rpcslowness.timeout = 120s (custom)
2019-09-25 12:38:36,875 [pool-27-thread-1] INFO  server.RaftServerConfigKeys (ConfUtils.java:logGet(43)) - raft.server.sleep.deviation.threshold = 300 (default)
2019-09-25 12:38:36,875 [pool-27-thread-1] INFO  server.RaftServerConfigKeys (ConfUtils.java:logGet(43)) - raft.server.log.appender.install.snapshot.enabled = false (custom)
2019-09-25 12:38:36,876 [pool-27-thread-1] INFO  impl.RaftServerImpl (ServerState.java:<init>(103)) - 92722d09-e207-4d66-9e26-9e7903376c45@group-5EEC8E1671A8: ConfigurationManager, init=-1: [92722d09-e207-4d66-9e26-9e7903376c45:192.168.151.73:44862], old=null, confs=<EMPTY_MAP>
2019-09-25 12:38:36,876 [pool-27-thread-1] INFO  server.RaftServerConfigKeys (ConfUtils.java:logGet(43)) - raft.server.storage.dir = [/workdir/hadoop-ozone/integration-test/target/test-dir/MiniOzoneClusterImpl-8e40aa81-9222-408e-95f4-7134100ae31d/datanode-0/data/ratis] (custom)
2019-09-25 12:38:36,876 [pool-27-thread-1] INFO  storage.RaftStorageDirectory (RaftStorageDirectory.java:analyzeStorage(246)) - The storage directory /workdir/hadoop-ozone/integration-test/target/test-dir/MiniOzoneClusterImpl-8e40aa81-9222-408e-95f4-7134100ae31d/datanode-0/data/ratis/37381948-440d-46e6-9784-5eec8e1671a8 does not exist. Creating ...
2019-09-25 12:38:36,897 [pool-27-thread-1] INFO  storage.RaftStorageDirectory (RaftStorageDirectory.java:tryLock(328)) - Lock on /workdir/hadoop-ozone/integration-test/target/test-dir/MiniOzoneClusterImpl-8e40aa81-9222-408e-95f4-7134100ae31d/datanode-0/data/ratis/37381948-440d-46e6-9784-5eec8e1671a8/in_use.lock acquired by nodename 9642@pr-hdds-1569-shd4m-3693607622
2019-09-25 12:38:36,910 [pool-27-thread-1] INFO  storage.RaftStorage (RaftStorage.java:format(72)) - Storage directory /workdir/hadoop-ozone/integration-test/target/test-dir/MiniOzoneClusterImpl-8e40aa81-9222-408e-95f4-7134100ae31d/datanode-0/data/ratis/37381948-440d-46e6-9784-5eec8e1671a8 has been successfully formatted.
2019-09-25 12:38:36,911 [pool-27-thread-1] INFO  ratis.ContainerStateMachine (ContainerStateMachine.java:loadSnapshot(230)) - group-5EEC8E1671A8: The snapshot info is null. Setting the last applied indexto:(t:0, i:~)
2019-09-25 12:38:36,911 [pool-27-thread-1] INFO  server.RaftServerConfigKeys (ConfUtils.java:logGet(43)) - raft.server.notification.no-leader.timeout = 120s (custom)
2019-09-25 12:38:36,911 [pool-27-thread-1] INFO  server.RaftServerConfigKeys (ConfUtils.java:logGet(43)) - raft.server.log.use.memory = false (default)
2019-09-25 12:38:36,911 [pool-27-thread-1] INFO  server.RaftServerConfigKeys (ConfUtils.java:logGet(43)) - raft.server.log.purge.gap = 1000000 (custom)
2019-09-25 12:38:36,911 [pool-27-thread-1] INFO  server.RaftServerConfigKeys (ConfUtils.java:logGet(43)) - raft.server.log.appender.buffer.byte-limit = 33554432 (custom)
2019-09-25 12:38:36,912 [pool-27-thread-1] INFO  server.RaftServerConfigKeys (ConfUtils.java:logGet(43)) - raft.server.log.segment.size.max = 1048576 (custom)
2019-09-25 12:38:36,912 [pool-27-thread-1] INFO  server.RaftServerConfigKeys (ConfUtils.java:logGet(43)) - raft.server.log.segment.cache.num.max = 2 (custom)
2019-09-25 12:38:36,912 [pool-27-thread-1] INFO  segmented.SegmentedRaftLogWorker (SegmentedRaftLogWorker.java:<init>(172)) - new 92722d09-e207-4d66-9e26-9e7903376c45@group-5EEC8E1671A8-SegmentedRaftLogWorker for RaftStorage:Storage Directory /workdir/hadoop-ozone/integration-test/target/test-dir/MiniOzoneClusterImpl-8e40aa81-9222-408e-95f4-7134100ae31d/datanode-0/data/ratis/37381948-440d-46e6-9784-5eec8e1671a8
2019-09-25 12:38:36,912 [pool-27-thread-1] INFO  server.RaftServerConfigKeys (ConfUtils.java:logGet(43)) - raft.server.log.queue.byte-limit = 2147483647 (custom)
2019-09-25 12:38:36,913 [pool-27-thread-1] INFO  server.RaftServerConfigKeys (ConfUtils.java:logGet(43)) - raft.server.log.queue.element-limit = 1024 (custom)
2019-09-25 12:38:36,913 [pool-27-thread-1] INFO  server.RaftServerConfigKeys (ConfUtils.java:logGet(43)) - raft.server.log.segment.size.max = 1048576 (custom)
2019-09-25 12:38:36,913 [pool-27-thread-1] INFO  server.RaftServerConfigKeys (ConfUtils.java:logGet(43)) - raft.server.log.preallocated.size = 16384 (custom)
2019-09-25 12:38:36,913 [pool-27-thread-1] INFO  server.RaftServerConfigKeys (ConfUtils.java:logGet(43)) - raft.server.log.write.buffer.size = 33554432 (custom)
2019-09-25 12:38:36,913 [pool-27-thread-1] INFO  server.RaftServerConfigKeys (ConfUtils.java:logGet(43)) - raft.server.log.force.sync.num = 128 (default)
2019-09-25 12:38:36,914 [pool-27-thread-1] INFO  server.RaftServerConfigKeys (ConfUtils.java:logGet(43)) - raft.server.log.statemachine.data.sync = true (default)
2019-09-25 12:38:36,914 [pool-27-thread-1] INFO  server.RaftServerConfigKeys (ConfUtils.java:logGet(43)) - raft.server.log.statemachine.data.sync.timeout = 10s (default)
2019-09-25 12:38:36,914 [pool-27-thread-1] INFO  server.RaftServerConfigKeys (ConfUtils.java:logGet(43)) - raft.server.log.statemachine.data.sync.timeout.retry = -1 (default)
2019-09-25 12:38:36,914 [pool-27-thread-1] INFO  server.RaftServerConfigKeys (ConfUtils.java:logGet(43)) - raft.server.log.statemachine.data.caching.enabled = true (custom)
2019-09-25 12:38:36,915 [pool-27-thread-1] INFO  segmented.SegmentedRaftLogWorker (SegmentedRaftLogWorker.java:lambda$new$0(132)) - 92722d09-e207-4d66-9e26-9e7903376c45@group-5EEC8E1671A8-SegmentedRaftLogWorker: flushIndex: setUnconditionally 0 -> -1
2019-09-25 12:38:36,915 [pool-27-thread-1] INFO  server.RaftServerConfigKeys (ConfUtils.java:logGet(43)) - raft.server.snapshot.auto.trigger.enabled = true (custom)
2019-09-25 12:38:36,915 [pool-27-thread-1] INFO  server.RaftServerConfigKeys (ConfUtils.java:logGet(43)) - raft.server.snapshot.auto.trigger.threshold = 10000 (custom)
2019-09-25 12:38:36,915 [pool-27-thread-1] INFO  server.RaftServerConfigKeys (ConfUtils.java:logGet(43)) - raft.server.snapshot.retention.num.files = 5 (custom)
2019-09-25 12:38:36,916 [pool-27-thread-1] INFO  server.RaftServerConfigKeys (ConfUtils.java:logGet(43)) - raft.server.retrycache.expirytime = 600000ms (custom)
2019-09-25 12:38:36,920 [pool-27-thread-1] INFO  impl.RaftServerImpl (RaftServerImpl.java:start(185)) - 92722d09-e207-4d66-9e26-9e7903376c45@group-5EEC8E1671A8: start as a follower, conf=-1: [92722d09-e207-4d66-9e26-9e7903376c45:192.168.151.73:44862], old=null
2019-09-25 12:38:36,920 [pool-27-thread-1] INFO  impl.RaftServerImpl (RaftServerImpl.java:setRole(174)) - 92722d09-e207-4d66-9e26-9e7903376c45@group-5EEC8E1671A8: changes role from      null to FOLLOWER at term 0 for startAsFollower
2019-09-25 12:38:36,920 [pool-27-thread-1] INFO  impl.RoleInfo (RoleInfo.java:updateAndGet(143)) - 92722d09-e207-4d66-9e26-9e7903376c45: start FollowerState
2019-09-25 12:38:36,921 [pool-27-thread-1] INFO  util.JmxRegister (JmxRegister.java:tryRegister(44)) - Successfully registered JMX Bean with object name Ratis:service=RaftServer,group=group-5EEC8E1671A8,id=92722d09-e207-4d66-9e26-9e7903376c45
2019-09-25 12:38:36,926 [RatisPipelineUtilsThread] INFO  pipeline.PipelineStateManager (PipelineStateManager.java:addPipeline(56)) - Created pipeline Pipeline[ Id: 37381948-440d-46e6-9784-5eec8e1671a8, Nodes: 92722d09-e207-4d66-9e26-9e7903376c45{ip: 192.168.151.73, host: pr-hdds-1569-shd4m-3693607622, networkLocation: /default-rack, certSerialId: null}, Type:RATIS, Factor:ONE, State:OPEN]
2019-09-25 12:38:36,926 [RatisPipelineUtilsThread] INFO  pipeline.PipelinePlacementPolicy (PipelinePlacementPolicy.java:meetCriteria(91)) - Pipeline Placement: can't place more pipeline on heavy datanode： 92722d09-e207-4d66-9e26-9e7903376c45 Heaviness: 6 limit: 5
2019-09-25 12:38:36,927 [RatisPipelineUtilsThread] INFO  pipeline.PipelinePlacementPolicy (PipelinePlacementPolicy.java:meetCriteria(91)) - Pipeline Placement: can't place more pipeline on heavy datanode： 9d3a6fcb-b37a-4cb6-a53d-6566d174e0ab Heaviness: 6 limit: 5
2019-09-25 12:38:36,941 [grpc-default-executor-0] INFO  impl.RaftServerProxy (RaftServerProxy.java:addNew(89)) - 0901ed62-149d-4b86-b900-0d06f71bfbdd: addNew group-369666C5E301:[0901ed62-149d-4b86-b900-0d06f71bfbdd:192.168.151.73:41891] returns group-369666C5E301:java.util.concurrent.CompletableFuture@2661ad0[Not completed]
2019-09-25 12:38:36,944 [pool-47-thread-1] INFO  impl.RaftServerImpl (RaftServerImpl.java:<init>(95)) - 0901ed62-149d-4b86-b900-0d06f71bfbdd: new RaftServerImpl for group-369666C5E301:[0901ed62-149d-4b86-b900-0d06f71bfbdd:192.168.151.73:41891] with ContainerStateMachine:uninitialized
2019-09-25 12:38:36,945 [pool-47-thread-1] INFO  server.RaftServerConfigKeys (ConfUtils.java:logGet(43)) - raft.server.rpc.timeout.min = 5s (custom)
2019-09-25 12:38:36,945 [pool-47-thread-1] INFO  server.RaftServerConfigKeys (ConfUtils.java:logGet(43)) - raft.server.rpc.timeout.max = 5200ms (custom)
2019-09-25 12:38:36,945 [pool-47-thread-1] INFO  server.RaftServerConfigKeys (ConfUtils.java:logGet(43)) - raft.server.rpcslowness.timeout = 120s (custom)
2019-09-25 12:38:36,945 [pool-47-thread-1] INFO  server.RaftServerConfigKeys (ConfUtils.java:logGet(43)) - raft.server.sleep.deviation.threshold = 300 (default)
2019-09-25 12:38:36,946 [pool-47-thread-1] INFO  server.RaftServerConfigKeys (ConfUtils.java:logGet(43)) - raft.server.log.appender.install.snapshot.enabled = false (custom)
2019-09-25 12:38:36,946 [pool-47-thread-1] INFO  impl.RaftServerImpl (ServerState.java:<init>(103)) - 0901ed62-149d-4b86-b900-0d06f71bfbdd@group-369666C5E301: ConfigurationManager, init=-1: [0901ed62-149d-4b86-b900-0d06f71bfbdd:192.168.151.73:41891], old=null, confs=<EMPTY_MAP>
2019-09-25 12:38:36,946 [pool-47-thread-1] INFO  server.RaftServerConfigKeys (ConfUtils.java:logGet(43)) - raft.server.storage.dir = [/workdir/hadoop-ozone/integration-test/target/test-dir/MiniOzoneClusterImpl-8e40aa81-9222-408e-95f4-7134100ae31d/datanode-2/data/ratis] (custom)
2019-09-25 12:38:36,947 [pool-47-thread-1] INFO  storage.RaftStorageDirectory (RaftStorageDirectory.java:analyzeStorage(246)) - The storage directory /workdir/hadoop-ozone/integration-test/target/test-dir/MiniOzoneClusterImpl-8e40aa81-9222-408e-95f4-7134100ae31d/datanode-2/data/ratis/e63e6bce-fc54-4a07-898e-369666c5e301 does not exist. Creating ...
2019-09-25 12:38:36,960 [pool-47-thread-1] INFO  storage.RaftStorageDirectory (RaftStorageDirectory.java:tryLock(328)) - Lock on /workdir/hadoop-ozone/integration-test/target/test-dir/MiniOzoneClusterImpl-8e40aa81-9222-408e-95f4-7134100ae31d/datanode-2/data/ratis/e63e6bce-fc54-4a07-898e-369666c5e301/in_use.lock acquired by nodename 9642@pr-hdds-1569-shd4m-3693607622
2019-09-25 12:38:36,972 [pool-47-thread-1] INFO  storage.RaftStorage (RaftStorage.java:format(72)) - Storage directory /workdir/hadoop-ozone/integration-test/target/test-dir/MiniOzoneClusterImpl-8e40aa81-9222-408e-95f4-7134100ae31d/datanode-2/data/ratis/e63e6bce-fc54-4a07-898e-369666c5e301 has been successfully formatted.
2019-09-25 12:38:36,973 [pool-47-thread-1] INFO  ratis.ContainerStateMachine (ContainerStateMachine.java:loadSnapshot(230)) - group-369666C5E301: The snapshot info is null. Setting the last applied indexto:(t:0, i:~)
2019-09-25 12:38:36,973 [pool-47-thread-1] INFO  server.RaftServerConfigKeys (ConfUtils.java:logGet(43)) - raft.server.notification.no-leader.timeout = 120s (custom)
2019-09-25 12:38:36,973 [pool-47-thread-1] INFO  server.RaftServerConfigKeys (ConfUtils.java:logGet(43)) - raft.server.log.use.memory = false (default)
2019-09-25 12:38:36,973 [pool-47-thread-1] INFO  server.RaftServerConfigKeys (ConfUtils.java:logGet(43)) - raft.server.log.purge.gap = 1000000 (custom)
2019-09-25 12:38:36,973 [pool-47-thread-1] INFO  server.RaftServerConfigKeys (ConfUtils.java:logGet(43)) - raft.server.log.appender.buffer.byte-limit = 33554432 (custom)
2019-09-25 12:38:36,974 [pool-47-thread-1] INFO  server.RaftServerConfigKeys (ConfUtils.java:logGet(43)) - raft.server.log.segment.size.max = 1048576 (custom)
2019-09-25 12:38:36,974 [pool-47-thread-1] INFO  server.RaftServerConfigKeys (ConfUtils.java:logGet(43)) - raft.server.log.segment.cache.num.max = 2 (custom)
2019-09-25 12:38:36,974 [pool-47-thread-1] INFO  segmented.SegmentedRaftLogWorker (SegmentedRaftLogWorker.java:<init>(172)) - new 0901ed62-149d-4b86-b900-0d06f71bfbdd@group-369666C5E301-SegmentedRaftLogWorker for RaftStorage:Storage Directory /workdir/hadoop-ozone/integration-test/target/test-dir/MiniOzoneClusterImpl-8e40aa81-9222-408e-95f4-7134100ae31d/datanode-2/data/ratis/e63e6bce-fc54-4a07-898e-369666c5e301
2019-09-25 12:38:36,974 [pool-47-thread-1] INFO  server.RaftServerConfigKeys (ConfUtils.java:logGet(43)) - raft.server.log.queue.byte-limit = 2147483647 (custom)
2019-09-25 12:38:36,974 [pool-47-thread-1] INFO  server.RaftServerConfigKeys (ConfUtils.java:logGet(43)) - raft.server.log.queue.element-limit = 1024 (custom)
2019-09-25 12:38:36,974 [pool-47-thread-1] INFO  server.RaftServerConfigKeys (ConfUtils.java:logGet(43)) - raft.server.log.segment.size.max = 1048576 (custom)
2019-09-25 12:38:36,975 [pool-47-thread-1] INFO  server.RaftServerConfigKeys (ConfUtils.java:logGet(43)) - raft.server.log.preallocated.size = 16384 (custom)
2019-09-25 12:38:36,975 [pool-47-thread-1] INFO  server.RaftServerConfigKeys (ConfUtils.java:logGet(43)) - raft.server.log.write.buffer.size = 33554432 (custom)
2019-09-25 12:38:36,975 [pool-47-thread-1] INFO  server.RaftServerConfigKeys (ConfUtils.java:logGet(43)) - raft.server.log.force.sync.num = 128 (default)
2019-09-25 12:38:36,975 [pool-47-thread-1] INFO  server.RaftServerConfigKeys (ConfUtils.java:logGet(43)) - raft.server.log.statemachine.data.sync = true (default)
2019-09-25 12:38:36,975 [pool-47-thread-1] INFO  server.RaftServerConfigKeys (ConfUtils.java:logGet(43)) - raft.server.log.statemachine.data.sync.timeout = 10s (default)
2019-09-25 12:38:36,975 [pool-47-thread-1] INFO  server.RaftServerConfigKeys (ConfUtils.java:logGet(43)) - raft.server.log.statemachine.data.sync.timeout.retry = -1 (default)
2019-09-25 12:38:36,975 [pool-47-thread-1] INFO  server.RaftServerConfigKeys (ConfUtils.java:logGet(43)) - raft.server.log.statemachine.data.caching.enabled = true (custom)
2019-09-25 12:38:36,976 [pool-47-thread-1] INFO  segmented.SegmentedRaftLogWorker (SegmentedRaftLogWorker.java:lambda$new$0(132)) - 0901ed62-149d-4b86-b900-0d06f71bfbdd@group-369666C5E301-SegmentedRaftLogWorker: flushIndex: setUnconditionally 0 -> -1
2019-09-25 12:38:36,976 [pool-47-thread-1] INFO  server.RaftServerConfigKeys (ConfUtils.java:logGet(43)) - raft.server.snapshot.auto.trigger.enabled = true (custom)
2019-09-25 12:38:36,976 [pool-47-thread-1] INFO  server.RaftServerConfigKeys (ConfUtils.java:logGet(43)) - raft.server.snapshot.auto.trigger.threshold = 10000 (custom)
2019-09-25 12:38:36,976 [pool-47-thread-1] INFO  server.RaftServerConfigKeys (ConfUtils.java:logGet(43)) - raft.server.snapshot.retention.num.files = 5 (custom)
2019-09-25 12:38:36,976 [pool-47-thread-1] INFO  server.RaftServerConfigKeys (ConfUtils.java:logGet(43)) - raft.server.retrycache.expirytime = 600000ms (custom)
2019-09-25 12:38:36,979 [pool-47-thread-1] INFO  impl.RaftServerImpl (RaftServerImpl.java:start(185)) - 0901ed62-149d-4b86-b900-0d06f71bfbdd@group-369666C5E301: start as a follower, conf=-1: [0901ed62-149d-4b86-b900-0d06f71bfbdd:192.168.151.73:41891], old=null
2019-09-25 12:38:36,979 [pool-47-thread-1] INFO  impl.RaftServerImpl (RaftServerImpl.java:setRole(174)) - 0901ed62-149d-4b86-b900-0d06f71bfbdd@group-369666C5E301: changes role from      null to FOLLOWER at term 0 for startAsFollower
2019-09-25 12:38:36,979 [pool-47-thread-1] INFO  impl.RoleInfo (RoleInfo.java:updateAndGet(143)) - 0901ed62-149d-4b86-b900-0d06f71bfbdd: start FollowerState
2019-09-25 12:38:36,979 [pool-47-thread-1] INFO  util.JmxRegister (JmxRegister.java:tryRegister(44)) - Successfully registered JMX Bean with object name Ratis:service=RaftServer,group=group-369666C5E301,id=0901ed62-149d-4b86-b900-0d06f71bfbdd
2019-09-25 12:38:36,984 [RatisPipelineUtilsThread] INFO  pipeline.PipelineStateManager (PipelineStateManager.java:addPipeline(56)) - Created pipeline Pipeline[ Id: e63e6bce-fc54-4a07-898e-369666c5e301, Nodes: 0901ed62-149d-4b86-b900-0d06f71bfbdd{ip: 192.168.151.73, host: pr-hdds-1569-shd4m-3693607622, networkLocation: /default-rack, certSerialId: null}, Type:RATIS, Factor:ONE, State:OPEN]
2019-09-25 12:38:36,985 [RatisPipelineUtilsThread] INFO  pipeline.PipelinePlacementPolicy (PipelinePlacementPolicy.java:meetCriteria(91)) - Pipeline Placement: can't place more pipeline on heavy datanode： 92722d09-e207-4d66-9e26-9e7903376c45 Heaviness: 6 limit: 5
2019-09-25 12:38:36,985 [RatisPipelineUtilsThread] INFO  pipeline.PipelinePlacementPolicy (PipelinePlacementPolicy.java:meetCriteria(91)) - Pipeline Placement: can't place more pipeline on heavy datanode： 9d3a6fcb-b37a-4cb6-a53d-6566d174e0ab Heaviness: 6 limit: 5
2019-09-25 12:38:37,000 [grpc-default-executor-0] INFO  impl.RaftServerProxy (RaftServerProxy.java:addNew(89)) - 0901ed62-149d-4b86-b900-0d06f71bfbdd: addNew group-F14B39E36794:[0901ed62-149d-4b86-b900-0d06f71bfbdd:192.168.151.73:41891] returns group-F14B39E36794:java.util.concurrent.CompletableFuture@2ecea631[Not completed]
2019-09-25 12:38:37,001 [pool-47-thread-1] INFO  impl.RaftServerImpl (RaftServerImpl.java:<init>(95)) - 0901ed62-149d-4b86-b900-0d06f71bfbdd: new RaftServerImpl for group-F14B39E36794:[0901ed62-149d-4b86-b900-0d06f71bfbdd:192.168.151.73:41891] with ContainerStateMachine:uninitialized
2019-09-25 12:38:37,001 [pool-47-thread-1] INFO  server.RaftServerConfigKeys (ConfUtils.java:logGet(43)) - raft.server.rpc.timeout.min = 5s (custom)
2019-09-25 12:38:37,001 [pool-47-thread-1] INFO  server.RaftServerConfigKeys (ConfUtils.java:logGet(43)) - raft.server.rpc.timeout.max = 5200ms (custom)
2019-09-25 12:38:37,001 [pool-47-thread-1] INFO  server.RaftServerConfigKeys (ConfUtils.java:logGet(43)) - raft.server.rpcslowness.timeout = 120s (custom)
2019-09-25 12:38:37,001 [pool-47-thread-1] INFO  server.RaftServerConfigKeys (ConfUtils.java:logGet(43)) - raft.server.sleep.deviation.threshold = 300 (default)
2019-09-25 12:38:37,001 [pool-47-thread-1] INFO  server.RaftServerConfigKeys (ConfUtils.java:logGet(43)) - raft.server.log.appender.install.snapshot.enabled = false (custom)
2019-09-25 12:38:37,002 [pool-47-thread-1] INFO  impl.RaftServerImpl (ServerState.java:<init>(103)) - 0901ed62-149d-4b86-b900-0d06f71bfbdd@group-F14B39E36794: ConfigurationManager, init=-1: [0901ed62-149d-4b86-b900-0d06f71bfbdd:192.168.151.73:41891], old=null, confs=<EMPTY_MAP>
2019-09-25 12:38:37,002 [pool-47-thread-1] INFO  server.RaftServerConfigKeys (ConfUtils.java:logGet(43)) - raft.server.storage.dir = [/workdir/hadoop-ozone/integration-test/target/test-dir/MiniOzoneClusterImpl-8e40aa81-9222-408e-95f4-7134100ae31d/datanode-2/data/ratis] (custom)
2019-09-25 12:38:37,002 [pool-47-thread-1] INFO  storage.RaftStorageDirectory (RaftStorageDirectory.java:analyzeStorage(246)) - The storage directory /workdir/hadoop-ozone/integration-test/target/test-dir/MiniOzoneClusterImpl-8e40aa81-9222-408e-95f4-7134100ae31d/datanode-2/data/ratis/a50d5a34-fe31-45e1-a89d-f14b39e36794 does not exist. Creating ...
2019-09-25 12:38:37,014 [pool-47-thread-1] INFO  storage.RaftStorageDirectory (RaftStorageDirectory.java:tryLock(328)) - Lock on /workdir/hadoop-ozone/integration-test/target/test-dir/MiniOzoneClusterImpl-8e40aa81-9222-408e-95f4-7134100ae31d/datanode-2/data/ratis/a50d5a34-fe31-45e1-a89d-f14b39e36794/in_use.lock acquired by nodename 9642@pr-hdds-1569-shd4m-3693607622
2019-09-25 12:38:37,027 [pool-47-thread-1] INFO  storage.RaftStorage (RaftStorage.java:format(72)) - Storage directory /workdir/hadoop-ozone/integration-test/target/test-dir/MiniOzoneClusterImpl-8e40aa81-9222-408e-95f4-7134100ae31d/datanode-2/data/ratis/a50d5a34-fe31-45e1-a89d-f14b39e36794 has been successfully formatted.
2019-09-25 12:38:37,027 [pool-47-thread-1] INFO  ratis.ContainerStateMachine (ContainerStateMachine.java:loadSnapshot(230)) - group-F14B39E36794: The snapshot info is null. Setting the last applied indexto:(t:0, i:~)
2019-09-25 12:38:37,028 [pool-47-thread-1] INFO  server.RaftServerConfigKeys (ConfUtils.java:logGet(43)) - raft.server.notification.no-leader.timeout = 120s (custom)
2019-09-25 12:38:37,028 [pool-47-thread-1] INFO  server.RaftServerConfigKeys (ConfUtils.java:logGet(43)) - raft.server.log.use.memory = false (default)
2019-09-25 12:38:37,028 [pool-47-thread-1] INFO  server.RaftServerConfigKeys (ConfUtils.java:logGet(43)) - raft.server.log.purge.gap = 1000000 (custom)
2019-09-25 12:38:37,028 [pool-47-thread-1] INFO  server.RaftServerConfigKeys (ConfUtils.java:logGet(43)) - raft.server.log.appender.buffer.byte-limit = 33554432 (custom)
2019-09-25 12:38:37,028 [pool-47-thread-1] INFO  server.RaftServerConfigKeys (ConfUtils.java:logGet(43)) - raft.server.log.segment.size.max = 1048576 (custom)
2019-09-25 12:38:37,028 [pool-47-thread-1] INFO  server.RaftServerConfigKeys (ConfUtils.java:logGet(43)) - raft.server.log.segment.cache.num.max = 2 (custom)
2019-09-25 12:38:37,028 [pool-47-thread-1] INFO  segmented.SegmentedRaftLogWorker (SegmentedRaftLogWorker.java:<init>(172)) - new 0901ed62-149d-4b86-b900-0d06f71bfbdd@group-F14B39E36794-SegmentedRaftLogWorker for RaftStorage:Storage Directory /workdir/hadoop-ozone/integration-test/target/test-dir/MiniOzoneClusterImpl-8e40aa81-9222-408e-95f4-7134100ae31d/datanode-2/data/ratis/a50d5a34-fe31-45e1-a89d-f14b39e36794
2019-09-25 12:38:37,028 [pool-47-thread-1] INFO  server.RaftServerConfigKeys (ConfUtils.java:logGet(43)) - raft.server.log.queue.byte-limit = 2147483647 (custom)
2019-09-25 12:38:37,029 [pool-47-thread-1] INFO  server.RaftServerConfigKeys (ConfUtils.java:logGet(43)) - raft.server.log.queue.element-limit = 1024 (custom)
2019-09-25 12:38:37,029 [pool-47-thread-1] INFO  server.RaftServerConfigKeys (ConfUtils.java:logGet(43)) - raft.server.log.segment.size.max = 1048576 (custom)
2019-09-25 12:38:37,029 [pool-47-thread-1] INFO  server.RaftServerConfigKeys (ConfUtils.java:logGet(43)) - raft.server.log.preallocated.size = 16384 (custom)
2019-09-25 12:38:37,029 [pool-47-thread-1] INFO  server.RaftServerConfigKeys (ConfUtils.java:logGet(43)) - raft.server.log.write.buffer.size = 33554432 (custom)
2019-09-25 12:38:37,029 [pool-47-thread-1] INFO  server.RaftServerConfigKeys (ConfUtils.java:logGet(43)) - raft.server.log.force.sync.num = 128 (default)
2019-09-25 12:38:37,029 [pool-47-thread-1] INFO  server.RaftServerConfigKeys (ConfUtils.java:logGet(43)) - raft.server.log.statemachine.data.sync = true (default)
2019-09-25 12:38:37,029 [pool-47-thread-1] INFO  server.RaftServerConfigKeys (ConfUtils.java:logGet(43)) - raft.server.log.statemachine.data.sync.timeout = 10s (default)
2019-09-25 12:38:37,029 [pool-47-thread-1] INFO  server.RaftServerConfigKeys (ConfUtils.java:logGet(43)) - raft.server.log.statemachine.data.sync.timeout.retry = -1 (default)
2019-09-25 12:38:37,030 [pool-47-thread-1] INFO  server.RaftServerConfigKeys (ConfUtils.java:logGet(43)) - raft.server.log.statemachine.data.caching.enabled = true (custom)
2019-09-25 12:38:37,030 [pool-47-thread-1] INFO  segmented.SegmentedRaftLogWorker (SegmentedRaftLogWorker.java:lambda$new$0(132)) - 0901ed62-149d-4b86-b900-0d06f71bfbdd@group-F14B39E36794-SegmentedRaftLogWorker: flushIndex: setUnconditionally 0 -> -1
2019-09-25 12:38:37,030 [pool-47-thread-1] INFO  server.RaftServerConfigKeys (ConfUtils.java:logGet(43)) - raft.server.snapshot.auto.trigger.enabled = true (custom)
2019-09-25 12:38:37,030 [pool-47-thread-1] INFO  server.RaftServerConfigKeys (ConfUtils.java:logGet(43)) - raft.server.snapshot.auto.trigger.threshold = 10000 (custom)
2019-09-25 12:38:37,030 [pool-47-thread-1] INFO  server.RaftServerConfigKeys (ConfUtils.java:logGet(43)) - raft.server.snapshot.retention.num.files = 5 (custom)
2019-09-25 12:38:37,031 [pool-47-thread-1] INFO  server.RaftServerConfigKeys (ConfUtils.java:logGet(43)) - raft.server.retrycache.expirytime = 600000ms (custom)
2019-09-25 12:38:37,033 [pool-47-thread-1] INFO  impl.RaftServerImpl (RaftServerImpl.java:start(185)) - 0901ed62-149d-4b86-b900-0d06f71bfbdd@group-F14B39E36794: start as a follower, conf=-1: [0901ed62-149d-4b86-b900-0d06f71bfbdd:192.168.151.73:41891], old=null
2019-09-25 12:38:37,033 [pool-47-thread-1] INFO  impl.RaftServerImpl (RaftServerImpl.java:setRole(174)) - 0901ed62-149d-4b86-b900-0d06f71bfbdd@group-F14B39E36794: changes role from      null to FOLLOWER at term 0 for startAsFollower
2019-09-25 12:38:37,033 [pool-47-thread-1] INFO  impl.RoleInfo (RoleInfo.java:updateAndGet(143)) - 0901ed62-149d-4b86-b900-0d06f71bfbdd: start FollowerState
2019-09-25 12:38:37,033 [pool-47-thread-1] INFO  util.JmxRegister (JmxRegister.java:tryRegister(44)) - Successfully registered JMX Bean with object name Ratis:service=RaftServer,group=group-F14B39E36794,id=0901ed62-149d-4b86-b900-0d06f71bfbdd
2019-09-25 12:38:37,038 [RatisPipelineUtilsThread] INFO  pipeline.PipelineStateManager (PipelineStateManager.java:addPipeline(56)) - Created pipeline Pipeline[ Id: a50d5a34-fe31-45e1-a89d-f14b39e36794, Nodes: 0901ed62-149d-4b86-b900-0d06f71bfbdd{ip: 192.168.151.73, host: pr-hdds-1569-shd4m-3693607622, networkLocation: /default-rack, certSerialId: null}, Type:RATIS, Factor:ONE, State:OPEN]
2019-09-25 12:38:37,038 [RatisPipelineUtilsThread] INFO  pipeline.PipelinePlacementPolicy (PipelinePlacementPolicy.java:meetCriteria(91)) - Pipeline Placement: can't place more pipeline on heavy datanode： 92722d09-e207-4d66-9e26-9e7903376c45 Heaviness: 6 limit: 5
2019-09-25 12:38:37,038 [RatisPipelineUtilsThread] INFO  pipeline.PipelinePlacementPolicy (PipelinePlacementPolicy.java:meetCriteria(91)) - Pipeline Placement: can't place more pipeline on heavy datanode： 9d3a6fcb-b37a-4cb6-a53d-6566d174e0ab Heaviness: 6 limit: 5
2019-09-25 12:38:37,048 [grpc-default-executor-0] INFO  impl.RaftServerProxy (RaftServerProxy.java:addNew(89)) - 0901ed62-149d-4b86-b900-0d06f71bfbdd: addNew group-F27644E59127:[0901ed62-149d-4b86-b900-0d06f71bfbdd:192.168.151.73:41891] returns group-F27644E59127:java.util.concurrent.CompletableFuture@7b3eb495[Not completed]
2019-09-25 12:38:37,050 [pool-47-thread-1] INFO  impl.RaftServerImpl (RaftServerImpl.java:<init>(95)) - 0901ed62-149d-4b86-b900-0d06f71bfbdd: new RaftServerImpl for group-F27644E59127:[0901ed62-149d-4b86-b900-0d06f71bfbdd:192.168.151.73:41891] with ContainerStateMachine:uninitialized
2019-09-25 12:38:37,050 [pool-47-thread-1] INFO  server.RaftServerConfigKeys (ConfUtils.java:logGet(43)) - raft.server.rpc.timeout.min = 5s (custom)
2019-09-25 12:38:37,050 [pool-47-thread-1] INFO  server.RaftServerConfigKeys (ConfUtils.java:logGet(43)) - raft.server.rpc.timeout.max = 5200ms (custom)
2019-09-25 12:38:37,050 [pool-47-thread-1] INFO  server.RaftServerConfigKeys (ConfUtils.java:logGet(43)) - raft.server.rpcslowness.timeout = 120s (custom)
2019-09-25 12:38:37,050 [pool-47-thread-1] INFO  server.RaftServerConfigKeys (ConfUtils.java:logGet(43)) - raft.server.sleep.deviation.threshold = 300 (default)
2019-09-25 12:38:37,050 [pool-47-thread-1] INFO  server.RaftServerConfigKeys (ConfUtils.java:logGet(43)) - raft.server.log.appender.install.snapshot.enabled = false (custom)
2019-09-25 12:38:37,051 [pool-47-thread-1] INFO  impl.RaftServerImpl (ServerState.java:<init>(103)) - 0901ed62-149d-4b86-b900-0d06f71bfbdd@group-F27644E59127: ConfigurationManager, init=-1: [0901ed62-149d-4b86-b900-0d06f71bfbdd:192.168.151.73:41891], old=null, confs=<EMPTY_MAP>
2019-09-25 12:38:37,051 [pool-47-thread-1] INFO  server.RaftServerConfigKeys (ConfUtils.java:logGet(43)) - raft.server.storage.dir = [/workdir/hadoop-ozone/integration-test/target/test-dir/MiniOzoneClusterImpl-8e40aa81-9222-408e-95f4-7134100ae31d/datanode-2/data/ratis] (custom)
2019-09-25 12:38:37,051 [pool-47-thread-1] INFO  storage.RaftStorageDirectory (RaftStorageDirectory.java:analyzeStorage(246)) - The storage directory /workdir/hadoop-ozone/integration-test/target/test-dir/MiniOzoneClusterImpl-8e40aa81-9222-408e-95f4-7134100ae31d/datanode-2/data/ratis/7b567cab-0537-4c1c-9e59-f27644e59127 does not exist. Creating ...
2019-09-25 12:38:37,064 [pool-47-thread-1] INFO  storage.RaftStorageDirectory (RaftStorageDirectory.java:tryLock(328)) - Lock on /workdir/hadoop-ozone/integration-test/target/test-dir/MiniOzoneClusterImpl-8e40aa81-9222-408e-95f4-7134100ae31d/datanode-2/data/ratis/7b567cab-0537-4c1c-9e59-f27644e59127/in_use.lock acquired by nodename 9642@pr-hdds-1569-shd4m-3693607622
2019-09-25 12:38:37,077 [pool-47-thread-1] INFO  storage.RaftStorage (RaftStorage.java:format(72)) - Storage directory /workdir/hadoop-ozone/integration-test/target/test-dir/MiniOzoneClusterImpl-8e40aa81-9222-408e-95f4-7134100ae31d/datanode-2/data/ratis/7b567cab-0537-4c1c-9e59-f27644e59127 has been successfully formatted.
2019-09-25 12:38:37,077 [pool-47-thread-1] INFO  ratis.ContainerStateMachine (ContainerStateMachine.java:loadSnapshot(230)) - group-F27644E59127: The snapshot info is null. Setting the last applied indexto:(t:0, i:~)
2019-09-25 12:38:37,077 [pool-47-thread-1] INFO  server.RaftServerConfigKeys (ConfUtils.java:logGet(43)) - raft.server.notification.no-leader.timeout = 120s (custom)
2019-09-25 12:38:37,078 [pool-47-thread-1] INFO  server.RaftServerConfigKeys (ConfUtils.java:logGet(43)) - raft.server.log.use.memory = false (default)
2019-09-25 12:38:37,078 [pool-47-thread-1] INFO  server.RaftServerConfigKeys (ConfUtils.java:logGet(43)) - raft.server.log.purge.gap = 1000000 (custom)
2019-09-25 12:38:37,078 [pool-47-thread-1] INFO  server.RaftServerConfigKeys (ConfUtils.java:logGet(43)) - raft.server.log.appender.buffer.byte-limit = 33554432 (custom)
2019-09-25 12:38:37,078 [pool-47-thread-1] INFO  server.RaftServerConfigKeys (ConfUtils.java:logGet(43)) - raft.server.log.segment.size.max = 1048576 (custom)
2019-09-25 12:38:37,078 [pool-47-thread-1] INFO  server.RaftServerConfigKeys (ConfUtils.java:logGet(43)) - raft.server.log.segment.cache.num.max = 2 (custom)
2019-09-25 12:38:37,078 [pool-47-thread-1] INFO  segmented.SegmentedRaftLogWorker (SegmentedRaftLogWorker.java:<init>(172)) - new 0901ed62-149d-4b86-b900-0d06f71bfbdd@group-F27644E59127-SegmentedRaftLogWorker for RaftStorage:Storage Directory /workdir/hadoop-ozone/integration-test/target/test-dir/MiniOzoneClusterImpl-8e40aa81-9222-408e-95f4-7134100ae31d/datanode-2/data/ratis/7b567cab-0537-4c1c-9e59-f27644e59127
2019-09-25 12:38:37,078 [pool-47-thread-1] INFO  server.RaftServerConfigKeys (ConfUtils.java:logGet(43)) - raft.server.log.queue.byte-limit = 2147483647 (custom)
2019-09-25 12:38:37,078 [pool-47-thread-1] INFO  server.RaftServerConfigKeys (ConfUtils.java:logGet(43)) - raft.server.log.queue.element-limit = 1024 (custom)
2019-09-25 12:38:37,078 [pool-47-thread-1] INFO  server.RaftServerConfigKeys (ConfUtils.java:logGet(43)) - raft.server.log.segment.size.max = 1048576 (custom)
2019-09-25 12:38:37,079 [pool-47-thread-1] INFO  server.RaftServerConfigKeys (ConfUtils.java:logGet(43)) - raft.server.log.preallocated.size = 16384 (custom)
2019-09-25 12:38:37,079 [pool-47-thread-1] INFO  server.RaftServerConfigKeys (ConfUtils.java:logGet(43)) - raft.server.log.write.buffer.size = 33554432 (custom)
2019-09-25 12:38:37,079 [pool-47-thread-1] INFO  server.RaftServerConfigKeys (ConfUtils.java:logGet(43)) - raft.server.log.force.sync.num = 128 (default)
2019-09-25 12:38:37,079 [pool-47-thread-1] INFO  server.RaftServerConfigKeys (ConfUtils.java:logGet(43)) - raft.server.log.statemachine.data.sync = true (default)
2019-09-25 12:38:37,079 [pool-47-thread-1] INFO  server.RaftServerConfigKeys (ConfUtils.java:logGet(43)) - raft.server.log.statemachine.data.sync.timeout = 10s (default)
2019-09-25 12:38:37,079 [pool-47-thread-1] INFO  server.RaftServerConfigKeys (ConfUtils.java:logGet(43)) - raft.server.log.statemachine.data.sync.timeout.retry = -1 (default)
2019-09-25 12:38:37,079 [pool-47-thread-1] INFO  server.RaftServerConfigKeys (ConfUtils.java:logGet(43)) - raft.server.log.statemachine.data.caching.enabled = true (custom)
2019-09-25 12:38:37,080 [pool-47-thread-1] INFO  segmented.SegmentedRaftLogWorker (SegmentedRaftLogWorker.java:lambda$new$0(132)) - 0901ed62-149d-4b86-b900-0d06f71bfbdd@group-F27644E59127-SegmentedRaftLogWorker: flushIndex: setUnconditionally 0 -> -1
2019-09-25 12:38:37,080 [pool-47-thread-1] INFO  server.RaftServerConfigKeys (ConfUtils.java:logGet(43)) - raft.server.snapshot.auto.trigger.enabled = true (custom)
2019-09-25 12:38:37,080 [pool-47-thread-1] INFO  server.RaftServerConfigKeys (ConfUtils.java:logGet(43)) - raft.server.snapshot.auto.trigger.threshold = 10000 (custom)
2019-09-25 12:38:37,080 [pool-47-thread-1] INFO  server.RaftServerConfigKeys (ConfUtils.java:logGet(43)) - raft.server.snapshot.retention.num.files = 5 (custom)
2019-09-25 12:38:37,080 [pool-47-thread-1] INFO  server.RaftServerConfigKeys (ConfUtils.java:logGet(43)) - raft.server.retrycache.expirytime = 600000ms (custom)
2019-09-25 12:38:37,082 [pool-47-thread-1] INFO  impl.RaftServerImpl (RaftServerImpl.java:start(185)) - 0901ed62-149d-4b86-b900-0d06f71bfbdd@group-F27644E59127: start as a follower, conf=-1: [0901ed62-149d-4b86-b900-0d06f71bfbdd:192.168.151.73:41891], old=null
2019-09-25 12:38:37,082 [pool-47-thread-1] INFO  impl.RaftServerImpl (RaftServerImpl.java:setRole(174)) - 0901ed62-149d-4b86-b900-0d06f71bfbdd@group-F27644E59127: changes role from      null to FOLLOWER at term 0 for startAsFollower
2019-09-25 12:38:37,083 [pool-47-thread-1] INFO  impl.RoleInfo (RoleInfo.java:updateAndGet(143)) - 0901ed62-149d-4b86-b900-0d06f71bfbdd: start FollowerState
2019-09-25 12:38:37,083 [pool-47-thread-1] INFO  util.JmxRegister (JmxRegister.java:tryRegister(44)) - Successfully registered JMX Bean with object name Ratis:service=RaftServer,group=group-F27644E59127,id=0901ed62-149d-4b86-b900-0d06f71bfbdd
2019-09-25 12:38:37,087 [RatisPipelineUtilsThread] INFO  pipeline.PipelineStateManager (PipelineStateManager.java:addPipeline(56)) - Created pipeline Pipeline[ Id: 7b567cab-0537-4c1c-9e59-f27644e59127, Nodes: 0901ed62-149d-4b86-b900-0d06f71bfbdd{ip: 192.168.151.73, host: pr-hdds-1569-shd4m-3693607622, networkLocation: /default-rack, certSerialId: null}, Type:RATIS, Factor:ONE, State:OPEN]
2019-09-25 12:38:37,088 [RatisPipelineUtilsThread] INFO  pipeline.PipelinePlacementPolicy (PipelinePlacementPolicy.java:meetCriteria(91)) - Pipeline Placement: can't place more pipeline on heavy datanode： 92722d09-e207-4d66-9e26-9e7903376c45 Heaviness: 6 limit: 5
2019-09-25 12:38:37,088 [RatisPipelineUtilsThread] INFO  pipeline.PipelinePlacementPolicy (PipelinePlacementPolicy.java:meetCriteria(91)) - Pipeline Placement: can't place more pipeline on heavy datanode： 0901ed62-149d-4b86-b900-0d06f71bfbdd Heaviness: 6 limit: 5
2019-09-25 12:38:37,088 [RatisPipelineUtilsThread] INFO  pipeline.PipelinePlacementPolicy (PipelinePlacementPolicy.java:meetCriteria(91)) - Pipeline Placement: can't place more pipeline on heavy datanode： 9d3a6fcb-b37a-4cb6-a53d-6566d174e0ab Heaviness: 6 limit: 5
2019-09-25 12:38:37,090 [RatisPipelineUtilsThread] ERROR pipeline.PipelinePlacementPolicy (PipelinePlacementPolicy.java:filterViableNodes(148)) - Unable to find enough nodes that meet the criteria that cannot engage in more than 5 pipelines. Nodes required: 1 Found: 0, healthy nodes count inNodeManager: 3.
2019-09-25 12:38:37,092 [RatisPipelineUtilsThread] ERROR pipeline.SCMPipelineManager (SCMPipelineManager.java:createPipeline(167)) - Pipeline creation failed.
org.apache.hadoop.hdds.scm.exceptions.SCMException: Unable to find enough nodes that meet the criteria that cannot engage in more than 5 pipelines. Nodes required: 1 Found: 0, healthy nodes count inNodeManager: 3.
	at org.apache.hadoop.hdds.scm.pipeline.PipelinePlacementPolicy.filterViableNodes(PipelinePlacementPolicy.java:149)
	at org.apache.hadoop.hdds.scm.pipeline.PipelinePlacementPolicy.chooseDatanodes(PipelinePlacementPolicy.java:172)
	at org.apache.hadoop.hdds.scm.pipeline.RatisPipelineProvider.create(RatisPipelineProvider.java:93)
	at org.apache.hadoop.hdds.scm.pipeline.PipelineFactory.create(PipelineFactory.java:58)
	at org.apache.hadoop.hdds.scm.pipeline.SCMPipelineManager.createPipeline(SCMPipelineManager.java:155)
	at org.apache.hadoop.hdds.scm.pipeline.BackgroundPipelineCreator.createPipelines(BackgroundPipelineCreator.java:99)
	at java.util.concurrent.Executors$RunnableAdapter.call(Executors.java:511)
	at java.util.concurrent.FutureTask.run(FutureTask.java:266)
	at java.util.concurrent.ScheduledThreadPoolExecutor$ScheduledFutureTask.access$201(ScheduledThreadPoolExecutor.java:180)
	at java.util.concurrent.ScheduledThreadPoolExecutor$ScheduledFutureTask.run(ScheduledThreadPoolExecutor.java:293)
	at java.util.concurrent.ThreadPoolExecutor.runWorker(ThreadPoolExecutor.java:1149)
	at java.util.concurrent.ThreadPoolExecutor$Worker.run(ThreadPoolExecutor.java:624)
	at java.lang.Thread.run(Thread.java:748)
2019-09-25 12:38:37,094 [RatisPipelineUtilsThread] INFO  pipeline.PipelinePlacementPolicy (PipelinePlacementPolicy.java:meetCriteria(91)) - Pipeline Placement: can't place more pipeline on heavy datanode： 92722d09-e207-4d66-9e26-9e7903376c45 Heaviness: 6 limit: 5
2019-09-25 12:38:37,095 [RatisPipelineUtilsThread] INFO  pipeline.PipelinePlacementPolicy (PipelinePlacementPolicy.java:meetCriteria(91)) - Pipeline Placement: can't place more pipeline on heavy datanode： 0901ed62-149d-4b86-b900-0d06f71bfbdd Heaviness: 6 limit: 5
2019-09-25 12:38:37,095 [RatisPipelineUtilsThread] INFO  pipeline.PipelinePlacementPolicy (PipelinePlacementPolicy.java:meetCriteria(91)) - Pipeline Placement: can't place more pipeline on heavy datanode： 9d3a6fcb-b37a-4cb6-a53d-6566d174e0ab Heaviness: 6 limit: 5
2019-09-25 12:38:37,095 [RatisPipelineUtilsThread] ERROR pipeline.PipelinePlacementPolicy (PipelinePlacementPolicy.java:filterViableNodes(148)) - Unable to find enough nodes that meet the criteria that cannot engage in more than 5 pipelines. Nodes required: 3 Found: 0, healthy nodes count inNodeManager: 3.
2019-09-25 12:38:37,095 [RatisPipelineUtilsThread] ERROR pipeline.SCMPipelineManager (SCMPipelineManager.java:createPipeline(167)) - Pipeline creation failed.
org.apache.hadoop.hdds.scm.exceptions.SCMException: Unable to find enough nodes that meet the criteria that cannot engage in more than 5 pipelines. Nodes required: 3 Found: 0, healthy nodes count inNodeManager: 3.
	at org.apache.hadoop.hdds.scm.pipeline.PipelinePlacementPolicy.filterViableNodes(PipelinePlacementPolicy.java:149)
	at org.apache.hadoop.hdds.scm.pipeline.PipelinePlacementPolicy.chooseDatanodes(PipelinePlacementPolicy.java:172)
	at org.apache.hadoop.hdds.scm.pipeline.RatisPipelineProvider.create(RatisPipelineProvider.java:93)
	at org.apache.hadoop.hdds.scm.pipeline.PipelineFactory.create(PipelineFactory.java:58)
	at org.apache.hadoop.hdds.scm.pipeline.SCMPipelineManager.createPipeline(SCMPipelineManager.java:155)
	at org.apache.hadoop.hdds.scm.pipeline.BackgroundPipelineCreator.createPipelines(BackgroundPipelineCreator.java:99)
	at java.util.concurrent.Executors$RunnableAdapter.call(Executors.java:511)
	at java.util.concurrent.FutureTask.run(FutureTask.java:266)
	at java.util.concurrent.ScheduledThreadPoolExecutor$ScheduledFutureTask.access$201(ScheduledThreadPoolExecutor.java:180)
	at java.util.concurrent.ScheduledThreadPoolExecutor$ScheduledFutureTask.run(ScheduledThreadPoolExecutor.java:293)
	at java.util.concurrent.ThreadPoolExecutor.runWorker(ThreadPoolExecutor.java:1149)
	at java.util.concurrent.ThreadPoolExecutor$Worker.run(ThreadPoolExecutor.java:624)
	at java.lang.Thread.run(Thread.java:748)
2019-09-25 12:38:37,096 [main] INFO  pipeline.PipelinePlacementPolicy (PipelinePlacementPolicy.java:meetCriteria(91)) - Pipeline Placement: can't place more pipeline on heavy datanode： 92722d09-e207-4d66-9e26-9e7903376c45 Heaviness: 6 limit: 5
2019-09-25 12:38:37,096 [main] INFO  pipeline.PipelinePlacementPolicy (PipelinePlacementPolicy.java:meetCriteria(91)) - Pipeline Placement: can't place more pipeline on heavy datanode： 0901ed62-149d-4b86-b900-0d06f71bfbdd Heaviness: 6 limit: 5
2019-09-25 12:38:37,096 [main] INFO  pipeline.PipelinePlacementPolicy (PipelinePlacementPolicy.java:meetCriteria(91)) - Pipeline Placement: can't place more pipeline on heavy datanode： 9d3a6fcb-b37a-4cb6-a53d-6566d174e0ab Heaviness: 6 limit: 5
2019-09-25 12:38:37,097 [main] ERROR pipeline.PipelinePlacementPolicy (PipelinePlacementPolicy.java:filterViableNodes(148)) - Unable to find enough nodes that meet the criteria that cannot engage in more than 5 pipelines. Nodes required: 3 Found: 0, healthy nodes count inNodeManager: 3.
2019-09-25 12:38:37,097 [main] ERROR pipeline.SCMPipelineManager (SCMPipelineManager.java:createPipeline(167)) - Pipeline creation failed.
org.apache.hadoop.hdds.scm.exceptions.SCMException: Unable to find enough nodes that meet the criteria that cannot engage in more than 5 pipelines. Nodes required: 3 Found: 0, healthy nodes count inNodeManager: 3.
	at org.apache.hadoop.hdds.scm.pipeline.PipelinePlacementPolicy.filterViableNodes(PipelinePlacementPolicy.java:149)
	at org.apache.hadoop.hdds.scm.pipeline.PipelinePlacementPolicy.chooseDatanodes(PipelinePlacementPolicy.java:172)
	at org.apache.hadoop.hdds.scm.pipeline.RatisPipelineProvider.create(RatisPipelineProvider.java:93)
	at org.apache.hadoop.hdds.scm.pipeline.PipelineFactory.create(PipelineFactory.java:58)
	at org.apache.hadoop.hdds.scm.pipeline.SCMPipelineManager.createPipeline(SCMPipelineManager.java:155)
	at org.apache.hadoop.hdds.scm.container.ContainerStateManager.allocateContainer(ContainerStateManager.java:255)
	at org.apache.hadoop.hdds.scm.container.SCMContainerManager.allocateContainer(SCMContainerManager.java:247)
	at org.apache.hadoop.hdds.scm.pipeline.TestPipelineClose.init(TestPipelineClose.java:92)
	at sun.reflect.NativeMethodAccessorImpl.invoke0(Native Method)
	at sun.reflect.NativeMethodAccessorImpl.invoke(NativeMethodAccessorImpl.java:62)
	at sun.reflect.DelegatingMethodAccessorImpl.invoke(DelegatingMethodAccessorImpl.java:43)
	at java.lang.reflect.Method.invoke(Method.java:498)
	at org.junit.runners.model.FrameworkMethod$1.runReflectiveCall(FrameworkMethod.java:47)
	at org.junit.internal.runners.model.ReflectiveCallable.run(ReflectiveCallable.java:12)
	at org.junit.runners.model.FrameworkMethod.invokeExplosively(FrameworkMethod.java:44)
	at org.junit.internal.runners.statements.RunBefores.evaluate(RunBefores.java:24)
	at org.junit.internal.runners.statements.RunAfters.evaluate(RunAfters.java:27)
	at org.junit.runners.ParentRunner.runLeaf(ParentRunner.java:271)
	at org.junit.runners.BlockJUnit4ClassRunner.runChild(BlockJUnit4ClassRunner.java:70)
	at org.junit.runners.BlockJUnit4ClassRunner.runChild(BlockJUnit4ClassRunner.java:50)
	at org.junit.runners.ParentRunner$3.run(ParentRunner.java:238)
	at org.junit.runners.ParentRunner$1.schedule(ParentRunner.java:63)
	at org.junit.runners.ParentRunner.runChildren(ParentRunner.java:236)
	at org.junit.runners.ParentRunner.access$000(ParentRunner.java:53)
	at org.junit.runners.ParentRunner$2.evaluate(ParentRunner.java:229)
	at org.junit.runners.ParentRunner.run(ParentRunner.java:309)
	at org.apache.maven.surefire.junit4.JUnit4Provider.execute(JUnit4Provider.java:365)
	at org.apache.maven.surefire.junit4.JUnit4Provider.executeWithRerun(JUnit4Provider.java:273)
	at org.apache.maven.surefire.junit4.JUnit4Provider.executeTestSet(JUnit4Provider.java:238)
	at org.apache.maven.surefire.junit4.JUnit4Provider.invoke(JUnit4Provider.java:159)
	at org.apache.maven.surefire.booter.ForkedBooter.invokeProviderInSameClassLoader(ForkedBooter.java:384)
	at org.apache.maven.surefire.booter.ForkedBooter.runSuitesInProcess(ForkedBooter.java:345)
	at org.apache.maven.surefire.booter.ForkedBooter.execute(ForkedBooter.java:126)
	at org.apache.maven.surefire.booter.ForkedBooter.main(ForkedBooter.java:418)
2019-09-25 12:38:37,098 [RatisPipelineUtilsThread] INFO  pipeline.PipelinePlacementPolicy (PipelinePlacementPolicy.java:meetCriteria(91)) - Pipeline Placement: can't place more pipeline on heavy datanode： 92722d09-e207-4d66-9e26-9e7903376c45 Heaviness: 6 limit: 5
2019-09-25 12:38:37,098 [RatisPipelineUtilsThread] INFO  pipeline.PipelinePlacementPolicy (PipelinePlacementPolicy.java:meetCriteria(91)) - Pipeline Placement: can't place more pipeline on heavy datanode： 0901ed62-149d-4b86-b900-0d06f71bfbdd Heaviness: 6 limit: 5
2019-09-25 12:38:37,098 [RatisPipelineUtilsThread] INFO  pipeline.PipelinePlacementPolicy (PipelinePlacementPolicy.java:meetCriteria(91)) - Pipeline Placement: can't place more pipeline on heavy datanode： 9d3a6fcb-b37a-4cb6-a53d-6566d174e0ab Heaviness: 6 limit: 5
2019-09-25 12:38:37,098 [RatisPipelineUtilsThread] ERROR pipeline.PipelinePlacementPolicy (PipelinePlacementPolicy.java:filterViableNodes(148)) - Unable to find enough nodes that meet the criteria that cannot engage in more than 5 pipelines. Nodes required: 1 Found: 0, healthy nodes count inNodeManager: 3.
2019-09-25 12:38:37,099 [RatisPipelineUtilsThread] ERROR pipeline.SCMPipelineManager (SCMPipelineManager.java:createPipeline(167)) - Pipeline creation failed.
org.apache.hadoop.hdds.scm.exceptions.SCMException: Unable to find enough nodes that meet the criteria that cannot engage in more than 5 pipelines. Nodes required: 1 Found: 0, healthy nodes count inNodeManager: 3.
	at org.apache.hadoop.hdds.scm.pipeline.PipelinePlacementPolicy.filterViableNodes(PipelinePlacementPolicy.java:149)
	at org.apache.hadoop.hdds.scm.pipeline.PipelinePlacementPolicy.chooseDatanodes(PipelinePlacementPolicy.java:172)
	at org.apache.hadoop.hdds.scm.pipeline.RatisPipelineProvider.create(RatisPipelineProvider.java:93)
	at org.apache.hadoop.hdds.scm.pipeline.PipelineFactory.create(PipelineFactory.java:58)
	at org.apache.hadoop.hdds.scm.pipeline.SCMPipelineManager.createPipeline(SCMPipelineManager.java:155)
	at org.apache.hadoop.hdds.scm.pipeline.BackgroundPipelineCreator.createPipelines(BackgroundPipelineCreator.java:99)
	at org.apache.hadoop.hdds.scm.pipeline.BackgroundPipelineCreator.lambda$startFixedIntervalPipelineCreator$0(BackgroundPipelineCreator.java:70)
	at java.util.concurrent.Executors$RunnableAdapter.call(Executors.java:511)
	at java.util.concurrent.FutureTask.runAndReset(FutureTask.java:308)
	at java.util.concurrent.ScheduledThreadPoolExecutor$ScheduledFutureTask.access$301(ScheduledThreadPoolExecutor.java:180)
	at java.util.concurrent.ScheduledThreadPoolExecutor$ScheduledFutureTask.run(ScheduledThreadPoolExecutor.java:294)
	at java.util.concurrent.ThreadPoolExecutor.runWorker(ThreadPoolExecutor.java:1149)
	at java.util.concurrent.ThreadPoolExecutor$Worker.run(ThreadPoolExecutor.java:624)
	at java.lang.Thread.run(Thread.java:748)
2019-09-25 12:38:37,099 [RatisPipelineUtilsThread] INFO  pipeline.PipelinePlacementPolicy (PipelinePlacementPolicy.java:meetCriteria(91)) - Pipeline Placement: can't place more pipeline on heavy datanode： 92722d09-e207-4d66-9e26-9e7903376c45 Heaviness: 6 limit: 5
2019-09-25 12:38:37,099 [RatisPipelineUtilsThread] INFO  pipeline.PipelinePlacementPolicy (PipelinePlacementPolicy.java:meetCriteria(91)) - Pipeline Placement: can't place more pipeline on heavy datanode： 0901ed62-149d-4b86-b900-0d06f71bfbdd Heaviness: 6 limit: 5
2019-09-25 12:38:37,099 [RatisPipelineUtilsThread] INFO  pipeline.PipelinePlacementPolicy (PipelinePlacementPolicy.java:meetCriteria(91)) - Pipeline Placement: can't place more pipeline on heavy datanode： 9d3a6fcb-b37a-4cb6-a53d-6566d174e0ab Heaviness: 6 limit: 5
2019-09-25 12:38:37,100 [RatisPipelineUtilsThread] ERROR pipeline.PipelinePlacementPolicy (PipelinePlacementPolicy.java:filterViableNodes(148)) - Unable to find enough nodes that meet the criteria that cannot engage in more than 5 pipelines. Nodes required: 3 Found: 0, healthy nodes count inNodeManager: 3.
2019-09-25 12:38:37,100 [RatisPipelineUtilsThread] ERROR pipeline.SCMPipelineManager (SCMPipelineManager.java:createPipeline(167)) - Pipeline creation failed.
org.apache.hadoop.hdds.scm.exceptions.SCMException: Unable to find enough nodes that meet the criteria that cannot engage in more than 5 pipelines. Nodes required: 3 Found: 0, healthy nodes count inNodeManager: 3.
	at org.apache.hadoop.hdds.scm.pipeline.PipelinePlacementPolicy.filterViableNodes(PipelinePlacementPolicy.java:149)
	at org.apache.hadoop.hdds.scm.pipeline.PipelinePlacementPolicy.chooseDatanodes(PipelinePlacementPolicy.java:172)
	at org.apache.hadoop.hdds.scm.pipeline.RatisPipelineProvider.create(RatisPipelineProvider.java:93)
	at org.apache.hadoop.hdds.scm.pipeline.PipelineFactory.create(PipelineFactory.java:58)
	at org.apache.hadoop.hdds.scm.pipeline.SCMPipelineManager.createPipeline(SCMPipelineManager.java:155)
	at org.apache.hadoop.hdds.scm.pipeline.BackgroundPipelineCreator.createPipelines(BackgroundPipelineCreator.java:99)
	at org.apache.hadoop.hdds.scm.pipeline.BackgroundPipelineCreator.lambda$startFixedIntervalPipelineCreator$0(BackgroundPipelineCreator.java:70)
	at java.util.concurrent.Executors$RunnableAdapter.call(Executors.java:511)
	at java.util.concurrent.FutureTask.runAndReset(FutureTask.java:308)
	at java.util.concurrent.ScheduledThreadPoolExecutor$ScheduledFutureTask.access$301(ScheduledThreadPoolExecutor.java:180)
	at java.util.concurrent.ScheduledThreadPoolExecutor$ScheduledFutureTask.run(ScheduledThreadPoolExecutor.java:294)
	at java.util.concurrent.ThreadPoolExecutor.runWorker(ThreadPoolExecutor.java:1149)
	at java.util.concurrent.ThreadPoolExecutor$Worker.run(ThreadPoolExecutor.java:624)
	at java.lang.Thread.run(Thread.java:748)
2019-09-25 12:38:37,101 [main] INFO  ozone.MiniOzoneClusterImpl (MiniOzoneClusterImpl.java:shutdown(314)) - Shutting down the Mini Ozone Cluster
2019-09-25 12:38:37,101 [main] INFO  ozone.MiniOzoneClusterImpl (MiniOzoneClusterImpl.java:stop(330)) - Stopping the Mini Ozone Cluster
2019-09-25 12:38:37,101 [main] INFO  ozone.MiniOzoneClusterImpl (MiniOzoneClusterImpl.java:stopOM(400)) - Stopping the OzoneManager
2019-09-25 12:38:37,102 [main] INFO  ipc.Server (Server.java:stop(3082)) - Stopping server on 41483
2019-09-25 12:38:37,116 [IPC Server listener on 41483] INFO  ipc.Server (Server.java:run(1185)) - Stopping IPC Server listener on 41483
2019-09-25 12:38:37,117 [main] INFO  ratis.OzoneManagerDoubleBuffer (OzoneManagerDoubleBuffer.java:stop(248)) - Stopping OMDoubleBuffer flush thread
2019-09-25 12:38:37,122 [IPC Server Responder] INFO  ipc.Server (Server.java:run(1319)) - Stopping IPC Server Responder
2019-09-25 12:38:37,125 [OMDoubleBufferFlushThread] INFO  ratis.OzoneManagerDoubleBuffer (OzoneManagerDoubleBuffer.java:flushTransactions(191)) - OMDoubleBuffer flush thread OMDoubleBufferFlushThread is interrupted and will exit. OMDoubleBufferFlushThread
2019-09-25 12:38:37,126 [main] INFO  utils.BackgroundService (BackgroundService.java:shutdown(148)) - Shutting down service KeyDeletingService
2019-09-25 12:38:37,131 [main] INFO  handler.ContextHandler (ContextHandler.java:doStop(910)) - Stopped o.e.j.w.WebAppContext@5b22b970{/,null,UNAVAILABLE}{/ozoneManager}
2019-09-25 12:38:37,137 [main] INFO  server.AbstractConnector (AbstractConnector.java:doStop(318)) - Stopped ServerConnector@22d1886d{HTTP/1.1,[http/1.1]}{0.0.0.0:0}
2019-09-25 12:38:37,137 [main] INFO  handler.ContextHandler (ContextHandler.java:doStop(910)) - Stopped o.e.j.s.ServletContextHandler@57540fd0{/static,file:///workdir/hadoop-ozone/integration-test/target/test-classes/webapps/static,UNAVAILABLE}
2019-09-25 12:38:37,138 [main] INFO  handler.ContextHandler (ContextHandler.java:doStop(910)) - Stopped o.e.j.s.ServletContextHandler@15923407{/logs,file:///workdir/hadoop-ozone/integration-test/target/log,UNAVAILABLE}
2019-09-25 12:38:37,143 [main] INFO  ozone.MiniOzoneClusterImpl (MiniOzoneClusterImpl.java:stopDatanodes(377)) - Stopping the HddsDatanodes
2019-09-25 12:38:37,921 [Datanode State Machine Thread - 0] INFO  statemachine.DatanodeStateMachine (DatanodeStateMachine.java:lambda$startDaemon$0(350)) - Ozone container server started.
2019-09-25 12:38:37,973 [Thread-178] INFO  container.ReplicationManager (ReplicationManager.java:start(163)) - Starting Replication Monitor Thread.
2019-09-25 12:38:37,975 [ReplicationMonitor] INFO  container.ReplicationManager (ReplicationManager.java:run(226)) - Replication Monitor Thread took 0 milliseconds for processing 0 containers.
2019-09-25 12:38:38,025 [Datanode State Machine Thread - 0] INFO  statemachine.DatanodeStateMachine (DatanodeStateMachine.java:lambda$startDaemon$0(350)) - Ozone container server started.
2019-09-25 12:38:40,914 [Thread-180] INFO  impl.FollowerState (FollowerState.java:run(106)) - 92722d09-e207-4d66-9e26-9e7903376c45:group-838B4345CAE8 changes to CANDIDATE, lastRpcTime:5181, electionTimeout:5180ms
2019-09-25 12:38:40,917 [Thread-180] INFO  impl.RoleInfo (RoleInfo.java:shutdownFollowerState(121)) - 92722d09-e207-4d66-9e26-9e7903376c45: shutdown FollowerState
2019-09-25 12:38:40,917 [Thread-180] INFO  impl.RaftServerImpl (RaftServerImpl.java:setRole(174)) - 92722d09-e207-4d66-9e26-9e7903376c45@group-838B4345CAE8: changes role from  FOLLOWER to CANDIDATE at term 0 for changeToCandidate
2019-09-25 12:38:40,924 [Thread-180] INFO  impl.RoleInfo (RoleInfo.java:updateAndGet(143)) - 92722d09-e207-4d66-9e26-9e7903376c45: start LeaderElection
2019-09-25 12:38:40,954 [92722d09-e207-4d66-9e26-9e7903376c45@group-838B4345CAE8:LeaderElection1] INFO  impl.LeaderElection (LeaderElection.java:askForVotes(182)) - 92722d09-e207-4d66-9e26-9e7903376c45@group-838B4345CAE8:LeaderElection1: begin an election at term 1 for -1: [92722d09-e207-4d66-9e26-9e7903376c45:192.168.151.73:44862], old=null
2019-09-25 12:38:40,956 [92722d09-e207-4d66-9e26-9e7903376c45@group-838B4345CAE8:LeaderElection1] INFO  impl.RoleInfo (RoleInfo.java:shutdownLeaderElection(134)) - 92722d09-e207-4d66-9e26-9e7903376c45: shutdown LeaderElection
2019-09-25 12:38:40,956 [92722d09-e207-4d66-9e26-9e7903376c45@group-838B4345CAE8:LeaderElection1] INFO  impl.RaftServerImpl (RaftServerImpl.java:setRole(174)) - 92722d09-e207-4d66-9e26-9e7903376c45@group-838B4345CAE8: changes role from CANDIDATE to LEADER at term 1 for changeToLeader
2019-09-25 12:38:40,957 [92722d09-e207-4d66-9e26-9e7903376c45@group-838B4345CAE8:LeaderElection1] INFO  impl.RaftServerImpl (ServerState.java:setLeader(253)) - 92722d09-e207-4d66-9e26-9e7903376c45@group-838B4345CAE8: change Leader from null to 92722d09-e207-4d66-9e26-9e7903376c45 at term 1 for becomeLeader, leader elected after 5341ms
2019-09-25 12:38:40,966 [92722d09-e207-4d66-9e26-9e7903376c45@group-838B4345CAE8:LeaderElection1] INFO  server.RaftServerConfigKeys (ConfUtils.java:logGet(43)) - raft.server.staging.catchup.gap = 1000 (default)
2019-09-25 12:38:40,966 [92722d09-e207-4d66-9e26-9e7903376c45@group-838B4345CAE8:LeaderElection1] INFO  server.RaftServerConfigKeys (ConfUtils.java:logGet(43)) - raft.server.rpc.sleep.time = 25ms (default)
2019-09-25 12:38:40,970 [92722d09-e207-4d66-9e26-9e7903376c45@group-838B4345CAE8:LeaderElection1] INFO  server.RaftServerConfigKeys (ConfUtils.java:logGet(43)) - raft.server.write.element-limit = 4096 (default)
2019-09-25 12:38:40,973 [92722d09-e207-4d66-9e26-9e7903376c45@group-838B4345CAE8:LeaderElection1] INFO  server.RaftServerConfigKeys (ConfUtils.java:logGet(43)) - raft.server.watch.timeout = 10s (default)
2019-09-25 12:38:40,974 [92722d09-e207-4d66-9e26-9e7903376c45@group-838B4345CAE8:LeaderElection1] INFO  server.RaftServerConfigKeys (ConfUtils.java:logGet(43)) - raft.server.watch.timeout.denomination = 1s (default)
2019-09-25 12:38:40,975 [92722d09-e207-4d66-9e26-9e7903376c45@group-838B4345CAE8:LeaderElection1] INFO  server.RaftServerConfigKeys (ConfUtils.java:logGet(43)) - raft.server.watch.element-limit = 65536 (default)
2019-09-25 12:38:40,991 [92722d09-e207-4d66-9e26-9e7903376c45@group-838B4345CAE8:LeaderElection1] INFO  impl.RoleInfo (RoleInfo.java:updateAndGet(143)) - 92722d09-e207-4d66-9e26-9e7903376c45: start LeaderState
2019-09-25 12:38:41,016 [92722d09-e207-4d66-9e26-9e7903376c45@group-838B4345CAE8:LeaderElection1] INFO  segmented.SegmentedRaftLogWorker (SegmentedRaftLogWorker.java:startLogSegment(380)) - 92722d09-e207-4d66-9e26-9e7903376c45@group-838B4345CAE8-SegmentedRaftLogWorker: Starting segment from index:0
2019-09-25 12:38:41,026 [92722d09-e207-4d66-9e26-9e7903376c45@group-838B4345CAE8:LeaderElection1] INFO  impl.RaftServerImpl (ServerState.java:setRaftConf(354)) - 92722d09-e207-4d66-9e26-9e7903376c45@group-838B4345CAE8: set configuration 0: [92722d09-e207-4d66-9e26-9e7903376c45:192.168.151.73:44862], old=null at 0
2019-09-25 12:38:41,126 [Thread-186] INFO  impl.FollowerState (FollowerState.java:run(106)) - 9d3a6fcb-b37a-4cb6-a53d-6566d174e0ab:group-E94F05885D91 changes to CANDIDATE, lastRpcTime:5016, electionTimeout:5016ms
2019-09-25 12:38:41,128 [Thread-186] INFO  impl.RoleInfo (RoleInfo.java:shutdownFollowerState(121)) - 9d3a6fcb-b37a-4cb6-a53d-6566d174e0ab: shutdown FollowerState
2019-09-25 12:38:41,128 [Thread-186] INFO  impl.RaftServerImpl (RaftServerImpl.java:setRole(174)) - 9d3a6fcb-b37a-4cb6-a53d-6566d174e0ab@group-E94F05885D91: changes role from  FOLLOWER to CANDIDATE at term 0 for changeToCandidate
2019-09-25 12:38:41,128 [Thread-186] INFO  impl.RoleInfo (RoleInfo.java:updateAndGet(143)) - 9d3a6fcb-b37a-4cb6-a53d-6566d174e0ab: start LeaderElection
2019-09-25 12:38:41,153 [Thread-183] INFO  impl.FollowerState (FollowerState.java:run(106)) - 0901ed62-149d-4b86-b900-0d06f71bfbdd:group-858234D1CA14 changes to CANDIDATE, lastRpcTime:5171, electionTimeout:5170ms
2019-09-25 12:38:41,153 [Thread-183] INFO  impl.RoleInfo (RoleInfo.java:shutdownFollowerState(121)) - 0901ed62-149d-4b86-b900-0d06f71bfbdd: shutdown FollowerState
2019-09-25 12:38:41,153 [Thread-183] INFO  impl.RaftServerImpl (RaftServerImpl.java:setRole(174)) - 0901ed62-149d-4b86-b900-0d06f71bfbdd@group-858234D1CA14: changes role from  FOLLOWER to CANDIDATE at term 0 for changeToCandidate
2019-09-25 12:38:41,153 [Thread-183] INFO  impl.RoleInfo (RoleInfo.java:updateAndGet(143)) - 0901ed62-149d-4b86-b900-0d06f71bfbdd: start LeaderElection
2019-09-25 12:38:41,156 [9d3a6fcb-b37a-4cb6-a53d-6566d174e0ab@group-E94F05885D91:LeaderElection2] INFO  impl.LeaderElection (LeaderElection.java:askForVotes(182)) - 9d3a6fcb-b37a-4cb6-a53d-6566d174e0ab@group-E94F05885D91:LeaderElection2: begin an election at term 1 for -1: [9d3a6fcb-b37a-4cb6-a53d-6566d174e0ab:192.168.151.73:39459], old=null
2019-09-25 12:38:41,161 [9d3a6fcb-b37a-4cb6-a53d-6566d174e0ab@group-E94F05885D91:LeaderElection2] INFO  impl.RoleInfo (RoleInfo.java:shutdownLeaderElection(134)) - 9d3a6fcb-b37a-4cb6-a53d-6566d174e0ab: shutdown LeaderElection
2019-09-25 12:38:41,161 [9d3a6fcb-b37a-4cb6-a53d-6566d174e0ab@group-E94F05885D91:LeaderElection2] INFO  impl.RaftServerImpl (RaftServerImpl.java:setRole(174)) - 9d3a6fcb-b37a-4cb6-a53d-6566d174e0ab@group-E94F05885D91: changes role from CANDIDATE to LEADER at term 1 for changeToLeader
2019-09-25 12:38:41,161 [9d3a6fcb-b37a-4cb6-a53d-6566d174e0ab@group-E94F05885D91:LeaderElection2] INFO  impl.RaftServerImpl (ServerState.java:setLeader(253)) - 9d3a6fcb-b37a-4cb6-a53d-6566d174e0ab@group-E94F05885D91: change Leader from null to 9d3a6fcb-b37a-4cb6-a53d-6566d174e0ab at term 1 for becomeLeader, leader elected after 5091ms
2019-09-25 12:38:41,161 [9d3a6fcb-b37a-4cb6-a53d-6566d174e0ab@group-E94F05885D91:LeaderElection2] INFO  server.RaftServerConfigKeys (ConfUtils.java:logGet(43)) - raft.server.staging.catchup.gap = 1000 (default)
2019-09-25 12:38:41,161 [9d3a6fcb-b37a-4cb6-a53d-6566d174e0ab@group-E94F05885D91:LeaderElection2] INFO  server.RaftServerConfigKeys (ConfUtils.java:logGet(43)) - raft.server.rpc.sleep.time = 25ms (default)
2019-09-25 12:38:41,162 [9d3a6fcb-b37a-4cb6-a53d-6566d174e0ab@group-E94F05885D91:LeaderElection2] INFO  server.RaftServerConfigKeys (ConfUtils.java:logGet(43)) - raft.server.write.element-limit = 4096 (default)
2019-09-25 12:38:41,162 [9d3a6fcb-b37a-4cb6-a53d-6566d174e0ab@group-E94F05885D91:LeaderElection2] INFO  server.RaftServerConfigKeys (ConfUtils.java:logGet(43)) - raft.server.watch.timeout = 10s (default)
2019-09-25 12:38:41,162 [9d3a6fcb-b37a-4cb6-a53d-6566d174e0ab@group-E94F05885D91:LeaderElection2] INFO  server.RaftServerConfigKeys (ConfUtils.java:logGet(43)) - raft.server.watch.timeout.denomination = 1s (default)
2019-09-25 12:38:41,162 [9d3a6fcb-b37a-4cb6-a53d-6566d174e0ab@group-E94F05885D91:LeaderElection2] INFO  server.RaftServerConfigKeys (ConfUtils.java:logGet(43)) - raft.server.watch.element-limit = 65536 (default)
2019-09-25 12:38:41,166 [9d3a6fcb-b37a-4cb6-a53d-6566d174e0ab@group-E94F05885D91:LeaderElection2] INFO  impl.RoleInfo (RoleInfo.java:updateAndGet(143)) - 9d3a6fcb-b37a-4cb6-a53d-6566d174e0ab: start LeaderState
2019-09-25 12:38:41,166 [9d3a6fcb-b37a-4cb6-a53d-6566d174e0ab@group-E94F05885D91:LeaderElection2] INFO  segmented.SegmentedRaftLogWorker (SegmentedRaftLogWorker.java:startLogSegment(380)) - 9d3a6fcb-b37a-4cb6-a53d-6566d174e0ab@group-E94F05885D91-SegmentedRaftLogWorker: Starting segment from index:0
2019-09-25 12:38:41,166 [9d3a6fcb-b37a-4cb6-a53d-6566d174e0ab@group-E94F05885D91:LeaderElection2] INFO  impl.RaftServerImpl (ServerState.java:setRaftConf(354)) - 9d3a6fcb-b37a-4cb6-a53d-6566d174e0ab@group-E94F05885D91: set configuration 0: [9d3a6fcb-b37a-4cb6-a53d-6566d174e0ab:192.168.151.73:39459], old=null at 0
2019-09-25 12:38:41,181 [0901ed62-149d-4b86-b900-0d06f71bfbdd@group-858234D1CA14:LeaderElection3] INFO  impl.LeaderElection (LeaderElection.java:askForVotes(182)) - 0901ed62-149d-4b86-b900-0d06f71bfbdd@group-858234D1CA14:LeaderElection3: begin an election at term 1 for -1: [0901ed62-149d-4b86-b900-0d06f71bfbdd:192.168.151.73:41891], old=null
2019-09-25 12:38:41,182 [0901ed62-149d-4b86-b900-0d06f71bfbdd@group-858234D1CA14:LeaderElection3] INFO  impl.RoleInfo (RoleInfo.java:shutdownLeaderElection(134)) - 0901ed62-149d-4b86-b900-0d06f71bfbdd: shutdown LeaderElection
2019-09-25 12:38:41,182 [0901ed62-149d-4b86-b900-0d06f71bfbdd@group-858234D1CA14:LeaderElection3] INFO  impl.RaftServerImpl (RaftServerImpl.java:setRole(174)) - 0901ed62-149d-4b86-b900-0d06f71bfbdd@group-858234D1CA14: changes role from CANDIDATE to LEADER at term 1 for changeToLeader
2019-09-25 12:38:41,182 [0901ed62-149d-4b86-b900-0d06f71bfbdd@group-858234D1CA14:LeaderElection3] INFO  impl.RaftServerImpl (ServerState.java:setLeader(253)) - 0901ed62-149d-4b86-b900-0d06f71bfbdd@group-858234D1CA14: change Leader from null to 0901ed62-149d-4b86-b900-0d06f71bfbdd at term 1 for becomeLeader, leader elected after 5223ms
2019-09-25 12:38:41,182 [0901ed62-149d-4b86-b900-0d06f71bfbdd@group-858234D1CA14:LeaderElection3] INFO  server.RaftServerConfigKeys (ConfUtils.java:logGet(43)) - raft.server.staging.catchup.gap = 1000 (default)
2019-09-25 12:38:41,183 [0901ed62-149d-4b86-b900-0d06f71bfbdd@group-858234D1CA14:LeaderElection3] INFO  server.RaftServerConfigKeys (ConfUtils.java:logGet(43)) - raft.server.rpc.sleep.time = 25ms (default)
2019-09-25 12:38:41,183 [0901ed62-149d-4b86-b900-0d06f71bfbdd@group-858234D1CA14:LeaderElection3] INFO  server.RaftServerConfigKeys (ConfUtils.java:logGet(43)) - raft.server.write.element-limit = 4096 (default)
2019-09-25 12:38:41,183 [0901ed62-149d-4b86-b900-0d06f71bfbdd@group-858234D1CA14:LeaderElection3] INFO  server.RaftServerConfigKeys (ConfUtils.java:logGet(43)) - raft.server.watch.timeout = 10s (default)
2019-09-25 12:38:41,183 [0901ed62-149d-4b86-b900-0d06f71bfbdd@group-858234D1CA14:LeaderElection3] INFO  server.RaftServerConfigKeys (ConfUtils.java:logGet(43)) - raft.server.watch.timeout.denomination = 1s (default)
2019-09-25 12:38:41,183 [0901ed62-149d-4b86-b900-0d06f71bfbdd@group-858234D1CA14:LeaderElection3] INFO  server.RaftServerConfigKeys (ConfUtils.java:logGet(43)) - raft.server.watch.element-limit = 65536 (default)
2019-09-25 12:38:41,187 [0901ed62-149d-4b86-b900-0d06f71bfbdd@group-858234D1CA14:LeaderElection3] INFO  impl.RoleInfo (RoleInfo.java:updateAndGet(143)) - 0901ed62-149d-4b86-b900-0d06f71bfbdd: start LeaderState
2019-09-25 12:38:41,187 [0901ed62-149d-4b86-b900-0d06f71bfbdd@group-858234D1CA14:LeaderElection3] INFO  segmented.SegmentedRaftLogWorker (SegmentedRaftLogWorker.java:startLogSegment(380)) - 0901ed62-149d-4b86-b900-0d06f71bfbdd@group-858234D1CA14-SegmentedRaftLogWorker: Starting segment from index:0
2019-09-25 12:38:41,188 [0901ed62-149d-4b86-b900-0d06f71bfbdd@group-858234D1CA14:LeaderElection3] INFO  impl.RaftServerImpl (ServerState.java:setRaftConf(354)) - 0901ed62-149d-4b86-b900-0d06f71bfbdd@group-858234D1CA14: set configuration 0: [0901ed62-149d-4b86-b900-0d06f71bfbdd:192.168.151.73:41891], old=null at 0
2019-09-25 12:38:41,263 [92722d09-e207-4d66-9e26-9e7903376c45@group-838B4345CAE8-SegmentedRaftLogWorker] INFO  segmented.SegmentedRaftLogWorker (SegmentedRaftLogWorker.java:execute(569)) - 92722d09-e207-4d66-9e26-9e7903376c45@group-838B4345CAE8-SegmentedRaftLogWorker: created new log segment /workdir/hadoop-ozone/integration-test/target/test-dir/MiniOzoneClusterImpl-8e40aa81-9222-408e-95f4-7134100ae31d/datanode-0/data/ratis/0260cd22-9896-430e-83d8-838b4345cae8/current/log_inprogress_0
2019-09-25 12:38:41,263 [0901ed62-149d-4b86-b900-0d06f71bfbdd@group-858234D1CA14-SegmentedRaftLogWorker] INFO  segmented.SegmentedRaftLogWorker (SegmentedRaftLogWorker.java:execute(569)) - 0901ed62-149d-4b86-b900-0d06f71bfbdd@group-858234D1CA14-SegmentedRaftLogWorker: created new log segment /workdir/hadoop-ozone/integration-test/target/test-dir/MiniOzoneClusterImpl-8e40aa81-9222-408e-95f4-7134100ae31d/datanode-2/data/ratis/6045569b-6e2f-4e67-8f48-858234d1ca14/current/log_inprogress_0
2019-09-25 12:38:41,263 [9d3a6fcb-b37a-4cb6-a53d-6566d174e0ab@group-E94F05885D91-SegmentedRaftLogWorker] INFO  segmented.SegmentedRaftLogWorker (SegmentedRaftLogWorker.java:execute(569)) - 9d3a6fcb-b37a-4cb6-a53d-6566d174e0ab@group-E94F05885D91-SegmentedRaftLogWorker: created new log segment /workdir/hadoop-ozone/integration-test/target/test-dir/MiniOzoneClusterImpl-8e40aa81-9222-408e-95f4-7134100ae31d/datanode-1/data/ratis/e14f26cd-e650-41b2-82dd-e94f05885d91/current/log_inprogress_0
2019-09-25 12:38:41,273 [Thread-189] INFO  impl.FollowerState (FollowerState.java:run(106)) - 92722d09-e207-4d66-9e26-9e7903376c45:group-C0ED420A37B3 changes to CANDIDATE, lastRpcTime:5095, electionTimeout:5095ms
2019-09-25 12:38:41,273 [Thread-189] INFO  impl.RoleInfo (RoleInfo.java:shutdownFollowerState(121)) - 92722d09-e207-4d66-9e26-9e7903376c45: shutdown FollowerState
2019-09-25 12:38:41,274 [Thread-189] INFO  impl.RaftServerImpl (RaftServerImpl.java:setRole(174)) - 92722d09-e207-4d66-9e26-9e7903376c45@group-C0ED420A37B3: changes role from  FOLLOWER to CANDIDATE at term 0 for changeToCandidate
2019-09-25 12:38:41,274 [Thread-189] INFO  impl.RoleInfo (RoleInfo.java:updateAndGet(143)) - 92722d09-e207-4d66-9e26-9e7903376c45: start LeaderElection
2019-09-25 12:38:41,284 [92722d09-e207-4d66-9e26-9e7903376c45@group-C0ED420A37B3:LeaderElection4] INFO  impl.LeaderElection (LeaderElection.java:askForVotes(182)) - 92722d09-e207-4d66-9e26-9e7903376c45@group-C0ED420A37B3:LeaderElection4: begin an election at term 1 for -1: [92722d09-e207-4d66-9e26-9e7903376c45:192.168.151.73:44862], old=null
2019-09-25 12:38:41,284 [92722d09-e207-4d66-9e26-9e7903376c45@group-C0ED420A37B3:LeaderElection4] INFO  impl.RoleInfo (RoleInfo.java:shutdownLeaderElection(134)) - 92722d09-e207-4d66-9e26-9e7903376c45: shutdown LeaderElection
2019-09-25 12:38:41,284 [92722d09-e207-4d66-9e26-9e7903376c45@group-C0ED420A37B3:LeaderElection4] INFO  impl.RaftServerImpl (RaftServerImpl.java:setRole(174)) - 92722d09-e207-4d66-9e26-9e7903376c45@group-C0ED420A37B3: changes role from CANDIDATE to LEADER at term 1 for changeToLeader
2019-09-25 12:38:41,284 [92722d09-e207-4d66-9e26-9e7903376c45@group-C0ED420A37B3:LeaderElection4] INFO  impl.RaftServerImpl (ServerState.java:setLeader(253)) - 92722d09-e207-4d66-9e26-9e7903376c45@group-C0ED420A37B3: change Leader from null to 92722d09-e207-4d66-9e26-9e7903376c45 at term 1 for becomeLeader, leader elected after 5117ms
2019-09-25 12:38:41,285 [92722d09-e207-4d66-9e26-9e7903376c45@group-C0ED420A37B3:LeaderElection4] INFO  server.RaftServerConfigKeys (ConfUtils.java:logGet(43)) - raft.server.staging.catchup.gap = 1000 (default)
2019-09-25 12:38:41,285 [92722d09-e207-4d66-9e26-9e7903376c45@group-C0ED420A37B3:LeaderElection4] INFO  server.RaftServerConfigKeys (ConfUtils.java:logGet(43)) - raft.server.rpc.sleep.time = 25ms (default)
2019-09-25 12:38:41,285 [92722d09-e207-4d66-9e26-9e7903376c45@group-C0ED420A37B3:LeaderElection4] INFO  server.RaftServerConfigKeys (ConfUtils.java:logGet(43)) - raft.server.write.element-limit = 4096 (default)
2019-09-25 12:38:41,285 [92722d09-e207-4d66-9e26-9e7903376c45@group-C0ED420A37B3:LeaderElection4] INFO  server.RaftServerConfigKeys (ConfUtils.java:logGet(43)) - raft.server.watch.timeout = 10s (default)
2019-09-25 12:38:41,285 [92722d09-e207-4d66-9e26-9e7903376c45@group-C0ED420A37B3:LeaderElection4] INFO  server.RaftServerConfigKeys (ConfUtils.java:logGet(43)) - raft.server.watch.timeout.denomination = 1s (default)
2019-09-25 12:38:41,285 [92722d09-e207-4d66-9e26-9e7903376c45@group-C0ED420A37B3:LeaderElection4] INFO  server.RaftServerConfigKeys (ConfUtils.java:logGet(43)) - raft.server.watch.element-limit = 65536 (default)
2019-09-25 12:38:41,288 [92722d09-e207-4d66-9e26-9e7903376c45@group-C0ED420A37B3:LeaderElection4] INFO  impl.RoleInfo (RoleInfo.java:updateAndGet(143)) - 92722d09-e207-4d66-9e26-9e7903376c45: start LeaderState
2019-09-25 12:38:41,288 [92722d09-e207-4d66-9e26-9e7903376c45@group-C0ED420A37B3:LeaderElection4] INFO  segmented.SegmentedRaftLogWorker (SegmentedRaftLogWorker.java:startLogSegment(380)) - 92722d09-e207-4d66-9e26-9e7903376c45@group-C0ED420A37B3-SegmentedRaftLogWorker: Starting segment from index:0
2019-09-25 12:38:41,289 [92722d09-e207-4d66-9e26-9e7903376c45@group-C0ED420A37B3:LeaderElection4] INFO  impl.RaftServerImpl (ServerState.java:setRaftConf(354)) - 92722d09-e207-4d66-9e26-9e7903376c45@group-C0ED420A37B3: set configuration 0: [92722d09-e207-4d66-9e26-9e7903376c45:192.168.151.73:44862], old=null at 0
2019-09-25 12:38:41,341 [92722d09-e207-4d66-9e26-9e7903376c45@group-C0ED420A37B3-SegmentedRaftLogWorker] INFO  segmented.SegmentedRaftLogWorker (SegmentedRaftLogWorker.java:execute(569)) - 92722d09-e207-4d66-9e26-9e7903376c45@group-C0ED420A37B3-SegmentedRaftLogWorker: created new log segment /workdir/hadoop-ozone/integration-test/target/test-dir/MiniOzoneClusterImpl-8e40aa81-9222-408e-95f4-7134100ae31d/datanode-0/data/ratis/78290609-45fe-4f4e-9906-c0ed420a37b3/current/log_inprogress_0
2019-09-25 12:38:41,360 [Thread-195] INFO  impl.FollowerState (FollowerState.java:run(106)) - 9d3a6fcb-b37a-4cb6-a53d-6566d174e0ab:group-CD5BBE45E776 changes to CANDIDATE, lastRpcTime:5028, electionTimeout:5028ms
2019-09-25 12:38:41,361 [Thread-195] INFO  impl.RoleInfo (RoleInfo.java:shutdownFollowerState(121)) - 9d3a6fcb-b37a-4cb6-a53d-6566d174e0ab: shutdown FollowerState
2019-09-25 12:38:41,361 [Thread-195] INFO  impl.RaftServerImpl (RaftServerImpl.java:setRole(174)) - 9d3a6fcb-b37a-4cb6-a53d-6566d174e0ab@group-CD5BBE45E776: changes role from  FOLLOWER to CANDIDATE at term 0 for changeToCandidate
2019-09-25 12:38:41,361 [Thread-195] INFO  impl.RoleInfo (RoleInfo.java:updateAndGet(143)) - 9d3a6fcb-b37a-4cb6-a53d-6566d174e0ab: start LeaderElection
2019-09-25 12:38:41,378 [9d3a6fcb-b37a-4cb6-a53d-6566d174e0ab@group-CD5BBE45E776:LeaderElection5] INFO  impl.LeaderElection (LeaderElection.java:askForVotes(182)) - 9d3a6fcb-b37a-4cb6-a53d-6566d174e0ab@group-CD5BBE45E776:LeaderElection5: begin an election at term 1 for -1: [9d3a6fcb-b37a-4cb6-a53d-6566d174e0ab:192.168.151.73:39459], old=null
2019-09-25 12:38:41,378 [9d3a6fcb-b37a-4cb6-a53d-6566d174e0ab@group-CD5BBE45E776:LeaderElection5] INFO  impl.RoleInfo (RoleInfo.java:shutdownLeaderElection(134)) - 9d3a6fcb-b37a-4cb6-a53d-6566d174e0ab: shutdown LeaderElection
2019-09-25 12:38:41,378 [9d3a6fcb-b37a-4cb6-a53d-6566d174e0ab@group-CD5BBE45E776:LeaderElection5] INFO  impl.RaftServerImpl (RaftServerImpl.java:setRole(174)) - 9d3a6fcb-b37a-4cb6-a53d-6566d174e0ab@group-CD5BBE45E776: changes role from CANDIDATE to LEADER at term 1 for changeToLeader
2019-09-25 12:38:41,378 [9d3a6fcb-b37a-4cb6-a53d-6566d174e0ab@group-CD5BBE45E776:LeaderElection5] INFO  impl.RaftServerImpl (ServerState.java:setLeader(253)) - 9d3a6fcb-b37a-4cb6-a53d-6566d174e0ab@group-CD5BBE45E776: change Leader from null to 9d3a6fcb-b37a-4cb6-a53d-6566d174e0ab at term 1 for becomeLeader, leader elected after 5055ms
2019-09-25 12:38:41,379 [9d3a6fcb-b37a-4cb6-a53d-6566d174e0ab@group-CD5BBE45E776:LeaderElection5] INFO  server.RaftServerConfigKeys (ConfUtils.java:logGet(43)) - raft.server.staging.catchup.gap = 1000 (default)
2019-09-25 12:38:41,379 [9d3a6fcb-b37a-4cb6-a53d-6566d174e0ab@group-CD5BBE45E776:LeaderElection5] INFO  server.RaftServerConfigKeys (ConfUtils.java:logGet(43)) - raft.server.rpc.sleep.time = 25ms (default)
2019-09-25 12:38:41,379 [9d3a6fcb-b37a-4cb6-a53d-6566d174e0ab@group-CD5BBE45E776:LeaderElection5] INFO  server.RaftServerConfigKeys (ConfUtils.java:logGet(43)) - raft.server.write.element-limit = 4096 (default)
2019-09-25 12:38:41,379 [9d3a6fcb-b37a-4cb6-a53d-6566d174e0ab@group-CD5BBE45E776:LeaderElection5] INFO  server.RaftServerConfigKeys (ConfUtils.java:logGet(43)) - raft.server.watch.timeout = 10s (default)
2019-09-25 12:38:41,379 [9d3a6fcb-b37a-4cb6-a53d-6566d174e0ab@group-CD5BBE45E776:LeaderElection5] INFO  server.RaftServerConfigKeys (ConfUtils.java:logGet(43)) - raft.server.watch.timeout.denomination = 1s (default)
2019-09-25 12:38:41,380 [9d3a6fcb-b37a-4cb6-a53d-6566d174e0ab@group-CD5BBE45E776:LeaderElection5] INFO  server.RaftServerConfigKeys (ConfUtils.java:logGet(43)) - raft.server.watch.element-limit = 65536 (default)
2019-09-25 12:38:41,383 [9d3a6fcb-b37a-4cb6-a53d-6566d174e0ab@group-CD5BBE45E776:LeaderElection5] INFO  impl.RoleInfo (RoleInfo.java:updateAndGet(143)) - 9d3a6fcb-b37a-4cb6-a53d-6566d174e0ab: start LeaderState
2019-09-25 12:38:41,383 [9d3a6fcb-b37a-4cb6-a53d-6566d174e0ab@group-CD5BBE45E776:LeaderElection5] INFO  segmented.SegmentedRaftLogWorker (SegmentedRaftLogWorker.java:startLogSegment(380)) - 9d3a6fcb-b37a-4cb6-a53d-6566d174e0ab@group-CD5BBE45E776-SegmentedRaftLogWorker: Starting segment from index:0
2019-09-25 12:38:41,384 [9d3a6fcb-b37a-4cb6-a53d-6566d174e0ab@group-CD5BBE45E776:LeaderElection5] INFO  impl.RaftServerImpl (ServerState.java:setRaftConf(354)) - 9d3a6fcb-b37a-4cb6-a53d-6566d174e0ab@group-CD5BBE45E776: set configuration 0: [9d3a6fcb-b37a-4cb6-a53d-6566d174e0ab:192.168.151.73:39459], old=null at 0
2019-09-25 12:38:41,421 [Thread-192] INFO  impl.FollowerState (FollowerState.java:run(106)) - 92722d09-e207-4d66-9e26-9e7903376c45:group-D2D73F349871 changes to CANDIDATE, lastRpcTime:5158, electionTimeout:5158ms
2019-09-25 12:38:41,422 [Thread-192] INFO  impl.RoleInfo (RoleInfo.java:shutdownFollowerState(121)) - 92722d09-e207-4d66-9e26-9e7903376c45: shutdown FollowerState
2019-09-25 12:38:41,422 [Thread-192] INFO  impl.RaftServerImpl (RaftServerImpl.java:setRole(174)) - 92722d09-e207-4d66-9e26-9e7903376c45@group-D2D73F349871: changes role from  FOLLOWER to CANDIDATE at term 0 for changeToCandidate
2019-09-25 12:38:41,422 [Thread-192] INFO  impl.RoleInfo (RoleInfo.java:updateAndGet(143)) - 92722d09-e207-4d66-9e26-9e7903376c45: start LeaderElection
2019-09-25 12:38:41,445 [9d3a6fcb-b37a-4cb6-a53d-6566d174e0ab@group-CD5BBE45E776-SegmentedRaftLogWorker] INFO  segmented.SegmentedRaftLogWorker (SegmentedRaftLogWorker.java:execute(569)) - 9d3a6fcb-b37a-4cb6-a53d-6566d174e0ab@group-CD5BBE45E776-SegmentedRaftLogWorker: created new log segment /workdir/hadoop-ozone/integration-test/target/test-dir/MiniOzoneClusterImpl-8e40aa81-9222-408e-95f4-7134100ae31d/datanode-1/data/ratis/e41711d6-635b-42da-878a-cd5bbe45e776/current/log_inprogress_0
2019-09-25 12:38:41,445 [92722d09-e207-4d66-9e26-9e7903376c45@group-D2D73F349871:LeaderElection6] INFO  impl.LeaderElection (LeaderElection.java:askForVotes(182)) - 92722d09-e207-4d66-9e26-9e7903376c45@group-D2D73F349871:LeaderElection6: begin an election at term 1 for -1: [92722d09-e207-4d66-9e26-9e7903376c45:192.168.151.73:44862], old=null
2019-09-25 12:38:41,446 [92722d09-e207-4d66-9e26-9e7903376c45@group-D2D73F349871:LeaderElection6] INFO  impl.RoleInfo (RoleInfo.java:shutdownLeaderElection(134)) - 92722d09-e207-4d66-9e26-9e7903376c45: shutdown LeaderElection
2019-09-25 12:38:41,446 [92722d09-e207-4d66-9e26-9e7903376c45@group-D2D73F349871:LeaderElection6] INFO  impl.RaftServerImpl (RaftServerImpl.java:setRole(174)) - 92722d09-e207-4d66-9e26-9e7903376c45@group-D2D73F349871: changes role from CANDIDATE to LEADER at term 1 for changeToLeader
2019-09-25 12:38:41,446 [92722d09-e207-4d66-9e26-9e7903376c45@group-D2D73F349871:LeaderElection6] INFO  impl.RaftServerImpl (ServerState.java:setLeader(253)) - 92722d09-e207-4d66-9e26-9e7903376c45@group-D2D73F349871: change Leader from null to 92722d09-e207-4d66-9e26-9e7903376c45 at term 1 for becomeLeader, leader elected after 5192ms
2019-09-25 12:38:41,446 [92722d09-e207-4d66-9e26-9e7903376c45@group-D2D73F349871:LeaderElection6] INFO  server.RaftServerConfigKeys (ConfUtils.java:logGet(43)) - raft.server.staging.catchup.gap = 1000 (default)
2019-09-25 12:38:41,446 [92722d09-e207-4d66-9e26-9e7903376c45@group-D2D73F349871:LeaderElection6] INFO  server.RaftServerConfigKeys (ConfUtils.java:logGet(43)) - raft.server.rpc.sleep.time = 25ms (default)
2019-09-25 12:38:41,447 [92722d09-e207-4d66-9e26-9e7903376c45@group-D2D73F349871:LeaderElection6] INFO  server.RaftServerConfigKeys (ConfUtils.java:logGet(43)) - raft.server.write.element-limit = 4096 (default)
2019-09-25 12:38:41,447 [92722d09-e207-4d66-9e26-9e7903376c45@group-D2D73F349871:LeaderElection6] INFO  server.RaftServerConfigKeys (ConfUtils.java:logGet(43)) - raft.server.watch.timeout = 10s (default)
2019-09-25 12:38:41,447 [92722d09-e207-4d66-9e26-9e7903376c45@group-D2D73F349871:LeaderElection6] INFO  server.RaftServerConfigKeys (ConfUtils.java:logGet(43)) - raft.server.watch.timeout.denomination = 1s (default)
2019-09-25 12:38:41,447 [92722d09-e207-4d66-9e26-9e7903376c45@group-D2D73F349871:LeaderElection6] INFO  server.RaftServerConfigKeys (ConfUtils.java:logGet(43)) - raft.server.watch.element-limit = 65536 (default)
2019-09-25 12:38:41,451 [92722d09-e207-4d66-9e26-9e7903376c45@group-D2D73F349871:LeaderElection6] INFO  impl.RoleInfo (RoleInfo.java:updateAndGet(143)) - 92722d09-e207-4d66-9e26-9e7903376c45: start LeaderState
2019-09-25 12:38:41,451 [92722d09-e207-4d66-9e26-9e7903376c45@group-D2D73F349871:LeaderElection6] INFO  segmented.SegmentedRaftLogWorker (SegmentedRaftLogWorker.java:startLogSegment(380)) - 92722d09-e207-4d66-9e26-9e7903376c45@group-D2D73F349871-SegmentedRaftLogWorker: Starting segment from index:0
2019-09-25 12:38:41,452 [92722d09-e207-4d66-9e26-9e7903376c45@group-D2D73F349871:LeaderElection6] INFO  impl.RaftServerImpl (ServerState.java:setRaftConf(354)) - 92722d09-e207-4d66-9e26-9e7903376c45@group-D2D73F349871: set configuration 0: [92722d09-e207-4d66-9e26-9e7903376c45:192.168.151.73:44862], old=null at 0
2019-09-25 12:38:41,511 [92722d09-e207-4d66-9e26-9e7903376c45@group-D2D73F349871-SegmentedRaftLogWorker] INFO  segmented.SegmentedRaftLogWorker (SegmentedRaftLogWorker.java:execute(569)) - 92722d09-e207-4d66-9e26-9e7903376c45@group-D2D73F349871-SegmentedRaftLogWorker: created new log segment /workdir/hadoop-ozone/integration-test/target/test-dir/MiniOzoneClusterImpl-8e40aa81-9222-408e-95f4-7134100ae31d/datanode-0/data/ratis/491f4e44-c171-4479-a264-d2d73f349871/current/log_inprogress_0
2019-09-25 12:38:41,515 [Thread-198] INFO  impl.FollowerState (FollowerState.java:run(106)) - 9d3a6fcb-b37a-4cb6-a53d-6566d174e0ab:group-BCF4B2D18499 changes to CANDIDATE, lastRpcTime:5116, electionTimeout:5116ms
2019-09-25 12:38:41,515 [Thread-198] INFO  impl.RoleInfo (RoleInfo.java:shutdownFollowerState(121)) - 9d3a6fcb-b37a-4cb6-a53d-6566d174e0ab: shutdown FollowerState
2019-09-25 12:38:41,515 [Thread-198] INFO  impl.RaftServerImpl (RaftServerImpl.java:setRole(174)) - 9d3a6fcb-b37a-4cb6-a53d-6566d174e0ab@group-BCF4B2D18499: changes role from  FOLLOWER to CANDIDATE at term 0 for changeToCandidate
2019-09-25 12:38:41,516 [Thread-198] INFO  impl.RoleInfo (RoleInfo.java:updateAndGet(143)) - 9d3a6fcb-b37a-4cb6-a53d-6566d174e0ab: start LeaderElection
2019-09-25 12:38:41,525 [9d3a6fcb-b37a-4cb6-a53d-6566d174e0ab@group-BCF4B2D18499:LeaderElection7] INFO  impl.LeaderElection (LeaderElection.java:askForVotes(182)) - 9d3a6fcb-b37a-4cb6-a53d-6566d174e0ab@group-BCF4B2D18499:LeaderElection7: begin an election at term 1 for -1: [9d3a6fcb-b37a-4cb6-a53d-6566d174e0ab:192.168.151.73:39459], old=null
2019-09-25 12:38:41,525 [9d3a6fcb-b37a-4cb6-a53d-6566d174e0ab@group-BCF4B2D18499:LeaderElection7] INFO  impl.RoleInfo (RoleInfo.java:shutdownLeaderElection(134)) - 9d3a6fcb-b37a-4cb6-a53d-6566d174e0ab: shutdown LeaderElection
2019-09-25 12:38:41,525 [9d3a6fcb-b37a-4cb6-a53d-6566d174e0ab@group-BCF4B2D18499:LeaderElection7] INFO  impl.RaftServerImpl (RaftServerImpl.java:setRole(174)) - 9d3a6fcb-b37a-4cb6-a53d-6566d174e0ab@group-BCF4B2D18499: changes role from CANDIDATE to LEADER at term 1 for changeToLeader
2019-09-25 12:38:41,525 [9d3a6fcb-b37a-4cb6-a53d-6566d174e0ab@group-BCF4B2D18499:LeaderElection7] INFO  impl.RaftServerImpl (ServerState.java:setLeader(253)) - 9d3a6fcb-b37a-4cb6-a53d-6566d174e0ab@group-BCF4B2D18499: change Leader from null to 9d3a6fcb-b37a-4cb6-a53d-6566d174e0ab at term 1 for becomeLeader, leader elected after 5134ms
2019-09-25 12:38:41,525 [9d3a6fcb-b37a-4cb6-a53d-6566d174e0ab@group-BCF4B2D18499:LeaderElection7] INFO  server.RaftServerConfigKeys (ConfUtils.java:logGet(43)) - raft.server.staging.catchup.gap = 1000 (default)
2019-09-25 12:38:41,526 [9d3a6fcb-b37a-4cb6-a53d-6566d174e0ab@group-BCF4B2D18499:LeaderElection7] INFO  server.RaftServerConfigKeys (ConfUtils.java:logGet(43)) - raft.server.rpc.sleep.time = 25ms (default)
2019-09-25 12:38:41,526 [9d3a6fcb-b37a-4cb6-a53d-6566d174e0ab@group-BCF4B2D18499:LeaderElection7] INFO  server.RaftServerConfigKeys (ConfUtils.java:logGet(43)) - raft.server.write.element-limit = 4096 (default)
2019-09-25 12:38:41,526 [9d3a6fcb-b37a-4cb6-a53d-6566d174e0ab@group-BCF4B2D18499:LeaderElection7] INFO  server.RaftServerConfigKeys (ConfUtils.java:logGet(43)) - raft.server.watch.timeout = 10s (default)
2019-09-25 12:38:41,526 [9d3a6fcb-b37a-4cb6-a53d-6566d174e0ab@group-BCF4B2D18499:LeaderElection7] INFO  server.RaftServerConfigKeys (ConfUtils.java:logGet(43)) - raft.server.watch.timeout.denomination = 1s (default)
2019-09-25 12:38:41,526 [9d3a6fcb-b37a-4cb6-a53d-6566d174e0ab@group-BCF4B2D18499:LeaderElection7] INFO  server.RaftServerConfigKeys (ConfUtils.java:logGet(43)) - raft.server.watch.element-limit = 65536 (default)
2019-09-25 12:38:41,530 [9d3a6fcb-b37a-4cb6-a53d-6566d174e0ab@group-BCF4B2D18499:LeaderElection7] INFO  impl.RoleInfo (RoleInfo.java:updateAndGet(143)) - 9d3a6fcb-b37a-4cb6-a53d-6566d174e0ab: start LeaderState
2019-09-25 12:38:41,530 [9d3a6fcb-b37a-4cb6-a53d-6566d174e0ab@group-BCF4B2D18499:LeaderElection7] INFO  segmented.SegmentedRaftLogWorker (SegmentedRaftLogWorker.java:startLogSegment(380)) - 9d3a6fcb-b37a-4cb6-a53d-6566d174e0ab@group-BCF4B2D18499-SegmentedRaftLogWorker: Starting segment from index:0
2019-09-25 12:38:41,531 [9d3a6fcb-b37a-4cb6-a53d-6566d174e0ab@group-BCF4B2D18499:LeaderElection7] INFO  impl.RaftServerImpl (ServerState.java:setRaftConf(354)) - 9d3a6fcb-b37a-4cb6-a53d-6566d174e0ab@group-BCF4B2D18499: set configuration 0: [9d3a6fcb-b37a-4cb6-a53d-6566d174e0ab:192.168.151.73:39459], old=null at 0
2019-09-25 12:38:41,565 [Thread-201] INFO  impl.FollowerState (FollowerState.java:run(106)) - 0901ed62-149d-4b86-b900-0d06f71bfbdd:group-A094515FC64F changes to CANDIDATE, lastRpcTime:5103, electionTimeout:5074ms
2019-09-25 12:38:41,565 [Thread-204] INFO  impl.FollowerState (FollowerState.java:run(106)) - 92722d09-e207-4d66-9e26-9e7903376c45:group-C96C8C260D86 changes to CANDIDATE, lastRpcTime:5040, electionTimeout:5029ms
2019-09-25 12:38:41,565 [Thread-201] INFO  impl.RoleInfo (RoleInfo.java:shutdownFollowerState(121)) - 0901ed62-149d-4b86-b900-0d06f71bfbdd: shutdown FollowerState
2019-09-25 12:38:41,567 [Thread-204] INFO  impl.RoleInfo (RoleInfo.java:shutdownFollowerState(121)) - 92722d09-e207-4d66-9e26-9e7903376c45: shutdown FollowerState
2019-09-25 12:38:41,567 [Thread-201] INFO  impl.RaftServerImpl (RaftServerImpl.java:setRole(174)) - 0901ed62-149d-4b86-b900-0d06f71bfbdd@group-A094515FC64F: changes role from  FOLLOWER to CANDIDATE at term 0 for changeToCandidate
2019-09-25 12:38:41,567 [Thread-204] INFO  impl.RaftServerImpl (RaftServerImpl.java:setRole(174)) - 92722d09-e207-4d66-9e26-9e7903376c45@group-C96C8C260D86: changes role from  FOLLOWER to CANDIDATE at term 0 for changeToCandidate
2019-09-25 12:38:41,567 [Thread-201] INFO  impl.RoleInfo (RoleInfo.java:updateAndGet(143)) - 0901ed62-149d-4b86-b900-0d06f71bfbdd: start LeaderElection
2019-09-25 12:38:41,567 [Thread-204] INFO  impl.RoleInfo (RoleInfo.java:updateAndGet(143)) - 92722d09-e207-4d66-9e26-9e7903376c45: start LeaderElection
2019-09-25 12:38:41,578 [9d3a6fcb-b37a-4cb6-a53d-6566d174e0ab@group-BCF4B2D18499-SegmentedRaftLogWorker] INFO  segmented.SegmentedRaftLogWorker (SegmentedRaftLogWorker.java:execute(569)) - 9d3a6fcb-b37a-4cb6-a53d-6566d174e0ab@group-BCF4B2D18499-SegmentedRaftLogWorker: created new log segment /workdir/hadoop-ozone/integration-test/target/test-dir/MiniOzoneClusterImpl-8e40aa81-9222-408e-95f4-7134100ae31d/datanode-1/data/ratis/2fcef9cb-c6a0-4dce-9145-bcf4b2d18499/current/log_inprogress_0
2019-09-25 12:38:41,578 [92722d09-e207-4d66-9e26-9e7903376c45@group-C96C8C260D86:LeaderElection9] INFO  impl.LeaderElection (LeaderElection.java:askForVotes(182)) - 92722d09-e207-4d66-9e26-9e7903376c45@group-C96C8C260D86:LeaderElection9: begin an election at term 1 for -1: [92722d09-e207-4d66-9e26-9e7903376c45:192.168.151.73:44862], old=null
2019-09-25 12:38:41,578 [0901ed62-149d-4b86-b900-0d06f71bfbdd@group-A094515FC64F:LeaderElection8] INFO  impl.LeaderElection (LeaderElection.java:askForVotes(182)) - 0901ed62-149d-4b86-b900-0d06f71bfbdd@group-A094515FC64F:LeaderElection8: begin an election at term 1 for -1: [0901ed62-149d-4b86-b900-0d06f71bfbdd:192.168.151.73:41891], old=null
2019-09-25 12:38:41,578 [92722d09-e207-4d66-9e26-9e7903376c45@group-C96C8C260D86:LeaderElection9] INFO  impl.RoleInfo (RoleInfo.java:shutdownLeaderElection(134)) - 92722d09-e207-4d66-9e26-9e7903376c45: shutdown LeaderElection
2019-09-25 12:38:41,578 [0901ed62-149d-4b86-b900-0d06f71bfbdd@group-A094515FC64F:LeaderElection8] INFO  impl.RoleInfo (RoleInfo.java:shutdownLeaderElection(134)) - 0901ed62-149d-4b86-b900-0d06f71bfbdd: shutdown LeaderElection
2019-09-25 12:38:41,578 [92722d09-e207-4d66-9e26-9e7903376c45@group-C96C8C260D86:LeaderElection9] INFO  impl.RaftServerImpl (RaftServerImpl.java:setRole(174)) - 92722d09-e207-4d66-9e26-9e7903376c45@group-C96C8C260D86: changes role from CANDIDATE to LEADER at term 1 for changeToLeader
2019-09-25 12:38:41,579 [0901ed62-149d-4b86-b900-0d06f71bfbdd@group-A094515FC64F:LeaderElection8] INFO  impl.RaftServerImpl (RaftServerImpl.java:setRole(174)) - 0901ed62-149d-4b86-b900-0d06f71bfbdd@group-A094515FC64F: changes role from CANDIDATE to LEADER at term 1 for changeToLeader
2019-09-25 12:38:41,579 [92722d09-e207-4d66-9e26-9e7903376c45@group-C96C8C260D86:LeaderElection9] INFO  impl.RaftServerImpl (ServerState.java:setLeader(253)) - 92722d09-e207-4d66-9e26-9e7903376c45@group-C96C8C260D86: change Leader from null to 92722d09-e207-4d66-9e26-9e7903376c45 at term 1 for becomeLeader, leader elected after 5064ms
2019-09-25 12:38:41,579 [0901ed62-149d-4b86-b900-0d06f71bfbdd@group-A094515FC64F:LeaderElection8] INFO  impl.RaftServerImpl (ServerState.java:setLeader(253)) - 0901ed62-149d-4b86-b900-0d06f71bfbdd@group-A094515FC64F: change Leader from null to 0901ed62-149d-4b86-b900-0d06f71bfbdd at term 1 for becomeLeader, leader elected after 5125ms
2019-09-25 12:38:41,579 [92722d09-e207-4d66-9e26-9e7903376c45@group-C96C8C260D86:LeaderElection9] INFO  server.RaftServerConfigKeys (ConfUtils.java:logGet(43)) - raft.server.staging.catchup.gap = 1000 (default)
2019-09-25 12:38:41,579 [0901ed62-149d-4b86-b900-0d06f71bfbdd@group-A094515FC64F:LeaderElection8] INFO  server.RaftServerConfigKeys (ConfUtils.java:logGet(43)) - raft.server.staging.catchup.gap = 1000 (default)
2019-09-25 12:38:41,579 [92722d09-e207-4d66-9e26-9e7903376c45@group-C96C8C260D86:LeaderElection9] INFO  server.RaftServerConfigKeys (ConfUtils.java:logGet(43)) - raft.server.rpc.sleep.time = 25ms (default)
2019-09-25 12:38:41,579 [0901ed62-149d-4b86-b900-0d06f71bfbdd@group-A094515FC64F:LeaderElection8] INFO  server.RaftServerConfigKeys (ConfUtils.java:logGet(43)) - raft.server.rpc.sleep.time = 25ms (default)
2019-09-25 12:38:41,580 [92722d09-e207-4d66-9e26-9e7903376c45@group-C96C8C260D86:LeaderElection9] INFO  server.RaftServerConfigKeys (ConfUtils.java:logGet(43)) - raft.server.write.element-limit = 4096 (default)
2019-09-25 12:38:41,580 [0901ed62-149d-4b86-b900-0d06f71bfbdd@group-A094515FC64F:LeaderElection8] INFO  server.RaftServerConfigKeys (ConfUtils.java:logGet(43)) - raft.server.write.element-limit = 4096 (default)
2019-09-25 12:38:41,580 [92722d09-e207-4d66-9e26-9e7903376c45@group-C96C8C260D86:LeaderElection9] INFO  server.RaftServerConfigKeys (ConfUtils.java:logGet(43)) - raft.server.watch.timeout = 10s (default)
2019-09-25 12:38:41,580 [0901ed62-149d-4b86-b900-0d06f71bfbdd@group-A094515FC64F:LeaderElection8] INFO  server.RaftServerConfigKeys (ConfUtils.java:logGet(43)) - raft.server.watch.timeout = 10s (default)
2019-09-25 12:38:41,580 [92722d09-e207-4d66-9e26-9e7903376c45@group-C96C8C260D86:LeaderElection9] INFO  server.RaftServerConfigKeys (ConfUtils.java:logGet(43)) - raft.server.watch.timeout.denomination = 1s (default)
2019-09-25 12:38:41,580 [0901ed62-149d-4b86-b900-0d06f71bfbdd@group-A094515FC64F:LeaderElection8] INFO  server.RaftServerConfigKeys (ConfUtils.java:logGet(43)) - raft.server.watch.timeout.denomination = 1s (default)
2019-09-25 12:38:41,580 [92722d09-e207-4d66-9e26-9e7903376c45@group-C96C8C260D86:LeaderElection9] INFO  server.RaftServerConfigKeys (ConfUtils.java:logGet(43)) - raft.server.watch.element-limit = 65536 (default)
2019-09-25 12:38:41,581 [0901ed62-149d-4b86-b900-0d06f71bfbdd@group-A094515FC64F:LeaderElection8] INFO  server.RaftServerConfigKeys (ConfUtils.java:logGet(43)) - raft.server.watch.element-limit = 65536 (default)
2019-09-25 12:38:41,585 [92722d09-e207-4d66-9e26-9e7903376c45@group-C96C8C260D86:LeaderElection9] INFO  impl.RoleInfo (RoleInfo.java:updateAndGet(143)) - 92722d09-e207-4d66-9e26-9e7903376c45: start LeaderState
2019-09-25 12:38:41,585 [92722d09-e207-4d66-9e26-9e7903376c45@group-C96C8C260D86:LeaderElection9] INFO  segmented.SegmentedRaftLogWorker (SegmentedRaftLogWorker.java:startLogSegment(380)) - 92722d09-e207-4d66-9e26-9e7903376c45@group-C96C8C260D86-SegmentedRaftLogWorker: Starting segment from index:0
2019-09-25 12:38:41,585 [0901ed62-149d-4b86-b900-0d06f71bfbdd@group-A094515FC64F:LeaderElection8] INFO  impl.RoleInfo (RoleInfo.java:updateAndGet(143)) - 0901ed62-149d-4b86-b900-0d06f71bfbdd: start LeaderState
2019-09-25 12:38:41,586 [0901ed62-149d-4b86-b900-0d06f71bfbdd@group-A094515FC64F:LeaderElection8] INFO  segmented.SegmentedRaftLogWorker (SegmentedRaftLogWorker.java:startLogSegment(380)) - 0901ed62-149d-4b86-b900-0d06f71bfbdd@group-A094515FC64F-SegmentedRaftLogWorker: Starting segment from index:0
2019-09-25 12:38:41,586 [92722d09-e207-4d66-9e26-9e7903376c45@group-C96C8C260D86:LeaderElection9] INFO  impl.RaftServerImpl (ServerState.java:setRaftConf(354)) - 92722d09-e207-4d66-9e26-9e7903376c45@group-C96C8C260D86: set configuration 0: [92722d09-e207-4d66-9e26-9e7903376c45:192.168.151.73:44862], old=null at 0
2019-09-25 12:38:41,624 [0901ed62-149d-4b86-b900-0d06f71bfbdd@group-A094515FC64F:LeaderElection8] INFO  impl.RaftServerImpl (ServerState.java:setRaftConf(354)) - 0901ed62-149d-4b86-b900-0d06f71bfbdd@group-A094515FC64F: set configuration 0: [0901ed62-149d-4b86-b900-0d06f71bfbdd:192.168.151.73:41891], old=null at 0
2019-09-25 12:38:41,638 [0901ed62-149d-4b86-b900-0d06f71bfbdd@group-A094515FC64F-SegmentedRaftLogWorker] INFO  segmented.SegmentedRaftLogWorker (SegmentedRaftLogWorker.java:execute(569)) - 0901ed62-149d-4b86-b900-0d06f71bfbdd@group-A094515FC64F-SegmentedRaftLogWorker: created new log segment /workdir/hadoop-ozone/integration-test/target/test-dir/MiniOzoneClusterImpl-8e40aa81-9222-408e-95f4-7134100ae31d/datanode-2/data/ratis/c336d23a-87dd-45fd-ac50-a094515fc64f/current/log_inprogress_0
2019-09-25 12:38:41,638 [92722d09-e207-4d66-9e26-9e7903376c45@group-C96C8C260D86-SegmentedRaftLogWorker] INFO  segmented.SegmentedRaftLogWorker (SegmentedRaftLogWorker.java:execute(569)) - 92722d09-e207-4d66-9e26-9e7903376c45@group-C96C8C260D86-SegmentedRaftLogWorker: created new log segment /workdir/hadoop-ozone/integration-test/target/test-dir/MiniOzoneClusterImpl-8e40aa81-9222-408e-95f4-7134100ae31d/datanode-0/data/ratis/3582b331-7055-4c0c-83d7-c96c8c260d86/current/log_inprogress_0
2019-09-25 12:38:41,726 [Thread-210] INFO  impl.FollowerState (FollowerState.java:run(106)) - 9d3a6fcb-b37a-4cb6-a53d-6566d174e0ab:group-2C12E501DD38 changes to CANDIDATE, lastRpcTime:5076, electionTimeout:5076ms
2019-09-25 12:38:41,726 [Thread-210] INFO  impl.RoleInfo (RoleInfo.java:shutdownFollowerState(121)) - 9d3a6fcb-b37a-4cb6-a53d-6566d174e0ab: shutdown FollowerState
2019-09-25 12:38:41,726 [Thread-210] INFO  impl.RaftServerImpl (RaftServerImpl.java:setRole(174)) - 9d3a6fcb-b37a-4cb6-a53d-6566d174e0ab@group-2C12E501DD38: changes role from  FOLLOWER to CANDIDATE at term 0 for changeToCandidate
2019-09-25 12:38:41,726 [Thread-210] INFO  impl.RoleInfo (RoleInfo.java:updateAndGet(143)) - 9d3a6fcb-b37a-4cb6-a53d-6566d174e0ab: start LeaderElection
2019-09-25 12:38:41,736 [Thread-207] INFO  impl.FollowerState (FollowerState.java:run(106)) - 9d3a6fcb-b37a-4cb6-a53d-6566d174e0ab:group-1DAC4E95AFF1 changes to CANDIDATE, lastRpcTime:5144, electionTimeout:5144ms
2019-09-25 12:38:41,736 [Thread-207] INFO  impl.RoleInfo (RoleInfo.java:shutdownFollowerState(121)) - 9d3a6fcb-b37a-4cb6-a53d-6566d174e0ab: shutdown FollowerState
2019-09-25 12:38:41,736 [Thread-207] INFO  impl.RaftServerImpl (RaftServerImpl.java:setRole(174)) - 9d3a6fcb-b37a-4cb6-a53d-6566d174e0ab@group-1DAC4E95AFF1: changes role from  FOLLOWER to CANDIDATE at term 0 for changeToCandidate
2019-09-25 12:38:41,736 [Thread-207] INFO  impl.RoleInfo (RoleInfo.java:updateAndGet(143)) - 9d3a6fcb-b37a-4cb6-a53d-6566d174e0ab: start LeaderElection
2019-09-25 12:38:41,755 [9d3a6fcb-b37a-4cb6-a53d-6566d174e0ab@group-1DAC4E95AFF1:LeaderElection11] INFO  impl.LeaderElection (LeaderElection.java:askForVotes(182)) - 9d3a6fcb-b37a-4cb6-a53d-6566d174e0ab@group-1DAC4E95AFF1:LeaderElection11: begin an election at term 1 for -1: [9d3a6fcb-b37a-4cb6-a53d-6566d174e0ab:192.168.151.73:39459], old=null
2019-09-25 12:38:41,755 [9d3a6fcb-b37a-4cb6-a53d-6566d174e0ab@group-2C12E501DD38:LeaderElection10] INFO  impl.LeaderElection (LeaderElection.java:askForVotes(182)) - 9d3a6fcb-b37a-4cb6-a53d-6566d174e0ab@group-2C12E501DD38:LeaderElection10: begin an election at term 1 for -1: [9d3a6fcb-b37a-4cb6-a53d-6566d174e0ab:192.168.151.73:39459], old=null
2019-09-25 12:38:41,755 [9d3a6fcb-b37a-4cb6-a53d-6566d174e0ab@group-1DAC4E95AFF1:LeaderElection11] INFO  impl.RoleInfo (RoleInfo.java:shutdownLeaderElection(134)) - 9d3a6fcb-b37a-4cb6-a53d-6566d174e0ab: shutdown LeaderElection
2019-09-25 12:38:41,755 [9d3a6fcb-b37a-4cb6-a53d-6566d174e0ab@group-2C12E501DD38:LeaderElection10] INFO  impl.RoleInfo (RoleInfo.java:shutdownLeaderElection(134)) - 9d3a6fcb-b37a-4cb6-a53d-6566d174e0ab: shutdown LeaderElection
2019-09-25 12:38:41,755 [9d3a6fcb-b37a-4cb6-a53d-6566d174e0ab@group-1DAC4E95AFF1:LeaderElection11] INFO  impl.RaftServerImpl (RaftServerImpl.java:setRole(174)) - 9d3a6fcb-b37a-4cb6-a53d-6566d174e0ab@group-1DAC4E95AFF1: changes role from CANDIDATE to LEADER at term 1 for changeToLeader
2019-09-25 12:38:41,755 [9d3a6fcb-b37a-4cb6-a53d-6566d174e0ab@group-2C12E501DD38:LeaderElection10] INFO  impl.RaftServerImpl (RaftServerImpl.java:setRole(174)) - 9d3a6fcb-b37a-4cb6-a53d-6566d174e0ab@group-2C12E501DD38: changes role from CANDIDATE to LEADER at term 1 for changeToLeader
2019-09-25 12:38:41,755 [9d3a6fcb-b37a-4cb6-a53d-6566d174e0ab@group-1DAC4E95AFF1:LeaderElection11] INFO  impl.RaftServerImpl (ServerState.java:setLeader(253)) - 9d3a6fcb-b37a-4cb6-a53d-6566d174e0ab@group-1DAC4E95AFF1: change Leader from null to 9d3a6fcb-b37a-4cb6-a53d-6566d174e0ab at term 1 for becomeLeader, leader elected after 5171ms
2019-09-25 12:38:41,756 [9d3a6fcb-b37a-4cb6-a53d-6566d174e0ab@group-2C12E501DD38:LeaderElection10] INFO  impl.RaftServerImpl (ServerState.java:setLeader(253)) - 9d3a6fcb-b37a-4cb6-a53d-6566d174e0ab@group-2C12E501DD38: change Leader from null to 9d3a6fcb-b37a-4cb6-a53d-6566d174e0ab at term 1 for becomeLeader, leader elected after 5112ms
2019-09-25 12:38:41,756 [9d3a6fcb-b37a-4cb6-a53d-6566d174e0ab@group-1DAC4E95AFF1:LeaderElection11] INFO  server.RaftServerConfigKeys (ConfUtils.java:logGet(43)) - raft.server.staging.catchup.gap = 1000 (default)
2019-09-25 12:38:41,756 [9d3a6fcb-b37a-4cb6-a53d-6566d174e0ab@group-2C12E501DD38:LeaderElection10] INFO  server.RaftServerConfigKeys (ConfUtils.java:logGet(43)) - raft.server.staging.catchup.gap = 1000 (default)
2019-09-25 12:38:41,756 [9d3a6fcb-b37a-4cb6-a53d-6566d174e0ab@group-1DAC4E95AFF1:LeaderElection11] INFO  server.RaftServerConfigKeys (ConfUtils.java:logGet(43)) - raft.server.rpc.sleep.time = 25ms (default)
2019-09-25 12:38:41,756 [9d3a6fcb-b37a-4cb6-a53d-6566d174e0ab@group-2C12E501DD38:LeaderElection10] INFO  server.RaftServerConfigKeys (ConfUtils.java:logGet(43)) - raft.server.rpc.sleep.time = 25ms (default)
2019-09-25 12:38:41,756 [9d3a6fcb-b37a-4cb6-a53d-6566d174e0ab@group-1DAC4E95AFF1:LeaderElection11] INFO  server.RaftServerConfigKeys (ConfUtils.java:logGet(43)) - raft.server.write.element-limit = 4096 (default)
2019-09-25 12:38:41,757 [9d3a6fcb-b37a-4cb6-a53d-6566d174e0ab@group-2C12E501DD38:LeaderElection10] INFO  server.RaftServerConfigKeys (ConfUtils.java:logGet(43)) - raft.server.write.element-limit = 4096 (default)
2019-09-25 12:38:41,757 [9d3a6fcb-b37a-4cb6-a53d-6566d174e0ab@group-1DAC4E95AFF1:LeaderElection11] INFO  server.RaftServerConfigKeys (ConfUtils.java:logGet(43)) - raft.server.watch.timeout = 10s (default)
2019-09-25 12:38:41,757 [9d3a6fcb-b37a-4cb6-a53d-6566d174e0ab@group-2C12E501DD38:LeaderElection10] INFO  server.RaftServerConfigKeys (ConfUtils.java:logGet(43)) - raft.server.watch.timeout = 10s (default)
2019-09-25 12:38:41,757 [9d3a6fcb-b37a-4cb6-a53d-6566d174e0ab@group-1DAC4E95AFF1:LeaderElection11] INFO  server.RaftServerConfigKeys (ConfUtils.java:logGet(43)) - raft.server.watch.timeout.denomination = 1s (default)
2019-09-25 12:38:41,757 [9d3a6fcb-b37a-4cb6-a53d-6566d174e0ab@group-2C12E501DD38:LeaderElection10] INFO  server.RaftServerConfigKeys (ConfUtils.java:logGet(43)) - raft.server.watch.timeout.denomination = 1s (default)
2019-09-25 12:38:41,757 [9d3a6fcb-b37a-4cb6-a53d-6566d174e0ab@group-1DAC4E95AFF1:LeaderElection11] INFO  server.RaftServerConfigKeys (ConfUtils.java:logGet(43)) - raft.server.watch.element-limit = 65536 (default)
2019-09-25 12:38:41,757 [9d3a6fcb-b37a-4cb6-a53d-6566d174e0ab@group-2C12E501DD38:LeaderElection10] INFO  server.RaftServerConfigKeys (ConfUtils.java:logGet(43)) - raft.server.watch.element-limit = 65536 (default)
2019-09-25 12:38:41,761 [9d3a6fcb-b37a-4cb6-a53d-6566d174e0ab@group-1DAC4E95AFF1:LeaderElection11] INFO  impl.RoleInfo (RoleInfo.java:updateAndGet(143)) - 9d3a6fcb-b37a-4cb6-a53d-6566d174e0ab: start LeaderState
2019-09-25 12:38:41,762 [9d3a6fcb-b37a-4cb6-a53d-6566d174e0ab@group-1DAC4E95AFF1:LeaderElection11] INFO  segmented.SegmentedRaftLogWorker (SegmentedRaftLogWorker.java:startLogSegment(380)) - 9d3a6fcb-b37a-4cb6-a53d-6566d174e0ab@group-1DAC4E95AFF1-SegmentedRaftLogWorker: Starting segment from index:0
2019-09-25 12:38:41,762 [9d3a6fcb-b37a-4cb6-a53d-6566d174e0ab@group-2C12E501DD38:LeaderElection10] INFO  impl.RoleInfo (RoleInfo.java:updateAndGet(143)) - 9d3a6fcb-b37a-4cb6-a53d-6566d174e0ab: start LeaderState
2019-09-25 12:38:41,762 [9d3a6fcb-b37a-4cb6-a53d-6566d174e0ab@group-2C12E501DD38:LeaderElection10] INFO  segmented.SegmentedRaftLogWorker (SegmentedRaftLogWorker.java:startLogSegment(380)) - 9d3a6fcb-b37a-4cb6-a53d-6566d174e0ab@group-2C12E501DD38-SegmentedRaftLogWorker: Starting segment from index:0
2019-09-25 12:38:41,762 [9d3a6fcb-b37a-4cb6-a53d-6566d174e0ab@group-1DAC4E95AFF1:LeaderElection11] INFO  impl.RaftServerImpl (ServerState.java:setRaftConf(354)) - 9d3a6fcb-b37a-4cb6-a53d-6566d174e0ab@group-1DAC4E95AFF1: set configuration 0: [9d3a6fcb-b37a-4cb6-a53d-6566d174e0ab:192.168.151.73:39459], old=null at 0
2019-09-25 12:38:41,798 [Thread-213] INFO  impl.FollowerState (FollowerState.java:run(106)) - 0901ed62-149d-4b86-b900-0d06f71bfbdd:group-77A388E29220 changes to CANDIDATE, lastRpcTime:5087, electionTimeout:5061ms
2019-09-25 12:38:41,798 [9d3a6fcb-b37a-4cb6-a53d-6566d174e0ab@group-2C12E501DD38:LeaderElection10] INFO  impl.RaftServerImpl (ServerState.java:setRaftConf(354)) - 9d3a6fcb-b37a-4cb6-a53d-6566d174e0ab@group-2C12E501DD38: set configuration 0: [9d3a6fcb-b37a-4cb6-a53d-6566d174e0ab:192.168.151.73:39459], old=null at 0
2019-09-25 12:38:41,798 [Thread-213] INFO  impl.RoleInfo (RoleInfo.java:shutdownFollowerState(121)) - 0901ed62-149d-4b86-b900-0d06f71bfbdd: shutdown FollowerState
2019-09-25 12:38:41,833 [9d3a6fcb-b37a-4cb6-a53d-6566d174e0ab@group-1DAC4E95AFF1-SegmentedRaftLogWorker] INFO  segmented.SegmentedRaftLogWorker (SegmentedRaftLogWorker.java:execute(569)) - 9d3a6fcb-b37a-4cb6-a53d-6566d174e0ab@group-1DAC4E95AFF1-SegmentedRaftLogWorker: created new log segment /workdir/hadoop-ozone/integration-test/target/test-dir/MiniOzoneClusterImpl-8e40aa81-9222-408e-95f4-7134100ae31d/datanode-1/data/ratis/5435c27e-9613-493a-8135-1dac4e95aff1/current/log_inprogress_0
2019-09-25 12:38:41,833 [Thread-213] INFO  impl.RaftServerImpl (RaftServerImpl.java:setRole(174)) - 0901ed62-149d-4b86-b900-0d06f71bfbdd@group-77A388E29220: changes role from  FOLLOWER to CANDIDATE at term 0 for changeToCandidate
2019-09-25 12:38:41,833 [Thread-213] INFO  impl.RoleInfo (RoleInfo.java:updateAndGet(143)) - 0901ed62-149d-4b86-b900-0d06f71bfbdd: start LeaderElection
2019-09-25 12:38:41,845 [9d3a6fcb-b37a-4cb6-a53d-6566d174e0ab@group-2C12E501DD38-SegmentedRaftLogWorker] INFO  segmented.SegmentedRaftLogWorker (SegmentedRaftLogWorker.java:execute(569)) - 9d3a6fcb-b37a-4cb6-a53d-6566d174e0ab@group-2C12E501DD38-SegmentedRaftLogWorker: created new log segment /workdir/hadoop-ozone/integration-test/target/test-dir/MiniOzoneClusterImpl-8e40aa81-9222-408e-95f4-7134100ae31d/datanode-1/data/ratis/48202d3d-2d4a-478d-9d2f-2c12e501dd38/current/log_inprogress_0
2019-09-25 12:38:41,846 [0901ed62-149d-4b86-b900-0d06f71bfbdd@group-77A388E29220:LeaderElection12] INFO  impl.LeaderElection (LeaderElection.java:askForVotes(182)) - 0901ed62-149d-4b86-b900-0d06f71bfbdd@group-77A388E29220:LeaderElection12: begin an election at term 1 for -1: [0901ed62-149d-4b86-b900-0d06f71bfbdd:192.168.151.73:41891], old=null
2019-09-25 12:38:41,846 [0901ed62-149d-4b86-b900-0d06f71bfbdd@group-77A388E29220:LeaderElection12] INFO  impl.RoleInfo (RoleInfo.java:shutdownLeaderElection(134)) - 0901ed62-149d-4b86-b900-0d06f71bfbdd: shutdown LeaderElection
2019-09-25 12:38:41,846 [0901ed62-149d-4b86-b900-0d06f71bfbdd@group-77A388E29220:LeaderElection12] INFO  impl.RaftServerImpl (RaftServerImpl.java:setRole(174)) - 0901ed62-149d-4b86-b900-0d06f71bfbdd@group-77A388E29220: changes role from CANDIDATE to LEADER at term 1 for changeToLeader
2019-09-25 12:38:41,846 [0901ed62-149d-4b86-b900-0d06f71bfbdd@group-77A388E29220:LeaderElection12] INFO  impl.RaftServerImpl (ServerState.java:setLeader(253)) - 0901ed62-149d-4b86-b900-0d06f71bfbdd@group-77A388E29220: change Leader from null to 0901ed62-149d-4b86-b900-0d06f71bfbdd at term 1 for becomeLeader, leader elected after 5146ms
2019-09-25 12:38:41,846 [0901ed62-149d-4b86-b900-0d06f71bfbdd@group-77A388E29220:LeaderElection12] INFO  server.RaftServerConfigKeys (ConfUtils.java:logGet(43)) - raft.server.staging.catchup.gap = 1000 (default)
2019-09-25 12:38:41,847 [0901ed62-149d-4b86-b900-0d06f71bfbdd@group-77A388E29220:LeaderElection12] INFO  server.RaftServerConfigKeys (ConfUtils.java:logGet(43)) - raft.server.rpc.sleep.time = 25ms (default)
2019-09-25 12:38:41,847 [0901ed62-149d-4b86-b900-0d06f71bfbdd@group-77A388E29220:LeaderElection12] INFO  server.RaftServerConfigKeys (ConfUtils.java:logGet(43)) - raft.server.write.element-limit = 4096 (default)
2019-09-25 12:38:41,847 [0901ed62-149d-4b86-b900-0d06f71bfbdd@group-77A388E29220:LeaderElection12] INFO  server.RaftServerConfigKeys (ConfUtils.java:logGet(43)) - raft.server.watch.timeout = 10s (default)
2019-09-25 12:38:41,847 [0901ed62-149d-4b86-b900-0d06f71bfbdd@group-77A388E29220:LeaderElection12] INFO  server.RaftServerConfigKeys (ConfUtils.java:logGet(43)) - raft.server.watch.timeout.denomination = 1s (default)
2019-09-25 12:38:41,848 [0901ed62-149d-4b86-b900-0d06f71bfbdd@group-77A388E29220:LeaderElection12] INFO  server.RaftServerConfigKeys (ConfUtils.java:logGet(43)) - raft.server.watch.element-limit = 65536 (default)
2019-09-25 12:38:41,851 [0901ed62-149d-4b86-b900-0d06f71bfbdd@group-77A388E29220:LeaderElection12] INFO  impl.RoleInfo (RoleInfo.java:updateAndGet(143)) - 0901ed62-149d-4b86-b900-0d06f71bfbdd: start LeaderState
2019-09-25 12:38:41,851 [0901ed62-149d-4b86-b900-0d06f71bfbdd@group-77A388E29220:LeaderElection12] INFO  segmented.SegmentedRaftLogWorker (SegmentedRaftLogWorker.java:startLogSegment(380)) - 0901ed62-149d-4b86-b900-0d06f71bfbdd@group-77A388E29220-SegmentedRaftLogWorker: Starting segment from index:0
2019-09-25 12:38:41,852 [0901ed62-149d-4b86-b900-0d06f71bfbdd@group-77A388E29220:LeaderElection12] INFO  impl.RaftServerImpl (ServerState.java:setRaftConf(354)) - 0901ed62-149d-4b86-b900-0d06f71bfbdd@group-77A388E29220: set configuration 0: [0901ed62-149d-4b86-b900-0d06f71bfbdd:192.168.151.73:41891], old=null at 0
2019-09-25 12:38:41,890 [Thread-219] INFO  impl.FollowerState (FollowerState.java:run(106)) - 9d3a6fcb-b37a-4cb6-a53d-6566d174e0ab:group-BF280F7E6717 changes to CANDIDATE, lastRpcTime:5039, electionTimeout:5039ms
2019-09-25 12:38:41,890 [Thread-219] INFO  impl.RoleInfo (RoleInfo.java:shutdownFollowerState(121)) - 9d3a6fcb-b37a-4cb6-a53d-6566d174e0ab: shutdown FollowerState
2019-09-25 12:38:41,891 [Thread-219] INFO  impl.RaftServerImpl (RaftServerImpl.java:setRole(174)) - 9d3a6fcb-b37a-4cb6-a53d-6566d174e0ab@group-BF280F7E6717: changes role from  FOLLOWER to CANDIDATE at term 0 for changeToCandidate
2019-09-25 12:38:41,891 [Thread-219] INFO  impl.RoleInfo (RoleInfo.java:updateAndGet(143)) - 9d3a6fcb-b37a-4cb6-a53d-6566d174e0ab: start LeaderElection
2019-09-25 12:38:41,912 [0901ed62-149d-4b86-b900-0d06f71bfbdd@group-77A388E29220-SegmentedRaftLogWorker] INFO  segmented.SegmentedRaftLogWorker (SegmentedRaftLogWorker.java:execute(569)) - 0901ed62-149d-4b86-b900-0d06f71bfbdd@group-77A388E29220-SegmentedRaftLogWorker: created new log segment /workdir/hadoop-ozone/integration-test/target/test-dir/MiniOzoneClusterImpl-8e40aa81-9222-408e-95f4-7134100ae31d/datanode-2/data/ratis/d3275ee3-b77b-49c4-90ab-77a388e29220/current/log_inprogress_0
2019-09-25 12:38:41,912 [9d3a6fcb-b37a-4cb6-a53d-6566d174e0ab@group-BF280F7E6717:LeaderElection13] INFO  impl.LeaderElection (LeaderElection.java:askForVotes(182)) - 9d3a6fcb-b37a-4cb6-a53d-6566d174e0ab@group-BF280F7E6717:LeaderElection13: begin an election at term 1 for -1: [9d3a6fcb-b37a-4cb6-a53d-6566d174e0ab:192.168.151.73:39459], old=null
2019-09-25 12:38:41,912 [9d3a6fcb-b37a-4cb6-a53d-6566d174e0ab@group-BF280F7E6717:LeaderElection13] INFO  impl.RoleInfo (RoleInfo.java:shutdownLeaderElection(134)) - 9d3a6fcb-b37a-4cb6-a53d-6566d174e0ab: shutdown LeaderElection
2019-09-25 12:38:41,913 [9d3a6fcb-b37a-4cb6-a53d-6566d174e0ab@group-BF280F7E6717:LeaderElection13] INFO  impl.RaftServerImpl (RaftServerImpl.java:setRole(174)) - 9d3a6fcb-b37a-4cb6-a53d-6566d174e0ab@group-BF280F7E6717: changes role from CANDIDATE to LEADER at term 1 for changeToLeader
2019-09-25 12:38:41,913 [9d3a6fcb-b37a-4cb6-a53d-6566d174e0ab@group-BF280F7E6717:LeaderElection13] INFO  impl.RaftServerImpl (ServerState.java:setLeader(253)) - 9d3a6fcb-b37a-4cb6-a53d-6566d174e0ab@group-BF280F7E6717: change Leader from null to 9d3a6fcb-b37a-4cb6-a53d-6566d174e0ab at term 1 for becomeLeader, leader elected after 5068ms
2019-09-25 12:38:41,913 [9d3a6fcb-b37a-4cb6-a53d-6566d174e0ab@group-BF280F7E6717:LeaderElection13] INFO  server.RaftServerConfigKeys (ConfUtils.java:logGet(43)) - raft.server.staging.catchup.gap = 1000 (default)
2019-09-25 12:38:41,913 [9d3a6fcb-b37a-4cb6-a53d-6566d174e0ab@group-BF280F7E6717:LeaderElection13] INFO  server.RaftServerConfigKeys (ConfUtils.java:logGet(43)) - raft.server.rpc.sleep.time = 25ms (default)
2019-09-25 12:38:41,913 [9d3a6fcb-b37a-4cb6-a53d-6566d174e0ab@group-BF280F7E6717:LeaderElection13] INFO  server.RaftServerConfigKeys (ConfUtils.java:logGet(43)) - raft.server.write.element-limit = 4096 (default)
2019-09-25 12:38:41,914 [9d3a6fcb-b37a-4cb6-a53d-6566d174e0ab@group-BF280F7E6717:LeaderElection13] INFO  server.RaftServerConfigKeys (ConfUtils.java:logGet(43)) - raft.server.watch.timeout = 10s (default)
2019-09-25 12:38:41,914 [9d3a6fcb-b37a-4cb6-a53d-6566d174e0ab@group-BF280F7E6717:LeaderElection13] INFO  server.RaftServerConfigKeys (ConfUtils.java:logGet(43)) - raft.server.watch.timeout.denomination = 1s (default)
2019-09-25 12:38:41,914 [9d3a6fcb-b37a-4cb6-a53d-6566d174e0ab@group-BF280F7E6717:LeaderElection13] INFO  server.RaftServerConfigKeys (ConfUtils.java:logGet(43)) - raft.server.watch.element-limit = 65536 (default)
2019-09-25 12:38:41,917 [9d3a6fcb-b37a-4cb6-a53d-6566d174e0ab@group-BF280F7E6717:LeaderElection13] INFO  impl.RoleInfo (RoleInfo.java:updateAndGet(143)) - 9d3a6fcb-b37a-4cb6-a53d-6566d174e0ab: start LeaderState
2019-09-25 12:38:41,918 [9d3a6fcb-b37a-4cb6-a53d-6566d174e0ab@group-BF280F7E6717:LeaderElection13] INFO  segmented.SegmentedRaftLogWorker (SegmentedRaftLogWorker.java:startLogSegment(380)) - 9d3a6fcb-b37a-4cb6-a53d-6566d174e0ab@group-BF280F7E6717-SegmentedRaftLogWorker: Starting segment from index:0
2019-09-25 12:38:41,918 [9d3a6fcb-b37a-4cb6-a53d-6566d174e0ab@group-BF280F7E6717:LeaderElection13] INFO  impl.RaftServerImpl (ServerState.java:setRaftConf(354)) - 9d3a6fcb-b37a-4cb6-a53d-6566d174e0ab@group-BF280F7E6717: set configuration 0: [9d3a6fcb-b37a-4cb6-a53d-6566d174e0ab:192.168.151.73:39459], old=null at 0
2019-09-25 12:38:41,969 [9d3a6fcb-b37a-4cb6-a53d-6566d174e0ab@group-BF280F7E6717-SegmentedRaftLogWorker] INFO  segmented.SegmentedRaftLogWorker (SegmentedRaftLogWorker.java:execute(569)) - 9d3a6fcb-b37a-4cb6-a53d-6566d174e0ab@group-BF280F7E6717-SegmentedRaftLogWorker: created new log segment /workdir/hadoop-ozone/integration-test/target/test-dir/MiniOzoneClusterImpl-8e40aa81-9222-408e-95f4-7134100ae31d/datanode-1/data/ratis/9191b361-529f-42f6-83fb-bf280f7e6717/current/log_inprogress_0
2019-09-25 12:38:41,983 [Thread-216] INFO  impl.FollowerState (FollowerState.java:run(106)) - 92722d09-e207-4d66-9e26-9e7903376c45:group-449C0C576BF9 changes to CANDIDATE, lastRpcTime:5199, electionTimeout:5199ms
2019-09-25 12:38:41,984 [Thread-216] INFO  impl.RoleInfo (RoleInfo.java:shutdownFollowerState(121)) - 92722d09-e207-4d66-9e26-9e7903376c45: shutdown FollowerState
2019-09-25 12:38:41,984 [Thread-216] INFO  impl.RaftServerImpl (RaftServerImpl.java:setRole(174)) - 92722d09-e207-4d66-9e26-9e7903376c45@group-449C0C576BF9: changes role from  FOLLOWER to CANDIDATE at term 0 for changeToCandidate
2019-09-25 12:38:41,984 [Thread-216] INFO  impl.RoleInfo (RoleInfo.java:updateAndGet(143)) - 92722d09-e207-4d66-9e26-9e7903376c45: start LeaderElection
2019-09-25 12:38:42,000 [92722d09-e207-4d66-9e26-9e7903376c45@group-449C0C576BF9:LeaderElection14] INFO  impl.LeaderElection (LeaderElection.java:askForVotes(182)) - 92722d09-e207-4d66-9e26-9e7903376c45@group-449C0C576BF9:LeaderElection14: begin an election at term 1 for -1: [92722d09-e207-4d66-9e26-9e7903376c45:192.168.151.73:44862], old=null
2019-09-25 12:38:42,000 [92722d09-e207-4d66-9e26-9e7903376c45@group-449C0C576BF9:LeaderElection14] INFO  impl.RoleInfo (RoleInfo.java:shutdownLeaderElection(134)) - 92722d09-e207-4d66-9e26-9e7903376c45: shutdown LeaderElection
2019-09-25 12:38:42,000 [92722d09-e207-4d66-9e26-9e7903376c45@group-449C0C576BF9:LeaderElection14] INFO  impl.RaftServerImpl (RaftServerImpl.java:setRole(174)) - 92722d09-e207-4d66-9e26-9e7903376c45@group-449C0C576BF9: changes role from CANDIDATE to LEADER at term 1 for changeToLeader
2019-09-25 12:38:42,000 [92722d09-e207-4d66-9e26-9e7903376c45@group-449C0C576BF9:LeaderElection14] INFO  impl.RaftServerImpl (ServerState.java:setLeader(253)) - 92722d09-e207-4d66-9e26-9e7903376c45@group-449C0C576BF9: change Leader from null to 92722d09-e207-4d66-9e26-9e7903376c45 at term 1 for becomeLeader, leader elected after 5224ms
2019-09-25 12:38:42,000 [92722d09-e207-4d66-9e26-9e7903376c45@group-449C0C576BF9:LeaderElection14] INFO  server.RaftServerConfigKeys (ConfUtils.java:logGet(43)) - raft.server.staging.catchup.gap = 1000 (default)
2019-09-25 12:38:42,001 [92722d09-e207-4d66-9e26-9e7903376c45@group-449C0C576BF9:LeaderElection14] INFO  server.RaftServerConfigKeys (ConfUtils.java:logGet(43)) - raft.server.rpc.sleep.time = 25ms (default)
2019-09-25 12:38:42,001 [92722d09-e207-4d66-9e26-9e7903376c45@group-449C0C576BF9:LeaderElection14] INFO  server.RaftServerConfigKeys (ConfUtils.java:logGet(43)) - raft.server.write.element-limit = 4096 (default)
2019-09-25 12:38:42,001 [92722d09-e207-4d66-9e26-9e7903376c45@group-449C0C576BF9:LeaderElection14] INFO  server.RaftServerConfigKeys (ConfUtils.java:logGet(43)) - raft.server.watch.timeout = 10s (default)
2019-09-25 12:38:42,001 [92722d09-e207-4d66-9e26-9e7903376c45@group-449C0C576BF9:LeaderElection14] INFO  server.RaftServerConfigKeys (ConfUtils.java:logGet(43)) - raft.server.watch.timeout.denomination = 1s (default)
2019-09-25 12:38:42,001 [92722d09-e207-4d66-9e26-9e7903376c45@group-449C0C576BF9:LeaderElection14] INFO  server.RaftServerConfigKeys (ConfUtils.java:logGet(43)) - raft.server.watch.element-limit = 65536 (default)
2019-09-25 12:38:42,004 [92722d09-e207-4d66-9e26-9e7903376c45@group-449C0C576BF9:LeaderElection14] INFO  impl.RoleInfo (RoleInfo.java:updateAndGet(143)) - 92722d09-e207-4d66-9e26-9e7903376c45: start LeaderState
2019-09-25 12:38:42,005 [92722d09-e207-4d66-9e26-9e7903376c45@group-449C0C576BF9:LeaderElection14] INFO  segmented.SegmentedRaftLogWorker (SegmentedRaftLogWorker.java:startLogSegment(380)) - 92722d09-e207-4d66-9e26-9e7903376c45@group-449C0C576BF9-SegmentedRaftLogWorker: Starting segment from index:0
2019-09-25 12:38:42,005 [92722d09-e207-4d66-9e26-9e7903376c45@group-449C0C576BF9:LeaderElection14] INFO  impl.RaftServerImpl (ServerState.java:setRaftConf(354)) - 92722d09-e207-4d66-9e26-9e7903376c45@group-449C0C576BF9: set configuration 0: [92722d09-e207-4d66-9e26-9e7903376c45:192.168.151.73:44862], old=null at 0
2019-09-25 12:38:42,063 [92722d09-e207-4d66-9e26-9e7903376c45@group-449C0C576BF9-SegmentedRaftLogWorker] INFO  segmented.SegmentedRaftLogWorker (SegmentedRaftLogWorker.java:execute(569)) - 92722d09-e207-4d66-9e26-9e7903376c45@group-449C0C576BF9-SegmentedRaftLogWorker: created new log segment /workdir/hadoop-ozone/integration-test/target/test-dir/MiniOzoneClusterImpl-8e40aa81-9222-408e-95f4-7134100ae31d/datanode-0/data/ratis/da52c3b3-8c97-4139-a886-449c0c576bf9/current/log_inprogress_0
2019-09-25 12:38:42,064 [Thread-225] INFO  impl.FollowerState (FollowerState.java:run(106)) - 0901ed62-149d-4b86-b900-0d06f71bfbdd:group-369666C5E301 changes to CANDIDATE, lastRpcTime:5085, electionTimeout:5085ms
2019-09-25 12:38:42,065 [Thread-225] INFO  impl.RoleInfo (RoleInfo.java:shutdownFollowerState(121)) - 0901ed62-149d-4b86-b900-0d06f71bfbdd: shutdown FollowerState
2019-09-25 12:38:42,065 [Thread-225] INFO  impl.RaftServerImpl (RaftServerImpl.java:setRole(174)) - 0901ed62-149d-4b86-b900-0d06f71bfbdd@group-369666C5E301: changes role from  FOLLOWER to CANDIDATE at term 0 for changeToCandidate
2019-09-25 12:38:42,065 [Thread-225] INFO  impl.RoleInfo (RoleInfo.java:updateAndGet(143)) - 0901ed62-149d-4b86-b900-0d06f71bfbdd: start LeaderElection
2019-09-25 12:38:42,075 [0901ed62-149d-4b86-b900-0d06f71bfbdd@group-369666C5E301:LeaderElection15] INFO  impl.LeaderElection (LeaderElection.java:askForVotes(182)) - 0901ed62-149d-4b86-b900-0d06f71bfbdd@group-369666C5E301:LeaderElection15: begin an election at term 1 for -1: [0901ed62-149d-4b86-b900-0d06f71bfbdd:192.168.151.73:41891], old=null
2019-09-25 12:38:42,076 [0901ed62-149d-4b86-b900-0d06f71bfbdd@group-369666C5E301:LeaderElection15] INFO  impl.RoleInfo (RoleInfo.java:shutdownLeaderElection(134)) - 0901ed62-149d-4b86-b900-0d06f71bfbdd: shutdown LeaderElection
2019-09-25 12:38:42,076 [0901ed62-149d-4b86-b900-0d06f71bfbdd@group-369666C5E301:LeaderElection15] INFO  impl.RaftServerImpl (RaftServerImpl.java:setRole(174)) - 0901ed62-149d-4b86-b900-0d06f71bfbdd@group-369666C5E301: changes role from CANDIDATE to LEADER at term 1 for changeToLeader
2019-09-25 12:38:42,076 [0901ed62-149d-4b86-b900-0d06f71bfbdd@group-369666C5E301:LeaderElection15] INFO  impl.RaftServerImpl (ServerState.java:setLeader(253)) - 0901ed62-149d-4b86-b900-0d06f71bfbdd@group-369666C5E301: change Leader from null to 0901ed62-149d-4b86-b900-0d06f71bfbdd at term 1 for becomeLeader, leader elected after 5103ms
2019-09-25 12:38:42,076 [0901ed62-149d-4b86-b900-0d06f71bfbdd@group-369666C5E301:LeaderElection15] INFO  server.RaftServerConfigKeys (ConfUtils.java:logGet(43)) - raft.server.staging.catchup.gap = 1000 (default)
2019-09-25 12:38:42,076 [0901ed62-149d-4b86-b900-0d06f71bfbdd@group-369666C5E301:LeaderElection15] INFO  server.RaftServerConfigKeys (ConfUtils.java:logGet(43)) - raft.server.rpc.sleep.time = 25ms (default)
2019-09-25 12:38:42,077 [0901ed62-149d-4b86-b900-0d06f71bfbdd@group-369666C5E301:LeaderElection15] INFO  server.RaftServerConfigKeys (ConfUtils.java:logGet(43)) - raft.server.write.element-limit = 4096 (default)
2019-09-25 12:38:42,077 [0901ed62-149d-4b86-b900-0d06f71bfbdd@group-369666C5E301:LeaderElection15] INFO  server.RaftServerConfigKeys (ConfUtils.java:logGet(43)) - raft.server.watch.timeout = 10s (default)
2019-09-25 12:38:42,077 [0901ed62-149d-4b86-b900-0d06f71bfbdd@group-369666C5E301:LeaderElection15] INFO  server.RaftServerConfigKeys (ConfUtils.java:logGet(43)) - raft.server.watch.timeout.denomination = 1s (default)
2019-09-25 12:38:42,077 [0901ed62-149d-4b86-b900-0d06f71bfbdd@group-369666C5E301:LeaderElection15] INFO  server.RaftServerConfigKeys (ConfUtils.java:logGet(43)) - raft.server.watch.element-limit = 65536 (default)
2019-09-25 12:38:42,081 [0901ed62-149d-4b86-b900-0d06f71bfbdd@group-369666C5E301:LeaderElection15] INFO  impl.RoleInfo (RoleInfo.java:updateAndGet(143)) - 0901ed62-149d-4b86-b900-0d06f71bfbdd: start LeaderState
2019-09-25 12:38:42,081 [0901ed62-149d-4b86-b900-0d06f71bfbdd@group-369666C5E301:LeaderElection15] INFO  segmented.SegmentedRaftLogWorker (SegmentedRaftLogWorker.java:startLogSegment(380)) - 0901ed62-149d-4b86-b900-0d06f71bfbdd@group-369666C5E301-SegmentedRaftLogWorker: Starting segment from index:0
2019-09-25 12:38:42,081 [0901ed62-149d-4b86-b900-0d06f71bfbdd@group-369666C5E301:LeaderElection15] INFO  impl.RaftServerImpl (ServerState.java:setRaftConf(354)) - 0901ed62-149d-4b86-b900-0d06f71bfbdd@group-369666C5E301: set configuration 0: [0901ed62-149d-4b86-b900-0d06f71bfbdd:192.168.151.73:41891], old=null at 0
2019-09-25 12:38:42,117 [Thread-222] INFO  impl.FollowerState (FollowerState.java:run(106)) - 92722d09-e207-4d66-9e26-9e7903376c45:group-5EEC8E1671A8 changes to CANDIDATE, lastRpcTime:5196, electionTimeout:5191ms
2019-09-25 12:38:42,119 [Thread-222] INFO  impl.RoleInfo (RoleInfo.java:shutdownFollowerState(121)) - 92722d09-e207-4d66-9e26-9e7903376c45: shutdown FollowerState
2019-09-25 12:38:42,120 [Thread-222] INFO  impl.RaftServerImpl (RaftServerImpl.java:setRole(174)) - 92722d09-e207-4d66-9e26-9e7903376c45@group-5EEC8E1671A8: changes role from  FOLLOWER to CANDIDATE at term 0 for changeToCandidate
2019-09-25 12:38:42,120 [Thread-222] INFO  impl.RoleInfo (RoleInfo.java:updateAndGet(143)) - 92722d09-e207-4d66-9e26-9e7903376c45: start LeaderElection
2019-09-25 12:38:42,142 [0901ed62-149d-4b86-b900-0d06f71bfbdd@group-369666C5E301-SegmentedRaftLogWorker] INFO  segmented.SegmentedRaftLogWorker (SegmentedRaftLogWorker.java:execute(569)) - 0901ed62-149d-4b86-b900-0d06f71bfbdd@group-369666C5E301-SegmentedRaftLogWorker: created new log segment /workdir/hadoop-ozone/integration-test/target/test-dir/MiniOzoneClusterImpl-8e40aa81-9222-408e-95f4-7134100ae31d/datanode-2/data/ratis/e63e6bce-fc54-4a07-898e-369666c5e301/current/log_inprogress_0
2019-09-25 12:38:42,142 [92722d09-e207-4d66-9e26-9e7903376c45@group-5EEC8E1671A8:LeaderElection16] INFO  impl.LeaderElection (LeaderElection.java:askForVotes(182)) - 92722d09-e207-4d66-9e26-9e7903376c45@group-5EEC8E1671A8:LeaderElection16: begin an election at term 1 for -1: [92722d09-e207-4d66-9e26-9e7903376c45:192.168.151.73:44862], old=null
2019-09-25 12:38:42,142 [92722d09-e207-4d66-9e26-9e7903376c45@group-5EEC8E1671A8:LeaderElection16] INFO  impl.RoleInfo (RoleInfo.java:shutdownLeaderElection(134)) - 92722d09-e207-4d66-9e26-9e7903376c45: shutdown LeaderElection
2019-09-25 12:38:42,143 [92722d09-e207-4d66-9e26-9e7903376c45@group-5EEC8E1671A8:LeaderElection16] INFO  impl.RaftServerImpl (RaftServerImpl.java:setRole(174)) - 92722d09-e207-4d66-9e26-9e7903376c45@group-5EEC8E1671A8: changes role from CANDIDATE to LEADER at term 1 for changeToLeader
2019-09-25 12:38:42,143 [92722d09-e207-4d66-9e26-9e7903376c45@group-5EEC8E1671A8:LeaderElection16] INFO  impl.RaftServerImpl (ServerState.java:setLeader(253)) - 92722d09-e207-4d66-9e26-9e7903376c45@group-5EEC8E1671A8: change Leader from null to 92722d09-e207-4d66-9e26-9e7903376c45 at term 1 for becomeLeader, leader elected after 5231ms
2019-09-25 12:38:42,143 [92722d09-e207-4d66-9e26-9e7903376c45@group-5EEC8E1671A8:LeaderElection16] INFO  server.RaftServerConfigKeys (ConfUtils.java:logGet(43)) - raft.server.staging.catchup.gap = 1000 (default)
2019-09-25 12:38:42,143 [92722d09-e207-4d66-9e26-9e7903376c45@group-5EEC8E1671A8:LeaderElection16] INFO  server.RaftServerConfigKeys (ConfUtils.java:logGet(43)) - raft.server.rpc.sleep.time = 25ms (default)
2019-09-25 12:38:42,143 [92722d09-e207-4d66-9e26-9e7903376c45@group-5EEC8E1671A8:LeaderElection16] INFO  server.RaftServerConfigKeys (ConfUtils.java:logGet(43)) - raft.server.write.element-limit = 4096 (default)
2019-09-25 12:38:42,143 [92722d09-e207-4d66-9e26-9e7903376c45@group-5EEC8E1671A8:LeaderElection16] INFO  server.RaftServerConfigKeys (ConfUtils.java:logGet(43)) - raft.server.watch.timeout = 10s (default)
2019-09-25 12:38:42,144 [92722d09-e207-4d66-9e26-9e7903376c45@group-5EEC8E1671A8:LeaderElection16] INFO  server.RaftServerConfigKeys (ConfUtils.java:logGet(43)) - raft.server.watch.timeout.denomination = 1s (default)
2019-09-25 12:38:42,144 [92722d09-e207-4d66-9e26-9e7903376c45@group-5EEC8E1671A8:LeaderElection16] INFO  server.RaftServerConfigKeys (ConfUtils.java:logGet(43)) - raft.server.watch.element-limit = 65536 (default)
2019-09-25 12:38:42,146 [main] INFO  ozoneimpl.OzoneContainer (OzoneContainer.java:stop(231)) - Attempting to stop container services.
2019-09-25 12:38:42,146 [ForkJoinPool.commonPool-worker-1] INFO  ozoneimpl.OzoneContainer (OzoneContainer.java:stop(231)) - Attempting to stop container services.
2019-09-25 12:38:42,148 [main] INFO  impl.RaftServerProxy (RaftServerProxy.java:lambda$close$4(314)) - 9d3a6fcb-b37a-4cb6-a53d-6566d174e0ab: close
2019-09-25 12:38:42,148 [ForkJoinPool.commonPool-worker-1] INFO  impl.RaftServerProxy (RaftServerProxy.java:lambda$close$4(314)) - 92722d09-e207-4d66-9e26-9e7903376c45: close
2019-09-25 12:38:42,148 [92722d09-e207-4d66-9e26-9e7903376c45@group-5EEC8E1671A8:LeaderElection16] INFO  impl.RoleInfo (RoleInfo.java:updateAndGet(143)) - 92722d09-e207-4d66-9e26-9e7903376c45: start LeaderState
2019-09-25 12:38:42,149 [92722d09-e207-4d66-9e26-9e7903376c45@group-5EEC8E1671A8:LeaderElection16] INFO  segmented.SegmentedRaftLogWorker (SegmentedRaftLogWorker.java:startLogSegment(380)) - 92722d09-e207-4d66-9e26-9e7903376c45@group-5EEC8E1671A8-SegmentedRaftLogWorker: Starting segment from index:0
2019-09-25 12:38:42,149 [92722d09-e207-4d66-9e26-9e7903376c45@group-5EEC8E1671A8:LeaderElection16] INFO  impl.RaftServerImpl (ServerState.java:setRaftConf(354)) - 92722d09-e207-4d66-9e26-9e7903376c45@group-5EEC8E1671A8: set configuration 0: [92722d09-e207-4d66-9e26-9e7903376c45:192.168.151.73:44862], old=null at 0
2019-09-25 12:38:42,185 [main] INFO  impl.RaftServerImpl (RaftServerImpl.java:lambda$shutdown$3(251)) - 9d3a6fcb-b37a-4cb6-a53d-6566d174e0ab@group-CD5BBE45E776: shutdown
2019-09-25 12:38:42,186 [ForkJoinPool.commonPool-worker-1] INFO  impl.RaftServerImpl (RaftServerImpl.java:lambda$shutdown$3(251)) - 92722d09-e207-4d66-9e26-9e7903376c45@group-838B4345CAE8: shutdown
2019-09-25 12:38:42,186 [main] INFO  util.JmxRegister (JmxRegister.java:unregister(73)) - Successfully un-registered JMX Bean with object name Ratis:service=RaftServer,group=group-CD5BBE45E776,id=9d3a6fcb-b37a-4cb6-a53d-6566d174e0ab
2019-09-25 12:38:42,187 [ForkJoinPool.commonPool-worker-1] INFO  util.JmxRegister (JmxRegister.java:unregister(73)) - Successfully un-registered JMX Bean with object name Ratis:service=RaftServer,group=group-838B4345CAE8,id=92722d09-e207-4d66-9e26-9e7903376c45
2019-09-25 12:38:42,187 [main] INFO  impl.RoleInfo (RoleInfo.java:shutdownLeaderState(104)) - 9d3a6fcb-b37a-4cb6-a53d-6566d174e0ab: shutdown LeaderState
2019-09-25 12:38:42,187 [ForkJoinPool.commonPool-worker-1] INFO  impl.RoleInfo (RoleInfo.java:shutdownLeaderState(104)) - 92722d09-e207-4d66-9e26-9e7903376c45: shutdown LeaderState
2019-09-25 12:38:42,189 [main] INFO  impl.PendingRequests (PendingRequests.java:sendNotLeaderResponses(202)) - 9d3a6fcb-b37a-4cb6-a53d-6566d174e0ab-PendingRequests: sendNotLeaderResponses
2019-09-25 12:38:42,189 [ForkJoinPool.commonPool-worker-1] INFO  impl.PendingRequests (PendingRequests.java:sendNotLeaderResponses(202)) - 92722d09-e207-4d66-9e26-9e7903376c45-PendingRequests: sendNotLeaderResponses
2019-09-25 12:38:42,192 [ForkJoinPool.commonPool-worker-1] INFO  impl.StateMachineUpdater (StateMachineUpdater.java:stopAndJoin(125)) - 92722d09-e207-4d66-9e26-9e7903376c45@group-838B4345CAE8-StateMachineUpdater: set stopIndex = 0
2019-09-25 12:38:42,192 [main] INFO  impl.StateMachineUpdater (StateMachineUpdater.java:stopAndJoin(125)) - 9d3a6fcb-b37a-4cb6-a53d-6566d174e0ab@group-CD5BBE45E776-StateMachineUpdater: set stopIndex = 0
2019-09-25 12:38:42,195 [ForkJoinPool.commonPool-worker-1] INFO  impl.RaftServerImpl (ServerState.java:close(385)) - 92722d09-e207-4d66-9e26-9e7903376c45@group-838B4345CAE8: closes. applyIndex: 0
2019-09-25 12:38:42,195 [main] INFO  impl.RaftServerImpl (ServerState.java:close(385)) - 9d3a6fcb-b37a-4cb6-a53d-6566d174e0ab@group-CD5BBE45E776: closes. applyIndex: 0
2019-09-25 12:38:42,198 [92722d09-e207-4d66-9e26-9e7903376c45@group-838B4345CAE8-SegmentedRaftLogWorker] INFO  segmented.SegmentedRaftLogWorker (SegmentedRaftLogWorker.java:run(313)) - 92722d09-e207-4d66-9e26-9e7903376c45@group-838B4345CAE8-SegmentedRaftLogWorker was interrupted, exiting. There are 0 tasks remaining in the queue.
2019-09-25 12:38:42,198 [9d3a6fcb-b37a-4cb6-a53d-6566d174e0ab@group-CD5BBE45E776-SegmentedRaftLogWorker] INFO  segmented.SegmentedRaftLogWorker (SegmentedRaftLogWorker.java:run(313)) - 9d3a6fcb-b37a-4cb6-a53d-6566d174e0ab@group-CD5BBE45E776-SegmentedRaftLogWorker was interrupted, exiting. There are 0 tasks remaining in the queue.
2019-09-25 12:38:42,200 [ForkJoinPool.commonPool-worker-1] INFO  segmented.SegmentedRaftLogWorker (SegmentedRaftLogWorker.java:close(228)) - 92722d09-e207-4d66-9e26-9e7903376c45@group-838B4345CAE8-SegmentedRaftLogWorker close()
2019-09-25 12:38:42,201 [main] INFO  segmented.SegmentedRaftLogWorker (SegmentedRaftLogWorker.java:close(228)) - 9d3a6fcb-b37a-4cb6-a53d-6566d174e0ab@group-CD5BBE45E776-SegmentedRaftLogWorker close()
2019-09-25 12:38:42,203 [ForkJoinPool.commonPool-worker-1] INFO  impl.RaftServerImpl (RaftServerImpl.java:lambda$shutdown$3(251)) - 92722d09-e207-4d66-9e26-9e7903376c45@group-D2D73F349871: shutdown
2019-09-25 12:38:42,204 [main] INFO  impl.RaftServerImpl (RaftServerImpl.java:lambda$shutdown$3(251)) - 9d3a6fcb-b37a-4cb6-a53d-6566d174e0ab@group-BCF4B2D18499: shutdown
2019-09-25 12:38:42,205 [ForkJoinPool.commonPool-worker-1] INFO  util.JmxRegister (JmxRegister.java:unregister(73)) - Successfully un-registered JMX Bean with object name Ratis:service=RaftServer,group=group-D2D73F349871,id=92722d09-e207-4d66-9e26-9e7903376c45
2019-09-25 12:38:42,205 [main] INFO  util.JmxRegister (JmxRegister.java:unregister(73)) - Successfully un-registered JMX Bean with object name Ratis:service=RaftServer,group=group-BCF4B2D18499,id=9d3a6fcb-b37a-4cb6-a53d-6566d174e0ab
2019-09-25 12:38:42,205 [ForkJoinPool.commonPool-worker-1] INFO  impl.RoleInfo (RoleInfo.java:shutdownLeaderState(104)) - 92722d09-e207-4d66-9e26-9e7903376c45: shutdown LeaderState
2019-09-25 12:38:42,206 [main] INFO  impl.RoleInfo (RoleInfo.java:shutdownLeaderState(104)) - 9d3a6fcb-b37a-4cb6-a53d-6566d174e0ab: shutdown LeaderState
2019-09-25 12:38:42,206 [ForkJoinPool.commonPool-worker-1] INFO  impl.PendingRequests (PendingRequests.java:sendNotLeaderResponses(202)) - 92722d09-e207-4d66-9e26-9e7903376c45-PendingRequests: sendNotLeaderResponses
2019-09-25 12:38:42,207 [main] INFO  impl.PendingRequests (PendingRequests.java:sendNotLeaderResponses(202)) - 9d3a6fcb-b37a-4cb6-a53d-6566d174e0ab-PendingRequests: sendNotLeaderResponses
2019-09-25 12:38:42,207 [ForkJoinPool.commonPool-worker-1] INFO  impl.StateMachineUpdater (StateMachineUpdater.java:stopAndJoin(125)) - 92722d09-e207-4d66-9e26-9e7903376c45@group-D2D73F349871-StateMachineUpdater: set stopIndex = 0
2019-09-25 12:38:42,208 [ForkJoinPool.commonPool-worker-1] INFO  impl.RaftServerImpl (ServerState.java:close(385)) - 92722d09-e207-4d66-9e26-9e7903376c45@group-D2D73F349871: closes. applyIndex: 0
2019-09-25 12:38:42,208 [main] INFO  impl.StateMachineUpdater (StateMachineUpdater.java:stopAndJoin(125)) - 9d3a6fcb-b37a-4cb6-a53d-6566d174e0ab@group-BCF4B2D18499-StateMachineUpdater: set stopIndex = 0
2019-09-25 12:38:42,211 [92722d09-e207-4d66-9e26-9e7903376c45@group-5EEC8E1671A8-SegmentedRaftLogWorker] INFO  segmented.SegmentedRaftLogWorker (SegmentedRaftLogWorker.java:execute(569)) - 92722d09-e207-4d66-9e26-9e7903376c45@group-5EEC8E1671A8-SegmentedRaftLogWorker: created new log segment /workdir/hadoop-ozone/integration-test/target/test-dir/MiniOzoneClusterImpl-8e40aa81-9222-408e-95f4-7134100ae31d/datanode-0/data/ratis/37381948-440d-46e6-9784-5eec8e1671a8/current/log_inprogress_0
2019-09-25 12:38:42,211 [Thread-231] INFO  impl.FollowerState (FollowerState.java:run(106)) - 0901ed62-149d-4b86-b900-0d06f71bfbdd:group-F27644E59127 changes to CANDIDATE, lastRpcTime:5128, electionTimeout:5127ms
2019-09-25 12:38:42,208 [92722d09-e207-4d66-9e26-9e7903376c45@group-D2D73F349871-SegmentedRaftLogWorker] INFO  segmented.SegmentedRaftLogWorker (SegmentedRaftLogWorker.java:run(313)) - 92722d09-e207-4d66-9e26-9e7903376c45@group-D2D73F349871-SegmentedRaftLogWorker was interrupted, exiting. There are 0 tasks remaining in the queue.
2019-09-25 12:38:42,211 [main] INFO  impl.RaftServerImpl (ServerState.java:close(385)) - 9d3a6fcb-b37a-4cb6-a53d-6566d174e0ab@group-BCF4B2D18499: closes. applyIndex: 0
2019-09-25 12:38:42,213 [ForkJoinPool.commonPool-worker-1] INFO  segmented.SegmentedRaftLogWorker (SegmentedRaftLogWorker.java:close(228)) - 92722d09-e207-4d66-9e26-9e7903376c45@group-D2D73F349871-SegmentedRaftLogWorker close()
2019-09-25 12:38:42,212 [Thread-228] INFO  impl.FollowerState (FollowerState.java:run(106)) - 0901ed62-149d-4b86-b900-0d06f71bfbdd:group-F14B39E36794 changes to CANDIDATE, lastRpcTime:5179, electionTimeout:5179ms
2019-09-25 12:38:42,212 [Thread-231] INFO  impl.RoleInfo (RoleInfo.java:shutdownFollowerState(121)) - 0901ed62-149d-4b86-b900-0d06f71bfbdd: shutdown FollowerState
2019-09-25 12:38:42,217 [Thread-228] INFO  impl.RoleInfo (RoleInfo.java:shutdownFollowerState(121)) - 0901ed62-149d-4b86-b900-0d06f71bfbdd: shutdown FollowerState
2019-09-25 12:38:42,217 [ForkJoinPool.commonPool-worker-1] INFO  impl.RaftServerImpl (RaftServerImpl.java:lambda$shutdown$3(251)) - 92722d09-e207-4d66-9e26-9e7903376c45@group-C96C8C260D86: shutdown
2019-09-25 12:38:42,214 [9d3a6fcb-b37a-4cb6-a53d-6566d174e0ab@group-BCF4B2D18499-SegmentedRaftLogWorker] INFO  segmented.SegmentedRaftLogWorker (SegmentedRaftLogWorker.java:run(313)) - 9d3a6fcb-b37a-4cb6-a53d-6566d174e0ab@group-BCF4B2D18499-SegmentedRaftLogWorker was interrupted, exiting. There are 0 tasks remaining in the queue.
2019-09-25 12:38:42,217 [ForkJoinPool.commonPool-worker-1] INFO  util.JmxRegister (JmxRegister.java:unregister(73)) - Successfully un-registered JMX Bean with object name Ratis:service=RaftServer,group=group-C96C8C260D86,id=92722d09-e207-4d66-9e26-9e7903376c45
2019-09-25 12:38:42,218 [ForkJoinPool.commonPool-worker-1] INFO  impl.RoleInfo (RoleInfo.java:shutdownLeaderState(104)) - 92722d09-e207-4d66-9e26-9e7903376c45: shutdown LeaderState
2019-09-25 12:38:42,217 [Thread-228] INFO  impl.RaftServerImpl (RaftServerImpl.java:setRole(174)) - 0901ed62-149d-4b86-b900-0d06f71bfbdd@group-F14B39E36794: changes role from  FOLLOWER to CANDIDATE at term 0 for changeToCandidate
2019-09-25 12:38:42,217 [Thread-231] INFO  impl.RaftServerImpl (RaftServerImpl.java:setRole(174)) - 0901ed62-149d-4b86-b900-0d06f71bfbdd@group-F27644E59127: changes role from  FOLLOWER to CANDIDATE at term 0 for changeToCandidate
2019-09-25 12:38:42,219 [ForkJoinPool.commonPool-worker-1] INFO  impl.PendingRequests (PendingRequests.java:sendNotLeaderResponses(202)) - 92722d09-e207-4d66-9e26-9e7903376c45-PendingRequests: sendNotLeaderResponses
2019-09-25 12:38:42,218 [main] INFO  segmented.SegmentedRaftLogWorker (SegmentedRaftLogWorker.java:close(228)) - 9d3a6fcb-b37a-4cb6-a53d-6566d174e0ab@group-BCF4B2D18499-SegmentedRaftLogWorker close()
2019-09-25 12:38:42,219 [ForkJoinPool.commonPool-worker-1] INFO  impl.StateMachineUpdater (StateMachineUpdater.java:stopAndJoin(125)) - 92722d09-e207-4d66-9e26-9e7903376c45@group-C96C8C260D86-StateMachineUpdater: set stopIndex = 0
2019-09-25 12:38:42,219 [Thread-231] INFO  impl.RoleInfo (RoleInfo.java:updateAndGet(143)) - 0901ed62-149d-4b86-b900-0d06f71bfbdd: start LeaderElection
2019-09-25 12:38:42,219 [Thread-228] INFO  impl.RoleInfo (RoleInfo.java:updateAndGet(143)) - 0901ed62-149d-4b86-b900-0d06f71bfbdd: start LeaderElection
2019-09-25 12:38:42,221 [ForkJoinPool.commonPool-worker-1] INFO  impl.RaftServerImpl (ServerState.java:close(385)) - 92722d09-e207-4d66-9e26-9e7903376c45@group-C96C8C260D86: closes. applyIndex: 0
2019-09-25 12:38:42,221 [main] INFO  impl.RaftServerImpl (RaftServerImpl.java:lambda$shutdown$3(251)) - 9d3a6fcb-b37a-4cb6-a53d-6566d174e0ab@group-BF280F7E6717: shutdown
2019-09-25 12:38:42,224 [92722d09-e207-4d66-9e26-9e7903376c45@group-C96C8C260D86-SegmentedRaftLogWorker] INFO  segmented.SegmentedRaftLogWorker (SegmentedRaftLogWorker.java:run(313)) - 92722d09-e207-4d66-9e26-9e7903376c45@group-C96C8C260D86-SegmentedRaftLogWorker was interrupted, exiting. There are 0 tasks remaining in the queue.
2019-09-25 12:38:42,225 [main] INFO  util.JmxRegister (JmxRegister.java:unregister(73)) - Successfully un-registered JMX Bean with object name Ratis:service=RaftServer,group=group-BF280F7E6717,id=9d3a6fcb-b37a-4cb6-a53d-6566d174e0ab
2019-09-25 12:38:42,226 [ForkJoinPool.commonPool-worker-1] INFO  segmented.SegmentedRaftLogWorker (SegmentedRaftLogWorker.java:close(228)) - 92722d09-e207-4d66-9e26-9e7903376c45@group-C96C8C260D86-SegmentedRaftLogWorker close()
2019-09-25 12:38:42,226 [main] INFO  impl.RoleInfo (RoleInfo.java:shutdownLeaderState(104)) - 9d3a6fcb-b37a-4cb6-a53d-6566d174e0ab: shutdown LeaderState
2019-09-25 12:38:42,228 [ForkJoinPool.commonPool-worker-1] INFO  impl.RaftServerImpl (RaftServerImpl.java:lambda$shutdown$3(251)) - 92722d09-e207-4d66-9e26-9e7903376c45@group-C0ED420A37B3: shutdown
2019-09-25 12:38:42,228 [main] INFO  impl.PendingRequests (PendingRequests.java:sendNotLeaderResponses(202)) - 9d3a6fcb-b37a-4cb6-a53d-6566d174e0ab-PendingRequests: sendNotLeaderResponses
2019-09-25 12:38:42,228 [ForkJoinPool.commonPool-worker-1] INFO  util.JmxRegister (JmxRegister.java:unregister(73)) - Successfully un-registered JMX Bean with object name Ratis:service=RaftServer,group=group-C0ED420A37B3,id=92722d09-e207-4d66-9e26-9e7903376c45
2019-09-25 12:38:42,229 [main] INFO  impl.StateMachineUpdater (StateMachineUpdater.java:stopAndJoin(125)) - 9d3a6fcb-b37a-4cb6-a53d-6566d174e0ab@group-BF280F7E6717-StateMachineUpdater: set stopIndex = 0
2019-09-25 12:38:42,229 [ForkJoinPool.commonPool-worker-1] INFO  impl.RoleInfo (RoleInfo.java:shutdownLeaderState(104)) - 92722d09-e207-4d66-9e26-9e7903376c45: shutdown LeaderState
2019-09-25 12:38:42,229 [main] INFO  impl.RaftServerImpl (ServerState.java:close(385)) - 9d3a6fcb-b37a-4cb6-a53d-6566d174e0ab@group-BF280F7E6717: closes. applyIndex: 0
2019-09-25 12:38:42,230 [ForkJoinPool.commonPool-worker-1] INFO  impl.PendingRequests (PendingRequests.java:sendNotLeaderResponses(202)) - 92722d09-e207-4d66-9e26-9e7903376c45-PendingRequests: sendNotLeaderResponses
2019-09-25 12:38:42,230 [9d3a6fcb-b37a-4cb6-a53d-6566d174e0ab@group-BF280F7E6717-SegmentedRaftLogWorker] INFO  segmented.SegmentedRaftLogWorker (SegmentedRaftLogWorker.java:run(313)) - 9d3a6fcb-b37a-4cb6-a53d-6566d174e0ab@group-BF280F7E6717-SegmentedRaftLogWorker was interrupted, exiting. There are 0 tasks remaining in the queue.
2019-09-25 12:38:42,230 [ForkJoinPool.commonPool-worker-1] INFO  impl.StateMachineUpdater (StateMachineUpdater.java:stopAndJoin(125)) - 92722d09-e207-4d66-9e26-9e7903376c45@group-C0ED420A37B3-StateMachineUpdater: set stopIndex = 0
2019-09-25 12:38:42,231 [main] INFO  segmented.SegmentedRaftLogWorker (SegmentedRaftLogWorker.java:close(228)) - 9d3a6fcb-b37a-4cb6-a53d-6566d174e0ab@group-BF280F7E6717-SegmentedRaftLogWorker close()
2019-09-25 12:38:42,231 [ForkJoinPool.commonPool-worker-1] INFO  impl.RaftServerImpl (ServerState.java:close(385)) - 92722d09-e207-4d66-9e26-9e7903376c45@group-C0ED420A37B3: closes. applyIndex: 0
2019-09-25 12:38:42,233 [main] INFO  impl.RaftServerImpl (RaftServerImpl.java:lambda$shutdown$3(251)) - 9d3a6fcb-b37a-4cb6-a53d-6566d174e0ab@group-E94F05885D91: shutdown
2019-09-25 12:38:42,233 [92722d09-e207-4d66-9e26-9e7903376c45@group-C0ED420A37B3-SegmentedRaftLogWorker] INFO  segmented.SegmentedRaftLogWorker (SegmentedRaftLogWorker.java:run(313)) - 92722d09-e207-4d66-9e26-9e7903376c45@group-C0ED420A37B3-SegmentedRaftLogWorker was interrupted, exiting. There are 0 tasks remaining in the queue.
2019-09-25 12:38:42,234 [main] INFO  util.JmxRegister (JmxRegister.java:unregister(73)) - Successfully un-registered JMX Bean with object name Ratis:service=RaftServer,group=group-E94F05885D91,id=9d3a6fcb-b37a-4cb6-a53d-6566d174e0ab
2019-09-25 12:38:42,234 [ForkJoinPool.commonPool-worker-1] INFO  segmented.SegmentedRaftLogWorker (SegmentedRaftLogWorker.java:close(228)) - 92722d09-e207-4d66-9e26-9e7903376c45@group-C0ED420A37B3-SegmentedRaftLogWorker close()
2019-09-25 12:38:42,235 [main] INFO  impl.RoleInfo (RoleInfo.java:shutdownLeaderState(104)) - 9d3a6fcb-b37a-4cb6-a53d-6566d174e0ab: shutdown LeaderState
2019-09-25 12:38:42,236 [ForkJoinPool.commonPool-worker-1] INFO  impl.RaftServerImpl (RaftServerImpl.java:lambda$shutdown$3(251)) - 92722d09-e207-4d66-9e26-9e7903376c45@group-449C0C576BF9: shutdown
2019-09-25 12:38:42,236 [main] INFO  impl.PendingRequests (PendingRequests.java:sendNotLeaderResponses(202)) - 9d3a6fcb-b37a-4cb6-a53d-6566d174e0ab-PendingRequests: sendNotLeaderResponses
2019-09-25 12:38:42,237 [ForkJoinPool.commonPool-worker-1] INFO  util.JmxRegister (JmxRegister.java:unregister(73)) - Successfully un-registered JMX Bean with object name Ratis:service=RaftServer,group=group-449C0C576BF9,id=92722d09-e207-4d66-9e26-9e7903376c45
2019-09-25 12:38:42,237 [main] INFO  impl.StateMachineUpdater (StateMachineUpdater.java:stopAndJoin(125)) - 9d3a6fcb-b37a-4cb6-a53d-6566d174e0ab@group-E94F05885D91-StateMachineUpdater: set stopIndex = 0
2019-09-25 12:38:42,237 [ForkJoinPool.commonPool-worker-1] INFO  impl.RoleInfo (RoleInfo.java:shutdownLeaderState(104)) - 92722d09-e207-4d66-9e26-9e7903376c45: shutdown LeaderState
2019-09-25 12:38:42,238 [main] INFO  impl.RaftServerImpl (ServerState.java:close(385)) - 9d3a6fcb-b37a-4cb6-a53d-6566d174e0ab@group-E94F05885D91: closes. applyIndex: 0
2019-09-25 12:38:42,238 [ForkJoinPool.commonPool-worker-1] INFO  impl.PendingRequests (PendingRequests.java:sendNotLeaderResponses(202)) - 92722d09-e207-4d66-9e26-9e7903376c45-PendingRequests: sendNotLeaderResponses
2019-09-25 12:38:42,239 [0901ed62-149d-4b86-b900-0d06f71bfbdd@group-F14B39E36794:LeaderElection17] INFO  impl.LeaderElection (LeaderElection.java:askForVotes(182)) - 0901ed62-149d-4b86-b900-0d06f71bfbdd@group-F14B39E36794:LeaderElection17: begin an election at term 1 for -1: [0901ed62-149d-4b86-b900-0d06f71bfbdd:192.168.151.73:41891], old=null
2019-09-25 12:38:42,239 [9d3a6fcb-b37a-4cb6-a53d-6566d174e0ab@group-E94F05885D91-SegmentedRaftLogWorker] INFO  segmented.SegmentedRaftLogWorker (SegmentedRaftLogWorker.java:run(313)) - 9d3a6fcb-b37a-4cb6-a53d-6566d174e0ab@group-E94F05885D91-SegmentedRaftLogWorker was interrupted, exiting. There are 0 tasks remaining in the queue.
2019-09-25 12:38:42,239 [0901ed62-149d-4b86-b900-0d06f71bfbdd@group-F27644E59127:LeaderElection18] INFO  impl.LeaderElection (LeaderElection.java:askForVotes(182)) - 0901ed62-149d-4b86-b900-0d06f71bfbdd@group-F27644E59127:LeaderElection18: begin an election at term 1 for -1: [0901ed62-149d-4b86-b900-0d06f71bfbdd:192.168.151.73:41891], old=null
2019-09-25 12:38:42,239 [0901ed62-149d-4b86-b900-0d06f71bfbdd@group-F14B39E36794:LeaderElection17] INFO  impl.RoleInfo (RoleInfo.java:shutdownLeaderElection(134)) - 0901ed62-149d-4b86-b900-0d06f71bfbdd: shutdown LeaderElection
2019-09-25 12:38:42,239 [ForkJoinPool.commonPool-worker-1] INFO  impl.StateMachineUpdater (StateMachineUpdater.java:stopAndJoin(125)) - 92722d09-e207-4d66-9e26-9e7903376c45@group-449C0C576BF9-StateMachineUpdater: set stopIndex = 0
2019-09-25 12:38:42,240 [0901ed62-149d-4b86-b900-0d06f71bfbdd@group-F14B39E36794:LeaderElection17] INFO  impl.RaftServerImpl (RaftServerImpl.java:setRole(174)) - 0901ed62-149d-4b86-b900-0d06f71bfbdd@group-F14B39E36794: changes role from CANDIDATE to LEADER at term 1 for changeToLeader
2019-09-25 12:38:42,240 [main] INFO  segmented.SegmentedRaftLogWorker (SegmentedRaftLogWorker.java:close(228)) - 9d3a6fcb-b37a-4cb6-a53d-6566d174e0ab@group-E94F05885D91-SegmentedRaftLogWorker close()
2019-09-25 12:38:42,240 [0901ed62-149d-4b86-b900-0d06f71bfbdd@group-F27644E59127:LeaderElection18] INFO  impl.RoleInfo (RoleInfo.java:shutdownLeaderElection(134)) - 0901ed62-149d-4b86-b900-0d06f71bfbdd: shutdown LeaderElection
2019-09-25 12:38:42,240 [0901ed62-149d-4b86-b900-0d06f71bfbdd@group-F14B39E36794:LeaderElection17] INFO  impl.RaftServerImpl (ServerState.java:setLeader(253)) - 0901ed62-149d-4b86-b900-0d06f71bfbdd@group-F14B39E36794: change Leader from null to 0901ed62-149d-4b86-b900-0d06f71bfbdd at term 1 for becomeLeader, leader elected after 5212ms
2019-09-25 12:38:42,240 [ForkJoinPool.commonPool-worker-1] INFO  impl.RaftServerImpl (ServerState.java:close(385)) - 92722d09-e207-4d66-9e26-9e7903376c45@group-449C0C576BF9: closes. applyIndex: 0
2019-09-25 12:38:42,242 [0901ed62-149d-4b86-b900-0d06f71bfbdd@group-F14B39E36794:LeaderElection17] INFO  server.RaftServerConfigKeys (ConfUtils.java:logGet(43)) - raft.server.staging.catchup.gap = 1000 (default)
2019-09-25 12:38:42,242 [0901ed62-149d-4b86-b900-0d06f71bfbdd@group-F27644E59127:LeaderElection18] INFO  impl.RaftServerImpl (RaftServerImpl.java:setRole(174)) - 0901ed62-149d-4b86-b900-0d06f71bfbdd@group-F27644E59127: changes role from CANDIDATE to LEADER at term 1 for changeToLeader
2019-09-25 12:38:42,243 [0901ed62-149d-4b86-b900-0d06f71bfbdd@group-F27644E59127:LeaderElection18] INFO  impl.RaftServerImpl (ServerState.java:setLeader(253)) - 0901ed62-149d-4b86-b900-0d06f71bfbdd@group-F27644E59127: change Leader from null to 0901ed62-149d-4b86-b900-0d06f71bfbdd at term 1 for becomeLeader, leader elected after 5165ms
2019-09-25 12:38:42,242 [main] INFO  impl.RaftServerImpl (RaftServerImpl.java:lambda$shutdown$3(251)) - 9d3a6fcb-b37a-4cb6-a53d-6566d174e0ab@group-2C12E501DD38: shutdown
2019-09-25 12:38:42,243 [0901ed62-149d-4b86-b900-0d06f71bfbdd@group-F27644E59127:LeaderElection18] INFO  server.RaftServerConfigKeys (ConfUtils.java:logGet(43)) - raft.server.staging.catchup.gap = 1000 (default)
2019-09-25 12:38:42,243 [0901ed62-149d-4b86-b900-0d06f71bfbdd@group-F27644E59127:LeaderElection18] INFO  server.RaftServerConfigKeys (ConfUtils.java:logGet(43)) - raft.server.rpc.sleep.time = 25ms (default)
2019-09-25 12:38:42,243 [0901ed62-149d-4b86-b900-0d06f71bfbdd@group-F14B39E36794:LeaderElection17] INFO  server.RaftServerConfigKeys (ConfUtils.java:logGet(43)) - raft.server.rpc.sleep.time = 25ms (default)
2019-09-25 12:38:42,243 [92722d09-e207-4d66-9e26-9e7903376c45@group-449C0C576BF9-SegmentedRaftLogWorker] INFO  segmented.SegmentedRaftLogWorker (SegmentedRaftLogWorker.java:run(313)) - 92722d09-e207-4d66-9e26-9e7903376c45@group-449C0C576BF9-SegmentedRaftLogWorker was interrupted, exiting. There are 0 tasks remaining in the queue.
2019-09-25 12:38:42,244 [0901ed62-149d-4b86-b900-0d06f71bfbdd@group-F14B39E36794:LeaderElection17] INFO  server.RaftServerConfigKeys (ConfUtils.java:logGet(43)) - raft.server.write.element-limit = 4096 (default)
2019-09-25 12:38:42,243 [0901ed62-149d-4b86-b900-0d06f71bfbdd@group-F27644E59127:LeaderElection18] INFO  server.RaftServerConfigKeys (ConfUtils.java:logGet(43)) - raft.server.write.element-limit = 4096 (default)
2019-09-25 12:38:42,243 [main] INFO  util.JmxRegister (JmxRegister.java:unregister(73)) - Successfully un-registered JMX Bean with object name Ratis:service=RaftServer,group=group-2C12E501DD38,id=9d3a6fcb-b37a-4cb6-a53d-6566d174e0ab
2019-09-25 12:38:42,245 [main] INFO  impl.RoleInfo (RoleInfo.java:shutdownLeaderState(104)) - 9d3a6fcb-b37a-4cb6-a53d-6566d174e0ab: shutdown LeaderState
2019-09-25 12:38:42,245 [0901ed62-149d-4b86-b900-0d06f71bfbdd@group-F27644E59127:LeaderElection18] INFO  server.RaftServerConfigKeys (ConfUtils.java:logGet(43)) - raft.server.watch.timeout = 10s (default)
2019-09-25 12:38:42,246 [0901ed62-149d-4b86-b900-0d06f71bfbdd@group-F27644E59127:LeaderElection18] INFO  server.RaftServerConfigKeys (ConfUtils.java:logGet(43)) - raft.server.watch.timeout.denomination = 1s (default)
2019-09-25 12:38:42,244 [0901ed62-149d-4b86-b900-0d06f71bfbdd@group-F14B39E36794:LeaderElection17] INFO  server.RaftServerConfigKeys (ConfUtils.java:logGet(43)) - raft.server.watch.timeout = 10s (default)
2019-09-25 12:38:42,244 [ForkJoinPool.commonPool-worker-1] INFO  segmented.SegmentedRaftLogWorker (SegmentedRaftLogWorker.java:close(228)) - 92722d09-e207-4d66-9e26-9e7903376c45@group-449C0C576BF9-SegmentedRaftLogWorker close()
2019-09-25 12:38:42,246 [0901ed62-149d-4b86-b900-0d06f71bfbdd@group-F14B39E36794:LeaderElection17] INFO  server.RaftServerConfigKeys (ConfUtils.java:logGet(43)) - raft.server.watch.timeout.denomination = 1s (default)
2019-09-25 12:38:42,246 [0901ed62-149d-4b86-b900-0d06f71bfbdd@group-F27644E59127:LeaderElection18] INFO  server.RaftServerConfigKeys (ConfUtils.java:logGet(43)) - raft.server.watch.element-limit = 65536 (default)
2019-09-25 12:38:42,246 [main] INFO  impl.PendingRequests (PendingRequests.java:sendNotLeaderResponses(202)) - 9d3a6fcb-b37a-4cb6-a53d-6566d174e0ab-PendingRequests: sendNotLeaderResponses
2019-09-25 12:38:42,247 [0901ed62-149d-4b86-b900-0d06f71bfbdd@group-F14B39E36794:LeaderElection17] INFO  server.RaftServerConfigKeys (ConfUtils.java:logGet(43)) - raft.server.watch.element-limit = 65536 (default)
2019-09-25 12:38:42,247 [ForkJoinPool.commonPool-worker-1] INFO  impl.RaftServerImpl (RaftServerImpl.java:lambda$shutdown$3(251)) - 92722d09-e207-4d66-9e26-9e7903376c45@group-5EEC8E1671A8: shutdown
2019-09-25 12:38:42,248 [main] INFO  impl.StateMachineUpdater (StateMachineUpdater.java:stopAndJoin(125)) - 9d3a6fcb-b37a-4cb6-a53d-6566d174e0ab@group-2C12E501DD38-StateMachineUpdater: set stopIndex = 0
2019-09-25 12:38:42,248 [ForkJoinPool.commonPool-worker-1] INFO  util.JmxRegister (JmxRegister.java:unregister(73)) - Successfully un-registered JMX Bean with object name Ratis:service=RaftServer,group=group-5EEC8E1671A8,id=92722d09-e207-4d66-9e26-9e7903376c45
2019-09-25 12:38:42,249 [main] INFO  impl.RaftServerImpl (ServerState.java:close(385)) - 9d3a6fcb-b37a-4cb6-a53d-6566d174e0ab@group-2C12E501DD38: closes. applyIndex: 0
2019-09-25 12:38:42,249 [ForkJoinPool.commonPool-worker-1] INFO  impl.RoleInfo (RoleInfo.java:shutdownLeaderState(104)) - 92722d09-e207-4d66-9e26-9e7903376c45: shutdown LeaderState
2019-09-25 12:38:42,250 [9d3a6fcb-b37a-4cb6-a53d-6566d174e0ab@group-2C12E501DD38-SegmentedRaftLogWorker] INFO  segmented.SegmentedRaftLogWorker (SegmentedRaftLogWorker.java:run(313)) - 9d3a6fcb-b37a-4cb6-a53d-6566d174e0ab@group-2C12E501DD38-SegmentedRaftLogWorker was interrupted, exiting. There are 0 tasks remaining in the queue.
2019-09-25 12:38:42,250 [ForkJoinPool.commonPool-worker-1] INFO  impl.PendingRequests (PendingRequests.java:sendNotLeaderResponses(202)) - 92722d09-e207-4d66-9e26-9e7903376c45-PendingRequests: sendNotLeaderResponses
2019-09-25 12:38:42,251 [main] INFO  segmented.SegmentedRaftLogWorker (SegmentedRaftLogWorker.java:close(228)) - 9d3a6fcb-b37a-4cb6-a53d-6566d174e0ab@group-2C12E501DD38-SegmentedRaftLogWorker close()
2019-09-25 12:38:42,251 [0901ed62-149d-4b86-b900-0d06f71bfbdd@group-F27644E59127:LeaderElection18] INFO  impl.RoleInfo (RoleInfo.java:updateAndGet(143)) - 0901ed62-149d-4b86-b900-0d06f71bfbdd: start LeaderState
2019-09-25 12:38:42,251 [ForkJoinPool.commonPool-worker-1] INFO  impl.StateMachineUpdater (StateMachineUpdater.java:stopAndJoin(125)) - 92722d09-e207-4d66-9e26-9e7903376c45@group-5EEC8E1671A8-StateMachineUpdater: set stopIndex = 0
2019-09-25 12:38:42,254 [0901ed62-149d-4b86-b900-0d06f71bfbdd@group-F27644E59127:LeaderElection18] INFO  segmented.SegmentedRaftLogWorker (SegmentedRaftLogWorker.java:startLogSegment(380)) - 0901ed62-149d-4b86-b900-0d06f71bfbdd@group-F27644E59127-SegmentedRaftLogWorker: Starting segment from index:0
2019-09-25 12:38:42,253 [main] INFO  impl.RaftServerImpl (RaftServerImpl.java:lambda$shutdown$3(251)) - 9d3a6fcb-b37a-4cb6-a53d-6566d174e0ab@group-1DAC4E95AFF1: shutdown
2019-09-25 12:38:42,254 [0901ed62-149d-4b86-b900-0d06f71bfbdd@group-F27644E59127:LeaderElection18] INFO  impl.RaftServerImpl (ServerState.java:setRaftConf(354)) - 0901ed62-149d-4b86-b900-0d06f71bfbdd@group-F27644E59127: set configuration 0: [0901ed62-149d-4b86-b900-0d06f71bfbdd:192.168.151.73:41891], old=null at 0
2019-09-25 12:38:42,254 [main] INFO  util.JmxRegister (JmxRegister.java:unregister(73)) - Successfully un-registered JMX Bean with object name Ratis:service=RaftServer,group=group-1DAC4E95AFF1,id=9d3a6fcb-b37a-4cb6-a53d-6566d174e0ab
2019-09-25 12:38:42,254 [ForkJoinPool.commonPool-worker-1] INFO  impl.RaftServerImpl (ServerState.java:close(385)) - 92722d09-e207-4d66-9e26-9e7903376c45@group-5EEC8E1671A8: closes. applyIndex: 0
2019-09-25 12:38:42,289 [main] INFO  impl.RoleInfo (RoleInfo.java:shutdownLeaderState(104)) - 9d3a6fcb-b37a-4cb6-a53d-6566d174e0ab: shutdown LeaderState
2019-09-25 12:38:42,289 [0901ed62-149d-4b86-b900-0d06f71bfbdd@group-F14B39E36794:LeaderElection17] INFO  impl.RoleInfo (RoleInfo.java:updateAndGet(143)) - 0901ed62-149d-4b86-b900-0d06f71bfbdd: start LeaderState
2019-09-25 12:38:42,289 [92722d09-e207-4d66-9e26-9e7903376c45@group-5EEC8E1671A8-SegmentedRaftLogWorker] INFO  segmented.SegmentedRaftLogWorker (SegmentedRaftLogWorker.java:run(313)) - 92722d09-e207-4d66-9e26-9e7903376c45@group-5EEC8E1671A8-SegmentedRaftLogWorker was interrupted, exiting. There are 0 tasks remaining in the queue.
2019-09-25 12:38:42,290 [0901ed62-149d-4b86-b900-0d06f71bfbdd@group-F14B39E36794:LeaderElection17] INFO  segmented.SegmentedRaftLogWorker (SegmentedRaftLogWorker.java:startLogSegment(380)) - 0901ed62-149d-4b86-b900-0d06f71bfbdd@group-F14B39E36794-SegmentedRaftLogWorker: Starting segment from index:0
2019-09-25 12:38:42,290 [main] INFO  impl.PendingRequests (PendingRequests.java:sendNotLeaderResponses(202)) - 9d3a6fcb-b37a-4cb6-a53d-6566d174e0ab-PendingRequests: sendNotLeaderResponses
2019-09-25 12:38:42,290 [ForkJoinPool.commonPool-worker-1] INFO  segmented.SegmentedRaftLogWorker (SegmentedRaftLogWorker.java:close(228)) - 92722d09-e207-4d66-9e26-9e7903376c45@group-5EEC8E1671A8-SegmentedRaftLogWorker close()
2019-09-25 12:38:42,291 [main] INFO  impl.StateMachineUpdater (StateMachineUpdater.java:stopAndJoin(125)) - 9d3a6fcb-b37a-4cb6-a53d-6566d174e0ab@group-1DAC4E95AFF1-StateMachineUpdater: set stopIndex = 0
2019-09-25 12:38:42,291 [0901ed62-149d-4b86-b900-0d06f71bfbdd@group-F14B39E36794:LeaderElection17] INFO  impl.RaftServerImpl (ServerState.java:setRaftConf(354)) - 0901ed62-149d-4b86-b900-0d06f71bfbdd@group-F14B39E36794: set configuration 0: [0901ed62-149d-4b86-b900-0d06f71bfbdd:192.168.151.73:41891], old=null at 0
2019-09-25 12:38:42,316 [main] INFO  impl.RaftServerImpl (ServerState.java:close(385)) - 9d3a6fcb-b37a-4cb6-a53d-6566d174e0ab@group-1DAC4E95AFF1: closes. applyIndex: 0
2019-09-25 12:38:42,313 [0901ed62-149d-4b86-b900-0d06f71bfbdd@group-F27644E59127-SegmentedRaftLogWorker] INFO  segmented.SegmentedRaftLogWorker (SegmentedRaftLogWorker.java:execute(569)) - 0901ed62-149d-4b86-b900-0d06f71bfbdd@group-F27644E59127-SegmentedRaftLogWorker: created new log segment /workdir/hadoop-ozone/integration-test/target/test-dir/MiniOzoneClusterImpl-8e40aa81-9222-408e-95f4-7134100ae31d/datanode-2/data/ratis/7b567cab-0537-4c1c-9e59-f27644e59127/current/log_inprogress_0
2019-09-25 12:38:42,317 [ForkJoinPool.commonPool-worker-1] INFO  server.GrpcService (GrpcService.java:closeImpl(164)) - 92722d09-e207-4d66-9e26-9e7903376c45: shutdown server with port 44862 now
2019-09-25 12:38:42,317 [9d3a6fcb-b37a-4cb6-a53d-6566d174e0ab@group-1DAC4E95AFF1-SegmentedRaftLogWorker] INFO  segmented.SegmentedRaftLogWorker (SegmentedRaftLogWorker.java:run(313)) - 9d3a6fcb-b37a-4cb6-a53d-6566d174e0ab@group-1DAC4E95AFF1-SegmentedRaftLogWorker was interrupted, exiting. There are 0 tasks remaining in the queue.
2019-09-25 12:38:42,318 [main] INFO  segmented.SegmentedRaftLogWorker (SegmentedRaftLogWorker.java:close(228)) - 9d3a6fcb-b37a-4cb6-a53d-6566d174e0ab@group-1DAC4E95AFF1-SegmentedRaftLogWorker close()
2019-09-25 12:38:42,319 [main] INFO  server.GrpcService (GrpcService.java:closeImpl(164)) - 9d3a6fcb-b37a-4cb6-a53d-6566d174e0ab: shutdown server with port 39459 now
2019-09-25 12:38:42,321 [main] INFO  server.GrpcService (GrpcService.java:closeImpl(172)) - 9d3a6fcb-b37a-4cb6-a53d-6566d174e0ab: shutdown server with port 39459 successfully
2019-09-25 12:38:42,321 [ForkJoinPool.commonPool-worker-1] INFO  server.GrpcService (GrpcService.java:closeImpl(172)) - 92722d09-e207-4d66-9e26-9e7903376c45: shutdown server with port 44862 successfully
2019-09-25 12:38:42,329 [0901ed62-149d-4b86-b900-0d06f71bfbdd@group-F14B39E36794-SegmentedRaftLogWorker] INFO  segmented.SegmentedRaftLogWorker (SegmentedRaftLogWorker.java:execute(569)) - 0901ed62-149d-4b86-b900-0d06f71bfbdd@group-F14B39E36794-SegmentedRaftLogWorker: created new log segment /workdir/hadoop-ozone/integration-test/target/test-dir/MiniOzoneClusterImpl-8e40aa81-9222-408e-95f4-7134100ae31d/datanode-2/data/ratis/a50d5a34-fe31-45e1-a89d-f14b39e36794/current/log_inprogress_0
2019-09-25 12:38:42,330 [refreshUsed-/workdir/hadoop-ozone/integration-test/target/test-dir/MiniOzoneClusterImpl-8e40aa81-9222-408e-95f4-7134100ae31d/datanode-1/data/containers] WARN  fs.CachingGetSpaceUsed (CachingGetSpaceUsed.java:run(183)) - Thread Interrupted waiting to refresh disk information: sleep interrupted
2019-09-25 12:38:42,330 [refreshUsed-/workdir/hadoop-ozone/integration-test/target/test-dir/MiniOzoneClusterImpl-8e40aa81-9222-408e-95f4-7134100ae31d/datanode-0/data/containers] WARN  fs.CachingGetSpaceUsed (CachingGetSpaceUsed.java:run(183)) - Thread Interrupted waiting to refresh disk information: sleep interrupted
2019-09-25 12:38:42,345 [ForkJoinPool.commonPool-worker-1] INFO  utils.BackgroundService (BackgroundService.java:shutdown(148)) - Shutting down service BlockDeletingService
2019-09-25 12:38:42,345 [main] INFO  utils.BackgroundService (BackgroundService.java:shutdown(148)) - Shutting down service BlockDeletingService
2019-09-25 12:38:42,347 [ForkJoinPool.commonPool-worker-1] INFO  statemachine.DatanodeStateMachine (DatanodeStateMachine.java:stopDaemon(395)) - Ozone container server stopped.
2019-09-25 12:38:42,349 [main] INFO  statemachine.DatanodeStateMachine (DatanodeStateMachine.java:stopDaemon(395)) - Ozone container server stopped.
2019-09-25 12:38:42,351 [main] INFO  handler.ContextHandler (ContextHandler.java:doStop(910)) - Stopped o.e.j.w.WebAppContext@1422ac7f{/,null,UNAVAILABLE}{/hddsDatanode}
2019-09-25 12:38:42,351 [ForkJoinPool.commonPool-worker-1] INFO  handler.ContextHandler (ContextHandler.java:doStop(910)) - Stopped o.e.j.w.WebAppContext@3c5dbdf8{/,null,UNAVAILABLE}{/hddsDatanode}
2019-09-25 12:38:42,352 [main] INFO  server.AbstractConnector (AbstractConnector.java:doStop(318)) - Stopped ServerConnector@5e519ad3{HTTP/1.1,[http/1.1]}{0.0.0.0:0}
2019-09-25 12:38:42,352 [main] INFO  handler.ContextHandler (ContextHandler.java:doStop(910)) - Stopped o.e.j.s.ServletContextHandler@277b8fa4{/static,jar:file:/home/user/.m2/repository/org/apache/hadoop/hadoop-hdds-container-service/0.5.0-SNAPSHOT/hadoop-hdds-container-service-0.5.0-SNAPSHOT.jar!/webapps/static,UNAVAILABLE}
2019-09-25 12:38:42,352 [ForkJoinPool.commonPool-worker-1] INFO  server.AbstractConnector (AbstractConnector.java:doStop(318)) - Stopped ServerConnector@352c44a8{HTTP/1.1,[http/1.1]}{0.0.0.0:0}
2019-09-25 12:38:42,352 [main] INFO  handler.ContextHandler (ContextHandler.java:doStop(910)) - Stopped o.e.j.s.ServletContextHandler@625d9132{/logs,file:///workdir/hadoop-ozone/integration-test/target/log,UNAVAILABLE}
2019-09-25 12:38:42,353 [ForkJoinPool.commonPool-worker-1] INFO  handler.ContextHandler (ContextHandler.java:doStop(910)) - Stopped o.e.j.s.ServletContextHandler@433348bc{/static,jar:file:/home/user/.m2/repository/org/apache/hadoop/hadoop-hdds-container-service/0.5.0-SNAPSHOT/hadoop-hdds-container-service-0.5.0-SNAPSHOT.jar!/webapps/static,UNAVAILABLE}
2019-09-25 12:38:42,355 [ForkJoinPool.commonPool-worker-1] INFO  handler.ContextHandler (ContextHandler.java:doStop(910)) - Stopped o.e.j.s.ServletContextHandler@5fa23c{/logs,file:///workdir/hadoop-ozone/integration-test/target/log,UNAVAILABLE}
2019-09-25 12:38:43,118 [Datanode State Machine Thread - 0] INFO  statemachine.DatanodeStateMachine (DatanodeStateMachine.java:lambda$startDaemon$0(350)) - Ozone container server started.
2019-09-25 12:38:47,355 [main] INFO  ozoneimpl.OzoneContainer (OzoneContainer.java:stop(231)) - Attempting to stop container services.
2019-09-25 12:38:47,356 [main] INFO  impl.RaftServerProxy (RaftServerProxy.java:lambda$close$4(314)) - 0901ed62-149d-4b86-b900-0d06f71bfbdd: close
2019-09-25 12:38:47,359 [main] INFO  impl.RaftServerImpl (RaftServerImpl.java:lambda$shutdown$3(251)) - 0901ed62-149d-4b86-b900-0d06f71bfbdd@group-77A388E29220: shutdown
2019-09-25 12:38:47,360 [ForkJoinPool.commonPool-worker-0] INFO  impl.RaftServerImpl (RaftServerImpl.java:lambda$shutdown$3(251)) - 0901ed62-149d-4b86-b900-0d06f71bfbdd@group-A094515FC64F: shutdown
2019-09-25 12:38:47,360 [main] INFO  util.JmxRegister (JmxRegister.java:unregister(73)) - Successfully un-registered JMX Bean with object name Ratis:service=RaftServer,group=group-77A388E29220,id=0901ed62-149d-4b86-b900-0d06f71bfbdd
2019-09-25 12:38:47,360 [ForkJoinPool.commonPool-worker-0] INFO  util.JmxRegister (JmxRegister.java:unregister(73)) - Successfully un-registered JMX Bean with object name Ratis:service=RaftServer,group=group-A094515FC64F,id=0901ed62-149d-4b86-b900-0d06f71bfbdd
2019-09-25 12:38:47,361 [main] INFO  impl.RoleInfo (RoleInfo.java:shutdownLeaderState(104)) - 0901ed62-149d-4b86-b900-0d06f71bfbdd: shutdown LeaderState
2019-09-25 12:38:47,361 [ForkJoinPool.commonPool-worker-0] INFO  impl.RoleInfo (RoleInfo.java:shutdownLeaderState(104)) - 0901ed62-149d-4b86-b900-0d06f71bfbdd: shutdown LeaderState
2019-09-25 12:38:47,361 [main] INFO  impl.PendingRequests (PendingRequests.java:sendNotLeaderResponses(202)) - 0901ed62-149d-4b86-b900-0d06f71bfbdd-PendingRequests: sendNotLeaderResponses
2019-09-25 12:38:47,362 [ForkJoinPool.commonPool-worker-0] INFO  impl.PendingRequests (PendingRequests.java:sendNotLeaderResponses(202)) - 0901ed62-149d-4b86-b900-0d06f71bfbdd-PendingRequests: sendNotLeaderResponses
2019-09-25 12:38:47,362 [main] INFO  impl.StateMachineUpdater (StateMachineUpdater.java:stopAndJoin(125)) - 0901ed62-149d-4b86-b900-0d06f71bfbdd@group-77A388E29220-StateMachineUpdater: set stopIndex = 0
2019-09-25 12:38:47,362 [ForkJoinPool.commonPool-worker-0] INFO  impl.StateMachineUpdater (StateMachineUpdater.java:stopAndJoin(125)) - 0901ed62-149d-4b86-b900-0d06f71bfbdd@group-A094515FC64F-StateMachineUpdater: set stopIndex = 0
2019-09-25 12:38:47,363 [main] INFO  impl.RaftServerImpl (ServerState.java:close(385)) - 0901ed62-149d-4b86-b900-0d06f71bfbdd@group-77A388E29220: closes. applyIndex: 0
2019-09-25 12:38:47,363 [ForkJoinPool.commonPool-worker-0] INFO  impl.RaftServerImpl (ServerState.java:close(385)) - 0901ed62-149d-4b86-b900-0d06f71bfbdd@group-A094515FC64F: closes. applyIndex: 0
2019-09-25 12:38:47,364 [0901ed62-149d-4b86-b900-0d06f71bfbdd@group-77A388E29220-SegmentedRaftLogWorker] INFO  segmented.SegmentedRaftLogWorker (SegmentedRaftLogWorker.java:run(313)) - 0901ed62-149d-4b86-b900-0d06f71bfbdd@group-77A388E29220-SegmentedRaftLogWorker was interrupted, exiting. There are 0 tasks remaining in the queue.
2019-09-25 12:38:47,364 [0901ed62-149d-4b86-b900-0d06f71bfbdd@group-A094515FC64F-SegmentedRaftLogWorker] INFO  segmented.SegmentedRaftLogWorker (SegmentedRaftLogWorker.java:run(313)) - 0901ed62-149d-4b86-b900-0d06f71bfbdd@group-A094515FC64F-SegmentedRaftLogWorker was interrupted, exiting. There are 0 tasks remaining in the queue.
2019-09-25 12:38:47,364 [main] INFO  segmented.SegmentedRaftLogWorker (SegmentedRaftLogWorker.java:close(228)) - 0901ed62-149d-4b86-b900-0d06f71bfbdd@group-77A388E29220-SegmentedRaftLogWorker close()
2019-09-25 12:38:47,364 [ForkJoinPool.commonPool-worker-0] INFO  segmented.SegmentedRaftLogWorker (SegmentedRaftLogWorker.java:close(228)) - 0901ed62-149d-4b86-b900-0d06f71bfbdd@group-A094515FC64F-SegmentedRaftLogWorker close()
2019-09-25 12:38:47,366 [main] INFO  impl.RaftServerImpl (RaftServerImpl.java:lambda$shutdown$3(251)) - 0901ed62-149d-4b86-b900-0d06f71bfbdd@group-369666C5E301: shutdown
2019-09-25 12:38:47,366 [ForkJoinPool.commonPool-worker-0] INFO  impl.RaftServerImpl (RaftServerImpl.java:lambda$shutdown$3(251)) - 0901ed62-149d-4b86-b900-0d06f71bfbdd@group-F14B39E36794: shutdown
2019-09-25 12:38:47,367 [main] INFO  util.JmxRegister (JmxRegister.java:unregister(73)) - Successfully un-registered JMX Bean with object name Ratis:service=RaftServer,group=group-369666C5E301,id=0901ed62-149d-4b86-b900-0d06f71bfbdd
2019-09-25 12:38:47,367 [ForkJoinPool.commonPool-worker-0] INFO  util.JmxRegister (JmxRegister.java:unregister(73)) - Successfully un-registered JMX Bean with object name Ratis:service=RaftServer,group=group-F14B39E36794,id=0901ed62-149d-4b86-b900-0d06f71bfbdd
2019-09-25 12:38:47,367 [main] INFO  impl.RoleInfo (RoleInfo.java:shutdownLeaderState(104)) - 0901ed62-149d-4b86-b900-0d06f71bfbdd: shutdown LeaderState
2019-09-25 12:38:47,368 [ForkJoinPool.commonPool-worker-0] INFO  impl.RoleInfo (RoleInfo.java:shutdownLeaderState(104)) - 0901ed62-149d-4b86-b900-0d06f71bfbdd: shutdown LeaderState
2019-09-25 12:38:47,368 [main] INFO  impl.PendingRequests (PendingRequests.java:sendNotLeaderResponses(202)) - 0901ed62-149d-4b86-b900-0d06f71bfbdd-PendingRequests: sendNotLeaderResponses
2019-09-25 12:38:47,368 [ForkJoinPool.commonPool-worker-0] INFO  impl.PendingRequests (PendingRequests.java:sendNotLeaderResponses(202)) - 0901ed62-149d-4b86-b900-0d06f71bfbdd-PendingRequests: sendNotLeaderResponses
2019-09-25 12:38:47,369 [main] INFO  impl.StateMachineUpdater (StateMachineUpdater.java:stopAndJoin(125)) - 0901ed62-149d-4b86-b900-0d06f71bfbdd@group-369666C5E301-StateMachineUpdater: set stopIndex = 0
2019-09-25 12:38:47,369 [ForkJoinPool.commonPool-worker-0] INFO  impl.StateMachineUpdater (StateMachineUpdater.java:stopAndJoin(125)) - 0901ed62-149d-4b86-b900-0d06f71bfbdd@group-F14B39E36794-StateMachineUpdater: set stopIndex = 0
2019-09-25 12:38:47,369 [main] INFO  impl.RaftServerImpl (ServerState.java:close(385)) - 0901ed62-149d-4b86-b900-0d06f71bfbdd@group-369666C5E301: closes. applyIndex: 0
2019-09-25 12:38:47,369 [ForkJoinPool.commonPool-worker-0] INFO  impl.RaftServerImpl (ServerState.java:close(385)) - 0901ed62-149d-4b86-b900-0d06f71bfbdd@group-F14B39E36794: closes. applyIndex: 0
2019-09-25 12:38:47,370 [0901ed62-149d-4b86-b900-0d06f71bfbdd@group-369666C5E301-SegmentedRaftLogWorker] INFO  segmented.SegmentedRaftLogWorker (SegmentedRaftLogWorker.java:run(313)) - 0901ed62-149d-4b86-b900-0d06f71bfbdd@group-369666C5E301-SegmentedRaftLogWorker was interrupted, exiting. There are 0 tasks remaining in the queue.
2019-09-25 12:38:47,370 [0901ed62-149d-4b86-b900-0d06f71bfbdd@group-F14B39E36794-SegmentedRaftLogWorker] INFO  segmented.SegmentedRaftLogWorker (SegmentedRaftLogWorker.java:run(313)) - 0901ed62-149d-4b86-b900-0d06f71bfbdd@group-F14B39E36794-SegmentedRaftLogWorker was interrupted, exiting. There are 0 tasks remaining in the queue.
2019-09-25 12:38:47,370 [main] INFO  segmented.SegmentedRaftLogWorker (SegmentedRaftLogWorker.java:close(228)) - 0901ed62-149d-4b86-b900-0d06f71bfbdd@group-369666C5E301-SegmentedRaftLogWorker close()
2019-09-25 12:38:47,372 [ForkJoinPool.commonPool-worker-0] INFO  segmented.SegmentedRaftLogWorker (SegmentedRaftLogWorker.java:close(228)) - 0901ed62-149d-4b86-b900-0d06f71bfbdd@group-F14B39E36794-SegmentedRaftLogWorker close()
2019-09-25 12:38:47,374 [ForkJoinPool.commonPool-worker-0] INFO  impl.RaftServerImpl (RaftServerImpl.java:lambda$shutdown$3(251)) - 0901ed62-149d-4b86-b900-0d06f71bfbdd@group-858234D1CA14: shutdown
2019-09-25 12:38:47,374 [ForkJoinPool.commonPool-worker-0] INFO  util.JmxRegister (JmxRegister.java:unregister(73)) - Successfully un-registered JMX Bean with object name Ratis:service=RaftServer,group=group-858234D1CA14,id=0901ed62-149d-4b86-b900-0d06f71bfbdd
2019-09-25 12:38:47,374 [ForkJoinPool.commonPool-worker-0] INFO  impl.RoleInfo (RoleInfo.java:shutdownLeaderState(104)) - 0901ed62-149d-4b86-b900-0d06f71bfbdd: shutdown LeaderState
2019-09-25 12:38:47,374 [ForkJoinPool.commonPool-worker-0] INFO  impl.PendingRequests (PendingRequests.java:sendNotLeaderResponses(202)) - 0901ed62-149d-4b86-b900-0d06f71bfbdd-PendingRequests: sendNotLeaderResponses
2019-09-25 12:38:47,374 [ForkJoinPool.commonPool-worker-0] INFO  impl.StateMachineUpdater (StateMachineUpdater.java:stopAndJoin(125)) - 0901ed62-149d-4b86-b900-0d06f71bfbdd@group-858234D1CA14-StateMachineUpdater: set stopIndex = 0
2019-09-25 12:38:47,375 [ForkJoinPool.commonPool-worker-0] INFO  impl.RaftServerImpl (ServerState.java:close(385)) - 0901ed62-149d-4b86-b900-0d06f71bfbdd@group-858234D1CA14: closes. applyIndex: 0
2019-09-25 12:38:47,375 [0901ed62-149d-4b86-b900-0d06f71bfbdd@group-858234D1CA14-SegmentedRaftLogWorker] INFO  segmented.SegmentedRaftLogWorker (SegmentedRaftLogWorker.java:run(313)) - 0901ed62-149d-4b86-b900-0d06f71bfbdd@group-858234D1CA14-SegmentedRaftLogWorker was interrupted, exiting. There are 0 tasks remaining in the queue.
2019-09-25 12:38:47,375 [ForkJoinPool.commonPool-worker-0] INFO  segmented.SegmentedRaftLogWorker (SegmentedRaftLogWorker.java:close(228)) - 0901ed62-149d-4b86-b900-0d06f71bfbdd@group-858234D1CA14-SegmentedRaftLogWorker close()
2019-09-25 12:38:47,376 [ForkJoinPool.commonPool-worker-0] INFO  impl.RaftServerImpl (RaftServerImpl.java:lambda$shutdown$3(251)) - 0901ed62-149d-4b86-b900-0d06f71bfbdd@group-F27644E59127: shutdown
2019-09-25 12:38:47,377 [ForkJoinPool.commonPool-worker-0] INFO  util.JmxRegister (JmxRegister.java:unregister(73)) - Successfully un-registered JMX Bean with object name Ratis:service=RaftServer,group=group-F27644E59127,id=0901ed62-149d-4b86-b900-0d06f71bfbdd
2019-09-25 12:38:47,377 [ForkJoinPool.commonPool-worker-0] INFO  impl.RoleInfo (RoleInfo.java:shutdownLeaderState(104)) - 0901ed62-149d-4b86-b900-0d06f71bfbdd: shutdown LeaderState
2019-09-25 12:38:47,377 [ForkJoinPool.commonPool-worker-0] INFO  impl.PendingRequests (PendingRequests.java:sendNotLeaderResponses(202)) - 0901ed62-149d-4b86-b900-0d06f71bfbdd-PendingRequests: sendNotLeaderResponses
2019-09-25 12:38:47,377 [ForkJoinPool.commonPool-worker-0] INFO  impl.StateMachineUpdater (StateMachineUpdater.java:stopAndJoin(125)) - 0901ed62-149d-4b86-b900-0d06f71bfbdd@group-F27644E59127-StateMachineUpdater: set stopIndex = 0
2019-09-25 12:38:47,378 [ForkJoinPool.commonPool-worker-0] INFO  impl.RaftServerImpl (ServerState.java:close(385)) - 0901ed62-149d-4b86-b900-0d06f71bfbdd@group-F27644E59127: closes. applyIndex: 0
2019-09-25 12:38:47,378 [0901ed62-149d-4b86-b900-0d06f71bfbdd@group-F27644E59127-SegmentedRaftLogWorker] INFO  segmented.SegmentedRaftLogWorker (SegmentedRaftLogWorker.java:run(313)) - 0901ed62-149d-4b86-b900-0d06f71bfbdd@group-F27644E59127-SegmentedRaftLogWorker was interrupted, exiting. There are 0 tasks remaining in the queue.
2019-09-25 12:38:47,379 [ForkJoinPool.commonPool-worker-0] INFO  segmented.SegmentedRaftLogWorker (SegmentedRaftLogWorker.java:close(228)) - 0901ed62-149d-4b86-b900-0d06f71bfbdd@group-F27644E59127-SegmentedRaftLogWorker close()
2019-09-25 12:38:47,380 [main] INFO  server.GrpcService (GrpcService.java:closeImpl(164)) - 0901ed62-149d-4b86-b900-0d06f71bfbdd: shutdown server with port 41891 now
2019-09-25 12:38:47,382 [main] INFO  server.GrpcService (GrpcService.java:closeImpl(172)) - 0901ed62-149d-4b86-b900-0d06f71bfbdd: shutdown server with port 41891 successfully
2019-09-25 12:38:47,389 [refreshUsed-/workdir/hadoop-ozone/integration-test/target/test-dir/MiniOzoneClusterImpl-8e40aa81-9222-408e-95f4-7134100ae31d/datanode-2/data/containers] WARN  fs.CachingGetSpaceUsed (CachingGetSpaceUsed.java:run(183)) - Thread Interrupted waiting to refresh disk information: sleep interrupted
2019-09-25 12:38:47,407 [main] INFO  utils.BackgroundService (BackgroundService.java:shutdown(148)) - Shutting down service BlockDeletingService
2019-09-25 12:38:47,409 [main] INFO  statemachine.DatanodeStateMachine (DatanodeStateMachine.java:stopDaemon(395)) - Ozone container server stopped.
2019-09-25 12:38:47,430 [main] INFO  handler.ContextHandler (ContextHandler.java:doStop(910)) - Stopped o.e.j.w.WebAppContext@296e281a{/,null,UNAVAILABLE}{/hddsDatanode}
2019-09-25 12:38:47,431 [main] INFO  server.AbstractConnector (AbstractConnector.java:doStop(318)) - Stopped ServerConnector@59cda16e{HTTP/1.1,[http/1.1]}{0.0.0.0:0}
2019-09-25 12:38:47,431 [main] INFO  handler.ContextHandler (ContextHandler.java:doStop(910)) - Stopped o.e.j.s.ServletContextHandler@28da7d11{/static,jar:file:/home/user/.m2/repository/org/apache/hadoop/hadoop-hdds-container-service/0.5.0-SNAPSHOT/hadoop-hdds-container-service-0.5.0-SNAPSHOT.jar!/webapps/static,UNAVAILABLE}
2019-09-25 12:38:47,432 [main] INFO  handler.ContextHandler (ContextHandler.java:doStop(910)) - Stopped o.e.j.s.ServletContextHandler@5fcfde70{/logs,file:///workdir/hadoop-ozone/integration-test/target/log,UNAVAILABLE}
2019-09-25 12:38:47,433 [main] INFO  ozone.MiniOzoneClusterImpl (MiniOzoneClusterImpl.java:stopSCM(392)) - Stopping the StorageContainerManager
2019-09-25 12:38:47,433 [main] INFO  server.StorageContainerManager (StorageContainerManager.java:stop(808)) - Stopping Replication Manager Service.
2019-09-25 12:38:47,433 [main] INFO  container.ReplicationManager (ReplicationManager.java:stop(204)) - Stopping Replication Monitor Thread.
2019-09-25 12:38:47,434 [main] INFO  server.StorageContainerManager (StorageContainerManager.java:stop(815)) - Stopping Lease Manager of the command watchers
2019-09-25 12:38:47,434 [main] INFO  server.StorageContainerManager (StorageContainerManager.java:stop(822)) - Stopping datanode service RPC server
2019-09-25 12:38:47,434 [main] INFO  server.SCMDatanodeProtocolServer (SCMDatanodeProtocolServer.java:stop(367)) - Stopping the RPC server for DataNodes
2019-09-25 12:38:47,435 [main] INFO  ipc.Server (Server.java:stop(3082)) - Stopping server on 37641
2019-09-25 12:38:47,436 [IPC Server listener on 37641] INFO  ipc.Server (Server.java:run(1185)) - Stopping IPC Server listener on 37641
2019-09-25 12:38:47,436 [IPC Server Responder] INFO  ipc.Server (Server.java:run(1319)) - Stopping IPC Server Responder
2019-09-25 12:38:47,496 [SCM Heartbeat Processing Thread - 0] WARN  node.NodeStateManager (NodeStateManager.java:scheduleNextHealthCheck(655)) - Current Thread is interrupted, shutting down HB processing thread for Node Manager.
2019-09-25 12:38:47,496 [main] INFO  server.StorageContainerManager (StorageContainerManager.java:stop(830)) - Stopping block service RPC server
2019-09-25 12:38:47,497 [main] INFO  server.SCMBlockProtocolServer (SCMBlockProtocolServer.java:stop(155)) - Stopping the RPC server for Block Protocol
2019-09-25 12:38:47,497 [main] INFO  ipc.Server (Server.java:stop(3082)) - Stopping server on 36070
2019-09-25 12:38:47,498 [main] INFO  server.StorageContainerManager (StorageContainerManager.java:stop(837)) - Stopping the StorageContainerLocationProtocol RPC server
2019-09-25 12:38:47,499 [main] INFO  server.SCMClientProtocolServer (SCMClientProtocolServer.java:stop(159)) - Stopping the RPC server for Client Protocol
2019-09-25 12:38:47,499 [IPC Server Responder] INFO  ipc.Server (Server.java:run(1319)) - Stopping IPC Server Responder
2019-09-25 12:38:47,499 [main] INFO  ipc.Server (Server.java:stop(3082)) - Stopping server on 33301
2019-09-25 12:38:47,499 [IPC Server listener on 36070] INFO  ipc.Server (Server.java:run(1185)) - Stopping IPC Server listener on 36070
2019-09-25 12:38:47,501 [IPC Server listener on 33301] INFO  ipc.Server (Server.java:run(1185)) - Stopping IPC Server listener on 33301
2019-09-25 12:38:47,501 [main] INFO  server.StorageContainerManager (StorageContainerManager.java:stop(844)) - Stopping Storage Container Manager HTTP server.
2019-09-25 12:38:47,501 [IPC Server Responder] INFO  ipc.Server (Server.java:run(1319)) - Stopping IPC Server Responder
2019-09-25 12:38:47,502 [main] INFO  handler.ContextHandler (ContextHandler.java:doStop(910)) - Stopped o.e.j.w.WebAppContext@6928f576{/,null,UNAVAILABLE}{/scm}
2019-09-25 12:38:47,503 [main] INFO  server.AbstractConnector (AbstractConnector.java:doStop(318)) - Stopped ServerConnector@548e76f1{HTTP/1.1,[http/1.1]}{0.0.0.0:0}
2019-09-25 12:38:47,504 [main] INFO  handler.ContextHandler (ContextHandler.java:doStop(910)) - Stopped o.e.j.s.ServletContextHandler@3e821657{/static,file:///workdir/hadoop-ozone/integration-test/target/test-classes/webapps/static,UNAVAILABLE}
2019-09-25 12:38:47,504 [main] INFO  handler.ContextHandler (ContextHandler.java:doStop(910)) - Stopped o.e.j.s.ServletContextHandler@6b00f608{/logs,file:///workdir/hadoop-ozone/integration-test/target/log,UNAVAILABLE}
2019-09-25 12:38:47,506 [main] INFO  server.StorageContainerManager (StorageContainerManager.java:stop(855)) - Stopping Block Manager Service.
2019-09-25 12:38:47,506 [main] INFO  utils.BackgroundService (BackgroundService.java:shutdown(148)) - Shutting down service SCMBlockDeletingService
2019-09-25 12:38:47,507 [main] INFO  utils.BackgroundService (BackgroundService.java:shutdown(148)) - Shutting down service SCMBlockDeletingService
2019-09-25 12:38:47,507 [main] INFO  server.StorageContainerManager (StorageContainerManager.java:stop(877)) - Stopping SCM Event Queue.
2019-09-25 12:38:47,514 [main] INFO  impl.MetricsSystemImpl (MetricsSystemImpl.java:stop(210)) - Stopping ratis metrics system...
2019-09-25 12:38:47,523 [prometheus] INFO  impl.MetricsSinkAdapter (MetricsSinkAdapter.java:publishMetricsFromQueue(141)) - prometheus thread interrupted.
2019-09-25 12:38:47,523 [main] INFO  impl.MetricsSystemImpl (MetricsSystemImpl.java:stop(216)) - ratis metrics system stopped.
]]></system-out>
    <system-err><![CDATA[ERROR StatusLogger No Log4j 2 configuration file found. Using default configuration (logging only errors to the console), or user programmatically provided configurations. Set system property 'log4j2.debug' to show Log4j 2 internal initialization logging. See https://logging.apache.org/log4j/2.x/manual/configuration.html for instructions on how to configure Log4j 2
]]></system-err>
  </testcase>
  <testcase name="testPipelineCloseWithOpenContainer" classname="org.apache.hadoop.hdds.scm.pipeline.TestPipelineClose" time="16.744">
    <error message="Could not allocate container. Cannot get any matching pipeline for Type:RATIS, Factor:THREE, State:PipelineState.OPEN" type="java.io.IOException">java.io.IOException: Could not allocate container. Cannot get any matching pipeline for Type:RATIS, Factor:THREE, State:PipelineState.OPEN
	at org.apache.hadoop.hdds.scm.container.ContainerStateManager.allocateContainer(ContainerStateManager.java:260)
	at org.apache.hadoop.hdds.scm.container.SCMContainerManager.allocateContainer(SCMContainerManager.java:247)
	at org.apache.hadoop.hdds.scm.pipeline.TestPipelineClose.init(TestPipelineClose.java:92)
	at sun.reflect.NativeMethodAccessorImpl.invoke0(Native Method)
	at sun.reflect.NativeMethodAccessorImpl.invoke(NativeMethodAccessorImpl.java:62)
	at sun.reflect.DelegatingMethodAccessorImpl.invoke(DelegatingMethodAccessorImpl.java:43)
	at java.lang.reflect.Method.invoke(Method.java:498)
	at org.junit.runners.model.FrameworkMethod$1.runReflectiveCall(FrameworkMethod.java:47)
	at org.junit.internal.runners.model.ReflectiveCallable.run(ReflectiveCallable.java:12)
	at org.junit.runners.model.FrameworkMethod.invokeExplosively(FrameworkMethod.java:44)
	at org.junit.internal.runners.statements.RunBefores.evaluate(RunBefores.java:24)
	at org.junit.internal.runners.statements.RunAfters.evaluate(RunAfters.java:27)
	at org.junit.runners.ParentRunner.runLeaf(ParentRunner.java:271)
	at org.junit.runners.BlockJUnit4ClassRunner.runChild(BlockJUnit4ClassRunner.java:70)
	at org.junit.runners.BlockJUnit4ClassRunner.runChild(BlockJUnit4ClassRunner.java:50)
	at org.junit.runners.ParentRunner$3.run(ParentRunner.java:238)
	at org.junit.runners.ParentRunner$1.schedule(ParentRunner.java:63)
	at org.junit.runners.ParentRunner.runChildren(ParentRunner.java:236)
	at org.junit.runners.ParentRunner.access$000(ParentRunner.java:53)
	at org.junit.runners.ParentRunner$2.evaluate(ParentRunner.java:229)
	at org.junit.runners.ParentRunner.run(ParentRunner.java:309)
	at org.apache.maven.surefire.junit4.JUnit4Provider.execute(JUnit4Provider.java:365)
	at org.apache.maven.surefire.junit4.JUnit4Provider.executeWithRerun(JUnit4Provider.java:273)
	at org.apache.maven.surefire.junit4.JUnit4Provider.executeTestSet(JUnit4Provider.java:238)
	at org.apache.maven.surefire.junit4.JUnit4Provider.invoke(JUnit4Provider.java:159)
	at org.apache.maven.surefire.booter.ForkedBooter.invokeProviderInSameClassLoader(ForkedBooter.java:384)
	at org.apache.maven.surefire.booter.ForkedBooter.runSuitesInProcess(ForkedBooter.java:345)
	at org.apache.maven.surefire.booter.ForkedBooter.execute(ForkedBooter.java:126)
	at org.apache.maven.surefire.booter.ForkedBooter.main(ForkedBooter.java:418)
</error>
    <system-out><![CDATA[2019-09-25 12:38:47,592 [main] WARN  server.ServerUtils (ServerUtils.java:getScmDbDir(145)) - ozone.scm.db.dirs is not configured. We recommend adding this setting. Falling back to ozone.metadata.dirs instead.
2019-09-25 12:38:47,607 [main] WARN  server.ServerUtils (ServerUtils.java:getScmDbDir(145)) - ozone.scm.db.dirs is not configured. We recommend adding this setting. Falling back to ozone.metadata.dirs instead.
2019-09-25 12:38:47,607 [main] WARN  server.ServerUtils (ServerUtils.java:getScmDbDir(145)) - ozone.scm.db.dirs is not configured. We recommend adding this setting. Falling back to ozone.metadata.dirs instead.
2019-09-25 12:38:47,608 [main] INFO  db.DBStoreBuilder (DBStoreBuilder.java:addTable(110)) - using custom profile for table: deletedBlocks
2019-09-25 12:38:47,608 [main] INFO  db.DBStoreBuilder (DBStoreBuilder.java:processTables(161)) - Using default column profile:DBProfile.DISK for Table:deletedBlocks
2019-09-25 12:38:47,608 [main] INFO  db.DBStoreBuilder (DBStoreBuilder.java:addTable(110)) - using custom profile for table: validCerts
2019-09-25 12:38:47,609 [main] INFO  db.DBStoreBuilder (DBStoreBuilder.java:processTables(161)) - Using default column profile:DBProfile.DISK for Table:validCerts
2019-09-25 12:38:47,609 [main] INFO  db.DBStoreBuilder (DBStoreBuilder.java:addTable(110)) - using custom profile for table: revokedCerts
2019-09-25 12:38:47,609 [main] INFO  db.DBStoreBuilder (DBStoreBuilder.java:processTables(161)) - Using default column profile:DBProfile.DISK for Table:revokedCerts
2019-09-25 12:38:47,609 [main] INFO  db.DBStoreBuilder (DBStoreBuilder.java:addTable(110)) - using custom profile for table: default
2019-09-25 12:38:47,609 [main] INFO  db.DBStoreBuilder (DBStoreBuilder.java:processTables(167)) - Using default column profile:DBProfile.DISK for Table:default
2019-09-25 12:38:47,610 [main] INFO  db.DBStoreBuilder (DBStoreBuilder.java:getDbProfile(198)) - Using default options. DBProfile.DISK
2019-09-25 12:38:47,765 [main] INFO  net.NodeSchemaLoader (NodeSchemaLoader.java:loadSchemaFromFile(125)) - Loading file from sun.misc.CompoundEnumeration@2938127d
2019-09-25 12:38:47,766 [main] INFO  net.NodeSchemaLoader (NodeSchemaLoader.java:loadSchema(171)) - Loading network topology layer schema file
2019-09-25 12:38:47,772 [main] WARN  server.ServerUtils (ServerUtils.java:sanitizeUserArgs(70)) - ozone.scm.stale.node.interval value = 300000 is larger than max = 100000 based on the key value of ozone.scm.heartbeat.thread.interval, reset to the max value 100000.
2019-09-25 12:38:47,772 [main] WARN  server.ServerUtils (ServerUtils.java:sanitizeUserArgs(70)) - ozone.scm.stale.node.interval value = 300000 is larger than max = 100000 based on the key value of ozone.scm.heartbeat.thread.interval, reset to the max value 100000.
2019-09-25 12:38:47,773 [main] INFO  node.SCMNodeManager (SCMNodeManager.java:<init>(114)) - Entering startup safe mode.
2019-09-25 12:38:47,774 [main] INFO  algorithms.ContainerPlacementPolicyFactory (ContainerPlacementPolicyFactory.java:getPolicy(59)) - Create container placement policy of type org.apache.hadoop.hdds.scm.container.placement.algorithms.SCMContainerPlacementRandom
2019-09-25 12:38:47,774 [main] WARN  server.ServerUtils (ServerUtils.java:getScmDbDir(145)) - ozone.scm.db.dirs is not configured. We recommend adding this setting. Falling back to ozone.metadata.dirs instead.
2019-09-25 12:38:47,799 [main] INFO  pipeline.SCMPipelineManager (SCMPipelineManager.java:initializePipelineState(132)) - No pipeline exists in current db
2019-09-25 12:38:47,799 [main] WARN  server.ServerUtils (ServerUtils.java:getScmDbDir(145)) - ozone.scm.db.dirs is not configured. We recommend adding this setting. Falling back to ozone.metadata.dirs instead.
2019-09-25 12:38:47,828 [main] WARN  events.EventQueue (EventQueue.java:fireEvent(183)) - No event handler registered for event TypedEvent{payloadType=SafeModeStatus, name='SafeModeStatus'}
2019-09-25 12:38:47,829 [main] INFO  ipc.CallQueueManager (CallQueueManager.java:<init>(84)) - Using callQueue: class java.util.concurrent.LinkedBlockingQueue, queueCapacity: 2000, scheduler: class org.apache.hadoop.ipc.DefaultRpcScheduler, ipcBackoff: false.
2019-09-25 12:38:47,830 [Socket Reader #1 for port 38998] INFO  ipc.Server (Server.java:run(1074)) - Starting Socket Reader #1 for port 38998
2019-09-25 12:38:47,833 [main] INFO  ipc.CallQueueManager (CallQueueManager.java:<init>(84)) - Using callQueue: class java.util.concurrent.LinkedBlockingQueue, queueCapacity: 2000, scheduler: class org.apache.hadoop.ipc.DefaultRpcScheduler, ipcBackoff: false.
2019-09-25 12:38:47,833 [Socket Reader #1 for port 35803] INFO  ipc.Server (Server.java:run(1074)) - Starting Socket Reader #1 for port 35803
2019-09-25 12:38:47,835 [main] INFO  ipc.CallQueueManager (CallQueueManager.java:<init>(84)) - Using callQueue: class java.util.concurrent.LinkedBlockingQueue, queueCapacity: 2000, scheduler: class org.apache.hadoop.ipc.DefaultRpcScheduler, ipcBackoff: false.
2019-09-25 12:38:47,836 [Socket Reader #1 for port 43533] INFO  ipc.Server (Server.java:run(1074)) - Starting Socket Reader #1 for port 43533
2019-09-25 12:38:47,839 [main] INFO  hdfs.DFSUtil (DFSUtil.java:httpServerTemplateForNNAndJN(1641)) - Starting Web-server for scm at: http://0.0.0.0:0
2019-09-25 12:38:47,841 [main] INFO  server.AuthenticationFilter (AuthenticationFilter.java:constructSecretProvider(240)) - Unable to initialize FileSignerSecretProvider, falling back to use random secrets.
2019-09-25 12:38:47,842 [main] WARN  http.HttpRequestLog (HttpRequestLog.java:getRequestLog(97)) - Jetty request log can only be enabled using Log4j
2019-09-25 12:38:47,846 [main] INFO  http.HttpServer2 (HttpServer2.java:addGlobalFilter(975)) - Added global filter 'safety' (class=org.apache.hadoop.http.HttpServer2$QuotingInputFilter)
2019-09-25 12:38:47,847 [main] INFO  http.HttpServer2 (HttpServer2.java:addFilter(948)) - Added filter static_user_filter (class=org.apache.hadoop.http.lib.StaticUserWebFilter$StaticUserFilter) to context scm
2019-09-25 12:38:47,847 [main] INFO  http.HttpServer2 (HttpServer2.java:addFilter(958)) - Added filter static_user_filter (class=org.apache.hadoop.http.lib.StaticUserWebFilter$StaticUserFilter) to context static
2019-09-25 12:38:47,848 [main] INFO  http.HttpServer2 (HttpServer2.java:addFilter(958)) - Added filter static_user_filter (class=org.apache.hadoop.http.lib.StaticUserWebFilter$StaticUserFilter) to context logs
2019-09-25 12:38:47,851 [main] INFO  server.StorageContainerManager (StorageContainerManager.java:start(770)) - StorageContainerLocationProtocol RPC server is listening at /0.0.0.0:43533
2019-09-25 12:38:47,854 [main] WARN  impl.MetricsConfig (MetricsConfig.java:loadFirst(134)) - Cannot locate configuration: tried hadoop-metrics2-storagecontainermanager.properties,hadoop-metrics2.properties
2019-09-25 12:38:47,855 [main] INFO  impl.MetricsSystemImpl (MetricsSystemImpl.java:startTimer(374)) - Scheduled Metric snapshot period at 10 second(s).
2019-09-25 12:38:47,856 [main] INFO  impl.MetricsSystemImpl (MetricsSystemImpl.java:start(191)) - StorageContainerManager metrics system started
2019-09-25 12:38:47,902 [main] WARN  impl.MetricsSystemImpl (MetricsSystemImpl.java:register(276)) - Sink prometheus already exists!
2019-09-25 12:38:47,911 [main] INFO  server.SCMClientProtocolServer (SCMClientProtocolServer.java:start(151)) - RPC server for Client  is listening at /0.0.0.0:43533
2019-09-25 12:38:47,911 [IPC Server Responder] INFO  ipc.Server (Server.java:run(1314)) - IPC Server Responder: starting
2019-09-25 12:38:47,911 [IPC Server listener on 43533] INFO  ipc.Server (Server.java:run(1153)) - IPC Server listener on 43533: starting
2019-09-25 12:38:47,914 [main] INFO  server.StorageContainerManager (StorageContainerManager.java:start(780)) - ScmBlockLocationProtocol RPC server is listening at /0.0.0.0:35803
2019-09-25 12:38:47,915 [main] INFO  server.SCMBlockProtocolServer (SCMBlockProtocolServer.java:start(146)) - RPC server for Block Protocol is listening at /0.0.0.0:35803
2019-09-25 12:38:47,915 [IPC Server Responder] INFO  ipc.Server (Server.java:run(1314)) - IPC Server Responder: starting
2019-09-25 12:38:47,916 [IPC Server listener on 35803] INFO  ipc.Server (Server.java:run(1153)) - IPC Server listener on 35803: starting
2019-09-25 12:38:47,919 [main] INFO  server.StorageContainerManager (StorageContainerManager.java:start(784)) - ScmDatanodeProtocl RPC server is listening at /0.0.0.0:38998
2019-09-25 12:38:47,919 [main] INFO  server.SCMDatanodeProtocolServer (SCMDatanodeProtocolServer.java:start(191)) - RPC server for DataNodes is listening at /0.0.0.0:38998
2019-09-25 12:38:47,919 [IPC Server Responder] INFO  ipc.Server (Server.java:run(1314)) - IPC Server Responder: starting
2019-09-25 12:38:47,919 [IPC Server listener on 38998] INFO  ipc.Server (Server.java:run(1153)) - IPC Server listener on 38998: starting
2019-09-25 12:38:47,923 [main] INFO  http.HttpServer2 (HttpServer2.java:bindListener(1191)) - Jetty bound to port 44261
2019-09-25 12:38:47,923 [main] INFO  server.Server (Server.java:doStart(351)) - jetty-9.3.25.v20180904, build timestamp: 2018-09-04T21:11:46Z, git hash: 3ce520221d0240229c862b122d2b06c12a625732
2019-09-25 12:38:47,925 [main] INFO  handler.ContextHandler (ContextHandler.java:doStart(781)) - Started o.e.j.s.ServletContextHandler@75d4a80f{/logs,file:///workdir/hadoop-ozone/integration-test/target/log,AVAILABLE}
2019-09-25 12:38:47,926 [main] INFO  handler.ContextHandler (ContextHandler.java:doStart(781)) - Started o.e.j.s.ServletContextHandler@ccf91df{/static,file:///workdir/hadoop-ozone/integration-test/target/test-classes/webapps/static,AVAILABLE}
2019-09-25 12:38:47,931 [main] INFO  handler.ContextHandler (ContextHandler.java:doStart(781)) - Started o.e.j.w.WebAppContext@79a04e5f{/,file:///workdir/hadoop-ozone/integration-test/target/test-classes/webapps/scm/,AVAILABLE}{/scm}
2019-09-25 12:38:47,932 [main] INFO  server.AbstractConnector (AbstractConnector.java:doStart(278)) - Started ServerConnector@66b59b7d{HTTP/1.1,[http/1.1]}{0.0.0.0:44261}
2019-09-25 12:38:47,932 [main] INFO  server.Server (Server.java:doStart(419)) - Started @22315ms
2019-09-25 12:38:47,932 [main] WARN  impl.MetricsSystemImpl (MetricsSystemImpl.java:register(276)) - Sink prometheus already exists!
2019-09-25 12:38:47,933 [main] INFO  server.BaseHttpServer (BaseHttpServer.java:updateConnectorAddress(215)) - HTTP server of SCM is listening at http://0.0.0.0:44261
2019-09-25 12:38:47,934 [main] WARN  server.ServerUtils (ServerUtils.java:getDBPath(222)) - ozone.om.db.dirs is not configured. We recommend adding this setting. Falling back to ozone.metadata.dirs instead.
2019-09-25 12:38:47,935 [org.apache.hadoop.util.JvmPauseMonitor$Monitor@4437ac07] INFO  util.JvmPauseMonitor (JvmPauseMonitor.java:run(188)) - Starting JVM pause monitor
2019-09-25 12:38:47,948 [main] WARN  server.ServerUtils (ServerUtils.java:getDBPath(222)) - ozone.om.db.dirs is not configured. We recommend adding this setting. Falling back to ozone.metadata.dirs instead.
2019-09-25 12:38:47,949 [main] WARN  server.ServerUtils (ServerUtils.java:getDBPath(222)) - ozone.om.db.dirs is not configured. We recommend adding this setting. Falling back to ozone.metadata.dirs instead.
2019-09-25 12:38:47,949 [main] INFO  om.OzoneManager (OzoneManager.java:setOMNodeDetails(652)) - OM Service ID is not set. Setting it to the default ID: omServiceIdDefault
2019-09-25 12:38:47,949 [main] INFO  om.OzoneManager (OzoneManager.java:setOMNodeDetails(658)) - OM Node ID is not set. Setting it to the OmStorage's OmID: 8a8a3b1f-4875-40b9-af2f-f266186cc34f
2019-09-25 12:38:47,950 [main] INFO  om.OzoneManager (OzoneManager.java:loadOMHAConfigs(609)) - Found matching OM address with OMServiceId: null, OMNodeId: null, RPC Address: localhost:0 and Ratis port: 9872
2019-09-25 12:38:47,968 [main] WARN  server.ServerUtils (ServerUtils.java:getDBPath(222)) - ozone.om.db.dirs is not configured. We recommend adding this setting. Falling back to ozone.metadata.dirs instead.
2019-09-25 12:38:47,968 [main] INFO  db.DBStoreBuilder (DBStoreBuilder.java:addTable(110)) - using custom profile for table: userTable
2019-09-25 12:38:47,968 [main] INFO  db.DBStoreBuilder (DBStoreBuilder.java:processTables(161)) - Using default column profile:DBProfile.DISK for Table:userTable
2019-09-25 12:38:47,968 [main] INFO  db.DBStoreBuilder (DBStoreBuilder.java:addTable(110)) - using custom profile for table: volumeTable
2019-09-25 12:38:47,969 [main] INFO  db.DBStoreBuilder (DBStoreBuilder.java:processTables(161)) - Using default column profile:DBProfile.DISK for Table:volumeTable
2019-09-25 12:38:47,969 [main] INFO  db.DBStoreBuilder (DBStoreBuilder.java:addTable(110)) - using custom profile for table: bucketTable
2019-09-25 12:38:47,969 [main] INFO  db.DBStoreBuilder (DBStoreBuilder.java:processTables(161)) - Using default column profile:DBProfile.DISK for Table:bucketTable
2019-09-25 12:38:47,969 [main] INFO  db.DBStoreBuilder (DBStoreBuilder.java:addTable(110)) - using custom profile for table: keyTable
2019-09-25 12:38:47,969 [main] INFO  db.DBStoreBuilder (DBStoreBuilder.java:processTables(161)) - Using default column profile:DBProfile.DISK for Table:keyTable
2019-09-25 12:38:47,970 [main] INFO  db.DBStoreBuilder (DBStoreBuilder.java:addTable(110)) - using custom profile for table: deletedTable
2019-09-25 12:38:47,970 [main] INFO  db.DBStoreBuilder (DBStoreBuilder.java:processTables(161)) - Using default column profile:DBProfile.DISK for Table:deletedTable
2019-09-25 12:38:47,970 [main] INFO  db.DBStoreBuilder (DBStoreBuilder.java:addTable(110)) - using custom profile for table: openKeyTable
2019-09-25 12:38:47,970 [main] INFO  db.DBStoreBuilder (DBStoreBuilder.java:processTables(161)) - Using default column profile:DBProfile.DISK for Table:openKeyTable
2019-09-25 12:38:47,970 [main] INFO  db.DBStoreBuilder (DBStoreBuilder.java:addTable(110)) - using custom profile for table: s3Table
2019-09-25 12:38:47,971 [main] INFO  db.DBStoreBuilder (DBStoreBuilder.java:processTables(161)) - Using default column profile:DBProfile.DISK for Table:s3Table
2019-09-25 12:38:47,971 [main] INFO  db.DBStoreBuilder (DBStoreBuilder.java:addTable(110)) - using custom profile for table: multipartInfoTable
2019-09-25 12:38:47,971 [main] INFO  db.DBStoreBuilder (DBStoreBuilder.java:processTables(161)) - Using default column profile:DBProfile.DISK for Table:multipartInfoTable
2019-09-25 12:38:47,971 [main] INFO  db.DBStoreBuilder (DBStoreBuilder.java:addTable(110)) - using custom profile for table: dTokenTable
2019-09-25 12:38:47,971 [main] INFO  db.DBStoreBuilder (DBStoreBuilder.java:processTables(161)) - Using default column profile:DBProfile.DISK for Table:dTokenTable
2019-09-25 12:38:47,972 [main] INFO  db.DBStoreBuilder (DBStoreBuilder.java:addTable(110)) - using custom profile for table: s3SecretTable
2019-09-25 12:38:47,972 [main] INFO  db.DBStoreBuilder (DBStoreBuilder.java:processTables(161)) - Using default column profile:DBProfile.DISK for Table:s3SecretTable
2019-09-25 12:38:47,972 [main] INFO  db.DBStoreBuilder (DBStoreBuilder.java:addTable(110)) - using custom profile for table: prefixTable
2019-09-25 12:38:47,972 [main] INFO  db.DBStoreBuilder (DBStoreBuilder.java:processTables(161)) - Using default column profile:DBProfile.DISK for Table:prefixTable
2019-09-25 12:38:47,973 [main] INFO  db.DBStoreBuilder (DBStoreBuilder.java:addTable(110)) - using custom profile for table: default
2019-09-25 12:38:47,973 [main] INFO  db.DBStoreBuilder (DBStoreBuilder.java:processTables(167)) - Using default column profile:DBProfile.DISK for Table:default
2019-09-25 12:38:47,973 [main] INFO  db.DBStoreBuilder (DBStoreBuilder.java:getDbProfile(198)) - Using default options. DBProfile.DISK
2019-09-25 12:38:48,475 [main] INFO  ipc.CallQueueManager (CallQueueManager.java:<init>(84)) - Using callQueue: class java.util.concurrent.LinkedBlockingQueue, queueCapacity: 2000, scheduler: class org.apache.hadoop.ipc.DefaultRpcScheduler, ipcBackoff: false.
2019-09-25 12:38:48,476 [Socket Reader #1 for port 45263] INFO  ipc.Server (Server.java:run(1074)) - Starting Socket Reader #1 for port 45263
2019-09-25 12:38:48,492 [main] INFO  om.OzoneManager (OzoneManager.java:start(1243)) - OzoneManager RPC server is listening at localhost/127.0.0.1:45263
2019-09-25 12:38:48,492 [main] INFO  impl.MetricsSystemImpl (MetricsSystemImpl.java:init(158)) - OzoneManager metrics system started (again)
2019-09-25 12:38:48,493 [IPC Server Responder] INFO  ipc.Server (Server.java:run(1314)) - IPC Server Responder: starting
2019-09-25 12:38:48,493 [IPC Server listener on 45263] INFO  ipc.Server (Server.java:run(1153)) - IPC Server listener on 45263: starting
2019-09-25 12:38:48,498 [main] INFO  hdfs.DFSUtil (DFSUtil.java:httpServerTemplateForNNAndJN(1641)) - Starting Web-server for ozoneManager at: http://0.0.0.0:0
2019-09-25 12:38:48,500 [main] INFO  server.AuthenticationFilter (AuthenticationFilter.java:constructSecretProvider(240)) - Unable to initialize FileSignerSecretProvider, falling back to use random secrets.
2019-09-25 12:38:48,501 [main] WARN  http.HttpRequestLog (HttpRequestLog.java:getRequestLog(97)) - Jetty request log can only be enabled using Log4j
2019-09-25 12:38:48,504 [main] INFO  http.HttpServer2 (HttpServer2.java:addGlobalFilter(975)) - Added global filter 'safety' (class=org.apache.hadoop.http.HttpServer2$QuotingInputFilter)
2019-09-25 12:38:48,505 [main] INFO  http.HttpServer2 (HttpServer2.java:addFilter(948)) - Added filter static_user_filter (class=org.apache.hadoop.http.lib.StaticUserWebFilter$StaticUserFilter) to context ozoneManager
2019-09-25 12:38:48,505 [main] INFO  http.HttpServer2 (HttpServer2.java:addFilter(958)) - Added filter static_user_filter (class=org.apache.hadoop.http.lib.StaticUserWebFilter$StaticUserFilter) to context static
2019-09-25 12:38:48,505 [main] INFO  http.HttpServer2 (HttpServer2.java:addFilter(958)) - Added filter static_user_filter (class=org.apache.hadoop.http.lib.StaticUserWebFilter$StaticUserFilter) to context logs
2019-09-25 12:38:48,507 [main] INFO  http.HttpServer2 (HttpServer2.java:bindListener(1191)) - Jetty bound to port 34336
2019-09-25 12:38:48,507 [main] INFO  server.Server (Server.java:doStart(351)) - jetty-9.3.25.v20180904, build timestamp: 2018-09-04T21:11:46Z, git hash: 3ce520221d0240229c862b122d2b06c12a625732
2019-09-25 12:38:48,510 [main] INFO  handler.ContextHandler (ContextHandler.java:doStart(781)) - Started o.e.j.s.ServletContextHandler@31dfc6f5{/logs,file:///workdir/hadoop-ozone/integration-test/target/log,AVAILABLE}
2019-09-25 12:38:48,511 [main] INFO  handler.ContextHandler (ContextHandler.java:doStart(781)) - Started o.e.j.s.ServletContextHandler@663bb8ef{/static,file:///workdir/hadoop-ozone/integration-test/target/test-classes/webapps/static,AVAILABLE}
2019-09-25 12:38:48,517 [main] INFO  handler.ContextHandler (ContextHandler.java:doStart(781)) - Started o.e.j.w.WebAppContext@5a3a1bf9{/,file:///workdir/hadoop-ozone/integration-test/target/test-classes/webapps/ozoneManager/,AVAILABLE}{/ozoneManager}
2019-09-25 12:38:48,518 [main] INFO  server.AbstractConnector (AbstractConnector.java:doStart(278)) - Started ServerConnector@2100d047{HTTP/1.1,[http/1.1]}{0.0.0.0:34336}
2019-09-25 12:38:48,519 [main] INFO  server.Server (Server.java:doStart(419)) - Started @22902ms
2019-09-25 12:38:48,519 [main] WARN  impl.MetricsSystemImpl (MetricsSystemImpl.java:register(276)) - Sink prometheus already exists!
2019-09-25 12:38:48,520 [main] INFO  server.BaseHttpServer (BaseHttpServer.java:updateConnectorAddress(215)) - HTTP server of OZONEMANAGER is listening at http://0.0.0.0:34336
2019-09-25 12:38:48,532 [main] INFO  impl.MetricsSystemImpl (MetricsSystemImpl.java:init(158)) - HddsDatanode metrics system started (again)
2019-09-25 12:38:48,535 [main] INFO  ozone.HddsDatanodeService (HddsDatanodeService.java:start(184)) - HddsDatanodeService host:pr-hdds-1569-shd4m-3693607622 ip:192.168.151.73
2019-09-25 12:38:48,542 [main] INFO  volume.HddsVolume (HddsVolume.java:<init>(176)) - Creating Volume: /workdir/hadoop-ozone/integration-test/target/test-dir/MiniOzoneClusterImpl-9ca535f6-0fbb-4439-9d4c-f895bd91215d/datanode-0/data/containers/hdds of  storage type : DISK and capacity : 1482555576320
2019-09-25 12:38:48,542 [main] INFO  volume.VolumeSet (VolumeSet.java:initializeVolumeSet(170)) - Added Volume : /workdir/hadoop-ozone/integration-test/target/test-dir/MiniOzoneClusterImpl-9ca535f6-0fbb-4439-9d4c-f895bd91215d/datanode-0/data/containers/hdds to VolumeSet
2019-09-25 12:38:48,543 [main] INFO  volume.ThrottledAsyncChecker (ThrottledAsyncChecker.java:schedule(139)) - Scheduling a check for org.apache.hadoop.ozone.container.common.volume.HddsVolume@617389a
2019-09-25 12:38:48,543 [main] INFO  volume.HddsVolumeChecker (HddsVolumeChecker.java:checkAllVolumes(202)) - Scheduled health check for volume org.apache.hadoop.ozone.container.common.volume.HddsVolume@617389a
2019-09-25 12:38:48,562 [main] INFO  impl.RaftServerProxy (ConfUtils.java:logGet(43)) - raft.rpc.type = GRPC (default)
2019-09-25 12:38:48,562 [main] INFO  grpc.GrpcFactory (GrpcFactory.java:checkPooledByteBufAllocatorUseCacheForAllThreads(45)) - PERFORMANCE WARNING: useCacheForAllThreads is true that may cause Netty to create a lot garbage objects and, as a result, trigger GC.
	It is recommended to disable useCacheForAllThreads by setting -Dorg.apache.ratis.thirdparty.io.netty.allocator.useCacheForAllThreads=false in command line.
2019-09-25 12:38:48,562 [main] INFO  grpc.GrpcConfigKeys$Server (ConfUtils.java:logGet(43)) - raft.grpc.server.port = 0 (default)
2019-09-25 12:38:48,563 [main] INFO  server.GrpcService (ConfUtils.java:logGet(43)) - raft.grpc.message.size.max = 33570816 (custom)
2019-09-25 12:38:48,563 [main] INFO  server.RaftServerConfigKeys (ConfUtils.java:logGet(43)) - raft.server.log.appender.buffer.byte-limit = 33554432 (custom)
2019-09-25 12:38:48,563 [main] INFO  server.GrpcService (ConfUtils.java:logGet(43)) - raft.grpc.flow.control.window = 1MB (=1048576) (default)
2019-09-25 12:38:48,564 [main] INFO  server.RaftServerConfigKeys (ConfUtils.java:logGet(43)) - raft.server.rpc.request.timeout = 3000ms (default)
2019-09-25 12:38:48,564 [main] INFO  server.RaftServerConfigKeys (ConfUtils.java:logGet(43)) - raft.server.storage.dir = [/workdir/hadoop-ozone/integration-test/target/test-dir/MiniOzoneClusterImpl-9ca535f6-0fbb-4439-9d4c-f895bd91215d/datanode-0/data/ratis] (custom)
2019-09-25 12:38:48,566 [main] INFO  hdfs.DFSUtil (DFSUtil.java:httpServerTemplateForNNAndJN(1641)) - Starting Web-server for hddsDatanode at: http://0.0.0.0:0
2019-09-25 12:38:48,567 [main] INFO  server.AuthenticationFilter (AuthenticationFilter.java:constructSecretProvider(240)) - Unable to initialize FileSignerSecretProvider, falling back to use random secrets.
2019-09-25 12:38:48,568 [main] WARN  http.HttpRequestLog (HttpRequestLog.java:getRequestLog(97)) - Jetty request log can only be enabled using Log4j
2019-09-25 12:38:48,570 [main] INFO  http.HttpServer2 (HttpServer2.java:addGlobalFilter(975)) - Added global filter 'safety' (class=org.apache.hadoop.http.HttpServer2$QuotingInputFilter)
2019-09-25 12:38:48,570 [main] INFO  http.HttpServer2 (HttpServer2.java:addFilter(948)) - Added filter static_user_filter (class=org.apache.hadoop.http.lib.StaticUserWebFilter$StaticUserFilter) to context hddsDatanode
2019-09-25 12:38:48,571 [main] INFO  http.HttpServer2 (HttpServer2.java:addFilter(958)) - Added filter static_user_filter (class=org.apache.hadoop.http.lib.StaticUserWebFilter$StaticUserFilter) to context logs
2019-09-25 12:38:48,571 [main] INFO  http.HttpServer2 (HttpServer2.java:addFilter(958)) - Added filter static_user_filter (class=org.apache.hadoop.http.lib.StaticUserWebFilter$StaticUserFilter) to context static
2019-09-25 12:38:48,572 [main] INFO  http.HttpServer2 (HttpServer2.java:bindListener(1191)) - Jetty bound to port 37389
2019-09-25 12:38:48,572 [main] INFO  server.Server (Server.java:doStart(351)) - jetty-9.3.25.v20180904, build timestamp: 2018-09-04T21:11:46Z, git hash: 3ce520221d0240229c862b122d2b06c12a625732
2019-09-25 12:38:48,673 [main] INFO  handler.ContextHandler (ContextHandler.java:doStart(781)) - Started o.e.j.s.ServletContextHandler@6192a5d5{/logs,file:///workdir/hadoop-ozone/integration-test/target/log,AVAILABLE}
2019-09-25 12:38:48,715 [main] INFO  handler.ContextHandler (ContextHandler.java:doStart(781)) - Started o.e.j.s.ServletContextHandler@4cbc2e3b{/static,jar:file:/home/user/.m2/repository/org/apache/hadoop/hadoop-hdds-container-service/0.5.0-SNAPSHOT/hadoop-hdds-container-service-0.5.0-SNAPSHOT.jar!/webapps/static,AVAILABLE}
2019-09-25 12:38:48,822 [main] INFO  handler.ContextHandler (ContextHandler.java:doStart(781)) - Started o.e.j.w.WebAppContext@3ad85136{/,file:///tmp/jetty-0.0.0.0-37389-hddsDatanode-_-any-8098475535000029593.dir/webapp/,AVAILABLE}{/hddsDatanode}
2019-09-25 12:38:48,823 [main] INFO  server.AbstractConnector (AbstractConnector.java:doStart(278)) - Started ServerConnector@737d100a{HTTP/1.1,[http/1.1]}{0.0.0.0:37389}
2019-09-25 12:38:48,824 [main] INFO  server.Server (Server.java:doStart(419)) - Started @23207ms
2019-09-25 12:38:48,824 [main] WARN  impl.MetricsSystemImpl (MetricsSystemImpl.java:register(276)) - Sink prometheus already exists!
2019-09-25 12:38:48,826 [main] INFO  server.BaseHttpServer (BaseHttpServer.java:updateConnectorAddress(215)) - HTTP server of HDDSDATANODE is listening at http://0.0.0.0:37389
2019-09-25 12:38:48,826 [main] INFO  impl.MetricsSystemImpl (MetricsSystemImpl.java:init(158)) - HddsDatanode metrics system started (again)
2019-09-25 12:38:48,830 [org.apache.hadoop.util.JvmPauseMonitor$Monitor@4cec256d] INFO  util.JvmPauseMonitor (JvmPauseMonitor.java:run(188)) - Starting JVM pause monitor
2019-09-25 12:38:48,831 [main] INFO  ozone.HddsDatanodeService (HddsDatanodeService.java:start(184)) - HddsDatanodeService host:pr-hdds-1569-shd4m-3693607622 ip:192.168.151.73
2019-09-25 12:38:48,833 [Datanode State Machine Thread - 0] INFO  datanode.InitDatanodeState (InitDatanodeState.java:persistContainerDatanodeDetails(140)) - DatanodeDetails is persisted to /workdir/hadoop-ozone/integration-test/target/test-dir/MiniOzoneClusterImpl-9ca535f6-0fbb-4439-9d4c-f895bd91215d/datanode-0/meta/datanode.id
2019-09-25 12:38:48,840 [main] INFO  volume.HddsVolume (HddsVolume.java:<init>(176)) - Creating Volume: /workdir/hadoop-ozone/integration-test/target/test-dir/MiniOzoneClusterImpl-9ca535f6-0fbb-4439-9d4c-f895bd91215d/datanode-1/data/containers/hdds of  storage type : DISK and capacity : 1482555576320
2019-09-25 12:38:48,840 [main] INFO  volume.VolumeSet (VolumeSet.java:initializeVolumeSet(170)) - Added Volume : /workdir/hadoop-ozone/integration-test/target/test-dir/MiniOzoneClusterImpl-9ca535f6-0fbb-4439-9d4c-f895bd91215d/datanode-1/data/containers/hdds to VolumeSet
2019-09-25 12:38:48,841 [main] INFO  volume.ThrottledAsyncChecker (ThrottledAsyncChecker.java:schedule(139)) - Scheduling a check for org.apache.hadoop.ozone.container.common.volume.HddsVolume@797c3c3b
2019-09-25 12:38:48,841 [main] INFO  volume.HddsVolumeChecker (HddsVolumeChecker.java:checkAllVolumes(202)) - Scheduled health check for volume org.apache.hadoop.ozone.container.common.volume.HddsVolume@797c3c3b
2019-09-25 12:38:48,860 [main] INFO  impl.RaftServerProxy (ConfUtils.java:logGet(43)) - raft.rpc.type = GRPC (default)
2019-09-25 12:38:48,860 [main] INFO  grpc.GrpcFactory (GrpcFactory.java:checkPooledByteBufAllocatorUseCacheForAllThreads(45)) - PERFORMANCE WARNING: useCacheForAllThreads is true that may cause Netty to create a lot garbage objects and, as a result, trigger GC.
	It is recommended to disable useCacheForAllThreads by setting -Dorg.apache.ratis.thirdparty.io.netty.allocator.useCacheForAllThreads=false in command line.
2019-09-25 12:38:48,860 [main] INFO  grpc.GrpcConfigKeys$Server (ConfUtils.java:logGet(43)) - raft.grpc.server.port = 0 (default)
2019-09-25 12:38:48,861 [main] INFO  server.GrpcService (ConfUtils.java:logGet(43)) - raft.grpc.message.size.max = 33570816 (custom)
2019-09-25 12:38:48,861 [main] INFO  server.RaftServerConfigKeys (ConfUtils.java:logGet(43)) - raft.server.log.appender.buffer.byte-limit = 33554432 (custom)
2019-09-25 12:38:48,861 [main] INFO  server.GrpcService (ConfUtils.java:logGet(43)) - raft.grpc.flow.control.window = 1MB (=1048576) (default)
2019-09-25 12:38:48,861 [main] INFO  server.RaftServerConfigKeys (ConfUtils.java:logGet(43)) - raft.server.rpc.request.timeout = 3000ms (default)
2019-09-25 12:38:48,862 [main] INFO  server.RaftServerConfigKeys (ConfUtils.java:logGet(43)) - raft.server.storage.dir = [/workdir/hadoop-ozone/integration-test/target/test-dir/MiniOzoneClusterImpl-9ca535f6-0fbb-4439-9d4c-f895bd91215d/datanode-1/data/ratis] (custom)
2019-09-25 12:38:48,864 [main] INFO  hdfs.DFSUtil (DFSUtil.java:httpServerTemplateForNNAndJN(1641)) - Starting Web-server for hddsDatanode at: http://0.0.0.0:0
2019-09-25 12:38:48,866 [main] INFO  server.AuthenticationFilter (AuthenticationFilter.java:constructSecretProvider(240)) - Unable to initialize FileSignerSecretProvider, falling back to use random secrets.
2019-09-25 12:38:48,867 [main] WARN  http.HttpRequestLog (HttpRequestLog.java:getRequestLog(97)) - Jetty request log can only be enabled using Log4j
2019-09-25 12:38:48,869 [main] INFO  http.HttpServer2 (HttpServer2.java:addGlobalFilter(975)) - Added global filter 'safety' (class=org.apache.hadoop.http.HttpServer2$QuotingInputFilter)
2019-09-25 12:38:48,870 [main] INFO  http.HttpServer2 (HttpServer2.java:addFilter(948)) - Added filter static_user_filter (class=org.apache.hadoop.http.lib.StaticUserWebFilter$StaticUserFilter) to context hddsDatanode
2019-09-25 12:38:48,870 [main] INFO  http.HttpServer2 (HttpServer2.java:addFilter(958)) - Added filter static_user_filter (class=org.apache.hadoop.http.lib.StaticUserWebFilter$StaticUserFilter) to context logs
2019-09-25 12:38:48,870 [main] INFO  http.HttpServer2 (HttpServer2.java:addFilter(958)) - Added filter static_user_filter (class=org.apache.hadoop.http.lib.StaticUserWebFilter$StaticUserFilter) to context static
2019-09-25 12:38:48,871 [main] INFO  http.HttpServer2 (HttpServer2.java:bindListener(1191)) - Jetty bound to port 37360
2019-09-25 12:38:48,872 [main] INFO  server.Server (Server.java:doStart(351)) - jetty-9.3.25.v20180904, build timestamp: 2018-09-04T21:11:46Z, git hash: 3ce520221d0240229c862b122d2b06c12a625732
2019-09-25 12:38:48,874 [main] INFO  handler.ContextHandler (ContextHandler.java:doStart(781)) - Started o.e.j.s.ServletContextHandler@60b34931{/logs,file:///workdir/hadoop-ozone/integration-test/target/log,AVAILABLE}
2019-09-25 12:38:48,875 [main] INFO  handler.ContextHandler (ContextHandler.java:doStart(781)) - Started o.e.j.s.ServletContextHandler@71c17a57{/static,jar:file:/home/user/.m2/repository/org/apache/hadoop/hadoop-hdds-container-service/0.5.0-SNAPSHOT/hadoop-hdds-container-service-0.5.0-SNAPSHOT.jar!/webapps/static,AVAILABLE}
2019-09-25 12:38:48,921 [main] INFO  handler.ContextHandler (ContextHandler.java:doStart(781)) - Started o.e.j.w.WebAppContext@d613308{/,file:///tmp/jetty-0.0.0.0-37360-hddsDatanode-_-any-2011736176377895190.dir/webapp/,AVAILABLE}{/hddsDatanode}
2019-09-25 12:38:48,922 [main] INFO  server.AbstractConnector (AbstractConnector.java:doStart(278)) - Started ServerConnector@25673087{HTTP/1.1,[http/1.1]}{0.0.0.0:37360}
2019-09-25 12:38:48,923 [main] INFO  server.Server (Server.java:doStart(419)) - Started @23306ms
2019-09-25 12:38:48,924 [main] WARN  impl.MetricsSystemImpl (MetricsSystemImpl.java:register(276)) - Sink prometheus already exists!
2019-09-25 12:38:48,925 [main] INFO  server.BaseHttpServer (BaseHttpServer.java:updateConnectorAddress(215)) - HTTP server of HDDSDATANODE is listening at http://0.0.0.0:37360
2019-09-25 12:38:48,925 [main] INFO  impl.MetricsSystemImpl (MetricsSystemImpl.java:init(158)) - HddsDatanode metrics system started (again)
2019-09-25 12:38:48,930 [org.apache.hadoop.util.JvmPauseMonitor$Monitor@560fcbd2] INFO  util.JvmPauseMonitor (JvmPauseMonitor.java:run(188)) - Starting JVM pause monitor
2019-09-25 12:38:48,932 [main] INFO  ozone.HddsDatanodeService (HddsDatanodeService.java:start(184)) - HddsDatanodeService host:pr-hdds-1569-shd4m-3693607622 ip:192.168.151.73
2019-09-25 12:38:48,934 [Datanode State Machine Thread - 0] INFO  datanode.InitDatanodeState (InitDatanodeState.java:persistContainerDatanodeDetails(140)) - DatanodeDetails is persisted to /workdir/hadoop-ozone/integration-test/target/test-dir/MiniOzoneClusterImpl-9ca535f6-0fbb-4439-9d4c-f895bd91215d/datanode-1/meta/datanode.id
2019-09-25 12:38:48,940 [main] INFO  volume.HddsVolume (HddsVolume.java:<init>(176)) - Creating Volume: /workdir/hadoop-ozone/integration-test/target/test-dir/MiniOzoneClusterImpl-9ca535f6-0fbb-4439-9d4c-f895bd91215d/datanode-2/data/containers/hdds of  storage type : DISK and capacity : 1482555576320
2019-09-25 12:38:48,940 [main] INFO  volume.VolumeSet (VolumeSet.java:initializeVolumeSet(170)) - Added Volume : /workdir/hadoop-ozone/integration-test/target/test-dir/MiniOzoneClusterImpl-9ca535f6-0fbb-4439-9d4c-f895bd91215d/datanode-2/data/containers/hdds to VolumeSet
2019-09-25 12:38:48,940 [main] INFO  volume.ThrottledAsyncChecker (ThrottledAsyncChecker.java:schedule(139)) - Scheduling a check for org.apache.hadoop.ozone.container.common.volume.HddsVolume@7f1ef916
2019-09-25 12:38:48,941 [main] INFO  volume.HddsVolumeChecker (HddsVolumeChecker.java:checkAllVolumes(202)) - Scheduled health check for volume org.apache.hadoop.ozone.container.common.volume.HddsVolume@7f1ef916
2019-09-25 12:38:48,960 [main] INFO  impl.RaftServerProxy (ConfUtils.java:logGet(43)) - raft.rpc.type = GRPC (default)
2019-09-25 12:38:48,961 [main] INFO  grpc.GrpcFactory (GrpcFactory.java:checkPooledByteBufAllocatorUseCacheForAllThreads(45)) - PERFORMANCE WARNING: useCacheForAllThreads is true that may cause Netty to create a lot garbage objects and, as a result, trigger GC.
	It is recommended to disable useCacheForAllThreads by setting -Dorg.apache.ratis.thirdparty.io.netty.allocator.useCacheForAllThreads=false in command line.
2019-09-25 12:38:48,961 [main] INFO  grpc.GrpcConfigKeys$Server (ConfUtils.java:logGet(43)) - raft.grpc.server.port = 0 (default)
2019-09-25 12:38:48,961 [main] INFO  server.GrpcService (ConfUtils.java:logGet(43)) - raft.grpc.message.size.max = 33570816 (custom)
2019-09-25 12:38:48,961 [main] INFO  server.RaftServerConfigKeys (ConfUtils.java:logGet(43)) - raft.server.log.appender.buffer.byte-limit = 33554432 (custom)
2019-09-25 12:38:48,962 [main] INFO  server.GrpcService (ConfUtils.java:logGet(43)) - raft.grpc.flow.control.window = 1MB (=1048576) (default)
2019-09-25 12:38:48,962 [main] INFO  server.RaftServerConfigKeys (ConfUtils.java:logGet(43)) - raft.server.rpc.request.timeout = 3000ms (default)
2019-09-25 12:38:48,963 [main] INFO  server.RaftServerConfigKeys (ConfUtils.java:logGet(43)) - raft.server.storage.dir = [/workdir/hadoop-ozone/integration-test/target/test-dir/MiniOzoneClusterImpl-9ca535f6-0fbb-4439-9d4c-f895bd91215d/datanode-2/data/ratis] (custom)
2019-09-25 12:38:48,965 [main] INFO  hdfs.DFSUtil (DFSUtil.java:httpServerTemplateForNNAndJN(1641)) - Starting Web-server for hddsDatanode at: http://0.0.0.0:0
2019-09-25 12:38:48,966 [main] INFO  server.AuthenticationFilter (AuthenticationFilter.java:constructSecretProvider(240)) - Unable to initialize FileSignerSecretProvider, falling back to use random secrets.
2019-09-25 12:38:48,967 [main] WARN  http.HttpRequestLog (HttpRequestLog.java:getRequestLog(97)) - Jetty request log can only be enabled using Log4j
2019-09-25 12:38:48,968 [main] INFO  http.HttpServer2 (HttpServer2.java:addGlobalFilter(975)) - Added global filter 'safety' (class=org.apache.hadoop.http.HttpServer2$QuotingInputFilter)
2019-09-25 12:38:48,969 [main] INFO  http.HttpServer2 (HttpServer2.java:addFilter(948)) - Added filter static_user_filter (class=org.apache.hadoop.http.lib.StaticUserWebFilter$StaticUserFilter) to context hddsDatanode
2019-09-25 12:38:48,969 [main] INFO  http.HttpServer2 (HttpServer2.java:addFilter(958)) - Added filter static_user_filter (class=org.apache.hadoop.http.lib.StaticUserWebFilter$StaticUserFilter) to context static
2019-09-25 12:38:48,970 [main] INFO  http.HttpServer2 (HttpServer2.java:addFilter(958)) - Added filter static_user_filter (class=org.apache.hadoop.http.lib.StaticUserWebFilter$StaticUserFilter) to context logs
2019-09-25 12:38:48,970 [main] INFO  http.HttpServer2 (HttpServer2.java:bindListener(1191)) - Jetty bound to port 43992
2019-09-25 12:38:48,971 [main] INFO  server.Server (Server.java:doStart(351)) - jetty-9.3.25.v20180904, build timestamp: 2018-09-04T21:11:46Z, git hash: 3ce520221d0240229c862b122d2b06c12a625732
2019-09-25 12:38:48,972 [main] INFO  handler.ContextHandler (ContextHandler.java:doStart(781)) - Started o.e.j.s.ServletContextHandler@1fdca564{/logs,file:///workdir/hadoop-ozone/integration-test/target/log,AVAILABLE}
2019-09-25 12:38:48,973 [main] INFO  handler.ContextHandler (ContextHandler.java:doStart(781)) - Started o.e.j.s.ServletContextHandler@1d12e953{/static,jar:file:/home/user/.m2/repository/org/apache/hadoop/hadoop-hdds-container-service/0.5.0-SNAPSHOT/hadoop-hdds-container-service-0.5.0-SNAPSHOT.jar!/webapps/static,AVAILABLE}
2019-09-25 12:38:49,021 [main] INFO  handler.ContextHandler (ContextHandler.java:doStart(781)) - Started o.e.j.w.WebAppContext@35a60674{/,file:///tmp/jetty-0.0.0.0-43992-hddsDatanode-_-any-2597517244321087717.dir/webapp/,AVAILABLE}{/hddsDatanode}
2019-09-25 12:38:49,022 [main] INFO  server.AbstractConnector (AbstractConnector.java:doStart(278)) - Started ServerConnector@63d4f0a2{HTTP/1.1,[http/1.1]}{0.0.0.0:43992}
2019-09-25 12:38:49,023 [main] INFO  server.Server (Server.java:doStart(419)) - Started @23406ms
2019-09-25 12:38:49,023 [main] WARN  impl.MetricsSystemImpl (MetricsSystemImpl.java:register(276)) - Sink prometheus already exists!
2019-09-25 12:38:49,024 [main] INFO  server.BaseHttpServer (BaseHttpServer.java:updateConnectorAddress(215)) - HTTP server of HDDSDATANODE is listening at http://0.0.0.0:43992
2019-09-25 12:38:49,025 [main] INFO  ozone.MiniOzoneClusterImpl (MiniOzoneClusterImpl.java:lambda$waitForClusterToBeReady$0(147)) - Waiting for cluster to be ready. Got 0 of 3 DN Heartbeats.
2019-09-25 12:38:49,028 [org.apache.hadoop.util.JvmPauseMonitor$Monitor@676bd9ef] INFO  util.JvmPauseMonitor (JvmPauseMonitor.java:run(188)) - Starting JVM pause monitor
2019-09-25 12:38:49,030 [Datanode State Machine Thread - 0] INFO  datanode.InitDatanodeState (InitDatanodeState.java:persistContainerDatanodeDetails(140)) - DatanodeDetails is persisted to /workdir/hadoop-ozone/integration-test/target/test-dir/MiniOzoneClusterImpl-9ca535f6-0fbb-4439-9d4c-f895bd91215d/datanode-2/meta/datanode.id
2019-09-25 12:38:50,026 [main] INFO  ozone.MiniOzoneClusterImpl (MiniOzoneClusterImpl.java:lambda$waitForClusterToBeReady$0(147)) - Waiting for cluster to be ready. Got 0 of 3 DN Heartbeats.
2019-09-25 12:38:50,851 [Datanode State Machine Thread - 0] INFO  ozoneimpl.OzoneContainer (OzoneContainer.java:start(217)) - Attempting to start container services.
2019-09-25 12:38:50,851 [Datanode State Machine Thread - 0] INFO  ozoneimpl.OzoneContainer (OzoneContainer.java:startContainerScrub(179)) - Background container scanner has been disabled.
2019-09-25 12:38:50,851 [Datanode State Machine Thread - 0] INFO  ratis.XceiverServerRatis (XceiverServerRatis.java:start(411)) - Starting XceiverServerRatis 2e676ab4-a19e-46fc-8918-4e7d423281d0 at port 0
2019-09-25 12:38:50,858 [Datanode State Machine Thread - 0] INFO  impl.RaftServerProxy (RaftServerProxy.java:lambda$start$3(299)) - 2e676ab4-a19e-46fc-8918-4e7d423281d0: start RPC server
2019-09-25 12:38:50,860 [Datanode State Machine Thread - 0] INFO  server.GrpcService (GrpcService.java:startImpl(158)) - 2e676ab4-a19e-46fc-8918-4e7d423281d0: GrpcService started, listening on 0.0.0.0/0.0.0.0:33261
2019-09-25 12:38:50,860 [Datanode State Machine Thread - 0] INFO  ratis.XceiverServerRatis (XceiverServerRatis.java:start(421)) - XceiverServerRatis 2e676ab4-a19e-46fc-8918-4e7d423281d0 is started using port 33261
2019-09-25 12:38:50,862 [Datanode State Machine Thread - 0] INFO  server.XceiverServerGrpc (XceiverServerGrpc.java:start(149)) - XceiverServerGrpc 2e676ab4-a19e-46fc-8918-4e7d423281d0 is started using port 46479
2019-09-25 12:38:50,947 [Datanode State Machine Thread - 0] INFO  ozoneimpl.OzoneContainer (OzoneContainer.java:start(217)) - Attempting to start container services.
2019-09-25 12:38:50,947 [Datanode State Machine Thread - 0] INFO  ozoneimpl.OzoneContainer (OzoneContainer.java:startContainerScrub(179)) - Background container scanner has been disabled.
2019-09-25 12:38:50,947 [Datanode State Machine Thread - 0] INFO  ratis.XceiverServerRatis (XceiverServerRatis.java:start(411)) - Starting XceiverServerRatis ca279908-bd5b-4fc8-be99-e482437196bd at port 0
2019-09-25 12:38:50,954 [Datanode State Machine Thread - 0] INFO  impl.RaftServerProxy (RaftServerProxy.java:lambda$start$3(299)) - ca279908-bd5b-4fc8-be99-e482437196bd: start RPC server
2019-09-25 12:38:50,955 [Datanode State Machine Thread - 0] INFO  server.GrpcService (GrpcService.java:startImpl(158)) - ca279908-bd5b-4fc8-be99-e482437196bd: GrpcService started, listening on 0.0.0.0/0.0.0.0:36656
2019-09-25 12:38:50,955 [Datanode State Machine Thread - 0] INFO  ratis.XceiverServerRatis (XceiverServerRatis.java:start(421)) - XceiverServerRatis ca279908-bd5b-4fc8-be99-e482437196bd is started using port 36656
2019-09-25 12:38:50,956 [Datanode State Machine Thread - 0] INFO  server.XceiverServerGrpc (XceiverServerGrpc.java:start(149)) - XceiverServerGrpc ca279908-bd5b-4fc8-be99-e482437196bd is started using port 33177
2019-09-25 12:38:51,027 [main] INFO  ozone.MiniOzoneClusterImpl (MiniOzoneClusterImpl.java:lambda$waitForClusterToBeReady$0(147)) - Waiting for cluster to be ready. Got 0 of 3 DN Heartbeats.
2019-09-25 12:38:51,044 [Datanode State Machine Thread - 0] INFO  ozoneimpl.OzoneContainer (OzoneContainer.java:start(217)) - Attempting to start container services.
2019-09-25 12:38:51,047 [Datanode State Machine Thread - 0] INFO  ozoneimpl.OzoneContainer (OzoneContainer.java:startContainerScrub(179)) - Background container scanner has been disabled.
2019-09-25 12:38:51,047 [Datanode State Machine Thread - 0] INFO  ratis.XceiverServerRatis (XceiverServerRatis.java:start(411)) - Starting XceiverServerRatis 545258d5-b925-430f-abcd-ed5a31f9d81f at port 0
2019-09-25 12:38:51,052 [Datanode State Machine Thread - 0] INFO  impl.RaftServerProxy (RaftServerProxy.java:lambda$start$3(299)) - 545258d5-b925-430f-abcd-ed5a31f9d81f: start RPC server
2019-09-25 12:38:51,054 [Datanode State Machine Thread - 0] INFO  server.GrpcService (GrpcService.java:startImpl(158)) - 545258d5-b925-430f-abcd-ed5a31f9d81f: GrpcService started, listening on 0.0.0.0/0.0.0.0:36153
2019-09-25 12:38:51,054 [Datanode State Machine Thread - 0] INFO  ratis.XceiverServerRatis (XceiverServerRatis.java:start(421)) - XceiverServerRatis 545258d5-b925-430f-abcd-ed5a31f9d81f is started using port 36153
2019-09-25 12:38:51,056 [Datanode State Machine Thread - 0] INFO  server.XceiverServerGrpc (XceiverServerGrpc.java:start(149)) - XceiverServerGrpc 545258d5-b925-430f-abcd-ed5a31f9d81f is started using port 41635
2019-09-25 12:38:52,027 [main] INFO  ozone.MiniOzoneClusterImpl (MiniOzoneClusterImpl.java:lambda$waitForClusterToBeReady$0(147)) - Waiting for cluster to be ready. Got 0 of 3 DN Heartbeats.
2019-09-25 12:38:52,835 [IPC Server handler 2 on 38998] INFO  net.NetworkTopology (NetworkTopologyImpl.java:add(111)) - Added a new node: /default-rack/2e676ab4-a19e-46fc-8918-4e7d423281d0
2019-09-25 12:38:52,837 [IPC Server handler 2 on 38998] INFO  node.SCMNodeManager (SCMNodeManager.java:register(266)) - Registered Data node : 2e676ab4-a19e-46fc-8918-4e7d423281d0{ip: 192.168.151.73, host: pr-hdds-1569-shd4m-3693607622, networkLocation: /default-rack, certSerialId: null}
2019-09-25 12:38:52,840 [EventQueue-NodeRegistrationContainerReportForDataNodeSafeModeRule] INFO  safemode.SCMSafeModeManager (DataNodeSafeModeRule.java:process(71)) - SCM in safe mode. 1 DataNodes registered, 1 required.
2019-09-25 12:38:52,842 [EventQueue-NodeRegistrationContainerReportForContainerSafeModeRule] INFO  safemode.SCMSafeModeManager (SCMSafeModeManager.java:validateSafeModeExitRules(177)) - ScmSafeModeManager, all rules are successfully validated
2019-09-25 12:38:52,842 [EventQueue-NodeRegistrationContainerReportForContainerSafeModeRule] INFO  safemode.SCMSafeModeManager (SCMSafeModeManager.java:exitSafeMode(193)) - SCM exiting safe mode.
2019-09-25 12:38:52,864 [grpc-default-executor-0] INFO  impl.RaftServerProxy (RaftServerProxy.java:addNew(89)) - 2e676ab4-a19e-46fc-8918-4e7d423281d0: addNew group-B298DFDAC2B0:[2e676ab4-a19e-46fc-8918-4e7d423281d0:192.168.151.73:33261] returns group-B298DFDAC2B0:java.util.concurrent.CompletableFuture@393c22a6[Not completed]
2019-09-25 12:38:52,868 [pool-77-thread-1] INFO  impl.RaftServerImpl (RaftServerImpl.java:<init>(95)) - 2e676ab4-a19e-46fc-8918-4e7d423281d0: new RaftServerImpl for group-B298DFDAC2B0:[2e676ab4-a19e-46fc-8918-4e7d423281d0:192.168.151.73:33261] with ContainerStateMachine:uninitialized
2019-09-25 12:38:52,868 [pool-77-thread-1] INFO  server.RaftServerConfigKeys (ConfUtils.java:logGet(43)) - raft.server.rpc.timeout.min = 5s (custom)
2019-09-25 12:38:52,868 [pool-77-thread-1] INFO  server.RaftServerConfigKeys (ConfUtils.java:logGet(43)) - raft.server.rpc.timeout.max = 5200ms (custom)
2019-09-25 12:38:52,868 [pool-77-thread-1] INFO  server.RaftServerConfigKeys (ConfUtils.java:logGet(43)) - raft.server.rpcslowness.timeout = 120s (custom)
2019-09-25 12:38:52,868 [pool-77-thread-1] INFO  server.RaftServerConfigKeys (ConfUtils.java:logGet(43)) - raft.server.sleep.deviation.threshold = 300 (default)
2019-09-25 12:38:52,869 [pool-77-thread-1] INFO  server.RaftServerConfigKeys (ConfUtils.java:logGet(43)) - raft.server.log.appender.install.snapshot.enabled = false (custom)
2019-09-25 12:38:52,869 [pool-77-thread-1] INFO  impl.RaftServerImpl (ServerState.java:<init>(103)) - 2e676ab4-a19e-46fc-8918-4e7d423281d0@group-B298DFDAC2B0: ConfigurationManager, init=-1: [2e676ab4-a19e-46fc-8918-4e7d423281d0:192.168.151.73:33261], old=null, confs=<EMPTY_MAP>
2019-09-25 12:38:52,869 [pool-77-thread-1] INFO  server.RaftServerConfigKeys (ConfUtils.java:logGet(43)) - raft.server.storage.dir = [/workdir/hadoop-ozone/integration-test/target/test-dir/MiniOzoneClusterImpl-9ca535f6-0fbb-4439-9d4c-f895bd91215d/datanode-0/data/ratis] (custom)
2019-09-25 12:38:52,870 [pool-77-thread-1] INFO  storage.RaftStorageDirectory (RaftStorageDirectory.java:analyzeStorage(246)) - The storage directory /workdir/hadoop-ozone/integration-test/target/test-dir/MiniOzoneClusterImpl-9ca535f6-0fbb-4439-9d4c-f895bd91215d/datanode-0/data/ratis/753b19c7-8138-4219-8289-b298dfdac2b0 does not exist. Creating ...
2019-09-25 12:38:52,883 [pool-77-thread-1] INFO  storage.RaftStorageDirectory (RaftStorageDirectory.java:tryLock(328)) - Lock on /workdir/hadoop-ozone/integration-test/target/test-dir/MiniOzoneClusterImpl-9ca535f6-0fbb-4439-9d4c-f895bd91215d/datanode-0/data/ratis/753b19c7-8138-4219-8289-b298dfdac2b0/in_use.lock acquired by nodename 9642@pr-hdds-1569-shd4m-3693607622
2019-09-25 12:38:52,896 [pool-77-thread-1] INFO  storage.RaftStorage (RaftStorage.java:format(72)) - Storage directory /workdir/hadoop-ozone/integration-test/target/test-dir/MiniOzoneClusterImpl-9ca535f6-0fbb-4439-9d4c-f895bd91215d/datanode-0/data/ratis/753b19c7-8138-4219-8289-b298dfdac2b0 has been successfully formatted.
2019-09-25 12:38:52,896 [pool-77-thread-1] INFO  ratis.ContainerStateMachine (ContainerStateMachine.java:loadSnapshot(230)) - group-B298DFDAC2B0: The snapshot info is null. Setting the last applied indexto:(t:0, i:~)
2019-09-25 12:38:52,896 [pool-77-thread-1] INFO  server.RaftServerConfigKeys (ConfUtils.java:logGet(43)) - raft.server.notification.no-leader.timeout = 120s (custom)
2019-09-25 12:38:52,896 [pool-77-thread-1] INFO  server.RaftServerConfigKeys (ConfUtils.java:logGet(43)) - raft.server.log.use.memory = false (default)
2019-09-25 12:38:52,897 [pool-77-thread-1] INFO  server.RaftServerConfigKeys (ConfUtils.java:logGet(43)) - raft.server.log.purge.gap = 1000000 (custom)
2019-09-25 12:38:52,897 [pool-77-thread-1] INFO  server.RaftServerConfigKeys (ConfUtils.java:logGet(43)) - raft.server.log.appender.buffer.byte-limit = 33554432 (custom)
2019-09-25 12:38:52,897 [pool-77-thread-1] INFO  server.RaftServerConfigKeys (ConfUtils.java:logGet(43)) - raft.server.log.segment.size.max = 1048576 (custom)
2019-09-25 12:38:52,897 [pool-77-thread-1] INFO  server.RaftServerConfigKeys (ConfUtils.java:logGet(43)) - raft.server.log.segment.cache.num.max = 2 (custom)
2019-09-25 12:38:52,897 [pool-77-thread-1] INFO  segmented.SegmentedRaftLogWorker (SegmentedRaftLogWorker.java:<init>(172)) - new 2e676ab4-a19e-46fc-8918-4e7d423281d0@group-B298DFDAC2B0-SegmentedRaftLogWorker for RaftStorage:Storage Directory /workdir/hadoop-ozone/integration-test/target/test-dir/MiniOzoneClusterImpl-9ca535f6-0fbb-4439-9d4c-f895bd91215d/datanode-0/data/ratis/753b19c7-8138-4219-8289-b298dfdac2b0
2019-09-25 12:38:52,901 [pool-77-thread-1] INFO  server.RaftServerConfigKeys (ConfUtils.java:logGet(43)) - raft.server.log.queue.byte-limit = 2147483647 (custom)
2019-09-25 12:38:52,901 [pool-77-thread-1] INFO  server.RaftServerConfigKeys (ConfUtils.java:logGet(43)) - raft.server.log.queue.element-limit = 1024 (custom)
2019-09-25 12:38:52,901 [pool-77-thread-1] INFO  server.RaftServerConfigKeys (ConfUtils.java:logGet(43)) - raft.server.log.segment.size.max = 1048576 (custom)
2019-09-25 12:38:52,901 [pool-77-thread-1] INFO  server.RaftServerConfigKeys (ConfUtils.java:logGet(43)) - raft.server.log.preallocated.size = 16384 (custom)
2019-09-25 12:38:52,901 [pool-77-thread-1] INFO  server.RaftServerConfigKeys (ConfUtils.java:logGet(43)) - raft.server.log.write.buffer.size = 33554432 (custom)
2019-09-25 12:38:52,902 [pool-77-thread-1] INFO  server.RaftServerConfigKeys (ConfUtils.java:logGet(43)) - raft.server.log.force.sync.num = 128 (default)
2019-09-25 12:38:52,902 [pool-77-thread-1] INFO  server.RaftServerConfigKeys (ConfUtils.java:logGet(43)) - raft.server.log.statemachine.data.sync = true (default)
2019-09-25 12:38:52,902 [pool-77-thread-1] INFO  server.RaftServerConfigKeys (ConfUtils.java:logGet(43)) - raft.server.log.statemachine.data.sync.timeout = 10s (default)
2019-09-25 12:38:52,902 [pool-77-thread-1] INFO  server.RaftServerConfigKeys (ConfUtils.java:logGet(43)) - raft.server.log.statemachine.data.sync.timeout.retry = -1 (default)
2019-09-25 12:38:52,903 [pool-77-thread-1] INFO  server.RaftServerConfigKeys (ConfUtils.java:logGet(43)) - raft.server.log.statemachine.data.caching.enabled = true (custom)
2019-09-25 12:38:52,903 [pool-77-thread-1] INFO  segmented.SegmentedRaftLogWorker (SegmentedRaftLogWorker.java:lambda$new$0(132)) - 2e676ab4-a19e-46fc-8918-4e7d423281d0@group-B298DFDAC2B0-SegmentedRaftLogWorker: flushIndex: setUnconditionally 0 -> -1
2019-09-25 12:38:52,903 [pool-77-thread-1] INFO  server.RaftServerConfigKeys (ConfUtils.java:logGet(43)) - raft.server.snapshot.auto.trigger.enabled = true (custom)
2019-09-25 12:38:52,904 [pool-77-thread-1] INFO  server.RaftServerConfigKeys (ConfUtils.java:logGet(43)) - raft.server.snapshot.auto.trigger.threshold = 10000 (custom)
2019-09-25 12:38:52,904 [pool-77-thread-1] INFO  server.RaftServerConfigKeys (ConfUtils.java:logGet(43)) - raft.server.snapshot.retention.num.files = 5 (custom)
2019-09-25 12:38:52,904 [pool-77-thread-1] INFO  server.RaftServerConfigKeys (ConfUtils.java:logGet(43)) - raft.server.retrycache.expirytime = 600000ms (custom)
2019-09-25 12:38:52,907 [pool-77-thread-1] INFO  impl.RaftServerImpl (RaftServerImpl.java:start(185)) - 2e676ab4-a19e-46fc-8918-4e7d423281d0@group-B298DFDAC2B0: start as a follower, conf=-1: [2e676ab4-a19e-46fc-8918-4e7d423281d0:192.168.151.73:33261], old=null
2019-09-25 12:38:52,907 [pool-77-thread-1] INFO  impl.RaftServerImpl (RaftServerImpl.java:setRole(174)) - 2e676ab4-a19e-46fc-8918-4e7d423281d0@group-B298DFDAC2B0: changes role from      null to FOLLOWER at term 0 for startAsFollower
2019-09-25 12:38:52,907 [pool-77-thread-1] INFO  impl.RoleInfo (RoleInfo.java:updateAndGet(143)) - 2e676ab4-a19e-46fc-8918-4e7d423281d0: start FollowerState
2019-09-25 12:38:52,908 [pool-77-thread-1] INFO  util.JmxRegister (JmxRegister.java:tryRegister(44)) - Successfully registered JMX Bean with object name Ratis:service=RaftServer,group=group-B298DFDAC2B0,id=2e676ab4-a19e-46fc-8918-4e7d423281d0
2019-09-25 12:38:52,922 [RatisPipelineUtilsThread] INFO  pipeline.PipelineStateManager (PipelineStateManager.java:addPipeline(56)) - Created pipeline Pipeline[ Id: 753b19c7-8138-4219-8289-b298dfdac2b0, Nodes: 2e676ab4-a19e-46fc-8918-4e7d423281d0{ip: 192.168.151.73, host: pr-hdds-1569-shd4m-3693607622, networkLocation: /default-rack, certSerialId: null}, Type:RATIS, Factor:ONE, State:OPEN]
2019-09-25 12:38:52,939 [IPC Server handler 1 on 38998] INFO  net.NetworkTopology (NetworkTopologyImpl.java:add(111)) - Added a new node: /default-rack/ca279908-bd5b-4fc8-be99-e482437196bd
2019-09-25 12:38:52,939 [IPC Server handler 1 on 38998] INFO  node.SCMNodeManager (SCMNodeManager.java:register(266)) - Registered Data node : ca279908-bd5b-4fc8-be99-e482437196bd{ip: 192.168.151.73, host: pr-hdds-1569-shd4m-3693607622, networkLocation: /default-rack, certSerialId: null}
2019-09-25 12:38:52,947 [grpc-default-executor-0] INFO  impl.RaftServerProxy (RaftServerProxy.java:addNew(89)) - 2e676ab4-a19e-46fc-8918-4e7d423281d0: addNew group-FCF0A92E3E3A:[2e676ab4-a19e-46fc-8918-4e7d423281d0:192.168.151.73:33261] returns group-FCF0A92E3E3A:java.util.concurrent.CompletableFuture@8cfd8b6[Not completed]
2019-09-25 12:38:52,949 [pool-77-thread-1] INFO  impl.RaftServerImpl (RaftServerImpl.java:<init>(95)) - 2e676ab4-a19e-46fc-8918-4e7d423281d0: new RaftServerImpl for group-FCF0A92E3E3A:[2e676ab4-a19e-46fc-8918-4e7d423281d0:192.168.151.73:33261] with ContainerStateMachine:uninitialized
2019-09-25 12:38:52,949 [pool-77-thread-1] INFO  server.RaftServerConfigKeys (ConfUtils.java:logGet(43)) - raft.server.rpc.timeout.min = 5s (custom)
2019-09-25 12:38:52,950 [pool-77-thread-1] INFO  server.RaftServerConfigKeys (ConfUtils.java:logGet(43)) - raft.server.rpc.timeout.max = 5200ms (custom)
2019-09-25 12:38:52,950 [pool-77-thread-1] INFO  server.RaftServerConfigKeys (ConfUtils.java:logGet(43)) - raft.server.rpcslowness.timeout = 120s (custom)
2019-09-25 12:38:52,950 [pool-77-thread-1] INFO  server.RaftServerConfigKeys (ConfUtils.java:logGet(43)) - raft.server.sleep.deviation.threshold = 300 (default)
2019-09-25 12:38:52,950 [pool-77-thread-1] INFO  server.RaftServerConfigKeys (ConfUtils.java:logGet(43)) - raft.server.log.appender.install.snapshot.enabled = false (custom)
2019-09-25 12:38:52,951 [pool-77-thread-1] INFO  impl.RaftServerImpl (ServerState.java:<init>(103)) - 2e676ab4-a19e-46fc-8918-4e7d423281d0@group-FCF0A92E3E3A: ConfigurationManager, init=-1: [2e676ab4-a19e-46fc-8918-4e7d423281d0:192.168.151.73:33261], old=null, confs=<EMPTY_MAP>
2019-09-25 12:38:52,951 [pool-77-thread-1] INFO  server.RaftServerConfigKeys (ConfUtils.java:logGet(43)) - raft.server.storage.dir = [/workdir/hadoop-ozone/integration-test/target/test-dir/MiniOzoneClusterImpl-9ca535f6-0fbb-4439-9d4c-f895bd91215d/datanode-0/data/ratis] (custom)
2019-09-25 12:38:52,951 [pool-77-thread-1] INFO  storage.RaftStorageDirectory (RaftStorageDirectory.java:analyzeStorage(246)) - The storage directory /workdir/hadoop-ozone/integration-test/target/test-dir/MiniOzoneClusterImpl-9ca535f6-0fbb-4439-9d4c-f895bd91215d/datanode-0/data/ratis/ac9312c2-0bb6-4386-9ffc-fcf0a92e3e3a does not exist. Creating ...
2019-09-25 12:38:52,965 [pool-77-thread-1] INFO  storage.RaftStorageDirectory (RaftStorageDirectory.java:tryLock(328)) - Lock on /workdir/hadoop-ozone/integration-test/target/test-dir/MiniOzoneClusterImpl-9ca535f6-0fbb-4439-9d4c-f895bd91215d/datanode-0/data/ratis/ac9312c2-0bb6-4386-9ffc-fcf0a92e3e3a/in_use.lock acquired by nodename 9642@pr-hdds-1569-shd4m-3693607622
2019-09-25 12:38:52,977 [pool-77-thread-1] INFO  storage.RaftStorage (RaftStorage.java:format(72)) - Storage directory /workdir/hadoop-ozone/integration-test/target/test-dir/MiniOzoneClusterImpl-9ca535f6-0fbb-4439-9d4c-f895bd91215d/datanode-0/data/ratis/ac9312c2-0bb6-4386-9ffc-fcf0a92e3e3a has been successfully formatted.
2019-09-25 12:38:52,978 [pool-77-thread-1] INFO  ratis.ContainerStateMachine (ContainerStateMachine.java:loadSnapshot(230)) - group-FCF0A92E3E3A: The snapshot info is null. Setting the last applied indexto:(t:0, i:~)
2019-09-25 12:38:52,978 [pool-77-thread-1] INFO  server.RaftServerConfigKeys (ConfUtils.java:logGet(43)) - raft.server.notification.no-leader.timeout = 120s (custom)
2019-09-25 12:38:52,978 [pool-77-thread-1] INFO  server.RaftServerConfigKeys (ConfUtils.java:logGet(43)) - raft.server.log.use.memory = false (default)
2019-09-25 12:38:52,978 [pool-77-thread-1] INFO  server.RaftServerConfigKeys (ConfUtils.java:logGet(43)) - raft.server.log.purge.gap = 1000000 (custom)
2019-09-25 12:38:52,979 [pool-77-thread-1] INFO  server.RaftServerConfigKeys (ConfUtils.java:logGet(43)) - raft.server.log.appender.buffer.byte-limit = 33554432 (custom)
2019-09-25 12:38:52,979 [pool-77-thread-1] INFO  server.RaftServerConfigKeys (ConfUtils.java:logGet(43)) - raft.server.log.segment.size.max = 1048576 (custom)
2019-09-25 12:38:52,979 [pool-77-thread-1] INFO  server.RaftServerConfigKeys (ConfUtils.java:logGet(43)) - raft.server.log.segment.cache.num.max = 2 (custom)
2019-09-25 12:38:52,980 [pool-77-thread-1] INFO  segmented.SegmentedRaftLogWorker (SegmentedRaftLogWorker.java:<init>(172)) - new 2e676ab4-a19e-46fc-8918-4e7d423281d0@group-FCF0A92E3E3A-SegmentedRaftLogWorker for RaftStorage:Storage Directory /workdir/hadoop-ozone/integration-test/target/test-dir/MiniOzoneClusterImpl-9ca535f6-0fbb-4439-9d4c-f895bd91215d/datanode-0/data/ratis/ac9312c2-0bb6-4386-9ffc-fcf0a92e3e3a
2019-09-25 12:38:52,980 [pool-77-thread-1] INFO  server.RaftServerConfigKeys (ConfUtils.java:logGet(43)) - raft.server.log.queue.byte-limit = 2147483647 (custom)
2019-09-25 12:38:52,980 [pool-77-thread-1] INFO  server.RaftServerConfigKeys (ConfUtils.java:logGet(43)) - raft.server.log.queue.element-limit = 1024 (custom)
2019-09-25 12:38:52,980 [pool-77-thread-1] INFO  server.RaftServerConfigKeys (ConfUtils.java:logGet(43)) - raft.server.log.segment.size.max = 1048576 (custom)
2019-09-25 12:38:52,981 [pool-77-thread-1] INFO  server.RaftServerConfigKeys (ConfUtils.java:logGet(43)) - raft.server.log.preallocated.size = 16384 (custom)
2019-09-25 12:38:52,981 [pool-77-thread-1] INFO  server.RaftServerConfigKeys (ConfUtils.java:logGet(43)) - raft.server.log.write.buffer.size = 33554432 (custom)
2019-09-25 12:38:52,981 [pool-77-thread-1] INFO  server.RaftServerConfigKeys (ConfUtils.java:logGet(43)) - raft.server.log.force.sync.num = 128 (default)
2019-09-25 12:38:52,981 [pool-77-thread-1] INFO  server.RaftServerConfigKeys (ConfUtils.java:logGet(43)) - raft.server.log.statemachine.data.sync = true (default)
2019-09-25 12:38:52,981 [pool-77-thread-1] INFO  server.RaftServerConfigKeys (ConfUtils.java:logGet(43)) - raft.server.log.statemachine.data.sync.timeout = 10s (default)
2019-09-25 12:38:52,981 [pool-77-thread-1] INFO  server.RaftServerConfigKeys (ConfUtils.java:logGet(43)) - raft.server.log.statemachine.data.sync.timeout.retry = -1 (default)
2019-09-25 12:38:52,982 [pool-77-thread-1] INFO  server.RaftServerConfigKeys (ConfUtils.java:logGet(43)) - raft.server.log.statemachine.data.caching.enabled = true (custom)
2019-09-25 12:38:52,982 [pool-77-thread-1] INFO  segmented.SegmentedRaftLogWorker (SegmentedRaftLogWorker.java:lambda$new$0(132)) - 2e676ab4-a19e-46fc-8918-4e7d423281d0@group-FCF0A92E3E3A-SegmentedRaftLogWorker: flushIndex: setUnconditionally 0 -> -1
2019-09-25 12:38:52,982 [pool-77-thread-1] INFO  server.RaftServerConfigKeys (ConfUtils.java:logGet(43)) - raft.server.snapshot.auto.trigger.enabled = true (custom)
2019-09-25 12:38:52,982 [pool-77-thread-1] INFO  server.RaftServerConfigKeys (ConfUtils.java:logGet(43)) - raft.server.snapshot.auto.trigger.threshold = 10000 (custom)
2019-09-25 12:38:52,983 [pool-77-thread-1] INFO  server.RaftServerConfigKeys (ConfUtils.java:logGet(43)) - raft.server.snapshot.retention.num.files = 5 (custom)
2019-09-25 12:38:52,983 [pool-77-thread-1] INFO  server.RaftServerConfigKeys (ConfUtils.java:logGet(43)) - raft.server.retrycache.expirytime = 600000ms (custom)
2019-09-25 12:38:52,986 [pool-77-thread-1] INFO  impl.RaftServerImpl (RaftServerImpl.java:start(185)) - 2e676ab4-a19e-46fc-8918-4e7d423281d0@group-FCF0A92E3E3A: start as a follower, conf=-1: [2e676ab4-a19e-46fc-8918-4e7d423281d0:192.168.151.73:33261], old=null
2019-09-25 12:38:52,986 [pool-77-thread-1] INFO  impl.RaftServerImpl (RaftServerImpl.java:setRole(174)) - 2e676ab4-a19e-46fc-8918-4e7d423281d0@group-FCF0A92E3E3A: changes role from      null to FOLLOWER at term 0 for startAsFollower
2019-09-25 12:38:52,986 [pool-77-thread-1] INFO  impl.RoleInfo (RoleInfo.java:updateAndGet(143)) - 2e676ab4-a19e-46fc-8918-4e7d423281d0: start FollowerState
2019-09-25 12:38:52,988 [pool-77-thread-1] INFO  util.JmxRegister (JmxRegister.java:tryRegister(44)) - Successfully registered JMX Bean with object name Ratis:service=RaftServer,group=group-FCF0A92E3E3A,id=2e676ab4-a19e-46fc-8918-4e7d423281d0
2019-09-25 12:38:52,997 [RatisPipelineUtilsThread] INFO  pipeline.PipelineStateManager (PipelineStateManager.java:addPipeline(56)) - Created pipeline Pipeline[ Id: ac9312c2-0bb6-4386-9ffc-fcf0a92e3e3a, Nodes: 2e676ab4-a19e-46fc-8918-4e7d423281d0{ip: 192.168.151.73, host: pr-hdds-1569-shd4m-3693607622, networkLocation: /default-rack, certSerialId: null}, Type:RATIS, Factor:ONE, State:OPEN]
2019-09-25 12:38:53,005 [grpc-default-executor-0] INFO  impl.RaftServerProxy (RaftServerProxy.java:addNew(89)) - 2e676ab4-a19e-46fc-8918-4e7d423281d0: addNew group-B3408201B9EF:[2e676ab4-a19e-46fc-8918-4e7d423281d0:192.168.151.73:33261] returns group-B3408201B9EF:java.util.concurrent.CompletableFuture@5913dde9[Not completed]
2019-09-25 12:38:53,006 [pool-77-thread-1] INFO  impl.RaftServerImpl (RaftServerImpl.java:<init>(95)) - 2e676ab4-a19e-46fc-8918-4e7d423281d0: new RaftServerImpl for group-B3408201B9EF:[2e676ab4-a19e-46fc-8918-4e7d423281d0:192.168.151.73:33261] with ContainerStateMachine:uninitialized
2019-09-25 12:38:53,006 [pool-77-thread-1] INFO  server.RaftServerConfigKeys (ConfUtils.java:logGet(43)) - raft.server.rpc.timeout.min = 5s (custom)
2019-09-25 12:38:53,006 [pool-77-thread-1] INFO  server.RaftServerConfigKeys (ConfUtils.java:logGet(43)) - raft.server.rpc.timeout.max = 5200ms (custom)
2019-09-25 12:38:53,007 [pool-77-thread-1] INFO  server.RaftServerConfigKeys (ConfUtils.java:logGet(43)) - raft.server.rpcslowness.timeout = 120s (custom)
2019-09-25 12:38:53,007 [pool-77-thread-1] INFO  server.RaftServerConfigKeys (ConfUtils.java:logGet(43)) - raft.server.sleep.deviation.threshold = 300 (default)
2019-09-25 12:38:53,007 [pool-77-thread-1] INFO  server.RaftServerConfigKeys (ConfUtils.java:logGet(43)) - raft.server.log.appender.install.snapshot.enabled = false (custom)
2019-09-25 12:38:53,007 [pool-77-thread-1] INFO  impl.RaftServerImpl (ServerState.java:<init>(103)) - 2e676ab4-a19e-46fc-8918-4e7d423281d0@group-B3408201B9EF: ConfigurationManager, init=-1: [2e676ab4-a19e-46fc-8918-4e7d423281d0:192.168.151.73:33261], old=null, confs=<EMPTY_MAP>
2019-09-25 12:38:53,007 [pool-77-thread-1] INFO  server.RaftServerConfigKeys (ConfUtils.java:logGet(43)) - raft.server.storage.dir = [/workdir/hadoop-ozone/integration-test/target/test-dir/MiniOzoneClusterImpl-9ca535f6-0fbb-4439-9d4c-f895bd91215d/datanode-0/data/ratis] (custom)
2019-09-25 12:38:53,007 [pool-77-thread-1] INFO  storage.RaftStorageDirectory (RaftStorageDirectory.java:analyzeStorage(246)) - The storage directory /workdir/hadoop-ozone/integration-test/target/test-dir/MiniOzoneClusterImpl-9ca535f6-0fbb-4439-9d4c-f895bd91215d/datanode-0/data/ratis/eca393bd-9ea4-4976-aa9b-b3408201b9ef does not exist. Creating ...
2019-09-25 12:38:53,020 [pool-77-thread-1] INFO  storage.RaftStorageDirectory (RaftStorageDirectory.java:tryLock(328)) - Lock on /workdir/hadoop-ozone/integration-test/target/test-dir/MiniOzoneClusterImpl-9ca535f6-0fbb-4439-9d4c-f895bd91215d/datanode-0/data/ratis/eca393bd-9ea4-4976-aa9b-b3408201b9ef/in_use.lock acquired by nodename 9642@pr-hdds-1569-shd4m-3693607622
2019-09-25 12:38:53,028 [main] INFO  ozone.MiniOzoneClusterImpl (MiniOzoneClusterImpl.java:lambda$waitForClusterToBeReady$0(147)) - Waiting for cluster to be ready. Got 2 of 3 DN Heartbeats.
2019-09-25 12:38:53,030 [IPC Server handler 2 on 38998] INFO  net.NetworkTopology (NetworkTopologyImpl.java:add(111)) - Added a new node: /default-rack/545258d5-b925-430f-abcd-ed5a31f9d81f
2019-09-25 12:38:53,030 [IPC Server handler 2 on 38998] INFO  node.SCMNodeManager (SCMNodeManager.java:register(266)) - Registered Data node : 545258d5-b925-430f-abcd-ed5a31f9d81f{ip: 192.168.151.73, host: pr-hdds-1569-shd4m-3693607622, networkLocation: /default-rack, certSerialId: null}
2019-09-25 12:38:53,032 [pool-77-thread-1] INFO  storage.RaftStorage (RaftStorage.java:format(72)) - Storage directory /workdir/hadoop-ozone/integration-test/target/test-dir/MiniOzoneClusterImpl-9ca535f6-0fbb-4439-9d4c-f895bd91215d/datanode-0/data/ratis/eca393bd-9ea4-4976-aa9b-b3408201b9ef has been successfully formatted.
2019-09-25 12:38:53,033 [pool-77-thread-1] INFO  ratis.ContainerStateMachine (ContainerStateMachine.java:loadSnapshot(230)) - group-B3408201B9EF: The snapshot info is null. Setting the last applied indexto:(t:0, i:~)
2019-09-25 12:38:53,033 [pool-77-thread-1] INFO  server.RaftServerConfigKeys (ConfUtils.java:logGet(43)) - raft.server.notification.no-leader.timeout = 120s (custom)
2019-09-25 12:38:53,033 [pool-77-thread-1] INFO  server.RaftServerConfigKeys (ConfUtils.java:logGet(43)) - raft.server.log.use.memory = false (default)
2019-09-25 12:38:53,033 [pool-77-thread-1] INFO  server.RaftServerConfigKeys (ConfUtils.java:logGet(43)) - raft.server.log.purge.gap = 1000000 (custom)
2019-09-25 12:38:53,033 [pool-77-thread-1] INFO  server.RaftServerConfigKeys (ConfUtils.java:logGet(43)) - raft.server.log.appender.buffer.byte-limit = 33554432 (custom)
2019-09-25 12:38:53,033 [pool-77-thread-1] INFO  server.RaftServerConfigKeys (ConfUtils.java:logGet(43)) - raft.server.log.segment.size.max = 1048576 (custom)
2019-09-25 12:38:53,033 [pool-77-thread-1] INFO  server.RaftServerConfigKeys (ConfUtils.java:logGet(43)) - raft.server.log.segment.cache.num.max = 2 (custom)
2019-09-25 12:38:53,033 [pool-77-thread-1] INFO  segmented.SegmentedRaftLogWorker (SegmentedRaftLogWorker.java:<init>(172)) - new 2e676ab4-a19e-46fc-8918-4e7d423281d0@group-B3408201B9EF-SegmentedRaftLogWorker for RaftStorage:Storage Directory /workdir/hadoop-ozone/integration-test/target/test-dir/MiniOzoneClusterImpl-9ca535f6-0fbb-4439-9d4c-f895bd91215d/datanode-0/data/ratis/eca393bd-9ea4-4976-aa9b-b3408201b9ef
2019-09-25 12:38:53,034 [pool-77-thread-1] INFO  server.RaftServerConfigKeys (ConfUtils.java:logGet(43)) - raft.server.log.queue.byte-limit = 2147483647 (custom)
2019-09-25 12:38:53,034 [pool-77-thread-1] INFO  server.RaftServerConfigKeys (ConfUtils.java:logGet(43)) - raft.server.log.queue.element-limit = 1024 (custom)
2019-09-25 12:38:53,034 [pool-77-thread-1] INFO  server.RaftServerConfigKeys (ConfUtils.java:logGet(43)) - raft.server.log.segment.size.max = 1048576 (custom)
2019-09-25 12:38:53,034 [pool-77-thread-1] INFO  server.RaftServerConfigKeys (ConfUtils.java:logGet(43)) - raft.server.log.preallocated.size = 16384 (custom)
2019-09-25 12:38:53,034 [pool-77-thread-1] INFO  server.RaftServerConfigKeys (ConfUtils.java:logGet(43)) - raft.server.log.write.buffer.size = 33554432 (custom)
2019-09-25 12:38:53,034 [pool-77-thread-1] INFO  server.RaftServerConfigKeys (ConfUtils.java:logGet(43)) - raft.server.log.force.sync.num = 128 (default)
2019-09-25 12:38:53,034 [pool-77-thread-1] INFO  server.RaftServerConfigKeys (ConfUtils.java:logGet(43)) - raft.server.log.statemachine.data.sync = true (default)
2019-09-25 12:38:53,034 [pool-77-thread-1] INFO  server.RaftServerConfigKeys (ConfUtils.java:logGet(43)) - raft.server.log.statemachine.data.sync.timeout = 10s (default)
2019-09-25 12:38:53,034 [pool-77-thread-1] INFO  server.RaftServerConfigKeys (ConfUtils.java:logGet(43)) - raft.server.log.statemachine.data.sync.timeout.retry = -1 (default)
2019-09-25 12:38:53,035 [pool-77-thread-1] INFO  server.RaftServerConfigKeys (ConfUtils.java:logGet(43)) - raft.server.log.statemachine.data.caching.enabled = true (custom)
2019-09-25 12:38:53,035 [pool-77-thread-1] INFO  segmented.SegmentedRaftLogWorker (SegmentedRaftLogWorker.java:lambda$new$0(132)) - 2e676ab4-a19e-46fc-8918-4e7d423281d0@group-B3408201B9EF-SegmentedRaftLogWorker: flushIndex: setUnconditionally 0 -> -1
2019-09-25 12:38:53,035 [pool-77-thread-1] INFO  server.RaftServerConfigKeys (ConfUtils.java:logGet(43)) - raft.server.snapshot.auto.trigger.enabled = true (custom)
2019-09-25 12:38:53,035 [pool-77-thread-1] INFO  server.RaftServerConfigKeys (ConfUtils.java:logGet(43)) - raft.server.snapshot.auto.trigger.threshold = 10000 (custom)
2019-09-25 12:38:53,035 [pool-77-thread-1] INFO  server.RaftServerConfigKeys (ConfUtils.java:logGet(43)) - raft.server.snapshot.retention.num.files = 5 (custom)
2019-09-25 12:38:53,035 [pool-77-thread-1] INFO  server.RaftServerConfigKeys (ConfUtils.java:logGet(43)) - raft.server.retrycache.expirytime = 600000ms (custom)
2019-09-25 12:38:53,037 [pool-77-thread-1] INFO  impl.RaftServerImpl (RaftServerImpl.java:start(185)) - 2e676ab4-a19e-46fc-8918-4e7d423281d0@group-B3408201B9EF: start as a follower, conf=-1: [2e676ab4-a19e-46fc-8918-4e7d423281d0:192.168.151.73:33261], old=null
2019-09-25 12:38:53,037 [pool-77-thread-1] INFO  impl.RaftServerImpl (RaftServerImpl.java:setRole(174)) - 2e676ab4-a19e-46fc-8918-4e7d423281d0@group-B3408201B9EF: changes role from      null to FOLLOWER at term 0 for startAsFollower
2019-09-25 12:38:53,037 [pool-77-thread-1] INFO  impl.RoleInfo (RoleInfo.java:updateAndGet(143)) - 2e676ab4-a19e-46fc-8918-4e7d423281d0: start FollowerState
2019-09-25 12:38:53,038 [pool-77-thread-1] INFO  util.JmxRegister (JmxRegister.java:tryRegister(44)) - Successfully registered JMX Bean with object name Ratis:service=RaftServer,group=group-B3408201B9EF,id=2e676ab4-a19e-46fc-8918-4e7d423281d0
2019-09-25 12:38:53,042 [RatisPipelineUtilsThread] INFO  pipeline.PipelineStateManager (PipelineStateManager.java:addPipeline(56)) - Created pipeline Pipeline[ Id: eca393bd-9ea4-4976-aa9b-b3408201b9ef, Nodes: 2e676ab4-a19e-46fc-8918-4e7d423281d0{ip: 192.168.151.73, host: pr-hdds-1569-shd4m-3693607622, networkLocation: /default-rack, certSerialId: null}, Type:RATIS, Factor:ONE, State:OPEN]
2019-09-25 12:38:53,049 [grpc-default-executor-0] INFO  impl.RaftServerProxy (RaftServerProxy.java:addNew(89)) - 2e676ab4-a19e-46fc-8918-4e7d423281d0: addNew group-955229DD05E9:[2e676ab4-a19e-46fc-8918-4e7d423281d0:192.168.151.73:33261] returns group-955229DD05E9:java.util.concurrent.CompletableFuture@c21b4f8[Not completed]
2019-09-25 12:38:53,050 [pool-77-thread-1] INFO  impl.RaftServerImpl (RaftServerImpl.java:<init>(95)) - 2e676ab4-a19e-46fc-8918-4e7d423281d0: new RaftServerImpl for group-955229DD05E9:[2e676ab4-a19e-46fc-8918-4e7d423281d0:192.168.151.73:33261] with ContainerStateMachine:uninitialized
2019-09-25 12:38:53,050 [pool-77-thread-1] INFO  server.RaftServerConfigKeys (ConfUtils.java:logGet(43)) - raft.server.rpc.timeout.min = 5s (custom)
2019-09-25 12:38:53,050 [pool-77-thread-1] INFO  server.RaftServerConfigKeys (ConfUtils.java:logGet(43)) - raft.server.rpc.timeout.max = 5200ms (custom)
2019-09-25 12:38:53,050 [pool-77-thread-1] INFO  server.RaftServerConfigKeys (ConfUtils.java:logGet(43)) - raft.server.rpcslowness.timeout = 120s (custom)
2019-09-25 12:38:53,051 [pool-77-thread-1] INFO  server.RaftServerConfigKeys (ConfUtils.java:logGet(43)) - raft.server.sleep.deviation.threshold = 300 (default)
2019-09-25 12:38:53,051 [pool-77-thread-1] INFO  server.RaftServerConfigKeys (ConfUtils.java:logGet(43)) - raft.server.log.appender.install.snapshot.enabled = false (custom)
2019-09-25 12:38:53,051 [pool-77-thread-1] INFO  impl.RaftServerImpl (ServerState.java:<init>(103)) - 2e676ab4-a19e-46fc-8918-4e7d423281d0@group-955229DD05E9: ConfigurationManager, init=-1: [2e676ab4-a19e-46fc-8918-4e7d423281d0:192.168.151.73:33261], old=null, confs=<EMPTY_MAP>
2019-09-25 12:38:53,051 [pool-77-thread-1] INFO  server.RaftServerConfigKeys (ConfUtils.java:logGet(43)) - raft.server.storage.dir = [/workdir/hadoop-ozone/integration-test/target/test-dir/MiniOzoneClusterImpl-9ca535f6-0fbb-4439-9d4c-f895bd91215d/datanode-0/data/ratis] (custom)
2019-09-25 12:38:53,051 [pool-77-thread-1] INFO  storage.RaftStorageDirectory (RaftStorageDirectory.java:analyzeStorage(246)) - The storage directory /workdir/hadoop-ozone/integration-test/target/test-dir/MiniOzoneClusterImpl-9ca535f6-0fbb-4439-9d4c-f895bd91215d/datanode-0/data/ratis/a3d622ea-611a-4f1f-abbc-955229dd05e9 does not exist. Creating ...
2019-09-25 12:38:53,063 [pool-77-thread-1] INFO  storage.RaftStorageDirectory (RaftStorageDirectory.java:tryLock(328)) - Lock on /workdir/hadoop-ozone/integration-test/target/test-dir/MiniOzoneClusterImpl-9ca535f6-0fbb-4439-9d4c-f895bd91215d/datanode-0/data/ratis/a3d622ea-611a-4f1f-abbc-955229dd05e9/in_use.lock acquired by nodename 9642@pr-hdds-1569-shd4m-3693607622
2019-09-25 12:38:53,075 [pool-77-thread-1] INFO  storage.RaftStorage (RaftStorage.java:format(72)) - Storage directory /workdir/hadoop-ozone/integration-test/target/test-dir/MiniOzoneClusterImpl-9ca535f6-0fbb-4439-9d4c-f895bd91215d/datanode-0/data/ratis/a3d622ea-611a-4f1f-abbc-955229dd05e9 has been successfully formatted.
2019-09-25 12:38:53,076 [pool-77-thread-1] INFO  ratis.ContainerStateMachine (ContainerStateMachine.java:loadSnapshot(230)) - group-955229DD05E9: The snapshot info is null. Setting the last applied indexto:(t:0, i:~)
2019-09-25 12:38:53,076 [pool-77-thread-1] INFO  server.RaftServerConfigKeys (ConfUtils.java:logGet(43)) - raft.server.notification.no-leader.timeout = 120s (custom)
2019-09-25 12:38:53,076 [pool-77-thread-1] INFO  server.RaftServerConfigKeys (ConfUtils.java:logGet(43)) - raft.server.log.use.memory = false (default)
2019-09-25 12:38:53,076 [pool-77-thread-1] INFO  server.RaftServerConfigKeys (ConfUtils.java:logGet(43)) - raft.server.log.purge.gap = 1000000 (custom)
2019-09-25 12:38:53,076 [pool-77-thread-1] INFO  server.RaftServerConfigKeys (ConfUtils.java:logGet(43)) - raft.server.log.appender.buffer.byte-limit = 33554432 (custom)
2019-09-25 12:38:53,076 [pool-77-thread-1] INFO  server.RaftServerConfigKeys (ConfUtils.java:logGet(43)) - raft.server.log.segment.size.max = 1048576 (custom)
2019-09-25 12:38:53,076 [pool-77-thread-1] INFO  server.RaftServerConfigKeys (ConfUtils.java:logGet(43)) - raft.server.log.segment.cache.num.max = 2 (custom)
2019-09-25 12:38:53,076 [pool-77-thread-1] INFO  segmented.SegmentedRaftLogWorker (SegmentedRaftLogWorker.java:<init>(172)) - new 2e676ab4-a19e-46fc-8918-4e7d423281d0@group-955229DD05E9-SegmentedRaftLogWorker for RaftStorage:Storage Directory /workdir/hadoop-ozone/integration-test/target/test-dir/MiniOzoneClusterImpl-9ca535f6-0fbb-4439-9d4c-f895bd91215d/datanode-0/data/ratis/a3d622ea-611a-4f1f-abbc-955229dd05e9
2019-09-25 12:38:53,077 [pool-77-thread-1] INFO  server.RaftServerConfigKeys (ConfUtils.java:logGet(43)) - raft.server.log.queue.byte-limit = 2147483647 (custom)
2019-09-25 12:38:53,077 [pool-77-thread-1] INFO  server.RaftServerConfigKeys (ConfUtils.java:logGet(43)) - raft.server.log.queue.element-limit = 1024 (custom)
2019-09-25 12:38:53,077 [pool-77-thread-1] INFO  server.RaftServerConfigKeys (ConfUtils.java:logGet(43)) - raft.server.log.segment.size.max = 1048576 (custom)
2019-09-25 12:38:53,077 [pool-77-thread-1] INFO  server.RaftServerConfigKeys (ConfUtils.java:logGet(43)) - raft.server.log.preallocated.size = 16384 (custom)
2019-09-25 12:38:53,077 [pool-77-thread-1] INFO  server.RaftServerConfigKeys (ConfUtils.java:logGet(43)) - raft.server.log.write.buffer.size = 33554432 (custom)
2019-09-25 12:38:53,077 [pool-77-thread-1] INFO  server.RaftServerConfigKeys (ConfUtils.java:logGet(43)) - raft.server.log.force.sync.num = 128 (default)
2019-09-25 12:38:53,077 [pool-77-thread-1] INFO  server.RaftServerConfigKeys (ConfUtils.java:logGet(43)) - raft.server.log.statemachine.data.sync = true (default)
2019-09-25 12:38:53,077 [pool-77-thread-1] INFO  server.RaftServerConfigKeys (ConfUtils.java:logGet(43)) - raft.server.log.statemachine.data.sync.timeout = 10s (default)
2019-09-25 12:38:53,078 [pool-77-thread-1] INFO  server.RaftServerConfigKeys (ConfUtils.java:logGet(43)) - raft.server.log.statemachine.data.sync.timeout.retry = -1 (default)
2019-09-25 12:38:53,078 [pool-77-thread-1] INFO  server.RaftServerConfigKeys (ConfUtils.java:logGet(43)) - raft.server.log.statemachine.data.caching.enabled = true (custom)
2019-09-25 12:38:53,078 [pool-77-thread-1] INFO  segmented.SegmentedRaftLogWorker (SegmentedRaftLogWorker.java:lambda$new$0(132)) - 2e676ab4-a19e-46fc-8918-4e7d423281d0@group-955229DD05E9-SegmentedRaftLogWorker: flushIndex: setUnconditionally 0 -> -1
2019-09-25 12:38:53,078 [pool-77-thread-1] INFO  server.RaftServerConfigKeys (ConfUtils.java:logGet(43)) - raft.server.snapshot.auto.trigger.enabled = true (custom)
2019-09-25 12:38:53,078 [pool-77-thread-1] INFO  server.RaftServerConfigKeys (ConfUtils.java:logGet(43)) - raft.server.snapshot.auto.trigger.threshold = 10000 (custom)
2019-09-25 12:38:53,078 [pool-77-thread-1] INFO  server.RaftServerConfigKeys (ConfUtils.java:logGet(43)) - raft.server.snapshot.retention.num.files = 5 (custom)
2019-09-25 12:38:53,079 [pool-77-thread-1] INFO  server.RaftServerConfigKeys (ConfUtils.java:logGet(43)) - raft.server.retrycache.expirytime = 600000ms (custom)
2019-09-25 12:38:53,082 [pool-77-thread-1] INFO  impl.RaftServerImpl (RaftServerImpl.java:start(185)) - 2e676ab4-a19e-46fc-8918-4e7d423281d0@group-955229DD05E9: start as a follower, conf=-1: [2e676ab4-a19e-46fc-8918-4e7d423281d0:192.168.151.73:33261], old=null
2019-09-25 12:38:53,082 [pool-77-thread-1] INFO  impl.RaftServerImpl (RaftServerImpl.java:setRole(174)) - 2e676ab4-a19e-46fc-8918-4e7d423281d0@group-955229DD05E9: changes role from      null to FOLLOWER at term 0 for startAsFollower
2019-09-25 12:38:53,082 [pool-77-thread-1] INFO  impl.RoleInfo (RoleInfo.java:updateAndGet(143)) - 2e676ab4-a19e-46fc-8918-4e7d423281d0: start FollowerState
2019-09-25 12:38:53,083 [pool-77-thread-1] INFO  util.JmxRegister (JmxRegister.java:tryRegister(44)) - Successfully registered JMX Bean with object name Ratis:service=RaftServer,group=group-955229DD05E9,id=2e676ab4-a19e-46fc-8918-4e7d423281d0
2019-09-25 12:38:53,087 [RatisPipelineUtilsThread] INFO  pipeline.PipelineStateManager (PipelineStateManager.java:addPipeline(56)) - Created pipeline Pipeline[ Id: a3d622ea-611a-4f1f-abbc-955229dd05e9, Nodes: 2e676ab4-a19e-46fc-8918-4e7d423281d0{ip: 192.168.151.73, host: pr-hdds-1569-shd4m-3693607622, networkLocation: /default-rack, certSerialId: null}, Type:RATIS, Factor:ONE, State:OPEN]
2019-09-25 12:38:53,097 [grpc-default-executor-0] INFO  impl.RaftServerProxy (RaftServerProxy.java:addNew(89)) - 2e676ab4-a19e-46fc-8918-4e7d423281d0: addNew group-0E1A207EF253:[2e676ab4-a19e-46fc-8918-4e7d423281d0:192.168.151.73:33261] returns group-0E1A207EF253:java.util.concurrent.CompletableFuture@5d5de053[Not completed]
2019-09-25 12:38:53,098 [pool-77-thread-1] INFO  impl.RaftServerImpl (RaftServerImpl.java:<init>(95)) - 2e676ab4-a19e-46fc-8918-4e7d423281d0: new RaftServerImpl for group-0E1A207EF253:[2e676ab4-a19e-46fc-8918-4e7d423281d0:192.168.151.73:33261] with ContainerStateMachine:uninitialized
2019-09-25 12:38:53,099 [pool-77-thread-1] INFO  server.RaftServerConfigKeys (ConfUtils.java:logGet(43)) - raft.server.rpc.timeout.min = 5s (custom)
2019-09-25 12:38:53,099 [pool-77-thread-1] INFO  server.RaftServerConfigKeys (ConfUtils.java:logGet(43)) - raft.server.rpc.timeout.max = 5200ms (custom)
2019-09-25 12:38:53,099 [pool-77-thread-1] INFO  server.RaftServerConfigKeys (ConfUtils.java:logGet(43)) - raft.server.rpcslowness.timeout = 120s (custom)
2019-09-25 12:38:53,099 [pool-77-thread-1] INFO  server.RaftServerConfigKeys (ConfUtils.java:logGet(43)) - raft.server.sleep.deviation.threshold = 300 (default)
2019-09-25 12:38:53,099 [pool-77-thread-1] INFO  server.RaftServerConfigKeys (ConfUtils.java:logGet(43)) - raft.server.log.appender.install.snapshot.enabled = false (custom)
2019-09-25 12:38:53,099 [pool-77-thread-1] INFO  impl.RaftServerImpl (ServerState.java:<init>(103)) - 2e676ab4-a19e-46fc-8918-4e7d423281d0@group-0E1A207EF253: ConfigurationManager, init=-1: [2e676ab4-a19e-46fc-8918-4e7d423281d0:192.168.151.73:33261], old=null, confs=<EMPTY_MAP>
2019-09-25 12:38:53,100 [pool-77-thread-1] INFO  server.RaftServerConfigKeys (ConfUtils.java:logGet(43)) - raft.server.storage.dir = [/workdir/hadoop-ozone/integration-test/target/test-dir/MiniOzoneClusterImpl-9ca535f6-0fbb-4439-9d4c-f895bd91215d/datanode-0/data/ratis] (custom)
2019-09-25 12:38:53,100 [pool-77-thread-1] INFO  storage.RaftStorageDirectory (RaftStorageDirectory.java:analyzeStorage(246)) - The storage directory /workdir/hadoop-ozone/integration-test/target/test-dir/MiniOzoneClusterImpl-9ca535f6-0fbb-4439-9d4c-f895bd91215d/datanode-0/data/ratis/205fcc58-432c-4bd4-9702-0e1a207ef253 does not exist. Creating ...
2019-09-25 12:38:53,113 [pool-77-thread-1] INFO  storage.RaftStorageDirectory (RaftStorageDirectory.java:tryLock(328)) - Lock on /workdir/hadoop-ozone/integration-test/target/test-dir/MiniOzoneClusterImpl-9ca535f6-0fbb-4439-9d4c-f895bd91215d/datanode-0/data/ratis/205fcc58-432c-4bd4-9702-0e1a207ef253/in_use.lock acquired by nodename 9642@pr-hdds-1569-shd4m-3693607622
2019-09-25 12:38:53,116 [pool-77-thread-1] INFO  storage.RaftStorage (RaftStorage.java:format(72)) - Storage directory /workdir/hadoop-ozone/integration-test/target/test-dir/MiniOzoneClusterImpl-9ca535f6-0fbb-4439-9d4c-f895bd91215d/datanode-0/data/ratis/205fcc58-432c-4bd4-9702-0e1a207ef253 has been successfully formatted.
2019-09-25 12:38:53,116 [pool-77-thread-1] INFO  ratis.ContainerStateMachine (ContainerStateMachine.java:loadSnapshot(230)) - group-0E1A207EF253: The snapshot info is null. Setting the last applied indexto:(t:0, i:~)
2019-09-25 12:38:53,117 [pool-77-thread-1] INFO  server.RaftServerConfigKeys (ConfUtils.java:logGet(43)) - raft.server.notification.no-leader.timeout = 120s (custom)
2019-09-25 12:38:53,117 [pool-77-thread-1] INFO  server.RaftServerConfigKeys (ConfUtils.java:logGet(43)) - raft.server.log.use.memory = false (default)
2019-09-25 12:38:53,117 [pool-77-thread-1] INFO  server.RaftServerConfigKeys (ConfUtils.java:logGet(43)) - raft.server.log.purge.gap = 1000000 (custom)
2019-09-25 12:38:53,117 [pool-77-thread-1] INFO  server.RaftServerConfigKeys (ConfUtils.java:logGet(43)) - raft.server.log.appender.buffer.byte-limit = 33554432 (custom)
2019-09-25 12:38:53,117 [pool-77-thread-1] INFO  server.RaftServerConfigKeys (ConfUtils.java:logGet(43)) - raft.server.log.segment.size.max = 1048576 (custom)
2019-09-25 12:38:53,117 [pool-77-thread-1] INFO  server.RaftServerConfigKeys (ConfUtils.java:logGet(43)) - raft.server.log.segment.cache.num.max = 2 (custom)
2019-09-25 12:38:53,118 [pool-77-thread-1] INFO  segmented.SegmentedRaftLogWorker (SegmentedRaftLogWorker.java:<init>(172)) - new 2e676ab4-a19e-46fc-8918-4e7d423281d0@group-0E1A207EF253-SegmentedRaftLogWorker for RaftStorage:Storage Directory /workdir/hadoop-ozone/integration-test/target/test-dir/MiniOzoneClusterImpl-9ca535f6-0fbb-4439-9d4c-f895bd91215d/datanode-0/data/ratis/205fcc58-432c-4bd4-9702-0e1a207ef253
2019-09-25 12:38:53,118 [pool-77-thread-1] INFO  server.RaftServerConfigKeys (ConfUtils.java:logGet(43)) - raft.server.log.queue.byte-limit = 2147483647 (custom)
2019-09-25 12:38:53,118 [pool-77-thread-1] INFO  server.RaftServerConfigKeys (ConfUtils.java:logGet(43)) - raft.server.log.queue.element-limit = 1024 (custom)
2019-09-25 12:38:53,118 [pool-77-thread-1] INFO  server.RaftServerConfigKeys (ConfUtils.java:logGet(43)) - raft.server.log.segment.size.max = 1048576 (custom)
2019-09-25 12:38:53,118 [pool-77-thread-1] INFO  server.RaftServerConfigKeys (ConfUtils.java:logGet(43)) - raft.server.log.preallocated.size = 16384 (custom)
2019-09-25 12:38:53,119 [pool-77-thread-1] INFO  server.RaftServerConfigKeys (ConfUtils.java:logGet(43)) - raft.server.log.write.buffer.size = 33554432 (custom)
2019-09-25 12:38:53,119 [pool-77-thread-1] INFO  server.RaftServerConfigKeys (ConfUtils.java:logGet(43)) - raft.server.log.force.sync.num = 128 (default)
2019-09-25 12:38:53,119 [pool-77-thread-1] INFO  server.RaftServerConfigKeys (ConfUtils.java:logGet(43)) - raft.server.log.statemachine.data.sync = true (default)
2019-09-25 12:38:53,119 [pool-77-thread-1] INFO  server.RaftServerConfigKeys (ConfUtils.java:logGet(43)) - raft.server.log.statemachine.data.sync.timeout = 10s (default)
2019-09-25 12:38:53,119 [pool-77-thread-1] INFO  server.RaftServerConfigKeys (ConfUtils.java:logGet(43)) - raft.server.log.statemachine.data.sync.timeout.retry = -1 (default)
2019-09-25 12:38:53,119 [pool-77-thread-1] INFO  server.RaftServerConfigKeys (ConfUtils.java:logGet(43)) - raft.server.log.statemachine.data.caching.enabled = true (custom)
2019-09-25 12:38:53,120 [pool-77-thread-1] INFO  segmented.SegmentedRaftLogWorker (SegmentedRaftLogWorker.java:lambda$new$0(132)) - 2e676ab4-a19e-46fc-8918-4e7d423281d0@group-0E1A207EF253-SegmentedRaftLogWorker: flushIndex: setUnconditionally 0 -> -1
2019-09-25 12:38:53,120 [pool-77-thread-1] INFO  server.RaftServerConfigKeys (ConfUtils.java:logGet(43)) - raft.server.snapshot.auto.trigger.enabled = true (custom)
2019-09-25 12:38:53,120 [pool-77-thread-1] INFO  server.RaftServerConfigKeys (ConfUtils.java:logGet(43)) - raft.server.snapshot.auto.trigger.threshold = 10000 (custom)
2019-09-25 12:38:53,120 [pool-77-thread-1] INFO  server.RaftServerConfigKeys (ConfUtils.java:logGet(43)) - raft.server.snapshot.retention.num.files = 5 (custom)
2019-09-25 12:38:53,120 [pool-77-thread-1] INFO  server.RaftServerConfigKeys (ConfUtils.java:logGet(43)) - raft.server.retrycache.expirytime = 600000ms (custom)
2019-09-25 12:38:53,123 [pool-77-thread-1] INFO  impl.RaftServerImpl (RaftServerImpl.java:start(185)) - 2e676ab4-a19e-46fc-8918-4e7d423281d0@group-0E1A207EF253: start as a follower, conf=-1: [2e676ab4-a19e-46fc-8918-4e7d423281d0:192.168.151.73:33261], old=null
2019-09-25 12:38:53,123 [pool-77-thread-1] INFO  impl.RaftServerImpl (RaftServerImpl.java:setRole(174)) - 2e676ab4-a19e-46fc-8918-4e7d423281d0@group-0E1A207EF253: changes role from      null to FOLLOWER at term 0 for startAsFollower
2019-09-25 12:38:53,123 [pool-77-thread-1] INFO  impl.RoleInfo (RoleInfo.java:updateAndGet(143)) - 2e676ab4-a19e-46fc-8918-4e7d423281d0: start FollowerState
2019-09-25 12:38:53,124 [pool-77-thread-1] INFO  util.JmxRegister (JmxRegister.java:tryRegister(44)) - Successfully registered JMX Bean with object name Ratis:service=RaftServer,group=group-0E1A207EF253,id=2e676ab4-a19e-46fc-8918-4e7d423281d0
2019-09-25 12:38:53,128 [RatisPipelineUtilsThread] INFO  pipeline.PipelineStateManager (PipelineStateManager.java:addPipeline(56)) - Created pipeline Pipeline[ Id: 205fcc58-432c-4bd4-9702-0e1a207ef253, Nodes: 2e676ab4-a19e-46fc-8918-4e7d423281d0{ip: 192.168.151.73, host: pr-hdds-1569-shd4m-3693607622, networkLocation: /default-rack, certSerialId: null}, Type:RATIS, Factor:ONE, State:OPEN]
2019-09-25 12:38:53,137 [grpc-default-executor-0] INFO  impl.RaftServerProxy (RaftServerProxy.java:addNew(89)) - 2e676ab4-a19e-46fc-8918-4e7d423281d0: addNew group-F719D4DF08F9:[2e676ab4-a19e-46fc-8918-4e7d423281d0:192.168.151.73:33261] returns group-F719D4DF08F9:java.util.concurrent.CompletableFuture@48d82783[Not completed]
2019-09-25 12:38:53,139 [pool-77-thread-1] INFO  impl.RaftServerImpl (RaftServerImpl.java:<init>(95)) - 2e676ab4-a19e-46fc-8918-4e7d423281d0: new RaftServerImpl for group-F719D4DF08F9:[2e676ab4-a19e-46fc-8918-4e7d423281d0:192.168.151.73:33261] with ContainerStateMachine:uninitialized
2019-09-25 12:38:53,139 [pool-77-thread-1] INFO  server.RaftServerConfigKeys (ConfUtils.java:logGet(43)) - raft.server.rpc.timeout.min = 5s (custom)
2019-09-25 12:38:53,139 [pool-77-thread-1] INFO  server.RaftServerConfigKeys (ConfUtils.java:logGet(43)) - raft.server.rpc.timeout.max = 5200ms (custom)
2019-09-25 12:38:53,139 [pool-77-thread-1] INFO  server.RaftServerConfigKeys (ConfUtils.java:logGet(43)) - raft.server.rpcslowness.timeout = 120s (custom)
2019-09-25 12:38:53,139 [pool-77-thread-1] INFO  server.RaftServerConfigKeys (ConfUtils.java:logGet(43)) - raft.server.sleep.deviation.threshold = 300 (default)
2019-09-25 12:38:53,140 [pool-77-thread-1] INFO  server.RaftServerConfigKeys (ConfUtils.java:logGet(43)) - raft.server.log.appender.install.snapshot.enabled = false (custom)
2019-09-25 12:38:53,140 [pool-77-thread-1] INFO  impl.RaftServerImpl (ServerState.java:<init>(103)) - 2e676ab4-a19e-46fc-8918-4e7d423281d0@group-F719D4DF08F9: ConfigurationManager, init=-1: [2e676ab4-a19e-46fc-8918-4e7d423281d0:192.168.151.73:33261], old=null, confs=<EMPTY_MAP>
2019-09-25 12:38:53,140 [pool-77-thread-1] INFO  server.RaftServerConfigKeys (ConfUtils.java:logGet(43)) - raft.server.storage.dir = [/workdir/hadoop-ozone/integration-test/target/test-dir/MiniOzoneClusterImpl-9ca535f6-0fbb-4439-9d4c-f895bd91215d/datanode-0/data/ratis] (custom)
2019-09-25 12:38:53,140 [pool-77-thread-1] INFO  storage.RaftStorageDirectory (RaftStorageDirectory.java:analyzeStorage(246)) - The storage directory /workdir/hadoop-ozone/integration-test/target/test-dir/MiniOzoneClusterImpl-9ca535f6-0fbb-4439-9d4c-f895bd91215d/datanode-0/data/ratis/6165cf32-78e9-49ec-86e4-f719d4df08f9 does not exist. Creating ...
2019-09-25 12:38:53,143 [pool-77-thread-1] INFO  storage.RaftStorageDirectory (RaftStorageDirectory.java:tryLock(328)) - Lock on /workdir/hadoop-ozone/integration-test/target/test-dir/MiniOzoneClusterImpl-9ca535f6-0fbb-4439-9d4c-f895bd91215d/datanode-0/data/ratis/6165cf32-78e9-49ec-86e4-f719d4df08f9/in_use.lock acquired by nodename 9642@pr-hdds-1569-shd4m-3693607622
2019-09-25 12:38:53,146 [pool-77-thread-1] INFO  storage.RaftStorage (RaftStorage.java:format(72)) - Storage directory /workdir/hadoop-ozone/integration-test/target/test-dir/MiniOzoneClusterImpl-9ca535f6-0fbb-4439-9d4c-f895bd91215d/datanode-0/data/ratis/6165cf32-78e9-49ec-86e4-f719d4df08f9 has been successfully formatted.
2019-09-25 12:38:53,147 [pool-77-thread-1] INFO  ratis.ContainerStateMachine (ContainerStateMachine.java:loadSnapshot(230)) - group-F719D4DF08F9: The snapshot info is null. Setting the last applied indexto:(t:0, i:~)
2019-09-25 12:38:53,147 [pool-77-thread-1] INFO  server.RaftServerConfigKeys (ConfUtils.java:logGet(43)) - raft.server.notification.no-leader.timeout = 120s (custom)
2019-09-25 12:38:53,147 [pool-77-thread-1] INFO  server.RaftServerConfigKeys (ConfUtils.java:logGet(43)) - raft.server.log.use.memory = false (default)
2019-09-25 12:38:53,147 [pool-77-thread-1] INFO  server.RaftServerConfigKeys (ConfUtils.java:logGet(43)) - raft.server.log.purge.gap = 1000000 (custom)
2019-09-25 12:38:53,147 [pool-77-thread-1] INFO  server.RaftServerConfigKeys (ConfUtils.java:logGet(43)) - raft.server.log.appender.buffer.byte-limit = 33554432 (custom)
2019-09-25 12:38:53,147 [pool-77-thread-1] INFO  server.RaftServerConfigKeys (ConfUtils.java:logGet(43)) - raft.server.log.segment.size.max = 1048576 (custom)
2019-09-25 12:38:53,147 [pool-77-thread-1] INFO  server.RaftServerConfigKeys (ConfUtils.java:logGet(43)) - raft.server.log.segment.cache.num.max = 2 (custom)
2019-09-25 12:38:53,148 [pool-77-thread-1] INFO  segmented.SegmentedRaftLogWorker (SegmentedRaftLogWorker.java:<init>(172)) - new 2e676ab4-a19e-46fc-8918-4e7d423281d0@group-F719D4DF08F9-SegmentedRaftLogWorker for RaftStorage:Storage Directory /workdir/hadoop-ozone/integration-test/target/test-dir/MiniOzoneClusterImpl-9ca535f6-0fbb-4439-9d4c-f895bd91215d/datanode-0/data/ratis/6165cf32-78e9-49ec-86e4-f719d4df08f9
2019-09-25 12:38:53,148 [pool-77-thread-1] INFO  server.RaftServerConfigKeys (ConfUtils.java:logGet(43)) - raft.server.log.queue.byte-limit = 2147483647 (custom)
2019-09-25 12:38:53,148 [pool-77-thread-1] INFO  server.RaftServerConfigKeys (ConfUtils.java:logGet(43)) - raft.server.log.queue.element-limit = 1024 (custom)
2019-09-25 12:38:53,148 [pool-77-thread-1] INFO  server.RaftServerConfigKeys (ConfUtils.java:logGet(43)) - raft.server.log.segment.size.max = 1048576 (custom)
2019-09-25 12:38:53,148 [pool-77-thread-1] INFO  server.RaftServerConfigKeys (ConfUtils.java:logGet(43)) - raft.server.log.preallocated.size = 16384 (custom)
2019-09-25 12:38:53,148 [pool-77-thread-1] INFO  server.RaftServerConfigKeys (ConfUtils.java:logGet(43)) - raft.server.log.write.buffer.size = 33554432 (custom)
2019-09-25 12:38:53,148 [pool-77-thread-1] INFO  server.RaftServerConfigKeys (ConfUtils.java:logGet(43)) - raft.server.log.force.sync.num = 128 (default)
2019-09-25 12:38:53,148 [pool-77-thread-1] INFO  server.RaftServerConfigKeys (ConfUtils.java:logGet(43)) - raft.server.log.statemachine.data.sync = true (default)
2019-09-25 12:38:53,149 [pool-77-thread-1] INFO  server.RaftServerConfigKeys (ConfUtils.java:logGet(43)) - raft.server.log.statemachine.data.sync.timeout = 10s (default)
2019-09-25 12:38:53,149 [pool-77-thread-1] INFO  server.RaftServerConfigKeys (ConfUtils.java:logGet(43)) - raft.server.log.statemachine.data.sync.timeout.retry = -1 (default)
2019-09-25 12:38:53,149 [pool-77-thread-1] INFO  server.RaftServerConfigKeys (ConfUtils.java:logGet(43)) - raft.server.log.statemachine.data.caching.enabled = true (custom)
2019-09-25 12:38:53,149 [pool-77-thread-1] INFO  segmented.SegmentedRaftLogWorker (SegmentedRaftLogWorker.java:lambda$new$0(132)) - 2e676ab4-a19e-46fc-8918-4e7d423281d0@group-F719D4DF08F9-SegmentedRaftLogWorker: flushIndex: setUnconditionally 0 -> -1
2019-09-25 12:38:53,149 [pool-77-thread-1] INFO  server.RaftServerConfigKeys (ConfUtils.java:logGet(43)) - raft.server.snapshot.auto.trigger.enabled = true (custom)
2019-09-25 12:38:53,149 [pool-77-thread-1] INFO  server.RaftServerConfigKeys (ConfUtils.java:logGet(43)) - raft.server.snapshot.auto.trigger.threshold = 10000 (custom)
2019-09-25 12:38:53,150 [pool-77-thread-1] INFO  server.RaftServerConfigKeys (ConfUtils.java:logGet(43)) - raft.server.snapshot.retention.num.files = 5 (custom)
2019-09-25 12:38:53,150 [pool-77-thread-1] INFO  server.RaftServerConfigKeys (ConfUtils.java:logGet(43)) - raft.server.retrycache.expirytime = 600000ms (custom)
2019-09-25 12:38:53,152 [pool-77-thread-1] INFO  impl.RaftServerImpl (RaftServerImpl.java:start(185)) - 2e676ab4-a19e-46fc-8918-4e7d423281d0@group-F719D4DF08F9: start as a follower, conf=-1: [2e676ab4-a19e-46fc-8918-4e7d423281d0:192.168.151.73:33261], old=null
2019-09-25 12:38:53,152 [pool-77-thread-1] INFO  impl.RaftServerImpl (RaftServerImpl.java:setRole(174)) - 2e676ab4-a19e-46fc-8918-4e7d423281d0@group-F719D4DF08F9: changes role from      null to FOLLOWER at term 0 for startAsFollower
2019-09-25 12:38:53,152 [pool-77-thread-1] INFO  impl.RoleInfo (RoleInfo.java:updateAndGet(143)) - 2e676ab4-a19e-46fc-8918-4e7d423281d0: start FollowerState
2019-09-25 12:38:53,152 [pool-77-thread-1] INFO  util.JmxRegister (JmxRegister.java:tryRegister(44)) - Successfully registered JMX Bean with object name Ratis:service=RaftServer,group=group-F719D4DF08F9,id=2e676ab4-a19e-46fc-8918-4e7d423281d0
2019-09-25 12:38:53,156 [RatisPipelineUtilsThread] INFO  pipeline.PipelineStateManager (PipelineStateManager.java:addPipeline(56)) - Created pipeline Pipeline[ Id: 6165cf32-78e9-49ec-86e4-f719d4df08f9, Nodes: 2e676ab4-a19e-46fc-8918-4e7d423281d0{ip: 192.168.151.73, host: pr-hdds-1569-shd4m-3693607622, networkLocation: /default-rack, certSerialId: null}, Type:RATIS, Factor:ONE, State:OPEN]
2019-09-25 12:38:53,157 [RatisPipelineUtilsThread] INFO  pipeline.PipelinePlacementPolicy (PipelinePlacementPolicy.java:meetCriteria(91)) - Pipeline Placement: can't place more pipeline on heavy datanode： 2e676ab4-a19e-46fc-8918-4e7d423281d0 Heaviness: 6 limit: 5
2019-09-25 12:38:53,166 [grpc-default-executor-0] INFO  impl.RaftServerProxy (RaftServerProxy.java:addNew(89)) - 545258d5-b925-430f-abcd-ed5a31f9d81f: addNew group-937C69F91864:[545258d5-b925-430f-abcd-ed5a31f9d81f:192.168.151.73:36153] returns group-937C69F91864:java.util.concurrent.CompletableFuture@63a7ead7[Not completed]
2019-09-25 12:38:53,167 [pool-97-thread-1] INFO  impl.RaftServerImpl (RaftServerImpl.java:<init>(95)) - 545258d5-b925-430f-abcd-ed5a31f9d81f: new RaftServerImpl for group-937C69F91864:[545258d5-b925-430f-abcd-ed5a31f9d81f:192.168.151.73:36153] with ContainerStateMachine:uninitialized
2019-09-25 12:38:53,169 [pool-97-thread-1] INFO  server.RaftServerConfigKeys (ConfUtils.java:logGet(43)) - raft.server.rpc.timeout.min = 5s (custom)
2019-09-25 12:38:53,169 [pool-97-thread-1] INFO  server.RaftServerConfigKeys (ConfUtils.java:logGet(43)) - raft.server.rpc.timeout.max = 5200ms (custom)
2019-09-25 12:38:53,169 [pool-97-thread-1] INFO  server.RaftServerConfigKeys (ConfUtils.java:logGet(43)) - raft.server.rpcslowness.timeout = 120s (custom)
2019-09-25 12:38:53,169 [pool-97-thread-1] INFO  server.RaftServerConfigKeys (ConfUtils.java:logGet(43)) - raft.server.sleep.deviation.threshold = 300 (default)
2019-09-25 12:38:53,169 [pool-97-thread-1] INFO  server.RaftServerConfigKeys (ConfUtils.java:logGet(43)) - raft.server.log.appender.install.snapshot.enabled = false (custom)
2019-09-25 12:38:53,169 [pool-97-thread-1] INFO  impl.RaftServerImpl (ServerState.java:<init>(103)) - 545258d5-b925-430f-abcd-ed5a31f9d81f@group-937C69F91864: ConfigurationManager, init=-1: [545258d5-b925-430f-abcd-ed5a31f9d81f:192.168.151.73:36153], old=null, confs=<EMPTY_MAP>
2019-09-25 12:38:53,170 [pool-97-thread-1] INFO  server.RaftServerConfigKeys (ConfUtils.java:logGet(43)) - raft.server.storage.dir = [/workdir/hadoop-ozone/integration-test/target/test-dir/MiniOzoneClusterImpl-9ca535f6-0fbb-4439-9d4c-f895bd91215d/datanode-2/data/ratis] (custom)
2019-09-25 12:38:53,170 [pool-97-thread-1] INFO  storage.RaftStorageDirectory (RaftStorageDirectory.java:analyzeStorage(246)) - The storage directory /workdir/hadoop-ozone/integration-test/target/test-dir/MiniOzoneClusterImpl-9ca535f6-0fbb-4439-9d4c-f895bd91215d/datanode-2/data/ratis/2ed4a909-f8d5-40a0-96dd-937c69f91864 does not exist. Creating ...
2019-09-25 12:38:53,183 [pool-97-thread-1] INFO  storage.RaftStorageDirectory (RaftStorageDirectory.java:tryLock(328)) - Lock on /workdir/hadoop-ozone/integration-test/target/test-dir/MiniOzoneClusterImpl-9ca535f6-0fbb-4439-9d4c-f895bd91215d/datanode-2/data/ratis/2ed4a909-f8d5-40a0-96dd-937c69f91864/in_use.lock acquired by nodename 9642@pr-hdds-1569-shd4m-3693607622
2019-09-25 12:38:53,197 [pool-97-thread-1] INFO  storage.RaftStorage (RaftStorage.java:format(72)) - Storage directory /workdir/hadoop-ozone/integration-test/target/test-dir/MiniOzoneClusterImpl-9ca535f6-0fbb-4439-9d4c-f895bd91215d/datanode-2/data/ratis/2ed4a909-f8d5-40a0-96dd-937c69f91864 has been successfully formatted.
2019-09-25 12:38:53,197 [pool-97-thread-1] INFO  ratis.ContainerStateMachine (ContainerStateMachine.java:loadSnapshot(230)) - group-937C69F91864: The snapshot info is null. Setting the last applied indexto:(t:0, i:~)
2019-09-25 12:38:53,197 [pool-97-thread-1] INFO  server.RaftServerConfigKeys (ConfUtils.java:logGet(43)) - raft.server.notification.no-leader.timeout = 120s (custom)
2019-09-25 12:38:53,197 [pool-97-thread-1] INFO  server.RaftServerConfigKeys (ConfUtils.java:logGet(43)) - raft.server.log.use.memory = false (default)
2019-09-25 12:38:53,198 [pool-97-thread-1] INFO  server.RaftServerConfigKeys (ConfUtils.java:logGet(43)) - raft.server.log.purge.gap = 1000000 (custom)
2019-09-25 12:38:53,198 [pool-97-thread-1] INFO  server.RaftServerConfigKeys (ConfUtils.java:logGet(43)) - raft.server.log.appender.buffer.byte-limit = 33554432 (custom)
2019-09-25 12:38:53,198 [pool-97-thread-1] INFO  server.RaftServerConfigKeys (ConfUtils.java:logGet(43)) - raft.server.log.segment.size.max = 1048576 (custom)
2019-09-25 12:38:53,198 [pool-97-thread-1] INFO  server.RaftServerConfigKeys (ConfUtils.java:logGet(43)) - raft.server.log.segment.cache.num.max = 2 (custom)
2019-09-25 12:38:53,198 [pool-97-thread-1] INFO  segmented.SegmentedRaftLogWorker (SegmentedRaftLogWorker.java:<init>(172)) - new 545258d5-b925-430f-abcd-ed5a31f9d81f@group-937C69F91864-SegmentedRaftLogWorker for RaftStorage:Storage Directory /workdir/hadoop-ozone/integration-test/target/test-dir/MiniOzoneClusterImpl-9ca535f6-0fbb-4439-9d4c-f895bd91215d/datanode-2/data/ratis/2ed4a909-f8d5-40a0-96dd-937c69f91864
2019-09-25 12:38:53,201 [pool-97-thread-1] INFO  server.RaftServerConfigKeys (ConfUtils.java:logGet(43)) - raft.server.log.queue.byte-limit = 2147483647 (custom)
2019-09-25 12:38:53,201 [pool-97-thread-1] INFO  server.RaftServerConfigKeys (ConfUtils.java:logGet(43)) - raft.server.log.queue.element-limit = 1024 (custom)
2019-09-25 12:38:53,201 [pool-97-thread-1] INFO  server.RaftServerConfigKeys (ConfUtils.java:logGet(43)) - raft.server.log.segment.size.max = 1048576 (custom)
2019-09-25 12:38:53,201 [pool-97-thread-1] INFO  server.RaftServerConfigKeys (ConfUtils.java:logGet(43)) - raft.server.log.preallocated.size = 16384 (custom)
2019-09-25 12:38:53,201 [pool-97-thread-1] INFO  server.RaftServerConfigKeys (ConfUtils.java:logGet(43)) - raft.server.log.write.buffer.size = 33554432 (custom)
2019-09-25 12:38:53,202 [pool-97-thread-1] INFO  server.RaftServerConfigKeys (ConfUtils.java:logGet(43)) - raft.server.log.force.sync.num = 128 (default)
2019-09-25 12:38:53,202 [pool-97-thread-1] INFO  server.RaftServerConfigKeys (ConfUtils.java:logGet(43)) - raft.server.log.statemachine.data.sync = true (default)
2019-09-25 12:38:53,202 [pool-97-thread-1] INFO  server.RaftServerConfigKeys (ConfUtils.java:logGet(43)) - raft.server.log.statemachine.data.sync.timeout = 10s (default)
2019-09-25 12:38:53,202 [pool-97-thread-1] INFO  server.RaftServerConfigKeys (ConfUtils.java:logGet(43)) - raft.server.log.statemachine.data.sync.timeout.retry = -1 (default)
2019-09-25 12:38:53,202 [pool-97-thread-1] INFO  server.RaftServerConfigKeys (ConfUtils.java:logGet(43)) - raft.server.log.statemachine.data.caching.enabled = true (custom)
2019-09-25 12:38:53,203 [pool-97-thread-1] INFO  segmented.SegmentedRaftLogWorker (SegmentedRaftLogWorker.java:lambda$new$0(132)) - 545258d5-b925-430f-abcd-ed5a31f9d81f@group-937C69F91864-SegmentedRaftLogWorker: flushIndex: setUnconditionally 0 -> -1
2019-09-25 12:38:53,203 [pool-97-thread-1] INFO  server.RaftServerConfigKeys (ConfUtils.java:logGet(43)) - raft.server.snapshot.auto.trigger.enabled = true (custom)
2019-09-25 12:38:53,203 [pool-97-thread-1] INFO  server.RaftServerConfigKeys (ConfUtils.java:logGet(43)) - raft.server.snapshot.auto.trigger.threshold = 10000 (custom)
2019-09-25 12:38:53,203 [pool-97-thread-1] INFO  server.RaftServerConfigKeys (ConfUtils.java:logGet(43)) - raft.server.snapshot.retention.num.files = 5 (custom)
2019-09-25 12:38:53,204 [pool-97-thread-1] INFO  server.RaftServerConfigKeys (ConfUtils.java:logGet(43)) - raft.server.retrycache.expirytime = 600000ms (custom)
2019-09-25 12:38:53,206 [pool-97-thread-1] INFO  impl.RaftServerImpl (RaftServerImpl.java:start(185)) - 545258d5-b925-430f-abcd-ed5a31f9d81f@group-937C69F91864: start as a follower, conf=-1: [545258d5-b925-430f-abcd-ed5a31f9d81f:192.168.151.73:36153], old=null
2019-09-25 12:38:53,206 [pool-97-thread-1] INFO  impl.RaftServerImpl (RaftServerImpl.java:setRole(174)) - 545258d5-b925-430f-abcd-ed5a31f9d81f@group-937C69F91864: changes role from      null to FOLLOWER at term 0 for startAsFollower
2019-09-25 12:38:53,206 [pool-97-thread-1] INFO  impl.RoleInfo (RoleInfo.java:updateAndGet(143)) - 545258d5-b925-430f-abcd-ed5a31f9d81f: start FollowerState
2019-09-25 12:38:53,207 [pool-97-thread-1] INFO  util.JmxRegister (JmxRegister.java:tryRegister(44)) - Successfully registered JMX Bean with object name Ratis:service=RaftServer,group=group-937C69F91864,id=545258d5-b925-430f-abcd-ed5a31f9d81f
2019-09-25 12:38:53,212 [RatisPipelineUtilsThread] INFO  pipeline.PipelineStateManager (PipelineStateManager.java:addPipeline(56)) - Created pipeline Pipeline[ Id: 2ed4a909-f8d5-40a0-96dd-937c69f91864, Nodes: 545258d5-b925-430f-abcd-ed5a31f9d81f{ip: 192.168.151.73, host: pr-hdds-1569-shd4m-3693607622, networkLocation: /default-rack, certSerialId: null}, Type:RATIS, Factor:ONE, State:OPEN]
2019-09-25 12:38:53,212 [RatisPipelineUtilsThread] INFO  pipeline.PipelinePlacementPolicy (PipelinePlacementPolicy.java:meetCriteria(91)) - Pipeline Placement: can't place more pipeline on heavy datanode： 2e676ab4-a19e-46fc-8918-4e7d423281d0 Heaviness: 6 limit: 5
2019-09-25 12:38:53,223 [grpc-default-executor-0] INFO  impl.RaftServerProxy (RaftServerProxy.java:addNew(89)) - ca279908-bd5b-4fc8-be99-e482437196bd: addNew group-DDC3DCF656A1:[ca279908-bd5b-4fc8-be99-e482437196bd:192.168.151.73:36656] returns group-DDC3DCF656A1:java.util.concurrent.CompletableFuture@31a3a301[Not completed]
2019-09-25 12:38:53,226 [pool-87-thread-1] INFO  impl.RaftServerImpl (RaftServerImpl.java:<init>(95)) - ca279908-bd5b-4fc8-be99-e482437196bd: new RaftServerImpl for group-DDC3DCF656A1:[ca279908-bd5b-4fc8-be99-e482437196bd:192.168.151.73:36656] with ContainerStateMachine:uninitialized
2019-09-25 12:38:53,226 [pool-87-thread-1] INFO  server.RaftServerConfigKeys (ConfUtils.java:logGet(43)) - raft.server.rpc.timeout.min = 5s (custom)
2019-09-25 12:38:53,227 [pool-87-thread-1] INFO  server.RaftServerConfigKeys (ConfUtils.java:logGet(43)) - raft.server.rpc.timeout.max = 5200ms (custom)
2019-09-25 12:38:53,227 [pool-87-thread-1] INFO  server.RaftServerConfigKeys (ConfUtils.java:logGet(43)) - raft.server.rpcslowness.timeout = 120s (custom)
2019-09-25 12:38:53,227 [pool-87-thread-1] INFO  server.RaftServerConfigKeys (ConfUtils.java:logGet(43)) - raft.server.sleep.deviation.threshold = 300 (default)
2019-09-25 12:38:53,227 [pool-87-thread-1] INFO  server.RaftServerConfigKeys (ConfUtils.java:logGet(43)) - raft.server.log.appender.install.snapshot.enabled = false (custom)
2019-09-25 12:38:53,227 [pool-87-thread-1] INFO  impl.RaftServerImpl (ServerState.java:<init>(103)) - ca279908-bd5b-4fc8-be99-e482437196bd@group-DDC3DCF656A1: ConfigurationManager, init=-1: [ca279908-bd5b-4fc8-be99-e482437196bd:192.168.151.73:36656], old=null, confs=<EMPTY_MAP>
2019-09-25 12:38:53,227 [pool-87-thread-1] INFO  server.RaftServerConfigKeys (ConfUtils.java:logGet(43)) - raft.server.storage.dir = [/workdir/hadoop-ozone/integration-test/target/test-dir/MiniOzoneClusterImpl-9ca535f6-0fbb-4439-9d4c-f895bd91215d/datanode-1/data/ratis] (custom)
2019-09-25 12:38:53,228 [pool-87-thread-1] INFO  storage.RaftStorageDirectory (RaftStorageDirectory.java:analyzeStorage(246)) - The storage directory /workdir/hadoop-ozone/integration-test/target/test-dir/MiniOzoneClusterImpl-9ca535f6-0fbb-4439-9d4c-f895bd91215d/datanode-1/data/ratis/24d60b2f-9369-4d83-8e25-ddc3dcf656a1 does not exist. Creating ...
2019-09-25 12:38:53,240 [pool-87-thread-1] INFO  storage.RaftStorageDirectory (RaftStorageDirectory.java:tryLock(328)) - Lock on /workdir/hadoop-ozone/integration-test/target/test-dir/MiniOzoneClusterImpl-9ca535f6-0fbb-4439-9d4c-f895bd91215d/datanode-1/data/ratis/24d60b2f-9369-4d83-8e25-ddc3dcf656a1/in_use.lock acquired by nodename 9642@pr-hdds-1569-shd4m-3693607622
2019-09-25 12:38:53,253 [pool-87-thread-1] INFO  storage.RaftStorage (RaftStorage.java:format(72)) - Storage directory /workdir/hadoop-ozone/integration-test/target/test-dir/MiniOzoneClusterImpl-9ca535f6-0fbb-4439-9d4c-f895bd91215d/datanode-1/data/ratis/24d60b2f-9369-4d83-8e25-ddc3dcf656a1 has been successfully formatted.
2019-09-25 12:38:53,253 [pool-87-thread-1] INFO  ratis.ContainerStateMachine (ContainerStateMachine.java:loadSnapshot(230)) - group-DDC3DCF656A1: The snapshot info is null. Setting the last applied indexto:(t:0, i:~)
2019-09-25 12:38:53,253 [pool-87-thread-1] INFO  server.RaftServerConfigKeys (ConfUtils.java:logGet(43)) - raft.server.notification.no-leader.timeout = 120s (custom)
2019-09-25 12:38:53,254 [pool-87-thread-1] INFO  server.RaftServerConfigKeys (ConfUtils.java:logGet(43)) - raft.server.log.use.memory = false (default)
2019-09-25 12:38:53,254 [pool-87-thread-1] INFO  server.RaftServerConfigKeys (ConfUtils.java:logGet(43)) - raft.server.log.purge.gap = 1000000 (custom)
2019-09-25 12:38:53,254 [pool-87-thread-1] INFO  server.RaftServerConfigKeys (ConfUtils.java:logGet(43)) - raft.server.log.appender.buffer.byte-limit = 33554432 (custom)
2019-09-25 12:38:53,254 [pool-87-thread-1] INFO  server.RaftServerConfigKeys (ConfUtils.java:logGet(43)) - raft.server.log.segment.size.max = 1048576 (custom)
2019-09-25 12:38:53,254 [pool-87-thread-1] INFO  server.RaftServerConfigKeys (ConfUtils.java:logGet(43)) - raft.server.log.segment.cache.num.max = 2 (custom)
2019-09-25 12:38:53,254 [pool-87-thread-1] INFO  segmented.SegmentedRaftLogWorker (SegmentedRaftLogWorker.java:<init>(172)) - new ca279908-bd5b-4fc8-be99-e482437196bd@group-DDC3DCF656A1-SegmentedRaftLogWorker for RaftStorage:Storage Directory /workdir/hadoop-ozone/integration-test/target/test-dir/MiniOzoneClusterImpl-9ca535f6-0fbb-4439-9d4c-f895bd91215d/datanode-1/data/ratis/24d60b2f-9369-4d83-8e25-ddc3dcf656a1
2019-09-25 12:38:53,256 [pool-87-thread-1] INFO  server.RaftServerConfigKeys (ConfUtils.java:logGet(43)) - raft.server.log.queue.byte-limit = 2147483647 (custom)
2019-09-25 12:38:53,256 [pool-87-thread-1] INFO  server.RaftServerConfigKeys (ConfUtils.java:logGet(43)) - raft.server.log.queue.element-limit = 1024 (custom)
2019-09-25 12:38:53,256 [pool-87-thread-1] INFO  server.RaftServerConfigKeys (ConfUtils.java:logGet(43)) - raft.server.log.segment.size.max = 1048576 (custom)
2019-09-25 12:38:53,257 [pool-87-thread-1] INFO  server.RaftServerConfigKeys (ConfUtils.java:logGet(43)) - raft.server.log.preallocated.size = 16384 (custom)
2019-09-25 12:38:53,257 [pool-87-thread-1] INFO  server.RaftServerConfigKeys (ConfUtils.java:logGet(43)) - raft.server.log.write.buffer.size = 33554432 (custom)
2019-09-25 12:38:53,257 [pool-87-thread-1] INFO  server.RaftServerConfigKeys (ConfUtils.java:logGet(43)) - raft.server.log.force.sync.num = 128 (default)
2019-09-25 12:38:53,257 [pool-87-thread-1] INFO  server.RaftServerConfigKeys (ConfUtils.java:logGet(43)) - raft.server.log.statemachine.data.sync = true (default)
2019-09-25 12:38:53,257 [pool-87-thread-1] INFO  server.RaftServerConfigKeys (ConfUtils.java:logGet(43)) - raft.server.log.statemachine.data.sync.timeout = 10s (default)
2019-09-25 12:38:53,257 [pool-87-thread-1] INFO  server.RaftServerConfigKeys (ConfUtils.java:logGet(43)) - raft.server.log.statemachine.data.sync.timeout.retry = -1 (default)
2019-09-25 12:38:53,257 [pool-87-thread-1] INFO  server.RaftServerConfigKeys (ConfUtils.java:logGet(43)) - raft.server.log.statemachine.data.caching.enabled = true (custom)
2019-09-25 12:38:53,258 [pool-87-thread-1] INFO  segmented.SegmentedRaftLogWorker (SegmentedRaftLogWorker.java:lambda$new$0(132)) - ca279908-bd5b-4fc8-be99-e482437196bd@group-DDC3DCF656A1-SegmentedRaftLogWorker: flushIndex: setUnconditionally 0 -> -1
2019-09-25 12:38:53,258 [pool-87-thread-1] INFO  server.RaftServerConfigKeys (ConfUtils.java:logGet(43)) - raft.server.snapshot.auto.trigger.enabled = true (custom)
2019-09-25 12:38:53,258 [pool-87-thread-1] INFO  server.RaftServerConfigKeys (ConfUtils.java:logGet(43)) - raft.server.snapshot.auto.trigger.threshold = 10000 (custom)
2019-09-25 12:38:53,258 [pool-87-thread-1] INFO  server.RaftServerConfigKeys (ConfUtils.java:logGet(43)) - raft.server.snapshot.retention.num.files = 5 (custom)
2019-09-25 12:38:53,258 [pool-87-thread-1] INFO  server.RaftServerConfigKeys (ConfUtils.java:logGet(43)) - raft.server.retrycache.expirytime = 600000ms (custom)
2019-09-25 12:38:53,260 [pool-87-thread-1] INFO  impl.RaftServerImpl (RaftServerImpl.java:start(185)) - ca279908-bd5b-4fc8-be99-e482437196bd@group-DDC3DCF656A1: start as a follower, conf=-1: [ca279908-bd5b-4fc8-be99-e482437196bd:192.168.151.73:36656], old=null
2019-09-25 12:38:53,260 [pool-87-thread-1] INFO  impl.RaftServerImpl (RaftServerImpl.java:setRole(174)) - ca279908-bd5b-4fc8-be99-e482437196bd@group-DDC3DCF656A1: changes role from      null to FOLLOWER at term 0 for startAsFollower
2019-09-25 12:38:53,261 [pool-87-thread-1] INFO  impl.RoleInfo (RoleInfo.java:updateAndGet(143)) - ca279908-bd5b-4fc8-be99-e482437196bd: start FollowerState
2019-09-25 12:38:53,261 [pool-87-thread-1] INFO  util.JmxRegister (JmxRegister.java:tryRegister(44)) - Successfully registered JMX Bean with object name Ratis:service=RaftServer,group=group-DDC3DCF656A1,id=ca279908-bd5b-4fc8-be99-e482437196bd
2019-09-25 12:38:53,267 [RatisPipelineUtilsThread] INFO  pipeline.PipelineStateManager (PipelineStateManager.java:addPipeline(56)) - Created pipeline Pipeline[ Id: 24d60b2f-9369-4d83-8e25-ddc3dcf656a1, Nodes: ca279908-bd5b-4fc8-be99-e482437196bd{ip: 192.168.151.73, host: pr-hdds-1569-shd4m-3693607622, networkLocation: /default-rack, certSerialId: null}, Type:RATIS, Factor:ONE, State:OPEN]
2019-09-25 12:38:53,267 [RatisPipelineUtilsThread] INFO  pipeline.PipelinePlacementPolicy (PipelinePlacementPolicy.java:meetCriteria(91)) - Pipeline Placement: can't place more pipeline on heavy datanode： 2e676ab4-a19e-46fc-8918-4e7d423281d0 Heaviness: 6 limit: 5
2019-09-25 12:38:53,277 [grpc-default-executor-0] INFO  impl.RaftServerProxy (RaftServerProxy.java:addNew(89)) - ca279908-bd5b-4fc8-be99-e482437196bd: addNew group-D8C70EE5A929:[ca279908-bd5b-4fc8-be99-e482437196bd:192.168.151.73:36656] returns group-D8C70EE5A929:java.util.concurrent.CompletableFuture@56176ccb[Not completed]
2019-09-25 12:38:53,278 [pool-87-thread-1] INFO  impl.RaftServerImpl (RaftServerImpl.java:<init>(95)) - ca279908-bd5b-4fc8-be99-e482437196bd: new RaftServerImpl for group-D8C70EE5A929:[ca279908-bd5b-4fc8-be99-e482437196bd:192.168.151.73:36656] with ContainerStateMachine:uninitialized
2019-09-25 12:38:53,278 [pool-87-thread-1] INFO  server.RaftServerConfigKeys (ConfUtils.java:logGet(43)) - raft.server.rpc.timeout.min = 5s (custom)
2019-09-25 12:38:53,278 [pool-87-thread-1] INFO  server.RaftServerConfigKeys (ConfUtils.java:logGet(43)) - raft.server.rpc.timeout.max = 5200ms (custom)
2019-09-25 12:38:53,278 [pool-87-thread-1] INFO  server.RaftServerConfigKeys (ConfUtils.java:logGet(43)) - raft.server.rpcslowness.timeout = 120s (custom)
2019-09-25 12:38:53,278 [pool-87-thread-1] INFO  server.RaftServerConfigKeys (ConfUtils.java:logGet(43)) - raft.server.sleep.deviation.threshold = 300 (default)
2019-09-25 12:38:53,279 [pool-87-thread-1] INFO  server.RaftServerConfigKeys (ConfUtils.java:logGet(43)) - raft.server.log.appender.install.snapshot.enabled = false (custom)
2019-09-25 12:38:53,279 [pool-87-thread-1] INFO  impl.RaftServerImpl (ServerState.java:<init>(103)) - ca279908-bd5b-4fc8-be99-e482437196bd@group-D8C70EE5A929: ConfigurationManager, init=-1: [ca279908-bd5b-4fc8-be99-e482437196bd:192.168.151.73:36656], old=null, confs=<EMPTY_MAP>
2019-09-25 12:38:53,279 [pool-87-thread-1] INFO  server.RaftServerConfigKeys (ConfUtils.java:logGet(43)) - raft.server.storage.dir = [/workdir/hadoop-ozone/integration-test/target/test-dir/MiniOzoneClusterImpl-9ca535f6-0fbb-4439-9d4c-f895bd91215d/datanode-1/data/ratis] (custom)
2019-09-25 12:38:53,279 [pool-87-thread-1] INFO  storage.RaftStorageDirectory (RaftStorageDirectory.java:analyzeStorage(246)) - The storage directory /workdir/hadoop-ozone/integration-test/target/test-dir/MiniOzoneClusterImpl-9ca535f6-0fbb-4439-9d4c-f895bd91215d/datanode-1/data/ratis/7602b30c-a9be-476b-89b5-d8c70ee5a929 does not exist. Creating ...
2019-09-25 12:38:53,292 [pool-87-thread-1] INFO  storage.RaftStorageDirectory (RaftStorageDirectory.java:tryLock(328)) - Lock on /workdir/hadoop-ozone/integration-test/target/test-dir/MiniOzoneClusterImpl-9ca535f6-0fbb-4439-9d4c-f895bd91215d/datanode-1/data/ratis/7602b30c-a9be-476b-89b5-d8c70ee5a929/in_use.lock acquired by nodename 9642@pr-hdds-1569-shd4m-3693607622
2019-09-25 12:38:53,304 [pool-87-thread-1] INFO  storage.RaftStorage (RaftStorage.java:format(72)) - Storage directory /workdir/hadoop-ozone/integration-test/target/test-dir/MiniOzoneClusterImpl-9ca535f6-0fbb-4439-9d4c-f895bd91215d/datanode-1/data/ratis/7602b30c-a9be-476b-89b5-d8c70ee5a929 has been successfully formatted.
2019-09-25 12:38:53,304 [pool-87-thread-1] INFO  ratis.ContainerStateMachine (ContainerStateMachine.java:loadSnapshot(230)) - group-D8C70EE5A929: The snapshot info is null. Setting the last applied indexto:(t:0, i:~)
2019-09-25 12:38:53,304 [pool-87-thread-1] INFO  server.RaftServerConfigKeys (ConfUtils.java:logGet(43)) - raft.server.notification.no-leader.timeout = 120s (custom)
2019-09-25 12:38:53,304 [pool-87-thread-1] INFO  server.RaftServerConfigKeys (ConfUtils.java:logGet(43)) - raft.server.log.use.memory = false (default)
2019-09-25 12:38:53,304 [pool-87-thread-1] INFO  server.RaftServerConfigKeys (ConfUtils.java:logGet(43)) - raft.server.log.purge.gap = 1000000 (custom)
2019-09-25 12:38:53,304 [pool-87-thread-1] INFO  server.RaftServerConfigKeys (ConfUtils.java:logGet(43)) - raft.server.log.appender.buffer.byte-limit = 33554432 (custom)
2019-09-25 12:38:53,305 [pool-87-thread-1] INFO  server.RaftServerConfigKeys (ConfUtils.java:logGet(43)) - raft.server.log.segment.size.max = 1048576 (custom)
2019-09-25 12:38:53,305 [pool-87-thread-1] INFO  server.RaftServerConfigKeys (ConfUtils.java:logGet(43)) - raft.server.log.segment.cache.num.max = 2 (custom)
2019-09-25 12:38:53,305 [pool-87-thread-1] INFO  segmented.SegmentedRaftLogWorker (SegmentedRaftLogWorker.java:<init>(172)) - new ca279908-bd5b-4fc8-be99-e482437196bd@group-D8C70EE5A929-SegmentedRaftLogWorker for RaftStorage:Storage Directory /workdir/hadoop-ozone/integration-test/target/test-dir/MiniOzoneClusterImpl-9ca535f6-0fbb-4439-9d4c-f895bd91215d/datanode-1/data/ratis/7602b30c-a9be-476b-89b5-d8c70ee5a929
2019-09-25 12:38:53,305 [pool-87-thread-1] INFO  server.RaftServerConfigKeys (ConfUtils.java:logGet(43)) - raft.server.log.queue.byte-limit = 2147483647 (custom)
2019-09-25 12:38:53,305 [pool-87-thread-1] INFO  server.RaftServerConfigKeys (ConfUtils.java:logGet(43)) - raft.server.log.queue.element-limit = 1024 (custom)
2019-09-25 12:38:53,305 [pool-87-thread-1] INFO  server.RaftServerConfigKeys (ConfUtils.java:logGet(43)) - raft.server.log.segment.size.max = 1048576 (custom)
2019-09-25 12:38:53,305 [pool-87-thread-1] INFO  server.RaftServerConfigKeys (ConfUtils.java:logGet(43)) - raft.server.log.preallocated.size = 16384 (custom)
2019-09-25 12:38:53,305 [pool-87-thread-1] INFO  server.RaftServerConfigKeys (ConfUtils.java:logGet(43)) - raft.server.log.write.buffer.size = 33554432 (custom)
2019-09-25 12:38:53,305 [pool-87-thread-1] INFO  server.RaftServerConfigKeys (ConfUtils.java:logGet(43)) - raft.server.log.force.sync.num = 128 (default)
2019-09-25 12:38:53,305 [pool-87-thread-1] INFO  server.RaftServerConfigKeys (ConfUtils.java:logGet(43)) - raft.server.log.statemachine.data.sync = true (default)
2019-09-25 12:38:53,306 [pool-87-thread-1] INFO  server.RaftServerConfigKeys (ConfUtils.java:logGet(43)) - raft.server.log.statemachine.data.sync.timeout = 10s (default)
2019-09-25 12:38:53,306 [pool-87-thread-1] INFO  server.RaftServerConfigKeys (ConfUtils.java:logGet(43)) - raft.server.log.statemachine.data.sync.timeout.retry = -1 (default)
2019-09-25 12:38:53,306 [pool-87-thread-1] INFO  server.RaftServerConfigKeys (ConfUtils.java:logGet(43)) - raft.server.log.statemachine.data.caching.enabled = true (custom)
2019-09-25 12:38:53,306 [pool-87-thread-1] INFO  segmented.SegmentedRaftLogWorker (SegmentedRaftLogWorker.java:lambda$new$0(132)) - ca279908-bd5b-4fc8-be99-e482437196bd@group-D8C70EE5A929-SegmentedRaftLogWorker: flushIndex: setUnconditionally 0 -> -1
2019-09-25 12:38:53,306 [pool-87-thread-1] INFO  server.RaftServerConfigKeys (ConfUtils.java:logGet(43)) - raft.server.snapshot.auto.trigger.enabled = true (custom)
2019-09-25 12:38:53,306 [pool-87-thread-1] INFO  server.RaftServerConfigKeys (ConfUtils.java:logGet(43)) - raft.server.snapshot.auto.trigger.threshold = 10000 (custom)
2019-09-25 12:38:53,306 [pool-87-thread-1] INFO  server.RaftServerConfigKeys (ConfUtils.java:logGet(43)) - raft.server.snapshot.retention.num.files = 5 (custom)
2019-09-25 12:38:53,307 [pool-87-thread-1] INFO  server.RaftServerConfigKeys (ConfUtils.java:logGet(43)) - raft.server.retrycache.expirytime = 600000ms (custom)
2019-09-25 12:38:53,308 [pool-87-thread-1] INFO  impl.RaftServerImpl (RaftServerImpl.java:start(185)) - ca279908-bd5b-4fc8-be99-e482437196bd@group-D8C70EE5A929: start as a follower, conf=-1: [ca279908-bd5b-4fc8-be99-e482437196bd:192.168.151.73:36656], old=null
2019-09-25 12:38:53,308 [pool-87-thread-1] INFO  impl.RaftServerImpl (RaftServerImpl.java:setRole(174)) - ca279908-bd5b-4fc8-be99-e482437196bd@group-D8C70EE5A929: changes role from      null to FOLLOWER at term 0 for startAsFollower
2019-09-25 12:38:53,308 [pool-87-thread-1] INFO  impl.RoleInfo (RoleInfo.java:updateAndGet(143)) - ca279908-bd5b-4fc8-be99-e482437196bd: start FollowerState
2019-09-25 12:38:53,309 [pool-87-thread-1] INFO  util.JmxRegister (JmxRegister.java:tryRegister(44)) - Successfully registered JMX Bean with object name Ratis:service=RaftServer,group=group-D8C70EE5A929,id=ca279908-bd5b-4fc8-be99-e482437196bd
2019-09-25 12:38:53,313 [RatisPipelineUtilsThread] INFO  pipeline.PipelineStateManager (PipelineStateManager.java:addPipeline(56)) - Created pipeline Pipeline[ Id: 7602b30c-a9be-476b-89b5-d8c70ee5a929, Nodes: ca279908-bd5b-4fc8-be99-e482437196bd{ip: 192.168.151.73, host: pr-hdds-1569-shd4m-3693607622, networkLocation: /default-rack, certSerialId: null}, Type:RATIS, Factor:ONE, State:OPEN]
2019-09-25 12:38:53,313 [RatisPipelineUtilsThread] INFO  pipeline.PipelinePlacementPolicy (PipelinePlacementPolicy.java:meetCriteria(91)) - Pipeline Placement: can't place more pipeline on heavy datanode： 2e676ab4-a19e-46fc-8918-4e7d423281d0 Heaviness: 6 limit: 5
2019-09-25 12:38:53,321 [grpc-default-executor-0] INFO  impl.RaftServerProxy (RaftServerProxy.java:addNew(89)) - ca279908-bd5b-4fc8-be99-e482437196bd: addNew group-E3503B24F247:[ca279908-bd5b-4fc8-be99-e482437196bd:192.168.151.73:36656] returns group-E3503B24F247:java.util.concurrent.CompletableFuture@292408e2[Not completed]
2019-09-25 12:38:53,322 [pool-87-thread-1] INFO  impl.RaftServerImpl (RaftServerImpl.java:<init>(95)) - ca279908-bd5b-4fc8-be99-e482437196bd: new RaftServerImpl for group-E3503B24F247:[ca279908-bd5b-4fc8-be99-e482437196bd:192.168.151.73:36656] with ContainerStateMachine:uninitialized
2019-09-25 12:38:53,322 [pool-87-thread-1] INFO  server.RaftServerConfigKeys (ConfUtils.java:logGet(43)) - raft.server.rpc.timeout.min = 5s (custom)
2019-09-25 12:38:53,322 [pool-87-thread-1] INFO  server.RaftServerConfigKeys (ConfUtils.java:logGet(43)) - raft.server.rpc.timeout.max = 5200ms (custom)
2019-09-25 12:38:53,322 [pool-87-thread-1] INFO  server.RaftServerConfigKeys (ConfUtils.java:logGet(43)) - raft.server.rpcslowness.timeout = 120s (custom)
2019-09-25 12:38:53,322 [pool-87-thread-1] INFO  server.RaftServerConfigKeys (ConfUtils.java:logGet(43)) - raft.server.sleep.deviation.threshold = 300 (default)
2019-09-25 12:38:53,322 [pool-87-thread-1] INFO  server.RaftServerConfigKeys (ConfUtils.java:logGet(43)) - raft.server.log.appender.install.snapshot.enabled = false (custom)
2019-09-25 12:38:53,322 [pool-87-thread-1] INFO  impl.RaftServerImpl (ServerState.java:<init>(103)) - ca279908-bd5b-4fc8-be99-e482437196bd@group-E3503B24F247: ConfigurationManager, init=-1: [ca279908-bd5b-4fc8-be99-e482437196bd:192.168.151.73:36656], old=null, confs=<EMPTY_MAP>
2019-09-25 12:38:53,322 [pool-87-thread-1] INFO  server.RaftServerConfigKeys (ConfUtils.java:logGet(43)) - raft.server.storage.dir = [/workdir/hadoop-ozone/integration-test/target/test-dir/MiniOzoneClusterImpl-9ca535f6-0fbb-4439-9d4c-f895bd91215d/datanode-1/data/ratis] (custom)
2019-09-25 12:38:53,323 [pool-87-thread-1] INFO  storage.RaftStorageDirectory (RaftStorageDirectory.java:analyzeStorage(246)) - The storage directory /workdir/hadoop-ozone/integration-test/target/test-dir/MiniOzoneClusterImpl-9ca535f6-0fbb-4439-9d4c-f895bd91215d/datanode-1/data/ratis/eb4dc2dd-d8ea-40df-ad26-e3503b24f247 does not exist. Creating ...
2019-09-25 12:38:53,335 [pool-87-thread-1] INFO  storage.RaftStorageDirectory (RaftStorageDirectory.java:tryLock(328)) - Lock on /workdir/hadoop-ozone/integration-test/target/test-dir/MiniOzoneClusterImpl-9ca535f6-0fbb-4439-9d4c-f895bd91215d/datanode-1/data/ratis/eb4dc2dd-d8ea-40df-ad26-e3503b24f247/in_use.lock acquired by nodename 9642@pr-hdds-1569-shd4m-3693607622
2019-09-25 12:38:53,347 [pool-87-thread-1] INFO  storage.RaftStorage (RaftStorage.java:format(72)) - Storage directory /workdir/hadoop-ozone/integration-test/target/test-dir/MiniOzoneClusterImpl-9ca535f6-0fbb-4439-9d4c-f895bd91215d/datanode-1/data/ratis/eb4dc2dd-d8ea-40df-ad26-e3503b24f247 has been successfully formatted.
2019-09-25 12:38:53,347 [pool-87-thread-1] INFO  ratis.ContainerStateMachine (ContainerStateMachine.java:loadSnapshot(230)) - group-E3503B24F247: The snapshot info is null. Setting the last applied indexto:(t:0, i:~)
2019-09-25 12:38:53,348 [pool-87-thread-1] INFO  server.RaftServerConfigKeys (ConfUtils.java:logGet(43)) - raft.server.notification.no-leader.timeout = 120s (custom)
2019-09-25 12:38:53,348 [pool-87-thread-1] INFO  server.RaftServerConfigKeys (ConfUtils.java:logGet(43)) - raft.server.log.use.memory = false (default)
2019-09-25 12:38:53,348 [pool-87-thread-1] INFO  server.RaftServerConfigKeys (ConfUtils.java:logGet(43)) - raft.server.log.purge.gap = 1000000 (custom)
2019-09-25 12:38:53,348 [pool-87-thread-1] INFO  server.RaftServerConfigKeys (ConfUtils.java:logGet(43)) - raft.server.log.appender.buffer.byte-limit = 33554432 (custom)
2019-09-25 12:38:53,348 [pool-87-thread-1] INFO  server.RaftServerConfigKeys (ConfUtils.java:logGet(43)) - raft.server.log.segment.size.max = 1048576 (custom)
2019-09-25 12:38:53,348 [pool-87-thread-1] INFO  server.RaftServerConfigKeys (ConfUtils.java:logGet(43)) - raft.server.log.segment.cache.num.max = 2 (custom)
2019-09-25 12:38:53,348 [pool-87-thread-1] INFO  segmented.SegmentedRaftLogWorker (SegmentedRaftLogWorker.java:<init>(172)) - new ca279908-bd5b-4fc8-be99-e482437196bd@group-E3503B24F247-SegmentedRaftLogWorker for RaftStorage:Storage Directory /workdir/hadoop-ozone/integration-test/target/test-dir/MiniOzoneClusterImpl-9ca535f6-0fbb-4439-9d4c-f895bd91215d/datanode-1/data/ratis/eb4dc2dd-d8ea-40df-ad26-e3503b24f247
2019-09-25 12:38:53,348 [pool-87-thread-1] INFO  server.RaftServerConfigKeys (ConfUtils.java:logGet(43)) - raft.server.log.queue.byte-limit = 2147483647 (custom)
2019-09-25 12:38:53,349 [pool-87-thread-1] INFO  server.RaftServerConfigKeys (ConfUtils.java:logGet(43)) - raft.server.log.queue.element-limit = 1024 (custom)
2019-09-25 12:38:53,349 [pool-87-thread-1] INFO  server.RaftServerConfigKeys (ConfUtils.java:logGet(43)) - raft.server.log.segment.size.max = 1048576 (custom)
2019-09-25 12:38:53,349 [pool-87-thread-1] INFO  server.RaftServerConfigKeys (ConfUtils.java:logGet(43)) - raft.server.log.preallocated.size = 16384 (custom)
2019-09-25 12:38:53,349 [pool-87-thread-1] INFO  server.RaftServerConfigKeys (ConfUtils.java:logGet(43)) - raft.server.log.write.buffer.size = 33554432 (custom)
2019-09-25 12:38:53,349 [pool-87-thread-1] INFO  server.RaftServerConfigKeys (ConfUtils.java:logGet(43)) - raft.server.log.force.sync.num = 128 (default)
2019-09-25 12:38:53,350 [pool-87-thread-1] INFO  server.RaftServerConfigKeys (ConfUtils.java:logGet(43)) - raft.server.log.statemachine.data.sync = true (default)
2019-09-25 12:38:53,350 [pool-87-thread-1] INFO  server.RaftServerConfigKeys (ConfUtils.java:logGet(43)) - raft.server.log.statemachine.data.sync.timeout = 10s (default)
2019-09-25 12:38:53,350 [pool-87-thread-1] INFO  server.RaftServerConfigKeys (ConfUtils.java:logGet(43)) - raft.server.log.statemachine.data.sync.timeout.retry = -1 (default)
2019-09-25 12:38:53,350 [pool-87-thread-1] INFO  server.RaftServerConfigKeys (ConfUtils.java:logGet(43)) - raft.server.log.statemachine.data.caching.enabled = true (custom)
2019-09-25 12:38:53,351 [pool-87-thread-1] INFO  segmented.SegmentedRaftLogWorker (SegmentedRaftLogWorker.java:lambda$new$0(132)) - ca279908-bd5b-4fc8-be99-e482437196bd@group-E3503B24F247-SegmentedRaftLogWorker: flushIndex: setUnconditionally 0 -> -1
2019-09-25 12:38:53,351 [pool-87-thread-1] INFO  server.RaftServerConfigKeys (ConfUtils.java:logGet(43)) - raft.server.snapshot.auto.trigger.enabled = true (custom)
2019-09-25 12:38:53,351 [pool-87-thread-1] INFO  server.RaftServerConfigKeys (ConfUtils.java:logGet(43)) - raft.server.snapshot.auto.trigger.threshold = 10000 (custom)
2019-09-25 12:38:53,351 [pool-87-thread-1] INFO  server.RaftServerConfigKeys (ConfUtils.java:logGet(43)) - raft.server.snapshot.retention.num.files = 5 (custom)
2019-09-25 12:38:53,352 [pool-87-thread-1] INFO  server.RaftServerConfigKeys (ConfUtils.java:logGet(43)) - raft.server.retrycache.expirytime = 600000ms (custom)
2019-09-25 12:38:53,355 [pool-87-thread-1] INFO  impl.RaftServerImpl (RaftServerImpl.java:start(185)) - ca279908-bd5b-4fc8-be99-e482437196bd@group-E3503B24F247: start as a follower, conf=-1: [ca279908-bd5b-4fc8-be99-e482437196bd:192.168.151.73:36656], old=null
2019-09-25 12:38:53,355 [pool-87-thread-1] INFO  impl.RaftServerImpl (RaftServerImpl.java:setRole(174)) - ca279908-bd5b-4fc8-be99-e482437196bd@group-E3503B24F247: changes role from      null to FOLLOWER at term 0 for startAsFollower
2019-09-25 12:38:53,355 [pool-87-thread-1] INFO  impl.RoleInfo (RoleInfo.java:updateAndGet(143)) - ca279908-bd5b-4fc8-be99-e482437196bd: start FollowerState
2019-09-25 12:38:53,355 [pool-87-thread-1] INFO  util.JmxRegister (JmxRegister.java:tryRegister(44)) - Successfully registered JMX Bean with object name Ratis:service=RaftServer,group=group-E3503B24F247,id=ca279908-bd5b-4fc8-be99-e482437196bd
2019-09-25 12:38:53,359 [RatisPipelineUtilsThread] INFO  pipeline.PipelineStateManager (PipelineStateManager.java:addPipeline(56)) - Created pipeline Pipeline[ Id: eb4dc2dd-d8ea-40df-ad26-e3503b24f247, Nodes: ca279908-bd5b-4fc8-be99-e482437196bd{ip: 192.168.151.73, host: pr-hdds-1569-shd4m-3693607622, networkLocation: /default-rack, certSerialId: null}, Type:RATIS, Factor:ONE, State:OPEN]
2019-09-25 12:38:53,359 [RatisPipelineUtilsThread] INFO  pipeline.PipelinePlacementPolicy (PipelinePlacementPolicy.java:meetCriteria(91)) - Pipeline Placement: can't place more pipeline on heavy datanode： 2e676ab4-a19e-46fc-8918-4e7d423281d0 Heaviness: 6 limit: 5
2019-09-25 12:38:53,368 [grpc-default-executor-0] INFO  impl.RaftServerProxy (RaftServerProxy.java:addNew(89)) - ca279908-bd5b-4fc8-be99-e482437196bd: addNew group-8C1F24CCABE2:[ca279908-bd5b-4fc8-be99-e482437196bd:192.168.151.73:36656] returns group-8C1F24CCABE2:java.util.concurrent.CompletableFuture@591e638f[Not completed]
2019-09-25 12:38:53,369 [pool-87-thread-1] INFO  impl.RaftServerImpl (RaftServerImpl.java:<init>(95)) - ca279908-bd5b-4fc8-be99-e482437196bd: new RaftServerImpl for group-8C1F24CCABE2:[ca279908-bd5b-4fc8-be99-e482437196bd:192.168.151.73:36656] with ContainerStateMachine:uninitialized
2019-09-25 12:38:53,369 [pool-87-thread-1] INFO  server.RaftServerConfigKeys (ConfUtils.java:logGet(43)) - raft.server.rpc.timeout.min = 5s (custom)
2019-09-25 12:38:53,369 [pool-87-thread-1] INFO  server.RaftServerConfigKeys (ConfUtils.java:logGet(43)) - raft.server.rpc.timeout.max = 5200ms (custom)
2019-09-25 12:38:53,369 [pool-87-thread-1] INFO  server.RaftServerConfigKeys (ConfUtils.java:logGet(43)) - raft.server.rpcslowness.timeout = 120s (custom)
2019-09-25 12:38:53,370 [pool-87-thread-1] INFO  server.RaftServerConfigKeys (ConfUtils.java:logGet(43)) - raft.server.sleep.deviation.threshold = 300 (default)
2019-09-25 12:38:53,370 [pool-87-thread-1] INFO  server.RaftServerConfigKeys (ConfUtils.java:logGet(43)) - raft.server.log.appender.install.snapshot.enabled = false (custom)
2019-09-25 12:38:53,370 [pool-87-thread-1] INFO  impl.RaftServerImpl (ServerState.java:<init>(103)) - ca279908-bd5b-4fc8-be99-e482437196bd@group-8C1F24CCABE2: ConfigurationManager, init=-1: [ca279908-bd5b-4fc8-be99-e482437196bd:192.168.151.73:36656], old=null, confs=<EMPTY_MAP>
2019-09-25 12:38:53,370 [pool-87-thread-1] INFO  server.RaftServerConfigKeys (ConfUtils.java:logGet(43)) - raft.server.storage.dir = [/workdir/hadoop-ozone/integration-test/target/test-dir/MiniOzoneClusterImpl-9ca535f6-0fbb-4439-9d4c-f895bd91215d/datanode-1/data/ratis] (custom)
2019-09-25 12:38:53,371 [pool-87-thread-1] INFO  storage.RaftStorageDirectory (RaftStorageDirectory.java:analyzeStorage(246)) - The storage directory /workdir/hadoop-ozone/integration-test/target/test-dir/MiniOzoneClusterImpl-9ca535f6-0fbb-4439-9d4c-f895bd91215d/datanode-1/data/ratis/433fbc8e-fa50-4d7e-bb9e-8c1f24ccabe2 does not exist. Creating ...
2019-09-25 12:38:53,383 [pool-87-thread-1] INFO  storage.RaftStorageDirectory (RaftStorageDirectory.java:tryLock(328)) - Lock on /workdir/hadoop-ozone/integration-test/target/test-dir/MiniOzoneClusterImpl-9ca535f6-0fbb-4439-9d4c-f895bd91215d/datanode-1/data/ratis/433fbc8e-fa50-4d7e-bb9e-8c1f24ccabe2/in_use.lock acquired by nodename 9642@pr-hdds-1569-shd4m-3693607622
2019-09-25 12:38:53,396 [pool-87-thread-1] INFO  storage.RaftStorage (RaftStorage.java:format(72)) - Storage directory /workdir/hadoop-ozone/integration-test/target/test-dir/MiniOzoneClusterImpl-9ca535f6-0fbb-4439-9d4c-f895bd91215d/datanode-1/data/ratis/433fbc8e-fa50-4d7e-bb9e-8c1f24ccabe2 has been successfully formatted.
2019-09-25 12:38:53,396 [pool-87-thread-1] INFO  ratis.ContainerStateMachine (ContainerStateMachine.java:loadSnapshot(230)) - group-8C1F24CCABE2: The snapshot info is null. Setting the last applied indexto:(t:0, i:~)
2019-09-25 12:38:53,397 [pool-87-thread-1] INFO  server.RaftServerConfigKeys (ConfUtils.java:logGet(43)) - raft.server.notification.no-leader.timeout = 120s (custom)
2019-09-25 12:38:53,397 [pool-87-thread-1] INFO  server.RaftServerConfigKeys (ConfUtils.java:logGet(43)) - raft.server.log.use.memory = false (default)
2019-09-25 12:38:53,397 [pool-87-thread-1] INFO  server.RaftServerConfigKeys (ConfUtils.java:logGet(43)) - raft.server.log.purge.gap = 1000000 (custom)
2019-09-25 12:38:53,397 [pool-87-thread-1] INFO  server.RaftServerConfigKeys (ConfUtils.java:logGet(43)) - raft.server.log.appender.buffer.byte-limit = 33554432 (custom)
2019-09-25 12:38:53,397 [pool-87-thread-1] INFO  server.RaftServerConfigKeys (ConfUtils.java:logGet(43)) - raft.server.log.segment.size.max = 1048576 (custom)
2019-09-25 12:38:53,398 [pool-87-thread-1] INFO  server.RaftServerConfigKeys (ConfUtils.java:logGet(43)) - raft.server.log.segment.cache.num.max = 2 (custom)
2019-09-25 12:38:53,398 [pool-87-thread-1] INFO  segmented.SegmentedRaftLogWorker (SegmentedRaftLogWorker.java:<init>(172)) - new ca279908-bd5b-4fc8-be99-e482437196bd@group-8C1F24CCABE2-SegmentedRaftLogWorker for RaftStorage:Storage Directory /workdir/hadoop-ozone/integration-test/target/test-dir/MiniOzoneClusterImpl-9ca535f6-0fbb-4439-9d4c-f895bd91215d/datanode-1/data/ratis/433fbc8e-fa50-4d7e-bb9e-8c1f24ccabe2
2019-09-25 12:38:53,398 [pool-87-thread-1] INFO  server.RaftServerConfigKeys (ConfUtils.java:logGet(43)) - raft.server.log.queue.byte-limit = 2147483647 (custom)
2019-09-25 12:38:53,398 [pool-87-thread-1] INFO  server.RaftServerConfigKeys (ConfUtils.java:logGet(43)) - raft.server.log.queue.element-limit = 1024 (custom)
2019-09-25 12:38:53,398 [pool-87-thread-1] INFO  server.RaftServerConfigKeys (ConfUtils.java:logGet(43)) - raft.server.log.segment.size.max = 1048576 (custom)
2019-09-25 12:38:53,399 [pool-87-thread-1] INFO  server.RaftServerConfigKeys (ConfUtils.java:logGet(43)) - raft.server.log.preallocated.size = 16384 (custom)
2019-09-25 12:38:53,399 [pool-87-thread-1] INFO  server.RaftServerConfigKeys (ConfUtils.java:logGet(43)) - raft.server.log.write.buffer.size = 33554432 (custom)
2019-09-25 12:38:53,399 [pool-87-thread-1] INFO  server.RaftServerConfigKeys (ConfUtils.java:logGet(43)) - raft.server.log.force.sync.num = 128 (default)
2019-09-25 12:38:53,399 [pool-87-thread-1] INFO  server.RaftServerConfigKeys (ConfUtils.java:logGet(43)) - raft.server.log.statemachine.data.sync = true (default)
2019-09-25 12:38:53,399 [pool-87-thread-1] INFO  server.RaftServerConfigKeys (ConfUtils.java:logGet(43)) - raft.server.log.statemachine.data.sync.timeout = 10s (default)
2019-09-25 12:38:53,399 [pool-87-thread-1] INFO  server.RaftServerConfigKeys (ConfUtils.java:logGet(43)) - raft.server.log.statemachine.data.sync.timeout.retry = -1 (default)
2019-09-25 12:38:53,400 [pool-87-thread-1] INFO  server.RaftServerConfigKeys (ConfUtils.java:logGet(43)) - raft.server.log.statemachine.data.caching.enabled = true (custom)
2019-09-25 12:38:53,400 [pool-87-thread-1] INFO  segmented.SegmentedRaftLogWorker (SegmentedRaftLogWorker.java:lambda$new$0(132)) - ca279908-bd5b-4fc8-be99-e482437196bd@group-8C1F24CCABE2-SegmentedRaftLogWorker: flushIndex: setUnconditionally 0 -> -1
2019-09-25 12:38:53,400 [pool-87-thread-1] INFO  server.RaftServerConfigKeys (ConfUtils.java:logGet(43)) - raft.server.snapshot.auto.trigger.enabled = true (custom)
2019-09-25 12:38:53,401 [pool-87-thread-1] INFO  server.RaftServerConfigKeys (ConfUtils.java:logGet(43)) - raft.server.snapshot.auto.trigger.threshold = 10000 (custom)
2019-09-25 12:38:53,401 [pool-87-thread-1] INFO  server.RaftServerConfigKeys (ConfUtils.java:logGet(43)) - raft.server.snapshot.retention.num.files = 5 (custom)
2019-09-25 12:38:53,401 [pool-87-thread-1] INFO  server.RaftServerConfigKeys (ConfUtils.java:logGet(43)) - raft.server.retrycache.expirytime = 600000ms (custom)
2019-09-25 12:38:53,404 [pool-87-thread-1] INFO  impl.RaftServerImpl (RaftServerImpl.java:start(185)) - ca279908-bd5b-4fc8-be99-e482437196bd@group-8C1F24CCABE2: start as a follower, conf=-1: [ca279908-bd5b-4fc8-be99-e482437196bd:192.168.151.73:36656], old=null
2019-09-25 12:38:53,404 [pool-87-thread-1] INFO  impl.RaftServerImpl (RaftServerImpl.java:setRole(174)) - ca279908-bd5b-4fc8-be99-e482437196bd@group-8C1F24CCABE2: changes role from      null to FOLLOWER at term 0 for startAsFollower
2019-09-25 12:38:53,404 [pool-87-thread-1] INFO  impl.RoleInfo (RoleInfo.java:updateAndGet(143)) - ca279908-bd5b-4fc8-be99-e482437196bd: start FollowerState
2019-09-25 12:38:53,405 [pool-87-thread-1] INFO  util.JmxRegister (JmxRegister.java:tryRegister(44)) - Successfully registered JMX Bean with object name Ratis:service=RaftServer,group=group-8C1F24CCABE2,id=ca279908-bd5b-4fc8-be99-e482437196bd
2019-09-25 12:38:53,410 [RatisPipelineUtilsThread] INFO  pipeline.PipelineStateManager (PipelineStateManager.java:addPipeline(56)) - Created pipeline Pipeline[ Id: 433fbc8e-fa50-4d7e-bb9e-8c1f24ccabe2, Nodes: ca279908-bd5b-4fc8-be99-e482437196bd{ip: 192.168.151.73, host: pr-hdds-1569-shd4m-3693607622, networkLocation: /default-rack, certSerialId: null}, Type:RATIS, Factor:ONE, State:OPEN]
2019-09-25 12:38:53,410 [RatisPipelineUtilsThread] INFO  pipeline.PipelinePlacementPolicy (PipelinePlacementPolicy.java:meetCriteria(91)) - Pipeline Placement: can't place more pipeline on heavy datanode： 2e676ab4-a19e-46fc-8918-4e7d423281d0 Heaviness: 6 limit: 5
2019-09-25 12:38:53,418 [grpc-default-executor-0] INFO  impl.RaftServerProxy (RaftServerProxy.java:addNew(89)) - ca279908-bd5b-4fc8-be99-e482437196bd: addNew group-3E546C2F3345:[ca279908-bd5b-4fc8-be99-e482437196bd:192.168.151.73:36656] returns group-3E546C2F3345:java.util.concurrent.CompletableFuture@4d9d97de[Not completed]
2019-09-25 12:38:53,420 [pool-87-thread-1] INFO  impl.RaftServerImpl (RaftServerImpl.java:<init>(95)) - ca279908-bd5b-4fc8-be99-e482437196bd: new RaftServerImpl for group-3E546C2F3345:[ca279908-bd5b-4fc8-be99-e482437196bd:192.168.151.73:36656] with ContainerStateMachine:uninitialized
2019-09-25 12:38:53,420 [pool-87-thread-1] INFO  server.RaftServerConfigKeys (ConfUtils.java:logGet(43)) - raft.server.rpc.timeout.min = 5s (custom)
2019-09-25 12:38:53,420 [pool-87-thread-1] INFO  server.RaftServerConfigKeys (ConfUtils.java:logGet(43)) - raft.server.rpc.timeout.max = 5200ms (custom)
2019-09-25 12:38:53,420 [pool-87-thread-1] INFO  server.RaftServerConfigKeys (ConfUtils.java:logGet(43)) - raft.server.rpcslowness.timeout = 120s (custom)
2019-09-25 12:38:53,420 [pool-87-thread-1] INFO  server.RaftServerConfigKeys (ConfUtils.java:logGet(43)) - raft.server.sleep.deviation.threshold = 300 (default)
2019-09-25 12:38:53,420 [pool-87-thread-1] INFO  server.RaftServerConfigKeys (ConfUtils.java:logGet(43)) - raft.server.log.appender.install.snapshot.enabled = false (custom)
2019-09-25 12:38:53,421 [pool-87-thread-1] INFO  impl.RaftServerImpl (ServerState.java:<init>(103)) - ca279908-bd5b-4fc8-be99-e482437196bd@group-3E546C2F3345: ConfigurationManager, init=-1: [ca279908-bd5b-4fc8-be99-e482437196bd:192.168.151.73:36656], old=null, confs=<EMPTY_MAP>
2019-09-25 12:38:53,421 [pool-87-thread-1] INFO  server.RaftServerConfigKeys (ConfUtils.java:logGet(43)) - raft.server.storage.dir = [/workdir/hadoop-ozone/integration-test/target/test-dir/MiniOzoneClusterImpl-9ca535f6-0fbb-4439-9d4c-f895bd91215d/datanode-1/data/ratis] (custom)
2019-09-25 12:38:53,421 [pool-87-thread-1] INFO  storage.RaftStorageDirectory (RaftStorageDirectory.java:analyzeStorage(246)) - The storage directory /workdir/hadoop-ozone/integration-test/target/test-dir/MiniOzoneClusterImpl-9ca535f6-0fbb-4439-9d4c-f895bd91215d/datanode-1/data/ratis/db4175de-aaee-49c8-8d4b-3e546c2f3345 does not exist. Creating ...
2019-09-25 12:38:53,429 [pool-87-thread-1] INFO  storage.RaftStorageDirectory (RaftStorageDirectory.java:tryLock(328)) - Lock on /workdir/hadoop-ozone/integration-test/target/test-dir/MiniOzoneClusterImpl-9ca535f6-0fbb-4439-9d4c-f895bd91215d/datanode-1/data/ratis/db4175de-aaee-49c8-8d4b-3e546c2f3345/in_use.lock acquired by nodename 9642@pr-hdds-1569-shd4m-3693607622
2019-09-25 12:38:53,443 [pool-87-thread-1] INFO  storage.RaftStorage (RaftStorage.java:format(72)) - Storage directory /workdir/hadoop-ozone/integration-test/target/test-dir/MiniOzoneClusterImpl-9ca535f6-0fbb-4439-9d4c-f895bd91215d/datanode-1/data/ratis/db4175de-aaee-49c8-8d4b-3e546c2f3345 has been successfully formatted.
2019-09-25 12:38:53,443 [pool-87-thread-1] INFO  ratis.ContainerStateMachine (ContainerStateMachine.java:loadSnapshot(230)) - group-3E546C2F3345: The snapshot info is null. Setting the last applied indexto:(t:0, i:~)
2019-09-25 12:38:53,443 [pool-87-thread-1] INFO  server.RaftServerConfigKeys (ConfUtils.java:logGet(43)) - raft.server.notification.no-leader.timeout = 120s (custom)
2019-09-25 12:38:53,444 [pool-87-thread-1] INFO  server.RaftServerConfigKeys (ConfUtils.java:logGet(43)) - raft.server.log.use.memory = false (default)
2019-09-25 12:38:53,444 [pool-87-thread-1] INFO  server.RaftServerConfigKeys (ConfUtils.java:logGet(43)) - raft.server.log.purge.gap = 1000000 (custom)
2019-09-25 12:38:53,444 [pool-87-thread-1] INFO  server.RaftServerConfigKeys (ConfUtils.java:logGet(43)) - raft.server.log.appender.buffer.byte-limit = 33554432 (custom)
2019-09-25 12:38:53,444 [pool-87-thread-1] INFO  server.RaftServerConfigKeys (ConfUtils.java:logGet(43)) - raft.server.log.segment.size.max = 1048576 (custom)
2019-09-25 12:38:53,444 [pool-87-thread-1] INFO  server.RaftServerConfigKeys (ConfUtils.java:logGet(43)) - raft.server.log.segment.cache.num.max = 2 (custom)
2019-09-25 12:38:53,444 [pool-87-thread-1] INFO  segmented.SegmentedRaftLogWorker (SegmentedRaftLogWorker.java:<init>(172)) - new ca279908-bd5b-4fc8-be99-e482437196bd@group-3E546C2F3345-SegmentedRaftLogWorker for RaftStorage:Storage Directory /workdir/hadoop-ozone/integration-test/target/test-dir/MiniOzoneClusterImpl-9ca535f6-0fbb-4439-9d4c-f895bd91215d/datanode-1/data/ratis/db4175de-aaee-49c8-8d4b-3e546c2f3345
2019-09-25 12:38:53,445 [pool-87-thread-1] INFO  server.RaftServerConfigKeys (ConfUtils.java:logGet(43)) - raft.server.log.queue.byte-limit = 2147483647 (custom)
2019-09-25 12:38:53,445 [pool-87-thread-1] INFO  server.RaftServerConfigKeys (ConfUtils.java:logGet(43)) - raft.server.log.queue.element-limit = 1024 (custom)
2019-09-25 12:38:53,445 [pool-87-thread-1] INFO  server.RaftServerConfigKeys (ConfUtils.java:logGet(43)) - raft.server.log.segment.size.max = 1048576 (custom)
2019-09-25 12:38:53,445 [pool-87-thread-1] INFO  server.RaftServerConfigKeys (ConfUtils.java:logGet(43)) - raft.server.log.preallocated.size = 16384 (custom)
2019-09-25 12:38:53,445 [pool-87-thread-1] INFO  server.RaftServerConfigKeys (ConfUtils.java:logGet(43)) - raft.server.log.write.buffer.size = 33554432 (custom)
2019-09-25 12:38:53,445 [pool-87-thread-1] INFO  server.RaftServerConfigKeys (ConfUtils.java:logGet(43)) - raft.server.log.force.sync.num = 128 (default)
2019-09-25 12:38:53,446 [pool-87-thread-1] INFO  server.RaftServerConfigKeys (ConfUtils.java:logGet(43)) - raft.server.log.statemachine.data.sync = true (default)
2019-09-25 12:38:53,446 [pool-87-thread-1] INFO  server.RaftServerConfigKeys (ConfUtils.java:logGet(43)) - raft.server.log.statemachine.data.sync.timeout = 10s (default)
2019-09-25 12:38:53,446 [pool-87-thread-1] INFO  server.RaftServerConfigKeys (ConfUtils.java:logGet(43)) - raft.server.log.statemachine.data.sync.timeout.retry = -1 (default)
2019-09-25 12:38:53,446 [pool-87-thread-1] INFO  server.RaftServerConfigKeys (ConfUtils.java:logGet(43)) - raft.server.log.statemachine.data.caching.enabled = true (custom)
2019-09-25 12:38:53,447 [pool-87-thread-1] INFO  segmented.SegmentedRaftLogWorker (SegmentedRaftLogWorker.java:lambda$new$0(132)) - ca279908-bd5b-4fc8-be99-e482437196bd@group-3E546C2F3345-SegmentedRaftLogWorker: flushIndex: setUnconditionally 0 -> -1
2019-09-25 12:38:53,447 [pool-87-thread-1] INFO  server.RaftServerConfigKeys (ConfUtils.java:logGet(43)) - raft.server.snapshot.auto.trigger.enabled = true (custom)
2019-09-25 12:38:53,448 [pool-87-thread-1] INFO  server.RaftServerConfigKeys (ConfUtils.java:logGet(43)) - raft.server.snapshot.auto.trigger.threshold = 10000 (custom)
2019-09-25 12:38:53,448 [pool-87-thread-1] INFO  server.RaftServerConfigKeys (ConfUtils.java:logGet(43)) - raft.server.snapshot.retention.num.files = 5 (custom)
2019-09-25 12:38:53,448 [pool-87-thread-1] INFO  server.RaftServerConfigKeys (ConfUtils.java:logGet(43)) - raft.server.retrycache.expirytime = 600000ms (custom)
2019-09-25 12:38:53,450 [pool-87-thread-1] INFO  impl.RaftServerImpl (RaftServerImpl.java:start(185)) - ca279908-bd5b-4fc8-be99-e482437196bd@group-3E546C2F3345: start as a follower, conf=-1: [ca279908-bd5b-4fc8-be99-e482437196bd:192.168.151.73:36656], old=null
2019-09-25 12:38:53,451 [pool-87-thread-1] INFO  impl.RaftServerImpl (RaftServerImpl.java:setRole(174)) - ca279908-bd5b-4fc8-be99-e482437196bd@group-3E546C2F3345: changes role from      null to FOLLOWER at term 0 for startAsFollower
2019-09-25 12:38:53,451 [pool-87-thread-1] INFO  impl.RoleInfo (RoleInfo.java:updateAndGet(143)) - ca279908-bd5b-4fc8-be99-e482437196bd: start FollowerState
2019-09-25 12:38:53,451 [pool-87-thread-1] INFO  util.JmxRegister (JmxRegister.java:tryRegister(44)) - Successfully registered JMX Bean with object name Ratis:service=RaftServer,group=group-3E546C2F3345,id=ca279908-bd5b-4fc8-be99-e482437196bd
2019-09-25 12:38:53,456 [RatisPipelineUtilsThread] INFO  pipeline.PipelineStateManager (PipelineStateManager.java:addPipeline(56)) - Created pipeline Pipeline[ Id: db4175de-aaee-49c8-8d4b-3e546c2f3345, Nodes: ca279908-bd5b-4fc8-be99-e482437196bd{ip: 192.168.151.73, host: pr-hdds-1569-shd4m-3693607622, networkLocation: /default-rack, certSerialId: null}, Type:RATIS, Factor:ONE, State:OPEN]
2019-09-25 12:38:53,456 [RatisPipelineUtilsThread] INFO  pipeline.PipelinePlacementPolicy (PipelinePlacementPolicy.java:meetCriteria(91)) - Pipeline Placement: can't place more pipeline on heavy datanode： 2e676ab4-a19e-46fc-8918-4e7d423281d0 Heaviness: 6 limit: 5
2019-09-25 12:38:53,465 [grpc-default-executor-0] INFO  impl.RaftServerProxy (RaftServerProxy.java:addNew(89)) - 545258d5-b925-430f-abcd-ed5a31f9d81f: addNew group-D66AADBE86AF:[545258d5-b925-430f-abcd-ed5a31f9d81f:192.168.151.73:36153] returns group-D66AADBE86AF:java.util.concurrent.CompletableFuture@4295afae[Not completed]
2019-09-25 12:38:53,466 [pool-97-thread-1] INFO  impl.RaftServerImpl (RaftServerImpl.java:<init>(95)) - 545258d5-b925-430f-abcd-ed5a31f9d81f: new RaftServerImpl for group-D66AADBE86AF:[545258d5-b925-430f-abcd-ed5a31f9d81f:192.168.151.73:36153] with ContainerStateMachine:uninitialized
2019-09-25 12:38:53,466 [pool-97-thread-1] INFO  server.RaftServerConfigKeys (ConfUtils.java:logGet(43)) - raft.server.rpc.timeout.min = 5s (custom)
2019-09-25 12:38:53,467 [pool-97-thread-1] INFO  server.RaftServerConfigKeys (ConfUtils.java:logGet(43)) - raft.server.rpc.timeout.max = 5200ms (custom)
2019-09-25 12:38:53,467 [pool-97-thread-1] INFO  server.RaftServerConfigKeys (ConfUtils.java:logGet(43)) - raft.server.rpcslowness.timeout = 120s (custom)
2019-09-25 12:38:53,467 [pool-97-thread-1] INFO  server.RaftServerConfigKeys (ConfUtils.java:logGet(43)) - raft.server.sleep.deviation.threshold = 300 (default)
2019-09-25 12:38:53,467 [pool-97-thread-1] INFO  server.RaftServerConfigKeys (ConfUtils.java:logGet(43)) - raft.server.log.appender.install.snapshot.enabled = false (custom)
2019-09-25 12:38:53,467 [pool-97-thread-1] INFO  impl.RaftServerImpl (ServerState.java:<init>(103)) - 545258d5-b925-430f-abcd-ed5a31f9d81f@group-D66AADBE86AF: ConfigurationManager, init=-1: [545258d5-b925-430f-abcd-ed5a31f9d81f:192.168.151.73:36153], old=null, confs=<EMPTY_MAP>
2019-09-25 12:38:53,467 [pool-97-thread-1] INFO  server.RaftServerConfigKeys (ConfUtils.java:logGet(43)) - raft.server.storage.dir = [/workdir/hadoop-ozone/integration-test/target/test-dir/MiniOzoneClusterImpl-9ca535f6-0fbb-4439-9d4c-f895bd91215d/datanode-2/data/ratis] (custom)
2019-09-25 12:38:53,468 [pool-97-thread-1] INFO  storage.RaftStorageDirectory (RaftStorageDirectory.java:analyzeStorage(246)) - The storage directory /workdir/hadoop-ozone/integration-test/target/test-dir/MiniOzoneClusterImpl-9ca535f6-0fbb-4439-9d4c-f895bd91215d/datanode-2/data/ratis/d728f102-f410-4779-94f4-d66aadbe86af does not exist. Creating ...
2019-09-25 12:38:53,481 [pool-97-thread-1] INFO  storage.RaftStorageDirectory (RaftStorageDirectory.java:tryLock(328)) - Lock on /workdir/hadoop-ozone/integration-test/target/test-dir/MiniOzoneClusterImpl-9ca535f6-0fbb-4439-9d4c-f895bd91215d/datanode-2/data/ratis/d728f102-f410-4779-94f4-d66aadbe86af/in_use.lock acquired by nodename 9642@pr-hdds-1569-shd4m-3693607622
2019-09-25 12:38:53,494 [pool-97-thread-1] INFO  storage.RaftStorage (RaftStorage.java:format(72)) - Storage directory /workdir/hadoop-ozone/integration-test/target/test-dir/MiniOzoneClusterImpl-9ca535f6-0fbb-4439-9d4c-f895bd91215d/datanode-2/data/ratis/d728f102-f410-4779-94f4-d66aadbe86af has been successfully formatted.
2019-09-25 12:38:53,494 [pool-97-thread-1] INFO  ratis.ContainerStateMachine (ContainerStateMachine.java:loadSnapshot(230)) - group-D66AADBE86AF: The snapshot info is null. Setting the last applied indexto:(t:0, i:~)
2019-09-25 12:38:53,494 [pool-97-thread-1] INFO  server.RaftServerConfigKeys (ConfUtils.java:logGet(43)) - raft.server.notification.no-leader.timeout = 120s (custom)
2019-09-25 12:38:53,494 [pool-97-thread-1] INFO  server.RaftServerConfigKeys (ConfUtils.java:logGet(43)) - raft.server.log.use.memory = false (default)
2019-09-25 12:38:53,495 [pool-97-thread-1] INFO  server.RaftServerConfigKeys (ConfUtils.java:logGet(43)) - raft.server.log.purge.gap = 1000000 (custom)
2019-09-25 12:38:53,495 [pool-97-thread-1] INFO  server.RaftServerConfigKeys (ConfUtils.java:logGet(43)) - raft.server.log.appender.buffer.byte-limit = 33554432 (custom)
2019-09-25 12:38:53,495 [pool-97-thread-1] INFO  server.RaftServerConfigKeys (ConfUtils.java:logGet(43)) - raft.server.log.segment.size.max = 1048576 (custom)
2019-09-25 12:38:53,495 [pool-97-thread-1] INFO  server.RaftServerConfigKeys (ConfUtils.java:logGet(43)) - raft.server.log.segment.cache.num.max = 2 (custom)
2019-09-25 12:38:53,495 [pool-97-thread-1] INFO  segmented.SegmentedRaftLogWorker (SegmentedRaftLogWorker.java:<init>(172)) - new 545258d5-b925-430f-abcd-ed5a31f9d81f@group-D66AADBE86AF-SegmentedRaftLogWorker for RaftStorage:Storage Directory /workdir/hadoop-ozone/integration-test/target/test-dir/MiniOzoneClusterImpl-9ca535f6-0fbb-4439-9d4c-f895bd91215d/datanode-2/data/ratis/d728f102-f410-4779-94f4-d66aadbe86af
2019-09-25 12:38:53,495 [pool-97-thread-1] INFO  server.RaftServerConfigKeys (ConfUtils.java:logGet(43)) - raft.server.log.queue.byte-limit = 2147483647 (custom)
2019-09-25 12:38:53,495 [pool-97-thread-1] INFO  server.RaftServerConfigKeys (ConfUtils.java:logGet(43)) - raft.server.log.queue.element-limit = 1024 (custom)
2019-09-25 12:38:53,496 [pool-97-thread-1] INFO  server.RaftServerConfigKeys (ConfUtils.java:logGet(43)) - raft.server.log.segment.size.max = 1048576 (custom)
2019-09-25 12:38:53,496 [pool-97-thread-1] INFO  server.RaftServerConfigKeys (ConfUtils.java:logGet(43)) - raft.server.log.preallocated.size = 16384 (custom)
2019-09-25 12:38:53,496 [pool-97-thread-1] INFO  server.RaftServerConfigKeys (ConfUtils.java:logGet(43)) - raft.server.log.write.buffer.size = 33554432 (custom)
2019-09-25 12:38:53,496 [pool-97-thread-1] INFO  server.RaftServerConfigKeys (ConfUtils.java:logGet(43)) - raft.server.log.force.sync.num = 128 (default)
2019-09-25 12:38:53,496 [pool-97-thread-1] INFO  server.RaftServerConfigKeys (ConfUtils.java:logGet(43)) - raft.server.log.statemachine.data.sync = true (default)
2019-09-25 12:38:53,496 [pool-97-thread-1] INFO  server.RaftServerConfigKeys (ConfUtils.java:logGet(43)) - raft.server.log.statemachine.data.sync.timeout = 10s (default)
2019-09-25 12:38:53,497 [pool-97-thread-1] INFO  server.RaftServerConfigKeys (ConfUtils.java:logGet(43)) - raft.server.log.statemachine.data.sync.timeout.retry = -1 (default)
2019-09-25 12:38:53,497 [pool-97-thread-1] INFO  server.RaftServerConfigKeys (ConfUtils.java:logGet(43)) - raft.server.log.statemachine.data.caching.enabled = true (custom)
2019-09-25 12:38:53,497 [pool-97-thread-1] INFO  segmented.SegmentedRaftLogWorker (SegmentedRaftLogWorker.java:lambda$new$0(132)) - 545258d5-b925-430f-abcd-ed5a31f9d81f@group-D66AADBE86AF-SegmentedRaftLogWorker: flushIndex: setUnconditionally 0 -> -1
2019-09-25 12:38:53,498 [pool-97-thread-1] INFO  server.RaftServerConfigKeys (ConfUtils.java:logGet(43)) - raft.server.snapshot.auto.trigger.enabled = true (custom)
2019-09-25 12:38:53,498 [pool-97-thread-1] INFO  server.RaftServerConfigKeys (ConfUtils.java:logGet(43)) - raft.server.snapshot.auto.trigger.threshold = 10000 (custom)
2019-09-25 12:38:53,498 [pool-97-thread-1] INFO  server.RaftServerConfigKeys (ConfUtils.java:logGet(43)) - raft.server.snapshot.retention.num.files = 5 (custom)
2019-09-25 12:38:53,498 [pool-97-thread-1] INFO  server.RaftServerConfigKeys (ConfUtils.java:logGet(43)) - raft.server.retrycache.expirytime = 600000ms (custom)
2019-09-25 12:38:53,501 [pool-97-thread-1] INFO  impl.RaftServerImpl (RaftServerImpl.java:start(185)) - 545258d5-b925-430f-abcd-ed5a31f9d81f@group-D66AADBE86AF: start as a follower, conf=-1: [545258d5-b925-430f-abcd-ed5a31f9d81f:192.168.151.73:36153], old=null
2019-09-25 12:38:53,501 [pool-97-thread-1] INFO  impl.RaftServerImpl (RaftServerImpl.java:setRole(174)) - 545258d5-b925-430f-abcd-ed5a31f9d81f@group-D66AADBE86AF: changes role from      null to FOLLOWER at term 0 for startAsFollower
2019-09-25 12:38:53,501 [pool-97-thread-1] INFO  impl.RoleInfo (RoleInfo.java:updateAndGet(143)) - 545258d5-b925-430f-abcd-ed5a31f9d81f: start FollowerState
2019-09-25 12:38:53,501 [pool-97-thread-1] INFO  util.JmxRegister (JmxRegister.java:tryRegister(44)) - Successfully registered JMX Bean with object name Ratis:service=RaftServer,group=group-D66AADBE86AF,id=545258d5-b925-430f-abcd-ed5a31f9d81f
2019-09-25 12:38:53,505 [RatisPipelineUtilsThread] INFO  pipeline.PipelineStateManager (PipelineStateManager.java:addPipeline(56)) - Created pipeline Pipeline[ Id: d728f102-f410-4779-94f4-d66aadbe86af, Nodes: 545258d5-b925-430f-abcd-ed5a31f9d81f{ip: 192.168.151.73, host: pr-hdds-1569-shd4m-3693607622, networkLocation: /default-rack, certSerialId: null}, Type:RATIS, Factor:ONE, State:OPEN]
2019-09-25 12:38:53,505 [RatisPipelineUtilsThread] INFO  pipeline.PipelinePlacementPolicy (PipelinePlacementPolicy.java:meetCriteria(91)) - Pipeline Placement: can't place more pipeline on heavy datanode： 2e676ab4-a19e-46fc-8918-4e7d423281d0 Heaviness: 6 limit: 5
2019-09-25 12:38:53,514 [grpc-default-executor-0] INFO  impl.RaftServerProxy (RaftServerProxy.java:addNew(89)) - ca279908-bd5b-4fc8-be99-e482437196bd: addNew group-DC6B1B22B0CE:[ca279908-bd5b-4fc8-be99-e482437196bd:192.168.151.73:36656] returns group-DC6B1B22B0CE:java.util.concurrent.CompletableFuture@183e12fc[Not completed]
2019-09-25 12:38:53,515 [pool-87-thread-1] INFO  impl.RaftServerImpl (RaftServerImpl.java:<init>(95)) - ca279908-bd5b-4fc8-be99-e482437196bd: new RaftServerImpl for group-DC6B1B22B0CE:[ca279908-bd5b-4fc8-be99-e482437196bd:192.168.151.73:36656] with ContainerStateMachine:uninitialized
2019-09-25 12:38:53,516 [pool-87-thread-1] INFO  server.RaftServerConfigKeys (ConfUtils.java:logGet(43)) - raft.server.rpc.timeout.min = 5s (custom)
2019-09-25 12:38:53,516 [pool-87-thread-1] INFO  server.RaftServerConfigKeys (ConfUtils.java:logGet(43)) - raft.server.rpc.timeout.max = 5200ms (custom)
2019-09-25 12:38:53,516 [pool-87-thread-1] INFO  server.RaftServerConfigKeys (ConfUtils.java:logGet(43)) - raft.server.rpcslowness.timeout = 120s (custom)
2019-09-25 12:38:53,516 [pool-87-thread-1] INFO  server.RaftServerConfigKeys (ConfUtils.java:logGet(43)) - raft.server.sleep.deviation.threshold = 300 (default)
2019-09-25 12:38:53,516 [pool-87-thread-1] INFO  server.RaftServerConfigKeys (ConfUtils.java:logGet(43)) - raft.server.log.appender.install.snapshot.enabled = false (custom)
2019-09-25 12:38:53,516 [pool-87-thread-1] INFO  impl.RaftServerImpl (ServerState.java:<init>(103)) - ca279908-bd5b-4fc8-be99-e482437196bd@group-DC6B1B22B0CE: ConfigurationManager, init=-1: [ca279908-bd5b-4fc8-be99-e482437196bd:192.168.151.73:36656], old=null, confs=<EMPTY_MAP>
2019-09-25 12:38:53,517 [pool-87-thread-1] INFO  server.RaftServerConfigKeys (ConfUtils.java:logGet(43)) - raft.server.storage.dir = [/workdir/hadoop-ozone/integration-test/target/test-dir/MiniOzoneClusterImpl-9ca535f6-0fbb-4439-9d4c-f895bd91215d/datanode-1/data/ratis] (custom)
2019-09-25 12:38:53,517 [pool-87-thread-1] INFO  storage.RaftStorageDirectory (RaftStorageDirectory.java:analyzeStorage(246)) - The storage directory /workdir/hadoop-ozone/integration-test/target/test-dir/MiniOzoneClusterImpl-9ca535f6-0fbb-4439-9d4c-f895bd91215d/datanode-1/data/ratis/579da316-6c38-4b80-a052-dc6b1b22b0ce does not exist. Creating ...
2019-09-25 12:38:53,530 [pool-87-thread-1] INFO  storage.RaftStorageDirectory (RaftStorageDirectory.java:tryLock(328)) - Lock on /workdir/hadoop-ozone/integration-test/target/test-dir/MiniOzoneClusterImpl-9ca535f6-0fbb-4439-9d4c-f895bd91215d/datanode-1/data/ratis/579da316-6c38-4b80-a052-dc6b1b22b0ce/in_use.lock acquired by nodename 9642@pr-hdds-1569-shd4m-3693607622
2019-09-25 12:38:53,543 [pool-87-thread-1] INFO  storage.RaftStorage (RaftStorage.java:format(72)) - Storage directory /workdir/hadoop-ozone/integration-test/target/test-dir/MiniOzoneClusterImpl-9ca535f6-0fbb-4439-9d4c-f895bd91215d/datanode-1/data/ratis/579da316-6c38-4b80-a052-dc6b1b22b0ce has been successfully formatted.
2019-09-25 12:38:53,543 [pool-87-thread-1] INFO  ratis.ContainerStateMachine (ContainerStateMachine.java:loadSnapshot(230)) - group-DC6B1B22B0CE: The snapshot info is null. Setting the last applied indexto:(t:0, i:~)
2019-09-25 12:38:53,543 [pool-87-thread-1] INFO  server.RaftServerConfigKeys (ConfUtils.java:logGet(43)) - raft.server.notification.no-leader.timeout = 120s (custom)
2019-09-25 12:38:53,543 [pool-87-thread-1] INFO  server.RaftServerConfigKeys (ConfUtils.java:logGet(43)) - raft.server.log.use.memory = false (default)
2019-09-25 12:38:53,544 [pool-87-thread-1] INFO  server.RaftServerConfigKeys (ConfUtils.java:logGet(43)) - raft.server.log.purge.gap = 1000000 (custom)
2019-09-25 12:38:53,544 [pool-87-thread-1] INFO  server.RaftServerConfigKeys (ConfUtils.java:logGet(43)) - raft.server.log.appender.buffer.byte-limit = 33554432 (custom)
2019-09-25 12:38:53,544 [pool-87-thread-1] INFO  server.RaftServerConfigKeys (ConfUtils.java:logGet(43)) - raft.server.log.segment.size.max = 1048576 (custom)
2019-09-25 12:38:53,544 [pool-87-thread-1] INFO  server.RaftServerConfigKeys (ConfUtils.java:logGet(43)) - raft.server.log.segment.cache.num.max = 2 (custom)
2019-09-25 12:38:53,544 [pool-87-thread-1] INFO  segmented.SegmentedRaftLogWorker (SegmentedRaftLogWorker.java:<init>(172)) - new ca279908-bd5b-4fc8-be99-e482437196bd@group-DC6B1B22B0CE-SegmentedRaftLogWorker for RaftStorage:Storage Directory /workdir/hadoop-ozone/integration-test/target/test-dir/MiniOzoneClusterImpl-9ca535f6-0fbb-4439-9d4c-f895bd91215d/datanode-1/data/ratis/579da316-6c38-4b80-a052-dc6b1b22b0ce
2019-09-25 12:38:53,544 [pool-87-thread-1] INFO  server.RaftServerConfigKeys (ConfUtils.java:logGet(43)) - raft.server.log.queue.byte-limit = 2147483647 (custom)
2019-09-25 12:38:53,545 [pool-87-thread-1] INFO  server.RaftServerConfigKeys (ConfUtils.java:logGet(43)) - raft.server.log.queue.element-limit = 1024 (custom)
2019-09-25 12:38:53,545 [pool-87-thread-1] INFO  server.RaftServerConfigKeys (ConfUtils.java:logGet(43)) - raft.server.log.segment.size.max = 1048576 (custom)
2019-09-25 12:38:53,545 [pool-87-thread-1] INFO  server.RaftServerConfigKeys (ConfUtils.java:logGet(43)) - raft.server.log.preallocated.size = 16384 (custom)
2019-09-25 12:38:53,545 [pool-87-thread-1] INFO  server.RaftServerConfigKeys (ConfUtils.java:logGet(43)) - raft.server.log.write.buffer.size = 33554432 (custom)
2019-09-25 12:38:53,545 [pool-87-thread-1] INFO  server.RaftServerConfigKeys (ConfUtils.java:logGet(43)) - raft.server.log.force.sync.num = 128 (default)
2019-09-25 12:38:53,545 [pool-87-thread-1] INFO  server.RaftServerConfigKeys (ConfUtils.java:logGet(43)) - raft.server.log.statemachine.data.sync = true (default)
2019-09-25 12:38:53,546 [pool-87-thread-1] INFO  server.RaftServerConfigKeys (ConfUtils.java:logGet(43)) - raft.server.log.statemachine.data.sync.timeout = 10s (default)
2019-09-25 12:38:53,546 [pool-87-thread-1] INFO  server.RaftServerConfigKeys (ConfUtils.java:logGet(43)) - raft.server.log.statemachine.data.sync.timeout.retry = -1 (default)
2019-09-25 12:38:53,546 [pool-87-thread-1] INFO  server.RaftServerConfigKeys (ConfUtils.java:logGet(43)) - raft.server.log.statemachine.data.caching.enabled = true (custom)
2019-09-25 12:38:53,547 [pool-87-thread-1] INFO  segmented.SegmentedRaftLogWorker (SegmentedRaftLogWorker.java:lambda$new$0(132)) - ca279908-bd5b-4fc8-be99-e482437196bd@group-DC6B1B22B0CE-SegmentedRaftLogWorker: flushIndex: setUnconditionally 0 -> -1
2019-09-25 12:38:53,547 [pool-87-thread-1] INFO  server.RaftServerConfigKeys (ConfUtils.java:logGet(43)) - raft.server.snapshot.auto.trigger.enabled = true (custom)
2019-09-25 12:38:53,547 [pool-87-thread-1] INFO  server.RaftServerConfigKeys (ConfUtils.java:logGet(43)) - raft.server.snapshot.auto.trigger.threshold = 10000 (custom)
2019-09-25 12:38:53,547 [pool-87-thread-1] INFO  server.RaftServerConfigKeys (ConfUtils.java:logGet(43)) - raft.server.snapshot.retention.num.files = 5 (custom)
2019-09-25 12:38:53,547 [pool-87-thread-1] INFO  server.RaftServerConfigKeys (ConfUtils.java:logGet(43)) - raft.server.retrycache.expirytime = 600000ms (custom)
2019-09-25 12:38:53,550 [pool-87-thread-1] INFO  impl.RaftServerImpl (RaftServerImpl.java:start(185)) - ca279908-bd5b-4fc8-be99-e482437196bd@group-DC6B1B22B0CE: start as a follower, conf=-1: [ca279908-bd5b-4fc8-be99-e482437196bd:192.168.151.73:36656], old=null
2019-09-25 12:38:53,550 [pool-87-thread-1] INFO  impl.RaftServerImpl (RaftServerImpl.java:setRole(174)) - ca279908-bd5b-4fc8-be99-e482437196bd@group-DC6B1B22B0CE: changes role from      null to FOLLOWER at term 0 for startAsFollower
2019-09-25 12:38:53,550 [pool-87-thread-1] INFO  impl.RoleInfo (RoleInfo.java:updateAndGet(143)) - ca279908-bd5b-4fc8-be99-e482437196bd: start FollowerState
2019-09-25 12:38:53,551 [pool-87-thread-1] INFO  util.JmxRegister (JmxRegister.java:tryRegister(44)) - Successfully registered JMX Bean with object name Ratis:service=RaftServer,group=group-DC6B1B22B0CE,id=ca279908-bd5b-4fc8-be99-e482437196bd
2019-09-25 12:38:53,555 [RatisPipelineUtilsThread] INFO  pipeline.PipelineStateManager (PipelineStateManager.java:addPipeline(56)) - Created pipeline Pipeline[ Id: 579da316-6c38-4b80-a052-dc6b1b22b0ce, Nodes: ca279908-bd5b-4fc8-be99-e482437196bd{ip: 192.168.151.73, host: pr-hdds-1569-shd4m-3693607622, networkLocation: /default-rack, certSerialId: null}, Type:RATIS, Factor:ONE, State:OPEN]
2019-09-25 12:38:53,555 [RatisPipelineUtilsThread] INFO  pipeline.PipelinePlacementPolicy (PipelinePlacementPolicy.java:meetCriteria(91)) - Pipeline Placement: can't place more pipeline on heavy datanode： 2e676ab4-a19e-46fc-8918-4e7d423281d0 Heaviness: 6 limit: 5
2019-09-25 12:38:53,555 [RatisPipelineUtilsThread] INFO  pipeline.PipelinePlacementPolicy (PipelinePlacementPolicy.java:meetCriteria(91)) - Pipeline Placement: can't place more pipeline on heavy datanode： ca279908-bd5b-4fc8-be99-e482437196bd Heaviness: 6 limit: 5
2019-09-25 12:38:53,563 [grpc-default-executor-0] INFO  impl.RaftServerProxy (RaftServerProxy.java:addNew(89)) - 545258d5-b925-430f-abcd-ed5a31f9d81f: addNew group-0318A6643822:[545258d5-b925-430f-abcd-ed5a31f9d81f:192.168.151.73:36153] returns group-0318A6643822:java.util.concurrent.CompletableFuture@725802df[Not completed]
2019-09-25 12:38:53,564 [pool-97-thread-1] INFO  impl.RaftServerImpl (RaftServerImpl.java:<init>(95)) - 545258d5-b925-430f-abcd-ed5a31f9d81f: new RaftServerImpl for group-0318A6643822:[545258d5-b925-430f-abcd-ed5a31f9d81f:192.168.151.73:36153] with ContainerStateMachine:uninitialized
2019-09-25 12:38:53,564 [pool-97-thread-1] INFO  server.RaftServerConfigKeys (ConfUtils.java:logGet(43)) - raft.server.rpc.timeout.min = 5s (custom)
2019-09-25 12:38:53,564 [pool-97-thread-1] INFO  server.RaftServerConfigKeys (ConfUtils.java:logGet(43)) - raft.server.rpc.timeout.max = 5200ms (custom)
2019-09-25 12:38:53,564 [pool-97-thread-1] INFO  server.RaftServerConfigKeys (ConfUtils.java:logGet(43)) - raft.server.rpcslowness.timeout = 120s (custom)
2019-09-25 12:38:53,564 [pool-97-thread-1] INFO  server.RaftServerConfigKeys (ConfUtils.java:logGet(43)) - raft.server.sleep.deviation.threshold = 300 (default)
2019-09-25 12:38:53,564 [pool-97-thread-1] INFO  server.RaftServerConfigKeys (ConfUtils.java:logGet(43)) - raft.server.log.appender.install.snapshot.enabled = false (custom)
2019-09-25 12:38:53,565 [pool-97-thread-1] INFO  impl.RaftServerImpl (ServerState.java:<init>(103)) - 545258d5-b925-430f-abcd-ed5a31f9d81f@group-0318A6643822: ConfigurationManager, init=-1: [545258d5-b925-430f-abcd-ed5a31f9d81f:192.168.151.73:36153], old=null, confs=<EMPTY_MAP>
2019-09-25 12:38:53,565 [pool-97-thread-1] INFO  server.RaftServerConfigKeys (ConfUtils.java:logGet(43)) - raft.server.storage.dir = [/workdir/hadoop-ozone/integration-test/target/test-dir/MiniOzoneClusterImpl-9ca535f6-0fbb-4439-9d4c-f895bd91215d/datanode-2/data/ratis] (custom)
2019-09-25 12:38:53,565 [pool-97-thread-1] INFO  storage.RaftStorageDirectory (RaftStorageDirectory.java:analyzeStorage(246)) - The storage directory /workdir/hadoop-ozone/integration-test/target/test-dir/MiniOzoneClusterImpl-9ca535f6-0fbb-4439-9d4c-f895bd91215d/datanode-2/data/ratis/18035b61-31a9-4649-9258-0318a6643822 does not exist. Creating ...
2019-09-25 12:38:53,577 [pool-97-thread-1] INFO  storage.RaftStorageDirectory (RaftStorageDirectory.java:tryLock(328)) - Lock on /workdir/hadoop-ozone/integration-test/target/test-dir/MiniOzoneClusterImpl-9ca535f6-0fbb-4439-9d4c-f895bd91215d/datanode-2/data/ratis/18035b61-31a9-4649-9258-0318a6643822/in_use.lock acquired by nodename 9642@pr-hdds-1569-shd4m-3693607622
2019-09-25 12:38:53,590 [pool-97-thread-1] INFO  storage.RaftStorage (RaftStorage.java:format(72)) - Storage directory /workdir/hadoop-ozone/integration-test/target/test-dir/MiniOzoneClusterImpl-9ca535f6-0fbb-4439-9d4c-f895bd91215d/datanode-2/data/ratis/18035b61-31a9-4649-9258-0318a6643822 has been successfully formatted.
2019-09-25 12:38:53,590 [pool-97-thread-1] INFO  ratis.ContainerStateMachine (ContainerStateMachine.java:loadSnapshot(230)) - group-0318A6643822: The snapshot info is null. Setting the last applied indexto:(t:0, i:~)
2019-09-25 12:38:53,590 [pool-97-thread-1] INFO  server.RaftServerConfigKeys (ConfUtils.java:logGet(43)) - raft.server.notification.no-leader.timeout = 120s (custom)
2019-09-25 12:38:53,590 [pool-97-thread-1] INFO  server.RaftServerConfigKeys (ConfUtils.java:logGet(43)) - raft.server.log.use.memory = false (default)
2019-09-25 12:38:53,590 [pool-97-thread-1] INFO  server.RaftServerConfigKeys (ConfUtils.java:logGet(43)) - raft.server.log.purge.gap = 1000000 (custom)
2019-09-25 12:38:53,591 [pool-97-thread-1] INFO  server.RaftServerConfigKeys (ConfUtils.java:logGet(43)) - raft.server.log.appender.buffer.byte-limit = 33554432 (custom)
2019-09-25 12:38:53,591 [pool-97-thread-1] INFO  server.RaftServerConfigKeys (ConfUtils.java:logGet(43)) - raft.server.log.segment.size.max = 1048576 (custom)
2019-09-25 12:38:53,591 [pool-97-thread-1] INFO  server.RaftServerConfigKeys (ConfUtils.java:logGet(43)) - raft.server.log.segment.cache.num.max = 2 (custom)
2019-09-25 12:38:53,591 [pool-97-thread-1] INFO  segmented.SegmentedRaftLogWorker (SegmentedRaftLogWorker.java:<init>(172)) - new 545258d5-b925-430f-abcd-ed5a31f9d81f@group-0318A6643822-SegmentedRaftLogWorker for RaftStorage:Storage Directory /workdir/hadoop-ozone/integration-test/target/test-dir/MiniOzoneClusterImpl-9ca535f6-0fbb-4439-9d4c-f895bd91215d/datanode-2/data/ratis/18035b61-31a9-4649-9258-0318a6643822
2019-09-25 12:38:53,591 [pool-97-thread-1] INFO  server.RaftServerConfigKeys (ConfUtils.java:logGet(43)) - raft.server.log.queue.byte-limit = 2147483647 (custom)
2019-09-25 12:38:53,591 [pool-97-thread-1] INFO  server.RaftServerConfigKeys (ConfUtils.java:logGet(43)) - raft.server.log.queue.element-limit = 1024 (custom)
2019-09-25 12:38:53,591 [pool-97-thread-1] INFO  server.RaftServerConfigKeys (ConfUtils.java:logGet(43)) - raft.server.log.segment.size.max = 1048576 (custom)
2019-09-25 12:38:53,591 [pool-97-thread-1] INFO  server.RaftServerConfigKeys (ConfUtils.java:logGet(43)) - raft.server.log.preallocated.size = 16384 (custom)
2019-09-25 12:38:53,592 [pool-97-thread-1] INFO  server.RaftServerConfigKeys (ConfUtils.java:logGet(43)) - raft.server.log.write.buffer.size = 33554432 (custom)
2019-09-25 12:38:53,592 [pool-97-thread-1] INFO  server.RaftServerConfigKeys (ConfUtils.java:logGet(43)) - raft.server.log.force.sync.num = 128 (default)
2019-09-25 12:38:53,592 [pool-97-thread-1] INFO  server.RaftServerConfigKeys (ConfUtils.java:logGet(43)) - raft.server.log.statemachine.data.sync = true (default)
2019-09-25 12:38:53,592 [pool-97-thread-1] INFO  server.RaftServerConfigKeys (ConfUtils.java:logGet(43)) - raft.server.log.statemachine.data.sync.timeout = 10s (default)
2019-09-25 12:38:53,592 [pool-97-thread-1] INFO  server.RaftServerConfigKeys (ConfUtils.java:logGet(43)) - raft.server.log.statemachine.data.sync.timeout.retry = -1 (default)
2019-09-25 12:38:53,592 [pool-97-thread-1] INFO  server.RaftServerConfigKeys (ConfUtils.java:logGet(43)) - raft.server.log.statemachine.data.caching.enabled = true (custom)
2019-09-25 12:38:53,593 [pool-97-thread-1] INFO  segmented.SegmentedRaftLogWorker (SegmentedRaftLogWorker.java:lambda$new$0(132)) - 545258d5-b925-430f-abcd-ed5a31f9d81f@group-0318A6643822-SegmentedRaftLogWorker: flushIndex: setUnconditionally 0 -> -1
2019-09-25 12:38:53,593 [pool-97-thread-1] INFO  server.RaftServerConfigKeys (ConfUtils.java:logGet(43)) - raft.server.snapshot.auto.trigger.enabled = true (custom)
2019-09-25 12:38:53,593 [pool-97-thread-1] INFO  server.RaftServerConfigKeys (ConfUtils.java:logGet(43)) - raft.server.snapshot.auto.trigger.threshold = 10000 (custom)
2019-09-25 12:38:53,593 [pool-97-thread-1] INFO  server.RaftServerConfigKeys (ConfUtils.java:logGet(43)) - raft.server.snapshot.retention.num.files = 5 (custom)
2019-09-25 12:38:53,593 [pool-97-thread-1] INFO  server.RaftServerConfigKeys (ConfUtils.java:logGet(43)) - raft.server.retrycache.expirytime = 600000ms (custom)
2019-09-25 12:38:53,595 [pool-97-thread-1] INFO  impl.RaftServerImpl (RaftServerImpl.java:start(185)) - 545258d5-b925-430f-abcd-ed5a31f9d81f@group-0318A6643822: start as a follower, conf=-1: [545258d5-b925-430f-abcd-ed5a31f9d81f:192.168.151.73:36153], old=null
2019-09-25 12:38:53,595 [pool-97-thread-1] INFO  impl.RaftServerImpl (RaftServerImpl.java:setRole(174)) - 545258d5-b925-430f-abcd-ed5a31f9d81f@group-0318A6643822: changes role from      null to FOLLOWER at term 0 for startAsFollower
2019-09-25 12:38:53,596 [pool-97-thread-1] INFO  impl.RoleInfo (RoleInfo.java:updateAndGet(143)) - 545258d5-b925-430f-abcd-ed5a31f9d81f: start FollowerState
2019-09-25 12:38:53,596 [pool-97-thread-1] INFO  util.JmxRegister (JmxRegister.java:tryRegister(44)) - Successfully registered JMX Bean with object name Ratis:service=RaftServer,group=group-0318A6643822,id=545258d5-b925-430f-abcd-ed5a31f9d81f
2019-09-25 12:38:53,599 [RatisPipelineUtilsThread] INFO  pipeline.PipelineStateManager (PipelineStateManager.java:addPipeline(56)) - Created pipeline Pipeline[ Id: 18035b61-31a9-4649-9258-0318a6643822, Nodes: 545258d5-b925-430f-abcd-ed5a31f9d81f{ip: 192.168.151.73, host: pr-hdds-1569-shd4m-3693607622, networkLocation: /default-rack, certSerialId: null}, Type:RATIS, Factor:ONE, State:OPEN]
2019-09-25 12:38:53,600 [RatisPipelineUtilsThread] INFO  pipeline.PipelinePlacementPolicy (PipelinePlacementPolicy.java:meetCriteria(91)) - Pipeline Placement: can't place more pipeline on heavy datanode： 2e676ab4-a19e-46fc-8918-4e7d423281d0 Heaviness: 6 limit: 5
2019-09-25 12:38:53,600 [RatisPipelineUtilsThread] INFO  pipeline.PipelinePlacementPolicy (PipelinePlacementPolicy.java:meetCriteria(91)) - Pipeline Placement: can't place more pipeline on heavy datanode： ca279908-bd5b-4fc8-be99-e482437196bd Heaviness: 6 limit: 5
2019-09-25 12:38:53,608 [grpc-default-executor-0] INFO  impl.RaftServerProxy (RaftServerProxy.java:addNew(89)) - 545258d5-b925-430f-abcd-ed5a31f9d81f: addNew group-3F83D0637F53:[545258d5-b925-430f-abcd-ed5a31f9d81f:192.168.151.73:36153] returns group-3F83D0637F53:java.util.concurrent.CompletableFuture@4175b41f[Not completed]
2019-09-25 12:38:53,609 [pool-97-thread-1] INFO  impl.RaftServerImpl (RaftServerImpl.java:<init>(95)) - 545258d5-b925-430f-abcd-ed5a31f9d81f: new RaftServerImpl for group-3F83D0637F53:[545258d5-b925-430f-abcd-ed5a31f9d81f:192.168.151.73:36153] with ContainerStateMachine:uninitialized
2019-09-25 12:38:53,609 [pool-97-thread-1] INFO  server.RaftServerConfigKeys (ConfUtils.java:logGet(43)) - raft.server.rpc.timeout.min = 5s (custom)
2019-09-25 12:38:53,609 [pool-97-thread-1] INFO  server.RaftServerConfigKeys (ConfUtils.java:logGet(43)) - raft.server.rpc.timeout.max = 5200ms (custom)
2019-09-25 12:38:53,609 [pool-97-thread-1] INFO  server.RaftServerConfigKeys (ConfUtils.java:logGet(43)) - raft.server.rpcslowness.timeout = 120s (custom)
2019-09-25 12:38:53,609 [pool-97-thread-1] INFO  server.RaftServerConfigKeys (ConfUtils.java:logGet(43)) - raft.server.sleep.deviation.threshold = 300 (default)
2019-09-25 12:38:53,609 [pool-97-thread-1] INFO  server.RaftServerConfigKeys (ConfUtils.java:logGet(43)) - raft.server.log.appender.install.snapshot.enabled = false (custom)
2019-09-25 12:38:53,609 [pool-97-thread-1] INFO  impl.RaftServerImpl (ServerState.java:<init>(103)) - 545258d5-b925-430f-abcd-ed5a31f9d81f@group-3F83D0637F53: ConfigurationManager, init=-1: [545258d5-b925-430f-abcd-ed5a31f9d81f:192.168.151.73:36153], old=null, confs=<EMPTY_MAP>
2019-09-25 12:38:53,609 [pool-97-thread-1] INFO  server.RaftServerConfigKeys (ConfUtils.java:logGet(43)) - raft.server.storage.dir = [/workdir/hadoop-ozone/integration-test/target/test-dir/MiniOzoneClusterImpl-9ca535f6-0fbb-4439-9d4c-f895bd91215d/datanode-2/data/ratis] (custom)
2019-09-25 12:38:53,610 [pool-97-thread-1] INFO  storage.RaftStorageDirectory (RaftStorageDirectory.java:analyzeStorage(246)) - The storage directory /workdir/hadoop-ozone/integration-test/target/test-dir/MiniOzoneClusterImpl-9ca535f6-0fbb-4439-9d4c-f895bd91215d/datanode-2/data/ratis/f1723c8e-851a-4bb1-a730-3f83d0637f53 does not exist. Creating ...
2019-09-25 12:38:53,622 [pool-97-thread-1] INFO  storage.RaftStorageDirectory (RaftStorageDirectory.java:tryLock(328)) - Lock on /workdir/hadoop-ozone/integration-test/target/test-dir/MiniOzoneClusterImpl-9ca535f6-0fbb-4439-9d4c-f895bd91215d/datanode-2/data/ratis/f1723c8e-851a-4bb1-a730-3f83d0637f53/in_use.lock acquired by nodename 9642@pr-hdds-1569-shd4m-3693607622
2019-09-25 12:38:53,634 [pool-97-thread-1] INFO  storage.RaftStorage (RaftStorage.java:format(72)) - Storage directory /workdir/hadoop-ozone/integration-test/target/test-dir/MiniOzoneClusterImpl-9ca535f6-0fbb-4439-9d4c-f895bd91215d/datanode-2/data/ratis/f1723c8e-851a-4bb1-a730-3f83d0637f53 has been successfully formatted.
2019-09-25 12:38:53,634 [pool-97-thread-1] INFO  ratis.ContainerStateMachine (ContainerStateMachine.java:loadSnapshot(230)) - group-3F83D0637F53: The snapshot info is null. Setting the last applied indexto:(t:0, i:~)
2019-09-25 12:38:53,635 [pool-97-thread-1] INFO  server.RaftServerConfigKeys (ConfUtils.java:logGet(43)) - raft.server.notification.no-leader.timeout = 120s (custom)
2019-09-25 12:38:53,635 [pool-97-thread-1] INFO  server.RaftServerConfigKeys (ConfUtils.java:logGet(43)) - raft.server.log.use.memory = false (default)
2019-09-25 12:38:53,635 [pool-97-thread-1] INFO  server.RaftServerConfigKeys (ConfUtils.java:logGet(43)) - raft.server.log.purge.gap = 1000000 (custom)
2019-09-25 12:38:53,635 [pool-97-thread-1] INFO  server.RaftServerConfigKeys (ConfUtils.java:logGet(43)) - raft.server.log.appender.buffer.byte-limit = 33554432 (custom)
2019-09-25 12:38:53,635 [pool-97-thread-1] INFO  server.RaftServerConfigKeys (ConfUtils.java:logGet(43)) - raft.server.log.segment.size.max = 1048576 (custom)
2019-09-25 12:38:53,635 [pool-97-thread-1] INFO  server.RaftServerConfigKeys (ConfUtils.java:logGet(43)) - raft.server.log.segment.cache.num.max = 2 (custom)
2019-09-25 12:38:53,635 [pool-97-thread-1] INFO  segmented.SegmentedRaftLogWorker (SegmentedRaftLogWorker.java:<init>(172)) - new 545258d5-b925-430f-abcd-ed5a31f9d81f@group-3F83D0637F53-SegmentedRaftLogWorker for RaftStorage:Storage Directory /workdir/hadoop-ozone/integration-test/target/test-dir/MiniOzoneClusterImpl-9ca535f6-0fbb-4439-9d4c-f895bd91215d/datanode-2/data/ratis/f1723c8e-851a-4bb1-a730-3f83d0637f53
2019-09-25 12:38:53,635 [pool-97-thread-1] INFO  server.RaftServerConfigKeys (ConfUtils.java:logGet(43)) - raft.server.log.queue.byte-limit = 2147483647 (custom)
2019-09-25 12:38:53,635 [pool-97-thread-1] INFO  server.RaftServerConfigKeys (ConfUtils.java:logGet(43)) - raft.server.log.queue.element-limit = 1024 (custom)
2019-09-25 12:38:53,636 [pool-97-thread-1] INFO  server.RaftServerConfigKeys (ConfUtils.java:logGet(43)) - raft.server.log.segment.size.max = 1048576 (custom)
2019-09-25 12:38:53,636 [pool-97-thread-1] INFO  server.RaftServerConfigKeys (ConfUtils.java:logGet(43)) - raft.server.log.preallocated.size = 16384 (custom)
2019-09-25 12:38:53,636 [pool-97-thread-1] INFO  server.RaftServerConfigKeys (ConfUtils.java:logGet(43)) - raft.server.log.write.buffer.size = 33554432 (custom)
2019-09-25 12:38:53,636 [pool-97-thread-1] INFO  server.RaftServerConfigKeys (ConfUtils.java:logGet(43)) - raft.server.log.force.sync.num = 128 (default)
2019-09-25 12:38:53,636 [pool-97-thread-1] INFO  server.RaftServerConfigKeys (ConfUtils.java:logGet(43)) - raft.server.log.statemachine.data.sync = true (default)
2019-09-25 12:38:53,636 [pool-97-thread-1] INFO  server.RaftServerConfigKeys (ConfUtils.java:logGet(43)) - raft.server.log.statemachine.data.sync.timeout = 10s (default)
2019-09-25 12:38:53,636 [pool-97-thread-1] INFO  server.RaftServerConfigKeys (ConfUtils.java:logGet(43)) - raft.server.log.statemachine.data.sync.timeout.retry = -1 (default)
2019-09-25 12:38:53,636 [pool-97-thread-1] INFO  server.RaftServerConfigKeys (ConfUtils.java:logGet(43)) - raft.server.log.statemachine.data.caching.enabled = true (custom)
2019-09-25 12:38:53,637 [pool-97-thread-1] INFO  segmented.SegmentedRaftLogWorker (SegmentedRaftLogWorker.java:lambda$new$0(132)) - 545258d5-b925-430f-abcd-ed5a31f9d81f@group-3F83D0637F53-SegmentedRaftLogWorker: flushIndex: setUnconditionally 0 -> -1
2019-09-25 12:38:53,637 [pool-97-thread-1] INFO  server.RaftServerConfigKeys (ConfUtils.java:logGet(43)) - raft.server.snapshot.auto.trigger.enabled = true (custom)
2019-09-25 12:38:53,637 [pool-97-thread-1] INFO  server.RaftServerConfigKeys (ConfUtils.java:logGet(43)) - raft.server.snapshot.auto.trigger.threshold = 10000 (custom)
2019-09-25 12:38:53,637 [pool-97-thread-1] INFO  server.RaftServerConfigKeys (ConfUtils.java:logGet(43)) - raft.server.snapshot.retention.num.files = 5 (custom)
2019-09-25 12:38:53,637 [pool-97-thread-1] INFO  server.RaftServerConfigKeys (ConfUtils.java:logGet(43)) - raft.server.retrycache.expirytime = 600000ms (custom)
2019-09-25 12:38:53,639 [pool-97-thread-1] INFO  impl.RaftServerImpl (RaftServerImpl.java:start(185)) - 545258d5-b925-430f-abcd-ed5a31f9d81f@group-3F83D0637F53: start as a follower, conf=-1: [545258d5-b925-430f-abcd-ed5a31f9d81f:192.168.151.73:36153], old=null
2019-09-25 12:38:53,639 [pool-97-thread-1] INFO  impl.RaftServerImpl (RaftServerImpl.java:setRole(174)) - 545258d5-b925-430f-abcd-ed5a31f9d81f@group-3F83D0637F53: changes role from      null to FOLLOWER at term 0 for startAsFollower
2019-09-25 12:38:53,640 [pool-97-thread-1] INFO  impl.RoleInfo (RoleInfo.java:updateAndGet(143)) - 545258d5-b925-430f-abcd-ed5a31f9d81f: start FollowerState
2019-09-25 12:38:53,640 [pool-97-thread-1] INFO  util.JmxRegister (JmxRegister.java:tryRegister(44)) - Successfully registered JMX Bean with object name Ratis:service=RaftServer,group=group-3F83D0637F53,id=545258d5-b925-430f-abcd-ed5a31f9d81f
2019-09-25 12:38:53,644 [RatisPipelineUtilsThread] INFO  pipeline.PipelineStateManager (PipelineStateManager.java:addPipeline(56)) - Created pipeline Pipeline[ Id: f1723c8e-851a-4bb1-a730-3f83d0637f53, Nodes: 545258d5-b925-430f-abcd-ed5a31f9d81f{ip: 192.168.151.73, host: pr-hdds-1569-shd4m-3693607622, networkLocation: /default-rack, certSerialId: null}, Type:RATIS, Factor:ONE, State:OPEN]
2019-09-25 12:38:53,644 [RatisPipelineUtilsThread] INFO  pipeline.PipelinePlacementPolicy (PipelinePlacementPolicy.java:meetCriteria(91)) - Pipeline Placement: can't place more pipeline on heavy datanode： 2e676ab4-a19e-46fc-8918-4e7d423281d0 Heaviness: 6 limit: 5
2019-09-25 12:38:53,644 [RatisPipelineUtilsThread] INFO  pipeline.PipelinePlacementPolicy (PipelinePlacementPolicy.java:meetCriteria(91)) - Pipeline Placement: can't place more pipeline on heavy datanode： ca279908-bd5b-4fc8-be99-e482437196bd Heaviness: 6 limit: 5
2019-09-25 12:38:53,653 [grpc-default-executor-0] INFO  impl.RaftServerProxy (RaftServerProxy.java:addNew(89)) - 545258d5-b925-430f-abcd-ed5a31f9d81f: addNew group-C04175F96730:[545258d5-b925-430f-abcd-ed5a31f9d81f:192.168.151.73:36153] returns group-C04175F96730:java.util.concurrent.CompletableFuture@17826d30[Not completed]
2019-09-25 12:38:53,654 [pool-97-thread-1] INFO  impl.RaftServerImpl (RaftServerImpl.java:<init>(95)) - 545258d5-b925-430f-abcd-ed5a31f9d81f: new RaftServerImpl for group-C04175F96730:[545258d5-b925-430f-abcd-ed5a31f9d81f:192.168.151.73:36153] with ContainerStateMachine:uninitialized
2019-09-25 12:38:53,654 [pool-97-thread-1] INFO  server.RaftServerConfigKeys (ConfUtils.java:logGet(43)) - raft.server.rpc.timeout.min = 5s (custom)
2019-09-25 12:38:53,654 [pool-97-thread-1] INFO  server.RaftServerConfigKeys (ConfUtils.java:logGet(43)) - raft.server.rpc.timeout.max = 5200ms (custom)
2019-09-25 12:38:53,654 [pool-97-thread-1] INFO  server.RaftServerConfigKeys (ConfUtils.java:logGet(43)) - raft.server.rpcslowness.timeout = 120s (custom)
2019-09-25 12:38:53,654 [pool-97-thread-1] INFO  server.RaftServerConfigKeys (ConfUtils.java:logGet(43)) - raft.server.sleep.deviation.threshold = 300 (default)
2019-09-25 12:38:53,654 [pool-97-thread-1] INFO  server.RaftServerConfigKeys (ConfUtils.java:logGet(43)) - raft.server.log.appender.install.snapshot.enabled = false (custom)
2019-09-25 12:38:53,654 [pool-97-thread-1] INFO  impl.RaftServerImpl (ServerState.java:<init>(103)) - 545258d5-b925-430f-abcd-ed5a31f9d81f@group-C04175F96730: ConfigurationManager, init=-1: [545258d5-b925-430f-abcd-ed5a31f9d81f:192.168.151.73:36153], old=null, confs=<EMPTY_MAP>
2019-09-25 12:38:53,654 [pool-97-thread-1] INFO  server.RaftServerConfigKeys (ConfUtils.java:logGet(43)) - raft.server.storage.dir = [/workdir/hadoop-ozone/integration-test/target/test-dir/MiniOzoneClusterImpl-9ca535f6-0fbb-4439-9d4c-f895bd91215d/datanode-2/data/ratis] (custom)
2019-09-25 12:38:53,655 [pool-97-thread-1] INFO  storage.RaftStorageDirectory (RaftStorageDirectory.java:analyzeStorage(246)) - The storage directory /workdir/hadoop-ozone/integration-test/target/test-dir/MiniOzoneClusterImpl-9ca535f6-0fbb-4439-9d4c-f895bd91215d/datanode-2/data/ratis/a5a36683-cddb-4325-93f4-c04175f96730 does not exist. Creating ...
2019-09-25 12:38:53,658 [pool-97-thread-1] INFO  storage.RaftStorageDirectory (RaftStorageDirectory.java:tryLock(328)) - Lock on /workdir/hadoop-ozone/integration-test/target/test-dir/MiniOzoneClusterImpl-9ca535f6-0fbb-4439-9d4c-f895bd91215d/datanode-2/data/ratis/a5a36683-cddb-4325-93f4-c04175f96730/in_use.lock acquired by nodename 9642@pr-hdds-1569-shd4m-3693607622
2019-09-25 12:38:53,661 [pool-97-thread-1] INFO  storage.RaftStorage (RaftStorage.java:format(72)) - Storage directory /workdir/hadoop-ozone/integration-test/target/test-dir/MiniOzoneClusterImpl-9ca535f6-0fbb-4439-9d4c-f895bd91215d/datanode-2/data/ratis/a5a36683-cddb-4325-93f4-c04175f96730 has been successfully formatted.
2019-09-25 12:38:53,662 [pool-97-thread-1] INFO  ratis.ContainerStateMachine (ContainerStateMachine.java:loadSnapshot(230)) - group-C04175F96730: The snapshot info is null. Setting the last applied indexto:(t:0, i:~)
2019-09-25 12:38:53,662 [pool-97-thread-1] INFO  server.RaftServerConfigKeys (ConfUtils.java:logGet(43)) - raft.server.notification.no-leader.timeout = 120s (custom)
2019-09-25 12:38:53,662 [pool-97-thread-1] INFO  server.RaftServerConfigKeys (ConfUtils.java:logGet(43)) - raft.server.log.use.memory = false (default)
2019-09-25 12:38:53,662 [pool-97-thread-1] INFO  server.RaftServerConfigKeys (ConfUtils.java:logGet(43)) - raft.server.log.purge.gap = 1000000 (custom)
2019-09-25 12:38:53,662 [pool-97-thread-1] INFO  server.RaftServerConfigKeys (ConfUtils.java:logGet(43)) - raft.server.log.appender.buffer.byte-limit = 33554432 (custom)
2019-09-25 12:38:53,662 [pool-97-thread-1] INFO  server.RaftServerConfigKeys (ConfUtils.java:logGet(43)) - raft.server.log.segment.size.max = 1048576 (custom)
2019-09-25 12:38:53,662 [pool-97-thread-1] INFO  server.RaftServerConfigKeys (ConfUtils.java:logGet(43)) - raft.server.log.segment.cache.num.max = 2 (custom)
2019-09-25 12:38:53,662 [pool-97-thread-1] INFO  segmented.SegmentedRaftLogWorker (SegmentedRaftLogWorker.java:<init>(172)) - new 545258d5-b925-430f-abcd-ed5a31f9d81f@group-C04175F96730-SegmentedRaftLogWorker for RaftStorage:Storage Directory /workdir/hadoop-ozone/integration-test/target/test-dir/MiniOzoneClusterImpl-9ca535f6-0fbb-4439-9d4c-f895bd91215d/datanode-2/data/ratis/a5a36683-cddb-4325-93f4-c04175f96730
2019-09-25 12:38:53,663 [pool-97-thread-1] INFO  server.RaftServerConfigKeys (ConfUtils.java:logGet(43)) - raft.server.log.queue.byte-limit = 2147483647 (custom)
2019-09-25 12:38:53,663 [pool-97-thread-1] INFO  server.RaftServerConfigKeys (ConfUtils.java:logGet(43)) - raft.server.log.queue.element-limit = 1024 (custom)
2019-09-25 12:38:53,663 [pool-97-thread-1] INFO  server.RaftServerConfigKeys (ConfUtils.java:logGet(43)) - raft.server.log.segment.size.max = 1048576 (custom)
2019-09-25 12:38:53,663 [pool-97-thread-1] INFO  server.RaftServerConfigKeys (ConfUtils.java:logGet(43)) - raft.server.log.preallocated.size = 16384 (custom)
2019-09-25 12:38:53,663 [pool-97-thread-1] INFO  server.RaftServerConfigKeys (ConfUtils.java:logGet(43)) - raft.server.log.write.buffer.size = 33554432 (custom)
2019-09-25 12:38:53,663 [pool-97-thread-1] INFO  server.RaftServerConfigKeys (ConfUtils.java:logGet(43)) - raft.server.log.force.sync.num = 128 (default)
2019-09-25 12:38:53,663 [pool-97-thread-1] INFO  server.RaftServerConfigKeys (ConfUtils.java:logGet(43)) - raft.server.log.statemachine.data.sync = true (default)
2019-09-25 12:38:53,663 [pool-97-thread-1] INFO  server.RaftServerConfigKeys (ConfUtils.java:logGet(43)) - raft.server.log.statemachine.data.sync.timeout = 10s (default)
2019-09-25 12:38:53,664 [pool-97-thread-1] INFO  server.RaftServerConfigKeys (ConfUtils.java:logGet(43)) - raft.server.log.statemachine.data.sync.timeout.retry = -1 (default)
2019-09-25 12:38:53,664 [pool-97-thread-1] INFO  server.RaftServerConfigKeys (ConfUtils.java:logGet(43)) - raft.server.log.statemachine.data.caching.enabled = true (custom)
2019-09-25 12:38:53,664 [pool-97-thread-1] INFO  segmented.SegmentedRaftLogWorker (SegmentedRaftLogWorker.java:lambda$new$0(132)) - 545258d5-b925-430f-abcd-ed5a31f9d81f@group-C04175F96730-SegmentedRaftLogWorker: flushIndex: setUnconditionally 0 -> -1
2019-09-25 12:38:53,664 [pool-97-thread-1] INFO  server.RaftServerConfigKeys (ConfUtils.java:logGet(43)) - raft.server.snapshot.auto.trigger.enabled = true (custom)
2019-09-25 12:38:53,664 [pool-97-thread-1] INFO  server.RaftServerConfigKeys (ConfUtils.java:logGet(43)) - raft.server.snapshot.auto.trigger.threshold = 10000 (custom)
2019-09-25 12:38:53,664 [pool-97-thread-1] INFO  server.RaftServerConfigKeys (ConfUtils.java:logGet(43)) - raft.server.snapshot.retention.num.files = 5 (custom)
2019-09-25 12:38:53,665 [pool-97-thread-1] INFO  server.RaftServerConfigKeys (ConfUtils.java:logGet(43)) - raft.server.retrycache.expirytime = 600000ms (custom)
2019-09-25 12:38:53,666 [pool-97-thread-1] INFO  impl.RaftServerImpl (RaftServerImpl.java:start(185)) - 545258d5-b925-430f-abcd-ed5a31f9d81f@group-C04175F96730: start as a follower, conf=-1: [545258d5-b925-430f-abcd-ed5a31f9d81f:192.168.151.73:36153], old=null
2019-09-25 12:38:53,666 [pool-97-thread-1] INFO  impl.RaftServerImpl (RaftServerImpl.java:setRole(174)) - 545258d5-b925-430f-abcd-ed5a31f9d81f@group-C04175F96730: changes role from      null to FOLLOWER at term 0 for startAsFollower
2019-09-25 12:38:53,667 [pool-97-thread-1] INFO  impl.RoleInfo (RoleInfo.java:updateAndGet(143)) - 545258d5-b925-430f-abcd-ed5a31f9d81f: start FollowerState
2019-09-25 12:38:53,667 [pool-97-thread-1] INFO  util.JmxRegister (JmxRegister.java:tryRegister(44)) - Successfully registered JMX Bean with object name Ratis:service=RaftServer,group=group-C04175F96730,id=545258d5-b925-430f-abcd-ed5a31f9d81f
2019-09-25 12:38:53,671 [RatisPipelineUtilsThread] INFO  pipeline.PipelineStateManager (PipelineStateManager.java:addPipeline(56)) - Created pipeline Pipeline[ Id: a5a36683-cddb-4325-93f4-c04175f96730, Nodes: 545258d5-b925-430f-abcd-ed5a31f9d81f{ip: 192.168.151.73, host: pr-hdds-1569-shd4m-3693607622, networkLocation: /default-rack, certSerialId: null}, Type:RATIS, Factor:ONE, State:OPEN]
2019-09-25 12:38:53,671 [RatisPipelineUtilsThread] INFO  pipeline.PipelinePlacementPolicy (PipelinePlacementPolicy.java:meetCriteria(91)) - Pipeline Placement: can't place more pipeline on heavy datanode： 2e676ab4-a19e-46fc-8918-4e7d423281d0 Heaviness: 6 limit: 5
2019-09-25 12:38:53,671 [RatisPipelineUtilsThread] INFO  pipeline.PipelinePlacementPolicy (PipelinePlacementPolicy.java:meetCriteria(91)) - Pipeline Placement: can't place more pipeline on heavy datanode： ca279908-bd5b-4fc8-be99-e482437196bd Heaviness: 6 limit: 5
2019-09-25 12:38:53,679 [grpc-default-executor-0] INFO  impl.RaftServerProxy (RaftServerProxy.java:addNew(89)) - 545258d5-b925-430f-abcd-ed5a31f9d81f: addNew group-530E895461FE:[545258d5-b925-430f-abcd-ed5a31f9d81f:192.168.151.73:36153] returns group-530E895461FE:java.util.concurrent.CompletableFuture@75d0d25b[Not completed]
2019-09-25 12:38:53,680 [pool-97-thread-1] INFO  impl.RaftServerImpl (RaftServerImpl.java:<init>(95)) - 545258d5-b925-430f-abcd-ed5a31f9d81f: new RaftServerImpl for group-530E895461FE:[545258d5-b925-430f-abcd-ed5a31f9d81f:192.168.151.73:36153] with ContainerStateMachine:uninitialized
2019-09-25 12:38:53,680 [pool-97-thread-1] INFO  server.RaftServerConfigKeys (ConfUtils.java:logGet(43)) - raft.server.rpc.timeout.min = 5s (custom)
2019-09-25 12:38:53,680 [pool-97-thread-1] INFO  server.RaftServerConfigKeys (ConfUtils.java:logGet(43)) - raft.server.rpc.timeout.max = 5200ms (custom)
2019-09-25 12:38:53,680 [pool-97-thread-1] INFO  server.RaftServerConfigKeys (ConfUtils.java:logGet(43)) - raft.server.rpcslowness.timeout = 120s (custom)
2019-09-25 12:38:53,680 [pool-97-thread-1] INFO  server.RaftServerConfigKeys (ConfUtils.java:logGet(43)) - raft.server.sleep.deviation.threshold = 300 (default)
2019-09-25 12:38:53,680 [pool-97-thread-1] INFO  server.RaftServerConfigKeys (ConfUtils.java:logGet(43)) - raft.server.log.appender.install.snapshot.enabled = false (custom)
2019-09-25 12:38:53,680 [pool-97-thread-1] INFO  impl.RaftServerImpl (ServerState.java:<init>(103)) - 545258d5-b925-430f-abcd-ed5a31f9d81f@group-530E895461FE: ConfigurationManager, init=-1: [545258d5-b925-430f-abcd-ed5a31f9d81f:192.168.151.73:36153], old=null, confs=<EMPTY_MAP>
2019-09-25 12:38:53,681 [pool-97-thread-1] INFO  server.RaftServerConfigKeys (ConfUtils.java:logGet(43)) - raft.server.storage.dir = [/workdir/hadoop-ozone/integration-test/target/test-dir/MiniOzoneClusterImpl-9ca535f6-0fbb-4439-9d4c-f895bd91215d/datanode-2/data/ratis] (custom)
2019-09-25 12:38:53,681 [pool-97-thread-1] INFO  storage.RaftStorageDirectory (RaftStorageDirectory.java:analyzeStorage(246)) - The storage directory /workdir/hadoop-ozone/integration-test/target/test-dir/MiniOzoneClusterImpl-9ca535f6-0fbb-4439-9d4c-f895bd91215d/datanode-2/data/ratis/b32c4f71-40dd-4202-b36b-530e895461fe does not exist. Creating ...
2019-09-25 12:38:53,695 [pool-97-thread-1] INFO  storage.RaftStorageDirectory (RaftStorageDirectory.java:tryLock(328)) - Lock on /workdir/hadoop-ozone/integration-test/target/test-dir/MiniOzoneClusterImpl-9ca535f6-0fbb-4439-9d4c-f895bd91215d/datanode-2/data/ratis/b32c4f71-40dd-4202-b36b-530e895461fe/in_use.lock acquired by nodename 9642@pr-hdds-1569-shd4m-3693607622
2019-09-25 12:38:53,707 [pool-97-thread-1] INFO  storage.RaftStorage (RaftStorage.java:format(72)) - Storage directory /workdir/hadoop-ozone/integration-test/target/test-dir/MiniOzoneClusterImpl-9ca535f6-0fbb-4439-9d4c-f895bd91215d/datanode-2/data/ratis/b32c4f71-40dd-4202-b36b-530e895461fe has been successfully formatted.
2019-09-25 12:38:53,707 [pool-97-thread-1] INFO  ratis.ContainerStateMachine (ContainerStateMachine.java:loadSnapshot(230)) - group-530E895461FE: The snapshot info is null. Setting the last applied indexto:(t:0, i:~)
2019-09-25 12:38:53,708 [pool-97-thread-1] INFO  server.RaftServerConfigKeys (ConfUtils.java:logGet(43)) - raft.server.notification.no-leader.timeout = 120s (custom)
2019-09-25 12:38:53,708 [pool-97-thread-1] INFO  server.RaftServerConfigKeys (ConfUtils.java:logGet(43)) - raft.server.log.use.memory = false (default)
2019-09-25 12:38:53,708 [pool-97-thread-1] INFO  server.RaftServerConfigKeys (ConfUtils.java:logGet(43)) - raft.server.log.purge.gap = 1000000 (custom)
2019-09-25 12:38:53,708 [pool-97-thread-1] INFO  server.RaftServerConfigKeys (ConfUtils.java:logGet(43)) - raft.server.log.appender.buffer.byte-limit = 33554432 (custom)
2019-09-25 12:38:53,708 [pool-97-thread-1] INFO  server.RaftServerConfigKeys (ConfUtils.java:logGet(43)) - raft.server.log.segment.size.max = 1048576 (custom)
2019-09-25 12:38:53,708 [pool-97-thread-1] INFO  server.RaftServerConfigKeys (ConfUtils.java:logGet(43)) - raft.server.log.segment.cache.num.max = 2 (custom)
2019-09-25 12:38:53,708 [pool-97-thread-1] INFO  segmented.SegmentedRaftLogWorker (SegmentedRaftLogWorker.java:<init>(172)) - new 545258d5-b925-430f-abcd-ed5a31f9d81f@group-530E895461FE-SegmentedRaftLogWorker for RaftStorage:Storage Directory /workdir/hadoop-ozone/integration-test/target/test-dir/MiniOzoneClusterImpl-9ca535f6-0fbb-4439-9d4c-f895bd91215d/datanode-2/data/ratis/b32c4f71-40dd-4202-b36b-530e895461fe
2019-09-25 12:38:53,708 [pool-97-thread-1] INFO  server.RaftServerConfigKeys (ConfUtils.java:logGet(43)) - raft.server.log.queue.byte-limit = 2147483647 (custom)
2019-09-25 12:38:53,708 [pool-97-thread-1] INFO  server.RaftServerConfigKeys (ConfUtils.java:logGet(43)) - raft.server.log.queue.element-limit = 1024 (custom)
2019-09-25 12:38:53,709 [pool-97-thread-1] INFO  server.RaftServerConfigKeys (ConfUtils.java:logGet(43)) - raft.server.log.segment.size.max = 1048576 (custom)
2019-09-25 12:38:53,709 [pool-97-thread-1] INFO  server.RaftServerConfigKeys (ConfUtils.java:logGet(43)) - raft.server.log.preallocated.size = 16384 (custom)
2019-09-25 12:38:53,709 [pool-97-thread-1] INFO  server.RaftServerConfigKeys (ConfUtils.java:logGet(43)) - raft.server.log.write.buffer.size = 33554432 (custom)
2019-09-25 12:38:53,709 [pool-97-thread-1] INFO  server.RaftServerConfigKeys (ConfUtils.java:logGet(43)) - raft.server.log.force.sync.num = 128 (default)
2019-09-25 12:38:53,709 [pool-97-thread-1] INFO  server.RaftServerConfigKeys (ConfUtils.java:logGet(43)) - raft.server.log.statemachine.data.sync = true (default)
2019-09-25 12:38:53,709 [pool-97-thread-1] INFO  server.RaftServerConfigKeys (ConfUtils.java:logGet(43)) - raft.server.log.statemachine.data.sync.timeout = 10s (default)
2019-09-25 12:38:53,709 [pool-97-thread-1] INFO  server.RaftServerConfigKeys (ConfUtils.java:logGet(43)) - raft.server.log.statemachine.data.sync.timeout.retry = -1 (default)
2019-09-25 12:38:53,709 [pool-97-thread-1] INFO  server.RaftServerConfigKeys (ConfUtils.java:logGet(43)) - raft.server.log.statemachine.data.caching.enabled = true (custom)
2019-09-25 12:38:53,710 [pool-97-thread-1] INFO  segmented.SegmentedRaftLogWorker (SegmentedRaftLogWorker.java:lambda$new$0(132)) - 545258d5-b925-430f-abcd-ed5a31f9d81f@group-530E895461FE-SegmentedRaftLogWorker: flushIndex: setUnconditionally 0 -> -1
2019-09-25 12:38:53,710 [pool-97-thread-1] INFO  server.RaftServerConfigKeys (ConfUtils.java:logGet(43)) - raft.server.snapshot.auto.trigger.enabled = true (custom)
2019-09-25 12:38:53,710 [pool-97-thread-1] INFO  server.RaftServerConfigKeys (ConfUtils.java:logGet(43)) - raft.server.snapshot.auto.trigger.threshold = 10000 (custom)
2019-09-25 12:38:53,710 [pool-97-thread-1] INFO  server.RaftServerConfigKeys (ConfUtils.java:logGet(43)) - raft.server.snapshot.retention.num.files = 5 (custom)
2019-09-25 12:38:53,710 [pool-97-thread-1] INFO  server.RaftServerConfigKeys (ConfUtils.java:logGet(43)) - raft.server.retrycache.expirytime = 600000ms (custom)
2019-09-25 12:38:53,712 [pool-97-thread-1] INFO  impl.RaftServerImpl (RaftServerImpl.java:start(185)) - 545258d5-b925-430f-abcd-ed5a31f9d81f@group-530E895461FE: start as a follower, conf=-1: [545258d5-b925-430f-abcd-ed5a31f9d81f:192.168.151.73:36153], old=null
2019-09-25 12:38:53,712 [pool-97-thread-1] INFO  impl.RaftServerImpl (RaftServerImpl.java:setRole(174)) - 545258d5-b925-430f-abcd-ed5a31f9d81f@group-530E895461FE: changes role from      null to FOLLOWER at term 0 for startAsFollower
2019-09-25 12:38:53,712 [pool-97-thread-1] INFO  impl.RoleInfo (RoleInfo.java:updateAndGet(143)) - 545258d5-b925-430f-abcd-ed5a31f9d81f: start FollowerState
2019-09-25 12:38:53,712 [pool-97-thread-1] INFO  util.JmxRegister (JmxRegister.java:tryRegister(44)) - Successfully registered JMX Bean with object name Ratis:service=RaftServer,group=group-530E895461FE,id=545258d5-b925-430f-abcd-ed5a31f9d81f
2019-09-25 12:38:53,716 [RatisPipelineUtilsThread] INFO  pipeline.PipelineStateManager (PipelineStateManager.java:addPipeline(56)) - Created pipeline Pipeline[ Id: b32c4f71-40dd-4202-b36b-530e895461fe, Nodes: 545258d5-b925-430f-abcd-ed5a31f9d81f{ip: 192.168.151.73, host: pr-hdds-1569-shd4m-3693607622, networkLocation: /default-rack, certSerialId: null}, Type:RATIS, Factor:ONE, State:OPEN]
2019-09-25 12:38:53,716 [RatisPipelineUtilsThread] INFO  pipeline.PipelinePlacementPolicy (PipelinePlacementPolicy.java:meetCriteria(91)) - Pipeline Placement: can't place more pipeline on heavy datanode： 2e676ab4-a19e-46fc-8918-4e7d423281d0 Heaviness: 6 limit: 5
2019-09-25 12:38:53,717 [RatisPipelineUtilsThread] INFO  pipeline.PipelinePlacementPolicy (PipelinePlacementPolicy.java:meetCriteria(91)) - Pipeline Placement: can't place more pipeline on heavy datanode： ca279908-bd5b-4fc8-be99-e482437196bd Heaviness: 6 limit: 5
2019-09-25 12:38:53,717 [RatisPipelineUtilsThread] INFO  pipeline.PipelinePlacementPolicy (PipelinePlacementPolicy.java:meetCriteria(91)) - Pipeline Placement: can't place more pipeline on heavy datanode： 545258d5-b925-430f-abcd-ed5a31f9d81f Heaviness: 6 limit: 5
2019-09-25 12:38:53,717 [RatisPipelineUtilsThread] ERROR pipeline.PipelinePlacementPolicy (PipelinePlacementPolicy.java:filterViableNodes(148)) - Unable to find enough nodes that meet the criteria that cannot engage in more than 5 pipelines. Nodes required: 1 Found: 0, healthy nodes count inNodeManager: 3.
2019-09-25 12:38:53,717 [RatisPipelineUtilsThread] ERROR pipeline.SCMPipelineManager (SCMPipelineManager.java:createPipeline(167)) - Pipeline creation failed.
org.apache.hadoop.hdds.scm.exceptions.SCMException: Unable to find enough nodes that meet the criteria that cannot engage in more than 5 pipelines. Nodes required: 1 Found: 0, healthy nodes count inNodeManager: 3.
	at org.apache.hadoop.hdds.scm.pipeline.PipelinePlacementPolicy.filterViableNodes(PipelinePlacementPolicy.java:149)
	at org.apache.hadoop.hdds.scm.pipeline.PipelinePlacementPolicy.chooseDatanodes(PipelinePlacementPolicy.java:172)
	at org.apache.hadoop.hdds.scm.pipeline.RatisPipelineProvider.create(RatisPipelineProvider.java:93)
	at org.apache.hadoop.hdds.scm.pipeline.PipelineFactory.create(PipelineFactory.java:58)
	at org.apache.hadoop.hdds.scm.pipeline.SCMPipelineManager.createPipeline(SCMPipelineManager.java:155)
	at org.apache.hadoop.hdds.scm.pipeline.BackgroundPipelineCreator.createPipelines(BackgroundPipelineCreator.java:99)
	at java.util.concurrent.Executors$RunnableAdapter.call(Executors.java:511)
	at java.util.concurrent.FutureTask.run(FutureTask.java:266)
	at java.util.concurrent.ScheduledThreadPoolExecutor$ScheduledFutureTask.access$201(ScheduledThreadPoolExecutor.java:180)
	at java.util.concurrent.ScheduledThreadPoolExecutor$ScheduledFutureTask.run(ScheduledThreadPoolExecutor.java:293)
	at java.util.concurrent.ThreadPoolExecutor.runWorker(ThreadPoolExecutor.java:1149)
	at java.util.concurrent.ThreadPoolExecutor$Worker.run(ThreadPoolExecutor.java:624)
	at java.lang.Thread.run(Thread.java:748)
2019-09-25 12:38:53,718 [RatisPipelineUtilsThread] INFO  pipeline.PipelinePlacementPolicy (PipelinePlacementPolicy.java:meetCriteria(91)) - Pipeline Placement: can't place more pipeline on heavy datanode： 2e676ab4-a19e-46fc-8918-4e7d423281d0 Heaviness: 6 limit: 5
2019-09-25 12:38:53,718 [RatisPipelineUtilsThread] INFO  pipeline.PipelinePlacementPolicy (PipelinePlacementPolicy.java:meetCriteria(91)) - Pipeline Placement: can't place more pipeline on heavy datanode： ca279908-bd5b-4fc8-be99-e482437196bd Heaviness: 6 limit: 5
2019-09-25 12:38:53,718 [RatisPipelineUtilsThread] INFO  pipeline.PipelinePlacementPolicy (PipelinePlacementPolicy.java:meetCriteria(91)) - Pipeline Placement: can't place more pipeline on heavy datanode： 545258d5-b925-430f-abcd-ed5a31f9d81f Heaviness: 6 limit: 5
2019-09-25 12:38:53,719 [RatisPipelineUtilsThread] ERROR pipeline.PipelinePlacementPolicy (PipelinePlacementPolicy.java:filterViableNodes(148)) - Unable to find enough nodes that meet the criteria that cannot engage in more than 5 pipelines. Nodes required: 3 Found: 0, healthy nodes count inNodeManager: 3.
2019-09-25 12:38:53,719 [RatisPipelineUtilsThread] ERROR pipeline.SCMPipelineManager (SCMPipelineManager.java:createPipeline(167)) - Pipeline creation failed.
org.apache.hadoop.hdds.scm.exceptions.SCMException: Unable to find enough nodes that meet the criteria that cannot engage in more than 5 pipelines. Nodes required: 3 Found: 0, healthy nodes count inNodeManager: 3.
	at org.apache.hadoop.hdds.scm.pipeline.PipelinePlacementPolicy.filterViableNodes(PipelinePlacementPolicy.java:149)
	at org.apache.hadoop.hdds.scm.pipeline.PipelinePlacementPolicy.chooseDatanodes(PipelinePlacementPolicy.java:172)
	at org.apache.hadoop.hdds.scm.pipeline.RatisPipelineProvider.create(RatisPipelineProvider.java:93)
	at org.apache.hadoop.hdds.scm.pipeline.PipelineFactory.create(PipelineFactory.java:58)
	at org.apache.hadoop.hdds.scm.pipeline.SCMPipelineManager.createPipeline(SCMPipelineManager.java:155)
	at org.apache.hadoop.hdds.scm.pipeline.BackgroundPipelineCreator.createPipelines(BackgroundPipelineCreator.java:99)
	at java.util.concurrent.Executors$RunnableAdapter.call(Executors.java:511)
	at java.util.concurrent.FutureTask.run(FutureTask.java:266)
	at java.util.concurrent.ScheduledThreadPoolExecutor$ScheduledFutureTask.access$201(ScheduledThreadPoolExecutor.java:180)
	at java.util.concurrent.ScheduledThreadPoolExecutor$ScheduledFutureTask.run(ScheduledThreadPoolExecutor.java:293)
	at java.util.concurrent.ThreadPoolExecutor.runWorker(ThreadPoolExecutor.java:1149)
	at java.util.concurrent.ThreadPoolExecutor$Worker.run(ThreadPoolExecutor.java:624)
	at java.lang.Thread.run(Thread.java:748)
2019-09-25 12:38:53,719 [RatisPipelineUtilsThread] INFO  pipeline.PipelinePlacementPolicy (PipelinePlacementPolicy.java:meetCriteria(91)) - Pipeline Placement: can't place more pipeline on heavy datanode： 2e676ab4-a19e-46fc-8918-4e7d423281d0 Heaviness: 6 limit: 5
2019-09-25 12:38:53,720 [RatisPipelineUtilsThread] INFO  pipeline.PipelinePlacementPolicy (PipelinePlacementPolicy.java:meetCriteria(91)) - Pipeline Placement: can't place more pipeline on heavy datanode： ca279908-bd5b-4fc8-be99-e482437196bd Heaviness: 6 limit: 5
2019-09-25 12:38:53,720 [RatisPipelineUtilsThread] INFO  pipeline.PipelinePlacementPolicy (PipelinePlacementPolicy.java:meetCriteria(91)) - Pipeline Placement: can't place more pipeline on heavy datanode： 545258d5-b925-430f-abcd-ed5a31f9d81f Heaviness: 6 limit: 5
2019-09-25 12:38:53,720 [RatisPipelineUtilsThread] ERROR pipeline.PipelinePlacementPolicy (PipelinePlacementPolicy.java:filterViableNodes(148)) - Unable to find enough nodes that meet the criteria that cannot engage in more than 5 pipelines. Nodes required: 1 Found: 0, healthy nodes count inNodeManager: 3.
2019-09-25 12:38:53,720 [RatisPipelineUtilsThread] ERROR pipeline.SCMPipelineManager (SCMPipelineManager.java:createPipeline(167)) - Pipeline creation failed.
org.apache.hadoop.hdds.scm.exceptions.SCMException: Unable to find enough nodes that meet the criteria that cannot engage in more than 5 pipelines. Nodes required: 1 Found: 0, healthy nodes count inNodeManager: 3.
	at org.apache.hadoop.hdds.scm.pipeline.PipelinePlacementPolicy.filterViableNodes(PipelinePlacementPolicy.java:149)
	at org.apache.hadoop.hdds.scm.pipeline.PipelinePlacementPolicy.chooseDatanodes(PipelinePlacementPolicy.java:172)
	at org.apache.hadoop.hdds.scm.pipeline.RatisPipelineProvider.create(RatisPipelineProvider.java:93)
	at org.apache.hadoop.hdds.scm.pipeline.PipelineFactory.create(PipelineFactory.java:58)
	at org.apache.hadoop.hdds.scm.pipeline.SCMPipelineManager.createPipeline(SCMPipelineManager.java:155)
	at org.apache.hadoop.hdds.scm.pipeline.BackgroundPipelineCreator.createPipelines(BackgroundPipelineCreator.java:99)
	at org.apache.hadoop.hdds.scm.pipeline.BackgroundPipelineCreator.lambda$startFixedIntervalPipelineCreator$0(BackgroundPipelineCreator.java:70)
	at java.util.concurrent.Executors$RunnableAdapter.call(Executors.java:511)
	at java.util.concurrent.FutureTask.runAndReset(FutureTask.java:308)
	at java.util.concurrent.ScheduledThreadPoolExecutor$ScheduledFutureTask.access$301(ScheduledThreadPoolExecutor.java:180)
	at java.util.concurrent.ScheduledThreadPoolExecutor$ScheduledFutureTask.run(ScheduledThreadPoolExecutor.java:294)
	at java.util.concurrent.ThreadPoolExecutor.runWorker(ThreadPoolExecutor.java:1149)
	at java.util.concurrent.ThreadPoolExecutor$Worker.run(ThreadPoolExecutor.java:624)
	at java.lang.Thread.run(Thread.java:748)
2019-09-25 12:38:53,721 [RatisPipelineUtilsThread] INFO  pipeline.PipelinePlacementPolicy (PipelinePlacementPolicy.java:meetCriteria(91)) - Pipeline Placement: can't place more pipeline on heavy datanode： 2e676ab4-a19e-46fc-8918-4e7d423281d0 Heaviness: 6 limit: 5
2019-09-25 12:38:53,721 [RatisPipelineUtilsThread] INFO  pipeline.PipelinePlacementPolicy (PipelinePlacementPolicy.java:meetCriteria(91)) - Pipeline Placement: can't place more pipeline on heavy datanode： ca279908-bd5b-4fc8-be99-e482437196bd Heaviness: 6 limit: 5
2019-09-25 12:38:53,721 [RatisPipelineUtilsThread] INFO  pipeline.PipelinePlacementPolicy (PipelinePlacementPolicy.java:meetCriteria(91)) - Pipeline Placement: can't place more pipeline on heavy datanode： 545258d5-b925-430f-abcd-ed5a31f9d81f Heaviness: 6 limit: 5
2019-09-25 12:38:53,721 [RatisPipelineUtilsThread] ERROR pipeline.PipelinePlacementPolicy (PipelinePlacementPolicy.java:filterViableNodes(148)) - Unable to find enough nodes that meet the criteria that cannot engage in more than 5 pipelines. Nodes required: 3 Found: 0, healthy nodes count inNodeManager: 3.
2019-09-25 12:38:53,722 [RatisPipelineUtilsThread] ERROR pipeline.SCMPipelineManager (SCMPipelineManager.java:createPipeline(167)) - Pipeline creation failed.
org.apache.hadoop.hdds.scm.exceptions.SCMException: Unable to find enough nodes that meet the criteria that cannot engage in more than 5 pipelines. Nodes required: 3 Found: 0, healthy nodes count inNodeManager: 3.
	at org.apache.hadoop.hdds.scm.pipeline.PipelinePlacementPolicy.filterViableNodes(PipelinePlacementPolicy.java:149)
	at org.apache.hadoop.hdds.scm.pipeline.PipelinePlacementPolicy.chooseDatanodes(PipelinePlacementPolicy.java:172)
	at org.apache.hadoop.hdds.scm.pipeline.RatisPipelineProvider.create(RatisPipelineProvider.java:93)
	at org.apache.hadoop.hdds.scm.pipeline.PipelineFactory.create(PipelineFactory.java:58)
	at org.apache.hadoop.hdds.scm.pipeline.SCMPipelineManager.createPipeline(SCMPipelineManager.java:155)
	at org.apache.hadoop.hdds.scm.pipeline.BackgroundPipelineCreator.createPipelines(BackgroundPipelineCreator.java:99)
	at org.apache.hadoop.hdds.scm.pipeline.BackgroundPipelineCreator.lambda$startFixedIntervalPipelineCreator$0(BackgroundPipelineCreator.java:70)
	at java.util.concurrent.Executors$RunnableAdapter.call(Executors.java:511)
	at java.util.concurrent.FutureTask.runAndReset(FutureTask.java:308)
	at java.util.concurrent.ScheduledThreadPoolExecutor$ScheduledFutureTask.access$301(ScheduledThreadPoolExecutor.java:180)
	at java.util.concurrent.ScheduledThreadPoolExecutor$ScheduledFutureTask.run(ScheduledThreadPoolExecutor.java:294)
	at java.util.concurrent.ThreadPoolExecutor.runWorker(ThreadPoolExecutor.java:1149)
	at java.util.concurrent.ThreadPoolExecutor$Worker.run(ThreadPoolExecutor.java:624)
	at java.lang.Thread.run(Thread.java:748)
2019-09-25 12:38:54,028 [main] INFO  ozone.MiniOzoneClusterImpl (MiniOzoneClusterImpl.java:lambda$waitForClusterToBeReady$0(147)) - Cluster is ready. Got 3 of 3 DN Heartbeats.
2019-09-25 12:38:54,030 [main] INFO  pipeline.PipelinePlacementPolicy (PipelinePlacementPolicy.java:meetCriteria(91)) - Pipeline Placement: can't place more pipeline on heavy datanode： 2e676ab4-a19e-46fc-8918-4e7d423281d0 Heaviness: 6 limit: 5
2019-09-25 12:38:54,031 [main] INFO  pipeline.PipelinePlacementPolicy (PipelinePlacementPolicy.java:meetCriteria(91)) - Pipeline Placement: can't place more pipeline on heavy datanode： ca279908-bd5b-4fc8-be99-e482437196bd Heaviness: 6 limit: 5
2019-09-25 12:38:54,031 [main] INFO  pipeline.PipelinePlacementPolicy (PipelinePlacementPolicy.java:meetCriteria(91)) - Pipeline Placement: can't place more pipeline on heavy datanode： 545258d5-b925-430f-abcd-ed5a31f9d81f Heaviness: 6 limit: 5
2019-09-25 12:38:54,031 [main] ERROR pipeline.PipelinePlacementPolicy (PipelinePlacementPolicy.java:filterViableNodes(148)) - Unable to find enough nodes that meet the criteria that cannot engage in more than 5 pipelines. Nodes required: 3 Found: 0, healthy nodes count inNodeManager: 3.
2019-09-25 12:38:54,032 [main] ERROR pipeline.SCMPipelineManager (SCMPipelineManager.java:createPipeline(167)) - Pipeline creation failed.
org.apache.hadoop.hdds.scm.exceptions.SCMException: Unable to find enough nodes that meet the criteria that cannot engage in more than 5 pipelines. Nodes required: 3 Found: 0, healthy nodes count inNodeManager: 3.
	at org.apache.hadoop.hdds.scm.pipeline.PipelinePlacementPolicy.filterViableNodes(PipelinePlacementPolicy.java:149)
	at org.apache.hadoop.hdds.scm.pipeline.PipelinePlacementPolicy.chooseDatanodes(PipelinePlacementPolicy.java:172)
	at org.apache.hadoop.hdds.scm.pipeline.RatisPipelineProvider.create(RatisPipelineProvider.java:93)
	at org.apache.hadoop.hdds.scm.pipeline.PipelineFactory.create(PipelineFactory.java:58)
	at org.apache.hadoop.hdds.scm.pipeline.SCMPipelineManager.createPipeline(SCMPipelineManager.java:155)
	at org.apache.hadoop.hdds.scm.container.ContainerStateManager.allocateContainer(ContainerStateManager.java:255)
	at org.apache.hadoop.hdds.scm.container.SCMContainerManager.allocateContainer(SCMContainerManager.java:247)
	at org.apache.hadoop.hdds.scm.pipeline.TestPipelineClose.init(TestPipelineClose.java:92)
	at sun.reflect.NativeMethodAccessorImpl.invoke0(Native Method)
	at sun.reflect.NativeMethodAccessorImpl.invoke(NativeMethodAccessorImpl.java:62)
	at sun.reflect.DelegatingMethodAccessorImpl.invoke(DelegatingMethodAccessorImpl.java:43)
	at java.lang.reflect.Method.invoke(Method.java:498)
	at org.junit.runners.model.FrameworkMethod$1.runReflectiveCall(FrameworkMethod.java:47)
	at org.junit.internal.runners.model.ReflectiveCallable.run(ReflectiveCallable.java:12)
	at org.junit.runners.model.FrameworkMethod.invokeExplosively(FrameworkMethod.java:44)
	at org.junit.internal.runners.statements.RunBefores.evaluate(RunBefores.java:24)
	at org.junit.internal.runners.statements.RunAfters.evaluate(RunAfters.java:27)
	at org.junit.runners.ParentRunner.runLeaf(ParentRunner.java:271)
	at org.junit.runners.BlockJUnit4ClassRunner.runChild(BlockJUnit4ClassRunner.java:70)
	at org.junit.runners.BlockJUnit4ClassRunner.runChild(BlockJUnit4ClassRunner.java:50)
	at org.junit.runners.ParentRunner$3.run(ParentRunner.java:238)
	at org.junit.runners.ParentRunner$1.schedule(ParentRunner.java:63)
	at org.junit.runners.ParentRunner.runChildren(ParentRunner.java:236)
	at org.junit.runners.ParentRunner.access$000(ParentRunner.java:53)
	at org.junit.runners.ParentRunner$2.evaluate(ParentRunner.java:229)
	at org.junit.runners.ParentRunner.run(ParentRunner.java:309)
	at org.apache.maven.surefire.junit4.JUnit4Provider.execute(JUnit4Provider.java:365)
	at org.apache.maven.surefire.junit4.JUnit4Provider.executeWithRerun(JUnit4Provider.java:273)
	at org.apache.maven.surefire.junit4.JUnit4Provider.executeTestSet(JUnit4Provider.java:238)
	at org.apache.maven.surefire.junit4.JUnit4Provider.invoke(JUnit4Provider.java:159)
	at org.apache.maven.surefire.booter.ForkedBooter.invokeProviderInSameClassLoader(ForkedBooter.java:384)
	at org.apache.maven.surefire.booter.ForkedBooter.runSuitesInProcess(ForkedBooter.java:345)
	at org.apache.maven.surefire.booter.ForkedBooter.execute(ForkedBooter.java:126)
	at org.apache.maven.surefire.booter.ForkedBooter.main(ForkedBooter.java:418)
2019-09-25 12:38:54,033 [main] INFO  ozone.MiniOzoneClusterImpl (MiniOzoneClusterImpl.java:shutdown(314)) - Shutting down the Mini Ozone Cluster
2019-09-25 12:38:54,033 [main] INFO  ozone.MiniOzoneClusterImpl (MiniOzoneClusterImpl.java:stop(330)) - Stopping the Mini Ozone Cluster
2019-09-25 12:38:54,034 [main] INFO  ozone.MiniOzoneClusterImpl (MiniOzoneClusterImpl.java:stopOM(400)) - Stopping the OzoneManager
2019-09-25 12:38:54,034 [main] INFO  ipc.Server (Server.java:stop(3082)) - Stopping server on 45263
2019-09-25 12:38:54,043 [main] INFO  ratis.OzoneManagerDoubleBuffer (OzoneManagerDoubleBuffer.java:stop(248)) - Stopping OMDoubleBuffer flush thread
2019-09-25 12:38:54,048 [IPC Server Responder] INFO  ipc.Server (Server.java:run(1319)) - Stopping IPC Server Responder
2019-09-25 12:38:54,054 [OMDoubleBufferFlushThread] INFO  ratis.OzoneManagerDoubleBuffer (OzoneManagerDoubleBuffer.java:flushTransactions(191)) - OMDoubleBuffer flush thread OMDoubleBufferFlushThread is interrupted and will exit. OMDoubleBufferFlushThread
2019-09-25 12:38:54,045 [IPC Server listener on 45263] INFO  ipc.Server (Server.java:run(1185)) - Stopping IPC Server listener on 45263
2019-09-25 12:38:54,059 [main] INFO  utils.BackgroundService (BackgroundService.java:shutdown(148)) - Shutting down service KeyDeletingService
2019-09-25 12:38:54,071 [main] INFO  handler.ContextHandler (ContextHandler.java:doStop(910)) - Stopped o.e.j.w.WebAppContext@5a3a1bf9{/,null,UNAVAILABLE}{/ozoneManager}
2019-09-25 12:38:54,072 [main] INFO  server.AbstractConnector (AbstractConnector.java:doStop(318)) - Stopped ServerConnector@2100d047{HTTP/1.1,[http/1.1]}{0.0.0.0:0}
2019-09-25 12:38:54,072 [main] INFO  handler.ContextHandler (ContextHandler.java:doStop(910)) - Stopped o.e.j.s.ServletContextHandler@663bb8ef{/static,file:///workdir/hadoop-ozone/integration-test/target/test-classes/webapps/static,UNAVAILABLE}
2019-09-25 12:38:54,073 [main] INFO  handler.ContextHandler (ContextHandler.java:doStop(910)) - Stopped o.e.j.s.ServletContextHandler@31dfc6f5{/logs,file:///workdir/hadoop-ozone/integration-test/target/log,UNAVAILABLE}
2019-09-25 12:38:54,076 [main] INFO  ozone.MiniOzoneClusterImpl (MiniOzoneClusterImpl.java:stopDatanodes(377)) - Stopping the HddsDatanodes
2019-09-25 12:38:54,830 [Datanode State Machine Thread - 0] INFO  statemachine.DatanodeStateMachine (DatanodeStateMachine.java:lambda$startDaemon$0(350)) - Ozone container server started.
2019-09-25 12:38:54,930 [Datanode State Machine Thread - 0] INFO  statemachine.DatanodeStateMachine (DatanodeStateMachine.java:lambda$startDaemon$0(350)) - Ozone container server started.
2019-09-25 12:38:55,843 [Thread-441] INFO  container.ReplicationManager (ReplicationManager.java:start(163)) - Starting Replication Monitor Thread.
2019-09-25 12:38:55,846 [ReplicationMonitor] INFO  container.ReplicationManager (ReplicationManager.java:run(226)) - Replication Monitor Thread took 0 milliseconds for processing 0 containers.
2019-09-25 12:38:58,064 [Thread-443] INFO  impl.FollowerState (FollowerState.java:run(106)) - 2e676ab4-a19e-46fc-8918-4e7d423281d0:group-B298DFDAC2B0 changes to CANDIDATE, lastRpcTime:5156, electionTimeout:5156ms
2019-09-25 12:38:58,064 [Thread-443] INFO  impl.RoleInfo (RoleInfo.java:shutdownFollowerState(121)) - 2e676ab4-a19e-46fc-8918-4e7d423281d0: shutdown FollowerState
2019-09-25 12:38:58,064 [Thread-443] INFO  impl.RaftServerImpl (RaftServerImpl.java:setRole(174)) - 2e676ab4-a19e-46fc-8918-4e7d423281d0@group-B298DFDAC2B0: changes role from  FOLLOWER to CANDIDATE at term 0 for changeToCandidate
2019-09-25 12:38:58,065 [Thread-443] INFO  impl.RoleInfo (RoleInfo.java:updateAndGet(143)) - 2e676ab4-a19e-46fc-8918-4e7d423281d0: start LeaderElection
2019-09-25 12:38:58,099 [2e676ab4-a19e-46fc-8918-4e7d423281d0@group-B298DFDAC2B0:LeaderElection19] INFO  impl.LeaderElection (LeaderElection.java:askForVotes(182)) - 2e676ab4-a19e-46fc-8918-4e7d423281d0@group-B298DFDAC2B0:LeaderElection19: begin an election at term 1 for -1: [2e676ab4-a19e-46fc-8918-4e7d423281d0:192.168.151.73:33261], old=null
2019-09-25 12:38:58,100 [2e676ab4-a19e-46fc-8918-4e7d423281d0@group-B298DFDAC2B0:LeaderElection19] INFO  impl.RoleInfo (RoleInfo.java:shutdownLeaderElection(134)) - 2e676ab4-a19e-46fc-8918-4e7d423281d0: shutdown LeaderElection
2019-09-25 12:38:58,100 [2e676ab4-a19e-46fc-8918-4e7d423281d0@group-B298DFDAC2B0:LeaderElection19] INFO  impl.RaftServerImpl (RaftServerImpl.java:setRole(174)) - 2e676ab4-a19e-46fc-8918-4e7d423281d0@group-B298DFDAC2B0: changes role from CANDIDATE to LEADER at term 1 for changeToLeader
2019-09-25 12:38:58,100 [2e676ab4-a19e-46fc-8918-4e7d423281d0@group-B298DFDAC2B0:LeaderElection19] INFO  impl.RaftServerImpl (ServerState.java:setLeader(253)) - 2e676ab4-a19e-46fc-8918-4e7d423281d0@group-B298DFDAC2B0: change Leader from null to 2e676ab4-a19e-46fc-8918-4e7d423281d0 at term 1 for becomeLeader, leader elected after 5203ms
2019-09-25 12:38:58,102 [2e676ab4-a19e-46fc-8918-4e7d423281d0@group-B298DFDAC2B0:LeaderElection19] INFO  server.RaftServerConfigKeys (ConfUtils.java:logGet(43)) - raft.server.staging.catchup.gap = 1000 (default)
2019-09-25 12:38:58,102 [2e676ab4-a19e-46fc-8918-4e7d423281d0@group-B298DFDAC2B0:LeaderElection19] INFO  server.RaftServerConfigKeys (ConfUtils.java:logGet(43)) - raft.server.rpc.sleep.time = 25ms (default)
2019-09-25 12:38:58,102 [2e676ab4-a19e-46fc-8918-4e7d423281d0@group-B298DFDAC2B0:LeaderElection19] INFO  server.RaftServerConfigKeys (ConfUtils.java:logGet(43)) - raft.server.write.element-limit = 4096 (default)
2019-09-25 12:38:58,103 [2e676ab4-a19e-46fc-8918-4e7d423281d0@group-B298DFDAC2B0:LeaderElection19] INFO  server.RaftServerConfigKeys (ConfUtils.java:logGet(43)) - raft.server.watch.timeout = 10s (default)
2019-09-25 12:38:58,103 [2e676ab4-a19e-46fc-8918-4e7d423281d0@group-B298DFDAC2B0:LeaderElection19] INFO  server.RaftServerConfigKeys (ConfUtils.java:logGet(43)) - raft.server.watch.timeout.denomination = 1s (default)
2019-09-25 12:38:58,103 [2e676ab4-a19e-46fc-8918-4e7d423281d0@group-B298DFDAC2B0:LeaderElection19] INFO  server.RaftServerConfigKeys (ConfUtils.java:logGet(43)) - raft.server.watch.element-limit = 65536 (default)
2019-09-25 12:38:58,107 [2e676ab4-a19e-46fc-8918-4e7d423281d0@group-B298DFDAC2B0:LeaderElection19] INFO  impl.RoleInfo (RoleInfo.java:updateAndGet(143)) - 2e676ab4-a19e-46fc-8918-4e7d423281d0: start LeaderState
2019-09-25 12:38:58,107 [2e676ab4-a19e-46fc-8918-4e7d423281d0@group-B298DFDAC2B0:LeaderElection19] INFO  segmented.SegmentedRaftLogWorker (SegmentedRaftLogWorker.java:startLogSegment(380)) - 2e676ab4-a19e-46fc-8918-4e7d423281d0@group-B298DFDAC2B0-SegmentedRaftLogWorker: Starting segment from index:0
2019-09-25 12:38:58,108 [2e676ab4-a19e-46fc-8918-4e7d423281d0@group-B298DFDAC2B0:LeaderElection19] INFO  impl.RaftServerImpl (ServerState.java:setRaftConf(354)) - 2e676ab4-a19e-46fc-8918-4e7d423281d0@group-B298DFDAC2B0: set configuration 0: [2e676ab4-a19e-46fc-8918-4e7d423281d0:192.168.151.73:33261], old=null at 0
2019-09-25 12:38:58,157 [Thread-449] INFO  impl.FollowerState (FollowerState.java:run(106)) - 2e676ab4-a19e-46fc-8918-4e7d423281d0:group-B3408201B9EF changes to CANDIDATE, lastRpcTime:5119, electionTimeout:5119ms
2019-09-25 12:38:58,157 [Thread-449] INFO  impl.RoleInfo (RoleInfo.java:shutdownFollowerState(121)) - 2e676ab4-a19e-46fc-8918-4e7d423281d0: shutdown FollowerState
2019-09-25 12:38:58,157 [Thread-449] INFO  impl.RaftServerImpl (RaftServerImpl.java:setRole(174)) - 2e676ab4-a19e-46fc-8918-4e7d423281d0@group-B3408201B9EF: changes role from  FOLLOWER to CANDIDATE at term 0 for changeToCandidate
2019-09-25 12:38:58,158 [Thread-449] INFO  impl.RoleInfo (RoleInfo.java:updateAndGet(143)) - 2e676ab4-a19e-46fc-8918-4e7d423281d0: start LeaderElection
2019-09-25 12:38:58,165 [Thread-446] INFO  impl.FollowerState (FollowerState.java:run(106)) - 2e676ab4-a19e-46fc-8918-4e7d423281d0:group-FCF0A92E3E3A changes to CANDIDATE, lastRpcTime:5179, electionTimeout:5179ms
2019-09-25 12:38:58,165 [2e676ab4-a19e-46fc-8918-4e7d423281d0@group-B298DFDAC2B0-SegmentedRaftLogWorker] INFO  segmented.SegmentedRaftLogWorker (SegmentedRaftLogWorker.java:execute(569)) - 2e676ab4-a19e-46fc-8918-4e7d423281d0@group-B298DFDAC2B0-SegmentedRaftLogWorker: created new log segment /workdir/hadoop-ozone/integration-test/target/test-dir/MiniOzoneClusterImpl-9ca535f6-0fbb-4439-9d4c-f895bd91215d/datanode-0/data/ratis/753b19c7-8138-4219-8289-b298dfdac2b0/current/log_inprogress_0
2019-09-25 12:38:58,169 [Thread-446] INFO  impl.RoleInfo (RoleInfo.java:shutdownFollowerState(121)) - 2e676ab4-a19e-46fc-8918-4e7d423281d0: shutdown FollowerState
2019-09-25 12:38:58,170 [Thread-446] INFO  impl.RaftServerImpl (RaftServerImpl.java:setRole(174)) - 2e676ab4-a19e-46fc-8918-4e7d423281d0@group-FCF0A92E3E3A: changes role from  FOLLOWER to CANDIDATE at term 0 for changeToCandidate
2019-09-25 12:38:58,170 [Thread-446] INFO  impl.RoleInfo (RoleInfo.java:updateAndGet(143)) - 2e676ab4-a19e-46fc-8918-4e7d423281d0: start LeaderElection
2019-09-25 12:38:58,196 [2e676ab4-a19e-46fc-8918-4e7d423281d0@group-B3408201B9EF:LeaderElection20] INFO  impl.LeaderElection (LeaderElection.java:askForVotes(182)) - 2e676ab4-a19e-46fc-8918-4e7d423281d0@group-B3408201B9EF:LeaderElection20: begin an election at term 1 for -1: [2e676ab4-a19e-46fc-8918-4e7d423281d0:192.168.151.73:33261], old=null
2019-09-25 12:38:58,196 [2e676ab4-a19e-46fc-8918-4e7d423281d0@group-FCF0A92E3E3A:LeaderElection21] INFO  impl.LeaderElection (LeaderElection.java:askForVotes(182)) - 2e676ab4-a19e-46fc-8918-4e7d423281d0@group-FCF0A92E3E3A:LeaderElection21: begin an election at term 1 for -1: [2e676ab4-a19e-46fc-8918-4e7d423281d0:192.168.151.73:33261], old=null
2019-09-25 12:38:58,196 [2e676ab4-a19e-46fc-8918-4e7d423281d0@group-B3408201B9EF:LeaderElection20] INFO  impl.RoleInfo (RoleInfo.java:shutdownLeaderElection(134)) - 2e676ab4-a19e-46fc-8918-4e7d423281d0: shutdown LeaderElection
2019-09-25 12:38:58,196 [2e676ab4-a19e-46fc-8918-4e7d423281d0@group-FCF0A92E3E3A:LeaderElection21] INFO  impl.RoleInfo (RoleInfo.java:shutdownLeaderElection(134)) - 2e676ab4-a19e-46fc-8918-4e7d423281d0: shutdown LeaderElection
2019-09-25 12:38:58,196 [2e676ab4-a19e-46fc-8918-4e7d423281d0@group-B3408201B9EF:LeaderElection20] INFO  impl.RaftServerImpl (RaftServerImpl.java:setRole(174)) - 2e676ab4-a19e-46fc-8918-4e7d423281d0@group-B3408201B9EF: changes role from CANDIDATE to LEADER at term 1 for changeToLeader
2019-09-25 12:38:58,196 [2e676ab4-a19e-46fc-8918-4e7d423281d0@group-FCF0A92E3E3A:LeaderElection21] INFO  impl.RaftServerImpl (RaftServerImpl.java:setRole(174)) - 2e676ab4-a19e-46fc-8918-4e7d423281d0@group-FCF0A92E3E3A: changes role from CANDIDATE to LEADER at term 1 for changeToLeader
2019-09-25 12:38:58,196 [2e676ab4-a19e-46fc-8918-4e7d423281d0@group-B3408201B9EF:LeaderElection20] INFO  impl.RaftServerImpl (ServerState.java:setLeader(253)) - 2e676ab4-a19e-46fc-8918-4e7d423281d0@group-B3408201B9EF: change Leader from null to 2e676ab4-a19e-46fc-8918-4e7d423281d0 at term 1 for becomeLeader, leader elected after 5163ms
2019-09-25 12:38:58,197 [2e676ab4-a19e-46fc-8918-4e7d423281d0@group-FCF0A92E3E3A:LeaderElection21] INFO  impl.RaftServerImpl (ServerState.java:setLeader(253)) - 2e676ab4-a19e-46fc-8918-4e7d423281d0@group-FCF0A92E3E3A: change Leader from null to 2e676ab4-a19e-46fc-8918-4e7d423281d0 at term 1 for becomeLeader, leader elected after 5218ms
2019-09-25 12:38:58,197 [2e676ab4-a19e-46fc-8918-4e7d423281d0@group-B3408201B9EF:LeaderElection20] INFO  server.RaftServerConfigKeys (ConfUtils.java:logGet(43)) - raft.server.staging.catchup.gap = 1000 (default)
2019-09-25 12:38:58,197 [2e676ab4-a19e-46fc-8918-4e7d423281d0@group-FCF0A92E3E3A:LeaderElection21] INFO  server.RaftServerConfigKeys (ConfUtils.java:logGet(43)) - raft.server.staging.catchup.gap = 1000 (default)
2019-09-25 12:38:58,197 [2e676ab4-a19e-46fc-8918-4e7d423281d0@group-B3408201B9EF:LeaderElection20] INFO  server.RaftServerConfigKeys (ConfUtils.java:logGet(43)) - raft.server.rpc.sleep.time = 25ms (default)
2019-09-25 12:38:58,197 [2e676ab4-a19e-46fc-8918-4e7d423281d0@group-FCF0A92E3E3A:LeaderElection21] INFO  server.RaftServerConfigKeys (ConfUtils.java:logGet(43)) - raft.server.rpc.sleep.time = 25ms (default)
2019-09-25 12:38:58,197 [2e676ab4-a19e-46fc-8918-4e7d423281d0@group-B3408201B9EF:LeaderElection20] INFO  server.RaftServerConfigKeys (ConfUtils.java:logGet(43)) - raft.server.write.element-limit = 4096 (default)
2019-09-25 12:38:58,197 [2e676ab4-a19e-46fc-8918-4e7d423281d0@group-FCF0A92E3E3A:LeaderElection21] INFO  server.RaftServerConfigKeys (ConfUtils.java:logGet(43)) - raft.server.write.element-limit = 4096 (default)
2019-09-25 12:38:58,197 [2e676ab4-a19e-46fc-8918-4e7d423281d0@group-B3408201B9EF:LeaderElection20] INFO  server.RaftServerConfigKeys (ConfUtils.java:logGet(43)) - raft.server.watch.timeout = 10s (default)
2019-09-25 12:38:58,198 [2e676ab4-a19e-46fc-8918-4e7d423281d0@group-FCF0A92E3E3A:LeaderElection21] INFO  server.RaftServerConfigKeys (ConfUtils.java:logGet(43)) - raft.server.watch.timeout = 10s (default)
2019-09-25 12:38:58,198 [2e676ab4-a19e-46fc-8918-4e7d423281d0@group-B3408201B9EF:LeaderElection20] INFO  server.RaftServerConfigKeys (ConfUtils.java:logGet(43)) - raft.server.watch.timeout.denomination = 1s (default)
2019-09-25 12:38:58,198 [2e676ab4-a19e-46fc-8918-4e7d423281d0@group-FCF0A92E3E3A:LeaderElection21] INFO  server.RaftServerConfigKeys (ConfUtils.java:logGet(43)) - raft.server.watch.timeout.denomination = 1s (default)
2019-09-25 12:38:58,198 [2e676ab4-a19e-46fc-8918-4e7d423281d0@group-B3408201B9EF:LeaderElection20] INFO  server.RaftServerConfigKeys (ConfUtils.java:logGet(43)) - raft.server.watch.element-limit = 65536 (default)
2019-09-25 12:38:58,198 [2e676ab4-a19e-46fc-8918-4e7d423281d0@group-FCF0A92E3E3A:LeaderElection21] INFO  server.RaftServerConfigKeys (ConfUtils.java:logGet(43)) - raft.server.watch.element-limit = 65536 (default)
2019-09-25 12:38:58,201 [2e676ab4-a19e-46fc-8918-4e7d423281d0@group-B3408201B9EF:LeaderElection20] INFO  impl.RoleInfo (RoleInfo.java:updateAndGet(143)) - 2e676ab4-a19e-46fc-8918-4e7d423281d0: start LeaderState
2019-09-25 12:38:58,201 [2e676ab4-a19e-46fc-8918-4e7d423281d0@group-FCF0A92E3E3A:LeaderElection21] INFO  impl.RoleInfo (RoleInfo.java:updateAndGet(143)) - 2e676ab4-a19e-46fc-8918-4e7d423281d0: start LeaderState
2019-09-25 12:38:58,201 [2e676ab4-a19e-46fc-8918-4e7d423281d0@group-B3408201B9EF:LeaderElection20] INFO  segmented.SegmentedRaftLogWorker (SegmentedRaftLogWorker.java:startLogSegment(380)) - 2e676ab4-a19e-46fc-8918-4e7d423281d0@group-B3408201B9EF-SegmentedRaftLogWorker: Starting segment from index:0
2019-09-25 12:38:58,201 [2e676ab4-a19e-46fc-8918-4e7d423281d0@group-FCF0A92E3E3A:LeaderElection21] INFO  segmented.SegmentedRaftLogWorker (SegmentedRaftLogWorker.java:startLogSegment(380)) - 2e676ab4-a19e-46fc-8918-4e7d423281d0@group-FCF0A92E3E3A-SegmentedRaftLogWorker: Starting segment from index:0
2019-09-25 12:38:58,202 [2e676ab4-a19e-46fc-8918-4e7d423281d0@group-B3408201B9EF:LeaderElection20] INFO  impl.RaftServerImpl (ServerState.java:setRaftConf(354)) - 2e676ab4-a19e-46fc-8918-4e7d423281d0@group-B3408201B9EF: set configuration 0: [2e676ab4-a19e-46fc-8918-4e7d423281d0:192.168.151.73:33261], old=null at 0
2019-09-25 12:38:58,238 [2e676ab4-a19e-46fc-8918-4e7d423281d0@group-FCF0A92E3E3A:LeaderElection21] INFO  impl.RaftServerImpl (ServerState.java:setRaftConf(354)) - 2e676ab4-a19e-46fc-8918-4e7d423281d0@group-FCF0A92E3E3A: set configuration 0: [2e676ab4-a19e-46fc-8918-4e7d423281d0:192.168.151.73:33261], old=null at 0
2019-09-25 12:38:58,238 [Thread-452] INFO  impl.FollowerState (FollowerState.java:run(106)) - 2e676ab4-a19e-46fc-8918-4e7d423281d0:group-955229DD05E9 changes to CANDIDATE, lastRpcTime:5155, electionTimeout:5153ms
2019-09-25 12:38:58,276 [Thread-455] INFO  impl.FollowerState (FollowerState.java:run(106)) - 2e676ab4-a19e-46fc-8918-4e7d423281d0:group-0E1A207EF253 changes to CANDIDATE, lastRpcTime:5152, electionTimeout:5122ms
2019-09-25 12:38:58,278 [Thread-452] INFO  impl.RoleInfo (RoleInfo.java:shutdownFollowerState(121)) - 2e676ab4-a19e-46fc-8918-4e7d423281d0: shutdown FollowerState
2019-09-25 12:38:58,276 [2e676ab4-a19e-46fc-8918-4e7d423281d0@group-B3408201B9EF-SegmentedRaftLogWorker] INFO  segmented.SegmentedRaftLogWorker (SegmentedRaftLogWorker.java:execute(569)) - 2e676ab4-a19e-46fc-8918-4e7d423281d0@group-B3408201B9EF-SegmentedRaftLogWorker: created new log segment /workdir/hadoop-ozone/integration-test/target/test-dir/MiniOzoneClusterImpl-9ca535f6-0fbb-4439-9d4c-f895bd91215d/datanode-0/data/ratis/eca393bd-9ea4-4976-aa9b-b3408201b9ef/current/log_inprogress_0
2019-09-25 12:38:58,278 [Thread-452] INFO  impl.RaftServerImpl (RaftServerImpl.java:setRole(174)) - 2e676ab4-a19e-46fc-8918-4e7d423281d0@group-955229DD05E9: changes role from  FOLLOWER to CANDIDATE at term 0 for changeToCandidate
2019-09-25 12:38:58,278 [Thread-455] INFO  impl.RoleInfo (RoleInfo.java:shutdownFollowerState(121)) - 2e676ab4-a19e-46fc-8918-4e7d423281d0: shutdown FollowerState
2019-09-25 12:38:58,278 [Thread-452] INFO  impl.RoleInfo (RoleInfo.java:updateAndGet(143)) - 2e676ab4-a19e-46fc-8918-4e7d423281d0: start LeaderElection
2019-09-25 12:38:58,278 [Thread-455] INFO  impl.RaftServerImpl (RaftServerImpl.java:setRole(174)) - 2e676ab4-a19e-46fc-8918-4e7d423281d0@group-0E1A207EF253: changes role from  FOLLOWER to CANDIDATE at term 0 for changeToCandidate
2019-09-25 12:38:58,279 [Thread-455] INFO  impl.RoleInfo (RoleInfo.java:updateAndGet(143)) - 2e676ab4-a19e-46fc-8918-4e7d423281d0: start LeaderElection
2019-09-25 12:38:58,288 [2e676ab4-a19e-46fc-8918-4e7d423281d0@group-FCF0A92E3E3A-SegmentedRaftLogWorker] INFO  segmented.SegmentedRaftLogWorker (SegmentedRaftLogWorker.java:execute(569)) - 2e676ab4-a19e-46fc-8918-4e7d423281d0@group-FCF0A92E3E3A-SegmentedRaftLogWorker: created new log segment /workdir/hadoop-ozone/integration-test/target/test-dir/MiniOzoneClusterImpl-9ca535f6-0fbb-4439-9d4c-f895bd91215d/datanode-0/data/ratis/ac9312c2-0bb6-4386-9ffc-fcf0a92e3e3a/current/log_inprogress_0
2019-09-25 12:38:58,288 [2e676ab4-a19e-46fc-8918-4e7d423281d0@group-0E1A207EF253:LeaderElection23] INFO  impl.LeaderElection (LeaderElection.java:askForVotes(182)) - 2e676ab4-a19e-46fc-8918-4e7d423281d0@group-0E1A207EF253:LeaderElection23: begin an election at term 1 for -1: [2e676ab4-a19e-46fc-8918-4e7d423281d0:192.168.151.73:33261], old=null
2019-09-25 12:38:58,288 [2e676ab4-a19e-46fc-8918-4e7d423281d0@group-955229DD05E9:LeaderElection22] INFO  impl.LeaderElection (LeaderElection.java:askForVotes(182)) - 2e676ab4-a19e-46fc-8918-4e7d423281d0@group-955229DD05E9:LeaderElection22: begin an election at term 1 for -1: [2e676ab4-a19e-46fc-8918-4e7d423281d0:192.168.151.73:33261], old=null
2019-09-25 12:38:58,289 [2e676ab4-a19e-46fc-8918-4e7d423281d0@group-0E1A207EF253:LeaderElection23] INFO  impl.RoleInfo (RoleInfo.java:shutdownLeaderElection(134)) - 2e676ab4-a19e-46fc-8918-4e7d423281d0: shutdown LeaderElection
2019-09-25 12:38:58,289 [2e676ab4-a19e-46fc-8918-4e7d423281d0@group-955229DD05E9:LeaderElection22] INFO  impl.RoleInfo (RoleInfo.java:shutdownLeaderElection(134)) - 2e676ab4-a19e-46fc-8918-4e7d423281d0: shutdown LeaderElection
2019-09-25 12:38:58,289 [2e676ab4-a19e-46fc-8918-4e7d423281d0@group-0E1A207EF253:LeaderElection23] INFO  impl.RaftServerImpl (RaftServerImpl.java:setRole(174)) - 2e676ab4-a19e-46fc-8918-4e7d423281d0@group-0E1A207EF253: changes role from CANDIDATE to LEADER at term 1 for changeToLeader
2019-09-25 12:38:58,289 [2e676ab4-a19e-46fc-8918-4e7d423281d0@group-955229DD05E9:LeaderElection22] INFO  impl.RaftServerImpl (RaftServerImpl.java:setRole(174)) - 2e676ab4-a19e-46fc-8918-4e7d423281d0@group-955229DD05E9: changes role from CANDIDATE to LEADER at term 1 for changeToLeader
2019-09-25 12:38:58,289 [2e676ab4-a19e-46fc-8918-4e7d423281d0@group-0E1A207EF253:LeaderElection23] INFO  impl.RaftServerImpl (ServerState.java:setLeader(253)) - 2e676ab4-a19e-46fc-8918-4e7d423281d0@group-0E1A207EF253: change Leader from null to 2e676ab4-a19e-46fc-8918-4e7d423281d0 at term 1 for becomeLeader, leader elected after 5172ms
2019-09-25 12:38:58,289 [2e676ab4-a19e-46fc-8918-4e7d423281d0@group-955229DD05E9:LeaderElection22] INFO  impl.RaftServerImpl (ServerState.java:setLeader(253)) - 2e676ab4-a19e-46fc-8918-4e7d423281d0@group-955229DD05E9: change Leader from null to 2e676ab4-a19e-46fc-8918-4e7d423281d0 at term 1 for becomeLeader, leader elected after 5213ms
2019-09-25 12:38:58,289 [2e676ab4-a19e-46fc-8918-4e7d423281d0@group-0E1A207EF253:LeaderElection23] INFO  server.RaftServerConfigKeys (ConfUtils.java:logGet(43)) - raft.server.staging.catchup.gap = 1000 (default)
2019-09-25 12:38:58,289 [2e676ab4-a19e-46fc-8918-4e7d423281d0@group-955229DD05E9:LeaderElection22] INFO  server.RaftServerConfigKeys (ConfUtils.java:logGet(43)) - raft.server.staging.catchup.gap = 1000 (default)
2019-09-25 12:38:58,290 [2e676ab4-a19e-46fc-8918-4e7d423281d0@group-0E1A207EF253:LeaderElection23] INFO  server.RaftServerConfigKeys (ConfUtils.java:logGet(43)) - raft.server.rpc.sleep.time = 25ms (default)
2019-09-25 12:38:58,290 [2e676ab4-a19e-46fc-8918-4e7d423281d0@group-955229DD05E9:LeaderElection22] INFO  server.RaftServerConfigKeys (ConfUtils.java:logGet(43)) - raft.server.rpc.sleep.time = 25ms (default)
2019-09-25 12:38:58,290 [2e676ab4-a19e-46fc-8918-4e7d423281d0@group-0E1A207EF253:LeaderElection23] INFO  server.RaftServerConfigKeys (ConfUtils.java:logGet(43)) - raft.server.write.element-limit = 4096 (default)
2019-09-25 12:38:58,290 [2e676ab4-a19e-46fc-8918-4e7d423281d0@group-955229DD05E9:LeaderElection22] INFO  server.RaftServerConfigKeys (ConfUtils.java:logGet(43)) - raft.server.write.element-limit = 4096 (default)
2019-09-25 12:38:58,290 [2e676ab4-a19e-46fc-8918-4e7d423281d0@group-0E1A207EF253:LeaderElection23] INFO  server.RaftServerConfigKeys (ConfUtils.java:logGet(43)) - raft.server.watch.timeout = 10s (default)
2019-09-25 12:38:58,290 [2e676ab4-a19e-46fc-8918-4e7d423281d0@group-955229DD05E9:LeaderElection22] INFO  server.RaftServerConfigKeys (ConfUtils.java:logGet(43)) - raft.server.watch.timeout = 10s (default)
2019-09-25 12:38:58,290 [2e676ab4-a19e-46fc-8918-4e7d423281d0@group-0E1A207EF253:LeaderElection23] INFO  server.RaftServerConfigKeys (ConfUtils.java:logGet(43)) - raft.server.watch.timeout.denomination = 1s (default)
2019-09-25 12:38:58,291 [2e676ab4-a19e-46fc-8918-4e7d423281d0@group-955229DD05E9:LeaderElection22] INFO  server.RaftServerConfigKeys (ConfUtils.java:logGet(43)) - raft.server.watch.timeout.denomination = 1s (default)
2019-09-25 12:38:58,291 [2e676ab4-a19e-46fc-8918-4e7d423281d0@group-0E1A207EF253:LeaderElection23] INFO  server.RaftServerConfigKeys (ConfUtils.java:logGet(43)) - raft.server.watch.element-limit = 65536 (default)
2019-09-25 12:38:58,291 [2e676ab4-a19e-46fc-8918-4e7d423281d0@group-955229DD05E9:LeaderElection22] INFO  server.RaftServerConfigKeys (ConfUtils.java:logGet(43)) - raft.server.watch.element-limit = 65536 (default)
2019-09-25 12:38:58,295 [2e676ab4-a19e-46fc-8918-4e7d423281d0@group-0E1A207EF253:LeaderElection23] INFO  impl.RoleInfo (RoleInfo.java:updateAndGet(143)) - 2e676ab4-a19e-46fc-8918-4e7d423281d0: start LeaderState
2019-09-25 12:38:58,295 [2e676ab4-a19e-46fc-8918-4e7d423281d0@group-0E1A207EF253:LeaderElection23] INFO  segmented.SegmentedRaftLogWorker (SegmentedRaftLogWorker.java:startLogSegment(380)) - 2e676ab4-a19e-46fc-8918-4e7d423281d0@group-0E1A207EF253-SegmentedRaftLogWorker: Starting segment from index:0
2019-09-25 12:38:58,295 [2e676ab4-a19e-46fc-8918-4e7d423281d0@group-955229DD05E9:LeaderElection22] INFO  impl.RoleInfo (RoleInfo.java:updateAndGet(143)) - 2e676ab4-a19e-46fc-8918-4e7d423281d0: start LeaderState
2019-09-25 12:38:58,295 [2e676ab4-a19e-46fc-8918-4e7d423281d0@group-955229DD05E9:LeaderElection22] INFO  segmented.SegmentedRaftLogWorker (SegmentedRaftLogWorker.java:startLogSegment(380)) - 2e676ab4-a19e-46fc-8918-4e7d423281d0@group-955229DD05E9-SegmentedRaftLogWorker: Starting segment from index:0
2019-09-25 12:38:58,296 [2e676ab4-a19e-46fc-8918-4e7d423281d0@group-0E1A207EF253:LeaderElection23] INFO  impl.RaftServerImpl (ServerState.java:setRaftConf(354)) - 2e676ab4-a19e-46fc-8918-4e7d423281d0@group-0E1A207EF253: set configuration 0: [2e676ab4-a19e-46fc-8918-4e7d423281d0:192.168.151.73:33261], old=null at 0
2019-09-25 12:38:58,321 [2e676ab4-a19e-46fc-8918-4e7d423281d0@group-955229DD05E9:LeaderElection22] INFO  impl.RaftServerImpl (ServerState.java:setRaftConf(354)) - 2e676ab4-a19e-46fc-8918-4e7d423281d0@group-955229DD05E9: set configuration 0: [2e676ab4-a19e-46fc-8918-4e7d423281d0:192.168.151.73:33261], old=null at 0
2019-09-25 12:38:58,353 [Thread-461] INFO  impl.FollowerState (FollowerState.java:run(106)) - 545258d5-b925-430f-abcd-ed5a31f9d81f:group-937C69F91864 changes to CANDIDATE, lastRpcTime:5147, electionTimeout:5137ms
2019-09-25 12:38:58,354 [2e676ab4-a19e-46fc-8918-4e7d423281d0@group-0E1A207EF253-SegmentedRaftLogWorker] INFO  segmented.SegmentedRaftLogWorker (SegmentedRaftLogWorker.java:execute(569)) - 2e676ab4-a19e-46fc-8918-4e7d423281d0@group-0E1A207EF253-SegmentedRaftLogWorker: created new log segment /workdir/hadoop-ozone/integration-test/target/test-dir/MiniOzoneClusterImpl-9ca535f6-0fbb-4439-9d4c-f895bd91215d/datanode-0/data/ratis/205fcc58-432c-4bd4-9702-0e1a207ef253/current/log_inprogress_0
2019-09-25 12:38:58,354 [Thread-461] INFO  impl.RoleInfo (RoleInfo.java:shutdownFollowerState(121)) - 545258d5-b925-430f-abcd-ed5a31f9d81f: shutdown FollowerState
2019-09-25 12:38:58,354 [Thread-458] INFO  impl.FollowerState (FollowerState.java:run(106)) - 2e676ab4-a19e-46fc-8918-4e7d423281d0:group-F719D4DF08F9 changes to CANDIDATE, lastRpcTime:5201, electionTimeout:5173ms
2019-09-25 12:38:58,354 [Thread-461] INFO  impl.RaftServerImpl (RaftServerImpl.java:setRole(174)) - 545258d5-b925-430f-abcd-ed5a31f9d81f@group-937C69F91864: changes role from  FOLLOWER to CANDIDATE at term 0 for changeToCandidate
2019-09-25 12:38:58,354 [Thread-458] INFO  impl.RoleInfo (RoleInfo.java:shutdownFollowerState(121)) - 2e676ab4-a19e-46fc-8918-4e7d423281d0: shutdown FollowerState
2019-09-25 12:38:58,354 [Thread-458] INFO  impl.RaftServerImpl (RaftServerImpl.java:setRole(174)) - 2e676ab4-a19e-46fc-8918-4e7d423281d0@group-F719D4DF08F9: changes role from  FOLLOWER to CANDIDATE at term 0 for changeToCandidate
2019-09-25 12:38:58,354 [Thread-461] INFO  impl.RoleInfo (RoleInfo.java:updateAndGet(143)) - 545258d5-b925-430f-abcd-ed5a31f9d81f: start LeaderElection
2019-09-25 12:38:58,354 [Thread-458] INFO  impl.RoleInfo (RoleInfo.java:updateAndGet(143)) - 2e676ab4-a19e-46fc-8918-4e7d423281d0: start LeaderElection
2019-09-25 12:38:58,359 [2e676ab4-a19e-46fc-8918-4e7d423281d0@group-955229DD05E9-SegmentedRaftLogWorker] INFO  segmented.SegmentedRaftLogWorker (SegmentedRaftLogWorker.java:execute(569)) - 2e676ab4-a19e-46fc-8918-4e7d423281d0@group-955229DD05E9-SegmentedRaftLogWorker: created new log segment /workdir/hadoop-ozone/integration-test/target/test-dir/MiniOzoneClusterImpl-9ca535f6-0fbb-4439-9d4c-f895bd91215d/datanode-0/data/ratis/a3d622ea-611a-4f1f-abbc-955229dd05e9/current/log_inprogress_0
2019-09-25 12:38:58,364 [2e676ab4-a19e-46fc-8918-4e7d423281d0@group-F719D4DF08F9:LeaderElection25] INFO  impl.LeaderElection (LeaderElection.java:askForVotes(182)) - 2e676ab4-a19e-46fc-8918-4e7d423281d0@group-F719D4DF08F9:LeaderElection25: begin an election at term 1 for -1: [2e676ab4-a19e-46fc-8918-4e7d423281d0:192.168.151.73:33261], old=null
2019-09-25 12:38:58,364 [545258d5-b925-430f-abcd-ed5a31f9d81f@group-937C69F91864:LeaderElection24] INFO  impl.LeaderElection (LeaderElection.java:askForVotes(182)) - 545258d5-b925-430f-abcd-ed5a31f9d81f@group-937C69F91864:LeaderElection24: begin an election at term 1 for -1: [545258d5-b925-430f-abcd-ed5a31f9d81f:192.168.151.73:36153], old=null
2019-09-25 12:38:58,364 [2e676ab4-a19e-46fc-8918-4e7d423281d0@group-F719D4DF08F9:LeaderElection25] INFO  impl.RoleInfo (RoleInfo.java:shutdownLeaderElection(134)) - 2e676ab4-a19e-46fc-8918-4e7d423281d0: shutdown LeaderElection
2019-09-25 12:38:58,365 [545258d5-b925-430f-abcd-ed5a31f9d81f@group-937C69F91864:LeaderElection24] INFO  impl.RoleInfo (RoleInfo.java:shutdownLeaderElection(134)) - 545258d5-b925-430f-abcd-ed5a31f9d81f: shutdown LeaderElection
2019-09-25 12:38:58,365 [2e676ab4-a19e-46fc-8918-4e7d423281d0@group-F719D4DF08F9:LeaderElection25] INFO  impl.RaftServerImpl (RaftServerImpl.java:setRole(174)) - 2e676ab4-a19e-46fc-8918-4e7d423281d0@group-F719D4DF08F9: changes role from CANDIDATE to LEADER at term 1 for changeToLeader
2019-09-25 12:38:58,365 [545258d5-b925-430f-abcd-ed5a31f9d81f@group-937C69F91864:LeaderElection24] INFO  impl.RaftServerImpl (RaftServerImpl.java:setRole(174)) - 545258d5-b925-430f-abcd-ed5a31f9d81f@group-937C69F91864: changes role from CANDIDATE to LEADER at term 1 for changeToLeader
2019-09-25 12:38:58,365 [2e676ab4-a19e-46fc-8918-4e7d423281d0@group-F719D4DF08F9:LeaderElection25] INFO  impl.RaftServerImpl (ServerState.java:setLeader(253)) - 2e676ab4-a19e-46fc-8918-4e7d423281d0@group-F719D4DF08F9: change Leader from null to 2e676ab4-a19e-46fc-8918-4e7d423281d0 at term 1 for becomeLeader, leader elected after 5218ms
2019-09-25 12:38:58,365 [545258d5-b925-430f-abcd-ed5a31f9d81f@group-937C69F91864:LeaderElection24] INFO  impl.RaftServerImpl (ServerState.java:setLeader(253)) - 545258d5-b925-430f-abcd-ed5a31f9d81f@group-937C69F91864: change Leader from null to 545258d5-b925-430f-abcd-ed5a31f9d81f at term 1 for becomeLeader, leader elected after 5167ms
2019-09-25 12:38:58,365 [2e676ab4-a19e-46fc-8918-4e7d423281d0@group-F719D4DF08F9:LeaderElection25] INFO  server.RaftServerConfigKeys (ConfUtils.java:logGet(43)) - raft.server.staging.catchup.gap = 1000 (default)
2019-09-25 12:38:58,365 [545258d5-b925-430f-abcd-ed5a31f9d81f@group-937C69F91864:LeaderElection24] INFO  server.RaftServerConfigKeys (ConfUtils.java:logGet(43)) - raft.server.staging.catchup.gap = 1000 (default)
2019-09-25 12:38:58,365 [2e676ab4-a19e-46fc-8918-4e7d423281d0@group-F719D4DF08F9:LeaderElection25] INFO  server.RaftServerConfigKeys (ConfUtils.java:logGet(43)) - raft.server.rpc.sleep.time = 25ms (default)
2019-09-25 12:38:58,366 [545258d5-b925-430f-abcd-ed5a31f9d81f@group-937C69F91864:LeaderElection24] INFO  server.RaftServerConfigKeys (ConfUtils.java:logGet(43)) - raft.server.rpc.sleep.time = 25ms (default)
2019-09-25 12:38:58,366 [2e676ab4-a19e-46fc-8918-4e7d423281d0@group-F719D4DF08F9:LeaderElection25] INFO  server.RaftServerConfigKeys (ConfUtils.java:logGet(43)) - raft.server.write.element-limit = 4096 (default)
2019-09-25 12:38:58,366 [545258d5-b925-430f-abcd-ed5a31f9d81f@group-937C69F91864:LeaderElection24] INFO  server.RaftServerConfigKeys (ConfUtils.java:logGet(43)) - raft.server.write.element-limit = 4096 (default)
2019-09-25 12:38:58,366 [2e676ab4-a19e-46fc-8918-4e7d423281d0@group-F719D4DF08F9:LeaderElection25] INFO  server.RaftServerConfigKeys (ConfUtils.java:logGet(43)) - raft.server.watch.timeout = 10s (default)
2019-09-25 12:38:58,366 [545258d5-b925-430f-abcd-ed5a31f9d81f@group-937C69F91864:LeaderElection24] INFO  server.RaftServerConfigKeys (ConfUtils.java:logGet(43)) - raft.server.watch.timeout = 10s (default)
2019-09-25 12:38:58,366 [2e676ab4-a19e-46fc-8918-4e7d423281d0@group-F719D4DF08F9:LeaderElection25] INFO  server.RaftServerConfigKeys (ConfUtils.java:logGet(43)) - raft.server.watch.timeout.denomination = 1s (default)
2019-09-25 12:38:58,367 [545258d5-b925-430f-abcd-ed5a31f9d81f@group-937C69F91864:LeaderElection24] INFO  server.RaftServerConfigKeys (ConfUtils.java:logGet(43)) - raft.server.watch.timeout.denomination = 1s (default)
2019-09-25 12:38:58,367 [2e676ab4-a19e-46fc-8918-4e7d423281d0@group-F719D4DF08F9:LeaderElection25] INFO  server.RaftServerConfigKeys (ConfUtils.java:logGet(43)) - raft.server.watch.element-limit = 65536 (default)
2019-09-25 12:38:58,367 [545258d5-b925-430f-abcd-ed5a31f9d81f@group-937C69F91864:LeaderElection24] INFO  server.RaftServerConfigKeys (ConfUtils.java:logGet(43)) - raft.server.watch.element-limit = 65536 (default)
2019-09-25 12:38:58,370 [2e676ab4-a19e-46fc-8918-4e7d423281d0@group-F719D4DF08F9:LeaderElection25] INFO  impl.RoleInfo (RoleInfo.java:updateAndGet(143)) - 2e676ab4-a19e-46fc-8918-4e7d423281d0: start LeaderState
2019-09-25 12:38:58,370 [2e676ab4-a19e-46fc-8918-4e7d423281d0@group-F719D4DF08F9:LeaderElection25] INFO  segmented.SegmentedRaftLogWorker (SegmentedRaftLogWorker.java:startLogSegment(380)) - 2e676ab4-a19e-46fc-8918-4e7d423281d0@group-F719D4DF08F9-SegmentedRaftLogWorker: Starting segment from index:0
2019-09-25 12:38:58,370 [2e676ab4-a19e-46fc-8918-4e7d423281d0@group-F719D4DF08F9:LeaderElection25] INFO  impl.RaftServerImpl (ServerState.java:setRaftConf(354)) - 2e676ab4-a19e-46fc-8918-4e7d423281d0@group-F719D4DF08F9: set configuration 0: [2e676ab4-a19e-46fc-8918-4e7d423281d0:192.168.151.73:33261], old=null at 0
2019-09-25 12:38:58,402 [545258d5-b925-430f-abcd-ed5a31f9d81f@group-937C69F91864:LeaderElection24] INFO  impl.RoleInfo (RoleInfo.java:updateAndGet(143)) - 545258d5-b925-430f-abcd-ed5a31f9d81f: start LeaderState
2019-09-25 12:38:58,403 [545258d5-b925-430f-abcd-ed5a31f9d81f@group-937C69F91864:LeaderElection24] INFO  segmented.SegmentedRaftLogWorker (SegmentedRaftLogWorker.java:startLogSegment(380)) - 545258d5-b925-430f-abcd-ed5a31f9d81f@group-937C69F91864-SegmentedRaftLogWorker: Starting segment from index:0
2019-09-25 12:38:58,403 [545258d5-b925-430f-abcd-ed5a31f9d81f@group-937C69F91864:LeaderElection24] INFO  impl.RaftServerImpl (ServerState.java:setRaftConf(354)) - 545258d5-b925-430f-abcd-ed5a31f9d81f@group-937C69F91864: set configuration 0: [545258d5-b925-430f-abcd-ed5a31f9d81f:192.168.151.73:36153], old=null at 0
2019-09-25 12:38:58,430 [Thread-467] INFO  impl.FollowerState (FollowerState.java:run(106)) - ca279908-bd5b-4fc8-be99-e482437196bd:group-D8C70EE5A929 changes to CANDIDATE, lastRpcTime:5121, electionTimeout:5116ms
2019-09-25 12:38:58,430 [Thread-464] INFO  impl.FollowerState (FollowerState.java:run(106)) - ca279908-bd5b-4fc8-be99-e482437196bd:group-DDC3DCF656A1 changes to CANDIDATE, lastRpcTime:5169, electionTimeout:5160ms
2019-09-25 12:38:58,430 [Thread-467] INFO  impl.RoleInfo (RoleInfo.java:shutdownFollowerState(121)) - ca279908-bd5b-4fc8-be99-e482437196bd: shutdown FollowerState
2019-09-25 12:38:58,430 [Thread-464] INFO  impl.RoleInfo (RoleInfo.java:shutdownFollowerState(121)) - ca279908-bd5b-4fc8-be99-e482437196bd: shutdown FollowerState
2019-09-25 12:38:58,430 [2e676ab4-a19e-46fc-8918-4e7d423281d0@group-F719D4DF08F9-SegmentedRaftLogWorker] INFO  segmented.SegmentedRaftLogWorker (SegmentedRaftLogWorker.java:execute(569)) - 2e676ab4-a19e-46fc-8918-4e7d423281d0@group-F719D4DF08F9-SegmentedRaftLogWorker: created new log segment /workdir/hadoop-ozone/integration-test/target/test-dir/MiniOzoneClusterImpl-9ca535f6-0fbb-4439-9d4c-f895bd91215d/datanode-0/data/ratis/6165cf32-78e9-49ec-86e4-f719d4df08f9/current/log_inprogress_0
2019-09-25 12:38:58,431 [Thread-464] INFO  impl.RaftServerImpl (RaftServerImpl.java:setRole(174)) - ca279908-bd5b-4fc8-be99-e482437196bd@group-DDC3DCF656A1: changes role from  FOLLOWER to CANDIDATE at term 0 for changeToCandidate
2019-09-25 12:38:58,431 [Thread-467] INFO  impl.RaftServerImpl (RaftServerImpl.java:setRole(174)) - ca279908-bd5b-4fc8-be99-e482437196bd@group-D8C70EE5A929: changes role from  FOLLOWER to CANDIDATE at term 0 for changeToCandidate
2019-09-25 12:38:58,431 [Thread-464] INFO  impl.RoleInfo (RoleInfo.java:updateAndGet(143)) - ca279908-bd5b-4fc8-be99-e482437196bd: start LeaderElection
2019-09-25 12:38:58,431 [Thread-467] INFO  impl.RoleInfo (RoleInfo.java:updateAndGet(143)) - ca279908-bd5b-4fc8-be99-e482437196bd: start LeaderElection
2019-09-25 12:38:58,443 [545258d5-b925-430f-abcd-ed5a31f9d81f@group-937C69F91864-SegmentedRaftLogWorker] INFO  segmented.SegmentedRaftLogWorker (SegmentedRaftLogWorker.java:execute(569)) - 545258d5-b925-430f-abcd-ed5a31f9d81f@group-937C69F91864-SegmentedRaftLogWorker: created new log segment /workdir/hadoop-ozone/integration-test/target/test-dir/MiniOzoneClusterImpl-9ca535f6-0fbb-4439-9d4c-f895bd91215d/datanode-2/data/ratis/2ed4a909-f8d5-40a0-96dd-937c69f91864/current/log_inprogress_0
2019-09-25 12:38:58,443 [ca279908-bd5b-4fc8-be99-e482437196bd@group-D8C70EE5A929:LeaderElection27] INFO  impl.LeaderElection (LeaderElection.java:askForVotes(182)) - ca279908-bd5b-4fc8-be99-e482437196bd@group-D8C70EE5A929:LeaderElection27: begin an election at term 1 for -1: [ca279908-bd5b-4fc8-be99-e482437196bd:192.168.151.73:36656], old=null
2019-09-25 12:38:58,443 [ca279908-bd5b-4fc8-be99-e482437196bd@group-DDC3DCF656A1:LeaderElection26] INFO  impl.LeaderElection (LeaderElection.java:askForVotes(182)) - ca279908-bd5b-4fc8-be99-e482437196bd@group-DDC3DCF656A1:LeaderElection26: begin an election at term 1 for -1: [ca279908-bd5b-4fc8-be99-e482437196bd:192.168.151.73:36656], old=null
2019-09-25 12:38:58,443 [ca279908-bd5b-4fc8-be99-e482437196bd@group-D8C70EE5A929:LeaderElection27] INFO  impl.RoleInfo (RoleInfo.java:shutdownLeaderElection(134)) - ca279908-bd5b-4fc8-be99-e482437196bd: shutdown LeaderElection
2019-09-25 12:38:58,444 [ca279908-bd5b-4fc8-be99-e482437196bd@group-DDC3DCF656A1:LeaderElection26] INFO  impl.RoleInfo (RoleInfo.java:shutdownLeaderElection(134)) - ca279908-bd5b-4fc8-be99-e482437196bd: shutdown LeaderElection
2019-09-25 12:38:58,444 [ca279908-bd5b-4fc8-be99-e482437196bd@group-D8C70EE5A929:LeaderElection27] INFO  impl.RaftServerImpl (RaftServerImpl.java:setRole(174)) - ca279908-bd5b-4fc8-be99-e482437196bd@group-D8C70EE5A929: changes role from CANDIDATE to LEADER at term 1 for changeToLeader
2019-09-25 12:38:58,444 [ca279908-bd5b-4fc8-be99-e482437196bd@group-DDC3DCF656A1:LeaderElection26] INFO  impl.RaftServerImpl (RaftServerImpl.java:setRole(174)) - ca279908-bd5b-4fc8-be99-e482437196bd@group-DDC3DCF656A1: changes role from CANDIDATE to LEADER at term 1 for changeToLeader
2019-09-25 12:38:58,444 [ca279908-bd5b-4fc8-be99-e482437196bd@group-D8C70EE5A929:LeaderElection27] INFO  impl.RaftServerImpl (ServerState.java:setLeader(253)) - ca279908-bd5b-4fc8-be99-e482437196bd@group-D8C70EE5A929: change Leader from null to ca279908-bd5b-4fc8-be99-e482437196bd at term 1 for becomeLeader, leader elected after 5139ms
2019-09-25 12:38:58,444 [ca279908-bd5b-4fc8-be99-e482437196bd@group-DDC3DCF656A1:LeaderElection26] INFO  impl.RaftServerImpl (ServerState.java:setLeader(253)) - ca279908-bd5b-4fc8-be99-e482437196bd@group-DDC3DCF656A1: change Leader from null to ca279908-bd5b-4fc8-be99-e482437196bd at term 1 for becomeLeader, leader elected after 5190ms
2019-09-25 12:38:58,446 [ca279908-bd5b-4fc8-be99-e482437196bd@group-D8C70EE5A929:LeaderElection27] INFO  server.RaftServerConfigKeys (ConfUtils.java:logGet(43)) - raft.server.staging.catchup.gap = 1000 (default)
2019-09-25 12:38:58,446 [ca279908-bd5b-4fc8-be99-e482437196bd@group-DDC3DCF656A1:LeaderElection26] INFO  server.RaftServerConfigKeys (ConfUtils.java:logGet(43)) - raft.server.staging.catchup.gap = 1000 (default)
2019-09-25 12:38:58,446 [ca279908-bd5b-4fc8-be99-e482437196bd@group-D8C70EE5A929:LeaderElection27] INFO  server.RaftServerConfigKeys (ConfUtils.java:logGet(43)) - raft.server.rpc.sleep.time = 25ms (default)
2019-09-25 12:38:58,446 [ca279908-bd5b-4fc8-be99-e482437196bd@group-DDC3DCF656A1:LeaderElection26] INFO  server.RaftServerConfigKeys (ConfUtils.java:logGet(43)) - raft.server.rpc.sleep.time = 25ms (default)
2019-09-25 12:38:58,446 [ca279908-bd5b-4fc8-be99-e482437196bd@group-D8C70EE5A929:LeaderElection27] INFO  server.RaftServerConfigKeys (ConfUtils.java:logGet(43)) - raft.server.write.element-limit = 4096 (default)
2019-09-25 12:38:58,446 [ca279908-bd5b-4fc8-be99-e482437196bd@group-DDC3DCF656A1:LeaderElection26] INFO  server.RaftServerConfigKeys (ConfUtils.java:logGet(43)) - raft.server.write.element-limit = 4096 (default)
2019-09-25 12:38:58,447 [ca279908-bd5b-4fc8-be99-e482437196bd@group-D8C70EE5A929:LeaderElection27] INFO  server.RaftServerConfigKeys (ConfUtils.java:logGet(43)) - raft.server.watch.timeout = 10s (default)
2019-09-25 12:38:58,447 [ca279908-bd5b-4fc8-be99-e482437196bd@group-DDC3DCF656A1:LeaderElection26] INFO  server.RaftServerConfigKeys (ConfUtils.java:logGet(43)) - raft.server.watch.timeout = 10s (default)
2019-09-25 12:38:58,447 [ca279908-bd5b-4fc8-be99-e482437196bd@group-D8C70EE5A929:LeaderElection27] INFO  server.RaftServerConfigKeys (ConfUtils.java:logGet(43)) - raft.server.watch.timeout.denomination = 1s (default)
2019-09-25 12:38:58,447 [ca279908-bd5b-4fc8-be99-e482437196bd@group-DDC3DCF656A1:LeaderElection26] INFO  server.RaftServerConfigKeys (ConfUtils.java:logGet(43)) - raft.server.watch.timeout.denomination = 1s (default)
2019-09-25 12:38:58,447 [ca279908-bd5b-4fc8-be99-e482437196bd@group-D8C70EE5A929:LeaderElection27] INFO  server.RaftServerConfigKeys (ConfUtils.java:logGet(43)) - raft.server.watch.element-limit = 65536 (default)
2019-09-25 12:38:58,447 [ca279908-bd5b-4fc8-be99-e482437196bd@group-DDC3DCF656A1:LeaderElection26] INFO  server.RaftServerConfigKeys (ConfUtils.java:logGet(43)) - raft.server.watch.element-limit = 65536 (default)
2019-09-25 12:38:58,450 [ca279908-bd5b-4fc8-be99-e482437196bd@group-D8C70EE5A929:LeaderElection27] INFO  impl.RoleInfo (RoleInfo.java:updateAndGet(143)) - ca279908-bd5b-4fc8-be99-e482437196bd: start LeaderState
2019-09-25 12:38:58,450 [ca279908-bd5b-4fc8-be99-e482437196bd@group-D8C70EE5A929:LeaderElection27] INFO  segmented.SegmentedRaftLogWorker (SegmentedRaftLogWorker.java:startLogSegment(380)) - ca279908-bd5b-4fc8-be99-e482437196bd@group-D8C70EE5A929-SegmentedRaftLogWorker: Starting segment from index:0
2019-09-25 12:38:58,450 [ca279908-bd5b-4fc8-be99-e482437196bd@group-DDC3DCF656A1:LeaderElection26] INFO  impl.RoleInfo (RoleInfo.java:updateAndGet(143)) - ca279908-bd5b-4fc8-be99-e482437196bd: start LeaderState
2019-09-25 12:38:58,451 [ca279908-bd5b-4fc8-be99-e482437196bd@group-DDC3DCF656A1:LeaderElection26] INFO  segmented.SegmentedRaftLogWorker (SegmentedRaftLogWorker.java:startLogSegment(380)) - ca279908-bd5b-4fc8-be99-e482437196bd@group-DDC3DCF656A1-SegmentedRaftLogWorker: Starting segment from index:0
2019-09-25 12:38:58,451 [ca279908-bd5b-4fc8-be99-e482437196bd@group-D8C70EE5A929:LeaderElection27] INFO  impl.RaftServerImpl (ServerState.java:setRaftConf(354)) - ca279908-bd5b-4fc8-be99-e482437196bd@group-D8C70EE5A929: set configuration 0: [ca279908-bd5b-4fc8-be99-e482437196bd:192.168.151.73:36656], old=null at 0
2019-09-25 12:38:58,487 [Thread-470] INFO  impl.FollowerState (FollowerState.java:run(106)) - ca279908-bd5b-4fc8-be99-e482437196bd:group-E3503B24F247 changes to CANDIDATE, lastRpcTime:5131, electionTimeout:5115ms
2019-09-25 12:38:58,487 [ca279908-bd5b-4fc8-be99-e482437196bd@group-DDC3DCF656A1:LeaderElection26] INFO  impl.RaftServerImpl (ServerState.java:setRaftConf(354)) - ca279908-bd5b-4fc8-be99-e482437196bd@group-DDC3DCF656A1: set configuration 0: [ca279908-bd5b-4fc8-be99-e482437196bd:192.168.151.73:36656], old=null at 0
2019-09-25 12:38:58,487 [Thread-470] INFO  impl.RoleInfo (RoleInfo.java:shutdownFollowerState(121)) - ca279908-bd5b-4fc8-be99-e482437196bd: shutdown FollowerState
2019-09-25 12:38:58,521 [ca279908-bd5b-4fc8-be99-e482437196bd@group-D8C70EE5A929-SegmentedRaftLogWorker] INFO  segmented.SegmentedRaftLogWorker (SegmentedRaftLogWorker.java:execute(569)) - ca279908-bd5b-4fc8-be99-e482437196bd@group-D8C70EE5A929-SegmentedRaftLogWorker: created new log segment /workdir/hadoop-ozone/integration-test/target/test-dir/MiniOzoneClusterImpl-9ca535f6-0fbb-4439-9d4c-f895bd91215d/datanode-1/data/ratis/7602b30c-a9be-476b-89b5-d8c70ee5a929/current/log_inprogress_0
2019-09-25 12:38:58,521 [Thread-470] INFO  impl.RaftServerImpl (RaftServerImpl.java:setRole(174)) - ca279908-bd5b-4fc8-be99-e482437196bd@group-E3503B24F247: changes role from  FOLLOWER to CANDIDATE at term 0 for changeToCandidate
2019-09-25 12:38:58,521 [Thread-470] INFO  impl.RoleInfo (RoleInfo.java:updateAndGet(143)) - ca279908-bd5b-4fc8-be99-e482437196bd: start LeaderElection
2019-09-25 12:38:58,533 [ca279908-bd5b-4fc8-be99-e482437196bd@group-DDC3DCF656A1-SegmentedRaftLogWorker] INFO  segmented.SegmentedRaftLogWorker (SegmentedRaftLogWorker.java:execute(569)) - ca279908-bd5b-4fc8-be99-e482437196bd@group-DDC3DCF656A1-SegmentedRaftLogWorker: created new log segment /workdir/hadoop-ozone/integration-test/target/test-dir/MiniOzoneClusterImpl-9ca535f6-0fbb-4439-9d4c-f895bd91215d/datanode-1/data/ratis/24d60b2f-9369-4d83-8e25-ddc3dcf656a1/current/log_inprogress_0
2019-09-25 12:38:58,534 [ca279908-bd5b-4fc8-be99-e482437196bd@group-E3503B24F247:LeaderElection28] INFO  impl.LeaderElection (LeaderElection.java:askForVotes(182)) - ca279908-bd5b-4fc8-be99-e482437196bd@group-E3503B24F247:LeaderElection28: begin an election at term 1 for -1: [ca279908-bd5b-4fc8-be99-e482437196bd:192.168.151.73:36656], old=null
2019-09-25 12:38:58,534 [ca279908-bd5b-4fc8-be99-e482437196bd@group-E3503B24F247:LeaderElection28] INFO  impl.RoleInfo (RoleInfo.java:shutdownLeaderElection(134)) - ca279908-bd5b-4fc8-be99-e482437196bd: shutdown LeaderElection
2019-09-25 12:38:58,534 [ca279908-bd5b-4fc8-be99-e482437196bd@group-E3503B24F247:LeaderElection28] INFO  impl.RaftServerImpl (RaftServerImpl.java:setRole(174)) - ca279908-bd5b-4fc8-be99-e482437196bd@group-E3503B24F247: changes role from CANDIDATE to LEADER at term 1 for changeToLeader
2019-09-25 12:38:58,534 [ca279908-bd5b-4fc8-be99-e482437196bd@group-E3503B24F247:LeaderElection28] INFO  impl.RaftServerImpl (ServerState.java:setLeader(253)) - ca279908-bd5b-4fc8-be99-e482437196bd@group-E3503B24F247: change Leader from null to ca279908-bd5b-4fc8-be99-e482437196bd at term 1 for becomeLeader, leader elected after 5186ms
2019-09-25 12:38:58,535 [ca279908-bd5b-4fc8-be99-e482437196bd@group-E3503B24F247:LeaderElection28] INFO  server.RaftServerConfigKeys (ConfUtils.java:logGet(43)) - raft.server.staging.catchup.gap = 1000 (default)
2019-09-25 12:38:58,535 [ca279908-bd5b-4fc8-be99-e482437196bd@group-E3503B24F247:LeaderElection28] INFO  server.RaftServerConfigKeys (ConfUtils.java:logGet(43)) - raft.server.rpc.sleep.time = 25ms (default)
2019-09-25 12:38:58,535 [ca279908-bd5b-4fc8-be99-e482437196bd@group-E3503B24F247:LeaderElection28] INFO  server.RaftServerConfigKeys (ConfUtils.java:logGet(43)) - raft.server.write.element-limit = 4096 (default)
2019-09-25 12:38:58,535 [ca279908-bd5b-4fc8-be99-e482437196bd@group-E3503B24F247:LeaderElection28] INFO  server.RaftServerConfigKeys (ConfUtils.java:logGet(43)) - raft.server.watch.timeout = 10s (default)
2019-09-25 12:38:58,535 [ca279908-bd5b-4fc8-be99-e482437196bd@group-E3503B24F247:LeaderElection28] INFO  server.RaftServerConfigKeys (ConfUtils.java:logGet(43)) - raft.server.watch.timeout.denomination = 1s (default)
2019-09-25 12:38:58,536 [ca279908-bd5b-4fc8-be99-e482437196bd@group-E3503B24F247:LeaderElection28] INFO  server.RaftServerConfigKeys (ConfUtils.java:logGet(43)) - raft.server.watch.element-limit = 65536 (default)
2019-09-25 12:38:58,540 [ca279908-bd5b-4fc8-be99-e482437196bd@group-E3503B24F247:LeaderElection28] INFO  impl.RoleInfo (RoleInfo.java:updateAndGet(143)) - ca279908-bd5b-4fc8-be99-e482437196bd: start LeaderState
2019-09-25 12:38:58,540 [ca279908-bd5b-4fc8-be99-e482437196bd@group-E3503B24F247:LeaderElection28] INFO  segmented.SegmentedRaftLogWorker (SegmentedRaftLogWorker.java:startLogSegment(380)) - ca279908-bd5b-4fc8-be99-e482437196bd@group-E3503B24F247-SegmentedRaftLogWorker: Starting segment from index:0
2019-09-25 12:38:58,541 [ca279908-bd5b-4fc8-be99-e482437196bd@group-E3503B24F247:LeaderElection28] INFO  impl.RaftServerImpl (ServerState.java:setRaftConf(354)) - ca279908-bd5b-4fc8-be99-e482437196bd@group-E3503B24F247: set configuration 0: [ca279908-bd5b-4fc8-be99-e482437196bd:192.168.151.73:36656], old=null at 0
2019-09-25 12:38:58,572 [Thread-473] INFO  impl.FollowerState (FollowerState.java:run(106)) - ca279908-bd5b-4fc8-be99-e482437196bd:group-8C1F24CCABE2 changes to CANDIDATE, lastRpcTime:5167, electionTimeout:5148ms
2019-09-25 12:38:58,573 [Thread-473] INFO  impl.RoleInfo (RoleInfo.java:shutdownFollowerState(121)) - ca279908-bd5b-4fc8-be99-e482437196bd: shutdown FollowerState
2019-09-25 12:38:58,573 [Thread-473] INFO  impl.RaftServerImpl (RaftServerImpl.java:setRole(174)) - ca279908-bd5b-4fc8-be99-e482437196bd@group-8C1F24CCABE2: changes role from  FOLLOWER to CANDIDATE at term 0 for changeToCandidate
2019-09-25 12:38:58,574 [Thread-473] INFO  impl.RoleInfo (RoleInfo.java:updateAndGet(143)) - ca279908-bd5b-4fc8-be99-e482437196bd: start LeaderElection
2019-09-25 12:38:58,596 [ca279908-bd5b-4fc8-be99-e482437196bd@group-E3503B24F247-SegmentedRaftLogWorker] INFO  segmented.SegmentedRaftLogWorker (SegmentedRaftLogWorker.java:execute(569)) - ca279908-bd5b-4fc8-be99-e482437196bd@group-E3503B24F247-SegmentedRaftLogWorker: created new log segment /workdir/hadoop-ozone/integration-test/target/test-dir/MiniOzoneClusterImpl-9ca535f6-0fbb-4439-9d4c-f895bd91215d/datanode-1/data/ratis/eb4dc2dd-d8ea-40df-ad26-e3503b24f247/current/log_inprogress_0
2019-09-25 12:38:58,597 [ca279908-bd5b-4fc8-be99-e482437196bd@group-8C1F24CCABE2:LeaderElection29] INFO  impl.LeaderElection (LeaderElection.java:askForVotes(182)) - ca279908-bd5b-4fc8-be99-e482437196bd@group-8C1F24CCABE2:LeaderElection29: begin an election at term 1 for -1: [ca279908-bd5b-4fc8-be99-e482437196bd:192.168.151.73:36656], old=null
2019-09-25 12:38:58,597 [ca279908-bd5b-4fc8-be99-e482437196bd@group-8C1F24CCABE2:LeaderElection29] INFO  impl.RoleInfo (RoleInfo.java:shutdownLeaderElection(134)) - ca279908-bd5b-4fc8-be99-e482437196bd: shutdown LeaderElection
2019-09-25 12:38:58,597 [ca279908-bd5b-4fc8-be99-e482437196bd@group-8C1F24CCABE2:LeaderElection29] INFO  impl.RaftServerImpl (RaftServerImpl.java:setRole(174)) - ca279908-bd5b-4fc8-be99-e482437196bd@group-8C1F24CCABE2: changes role from CANDIDATE to LEADER at term 1 for changeToLeader
2019-09-25 12:38:58,597 [ca279908-bd5b-4fc8-be99-e482437196bd@group-8C1F24CCABE2:LeaderElection29] INFO  impl.RaftServerImpl (ServerState.java:setLeader(253)) - ca279908-bd5b-4fc8-be99-e482437196bd@group-8C1F24CCABE2: change Leader from null to ca279908-bd5b-4fc8-be99-e482437196bd at term 1 for becomeLeader, leader elected after 5200ms
2019-09-25 12:38:58,597 [ca279908-bd5b-4fc8-be99-e482437196bd@group-8C1F24CCABE2:LeaderElection29] INFO  server.RaftServerConfigKeys (ConfUtils.java:logGet(43)) - raft.server.staging.catchup.gap = 1000 (default)
2019-09-25 12:38:58,597 [ca279908-bd5b-4fc8-be99-e482437196bd@group-8C1F24CCABE2:LeaderElection29] INFO  server.RaftServerConfigKeys (ConfUtils.java:logGet(43)) - raft.server.rpc.sleep.time = 25ms (default)
2019-09-25 12:38:58,598 [ca279908-bd5b-4fc8-be99-e482437196bd@group-8C1F24CCABE2:LeaderElection29] INFO  server.RaftServerConfigKeys (ConfUtils.java:logGet(43)) - raft.server.write.element-limit = 4096 (default)
2019-09-25 12:38:58,598 [ca279908-bd5b-4fc8-be99-e482437196bd@group-8C1F24CCABE2:LeaderElection29] INFO  server.RaftServerConfigKeys (ConfUtils.java:logGet(43)) - raft.server.watch.timeout = 10s (default)
2019-09-25 12:38:58,598 [ca279908-bd5b-4fc8-be99-e482437196bd@group-8C1F24CCABE2:LeaderElection29] INFO  server.RaftServerConfigKeys (ConfUtils.java:logGet(43)) - raft.server.watch.timeout.denomination = 1s (default)
2019-09-25 12:38:58,598 [ca279908-bd5b-4fc8-be99-e482437196bd@group-8C1F24CCABE2:LeaderElection29] INFO  server.RaftServerConfigKeys (ConfUtils.java:logGet(43)) - raft.server.watch.element-limit = 65536 (default)
2019-09-25 12:38:58,601 [ca279908-bd5b-4fc8-be99-e482437196bd@group-8C1F24CCABE2:LeaderElection29] INFO  impl.RoleInfo (RoleInfo.java:updateAndGet(143)) - ca279908-bd5b-4fc8-be99-e482437196bd: start LeaderState
2019-09-25 12:38:58,601 [ca279908-bd5b-4fc8-be99-e482437196bd@group-8C1F24CCABE2:LeaderElection29] INFO  segmented.SegmentedRaftLogWorker (SegmentedRaftLogWorker.java:startLogSegment(380)) - ca279908-bd5b-4fc8-be99-e482437196bd@group-8C1F24CCABE2-SegmentedRaftLogWorker: Starting segment from index:0
2019-09-25 12:38:58,601 [ca279908-bd5b-4fc8-be99-e482437196bd@group-8C1F24CCABE2:LeaderElection29] INFO  impl.RaftServerImpl (ServerState.java:setRaftConf(354)) - ca279908-bd5b-4fc8-be99-e482437196bd@group-8C1F24CCABE2: set configuration 0: [ca279908-bd5b-4fc8-be99-e482437196bd:192.168.151.73:36656], old=null at 0
2019-09-25 12:38:58,651 [Thread-476] INFO  impl.FollowerState (FollowerState.java:run(106)) - ca279908-bd5b-4fc8-be99-e482437196bd:group-3E546C2F3345 changes to CANDIDATE, lastRpcTime:5200, electionTimeout:5200ms
2019-09-25 12:38:58,652 [Thread-476] INFO  impl.RoleInfo (RoleInfo.java:shutdownFollowerState(121)) - ca279908-bd5b-4fc8-be99-e482437196bd: shutdown FollowerState
2019-09-25 12:38:58,652 [Thread-476] INFO  impl.RaftServerImpl (RaftServerImpl.java:setRole(174)) - ca279908-bd5b-4fc8-be99-e482437196bd@group-3E546C2F3345: changes role from  FOLLOWER to CANDIDATE at term 0 for changeToCandidate
2019-09-25 12:38:58,652 [Thread-476] INFO  impl.RoleInfo (RoleInfo.java:updateAndGet(143)) - ca279908-bd5b-4fc8-be99-e482437196bd: start LeaderElection
2019-09-25 12:38:58,661 [ca279908-bd5b-4fc8-be99-e482437196bd@group-8C1F24CCABE2-SegmentedRaftLogWorker] INFO  segmented.SegmentedRaftLogWorker (SegmentedRaftLogWorker.java:execute(569)) - ca279908-bd5b-4fc8-be99-e482437196bd@group-8C1F24CCABE2-SegmentedRaftLogWorker: created new log segment /workdir/hadoop-ozone/integration-test/target/test-dir/MiniOzoneClusterImpl-9ca535f6-0fbb-4439-9d4c-f895bd91215d/datanode-1/data/ratis/433fbc8e-fa50-4d7e-bb9e-8c1f24ccabe2/current/log_inprogress_0
2019-09-25 12:38:58,663 [ca279908-bd5b-4fc8-be99-e482437196bd@group-3E546C2F3345:LeaderElection30] INFO  impl.LeaderElection (LeaderElection.java:askForVotes(182)) - ca279908-bd5b-4fc8-be99-e482437196bd@group-3E546C2F3345:LeaderElection30: begin an election at term 1 for -1: [ca279908-bd5b-4fc8-be99-e482437196bd:192.168.151.73:36656], old=null
2019-09-25 12:38:58,663 [ca279908-bd5b-4fc8-be99-e482437196bd@group-3E546C2F3345:LeaderElection30] INFO  impl.RoleInfo (RoleInfo.java:shutdownLeaderElection(134)) - ca279908-bd5b-4fc8-be99-e482437196bd: shutdown LeaderElection
2019-09-25 12:38:58,663 [ca279908-bd5b-4fc8-be99-e482437196bd@group-3E546C2F3345:LeaderElection30] INFO  impl.RaftServerImpl (RaftServerImpl.java:setRole(174)) - ca279908-bd5b-4fc8-be99-e482437196bd@group-3E546C2F3345: changes role from CANDIDATE to LEADER at term 1 for changeToLeader
2019-09-25 12:38:58,664 [ca279908-bd5b-4fc8-be99-e482437196bd@group-3E546C2F3345:LeaderElection30] INFO  impl.RaftServerImpl (ServerState.java:setLeader(253)) - ca279908-bd5b-4fc8-be99-e482437196bd@group-3E546C2F3345: change Leader from null to ca279908-bd5b-4fc8-be99-e482437196bd at term 1 for becomeLeader, leader elected after 5220ms
2019-09-25 12:38:58,664 [ca279908-bd5b-4fc8-be99-e482437196bd@group-3E546C2F3345:LeaderElection30] INFO  server.RaftServerConfigKeys (ConfUtils.java:logGet(43)) - raft.server.staging.catchup.gap = 1000 (default)
2019-09-25 12:38:58,664 [ca279908-bd5b-4fc8-be99-e482437196bd@group-3E546C2F3345:LeaderElection30] INFO  server.RaftServerConfigKeys (ConfUtils.java:logGet(43)) - raft.server.rpc.sleep.time = 25ms (default)
2019-09-25 12:38:58,664 [ca279908-bd5b-4fc8-be99-e482437196bd@group-3E546C2F3345:LeaderElection30] INFO  server.RaftServerConfigKeys (ConfUtils.java:logGet(43)) - raft.server.write.element-limit = 4096 (default)
2019-09-25 12:38:58,664 [ca279908-bd5b-4fc8-be99-e482437196bd@group-3E546C2F3345:LeaderElection30] INFO  server.RaftServerConfigKeys (ConfUtils.java:logGet(43)) - raft.server.watch.timeout = 10s (default)
2019-09-25 12:38:58,664 [ca279908-bd5b-4fc8-be99-e482437196bd@group-3E546C2F3345:LeaderElection30] INFO  server.RaftServerConfigKeys (ConfUtils.java:logGet(43)) - raft.server.watch.timeout.denomination = 1s (default)
2019-09-25 12:38:58,665 [ca279908-bd5b-4fc8-be99-e482437196bd@group-3E546C2F3345:LeaderElection30] INFO  server.RaftServerConfigKeys (ConfUtils.java:logGet(43)) - raft.server.watch.element-limit = 65536 (default)
2019-09-25 12:38:58,667 [ca279908-bd5b-4fc8-be99-e482437196bd@group-3E546C2F3345:LeaderElection30] INFO  impl.RoleInfo (RoleInfo.java:updateAndGet(143)) - ca279908-bd5b-4fc8-be99-e482437196bd: start LeaderState
2019-09-25 12:38:58,667 [ca279908-bd5b-4fc8-be99-e482437196bd@group-3E546C2F3345:LeaderElection30] INFO  segmented.SegmentedRaftLogWorker (SegmentedRaftLogWorker.java:startLogSegment(380)) - ca279908-bd5b-4fc8-be99-e482437196bd@group-3E546C2F3345-SegmentedRaftLogWorker: Starting segment from index:0
2019-09-25 12:38:58,668 [ca279908-bd5b-4fc8-be99-e482437196bd@group-3E546C2F3345:LeaderElection30] INFO  impl.RaftServerImpl (ServerState.java:setRaftConf(354)) - ca279908-bd5b-4fc8-be99-e482437196bd@group-3E546C2F3345: set configuration 0: [ca279908-bd5b-4fc8-be99-e482437196bd:192.168.151.73:36656], old=null at 0
2019-09-25 12:38:58,703 [Thread-482] INFO  impl.FollowerState (FollowerState.java:run(106)) - ca279908-bd5b-4fc8-be99-e482437196bd:group-DC6B1B22B0CE changes to CANDIDATE, lastRpcTime:5152, electionTimeout:5149ms
2019-09-25 12:38:58,703 [Thread-479] INFO  impl.FollowerState (FollowerState.java:run(106)) - 545258d5-b925-430f-abcd-ed5a31f9d81f:group-D66AADBE86AF changes to CANDIDATE, lastRpcTime:5202, electionTimeout:5186ms
2019-09-25 12:38:58,703 [Thread-482] INFO  impl.RoleInfo (RoleInfo.java:shutdownFollowerState(121)) - ca279908-bd5b-4fc8-be99-e482437196bd: shutdown FollowerState
2019-09-25 12:38:58,703 [Thread-479] INFO  impl.RoleInfo (RoleInfo.java:shutdownFollowerState(121)) - 545258d5-b925-430f-abcd-ed5a31f9d81f: shutdown FollowerState
2019-09-25 12:38:58,704 [Thread-482] INFO  impl.RaftServerImpl (RaftServerImpl.java:setRole(174)) - ca279908-bd5b-4fc8-be99-e482437196bd@group-DC6B1B22B0CE: changes role from  FOLLOWER to CANDIDATE at term 0 for changeToCandidate
2019-09-25 12:38:58,704 [Thread-479] INFO  impl.RaftServerImpl (RaftServerImpl.java:setRole(174)) - 545258d5-b925-430f-abcd-ed5a31f9d81f@group-D66AADBE86AF: changes role from  FOLLOWER to CANDIDATE at term 0 for changeToCandidate
2019-09-25 12:38:58,704 [Thread-482] INFO  impl.RoleInfo (RoleInfo.java:updateAndGet(143)) - ca279908-bd5b-4fc8-be99-e482437196bd: start LeaderElection
2019-09-25 12:38:58,704 [Thread-479] INFO  impl.RoleInfo (RoleInfo.java:updateAndGet(143)) - 545258d5-b925-430f-abcd-ed5a31f9d81f: start LeaderElection
2019-09-25 12:38:58,707 [Thread-488] INFO  impl.FollowerState (FollowerState.java:run(106)) - 545258d5-b925-430f-abcd-ed5a31f9d81f:group-3F83D0637F53 changes to CANDIDATE, lastRpcTime:5067, electionTimeout:5067ms
2019-09-25 12:38:58,707 [Thread-488] INFO  impl.RoleInfo (RoleInfo.java:shutdownFollowerState(121)) - 545258d5-b925-430f-abcd-ed5a31f9d81f: shutdown FollowerState
2019-09-25 12:38:58,708 [Thread-488] INFO  impl.RaftServerImpl (RaftServerImpl.java:setRole(174)) - 545258d5-b925-430f-abcd-ed5a31f9d81f@group-3F83D0637F53: changes role from  FOLLOWER to CANDIDATE at term 0 for changeToCandidate
2019-09-25 12:38:58,708 [Thread-488] INFO  impl.RoleInfo (RoleInfo.java:updateAndGet(143)) - 545258d5-b925-430f-abcd-ed5a31f9d81f: start LeaderElection
2019-09-25 12:38:58,716 [ca279908-bd5b-4fc8-be99-e482437196bd@group-3E546C2F3345-SegmentedRaftLogWorker] INFO  segmented.SegmentedRaftLogWorker (SegmentedRaftLogWorker.java:execute(569)) - ca279908-bd5b-4fc8-be99-e482437196bd@group-3E546C2F3345-SegmentedRaftLogWorker: created new log segment /workdir/hadoop-ozone/integration-test/target/test-dir/MiniOzoneClusterImpl-9ca535f6-0fbb-4439-9d4c-f895bd91215d/datanode-1/data/ratis/db4175de-aaee-49c8-8d4b-3e546c2f3345/current/log_inprogress_0
2019-09-25 12:38:58,716 [545258d5-b925-430f-abcd-ed5a31f9d81f@group-D66AADBE86AF:LeaderElection32] INFO  impl.LeaderElection (LeaderElection.java:askForVotes(182)) - 545258d5-b925-430f-abcd-ed5a31f9d81f@group-D66AADBE86AF:LeaderElection32: begin an election at term 1 for -1: [545258d5-b925-430f-abcd-ed5a31f9d81f:192.168.151.73:36153], old=null
2019-09-25 12:38:58,716 [ca279908-bd5b-4fc8-be99-e482437196bd@group-DC6B1B22B0CE:LeaderElection31] INFO  impl.LeaderElection (LeaderElection.java:askForVotes(182)) - ca279908-bd5b-4fc8-be99-e482437196bd@group-DC6B1B22B0CE:LeaderElection31: begin an election at term 1 for -1: [ca279908-bd5b-4fc8-be99-e482437196bd:192.168.151.73:36656], old=null
2019-09-25 12:38:58,716 [545258d5-b925-430f-abcd-ed5a31f9d81f@group-D66AADBE86AF:LeaderElection32] INFO  impl.RoleInfo (RoleInfo.java:shutdownLeaderElection(134)) - 545258d5-b925-430f-abcd-ed5a31f9d81f: shutdown LeaderElection
2019-09-25 12:38:58,716 [545258d5-b925-430f-abcd-ed5a31f9d81f@group-3F83D0637F53:LeaderElection33] INFO  impl.LeaderElection (LeaderElection.java:askForVotes(182)) - 545258d5-b925-430f-abcd-ed5a31f9d81f@group-3F83D0637F53:LeaderElection33: begin an election at term 1 for -1: [545258d5-b925-430f-abcd-ed5a31f9d81f:192.168.151.73:36153], old=null
2019-09-25 12:38:58,716 [545258d5-b925-430f-abcd-ed5a31f9d81f@group-D66AADBE86AF:LeaderElection32] INFO  impl.RaftServerImpl (RaftServerImpl.java:setRole(174)) - 545258d5-b925-430f-abcd-ed5a31f9d81f@group-D66AADBE86AF: changes role from CANDIDATE to LEADER at term 1 for changeToLeader
2019-09-25 12:38:58,716 [ca279908-bd5b-4fc8-be99-e482437196bd@group-DC6B1B22B0CE:LeaderElection31] INFO  impl.RoleInfo (RoleInfo.java:shutdownLeaderElection(134)) - ca279908-bd5b-4fc8-be99-e482437196bd: shutdown LeaderElection
2019-09-25 12:38:58,716 [545258d5-b925-430f-abcd-ed5a31f9d81f@group-D66AADBE86AF:LeaderElection32] INFO  impl.RaftServerImpl (ServerState.java:setLeader(253)) - 545258d5-b925-430f-abcd-ed5a31f9d81f@group-D66AADBE86AF: change Leader from null to 545258d5-b925-430f-abcd-ed5a31f9d81f at term 1 for becomeLeader, leader elected after 5222ms
2019-09-25 12:38:58,716 [545258d5-b925-430f-abcd-ed5a31f9d81f@group-3F83D0637F53:LeaderElection33] INFO  impl.RoleInfo (RoleInfo.java:shutdownLeaderElection(134)) - 545258d5-b925-430f-abcd-ed5a31f9d81f: shutdown LeaderElection
2019-09-25 12:38:58,717 [545258d5-b925-430f-abcd-ed5a31f9d81f@group-D66AADBE86AF:LeaderElection32] INFO  server.RaftServerConfigKeys (ConfUtils.java:logGet(43)) - raft.server.staging.catchup.gap = 1000 (default)
2019-09-25 12:38:58,717 [ca279908-bd5b-4fc8-be99-e482437196bd@group-DC6B1B22B0CE:LeaderElection31] INFO  impl.RaftServerImpl (RaftServerImpl.java:setRole(174)) - ca279908-bd5b-4fc8-be99-e482437196bd@group-DC6B1B22B0CE: changes role from CANDIDATE to LEADER at term 1 for changeToLeader
2019-09-25 12:38:58,717 [545258d5-b925-430f-abcd-ed5a31f9d81f@group-D66AADBE86AF:LeaderElection32] INFO  server.RaftServerConfigKeys (ConfUtils.java:logGet(43)) - raft.server.rpc.sleep.time = 25ms (default)
2019-09-25 12:38:58,717 [545258d5-b925-430f-abcd-ed5a31f9d81f@group-3F83D0637F53:LeaderElection33] INFO  impl.RaftServerImpl (RaftServerImpl.java:setRole(174)) - 545258d5-b925-430f-abcd-ed5a31f9d81f@group-3F83D0637F53: changes role from CANDIDATE to LEADER at term 1 for changeToLeader
2019-09-25 12:38:58,717 [545258d5-b925-430f-abcd-ed5a31f9d81f@group-D66AADBE86AF:LeaderElection32] INFO  server.RaftServerConfigKeys (ConfUtils.java:logGet(43)) - raft.server.write.element-limit = 4096 (default)
2019-09-25 12:38:58,717 [ca279908-bd5b-4fc8-be99-e482437196bd@group-DC6B1B22B0CE:LeaderElection31] INFO  impl.RaftServerImpl (ServerState.java:setLeader(253)) - ca279908-bd5b-4fc8-be99-e482437196bd@group-DC6B1B22B0CE: change Leader from null to ca279908-bd5b-4fc8-be99-e482437196bd at term 1 for becomeLeader, leader elected after 5173ms
2019-09-25 12:38:58,718 [545258d5-b925-430f-abcd-ed5a31f9d81f@group-D66AADBE86AF:LeaderElection32] INFO  server.RaftServerConfigKeys (ConfUtils.java:logGet(43)) - raft.server.watch.timeout = 10s (default)
2019-09-25 12:38:58,717 [545258d5-b925-430f-abcd-ed5a31f9d81f@group-3F83D0637F53:LeaderElection33] INFO  impl.RaftServerImpl (ServerState.java:setLeader(253)) - 545258d5-b925-430f-abcd-ed5a31f9d81f@group-3F83D0637F53: change Leader from null to 545258d5-b925-430f-abcd-ed5a31f9d81f at term 1 for becomeLeader, leader elected after 5082ms
2019-09-25 12:38:58,718 [545258d5-b925-430f-abcd-ed5a31f9d81f@group-D66AADBE86AF:LeaderElection32] INFO  server.RaftServerConfigKeys (ConfUtils.java:logGet(43)) - raft.server.watch.timeout.denomination = 1s (default)
2019-09-25 12:38:58,718 [545258d5-b925-430f-abcd-ed5a31f9d81f@group-D66AADBE86AF:LeaderElection32] INFO  server.RaftServerConfigKeys (ConfUtils.java:logGet(43)) - raft.server.watch.element-limit = 65536 (default)
2019-09-25 12:38:58,718 [ca279908-bd5b-4fc8-be99-e482437196bd@group-DC6B1B22B0CE:LeaderElection31] INFO  server.RaftServerConfigKeys (ConfUtils.java:logGet(43)) - raft.server.staging.catchup.gap = 1000 (default)
2019-09-25 12:38:58,718 [545258d5-b925-430f-abcd-ed5a31f9d81f@group-3F83D0637F53:LeaderElection33] INFO  server.RaftServerConfigKeys (ConfUtils.java:logGet(43)) - raft.server.staging.catchup.gap = 1000 (default)
2019-09-25 12:38:58,718 [ca279908-bd5b-4fc8-be99-e482437196bd@group-DC6B1B22B0CE:LeaderElection31] INFO  server.RaftServerConfigKeys (ConfUtils.java:logGet(43)) - raft.server.rpc.sleep.time = 25ms (default)
2019-09-25 12:38:58,719 [545258d5-b925-430f-abcd-ed5a31f9d81f@group-3F83D0637F53:LeaderElection33] INFO  server.RaftServerConfigKeys (ConfUtils.java:logGet(43)) - raft.server.rpc.sleep.time = 25ms (default)
2019-09-25 12:38:58,719 [ca279908-bd5b-4fc8-be99-e482437196bd@group-DC6B1B22B0CE:LeaderElection31] INFO  server.RaftServerConfigKeys (ConfUtils.java:logGet(43)) - raft.server.write.element-limit = 4096 (default)
2019-09-25 12:38:58,719 [545258d5-b925-430f-abcd-ed5a31f9d81f@group-3F83D0637F53:LeaderElection33] INFO  server.RaftServerConfigKeys (ConfUtils.java:logGet(43)) - raft.server.write.element-limit = 4096 (default)
2019-09-25 12:38:58,719 [ca279908-bd5b-4fc8-be99-e482437196bd@group-DC6B1B22B0CE:LeaderElection31] INFO  server.RaftServerConfigKeys (ConfUtils.java:logGet(43)) - raft.server.watch.timeout = 10s (default)
2019-09-25 12:38:58,719 [545258d5-b925-430f-abcd-ed5a31f9d81f@group-3F83D0637F53:LeaderElection33] INFO  server.RaftServerConfigKeys (ConfUtils.java:logGet(43)) - raft.server.watch.timeout = 10s (default)
2019-09-25 12:38:58,719 [ca279908-bd5b-4fc8-be99-e482437196bd@group-DC6B1B22B0CE:LeaderElection31] INFO  server.RaftServerConfigKeys (ConfUtils.java:logGet(43)) - raft.server.watch.timeout.denomination = 1s (default)
2019-09-25 12:38:58,719 [545258d5-b925-430f-abcd-ed5a31f9d81f@group-3F83D0637F53:LeaderElection33] INFO  server.RaftServerConfigKeys (ConfUtils.java:logGet(43)) - raft.server.watch.timeout.denomination = 1s (default)
2019-09-25 12:38:58,719 [ca279908-bd5b-4fc8-be99-e482437196bd@group-DC6B1B22B0CE:LeaderElection31] INFO  server.RaftServerConfigKeys (ConfUtils.java:logGet(43)) - raft.server.watch.element-limit = 65536 (default)
2019-09-25 12:38:58,720 [545258d5-b925-430f-abcd-ed5a31f9d81f@group-3F83D0637F53:LeaderElection33] INFO  server.RaftServerConfigKeys (ConfUtils.java:logGet(43)) - raft.server.watch.element-limit = 65536 (default)
2019-09-25 12:38:58,721 [545258d5-b925-430f-abcd-ed5a31f9d81f@group-D66AADBE86AF:LeaderElection32] INFO  impl.RoleInfo (RoleInfo.java:updateAndGet(143)) - 545258d5-b925-430f-abcd-ed5a31f9d81f: start LeaderState
2019-09-25 12:38:58,721 [545258d5-b925-430f-abcd-ed5a31f9d81f@group-D66AADBE86AF:LeaderElection32] INFO  segmented.SegmentedRaftLogWorker (SegmentedRaftLogWorker.java:startLogSegment(380)) - 545258d5-b925-430f-abcd-ed5a31f9d81f@group-D66AADBE86AF-SegmentedRaftLogWorker: Starting segment from index:0
2019-09-25 12:38:58,722 [545258d5-b925-430f-abcd-ed5a31f9d81f@group-D66AADBE86AF:LeaderElection32] INFO  impl.RaftServerImpl (ServerState.java:setRaftConf(354)) - 545258d5-b925-430f-abcd-ed5a31f9d81f@group-D66AADBE86AF: set configuration 0: [545258d5-b925-430f-abcd-ed5a31f9d81f:192.168.151.73:36153], old=null at 0
2019-09-25 12:38:58,758 [Thread-494] INFO  impl.FollowerState (FollowerState.java:run(106)) - 545258d5-b925-430f-abcd-ed5a31f9d81f:group-530E895461FE changes to CANDIDATE, lastRpcTime:5046, electionTimeout:5022ms
2019-09-25 12:38:58,759 [Thread-494] INFO  impl.RoleInfo (RoleInfo.java:shutdownFollowerState(121)) - 545258d5-b925-430f-abcd-ed5a31f9d81f: shutdown FollowerState
2019-09-25 12:38:58,759 [Thread-494] INFO  impl.RaftServerImpl (RaftServerImpl.java:setRole(174)) - 545258d5-b925-430f-abcd-ed5a31f9d81f@group-530E895461FE: changes role from  FOLLOWER to CANDIDATE at term 0 for changeToCandidate
2019-09-25 12:38:58,759 [Thread-494] INFO  impl.RoleInfo (RoleInfo.java:updateAndGet(143)) - 545258d5-b925-430f-abcd-ed5a31f9d81f: start LeaderElection
2019-09-25 12:38:58,761 [ca279908-bd5b-4fc8-be99-e482437196bd@group-DC6B1B22B0CE:LeaderElection31] INFO  impl.RoleInfo (RoleInfo.java:updateAndGet(143)) - ca279908-bd5b-4fc8-be99-e482437196bd: start LeaderState
2019-09-25 12:38:58,761 [545258d5-b925-430f-abcd-ed5a31f9d81f@group-3F83D0637F53:LeaderElection33] INFO  impl.RoleInfo (RoleInfo.java:updateAndGet(143)) - 545258d5-b925-430f-abcd-ed5a31f9d81f: start LeaderState
2019-09-25 12:38:58,761 [ca279908-bd5b-4fc8-be99-e482437196bd@group-DC6B1B22B0CE:LeaderElection31] INFO  segmented.SegmentedRaftLogWorker (SegmentedRaftLogWorker.java:startLogSegment(380)) - ca279908-bd5b-4fc8-be99-e482437196bd@group-DC6B1B22B0CE-SegmentedRaftLogWorker: Starting segment from index:0
2019-09-25 12:38:58,761 [545258d5-b925-430f-abcd-ed5a31f9d81f@group-3F83D0637F53:LeaderElection33] INFO  segmented.SegmentedRaftLogWorker (SegmentedRaftLogWorker.java:startLogSegment(380)) - 545258d5-b925-430f-abcd-ed5a31f9d81f@group-3F83D0637F53-SegmentedRaftLogWorker: Starting segment from index:0
2019-09-25 12:38:58,762 [ca279908-bd5b-4fc8-be99-e482437196bd@group-DC6B1B22B0CE:LeaderElection31] INFO  impl.RaftServerImpl (ServerState.java:setRaftConf(354)) - ca279908-bd5b-4fc8-be99-e482437196bd@group-DC6B1B22B0CE: set configuration 0: [ca279908-bd5b-4fc8-be99-e482437196bd:192.168.151.73:36656], old=null at 0
2019-09-25 12:38:58,762 [545258d5-b925-430f-abcd-ed5a31f9d81f@group-3F83D0637F53:LeaderElection33] INFO  impl.RaftServerImpl (ServerState.java:setRaftConf(354)) - 545258d5-b925-430f-abcd-ed5a31f9d81f@group-3F83D0637F53: set configuration 0: [545258d5-b925-430f-abcd-ed5a31f9d81f:192.168.151.73:36153], old=null at 0
2019-09-25 12:38:58,793 [Thread-485] INFO  impl.FollowerState (FollowerState.java:run(106)) - 545258d5-b925-430f-abcd-ed5a31f9d81f:group-0318A6643822 changes to CANDIDATE, lastRpcTime:5197, electionTimeout:5193ms
2019-09-25 12:38:58,793 [545258d5-b925-430f-abcd-ed5a31f9d81f@group-D66AADBE86AF-SegmentedRaftLogWorker] INFO  segmented.SegmentedRaftLogWorker (SegmentedRaftLogWorker.java:execute(569)) - 545258d5-b925-430f-abcd-ed5a31f9d81f@group-D66AADBE86AF-SegmentedRaftLogWorker: created new log segment /workdir/hadoop-ozone/integration-test/target/test-dir/MiniOzoneClusterImpl-9ca535f6-0fbb-4439-9d4c-f895bd91215d/datanode-2/data/ratis/d728f102-f410-4779-94f4-d66aadbe86af/current/log_inprogress_0
2019-09-25 12:38:58,793 [Thread-485] INFO  impl.RoleInfo (RoleInfo.java:shutdownFollowerState(121)) - 545258d5-b925-430f-abcd-ed5a31f9d81f: shutdown FollowerState
2019-09-25 12:38:58,793 [545258d5-b925-430f-abcd-ed5a31f9d81f@group-530E895461FE:LeaderElection34] INFO  impl.LeaderElection (LeaderElection.java:askForVotes(182)) - 545258d5-b925-430f-abcd-ed5a31f9d81f@group-530E895461FE:LeaderElection34: begin an election at term 1 for -1: [545258d5-b925-430f-abcd-ed5a31f9d81f:192.168.151.73:36153], old=null
2019-09-25 12:38:58,794 [Thread-485] INFO  impl.RaftServerImpl (RaftServerImpl.java:setRole(174)) - 545258d5-b925-430f-abcd-ed5a31f9d81f@group-0318A6643822: changes role from  FOLLOWER to CANDIDATE at term 0 for changeToCandidate
2019-09-25 12:38:58,794 [545258d5-b925-430f-abcd-ed5a31f9d81f@group-530E895461FE:LeaderElection34] INFO  impl.RoleInfo (RoleInfo.java:shutdownLeaderElection(134)) - 545258d5-b925-430f-abcd-ed5a31f9d81f: shutdown LeaderElection
2019-09-25 12:38:58,794 [Thread-485] INFO  impl.RoleInfo (RoleInfo.java:updateAndGet(143)) - 545258d5-b925-430f-abcd-ed5a31f9d81f: start LeaderElection
2019-09-25 12:38:58,794 [545258d5-b925-430f-abcd-ed5a31f9d81f@group-530E895461FE:LeaderElection34] INFO  impl.RaftServerImpl (RaftServerImpl.java:setRole(174)) - 545258d5-b925-430f-abcd-ed5a31f9d81f@group-530E895461FE: changes role from CANDIDATE to LEADER at term 1 for changeToLeader
2019-09-25 12:38:58,794 [545258d5-b925-430f-abcd-ed5a31f9d81f@group-530E895461FE:LeaderElection34] INFO  impl.RaftServerImpl (ServerState.java:setLeader(253)) - 545258d5-b925-430f-abcd-ed5a31f9d81f@group-530E895461FE: change Leader from null to 545258d5-b925-430f-abcd-ed5a31f9d81f at term 1 for becomeLeader, leader elected after 5086ms
2019-09-25 12:38:58,794 [545258d5-b925-430f-abcd-ed5a31f9d81f@group-530E895461FE:LeaderElection34] INFO  server.RaftServerConfigKeys (ConfUtils.java:logGet(43)) - raft.server.staging.catchup.gap = 1000 (default)
2019-09-25 12:38:58,794 [545258d5-b925-430f-abcd-ed5a31f9d81f@group-530E895461FE:LeaderElection34] INFO  server.RaftServerConfigKeys (ConfUtils.java:logGet(43)) - raft.server.rpc.sleep.time = 25ms (default)
2019-09-25 12:38:58,796 [545258d5-b925-430f-abcd-ed5a31f9d81f@group-530E895461FE:LeaderElection34] INFO  server.RaftServerConfigKeys (ConfUtils.java:logGet(43)) - raft.server.write.element-limit = 4096 (default)
2019-09-25 12:38:58,796 [545258d5-b925-430f-abcd-ed5a31f9d81f@group-530E895461FE:LeaderElection34] INFO  server.RaftServerConfigKeys (ConfUtils.java:logGet(43)) - raft.server.watch.timeout = 10s (default)
2019-09-25 12:38:58,796 [545258d5-b925-430f-abcd-ed5a31f9d81f@group-530E895461FE:LeaderElection34] INFO  server.RaftServerConfigKeys (ConfUtils.java:logGet(43)) - raft.server.watch.timeout.denomination = 1s (default)
2019-09-25 12:38:58,796 [545258d5-b925-430f-abcd-ed5a31f9d81f@group-530E895461FE:LeaderElection34] INFO  server.RaftServerConfigKeys (ConfUtils.java:logGet(43)) - raft.server.watch.element-limit = 65536 (default)
2019-09-25 12:38:58,799 [545258d5-b925-430f-abcd-ed5a31f9d81f@group-530E895461FE:LeaderElection34] INFO  impl.RoleInfo (RoleInfo.java:updateAndGet(143)) - 545258d5-b925-430f-abcd-ed5a31f9d81f: start LeaderState
2019-09-25 12:38:58,799 [545258d5-b925-430f-abcd-ed5a31f9d81f@group-530E895461FE:LeaderElection34] INFO  segmented.SegmentedRaftLogWorker (SegmentedRaftLogWorker.java:startLogSegment(380)) - 545258d5-b925-430f-abcd-ed5a31f9d81f@group-530E895461FE-SegmentedRaftLogWorker: Starting segment from index:0
2019-09-25 12:38:58,799 [545258d5-b925-430f-abcd-ed5a31f9d81f@group-530E895461FE:LeaderElection34] INFO  impl.RaftServerImpl (ServerState.java:setRaftConf(354)) - 545258d5-b925-430f-abcd-ed5a31f9d81f@group-530E895461FE: set configuration 0: [545258d5-b925-430f-abcd-ed5a31f9d81f:192.168.151.73:36153], old=null at 0
2019-09-25 12:38:58,831 [Thread-491] INFO  impl.FollowerState (FollowerState.java:run(106)) - 545258d5-b925-430f-abcd-ed5a31f9d81f:group-C04175F96730 changes to CANDIDATE, lastRpcTime:5164, electionTimeout:5148ms
2019-09-25 12:38:58,831 [545258d5-b925-430f-abcd-ed5a31f9d81f@group-3F83D0637F53-SegmentedRaftLogWorker] INFO  segmented.SegmentedRaftLogWorker (SegmentedRaftLogWorker.java:execute(569)) - 545258d5-b925-430f-abcd-ed5a31f9d81f@group-3F83D0637F53-SegmentedRaftLogWorker: created new log segment /workdir/hadoop-ozone/integration-test/target/test-dir/MiniOzoneClusterImpl-9ca535f6-0fbb-4439-9d4c-f895bd91215d/datanode-2/data/ratis/f1723c8e-851a-4bb1-a730-3f83d0637f53/current/log_inprogress_0
2019-09-25 12:38:58,831 [545258d5-b925-430f-abcd-ed5a31f9d81f@group-0318A6643822:LeaderElection35] INFO  impl.LeaderElection (LeaderElection.java:askForVotes(182)) - 545258d5-b925-430f-abcd-ed5a31f9d81f@group-0318A6643822:LeaderElection35: begin an election at term 1 for -1: [545258d5-b925-430f-abcd-ed5a31f9d81f:192.168.151.73:36153], old=null
2019-09-25 12:38:58,831 [Thread-491] INFO  impl.RoleInfo (RoleInfo.java:shutdownFollowerState(121)) - 545258d5-b925-430f-abcd-ed5a31f9d81f: shutdown FollowerState
2019-09-25 12:38:58,831 [ca279908-bd5b-4fc8-be99-e482437196bd@group-DC6B1B22B0CE-SegmentedRaftLogWorker] INFO  segmented.SegmentedRaftLogWorker (SegmentedRaftLogWorker.java:execute(569)) - ca279908-bd5b-4fc8-be99-e482437196bd@group-DC6B1B22B0CE-SegmentedRaftLogWorker: created new log segment /workdir/hadoop-ozone/integration-test/target/test-dir/MiniOzoneClusterImpl-9ca535f6-0fbb-4439-9d4c-f895bd91215d/datanode-1/data/ratis/579da316-6c38-4b80-a052-dc6b1b22b0ce/current/log_inprogress_0
2019-09-25 12:38:58,831 [Thread-491] INFO  impl.RaftServerImpl (RaftServerImpl.java:setRole(174)) - 545258d5-b925-430f-abcd-ed5a31f9d81f@group-C04175F96730: changes role from  FOLLOWER to CANDIDATE at term 0 for changeToCandidate
2019-09-25 12:38:58,831 [545258d5-b925-430f-abcd-ed5a31f9d81f@group-0318A6643822:LeaderElection35] INFO  impl.RoleInfo (RoleInfo.java:shutdownLeaderElection(134)) - 545258d5-b925-430f-abcd-ed5a31f9d81f: shutdown LeaderElection
2019-09-25 12:38:58,832 [Thread-491] INFO  impl.RoleInfo (RoleInfo.java:updateAndGet(143)) - 545258d5-b925-430f-abcd-ed5a31f9d81f: start LeaderElection
2019-09-25 12:38:58,832 [545258d5-b925-430f-abcd-ed5a31f9d81f@group-0318A6643822:LeaderElection35] INFO  impl.RaftServerImpl (RaftServerImpl.java:setRole(174)) - 545258d5-b925-430f-abcd-ed5a31f9d81f@group-0318A6643822: changes role from CANDIDATE to LEADER at term 1 for changeToLeader
2019-09-25 12:38:58,832 [545258d5-b925-430f-abcd-ed5a31f9d81f@group-0318A6643822:LeaderElection35] INFO  impl.RaftServerImpl (ServerState.java:setLeader(253)) - 545258d5-b925-430f-abcd-ed5a31f9d81f@group-0318A6643822: change Leader from null to 545258d5-b925-430f-abcd-ed5a31f9d81f at term 1 for becomeLeader, leader elected after 5241ms
2019-09-25 12:38:58,832 [545258d5-b925-430f-abcd-ed5a31f9d81f@group-0318A6643822:LeaderElection35] INFO  server.RaftServerConfigKeys (ConfUtils.java:logGet(43)) - raft.server.staging.catchup.gap = 1000 (default)
2019-09-25 12:38:58,832 [545258d5-b925-430f-abcd-ed5a31f9d81f@group-0318A6643822:LeaderElection35] INFO  server.RaftServerConfigKeys (ConfUtils.java:logGet(43)) - raft.server.rpc.sleep.time = 25ms (default)
2019-09-25 12:38:58,834 [545258d5-b925-430f-abcd-ed5a31f9d81f@group-0318A6643822:LeaderElection35] INFO  server.RaftServerConfigKeys (ConfUtils.java:logGet(43)) - raft.server.write.element-limit = 4096 (default)
2019-09-25 12:38:58,834 [545258d5-b925-430f-abcd-ed5a31f9d81f@group-0318A6643822:LeaderElection35] INFO  server.RaftServerConfigKeys (ConfUtils.java:logGet(43)) - raft.server.watch.timeout = 10s (default)
2019-09-25 12:38:58,834 [545258d5-b925-430f-abcd-ed5a31f9d81f@group-0318A6643822:LeaderElection35] INFO  server.RaftServerConfigKeys (ConfUtils.java:logGet(43)) - raft.server.watch.timeout.denomination = 1s (default)
2019-09-25 12:38:58,834 [545258d5-b925-430f-abcd-ed5a31f9d81f@group-0318A6643822:LeaderElection35] INFO  server.RaftServerConfigKeys (ConfUtils.java:logGet(43)) - raft.server.watch.element-limit = 65536 (default)
2019-09-25 12:38:58,837 [545258d5-b925-430f-abcd-ed5a31f9d81f@group-0318A6643822:LeaderElection35] INFO  impl.RoleInfo (RoleInfo.java:updateAndGet(143)) - 545258d5-b925-430f-abcd-ed5a31f9d81f: start LeaderState
2019-09-25 12:38:58,837 [545258d5-b925-430f-abcd-ed5a31f9d81f@group-0318A6643822:LeaderElection35] INFO  segmented.SegmentedRaftLogWorker (SegmentedRaftLogWorker.java:startLogSegment(380)) - 545258d5-b925-430f-abcd-ed5a31f9d81f@group-0318A6643822-SegmentedRaftLogWorker: Starting segment from index:0
2019-09-25 12:38:58,838 [545258d5-b925-430f-abcd-ed5a31f9d81f@group-0318A6643822:LeaderElection35] INFO  impl.RaftServerImpl (ServerState.java:setRaftConf(354)) - 545258d5-b925-430f-abcd-ed5a31f9d81f@group-0318A6643822: set configuration 0: [545258d5-b925-430f-abcd-ed5a31f9d81f:192.168.151.73:36153], old=null at 0
2019-09-25 12:38:58,862 [545258d5-b925-430f-abcd-ed5a31f9d81f@group-530E895461FE-SegmentedRaftLogWorker] INFO  segmented.SegmentedRaftLogWorker (SegmentedRaftLogWorker.java:execute(569)) - 545258d5-b925-430f-abcd-ed5a31f9d81f@group-530E895461FE-SegmentedRaftLogWorker: created new log segment /workdir/hadoop-ozone/integration-test/target/test-dir/MiniOzoneClusterImpl-9ca535f6-0fbb-4439-9d4c-f895bd91215d/datanode-2/data/ratis/b32c4f71-40dd-4202-b36b-530e895461fe/current/log_inprogress_0
2019-09-25 12:38:58,863 [545258d5-b925-430f-abcd-ed5a31f9d81f@group-C04175F96730:LeaderElection36] INFO  impl.LeaderElection (LeaderElection.java:askForVotes(182)) - 545258d5-b925-430f-abcd-ed5a31f9d81f@group-C04175F96730:LeaderElection36: begin an election at term 1 for -1: [545258d5-b925-430f-abcd-ed5a31f9d81f:192.168.151.73:36153], old=null
2019-09-25 12:38:58,863 [545258d5-b925-430f-abcd-ed5a31f9d81f@group-C04175F96730:LeaderElection36] INFO  impl.RoleInfo (RoleInfo.java:shutdownLeaderElection(134)) - 545258d5-b925-430f-abcd-ed5a31f9d81f: shutdown LeaderElection
2019-09-25 12:38:58,863 [545258d5-b925-430f-abcd-ed5a31f9d81f@group-C04175F96730:LeaderElection36] INFO  impl.RaftServerImpl (RaftServerImpl.java:setRole(174)) - 545258d5-b925-430f-abcd-ed5a31f9d81f@group-C04175F96730: changes role from CANDIDATE to LEADER at term 1 for changeToLeader
2019-09-25 12:38:58,863 [545258d5-b925-430f-abcd-ed5a31f9d81f@group-C04175F96730:LeaderElection36] INFO  impl.RaftServerImpl (ServerState.java:setLeader(253)) - 545258d5-b925-430f-abcd-ed5a31f9d81f@group-C04175F96730: change Leader from null to 545258d5-b925-430f-abcd-ed5a31f9d81f at term 1 for becomeLeader, leader elected after 5201ms
2019-09-25 12:38:58,863 [545258d5-b925-430f-abcd-ed5a31f9d81f@group-C04175F96730:LeaderElection36] INFO  server.RaftServerConfigKeys (ConfUtils.java:logGet(43)) - raft.server.staging.catchup.gap = 1000 (default)
2019-09-25 12:38:58,863 [545258d5-b925-430f-abcd-ed5a31f9d81f@group-C04175F96730:LeaderElection36] INFO  server.RaftServerConfigKeys (ConfUtils.java:logGet(43)) - raft.server.rpc.sleep.time = 25ms (default)
2019-09-25 12:38:58,864 [545258d5-b925-430f-abcd-ed5a31f9d81f@group-C04175F96730:LeaderElection36] INFO  server.RaftServerConfigKeys (ConfUtils.java:logGet(43)) - raft.server.write.element-limit = 4096 (default)
2019-09-25 12:38:58,864 [545258d5-b925-430f-abcd-ed5a31f9d81f@group-C04175F96730:LeaderElection36] INFO  server.RaftServerConfigKeys (ConfUtils.java:logGet(43)) - raft.server.watch.timeout = 10s (default)
2019-09-25 12:38:58,864 [545258d5-b925-430f-abcd-ed5a31f9d81f@group-C04175F96730:LeaderElection36] INFO  server.RaftServerConfigKeys (ConfUtils.java:logGet(43)) - raft.server.watch.timeout.denomination = 1s (default)
2019-09-25 12:38:58,864 [545258d5-b925-430f-abcd-ed5a31f9d81f@group-C04175F96730:LeaderElection36] INFO  server.RaftServerConfigKeys (ConfUtils.java:logGet(43)) - raft.server.watch.element-limit = 65536 (default)
2019-09-25 12:38:58,866 [545258d5-b925-430f-abcd-ed5a31f9d81f@group-C04175F96730:LeaderElection36] INFO  impl.RoleInfo (RoleInfo.java:updateAndGet(143)) - 545258d5-b925-430f-abcd-ed5a31f9d81f: start LeaderState
2019-09-25 12:38:58,866 [545258d5-b925-430f-abcd-ed5a31f9d81f@group-C04175F96730:LeaderElection36] INFO  segmented.SegmentedRaftLogWorker (SegmentedRaftLogWorker.java:startLogSegment(380)) - 545258d5-b925-430f-abcd-ed5a31f9d81f@group-C04175F96730-SegmentedRaftLogWorker: Starting segment from index:0
2019-09-25 12:38:58,867 [545258d5-b925-430f-abcd-ed5a31f9d81f@group-C04175F96730:LeaderElection36] INFO  impl.RaftServerImpl (ServerState.java:setRaftConf(354)) - 545258d5-b925-430f-abcd-ed5a31f9d81f@group-C04175F96730: set configuration 0: [545258d5-b925-430f-abcd-ed5a31f9d81f:192.168.151.73:36153], old=null at 0
2019-09-25 12:38:58,902 [545258d5-b925-430f-abcd-ed5a31f9d81f@group-0318A6643822-SegmentedRaftLogWorker] INFO  segmented.SegmentedRaftLogWorker (SegmentedRaftLogWorker.java:execute(569)) - 545258d5-b925-430f-abcd-ed5a31f9d81f@group-0318A6643822-SegmentedRaftLogWorker: created new log segment /workdir/hadoop-ozone/integration-test/target/test-dir/MiniOzoneClusterImpl-9ca535f6-0fbb-4439-9d4c-f895bd91215d/datanode-2/data/ratis/18035b61-31a9-4649-9258-0318a6643822/current/log_inprogress_0
2019-09-25 12:38:58,918 [545258d5-b925-430f-abcd-ed5a31f9d81f@group-C04175F96730-SegmentedRaftLogWorker] INFO  segmented.SegmentedRaftLogWorker (SegmentedRaftLogWorker.java:execute(569)) - 545258d5-b925-430f-abcd-ed5a31f9d81f@group-C04175F96730-SegmentedRaftLogWorker: created new log segment /workdir/hadoop-ozone/integration-test/target/test-dir/MiniOzoneClusterImpl-9ca535f6-0fbb-4439-9d4c-f895bd91215d/datanode-2/data/ratis/a5a36683-cddb-4325-93f4-c04175f96730/current/log_inprogress_0
2019-09-25 12:38:59,077 [main] INFO  ozoneimpl.OzoneContainer (OzoneContainer.java:stop(231)) - Attempting to stop container services.
2019-09-25 12:38:59,077 [ForkJoinPool.commonPool-worker-1] INFO  ozoneimpl.OzoneContainer (OzoneContainer.java:stop(231)) - Attempting to stop container services.
2019-09-25 12:38:59,078 [main] INFO  impl.RaftServerProxy (RaftServerProxy.java:lambda$close$4(314)) - ca279908-bd5b-4fc8-be99-e482437196bd: close
2019-09-25 12:38:59,079 [ForkJoinPool.commonPool-worker-1] INFO  impl.RaftServerProxy (RaftServerProxy.java:lambda$close$4(314)) - 2e676ab4-a19e-46fc-8918-4e7d423281d0: close
2019-09-25 12:38:59,079 [main] INFO  impl.RaftServerImpl (RaftServerImpl.java:lambda$shutdown$3(251)) - ca279908-bd5b-4fc8-be99-e482437196bd@group-D8C70EE5A929: shutdown
2019-09-25 12:38:59,079 [ForkJoinPool.commonPool-worker-1] INFO  impl.RaftServerImpl (RaftServerImpl.java:lambda$shutdown$3(251)) - 2e676ab4-a19e-46fc-8918-4e7d423281d0@group-B298DFDAC2B0: shutdown
2019-09-25 12:38:59,080 [main] INFO  util.JmxRegister (JmxRegister.java:unregister(73)) - Successfully un-registered JMX Bean with object name Ratis:service=RaftServer,group=group-D8C70EE5A929,id=ca279908-bd5b-4fc8-be99-e482437196bd
2019-09-25 12:38:59,080 [ForkJoinPool.commonPool-worker-1] INFO  util.JmxRegister (JmxRegister.java:unregister(73)) - Successfully un-registered JMX Bean with object name Ratis:service=RaftServer,group=group-B298DFDAC2B0,id=2e676ab4-a19e-46fc-8918-4e7d423281d0
2019-09-25 12:38:59,081 [ForkJoinPool.commonPool-worker-1] INFO  impl.RoleInfo (RoleInfo.java:shutdownLeaderState(104)) - 2e676ab4-a19e-46fc-8918-4e7d423281d0: shutdown LeaderState
2019-09-25 12:38:59,080 [main] INFO  impl.RoleInfo (RoleInfo.java:shutdownLeaderState(104)) - ca279908-bd5b-4fc8-be99-e482437196bd: shutdown LeaderState
2019-09-25 12:38:59,081 [ForkJoinPool.commonPool-worker-1] INFO  impl.PendingRequests (PendingRequests.java:sendNotLeaderResponses(202)) - 2e676ab4-a19e-46fc-8918-4e7d423281d0-PendingRequests: sendNotLeaderResponses
2019-09-25 12:38:59,082 [main] INFO  impl.PendingRequests (PendingRequests.java:sendNotLeaderResponses(202)) - ca279908-bd5b-4fc8-be99-e482437196bd-PendingRequests: sendNotLeaderResponses
2019-09-25 12:38:59,082 [ForkJoinPool.commonPool-worker-1] INFO  impl.StateMachineUpdater (StateMachineUpdater.java:stopAndJoin(125)) - 2e676ab4-a19e-46fc-8918-4e7d423281d0@group-B298DFDAC2B0-StateMachineUpdater: set stopIndex = 0
2019-09-25 12:38:59,082 [main] INFO  impl.StateMachineUpdater (StateMachineUpdater.java:stopAndJoin(125)) - ca279908-bd5b-4fc8-be99-e482437196bd@group-D8C70EE5A929-StateMachineUpdater: set stopIndex = 0
2019-09-25 12:38:59,083 [ForkJoinPool.commonPool-worker-1] INFO  impl.RaftServerImpl (ServerState.java:close(385)) - 2e676ab4-a19e-46fc-8918-4e7d423281d0@group-B298DFDAC2B0: closes. applyIndex: 0
2019-09-25 12:38:59,083 [main] INFO  impl.RaftServerImpl (ServerState.java:close(385)) - ca279908-bd5b-4fc8-be99-e482437196bd@group-D8C70EE5A929: closes. applyIndex: 0
2019-09-25 12:38:59,084 [2e676ab4-a19e-46fc-8918-4e7d423281d0@group-B298DFDAC2B0-SegmentedRaftLogWorker] INFO  segmented.SegmentedRaftLogWorker (SegmentedRaftLogWorker.java:run(313)) - 2e676ab4-a19e-46fc-8918-4e7d423281d0@group-B298DFDAC2B0-SegmentedRaftLogWorker was interrupted, exiting. There are 0 tasks remaining in the queue.
2019-09-25 12:38:59,084 [ca279908-bd5b-4fc8-be99-e482437196bd@group-D8C70EE5A929-SegmentedRaftLogWorker] INFO  segmented.SegmentedRaftLogWorker (SegmentedRaftLogWorker.java:run(313)) - ca279908-bd5b-4fc8-be99-e482437196bd@group-D8C70EE5A929-SegmentedRaftLogWorker was interrupted, exiting. There are 0 tasks remaining in the queue.
2019-09-25 12:38:59,086 [ForkJoinPool.commonPool-worker-1] INFO  segmented.SegmentedRaftLogWorker (SegmentedRaftLogWorker.java:close(228)) - 2e676ab4-a19e-46fc-8918-4e7d423281d0@group-B298DFDAC2B0-SegmentedRaftLogWorker close()
2019-09-25 12:38:59,087 [main] INFO  segmented.SegmentedRaftLogWorker (SegmentedRaftLogWorker.java:close(228)) - ca279908-bd5b-4fc8-be99-e482437196bd@group-D8C70EE5A929-SegmentedRaftLogWorker close()
2019-09-25 12:38:59,090 [ForkJoinPool.commonPool-worker-1] INFO  impl.RaftServerImpl (RaftServerImpl.java:lambda$shutdown$3(251)) - 2e676ab4-a19e-46fc-8918-4e7d423281d0@group-955229DD05E9: shutdown
2019-09-25 12:38:59,097 [main] INFO  impl.RaftServerImpl (RaftServerImpl.java:lambda$shutdown$3(251)) - ca279908-bd5b-4fc8-be99-e482437196bd@group-DC6B1B22B0CE: shutdown
2019-09-25 12:38:59,097 [ForkJoinPool.commonPool-worker-1] INFO  util.JmxRegister (JmxRegister.java:unregister(73)) - Successfully un-registered JMX Bean with object name Ratis:service=RaftServer,group=group-955229DD05E9,id=2e676ab4-a19e-46fc-8918-4e7d423281d0
2019-09-25 12:38:59,098 [main] INFO  util.JmxRegister (JmxRegister.java:unregister(73)) - Successfully un-registered JMX Bean with object name Ratis:service=RaftServer,group=group-DC6B1B22B0CE,id=ca279908-bd5b-4fc8-be99-e482437196bd
2019-09-25 12:38:59,098 [ForkJoinPool.commonPool-worker-1] INFO  impl.RoleInfo (RoleInfo.java:shutdownLeaderState(104)) - 2e676ab4-a19e-46fc-8918-4e7d423281d0: shutdown LeaderState
2019-09-25 12:38:59,098 [main] INFO  impl.RoleInfo (RoleInfo.java:shutdownLeaderState(104)) - ca279908-bd5b-4fc8-be99-e482437196bd: shutdown LeaderState
2019-09-25 12:38:59,099 [ForkJoinPool.commonPool-worker-1] INFO  impl.PendingRequests (PendingRequests.java:sendNotLeaderResponses(202)) - 2e676ab4-a19e-46fc-8918-4e7d423281d0-PendingRequests: sendNotLeaderResponses
2019-09-25 12:38:59,099 [main] INFO  impl.PendingRequests (PendingRequests.java:sendNotLeaderResponses(202)) - ca279908-bd5b-4fc8-be99-e482437196bd-PendingRequests: sendNotLeaderResponses
2019-09-25 12:38:59,099 [ForkJoinPool.commonPool-worker-1] INFO  impl.StateMachineUpdater (StateMachineUpdater.java:stopAndJoin(125)) - 2e676ab4-a19e-46fc-8918-4e7d423281d0@group-955229DD05E9-StateMachineUpdater: set stopIndex = 0
2019-09-25 12:38:59,100 [main] INFO  impl.StateMachineUpdater (StateMachineUpdater.java:stopAndJoin(125)) - ca279908-bd5b-4fc8-be99-e482437196bd@group-DC6B1B22B0CE-StateMachineUpdater: set stopIndex = 0
2019-09-25 12:38:59,100 [ForkJoinPool.commonPool-worker-1] INFO  impl.RaftServerImpl (ServerState.java:close(385)) - 2e676ab4-a19e-46fc-8918-4e7d423281d0@group-955229DD05E9: closes. applyIndex: 0
2019-09-25 12:38:59,100 [main] INFO  impl.RaftServerImpl (ServerState.java:close(385)) - ca279908-bd5b-4fc8-be99-e482437196bd@group-DC6B1B22B0CE: closes. applyIndex: 0
2019-09-25 12:38:59,101 [2e676ab4-a19e-46fc-8918-4e7d423281d0@group-955229DD05E9-SegmentedRaftLogWorker] INFO  segmented.SegmentedRaftLogWorker (SegmentedRaftLogWorker.java:run(313)) - 2e676ab4-a19e-46fc-8918-4e7d423281d0@group-955229DD05E9-SegmentedRaftLogWorker was interrupted, exiting. There are 0 tasks remaining in the queue.
2019-09-25 12:38:59,101 [ca279908-bd5b-4fc8-be99-e482437196bd@group-DC6B1B22B0CE-SegmentedRaftLogWorker] INFO  segmented.SegmentedRaftLogWorker (SegmentedRaftLogWorker.java:run(313)) - ca279908-bd5b-4fc8-be99-e482437196bd@group-DC6B1B22B0CE-SegmentedRaftLogWorker was interrupted, exiting. There are 0 tasks remaining in the queue.
2019-09-25 12:38:59,103 [ForkJoinPool.commonPool-worker-1] INFO  segmented.SegmentedRaftLogWorker (SegmentedRaftLogWorker.java:close(228)) - 2e676ab4-a19e-46fc-8918-4e7d423281d0@group-955229DD05E9-SegmentedRaftLogWorker close()
2019-09-25 12:38:59,104 [main] INFO  segmented.SegmentedRaftLogWorker (SegmentedRaftLogWorker.java:close(228)) - ca279908-bd5b-4fc8-be99-e482437196bd@group-DC6B1B22B0CE-SegmentedRaftLogWorker close()
2019-09-25 12:38:59,105 [ForkJoinPool.commonPool-worker-1] INFO  impl.RaftServerImpl (RaftServerImpl.java:lambda$shutdown$3(251)) - 2e676ab4-a19e-46fc-8918-4e7d423281d0@group-FCF0A92E3E3A: shutdown
2019-09-25 12:38:59,107 [main] INFO  impl.RaftServerImpl (RaftServerImpl.java:lambda$shutdown$3(251)) - ca279908-bd5b-4fc8-be99-e482437196bd@group-E3503B24F247: shutdown
2019-09-25 12:38:59,107 [ForkJoinPool.commonPool-worker-1] INFO  util.JmxRegister (JmxRegister.java:unregister(73)) - Successfully un-registered JMX Bean with object name Ratis:service=RaftServer,group=group-FCF0A92E3E3A,id=2e676ab4-a19e-46fc-8918-4e7d423281d0
2019-09-25 12:38:59,108 [main] INFO  util.JmxRegister (JmxRegister.java:unregister(73)) - Successfully un-registered JMX Bean with object name Ratis:service=RaftServer,group=group-E3503B24F247,id=ca279908-bd5b-4fc8-be99-e482437196bd
2019-09-25 12:38:59,108 [ForkJoinPool.commonPool-worker-1] INFO  impl.RoleInfo (RoleInfo.java:shutdownLeaderState(104)) - 2e676ab4-a19e-46fc-8918-4e7d423281d0: shutdown LeaderState
2019-09-25 12:38:59,108 [main] INFO  impl.RoleInfo (RoleInfo.java:shutdownLeaderState(104)) - ca279908-bd5b-4fc8-be99-e482437196bd: shutdown LeaderState
2019-09-25 12:38:59,109 [ForkJoinPool.commonPool-worker-1] INFO  impl.PendingRequests (PendingRequests.java:sendNotLeaderResponses(202)) - 2e676ab4-a19e-46fc-8918-4e7d423281d0-PendingRequests: sendNotLeaderResponses
2019-09-25 12:38:59,109 [main] INFO  impl.PendingRequests (PendingRequests.java:sendNotLeaderResponses(202)) - ca279908-bd5b-4fc8-be99-e482437196bd-PendingRequests: sendNotLeaderResponses
2019-09-25 12:38:59,109 [ForkJoinPool.commonPool-worker-1] INFO  impl.StateMachineUpdater (StateMachineUpdater.java:stopAndJoin(125)) - 2e676ab4-a19e-46fc-8918-4e7d423281d0@group-FCF0A92E3E3A-StateMachineUpdater: set stopIndex = 0
2019-09-25 12:38:59,110 [main] INFO  impl.StateMachineUpdater (StateMachineUpdater.java:stopAndJoin(125)) - ca279908-bd5b-4fc8-be99-e482437196bd@group-E3503B24F247-StateMachineUpdater: set stopIndex = 0
2019-09-25 12:38:59,110 [ForkJoinPool.commonPool-worker-1] INFO  impl.RaftServerImpl (ServerState.java:close(385)) - 2e676ab4-a19e-46fc-8918-4e7d423281d0@group-FCF0A92E3E3A: closes. applyIndex: 0
2019-09-25 12:38:59,110 [main] INFO  impl.RaftServerImpl (ServerState.java:close(385)) - ca279908-bd5b-4fc8-be99-e482437196bd@group-E3503B24F247: closes. applyIndex: 0
2019-09-25 12:38:59,111 [2e676ab4-a19e-46fc-8918-4e7d423281d0@group-FCF0A92E3E3A-SegmentedRaftLogWorker] INFO  segmented.SegmentedRaftLogWorker (SegmentedRaftLogWorker.java:run(313)) - 2e676ab4-a19e-46fc-8918-4e7d423281d0@group-FCF0A92E3E3A-SegmentedRaftLogWorker was interrupted, exiting. There are 0 tasks remaining in the queue.
2019-09-25 12:38:59,111 [ca279908-bd5b-4fc8-be99-e482437196bd@group-E3503B24F247-SegmentedRaftLogWorker] INFO  segmented.SegmentedRaftLogWorker (SegmentedRaftLogWorker.java:run(313)) - ca279908-bd5b-4fc8-be99-e482437196bd@group-E3503B24F247-SegmentedRaftLogWorker was interrupted, exiting. There are 0 tasks remaining in the queue.
2019-09-25 12:38:59,112 [ForkJoinPool.commonPool-worker-1] INFO  segmented.SegmentedRaftLogWorker (SegmentedRaftLogWorker.java:close(228)) - 2e676ab4-a19e-46fc-8918-4e7d423281d0@group-FCF0A92E3E3A-SegmentedRaftLogWorker close()
2019-09-25 12:38:59,114 [main] INFO  segmented.SegmentedRaftLogWorker (SegmentedRaftLogWorker.java:close(228)) - ca279908-bd5b-4fc8-be99-e482437196bd@group-E3503B24F247-SegmentedRaftLogWorker close()
2019-09-25 12:38:59,115 [ForkJoinPool.commonPool-worker-1] INFO  impl.RaftServerImpl (RaftServerImpl.java:lambda$shutdown$3(251)) - 2e676ab4-a19e-46fc-8918-4e7d423281d0@group-B3408201B9EF: shutdown
2019-09-25 12:38:59,117 [main] INFO  impl.RaftServerImpl (RaftServerImpl.java:lambda$shutdown$3(251)) - ca279908-bd5b-4fc8-be99-e482437196bd@group-8C1F24CCABE2: shutdown
2019-09-25 12:38:59,117 [ForkJoinPool.commonPool-worker-1] INFO  util.JmxRegister (JmxRegister.java:unregister(73)) - Successfully un-registered JMX Bean with object name Ratis:service=RaftServer,group=group-B3408201B9EF,id=2e676ab4-a19e-46fc-8918-4e7d423281d0
2019-09-25 12:38:59,117 [main] INFO  util.JmxRegister (JmxRegister.java:unregister(73)) - Successfully un-registered JMX Bean with object name Ratis:service=RaftServer,group=group-8C1F24CCABE2,id=ca279908-bd5b-4fc8-be99-e482437196bd
2019-09-25 12:38:59,117 [ForkJoinPool.commonPool-worker-1] INFO  impl.RoleInfo (RoleInfo.java:shutdownLeaderState(104)) - 2e676ab4-a19e-46fc-8918-4e7d423281d0: shutdown LeaderState
2019-09-25 12:38:59,118 [main] INFO  impl.RoleInfo (RoleInfo.java:shutdownLeaderState(104)) - ca279908-bd5b-4fc8-be99-e482437196bd: shutdown LeaderState
2019-09-25 12:38:59,118 [ForkJoinPool.commonPool-worker-1] INFO  impl.PendingRequests (PendingRequests.java:sendNotLeaderResponses(202)) - 2e676ab4-a19e-46fc-8918-4e7d423281d0-PendingRequests: sendNotLeaderResponses
2019-09-25 12:38:59,119 [main] INFO  impl.PendingRequests (PendingRequests.java:sendNotLeaderResponses(202)) - ca279908-bd5b-4fc8-be99-e482437196bd-PendingRequests: sendNotLeaderResponses
2019-09-25 12:38:59,119 [ForkJoinPool.commonPool-worker-1] INFO  impl.StateMachineUpdater (StateMachineUpdater.java:stopAndJoin(125)) - 2e676ab4-a19e-46fc-8918-4e7d423281d0@group-B3408201B9EF-StateMachineUpdater: set stopIndex = 0
2019-09-25 12:38:59,119 [main] INFO  impl.StateMachineUpdater (StateMachineUpdater.java:stopAndJoin(125)) - ca279908-bd5b-4fc8-be99-e482437196bd@group-8C1F24CCABE2-StateMachineUpdater: set stopIndex = 0
2019-09-25 12:38:59,119 [ForkJoinPool.commonPool-worker-1] INFO  impl.RaftServerImpl (ServerState.java:close(385)) - 2e676ab4-a19e-46fc-8918-4e7d423281d0@group-B3408201B9EF: closes. applyIndex: 0
2019-09-25 12:38:59,120 [main] INFO  impl.RaftServerImpl (ServerState.java:close(385)) - ca279908-bd5b-4fc8-be99-e482437196bd@group-8C1F24CCABE2: closes. applyIndex: 0
2019-09-25 12:38:59,120 [2e676ab4-a19e-46fc-8918-4e7d423281d0@group-B3408201B9EF-SegmentedRaftLogWorker] INFO  segmented.SegmentedRaftLogWorker (SegmentedRaftLogWorker.java:run(313)) - 2e676ab4-a19e-46fc-8918-4e7d423281d0@group-B3408201B9EF-SegmentedRaftLogWorker was interrupted, exiting. There are 0 tasks remaining in the queue.
2019-09-25 12:38:59,121 [ca279908-bd5b-4fc8-be99-e482437196bd@group-8C1F24CCABE2-SegmentedRaftLogWorker] INFO  segmented.SegmentedRaftLogWorker (SegmentedRaftLogWorker.java:run(313)) - ca279908-bd5b-4fc8-be99-e482437196bd@group-8C1F24CCABE2-SegmentedRaftLogWorker was interrupted, exiting. There are 0 tasks remaining in the queue.
2019-09-25 12:38:59,123 [ForkJoinPool.commonPool-worker-1] INFO  segmented.SegmentedRaftLogWorker (SegmentedRaftLogWorker.java:close(228)) - 2e676ab4-a19e-46fc-8918-4e7d423281d0@group-B3408201B9EF-SegmentedRaftLogWorker close()
2019-09-25 12:38:59,123 [main] INFO  segmented.SegmentedRaftLogWorker (SegmentedRaftLogWorker.java:close(228)) - ca279908-bd5b-4fc8-be99-e482437196bd@group-8C1F24CCABE2-SegmentedRaftLogWorker close()
2019-09-25 12:38:59,124 [ForkJoinPool.commonPool-worker-1] INFO  impl.RaftServerImpl (RaftServerImpl.java:lambda$shutdown$3(251)) - 2e676ab4-a19e-46fc-8918-4e7d423281d0@group-F719D4DF08F9: shutdown
2019-09-25 12:38:59,126 [main] INFO  impl.RaftServerImpl (RaftServerImpl.java:lambda$shutdown$3(251)) - ca279908-bd5b-4fc8-be99-e482437196bd@group-DDC3DCF656A1: shutdown
2019-09-25 12:38:59,126 [ForkJoinPool.commonPool-worker-1] INFO  util.JmxRegister (JmxRegister.java:unregister(73)) - Successfully un-registered JMX Bean with object name Ratis:service=RaftServer,group=group-F719D4DF08F9,id=2e676ab4-a19e-46fc-8918-4e7d423281d0
2019-09-25 12:38:59,126 [main] INFO  util.JmxRegister (JmxRegister.java:unregister(73)) - Successfully un-registered JMX Bean with object name Ratis:service=RaftServer,group=group-DDC3DCF656A1,id=ca279908-bd5b-4fc8-be99-e482437196bd
2019-09-25 12:38:59,127 [ForkJoinPool.commonPool-worker-1] INFO  impl.RoleInfo (RoleInfo.java:shutdownLeaderState(104)) - 2e676ab4-a19e-46fc-8918-4e7d423281d0: shutdown LeaderState
2019-09-25 12:38:59,127 [main] INFO  impl.RoleInfo (RoleInfo.java:shutdownLeaderState(104)) - ca279908-bd5b-4fc8-be99-e482437196bd: shutdown LeaderState
2019-09-25 12:38:59,127 [ForkJoinPool.commonPool-worker-1] INFO  impl.PendingRequests (PendingRequests.java:sendNotLeaderResponses(202)) - 2e676ab4-a19e-46fc-8918-4e7d423281d0-PendingRequests: sendNotLeaderResponses
2019-09-25 12:38:59,128 [main] INFO  impl.PendingRequests (PendingRequests.java:sendNotLeaderResponses(202)) - ca279908-bd5b-4fc8-be99-e482437196bd-PendingRequests: sendNotLeaderResponses
2019-09-25 12:38:59,128 [ForkJoinPool.commonPool-worker-1] INFO  impl.StateMachineUpdater (StateMachineUpdater.java:stopAndJoin(125)) - 2e676ab4-a19e-46fc-8918-4e7d423281d0@group-F719D4DF08F9-StateMachineUpdater: set stopIndex = 0
2019-09-25 12:38:59,128 [main] INFO  impl.StateMachineUpdater (StateMachineUpdater.java:stopAndJoin(125)) - ca279908-bd5b-4fc8-be99-e482437196bd@group-DDC3DCF656A1-StateMachineUpdater: set stopIndex = 0
2019-09-25 12:38:59,129 [main] INFO  impl.RaftServerImpl (ServerState.java:close(385)) - ca279908-bd5b-4fc8-be99-e482437196bd@group-DDC3DCF656A1: closes. applyIndex: 0
2019-09-25 12:38:59,129 [ForkJoinPool.commonPool-worker-1] INFO  impl.RaftServerImpl (ServerState.java:close(385)) - 2e676ab4-a19e-46fc-8918-4e7d423281d0@group-F719D4DF08F9: closes. applyIndex: 0
2019-09-25 12:38:59,129 [ca279908-bd5b-4fc8-be99-e482437196bd@group-DDC3DCF656A1-SegmentedRaftLogWorker] INFO  segmented.SegmentedRaftLogWorker (SegmentedRaftLogWorker.java:run(313)) - ca279908-bd5b-4fc8-be99-e482437196bd@group-DDC3DCF656A1-SegmentedRaftLogWorker was interrupted, exiting. There are 0 tasks remaining in the queue.
2019-09-25 12:38:59,130 [2e676ab4-a19e-46fc-8918-4e7d423281d0@group-F719D4DF08F9-SegmentedRaftLogWorker] INFO  segmented.SegmentedRaftLogWorker (SegmentedRaftLogWorker.java:run(313)) - 2e676ab4-a19e-46fc-8918-4e7d423281d0@group-F719D4DF08F9-SegmentedRaftLogWorker was interrupted, exiting. There are 0 tasks remaining in the queue.
2019-09-25 12:38:59,131 [main] INFO  segmented.SegmentedRaftLogWorker (SegmentedRaftLogWorker.java:close(228)) - ca279908-bd5b-4fc8-be99-e482437196bd@group-DDC3DCF656A1-SegmentedRaftLogWorker close()
2019-09-25 12:38:59,135 [ForkJoinPool.commonPool-worker-1] INFO  segmented.SegmentedRaftLogWorker (SegmentedRaftLogWorker.java:close(228)) - 2e676ab4-a19e-46fc-8918-4e7d423281d0@group-F719D4DF08F9-SegmentedRaftLogWorker close()
2019-09-25 12:38:59,135 [main] INFO  impl.RaftServerImpl (RaftServerImpl.java:lambda$shutdown$3(251)) - ca279908-bd5b-4fc8-be99-e482437196bd@group-3E546C2F3345: shutdown
2019-09-25 12:38:59,135 [ForkJoinPool.commonPool-worker-1] INFO  impl.RaftServerImpl (RaftServerImpl.java:lambda$shutdown$3(251)) - 2e676ab4-a19e-46fc-8918-4e7d423281d0@group-0E1A207EF253: shutdown
2019-09-25 12:38:59,136 [main] INFO  util.JmxRegister (JmxRegister.java:unregister(73)) - Successfully un-registered JMX Bean with object name Ratis:service=RaftServer,group=group-3E546C2F3345,id=ca279908-bd5b-4fc8-be99-e482437196bd
2019-09-25 12:38:59,136 [ForkJoinPool.commonPool-worker-1] INFO  util.JmxRegister (JmxRegister.java:unregister(73)) - Successfully un-registered JMX Bean with object name Ratis:service=RaftServer,group=group-0E1A207EF253,id=2e676ab4-a19e-46fc-8918-4e7d423281d0
2019-09-25 12:38:59,136 [main] INFO  impl.RoleInfo (RoleInfo.java:shutdownLeaderState(104)) - ca279908-bd5b-4fc8-be99-e482437196bd: shutdown LeaderState
2019-09-25 12:38:59,136 [ForkJoinPool.commonPool-worker-1] INFO  impl.RoleInfo (RoleInfo.java:shutdownLeaderState(104)) - 2e676ab4-a19e-46fc-8918-4e7d423281d0: shutdown LeaderState
2019-09-25 12:38:59,137 [main] INFO  impl.PendingRequests (PendingRequests.java:sendNotLeaderResponses(202)) - ca279908-bd5b-4fc8-be99-e482437196bd-PendingRequests: sendNotLeaderResponses
2019-09-25 12:38:59,137 [ForkJoinPool.commonPool-worker-1] INFO  impl.PendingRequests (PendingRequests.java:sendNotLeaderResponses(202)) - 2e676ab4-a19e-46fc-8918-4e7d423281d0-PendingRequests: sendNotLeaderResponses
2019-09-25 12:38:59,137 [main] INFO  impl.StateMachineUpdater (StateMachineUpdater.java:stopAndJoin(125)) - ca279908-bd5b-4fc8-be99-e482437196bd@group-3E546C2F3345-StateMachineUpdater: set stopIndex = 0
2019-09-25 12:38:59,138 [main] INFO  impl.RaftServerImpl (ServerState.java:close(385)) - ca279908-bd5b-4fc8-be99-e482437196bd@group-3E546C2F3345: closes. applyIndex: 0
2019-09-25 12:38:59,138 [ForkJoinPool.commonPool-worker-1] INFO  impl.StateMachineUpdater (StateMachineUpdater.java:stopAndJoin(125)) - 2e676ab4-a19e-46fc-8918-4e7d423281d0@group-0E1A207EF253-StateMachineUpdater: set stopIndex = 0
2019-09-25 12:38:59,138 [ca279908-bd5b-4fc8-be99-e482437196bd@group-3E546C2F3345-SegmentedRaftLogWorker] INFO  segmented.SegmentedRaftLogWorker (SegmentedRaftLogWorker.java:run(313)) - ca279908-bd5b-4fc8-be99-e482437196bd@group-3E546C2F3345-SegmentedRaftLogWorker was interrupted, exiting. There are 0 tasks remaining in the queue.
2019-09-25 12:38:59,138 [ForkJoinPool.commonPool-worker-1] INFO  impl.RaftServerImpl (ServerState.java:close(385)) - 2e676ab4-a19e-46fc-8918-4e7d423281d0@group-0E1A207EF253: closes. applyIndex: 0
2019-09-25 12:38:59,139 [main] INFO  segmented.SegmentedRaftLogWorker (SegmentedRaftLogWorker.java:close(228)) - ca279908-bd5b-4fc8-be99-e482437196bd@group-3E546C2F3345-SegmentedRaftLogWorker close()
2019-09-25 12:38:59,139 [2e676ab4-a19e-46fc-8918-4e7d423281d0@group-0E1A207EF253-SegmentedRaftLogWorker] INFO  segmented.SegmentedRaftLogWorker (SegmentedRaftLogWorker.java:run(313)) - 2e676ab4-a19e-46fc-8918-4e7d423281d0@group-0E1A207EF253-SegmentedRaftLogWorker was interrupted, exiting. There are 0 tasks remaining in the queue.
2019-09-25 12:38:59,139 [main] INFO  server.GrpcService (GrpcService.java:closeImpl(164)) - ca279908-bd5b-4fc8-be99-e482437196bd: shutdown server with port 36656 now
2019-09-25 12:38:59,139 [ForkJoinPool.commonPool-worker-1] INFO  segmented.SegmentedRaftLogWorker (SegmentedRaftLogWorker.java:close(228)) - 2e676ab4-a19e-46fc-8918-4e7d423281d0@group-0E1A207EF253-SegmentedRaftLogWorker close()
2019-09-25 12:38:59,140 [ForkJoinPool.commonPool-worker-1] INFO  server.GrpcService (GrpcService.java:closeImpl(164)) - 2e676ab4-a19e-46fc-8918-4e7d423281d0: shutdown server with port 33261 now
2019-09-25 12:38:59,141 [main] INFO  server.GrpcService (GrpcService.java:closeImpl(172)) - ca279908-bd5b-4fc8-be99-e482437196bd: shutdown server with port 36656 successfully
2019-09-25 12:38:59,143 [ForkJoinPool.commonPool-worker-1] INFO  server.GrpcService (GrpcService.java:closeImpl(172)) - 2e676ab4-a19e-46fc-8918-4e7d423281d0: shutdown server with port 33261 successfully
2019-09-25 12:38:59,145 [refreshUsed-/workdir/hadoop-ozone/integration-test/target/test-dir/MiniOzoneClusterImpl-9ca535f6-0fbb-4439-9d4c-f895bd91215d/datanode-0/data/containers] WARN  fs.CachingGetSpaceUsed (CachingGetSpaceUsed.java:run(183)) - Thread Interrupted waiting to refresh disk information: sleep interrupted
2019-09-25 12:38:59,145 [refreshUsed-/workdir/hadoop-ozone/integration-test/target/test-dir/MiniOzoneClusterImpl-9ca535f6-0fbb-4439-9d4c-f895bd91215d/datanode-1/data/containers] WARN  fs.CachingGetSpaceUsed (CachingGetSpaceUsed.java:run(183)) - Thread Interrupted waiting to refresh disk information: sleep interrupted
2019-09-25 12:38:59,167 [ForkJoinPool.commonPool-worker-1] INFO  utils.BackgroundService (BackgroundService.java:shutdown(148)) - Shutting down service BlockDeletingService
2019-09-25 12:38:59,171 [ForkJoinPool.commonPool-worker-1] INFO  statemachine.DatanodeStateMachine (DatanodeStateMachine.java:stopDaemon(395)) - Ozone container server stopped.
2019-09-25 12:38:59,171 [main] INFO  utils.BackgroundService (BackgroundService.java:shutdown(148)) - Shutting down service BlockDeletingService
2019-09-25 12:38:59,177 [main] INFO  statemachine.DatanodeStateMachine (DatanodeStateMachine.java:stopDaemon(395)) - Ozone container server stopped.
2019-09-25 12:38:59,179 [ForkJoinPool.commonPool-worker-1] INFO  handler.ContextHandler (ContextHandler.java:doStop(910)) - Stopped o.e.j.w.WebAppContext@3ad85136{/,null,UNAVAILABLE}{/hddsDatanode}
2019-09-25 12:38:59,179 [main] INFO  handler.ContextHandler (ContextHandler.java:doStop(910)) - Stopped o.e.j.w.WebAppContext@d613308{/,null,UNAVAILABLE}{/hddsDatanode}
2019-09-25 12:38:59,179 [ForkJoinPool.commonPool-worker-1] INFO  server.AbstractConnector (AbstractConnector.java:doStop(318)) - Stopped ServerConnector@737d100a{HTTP/1.1,[http/1.1]}{0.0.0.0:0}
2019-09-25 12:38:59,180 [main] INFO  server.AbstractConnector (AbstractConnector.java:doStop(318)) - Stopped ServerConnector@25673087{HTTP/1.1,[http/1.1]}{0.0.0.0:0}
2019-09-25 12:38:59,181 [ForkJoinPool.commonPool-worker-1] INFO  handler.ContextHandler (ContextHandler.java:doStop(910)) - Stopped o.e.j.s.ServletContextHandler@4cbc2e3b{/static,jar:file:/home/user/.m2/repository/org/apache/hadoop/hadoop-hdds-container-service/0.5.0-SNAPSHOT/hadoop-hdds-container-service-0.5.0-SNAPSHOT.jar!/webapps/static,UNAVAILABLE}
2019-09-25 12:38:59,181 [main] INFO  handler.ContextHandler (ContextHandler.java:doStop(910)) - Stopped o.e.j.s.ServletContextHandler@71c17a57{/static,jar:file:/home/user/.m2/repository/org/apache/hadoop/hadoop-hdds-container-service/0.5.0-SNAPSHOT/hadoop-hdds-container-service-0.5.0-SNAPSHOT.jar!/webapps/static,UNAVAILABLE}
2019-09-25 12:38:59,182 [ForkJoinPool.commonPool-worker-1] INFO  handler.ContextHandler (ContextHandler.java:doStop(910)) - Stopped o.e.j.s.ServletContextHandler@6192a5d5{/logs,file:///workdir/hadoop-ozone/integration-test/target/log,UNAVAILABLE}
2019-09-25 12:38:59,183 [main] INFO  handler.ContextHandler (ContextHandler.java:doStop(910)) - Stopped o.e.j.s.ServletContextHandler@60b34931{/logs,file:///workdir/hadoop-ozone/integration-test/target/log,UNAVAILABLE}
2019-09-25 12:39:00,028 [Datanode State Machine Thread - 0] INFO  statemachine.DatanodeStateMachine (DatanodeStateMachine.java:lambda$startDaemon$0(350)) - Ozone container server started.
2019-09-25 12:39:04,184 [ForkJoinPool.commonPool-worker-1] INFO  ozoneimpl.OzoneContainer (OzoneContainer.java:stop(231)) - Attempting to stop container services.
2019-09-25 12:39:04,185 [ForkJoinPool.commonPool-worker-1] INFO  impl.RaftServerProxy (RaftServerProxy.java:lambda$close$4(314)) - 545258d5-b925-430f-abcd-ed5a31f9d81f: close
2019-09-25 12:39:04,185 [ForkJoinPool.commonPool-worker-1] INFO  impl.RaftServerImpl (RaftServerImpl.java:lambda$shutdown$3(251)) - 545258d5-b925-430f-abcd-ed5a31f9d81f@group-937C69F91864: shutdown
2019-09-25 12:39:04,186 [ForkJoinPool.commonPool-worker-1] INFO  util.JmxRegister (JmxRegister.java:unregister(73)) - Successfully un-registered JMX Bean with object name Ratis:service=RaftServer,group=group-937C69F91864,id=545258d5-b925-430f-abcd-ed5a31f9d81f
2019-09-25 12:39:04,186 [ForkJoinPool.commonPool-worker-1] INFO  impl.RoleInfo (RoleInfo.java:shutdownLeaderState(104)) - 545258d5-b925-430f-abcd-ed5a31f9d81f: shutdown LeaderState
2019-09-25 12:39:04,186 [ForkJoinPool.commonPool-worker-1] INFO  impl.PendingRequests (PendingRequests.java:sendNotLeaderResponses(202)) - 545258d5-b925-430f-abcd-ed5a31f9d81f-PendingRequests: sendNotLeaderResponses
2019-09-25 12:39:04,187 [ForkJoinPool.commonPool-worker-1] INFO  impl.StateMachineUpdater (StateMachineUpdater.java:stopAndJoin(125)) - 545258d5-b925-430f-abcd-ed5a31f9d81f@group-937C69F91864-StateMachineUpdater: set stopIndex = 0
2019-09-25 12:39:04,187 [ForkJoinPool.commonPool-worker-1] INFO  impl.RaftServerImpl (ServerState.java:close(385)) - 545258d5-b925-430f-abcd-ed5a31f9d81f@group-937C69F91864: closes. applyIndex: 0
2019-09-25 12:39:04,187 [545258d5-b925-430f-abcd-ed5a31f9d81f@group-937C69F91864-SegmentedRaftLogWorker] INFO  segmented.SegmentedRaftLogWorker (SegmentedRaftLogWorker.java:run(313)) - 545258d5-b925-430f-abcd-ed5a31f9d81f@group-937C69F91864-SegmentedRaftLogWorker was interrupted, exiting. There are 0 tasks remaining in the queue.
2019-09-25 12:39:04,188 [ForkJoinPool.commonPool-worker-1] INFO  segmented.SegmentedRaftLogWorker (SegmentedRaftLogWorker.java:close(228)) - 545258d5-b925-430f-abcd-ed5a31f9d81f@group-937C69F91864-SegmentedRaftLogWorker close()
2019-09-25 12:39:04,188 [ForkJoinPool.commonPool-worker-1] INFO  impl.RaftServerImpl (RaftServerImpl.java:lambda$shutdown$3(251)) - 545258d5-b925-430f-abcd-ed5a31f9d81f@group-0318A6643822: shutdown
2019-09-25 12:39:04,188 [ForkJoinPool.commonPool-worker-1] INFO  util.JmxRegister (JmxRegister.java:unregister(73)) - Successfully un-registered JMX Bean with object name Ratis:service=RaftServer,group=group-0318A6643822,id=545258d5-b925-430f-abcd-ed5a31f9d81f
2019-09-25 12:39:04,189 [ForkJoinPool.commonPool-worker-1] INFO  impl.RoleInfo (RoleInfo.java:shutdownLeaderState(104)) - 545258d5-b925-430f-abcd-ed5a31f9d81f: shutdown LeaderState
2019-09-25 12:39:04,189 [ForkJoinPool.commonPool-worker-1] INFO  impl.PendingRequests (PendingRequests.java:sendNotLeaderResponses(202)) - 545258d5-b925-430f-abcd-ed5a31f9d81f-PendingRequests: sendNotLeaderResponses
2019-09-25 12:39:04,189 [ForkJoinPool.commonPool-worker-1] INFO  impl.StateMachineUpdater (StateMachineUpdater.java:stopAndJoin(125)) - 545258d5-b925-430f-abcd-ed5a31f9d81f@group-0318A6643822-StateMachineUpdater: set stopIndex = 0
2019-09-25 12:39:04,190 [ForkJoinPool.commonPool-worker-1] INFO  impl.RaftServerImpl (ServerState.java:close(385)) - 545258d5-b925-430f-abcd-ed5a31f9d81f@group-0318A6643822: closes. applyIndex: 0
2019-09-25 12:39:04,190 [545258d5-b925-430f-abcd-ed5a31f9d81f@group-0318A6643822-SegmentedRaftLogWorker] INFO  segmented.SegmentedRaftLogWorker (SegmentedRaftLogWorker.java:run(313)) - 545258d5-b925-430f-abcd-ed5a31f9d81f@group-0318A6643822-SegmentedRaftLogWorker was interrupted, exiting. There are 0 tasks remaining in the queue.
2019-09-25 12:39:04,190 [ForkJoinPool.commonPool-worker-1] INFO  segmented.SegmentedRaftLogWorker (SegmentedRaftLogWorker.java:close(228)) - 545258d5-b925-430f-abcd-ed5a31f9d81f@group-0318A6643822-SegmentedRaftLogWorker close()
2019-09-25 12:39:04,191 [ForkJoinPool.commonPool-worker-1] INFO  impl.RaftServerImpl (RaftServerImpl.java:lambda$shutdown$3(251)) - 545258d5-b925-430f-abcd-ed5a31f9d81f@group-3F83D0637F53: shutdown
2019-09-25 12:39:04,191 [ForkJoinPool.commonPool-worker-1] INFO  util.JmxRegister (JmxRegister.java:unregister(73)) - Successfully un-registered JMX Bean with object name Ratis:service=RaftServer,group=group-3F83D0637F53,id=545258d5-b925-430f-abcd-ed5a31f9d81f
2019-09-25 12:39:04,191 [ForkJoinPool.commonPool-worker-1] INFO  impl.RoleInfo (RoleInfo.java:shutdownLeaderState(104)) - 545258d5-b925-430f-abcd-ed5a31f9d81f: shutdown LeaderState
2019-09-25 12:39:04,191 [ForkJoinPool.commonPool-worker-1] INFO  impl.PendingRequests (PendingRequests.java:sendNotLeaderResponses(202)) - 545258d5-b925-430f-abcd-ed5a31f9d81f-PendingRequests: sendNotLeaderResponses
2019-09-25 12:39:04,192 [ForkJoinPool.commonPool-worker-1] INFO  impl.StateMachineUpdater (StateMachineUpdater.java:stopAndJoin(125)) - 545258d5-b925-430f-abcd-ed5a31f9d81f@group-3F83D0637F53-StateMachineUpdater: set stopIndex = 0
2019-09-25 12:39:04,192 [ForkJoinPool.commonPool-worker-1] INFO  impl.RaftServerImpl (ServerState.java:close(385)) - 545258d5-b925-430f-abcd-ed5a31f9d81f@group-3F83D0637F53: closes. applyIndex: 0
2019-09-25 12:39:04,193 [545258d5-b925-430f-abcd-ed5a31f9d81f@group-3F83D0637F53-SegmentedRaftLogWorker] INFO  segmented.SegmentedRaftLogWorker (SegmentedRaftLogWorker.java:run(313)) - 545258d5-b925-430f-abcd-ed5a31f9d81f@group-3F83D0637F53-SegmentedRaftLogWorker was interrupted, exiting. There are 0 tasks remaining in the queue.
2019-09-25 12:39:04,193 [ForkJoinPool.commonPool-worker-1] INFO  segmented.SegmentedRaftLogWorker (SegmentedRaftLogWorker.java:close(228)) - 545258d5-b925-430f-abcd-ed5a31f9d81f@group-3F83D0637F53-SegmentedRaftLogWorker close()
2019-09-25 12:39:04,193 [ForkJoinPool.commonPool-worker-1] INFO  impl.RaftServerImpl (RaftServerImpl.java:lambda$shutdown$3(251)) - 545258d5-b925-430f-abcd-ed5a31f9d81f@group-C04175F96730: shutdown
2019-09-25 12:39:04,193 [ForkJoinPool.commonPool-worker-1] INFO  util.JmxRegister (JmxRegister.java:unregister(73)) - Successfully un-registered JMX Bean with object name Ratis:service=RaftServer,group=group-C04175F96730,id=545258d5-b925-430f-abcd-ed5a31f9d81f
2019-09-25 12:39:04,194 [ForkJoinPool.commonPool-worker-1] INFO  impl.RoleInfo (RoleInfo.java:shutdownLeaderState(104)) - 545258d5-b925-430f-abcd-ed5a31f9d81f: shutdown LeaderState
2019-09-25 12:39:04,194 [ForkJoinPool.commonPool-worker-1] INFO  impl.PendingRequests (PendingRequests.java:sendNotLeaderResponses(202)) - 545258d5-b925-430f-abcd-ed5a31f9d81f-PendingRequests: sendNotLeaderResponses
2019-09-25 12:39:04,194 [ForkJoinPool.commonPool-worker-1] INFO  impl.StateMachineUpdater (StateMachineUpdater.java:stopAndJoin(125)) - 545258d5-b925-430f-abcd-ed5a31f9d81f@group-C04175F96730-StateMachineUpdater: set stopIndex = 0
2019-09-25 12:39:04,195 [ForkJoinPool.commonPool-worker-1] INFO  impl.RaftServerImpl (ServerState.java:close(385)) - 545258d5-b925-430f-abcd-ed5a31f9d81f@group-C04175F96730: closes. applyIndex: 0
2019-09-25 12:39:04,195 [545258d5-b925-430f-abcd-ed5a31f9d81f@group-C04175F96730-SegmentedRaftLogWorker] INFO  segmented.SegmentedRaftLogWorker (SegmentedRaftLogWorker.java:run(313)) - 545258d5-b925-430f-abcd-ed5a31f9d81f@group-C04175F96730-SegmentedRaftLogWorker was interrupted, exiting. There are 0 tasks remaining in the queue.
2019-09-25 12:39:04,195 [ForkJoinPool.commonPool-worker-1] INFO  segmented.SegmentedRaftLogWorker (SegmentedRaftLogWorker.java:close(228)) - 545258d5-b925-430f-abcd-ed5a31f9d81f@group-C04175F96730-SegmentedRaftLogWorker close()
2019-09-25 12:39:04,196 [ForkJoinPool.commonPool-worker-1] INFO  impl.RaftServerImpl (RaftServerImpl.java:lambda$shutdown$3(251)) - 545258d5-b925-430f-abcd-ed5a31f9d81f@group-D66AADBE86AF: shutdown
2019-09-25 12:39:04,196 [ForkJoinPool.commonPool-worker-1] INFO  util.JmxRegister (JmxRegister.java:unregister(73)) - Successfully un-registered JMX Bean with object name Ratis:service=RaftServer,group=group-D66AADBE86AF,id=545258d5-b925-430f-abcd-ed5a31f9d81f
2019-09-25 12:39:04,196 [ForkJoinPool.commonPool-worker-1] INFO  impl.RoleInfo (RoleInfo.java:shutdownLeaderState(104)) - 545258d5-b925-430f-abcd-ed5a31f9d81f: shutdown LeaderState
2019-09-25 12:39:04,196 [ForkJoinPool.commonPool-worker-1] INFO  impl.PendingRequests (PendingRequests.java:sendNotLeaderResponses(202)) - 545258d5-b925-430f-abcd-ed5a31f9d81f-PendingRequests: sendNotLeaderResponses
2019-09-25 12:39:04,197 [ForkJoinPool.commonPool-worker-1] INFO  impl.StateMachineUpdater (StateMachineUpdater.java:stopAndJoin(125)) - 545258d5-b925-430f-abcd-ed5a31f9d81f@group-D66AADBE86AF-StateMachineUpdater: set stopIndex = 0
2019-09-25 12:39:04,197 [ForkJoinPool.commonPool-worker-1] INFO  impl.RaftServerImpl (ServerState.java:close(385)) - 545258d5-b925-430f-abcd-ed5a31f9d81f@group-D66AADBE86AF: closes. applyIndex: 0
2019-09-25 12:39:04,197 [545258d5-b925-430f-abcd-ed5a31f9d81f@group-D66AADBE86AF-SegmentedRaftLogWorker] INFO  segmented.SegmentedRaftLogWorker (SegmentedRaftLogWorker.java:run(313)) - 545258d5-b925-430f-abcd-ed5a31f9d81f@group-D66AADBE86AF-SegmentedRaftLogWorker was interrupted, exiting. There are 0 tasks remaining in the queue.
2019-09-25 12:39:04,198 [ForkJoinPool.commonPool-worker-1] INFO  segmented.SegmentedRaftLogWorker (SegmentedRaftLogWorker.java:close(228)) - 545258d5-b925-430f-abcd-ed5a31f9d81f@group-D66AADBE86AF-SegmentedRaftLogWorker close()
2019-09-25 12:39:04,198 [ForkJoinPool.commonPool-worker-1] INFO  impl.RaftServerImpl (RaftServerImpl.java:lambda$shutdown$3(251)) - 545258d5-b925-430f-abcd-ed5a31f9d81f@group-530E895461FE: shutdown
2019-09-25 12:39:04,198 [ForkJoinPool.commonPool-worker-1] INFO  util.JmxRegister (JmxRegister.java:unregister(73)) - Successfully un-registered JMX Bean with object name Ratis:service=RaftServer,group=group-530E895461FE,id=545258d5-b925-430f-abcd-ed5a31f9d81f
2019-09-25 12:39:04,199 [ForkJoinPool.commonPool-worker-1] INFO  impl.RoleInfo (RoleInfo.java:shutdownLeaderState(104)) - 545258d5-b925-430f-abcd-ed5a31f9d81f: shutdown LeaderState
2019-09-25 12:39:04,199 [ForkJoinPool.commonPool-worker-1] INFO  impl.PendingRequests (PendingRequests.java:sendNotLeaderResponses(202)) - 545258d5-b925-430f-abcd-ed5a31f9d81f-PendingRequests: sendNotLeaderResponses
2019-09-25 12:39:04,199 [ForkJoinPool.commonPool-worker-1] INFO  impl.StateMachineUpdater (StateMachineUpdater.java:stopAndJoin(125)) - 545258d5-b925-430f-abcd-ed5a31f9d81f@group-530E895461FE-StateMachineUpdater: set stopIndex = 0
2019-09-25 12:39:04,199 [ForkJoinPool.commonPool-worker-1] INFO  impl.RaftServerImpl (ServerState.java:close(385)) - 545258d5-b925-430f-abcd-ed5a31f9d81f@group-530E895461FE: closes. applyIndex: 0
2019-09-25 12:39:04,200 [545258d5-b925-430f-abcd-ed5a31f9d81f@group-530E895461FE-SegmentedRaftLogWorker] INFO  segmented.SegmentedRaftLogWorker (SegmentedRaftLogWorker.java:run(313)) - 545258d5-b925-430f-abcd-ed5a31f9d81f@group-530E895461FE-SegmentedRaftLogWorker was interrupted, exiting. There are 0 tasks remaining in the queue.
2019-09-25 12:39:04,200 [ForkJoinPool.commonPool-worker-1] INFO  segmented.SegmentedRaftLogWorker (SegmentedRaftLogWorker.java:close(228)) - 545258d5-b925-430f-abcd-ed5a31f9d81f@group-530E895461FE-SegmentedRaftLogWorker close()
2019-09-25 12:39:04,200 [ForkJoinPool.commonPool-worker-1] INFO  server.GrpcService (GrpcService.java:closeImpl(164)) - 545258d5-b925-430f-abcd-ed5a31f9d81f: shutdown server with port 36153 now
2019-09-25 12:39:04,202 [ForkJoinPool.commonPool-worker-1] INFO  server.GrpcService (GrpcService.java:closeImpl(172)) - 545258d5-b925-430f-abcd-ed5a31f9d81f: shutdown server with port 36153 successfully
2019-09-25 12:39:04,204 [refreshUsed-/workdir/hadoop-ozone/integration-test/target/test-dir/MiniOzoneClusterImpl-9ca535f6-0fbb-4439-9d4c-f895bd91215d/datanode-2/data/containers] WARN  fs.CachingGetSpaceUsed (CachingGetSpaceUsed.java:run(183)) - Thread Interrupted waiting to refresh disk information: sleep interrupted
2019-09-25 12:39:04,225 [ForkJoinPool.commonPool-worker-1] INFO  utils.BackgroundService (BackgroundService.java:shutdown(148)) - Shutting down service BlockDeletingService
2019-09-25 12:39:04,228 [ForkJoinPool.commonPool-worker-1] INFO  statemachine.DatanodeStateMachine (DatanodeStateMachine.java:stopDaemon(395)) - Ozone container server stopped.
2019-09-25 12:39:04,243 [ForkJoinPool.commonPool-worker-1] INFO  handler.ContextHandler (ContextHandler.java:doStop(910)) - Stopped o.e.j.w.WebAppContext@35a60674{/,null,UNAVAILABLE}{/hddsDatanode}
2019-09-25 12:39:04,243 [ForkJoinPool.commonPool-worker-1] INFO  server.AbstractConnector (AbstractConnector.java:doStop(318)) - Stopped ServerConnector@63d4f0a2{HTTP/1.1,[http/1.1]}{0.0.0.0:0}
2019-09-25 12:39:04,244 [ForkJoinPool.commonPool-worker-1] INFO  handler.ContextHandler (ContextHandler.java:doStop(910)) - Stopped o.e.j.s.ServletContextHandler@1d12e953{/static,jar:file:/home/user/.m2/repository/org/apache/hadoop/hadoop-hdds-container-service/0.5.0-SNAPSHOT/hadoop-hdds-container-service-0.5.0-SNAPSHOT.jar!/webapps/static,UNAVAILABLE}
2019-09-25 12:39:04,245 [ForkJoinPool.commonPool-worker-1] INFO  handler.ContextHandler (ContextHandler.java:doStop(910)) - Stopped o.e.j.s.ServletContextHandler@1fdca564{/logs,file:///workdir/hadoop-ozone/integration-test/target/log,UNAVAILABLE}
2019-09-25 12:39:04,247 [main] INFO  ozone.MiniOzoneClusterImpl (MiniOzoneClusterImpl.java:stopSCM(392)) - Stopping the StorageContainerManager
2019-09-25 12:39:04,247 [main] INFO  server.StorageContainerManager (StorageContainerManager.java:stop(808)) - Stopping Replication Manager Service.
2019-09-25 12:39:04,247 [main] INFO  container.ReplicationManager (ReplicationManager.java:stop(204)) - Stopping Replication Monitor Thread.
2019-09-25 12:39:04,247 [main] INFO  server.StorageContainerManager (StorageContainerManager.java:stop(815)) - Stopping Lease Manager of the command watchers
2019-09-25 12:39:04,248 [main] INFO  server.StorageContainerManager (StorageContainerManager.java:stop(822)) - Stopping datanode service RPC server
2019-09-25 12:39:04,248 [main] INFO  server.SCMDatanodeProtocolServer (SCMDatanodeProtocolServer.java:stop(367)) - Stopping the RPC server for DataNodes
2019-09-25 12:39:04,248 [main] INFO  ipc.Server (Server.java:stop(3082)) - Stopping server on 38998
2019-09-25 12:39:04,251 [IPC Server listener on 38998] INFO  ipc.Server (Server.java:run(1185)) - Stopping IPC Server listener on 38998
2019-09-25 12:39:04,251 [IPC Server Responder] INFO  ipc.Server (Server.java:run(1319)) - Stopping IPC Server Responder
2019-09-25 12:39:04,271 [SCM Heartbeat Processing Thread - 0] WARN  node.NodeStateManager (NodeStateManager.java:scheduleNextHealthCheck(655)) - Current Thread is interrupted, shutting down HB processing thread for Node Manager.
2019-09-25 12:39:04,271 [main] INFO  server.StorageContainerManager (StorageContainerManager.java:stop(830)) - Stopping block service RPC server
2019-09-25 12:39:04,271 [main] INFO  server.SCMBlockProtocolServer (SCMBlockProtocolServer.java:stop(155)) - Stopping the RPC server for Block Protocol
2019-09-25 12:39:04,272 [main] INFO  ipc.Server (Server.java:stop(3082)) - Stopping server on 35803
2019-09-25 12:39:04,274 [IPC Server listener on 35803] INFO  ipc.Server (Server.java:run(1185)) - Stopping IPC Server listener on 35803
2019-09-25 12:39:04,274 [main] INFO  server.StorageContainerManager (StorageContainerManager.java:stop(837)) - Stopping the StorageContainerLocationProtocol RPC server
2019-09-25 12:39:04,275 [main] INFO  server.SCMClientProtocolServer (SCMClientProtocolServer.java:stop(159)) - Stopping the RPC server for Client Protocol
2019-09-25 12:39:04,275 [main] INFO  ipc.Server (Server.java:stop(3082)) - Stopping server on 43533
2019-09-25 12:39:04,275 [IPC Server Responder] INFO  ipc.Server (Server.java:run(1319)) - Stopping IPC Server Responder
2019-09-25 12:39:04,278 [IPC Server listener on 43533] INFO  ipc.Server (Server.java:run(1185)) - Stopping IPC Server listener on 43533
2019-09-25 12:39:04,278 [main] INFO  server.StorageContainerManager (StorageContainerManager.java:stop(844)) - Stopping Storage Container Manager HTTP server.
2019-09-25 12:39:04,279 [IPC Server Responder] INFO  ipc.Server (Server.java:run(1319)) - Stopping IPC Server Responder
2019-09-25 12:39:04,280 [main] INFO  handler.ContextHandler (ContextHandler.java:doStop(910)) - Stopped o.e.j.w.WebAppContext@79a04e5f{/,null,UNAVAILABLE}{/scm}
2019-09-25 12:39:04,281 [main] INFO  server.AbstractConnector (AbstractConnector.java:doStop(318)) - Stopped ServerConnector@66b59b7d{HTTP/1.1,[http/1.1]}{0.0.0.0:0}
2019-09-25 12:39:04,281 [main] INFO  handler.ContextHandler (ContextHandler.java:doStop(910)) - Stopped o.e.j.s.ServletContextHandler@ccf91df{/static,file:///workdir/hadoop-ozone/integration-test/target/test-classes/webapps/static,UNAVAILABLE}
2019-09-25 12:39:04,282 [main] INFO  handler.ContextHandler (ContextHandler.java:doStop(910)) - Stopped o.e.j.s.ServletContextHandler@75d4a80f{/logs,file:///workdir/hadoop-ozone/integration-test/target/log,UNAVAILABLE}
2019-09-25 12:39:04,283 [main] INFO  server.StorageContainerManager (StorageContainerManager.java:stop(855)) - Stopping Block Manager Service.
2019-09-25 12:39:04,284 [main] INFO  utils.BackgroundService (BackgroundService.java:shutdown(148)) - Shutting down service SCMBlockDeletingService
2019-09-25 12:39:04,284 [main] INFO  utils.BackgroundService (BackgroundService.java:shutdown(148)) - Shutting down service SCMBlockDeletingService
2019-09-25 12:39:04,284 [main] INFO  server.StorageContainerManager (StorageContainerManager.java:stop(877)) - Stopping SCM Event Queue.
2019-09-25 12:39:04,288 [main] INFO  impl.MetricsSystemImpl (MetricsSystemImpl.java:stop(210)) - Stopping HddsDatanode metrics system...
2019-09-25 12:39:04,301 [main] INFO  impl.MetricsSystemImpl (MetricsSystemImpl.java:stop(216)) - HddsDatanode metrics system stopped.
]]></system-out>
  </testcase>
  <testcase name="testPipelineCloseWithClosedContainer" classname="org.apache.hadoop.hdds.scm.pipeline.TestPipelineClose" time="16.496">
    <error message="Could not allocate container. Cannot get any matching pipeline for Type:RATIS, Factor:THREE, State:PipelineState.OPEN" type="java.io.IOException">java.io.IOException: Could not allocate container. Cannot get any matching pipeline for Type:RATIS, Factor:THREE, State:PipelineState.OPEN
	at org.apache.hadoop.hdds.scm.container.ContainerStateManager.allocateContainer(ContainerStateManager.java:260)
	at org.apache.hadoop.hdds.scm.container.SCMContainerManager.allocateContainer(SCMContainerManager.java:247)
	at org.apache.hadoop.hdds.scm.pipeline.TestPipelineClose.init(TestPipelineClose.java:92)
	at sun.reflect.NativeMethodAccessorImpl.invoke0(Native Method)
	at sun.reflect.NativeMethodAccessorImpl.invoke(NativeMethodAccessorImpl.java:62)
	at sun.reflect.DelegatingMethodAccessorImpl.invoke(DelegatingMethodAccessorImpl.java:43)
	at java.lang.reflect.Method.invoke(Method.java:498)
	at org.junit.runners.model.FrameworkMethod$1.runReflectiveCall(FrameworkMethod.java:47)
	at org.junit.internal.runners.model.ReflectiveCallable.run(ReflectiveCallable.java:12)
	at org.junit.runners.model.FrameworkMethod.invokeExplosively(FrameworkMethod.java:44)
	at org.junit.internal.runners.statements.RunBefores.evaluate(RunBefores.java:24)
	at org.junit.internal.runners.statements.RunAfters.evaluate(RunAfters.java:27)
	at org.junit.runners.ParentRunner.runLeaf(ParentRunner.java:271)
	at org.junit.runners.BlockJUnit4ClassRunner.runChild(BlockJUnit4ClassRunner.java:70)
	at org.junit.runners.BlockJUnit4ClassRunner.runChild(BlockJUnit4ClassRunner.java:50)
	at org.junit.runners.ParentRunner$3.run(ParentRunner.java:238)
	at org.junit.runners.ParentRunner$1.schedule(ParentRunner.java:63)
	at org.junit.runners.ParentRunner.runChildren(ParentRunner.java:236)
	at org.junit.runners.ParentRunner.access$000(ParentRunner.java:53)
	at org.junit.runners.ParentRunner$2.evaluate(ParentRunner.java:229)
	at org.junit.runners.ParentRunner.run(ParentRunner.java:309)
	at org.apache.maven.surefire.junit4.JUnit4Provider.execute(JUnit4Provider.java:365)
	at org.apache.maven.surefire.junit4.JUnit4Provider.executeWithRerun(JUnit4Provider.java:273)
	at org.apache.maven.surefire.junit4.JUnit4Provider.executeTestSet(JUnit4Provider.java:238)
	at org.apache.maven.surefire.junit4.JUnit4Provider.invoke(JUnit4Provider.java:159)
	at org.apache.maven.surefire.booter.ForkedBooter.invokeProviderInSameClassLoader(ForkedBooter.java:384)
	at org.apache.maven.surefire.booter.ForkedBooter.runSuitesInProcess(ForkedBooter.java:345)
	at org.apache.maven.surefire.booter.ForkedBooter.execute(ForkedBooter.java:126)
	at org.apache.maven.surefire.booter.ForkedBooter.main(ForkedBooter.java:418)
</error>
    <system-out><![CDATA[2019-09-25 12:39:04,336 [main] WARN  server.ServerUtils (ServerUtils.java:getScmDbDir(145)) - ozone.scm.db.dirs is not configured. We recommend adding this setting. Falling back to ozone.metadata.dirs instead.
2019-09-25 12:39:04,350 [main] WARN  server.ServerUtils (ServerUtils.java:getScmDbDir(145)) - ozone.scm.db.dirs is not configured. We recommend adding this setting. Falling back to ozone.metadata.dirs instead.
2019-09-25 12:39:04,351 [main] WARN  server.ServerUtils (ServerUtils.java:getScmDbDir(145)) - ozone.scm.db.dirs is not configured. We recommend adding this setting. Falling back to ozone.metadata.dirs instead.
2019-09-25 12:39:04,351 [main] INFO  db.DBStoreBuilder (DBStoreBuilder.java:addTable(110)) - using custom profile for table: deletedBlocks
2019-09-25 12:39:04,352 [main] INFO  db.DBStoreBuilder (DBStoreBuilder.java:processTables(161)) - Using default column profile:DBProfile.DISK for Table:deletedBlocks
2019-09-25 12:39:04,352 [main] INFO  db.DBStoreBuilder (DBStoreBuilder.java:addTable(110)) - using custom profile for table: validCerts
2019-09-25 12:39:04,352 [main] INFO  db.DBStoreBuilder (DBStoreBuilder.java:processTables(161)) - Using default column profile:DBProfile.DISK for Table:validCerts
2019-09-25 12:39:04,352 [main] INFO  db.DBStoreBuilder (DBStoreBuilder.java:addTable(110)) - using custom profile for table: revokedCerts
2019-09-25 12:39:04,353 [main] INFO  db.DBStoreBuilder (DBStoreBuilder.java:processTables(161)) - Using default column profile:DBProfile.DISK for Table:revokedCerts
2019-09-25 12:39:04,353 [main] INFO  db.DBStoreBuilder (DBStoreBuilder.java:addTable(110)) - using custom profile for table: default
2019-09-25 12:39:04,353 [main] INFO  db.DBStoreBuilder (DBStoreBuilder.java:processTables(167)) - Using default column profile:DBProfile.DISK for Table:default
2019-09-25 12:39:04,353 [main] INFO  db.DBStoreBuilder (DBStoreBuilder.java:getDbProfile(198)) - Using default options. DBProfile.DISK
2019-09-25 12:39:04,511 [main] INFO  net.NodeSchemaLoader (NodeSchemaLoader.java:loadSchemaFromFile(125)) - Loading file from sun.misc.CompoundEnumeration@4e682398
2019-09-25 12:39:04,511 [main] INFO  net.NodeSchemaLoader (NodeSchemaLoader.java:loadSchema(171)) - Loading network topology layer schema file
2019-09-25 12:39:04,517 [main] WARN  server.ServerUtils (ServerUtils.java:sanitizeUserArgs(70)) - ozone.scm.stale.node.interval value = 300000 is larger than max = 100000 based on the key value of ozone.scm.heartbeat.thread.interval, reset to the max value 100000.
2019-09-25 12:39:04,517 [main] WARN  server.ServerUtils (ServerUtils.java:sanitizeUserArgs(70)) - ozone.scm.stale.node.interval value = 300000 is larger than max = 100000 based on the key value of ozone.scm.heartbeat.thread.interval, reset to the max value 100000.
2019-09-25 12:39:04,518 [main] INFO  node.SCMNodeManager (SCMNodeManager.java:<init>(114)) - Entering startup safe mode.
2019-09-25 12:39:04,518 [main] INFO  algorithms.ContainerPlacementPolicyFactory (ContainerPlacementPolicyFactory.java:getPolicy(59)) - Create container placement policy of type org.apache.hadoop.hdds.scm.container.placement.algorithms.SCMContainerPlacementRandom
2019-09-25 12:39:04,519 [main] WARN  server.ServerUtils (ServerUtils.java:getScmDbDir(145)) - ozone.scm.db.dirs is not configured. We recommend adding this setting. Falling back to ozone.metadata.dirs instead.
2019-09-25 12:39:04,543 [main] INFO  pipeline.SCMPipelineManager (SCMPipelineManager.java:initializePipelineState(132)) - No pipeline exists in current db
2019-09-25 12:39:04,543 [main] WARN  server.ServerUtils (ServerUtils.java:getScmDbDir(145)) - ozone.scm.db.dirs is not configured. We recommend adding this setting. Falling back to ozone.metadata.dirs instead.
2019-09-25 12:39:04,568 [main] WARN  events.EventQueue (EventQueue.java:fireEvent(183)) - No event handler registered for event TypedEvent{payloadType=SafeModeStatus, name='SafeModeStatus'}
2019-09-25 12:39:04,569 [main] INFO  ipc.CallQueueManager (CallQueueManager.java:<init>(84)) - Using callQueue: class java.util.concurrent.LinkedBlockingQueue, queueCapacity: 2000, scheduler: class org.apache.hadoop.ipc.DefaultRpcScheduler, ipcBackoff: false.
2019-09-25 12:39:04,570 [Socket Reader #1 for port 40649] INFO  ipc.Server (Server.java:run(1074)) - Starting Socket Reader #1 for port 40649
2019-09-25 12:39:04,573 [main] INFO  ipc.CallQueueManager (CallQueueManager.java:<init>(84)) - Using callQueue: class java.util.concurrent.LinkedBlockingQueue, queueCapacity: 2000, scheduler: class org.apache.hadoop.ipc.DefaultRpcScheduler, ipcBackoff: false.
2019-09-25 12:39:04,573 [Socket Reader #1 for port 41423] INFO  ipc.Server (Server.java:run(1074)) - Starting Socket Reader #1 for port 41423
2019-09-25 12:39:04,575 [main] INFO  ipc.CallQueueManager (CallQueueManager.java:<init>(84)) - Using callQueue: class java.util.concurrent.LinkedBlockingQueue, queueCapacity: 2000, scheduler: class org.apache.hadoop.ipc.DefaultRpcScheduler, ipcBackoff: false.
2019-09-25 12:39:04,576 [Socket Reader #1 for port 45302] INFO  ipc.Server (Server.java:run(1074)) - Starting Socket Reader #1 for port 45302
2019-09-25 12:39:04,579 [main] INFO  hdfs.DFSUtil (DFSUtil.java:httpServerTemplateForNNAndJN(1641)) - Starting Web-server for scm at: http://0.0.0.0:0
2019-09-25 12:39:04,582 [main] INFO  server.AuthenticationFilter (AuthenticationFilter.java:constructSecretProvider(240)) - Unable to initialize FileSignerSecretProvider, falling back to use random secrets.
2019-09-25 12:39:04,583 [main] WARN  http.HttpRequestLog (HttpRequestLog.java:getRequestLog(97)) - Jetty request log can only be enabled using Log4j
2019-09-25 12:39:04,586 [main] INFO  http.HttpServer2 (HttpServer2.java:addGlobalFilter(975)) - Added global filter 'safety' (class=org.apache.hadoop.http.HttpServer2$QuotingInputFilter)
2019-09-25 12:39:04,587 [main] INFO  http.HttpServer2 (HttpServer2.java:addFilter(948)) - Added filter static_user_filter (class=org.apache.hadoop.http.lib.StaticUserWebFilter$StaticUserFilter) to context scm
2019-09-25 12:39:04,588 [main] INFO  http.HttpServer2 (HttpServer2.java:addFilter(958)) - Added filter static_user_filter (class=org.apache.hadoop.http.lib.StaticUserWebFilter$StaticUserFilter) to context static
2019-09-25 12:39:04,588 [main] INFO  http.HttpServer2 (HttpServer2.java:addFilter(958)) - Added filter static_user_filter (class=org.apache.hadoop.http.lib.StaticUserWebFilter$StaticUserFilter) to context logs
2019-09-25 12:39:04,591 [main] INFO  server.StorageContainerManager (StorageContainerManager.java:start(770)) - StorageContainerLocationProtocol RPC server is listening at /0.0.0.0:45302
2019-09-25 12:39:04,594 [main] WARN  impl.MetricsConfig (MetricsConfig.java:loadFirst(134)) - Cannot locate configuration: tried hadoop-metrics2-storagecontainermanager.properties,hadoop-metrics2.properties
2019-09-25 12:39:04,595 [main] INFO  impl.MetricsSystemImpl (MetricsSystemImpl.java:startTimer(374)) - Scheduled Metric snapshot period at 10 second(s).
2019-09-25 12:39:04,596 [main] INFO  impl.MetricsSystemImpl (MetricsSystemImpl.java:start(191)) - StorageContainerManager metrics system started
2019-09-25 12:39:04,640 [main] WARN  impl.MetricsSystemImpl (MetricsSystemImpl.java:register(276)) - Sink prometheus already exists!
2019-09-25 12:39:04,647 [main] INFO  server.SCMClientProtocolServer (SCMClientProtocolServer.java:start(151)) - RPC server for Client  is listening at /0.0.0.0:45302
2019-09-25 12:39:04,647 [IPC Server Responder] INFO  ipc.Server (Server.java:run(1314)) - IPC Server Responder: starting
2019-09-25 12:39:04,648 [IPC Server listener on 45302] INFO  ipc.Server (Server.java:run(1153)) - IPC Server listener on 45302: starting
2019-09-25 12:39:04,652 [main] INFO  server.StorageContainerManager (StorageContainerManager.java:start(780)) - ScmBlockLocationProtocol RPC server is listening at /0.0.0.0:41423
2019-09-25 12:39:04,652 [main] INFO  server.SCMBlockProtocolServer (SCMBlockProtocolServer.java:start(146)) - RPC server for Block Protocol is listening at /0.0.0.0:41423
2019-09-25 12:39:04,652 [IPC Server Responder] INFO  ipc.Server (Server.java:run(1314)) - IPC Server Responder: starting
2019-09-25 12:39:04,653 [IPC Server listener on 41423] INFO  ipc.Server (Server.java:run(1153)) - IPC Server listener on 41423: starting
2019-09-25 12:39:04,657 [main] INFO  server.StorageContainerManager (StorageContainerManager.java:start(784)) - ScmDatanodeProtocl RPC server is listening at /0.0.0.0:40649
2019-09-25 12:39:04,657 [main] INFO  server.SCMDatanodeProtocolServer (SCMDatanodeProtocolServer.java:start(191)) - RPC server for DataNodes is listening at /0.0.0.0:40649
2019-09-25 12:39:04,657 [IPC Server Responder] INFO  ipc.Server (Server.java:run(1314)) - IPC Server Responder: starting
2019-09-25 12:39:04,657 [IPC Server listener on 40649] INFO  ipc.Server (Server.java:run(1153)) - IPC Server listener on 40649: starting
2019-09-25 12:39:04,662 [main] INFO  http.HttpServer2 (HttpServer2.java:bindListener(1191)) - Jetty bound to port 33781
2019-09-25 12:39:04,662 [main] INFO  server.Server (Server.java:doStart(351)) - jetty-9.3.25.v20180904, build timestamp: 2018-09-04T21:11:46Z, git hash: 3ce520221d0240229c862b122d2b06c12a625732
2019-09-25 12:39:04,664 [main] INFO  handler.ContextHandler (ContextHandler.java:doStart(781)) - Started o.e.j.s.ServletContextHandler@4190bc8a{/logs,file:///workdir/hadoop-ozone/integration-test/target/log,AVAILABLE}
2019-09-25 12:39:04,664 [main] INFO  handler.ContextHandler (ContextHandler.java:doStart(781)) - Started o.e.j.s.ServletContextHandler@5c83ae01{/static,file:///workdir/hadoop-ozone/integration-test/target/test-classes/webapps/static,AVAILABLE}
2019-09-25 12:39:04,669 [main] INFO  handler.ContextHandler (ContextHandler.java:doStart(781)) - Started o.e.j.w.WebAppContext@3662bdff{/,file:///workdir/hadoop-ozone/integration-test/target/test-classes/webapps/scm/,AVAILABLE}{/scm}
2019-09-25 12:39:04,669 [main] INFO  server.AbstractConnector (AbstractConnector.java:doStart(278)) - Started ServerConnector@1bb15351{HTTP/1.1,[http/1.1]}{0.0.0.0:33781}
2019-09-25 12:39:04,670 [main] INFO  server.Server (Server.java:doStart(419)) - Started @39053ms
2019-09-25 12:39:04,670 [main] WARN  impl.MetricsSystemImpl (MetricsSystemImpl.java:register(276)) - Sink prometheus already exists!
2019-09-25 12:39:04,671 [main] INFO  server.BaseHttpServer (BaseHttpServer.java:updateConnectorAddress(215)) - HTTP server of SCM is listening at http://0.0.0.0:33781
2019-09-25 12:39:04,673 [main] WARN  server.ServerUtils (ServerUtils.java:getDBPath(222)) - ozone.om.db.dirs is not configured. We recommend adding this setting. Falling back to ozone.metadata.dirs instead.
2019-09-25 12:39:04,673 [org.apache.hadoop.util.JvmPauseMonitor$Monitor@597f0937] INFO  util.JvmPauseMonitor (JvmPauseMonitor.java:run(188)) - Starting JVM pause monitor
2019-09-25 12:39:04,698 [main] WARN  server.ServerUtils (ServerUtils.java:getDBPath(222)) - ozone.om.db.dirs is not configured. We recommend adding this setting. Falling back to ozone.metadata.dirs instead.
2019-09-25 12:39:04,698 [main] WARN  server.ServerUtils (ServerUtils.java:getDBPath(222)) - ozone.om.db.dirs is not configured. We recommend adding this setting. Falling back to ozone.metadata.dirs instead.
2019-09-25 12:39:04,699 [main] INFO  om.OzoneManager (OzoneManager.java:setOMNodeDetails(652)) - OM Service ID is not set. Setting it to the default ID: omServiceIdDefault
2019-09-25 12:39:04,699 [main] INFO  om.OzoneManager (OzoneManager.java:setOMNodeDetails(658)) - OM Node ID is not set. Setting it to the OmStorage's OmID: 3a8d6472-6921-4a66-9104-0c5821639a42
2019-09-25 12:39:04,699 [main] INFO  om.OzoneManager (OzoneManager.java:loadOMHAConfigs(609)) - Found matching OM address with OMServiceId: null, OMNodeId: null, RPC Address: localhost:0 and Ratis port: 9872
2019-09-25 12:39:04,709 [main] WARN  server.ServerUtils (ServerUtils.java:getDBPath(222)) - ozone.om.db.dirs is not configured. We recommend adding this setting. Falling back to ozone.metadata.dirs instead.
2019-09-25 12:39:04,709 [main] INFO  db.DBStoreBuilder (DBStoreBuilder.java:addTable(110)) - using custom profile for table: userTable
2019-09-25 12:39:04,710 [main] INFO  db.DBStoreBuilder (DBStoreBuilder.java:processTables(161)) - Using default column profile:DBProfile.DISK for Table:userTable
2019-09-25 12:39:04,710 [main] INFO  db.DBStoreBuilder (DBStoreBuilder.java:addTable(110)) - using custom profile for table: volumeTable
2019-09-25 12:39:04,710 [main] INFO  db.DBStoreBuilder (DBStoreBuilder.java:processTables(161)) - Using default column profile:DBProfile.DISK for Table:volumeTable
2019-09-25 12:39:04,711 [main] INFO  db.DBStoreBuilder (DBStoreBuilder.java:addTable(110)) - using custom profile for table: bucketTable
2019-09-25 12:39:04,711 [main] INFO  db.DBStoreBuilder (DBStoreBuilder.java:processTables(161)) - Using default column profile:DBProfile.DISK for Table:bucketTable
2019-09-25 12:39:04,711 [main] INFO  db.DBStoreBuilder (DBStoreBuilder.java:addTable(110)) - using custom profile for table: keyTable
2019-09-25 12:39:04,711 [main] INFO  db.DBStoreBuilder (DBStoreBuilder.java:processTables(161)) - Using default column profile:DBProfile.DISK for Table:keyTable
2019-09-25 12:39:04,712 [main] INFO  db.DBStoreBuilder (DBStoreBuilder.java:addTable(110)) - using custom profile for table: deletedTable
2019-09-25 12:39:04,712 [main] INFO  db.DBStoreBuilder (DBStoreBuilder.java:processTables(161)) - Using default column profile:DBProfile.DISK for Table:deletedTable
2019-09-25 12:39:04,712 [main] INFO  db.DBStoreBuilder (DBStoreBuilder.java:addTable(110)) - using custom profile for table: openKeyTable
2019-09-25 12:39:04,713 [main] INFO  db.DBStoreBuilder (DBStoreBuilder.java:processTables(161)) - Using default column profile:DBProfile.DISK for Table:openKeyTable
2019-09-25 12:39:04,713 [main] INFO  db.DBStoreBuilder (DBStoreBuilder.java:addTable(110)) - using custom profile for table: s3Table
2019-09-25 12:39:04,713 [main] INFO  db.DBStoreBuilder (DBStoreBuilder.java:processTables(161)) - Using default column profile:DBProfile.DISK for Table:s3Table
2019-09-25 12:39:04,713 [main] INFO  db.DBStoreBuilder (DBStoreBuilder.java:addTable(110)) - using custom profile for table: multipartInfoTable
2019-09-25 12:39:04,714 [main] INFO  db.DBStoreBuilder (DBStoreBuilder.java:processTables(161)) - Using default column profile:DBProfile.DISK for Table:multipartInfoTable
2019-09-25 12:39:04,714 [main] INFO  db.DBStoreBuilder (DBStoreBuilder.java:addTable(110)) - using custom profile for table: dTokenTable
2019-09-25 12:39:04,714 [main] INFO  db.DBStoreBuilder (DBStoreBuilder.java:processTables(161)) - Using default column profile:DBProfile.DISK for Table:dTokenTable
2019-09-25 12:39:04,715 [main] INFO  db.DBStoreBuilder (DBStoreBuilder.java:addTable(110)) - using custom profile for table: s3SecretTable
2019-09-25 12:39:04,715 [main] INFO  db.DBStoreBuilder (DBStoreBuilder.java:processTables(161)) - Using default column profile:DBProfile.DISK for Table:s3SecretTable
2019-09-25 12:39:04,715 [main] INFO  db.DBStoreBuilder (DBStoreBuilder.java:addTable(110)) - using custom profile for table: prefixTable
2019-09-25 12:39:04,715 [main] INFO  db.DBStoreBuilder (DBStoreBuilder.java:processTables(161)) - Using default column profile:DBProfile.DISK for Table:prefixTable
2019-09-25 12:39:04,716 [main] INFO  db.DBStoreBuilder (DBStoreBuilder.java:addTable(110)) - using custom profile for table: default
2019-09-25 12:39:04,716 [main] INFO  db.DBStoreBuilder (DBStoreBuilder.java:processTables(167)) - Using default column profile:DBProfile.DISK for Table:default
2019-09-25 12:39:04,716 [main] INFO  db.DBStoreBuilder (DBStoreBuilder.java:getDbProfile(198)) - Using default options. DBProfile.DISK
2019-09-25 12:39:05,253 [main] INFO  ipc.CallQueueManager (CallQueueManager.java:<init>(84)) - Using callQueue: class java.util.concurrent.LinkedBlockingQueue, queueCapacity: 2000, scheduler: class org.apache.hadoop.ipc.DefaultRpcScheduler, ipcBackoff: false.
2019-09-25 12:39:05,254 [Socket Reader #1 for port 43861] INFO  ipc.Server (Server.java:run(1074)) - Starting Socket Reader #1 for port 43861
2019-09-25 12:39:05,271 [main] INFO  om.OzoneManager (OzoneManager.java:start(1243)) - OzoneManager RPC server is listening at localhost/127.0.0.1:43861
2019-09-25 12:39:05,271 [main] INFO  impl.MetricsSystemImpl (MetricsSystemImpl.java:init(158)) - OzoneManager metrics system started (again)
2019-09-25 12:39:05,272 [IPC Server Responder] INFO  ipc.Server (Server.java:run(1314)) - IPC Server Responder: starting
2019-09-25 12:39:05,272 [IPC Server listener on 43861] INFO  ipc.Server (Server.java:run(1153)) - IPC Server listener on 43861: starting
2019-09-25 12:39:05,278 [main] INFO  hdfs.DFSUtil (DFSUtil.java:httpServerTemplateForNNAndJN(1641)) - Starting Web-server for ozoneManager at: http://0.0.0.0:0
2019-09-25 12:39:05,280 [main] INFO  server.AuthenticationFilter (AuthenticationFilter.java:constructSecretProvider(240)) - Unable to initialize FileSignerSecretProvider, falling back to use random secrets.
2019-09-25 12:39:05,280 [main] WARN  http.HttpRequestLog (HttpRequestLog.java:getRequestLog(97)) - Jetty request log can only be enabled using Log4j
2019-09-25 12:39:05,281 [main] INFO  http.HttpServer2 (HttpServer2.java:addGlobalFilter(975)) - Added global filter 'safety' (class=org.apache.hadoop.http.HttpServer2$QuotingInputFilter)
2019-09-25 12:39:05,282 [main] INFO  http.HttpServer2 (HttpServer2.java:addFilter(948)) - Added filter static_user_filter (class=org.apache.hadoop.http.lib.StaticUserWebFilter$StaticUserFilter) to context ozoneManager
2019-09-25 12:39:05,282 [main] INFO  http.HttpServer2 (HttpServer2.java:addFilter(958)) - Added filter static_user_filter (class=org.apache.hadoop.http.lib.StaticUserWebFilter$StaticUserFilter) to context static
2019-09-25 12:39:05,282 [main] INFO  http.HttpServer2 (HttpServer2.java:addFilter(958)) - Added filter static_user_filter (class=org.apache.hadoop.http.lib.StaticUserWebFilter$StaticUserFilter) to context logs
2019-09-25 12:39:05,283 [main] INFO  http.HttpServer2 (HttpServer2.java:bindListener(1191)) - Jetty bound to port 39915
2019-09-25 12:39:05,283 [main] INFO  server.Server (Server.java:doStart(351)) - jetty-9.3.25.v20180904, build timestamp: 2018-09-04T21:11:46Z, git hash: 3ce520221d0240229c862b122d2b06c12a625732
2019-09-25 12:39:05,285 [main] INFO  handler.ContextHandler (ContextHandler.java:doStart(781)) - Started o.e.j.s.ServletContextHandler@63cd2cd2{/logs,file:///workdir/hadoop-ozone/integration-test/target/log,AVAILABLE}
2019-09-25 12:39:05,285 [main] INFO  handler.ContextHandler (ContextHandler.java:doStart(781)) - Started o.e.j.s.ServletContextHandler@6deee370{/static,file:///workdir/hadoop-ozone/integration-test/target/test-classes/webapps/static,AVAILABLE}
2019-09-25 12:39:05,291 [main] INFO  handler.ContextHandler (ContextHandler.java:doStart(781)) - Started o.e.j.w.WebAppContext@6504a875{/,file:///workdir/hadoop-ozone/integration-test/target/test-classes/webapps/ozoneManager/,AVAILABLE}{/ozoneManager}
2019-09-25 12:39:05,291 [main] INFO  server.AbstractConnector (AbstractConnector.java:doStart(278)) - Started ServerConnector@35e26d05{HTTP/1.1,[http/1.1]}{0.0.0.0:39915}
2019-09-25 12:39:05,293 [main] INFO  server.Server (Server.java:doStart(419)) - Started @39676ms
2019-09-25 12:39:05,293 [main] WARN  impl.MetricsSystemImpl (MetricsSystemImpl.java:register(276)) - Sink prometheus already exists!
2019-09-25 12:39:05,294 [main] INFO  server.BaseHttpServer (BaseHttpServer.java:updateConnectorAddress(215)) - HTTP server of OZONEMANAGER is listening at http://0.0.0.0:39915
2019-09-25 12:39:05,301 [main] INFO  impl.MetricsSystemImpl (MetricsSystemImpl.java:init(158)) - HddsDatanode metrics system started (again)
2019-09-25 12:39:05,303 [main] INFO  ozone.HddsDatanodeService (HddsDatanodeService.java:start(184)) - HddsDatanodeService host:pr-hdds-1569-shd4m-3693607622 ip:192.168.151.73
2019-09-25 12:39:05,308 [main] INFO  volume.HddsVolume (HddsVolume.java:<init>(176)) - Creating Volume: /workdir/hadoop-ozone/integration-test/target/test-dir/MiniOzoneClusterImpl-d0ff48dc-faee-44ca-8dcc-f269a7262391/datanode-0/data/containers/hdds of  storage type : DISK and capacity : 1482555576320
2019-09-25 12:39:05,308 [main] INFO  volume.VolumeSet (VolumeSet.java:initializeVolumeSet(170)) - Added Volume : /workdir/hadoop-ozone/integration-test/target/test-dir/MiniOzoneClusterImpl-d0ff48dc-faee-44ca-8dcc-f269a7262391/datanode-0/data/containers/hdds to VolumeSet
2019-09-25 12:39:05,309 [main] INFO  volume.ThrottledAsyncChecker (ThrottledAsyncChecker.java:schedule(139)) - Scheduling a check for org.apache.hadoop.ozone.container.common.volume.HddsVolume@5478ce1e
2019-09-25 12:39:05,309 [main] INFO  volume.HddsVolumeChecker (HddsVolumeChecker.java:checkAllVolumes(202)) - Scheduled health check for volume org.apache.hadoop.ozone.container.common.volume.HddsVolume@5478ce1e
2019-09-25 12:39:05,322 [main] INFO  impl.RaftServerProxy (ConfUtils.java:logGet(43)) - raft.rpc.type = GRPC (default)
2019-09-25 12:39:05,322 [main] INFO  grpc.GrpcFactory (GrpcFactory.java:checkPooledByteBufAllocatorUseCacheForAllThreads(45)) - PERFORMANCE WARNING: useCacheForAllThreads is true that may cause Netty to create a lot garbage objects and, as a result, trigger GC.
	It is recommended to disable useCacheForAllThreads by setting -Dorg.apache.ratis.thirdparty.io.netty.allocator.useCacheForAllThreads=false in command line.
2019-09-25 12:39:05,323 [main] INFO  grpc.GrpcConfigKeys$Server (ConfUtils.java:logGet(43)) - raft.grpc.server.port = 0 (default)
2019-09-25 12:39:05,323 [main] INFO  server.GrpcService (ConfUtils.java:logGet(43)) - raft.grpc.message.size.max = 33570816 (custom)
2019-09-25 12:39:05,323 [main] INFO  server.RaftServerConfigKeys (ConfUtils.java:logGet(43)) - raft.server.log.appender.buffer.byte-limit = 33554432 (custom)
2019-09-25 12:39:05,323 [main] INFO  server.GrpcService (ConfUtils.java:logGet(43)) - raft.grpc.flow.control.window = 1MB (=1048576) (default)
2019-09-25 12:39:05,323 [main] INFO  server.RaftServerConfigKeys (ConfUtils.java:logGet(43)) - raft.server.rpc.request.timeout = 3000ms (default)
2019-09-25 12:39:05,324 [main] INFO  server.RaftServerConfigKeys (ConfUtils.java:logGet(43)) - raft.server.storage.dir = [/workdir/hadoop-ozone/integration-test/target/test-dir/MiniOzoneClusterImpl-d0ff48dc-faee-44ca-8dcc-f269a7262391/datanode-0/data/ratis] (custom)
2019-09-25 12:39:05,326 [main] INFO  hdfs.DFSUtil (DFSUtil.java:httpServerTemplateForNNAndJN(1641)) - Starting Web-server for hddsDatanode at: http://0.0.0.0:0
2019-09-25 12:39:05,327 [main] INFO  server.AuthenticationFilter (AuthenticationFilter.java:constructSecretProvider(240)) - Unable to initialize FileSignerSecretProvider, falling back to use random secrets.
2019-09-25 12:39:05,327 [main] WARN  http.HttpRequestLog (HttpRequestLog.java:getRequestLog(97)) - Jetty request log can only be enabled using Log4j
2019-09-25 12:39:05,328 [main] INFO  http.HttpServer2 (HttpServer2.java:addGlobalFilter(975)) - Added global filter 'safety' (class=org.apache.hadoop.http.HttpServer2$QuotingInputFilter)
2019-09-25 12:39:05,329 [main] INFO  http.HttpServer2 (HttpServer2.java:addFilter(948)) - Added filter static_user_filter (class=org.apache.hadoop.http.lib.StaticUserWebFilter$StaticUserFilter) to context hddsDatanode
2019-09-25 12:39:05,329 [main] INFO  http.HttpServer2 (HttpServer2.java:addFilter(958)) - Added filter static_user_filter (class=org.apache.hadoop.http.lib.StaticUserWebFilter$StaticUserFilter) to context logs
2019-09-25 12:39:05,329 [main] INFO  http.HttpServer2 (HttpServer2.java:addFilter(958)) - Added filter static_user_filter (class=org.apache.hadoop.http.lib.StaticUserWebFilter$StaticUserFilter) to context static
2019-09-25 12:39:05,330 [main] INFO  http.HttpServer2 (HttpServer2.java:bindListener(1191)) - Jetty bound to port 46185
2019-09-25 12:39:05,330 [main] INFO  server.Server (Server.java:doStart(351)) - jetty-9.3.25.v20180904, build timestamp: 2018-09-04T21:11:46Z, git hash: 3ce520221d0240229c862b122d2b06c12a625732
2019-09-25 12:39:05,332 [main] INFO  handler.ContextHandler (ContextHandler.java:doStart(781)) - Started o.e.j.s.ServletContextHandler@2f3166a{/logs,file:///workdir/hadoop-ozone/integration-test/target/log,AVAILABLE}
2019-09-25 12:39:05,332 [main] INFO  handler.ContextHandler (ContextHandler.java:doStart(781)) - Started o.e.j.s.ServletContextHandler@31e76a8d{/static,jar:file:/home/user/.m2/repository/org/apache/hadoop/hadoop-hdds-container-service/0.5.0-SNAPSHOT/hadoop-hdds-container-service-0.5.0-SNAPSHOT.jar!/webapps/static,AVAILABLE}
2019-09-25 12:39:05,360 [main] INFO  handler.ContextHandler (ContextHandler.java:doStart(781)) - Started o.e.j.w.WebAppContext@36c281ed{/,file:///tmp/jetty-0.0.0.0-46185-hddsDatanode-_-any-7352136191244104683.dir/webapp/,AVAILABLE}{/hddsDatanode}
2019-09-25 12:39:05,360 [main] INFO  server.AbstractConnector (AbstractConnector.java:doStart(278)) - Started ServerConnector@244418a{HTTP/1.1,[http/1.1]}{0.0.0.0:46185}
2019-09-25 12:39:05,361 [main] INFO  server.Server (Server.java:doStart(419)) - Started @39744ms
2019-09-25 12:39:05,361 [main] WARN  impl.MetricsSystemImpl (MetricsSystemImpl.java:register(276)) - Sink prometheus already exists!
2019-09-25 12:39:05,362 [main] INFO  server.BaseHttpServer (BaseHttpServer.java:updateConnectorAddress(215)) - HTTP server of HDDSDATANODE is listening at http://0.0.0.0:46185
2019-09-25 12:39:05,362 [main] INFO  impl.MetricsSystemImpl (MetricsSystemImpl.java:init(158)) - HddsDatanode metrics system started (again)
2019-09-25 12:39:05,366 [org.apache.hadoop.util.JvmPauseMonitor$Monitor@750ab5f5] INFO  util.JvmPauseMonitor (JvmPauseMonitor.java:run(188)) - Starting JVM pause monitor
2019-09-25 12:39:05,366 [main] INFO  ozone.HddsDatanodeService (HddsDatanodeService.java:start(184)) - HddsDatanodeService host:pr-hdds-1569-shd4m-3693607622 ip:192.168.151.73
2019-09-25 12:39:05,371 [main] INFO  volume.HddsVolume (HddsVolume.java:<init>(176)) - Creating Volume: /workdir/hadoop-ozone/integration-test/target/test-dir/MiniOzoneClusterImpl-d0ff48dc-faee-44ca-8dcc-f269a7262391/datanode-1/data/containers/hdds of  storage type : DISK and capacity : 1482555576320
2019-09-25 12:39:05,371 [Datanode State Machine Thread - 0] INFO  datanode.InitDatanodeState (InitDatanodeState.java:persistContainerDatanodeDetails(140)) - DatanodeDetails is persisted to /workdir/hadoop-ozone/integration-test/target/test-dir/MiniOzoneClusterImpl-d0ff48dc-faee-44ca-8dcc-f269a7262391/datanode-0/meta/datanode.id
2019-09-25 12:39:05,372 [main] INFO  volume.VolumeSet (VolumeSet.java:initializeVolumeSet(170)) - Added Volume : /workdir/hadoop-ozone/integration-test/target/test-dir/MiniOzoneClusterImpl-d0ff48dc-faee-44ca-8dcc-f269a7262391/datanode-1/data/containers/hdds to VolumeSet
2019-09-25 12:39:05,372 [main] INFO  volume.ThrottledAsyncChecker (ThrottledAsyncChecker.java:schedule(139)) - Scheduling a check for org.apache.hadoop.ozone.container.common.volume.HddsVolume@536d97f8
2019-09-25 12:39:05,372 [main] INFO  volume.HddsVolumeChecker (HddsVolumeChecker.java:checkAllVolumes(202)) - Scheduled health check for volume org.apache.hadoop.ozone.container.common.volume.HddsVolume@536d97f8
2019-09-25 12:39:05,386 [main] INFO  impl.RaftServerProxy (ConfUtils.java:logGet(43)) - raft.rpc.type = GRPC (default)
2019-09-25 12:39:05,386 [main] INFO  grpc.GrpcFactory (GrpcFactory.java:checkPooledByteBufAllocatorUseCacheForAllThreads(45)) - PERFORMANCE WARNING: useCacheForAllThreads is true that may cause Netty to create a lot garbage objects and, as a result, trigger GC.
	It is recommended to disable useCacheForAllThreads by setting -Dorg.apache.ratis.thirdparty.io.netty.allocator.useCacheForAllThreads=false in command line.
2019-09-25 12:39:05,386 [main] INFO  grpc.GrpcConfigKeys$Server (ConfUtils.java:logGet(43)) - raft.grpc.server.port = 0 (default)
2019-09-25 12:39:05,387 [main] INFO  server.GrpcService (ConfUtils.java:logGet(43)) - raft.grpc.message.size.max = 33570816 (custom)
2019-09-25 12:39:05,387 [main] INFO  server.RaftServerConfigKeys (ConfUtils.java:logGet(43)) - raft.server.log.appender.buffer.byte-limit = 33554432 (custom)
2019-09-25 12:39:05,388 [main] INFO  server.GrpcService (ConfUtils.java:logGet(43)) - raft.grpc.flow.control.window = 1MB (=1048576) (default)
2019-09-25 12:39:05,388 [main] INFO  server.RaftServerConfigKeys (ConfUtils.java:logGet(43)) - raft.server.rpc.request.timeout = 3000ms (default)
2019-09-25 12:39:05,389 [main] INFO  server.RaftServerConfigKeys (ConfUtils.java:logGet(43)) - raft.server.storage.dir = [/workdir/hadoop-ozone/integration-test/target/test-dir/MiniOzoneClusterImpl-d0ff48dc-faee-44ca-8dcc-f269a7262391/datanode-1/data/ratis] (custom)
2019-09-25 12:39:05,391 [main] INFO  hdfs.DFSUtil (DFSUtil.java:httpServerTemplateForNNAndJN(1641)) - Starting Web-server for hddsDatanode at: http://0.0.0.0:0
2019-09-25 12:39:05,392 [main] INFO  server.AuthenticationFilter (AuthenticationFilter.java:constructSecretProvider(240)) - Unable to initialize FileSignerSecretProvider, falling back to use random secrets.
2019-09-25 12:39:05,392 [main] WARN  http.HttpRequestLog (HttpRequestLog.java:getRequestLog(97)) - Jetty request log can only be enabled using Log4j
2019-09-25 12:39:05,393 [main] INFO  http.HttpServer2 (HttpServer2.java:addGlobalFilter(975)) - Added global filter 'safety' (class=org.apache.hadoop.http.HttpServer2$QuotingInputFilter)
2019-09-25 12:39:05,394 [main] INFO  http.HttpServer2 (HttpServer2.java:addFilter(948)) - Added filter static_user_filter (class=org.apache.hadoop.http.lib.StaticUserWebFilter$StaticUserFilter) to context hddsDatanode
2019-09-25 12:39:05,394 [main] INFO  http.HttpServer2 (HttpServer2.java:addFilter(958)) - Added filter static_user_filter (class=org.apache.hadoop.http.lib.StaticUserWebFilter$StaticUserFilter) to context logs
2019-09-25 12:39:05,394 [main] INFO  http.HttpServer2 (HttpServer2.java:addFilter(958)) - Added filter static_user_filter (class=org.apache.hadoop.http.lib.StaticUserWebFilter$StaticUserFilter) to context static
2019-09-25 12:39:05,395 [main] INFO  http.HttpServer2 (HttpServer2.java:bindListener(1191)) - Jetty bound to port 46598
2019-09-25 12:39:05,395 [main] INFO  server.Server (Server.java:doStart(351)) - jetty-9.3.25.v20180904, build timestamp: 2018-09-04T21:11:46Z, git hash: 3ce520221d0240229c862b122d2b06c12a625732
2019-09-25 12:39:05,396 [main] INFO  handler.ContextHandler (ContextHandler.java:doStart(781)) - Started o.e.j.s.ServletContextHandler@e76b097{/logs,file:///workdir/hadoop-ozone/integration-test/target/log,AVAILABLE}
2019-09-25 12:39:05,397 [main] INFO  handler.ContextHandler (ContextHandler.java:doStart(781)) - Started o.e.j.s.ServletContextHandler@338b49d3{/static,jar:file:/home/user/.m2/repository/org/apache/hadoop/hadoop-hdds-container-service/0.5.0-SNAPSHOT/hadoop-hdds-container-service-0.5.0-SNAPSHOT.jar!/webapps/static,AVAILABLE}
2019-09-25 12:39:05,424 [main] INFO  handler.ContextHandler (ContextHandler.java:doStart(781)) - Started o.e.j.w.WebAppContext@58b91d57{/,file:///tmp/jetty-0.0.0.0-46598-hddsDatanode-_-any-8678536777090859989.dir/webapp/,AVAILABLE}{/hddsDatanode}
2019-09-25 12:39:05,424 [main] INFO  server.AbstractConnector (AbstractConnector.java:doStart(278)) - Started ServerConnector@61a91c9b{HTTP/1.1,[http/1.1]}{0.0.0.0:46598}
2019-09-25 12:39:05,425 [main] INFO  server.Server (Server.java:doStart(419)) - Started @39809ms
2019-09-25 12:39:05,426 [main] WARN  impl.MetricsSystemImpl (MetricsSystemImpl.java:register(276)) - Sink prometheus already exists!
2019-09-25 12:39:05,426 [main] INFO  server.BaseHttpServer (BaseHttpServer.java:updateConnectorAddress(215)) - HTTP server of HDDSDATANODE is listening at http://0.0.0.0:46598
2019-09-25 12:39:05,427 [main] INFO  impl.MetricsSystemImpl (MetricsSystemImpl.java:init(158)) - HddsDatanode metrics system started (again)
2019-09-25 12:39:05,433 [main] INFO  ozone.HddsDatanodeService (HddsDatanodeService.java:start(184)) - HddsDatanodeService host:pr-hdds-1569-shd4m-3693607622 ip:192.168.151.73
2019-09-25 12:39:05,433 [org.apache.hadoop.util.JvmPauseMonitor$Monitor@7e5c228c] INFO  util.JvmPauseMonitor (JvmPauseMonitor.java:run(188)) - Starting JVM pause monitor
2019-09-25 12:39:05,435 [Datanode State Machine Thread - 0] INFO  datanode.InitDatanodeState (InitDatanodeState.java:persistContainerDatanodeDetails(140)) - DatanodeDetails is persisted to /workdir/hadoop-ozone/integration-test/target/test-dir/MiniOzoneClusterImpl-d0ff48dc-faee-44ca-8dcc-f269a7262391/datanode-1/meta/datanode.id
2019-09-25 12:39:05,439 [main] INFO  volume.HddsVolume (HddsVolume.java:<init>(176)) - Creating Volume: /workdir/hadoop-ozone/integration-test/target/test-dir/MiniOzoneClusterImpl-d0ff48dc-faee-44ca-8dcc-f269a7262391/datanode-2/data/containers/hdds of  storage type : DISK and capacity : 1482555576320
2019-09-25 12:39:05,439 [main] INFO  volume.VolumeSet (VolumeSet.java:initializeVolumeSet(170)) - Added Volume : /workdir/hadoop-ozone/integration-test/target/test-dir/MiniOzoneClusterImpl-d0ff48dc-faee-44ca-8dcc-f269a7262391/datanode-2/data/containers/hdds to VolumeSet
2019-09-25 12:39:05,439 [main] INFO  volume.ThrottledAsyncChecker (ThrottledAsyncChecker.java:schedule(139)) - Scheduling a check for org.apache.hadoop.ozone.container.common.volume.HddsVolume@43982337
2019-09-25 12:39:05,440 [main] INFO  volume.HddsVolumeChecker (HddsVolumeChecker.java:checkAllVolumes(202)) - Scheduled health check for volume org.apache.hadoop.ozone.container.common.volume.HddsVolume@43982337
2019-09-25 12:39:05,458 [main] INFO  impl.RaftServerProxy (ConfUtils.java:logGet(43)) - raft.rpc.type = GRPC (default)
2019-09-25 12:39:05,458 [main] INFO  grpc.GrpcFactory (GrpcFactory.java:checkPooledByteBufAllocatorUseCacheForAllThreads(45)) - PERFORMANCE WARNING: useCacheForAllThreads is true that may cause Netty to create a lot garbage objects and, as a result, trigger GC.
	It is recommended to disable useCacheForAllThreads by setting -Dorg.apache.ratis.thirdparty.io.netty.allocator.useCacheForAllThreads=false in command line.
2019-09-25 12:39:05,458 [main] INFO  grpc.GrpcConfigKeys$Server (ConfUtils.java:logGet(43)) - raft.grpc.server.port = 0 (default)
2019-09-25 12:39:05,459 [main] INFO  server.GrpcService (ConfUtils.java:logGet(43)) - raft.grpc.message.size.max = 33570816 (custom)
2019-09-25 12:39:05,459 [main] INFO  server.RaftServerConfigKeys (ConfUtils.java:logGet(43)) - raft.server.log.appender.buffer.byte-limit = 33554432 (custom)
2019-09-25 12:39:05,459 [main] INFO  server.GrpcService (ConfUtils.java:logGet(43)) - raft.grpc.flow.control.window = 1MB (=1048576) (default)
2019-09-25 12:39:05,460 [main] INFO  server.RaftServerConfigKeys (ConfUtils.java:logGet(43)) - raft.server.rpc.request.timeout = 3000ms (default)
2019-09-25 12:39:05,460 [main] INFO  server.RaftServerConfigKeys (ConfUtils.java:logGet(43)) - raft.server.storage.dir = [/workdir/hadoop-ozone/integration-test/target/test-dir/MiniOzoneClusterImpl-d0ff48dc-faee-44ca-8dcc-f269a7262391/datanode-2/data/ratis] (custom)
2019-09-25 12:39:05,462 [main] INFO  hdfs.DFSUtil (DFSUtil.java:httpServerTemplateForNNAndJN(1641)) - Starting Web-server for hddsDatanode at: http://0.0.0.0:0
2019-09-25 12:39:05,463 [main] INFO  server.AuthenticationFilter (AuthenticationFilter.java:constructSecretProvider(240)) - Unable to initialize FileSignerSecretProvider, falling back to use random secrets.
2019-09-25 12:39:05,464 [main] WARN  http.HttpRequestLog (HttpRequestLog.java:getRequestLog(97)) - Jetty request log can only be enabled using Log4j
2019-09-25 12:39:05,465 [main] INFO  http.HttpServer2 (HttpServer2.java:addGlobalFilter(975)) - Added global filter 'safety' (class=org.apache.hadoop.http.HttpServer2$QuotingInputFilter)
2019-09-25 12:39:05,465 [main] INFO  http.HttpServer2 (HttpServer2.java:addFilter(948)) - Added filter static_user_filter (class=org.apache.hadoop.http.lib.StaticUserWebFilter$StaticUserFilter) to context hddsDatanode
2019-09-25 12:39:05,466 [main] INFO  http.HttpServer2 (HttpServer2.java:addFilter(958)) - Added filter static_user_filter (class=org.apache.hadoop.http.lib.StaticUserWebFilter$StaticUserFilter) to context static
2019-09-25 12:39:05,466 [main] INFO  http.HttpServer2 (HttpServer2.java:addFilter(958)) - Added filter static_user_filter (class=org.apache.hadoop.http.lib.StaticUserWebFilter$StaticUserFilter) to context logs
2019-09-25 12:39:05,466 [main] INFO  http.HttpServer2 (HttpServer2.java:bindListener(1191)) - Jetty bound to port 44241
2019-09-25 12:39:05,466 [main] INFO  server.Server (Server.java:doStart(351)) - jetty-9.3.25.v20180904, build timestamp: 2018-09-04T21:11:46Z, git hash: 3ce520221d0240229c862b122d2b06c12a625732
2019-09-25 12:39:05,468 [main] INFO  handler.ContextHandler (ContextHandler.java:doStart(781)) - Started o.e.j.s.ServletContextHandler@43984213{/logs,file:///workdir/hadoop-ozone/integration-test/target/log,AVAILABLE}
2019-09-25 12:39:05,468 [main] INFO  handler.ContextHandler (ContextHandler.java:doStart(781)) - Started o.e.j.s.ServletContextHandler@38830ea{/static,jar:file:/home/user/.m2/repository/org/apache/hadoop/hadoop-hdds-container-service/0.5.0-SNAPSHOT/hadoop-hdds-container-service-0.5.0-SNAPSHOT.jar!/webapps/static,AVAILABLE}
2019-09-25 12:39:05,496 [main] INFO  handler.ContextHandler (ContextHandler.java:doStart(781)) - Started o.e.j.w.WebAppContext@135a8c6f{/,file:///tmp/jetty-0.0.0.0-44241-hddsDatanode-_-any-7057953048947257080.dir/webapp/,AVAILABLE}{/hddsDatanode}
2019-09-25 12:39:05,496 [main] INFO  server.AbstractConnector (AbstractConnector.java:doStart(278)) - Started ServerConnector@6419a0e1{HTTP/1.1,[http/1.1]}{0.0.0.0:44241}
2019-09-25 12:39:05,498 [main] INFO  server.Server (Server.java:doStart(419)) - Started @39881ms
2019-09-25 12:39:05,498 [main] WARN  impl.MetricsSystemImpl (MetricsSystemImpl.java:register(276)) - Sink prometheus already exists!
2019-09-25 12:39:05,499 [main] INFO  server.BaseHttpServer (BaseHttpServer.java:updateConnectorAddress(215)) - HTTP server of HDDSDATANODE is listening at http://0.0.0.0:44241
2019-09-25 12:39:05,499 [main] INFO  ozone.MiniOzoneClusterImpl (MiniOzoneClusterImpl.java:lambda$waitForClusterToBeReady$0(147)) - Waiting for cluster to be ready. Got 0 of 3 DN Heartbeats.
2019-09-25 12:39:05,500 [org.apache.hadoop.util.JvmPauseMonitor$Monitor@7bab713e] INFO  util.JvmPauseMonitor (JvmPauseMonitor.java:run(188)) - Starting JVM pause monitor
2019-09-25 12:39:05,502 [Datanode State Machine Thread - 0] INFO  datanode.InitDatanodeState (InitDatanodeState.java:persistContainerDatanodeDetails(140)) - DatanodeDetails is persisted to /workdir/hadoop-ozone/integration-test/target/test-dir/MiniOzoneClusterImpl-d0ff48dc-faee-44ca-8dcc-f269a7262391/datanode-2/meta/datanode.id
2019-09-25 12:39:06,499 [main] INFO  ozone.MiniOzoneClusterImpl (MiniOzoneClusterImpl.java:lambda$waitForClusterToBeReady$0(147)) - Waiting for cluster to be ready. Got 0 of 3 DN Heartbeats.
2019-09-25 12:39:07,387 [Datanode State Machine Thread - 0] INFO  ozoneimpl.OzoneContainer (OzoneContainer.java:start(217)) - Attempting to start container services.
2019-09-25 12:39:07,388 [Datanode State Machine Thread - 0] INFO  ozoneimpl.OzoneContainer (OzoneContainer.java:startContainerScrub(179)) - Background container scanner has been disabled.
2019-09-25 12:39:07,388 [Datanode State Machine Thread - 0] INFO  ratis.XceiverServerRatis (XceiverServerRatis.java:start(411)) - Starting XceiverServerRatis 3e5a13d1-053a-49e9-83b0-637d290f3a88 at port 0
2019-09-25 12:39:07,394 [Datanode State Machine Thread - 0] INFO  impl.RaftServerProxy (RaftServerProxy.java:lambda$start$3(299)) - 3e5a13d1-053a-49e9-83b0-637d290f3a88: start RPC server
2019-09-25 12:39:07,396 [Datanode State Machine Thread - 0] INFO  server.GrpcService (GrpcService.java:startImpl(158)) - 3e5a13d1-053a-49e9-83b0-637d290f3a88: GrpcService started, listening on 0.0.0.0/0.0.0.0:45887
2019-09-25 12:39:07,397 [Datanode State Machine Thread - 0] INFO  ratis.XceiverServerRatis (XceiverServerRatis.java:start(421)) - XceiverServerRatis 3e5a13d1-053a-49e9-83b0-637d290f3a88 is started using port 45887
2019-09-25 12:39:07,397 [Datanode State Machine Thread - 0] INFO  server.XceiverServerGrpc (XceiverServerGrpc.java:start(149)) - XceiverServerGrpc 3e5a13d1-053a-49e9-83b0-637d290f3a88 is started using port 35996
2019-09-25 12:39:07,450 [Datanode State Machine Thread - 0] INFO  ozoneimpl.OzoneContainer (OzoneContainer.java:start(217)) - Attempting to start container services.
2019-09-25 12:39:07,450 [Datanode State Machine Thread - 0] INFO  ozoneimpl.OzoneContainer (OzoneContainer.java:startContainerScrub(179)) - Background container scanner has been disabled.
2019-09-25 12:39:07,450 [Datanode State Machine Thread - 0] INFO  ratis.XceiverServerRatis (XceiverServerRatis.java:start(411)) - Starting XceiverServerRatis 0c10ee7a-d1f3-4d15-a97d-be3bd840fe5f at port 0
2019-09-25 12:39:07,456 [Datanode State Machine Thread - 0] INFO  impl.RaftServerProxy (RaftServerProxy.java:lambda$start$3(299)) - 0c10ee7a-d1f3-4d15-a97d-be3bd840fe5f: start RPC server
2019-09-25 12:39:07,457 [Datanode State Machine Thread - 0] INFO  server.GrpcService (GrpcService.java:startImpl(158)) - 0c10ee7a-d1f3-4d15-a97d-be3bd840fe5f: GrpcService started, listening on 0.0.0.0/0.0.0.0:37077
2019-09-25 12:39:07,457 [Datanode State Machine Thread - 0] INFO  ratis.XceiverServerRatis (XceiverServerRatis.java:start(421)) - XceiverServerRatis 0c10ee7a-d1f3-4d15-a97d-be3bd840fe5f is started using port 37077
2019-09-25 12:39:07,457 [Datanode State Machine Thread - 0] INFO  server.XceiverServerGrpc (XceiverServerGrpc.java:start(149)) - XceiverServerGrpc 0c10ee7a-d1f3-4d15-a97d-be3bd840fe5f is started using port 41879
2019-09-25 12:39:07,500 [main] INFO  ozone.MiniOzoneClusterImpl (MiniOzoneClusterImpl.java:lambda$waitForClusterToBeReady$0(147)) - Waiting for cluster to be ready. Got 0 of 3 DN Heartbeats.
2019-09-25 12:39:07,516 [Datanode State Machine Thread - 0] INFO  ozoneimpl.OzoneContainer (OzoneContainer.java:start(217)) - Attempting to start container services.
2019-09-25 12:39:07,516 [Datanode State Machine Thread - 0] INFO  ozoneimpl.OzoneContainer (OzoneContainer.java:startContainerScrub(179)) - Background container scanner has been disabled.
2019-09-25 12:39:07,517 [Datanode State Machine Thread - 0] INFO  ratis.XceiverServerRatis (XceiverServerRatis.java:start(411)) - Starting XceiverServerRatis f7c49c51-1121-4e1e-9c01-74e537549b8a at port 0
2019-09-25 12:39:07,522 [Datanode State Machine Thread - 0] INFO  impl.RaftServerProxy (RaftServerProxy.java:lambda$start$3(299)) - f7c49c51-1121-4e1e-9c01-74e537549b8a: start RPC server
2019-09-25 12:39:07,530 [Datanode State Machine Thread - 0] INFO  server.GrpcService (GrpcService.java:startImpl(158)) - f7c49c51-1121-4e1e-9c01-74e537549b8a: GrpcService started, listening on 0.0.0.0/0.0.0.0:37391
2019-09-25 12:39:07,530 [Datanode State Machine Thread - 0] INFO  ratis.XceiverServerRatis (XceiverServerRatis.java:start(421)) - XceiverServerRatis f7c49c51-1121-4e1e-9c01-74e537549b8a is started using port 37391
2019-09-25 12:39:07,531 [Datanode State Machine Thread - 0] INFO  server.XceiverServerGrpc (XceiverServerGrpc.java:start(149)) - XceiverServerGrpc f7c49c51-1121-4e1e-9c01-74e537549b8a is started using port 40877
2019-09-25 12:39:08,500 [main] INFO  ozone.MiniOzoneClusterImpl (MiniOzoneClusterImpl.java:lambda$waitForClusterToBeReady$0(147)) - Waiting for cluster to be ready. Got 0 of 3 DN Heartbeats.
2019-09-25 12:39:09,372 [IPC Server handler 0 on 40649] INFO  net.NetworkTopology (NetworkTopologyImpl.java:add(111)) - Added a new node: /default-rack/3e5a13d1-053a-49e9-83b0-637d290f3a88
2019-09-25 12:39:09,373 [IPC Server handler 0 on 40649] INFO  node.SCMNodeManager (SCMNodeManager.java:register(266)) - Registered Data node : 3e5a13d1-053a-49e9-83b0-637d290f3a88{ip: 192.168.151.73, host: pr-hdds-1569-shd4m-3693607622, networkLocation: /default-rack, certSerialId: null}
2019-09-25 12:39:09,374 [EventQueue-NodeRegistrationContainerReportForDataNodeSafeModeRule] INFO  safemode.SCMSafeModeManager (DataNodeSafeModeRule.java:process(71)) - SCM in safe mode. 1 DataNodes registered, 1 required.
2019-09-25 12:39:09,376 [EventQueue-NodeRegistrationContainerReportForDataNodeSafeModeRule] INFO  safemode.SCMSafeModeManager (SCMSafeModeManager.java:validateSafeModeExitRules(177)) - ScmSafeModeManager, all rules are successfully validated
2019-09-25 12:39:09,376 [EventQueue-NodeRegistrationContainerReportForDataNodeSafeModeRule] INFO  safemode.SCMSafeModeManager (SCMSafeModeManager.java:exitSafeMode(193)) - SCM exiting safe mode.
2019-09-25 12:39:09,389 [grpc-default-executor-0] INFO  impl.RaftServerProxy (RaftServerProxy.java:addNew(89)) - 3e5a13d1-053a-49e9-83b0-637d290f3a88: addNew group-2D1B81CB9F8E:[3e5a13d1-053a-49e9-83b0-637d290f3a88:192.168.151.73:45887] returns group-2D1B81CB9F8E:java.util.concurrent.CompletableFuture@31a34296[Not completed]
2019-09-25 12:39:09,390 [pool-127-thread-1] INFO  impl.RaftServerImpl (RaftServerImpl.java:<init>(95)) - 3e5a13d1-053a-49e9-83b0-637d290f3a88: new RaftServerImpl for group-2D1B81CB9F8E:[3e5a13d1-053a-49e9-83b0-637d290f3a88:192.168.151.73:45887] with ContainerStateMachine:uninitialized
2019-09-25 12:39:09,390 [pool-127-thread-1] INFO  server.RaftServerConfigKeys (ConfUtils.java:logGet(43)) - raft.server.rpc.timeout.min = 5s (custom)
2019-09-25 12:39:09,390 [pool-127-thread-1] INFO  server.RaftServerConfigKeys (ConfUtils.java:logGet(43)) - raft.server.rpc.timeout.max = 5200ms (custom)
2019-09-25 12:39:09,391 [pool-127-thread-1] INFO  server.RaftServerConfigKeys (ConfUtils.java:logGet(43)) - raft.server.rpcslowness.timeout = 120s (custom)
2019-09-25 12:39:09,391 [pool-127-thread-1] INFO  server.RaftServerConfigKeys (ConfUtils.java:logGet(43)) - raft.server.sleep.deviation.threshold = 300 (default)
2019-09-25 12:39:09,391 [pool-127-thread-1] INFO  server.RaftServerConfigKeys (ConfUtils.java:logGet(43)) - raft.server.log.appender.install.snapshot.enabled = false (custom)
2019-09-25 12:39:09,391 [pool-127-thread-1] INFO  impl.RaftServerImpl (ServerState.java:<init>(103)) - 3e5a13d1-053a-49e9-83b0-637d290f3a88@group-2D1B81CB9F8E: ConfigurationManager, init=-1: [3e5a13d1-053a-49e9-83b0-637d290f3a88:192.168.151.73:45887], old=null, confs=<EMPTY_MAP>
2019-09-25 12:39:09,391 [pool-127-thread-1] INFO  server.RaftServerConfigKeys (ConfUtils.java:logGet(43)) - raft.server.storage.dir = [/workdir/hadoop-ozone/integration-test/target/test-dir/MiniOzoneClusterImpl-d0ff48dc-faee-44ca-8dcc-f269a7262391/datanode-0/data/ratis] (custom)
2019-09-25 12:39:09,391 [pool-127-thread-1] INFO  storage.RaftStorageDirectory (RaftStorageDirectory.java:analyzeStorage(246)) - The storage directory /workdir/hadoop-ozone/integration-test/target/test-dir/MiniOzoneClusterImpl-d0ff48dc-faee-44ca-8dcc-f269a7262391/datanode-0/data/ratis/23017980-d0e6-4ee7-b9df-2d1b81cb9f8e does not exist. Creating ...
2019-09-25 12:39:09,416 [pool-127-thread-1] INFO  storage.RaftStorageDirectory (RaftStorageDirectory.java:tryLock(328)) - Lock on /workdir/hadoop-ozone/integration-test/target/test-dir/MiniOzoneClusterImpl-d0ff48dc-faee-44ca-8dcc-f269a7262391/datanode-0/data/ratis/23017980-d0e6-4ee7-b9df-2d1b81cb9f8e/in_use.lock acquired by nodename 9642@pr-hdds-1569-shd4m-3693607622
2019-09-25 12:39:09,429 [pool-127-thread-1] INFO  storage.RaftStorage (RaftStorage.java:format(72)) - Storage directory /workdir/hadoop-ozone/integration-test/target/test-dir/MiniOzoneClusterImpl-d0ff48dc-faee-44ca-8dcc-f269a7262391/datanode-0/data/ratis/23017980-d0e6-4ee7-b9df-2d1b81cb9f8e has been successfully formatted.
2019-09-25 12:39:09,429 [pool-127-thread-1] INFO  ratis.ContainerStateMachine (ContainerStateMachine.java:loadSnapshot(230)) - group-2D1B81CB9F8E: The snapshot info is null. Setting the last applied indexto:(t:0, i:~)
2019-09-25 12:39:09,430 [pool-127-thread-1] INFO  server.RaftServerConfigKeys (ConfUtils.java:logGet(43)) - raft.server.notification.no-leader.timeout = 120s (custom)
2019-09-25 12:39:09,430 [pool-127-thread-1] INFO  server.RaftServerConfigKeys (ConfUtils.java:logGet(43)) - raft.server.log.use.memory = false (default)
2019-09-25 12:39:09,430 [pool-127-thread-1] INFO  server.RaftServerConfigKeys (ConfUtils.java:logGet(43)) - raft.server.log.purge.gap = 1000000 (custom)
2019-09-25 12:39:09,430 [pool-127-thread-1] INFO  server.RaftServerConfigKeys (ConfUtils.java:logGet(43)) - raft.server.log.appender.buffer.byte-limit = 33554432 (custom)
2019-09-25 12:39:09,430 [pool-127-thread-1] INFO  server.RaftServerConfigKeys (ConfUtils.java:logGet(43)) - raft.server.log.segment.size.max = 1048576 (custom)
2019-09-25 12:39:09,430 [pool-127-thread-1] INFO  server.RaftServerConfigKeys (ConfUtils.java:logGet(43)) - raft.server.log.segment.cache.num.max = 2 (custom)
2019-09-25 12:39:09,430 [pool-127-thread-1] INFO  segmented.SegmentedRaftLogWorker (SegmentedRaftLogWorker.java:<init>(172)) - new 3e5a13d1-053a-49e9-83b0-637d290f3a88@group-2D1B81CB9F8E-SegmentedRaftLogWorker for RaftStorage:Storage Directory /workdir/hadoop-ozone/integration-test/target/test-dir/MiniOzoneClusterImpl-d0ff48dc-faee-44ca-8dcc-f269a7262391/datanode-0/data/ratis/23017980-d0e6-4ee7-b9df-2d1b81cb9f8e
2019-09-25 12:39:09,432 [pool-127-thread-1] INFO  server.RaftServerConfigKeys (ConfUtils.java:logGet(43)) - raft.server.log.queue.byte-limit = 2147483647 (custom)
2019-09-25 12:39:09,432 [pool-127-thread-1] INFO  server.RaftServerConfigKeys (ConfUtils.java:logGet(43)) - raft.server.log.queue.element-limit = 1024 (custom)
2019-09-25 12:39:09,433 [pool-127-thread-1] INFO  server.RaftServerConfigKeys (ConfUtils.java:logGet(43)) - raft.server.log.segment.size.max = 1048576 (custom)
2019-09-25 12:39:09,433 [pool-127-thread-1] INFO  server.RaftServerConfigKeys (ConfUtils.java:logGet(43)) - raft.server.log.preallocated.size = 16384 (custom)
2019-09-25 12:39:09,433 [pool-127-thread-1] INFO  server.RaftServerConfigKeys (ConfUtils.java:logGet(43)) - raft.server.log.write.buffer.size = 33554432 (custom)
2019-09-25 12:39:09,433 [pool-127-thread-1] INFO  server.RaftServerConfigKeys (ConfUtils.java:logGet(43)) - raft.server.log.force.sync.num = 128 (default)
2019-09-25 12:39:09,433 [pool-127-thread-1] INFO  server.RaftServerConfigKeys (ConfUtils.java:logGet(43)) - raft.server.log.statemachine.data.sync = true (default)
2019-09-25 12:39:09,433 [pool-127-thread-1] INFO  server.RaftServerConfigKeys (ConfUtils.java:logGet(43)) - raft.server.log.statemachine.data.sync.timeout = 10s (default)
2019-09-25 12:39:09,433 [pool-127-thread-1] INFO  server.RaftServerConfigKeys (ConfUtils.java:logGet(43)) - raft.server.log.statemachine.data.sync.timeout.retry = -1 (default)
2019-09-25 12:39:09,434 [pool-127-thread-1] INFO  server.RaftServerConfigKeys (ConfUtils.java:logGet(43)) - raft.server.log.statemachine.data.caching.enabled = true (custom)
2019-09-25 12:39:09,434 [pool-127-thread-1] INFO  segmented.SegmentedRaftLogWorker (SegmentedRaftLogWorker.java:lambda$new$0(132)) - 3e5a13d1-053a-49e9-83b0-637d290f3a88@group-2D1B81CB9F8E-SegmentedRaftLogWorker: flushIndex: setUnconditionally 0 -> -1
2019-09-25 12:39:09,434 [pool-127-thread-1] INFO  server.RaftServerConfigKeys (ConfUtils.java:logGet(43)) - raft.server.snapshot.auto.trigger.enabled = true (custom)
2019-09-25 12:39:09,434 [pool-127-thread-1] INFO  server.RaftServerConfigKeys (ConfUtils.java:logGet(43)) - raft.server.snapshot.auto.trigger.threshold = 10000 (custom)
2019-09-25 12:39:09,434 [pool-127-thread-1] INFO  server.RaftServerConfigKeys (ConfUtils.java:logGet(43)) - raft.server.snapshot.retention.num.files = 5 (custom)
2019-09-25 12:39:09,436 [pool-127-thread-1] INFO  server.RaftServerConfigKeys (ConfUtils.java:logGet(43)) - raft.server.retrycache.expirytime = 600000ms (custom)
2019-09-25 12:39:09,437 [IPC Server handler 1 on 40649] INFO  net.NetworkTopology (NetworkTopologyImpl.java:add(111)) - Added a new node: /default-rack/0c10ee7a-d1f3-4d15-a97d-be3bd840fe5f
2019-09-25 12:39:09,437 [IPC Server handler 1 on 40649] INFO  node.SCMNodeManager (SCMNodeManager.java:register(266)) - Registered Data node : 0c10ee7a-d1f3-4d15-a97d-be3bd840fe5f{ip: 192.168.151.73, host: pr-hdds-1569-shd4m-3693607622, networkLocation: /default-rack, certSerialId: null}
2019-09-25 12:39:09,438 [pool-127-thread-1] INFO  impl.RaftServerImpl (RaftServerImpl.java:start(185)) - 3e5a13d1-053a-49e9-83b0-637d290f3a88@group-2D1B81CB9F8E: start as a follower, conf=-1: [3e5a13d1-053a-49e9-83b0-637d290f3a88:192.168.151.73:45887], old=null
2019-09-25 12:39:09,438 [pool-127-thread-1] INFO  impl.RaftServerImpl (RaftServerImpl.java:setRole(174)) - 3e5a13d1-053a-49e9-83b0-637d290f3a88@group-2D1B81CB9F8E: changes role from      null to FOLLOWER at term 0 for startAsFollower
2019-09-25 12:39:09,438 [pool-127-thread-1] INFO  impl.RoleInfo (RoleInfo.java:updateAndGet(143)) - 3e5a13d1-053a-49e9-83b0-637d290f3a88: start FollowerState
2019-09-25 12:39:09,438 [pool-127-thread-1] INFO  util.JmxRegister (JmxRegister.java:tryRegister(44)) - Successfully registered JMX Bean with object name Ratis:service=RaftServer,group=group-2D1B81CB9F8E,id=3e5a13d1-053a-49e9-83b0-637d290f3a88
2019-09-25 12:39:09,442 [RatisPipelineUtilsThread] INFO  pipeline.PipelineStateManager (PipelineStateManager.java:addPipeline(56)) - Created pipeline Pipeline[ Id: 23017980-d0e6-4ee7-b9df-2d1b81cb9f8e, Nodes: 3e5a13d1-053a-49e9-83b0-637d290f3a88{ip: 192.168.151.73, host: pr-hdds-1569-shd4m-3693607622, networkLocation: /default-rack, certSerialId: null}, Type:RATIS, Factor:ONE, State:OPEN]
2019-09-25 12:39:09,450 [grpc-default-executor-0] INFO  impl.RaftServerProxy (RaftServerProxy.java:addNew(89)) - 0c10ee7a-d1f3-4d15-a97d-be3bd840fe5f: addNew group-682FC758245E:[0c10ee7a-d1f3-4d15-a97d-be3bd840fe5f:192.168.151.73:37077] returns group-682FC758245E:java.util.concurrent.CompletableFuture@7a90e7ef[Not completed]
2019-09-25 12:39:09,451 [pool-137-thread-1] INFO  impl.RaftServerImpl (RaftServerImpl.java:<init>(95)) - 0c10ee7a-d1f3-4d15-a97d-be3bd840fe5f: new RaftServerImpl for group-682FC758245E:[0c10ee7a-d1f3-4d15-a97d-be3bd840fe5f:192.168.151.73:37077] with ContainerStateMachine:uninitialized
2019-09-25 12:39:09,451 [pool-137-thread-1] INFO  server.RaftServerConfigKeys (ConfUtils.java:logGet(43)) - raft.server.rpc.timeout.min = 5s (custom)
2019-09-25 12:39:09,451 [pool-137-thread-1] INFO  server.RaftServerConfigKeys (ConfUtils.java:logGet(43)) - raft.server.rpc.timeout.max = 5200ms (custom)
2019-09-25 12:39:09,451 [pool-137-thread-1] INFO  server.RaftServerConfigKeys (ConfUtils.java:logGet(43)) - raft.server.rpcslowness.timeout = 120s (custom)
2019-09-25 12:39:09,451 [pool-137-thread-1] INFO  server.RaftServerConfigKeys (ConfUtils.java:logGet(43)) - raft.server.sleep.deviation.threshold = 300 (default)
2019-09-25 12:39:09,451 [pool-137-thread-1] INFO  server.RaftServerConfigKeys (ConfUtils.java:logGet(43)) - raft.server.log.appender.install.snapshot.enabled = false (custom)
2019-09-25 12:39:09,451 [pool-137-thread-1] INFO  impl.RaftServerImpl (ServerState.java:<init>(103)) - 0c10ee7a-d1f3-4d15-a97d-be3bd840fe5f@group-682FC758245E: ConfigurationManager, init=-1: [0c10ee7a-d1f3-4d15-a97d-be3bd840fe5f:192.168.151.73:37077], old=null, confs=<EMPTY_MAP>
2019-09-25 12:39:09,451 [pool-137-thread-1] INFO  server.RaftServerConfigKeys (ConfUtils.java:logGet(43)) - raft.server.storage.dir = [/workdir/hadoop-ozone/integration-test/target/test-dir/MiniOzoneClusterImpl-d0ff48dc-faee-44ca-8dcc-f269a7262391/datanode-1/data/ratis] (custom)
2019-09-25 12:39:09,452 [pool-137-thread-1] INFO  storage.RaftStorageDirectory (RaftStorageDirectory.java:analyzeStorage(246)) - The storage directory /workdir/hadoop-ozone/integration-test/target/test-dir/MiniOzoneClusterImpl-d0ff48dc-faee-44ca-8dcc-f269a7262391/datanode-1/data/ratis/a52e35ab-1ebb-4d23-8903-682fc758245e does not exist. Creating ...
2019-09-25 12:39:09,465 [pool-137-thread-1] INFO  storage.RaftStorageDirectory (RaftStorageDirectory.java:tryLock(328)) - Lock on /workdir/hadoop-ozone/integration-test/target/test-dir/MiniOzoneClusterImpl-d0ff48dc-faee-44ca-8dcc-f269a7262391/datanode-1/data/ratis/a52e35ab-1ebb-4d23-8903-682fc758245e/in_use.lock acquired by nodename 9642@pr-hdds-1569-shd4m-3693607622
2019-09-25 12:39:09,477 [pool-137-thread-1] INFO  storage.RaftStorage (RaftStorage.java:format(72)) - Storage directory /workdir/hadoop-ozone/integration-test/target/test-dir/MiniOzoneClusterImpl-d0ff48dc-faee-44ca-8dcc-f269a7262391/datanode-1/data/ratis/a52e35ab-1ebb-4d23-8903-682fc758245e has been successfully formatted.
2019-09-25 12:39:09,477 [pool-137-thread-1] INFO  ratis.ContainerStateMachine (ContainerStateMachine.java:loadSnapshot(230)) - group-682FC758245E: The snapshot info is null. Setting the last applied indexto:(t:0, i:~)
2019-09-25 12:39:09,477 [pool-137-thread-1] INFO  server.RaftServerConfigKeys (ConfUtils.java:logGet(43)) - raft.server.notification.no-leader.timeout = 120s (custom)
2019-09-25 12:39:09,478 [pool-137-thread-1] INFO  server.RaftServerConfigKeys (ConfUtils.java:logGet(43)) - raft.server.log.use.memory = false (default)
2019-09-25 12:39:09,478 [pool-137-thread-1] INFO  server.RaftServerConfigKeys (ConfUtils.java:logGet(43)) - raft.server.log.purge.gap = 1000000 (custom)
2019-09-25 12:39:09,478 [pool-137-thread-1] INFO  server.RaftServerConfigKeys (ConfUtils.java:logGet(43)) - raft.server.log.appender.buffer.byte-limit = 33554432 (custom)
2019-09-25 12:39:09,478 [pool-137-thread-1] INFO  server.RaftServerConfigKeys (ConfUtils.java:logGet(43)) - raft.server.log.segment.size.max = 1048576 (custom)
2019-09-25 12:39:09,478 [pool-137-thread-1] INFO  server.RaftServerConfigKeys (ConfUtils.java:logGet(43)) - raft.server.log.segment.cache.num.max = 2 (custom)
2019-09-25 12:39:09,478 [pool-137-thread-1] INFO  segmented.SegmentedRaftLogWorker (SegmentedRaftLogWorker.java:<init>(172)) - new 0c10ee7a-d1f3-4d15-a97d-be3bd840fe5f@group-682FC758245E-SegmentedRaftLogWorker for RaftStorage:Storage Directory /workdir/hadoop-ozone/integration-test/target/test-dir/MiniOzoneClusterImpl-d0ff48dc-faee-44ca-8dcc-f269a7262391/datanode-1/data/ratis/a52e35ab-1ebb-4d23-8903-682fc758245e
2019-09-25 12:39:09,480 [pool-137-thread-1] INFO  server.RaftServerConfigKeys (ConfUtils.java:logGet(43)) - raft.server.log.queue.byte-limit = 2147483647 (custom)
2019-09-25 12:39:09,480 [pool-137-thread-1] INFO  server.RaftServerConfigKeys (ConfUtils.java:logGet(43)) - raft.server.log.queue.element-limit = 1024 (custom)
2019-09-25 12:39:09,480 [pool-137-thread-1] INFO  server.RaftServerConfigKeys (ConfUtils.java:logGet(43)) - raft.server.log.segment.size.max = 1048576 (custom)
2019-09-25 12:39:09,480 [pool-137-thread-1] INFO  server.RaftServerConfigKeys (ConfUtils.java:logGet(43)) - raft.server.log.preallocated.size = 16384 (custom)
2019-09-25 12:39:09,480 [pool-137-thread-1] INFO  server.RaftServerConfigKeys (ConfUtils.java:logGet(43)) - raft.server.log.write.buffer.size = 33554432 (custom)
2019-09-25 12:39:09,480 [pool-137-thread-1] INFO  server.RaftServerConfigKeys (ConfUtils.java:logGet(43)) - raft.server.log.force.sync.num = 128 (default)
2019-09-25 12:39:09,480 [pool-137-thread-1] INFO  server.RaftServerConfigKeys (ConfUtils.java:logGet(43)) - raft.server.log.statemachine.data.sync = true (default)
2019-09-25 12:39:09,480 [pool-137-thread-1] INFO  server.RaftServerConfigKeys (ConfUtils.java:logGet(43)) - raft.server.log.statemachine.data.sync.timeout = 10s (default)
2019-09-25 12:39:09,480 [pool-137-thread-1] INFO  server.RaftServerConfigKeys (ConfUtils.java:logGet(43)) - raft.server.log.statemachine.data.sync.timeout.retry = -1 (default)
2019-09-25 12:39:09,481 [pool-137-thread-1] INFO  server.RaftServerConfigKeys (ConfUtils.java:logGet(43)) - raft.server.log.statemachine.data.caching.enabled = true (custom)
2019-09-25 12:39:09,481 [pool-137-thread-1] INFO  segmented.SegmentedRaftLogWorker (SegmentedRaftLogWorker.java:lambda$new$0(132)) - 0c10ee7a-d1f3-4d15-a97d-be3bd840fe5f@group-682FC758245E-SegmentedRaftLogWorker: flushIndex: setUnconditionally 0 -> -1
2019-09-25 12:39:09,481 [pool-137-thread-1] INFO  server.RaftServerConfigKeys (ConfUtils.java:logGet(43)) - raft.server.snapshot.auto.trigger.enabled = true (custom)
2019-09-25 12:39:09,481 [pool-137-thread-1] INFO  server.RaftServerConfigKeys (ConfUtils.java:logGet(43)) - raft.server.snapshot.auto.trigger.threshold = 10000 (custom)
2019-09-25 12:39:09,481 [pool-137-thread-1] INFO  server.RaftServerConfigKeys (ConfUtils.java:logGet(43)) - raft.server.snapshot.retention.num.files = 5 (custom)
2019-09-25 12:39:09,481 [pool-137-thread-1] INFO  server.RaftServerConfigKeys (ConfUtils.java:logGet(43)) - raft.server.retrycache.expirytime = 600000ms (custom)
2019-09-25 12:39:09,483 [pool-137-thread-1] INFO  impl.RaftServerImpl (RaftServerImpl.java:start(185)) - 0c10ee7a-d1f3-4d15-a97d-be3bd840fe5f@group-682FC758245E: start as a follower, conf=-1: [0c10ee7a-d1f3-4d15-a97d-be3bd840fe5f:192.168.151.73:37077], old=null
2019-09-25 12:39:09,483 [pool-137-thread-1] INFO  impl.RaftServerImpl (RaftServerImpl.java:setRole(174)) - 0c10ee7a-d1f3-4d15-a97d-be3bd840fe5f@group-682FC758245E: changes role from      null to FOLLOWER at term 0 for startAsFollower
2019-09-25 12:39:09,483 [pool-137-thread-1] INFO  impl.RoleInfo (RoleInfo.java:updateAndGet(143)) - 0c10ee7a-d1f3-4d15-a97d-be3bd840fe5f: start FollowerState
2019-09-25 12:39:09,483 [pool-137-thread-1] INFO  util.JmxRegister (JmxRegister.java:tryRegister(44)) - Successfully registered JMX Bean with object name Ratis:service=RaftServer,group=group-682FC758245E,id=0c10ee7a-d1f3-4d15-a97d-be3bd840fe5f
2019-09-25 12:39:09,487 [RatisPipelineUtilsThread] INFO  pipeline.PipelineStateManager (PipelineStateManager.java:addPipeline(56)) - Created pipeline Pipeline[ Id: a52e35ab-1ebb-4d23-8903-682fc758245e, Nodes: 0c10ee7a-d1f3-4d15-a97d-be3bd840fe5f{ip: 192.168.151.73, host: pr-hdds-1569-shd4m-3693607622, networkLocation: /default-rack, certSerialId: null}, Type:RATIS, Factor:ONE, State:OPEN]
2019-09-25 12:39:09,495 [grpc-default-executor-0] INFO  impl.RaftServerProxy (RaftServerProxy.java:addNew(89)) - 3e5a13d1-053a-49e9-83b0-637d290f3a88: addNew group-E1D300630294:[3e5a13d1-053a-49e9-83b0-637d290f3a88:192.168.151.73:45887] returns group-E1D300630294:java.util.concurrent.CompletableFuture@5d647771[Not completed]
2019-09-25 12:39:09,497 [pool-127-thread-1] INFO  impl.RaftServerImpl (RaftServerImpl.java:<init>(95)) - 3e5a13d1-053a-49e9-83b0-637d290f3a88: new RaftServerImpl for group-E1D300630294:[3e5a13d1-053a-49e9-83b0-637d290f3a88:192.168.151.73:45887] with ContainerStateMachine:uninitialized
2019-09-25 12:39:09,497 [pool-127-thread-1] INFO  server.RaftServerConfigKeys (ConfUtils.java:logGet(43)) - raft.server.rpc.timeout.min = 5s (custom)
2019-09-25 12:39:09,497 [pool-127-thread-1] INFO  server.RaftServerConfigKeys (ConfUtils.java:logGet(43)) - raft.server.rpc.timeout.max = 5200ms (custom)
2019-09-25 12:39:09,497 [pool-127-thread-1] INFO  server.RaftServerConfigKeys (ConfUtils.java:logGet(43)) - raft.server.rpcslowness.timeout = 120s (custom)
2019-09-25 12:39:09,498 [pool-127-thread-1] INFO  server.RaftServerConfigKeys (ConfUtils.java:logGet(43)) - raft.server.sleep.deviation.threshold = 300 (default)
2019-09-25 12:39:09,498 [pool-127-thread-1] INFO  server.RaftServerConfigKeys (ConfUtils.java:logGet(43)) - raft.server.log.appender.install.snapshot.enabled = false (custom)
2019-09-25 12:39:09,498 [pool-127-thread-1] INFO  impl.RaftServerImpl (ServerState.java:<init>(103)) - 3e5a13d1-053a-49e9-83b0-637d290f3a88@group-E1D300630294: ConfigurationManager, init=-1: [3e5a13d1-053a-49e9-83b0-637d290f3a88:192.168.151.73:45887], old=null, confs=<EMPTY_MAP>
2019-09-25 12:39:09,498 [pool-127-thread-1] INFO  server.RaftServerConfigKeys (ConfUtils.java:logGet(43)) - raft.server.storage.dir = [/workdir/hadoop-ozone/integration-test/target/test-dir/MiniOzoneClusterImpl-d0ff48dc-faee-44ca-8dcc-f269a7262391/datanode-0/data/ratis] (custom)
2019-09-25 12:39:09,499 [pool-127-thread-1] INFO  storage.RaftStorageDirectory (RaftStorageDirectory.java:analyzeStorage(246)) - The storage directory /workdir/hadoop-ozone/integration-test/target/test-dir/MiniOzoneClusterImpl-d0ff48dc-faee-44ca-8dcc-f269a7262391/datanode-0/data/ratis/12af7ba6-2b10-45fc-8d8e-e1d300630294 does not exist. Creating ...
2019-09-25 12:39:09,501 [main] INFO  ozone.MiniOzoneClusterImpl (MiniOzoneClusterImpl.java:lambda$waitForClusterToBeReady$0(147)) - Waiting for cluster to be ready. Got 2 of 3 DN Heartbeats.
2019-09-25 12:39:09,503 [IPC Server handler 2 on 40649] INFO  net.NetworkTopology (NetworkTopologyImpl.java:add(111)) - Added a new node: /default-rack/f7c49c51-1121-4e1e-9c01-74e537549b8a
2019-09-25 12:39:09,503 [IPC Server handler 2 on 40649] INFO  node.SCMNodeManager (SCMNodeManager.java:register(266)) - Registered Data node : f7c49c51-1121-4e1e-9c01-74e537549b8a{ip: 192.168.151.73, host: pr-hdds-1569-shd4m-3693607622, networkLocation: /default-rack, certSerialId: null}
2019-09-25 12:39:09,513 [pool-127-thread-1] INFO  storage.RaftStorageDirectory (RaftStorageDirectory.java:tryLock(328)) - Lock on /workdir/hadoop-ozone/integration-test/target/test-dir/MiniOzoneClusterImpl-d0ff48dc-faee-44ca-8dcc-f269a7262391/datanode-0/data/ratis/12af7ba6-2b10-45fc-8d8e-e1d300630294/in_use.lock acquired by nodename 9642@pr-hdds-1569-shd4m-3693607622
2019-09-25 12:39:09,526 [pool-127-thread-1] INFO  storage.RaftStorage (RaftStorage.java:format(72)) - Storage directory /workdir/hadoop-ozone/integration-test/target/test-dir/MiniOzoneClusterImpl-d0ff48dc-faee-44ca-8dcc-f269a7262391/datanode-0/data/ratis/12af7ba6-2b10-45fc-8d8e-e1d300630294 has been successfully formatted.
2019-09-25 12:39:09,527 [pool-127-thread-1] INFO  ratis.ContainerStateMachine (ContainerStateMachine.java:loadSnapshot(230)) - group-E1D300630294: The snapshot info is null. Setting the last applied indexto:(t:0, i:~)
2019-09-25 12:39:09,527 [pool-127-thread-1] INFO  server.RaftServerConfigKeys (ConfUtils.java:logGet(43)) - raft.server.notification.no-leader.timeout = 120s (custom)
2019-09-25 12:39:09,527 [pool-127-thread-1] INFO  server.RaftServerConfigKeys (ConfUtils.java:logGet(43)) - raft.server.log.use.memory = false (default)
2019-09-25 12:39:09,527 [pool-127-thread-1] INFO  server.RaftServerConfigKeys (ConfUtils.java:logGet(43)) - raft.server.log.purge.gap = 1000000 (custom)
2019-09-25 12:39:09,528 [pool-127-thread-1] INFO  server.RaftServerConfigKeys (ConfUtils.java:logGet(43)) - raft.server.log.appender.buffer.byte-limit = 33554432 (custom)
2019-09-25 12:39:09,528 [pool-127-thread-1] INFO  server.RaftServerConfigKeys (ConfUtils.java:logGet(43)) - raft.server.log.segment.size.max = 1048576 (custom)
2019-09-25 12:39:09,528 [pool-127-thread-1] INFO  server.RaftServerConfigKeys (ConfUtils.java:logGet(43)) - raft.server.log.segment.cache.num.max = 2 (custom)
2019-09-25 12:39:09,528 [pool-127-thread-1] INFO  segmented.SegmentedRaftLogWorker (SegmentedRaftLogWorker.java:<init>(172)) - new 3e5a13d1-053a-49e9-83b0-637d290f3a88@group-E1D300630294-SegmentedRaftLogWorker for RaftStorage:Storage Directory /workdir/hadoop-ozone/integration-test/target/test-dir/MiniOzoneClusterImpl-d0ff48dc-faee-44ca-8dcc-f269a7262391/datanode-0/data/ratis/12af7ba6-2b10-45fc-8d8e-e1d300630294
2019-09-25 12:39:09,528 [pool-127-thread-1] INFO  server.RaftServerConfigKeys (ConfUtils.java:logGet(43)) - raft.server.log.queue.byte-limit = 2147483647 (custom)
2019-09-25 12:39:09,528 [pool-127-thread-1] INFO  server.RaftServerConfigKeys (ConfUtils.java:logGet(43)) - raft.server.log.queue.element-limit = 1024 (custom)
2019-09-25 12:39:09,529 [pool-127-thread-1] INFO  server.RaftServerConfigKeys (ConfUtils.java:logGet(43)) - raft.server.log.segment.size.max = 1048576 (custom)
2019-09-25 12:39:09,529 [pool-127-thread-1] INFO  server.RaftServerConfigKeys (ConfUtils.java:logGet(43)) - raft.server.log.preallocated.size = 16384 (custom)
2019-09-25 12:39:09,529 [pool-127-thread-1] INFO  server.RaftServerConfigKeys (ConfUtils.java:logGet(43)) - raft.server.log.write.buffer.size = 33554432 (custom)
2019-09-25 12:39:09,529 [pool-127-thread-1] INFO  server.RaftServerConfigKeys (ConfUtils.java:logGet(43)) - raft.server.log.force.sync.num = 128 (default)
2019-09-25 12:39:09,529 [pool-127-thread-1] INFO  server.RaftServerConfigKeys (ConfUtils.java:logGet(43)) - raft.server.log.statemachine.data.sync = true (default)
2019-09-25 12:39:09,529 [pool-127-thread-1] INFO  server.RaftServerConfigKeys (ConfUtils.java:logGet(43)) - raft.server.log.statemachine.data.sync.timeout = 10s (default)
2019-09-25 12:39:09,530 [pool-127-thread-1] INFO  server.RaftServerConfigKeys (ConfUtils.java:logGet(43)) - raft.server.log.statemachine.data.sync.timeout.retry = -1 (default)
2019-09-25 12:39:09,530 [pool-127-thread-1] INFO  server.RaftServerConfigKeys (ConfUtils.java:logGet(43)) - raft.server.log.statemachine.data.caching.enabled = true (custom)
2019-09-25 12:39:09,530 [pool-127-thread-1] INFO  segmented.SegmentedRaftLogWorker (SegmentedRaftLogWorker.java:lambda$new$0(132)) - 3e5a13d1-053a-49e9-83b0-637d290f3a88@group-E1D300630294-SegmentedRaftLogWorker: flushIndex: setUnconditionally 0 -> -1
2019-09-25 12:39:09,531 [pool-127-thread-1] INFO  server.RaftServerConfigKeys (ConfUtils.java:logGet(43)) - raft.server.snapshot.auto.trigger.enabled = true (custom)
2019-09-25 12:39:09,531 [pool-127-thread-1] INFO  server.RaftServerConfigKeys (ConfUtils.java:logGet(43)) - raft.server.snapshot.auto.trigger.threshold = 10000 (custom)
2019-09-25 12:39:09,531 [pool-127-thread-1] INFO  server.RaftServerConfigKeys (ConfUtils.java:logGet(43)) - raft.server.snapshot.retention.num.files = 5 (custom)
2019-09-25 12:39:09,531 [pool-127-thread-1] INFO  server.RaftServerConfigKeys (ConfUtils.java:logGet(43)) - raft.server.retrycache.expirytime = 600000ms (custom)
2019-09-25 12:39:09,534 [pool-127-thread-1] INFO  impl.RaftServerImpl (RaftServerImpl.java:start(185)) - 3e5a13d1-053a-49e9-83b0-637d290f3a88@group-E1D300630294: start as a follower, conf=-1: [3e5a13d1-053a-49e9-83b0-637d290f3a88:192.168.151.73:45887], old=null
2019-09-25 12:39:09,534 [pool-127-thread-1] INFO  impl.RaftServerImpl (RaftServerImpl.java:setRole(174)) - 3e5a13d1-053a-49e9-83b0-637d290f3a88@group-E1D300630294: changes role from      null to FOLLOWER at term 0 for startAsFollower
2019-09-25 12:39:09,534 [pool-127-thread-1] INFO  impl.RoleInfo (RoleInfo.java:updateAndGet(143)) - 3e5a13d1-053a-49e9-83b0-637d290f3a88: start FollowerState
2019-09-25 12:39:09,534 [pool-127-thread-1] INFO  util.JmxRegister (JmxRegister.java:tryRegister(44)) - Successfully registered JMX Bean with object name Ratis:service=RaftServer,group=group-E1D300630294,id=3e5a13d1-053a-49e9-83b0-637d290f3a88
2019-09-25 12:39:09,538 [RatisPipelineUtilsThread] INFO  pipeline.PipelineStateManager (PipelineStateManager.java:addPipeline(56)) - Created pipeline Pipeline[ Id: 12af7ba6-2b10-45fc-8d8e-e1d300630294, Nodes: 3e5a13d1-053a-49e9-83b0-637d290f3a88{ip: 192.168.151.73, host: pr-hdds-1569-shd4m-3693607622, networkLocation: /default-rack, certSerialId: null}, Type:RATIS, Factor:ONE, State:OPEN]
2019-09-25 12:39:09,550 [grpc-default-executor-0] INFO  impl.RaftServerProxy (RaftServerProxy.java:addNew(89)) - 3e5a13d1-053a-49e9-83b0-637d290f3a88: addNew group-87313E6AA964:[3e5a13d1-053a-49e9-83b0-637d290f3a88:192.168.151.73:45887] returns group-87313E6AA964:java.util.concurrent.CompletableFuture@61948b72[Not completed]
2019-09-25 12:39:09,552 [pool-127-thread-1] INFO  impl.RaftServerImpl (RaftServerImpl.java:<init>(95)) - 3e5a13d1-053a-49e9-83b0-637d290f3a88: new RaftServerImpl for group-87313E6AA964:[3e5a13d1-053a-49e9-83b0-637d290f3a88:192.168.151.73:45887] with ContainerStateMachine:uninitialized
2019-09-25 12:39:09,552 [pool-127-thread-1] INFO  server.RaftServerConfigKeys (ConfUtils.java:logGet(43)) - raft.server.rpc.timeout.min = 5s (custom)
2019-09-25 12:39:09,552 [pool-127-thread-1] INFO  server.RaftServerConfigKeys (ConfUtils.java:logGet(43)) - raft.server.rpc.timeout.max = 5200ms (custom)
2019-09-25 12:39:09,552 [pool-127-thread-1] INFO  server.RaftServerConfigKeys (ConfUtils.java:logGet(43)) - raft.server.rpcslowness.timeout = 120s (custom)
2019-09-25 12:39:09,552 [pool-127-thread-1] INFO  server.RaftServerConfigKeys (ConfUtils.java:logGet(43)) - raft.server.sleep.deviation.threshold = 300 (default)
2019-09-25 12:39:09,552 [pool-127-thread-1] INFO  server.RaftServerConfigKeys (ConfUtils.java:logGet(43)) - raft.server.log.appender.install.snapshot.enabled = false (custom)
2019-09-25 12:39:09,553 [pool-127-thread-1] INFO  impl.RaftServerImpl (ServerState.java:<init>(103)) - 3e5a13d1-053a-49e9-83b0-637d290f3a88@group-87313E6AA964: ConfigurationManager, init=-1: [3e5a13d1-053a-49e9-83b0-637d290f3a88:192.168.151.73:45887], old=null, confs=<EMPTY_MAP>
2019-09-25 12:39:09,553 [pool-127-thread-1] INFO  server.RaftServerConfigKeys (ConfUtils.java:logGet(43)) - raft.server.storage.dir = [/workdir/hadoop-ozone/integration-test/target/test-dir/MiniOzoneClusterImpl-d0ff48dc-faee-44ca-8dcc-f269a7262391/datanode-0/data/ratis] (custom)
2019-09-25 12:39:09,553 [pool-127-thread-1] INFO  storage.RaftStorageDirectory (RaftStorageDirectory.java:analyzeStorage(246)) - The storage directory /workdir/hadoop-ozone/integration-test/target/test-dir/MiniOzoneClusterImpl-d0ff48dc-faee-44ca-8dcc-f269a7262391/datanode-0/data/ratis/181dec23-7673-4a44-beef-87313e6aa964 does not exist. Creating ...
2019-09-25 12:39:09,566 [pool-127-thread-1] INFO  storage.RaftStorageDirectory (RaftStorageDirectory.java:tryLock(328)) - Lock on /workdir/hadoop-ozone/integration-test/target/test-dir/MiniOzoneClusterImpl-d0ff48dc-faee-44ca-8dcc-f269a7262391/datanode-0/data/ratis/181dec23-7673-4a44-beef-87313e6aa964/in_use.lock acquired by nodename 9642@pr-hdds-1569-shd4m-3693607622
2019-09-25 12:39:09,578 [pool-127-thread-1] INFO  storage.RaftStorage (RaftStorage.java:format(72)) - Storage directory /workdir/hadoop-ozone/integration-test/target/test-dir/MiniOzoneClusterImpl-d0ff48dc-faee-44ca-8dcc-f269a7262391/datanode-0/data/ratis/181dec23-7673-4a44-beef-87313e6aa964 has been successfully formatted.
2019-09-25 12:39:09,579 [pool-127-thread-1] INFO  ratis.ContainerStateMachine (ContainerStateMachine.java:loadSnapshot(230)) - group-87313E6AA964: The snapshot info is null. Setting the last applied indexto:(t:0, i:~)
2019-09-25 12:39:09,579 [pool-127-thread-1] INFO  server.RaftServerConfigKeys (ConfUtils.java:logGet(43)) - raft.server.notification.no-leader.timeout = 120s (custom)
2019-09-25 12:39:09,579 [pool-127-thread-1] INFO  server.RaftServerConfigKeys (ConfUtils.java:logGet(43)) - raft.server.log.use.memory = false (default)
2019-09-25 12:39:09,579 [pool-127-thread-1] INFO  server.RaftServerConfigKeys (ConfUtils.java:logGet(43)) - raft.server.log.purge.gap = 1000000 (custom)
2019-09-25 12:39:09,579 [pool-127-thread-1] INFO  server.RaftServerConfigKeys (ConfUtils.java:logGet(43)) - raft.server.log.appender.buffer.byte-limit = 33554432 (custom)
2019-09-25 12:39:09,580 [pool-127-thread-1] INFO  server.RaftServerConfigKeys (ConfUtils.java:logGet(43)) - raft.server.log.segment.size.max = 1048576 (custom)
2019-09-25 12:39:09,580 [pool-127-thread-1] INFO  server.RaftServerConfigKeys (ConfUtils.java:logGet(43)) - raft.server.log.segment.cache.num.max = 2 (custom)
2019-09-25 12:39:09,580 [pool-127-thread-1] INFO  segmented.SegmentedRaftLogWorker (SegmentedRaftLogWorker.java:<init>(172)) - new 3e5a13d1-053a-49e9-83b0-637d290f3a88@group-87313E6AA964-SegmentedRaftLogWorker for RaftStorage:Storage Directory /workdir/hadoop-ozone/integration-test/target/test-dir/MiniOzoneClusterImpl-d0ff48dc-faee-44ca-8dcc-f269a7262391/datanode-0/data/ratis/181dec23-7673-4a44-beef-87313e6aa964
2019-09-25 12:39:09,580 [pool-127-thread-1] INFO  server.RaftServerConfigKeys (ConfUtils.java:logGet(43)) - raft.server.log.queue.byte-limit = 2147483647 (custom)
2019-09-25 12:39:09,580 [pool-127-thread-1] INFO  server.RaftServerConfigKeys (ConfUtils.java:logGet(43)) - raft.server.log.queue.element-limit = 1024 (custom)
2019-09-25 12:39:09,581 [pool-127-thread-1] INFO  server.RaftServerConfigKeys (ConfUtils.java:logGet(43)) - raft.server.log.segment.size.max = 1048576 (custom)
2019-09-25 12:39:09,581 [pool-127-thread-1] INFO  server.RaftServerConfigKeys (ConfUtils.java:logGet(43)) - raft.server.log.preallocated.size = 16384 (custom)
2019-09-25 12:39:09,581 [pool-127-thread-1] INFO  server.RaftServerConfigKeys (ConfUtils.java:logGet(43)) - raft.server.log.write.buffer.size = 33554432 (custom)
2019-09-25 12:39:09,581 [pool-127-thread-1] INFO  server.RaftServerConfigKeys (ConfUtils.java:logGet(43)) - raft.server.log.force.sync.num = 128 (default)
2019-09-25 12:39:09,581 [pool-127-thread-1] INFO  server.RaftServerConfigKeys (ConfUtils.java:logGet(43)) - raft.server.log.statemachine.data.sync = true (default)
2019-09-25 12:39:09,581 [pool-127-thread-1] INFO  server.RaftServerConfigKeys (ConfUtils.java:logGet(43)) - raft.server.log.statemachine.data.sync.timeout = 10s (default)
2019-09-25 12:39:09,582 [pool-127-thread-1] INFO  server.RaftServerConfigKeys (ConfUtils.java:logGet(43)) - raft.server.log.statemachine.data.sync.timeout.retry = -1 (default)
2019-09-25 12:39:09,582 [pool-127-thread-1] INFO  server.RaftServerConfigKeys (ConfUtils.java:logGet(43)) - raft.server.log.statemachine.data.caching.enabled = true (custom)
2019-09-25 12:39:09,582 [pool-127-thread-1] INFO  segmented.SegmentedRaftLogWorker (SegmentedRaftLogWorker.java:lambda$new$0(132)) - 3e5a13d1-053a-49e9-83b0-637d290f3a88@group-87313E6AA964-SegmentedRaftLogWorker: flushIndex: setUnconditionally 0 -> -1
2019-09-25 12:39:09,583 [pool-127-thread-1] INFO  server.RaftServerConfigKeys (ConfUtils.java:logGet(43)) - raft.server.snapshot.auto.trigger.enabled = true (custom)
2019-09-25 12:39:09,583 [pool-127-thread-1] INFO  server.RaftServerConfigKeys (ConfUtils.java:logGet(43)) - raft.server.snapshot.auto.trigger.threshold = 10000 (custom)
2019-09-25 12:39:09,583 [pool-127-thread-1] INFO  server.RaftServerConfigKeys (ConfUtils.java:logGet(43)) - raft.server.snapshot.retention.num.files = 5 (custom)
2019-09-25 12:39:09,583 [pool-127-thread-1] INFO  server.RaftServerConfigKeys (ConfUtils.java:logGet(43)) - raft.server.retrycache.expirytime = 600000ms (custom)
2019-09-25 12:39:09,586 [pool-127-thread-1] INFO  impl.RaftServerImpl (RaftServerImpl.java:start(185)) - 3e5a13d1-053a-49e9-83b0-637d290f3a88@group-87313E6AA964: start as a follower, conf=-1: [3e5a13d1-053a-49e9-83b0-637d290f3a88:192.168.151.73:45887], old=null
2019-09-25 12:39:09,586 [pool-127-thread-1] INFO  impl.RaftServerImpl (RaftServerImpl.java:setRole(174)) - 3e5a13d1-053a-49e9-83b0-637d290f3a88@group-87313E6AA964: changes role from      null to FOLLOWER at term 0 for startAsFollower
2019-09-25 12:39:09,586 [pool-127-thread-1] INFO  impl.RoleInfo (RoleInfo.java:updateAndGet(143)) - 3e5a13d1-053a-49e9-83b0-637d290f3a88: start FollowerState
2019-09-25 12:39:09,590 [pool-127-thread-1] INFO  util.JmxRegister (JmxRegister.java:tryRegister(44)) - Successfully registered JMX Bean with object name Ratis:service=RaftServer,group=group-87313E6AA964,id=3e5a13d1-053a-49e9-83b0-637d290f3a88
2019-09-25 12:39:09,598 [RatisPipelineUtilsThread] INFO  pipeline.PipelineStateManager (PipelineStateManager.java:addPipeline(56)) - Created pipeline Pipeline[ Id: 181dec23-7673-4a44-beef-87313e6aa964, Nodes: 3e5a13d1-053a-49e9-83b0-637d290f3a88{ip: 192.168.151.73, host: pr-hdds-1569-shd4m-3693607622, networkLocation: /default-rack, certSerialId: null}, Type:RATIS, Factor:ONE, State:OPEN]
2019-09-25 12:39:09,603 [grpc-default-executor-0] INFO  impl.RaftServerProxy (RaftServerProxy.java:addNew(89)) - 3e5a13d1-053a-49e9-83b0-637d290f3a88: addNew group-E9B319D04580:[3e5a13d1-053a-49e9-83b0-637d290f3a88:192.168.151.73:45887] returns group-E9B319D04580:java.util.concurrent.CompletableFuture@2b63bada[Not completed]
2019-09-25 12:39:09,604 [pool-127-thread-1] INFO  impl.RaftServerImpl (RaftServerImpl.java:<init>(95)) - 3e5a13d1-053a-49e9-83b0-637d290f3a88: new RaftServerImpl for group-E9B319D04580:[3e5a13d1-053a-49e9-83b0-637d290f3a88:192.168.151.73:45887] with ContainerStateMachine:uninitialized
2019-09-25 12:39:09,605 [pool-127-thread-1] INFO  server.RaftServerConfigKeys (ConfUtils.java:logGet(43)) - raft.server.rpc.timeout.min = 5s (custom)
2019-09-25 12:39:09,605 [pool-127-thread-1] INFO  server.RaftServerConfigKeys (ConfUtils.java:logGet(43)) - raft.server.rpc.timeout.max = 5200ms (custom)
2019-09-25 12:39:09,605 [pool-127-thread-1] INFO  server.RaftServerConfigKeys (ConfUtils.java:logGet(43)) - raft.server.rpcslowness.timeout = 120s (custom)
2019-09-25 12:39:09,605 [pool-127-thread-1] INFO  server.RaftServerConfigKeys (ConfUtils.java:logGet(43)) - raft.server.sleep.deviation.threshold = 300 (default)
2019-09-25 12:39:09,605 [pool-127-thread-1] INFO  server.RaftServerConfigKeys (ConfUtils.java:logGet(43)) - raft.server.log.appender.install.snapshot.enabled = false (custom)
2019-09-25 12:39:09,605 [pool-127-thread-1] INFO  impl.RaftServerImpl (ServerState.java:<init>(103)) - 3e5a13d1-053a-49e9-83b0-637d290f3a88@group-E9B319D04580: ConfigurationManager, init=-1: [3e5a13d1-053a-49e9-83b0-637d290f3a88:192.168.151.73:45887], old=null, confs=<EMPTY_MAP>
2019-09-25 12:39:09,605 [pool-127-thread-1] INFO  server.RaftServerConfigKeys (ConfUtils.java:logGet(43)) - raft.server.storage.dir = [/workdir/hadoop-ozone/integration-test/target/test-dir/MiniOzoneClusterImpl-d0ff48dc-faee-44ca-8dcc-f269a7262391/datanode-0/data/ratis] (custom)
2019-09-25 12:39:09,606 [pool-127-thread-1] INFO  storage.RaftStorageDirectory (RaftStorageDirectory.java:analyzeStorage(246)) - The storage directory /workdir/hadoop-ozone/integration-test/target/test-dir/MiniOzoneClusterImpl-d0ff48dc-faee-44ca-8dcc-f269a7262391/datanode-0/data/ratis/46e49854-8939-4bf2-8ad2-e9b319d04580 does not exist. Creating ...
2019-09-25 12:39:09,618 [pool-127-thread-1] INFO  storage.RaftStorageDirectory (RaftStorageDirectory.java:tryLock(328)) - Lock on /workdir/hadoop-ozone/integration-test/target/test-dir/MiniOzoneClusterImpl-d0ff48dc-faee-44ca-8dcc-f269a7262391/datanode-0/data/ratis/46e49854-8939-4bf2-8ad2-e9b319d04580/in_use.lock acquired by nodename 9642@pr-hdds-1569-shd4m-3693607622
2019-09-25 12:39:09,622 [pool-127-thread-1] INFO  storage.RaftStorage (RaftStorage.java:format(72)) - Storage directory /workdir/hadoop-ozone/integration-test/target/test-dir/MiniOzoneClusterImpl-d0ff48dc-faee-44ca-8dcc-f269a7262391/datanode-0/data/ratis/46e49854-8939-4bf2-8ad2-e9b319d04580 has been successfully formatted.
2019-09-25 12:39:09,622 [pool-127-thread-1] INFO  ratis.ContainerStateMachine (ContainerStateMachine.java:loadSnapshot(230)) - group-E9B319D04580: The snapshot info is null. Setting the last applied indexto:(t:0, i:~)
2019-09-25 12:39:09,622 [pool-127-thread-1] INFO  server.RaftServerConfigKeys (ConfUtils.java:logGet(43)) - raft.server.notification.no-leader.timeout = 120s (custom)
2019-09-25 12:39:09,622 [pool-127-thread-1] INFO  server.RaftServerConfigKeys (ConfUtils.java:logGet(43)) - raft.server.log.use.memory = false (default)
2019-09-25 12:39:09,622 [pool-127-thread-1] INFO  server.RaftServerConfigKeys (ConfUtils.java:logGet(43)) - raft.server.log.purge.gap = 1000000 (custom)
2019-09-25 12:39:09,623 [pool-127-thread-1] INFO  server.RaftServerConfigKeys (ConfUtils.java:logGet(43)) - raft.server.log.appender.buffer.byte-limit = 33554432 (custom)
2019-09-25 12:39:09,623 [pool-127-thread-1] INFO  server.RaftServerConfigKeys (ConfUtils.java:logGet(43)) - raft.server.log.segment.size.max = 1048576 (custom)
2019-09-25 12:39:09,623 [pool-127-thread-1] INFO  server.RaftServerConfigKeys (ConfUtils.java:logGet(43)) - raft.server.log.segment.cache.num.max = 2 (custom)
2019-09-25 12:39:09,623 [pool-127-thread-1] INFO  segmented.SegmentedRaftLogWorker (SegmentedRaftLogWorker.java:<init>(172)) - new 3e5a13d1-053a-49e9-83b0-637d290f3a88@group-E9B319D04580-SegmentedRaftLogWorker for RaftStorage:Storage Directory /workdir/hadoop-ozone/integration-test/target/test-dir/MiniOzoneClusterImpl-d0ff48dc-faee-44ca-8dcc-f269a7262391/datanode-0/data/ratis/46e49854-8939-4bf2-8ad2-e9b319d04580
2019-09-25 12:39:09,623 [pool-127-thread-1] INFO  server.RaftServerConfigKeys (ConfUtils.java:logGet(43)) - raft.server.log.queue.byte-limit = 2147483647 (custom)
2019-09-25 12:39:09,623 [pool-127-thread-1] INFO  server.RaftServerConfigKeys (ConfUtils.java:logGet(43)) - raft.server.log.queue.element-limit = 1024 (custom)
2019-09-25 12:39:09,623 [pool-127-thread-1] INFO  server.RaftServerConfigKeys (ConfUtils.java:logGet(43)) - raft.server.log.segment.size.max = 1048576 (custom)
2019-09-25 12:39:09,624 [pool-127-thread-1] INFO  server.RaftServerConfigKeys (ConfUtils.java:logGet(43)) - raft.server.log.preallocated.size = 16384 (custom)
2019-09-25 12:39:09,624 [pool-127-thread-1] INFO  server.RaftServerConfigKeys (ConfUtils.java:logGet(43)) - raft.server.log.write.buffer.size = 33554432 (custom)
2019-09-25 12:39:09,624 [pool-127-thread-1] INFO  server.RaftServerConfigKeys (ConfUtils.java:logGet(43)) - raft.server.log.force.sync.num = 128 (default)
2019-09-25 12:39:09,624 [pool-127-thread-1] INFO  server.RaftServerConfigKeys (ConfUtils.java:logGet(43)) - raft.server.log.statemachine.data.sync = true (default)
2019-09-25 12:39:09,624 [pool-127-thread-1] INFO  server.RaftServerConfigKeys (ConfUtils.java:logGet(43)) - raft.server.log.statemachine.data.sync.timeout = 10s (default)
2019-09-25 12:39:09,624 [pool-127-thread-1] INFO  server.RaftServerConfigKeys (ConfUtils.java:logGet(43)) - raft.server.log.statemachine.data.sync.timeout.retry = -1 (default)
2019-09-25 12:39:09,624 [pool-127-thread-1] INFO  server.RaftServerConfigKeys (ConfUtils.java:logGet(43)) - raft.server.log.statemachine.data.caching.enabled = true (custom)
2019-09-25 12:39:09,625 [pool-127-thread-1] INFO  segmented.SegmentedRaftLogWorker (SegmentedRaftLogWorker.java:lambda$new$0(132)) - 3e5a13d1-053a-49e9-83b0-637d290f3a88@group-E9B319D04580-SegmentedRaftLogWorker: flushIndex: setUnconditionally 0 -> -1
2019-09-25 12:39:09,625 [pool-127-thread-1] INFO  server.RaftServerConfigKeys (ConfUtils.java:logGet(43)) - raft.server.snapshot.auto.trigger.enabled = true (custom)
2019-09-25 12:39:09,625 [pool-127-thread-1] INFO  server.RaftServerConfigKeys (ConfUtils.java:logGet(43)) - raft.server.snapshot.auto.trigger.threshold = 10000 (custom)
2019-09-25 12:39:09,625 [pool-127-thread-1] INFO  server.RaftServerConfigKeys (ConfUtils.java:logGet(43)) - raft.server.snapshot.retention.num.files = 5 (custom)
2019-09-25 12:39:09,625 [pool-127-thread-1] INFO  server.RaftServerConfigKeys (ConfUtils.java:logGet(43)) - raft.server.retrycache.expirytime = 600000ms (custom)
2019-09-25 12:39:09,627 [pool-127-thread-1] INFO  impl.RaftServerImpl (RaftServerImpl.java:start(185)) - 3e5a13d1-053a-49e9-83b0-637d290f3a88@group-E9B319D04580: start as a follower, conf=-1: [3e5a13d1-053a-49e9-83b0-637d290f3a88:192.168.151.73:45887], old=null
2019-09-25 12:39:09,627 [pool-127-thread-1] INFO  impl.RaftServerImpl (RaftServerImpl.java:setRole(174)) - 3e5a13d1-053a-49e9-83b0-637d290f3a88@group-E9B319D04580: changes role from      null to FOLLOWER at term 0 for startAsFollower
2019-09-25 12:39:09,628 [pool-127-thread-1] INFO  impl.RoleInfo (RoleInfo.java:updateAndGet(143)) - 3e5a13d1-053a-49e9-83b0-637d290f3a88: start FollowerState
2019-09-25 12:39:09,628 [pool-127-thread-1] INFO  util.JmxRegister (JmxRegister.java:tryRegister(44)) - Successfully registered JMX Bean with object name Ratis:service=RaftServer,group=group-E9B319D04580,id=3e5a13d1-053a-49e9-83b0-637d290f3a88
2019-09-25 12:39:09,630 [RatisPipelineUtilsThread] INFO  pipeline.PipelineStateManager (PipelineStateManager.java:addPipeline(56)) - Created pipeline Pipeline[ Id: 46e49854-8939-4bf2-8ad2-e9b319d04580, Nodes: 3e5a13d1-053a-49e9-83b0-637d290f3a88{ip: 192.168.151.73, host: pr-hdds-1569-shd4m-3693607622, networkLocation: /default-rack, certSerialId: null}, Type:RATIS, Factor:ONE, State:OPEN]
2019-09-25 12:39:09,634 [grpc-default-executor-0] INFO  impl.RaftServerProxy (RaftServerProxy.java:addNew(89)) - 3e5a13d1-053a-49e9-83b0-637d290f3a88: addNew group-C475818B79AB:[3e5a13d1-053a-49e9-83b0-637d290f3a88:192.168.151.73:45887] returns group-C475818B79AB:java.util.concurrent.CompletableFuture@474281f4[Not completed]
2019-09-25 12:39:09,635 [pool-127-thread-1] INFO  impl.RaftServerImpl (RaftServerImpl.java:<init>(95)) - 3e5a13d1-053a-49e9-83b0-637d290f3a88: new RaftServerImpl for group-C475818B79AB:[3e5a13d1-053a-49e9-83b0-637d290f3a88:192.168.151.73:45887] with ContainerStateMachine:uninitialized
2019-09-25 12:39:09,635 [pool-127-thread-1] INFO  server.RaftServerConfigKeys (ConfUtils.java:logGet(43)) - raft.server.rpc.timeout.min = 5s (custom)
2019-09-25 12:39:09,635 [pool-127-thread-1] INFO  server.RaftServerConfigKeys (ConfUtils.java:logGet(43)) - raft.server.rpc.timeout.max = 5200ms (custom)
2019-09-25 12:39:09,635 [pool-127-thread-1] INFO  server.RaftServerConfigKeys (ConfUtils.java:logGet(43)) - raft.server.rpcslowness.timeout = 120s (custom)
2019-09-25 12:39:09,636 [pool-127-thread-1] INFO  server.RaftServerConfigKeys (ConfUtils.java:logGet(43)) - raft.server.sleep.deviation.threshold = 300 (default)
2019-09-25 12:39:09,636 [pool-127-thread-1] INFO  server.RaftServerConfigKeys (ConfUtils.java:logGet(43)) - raft.server.log.appender.install.snapshot.enabled = false (custom)
2019-09-25 12:39:09,636 [pool-127-thread-1] INFO  impl.RaftServerImpl (ServerState.java:<init>(103)) - 3e5a13d1-053a-49e9-83b0-637d290f3a88@group-C475818B79AB: ConfigurationManager, init=-1: [3e5a13d1-053a-49e9-83b0-637d290f3a88:192.168.151.73:45887], old=null, confs=<EMPTY_MAP>
2019-09-25 12:39:09,636 [pool-127-thread-1] INFO  server.RaftServerConfigKeys (ConfUtils.java:logGet(43)) - raft.server.storage.dir = [/workdir/hadoop-ozone/integration-test/target/test-dir/MiniOzoneClusterImpl-d0ff48dc-faee-44ca-8dcc-f269a7262391/datanode-0/data/ratis] (custom)
2019-09-25 12:39:09,636 [pool-127-thread-1] INFO  storage.RaftStorageDirectory (RaftStorageDirectory.java:analyzeStorage(246)) - The storage directory /workdir/hadoop-ozone/integration-test/target/test-dir/MiniOzoneClusterImpl-d0ff48dc-faee-44ca-8dcc-f269a7262391/datanode-0/data/ratis/2304b2eb-825b-4016-87c4-c475818b79ab does not exist. Creating ...
2019-09-25 12:39:09,639 [pool-127-thread-1] INFO  storage.RaftStorageDirectory (RaftStorageDirectory.java:tryLock(328)) - Lock on /workdir/hadoop-ozone/integration-test/target/test-dir/MiniOzoneClusterImpl-d0ff48dc-faee-44ca-8dcc-f269a7262391/datanode-0/data/ratis/2304b2eb-825b-4016-87c4-c475818b79ab/in_use.lock acquired by nodename 9642@pr-hdds-1569-shd4m-3693607622
2019-09-25 12:39:09,643 [pool-127-thread-1] INFO  storage.RaftStorage (RaftStorage.java:format(72)) - Storage directory /workdir/hadoop-ozone/integration-test/target/test-dir/MiniOzoneClusterImpl-d0ff48dc-faee-44ca-8dcc-f269a7262391/datanode-0/data/ratis/2304b2eb-825b-4016-87c4-c475818b79ab has been successfully formatted.
2019-09-25 12:39:09,643 [pool-127-thread-1] INFO  ratis.ContainerStateMachine (ContainerStateMachine.java:loadSnapshot(230)) - group-C475818B79AB: The snapshot info is null. Setting the last applied indexto:(t:0, i:~)
2019-09-25 12:39:09,643 [pool-127-thread-1] INFO  server.RaftServerConfigKeys (ConfUtils.java:logGet(43)) - raft.server.notification.no-leader.timeout = 120s (custom)
2019-09-25 12:39:09,643 [pool-127-thread-1] INFO  server.RaftServerConfigKeys (ConfUtils.java:logGet(43)) - raft.server.log.use.memory = false (default)
2019-09-25 12:39:09,644 [pool-127-thread-1] INFO  server.RaftServerConfigKeys (ConfUtils.java:logGet(43)) - raft.server.log.purge.gap = 1000000 (custom)
2019-09-25 12:39:09,644 [pool-127-thread-1] INFO  server.RaftServerConfigKeys (ConfUtils.java:logGet(43)) - raft.server.log.appender.buffer.byte-limit = 33554432 (custom)
2019-09-25 12:39:09,644 [pool-127-thread-1] INFO  server.RaftServerConfigKeys (ConfUtils.java:logGet(43)) - raft.server.log.segment.size.max = 1048576 (custom)
2019-09-25 12:39:09,644 [pool-127-thread-1] INFO  server.RaftServerConfigKeys (ConfUtils.java:logGet(43)) - raft.server.log.segment.cache.num.max = 2 (custom)
2019-09-25 12:39:09,644 [pool-127-thread-1] INFO  segmented.SegmentedRaftLogWorker (SegmentedRaftLogWorker.java:<init>(172)) - new 3e5a13d1-053a-49e9-83b0-637d290f3a88@group-C475818B79AB-SegmentedRaftLogWorker for RaftStorage:Storage Directory /workdir/hadoop-ozone/integration-test/target/test-dir/MiniOzoneClusterImpl-d0ff48dc-faee-44ca-8dcc-f269a7262391/datanode-0/data/ratis/2304b2eb-825b-4016-87c4-c475818b79ab
2019-09-25 12:39:09,644 [pool-127-thread-1] INFO  server.RaftServerConfigKeys (ConfUtils.java:logGet(43)) - raft.server.log.queue.byte-limit = 2147483647 (custom)
2019-09-25 12:39:09,644 [pool-127-thread-1] INFO  server.RaftServerConfigKeys (ConfUtils.java:logGet(43)) - raft.server.log.queue.element-limit = 1024 (custom)
2019-09-25 12:39:09,644 [pool-127-thread-1] INFO  server.RaftServerConfigKeys (ConfUtils.java:logGet(43)) - raft.server.log.segment.size.max = 1048576 (custom)
2019-09-25 12:39:09,645 [pool-127-thread-1] INFO  server.RaftServerConfigKeys (ConfUtils.java:logGet(43)) - raft.server.log.preallocated.size = 16384 (custom)
2019-09-25 12:39:09,645 [pool-127-thread-1] INFO  server.RaftServerConfigKeys (ConfUtils.java:logGet(43)) - raft.server.log.write.buffer.size = 33554432 (custom)
2019-09-25 12:39:09,645 [pool-127-thread-1] INFO  server.RaftServerConfigKeys (ConfUtils.java:logGet(43)) - raft.server.log.force.sync.num = 128 (default)
2019-09-25 12:39:09,645 [pool-127-thread-1] INFO  server.RaftServerConfigKeys (ConfUtils.java:logGet(43)) - raft.server.log.statemachine.data.sync = true (default)
2019-09-25 12:39:09,645 [pool-127-thread-1] INFO  server.RaftServerConfigKeys (ConfUtils.java:logGet(43)) - raft.server.log.statemachine.data.sync.timeout = 10s (default)
2019-09-25 12:39:09,645 [pool-127-thread-1] INFO  server.RaftServerConfigKeys (ConfUtils.java:logGet(43)) - raft.server.log.statemachine.data.sync.timeout.retry = -1 (default)
2019-09-25 12:39:09,645 [pool-127-thread-1] INFO  server.RaftServerConfigKeys (ConfUtils.java:logGet(43)) - raft.server.log.statemachine.data.caching.enabled = true (custom)
2019-09-25 12:39:09,645 [pool-127-thread-1] INFO  segmented.SegmentedRaftLogWorker (SegmentedRaftLogWorker.java:lambda$new$0(132)) - 3e5a13d1-053a-49e9-83b0-637d290f3a88@group-C475818B79AB-SegmentedRaftLogWorker: flushIndex: setUnconditionally 0 -> -1
2019-09-25 12:39:09,646 [pool-127-thread-1] INFO  server.RaftServerConfigKeys (ConfUtils.java:logGet(43)) - raft.server.snapshot.auto.trigger.enabled = true (custom)
2019-09-25 12:39:09,646 [pool-127-thread-1] INFO  server.RaftServerConfigKeys (ConfUtils.java:logGet(43)) - raft.server.snapshot.auto.trigger.threshold = 10000 (custom)
2019-09-25 12:39:09,646 [pool-127-thread-1] INFO  server.RaftServerConfigKeys (ConfUtils.java:logGet(43)) - raft.server.snapshot.retention.num.files = 5 (custom)
2019-09-25 12:39:09,646 [pool-127-thread-1] INFO  server.RaftServerConfigKeys (ConfUtils.java:logGet(43)) - raft.server.retrycache.expirytime = 600000ms (custom)
2019-09-25 12:39:09,648 [pool-127-thread-1] INFO  impl.RaftServerImpl (RaftServerImpl.java:start(185)) - 3e5a13d1-053a-49e9-83b0-637d290f3a88@group-C475818B79AB: start as a follower, conf=-1: [3e5a13d1-053a-49e9-83b0-637d290f3a88:192.168.151.73:45887], old=null
2019-09-25 12:39:09,648 [pool-127-thread-1] INFO  impl.RaftServerImpl (RaftServerImpl.java:setRole(174)) - 3e5a13d1-053a-49e9-83b0-637d290f3a88@group-C475818B79AB: changes role from      null to FOLLOWER at term 0 for startAsFollower
2019-09-25 12:39:09,648 [pool-127-thread-1] INFO  impl.RoleInfo (RoleInfo.java:updateAndGet(143)) - 3e5a13d1-053a-49e9-83b0-637d290f3a88: start FollowerState
2019-09-25 12:39:09,649 [pool-127-thread-1] INFO  util.JmxRegister (JmxRegister.java:tryRegister(44)) - Successfully registered JMX Bean with object name Ratis:service=RaftServer,group=group-C475818B79AB,id=3e5a13d1-053a-49e9-83b0-637d290f3a88
2019-09-25 12:39:09,650 [RatisPipelineUtilsThread] INFO  pipeline.PipelineStateManager (PipelineStateManager.java:addPipeline(56)) - Created pipeline Pipeline[ Id: 2304b2eb-825b-4016-87c4-c475818b79ab, Nodes: 3e5a13d1-053a-49e9-83b0-637d290f3a88{ip: 192.168.151.73, host: pr-hdds-1569-shd4m-3693607622, networkLocation: /default-rack, certSerialId: null}, Type:RATIS, Factor:ONE, State:OPEN]
2019-09-25 12:39:09,654 [grpc-default-executor-0] INFO  impl.RaftServerProxy (RaftServerProxy.java:addNew(89)) - 0c10ee7a-d1f3-4d15-a97d-be3bd840fe5f: addNew group-34F06EDEF381:[0c10ee7a-d1f3-4d15-a97d-be3bd840fe5f:192.168.151.73:37077] returns group-34F06EDEF381:java.util.concurrent.CompletableFuture@30456368[Not completed]
2019-09-25 12:39:09,655 [pool-137-thread-1] INFO  impl.RaftServerImpl (RaftServerImpl.java:<init>(95)) - 0c10ee7a-d1f3-4d15-a97d-be3bd840fe5f: new RaftServerImpl for group-34F06EDEF381:[0c10ee7a-d1f3-4d15-a97d-be3bd840fe5f:192.168.151.73:37077] with ContainerStateMachine:uninitialized
2019-09-25 12:39:09,656 [pool-137-thread-1] INFO  server.RaftServerConfigKeys (ConfUtils.java:logGet(43)) - raft.server.rpc.timeout.min = 5s (custom)
2019-09-25 12:39:09,656 [pool-137-thread-1] INFO  server.RaftServerConfigKeys (ConfUtils.java:logGet(43)) - raft.server.rpc.timeout.max = 5200ms (custom)
2019-09-25 12:39:09,656 [pool-137-thread-1] INFO  server.RaftServerConfigKeys (ConfUtils.java:logGet(43)) - raft.server.rpcslowness.timeout = 120s (custom)
2019-09-25 12:39:09,656 [pool-137-thread-1] INFO  server.RaftServerConfigKeys (ConfUtils.java:logGet(43)) - raft.server.sleep.deviation.threshold = 300 (default)
2019-09-25 12:39:09,656 [pool-137-thread-1] INFO  server.RaftServerConfigKeys (ConfUtils.java:logGet(43)) - raft.server.log.appender.install.snapshot.enabled = false (custom)
2019-09-25 12:39:09,656 [pool-137-thread-1] INFO  impl.RaftServerImpl (ServerState.java:<init>(103)) - 0c10ee7a-d1f3-4d15-a97d-be3bd840fe5f@group-34F06EDEF381: ConfigurationManager, init=-1: [0c10ee7a-d1f3-4d15-a97d-be3bd840fe5f:192.168.151.73:37077], old=null, confs=<EMPTY_MAP>
2019-09-25 12:39:09,656 [pool-137-thread-1] INFO  server.RaftServerConfigKeys (ConfUtils.java:logGet(43)) - raft.server.storage.dir = [/workdir/hadoop-ozone/integration-test/target/test-dir/MiniOzoneClusterImpl-d0ff48dc-faee-44ca-8dcc-f269a7262391/datanode-1/data/ratis] (custom)
2019-09-25 12:39:09,657 [pool-137-thread-1] INFO  storage.RaftStorageDirectory (RaftStorageDirectory.java:analyzeStorage(246)) - The storage directory /workdir/hadoop-ozone/integration-test/target/test-dir/MiniOzoneClusterImpl-d0ff48dc-faee-44ca-8dcc-f269a7262391/datanode-1/data/ratis/2c5a5cb7-1509-46a3-be34-34f06edef381 does not exist. Creating ...
2019-09-25 12:39:09,661 [pool-137-thread-1] INFO  storage.RaftStorageDirectory (RaftStorageDirectory.java:tryLock(328)) - Lock on /workdir/hadoop-ozone/integration-test/target/test-dir/MiniOzoneClusterImpl-d0ff48dc-faee-44ca-8dcc-f269a7262391/datanode-1/data/ratis/2c5a5cb7-1509-46a3-be34-34f06edef381/in_use.lock acquired by nodename 9642@pr-hdds-1569-shd4m-3693607622
2019-09-25 12:39:09,664 [pool-137-thread-1] INFO  storage.RaftStorage (RaftStorage.java:format(72)) - Storage directory /workdir/hadoop-ozone/integration-test/target/test-dir/MiniOzoneClusterImpl-d0ff48dc-faee-44ca-8dcc-f269a7262391/datanode-1/data/ratis/2c5a5cb7-1509-46a3-be34-34f06edef381 has been successfully formatted.
2019-09-25 12:39:09,664 [pool-137-thread-1] INFO  ratis.ContainerStateMachine (ContainerStateMachine.java:loadSnapshot(230)) - group-34F06EDEF381: The snapshot info is null. Setting the last applied indexto:(t:0, i:~)
2019-09-25 12:39:09,664 [pool-137-thread-1] INFO  server.RaftServerConfigKeys (ConfUtils.java:logGet(43)) - raft.server.notification.no-leader.timeout = 120s (custom)
2019-09-25 12:39:09,665 [pool-137-thread-1] INFO  server.RaftServerConfigKeys (ConfUtils.java:logGet(43)) - raft.server.log.use.memory = false (default)
2019-09-25 12:39:09,665 [pool-137-thread-1] INFO  server.RaftServerConfigKeys (ConfUtils.java:logGet(43)) - raft.server.log.purge.gap = 1000000 (custom)
2019-09-25 12:39:09,665 [pool-137-thread-1] INFO  server.RaftServerConfigKeys (ConfUtils.java:logGet(43)) - raft.server.log.appender.buffer.byte-limit = 33554432 (custom)
2019-09-25 12:39:09,665 [pool-137-thread-1] INFO  server.RaftServerConfigKeys (ConfUtils.java:logGet(43)) - raft.server.log.segment.size.max = 1048576 (custom)
2019-09-25 12:39:09,665 [pool-137-thread-1] INFO  server.RaftServerConfigKeys (ConfUtils.java:logGet(43)) - raft.server.log.segment.cache.num.max = 2 (custom)
2019-09-25 12:39:09,665 [pool-137-thread-1] INFO  segmented.SegmentedRaftLogWorker (SegmentedRaftLogWorker.java:<init>(172)) - new 0c10ee7a-d1f3-4d15-a97d-be3bd840fe5f@group-34F06EDEF381-SegmentedRaftLogWorker for RaftStorage:Storage Directory /workdir/hadoop-ozone/integration-test/target/test-dir/MiniOzoneClusterImpl-d0ff48dc-faee-44ca-8dcc-f269a7262391/datanode-1/data/ratis/2c5a5cb7-1509-46a3-be34-34f06edef381
2019-09-25 12:39:09,666 [pool-137-thread-1] INFO  server.RaftServerConfigKeys (ConfUtils.java:logGet(43)) - raft.server.log.queue.byte-limit = 2147483647 (custom)
2019-09-25 12:39:09,666 [pool-137-thread-1] INFO  server.RaftServerConfigKeys (ConfUtils.java:logGet(43)) - raft.server.log.queue.element-limit = 1024 (custom)
2019-09-25 12:39:09,666 [pool-137-thread-1] INFO  server.RaftServerConfigKeys (ConfUtils.java:logGet(43)) - raft.server.log.segment.size.max = 1048576 (custom)
2019-09-25 12:39:09,666 [pool-137-thread-1] INFO  server.RaftServerConfigKeys (ConfUtils.java:logGet(43)) - raft.server.log.preallocated.size = 16384 (custom)
2019-09-25 12:39:09,666 [pool-137-thread-1] INFO  server.RaftServerConfigKeys (ConfUtils.java:logGet(43)) - raft.server.log.write.buffer.size = 33554432 (custom)
2019-09-25 12:39:09,666 [pool-137-thread-1] INFO  server.RaftServerConfigKeys (ConfUtils.java:logGet(43)) - raft.server.log.force.sync.num = 128 (default)
2019-09-25 12:39:09,666 [pool-137-thread-1] INFO  server.RaftServerConfigKeys (ConfUtils.java:logGet(43)) - raft.server.log.statemachine.data.sync = true (default)
2019-09-25 12:39:09,667 [pool-137-thread-1] INFO  server.RaftServerConfigKeys (ConfUtils.java:logGet(43)) - raft.server.log.statemachine.data.sync.timeout = 10s (default)
2019-09-25 12:39:09,667 [pool-137-thread-1] INFO  server.RaftServerConfigKeys (ConfUtils.java:logGet(43)) - raft.server.log.statemachine.data.sync.timeout.retry = -1 (default)
2019-09-25 12:39:09,667 [pool-137-thread-1] INFO  server.RaftServerConfigKeys (ConfUtils.java:logGet(43)) - raft.server.log.statemachine.data.caching.enabled = true (custom)
2019-09-25 12:39:09,667 [pool-137-thread-1] INFO  segmented.SegmentedRaftLogWorker (SegmentedRaftLogWorker.java:lambda$new$0(132)) - 0c10ee7a-d1f3-4d15-a97d-be3bd840fe5f@group-34F06EDEF381-SegmentedRaftLogWorker: flushIndex: setUnconditionally 0 -> -1
2019-09-25 12:39:09,667 [pool-137-thread-1] INFO  server.RaftServerConfigKeys (ConfUtils.java:logGet(43)) - raft.server.snapshot.auto.trigger.enabled = true (custom)
2019-09-25 12:39:09,668 [pool-137-thread-1] INFO  server.RaftServerConfigKeys (ConfUtils.java:logGet(43)) - raft.server.snapshot.auto.trigger.threshold = 10000 (custom)
2019-09-25 12:39:09,668 [pool-137-thread-1] INFO  server.RaftServerConfigKeys (ConfUtils.java:logGet(43)) - raft.server.snapshot.retention.num.files = 5 (custom)
2019-09-25 12:39:09,668 [pool-137-thread-1] INFO  server.RaftServerConfigKeys (ConfUtils.java:logGet(43)) - raft.server.retrycache.expirytime = 600000ms (custom)
2019-09-25 12:39:09,670 [pool-137-thread-1] INFO  impl.RaftServerImpl (RaftServerImpl.java:start(185)) - 0c10ee7a-d1f3-4d15-a97d-be3bd840fe5f@group-34F06EDEF381: start as a follower, conf=-1: [0c10ee7a-d1f3-4d15-a97d-be3bd840fe5f:192.168.151.73:37077], old=null
2019-09-25 12:39:09,670 [pool-137-thread-1] INFO  impl.RaftServerImpl (RaftServerImpl.java:setRole(174)) - 0c10ee7a-d1f3-4d15-a97d-be3bd840fe5f@group-34F06EDEF381: changes role from      null to FOLLOWER at term 0 for startAsFollower
2019-09-25 12:39:09,671 [pool-137-thread-1] INFO  impl.RoleInfo (RoleInfo.java:updateAndGet(143)) - 0c10ee7a-d1f3-4d15-a97d-be3bd840fe5f: start FollowerState
2019-09-25 12:39:09,671 [pool-137-thread-1] INFO  util.JmxRegister (JmxRegister.java:tryRegister(44)) - Successfully registered JMX Bean with object name Ratis:service=RaftServer,group=group-34F06EDEF381,id=0c10ee7a-d1f3-4d15-a97d-be3bd840fe5f
2019-09-25 12:39:09,673 [RatisPipelineUtilsThread] INFO  pipeline.PipelineStateManager (PipelineStateManager.java:addPipeline(56)) - Created pipeline Pipeline[ Id: 2c5a5cb7-1509-46a3-be34-34f06edef381, Nodes: 0c10ee7a-d1f3-4d15-a97d-be3bd840fe5f{ip: 192.168.151.73, host: pr-hdds-1569-shd4m-3693607622, networkLocation: /default-rack, certSerialId: null}, Type:RATIS, Factor:ONE, State:OPEN]
2019-09-25 12:39:09,679 [grpc-default-executor-0] INFO  impl.RaftServerProxy (RaftServerProxy.java:addNew(89)) - f7c49c51-1121-4e1e-9c01-74e537549b8a: addNew group-8ED170C45CF7:[f7c49c51-1121-4e1e-9c01-74e537549b8a:192.168.151.73:37391] returns group-8ED170C45CF7:java.util.concurrent.CompletableFuture@10e81a5b[Not completed]
2019-09-25 12:39:09,680 [pool-147-thread-1] INFO  impl.RaftServerImpl (RaftServerImpl.java:<init>(95)) - f7c49c51-1121-4e1e-9c01-74e537549b8a: new RaftServerImpl for group-8ED170C45CF7:[f7c49c51-1121-4e1e-9c01-74e537549b8a:192.168.151.73:37391] with ContainerStateMachine:uninitialized
2019-09-25 12:39:09,680 [pool-147-thread-1] INFO  server.RaftServerConfigKeys (ConfUtils.java:logGet(43)) - raft.server.rpc.timeout.min = 5s (custom)
2019-09-25 12:39:09,680 [pool-147-thread-1] INFO  server.RaftServerConfigKeys (ConfUtils.java:logGet(43)) - raft.server.rpc.timeout.max = 5200ms (custom)
2019-09-25 12:39:09,680 [pool-147-thread-1] INFO  server.RaftServerConfigKeys (ConfUtils.java:logGet(43)) - raft.server.rpcslowness.timeout = 120s (custom)
2019-09-25 12:39:09,680 [pool-147-thread-1] INFO  server.RaftServerConfigKeys (ConfUtils.java:logGet(43)) - raft.server.sleep.deviation.threshold = 300 (default)
2019-09-25 12:39:09,680 [pool-147-thread-1] INFO  server.RaftServerConfigKeys (ConfUtils.java:logGet(43)) - raft.server.log.appender.install.snapshot.enabled = false (custom)
2019-09-25 12:39:09,680 [pool-147-thread-1] INFO  impl.RaftServerImpl (ServerState.java:<init>(103)) - f7c49c51-1121-4e1e-9c01-74e537549b8a@group-8ED170C45CF7: ConfigurationManager, init=-1: [f7c49c51-1121-4e1e-9c01-74e537549b8a:192.168.151.73:37391], old=null, confs=<EMPTY_MAP>
2019-09-25 12:39:09,680 [pool-147-thread-1] INFO  server.RaftServerConfigKeys (ConfUtils.java:logGet(43)) - raft.server.storage.dir = [/workdir/hadoop-ozone/integration-test/target/test-dir/MiniOzoneClusterImpl-d0ff48dc-faee-44ca-8dcc-f269a7262391/datanode-2/data/ratis] (custom)
2019-09-25 12:39:09,681 [pool-147-thread-1] INFO  storage.RaftStorageDirectory (RaftStorageDirectory.java:analyzeStorage(246)) - The storage directory /workdir/hadoop-ozone/integration-test/target/test-dir/MiniOzoneClusterImpl-d0ff48dc-faee-44ca-8dcc-f269a7262391/datanode-2/data/ratis/9f3735ab-25a2-4110-9cc2-8ed170c45cf7 does not exist. Creating ...
2019-09-25 12:39:09,688 [pool-147-thread-1] INFO  storage.RaftStorageDirectory (RaftStorageDirectory.java:tryLock(328)) - Lock on /workdir/hadoop-ozone/integration-test/target/test-dir/MiniOzoneClusterImpl-d0ff48dc-faee-44ca-8dcc-f269a7262391/datanode-2/data/ratis/9f3735ab-25a2-4110-9cc2-8ed170c45cf7/in_use.lock acquired by nodename 9642@pr-hdds-1569-shd4m-3693607622
2019-09-25 12:39:09,701 [pool-147-thread-1] INFO  storage.RaftStorage (RaftStorage.java:format(72)) - Storage directory /workdir/hadoop-ozone/integration-test/target/test-dir/MiniOzoneClusterImpl-d0ff48dc-faee-44ca-8dcc-f269a7262391/datanode-2/data/ratis/9f3735ab-25a2-4110-9cc2-8ed170c45cf7 has been successfully formatted.
2019-09-25 12:39:09,701 [pool-147-thread-1] INFO  ratis.ContainerStateMachine (ContainerStateMachine.java:loadSnapshot(230)) - group-8ED170C45CF7: The snapshot info is null. Setting the last applied indexto:(t:0, i:~)
2019-09-25 12:39:09,701 [pool-147-thread-1] INFO  server.RaftServerConfigKeys (ConfUtils.java:logGet(43)) - raft.server.notification.no-leader.timeout = 120s (custom)
2019-09-25 12:39:09,701 [pool-147-thread-1] INFO  server.RaftServerConfigKeys (ConfUtils.java:logGet(43)) - raft.server.log.use.memory = false (default)
2019-09-25 12:39:09,701 [pool-147-thread-1] INFO  server.RaftServerConfigKeys (ConfUtils.java:logGet(43)) - raft.server.log.purge.gap = 1000000 (custom)
2019-09-25 12:39:09,701 [pool-147-thread-1] INFO  server.RaftServerConfigKeys (ConfUtils.java:logGet(43)) - raft.server.log.appender.buffer.byte-limit = 33554432 (custom)
2019-09-25 12:39:09,701 [pool-147-thread-1] INFO  server.RaftServerConfigKeys (ConfUtils.java:logGet(43)) - raft.server.log.segment.size.max = 1048576 (custom)
2019-09-25 12:39:09,701 [pool-147-thread-1] INFO  server.RaftServerConfigKeys (ConfUtils.java:logGet(43)) - raft.server.log.segment.cache.num.max = 2 (custom)
2019-09-25 12:39:09,702 [pool-147-thread-1] INFO  segmented.SegmentedRaftLogWorker (SegmentedRaftLogWorker.java:<init>(172)) - new f7c49c51-1121-4e1e-9c01-74e537549b8a@group-8ED170C45CF7-SegmentedRaftLogWorker for RaftStorage:Storage Directory /workdir/hadoop-ozone/integration-test/target/test-dir/MiniOzoneClusterImpl-d0ff48dc-faee-44ca-8dcc-f269a7262391/datanode-2/data/ratis/9f3735ab-25a2-4110-9cc2-8ed170c45cf7
2019-09-25 12:39:09,703 [pool-147-thread-1] INFO  server.RaftServerConfigKeys (ConfUtils.java:logGet(43)) - raft.server.log.queue.byte-limit = 2147483647 (custom)
2019-09-25 12:39:09,703 [pool-147-thread-1] INFO  server.RaftServerConfigKeys (ConfUtils.java:logGet(43)) - raft.server.log.queue.element-limit = 1024 (custom)
2019-09-25 12:39:09,703 [pool-147-thread-1] INFO  server.RaftServerConfigKeys (ConfUtils.java:logGet(43)) - raft.server.log.segment.size.max = 1048576 (custom)
2019-09-25 12:39:09,703 [pool-147-thread-1] INFO  server.RaftServerConfigKeys (ConfUtils.java:logGet(43)) - raft.server.log.preallocated.size = 16384 (custom)
2019-09-25 12:39:09,703 [pool-147-thread-1] INFO  server.RaftServerConfigKeys (ConfUtils.java:logGet(43)) - raft.server.log.write.buffer.size = 33554432 (custom)
2019-09-25 12:39:09,703 [pool-147-thread-1] INFO  server.RaftServerConfigKeys (ConfUtils.java:logGet(43)) - raft.server.log.force.sync.num = 128 (default)
2019-09-25 12:39:09,704 [pool-147-thread-1] INFO  server.RaftServerConfigKeys (ConfUtils.java:logGet(43)) - raft.server.log.statemachine.data.sync = true (default)
2019-09-25 12:39:09,704 [pool-147-thread-1] INFO  server.RaftServerConfigKeys (ConfUtils.java:logGet(43)) - raft.server.log.statemachine.data.sync.timeout = 10s (default)
2019-09-25 12:39:09,704 [pool-147-thread-1] INFO  server.RaftServerConfigKeys (ConfUtils.java:logGet(43)) - raft.server.log.statemachine.data.sync.timeout.retry = -1 (default)
2019-09-25 12:39:09,704 [pool-147-thread-1] INFO  server.RaftServerConfigKeys (ConfUtils.java:logGet(43)) - raft.server.log.statemachine.data.caching.enabled = true (custom)
2019-09-25 12:39:09,704 [pool-147-thread-1] INFO  segmented.SegmentedRaftLogWorker (SegmentedRaftLogWorker.java:lambda$new$0(132)) - f7c49c51-1121-4e1e-9c01-74e537549b8a@group-8ED170C45CF7-SegmentedRaftLogWorker: flushIndex: setUnconditionally 0 -> -1
2019-09-25 12:39:09,704 [pool-147-thread-1] INFO  server.RaftServerConfigKeys (ConfUtils.java:logGet(43)) - raft.server.snapshot.auto.trigger.enabled = true (custom)
2019-09-25 12:39:09,704 [pool-147-thread-1] INFO  server.RaftServerConfigKeys (ConfUtils.java:logGet(43)) - raft.server.snapshot.auto.trigger.threshold = 10000 (custom)
2019-09-25 12:39:09,704 [pool-147-thread-1] INFO  server.RaftServerConfigKeys (ConfUtils.java:logGet(43)) - raft.server.snapshot.retention.num.files = 5 (custom)
2019-09-25 12:39:09,705 [pool-147-thread-1] INFO  server.RaftServerConfigKeys (ConfUtils.java:logGet(43)) - raft.server.retrycache.expirytime = 600000ms (custom)
2019-09-25 12:39:09,706 [pool-147-thread-1] INFO  impl.RaftServerImpl (RaftServerImpl.java:start(185)) - f7c49c51-1121-4e1e-9c01-74e537549b8a@group-8ED170C45CF7: start as a follower, conf=-1: [f7c49c51-1121-4e1e-9c01-74e537549b8a:192.168.151.73:37391], old=null
2019-09-25 12:39:09,706 [pool-147-thread-1] INFO  impl.RaftServerImpl (RaftServerImpl.java:setRole(174)) - f7c49c51-1121-4e1e-9c01-74e537549b8a@group-8ED170C45CF7: changes role from      null to FOLLOWER at term 0 for startAsFollower
2019-09-25 12:39:09,706 [pool-147-thread-1] INFO  impl.RoleInfo (RoleInfo.java:updateAndGet(143)) - f7c49c51-1121-4e1e-9c01-74e537549b8a: start FollowerState
2019-09-25 12:39:09,706 [pool-147-thread-1] INFO  util.JmxRegister (JmxRegister.java:tryRegister(44)) - Successfully registered JMX Bean with object name Ratis:service=RaftServer,group=group-8ED170C45CF7,id=f7c49c51-1121-4e1e-9c01-74e537549b8a
2019-09-25 12:39:09,709 [RatisPipelineUtilsThread] INFO  pipeline.PipelineStateManager (PipelineStateManager.java:addPipeline(56)) - Created pipeline Pipeline[ Id: 9f3735ab-25a2-4110-9cc2-8ed170c45cf7, Nodes: f7c49c51-1121-4e1e-9c01-74e537549b8a{ip: 192.168.151.73, host: pr-hdds-1569-shd4m-3693607622, networkLocation: /default-rack, certSerialId: null}, Type:RATIS, Factor:ONE, State:OPEN]
2019-09-25 12:39:09,714 [grpc-default-executor-0] INFO  impl.RaftServerProxy (RaftServerProxy.java:addNew(89)) - 3e5a13d1-053a-49e9-83b0-637d290f3a88: addNew group-8BA9DE8C608B:[3e5a13d1-053a-49e9-83b0-637d290f3a88:192.168.151.73:45887] returns group-8BA9DE8C608B:java.util.concurrent.CompletableFuture@60134f57[Not completed]
2019-09-25 12:39:09,715 [pool-127-thread-1] INFO  impl.RaftServerImpl (RaftServerImpl.java:<init>(95)) - 3e5a13d1-053a-49e9-83b0-637d290f3a88: new RaftServerImpl for group-8BA9DE8C608B:[3e5a13d1-053a-49e9-83b0-637d290f3a88:192.168.151.73:45887] with ContainerStateMachine:uninitialized
2019-09-25 12:39:09,715 [pool-127-thread-1] INFO  server.RaftServerConfigKeys (ConfUtils.java:logGet(43)) - raft.server.rpc.timeout.min = 5s (custom)
2019-09-25 12:39:09,715 [pool-127-thread-1] INFO  server.RaftServerConfigKeys (ConfUtils.java:logGet(43)) - raft.server.rpc.timeout.max = 5200ms (custom)
2019-09-25 12:39:09,716 [pool-127-thread-1] INFO  server.RaftServerConfigKeys (ConfUtils.java:logGet(43)) - raft.server.rpcslowness.timeout = 120s (custom)
2019-09-25 12:39:09,716 [pool-127-thread-1] INFO  server.RaftServerConfigKeys (ConfUtils.java:logGet(43)) - raft.server.sleep.deviation.threshold = 300 (default)
2019-09-25 12:39:09,716 [pool-127-thread-1] INFO  server.RaftServerConfigKeys (ConfUtils.java:logGet(43)) - raft.server.log.appender.install.snapshot.enabled = false (custom)
2019-09-25 12:39:09,716 [pool-127-thread-1] INFO  impl.RaftServerImpl (ServerState.java:<init>(103)) - 3e5a13d1-053a-49e9-83b0-637d290f3a88@group-8BA9DE8C608B: ConfigurationManager, init=-1: [3e5a13d1-053a-49e9-83b0-637d290f3a88:192.168.151.73:45887], old=null, confs=<EMPTY_MAP>
2019-09-25 12:39:09,716 [pool-127-thread-1] INFO  server.RaftServerConfigKeys (ConfUtils.java:logGet(43)) - raft.server.storage.dir = [/workdir/hadoop-ozone/integration-test/target/test-dir/MiniOzoneClusterImpl-d0ff48dc-faee-44ca-8dcc-f269a7262391/datanode-0/data/ratis] (custom)
2019-09-25 12:39:09,716 [pool-127-thread-1] INFO  storage.RaftStorageDirectory (RaftStorageDirectory.java:analyzeStorage(246)) - The storage directory /workdir/hadoop-ozone/integration-test/target/test-dir/MiniOzoneClusterImpl-d0ff48dc-faee-44ca-8dcc-f269a7262391/datanode-0/data/ratis/d42e7609-6c28-49de-b7e2-8ba9de8c608b does not exist. Creating ...
2019-09-25 12:39:09,730 [pool-127-thread-1] INFO  storage.RaftStorageDirectory (RaftStorageDirectory.java:tryLock(328)) - Lock on /workdir/hadoop-ozone/integration-test/target/test-dir/MiniOzoneClusterImpl-d0ff48dc-faee-44ca-8dcc-f269a7262391/datanode-0/data/ratis/d42e7609-6c28-49de-b7e2-8ba9de8c608b/in_use.lock acquired by nodename 9642@pr-hdds-1569-shd4m-3693607622
2019-09-25 12:39:09,743 [pool-127-thread-1] INFO  storage.RaftStorage (RaftStorage.java:format(72)) - Storage directory /workdir/hadoop-ozone/integration-test/target/test-dir/MiniOzoneClusterImpl-d0ff48dc-faee-44ca-8dcc-f269a7262391/datanode-0/data/ratis/d42e7609-6c28-49de-b7e2-8ba9de8c608b has been successfully formatted.
2019-09-25 12:39:09,743 [pool-127-thread-1] INFO  ratis.ContainerStateMachine (ContainerStateMachine.java:loadSnapshot(230)) - group-8BA9DE8C608B: The snapshot info is null. Setting the last applied indexto:(t:0, i:~)
2019-09-25 12:39:09,743 [pool-127-thread-1] INFO  server.RaftServerConfigKeys (ConfUtils.java:logGet(43)) - raft.server.notification.no-leader.timeout = 120s (custom)
2019-09-25 12:39:09,743 [pool-127-thread-1] INFO  server.RaftServerConfigKeys (ConfUtils.java:logGet(43)) - raft.server.log.use.memory = false (default)
2019-09-25 12:39:09,743 [pool-127-thread-1] INFO  server.RaftServerConfigKeys (ConfUtils.java:logGet(43)) - raft.server.log.purge.gap = 1000000 (custom)
2019-09-25 12:39:09,743 [pool-127-thread-1] INFO  server.RaftServerConfigKeys (ConfUtils.java:logGet(43)) - raft.server.log.appender.buffer.byte-limit = 33554432 (custom)
2019-09-25 12:39:09,744 [pool-127-thread-1] INFO  server.RaftServerConfigKeys (ConfUtils.java:logGet(43)) - raft.server.log.segment.size.max = 1048576 (custom)
2019-09-25 12:39:09,744 [pool-127-thread-1] INFO  server.RaftServerConfigKeys (ConfUtils.java:logGet(43)) - raft.server.log.segment.cache.num.max = 2 (custom)
2019-09-25 12:39:09,744 [pool-127-thread-1] INFO  segmented.SegmentedRaftLogWorker (SegmentedRaftLogWorker.java:<init>(172)) - new 3e5a13d1-053a-49e9-83b0-637d290f3a88@group-8BA9DE8C608B-SegmentedRaftLogWorker for RaftStorage:Storage Directory /workdir/hadoop-ozone/integration-test/target/test-dir/MiniOzoneClusterImpl-d0ff48dc-faee-44ca-8dcc-f269a7262391/datanode-0/data/ratis/d42e7609-6c28-49de-b7e2-8ba9de8c608b
2019-09-25 12:39:09,744 [pool-127-thread-1] INFO  server.RaftServerConfigKeys (ConfUtils.java:logGet(43)) - raft.server.log.queue.byte-limit = 2147483647 (custom)
2019-09-25 12:39:09,744 [pool-127-thread-1] INFO  server.RaftServerConfigKeys (ConfUtils.java:logGet(43)) - raft.server.log.queue.element-limit = 1024 (custom)
2019-09-25 12:39:09,744 [pool-127-thread-1] INFO  server.RaftServerConfigKeys (ConfUtils.java:logGet(43)) - raft.server.log.segment.size.max = 1048576 (custom)
2019-09-25 12:39:09,744 [pool-127-thread-1] INFO  server.RaftServerConfigKeys (ConfUtils.java:logGet(43)) - raft.server.log.preallocated.size = 16384 (custom)
2019-09-25 12:39:09,744 [pool-127-thread-1] INFO  server.RaftServerConfigKeys (ConfUtils.java:logGet(43)) - raft.server.log.write.buffer.size = 33554432 (custom)
2019-09-25 12:39:09,744 [pool-127-thread-1] INFO  server.RaftServerConfigKeys (ConfUtils.java:logGet(43)) - raft.server.log.force.sync.num = 128 (default)
2019-09-25 12:39:09,744 [pool-127-thread-1] INFO  server.RaftServerConfigKeys (ConfUtils.java:logGet(43)) - raft.server.log.statemachine.data.sync = true (default)
2019-09-25 12:39:09,745 [pool-127-thread-1] INFO  server.RaftServerConfigKeys (ConfUtils.java:logGet(43)) - raft.server.log.statemachine.data.sync.timeout = 10s (default)
2019-09-25 12:39:09,745 [pool-127-thread-1] INFO  server.RaftServerConfigKeys (ConfUtils.java:logGet(43)) - raft.server.log.statemachine.data.sync.timeout.retry = -1 (default)
2019-09-25 12:39:09,745 [pool-127-thread-1] INFO  server.RaftServerConfigKeys (ConfUtils.java:logGet(43)) - raft.server.log.statemachine.data.caching.enabled = true (custom)
2019-09-25 12:39:09,745 [pool-127-thread-1] INFO  segmented.SegmentedRaftLogWorker (SegmentedRaftLogWorker.java:lambda$new$0(132)) - 3e5a13d1-053a-49e9-83b0-637d290f3a88@group-8BA9DE8C608B-SegmentedRaftLogWorker: flushIndex: setUnconditionally 0 -> -1
2019-09-25 12:39:09,745 [pool-127-thread-1] INFO  server.RaftServerConfigKeys (ConfUtils.java:logGet(43)) - raft.server.snapshot.auto.trigger.enabled = true (custom)
2019-09-25 12:39:09,745 [pool-127-thread-1] INFO  server.RaftServerConfigKeys (ConfUtils.java:logGet(43)) - raft.server.snapshot.auto.trigger.threshold = 10000 (custom)
2019-09-25 12:39:09,745 [pool-127-thread-1] INFO  server.RaftServerConfigKeys (ConfUtils.java:logGet(43)) - raft.server.snapshot.retention.num.files = 5 (custom)
2019-09-25 12:39:09,746 [pool-127-thread-1] INFO  server.RaftServerConfigKeys (ConfUtils.java:logGet(43)) - raft.server.retrycache.expirytime = 600000ms (custom)
2019-09-25 12:39:09,747 [pool-127-thread-1] INFO  impl.RaftServerImpl (RaftServerImpl.java:start(185)) - 3e5a13d1-053a-49e9-83b0-637d290f3a88@group-8BA9DE8C608B: start as a follower, conf=-1: [3e5a13d1-053a-49e9-83b0-637d290f3a88:192.168.151.73:45887], old=null
2019-09-25 12:39:09,748 [pool-127-thread-1] INFO  impl.RaftServerImpl (RaftServerImpl.java:setRole(174)) - 3e5a13d1-053a-49e9-83b0-637d290f3a88@group-8BA9DE8C608B: changes role from      null to FOLLOWER at term 0 for startAsFollower
2019-09-25 12:39:09,748 [pool-127-thread-1] INFO  impl.RoleInfo (RoleInfo.java:updateAndGet(143)) - 3e5a13d1-053a-49e9-83b0-637d290f3a88: start FollowerState
2019-09-25 12:39:09,748 [pool-127-thread-1] INFO  util.JmxRegister (JmxRegister.java:tryRegister(44)) - Successfully registered JMX Bean with object name Ratis:service=RaftServer,group=group-8BA9DE8C608B,id=3e5a13d1-053a-49e9-83b0-637d290f3a88
2019-09-25 12:39:09,751 [RatisPipelineUtilsThread] INFO  pipeline.PipelineStateManager (PipelineStateManager.java:addPipeline(56)) - Created pipeline Pipeline[ Id: d42e7609-6c28-49de-b7e2-8ba9de8c608b, Nodes: 3e5a13d1-053a-49e9-83b0-637d290f3a88{ip: 192.168.151.73, host: pr-hdds-1569-shd4m-3693607622, networkLocation: /default-rack, certSerialId: null}, Type:RATIS, Factor:ONE, State:OPEN]
2019-09-25 12:39:09,751 [RatisPipelineUtilsThread] INFO  pipeline.PipelinePlacementPolicy (PipelinePlacementPolicy.java:meetCriteria(91)) - Pipeline Placement: can't place more pipeline on heavy datanode： 3e5a13d1-053a-49e9-83b0-637d290f3a88 Heaviness: 6 limit: 5
2019-09-25 12:39:09,756 [grpc-default-executor-0] INFO  impl.RaftServerProxy (RaftServerProxy.java:addNew(89)) - f7c49c51-1121-4e1e-9c01-74e537549b8a: addNew group-12AF4A6F45E1:[f7c49c51-1121-4e1e-9c01-74e537549b8a:192.168.151.73:37391] returns group-12AF4A6F45E1:java.util.concurrent.CompletableFuture@7bef27f0[Not completed]
2019-09-25 12:39:09,758 [pool-147-thread-1] INFO  impl.RaftServerImpl (RaftServerImpl.java:<init>(95)) - f7c49c51-1121-4e1e-9c01-74e537549b8a: new RaftServerImpl for group-12AF4A6F45E1:[f7c49c51-1121-4e1e-9c01-74e537549b8a:192.168.151.73:37391] with ContainerStateMachine:uninitialized
2019-09-25 12:39:09,758 [pool-147-thread-1] INFO  server.RaftServerConfigKeys (ConfUtils.java:logGet(43)) - raft.server.rpc.timeout.min = 5s (custom)
2019-09-25 12:39:09,758 [pool-147-thread-1] INFO  server.RaftServerConfigKeys (ConfUtils.java:logGet(43)) - raft.server.rpc.timeout.max = 5200ms (custom)
2019-09-25 12:39:09,758 [pool-147-thread-1] INFO  server.RaftServerConfigKeys (ConfUtils.java:logGet(43)) - raft.server.rpcslowness.timeout = 120s (custom)
2019-09-25 12:39:09,758 [pool-147-thread-1] INFO  server.RaftServerConfigKeys (ConfUtils.java:logGet(43)) - raft.server.sleep.deviation.threshold = 300 (default)
2019-09-25 12:39:09,758 [pool-147-thread-1] INFO  server.RaftServerConfigKeys (ConfUtils.java:logGet(43)) - raft.server.log.appender.install.snapshot.enabled = false (custom)
2019-09-25 12:39:09,758 [pool-147-thread-1] INFO  impl.RaftServerImpl (ServerState.java:<init>(103)) - f7c49c51-1121-4e1e-9c01-74e537549b8a@group-12AF4A6F45E1: ConfigurationManager, init=-1: [f7c49c51-1121-4e1e-9c01-74e537549b8a:192.168.151.73:37391], old=null, confs=<EMPTY_MAP>
2019-09-25 12:39:09,758 [pool-147-thread-1] INFO  server.RaftServerConfigKeys (ConfUtils.java:logGet(43)) - raft.server.storage.dir = [/workdir/hadoop-ozone/integration-test/target/test-dir/MiniOzoneClusterImpl-d0ff48dc-faee-44ca-8dcc-f269a7262391/datanode-2/data/ratis] (custom)
2019-09-25 12:39:09,759 [pool-147-thread-1] INFO  storage.RaftStorageDirectory (RaftStorageDirectory.java:analyzeStorage(246)) - The storage directory /workdir/hadoop-ozone/integration-test/target/test-dir/MiniOzoneClusterImpl-d0ff48dc-faee-44ca-8dcc-f269a7262391/datanode-2/data/ratis/df36e092-07eb-47da-8d14-12af4a6f45e1 does not exist. Creating ...
2019-09-25 12:39:09,771 [pool-147-thread-1] INFO  storage.RaftStorageDirectory (RaftStorageDirectory.java:tryLock(328)) - Lock on /workdir/hadoop-ozone/integration-test/target/test-dir/MiniOzoneClusterImpl-d0ff48dc-faee-44ca-8dcc-f269a7262391/datanode-2/data/ratis/df36e092-07eb-47da-8d14-12af4a6f45e1/in_use.lock acquired by nodename 9642@pr-hdds-1569-shd4m-3693607622
2019-09-25 12:39:09,784 [pool-147-thread-1] INFO  storage.RaftStorage (RaftStorage.java:format(72)) - Storage directory /workdir/hadoop-ozone/integration-test/target/test-dir/MiniOzoneClusterImpl-d0ff48dc-faee-44ca-8dcc-f269a7262391/datanode-2/data/ratis/df36e092-07eb-47da-8d14-12af4a6f45e1 has been successfully formatted.
2019-09-25 12:39:09,784 [pool-147-thread-1] INFO  ratis.ContainerStateMachine (ContainerStateMachine.java:loadSnapshot(230)) - group-12AF4A6F45E1: The snapshot info is null. Setting the last applied indexto:(t:0, i:~)
2019-09-25 12:39:09,784 [pool-147-thread-1] INFO  server.RaftServerConfigKeys (ConfUtils.java:logGet(43)) - raft.server.notification.no-leader.timeout = 120s (custom)
2019-09-25 12:39:09,785 [pool-147-thread-1] INFO  server.RaftServerConfigKeys (ConfUtils.java:logGet(43)) - raft.server.log.use.memory = false (default)
2019-09-25 12:39:09,785 [pool-147-thread-1] INFO  server.RaftServerConfigKeys (ConfUtils.java:logGet(43)) - raft.server.log.purge.gap = 1000000 (custom)
2019-09-25 12:39:09,785 [pool-147-thread-1] INFO  server.RaftServerConfigKeys (ConfUtils.java:logGet(43)) - raft.server.log.appender.buffer.byte-limit = 33554432 (custom)
2019-09-25 12:39:09,785 [pool-147-thread-1] INFO  server.RaftServerConfigKeys (ConfUtils.java:logGet(43)) - raft.server.log.segment.size.max = 1048576 (custom)
2019-09-25 12:39:09,785 [pool-147-thread-1] INFO  server.RaftServerConfigKeys (ConfUtils.java:logGet(43)) - raft.server.log.segment.cache.num.max = 2 (custom)
2019-09-25 12:39:09,785 [pool-147-thread-1] INFO  segmented.SegmentedRaftLogWorker (SegmentedRaftLogWorker.java:<init>(172)) - new f7c49c51-1121-4e1e-9c01-74e537549b8a@group-12AF4A6F45E1-SegmentedRaftLogWorker for RaftStorage:Storage Directory /workdir/hadoop-ozone/integration-test/target/test-dir/MiniOzoneClusterImpl-d0ff48dc-faee-44ca-8dcc-f269a7262391/datanode-2/data/ratis/df36e092-07eb-47da-8d14-12af4a6f45e1
2019-09-25 12:39:09,786 [pool-147-thread-1] INFO  server.RaftServerConfigKeys (ConfUtils.java:logGet(43)) - raft.server.log.queue.byte-limit = 2147483647 (custom)
2019-09-25 12:39:09,786 [pool-147-thread-1] INFO  server.RaftServerConfigKeys (ConfUtils.java:logGet(43)) - raft.server.log.queue.element-limit = 1024 (custom)
2019-09-25 12:39:09,786 [pool-147-thread-1] INFO  server.RaftServerConfigKeys (ConfUtils.java:logGet(43)) - raft.server.log.segment.size.max = 1048576 (custom)
2019-09-25 12:39:09,786 [pool-147-thread-1] INFO  server.RaftServerConfigKeys (ConfUtils.java:logGet(43)) - raft.server.log.preallocated.size = 16384 (custom)
2019-09-25 12:39:09,786 [pool-147-thread-1] INFO  server.RaftServerConfigKeys (ConfUtils.java:logGet(43)) - raft.server.log.write.buffer.size = 33554432 (custom)
2019-09-25 12:39:09,786 [pool-147-thread-1] INFO  server.RaftServerConfigKeys (ConfUtils.java:logGet(43)) - raft.server.log.force.sync.num = 128 (default)
2019-09-25 12:39:09,787 [pool-147-thread-1] INFO  server.RaftServerConfigKeys (ConfUtils.java:logGet(43)) - raft.server.log.statemachine.data.sync = true (default)
2019-09-25 12:39:09,787 [pool-147-thread-1] INFO  server.RaftServerConfigKeys (ConfUtils.java:logGet(43)) - raft.server.log.statemachine.data.sync.timeout = 10s (default)
2019-09-25 12:39:09,787 [pool-147-thread-1] INFO  server.RaftServerConfigKeys (ConfUtils.java:logGet(43)) - raft.server.log.statemachine.data.sync.timeout.retry = -1 (default)
2019-09-25 12:39:09,787 [pool-147-thread-1] INFO  server.RaftServerConfigKeys (ConfUtils.java:logGet(43)) - raft.server.log.statemachine.data.caching.enabled = true (custom)
2019-09-25 12:39:09,787 [pool-147-thread-1] INFO  segmented.SegmentedRaftLogWorker (SegmentedRaftLogWorker.java:lambda$new$0(132)) - f7c49c51-1121-4e1e-9c01-74e537549b8a@group-12AF4A6F45E1-SegmentedRaftLogWorker: flushIndex: setUnconditionally 0 -> -1
2019-09-25 12:39:09,788 [pool-147-thread-1] INFO  server.RaftServerConfigKeys (ConfUtils.java:logGet(43)) - raft.server.snapshot.auto.trigger.enabled = true (custom)
2019-09-25 12:39:09,788 [pool-147-thread-1] INFO  server.RaftServerConfigKeys (ConfUtils.java:logGet(43)) - raft.server.snapshot.auto.trigger.threshold = 10000 (custom)
2019-09-25 12:39:09,788 [pool-147-thread-1] INFO  server.RaftServerConfigKeys (ConfUtils.java:logGet(43)) - raft.server.snapshot.retention.num.files = 5 (custom)
2019-09-25 12:39:09,788 [pool-147-thread-1] INFO  server.RaftServerConfigKeys (ConfUtils.java:logGet(43)) - raft.server.retrycache.expirytime = 600000ms (custom)
2019-09-25 12:39:09,790 [pool-147-thread-1] INFO  impl.RaftServerImpl (RaftServerImpl.java:start(185)) - f7c49c51-1121-4e1e-9c01-74e537549b8a@group-12AF4A6F45E1: start as a follower, conf=-1: [f7c49c51-1121-4e1e-9c01-74e537549b8a:192.168.151.73:37391], old=null
2019-09-25 12:39:09,790 [pool-147-thread-1] INFO  impl.RaftServerImpl (RaftServerImpl.java:setRole(174)) - f7c49c51-1121-4e1e-9c01-74e537549b8a@group-12AF4A6F45E1: changes role from      null to FOLLOWER at term 0 for startAsFollower
2019-09-25 12:39:09,790 [pool-147-thread-1] INFO  impl.RoleInfo (RoleInfo.java:updateAndGet(143)) - f7c49c51-1121-4e1e-9c01-74e537549b8a: start FollowerState
2019-09-25 12:39:09,791 [pool-147-thread-1] INFO  util.JmxRegister (JmxRegister.java:tryRegister(44)) - Successfully registered JMX Bean with object name Ratis:service=RaftServer,group=group-12AF4A6F45E1,id=f7c49c51-1121-4e1e-9c01-74e537549b8a
2019-09-25 12:39:09,793 [RatisPipelineUtilsThread] INFO  pipeline.PipelineStateManager (PipelineStateManager.java:addPipeline(56)) - Created pipeline Pipeline[ Id: df36e092-07eb-47da-8d14-12af4a6f45e1, Nodes: f7c49c51-1121-4e1e-9c01-74e537549b8a{ip: 192.168.151.73, host: pr-hdds-1569-shd4m-3693607622, networkLocation: /default-rack, certSerialId: null}, Type:RATIS, Factor:ONE, State:OPEN]
2019-09-25 12:39:09,794 [RatisPipelineUtilsThread] INFO  pipeline.PipelinePlacementPolicy (PipelinePlacementPolicy.java:meetCriteria(91)) - Pipeline Placement: can't place more pipeline on heavy datanode： 3e5a13d1-053a-49e9-83b0-637d290f3a88 Heaviness: 6 limit: 5
2019-09-25 12:39:09,799 [grpc-default-executor-0] INFO  impl.RaftServerProxy (RaftServerProxy.java:addNew(89)) - 0c10ee7a-d1f3-4d15-a97d-be3bd840fe5f: addNew group-84AE74912DA6:[0c10ee7a-d1f3-4d15-a97d-be3bd840fe5f:192.168.151.73:37077] returns group-84AE74912DA6:java.util.concurrent.CompletableFuture@6119bd5c[Not completed]
2019-09-25 12:39:09,800 [pool-137-thread-1] INFO  impl.RaftServerImpl (RaftServerImpl.java:<init>(95)) - 0c10ee7a-d1f3-4d15-a97d-be3bd840fe5f: new RaftServerImpl for group-84AE74912DA6:[0c10ee7a-d1f3-4d15-a97d-be3bd840fe5f:192.168.151.73:37077] with ContainerStateMachine:uninitialized
2019-09-25 12:39:09,800 [pool-137-thread-1] INFO  server.RaftServerConfigKeys (ConfUtils.java:logGet(43)) - raft.server.rpc.timeout.min = 5s (custom)
2019-09-25 12:39:09,800 [pool-137-thread-1] INFO  server.RaftServerConfigKeys (ConfUtils.java:logGet(43)) - raft.server.rpc.timeout.max = 5200ms (custom)
2019-09-25 12:39:09,800 [pool-137-thread-1] INFO  server.RaftServerConfigKeys (ConfUtils.java:logGet(43)) - raft.server.rpcslowness.timeout = 120s (custom)
2019-09-25 12:39:09,800 [pool-137-thread-1] INFO  server.RaftServerConfigKeys (ConfUtils.java:logGet(43)) - raft.server.sleep.deviation.threshold = 300 (default)
2019-09-25 12:39:09,801 [pool-137-thread-1] INFO  server.RaftServerConfigKeys (ConfUtils.java:logGet(43)) - raft.server.log.appender.install.snapshot.enabled = false (custom)
2019-09-25 12:39:09,801 [pool-137-thread-1] INFO  impl.RaftServerImpl (ServerState.java:<init>(103)) - 0c10ee7a-d1f3-4d15-a97d-be3bd840fe5f@group-84AE74912DA6: ConfigurationManager, init=-1: [0c10ee7a-d1f3-4d15-a97d-be3bd840fe5f:192.168.151.73:37077], old=null, confs=<EMPTY_MAP>
2019-09-25 12:39:09,801 [pool-137-thread-1] INFO  server.RaftServerConfigKeys (ConfUtils.java:logGet(43)) - raft.server.storage.dir = [/workdir/hadoop-ozone/integration-test/target/test-dir/MiniOzoneClusterImpl-d0ff48dc-faee-44ca-8dcc-f269a7262391/datanode-1/data/ratis] (custom)
2019-09-25 12:39:09,802 [pool-137-thread-1] INFO  storage.RaftStorageDirectory (RaftStorageDirectory.java:analyzeStorage(246)) - The storage directory /workdir/hadoop-ozone/integration-test/target/test-dir/MiniOzoneClusterImpl-d0ff48dc-faee-44ca-8dcc-f269a7262391/datanode-1/data/ratis/03d63c7b-da8e-4871-a9be-84ae74912da6 does not exist. Creating ...
2019-09-25 12:39:09,814 [pool-137-thread-1] INFO  storage.RaftStorageDirectory (RaftStorageDirectory.java:tryLock(328)) - Lock on /workdir/hadoop-ozone/integration-test/target/test-dir/MiniOzoneClusterImpl-d0ff48dc-faee-44ca-8dcc-f269a7262391/datanode-1/data/ratis/03d63c7b-da8e-4871-a9be-84ae74912da6/in_use.lock acquired by nodename 9642@pr-hdds-1569-shd4m-3693607622
2019-09-25 12:39:09,827 [pool-137-thread-1] INFO  storage.RaftStorage (RaftStorage.java:format(72)) - Storage directory /workdir/hadoop-ozone/integration-test/target/test-dir/MiniOzoneClusterImpl-d0ff48dc-faee-44ca-8dcc-f269a7262391/datanode-1/data/ratis/03d63c7b-da8e-4871-a9be-84ae74912da6 has been successfully formatted.
2019-09-25 12:39:09,827 [pool-137-thread-1] INFO  ratis.ContainerStateMachine (ContainerStateMachine.java:loadSnapshot(230)) - group-84AE74912DA6: The snapshot info is null. Setting the last applied indexto:(t:0, i:~)
2019-09-25 12:39:09,827 [pool-137-thread-1] INFO  server.RaftServerConfigKeys (ConfUtils.java:logGet(43)) - raft.server.notification.no-leader.timeout = 120s (custom)
2019-09-25 12:39:09,828 [pool-137-thread-1] INFO  server.RaftServerConfigKeys (ConfUtils.java:logGet(43)) - raft.server.log.use.memory = false (default)
2019-09-25 12:39:09,828 [pool-137-thread-1] INFO  server.RaftServerConfigKeys (ConfUtils.java:logGet(43)) - raft.server.log.purge.gap = 1000000 (custom)
2019-09-25 12:39:09,828 [pool-137-thread-1] INFO  server.RaftServerConfigKeys (ConfUtils.java:logGet(43)) - raft.server.log.appender.buffer.byte-limit = 33554432 (custom)
2019-09-25 12:39:09,828 [pool-137-thread-1] INFO  server.RaftServerConfigKeys (ConfUtils.java:logGet(43)) - raft.server.log.segment.size.max = 1048576 (custom)
2019-09-25 12:39:09,828 [pool-137-thread-1] INFO  server.RaftServerConfigKeys (ConfUtils.java:logGet(43)) - raft.server.log.segment.cache.num.max = 2 (custom)
2019-09-25 12:39:09,828 [pool-137-thread-1] INFO  segmented.SegmentedRaftLogWorker (SegmentedRaftLogWorker.java:<init>(172)) - new 0c10ee7a-d1f3-4d15-a97d-be3bd840fe5f@group-84AE74912DA6-SegmentedRaftLogWorker for RaftStorage:Storage Directory /workdir/hadoop-ozone/integration-test/target/test-dir/MiniOzoneClusterImpl-d0ff48dc-faee-44ca-8dcc-f269a7262391/datanode-1/data/ratis/03d63c7b-da8e-4871-a9be-84ae74912da6
2019-09-25 12:39:09,828 [pool-137-thread-1] INFO  server.RaftServerConfigKeys (ConfUtils.java:logGet(43)) - raft.server.log.queue.byte-limit = 2147483647 (custom)
2019-09-25 12:39:09,828 [pool-137-thread-1] INFO  server.RaftServerConfigKeys (ConfUtils.java:logGet(43)) - raft.server.log.queue.element-limit = 1024 (custom)
2019-09-25 12:39:09,829 [pool-137-thread-1] INFO  server.RaftServerConfigKeys (ConfUtils.java:logGet(43)) - raft.server.log.segment.size.max = 1048576 (custom)
2019-09-25 12:39:09,829 [pool-137-thread-1] INFO  server.RaftServerConfigKeys (ConfUtils.java:logGet(43)) - raft.server.log.preallocated.size = 16384 (custom)
2019-09-25 12:39:09,829 [pool-137-thread-1] INFO  server.RaftServerConfigKeys (ConfUtils.java:logGet(43)) - raft.server.log.write.buffer.size = 33554432 (custom)
2019-09-25 12:39:09,829 [pool-137-thread-1] INFO  server.RaftServerConfigKeys (ConfUtils.java:logGet(43)) - raft.server.log.force.sync.num = 128 (default)
2019-09-25 12:39:09,829 [pool-137-thread-1] INFO  server.RaftServerConfigKeys (ConfUtils.java:logGet(43)) - raft.server.log.statemachine.data.sync = true (default)
2019-09-25 12:39:09,829 [pool-137-thread-1] INFO  server.RaftServerConfigKeys (ConfUtils.java:logGet(43)) - raft.server.log.statemachine.data.sync.timeout = 10s (default)
2019-09-25 12:39:09,829 [pool-137-thread-1] INFO  server.RaftServerConfigKeys (ConfUtils.java:logGet(43)) - raft.server.log.statemachine.data.sync.timeout.retry = -1 (default)
2019-09-25 12:39:09,829 [pool-137-thread-1] INFO  server.RaftServerConfigKeys (ConfUtils.java:logGet(43)) - raft.server.log.statemachine.data.caching.enabled = true (custom)
2019-09-25 12:39:09,830 [pool-137-thread-1] INFO  segmented.SegmentedRaftLogWorker (SegmentedRaftLogWorker.java:lambda$new$0(132)) - 0c10ee7a-d1f3-4d15-a97d-be3bd840fe5f@group-84AE74912DA6-SegmentedRaftLogWorker: flushIndex: setUnconditionally 0 -> -1
2019-09-25 12:39:09,830 [pool-137-thread-1] INFO  server.RaftServerConfigKeys (ConfUtils.java:logGet(43)) - raft.server.snapshot.auto.trigger.enabled = true (custom)
2019-09-25 12:39:09,830 [pool-137-thread-1] INFO  server.RaftServerConfigKeys (ConfUtils.java:logGet(43)) - raft.server.snapshot.auto.trigger.threshold = 10000 (custom)
2019-09-25 12:39:09,830 [pool-137-thread-1] INFO  server.RaftServerConfigKeys (ConfUtils.java:logGet(43)) - raft.server.snapshot.retention.num.files = 5 (custom)
2019-09-25 12:39:09,830 [pool-137-thread-1] INFO  server.RaftServerConfigKeys (ConfUtils.java:logGet(43)) - raft.server.retrycache.expirytime = 600000ms (custom)
2019-09-25 12:39:09,832 [pool-137-thread-1] INFO  impl.RaftServerImpl (RaftServerImpl.java:start(185)) - 0c10ee7a-d1f3-4d15-a97d-be3bd840fe5f@group-84AE74912DA6: start as a follower, conf=-1: [0c10ee7a-d1f3-4d15-a97d-be3bd840fe5f:192.168.151.73:37077], old=null
2019-09-25 12:39:09,832 [pool-137-thread-1] INFO  impl.RaftServerImpl (RaftServerImpl.java:setRole(174)) - 0c10ee7a-d1f3-4d15-a97d-be3bd840fe5f@group-84AE74912DA6: changes role from      null to FOLLOWER at term 0 for startAsFollower
2019-09-25 12:39:09,833 [pool-137-thread-1] INFO  impl.RoleInfo (RoleInfo.java:updateAndGet(143)) - 0c10ee7a-d1f3-4d15-a97d-be3bd840fe5f: start FollowerState
2019-09-25 12:39:09,833 [pool-137-thread-1] INFO  util.JmxRegister (JmxRegister.java:tryRegister(44)) - Successfully registered JMX Bean with object name Ratis:service=RaftServer,group=group-84AE74912DA6,id=0c10ee7a-d1f3-4d15-a97d-be3bd840fe5f
2019-09-25 12:39:09,836 [RatisPipelineUtilsThread] INFO  pipeline.PipelineStateManager (PipelineStateManager.java:addPipeline(56)) - Created pipeline Pipeline[ Id: 03d63c7b-da8e-4871-a9be-84ae74912da6, Nodes: 0c10ee7a-d1f3-4d15-a97d-be3bd840fe5f{ip: 192.168.151.73, host: pr-hdds-1569-shd4m-3693607622, networkLocation: /default-rack, certSerialId: null}, Type:RATIS, Factor:ONE, State:OPEN]
2019-09-25 12:39:09,836 [RatisPipelineUtilsThread] INFO  pipeline.PipelinePlacementPolicy (PipelinePlacementPolicy.java:meetCriteria(91)) - Pipeline Placement: can't place more pipeline on heavy datanode： 3e5a13d1-053a-49e9-83b0-637d290f3a88 Heaviness: 6 limit: 5
2019-09-25 12:39:09,842 [grpc-default-executor-0] INFO  impl.RaftServerProxy (RaftServerProxy.java:addNew(89)) - 0c10ee7a-d1f3-4d15-a97d-be3bd840fe5f: addNew group-C6223EAEA39A:[0c10ee7a-d1f3-4d15-a97d-be3bd840fe5f:192.168.151.73:37077] returns group-C6223EAEA39A:java.util.concurrent.CompletableFuture@669b8d2a[Not completed]
2019-09-25 12:39:09,843 [pool-137-thread-1] INFO  impl.RaftServerImpl (RaftServerImpl.java:<init>(95)) - 0c10ee7a-d1f3-4d15-a97d-be3bd840fe5f: new RaftServerImpl for group-C6223EAEA39A:[0c10ee7a-d1f3-4d15-a97d-be3bd840fe5f:192.168.151.73:37077] with ContainerStateMachine:uninitialized
2019-09-25 12:39:09,844 [pool-137-thread-1] INFO  server.RaftServerConfigKeys (ConfUtils.java:logGet(43)) - raft.server.rpc.timeout.min = 5s (custom)
2019-09-25 12:39:09,844 [pool-137-thread-1] INFO  server.RaftServerConfigKeys (ConfUtils.java:logGet(43)) - raft.server.rpc.timeout.max = 5200ms (custom)
2019-09-25 12:39:09,844 [pool-137-thread-1] INFO  server.RaftServerConfigKeys (ConfUtils.java:logGet(43)) - raft.server.rpcslowness.timeout = 120s (custom)
2019-09-25 12:39:09,844 [pool-137-thread-1] INFO  server.RaftServerConfigKeys (ConfUtils.java:logGet(43)) - raft.server.sleep.deviation.threshold = 300 (default)
2019-09-25 12:39:09,844 [pool-137-thread-1] INFO  server.RaftServerConfigKeys (ConfUtils.java:logGet(43)) - raft.server.log.appender.install.snapshot.enabled = false (custom)
2019-09-25 12:39:09,844 [pool-137-thread-1] INFO  impl.RaftServerImpl (ServerState.java:<init>(103)) - 0c10ee7a-d1f3-4d15-a97d-be3bd840fe5f@group-C6223EAEA39A: ConfigurationManager, init=-1: [0c10ee7a-d1f3-4d15-a97d-be3bd840fe5f:192.168.151.73:37077], old=null, confs=<EMPTY_MAP>
2019-09-25 12:39:09,844 [pool-137-thread-1] INFO  server.RaftServerConfigKeys (ConfUtils.java:logGet(43)) - raft.server.storage.dir = [/workdir/hadoop-ozone/integration-test/target/test-dir/MiniOzoneClusterImpl-d0ff48dc-faee-44ca-8dcc-f269a7262391/datanode-1/data/ratis] (custom)
2019-09-25 12:39:09,845 [pool-137-thread-1] INFO  storage.RaftStorageDirectory (RaftStorageDirectory.java:analyzeStorage(246)) - The storage directory /workdir/hadoop-ozone/integration-test/target/test-dir/MiniOzoneClusterImpl-d0ff48dc-faee-44ca-8dcc-f269a7262391/datanode-1/data/ratis/2368a375-09c1-4e72-9995-c6223eaea39a does not exist. Creating ...
2019-09-25 12:39:09,857 [pool-137-thread-1] INFO  storage.RaftStorageDirectory (RaftStorageDirectory.java:tryLock(328)) - Lock on /workdir/hadoop-ozone/integration-test/target/test-dir/MiniOzoneClusterImpl-d0ff48dc-faee-44ca-8dcc-f269a7262391/datanode-1/data/ratis/2368a375-09c1-4e72-9995-c6223eaea39a/in_use.lock acquired by nodename 9642@pr-hdds-1569-shd4m-3693607622
2019-09-25 12:39:09,870 [pool-137-thread-1] INFO  storage.RaftStorage (RaftStorage.java:format(72)) - Storage directory /workdir/hadoop-ozone/integration-test/target/test-dir/MiniOzoneClusterImpl-d0ff48dc-faee-44ca-8dcc-f269a7262391/datanode-1/data/ratis/2368a375-09c1-4e72-9995-c6223eaea39a has been successfully formatted.
2019-09-25 12:39:09,870 [pool-137-thread-1] INFO  ratis.ContainerStateMachine (ContainerStateMachine.java:loadSnapshot(230)) - group-C6223EAEA39A: The snapshot info is null. Setting the last applied indexto:(t:0, i:~)
2019-09-25 12:39:09,870 [pool-137-thread-1] INFO  server.RaftServerConfigKeys (ConfUtils.java:logGet(43)) - raft.server.notification.no-leader.timeout = 120s (custom)
2019-09-25 12:39:09,870 [pool-137-thread-1] INFO  server.RaftServerConfigKeys (ConfUtils.java:logGet(43)) - raft.server.log.use.memory = false (default)
2019-09-25 12:39:09,870 [pool-137-thread-1] INFO  server.RaftServerConfigKeys (ConfUtils.java:logGet(43)) - raft.server.log.purge.gap = 1000000 (custom)
2019-09-25 12:39:09,870 [pool-137-thread-1] INFO  server.RaftServerConfigKeys (ConfUtils.java:logGet(43)) - raft.server.log.appender.buffer.byte-limit = 33554432 (custom)
2019-09-25 12:39:09,870 [pool-137-thread-1] INFO  server.RaftServerConfigKeys (ConfUtils.java:logGet(43)) - raft.server.log.segment.size.max = 1048576 (custom)
2019-09-25 12:39:09,871 [pool-137-thread-1] INFO  server.RaftServerConfigKeys (ConfUtils.java:logGet(43)) - raft.server.log.segment.cache.num.max = 2 (custom)
2019-09-25 12:39:09,871 [pool-137-thread-1] INFO  segmented.SegmentedRaftLogWorker (SegmentedRaftLogWorker.java:<init>(172)) - new 0c10ee7a-d1f3-4d15-a97d-be3bd840fe5f@group-C6223EAEA39A-SegmentedRaftLogWorker for RaftStorage:Storage Directory /workdir/hadoop-ozone/integration-test/target/test-dir/MiniOzoneClusterImpl-d0ff48dc-faee-44ca-8dcc-f269a7262391/datanode-1/data/ratis/2368a375-09c1-4e72-9995-c6223eaea39a
2019-09-25 12:39:09,871 [pool-137-thread-1] INFO  server.RaftServerConfigKeys (ConfUtils.java:logGet(43)) - raft.server.log.queue.byte-limit = 2147483647 (custom)
2019-09-25 12:39:09,871 [pool-137-thread-1] INFO  server.RaftServerConfigKeys (ConfUtils.java:logGet(43)) - raft.server.log.queue.element-limit = 1024 (custom)
2019-09-25 12:39:09,871 [pool-137-thread-1] INFO  server.RaftServerConfigKeys (ConfUtils.java:logGet(43)) - raft.server.log.segment.size.max = 1048576 (custom)
2019-09-25 12:39:09,871 [pool-137-thread-1] INFO  server.RaftServerConfigKeys (ConfUtils.java:logGet(43)) - raft.server.log.preallocated.size = 16384 (custom)
2019-09-25 12:39:09,871 [pool-137-thread-1] INFO  server.RaftServerConfigKeys (ConfUtils.java:logGet(43)) - raft.server.log.write.buffer.size = 33554432 (custom)
2019-09-25 12:39:09,871 [pool-137-thread-1] INFO  server.RaftServerConfigKeys (ConfUtils.java:logGet(43)) - raft.server.log.force.sync.num = 128 (default)
2019-09-25 12:39:09,871 [pool-137-thread-1] INFO  server.RaftServerConfigKeys (ConfUtils.java:logGet(43)) - raft.server.log.statemachine.data.sync = true (default)
2019-09-25 12:39:09,871 [pool-137-thread-1] INFO  server.RaftServerConfigKeys (ConfUtils.java:logGet(43)) - raft.server.log.statemachine.data.sync.timeout = 10s (default)
2019-09-25 12:39:09,872 [pool-137-thread-1] INFO  server.RaftServerConfigKeys (ConfUtils.java:logGet(43)) - raft.server.log.statemachine.data.sync.timeout.retry = -1 (default)
2019-09-25 12:39:09,872 [pool-137-thread-1] INFO  server.RaftServerConfigKeys (ConfUtils.java:logGet(43)) - raft.server.log.statemachine.data.caching.enabled = true (custom)
2019-09-25 12:39:09,872 [pool-137-thread-1] INFO  segmented.SegmentedRaftLogWorker (SegmentedRaftLogWorker.java:lambda$new$0(132)) - 0c10ee7a-d1f3-4d15-a97d-be3bd840fe5f@group-C6223EAEA39A-SegmentedRaftLogWorker: flushIndex: setUnconditionally 0 -> -1
2019-09-25 12:39:09,872 [pool-137-thread-1] INFO  server.RaftServerConfigKeys (ConfUtils.java:logGet(43)) - raft.server.snapshot.auto.trigger.enabled = true (custom)
2019-09-25 12:39:09,872 [pool-137-thread-1] INFO  server.RaftServerConfigKeys (ConfUtils.java:logGet(43)) - raft.server.snapshot.auto.trigger.threshold = 10000 (custom)
2019-09-25 12:39:09,872 [pool-137-thread-1] INFO  server.RaftServerConfigKeys (ConfUtils.java:logGet(43)) - raft.server.snapshot.retention.num.files = 5 (custom)
2019-09-25 12:39:09,873 [pool-137-thread-1] INFO  server.RaftServerConfigKeys (ConfUtils.java:logGet(43)) - raft.server.retrycache.expirytime = 600000ms (custom)
2019-09-25 12:39:09,874 [pool-137-thread-1] INFO  impl.RaftServerImpl (RaftServerImpl.java:start(185)) - 0c10ee7a-d1f3-4d15-a97d-be3bd840fe5f@group-C6223EAEA39A: start as a follower, conf=-1: [0c10ee7a-d1f3-4d15-a97d-be3bd840fe5f:192.168.151.73:37077], old=null
2019-09-25 12:39:09,874 [pool-137-thread-1] INFO  impl.RaftServerImpl (RaftServerImpl.java:setRole(174)) - 0c10ee7a-d1f3-4d15-a97d-be3bd840fe5f@group-C6223EAEA39A: changes role from      null to FOLLOWER at term 0 for startAsFollower
2019-09-25 12:39:09,874 [pool-137-thread-1] INFO  impl.RoleInfo (RoleInfo.java:updateAndGet(143)) - 0c10ee7a-d1f3-4d15-a97d-be3bd840fe5f: start FollowerState
2019-09-25 12:39:09,875 [pool-137-thread-1] INFO  util.JmxRegister (JmxRegister.java:tryRegister(44)) - Successfully registered JMX Bean with object name Ratis:service=RaftServer,group=group-C6223EAEA39A,id=0c10ee7a-d1f3-4d15-a97d-be3bd840fe5f
2019-09-25 12:39:09,877 [RatisPipelineUtilsThread] INFO  pipeline.PipelineStateManager (PipelineStateManager.java:addPipeline(56)) - Created pipeline Pipeline[ Id: 2368a375-09c1-4e72-9995-c6223eaea39a, Nodes: 0c10ee7a-d1f3-4d15-a97d-be3bd840fe5f{ip: 192.168.151.73, host: pr-hdds-1569-shd4m-3693607622, networkLocation: /default-rack, certSerialId: null}, Type:RATIS, Factor:ONE, State:OPEN]
2019-09-25 12:39:09,878 [RatisPipelineUtilsThread] INFO  pipeline.PipelinePlacementPolicy (PipelinePlacementPolicy.java:meetCriteria(91)) - Pipeline Placement: can't place more pipeline on heavy datanode： 3e5a13d1-053a-49e9-83b0-637d290f3a88 Heaviness: 6 limit: 5
2019-09-25 12:39:09,883 [grpc-default-executor-0] INFO  impl.RaftServerProxy (RaftServerProxy.java:addNew(89)) - f7c49c51-1121-4e1e-9c01-74e537549b8a: addNew group-6769D5DCA3B4:[f7c49c51-1121-4e1e-9c01-74e537549b8a:192.168.151.73:37391] returns group-6769D5DCA3B4:java.util.concurrent.CompletableFuture@80ec36[Not completed]
2019-09-25 12:39:09,885 [pool-147-thread-1] INFO  impl.RaftServerImpl (RaftServerImpl.java:<init>(95)) - f7c49c51-1121-4e1e-9c01-74e537549b8a: new RaftServerImpl for group-6769D5DCA3B4:[f7c49c51-1121-4e1e-9c01-74e537549b8a:192.168.151.73:37391] with ContainerStateMachine:uninitialized
2019-09-25 12:39:09,885 [pool-147-thread-1] INFO  server.RaftServerConfigKeys (ConfUtils.java:logGet(43)) - raft.server.rpc.timeout.min = 5s (custom)
2019-09-25 12:39:09,885 [pool-147-thread-1] INFO  server.RaftServerConfigKeys (ConfUtils.java:logGet(43)) - raft.server.rpc.timeout.max = 5200ms (custom)
2019-09-25 12:39:09,885 [pool-147-thread-1] INFO  server.RaftServerConfigKeys (ConfUtils.java:logGet(43)) - raft.server.rpcslowness.timeout = 120s (custom)
2019-09-25 12:39:09,885 [pool-147-thread-1] INFO  server.RaftServerConfigKeys (ConfUtils.java:logGet(43)) - raft.server.sleep.deviation.threshold = 300 (default)
2019-09-25 12:39:09,886 [pool-147-thread-1] INFO  server.RaftServerConfigKeys (ConfUtils.java:logGet(43)) - raft.server.log.appender.install.snapshot.enabled = false (custom)
2019-09-25 12:39:09,886 [pool-147-thread-1] INFO  impl.RaftServerImpl (ServerState.java:<init>(103)) - f7c49c51-1121-4e1e-9c01-74e537549b8a@group-6769D5DCA3B4: ConfigurationManager, init=-1: [f7c49c51-1121-4e1e-9c01-74e537549b8a:192.168.151.73:37391], old=null, confs=<EMPTY_MAP>
2019-09-25 12:39:09,886 [pool-147-thread-1] INFO  server.RaftServerConfigKeys (ConfUtils.java:logGet(43)) - raft.server.storage.dir = [/workdir/hadoop-ozone/integration-test/target/test-dir/MiniOzoneClusterImpl-d0ff48dc-faee-44ca-8dcc-f269a7262391/datanode-2/data/ratis] (custom)
2019-09-25 12:39:09,886 [pool-147-thread-1] INFO  storage.RaftStorageDirectory (RaftStorageDirectory.java:analyzeStorage(246)) - The storage directory /workdir/hadoop-ozone/integration-test/target/test-dir/MiniOzoneClusterImpl-d0ff48dc-faee-44ca-8dcc-f269a7262391/datanode-2/data/ratis/0d385071-f801-4e9e-b7e7-6769d5dca3b4 does not exist. Creating ...
2019-09-25 12:39:09,899 [pool-147-thread-1] INFO  storage.RaftStorageDirectory (RaftStorageDirectory.java:tryLock(328)) - Lock on /workdir/hadoop-ozone/integration-test/target/test-dir/MiniOzoneClusterImpl-d0ff48dc-faee-44ca-8dcc-f269a7262391/datanode-2/data/ratis/0d385071-f801-4e9e-b7e7-6769d5dca3b4/in_use.lock acquired by nodename 9642@pr-hdds-1569-shd4m-3693607622
2019-09-25 12:39:09,902 [pool-147-thread-1] INFO  storage.RaftStorage (RaftStorage.java:format(72)) - Storage directory /workdir/hadoop-ozone/integration-test/target/test-dir/MiniOzoneClusterImpl-d0ff48dc-faee-44ca-8dcc-f269a7262391/datanode-2/data/ratis/0d385071-f801-4e9e-b7e7-6769d5dca3b4 has been successfully formatted.
2019-09-25 12:39:09,903 [pool-147-thread-1] INFO  ratis.ContainerStateMachine (ContainerStateMachine.java:loadSnapshot(230)) - group-6769D5DCA3B4: The snapshot info is null. Setting the last applied indexto:(t:0, i:~)
2019-09-25 12:39:09,903 [pool-147-thread-1] INFO  server.RaftServerConfigKeys (ConfUtils.java:logGet(43)) - raft.server.notification.no-leader.timeout = 120s (custom)
2019-09-25 12:39:09,903 [pool-147-thread-1] INFO  server.RaftServerConfigKeys (ConfUtils.java:logGet(43)) - raft.server.log.use.memory = false (default)
2019-09-25 12:39:09,903 [pool-147-thread-1] INFO  server.RaftServerConfigKeys (ConfUtils.java:logGet(43)) - raft.server.log.purge.gap = 1000000 (custom)
2019-09-25 12:39:09,903 [pool-147-thread-1] INFO  server.RaftServerConfigKeys (ConfUtils.java:logGet(43)) - raft.server.log.appender.buffer.byte-limit = 33554432 (custom)
2019-09-25 12:39:09,903 [pool-147-thread-1] INFO  server.RaftServerConfigKeys (ConfUtils.java:logGet(43)) - raft.server.log.segment.size.max = 1048576 (custom)
2019-09-25 12:39:09,904 [pool-147-thread-1] INFO  server.RaftServerConfigKeys (ConfUtils.java:logGet(43)) - raft.server.log.segment.cache.num.max = 2 (custom)
2019-09-25 12:39:09,904 [pool-147-thread-1] INFO  segmented.SegmentedRaftLogWorker (SegmentedRaftLogWorker.java:<init>(172)) - new f7c49c51-1121-4e1e-9c01-74e537549b8a@group-6769D5DCA3B4-SegmentedRaftLogWorker for RaftStorage:Storage Directory /workdir/hadoop-ozone/integration-test/target/test-dir/MiniOzoneClusterImpl-d0ff48dc-faee-44ca-8dcc-f269a7262391/datanode-2/data/ratis/0d385071-f801-4e9e-b7e7-6769d5dca3b4
2019-09-25 12:39:09,904 [pool-147-thread-1] INFO  server.RaftServerConfigKeys (ConfUtils.java:logGet(43)) - raft.server.log.queue.byte-limit = 2147483647 (custom)
2019-09-25 12:39:09,904 [pool-147-thread-1] INFO  server.RaftServerConfigKeys (ConfUtils.java:logGet(43)) - raft.server.log.queue.element-limit = 1024 (custom)
2019-09-25 12:39:09,904 [pool-147-thread-1] INFO  server.RaftServerConfigKeys (ConfUtils.java:logGet(43)) - raft.server.log.segment.size.max = 1048576 (custom)
2019-09-25 12:39:09,904 [pool-147-thread-1] INFO  server.RaftServerConfigKeys (ConfUtils.java:logGet(43)) - raft.server.log.preallocated.size = 16384 (custom)
2019-09-25 12:39:09,905 [pool-147-thread-1] INFO  server.RaftServerConfigKeys (ConfUtils.java:logGet(43)) - raft.server.log.write.buffer.size = 33554432 (custom)
2019-09-25 12:39:09,905 [pool-147-thread-1] INFO  server.RaftServerConfigKeys (ConfUtils.java:logGet(43)) - raft.server.log.force.sync.num = 128 (default)
2019-09-25 12:39:09,905 [pool-147-thread-1] INFO  server.RaftServerConfigKeys (ConfUtils.java:logGet(43)) - raft.server.log.statemachine.data.sync = true (default)
2019-09-25 12:39:09,905 [pool-147-thread-1] INFO  server.RaftServerConfigKeys (ConfUtils.java:logGet(43)) - raft.server.log.statemachine.data.sync.timeout = 10s (default)
2019-09-25 12:39:09,905 [pool-147-thread-1] INFO  server.RaftServerConfigKeys (ConfUtils.java:logGet(43)) - raft.server.log.statemachine.data.sync.timeout.retry = -1 (default)
2019-09-25 12:39:09,905 [pool-147-thread-1] INFO  server.RaftServerConfigKeys (ConfUtils.java:logGet(43)) - raft.server.log.statemachine.data.caching.enabled = true (custom)
2019-09-25 12:39:09,906 [pool-147-thread-1] INFO  segmented.SegmentedRaftLogWorker (SegmentedRaftLogWorker.java:lambda$new$0(132)) - f7c49c51-1121-4e1e-9c01-74e537549b8a@group-6769D5DCA3B4-SegmentedRaftLogWorker: flushIndex: setUnconditionally 0 -> -1
2019-09-25 12:39:09,906 [pool-147-thread-1] INFO  server.RaftServerConfigKeys (ConfUtils.java:logGet(43)) - raft.server.snapshot.auto.trigger.enabled = true (custom)
2019-09-25 12:39:09,906 [pool-147-thread-1] INFO  server.RaftServerConfigKeys (ConfUtils.java:logGet(43)) - raft.server.snapshot.auto.trigger.threshold = 10000 (custom)
2019-09-25 12:39:09,906 [pool-147-thread-1] INFO  server.RaftServerConfigKeys (ConfUtils.java:logGet(43)) - raft.server.snapshot.retention.num.files = 5 (custom)
2019-09-25 12:39:09,907 [pool-147-thread-1] INFO  server.RaftServerConfigKeys (ConfUtils.java:logGet(43)) - raft.server.retrycache.expirytime = 600000ms (custom)
2019-09-25 12:39:09,909 [pool-147-thread-1] INFO  impl.RaftServerImpl (RaftServerImpl.java:start(185)) - f7c49c51-1121-4e1e-9c01-74e537549b8a@group-6769D5DCA3B4: start as a follower, conf=-1: [f7c49c51-1121-4e1e-9c01-74e537549b8a:192.168.151.73:37391], old=null
2019-09-25 12:39:09,909 [pool-147-thread-1] INFO  impl.RaftServerImpl (RaftServerImpl.java:setRole(174)) - f7c49c51-1121-4e1e-9c01-74e537549b8a@group-6769D5DCA3B4: changes role from      null to FOLLOWER at term 0 for startAsFollower
2019-09-25 12:39:09,909 [pool-147-thread-1] INFO  impl.RoleInfo (RoleInfo.java:updateAndGet(143)) - f7c49c51-1121-4e1e-9c01-74e537549b8a: start FollowerState
2019-09-25 12:39:09,910 [pool-147-thread-1] INFO  util.JmxRegister (JmxRegister.java:tryRegister(44)) - Successfully registered JMX Bean with object name Ratis:service=RaftServer,group=group-6769D5DCA3B4,id=f7c49c51-1121-4e1e-9c01-74e537549b8a
2019-09-25 12:39:09,912 [RatisPipelineUtilsThread] INFO  pipeline.PipelineStateManager (PipelineStateManager.java:addPipeline(56)) - Created pipeline Pipeline[ Id: 0d385071-f801-4e9e-b7e7-6769d5dca3b4, Nodes: f7c49c51-1121-4e1e-9c01-74e537549b8a{ip: 192.168.151.73, host: pr-hdds-1569-shd4m-3693607622, networkLocation: /default-rack, certSerialId: null}, Type:RATIS, Factor:ONE, State:OPEN]
2019-09-25 12:39:09,913 [RatisPipelineUtilsThread] INFO  pipeline.PipelinePlacementPolicy (PipelinePlacementPolicy.java:meetCriteria(91)) - Pipeline Placement: can't place more pipeline on heavy datanode： 3e5a13d1-053a-49e9-83b0-637d290f3a88 Heaviness: 6 limit: 5
2019-09-25 12:39:09,918 [grpc-default-executor-0] INFO  impl.RaftServerProxy (RaftServerProxy.java:addNew(89)) - 0c10ee7a-d1f3-4d15-a97d-be3bd840fe5f: addNew group-5ED02A435306:[0c10ee7a-d1f3-4d15-a97d-be3bd840fe5f:192.168.151.73:37077] returns group-5ED02A435306:java.util.concurrent.CompletableFuture@111d6e99[Not completed]
2019-09-25 12:39:09,919 [pool-137-thread-1] INFO  impl.RaftServerImpl (RaftServerImpl.java:<init>(95)) - 0c10ee7a-d1f3-4d15-a97d-be3bd840fe5f: new RaftServerImpl for group-5ED02A435306:[0c10ee7a-d1f3-4d15-a97d-be3bd840fe5f:192.168.151.73:37077] with ContainerStateMachine:uninitialized
2019-09-25 12:39:09,919 [pool-137-thread-1] INFO  server.RaftServerConfigKeys (ConfUtils.java:logGet(43)) - raft.server.rpc.timeout.min = 5s (custom)
2019-09-25 12:39:09,920 [pool-137-thread-1] INFO  server.RaftServerConfigKeys (ConfUtils.java:logGet(43)) - raft.server.rpc.timeout.max = 5200ms (custom)
2019-09-25 12:39:09,920 [pool-137-thread-1] INFO  server.RaftServerConfigKeys (ConfUtils.java:logGet(43)) - raft.server.rpcslowness.timeout = 120s (custom)
2019-09-25 12:39:09,920 [pool-137-thread-1] INFO  server.RaftServerConfigKeys (ConfUtils.java:logGet(43)) - raft.server.sleep.deviation.threshold = 300 (default)
2019-09-25 12:39:09,920 [pool-137-thread-1] INFO  server.RaftServerConfigKeys (ConfUtils.java:logGet(43)) - raft.server.log.appender.install.snapshot.enabled = false (custom)
2019-09-25 12:39:09,920 [pool-137-thread-1] INFO  impl.RaftServerImpl (ServerState.java:<init>(103)) - 0c10ee7a-d1f3-4d15-a97d-be3bd840fe5f@group-5ED02A435306: ConfigurationManager, init=-1: [0c10ee7a-d1f3-4d15-a97d-be3bd840fe5f:192.168.151.73:37077], old=null, confs=<EMPTY_MAP>
2019-09-25 12:39:09,920 [pool-137-thread-1] INFO  server.RaftServerConfigKeys (ConfUtils.java:logGet(43)) - raft.server.storage.dir = [/workdir/hadoop-ozone/integration-test/target/test-dir/MiniOzoneClusterImpl-d0ff48dc-faee-44ca-8dcc-f269a7262391/datanode-1/data/ratis] (custom)
2019-09-25 12:39:09,921 [pool-137-thread-1] INFO  storage.RaftStorageDirectory (RaftStorageDirectory.java:analyzeStorage(246)) - The storage directory /workdir/hadoop-ozone/integration-test/target/test-dir/MiniOzoneClusterImpl-d0ff48dc-faee-44ca-8dcc-f269a7262391/datanode-1/data/ratis/362b0108-f14e-47f4-8bc7-5ed02a435306 does not exist. Creating ...
2019-09-25 12:39:09,947 [pool-137-thread-1] INFO  storage.RaftStorageDirectory (RaftStorageDirectory.java:tryLock(328)) - Lock on /workdir/hadoop-ozone/integration-test/target/test-dir/MiniOzoneClusterImpl-d0ff48dc-faee-44ca-8dcc-f269a7262391/datanode-1/data/ratis/362b0108-f14e-47f4-8bc7-5ed02a435306/in_use.lock acquired by nodename 9642@pr-hdds-1569-shd4m-3693607622
2019-09-25 12:39:09,960 [pool-137-thread-1] INFO  storage.RaftStorage (RaftStorage.java:format(72)) - Storage directory /workdir/hadoop-ozone/integration-test/target/test-dir/MiniOzoneClusterImpl-d0ff48dc-faee-44ca-8dcc-f269a7262391/datanode-1/data/ratis/362b0108-f14e-47f4-8bc7-5ed02a435306 has been successfully formatted.
2019-09-25 12:39:09,960 [pool-137-thread-1] INFO  ratis.ContainerStateMachine (ContainerStateMachine.java:loadSnapshot(230)) - group-5ED02A435306: The snapshot info is null. Setting the last applied indexto:(t:0, i:~)
2019-09-25 12:39:09,960 [pool-137-thread-1] INFO  server.RaftServerConfigKeys (ConfUtils.java:logGet(43)) - raft.server.notification.no-leader.timeout = 120s (custom)
2019-09-25 12:39:09,960 [pool-137-thread-1] INFO  server.RaftServerConfigKeys (ConfUtils.java:logGet(43)) - raft.server.log.use.memory = false (default)
2019-09-25 12:39:09,960 [pool-137-thread-1] INFO  server.RaftServerConfigKeys (ConfUtils.java:logGet(43)) - raft.server.log.purge.gap = 1000000 (custom)
2019-09-25 12:39:09,961 [pool-137-thread-1] INFO  server.RaftServerConfigKeys (ConfUtils.java:logGet(43)) - raft.server.log.appender.buffer.byte-limit = 33554432 (custom)
2019-09-25 12:39:09,961 [pool-137-thread-1] INFO  server.RaftServerConfigKeys (ConfUtils.java:logGet(43)) - raft.server.log.segment.size.max = 1048576 (custom)
2019-09-25 12:39:09,961 [pool-137-thread-1] INFO  server.RaftServerConfigKeys (ConfUtils.java:logGet(43)) - raft.server.log.segment.cache.num.max = 2 (custom)
2019-09-25 12:39:09,961 [pool-137-thread-1] INFO  segmented.SegmentedRaftLogWorker (SegmentedRaftLogWorker.java:<init>(172)) - new 0c10ee7a-d1f3-4d15-a97d-be3bd840fe5f@group-5ED02A435306-SegmentedRaftLogWorker for RaftStorage:Storage Directory /workdir/hadoop-ozone/integration-test/target/test-dir/MiniOzoneClusterImpl-d0ff48dc-faee-44ca-8dcc-f269a7262391/datanode-1/data/ratis/362b0108-f14e-47f4-8bc7-5ed02a435306
2019-09-25 12:39:09,961 [pool-137-thread-1] INFO  server.RaftServerConfigKeys (ConfUtils.java:logGet(43)) - raft.server.log.queue.byte-limit = 2147483647 (custom)
2019-09-25 12:39:09,961 [pool-137-thread-1] INFO  server.RaftServerConfigKeys (ConfUtils.java:logGet(43)) - raft.server.log.queue.element-limit = 1024 (custom)
2019-09-25 12:39:09,961 [pool-137-thread-1] INFO  server.RaftServerConfigKeys (ConfUtils.java:logGet(43)) - raft.server.log.segment.size.max = 1048576 (custom)
2019-09-25 12:39:09,961 [pool-137-thread-1] INFO  server.RaftServerConfigKeys (ConfUtils.java:logGet(43)) - raft.server.log.preallocated.size = 16384 (custom)
2019-09-25 12:39:09,962 [pool-137-thread-1] INFO  server.RaftServerConfigKeys (ConfUtils.java:logGet(43)) - raft.server.log.write.buffer.size = 33554432 (custom)
2019-09-25 12:39:09,962 [pool-137-thread-1] INFO  server.RaftServerConfigKeys (ConfUtils.java:logGet(43)) - raft.server.log.force.sync.num = 128 (default)
2019-09-25 12:39:09,962 [pool-137-thread-1] INFO  server.RaftServerConfigKeys (ConfUtils.java:logGet(43)) - raft.server.log.statemachine.data.sync = true (default)
2019-09-25 12:39:09,962 [pool-137-thread-1] INFO  server.RaftServerConfigKeys (ConfUtils.java:logGet(43)) - raft.server.log.statemachine.data.sync.timeout = 10s (default)
2019-09-25 12:39:09,962 [pool-137-thread-1] INFO  server.RaftServerConfigKeys (ConfUtils.java:logGet(43)) - raft.server.log.statemachine.data.sync.timeout.retry = -1 (default)
2019-09-25 12:39:09,962 [pool-137-thread-1] INFO  server.RaftServerConfigKeys (ConfUtils.java:logGet(43)) - raft.server.log.statemachine.data.caching.enabled = true (custom)
2019-09-25 12:39:09,962 [pool-137-thread-1] INFO  segmented.SegmentedRaftLogWorker (SegmentedRaftLogWorker.java:lambda$new$0(132)) - 0c10ee7a-d1f3-4d15-a97d-be3bd840fe5f@group-5ED02A435306-SegmentedRaftLogWorker: flushIndex: setUnconditionally 0 -> -1
2019-09-25 12:39:09,963 [pool-137-thread-1] INFO  server.RaftServerConfigKeys (ConfUtils.java:logGet(43)) - raft.server.snapshot.auto.trigger.enabled = true (custom)
2019-09-25 12:39:09,963 [pool-137-thread-1] INFO  server.RaftServerConfigKeys (ConfUtils.java:logGet(43)) - raft.server.snapshot.auto.trigger.threshold = 10000 (custom)
2019-09-25 12:39:09,963 [pool-137-thread-1] INFO  server.RaftServerConfigKeys (ConfUtils.java:logGet(43)) - raft.server.snapshot.retention.num.files = 5 (custom)
2019-09-25 12:39:09,963 [pool-137-thread-1] INFO  server.RaftServerConfigKeys (ConfUtils.java:logGet(43)) - raft.server.retrycache.expirytime = 600000ms (custom)
2019-09-25 12:39:09,964 [pool-137-thread-1] INFO  impl.RaftServerImpl (RaftServerImpl.java:start(185)) - 0c10ee7a-d1f3-4d15-a97d-be3bd840fe5f@group-5ED02A435306: start as a follower, conf=-1: [0c10ee7a-d1f3-4d15-a97d-be3bd840fe5f:192.168.151.73:37077], old=null
2019-09-25 12:39:09,965 [pool-137-thread-1] INFO  impl.RaftServerImpl (RaftServerImpl.java:setRole(174)) - 0c10ee7a-d1f3-4d15-a97d-be3bd840fe5f@group-5ED02A435306: changes role from      null to FOLLOWER at term 0 for startAsFollower
2019-09-25 12:39:09,965 [pool-137-thread-1] INFO  impl.RoleInfo (RoleInfo.java:updateAndGet(143)) - 0c10ee7a-d1f3-4d15-a97d-be3bd840fe5f: start FollowerState
2019-09-25 12:39:09,965 [pool-137-thread-1] INFO  util.JmxRegister (JmxRegister.java:tryRegister(44)) - Successfully registered JMX Bean with object name Ratis:service=RaftServer,group=group-5ED02A435306,id=0c10ee7a-d1f3-4d15-a97d-be3bd840fe5f
2019-09-25 12:39:09,968 [RatisPipelineUtilsThread] INFO  pipeline.PipelineStateManager (PipelineStateManager.java:addPipeline(56)) - Created pipeline Pipeline[ Id: 362b0108-f14e-47f4-8bc7-5ed02a435306, Nodes: 0c10ee7a-d1f3-4d15-a97d-be3bd840fe5f{ip: 192.168.151.73, host: pr-hdds-1569-shd4m-3693607622, networkLocation: /default-rack, certSerialId: null}, Type:RATIS, Factor:ONE, State:OPEN]
2019-09-25 12:39:09,968 [RatisPipelineUtilsThread] INFO  pipeline.PipelinePlacementPolicy (PipelinePlacementPolicy.java:meetCriteria(91)) - Pipeline Placement: can't place more pipeline on heavy datanode： 3e5a13d1-053a-49e9-83b0-637d290f3a88 Heaviness: 6 limit: 5
2019-09-25 12:39:09,973 [grpc-default-executor-0] INFO  impl.RaftServerProxy (RaftServerProxy.java:addNew(89)) - f7c49c51-1121-4e1e-9c01-74e537549b8a: addNew group-EFAC320E2544:[f7c49c51-1121-4e1e-9c01-74e537549b8a:192.168.151.73:37391] returns group-EFAC320E2544:java.util.concurrent.CompletableFuture@40cf8cae[Not completed]
2019-09-25 12:39:09,975 [pool-147-thread-1] INFO  impl.RaftServerImpl (RaftServerImpl.java:<init>(95)) - f7c49c51-1121-4e1e-9c01-74e537549b8a: new RaftServerImpl for group-EFAC320E2544:[f7c49c51-1121-4e1e-9c01-74e537549b8a:192.168.151.73:37391] with ContainerStateMachine:uninitialized
2019-09-25 12:39:09,975 [pool-147-thread-1] INFO  server.RaftServerConfigKeys (ConfUtils.java:logGet(43)) - raft.server.rpc.timeout.min = 5s (custom)
2019-09-25 12:39:09,975 [pool-147-thread-1] INFO  server.RaftServerConfigKeys (ConfUtils.java:logGet(43)) - raft.server.rpc.timeout.max = 5200ms (custom)
2019-09-25 12:39:09,975 [pool-147-thread-1] INFO  server.RaftServerConfigKeys (ConfUtils.java:logGet(43)) - raft.server.rpcslowness.timeout = 120s (custom)
2019-09-25 12:39:09,975 [pool-147-thread-1] INFO  server.RaftServerConfigKeys (ConfUtils.java:logGet(43)) - raft.server.sleep.deviation.threshold = 300 (default)
2019-09-25 12:39:09,975 [pool-147-thread-1] INFO  server.RaftServerConfigKeys (ConfUtils.java:logGet(43)) - raft.server.log.appender.install.snapshot.enabled = false (custom)
2019-09-25 12:39:09,975 [pool-147-thread-1] INFO  impl.RaftServerImpl (ServerState.java:<init>(103)) - f7c49c51-1121-4e1e-9c01-74e537549b8a@group-EFAC320E2544: ConfigurationManager, init=-1: [f7c49c51-1121-4e1e-9c01-74e537549b8a:192.168.151.73:37391], old=null, confs=<EMPTY_MAP>
2019-09-25 12:39:09,976 [pool-147-thread-1] INFO  server.RaftServerConfigKeys (ConfUtils.java:logGet(43)) - raft.server.storage.dir = [/workdir/hadoop-ozone/integration-test/target/test-dir/MiniOzoneClusterImpl-d0ff48dc-faee-44ca-8dcc-f269a7262391/datanode-2/data/ratis] (custom)
2019-09-25 12:39:09,976 [pool-147-thread-1] INFO  storage.RaftStorageDirectory (RaftStorageDirectory.java:analyzeStorage(246)) - The storage directory /workdir/hadoop-ozone/integration-test/target/test-dir/MiniOzoneClusterImpl-d0ff48dc-faee-44ca-8dcc-f269a7262391/datanode-2/data/ratis/0077834a-f340-4514-9f8b-efac320e2544 does not exist. Creating ...
2019-09-25 12:39:09,989 [pool-147-thread-1] INFO  storage.RaftStorageDirectory (RaftStorageDirectory.java:tryLock(328)) - Lock on /workdir/hadoop-ozone/integration-test/target/test-dir/MiniOzoneClusterImpl-d0ff48dc-faee-44ca-8dcc-f269a7262391/datanode-2/data/ratis/0077834a-f340-4514-9f8b-efac320e2544/in_use.lock acquired by nodename 9642@pr-hdds-1569-shd4m-3693607622
2019-09-25 12:39:10,002 [pool-147-thread-1] INFO  storage.RaftStorage (RaftStorage.java:format(72)) - Storage directory /workdir/hadoop-ozone/integration-test/target/test-dir/MiniOzoneClusterImpl-d0ff48dc-faee-44ca-8dcc-f269a7262391/datanode-2/data/ratis/0077834a-f340-4514-9f8b-efac320e2544 has been successfully formatted.
2019-09-25 12:39:10,003 [pool-147-thread-1] INFO  ratis.ContainerStateMachine (ContainerStateMachine.java:loadSnapshot(230)) - group-EFAC320E2544: The snapshot info is null. Setting the last applied indexto:(t:0, i:~)
2019-09-25 12:39:10,003 [pool-147-thread-1] INFO  server.RaftServerConfigKeys (ConfUtils.java:logGet(43)) - raft.server.notification.no-leader.timeout = 120s (custom)
2019-09-25 12:39:10,003 [pool-147-thread-1] INFO  server.RaftServerConfigKeys (ConfUtils.java:logGet(43)) - raft.server.log.use.memory = false (default)
2019-09-25 12:39:10,003 [pool-147-thread-1] INFO  server.RaftServerConfigKeys (ConfUtils.java:logGet(43)) - raft.server.log.purge.gap = 1000000 (custom)
2019-09-25 12:39:10,003 [pool-147-thread-1] INFO  server.RaftServerConfigKeys (ConfUtils.java:logGet(43)) - raft.server.log.appender.buffer.byte-limit = 33554432 (custom)
2019-09-25 12:39:10,004 [pool-147-thread-1] INFO  server.RaftServerConfigKeys (ConfUtils.java:logGet(43)) - raft.server.log.segment.size.max = 1048576 (custom)
2019-09-25 12:39:10,004 [pool-147-thread-1] INFO  server.RaftServerConfigKeys (ConfUtils.java:logGet(43)) - raft.server.log.segment.cache.num.max = 2 (custom)
2019-09-25 12:39:10,004 [pool-147-thread-1] INFO  segmented.SegmentedRaftLogWorker (SegmentedRaftLogWorker.java:<init>(172)) - new f7c49c51-1121-4e1e-9c01-74e537549b8a@group-EFAC320E2544-SegmentedRaftLogWorker for RaftStorage:Storage Directory /workdir/hadoop-ozone/integration-test/target/test-dir/MiniOzoneClusterImpl-d0ff48dc-faee-44ca-8dcc-f269a7262391/datanode-2/data/ratis/0077834a-f340-4514-9f8b-efac320e2544
2019-09-25 12:39:10,004 [pool-147-thread-1] INFO  server.RaftServerConfigKeys (ConfUtils.java:logGet(43)) - raft.server.log.queue.byte-limit = 2147483647 (custom)
2019-09-25 12:39:10,004 [pool-147-thread-1] INFO  server.RaftServerConfigKeys (ConfUtils.java:logGet(43)) - raft.server.log.queue.element-limit = 1024 (custom)
2019-09-25 12:39:10,004 [pool-147-thread-1] INFO  server.RaftServerConfigKeys (ConfUtils.java:logGet(43)) - raft.server.log.segment.size.max = 1048576 (custom)
2019-09-25 12:39:10,004 [pool-147-thread-1] INFO  server.RaftServerConfigKeys (ConfUtils.java:logGet(43)) - raft.server.log.preallocated.size = 16384 (custom)
2019-09-25 12:39:10,005 [pool-147-thread-1] INFO  server.RaftServerConfigKeys (ConfUtils.java:logGet(43)) - raft.server.log.write.buffer.size = 33554432 (custom)
2019-09-25 12:39:10,005 [pool-147-thread-1] INFO  server.RaftServerConfigKeys (ConfUtils.java:logGet(43)) - raft.server.log.force.sync.num = 128 (default)
2019-09-25 12:39:10,005 [pool-147-thread-1] INFO  server.RaftServerConfigKeys (ConfUtils.java:logGet(43)) - raft.server.log.statemachine.data.sync = true (default)
2019-09-25 12:39:10,005 [pool-147-thread-1] INFO  server.RaftServerConfigKeys (ConfUtils.java:logGet(43)) - raft.server.log.statemachine.data.sync.timeout = 10s (default)
2019-09-25 12:39:10,005 [pool-147-thread-1] INFO  server.RaftServerConfigKeys (ConfUtils.java:logGet(43)) - raft.server.log.statemachine.data.sync.timeout.retry = -1 (default)
2019-09-25 12:39:10,005 [pool-147-thread-1] INFO  server.RaftServerConfigKeys (ConfUtils.java:logGet(43)) - raft.server.log.statemachine.data.caching.enabled = true (custom)
2019-09-25 12:39:10,006 [pool-147-thread-1] INFO  segmented.SegmentedRaftLogWorker (SegmentedRaftLogWorker.java:lambda$new$0(132)) - f7c49c51-1121-4e1e-9c01-74e537549b8a@group-EFAC320E2544-SegmentedRaftLogWorker: flushIndex: setUnconditionally 0 -> -1
2019-09-25 12:39:10,006 [pool-147-thread-1] INFO  server.RaftServerConfigKeys (ConfUtils.java:logGet(43)) - raft.server.snapshot.auto.trigger.enabled = true (custom)
2019-09-25 12:39:10,006 [pool-147-thread-1] INFO  server.RaftServerConfigKeys (ConfUtils.java:logGet(43)) - raft.server.snapshot.auto.trigger.threshold = 10000 (custom)
2019-09-25 12:39:10,006 [pool-147-thread-1] INFO  server.RaftServerConfigKeys (ConfUtils.java:logGet(43)) - raft.server.snapshot.retention.num.files = 5 (custom)
2019-09-25 12:39:10,006 [pool-147-thread-1] INFO  server.RaftServerConfigKeys (ConfUtils.java:logGet(43)) - raft.server.retrycache.expirytime = 600000ms (custom)
2019-09-25 12:39:10,009 [pool-147-thread-1] INFO  impl.RaftServerImpl (RaftServerImpl.java:start(185)) - f7c49c51-1121-4e1e-9c01-74e537549b8a@group-EFAC320E2544: start as a follower, conf=-1: [f7c49c51-1121-4e1e-9c01-74e537549b8a:192.168.151.73:37391], old=null
2019-09-25 12:39:10,009 [pool-147-thread-1] INFO  impl.RaftServerImpl (RaftServerImpl.java:setRole(174)) - f7c49c51-1121-4e1e-9c01-74e537549b8a@group-EFAC320E2544: changes role from      null to FOLLOWER at term 0 for startAsFollower
2019-09-25 12:39:10,009 [pool-147-thread-1] INFO  impl.RoleInfo (RoleInfo.java:updateAndGet(143)) - f7c49c51-1121-4e1e-9c01-74e537549b8a: start FollowerState
2019-09-25 12:39:10,009 [pool-147-thread-1] INFO  util.JmxRegister (JmxRegister.java:tryRegister(44)) - Successfully registered JMX Bean with object name Ratis:service=RaftServer,group=group-EFAC320E2544,id=f7c49c51-1121-4e1e-9c01-74e537549b8a
2019-09-25 12:39:10,012 [RatisPipelineUtilsThread] INFO  pipeline.PipelineStateManager (PipelineStateManager.java:addPipeline(56)) - Created pipeline Pipeline[ Id: 0077834a-f340-4514-9f8b-efac320e2544, Nodes: f7c49c51-1121-4e1e-9c01-74e537549b8a{ip: 192.168.151.73, host: pr-hdds-1569-shd4m-3693607622, networkLocation: /default-rack, certSerialId: null}, Type:RATIS, Factor:ONE, State:OPEN]
2019-09-25 12:39:10,012 [RatisPipelineUtilsThread] INFO  pipeline.PipelinePlacementPolicy (PipelinePlacementPolicy.java:meetCriteria(91)) - Pipeline Placement: can't place more pipeline on heavy datanode： 3e5a13d1-053a-49e9-83b0-637d290f3a88 Heaviness: 6 limit: 5
2019-09-25 12:39:10,018 [grpc-default-executor-0] INFO  impl.RaftServerProxy (RaftServerProxy.java:addNew(89)) - 0c10ee7a-d1f3-4d15-a97d-be3bd840fe5f: addNew group-30998FCAF67C:[0c10ee7a-d1f3-4d15-a97d-be3bd840fe5f:192.168.151.73:37077] returns group-30998FCAF67C:java.util.concurrent.CompletableFuture@3b28424f[Not completed]
2019-09-25 12:39:10,019 [pool-137-thread-1] INFO  impl.RaftServerImpl (RaftServerImpl.java:<init>(95)) - 0c10ee7a-d1f3-4d15-a97d-be3bd840fe5f: new RaftServerImpl for group-30998FCAF67C:[0c10ee7a-d1f3-4d15-a97d-be3bd840fe5f:192.168.151.73:37077] with ContainerStateMachine:uninitialized
2019-09-25 12:39:10,019 [pool-137-thread-1] INFO  server.RaftServerConfigKeys (ConfUtils.java:logGet(43)) - raft.server.rpc.timeout.min = 5s (custom)
2019-09-25 12:39:10,020 [pool-137-thread-1] INFO  server.RaftServerConfigKeys (ConfUtils.java:logGet(43)) - raft.server.rpc.timeout.max = 5200ms (custom)
2019-09-25 12:39:10,020 [pool-137-thread-1] INFO  server.RaftServerConfigKeys (ConfUtils.java:logGet(43)) - raft.server.rpcslowness.timeout = 120s (custom)
2019-09-25 12:39:10,020 [pool-137-thread-1] INFO  server.RaftServerConfigKeys (ConfUtils.java:logGet(43)) - raft.server.sleep.deviation.threshold = 300 (default)
2019-09-25 12:39:10,020 [pool-137-thread-1] INFO  server.RaftServerConfigKeys (ConfUtils.java:logGet(43)) - raft.server.log.appender.install.snapshot.enabled = false (custom)
2019-09-25 12:39:10,020 [pool-137-thread-1] INFO  impl.RaftServerImpl (ServerState.java:<init>(103)) - 0c10ee7a-d1f3-4d15-a97d-be3bd840fe5f@group-30998FCAF67C: ConfigurationManager, init=-1: [0c10ee7a-d1f3-4d15-a97d-be3bd840fe5f:192.168.151.73:37077], old=null, confs=<EMPTY_MAP>
2019-09-25 12:39:10,020 [pool-137-thread-1] INFO  server.RaftServerConfigKeys (ConfUtils.java:logGet(43)) - raft.server.storage.dir = [/workdir/hadoop-ozone/integration-test/target/test-dir/MiniOzoneClusterImpl-d0ff48dc-faee-44ca-8dcc-f269a7262391/datanode-1/data/ratis] (custom)
2019-09-25 12:39:10,021 [pool-137-thread-1] INFO  storage.RaftStorageDirectory (RaftStorageDirectory.java:analyzeStorage(246)) - The storage directory /workdir/hadoop-ozone/integration-test/target/test-dir/MiniOzoneClusterImpl-d0ff48dc-faee-44ca-8dcc-f269a7262391/datanode-1/data/ratis/be03bdba-8bcc-4571-a9a1-30998fcaf67c does not exist. Creating ...
2019-09-25 12:39:10,035 [pool-137-thread-1] INFO  storage.RaftStorageDirectory (RaftStorageDirectory.java:tryLock(328)) - Lock on /workdir/hadoop-ozone/integration-test/target/test-dir/MiniOzoneClusterImpl-d0ff48dc-faee-44ca-8dcc-f269a7262391/datanode-1/data/ratis/be03bdba-8bcc-4571-a9a1-30998fcaf67c/in_use.lock acquired by nodename 9642@pr-hdds-1569-shd4m-3693607622
2019-09-25 12:39:10,048 [pool-137-thread-1] INFO  storage.RaftStorage (RaftStorage.java:format(72)) - Storage directory /workdir/hadoop-ozone/integration-test/target/test-dir/MiniOzoneClusterImpl-d0ff48dc-faee-44ca-8dcc-f269a7262391/datanode-1/data/ratis/be03bdba-8bcc-4571-a9a1-30998fcaf67c has been successfully formatted.
2019-09-25 12:39:10,048 [pool-137-thread-1] INFO  ratis.ContainerStateMachine (ContainerStateMachine.java:loadSnapshot(230)) - group-30998FCAF67C: The snapshot info is null. Setting the last applied indexto:(t:0, i:~)
2019-09-25 12:39:10,048 [pool-137-thread-1] INFO  server.RaftServerConfigKeys (ConfUtils.java:logGet(43)) - raft.server.notification.no-leader.timeout = 120s (custom)
2019-09-25 12:39:10,048 [pool-137-thread-1] INFO  server.RaftServerConfigKeys (ConfUtils.java:logGet(43)) - raft.server.log.use.memory = false (default)
2019-09-25 12:39:10,048 [pool-137-thread-1] INFO  server.RaftServerConfigKeys (ConfUtils.java:logGet(43)) - raft.server.log.purge.gap = 1000000 (custom)
2019-09-25 12:39:10,048 [pool-137-thread-1] INFO  server.RaftServerConfigKeys (ConfUtils.java:logGet(43)) - raft.server.log.appender.buffer.byte-limit = 33554432 (custom)
2019-09-25 12:39:10,049 [pool-137-thread-1] INFO  server.RaftServerConfigKeys (ConfUtils.java:logGet(43)) - raft.server.log.segment.size.max = 1048576 (custom)
2019-09-25 12:39:10,049 [pool-137-thread-1] INFO  server.RaftServerConfigKeys (ConfUtils.java:logGet(43)) - raft.server.log.segment.cache.num.max = 2 (custom)
2019-09-25 12:39:10,049 [pool-137-thread-1] INFO  segmented.SegmentedRaftLogWorker (SegmentedRaftLogWorker.java:<init>(172)) - new 0c10ee7a-d1f3-4d15-a97d-be3bd840fe5f@group-30998FCAF67C-SegmentedRaftLogWorker for RaftStorage:Storage Directory /workdir/hadoop-ozone/integration-test/target/test-dir/MiniOzoneClusterImpl-d0ff48dc-faee-44ca-8dcc-f269a7262391/datanode-1/data/ratis/be03bdba-8bcc-4571-a9a1-30998fcaf67c
2019-09-25 12:39:10,049 [pool-137-thread-1] INFO  server.RaftServerConfigKeys (ConfUtils.java:logGet(43)) - raft.server.log.queue.byte-limit = 2147483647 (custom)
2019-09-25 12:39:10,049 [pool-137-thread-1] INFO  server.RaftServerConfigKeys (ConfUtils.java:logGet(43)) - raft.server.log.queue.element-limit = 1024 (custom)
2019-09-25 12:39:10,049 [pool-137-thread-1] INFO  server.RaftServerConfigKeys (ConfUtils.java:logGet(43)) - raft.server.log.segment.size.max = 1048576 (custom)
2019-09-25 12:39:10,050 [pool-137-thread-1] INFO  server.RaftServerConfigKeys (ConfUtils.java:logGet(43)) - raft.server.log.preallocated.size = 16384 (custom)
2019-09-25 12:39:10,050 [pool-137-thread-1] INFO  server.RaftServerConfigKeys (ConfUtils.java:logGet(43)) - raft.server.log.write.buffer.size = 33554432 (custom)
2019-09-25 12:39:10,050 [pool-137-thread-1] INFO  server.RaftServerConfigKeys (ConfUtils.java:logGet(43)) - raft.server.log.force.sync.num = 128 (default)
2019-09-25 12:39:10,050 [pool-137-thread-1] INFO  server.RaftServerConfigKeys (ConfUtils.java:logGet(43)) - raft.server.log.statemachine.data.sync = true (default)
2019-09-25 12:39:10,050 [pool-137-thread-1] INFO  server.RaftServerConfigKeys (ConfUtils.java:logGet(43)) - raft.server.log.statemachine.data.sync.timeout = 10s (default)
2019-09-25 12:39:10,050 [pool-137-thread-1] INFO  server.RaftServerConfigKeys (ConfUtils.java:logGet(43)) - raft.server.log.statemachine.data.sync.timeout.retry = -1 (default)
2019-09-25 12:39:10,050 [pool-137-thread-1] INFO  server.RaftServerConfigKeys (ConfUtils.java:logGet(43)) - raft.server.log.statemachine.data.caching.enabled = true (custom)
2019-09-25 12:39:10,051 [pool-137-thread-1] INFO  segmented.SegmentedRaftLogWorker (SegmentedRaftLogWorker.java:lambda$new$0(132)) - 0c10ee7a-d1f3-4d15-a97d-be3bd840fe5f@group-30998FCAF67C-SegmentedRaftLogWorker: flushIndex: setUnconditionally 0 -> -1
2019-09-25 12:39:10,051 [pool-137-thread-1] INFO  server.RaftServerConfigKeys (ConfUtils.java:logGet(43)) - raft.server.snapshot.auto.trigger.enabled = true (custom)
2019-09-25 12:39:10,051 [pool-137-thread-1] INFO  server.RaftServerConfigKeys (ConfUtils.java:logGet(43)) - raft.server.snapshot.auto.trigger.threshold = 10000 (custom)
2019-09-25 12:39:10,051 [pool-137-thread-1] INFO  server.RaftServerConfigKeys (ConfUtils.java:logGet(43)) - raft.server.snapshot.retention.num.files = 5 (custom)
2019-09-25 12:39:10,052 [pool-137-thread-1] INFO  server.RaftServerConfigKeys (ConfUtils.java:logGet(43)) - raft.server.retrycache.expirytime = 600000ms (custom)
2019-09-25 12:39:10,054 [pool-137-thread-1] INFO  impl.RaftServerImpl (RaftServerImpl.java:start(185)) - 0c10ee7a-d1f3-4d15-a97d-be3bd840fe5f@group-30998FCAF67C: start as a follower, conf=-1: [0c10ee7a-d1f3-4d15-a97d-be3bd840fe5f:192.168.151.73:37077], old=null
2019-09-25 12:39:10,054 [pool-137-thread-1] INFO  impl.RaftServerImpl (RaftServerImpl.java:setRole(174)) - 0c10ee7a-d1f3-4d15-a97d-be3bd840fe5f@group-30998FCAF67C: changes role from      null to FOLLOWER at term 0 for startAsFollower
2019-09-25 12:39:10,054 [pool-137-thread-1] INFO  impl.RoleInfo (RoleInfo.java:updateAndGet(143)) - 0c10ee7a-d1f3-4d15-a97d-be3bd840fe5f: start FollowerState
2019-09-25 12:39:10,055 [pool-137-thread-1] INFO  util.JmxRegister (JmxRegister.java:tryRegister(44)) - Successfully registered JMX Bean with object name Ratis:service=RaftServer,group=group-30998FCAF67C,id=0c10ee7a-d1f3-4d15-a97d-be3bd840fe5f
2019-09-25 12:39:10,057 [RatisPipelineUtilsThread] INFO  pipeline.PipelineStateManager (PipelineStateManager.java:addPipeline(56)) - Created pipeline Pipeline[ Id: be03bdba-8bcc-4571-a9a1-30998fcaf67c, Nodes: 0c10ee7a-d1f3-4d15-a97d-be3bd840fe5f{ip: 192.168.151.73, host: pr-hdds-1569-shd4m-3693607622, networkLocation: /default-rack, certSerialId: null}, Type:RATIS, Factor:ONE, State:OPEN]
2019-09-25 12:39:10,058 [RatisPipelineUtilsThread] INFO  pipeline.PipelinePlacementPolicy (PipelinePlacementPolicy.java:meetCriteria(91)) - Pipeline Placement: can't place more pipeline on heavy datanode： 3e5a13d1-053a-49e9-83b0-637d290f3a88 Heaviness: 6 limit: 5
2019-09-25 12:39:10,058 [RatisPipelineUtilsThread] INFO  pipeline.PipelinePlacementPolicy (PipelinePlacementPolicy.java:meetCriteria(91)) - Pipeline Placement: can't place more pipeline on heavy datanode： 0c10ee7a-d1f3-4d15-a97d-be3bd840fe5f Heaviness: 6 limit: 5
2019-09-25 12:39:10,063 [grpc-default-executor-0] INFO  impl.RaftServerProxy (RaftServerProxy.java:addNew(89)) - f7c49c51-1121-4e1e-9c01-74e537549b8a: addNew group-B98B028889D0:[f7c49c51-1121-4e1e-9c01-74e537549b8a:192.168.151.73:37391] returns group-B98B028889D0:java.util.concurrent.CompletableFuture@950c4d0[Not completed]
2019-09-25 12:39:10,064 [pool-147-thread-1] INFO  impl.RaftServerImpl (RaftServerImpl.java:<init>(95)) - f7c49c51-1121-4e1e-9c01-74e537549b8a: new RaftServerImpl for group-B98B028889D0:[f7c49c51-1121-4e1e-9c01-74e537549b8a:192.168.151.73:37391] with ContainerStateMachine:uninitialized
2019-09-25 12:39:10,064 [pool-147-thread-1] INFO  server.RaftServerConfigKeys (ConfUtils.java:logGet(43)) - raft.server.rpc.timeout.min = 5s (custom)
2019-09-25 12:39:10,064 [pool-147-thread-1] INFO  server.RaftServerConfigKeys (ConfUtils.java:logGet(43)) - raft.server.rpc.timeout.max = 5200ms (custom)
2019-09-25 12:39:10,064 [pool-147-thread-1] INFO  server.RaftServerConfigKeys (ConfUtils.java:logGet(43)) - raft.server.rpcslowness.timeout = 120s (custom)
2019-09-25 12:39:10,064 [pool-147-thread-1] INFO  server.RaftServerConfigKeys (ConfUtils.java:logGet(43)) - raft.server.sleep.deviation.threshold = 300 (default)
2019-09-25 12:39:10,065 [pool-147-thread-1] INFO  server.RaftServerConfigKeys (ConfUtils.java:logGet(43)) - raft.server.log.appender.install.snapshot.enabled = false (custom)
2019-09-25 12:39:10,065 [pool-147-thread-1] INFO  impl.RaftServerImpl (ServerState.java:<init>(103)) - f7c49c51-1121-4e1e-9c01-74e537549b8a@group-B98B028889D0: ConfigurationManager, init=-1: [f7c49c51-1121-4e1e-9c01-74e537549b8a:192.168.151.73:37391], old=null, confs=<EMPTY_MAP>
2019-09-25 12:39:10,065 [pool-147-thread-1] INFO  server.RaftServerConfigKeys (ConfUtils.java:logGet(43)) - raft.server.storage.dir = [/workdir/hadoop-ozone/integration-test/target/test-dir/MiniOzoneClusterImpl-d0ff48dc-faee-44ca-8dcc-f269a7262391/datanode-2/data/ratis] (custom)
2019-09-25 12:39:10,065 [pool-147-thread-1] INFO  storage.RaftStorageDirectory (RaftStorageDirectory.java:analyzeStorage(246)) - The storage directory /workdir/hadoop-ozone/integration-test/target/test-dir/MiniOzoneClusterImpl-d0ff48dc-faee-44ca-8dcc-f269a7262391/datanode-2/data/ratis/13b00c19-e579-484f-b6c3-b98b028889d0 does not exist. Creating ...
2019-09-25 12:39:10,078 [pool-147-thread-1] INFO  storage.RaftStorageDirectory (RaftStorageDirectory.java:tryLock(328)) - Lock on /workdir/hadoop-ozone/integration-test/target/test-dir/MiniOzoneClusterImpl-d0ff48dc-faee-44ca-8dcc-f269a7262391/datanode-2/data/ratis/13b00c19-e579-484f-b6c3-b98b028889d0/in_use.lock acquired by nodename 9642@pr-hdds-1569-shd4m-3693607622
2019-09-25 12:39:10,091 [pool-147-thread-1] INFO  storage.RaftStorage (RaftStorage.java:format(72)) - Storage directory /workdir/hadoop-ozone/integration-test/target/test-dir/MiniOzoneClusterImpl-d0ff48dc-faee-44ca-8dcc-f269a7262391/datanode-2/data/ratis/13b00c19-e579-484f-b6c3-b98b028889d0 has been successfully formatted.
2019-09-25 12:39:10,091 [pool-147-thread-1] INFO  ratis.ContainerStateMachine (ContainerStateMachine.java:loadSnapshot(230)) - group-B98B028889D0: The snapshot info is null. Setting the last applied indexto:(t:0, i:~)
2019-09-25 12:39:10,092 [pool-147-thread-1] INFO  server.RaftServerConfigKeys (ConfUtils.java:logGet(43)) - raft.server.notification.no-leader.timeout = 120s (custom)
2019-09-25 12:39:10,092 [pool-147-thread-1] INFO  server.RaftServerConfigKeys (ConfUtils.java:logGet(43)) - raft.server.log.use.memory = false (default)
2019-09-25 12:39:10,092 [pool-147-thread-1] INFO  server.RaftServerConfigKeys (ConfUtils.java:logGet(43)) - raft.server.log.purge.gap = 1000000 (custom)
2019-09-25 12:39:10,092 [pool-147-thread-1] INFO  server.RaftServerConfigKeys (ConfUtils.java:logGet(43)) - raft.server.log.appender.buffer.byte-limit = 33554432 (custom)
2019-09-25 12:39:10,092 [pool-147-thread-1] INFO  server.RaftServerConfigKeys (ConfUtils.java:logGet(43)) - raft.server.log.segment.size.max = 1048576 (custom)
2019-09-25 12:39:10,092 [pool-147-thread-1] INFO  server.RaftServerConfigKeys (ConfUtils.java:logGet(43)) - raft.server.log.segment.cache.num.max = 2 (custom)
2019-09-25 12:39:10,093 [pool-147-thread-1] INFO  segmented.SegmentedRaftLogWorker (SegmentedRaftLogWorker.java:<init>(172)) - new f7c49c51-1121-4e1e-9c01-74e537549b8a@group-B98B028889D0-SegmentedRaftLogWorker for RaftStorage:Storage Directory /workdir/hadoop-ozone/integration-test/target/test-dir/MiniOzoneClusterImpl-d0ff48dc-faee-44ca-8dcc-f269a7262391/datanode-2/data/ratis/13b00c19-e579-484f-b6c3-b98b028889d0
2019-09-25 12:39:10,093 [pool-147-thread-1] INFO  server.RaftServerConfigKeys (ConfUtils.java:logGet(43)) - raft.server.log.queue.byte-limit = 2147483647 (custom)
2019-09-25 12:39:10,093 [pool-147-thread-1] INFO  server.RaftServerConfigKeys (ConfUtils.java:logGet(43)) - raft.server.log.queue.element-limit = 1024 (custom)
2019-09-25 12:39:10,093 [pool-147-thread-1] INFO  server.RaftServerConfigKeys (ConfUtils.java:logGet(43)) - raft.server.log.segment.size.max = 1048576 (custom)
2019-09-25 12:39:10,093 [pool-147-thread-1] INFO  server.RaftServerConfigKeys (ConfUtils.java:logGet(43)) - raft.server.log.preallocated.size = 16384 (custom)
2019-09-25 12:39:10,093 [pool-147-thread-1] INFO  server.RaftServerConfigKeys (ConfUtils.java:logGet(43)) - raft.server.log.write.buffer.size = 33554432 (custom)
2019-09-25 12:39:10,093 [pool-147-thread-1] INFO  server.RaftServerConfigKeys (ConfUtils.java:logGet(43)) - raft.server.log.force.sync.num = 128 (default)
2019-09-25 12:39:10,094 [pool-147-thread-1] INFO  server.RaftServerConfigKeys (ConfUtils.java:logGet(43)) - raft.server.log.statemachine.data.sync = true (default)
2019-09-25 12:39:10,094 [pool-147-thread-1] INFO  server.RaftServerConfigKeys (ConfUtils.java:logGet(43)) - raft.server.log.statemachine.data.sync.timeout = 10s (default)
2019-09-25 12:39:10,094 [pool-147-thread-1] INFO  server.RaftServerConfigKeys (ConfUtils.java:logGet(43)) - raft.server.log.statemachine.data.sync.timeout.retry = -1 (default)
2019-09-25 12:39:10,094 [pool-147-thread-1] INFO  server.RaftServerConfigKeys (ConfUtils.java:logGet(43)) - raft.server.log.statemachine.data.caching.enabled = true (custom)
2019-09-25 12:39:10,094 [pool-147-thread-1] INFO  segmented.SegmentedRaftLogWorker (SegmentedRaftLogWorker.java:lambda$new$0(132)) - f7c49c51-1121-4e1e-9c01-74e537549b8a@group-B98B028889D0-SegmentedRaftLogWorker: flushIndex: setUnconditionally 0 -> -1
2019-09-25 12:39:10,095 [pool-147-thread-1] INFO  server.RaftServerConfigKeys (ConfUtils.java:logGet(43)) - raft.server.snapshot.auto.trigger.enabled = true (custom)
2019-09-25 12:39:10,095 [pool-147-thread-1] INFO  server.RaftServerConfigKeys (ConfUtils.java:logGet(43)) - raft.server.snapshot.auto.trigger.threshold = 10000 (custom)
2019-09-25 12:39:10,095 [pool-147-thread-1] INFO  server.RaftServerConfigKeys (ConfUtils.java:logGet(43)) - raft.server.snapshot.retention.num.files = 5 (custom)
2019-09-25 12:39:10,095 [pool-147-thread-1] INFO  server.RaftServerConfigKeys (ConfUtils.java:logGet(43)) - raft.server.retrycache.expirytime = 600000ms (custom)
2019-09-25 12:39:10,097 [pool-147-thread-1] INFO  impl.RaftServerImpl (RaftServerImpl.java:start(185)) - f7c49c51-1121-4e1e-9c01-74e537549b8a@group-B98B028889D0: start as a follower, conf=-1: [f7c49c51-1121-4e1e-9c01-74e537549b8a:192.168.151.73:37391], old=null
2019-09-25 12:39:10,098 [pool-147-thread-1] INFO  impl.RaftServerImpl (RaftServerImpl.java:setRole(174)) - f7c49c51-1121-4e1e-9c01-74e537549b8a@group-B98B028889D0: changes role from      null to FOLLOWER at term 0 for startAsFollower
2019-09-25 12:39:10,098 [pool-147-thread-1] INFO  impl.RoleInfo (RoleInfo.java:updateAndGet(143)) - f7c49c51-1121-4e1e-9c01-74e537549b8a: start FollowerState
2019-09-25 12:39:10,098 [pool-147-thread-1] INFO  util.JmxRegister (JmxRegister.java:tryRegister(44)) - Successfully registered JMX Bean with object name Ratis:service=RaftServer,group=group-B98B028889D0,id=f7c49c51-1121-4e1e-9c01-74e537549b8a
2019-09-25 12:39:10,101 [RatisPipelineUtilsThread] INFO  pipeline.PipelineStateManager (PipelineStateManager.java:addPipeline(56)) - Created pipeline Pipeline[ Id: 13b00c19-e579-484f-b6c3-b98b028889d0, Nodes: f7c49c51-1121-4e1e-9c01-74e537549b8a{ip: 192.168.151.73, host: pr-hdds-1569-shd4m-3693607622, networkLocation: /default-rack, certSerialId: null}, Type:RATIS, Factor:ONE, State:OPEN]
2019-09-25 12:39:10,101 [RatisPipelineUtilsThread] INFO  pipeline.PipelinePlacementPolicy (PipelinePlacementPolicy.java:meetCriteria(91)) - Pipeline Placement: can't place more pipeline on heavy datanode： 3e5a13d1-053a-49e9-83b0-637d290f3a88 Heaviness: 6 limit: 5
2019-09-25 12:39:10,102 [RatisPipelineUtilsThread] INFO  pipeline.PipelinePlacementPolicy (PipelinePlacementPolicy.java:meetCriteria(91)) - Pipeline Placement: can't place more pipeline on heavy datanode： 0c10ee7a-d1f3-4d15-a97d-be3bd840fe5f Heaviness: 6 limit: 5
2019-09-25 12:39:10,107 [grpc-default-executor-0] INFO  impl.RaftServerProxy (RaftServerProxy.java:addNew(89)) - f7c49c51-1121-4e1e-9c01-74e537549b8a: addNew group-084541CB64FE:[f7c49c51-1121-4e1e-9c01-74e537549b8a:192.168.151.73:37391] returns group-084541CB64FE:java.util.concurrent.CompletableFuture@6d1f7bee[Not completed]
2019-09-25 12:39:10,108 [pool-147-thread-1] INFO  impl.RaftServerImpl (RaftServerImpl.java:<init>(95)) - f7c49c51-1121-4e1e-9c01-74e537549b8a: new RaftServerImpl for group-084541CB64FE:[f7c49c51-1121-4e1e-9c01-74e537549b8a:192.168.151.73:37391] with ContainerStateMachine:uninitialized
2019-09-25 12:39:10,108 [pool-147-thread-1] INFO  server.RaftServerConfigKeys (ConfUtils.java:logGet(43)) - raft.server.rpc.timeout.min = 5s (custom)
2019-09-25 12:39:10,109 [pool-147-thread-1] INFO  server.RaftServerConfigKeys (ConfUtils.java:logGet(43)) - raft.server.rpc.timeout.max = 5200ms (custom)
2019-09-25 12:39:10,109 [pool-147-thread-1] INFO  server.RaftServerConfigKeys (ConfUtils.java:logGet(43)) - raft.server.rpcslowness.timeout = 120s (custom)
2019-09-25 12:39:10,109 [pool-147-thread-1] INFO  server.RaftServerConfigKeys (ConfUtils.java:logGet(43)) - raft.server.sleep.deviation.threshold = 300 (default)
2019-09-25 12:39:10,109 [pool-147-thread-1] INFO  server.RaftServerConfigKeys (ConfUtils.java:logGet(43)) - raft.server.log.appender.install.snapshot.enabled = false (custom)
2019-09-25 12:39:10,109 [pool-147-thread-1] INFO  impl.RaftServerImpl (ServerState.java:<init>(103)) - f7c49c51-1121-4e1e-9c01-74e537549b8a@group-084541CB64FE: ConfigurationManager, init=-1: [f7c49c51-1121-4e1e-9c01-74e537549b8a:192.168.151.73:37391], old=null, confs=<EMPTY_MAP>
2019-09-25 12:39:10,109 [pool-147-thread-1] INFO  server.RaftServerConfigKeys (ConfUtils.java:logGet(43)) - raft.server.storage.dir = [/workdir/hadoop-ozone/integration-test/target/test-dir/MiniOzoneClusterImpl-d0ff48dc-faee-44ca-8dcc-f269a7262391/datanode-2/data/ratis] (custom)
2019-09-25 12:39:10,110 [pool-147-thread-1] INFO  storage.RaftStorageDirectory (RaftStorageDirectory.java:analyzeStorage(246)) - The storage directory /workdir/hadoop-ozone/integration-test/target/test-dir/MiniOzoneClusterImpl-d0ff48dc-faee-44ca-8dcc-f269a7262391/datanode-2/data/ratis/d93ab0ba-632b-40ef-b466-084541cb64fe does not exist. Creating ...
2019-09-25 12:39:10,122 [pool-147-thread-1] INFO  storage.RaftStorageDirectory (RaftStorageDirectory.java:tryLock(328)) - Lock on /workdir/hadoop-ozone/integration-test/target/test-dir/MiniOzoneClusterImpl-d0ff48dc-faee-44ca-8dcc-f269a7262391/datanode-2/data/ratis/d93ab0ba-632b-40ef-b466-084541cb64fe/in_use.lock acquired by nodename 9642@pr-hdds-1569-shd4m-3693607622
2019-09-25 12:39:10,147 [pool-147-thread-1] INFO  storage.RaftStorage (RaftStorage.java:format(72)) - Storage directory /workdir/hadoop-ozone/integration-test/target/test-dir/MiniOzoneClusterImpl-d0ff48dc-faee-44ca-8dcc-f269a7262391/datanode-2/data/ratis/d93ab0ba-632b-40ef-b466-084541cb64fe has been successfully formatted.
2019-09-25 12:39:10,147 [pool-147-thread-1] INFO  ratis.ContainerStateMachine (ContainerStateMachine.java:loadSnapshot(230)) - group-084541CB64FE: The snapshot info is null. Setting the last applied indexto:(t:0, i:~)
2019-09-25 12:39:10,148 [pool-147-thread-1] INFO  server.RaftServerConfigKeys (ConfUtils.java:logGet(43)) - raft.server.notification.no-leader.timeout = 120s (custom)
2019-09-25 12:39:10,148 [pool-147-thread-1] INFO  server.RaftServerConfigKeys (ConfUtils.java:logGet(43)) - raft.server.log.use.memory = false (default)
2019-09-25 12:39:10,148 [pool-147-thread-1] INFO  server.RaftServerConfigKeys (ConfUtils.java:logGet(43)) - raft.server.log.purge.gap = 1000000 (custom)
2019-09-25 12:39:10,148 [pool-147-thread-1] INFO  server.RaftServerConfigKeys (ConfUtils.java:logGet(43)) - raft.server.log.appender.buffer.byte-limit = 33554432 (custom)
2019-09-25 12:39:10,148 [pool-147-thread-1] INFO  server.RaftServerConfigKeys (ConfUtils.java:logGet(43)) - raft.server.log.segment.size.max = 1048576 (custom)
2019-09-25 12:39:10,148 [pool-147-thread-1] INFO  server.RaftServerConfigKeys (ConfUtils.java:logGet(43)) - raft.server.log.segment.cache.num.max = 2 (custom)
2019-09-25 12:39:10,149 [pool-147-thread-1] INFO  segmented.SegmentedRaftLogWorker (SegmentedRaftLogWorker.java:<init>(172)) - new f7c49c51-1121-4e1e-9c01-74e537549b8a@group-084541CB64FE-SegmentedRaftLogWorker for RaftStorage:Storage Directory /workdir/hadoop-ozone/integration-test/target/test-dir/MiniOzoneClusterImpl-d0ff48dc-faee-44ca-8dcc-f269a7262391/datanode-2/data/ratis/d93ab0ba-632b-40ef-b466-084541cb64fe
2019-09-25 12:39:10,149 [pool-147-thread-1] INFO  server.RaftServerConfigKeys (ConfUtils.java:logGet(43)) - raft.server.log.queue.byte-limit = 2147483647 (custom)
2019-09-25 12:39:10,149 [pool-147-thread-1] INFO  server.RaftServerConfigKeys (ConfUtils.java:logGet(43)) - raft.server.log.queue.element-limit = 1024 (custom)
2019-09-25 12:39:10,149 [pool-147-thread-1] INFO  server.RaftServerConfigKeys (ConfUtils.java:logGet(43)) - raft.server.log.segment.size.max = 1048576 (custom)
2019-09-25 12:39:10,149 [pool-147-thread-1] INFO  server.RaftServerConfigKeys (ConfUtils.java:logGet(43)) - raft.server.log.preallocated.size = 16384 (custom)
2019-09-25 12:39:10,150 [pool-147-thread-1] INFO  server.RaftServerConfigKeys (ConfUtils.java:logGet(43)) - raft.server.log.write.buffer.size = 33554432 (custom)
2019-09-25 12:39:10,150 [pool-147-thread-1] INFO  server.RaftServerConfigKeys (ConfUtils.java:logGet(43)) - raft.server.log.force.sync.num = 128 (default)
2019-09-25 12:39:10,150 [pool-147-thread-1] INFO  server.RaftServerConfigKeys (ConfUtils.java:logGet(43)) - raft.server.log.statemachine.data.sync = true (default)
2019-09-25 12:39:10,150 [pool-147-thread-1] INFO  server.RaftServerConfigKeys (ConfUtils.java:logGet(43)) - raft.server.log.statemachine.data.sync.timeout = 10s (default)
2019-09-25 12:39:10,150 [pool-147-thread-1] INFO  server.RaftServerConfigKeys (ConfUtils.java:logGet(43)) - raft.server.log.statemachine.data.sync.timeout.retry = -1 (default)
2019-09-25 12:39:10,150 [pool-147-thread-1] INFO  server.RaftServerConfigKeys (ConfUtils.java:logGet(43)) - raft.server.log.statemachine.data.caching.enabled = true (custom)
2019-09-25 12:39:10,151 [pool-147-thread-1] INFO  segmented.SegmentedRaftLogWorker (SegmentedRaftLogWorker.java:lambda$new$0(132)) - f7c49c51-1121-4e1e-9c01-74e537549b8a@group-084541CB64FE-SegmentedRaftLogWorker: flushIndex: setUnconditionally 0 -> -1
2019-09-25 12:39:10,151 [pool-147-thread-1] INFO  server.RaftServerConfigKeys (ConfUtils.java:logGet(43)) - raft.server.snapshot.auto.trigger.enabled = true (custom)
2019-09-25 12:39:10,151 [pool-147-thread-1] INFO  server.RaftServerConfigKeys (ConfUtils.java:logGet(43)) - raft.server.snapshot.auto.trigger.threshold = 10000 (custom)
2019-09-25 12:39:10,151 [pool-147-thread-1] INFO  server.RaftServerConfigKeys (ConfUtils.java:logGet(43)) - raft.server.snapshot.retention.num.files = 5 (custom)
2019-09-25 12:39:10,152 [pool-147-thread-1] INFO  server.RaftServerConfigKeys (ConfUtils.java:logGet(43)) - raft.server.retrycache.expirytime = 600000ms (custom)
2019-09-25 12:39:10,154 [pool-147-thread-1] INFO  impl.RaftServerImpl (RaftServerImpl.java:start(185)) - f7c49c51-1121-4e1e-9c01-74e537549b8a@group-084541CB64FE: start as a follower, conf=-1: [f7c49c51-1121-4e1e-9c01-74e537549b8a:192.168.151.73:37391], old=null
2019-09-25 12:39:10,154 [pool-147-thread-1] INFO  impl.RaftServerImpl (RaftServerImpl.java:setRole(174)) - f7c49c51-1121-4e1e-9c01-74e537549b8a@group-084541CB64FE: changes role from      null to FOLLOWER at term 0 for startAsFollower
2019-09-25 12:39:10,154 [pool-147-thread-1] INFO  impl.RoleInfo (RoleInfo.java:updateAndGet(143)) - f7c49c51-1121-4e1e-9c01-74e537549b8a: start FollowerState
2019-09-25 12:39:10,155 [pool-147-thread-1] INFO  util.JmxRegister (JmxRegister.java:tryRegister(44)) - Successfully registered JMX Bean with object name Ratis:service=RaftServer,group=group-084541CB64FE,id=f7c49c51-1121-4e1e-9c01-74e537549b8a
2019-09-25 12:39:10,158 [RatisPipelineUtilsThread] INFO  pipeline.PipelineStateManager (PipelineStateManager.java:addPipeline(56)) - Created pipeline Pipeline[ Id: d93ab0ba-632b-40ef-b466-084541cb64fe, Nodes: f7c49c51-1121-4e1e-9c01-74e537549b8a{ip: 192.168.151.73, host: pr-hdds-1569-shd4m-3693607622, networkLocation: /default-rack, certSerialId: null}, Type:RATIS, Factor:ONE, State:OPEN]
2019-09-25 12:39:10,158 [RatisPipelineUtilsThread] INFO  pipeline.PipelinePlacementPolicy (PipelinePlacementPolicy.java:meetCriteria(91)) - Pipeline Placement: can't place more pipeline on heavy datanode： f7c49c51-1121-4e1e-9c01-74e537549b8a Heaviness: 6 limit: 5
2019-09-25 12:39:10,158 [RatisPipelineUtilsThread] INFO  pipeline.PipelinePlacementPolicy (PipelinePlacementPolicy.java:meetCriteria(91)) - Pipeline Placement: can't place more pipeline on heavy datanode： 3e5a13d1-053a-49e9-83b0-637d290f3a88 Heaviness: 6 limit: 5
2019-09-25 12:39:10,158 [RatisPipelineUtilsThread] INFO  pipeline.PipelinePlacementPolicy (PipelinePlacementPolicy.java:meetCriteria(91)) - Pipeline Placement: can't place more pipeline on heavy datanode： 0c10ee7a-d1f3-4d15-a97d-be3bd840fe5f Heaviness: 6 limit: 5
2019-09-25 12:39:10,159 [RatisPipelineUtilsThread] ERROR pipeline.PipelinePlacementPolicy (PipelinePlacementPolicy.java:filterViableNodes(148)) - Unable to find enough nodes that meet the criteria that cannot engage in more than 5 pipelines. Nodes required: 1 Found: 0, healthy nodes count inNodeManager: 3.
2019-09-25 12:39:10,159 [RatisPipelineUtilsThread] ERROR pipeline.SCMPipelineManager (SCMPipelineManager.java:createPipeline(167)) - Pipeline creation failed.
org.apache.hadoop.hdds.scm.exceptions.SCMException: Unable to find enough nodes that meet the criteria that cannot engage in more than 5 pipelines. Nodes required: 1 Found: 0, healthy nodes count inNodeManager: 3.
	at org.apache.hadoop.hdds.scm.pipeline.PipelinePlacementPolicy.filterViableNodes(PipelinePlacementPolicy.java:149)
	at org.apache.hadoop.hdds.scm.pipeline.PipelinePlacementPolicy.chooseDatanodes(PipelinePlacementPolicy.java:172)
	at org.apache.hadoop.hdds.scm.pipeline.RatisPipelineProvider.create(RatisPipelineProvider.java:93)
	at org.apache.hadoop.hdds.scm.pipeline.PipelineFactory.create(PipelineFactory.java:58)
	at org.apache.hadoop.hdds.scm.pipeline.SCMPipelineManager.createPipeline(SCMPipelineManager.java:155)
	at org.apache.hadoop.hdds.scm.pipeline.BackgroundPipelineCreator.createPipelines(BackgroundPipelineCreator.java:99)
	at java.util.concurrent.Executors$RunnableAdapter.call(Executors.java:511)
	at java.util.concurrent.FutureTask.run(FutureTask.java:266)
	at java.util.concurrent.ScheduledThreadPoolExecutor$ScheduledFutureTask.access$201(ScheduledThreadPoolExecutor.java:180)
	at java.util.concurrent.ScheduledThreadPoolExecutor$ScheduledFutureTask.run(ScheduledThreadPoolExecutor.java:293)
	at java.util.concurrent.ThreadPoolExecutor.runWorker(ThreadPoolExecutor.java:1149)
	at java.util.concurrent.ThreadPoolExecutor$Worker.run(ThreadPoolExecutor.java:624)
	at java.lang.Thread.run(Thread.java:748)
2019-09-25 12:39:10,159 [RatisPipelineUtilsThread] INFO  pipeline.PipelinePlacementPolicy (PipelinePlacementPolicy.java:meetCriteria(91)) - Pipeline Placement: can't place more pipeline on heavy datanode： f7c49c51-1121-4e1e-9c01-74e537549b8a Heaviness: 6 limit: 5
2019-09-25 12:39:10,160 [RatisPipelineUtilsThread] INFO  pipeline.PipelinePlacementPolicy (PipelinePlacementPolicy.java:meetCriteria(91)) - Pipeline Placement: can't place more pipeline on heavy datanode： 3e5a13d1-053a-49e9-83b0-637d290f3a88 Heaviness: 6 limit: 5
2019-09-25 12:39:10,160 [RatisPipelineUtilsThread] INFO  pipeline.PipelinePlacementPolicy (PipelinePlacementPolicy.java:meetCriteria(91)) - Pipeline Placement: can't place more pipeline on heavy datanode： 0c10ee7a-d1f3-4d15-a97d-be3bd840fe5f Heaviness: 6 limit: 5
2019-09-25 12:39:10,160 [RatisPipelineUtilsThread] ERROR pipeline.PipelinePlacementPolicy (PipelinePlacementPolicy.java:filterViableNodes(148)) - Unable to find enough nodes that meet the criteria that cannot engage in more than 5 pipelines. Nodes required: 3 Found: 0, healthy nodes count inNodeManager: 3.
2019-09-25 12:39:10,160 [RatisPipelineUtilsThread] ERROR pipeline.SCMPipelineManager (SCMPipelineManager.java:createPipeline(167)) - Pipeline creation failed.
org.apache.hadoop.hdds.scm.exceptions.SCMException: Unable to find enough nodes that meet the criteria that cannot engage in more than 5 pipelines. Nodes required: 3 Found: 0, healthy nodes count inNodeManager: 3.
	at org.apache.hadoop.hdds.scm.pipeline.PipelinePlacementPolicy.filterViableNodes(PipelinePlacementPolicy.java:149)
	at org.apache.hadoop.hdds.scm.pipeline.PipelinePlacementPolicy.chooseDatanodes(PipelinePlacementPolicy.java:172)
	at org.apache.hadoop.hdds.scm.pipeline.RatisPipelineProvider.create(RatisPipelineProvider.java:93)
	at org.apache.hadoop.hdds.scm.pipeline.PipelineFactory.create(PipelineFactory.java:58)
	at org.apache.hadoop.hdds.scm.pipeline.SCMPipelineManager.createPipeline(SCMPipelineManager.java:155)
	at org.apache.hadoop.hdds.scm.pipeline.BackgroundPipelineCreator.createPipelines(BackgroundPipelineCreator.java:99)
	at java.util.concurrent.Executors$RunnableAdapter.call(Executors.java:511)
	at java.util.concurrent.FutureTask.run(FutureTask.java:266)
	at java.util.concurrent.ScheduledThreadPoolExecutor$ScheduledFutureTask.access$201(ScheduledThreadPoolExecutor.java:180)
	at java.util.concurrent.ScheduledThreadPoolExecutor$ScheduledFutureTask.run(ScheduledThreadPoolExecutor.java:293)
	at java.util.concurrent.ThreadPoolExecutor.runWorker(ThreadPoolExecutor.java:1149)
	at java.util.concurrent.ThreadPoolExecutor$Worker.run(ThreadPoolExecutor.java:624)
	at java.lang.Thread.run(Thread.java:748)
2019-09-25 12:39:10,161 [RatisPipelineUtilsThread] INFO  pipeline.PipelinePlacementPolicy (PipelinePlacementPolicy.java:meetCriteria(91)) - Pipeline Placement: can't place more pipeline on heavy datanode： f7c49c51-1121-4e1e-9c01-74e537549b8a Heaviness: 6 limit: 5
2019-09-25 12:39:10,162 [RatisPipelineUtilsThread] INFO  pipeline.PipelinePlacementPolicy (PipelinePlacementPolicy.java:meetCriteria(91)) - Pipeline Placement: can't place more pipeline on heavy datanode： 3e5a13d1-053a-49e9-83b0-637d290f3a88 Heaviness: 6 limit: 5
2019-09-25 12:39:10,162 [RatisPipelineUtilsThread] INFO  pipeline.PipelinePlacementPolicy (PipelinePlacementPolicy.java:meetCriteria(91)) - Pipeline Placement: can't place more pipeline on heavy datanode： 0c10ee7a-d1f3-4d15-a97d-be3bd840fe5f Heaviness: 6 limit: 5
2019-09-25 12:39:10,162 [RatisPipelineUtilsThread] ERROR pipeline.PipelinePlacementPolicy (PipelinePlacementPolicy.java:filterViableNodes(148)) - Unable to find enough nodes that meet the criteria that cannot engage in more than 5 pipelines. Nodes required: 1 Found: 0, healthy nodes count inNodeManager: 3.
2019-09-25 12:39:10,162 [RatisPipelineUtilsThread] ERROR pipeline.SCMPipelineManager (SCMPipelineManager.java:createPipeline(167)) - Pipeline creation failed.
org.apache.hadoop.hdds.scm.exceptions.SCMException: Unable to find enough nodes that meet the criteria that cannot engage in more than 5 pipelines. Nodes required: 1 Found: 0, healthy nodes count inNodeManager: 3.
	at org.apache.hadoop.hdds.scm.pipeline.PipelinePlacementPolicy.filterViableNodes(PipelinePlacementPolicy.java:149)
	at org.apache.hadoop.hdds.scm.pipeline.PipelinePlacementPolicy.chooseDatanodes(PipelinePlacementPolicy.java:172)
	at org.apache.hadoop.hdds.scm.pipeline.RatisPipelineProvider.create(RatisPipelineProvider.java:93)
	at org.apache.hadoop.hdds.scm.pipeline.PipelineFactory.create(PipelineFactory.java:58)
	at org.apache.hadoop.hdds.scm.pipeline.SCMPipelineManager.createPipeline(SCMPipelineManager.java:155)
	at org.apache.hadoop.hdds.scm.pipeline.BackgroundPipelineCreator.createPipelines(BackgroundPipelineCreator.java:99)
	at org.apache.hadoop.hdds.scm.pipeline.BackgroundPipelineCreator.lambda$startFixedIntervalPipelineCreator$0(BackgroundPipelineCreator.java:70)
	at java.util.concurrent.Executors$RunnableAdapter.call(Executors.java:511)
	at java.util.concurrent.FutureTask.runAndReset(FutureTask.java:308)
	at java.util.concurrent.ScheduledThreadPoolExecutor$ScheduledFutureTask.access$301(ScheduledThreadPoolExecutor.java:180)
	at java.util.concurrent.ScheduledThreadPoolExecutor$ScheduledFutureTask.run(ScheduledThreadPoolExecutor.java:294)
	at java.util.concurrent.ThreadPoolExecutor.runWorker(ThreadPoolExecutor.java:1149)
	at java.util.concurrent.ThreadPoolExecutor$Worker.run(ThreadPoolExecutor.java:624)
	at java.lang.Thread.run(Thread.java:748)
2019-09-25 12:39:10,163 [RatisPipelineUtilsThread] INFO  pipeline.PipelinePlacementPolicy (PipelinePlacementPolicy.java:meetCriteria(91)) - Pipeline Placement: can't place more pipeline on heavy datanode： f7c49c51-1121-4e1e-9c01-74e537549b8a Heaviness: 6 limit: 5
2019-09-25 12:39:10,163 [RatisPipelineUtilsThread] INFO  pipeline.PipelinePlacementPolicy (PipelinePlacementPolicy.java:meetCriteria(91)) - Pipeline Placement: can't place more pipeline on heavy datanode： 3e5a13d1-053a-49e9-83b0-637d290f3a88 Heaviness: 6 limit: 5
2019-09-25 12:39:10,164 [RatisPipelineUtilsThread] INFO  pipeline.PipelinePlacementPolicy (PipelinePlacementPolicy.java:meetCriteria(91)) - Pipeline Placement: can't place more pipeline on heavy datanode： 0c10ee7a-d1f3-4d15-a97d-be3bd840fe5f Heaviness: 6 limit: 5
2019-09-25 12:39:10,164 [RatisPipelineUtilsThread] ERROR pipeline.PipelinePlacementPolicy (PipelinePlacementPolicy.java:filterViableNodes(148)) - Unable to find enough nodes that meet the criteria that cannot engage in more than 5 pipelines. Nodes required: 3 Found: 0, healthy nodes count inNodeManager: 3.
2019-09-25 12:39:10,164 [RatisPipelineUtilsThread] ERROR pipeline.SCMPipelineManager (SCMPipelineManager.java:createPipeline(167)) - Pipeline creation failed.
org.apache.hadoop.hdds.scm.exceptions.SCMException: Unable to find enough nodes that meet the criteria that cannot engage in more than 5 pipelines. Nodes required: 3 Found: 0, healthy nodes count inNodeManager: 3.
	at org.apache.hadoop.hdds.scm.pipeline.PipelinePlacementPolicy.filterViableNodes(PipelinePlacementPolicy.java:149)
	at org.apache.hadoop.hdds.scm.pipeline.PipelinePlacementPolicy.chooseDatanodes(PipelinePlacementPolicy.java:172)
	at org.apache.hadoop.hdds.scm.pipeline.RatisPipelineProvider.create(RatisPipelineProvider.java:93)
	at org.apache.hadoop.hdds.scm.pipeline.PipelineFactory.create(PipelineFactory.java:58)
	at org.apache.hadoop.hdds.scm.pipeline.SCMPipelineManager.createPipeline(SCMPipelineManager.java:155)
	at org.apache.hadoop.hdds.scm.pipeline.BackgroundPipelineCreator.createPipelines(BackgroundPipelineCreator.java:99)
	at org.apache.hadoop.hdds.scm.pipeline.BackgroundPipelineCreator.lambda$startFixedIntervalPipelineCreator$0(BackgroundPipelineCreator.java:70)
	at java.util.concurrent.Executors$RunnableAdapter.call(Executors.java:511)
	at java.util.concurrent.FutureTask.runAndReset(FutureTask.java:308)
	at java.util.concurrent.ScheduledThreadPoolExecutor$ScheduledFutureTask.access$301(ScheduledThreadPoolExecutor.java:180)
	at java.util.concurrent.ScheduledThreadPoolExecutor$ScheduledFutureTask.run(ScheduledThreadPoolExecutor.java:294)
	at java.util.concurrent.ThreadPoolExecutor.runWorker(ThreadPoolExecutor.java:1149)
	at java.util.concurrent.ThreadPoolExecutor$Worker.run(ThreadPoolExecutor.java:624)
	at java.lang.Thread.run(Thread.java:748)
2019-09-25 12:39:10,502 [main] INFO  ozone.MiniOzoneClusterImpl (MiniOzoneClusterImpl.java:lambda$waitForClusterToBeReady$0(147)) - Cluster is ready. Got 3 of 3 DN Heartbeats.
2019-09-25 12:39:10,503 [main] INFO  pipeline.PipelinePlacementPolicy (PipelinePlacementPolicy.java:meetCriteria(91)) - Pipeline Placement: can't place more pipeline on heavy datanode： f7c49c51-1121-4e1e-9c01-74e537549b8a Heaviness: 6 limit: 5
2019-09-25 12:39:10,503 [main] INFO  pipeline.PipelinePlacementPolicy (PipelinePlacementPolicy.java:meetCriteria(91)) - Pipeline Placement: can't place more pipeline on heavy datanode： 3e5a13d1-053a-49e9-83b0-637d290f3a88 Heaviness: 6 limit: 5
2019-09-25 12:39:10,503 [main] INFO  pipeline.PipelinePlacementPolicy (PipelinePlacementPolicy.java:meetCriteria(91)) - Pipeline Placement: can't place more pipeline on heavy datanode： 0c10ee7a-d1f3-4d15-a97d-be3bd840fe5f Heaviness: 6 limit: 5
2019-09-25 12:39:10,504 [main] ERROR pipeline.PipelinePlacementPolicy (PipelinePlacementPolicy.java:filterViableNodes(148)) - Unable to find enough nodes that meet the criteria that cannot engage in more than 5 pipelines. Nodes required: 3 Found: 0, healthy nodes count inNodeManager: 3.
2019-09-25 12:39:10,504 [main] ERROR pipeline.SCMPipelineManager (SCMPipelineManager.java:createPipeline(167)) - Pipeline creation failed.
org.apache.hadoop.hdds.scm.exceptions.SCMException: Unable to find enough nodes that meet the criteria that cannot engage in more than 5 pipelines. Nodes required: 3 Found: 0, healthy nodes count inNodeManager: 3.
	at org.apache.hadoop.hdds.scm.pipeline.PipelinePlacementPolicy.filterViableNodes(PipelinePlacementPolicy.java:149)
	at org.apache.hadoop.hdds.scm.pipeline.PipelinePlacementPolicy.chooseDatanodes(PipelinePlacementPolicy.java:172)
	at org.apache.hadoop.hdds.scm.pipeline.RatisPipelineProvider.create(RatisPipelineProvider.java:93)
	at org.apache.hadoop.hdds.scm.pipeline.PipelineFactory.create(PipelineFactory.java:58)
	at org.apache.hadoop.hdds.scm.pipeline.SCMPipelineManager.createPipeline(SCMPipelineManager.java:155)
	at org.apache.hadoop.hdds.scm.container.ContainerStateManager.allocateContainer(ContainerStateManager.java:255)
	at org.apache.hadoop.hdds.scm.container.SCMContainerManager.allocateContainer(SCMContainerManager.java:247)
	at org.apache.hadoop.hdds.scm.pipeline.TestPipelineClose.init(TestPipelineClose.java:92)
	at sun.reflect.NativeMethodAccessorImpl.invoke0(Native Method)
	at sun.reflect.NativeMethodAccessorImpl.invoke(NativeMethodAccessorImpl.java:62)
	at sun.reflect.DelegatingMethodAccessorImpl.invoke(DelegatingMethodAccessorImpl.java:43)
	at java.lang.reflect.Method.invoke(Method.java:498)
	at org.junit.runners.model.FrameworkMethod$1.runReflectiveCall(FrameworkMethod.java:47)
	at org.junit.internal.runners.model.ReflectiveCallable.run(ReflectiveCallable.java:12)
	at org.junit.runners.model.FrameworkMethod.invokeExplosively(FrameworkMethod.java:44)
	at org.junit.internal.runners.statements.RunBefores.evaluate(RunBefores.java:24)
	at org.junit.internal.runners.statements.RunAfters.evaluate(RunAfters.java:27)
	at org.junit.runners.ParentRunner.runLeaf(ParentRunner.java:271)
	at org.junit.runners.BlockJUnit4ClassRunner.runChild(BlockJUnit4ClassRunner.java:70)
	at org.junit.runners.BlockJUnit4ClassRunner.runChild(BlockJUnit4ClassRunner.java:50)
	at org.junit.runners.ParentRunner$3.run(ParentRunner.java:238)
	at org.junit.runners.ParentRunner$1.schedule(ParentRunner.java:63)
	at org.junit.runners.ParentRunner.runChildren(ParentRunner.java:236)
	at org.junit.runners.ParentRunner.access$000(ParentRunner.java:53)
	at org.junit.runners.ParentRunner$2.evaluate(ParentRunner.java:229)
	at org.junit.runners.ParentRunner.run(ParentRunner.java:309)
	at org.apache.maven.surefire.junit4.JUnit4Provider.execute(JUnit4Provider.java:365)
	at org.apache.maven.surefire.junit4.JUnit4Provider.executeWithRerun(JUnit4Provider.java:273)
	at org.apache.maven.surefire.junit4.JUnit4Provider.executeTestSet(JUnit4Provider.java:238)
	at org.apache.maven.surefire.junit4.JUnit4Provider.invoke(JUnit4Provider.java:159)
	at org.apache.maven.surefire.booter.ForkedBooter.invokeProviderInSameClassLoader(ForkedBooter.java:384)
	at org.apache.maven.surefire.booter.ForkedBooter.runSuitesInProcess(ForkedBooter.java:345)
	at org.apache.maven.surefire.booter.ForkedBooter.execute(ForkedBooter.java:126)
	at org.apache.maven.surefire.booter.ForkedBooter.main(ForkedBooter.java:418)
2019-09-25 12:39:10,505 [main] INFO  ozone.MiniOzoneClusterImpl (MiniOzoneClusterImpl.java:shutdown(314)) - Shutting down the Mini Ozone Cluster
2019-09-25 12:39:10,506 [main] INFO  ozone.MiniOzoneClusterImpl (MiniOzoneClusterImpl.java:stop(330)) - Stopping the Mini Ozone Cluster
2019-09-25 12:39:10,506 [main] INFO  ozone.MiniOzoneClusterImpl (MiniOzoneClusterImpl.java:stopOM(400)) - Stopping the OzoneManager
2019-09-25 12:39:10,506 [main] INFO  ipc.Server (Server.java:stop(3082)) - Stopping server on 43861
2019-09-25 12:39:10,511 [IPC Server listener on 43861] INFO  ipc.Server (Server.java:run(1185)) - Stopping IPC Server listener on 43861
2019-09-25 12:39:10,511 [IPC Server Responder] INFO  ipc.Server (Server.java:run(1319)) - Stopping IPC Server Responder
2019-09-25 12:39:10,511 [main] INFO  ratis.OzoneManagerDoubleBuffer (OzoneManagerDoubleBuffer.java:stop(248)) - Stopping OMDoubleBuffer flush thread
2019-09-25 12:39:10,513 [OMDoubleBufferFlushThread] INFO  ratis.OzoneManagerDoubleBuffer (OzoneManagerDoubleBuffer.java:flushTransactions(191)) - OMDoubleBuffer flush thread OMDoubleBufferFlushThread is interrupted and will exit. OMDoubleBufferFlushThread
2019-09-25 12:39:10,514 [main] INFO  utils.BackgroundService (BackgroundService.java:shutdown(148)) - Shutting down service KeyDeletingService
2019-09-25 12:39:10,516 [main] INFO  handler.ContextHandler (ContextHandler.java:doStop(910)) - Stopped o.e.j.w.WebAppContext@6504a875{/,null,UNAVAILABLE}{/ozoneManager}
2019-09-25 12:39:10,517 [main] INFO  server.AbstractConnector (AbstractConnector.java:doStop(318)) - Stopped ServerConnector@35e26d05{HTTP/1.1,[http/1.1]}{0.0.0.0:0}
2019-09-25 12:39:10,518 [main] INFO  handler.ContextHandler (ContextHandler.java:doStop(910)) - Stopped o.e.j.s.ServletContextHandler@6deee370{/static,file:///workdir/hadoop-ozone/integration-test/target/test-classes/webapps/static,UNAVAILABLE}
2019-09-25 12:39:10,518 [main] INFO  handler.ContextHandler (ContextHandler.java:doStop(910)) - Stopped o.e.j.s.ServletContextHandler@63cd2cd2{/logs,file:///workdir/hadoop-ozone/integration-test/target/log,UNAVAILABLE}
2019-09-25 12:39:10,520 [main] INFO  ozone.MiniOzoneClusterImpl (MiniOzoneClusterImpl.java:stopDatanodes(377)) - Stopping the HddsDatanodes
2019-09-25 12:39:11,367 [Datanode State Machine Thread - 0] INFO  statemachine.DatanodeStateMachine (DatanodeStateMachine.java:lambda$startDaemon$0(350)) - Ozone container server started.
2019-09-25 12:39:11,434 [Datanode State Machine Thread - 0] INFO  statemachine.DatanodeStateMachine (DatanodeStateMachine.java:lambda$startDaemon$0(350)) - Ozone container server started.
2019-09-25 12:39:12,377 [Thread-704] INFO  container.ReplicationManager (ReplicationManager.java:start(163)) - Starting Replication Monitor Thread.
2019-09-25 12:39:12,380 [ReplicationMonitor] INFO  container.ReplicationManager (ReplicationManager.java:run(226)) - Replication Monitor Thread took 0 milliseconds for processing 0 containers.
2019-09-25 12:39:14,556 [Thread-706] INFO  impl.FollowerState (FollowerState.java:run(106)) - 3e5a13d1-053a-49e9-83b0-637d290f3a88:group-2D1B81CB9F8E changes to CANDIDATE, lastRpcTime:5118, electionTimeout:5118ms
2019-09-25 12:39:14,557 [Thread-706] INFO  impl.RoleInfo (RoleInfo.java:shutdownFollowerState(121)) - 3e5a13d1-053a-49e9-83b0-637d290f3a88: shutdown FollowerState
2019-09-25 12:39:14,557 [Thread-706] INFO  impl.RaftServerImpl (RaftServerImpl.java:setRole(174)) - 3e5a13d1-053a-49e9-83b0-637d290f3a88@group-2D1B81CB9F8E: changes role from  FOLLOWER to CANDIDATE at term 0 for changeToCandidate
2019-09-25 12:39:14,557 [Thread-706] INFO  impl.RoleInfo (RoleInfo.java:updateAndGet(143)) - 3e5a13d1-053a-49e9-83b0-637d290f3a88: start LeaderElection
2019-09-25 12:39:14,587 [3e5a13d1-053a-49e9-83b0-637d290f3a88@group-2D1B81CB9F8E:LeaderElection37] INFO  impl.LeaderElection (LeaderElection.java:askForVotes(182)) - 3e5a13d1-053a-49e9-83b0-637d290f3a88@group-2D1B81CB9F8E:LeaderElection37: begin an election at term 1 for -1: [3e5a13d1-053a-49e9-83b0-637d290f3a88:192.168.151.73:45887], old=null
2019-09-25 12:39:14,587 [3e5a13d1-053a-49e9-83b0-637d290f3a88@group-2D1B81CB9F8E:LeaderElection37] INFO  impl.RoleInfo (RoleInfo.java:shutdownLeaderElection(134)) - 3e5a13d1-053a-49e9-83b0-637d290f3a88: shutdown LeaderElection
2019-09-25 12:39:14,587 [3e5a13d1-053a-49e9-83b0-637d290f3a88@group-2D1B81CB9F8E:LeaderElection37] INFO  impl.RaftServerImpl (RaftServerImpl.java:setRole(174)) - 3e5a13d1-053a-49e9-83b0-637d290f3a88@group-2D1B81CB9F8E: changes role from CANDIDATE to LEADER at term 1 for changeToLeader
2019-09-25 12:39:14,587 [3e5a13d1-053a-49e9-83b0-637d290f3a88@group-2D1B81CB9F8E:LeaderElection37] INFO  impl.RaftServerImpl (ServerState.java:setLeader(253)) - 3e5a13d1-053a-49e9-83b0-637d290f3a88@group-2D1B81CB9F8E: change Leader from null to 3e5a13d1-053a-49e9-83b0-637d290f3a88 at term 1 for becomeLeader, leader elected after 5157ms
2019-09-25 12:39:14,587 [3e5a13d1-053a-49e9-83b0-637d290f3a88@group-2D1B81CB9F8E:LeaderElection37] INFO  server.RaftServerConfigKeys (ConfUtils.java:logGet(43)) - raft.server.staging.catchup.gap = 1000 (default)
2019-09-25 12:39:14,588 [3e5a13d1-053a-49e9-83b0-637d290f3a88@group-2D1B81CB9F8E:LeaderElection37] INFO  server.RaftServerConfigKeys (ConfUtils.java:logGet(43)) - raft.server.rpc.sleep.time = 25ms (default)
2019-09-25 12:39:14,588 [3e5a13d1-053a-49e9-83b0-637d290f3a88@group-2D1B81CB9F8E:LeaderElection37] INFO  server.RaftServerConfigKeys (ConfUtils.java:logGet(43)) - raft.server.write.element-limit = 4096 (default)
2019-09-25 12:39:14,588 [3e5a13d1-053a-49e9-83b0-637d290f3a88@group-2D1B81CB9F8E:LeaderElection37] INFO  server.RaftServerConfigKeys (ConfUtils.java:logGet(43)) - raft.server.watch.timeout = 10s (default)
2019-09-25 12:39:14,588 [3e5a13d1-053a-49e9-83b0-637d290f3a88@group-2D1B81CB9F8E:LeaderElection37] INFO  server.RaftServerConfigKeys (ConfUtils.java:logGet(43)) - raft.server.watch.timeout.denomination = 1s (default)
2019-09-25 12:39:14,588 [3e5a13d1-053a-49e9-83b0-637d290f3a88@group-2D1B81CB9F8E:LeaderElection37] INFO  server.RaftServerConfigKeys (ConfUtils.java:logGet(43)) - raft.server.watch.element-limit = 65536 (default)
2019-09-25 12:39:14,590 [3e5a13d1-053a-49e9-83b0-637d290f3a88@group-2D1B81CB9F8E:LeaderElection37] INFO  impl.RoleInfo (RoleInfo.java:updateAndGet(143)) - 3e5a13d1-053a-49e9-83b0-637d290f3a88: start LeaderState
2019-09-25 12:39:14,590 [3e5a13d1-053a-49e9-83b0-637d290f3a88@group-2D1B81CB9F8E:LeaderElection37] INFO  segmented.SegmentedRaftLogWorker (SegmentedRaftLogWorker.java:startLogSegment(380)) - 3e5a13d1-053a-49e9-83b0-637d290f3a88@group-2D1B81CB9F8E-SegmentedRaftLogWorker: Starting segment from index:0
2019-09-25 12:39:14,591 [3e5a13d1-053a-49e9-83b0-637d290f3a88@group-2D1B81CB9F8E:LeaderElection37] INFO  impl.RaftServerImpl (ServerState.java:setRaftConf(354)) - 3e5a13d1-053a-49e9-83b0-637d290f3a88@group-2D1B81CB9F8E: set configuration 0: [3e5a13d1-053a-49e9-83b0-637d290f3a88:192.168.151.73:45887], old=null at 0
2019-09-25 12:39:14,642 [Thread-709] INFO  impl.FollowerState (FollowerState.java:run(106)) - 0c10ee7a-d1f3-4d15-a97d-be3bd840fe5f:group-682FC758245E changes to CANDIDATE, lastRpcTime:5159, electionTimeout:5159ms
2019-09-25 12:39:14,643 [Thread-709] INFO  impl.RoleInfo (RoleInfo.java:shutdownFollowerState(121)) - 0c10ee7a-d1f3-4d15-a97d-be3bd840fe5f: shutdown FollowerState
2019-09-25 12:39:14,643 [Thread-709] INFO  impl.RaftServerImpl (RaftServerImpl.java:setRole(174)) - 0c10ee7a-d1f3-4d15-a97d-be3bd840fe5f@group-682FC758245E: changes role from  FOLLOWER to CANDIDATE at term 0 for changeToCandidate
2019-09-25 12:39:14,643 [Thread-709] INFO  impl.RoleInfo (RoleInfo.java:updateAndGet(143)) - 0c10ee7a-d1f3-4d15-a97d-be3bd840fe5f: start LeaderElection
2019-09-25 12:39:14,648 [3e5a13d1-053a-49e9-83b0-637d290f3a88@group-2D1B81CB9F8E-SegmentedRaftLogWorker] INFO  segmented.SegmentedRaftLogWorker (SegmentedRaftLogWorker.java:execute(569)) - 3e5a13d1-053a-49e9-83b0-637d290f3a88@group-2D1B81CB9F8E-SegmentedRaftLogWorker: created new log segment /workdir/hadoop-ozone/integration-test/target/test-dir/MiniOzoneClusterImpl-d0ff48dc-faee-44ca-8dcc-f269a7262391/datanode-0/data/ratis/23017980-d0e6-4ee7-b9df-2d1b81cb9f8e/current/log_inprogress_0
2019-09-25 12:39:14,663 [0c10ee7a-d1f3-4d15-a97d-be3bd840fe5f@group-682FC758245E:LeaderElection38] INFO  impl.LeaderElection (LeaderElection.java:askForVotes(182)) - 0c10ee7a-d1f3-4d15-a97d-be3bd840fe5f@group-682FC758245E:LeaderElection38: begin an election at term 1 for -1: [0c10ee7a-d1f3-4d15-a97d-be3bd840fe5f:192.168.151.73:37077], old=null
2019-09-25 12:39:14,663 [0c10ee7a-d1f3-4d15-a97d-be3bd840fe5f@group-682FC758245E:LeaderElection38] INFO  impl.RoleInfo (RoleInfo.java:shutdownLeaderElection(134)) - 0c10ee7a-d1f3-4d15-a97d-be3bd840fe5f: shutdown LeaderElection
2019-09-25 12:39:14,663 [0c10ee7a-d1f3-4d15-a97d-be3bd840fe5f@group-682FC758245E:LeaderElection38] INFO  impl.RaftServerImpl (RaftServerImpl.java:setRole(174)) - 0c10ee7a-d1f3-4d15-a97d-be3bd840fe5f@group-682FC758245E: changes role from CANDIDATE to LEADER at term 1 for changeToLeader
2019-09-25 12:39:14,663 [0c10ee7a-d1f3-4d15-a97d-be3bd840fe5f@group-682FC758245E:LeaderElection38] INFO  impl.RaftServerImpl (ServerState.java:setLeader(253)) - 0c10ee7a-d1f3-4d15-a97d-be3bd840fe5f@group-682FC758245E: change Leader from null to 0c10ee7a-d1f3-4d15-a97d-be3bd840fe5f at term 1 for becomeLeader, leader elected after 5185ms
2019-09-25 12:39:14,663 [0c10ee7a-d1f3-4d15-a97d-be3bd840fe5f@group-682FC758245E:LeaderElection38] INFO  server.RaftServerConfigKeys (ConfUtils.java:logGet(43)) - raft.server.staging.catchup.gap = 1000 (default)
2019-09-25 12:39:14,663 [0c10ee7a-d1f3-4d15-a97d-be3bd840fe5f@group-682FC758245E:LeaderElection38] INFO  server.RaftServerConfigKeys (ConfUtils.java:logGet(43)) - raft.server.rpc.sleep.time = 25ms (default)
2019-09-25 12:39:14,663 [0c10ee7a-d1f3-4d15-a97d-be3bd840fe5f@group-682FC758245E:LeaderElection38] INFO  server.RaftServerConfigKeys (ConfUtils.java:logGet(43)) - raft.server.write.element-limit = 4096 (default)
2019-09-25 12:39:14,664 [0c10ee7a-d1f3-4d15-a97d-be3bd840fe5f@group-682FC758245E:LeaderElection38] INFO  server.RaftServerConfigKeys (ConfUtils.java:logGet(43)) - raft.server.watch.timeout = 10s (default)
2019-09-25 12:39:14,664 [0c10ee7a-d1f3-4d15-a97d-be3bd840fe5f@group-682FC758245E:LeaderElection38] INFO  server.RaftServerConfigKeys (ConfUtils.java:logGet(43)) - raft.server.watch.timeout.denomination = 1s (default)
2019-09-25 12:39:14,664 [0c10ee7a-d1f3-4d15-a97d-be3bd840fe5f@group-682FC758245E:LeaderElection38] INFO  server.RaftServerConfigKeys (ConfUtils.java:logGet(43)) - raft.server.watch.element-limit = 65536 (default)
2019-09-25 12:39:14,666 [0c10ee7a-d1f3-4d15-a97d-be3bd840fe5f@group-682FC758245E:LeaderElection38] INFO  impl.RoleInfo (RoleInfo.java:updateAndGet(143)) - 0c10ee7a-d1f3-4d15-a97d-be3bd840fe5f: start LeaderState
2019-09-25 12:39:14,666 [0c10ee7a-d1f3-4d15-a97d-be3bd840fe5f@group-682FC758245E:LeaderElection38] INFO  segmented.SegmentedRaftLogWorker (SegmentedRaftLogWorker.java:startLogSegment(380)) - 0c10ee7a-d1f3-4d15-a97d-be3bd840fe5f@group-682FC758245E-SegmentedRaftLogWorker: Starting segment from index:0
2019-09-25 12:39:14,666 [0c10ee7a-d1f3-4d15-a97d-be3bd840fe5f@group-682FC758245E:LeaderElection38] INFO  impl.RaftServerImpl (ServerState.java:setRaftConf(354)) - 0c10ee7a-d1f3-4d15-a97d-be3bd840fe5f@group-682FC758245E: set configuration 0: [0c10ee7a-d1f3-4d15-a97d-be3bd840fe5f:192.168.151.73:37077], old=null at 0
2019-09-25 12:39:14,668 [Thread-721] INFO  impl.FollowerState (FollowerState.java:run(106)) - 3e5a13d1-053a-49e9-83b0-637d290f3a88:group-C475818B79AB changes to CANDIDATE, lastRpcTime:5019, electionTimeout:5019ms
2019-09-25 12:39:14,668 [Thread-721] INFO  impl.RoleInfo (RoleInfo.java:shutdownFollowerState(121)) - 3e5a13d1-053a-49e9-83b0-637d290f3a88: shutdown FollowerState
2019-09-25 12:39:14,668 [Thread-721] INFO  impl.RaftServerImpl (RaftServerImpl.java:setRole(174)) - 3e5a13d1-053a-49e9-83b0-637d290f3a88@group-C475818B79AB: changes role from  FOLLOWER to CANDIDATE at term 0 for changeToCandidate
2019-09-25 12:39:14,668 [Thread-721] INFO  impl.RoleInfo (RoleInfo.java:updateAndGet(143)) - 3e5a13d1-053a-49e9-83b0-637d290f3a88: start LeaderElection
2019-09-25 12:39:14,700 [Thread-715] INFO  impl.FollowerState (FollowerState.java:run(106)) - 3e5a13d1-053a-49e9-83b0-637d290f3a88:group-87313E6AA964 changes to CANDIDATE, lastRpcTime:5114, electionTimeout:5094ms
2019-09-25 12:39:14,708 [Thread-712] INFO  impl.FollowerState (FollowerState.java:run(106)) - 3e5a13d1-053a-49e9-83b0-637d290f3a88:group-E1D300630294 changes to CANDIDATE, lastRpcTime:5173, electionTimeout:5173ms
2019-09-25 12:39:14,713 [Thread-715] INFO  impl.RoleInfo (RoleInfo.java:shutdownFollowerState(121)) - 3e5a13d1-053a-49e9-83b0-637d290f3a88: shutdown FollowerState
2019-09-25 12:39:14,713 [Thread-712] INFO  impl.RoleInfo (RoleInfo.java:shutdownFollowerState(121)) - 3e5a13d1-053a-49e9-83b0-637d290f3a88: shutdown FollowerState
2019-09-25 12:39:14,713 [Thread-715] INFO  impl.RaftServerImpl (RaftServerImpl.java:setRole(174)) - 3e5a13d1-053a-49e9-83b0-637d290f3a88@group-87313E6AA964: changes role from  FOLLOWER to CANDIDATE at term 0 for changeToCandidate
2019-09-25 12:39:14,713 [0c10ee7a-d1f3-4d15-a97d-be3bd840fe5f@group-682FC758245E-SegmentedRaftLogWorker] INFO  segmented.SegmentedRaftLogWorker (SegmentedRaftLogWorker.java:execute(569)) - 0c10ee7a-d1f3-4d15-a97d-be3bd840fe5f@group-682FC758245E-SegmentedRaftLogWorker: created new log segment /workdir/hadoop-ozone/integration-test/target/test-dir/MiniOzoneClusterImpl-d0ff48dc-faee-44ca-8dcc-f269a7262391/datanode-1/data/ratis/a52e35ab-1ebb-4d23-8903-682fc758245e/current/log_inprogress_0
2019-09-25 12:39:14,713 [Thread-715] INFO  impl.RoleInfo (RoleInfo.java:updateAndGet(143)) - 3e5a13d1-053a-49e9-83b0-637d290f3a88: start LeaderElection
2019-09-25 12:39:14,713 [Thread-712] INFO  impl.RaftServerImpl (RaftServerImpl.java:setRole(174)) - 3e5a13d1-053a-49e9-83b0-637d290f3a88@group-E1D300630294: changes role from  FOLLOWER to CANDIDATE at term 0 for changeToCandidate
2019-09-25 12:39:14,714 [Thread-712] INFO  impl.RoleInfo (RoleInfo.java:updateAndGet(143)) - 3e5a13d1-053a-49e9-83b0-637d290f3a88: start LeaderElection
2019-09-25 12:39:14,726 [3e5a13d1-053a-49e9-83b0-637d290f3a88@group-E1D300630294:LeaderElection41] INFO  impl.LeaderElection (LeaderElection.java:askForVotes(182)) - 3e5a13d1-053a-49e9-83b0-637d290f3a88@group-E1D300630294:LeaderElection41: begin an election at term 1 for -1: [3e5a13d1-053a-49e9-83b0-637d290f3a88:192.168.151.73:45887], old=null
2019-09-25 12:39:14,726 [3e5a13d1-053a-49e9-83b0-637d290f3a88@group-87313E6AA964:LeaderElection40] INFO  impl.LeaderElection (LeaderElection.java:askForVotes(182)) - 3e5a13d1-053a-49e9-83b0-637d290f3a88@group-87313E6AA964:LeaderElection40: begin an election at term 1 for -1: [3e5a13d1-053a-49e9-83b0-637d290f3a88:192.168.151.73:45887], old=null
2019-09-25 12:39:14,726 [3e5a13d1-053a-49e9-83b0-637d290f3a88@group-E1D300630294:LeaderElection41] INFO  impl.RoleInfo (RoleInfo.java:shutdownLeaderElection(134)) - 3e5a13d1-053a-49e9-83b0-637d290f3a88: shutdown LeaderElection
2019-09-25 12:39:14,726 [3e5a13d1-053a-49e9-83b0-637d290f3a88@group-C475818B79AB:LeaderElection39] INFO  impl.LeaderElection (LeaderElection.java:askForVotes(182)) - 3e5a13d1-053a-49e9-83b0-637d290f3a88@group-C475818B79AB:LeaderElection39: begin an election at term 1 for -1: [3e5a13d1-053a-49e9-83b0-637d290f3a88:192.168.151.73:45887], old=null
2019-09-25 12:39:14,727 [3e5a13d1-053a-49e9-83b0-637d290f3a88@group-E1D300630294:LeaderElection41] INFO  impl.RaftServerImpl (RaftServerImpl.java:setRole(174)) - 3e5a13d1-053a-49e9-83b0-637d290f3a88@group-E1D300630294: changes role from CANDIDATE to LEADER at term 1 for changeToLeader
2019-09-25 12:39:14,726 [3e5a13d1-053a-49e9-83b0-637d290f3a88@group-87313E6AA964:LeaderElection40] INFO  impl.RoleInfo (RoleInfo.java:shutdownLeaderElection(134)) - 3e5a13d1-053a-49e9-83b0-637d290f3a88: shutdown LeaderElection
2019-09-25 12:39:14,727 [3e5a13d1-053a-49e9-83b0-637d290f3a88@group-E1D300630294:LeaderElection41] INFO  impl.RaftServerImpl (ServerState.java:setLeader(253)) - 3e5a13d1-053a-49e9-83b0-637d290f3a88@group-E1D300630294: change Leader from null to 3e5a13d1-053a-49e9-83b0-637d290f3a88 at term 1 for becomeLeader, leader elected after 5199ms
2019-09-25 12:39:14,727 [3e5a13d1-053a-49e9-83b0-637d290f3a88@group-C475818B79AB:LeaderElection39] INFO  impl.RoleInfo (RoleInfo.java:shutdownLeaderElection(134)) - 3e5a13d1-053a-49e9-83b0-637d290f3a88: shutdown LeaderElection
2019-09-25 12:39:14,727 [3e5a13d1-053a-49e9-83b0-637d290f3a88@group-E1D300630294:LeaderElection41] INFO  server.RaftServerConfigKeys (ConfUtils.java:logGet(43)) - raft.server.staging.catchup.gap = 1000 (default)
2019-09-25 12:39:14,727 [3e5a13d1-053a-49e9-83b0-637d290f3a88@group-E1D300630294:LeaderElection41] INFO  server.RaftServerConfigKeys (ConfUtils.java:logGet(43)) - raft.server.rpc.sleep.time = 25ms (default)
2019-09-25 12:39:14,727 [3e5a13d1-053a-49e9-83b0-637d290f3a88@group-87313E6AA964:LeaderElection40] INFO  impl.RaftServerImpl (RaftServerImpl.java:setRole(174)) - 3e5a13d1-053a-49e9-83b0-637d290f3a88@group-87313E6AA964: changes role from CANDIDATE to LEADER at term 1 for changeToLeader
2019-09-25 12:39:14,728 [3e5a13d1-053a-49e9-83b0-637d290f3a88@group-E1D300630294:LeaderElection41] INFO  server.RaftServerConfigKeys (ConfUtils.java:logGet(43)) - raft.server.write.element-limit = 4096 (default)
2019-09-25 12:39:14,727 [3e5a13d1-053a-49e9-83b0-637d290f3a88@group-C475818B79AB:LeaderElection39] INFO  impl.RaftServerImpl (RaftServerImpl.java:setRole(174)) - 3e5a13d1-053a-49e9-83b0-637d290f3a88@group-C475818B79AB: changes role from CANDIDATE to LEADER at term 1 for changeToLeader
2019-09-25 12:39:14,728 [3e5a13d1-053a-49e9-83b0-637d290f3a88@group-E1D300630294:LeaderElection41] INFO  server.RaftServerConfigKeys (ConfUtils.java:logGet(43)) - raft.server.watch.timeout = 10s (default)
2019-09-25 12:39:14,728 [3e5a13d1-053a-49e9-83b0-637d290f3a88@group-87313E6AA964:LeaderElection40] INFO  impl.RaftServerImpl (ServerState.java:setLeader(253)) - 3e5a13d1-053a-49e9-83b0-637d290f3a88@group-87313E6AA964: change Leader from null to 3e5a13d1-053a-49e9-83b0-637d290f3a88 at term 1 for becomeLeader, leader elected after 5148ms
2019-09-25 12:39:14,728 [3e5a13d1-053a-49e9-83b0-637d290f3a88@group-E1D300630294:LeaderElection41] INFO  server.RaftServerConfigKeys (ConfUtils.java:logGet(43)) - raft.server.watch.timeout.denomination = 1s (default)
2019-09-25 12:39:14,728 [3e5a13d1-053a-49e9-83b0-637d290f3a88@group-C475818B79AB:LeaderElection39] INFO  impl.RaftServerImpl (ServerState.java:setLeader(253)) - 3e5a13d1-053a-49e9-83b0-637d290f3a88@group-C475818B79AB: change Leader from null to 3e5a13d1-053a-49e9-83b0-637d290f3a88 at term 1 for becomeLeader, leader elected after 5084ms
2019-09-25 12:39:14,728 [3e5a13d1-053a-49e9-83b0-637d290f3a88@group-E1D300630294:LeaderElection41] INFO  server.RaftServerConfigKeys (ConfUtils.java:logGet(43)) - raft.server.watch.element-limit = 65536 (default)
2019-09-25 12:39:14,728 [3e5a13d1-053a-49e9-83b0-637d290f3a88@group-87313E6AA964:LeaderElection40] INFO  server.RaftServerConfigKeys (ConfUtils.java:logGet(43)) - raft.server.staging.catchup.gap = 1000 (default)
2019-09-25 12:39:14,728 [3e5a13d1-053a-49e9-83b0-637d290f3a88@group-C475818B79AB:LeaderElection39] INFO  server.RaftServerConfigKeys (ConfUtils.java:logGet(43)) - raft.server.staging.catchup.gap = 1000 (default)
2019-09-25 12:39:14,729 [3e5a13d1-053a-49e9-83b0-637d290f3a88@group-87313E6AA964:LeaderElection40] INFO  server.RaftServerConfigKeys (ConfUtils.java:logGet(43)) - raft.server.rpc.sleep.time = 25ms (default)
2019-09-25 12:39:14,729 [3e5a13d1-053a-49e9-83b0-637d290f3a88@group-C475818B79AB:LeaderElection39] INFO  server.RaftServerConfigKeys (ConfUtils.java:logGet(43)) - raft.server.rpc.sleep.time = 25ms (default)
2019-09-25 12:39:14,729 [3e5a13d1-053a-49e9-83b0-637d290f3a88@group-87313E6AA964:LeaderElection40] INFO  server.RaftServerConfigKeys (ConfUtils.java:logGet(43)) - raft.server.write.element-limit = 4096 (default)
2019-09-25 12:39:14,729 [3e5a13d1-053a-49e9-83b0-637d290f3a88@group-C475818B79AB:LeaderElection39] INFO  server.RaftServerConfigKeys (ConfUtils.java:logGet(43)) - raft.server.write.element-limit = 4096 (default)
2019-09-25 12:39:14,729 [3e5a13d1-053a-49e9-83b0-637d290f3a88@group-87313E6AA964:LeaderElection40] INFO  server.RaftServerConfigKeys (ConfUtils.java:logGet(43)) - raft.server.watch.timeout = 10s (default)
2019-09-25 12:39:14,729 [3e5a13d1-053a-49e9-83b0-637d290f3a88@group-C475818B79AB:LeaderElection39] INFO  server.RaftServerConfigKeys (ConfUtils.java:logGet(43)) - raft.server.watch.timeout = 10s (default)
2019-09-25 12:39:14,730 [3e5a13d1-053a-49e9-83b0-637d290f3a88@group-87313E6AA964:LeaderElection40] INFO  server.RaftServerConfigKeys (ConfUtils.java:logGet(43)) - raft.server.watch.timeout.denomination = 1s (default)
2019-09-25 12:39:14,730 [3e5a13d1-053a-49e9-83b0-637d290f3a88@group-C475818B79AB:LeaderElection39] INFO  server.RaftServerConfigKeys (ConfUtils.java:logGet(43)) - raft.server.watch.timeout.denomination = 1s (default)
2019-09-25 12:39:14,730 [3e5a13d1-053a-49e9-83b0-637d290f3a88@group-87313E6AA964:LeaderElection40] INFO  server.RaftServerConfigKeys (ConfUtils.java:logGet(43)) - raft.server.watch.element-limit = 65536 (default)
2019-09-25 12:39:14,730 [3e5a13d1-053a-49e9-83b0-637d290f3a88@group-C475818B79AB:LeaderElection39] INFO  server.RaftServerConfigKeys (ConfUtils.java:logGet(43)) - raft.server.watch.element-limit = 65536 (default)
2019-09-25 12:39:14,730 [3e5a13d1-053a-49e9-83b0-637d290f3a88@group-E1D300630294:LeaderElection41] INFO  impl.RoleInfo (RoleInfo.java:updateAndGet(143)) - 3e5a13d1-053a-49e9-83b0-637d290f3a88: start LeaderState
2019-09-25 12:39:14,731 [3e5a13d1-053a-49e9-83b0-637d290f3a88@group-E1D300630294:LeaderElection41] INFO  segmented.SegmentedRaftLogWorker (SegmentedRaftLogWorker.java:startLogSegment(380)) - 3e5a13d1-053a-49e9-83b0-637d290f3a88@group-E1D300630294-SegmentedRaftLogWorker: Starting segment from index:0
2019-09-25 12:39:14,731 [3e5a13d1-053a-49e9-83b0-637d290f3a88@group-E1D300630294:LeaderElection41] INFO  impl.RaftServerImpl (ServerState.java:setRaftConf(354)) - 3e5a13d1-053a-49e9-83b0-637d290f3a88@group-E1D300630294: set configuration 0: [3e5a13d1-053a-49e9-83b0-637d290f3a88:192.168.151.73:45887], old=null at 0
2019-09-25 12:39:14,734 [3e5a13d1-053a-49e9-83b0-637d290f3a88@group-87313E6AA964:LeaderElection40] INFO  impl.RoleInfo (RoleInfo.java:updateAndGet(143)) - 3e5a13d1-053a-49e9-83b0-637d290f3a88: start LeaderState
2019-09-25 12:39:14,734 [3e5a13d1-053a-49e9-83b0-637d290f3a88@group-87313E6AA964:LeaderElection40] INFO  segmented.SegmentedRaftLogWorker (SegmentedRaftLogWorker.java:startLogSegment(380)) - 3e5a13d1-053a-49e9-83b0-637d290f3a88@group-87313E6AA964-SegmentedRaftLogWorker: Starting segment from index:0
2019-09-25 12:39:14,734 [3e5a13d1-053a-49e9-83b0-637d290f3a88@group-87313E6AA964:LeaderElection40] INFO  impl.RaftServerImpl (ServerState.java:setRaftConf(354)) - 3e5a13d1-053a-49e9-83b0-637d290f3a88@group-87313E6AA964: set configuration 0: [3e5a13d1-053a-49e9-83b0-637d290f3a88:192.168.151.73:45887], old=null at 0
2019-09-25 12:39:14,735 [3e5a13d1-053a-49e9-83b0-637d290f3a88@group-C475818B79AB:LeaderElection39] INFO  impl.RoleInfo (RoleInfo.java:updateAndGet(143)) - 3e5a13d1-053a-49e9-83b0-637d290f3a88: start LeaderState
2019-09-25 12:39:14,735 [3e5a13d1-053a-49e9-83b0-637d290f3a88@group-C475818B79AB:LeaderElection39] INFO  segmented.SegmentedRaftLogWorker (SegmentedRaftLogWorker.java:startLogSegment(380)) - 3e5a13d1-053a-49e9-83b0-637d290f3a88@group-C475818B79AB-SegmentedRaftLogWorker: Starting segment from index:0
2019-09-25 12:39:14,736 [3e5a13d1-053a-49e9-83b0-637d290f3a88@group-C475818B79AB:LeaderElection39] INFO  impl.RaftServerImpl (ServerState.java:setRaftConf(354)) - 3e5a13d1-053a-49e9-83b0-637d290f3a88@group-C475818B79AB: set configuration 0: [3e5a13d1-053a-49e9-83b0-637d290f3a88:192.168.151.73:45887], old=null at 0
2019-09-25 12:39:14,748 [Thread-727] INFO  impl.FollowerState (FollowerState.java:run(106)) - f7c49c51-1121-4e1e-9c01-74e537549b8a:group-8ED170C45CF7 changes to CANDIDATE, lastRpcTime:5041, electionTimeout:5041ms
2019-09-25 12:39:14,748 [Thread-727] INFO  impl.RoleInfo (RoleInfo.java:shutdownFollowerState(121)) - f7c49c51-1121-4e1e-9c01-74e537549b8a: shutdown FollowerState
2019-09-25 12:39:14,748 [Thread-727] INFO  impl.RaftServerImpl (RaftServerImpl.java:setRole(174)) - f7c49c51-1121-4e1e-9c01-74e537549b8a@group-8ED170C45CF7: changes role from  FOLLOWER to CANDIDATE at term 0 for changeToCandidate
2019-09-25 12:39:14,748 [Thread-727] INFO  impl.RoleInfo (RoleInfo.java:updateAndGet(143)) - f7c49c51-1121-4e1e-9c01-74e537549b8a: start LeaderElection
2019-09-25 12:39:14,791 [Thread-724] INFO  impl.FollowerState (FollowerState.java:run(106)) - 0c10ee7a-d1f3-4d15-a97d-be3bd840fe5f:group-34F06EDEF381 changes to CANDIDATE, lastRpcTime:5120, electionTimeout:5120ms
2019-09-25 12:39:14,791 [Thread-724] INFO  impl.RoleInfo (RoleInfo.java:shutdownFollowerState(121)) - 0c10ee7a-d1f3-4d15-a97d-be3bd840fe5f: shutdown FollowerState
2019-09-25 12:39:14,791 [Thread-724] INFO  impl.RaftServerImpl (RaftServerImpl.java:setRole(174)) - 0c10ee7a-d1f3-4d15-a97d-be3bd840fe5f@group-34F06EDEF381: changes role from  FOLLOWER to CANDIDATE at term 0 for changeToCandidate
2019-09-25 12:39:14,792 [Thread-724] INFO  impl.RoleInfo (RoleInfo.java:updateAndGet(143)) - 0c10ee7a-d1f3-4d15-a97d-be3bd840fe5f: start LeaderElection
2019-09-25 12:39:14,803 [3e5a13d1-053a-49e9-83b0-637d290f3a88@group-87313E6AA964-SegmentedRaftLogWorker] INFO  segmented.SegmentedRaftLogWorker (SegmentedRaftLogWorker.java:execute(569)) - 3e5a13d1-053a-49e9-83b0-637d290f3a88@group-87313E6AA964-SegmentedRaftLogWorker: created new log segment /workdir/hadoop-ozone/integration-test/target/test-dir/MiniOzoneClusterImpl-d0ff48dc-faee-44ca-8dcc-f269a7262391/datanode-0/data/ratis/181dec23-7673-4a44-beef-87313e6aa964/current/log_inprogress_0
2019-09-25 12:39:14,803 [3e5a13d1-053a-49e9-83b0-637d290f3a88@group-E1D300630294-SegmentedRaftLogWorker] INFO  segmented.SegmentedRaftLogWorker (SegmentedRaftLogWorker.java:execute(569)) - 3e5a13d1-053a-49e9-83b0-637d290f3a88@group-E1D300630294-SegmentedRaftLogWorker: created new log segment /workdir/hadoop-ozone/integration-test/target/test-dir/MiniOzoneClusterImpl-d0ff48dc-faee-44ca-8dcc-f269a7262391/datanode-0/data/ratis/12af7ba6-2b10-45fc-8d8e-e1d300630294/current/log_inprogress_0
2019-09-25 12:39:14,803 [3e5a13d1-053a-49e9-83b0-637d290f3a88@group-C475818B79AB-SegmentedRaftLogWorker] INFO  segmented.SegmentedRaftLogWorker (SegmentedRaftLogWorker.java:execute(569)) - 3e5a13d1-053a-49e9-83b0-637d290f3a88@group-C475818B79AB-SegmentedRaftLogWorker: created new log segment /workdir/hadoop-ozone/integration-test/target/test-dir/MiniOzoneClusterImpl-d0ff48dc-faee-44ca-8dcc-f269a7262391/datanode-0/data/ratis/2304b2eb-825b-4016-87c4-c475818b79ab/current/log_inprogress_0
2019-09-25 12:39:14,803 [f7c49c51-1121-4e1e-9c01-74e537549b8a@group-8ED170C45CF7:LeaderElection42] INFO  impl.LeaderElection (LeaderElection.java:askForVotes(182)) - f7c49c51-1121-4e1e-9c01-74e537549b8a@group-8ED170C45CF7:LeaderElection42: begin an election at term 1 for -1: [f7c49c51-1121-4e1e-9c01-74e537549b8a:192.168.151.73:37391], old=null
2019-09-25 12:39:14,803 [Thread-730] INFO  impl.FollowerState (FollowerState.java:run(106)) - 3e5a13d1-053a-49e9-83b0-637d290f3a88:group-8BA9DE8C608B changes to CANDIDATE, lastRpcTime:5055, electionTimeout:5055ms
2019-09-25 12:39:14,804 [f7c49c51-1121-4e1e-9c01-74e537549b8a@group-8ED170C45CF7:LeaderElection42] INFO  impl.RoleInfo (RoleInfo.java:shutdownLeaderElection(134)) - f7c49c51-1121-4e1e-9c01-74e537549b8a: shutdown LeaderElection
2019-09-25 12:39:14,804 [Thread-730] INFO  impl.RoleInfo (RoleInfo.java:shutdownFollowerState(121)) - 3e5a13d1-053a-49e9-83b0-637d290f3a88: shutdown FollowerState
2019-09-25 12:39:14,804 [f7c49c51-1121-4e1e-9c01-74e537549b8a@group-8ED170C45CF7:LeaderElection42] INFO  impl.RaftServerImpl (RaftServerImpl.java:setRole(174)) - f7c49c51-1121-4e1e-9c01-74e537549b8a@group-8ED170C45CF7: changes role from CANDIDATE to LEADER at term 1 for changeToLeader
2019-09-25 12:39:14,804 [Thread-730] INFO  impl.RaftServerImpl (RaftServerImpl.java:setRole(174)) - 3e5a13d1-053a-49e9-83b0-637d290f3a88@group-8BA9DE8C608B: changes role from  FOLLOWER to CANDIDATE at term 0 for changeToCandidate
2019-09-25 12:39:14,804 [f7c49c51-1121-4e1e-9c01-74e537549b8a@group-8ED170C45CF7:LeaderElection42] INFO  impl.RaftServerImpl (ServerState.java:setLeader(253)) - f7c49c51-1121-4e1e-9c01-74e537549b8a@group-8ED170C45CF7: change Leader from null to f7c49c51-1121-4e1e-9c01-74e537549b8a at term 1 for becomeLeader, leader elected after 5103ms
2019-09-25 12:39:14,804 [Thread-730] INFO  impl.RoleInfo (RoleInfo.java:updateAndGet(143)) - 3e5a13d1-053a-49e9-83b0-637d290f3a88: start LeaderElection
2019-09-25 12:39:14,804 [f7c49c51-1121-4e1e-9c01-74e537549b8a@group-8ED170C45CF7:LeaderElection42] INFO  server.RaftServerConfigKeys (ConfUtils.java:logGet(43)) - raft.server.staging.catchup.gap = 1000 (default)
2019-09-25 12:39:14,804 [f7c49c51-1121-4e1e-9c01-74e537549b8a@group-8ED170C45CF7:LeaderElection42] INFO  server.RaftServerConfigKeys (ConfUtils.java:logGet(43)) - raft.server.rpc.sleep.time = 25ms (default)
2019-09-25 12:39:14,806 [f7c49c51-1121-4e1e-9c01-74e537549b8a@group-8ED170C45CF7:LeaderElection42] INFO  server.RaftServerConfigKeys (ConfUtils.java:logGet(43)) - raft.server.write.element-limit = 4096 (default)
2019-09-25 12:39:14,806 [f7c49c51-1121-4e1e-9c01-74e537549b8a@group-8ED170C45CF7:LeaderElection42] INFO  server.RaftServerConfigKeys (ConfUtils.java:logGet(43)) - raft.server.watch.timeout = 10s (default)
2019-09-25 12:39:14,806 [f7c49c51-1121-4e1e-9c01-74e537549b8a@group-8ED170C45CF7:LeaderElection42] INFO  server.RaftServerConfigKeys (ConfUtils.java:logGet(43)) - raft.server.watch.timeout.denomination = 1s (default)
2019-09-25 12:39:14,806 [f7c49c51-1121-4e1e-9c01-74e537549b8a@group-8ED170C45CF7:LeaderElection42] INFO  server.RaftServerConfigKeys (ConfUtils.java:logGet(43)) - raft.server.watch.element-limit = 65536 (default)
2019-09-25 12:39:14,808 [f7c49c51-1121-4e1e-9c01-74e537549b8a@group-8ED170C45CF7:LeaderElection42] INFO  impl.RoleInfo (RoleInfo.java:updateAndGet(143)) - f7c49c51-1121-4e1e-9c01-74e537549b8a: start LeaderState
2019-09-25 12:39:14,808 [f7c49c51-1121-4e1e-9c01-74e537549b8a@group-8ED170C45CF7:LeaderElection42] INFO  segmented.SegmentedRaftLogWorker (SegmentedRaftLogWorker.java:startLogSegment(380)) - f7c49c51-1121-4e1e-9c01-74e537549b8a@group-8ED170C45CF7-SegmentedRaftLogWorker: Starting segment from index:0
2019-09-25 12:39:14,809 [f7c49c51-1121-4e1e-9c01-74e537549b8a@group-8ED170C45CF7:LeaderElection42] INFO  impl.RaftServerImpl (ServerState.java:setRaftConf(354)) - f7c49c51-1121-4e1e-9c01-74e537549b8a@group-8ED170C45CF7: set configuration 0: [f7c49c51-1121-4e1e-9c01-74e537549b8a:192.168.151.73:37391], old=null at 0
2019-09-25 12:39:14,820 [0c10ee7a-d1f3-4d15-a97d-be3bd840fe5f@group-34F06EDEF381:LeaderElection43] INFO  impl.LeaderElection (LeaderElection.java:askForVotes(182)) - 0c10ee7a-d1f3-4d15-a97d-be3bd840fe5f@group-34F06EDEF381:LeaderElection43: begin an election at term 1 for -1: [0c10ee7a-d1f3-4d15-a97d-be3bd840fe5f:192.168.151.73:37077], old=null
2019-09-25 12:39:14,820 [0c10ee7a-d1f3-4d15-a97d-be3bd840fe5f@group-34F06EDEF381:LeaderElection43] INFO  impl.RoleInfo (RoleInfo.java:shutdownLeaderElection(134)) - 0c10ee7a-d1f3-4d15-a97d-be3bd840fe5f: shutdown LeaderElection
2019-09-25 12:39:14,820 [0c10ee7a-d1f3-4d15-a97d-be3bd840fe5f@group-34F06EDEF381:LeaderElection43] INFO  impl.RaftServerImpl (RaftServerImpl.java:setRole(174)) - 0c10ee7a-d1f3-4d15-a97d-be3bd840fe5f@group-34F06EDEF381: changes role from CANDIDATE to LEADER at term 1 for changeToLeader
2019-09-25 12:39:14,820 [0c10ee7a-d1f3-4d15-a97d-be3bd840fe5f@group-34F06EDEF381:LeaderElection43] INFO  impl.RaftServerImpl (ServerState.java:setLeader(253)) - 0c10ee7a-d1f3-4d15-a97d-be3bd840fe5f@group-34F06EDEF381: change Leader from null to 0c10ee7a-d1f3-4d15-a97d-be3bd840fe5f at term 1 for becomeLeader, leader elected after 5155ms
2019-09-25 12:39:14,820 [0c10ee7a-d1f3-4d15-a97d-be3bd840fe5f@group-34F06EDEF381:LeaderElection43] INFO  server.RaftServerConfigKeys (ConfUtils.java:logGet(43)) - raft.server.staging.catchup.gap = 1000 (default)
2019-09-25 12:39:14,820 [0c10ee7a-d1f3-4d15-a97d-be3bd840fe5f@group-34F06EDEF381:LeaderElection43] INFO  server.RaftServerConfigKeys (ConfUtils.java:logGet(43)) - raft.server.rpc.sleep.time = 25ms (default)
2019-09-25 12:39:14,820 [0c10ee7a-d1f3-4d15-a97d-be3bd840fe5f@group-34F06EDEF381:LeaderElection43] INFO  server.RaftServerConfigKeys (ConfUtils.java:logGet(43)) - raft.server.write.element-limit = 4096 (default)
2019-09-25 12:39:14,821 [0c10ee7a-d1f3-4d15-a97d-be3bd840fe5f@group-34F06EDEF381:LeaderElection43] INFO  server.RaftServerConfigKeys (ConfUtils.java:logGet(43)) - raft.server.watch.timeout = 10s (default)
2019-09-25 12:39:14,821 [0c10ee7a-d1f3-4d15-a97d-be3bd840fe5f@group-34F06EDEF381:LeaderElection43] INFO  server.RaftServerConfigKeys (ConfUtils.java:logGet(43)) - raft.server.watch.timeout.denomination = 1s (default)
2019-09-25 12:39:14,821 [0c10ee7a-d1f3-4d15-a97d-be3bd840fe5f@group-34F06EDEF381:LeaderElection43] INFO  server.RaftServerConfigKeys (ConfUtils.java:logGet(43)) - raft.server.watch.element-limit = 65536 (default)
2019-09-25 12:39:14,823 [3e5a13d1-053a-49e9-83b0-637d290f3a88@group-8BA9DE8C608B:LeaderElection44] INFO  impl.LeaderElection (LeaderElection.java:askForVotes(182)) - 3e5a13d1-053a-49e9-83b0-637d290f3a88@group-8BA9DE8C608B:LeaderElection44: begin an election at term 1 for -1: [3e5a13d1-053a-49e9-83b0-637d290f3a88:192.168.151.73:45887], old=null
2019-09-25 12:39:14,823 [3e5a13d1-053a-49e9-83b0-637d290f3a88@group-8BA9DE8C608B:LeaderElection44] INFO  impl.RoleInfo (RoleInfo.java:shutdownLeaderElection(134)) - 3e5a13d1-053a-49e9-83b0-637d290f3a88: shutdown LeaderElection
2019-09-25 12:39:14,823 [3e5a13d1-053a-49e9-83b0-637d290f3a88@group-8BA9DE8C608B:LeaderElection44] INFO  impl.RaftServerImpl (RaftServerImpl.java:setRole(174)) - 3e5a13d1-053a-49e9-83b0-637d290f3a88@group-8BA9DE8C608B: changes role from CANDIDATE to LEADER at term 1 for changeToLeader
2019-09-25 12:39:14,823 [0c10ee7a-d1f3-4d15-a97d-be3bd840fe5f@group-34F06EDEF381:LeaderElection43] INFO  impl.RoleInfo (RoleInfo.java:updateAndGet(143)) - 0c10ee7a-d1f3-4d15-a97d-be3bd840fe5f: start LeaderState
2019-09-25 12:39:14,823 [3e5a13d1-053a-49e9-83b0-637d290f3a88@group-8BA9DE8C608B:LeaderElection44] INFO  impl.RaftServerImpl (ServerState.java:setLeader(253)) - 3e5a13d1-053a-49e9-83b0-637d290f3a88@group-8BA9DE8C608B: change Leader from null to 3e5a13d1-053a-49e9-83b0-637d290f3a88 at term 1 for becomeLeader, leader elected after 5080ms
2019-09-25 12:39:14,824 [0c10ee7a-d1f3-4d15-a97d-be3bd840fe5f@group-34F06EDEF381:LeaderElection43] INFO  segmented.SegmentedRaftLogWorker (SegmentedRaftLogWorker.java:startLogSegment(380)) - 0c10ee7a-d1f3-4d15-a97d-be3bd840fe5f@group-34F06EDEF381-SegmentedRaftLogWorker: Starting segment from index:0
2019-09-25 12:39:14,824 [3e5a13d1-053a-49e9-83b0-637d290f3a88@group-8BA9DE8C608B:LeaderElection44] INFO  server.RaftServerConfigKeys (ConfUtils.java:logGet(43)) - raft.server.staging.catchup.gap = 1000 (default)
2019-09-25 12:39:14,824 [3e5a13d1-053a-49e9-83b0-637d290f3a88@group-8BA9DE8C608B:LeaderElection44] INFO  server.RaftServerConfigKeys (ConfUtils.java:logGet(43)) - raft.server.rpc.sleep.time = 25ms (default)
2019-09-25 12:39:14,824 [0c10ee7a-d1f3-4d15-a97d-be3bd840fe5f@group-34F06EDEF381:LeaderElection43] INFO  impl.RaftServerImpl (ServerState.java:setRaftConf(354)) - 0c10ee7a-d1f3-4d15-a97d-be3bd840fe5f@group-34F06EDEF381: set configuration 0: [0c10ee7a-d1f3-4d15-a97d-be3bd840fe5f:192.168.151.73:37077], old=null at 0
2019-09-25 12:39:14,824 [3e5a13d1-053a-49e9-83b0-637d290f3a88@group-8BA9DE8C608B:LeaderElection44] INFO  server.RaftServerConfigKeys (ConfUtils.java:logGet(43)) - raft.server.write.element-limit = 4096 (default)
2019-09-25 12:39:14,825 [3e5a13d1-053a-49e9-83b0-637d290f3a88@group-8BA9DE8C608B:LeaderElection44] INFO  server.RaftServerConfigKeys (ConfUtils.java:logGet(43)) - raft.server.watch.timeout = 10s (default)
2019-09-25 12:39:14,825 [3e5a13d1-053a-49e9-83b0-637d290f3a88@group-8BA9DE8C608B:LeaderElection44] INFO  server.RaftServerConfigKeys (ConfUtils.java:logGet(43)) - raft.server.watch.timeout.denomination = 1s (default)
2019-09-25 12:39:14,825 [3e5a13d1-053a-49e9-83b0-637d290f3a88@group-8BA9DE8C608B:LeaderElection44] INFO  server.RaftServerConfigKeys (ConfUtils.java:logGet(43)) - raft.server.watch.element-limit = 65536 (default)
2019-09-25 12:39:14,825 [Thread-718] INFO  impl.FollowerState (FollowerState.java:run(106)) - 3e5a13d1-053a-49e9-83b0-637d290f3a88:group-E9B319D04580 changes to CANDIDATE, lastRpcTime:5197, electionTimeout:5197ms
2019-09-25 12:39:14,825 [Thread-718] INFO  impl.RoleInfo (RoleInfo.java:shutdownFollowerState(121)) - 3e5a13d1-053a-49e9-83b0-637d290f3a88: shutdown FollowerState
2019-09-25 12:39:14,825 [Thread-718] INFO  impl.RaftServerImpl (RaftServerImpl.java:setRole(174)) - 3e5a13d1-053a-49e9-83b0-637d290f3a88@group-E9B319D04580: changes role from  FOLLOWER to CANDIDATE at term 0 for changeToCandidate
2019-09-25 12:39:14,825 [Thread-718] INFO  impl.RoleInfo (RoleInfo.java:updateAndGet(143)) - 3e5a13d1-053a-49e9-83b0-637d290f3a88: start LeaderElection
2019-09-25 12:39:14,858 [Thread-733] INFO  impl.FollowerState (FollowerState.java:run(106)) - f7c49c51-1121-4e1e-9c01-74e537549b8a:group-12AF4A6F45E1 changes to CANDIDATE, lastRpcTime:5067, electionTimeout:5042ms
2019-09-25 12:39:14,858 [Thread-733] INFO  impl.RoleInfo (RoleInfo.java:shutdownFollowerState(121)) - f7c49c51-1121-4e1e-9c01-74e537549b8a: shutdown FollowerState
2019-09-25 12:39:14,858 [Thread-733] INFO  impl.RaftServerImpl (RaftServerImpl.java:setRole(174)) - f7c49c51-1121-4e1e-9c01-74e537549b8a@group-12AF4A6F45E1: changes role from  FOLLOWER to CANDIDATE at term 0 for changeToCandidate
2019-09-25 12:39:14,858 [Thread-733] INFO  impl.RoleInfo (RoleInfo.java:updateAndGet(143)) - f7c49c51-1121-4e1e-9c01-74e537549b8a: start LeaderElection
2019-09-25 12:39:14,862 [3e5a13d1-053a-49e9-83b0-637d290f3a88@group-8BA9DE8C608B:LeaderElection44] INFO  impl.RoleInfo (RoleInfo.java:updateAndGet(143)) - 3e5a13d1-053a-49e9-83b0-637d290f3a88: start LeaderState
2019-09-25 12:39:14,863 [f7c49c51-1121-4e1e-9c01-74e537549b8a@group-8ED170C45CF7-SegmentedRaftLogWorker] INFO  segmented.SegmentedRaftLogWorker (SegmentedRaftLogWorker.java:execute(569)) - f7c49c51-1121-4e1e-9c01-74e537549b8a@group-8ED170C45CF7-SegmentedRaftLogWorker: created new log segment /workdir/hadoop-ozone/integration-test/target/test-dir/MiniOzoneClusterImpl-d0ff48dc-faee-44ca-8dcc-f269a7262391/datanode-2/data/ratis/9f3735ab-25a2-4110-9cc2-8ed170c45cf7/current/log_inprogress_0
2019-09-25 12:39:14,863 [3e5a13d1-053a-49e9-83b0-637d290f3a88@group-8BA9DE8C608B:LeaderElection44] INFO  segmented.SegmentedRaftLogWorker (SegmentedRaftLogWorker.java:startLogSegment(380)) - 3e5a13d1-053a-49e9-83b0-637d290f3a88@group-8BA9DE8C608B-SegmentedRaftLogWorker: Starting segment from index:0
2019-09-25 12:39:14,863 [0c10ee7a-d1f3-4d15-a97d-be3bd840fe5f@group-34F06EDEF381-SegmentedRaftLogWorker] INFO  segmented.SegmentedRaftLogWorker (SegmentedRaftLogWorker.java:execute(569)) - 0c10ee7a-d1f3-4d15-a97d-be3bd840fe5f@group-34F06EDEF381-SegmentedRaftLogWorker: created new log segment /workdir/hadoop-ozone/integration-test/target/test-dir/MiniOzoneClusterImpl-d0ff48dc-faee-44ca-8dcc-f269a7262391/datanode-1/data/ratis/2c5a5cb7-1509-46a3-be34-34f06edef381/current/log_inprogress_0
2019-09-25 12:39:14,863 [3e5a13d1-053a-49e9-83b0-637d290f3a88@group-8BA9DE8C608B:LeaderElection44] INFO  impl.RaftServerImpl (ServerState.java:setRaftConf(354)) - 3e5a13d1-053a-49e9-83b0-637d290f3a88@group-8BA9DE8C608B: set configuration 0: [3e5a13d1-053a-49e9-83b0-637d290f3a88:192.168.151.73:45887], old=null at 0
2019-09-25 12:39:14,866 [f7c49c51-1121-4e1e-9c01-74e537549b8a@group-12AF4A6F45E1:LeaderElection46] INFO  impl.LeaderElection (LeaderElection.java:askForVotes(182)) - f7c49c51-1121-4e1e-9c01-74e537549b8a@group-12AF4A6F45E1:LeaderElection46: begin an election at term 1 for -1: [f7c49c51-1121-4e1e-9c01-74e537549b8a:192.168.151.73:37391], old=null
2019-09-25 12:39:14,866 [3e5a13d1-053a-49e9-83b0-637d290f3a88@group-E9B319D04580:LeaderElection45] INFO  impl.LeaderElection (LeaderElection.java:askForVotes(182)) - 3e5a13d1-053a-49e9-83b0-637d290f3a88@group-E9B319D04580:LeaderElection45: begin an election at term 1 for -1: [3e5a13d1-053a-49e9-83b0-637d290f3a88:192.168.151.73:45887], old=null
2019-09-25 12:39:14,867 [f7c49c51-1121-4e1e-9c01-74e537549b8a@group-12AF4A6F45E1:LeaderElection46] INFO  impl.RoleInfo (RoleInfo.java:shutdownLeaderElection(134)) - f7c49c51-1121-4e1e-9c01-74e537549b8a: shutdown LeaderElection
2019-09-25 12:39:14,867 [3e5a13d1-053a-49e9-83b0-637d290f3a88@group-E9B319D04580:LeaderElection45] INFO  impl.RoleInfo (RoleInfo.java:shutdownLeaderElection(134)) - 3e5a13d1-053a-49e9-83b0-637d290f3a88: shutdown LeaderElection
2019-09-25 12:39:14,867 [f7c49c51-1121-4e1e-9c01-74e537549b8a@group-12AF4A6F45E1:LeaderElection46] INFO  impl.RaftServerImpl (RaftServerImpl.java:setRole(174)) - f7c49c51-1121-4e1e-9c01-74e537549b8a@group-12AF4A6F45E1: changes role from CANDIDATE to LEADER at term 1 for changeToLeader
2019-09-25 12:39:14,867 [3e5a13d1-053a-49e9-83b0-637d290f3a88@group-E9B319D04580:LeaderElection45] INFO  impl.RaftServerImpl (RaftServerImpl.java:setRole(174)) - 3e5a13d1-053a-49e9-83b0-637d290f3a88@group-E9B319D04580: changes role from CANDIDATE to LEADER at term 1 for changeToLeader
2019-09-25 12:39:14,867 [f7c49c51-1121-4e1e-9c01-74e537549b8a@group-12AF4A6F45E1:LeaderElection46] INFO  impl.RaftServerImpl (ServerState.java:setLeader(253)) - f7c49c51-1121-4e1e-9c01-74e537549b8a@group-12AF4A6F45E1: change Leader from null to f7c49c51-1121-4e1e-9c01-74e537549b8a at term 1 for becomeLeader, leader elected after 5082ms
2019-09-25 12:39:14,867 [3e5a13d1-053a-49e9-83b0-637d290f3a88@group-E9B319D04580:LeaderElection45] INFO  impl.RaftServerImpl (ServerState.java:setLeader(253)) - 3e5a13d1-053a-49e9-83b0-637d290f3a88@group-E9B319D04580: change Leader from null to 3e5a13d1-053a-49e9-83b0-637d290f3a88 at term 1 for becomeLeader, leader elected after 5245ms
2019-09-25 12:39:14,868 [f7c49c51-1121-4e1e-9c01-74e537549b8a@group-12AF4A6F45E1:LeaderElection46] INFO  server.RaftServerConfigKeys (ConfUtils.java:logGet(43)) - raft.server.staging.catchup.gap = 1000 (default)
2019-09-25 12:39:14,868 [3e5a13d1-053a-49e9-83b0-637d290f3a88@group-E9B319D04580:LeaderElection45] INFO  server.RaftServerConfigKeys (ConfUtils.java:logGet(43)) - raft.server.staging.catchup.gap = 1000 (default)
2019-09-25 12:39:14,868 [f7c49c51-1121-4e1e-9c01-74e537549b8a@group-12AF4A6F45E1:LeaderElection46] INFO  server.RaftServerConfigKeys (ConfUtils.java:logGet(43)) - raft.server.rpc.sleep.time = 25ms (default)
2019-09-25 12:39:14,868 [3e5a13d1-053a-49e9-83b0-637d290f3a88@group-E9B319D04580:LeaderElection45] INFO  server.RaftServerConfigKeys (ConfUtils.java:logGet(43)) - raft.server.rpc.sleep.time = 25ms (default)
2019-09-25 12:39:14,868 [f7c49c51-1121-4e1e-9c01-74e537549b8a@group-12AF4A6F45E1:LeaderElection46] INFO  server.RaftServerConfigKeys (ConfUtils.java:logGet(43)) - raft.server.write.element-limit = 4096 (default)
2019-09-25 12:39:14,869 [3e5a13d1-053a-49e9-83b0-637d290f3a88@group-E9B319D04580:LeaderElection45] INFO  server.RaftServerConfigKeys (ConfUtils.java:logGet(43)) - raft.server.write.element-limit = 4096 (default)
2019-09-25 12:39:14,869 [f7c49c51-1121-4e1e-9c01-74e537549b8a@group-12AF4A6F45E1:LeaderElection46] INFO  server.RaftServerConfigKeys (ConfUtils.java:logGet(43)) - raft.server.watch.timeout = 10s (default)
2019-09-25 12:39:14,869 [3e5a13d1-053a-49e9-83b0-637d290f3a88@group-E9B319D04580:LeaderElection45] INFO  server.RaftServerConfigKeys (ConfUtils.java:logGet(43)) - raft.server.watch.timeout = 10s (default)
2019-09-25 12:39:14,869 [f7c49c51-1121-4e1e-9c01-74e537549b8a@group-12AF4A6F45E1:LeaderElection46] INFO  server.RaftServerConfigKeys (ConfUtils.java:logGet(43)) - raft.server.watch.timeout.denomination = 1s (default)
2019-09-25 12:39:14,869 [3e5a13d1-053a-49e9-83b0-637d290f3a88@group-E9B319D04580:LeaderElection45] INFO  server.RaftServerConfigKeys (ConfUtils.java:logGet(43)) - raft.server.watch.timeout.denomination = 1s (default)
2019-09-25 12:39:14,869 [f7c49c51-1121-4e1e-9c01-74e537549b8a@group-12AF4A6F45E1:LeaderElection46] INFO  server.RaftServerConfigKeys (ConfUtils.java:logGet(43)) - raft.server.watch.element-limit = 65536 (default)
2019-09-25 12:39:14,870 [3e5a13d1-053a-49e9-83b0-637d290f3a88@group-E9B319D04580:LeaderElection45] INFO  server.RaftServerConfigKeys (ConfUtils.java:logGet(43)) - raft.server.watch.element-limit = 65536 (default)
2019-09-25 12:39:14,874 [3e5a13d1-053a-49e9-83b0-637d290f3a88@group-E9B319D04580:LeaderElection45] INFO  impl.RoleInfo (RoleInfo.java:updateAndGet(143)) - 3e5a13d1-053a-49e9-83b0-637d290f3a88: start LeaderState
2019-09-25 12:39:14,874 [f7c49c51-1121-4e1e-9c01-74e537549b8a@group-12AF4A6F45E1:LeaderElection46] INFO  impl.RoleInfo (RoleInfo.java:updateAndGet(143)) - f7c49c51-1121-4e1e-9c01-74e537549b8a: start LeaderState
2019-09-25 12:39:14,875 [3e5a13d1-053a-49e9-83b0-637d290f3a88@group-E9B319D04580:LeaderElection45] INFO  segmented.SegmentedRaftLogWorker (SegmentedRaftLogWorker.java:startLogSegment(380)) - 3e5a13d1-053a-49e9-83b0-637d290f3a88@group-E9B319D04580-SegmentedRaftLogWorker: Starting segment from index:0
2019-09-25 12:39:14,875 [f7c49c51-1121-4e1e-9c01-74e537549b8a@group-12AF4A6F45E1:LeaderElection46] INFO  segmented.SegmentedRaftLogWorker (SegmentedRaftLogWorker.java:startLogSegment(380)) - f7c49c51-1121-4e1e-9c01-74e537549b8a@group-12AF4A6F45E1-SegmentedRaftLogWorker: Starting segment from index:0
2019-09-25 12:39:14,875 [3e5a13d1-053a-49e9-83b0-637d290f3a88@group-E9B319D04580:LeaderElection45] INFO  impl.RaftServerImpl (ServerState.java:setRaftConf(354)) - 3e5a13d1-053a-49e9-83b0-637d290f3a88@group-E9B319D04580: set configuration 0: [3e5a13d1-053a-49e9-83b0-637d290f3a88:192.168.151.73:45887], old=null at 0
2019-09-25 12:39:14,876 [f7c49c51-1121-4e1e-9c01-74e537549b8a@group-12AF4A6F45E1:LeaderElection46] INFO  impl.RaftServerImpl (ServerState.java:setRaftConf(354)) - f7c49c51-1121-4e1e-9c01-74e537549b8a@group-12AF4A6F45E1: set configuration 0: [f7c49c51-1121-4e1e-9c01-74e537549b8a:192.168.151.73:37391], old=null at 0
2019-09-25 12:39:14,914 [3e5a13d1-053a-49e9-83b0-637d290f3a88@group-E9B319D04580-SegmentedRaftLogWorker] INFO  segmented.SegmentedRaftLogWorker (SegmentedRaftLogWorker.java:execute(569)) - 3e5a13d1-053a-49e9-83b0-637d290f3a88@group-E9B319D04580-SegmentedRaftLogWorker: created new log segment /workdir/hadoop-ozone/integration-test/target/test-dir/MiniOzoneClusterImpl-d0ff48dc-faee-44ca-8dcc-f269a7262391/datanode-0/data/ratis/46e49854-8939-4bf2-8ad2-e9b319d04580/current/log_inprogress_0
2019-09-25 12:39:14,914 [3e5a13d1-053a-49e9-83b0-637d290f3a88@group-8BA9DE8C608B-SegmentedRaftLogWorker] INFO  segmented.SegmentedRaftLogWorker (SegmentedRaftLogWorker.java:execute(569)) - 3e5a13d1-053a-49e9-83b0-637d290f3a88@group-8BA9DE8C608B-SegmentedRaftLogWorker: created new log segment /workdir/hadoop-ozone/integration-test/target/test-dir/MiniOzoneClusterImpl-d0ff48dc-faee-44ca-8dcc-f269a7262391/datanode-0/data/ratis/d42e7609-6c28-49de-b7e2-8ba9de8c608b/current/log_inprogress_0
2019-09-25 12:39:14,914 [f7c49c51-1121-4e1e-9c01-74e537549b8a@group-12AF4A6F45E1-SegmentedRaftLogWorker] INFO  segmented.SegmentedRaftLogWorker (SegmentedRaftLogWorker.java:execute(569)) - f7c49c51-1121-4e1e-9c01-74e537549b8a@group-12AF4A6F45E1-SegmentedRaftLogWorker: created new log segment /workdir/hadoop-ozone/integration-test/target/test-dir/MiniOzoneClusterImpl-d0ff48dc-faee-44ca-8dcc-f269a7262391/datanode-2/data/ratis/df36e092-07eb-47da-8d14-12af4a6f45e1/current/log_inprogress_0
2019-09-25 12:39:14,917 [Thread-736] INFO  impl.FollowerState (FollowerState.java:run(106)) - 0c10ee7a-d1f3-4d15-a97d-be3bd840fe5f:group-84AE74912DA6 changes to CANDIDATE, lastRpcTime:5084, electionTimeout:5084ms
2019-09-25 12:39:14,917 [Thread-736] INFO  impl.RoleInfo (RoleInfo.java:shutdownFollowerState(121)) - 0c10ee7a-d1f3-4d15-a97d-be3bd840fe5f: shutdown FollowerState
2019-09-25 12:39:14,918 [Thread-736] INFO  impl.RaftServerImpl (RaftServerImpl.java:setRole(174)) - 0c10ee7a-d1f3-4d15-a97d-be3bd840fe5f@group-84AE74912DA6: changes role from  FOLLOWER to CANDIDATE at term 0 for changeToCandidate
2019-09-25 12:39:14,918 [Thread-736] INFO  impl.RoleInfo (RoleInfo.java:updateAndGet(143)) - 0c10ee7a-d1f3-4d15-a97d-be3bd840fe5f: start LeaderElection
2019-09-25 12:39:14,939 [0c10ee7a-d1f3-4d15-a97d-be3bd840fe5f@group-84AE74912DA6:LeaderElection47] INFO  impl.LeaderElection (LeaderElection.java:askForVotes(182)) - 0c10ee7a-d1f3-4d15-a97d-be3bd840fe5f@group-84AE74912DA6:LeaderElection47: begin an election at term 1 for -1: [0c10ee7a-d1f3-4d15-a97d-be3bd840fe5f:192.168.151.73:37077], old=null
2019-09-25 12:39:14,939 [0c10ee7a-d1f3-4d15-a97d-be3bd840fe5f@group-84AE74912DA6:LeaderElection47] INFO  impl.RoleInfo (RoleInfo.java:shutdownLeaderElection(134)) - 0c10ee7a-d1f3-4d15-a97d-be3bd840fe5f: shutdown LeaderElection
2019-09-25 12:39:14,940 [0c10ee7a-d1f3-4d15-a97d-be3bd840fe5f@group-84AE74912DA6:LeaderElection47] INFO  impl.RaftServerImpl (RaftServerImpl.java:setRole(174)) - 0c10ee7a-d1f3-4d15-a97d-be3bd840fe5f@group-84AE74912DA6: changes role from CANDIDATE to LEADER at term 1 for changeToLeader
2019-09-25 12:39:14,940 [0c10ee7a-d1f3-4d15-a97d-be3bd840fe5f@group-84AE74912DA6:LeaderElection47] INFO  impl.RaftServerImpl (ServerState.java:setLeader(253)) - 0c10ee7a-d1f3-4d15-a97d-be3bd840fe5f@group-84AE74912DA6: change Leader from null to 0c10ee7a-d1f3-4d15-a97d-be3bd840fe5f at term 1 for becomeLeader, leader elected after 5112ms
2019-09-25 12:39:14,940 [0c10ee7a-d1f3-4d15-a97d-be3bd840fe5f@group-84AE74912DA6:LeaderElection47] INFO  server.RaftServerConfigKeys (ConfUtils.java:logGet(43)) - raft.server.staging.catchup.gap = 1000 (default)
2019-09-25 12:39:14,940 [0c10ee7a-d1f3-4d15-a97d-be3bd840fe5f@group-84AE74912DA6:LeaderElection47] INFO  server.RaftServerConfigKeys (ConfUtils.java:logGet(43)) - raft.server.rpc.sleep.time = 25ms (default)
2019-09-25 12:39:14,940 [0c10ee7a-d1f3-4d15-a97d-be3bd840fe5f@group-84AE74912DA6:LeaderElection47] INFO  server.RaftServerConfigKeys (ConfUtils.java:logGet(43)) - raft.server.write.element-limit = 4096 (default)
2019-09-25 12:39:14,940 [0c10ee7a-d1f3-4d15-a97d-be3bd840fe5f@group-84AE74912DA6:LeaderElection47] INFO  server.RaftServerConfigKeys (ConfUtils.java:logGet(43)) - raft.server.watch.timeout = 10s (default)
2019-09-25 12:39:14,940 [0c10ee7a-d1f3-4d15-a97d-be3bd840fe5f@group-84AE74912DA6:LeaderElection47] INFO  server.RaftServerConfigKeys (ConfUtils.java:logGet(43)) - raft.server.watch.timeout.denomination = 1s (default)
2019-09-25 12:39:14,940 [0c10ee7a-d1f3-4d15-a97d-be3bd840fe5f@group-84AE74912DA6:LeaderElection47] INFO  server.RaftServerConfigKeys (ConfUtils.java:logGet(43)) - raft.server.watch.element-limit = 65536 (default)
2019-09-25 12:39:14,942 [0c10ee7a-d1f3-4d15-a97d-be3bd840fe5f@group-84AE74912DA6:LeaderElection47] INFO  impl.RoleInfo (RoleInfo.java:updateAndGet(143)) - 0c10ee7a-d1f3-4d15-a97d-be3bd840fe5f: start LeaderState
2019-09-25 12:39:14,942 [0c10ee7a-d1f3-4d15-a97d-be3bd840fe5f@group-84AE74912DA6:LeaderElection47] INFO  segmented.SegmentedRaftLogWorker (SegmentedRaftLogWorker.java:startLogSegment(380)) - 0c10ee7a-d1f3-4d15-a97d-be3bd840fe5f@group-84AE74912DA6-SegmentedRaftLogWorker: Starting segment from index:0
2019-09-25 12:39:14,942 [0c10ee7a-d1f3-4d15-a97d-be3bd840fe5f@group-84AE74912DA6:LeaderElection47] INFO  impl.RaftServerImpl (ServerState.java:setRaftConf(354)) - 0c10ee7a-d1f3-4d15-a97d-be3bd840fe5f@group-84AE74912DA6: set configuration 0: [0c10ee7a-d1f3-4d15-a97d-be3bd840fe5f:192.168.151.73:37077], old=null at 0
2019-09-25 12:39:14,973 [Thread-742] INFO  impl.FollowerState (FollowerState.java:run(106)) - f7c49c51-1121-4e1e-9c01-74e537549b8a:group-6769D5DCA3B4 changes to CANDIDATE, lastRpcTime:5063, electionTimeout:5063ms
2019-09-25 12:39:14,973 [Thread-742] INFO  impl.RoleInfo (RoleInfo.java:shutdownFollowerState(121)) - f7c49c51-1121-4e1e-9c01-74e537549b8a: shutdown FollowerState
2019-09-25 12:39:14,973 [Thread-742] INFO  impl.RaftServerImpl (RaftServerImpl.java:setRole(174)) - f7c49c51-1121-4e1e-9c01-74e537549b8a@group-6769D5DCA3B4: changes role from  FOLLOWER to CANDIDATE at term 0 for changeToCandidate
2019-09-25 12:39:14,973 [Thread-742] INFO  impl.RoleInfo (RoleInfo.java:updateAndGet(143)) - f7c49c51-1121-4e1e-9c01-74e537549b8a: start LeaderElection
2019-09-25 12:39:14,977 [Thread-745] INFO  impl.FollowerState (FollowerState.java:run(106)) - 0c10ee7a-d1f3-4d15-a97d-be3bd840fe5f:group-5ED02A435306 changes to CANDIDATE, lastRpcTime:5012, electionTimeout:5012ms
2019-09-25 12:39:14,978 [Thread-745] INFO  impl.RoleInfo (RoleInfo.java:shutdownFollowerState(121)) - 0c10ee7a-d1f3-4d15-a97d-be3bd840fe5f: shutdown FollowerState
2019-09-25 12:39:14,978 [Thread-745] INFO  impl.RaftServerImpl (RaftServerImpl.java:setRole(174)) - 0c10ee7a-d1f3-4d15-a97d-be3bd840fe5f@group-5ED02A435306: changes role from  FOLLOWER to CANDIDATE at term 0 for changeToCandidate
2019-09-25 12:39:14,978 [Thread-745] INFO  impl.RoleInfo (RoleInfo.java:updateAndGet(143)) - 0c10ee7a-d1f3-4d15-a97d-be3bd840fe5f: start LeaderElection
2019-09-25 12:39:14,990 [0c10ee7a-d1f3-4d15-a97d-be3bd840fe5f@group-84AE74912DA6-SegmentedRaftLogWorker] INFO  segmented.SegmentedRaftLogWorker (SegmentedRaftLogWorker.java:execute(569)) - 0c10ee7a-d1f3-4d15-a97d-be3bd840fe5f@group-84AE74912DA6-SegmentedRaftLogWorker: created new log segment /workdir/hadoop-ozone/integration-test/target/test-dir/MiniOzoneClusterImpl-d0ff48dc-faee-44ca-8dcc-f269a7262391/datanode-1/data/ratis/03d63c7b-da8e-4871-a9be-84ae74912da6/current/log_inprogress_0
2019-09-25 12:39:14,990 [f7c49c51-1121-4e1e-9c01-74e537549b8a@group-6769D5DCA3B4:LeaderElection48] INFO  impl.LeaderElection (LeaderElection.java:askForVotes(182)) - f7c49c51-1121-4e1e-9c01-74e537549b8a@group-6769D5DCA3B4:LeaderElection48: begin an election at term 1 for -1: [f7c49c51-1121-4e1e-9c01-74e537549b8a:192.168.151.73:37391], old=null
2019-09-25 12:39:14,990 [0c10ee7a-d1f3-4d15-a97d-be3bd840fe5f@group-5ED02A435306:LeaderElection49] INFO  impl.LeaderElection (LeaderElection.java:askForVotes(182)) - 0c10ee7a-d1f3-4d15-a97d-be3bd840fe5f@group-5ED02A435306:LeaderElection49: begin an election at term 1 for -1: [0c10ee7a-d1f3-4d15-a97d-be3bd840fe5f:192.168.151.73:37077], old=null
2019-09-25 12:39:14,991 [f7c49c51-1121-4e1e-9c01-74e537549b8a@group-6769D5DCA3B4:LeaderElection48] INFO  impl.RoleInfo (RoleInfo.java:shutdownLeaderElection(134)) - f7c49c51-1121-4e1e-9c01-74e537549b8a: shutdown LeaderElection
2019-09-25 12:39:14,991 [0c10ee7a-d1f3-4d15-a97d-be3bd840fe5f@group-5ED02A435306:LeaderElection49] INFO  impl.RoleInfo (RoleInfo.java:shutdownLeaderElection(134)) - 0c10ee7a-d1f3-4d15-a97d-be3bd840fe5f: shutdown LeaderElection
2019-09-25 12:39:14,991 [f7c49c51-1121-4e1e-9c01-74e537549b8a@group-6769D5DCA3B4:LeaderElection48] INFO  impl.RaftServerImpl (RaftServerImpl.java:setRole(174)) - f7c49c51-1121-4e1e-9c01-74e537549b8a@group-6769D5DCA3B4: changes role from CANDIDATE to LEADER at term 1 for changeToLeader
2019-09-25 12:39:14,991 [0c10ee7a-d1f3-4d15-a97d-be3bd840fe5f@group-5ED02A435306:LeaderElection49] INFO  impl.RaftServerImpl (RaftServerImpl.java:setRole(174)) - 0c10ee7a-d1f3-4d15-a97d-be3bd840fe5f@group-5ED02A435306: changes role from CANDIDATE to LEADER at term 1 for changeToLeader
2019-09-25 12:39:14,991 [f7c49c51-1121-4e1e-9c01-74e537549b8a@group-6769D5DCA3B4:LeaderElection48] INFO  impl.RaftServerImpl (ServerState.java:setLeader(253)) - f7c49c51-1121-4e1e-9c01-74e537549b8a@group-6769D5DCA3B4: change Leader from null to f7c49c51-1121-4e1e-9c01-74e537549b8a at term 1 for becomeLeader, leader elected after 5088ms
2019-09-25 12:39:14,991 [0c10ee7a-d1f3-4d15-a97d-be3bd840fe5f@group-5ED02A435306:LeaderElection49] INFO  impl.RaftServerImpl (ServerState.java:setLeader(253)) - 0c10ee7a-d1f3-4d15-a97d-be3bd840fe5f@group-5ED02A435306: change Leader from null to 0c10ee7a-d1f3-4d15-a97d-be3bd840fe5f at term 1 for becomeLeader, leader elected after 5030ms
2019-09-25 12:39:14,991 [f7c49c51-1121-4e1e-9c01-74e537549b8a@group-6769D5DCA3B4:LeaderElection48] INFO  server.RaftServerConfigKeys (ConfUtils.java:logGet(43)) - raft.server.staging.catchup.gap = 1000 (default)
2019-09-25 12:39:14,992 [0c10ee7a-d1f3-4d15-a97d-be3bd840fe5f@group-5ED02A435306:LeaderElection49] INFO  server.RaftServerConfigKeys (ConfUtils.java:logGet(43)) - raft.server.staging.catchup.gap = 1000 (default)
2019-09-25 12:39:14,992 [f7c49c51-1121-4e1e-9c01-74e537549b8a@group-6769D5DCA3B4:LeaderElection48] INFO  server.RaftServerConfigKeys (ConfUtils.java:logGet(43)) - raft.server.rpc.sleep.time = 25ms (default)
2019-09-25 12:39:14,992 [0c10ee7a-d1f3-4d15-a97d-be3bd840fe5f@group-5ED02A435306:LeaderElection49] INFO  server.RaftServerConfigKeys (ConfUtils.java:logGet(43)) - raft.server.rpc.sleep.time = 25ms (default)
2019-09-25 12:39:14,992 [f7c49c51-1121-4e1e-9c01-74e537549b8a@group-6769D5DCA3B4:LeaderElection48] INFO  server.RaftServerConfigKeys (ConfUtils.java:logGet(43)) - raft.server.write.element-limit = 4096 (default)
2019-09-25 12:39:14,992 [0c10ee7a-d1f3-4d15-a97d-be3bd840fe5f@group-5ED02A435306:LeaderElection49] INFO  server.RaftServerConfigKeys (ConfUtils.java:logGet(43)) - raft.server.write.element-limit = 4096 (default)
2019-09-25 12:39:14,992 [f7c49c51-1121-4e1e-9c01-74e537549b8a@group-6769D5DCA3B4:LeaderElection48] INFO  server.RaftServerConfigKeys (ConfUtils.java:logGet(43)) - raft.server.watch.timeout = 10s (default)
2019-09-25 12:39:14,992 [0c10ee7a-d1f3-4d15-a97d-be3bd840fe5f@group-5ED02A435306:LeaderElection49] INFO  server.RaftServerConfigKeys (ConfUtils.java:logGet(43)) - raft.server.watch.timeout = 10s (default)
2019-09-25 12:39:14,992 [f7c49c51-1121-4e1e-9c01-74e537549b8a@group-6769D5DCA3B4:LeaderElection48] INFO  server.RaftServerConfigKeys (ConfUtils.java:logGet(43)) - raft.server.watch.timeout.denomination = 1s (default)
2019-09-25 12:39:14,993 [0c10ee7a-d1f3-4d15-a97d-be3bd840fe5f@group-5ED02A435306:LeaderElection49] INFO  server.RaftServerConfigKeys (ConfUtils.java:logGet(43)) - raft.server.watch.timeout.denomination = 1s (default)
2019-09-25 12:39:14,993 [f7c49c51-1121-4e1e-9c01-74e537549b8a@group-6769D5DCA3B4:LeaderElection48] INFO  server.RaftServerConfigKeys (ConfUtils.java:logGet(43)) - raft.server.watch.element-limit = 65536 (default)
2019-09-25 12:39:14,993 [0c10ee7a-d1f3-4d15-a97d-be3bd840fe5f@group-5ED02A435306:LeaderElection49] INFO  server.RaftServerConfigKeys (ConfUtils.java:logGet(43)) - raft.server.watch.element-limit = 65536 (default)
2019-09-25 12:39:14,996 [f7c49c51-1121-4e1e-9c01-74e537549b8a@group-6769D5DCA3B4:LeaderElection48] INFO  impl.RoleInfo (RoleInfo.java:updateAndGet(143)) - f7c49c51-1121-4e1e-9c01-74e537549b8a: start LeaderState
2019-09-25 12:39:14,996 [f7c49c51-1121-4e1e-9c01-74e537549b8a@group-6769D5DCA3B4:LeaderElection48] INFO  segmented.SegmentedRaftLogWorker (SegmentedRaftLogWorker.java:startLogSegment(380)) - f7c49c51-1121-4e1e-9c01-74e537549b8a@group-6769D5DCA3B4-SegmentedRaftLogWorker: Starting segment from index:0
2019-09-25 12:39:14,996 [0c10ee7a-d1f3-4d15-a97d-be3bd840fe5f@group-5ED02A435306:LeaderElection49] INFO  impl.RoleInfo (RoleInfo.java:updateAndGet(143)) - 0c10ee7a-d1f3-4d15-a97d-be3bd840fe5f: start LeaderState
2019-09-25 12:39:14,996 [0c10ee7a-d1f3-4d15-a97d-be3bd840fe5f@group-5ED02A435306:LeaderElection49] INFO  segmented.SegmentedRaftLogWorker (SegmentedRaftLogWorker.java:startLogSegment(380)) - 0c10ee7a-d1f3-4d15-a97d-be3bd840fe5f@group-5ED02A435306-SegmentedRaftLogWorker: Starting segment from index:0
2019-09-25 12:39:14,996 [f7c49c51-1121-4e1e-9c01-74e537549b8a@group-6769D5DCA3B4:LeaderElection48] INFO  impl.RaftServerImpl (ServerState.java:setRaftConf(354)) - f7c49c51-1121-4e1e-9c01-74e537549b8a@group-6769D5DCA3B4: set configuration 0: [f7c49c51-1121-4e1e-9c01-74e537549b8a:192.168.151.73:37391], old=null at 0
2019-09-25 12:39:14,997 [0c10ee7a-d1f3-4d15-a97d-be3bd840fe5f@group-5ED02A435306:LeaderElection49] INFO  impl.RaftServerImpl (ServerState.java:setRaftConf(354)) - 0c10ee7a-d1f3-4d15-a97d-be3bd840fe5f@group-5ED02A435306: set configuration 0: [0c10ee7a-d1f3-4d15-a97d-be3bd840fe5f:192.168.151.73:37077], old=null at 0
2019-09-25 12:39:15,023 [Thread-739] INFO  impl.FollowerState (FollowerState.java:run(106)) - 0c10ee7a-d1f3-4d15-a97d-be3bd840fe5f:group-C6223EAEA39A changes to CANDIDATE, lastRpcTime:5148, electionTimeout:5148ms
2019-09-25 12:39:15,023 [Thread-739] INFO  impl.RoleInfo (RoleInfo.java:shutdownFollowerState(121)) - 0c10ee7a-d1f3-4d15-a97d-be3bd840fe5f: shutdown FollowerState
2019-09-25 12:39:15,024 [Thread-739] INFO  impl.RaftServerImpl (RaftServerImpl.java:setRole(174)) - 0c10ee7a-d1f3-4d15-a97d-be3bd840fe5f@group-C6223EAEA39A: changes role from  FOLLOWER to CANDIDATE at term 0 for changeToCandidate
2019-09-25 12:39:15,024 [Thread-739] INFO  impl.RoleInfo (RoleInfo.java:updateAndGet(143)) - 0c10ee7a-d1f3-4d15-a97d-be3bd840fe5f: start LeaderElection
2019-09-25 12:39:15,054 [0c10ee7a-d1f3-4d15-a97d-be3bd840fe5f@group-5ED02A435306-SegmentedRaftLogWorker] INFO  segmented.SegmentedRaftLogWorker (SegmentedRaftLogWorker.java:execute(569)) - 0c10ee7a-d1f3-4d15-a97d-be3bd840fe5f@group-5ED02A435306-SegmentedRaftLogWorker: created new log segment /workdir/hadoop-ozone/integration-test/target/test-dir/MiniOzoneClusterImpl-d0ff48dc-faee-44ca-8dcc-f269a7262391/datanode-1/data/ratis/362b0108-f14e-47f4-8bc7-5ed02a435306/current/log_inprogress_0
2019-09-25 12:39:15,054 [f7c49c51-1121-4e1e-9c01-74e537549b8a@group-6769D5DCA3B4-SegmentedRaftLogWorker] INFO  segmented.SegmentedRaftLogWorker (SegmentedRaftLogWorker.java:execute(569)) - f7c49c51-1121-4e1e-9c01-74e537549b8a@group-6769D5DCA3B4-SegmentedRaftLogWorker: created new log segment /workdir/hadoop-ozone/integration-test/target/test-dir/MiniOzoneClusterImpl-d0ff48dc-faee-44ca-8dcc-f269a7262391/datanode-2/data/ratis/0d385071-f801-4e9e-b7e7-6769d5dca3b4/current/log_inprogress_0
2019-09-25 12:39:15,054 [0c10ee7a-d1f3-4d15-a97d-be3bd840fe5f@group-C6223EAEA39A:LeaderElection50] INFO  impl.LeaderElection (LeaderElection.java:askForVotes(182)) - 0c10ee7a-d1f3-4d15-a97d-be3bd840fe5f@group-C6223EAEA39A:LeaderElection50: begin an election at term 1 for -1: [0c10ee7a-d1f3-4d15-a97d-be3bd840fe5f:192.168.151.73:37077], old=null
2019-09-25 12:39:15,054 [0c10ee7a-d1f3-4d15-a97d-be3bd840fe5f@group-C6223EAEA39A:LeaderElection50] INFO  impl.RoleInfo (RoleInfo.java:shutdownLeaderElection(134)) - 0c10ee7a-d1f3-4d15-a97d-be3bd840fe5f: shutdown LeaderElection
2019-09-25 12:39:15,054 [0c10ee7a-d1f3-4d15-a97d-be3bd840fe5f@group-C6223EAEA39A:LeaderElection50] INFO  impl.RaftServerImpl (RaftServerImpl.java:setRole(174)) - 0c10ee7a-d1f3-4d15-a97d-be3bd840fe5f@group-C6223EAEA39A: changes role from CANDIDATE to LEADER at term 1 for changeToLeader
2019-09-25 12:39:15,054 [0c10ee7a-d1f3-4d15-a97d-be3bd840fe5f@group-C6223EAEA39A:LeaderElection50] INFO  impl.RaftServerImpl (ServerState.java:setLeader(253)) - 0c10ee7a-d1f3-4d15-a97d-be3bd840fe5f@group-C6223EAEA39A: change Leader from null to 0c10ee7a-d1f3-4d15-a97d-be3bd840fe5f at term 1 for becomeLeader, leader elected after 5184ms
2019-09-25 12:39:15,054 [0c10ee7a-d1f3-4d15-a97d-be3bd840fe5f@group-C6223EAEA39A:LeaderElection50] INFO  server.RaftServerConfigKeys (ConfUtils.java:logGet(43)) - raft.server.staging.catchup.gap = 1000 (default)
2019-09-25 12:39:15,055 [0c10ee7a-d1f3-4d15-a97d-be3bd840fe5f@group-C6223EAEA39A:LeaderElection50] INFO  server.RaftServerConfigKeys (ConfUtils.java:logGet(43)) - raft.server.rpc.sleep.time = 25ms (default)
2019-09-25 12:39:15,055 [0c10ee7a-d1f3-4d15-a97d-be3bd840fe5f@group-C6223EAEA39A:LeaderElection50] INFO  server.RaftServerConfigKeys (ConfUtils.java:logGet(43)) - raft.server.write.element-limit = 4096 (default)
2019-09-25 12:39:15,055 [0c10ee7a-d1f3-4d15-a97d-be3bd840fe5f@group-C6223EAEA39A:LeaderElection50] INFO  server.RaftServerConfigKeys (ConfUtils.java:logGet(43)) - raft.server.watch.timeout = 10s (default)
2019-09-25 12:39:15,055 [0c10ee7a-d1f3-4d15-a97d-be3bd840fe5f@group-C6223EAEA39A:LeaderElection50] INFO  server.RaftServerConfigKeys (ConfUtils.java:logGet(43)) - raft.server.watch.timeout.denomination = 1s (default)
2019-09-25 12:39:15,055 [0c10ee7a-d1f3-4d15-a97d-be3bd840fe5f@group-C6223EAEA39A:LeaderElection50] INFO  server.RaftServerConfigKeys (ConfUtils.java:logGet(43)) - raft.server.watch.element-limit = 65536 (default)
2019-09-25 12:39:15,058 [0c10ee7a-d1f3-4d15-a97d-be3bd840fe5f@group-C6223EAEA39A:LeaderElection50] INFO  impl.RoleInfo (RoleInfo.java:updateAndGet(143)) - 0c10ee7a-d1f3-4d15-a97d-be3bd840fe5f: start LeaderState
2019-09-25 12:39:15,058 [0c10ee7a-d1f3-4d15-a97d-be3bd840fe5f@group-C6223EAEA39A:LeaderElection50] INFO  segmented.SegmentedRaftLogWorker (SegmentedRaftLogWorker.java:startLogSegment(380)) - 0c10ee7a-d1f3-4d15-a97d-be3bd840fe5f@group-C6223EAEA39A-SegmentedRaftLogWorker: Starting segment from index:0
2019-09-25 12:39:15,059 [0c10ee7a-d1f3-4d15-a97d-be3bd840fe5f@group-C6223EAEA39A:LeaderElection50] INFO  impl.RaftServerImpl (ServerState.java:setRaftConf(354)) - 0c10ee7a-d1f3-4d15-a97d-be3bd840fe5f@group-C6223EAEA39A: set configuration 0: [0c10ee7a-d1f3-4d15-a97d-be3bd840fe5f:192.168.151.73:37077], old=null at 0
2019-09-25 12:39:15,097 [0c10ee7a-d1f3-4d15-a97d-be3bd840fe5f@group-C6223EAEA39A-SegmentedRaftLogWorker] INFO  segmented.SegmentedRaftLogWorker (SegmentedRaftLogWorker.java:execute(569)) - 0c10ee7a-d1f3-4d15-a97d-be3bd840fe5f@group-C6223EAEA39A-SegmentedRaftLogWorker: created new log segment /workdir/hadoop-ozone/integration-test/target/test-dir/MiniOzoneClusterImpl-d0ff48dc-faee-44ca-8dcc-f269a7262391/datanode-1/data/ratis/2368a375-09c1-4e72-9995-c6223eaea39a/current/log_inprogress_0
2019-09-25 12:39:15,110 [Thread-748] INFO  impl.FollowerState (FollowerState.java:run(106)) - f7c49c51-1121-4e1e-9c01-74e537549b8a:group-EFAC320E2544 changes to CANDIDATE, lastRpcTime:5101, electionTimeout:5101ms
2019-09-25 12:39:15,111 [Thread-748] INFO  impl.RoleInfo (RoleInfo.java:shutdownFollowerState(121)) - f7c49c51-1121-4e1e-9c01-74e537549b8a: shutdown FollowerState
2019-09-25 12:39:15,111 [Thread-748] INFO  impl.RaftServerImpl (RaftServerImpl.java:setRole(174)) - f7c49c51-1121-4e1e-9c01-74e537549b8a@group-EFAC320E2544: changes role from  FOLLOWER to CANDIDATE at term 0 for changeToCandidate
2019-09-25 12:39:15,111 [Thread-748] INFO  impl.RoleInfo (RoleInfo.java:updateAndGet(143)) - f7c49c51-1121-4e1e-9c01-74e537549b8a: start LeaderElection
2019-09-25 12:39:15,126 [f7c49c51-1121-4e1e-9c01-74e537549b8a@group-EFAC320E2544:LeaderElection51] INFO  impl.LeaderElection (LeaderElection.java:askForVotes(182)) - f7c49c51-1121-4e1e-9c01-74e537549b8a@group-EFAC320E2544:LeaderElection51: begin an election at term 1 for -1: [f7c49c51-1121-4e1e-9c01-74e537549b8a:192.168.151.73:37391], old=null
2019-09-25 12:39:15,126 [f7c49c51-1121-4e1e-9c01-74e537549b8a@group-EFAC320E2544:LeaderElection51] INFO  impl.RoleInfo (RoleInfo.java:shutdownLeaderElection(134)) - f7c49c51-1121-4e1e-9c01-74e537549b8a: shutdown LeaderElection
2019-09-25 12:39:15,126 [f7c49c51-1121-4e1e-9c01-74e537549b8a@group-EFAC320E2544:LeaderElection51] INFO  impl.RaftServerImpl (RaftServerImpl.java:setRole(174)) - f7c49c51-1121-4e1e-9c01-74e537549b8a@group-EFAC320E2544: changes role from CANDIDATE to LEADER at term 1 for changeToLeader
2019-09-25 12:39:15,126 [f7c49c51-1121-4e1e-9c01-74e537549b8a@group-EFAC320E2544:LeaderElection51] INFO  impl.RaftServerImpl (ServerState.java:setLeader(253)) - f7c49c51-1121-4e1e-9c01-74e537549b8a@group-EFAC320E2544: change Leader from null to f7c49c51-1121-4e1e-9c01-74e537549b8a at term 1 for becomeLeader, leader elected after 5123ms
2019-09-25 12:39:15,127 [f7c49c51-1121-4e1e-9c01-74e537549b8a@group-EFAC320E2544:LeaderElection51] INFO  server.RaftServerConfigKeys (ConfUtils.java:logGet(43)) - raft.server.staging.catchup.gap = 1000 (default)
2019-09-25 12:39:15,127 [f7c49c51-1121-4e1e-9c01-74e537549b8a@group-EFAC320E2544:LeaderElection51] INFO  server.RaftServerConfigKeys (ConfUtils.java:logGet(43)) - raft.server.rpc.sleep.time = 25ms (default)
2019-09-25 12:39:15,127 [f7c49c51-1121-4e1e-9c01-74e537549b8a@group-EFAC320E2544:LeaderElection51] INFO  server.RaftServerConfigKeys (ConfUtils.java:logGet(43)) - raft.server.write.element-limit = 4096 (default)
2019-09-25 12:39:15,127 [f7c49c51-1121-4e1e-9c01-74e537549b8a@group-EFAC320E2544:LeaderElection51] INFO  server.RaftServerConfigKeys (ConfUtils.java:logGet(43)) - raft.server.watch.timeout = 10s (default)
2019-09-25 12:39:15,127 [f7c49c51-1121-4e1e-9c01-74e537549b8a@group-EFAC320E2544:LeaderElection51] INFO  server.RaftServerConfigKeys (ConfUtils.java:logGet(43)) - raft.server.watch.timeout.denomination = 1s (default)
2019-09-25 12:39:15,127 [f7c49c51-1121-4e1e-9c01-74e537549b8a@group-EFAC320E2544:LeaderElection51] INFO  server.RaftServerConfigKeys (ConfUtils.java:logGet(43)) - raft.server.watch.element-limit = 65536 (default)
2019-09-25 12:39:15,130 [f7c49c51-1121-4e1e-9c01-74e537549b8a@group-EFAC320E2544:LeaderElection51] INFO  impl.RoleInfo (RoleInfo.java:updateAndGet(143)) - f7c49c51-1121-4e1e-9c01-74e537549b8a: start LeaderState
2019-09-25 12:39:15,130 [f7c49c51-1121-4e1e-9c01-74e537549b8a@group-EFAC320E2544:LeaderElection51] INFO  segmented.SegmentedRaftLogWorker (SegmentedRaftLogWorker.java:startLogSegment(380)) - f7c49c51-1121-4e1e-9c01-74e537549b8a@group-EFAC320E2544-SegmentedRaftLogWorker: Starting segment from index:0
2019-09-25 12:39:15,130 [f7c49c51-1121-4e1e-9c01-74e537549b8a@group-EFAC320E2544:LeaderElection51] INFO  impl.RaftServerImpl (ServerState.java:setRaftConf(354)) - f7c49c51-1121-4e1e-9c01-74e537549b8a@group-EFAC320E2544: set configuration 0: [f7c49c51-1121-4e1e-9c01-74e537549b8a:192.168.151.73:37391], old=null at 0
2019-09-25 12:39:15,180 [f7c49c51-1121-4e1e-9c01-74e537549b8a@group-EFAC320E2544-SegmentedRaftLogWorker] INFO  segmented.SegmentedRaftLogWorker (SegmentedRaftLogWorker.java:execute(569)) - f7c49c51-1121-4e1e-9c01-74e537549b8a@group-EFAC320E2544-SegmentedRaftLogWorker: created new log segment /workdir/hadoop-ozone/integration-test/target/test-dir/MiniOzoneClusterImpl-d0ff48dc-faee-44ca-8dcc-f269a7262391/datanode-2/data/ratis/0077834a-f340-4514-9f8b-efac320e2544/current/log_inprogress_0
2019-09-25 12:39:15,183 [Thread-751] INFO  impl.FollowerState (FollowerState.java:run(106)) - 0c10ee7a-d1f3-4d15-a97d-be3bd840fe5f:group-30998FCAF67C changes to CANDIDATE, lastRpcTime:5128, electionTimeout:5128ms
2019-09-25 12:39:15,183 [Thread-751] INFO  impl.RoleInfo (RoleInfo.java:shutdownFollowerState(121)) - 0c10ee7a-d1f3-4d15-a97d-be3bd840fe5f: shutdown FollowerState
2019-09-25 12:39:15,183 [Thread-751] INFO  impl.RaftServerImpl (RaftServerImpl.java:setRole(174)) - 0c10ee7a-d1f3-4d15-a97d-be3bd840fe5f@group-30998FCAF67C: changes role from  FOLLOWER to CANDIDATE at term 0 for changeToCandidate
2019-09-25 12:39:15,183 [Thread-751] INFO  impl.RoleInfo (RoleInfo.java:updateAndGet(143)) - 0c10ee7a-d1f3-4d15-a97d-be3bd840fe5f: start LeaderElection
2019-09-25 12:39:15,193 [0c10ee7a-d1f3-4d15-a97d-be3bd840fe5f@group-30998FCAF67C:LeaderElection52] INFO  impl.LeaderElection (LeaderElection.java:askForVotes(182)) - 0c10ee7a-d1f3-4d15-a97d-be3bd840fe5f@group-30998FCAF67C:LeaderElection52: begin an election at term 1 for -1: [0c10ee7a-d1f3-4d15-a97d-be3bd840fe5f:192.168.151.73:37077], old=null
2019-09-25 12:39:15,193 [0c10ee7a-d1f3-4d15-a97d-be3bd840fe5f@group-30998FCAF67C:LeaderElection52] INFO  impl.RoleInfo (RoleInfo.java:shutdownLeaderElection(134)) - 0c10ee7a-d1f3-4d15-a97d-be3bd840fe5f: shutdown LeaderElection
2019-09-25 12:39:15,194 [0c10ee7a-d1f3-4d15-a97d-be3bd840fe5f@group-30998FCAF67C:LeaderElection52] INFO  impl.RaftServerImpl (RaftServerImpl.java:setRole(174)) - 0c10ee7a-d1f3-4d15-a97d-be3bd840fe5f@group-30998FCAF67C: changes role from CANDIDATE to LEADER at term 1 for changeToLeader
2019-09-25 12:39:15,194 [0c10ee7a-d1f3-4d15-a97d-be3bd840fe5f@group-30998FCAF67C:LeaderElection52] INFO  impl.RaftServerImpl (ServerState.java:setLeader(253)) - 0c10ee7a-d1f3-4d15-a97d-be3bd840fe5f@group-30998FCAF67C: change Leader from null to 0c10ee7a-d1f3-4d15-a97d-be3bd840fe5f at term 1 for becomeLeader, leader elected after 5145ms
2019-09-25 12:39:15,194 [0c10ee7a-d1f3-4d15-a97d-be3bd840fe5f@group-30998FCAF67C:LeaderElection52] INFO  server.RaftServerConfigKeys (ConfUtils.java:logGet(43)) - raft.server.staging.catchup.gap = 1000 (default)
2019-09-25 12:39:15,194 [0c10ee7a-d1f3-4d15-a97d-be3bd840fe5f@group-30998FCAF67C:LeaderElection52] INFO  server.RaftServerConfigKeys (ConfUtils.java:logGet(43)) - raft.server.rpc.sleep.time = 25ms (default)
2019-09-25 12:39:15,195 [0c10ee7a-d1f3-4d15-a97d-be3bd840fe5f@group-30998FCAF67C:LeaderElection52] INFO  server.RaftServerConfigKeys (ConfUtils.java:logGet(43)) - raft.server.write.element-limit = 4096 (default)
2019-09-25 12:39:15,195 [0c10ee7a-d1f3-4d15-a97d-be3bd840fe5f@group-30998FCAF67C:LeaderElection52] INFO  server.RaftServerConfigKeys (ConfUtils.java:logGet(43)) - raft.server.watch.timeout = 10s (default)
2019-09-25 12:39:15,195 [0c10ee7a-d1f3-4d15-a97d-be3bd840fe5f@group-30998FCAF67C:LeaderElection52] INFO  server.RaftServerConfigKeys (ConfUtils.java:logGet(43)) - raft.server.watch.timeout.denomination = 1s (default)
2019-09-25 12:39:15,195 [0c10ee7a-d1f3-4d15-a97d-be3bd840fe5f@group-30998FCAF67C:LeaderElection52] INFO  server.RaftServerConfigKeys (ConfUtils.java:logGet(43)) - raft.server.watch.element-limit = 65536 (default)
2019-09-25 12:39:15,197 [Thread-754] INFO  impl.FollowerState (FollowerState.java:run(106)) - f7c49c51-1121-4e1e-9c01-74e537549b8a:group-B98B028889D0 changes to CANDIDATE, lastRpcTime:5099, electionTimeout:5099ms
2019-09-25 12:39:15,198 [Thread-754] INFO  impl.RoleInfo (RoleInfo.java:shutdownFollowerState(121)) - f7c49c51-1121-4e1e-9c01-74e537549b8a: shutdown FollowerState
2019-09-25 12:39:15,198 [Thread-754] INFO  impl.RaftServerImpl (RaftServerImpl.java:setRole(174)) - f7c49c51-1121-4e1e-9c01-74e537549b8a@group-B98B028889D0: changes role from  FOLLOWER to CANDIDATE at term 0 for changeToCandidate
2019-09-25 12:39:15,198 [0c10ee7a-d1f3-4d15-a97d-be3bd840fe5f@group-30998FCAF67C:LeaderElection52] INFO  impl.RoleInfo (RoleInfo.java:updateAndGet(143)) - 0c10ee7a-d1f3-4d15-a97d-be3bd840fe5f: start LeaderState
2019-09-25 12:39:15,198 [Thread-754] INFO  impl.RoleInfo (RoleInfo.java:updateAndGet(143)) - f7c49c51-1121-4e1e-9c01-74e537549b8a: start LeaderElection
2019-09-25 12:39:15,198 [0c10ee7a-d1f3-4d15-a97d-be3bd840fe5f@group-30998FCAF67C:LeaderElection52] INFO  segmented.SegmentedRaftLogWorker (SegmentedRaftLogWorker.java:startLogSegment(380)) - 0c10ee7a-d1f3-4d15-a97d-be3bd840fe5f@group-30998FCAF67C-SegmentedRaftLogWorker: Starting segment from index:0
2019-09-25 12:39:15,200 [0c10ee7a-d1f3-4d15-a97d-be3bd840fe5f@group-30998FCAF67C:LeaderElection52] INFO  impl.RaftServerImpl (ServerState.java:setRaftConf(354)) - 0c10ee7a-d1f3-4d15-a97d-be3bd840fe5f@group-30998FCAF67C: set configuration 0: [0c10ee7a-d1f3-4d15-a97d-be3bd840fe5f:192.168.151.73:37077], old=null at 0
2019-09-25 12:39:15,213 [f7c49c51-1121-4e1e-9c01-74e537549b8a@group-B98B028889D0:LeaderElection53] INFO  impl.LeaderElection (LeaderElection.java:askForVotes(182)) - f7c49c51-1121-4e1e-9c01-74e537549b8a@group-B98B028889D0:LeaderElection53: begin an election at term 1 for -1: [f7c49c51-1121-4e1e-9c01-74e537549b8a:192.168.151.73:37391], old=null
2019-09-25 12:39:15,213 [f7c49c51-1121-4e1e-9c01-74e537549b8a@group-B98B028889D0:LeaderElection53] INFO  impl.RoleInfo (RoleInfo.java:shutdownLeaderElection(134)) - f7c49c51-1121-4e1e-9c01-74e537549b8a: shutdown LeaderElection
2019-09-25 12:39:15,214 [f7c49c51-1121-4e1e-9c01-74e537549b8a@group-B98B028889D0:LeaderElection53] INFO  impl.RaftServerImpl (RaftServerImpl.java:setRole(174)) - f7c49c51-1121-4e1e-9c01-74e537549b8a@group-B98B028889D0: changes role from CANDIDATE to LEADER at term 1 for changeToLeader
2019-09-25 12:39:15,214 [f7c49c51-1121-4e1e-9c01-74e537549b8a@group-B98B028889D0:LeaderElection53] INFO  impl.RaftServerImpl (ServerState.java:setLeader(253)) - f7c49c51-1121-4e1e-9c01-74e537549b8a@group-B98B028889D0: change Leader from null to f7c49c51-1121-4e1e-9c01-74e537549b8a at term 1 for becomeLeader, leader elected after 5122ms
2019-09-25 12:39:15,214 [f7c49c51-1121-4e1e-9c01-74e537549b8a@group-B98B028889D0:LeaderElection53] INFO  server.RaftServerConfigKeys (ConfUtils.java:logGet(43)) - raft.server.staging.catchup.gap = 1000 (default)
2019-09-25 12:39:15,214 [f7c49c51-1121-4e1e-9c01-74e537549b8a@group-B98B028889D0:LeaderElection53] INFO  server.RaftServerConfigKeys (ConfUtils.java:logGet(43)) - raft.server.rpc.sleep.time = 25ms (default)
2019-09-25 12:39:15,214 [f7c49c51-1121-4e1e-9c01-74e537549b8a@group-B98B028889D0:LeaderElection53] INFO  server.RaftServerConfigKeys (ConfUtils.java:logGet(43)) - raft.server.write.element-limit = 4096 (default)
2019-09-25 12:39:15,214 [f7c49c51-1121-4e1e-9c01-74e537549b8a@group-B98B028889D0:LeaderElection53] INFO  server.RaftServerConfigKeys (ConfUtils.java:logGet(43)) - raft.server.watch.timeout = 10s (default)
2019-09-25 12:39:15,215 [f7c49c51-1121-4e1e-9c01-74e537549b8a@group-B98B028889D0:LeaderElection53] INFO  server.RaftServerConfigKeys (ConfUtils.java:logGet(43)) - raft.server.watch.timeout.denomination = 1s (default)
2019-09-25 12:39:15,215 [f7c49c51-1121-4e1e-9c01-74e537549b8a@group-B98B028889D0:LeaderElection53] INFO  server.RaftServerConfigKeys (ConfUtils.java:logGet(43)) - raft.server.watch.element-limit = 65536 (default)
2019-09-25 12:39:15,217 [f7c49c51-1121-4e1e-9c01-74e537549b8a@group-B98B028889D0:LeaderElection53] INFO  impl.RoleInfo (RoleInfo.java:updateAndGet(143)) - f7c49c51-1121-4e1e-9c01-74e537549b8a: start LeaderState
2019-09-25 12:39:15,217 [f7c49c51-1121-4e1e-9c01-74e537549b8a@group-B98B028889D0:LeaderElection53] INFO  segmented.SegmentedRaftLogWorker (SegmentedRaftLogWorker.java:startLogSegment(380)) - f7c49c51-1121-4e1e-9c01-74e537549b8a@group-B98B028889D0-SegmentedRaftLogWorker: Starting segment from index:0
2019-09-25 12:39:15,218 [f7c49c51-1121-4e1e-9c01-74e537549b8a@group-B98B028889D0:LeaderElection53] INFO  impl.RaftServerImpl (ServerState.java:setRaftConf(354)) - f7c49c51-1121-4e1e-9c01-74e537549b8a@group-B98B028889D0: set configuration 0: [f7c49c51-1121-4e1e-9c01-74e537549b8a:192.168.151.73:37391], old=null at 0
2019-09-25 12:39:15,249 [0c10ee7a-d1f3-4d15-a97d-be3bd840fe5f@group-30998FCAF67C-SegmentedRaftLogWorker] INFO  segmented.SegmentedRaftLogWorker (SegmentedRaftLogWorker.java:execute(569)) - 0c10ee7a-d1f3-4d15-a97d-be3bd840fe5f@group-30998FCAF67C-SegmentedRaftLogWorker: created new log segment /workdir/hadoop-ozone/integration-test/target/test-dir/MiniOzoneClusterImpl-d0ff48dc-faee-44ca-8dcc-f269a7262391/datanode-1/data/ratis/be03bdba-8bcc-4571-a9a1-30998fcaf67c/current/log_inprogress_0
2019-09-25 12:39:15,263 [f7c49c51-1121-4e1e-9c01-74e537549b8a@group-B98B028889D0-SegmentedRaftLogWorker] INFO  segmented.SegmentedRaftLogWorker (SegmentedRaftLogWorker.java:execute(569)) - f7c49c51-1121-4e1e-9c01-74e537549b8a@group-B98B028889D0-SegmentedRaftLogWorker: created new log segment /workdir/hadoop-ozone/integration-test/target/test-dir/MiniOzoneClusterImpl-d0ff48dc-faee-44ca-8dcc-f269a7262391/datanode-2/data/ratis/13b00c19-e579-484f-b6c3-b98b028889d0/current/log_inprogress_0
2019-09-25 12:39:15,340 [Thread-757] INFO  impl.FollowerState (FollowerState.java:run(106)) - f7c49c51-1121-4e1e-9c01-74e537549b8a:group-084541CB64FE changes to CANDIDATE, lastRpcTime:5185, electionTimeout:5185ms
2019-09-25 12:39:15,340 [Thread-757] INFO  impl.RoleInfo (RoleInfo.java:shutdownFollowerState(121)) - f7c49c51-1121-4e1e-9c01-74e537549b8a: shutdown FollowerState
2019-09-25 12:39:15,341 [Thread-757] INFO  impl.RaftServerImpl (RaftServerImpl.java:setRole(174)) - f7c49c51-1121-4e1e-9c01-74e537549b8a@group-084541CB64FE: changes role from  FOLLOWER to CANDIDATE at term 0 for changeToCandidate
2019-09-25 12:39:15,341 [Thread-757] INFO  impl.RoleInfo (RoleInfo.java:updateAndGet(143)) - f7c49c51-1121-4e1e-9c01-74e537549b8a: start LeaderElection
2019-09-25 12:39:15,356 [f7c49c51-1121-4e1e-9c01-74e537549b8a@group-084541CB64FE:LeaderElection54] INFO  impl.LeaderElection (LeaderElection.java:askForVotes(182)) - f7c49c51-1121-4e1e-9c01-74e537549b8a@group-084541CB64FE:LeaderElection54: begin an election at term 1 for -1: [f7c49c51-1121-4e1e-9c01-74e537549b8a:192.168.151.73:37391], old=null
2019-09-25 12:39:15,356 [f7c49c51-1121-4e1e-9c01-74e537549b8a@group-084541CB64FE:LeaderElection54] INFO  impl.RoleInfo (RoleInfo.java:shutdownLeaderElection(134)) - f7c49c51-1121-4e1e-9c01-74e537549b8a: shutdown LeaderElection
2019-09-25 12:39:15,356 [f7c49c51-1121-4e1e-9c01-74e537549b8a@group-084541CB64FE:LeaderElection54] INFO  impl.RaftServerImpl (RaftServerImpl.java:setRole(174)) - f7c49c51-1121-4e1e-9c01-74e537549b8a@group-084541CB64FE: changes role from CANDIDATE to LEADER at term 1 for changeToLeader
2019-09-25 12:39:15,357 [f7c49c51-1121-4e1e-9c01-74e537549b8a@group-084541CB64FE:LeaderElection54] INFO  impl.RaftServerImpl (ServerState.java:setLeader(253)) - f7c49c51-1121-4e1e-9c01-74e537549b8a@group-084541CB64FE: change Leader from null to f7c49c51-1121-4e1e-9c01-74e537549b8a at term 1 for becomeLeader, leader elected after 5208ms
2019-09-25 12:39:15,357 [f7c49c51-1121-4e1e-9c01-74e537549b8a@group-084541CB64FE:LeaderElection54] INFO  server.RaftServerConfigKeys (ConfUtils.java:logGet(43)) - raft.server.staging.catchup.gap = 1000 (default)
2019-09-25 12:39:15,357 [f7c49c51-1121-4e1e-9c01-74e537549b8a@group-084541CB64FE:LeaderElection54] INFO  server.RaftServerConfigKeys (ConfUtils.java:logGet(43)) - raft.server.rpc.sleep.time = 25ms (default)
2019-09-25 12:39:15,357 [f7c49c51-1121-4e1e-9c01-74e537549b8a@group-084541CB64FE:LeaderElection54] INFO  server.RaftServerConfigKeys (ConfUtils.java:logGet(43)) - raft.server.write.element-limit = 4096 (default)
2019-09-25 12:39:15,357 [f7c49c51-1121-4e1e-9c01-74e537549b8a@group-084541CB64FE:LeaderElection54] INFO  server.RaftServerConfigKeys (ConfUtils.java:logGet(43)) - raft.server.watch.timeout = 10s (default)
2019-09-25 12:39:15,357 [f7c49c51-1121-4e1e-9c01-74e537549b8a@group-084541CB64FE:LeaderElection54] INFO  server.RaftServerConfigKeys (ConfUtils.java:logGet(43)) - raft.server.watch.timeout.denomination = 1s (default)
2019-09-25 12:39:15,357 [f7c49c51-1121-4e1e-9c01-74e537549b8a@group-084541CB64FE:LeaderElection54] INFO  server.RaftServerConfigKeys (ConfUtils.java:logGet(43)) - raft.server.watch.element-limit = 65536 (default)
2019-09-25 12:39:15,359 [f7c49c51-1121-4e1e-9c01-74e537549b8a@group-084541CB64FE:LeaderElection54] INFO  impl.RoleInfo (RoleInfo.java:updateAndGet(143)) - f7c49c51-1121-4e1e-9c01-74e537549b8a: start LeaderState
2019-09-25 12:39:15,360 [f7c49c51-1121-4e1e-9c01-74e537549b8a@group-084541CB64FE:LeaderElection54] INFO  segmented.SegmentedRaftLogWorker (SegmentedRaftLogWorker.java:startLogSegment(380)) - f7c49c51-1121-4e1e-9c01-74e537549b8a@group-084541CB64FE-SegmentedRaftLogWorker: Starting segment from index:0
2019-09-25 12:39:15,360 [f7c49c51-1121-4e1e-9c01-74e537549b8a@group-084541CB64FE:LeaderElection54] INFO  impl.RaftServerImpl (ServerState.java:setRaftConf(354)) - f7c49c51-1121-4e1e-9c01-74e537549b8a@group-084541CB64FE: set configuration 0: [f7c49c51-1121-4e1e-9c01-74e537549b8a:192.168.151.73:37391], old=null at 0
2019-09-25 12:39:15,417 [f7c49c51-1121-4e1e-9c01-74e537549b8a@group-084541CB64FE-SegmentedRaftLogWorker] INFO  segmented.SegmentedRaftLogWorker (SegmentedRaftLogWorker.java:execute(569)) - f7c49c51-1121-4e1e-9c01-74e537549b8a@group-084541CB64FE-SegmentedRaftLogWorker: created new log segment /workdir/hadoop-ozone/integration-test/target/test-dir/MiniOzoneClusterImpl-d0ff48dc-faee-44ca-8dcc-f269a7262391/datanode-2/data/ratis/d93ab0ba-632b-40ef-b466-084541cb64fe/current/log_inprogress_0
2019-09-25 12:39:15,522 [main] INFO  ozoneimpl.OzoneContainer (OzoneContainer.java:stop(231)) - Attempting to stop container services.
2019-09-25 12:39:15,522 [ForkJoinPool.commonPool-worker-0] INFO  ozoneimpl.OzoneContainer (OzoneContainer.java:stop(231)) - Attempting to stop container services.
2019-09-25 12:39:15,522 [main] INFO  impl.RaftServerProxy (RaftServerProxy.java:lambda$close$4(314)) - 0c10ee7a-d1f3-4d15-a97d-be3bd840fe5f: close
2019-09-25 12:39:15,523 [ForkJoinPool.commonPool-worker-0] INFO  impl.RaftServerProxy (RaftServerProxy.java:lambda$close$4(314)) - 3e5a13d1-053a-49e9-83b0-637d290f3a88: close
2019-09-25 12:39:15,523 [main] INFO  impl.RaftServerImpl (RaftServerImpl.java:lambda$shutdown$3(251)) - 0c10ee7a-d1f3-4d15-a97d-be3bd840fe5f@group-84AE74912DA6: shutdown
2019-09-25 12:39:15,523 [ForkJoinPool.commonPool-worker-0] INFO  impl.RaftServerImpl (RaftServerImpl.java:lambda$shutdown$3(251)) - 3e5a13d1-053a-49e9-83b0-637d290f3a88@group-2D1B81CB9F8E: shutdown
2019-09-25 12:39:15,523 [main] INFO  util.JmxRegister (JmxRegister.java:unregister(73)) - Successfully un-registered JMX Bean with object name Ratis:service=RaftServer,group=group-84AE74912DA6,id=0c10ee7a-d1f3-4d15-a97d-be3bd840fe5f
2019-09-25 12:39:15,524 [ForkJoinPool.commonPool-worker-0] INFO  util.JmxRegister (JmxRegister.java:unregister(73)) - Successfully un-registered JMX Bean with object name Ratis:service=RaftServer,group=group-2D1B81CB9F8E,id=3e5a13d1-053a-49e9-83b0-637d290f3a88
2019-09-25 12:39:15,524 [main] INFO  impl.RoleInfo (RoleInfo.java:shutdownLeaderState(104)) - 0c10ee7a-d1f3-4d15-a97d-be3bd840fe5f: shutdown LeaderState
2019-09-25 12:39:15,524 [ForkJoinPool.commonPool-worker-0] INFO  impl.RoleInfo (RoleInfo.java:shutdownLeaderState(104)) - 3e5a13d1-053a-49e9-83b0-637d290f3a88: shutdown LeaderState
2019-09-25 12:39:15,525 [main] INFO  impl.PendingRequests (PendingRequests.java:sendNotLeaderResponses(202)) - 0c10ee7a-d1f3-4d15-a97d-be3bd840fe5f-PendingRequests: sendNotLeaderResponses
2019-09-25 12:39:15,525 [ForkJoinPool.commonPool-worker-0] INFO  impl.PendingRequests (PendingRequests.java:sendNotLeaderResponses(202)) - 3e5a13d1-053a-49e9-83b0-637d290f3a88-PendingRequests: sendNotLeaderResponses
2019-09-25 12:39:15,525 [main] INFO  impl.StateMachineUpdater (StateMachineUpdater.java:stopAndJoin(125)) - 0c10ee7a-d1f3-4d15-a97d-be3bd840fe5f@group-84AE74912DA6-StateMachineUpdater: set stopIndex = 0
2019-09-25 12:39:15,525 [ForkJoinPool.commonPool-worker-0] INFO  impl.StateMachineUpdater (StateMachineUpdater.java:stopAndJoin(125)) - 3e5a13d1-053a-49e9-83b0-637d290f3a88@group-2D1B81CB9F8E-StateMachineUpdater: set stopIndex = 0
2019-09-25 12:39:15,526 [main] INFO  impl.RaftServerImpl (ServerState.java:close(385)) - 0c10ee7a-d1f3-4d15-a97d-be3bd840fe5f@group-84AE74912DA6: closes. applyIndex: 0
2019-09-25 12:39:15,526 [ForkJoinPool.commonPool-worker-0] INFO  impl.RaftServerImpl (ServerState.java:close(385)) - 3e5a13d1-053a-49e9-83b0-637d290f3a88@group-2D1B81CB9F8E: closes. applyIndex: 0
2019-09-25 12:39:15,526 [0c10ee7a-d1f3-4d15-a97d-be3bd840fe5f@group-84AE74912DA6-SegmentedRaftLogWorker] INFO  segmented.SegmentedRaftLogWorker (SegmentedRaftLogWorker.java:run(313)) - 0c10ee7a-d1f3-4d15-a97d-be3bd840fe5f@group-84AE74912DA6-SegmentedRaftLogWorker was interrupted, exiting. There are 0 tasks remaining in the queue.
2019-09-25 12:39:15,527 [3e5a13d1-053a-49e9-83b0-637d290f3a88@group-2D1B81CB9F8E-SegmentedRaftLogWorker] INFO  segmented.SegmentedRaftLogWorker (SegmentedRaftLogWorker.java:run(313)) - 3e5a13d1-053a-49e9-83b0-637d290f3a88@group-2D1B81CB9F8E-SegmentedRaftLogWorker was interrupted, exiting. There are 0 tasks remaining in the queue.
2019-09-25 12:39:15,527 [main] INFO  segmented.SegmentedRaftLogWorker (SegmentedRaftLogWorker.java:close(228)) - 0c10ee7a-d1f3-4d15-a97d-be3bd840fe5f@group-84AE74912DA6-SegmentedRaftLogWorker close()
2019-09-25 12:39:15,527 [ForkJoinPool.commonPool-worker-0] INFO  segmented.SegmentedRaftLogWorker (SegmentedRaftLogWorker.java:close(228)) - 3e5a13d1-053a-49e9-83b0-637d290f3a88@group-2D1B81CB9F8E-SegmentedRaftLogWorker close()
2019-09-25 12:39:15,529 [main] INFO  impl.RaftServerImpl (RaftServerImpl.java:lambda$shutdown$3(251)) - 0c10ee7a-d1f3-4d15-a97d-be3bd840fe5f@group-682FC758245E: shutdown
2019-09-25 12:39:15,531 [ForkJoinPool.commonPool-worker-0] INFO  impl.RaftServerImpl (RaftServerImpl.java:lambda$shutdown$3(251)) - 3e5a13d1-053a-49e9-83b0-637d290f3a88@group-C475818B79AB: shutdown
2019-09-25 12:39:15,531 [main] INFO  util.JmxRegister (JmxRegister.java:unregister(73)) - Successfully un-registered JMX Bean with object name Ratis:service=RaftServer,group=group-682FC758245E,id=0c10ee7a-d1f3-4d15-a97d-be3bd840fe5f
2019-09-25 12:39:15,531 [ForkJoinPool.commonPool-worker-0] INFO  util.JmxRegister (JmxRegister.java:unregister(73)) - Successfully un-registered JMX Bean with object name Ratis:service=RaftServer,group=group-C475818B79AB,id=3e5a13d1-053a-49e9-83b0-637d290f3a88
2019-09-25 12:39:15,531 [main] INFO  impl.RoleInfo (RoleInfo.java:shutdownLeaderState(104)) - 0c10ee7a-d1f3-4d15-a97d-be3bd840fe5f: shutdown LeaderState
2019-09-25 12:39:15,532 [ForkJoinPool.commonPool-worker-0] INFO  impl.RoleInfo (RoleInfo.java:shutdownLeaderState(104)) - 3e5a13d1-053a-49e9-83b0-637d290f3a88: shutdown LeaderState
2019-09-25 12:39:15,532 [main] INFO  impl.PendingRequests (PendingRequests.java:sendNotLeaderResponses(202)) - 0c10ee7a-d1f3-4d15-a97d-be3bd840fe5f-PendingRequests: sendNotLeaderResponses
2019-09-25 12:39:15,532 [ForkJoinPool.commonPool-worker-0] INFO  impl.PendingRequests (PendingRequests.java:sendNotLeaderResponses(202)) - 3e5a13d1-053a-49e9-83b0-637d290f3a88-PendingRequests: sendNotLeaderResponses
2019-09-25 12:39:15,533 [main] INFO  impl.StateMachineUpdater (StateMachineUpdater.java:stopAndJoin(125)) - 0c10ee7a-d1f3-4d15-a97d-be3bd840fe5f@group-682FC758245E-StateMachineUpdater: set stopIndex = 0
2019-09-25 12:39:15,533 [ForkJoinPool.commonPool-worker-0] INFO  impl.StateMachineUpdater (StateMachineUpdater.java:stopAndJoin(125)) - 3e5a13d1-053a-49e9-83b0-637d290f3a88@group-C475818B79AB-StateMachineUpdater: set stopIndex = 0
2019-09-25 12:39:15,533 [main] INFO  impl.RaftServerImpl (ServerState.java:close(385)) - 0c10ee7a-d1f3-4d15-a97d-be3bd840fe5f@group-682FC758245E: closes. applyIndex: 0
2019-09-25 12:39:15,533 [ForkJoinPool.commonPool-worker-0] INFO  impl.RaftServerImpl (ServerState.java:close(385)) - 3e5a13d1-053a-49e9-83b0-637d290f3a88@group-C475818B79AB: closes. applyIndex: 0
2019-09-25 12:39:15,534 [0c10ee7a-d1f3-4d15-a97d-be3bd840fe5f@group-682FC758245E-SegmentedRaftLogWorker] INFO  segmented.SegmentedRaftLogWorker (SegmentedRaftLogWorker.java:run(313)) - 0c10ee7a-d1f3-4d15-a97d-be3bd840fe5f@group-682FC758245E-SegmentedRaftLogWorker was interrupted, exiting. There are 0 tasks remaining in the queue.
2019-09-25 12:39:15,534 [3e5a13d1-053a-49e9-83b0-637d290f3a88@group-C475818B79AB-SegmentedRaftLogWorker] INFO  segmented.SegmentedRaftLogWorker (SegmentedRaftLogWorker.java:run(313)) - 3e5a13d1-053a-49e9-83b0-637d290f3a88@group-C475818B79AB-SegmentedRaftLogWorker was interrupted, exiting. There are 0 tasks remaining in the queue.
2019-09-25 12:39:15,534 [main] INFO  segmented.SegmentedRaftLogWorker (SegmentedRaftLogWorker.java:close(228)) - 0c10ee7a-d1f3-4d15-a97d-be3bd840fe5f@group-682FC758245E-SegmentedRaftLogWorker close()
2019-09-25 12:39:15,534 [ForkJoinPool.commonPool-worker-0] INFO  segmented.SegmentedRaftLogWorker (SegmentedRaftLogWorker.java:close(228)) - 3e5a13d1-053a-49e9-83b0-637d290f3a88@group-C475818B79AB-SegmentedRaftLogWorker close()
2019-09-25 12:39:15,536 [main] INFO  impl.RaftServerImpl (RaftServerImpl.java:lambda$shutdown$3(251)) - 0c10ee7a-d1f3-4d15-a97d-be3bd840fe5f@group-30998FCAF67C: shutdown
2019-09-25 12:39:15,538 [ForkJoinPool.commonPool-worker-0] INFO  impl.RaftServerImpl (RaftServerImpl.java:lambda$shutdown$3(251)) - 3e5a13d1-053a-49e9-83b0-637d290f3a88@group-87313E6AA964: shutdown
2019-09-25 12:39:15,538 [main] INFO  util.JmxRegister (JmxRegister.java:unregister(73)) - Successfully un-registered JMX Bean with object name Ratis:service=RaftServer,group=group-30998FCAF67C,id=0c10ee7a-d1f3-4d15-a97d-be3bd840fe5f
2019-09-25 12:39:15,538 [ForkJoinPool.commonPool-worker-0] INFO  util.JmxRegister (JmxRegister.java:unregister(73)) - Successfully un-registered JMX Bean with object name Ratis:service=RaftServer,group=group-87313E6AA964,id=3e5a13d1-053a-49e9-83b0-637d290f3a88
2019-09-25 12:39:15,539 [main] INFO  impl.RoleInfo (RoleInfo.java:shutdownLeaderState(104)) - 0c10ee7a-d1f3-4d15-a97d-be3bd840fe5f: shutdown LeaderState
2019-09-25 12:39:15,539 [ForkJoinPool.commonPool-worker-0] INFO  impl.RoleInfo (RoleInfo.java:shutdownLeaderState(104)) - 3e5a13d1-053a-49e9-83b0-637d290f3a88: shutdown LeaderState
2019-09-25 12:39:15,539 [main] INFO  impl.PendingRequests (PendingRequests.java:sendNotLeaderResponses(202)) - 0c10ee7a-d1f3-4d15-a97d-be3bd840fe5f-PendingRequests: sendNotLeaderResponses
2019-09-25 12:39:15,540 [ForkJoinPool.commonPool-worker-0] INFO  impl.PendingRequests (PendingRequests.java:sendNotLeaderResponses(202)) - 3e5a13d1-053a-49e9-83b0-637d290f3a88-PendingRequests: sendNotLeaderResponses
2019-09-25 12:39:15,540 [main] INFO  impl.StateMachineUpdater (StateMachineUpdater.java:stopAndJoin(125)) - 0c10ee7a-d1f3-4d15-a97d-be3bd840fe5f@group-30998FCAF67C-StateMachineUpdater: set stopIndex = 0
2019-09-25 12:39:15,540 [ForkJoinPool.commonPool-worker-0] INFO  impl.StateMachineUpdater (StateMachineUpdater.java:stopAndJoin(125)) - 3e5a13d1-053a-49e9-83b0-637d290f3a88@group-87313E6AA964-StateMachineUpdater: set stopIndex = 0
2019-09-25 12:39:15,540 [main] INFO  impl.RaftServerImpl (ServerState.java:close(385)) - 0c10ee7a-d1f3-4d15-a97d-be3bd840fe5f@group-30998FCAF67C: closes. applyIndex: 0
2019-09-25 12:39:15,541 [ForkJoinPool.commonPool-worker-0] INFO  impl.RaftServerImpl (ServerState.java:close(385)) - 3e5a13d1-053a-49e9-83b0-637d290f3a88@group-87313E6AA964: closes. applyIndex: 0
2019-09-25 12:39:15,541 [0c10ee7a-d1f3-4d15-a97d-be3bd840fe5f@group-30998FCAF67C-SegmentedRaftLogWorker] INFO  segmented.SegmentedRaftLogWorker (SegmentedRaftLogWorker.java:run(313)) - 0c10ee7a-d1f3-4d15-a97d-be3bd840fe5f@group-30998FCAF67C-SegmentedRaftLogWorker was interrupted, exiting. There are 0 tasks remaining in the queue.
2019-09-25 12:39:15,541 [3e5a13d1-053a-49e9-83b0-637d290f3a88@group-87313E6AA964-SegmentedRaftLogWorker] INFO  segmented.SegmentedRaftLogWorker (SegmentedRaftLogWorker.java:run(313)) - 3e5a13d1-053a-49e9-83b0-637d290f3a88@group-87313E6AA964-SegmentedRaftLogWorker was interrupted, exiting. There are 0 tasks remaining in the queue.
2019-09-25 12:39:15,542 [main] INFO  segmented.SegmentedRaftLogWorker (SegmentedRaftLogWorker.java:close(228)) - 0c10ee7a-d1f3-4d15-a97d-be3bd840fe5f@group-30998FCAF67C-SegmentedRaftLogWorker close()
2019-09-25 12:39:15,542 [ForkJoinPool.commonPool-worker-0] INFO  segmented.SegmentedRaftLogWorker (SegmentedRaftLogWorker.java:close(228)) - 3e5a13d1-053a-49e9-83b0-637d290f3a88@group-87313E6AA964-SegmentedRaftLogWorker close()
2019-09-25 12:39:15,543 [main] INFO  impl.RaftServerImpl (RaftServerImpl.java:lambda$shutdown$3(251)) - 0c10ee7a-d1f3-4d15-a97d-be3bd840fe5f@group-5ED02A435306: shutdown
2019-09-25 12:39:15,545 [ForkJoinPool.commonPool-worker-0] INFO  impl.RaftServerImpl (RaftServerImpl.java:lambda$shutdown$3(251)) - 3e5a13d1-053a-49e9-83b0-637d290f3a88@group-E9B319D04580: shutdown
2019-09-25 12:39:15,545 [main] INFO  util.JmxRegister (JmxRegister.java:unregister(73)) - Successfully un-registered JMX Bean with object name Ratis:service=RaftServer,group=group-5ED02A435306,id=0c10ee7a-d1f3-4d15-a97d-be3bd840fe5f
2019-09-25 12:39:15,545 [ForkJoinPool.commonPool-worker-0] INFO  util.JmxRegister (JmxRegister.java:unregister(73)) - Successfully un-registered JMX Bean with object name Ratis:service=RaftServer,group=group-E9B319D04580,id=3e5a13d1-053a-49e9-83b0-637d290f3a88
2019-09-25 12:39:15,546 [main] INFO  impl.RoleInfo (RoleInfo.java:shutdownLeaderState(104)) - 0c10ee7a-d1f3-4d15-a97d-be3bd840fe5f: shutdown LeaderState
2019-09-25 12:39:15,546 [ForkJoinPool.commonPool-worker-0] INFO  impl.RoleInfo (RoleInfo.java:shutdownLeaderState(104)) - 3e5a13d1-053a-49e9-83b0-637d290f3a88: shutdown LeaderState
2019-09-25 12:39:15,546 [main] INFO  impl.PendingRequests (PendingRequests.java:sendNotLeaderResponses(202)) - 0c10ee7a-d1f3-4d15-a97d-be3bd840fe5f-PendingRequests: sendNotLeaderResponses
2019-09-25 12:39:15,547 [ForkJoinPool.commonPool-worker-0] INFO  impl.PendingRequests (PendingRequests.java:sendNotLeaderResponses(202)) - 3e5a13d1-053a-49e9-83b0-637d290f3a88-PendingRequests: sendNotLeaderResponses
2019-09-25 12:39:15,547 [main] INFO  impl.StateMachineUpdater (StateMachineUpdater.java:stopAndJoin(125)) - 0c10ee7a-d1f3-4d15-a97d-be3bd840fe5f@group-5ED02A435306-StateMachineUpdater: set stopIndex = 0
2019-09-25 12:39:15,547 [main] INFO  impl.RaftServerImpl (ServerState.java:close(385)) - 0c10ee7a-d1f3-4d15-a97d-be3bd840fe5f@group-5ED02A435306: closes. applyIndex: 0
2019-09-25 12:39:15,547 [ForkJoinPool.commonPool-worker-0] INFO  impl.StateMachineUpdater (StateMachineUpdater.java:stopAndJoin(125)) - 3e5a13d1-053a-49e9-83b0-637d290f3a88@group-E9B319D04580-StateMachineUpdater: set stopIndex = 0
2019-09-25 12:39:15,548 [0c10ee7a-d1f3-4d15-a97d-be3bd840fe5f@group-5ED02A435306-SegmentedRaftLogWorker] INFO  segmented.SegmentedRaftLogWorker (SegmentedRaftLogWorker.java:run(313)) - 0c10ee7a-d1f3-4d15-a97d-be3bd840fe5f@group-5ED02A435306-SegmentedRaftLogWorker was interrupted, exiting. There are 0 tasks remaining in the queue.
2019-09-25 12:39:15,548 [ForkJoinPool.commonPool-worker-0] INFO  impl.RaftServerImpl (ServerState.java:close(385)) - 3e5a13d1-053a-49e9-83b0-637d290f3a88@group-E9B319D04580: closes. applyIndex: 0
2019-09-25 12:39:15,548 [main] INFO  segmented.SegmentedRaftLogWorker (SegmentedRaftLogWorker.java:close(228)) - 0c10ee7a-d1f3-4d15-a97d-be3bd840fe5f@group-5ED02A435306-SegmentedRaftLogWorker close()
2019-09-25 12:39:15,548 [3e5a13d1-053a-49e9-83b0-637d290f3a88@group-E9B319D04580-SegmentedRaftLogWorker] INFO  segmented.SegmentedRaftLogWorker (SegmentedRaftLogWorker.java:run(313)) - 3e5a13d1-053a-49e9-83b0-637d290f3a88@group-E9B319D04580-SegmentedRaftLogWorker was interrupted, exiting. There are 0 tasks remaining in the queue.
2019-09-25 12:39:15,550 [main] INFO  impl.RaftServerImpl (RaftServerImpl.java:lambda$shutdown$3(251)) - 0c10ee7a-d1f3-4d15-a97d-be3bd840fe5f@group-34F06EDEF381: shutdown
2019-09-25 12:39:15,550 [ForkJoinPool.commonPool-worker-0] INFO  segmented.SegmentedRaftLogWorker (SegmentedRaftLogWorker.java:close(228)) - 3e5a13d1-053a-49e9-83b0-637d290f3a88@group-E9B319D04580-SegmentedRaftLogWorker close()
2019-09-25 12:39:15,550 [main] INFO  util.JmxRegister (JmxRegister.java:unregister(73)) - Successfully un-registered JMX Bean with object name Ratis:service=RaftServer,group=group-34F06EDEF381,id=0c10ee7a-d1f3-4d15-a97d-be3bd840fe5f
2019-09-25 12:39:15,552 [ForkJoinPool.commonPool-worker-0] INFO  impl.RaftServerImpl (RaftServerImpl.java:lambda$shutdown$3(251)) - 3e5a13d1-053a-49e9-83b0-637d290f3a88@group-8BA9DE8C608B: shutdown
2019-09-25 12:39:15,552 [main] INFO  impl.RoleInfo (RoleInfo.java:shutdownLeaderState(104)) - 0c10ee7a-d1f3-4d15-a97d-be3bd840fe5f: shutdown LeaderState
2019-09-25 12:39:15,552 [ForkJoinPool.commonPool-worker-0] INFO  util.JmxRegister (JmxRegister.java:unregister(73)) - Successfully un-registered JMX Bean with object name Ratis:service=RaftServer,group=group-8BA9DE8C608B,id=3e5a13d1-053a-49e9-83b0-637d290f3a88
2019-09-25 12:39:15,553 [main] INFO  impl.PendingRequests (PendingRequests.java:sendNotLeaderResponses(202)) - 0c10ee7a-d1f3-4d15-a97d-be3bd840fe5f-PendingRequests: sendNotLeaderResponses
2019-09-25 12:39:15,553 [ForkJoinPool.commonPool-worker-0] INFO  impl.RoleInfo (RoleInfo.java:shutdownLeaderState(104)) - 3e5a13d1-053a-49e9-83b0-637d290f3a88: shutdown LeaderState
2019-09-25 12:39:15,553 [main] INFO  impl.StateMachineUpdater (StateMachineUpdater.java:stopAndJoin(125)) - 0c10ee7a-d1f3-4d15-a97d-be3bd840fe5f@group-34F06EDEF381-StateMachineUpdater: set stopIndex = 0
2019-09-25 12:39:15,554 [ForkJoinPool.commonPool-worker-0] INFO  impl.PendingRequests (PendingRequests.java:sendNotLeaderResponses(202)) - 3e5a13d1-053a-49e9-83b0-637d290f3a88-PendingRequests: sendNotLeaderResponses
2019-09-25 12:39:15,554 [main] INFO  impl.RaftServerImpl (ServerState.java:close(385)) - 0c10ee7a-d1f3-4d15-a97d-be3bd840fe5f@group-34F06EDEF381: closes. applyIndex: 0
2019-09-25 12:39:15,554 [ForkJoinPool.commonPool-worker-0] INFO  impl.StateMachineUpdater (StateMachineUpdater.java:stopAndJoin(125)) - 3e5a13d1-053a-49e9-83b0-637d290f3a88@group-8BA9DE8C608B-StateMachineUpdater: set stopIndex = 0
2019-09-25 12:39:15,555 [0c10ee7a-d1f3-4d15-a97d-be3bd840fe5f@group-34F06EDEF381-SegmentedRaftLogWorker] INFO  segmented.SegmentedRaftLogWorker (SegmentedRaftLogWorker.java:run(313)) - 0c10ee7a-d1f3-4d15-a97d-be3bd840fe5f@group-34F06EDEF381-SegmentedRaftLogWorker was interrupted, exiting. There are 0 tasks remaining in the queue.
2019-09-25 12:39:15,555 [ForkJoinPool.commonPool-worker-0] INFO  impl.RaftServerImpl (ServerState.java:close(385)) - 3e5a13d1-053a-49e9-83b0-637d290f3a88@group-8BA9DE8C608B: closes. applyIndex: 0
2019-09-25 12:39:15,555 [main] INFO  segmented.SegmentedRaftLogWorker (SegmentedRaftLogWorker.java:close(228)) - 0c10ee7a-d1f3-4d15-a97d-be3bd840fe5f@group-34F06EDEF381-SegmentedRaftLogWorker close()
2019-09-25 12:39:15,555 [3e5a13d1-053a-49e9-83b0-637d290f3a88@group-8BA9DE8C608B-SegmentedRaftLogWorker] INFO  segmented.SegmentedRaftLogWorker (SegmentedRaftLogWorker.java:run(313)) - 3e5a13d1-053a-49e9-83b0-637d290f3a88@group-8BA9DE8C608B-SegmentedRaftLogWorker was interrupted, exiting. There are 0 tasks remaining in the queue.
2019-09-25 12:39:15,557 [main] INFO  impl.RaftServerImpl (RaftServerImpl.java:lambda$shutdown$3(251)) - 0c10ee7a-d1f3-4d15-a97d-be3bd840fe5f@group-C6223EAEA39A: shutdown
2019-09-25 12:39:15,557 [ForkJoinPool.commonPool-worker-0] INFO  segmented.SegmentedRaftLogWorker (SegmentedRaftLogWorker.java:close(228)) - 3e5a13d1-053a-49e9-83b0-637d290f3a88@group-8BA9DE8C608B-SegmentedRaftLogWorker close()
2019-09-25 12:39:15,557 [main] INFO  util.JmxRegister (JmxRegister.java:unregister(73)) - Successfully un-registered JMX Bean with object name Ratis:service=RaftServer,group=group-C6223EAEA39A,id=0c10ee7a-d1f3-4d15-a97d-be3bd840fe5f
2019-09-25 12:39:15,559 [ForkJoinPool.commonPool-worker-0] INFO  impl.RaftServerImpl (RaftServerImpl.java:lambda$shutdown$3(251)) - 3e5a13d1-053a-49e9-83b0-637d290f3a88@group-E1D300630294: shutdown
2019-09-25 12:39:15,559 [main] INFO  impl.RoleInfo (RoleInfo.java:shutdownLeaderState(104)) - 0c10ee7a-d1f3-4d15-a97d-be3bd840fe5f: shutdown LeaderState
2019-09-25 12:39:15,559 [ForkJoinPool.commonPool-worker-0] INFO  util.JmxRegister (JmxRegister.java:unregister(73)) - Successfully un-registered JMX Bean with object name Ratis:service=RaftServer,group=group-E1D300630294,id=3e5a13d1-053a-49e9-83b0-637d290f3a88
2019-09-25 12:39:15,560 [main] INFO  impl.PendingRequests (PendingRequests.java:sendNotLeaderResponses(202)) - 0c10ee7a-d1f3-4d15-a97d-be3bd840fe5f-PendingRequests: sendNotLeaderResponses
2019-09-25 12:39:15,560 [ForkJoinPool.commonPool-worker-0] INFO  impl.RoleInfo (RoleInfo.java:shutdownLeaderState(104)) - 3e5a13d1-053a-49e9-83b0-637d290f3a88: shutdown LeaderState
2019-09-25 12:39:15,560 [main] INFO  impl.StateMachineUpdater (StateMachineUpdater.java:stopAndJoin(125)) - 0c10ee7a-d1f3-4d15-a97d-be3bd840fe5f@group-C6223EAEA39A-StateMachineUpdater: set stopIndex = 0
2019-09-25 12:39:15,560 [ForkJoinPool.commonPool-worker-0] INFO  impl.PendingRequests (PendingRequests.java:sendNotLeaderResponses(202)) - 3e5a13d1-053a-49e9-83b0-637d290f3a88-PendingRequests: sendNotLeaderResponses
2019-09-25 12:39:15,561 [main] INFO  impl.RaftServerImpl (ServerState.java:close(385)) - 0c10ee7a-d1f3-4d15-a97d-be3bd840fe5f@group-C6223EAEA39A: closes. applyIndex: 0
2019-09-25 12:39:15,561 [ForkJoinPool.commonPool-worker-0] INFO  impl.StateMachineUpdater (StateMachineUpdater.java:stopAndJoin(125)) - 3e5a13d1-053a-49e9-83b0-637d290f3a88@group-E1D300630294-StateMachineUpdater: set stopIndex = 0
2019-09-25 12:39:15,561 [0c10ee7a-d1f3-4d15-a97d-be3bd840fe5f@group-C6223EAEA39A-SegmentedRaftLogWorker] INFO  segmented.SegmentedRaftLogWorker (SegmentedRaftLogWorker.java:run(313)) - 0c10ee7a-d1f3-4d15-a97d-be3bd840fe5f@group-C6223EAEA39A-SegmentedRaftLogWorker was interrupted, exiting. There are 0 tasks remaining in the queue.
2019-09-25 12:39:15,562 [ForkJoinPool.commonPool-worker-0] INFO  impl.RaftServerImpl (ServerState.java:close(385)) - 3e5a13d1-053a-49e9-83b0-637d290f3a88@group-E1D300630294: closes. applyIndex: 0
2019-09-25 12:39:15,562 [main] INFO  segmented.SegmentedRaftLogWorker (SegmentedRaftLogWorker.java:close(228)) - 0c10ee7a-d1f3-4d15-a97d-be3bd840fe5f@group-C6223EAEA39A-SegmentedRaftLogWorker close()
2019-09-25 12:39:15,562 [3e5a13d1-053a-49e9-83b0-637d290f3a88@group-E1D300630294-SegmentedRaftLogWorker] INFO  segmented.SegmentedRaftLogWorker (SegmentedRaftLogWorker.java:run(313)) - 3e5a13d1-053a-49e9-83b0-637d290f3a88@group-E1D300630294-SegmentedRaftLogWorker was interrupted, exiting. There are 0 tasks remaining in the queue.
2019-09-25 12:39:15,564 [main] INFO  server.GrpcService (GrpcService.java:closeImpl(164)) - 0c10ee7a-d1f3-4d15-a97d-be3bd840fe5f: shutdown server with port 37077 now
2019-09-25 12:39:15,564 [ForkJoinPool.commonPool-worker-0] INFO  segmented.SegmentedRaftLogWorker (SegmentedRaftLogWorker.java:close(228)) - 3e5a13d1-053a-49e9-83b0-637d290f3a88@group-E1D300630294-SegmentedRaftLogWorker close()
2019-09-25 12:39:15,567 [main] INFO  server.GrpcService (GrpcService.java:closeImpl(172)) - 0c10ee7a-d1f3-4d15-a97d-be3bd840fe5f: shutdown server with port 37077 successfully
2019-09-25 12:39:15,567 [ForkJoinPool.commonPool-worker-0] INFO  server.GrpcService (GrpcService.java:closeImpl(164)) - 3e5a13d1-053a-49e9-83b0-637d290f3a88: shutdown server with port 45887 now
2019-09-25 12:39:15,569 [ForkJoinPool.commonPool-worker-0] INFO  server.GrpcService (GrpcService.java:closeImpl(172)) - 3e5a13d1-053a-49e9-83b0-637d290f3a88: shutdown server with port 45887 successfully
2019-09-25 12:39:15,570 [refreshUsed-/workdir/hadoop-ozone/integration-test/target/test-dir/MiniOzoneClusterImpl-d0ff48dc-faee-44ca-8dcc-f269a7262391/datanode-1/data/containers] WARN  fs.CachingGetSpaceUsed (CachingGetSpaceUsed.java:run(183)) - Thread Interrupted waiting to refresh disk information: sleep interrupted
2019-09-25 12:39:15,571 [refreshUsed-/workdir/hadoop-ozone/integration-test/target/test-dir/MiniOzoneClusterImpl-d0ff48dc-faee-44ca-8dcc-f269a7262391/datanode-0/data/containers] WARN  fs.CachingGetSpaceUsed (CachingGetSpaceUsed.java:run(183)) - Thread Interrupted waiting to refresh disk information: sleep interrupted
2019-09-25 12:39:15,587 [ForkJoinPool.commonPool-worker-0] INFO  utils.BackgroundService (BackgroundService.java:shutdown(148)) - Shutting down service BlockDeletingService
2019-09-25 12:39:15,591 [ForkJoinPool.commonPool-worker-0] INFO  statemachine.DatanodeStateMachine (DatanodeStateMachine.java:stopDaemon(395)) - Ozone container server stopped.
2019-09-25 12:39:15,595 [main] INFO  utils.BackgroundService (BackgroundService.java:shutdown(148)) - Shutting down service BlockDeletingService
2019-09-25 12:39:15,598 [main] INFO  statemachine.DatanodeStateMachine (DatanodeStateMachine.java:stopDaemon(395)) - Ozone container server stopped.
2019-09-25 12:39:15,613 [ForkJoinPool.commonPool-worker-0] INFO  handler.ContextHandler (ContextHandler.java:doStop(910)) - Stopped o.e.j.w.WebAppContext@36c281ed{/,null,UNAVAILABLE}{/hddsDatanode}
2019-09-25 12:39:15,613 [main] INFO  handler.ContextHandler (ContextHandler.java:doStop(910)) - Stopped o.e.j.w.WebAppContext@58b91d57{/,null,UNAVAILABLE}{/hddsDatanode}
2019-09-25 12:39:15,614 [ForkJoinPool.commonPool-worker-0] INFO  server.AbstractConnector (AbstractConnector.java:doStop(318)) - Stopped ServerConnector@244418a{HTTP/1.1,[http/1.1]}{0.0.0.0:0}
2019-09-25 12:39:15,615 [main] INFO  server.AbstractConnector (AbstractConnector.java:doStop(318)) - Stopped ServerConnector@61a91c9b{HTTP/1.1,[http/1.1]}{0.0.0.0:0}
2019-09-25 12:39:15,615 [ForkJoinPool.commonPool-worker-0] INFO  handler.ContextHandler (ContextHandler.java:doStop(910)) - Stopped o.e.j.s.ServletContextHandler@31e76a8d{/static,jar:file:/home/user/.m2/repository/org/apache/hadoop/hadoop-hdds-container-service/0.5.0-SNAPSHOT/hadoop-hdds-container-service-0.5.0-SNAPSHOT.jar!/webapps/static,UNAVAILABLE}
2019-09-25 12:39:15,616 [main] INFO  handler.ContextHandler (ContextHandler.java:doStop(910)) - Stopped o.e.j.s.ServletContextHandler@338b49d3{/static,jar:file:/home/user/.m2/repository/org/apache/hadoop/hadoop-hdds-container-service/0.5.0-SNAPSHOT/hadoop-hdds-container-service-0.5.0-SNAPSHOT.jar!/webapps/static,UNAVAILABLE}
2019-09-25 12:39:15,616 [ForkJoinPool.commonPool-worker-0] INFO  handler.ContextHandler (ContextHandler.java:doStop(910)) - Stopped o.e.j.s.ServletContextHandler@2f3166a{/logs,file:///workdir/hadoop-ozone/integration-test/target/log,UNAVAILABLE}
2019-09-25 12:39:15,616 [main] INFO  handler.ContextHandler (ContextHandler.java:doStop(910)) - Stopped o.e.j.s.ServletContextHandler@e76b097{/logs,file:///workdir/hadoop-ozone/integration-test/target/log,UNAVAILABLE}
2019-09-25 12:39:16,502 [Datanode State Machine Thread - 0] INFO  statemachine.DatanodeStateMachine (DatanodeStateMachine.java:lambda$startDaemon$0(350)) - Ozone container server started.
2019-09-25 12:39:20,618 [ForkJoinPool.commonPool-worker-0] INFO  ozoneimpl.OzoneContainer (OzoneContainer.java:stop(231)) - Attempting to stop container services.
2019-09-25 12:39:20,619 [ForkJoinPool.commonPool-worker-0] INFO  impl.RaftServerProxy (RaftServerProxy.java:lambda$close$4(314)) - f7c49c51-1121-4e1e-9c01-74e537549b8a: close
2019-09-25 12:39:20,619 [ForkJoinPool.commonPool-worker-0] INFO  impl.RaftServerImpl (RaftServerImpl.java:lambda$shutdown$3(251)) - f7c49c51-1121-4e1e-9c01-74e537549b8a@group-EFAC320E2544: shutdown
2019-09-25 12:39:20,619 [ForkJoinPool.commonPool-worker-0] INFO  util.JmxRegister (JmxRegister.java:unregister(73)) - Successfully un-registered JMX Bean with object name Ratis:service=RaftServer,group=group-EFAC320E2544,id=f7c49c51-1121-4e1e-9c01-74e537549b8a
2019-09-25 12:39:20,620 [ForkJoinPool.commonPool-worker-0] INFO  impl.RoleInfo (RoleInfo.java:shutdownLeaderState(104)) - f7c49c51-1121-4e1e-9c01-74e537549b8a: shutdown LeaderState
2019-09-25 12:39:20,620 [ForkJoinPool.commonPool-worker-0] INFO  impl.PendingRequests (PendingRequests.java:sendNotLeaderResponses(202)) - f7c49c51-1121-4e1e-9c01-74e537549b8a-PendingRequests: sendNotLeaderResponses
2019-09-25 12:39:20,620 [ForkJoinPool.commonPool-worker-0] INFO  impl.StateMachineUpdater (StateMachineUpdater.java:stopAndJoin(125)) - f7c49c51-1121-4e1e-9c01-74e537549b8a@group-EFAC320E2544-StateMachineUpdater: set stopIndex = 0
2019-09-25 12:39:20,621 [ForkJoinPool.commonPool-worker-0] INFO  impl.RaftServerImpl (ServerState.java:close(385)) - f7c49c51-1121-4e1e-9c01-74e537549b8a@group-EFAC320E2544: closes. applyIndex: 0
2019-09-25 12:39:20,621 [f7c49c51-1121-4e1e-9c01-74e537549b8a@group-EFAC320E2544-SegmentedRaftLogWorker] INFO  segmented.SegmentedRaftLogWorker (SegmentedRaftLogWorker.java:run(313)) - f7c49c51-1121-4e1e-9c01-74e537549b8a@group-EFAC320E2544-SegmentedRaftLogWorker was interrupted, exiting. There are 0 tasks remaining in the queue.
2019-09-25 12:39:20,622 [ForkJoinPool.commonPool-worker-0] INFO  segmented.SegmentedRaftLogWorker (SegmentedRaftLogWorker.java:close(228)) - f7c49c51-1121-4e1e-9c01-74e537549b8a@group-EFAC320E2544-SegmentedRaftLogWorker close()
2019-09-25 12:39:20,623 [ForkJoinPool.commonPool-worker-0] INFO  impl.RaftServerImpl (RaftServerImpl.java:lambda$shutdown$3(251)) - f7c49c51-1121-4e1e-9c01-74e537549b8a@group-12AF4A6F45E1: shutdown
2019-09-25 12:39:20,624 [ForkJoinPool.commonPool-worker-0] INFO  util.JmxRegister (JmxRegister.java:unregister(73)) - Successfully un-registered JMX Bean with object name Ratis:service=RaftServer,group=group-12AF4A6F45E1,id=f7c49c51-1121-4e1e-9c01-74e537549b8a
2019-09-25 12:39:20,624 [ForkJoinPool.commonPool-worker-0] INFO  impl.RoleInfo (RoleInfo.java:shutdownLeaderState(104)) - f7c49c51-1121-4e1e-9c01-74e537549b8a: shutdown LeaderState
2019-09-25 12:39:20,624 [ForkJoinPool.commonPool-worker-0] INFO  impl.PendingRequests (PendingRequests.java:sendNotLeaderResponses(202)) - f7c49c51-1121-4e1e-9c01-74e537549b8a-PendingRequests: sendNotLeaderResponses
2019-09-25 12:39:20,625 [ForkJoinPool.commonPool-worker-0] INFO  impl.StateMachineUpdater (StateMachineUpdater.java:stopAndJoin(125)) - f7c49c51-1121-4e1e-9c01-74e537549b8a@group-12AF4A6F45E1-StateMachineUpdater: set stopIndex = 0
2019-09-25 12:39:20,625 [ForkJoinPool.commonPool-worker-0] INFO  impl.RaftServerImpl (ServerState.java:close(385)) - f7c49c51-1121-4e1e-9c01-74e537549b8a@group-12AF4A6F45E1: closes. applyIndex: 0
2019-09-25 12:39:20,625 [f7c49c51-1121-4e1e-9c01-74e537549b8a@group-12AF4A6F45E1-SegmentedRaftLogWorker] INFO  segmented.SegmentedRaftLogWorker (SegmentedRaftLogWorker.java:run(313)) - f7c49c51-1121-4e1e-9c01-74e537549b8a@group-12AF4A6F45E1-SegmentedRaftLogWorker was interrupted, exiting. There are 0 tasks remaining in the queue.
2019-09-25 12:39:20,626 [ForkJoinPool.commonPool-worker-0] INFO  segmented.SegmentedRaftLogWorker (SegmentedRaftLogWorker.java:close(228)) - f7c49c51-1121-4e1e-9c01-74e537549b8a@group-12AF4A6F45E1-SegmentedRaftLogWorker close()
2019-09-25 12:39:20,627 [ForkJoinPool.commonPool-worker-0] INFO  impl.RaftServerImpl (RaftServerImpl.java:lambda$shutdown$3(251)) - f7c49c51-1121-4e1e-9c01-74e537549b8a@group-6769D5DCA3B4: shutdown
2019-09-25 12:39:20,627 [ForkJoinPool.commonPool-worker-0] INFO  util.JmxRegister (JmxRegister.java:unregister(73)) - Successfully un-registered JMX Bean with object name Ratis:service=RaftServer,group=group-6769D5DCA3B4,id=f7c49c51-1121-4e1e-9c01-74e537549b8a
2019-09-25 12:39:20,627 [ForkJoinPool.commonPool-worker-0] INFO  impl.RoleInfo (RoleInfo.java:shutdownLeaderState(104)) - f7c49c51-1121-4e1e-9c01-74e537549b8a: shutdown LeaderState
2019-09-25 12:39:20,628 [ForkJoinPool.commonPool-worker-0] INFO  impl.PendingRequests (PendingRequests.java:sendNotLeaderResponses(202)) - f7c49c51-1121-4e1e-9c01-74e537549b8a-PendingRequests: sendNotLeaderResponses
2019-09-25 12:39:20,628 [ForkJoinPool.commonPool-worker-0] INFO  impl.StateMachineUpdater (StateMachineUpdater.java:stopAndJoin(125)) - f7c49c51-1121-4e1e-9c01-74e537549b8a@group-6769D5DCA3B4-StateMachineUpdater: set stopIndex = 0
2019-09-25 12:39:20,628 [ForkJoinPool.commonPool-worker-0] INFO  impl.RaftServerImpl (ServerState.java:close(385)) - f7c49c51-1121-4e1e-9c01-74e537549b8a@group-6769D5DCA3B4: closes. applyIndex: 0
2019-09-25 12:39:20,629 [f7c49c51-1121-4e1e-9c01-74e537549b8a@group-6769D5DCA3B4-SegmentedRaftLogWorker] INFO  segmented.SegmentedRaftLogWorker (SegmentedRaftLogWorker.java:run(313)) - f7c49c51-1121-4e1e-9c01-74e537549b8a@group-6769D5DCA3B4-SegmentedRaftLogWorker was interrupted, exiting. There are 0 tasks remaining in the queue.
2019-09-25 12:39:20,629 [ForkJoinPool.commonPool-worker-0] INFO  segmented.SegmentedRaftLogWorker (SegmentedRaftLogWorker.java:close(228)) - f7c49c51-1121-4e1e-9c01-74e537549b8a@group-6769D5DCA3B4-SegmentedRaftLogWorker close()
2019-09-25 12:39:20,630 [ForkJoinPool.commonPool-worker-0] INFO  impl.RaftServerImpl (RaftServerImpl.java:lambda$shutdown$3(251)) - f7c49c51-1121-4e1e-9c01-74e537549b8a@group-084541CB64FE: shutdown
2019-09-25 12:39:20,631 [ForkJoinPool.commonPool-worker-0] INFO  util.JmxRegister (JmxRegister.java:unregister(73)) - Successfully un-registered JMX Bean with object name Ratis:service=RaftServer,group=group-084541CB64FE,id=f7c49c51-1121-4e1e-9c01-74e537549b8a
2019-09-25 12:39:20,631 [ForkJoinPool.commonPool-worker-0] INFO  impl.RoleInfo (RoleInfo.java:shutdownLeaderState(104)) - f7c49c51-1121-4e1e-9c01-74e537549b8a: shutdown LeaderState
2019-09-25 12:39:20,631 [ForkJoinPool.commonPool-worker-0] INFO  impl.PendingRequests (PendingRequests.java:sendNotLeaderResponses(202)) - f7c49c51-1121-4e1e-9c01-74e537549b8a-PendingRequests: sendNotLeaderResponses
2019-09-25 12:39:20,632 [ForkJoinPool.commonPool-worker-0] INFO  impl.StateMachineUpdater (StateMachineUpdater.java:stopAndJoin(125)) - f7c49c51-1121-4e1e-9c01-74e537549b8a@group-084541CB64FE-StateMachineUpdater: set stopIndex = 0
2019-09-25 12:39:20,632 [ForkJoinPool.commonPool-worker-0] INFO  impl.RaftServerImpl (ServerState.java:close(385)) - f7c49c51-1121-4e1e-9c01-74e537549b8a@group-084541CB64FE: closes. applyIndex: 0
2019-09-25 12:39:20,632 [f7c49c51-1121-4e1e-9c01-74e537549b8a@group-084541CB64FE-SegmentedRaftLogWorker] INFO  segmented.SegmentedRaftLogWorker (SegmentedRaftLogWorker.java:run(313)) - f7c49c51-1121-4e1e-9c01-74e537549b8a@group-084541CB64FE-SegmentedRaftLogWorker was interrupted, exiting. There are 0 tasks remaining in the queue.
2019-09-25 12:39:20,632 [ForkJoinPool.commonPool-worker-0] INFO  segmented.SegmentedRaftLogWorker (SegmentedRaftLogWorker.java:close(228)) - f7c49c51-1121-4e1e-9c01-74e537549b8a@group-084541CB64FE-SegmentedRaftLogWorker close()
2019-09-25 12:39:20,634 [ForkJoinPool.commonPool-worker-0] INFO  impl.RaftServerImpl (RaftServerImpl.java:lambda$shutdown$3(251)) - f7c49c51-1121-4e1e-9c01-74e537549b8a@group-8ED170C45CF7: shutdown
2019-09-25 12:39:20,634 [ForkJoinPool.commonPool-worker-0] INFO  util.JmxRegister (JmxRegister.java:unregister(73)) - Successfully un-registered JMX Bean with object name Ratis:service=RaftServer,group=group-8ED170C45CF7,id=f7c49c51-1121-4e1e-9c01-74e537549b8a
2019-09-25 12:39:20,634 [ForkJoinPool.commonPool-worker-0] INFO  impl.RoleInfo (RoleInfo.java:shutdownLeaderState(104)) - f7c49c51-1121-4e1e-9c01-74e537549b8a: shutdown LeaderState
2019-09-25 12:39:20,635 [ForkJoinPool.commonPool-worker-0] INFO  impl.PendingRequests (PendingRequests.java:sendNotLeaderResponses(202)) - f7c49c51-1121-4e1e-9c01-74e537549b8a-PendingRequests: sendNotLeaderResponses
2019-09-25 12:39:20,635 [ForkJoinPool.commonPool-worker-0] INFO  impl.StateMachineUpdater (StateMachineUpdater.java:stopAndJoin(125)) - f7c49c51-1121-4e1e-9c01-74e537549b8a@group-8ED170C45CF7-StateMachineUpdater: set stopIndex = 0
2019-09-25 12:39:20,635 [ForkJoinPool.commonPool-worker-0] INFO  impl.RaftServerImpl (ServerState.java:close(385)) - f7c49c51-1121-4e1e-9c01-74e537549b8a@group-8ED170C45CF7: closes. applyIndex: 0
2019-09-25 12:39:20,636 [f7c49c51-1121-4e1e-9c01-74e537549b8a@group-8ED170C45CF7-SegmentedRaftLogWorker] INFO  segmented.SegmentedRaftLogWorker (SegmentedRaftLogWorker.java:run(313)) - f7c49c51-1121-4e1e-9c01-74e537549b8a@group-8ED170C45CF7-SegmentedRaftLogWorker was interrupted, exiting. There are 0 tasks remaining in the queue.
2019-09-25 12:39:20,636 [ForkJoinPool.commonPool-worker-0] INFO  segmented.SegmentedRaftLogWorker (SegmentedRaftLogWorker.java:close(228)) - f7c49c51-1121-4e1e-9c01-74e537549b8a@group-8ED170C45CF7-SegmentedRaftLogWorker close()
2019-09-25 12:39:20,637 [ForkJoinPool.commonPool-worker-0] INFO  impl.RaftServerImpl (RaftServerImpl.java:lambda$shutdown$3(251)) - f7c49c51-1121-4e1e-9c01-74e537549b8a@group-B98B028889D0: shutdown
2019-09-25 12:39:20,638 [ForkJoinPool.commonPool-worker-0] INFO  util.JmxRegister (JmxRegister.java:unregister(73)) - Successfully un-registered JMX Bean with object name Ratis:service=RaftServer,group=group-B98B028889D0,id=f7c49c51-1121-4e1e-9c01-74e537549b8a
2019-09-25 12:39:20,638 [ForkJoinPool.commonPool-worker-0] INFO  impl.RoleInfo (RoleInfo.java:shutdownLeaderState(104)) - f7c49c51-1121-4e1e-9c01-74e537549b8a: shutdown LeaderState
2019-09-25 12:39:20,638 [ForkJoinPool.commonPool-worker-0] INFO  impl.PendingRequests (PendingRequests.java:sendNotLeaderResponses(202)) - f7c49c51-1121-4e1e-9c01-74e537549b8a-PendingRequests: sendNotLeaderResponses
2019-09-25 12:39:20,639 [ForkJoinPool.commonPool-worker-0] INFO  impl.StateMachineUpdater (StateMachineUpdater.java:stopAndJoin(125)) - f7c49c51-1121-4e1e-9c01-74e537549b8a@group-B98B028889D0-StateMachineUpdater: set stopIndex = 0
2019-09-25 12:39:20,639 [ForkJoinPool.commonPool-worker-0] INFO  impl.RaftServerImpl (ServerState.java:close(385)) - f7c49c51-1121-4e1e-9c01-74e537549b8a@group-B98B028889D0: closes. applyIndex: 0
2019-09-25 12:39:20,639 [f7c49c51-1121-4e1e-9c01-74e537549b8a@group-B98B028889D0-SegmentedRaftLogWorker] INFO  segmented.SegmentedRaftLogWorker (SegmentedRaftLogWorker.java:run(313)) - f7c49c51-1121-4e1e-9c01-74e537549b8a@group-B98B028889D0-SegmentedRaftLogWorker was interrupted, exiting. There are 0 tasks remaining in the queue.
2019-09-25 12:39:20,640 [ForkJoinPool.commonPool-worker-0] INFO  segmented.SegmentedRaftLogWorker (SegmentedRaftLogWorker.java:close(228)) - f7c49c51-1121-4e1e-9c01-74e537549b8a@group-B98B028889D0-SegmentedRaftLogWorker close()
2019-09-25 12:39:20,641 [ForkJoinPool.commonPool-worker-0] INFO  server.GrpcService (GrpcService.java:closeImpl(164)) - f7c49c51-1121-4e1e-9c01-74e537549b8a: shutdown server with port 37391 now
2019-09-25 12:39:20,643 [ForkJoinPool.commonPool-worker-0] INFO  server.GrpcService (GrpcService.java:closeImpl(172)) - f7c49c51-1121-4e1e-9c01-74e537549b8a: shutdown server with port 37391 successfully
2019-09-25 12:39:20,645 [refreshUsed-/workdir/hadoop-ozone/integration-test/target/test-dir/MiniOzoneClusterImpl-d0ff48dc-faee-44ca-8dcc-f269a7262391/datanode-2/data/containers] WARN  fs.CachingGetSpaceUsed (CachingGetSpaceUsed.java:run(183)) - Thread Interrupted waiting to refresh disk information: sleep interrupted
2019-09-25 12:39:20,665 [ForkJoinPool.commonPool-worker-0] INFO  utils.BackgroundService (BackgroundService.java:shutdown(148)) - Shutting down service BlockDeletingService
2019-09-25 12:39:20,668 [ForkJoinPool.commonPool-worker-0] INFO  statemachine.DatanodeStateMachine (DatanodeStateMachine.java:stopDaemon(395)) - Ozone container server stopped.
2019-09-25 12:39:20,683 [ForkJoinPool.commonPool-worker-0] INFO  handler.ContextHandler (ContextHandler.java:doStop(910)) - Stopped o.e.j.w.WebAppContext@135a8c6f{/,null,UNAVAILABLE}{/hddsDatanode}
2019-09-25 12:39:20,684 [ForkJoinPool.commonPool-worker-0] INFO  server.AbstractConnector (AbstractConnector.java:doStop(318)) - Stopped ServerConnector@6419a0e1{HTTP/1.1,[http/1.1]}{0.0.0.0:0}
2019-09-25 12:39:20,685 [ForkJoinPool.commonPool-worker-0] INFO  handler.ContextHandler (ContextHandler.java:doStop(910)) - Stopped o.e.j.s.ServletContextHandler@38830ea{/static,jar:file:/home/user/.m2/repository/org/apache/hadoop/hadoop-hdds-container-service/0.5.0-SNAPSHOT/hadoop-hdds-container-service-0.5.0-SNAPSHOT.jar!/webapps/static,UNAVAILABLE}
2019-09-25 12:39:20,687 [ForkJoinPool.commonPool-worker-0] INFO  handler.ContextHandler (ContextHandler.java:doStop(910)) - Stopped o.e.j.s.ServletContextHandler@43984213{/logs,file:///workdir/hadoop-ozone/integration-test/target/log,UNAVAILABLE}
2019-09-25 12:39:20,687 [main] INFO  ozone.MiniOzoneClusterImpl (MiniOzoneClusterImpl.java:stopSCM(392)) - Stopping the StorageContainerManager
2019-09-25 12:39:20,688 [main] INFO  server.StorageContainerManager (StorageContainerManager.java:stop(808)) - Stopping Replication Manager Service.
2019-09-25 12:39:20,688 [main] INFO  container.ReplicationManager (ReplicationManager.java:stop(204)) - Stopping Replication Monitor Thread.
2019-09-25 12:39:20,688 [main] INFO  server.StorageContainerManager (StorageContainerManager.java:stop(815)) - Stopping Lease Manager of the command watchers
2019-09-25 12:39:20,688 [main] INFO  server.StorageContainerManager (StorageContainerManager.java:stop(822)) - Stopping datanode service RPC server
2019-09-25 12:39:20,689 [main] INFO  server.SCMDatanodeProtocolServer (SCMDatanodeProtocolServer.java:stop(367)) - Stopping the RPC server for DataNodes
2019-09-25 12:39:20,689 [main] INFO  ipc.Server (Server.java:stop(3082)) - Stopping server on 40649
2019-09-25 12:39:20,691 [IPC Server listener on 40649] INFO  ipc.Server (Server.java:run(1185)) - Stopping IPC Server listener on 40649
2019-09-25 12:39:20,691 [IPC Server Responder] INFO  ipc.Server (Server.java:run(1319)) - Stopping IPC Server Responder
2019-09-25 12:39:20,767 [SCM Heartbeat Processing Thread - 0] WARN  node.NodeStateManager (NodeStateManager.java:scheduleNextHealthCheck(655)) - Current Thread is interrupted, shutting down HB processing thread for Node Manager.
2019-09-25 12:39:20,768 [main] INFO  server.StorageContainerManager (StorageContainerManager.java:stop(830)) - Stopping block service RPC server
2019-09-25 12:39:20,768 [main] INFO  server.SCMBlockProtocolServer (SCMBlockProtocolServer.java:stop(155)) - Stopping the RPC server for Block Protocol
2019-09-25 12:39:20,768 [main] INFO  ipc.Server (Server.java:stop(3082)) - Stopping server on 41423
2019-09-25 12:39:20,770 [IPC Server listener on 41423] INFO  ipc.Server (Server.java:run(1185)) - Stopping IPC Server listener on 41423
2019-09-25 12:39:20,770 [IPC Server Responder] INFO  ipc.Server (Server.java:run(1319)) - Stopping IPC Server Responder
2019-09-25 12:39:20,770 [main] INFO  server.StorageContainerManager (StorageContainerManager.java:stop(837)) - Stopping the StorageContainerLocationProtocol RPC server
2019-09-25 12:39:20,772 [main] INFO  server.SCMClientProtocolServer (SCMClientProtocolServer.java:stop(159)) - Stopping the RPC server for Client Protocol
2019-09-25 12:39:20,772 [main] INFO  ipc.Server (Server.java:stop(3082)) - Stopping server on 45302
2019-09-25 12:39:20,774 [IPC Server listener on 45302] INFO  ipc.Server (Server.java:run(1185)) - Stopping IPC Server listener on 45302
2019-09-25 12:39:20,774 [main] INFO  server.StorageContainerManager (StorageContainerManager.java:stop(844)) - Stopping Storage Container Manager HTTP server.
2019-09-25 12:39:20,774 [IPC Server Responder] INFO  ipc.Server (Server.java:run(1319)) - Stopping IPC Server Responder
2019-09-25 12:39:20,777 [main] INFO  handler.ContextHandler (ContextHandler.java:doStop(910)) - Stopped o.e.j.w.WebAppContext@3662bdff{/,null,UNAVAILABLE}{/scm}
2019-09-25 12:39:20,778 [main] INFO  server.AbstractConnector (AbstractConnector.java:doStop(318)) - Stopped ServerConnector@1bb15351{HTTP/1.1,[http/1.1]}{0.0.0.0:0}
2019-09-25 12:39:20,778 [main] INFO  handler.ContextHandler (ContextHandler.java:doStop(910)) - Stopped o.e.j.s.ServletContextHandler@5c83ae01{/static,file:///workdir/hadoop-ozone/integration-test/target/test-classes/webapps/static,UNAVAILABLE}
2019-09-25 12:39:20,779 [main] INFO  handler.ContextHandler (ContextHandler.java:doStop(910)) - Stopped o.e.j.s.ServletContextHandler@4190bc8a{/logs,file:///workdir/hadoop-ozone/integration-test/target/log,UNAVAILABLE}
2019-09-25 12:39:20,779 [main] INFO  server.StorageContainerManager (StorageContainerManager.java:stop(855)) - Stopping Block Manager Service.
2019-09-25 12:39:20,780 [main] INFO  utils.BackgroundService (BackgroundService.java:shutdown(148)) - Shutting down service SCMBlockDeletingService
2019-09-25 12:39:20,780 [main] INFO  utils.BackgroundService (BackgroundService.java:shutdown(148)) - Shutting down service SCMBlockDeletingService
2019-09-25 12:39:20,781 [main] INFO  server.StorageContainerManager (StorageContainerManager.java:stop(877)) - Stopping SCM Event Queue.
2019-09-25 12:39:20,785 [main] INFO  impl.MetricsSystemImpl (MetricsSystemImpl.java:stop(210)) - Stopping HddsDatanode metrics system...
2019-09-25 12:39:20,794 [main] INFO  impl.MetricsSystemImpl (MetricsSystemImpl.java:stop(216)) - HddsDatanode metrics system stopped.
]]></system-out>
  </testcase>
  <testcase name="testPipelineCloseWithLogFailure" classname="org.apache.hadoop.hdds.scm.pipeline.TestPipelineClose" time="16.479">
    <error message="Could not allocate container. Cannot get any matching pipeline for Type:RATIS, Factor:THREE, State:PipelineState.OPEN" type="java.io.IOException">java.io.IOException: Could not allocate container. Cannot get any matching pipeline for Type:RATIS, Factor:THREE, State:PipelineState.OPEN
	at org.apache.hadoop.hdds.scm.container.ContainerStateManager.allocateContainer(ContainerStateManager.java:260)
	at org.apache.hadoop.hdds.scm.container.SCMContainerManager.allocateContainer(SCMContainerManager.java:247)
	at org.apache.hadoop.hdds.scm.pipeline.TestPipelineClose.init(TestPipelineClose.java:92)
	at sun.reflect.NativeMethodAccessorImpl.invoke0(Native Method)
	at sun.reflect.NativeMethodAccessorImpl.invoke(NativeMethodAccessorImpl.java:62)
	at sun.reflect.DelegatingMethodAccessorImpl.invoke(DelegatingMethodAccessorImpl.java:43)
	at java.lang.reflect.Method.invoke(Method.java:498)
	at org.junit.runners.model.FrameworkMethod$1.runReflectiveCall(FrameworkMethod.java:47)
	at org.junit.internal.runners.model.ReflectiveCallable.run(ReflectiveCallable.java:12)
	at org.junit.runners.model.FrameworkMethod.invokeExplosively(FrameworkMethod.java:44)
	at org.junit.internal.runners.statements.RunBefores.evaluate(RunBefores.java:24)
	at org.junit.internal.runners.statements.RunAfters.evaluate(RunAfters.java:27)
	at org.junit.runners.ParentRunner.runLeaf(ParentRunner.java:271)
	at org.junit.runners.BlockJUnit4ClassRunner.runChild(BlockJUnit4ClassRunner.java:70)
	at org.junit.runners.BlockJUnit4ClassRunner.runChild(BlockJUnit4ClassRunner.java:50)
	at org.junit.runners.ParentRunner$3.run(ParentRunner.java:238)
	at org.junit.runners.ParentRunner$1.schedule(ParentRunner.java:63)
	at org.junit.runners.ParentRunner.runChildren(ParentRunner.java:236)
	at org.junit.runners.ParentRunner.access$000(ParentRunner.java:53)
	at org.junit.runners.ParentRunner$2.evaluate(ParentRunner.java:229)
	at org.junit.runners.ParentRunner.run(ParentRunner.java:309)
	at org.apache.maven.surefire.junit4.JUnit4Provider.execute(JUnit4Provider.java:365)
	at org.apache.maven.surefire.junit4.JUnit4Provider.executeWithRerun(JUnit4Provider.java:273)
	at org.apache.maven.surefire.junit4.JUnit4Provider.executeTestSet(JUnit4Provider.java:238)
	at org.apache.maven.surefire.junit4.JUnit4Provider.invoke(JUnit4Provider.java:159)
	at org.apache.maven.surefire.booter.ForkedBooter.invokeProviderInSameClassLoader(ForkedBooter.java:384)
	at org.apache.maven.surefire.booter.ForkedBooter.runSuitesInProcess(ForkedBooter.java:345)
	at org.apache.maven.surefire.booter.ForkedBooter.execute(ForkedBooter.java:126)
	at org.apache.maven.surefire.booter.ForkedBooter.main(ForkedBooter.java:418)
</error>
    <system-out><![CDATA[2019-09-25 12:39:20,834 [main] WARN  server.ServerUtils (ServerUtils.java:getScmDbDir(145)) - ozone.scm.db.dirs is not configured. We recommend adding this setting. Falling back to ozone.metadata.dirs instead.
2019-09-25 12:39:20,849 [main] WARN  server.ServerUtils (ServerUtils.java:getScmDbDir(145)) - ozone.scm.db.dirs is not configured. We recommend adding this setting. Falling back to ozone.metadata.dirs instead.
2019-09-25 12:39:20,849 [main] WARN  server.ServerUtils (ServerUtils.java:getScmDbDir(145)) - ozone.scm.db.dirs is not configured. We recommend adding this setting. Falling back to ozone.metadata.dirs instead.
2019-09-25 12:39:20,850 [main] INFO  db.DBStoreBuilder (DBStoreBuilder.java:addTable(110)) - using custom profile for table: deletedBlocks
2019-09-25 12:39:20,850 [main] INFO  db.DBStoreBuilder (DBStoreBuilder.java:processTables(161)) - Using default column profile:DBProfile.DISK for Table:deletedBlocks
2019-09-25 12:39:20,850 [main] INFO  db.DBStoreBuilder (DBStoreBuilder.java:addTable(110)) - using custom profile for table: validCerts
2019-09-25 12:39:20,850 [main] INFO  db.DBStoreBuilder (DBStoreBuilder.java:processTables(161)) - Using default column profile:DBProfile.DISK for Table:validCerts
2019-09-25 12:39:20,851 [main] INFO  db.DBStoreBuilder (DBStoreBuilder.java:addTable(110)) - using custom profile for table: revokedCerts
2019-09-25 12:39:20,851 [main] INFO  db.DBStoreBuilder (DBStoreBuilder.java:processTables(161)) - Using default column profile:DBProfile.DISK for Table:revokedCerts
2019-09-25 12:39:20,851 [main] INFO  db.DBStoreBuilder (DBStoreBuilder.java:addTable(110)) - using custom profile for table: default
2019-09-25 12:39:20,851 [main] INFO  db.DBStoreBuilder (DBStoreBuilder.java:processTables(167)) - Using default column profile:DBProfile.DISK for Table:default
2019-09-25 12:39:20,851 [main] INFO  db.DBStoreBuilder (DBStoreBuilder.java:getDbProfile(198)) - Using default options. DBProfile.DISK
2019-09-25 12:39:21,022 [main] INFO  net.NodeSchemaLoader (NodeSchemaLoader.java:loadSchemaFromFile(125)) - Loading file from sun.misc.CompoundEnumeration@4462efe1
2019-09-25 12:39:21,023 [main] INFO  net.NodeSchemaLoader (NodeSchemaLoader.java:loadSchema(171)) - Loading network topology layer schema file
2019-09-25 12:39:21,028 [main] WARN  server.ServerUtils (ServerUtils.java:sanitizeUserArgs(70)) - ozone.scm.stale.node.interval value = 300000 is larger than max = 100000 based on the key value of ozone.scm.heartbeat.thread.interval, reset to the max value 100000.
2019-09-25 12:39:21,028 [main] WARN  server.ServerUtils (ServerUtils.java:sanitizeUserArgs(70)) - ozone.scm.stale.node.interval value = 300000 is larger than max = 100000 based on the key value of ozone.scm.heartbeat.thread.interval, reset to the max value 100000.
2019-09-25 12:39:21,029 [main] INFO  node.SCMNodeManager (SCMNodeManager.java:<init>(114)) - Entering startup safe mode.
2019-09-25 12:39:21,030 [main] INFO  algorithms.ContainerPlacementPolicyFactory (ContainerPlacementPolicyFactory.java:getPolicy(59)) - Create container placement policy of type org.apache.hadoop.hdds.scm.container.placement.algorithms.SCMContainerPlacementRandom
2019-09-25 12:39:21,030 [main] WARN  server.ServerUtils (ServerUtils.java:getScmDbDir(145)) - ozone.scm.db.dirs is not configured. We recommend adding this setting. Falling back to ozone.metadata.dirs instead.
2019-09-25 12:39:21,054 [main] INFO  pipeline.SCMPipelineManager (SCMPipelineManager.java:initializePipelineState(132)) - No pipeline exists in current db
2019-09-25 12:39:21,055 [main] WARN  server.ServerUtils (ServerUtils.java:getScmDbDir(145)) - ozone.scm.db.dirs is not configured. We recommend adding this setting. Falling back to ozone.metadata.dirs instead.
2019-09-25 12:39:21,110 [main] WARN  events.EventQueue (EventQueue.java:fireEvent(183)) - No event handler registered for event TypedEvent{payloadType=SafeModeStatus, name='SafeModeStatus'}
2019-09-25 12:39:21,111 [main] INFO  ipc.CallQueueManager (CallQueueManager.java:<init>(84)) - Using callQueue: class java.util.concurrent.LinkedBlockingQueue, queueCapacity: 2000, scheduler: class org.apache.hadoop.ipc.DefaultRpcScheduler, ipcBackoff: false.
2019-09-25 12:39:21,113 [Socket Reader #1 for port 39336] INFO  ipc.Server (Server.java:run(1074)) - Starting Socket Reader #1 for port 39336
2019-09-25 12:39:21,115 [main] INFO  ipc.CallQueueManager (CallQueueManager.java:<init>(84)) - Using callQueue: class java.util.concurrent.LinkedBlockingQueue, queueCapacity: 2000, scheduler: class org.apache.hadoop.ipc.DefaultRpcScheduler, ipcBackoff: false.
2019-09-25 12:39:21,116 [Socket Reader #1 for port 46063] INFO  ipc.Server (Server.java:run(1074)) - Starting Socket Reader #1 for port 46063
2019-09-25 12:39:21,117 [main] INFO  ipc.CallQueueManager (CallQueueManager.java:<init>(84)) - Using callQueue: class java.util.concurrent.LinkedBlockingQueue, queueCapacity: 2000, scheduler: class org.apache.hadoop.ipc.DefaultRpcScheduler, ipcBackoff: false.
2019-09-25 12:39:21,118 [Socket Reader #1 for port 33807] INFO  ipc.Server (Server.java:run(1074)) - Starting Socket Reader #1 for port 33807
2019-09-25 12:39:21,122 [main] INFO  hdfs.DFSUtil (DFSUtil.java:httpServerTemplateForNNAndJN(1641)) - Starting Web-server for scm at: http://0.0.0.0:0
2019-09-25 12:39:21,125 [main] INFO  server.AuthenticationFilter (AuthenticationFilter.java:constructSecretProvider(240)) - Unable to initialize FileSignerSecretProvider, falling back to use random secrets.
2019-09-25 12:39:21,126 [main] WARN  http.HttpRequestLog (HttpRequestLog.java:getRequestLog(97)) - Jetty request log can only be enabled using Log4j
2019-09-25 12:39:21,128 [main] INFO  http.HttpServer2 (HttpServer2.java:addGlobalFilter(975)) - Added global filter 'safety' (class=org.apache.hadoop.http.HttpServer2$QuotingInputFilter)
2019-09-25 12:39:21,130 [main] INFO  http.HttpServer2 (HttpServer2.java:addFilter(948)) - Added filter static_user_filter (class=org.apache.hadoop.http.lib.StaticUserWebFilter$StaticUserFilter) to context scm
2019-09-25 12:39:21,130 [main] INFO  http.HttpServer2 (HttpServer2.java:addFilter(958)) - Added filter static_user_filter (class=org.apache.hadoop.http.lib.StaticUserWebFilter$StaticUserFilter) to context static
2019-09-25 12:39:21,131 [main] INFO  http.HttpServer2 (HttpServer2.java:addFilter(958)) - Added filter static_user_filter (class=org.apache.hadoop.http.lib.StaticUserWebFilter$StaticUserFilter) to context logs
2019-09-25 12:39:21,133 [main] INFO  server.StorageContainerManager (StorageContainerManager.java:start(770)) - StorageContainerLocationProtocol RPC server is listening at /0.0.0.0:33807
2019-09-25 12:39:21,136 [main] WARN  impl.MetricsConfig (MetricsConfig.java:loadFirst(134)) - Cannot locate configuration: tried hadoop-metrics2-storagecontainermanager.properties,hadoop-metrics2.properties
2019-09-25 12:39:21,140 [main] INFO  impl.MetricsSystemImpl (MetricsSystemImpl.java:startTimer(374)) - Scheduled Metric snapshot period at 10 second(s).
2019-09-25 12:39:21,140 [main] INFO  impl.MetricsSystemImpl (MetricsSystemImpl.java:start(191)) - StorageContainerManager metrics system started
2019-09-25 12:39:21,164 [main] WARN  impl.MetricsSystemImpl (MetricsSystemImpl.java:register(276)) - Sink prometheus already exists!
2019-09-25 12:39:21,205 [main] INFO  server.SCMClientProtocolServer (SCMClientProtocolServer.java:start(151)) - RPC server for Client  is listening at /0.0.0.0:33807
2019-09-25 12:39:21,206 [IPC Server Responder] INFO  ipc.Server (Server.java:run(1314)) - IPC Server Responder: starting
2019-09-25 12:39:21,206 [IPC Server listener on 33807] INFO  ipc.Server (Server.java:run(1153)) - IPC Server listener on 33807: starting
2019-09-25 12:39:21,210 [main] INFO  server.StorageContainerManager (StorageContainerManager.java:start(780)) - ScmBlockLocationProtocol RPC server is listening at /0.0.0.0:46063
2019-09-25 12:39:21,211 [main] INFO  server.SCMBlockProtocolServer (SCMBlockProtocolServer.java:start(146)) - RPC server for Block Protocol is listening at /0.0.0.0:46063
2019-09-25 12:39:21,211 [IPC Server Responder] INFO  ipc.Server (Server.java:run(1314)) - IPC Server Responder: starting
2019-09-25 12:39:21,211 [IPC Server listener on 46063] INFO  ipc.Server (Server.java:run(1153)) - IPC Server listener on 46063: starting
2019-09-25 12:39:21,215 [main] INFO  server.StorageContainerManager (StorageContainerManager.java:start(784)) - ScmDatanodeProtocl RPC server is listening at /0.0.0.0:39336
2019-09-25 12:39:21,216 [main] INFO  server.SCMDatanodeProtocolServer (SCMDatanodeProtocolServer.java:start(191)) - RPC server for DataNodes is listening at /0.0.0.0:39336
2019-09-25 12:39:21,216 [IPC Server Responder] INFO  ipc.Server (Server.java:run(1314)) - IPC Server Responder: starting
2019-09-25 12:39:21,216 [IPC Server listener on 39336] INFO  ipc.Server (Server.java:run(1153)) - IPC Server listener on 39336: starting
2019-09-25 12:39:21,220 [main] INFO  http.HttpServer2 (HttpServer2.java:bindListener(1191)) - Jetty bound to port 45706
2019-09-25 12:39:21,221 [main] INFO  server.Server (Server.java:doStart(351)) - jetty-9.3.25.v20180904, build timestamp: 2018-09-04T21:11:46Z, git hash: 3ce520221d0240229c862b122d2b06c12a625732
2019-09-25 12:39:21,223 [main] INFO  handler.ContextHandler (ContextHandler.java:doStart(781)) - Started o.e.j.s.ServletContextHandler@66933239{/logs,file:///workdir/hadoop-ozone/integration-test/target/log,AVAILABLE}
2019-09-25 12:39:21,224 [main] INFO  handler.ContextHandler (ContextHandler.java:doStart(781)) - Started o.e.j.s.ServletContextHandler@41ad373{/static,file:///workdir/hadoop-ozone/integration-test/target/test-classes/webapps/static,AVAILABLE}
2019-09-25 12:39:21,229 [main] INFO  handler.ContextHandler (ContextHandler.java:doStart(781)) - Started o.e.j.w.WebAppContext@97a145b{/,file:///workdir/hadoop-ozone/integration-test/target/test-classes/webapps/scm/,AVAILABLE}{/scm}
2019-09-25 12:39:21,230 [main] INFO  server.AbstractConnector (AbstractConnector.java:doStart(278)) - Started ServerConnector@c386958{HTTP/1.1,[http/1.1]}{0.0.0.0:45706}
2019-09-25 12:39:21,231 [main] INFO  server.Server (Server.java:doStart(419)) - Started @55614ms
2019-09-25 12:39:21,231 [main] WARN  impl.MetricsSystemImpl (MetricsSystemImpl.java:register(276)) - Sink prometheus already exists!
2019-09-25 12:39:21,232 [main] INFO  server.BaseHttpServer (BaseHttpServer.java:updateConnectorAddress(215)) - HTTP server of SCM is listening at http://0.0.0.0:45706
2019-09-25 12:39:21,232 [main] WARN  server.ServerUtils (ServerUtils.java:getDBPath(222)) - ozone.om.db.dirs is not configured. We recommend adding this setting. Falling back to ozone.metadata.dirs instead.
2019-09-25 12:39:21,232 [org.apache.hadoop.util.JvmPauseMonitor$Monitor@44d64d4e] INFO  util.JvmPauseMonitor (JvmPauseMonitor.java:run(188)) - Starting JVM pause monitor
2019-09-25 12:39:21,248 [main] WARN  server.ServerUtils (ServerUtils.java:getDBPath(222)) - ozone.om.db.dirs is not configured. We recommend adding this setting. Falling back to ozone.metadata.dirs instead.
2019-09-25 12:39:21,248 [main] WARN  server.ServerUtils (ServerUtils.java:getDBPath(222)) - ozone.om.db.dirs is not configured. We recommend adding this setting. Falling back to ozone.metadata.dirs instead.
2019-09-25 12:39:21,249 [main] INFO  om.OzoneManager (OzoneManager.java:setOMNodeDetails(652)) - OM Service ID is not set. Setting it to the default ID: omServiceIdDefault
2019-09-25 12:39:21,249 [main] INFO  om.OzoneManager (OzoneManager.java:setOMNodeDetails(658)) - OM Node ID is not set. Setting it to the OmStorage's OmID: c917979f-4906-4910-90a2-89a9ee2f7dfb
2019-09-25 12:39:21,249 [main] INFO  om.OzoneManager (OzoneManager.java:loadOMHAConfigs(609)) - Found matching OM address with OMServiceId: null, OMNodeId: null, RPC Address: localhost:0 and Ratis port: 9872
2019-09-25 12:39:21,256 [main] WARN  server.ServerUtils (ServerUtils.java:getDBPath(222)) - ozone.om.db.dirs is not configured. We recommend adding this setting. Falling back to ozone.metadata.dirs instead.
2019-09-25 12:39:21,256 [main] INFO  db.DBStoreBuilder (DBStoreBuilder.java:addTable(110)) - using custom profile for table: userTable
2019-09-25 12:39:21,256 [main] INFO  db.DBStoreBuilder (DBStoreBuilder.java:processTables(161)) - Using default column profile:DBProfile.DISK for Table:userTable
2019-09-25 12:39:21,257 [main] INFO  db.DBStoreBuilder (DBStoreBuilder.java:addTable(110)) - using custom profile for table: volumeTable
2019-09-25 12:39:21,257 [main] INFO  db.DBStoreBuilder (DBStoreBuilder.java:processTables(161)) - Using default column profile:DBProfile.DISK for Table:volumeTable
2019-09-25 12:39:21,257 [main] INFO  db.DBStoreBuilder (DBStoreBuilder.java:addTable(110)) - using custom profile for table: bucketTable
2019-09-25 12:39:21,257 [main] INFO  db.DBStoreBuilder (DBStoreBuilder.java:processTables(161)) - Using default column profile:DBProfile.DISK for Table:bucketTable
2019-09-25 12:39:21,257 [main] INFO  db.DBStoreBuilder (DBStoreBuilder.java:addTable(110)) - using custom profile for table: keyTable
2019-09-25 12:39:21,258 [main] INFO  db.DBStoreBuilder (DBStoreBuilder.java:processTables(161)) - Using default column profile:DBProfile.DISK for Table:keyTable
2019-09-25 12:39:21,258 [main] INFO  db.DBStoreBuilder (DBStoreBuilder.java:addTable(110)) - using custom profile for table: deletedTable
2019-09-25 12:39:21,258 [main] INFO  db.DBStoreBuilder (DBStoreBuilder.java:processTables(161)) - Using default column profile:DBProfile.DISK for Table:deletedTable
2019-09-25 12:39:21,258 [main] INFO  db.DBStoreBuilder (DBStoreBuilder.java:addTable(110)) - using custom profile for table: openKeyTable
2019-09-25 12:39:21,258 [main] INFO  db.DBStoreBuilder (DBStoreBuilder.java:processTables(161)) - Using default column profile:DBProfile.DISK for Table:openKeyTable
2019-09-25 12:39:21,258 [main] INFO  db.DBStoreBuilder (DBStoreBuilder.java:addTable(110)) - using custom profile for table: s3Table
2019-09-25 12:39:21,259 [main] INFO  db.DBStoreBuilder (DBStoreBuilder.java:processTables(161)) - Using default column profile:DBProfile.DISK for Table:s3Table
2019-09-25 12:39:21,259 [main] INFO  db.DBStoreBuilder (DBStoreBuilder.java:addTable(110)) - using custom profile for table: multipartInfoTable
2019-09-25 12:39:21,259 [main] INFO  db.DBStoreBuilder (DBStoreBuilder.java:processTables(161)) - Using default column profile:DBProfile.DISK for Table:multipartInfoTable
2019-09-25 12:39:21,259 [main] INFO  db.DBStoreBuilder (DBStoreBuilder.java:addTable(110)) - using custom profile for table: dTokenTable
2019-09-25 12:39:21,259 [main] INFO  db.DBStoreBuilder (DBStoreBuilder.java:processTables(161)) - Using default column profile:DBProfile.DISK for Table:dTokenTable
2019-09-25 12:39:21,260 [main] INFO  db.DBStoreBuilder (DBStoreBuilder.java:addTable(110)) - using custom profile for table: s3SecretTable
2019-09-25 12:39:21,260 [main] INFO  db.DBStoreBuilder (DBStoreBuilder.java:processTables(161)) - Using default column profile:DBProfile.DISK for Table:s3SecretTable
2019-09-25 12:39:21,260 [main] INFO  db.DBStoreBuilder (DBStoreBuilder.java:addTable(110)) - using custom profile for table: prefixTable
2019-09-25 12:39:21,260 [main] INFO  db.DBStoreBuilder (DBStoreBuilder.java:processTables(161)) - Using default column profile:DBProfile.DISK for Table:prefixTable
2019-09-25 12:39:21,260 [main] INFO  db.DBStoreBuilder (DBStoreBuilder.java:addTable(110)) - using custom profile for table: default
2019-09-25 12:39:21,260 [main] INFO  db.DBStoreBuilder (DBStoreBuilder.java:processTables(167)) - Using default column profile:DBProfile.DISK for Table:default
2019-09-25 12:39:21,261 [main] INFO  db.DBStoreBuilder (DBStoreBuilder.java:getDbProfile(198)) - Using default options. DBProfile.DISK
2019-09-25 12:39:21,758 [main] INFO  ipc.CallQueueManager (CallQueueManager.java:<init>(84)) - Using callQueue: class java.util.concurrent.LinkedBlockingQueue, queueCapacity: 2000, scheduler: class org.apache.hadoop.ipc.DefaultRpcScheduler, ipcBackoff: false.
2019-09-25 12:39:21,759 [Socket Reader #1 for port 44005] INFO  ipc.Server (Server.java:run(1074)) - Starting Socket Reader #1 for port 44005
2019-09-25 12:39:21,778 [main] INFO  om.OzoneManager (OzoneManager.java:start(1243)) - OzoneManager RPC server is listening at localhost/127.0.0.1:44005
2019-09-25 12:39:21,778 [main] INFO  impl.MetricsSystemImpl (MetricsSystemImpl.java:init(158)) - OzoneManager metrics system started (again)
2019-09-25 12:39:21,779 [IPC Server listener on 44005] INFO  ipc.Server (Server.java:run(1153)) - IPC Server listener on 44005: starting
2019-09-25 12:39:21,779 [IPC Server Responder] INFO  ipc.Server (Server.java:run(1314)) - IPC Server Responder: starting
2019-09-25 12:39:21,784 [main] INFO  hdfs.DFSUtil (DFSUtil.java:httpServerTemplateForNNAndJN(1641)) - Starting Web-server for ozoneManager at: http://0.0.0.0:0
2019-09-25 12:39:21,786 [main] INFO  server.AuthenticationFilter (AuthenticationFilter.java:constructSecretProvider(240)) - Unable to initialize FileSignerSecretProvider, falling back to use random secrets.
2019-09-25 12:39:21,786 [main] WARN  http.HttpRequestLog (HttpRequestLog.java:getRequestLog(97)) - Jetty request log can only be enabled using Log4j
2019-09-25 12:39:21,789 [main] INFO  http.HttpServer2 (HttpServer2.java:addGlobalFilter(975)) - Added global filter 'safety' (class=org.apache.hadoop.http.HttpServer2$QuotingInputFilter)
2019-09-25 12:39:21,790 [main] INFO  http.HttpServer2 (HttpServer2.java:addFilter(948)) - Added filter static_user_filter (class=org.apache.hadoop.http.lib.StaticUserWebFilter$StaticUserFilter) to context ozoneManager
2019-09-25 12:39:21,790 [main] INFO  http.HttpServer2 (HttpServer2.java:addFilter(958)) - Added filter static_user_filter (class=org.apache.hadoop.http.lib.StaticUserWebFilter$StaticUserFilter) to context logs
2019-09-25 12:39:21,790 [main] INFO  http.HttpServer2 (HttpServer2.java:addFilter(958)) - Added filter static_user_filter (class=org.apache.hadoop.http.lib.StaticUserWebFilter$StaticUserFilter) to context static
2019-09-25 12:39:21,792 [main] INFO  http.HttpServer2 (HttpServer2.java:bindListener(1191)) - Jetty bound to port 40340
2019-09-25 12:39:21,792 [main] INFO  server.Server (Server.java:doStart(351)) - jetty-9.3.25.v20180904, build timestamp: 2018-09-04T21:11:46Z, git hash: 3ce520221d0240229c862b122d2b06c12a625732
2019-09-25 12:39:21,794 [main] INFO  handler.ContextHandler (ContextHandler.java:doStart(781)) - Started o.e.j.s.ServletContextHandler@5d1e0fbb{/logs,file:///workdir/hadoop-ozone/integration-test/target/log,AVAILABLE}
2019-09-25 12:39:21,795 [main] INFO  handler.ContextHandler (ContextHandler.java:doStart(781)) - Started o.e.j.s.ServletContextHandler@9b76b60{/static,file:///workdir/hadoop-ozone/integration-test/target/test-classes/webapps/static,AVAILABLE}
2019-09-25 12:39:21,800 [main] INFO  handler.ContextHandler (ContextHandler.java:doStart(781)) - Started o.e.j.w.WebAppContext@30839e44{/,file:///workdir/hadoop-ozone/integration-test/target/test-classes/webapps/ozoneManager/,AVAILABLE}{/ozoneManager}
2019-09-25 12:39:21,801 [main] INFO  server.AbstractConnector (AbstractConnector.java:doStart(278)) - Started ServerConnector@5f174dd2{HTTP/1.1,[http/1.1]}{0.0.0.0:40340}
2019-09-25 12:39:21,802 [main] INFO  server.Server (Server.java:doStart(419)) - Started @56185ms
2019-09-25 12:39:21,802 [main] WARN  impl.MetricsSystemImpl (MetricsSystemImpl.java:register(276)) - Sink prometheus already exists!
2019-09-25 12:39:21,803 [main] INFO  server.BaseHttpServer (BaseHttpServer.java:updateConnectorAddress(215)) - HTTP server of OZONEMANAGER is listening at http://0.0.0.0:40340
2019-09-25 12:39:21,814 [main] INFO  impl.MetricsSystemImpl (MetricsSystemImpl.java:init(158)) - HddsDatanode metrics system started (again)
2019-09-25 12:39:21,817 [main] INFO  ozone.HddsDatanodeService (HddsDatanodeService.java:start(184)) - HddsDatanodeService host:pr-hdds-1569-shd4m-3693607622 ip:192.168.151.73
2019-09-25 12:39:21,824 [main] INFO  volume.HddsVolume (HddsVolume.java:<init>(176)) - Creating Volume: /workdir/hadoop-ozone/integration-test/target/test-dir/MiniOzoneClusterImpl-12653923-402e-414c-9497-4da48b930a89/datanode-0/data/containers/hdds of  storage type : DISK and capacity : 1482555576320
2019-09-25 12:39:21,824 [main] INFO  volume.VolumeSet (VolumeSet.java:initializeVolumeSet(170)) - Added Volume : /workdir/hadoop-ozone/integration-test/target/test-dir/MiniOzoneClusterImpl-12653923-402e-414c-9497-4da48b930a89/datanode-0/data/containers/hdds to VolumeSet
2019-09-25 12:39:21,824 [main] INFO  volume.ThrottledAsyncChecker (ThrottledAsyncChecker.java:schedule(139)) - Scheduling a check for org.apache.hadoop.ozone.container.common.volume.HddsVolume@48e8c32a
2019-09-25 12:39:21,825 [main] INFO  volume.HddsVolumeChecker (HddsVolumeChecker.java:checkAllVolumes(202)) - Scheduled health check for volume org.apache.hadoop.ozone.container.common.volume.HddsVolume@48e8c32a
2019-09-25 12:39:21,841 [main] INFO  impl.RaftServerProxy (ConfUtils.java:logGet(43)) - raft.rpc.type = GRPC (default)
2019-09-25 12:39:21,841 [main] INFO  grpc.GrpcFactory (GrpcFactory.java:checkPooledByteBufAllocatorUseCacheForAllThreads(45)) - PERFORMANCE WARNING: useCacheForAllThreads is true that may cause Netty to create a lot garbage objects and, as a result, trigger GC.
	It is recommended to disable useCacheForAllThreads by setting -Dorg.apache.ratis.thirdparty.io.netty.allocator.useCacheForAllThreads=false in command line.
2019-09-25 12:39:21,841 [main] INFO  grpc.GrpcConfigKeys$Server (ConfUtils.java:logGet(43)) - raft.grpc.server.port = 0 (default)
2019-09-25 12:39:21,842 [main] INFO  server.GrpcService (ConfUtils.java:logGet(43)) - raft.grpc.message.size.max = 33570816 (custom)
2019-09-25 12:39:21,842 [main] INFO  server.RaftServerConfigKeys (ConfUtils.java:logGet(43)) - raft.server.log.appender.buffer.byte-limit = 33554432 (custom)
2019-09-25 12:39:21,842 [main] INFO  server.GrpcService (ConfUtils.java:logGet(43)) - raft.grpc.flow.control.window = 1MB (=1048576) (default)
2019-09-25 12:39:21,842 [main] INFO  server.RaftServerConfigKeys (ConfUtils.java:logGet(43)) - raft.server.rpc.request.timeout = 3000ms (default)
2019-09-25 12:39:21,843 [main] INFO  server.RaftServerConfigKeys (ConfUtils.java:logGet(43)) - raft.server.storage.dir = [/workdir/hadoop-ozone/integration-test/target/test-dir/MiniOzoneClusterImpl-12653923-402e-414c-9497-4da48b930a89/datanode-0/data/ratis] (custom)
2019-09-25 12:39:21,845 [main] INFO  hdfs.DFSUtil (DFSUtil.java:httpServerTemplateForNNAndJN(1641)) - Starting Web-server for hddsDatanode at: http://0.0.0.0:0
2019-09-25 12:39:21,846 [main] INFO  server.AuthenticationFilter (AuthenticationFilter.java:constructSecretProvider(240)) - Unable to initialize FileSignerSecretProvider, falling back to use random secrets.
2019-09-25 12:39:21,847 [main] WARN  http.HttpRequestLog (HttpRequestLog.java:getRequestLog(97)) - Jetty request log can only be enabled using Log4j
2019-09-25 12:39:21,848 [main] INFO  http.HttpServer2 (HttpServer2.java:addGlobalFilter(975)) - Added global filter 'safety' (class=org.apache.hadoop.http.HttpServer2$QuotingInputFilter)
2019-09-25 12:39:21,849 [main] INFO  http.HttpServer2 (HttpServer2.java:addFilter(948)) - Added filter static_user_filter (class=org.apache.hadoop.http.lib.StaticUserWebFilter$StaticUserFilter) to context hddsDatanode
2019-09-25 12:39:21,849 [main] INFO  http.HttpServer2 (HttpServer2.java:addFilter(958)) - Added filter static_user_filter (class=org.apache.hadoop.http.lib.StaticUserWebFilter$StaticUserFilter) to context logs
2019-09-25 12:39:21,849 [main] INFO  http.HttpServer2 (HttpServer2.java:addFilter(958)) - Added filter static_user_filter (class=org.apache.hadoop.http.lib.StaticUserWebFilter$StaticUserFilter) to context static
2019-09-25 12:39:21,850 [main] INFO  http.HttpServer2 (HttpServer2.java:bindListener(1191)) - Jetty bound to port 34564
2019-09-25 12:39:21,850 [main] INFO  server.Server (Server.java:doStart(351)) - jetty-9.3.25.v20180904, build timestamp: 2018-09-04T21:11:46Z, git hash: 3ce520221d0240229c862b122d2b06c12a625732
2019-09-25 12:39:21,852 [main] INFO  handler.ContextHandler (ContextHandler.java:doStart(781)) - Started o.e.j.s.ServletContextHandler@47311277{/logs,file:///workdir/hadoop-ozone/integration-test/target/log,AVAILABLE}
2019-09-25 12:39:21,853 [main] INFO  handler.ContextHandler (ContextHandler.java:doStart(781)) - Started o.e.j.s.ServletContextHandler@1e60b459{/static,jar:file:/home/user/.m2/repository/org/apache/hadoop/hadoop-hdds-container-service/0.5.0-SNAPSHOT/hadoop-hdds-container-service-0.5.0-SNAPSHOT.jar!/webapps/static,AVAILABLE}
2019-09-25 12:39:21,886 [main] INFO  handler.ContextHandler (ContextHandler.java:doStart(781)) - Started o.e.j.w.WebAppContext@5a49af50{/,file:///tmp/jetty-0.0.0.0-34564-hddsDatanode-_-any-4121170217558420686.dir/webapp/,AVAILABLE}{/hddsDatanode}
2019-09-25 12:39:21,886 [main] INFO  server.AbstractConnector (AbstractConnector.java:doStart(278)) - Started ServerConnector@3b1dc579{HTTP/1.1,[http/1.1]}{0.0.0.0:34564}
2019-09-25 12:39:21,887 [main] INFO  server.Server (Server.java:doStart(419)) - Started @56270ms
2019-09-25 12:39:21,887 [main] WARN  impl.MetricsSystemImpl (MetricsSystemImpl.java:register(276)) - Sink prometheus already exists!
2019-09-25 12:39:21,888 [main] INFO  server.BaseHttpServer (BaseHttpServer.java:updateConnectorAddress(215)) - HTTP server of HDDSDATANODE is listening at http://0.0.0.0:34564
2019-09-25 12:39:21,889 [main] INFO  impl.MetricsSystemImpl (MetricsSystemImpl.java:init(158)) - HddsDatanode metrics system started (again)
2019-09-25 12:39:21,892 [org.apache.hadoop.util.JvmPauseMonitor$Monitor@47610b0a] INFO  util.JvmPauseMonitor (JvmPauseMonitor.java:run(188)) - Starting JVM pause monitor
2019-09-25 12:39:21,892 [main] INFO  ozone.HddsDatanodeService (HddsDatanodeService.java:start(184)) - HddsDatanodeService host:pr-hdds-1569-shd4m-3693607622 ip:192.168.151.73
2019-09-25 12:39:21,893 [Datanode State Machine Thread - 0] INFO  datanode.InitDatanodeState (InitDatanodeState.java:persistContainerDatanodeDetails(140)) - DatanodeDetails is persisted to /workdir/hadoop-ozone/integration-test/target/test-dir/MiniOzoneClusterImpl-12653923-402e-414c-9497-4da48b930a89/datanode-0/meta/datanode.id
2019-09-25 12:39:21,898 [main] INFO  volume.HddsVolume (HddsVolume.java:<init>(176)) - Creating Volume: /workdir/hadoop-ozone/integration-test/target/test-dir/MiniOzoneClusterImpl-12653923-402e-414c-9497-4da48b930a89/datanode-1/data/containers/hdds of  storage type : DISK and capacity : 1482555576320
2019-09-25 12:39:21,899 [main] INFO  volume.VolumeSet (VolumeSet.java:initializeVolumeSet(170)) - Added Volume : /workdir/hadoop-ozone/integration-test/target/test-dir/MiniOzoneClusterImpl-12653923-402e-414c-9497-4da48b930a89/datanode-1/data/containers/hdds to VolumeSet
2019-09-25 12:39:21,899 [main] INFO  volume.ThrottledAsyncChecker (ThrottledAsyncChecker.java:schedule(139)) - Scheduling a check for org.apache.hadoop.ozone.container.common.volume.HddsVolume@1697f2b3
2019-09-25 12:39:21,899 [main] INFO  volume.HddsVolumeChecker (HddsVolumeChecker.java:checkAllVolumes(202)) - Scheduled health check for volume org.apache.hadoop.ozone.container.common.volume.HddsVolume@1697f2b3
2019-09-25 12:39:21,915 [main] INFO  impl.RaftServerProxy (ConfUtils.java:logGet(43)) - raft.rpc.type = GRPC (default)
2019-09-25 12:39:21,915 [main] INFO  grpc.GrpcFactory (GrpcFactory.java:checkPooledByteBufAllocatorUseCacheForAllThreads(45)) - PERFORMANCE WARNING: useCacheForAllThreads is true that may cause Netty to create a lot garbage objects and, as a result, trigger GC.
	It is recommended to disable useCacheForAllThreads by setting -Dorg.apache.ratis.thirdparty.io.netty.allocator.useCacheForAllThreads=false in command line.
2019-09-25 12:39:21,915 [main] INFO  grpc.GrpcConfigKeys$Server (ConfUtils.java:logGet(43)) - raft.grpc.server.port = 0 (default)
2019-09-25 12:39:21,915 [main] INFO  server.GrpcService (ConfUtils.java:logGet(43)) - raft.grpc.message.size.max = 33570816 (custom)
2019-09-25 12:39:21,916 [main] INFO  server.RaftServerConfigKeys (ConfUtils.java:logGet(43)) - raft.server.log.appender.buffer.byte-limit = 33554432 (custom)
2019-09-25 12:39:21,916 [main] INFO  server.GrpcService (ConfUtils.java:logGet(43)) - raft.grpc.flow.control.window = 1MB (=1048576) (default)
2019-09-25 12:39:21,916 [main] INFO  server.RaftServerConfigKeys (ConfUtils.java:logGet(43)) - raft.server.rpc.request.timeout = 3000ms (default)
2019-09-25 12:39:21,917 [main] INFO  server.RaftServerConfigKeys (ConfUtils.java:logGet(43)) - raft.server.storage.dir = [/workdir/hadoop-ozone/integration-test/target/test-dir/MiniOzoneClusterImpl-12653923-402e-414c-9497-4da48b930a89/datanode-1/data/ratis] (custom)
2019-09-25 12:39:21,918 [main] INFO  hdfs.DFSUtil (DFSUtil.java:httpServerTemplateForNNAndJN(1641)) - Starting Web-server for hddsDatanode at: http://0.0.0.0:0
2019-09-25 12:39:21,919 [main] INFO  server.AuthenticationFilter (AuthenticationFilter.java:constructSecretProvider(240)) - Unable to initialize FileSignerSecretProvider, falling back to use random secrets.
2019-09-25 12:39:21,920 [main] WARN  http.HttpRequestLog (HttpRequestLog.java:getRequestLog(97)) - Jetty request log can only be enabled using Log4j
2019-09-25 12:39:21,921 [main] INFO  http.HttpServer2 (HttpServer2.java:addGlobalFilter(975)) - Added global filter 'safety' (class=org.apache.hadoop.http.HttpServer2$QuotingInputFilter)
2019-09-25 12:39:21,922 [main] INFO  http.HttpServer2 (HttpServer2.java:addFilter(948)) - Added filter static_user_filter (class=org.apache.hadoop.http.lib.StaticUserWebFilter$StaticUserFilter) to context hddsDatanode
2019-09-25 12:39:21,922 [main] INFO  http.HttpServer2 (HttpServer2.java:addFilter(958)) - Added filter static_user_filter (class=org.apache.hadoop.http.lib.StaticUserWebFilter$StaticUserFilter) to context static
2019-09-25 12:39:21,922 [main] INFO  http.HttpServer2 (HttpServer2.java:addFilter(958)) - Added filter static_user_filter (class=org.apache.hadoop.http.lib.StaticUserWebFilter$StaticUserFilter) to context logs
2019-09-25 12:39:21,923 [main] INFO  http.HttpServer2 (HttpServer2.java:bindListener(1191)) - Jetty bound to port 34417
2019-09-25 12:39:21,923 [main] INFO  server.Server (Server.java:doStart(351)) - jetty-9.3.25.v20180904, build timestamp: 2018-09-04T21:11:46Z, git hash: 3ce520221d0240229c862b122d2b06c12a625732
2019-09-25 12:39:21,925 [main] INFO  handler.ContextHandler (ContextHandler.java:doStart(781)) - Started o.e.j.s.ServletContextHandler@f5ce0bb{/logs,file:///workdir/hadoop-ozone/integration-test/target/log,AVAILABLE}
2019-09-25 12:39:21,925 [main] INFO  handler.ContextHandler (ContextHandler.java:doStart(781)) - Started o.e.j.s.ServletContextHandler@101a461c{/static,jar:file:/home/user/.m2/repository/org/apache/hadoop/hadoop-hdds-container-service/0.5.0-SNAPSHOT/hadoop-hdds-container-service-0.5.0-SNAPSHOT.jar!/webapps/static,AVAILABLE}
2019-09-25 12:39:21,953 [main] INFO  handler.ContextHandler (ContextHandler.java:doStart(781)) - Started o.e.j.w.WebAppContext@62d1dc3c{/,file:///tmp/jetty-0.0.0.0-34417-hddsDatanode-_-any-6964365553472512215.dir/webapp/,AVAILABLE}{/hddsDatanode}
2019-09-25 12:39:21,953 [main] INFO  server.AbstractConnector (AbstractConnector.java:doStart(278)) - Started ServerConnector@3811510{HTTP/1.1,[http/1.1]}{0.0.0.0:34417}
2019-09-25 12:39:21,955 [main] INFO  server.Server (Server.java:doStart(419)) - Started @56338ms
2019-09-25 12:39:21,955 [main] WARN  impl.MetricsSystemImpl (MetricsSystemImpl.java:register(276)) - Sink prometheus already exists!
2019-09-25 12:39:21,956 [main] INFO  server.BaseHttpServer (BaseHttpServer.java:updateConnectorAddress(215)) - HTTP server of HDDSDATANODE is listening at http://0.0.0.0:34417
2019-09-25 12:39:21,956 [main] INFO  impl.MetricsSystemImpl (MetricsSystemImpl.java:init(158)) - HddsDatanode metrics system started (again)
2019-09-25 12:39:21,964 [org.apache.hadoop.util.JvmPauseMonitor$Monitor@194b73da] INFO  util.JvmPauseMonitor (JvmPauseMonitor.java:run(188)) - Starting JVM pause monitor
2019-09-25 12:39:21,964 [main] INFO  ozone.HddsDatanodeService (HddsDatanodeService.java:start(184)) - HddsDatanodeService host:pr-hdds-1569-shd4m-3693607622 ip:192.168.151.73
2019-09-25 12:39:21,966 [Datanode State Machine Thread - 0] INFO  datanode.InitDatanodeState (InitDatanodeState.java:persistContainerDatanodeDetails(140)) - DatanodeDetails is persisted to /workdir/hadoop-ozone/integration-test/target/test-dir/MiniOzoneClusterImpl-12653923-402e-414c-9497-4da48b930a89/datanode-1/meta/datanode.id
2019-09-25 12:39:21,970 [main] INFO  volume.HddsVolume (HddsVolume.java:<init>(176)) - Creating Volume: /workdir/hadoop-ozone/integration-test/target/test-dir/MiniOzoneClusterImpl-12653923-402e-414c-9497-4da48b930a89/datanode-2/data/containers/hdds of  storage type : DISK and capacity : 1482555576320
2019-09-25 12:39:21,971 [main] INFO  volume.VolumeSet (VolumeSet.java:initializeVolumeSet(170)) - Added Volume : /workdir/hadoop-ozone/integration-test/target/test-dir/MiniOzoneClusterImpl-12653923-402e-414c-9497-4da48b930a89/datanode-2/data/containers/hdds to VolumeSet
2019-09-25 12:39:21,971 [main] INFO  volume.ThrottledAsyncChecker (ThrottledAsyncChecker.java:schedule(139)) - Scheduling a check for org.apache.hadoop.ozone.container.common.volume.HddsVolume@2e26173
2019-09-25 12:39:21,971 [main] INFO  volume.HddsVolumeChecker (HddsVolumeChecker.java:checkAllVolumes(202)) - Scheduled health check for volume org.apache.hadoop.ozone.container.common.volume.HddsVolume@2e26173
2019-09-25 12:39:21,983 [main] INFO  impl.RaftServerProxy (ConfUtils.java:logGet(43)) - raft.rpc.type = GRPC (default)
2019-09-25 12:39:21,983 [main] INFO  grpc.GrpcFactory (GrpcFactory.java:checkPooledByteBufAllocatorUseCacheForAllThreads(45)) - PERFORMANCE WARNING: useCacheForAllThreads is true that may cause Netty to create a lot garbage objects and, as a result, trigger GC.
	It is recommended to disable useCacheForAllThreads by setting -Dorg.apache.ratis.thirdparty.io.netty.allocator.useCacheForAllThreads=false in command line.
2019-09-25 12:39:21,984 [main] INFO  grpc.GrpcConfigKeys$Server (ConfUtils.java:logGet(43)) - raft.grpc.server.port = 0 (default)
2019-09-25 12:39:21,984 [main] INFO  server.GrpcService (ConfUtils.java:logGet(43)) - raft.grpc.message.size.max = 33570816 (custom)
2019-09-25 12:39:21,984 [main] INFO  server.RaftServerConfigKeys (ConfUtils.java:logGet(43)) - raft.server.log.appender.buffer.byte-limit = 33554432 (custom)
2019-09-25 12:39:21,984 [main] INFO  server.GrpcService (ConfUtils.java:logGet(43)) - raft.grpc.flow.control.window = 1MB (=1048576) (default)
2019-09-25 12:39:21,984 [main] INFO  server.RaftServerConfigKeys (ConfUtils.java:logGet(43)) - raft.server.rpc.request.timeout = 3000ms (default)
2019-09-25 12:39:21,985 [main] INFO  server.RaftServerConfigKeys (ConfUtils.java:logGet(43)) - raft.server.storage.dir = [/workdir/hadoop-ozone/integration-test/target/test-dir/MiniOzoneClusterImpl-12653923-402e-414c-9497-4da48b930a89/datanode-2/data/ratis] (custom)
2019-09-25 12:39:21,986 [main] INFO  hdfs.DFSUtil (DFSUtil.java:httpServerTemplateForNNAndJN(1641)) - Starting Web-server for hddsDatanode at: http://0.0.0.0:0
2019-09-25 12:39:21,987 [main] INFO  server.AuthenticationFilter (AuthenticationFilter.java:constructSecretProvider(240)) - Unable to initialize FileSignerSecretProvider, falling back to use random secrets.
2019-09-25 12:39:21,987 [main] WARN  http.HttpRequestLog (HttpRequestLog.java:getRequestLog(97)) - Jetty request log can only be enabled using Log4j
2019-09-25 12:39:21,989 [main] INFO  http.HttpServer2 (HttpServer2.java:addGlobalFilter(975)) - Added global filter 'safety' (class=org.apache.hadoop.http.HttpServer2$QuotingInputFilter)
2019-09-25 12:39:21,989 [main] INFO  http.HttpServer2 (HttpServer2.java:addFilter(948)) - Added filter static_user_filter (class=org.apache.hadoop.http.lib.StaticUserWebFilter$StaticUserFilter) to context hddsDatanode
2019-09-25 12:39:21,989 [main] INFO  http.HttpServer2 (HttpServer2.java:addFilter(958)) - Added filter static_user_filter (class=org.apache.hadoop.http.lib.StaticUserWebFilter$StaticUserFilter) to context static
2019-09-25 12:39:21,989 [main] INFO  http.HttpServer2 (HttpServer2.java:addFilter(958)) - Added filter static_user_filter (class=org.apache.hadoop.http.lib.StaticUserWebFilter$StaticUserFilter) to context logs
2019-09-25 12:39:21,990 [main] INFO  http.HttpServer2 (HttpServer2.java:bindListener(1191)) - Jetty bound to port 36888
2019-09-25 12:39:21,990 [main] INFO  server.Server (Server.java:doStart(351)) - jetty-9.3.25.v20180904, build timestamp: 2018-09-04T21:11:46Z, git hash: 3ce520221d0240229c862b122d2b06c12a625732
2019-09-25 12:39:21,992 [main] INFO  handler.ContextHandler (ContextHandler.java:doStart(781)) - Started o.e.j.s.ServletContextHandler@350ec690{/logs,file:///workdir/hadoop-ozone/integration-test/target/log,AVAILABLE}
2019-09-25 12:39:21,992 [main] INFO  handler.ContextHandler (ContextHandler.java:doStart(781)) - Started o.e.j.s.ServletContextHandler@3664f108{/static,jar:file:/home/user/.m2/repository/org/apache/hadoop/hadoop-hdds-container-service/0.5.0-SNAPSHOT/hadoop-hdds-container-service-0.5.0-SNAPSHOT.jar!/webapps/static,AVAILABLE}
2019-09-25 12:39:22,038 [main] INFO  handler.ContextHandler (ContextHandler.java:doStart(781)) - Started o.e.j.w.WebAppContext@79aee22a{/,file:///tmp/jetty-0.0.0.0-36888-hddsDatanode-_-any-5879933071424347697.dir/webapp/,AVAILABLE}{/hddsDatanode}
2019-09-25 12:39:22,038 [main] INFO  server.AbstractConnector (AbstractConnector.java:doStart(278)) - Started ServerConnector@36920bd6{HTTP/1.1,[http/1.1]}{0.0.0.0:36888}
2019-09-25 12:39:22,040 [main] INFO  server.Server (Server.java:doStart(419)) - Started @56423ms
2019-09-25 12:39:22,040 [main] WARN  impl.MetricsSystemImpl (MetricsSystemImpl.java:register(276)) - Sink prometheus already exists!
2019-09-25 12:39:22,041 [main] INFO  server.BaseHttpServer (BaseHttpServer.java:updateConnectorAddress(215)) - HTTP server of HDDSDATANODE is listening at http://0.0.0.0:36888
2019-09-25 12:39:22,041 [main] INFO  ozone.MiniOzoneClusterImpl (MiniOzoneClusterImpl.java:lambda$waitForClusterToBeReady$0(147)) - Waiting for cluster to be ready. Got 0 of 3 DN Heartbeats.
2019-09-25 12:39:22,043 [org.apache.hadoop.util.JvmPauseMonitor$Monitor@4f528018] INFO  util.JvmPauseMonitor (JvmPauseMonitor.java:run(188)) - Starting JVM pause monitor
2019-09-25 12:39:22,045 [Datanode State Machine Thread - 0] INFO  datanode.InitDatanodeState (InitDatanodeState.java:persistContainerDatanodeDetails(140)) - DatanodeDetails is persisted to /workdir/hadoop-ozone/integration-test/target/test-dir/MiniOzoneClusterImpl-12653923-402e-414c-9497-4da48b930a89/datanode-2/meta/datanode.id
2019-09-25 12:39:23,042 [main] INFO  ozone.MiniOzoneClusterImpl (MiniOzoneClusterImpl.java:lambda$waitForClusterToBeReady$0(147)) - Waiting for cluster to be ready. Got 0 of 3 DN Heartbeats.
2019-09-25 12:39:23,924 [Datanode State Machine Thread - 0] INFO  ozoneimpl.OzoneContainer (OzoneContainer.java:start(217)) - Attempting to start container services.
2019-09-25 12:39:23,924 [Datanode State Machine Thread - 0] INFO  ozoneimpl.OzoneContainer (OzoneContainer.java:startContainerScrub(179)) - Background container scanner has been disabled.
2019-09-25 12:39:23,925 [Datanode State Machine Thread - 0] INFO  ratis.XceiverServerRatis (XceiverServerRatis.java:start(411)) - Starting XceiverServerRatis caca59b4-8b4f-412e-bec0-7379afe8035b at port 0
2019-09-25 12:39:23,931 [Datanode State Machine Thread - 0] INFO  impl.RaftServerProxy (RaftServerProxy.java:lambda$start$3(299)) - caca59b4-8b4f-412e-bec0-7379afe8035b: start RPC server
2019-09-25 12:39:23,934 [Datanode State Machine Thread - 0] INFO  server.GrpcService (GrpcService.java:startImpl(158)) - caca59b4-8b4f-412e-bec0-7379afe8035b: GrpcService started, listening on 0.0.0.0/0.0.0.0:45500
2019-09-25 12:39:23,934 [Datanode State Machine Thread - 0] INFO  ratis.XceiverServerRatis (XceiverServerRatis.java:start(421)) - XceiverServerRatis caca59b4-8b4f-412e-bec0-7379afe8035b is started using port 45500
2019-09-25 12:39:23,940 [Datanode State Machine Thread - 0] INFO  server.XceiverServerGrpc (XceiverServerGrpc.java:start(149)) - XceiverServerGrpc caca59b4-8b4f-412e-bec0-7379afe8035b is started using port 36135
2019-09-25 12:39:23,979 [Datanode State Machine Thread - 0] INFO  ozoneimpl.OzoneContainer (OzoneContainer.java:start(217)) - Attempting to start container services.
2019-09-25 12:39:23,980 [Datanode State Machine Thread - 0] INFO  ozoneimpl.OzoneContainer (OzoneContainer.java:startContainerScrub(179)) - Background container scanner has been disabled.
2019-09-25 12:39:23,980 [Datanode State Machine Thread - 0] INFO  ratis.XceiverServerRatis (XceiverServerRatis.java:start(411)) - Starting XceiverServerRatis 74747a45-069f-47fa-93d6-d0dc14d0049d at port 0
2019-09-25 12:39:23,985 [Datanode State Machine Thread - 0] INFO  impl.RaftServerProxy (RaftServerProxy.java:lambda$start$3(299)) - 74747a45-069f-47fa-93d6-d0dc14d0049d: start RPC server
2019-09-25 12:39:23,986 [Datanode State Machine Thread - 0] INFO  server.GrpcService (GrpcService.java:startImpl(158)) - 74747a45-069f-47fa-93d6-d0dc14d0049d: GrpcService started, listening on 0.0.0.0/0.0.0.0:43018
2019-09-25 12:39:23,986 [Datanode State Machine Thread - 0] INFO  ratis.XceiverServerRatis (XceiverServerRatis.java:start(421)) - XceiverServerRatis 74747a45-069f-47fa-93d6-d0dc14d0049d is started using port 43018
2019-09-25 12:39:23,987 [Datanode State Machine Thread - 0] INFO  server.XceiverServerGrpc (XceiverServerGrpc.java:start(149)) - XceiverServerGrpc 74747a45-069f-47fa-93d6-d0dc14d0049d is started using port 45906
2019-09-25 12:39:24,042 [main] INFO  ozone.MiniOzoneClusterImpl (MiniOzoneClusterImpl.java:lambda$waitForClusterToBeReady$0(147)) - Waiting for cluster to be ready. Got 0 of 3 DN Heartbeats.
2019-09-25 12:39:24,058 [Datanode State Machine Thread - 0] INFO  ozoneimpl.OzoneContainer (OzoneContainer.java:start(217)) - Attempting to start container services.
2019-09-25 12:39:24,059 [Datanode State Machine Thread - 0] INFO  ozoneimpl.OzoneContainer (OzoneContainer.java:startContainerScrub(179)) - Background container scanner has been disabled.
2019-09-25 12:39:24,059 [Datanode State Machine Thread - 0] INFO  ratis.XceiverServerRatis (XceiverServerRatis.java:start(411)) - Starting XceiverServerRatis 8084e3dc-a4cf-4231-afde-79a41fa6d4d0 at port 0
2019-09-25 12:39:24,064 [Datanode State Machine Thread - 0] INFO  impl.RaftServerProxy (RaftServerProxy.java:lambda$start$3(299)) - 8084e3dc-a4cf-4231-afde-79a41fa6d4d0: start RPC server
2019-09-25 12:39:24,065 [Datanode State Machine Thread - 0] INFO  server.GrpcService (GrpcService.java:startImpl(158)) - 8084e3dc-a4cf-4231-afde-79a41fa6d4d0: GrpcService started, listening on 0.0.0.0/0.0.0.0:41876
2019-09-25 12:39:24,065 [Datanode State Machine Thread - 0] INFO  ratis.XceiverServerRatis (XceiverServerRatis.java:start(421)) - XceiverServerRatis 8084e3dc-a4cf-4231-afde-79a41fa6d4d0 is started using port 41876
2019-09-25 12:39:24,065 [Datanode State Machine Thread - 0] INFO  server.XceiverServerGrpc (XceiverServerGrpc.java:start(149)) - XceiverServerGrpc 8084e3dc-a4cf-4231-afde-79a41fa6d4d0 is started using port 46029
2019-09-25 12:39:25,044 [main] INFO  ozone.MiniOzoneClusterImpl (MiniOzoneClusterImpl.java:lambda$waitForClusterToBeReady$0(147)) - Waiting for cluster to be ready. Got 0 of 3 DN Heartbeats.
2019-09-25 12:39:25,897 [IPC Server handler 0 on 39336] INFO  net.NetworkTopology (NetworkTopologyImpl.java:add(111)) - Added a new node: /default-rack/caca59b4-8b4f-412e-bec0-7379afe8035b
2019-09-25 12:39:25,899 [IPC Server handler 0 on 39336] INFO  node.SCMNodeManager (SCMNodeManager.java:register(266)) - Registered Data node : caca59b4-8b4f-412e-bec0-7379afe8035b{ip: 192.168.151.73, host: pr-hdds-1569-shd4m-3693607622, networkLocation: /default-rack, certSerialId: null}
2019-09-25 12:39:25,900 [EventQueue-NodeRegistrationContainerReportForDataNodeSafeModeRule] INFO  safemode.SCMSafeModeManager (DataNodeSafeModeRule.java:process(71)) - SCM in safe mode. 1 DataNodes registered, 1 required.
2019-09-25 12:39:25,901 [EventQueue-NodeRegistrationContainerReportForDataNodeSafeModeRule] INFO  safemode.SCMSafeModeManager (SCMSafeModeManager.java:validateSafeModeExitRules(177)) - ScmSafeModeManager, all rules are successfully validated
2019-09-25 12:39:25,901 [EventQueue-NodeRegistrationContainerReportForDataNodeSafeModeRule] INFO  safemode.SCMSafeModeManager (SCMSafeModeManager.java:exitSafeMode(193)) - SCM exiting safe mode.
2019-09-25 12:39:25,915 [grpc-default-executor-0] INFO  impl.RaftServerProxy (RaftServerProxy.java:addNew(89)) - caca59b4-8b4f-412e-bec0-7379afe8035b: addNew group-0365691E0A73:[caca59b4-8b4f-412e-bec0-7379afe8035b:192.168.151.73:45500] returns group-0365691E0A73:java.util.concurrent.CompletableFuture@40363341[Not completed]
2019-09-25 12:39:25,916 [pool-177-thread-1] INFO  impl.RaftServerImpl (RaftServerImpl.java:<init>(95)) - caca59b4-8b4f-412e-bec0-7379afe8035b: new RaftServerImpl for group-0365691E0A73:[caca59b4-8b4f-412e-bec0-7379afe8035b:192.168.151.73:45500] with ContainerStateMachine:uninitialized
2019-09-25 12:39:25,917 [pool-177-thread-1] INFO  server.RaftServerConfigKeys (ConfUtils.java:logGet(43)) - raft.server.rpc.timeout.min = 5s (custom)
2019-09-25 12:39:25,917 [pool-177-thread-1] INFO  server.RaftServerConfigKeys (ConfUtils.java:logGet(43)) - raft.server.rpc.timeout.max = 5200ms (custom)
2019-09-25 12:39:25,917 [pool-177-thread-1] INFO  server.RaftServerConfigKeys (ConfUtils.java:logGet(43)) - raft.server.rpcslowness.timeout = 120s (custom)
2019-09-25 12:39:25,917 [pool-177-thread-1] INFO  server.RaftServerConfigKeys (ConfUtils.java:logGet(43)) - raft.server.sleep.deviation.threshold = 300 (default)
2019-09-25 12:39:25,917 [pool-177-thread-1] INFO  server.RaftServerConfigKeys (ConfUtils.java:logGet(43)) - raft.server.log.appender.install.snapshot.enabled = false (custom)
2019-09-25 12:39:25,917 [pool-177-thread-1] INFO  impl.RaftServerImpl (ServerState.java:<init>(103)) - caca59b4-8b4f-412e-bec0-7379afe8035b@group-0365691E0A73: ConfigurationManager, init=-1: [caca59b4-8b4f-412e-bec0-7379afe8035b:192.168.151.73:45500], old=null, confs=<EMPTY_MAP>
2019-09-25 12:39:25,918 [pool-177-thread-1] INFO  server.RaftServerConfigKeys (ConfUtils.java:logGet(43)) - raft.server.storage.dir = [/workdir/hadoop-ozone/integration-test/target/test-dir/MiniOzoneClusterImpl-12653923-402e-414c-9497-4da48b930a89/datanode-0/data/ratis] (custom)
2019-09-25 12:39:25,918 [pool-177-thread-1] INFO  storage.RaftStorageDirectory (RaftStorageDirectory.java:analyzeStorage(246)) - The storage directory /workdir/hadoop-ozone/integration-test/target/test-dir/MiniOzoneClusterImpl-12653923-402e-414c-9497-4da48b930a89/datanode-0/data/ratis/eba70cb5-f22b-48b6-9967-0365691e0a73 does not exist. Creating ...
2019-09-25 12:39:25,931 [pool-177-thread-1] INFO  storage.RaftStorageDirectory (RaftStorageDirectory.java:tryLock(328)) - Lock on /workdir/hadoop-ozone/integration-test/target/test-dir/MiniOzoneClusterImpl-12653923-402e-414c-9497-4da48b930a89/datanode-0/data/ratis/eba70cb5-f22b-48b6-9967-0365691e0a73/in_use.lock acquired by nodename 9642@pr-hdds-1569-shd4m-3693607622
2019-09-25 12:39:25,961 [pool-177-thread-1] INFO  storage.RaftStorage (RaftStorage.java:format(72)) - Storage directory /workdir/hadoop-ozone/integration-test/target/test-dir/MiniOzoneClusterImpl-12653923-402e-414c-9497-4da48b930a89/datanode-0/data/ratis/eba70cb5-f22b-48b6-9967-0365691e0a73 has been successfully formatted.
2019-09-25 12:39:25,961 [pool-177-thread-1] INFO  ratis.ContainerStateMachine (ContainerStateMachine.java:loadSnapshot(230)) - group-0365691E0A73: The snapshot info is null. Setting the last applied indexto:(t:0, i:~)
2019-09-25 12:39:25,961 [pool-177-thread-1] INFO  server.RaftServerConfigKeys (ConfUtils.java:logGet(43)) - raft.server.notification.no-leader.timeout = 120s (custom)
2019-09-25 12:39:25,961 [pool-177-thread-1] INFO  server.RaftServerConfigKeys (ConfUtils.java:logGet(43)) - raft.server.log.use.memory = false (default)
2019-09-25 12:39:25,962 [pool-177-thread-1] INFO  server.RaftServerConfigKeys (ConfUtils.java:logGet(43)) - raft.server.log.purge.gap = 1000000 (custom)
2019-09-25 12:39:25,962 [pool-177-thread-1] INFO  server.RaftServerConfigKeys (ConfUtils.java:logGet(43)) - raft.server.log.appender.buffer.byte-limit = 33554432 (custom)
2019-09-25 12:39:25,962 [pool-177-thread-1] INFO  server.RaftServerConfigKeys (ConfUtils.java:logGet(43)) - raft.server.log.segment.size.max = 1048576 (custom)
2019-09-25 12:39:25,962 [pool-177-thread-1] INFO  server.RaftServerConfigKeys (ConfUtils.java:logGet(43)) - raft.server.log.segment.cache.num.max = 2 (custom)
2019-09-25 12:39:25,962 [pool-177-thread-1] INFO  segmented.SegmentedRaftLogWorker (SegmentedRaftLogWorker.java:<init>(172)) - new caca59b4-8b4f-412e-bec0-7379afe8035b@group-0365691E0A73-SegmentedRaftLogWorker for RaftStorage:Storage Directory /workdir/hadoop-ozone/integration-test/target/test-dir/MiniOzoneClusterImpl-12653923-402e-414c-9497-4da48b930a89/datanode-0/data/ratis/eba70cb5-f22b-48b6-9967-0365691e0a73
2019-09-25 12:39:25,966 [pool-177-thread-1] INFO  server.RaftServerConfigKeys (ConfUtils.java:logGet(43)) - raft.server.log.queue.byte-limit = 2147483647 (custom)
2019-09-25 12:39:25,966 [pool-177-thread-1] INFO  server.RaftServerConfigKeys (ConfUtils.java:logGet(43)) - raft.server.log.queue.element-limit = 1024 (custom)
2019-09-25 12:39:25,966 [pool-177-thread-1] INFO  server.RaftServerConfigKeys (ConfUtils.java:logGet(43)) - raft.server.log.segment.size.max = 1048576 (custom)
2019-09-25 12:39:25,966 [IPC Server handler 3 on 39336] INFO  net.NetworkTopology (NetworkTopologyImpl.java:add(111)) - Added a new node: /default-rack/74747a45-069f-47fa-93d6-d0dc14d0049d
2019-09-25 12:39:25,966 [pool-177-thread-1] INFO  server.RaftServerConfigKeys (ConfUtils.java:logGet(43)) - raft.server.log.preallocated.size = 16384 (custom)
2019-09-25 12:39:25,966 [IPC Server handler 3 on 39336] INFO  node.SCMNodeManager (SCMNodeManager.java:register(266)) - Registered Data node : 74747a45-069f-47fa-93d6-d0dc14d0049d{ip: 192.168.151.73, host: pr-hdds-1569-shd4m-3693607622, networkLocation: /default-rack, certSerialId: null}
2019-09-25 12:39:25,967 [pool-177-thread-1] INFO  server.RaftServerConfigKeys (ConfUtils.java:logGet(43)) - raft.server.log.write.buffer.size = 33554432 (custom)
2019-09-25 12:39:25,967 [pool-177-thread-1] INFO  server.RaftServerConfigKeys (ConfUtils.java:logGet(43)) - raft.server.log.force.sync.num = 128 (default)
2019-09-25 12:39:25,967 [pool-177-thread-1] INFO  server.RaftServerConfigKeys (ConfUtils.java:logGet(43)) - raft.server.log.statemachine.data.sync = true (default)
2019-09-25 12:39:25,967 [pool-177-thread-1] INFO  server.RaftServerConfigKeys (ConfUtils.java:logGet(43)) - raft.server.log.statemachine.data.sync.timeout = 10s (default)
2019-09-25 12:39:25,967 [pool-177-thread-1] INFO  server.RaftServerConfigKeys (ConfUtils.java:logGet(43)) - raft.server.log.statemachine.data.sync.timeout.retry = -1 (default)
2019-09-25 12:39:25,968 [pool-177-thread-1] INFO  server.RaftServerConfigKeys (ConfUtils.java:logGet(43)) - raft.server.log.statemachine.data.caching.enabled = true (custom)
2019-09-25 12:39:25,968 [pool-177-thread-1] INFO  segmented.SegmentedRaftLogWorker (SegmentedRaftLogWorker.java:lambda$new$0(132)) - caca59b4-8b4f-412e-bec0-7379afe8035b@group-0365691E0A73-SegmentedRaftLogWorker: flushIndex: setUnconditionally 0 -> -1
2019-09-25 12:39:25,968 [pool-177-thread-1] INFO  server.RaftServerConfigKeys (ConfUtils.java:logGet(43)) - raft.server.snapshot.auto.trigger.enabled = true (custom)
2019-09-25 12:39:25,968 [pool-177-thread-1] INFO  server.RaftServerConfigKeys (ConfUtils.java:logGet(43)) - raft.server.snapshot.auto.trigger.threshold = 10000 (custom)
2019-09-25 12:39:25,969 [pool-177-thread-1] INFO  server.RaftServerConfigKeys (ConfUtils.java:logGet(43)) - raft.server.snapshot.retention.num.files = 5 (custom)
2019-09-25 12:39:25,969 [pool-177-thread-1] INFO  server.RaftServerConfigKeys (ConfUtils.java:logGet(43)) - raft.server.retrycache.expirytime = 600000ms (custom)
2019-09-25 12:39:25,971 [pool-177-thread-1] INFO  impl.RaftServerImpl (RaftServerImpl.java:start(185)) - caca59b4-8b4f-412e-bec0-7379afe8035b@group-0365691E0A73: start as a follower, conf=-1: [caca59b4-8b4f-412e-bec0-7379afe8035b:192.168.151.73:45500], old=null
2019-09-25 12:39:25,971 [pool-177-thread-1] INFO  impl.RaftServerImpl (RaftServerImpl.java:setRole(174)) - caca59b4-8b4f-412e-bec0-7379afe8035b@group-0365691E0A73: changes role from      null to FOLLOWER at term 0 for startAsFollower
2019-09-25 12:39:25,971 [pool-177-thread-1] INFO  impl.RoleInfo (RoleInfo.java:updateAndGet(143)) - caca59b4-8b4f-412e-bec0-7379afe8035b: start FollowerState
2019-09-25 12:39:25,971 [pool-177-thread-1] INFO  util.JmxRegister (JmxRegister.java:tryRegister(44)) - Successfully registered JMX Bean with object name Ratis:service=RaftServer,group=group-0365691E0A73,id=caca59b4-8b4f-412e-bec0-7379afe8035b
2019-09-25 12:39:25,975 [RatisPipelineUtilsThread] INFO  pipeline.PipelineStateManager (PipelineStateManager.java:addPipeline(56)) - Created pipeline Pipeline[ Id: eba70cb5-f22b-48b6-9967-0365691e0a73, Nodes: caca59b4-8b4f-412e-bec0-7379afe8035b{ip: 192.168.151.73, host: pr-hdds-1569-shd4m-3693607622, networkLocation: /default-rack, certSerialId: null}, Type:RATIS, Factor:ONE, State:OPEN]
2019-09-25 12:39:25,980 [grpc-default-executor-0] INFO  impl.RaftServerProxy (RaftServerProxy.java:addNew(89)) - caca59b4-8b4f-412e-bec0-7379afe8035b: addNew group-486EC5717406:[caca59b4-8b4f-412e-bec0-7379afe8035b:192.168.151.73:45500] returns group-486EC5717406:java.util.concurrent.CompletableFuture@713c325d[Not completed]
2019-09-25 12:39:25,981 [pool-177-thread-1] INFO  impl.RaftServerImpl (RaftServerImpl.java:<init>(95)) - caca59b4-8b4f-412e-bec0-7379afe8035b: new RaftServerImpl for group-486EC5717406:[caca59b4-8b4f-412e-bec0-7379afe8035b:192.168.151.73:45500] with ContainerStateMachine:uninitialized
2019-09-25 12:39:25,982 [pool-177-thread-1] INFO  server.RaftServerConfigKeys (ConfUtils.java:logGet(43)) - raft.server.rpc.timeout.min = 5s (custom)
2019-09-25 12:39:25,982 [pool-177-thread-1] INFO  server.RaftServerConfigKeys (ConfUtils.java:logGet(43)) - raft.server.rpc.timeout.max = 5200ms (custom)
2019-09-25 12:39:25,982 [pool-177-thread-1] INFO  server.RaftServerConfigKeys (ConfUtils.java:logGet(43)) - raft.server.rpcslowness.timeout = 120s (custom)
2019-09-25 12:39:25,982 [pool-177-thread-1] INFO  server.RaftServerConfigKeys (ConfUtils.java:logGet(43)) - raft.server.sleep.deviation.threshold = 300 (default)
2019-09-25 12:39:25,982 [pool-177-thread-1] INFO  server.RaftServerConfigKeys (ConfUtils.java:logGet(43)) - raft.server.log.appender.install.snapshot.enabled = false (custom)
2019-09-25 12:39:25,983 [pool-177-thread-1] INFO  impl.RaftServerImpl (ServerState.java:<init>(103)) - caca59b4-8b4f-412e-bec0-7379afe8035b@group-486EC5717406: ConfigurationManager, init=-1: [caca59b4-8b4f-412e-bec0-7379afe8035b:192.168.151.73:45500], old=null, confs=<EMPTY_MAP>
2019-09-25 12:39:25,983 [pool-177-thread-1] INFO  server.RaftServerConfigKeys (ConfUtils.java:logGet(43)) - raft.server.storage.dir = [/workdir/hadoop-ozone/integration-test/target/test-dir/MiniOzoneClusterImpl-12653923-402e-414c-9497-4da48b930a89/datanode-0/data/ratis] (custom)
2019-09-25 12:39:25,983 [pool-177-thread-1] INFO  storage.RaftStorageDirectory (RaftStorageDirectory.java:analyzeStorage(246)) - The storage directory /workdir/hadoop-ozone/integration-test/target/test-dir/MiniOzoneClusterImpl-12653923-402e-414c-9497-4da48b930a89/datanode-0/data/ratis/e45f8c60-e507-4a88-9557-486ec5717406 does not exist. Creating ...
2019-09-25 12:39:25,996 [pool-177-thread-1] INFO  storage.RaftStorageDirectory (RaftStorageDirectory.java:tryLock(328)) - Lock on /workdir/hadoop-ozone/integration-test/target/test-dir/MiniOzoneClusterImpl-12653923-402e-414c-9497-4da48b930a89/datanode-0/data/ratis/e45f8c60-e507-4a88-9557-486ec5717406/in_use.lock acquired by nodename 9642@pr-hdds-1569-shd4m-3693607622
2019-09-25 12:39:26,010 [pool-177-thread-1] INFO  storage.RaftStorage (RaftStorage.java:format(72)) - Storage directory /workdir/hadoop-ozone/integration-test/target/test-dir/MiniOzoneClusterImpl-12653923-402e-414c-9497-4da48b930a89/datanode-0/data/ratis/e45f8c60-e507-4a88-9557-486ec5717406 has been successfully formatted.
2019-09-25 12:39:26,010 [pool-177-thread-1] INFO  ratis.ContainerStateMachine (ContainerStateMachine.java:loadSnapshot(230)) - group-486EC5717406: The snapshot info is null. Setting the last applied indexto:(t:0, i:~)
2019-09-25 12:39:26,010 [pool-177-thread-1] INFO  server.RaftServerConfigKeys (ConfUtils.java:logGet(43)) - raft.server.notification.no-leader.timeout = 120s (custom)
2019-09-25 12:39:26,010 [pool-177-thread-1] INFO  server.RaftServerConfigKeys (ConfUtils.java:logGet(43)) - raft.server.log.use.memory = false (default)
2019-09-25 12:39:26,011 [pool-177-thread-1] INFO  server.RaftServerConfigKeys (ConfUtils.java:logGet(43)) - raft.server.log.purge.gap = 1000000 (custom)
2019-09-25 12:39:26,011 [pool-177-thread-1] INFO  server.RaftServerConfigKeys (ConfUtils.java:logGet(43)) - raft.server.log.appender.buffer.byte-limit = 33554432 (custom)
2019-09-25 12:39:26,011 [pool-177-thread-1] INFO  server.RaftServerConfigKeys (ConfUtils.java:logGet(43)) - raft.server.log.segment.size.max = 1048576 (custom)
2019-09-25 12:39:26,011 [pool-177-thread-1] INFO  server.RaftServerConfigKeys (ConfUtils.java:logGet(43)) - raft.server.log.segment.cache.num.max = 2 (custom)
2019-09-25 12:39:26,011 [pool-177-thread-1] INFO  segmented.SegmentedRaftLogWorker (SegmentedRaftLogWorker.java:<init>(172)) - new caca59b4-8b4f-412e-bec0-7379afe8035b@group-486EC5717406-SegmentedRaftLogWorker for RaftStorage:Storage Directory /workdir/hadoop-ozone/integration-test/target/test-dir/MiniOzoneClusterImpl-12653923-402e-414c-9497-4da48b930a89/datanode-0/data/ratis/e45f8c60-e507-4a88-9557-486ec5717406
2019-09-25 12:39:26,011 [pool-177-thread-1] INFO  server.RaftServerConfigKeys (ConfUtils.java:logGet(43)) - raft.server.log.queue.byte-limit = 2147483647 (custom)
2019-09-25 12:39:26,011 [pool-177-thread-1] INFO  server.RaftServerConfigKeys (ConfUtils.java:logGet(43)) - raft.server.log.queue.element-limit = 1024 (custom)
2019-09-25 12:39:26,012 [pool-177-thread-1] INFO  server.RaftServerConfigKeys (ConfUtils.java:logGet(43)) - raft.server.log.segment.size.max = 1048576 (custom)
2019-09-25 12:39:26,012 [pool-177-thread-1] INFO  server.RaftServerConfigKeys (ConfUtils.java:logGet(43)) - raft.server.log.preallocated.size = 16384 (custom)
2019-09-25 12:39:26,012 [pool-177-thread-1] INFO  server.RaftServerConfigKeys (ConfUtils.java:logGet(43)) - raft.server.log.write.buffer.size = 33554432 (custom)
2019-09-25 12:39:26,012 [pool-177-thread-1] INFO  server.RaftServerConfigKeys (ConfUtils.java:logGet(43)) - raft.server.log.force.sync.num = 128 (default)
2019-09-25 12:39:26,012 [pool-177-thread-1] INFO  server.RaftServerConfigKeys (ConfUtils.java:logGet(43)) - raft.server.log.statemachine.data.sync = true (default)
2019-09-25 12:39:26,012 [pool-177-thread-1] INFO  server.RaftServerConfigKeys (ConfUtils.java:logGet(43)) - raft.server.log.statemachine.data.sync.timeout = 10s (default)
2019-09-25 12:39:26,013 [pool-177-thread-1] INFO  server.RaftServerConfigKeys (ConfUtils.java:logGet(43)) - raft.server.log.statemachine.data.sync.timeout.retry = -1 (default)
2019-09-25 12:39:26,013 [pool-177-thread-1] INFO  server.RaftServerConfigKeys (ConfUtils.java:logGet(43)) - raft.server.log.statemachine.data.caching.enabled = true (custom)
2019-09-25 12:39:26,013 [pool-177-thread-1] INFO  segmented.SegmentedRaftLogWorker (SegmentedRaftLogWorker.java:lambda$new$0(132)) - caca59b4-8b4f-412e-bec0-7379afe8035b@group-486EC5717406-SegmentedRaftLogWorker: flushIndex: setUnconditionally 0 -> -1
2019-09-25 12:39:26,013 [pool-177-thread-1] INFO  server.RaftServerConfigKeys (ConfUtils.java:logGet(43)) - raft.server.snapshot.auto.trigger.enabled = true (custom)
2019-09-25 12:39:26,014 [pool-177-thread-1] INFO  server.RaftServerConfigKeys (ConfUtils.java:logGet(43)) - raft.server.snapshot.auto.trigger.threshold = 10000 (custom)
2019-09-25 12:39:26,014 [pool-177-thread-1] INFO  server.RaftServerConfigKeys (ConfUtils.java:logGet(43)) - raft.server.snapshot.retention.num.files = 5 (custom)
2019-09-25 12:39:26,014 [pool-177-thread-1] INFO  server.RaftServerConfigKeys (ConfUtils.java:logGet(43)) - raft.server.retrycache.expirytime = 600000ms (custom)
2019-09-25 12:39:26,016 [pool-177-thread-1] INFO  impl.RaftServerImpl (RaftServerImpl.java:start(185)) - caca59b4-8b4f-412e-bec0-7379afe8035b@group-486EC5717406: start as a follower, conf=-1: [caca59b4-8b4f-412e-bec0-7379afe8035b:192.168.151.73:45500], old=null
2019-09-25 12:39:26,016 [pool-177-thread-1] INFO  impl.RaftServerImpl (RaftServerImpl.java:setRole(174)) - caca59b4-8b4f-412e-bec0-7379afe8035b@group-486EC5717406: changes role from      null to FOLLOWER at term 0 for startAsFollower
2019-09-25 12:39:26,016 [pool-177-thread-1] INFO  impl.RoleInfo (RoleInfo.java:updateAndGet(143)) - caca59b4-8b4f-412e-bec0-7379afe8035b: start FollowerState
2019-09-25 12:39:26,017 [pool-177-thread-1] INFO  util.JmxRegister (JmxRegister.java:tryRegister(44)) - Successfully registered JMX Bean with object name Ratis:service=RaftServer,group=group-486EC5717406,id=caca59b4-8b4f-412e-bec0-7379afe8035b
2019-09-25 12:39:26,023 [RatisPipelineUtilsThread] INFO  pipeline.PipelineStateManager (PipelineStateManager.java:addPipeline(56)) - Created pipeline Pipeline[ Id: e45f8c60-e507-4a88-9557-486ec5717406, Nodes: caca59b4-8b4f-412e-bec0-7379afe8035b{ip: 192.168.151.73, host: pr-hdds-1569-shd4m-3693607622, networkLocation: /default-rack, certSerialId: null}, Type:RATIS, Factor:ONE, State:OPEN]
2019-09-25 12:39:26,031 [grpc-default-executor-0] INFO  impl.RaftServerProxy (RaftServerProxy.java:addNew(89)) - caca59b4-8b4f-412e-bec0-7379afe8035b: addNew group-075E15A1F913:[caca59b4-8b4f-412e-bec0-7379afe8035b:192.168.151.73:45500] returns group-075E15A1F913:java.util.concurrent.CompletableFuture@2019cc0e[Not completed]
2019-09-25 12:39:26,032 [pool-177-thread-1] INFO  impl.RaftServerImpl (RaftServerImpl.java:<init>(95)) - caca59b4-8b4f-412e-bec0-7379afe8035b: new RaftServerImpl for group-075E15A1F913:[caca59b4-8b4f-412e-bec0-7379afe8035b:192.168.151.73:45500] with ContainerStateMachine:uninitialized
2019-09-25 12:39:26,032 [pool-177-thread-1] INFO  server.RaftServerConfigKeys (ConfUtils.java:logGet(43)) - raft.server.rpc.timeout.min = 5s (custom)
2019-09-25 12:39:26,032 [pool-177-thread-1] INFO  server.RaftServerConfigKeys (ConfUtils.java:logGet(43)) - raft.server.rpc.timeout.max = 5200ms (custom)
2019-09-25 12:39:26,032 [pool-177-thread-1] INFO  server.RaftServerConfigKeys (ConfUtils.java:logGet(43)) - raft.server.rpcslowness.timeout = 120s (custom)
2019-09-25 12:39:26,033 [pool-177-thread-1] INFO  server.RaftServerConfigKeys (ConfUtils.java:logGet(43)) - raft.server.sleep.deviation.threshold = 300 (default)
2019-09-25 12:39:26,033 [pool-177-thread-1] INFO  server.RaftServerConfigKeys (ConfUtils.java:logGet(43)) - raft.server.log.appender.install.snapshot.enabled = false (custom)
2019-09-25 12:39:26,033 [pool-177-thread-1] INFO  impl.RaftServerImpl (ServerState.java:<init>(103)) - caca59b4-8b4f-412e-bec0-7379afe8035b@group-075E15A1F913: ConfigurationManager, init=-1: [caca59b4-8b4f-412e-bec0-7379afe8035b:192.168.151.73:45500], old=null, confs=<EMPTY_MAP>
2019-09-25 12:39:26,033 [pool-177-thread-1] INFO  server.RaftServerConfigKeys (ConfUtils.java:logGet(43)) - raft.server.storage.dir = [/workdir/hadoop-ozone/integration-test/target/test-dir/MiniOzoneClusterImpl-12653923-402e-414c-9497-4da48b930a89/datanode-0/data/ratis] (custom)
2019-09-25 12:39:26,033 [pool-177-thread-1] INFO  storage.RaftStorageDirectory (RaftStorageDirectory.java:analyzeStorage(246)) - The storage directory /workdir/hadoop-ozone/integration-test/target/test-dir/MiniOzoneClusterImpl-12653923-402e-414c-9497-4da48b930a89/datanode-0/data/ratis/1834553f-21ab-4793-8d31-075e15a1f913 does not exist. Creating ...
2019-09-25 12:39:26,046 [main] INFO  ozone.MiniOzoneClusterImpl (MiniOzoneClusterImpl.java:lambda$waitForClusterToBeReady$0(147)) - Waiting for cluster to be ready. Got 2 of 3 DN Heartbeats.
2019-09-25 12:39:26,047 [pool-177-thread-1] INFO  storage.RaftStorageDirectory (RaftStorageDirectory.java:tryLock(328)) - Lock on /workdir/hadoop-ozone/integration-test/target/test-dir/MiniOzoneClusterImpl-12653923-402e-414c-9497-4da48b930a89/datanode-0/data/ratis/1834553f-21ab-4793-8d31-075e15a1f913/in_use.lock acquired by nodename 9642@pr-hdds-1569-shd4m-3693607622
2019-09-25 12:39:26,047 [IPC Server handler 4 on 39336] INFO  net.NetworkTopology (NetworkTopologyImpl.java:add(111)) - Added a new node: /default-rack/8084e3dc-a4cf-4231-afde-79a41fa6d4d0
2019-09-25 12:39:26,048 [IPC Server handler 4 on 39336] INFO  node.SCMNodeManager (SCMNodeManager.java:register(266)) - Registered Data node : 8084e3dc-a4cf-4231-afde-79a41fa6d4d0{ip: 192.168.151.73, host: pr-hdds-1569-shd4m-3693607622, networkLocation: /default-rack, certSerialId: null}
2019-09-25 12:39:26,061 [pool-177-thread-1] INFO  storage.RaftStorage (RaftStorage.java:format(72)) - Storage directory /workdir/hadoop-ozone/integration-test/target/test-dir/MiniOzoneClusterImpl-12653923-402e-414c-9497-4da48b930a89/datanode-0/data/ratis/1834553f-21ab-4793-8d31-075e15a1f913 has been successfully formatted.
2019-09-25 12:39:26,061 [pool-177-thread-1] INFO  ratis.ContainerStateMachine (ContainerStateMachine.java:loadSnapshot(230)) - group-075E15A1F913: The snapshot info is null. Setting the last applied indexto:(t:0, i:~)
2019-09-25 12:39:26,061 [pool-177-thread-1] INFO  server.RaftServerConfigKeys (ConfUtils.java:logGet(43)) - raft.server.notification.no-leader.timeout = 120s (custom)
2019-09-25 12:39:26,061 [pool-177-thread-1] INFO  server.RaftServerConfigKeys (ConfUtils.java:logGet(43)) - raft.server.log.use.memory = false (default)
2019-09-25 12:39:26,061 [pool-177-thread-1] INFO  server.RaftServerConfigKeys (ConfUtils.java:logGet(43)) - raft.server.log.purge.gap = 1000000 (custom)
2019-09-25 12:39:26,061 [pool-177-thread-1] INFO  server.RaftServerConfigKeys (ConfUtils.java:logGet(43)) - raft.server.log.appender.buffer.byte-limit = 33554432 (custom)
2019-09-25 12:39:26,062 [pool-177-thread-1] INFO  server.RaftServerConfigKeys (ConfUtils.java:logGet(43)) - raft.server.log.segment.size.max = 1048576 (custom)
2019-09-25 12:39:26,062 [pool-177-thread-1] INFO  server.RaftServerConfigKeys (ConfUtils.java:logGet(43)) - raft.server.log.segment.cache.num.max = 2 (custom)
2019-09-25 12:39:26,062 [pool-177-thread-1] INFO  segmented.SegmentedRaftLogWorker (SegmentedRaftLogWorker.java:<init>(172)) - new caca59b4-8b4f-412e-bec0-7379afe8035b@group-075E15A1F913-SegmentedRaftLogWorker for RaftStorage:Storage Directory /workdir/hadoop-ozone/integration-test/target/test-dir/MiniOzoneClusterImpl-12653923-402e-414c-9497-4da48b930a89/datanode-0/data/ratis/1834553f-21ab-4793-8d31-075e15a1f913
2019-09-25 12:39:26,062 [pool-177-thread-1] INFO  server.RaftServerConfigKeys (ConfUtils.java:logGet(43)) - raft.server.log.queue.byte-limit = 2147483647 (custom)
2019-09-25 12:39:26,062 [pool-177-thread-1] INFO  server.RaftServerConfigKeys (ConfUtils.java:logGet(43)) - raft.server.log.queue.element-limit = 1024 (custom)
2019-09-25 12:39:26,062 [pool-177-thread-1] INFO  server.RaftServerConfigKeys (ConfUtils.java:logGet(43)) - raft.server.log.segment.size.max = 1048576 (custom)
2019-09-25 12:39:26,062 [pool-177-thread-1] INFO  server.RaftServerConfigKeys (ConfUtils.java:logGet(43)) - raft.server.log.preallocated.size = 16384 (custom)
2019-09-25 12:39:26,062 [pool-177-thread-1] INFO  server.RaftServerConfigKeys (ConfUtils.java:logGet(43)) - raft.server.log.write.buffer.size = 33554432 (custom)
2019-09-25 12:39:26,063 [pool-177-thread-1] INFO  server.RaftServerConfigKeys (ConfUtils.java:logGet(43)) - raft.server.log.force.sync.num = 128 (default)
2019-09-25 12:39:26,063 [pool-177-thread-1] INFO  server.RaftServerConfigKeys (ConfUtils.java:logGet(43)) - raft.server.log.statemachine.data.sync = true (default)
2019-09-25 12:39:26,063 [pool-177-thread-1] INFO  server.RaftServerConfigKeys (ConfUtils.java:logGet(43)) - raft.server.log.statemachine.data.sync.timeout = 10s (default)
2019-09-25 12:39:26,063 [pool-177-thread-1] INFO  server.RaftServerConfigKeys (ConfUtils.java:logGet(43)) - raft.server.log.statemachine.data.sync.timeout.retry = -1 (default)
2019-09-25 12:39:26,063 [pool-177-thread-1] INFO  server.RaftServerConfigKeys (ConfUtils.java:logGet(43)) - raft.server.log.statemachine.data.caching.enabled = true (custom)
2019-09-25 12:39:26,063 [pool-177-thread-1] INFO  segmented.SegmentedRaftLogWorker (SegmentedRaftLogWorker.java:lambda$new$0(132)) - caca59b4-8b4f-412e-bec0-7379afe8035b@group-075E15A1F913-SegmentedRaftLogWorker: flushIndex: setUnconditionally 0 -> -1
2019-09-25 12:39:26,064 [pool-177-thread-1] INFO  server.RaftServerConfigKeys (ConfUtils.java:logGet(43)) - raft.server.snapshot.auto.trigger.enabled = true (custom)
2019-09-25 12:39:26,064 [pool-177-thread-1] INFO  server.RaftServerConfigKeys (ConfUtils.java:logGet(43)) - raft.server.snapshot.auto.trigger.threshold = 10000 (custom)
2019-09-25 12:39:26,064 [pool-177-thread-1] INFO  server.RaftServerConfigKeys (ConfUtils.java:logGet(43)) - raft.server.snapshot.retention.num.files = 5 (custom)
2019-09-25 12:39:26,064 [pool-177-thread-1] INFO  server.RaftServerConfigKeys (ConfUtils.java:logGet(43)) - raft.server.retrycache.expirytime = 600000ms (custom)
2019-09-25 12:39:26,066 [pool-177-thread-1] INFO  impl.RaftServerImpl (RaftServerImpl.java:start(185)) - caca59b4-8b4f-412e-bec0-7379afe8035b@group-075E15A1F913: start as a follower, conf=-1: [caca59b4-8b4f-412e-bec0-7379afe8035b:192.168.151.73:45500], old=null
2019-09-25 12:39:26,066 [pool-177-thread-1] INFO  impl.RaftServerImpl (RaftServerImpl.java:setRole(174)) - caca59b4-8b4f-412e-bec0-7379afe8035b@group-075E15A1F913: changes role from      null to FOLLOWER at term 0 for startAsFollower
2019-09-25 12:39:26,066 [pool-177-thread-1] INFO  impl.RoleInfo (RoleInfo.java:updateAndGet(143)) - caca59b4-8b4f-412e-bec0-7379afe8035b: start FollowerState
2019-09-25 12:39:26,066 [pool-177-thread-1] INFO  util.JmxRegister (JmxRegister.java:tryRegister(44)) - Successfully registered JMX Bean with object name Ratis:service=RaftServer,group=group-075E15A1F913,id=caca59b4-8b4f-412e-bec0-7379afe8035b
2019-09-25 12:39:26,070 [RatisPipelineUtilsThread] INFO  pipeline.PipelineStateManager (PipelineStateManager.java:addPipeline(56)) - Created pipeline Pipeline[ Id: 1834553f-21ab-4793-8d31-075e15a1f913, Nodes: caca59b4-8b4f-412e-bec0-7379afe8035b{ip: 192.168.151.73, host: pr-hdds-1569-shd4m-3693607622, networkLocation: /default-rack, certSerialId: null}, Type:RATIS, Factor:ONE, State:OPEN]
2019-09-25 12:39:26,078 [grpc-default-executor-0] INFO  impl.RaftServerProxy (RaftServerProxy.java:addNew(89)) - 74747a45-069f-47fa-93d6-d0dc14d0049d: addNew group-B6D4B8BB2CF9:[74747a45-069f-47fa-93d6-d0dc14d0049d:192.168.151.73:43018] returns group-B6D4B8BB2CF9:java.util.concurrent.CompletableFuture@4a40dc54[Not completed]
2019-09-25 12:39:26,079 [pool-187-thread-1] INFO  impl.RaftServerImpl (RaftServerImpl.java:<init>(95)) - 74747a45-069f-47fa-93d6-d0dc14d0049d: new RaftServerImpl for group-B6D4B8BB2CF9:[74747a45-069f-47fa-93d6-d0dc14d0049d:192.168.151.73:43018] with ContainerStateMachine:uninitialized
2019-09-25 12:39:26,079 [pool-187-thread-1] INFO  server.RaftServerConfigKeys (ConfUtils.java:logGet(43)) - raft.server.rpc.timeout.min = 5s (custom)
2019-09-25 12:39:26,079 [pool-187-thread-1] INFO  server.RaftServerConfigKeys (ConfUtils.java:logGet(43)) - raft.server.rpc.timeout.max = 5200ms (custom)
2019-09-25 12:39:26,079 [pool-187-thread-1] INFO  server.RaftServerConfigKeys (ConfUtils.java:logGet(43)) - raft.server.rpcslowness.timeout = 120s (custom)
2019-09-25 12:39:26,079 [pool-187-thread-1] INFO  server.RaftServerConfigKeys (ConfUtils.java:logGet(43)) - raft.server.sleep.deviation.threshold = 300 (default)
2019-09-25 12:39:26,079 [pool-187-thread-1] INFO  server.RaftServerConfigKeys (ConfUtils.java:logGet(43)) - raft.server.log.appender.install.snapshot.enabled = false (custom)
2019-09-25 12:39:26,079 [pool-187-thread-1] INFO  impl.RaftServerImpl (ServerState.java:<init>(103)) - 74747a45-069f-47fa-93d6-d0dc14d0049d@group-B6D4B8BB2CF9: ConfigurationManager, init=-1: [74747a45-069f-47fa-93d6-d0dc14d0049d:192.168.151.73:43018], old=null, confs=<EMPTY_MAP>
2019-09-25 12:39:26,080 [pool-187-thread-1] INFO  server.RaftServerConfigKeys (ConfUtils.java:logGet(43)) - raft.server.storage.dir = [/workdir/hadoop-ozone/integration-test/target/test-dir/MiniOzoneClusterImpl-12653923-402e-414c-9497-4da48b930a89/datanode-1/data/ratis] (custom)
2019-09-25 12:39:26,080 [pool-187-thread-1] INFO  storage.RaftStorageDirectory (RaftStorageDirectory.java:analyzeStorage(246)) - The storage directory /workdir/hadoop-ozone/integration-test/target/test-dir/MiniOzoneClusterImpl-12653923-402e-414c-9497-4da48b930a89/datanode-1/data/ratis/50c090d7-abe5-4a93-b191-b6d4b8bb2cf9 does not exist. Creating ...
2019-09-25 12:39:26,092 [pool-187-thread-1] INFO  storage.RaftStorageDirectory (RaftStorageDirectory.java:tryLock(328)) - Lock on /workdir/hadoop-ozone/integration-test/target/test-dir/MiniOzoneClusterImpl-12653923-402e-414c-9497-4da48b930a89/datanode-1/data/ratis/50c090d7-abe5-4a93-b191-b6d4b8bb2cf9/in_use.lock acquired by nodename 9642@pr-hdds-1569-shd4m-3693607622
2019-09-25 12:39:26,105 [pool-187-thread-1] INFO  storage.RaftStorage (RaftStorage.java:format(72)) - Storage directory /workdir/hadoop-ozone/integration-test/target/test-dir/MiniOzoneClusterImpl-12653923-402e-414c-9497-4da48b930a89/datanode-1/data/ratis/50c090d7-abe5-4a93-b191-b6d4b8bb2cf9 has been successfully formatted.
2019-09-25 12:39:26,105 [pool-187-thread-1] INFO  ratis.ContainerStateMachine (ContainerStateMachine.java:loadSnapshot(230)) - group-B6D4B8BB2CF9: The snapshot info is null. Setting the last applied indexto:(t:0, i:~)
2019-09-25 12:39:26,105 [pool-187-thread-1] INFO  server.RaftServerConfigKeys (ConfUtils.java:logGet(43)) - raft.server.notification.no-leader.timeout = 120s (custom)
2019-09-25 12:39:26,106 [pool-187-thread-1] INFO  server.RaftServerConfigKeys (ConfUtils.java:logGet(43)) - raft.server.log.use.memory = false (default)
2019-09-25 12:39:26,106 [pool-187-thread-1] INFO  server.RaftServerConfigKeys (ConfUtils.java:logGet(43)) - raft.server.log.purge.gap = 1000000 (custom)
2019-09-25 12:39:26,106 [pool-187-thread-1] INFO  server.RaftServerConfigKeys (ConfUtils.java:logGet(43)) - raft.server.log.appender.buffer.byte-limit = 33554432 (custom)
2019-09-25 12:39:26,106 [pool-187-thread-1] INFO  server.RaftServerConfigKeys (ConfUtils.java:logGet(43)) - raft.server.log.segment.size.max = 1048576 (custom)
2019-09-25 12:39:26,106 [pool-187-thread-1] INFO  server.RaftServerConfigKeys (ConfUtils.java:logGet(43)) - raft.server.log.segment.cache.num.max = 2 (custom)
2019-09-25 12:39:26,106 [pool-187-thread-1] INFO  segmented.SegmentedRaftLogWorker (SegmentedRaftLogWorker.java:<init>(172)) - new 74747a45-069f-47fa-93d6-d0dc14d0049d@group-B6D4B8BB2CF9-SegmentedRaftLogWorker for RaftStorage:Storage Directory /workdir/hadoop-ozone/integration-test/target/test-dir/MiniOzoneClusterImpl-12653923-402e-414c-9497-4da48b930a89/datanode-1/data/ratis/50c090d7-abe5-4a93-b191-b6d4b8bb2cf9
2019-09-25 12:39:26,108 [pool-187-thread-1] INFO  server.RaftServerConfigKeys (ConfUtils.java:logGet(43)) - raft.server.log.queue.byte-limit = 2147483647 (custom)
2019-09-25 12:39:26,109 [pool-187-thread-1] INFO  server.RaftServerConfigKeys (ConfUtils.java:logGet(43)) - raft.server.log.queue.element-limit = 1024 (custom)
2019-09-25 12:39:26,109 [pool-187-thread-1] INFO  server.RaftServerConfigKeys (ConfUtils.java:logGet(43)) - raft.server.log.segment.size.max = 1048576 (custom)
2019-09-25 12:39:26,109 [pool-187-thread-1] INFO  server.RaftServerConfigKeys (ConfUtils.java:logGet(43)) - raft.server.log.preallocated.size = 16384 (custom)
2019-09-25 12:39:26,109 [pool-187-thread-1] INFO  server.RaftServerConfigKeys (ConfUtils.java:logGet(43)) - raft.server.log.write.buffer.size = 33554432 (custom)
2019-09-25 12:39:26,109 [pool-187-thread-1] INFO  server.RaftServerConfigKeys (ConfUtils.java:logGet(43)) - raft.server.log.force.sync.num = 128 (default)
2019-09-25 12:39:26,109 [pool-187-thread-1] INFO  server.RaftServerConfigKeys (ConfUtils.java:logGet(43)) - raft.server.log.statemachine.data.sync = true (default)
2019-09-25 12:39:26,109 [pool-187-thread-1] INFO  server.RaftServerConfigKeys (ConfUtils.java:logGet(43)) - raft.server.log.statemachine.data.sync.timeout = 10s (default)
2019-09-25 12:39:26,109 [pool-187-thread-1] INFO  server.RaftServerConfigKeys (ConfUtils.java:logGet(43)) - raft.server.log.statemachine.data.sync.timeout.retry = -1 (default)
2019-09-25 12:39:26,110 [pool-187-thread-1] INFO  server.RaftServerConfigKeys (ConfUtils.java:logGet(43)) - raft.server.log.statemachine.data.caching.enabled = true (custom)
2019-09-25 12:39:26,110 [pool-187-thread-1] INFO  segmented.SegmentedRaftLogWorker (SegmentedRaftLogWorker.java:lambda$new$0(132)) - 74747a45-069f-47fa-93d6-d0dc14d0049d@group-B6D4B8BB2CF9-SegmentedRaftLogWorker: flushIndex: setUnconditionally 0 -> -1
2019-09-25 12:39:26,110 [pool-187-thread-1] INFO  server.RaftServerConfigKeys (ConfUtils.java:logGet(43)) - raft.server.snapshot.auto.trigger.enabled = true (custom)
2019-09-25 12:39:26,110 [pool-187-thread-1] INFO  server.RaftServerConfigKeys (ConfUtils.java:logGet(43)) - raft.server.snapshot.auto.trigger.threshold = 10000 (custom)
2019-09-25 12:39:26,110 [pool-187-thread-1] INFO  server.RaftServerConfigKeys (ConfUtils.java:logGet(43)) - raft.server.snapshot.retention.num.files = 5 (custom)
2019-09-25 12:39:26,111 [pool-187-thread-1] INFO  server.RaftServerConfigKeys (ConfUtils.java:logGet(43)) - raft.server.retrycache.expirytime = 600000ms (custom)
2019-09-25 12:39:26,112 [pool-187-thread-1] INFO  impl.RaftServerImpl (RaftServerImpl.java:start(185)) - 74747a45-069f-47fa-93d6-d0dc14d0049d@group-B6D4B8BB2CF9: start as a follower, conf=-1: [74747a45-069f-47fa-93d6-d0dc14d0049d:192.168.151.73:43018], old=null
2019-09-25 12:39:26,112 [pool-187-thread-1] INFO  impl.RaftServerImpl (RaftServerImpl.java:setRole(174)) - 74747a45-069f-47fa-93d6-d0dc14d0049d@group-B6D4B8BB2CF9: changes role from      null to FOLLOWER at term 0 for startAsFollower
2019-09-25 12:39:26,112 [pool-187-thread-1] INFO  impl.RoleInfo (RoleInfo.java:updateAndGet(143)) - 74747a45-069f-47fa-93d6-d0dc14d0049d: start FollowerState
2019-09-25 12:39:26,112 [pool-187-thread-1] INFO  util.JmxRegister (JmxRegister.java:tryRegister(44)) - Successfully registered JMX Bean with object name Ratis:service=RaftServer,group=group-B6D4B8BB2CF9,id=74747a45-069f-47fa-93d6-d0dc14d0049d
2019-09-25 12:39:26,116 [RatisPipelineUtilsThread] INFO  pipeline.PipelineStateManager (PipelineStateManager.java:addPipeline(56)) - Created pipeline Pipeline[ Id: 50c090d7-abe5-4a93-b191-b6d4b8bb2cf9, Nodes: 74747a45-069f-47fa-93d6-d0dc14d0049d{ip: 192.168.151.73, host: pr-hdds-1569-shd4m-3693607622, networkLocation: /default-rack, certSerialId: null}, Type:RATIS, Factor:ONE, State:OPEN]
2019-09-25 12:39:26,124 [grpc-default-executor-0] INFO  impl.RaftServerProxy (RaftServerProxy.java:addNew(89)) - 8084e3dc-a4cf-4231-afde-79a41fa6d4d0: addNew group-7E8A33F1B50E:[8084e3dc-a4cf-4231-afde-79a41fa6d4d0:192.168.151.73:41876] returns group-7E8A33F1B50E:java.util.concurrent.CompletableFuture@47872cf3[Not completed]
2019-09-25 12:39:26,125 [pool-197-thread-1] INFO  impl.RaftServerImpl (RaftServerImpl.java:<init>(95)) - 8084e3dc-a4cf-4231-afde-79a41fa6d4d0: new RaftServerImpl for group-7E8A33F1B50E:[8084e3dc-a4cf-4231-afde-79a41fa6d4d0:192.168.151.73:41876] with ContainerStateMachine:uninitialized
2019-09-25 12:39:26,125 [pool-197-thread-1] INFO  server.RaftServerConfigKeys (ConfUtils.java:logGet(43)) - raft.server.rpc.timeout.min = 5s (custom)
2019-09-25 12:39:26,125 [pool-197-thread-1] INFO  server.RaftServerConfigKeys (ConfUtils.java:logGet(43)) - raft.server.rpc.timeout.max = 5200ms (custom)
2019-09-25 12:39:26,125 [pool-197-thread-1] INFO  server.RaftServerConfigKeys (ConfUtils.java:logGet(43)) - raft.server.rpcslowness.timeout = 120s (custom)
2019-09-25 12:39:26,125 [pool-197-thread-1] INFO  server.RaftServerConfigKeys (ConfUtils.java:logGet(43)) - raft.server.sleep.deviation.threshold = 300 (default)
2019-09-25 12:39:26,125 [pool-197-thread-1] INFO  server.RaftServerConfigKeys (ConfUtils.java:logGet(43)) - raft.server.log.appender.install.snapshot.enabled = false (custom)
2019-09-25 12:39:26,125 [pool-197-thread-1] INFO  impl.RaftServerImpl (ServerState.java:<init>(103)) - 8084e3dc-a4cf-4231-afde-79a41fa6d4d0@group-7E8A33F1B50E: ConfigurationManager, init=-1: [8084e3dc-a4cf-4231-afde-79a41fa6d4d0:192.168.151.73:41876], old=null, confs=<EMPTY_MAP>
2019-09-25 12:39:26,126 [pool-197-thread-1] INFO  server.RaftServerConfigKeys (ConfUtils.java:logGet(43)) - raft.server.storage.dir = [/workdir/hadoop-ozone/integration-test/target/test-dir/MiniOzoneClusterImpl-12653923-402e-414c-9497-4da48b930a89/datanode-2/data/ratis] (custom)
2019-09-25 12:39:26,126 [pool-197-thread-1] INFO  storage.RaftStorageDirectory (RaftStorageDirectory.java:analyzeStorage(246)) - The storage directory /workdir/hadoop-ozone/integration-test/target/test-dir/MiniOzoneClusterImpl-12653923-402e-414c-9497-4da48b930a89/datanode-2/data/ratis/6b7c750a-b7c6-4899-8833-7e8a33f1b50e does not exist. Creating ...
2019-09-25 12:39:26,139 [pool-197-thread-1] INFO  storage.RaftStorageDirectory (RaftStorageDirectory.java:tryLock(328)) - Lock on /workdir/hadoop-ozone/integration-test/target/test-dir/MiniOzoneClusterImpl-12653923-402e-414c-9497-4da48b930a89/datanode-2/data/ratis/6b7c750a-b7c6-4899-8833-7e8a33f1b50e/in_use.lock acquired by nodename 9642@pr-hdds-1569-shd4m-3693607622
2019-09-25 12:39:26,151 [pool-197-thread-1] INFO  storage.RaftStorage (RaftStorage.java:format(72)) - Storage directory /workdir/hadoop-ozone/integration-test/target/test-dir/MiniOzoneClusterImpl-12653923-402e-414c-9497-4da48b930a89/datanode-2/data/ratis/6b7c750a-b7c6-4899-8833-7e8a33f1b50e has been successfully formatted.
2019-09-25 12:39:26,152 [pool-197-thread-1] INFO  ratis.ContainerStateMachine (ContainerStateMachine.java:loadSnapshot(230)) - group-7E8A33F1B50E: The snapshot info is null. Setting the last applied indexto:(t:0, i:~)
2019-09-25 12:39:26,152 [pool-197-thread-1] INFO  server.RaftServerConfigKeys (ConfUtils.java:logGet(43)) - raft.server.notification.no-leader.timeout = 120s (custom)
2019-09-25 12:39:26,152 [pool-197-thread-1] INFO  server.RaftServerConfigKeys (ConfUtils.java:logGet(43)) - raft.server.log.use.memory = false (default)
2019-09-25 12:39:26,152 [pool-197-thread-1] INFO  server.RaftServerConfigKeys (ConfUtils.java:logGet(43)) - raft.server.log.purge.gap = 1000000 (custom)
2019-09-25 12:39:26,152 [pool-197-thread-1] INFO  server.RaftServerConfigKeys (ConfUtils.java:logGet(43)) - raft.server.log.appender.buffer.byte-limit = 33554432 (custom)
2019-09-25 12:39:26,152 [pool-197-thread-1] INFO  server.RaftServerConfigKeys (ConfUtils.java:logGet(43)) - raft.server.log.segment.size.max = 1048576 (custom)
2019-09-25 12:39:26,153 [pool-197-thread-1] INFO  server.RaftServerConfigKeys (ConfUtils.java:logGet(43)) - raft.server.log.segment.cache.num.max = 2 (custom)
2019-09-25 12:39:26,153 [pool-197-thread-1] INFO  segmented.SegmentedRaftLogWorker (SegmentedRaftLogWorker.java:<init>(172)) - new 8084e3dc-a4cf-4231-afde-79a41fa6d4d0@group-7E8A33F1B50E-SegmentedRaftLogWorker for RaftStorage:Storage Directory /workdir/hadoop-ozone/integration-test/target/test-dir/MiniOzoneClusterImpl-12653923-402e-414c-9497-4da48b930a89/datanode-2/data/ratis/6b7c750a-b7c6-4899-8833-7e8a33f1b50e
2019-09-25 12:39:26,154 [pool-197-thread-1] INFO  server.RaftServerConfigKeys (ConfUtils.java:logGet(43)) - raft.server.log.queue.byte-limit = 2147483647 (custom)
2019-09-25 12:39:26,154 [pool-197-thread-1] INFO  server.RaftServerConfigKeys (ConfUtils.java:logGet(43)) - raft.server.log.queue.element-limit = 1024 (custom)
2019-09-25 12:39:26,155 [pool-197-thread-1] INFO  server.RaftServerConfigKeys (ConfUtils.java:logGet(43)) - raft.server.log.segment.size.max = 1048576 (custom)
2019-09-25 12:39:26,155 [pool-197-thread-1] INFO  server.RaftServerConfigKeys (ConfUtils.java:logGet(43)) - raft.server.log.preallocated.size = 16384 (custom)
2019-09-25 12:39:26,155 [pool-197-thread-1] INFO  server.RaftServerConfigKeys (ConfUtils.java:logGet(43)) - raft.server.log.write.buffer.size = 33554432 (custom)
2019-09-25 12:39:26,155 [pool-197-thread-1] INFO  server.RaftServerConfigKeys (ConfUtils.java:logGet(43)) - raft.server.log.force.sync.num = 128 (default)
2019-09-25 12:39:26,155 [pool-197-thread-1] INFO  server.RaftServerConfigKeys (ConfUtils.java:logGet(43)) - raft.server.log.statemachine.data.sync = true (default)
2019-09-25 12:39:26,155 [pool-197-thread-1] INFO  server.RaftServerConfigKeys (ConfUtils.java:logGet(43)) - raft.server.log.statemachine.data.sync.timeout = 10s (default)
2019-09-25 12:39:26,156 [pool-197-thread-1] INFO  server.RaftServerConfigKeys (ConfUtils.java:logGet(43)) - raft.server.log.statemachine.data.sync.timeout.retry = -1 (default)
2019-09-25 12:39:26,156 [pool-197-thread-1] INFO  server.RaftServerConfigKeys (ConfUtils.java:logGet(43)) - raft.server.log.statemachine.data.caching.enabled = true (custom)
2019-09-25 12:39:26,156 [pool-197-thread-1] INFO  segmented.SegmentedRaftLogWorker (SegmentedRaftLogWorker.java:lambda$new$0(132)) - 8084e3dc-a4cf-4231-afde-79a41fa6d4d0@group-7E8A33F1B50E-SegmentedRaftLogWorker: flushIndex: setUnconditionally 0 -> -1
2019-09-25 12:39:26,156 [pool-197-thread-1] INFO  server.RaftServerConfigKeys (ConfUtils.java:logGet(43)) - raft.server.snapshot.auto.trigger.enabled = true (custom)
2019-09-25 12:39:26,157 [pool-197-thread-1] INFO  server.RaftServerConfigKeys (ConfUtils.java:logGet(43)) - raft.server.snapshot.auto.trigger.threshold = 10000 (custom)
2019-09-25 12:39:26,157 [pool-197-thread-1] INFO  server.RaftServerConfigKeys (ConfUtils.java:logGet(43)) - raft.server.snapshot.retention.num.files = 5 (custom)
2019-09-25 12:39:26,157 [pool-197-thread-1] INFO  server.RaftServerConfigKeys (ConfUtils.java:logGet(43)) - raft.server.retrycache.expirytime = 600000ms (custom)
2019-09-25 12:39:26,158 [pool-197-thread-1] INFO  impl.RaftServerImpl (RaftServerImpl.java:start(185)) - 8084e3dc-a4cf-4231-afde-79a41fa6d4d0@group-7E8A33F1B50E: start as a follower, conf=-1: [8084e3dc-a4cf-4231-afde-79a41fa6d4d0:192.168.151.73:41876], old=null
2019-09-25 12:39:26,159 [pool-197-thread-1] INFO  impl.RaftServerImpl (RaftServerImpl.java:setRole(174)) - 8084e3dc-a4cf-4231-afde-79a41fa6d4d0@group-7E8A33F1B50E: changes role from      null to FOLLOWER at term 0 for startAsFollower
2019-09-25 12:39:26,159 [pool-197-thread-1] INFO  impl.RoleInfo (RoleInfo.java:updateAndGet(143)) - 8084e3dc-a4cf-4231-afde-79a41fa6d4d0: start FollowerState
2019-09-25 12:39:26,159 [pool-197-thread-1] INFO  util.JmxRegister (JmxRegister.java:tryRegister(44)) - Successfully registered JMX Bean with object name Ratis:service=RaftServer,group=group-7E8A33F1B50E,id=8084e3dc-a4cf-4231-afde-79a41fa6d4d0
2019-09-25 12:39:26,161 [RatisPipelineUtilsThread] INFO  pipeline.PipelineStateManager (PipelineStateManager.java:addPipeline(56)) - Created pipeline Pipeline[ Id: 6b7c750a-b7c6-4899-8833-7e8a33f1b50e, Nodes: 8084e3dc-a4cf-4231-afde-79a41fa6d4d0{ip: 192.168.151.73, host: pr-hdds-1569-shd4m-3693607622, networkLocation: /default-rack, certSerialId: null}, Type:RATIS, Factor:ONE, State:OPEN]
2019-09-25 12:39:26,167 [grpc-default-executor-0] INFO  impl.RaftServerProxy (RaftServerProxy.java:addNew(89)) - 74747a45-069f-47fa-93d6-d0dc14d0049d: addNew group-E7FAF32B24C6:[74747a45-069f-47fa-93d6-d0dc14d0049d:192.168.151.73:43018] returns group-E7FAF32B24C6:java.util.concurrent.CompletableFuture@17274988[Not completed]
2019-09-25 12:39:26,168 [pool-187-thread-1] INFO  impl.RaftServerImpl (RaftServerImpl.java:<init>(95)) - 74747a45-069f-47fa-93d6-d0dc14d0049d: new RaftServerImpl for group-E7FAF32B24C6:[74747a45-069f-47fa-93d6-d0dc14d0049d:192.168.151.73:43018] with ContainerStateMachine:uninitialized
2019-09-25 12:39:26,168 [pool-187-thread-1] INFO  server.RaftServerConfigKeys (ConfUtils.java:logGet(43)) - raft.server.rpc.timeout.min = 5s (custom)
2019-09-25 12:39:26,168 [pool-187-thread-1] INFO  server.RaftServerConfigKeys (ConfUtils.java:logGet(43)) - raft.server.rpc.timeout.max = 5200ms (custom)
2019-09-25 12:39:26,168 [pool-187-thread-1] INFO  server.RaftServerConfigKeys (ConfUtils.java:logGet(43)) - raft.server.rpcslowness.timeout = 120s (custom)
2019-09-25 12:39:26,168 [pool-187-thread-1] INFO  server.RaftServerConfigKeys (ConfUtils.java:logGet(43)) - raft.server.sleep.deviation.threshold = 300 (default)
2019-09-25 12:39:26,168 [pool-187-thread-1] INFO  server.RaftServerConfigKeys (ConfUtils.java:logGet(43)) - raft.server.log.appender.install.snapshot.enabled = false (custom)
2019-09-25 12:39:26,168 [pool-187-thread-1] INFO  impl.RaftServerImpl (ServerState.java:<init>(103)) - 74747a45-069f-47fa-93d6-d0dc14d0049d@group-E7FAF32B24C6: ConfigurationManager, init=-1: [74747a45-069f-47fa-93d6-d0dc14d0049d:192.168.151.73:43018], old=null, confs=<EMPTY_MAP>
2019-09-25 12:39:26,169 [pool-187-thread-1] INFO  server.RaftServerConfigKeys (ConfUtils.java:logGet(43)) - raft.server.storage.dir = [/workdir/hadoop-ozone/integration-test/target/test-dir/MiniOzoneClusterImpl-12653923-402e-414c-9497-4da48b930a89/datanode-1/data/ratis] (custom)
2019-09-25 12:39:26,169 [pool-187-thread-1] INFO  storage.RaftStorageDirectory (RaftStorageDirectory.java:analyzeStorage(246)) - The storage directory /workdir/hadoop-ozone/integration-test/target/test-dir/MiniOzoneClusterImpl-12653923-402e-414c-9497-4da48b930a89/datanode-1/data/ratis/ee90ebc6-7a26-4c6b-92a0-e7faf32b24c6 does not exist. Creating ...
2019-09-25 12:39:26,181 [pool-187-thread-1] INFO  storage.RaftStorageDirectory (RaftStorageDirectory.java:tryLock(328)) - Lock on /workdir/hadoop-ozone/integration-test/target/test-dir/MiniOzoneClusterImpl-12653923-402e-414c-9497-4da48b930a89/datanode-1/data/ratis/ee90ebc6-7a26-4c6b-92a0-e7faf32b24c6/in_use.lock acquired by nodename 9642@pr-hdds-1569-shd4m-3693607622
2019-09-25 12:39:26,199 [pool-187-thread-1] INFO  storage.RaftStorage (RaftStorage.java:format(72)) - Storage directory /workdir/hadoop-ozone/integration-test/target/test-dir/MiniOzoneClusterImpl-12653923-402e-414c-9497-4da48b930a89/datanode-1/data/ratis/ee90ebc6-7a26-4c6b-92a0-e7faf32b24c6 has been successfully formatted.
2019-09-25 12:39:26,199 [pool-187-thread-1] INFO  ratis.ContainerStateMachine (ContainerStateMachine.java:loadSnapshot(230)) - group-E7FAF32B24C6: The snapshot info is null. Setting the last applied indexto:(t:0, i:~)
2019-09-25 12:39:26,199 [pool-187-thread-1] INFO  server.RaftServerConfigKeys (ConfUtils.java:logGet(43)) - raft.server.notification.no-leader.timeout = 120s (custom)
2019-09-25 12:39:26,199 [pool-187-thread-1] INFO  server.RaftServerConfigKeys (ConfUtils.java:logGet(43)) - raft.server.log.use.memory = false (default)
2019-09-25 12:39:26,200 [pool-187-thread-1] INFO  server.RaftServerConfigKeys (ConfUtils.java:logGet(43)) - raft.server.log.purge.gap = 1000000 (custom)
2019-09-25 12:39:26,200 [pool-187-thread-1] INFO  server.RaftServerConfigKeys (ConfUtils.java:logGet(43)) - raft.server.log.appender.buffer.byte-limit = 33554432 (custom)
2019-09-25 12:39:26,200 [pool-187-thread-1] INFO  server.RaftServerConfigKeys (ConfUtils.java:logGet(43)) - raft.server.log.segment.size.max = 1048576 (custom)
2019-09-25 12:39:26,200 [pool-187-thread-1] INFO  server.RaftServerConfigKeys (ConfUtils.java:logGet(43)) - raft.server.log.segment.cache.num.max = 2 (custom)
2019-09-25 12:39:26,200 [pool-187-thread-1] INFO  segmented.SegmentedRaftLogWorker (SegmentedRaftLogWorker.java:<init>(172)) - new 74747a45-069f-47fa-93d6-d0dc14d0049d@group-E7FAF32B24C6-SegmentedRaftLogWorker for RaftStorage:Storage Directory /workdir/hadoop-ozone/integration-test/target/test-dir/MiniOzoneClusterImpl-12653923-402e-414c-9497-4da48b930a89/datanode-1/data/ratis/ee90ebc6-7a26-4c6b-92a0-e7faf32b24c6
2019-09-25 12:39:26,201 [pool-187-thread-1] INFO  server.RaftServerConfigKeys (ConfUtils.java:logGet(43)) - raft.server.log.queue.byte-limit = 2147483647 (custom)
2019-09-25 12:39:26,201 [pool-187-thread-1] INFO  server.RaftServerConfigKeys (ConfUtils.java:logGet(43)) - raft.server.log.queue.element-limit = 1024 (custom)
2019-09-25 12:39:26,201 [pool-187-thread-1] INFO  server.RaftServerConfigKeys (ConfUtils.java:logGet(43)) - raft.server.log.segment.size.max = 1048576 (custom)
2019-09-25 12:39:26,201 [pool-187-thread-1] INFO  server.RaftServerConfigKeys (ConfUtils.java:logGet(43)) - raft.server.log.preallocated.size = 16384 (custom)
2019-09-25 12:39:26,201 [pool-187-thread-1] INFO  server.RaftServerConfigKeys (ConfUtils.java:logGet(43)) - raft.server.log.write.buffer.size = 33554432 (custom)
2019-09-25 12:39:26,202 [pool-187-thread-1] INFO  server.RaftServerConfigKeys (ConfUtils.java:logGet(43)) - raft.server.log.force.sync.num = 128 (default)
2019-09-25 12:39:26,202 [pool-187-thread-1] INFO  server.RaftServerConfigKeys (ConfUtils.java:logGet(43)) - raft.server.log.statemachine.data.sync = true (default)
2019-09-25 12:39:26,202 [pool-187-thread-1] INFO  server.RaftServerConfigKeys (ConfUtils.java:logGet(43)) - raft.server.log.statemachine.data.sync.timeout = 10s (default)
2019-09-25 12:39:26,202 [pool-187-thread-1] INFO  server.RaftServerConfigKeys (ConfUtils.java:logGet(43)) - raft.server.log.statemachine.data.sync.timeout.retry = -1 (default)
2019-09-25 12:39:26,202 [pool-187-thread-1] INFO  server.RaftServerConfigKeys (ConfUtils.java:logGet(43)) - raft.server.log.statemachine.data.caching.enabled = true (custom)
2019-09-25 12:39:26,203 [pool-187-thread-1] INFO  segmented.SegmentedRaftLogWorker (SegmentedRaftLogWorker.java:lambda$new$0(132)) - 74747a45-069f-47fa-93d6-d0dc14d0049d@group-E7FAF32B24C6-SegmentedRaftLogWorker: flushIndex: setUnconditionally 0 -> -1
2019-09-25 12:39:26,203 [pool-187-thread-1] INFO  server.RaftServerConfigKeys (ConfUtils.java:logGet(43)) - raft.server.snapshot.auto.trigger.enabled = true (custom)
2019-09-25 12:39:26,203 [pool-187-thread-1] INFO  server.RaftServerConfigKeys (ConfUtils.java:logGet(43)) - raft.server.snapshot.auto.trigger.threshold = 10000 (custom)
2019-09-25 12:39:26,204 [pool-187-thread-1] INFO  server.RaftServerConfigKeys (ConfUtils.java:logGet(43)) - raft.server.snapshot.retention.num.files = 5 (custom)
2019-09-25 12:39:26,204 [pool-187-thread-1] INFO  server.RaftServerConfigKeys (ConfUtils.java:logGet(43)) - raft.server.retrycache.expirytime = 600000ms (custom)
2019-09-25 12:39:26,206 [pool-187-thread-1] INFO  impl.RaftServerImpl (RaftServerImpl.java:start(185)) - 74747a45-069f-47fa-93d6-d0dc14d0049d@group-E7FAF32B24C6: start as a follower, conf=-1: [74747a45-069f-47fa-93d6-d0dc14d0049d:192.168.151.73:43018], old=null
2019-09-25 12:39:26,206 [pool-187-thread-1] INFO  impl.RaftServerImpl (RaftServerImpl.java:setRole(174)) - 74747a45-069f-47fa-93d6-d0dc14d0049d@group-E7FAF32B24C6: changes role from      null to FOLLOWER at term 0 for startAsFollower
2019-09-25 12:39:26,206 [pool-187-thread-1] INFO  impl.RoleInfo (RoleInfo.java:updateAndGet(143)) - 74747a45-069f-47fa-93d6-d0dc14d0049d: start FollowerState
2019-09-25 12:39:26,207 [pool-187-thread-1] INFO  util.JmxRegister (JmxRegister.java:tryRegister(44)) - Successfully registered JMX Bean with object name Ratis:service=RaftServer,group=group-E7FAF32B24C6,id=74747a45-069f-47fa-93d6-d0dc14d0049d
2019-09-25 12:39:26,210 [RatisPipelineUtilsThread] INFO  pipeline.PipelineStateManager (PipelineStateManager.java:addPipeline(56)) - Created pipeline Pipeline[ Id: ee90ebc6-7a26-4c6b-92a0-e7faf32b24c6, Nodes: 74747a45-069f-47fa-93d6-d0dc14d0049d{ip: 192.168.151.73, host: pr-hdds-1569-shd4m-3693607622, networkLocation: /default-rack, certSerialId: null}, Type:RATIS, Factor:ONE, State:OPEN]
2019-09-25 12:39:26,215 [grpc-default-executor-0] INFO  impl.RaftServerProxy (RaftServerProxy.java:addNew(89)) - caca59b4-8b4f-412e-bec0-7379afe8035b: addNew group-F84442F58847:[caca59b4-8b4f-412e-bec0-7379afe8035b:192.168.151.73:45500] returns group-F84442F58847:java.util.concurrent.CompletableFuture@29ef60a6[Not completed]
2019-09-25 12:39:26,216 [pool-177-thread-1] INFO  impl.RaftServerImpl (RaftServerImpl.java:<init>(95)) - caca59b4-8b4f-412e-bec0-7379afe8035b: new RaftServerImpl for group-F84442F58847:[caca59b4-8b4f-412e-bec0-7379afe8035b:192.168.151.73:45500] with ContainerStateMachine:uninitialized
2019-09-25 12:39:26,217 [pool-177-thread-1] INFO  server.RaftServerConfigKeys (ConfUtils.java:logGet(43)) - raft.server.rpc.timeout.min = 5s (custom)
2019-09-25 12:39:26,217 [pool-177-thread-1] INFO  server.RaftServerConfigKeys (ConfUtils.java:logGet(43)) - raft.server.rpc.timeout.max = 5200ms (custom)
2019-09-25 12:39:26,217 [pool-177-thread-1] INFO  server.RaftServerConfigKeys (ConfUtils.java:logGet(43)) - raft.server.rpcslowness.timeout = 120s (custom)
2019-09-25 12:39:26,217 [pool-177-thread-1] INFO  server.RaftServerConfigKeys (ConfUtils.java:logGet(43)) - raft.server.sleep.deviation.threshold = 300 (default)
2019-09-25 12:39:26,217 [pool-177-thread-1] INFO  server.RaftServerConfigKeys (ConfUtils.java:logGet(43)) - raft.server.log.appender.install.snapshot.enabled = false (custom)
2019-09-25 12:39:26,217 [pool-177-thread-1] INFO  impl.RaftServerImpl (ServerState.java:<init>(103)) - caca59b4-8b4f-412e-bec0-7379afe8035b@group-F84442F58847: ConfigurationManager, init=-1: [caca59b4-8b4f-412e-bec0-7379afe8035b:192.168.151.73:45500], old=null, confs=<EMPTY_MAP>
2019-09-25 12:39:26,217 [pool-177-thread-1] INFO  server.RaftServerConfigKeys (ConfUtils.java:logGet(43)) - raft.server.storage.dir = [/workdir/hadoop-ozone/integration-test/target/test-dir/MiniOzoneClusterImpl-12653923-402e-414c-9497-4da48b930a89/datanode-0/data/ratis] (custom)
2019-09-25 12:39:26,218 [pool-177-thread-1] INFO  storage.RaftStorageDirectory (RaftStorageDirectory.java:analyzeStorage(246)) - The storage directory /workdir/hadoop-ozone/integration-test/target/test-dir/MiniOzoneClusterImpl-12653923-402e-414c-9497-4da48b930a89/datanode-0/data/ratis/226be09b-d423-483a-883e-f84442f58847 does not exist. Creating ...
2019-09-25 12:39:26,231 [pool-177-thread-1] INFO  storage.RaftStorageDirectory (RaftStorageDirectory.java:tryLock(328)) - Lock on /workdir/hadoop-ozone/integration-test/target/test-dir/MiniOzoneClusterImpl-12653923-402e-414c-9497-4da48b930a89/datanode-0/data/ratis/226be09b-d423-483a-883e-f84442f58847/in_use.lock acquired by nodename 9642@pr-hdds-1569-shd4m-3693607622
2019-09-25 12:39:26,243 [pool-177-thread-1] INFO  storage.RaftStorage (RaftStorage.java:format(72)) - Storage directory /workdir/hadoop-ozone/integration-test/target/test-dir/MiniOzoneClusterImpl-12653923-402e-414c-9497-4da48b930a89/datanode-0/data/ratis/226be09b-d423-483a-883e-f84442f58847 has been successfully formatted.
2019-09-25 12:39:26,244 [pool-177-thread-1] INFO  ratis.ContainerStateMachine (ContainerStateMachine.java:loadSnapshot(230)) - group-F84442F58847: The snapshot info is null. Setting the last applied indexto:(t:0, i:~)
2019-09-25 12:39:26,244 [pool-177-thread-1] INFO  server.RaftServerConfigKeys (ConfUtils.java:logGet(43)) - raft.server.notification.no-leader.timeout = 120s (custom)
2019-09-25 12:39:26,244 [pool-177-thread-1] INFO  server.RaftServerConfigKeys (ConfUtils.java:logGet(43)) - raft.server.log.use.memory = false (default)
2019-09-25 12:39:26,244 [pool-177-thread-1] INFO  server.RaftServerConfigKeys (ConfUtils.java:logGet(43)) - raft.server.log.purge.gap = 1000000 (custom)
2019-09-25 12:39:26,244 [pool-177-thread-1] INFO  server.RaftServerConfigKeys (ConfUtils.java:logGet(43)) - raft.server.log.appender.buffer.byte-limit = 33554432 (custom)
2019-09-25 12:39:26,244 [pool-177-thread-1] INFO  server.RaftServerConfigKeys (ConfUtils.java:logGet(43)) - raft.server.log.segment.size.max = 1048576 (custom)
2019-09-25 12:39:26,244 [pool-177-thread-1] INFO  server.RaftServerConfigKeys (ConfUtils.java:logGet(43)) - raft.server.log.segment.cache.num.max = 2 (custom)
2019-09-25 12:39:26,245 [pool-177-thread-1] INFO  segmented.SegmentedRaftLogWorker (SegmentedRaftLogWorker.java:<init>(172)) - new caca59b4-8b4f-412e-bec0-7379afe8035b@group-F84442F58847-SegmentedRaftLogWorker for RaftStorage:Storage Directory /workdir/hadoop-ozone/integration-test/target/test-dir/MiniOzoneClusterImpl-12653923-402e-414c-9497-4da48b930a89/datanode-0/data/ratis/226be09b-d423-483a-883e-f84442f58847
2019-09-25 12:39:26,245 [pool-177-thread-1] INFO  server.RaftServerConfigKeys (ConfUtils.java:logGet(43)) - raft.server.log.queue.byte-limit = 2147483647 (custom)
2019-09-25 12:39:26,245 [pool-177-thread-1] INFO  server.RaftServerConfigKeys (ConfUtils.java:logGet(43)) - raft.server.log.queue.element-limit = 1024 (custom)
2019-09-25 12:39:26,245 [pool-177-thread-1] INFO  server.RaftServerConfigKeys (ConfUtils.java:logGet(43)) - raft.server.log.segment.size.max = 1048576 (custom)
2019-09-25 12:39:26,245 [pool-177-thread-1] INFO  server.RaftServerConfigKeys (ConfUtils.java:logGet(43)) - raft.server.log.preallocated.size = 16384 (custom)
2019-09-25 12:39:26,245 [pool-177-thread-1] INFO  server.RaftServerConfigKeys (ConfUtils.java:logGet(43)) - raft.server.log.write.buffer.size = 33554432 (custom)
2019-09-25 12:39:26,245 [pool-177-thread-1] INFO  server.RaftServerConfigKeys (ConfUtils.java:logGet(43)) - raft.server.log.force.sync.num = 128 (default)
2019-09-25 12:39:26,245 [pool-177-thread-1] INFO  server.RaftServerConfigKeys (ConfUtils.java:logGet(43)) - raft.server.log.statemachine.data.sync = true (default)
2019-09-25 12:39:26,246 [pool-177-thread-1] INFO  server.RaftServerConfigKeys (ConfUtils.java:logGet(43)) - raft.server.log.statemachine.data.sync.timeout = 10s (default)
2019-09-25 12:39:26,246 [pool-177-thread-1] INFO  server.RaftServerConfigKeys (ConfUtils.java:logGet(43)) - raft.server.log.statemachine.data.sync.timeout.retry = -1 (default)
2019-09-25 12:39:26,246 [pool-177-thread-1] INFO  server.RaftServerConfigKeys (ConfUtils.java:logGet(43)) - raft.server.log.statemachine.data.caching.enabled = true (custom)
2019-09-25 12:39:26,246 [pool-177-thread-1] INFO  segmented.SegmentedRaftLogWorker (SegmentedRaftLogWorker.java:lambda$new$0(132)) - caca59b4-8b4f-412e-bec0-7379afe8035b@group-F84442F58847-SegmentedRaftLogWorker: flushIndex: setUnconditionally 0 -> -1
2019-09-25 12:39:26,246 [pool-177-thread-1] INFO  server.RaftServerConfigKeys (ConfUtils.java:logGet(43)) - raft.server.snapshot.auto.trigger.enabled = true (custom)
2019-09-25 12:39:26,246 [pool-177-thread-1] INFO  server.RaftServerConfigKeys (ConfUtils.java:logGet(43)) - raft.server.snapshot.auto.trigger.threshold = 10000 (custom)
2019-09-25 12:39:26,247 [pool-177-thread-1] INFO  server.RaftServerConfigKeys (ConfUtils.java:logGet(43)) - raft.server.snapshot.retention.num.files = 5 (custom)
2019-09-25 12:39:26,247 [pool-177-thread-1] INFO  server.RaftServerConfigKeys (ConfUtils.java:logGet(43)) - raft.server.retrycache.expirytime = 600000ms (custom)
2019-09-25 12:39:26,248 [pool-177-thread-1] INFO  impl.RaftServerImpl (RaftServerImpl.java:start(185)) - caca59b4-8b4f-412e-bec0-7379afe8035b@group-F84442F58847: start as a follower, conf=-1: [caca59b4-8b4f-412e-bec0-7379afe8035b:192.168.151.73:45500], old=null
2019-09-25 12:39:26,248 [pool-177-thread-1] INFO  impl.RaftServerImpl (RaftServerImpl.java:setRole(174)) - caca59b4-8b4f-412e-bec0-7379afe8035b@group-F84442F58847: changes role from      null to FOLLOWER at term 0 for startAsFollower
2019-09-25 12:39:26,248 [pool-177-thread-1] INFO  impl.RoleInfo (RoleInfo.java:updateAndGet(143)) - caca59b4-8b4f-412e-bec0-7379afe8035b: start FollowerState
2019-09-25 12:39:26,249 [pool-177-thread-1] INFO  util.JmxRegister (JmxRegister.java:tryRegister(44)) - Successfully registered JMX Bean with object name Ratis:service=RaftServer,group=group-F84442F58847,id=caca59b4-8b4f-412e-bec0-7379afe8035b
2019-09-25 12:39:26,251 [RatisPipelineUtilsThread] INFO  pipeline.PipelineStateManager (PipelineStateManager.java:addPipeline(56)) - Created pipeline Pipeline[ Id: 226be09b-d423-483a-883e-f84442f58847, Nodes: caca59b4-8b4f-412e-bec0-7379afe8035b{ip: 192.168.151.73, host: pr-hdds-1569-shd4m-3693607622, networkLocation: /default-rack, certSerialId: null}, Type:RATIS, Factor:ONE, State:OPEN]
2019-09-25 12:39:26,256 [grpc-default-executor-0] INFO  impl.RaftServerProxy (RaftServerProxy.java:addNew(89)) - caca59b4-8b4f-412e-bec0-7379afe8035b: addNew group-C0ED49C4E0AB:[caca59b4-8b4f-412e-bec0-7379afe8035b:192.168.151.73:45500] returns group-C0ED49C4E0AB:java.util.concurrent.CompletableFuture@40559021[Not completed]
2019-09-25 12:39:26,257 [pool-177-thread-1] INFO  impl.RaftServerImpl (RaftServerImpl.java:<init>(95)) - caca59b4-8b4f-412e-bec0-7379afe8035b: new RaftServerImpl for group-C0ED49C4E0AB:[caca59b4-8b4f-412e-bec0-7379afe8035b:192.168.151.73:45500] with ContainerStateMachine:uninitialized
2019-09-25 12:39:26,257 [pool-177-thread-1] INFO  server.RaftServerConfigKeys (ConfUtils.java:logGet(43)) - raft.server.rpc.timeout.min = 5s (custom)
2019-09-25 12:39:26,257 [pool-177-thread-1] INFO  server.RaftServerConfigKeys (ConfUtils.java:logGet(43)) - raft.server.rpc.timeout.max = 5200ms (custom)
2019-09-25 12:39:26,257 [pool-177-thread-1] INFO  server.RaftServerConfigKeys (ConfUtils.java:logGet(43)) - raft.server.rpcslowness.timeout = 120s (custom)
2019-09-25 12:39:26,258 [pool-177-thread-1] INFO  server.RaftServerConfigKeys (ConfUtils.java:logGet(43)) - raft.server.sleep.deviation.threshold = 300 (default)
2019-09-25 12:39:26,258 [pool-177-thread-1] INFO  server.RaftServerConfigKeys (ConfUtils.java:logGet(43)) - raft.server.log.appender.install.snapshot.enabled = false (custom)
2019-09-25 12:39:26,258 [pool-177-thread-1] INFO  impl.RaftServerImpl (ServerState.java:<init>(103)) - caca59b4-8b4f-412e-bec0-7379afe8035b@group-C0ED49C4E0AB: ConfigurationManager, init=-1: [caca59b4-8b4f-412e-bec0-7379afe8035b:192.168.151.73:45500], old=null, confs=<EMPTY_MAP>
2019-09-25 12:39:26,258 [pool-177-thread-1] INFO  server.RaftServerConfigKeys (ConfUtils.java:logGet(43)) - raft.server.storage.dir = [/workdir/hadoop-ozone/integration-test/target/test-dir/MiniOzoneClusterImpl-12653923-402e-414c-9497-4da48b930a89/datanode-0/data/ratis] (custom)
2019-09-25 12:39:26,258 [pool-177-thread-1] INFO  storage.RaftStorageDirectory (RaftStorageDirectory.java:analyzeStorage(246)) - The storage directory /workdir/hadoop-ozone/integration-test/target/test-dir/MiniOzoneClusterImpl-12653923-402e-414c-9497-4da48b930a89/datanode-0/data/ratis/426409d8-1e0b-4781-937c-c0ed49c4e0ab does not exist. Creating ...
2019-09-25 12:39:26,270 [pool-177-thread-1] INFO  storage.RaftStorageDirectory (RaftStorageDirectory.java:tryLock(328)) - Lock on /workdir/hadoop-ozone/integration-test/target/test-dir/MiniOzoneClusterImpl-12653923-402e-414c-9497-4da48b930a89/datanode-0/data/ratis/426409d8-1e0b-4781-937c-c0ed49c4e0ab/in_use.lock acquired by nodename 9642@pr-hdds-1569-shd4m-3693607622
2019-09-25 12:39:26,283 [pool-177-thread-1] INFO  storage.RaftStorage (RaftStorage.java:format(72)) - Storage directory /workdir/hadoop-ozone/integration-test/target/test-dir/MiniOzoneClusterImpl-12653923-402e-414c-9497-4da48b930a89/datanode-0/data/ratis/426409d8-1e0b-4781-937c-c0ed49c4e0ab has been successfully formatted.
2019-09-25 12:39:26,283 [pool-177-thread-1] INFO  ratis.ContainerStateMachine (ContainerStateMachine.java:loadSnapshot(230)) - group-C0ED49C4E0AB: The snapshot info is null. Setting the last applied indexto:(t:0, i:~)
2019-09-25 12:39:26,283 [pool-177-thread-1] INFO  server.RaftServerConfigKeys (ConfUtils.java:logGet(43)) - raft.server.notification.no-leader.timeout = 120s (custom)
2019-09-25 12:39:26,283 [pool-177-thread-1] INFO  server.RaftServerConfigKeys (ConfUtils.java:logGet(43)) - raft.server.log.use.memory = false (default)
2019-09-25 12:39:26,283 [pool-177-thread-1] INFO  server.RaftServerConfigKeys (ConfUtils.java:logGet(43)) - raft.server.log.purge.gap = 1000000 (custom)
2019-09-25 12:39:26,283 [pool-177-thread-1] INFO  server.RaftServerConfigKeys (ConfUtils.java:logGet(43)) - raft.server.log.appender.buffer.byte-limit = 33554432 (custom)
2019-09-25 12:39:26,283 [pool-177-thread-1] INFO  server.RaftServerConfigKeys (ConfUtils.java:logGet(43)) - raft.server.log.segment.size.max = 1048576 (custom)
2019-09-25 12:39:26,283 [pool-177-thread-1] INFO  server.RaftServerConfigKeys (ConfUtils.java:logGet(43)) - raft.server.log.segment.cache.num.max = 2 (custom)
2019-09-25 12:39:26,283 [pool-177-thread-1] INFO  segmented.SegmentedRaftLogWorker (SegmentedRaftLogWorker.java:<init>(172)) - new caca59b4-8b4f-412e-bec0-7379afe8035b@group-C0ED49C4E0AB-SegmentedRaftLogWorker for RaftStorage:Storage Directory /workdir/hadoop-ozone/integration-test/target/test-dir/MiniOzoneClusterImpl-12653923-402e-414c-9497-4da48b930a89/datanode-0/data/ratis/426409d8-1e0b-4781-937c-c0ed49c4e0ab
2019-09-25 12:39:26,284 [pool-177-thread-1] INFO  server.RaftServerConfigKeys (ConfUtils.java:logGet(43)) - raft.server.log.queue.byte-limit = 2147483647 (custom)
2019-09-25 12:39:26,284 [pool-177-thread-1] INFO  server.RaftServerConfigKeys (ConfUtils.java:logGet(43)) - raft.server.log.queue.element-limit = 1024 (custom)
2019-09-25 12:39:26,284 [pool-177-thread-1] INFO  server.RaftServerConfigKeys (ConfUtils.java:logGet(43)) - raft.server.log.segment.size.max = 1048576 (custom)
2019-09-25 12:39:26,284 [pool-177-thread-1] INFO  server.RaftServerConfigKeys (ConfUtils.java:logGet(43)) - raft.server.log.preallocated.size = 16384 (custom)
2019-09-25 12:39:26,284 [pool-177-thread-1] INFO  server.RaftServerConfigKeys (ConfUtils.java:logGet(43)) - raft.server.log.write.buffer.size = 33554432 (custom)
2019-09-25 12:39:26,284 [pool-177-thread-1] INFO  server.RaftServerConfigKeys (ConfUtils.java:logGet(43)) - raft.server.log.force.sync.num = 128 (default)
2019-09-25 12:39:26,284 [pool-177-thread-1] INFO  server.RaftServerConfigKeys (ConfUtils.java:logGet(43)) - raft.server.log.statemachine.data.sync = true (default)
2019-09-25 12:39:26,284 [pool-177-thread-1] INFO  server.RaftServerConfigKeys (ConfUtils.java:logGet(43)) - raft.server.log.statemachine.data.sync.timeout = 10s (default)
2019-09-25 12:39:26,284 [pool-177-thread-1] INFO  server.RaftServerConfigKeys (ConfUtils.java:logGet(43)) - raft.server.log.statemachine.data.sync.timeout.retry = -1 (default)
2019-09-25 12:39:26,284 [pool-177-thread-1] INFO  server.RaftServerConfigKeys (ConfUtils.java:logGet(43)) - raft.server.log.statemachine.data.caching.enabled = true (custom)
2019-09-25 12:39:26,285 [pool-177-thread-1] INFO  segmented.SegmentedRaftLogWorker (SegmentedRaftLogWorker.java:lambda$new$0(132)) - caca59b4-8b4f-412e-bec0-7379afe8035b@group-C0ED49C4E0AB-SegmentedRaftLogWorker: flushIndex: setUnconditionally 0 -> -1
2019-09-25 12:39:26,285 [pool-177-thread-1] INFO  server.RaftServerConfigKeys (ConfUtils.java:logGet(43)) - raft.server.snapshot.auto.trigger.enabled = true (custom)
2019-09-25 12:39:26,285 [pool-177-thread-1] INFO  server.RaftServerConfigKeys (ConfUtils.java:logGet(43)) - raft.server.snapshot.auto.trigger.threshold = 10000 (custom)
2019-09-25 12:39:26,285 [pool-177-thread-1] INFO  server.RaftServerConfigKeys (ConfUtils.java:logGet(43)) - raft.server.snapshot.retention.num.files = 5 (custom)
2019-09-25 12:39:26,285 [pool-177-thread-1] INFO  server.RaftServerConfigKeys (ConfUtils.java:logGet(43)) - raft.server.retrycache.expirytime = 600000ms (custom)
2019-09-25 12:39:26,286 [pool-177-thread-1] INFO  impl.RaftServerImpl (RaftServerImpl.java:start(185)) - caca59b4-8b4f-412e-bec0-7379afe8035b@group-C0ED49C4E0AB: start as a follower, conf=-1: [caca59b4-8b4f-412e-bec0-7379afe8035b:192.168.151.73:45500], old=null
2019-09-25 12:39:26,287 [pool-177-thread-1] INFO  impl.RaftServerImpl (RaftServerImpl.java:setRole(174)) - caca59b4-8b4f-412e-bec0-7379afe8035b@group-C0ED49C4E0AB: changes role from      null to FOLLOWER at term 0 for startAsFollower
2019-09-25 12:39:26,287 [pool-177-thread-1] INFO  impl.RoleInfo (RoleInfo.java:updateAndGet(143)) - caca59b4-8b4f-412e-bec0-7379afe8035b: start FollowerState
2019-09-25 12:39:26,287 [pool-177-thread-1] INFO  util.JmxRegister (JmxRegister.java:tryRegister(44)) - Successfully registered JMX Bean with object name Ratis:service=RaftServer,group=group-C0ED49C4E0AB,id=caca59b4-8b4f-412e-bec0-7379afe8035b
2019-09-25 12:39:26,289 [RatisPipelineUtilsThread] INFO  pipeline.PipelineStateManager (PipelineStateManager.java:addPipeline(56)) - Created pipeline Pipeline[ Id: 426409d8-1e0b-4781-937c-c0ed49c4e0ab, Nodes: caca59b4-8b4f-412e-bec0-7379afe8035b{ip: 192.168.151.73, host: pr-hdds-1569-shd4m-3693607622, networkLocation: /default-rack, certSerialId: null}, Type:RATIS, Factor:ONE, State:OPEN]
2019-09-25 12:39:26,295 [grpc-default-executor-0] INFO  impl.RaftServerProxy (RaftServerProxy.java:addNew(89)) - caca59b4-8b4f-412e-bec0-7379afe8035b: addNew group-65E255CF10B4:[caca59b4-8b4f-412e-bec0-7379afe8035b:192.168.151.73:45500] returns group-65E255CF10B4:java.util.concurrent.CompletableFuture@4cb2f6d5[Not completed]
2019-09-25 12:39:26,295 [pool-177-thread-1] INFO  impl.RaftServerImpl (RaftServerImpl.java:<init>(95)) - caca59b4-8b4f-412e-bec0-7379afe8035b: new RaftServerImpl for group-65E255CF10B4:[caca59b4-8b4f-412e-bec0-7379afe8035b:192.168.151.73:45500] with ContainerStateMachine:uninitialized
2019-09-25 12:39:26,295 [pool-177-thread-1] INFO  server.RaftServerConfigKeys (ConfUtils.java:logGet(43)) - raft.server.rpc.timeout.min = 5s (custom)
2019-09-25 12:39:26,296 [pool-177-thread-1] INFO  server.RaftServerConfigKeys (ConfUtils.java:logGet(43)) - raft.server.rpc.timeout.max = 5200ms (custom)
2019-09-25 12:39:26,296 [pool-177-thread-1] INFO  server.RaftServerConfigKeys (ConfUtils.java:logGet(43)) - raft.server.rpcslowness.timeout = 120s (custom)
2019-09-25 12:39:26,296 [pool-177-thread-1] INFO  server.RaftServerConfigKeys (ConfUtils.java:logGet(43)) - raft.server.sleep.deviation.threshold = 300 (default)
2019-09-25 12:39:26,296 [pool-177-thread-1] INFO  server.RaftServerConfigKeys (ConfUtils.java:logGet(43)) - raft.server.log.appender.install.snapshot.enabled = false (custom)
2019-09-25 12:39:26,296 [pool-177-thread-1] INFO  impl.RaftServerImpl (ServerState.java:<init>(103)) - caca59b4-8b4f-412e-bec0-7379afe8035b@group-65E255CF10B4: ConfigurationManager, init=-1: [caca59b4-8b4f-412e-bec0-7379afe8035b:192.168.151.73:45500], old=null, confs=<EMPTY_MAP>
2019-09-25 12:39:26,296 [pool-177-thread-1] INFO  server.RaftServerConfigKeys (ConfUtils.java:logGet(43)) - raft.server.storage.dir = [/workdir/hadoop-ozone/integration-test/target/test-dir/MiniOzoneClusterImpl-12653923-402e-414c-9497-4da48b930a89/datanode-0/data/ratis] (custom)
2019-09-25 12:39:26,296 [pool-177-thread-1] INFO  storage.RaftStorageDirectory (RaftStorageDirectory.java:analyzeStorage(246)) - The storage directory /workdir/hadoop-ozone/integration-test/target/test-dir/MiniOzoneClusterImpl-12653923-402e-414c-9497-4da48b930a89/datanode-0/data/ratis/c438bd6c-073f-4b7c-b6af-65e255cf10b4 does not exist. Creating ...
2019-09-25 12:39:26,309 [pool-177-thread-1] INFO  storage.RaftStorageDirectory (RaftStorageDirectory.java:tryLock(328)) - Lock on /workdir/hadoop-ozone/integration-test/target/test-dir/MiniOzoneClusterImpl-12653923-402e-414c-9497-4da48b930a89/datanode-0/data/ratis/c438bd6c-073f-4b7c-b6af-65e255cf10b4/in_use.lock acquired by nodename 9642@pr-hdds-1569-shd4m-3693607622
2019-09-25 12:39:26,321 [pool-177-thread-1] INFO  storage.RaftStorage (RaftStorage.java:format(72)) - Storage directory /workdir/hadoop-ozone/integration-test/target/test-dir/MiniOzoneClusterImpl-12653923-402e-414c-9497-4da48b930a89/datanode-0/data/ratis/c438bd6c-073f-4b7c-b6af-65e255cf10b4 has been successfully formatted.
2019-09-25 12:39:26,321 [pool-177-thread-1] INFO  ratis.ContainerStateMachine (ContainerStateMachine.java:loadSnapshot(230)) - group-65E255CF10B4: The snapshot info is null. Setting the last applied indexto:(t:0, i:~)
2019-09-25 12:39:26,321 [pool-177-thread-1] INFO  server.RaftServerConfigKeys (ConfUtils.java:logGet(43)) - raft.server.notification.no-leader.timeout = 120s (custom)
2019-09-25 12:39:26,321 [pool-177-thread-1] INFO  server.RaftServerConfigKeys (ConfUtils.java:logGet(43)) - raft.server.log.use.memory = false (default)
2019-09-25 12:39:26,321 [pool-177-thread-1] INFO  server.RaftServerConfigKeys (ConfUtils.java:logGet(43)) - raft.server.log.purge.gap = 1000000 (custom)
2019-09-25 12:39:26,322 [pool-177-thread-1] INFO  server.RaftServerConfigKeys (ConfUtils.java:logGet(43)) - raft.server.log.appender.buffer.byte-limit = 33554432 (custom)
2019-09-25 12:39:26,322 [pool-177-thread-1] INFO  server.RaftServerConfigKeys (ConfUtils.java:logGet(43)) - raft.server.log.segment.size.max = 1048576 (custom)
2019-09-25 12:39:26,322 [pool-177-thread-1] INFO  server.RaftServerConfigKeys (ConfUtils.java:logGet(43)) - raft.server.log.segment.cache.num.max = 2 (custom)
2019-09-25 12:39:26,322 [pool-177-thread-1] INFO  segmented.SegmentedRaftLogWorker (SegmentedRaftLogWorker.java:<init>(172)) - new caca59b4-8b4f-412e-bec0-7379afe8035b@group-65E255CF10B4-SegmentedRaftLogWorker for RaftStorage:Storage Directory /workdir/hadoop-ozone/integration-test/target/test-dir/MiniOzoneClusterImpl-12653923-402e-414c-9497-4da48b930a89/datanode-0/data/ratis/c438bd6c-073f-4b7c-b6af-65e255cf10b4
2019-09-25 12:39:26,322 [pool-177-thread-1] INFO  server.RaftServerConfigKeys (ConfUtils.java:logGet(43)) - raft.server.log.queue.byte-limit = 2147483647 (custom)
2019-09-25 12:39:26,322 [pool-177-thread-1] INFO  server.RaftServerConfigKeys (ConfUtils.java:logGet(43)) - raft.server.log.queue.element-limit = 1024 (custom)
2019-09-25 12:39:26,322 [pool-177-thread-1] INFO  server.RaftServerConfigKeys (ConfUtils.java:logGet(43)) - raft.server.log.segment.size.max = 1048576 (custom)
2019-09-25 12:39:26,322 [pool-177-thread-1] INFO  server.RaftServerConfigKeys (ConfUtils.java:logGet(43)) - raft.server.log.preallocated.size = 16384 (custom)
2019-09-25 12:39:26,322 [pool-177-thread-1] INFO  server.RaftServerConfigKeys (ConfUtils.java:logGet(43)) - raft.server.log.write.buffer.size = 33554432 (custom)
2019-09-25 12:39:26,322 [pool-177-thread-1] INFO  server.RaftServerConfigKeys (ConfUtils.java:logGet(43)) - raft.server.log.force.sync.num = 128 (default)
2019-09-25 12:39:26,323 [pool-177-thread-1] INFO  server.RaftServerConfigKeys (ConfUtils.java:logGet(43)) - raft.server.log.statemachine.data.sync = true (default)
2019-09-25 12:39:26,323 [pool-177-thread-1] INFO  server.RaftServerConfigKeys (ConfUtils.java:logGet(43)) - raft.server.log.statemachine.data.sync.timeout = 10s (default)
2019-09-25 12:39:26,323 [pool-177-thread-1] INFO  server.RaftServerConfigKeys (ConfUtils.java:logGet(43)) - raft.server.log.statemachine.data.sync.timeout.retry = -1 (default)
2019-09-25 12:39:26,323 [pool-177-thread-1] INFO  server.RaftServerConfigKeys (ConfUtils.java:logGet(43)) - raft.server.log.statemachine.data.caching.enabled = true (custom)
2019-09-25 12:39:26,323 [pool-177-thread-1] INFO  segmented.SegmentedRaftLogWorker (SegmentedRaftLogWorker.java:lambda$new$0(132)) - caca59b4-8b4f-412e-bec0-7379afe8035b@group-65E255CF10B4-SegmentedRaftLogWorker: flushIndex: setUnconditionally 0 -> -1
2019-09-25 12:39:26,323 [pool-177-thread-1] INFO  server.RaftServerConfigKeys (ConfUtils.java:logGet(43)) - raft.server.snapshot.auto.trigger.enabled = true (custom)
2019-09-25 12:39:26,323 [pool-177-thread-1] INFO  server.RaftServerConfigKeys (ConfUtils.java:logGet(43)) - raft.server.snapshot.auto.trigger.threshold = 10000 (custom)
2019-09-25 12:39:26,323 [pool-177-thread-1] INFO  server.RaftServerConfigKeys (ConfUtils.java:logGet(43)) - raft.server.snapshot.retention.num.files = 5 (custom)
2019-09-25 12:39:26,324 [pool-177-thread-1] INFO  server.RaftServerConfigKeys (ConfUtils.java:logGet(43)) - raft.server.retrycache.expirytime = 600000ms (custom)
2019-09-25 12:39:26,325 [pool-177-thread-1] INFO  impl.RaftServerImpl (RaftServerImpl.java:start(185)) - caca59b4-8b4f-412e-bec0-7379afe8035b@group-65E255CF10B4: start as a follower, conf=-1: [caca59b4-8b4f-412e-bec0-7379afe8035b:192.168.151.73:45500], old=null
2019-09-25 12:39:26,325 [pool-177-thread-1] INFO  impl.RaftServerImpl (RaftServerImpl.java:setRole(174)) - caca59b4-8b4f-412e-bec0-7379afe8035b@group-65E255CF10B4: changes role from      null to FOLLOWER at term 0 for startAsFollower
2019-09-25 12:39:26,325 [pool-177-thread-1] INFO  impl.RoleInfo (RoleInfo.java:updateAndGet(143)) - caca59b4-8b4f-412e-bec0-7379afe8035b: start FollowerState
2019-09-25 12:39:26,325 [pool-177-thread-1] INFO  util.JmxRegister (JmxRegister.java:tryRegister(44)) - Successfully registered JMX Bean with object name Ratis:service=RaftServer,group=group-65E255CF10B4,id=caca59b4-8b4f-412e-bec0-7379afe8035b
2019-09-25 12:39:26,328 [RatisPipelineUtilsThread] INFO  pipeline.PipelineStateManager (PipelineStateManager.java:addPipeline(56)) - Created pipeline Pipeline[ Id: c438bd6c-073f-4b7c-b6af-65e255cf10b4, Nodes: caca59b4-8b4f-412e-bec0-7379afe8035b{ip: 192.168.151.73, host: pr-hdds-1569-shd4m-3693607622, networkLocation: /default-rack, certSerialId: null}, Type:RATIS, Factor:ONE, State:OPEN]
2019-09-25 12:39:26,328 [RatisPipelineUtilsThread] INFO  pipeline.PipelinePlacementPolicy (PipelinePlacementPolicy.java:meetCriteria(91)) - Pipeline Placement: can't place more pipeline on heavy datanode： caca59b4-8b4f-412e-bec0-7379afe8035b Heaviness: 6 limit: 5
2019-09-25 12:39:26,334 [grpc-default-executor-0] INFO  impl.RaftServerProxy (RaftServerProxy.java:addNew(89)) - 74747a45-069f-47fa-93d6-d0dc14d0049d: addNew group-C4401EC0D27C:[74747a45-069f-47fa-93d6-d0dc14d0049d:192.168.151.73:43018] returns group-C4401EC0D27C:java.util.concurrent.CompletableFuture@5293a0c2[Not completed]
2019-09-25 12:39:26,335 [pool-187-thread-1] INFO  impl.RaftServerImpl (RaftServerImpl.java:<init>(95)) - 74747a45-069f-47fa-93d6-d0dc14d0049d: new RaftServerImpl for group-C4401EC0D27C:[74747a45-069f-47fa-93d6-d0dc14d0049d:192.168.151.73:43018] with ContainerStateMachine:uninitialized
2019-09-25 12:39:26,335 [pool-187-thread-1] INFO  server.RaftServerConfigKeys (ConfUtils.java:logGet(43)) - raft.server.rpc.timeout.min = 5s (custom)
2019-09-25 12:39:26,336 [pool-187-thread-1] INFO  server.RaftServerConfigKeys (ConfUtils.java:logGet(43)) - raft.server.rpc.timeout.max = 5200ms (custom)
2019-09-25 12:39:26,336 [pool-187-thread-1] INFO  server.RaftServerConfigKeys (ConfUtils.java:logGet(43)) - raft.server.rpcslowness.timeout = 120s (custom)
2019-09-25 12:39:26,336 [pool-187-thread-1] INFO  server.RaftServerConfigKeys (ConfUtils.java:logGet(43)) - raft.server.sleep.deviation.threshold = 300 (default)
2019-09-25 12:39:26,336 [pool-187-thread-1] INFO  server.RaftServerConfigKeys (ConfUtils.java:logGet(43)) - raft.server.log.appender.install.snapshot.enabled = false (custom)
2019-09-25 12:39:26,336 [pool-187-thread-1] INFO  impl.RaftServerImpl (ServerState.java:<init>(103)) - 74747a45-069f-47fa-93d6-d0dc14d0049d@group-C4401EC0D27C: ConfigurationManager, init=-1: [74747a45-069f-47fa-93d6-d0dc14d0049d:192.168.151.73:43018], old=null, confs=<EMPTY_MAP>
2019-09-25 12:39:26,336 [pool-187-thread-1] INFO  server.RaftServerConfigKeys (ConfUtils.java:logGet(43)) - raft.server.storage.dir = [/workdir/hadoop-ozone/integration-test/target/test-dir/MiniOzoneClusterImpl-12653923-402e-414c-9497-4da48b930a89/datanode-1/data/ratis] (custom)
2019-09-25 12:39:26,337 [pool-187-thread-1] INFO  storage.RaftStorageDirectory (RaftStorageDirectory.java:analyzeStorage(246)) - The storage directory /workdir/hadoop-ozone/integration-test/target/test-dir/MiniOzoneClusterImpl-12653923-402e-414c-9497-4da48b930a89/datanode-1/data/ratis/cdb11a75-6f32-449e-9414-c4401ec0d27c does not exist. Creating ...
2019-09-25 12:39:26,349 [pool-187-thread-1] INFO  storage.RaftStorageDirectory (RaftStorageDirectory.java:tryLock(328)) - Lock on /workdir/hadoop-ozone/integration-test/target/test-dir/MiniOzoneClusterImpl-12653923-402e-414c-9497-4da48b930a89/datanode-1/data/ratis/cdb11a75-6f32-449e-9414-c4401ec0d27c/in_use.lock acquired by nodename 9642@pr-hdds-1569-shd4m-3693607622
2019-09-25 12:39:26,362 [pool-187-thread-1] INFO  storage.RaftStorage (RaftStorage.java:format(72)) - Storage directory /workdir/hadoop-ozone/integration-test/target/test-dir/MiniOzoneClusterImpl-12653923-402e-414c-9497-4da48b930a89/datanode-1/data/ratis/cdb11a75-6f32-449e-9414-c4401ec0d27c has been successfully formatted.
2019-09-25 12:39:26,362 [pool-187-thread-1] INFO  ratis.ContainerStateMachine (ContainerStateMachine.java:loadSnapshot(230)) - group-C4401EC0D27C: The snapshot info is null. Setting the last applied indexto:(t:0, i:~)
2019-09-25 12:39:26,362 [pool-187-thread-1] INFO  server.RaftServerConfigKeys (ConfUtils.java:logGet(43)) - raft.server.notification.no-leader.timeout = 120s (custom)
2019-09-25 12:39:26,363 [pool-187-thread-1] INFO  server.RaftServerConfigKeys (ConfUtils.java:logGet(43)) - raft.server.log.use.memory = false (default)
2019-09-25 12:39:26,363 [pool-187-thread-1] INFO  server.RaftServerConfigKeys (ConfUtils.java:logGet(43)) - raft.server.log.purge.gap = 1000000 (custom)
2019-09-25 12:39:26,363 [pool-187-thread-1] INFO  server.RaftServerConfigKeys (ConfUtils.java:logGet(43)) - raft.server.log.appender.buffer.byte-limit = 33554432 (custom)
2019-09-25 12:39:26,363 [pool-187-thread-1] INFO  server.RaftServerConfigKeys (ConfUtils.java:logGet(43)) - raft.server.log.segment.size.max = 1048576 (custom)
2019-09-25 12:39:26,363 [pool-187-thread-1] INFO  server.RaftServerConfigKeys (ConfUtils.java:logGet(43)) - raft.server.log.segment.cache.num.max = 2 (custom)
2019-09-25 12:39:26,363 [pool-187-thread-1] INFO  segmented.SegmentedRaftLogWorker (SegmentedRaftLogWorker.java:<init>(172)) - new 74747a45-069f-47fa-93d6-d0dc14d0049d@group-C4401EC0D27C-SegmentedRaftLogWorker for RaftStorage:Storage Directory /workdir/hadoop-ozone/integration-test/target/test-dir/MiniOzoneClusterImpl-12653923-402e-414c-9497-4da48b930a89/datanode-1/data/ratis/cdb11a75-6f32-449e-9414-c4401ec0d27c
2019-09-25 12:39:26,364 [pool-187-thread-1] INFO  server.RaftServerConfigKeys (ConfUtils.java:logGet(43)) - raft.server.log.queue.byte-limit = 2147483647 (custom)
2019-09-25 12:39:26,364 [pool-187-thread-1] INFO  server.RaftServerConfigKeys (ConfUtils.java:logGet(43)) - raft.server.log.queue.element-limit = 1024 (custom)
2019-09-25 12:39:26,364 [pool-187-thread-1] INFO  server.RaftServerConfigKeys (ConfUtils.java:logGet(43)) - raft.server.log.segment.size.max = 1048576 (custom)
2019-09-25 12:39:26,364 [pool-187-thread-1] INFO  server.RaftServerConfigKeys (ConfUtils.java:logGet(43)) - raft.server.log.preallocated.size = 16384 (custom)
2019-09-25 12:39:26,364 [pool-187-thread-1] INFO  server.RaftServerConfigKeys (ConfUtils.java:logGet(43)) - raft.server.log.write.buffer.size = 33554432 (custom)
2019-09-25 12:39:26,364 [pool-187-thread-1] INFO  server.RaftServerConfigKeys (ConfUtils.java:logGet(43)) - raft.server.log.force.sync.num = 128 (default)
2019-09-25 12:39:26,365 [pool-187-thread-1] INFO  server.RaftServerConfigKeys (ConfUtils.java:logGet(43)) - raft.server.log.statemachine.data.sync = true (default)
2019-09-25 12:39:26,365 [pool-187-thread-1] INFO  server.RaftServerConfigKeys (ConfUtils.java:logGet(43)) - raft.server.log.statemachine.data.sync.timeout = 10s (default)
2019-09-25 12:39:26,365 [pool-187-thread-1] INFO  server.RaftServerConfigKeys (ConfUtils.java:logGet(43)) - raft.server.log.statemachine.data.sync.timeout.retry = -1 (default)
2019-09-25 12:39:26,365 [pool-187-thread-1] INFO  server.RaftServerConfigKeys (ConfUtils.java:logGet(43)) - raft.server.log.statemachine.data.caching.enabled = true (custom)
2019-09-25 12:39:26,365 [pool-187-thread-1] INFO  segmented.SegmentedRaftLogWorker (SegmentedRaftLogWorker.java:lambda$new$0(132)) - 74747a45-069f-47fa-93d6-d0dc14d0049d@group-C4401EC0D27C-SegmentedRaftLogWorker: flushIndex: setUnconditionally 0 -> -1
2019-09-25 12:39:26,366 [pool-187-thread-1] INFO  server.RaftServerConfigKeys (ConfUtils.java:logGet(43)) - raft.server.snapshot.auto.trigger.enabled = true (custom)
2019-09-25 12:39:26,366 [pool-187-thread-1] INFO  server.RaftServerConfigKeys (ConfUtils.java:logGet(43)) - raft.server.snapshot.auto.trigger.threshold = 10000 (custom)
2019-09-25 12:39:26,366 [pool-187-thread-1] INFO  server.RaftServerConfigKeys (ConfUtils.java:logGet(43)) - raft.server.snapshot.retention.num.files = 5 (custom)
2019-09-25 12:39:26,366 [pool-187-thread-1] INFO  server.RaftServerConfigKeys (ConfUtils.java:logGet(43)) - raft.server.retrycache.expirytime = 600000ms (custom)
2019-09-25 12:39:26,368 [pool-187-thread-1] INFO  impl.RaftServerImpl (RaftServerImpl.java:start(185)) - 74747a45-069f-47fa-93d6-d0dc14d0049d@group-C4401EC0D27C: start as a follower, conf=-1: [74747a45-069f-47fa-93d6-d0dc14d0049d:192.168.151.73:43018], old=null
2019-09-25 12:39:26,369 [pool-187-thread-1] INFO  impl.RaftServerImpl (RaftServerImpl.java:setRole(174)) - 74747a45-069f-47fa-93d6-d0dc14d0049d@group-C4401EC0D27C: changes role from      null to FOLLOWER at term 0 for startAsFollower
2019-09-25 12:39:26,369 [pool-187-thread-1] INFO  impl.RoleInfo (RoleInfo.java:updateAndGet(143)) - 74747a45-069f-47fa-93d6-d0dc14d0049d: start FollowerState
2019-09-25 12:39:26,369 [pool-187-thread-1] INFO  util.JmxRegister (JmxRegister.java:tryRegister(44)) - Successfully registered JMX Bean with object name Ratis:service=RaftServer,group=group-C4401EC0D27C,id=74747a45-069f-47fa-93d6-d0dc14d0049d
2019-09-25 12:39:26,373 [RatisPipelineUtilsThread] INFO  pipeline.PipelineStateManager (PipelineStateManager.java:addPipeline(56)) - Created pipeline Pipeline[ Id: cdb11a75-6f32-449e-9414-c4401ec0d27c, Nodes: 74747a45-069f-47fa-93d6-d0dc14d0049d{ip: 192.168.151.73, host: pr-hdds-1569-shd4m-3693607622, networkLocation: /default-rack, certSerialId: null}, Type:RATIS, Factor:ONE, State:OPEN]
2019-09-25 12:39:26,373 [RatisPipelineUtilsThread] INFO  pipeline.PipelinePlacementPolicy (PipelinePlacementPolicy.java:meetCriteria(91)) - Pipeline Placement: can't place more pipeline on heavy datanode： caca59b4-8b4f-412e-bec0-7379afe8035b Heaviness: 6 limit: 5
2019-09-25 12:39:26,382 [grpc-default-executor-0] INFO  impl.RaftServerProxy (RaftServerProxy.java:addNew(89)) - 8084e3dc-a4cf-4231-afde-79a41fa6d4d0: addNew group-E5D5EBD449BE:[8084e3dc-a4cf-4231-afde-79a41fa6d4d0:192.168.151.73:41876] returns group-E5D5EBD449BE:java.util.concurrent.CompletableFuture@45f559e3[Not completed]
2019-09-25 12:39:26,385 [pool-197-thread-1] INFO  impl.RaftServerImpl (RaftServerImpl.java:<init>(95)) - 8084e3dc-a4cf-4231-afde-79a41fa6d4d0: new RaftServerImpl for group-E5D5EBD449BE:[8084e3dc-a4cf-4231-afde-79a41fa6d4d0:192.168.151.73:41876] with ContainerStateMachine:uninitialized
2019-09-25 12:39:26,385 [pool-197-thread-1] INFO  server.RaftServerConfigKeys (ConfUtils.java:logGet(43)) - raft.server.rpc.timeout.min = 5s (custom)
2019-09-25 12:39:26,386 [pool-197-thread-1] INFO  server.RaftServerConfigKeys (ConfUtils.java:logGet(43)) - raft.server.rpc.timeout.max = 5200ms (custom)
2019-09-25 12:39:26,386 [pool-197-thread-1] INFO  server.RaftServerConfigKeys (ConfUtils.java:logGet(43)) - raft.server.rpcslowness.timeout = 120s (custom)
2019-09-25 12:39:26,386 [pool-197-thread-1] INFO  server.RaftServerConfigKeys (ConfUtils.java:logGet(43)) - raft.server.sleep.deviation.threshold = 300 (default)
2019-09-25 12:39:26,386 [pool-197-thread-1] INFO  server.RaftServerConfigKeys (ConfUtils.java:logGet(43)) - raft.server.log.appender.install.snapshot.enabled = false (custom)
2019-09-25 12:39:26,386 [pool-197-thread-1] INFO  impl.RaftServerImpl (ServerState.java:<init>(103)) - 8084e3dc-a4cf-4231-afde-79a41fa6d4d0@group-E5D5EBD449BE: ConfigurationManager, init=-1: [8084e3dc-a4cf-4231-afde-79a41fa6d4d0:192.168.151.73:41876], old=null, confs=<EMPTY_MAP>
2019-09-25 12:39:26,387 [pool-197-thread-1] INFO  server.RaftServerConfigKeys (ConfUtils.java:logGet(43)) - raft.server.storage.dir = [/workdir/hadoop-ozone/integration-test/target/test-dir/MiniOzoneClusterImpl-12653923-402e-414c-9497-4da48b930a89/datanode-2/data/ratis] (custom)
2019-09-25 12:39:26,388 [pool-197-thread-1] INFO  storage.RaftStorageDirectory (RaftStorageDirectory.java:analyzeStorage(246)) - The storage directory /workdir/hadoop-ozone/integration-test/target/test-dir/MiniOzoneClusterImpl-12653923-402e-414c-9497-4da48b930a89/datanode-2/data/ratis/4b06380e-cbba-4eb8-8f72-e5d5ebd449be does not exist. Creating ...
2019-09-25 12:39:26,401 [pool-197-thread-1] INFO  storage.RaftStorageDirectory (RaftStorageDirectory.java:tryLock(328)) - Lock on /workdir/hadoop-ozone/integration-test/target/test-dir/MiniOzoneClusterImpl-12653923-402e-414c-9497-4da48b930a89/datanode-2/data/ratis/4b06380e-cbba-4eb8-8f72-e5d5ebd449be/in_use.lock acquired by nodename 9642@pr-hdds-1569-shd4m-3693607622
2019-09-25 12:39:26,405 [pool-197-thread-1] INFO  storage.RaftStorage (RaftStorage.java:format(72)) - Storage directory /workdir/hadoop-ozone/integration-test/target/test-dir/MiniOzoneClusterImpl-12653923-402e-414c-9497-4da48b930a89/datanode-2/data/ratis/4b06380e-cbba-4eb8-8f72-e5d5ebd449be has been successfully formatted.
2019-09-25 12:39:26,405 [pool-197-thread-1] INFO  ratis.ContainerStateMachine (ContainerStateMachine.java:loadSnapshot(230)) - group-E5D5EBD449BE: The snapshot info is null. Setting the last applied indexto:(t:0, i:~)
2019-09-25 12:39:26,405 [pool-197-thread-1] INFO  server.RaftServerConfigKeys (ConfUtils.java:logGet(43)) - raft.server.notification.no-leader.timeout = 120s (custom)
2019-09-25 12:39:26,406 [pool-197-thread-1] INFO  server.RaftServerConfigKeys (ConfUtils.java:logGet(43)) - raft.server.log.use.memory = false (default)
2019-09-25 12:39:26,406 [pool-197-thread-1] INFO  server.RaftServerConfigKeys (ConfUtils.java:logGet(43)) - raft.server.log.purge.gap = 1000000 (custom)
2019-09-25 12:39:26,406 [pool-197-thread-1] INFO  server.RaftServerConfigKeys (ConfUtils.java:logGet(43)) - raft.server.log.appender.buffer.byte-limit = 33554432 (custom)
2019-09-25 12:39:26,406 [pool-197-thread-1] INFO  server.RaftServerConfigKeys (ConfUtils.java:logGet(43)) - raft.server.log.segment.size.max = 1048576 (custom)
2019-09-25 12:39:26,406 [pool-197-thread-1] INFO  server.RaftServerConfigKeys (ConfUtils.java:logGet(43)) - raft.server.log.segment.cache.num.max = 2 (custom)
2019-09-25 12:39:26,407 [pool-197-thread-1] INFO  segmented.SegmentedRaftLogWorker (SegmentedRaftLogWorker.java:<init>(172)) - new 8084e3dc-a4cf-4231-afde-79a41fa6d4d0@group-E5D5EBD449BE-SegmentedRaftLogWorker for RaftStorage:Storage Directory /workdir/hadoop-ozone/integration-test/target/test-dir/MiniOzoneClusterImpl-12653923-402e-414c-9497-4da48b930a89/datanode-2/data/ratis/4b06380e-cbba-4eb8-8f72-e5d5ebd449be
2019-09-25 12:39:26,407 [pool-197-thread-1] INFO  server.RaftServerConfigKeys (ConfUtils.java:logGet(43)) - raft.server.log.queue.byte-limit = 2147483647 (custom)
2019-09-25 12:39:26,407 [pool-197-thread-1] INFO  server.RaftServerConfigKeys (ConfUtils.java:logGet(43)) - raft.server.log.queue.element-limit = 1024 (custom)
2019-09-25 12:39:26,407 [pool-197-thread-1] INFO  server.RaftServerConfigKeys (ConfUtils.java:logGet(43)) - raft.server.log.segment.size.max = 1048576 (custom)
2019-09-25 12:39:26,407 [pool-197-thread-1] INFO  server.RaftServerConfigKeys (ConfUtils.java:logGet(43)) - raft.server.log.preallocated.size = 16384 (custom)
2019-09-25 12:39:26,408 [pool-197-thread-1] INFO  server.RaftServerConfigKeys (ConfUtils.java:logGet(43)) - raft.server.log.write.buffer.size = 33554432 (custom)
2019-09-25 12:39:26,408 [pool-197-thread-1] INFO  server.RaftServerConfigKeys (ConfUtils.java:logGet(43)) - raft.server.log.force.sync.num = 128 (default)
2019-09-25 12:39:26,408 [pool-197-thread-1] INFO  server.RaftServerConfigKeys (ConfUtils.java:logGet(43)) - raft.server.log.statemachine.data.sync = true (default)
2019-09-25 12:39:26,408 [pool-197-thread-1] INFO  server.RaftServerConfigKeys (ConfUtils.java:logGet(43)) - raft.server.log.statemachine.data.sync.timeout = 10s (default)
2019-09-25 12:39:26,408 [pool-197-thread-1] INFO  server.RaftServerConfigKeys (ConfUtils.java:logGet(43)) - raft.server.log.statemachine.data.sync.timeout.retry = -1 (default)
2019-09-25 12:39:26,408 [pool-197-thread-1] INFO  server.RaftServerConfigKeys (ConfUtils.java:logGet(43)) - raft.server.log.statemachine.data.caching.enabled = true (custom)
2019-09-25 12:39:26,409 [pool-197-thread-1] INFO  segmented.SegmentedRaftLogWorker (SegmentedRaftLogWorker.java:lambda$new$0(132)) - 8084e3dc-a4cf-4231-afde-79a41fa6d4d0@group-E5D5EBD449BE-SegmentedRaftLogWorker: flushIndex: setUnconditionally 0 -> -1
2019-09-25 12:39:26,409 [pool-197-thread-1] INFO  server.RaftServerConfigKeys (ConfUtils.java:logGet(43)) - raft.server.snapshot.auto.trigger.enabled = true (custom)
2019-09-25 12:39:26,410 [pool-197-thread-1] INFO  server.RaftServerConfigKeys (ConfUtils.java:logGet(43)) - raft.server.snapshot.auto.trigger.threshold = 10000 (custom)
2019-09-25 12:39:26,410 [pool-197-thread-1] INFO  server.RaftServerConfigKeys (ConfUtils.java:logGet(43)) - raft.server.snapshot.retention.num.files = 5 (custom)
2019-09-25 12:39:26,410 [pool-197-thread-1] INFO  server.RaftServerConfigKeys (ConfUtils.java:logGet(43)) - raft.server.retrycache.expirytime = 600000ms (custom)
2019-09-25 12:39:26,413 [pool-197-thread-1] INFO  impl.RaftServerImpl (RaftServerImpl.java:start(185)) - 8084e3dc-a4cf-4231-afde-79a41fa6d4d0@group-E5D5EBD449BE: start as a follower, conf=-1: [8084e3dc-a4cf-4231-afde-79a41fa6d4d0:192.168.151.73:41876], old=null
2019-09-25 12:39:26,414 [pool-197-thread-1] INFO  impl.RaftServerImpl (RaftServerImpl.java:setRole(174)) - 8084e3dc-a4cf-4231-afde-79a41fa6d4d0@group-E5D5EBD449BE: changes role from      null to FOLLOWER at term 0 for startAsFollower
2019-09-25 12:39:26,414 [pool-197-thread-1] INFO  impl.RoleInfo (RoleInfo.java:updateAndGet(143)) - 8084e3dc-a4cf-4231-afde-79a41fa6d4d0: start FollowerState
2019-09-25 12:39:26,414 [pool-197-thread-1] INFO  util.JmxRegister (JmxRegister.java:tryRegister(44)) - Successfully registered JMX Bean with object name Ratis:service=RaftServer,group=group-E5D5EBD449BE,id=8084e3dc-a4cf-4231-afde-79a41fa6d4d0
2019-09-25 12:39:26,418 [RatisPipelineUtilsThread] INFO  pipeline.PipelineStateManager (PipelineStateManager.java:addPipeline(56)) - Created pipeline Pipeline[ Id: 4b06380e-cbba-4eb8-8f72-e5d5ebd449be, Nodes: 8084e3dc-a4cf-4231-afde-79a41fa6d4d0{ip: 192.168.151.73, host: pr-hdds-1569-shd4m-3693607622, networkLocation: /default-rack, certSerialId: null}, Type:RATIS, Factor:ONE, State:OPEN]
2019-09-25 12:39:26,419 [RatisPipelineUtilsThread] INFO  pipeline.PipelinePlacementPolicy (PipelinePlacementPolicy.java:meetCriteria(91)) - Pipeline Placement: can't place more pipeline on heavy datanode： caca59b4-8b4f-412e-bec0-7379afe8035b Heaviness: 6 limit: 5
2019-09-25 12:39:26,425 [grpc-default-executor-0] INFO  impl.RaftServerProxy (RaftServerProxy.java:addNew(89)) - 74747a45-069f-47fa-93d6-d0dc14d0049d: addNew group-3862F770A056:[74747a45-069f-47fa-93d6-d0dc14d0049d:192.168.151.73:43018] returns group-3862F770A056:java.util.concurrent.CompletableFuture@6b389d86[Not completed]
2019-09-25 12:39:26,427 [pool-187-thread-1] INFO  impl.RaftServerImpl (RaftServerImpl.java:<init>(95)) - 74747a45-069f-47fa-93d6-d0dc14d0049d: new RaftServerImpl for group-3862F770A056:[74747a45-069f-47fa-93d6-d0dc14d0049d:192.168.151.73:43018] with ContainerStateMachine:uninitialized
2019-09-25 12:39:26,427 [pool-187-thread-1] INFO  server.RaftServerConfigKeys (ConfUtils.java:logGet(43)) - raft.server.rpc.timeout.min = 5s (custom)
2019-09-25 12:39:26,427 [pool-187-thread-1] INFO  server.RaftServerConfigKeys (ConfUtils.java:logGet(43)) - raft.server.rpc.timeout.max = 5200ms (custom)
2019-09-25 12:39:26,427 [pool-187-thread-1] INFO  server.RaftServerConfigKeys (ConfUtils.java:logGet(43)) - raft.server.rpcslowness.timeout = 120s (custom)
2019-09-25 12:39:26,427 [pool-187-thread-1] INFO  server.RaftServerConfigKeys (ConfUtils.java:logGet(43)) - raft.server.sleep.deviation.threshold = 300 (default)
2019-09-25 12:39:26,427 [pool-187-thread-1] INFO  server.RaftServerConfigKeys (ConfUtils.java:logGet(43)) - raft.server.log.appender.install.snapshot.enabled = false (custom)
2019-09-25 12:39:26,427 [pool-187-thread-1] INFO  impl.RaftServerImpl (ServerState.java:<init>(103)) - 74747a45-069f-47fa-93d6-d0dc14d0049d@group-3862F770A056: ConfigurationManager, init=-1: [74747a45-069f-47fa-93d6-d0dc14d0049d:192.168.151.73:43018], old=null, confs=<EMPTY_MAP>
2019-09-25 12:39:26,428 [pool-187-thread-1] INFO  server.RaftServerConfigKeys (ConfUtils.java:logGet(43)) - raft.server.storage.dir = [/workdir/hadoop-ozone/integration-test/target/test-dir/MiniOzoneClusterImpl-12653923-402e-414c-9497-4da48b930a89/datanode-1/data/ratis] (custom)
2019-09-25 12:39:26,428 [pool-187-thread-1] INFO  storage.RaftStorageDirectory (RaftStorageDirectory.java:analyzeStorage(246)) - The storage directory /workdir/hadoop-ozone/integration-test/target/test-dir/MiniOzoneClusterImpl-12653923-402e-414c-9497-4da48b930a89/datanode-1/data/ratis/90af17ec-8575-48e8-9c18-3862f770a056 does not exist. Creating ...
2019-09-25 12:39:26,431 [pool-187-thread-1] INFO  storage.RaftStorageDirectory (RaftStorageDirectory.java:tryLock(328)) - Lock on /workdir/hadoop-ozone/integration-test/target/test-dir/MiniOzoneClusterImpl-12653923-402e-414c-9497-4da48b930a89/datanode-1/data/ratis/90af17ec-8575-48e8-9c18-3862f770a056/in_use.lock acquired by nodename 9642@pr-hdds-1569-shd4m-3693607622
2019-09-25 12:39:26,452 [pool-187-thread-1] INFO  storage.RaftStorage (RaftStorage.java:format(72)) - Storage directory /workdir/hadoop-ozone/integration-test/target/test-dir/MiniOzoneClusterImpl-12653923-402e-414c-9497-4da48b930a89/datanode-1/data/ratis/90af17ec-8575-48e8-9c18-3862f770a056 has been successfully formatted.
2019-09-25 12:39:26,452 [pool-187-thread-1] INFO  ratis.ContainerStateMachine (ContainerStateMachine.java:loadSnapshot(230)) - group-3862F770A056: The snapshot info is null. Setting the last applied indexto:(t:0, i:~)
2019-09-25 12:39:26,452 [pool-187-thread-1] INFO  server.RaftServerConfigKeys (ConfUtils.java:logGet(43)) - raft.server.notification.no-leader.timeout = 120s (custom)
2019-09-25 12:39:26,453 [pool-187-thread-1] INFO  server.RaftServerConfigKeys (ConfUtils.java:logGet(43)) - raft.server.log.use.memory = false (default)
2019-09-25 12:39:26,453 [pool-187-thread-1] INFO  server.RaftServerConfigKeys (ConfUtils.java:logGet(43)) - raft.server.log.purge.gap = 1000000 (custom)
2019-09-25 12:39:26,453 [pool-187-thread-1] INFO  server.RaftServerConfigKeys (ConfUtils.java:logGet(43)) - raft.server.log.appender.buffer.byte-limit = 33554432 (custom)
2019-09-25 12:39:26,453 [pool-187-thread-1] INFO  server.RaftServerConfigKeys (ConfUtils.java:logGet(43)) - raft.server.log.segment.size.max = 1048576 (custom)
2019-09-25 12:39:26,453 [pool-187-thread-1] INFO  server.RaftServerConfigKeys (ConfUtils.java:logGet(43)) - raft.server.log.segment.cache.num.max = 2 (custom)
2019-09-25 12:39:26,453 [pool-187-thread-1] INFO  segmented.SegmentedRaftLogWorker (SegmentedRaftLogWorker.java:<init>(172)) - new 74747a45-069f-47fa-93d6-d0dc14d0049d@group-3862F770A056-SegmentedRaftLogWorker for RaftStorage:Storage Directory /workdir/hadoop-ozone/integration-test/target/test-dir/MiniOzoneClusterImpl-12653923-402e-414c-9497-4da48b930a89/datanode-1/data/ratis/90af17ec-8575-48e8-9c18-3862f770a056
2019-09-25 12:39:26,454 [pool-187-thread-1] INFO  server.RaftServerConfigKeys (ConfUtils.java:logGet(43)) - raft.server.log.queue.byte-limit = 2147483647 (custom)
2019-09-25 12:39:26,454 [pool-187-thread-1] INFO  server.RaftServerConfigKeys (ConfUtils.java:logGet(43)) - raft.server.log.queue.element-limit = 1024 (custom)
2019-09-25 12:39:26,454 [pool-187-thread-1] INFO  server.RaftServerConfigKeys (ConfUtils.java:logGet(43)) - raft.server.log.segment.size.max = 1048576 (custom)
2019-09-25 12:39:26,454 [pool-187-thread-1] INFO  server.RaftServerConfigKeys (ConfUtils.java:logGet(43)) - raft.server.log.preallocated.size = 16384 (custom)
2019-09-25 12:39:26,454 [pool-187-thread-1] INFO  server.RaftServerConfigKeys (ConfUtils.java:logGet(43)) - raft.server.log.write.buffer.size = 33554432 (custom)
2019-09-25 12:39:26,454 [pool-187-thread-1] INFO  server.RaftServerConfigKeys (ConfUtils.java:logGet(43)) - raft.server.log.force.sync.num = 128 (default)
2019-09-25 12:39:26,455 [pool-187-thread-1] INFO  server.RaftServerConfigKeys (ConfUtils.java:logGet(43)) - raft.server.log.statemachine.data.sync = true (default)
2019-09-25 12:39:26,455 [pool-187-thread-1] INFO  server.RaftServerConfigKeys (ConfUtils.java:logGet(43)) - raft.server.log.statemachine.data.sync.timeout = 10s (default)
2019-09-25 12:39:26,455 [pool-187-thread-1] INFO  server.RaftServerConfigKeys (ConfUtils.java:logGet(43)) - raft.server.log.statemachine.data.sync.timeout.retry = -1 (default)
2019-09-25 12:39:26,455 [pool-187-thread-1] INFO  server.RaftServerConfigKeys (ConfUtils.java:logGet(43)) - raft.server.log.statemachine.data.caching.enabled = true (custom)
2019-09-25 12:39:26,455 [pool-187-thread-1] INFO  segmented.SegmentedRaftLogWorker (SegmentedRaftLogWorker.java:lambda$new$0(132)) - 74747a45-069f-47fa-93d6-d0dc14d0049d@group-3862F770A056-SegmentedRaftLogWorker: flushIndex: setUnconditionally 0 -> -1
2019-09-25 12:39:26,456 [pool-187-thread-1] INFO  server.RaftServerConfigKeys (ConfUtils.java:logGet(43)) - raft.server.snapshot.auto.trigger.enabled = true (custom)
2019-09-25 12:39:26,456 [pool-187-thread-1] INFO  server.RaftServerConfigKeys (ConfUtils.java:logGet(43)) - raft.server.snapshot.auto.trigger.threshold = 10000 (custom)
2019-09-25 12:39:26,456 [pool-187-thread-1] INFO  server.RaftServerConfigKeys (ConfUtils.java:logGet(43)) - raft.server.snapshot.retention.num.files = 5 (custom)
2019-09-25 12:39:26,456 [pool-187-thread-1] INFO  server.RaftServerConfigKeys (ConfUtils.java:logGet(43)) - raft.server.retrycache.expirytime = 600000ms (custom)
2019-09-25 12:39:26,458 [pool-187-thread-1] INFO  impl.RaftServerImpl (RaftServerImpl.java:start(185)) - 74747a45-069f-47fa-93d6-d0dc14d0049d@group-3862F770A056: start as a follower, conf=-1: [74747a45-069f-47fa-93d6-d0dc14d0049d:192.168.151.73:43018], old=null
2019-09-25 12:39:26,458 [pool-187-thread-1] INFO  impl.RaftServerImpl (RaftServerImpl.java:setRole(174)) - 74747a45-069f-47fa-93d6-d0dc14d0049d@group-3862F770A056: changes role from      null to FOLLOWER at term 0 for startAsFollower
2019-09-25 12:39:26,459 [pool-187-thread-1] INFO  impl.RoleInfo (RoleInfo.java:updateAndGet(143)) - 74747a45-069f-47fa-93d6-d0dc14d0049d: start FollowerState
2019-09-25 12:39:26,459 [pool-187-thread-1] INFO  util.JmxRegister (JmxRegister.java:tryRegister(44)) - Successfully registered JMX Bean with object name Ratis:service=RaftServer,group=group-3862F770A056,id=74747a45-069f-47fa-93d6-d0dc14d0049d
2019-09-25 12:39:26,462 [RatisPipelineUtilsThread] INFO  pipeline.PipelineStateManager (PipelineStateManager.java:addPipeline(56)) - Created pipeline Pipeline[ Id: 90af17ec-8575-48e8-9c18-3862f770a056, Nodes: 74747a45-069f-47fa-93d6-d0dc14d0049d{ip: 192.168.151.73, host: pr-hdds-1569-shd4m-3693607622, networkLocation: /default-rack, certSerialId: null}, Type:RATIS, Factor:ONE, State:OPEN]
2019-09-25 12:39:26,462 [RatisPipelineUtilsThread] INFO  pipeline.PipelinePlacementPolicy (PipelinePlacementPolicy.java:meetCriteria(91)) - Pipeline Placement: can't place more pipeline on heavy datanode： caca59b4-8b4f-412e-bec0-7379afe8035b Heaviness: 6 limit: 5
2019-09-25 12:39:26,467 [grpc-default-executor-0] INFO  impl.RaftServerProxy (RaftServerProxy.java:addNew(89)) - 74747a45-069f-47fa-93d6-d0dc14d0049d: addNew group-20E5D835B90B:[74747a45-069f-47fa-93d6-d0dc14d0049d:192.168.151.73:43018] returns group-20E5D835B90B:java.util.concurrent.CompletableFuture@4a8c283d[Not completed]
2019-09-25 12:39:26,468 [pool-187-thread-1] INFO  impl.RaftServerImpl (RaftServerImpl.java:<init>(95)) - 74747a45-069f-47fa-93d6-d0dc14d0049d: new RaftServerImpl for group-20E5D835B90B:[74747a45-069f-47fa-93d6-d0dc14d0049d:192.168.151.73:43018] with ContainerStateMachine:uninitialized
2019-09-25 12:39:26,469 [pool-187-thread-1] INFO  server.RaftServerConfigKeys (ConfUtils.java:logGet(43)) - raft.server.rpc.timeout.min = 5s (custom)
2019-09-25 12:39:26,469 [pool-187-thread-1] INFO  server.RaftServerConfigKeys (ConfUtils.java:logGet(43)) - raft.server.rpc.timeout.max = 5200ms (custom)
2019-09-25 12:39:26,469 [pool-187-thread-1] INFO  server.RaftServerConfigKeys (ConfUtils.java:logGet(43)) - raft.server.rpcslowness.timeout = 120s (custom)
2019-09-25 12:39:26,469 [pool-187-thread-1] INFO  server.RaftServerConfigKeys (ConfUtils.java:logGet(43)) - raft.server.sleep.deviation.threshold = 300 (default)
2019-09-25 12:39:26,469 [pool-187-thread-1] INFO  server.RaftServerConfigKeys (ConfUtils.java:logGet(43)) - raft.server.log.appender.install.snapshot.enabled = false (custom)
2019-09-25 12:39:26,469 [pool-187-thread-1] INFO  impl.RaftServerImpl (ServerState.java:<init>(103)) - 74747a45-069f-47fa-93d6-d0dc14d0049d@group-20E5D835B90B: ConfigurationManager, init=-1: [74747a45-069f-47fa-93d6-d0dc14d0049d:192.168.151.73:43018], old=null, confs=<EMPTY_MAP>
2019-09-25 12:39:26,469 [pool-187-thread-1] INFO  server.RaftServerConfigKeys (ConfUtils.java:logGet(43)) - raft.server.storage.dir = [/workdir/hadoop-ozone/integration-test/target/test-dir/MiniOzoneClusterImpl-12653923-402e-414c-9497-4da48b930a89/datanode-1/data/ratis] (custom)
2019-09-25 12:39:26,470 [pool-187-thread-1] INFO  storage.RaftStorageDirectory (RaftStorageDirectory.java:analyzeStorage(246)) - The storage directory /workdir/hadoop-ozone/integration-test/target/test-dir/MiniOzoneClusterImpl-12653923-402e-414c-9497-4da48b930a89/datanode-1/data/ratis/214010e4-1bb2-4cdd-81f8-20e5d835b90b does not exist. Creating ...
2019-09-25 12:39:26,483 [pool-187-thread-1] INFO  storage.RaftStorageDirectory (RaftStorageDirectory.java:tryLock(328)) - Lock on /workdir/hadoop-ozone/integration-test/target/test-dir/MiniOzoneClusterImpl-12653923-402e-414c-9497-4da48b930a89/datanode-1/data/ratis/214010e4-1bb2-4cdd-81f8-20e5d835b90b/in_use.lock acquired by nodename 9642@pr-hdds-1569-shd4m-3693607622
2019-09-25 12:39:26,496 [pool-187-thread-1] INFO  storage.RaftStorage (RaftStorage.java:format(72)) - Storage directory /workdir/hadoop-ozone/integration-test/target/test-dir/MiniOzoneClusterImpl-12653923-402e-414c-9497-4da48b930a89/datanode-1/data/ratis/214010e4-1bb2-4cdd-81f8-20e5d835b90b has been successfully formatted.
2019-09-25 12:39:26,496 [pool-187-thread-1] INFO  ratis.ContainerStateMachine (ContainerStateMachine.java:loadSnapshot(230)) - group-20E5D835B90B: The snapshot info is null. Setting the last applied indexto:(t:0, i:~)
2019-09-25 12:39:26,496 [pool-187-thread-1] INFO  server.RaftServerConfigKeys (ConfUtils.java:logGet(43)) - raft.server.notification.no-leader.timeout = 120s (custom)
2019-09-25 12:39:26,496 [pool-187-thread-1] INFO  server.RaftServerConfigKeys (ConfUtils.java:logGet(43)) - raft.server.log.use.memory = false (default)
2019-09-25 12:39:26,496 [pool-187-thread-1] INFO  server.RaftServerConfigKeys (ConfUtils.java:logGet(43)) - raft.server.log.purge.gap = 1000000 (custom)
2019-09-25 12:39:26,497 [pool-187-thread-1] INFO  server.RaftServerConfigKeys (ConfUtils.java:logGet(43)) - raft.server.log.appender.buffer.byte-limit = 33554432 (custom)
2019-09-25 12:39:26,497 [pool-187-thread-1] INFO  server.RaftServerConfigKeys (ConfUtils.java:logGet(43)) - raft.server.log.segment.size.max = 1048576 (custom)
2019-09-25 12:39:26,497 [pool-187-thread-1] INFO  server.RaftServerConfigKeys (ConfUtils.java:logGet(43)) - raft.server.log.segment.cache.num.max = 2 (custom)
2019-09-25 12:39:26,497 [pool-187-thread-1] INFO  segmented.SegmentedRaftLogWorker (SegmentedRaftLogWorker.java:<init>(172)) - new 74747a45-069f-47fa-93d6-d0dc14d0049d@group-20E5D835B90B-SegmentedRaftLogWorker for RaftStorage:Storage Directory /workdir/hadoop-ozone/integration-test/target/test-dir/MiniOzoneClusterImpl-12653923-402e-414c-9497-4da48b930a89/datanode-1/data/ratis/214010e4-1bb2-4cdd-81f8-20e5d835b90b
2019-09-25 12:39:26,497 [pool-187-thread-1] INFO  server.RaftServerConfigKeys (ConfUtils.java:logGet(43)) - raft.server.log.queue.byte-limit = 2147483647 (custom)
2019-09-25 12:39:26,497 [pool-187-thread-1] INFO  server.RaftServerConfigKeys (ConfUtils.java:logGet(43)) - raft.server.log.queue.element-limit = 1024 (custom)
2019-09-25 12:39:26,497 [pool-187-thread-1] INFO  server.RaftServerConfigKeys (ConfUtils.java:logGet(43)) - raft.server.log.segment.size.max = 1048576 (custom)
2019-09-25 12:39:26,498 [pool-187-thread-1] INFO  server.RaftServerConfigKeys (ConfUtils.java:logGet(43)) - raft.server.log.preallocated.size = 16384 (custom)
2019-09-25 12:39:26,498 [pool-187-thread-1] INFO  server.RaftServerConfigKeys (ConfUtils.java:logGet(43)) - raft.server.log.write.buffer.size = 33554432 (custom)
2019-09-25 12:39:26,498 [pool-187-thread-1] INFO  server.RaftServerConfigKeys (ConfUtils.java:logGet(43)) - raft.server.log.force.sync.num = 128 (default)
2019-09-25 12:39:26,498 [pool-187-thread-1] INFO  server.RaftServerConfigKeys (ConfUtils.java:logGet(43)) - raft.server.log.statemachine.data.sync = true (default)
2019-09-25 12:39:26,498 [pool-187-thread-1] INFO  server.RaftServerConfigKeys (ConfUtils.java:logGet(43)) - raft.server.log.statemachine.data.sync.timeout = 10s (default)
2019-09-25 12:39:26,498 [pool-187-thread-1] INFO  server.RaftServerConfigKeys (ConfUtils.java:logGet(43)) - raft.server.log.statemachine.data.sync.timeout.retry = -1 (default)
2019-09-25 12:39:26,498 [pool-187-thread-1] INFO  server.RaftServerConfigKeys (ConfUtils.java:logGet(43)) - raft.server.log.statemachine.data.caching.enabled = true (custom)
2019-09-25 12:39:26,499 [pool-187-thread-1] INFO  segmented.SegmentedRaftLogWorker (SegmentedRaftLogWorker.java:lambda$new$0(132)) - 74747a45-069f-47fa-93d6-d0dc14d0049d@group-20E5D835B90B-SegmentedRaftLogWorker: flushIndex: setUnconditionally 0 -> -1
2019-09-25 12:39:26,499 [pool-187-thread-1] INFO  server.RaftServerConfigKeys (ConfUtils.java:logGet(43)) - raft.server.snapshot.auto.trigger.enabled = true (custom)
2019-09-25 12:39:26,499 [pool-187-thread-1] INFO  server.RaftServerConfigKeys (ConfUtils.java:logGet(43)) - raft.server.snapshot.auto.trigger.threshold = 10000 (custom)
2019-09-25 12:39:26,499 [pool-187-thread-1] INFO  server.RaftServerConfigKeys (ConfUtils.java:logGet(43)) - raft.server.snapshot.retention.num.files = 5 (custom)
2019-09-25 12:39:26,500 [pool-187-thread-1] INFO  server.RaftServerConfigKeys (ConfUtils.java:logGet(43)) - raft.server.retrycache.expirytime = 600000ms (custom)
2019-09-25 12:39:26,501 [pool-187-thread-1] INFO  impl.RaftServerImpl (RaftServerImpl.java:start(185)) - 74747a45-069f-47fa-93d6-d0dc14d0049d@group-20E5D835B90B: start as a follower, conf=-1: [74747a45-069f-47fa-93d6-d0dc14d0049d:192.168.151.73:43018], old=null
2019-09-25 12:39:26,502 [pool-187-thread-1] INFO  impl.RaftServerImpl (RaftServerImpl.java:setRole(174)) - 74747a45-069f-47fa-93d6-d0dc14d0049d@group-20E5D835B90B: changes role from      null to FOLLOWER at term 0 for startAsFollower
2019-09-25 12:39:26,502 [pool-187-thread-1] INFO  impl.RoleInfo (RoleInfo.java:updateAndGet(143)) - 74747a45-069f-47fa-93d6-d0dc14d0049d: start FollowerState
2019-09-25 12:39:26,502 [pool-187-thread-1] INFO  util.JmxRegister (JmxRegister.java:tryRegister(44)) - Successfully registered JMX Bean with object name Ratis:service=RaftServer,group=group-20E5D835B90B,id=74747a45-069f-47fa-93d6-d0dc14d0049d
2019-09-25 12:39:26,505 [RatisPipelineUtilsThread] INFO  pipeline.PipelineStateManager (PipelineStateManager.java:addPipeline(56)) - Created pipeline Pipeline[ Id: 214010e4-1bb2-4cdd-81f8-20e5d835b90b, Nodes: 74747a45-069f-47fa-93d6-d0dc14d0049d{ip: 192.168.151.73, host: pr-hdds-1569-shd4m-3693607622, networkLocation: /default-rack, certSerialId: null}, Type:RATIS, Factor:ONE, State:OPEN]
2019-09-25 12:39:26,505 [RatisPipelineUtilsThread] INFO  pipeline.PipelinePlacementPolicy (PipelinePlacementPolicy.java:meetCriteria(91)) - Pipeline Placement: can't place more pipeline on heavy datanode： caca59b4-8b4f-412e-bec0-7379afe8035b Heaviness: 6 limit: 5
2019-09-25 12:39:26,510 [grpc-default-executor-0] INFO  impl.RaftServerProxy (RaftServerProxy.java:addNew(89)) - 74747a45-069f-47fa-93d6-d0dc14d0049d: addNew group-3EF109C399C1:[74747a45-069f-47fa-93d6-d0dc14d0049d:192.168.151.73:43018] returns group-3EF109C399C1:java.util.concurrent.CompletableFuture@54472a34[Not completed]
2019-09-25 12:39:26,512 [pool-187-thread-1] INFO  impl.RaftServerImpl (RaftServerImpl.java:<init>(95)) - 74747a45-069f-47fa-93d6-d0dc14d0049d: new RaftServerImpl for group-3EF109C399C1:[74747a45-069f-47fa-93d6-d0dc14d0049d:192.168.151.73:43018] with ContainerStateMachine:uninitialized
2019-09-25 12:39:26,512 [pool-187-thread-1] INFO  server.RaftServerConfigKeys (ConfUtils.java:logGet(43)) - raft.server.rpc.timeout.min = 5s (custom)
2019-09-25 12:39:26,512 [pool-187-thread-1] INFO  server.RaftServerConfigKeys (ConfUtils.java:logGet(43)) - raft.server.rpc.timeout.max = 5200ms (custom)
2019-09-25 12:39:26,512 [pool-187-thread-1] INFO  server.RaftServerConfigKeys (ConfUtils.java:logGet(43)) - raft.server.rpcslowness.timeout = 120s (custom)
2019-09-25 12:39:26,512 [pool-187-thread-1] INFO  server.RaftServerConfigKeys (ConfUtils.java:logGet(43)) - raft.server.sleep.deviation.threshold = 300 (default)
2019-09-25 12:39:26,512 [pool-187-thread-1] INFO  server.RaftServerConfigKeys (ConfUtils.java:logGet(43)) - raft.server.log.appender.install.snapshot.enabled = false (custom)
2019-09-25 12:39:26,512 [pool-187-thread-1] INFO  impl.RaftServerImpl (ServerState.java:<init>(103)) - 74747a45-069f-47fa-93d6-d0dc14d0049d@group-3EF109C399C1: ConfigurationManager, init=-1: [74747a45-069f-47fa-93d6-d0dc14d0049d:192.168.151.73:43018], old=null, confs=<EMPTY_MAP>
2019-09-25 12:39:26,513 [pool-187-thread-1] INFO  server.RaftServerConfigKeys (ConfUtils.java:logGet(43)) - raft.server.storage.dir = [/workdir/hadoop-ozone/integration-test/target/test-dir/MiniOzoneClusterImpl-12653923-402e-414c-9497-4da48b930a89/datanode-1/data/ratis] (custom)
2019-09-25 12:39:26,513 [pool-187-thread-1] INFO  storage.RaftStorageDirectory (RaftStorageDirectory.java:analyzeStorage(246)) - The storage directory /workdir/hadoop-ozone/integration-test/target/test-dir/MiniOzoneClusterImpl-12653923-402e-414c-9497-4da48b930a89/datanode-1/data/ratis/ac49a8b3-649a-4d4d-a866-3ef109c399c1 does not exist. Creating ...
2019-09-25 12:39:26,526 [pool-187-thread-1] INFO  storage.RaftStorageDirectory (RaftStorageDirectory.java:tryLock(328)) - Lock on /workdir/hadoop-ozone/integration-test/target/test-dir/MiniOzoneClusterImpl-12653923-402e-414c-9497-4da48b930a89/datanode-1/data/ratis/ac49a8b3-649a-4d4d-a866-3ef109c399c1/in_use.lock acquired by nodename 9642@pr-hdds-1569-shd4m-3693607622
2019-09-25 12:39:26,539 [pool-187-thread-1] INFO  storage.RaftStorage (RaftStorage.java:format(72)) - Storage directory /workdir/hadoop-ozone/integration-test/target/test-dir/MiniOzoneClusterImpl-12653923-402e-414c-9497-4da48b930a89/datanode-1/data/ratis/ac49a8b3-649a-4d4d-a866-3ef109c399c1 has been successfully formatted.
2019-09-25 12:39:26,539 [pool-187-thread-1] INFO  ratis.ContainerStateMachine (ContainerStateMachine.java:loadSnapshot(230)) - group-3EF109C399C1: The snapshot info is null. Setting the last applied indexto:(t:0, i:~)
2019-09-25 12:39:26,539 [pool-187-thread-1] INFO  server.RaftServerConfigKeys (ConfUtils.java:logGet(43)) - raft.server.notification.no-leader.timeout = 120s (custom)
2019-09-25 12:39:26,539 [pool-187-thread-1] INFO  server.RaftServerConfigKeys (ConfUtils.java:logGet(43)) - raft.server.log.use.memory = false (default)
2019-09-25 12:39:26,539 [pool-187-thread-1] INFO  server.RaftServerConfigKeys (ConfUtils.java:logGet(43)) - raft.server.log.purge.gap = 1000000 (custom)
2019-09-25 12:39:26,540 [pool-187-thread-1] INFO  server.RaftServerConfigKeys (ConfUtils.java:logGet(43)) - raft.server.log.appender.buffer.byte-limit = 33554432 (custom)
2019-09-25 12:39:26,540 [pool-187-thread-1] INFO  server.RaftServerConfigKeys (ConfUtils.java:logGet(43)) - raft.server.log.segment.size.max = 1048576 (custom)
2019-09-25 12:39:26,540 [pool-187-thread-1] INFO  server.RaftServerConfigKeys (ConfUtils.java:logGet(43)) - raft.server.log.segment.cache.num.max = 2 (custom)
2019-09-25 12:39:26,540 [pool-187-thread-1] INFO  segmented.SegmentedRaftLogWorker (SegmentedRaftLogWorker.java:<init>(172)) - new 74747a45-069f-47fa-93d6-d0dc14d0049d@group-3EF109C399C1-SegmentedRaftLogWorker for RaftStorage:Storage Directory /workdir/hadoop-ozone/integration-test/target/test-dir/MiniOzoneClusterImpl-12653923-402e-414c-9497-4da48b930a89/datanode-1/data/ratis/ac49a8b3-649a-4d4d-a866-3ef109c399c1
2019-09-25 12:39:26,540 [pool-187-thread-1] INFO  server.RaftServerConfigKeys (ConfUtils.java:logGet(43)) - raft.server.log.queue.byte-limit = 2147483647 (custom)
2019-09-25 12:39:26,540 [pool-187-thread-1] INFO  server.RaftServerConfigKeys (ConfUtils.java:logGet(43)) - raft.server.log.queue.element-limit = 1024 (custom)
2019-09-25 12:39:26,541 [pool-187-thread-1] INFO  server.RaftServerConfigKeys (ConfUtils.java:logGet(43)) - raft.server.log.segment.size.max = 1048576 (custom)
2019-09-25 12:39:26,541 [pool-187-thread-1] INFO  server.RaftServerConfigKeys (ConfUtils.java:logGet(43)) - raft.server.log.preallocated.size = 16384 (custom)
2019-09-25 12:39:26,541 [pool-187-thread-1] INFO  server.RaftServerConfigKeys (ConfUtils.java:logGet(43)) - raft.server.log.write.buffer.size = 33554432 (custom)
2019-09-25 12:39:26,541 [pool-187-thread-1] INFO  server.RaftServerConfigKeys (ConfUtils.java:logGet(43)) - raft.server.log.force.sync.num = 128 (default)
2019-09-25 12:39:26,541 [pool-187-thread-1] INFO  server.RaftServerConfigKeys (ConfUtils.java:logGet(43)) - raft.server.log.statemachine.data.sync = true (default)
2019-09-25 12:39:26,541 [pool-187-thread-1] INFO  server.RaftServerConfigKeys (ConfUtils.java:logGet(43)) - raft.server.log.statemachine.data.sync.timeout = 10s (default)
2019-09-25 12:39:26,541 [pool-187-thread-1] INFO  server.RaftServerConfigKeys (ConfUtils.java:logGet(43)) - raft.server.log.statemachine.data.sync.timeout.retry = -1 (default)
2019-09-25 12:39:26,541 [pool-187-thread-1] INFO  server.RaftServerConfigKeys (ConfUtils.java:logGet(43)) - raft.server.log.statemachine.data.caching.enabled = true (custom)
2019-09-25 12:39:26,542 [pool-187-thread-1] INFO  segmented.SegmentedRaftLogWorker (SegmentedRaftLogWorker.java:lambda$new$0(132)) - 74747a45-069f-47fa-93d6-d0dc14d0049d@group-3EF109C399C1-SegmentedRaftLogWorker: flushIndex: setUnconditionally 0 -> -1
2019-09-25 12:39:26,542 [pool-187-thread-1] INFO  server.RaftServerConfigKeys (ConfUtils.java:logGet(43)) - raft.server.snapshot.auto.trigger.enabled = true (custom)
2019-09-25 12:39:26,542 [pool-187-thread-1] INFO  server.RaftServerConfigKeys (ConfUtils.java:logGet(43)) - raft.server.snapshot.auto.trigger.threshold = 10000 (custom)
2019-09-25 12:39:26,542 [pool-187-thread-1] INFO  server.RaftServerConfigKeys (ConfUtils.java:logGet(43)) - raft.server.snapshot.retention.num.files = 5 (custom)
2019-09-25 12:39:26,542 [pool-187-thread-1] INFO  server.RaftServerConfigKeys (ConfUtils.java:logGet(43)) - raft.server.retrycache.expirytime = 600000ms (custom)
2019-09-25 12:39:26,544 [pool-187-thread-1] INFO  impl.RaftServerImpl (RaftServerImpl.java:start(185)) - 74747a45-069f-47fa-93d6-d0dc14d0049d@group-3EF109C399C1: start as a follower, conf=-1: [74747a45-069f-47fa-93d6-d0dc14d0049d:192.168.151.73:43018], old=null
2019-09-25 12:39:26,544 [pool-187-thread-1] INFO  impl.RaftServerImpl (RaftServerImpl.java:setRole(174)) - 74747a45-069f-47fa-93d6-d0dc14d0049d@group-3EF109C399C1: changes role from      null to FOLLOWER at term 0 for startAsFollower
2019-09-25 12:39:26,544 [pool-187-thread-1] INFO  impl.RoleInfo (RoleInfo.java:updateAndGet(143)) - 74747a45-069f-47fa-93d6-d0dc14d0049d: start FollowerState
2019-09-25 12:39:26,545 [pool-187-thread-1] INFO  util.JmxRegister (JmxRegister.java:tryRegister(44)) - Successfully registered JMX Bean with object name Ratis:service=RaftServer,group=group-3EF109C399C1,id=74747a45-069f-47fa-93d6-d0dc14d0049d
2019-09-25 12:39:26,548 [RatisPipelineUtilsThread] INFO  pipeline.PipelineStateManager (PipelineStateManager.java:addPipeline(56)) - Created pipeline Pipeline[ Id: ac49a8b3-649a-4d4d-a866-3ef109c399c1, Nodes: 74747a45-069f-47fa-93d6-d0dc14d0049d{ip: 192.168.151.73, host: pr-hdds-1569-shd4m-3693607622, networkLocation: /default-rack, certSerialId: null}, Type:RATIS, Factor:ONE, State:OPEN]
2019-09-25 12:39:26,548 [RatisPipelineUtilsThread] INFO  pipeline.PipelinePlacementPolicy (PipelinePlacementPolicy.java:meetCriteria(91)) - Pipeline Placement: can't place more pipeline on heavy datanode： 74747a45-069f-47fa-93d6-d0dc14d0049d Heaviness: 6 limit: 5
2019-09-25 12:39:26,548 [RatisPipelineUtilsThread] INFO  pipeline.PipelinePlacementPolicy (PipelinePlacementPolicy.java:meetCriteria(91)) - Pipeline Placement: can't place more pipeline on heavy datanode： caca59b4-8b4f-412e-bec0-7379afe8035b Heaviness: 6 limit: 5
2019-09-25 12:39:26,553 [grpc-default-executor-0] INFO  impl.RaftServerProxy (RaftServerProxy.java:addNew(89)) - 8084e3dc-a4cf-4231-afde-79a41fa6d4d0: addNew group-3B13FE6622E6:[8084e3dc-a4cf-4231-afde-79a41fa6d4d0:192.168.151.73:41876] returns group-3B13FE6622E6:java.util.concurrent.CompletableFuture@10aeadfb[Not completed]
2019-09-25 12:39:26,555 [pool-197-thread-1] INFO  impl.RaftServerImpl (RaftServerImpl.java:<init>(95)) - 8084e3dc-a4cf-4231-afde-79a41fa6d4d0: new RaftServerImpl for group-3B13FE6622E6:[8084e3dc-a4cf-4231-afde-79a41fa6d4d0:192.168.151.73:41876] with ContainerStateMachine:uninitialized
2019-09-25 12:39:26,555 [pool-197-thread-1] INFO  server.RaftServerConfigKeys (ConfUtils.java:logGet(43)) - raft.server.rpc.timeout.min = 5s (custom)
2019-09-25 12:39:26,555 [pool-197-thread-1] INFO  server.RaftServerConfigKeys (ConfUtils.java:logGet(43)) - raft.server.rpc.timeout.max = 5200ms (custom)
2019-09-25 12:39:26,555 [pool-197-thread-1] INFO  server.RaftServerConfigKeys (ConfUtils.java:logGet(43)) - raft.server.rpcslowness.timeout = 120s (custom)
2019-09-25 12:39:26,555 [pool-197-thread-1] INFO  server.RaftServerConfigKeys (ConfUtils.java:logGet(43)) - raft.server.sleep.deviation.threshold = 300 (default)
2019-09-25 12:39:26,555 [pool-197-thread-1] INFO  server.RaftServerConfigKeys (ConfUtils.java:logGet(43)) - raft.server.log.appender.install.snapshot.enabled = false (custom)
2019-09-25 12:39:26,555 [pool-197-thread-1] INFO  impl.RaftServerImpl (ServerState.java:<init>(103)) - 8084e3dc-a4cf-4231-afde-79a41fa6d4d0@group-3B13FE6622E6: ConfigurationManager, init=-1: [8084e3dc-a4cf-4231-afde-79a41fa6d4d0:192.168.151.73:41876], old=null, confs=<EMPTY_MAP>
2019-09-25 12:39:26,556 [pool-197-thread-1] INFO  server.RaftServerConfigKeys (ConfUtils.java:logGet(43)) - raft.server.storage.dir = [/workdir/hadoop-ozone/integration-test/target/test-dir/MiniOzoneClusterImpl-12653923-402e-414c-9497-4da48b930a89/datanode-2/data/ratis] (custom)
2019-09-25 12:39:26,556 [pool-197-thread-1] INFO  storage.RaftStorageDirectory (RaftStorageDirectory.java:analyzeStorage(246)) - The storage directory /workdir/hadoop-ozone/integration-test/target/test-dir/MiniOzoneClusterImpl-12653923-402e-414c-9497-4da48b930a89/datanode-2/data/ratis/fbd8f4bd-bf7e-4399-b6db-3b13fe6622e6 does not exist. Creating ...
2019-09-25 12:39:26,570 [pool-197-thread-1] INFO  storage.RaftStorageDirectory (RaftStorageDirectory.java:tryLock(328)) - Lock on /workdir/hadoop-ozone/integration-test/target/test-dir/MiniOzoneClusterImpl-12653923-402e-414c-9497-4da48b930a89/datanode-2/data/ratis/fbd8f4bd-bf7e-4399-b6db-3b13fe6622e6/in_use.lock acquired by nodename 9642@pr-hdds-1569-shd4m-3693607622
2019-09-25 12:39:26,583 [pool-197-thread-1] INFO  storage.RaftStorage (RaftStorage.java:format(72)) - Storage directory /workdir/hadoop-ozone/integration-test/target/test-dir/MiniOzoneClusterImpl-12653923-402e-414c-9497-4da48b930a89/datanode-2/data/ratis/fbd8f4bd-bf7e-4399-b6db-3b13fe6622e6 has been successfully formatted.
2019-09-25 12:39:26,583 [pool-197-thread-1] INFO  ratis.ContainerStateMachine (ContainerStateMachine.java:loadSnapshot(230)) - group-3B13FE6622E6: The snapshot info is null. Setting the last applied indexto:(t:0, i:~)
2019-09-25 12:39:26,583 [pool-197-thread-1] INFO  server.RaftServerConfigKeys (ConfUtils.java:logGet(43)) - raft.server.notification.no-leader.timeout = 120s (custom)
2019-09-25 12:39:26,583 [pool-197-thread-1] INFO  server.RaftServerConfigKeys (ConfUtils.java:logGet(43)) - raft.server.log.use.memory = false (default)
2019-09-25 12:39:26,583 [pool-197-thread-1] INFO  server.RaftServerConfigKeys (ConfUtils.java:logGet(43)) - raft.server.log.purge.gap = 1000000 (custom)
2019-09-25 12:39:26,583 [pool-197-thread-1] INFO  server.RaftServerConfigKeys (ConfUtils.java:logGet(43)) - raft.server.log.appender.buffer.byte-limit = 33554432 (custom)
2019-09-25 12:39:26,584 [pool-197-thread-1] INFO  server.RaftServerConfigKeys (ConfUtils.java:logGet(43)) - raft.server.log.segment.size.max = 1048576 (custom)
2019-09-25 12:39:26,584 [pool-197-thread-1] INFO  server.RaftServerConfigKeys (ConfUtils.java:logGet(43)) - raft.server.log.segment.cache.num.max = 2 (custom)
2019-09-25 12:39:26,584 [pool-197-thread-1] INFO  segmented.SegmentedRaftLogWorker (SegmentedRaftLogWorker.java:<init>(172)) - new 8084e3dc-a4cf-4231-afde-79a41fa6d4d0@group-3B13FE6622E6-SegmentedRaftLogWorker for RaftStorage:Storage Directory /workdir/hadoop-ozone/integration-test/target/test-dir/MiniOzoneClusterImpl-12653923-402e-414c-9497-4da48b930a89/datanode-2/data/ratis/fbd8f4bd-bf7e-4399-b6db-3b13fe6622e6
2019-09-25 12:39:26,584 [pool-197-thread-1] INFO  server.RaftServerConfigKeys (ConfUtils.java:logGet(43)) - raft.server.log.queue.byte-limit = 2147483647 (custom)
2019-09-25 12:39:26,584 [pool-197-thread-1] INFO  server.RaftServerConfigKeys (ConfUtils.java:logGet(43)) - raft.server.log.queue.element-limit = 1024 (custom)
2019-09-25 12:39:26,584 [pool-197-thread-1] INFO  server.RaftServerConfigKeys (ConfUtils.java:logGet(43)) - raft.server.log.segment.size.max = 1048576 (custom)
2019-09-25 12:39:26,584 [pool-197-thread-1] INFO  server.RaftServerConfigKeys (ConfUtils.java:logGet(43)) - raft.server.log.preallocated.size = 16384 (custom)
2019-09-25 12:39:26,585 [pool-197-thread-1] INFO  server.RaftServerConfigKeys (ConfUtils.java:logGet(43)) - raft.server.log.write.buffer.size = 33554432 (custom)
2019-09-25 12:39:26,585 [pool-197-thread-1] INFO  server.RaftServerConfigKeys (ConfUtils.java:logGet(43)) - raft.server.log.force.sync.num = 128 (default)
2019-09-25 12:39:26,585 [pool-197-thread-1] INFO  server.RaftServerConfigKeys (ConfUtils.java:logGet(43)) - raft.server.log.statemachine.data.sync = true (default)
2019-09-25 12:39:26,585 [pool-197-thread-1] INFO  server.RaftServerConfigKeys (ConfUtils.java:logGet(43)) - raft.server.log.statemachine.data.sync.timeout = 10s (default)
2019-09-25 12:39:26,585 [pool-197-thread-1] INFO  server.RaftServerConfigKeys (ConfUtils.java:logGet(43)) - raft.server.log.statemachine.data.sync.timeout.retry = -1 (default)
2019-09-25 12:39:26,585 [pool-197-thread-1] INFO  server.RaftServerConfigKeys (ConfUtils.java:logGet(43)) - raft.server.log.statemachine.data.caching.enabled = true (custom)
2019-09-25 12:39:26,586 [pool-197-thread-1] INFO  segmented.SegmentedRaftLogWorker (SegmentedRaftLogWorker.java:lambda$new$0(132)) - 8084e3dc-a4cf-4231-afde-79a41fa6d4d0@group-3B13FE6622E6-SegmentedRaftLogWorker: flushIndex: setUnconditionally 0 -> -1
2019-09-25 12:39:26,586 [pool-197-thread-1] INFO  server.RaftServerConfigKeys (ConfUtils.java:logGet(43)) - raft.server.snapshot.auto.trigger.enabled = true (custom)
2019-09-25 12:39:26,586 [pool-197-thread-1] INFO  server.RaftServerConfigKeys (ConfUtils.java:logGet(43)) - raft.server.snapshot.auto.trigger.threshold = 10000 (custom)
2019-09-25 12:39:26,586 [pool-197-thread-1] INFO  server.RaftServerConfigKeys (ConfUtils.java:logGet(43)) - raft.server.snapshot.retention.num.files = 5 (custom)
2019-09-25 12:39:26,586 [pool-197-thread-1] INFO  server.RaftServerConfigKeys (ConfUtils.java:logGet(43)) - raft.server.retrycache.expirytime = 600000ms (custom)
2019-09-25 12:39:26,588 [pool-197-thread-1] INFO  impl.RaftServerImpl (RaftServerImpl.java:start(185)) - 8084e3dc-a4cf-4231-afde-79a41fa6d4d0@group-3B13FE6622E6: start as a follower, conf=-1: [8084e3dc-a4cf-4231-afde-79a41fa6d4d0:192.168.151.73:41876], old=null
2019-09-25 12:39:26,588 [pool-197-thread-1] INFO  impl.RaftServerImpl (RaftServerImpl.java:setRole(174)) - 8084e3dc-a4cf-4231-afde-79a41fa6d4d0@group-3B13FE6622E6: changes role from      null to FOLLOWER at term 0 for startAsFollower
2019-09-25 12:39:26,588 [pool-197-thread-1] INFO  impl.RoleInfo (RoleInfo.java:updateAndGet(143)) - 8084e3dc-a4cf-4231-afde-79a41fa6d4d0: start FollowerState
2019-09-25 12:39:26,589 [pool-197-thread-1] INFO  util.JmxRegister (JmxRegister.java:tryRegister(44)) - Successfully registered JMX Bean with object name Ratis:service=RaftServer,group=group-3B13FE6622E6,id=8084e3dc-a4cf-4231-afde-79a41fa6d4d0
2019-09-25 12:39:26,592 [RatisPipelineUtilsThread] INFO  pipeline.PipelineStateManager (PipelineStateManager.java:addPipeline(56)) - Created pipeline Pipeline[ Id: fbd8f4bd-bf7e-4399-b6db-3b13fe6622e6, Nodes: 8084e3dc-a4cf-4231-afde-79a41fa6d4d0{ip: 192.168.151.73, host: pr-hdds-1569-shd4m-3693607622, networkLocation: /default-rack, certSerialId: null}, Type:RATIS, Factor:ONE, State:OPEN]
2019-09-25 12:39:26,592 [RatisPipelineUtilsThread] INFO  pipeline.PipelinePlacementPolicy (PipelinePlacementPolicy.java:meetCriteria(91)) - Pipeline Placement: can't place more pipeline on heavy datanode： 74747a45-069f-47fa-93d6-d0dc14d0049d Heaviness: 6 limit: 5
2019-09-25 12:39:26,592 [RatisPipelineUtilsThread] INFO  pipeline.PipelinePlacementPolicy (PipelinePlacementPolicy.java:meetCriteria(91)) - Pipeline Placement: can't place more pipeline on heavy datanode： caca59b4-8b4f-412e-bec0-7379afe8035b Heaviness: 6 limit: 5
2019-09-25 12:39:26,597 [grpc-default-executor-0] INFO  impl.RaftServerProxy (RaftServerProxy.java:addNew(89)) - 8084e3dc-a4cf-4231-afde-79a41fa6d4d0: addNew group-E3986B9614E4:[8084e3dc-a4cf-4231-afde-79a41fa6d4d0:192.168.151.73:41876] returns group-E3986B9614E4:java.util.concurrent.CompletableFuture@6493e199[Not completed]
2019-09-25 12:39:26,598 [pool-197-thread-1] INFO  impl.RaftServerImpl (RaftServerImpl.java:<init>(95)) - 8084e3dc-a4cf-4231-afde-79a41fa6d4d0: new RaftServerImpl for group-E3986B9614E4:[8084e3dc-a4cf-4231-afde-79a41fa6d4d0:192.168.151.73:41876] with ContainerStateMachine:uninitialized
2019-09-25 12:39:26,598 [pool-197-thread-1] INFO  server.RaftServerConfigKeys (ConfUtils.java:logGet(43)) - raft.server.rpc.timeout.min = 5s (custom)
2019-09-25 12:39:26,598 [pool-197-thread-1] INFO  server.RaftServerConfigKeys (ConfUtils.java:logGet(43)) - raft.server.rpc.timeout.max = 5200ms (custom)
2019-09-25 12:39:26,598 [pool-197-thread-1] INFO  server.RaftServerConfigKeys (ConfUtils.java:logGet(43)) - raft.server.rpcslowness.timeout = 120s (custom)
2019-09-25 12:39:26,598 [pool-197-thread-1] INFO  server.RaftServerConfigKeys (ConfUtils.java:logGet(43)) - raft.server.sleep.deviation.threshold = 300 (default)
2019-09-25 12:39:26,598 [pool-197-thread-1] INFO  server.RaftServerConfigKeys (ConfUtils.java:logGet(43)) - raft.server.log.appender.install.snapshot.enabled = false (custom)
2019-09-25 12:39:26,599 [pool-197-thread-1] INFO  impl.RaftServerImpl (ServerState.java:<init>(103)) - 8084e3dc-a4cf-4231-afde-79a41fa6d4d0@group-E3986B9614E4: ConfigurationManager, init=-1: [8084e3dc-a4cf-4231-afde-79a41fa6d4d0:192.168.151.73:41876], old=null, confs=<EMPTY_MAP>
2019-09-25 12:39:26,599 [pool-197-thread-1] INFO  server.RaftServerConfigKeys (ConfUtils.java:logGet(43)) - raft.server.storage.dir = [/workdir/hadoop-ozone/integration-test/target/test-dir/MiniOzoneClusterImpl-12653923-402e-414c-9497-4da48b930a89/datanode-2/data/ratis] (custom)
2019-09-25 12:39:26,599 [pool-197-thread-1] INFO  storage.RaftStorageDirectory (RaftStorageDirectory.java:analyzeStorage(246)) - The storage directory /workdir/hadoop-ozone/integration-test/target/test-dir/MiniOzoneClusterImpl-12653923-402e-414c-9497-4da48b930a89/datanode-2/data/ratis/63d56c2c-1ff8-4650-a52c-e3986b9614e4 does not exist. Creating ...
2019-09-25 12:39:26,611 [pool-197-thread-1] INFO  storage.RaftStorageDirectory (RaftStorageDirectory.java:tryLock(328)) - Lock on /workdir/hadoop-ozone/integration-test/target/test-dir/MiniOzoneClusterImpl-12653923-402e-414c-9497-4da48b930a89/datanode-2/data/ratis/63d56c2c-1ff8-4650-a52c-e3986b9614e4/in_use.lock acquired by nodename 9642@pr-hdds-1569-shd4m-3693607622
2019-09-25 12:39:26,624 [pool-197-thread-1] INFO  storage.RaftStorage (RaftStorage.java:format(72)) - Storage directory /workdir/hadoop-ozone/integration-test/target/test-dir/MiniOzoneClusterImpl-12653923-402e-414c-9497-4da48b930a89/datanode-2/data/ratis/63d56c2c-1ff8-4650-a52c-e3986b9614e4 has been successfully formatted.
2019-09-25 12:39:26,624 [pool-197-thread-1] INFO  ratis.ContainerStateMachine (ContainerStateMachine.java:loadSnapshot(230)) - group-E3986B9614E4: The snapshot info is null. Setting the last applied indexto:(t:0, i:~)
2019-09-25 12:39:26,625 [pool-197-thread-1] INFO  server.RaftServerConfigKeys (ConfUtils.java:logGet(43)) - raft.server.notification.no-leader.timeout = 120s (custom)
2019-09-25 12:39:26,625 [pool-197-thread-1] INFO  server.RaftServerConfigKeys (ConfUtils.java:logGet(43)) - raft.server.log.use.memory = false (default)
2019-09-25 12:39:26,625 [pool-197-thread-1] INFO  server.RaftServerConfigKeys (ConfUtils.java:logGet(43)) - raft.server.log.purge.gap = 1000000 (custom)
2019-09-25 12:39:26,625 [pool-197-thread-1] INFO  server.RaftServerConfigKeys (ConfUtils.java:logGet(43)) - raft.server.log.appender.buffer.byte-limit = 33554432 (custom)
2019-09-25 12:39:26,625 [pool-197-thread-1] INFO  server.RaftServerConfigKeys (ConfUtils.java:logGet(43)) - raft.server.log.segment.size.max = 1048576 (custom)
2019-09-25 12:39:26,625 [pool-197-thread-1] INFO  server.RaftServerConfigKeys (ConfUtils.java:logGet(43)) - raft.server.log.segment.cache.num.max = 2 (custom)
2019-09-25 12:39:26,625 [pool-197-thread-1] INFO  segmented.SegmentedRaftLogWorker (SegmentedRaftLogWorker.java:<init>(172)) - new 8084e3dc-a4cf-4231-afde-79a41fa6d4d0@group-E3986B9614E4-SegmentedRaftLogWorker for RaftStorage:Storage Directory /workdir/hadoop-ozone/integration-test/target/test-dir/MiniOzoneClusterImpl-12653923-402e-414c-9497-4da48b930a89/datanode-2/data/ratis/63d56c2c-1ff8-4650-a52c-e3986b9614e4
2019-09-25 12:39:26,625 [pool-197-thread-1] INFO  server.RaftServerConfigKeys (ConfUtils.java:logGet(43)) - raft.server.log.queue.byte-limit = 2147483647 (custom)
2019-09-25 12:39:26,626 [pool-197-thread-1] INFO  server.RaftServerConfigKeys (ConfUtils.java:logGet(43)) - raft.server.log.queue.element-limit = 1024 (custom)
2019-09-25 12:39:26,626 [pool-197-thread-1] INFO  server.RaftServerConfigKeys (ConfUtils.java:logGet(43)) - raft.server.log.segment.size.max = 1048576 (custom)
2019-09-25 12:39:26,626 [pool-197-thread-1] INFO  server.RaftServerConfigKeys (ConfUtils.java:logGet(43)) - raft.server.log.preallocated.size = 16384 (custom)
2019-09-25 12:39:26,626 [pool-197-thread-1] INFO  server.RaftServerConfigKeys (ConfUtils.java:logGet(43)) - raft.server.log.write.buffer.size = 33554432 (custom)
2019-09-25 12:39:26,626 [pool-197-thread-1] INFO  server.RaftServerConfigKeys (ConfUtils.java:logGet(43)) - raft.server.log.force.sync.num = 128 (default)
2019-09-25 12:39:26,626 [pool-197-thread-1] INFO  server.RaftServerConfigKeys (ConfUtils.java:logGet(43)) - raft.server.log.statemachine.data.sync = true (default)
2019-09-25 12:39:26,626 [pool-197-thread-1] INFO  server.RaftServerConfigKeys (ConfUtils.java:logGet(43)) - raft.server.log.statemachine.data.sync.timeout = 10s (default)
2019-09-25 12:39:26,626 [pool-197-thread-1] INFO  server.RaftServerConfigKeys (ConfUtils.java:logGet(43)) - raft.server.log.statemachine.data.sync.timeout.retry = -1 (default)
2019-09-25 12:39:26,627 [pool-197-thread-1] INFO  server.RaftServerConfigKeys (ConfUtils.java:logGet(43)) - raft.server.log.statemachine.data.caching.enabled = true (custom)
2019-09-25 12:39:26,627 [pool-197-thread-1] INFO  segmented.SegmentedRaftLogWorker (SegmentedRaftLogWorker.java:lambda$new$0(132)) - 8084e3dc-a4cf-4231-afde-79a41fa6d4d0@group-E3986B9614E4-SegmentedRaftLogWorker: flushIndex: setUnconditionally 0 -> -1
2019-09-25 12:39:26,627 [pool-197-thread-1] INFO  server.RaftServerConfigKeys (ConfUtils.java:logGet(43)) - raft.server.snapshot.auto.trigger.enabled = true (custom)
2019-09-25 12:39:26,627 [pool-197-thread-1] INFO  server.RaftServerConfigKeys (ConfUtils.java:logGet(43)) - raft.server.snapshot.auto.trigger.threshold = 10000 (custom)
2019-09-25 12:39:26,627 [pool-197-thread-1] INFO  server.RaftServerConfigKeys (ConfUtils.java:logGet(43)) - raft.server.snapshot.retention.num.files = 5 (custom)
2019-09-25 12:39:26,627 [pool-197-thread-1] INFO  server.RaftServerConfigKeys (ConfUtils.java:logGet(43)) - raft.server.retrycache.expirytime = 600000ms (custom)
2019-09-25 12:39:26,629 [pool-197-thread-1] INFO  impl.RaftServerImpl (RaftServerImpl.java:start(185)) - 8084e3dc-a4cf-4231-afde-79a41fa6d4d0@group-E3986B9614E4: start as a follower, conf=-1: [8084e3dc-a4cf-4231-afde-79a41fa6d4d0:192.168.151.73:41876], old=null
2019-09-25 12:39:26,629 [pool-197-thread-1] INFO  impl.RaftServerImpl (RaftServerImpl.java:setRole(174)) - 8084e3dc-a4cf-4231-afde-79a41fa6d4d0@group-E3986B9614E4: changes role from      null to FOLLOWER at term 0 for startAsFollower
2019-09-25 12:39:26,629 [pool-197-thread-1] INFO  impl.RoleInfo (RoleInfo.java:updateAndGet(143)) - 8084e3dc-a4cf-4231-afde-79a41fa6d4d0: start FollowerState
2019-09-25 12:39:26,629 [pool-197-thread-1] INFO  util.JmxRegister (JmxRegister.java:tryRegister(44)) - Successfully registered JMX Bean with object name Ratis:service=RaftServer,group=group-E3986B9614E4,id=8084e3dc-a4cf-4231-afde-79a41fa6d4d0
2019-09-25 12:39:26,632 [RatisPipelineUtilsThread] INFO  pipeline.PipelineStateManager (PipelineStateManager.java:addPipeline(56)) - Created pipeline Pipeline[ Id: 63d56c2c-1ff8-4650-a52c-e3986b9614e4, Nodes: 8084e3dc-a4cf-4231-afde-79a41fa6d4d0{ip: 192.168.151.73, host: pr-hdds-1569-shd4m-3693607622, networkLocation: /default-rack, certSerialId: null}, Type:RATIS, Factor:ONE, State:OPEN]
2019-09-25 12:39:26,632 [RatisPipelineUtilsThread] INFO  pipeline.PipelinePlacementPolicy (PipelinePlacementPolicy.java:meetCriteria(91)) - Pipeline Placement: can't place more pipeline on heavy datanode： 74747a45-069f-47fa-93d6-d0dc14d0049d Heaviness: 6 limit: 5
2019-09-25 12:39:26,632 [RatisPipelineUtilsThread] INFO  pipeline.PipelinePlacementPolicy (PipelinePlacementPolicy.java:meetCriteria(91)) - Pipeline Placement: can't place more pipeline on heavy datanode： caca59b4-8b4f-412e-bec0-7379afe8035b Heaviness: 6 limit: 5
2019-09-25 12:39:26,637 [grpc-default-executor-0] INFO  impl.RaftServerProxy (RaftServerProxy.java:addNew(89)) - 8084e3dc-a4cf-4231-afde-79a41fa6d4d0: addNew group-0E210A556EE8:[8084e3dc-a4cf-4231-afde-79a41fa6d4d0:192.168.151.73:41876] returns group-0E210A556EE8:java.util.concurrent.CompletableFuture@7f3af666[Not completed]
2019-09-25 12:39:26,638 [pool-197-thread-1] INFO  impl.RaftServerImpl (RaftServerImpl.java:<init>(95)) - 8084e3dc-a4cf-4231-afde-79a41fa6d4d0: new RaftServerImpl for group-0E210A556EE8:[8084e3dc-a4cf-4231-afde-79a41fa6d4d0:192.168.151.73:41876] with ContainerStateMachine:uninitialized
2019-09-25 12:39:26,638 [pool-197-thread-1] INFO  server.RaftServerConfigKeys (ConfUtils.java:logGet(43)) - raft.server.rpc.timeout.min = 5s (custom)
2019-09-25 12:39:26,638 [pool-197-thread-1] INFO  server.RaftServerConfigKeys (ConfUtils.java:logGet(43)) - raft.server.rpc.timeout.max = 5200ms (custom)
2019-09-25 12:39:26,638 [pool-197-thread-1] INFO  server.RaftServerConfigKeys (ConfUtils.java:logGet(43)) - raft.server.rpcslowness.timeout = 120s (custom)
2019-09-25 12:39:26,638 [pool-197-thread-1] INFO  server.RaftServerConfigKeys (ConfUtils.java:logGet(43)) - raft.server.sleep.deviation.threshold = 300 (default)
2019-09-25 12:39:26,638 [pool-197-thread-1] INFO  server.RaftServerConfigKeys (ConfUtils.java:logGet(43)) - raft.server.log.appender.install.snapshot.enabled = false (custom)
2019-09-25 12:39:26,639 [pool-197-thread-1] INFO  impl.RaftServerImpl (ServerState.java:<init>(103)) - 8084e3dc-a4cf-4231-afde-79a41fa6d4d0@group-0E210A556EE8: ConfigurationManager, init=-1: [8084e3dc-a4cf-4231-afde-79a41fa6d4d0:192.168.151.73:41876], old=null, confs=<EMPTY_MAP>
2019-09-25 12:39:26,639 [pool-197-thread-1] INFO  server.RaftServerConfigKeys (ConfUtils.java:logGet(43)) - raft.server.storage.dir = [/workdir/hadoop-ozone/integration-test/target/test-dir/MiniOzoneClusterImpl-12653923-402e-414c-9497-4da48b930a89/datanode-2/data/ratis] (custom)
2019-09-25 12:39:26,639 [pool-197-thread-1] INFO  storage.RaftStorageDirectory (RaftStorageDirectory.java:analyzeStorage(246)) - The storage directory /workdir/hadoop-ozone/integration-test/target/test-dir/MiniOzoneClusterImpl-12653923-402e-414c-9497-4da48b930a89/datanode-2/data/ratis/f16f0f4b-6020-46b6-979d-0e210a556ee8 does not exist. Creating ...
2019-09-25 12:39:26,651 [pool-197-thread-1] INFO  storage.RaftStorageDirectory (RaftStorageDirectory.java:tryLock(328)) - Lock on /workdir/hadoop-ozone/integration-test/target/test-dir/MiniOzoneClusterImpl-12653923-402e-414c-9497-4da48b930a89/datanode-2/data/ratis/f16f0f4b-6020-46b6-979d-0e210a556ee8/in_use.lock acquired by nodename 9642@pr-hdds-1569-shd4m-3693607622
2019-09-25 12:39:26,664 [pool-197-thread-1] INFO  storage.RaftStorage (RaftStorage.java:format(72)) - Storage directory /workdir/hadoop-ozone/integration-test/target/test-dir/MiniOzoneClusterImpl-12653923-402e-414c-9497-4da48b930a89/datanode-2/data/ratis/f16f0f4b-6020-46b6-979d-0e210a556ee8 has been successfully formatted.
2019-09-25 12:39:26,664 [pool-197-thread-1] INFO  ratis.ContainerStateMachine (ContainerStateMachine.java:loadSnapshot(230)) - group-0E210A556EE8: The snapshot info is null. Setting the last applied indexto:(t:0, i:~)
2019-09-25 12:39:26,664 [pool-197-thread-1] INFO  server.RaftServerConfigKeys (ConfUtils.java:logGet(43)) - raft.server.notification.no-leader.timeout = 120s (custom)
2019-09-25 12:39:26,664 [pool-197-thread-1] INFO  server.RaftServerConfigKeys (ConfUtils.java:logGet(43)) - raft.server.log.use.memory = false (default)
2019-09-25 12:39:26,665 [pool-197-thread-1] INFO  server.RaftServerConfigKeys (ConfUtils.java:logGet(43)) - raft.server.log.purge.gap = 1000000 (custom)
2019-09-25 12:39:26,665 [pool-197-thread-1] INFO  server.RaftServerConfigKeys (ConfUtils.java:logGet(43)) - raft.server.log.appender.buffer.byte-limit = 33554432 (custom)
2019-09-25 12:39:26,665 [pool-197-thread-1] INFO  server.RaftServerConfigKeys (ConfUtils.java:logGet(43)) - raft.server.log.segment.size.max = 1048576 (custom)
2019-09-25 12:39:26,665 [pool-197-thread-1] INFO  server.RaftServerConfigKeys (ConfUtils.java:logGet(43)) - raft.server.log.segment.cache.num.max = 2 (custom)
2019-09-25 12:39:26,665 [pool-197-thread-1] INFO  segmented.SegmentedRaftLogWorker (SegmentedRaftLogWorker.java:<init>(172)) - new 8084e3dc-a4cf-4231-afde-79a41fa6d4d0@group-0E210A556EE8-SegmentedRaftLogWorker for RaftStorage:Storage Directory /workdir/hadoop-ozone/integration-test/target/test-dir/MiniOzoneClusterImpl-12653923-402e-414c-9497-4da48b930a89/datanode-2/data/ratis/f16f0f4b-6020-46b6-979d-0e210a556ee8
2019-09-25 12:39:26,665 [pool-197-thread-1] INFO  server.RaftServerConfigKeys (ConfUtils.java:logGet(43)) - raft.server.log.queue.byte-limit = 2147483647 (custom)
2019-09-25 12:39:26,665 [pool-197-thread-1] INFO  server.RaftServerConfigKeys (ConfUtils.java:logGet(43)) - raft.server.log.queue.element-limit = 1024 (custom)
2019-09-25 12:39:26,665 [pool-197-thread-1] INFO  server.RaftServerConfigKeys (ConfUtils.java:logGet(43)) - raft.server.log.segment.size.max = 1048576 (custom)
2019-09-25 12:39:26,665 [pool-197-thread-1] INFO  server.RaftServerConfigKeys (ConfUtils.java:logGet(43)) - raft.server.log.preallocated.size = 16384 (custom)
2019-09-25 12:39:26,665 [pool-197-thread-1] INFO  server.RaftServerConfigKeys (ConfUtils.java:logGet(43)) - raft.server.log.write.buffer.size = 33554432 (custom)
2019-09-25 12:39:26,666 [pool-197-thread-1] INFO  server.RaftServerConfigKeys (ConfUtils.java:logGet(43)) - raft.server.log.force.sync.num = 128 (default)
2019-09-25 12:39:26,666 [pool-197-thread-1] INFO  server.RaftServerConfigKeys (ConfUtils.java:logGet(43)) - raft.server.log.statemachine.data.sync = true (default)
2019-09-25 12:39:26,666 [pool-197-thread-1] INFO  server.RaftServerConfigKeys (ConfUtils.java:logGet(43)) - raft.server.log.statemachine.data.sync.timeout = 10s (default)
2019-09-25 12:39:26,666 [pool-197-thread-1] INFO  server.RaftServerConfigKeys (ConfUtils.java:logGet(43)) - raft.server.log.statemachine.data.sync.timeout.retry = -1 (default)
2019-09-25 12:39:26,666 [pool-197-thread-1] INFO  server.RaftServerConfigKeys (ConfUtils.java:logGet(43)) - raft.server.log.statemachine.data.caching.enabled = true (custom)
2019-09-25 12:39:26,666 [pool-197-thread-1] INFO  segmented.SegmentedRaftLogWorker (SegmentedRaftLogWorker.java:lambda$new$0(132)) - 8084e3dc-a4cf-4231-afde-79a41fa6d4d0@group-0E210A556EE8-SegmentedRaftLogWorker: flushIndex: setUnconditionally 0 -> -1
2019-09-25 12:39:26,666 [pool-197-thread-1] INFO  server.RaftServerConfigKeys (ConfUtils.java:logGet(43)) - raft.server.snapshot.auto.trigger.enabled = true (custom)
2019-09-25 12:39:26,667 [pool-197-thread-1] INFO  server.RaftServerConfigKeys (ConfUtils.java:logGet(43)) - raft.server.snapshot.auto.trigger.threshold = 10000 (custom)
2019-09-25 12:39:26,667 [pool-197-thread-1] INFO  server.RaftServerConfigKeys (ConfUtils.java:logGet(43)) - raft.server.snapshot.retention.num.files = 5 (custom)
2019-09-25 12:39:26,667 [pool-197-thread-1] INFO  server.RaftServerConfigKeys (ConfUtils.java:logGet(43)) - raft.server.retrycache.expirytime = 600000ms (custom)
2019-09-25 12:39:26,668 [pool-197-thread-1] INFO  impl.RaftServerImpl (RaftServerImpl.java:start(185)) - 8084e3dc-a4cf-4231-afde-79a41fa6d4d0@group-0E210A556EE8: start as a follower, conf=-1: [8084e3dc-a4cf-4231-afde-79a41fa6d4d0:192.168.151.73:41876], old=null
2019-09-25 12:39:26,668 [pool-197-thread-1] INFO  impl.RaftServerImpl (RaftServerImpl.java:setRole(174)) - 8084e3dc-a4cf-4231-afde-79a41fa6d4d0@group-0E210A556EE8: changes role from      null to FOLLOWER at term 0 for startAsFollower
2019-09-25 12:39:26,668 [pool-197-thread-1] INFO  impl.RoleInfo (RoleInfo.java:updateAndGet(143)) - 8084e3dc-a4cf-4231-afde-79a41fa6d4d0: start FollowerState
2019-09-25 12:39:26,669 [pool-197-thread-1] INFO  util.JmxRegister (JmxRegister.java:tryRegister(44)) - Successfully registered JMX Bean with object name Ratis:service=RaftServer,group=group-0E210A556EE8,id=8084e3dc-a4cf-4231-afde-79a41fa6d4d0
2019-09-25 12:39:26,672 [RatisPipelineUtilsThread] INFO  pipeline.PipelineStateManager (PipelineStateManager.java:addPipeline(56)) - Created pipeline Pipeline[ Id: f16f0f4b-6020-46b6-979d-0e210a556ee8, Nodes: 8084e3dc-a4cf-4231-afde-79a41fa6d4d0{ip: 192.168.151.73, host: pr-hdds-1569-shd4m-3693607622, networkLocation: /default-rack, certSerialId: null}, Type:RATIS, Factor:ONE, State:OPEN]
2019-09-25 12:39:26,672 [RatisPipelineUtilsThread] INFO  pipeline.PipelinePlacementPolicy (PipelinePlacementPolicy.java:meetCriteria(91)) - Pipeline Placement: can't place more pipeline on heavy datanode： 74747a45-069f-47fa-93d6-d0dc14d0049d Heaviness: 6 limit: 5
2019-09-25 12:39:26,672 [RatisPipelineUtilsThread] INFO  pipeline.PipelinePlacementPolicy (PipelinePlacementPolicy.java:meetCriteria(91)) - Pipeline Placement: can't place more pipeline on heavy datanode： caca59b4-8b4f-412e-bec0-7379afe8035b Heaviness: 6 limit: 5
2019-09-25 12:39:26,677 [grpc-default-executor-0] INFO  impl.RaftServerProxy (RaftServerProxy.java:addNew(89)) - 8084e3dc-a4cf-4231-afde-79a41fa6d4d0: addNew group-774D0974CAF0:[8084e3dc-a4cf-4231-afde-79a41fa6d4d0:192.168.151.73:41876] returns group-774D0974CAF0:java.util.concurrent.CompletableFuture@4e1ced28[Not completed]
2019-09-25 12:39:26,678 [pool-197-thread-1] INFO  impl.RaftServerImpl (RaftServerImpl.java:<init>(95)) - 8084e3dc-a4cf-4231-afde-79a41fa6d4d0: new RaftServerImpl for group-774D0974CAF0:[8084e3dc-a4cf-4231-afde-79a41fa6d4d0:192.168.151.73:41876] with ContainerStateMachine:uninitialized
2019-09-25 12:39:26,678 [pool-197-thread-1] INFO  server.RaftServerConfigKeys (ConfUtils.java:logGet(43)) - raft.server.rpc.timeout.min = 5s (custom)
2019-09-25 12:39:26,678 [pool-197-thread-1] INFO  server.RaftServerConfigKeys (ConfUtils.java:logGet(43)) - raft.server.rpc.timeout.max = 5200ms (custom)
2019-09-25 12:39:26,678 [pool-197-thread-1] INFO  server.RaftServerConfigKeys (ConfUtils.java:logGet(43)) - raft.server.rpcslowness.timeout = 120s (custom)
2019-09-25 12:39:26,678 [pool-197-thread-1] INFO  server.RaftServerConfigKeys (ConfUtils.java:logGet(43)) - raft.server.sleep.deviation.threshold = 300 (default)
2019-09-25 12:39:26,678 [pool-197-thread-1] INFO  server.RaftServerConfigKeys (ConfUtils.java:logGet(43)) - raft.server.log.appender.install.snapshot.enabled = false (custom)
2019-09-25 12:39:26,678 [pool-197-thread-1] INFO  impl.RaftServerImpl (ServerState.java:<init>(103)) - 8084e3dc-a4cf-4231-afde-79a41fa6d4d0@group-774D0974CAF0: ConfigurationManager, init=-1: [8084e3dc-a4cf-4231-afde-79a41fa6d4d0:192.168.151.73:41876], old=null, confs=<EMPTY_MAP>
2019-09-25 12:39:26,678 [pool-197-thread-1] INFO  server.RaftServerConfigKeys (ConfUtils.java:logGet(43)) - raft.server.storage.dir = [/workdir/hadoop-ozone/integration-test/target/test-dir/MiniOzoneClusterImpl-12653923-402e-414c-9497-4da48b930a89/datanode-2/data/ratis] (custom)
2019-09-25 12:39:26,678 [pool-197-thread-1] INFO  storage.RaftStorageDirectory (RaftStorageDirectory.java:analyzeStorage(246)) - The storage directory /workdir/hadoop-ozone/integration-test/target/test-dir/MiniOzoneClusterImpl-12653923-402e-414c-9497-4da48b930a89/datanode-2/data/ratis/d4970c96-6f10-46ea-94e0-774d0974caf0 does not exist. Creating ...
2019-09-25 12:39:26,681 [pool-197-thread-1] INFO  storage.RaftStorageDirectory (RaftStorageDirectory.java:tryLock(328)) - Lock on /workdir/hadoop-ozone/integration-test/target/test-dir/MiniOzoneClusterImpl-12653923-402e-414c-9497-4da48b930a89/datanode-2/data/ratis/d4970c96-6f10-46ea-94e0-774d0974caf0/in_use.lock acquired by nodename 9642@pr-hdds-1569-shd4m-3693607622
2019-09-25 12:39:26,685 [pool-197-thread-1] INFO  storage.RaftStorage (RaftStorage.java:format(72)) - Storage directory /workdir/hadoop-ozone/integration-test/target/test-dir/MiniOzoneClusterImpl-12653923-402e-414c-9497-4da48b930a89/datanode-2/data/ratis/d4970c96-6f10-46ea-94e0-774d0974caf0 has been successfully formatted.
2019-09-25 12:39:26,685 [pool-197-thread-1] INFO  ratis.ContainerStateMachine (ContainerStateMachine.java:loadSnapshot(230)) - group-774D0974CAF0: The snapshot info is null. Setting the last applied indexto:(t:0, i:~)
2019-09-25 12:39:26,685 [pool-197-thread-1] INFO  server.RaftServerConfigKeys (ConfUtils.java:logGet(43)) - raft.server.notification.no-leader.timeout = 120s (custom)
2019-09-25 12:39:26,685 [pool-197-thread-1] INFO  server.RaftServerConfigKeys (ConfUtils.java:logGet(43)) - raft.server.log.use.memory = false (default)
2019-09-25 12:39:26,685 [pool-197-thread-1] INFO  server.RaftServerConfigKeys (ConfUtils.java:logGet(43)) - raft.server.log.purge.gap = 1000000 (custom)
2019-09-25 12:39:26,685 [pool-197-thread-1] INFO  server.RaftServerConfigKeys (ConfUtils.java:logGet(43)) - raft.server.log.appender.buffer.byte-limit = 33554432 (custom)
2019-09-25 12:39:26,686 [pool-197-thread-1] INFO  server.RaftServerConfigKeys (ConfUtils.java:logGet(43)) - raft.server.log.segment.size.max = 1048576 (custom)
2019-09-25 12:39:26,686 [pool-197-thread-1] INFO  server.RaftServerConfigKeys (ConfUtils.java:logGet(43)) - raft.server.log.segment.cache.num.max = 2 (custom)
2019-09-25 12:39:26,686 [pool-197-thread-1] INFO  segmented.SegmentedRaftLogWorker (SegmentedRaftLogWorker.java:<init>(172)) - new 8084e3dc-a4cf-4231-afde-79a41fa6d4d0@group-774D0974CAF0-SegmentedRaftLogWorker for RaftStorage:Storage Directory /workdir/hadoop-ozone/integration-test/target/test-dir/MiniOzoneClusterImpl-12653923-402e-414c-9497-4da48b930a89/datanode-2/data/ratis/d4970c96-6f10-46ea-94e0-774d0974caf0
2019-09-25 12:39:26,686 [pool-197-thread-1] INFO  server.RaftServerConfigKeys (ConfUtils.java:logGet(43)) - raft.server.log.queue.byte-limit = 2147483647 (custom)
2019-09-25 12:39:26,686 [pool-197-thread-1] INFO  server.RaftServerConfigKeys (ConfUtils.java:logGet(43)) - raft.server.log.queue.element-limit = 1024 (custom)
2019-09-25 12:39:26,686 [pool-197-thread-1] INFO  server.RaftServerConfigKeys (ConfUtils.java:logGet(43)) - raft.server.log.segment.size.max = 1048576 (custom)
2019-09-25 12:39:26,686 [pool-197-thread-1] INFO  server.RaftServerConfigKeys (ConfUtils.java:logGet(43)) - raft.server.log.preallocated.size = 16384 (custom)
2019-09-25 12:39:26,686 [pool-197-thread-1] INFO  server.RaftServerConfigKeys (ConfUtils.java:logGet(43)) - raft.server.log.write.buffer.size = 33554432 (custom)
2019-09-25 12:39:26,686 [pool-197-thread-1] INFO  server.RaftServerConfigKeys (ConfUtils.java:logGet(43)) - raft.server.log.force.sync.num = 128 (default)
2019-09-25 12:39:26,687 [pool-197-thread-1] INFO  server.RaftServerConfigKeys (ConfUtils.java:logGet(43)) - raft.server.log.statemachine.data.sync = true (default)
2019-09-25 12:39:26,687 [pool-197-thread-1] INFO  server.RaftServerConfigKeys (ConfUtils.java:logGet(43)) - raft.server.log.statemachine.data.sync.timeout = 10s (default)
2019-09-25 12:39:26,687 [pool-197-thread-1] INFO  server.RaftServerConfigKeys (ConfUtils.java:logGet(43)) - raft.server.log.statemachine.data.sync.timeout.retry = -1 (default)
2019-09-25 12:39:26,687 [pool-197-thread-1] INFO  server.RaftServerConfigKeys (ConfUtils.java:logGet(43)) - raft.server.log.statemachine.data.caching.enabled = true (custom)
2019-09-25 12:39:26,687 [pool-197-thread-1] INFO  segmented.SegmentedRaftLogWorker (SegmentedRaftLogWorker.java:lambda$new$0(132)) - 8084e3dc-a4cf-4231-afde-79a41fa6d4d0@group-774D0974CAF0-SegmentedRaftLogWorker: flushIndex: setUnconditionally 0 -> -1
2019-09-25 12:39:26,687 [pool-197-thread-1] INFO  server.RaftServerConfigKeys (ConfUtils.java:logGet(43)) - raft.server.snapshot.auto.trigger.enabled = true (custom)
2019-09-25 12:39:26,687 [pool-197-thread-1] INFO  server.RaftServerConfigKeys (ConfUtils.java:logGet(43)) - raft.server.snapshot.auto.trigger.threshold = 10000 (custom)
2019-09-25 12:39:26,687 [pool-197-thread-1] INFO  server.RaftServerConfigKeys (ConfUtils.java:logGet(43)) - raft.server.snapshot.retention.num.files = 5 (custom)
2019-09-25 12:39:26,688 [pool-197-thread-1] INFO  server.RaftServerConfigKeys (ConfUtils.java:logGet(43)) - raft.server.retrycache.expirytime = 600000ms (custom)
2019-09-25 12:39:26,689 [pool-197-thread-1] INFO  impl.RaftServerImpl (RaftServerImpl.java:start(185)) - 8084e3dc-a4cf-4231-afde-79a41fa6d4d0@group-774D0974CAF0: start as a follower, conf=-1: [8084e3dc-a4cf-4231-afde-79a41fa6d4d0:192.168.151.73:41876], old=null
2019-09-25 12:39:26,689 [pool-197-thread-1] INFO  impl.RaftServerImpl (RaftServerImpl.java:setRole(174)) - 8084e3dc-a4cf-4231-afde-79a41fa6d4d0@group-774D0974CAF0: changes role from      null to FOLLOWER at term 0 for startAsFollower
2019-09-25 12:39:26,689 [pool-197-thread-1] INFO  impl.RoleInfo (RoleInfo.java:updateAndGet(143)) - 8084e3dc-a4cf-4231-afde-79a41fa6d4d0: start FollowerState
2019-09-25 12:39:26,689 [pool-197-thread-1] INFO  util.JmxRegister (JmxRegister.java:tryRegister(44)) - Successfully registered JMX Bean with object name Ratis:service=RaftServer,group=group-774D0974CAF0,id=8084e3dc-a4cf-4231-afde-79a41fa6d4d0
2019-09-25 12:39:26,692 [RatisPipelineUtilsThread] INFO  pipeline.PipelineStateManager (PipelineStateManager.java:addPipeline(56)) - Created pipeline Pipeline[ Id: d4970c96-6f10-46ea-94e0-774d0974caf0, Nodes: 8084e3dc-a4cf-4231-afde-79a41fa6d4d0{ip: 192.168.151.73, host: pr-hdds-1569-shd4m-3693607622, networkLocation: /default-rack, certSerialId: null}, Type:RATIS, Factor:ONE, State:OPEN]
2019-09-25 12:39:26,692 [RatisPipelineUtilsThread] INFO  pipeline.PipelinePlacementPolicy (PipelinePlacementPolicy.java:meetCriteria(91)) - Pipeline Placement: can't place more pipeline on heavy datanode： 74747a45-069f-47fa-93d6-d0dc14d0049d Heaviness: 6 limit: 5
2019-09-25 12:39:26,693 [RatisPipelineUtilsThread] INFO  pipeline.PipelinePlacementPolicy (PipelinePlacementPolicy.java:meetCriteria(91)) - Pipeline Placement: can't place more pipeline on heavy datanode： caca59b4-8b4f-412e-bec0-7379afe8035b Heaviness: 6 limit: 5
2019-09-25 12:39:26,693 [RatisPipelineUtilsThread] INFO  pipeline.PipelinePlacementPolicy (PipelinePlacementPolicy.java:meetCriteria(91)) - Pipeline Placement: can't place more pipeline on heavy datanode： 8084e3dc-a4cf-4231-afde-79a41fa6d4d0 Heaviness: 6 limit: 5
2019-09-25 12:39:26,693 [RatisPipelineUtilsThread] ERROR pipeline.PipelinePlacementPolicy (PipelinePlacementPolicy.java:filterViableNodes(148)) - Unable to find enough nodes that meet the criteria that cannot engage in more than 5 pipelines. Nodes required: 1 Found: 0, healthy nodes count inNodeManager: 3.
2019-09-25 12:39:26,693 [RatisPipelineUtilsThread] ERROR pipeline.SCMPipelineManager (SCMPipelineManager.java:createPipeline(167)) - Pipeline creation failed.
org.apache.hadoop.hdds.scm.exceptions.SCMException: Unable to find enough nodes that meet the criteria that cannot engage in more than 5 pipelines. Nodes required: 1 Found: 0, healthy nodes count inNodeManager: 3.
	at org.apache.hadoop.hdds.scm.pipeline.PipelinePlacementPolicy.filterViableNodes(PipelinePlacementPolicy.java:149)
	at org.apache.hadoop.hdds.scm.pipeline.PipelinePlacementPolicy.chooseDatanodes(PipelinePlacementPolicy.java:172)
	at org.apache.hadoop.hdds.scm.pipeline.RatisPipelineProvider.create(RatisPipelineProvider.java:93)
	at org.apache.hadoop.hdds.scm.pipeline.PipelineFactory.create(PipelineFactory.java:58)
	at org.apache.hadoop.hdds.scm.pipeline.SCMPipelineManager.createPipeline(SCMPipelineManager.java:155)
	at org.apache.hadoop.hdds.scm.pipeline.BackgroundPipelineCreator.createPipelines(BackgroundPipelineCreator.java:99)
	at java.util.concurrent.Executors$RunnableAdapter.call(Executors.java:511)
	at java.util.concurrent.FutureTask.run(FutureTask.java:266)
	at java.util.concurrent.ScheduledThreadPoolExecutor$ScheduledFutureTask.access$201(ScheduledThreadPoolExecutor.java:180)
	at java.util.concurrent.ScheduledThreadPoolExecutor$ScheduledFutureTask.run(ScheduledThreadPoolExecutor.java:293)
	at java.util.concurrent.ThreadPoolExecutor.runWorker(ThreadPoolExecutor.java:1149)
	at java.util.concurrent.ThreadPoolExecutor$Worker.run(ThreadPoolExecutor.java:624)
	at java.lang.Thread.run(Thread.java:748)
2019-09-25 12:39:26,694 [RatisPipelineUtilsThread] INFO  pipeline.PipelinePlacementPolicy (PipelinePlacementPolicy.java:meetCriteria(91)) - Pipeline Placement: can't place more pipeline on heavy datanode： 74747a45-069f-47fa-93d6-d0dc14d0049d Heaviness: 6 limit: 5
2019-09-25 12:39:26,694 [RatisPipelineUtilsThread] INFO  pipeline.PipelinePlacementPolicy (PipelinePlacementPolicy.java:meetCriteria(91)) - Pipeline Placement: can't place more pipeline on heavy datanode： caca59b4-8b4f-412e-bec0-7379afe8035b Heaviness: 6 limit: 5
2019-09-25 12:39:26,694 [RatisPipelineUtilsThread] INFO  pipeline.PipelinePlacementPolicy (PipelinePlacementPolicy.java:meetCriteria(91)) - Pipeline Placement: can't place more pipeline on heavy datanode： 8084e3dc-a4cf-4231-afde-79a41fa6d4d0 Heaviness: 6 limit: 5
2019-09-25 12:39:26,694 [RatisPipelineUtilsThread] ERROR pipeline.PipelinePlacementPolicy (PipelinePlacementPolicy.java:filterViableNodes(148)) - Unable to find enough nodes that meet the criteria that cannot engage in more than 5 pipelines. Nodes required: 3 Found: 0, healthy nodes count inNodeManager: 3.
2019-09-25 12:39:26,694 [RatisPipelineUtilsThread] ERROR pipeline.SCMPipelineManager (SCMPipelineManager.java:createPipeline(167)) - Pipeline creation failed.
org.apache.hadoop.hdds.scm.exceptions.SCMException: Unable to find enough nodes that meet the criteria that cannot engage in more than 5 pipelines. Nodes required: 3 Found: 0, healthy nodes count inNodeManager: 3.
	at org.apache.hadoop.hdds.scm.pipeline.PipelinePlacementPolicy.filterViableNodes(PipelinePlacementPolicy.java:149)
	at org.apache.hadoop.hdds.scm.pipeline.PipelinePlacementPolicy.chooseDatanodes(PipelinePlacementPolicy.java:172)
	at org.apache.hadoop.hdds.scm.pipeline.RatisPipelineProvider.create(RatisPipelineProvider.java:93)
	at org.apache.hadoop.hdds.scm.pipeline.PipelineFactory.create(PipelineFactory.java:58)
	at org.apache.hadoop.hdds.scm.pipeline.SCMPipelineManager.createPipeline(SCMPipelineManager.java:155)
	at org.apache.hadoop.hdds.scm.pipeline.BackgroundPipelineCreator.createPipelines(BackgroundPipelineCreator.java:99)
	at java.util.concurrent.Executors$RunnableAdapter.call(Executors.java:511)
	at java.util.concurrent.FutureTask.run(FutureTask.java:266)
	at java.util.concurrent.ScheduledThreadPoolExecutor$ScheduledFutureTask.access$201(ScheduledThreadPoolExecutor.java:180)
	at java.util.concurrent.ScheduledThreadPoolExecutor$ScheduledFutureTask.run(ScheduledThreadPoolExecutor.java:293)
	at java.util.concurrent.ThreadPoolExecutor.runWorker(ThreadPoolExecutor.java:1149)
	at java.util.concurrent.ThreadPoolExecutor$Worker.run(ThreadPoolExecutor.java:624)
	at java.lang.Thread.run(Thread.java:748)
2019-09-25 12:39:26,695 [RatisPipelineUtilsThread] INFO  pipeline.PipelinePlacementPolicy (PipelinePlacementPolicy.java:meetCriteria(91)) - Pipeline Placement: can't place more pipeline on heavy datanode： 74747a45-069f-47fa-93d6-d0dc14d0049d Heaviness: 6 limit: 5
2019-09-25 12:39:26,695 [RatisPipelineUtilsThread] INFO  pipeline.PipelinePlacementPolicy (PipelinePlacementPolicy.java:meetCriteria(91)) - Pipeline Placement: can't place more pipeline on heavy datanode： caca59b4-8b4f-412e-bec0-7379afe8035b Heaviness: 6 limit: 5
2019-09-25 12:39:26,695 [RatisPipelineUtilsThread] INFO  pipeline.PipelinePlacementPolicy (PipelinePlacementPolicy.java:meetCriteria(91)) - Pipeline Placement: can't place more pipeline on heavy datanode： 8084e3dc-a4cf-4231-afde-79a41fa6d4d0 Heaviness: 6 limit: 5
2019-09-25 12:39:26,696 [RatisPipelineUtilsThread] ERROR pipeline.PipelinePlacementPolicy (PipelinePlacementPolicy.java:filterViableNodes(148)) - Unable to find enough nodes that meet the criteria that cannot engage in more than 5 pipelines. Nodes required: 1 Found: 0, healthy nodes count inNodeManager: 3.
2019-09-25 12:39:26,696 [RatisPipelineUtilsThread] ERROR pipeline.SCMPipelineManager (SCMPipelineManager.java:createPipeline(167)) - Pipeline creation failed.
org.apache.hadoop.hdds.scm.exceptions.SCMException: Unable to find enough nodes that meet the criteria that cannot engage in more than 5 pipelines. Nodes required: 1 Found: 0, healthy nodes count inNodeManager: 3.
	at org.apache.hadoop.hdds.scm.pipeline.PipelinePlacementPolicy.filterViableNodes(PipelinePlacementPolicy.java:149)
	at org.apache.hadoop.hdds.scm.pipeline.PipelinePlacementPolicy.chooseDatanodes(PipelinePlacementPolicy.java:172)
	at org.apache.hadoop.hdds.scm.pipeline.RatisPipelineProvider.create(RatisPipelineProvider.java:93)
	at org.apache.hadoop.hdds.scm.pipeline.PipelineFactory.create(PipelineFactory.java:58)
	at org.apache.hadoop.hdds.scm.pipeline.SCMPipelineManager.createPipeline(SCMPipelineManager.java:155)
	at org.apache.hadoop.hdds.scm.pipeline.BackgroundPipelineCreator.createPipelines(BackgroundPipelineCreator.java:99)
	at org.apache.hadoop.hdds.scm.pipeline.BackgroundPipelineCreator.lambda$startFixedIntervalPipelineCreator$0(BackgroundPipelineCreator.java:70)
	at java.util.concurrent.Executors$RunnableAdapter.call(Executors.java:511)
	at java.util.concurrent.FutureTask.runAndReset(FutureTask.java:308)
	at java.util.concurrent.ScheduledThreadPoolExecutor$ScheduledFutureTask.access$301(ScheduledThreadPoolExecutor.java:180)
	at java.util.concurrent.ScheduledThreadPoolExecutor$ScheduledFutureTask.run(ScheduledThreadPoolExecutor.java:294)
	at java.util.concurrent.ThreadPoolExecutor.runWorker(ThreadPoolExecutor.java:1149)
	at java.util.concurrent.ThreadPoolExecutor$Worker.run(ThreadPoolExecutor.java:624)
	at java.lang.Thread.run(Thread.java:748)
2019-09-25 12:39:26,696 [RatisPipelineUtilsThread] INFO  pipeline.PipelinePlacementPolicy (PipelinePlacementPolicy.java:meetCriteria(91)) - Pipeline Placement: can't place more pipeline on heavy datanode： 74747a45-069f-47fa-93d6-d0dc14d0049d Heaviness: 6 limit: 5
2019-09-25 12:39:26,697 [RatisPipelineUtilsThread] INFO  pipeline.PipelinePlacementPolicy (PipelinePlacementPolicy.java:meetCriteria(91)) - Pipeline Placement: can't place more pipeline on heavy datanode： caca59b4-8b4f-412e-bec0-7379afe8035b Heaviness: 6 limit: 5
2019-09-25 12:39:26,697 [RatisPipelineUtilsThread] INFO  pipeline.PipelinePlacementPolicy (PipelinePlacementPolicy.java:meetCriteria(91)) - Pipeline Placement: can't place more pipeline on heavy datanode： 8084e3dc-a4cf-4231-afde-79a41fa6d4d0 Heaviness: 6 limit: 5
2019-09-25 12:39:26,697 [RatisPipelineUtilsThread] ERROR pipeline.PipelinePlacementPolicy (PipelinePlacementPolicy.java:filterViableNodes(148)) - Unable to find enough nodes that meet the criteria that cannot engage in more than 5 pipelines. Nodes required: 3 Found: 0, healthy nodes count inNodeManager: 3.
2019-09-25 12:39:26,697 [RatisPipelineUtilsThread] ERROR pipeline.SCMPipelineManager (SCMPipelineManager.java:createPipeline(167)) - Pipeline creation failed.
org.apache.hadoop.hdds.scm.exceptions.SCMException: Unable to find enough nodes that meet the criteria that cannot engage in more than 5 pipelines. Nodes required: 3 Found: 0, healthy nodes count inNodeManager: 3.
	at org.apache.hadoop.hdds.scm.pipeline.PipelinePlacementPolicy.filterViableNodes(PipelinePlacementPolicy.java:149)
	at org.apache.hadoop.hdds.scm.pipeline.PipelinePlacementPolicy.chooseDatanodes(PipelinePlacementPolicy.java:172)
	at org.apache.hadoop.hdds.scm.pipeline.RatisPipelineProvider.create(RatisPipelineProvider.java:93)
	at org.apache.hadoop.hdds.scm.pipeline.PipelineFactory.create(PipelineFactory.java:58)
	at org.apache.hadoop.hdds.scm.pipeline.SCMPipelineManager.createPipeline(SCMPipelineManager.java:155)
	at org.apache.hadoop.hdds.scm.pipeline.BackgroundPipelineCreator.createPipelines(BackgroundPipelineCreator.java:99)
	at org.apache.hadoop.hdds.scm.pipeline.BackgroundPipelineCreator.lambda$startFixedIntervalPipelineCreator$0(BackgroundPipelineCreator.java:70)
	at java.util.concurrent.Executors$RunnableAdapter.call(Executors.java:511)
	at java.util.concurrent.FutureTask.runAndReset(FutureTask.java:308)
	at java.util.concurrent.ScheduledThreadPoolExecutor$ScheduledFutureTask.access$301(ScheduledThreadPoolExecutor.java:180)
	at java.util.concurrent.ScheduledThreadPoolExecutor$ScheduledFutureTask.run(ScheduledThreadPoolExecutor.java:294)
	at java.util.concurrent.ThreadPoolExecutor.runWorker(ThreadPoolExecutor.java:1149)
	at java.util.concurrent.ThreadPoolExecutor$Worker.run(ThreadPoolExecutor.java:624)
	at java.lang.Thread.run(Thread.java:748)
2019-09-25 12:39:27,047 [main] INFO  ozone.MiniOzoneClusterImpl (MiniOzoneClusterImpl.java:lambda$waitForClusterToBeReady$0(147)) - Cluster is ready. Got 3 of 3 DN Heartbeats.
2019-09-25 12:39:27,048 [main] INFO  pipeline.PipelinePlacementPolicy (PipelinePlacementPolicy.java:meetCriteria(91)) - Pipeline Placement: can't place more pipeline on heavy datanode： 74747a45-069f-47fa-93d6-d0dc14d0049d Heaviness: 6 limit: 5
2019-09-25 12:39:27,048 [main] INFO  pipeline.PipelinePlacementPolicy (PipelinePlacementPolicy.java:meetCriteria(91)) - Pipeline Placement: can't place more pipeline on heavy datanode： caca59b4-8b4f-412e-bec0-7379afe8035b Heaviness: 6 limit: 5
2019-09-25 12:39:27,048 [main] INFO  pipeline.PipelinePlacementPolicy (PipelinePlacementPolicy.java:meetCriteria(91)) - Pipeline Placement: can't place more pipeline on heavy datanode： 8084e3dc-a4cf-4231-afde-79a41fa6d4d0 Heaviness: 6 limit: 5
2019-09-25 12:39:27,049 [main] ERROR pipeline.PipelinePlacementPolicy (PipelinePlacementPolicy.java:filterViableNodes(148)) - Unable to find enough nodes that meet the criteria that cannot engage in more than 5 pipelines. Nodes required: 3 Found: 0, healthy nodes count inNodeManager: 3.
2019-09-25 12:39:27,049 [main] ERROR pipeline.SCMPipelineManager (SCMPipelineManager.java:createPipeline(167)) - Pipeline creation failed.
org.apache.hadoop.hdds.scm.exceptions.SCMException: Unable to find enough nodes that meet the criteria that cannot engage in more than 5 pipelines. Nodes required: 3 Found: 0, healthy nodes count inNodeManager: 3.
	at org.apache.hadoop.hdds.scm.pipeline.PipelinePlacementPolicy.filterViableNodes(PipelinePlacementPolicy.java:149)
	at org.apache.hadoop.hdds.scm.pipeline.PipelinePlacementPolicy.chooseDatanodes(PipelinePlacementPolicy.java:172)
	at org.apache.hadoop.hdds.scm.pipeline.RatisPipelineProvider.create(RatisPipelineProvider.java:93)
	at org.apache.hadoop.hdds.scm.pipeline.PipelineFactory.create(PipelineFactory.java:58)
	at org.apache.hadoop.hdds.scm.pipeline.SCMPipelineManager.createPipeline(SCMPipelineManager.java:155)
	at org.apache.hadoop.hdds.scm.container.ContainerStateManager.allocateContainer(ContainerStateManager.java:255)
	at org.apache.hadoop.hdds.scm.container.SCMContainerManager.allocateContainer(SCMContainerManager.java:247)
	at org.apache.hadoop.hdds.scm.pipeline.TestPipelineClose.init(TestPipelineClose.java:92)
	at sun.reflect.NativeMethodAccessorImpl.invoke0(Native Method)
	at sun.reflect.NativeMethodAccessorImpl.invoke(NativeMethodAccessorImpl.java:62)
	at sun.reflect.DelegatingMethodAccessorImpl.invoke(DelegatingMethodAccessorImpl.java:43)
	at java.lang.reflect.Method.invoke(Method.java:498)
	at org.junit.runners.model.FrameworkMethod$1.runReflectiveCall(FrameworkMethod.java:47)
	at org.junit.internal.runners.model.ReflectiveCallable.run(ReflectiveCallable.java:12)
	at org.junit.runners.model.FrameworkMethod.invokeExplosively(FrameworkMethod.java:44)
	at org.junit.internal.runners.statements.RunBefores.evaluate(RunBefores.java:24)
	at org.junit.internal.runners.statements.RunAfters.evaluate(RunAfters.java:27)
	at org.junit.runners.ParentRunner.runLeaf(ParentRunner.java:271)
	at org.junit.runners.BlockJUnit4ClassRunner.runChild(BlockJUnit4ClassRunner.java:70)
	at org.junit.runners.BlockJUnit4ClassRunner.runChild(BlockJUnit4ClassRunner.java:50)
	at org.junit.runners.ParentRunner$3.run(ParentRunner.java:238)
	at org.junit.runners.ParentRunner$1.schedule(ParentRunner.java:63)
	at org.junit.runners.ParentRunner.runChildren(ParentRunner.java:236)
	at org.junit.runners.ParentRunner.access$000(ParentRunner.java:53)
	at org.junit.runners.ParentRunner$2.evaluate(ParentRunner.java:229)
	at org.junit.runners.ParentRunner.run(ParentRunner.java:309)
	at org.apache.maven.surefire.junit4.JUnit4Provider.execute(JUnit4Provider.java:365)
	at org.apache.maven.surefire.junit4.JUnit4Provider.executeWithRerun(JUnit4Provider.java:273)
	at org.apache.maven.surefire.junit4.JUnit4Provider.executeTestSet(JUnit4Provider.java:238)
	at org.apache.maven.surefire.junit4.JUnit4Provider.invoke(JUnit4Provider.java:159)
	at org.apache.maven.surefire.booter.ForkedBooter.invokeProviderInSameClassLoader(ForkedBooter.java:384)
	at org.apache.maven.surefire.booter.ForkedBooter.runSuitesInProcess(ForkedBooter.java:345)
	at org.apache.maven.surefire.booter.ForkedBooter.execute(ForkedBooter.java:126)
	at org.apache.maven.surefire.booter.ForkedBooter.main(ForkedBooter.java:418)
2019-09-25 12:39:27,061 [main] INFO  ozone.MiniOzoneClusterImpl (MiniOzoneClusterImpl.java:shutdown(314)) - Shutting down the Mini Ozone Cluster
2019-09-25 12:39:27,061 [main] INFO  ozone.MiniOzoneClusterImpl (MiniOzoneClusterImpl.java:stop(330)) - Stopping the Mini Ozone Cluster
2019-09-25 12:39:27,061 [main] INFO  ozone.MiniOzoneClusterImpl (MiniOzoneClusterImpl.java:stopOM(400)) - Stopping the OzoneManager
2019-09-25 12:39:27,061 [main] INFO  ipc.Server (Server.java:stop(3082)) - Stopping server on 44005
2019-09-25 12:39:27,066 [IPC Server listener on 44005] INFO  ipc.Server (Server.java:run(1185)) - Stopping IPC Server listener on 44005
2019-09-25 12:39:27,067 [main] INFO  ratis.OzoneManagerDoubleBuffer (OzoneManagerDoubleBuffer.java:stop(248)) - Stopping OMDoubleBuffer flush thread
2019-09-25 12:39:27,068 [IPC Server Responder] INFO  ipc.Server (Server.java:run(1319)) - Stopping IPC Server Responder
2019-09-25 12:39:27,068 [OMDoubleBufferFlushThread] INFO  ratis.OzoneManagerDoubleBuffer (OzoneManagerDoubleBuffer.java:flushTransactions(191)) - OMDoubleBuffer flush thread OMDoubleBufferFlushThread is interrupted and will exit. OMDoubleBufferFlushThread
2019-09-25 12:39:27,069 [main] INFO  utils.BackgroundService (BackgroundService.java:shutdown(148)) - Shutting down service KeyDeletingService
2019-09-25 12:39:27,072 [main] INFO  handler.ContextHandler (ContextHandler.java:doStop(910)) - Stopped o.e.j.w.WebAppContext@30839e44{/,null,UNAVAILABLE}{/ozoneManager}
2019-09-25 12:39:27,072 [main] INFO  server.AbstractConnector (AbstractConnector.java:doStop(318)) - Stopped ServerConnector@5f174dd2{HTTP/1.1,[http/1.1]}{0.0.0.0:0}
2019-09-25 12:39:27,073 [main] INFO  handler.ContextHandler (ContextHandler.java:doStop(910)) - Stopped o.e.j.s.ServletContextHandler@9b76b60{/static,file:///workdir/hadoop-ozone/integration-test/target/test-classes/webapps/static,UNAVAILABLE}
2019-09-25 12:39:27,073 [main] INFO  handler.ContextHandler (ContextHandler.java:doStop(910)) - Stopped o.e.j.s.ServletContextHandler@5d1e0fbb{/logs,file:///workdir/hadoop-ozone/integration-test/target/log,UNAVAILABLE}
2019-09-25 12:39:27,075 [main] INFO  ozone.MiniOzoneClusterImpl (MiniOzoneClusterImpl.java:stopDatanodes(377)) - Stopping the HddsDatanodes
2019-09-25 12:39:27,891 [Datanode State Machine Thread - 0] INFO  statemachine.DatanodeStateMachine (DatanodeStateMachine.java:lambda$startDaemon$0(350)) - Ozone container server started.
2019-09-25 12:39:27,963 [Datanode State Machine Thread - 0] INFO  statemachine.DatanodeStateMachine (DatanodeStateMachine.java:lambda$startDaemon$0(350)) - Ozone container server started.
2019-09-25 12:39:28,902 [Thread-967] INFO  container.ReplicationManager (ReplicationManager.java:start(163)) - Starting Replication Monitor Thread.
2019-09-25 12:39:28,905 [ReplicationMonitor] INFO  container.ReplicationManager (ReplicationManager.java:run(226)) - Replication Monitor Thread took 0 milliseconds for processing 0 containers.
2019-09-25 12:39:30,996 [Thread-969] INFO  impl.FollowerState (FollowerState.java:run(106)) - caca59b4-8b4f-412e-bec0-7379afe8035b:group-0365691E0A73 changes to CANDIDATE, lastRpcTime:5025, electionTimeout:5025ms
2019-09-25 12:39:30,997 [Thread-969] INFO  impl.RoleInfo (RoleInfo.java:shutdownFollowerState(121)) - caca59b4-8b4f-412e-bec0-7379afe8035b: shutdown FollowerState
2019-09-25 12:39:30,997 [Thread-969] INFO  impl.RaftServerImpl (RaftServerImpl.java:setRole(174)) - caca59b4-8b4f-412e-bec0-7379afe8035b@group-0365691E0A73: changes role from  FOLLOWER to CANDIDATE at term 0 for changeToCandidate
2019-09-25 12:39:30,997 [Thread-969] INFO  impl.RoleInfo (RoleInfo.java:updateAndGet(143)) - caca59b4-8b4f-412e-bec0-7379afe8035b: start LeaderElection
2019-09-25 12:39:31,026 [caca59b4-8b4f-412e-bec0-7379afe8035b@group-0365691E0A73:LeaderElection55] INFO  impl.LeaderElection (LeaderElection.java:askForVotes(182)) - caca59b4-8b4f-412e-bec0-7379afe8035b@group-0365691E0A73:LeaderElection55: begin an election at term 1 for -1: [caca59b4-8b4f-412e-bec0-7379afe8035b:192.168.151.73:45500], old=null
2019-09-25 12:39:31,026 [caca59b4-8b4f-412e-bec0-7379afe8035b@group-0365691E0A73:LeaderElection55] INFO  impl.RoleInfo (RoleInfo.java:shutdownLeaderElection(134)) - caca59b4-8b4f-412e-bec0-7379afe8035b: shutdown LeaderElection
2019-09-25 12:39:31,026 [caca59b4-8b4f-412e-bec0-7379afe8035b@group-0365691E0A73:LeaderElection55] INFO  impl.RaftServerImpl (RaftServerImpl.java:setRole(174)) - caca59b4-8b4f-412e-bec0-7379afe8035b@group-0365691E0A73: changes role from CANDIDATE to LEADER at term 1 for changeToLeader
2019-09-25 12:39:31,026 [caca59b4-8b4f-412e-bec0-7379afe8035b@group-0365691E0A73:LeaderElection55] INFO  impl.RaftServerImpl (ServerState.java:setLeader(253)) - caca59b4-8b4f-412e-bec0-7379afe8035b@group-0365691E0A73: change Leader from null to caca59b4-8b4f-412e-bec0-7379afe8035b at term 1 for becomeLeader, leader elected after 5065ms
2019-09-25 12:39:31,027 [caca59b4-8b4f-412e-bec0-7379afe8035b@group-0365691E0A73:LeaderElection55] INFO  server.RaftServerConfigKeys (ConfUtils.java:logGet(43)) - raft.server.staging.catchup.gap = 1000 (default)
2019-09-25 12:39:31,027 [caca59b4-8b4f-412e-bec0-7379afe8035b@group-0365691E0A73:LeaderElection55] INFO  server.RaftServerConfigKeys (ConfUtils.java:logGet(43)) - raft.server.rpc.sleep.time = 25ms (default)
2019-09-25 12:39:31,027 [caca59b4-8b4f-412e-bec0-7379afe8035b@group-0365691E0A73:LeaderElection55] INFO  server.RaftServerConfigKeys (ConfUtils.java:logGet(43)) - raft.server.write.element-limit = 4096 (default)
2019-09-25 12:39:31,027 [caca59b4-8b4f-412e-bec0-7379afe8035b@group-0365691E0A73:LeaderElection55] INFO  server.RaftServerConfigKeys (ConfUtils.java:logGet(43)) - raft.server.watch.timeout = 10s (default)
2019-09-25 12:39:31,027 [caca59b4-8b4f-412e-bec0-7379afe8035b@group-0365691E0A73:LeaderElection55] INFO  server.RaftServerConfigKeys (ConfUtils.java:logGet(43)) - raft.server.watch.timeout.denomination = 1s (default)
2019-09-25 12:39:31,027 [caca59b4-8b4f-412e-bec0-7379afe8035b@group-0365691E0A73:LeaderElection55] INFO  server.RaftServerConfigKeys (ConfUtils.java:logGet(43)) - raft.server.watch.element-limit = 65536 (default)
2019-09-25 12:39:31,030 [caca59b4-8b4f-412e-bec0-7379afe8035b@group-0365691E0A73:LeaderElection55] INFO  impl.RoleInfo (RoleInfo.java:updateAndGet(143)) - caca59b4-8b4f-412e-bec0-7379afe8035b: start LeaderState
2019-09-25 12:39:31,030 [caca59b4-8b4f-412e-bec0-7379afe8035b@group-0365691E0A73:LeaderElection55] INFO  segmented.SegmentedRaftLogWorker (SegmentedRaftLogWorker.java:startLogSegment(380)) - caca59b4-8b4f-412e-bec0-7379afe8035b@group-0365691E0A73-SegmentedRaftLogWorker: Starting segment from index:0
2019-09-25 12:39:31,031 [caca59b4-8b4f-412e-bec0-7379afe8035b@group-0365691E0A73:LeaderElection55] INFO  impl.RaftServerImpl (ServerState.java:setRaftConf(354)) - caca59b4-8b4f-412e-bec0-7379afe8035b@group-0365691E0A73: set configuration 0: [caca59b4-8b4f-412e-bec0-7379afe8035b:192.168.151.73:45500], old=null at 0
2019-09-25 12:39:31,079 [caca59b4-8b4f-412e-bec0-7379afe8035b@group-0365691E0A73-SegmentedRaftLogWorker] INFO  segmented.SegmentedRaftLogWorker (SegmentedRaftLogWorker.java:execute(569)) - caca59b4-8b4f-412e-bec0-7379afe8035b@group-0365691E0A73-SegmentedRaftLogWorker: created new log segment /workdir/hadoop-ozone/integration-test/target/test-dir/MiniOzoneClusterImpl-12653923-402e-414c-9497-4da48b930a89/datanode-0/data/ratis/eba70cb5-f22b-48b6-9967-0365691e0a73/current/log_inprogress_0
2019-09-25 12:39:31,138 [Thread-972] INFO  impl.FollowerState (FollowerState.java:run(106)) - caca59b4-8b4f-412e-bec0-7379afe8035b:group-486EC5717406 changes to CANDIDATE, lastRpcTime:5121, electionTimeout:5121ms
2019-09-25 12:39:31,138 [Thread-972] INFO  impl.RoleInfo (RoleInfo.java:shutdownFollowerState(121)) - caca59b4-8b4f-412e-bec0-7379afe8035b: shutdown FollowerState
2019-09-25 12:39:31,138 [Thread-972] INFO  impl.RaftServerImpl (RaftServerImpl.java:setRole(174)) - caca59b4-8b4f-412e-bec0-7379afe8035b@group-486EC5717406: changes role from  FOLLOWER to CANDIDATE at term 0 for changeToCandidate
2019-09-25 12:39:31,138 [Thread-972] INFO  impl.RoleInfo (RoleInfo.java:updateAndGet(143)) - caca59b4-8b4f-412e-bec0-7379afe8035b: start LeaderElection
2019-09-25 12:39:31,154 [Thread-975] INFO  impl.FollowerState (FollowerState.java:run(106)) - caca59b4-8b4f-412e-bec0-7379afe8035b:group-075E15A1F913 changes to CANDIDATE, lastRpcTime:5087, electionTimeout:5087ms
2019-09-25 12:39:31,154 [caca59b4-8b4f-412e-bec0-7379afe8035b@group-486EC5717406:LeaderElection56] INFO  impl.LeaderElection (LeaderElection.java:askForVotes(182)) - caca59b4-8b4f-412e-bec0-7379afe8035b@group-486EC5717406:LeaderElection56: begin an election at term 1 for -1: [caca59b4-8b4f-412e-bec0-7379afe8035b:192.168.151.73:45500], old=null
2019-09-25 12:39:31,154 [Thread-975] INFO  impl.RoleInfo (RoleInfo.java:shutdownFollowerState(121)) - caca59b4-8b4f-412e-bec0-7379afe8035b: shutdown FollowerState
2019-09-25 12:39:31,154 [caca59b4-8b4f-412e-bec0-7379afe8035b@group-486EC5717406:LeaderElection56] INFO  impl.RoleInfo (RoleInfo.java:shutdownLeaderElection(134)) - caca59b4-8b4f-412e-bec0-7379afe8035b: shutdown LeaderElection
2019-09-25 12:39:31,154 [Thread-975] INFO  impl.RaftServerImpl (RaftServerImpl.java:setRole(174)) - caca59b4-8b4f-412e-bec0-7379afe8035b@group-075E15A1F913: changes role from  FOLLOWER to CANDIDATE at term 0 for changeToCandidate
2019-09-25 12:39:31,154 [caca59b4-8b4f-412e-bec0-7379afe8035b@group-486EC5717406:LeaderElection56] INFO  impl.RaftServerImpl (RaftServerImpl.java:setRole(174)) - caca59b4-8b4f-412e-bec0-7379afe8035b@group-486EC5717406: changes role from CANDIDATE to LEADER at term 1 for changeToLeader
2019-09-25 12:39:31,154 [Thread-975] INFO  impl.RoleInfo (RoleInfo.java:updateAndGet(143)) - caca59b4-8b4f-412e-bec0-7379afe8035b: start LeaderElection
2019-09-25 12:39:31,154 [caca59b4-8b4f-412e-bec0-7379afe8035b@group-486EC5717406:LeaderElection56] INFO  impl.RaftServerImpl (ServerState.java:setLeader(253)) - caca59b4-8b4f-412e-bec0-7379afe8035b@group-486EC5717406: change Leader from null to caca59b4-8b4f-412e-bec0-7379afe8035b at term 1 for becomeLeader, leader elected after 5144ms
2019-09-25 12:39:31,155 [caca59b4-8b4f-412e-bec0-7379afe8035b@group-486EC5717406:LeaderElection56] INFO  server.RaftServerConfigKeys (ConfUtils.java:logGet(43)) - raft.server.staging.catchup.gap = 1000 (default)
2019-09-25 12:39:31,156 [caca59b4-8b4f-412e-bec0-7379afe8035b@group-486EC5717406:LeaderElection56] INFO  server.RaftServerConfigKeys (ConfUtils.java:logGet(43)) - raft.server.rpc.sleep.time = 25ms (default)
2019-09-25 12:39:31,157 [caca59b4-8b4f-412e-bec0-7379afe8035b@group-486EC5717406:LeaderElection56] INFO  server.RaftServerConfigKeys (ConfUtils.java:logGet(43)) - raft.server.write.element-limit = 4096 (default)
2019-09-25 12:39:31,157 [caca59b4-8b4f-412e-bec0-7379afe8035b@group-486EC5717406:LeaderElection56] INFO  server.RaftServerConfigKeys (ConfUtils.java:logGet(43)) - raft.server.watch.timeout = 10s (default)
2019-09-25 12:39:31,157 [caca59b4-8b4f-412e-bec0-7379afe8035b@group-486EC5717406:LeaderElection56] INFO  server.RaftServerConfigKeys (ConfUtils.java:logGet(43)) - raft.server.watch.timeout.denomination = 1s (default)
2019-09-25 12:39:31,157 [caca59b4-8b4f-412e-bec0-7379afe8035b@group-486EC5717406:LeaderElection56] INFO  server.RaftServerConfigKeys (ConfUtils.java:logGet(43)) - raft.server.watch.element-limit = 65536 (default)
2019-09-25 12:39:31,159 [caca59b4-8b4f-412e-bec0-7379afe8035b@group-486EC5717406:LeaderElection56] INFO  impl.RoleInfo (RoleInfo.java:updateAndGet(143)) - caca59b4-8b4f-412e-bec0-7379afe8035b: start LeaderState
2019-09-25 12:39:31,159 [caca59b4-8b4f-412e-bec0-7379afe8035b@group-486EC5717406:LeaderElection56] INFO  segmented.SegmentedRaftLogWorker (SegmentedRaftLogWorker.java:startLogSegment(380)) - caca59b4-8b4f-412e-bec0-7379afe8035b@group-486EC5717406-SegmentedRaftLogWorker: Starting segment from index:0
2019-09-25 12:39:31,160 [caca59b4-8b4f-412e-bec0-7379afe8035b@group-486EC5717406:LeaderElection56] INFO  impl.RaftServerImpl (ServerState.java:setRaftConf(354)) - caca59b4-8b4f-412e-bec0-7379afe8035b@group-486EC5717406: set configuration 0: [caca59b4-8b4f-412e-bec0-7379afe8035b:192.168.151.73:45500], old=null at 0
2019-09-25 12:39:31,169 [caca59b4-8b4f-412e-bec0-7379afe8035b@group-075E15A1F913:LeaderElection57] INFO  impl.LeaderElection (LeaderElection.java:askForVotes(182)) - caca59b4-8b4f-412e-bec0-7379afe8035b@group-075E15A1F913:LeaderElection57: begin an election at term 1 for -1: [caca59b4-8b4f-412e-bec0-7379afe8035b:192.168.151.73:45500], old=null
2019-09-25 12:39:31,170 [caca59b4-8b4f-412e-bec0-7379afe8035b@group-075E15A1F913:LeaderElection57] INFO  impl.RoleInfo (RoleInfo.java:shutdownLeaderElection(134)) - caca59b4-8b4f-412e-bec0-7379afe8035b: shutdown LeaderElection
2019-09-25 12:39:31,170 [caca59b4-8b4f-412e-bec0-7379afe8035b@group-075E15A1F913:LeaderElection57] INFO  impl.RaftServerImpl (RaftServerImpl.java:setRole(174)) - caca59b4-8b4f-412e-bec0-7379afe8035b@group-075E15A1F913: changes role from CANDIDATE to LEADER at term 1 for changeToLeader
2019-09-25 12:39:31,170 [caca59b4-8b4f-412e-bec0-7379afe8035b@group-075E15A1F913:LeaderElection57] INFO  impl.RaftServerImpl (ServerState.java:setLeader(253)) - caca59b4-8b4f-412e-bec0-7379afe8035b@group-075E15A1F913: change Leader from null to caca59b4-8b4f-412e-bec0-7379afe8035b at term 1 for becomeLeader, leader elected after 5108ms
2019-09-25 12:39:31,170 [caca59b4-8b4f-412e-bec0-7379afe8035b@group-075E15A1F913:LeaderElection57] INFO  server.RaftServerConfigKeys (ConfUtils.java:logGet(43)) - raft.server.staging.catchup.gap = 1000 (default)
2019-09-25 12:39:31,170 [caca59b4-8b4f-412e-bec0-7379afe8035b@group-075E15A1F913:LeaderElection57] INFO  server.RaftServerConfigKeys (ConfUtils.java:logGet(43)) - raft.server.rpc.sleep.time = 25ms (default)
2019-09-25 12:39:31,170 [caca59b4-8b4f-412e-bec0-7379afe8035b@group-075E15A1F913:LeaderElection57] INFO  server.RaftServerConfigKeys (ConfUtils.java:logGet(43)) - raft.server.write.element-limit = 4096 (default)
2019-09-25 12:39:31,170 [caca59b4-8b4f-412e-bec0-7379afe8035b@group-075E15A1F913:LeaderElection57] INFO  server.RaftServerConfigKeys (ConfUtils.java:logGet(43)) - raft.server.watch.timeout = 10s (default)
2019-09-25 12:39:31,170 [caca59b4-8b4f-412e-bec0-7379afe8035b@group-075E15A1F913:LeaderElection57] INFO  server.RaftServerConfigKeys (ConfUtils.java:logGet(43)) - raft.server.watch.timeout.denomination = 1s (default)
2019-09-25 12:39:31,171 [caca59b4-8b4f-412e-bec0-7379afe8035b@group-075E15A1F913:LeaderElection57] INFO  server.RaftServerConfigKeys (ConfUtils.java:logGet(43)) - raft.server.watch.element-limit = 65536 (default)
2019-09-25 12:39:31,172 [caca59b4-8b4f-412e-bec0-7379afe8035b@group-075E15A1F913:LeaderElection57] INFO  impl.RoleInfo (RoleInfo.java:updateAndGet(143)) - caca59b4-8b4f-412e-bec0-7379afe8035b: start LeaderState
2019-09-25 12:39:31,173 [caca59b4-8b4f-412e-bec0-7379afe8035b@group-075E15A1F913:LeaderElection57] INFO  segmented.SegmentedRaftLogWorker (SegmentedRaftLogWorker.java:startLogSegment(380)) - caca59b4-8b4f-412e-bec0-7379afe8035b@group-075E15A1F913-SegmentedRaftLogWorker: Starting segment from index:0
2019-09-25 12:39:31,173 [caca59b4-8b4f-412e-bec0-7379afe8035b@group-075E15A1F913:LeaderElection57] INFO  impl.RaftServerImpl (ServerState.java:setRaftConf(354)) - caca59b4-8b4f-412e-bec0-7379afe8035b@group-075E15A1F913: set configuration 0: [caca59b4-8b4f-412e-bec0-7379afe8035b:192.168.151.73:45500], old=null at 0
2019-09-25 12:39:31,207 [caca59b4-8b4f-412e-bec0-7379afe8035b@group-486EC5717406-SegmentedRaftLogWorker] INFO  segmented.SegmentedRaftLogWorker (SegmentedRaftLogWorker.java:execute(569)) - caca59b4-8b4f-412e-bec0-7379afe8035b@group-486EC5717406-SegmentedRaftLogWorker: created new log segment /workdir/hadoop-ozone/integration-test/target/test-dir/MiniOzoneClusterImpl-12653923-402e-414c-9497-4da48b930a89/datanode-0/data/ratis/e45f8c60-e507-4a88-9557-486ec5717406/current/log_inprogress_0
2019-09-25 12:39:31,209 [caca59b4-8b4f-412e-bec0-7379afe8035b@group-075E15A1F913-SegmentedRaftLogWorker] INFO  segmented.SegmentedRaftLogWorker (SegmentedRaftLogWorker.java:execute(569)) - caca59b4-8b4f-412e-bec0-7379afe8035b@group-075E15A1F913-SegmentedRaftLogWorker: created new log segment /workdir/hadoop-ozone/integration-test/target/test-dir/MiniOzoneClusterImpl-12653923-402e-414c-9497-4da48b930a89/datanode-0/data/ratis/1834553f-21ab-4793-8d31-075e15a1f913/current/log_inprogress_0
2019-09-25 12:39:31,262 [Thread-981] INFO  impl.FollowerState (FollowerState.java:run(106)) - 8084e3dc-a4cf-4231-afde-79a41fa6d4d0:group-7E8A33F1B50E changes to CANDIDATE, lastRpcTime:5103, electionTimeout:5103ms
2019-09-25 12:39:31,262 [Thread-981] INFO  impl.RoleInfo (RoleInfo.java:shutdownFollowerState(121)) - 8084e3dc-a4cf-4231-afde-79a41fa6d4d0: shutdown FollowerState
2019-09-25 12:39:31,263 [Thread-981] INFO  impl.RaftServerImpl (RaftServerImpl.java:setRole(174)) - 8084e3dc-a4cf-4231-afde-79a41fa6d4d0@group-7E8A33F1B50E: changes role from  FOLLOWER to CANDIDATE at term 0 for changeToCandidate
2019-09-25 12:39:31,263 [Thread-981] INFO  impl.RoleInfo (RoleInfo.java:updateAndGet(143)) - 8084e3dc-a4cf-4231-afde-79a41fa6d4d0: start LeaderElection
2019-09-25 12:39:31,278 [8084e3dc-a4cf-4231-afde-79a41fa6d4d0@group-7E8A33F1B50E:LeaderElection58] INFO  impl.LeaderElection (LeaderElection.java:askForVotes(182)) - 8084e3dc-a4cf-4231-afde-79a41fa6d4d0@group-7E8A33F1B50E:LeaderElection58: begin an election at term 1 for -1: [8084e3dc-a4cf-4231-afde-79a41fa6d4d0:192.168.151.73:41876], old=null
2019-09-25 12:39:31,278 [8084e3dc-a4cf-4231-afde-79a41fa6d4d0@group-7E8A33F1B50E:LeaderElection58] INFO  impl.RoleInfo (RoleInfo.java:shutdownLeaderElection(134)) - 8084e3dc-a4cf-4231-afde-79a41fa6d4d0: shutdown LeaderElection
2019-09-25 12:39:31,278 [8084e3dc-a4cf-4231-afde-79a41fa6d4d0@group-7E8A33F1B50E:LeaderElection58] INFO  impl.RaftServerImpl (RaftServerImpl.java:setRole(174)) - 8084e3dc-a4cf-4231-afde-79a41fa6d4d0@group-7E8A33F1B50E: changes role from CANDIDATE to LEADER at term 1 for changeToLeader
2019-09-25 12:39:31,278 [8084e3dc-a4cf-4231-afde-79a41fa6d4d0@group-7E8A33F1B50E:LeaderElection58] INFO  impl.RaftServerImpl (ServerState.java:setLeader(253)) - 8084e3dc-a4cf-4231-afde-79a41fa6d4d0@group-7E8A33F1B50E: change Leader from null to 8084e3dc-a4cf-4231-afde-79a41fa6d4d0 at term 1 for becomeLeader, leader elected after 5126ms
2019-09-25 12:39:31,278 [8084e3dc-a4cf-4231-afde-79a41fa6d4d0@group-7E8A33F1B50E:LeaderElection58] INFO  server.RaftServerConfigKeys (ConfUtils.java:logGet(43)) - raft.server.staging.catchup.gap = 1000 (default)
2019-09-25 12:39:31,278 [8084e3dc-a4cf-4231-afde-79a41fa6d4d0@group-7E8A33F1B50E:LeaderElection58] INFO  server.RaftServerConfigKeys (ConfUtils.java:logGet(43)) - raft.server.rpc.sleep.time = 25ms (default)
2019-09-25 12:39:31,279 [8084e3dc-a4cf-4231-afde-79a41fa6d4d0@group-7E8A33F1B50E:LeaderElection58] INFO  server.RaftServerConfigKeys (ConfUtils.java:logGet(43)) - raft.server.write.element-limit = 4096 (default)
2019-09-25 12:39:31,279 [8084e3dc-a4cf-4231-afde-79a41fa6d4d0@group-7E8A33F1B50E:LeaderElection58] INFO  server.RaftServerConfigKeys (ConfUtils.java:logGet(43)) - raft.server.watch.timeout = 10s (default)
2019-09-25 12:39:31,279 [8084e3dc-a4cf-4231-afde-79a41fa6d4d0@group-7E8A33F1B50E:LeaderElection58] INFO  server.RaftServerConfigKeys (ConfUtils.java:logGet(43)) - raft.server.watch.timeout.denomination = 1s (default)
2019-09-25 12:39:31,279 [8084e3dc-a4cf-4231-afde-79a41fa6d4d0@group-7E8A33F1B50E:LeaderElection58] INFO  server.RaftServerConfigKeys (ConfUtils.java:logGet(43)) - raft.server.watch.element-limit = 65536 (default)
2019-09-25 12:39:31,281 [8084e3dc-a4cf-4231-afde-79a41fa6d4d0@group-7E8A33F1B50E:LeaderElection58] INFO  impl.RoleInfo (RoleInfo.java:updateAndGet(143)) - 8084e3dc-a4cf-4231-afde-79a41fa6d4d0: start LeaderState
2019-09-25 12:39:31,281 [8084e3dc-a4cf-4231-afde-79a41fa6d4d0@group-7E8A33F1B50E:LeaderElection58] INFO  segmented.SegmentedRaftLogWorker (SegmentedRaftLogWorker.java:startLogSegment(380)) - 8084e3dc-a4cf-4231-afde-79a41fa6d4d0@group-7E8A33F1B50E-SegmentedRaftLogWorker: Starting segment from index:0
2019-09-25 12:39:31,282 [8084e3dc-a4cf-4231-afde-79a41fa6d4d0@group-7E8A33F1B50E:LeaderElection58] INFO  impl.RaftServerImpl (ServerState.java:setRaftConf(354)) - 8084e3dc-a4cf-4231-afde-79a41fa6d4d0@group-7E8A33F1B50E: set configuration 0: [8084e3dc-a4cf-4231-afde-79a41fa6d4d0:192.168.151.73:41876], old=null at 0
2019-09-25 12:39:31,296 [Thread-987] INFO  impl.FollowerState (FollowerState.java:run(106)) - caca59b4-8b4f-412e-bec0-7379afe8035b:group-F84442F58847 changes to CANDIDATE, lastRpcTime:5047, electionTimeout:5047ms
2019-09-25 12:39:31,296 [Thread-987] INFO  impl.RoleInfo (RoleInfo.java:shutdownFollowerState(121)) - caca59b4-8b4f-412e-bec0-7379afe8035b: shutdown FollowerState
2019-09-25 12:39:31,296 [Thread-987] INFO  impl.RaftServerImpl (RaftServerImpl.java:setRole(174)) - caca59b4-8b4f-412e-bec0-7379afe8035b@group-F84442F58847: changes role from  FOLLOWER to CANDIDATE at term 0 for changeToCandidate
2019-09-25 12:39:31,296 [Thread-987] INFO  impl.RoleInfo (RoleInfo.java:updateAndGet(143)) - caca59b4-8b4f-412e-bec0-7379afe8035b: start LeaderElection
2019-09-25 12:39:31,311 [Thread-978] INFO  impl.FollowerState (FollowerState.java:run(106)) - 74747a45-069f-47fa-93d6-d0dc14d0049d:group-B6D4B8BB2CF9 changes to CANDIDATE, lastRpcTime:5198, electionTimeout:5189ms
2019-09-25 12:39:31,311 [Thread-978] INFO  impl.RoleInfo (RoleInfo.java:shutdownFollowerState(121)) - 74747a45-069f-47fa-93d6-d0dc14d0049d: shutdown FollowerState
2019-09-25 12:39:31,311 [Thread-978] INFO  impl.RaftServerImpl (RaftServerImpl.java:setRole(174)) - 74747a45-069f-47fa-93d6-d0dc14d0049d@group-B6D4B8BB2CF9: changes role from  FOLLOWER to CANDIDATE at term 0 for changeToCandidate
2019-09-25 12:39:31,312 [Thread-978] INFO  impl.RoleInfo (RoleInfo.java:updateAndGet(143)) - 74747a45-069f-47fa-93d6-d0dc14d0049d: start LeaderElection
2019-09-25 12:39:31,324 [8084e3dc-a4cf-4231-afde-79a41fa6d4d0@group-7E8A33F1B50E-SegmentedRaftLogWorker] INFO  segmented.SegmentedRaftLogWorker (SegmentedRaftLogWorker.java:execute(569)) - 8084e3dc-a4cf-4231-afde-79a41fa6d4d0@group-7E8A33F1B50E-SegmentedRaftLogWorker: created new log segment /workdir/hadoop-ozone/integration-test/target/test-dir/MiniOzoneClusterImpl-12653923-402e-414c-9497-4da48b930a89/datanode-2/data/ratis/6b7c750a-b7c6-4899-8833-7e8a33f1b50e/current/log_inprogress_0
2019-09-25 12:39:31,325 [74747a45-069f-47fa-93d6-d0dc14d0049d@group-B6D4B8BB2CF9:LeaderElection60] INFO  impl.LeaderElection (LeaderElection.java:askForVotes(182)) - 74747a45-069f-47fa-93d6-d0dc14d0049d@group-B6D4B8BB2CF9:LeaderElection60: begin an election at term 1 for -1: [74747a45-069f-47fa-93d6-d0dc14d0049d:192.168.151.73:43018], old=null
2019-09-25 12:39:31,324 [caca59b4-8b4f-412e-bec0-7379afe8035b@group-F84442F58847:LeaderElection59] INFO  impl.LeaderElection (LeaderElection.java:askForVotes(182)) - caca59b4-8b4f-412e-bec0-7379afe8035b@group-F84442F58847:LeaderElection59: begin an election at term 1 for -1: [caca59b4-8b4f-412e-bec0-7379afe8035b:192.168.151.73:45500], old=null
2019-09-25 12:39:31,325 [74747a45-069f-47fa-93d6-d0dc14d0049d@group-B6D4B8BB2CF9:LeaderElection60] INFO  impl.RoleInfo (RoleInfo.java:shutdownLeaderElection(134)) - 74747a45-069f-47fa-93d6-d0dc14d0049d: shutdown LeaderElection
2019-09-25 12:39:31,325 [caca59b4-8b4f-412e-bec0-7379afe8035b@group-F84442F58847:LeaderElection59] INFO  impl.RoleInfo (RoleInfo.java:shutdownLeaderElection(134)) - caca59b4-8b4f-412e-bec0-7379afe8035b: shutdown LeaderElection
2019-09-25 12:39:31,325 [74747a45-069f-47fa-93d6-d0dc14d0049d@group-B6D4B8BB2CF9:LeaderElection60] INFO  impl.RaftServerImpl (RaftServerImpl.java:setRole(174)) - 74747a45-069f-47fa-93d6-d0dc14d0049d@group-B6D4B8BB2CF9: changes role from CANDIDATE to LEADER at term 1 for changeToLeader
2019-09-25 12:39:31,325 [caca59b4-8b4f-412e-bec0-7379afe8035b@group-F84442F58847:LeaderElection59] INFO  impl.RaftServerImpl (RaftServerImpl.java:setRole(174)) - caca59b4-8b4f-412e-bec0-7379afe8035b@group-F84442F58847: changes role from CANDIDATE to LEADER at term 1 for changeToLeader
2019-09-25 12:39:31,325 [74747a45-069f-47fa-93d6-d0dc14d0049d@group-B6D4B8BB2CF9:LeaderElection60] INFO  impl.RaftServerImpl (ServerState.java:setLeader(253)) - 74747a45-069f-47fa-93d6-d0dc14d0049d@group-B6D4B8BB2CF9: change Leader from null to 74747a45-069f-47fa-93d6-d0dc14d0049d at term 1 for becomeLeader, leader elected after 5219ms
2019-09-25 12:39:31,325 [caca59b4-8b4f-412e-bec0-7379afe8035b@group-F84442F58847:LeaderElection59] INFO  impl.RaftServerImpl (ServerState.java:setLeader(253)) - caca59b4-8b4f-412e-bec0-7379afe8035b@group-F84442F58847: change Leader from null to caca59b4-8b4f-412e-bec0-7379afe8035b at term 1 for becomeLeader, leader elected after 5081ms
2019-09-25 12:39:31,326 [74747a45-069f-47fa-93d6-d0dc14d0049d@group-B6D4B8BB2CF9:LeaderElection60] INFO  server.RaftServerConfigKeys (ConfUtils.java:logGet(43)) - raft.server.staging.catchup.gap = 1000 (default)
2019-09-25 12:39:31,326 [caca59b4-8b4f-412e-bec0-7379afe8035b@group-F84442F58847:LeaderElection59] INFO  server.RaftServerConfigKeys (ConfUtils.java:logGet(43)) - raft.server.staging.catchup.gap = 1000 (default)
2019-09-25 12:39:31,326 [74747a45-069f-47fa-93d6-d0dc14d0049d@group-B6D4B8BB2CF9:LeaderElection60] INFO  server.RaftServerConfigKeys (ConfUtils.java:logGet(43)) - raft.server.rpc.sleep.time = 25ms (default)
2019-09-25 12:39:31,326 [caca59b4-8b4f-412e-bec0-7379afe8035b@group-F84442F58847:LeaderElection59] INFO  server.RaftServerConfigKeys (ConfUtils.java:logGet(43)) - raft.server.rpc.sleep.time = 25ms (default)
2019-09-25 12:39:31,326 [74747a45-069f-47fa-93d6-d0dc14d0049d@group-B6D4B8BB2CF9:LeaderElection60] INFO  server.RaftServerConfigKeys (ConfUtils.java:logGet(43)) - raft.server.write.element-limit = 4096 (default)
2019-09-25 12:39:31,326 [caca59b4-8b4f-412e-bec0-7379afe8035b@group-F84442F58847:LeaderElection59] INFO  server.RaftServerConfigKeys (ConfUtils.java:logGet(43)) - raft.server.write.element-limit = 4096 (default)
2019-09-25 12:39:31,326 [74747a45-069f-47fa-93d6-d0dc14d0049d@group-B6D4B8BB2CF9:LeaderElection60] INFO  server.RaftServerConfigKeys (ConfUtils.java:logGet(43)) - raft.server.watch.timeout = 10s (default)
2019-09-25 12:39:31,326 [caca59b4-8b4f-412e-bec0-7379afe8035b@group-F84442F58847:LeaderElection59] INFO  server.RaftServerConfigKeys (ConfUtils.java:logGet(43)) - raft.server.watch.timeout = 10s (default)
2019-09-25 12:39:31,327 [74747a45-069f-47fa-93d6-d0dc14d0049d@group-B6D4B8BB2CF9:LeaderElection60] INFO  server.RaftServerConfigKeys (ConfUtils.java:logGet(43)) - raft.server.watch.timeout.denomination = 1s (default)
2019-09-25 12:39:31,327 [caca59b4-8b4f-412e-bec0-7379afe8035b@group-F84442F58847:LeaderElection59] INFO  server.RaftServerConfigKeys (ConfUtils.java:logGet(43)) - raft.server.watch.timeout.denomination = 1s (default)
2019-09-25 12:39:31,327 [74747a45-069f-47fa-93d6-d0dc14d0049d@group-B6D4B8BB2CF9:LeaderElection60] INFO  server.RaftServerConfigKeys (ConfUtils.java:logGet(43)) - raft.server.watch.element-limit = 65536 (default)
2019-09-25 12:39:31,327 [caca59b4-8b4f-412e-bec0-7379afe8035b@group-F84442F58847:LeaderElection59] INFO  server.RaftServerConfigKeys (ConfUtils.java:logGet(43)) - raft.server.watch.element-limit = 65536 (default)
2019-09-25 12:39:31,330 [74747a45-069f-47fa-93d6-d0dc14d0049d@group-B6D4B8BB2CF9:LeaderElection60] INFO  impl.RoleInfo (RoleInfo.java:updateAndGet(143)) - 74747a45-069f-47fa-93d6-d0dc14d0049d: start LeaderState
2019-09-25 12:39:31,330 [74747a45-069f-47fa-93d6-d0dc14d0049d@group-B6D4B8BB2CF9:LeaderElection60] INFO  segmented.SegmentedRaftLogWorker (SegmentedRaftLogWorker.java:startLogSegment(380)) - 74747a45-069f-47fa-93d6-d0dc14d0049d@group-B6D4B8BB2CF9-SegmentedRaftLogWorker: Starting segment from index:0
2019-09-25 12:39:31,330 [caca59b4-8b4f-412e-bec0-7379afe8035b@group-F84442F58847:LeaderElection59] INFO  impl.RoleInfo (RoleInfo.java:updateAndGet(143)) - caca59b4-8b4f-412e-bec0-7379afe8035b: start LeaderState
2019-09-25 12:39:31,331 [caca59b4-8b4f-412e-bec0-7379afe8035b@group-F84442F58847:LeaderElection59] INFO  segmented.SegmentedRaftLogWorker (SegmentedRaftLogWorker.java:startLogSegment(380)) - caca59b4-8b4f-412e-bec0-7379afe8035b@group-F84442F58847-SegmentedRaftLogWorker: Starting segment from index:0
2019-09-25 12:39:31,331 [74747a45-069f-47fa-93d6-d0dc14d0049d@group-B6D4B8BB2CF9:LeaderElection60] INFO  impl.RaftServerImpl (ServerState.java:setRaftConf(354)) - 74747a45-069f-47fa-93d6-d0dc14d0049d@group-B6D4B8BB2CF9: set configuration 0: [74747a45-069f-47fa-93d6-d0dc14d0049d:192.168.151.73:43018], old=null at 0
2019-09-25 12:39:31,331 [caca59b4-8b4f-412e-bec0-7379afe8035b@group-F84442F58847:LeaderElection59] INFO  impl.RaftServerImpl (ServerState.java:setRaftConf(354)) - caca59b4-8b4f-412e-bec0-7379afe8035b@group-F84442F58847: set configuration 0: [caca59b4-8b4f-412e-bec0-7379afe8035b:192.168.151.73:45500], old=null at 0
2019-09-25 12:39:31,342 [Thread-993] INFO  impl.FollowerState (FollowerState.java:run(106)) - caca59b4-8b4f-412e-bec0-7379afe8035b:group-65E255CF10B4 changes to CANDIDATE, lastRpcTime:5017, electionTimeout:5017ms
2019-09-25 12:39:31,343 [Thread-993] INFO  impl.RoleInfo (RoleInfo.java:shutdownFollowerState(121)) - caca59b4-8b4f-412e-bec0-7379afe8035b: shutdown FollowerState
2019-09-25 12:39:31,343 [Thread-993] INFO  impl.RaftServerImpl (RaftServerImpl.java:setRole(174)) - caca59b4-8b4f-412e-bec0-7379afe8035b@group-65E255CF10B4: changes role from  FOLLOWER to CANDIDATE at term 0 for changeToCandidate
2019-09-25 12:39:31,343 [Thread-993] INFO  impl.RoleInfo (RoleInfo.java:updateAndGet(143)) - caca59b4-8b4f-412e-bec0-7379afe8035b: start LeaderElection
2019-09-25 12:39:31,366 [Thread-984] INFO  impl.FollowerState (FollowerState.java:run(106)) - 74747a45-069f-47fa-93d6-d0dc14d0049d:group-E7FAF32B24C6 changes to CANDIDATE, lastRpcTime:5159, electionTimeout:5147ms
2019-09-25 12:39:31,366 [Thread-984] INFO  impl.RoleInfo (RoleInfo.java:shutdownFollowerState(121)) - 74747a45-069f-47fa-93d6-d0dc14d0049d: shutdown FollowerState
2019-09-25 12:39:31,366 [Thread-984] INFO  impl.RaftServerImpl (RaftServerImpl.java:setRole(174)) - 74747a45-069f-47fa-93d6-d0dc14d0049d@group-E7FAF32B24C6: changes role from  FOLLOWER to CANDIDATE at term 0 for changeToCandidate
2019-09-25 12:39:31,366 [Thread-984] INFO  impl.RoleInfo (RoleInfo.java:updateAndGet(143)) - 74747a45-069f-47fa-93d6-d0dc14d0049d: start LeaderElection
2019-09-25 12:39:31,373 [Thread-990] INFO  impl.FollowerState (FollowerState.java:run(106)) - caca59b4-8b4f-412e-bec0-7379afe8035b:group-C0ED49C4E0AB changes to CANDIDATE, lastRpcTime:5086, electionTimeout:5086ms
2019-09-25 12:39:31,373 [Thread-990] INFO  impl.RoleInfo (RoleInfo.java:shutdownFollowerState(121)) - caca59b4-8b4f-412e-bec0-7379afe8035b: shutdown FollowerState
2019-09-25 12:39:31,373 [Thread-990] INFO  impl.RaftServerImpl (RaftServerImpl.java:setRole(174)) - caca59b4-8b4f-412e-bec0-7379afe8035b@group-C0ED49C4E0AB: changes role from  FOLLOWER to CANDIDATE at term 0 for changeToCandidate
2019-09-25 12:39:31,374 [Thread-990] INFO  impl.RoleInfo (RoleInfo.java:updateAndGet(143)) - caca59b4-8b4f-412e-bec0-7379afe8035b: start LeaderElection
2019-09-25 12:39:31,391 [74747a45-069f-47fa-93d6-d0dc14d0049d@group-B6D4B8BB2CF9-SegmentedRaftLogWorker] INFO  segmented.SegmentedRaftLogWorker (SegmentedRaftLogWorker.java:execute(569)) - 74747a45-069f-47fa-93d6-d0dc14d0049d@group-B6D4B8BB2CF9-SegmentedRaftLogWorker: created new log segment /workdir/hadoop-ozone/integration-test/target/test-dir/MiniOzoneClusterImpl-12653923-402e-414c-9497-4da48b930a89/datanode-1/data/ratis/50c090d7-abe5-4a93-b191-b6d4b8bb2cf9/current/log_inprogress_0
2019-09-25 12:39:31,391 [caca59b4-8b4f-412e-bec0-7379afe8035b@group-F84442F58847-SegmentedRaftLogWorker] INFO  segmented.SegmentedRaftLogWorker (SegmentedRaftLogWorker.java:execute(569)) - caca59b4-8b4f-412e-bec0-7379afe8035b@group-F84442F58847-SegmentedRaftLogWorker: created new log segment /workdir/hadoop-ozone/integration-test/target/test-dir/MiniOzoneClusterImpl-12653923-402e-414c-9497-4da48b930a89/datanode-0/data/ratis/226be09b-d423-483a-883e-f84442f58847/current/log_inprogress_0
2019-09-25 12:39:31,391 [caca59b4-8b4f-412e-bec0-7379afe8035b@group-C0ED49C4E0AB:LeaderElection63] INFO  impl.LeaderElection (LeaderElection.java:askForVotes(182)) - caca59b4-8b4f-412e-bec0-7379afe8035b@group-C0ED49C4E0AB:LeaderElection63: begin an election at term 1 for -1: [caca59b4-8b4f-412e-bec0-7379afe8035b:192.168.151.73:45500], old=null
2019-09-25 12:39:31,391 [74747a45-069f-47fa-93d6-d0dc14d0049d@group-E7FAF32B24C6:LeaderElection62] INFO  impl.LeaderElection (LeaderElection.java:askForVotes(182)) - 74747a45-069f-47fa-93d6-d0dc14d0049d@group-E7FAF32B24C6:LeaderElection62: begin an election at term 1 for -1: [74747a45-069f-47fa-93d6-d0dc14d0049d:192.168.151.73:43018], old=null
2019-09-25 12:39:31,391 [caca59b4-8b4f-412e-bec0-7379afe8035b@group-C0ED49C4E0AB:LeaderElection63] INFO  impl.RoleInfo (RoleInfo.java:shutdownLeaderElection(134)) - caca59b4-8b4f-412e-bec0-7379afe8035b: shutdown LeaderElection
2019-09-25 12:39:31,391 [caca59b4-8b4f-412e-bec0-7379afe8035b@group-65E255CF10B4:LeaderElection61] INFO  impl.LeaderElection (LeaderElection.java:askForVotes(182)) - caca59b4-8b4f-412e-bec0-7379afe8035b@group-65E255CF10B4:LeaderElection61: begin an election at term 1 for -1: [caca59b4-8b4f-412e-bec0-7379afe8035b:192.168.151.73:45500], old=null
2019-09-25 12:39:31,391 [caca59b4-8b4f-412e-bec0-7379afe8035b@group-C0ED49C4E0AB:LeaderElection63] INFO  impl.RaftServerImpl (RaftServerImpl.java:setRole(174)) - caca59b4-8b4f-412e-bec0-7379afe8035b@group-C0ED49C4E0AB: changes role from CANDIDATE to LEADER at term 1 for changeToLeader
2019-09-25 12:39:31,391 [74747a45-069f-47fa-93d6-d0dc14d0049d@group-E7FAF32B24C6:LeaderElection62] INFO  impl.RoleInfo (RoleInfo.java:shutdownLeaderElection(134)) - 74747a45-069f-47fa-93d6-d0dc14d0049d: shutdown LeaderElection
2019-09-25 12:39:31,391 [caca59b4-8b4f-412e-bec0-7379afe8035b@group-C0ED49C4E0AB:LeaderElection63] INFO  impl.RaftServerImpl (ServerState.java:setLeader(253)) - caca59b4-8b4f-412e-bec0-7379afe8035b@group-C0ED49C4E0AB: change Leader from null to caca59b4-8b4f-412e-bec0-7379afe8035b at term 1 for becomeLeader, leader elected after 5108ms
2019-09-25 12:39:31,391 [caca59b4-8b4f-412e-bec0-7379afe8035b@group-65E255CF10B4:LeaderElection61] INFO  impl.RoleInfo (RoleInfo.java:shutdownLeaderElection(134)) - caca59b4-8b4f-412e-bec0-7379afe8035b: shutdown LeaderElection
2019-09-25 12:39:31,392 [caca59b4-8b4f-412e-bec0-7379afe8035b@group-C0ED49C4E0AB:LeaderElection63] INFO  server.RaftServerConfigKeys (ConfUtils.java:logGet(43)) - raft.server.staging.catchup.gap = 1000 (default)
2019-09-25 12:39:31,392 [74747a45-069f-47fa-93d6-d0dc14d0049d@group-E7FAF32B24C6:LeaderElection62] INFO  impl.RaftServerImpl (RaftServerImpl.java:setRole(174)) - 74747a45-069f-47fa-93d6-d0dc14d0049d@group-E7FAF32B24C6: changes role from CANDIDATE to LEADER at term 1 for changeToLeader
2019-09-25 12:39:31,392 [caca59b4-8b4f-412e-bec0-7379afe8035b@group-C0ED49C4E0AB:LeaderElection63] INFO  server.RaftServerConfigKeys (ConfUtils.java:logGet(43)) - raft.server.rpc.sleep.time = 25ms (default)
2019-09-25 12:39:31,392 [caca59b4-8b4f-412e-bec0-7379afe8035b@group-65E255CF10B4:LeaderElection61] INFO  impl.RaftServerImpl (RaftServerImpl.java:setRole(174)) - caca59b4-8b4f-412e-bec0-7379afe8035b@group-65E255CF10B4: changes role from CANDIDATE to LEADER at term 1 for changeToLeader
2019-09-25 12:39:31,392 [caca59b4-8b4f-412e-bec0-7379afe8035b@group-C0ED49C4E0AB:LeaderElection63] INFO  server.RaftServerConfigKeys (ConfUtils.java:logGet(43)) - raft.server.write.element-limit = 4096 (default)
2019-09-25 12:39:31,392 [74747a45-069f-47fa-93d6-d0dc14d0049d@group-E7FAF32B24C6:LeaderElection62] INFO  impl.RaftServerImpl (ServerState.java:setLeader(253)) - 74747a45-069f-47fa-93d6-d0dc14d0049d@group-E7FAF32B24C6: change Leader from null to 74747a45-069f-47fa-93d6-d0dc14d0049d at term 1 for becomeLeader, leader elected after 5192ms
2019-09-25 12:39:31,393 [caca59b4-8b4f-412e-bec0-7379afe8035b@group-C0ED49C4E0AB:LeaderElection63] INFO  server.RaftServerConfigKeys (ConfUtils.java:logGet(43)) - raft.server.watch.timeout = 10s (default)
2019-09-25 12:39:31,392 [caca59b4-8b4f-412e-bec0-7379afe8035b@group-65E255CF10B4:LeaderElection61] INFO  impl.RaftServerImpl (ServerState.java:setLeader(253)) - caca59b4-8b4f-412e-bec0-7379afe8035b@group-65E255CF10B4: change Leader from null to caca59b4-8b4f-412e-bec0-7379afe8035b at term 1 for becomeLeader, leader elected after 5071ms
2019-09-25 12:39:31,393 [caca59b4-8b4f-412e-bec0-7379afe8035b@group-C0ED49C4E0AB:LeaderElection63] INFO  server.RaftServerConfigKeys (ConfUtils.java:logGet(43)) - raft.server.watch.timeout.denomination = 1s (default)
2019-09-25 12:39:31,393 [74747a45-069f-47fa-93d6-d0dc14d0049d@group-E7FAF32B24C6:LeaderElection62] INFO  server.RaftServerConfigKeys (ConfUtils.java:logGet(43)) - raft.server.staging.catchup.gap = 1000 (default)
2019-09-25 12:39:31,393 [caca59b4-8b4f-412e-bec0-7379afe8035b@group-C0ED49C4E0AB:LeaderElection63] INFO  server.RaftServerConfigKeys (ConfUtils.java:logGet(43)) - raft.server.watch.element-limit = 65536 (default)
2019-09-25 12:39:31,393 [caca59b4-8b4f-412e-bec0-7379afe8035b@group-65E255CF10B4:LeaderElection61] INFO  server.RaftServerConfigKeys (ConfUtils.java:logGet(43)) - raft.server.staging.catchup.gap = 1000 (default)
2019-09-25 12:39:31,393 [74747a45-069f-47fa-93d6-d0dc14d0049d@group-E7FAF32B24C6:LeaderElection62] INFO  server.RaftServerConfigKeys (ConfUtils.java:logGet(43)) - raft.server.rpc.sleep.time = 25ms (default)
2019-09-25 12:39:31,393 [caca59b4-8b4f-412e-bec0-7379afe8035b@group-65E255CF10B4:LeaderElection61] INFO  server.RaftServerConfigKeys (ConfUtils.java:logGet(43)) - raft.server.rpc.sleep.time = 25ms (default)
2019-09-25 12:39:31,394 [74747a45-069f-47fa-93d6-d0dc14d0049d@group-E7FAF32B24C6:LeaderElection62] INFO  server.RaftServerConfigKeys (ConfUtils.java:logGet(43)) - raft.server.write.element-limit = 4096 (default)
2019-09-25 12:39:31,394 [caca59b4-8b4f-412e-bec0-7379afe8035b@group-65E255CF10B4:LeaderElection61] INFO  server.RaftServerConfigKeys (ConfUtils.java:logGet(43)) - raft.server.write.element-limit = 4096 (default)
2019-09-25 12:39:31,394 [74747a45-069f-47fa-93d6-d0dc14d0049d@group-E7FAF32B24C6:LeaderElection62] INFO  server.RaftServerConfigKeys (ConfUtils.java:logGet(43)) - raft.server.watch.timeout = 10s (default)
2019-09-25 12:39:31,394 [caca59b4-8b4f-412e-bec0-7379afe8035b@group-65E255CF10B4:LeaderElection61] INFO  server.RaftServerConfigKeys (ConfUtils.java:logGet(43)) - raft.server.watch.timeout = 10s (default)
2019-09-25 12:39:31,394 [74747a45-069f-47fa-93d6-d0dc14d0049d@group-E7FAF32B24C6:LeaderElection62] INFO  server.RaftServerConfigKeys (ConfUtils.java:logGet(43)) - raft.server.watch.timeout.denomination = 1s (default)
2019-09-25 12:39:31,394 [caca59b4-8b4f-412e-bec0-7379afe8035b@group-65E255CF10B4:LeaderElection61] INFO  server.RaftServerConfigKeys (ConfUtils.java:logGet(43)) - raft.server.watch.timeout.denomination = 1s (default)
2019-09-25 12:39:31,394 [74747a45-069f-47fa-93d6-d0dc14d0049d@group-E7FAF32B24C6:LeaderElection62] INFO  server.RaftServerConfigKeys (ConfUtils.java:logGet(43)) - raft.server.watch.element-limit = 65536 (default)
2019-09-25 12:39:31,395 [caca59b4-8b4f-412e-bec0-7379afe8035b@group-65E255CF10B4:LeaderElection61] INFO  server.RaftServerConfigKeys (ConfUtils.java:logGet(43)) - raft.server.watch.element-limit = 65536 (default)
2019-09-25 12:39:31,396 [caca59b4-8b4f-412e-bec0-7379afe8035b@group-C0ED49C4E0AB:LeaderElection63] INFO  impl.RoleInfo (RoleInfo.java:updateAndGet(143)) - caca59b4-8b4f-412e-bec0-7379afe8035b: start LeaderState
2019-09-25 12:39:31,397 [caca59b4-8b4f-412e-bec0-7379afe8035b@group-C0ED49C4E0AB:LeaderElection63] INFO  segmented.SegmentedRaftLogWorker (SegmentedRaftLogWorker.java:startLogSegment(380)) - caca59b4-8b4f-412e-bec0-7379afe8035b@group-C0ED49C4E0AB-SegmentedRaftLogWorker: Starting segment from index:0
2019-09-25 12:39:31,397 [caca59b4-8b4f-412e-bec0-7379afe8035b@group-C0ED49C4E0AB:LeaderElection63] INFO  impl.RaftServerImpl (ServerState.java:setRaftConf(354)) - caca59b4-8b4f-412e-bec0-7379afe8035b@group-C0ED49C4E0AB: set configuration 0: [caca59b4-8b4f-412e-bec0-7379afe8035b:192.168.151.73:45500], old=null at 0
2019-09-25 12:39:31,398 [74747a45-069f-47fa-93d6-d0dc14d0049d@group-E7FAF32B24C6:LeaderElection62] INFO  impl.RoleInfo (RoleInfo.java:updateAndGet(143)) - 74747a45-069f-47fa-93d6-d0dc14d0049d: start LeaderState
2019-09-25 12:39:31,398 [caca59b4-8b4f-412e-bec0-7379afe8035b@group-65E255CF10B4:LeaderElection61] INFO  impl.RoleInfo (RoleInfo.java:updateAndGet(143)) - caca59b4-8b4f-412e-bec0-7379afe8035b: start LeaderState
2019-09-25 12:39:31,398 [74747a45-069f-47fa-93d6-d0dc14d0049d@group-E7FAF32B24C6:LeaderElection62] INFO  segmented.SegmentedRaftLogWorker (SegmentedRaftLogWorker.java:startLogSegment(380)) - 74747a45-069f-47fa-93d6-d0dc14d0049d@group-E7FAF32B24C6-SegmentedRaftLogWorker: Starting segment from index:0
2019-09-25 12:39:31,399 [caca59b4-8b4f-412e-bec0-7379afe8035b@group-65E255CF10B4:LeaderElection61] INFO  segmented.SegmentedRaftLogWorker (SegmentedRaftLogWorker.java:startLogSegment(380)) - caca59b4-8b4f-412e-bec0-7379afe8035b@group-65E255CF10B4-SegmentedRaftLogWorker: Starting segment from index:0
2019-09-25 12:39:31,399 [74747a45-069f-47fa-93d6-d0dc14d0049d@group-E7FAF32B24C6:LeaderElection62] INFO  impl.RaftServerImpl (ServerState.java:setRaftConf(354)) - 74747a45-069f-47fa-93d6-d0dc14d0049d@group-E7FAF32B24C6: set configuration 0: [74747a45-069f-47fa-93d6-d0dc14d0049d:192.168.151.73:43018], old=null at 0
2019-09-25 12:39:31,399 [caca59b4-8b4f-412e-bec0-7379afe8035b@group-65E255CF10B4:LeaderElection61] INFO  impl.RaftServerImpl (ServerState.java:setRaftConf(354)) - caca59b4-8b4f-412e-bec0-7379afe8035b@group-65E255CF10B4: set configuration 0: [caca59b4-8b4f-412e-bec0-7379afe8035b:192.168.151.73:45500], old=null at 0
2019-09-25 12:39:31,434 [Thread-996] INFO  impl.FollowerState (FollowerState.java:run(106)) - 74747a45-069f-47fa-93d6-d0dc14d0049d:group-C4401EC0D27C changes to CANDIDATE, lastRpcTime:5065, electionTimeout:5065ms
2019-09-25 12:39:31,435 [Thread-996] INFO  impl.RoleInfo (RoleInfo.java:shutdownFollowerState(121)) - 74747a45-069f-47fa-93d6-d0dc14d0049d: shutdown FollowerState
2019-09-25 12:39:31,435 [Thread-996] INFO  impl.RaftServerImpl (RaftServerImpl.java:setRole(174)) - 74747a45-069f-47fa-93d6-d0dc14d0049d@group-C4401EC0D27C: changes role from  FOLLOWER to CANDIDATE at term 0 for changeToCandidate
2019-09-25 12:39:31,435 [Thread-996] INFO  impl.RoleInfo (RoleInfo.java:updateAndGet(143)) - 74747a45-069f-47fa-93d6-d0dc14d0049d: start LeaderElection
2019-09-25 12:39:31,438 [caca59b4-8b4f-412e-bec0-7379afe8035b@group-C0ED49C4E0AB-SegmentedRaftLogWorker] INFO  segmented.SegmentedRaftLogWorker (SegmentedRaftLogWorker.java:execute(569)) - caca59b4-8b4f-412e-bec0-7379afe8035b@group-C0ED49C4E0AB-SegmentedRaftLogWorker: created new log segment /workdir/hadoop-ozone/integration-test/target/test-dir/MiniOzoneClusterImpl-12653923-402e-414c-9497-4da48b930a89/datanode-0/data/ratis/426409d8-1e0b-4781-937c-c0ed49c4e0ab/current/log_inprogress_0
2019-09-25 12:39:31,438 [74747a45-069f-47fa-93d6-d0dc14d0049d@group-E7FAF32B24C6-SegmentedRaftLogWorker] INFO  segmented.SegmentedRaftLogWorker (SegmentedRaftLogWorker.java:execute(569)) - 74747a45-069f-47fa-93d6-d0dc14d0049d@group-E7FAF32B24C6-SegmentedRaftLogWorker: created new log segment /workdir/hadoop-ozone/integration-test/target/test-dir/MiniOzoneClusterImpl-12653923-402e-414c-9497-4da48b930a89/datanode-1/data/ratis/ee90ebc6-7a26-4c6b-92a0-e7faf32b24c6/current/log_inprogress_0
2019-09-25 12:39:31,438 [caca59b4-8b4f-412e-bec0-7379afe8035b@group-65E255CF10B4-SegmentedRaftLogWorker] INFO  segmented.SegmentedRaftLogWorker (SegmentedRaftLogWorker.java:execute(569)) - caca59b4-8b4f-412e-bec0-7379afe8035b@group-65E255CF10B4-SegmentedRaftLogWorker: created new log segment /workdir/hadoop-ozone/integration-test/target/test-dir/MiniOzoneClusterImpl-12653923-402e-414c-9497-4da48b930a89/datanode-0/data/ratis/c438bd6c-073f-4b7c-b6af-65e255cf10b4/current/log_inprogress_0
2019-09-25 12:39:31,450 [74747a45-069f-47fa-93d6-d0dc14d0049d@group-C4401EC0D27C:LeaderElection64] INFO  impl.LeaderElection (LeaderElection.java:askForVotes(182)) - 74747a45-069f-47fa-93d6-d0dc14d0049d@group-C4401EC0D27C:LeaderElection64: begin an election at term 1 for -1: [74747a45-069f-47fa-93d6-d0dc14d0049d:192.168.151.73:43018], old=null
2019-09-25 12:39:31,450 [74747a45-069f-47fa-93d6-d0dc14d0049d@group-C4401EC0D27C:LeaderElection64] INFO  impl.RoleInfo (RoleInfo.java:shutdownLeaderElection(134)) - 74747a45-069f-47fa-93d6-d0dc14d0049d: shutdown LeaderElection
2019-09-25 12:39:31,450 [74747a45-069f-47fa-93d6-d0dc14d0049d@group-C4401EC0D27C:LeaderElection64] INFO  impl.RaftServerImpl (RaftServerImpl.java:setRole(174)) - 74747a45-069f-47fa-93d6-d0dc14d0049d@group-C4401EC0D27C: changes role from CANDIDATE to LEADER at term 1 for changeToLeader
2019-09-25 12:39:31,450 [74747a45-069f-47fa-93d6-d0dc14d0049d@group-C4401EC0D27C:LeaderElection64] INFO  impl.RaftServerImpl (ServerState.java:setLeader(253)) - 74747a45-069f-47fa-93d6-d0dc14d0049d@group-C4401EC0D27C: change Leader from null to 74747a45-069f-47fa-93d6-d0dc14d0049d at term 1 for becomeLeader, leader elected after 5088ms
2019-09-25 12:39:31,451 [74747a45-069f-47fa-93d6-d0dc14d0049d@group-C4401EC0D27C:LeaderElection64] INFO  server.RaftServerConfigKeys (ConfUtils.java:logGet(43)) - raft.server.staging.catchup.gap = 1000 (default)
2019-09-25 12:39:31,451 [74747a45-069f-47fa-93d6-d0dc14d0049d@group-C4401EC0D27C:LeaderElection64] INFO  server.RaftServerConfigKeys (ConfUtils.java:logGet(43)) - raft.server.rpc.sleep.time = 25ms (default)
2019-09-25 12:39:31,451 [74747a45-069f-47fa-93d6-d0dc14d0049d@group-C4401EC0D27C:LeaderElection64] INFO  server.RaftServerConfigKeys (ConfUtils.java:logGet(43)) - raft.server.write.element-limit = 4096 (default)
2019-09-25 12:39:31,451 [74747a45-069f-47fa-93d6-d0dc14d0049d@group-C4401EC0D27C:LeaderElection64] INFO  server.RaftServerConfigKeys (ConfUtils.java:logGet(43)) - raft.server.watch.timeout = 10s (default)
2019-09-25 12:39:31,451 [74747a45-069f-47fa-93d6-d0dc14d0049d@group-C4401EC0D27C:LeaderElection64] INFO  server.RaftServerConfigKeys (ConfUtils.java:logGet(43)) - raft.server.watch.timeout.denomination = 1s (default)
2019-09-25 12:39:31,451 [74747a45-069f-47fa-93d6-d0dc14d0049d@group-C4401EC0D27C:LeaderElection64] INFO  server.RaftServerConfigKeys (ConfUtils.java:logGet(43)) - raft.server.watch.element-limit = 65536 (default)
2019-09-25 12:39:31,453 [74747a45-069f-47fa-93d6-d0dc14d0049d@group-C4401EC0D27C:LeaderElection64] INFO  impl.RoleInfo (RoleInfo.java:updateAndGet(143)) - 74747a45-069f-47fa-93d6-d0dc14d0049d: start LeaderState
2019-09-25 12:39:31,454 [74747a45-069f-47fa-93d6-d0dc14d0049d@group-C4401EC0D27C:LeaderElection64] INFO  segmented.SegmentedRaftLogWorker (SegmentedRaftLogWorker.java:startLogSegment(380)) - 74747a45-069f-47fa-93d6-d0dc14d0049d@group-C4401EC0D27C-SegmentedRaftLogWorker: Starting segment from index:0
2019-09-25 12:39:31,454 [74747a45-069f-47fa-93d6-d0dc14d0049d@group-C4401EC0D27C:LeaderElection64] INFO  impl.RaftServerImpl (ServerState.java:setRaftConf(354)) - 74747a45-069f-47fa-93d6-d0dc14d0049d@group-C4401EC0D27C: set configuration 0: [74747a45-069f-47fa-93d6-d0dc14d0049d:192.168.151.73:43018], old=null at 0
2019-09-25 12:39:31,496 [74747a45-069f-47fa-93d6-d0dc14d0049d@group-C4401EC0D27C-SegmentedRaftLogWorker] INFO  segmented.SegmentedRaftLogWorker (SegmentedRaftLogWorker.java:execute(569)) - 74747a45-069f-47fa-93d6-d0dc14d0049d@group-C4401EC0D27C-SegmentedRaftLogWorker: created new log segment /workdir/hadoop-ozone/integration-test/target/test-dir/MiniOzoneClusterImpl-12653923-402e-414c-9497-4da48b930a89/datanode-1/data/ratis/cdb11a75-6f32-449e-9414-c4401ec0d27c/current/log_inprogress_0
2019-09-25 12:39:31,570 [Thread-999] INFO  impl.FollowerState (FollowerState.java:run(106)) - 8084e3dc-a4cf-4231-afde-79a41fa6d4d0:group-E5D5EBD449BE changes to CANDIDATE, lastRpcTime:5156, electionTimeout:5156ms
2019-09-25 12:39:31,571 [Thread-999] INFO  impl.RoleInfo (RoleInfo.java:shutdownFollowerState(121)) - 8084e3dc-a4cf-4231-afde-79a41fa6d4d0: shutdown FollowerState
2019-09-25 12:39:31,571 [Thread-999] INFO  impl.RaftServerImpl (RaftServerImpl.java:setRole(174)) - 8084e3dc-a4cf-4231-afde-79a41fa6d4d0@group-E5D5EBD449BE: changes role from  FOLLOWER to CANDIDATE at term 0 for changeToCandidate
2019-09-25 12:39:31,571 [Thread-999] INFO  impl.RoleInfo (RoleInfo.java:updateAndGet(143)) - 8084e3dc-a4cf-4231-afde-79a41fa6d4d0: start LeaderElection
2019-09-25 12:39:31,586 [8084e3dc-a4cf-4231-afde-79a41fa6d4d0@group-E5D5EBD449BE:LeaderElection65] INFO  impl.LeaderElection (LeaderElection.java:askForVotes(182)) - 8084e3dc-a4cf-4231-afde-79a41fa6d4d0@group-E5D5EBD449BE:LeaderElection65: begin an election at term 1 for -1: [8084e3dc-a4cf-4231-afde-79a41fa6d4d0:192.168.151.73:41876], old=null
2019-09-25 12:39:31,587 [8084e3dc-a4cf-4231-afde-79a41fa6d4d0@group-E5D5EBD449BE:LeaderElection65] INFO  impl.RoleInfo (RoleInfo.java:shutdownLeaderElection(134)) - 8084e3dc-a4cf-4231-afde-79a41fa6d4d0: shutdown LeaderElection
2019-09-25 12:39:31,587 [8084e3dc-a4cf-4231-afde-79a41fa6d4d0@group-E5D5EBD449BE:LeaderElection65] INFO  impl.RaftServerImpl (RaftServerImpl.java:setRole(174)) - 8084e3dc-a4cf-4231-afde-79a41fa6d4d0@group-E5D5EBD449BE: changes role from CANDIDATE to LEADER at term 1 for changeToLeader
2019-09-25 12:39:31,587 [8084e3dc-a4cf-4231-afde-79a41fa6d4d0@group-E5D5EBD449BE:LeaderElection65] INFO  impl.RaftServerImpl (ServerState.java:setLeader(253)) - 8084e3dc-a4cf-4231-afde-79a41fa6d4d0@group-E5D5EBD449BE: change Leader from null to 8084e3dc-a4cf-4231-afde-79a41fa6d4d0 at term 1 for becomeLeader, leader elected after 5181ms
2019-09-25 12:39:31,587 [8084e3dc-a4cf-4231-afde-79a41fa6d4d0@group-E5D5EBD449BE:LeaderElection65] INFO  server.RaftServerConfigKeys (ConfUtils.java:logGet(43)) - raft.server.staging.catchup.gap = 1000 (default)
2019-09-25 12:39:31,587 [8084e3dc-a4cf-4231-afde-79a41fa6d4d0@group-E5D5EBD449BE:LeaderElection65] INFO  server.RaftServerConfigKeys (ConfUtils.java:logGet(43)) - raft.server.rpc.sleep.time = 25ms (default)
2019-09-25 12:39:31,587 [8084e3dc-a4cf-4231-afde-79a41fa6d4d0@group-E5D5EBD449BE:LeaderElection65] INFO  server.RaftServerConfigKeys (ConfUtils.java:logGet(43)) - raft.server.write.element-limit = 4096 (default)
2019-09-25 12:39:31,588 [8084e3dc-a4cf-4231-afde-79a41fa6d4d0@group-E5D5EBD449BE:LeaderElection65] INFO  server.RaftServerConfigKeys (ConfUtils.java:logGet(43)) - raft.server.watch.timeout = 10s (default)
2019-09-25 12:39:31,588 [8084e3dc-a4cf-4231-afde-79a41fa6d4d0@group-E5D5EBD449BE:LeaderElection65] INFO  server.RaftServerConfigKeys (ConfUtils.java:logGet(43)) - raft.server.watch.timeout.denomination = 1s (default)
2019-09-25 12:39:31,588 [8084e3dc-a4cf-4231-afde-79a41fa6d4d0@group-E5D5EBD449BE:LeaderElection65] INFO  server.RaftServerConfigKeys (ConfUtils.java:logGet(43)) - raft.server.watch.element-limit = 65536 (default)
2019-09-25 12:39:31,590 [8084e3dc-a4cf-4231-afde-79a41fa6d4d0@group-E5D5EBD449BE:LeaderElection65] INFO  impl.RoleInfo (RoleInfo.java:updateAndGet(143)) - 8084e3dc-a4cf-4231-afde-79a41fa6d4d0: start LeaderState
2019-09-25 12:39:31,591 [8084e3dc-a4cf-4231-afde-79a41fa6d4d0@group-E5D5EBD449BE:LeaderElection65] INFO  segmented.SegmentedRaftLogWorker (SegmentedRaftLogWorker.java:startLogSegment(380)) - 8084e3dc-a4cf-4231-afde-79a41fa6d4d0@group-E5D5EBD449BE-SegmentedRaftLogWorker: Starting segment from index:0
2019-09-25 12:39:31,591 [8084e3dc-a4cf-4231-afde-79a41fa6d4d0@group-E5D5EBD449BE:LeaderElection65] INFO  impl.RaftServerImpl (ServerState.java:setRaftConf(354)) - 8084e3dc-a4cf-4231-afde-79a41fa6d4d0@group-E5D5EBD449BE: set configuration 0: [8084e3dc-a4cf-4231-afde-79a41fa6d4d0:192.168.151.73:41876], old=null at 0
2019-09-25 12:39:31,626 [Thread-1002] INFO  impl.FollowerState (FollowerState.java:run(106)) - 74747a45-069f-47fa-93d6-d0dc14d0049d:group-3862F770A056 changes to CANDIDATE, lastRpcTime:5167, electionTimeout:5167ms
2019-09-25 12:39:31,627 [Thread-1002] INFO  impl.RoleInfo (RoleInfo.java:shutdownFollowerState(121)) - 74747a45-069f-47fa-93d6-d0dc14d0049d: shutdown FollowerState
2019-09-25 12:39:31,627 [Thread-1002] INFO  impl.RaftServerImpl (RaftServerImpl.java:setRole(174)) - 74747a45-069f-47fa-93d6-d0dc14d0049d@group-3862F770A056: changes role from  FOLLOWER to CANDIDATE at term 0 for changeToCandidate
2019-09-25 12:39:31,627 [Thread-1002] INFO  impl.RoleInfo (RoleInfo.java:updateAndGet(143)) - 74747a45-069f-47fa-93d6-d0dc14d0049d: start LeaderElection
2019-09-25 12:39:31,632 [Thread-1011] INFO  impl.FollowerState (FollowerState.java:run(106)) - 8084e3dc-a4cf-4231-afde-79a41fa6d4d0:group-3B13FE6622E6 changes to CANDIDATE, lastRpcTime:5043, electionTimeout:5043ms
2019-09-25 12:39:31,632 [Thread-1011] INFO  impl.RoleInfo (RoleInfo.java:shutdownFollowerState(121)) - 8084e3dc-a4cf-4231-afde-79a41fa6d4d0: shutdown FollowerState
2019-09-25 12:39:31,632 [Thread-1011] INFO  impl.RaftServerImpl (RaftServerImpl.java:setRole(174)) - 8084e3dc-a4cf-4231-afde-79a41fa6d4d0@group-3B13FE6622E6: changes role from  FOLLOWER to CANDIDATE at term 0 for changeToCandidate
2019-09-25 12:39:31,632 [Thread-1011] INFO  impl.RoleInfo (RoleInfo.java:updateAndGet(143)) - 8084e3dc-a4cf-4231-afde-79a41fa6d4d0: start LeaderElection
2019-09-25 12:39:31,637 [8084e3dc-a4cf-4231-afde-79a41fa6d4d0@group-E5D5EBD449BE-SegmentedRaftLogWorker] INFO  segmented.SegmentedRaftLogWorker (SegmentedRaftLogWorker.java:execute(569)) - 8084e3dc-a4cf-4231-afde-79a41fa6d4d0@group-E5D5EBD449BE-SegmentedRaftLogWorker: created new log segment /workdir/hadoop-ozone/integration-test/target/test-dir/MiniOzoneClusterImpl-12653923-402e-414c-9497-4da48b930a89/datanode-2/data/ratis/4b06380e-cbba-4eb8-8f72-e5d5ebd449be/current/log_inprogress_0
2019-09-25 12:39:31,637 [74747a45-069f-47fa-93d6-d0dc14d0049d@group-3862F770A056:LeaderElection66] INFO  impl.LeaderElection (LeaderElection.java:askForVotes(182)) - 74747a45-069f-47fa-93d6-d0dc14d0049d@group-3862F770A056:LeaderElection66: begin an election at term 1 for -1: [74747a45-069f-47fa-93d6-d0dc14d0049d:192.168.151.73:43018], old=null
2019-09-25 12:39:31,637 [8084e3dc-a4cf-4231-afde-79a41fa6d4d0@group-3B13FE6622E6:LeaderElection67] INFO  impl.LeaderElection (LeaderElection.java:askForVotes(182)) - 8084e3dc-a4cf-4231-afde-79a41fa6d4d0@group-3B13FE6622E6:LeaderElection67: begin an election at term 1 for -1: [8084e3dc-a4cf-4231-afde-79a41fa6d4d0:192.168.151.73:41876], old=null
2019-09-25 12:39:31,638 [74747a45-069f-47fa-93d6-d0dc14d0049d@group-3862F770A056:LeaderElection66] INFO  impl.RoleInfo (RoleInfo.java:shutdownLeaderElection(134)) - 74747a45-069f-47fa-93d6-d0dc14d0049d: shutdown LeaderElection
2019-09-25 12:39:31,638 [8084e3dc-a4cf-4231-afde-79a41fa6d4d0@group-3B13FE6622E6:LeaderElection67] INFO  impl.RoleInfo (RoleInfo.java:shutdownLeaderElection(134)) - 8084e3dc-a4cf-4231-afde-79a41fa6d4d0: shutdown LeaderElection
2019-09-25 12:39:31,638 [74747a45-069f-47fa-93d6-d0dc14d0049d@group-3862F770A056:LeaderElection66] INFO  impl.RaftServerImpl (RaftServerImpl.java:setRole(174)) - 74747a45-069f-47fa-93d6-d0dc14d0049d@group-3862F770A056: changes role from CANDIDATE to LEADER at term 1 for changeToLeader
2019-09-25 12:39:31,638 [8084e3dc-a4cf-4231-afde-79a41fa6d4d0@group-3B13FE6622E6:LeaderElection67] INFO  impl.RaftServerImpl (RaftServerImpl.java:setRole(174)) - 8084e3dc-a4cf-4231-afde-79a41fa6d4d0@group-3B13FE6622E6: changes role from CANDIDATE to LEADER at term 1 for changeToLeader
2019-09-25 12:39:31,638 [74747a45-069f-47fa-93d6-d0dc14d0049d@group-3862F770A056:LeaderElection66] INFO  impl.RaftServerImpl (ServerState.java:setLeader(253)) - 74747a45-069f-47fa-93d6-d0dc14d0049d@group-3862F770A056: change Leader from null to 74747a45-069f-47fa-93d6-d0dc14d0049d at term 1 for becomeLeader, leader elected after 5185ms
2019-09-25 12:39:31,638 [8084e3dc-a4cf-4231-afde-79a41fa6d4d0@group-3B13FE6622E6:LeaderElection67] INFO  impl.RaftServerImpl (ServerState.java:setLeader(253)) - 8084e3dc-a4cf-4231-afde-79a41fa6d4d0@group-3B13FE6622E6: change Leader from null to 8084e3dc-a4cf-4231-afde-79a41fa6d4d0 at term 1 for becomeLeader, leader elected after 5055ms
2019-09-25 12:39:31,638 [74747a45-069f-47fa-93d6-d0dc14d0049d@group-3862F770A056:LeaderElection66] INFO  server.RaftServerConfigKeys (ConfUtils.java:logGet(43)) - raft.server.staging.catchup.gap = 1000 (default)
2019-09-25 12:39:31,638 [8084e3dc-a4cf-4231-afde-79a41fa6d4d0@group-3B13FE6622E6:LeaderElection67] INFO  server.RaftServerConfigKeys (ConfUtils.java:logGet(43)) - raft.server.staging.catchup.gap = 1000 (default)
2019-09-25 12:39:31,639 [74747a45-069f-47fa-93d6-d0dc14d0049d@group-3862F770A056:LeaderElection66] INFO  server.RaftServerConfigKeys (ConfUtils.java:logGet(43)) - raft.server.rpc.sleep.time = 25ms (default)
2019-09-25 12:39:31,639 [8084e3dc-a4cf-4231-afde-79a41fa6d4d0@group-3B13FE6622E6:LeaderElection67] INFO  server.RaftServerConfigKeys (ConfUtils.java:logGet(43)) - raft.server.rpc.sleep.time = 25ms (default)
2019-09-25 12:39:31,639 [74747a45-069f-47fa-93d6-d0dc14d0049d@group-3862F770A056:LeaderElection66] INFO  server.RaftServerConfigKeys (ConfUtils.java:logGet(43)) - raft.server.write.element-limit = 4096 (default)
2019-09-25 12:39:31,639 [8084e3dc-a4cf-4231-afde-79a41fa6d4d0@group-3B13FE6622E6:LeaderElection67] INFO  server.RaftServerConfigKeys (ConfUtils.java:logGet(43)) - raft.server.write.element-limit = 4096 (default)
2019-09-25 12:39:31,639 [74747a45-069f-47fa-93d6-d0dc14d0049d@group-3862F770A056:LeaderElection66] INFO  server.RaftServerConfigKeys (ConfUtils.java:logGet(43)) - raft.server.watch.timeout = 10s (default)
2019-09-25 12:39:31,639 [8084e3dc-a4cf-4231-afde-79a41fa6d4d0@group-3B13FE6622E6:LeaderElection67] INFO  server.RaftServerConfigKeys (ConfUtils.java:logGet(43)) - raft.server.watch.timeout = 10s (default)
2019-09-25 12:39:31,639 [74747a45-069f-47fa-93d6-d0dc14d0049d@group-3862F770A056:LeaderElection66] INFO  server.RaftServerConfigKeys (ConfUtils.java:logGet(43)) - raft.server.watch.timeout.denomination = 1s (default)
2019-09-25 12:39:31,639 [8084e3dc-a4cf-4231-afde-79a41fa6d4d0@group-3B13FE6622E6:LeaderElection67] INFO  server.RaftServerConfigKeys (ConfUtils.java:logGet(43)) - raft.server.watch.timeout.denomination = 1s (default)
2019-09-25 12:39:31,640 [74747a45-069f-47fa-93d6-d0dc14d0049d@group-3862F770A056:LeaderElection66] INFO  server.RaftServerConfigKeys (ConfUtils.java:logGet(43)) - raft.server.watch.element-limit = 65536 (default)
2019-09-25 12:39:31,640 [8084e3dc-a4cf-4231-afde-79a41fa6d4d0@group-3B13FE6622E6:LeaderElection67] INFO  server.RaftServerConfigKeys (ConfUtils.java:logGet(43)) - raft.server.watch.element-limit = 65536 (default)
2019-09-25 12:39:31,642 [Thread-1005] INFO  impl.FollowerState (FollowerState.java:run(106)) - 74747a45-069f-47fa-93d6-d0dc14d0049d:group-20E5D835B90B changes to CANDIDATE, lastRpcTime:5140, electionTimeout:5140ms
2019-09-25 12:39:31,642 [Thread-1005] INFO  impl.RoleInfo (RoleInfo.java:shutdownFollowerState(121)) - 74747a45-069f-47fa-93d6-d0dc14d0049d: shutdown FollowerState
2019-09-25 12:39:31,643 [Thread-1005] INFO  impl.RaftServerImpl (RaftServerImpl.java:setRole(174)) - 74747a45-069f-47fa-93d6-d0dc14d0049d@group-20E5D835B90B: changes role from  FOLLOWER to CANDIDATE at term 0 for changeToCandidate
2019-09-25 12:39:31,643 [Thread-1005] INFO  impl.RoleInfo (RoleInfo.java:updateAndGet(143)) - 74747a45-069f-47fa-93d6-d0dc14d0049d: start LeaderElection
2019-09-25 12:39:31,643 [74747a45-069f-47fa-93d6-d0dc14d0049d@group-3862F770A056:LeaderElection66] INFO  impl.RoleInfo (RoleInfo.java:updateAndGet(143)) - 74747a45-069f-47fa-93d6-d0dc14d0049d: start LeaderState
2019-09-25 12:39:31,645 [74747a45-069f-47fa-93d6-d0dc14d0049d@group-3862F770A056:LeaderElection66] INFO  segmented.SegmentedRaftLogWorker (SegmentedRaftLogWorker.java:startLogSegment(380)) - 74747a45-069f-47fa-93d6-d0dc14d0049d@group-3862F770A056-SegmentedRaftLogWorker: Starting segment from index:0
2019-09-25 12:39:31,645 [8084e3dc-a4cf-4231-afde-79a41fa6d4d0@group-3B13FE6622E6:LeaderElection67] INFO  impl.RoleInfo (RoleInfo.java:updateAndGet(143)) - 8084e3dc-a4cf-4231-afde-79a41fa6d4d0: start LeaderState
2019-09-25 12:39:31,646 [8084e3dc-a4cf-4231-afde-79a41fa6d4d0@group-3B13FE6622E6:LeaderElection67] INFO  segmented.SegmentedRaftLogWorker (SegmentedRaftLogWorker.java:startLogSegment(380)) - 8084e3dc-a4cf-4231-afde-79a41fa6d4d0@group-3B13FE6622E6-SegmentedRaftLogWorker: Starting segment from index:0
2019-09-25 12:39:31,646 [74747a45-069f-47fa-93d6-d0dc14d0049d@group-3862F770A056:LeaderElection66] INFO  impl.RaftServerImpl (ServerState.java:setRaftConf(354)) - 74747a45-069f-47fa-93d6-d0dc14d0049d@group-3862F770A056: set configuration 0: [74747a45-069f-47fa-93d6-d0dc14d0049d:192.168.151.73:43018], old=null at 0
2019-09-25 12:39:31,646 [8084e3dc-a4cf-4231-afde-79a41fa6d4d0@group-3B13FE6622E6:LeaderElection67] INFO  impl.RaftServerImpl (ServerState.java:setRaftConf(354)) - 8084e3dc-a4cf-4231-afde-79a41fa6d4d0@group-3B13FE6622E6: set configuration 0: [8084e3dc-a4cf-4231-afde-79a41fa6d4d0:192.168.151.73:41876], old=null at 0
2019-09-25 12:39:31,651 [74747a45-069f-47fa-93d6-d0dc14d0049d@group-20E5D835B90B:LeaderElection68] INFO  impl.LeaderElection (LeaderElection.java:askForVotes(182)) - 74747a45-069f-47fa-93d6-d0dc14d0049d@group-20E5D835B90B:LeaderElection68: begin an election at term 1 for -1: [74747a45-069f-47fa-93d6-d0dc14d0049d:192.168.151.73:43018], old=null
2019-09-25 12:39:31,651 [74747a45-069f-47fa-93d6-d0dc14d0049d@group-20E5D835B90B:LeaderElection68] INFO  impl.RoleInfo (RoleInfo.java:shutdownLeaderElection(134)) - 74747a45-069f-47fa-93d6-d0dc14d0049d: shutdown LeaderElection
2019-09-25 12:39:31,651 [74747a45-069f-47fa-93d6-d0dc14d0049d@group-20E5D835B90B:LeaderElection68] INFO  impl.RaftServerImpl (RaftServerImpl.java:setRole(174)) - 74747a45-069f-47fa-93d6-d0dc14d0049d@group-20E5D835B90B: changes role from CANDIDATE to LEADER at term 1 for changeToLeader
2019-09-25 12:39:31,651 [74747a45-069f-47fa-93d6-d0dc14d0049d@group-20E5D835B90B:LeaderElection68] INFO  impl.RaftServerImpl (ServerState.java:setLeader(253)) - 74747a45-069f-47fa-93d6-d0dc14d0049d@group-20E5D835B90B: change Leader from null to 74747a45-069f-47fa-93d6-d0dc14d0049d at term 1 for becomeLeader, leader elected after 5155ms
2019-09-25 12:39:31,651 [74747a45-069f-47fa-93d6-d0dc14d0049d@group-20E5D835B90B:LeaderElection68] INFO  server.RaftServerConfigKeys (ConfUtils.java:logGet(43)) - raft.server.staging.catchup.gap = 1000 (default)
2019-09-25 12:39:31,652 [74747a45-069f-47fa-93d6-d0dc14d0049d@group-20E5D835B90B:LeaderElection68] INFO  server.RaftServerConfigKeys (ConfUtils.java:logGet(43)) - raft.server.rpc.sleep.time = 25ms (default)
2019-09-25 12:39:31,652 [74747a45-069f-47fa-93d6-d0dc14d0049d@group-20E5D835B90B:LeaderElection68] INFO  server.RaftServerConfigKeys (ConfUtils.java:logGet(43)) - raft.server.write.element-limit = 4096 (default)
2019-09-25 12:39:31,652 [74747a45-069f-47fa-93d6-d0dc14d0049d@group-20E5D835B90B:LeaderElection68] INFO  server.RaftServerConfigKeys (ConfUtils.java:logGet(43)) - raft.server.watch.timeout = 10s (default)
2019-09-25 12:39:31,652 [74747a45-069f-47fa-93d6-d0dc14d0049d@group-20E5D835B90B:LeaderElection68] INFO  server.RaftServerConfigKeys (ConfUtils.java:logGet(43)) - raft.server.watch.timeout.denomination = 1s (default)
2019-09-25 12:39:31,652 [74747a45-069f-47fa-93d6-d0dc14d0049d@group-20E5D835B90B:LeaderElection68] INFO  server.RaftServerConfigKeys (ConfUtils.java:logGet(43)) - raft.server.watch.element-limit = 65536 (default)
2019-09-25 12:39:31,655 [74747a45-069f-47fa-93d6-d0dc14d0049d@group-20E5D835B90B:LeaderElection68] INFO  impl.RoleInfo (RoleInfo.java:updateAndGet(143)) - 74747a45-069f-47fa-93d6-d0dc14d0049d: start LeaderState
2019-09-25 12:39:31,655 [74747a45-069f-47fa-93d6-d0dc14d0049d@group-20E5D835B90B:LeaderElection68] INFO  segmented.SegmentedRaftLogWorker (SegmentedRaftLogWorker.java:startLogSegment(380)) - 74747a45-069f-47fa-93d6-d0dc14d0049d@group-20E5D835B90B-SegmentedRaftLogWorker: Starting segment from index:0
2019-09-25 12:39:31,655 [74747a45-069f-47fa-93d6-d0dc14d0049d@group-20E5D835B90B:LeaderElection68] INFO  impl.RaftServerImpl (ServerState.java:setRaftConf(354)) - 74747a45-069f-47fa-93d6-d0dc14d0049d@group-20E5D835B90B: set configuration 0: [74747a45-069f-47fa-93d6-d0dc14d0049d:192.168.151.73:43018], old=null at 0
2019-09-25 12:39:31,676 [Thread-1014] INFO  impl.FollowerState (FollowerState.java:run(106)) - 8084e3dc-a4cf-4231-afde-79a41fa6d4d0:group-E3986B9614E4 changes to CANDIDATE, lastRpcTime:5046, electionTimeout:5046ms
2019-09-25 12:39:31,676 [Thread-1014] INFO  impl.RoleInfo (RoleInfo.java:shutdownFollowerState(121)) - 8084e3dc-a4cf-4231-afde-79a41fa6d4d0: shutdown FollowerState
2019-09-25 12:39:31,676 [Thread-1014] INFO  impl.RaftServerImpl (RaftServerImpl.java:setRole(174)) - 8084e3dc-a4cf-4231-afde-79a41fa6d4d0@group-E3986B9614E4: changes role from  FOLLOWER to CANDIDATE at term 0 for changeToCandidate
2019-09-25 12:39:31,677 [Thread-1014] INFO  impl.RoleInfo (RoleInfo.java:updateAndGet(143)) - 8084e3dc-a4cf-4231-afde-79a41fa6d4d0: start LeaderElection
2019-09-25 12:39:31,702 [8084e3dc-a4cf-4231-afde-79a41fa6d4d0@group-3B13FE6622E6-SegmentedRaftLogWorker] INFO  segmented.SegmentedRaftLogWorker (SegmentedRaftLogWorker.java:execute(569)) - 8084e3dc-a4cf-4231-afde-79a41fa6d4d0@group-3B13FE6622E6-SegmentedRaftLogWorker: created new log segment /workdir/hadoop-ozone/integration-test/target/test-dir/MiniOzoneClusterImpl-12653923-402e-414c-9497-4da48b930a89/datanode-2/data/ratis/fbd8f4bd-bf7e-4399-b6db-3b13fe6622e6/current/log_inprogress_0
2019-09-25 12:39:31,702 [8084e3dc-a4cf-4231-afde-79a41fa6d4d0@group-E3986B9614E4:LeaderElection69] INFO  impl.LeaderElection (LeaderElection.java:askForVotes(182)) - 8084e3dc-a4cf-4231-afde-79a41fa6d4d0@group-E3986B9614E4:LeaderElection69: begin an election at term 1 for -1: [8084e3dc-a4cf-4231-afde-79a41fa6d4d0:192.168.151.73:41876], old=null
2019-09-25 12:39:31,702 [74747a45-069f-47fa-93d6-d0dc14d0049d@group-20E5D835B90B-SegmentedRaftLogWorker] INFO  segmented.SegmentedRaftLogWorker (SegmentedRaftLogWorker.java:execute(569)) - 74747a45-069f-47fa-93d6-d0dc14d0049d@group-20E5D835B90B-SegmentedRaftLogWorker: created new log segment /workdir/hadoop-ozone/integration-test/target/test-dir/MiniOzoneClusterImpl-12653923-402e-414c-9497-4da48b930a89/datanode-1/data/ratis/214010e4-1bb2-4cdd-81f8-20e5d835b90b/current/log_inprogress_0
2019-09-25 12:39:31,702 [74747a45-069f-47fa-93d6-d0dc14d0049d@group-3862F770A056-SegmentedRaftLogWorker] INFO  segmented.SegmentedRaftLogWorker (SegmentedRaftLogWorker.java:execute(569)) - 74747a45-069f-47fa-93d6-d0dc14d0049d@group-3862F770A056-SegmentedRaftLogWorker: created new log segment /workdir/hadoop-ozone/integration-test/target/test-dir/MiniOzoneClusterImpl-12653923-402e-414c-9497-4da48b930a89/datanode-1/data/ratis/90af17ec-8575-48e8-9c18-3862f770a056/current/log_inprogress_0
2019-09-25 12:39:31,703 [8084e3dc-a4cf-4231-afde-79a41fa6d4d0@group-E3986B9614E4:LeaderElection69] INFO  impl.RoleInfo (RoleInfo.java:shutdownLeaderElection(134)) - 8084e3dc-a4cf-4231-afde-79a41fa6d4d0: shutdown LeaderElection
2019-09-25 12:39:31,703 [8084e3dc-a4cf-4231-afde-79a41fa6d4d0@group-E3986B9614E4:LeaderElection69] INFO  impl.RaftServerImpl (RaftServerImpl.java:setRole(174)) - 8084e3dc-a4cf-4231-afde-79a41fa6d4d0@group-E3986B9614E4: changes role from CANDIDATE to LEADER at term 1 for changeToLeader
2019-09-25 12:39:31,703 [8084e3dc-a4cf-4231-afde-79a41fa6d4d0@group-E3986B9614E4:LeaderElection69] INFO  impl.RaftServerImpl (ServerState.java:setLeader(253)) - 8084e3dc-a4cf-4231-afde-79a41fa6d4d0@group-E3986B9614E4: change Leader from null to 8084e3dc-a4cf-4231-afde-79a41fa6d4d0 at term 1 for becomeLeader, leader elected after 5078ms
2019-09-25 12:39:31,703 [8084e3dc-a4cf-4231-afde-79a41fa6d4d0@group-E3986B9614E4:LeaderElection69] INFO  server.RaftServerConfigKeys (ConfUtils.java:logGet(43)) - raft.server.staging.catchup.gap = 1000 (default)
2019-09-25 12:39:31,703 [8084e3dc-a4cf-4231-afde-79a41fa6d4d0@group-E3986B9614E4:LeaderElection69] INFO  server.RaftServerConfigKeys (ConfUtils.java:logGet(43)) - raft.server.rpc.sleep.time = 25ms (default)
2019-09-25 12:39:31,704 [8084e3dc-a4cf-4231-afde-79a41fa6d4d0@group-E3986B9614E4:LeaderElection69] INFO  server.RaftServerConfigKeys (ConfUtils.java:logGet(43)) - raft.server.write.element-limit = 4096 (default)
2019-09-25 12:39:31,704 [8084e3dc-a4cf-4231-afde-79a41fa6d4d0@group-E3986B9614E4:LeaderElection69] INFO  server.RaftServerConfigKeys (ConfUtils.java:logGet(43)) - raft.server.watch.timeout = 10s (default)
2019-09-25 12:39:31,704 [8084e3dc-a4cf-4231-afde-79a41fa6d4d0@group-E3986B9614E4:LeaderElection69] INFO  server.RaftServerConfigKeys (ConfUtils.java:logGet(43)) - raft.server.watch.timeout.denomination = 1s (default)
2019-09-25 12:39:31,704 [8084e3dc-a4cf-4231-afde-79a41fa6d4d0@group-E3986B9614E4:LeaderElection69] INFO  server.RaftServerConfigKeys (ConfUtils.java:logGet(43)) - raft.server.watch.element-limit = 65536 (default)
2019-09-25 12:39:31,705 [8084e3dc-a4cf-4231-afde-79a41fa6d4d0@group-E3986B9614E4:LeaderElection69] INFO  impl.RoleInfo (RoleInfo.java:updateAndGet(143)) - 8084e3dc-a4cf-4231-afde-79a41fa6d4d0: start LeaderState
2019-09-25 12:39:31,706 [8084e3dc-a4cf-4231-afde-79a41fa6d4d0@group-E3986B9614E4:LeaderElection69] INFO  segmented.SegmentedRaftLogWorker (SegmentedRaftLogWorker.java:startLogSegment(380)) - 8084e3dc-a4cf-4231-afde-79a41fa6d4d0@group-E3986B9614E4-SegmentedRaftLogWorker: Starting segment from index:0
2019-09-25 12:39:31,706 [8084e3dc-a4cf-4231-afde-79a41fa6d4d0@group-E3986B9614E4:LeaderElection69] INFO  impl.RaftServerImpl (ServerState.java:setRaftConf(354)) - 8084e3dc-a4cf-4231-afde-79a41fa6d4d0@group-E3986B9614E4: set configuration 0: [8084e3dc-a4cf-4231-afde-79a41fa6d4d0:192.168.151.73:41876], old=null at 0
2019-09-25 12:39:31,742 [Thread-1008] INFO  impl.FollowerState (FollowerState.java:run(106)) - 74747a45-069f-47fa-93d6-d0dc14d0049d:group-3EF109C399C1 changes to CANDIDATE, lastRpcTime:5197, electionTimeout:5197ms
2019-09-25 12:39:31,742 [Thread-1008] INFO  impl.RoleInfo (RoleInfo.java:shutdownFollowerState(121)) - 74747a45-069f-47fa-93d6-d0dc14d0049d: shutdown FollowerState
2019-09-25 12:39:31,742 [Thread-1008] INFO  impl.RaftServerImpl (RaftServerImpl.java:setRole(174)) - 74747a45-069f-47fa-93d6-d0dc14d0049d@group-3EF109C399C1: changes role from  FOLLOWER to CANDIDATE at term 0 for changeToCandidate
2019-09-25 12:39:31,743 [Thread-1008] INFO  impl.RoleInfo (RoleInfo.java:updateAndGet(143)) - 74747a45-069f-47fa-93d6-d0dc14d0049d: start LeaderElection
2019-09-25 12:39:31,749 [8084e3dc-a4cf-4231-afde-79a41fa6d4d0@group-E3986B9614E4-SegmentedRaftLogWorker] INFO  segmented.SegmentedRaftLogWorker (SegmentedRaftLogWorker.java:execute(569)) - 8084e3dc-a4cf-4231-afde-79a41fa6d4d0@group-E3986B9614E4-SegmentedRaftLogWorker: created new log segment /workdir/hadoop-ozone/integration-test/target/test-dir/MiniOzoneClusterImpl-12653923-402e-414c-9497-4da48b930a89/datanode-2/data/ratis/63d56c2c-1ff8-4650-a52c-e3986b9614e4/current/log_inprogress_0
2019-09-25 12:39:31,749 [74747a45-069f-47fa-93d6-d0dc14d0049d@group-3EF109C399C1:LeaderElection70] INFO  impl.LeaderElection (LeaderElection.java:askForVotes(182)) - 74747a45-069f-47fa-93d6-d0dc14d0049d@group-3EF109C399C1:LeaderElection70: begin an election at term 1 for -1: [74747a45-069f-47fa-93d6-d0dc14d0049d:192.168.151.73:43018], old=null
2019-09-25 12:39:31,749 [74747a45-069f-47fa-93d6-d0dc14d0049d@group-3EF109C399C1:LeaderElection70] INFO  impl.RoleInfo (RoleInfo.java:shutdownLeaderElection(134)) - 74747a45-069f-47fa-93d6-d0dc14d0049d: shutdown LeaderElection
2019-09-25 12:39:31,749 [74747a45-069f-47fa-93d6-d0dc14d0049d@group-3EF109C399C1:LeaderElection70] INFO  impl.RaftServerImpl (RaftServerImpl.java:setRole(174)) - 74747a45-069f-47fa-93d6-d0dc14d0049d@group-3EF109C399C1: changes role from CANDIDATE to LEADER at term 1 for changeToLeader
2019-09-25 12:39:31,749 [74747a45-069f-47fa-93d6-d0dc14d0049d@group-3EF109C399C1:LeaderElection70] INFO  impl.RaftServerImpl (ServerState.java:setLeader(253)) - 74747a45-069f-47fa-93d6-d0dc14d0049d@group-3EF109C399C1: change Leader from null to 74747a45-069f-47fa-93d6-d0dc14d0049d at term 1 for becomeLeader, leader elected after 5209ms
2019-09-25 12:39:31,749 [74747a45-069f-47fa-93d6-d0dc14d0049d@group-3EF109C399C1:LeaderElection70] INFO  server.RaftServerConfigKeys (ConfUtils.java:logGet(43)) - raft.server.staging.catchup.gap = 1000 (default)
2019-09-25 12:39:31,749 [74747a45-069f-47fa-93d6-d0dc14d0049d@group-3EF109C399C1:LeaderElection70] INFO  server.RaftServerConfigKeys (ConfUtils.java:logGet(43)) - raft.server.rpc.sleep.time = 25ms (default)
2019-09-25 12:39:31,750 [74747a45-069f-47fa-93d6-d0dc14d0049d@group-3EF109C399C1:LeaderElection70] INFO  server.RaftServerConfigKeys (ConfUtils.java:logGet(43)) - raft.server.write.element-limit = 4096 (default)
2019-09-25 12:39:31,750 [74747a45-069f-47fa-93d6-d0dc14d0049d@group-3EF109C399C1:LeaderElection70] INFO  server.RaftServerConfigKeys (ConfUtils.java:logGet(43)) - raft.server.watch.timeout = 10s (default)
2019-09-25 12:39:31,750 [74747a45-069f-47fa-93d6-d0dc14d0049d@group-3EF109C399C1:LeaderElection70] INFO  server.RaftServerConfigKeys (ConfUtils.java:logGet(43)) - raft.server.watch.timeout.denomination = 1s (default)
2019-09-25 12:39:31,750 [74747a45-069f-47fa-93d6-d0dc14d0049d@group-3EF109C399C1:LeaderElection70] INFO  server.RaftServerConfigKeys (ConfUtils.java:logGet(43)) - raft.server.watch.element-limit = 65536 (default)
2019-09-25 12:39:31,751 [74747a45-069f-47fa-93d6-d0dc14d0049d@group-3EF109C399C1:LeaderElection70] INFO  impl.RoleInfo (RoleInfo.java:updateAndGet(143)) - 74747a45-069f-47fa-93d6-d0dc14d0049d: start LeaderState
2019-09-25 12:39:31,752 [74747a45-069f-47fa-93d6-d0dc14d0049d@group-3EF109C399C1:LeaderElection70] INFO  segmented.SegmentedRaftLogWorker (SegmentedRaftLogWorker.java:startLogSegment(380)) - 74747a45-069f-47fa-93d6-d0dc14d0049d@group-3EF109C399C1-SegmentedRaftLogWorker: Starting segment from index:0
2019-09-25 12:39:31,752 [74747a45-069f-47fa-93d6-d0dc14d0049d@group-3EF109C399C1:LeaderElection70] INFO  impl.RaftServerImpl (ServerState.java:setRaftConf(354)) - 74747a45-069f-47fa-93d6-d0dc14d0049d@group-3EF109C399C1: set configuration 0: [74747a45-069f-47fa-93d6-d0dc14d0049d:192.168.151.73:43018], old=null at 0
2019-09-25 12:39:31,787 [74747a45-069f-47fa-93d6-d0dc14d0049d@group-3EF109C399C1-SegmentedRaftLogWorker] INFO  segmented.SegmentedRaftLogWorker (SegmentedRaftLogWorker.java:execute(569)) - 74747a45-069f-47fa-93d6-d0dc14d0049d@group-3EF109C399C1-SegmentedRaftLogWorker: created new log segment /workdir/hadoop-ozone/integration-test/target/test-dir/MiniOzoneClusterImpl-12653923-402e-414c-9497-4da48b930a89/datanode-1/data/ratis/ac49a8b3-649a-4d4d-a866-3ef109c399c1/current/log_inprogress_0
2019-09-25 12:39:31,799 [Thread-1017] INFO  impl.FollowerState (FollowerState.java:run(106)) - 8084e3dc-a4cf-4231-afde-79a41fa6d4d0:group-0E210A556EE8 changes to CANDIDATE, lastRpcTime:5130, electionTimeout:5130ms
2019-09-25 12:39:31,799 [Thread-1017] INFO  impl.RoleInfo (RoleInfo.java:shutdownFollowerState(121)) - 8084e3dc-a4cf-4231-afde-79a41fa6d4d0: shutdown FollowerState
2019-09-25 12:39:31,799 [Thread-1017] INFO  impl.RaftServerImpl (RaftServerImpl.java:setRole(174)) - 8084e3dc-a4cf-4231-afde-79a41fa6d4d0@group-0E210A556EE8: changes role from  FOLLOWER to CANDIDATE at term 0 for changeToCandidate
2019-09-25 12:39:31,799 [Thread-1017] INFO  impl.RoleInfo (RoleInfo.java:updateAndGet(143)) - 8084e3dc-a4cf-4231-afde-79a41fa6d4d0: start LeaderElection
2019-09-25 12:39:31,807 [8084e3dc-a4cf-4231-afde-79a41fa6d4d0@group-0E210A556EE8:LeaderElection71] INFO  impl.LeaderElection (LeaderElection.java:askForVotes(182)) - 8084e3dc-a4cf-4231-afde-79a41fa6d4d0@group-0E210A556EE8:LeaderElection71: begin an election at term 1 for -1: [8084e3dc-a4cf-4231-afde-79a41fa6d4d0:192.168.151.73:41876], old=null
2019-09-25 12:39:31,807 [8084e3dc-a4cf-4231-afde-79a41fa6d4d0@group-0E210A556EE8:LeaderElection71] INFO  impl.RoleInfo (RoleInfo.java:shutdownLeaderElection(134)) - 8084e3dc-a4cf-4231-afde-79a41fa6d4d0: shutdown LeaderElection
2019-09-25 12:39:31,807 [8084e3dc-a4cf-4231-afde-79a41fa6d4d0@group-0E210A556EE8:LeaderElection71] INFO  impl.RaftServerImpl (RaftServerImpl.java:setRole(174)) - 8084e3dc-a4cf-4231-afde-79a41fa6d4d0@group-0E210A556EE8: changes role from CANDIDATE to LEADER at term 1 for changeToLeader
2019-09-25 12:39:31,807 [8084e3dc-a4cf-4231-afde-79a41fa6d4d0@group-0E210A556EE8:LeaderElection71] INFO  impl.RaftServerImpl (ServerState.java:setLeader(253)) - 8084e3dc-a4cf-4231-afde-79a41fa6d4d0@group-0E210A556EE8: change Leader from null to 8084e3dc-a4cf-4231-afde-79a41fa6d4d0 at term 1 for becomeLeader, leader elected after 5143ms
2019-09-25 12:39:31,808 [8084e3dc-a4cf-4231-afde-79a41fa6d4d0@group-0E210A556EE8:LeaderElection71] INFO  server.RaftServerConfigKeys (ConfUtils.java:logGet(43)) - raft.server.staging.catchup.gap = 1000 (default)
2019-09-25 12:39:31,808 [8084e3dc-a4cf-4231-afde-79a41fa6d4d0@group-0E210A556EE8:LeaderElection71] INFO  server.RaftServerConfigKeys (ConfUtils.java:logGet(43)) - raft.server.rpc.sleep.time = 25ms (default)
2019-09-25 12:39:31,808 [8084e3dc-a4cf-4231-afde-79a41fa6d4d0@group-0E210A556EE8:LeaderElection71] INFO  server.RaftServerConfigKeys (ConfUtils.java:logGet(43)) - raft.server.write.element-limit = 4096 (default)
2019-09-25 12:39:31,808 [8084e3dc-a4cf-4231-afde-79a41fa6d4d0@group-0E210A556EE8:LeaderElection71] INFO  server.RaftServerConfigKeys (ConfUtils.java:logGet(43)) - raft.server.watch.timeout = 10s (default)
2019-09-25 12:39:31,808 [8084e3dc-a4cf-4231-afde-79a41fa6d4d0@group-0E210A556EE8:LeaderElection71] INFO  server.RaftServerConfigKeys (ConfUtils.java:logGet(43)) - raft.server.watch.timeout.denomination = 1s (default)
2019-09-25 12:39:31,808 [8084e3dc-a4cf-4231-afde-79a41fa6d4d0@group-0E210A556EE8:LeaderElection71] INFO  server.RaftServerConfigKeys (ConfUtils.java:logGet(43)) - raft.server.watch.element-limit = 65536 (default)
2019-09-25 12:39:31,811 [8084e3dc-a4cf-4231-afde-79a41fa6d4d0@group-0E210A556EE8:LeaderElection71] INFO  impl.RoleInfo (RoleInfo.java:updateAndGet(143)) - 8084e3dc-a4cf-4231-afde-79a41fa6d4d0: start LeaderState
2019-09-25 12:39:31,811 [8084e3dc-a4cf-4231-afde-79a41fa6d4d0@group-0E210A556EE8:LeaderElection71] INFO  segmented.SegmentedRaftLogWorker (SegmentedRaftLogWorker.java:startLogSegment(380)) - 8084e3dc-a4cf-4231-afde-79a41fa6d4d0@group-0E210A556EE8-SegmentedRaftLogWorker: Starting segment from index:0
2019-09-25 12:39:31,811 [Thread-1020] INFO  impl.FollowerState (FollowerState.java:run(106)) - 8084e3dc-a4cf-4231-afde-79a41fa6d4d0:group-774D0974CAF0 changes to CANDIDATE, lastRpcTime:5122, electionTimeout:5122ms
2019-09-25 12:39:31,812 [8084e3dc-a4cf-4231-afde-79a41fa6d4d0@group-0E210A556EE8:LeaderElection71] INFO  impl.RaftServerImpl (ServerState.java:setRaftConf(354)) - 8084e3dc-a4cf-4231-afde-79a41fa6d4d0@group-0E210A556EE8: set configuration 0: [8084e3dc-a4cf-4231-afde-79a41fa6d4d0:192.168.151.73:41876], old=null at 0
2019-09-25 12:39:31,812 [Thread-1020] INFO  impl.RoleInfo (RoleInfo.java:shutdownFollowerState(121)) - 8084e3dc-a4cf-4231-afde-79a41fa6d4d0: shutdown FollowerState
2019-09-25 12:39:31,812 [Thread-1020] INFO  impl.RaftServerImpl (RaftServerImpl.java:setRole(174)) - 8084e3dc-a4cf-4231-afde-79a41fa6d4d0@group-774D0974CAF0: changes role from  FOLLOWER to CANDIDATE at term 0 for changeToCandidate
2019-09-25 12:39:31,812 [Thread-1020] INFO  impl.RoleInfo (RoleInfo.java:updateAndGet(143)) - 8084e3dc-a4cf-4231-afde-79a41fa6d4d0: start LeaderElection
2019-09-25 12:39:31,853 [8084e3dc-a4cf-4231-afde-79a41fa6d4d0@group-0E210A556EE8-SegmentedRaftLogWorker] INFO  segmented.SegmentedRaftLogWorker (SegmentedRaftLogWorker.java:execute(569)) - 8084e3dc-a4cf-4231-afde-79a41fa6d4d0@group-0E210A556EE8-SegmentedRaftLogWorker: created new log segment /workdir/hadoop-ozone/integration-test/target/test-dir/MiniOzoneClusterImpl-12653923-402e-414c-9497-4da48b930a89/datanode-2/data/ratis/f16f0f4b-6020-46b6-979d-0e210a556ee8/current/log_inprogress_0
2019-09-25 12:39:31,853 [8084e3dc-a4cf-4231-afde-79a41fa6d4d0@group-774D0974CAF0:LeaderElection72] INFO  impl.LeaderElection (LeaderElection.java:askForVotes(182)) - 8084e3dc-a4cf-4231-afde-79a41fa6d4d0@group-774D0974CAF0:LeaderElection72: begin an election at term 1 for -1: [8084e3dc-a4cf-4231-afde-79a41fa6d4d0:192.168.151.73:41876], old=null
2019-09-25 12:39:31,853 [8084e3dc-a4cf-4231-afde-79a41fa6d4d0@group-774D0974CAF0:LeaderElection72] INFO  impl.RoleInfo (RoleInfo.java:shutdownLeaderElection(134)) - 8084e3dc-a4cf-4231-afde-79a41fa6d4d0: shutdown LeaderElection
2019-09-25 12:39:31,854 [8084e3dc-a4cf-4231-afde-79a41fa6d4d0@group-774D0974CAF0:LeaderElection72] INFO  impl.RaftServerImpl (RaftServerImpl.java:setRole(174)) - 8084e3dc-a4cf-4231-afde-79a41fa6d4d0@group-774D0974CAF0: changes role from CANDIDATE to LEADER at term 1 for changeToLeader
2019-09-25 12:39:31,854 [8084e3dc-a4cf-4231-afde-79a41fa6d4d0@group-774D0974CAF0:LeaderElection72] INFO  impl.RaftServerImpl (ServerState.java:setLeader(253)) - 8084e3dc-a4cf-4231-afde-79a41fa6d4d0@group-774D0974CAF0: change Leader from null to 8084e3dc-a4cf-4231-afde-79a41fa6d4d0 at term 1 for becomeLeader, leader elected after 5168ms
2019-09-25 12:39:31,854 [8084e3dc-a4cf-4231-afde-79a41fa6d4d0@group-774D0974CAF0:LeaderElection72] INFO  server.RaftServerConfigKeys (ConfUtils.java:logGet(43)) - raft.server.staging.catchup.gap = 1000 (default)
2019-09-25 12:39:31,854 [8084e3dc-a4cf-4231-afde-79a41fa6d4d0@group-774D0974CAF0:LeaderElection72] INFO  server.RaftServerConfigKeys (ConfUtils.java:logGet(43)) - raft.server.rpc.sleep.time = 25ms (default)
2019-09-25 12:39:31,854 [8084e3dc-a4cf-4231-afde-79a41fa6d4d0@group-774D0974CAF0:LeaderElection72] INFO  server.RaftServerConfigKeys (ConfUtils.java:logGet(43)) - raft.server.write.element-limit = 4096 (default)
2019-09-25 12:39:31,855 [8084e3dc-a4cf-4231-afde-79a41fa6d4d0@group-774D0974CAF0:LeaderElection72] INFO  server.RaftServerConfigKeys (ConfUtils.java:logGet(43)) - raft.server.watch.timeout = 10s (default)
2019-09-25 12:39:31,855 [8084e3dc-a4cf-4231-afde-79a41fa6d4d0@group-774D0974CAF0:LeaderElection72] INFO  server.RaftServerConfigKeys (ConfUtils.java:logGet(43)) - raft.server.watch.timeout.denomination = 1s (default)
2019-09-25 12:39:31,855 [8084e3dc-a4cf-4231-afde-79a41fa6d4d0@group-774D0974CAF0:LeaderElection72] INFO  server.RaftServerConfigKeys (ConfUtils.java:logGet(43)) - raft.server.watch.element-limit = 65536 (default)
2019-09-25 12:39:31,857 [8084e3dc-a4cf-4231-afde-79a41fa6d4d0@group-774D0974CAF0:LeaderElection72] INFO  impl.RoleInfo (RoleInfo.java:updateAndGet(143)) - 8084e3dc-a4cf-4231-afde-79a41fa6d4d0: start LeaderState
2019-09-25 12:39:31,857 [8084e3dc-a4cf-4231-afde-79a41fa6d4d0@group-774D0974CAF0:LeaderElection72] INFO  segmented.SegmentedRaftLogWorker (SegmentedRaftLogWorker.java:startLogSegment(380)) - 8084e3dc-a4cf-4231-afde-79a41fa6d4d0@group-774D0974CAF0-SegmentedRaftLogWorker: Starting segment from index:0
2019-09-25 12:39:31,857 [8084e3dc-a4cf-4231-afde-79a41fa6d4d0@group-774D0974CAF0:LeaderElection72] INFO  impl.RaftServerImpl (ServerState.java:setRaftConf(354)) - 8084e3dc-a4cf-4231-afde-79a41fa6d4d0@group-774D0974CAF0: set configuration 0: [8084e3dc-a4cf-4231-afde-79a41fa6d4d0:192.168.151.73:41876], old=null at 0
2019-09-25 12:39:31,902 [8084e3dc-a4cf-4231-afde-79a41fa6d4d0@group-774D0974CAF0-SegmentedRaftLogWorker] INFO  segmented.SegmentedRaftLogWorker (SegmentedRaftLogWorker.java:execute(569)) - 8084e3dc-a4cf-4231-afde-79a41fa6d4d0@group-774D0974CAF0-SegmentedRaftLogWorker: created new log segment /workdir/hadoop-ozone/integration-test/target/test-dir/MiniOzoneClusterImpl-12653923-402e-414c-9497-4da48b930a89/datanode-2/data/ratis/d4970c96-6f10-46ea-94e0-774d0974caf0/current/log_inprogress_0
2019-09-25 12:39:32,077 [main] INFO  ozoneimpl.OzoneContainer (OzoneContainer.java:stop(231)) - Attempting to stop container services.
2019-09-25 12:39:32,077 [ForkJoinPool.commonPool-worker-1] INFO  ozoneimpl.OzoneContainer (OzoneContainer.java:stop(231)) - Attempting to stop container services.
2019-09-25 12:39:32,077 [main] INFO  impl.RaftServerProxy (RaftServerProxy.java:lambda$close$4(314)) - 74747a45-069f-47fa-93d6-d0dc14d0049d: close
2019-09-25 12:39:32,077 [ForkJoinPool.commonPool-worker-1] INFO  impl.RaftServerProxy (RaftServerProxy.java:lambda$close$4(314)) - caca59b4-8b4f-412e-bec0-7379afe8035b: close
2019-09-25 12:39:32,078 [main] INFO  impl.RaftServerImpl (RaftServerImpl.java:lambda$shutdown$3(251)) - 74747a45-069f-47fa-93d6-d0dc14d0049d@group-B6D4B8BB2CF9: shutdown
2019-09-25 12:39:32,078 [ForkJoinPool.commonPool-worker-1] INFO  impl.RaftServerImpl (RaftServerImpl.java:lambda$shutdown$3(251)) - caca59b4-8b4f-412e-bec0-7379afe8035b@group-0365691E0A73: shutdown
2019-09-25 12:39:32,078 [main] INFO  util.JmxRegister (JmxRegister.java:unregister(73)) - Successfully un-registered JMX Bean with object name Ratis:service=RaftServer,group=group-B6D4B8BB2CF9,id=74747a45-069f-47fa-93d6-d0dc14d0049d
2019-09-25 12:39:32,079 [ForkJoinPool.commonPool-worker-1] INFO  util.JmxRegister (JmxRegister.java:unregister(73)) - Successfully un-registered JMX Bean with object name Ratis:service=RaftServer,group=group-0365691E0A73,id=caca59b4-8b4f-412e-bec0-7379afe8035b
2019-09-25 12:39:32,079 [main] INFO  impl.RoleInfo (RoleInfo.java:shutdownLeaderState(104)) - 74747a45-069f-47fa-93d6-d0dc14d0049d: shutdown LeaderState
2019-09-25 12:39:32,079 [ForkJoinPool.commonPool-worker-1] INFO  impl.RoleInfo (RoleInfo.java:shutdownLeaderState(104)) - caca59b4-8b4f-412e-bec0-7379afe8035b: shutdown LeaderState
2019-09-25 12:39:32,080 [main] INFO  impl.PendingRequests (PendingRequests.java:sendNotLeaderResponses(202)) - 74747a45-069f-47fa-93d6-d0dc14d0049d-PendingRequests: sendNotLeaderResponses
2019-09-25 12:39:32,080 [ForkJoinPool.commonPool-worker-1] INFO  impl.PendingRequests (PendingRequests.java:sendNotLeaderResponses(202)) - caca59b4-8b4f-412e-bec0-7379afe8035b-PendingRequests: sendNotLeaderResponses
2019-09-25 12:39:32,080 [main] INFO  impl.StateMachineUpdater (StateMachineUpdater.java:stopAndJoin(125)) - 74747a45-069f-47fa-93d6-d0dc14d0049d@group-B6D4B8BB2CF9-StateMachineUpdater: set stopIndex = 0
2019-09-25 12:39:32,081 [ForkJoinPool.commonPool-worker-1] INFO  impl.StateMachineUpdater (StateMachineUpdater.java:stopAndJoin(125)) - caca59b4-8b4f-412e-bec0-7379afe8035b@group-0365691E0A73-StateMachineUpdater: set stopIndex = 0
2019-09-25 12:39:32,081 [ForkJoinPool.commonPool-worker-1] INFO  impl.RaftServerImpl (ServerState.java:close(385)) - caca59b4-8b4f-412e-bec0-7379afe8035b@group-0365691E0A73: closes. applyIndex: 0
2019-09-25 12:39:32,082 [caca59b4-8b4f-412e-bec0-7379afe8035b@group-0365691E0A73-SegmentedRaftLogWorker] INFO  segmented.SegmentedRaftLogWorker (SegmentedRaftLogWorker.java:run(313)) - caca59b4-8b4f-412e-bec0-7379afe8035b@group-0365691E0A73-SegmentedRaftLogWorker was interrupted, exiting. There are 0 tasks remaining in the queue.
2019-09-25 12:39:32,082 [ForkJoinPool.commonPool-worker-1] INFO  segmented.SegmentedRaftLogWorker (SegmentedRaftLogWorker.java:close(228)) - caca59b4-8b4f-412e-bec0-7379afe8035b@group-0365691E0A73-SegmentedRaftLogWorker close()
2019-09-25 12:39:32,082 [main] INFO  impl.RaftServerImpl (ServerState.java:close(385)) - 74747a45-069f-47fa-93d6-d0dc14d0049d@group-B6D4B8BB2CF9: closes. applyIndex: 0
2019-09-25 12:39:32,084 [ForkJoinPool.commonPool-worker-1] INFO  impl.RaftServerImpl (RaftServerImpl.java:lambda$shutdown$3(251)) - caca59b4-8b4f-412e-bec0-7379afe8035b@group-F84442F58847: shutdown
2019-09-25 12:39:32,084 [74747a45-069f-47fa-93d6-d0dc14d0049d@group-B6D4B8BB2CF9-SegmentedRaftLogWorker] INFO  segmented.SegmentedRaftLogWorker (SegmentedRaftLogWorker.java:run(313)) - 74747a45-069f-47fa-93d6-d0dc14d0049d@group-B6D4B8BB2CF9-SegmentedRaftLogWorker was interrupted, exiting. There are 0 tasks remaining in the queue.
2019-09-25 12:39:32,085 [ForkJoinPool.commonPool-worker-1] INFO  util.JmxRegister (JmxRegister.java:unregister(73)) - Successfully un-registered JMX Bean with object name Ratis:service=RaftServer,group=group-F84442F58847,id=caca59b4-8b4f-412e-bec0-7379afe8035b
2019-09-25 12:39:32,085 [main] INFO  segmented.SegmentedRaftLogWorker (SegmentedRaftLogWorker.java:close(228)) - 74747a45-069f-47fa-93d6-d0dc14d0049d@group-B6D4B8BB2CF9-SegmentedRaftLogWorker close()
2019-09-25 12:39:32,085 [ForkJoinPool.commonPool-worker-1] INFO  impl.RoleInfo (RoleInfo.java:shutdownLeaderState(104)) - caca59b4-8b4f-412e-bec0-7379afe8035b: shutdown LeaderState
2019-09-25 12:39:32,087 [main] INFO  impl.RaftServerImpl (RaftServerImpl.java:lambda$shutdown$3(251)) - 74747a45-069f-47fa-93d6-d0dc14d0049d@group-C4401EC0D27C: shutdown
2019-09-25 12:39:32,087 [ForkJoinPool.commonPool-worker-1] INFO  impl.PendingRequests (PendingRequests.java:sendNotLeaderResponses(202)) - caca59b4-8b4f-412e-bec0-7379afe8035b-PendingRequests: sendNotLeaderResponses
2019-09-25 12:39:32,088 [main] INFO  util.JmxRegister (JmxRegister.java:unregister(73)) - Successfully un-registered JMX Bean with object name Ratis:service=RaftServer,group=group-C4401EC0D27C,id=74747a45-069f-47fa-93d6-d0dc14d0049d
2019-09-25 12:39:32,088 [ForkJoinPool.commonPool-worker-1] INFO  impl.StateMachineUpdater (StateMachineUpdater.java:stopAndJoin(125)) - caca59b4-8b4f-412e-bec0-7379afe8035b@group-F84442F58847-StateMachineUpdater: set stopIndex = 0
2019-09-25 12:39:32,088 [main] INFO  impl.RoleInfo (RoleInfo.java:shutdownLeaderState(104)) - 74747a45-069f-47fa-93d6-d0dc14d0049d: shutdown LeaderState
2019-09-25 12:39:32,089 [ForkJoinPool.commonPool-worker-1] INFO  impl.RaftServerImpl (ServerState.java:close(385)) - caca59b4-8b4f-412e-bec0-7379afe8035b@group-F84442F58847: closes. applyIndex: 0
2019-09-25 12:39:32,089 [main] INFO  impl.PendingRequests (PendingRequests.java:sendNotLeaderResponses(202)) - 74747a45-069f-47fa-93d6-d0dc14d0049d-PendingRequests: sendNotLeaderResponses
2019-09-25 12:39:32,089 [caca59b4-8b4f-412e-bec0-7379afe8035b@group-F84442F58847-SegmentedRaftLogWorker] INFO  segmented.SegmentedRaftLogWorker (SegmentedRaftLogWorker.java:run(313)) - caca59b4-8b4f-412e-bec0-7379afe8035b@group-F84442F58847-SegmentedRaftLogWorker was interrupted, exiting. There are 0 tasks remaining in the queue.
2019-09-25 12:39:32,090 [main] INFO  impl.StateMachineUpdater (StateMachineUpdater.java:stopAndJoin(125)) - 74747a45-069f-47fa-93d6-d0dc14d0049d@group-C4401EC0D27C-StateMachineUpdater: set stopIndex = 0
2019-09-25 12:39:32,090 [ForkJoinPool.commonPool-worker-1] INFO  segmented.SegmentedRaftLogWorker (SegmentedRaftLogWorker.java:close(228)) - caca59b4-8b4f-412e-bec0-7379afe8035b@group-F84442F58847-SegmentedRaftLogWorker close()
2019-09-25 12:39:32,090 [main] INFO  impl.RaftServerImpl (ServerState.java:close(385)) - 74747a45-069f-47fa-93d6-d0dc14d0049d@group-C4401EC0D27C: closes. applyIndex: 0
2019-09-25 12:39:32,092 [ForkJoinPool.commonPool-worker-1] INFO  impl.RaftServerImpl (RaftServerImpl.java:lambda$shutdown$3(251)) - caca59b4-8b4f-412e-bec0-7379afe8035b@group-65E255CF10B4: shutdown
2019-09-25 12:39:32,092 [74747a45-069f-47fa-93d6-d0dc14d0049d@group-C4401EC0D27C-SegmentedRaftLogWorker] INFO  segmented.SegmentedRaftLogWorker (SegmentedRaftLogWorker.java:run(313)) - 74747a45-069f-47fa-93d6-d0dc14d0049d@group-C4401EC0D27C-SegmentedRaftLogWorker was interrupted, exiting. There are 0 tasks remaining in the queue.
2019-09-25 12:39:32,093 [ForkJoinPool.commonPool-worker-1] INFO  util.JmxRegister (JmxRegister.java:unregister(73)) - Successfully un-registered JMX Bean with object name Ratis:service=RaftServer,group=group-65E255CF10B4,id=caca59b4-8b4f-412e-bec0-7379afe8035b
2019-09-25 12:39:32,093 [main] INFO  segmented.SegmentedRaftLogWorker (SegmentedRaftLogWorker.java:close(228)) - 74747a45-069f-47fa-93d6-d0dc14d0049d@group-C4401EC0D27C-SegmentedRaftLogWorker close()
2019-09-25 12:39:32,093 [ForkJoinPool.commonPool-worker-1] INFO  impl.RoleInfo (RoleInfo.java:shutdownLeaderState(104)) - caca59b4-8b4f-412e-bec0-7379afe8035b: shutdown LeaderState
2019-09-25 12:39:32,095 [main] INFO  impl.RaftServerImpl (RaftServerImpl.java:lambda$shutdown$3(251)) - 74747a45-069f-47fa-93d6-d0dc14d0049d@group-3862F770A056: shutdown
2019-09-25 12:39:32,095 [ForkJoinPool.commonPool-worker-1] INFO  impl.PendingRequests (PendingRequests.java:sendNotLeaderResponses(202)) - caca59b4-8b4f-412e-bec0-7379afe8035b-PendingRequests: sendNotLeaderResponses
2019-09-25 12:39:32,096 [main] INFO  util.JmxRegister (JmxRegister.java:unregister(73)) - Successfully un-registered JMX Bean with object name Ratis:service=RaftServer,group=group-3862F770A056,id=74747a45-069f-47fa-93d6-d0dc14d0049d
2019-09-25 12:39:32,096 [ForkJoinPool.commonPool-worker-1] INFO  impl.StateMachineUpdater (StateMachineUpdater.java:stopAndJoin(125)) - caca59b4-8b4f-412e-bec0-7379afe8035b@group-65E255CF10B4-StateMachineUpdater: set stopIndex = 0
2019-09-25 12:39:32,096 [main] INFO  impl.RoleInfo (RoleInfo.java:shutdownLeaderState(104)) - 74747a45-069f-47fa-93d6-d0dc14d0049d: shutdown LeaderState
2019-09-25 12:39:32,097 [ForkJoinPool.commonPool-worker-1] INFO  impl.RaftServerImpl (ServerState.java:close(385)) - caca59b4-8b4f-412e-bec0-7379afe8035b@group-65E255CF10B4: closes. applyIndex: 0
2019-09-25 12:39:32,097 [main] INFO  impl.PendingRequests (PendingRequests.java:sendNotLeaderResponses(202)) - 74747a45-069f-47fa-93d6-d0dc14d0049d-PendingRequests: sendNotLeaderResponses
2019-09-25 12:39:32,097 [caca59b4-8b4f-412e-bec0-7379afe8035b@group-65E255CF10B4-SegmentedRaftLogWorker] INFO  segmented.SegmentedRaftLogWorker (SegmentedRaftLogWorker.java:run(313)) - caca59b4-8b4f-412e-bec0-7379afe8035b@group-65E255CF10B4-SegmentedRaftLogWorker was interrupted, exiting. There are 0 tasks remaining in the queue.
2019-09-25 12:39:32,098 [main] INFO  impl.StateMachineUpdater (StateMachineUpdater.java:stopAndJoin(125)) - 74747a45-069f-47fa-93d6-d0dc14d0049d@group-3862F770A056-StateMachineUpdater: set stopIndex = 0
2019-09-25 12:39:32,098 [ForkJoinPool.commonPool-worker-1] INFO  segmented.SegmentedRaftLogWorker (SegmentedRaftLogWorker.java:close(228)) - caca59b4-8b4f-412e-bec0-7379afe8035b@group-65E255CF10B4-SegmentedRaftLogWorker close()
2019-09-25 12:39:32,098 [main] INFO  impl.RaftServerImpl (ServerState.java:close(385)) - 74747a45-069f-47fa-93d6-d0dc14d0049d@group-3862F770A056: closes. applyIndex: 0
2019-09-25 12:39:32,100 [ForkJoinPool.commonPool-worker-1] INFO  impl.RaftServerImpl (RaftServerImpl.java:lambda$shutdown$3(251)) - caca59b4-8b4f-412e-bec0-7379afe8035b@group-C0ED49C4E0AB: shutdown
2019-09-25 12:39:32,100 [74747a45-069f-47fa-93d6-d0dc14d0049d@group-3862F770A056-SegmentedRaftLogWorker] INFO  segmented.SegmentedRaftLogWorker (SegmentedRaftLogWorker.java:run(313)) - 74747a45-069f-47fa-93d6-d0dc14d0049d@group-3862F770A056-SegmentedRaftLogWorker was interrupted, exiting. There are 0 tasks remaining in the queue.
2019-09-25 12:39:32,100 [ForkJoinPool.commonPool-worker-1] INFO  util.JmxRegister (JmxRegister.java:unregister(73)) - Successfully un-registered JMX Bean with object name Ratis:service=RaftServer,group=group-C0ED49C4E0AB,id=caca59b4-8b4f-412e-bec0-7379afe8035b
2019-09-25 12:39:32,101 [main] INFO  segmented.SegmentedRaftLogWorker (SegmentedRaftLogWorker.java:close(228)) - 74747a45-069f-47fa-93d6-d0dc14d0049d@group-3862F770A056-SegmentedRaftLogWorker close()
2019-09-25 12:39:32,101 [ForkJoinPool.commonPool-worker-1] INFO  impl.RoleInfo (RoleInfo.java:shutdownLeaderState(104)) - caca59b4-8b4f-412e-bec0-7379afe8035b: shutdown LeaderState
2019-09-25 12:39:32,103 [main] INFO  impl.RaftServerImpl (RaftServerImpl.java:lambda$shutdown$3(251)) - 74747a45-069f-47fa-93d6-d0dc14d0049d@group-20E5D835B90B: shutdown
2019-09-25 12:39:32,103 [ForkJoinPool.commonPool-worker-1] INFO  impl.PendingRequests (PendingRequests.java:sendNotLeaderResponses(202)) - caca59b4-8b4f-412e-bec0-7379afe8035b-PendingRequests: sendNotLeaderResponses
2019-09-25 12:39:32,103 [main] INFO  util.JmxRegister (JmxRegister.java:unregister(73)) - Successfully un-registered JMX Bean with object name Ratis:service=RaftServer,group=group-20E5D835B90B,id=74747a45-069f-47fa-93d6-d0dc14d0049d
2019-09-25 12:39:32,104 [ForkJoinPool.commonPool-worker-1] INFO  impl.StateMachineUpdater (StateMachineUpdater.java:stopAndJoin(125)) - caca59b4-8b4f-412e-bec0-7379afe8035b@group-C0ED49C4E0AB-StateMachineUpdater: set stopIndex = 0
2019-09-25 12:39:32,104 [main] INFO  impl.RoleInfo (RoleInfo.java:shutdownLeaderState(104)) - 74747a45-069f-47fa-93d6-d0dc14d0049d: shutdown LeaderState
2019-09-25 12:39:32,104 [ForkJoinPool.commonPool-worker-1] INFO  impl.RaftServerImpl (ServerState.java:close(385)) - caca59b4-8b4f-412e-bec0-7379afe8035b@group-C0ED49C4E0AB: closes. applyIndex: 0
2019-09-25 12:39:32,105 [main] INFO  impl.PendingRequests (PendingRequests.java:sendNotLeaderResponses(202)) - 74747a45-069f-47fa-93d6-d0dc14d0049d-PendingRequests: sendNotLeaderResponses
2019-09-25 12:39:32,105 [caca59b4-8b4f-412e-bec0-7379afe8035b@group-C0ED49C4E0AB-SegmentedRaftLogWorker] INFO  segmented.SegmentedRaftLogWorker (SegmentedRaftLogWorker.java:run(313)) - caca59b4-8b4f-412e-bec0-7379afe8035b@group-C0ED49C4E0AB-SegmentedRaftLogWorker was interrupted, exiting. There are 0 tasks remaining in the queue.
2019-09-25 12:39:32,106 [main] INFO  impl.StateMachineUpdater (StateMachineUpdater.java:stopAndJoin(125)) - 74747a45-069f-47fa-93d6-d0dc14d0049d@group-20E5D835B90B-StateMachineUpdater: set stopIndex = 0
2019-09-25 12:39:32,106 [ForkJoinPool.commonPool-worker-1] INFO  segmented.SegmentedRaftLogWorker (SegmentedRaftLogWorker.java:close(228)) - caca59b4-8b4f-412e-bec0-7379afe8035b@group-C0ED49C4E0AB-SegmentedRaftLogWorker close()
2019-09-25 12:39:32,106 [main] INFO  impl.RaftServerImpl (ServerState.java:close(385)) - 74747a45-069f-47fa-93d6-d0dc14d0049d@group-20E5D835B90B: closes. applyIndex: 0
2019-09-25 12:39:32,108 [ForkJoinPool.commonPool-worker-1] INFO  impl.RaftServerImpl (RaftServerImpl.java:lambda$shutdown$3(251)) - caca59b4-8b4f-412e-bec0-7379afe8035b@group-486EC5717406: shutdown
2019-09-25 12:39:32,108 [74747a45-069f-47fa-93d6-d0dc14d0049d@group-20E5D835B90B-SegmentedRaftLogWorker] INFO  segmented.SegmentedRaftLogWorker (SegmentedRaftLogWorker.java:run(313)) - 74747a45-069f-47fa-93d6-d0dc14d0049d@group-20E5D835B90B-SegmentedRaftLogWorker was interrupted, exiting. There are 0 tasks remaining in the queue.
2019-09-25 12:39:32,108 [ForkJoinPool.commonPool-worker-1] INFO  util.JmxRegister (JmxRegister.java:unregister(73)) - Successfully un-registered JMX Bean with object name Ratis:service=RaftServer,group=group-486EC5717406,id=caca59b4-8b4f-412e-bec0-7379afe8035b
2019-09-25 12:39:32,109 [main] INFO  segmented.SegmentedRaftLogWorker (SegmentedRaftLogWorker.java:close(228)) - 74747a45-069f-47fa-93d6-d0dc14d0049d@group-20E5D835B90B-SegmentedRaftLogWorker close()
2019-09-25 12:39:32,109 [ForkJoinPool.commonPool-worker-1] INFO  impl.RoleInfo (RoleInfo.java:shutdownLeaderState(104)) - caca59b4-8b4f-412e-bec0-7379afe8035b: shutdown LeaderState
2019-09-25 12:39:32,111 [main] INFO  impl.RaftServerImpl (RaftServerImpl.java:lambda$shutdown$3(251)) - 74747a45-069f-47fa-93d6-d0dc14d0049d@group-3EF109C399C1: shutdown
2019-09-25 12:39:32,111 [ForkJoinPool.commonPool-worker-1] INFO  impl.PendingRequests (PendingRequests.java:sendNotLeaderResponses(202)) - caca59b4-8b4f-412e-bec0-7379afe8035b-PendingRequests: sendNotLeaderResponses
2019-09-25 12:39:32,111 [main] INFO  util.JmxRegister (JmxRegister.java:unregister(73)) - Successfully un-registered JMX Bean with object name Ratis:service=RaftServer,group=group-3EF109C399C1,id=74747a45-069f-47fa-93d6-d0dc14d0049d
2019-09-25 12:39:32,112 [ForkJoinPool.commonPool-worker-1] INFO  impl.StateMachineUpdater (StateMachineUpdater.java:stopAndJoin(125)) - caca59b4-8b4f-412e-bec0-7379afe8035b@group-486EC5717406-StateMachineUpdater: set stopIndex = 0
2019-09-25 12:39:32,112 [main] INFO  impl.RoleInfo (RoleInfo.java:shutdownLeaderState(104)) - 74747a45-069f-47fa-93d6-d0dc14d0049d: shutdown LeaderState
2019-09-25 12:39:32,112 [ForkJoinPool.commonPool-worker-1] INFO  impl.RaftServerImpl (ServerState.java:close(385)) - caca59b4-8b4f-412e-bec0-7379afe8035b@group-486EC5717406: closes. applyIndex: 0
2019-09-25 12:39:32,113 [main] INFO  impl.PendingRequests (PendingRequests.java:sendNotLeaderResponses(202)) - 74747a45-069f-47fa-93d6-d0dc14d0049d-PendingRequests: sendNotLeaderResponses
2019-09-25 12:39:32,113 [caca59b4-8b4f-412e-bec0-7379afe8035b@group-486EC5717406-SegmentedRaftLogWorker] INFO  segmented.SegmentedRaftLogWorker (SegmentedRaftLogWorker.java:run(313)) - caca59b4-8b4f-412e-bec0-7379afe8035b@group-486EC5717406-SegmentedRaftLogWorker was interrupted, exiting. There are 0 tasks remaining in the queue.
2019-09-25 12:39:32,113 [main] INFO  impl.StateMachineUpdater (StateMachineUpdater.java:stopAndJoin(125)) - 74747a45-069f-47fa-93d6-d0dc14d0049d@group-3EF109C399C1-StateMachineUpdater: set stopIndex = 0
2019-09-25 12:39:32,113 [ForkJoinPool.commonPool-worker-1] INFO  segmented.SegmentedRaftLogWorker (SegmentedRaftLogWorker.java:close(228)) - caca59b4-8b4f-412e-bec0-7379afe8035b@group-486EC5717406-SegmentedRaftLogWorker close()
2019-09-25 12:39:32,114 [main] INFO  impl.RaftServerImpl (ServerState.java:close(385)) - 74747a45-069f-47fa-93d6-d0dc14d0049d@group-3EF109C399C1: closes. applyIndex: 0
2019-09-25 12:39:32,115 [ForkJoinPool.commonPool-worker-1] INFO  impl.RaftServerImpl (RaftServerImpl.java:lambda$shutdown$3(251)) - caca59b4-8b4f-412e-bec0-7379afe8035b@group-075E15A1F913: shutdown
2019-09-25 12:39:32,116 [74747a45-069f-47fa-93d6-d0dc14d0049d@group-3EF109C399C1-SegmentedRaftLogWorker] INFO  segmented.SegmentedRaftLogWorker (SegmentedRaftLogWorker.java:run(313)) - 74747a45-069f-47fa-93d6-d0dc14d0049d@group-3EF109C399C1-SegmentedRaftLogWorker was interrupted, exiting. There are 0 tasks remaining in the queue.
2019-09-25 12:39:32,116 [ForkJoinPool.commonPool-worker-1] INFO  util.JmxRegister (JmxRegister.java:unregister(73)) - Successfully un-registered JMX Bean with object name Ratis:service=RaftServer,group=group-075E15A1F913,id=caca59b4-8b4f-412e-bec0-7379afe8035b
2019-09-25 12:39:32,116 [main] INFO  segmented.SegmentedRaftLogWorker (SegmentedRaftLogWorker.java:close(228)) - 74747a45-069f-47fa-93d6-d0dc14d0049d@group-3EF109C399C1-SegmentedRaftLogWorker close()
2019-09-25 12:39:32,116 [ForkJoinPool.commonPool-worker-1] INFO  impl.RoleInfo (RoleInfo.java:shutdownLeaderState(104)) - caca59b4-8b4f-412e-bec0-7379afe8035b: shutdown LeaderState
2019-09-25 12:39:32,118 [main] INFO  impl.RaftServerImpl (RaftServerImpl.java:lambda$shutdown$3(251)) - 74747a45-069f-47fa-93d6-d0dc14d0049d@group-E7FAF32B24C6: shutdown
2019-09-25 12:39:32,119 [ForkJoinPool.commonPool-worker-1] INFO  impl.PendingRequests (PendingRequests.java:sendNotLeaderResponses(202)) - caca59b4-8b4f-412e-bec0-7379afe8035b-PendingRequests: sendNotLeaderResponses
2019-09-25 12:39:32,119 [main] INFO  util.JmxRegister (JmxRegister.java:unregister(73)) - Successfully un-registered JMX Bean with object name Ratis:service=RaftServer,group=group-E7FAF32B24C6,id=74747a45-069f-47fa-93d6-d0dc14d0049d
2019-09-25 12:39:32,119 [main] INFO  impl.RoleInfo (RoleInfo.java:shutdownLeaderState(104)) - 74747a45-069f-47fa-93d6-d0dc14d0049d: shutdown LeaderState
2019-09-25 12:39:32,119 [ForkJoinPool.commonPool-worker-1] INFO  impl.StateMachineUpdater (StateMachineUpdater.java:stopAndJoin(125)) - caca59b4-8b4f-412e-bec0-7379afe8035b@group-075E15A1F913-StateMachineUpdater: set stopIndex = 0
2019-09-25 12:39:32,120 [main] INFO  impl.PendingRequests (PendingRequests.java:sendNotLeaderResponses(202)) - 74747a45-069f-47fa-93d6-d0dc14d0049d-PendingRequests: sendNotLeaderResponses
2019-09-25 12:39:32,120 [ForkJoinPool.commonPool-worker-1] INFO  impl.RaftServerImpl (ServerState.java:close(385)) - caca59b4-8b4f-412e-bec0-7379afe8035b@group-075E15A1F913: closes. applyIndex: 0
2019-09-25 12:39:32,121 [main] INFO  impl.StateMachineUpdater (StateMachineUpdater.java:stopAndJoin(125)) - 74747a45-069f-47fa-93d6-d0dc14d0049d@group-E7FAF32B24C6-StateMachineUpdater: set stopIndex = 0
2019-09-25 12:39:32,121 [caca59b4-8b4f-412e-bec0-7379afe8035b@group-075E15A1F913-SegmentedRaftLogWorker] INFO  segmented.SegmentedRaftLogWorker (SegmentedRaftLogWorker.java:run(313)) - caca59b4-8b4f-412e-bec0-7379afe8035b@group-075E15A1F913-SegmentedRaftLogWorker was interrupted, exiting. There are 0 tasks remaining in the queue.
2019-09-25 12:39:32,121 [main] INFO  impl.RaftServerImpl (ServerState.java:close(385)) - 74747a45-069f-47fa-93d6-d0dc14d0049d@group-E7FAF32B24C6: closes. applyIndex: 0
2019-09-25 12:39:32,121 [ForkJoinPool.commonPool-worker-1] INFO  segmented.SegmentedRaftLogWorker (SegmentedRaftLogWorker.java:close(228)) - caca59b4-8b4f-412e-bec0-7379afe8035b@group-075E15A1F913-SegmentedRaftLogWorker close()
2019-09-25 12:39:32,122 [74747a45-069f-47fa-93d6-d0dc14d0049d@group-E7FAF32B24C6-SegmentedRaftLogWorker] INFO  segmented.SegmentedRaftLogWorker (SegmentedRaftLogWorker.java:run(313)) - 74747a45-069f-47fa-93d6-d0dc14d0049d@group-E7FAF32B24C6-SegmentedRaftLogWorker was interrupted, exiting. There are 0 tasks remaining in the queue.
2019-09-25 12:39:32,124 [ForkJoinPool.commonPool-worker-1] INFO  server.GrpcService (GrpcService.java:closeImpl(164)) - caca59b4-8b4f-412e-bec0-7379afe8035b: shutdown server with port 45500 now
2019-09-25 12:39:32,124 [main] INFO  segmented.SegmentedRaftLogWorker (SegmentedRaftLogWorker.java:close(228)) - 74747a45-069f-47fa-93d6-d0dc14d0049d@group-E7FAF32B24C6-SegmentedRaftLogWorker close()
2019-09-25 12:39:32,126 [ForkJoinPool.commonPool-worker-1] INFO  server.GrpcService (GrpcService.java:closeImpl(172)) - caca59b4-8b4f-412e-bec0-7379afe8035b: shutdown server with port 45500 successfully
2019-09-25 12:39:32,127 [main] INFO  server.GrpcService (GrpcService.java:closeImpl(164)) - 74747a45-069f-47fa-93d6-d0dc14d0049d: shutdown server with port 43018 now
2019-09-25 12:39:32,130 [main] INFO  server.GrpcService (GrpcService.java:closeImpl(172)) - 74747a45-069f-47fa-93d6-d0dc14d0049d: shutdown server with port 43018 successfully
2019-09-25 12:39:32,131 [refreshUsed-/workdir/hadoop-ozone/integration-test/target/test-dir/MiniOzoneClusterImpl-12653923-402e-414c-9497-4da48b930a89/datanode-0/data/containers] WARN  fs.CachingGetSpaceUsed (CachingGetSpaceUsed.java:run(183)) - Thread Interrupted waiting to refresh disk information: sleep interrupted
2019-09-25 12:39:32,136 [refreshUsed-/workdir/hadoop-ozone/integration-test/target/test-dir/MiniOzoneClusterImpl-12653923-402e-414c-9497-4da48b930a89/datanode-1/data/containers] WARN  fs.CachingGetSpaceUsed (CachingGetSpaceUsed.java:run(183)) - Thread Interrupted waiting to refresh disk information: sleep interrupted
2019-09-25 12:39:32,147 [main] INFO  utils.BackgroundService (BackgroundService.java:shutdown(148)) - Shutting down service BlockDeletingService
2019-09-25 12:39:32,151 [main] INFO  statemachine.DatanodeStateMachine (DatanodeStateMachine.java:stopDaemon(395)) - Ozone container server stopped.
2019-09-25 12:39:32,152 [main] INFO  handler.ContextHandler (ContextHandler.java:doStop(910)) - Stopped o.e.j.w.WebAppContext@62d1dc3c{/,null,UNAVAILABLE}{/hddsDatanode}
2019-09-25 12:39:32,152 [main] INFO  server.AbstractConnector (AbstractConnector.java:doStop(318)) - Stopped ServerConnector@3811510{HTTP/1.1,[http/1.1]}{0.0.0.0:0}
2019-09-25 12:39:32,153 [main] INFO  handler.ContextHandler (ContextHandler.java:doStop(910)) - Stopped o.e.j.s.ServletContextHandler@101a461c{/static,jar:file:/home/user/.m2/repository/org/apache/hadoop/hadoop-hdds-container-service/0.5.0-SNAPSHOT/hadoop-hdds-container-service-0.5.0-SNAPSHOT.jar!/webapps/static,UNAVAILABLE}
2019-09-25 12:39:32,153 [main] INFO  handler.ContextHandler (ContextHandler.java:doStop(910)) - Stopped o.e.j.s.ServletContextHandler@f5ce0bb{/logs,file:///workdir/hadoop-ozone/integration-test/target/log,UNAVAILABLE}
2019-09-25 12:39:32,156 [ForkJoinPool.commonPool-worker-1] INFO  utils.BackgroundService (BackgroundService.java:shutdown(148)) - Shutting down service BlockDeletingService
2019-09-25 12:39:32,160 [ForkJoinPool.commonPool-worker-1] INFO  statemachine.DatanodeStateMachine (DatanodeStateMachine.java:stopDaemon(395)) - Ozone container server stopped.
2019-09-25 12:39:32,163 [ForkJoinPool.commonPool-worker-1] INFO  handler.ContextHandler (ContextHandler.java:doStop(910)) - Stopped o.e.j.w.WebAppContext@5a49af50{/,null,UNAVAILABLE}{/hddsDatanode}
2019-09-25 12:39:32,164 [ForkJoinPool.commonPool-worker-1] INFO  server.AbstractConnector (AbstractConnector.java:doStop(318)) - Stopped ServerConnector@3b1dc579{HTTP/1.1,[http/1.1]}{0.0.0.0:0}
2019-09-25 12:39:32,165 [ForkJoinPool.commonPool-worker-1] INFO  handler.ContextHandler (ContextHandler.java:doStop(910)) - Stopped o.e.j.s.ServletContextHandler@1e60b459{/static,jar:file:/home/user/.m2/repository/org/apache/hadoop/hadoop-hdds-container-service/0.5.0-SNAPSHOT/hadoop-hdds-container-service-0.5.0-SNAPSHOT.jar!/webapps/static,UNAVAILABLE}
2019-09-25 12:39:32,166 [ForkJoinPool.commonPool-worker-1] INFO  handler.ContextHandler (ContextHandler.java:doStop(910)) - Stopped o.e.j.s.ServletContextHandler@47311277{/logs,file:///workdir/hadoop-ozone/integration-test/target/log,UNAVAILABLE}
2019-09-25 12:39:33,042 [Datanode State Machine Thread - 0] INFO  statemachine.DatanodeStateMachine (DatanodeStateMachine.java:lambda$startDaemon$0(350)) - Ozone container server started.
2019-09-25 12:39:37,154 [main] INFO  ozoneimpl.OzoneContainer (OzoneContainer.java:stop(231)) - Attempting to stop container services.
2019-09-25 12:39:37,155 [main] INFO  impl.RaftServerProxy (RaftServerProxy.java:lambda$close$4(314)) - 8084e3dc-a4cf-4231-afde-79a41fa6d4d0: close
2019-09-25 12:39:37,156 [main] INFO  impl.RaftServerImpl (RaftServerImpl.java:lambda$shutdown$3(251)) - 8084e3dc-a4cf-4231-afde-79a41fa6d4d0@group-E5D5EBD449BE: shutdown
2019-09-25 12:39:37,156 [ForkJoinPool.commonPool-worker-0] INFO  impl.RaftServerImpl (RaftServerImpl.java:lambda$shutdown$3(251)) - 8084e3dc-a4cf-4231-afde-79a41fa6d4d0@group-3B13FE6622E6: shutdown
2019-09-25 12:39:37,156 [main] INFO  util.JmxRegister (JmxRegister.java:unregister(73)) - Successfully un-registered JMX Bean with object name Ratis:service=RaftServer,group=group-E5D5EBD449BE,id=8084e3dc-a4cf-4231-afde-79a41fa6d4d0
2019-09-25 12:39:37,157 [ForkJoinPool.commonPool-worker-0] INFO  util.JmxRegister (JmxRegister.java:unregister(73)) - Successfully un-registered JMX Bean with object name Ratis:service=RaftServer,group=group-3B13FE6622E6,id=8084e3dc-a4cf-4231-afde-79a41fa6d4d0
2019-09-25 12:39:37,157 [main] INFO  impl.RoleInfo (RoleInfo.java:shutdownLeaderState(104)) - 8084e3dc-a4cf-4231-afde-79a41fa6d4d0: shutdown LeaderState
2019-09-25 12:39:37,157 [ForkJoinPool.commonPool-worker-0] INFO  impl.RoleInfo (RoleInfo.java:shutdownLeaderState(104)) - 8084e3dc-a4cf-4231-afde-79a41fa6d4d0: shutdown LeaderState
2019-09-25 12:39:37,158 [main] INFO  impl.PendingRequests (PendingRequests.java:sendNotLeaderResponses(202)) - 8084e3dc-a4cf-4231-afde-79a41fa6d4d0-PendingRequests: sendNotLeaderResponses
2019-09-25 12:39:37,158 [ForkJoinPool.commonPool-worker-0] INFO  impl.PendingRequests (PendingRequests.java:sendNotLeaderResponses(202)) - 8084e3dc-a4cf-4231-afde-79a41fa6d4d0-PendingRequests: sendNotLeaderResponses
2019-09-25 12:39:37,158 [main] INFO  impl.StateMachineUpdater (StateMachineUpdater.java:stopAndJoin(125)) - 8084e3dc-a4cf-4231-afde-79a41fa6d4d0@group-E5D5EBD449BE-StateMachineUpdater: set stopIndex = 0
2019-09-25 12:39:37,159 [ForkJoinPool.commonPool-worker-0] INFO  impl.StateMachineUpdater (StateMachineUpdater.java:stopAndJoin(125)) - 8084e3dc-a4cf-4231-afde-79a41fa6d4d0@group-3B13FE6622E6-StateMachineUpdater: set stopIndex = 0
2019-09-25 12:39:37,159 [main] INFO  impl.RaftServerImpl (ServerState.java:close(385)) - 8084e3dc-a4cf-4231-afde-79a41fa6d4d0@group-E5D5EBD449BE: closes. applyIndex: 0
2019-09-25 12:39:37,159 [ForkJoinPool.commonPool-worker-0] INFO  impl.RaftServerImpl (ServerState.java:close(385)) - 8084e3dc-a4cf-4231-afde-79a41fa6d4d0@group-3B13FE6622E6: closes. applyIndex: 0
2019-09-25 12:39:37,160 [8084e3dc-a4cf-4231-afde-79a41fa6d4d0@group-E5D5EBD449BE-SegmentedRaftLogWorker] INFO  segmented.SegmentedRaftLogWorker (SegmentedRaftLogWorker.java:run(313)) - 8084e3dc-a4cf-4231-afde-79a41fa6d4d0@group-E5D5EBD449BE-SegmentedRaftLogWorker was interrupted, exiting. There are 0 tasks remaining in the queue.
2019-09-25 12:39:37,160 [8084e3dc-a4cf-4231-afde-79a41fa6d4d0@group-3B13FE6622E6-SegmentedRaftLogWorker] INFO  segmented.SegmentedRaftLogWorker (SegmentedRaftLogWorker.java:run(313)) - 8084e3dc-a4cf-4231-afde-79a41fa6d4d0@group-3B13FE6622E6-SegmentedRaftLogWorker was interrupted, exiting. There are 0 tasks remaining in the queue.
2019-09-25 12:39:37,160 [main] INFO  segmented.SegmentedRaftLogWorker (SegmentedRaftLogWorker.java:close(228)) - 8084e3dc-a4cf-4231-afde-79a41fa6d4d0@group-E5D5EBD449BE-SegmentedRaftLogWorker close()
2019-09-25 12:39:37,160 [ForkJoinPool.commonPool-worker-0] INFO  segmented.SegmentedRaftLogWorker (SegmentedRaftLogWorker.java:close(228)) - 8084e3dc-a4cf-4231-afde-79a41fa6d4d0@group-3B13FE6622E6-SegmentedRaftLogWorker close()
2019-09-25 12:39:37,162 [main] INFO  impl.RaftServerImpl (RaftServerImpl.java:lambda$shutdown$3(251)) - 8084e3dc-a4cf-4231-afde-79a41fa6d4d0@group-E3986B9614E4: shutdown
2019-09-25 12:39:37,163 [ForkJoinPool.commonPool-worker-0] INFO  impl.RaftServerImpl (RaftServerImpl.java:lambda$shutdown$3(251)) - 8084e3dc-a4cf-4231-afde-79a41fa6d4d0@group-7E8A33F1B50E: shutdown
2019-09-25 12:39:37,164 [main] INFO  util.JmxRegister (JmxRegister.java:unregister(73)) - Successfully un-registered JMX Bean with object name Ratis:service=RaftServer,group=group-E3986B9614E4,id=8084e3dc-a4cf-4231-afde-79a41fa6d4d0
2019-09-25 12:39:37,164 [ForkJoinPool.commonPool-worker-0] INFO  util.JmxRegister (JmxRegister.java:unregister(73)) - Successfully un-registered JMX Bean with object name Ratis:service=RaftServer,group=group-7E8A33F1B50E,id=8084e3dc-a4cf-4231-afde-79a41fa6d4d0
2019-09-25 12:39:37,164 [main] INFO  impl.RoleInfo (RoleInfo.java:shutdownLeaderState(104)) - 8084e3dc-a4cf-4231-afde-79a41fa6d4d0: shutdown LeaderState
2019-09-25 12:39:37,164 [ForkJoinPool.commonPool-worker-0] INFO  impl.RoleInfo (RoleInfo.java:shutdownLeaderState(104)) - 8084e3dc-a4cf-4231-afde-79a41fa6d4d0: shutdown LeaderState
2019-09-25 12:39:37,165 [main] INFO  impl.PendingRequests (PendingRequests.java:sendNotLeaderResponses(202)) - 8084e3dc-a4cf-4231-afde-79a41fa6d4d0-PendingRequests: sendNotLeaderResponses
2019-09-25 12:39:37,165 [ForkJoinPool.commonPool-worker-0] INFO  impl.PendingRequests (PendingRequests.java:sendNotLeaderResponses(202)) - 8084e3dc-a4cf-4231-afde-79a41fa6d4d0-PendingRequests: sendNotLeaderResponses
2019-09-25 12:39:37,165 [main] INFO  impl.StateMachineUpdater (StateMachineUpdater.java:stopAndJoin(125)) - 8084e3dc-a4cf-4231-afde-79a41fa6d4d0@group-E3986B9614E4-StateMachineUpdater: set stopIndex = 0
2019-09-25 12:39:37,166 [main] INFO  impl.RaftServerImpl (ServerState.java:close(385)) - 8084e3dc-a4cf-4231-afde-79a41fa6d4d0@group-E3986B9614E4: closes. applyIndex: 0
2019-09-25 12:39:37,166 [ForkJoinPool.commonPool-worker-0] INFO  impl.StateMachineUpdater (StateMachineUpdater.java:stopAndJoin(125)) - 8084e3dc-a4cf-4231-afde-79a41fa6d4d0@group-7E8A33F1B50E-StateMachineUpdater: set stopIndex = 0
2019-09-25 12:39:37,167 [8084e3dc-a4cf-4231-afde-79a41fa6d4d0@group-E3986B9614E4-SegmentedRaftLogWorker] INFO  segmented.SegmentedRaftLogWorker (SegmentedRaftLogWorker.java:run(313)) - 8084e3dc-a4cf-4231-afde-79a41fa6d4d0@group-E3986B9614E4-SegmentedRaftLogWorker was interrupted, exiting. There are 0 tasks remaining in the queue.
2019-09-25 12:39:37,167 [ForkJoinPool.commonPool-worker-0] INFO  impl.RaftServerImpl (ServerState.java:close(385)) - 8084e3dc-a4cf-4231-afde-79a41fa6d4d0@group-7E8A33F1B50E: closes. applyIndex: 0
2019-09-25 12:39:37,167 [main] INFO  segmented.SegmentedRaftLogWorker (SegmentedRaftLogWorker.java:close(228)) - 8084e3dc-a4cf-4231-afde-79a41fa6d4d0@group-E3986B9614E4-SegmentedRaftLogWorker close()
2019-09-25 12:39:37,167 [8084e3dc-a4cf-4231-afde-79a41fa6d4d0@group-7E8A33F1B50E-SegmentedRaftLogWorker] INFO  segmented.SegmentedRaftLogWorker (SegmentedRaftLogWorker.java:run(313)) - 8084e3dc-a4cf-4231-afde-79a41fa6d4d0@group-7E8A33F1B50E-SegmentedRaftLogWorker was interrupted, exiting. There are 0 tasks remaining in the queue.
2019-09-25 12:39:37,169 [main] INFO  impl.RaftServerImpl (RaftServerImpl.java:lambda$shutdown$3(251)) - 8084e3dc-a4cf-4231-afde-79a41fa6d4d0@group-774D0974CAF0: shutdown
2019-09-25 12:39:37,169 [ForkJoinPool.commonPool-worker-0] INFO  segmented.SegmentedRaftLogWorker (SegmentedRaftLogWorker.java:close(228)) - 8084e3dc-a4cf-4231-afde-79a41fa6d4d0@group-7E8A33F1B50E-SegmentedRaftLogWorker close()
2019-09-25 12:39:37,169 [main] INFO  util.JmxRegister (JmxRegister.java:unregister(73)) - Successfully un-registered JMX Bean with object name Ratis:service=RaftServer,group=group-774D0974CAF0,id=8084e3dc-a4cf-4231-afde-79a41fa6d4d0
2019-09-25 12:39:37,171 [main] INFO  impl.RoleInfo (RoleInfo.java:shutdownLeaderState(104)) - 8084e3dc-a4cf-4231-afde-79a41fa6d4d0: shutdown LeaderState
2019-09-25 12:39:37,171 [main] INFO  impl.PendingRequests (PendingRequests.java:sendNotLeaderResponses(202)) - 8084e3dc-a4cf-4231-afde-79a41fa6d4d0-PendingRequests: sendNotLeaderResponses
2019-09-25 12:39:37,172 [main] INFO  impl.StateMachineUpdater (StateMachineUpdater.java:stopAndJoin(125)) - 8084e3dc-a4cf-4231-afde-79a41fa6d4d0@group-774D0974CAF0-StateMachineUpdater: set stopIndex = 0
2019-09-25 12:39:37,172 [main] INFO  impl.RaftServerImpl (ServerState.java:close(385)) - 8084e3dc-a4cf-4231-afde-79a41fa6d4d0@group-774D0974CAF0: closes. applyIndex: 0
2019-09-25 12:39:37,173 [8084e3dc-a4cf-4231-afde-79a41fa6d4d0@group-774D0974CAF0-SegmentedRaftLogWorker] INFO  segmented.SegmentedRaftLogWorker (SegmentedRaftLogWorker.java:run(313)) - 8084e3dc-a4cf-4231-afde-79a41fa6d4d0@group-774D0974CAF0-SegmentedRaftLogWorker was interrupted, exiting. There are 0 tasks remaining in the queue.
2019-09-25 12:39:37,173 [main] INFO  segmented.SegmentedRaftLogWorker (SegmentedRaftLogWorker.java:close(228)) - 8084e3dc-a4cf-4231-afde-79a41fa6d4d0@group-774D0974CAF0-SegmentedRaftLogWorker close()
2019-09-25 12:39:37,174 [main] INFO  impl.RaftServerImpl (RaftServerImpl.java:lambda$shutdown$3(251)) - 8084e3dc-a4cf-4231-afde-79a41fa6d4d0@group-0E210A556EE8: shutdown
2019-09-25 12:39:37,175 [main] INFO  util.JmxRegister (JmxRegister.java:unregister(73)) - Successfully un-registered JMX Bean with object name Ratis:service=RaftServer,group=group-0E210A556EE8,id=8084e3dc-a4cf-4231-afde-79a41fa6d4d0
2019-09-25 12:39:37,175 [main] INFO  impl.RoleInfo (RoleInfo.java:shutdownLeaderState(104)) - 8084e3dc-a4cf-4231-afde-79a41fa6d4d0: shutdown LeaderState
2019-09-25 12:39:37,176 [main] INFO  impl.PendingRequests (PendingRequests.java:sendNotLeaderResponses(202)) - 8084e3dc-a4cf-4231-afde-79a41fa6d4d0-PendingRequests: sendNotLeaderResponses
2019-09-25 12:39:37,176 [main] INFO  impl.StateMachineUpdater (StateMachineUpdater.java:stopAndJoin(125)) - 8084e3dc-a4cf-4231-afde-79a41fa6d4d0@group-0E210A556EE8-StateMachineUpdater: set stopIndex = 0
2019-09-25 12:39:37,177 [main] INFO  impl.RaftServerImpl (ServerState.java:close(385)) - 8084e3dc-a4cf-4231-afde-79a41fa6d4d0@group-0E210A556EE8: closes. applyIndex: 0
2019-09-25 12:39:37,177 [8084e3dc-a4cf-4231-afde-79a41fa6d4d0@group-0E210A556EE8-SegmentedRaftLogWorker] INFO  segmented.SegmentedRaftLogWorker (SegmentedRaftLogWorker.java:run(313)) - 8084e3dc-a4cf-4231-afde-79a41fa6d4d0@group-0E210A556EE8-SegmentedRaftLogWorker was interrupted, exiting. There are 0 tasks remaining in the queue.
2019-09-25 12:39:37,177 [main] INFO  segmented.SegmentedRaftLogWorker (SegmentedRaftLogWorker.java:close(228)) - 8084e3dc-a4cf-4231-afde-79a41fa6d4d0@group-0E210A556EE8-SegmentedRaftLogWorker close()
2019-09-25 12:39:37,179 [main] INFO  server.GrpcService (GrpcService.java:closeImpl(164)) - 8084e3dc-a4cf-4231-afde-79a41fa6d4d0: shutdown server with port 41876 now
2019-09-25 12:39:37,181 [main] INFO  server.GrpcService (GrpcService.java:closeImpl(172)) - 8084e3dc-a4cf-4231-afde-79a41fa6d4d0: shutdown server with port 41876 successfully
2019-09-25 12:39:37,183 [refreshUsed-/workdir/hadoop-ozone/integration-test/target/test-dir/MiniOzoneClusterImpl-12653923-402e-414c-9497-4da48b930a89/datanode-2/data/containers] WARN  fs.CachingGetSpaceUsed (CachingGetSpaceUsed.java:run(183)) - Thread Interrupted waiting to refresh disk information: sleep interrupted
2019-09-25 12:39:37,199 [main] INFO  utils.BackgroundService (BackgroundService.java:shutdown(148)) - Shutting down service BlockDeletingService
2019-09-25 12:39:37,202 [main] INFO  statemachine.DatanodeStateMachine (DatanodeStateMachine.java:stopDaemon(395)) - Ozone container server stopped.
2019-09-25 12:39:37,203 [main] INFO  handler.ContextHandler (ContextHandler.java:doStop(910)) - Stopped o.e.j.w.WebAppContext@79aee22a{/,null,UNAVAILABLE}{/hddsDatanode}
2019-09-25 12:39:37,204 [main] INFO  server.AbstractConnector (AbstractConnector.java:doStop(318)) - Stopped ServerConnector@36920bd6{HTTP/1.1,[http/1.1]}{0.0.0.0:0}
2019-09-25 12:39:37,204 [main] INFO  handler.ContextHandler (ContextHandler.java:doStop(910)) - Stopped o.e.j.s.ServletContextHandler@3664f108{/static,jar:file:/home/user/.m2/repository/org/apache/hadoop/hadoop-hdds-container-service/0.5.0-SNAPSHOT/hadoop-hdds-container-service-0.5.0-SNAPSHOT.jar!/webapps/static,UNAVAILABLE}
2019-09-25 12:39:37,205 [main] INFO  handler.ContextHandler (ContextHandler.java:doStop(910)) - Stopped o.e.j.s.ServletContextHandler@350ec690{/logs,file:///workdir/hadoop-ozone/integration-test/target/log,UNAVAILABLE}
2019-09-25 12:39:37,206 [main] INFO  ozone.MiniOzoneClusterImpl (MiniOzoneClusterImpl.java:stopSCM(392)) - Stopping the StorageContainerManager
2019-09-25 12:39:37,206 [main] INFO  server.StorageContainerManager (StorageContainerManager.java:stop(808)) - Stopping Replication Manager Service.
2019-09-25 12:39:37,206 [main] INFO  container.ReplicationManager (ReplicationManager.java:stop(204)) - Stopping Replication Monitor Thread.
2019-09-25 12:39:37,206 [main] INFO  server.StorageContainerManager (StorageContainerManager.java:stop(815)) - Stopping Lease Manager of the command watchers
2019-09-25 12:39:37,206 [main] INFO  server.StorageContainerManager (StorageContainerManager.java:stop(822)) - Stopping datanode service RPC server
2019-09-25 12:39:37,206 [main] INFO  server.SCMDatanodeProtocolServer (SCMDatanodeProtocolServer.java:stop(367)) - Stopping the RPC server for DataNodes
2019-09-25 12:39:37,207 [main] INFO  ipc.Server (Server.java:stop(3082)) - Stopping server on 39336
2019-09-25 12:39:37,209 [IPC Server listener on 39336] INFO  ipc.Server (Server.java:run(1185)) - Stopping IPC Server listener on 39336
2019-09-25 12:39:37,209 [IPC Server Responder] INFO  ipc.Server (Server.java:run(1319)) - Stopping IPC Server Responder
2019-09-25 12:39:37,252 [SCM Heartbeat Processing Thread - 0] WARN  node.NodeStateManager (NodeStateManager.java:scheduleNextHealthCheck(655)) - Current Thread is interrupted, shutting down HB processing thread for Node Manager.
2019-09-25 12:39:37,252 [main] INFO  server.StorageContainerManager (StorageContainerManager.java:stop(830)) - Stopping block service RPC server
2019-09-25 12:39:37,252 [main] INFO  server.SCMBlockProtocolServer (SCMBlockProtocolServer.java:stop(155)) - Stopping the RPC server for Block Protocol
2019-09-25 12:39:37,252 [main] INFO  ipc.Server (Server.java:stop(3082)) - Stopping server on 46063
2019-09-25 12:39:37,254 [main] INFO  server.StorageContainerManager (StorageContainerManager.java:stop(837)) - Stopping the StorageContainerLocationProtocol RPC server
2019-09-25 12:39:37,254 [IPC Server listener on 46063] INFO  ipc.Server (Server.java:run(1185)) - Stopping IPC Server listener on 46063
2019-09-25 12:39:37,255 [main] INFO  server.SCMClientProtocolServer (SCMClientProtocolServer.java:stop(159)) - Stopping the RPC server for Client Protocol
2019-09-25 12:39:37,255 [IPC Server Responder] INFO  ipc.Server (Server.java:run(1319)) - Stopping IPC Server Responder
2019-09-25 12:39:37,256 [main] INFO  ipc.Server (Server.java:stop(3082)) - Stopping server on 33807
2019-09-25 12:39:37,259 [IPC Server listener on 33807] INFO  ipc.Server (Server.java:run(1185)) - Stopping IPC Server listener on 33807
2019-09-25 12:39:37,259 [main] INFO  server.StorageContainerManager (StorageContainerManager.java:stop(844)) - Stopping Storage Container Manager HTTP server.
2019-09-25 12:39:37,259 [IPC Server Responder] INFO  ipc.Server (Server.java:run(1319)) - Stopping IPC Server Responder
2019-09-25 12:39:37,260 [main] INFO  handler.ContextHandler (ContextHandler.java:doStop(910)) - Stopped o.e.j.w.WebAppContext@97a145b{/,null,UNAVAILABLE}{/scm}
2019-09-25 12:39:37,261 [main] INFO  server.AbstractConnector (AbstractConnector.java:doStop(318)) - Stopped ServerConnector@c386958{HTTP/1.1,[http/1.1]}{0.0.0.0:0}
2019-09-25 12:39:37,262 [main] INFO  handler.ContextHandler (ContextHandler.java:doStop(910)) - Stopped o.e.j.s.ServletContextHandler@41ad373{/static,file:///workdir/hadoop-ozone/integration-test/target/test-classes/webapps/static,UNAVAILABLE}
2019-09-25 12:39:37,262 [main] INFO  handler.ContextHandler (ContextHandler.java:doStop(910)) - Stopped o.e.j.s.ServletContextHandler@66933239{/logs,file:///workdir/hadoop-ozone/integration-test/target/log,UNAVAILABLE}
2019-09-25 12:39:37,263 [main] INFO  server.StorageContainerManager (StorageContainerManager.java:stop(855)) - Stopping Block Manager Service.
2019-09-25 12:39:37,263 [main] INFO  utils.BackgroundService (BackgroundService.java:shutdown(148)) - Shutting down service SCMBlockDeletingService
2019-09-25 12:39:37,264 [main] INFO  utils.BackgroundService (BackgroundService.java:shutdown(148)) - Shutting down service SCMBlockDeletingService
2019-09-25 12:39:37,264 [main] INFO  server.StorageContainerManager (StorageContainerManager.java:stop(877)) - Stopping SCM Event Queue.
2019-09-25 12:39:37,267 [main] INFO  impl.MetricsSystemImpl (MetricsSystemImpl.java:stop(210)) - Stopping HddsDatanode metrics system...
2019-09-25 12:39:37,274 [main] INFO  impl.MetricsSystemImpl (MetricsSystemImpl.java:stop(216)) - HddsDatanode metrics system stopped.
]]></system-out>
  </testcase>
</testsuite>