<?xml version="1.0" encoding="UTF-8"?>
<testsuite xmlns:xsi="http://www.w3.org/2001/XMLSchema-instance" xsi:noNamespaceSchemaLocation="https://maven.apache.org/surefire/maven-surefire-plugin/xsd/surefire-test-report.xsd" name="org.apache.hadoop.ozone.client.rpc.TestOzoneClientRetriesOnException" time="63.278" tests="2" errors="2" skipped="0" failures="0">
  <properties>
    <property name="awt.toolkit" value="sun.awt.X11.XToolkit"/>
    <property name="file.encoding.pkg" value="sun.io"/>
    <property name="java.specification.version" value="1.8"/>
    <property name="sun.cpu.isalist" value=""/>
    <property name="sun.jnu.encoding" value="UTF-8"/>
    <property name="java.class.path" value="/workdir/hadoop-ozone/integration-test/target/test-classes:/workdir/hadoop-ozone/integration-test/target/classes:/home/user/.m2/repository/org/apache/hadoop/hadoop-ozone-common/0.5.0-SNAPSHOT/hadoop-ozone-common-0.5.0-SNAPSHOT.jar:/home/user/.m2/repository/org/apache/commons/commons-compress/1.4.1/commons-compress-1.4.1.jar:/home/user/.m2/repository/org/tukaani/xz/1.0/xz-1.0.jar:/home/user/.m2/repository/org/apache/hadoop/hadoop-common/3.2.0/hadoop-common-3.2.0.jar:/home/user/.m2/repository/org/apache/hadoop/hadoop-hdfs/3.2.0/hadoop-hdfs-3.2.0.jar:/home/user/.m2/repository/org/apache/hadoop/hadoop-hdfs-client/3.2.0/hadoop-hdfs-client-3.2.0.jar:/home/user/.m2/repository/com/fasterxml/jackson/core/jackson-annotations/2.9.9/jackson-annotations-2.9.9.jar:/home/user/.m2/repository/org/apache/hadoop/hadoop-hdds-common/0.5.0-SNAPSHOT/hadoop-hdds-common-0.5.0-SNAPSHOT.jar:/home/user/.m2/repository/javax/annotation/javax.annotation-api/1.2/javax.annotation-api-1.2.jar:/home/user/.m2/repository/org/apache/ratis/ratis-server/0.4.0/ratis-server-0.4.0.jar:/home/user/.m2/repository/org/apache/ratis/ratis-thirdparty-misc/0.2.0/ratis-thirdparty-misc-0.2.0.jar:/home/user/.m2/repository/org/apache/ratis/ratis-proto/0.4.0/ratis-proto-0.4.0.jar:/home/user/.m2/repository/org/apache/ratis/ratis-common/0.4.0/ratis-common-0.4.0.jar:/home/user/.m2/repository/org/apache/ratis/ratis-client/0.4.0/ratis-client-0.4.0.jar:/home/user/.m2/repository/org/apache/ratis/ratis-metrics/0.4.0/ratis-metrics-0.4.0.jar:/home/user/.m2/repository/com/github/joshelser/dropwizard-metrics-hadoop-metrics2-reporter/0.1.2/dropwizard-metrics-hadoop-metrics2-reporter-0.1.2.jar:/home/user/.m2/repository/io/dropwizard/metrics/metrics-jvm/3.2.5/metrics-jvm-3.2.5.jar:/home/user/.m2/repository/io/dropwizard/metrics/metrics-ganglia/3.2.5/metrics-ganglia-3.2.5.jar:/home/user/.m2/repository/info/ganglia/gmetric4j/gmetric4j/1.0.7/gmetric4j-1.0.7.jar:/home/user/.m2/repository/org/apache/ratis/ratis-netty/0.4.0/ratis-netty-0.4.0.jar:/home/user/.m2/repository/org/apache/ratis/ratis-grpc/0.4.0/ratis-grpc-0.4.0.jar:/home/user/.m2/repository/org/rocksdb/rocksdbjni/6.0.1/rocksdbjni-6.0.1.jar:/home/user/.m2/repository/org/apache/logging/log4j/log4j-api/2.11.0/log4j-api-2.11.0.jar:/home/user/.m2/repository/org/apache/logging/log4j/log4j-core/2.11.0/log4j-core-2.11.0.jar:/home/user/.m2/repository/com/lmax/disruptor/3.4.2/disruptor-3.4.2.jar:/home/user/.m2/repository/org/apache/commons/commons-pool2/2.6.0/commons-pool2-2.6.0.jar:/home/user/.m2/repository/org/bouncycastle/bcpkix-jdk15on/1.60/bcpkix-jdk15on-1.60.jar:/home/user/.m2/repository/commons-validator/commons-validator/1.6/commons-validator-1.6.jar:/home/user/.m2/repository/commons-digester/commons-digester/1.8.1/commons-digester-1.8.1.jar:/home/user/.m2/repository/io/jaegertracing/jaeger-client/0.34.0/jaeger-client-0.34.0.jar:/home/user/.m2/repository/io/jaegertracing/jaeger-thrift/0.34.0/jaeger-thrift-0.34.0.jar:/home/user/.m2/repository/org/apache/thrift/libthrift/0.12.0/libthrift-0.12.0.jar:/home/user/.m2/repository/com/squareup/okhttp3/okhttp/3.9.0/okhttp-3.9.0.jar:/home/user/.m2/repository/com/squareup/okio/okio/1.13.0/okio-1.13.0.jar:/home/user/.m2/repository/io/jaegertracing/jaeger-core/0.34.0/jaeger-core-0.34.0.jar:/home/user/.m2/repository/io/jaegertracing/jaeger-tracerresolver/0.34.0/jaeger-tracerresolver-0.34.0.jar:/home/user/.m2/repository/io/opentracing/contrib/opentracing-tracerresolver/0.1.5/opentracing-tracerresolver-0.1.5.jar:/home/user/.m2/repository/io/opentracing/opentracing-util/0.31.0/opentracing-util-0.31.0.jar:/home/user/.m2/repository/io/opentracing/opentracing-api/0.31.0/opentracing-api-0.31.0.jar:/home/user/.m2/repository/io/opentracing/opentracing-noop/0.31.0/opentracing-noop-0.31.0.jar:/home/user/.m2/repository/org/apache/hadoop/hadoop-hdds-server-framework/0.5.0-SNAPSHOT/hadoop-hdds-server-framework-0.5.0-SNAPSHOT.jar:/home/user/.m2/repository/org/apache/hadoop/hadoop-hdds-container-service/0.5.0-SNAPSHOT/hadoop-hdds-container-service-0.5.0-SNAPSHOT.jar:/home/user/.m2/repository/org/apache/hadoop/hadoop-hdds-client/0.5.0-SNAPSHOT/hadoop-hdds-client-0.5.0-SNAPSHOT.jar:/home/user/.m2/repository/org/apache/hadoop/hadoop-hdds-tools/0.5.0-SNAPSHOT/hadoop-hdds-tools-0.5.0-SNAPSHOT.jar:/home/user/.m2/repository/org/apache/hadoop/hadoop-hdds-server-scm/0.5.0-SNAPSHOT/hadoop-hdds-server-scm-0.5.0-SNAPSHOT.jar:/home/user/.m2/repository/org/apache/hadoop/hadoop-hdds-docs/0.5.0-SNAPSHOT/hadoop-hdds-docs-0.5.0-SNAPSHOT.jar:/home/user/.m2/repository/io/dropwizard/metrics/metrics-core/3.2.4/metrics-core-3.2.4.jar:/home/user/.m2/repository/org/hamcrest/hamcrest-all/1.3/hamcrest-all-1.3.jar:/home/user/.m2/repository/org/bouncycastle/bcprov-jdk15on/1.60/bcprov-jdk15on-1.60.jar:/home/user/.m2/repository/info/picocli/picocli/3.9.6/picocli-3.9.6.jar:/home/user/.m2/repository/com/google/protobuf/protobuf-java/2.5.0/protobuf-java-2.5.0.jar:/home/user/.m2/repository/com/google/guava/guava/11.0.2/guava-11.0.2.jar:/home/user/.m2/repository/org/apache/hadoop/hadoop-ozone-ozone-manager/0.5.0-SNAPSHOT/hadoop-ozone-ozone-manager-0.5.0-SNAPSHOT.jar:/home/user/.m2/repository/org/apache/hadoop/hadoop-minikdc/3.2.0/hadoop-minikdc-3.2.0.jar:/home/user/.m2/repository/commons-io/commons-io/2.5/commons-io-2.5.jar:/home/user/.m2/repository/org/apache/kerby/kerb-simplekdc/1.0.1/kerb-simplekdc-1.0.1.jar:/home/user/.m2/repository/org/apache/kerby/kerb-client/1.0.1/kerb-client-1.0.1.jar:/home/user/.m2/repository/org/apache/kerby/kerby-config/1.0.1/kerby-config-1.0.1.jar:/home/user/.m2/repository/org/apache/kerby/kerb-core/1.0.1/kerb-core-1.0.1.jar:/home/user/.m2/repository/org/apache/kerby/kerby-pkix/1.0.1/kerby-pkix-1.0.1.jar:/home/user/.m2/repository/org/apache/kerby/kerby-asn1/1.0.1/kerby-asn1-1.0.1.jar:/home/user/.m2/repository/org/apache/kerby/kerby-util/1.0.1/kerby-util-1.0.1.jar:/home/user/.m2/repository/org/apache/kerby/kerb-common/1.0.1/kerb-common-1.0.1.jar:/home/user/.m2/repository/org/apache/kerby/kerb-crypto/1.0.1/kerb-crypto-1.0.1.jar:/home/user/.m2/repository/org/apache/kerby/kerb-util/1.0.1/kerb-util-1.0.1.jar:/home/user/.m2/repository/org/apache/kerby/token-provider/1.0.1/token-provider-1.0.1.jar:/home/user/.m2/repository/org/apache/kerby/kerb-admin/1.0.1/kerb-admin-1.0.1.jar:/home/user/.m2/repository/org/apache/kerby/kerb-server/1.0.1/kerb-server-1.0.1.jar:/home/user/.m2/repository/org/apache/kerby/kerb-identity/1.0.1/kerb-identity-1.0.1.jar:/home/user/.m2/repository/org/apache/kerby/kerby-xdr/1.0.1/kerby-xdr-1.0.1.jar:/home/user/.m2/repository/org/slf4j/slf4j-log4j12/1.7.25/slf4j-log4j12-1.7.25.jar:/home/user/.m2/repository/org/apache/hadoop/hadoop-ozone-s3gateway/0.5.0-SNAPSHOT/hadoop-ozone-s3gateway-0.5.0-SNAPSHOT.jar:/home/user/.m2/repository/org/jboss/weld/servlet/weld-servlet/2.4.7.Final/weld-servlet-2.4.7.Final.jar:/home/user/.m2/repository/org/glassfish/jersey/containers/jersey-container-servlet-core/2.27/jersey-container-servlet-core-2.27.jar:/home/user/.m2/repository/org/glassfish/hk2/external/javax.inject/2.5.0-b42/javax.inject-2.5.0-b42.jar:/home/user/.m2/repository/org/glassfish/jersey/core/jersey-common/2.27/jersey-common-2.27.jar:/home/user/.m2/repository/org/glassfish/hk2/osgi-resource-locator/1.0.1/osgi-resource-locator-1.0.1.jar:/home/user/.m2/repository/javax/ws/rs/javax.ws.rs-api/2.1/javax.ws.rs-api-2.1.jar:/home/user/.m2/repository/org/glassfish/jersey/ext/cdi/jersey-cdi1x/2.27/jersey-cdi1x-2.27.jar:/home/user/.m2/repository/org/glassfish/jersey/inject/jersey-hk2/2.27/jersey-hk2-2.27.jar:/home/user/.m2/repository/org/glassfish/hk2/hk2-locator/2.5.0-b42/hk2-locator-2.5.0-b42.jar:/home/user/.m2/repository/org/javassist/javassist/3.22.0-CR2/javassist-3.22.0-CR2.jar:/home/user/.m2/repository/org/glassfish/hk2/hk2-api/2.5.0/hk2-api-2.5.0.jar:/home/user/.m2/repository/org/glassfish/hk2/external/jakarta.inject/2.5.0/jakarta.inject-2.5.0.jar:/home/user/.m2/repository/org/glassfish/hk2/hk2-utils/2.5.0/hk2-utils-2.5.0.jar:/home/user/.m2/repository/jakarta/annotation/jakarta.annotation-api/1.3.4/jakarta.annotation-api-1.3.4.jar:/home/user/.m2/repository/org/glassfish/hk2/external/aopalliance-repackaged/2.5.0/aopalliance-repackaged-2.5.0.jar:/home/user/.m2/repository/com/fasterxml/jackson/dataformat/jackson-dataformat-xml/2.9.0/jackson-dataformat-xml-2.9.0.jar:/home/user/.m2/repository/com/fasterxml/jackson/core/jackson-core/2.9.9/jackson-core-2.9.9.jar:/home/user/.m2/repository/com/fasterxml/jackson/module/jackson-module-jaxb-annotations/2.9.9/jackson-module-jaxb-annotations-2.9.9.jar:/home/user/.m2/repository/javax/enterprise/cdi-api/1.2/cdi-api-1.2.jar:/home/user/.m2/repository/javax/el/javax.el-api/3.0.0/javax.el-api-3.0.0.jar:/home/user/.m2/repository/javax/interceptor/javax.interceptor-api/1.2/javax.interceptor-api-1.2.jar:/home/user/.m2/repository/javax/inject/javax.inject/1/javax.inject-1.jar:/home/user/.m2/repository/com/sun/xml/bind/jaxb-impl/2.3.0.1/jaxb-impl-2.3.0.1.jar:/home/user/.m2/repository/com/sun/xml/bind/jaxb-core/2.3.0.1/jaxb-core-2.3.0.1.jar:/home/user/.m2/repository/javax/xml/bind/jaxb-api/2.3.0/jaxb-api-2.3.0.jar:/home/user/.m2/repository/javax/activation/activation/1.1.1/activation-1.1.1.jar:/home/user/.m2/repository/org/apache/hadoop/hadoop-ozone-csi/0.5.0-SNAPSHOT/hadoop-ozone-csi-0.5.0-SNAPSHOT.jar:/home/user/.m2/repository/com/google/protobuf/protobuf-java-util/3.5.1/protobuf-java-util-3.5.1.jar:/home/user/.m2/repository/org/apache/hadoop/hadoop-hdds-config/0.5.0-SNAPSHOT/hadoop-hdds-config-0.5.0-SNAPSHOT.jar:/home/user/.m2/repository/io/grpc/grpc-netty/1.17.1/grpc-netty-1.17.1.jar:/home/user/.m2/repository/io/grpc/grpc-core/1.17.1/grpc-core-1.17.1.jar:/home/user/.m2/repository/io/grpc/grpc-context/1.17.1/grpc-context-1.17.1.jar:/home/user/.m2/repository/com/google/errorprone/error_prone_annotations/2.2.0/error_prone_annotations-2.2.0.jar:/home/user/.m2/repository/org/codehaus/mojo/animal-sniffer-annotations/1.17/animal-sniffer-annotations-1.17.jar:/home/user/.m2/repository/io/opencensus/opencensus-api/0.17.0/opencensus-api-0.17.0.jar:/home/user/.m2/repository/io/opencensus/opencensus-contrib-grpc-metrics/0.17.0/opencensus-contrib-grpc-metrics-0.17.0.jar:/home/user/.m2/repository/io/netty/netty-codec-http2/4.1.30.Final/netty-codec-http2-4.1.30.Final.jar:/home/user/.m2/repository/io/netty/netty-codec-http/4.1.30.Final/netty-codec-http-4.1.30.Final.jar:/home/user/.m2/repository/io/netty/netty-codec/4.1.30.Final/netty-codec-4.1.30.Final.jar:/home/user/.m2/repository/io/netty/netty-handler/4.1.30.Final/netty-handler-4.1.30.Final.jar:/home/user/.m2/repository/io/netty/netty-handler-proxy/4.1.30.Final/netty-handler-proxy-4.1.30.Final.jar:/home/user/.m2/repository/io/netty/netty-codec-socks/4.1.30.Final/netty-codec-socks-4.1.30.Final.jar:/home/user/.m2/repository/io/netty/netty-transport-native-epoll/4.1.30.Final/netty-transport-native-epoll-4.1.30.Final.jar:/home/user/.m2/repository/io/netty/netty-common/4.1.30.Final/netty-common-4.1.30.Final.jar:/home/user/.m2/repository/io/netty/netty-buffer/4.1.30.Final/netty-buffer-4.1.30.Final.jar:/home/user/.m2/repository/io/netty/netty-transport/4.1.30.Final/netty-transport-4.1.30.Final.jar:/home/user/.m2/repository/io/netty/netty-resolver/4.1.30.Final/netty-resolver-4.1.30.Final.jar:/home/user/.m2/repository/io/netty/netty-transport-native-unix-common/4.1.30.Final/netty-transport-native-unix-common-4.1.30.Final.jar:/home/user/.m2/repository/io/grpc/grpc-protobuf/1.17.1/grpc-protobuf-1.17.1.jar:/home/user/.m2/repository/com/google/api/grpc/proto-google-common-protos/1.0.0/proto-google-common-protos-1.0.0.jar:/home/user/.m2/repository/io/grpc/grpc-protobuf-lite/1.17.1/grpc-protobuf-lite-1.17.1.jar:/home/user/.m2/repository/io/grpc/grpc-stub/1.17.1/grpc-stub-1.17.1.jar:/home/user/.m2/repository/org/apache/hadoop/hadoop-ozone-recon/0.5.0-SNAPSHOT/hadoop-ozone-recon-0.5.0-SNAPSHOT.jar:/home/user/.m2/repository/org/apache/hadoop/hadoop-ozone-reconcodegen/0.5.0-SNAPSHOT/hadoop-ozone-reconcodegen-0.5.0-SNAPSHOT.jar:/home/user/.m2/repository/com/google/inject/extensions/guice-multibindings/4.0/guice-multibindings-4.0.jar:/home/user/.m2/repository/com/google/inject/guice/4.0/guice-4.0.jar:/home/user/.m2/repository/aopalliance/aopalliance/1.0/aopalliance-1.0.jar:/home/user/.m2/repository/com/google/inject/extensions/guice-servlet/4.0/guice-servlet-4.0.jar:/home/user/.m2/repository/org/glassfish/jersey/containers/jersey-container-servlet/2.27/jersey-container-servlet-2.27.jar:/home/user/.m2/repository/org/glassfish/hk2/guice-bridge/2.5.0/guice-bridge-2.5.0.jar:/home/user/.m2/repository/org/glassfish/jersey/core/jersey-server/2.27/jersey-server-2.27.jar:/home/user/.m2/repository/org/glassfish/jersey/core/jersey-client/2.27/jersey-client-2.27.jar:/home/user/.m2/repository/org/glassfish/jersey/media/jersey-media-jaxb/2.27/jersey-media-jaxb-2.27.jar:/home/user/.m2/repository/javax/validation/validation-api/1.1.0.Final/validation-api-1.1.0.Final.jar:/home/user/.m2/repository/org/glassfish/jersey/media/jersey-media-json-jackson/2.27/jersey-media-json-jackson-2.27.jar:/home/user/.m2/repository/org/glassfish/jersey/ext/jersey-entity-filtering/2.27/jersey-entity-filtering-2.27.jar:/home/user/.m2/repository/com/google/inject/extensions/guice-assistedinject/4.0/guice-assistedinject-4.0.jar:/home/user/.m2/repository/org/jooq/jooq/3.11.10/jooq-3.11.10.jar:/home/user/.m2/repository/org/jooq/jooq-meta/3.11.10/jooq-meta-3.11.10.jar:/home/user/.m2/repository/org/jooq/jooq-codegen/3.11.10/jooq-codegen-3.11.10.jar:/home/user/.m2/repository/com/jolbox/bonecp/0.8.0.RELEASE/bonecp-0.8.0.RELEASE.jar:/home/user/.m2/repository/org/xerial/sqlite-jdbc/3.25.2/sqlite-jdbc-3.25.2.jar:/home/user/.m2/repository/org/springframework/spring-jdbc/5.1.3.RELEASE/spring-jdbc-5.1.3.RELEASE.jar:/home/user/.m2/repository/org/springframework/spring-beans/5.1.3.RELEASE/spring-beans-5.1.3.RELEASE.jar:/home/user/.m2/repository/org/springframework/spring-core/5.1.3.RELEASE/spring-core-5.1.3.RELEASE.jar:/home/user/.m2/repository/org/springframework/spring-jcl/5.1.3.RELEASE/spring-jcl-5.1.3.RELEASE.jar:/home/user/.m2/repository/org/springframework/spring-tx/5.1.3.RELEASE/spring-tx-5.1.3.RELEASE.jar:/home/user/.m2/repository/org/apache/hadoop/hadoop-ozone-client/0.5.0-SNAPSHOT/hadoop-ozone-client-0.5.0-SNAPSHOT.jar:/home/user/.m2/repository/commons-lang/commons-lang/2.6/commons-lang-2.6.jar:/home/user/.m2/repository/org/apache/hadoop/hadoop-ozone-ozone-manager/0.5.0-SNAPSHOT/hadoop-ozone-ozone-manager-0.5.0-SNAPSHOT-tests.jar:/home/user/.m2/repository/junit/junit/4.11/junit-4.11.jar:/home/user/.m2/repository/org/hamcrest/hamcrest-core/1.3/hamcrest-core-1.3.jar:/home/user/.m2/repository/org/openjdk/jmh/jmh-core/1.19/jmh-core-1.19.jar:/home/user/.m2/repository/net/sf/jopt-simple/jopt-simple/4.6/jopt-simple-4.6.jar:/home/user/.m2/repository/org/apache/commons/commons-math3/3.1.1/commons-math3-3.1.1.jar:/home/user/.m2/repository/org/openjdk/jmh/jmh-generator-annprocess/1.19/jmh-generator-annprocess-1.19.jar:/home/user/.m2/repository/org/mockito/mockito-all/1.8.5/mockito-all-1.8.5.jar:/home/user/.m2/repository/org/apache/hadoop/hadoop-kms/3.2.0/hadoop-kms-3.2.0.jar:/home/user/.m2/repository/org/apache/hadoop/hadoop-auth/3.2.0/hadoop-auth-3.2.0.jar:/home/user/.m2/repository/com/nimbusds/nimbus-jose-jwt/4.41.1/nimbus-jose-jwt-4.41.1.jar:/home/user/.m2/repository/com/github/stephenc/jcip/jcip-annotations/1.0-1/jcip-annotations-1.0-1.jar:/home/user/.m2/repository/net/minidev/json-smart/2.3/json-smart-2.3.jar:/home/user/.m2/repository/net/minidev/accessors-smart/1.2/accessors-smart-1.2.jar:/home/user/.m2/repository/org/ow2/asm/asm/5.0.4/asm-5.0.4.jar:/home/user/.m2/repository/org/apache/curator/curator-framework/2.12.0/curator-framework-2.12.0.jar:/home/user/.m2/repository/com/sun/jersey/jersey-core/1.19/jersey-core-1.19.jar:/home/user/.m2/repository/javax/ws/rs/jsr311-api/1.1.1/jsr311-api-1.1.1.jar:/home/user/.m2/repository/com/sun/jersey/jersey-server/1.19/jersey-server-1.19.jar:/home/user/.m2/repository/javax/servlet/javax.servlet-api/3.1.0/javax.servlet-api-3.1.0.jar:/home/user/.m2/repository/org/eclipse/jetty/jetty-server/9.3.25.v20180904/jetty-server-9.3.25.v20180904.jar:/home/user/.m2/repository/org/eclipse/jetty/jetty-http/9.3.25.v20180904/jetty-http-9.3.25.v20180904.jar:/home/user/.m2/repository/org/eclipse/jetty/jetty-io/9.3.25.v20180904/jetty-io-9.3.25.v20180904.jar:/home/user/.m2/repository/org/eclipse/jetty/jetty-webapp/9.3.25.v20180904/jetty-webapp-9.3.25.v20180904.jar:/home/user/.m2/repository/org/eclipse/jetty/jetty-xml/9.3.25.v20180904/jetty-xml-9.3.25.v20180904.jar:/home/user/.m2/repository/log4j/log4j/1.2.17/log4j-1.2.17.jar:/home/user/.m2/repository/org/slf4j/slf4j-api/1.7.25/slf4j-api-1.7.25.jar:/home/user/.m2/repository/org/slf4j/jul-to-slf4j/1.7.25/jul-to-slf4j-1.7.25.jar:/home/user/.m2/repository/org/eclipse/jetty/jetty-util/9.3.25.v20180904/jetty-util-9.3.25.v20180904.jar:/home/user/.m2/repository/com/fasterxml/jackson/core/jackson-databind/2.9.9/jackson-databind-2.9.9.jar:/home/user/.m2/repository/org/apache/hadoop/hadoop-kms/3.2.0/hadoop-kms-3.2.0-tests.jar:/home/user/.m2/repository/org/apache/hadoop/hadoop-hdds-server-scm/0.5.0-SNAPSHOT/hadoop-hdds-server-scm-0.5.0-SNAPSHOT-tests.jar:/home/user/.m2/repository/org/apache/hadoop/hadoop-hdds-container-service/0.5.0-SNAPSHOT/hadoop-hdds-container-service-0.5.0-SNAPSHOT-tests.jar:/home/user/.m2/repository/org/yaml/snakeyaml/1.16/snakeyaml-1.16.jar:/home/user/.m2/repository/org/apache/hadoop/hadoop-common/3.2.0/hadoop-common-3.2.0-tests.jar:/home/user/.m2/repository/org/apache/hadoop/hadoop-annotations/3.2.0/hadoop-annotations-3.2.0.jar:/usr/lib/jvm/java-1.8-openjdk/jre/../lib/tools.jar:/home/user/.m2/repository/commons-cli/commons-cli/1.2/commons-cli-1.2.jar:/home/user/.m2/repository/org/apache/httpcomponents/httpclient/4.5.2/httpclient-4.5.2.jar:/home/user/.m2/repository/org/apache/httpcomponents/httpcore/4.4.4/httpcore-4.4.4.jar:/home/user/.m2/repository/commons-codec/commons-codec/1.11/commons-codec-1.11.jar:/home/user/.m2/repository/commons-net/commons-net/3.6/commons-net-3.6.jar:/home/user/.m2/repository/commons-collections/commons-collections/3.2.2/commons-collections-3.2.2.jar:/home/user/.m2/repository/org/eclipse/jetty/jetty-servlet/9.3.25.v20180904/jetty-servlet-9.3.25.v20180904.jar:/home/user/.m2/repository/org/eclipse/jetty/jetty-security/9.3.25.v20180904/jetty-security-9.3.25.v20180904.jar:/home/user/.m2/repository/javax/servlet/jsp/jsp-api/2.1/jsp-api-2.1.jar:/home/user/.m2/repository/com/sun/jersey/jersey-servlet/1.19/jersey-servlet-1.19.jar:/home/user/.m2/repository/com/sun/jersey/jersey-json/1.19/jersey-json-1.19.jar:/home/user/.m2/repository/org/codehaus/jettison/jettison/1.1/jettison-1.1.jar:/home/user/.m2/repository/org/codehaus/jackson/jackson-core-asl/1.9.13/jackson-core-asl-1.9.13.jar:/home/user/.m2/repository/org/codehaus/jackson/jackson-mapper-asl/1.9.13/jackson-mapper-asl-1.9.13.jar:/home/user/.m2/repository/org/codehaus/jackson/jackson-jaxrs/1.9.13/jackson-jaxrs-1.9.13.jar:/home/user/.m2/repository/org/codehaus/jackson/jackson-xc/1.9.13/jackson-xc-1.9.13.jar:/home/user/.m2/repository/commons-logging/commons-logging/1.1.3/commons-logging-1.1.3.jar:/home/user/.m2/repository/commons-beanutils/commons-beanutils/1.9.4/commons-beanutils-1.9.4.jar:/home/user/.m2/repository/org/apache/commons/commons-configuration2/2.1.1/commons-configuration2-2.1.1.jar:/home/user/.m2/repository/org/apache/commons/commons-lang3/3.7/commons-lang3-3.7.jar:/home/user/.m2/repository/org/apache/commons/commons-text/1.4/commons-text-1.4.jar:/home/user/.m2/repository/org/apache/avro/avro/1.7.7/avro-1.7.7.jar:/home/user/.m2/repository/com/thoughtworks/paranamer/paranamer/2.3/paranamer-2.3.jar:/home/user/.m2/repository/org/xerial/snappy/snappy-java/1.0.5/snappy-java-1.0.5.jar:/home/user/.m2/repository/com/google/re2j/re2j/1.1/re2j-1.1.jar:/home/user/.m2/repository/com/google/code/gson/gson/2.2.4/gson-2.2.4.jar:/home/user/.m2/repository/com/jcraft/jsch/0.1.54/jsch-0.1.54.jar:/home/user/.m2/repository/org/apache/curator/curator-client/2.12.0/curator-client-2.12.0.jar:/home/user/.m2/repository/org/apache/curator/curator-recipes/2.12.0/curator-recipes-2.12.0.jar:/home/user/.m2/repository/com/google/code/findbugs/jsr305/3.0.0/jsr305-3.0.0.jar:/home/user/.m2/repository/org/apache/htrace/htrace-core4/4.1.0-incubating/htrace-core4-4.1.0-incubating.jar:/home/user/.m2/repository/org/apache/zookeeper/zookeeper/3.4.13/zookeeper-3.4.13.jar:/home/user/.m2/repository/jline/jline/0.9.94/jline-0.9.94.jar:/home/user/.m2/repository/org/apache/yetus/audience-annotations/0.5.0/audience-annotations-0.5.0.jar:/home/user/.m2/repository/org/codehaus/woodstox/stax2-api/3.1.4/stax2-api-3.1.4.jar:/home/user/.m2/repository/com/fasterxml/woodstox/woodstox-core/5.0.3/woodstox-core-5.0.3.jar:/home/user/.m2/repository/dnsjava/dnsjava/2.1.7/dnsjava-2.1.7.jar:/home/user/.m2/repository/org/apache/hadoop/hadoop-hdfs/3.2.0/hadoop-hdfs-3.2.0-tests.jar:/home/user/.m2/repository/org/eclipse/jetty/jetty-util-ajax/9.3.25.v20180904/jetty-util-ajax-9.3.25.v20180904.jar:/home/user/.m2/repository/commons-daemon/commons-daemon/1.0.13/commons-daemon-1.0.13.jar:/home/user/.m2/repository/io/netty/netty/3.10.5.Final/netty-3.10.5.Final.jar:/home/user/.m2/repository/io/netty/netty-all/4.0.52.Final/netty-all-4.0.52.Final.jar:/home/user/.m2/repository/org/fusesource/leveldbjni/leveldbjni-all/1.8/leveldbjni-all-1.8.jar:"/>
    <property name="java.vm.vendor" value="IcedTea"/>
    <property name="sun.arch.data.model" value="64"/>
    <property name="test.build.dir" value="/workdir/hadoop-ozone/integration-test/target/test-dir"/>
    <property name="test.cache.data" value=""/>
    <property name="java.vendor.url" value="https://icedtea.classpath.org"/>
    <property name="user.timezone" value=""/>
    <property name="java.vm.specification.version" value="1.8"/>
    <property name="os.name" value="Linux"/>
    <property name="test.build.data" value="/workdir/hadoop-ozone/integration-test/target/test-dir"/>
    <property name="user.country" value="US"/>
    <property name="sun.java.launcher" value="SUN_STANDARD"/>
    <property name="sun.boot.library.path" value="/usr/lib/jvm/java-1.8-openjdk/jre/lib/amd64"/>
    <property name="sun.java.command" value="/workdir/hadoop-ozone/integration-test/target/surefire/surefirebooter4485245358792926637.jar /workdir/hadoop-ozone/integration-test/target/surefire 2019-09-25T11-13-37_982-jvmRun1 surefire5185439877010293130tmp surefire_68837017804473842319tmp"/>
    <property name="test" value="!TestMiniChaosOzoneCluster"/>
    <property name="surefire.test.class.path" value="/workdir/hadoop-ozone/integration-test/target/test-classes:/workdir/hadoop-ozone/integration-test/target/classes:/home/user/.m2/repository/org/apache/hadoop/hadoop-ozone-common/0.5.0-SNAPSHOT/hadoop-ozone-common-0.5.0-SNAPSHOT.jar:/home/user/.m2/repository/org/apache/commons/commons-compress/1.4.1/commons-compress-1.4.1.jar:/home/user/.m2/repository/org/tukaani/xz/1.0/xz-1.0.jar:/home/user/.m2/repository/org/apache/hadoop/hadoop-common/3.2.0/hadoop-common-3.2.0.jar:/home/user/.m2/repository/org/apache/hadoop/hadoop-hdfs/3.2.0/hadoop-hdfs-3.2.0.jar:/home/user/.m2/repository/org/apache/hadoop/hadoop-hdfs-client/3.2.0/hadoop-hdfs-client-3.2.0.jar:/home/user/.m2/repository/com/fasterxml/jackson/core/jackson-annotations/2.9.9/jackson-annotations-2.9.9.jar:/home/user/.m2/repository/org/apache/hadoop/hadoop-hdds-common/0.5.0-SNAPSHOT/hadoop-hdds-common-0.5.0-SNAPSHOT.jar:/home/user/.m2/repository/javax/annotation/javax.annotation-api/1.2/javax.annotation-api-1.2.jar:/home/user/.m2/repository/org/apache/ratis/ratis-server/0.4.0/ratis-server-0.4.0.jar:/home/user/.m2/repository/org/apache/ratis/ratis-thirdparty-misc/0.2.0/ratis-thirdparty-misc-0.2.0.jar:/home/user/.m2/repository/org/apache/ratis/ratis-proto/0.4.0/ratis-proto-0.4.0.jar:/home/user/.m2/repository/org/apache/ratis/ratis-common/0.4.0/ratis-common-0.4.0.jar:/home/user/.m2/repository/org/apache/ratis/ratis-client/0.4.0/ratis-client-0.4.0.jar:/home/user/.m2/repository/org/apache/ratis/ratis-metrics/0.4.0/ratis-metrics-0.4.0.jar:/home/user/.m2/repository/com/github/joshelser/dropwizard-metrics-hadoop-metrics2-reporter/0.1.2/dropwizard-metrics-hadoop-metrics2-reporter-0.1.2.jar:/home/user/.m2/repository/io/dropwizard/metrics/metrics-jvm/3.2.5/metrics-jvm-3.2.5.jar:/home/user/.m2/repository/io/dropwizard/metrics/metrics-ganglia/3.2.5/metrics-ganglia-3.2.5.jar:/home/user/.m2/repository/info/ganglia/gmetric4j/gmetric4j/1.0.7/gmetric4j-1.0.7.jar:/home/user/.m2/repository/org/apache/ratis/ratis-netty/0.4.0/ratis-netty-0.4.0.jar:/home/user/.m2/repository/org/apache/ratis/ratis-grpc/0.4.0/ratis-grpc-0.4.0.jar:/home/user/.m2/repository/org/rocksdb/rocksdbjni/6.0.1/rocksdbjni-6.0.1.jar:/home/user/.m2/repository/org/apache/logging/log4j/log4j-api/2.11.0/log4j-api-2.11.0.jar:/home/user/.m2/repository/org/apache/logging/log4j/log4j-core/2.11.0/log4j-core-2.11.0.jar:/home/user/.m2/repository/com/lmax/disruptor/3.4.2/disruptor-3.4.2.jar:/home/user/.m2/repository/org/apache/commons/commons-pool2/2.6.0/commons-pool2-2.6.0.jar:/home/user/.m2/repository/org/bouncycastle/bcpkix-jdk15on/1.60/bcpkix-jdk15on-1.60.jar:/home/user/.m2/repository/commons-validator/commons-validator/1.6/commons-validator-1.6.jar:/home/user/.m2/repository/commons-digester/commons-digester/1.8.1/commons-digester-1.8.1.jar:/home/user/.m2/repository/io/jaegertracing/jaeger-client/0.34.0/jaeger-client-0.34.0.jar:/home/user/.m2/repository/io/jaegertracing/jaeger-thrift/0.34.0/jaeger-thrift-0.34.0.jar:/home/user/.m2/repository/org/apache/thrift/libthrift/0.12.0/libthrift-0.12.0.jar:/home/user/.m2/repository/com/squareup/okhttp3/okhttp/3.9.0/okhttp-3.9.0.jar:/home/user/.m2/repository/com/squareup/okio/okio/1.13.0/okio-1.13.0.jar:/home/user/.m2/repository/io/jaegertracing/jaeger-core/0.34.0/jaeger-core-0.34.0.jar:/home/user/.m2/repository/io/jaegertracing/jaeger-tracerresolver/0.34.0/jaeger-tracerresolver-0.34.0.jar:/home/user/.m2/repository/io/opentracing/contrib/opentracing-tracerresolver/0.1.5/opentracing-tracerresolver-0.1.5.jar:/home/user/.m2/repository/io/opentracing/opentracing-util/0.31.0/opentracing-util-0.31.0.jar:/home/user/.m2/repository/io/opentracing/opentracing-api/0.31.0/opentracing-api-0.31.0.jar:/home/user/.m2/repository/io/opentracing/opentracing-noop/0.31.0/opentracing-noop-0.31.0.jar:/home/user/.m2/repository/org/apache/hadoop/hadoop-hdds-server-framework/0.5.0-SNAPSHOT/hadoop-hdds-server-framework-0.5.0-SNAPSHOT.jar:/home/user/.m2/repository/org/apache/hadoop/hadoop-hdds-container-service/0.5.0-SNAPSHOT/hadoop-hdds-container-service-0.5.0-SNAPSHOT.jar:/home/user/.m2/repository/org/apache/hadoop/hadoop-hdds-client/0.5.0-SNAPSHOT/hadoop-hdds-client-0.5.0-SNAPSHOT.jar:/home/user/.m2/repository/org/apache/hadoop/hadoop-hdds-tools/0.5.0-SNAPSHOT/hadoop-hdds-tools-0.5.0-SNAPSHOT.jar:/home/user/.m2/repository/org/apache/hadoop/hadoop-hdds-server-scm/0.5.0-SNAPSHOT/hadoop-hdds-server-scm-0.5.0-SNAPSHOT.jar:/home/user/.m2/repository/org/apache/hadoop/hadoop-hdds-docs/0.5.0-SNAPSHOT/hadoop-hdds-docs-0.5.0-SNAPSHOT.jar:/home/user/.m2/repository/io/dropwizard/metrics/metrics-core/3.2.4/metrics-core-3.2.4.jar:/home/user/.m2/repository/org/hamcrest/hamcrest-all/1.3/hamcrest-all-1.3.jar:/home/user/.m2/repository/org/bouncycastle/bcprov-jdk15on/1.60/bcprov-jdk15on-1.60.jar:/home/user/.m2/repository/info/picocli/picocli/3.9.6/picocli-3.9.6.jar:/home/user/.m2/repository/com/google/protobuf/protobuf-java/2.5.0/protobuf-java-2.5.0.jar:/home/user/.m2/repository/com/google/guava/guava/11.0.2/guava-11.0.2.jar:/home/user/.m2/repository/org/apache/hadoop/hadoop-ozone-ozone-manager/0.5.0-SNAPSHOT/hadoop-ozone-ozone-manager-0.5.0-SNAPSHOT.jar:/home/user/.m2/repository/org/apache/hadoop/hadoop-minikdc/3.2.0/hadoop-minikdc-3.2.0.jar:/home/user/.m2/repository/commons-io/commons-io/2.5/commons-io-2.5.jar:/home/user/.m2/repository/org/apache/kerby/kerb-simplekdc/1.0.1/kerb-simplekdc-1.0.1.jar:/home/user/.m2/repository/org/apache/kerby/kerb-client/1.0.1/kerb-client-1.0.1.jar:/home/user/.m2/repository/org/apache/kerby/kerby-config/1.0.1/kerby-config-1.0.1.jar:/home/user/.m2/repository/org/apache/kerby/kerb-core/1.0.1/kerb-core-1.0.1.jar:/home/user/.m2/repository/org/apache/kerby/kerby-pkix/1.0.1/kerby-pkix-1.0.1.jar:/home/user/.m2/repository/org/apache/kerby/kerby-asn1/1.0.1/kerby-asn1-1.0.1.jar:/home/user/.m2/repository/org/apache/kerby/kerby-util/1.0.1/kerby-util-1.0.1.jar:/home/user/.m2/repository/org/apache/kerby/kerb-common/1.0.1/kerb-common-1.0.1.jar:/home/user/.m2/repository/org/apache/kerby/kerb-crypto/1.0.1/kerb-crypto-1.0.1.jar:/home/user/.m2/repository/org/apache/kerby/kerb-util/1.0.1/kerb-util-1.0.1.jar:/home/user/.m2/repository/org/apache/kerby/token-provider/1.0.1/token-provider-1.0.1.jar:/home/user/.m2/repository/org/apache/kerby/kerb-admin/1.0.1/kerb-admin-1.0.1.jar:/home/user/.m2/repository/org/apache/kerby/kerb-server/1.0.1/kerb-server-1.0.1.jar:/home/user/.m2/repository/org/apache/kerby/kerb-identity/1.0.1/kerb-identity-1.0.1.jar:/home/user/.m2/repository/org/apache/kerby/kerby-xdr/1.0.1/kerby-xdr-1.0.1.jar:/home/user/.m2/repository/org/slf4j/slf4j-log4j12/1.7.25/slf4j-log4j12-1.7.25.jar:/home/user/.m2/repository/org/apache/hadoop/hadoop-ozone-s3gateway/0.5.0-SNAPSHOT/hadoop-ozone-s3gateway-0.5.0-SNAPSHOT.jar:/home/user/.m2/repository/org/jboss/weld/servlet/weld-servlet/2.4.7.Final/weld-servlet-2.4.7.Final.jar:/home/user/.m2/repository/org/glassfish/jersey/containers/jersey-container-servlet-core/2.27/jersey-container-servlet-core-2.27.jar:/home/user/.m2/repository/org/glassfish/hk2/external/javax.inject/2.5.0-b42/javax.inject-2.5.0-b42.jar:/home/user/.m2/repository/org/glassfish/jersey/core/jersey-common/2.27/jersey-common-2.27.jar:/home/user/.m2/repository/org/glassfish/hk2/osgi-resource-locator/1.0.1/osgi-resource-locator-1.0.1.jar:/home/user/.m2/repository/javax/ws/rs/javax.ws.rs-api/2.1/javax.ws.rs-api-2.1.jar:/home/user/.m2/repository/org/glassfish/jersey/ext/cdi/jersey-cdi1x/2.27/jersey-cdi1x-2.27.jar:/home/user/.m2/repository/org/glassfish/jersey/inject/jersey-hk2/2.27/jersey-hk2-2.27.jar:/home/user/.m2/repository/org/glassfish/hk2/hk2-locator/2.5.0-b42/hk2-locator-2.5.0-b42.jar:/home/user/.m2/repository/org/javassist/javassist/3.22.0-CR2/javassist-3.22.0-CR2.jar:/home/user/.m2/repository/org/glassfish/hk2/hk2-api/2.5.0/hk2-api-2.5.0.jar:/home/user/.m2/repository/org/glassfish/hk2/external/jakarta.inject/2.5.0/jakarta.inject-2.5.0.jar:/home/user/.m2/repository/org/glassfish/hk2/hk2-utils/2.5.0/hk2-utils-2.5.0.jar:/home/user/.m2/repository/jakarta/annotation/jakarta.annotation-api/1.3.4/jakarta.annotation-api-1.3.4.jar:/home/user/.m2/repository/org/glassfish/hk2/external/aopalliance-repackaged/2.5.0/aopalliance-repackaged-2.5.0.jar:/home/user/.m2/repository/com/fasterxml/jackson/dataformat/jackson-dataformat-xml/2.9.0/jackson-dataformat-xml-2.9.0.jar:/home/user/.m2/repository/com/fasterxml/jackson/core/jackson-core/2.9.9/jackson-core-2.9.9.jar:/home/user/.m2/repository/com/fasterxml/jackson/module/jackson-module-jaxb-annotations/2.9.9/jackson-module-jaxb-annotations-2.9.9.jar:/home/user/.m2/repository/javax/enterprise/cdi-api/1.2/cdi-api-1.2.jar:/home/user/.m2/repository/javax/el/javax.el-api/3.0.0/javax.el-api-3.0.0.jar:/home/user/.m2/repository/javax/interceptor/javax.interceptor-api/1.2/javax.interceptor-api-1.2.jar:/home/user/.m2/repository/javax/inject/javax.inject/1/javax.inject-1.jar:/home/user/.m2/repository/com/sun/xml/bind/jaxb-impl/2.3.0.1/jaxb-impl-2.3.0.1.jar:/home/user/.m2/repository/com/sun/xml/bind/jaxb-core/2.3.0.1/jaxb-core-2.3.0.1.jar:/home/user/.m2/repository/javax/xml/bind/jaxb-api/2.3.0/jaxb-api-2.3.0.jar:/home/user/.m2/repository/javax/activation/activation/1.1.1/activation-1.1.1.jar:/home/user/.m2/repository/org/apache/hadoop/hadoop-ozone-csi/0.5.0-SNAPSHOT/hadoop-ozone-csi-0.5.0-SNAPSHOT.jar:/home/user/.m2/repository/com/google/protobuf/protobuf-java-util/3.5.1/protobuf-java-util-3.5.1.jar:/home/user/.m2/repository/org/apache/hadoop/hadoop-hdds-config/0.5.0-SNAPSHOT/hadoop-hdds-config-0.5.0-SNAPSHOT.jar:/home/user/.m2/repository/io/grpc/grpc-netty/1.17.1/grpc-netty-1.17.1.jar:/home/user/.m2/repository/io/grpc/grpc-core/1.17.1/grpc-core-1.17.1.jar:/home/user/.m2/repository/io/grpc/grpc-context/1.17.1/grpc-context-1.17.1.jar:/home/user/.m2/repository/com/google/errorprone/error_prone_annotations/2.2.0/error_prone_annotations-2.2.0.jar:/home/user/.m2/repository/org/codehaus/mojo/animal-sniffer-annotations/1.17/animal-sniffer-annotations-1.17.jar:/home/user/.m2/repository/io/opencensus/opencensus-api/0.17.0/opencensus-api-0.17.0.jar:/home/user/.m2/repository/io/opencensus/opencensus-contrib-grpc-metrics/0.17.0/opencensus-contrib-grpc-metrics-0.17.0.jar:/home/user/.m2/repository/io/netty/netty-codec-http2/4.1.30.Final/netty-codec-http2-4.1.30.Final.jar:/home/user/.m2/repository/io/netty/netty-codec-http/4.1.30.Final/netty-codec-http-4.1.30.Final.jar:/home/user/.m2/repository/io/netty/netty-codec/4.1.30.Final/netty-codec-4.1.30.Final.jar:/home/user/.m2/repository/io/netty/netty-handler/4.1.30.Final/netty-handler-4.1.30.Final.jar:/home/user/.m2/repository/io/netty/netty-handler-proxy/4.1.30.Final/netty-handler-proxy-4.1.30.Final.jar:/home/user/.m2/repository/io/netty/netty-codec-socks/4.1.30.Final/netty-codec-socks-4.1.30.Final.jar:/home/user/.m2/repository/io/netty/netty-transport-native-epoll/4.1.30.Final/netty-transport-native-epoll-4.1.30.Final.jar:/home/user/.m2/repository/io/netty/netty-common/4.1.30.Final/netty-common-4.1.30.Final.jar:/home/user/.m2/repository/io/netty/netty-buffer/4.1.30.Final/netty-buffer-4.1.30.Final.jar:/home/user/.m2/repository/io/netty/netty-transport/4.1.30.Final/netty-transport-4.1.30.Final.jar:/home/user/.m2/repository/io/netty/netty-resolver/4.1.30.Final/netty-resolver-4.1.30.Final.jar:/home/user/.m2/repository/io/netty/netty-transport-native-unix-common/4.1.30.Final/netty-transport-native-unix-common-4.1.30.Final.jar:/home/user/.m2/repository/io/grpc/grpc-protobuf/1.17.1/grpc-protobuf-1.17.1.jar:/home/user/.m2/repository/com/google/api/grpc/proto-google-common-protos/1.0.0/proto-google-common-protos-1.0.0.jar:/home/user/.m2/repository/io/grpc/grpc-protobuf-lite/1.17.1/grpc-protobuf-lite-1.17.1.jar:/home/user/.m2/repository/io/grpc/grpc-stub/1.17.1/grpc-stub-1.17.1.jar:/home/user/.m2/repository/org/apache/hadoop/hadoop-ozone-recon/0.5.0-SNAPSHOT/hadoop-ozone-recon-0.5.0-SNAPSHOT.jar:/home/user/.m2/repository/org/apache/hadoop/hadoop-ozone-reconcodegen/0.5.0-SNAPSHOT/hadoop-ozone-reconcodegen-0.5.0-SNAPSHOT.jar:/home/user/.m2/repository/com/google/inject/extensions/guice-multibindings/4.0/guice-multibindings-4.0.jar:/home/user/.m2/repository/com/google/inject/guice/4.0/guice-4.0.jar:/home/user/.m2/repository/aopalliance/aopalliance/1.0/aopalliance-1.0.jar:/home/user/.m2/repository/com/google/inject/extensions/guice-servlet/4.0/guice-servlet-4.0.jar:/home/user/.m2/repository/org/glassfish/jersey/containers/jersey-container-servlet/2.27/jersey-container-servlet-2.27.jar:/home/user/.m2/repository/org/glassfish/hk2/guice-bridge/2.5.0/guice-bridge-2.5.0.jar:/home/user/.m2/repository/org/glassfish/jersey/core/jersey-server/2.27/jersey-server-2.27.jar:/home/user/.m2/repository/org/glassfish/jersey/core/jersey-client/2.27/jersey-client-2.27.jar:/home/user/.m2/repository/org/glassfish/jersey/media/jersey-media-jaxb/2.27/jersey-media-jaxb-2.27.jar:/home/user/.m2/repository/javax/validation/validation-api/1.1.0.Final/validation-api-1.1.0.Final.jar:/home/user/.m2/repository/org/glassfish/jersey/media/jersey-media-json-jackson/2.27/jersey-media-json-jackson-2.27.jar:/home/user/.m2/repository/org/glassfish/jersey/ext/jersey-entity-filtering/2.27/jersey-entity-filtering-2.27.jar:/home/user/.m2/repository/com/google/inject/extensions/guice-assistedinject/4.0/guice-assistedinject-4.0.jar:/home/user/.m2/repository/org/jooq/jooq/3.11.10/jooq-3.11.10.jar:/home/user/.m2/repository/org/jooq/jooq-meta/3.11.10/jooq-meta-3.11.10.jar:/home/user/.m2/repository/org/jooq/jooq-codegen/3.11.10/jooq-codegen-3.11.10.jar:/home/user/.m2/repository/com/jolbox/bonecp/0.8.0.RELEASE/bonecp-0.8.0.RELEASE.jar:/home/user/.m2/repository/org/xerial/sqlite-jdbc/3.25.2/sqlite-jdbc-3.25.2.jar:/home/user/.m2/repository/org/springframework/spring-jdbc/5.1.3.RELEASE/spring-jdbc-5.1.3.RELEASE.jar:/home/user/.m2/repository/org/springframework/spring-beans/5.1.3.RELEASE/spring-beans-5.1.3.RELEASE.jar:/home/user/.m2/repository/org/springframework/spring-core/5.1.3.RELEASE/spring-core-5.1.3.RELEASE.jar:/home/user/.m2/repository/org/springframework/spring-jcl/5.1.3.RELEASE/spring-jcl-5.1.3.RELEASE.jar:/home/user/.m2/repository/org/springframework/spring-tx/5.1.3.RELEASE/spring-tx-5.1.3.RELEASE.jar:/home/user/.m2/repository/org/apache/hadoop/hadoop-ozone-client/0.5.0-SNAPSHOT/hadoop-ozone-client-0.5.0-SNAPSHOT.jar:/home/user/.m2/repository/commons-lang/commons-lang/2.6/commons-lang-2.6.jar:/home/user/.m2/repository/org/apache/hadoop/hadoop-ozone-ozone-manager/0.5.0-SNAPSHOT/hadoop-ozone-ozone-manager-0.5.0-SNAPSHOT-tests.jar:/home/user/.m2/repository/junit/junit/4.11/junit-4.11.jar:/home/user/.m2/repository/org/hamcrest/hamcrest-core/1.3/hamcrest-core-1.3.jar:/home/user/.m2/repository/org/openjdk/jmh/jmh-core/1.19/jmh-core-1.19.jar:/home/user/.m2/repository/net/sf/jopt-simple/jopt-simple/4.6/jopt-simple-4.6.jar:/home/user/.m2/repository/org/apache/commons/commons-math3/3.1.1/commons-math3-3.1.1.jar:/home/user/.m2/repository/org/openjdk/jmh/jmh-generator-annprocess/1.19/jmh-generator-annprocess-1.19.jar:/home/user/.m2/repository/org/mockito/mockito-all/1.8.5/mockito-all-1.8.5.jar:/home/user/.m2/repository/org/apache/hadoop/hadoop-kms/3.2.0/hadoop-kms-3.2.0.jar:/home/user/.m2/repository/org/apache/hadoop/hadoop-auth/3.2.0/hadoop-auth-3.2.0.jar:/home/user/.m2/repository/com/nimbusds/nimbus-jose-jwt/4.41.1/nimbus-jose-jwt-4.41.1.jar:/home/user/.m2/repository/com/github/stephenc/jcip/jcip-annotations/1.0-1/jcip-annotations-1.0-1.jar:/home/user/.m2/repository/net/minidev/json-smart/2.3/json-smart-2.3.jar:/home/user/.m2/repository/net/minidev/accessors-smart/1.2/accessors-smart-1.2.jar:/home/user/.m2/repository/org/ow2/asm/asm/5.0.4/asm-5.0.4.jar:/home/user/.m2/repository/org/apache/curator/curator-framework/2.12.0/curator-framework-2.12.0.jar:/home/user/.m2/repository/com/sun/jersey/jersey-core/1.19/jersey-core-1.19.jar:/home/user/.m2/repository/javax/ws/rs/jsr311-api/1.1.1/jsr311-api-1.1.1.jar:/home/user/.m2/repository/com/sun/jersey/jersey-server/1.19/jersey-server-1.19.jar:/home/user/.m2/repository/javax/servlet/javax.servlet-api/3.1.0/javax.servlet-api-3.1.0.jar:/home/user/.m2/repository/org/eclipse/jetty/jetty-server/9.3.25.v20180904/jetty-server-9.3.25.v20180904.jar:/home/user/.m2/repository/org/eclipse/jetty/jetty-http/9.3.25.v20180904/jetty-http-9.3.25.v20180904.jar:/home/user/.m2/repository/org/eclipse/jetty/jetty-io/9.3.25.v20180904/jetty-io-9.3.25.v20180904.jar:/home/user/.m2/repository/org/eclipse/jetty/jetty-webapp/9.3.25.v20180904/jetty-webapp-9.3.25.v20180904.jar:/home/user/.m2/repository/org/eclipse/jetty/jetty-xml/9.3.25.v20180904/jetty-xml-9.3.25.v20180904.jar:/home/user/.m2/repository/log4j/log4j/1.2.17/log4j-1.2.17.jar:/home/user/.m2/repository/org/slf4j/slf4j-api/1.7.25/slf4j-api-1.7.25.jar:/home/user/.m2/repository/org/slf4j/jul-to-slf4j/1.7.25/jul-to-slf4j-1.7.25.jar:/home/user/.m2/repository/org/eclipse/jetty/jetty-util/9.3.25.v20180904/jetty-util-9.3.25.v20180904.jar:/home/user/.m2/repository/com/fasterxml/jackson/core/jackson-databind/2.9.9/jackson-databind-2.9.9.jar:/home/user/.m2/repository/org/apache/hadoop/hadoop-kms/3.2.0/hadoop-kms-3.2.0-tests.jar:/home/user/.m2/repository/org/apache/hadoop/hadoop-hdds-server-scm/0.5.0-SNAPSHOT/hadoop-hdds-server-scm-0.5.0-SNAPSHOT-tests.jar:/home/user/.m2/repository/org/apache/hadoop/hadoop-hdds-container-service/0.5.0-SNAPSHOT/hadoop-hdds-container-service-0.5.0-SNAPSHOT-tests.jar:/home/user/.m2/repository/org/yaml/snakeyaml/1.16/snakeyaml-1.16.jar:/home/user/.m2/repository/org/apache/hadoop/hadoop-common/3.2.0/hadoop-common-3.2.0-tests.jar:/home/user/.m2/repository/org/apache/hadoop/hadoop-annotations/3.2.0/hadoop-annotations-3.2.0.jar:/usr/lib/jvm/java-1.8-openjdk/jre/../lib/tools.jar:/home/user/.m2/repository/commons-cli/commons-cli/1.2/commons-cli-1.2.jar:/home/user/.m2/repository/org/apache/httpcomponents/httpclient/4.5.2/httpclient-4.5.2.jar:/home/user/.m2/repository/org/apache/httpcomponents/httpcore/4.4.4/httpcore-4.4.4.jar:/home/user/.m2/repository/commons-codec/commons-codec/1.11/commons-codec-1.11.jar:/home/user/.m2/repository/commons-net/commons-net/3.6/commons-net-3.6.jar:/home/user/.m2/repository/commons-collections/commons-collections/3.2.2/commons-collections-3.2.2.jar:/home/user/.m2/repository/org/eclipse/jetty/jetty-servlet/9.3.25.v20180904/jetty-servlet-9.3.25.v20180904.jar:/home/user/.m2/repository/org/eclipse/jetty/jetty-security/9.3.25.v20180904/jetty-security-9.3.25.v20180904.jar:/home/user/.m2/repository/javax/servlet/jsp/jsp-api/2.1/jsp-api-2.1.jar:/home/user/.m2/repository/com/sun/jersey/jersey-servlet/1.19/jersey-servlet-1.19.jar:/home/user/.m2/repository/com/sun/jersey/jersey-json/1.19/jersey-json-1.19.jar:/home/user/.m2/repository/org/codehaus/jettison/jettison/1.1/jettison-1.1.jar:/home/user/.m2/repository/org/codehaus/jackson/jackson-core-asl/1.9.13/jackson-core-asl-1.9.13.jar:/home/user/.m2/repository/org/codehaus/jackson/jackson-mapper-asl/1.9.13/jackson-mapper-asl-1.9.13.jar:/home/user/.m2/repository/org/codehaus/jackson/jackson-jaxrs/1.9.13/jackson-jaxrs-1.9.13.jar:/home/user/.m2/repository/org/codehaus/jackson/jackson-xc/1.9.13/jackson-xc-1.9.13.jar:/home/user/.m2/repository/commons-logging/commons-logging/1.1.3/commons-logging-1.1.3.jar:/home/user/.m2/repository/commons-beanutils/commons-beanutils/1.9.4/commons-beanutils-1.9.4.jar:/home/user/.m2/repository/org/apache/commons/commons-configuration2/2.1.1/commons-configuration2-2.1.1.jar:/home/user/.m2/repository/org/apache/commons/commons-lang3/3.7/commons-lang3-3.7.jar:/home/user/.m2/repository/org/apache/commons/commons-text/1.4/commons-text-1.4.jar:/home/user/.m2/repository/org/apache/avro/avro/1.7.7/avro-1.7.7.jar:/home/user/.m2/repository/com/thoughtworks/paranamer/paranamer/2.3/paranamer-2.3.jar:/home/user/.m2/repository/org/xerial/snappy/snappy-java/1.0.5/snappy-java-1.0.5.jar:/home/user/.m2/repository/com/google/re2j/re2j/1.1/re2j-1.1.jar:/home/user/.m2/repository/com/google/code/gson/gson/2.2.4/gson-2.2.4.jar:/home/user/.m2/repository/com/jcraft/jsch/0.1.54/jsch-0.1.54.jar:/home/user/.m2/repository/org/apache/curator/curator-client/2.12.0/curator-client-2.12.0.jar:/home/user/.m2/repository/org/apache/curator/curator-recipes/2.12.0/curator-recipes-2.12.0.jar:/home/user/.m2/repository/com/google/code/findbugs/jsr305/3.0.0/jsr305-3.0.0.jar:/home/user/.m2/repository/org/apache/htrace/htrace-core4/4.1.0-incubating/htrace-core4-4.1.0-incubating.jar:/home/user/.m2/repository/org/apache/zookeeper/zookeeper/3.4.13/zookeeper-3.4.13.jar:/home/user/.m2/repository/jline/jline/0.9.94/jline-0.9.94.jar:/home/user/.m2/repository/org/apache/yetus/audience-annotations/0.5.0/audience-annotations-0.5.0.jar:/home/user/.m2/repository/org/codehaus/woodstox/stax2-api/3.1.4/stax2-api-3.1.4.jar:/home/user/.m2/repository/com/fasterxml/woodstox/woodstox-core/5.0.3/woodstox-core-5.0.3.jar:/home/user/.m2/repository/dnsjava/dnsjava/2.1.7/dnsjava-2.1.7.jar:/home/user/.m2/repository/org/apache/hadoop/hadoop-hdfs/3.2.0/hadoop-hdfs-3.2.0-tests.jar:/home/user/.m2/repository/org/eclipse/jetty/jetty-util-ajax/9.3.25.v20180904/jetty-util-ajax-9.3.25.v20180904.jar:/home/user/.m2/repository/commons-daemon/commons-daemon/1.0.13/commons-daemon-1.0.13.jar:/home/user/.m2/repository/io/netty/netty/3.10.5.Final/netty-3.10.5.Final.jar:/home/user/.m2/repository/io/netty/netty-all/4.0.52.Final/netty-all-4.0.52.Final.jar:/home/user/.m2/repository/org/fusesource/leveldbjni/leveldbjni-all/1.8/leveldbjni-all-1.8.jar:"/>
    <property name="sun.cpu.endian" value="little"/>
    <property name="user.home" value="/home/user"/>
    <property name="user.language" value="en"/>
    <property name="java.specification.vendor" value="Oracle Corporation"/>
    <property name="java.home" value="/usr/lib/jvm/java-1.8-openjdk/jre"/>
    <property name="java.security.krb5.conf" value="/workdir/hadoop-ozone/integration-test/target/test-classes/krb5.conf"/>
    <property name="basedir" value="/workdir/hadoop-ozone/integration-test"/>
    <property name="file.separator" value="/"/>
    <property name="line.separator" value="&#10;"/>
    <property name="java.vm.specification.vendor" value="Oracle Corporation"/>
    <property name="java.specification.name" value="Java Platform API Specification"/>
    <property name="java.awt.graphicsenv" value="sun.awt.X11GraphicsEnvironment"/>
    <property name="surefire.real.class.path" value="/workdir/hadoop-ozone/integration-test/target/surefire/surefirebooter4485245358792926637.jar"/>
    <property name="hadoop.log.dir" value="/workdir/hadoop-ozone/integration-test/target/log"/>
    <property name="sun.boot.class.path" value="/usr/lib/jvm/java-1.8-openjdk/jre/lib/resources.jar:/usr/lib/jvm/java-1.8-openjdk/jre/lib/rt.jar:/usr/lib/jvm/java-1.8-openjdk/jre/lib/sunrsasign.jar:/usr/lib/jvm/java-1.8-openjdk/jre/lib/jsse.jar:/usr/lib/jvm/java-1.8-openjdk/jre/lib/jce.jar:/usr/lib/jvm/java-1.8-openjdk/jre/lib/charsets.jar:/usr/lib/jvm/java-1.8-openjdk/jre/lib/jfr.jar:/usr/lib/jvm/java-1.8-openjdk/jre/classes"/>
    <property name="sun.management.compiler" value="HotSpot 64-Bit Tiered Compilers"/>
    <property name="java.runtime.version" value="1.8.0_212-b04"/>
    <property name="java.net.preferIPv4Stack" value="true"/>
    <property name="user.name" value="jenkins1000"/>
    <property name="path.separator" value=":"/>
    <property name="java.security.egd" value="file:///dev/urandom"/>
    <property name="os.version" value="3.10.0-957.12.2.el7.x86_64"/>
    <property name="java.endorsed.dirs" value="/usr/lib/jvm/java-1.8-openjdk/jre/lib/endorsed"/>
    <property name="java.runtime.name" value="OpenJDK Runtime Environment"/>
    <property name="file.encoding" value="UTF-8"/>
    <property name="java.vm.name" value="OpenJDK 64-Bit Server VM"/>
    <property name="test.build.webapps" value=""/>
    <property name="localRepository" value="/home/user/.m2/repository"/>
    <property name="java.vendor.url.bug" value="https://icedtea.classpath.org/bugzilla"/>
    <property name="java.io.tmpdir" value="/tmp"/>
    <property name="require.test.libhadoop" value=""/>
    <property name="java.version" value="1.8.0_212"/>
    <property name="user.dir" value="/workdir/hadoop-ozone/integration-test"/>
    <property name="os.arch" value="amd64"/>
    <property name="java.vm.specification.name" value="Java Virtual Machine Specification"/>
    <property name="test.build.classes" value="/workdir/hadoop-ozone/integration-test/target/test-classes"/>
    <property name="java.awt.printerjob" value="sun.print.PSPrinterJob"/>
    <property name="sun.os.patch.level" value="unknown"/>
    <property name="hadoop.tmp.dir" value="/workdir/hadoop-ozone/integration-test/target/tmp"/>
    <property name="java.library.path" value="/usr/lib/jvm/java-1.8-openjdk/jre/lib/amd64/server:/usr/lib/jvm/java-1.8-openjdk/jre/lib/amd64:/usr/lib/jvm/java-1.8-openjdk/jre/../lib/amd64:/workdir/hadoop-ozone/integration-test/target/native/target/usr/local/lib:/workdir/hadoop-ozone/integration-test/../../hadoop-common-project/hadoop-common/target/native/target/usr/local/lib:/usr/java/packages/lib/amd64:/usr/lib64:/lib64:/lib:/usr/lib"/>
    <property name="java.vm.info" value="mixed mode"/>
    <property name="java.vendor" value="IcedTea"/>
    <property name="java.vm.version" value="25.212-b04"/>
    <property name="java.ext.dirs" value="/usr/lib/jvm/java-1.8-openjdk/jre/lib/ext:/usr/java/packages/lib/ext"/>
    <property name="sun.io.unicode.encoding" value="UnicodeLittle"/>
    <property name="java.class.version" value="52.0"/>
  </properties>
  <testcase name="testGroupMismatchExceptionHandling" classname="org.apache.hadoop.ozone.client.rpc.TestOzoneClientRetriesOnException" time="34.493">
    <error message="Allocated 0 blocks. Requested 1 blocks" type="INTERNAL_ERROR org.apache.hadoop.ozone.om.exceptions.OMException">INTERNAL_ERROR org.apache.hadoop.ozone.om.exceptions.OMException: Allocated 0 blocks. Requested 1 blocks
	at org.apache.hadoop.ozone.om.protocolPB.OzoneManagerProtocolClientSideTranslatorPB.handleError(OzoneManagerProtocolClientSideTranslatorPB.java:732)
	at org.apache.hadoop.ozone.om.protocolPB.OzoneManagerProtocolClientSideTranslatorPB.openKey(OzoneManagerProtocolClientSideTranslatorPB.java:723)
	at sun.reflect.NativeMethodAccessorImpl.invoke0(Native Method)
	at sun.reflect.NativeMethodAccessorImpl.invoke(NativeMethodAccessorImpl.java:62)
	at sun.reflect.DelegatingMethodAccessorImpl.invoke(DelegatingMethodAccessorImpl.java:43)
	at java.lang.reflect.Method.invoke(Method.java:498)
	at org.apache.hadoop.hdds.tracing.TraceAllMethod.invoke(TraceAllMethod.java:66)
	at com.sun.proxy.$Proxy37.openKey(Unknown Source)
	at org.apache.hadoop.ozone.client.rpc.RpcClient.createKey(RpcClient.java:614)
	at org.apache.hadoop.ozone.client.OzoneBucket.createKey(OzoneBucket.java:325)
	at org.apache.hadoop.ozone.container.ContainerTestHelper.createKey(ContainerTestHelper.java:695)
	at org.apache.hadoop.ozone.client.rpc.TestOzoneClientRetriesOnException.createKey(TestOzoneClientRetriesOnException.java:226)
	at org.apache.hadoop.ozone.client.rpc.TestOzoneClientRetriesOnException.testGroupMismatchExceptionHandling(TestOzoneClientRetriesOnException.java:129)
	at sun.reflect.NativeMethodAccessorImpl.invoke0(Native Method)
	at sun.reflect.NativeMethodAccessorImpl.invoke(NativeMethodAccessorImpl.java:62)
	at sun.reflect.DelegatingMethodAccessorImpl.invoke(DelegatingMethodAccessorImpl.java:43)
	at java.lang.reflect.Method.invoke(Method.java:498)
	at org.junit.runners.model.FrameworkMethod$1.runReflectiveCall(FrameworkMethod.java:47)
	at org.junit.internal.runners.model.ReflectiveCallable.run(ReflectiveCallable.java:12)
	at org.junit.runners.model.FrameworkMethod.invokeExplosively(FrameworkMethod.java:44)
	at org.junit.internal.runners.statements.InvokeMethod.evaluate(InvokeMethod.java:17)
	at org.junit.internal.runners.statements.RunBefores.evaluate(RunBefores.java:26)
	at org.junit.internal.runners.statements.RunAfters.evaluate(RunAfters.java:27)
	at org.junit.runners.ParentRunner.runLeaf(ParentRunner.java:271)
	at org.junit.runners.BlockJUnit4ClassRunner.runChild(BlockJUnit4ClassRunner.java:70)
	at org.junit.runners.BlockJUnit4ClassRunner.runChild(BlockJUnit4ClassRunner.java:50)
	at org.junit.runners.ParentRunner$3.run(ParentRunner.java:238)
	at org.junit.runners.ParentRunner$1.schedule(ParentRunner.java:63)
	at org.junit.runners.ParentRunner.runChildren(ParentRunner.java:236)
	at org.junit.runners.ParentRunner.access$000(ParentRunner.java:53)
	at org.junit.runners.ParentRunner$2.evaluate(ParentRunner.java:229)
	at org.junit.runners.ParentRunner.run(ParentRunner.java:309)
	at org.apache.maven.surefire.junit4.JUnit4Provider.execute(JUnit4Provider.java:365)
	at org.apache.maven.surefire.junit4.JUnit4Provider.executeWithRerun(JUnit4Provider.java:273)
	at org.apache.maven.surefire.junit4.JUnit4Provider.executeTestSet(JUnit4Provider.java:238)
	at org.apache.maven.surefire.junit4.JUnit4Provider.invoke(JUnit4Provider.java:159)
	at org.apache.maven.surefire.booter.ForkedBooter.invokeProviderInSameClassLoader(ForkedBooter.java:384)
	at org.apache.maven.surefire.booter.ForkedBooter.runSuitesInProcess(ForkedBooter.java:345)
	at org.apache.maven.surefire.booter.ForkedBooter.execute(ForkedBooter.java:126)
	at org.apache.maven.surefire.booter.ForkedBooter.main(ForkedBooter.java:418)
</error>
    <system-out><![CDATA[2019-09-25 12:09:58,516 [main] WARN  server.ServerUtils (ServerUtils.java:getScmDbDir(145)) - ozone.scm.db.dirs is not configured. We recommend adding this setting. Falling back to ozone.metadata.dirs instead.
2019-09-25 12:09:58,685 [main] WARN  server.ServerUtils (ServerUtils.java:getScmDbDir(145)) - ozone.scm.db.dirs is not configured. We recommend adding this setting. Falling back to ozone.metadata.dirs instead.
2019-09-25 12:09:58,689 [main] WARN  server.ServerUtils (ServerUtils.java:getScmDbDir(145)) - ozone.scm.db.dirs is not configured. We recommend adding this setting. Falling back to ozone.metadata.dirs instead.
2019-09-25 12:09:58,709 [main] INFO  util.log (Log.java:initialized(192)) - Logging initialized @998ms
2019-09-25 12:09:58,813 [main] INFO  db.DBStoreBuilder (DBStoreBuilder.java:addTable(110)) - using custom profile for table: deletedBlocks
2019-09-25 12:09:58,814 [main] INFO  db.DBStoreBuilder (DBStoreBuilder.java:processTables(161)) - Using default column profile:DBProfile.DISK for Table:deletedBlocks
2019-09-25 12:09:58,815 [main] INFO  db.DBStoreBuilder (DBStoreBuilder.java:addTable(110)) - using custom profile for table: validCerts
2019-09-25 12:09:58,815 [main] INFO  db.DBStoreBuilder (DBStoreBuilder.java:processTables(161)) - Using default column profile:DBProfile.DISK for Table:validCerts
2019-09-25 12:09:58,816 [main] INFO  db.DBStoreBuilder (DBStoreBuilder.java:addTable(110)) - using custom profile for table: revokedCerts
2019-09-25 12:09:58,816 [main] INFO  db.DBStoreBuilder (DBStoreBuilder.java:processTables(161)) - Using default column profile:DBProfile.DISK for Table:revokedCerts
2019-09-25 12:09:58,829 [main] INFO  db.DBStoreBuilder (DBStoreBuilder.java:addTable(110)) - using custom profile for table: default
2019-09-25 12:09:58,829 [main] INFO  db.DBStoreBuilder (DBStoreBuilder.java:processTables(167)) - Using default column profile:DBProfile.DISK for Table:default
2019-09-25 12:09:58,830 [main] INFO  db.DBStoreBuilder (DBStoreBuilder.java:getDbProfile(198)) - Using default options. DBProfile.DISK
2019-09-25 12:09:59,103 [main] INFO  net.NodeSchemaLoader (NodeSchemaLoader.java:loadSchemaFromFile(125)) - Loading file from sun.misc.CompoundEnumeration@34123d65
2019-09-25 12:09:59,105 [main] INFO  net.NodeSchemaLoader (NodeSchemaLoader.java:loadSchema(171)) - Loading network topology layer schema file
2019-09-25 12:09:59,212 [main] WARN  server.ServerUtils (ServerUtils.java:sanitizeUserArgs(70)) - ozone.scm.stale.node.interval value = 300000 is larger than max = 100000 based on the key value of ozone.scm.heartbeat.thread.interval, reset to the max value 100000.
2019-09-25 12:09:59,215 [main] WARN  server.ServerUtils (ServerUtils.java:sanitizeUserArgs(70)) - ozone.scm.stale.node.interval value = 300000 is larger than max = 100000 based on the key value of ozone.scm.heartbeat.thread.interval, reset to the max value 100000.
2019-09-25 12:09:59,218 [main] INFO  node.SCMNodeManager (SCMNodeManager.java:<init>(114)) - Entering startup safe mode.
2019-09-25 12:09:59,304 [main] INFO  algorithms.ContainerPlacementPolicyFactory (ContainerPlacementPolicyFactory.java:getPolicy(59)) - Create container placement policy of type org.apache.hadoop.hdds.scm.container.placement.algorithms.SCMContainerPlacementRandom
2019-09-25 12:09:59,319 [main] WARN  server.ServerUtils (ServerUtils.java:getScmDbDir(145)) - ozone.scm.db.dirs is not configured. We recommend adding this setting. Falling back to ozone.metadata.dirs instead.
2019-09-25 12:09:59,378 [main] INFO  pipeline.SCMPipelineManager (SCMPipelineManager.java:initializePipelineState(132)) - No pipeline exists in current db
2019-09-25 12:09:59,381 [main] WARN  server.ServerUtils (ServerUtils.java:getScmDbDir(145)) - ozone.scm.db.dirs is not configured. We recommend adding this setting. Falling back to ozone.metadata.dirs instead.
2019-09-25 12:09:59,500 [main] WARN  events.EventQueue (EventQueue.java:fireEvent(183)) - No event handler registered for event TypedEvent{payloadType=SafeModeStatus, name='SafeModeStatus'}
2019-09-25 12:09:59,907 [main] INFO  ipc.CallQueueManager (CallQueueManager.java:<init>(84)) - Using callQueue: class java.util.concurrent.LinkedBlockingQueue, queueCapacity: 2000, scheduler: class org.apache.hadoop.ipc.DefaultRpcScheduler, ipcBackoff: false.
2019-09-25 12:09:59,939 [Socket Reader #1 for port 33307] INFO  ipc.Server (Server.java:run(1074)) - Starting Socket Reader #1 for port 33307
2019-09-25 12:10:00,123 [main] INFO  ipc.CallQueueManager (CallQueueManager.java:<init>(84)) - Using callQueue: class java.util.concurrent.LinkedBlockingQueue, queueCapacity: 2000, scheduler: class org.apache.hadoop.ipc.DefaultRpcScheduler, ipcBackoff: false.
2019-09-25 12:10:00,124 [Socket Reader #1 for port 44964] INFO  ipc.Server (Server.java:run(1074)) - Starting Socket Reader #1 for port 44964
2019-09-25 12:10:00,135 [main] INFO  ipc.CallQueueManager (CallQueueManager.java:<init>(84)) - Using callQueue: class java.util.concurrent.LinkedBlockingQueue, queueCapacity: 2000, scheduler: class org.apache.hadoop.ipc.DefaultRpcScheduler, ipcBackoff: false.
2019-09-25 12:10:00,136 [Socket Reader #1 for port 33100] INFO  ipc.Server (Server.java:run(1074)) - Starting Socket Reader #1 for port 33100
2019-09-25 12:10:00,164 [main] INFO  hdfs.DFSUtil (DFSUtil.java:httpServerTemplateForNNAndJN(1641)) - Starting Web-server for scm at: http://0.0.0.0:0
2019-09-25 12:10:00,327 [main] INFO  server.AuthenticationFilter (AuthenticationFilter.java:constructSecretProvider(240)) - Unable to initialize FileSignerSecretProvider, falling back to use random secrets.
2019-09-25 12:10:00,335 [main] WARN  http.HttpRequestLog (HttpRequestLog.java:getRequestLog(97)) - Jetty request log can only be enabled using Log4j
2019-09-25 12:10:00,344 [main] INFO  http.HttpServer2 (HttpServer2.java:addGlobalFilter(975)) - Added global filter 'safety' (class=org.apache.hadoop.http.HttpServer2$QuotingInputFilter)
2019-09-25 12:10:00,346 [main] INFO  http.HttpServer2 (HttpServer2.java:addFilter(948)) - Added filter static_user_filter (class=org.apache.hadoop.http.lib.StaticUserWebFilter$StaticUserFilter) to context scm
2019-09-25 12:10:00,347 [main] INFO  http.HttpServer2 (HttpServer2.java:addFilter(958)) - Added filter static_user_filter (class=org.apache.hadoop.http.lib.StaticUserWebFilter$StaticUserFilter) to context static
2019-09-25 12:10:00,347 [main] INFO  http.HttpServer2 (HttpServer2.java:addFilter(958)) - Added filter static_user_filter (class=org.apache.hadoop.http.lib.StaticUserWebFilter$StaticUserFilter) to context logs
2019-09-25 12:10:00,380 [main] INFO  server.StorageContainerManager (StorageContainerManager.java:start(770)) - StorageContainerLocationProtocol RPC server is listening at /0.0.0.0:33100
2019-09-25 12:10:00,455 [main] WARN  impl.MetricsConfig (MetricsConfig.java:loadFirst(134)) - Cannot locate configuration: tried hadoop-metrics2-storagecontainermanager.properties,hadoop-metrics2.properties
2019-09-25 12:10:00,470 [main] INFO  impl.MetricsSystemImpl (MetricsSystemImpl.java:startTimer(374)) - Scheduled Metric snapshot period at 10 second(s).
2019-09-25 12:10:00,470 [main] INFO  impl.MetricsSystemImpl (MetricsSystemImpl.java:start(191)) - StorageContainerManager metrics system started
2019-09-25 12:10:00,711 [main] INFO  server.SCMClientProtocolServer (SCMClientProtocolServer.java:start(151)) - RPC server for Client  is listening at /0.0.0.0:33100
2019-09-25 12:10:00,712 [IPC Server listener on 33100] INFO  ipc.Server (Server.java:run(1153)) - IPC Server listener on 33100: starting
2019-09-25 12:10:00,712 [IPC Server Responder] INFO  ipc.Server (Server.java:run(1314)) - IPC Server Responder: starting
2019-09-25 12:10:00,716 [main] INFO  server.StorageContainerManager (StorageContainerManager.java:start(780)) - ScmBlockLocationProtocol RPC server is listening at /0.0.0.0:44964
2019-09-25 12:10:00,719 [main] INFO  server.SCMBlockProtocolServer (SCMBlockProtocolServer.java:start(146)) - RPC server for Block Protocol is listening at /0.0.0.0:44964
2019-09-25 12:10:00,719 [IPC Server Responder] INFO  ipc.Server (Server.java:run(1314)) - IPC Server Responder: starting
2019-09-25 12:10:00,719 [IPC Server listener on 44964] INFO  ipc.Server (Server.java:run(1153)) - IPC Server listener on 44964: starting
2019-09-25 12:10:00,723 [main] INFO  server.StorageContainerManager (StorageContainerManager.java:start(784)) - ScmDatanodeProtocl RPC server is listening at /0.0.0.0:33307
2019-09-25 12:10:00,723 [main] INFO  server.SCMDatanodeProtocolServer (SCMDatanodeProtocolServer.java:start(191)) - RPC server for DataNodes is listening at /0.0.0.0:33307
2019-09-25 12:10:00,724 [IPC Server Responder] INFO  ipc.Server (Server.java:run(1314)) - IPC Server Responder: starting
2019-09-25 12:10:00,724 [IPC Server listener on 33307] INFO  ipc.Server (Server.java:run(1153)) - IPC Server listener on 33307: starting
2019-09-25 12:10:00,729 [main] INFO  http.HttpServer2 (HttpServer2.java:bindListener(1191)) - Jetty bound to port 37890
2019-09-25 12:10:00,731 [main] INFO  server.Server (Server.java:doStart(351)) - jetty-9.3.25.v20180904, build timestamp: 2018-09-04T21:11:46Z, git hash: 3ce520221d0240229c862b122d2b06c12a625732
2019-09-25 12:10:00,782 [main] INFO  handler.ContextHandler (ContextHandler.java:doStart(781)) - Started o.e.j.s.ServletContextHandler@260e86a1{/logs,file:///workdir/hadoop-ozone/integration-test/target/log,AVAILABLE}
2019-09-25 12:10:00,783 [main] INFO  handler.ContextHandler (ContextHandler.java:doStart(781)) - Started o.e.j.s.ServletContextHandler@12bd8a64{/static,file:///workdir/hadoop-ozone/integration-test/target/test-classes/webapps/static,AVAILABLE}
2019-09-25 12:10:00,820 [main] INFO  handler.ContextHandler (ContextHandler.java:doStart(781)) - Started o.e.j.w.WebAppContext@3f093abe{/,file:///workdir/hadoop-ozone/integration-test/target/test-classes/webapps/scm/,AVAILABLE}{/scm}
2019-09-25 12:10:00,827 [main] INFO  server.AbstractConnector (AbstractConnector.java:doStart(278)) - Started ServerConnector@724bade8{HTTP/1.1,[http/1.1]}{0.0.0.0:37890}
2019-09-25 12:10:00,827 [main] INFO  server.Server (Server.java:doStart(419)) - Started @3116ms
2019-09-25 12:10:00,829 [main] INFO  impl.MetricsSinkAdapter (MetricsSinkAdapter.java:start(204)) - Sink prometheus started
2019-09-25 12:10:00,830 [main] INFO  impl.MetricsSystemImpl (MetricsSystemImpl.java:registerSink(301)) - Registered sink prometheus
2019-09-25 12:10:00,831 [main] INFO  server.BaseHttpServer (BaseHttpServer.java:updateConnectorAddress(215)) - HTTP server of SCM is listening at http://0.0.0.0:37890
2019-09-25 12:10:00,840 [org.apache.hadoop.util.JvmPauseMonitor$Monitor@6970140a] INFO  util.JvmPauseMonitor (JvmPauseMonitor.java:run(188)) - Starting JVM pause monitor
2019-09-25 12:10:00,845 [main] WARN  server.ServerUtils (ServerUtils.java:getDBPath(222)) - ozone.om.db.dirs is not configured. We recommend adding this setting. Falling back to ozone.metadata.dirs instead.
2019-09-25 12:10:00,993 [main] WARN  server.ServerUtils (ServerUtils.java:getDBPath(222)) - ozone.om.db.dirs is not configured. We recommend adding this setting. Falling back to ozone.metadata.dirs instead.
2019-09-25 12:10:00,994 [main] WARN  server.ServerUtils (ServerUtils.java:getDBPath(222)) - ozone.om.db.dirs is not configured. We recommend adding this setting. Falling back to ozone.metadata.dirs instead.
2019-09-25 12:10:00,995 [main] INFO  om.OzoneManager (OzoneManager.java:setOMNodeDetails(652)) - OM Service ID is not set. Setting it to the default ID: omServiceIdDefault
2019-09-25 12:10:00,995 [main] INFO  om.OzoneManager (OzoneManager.java:setOMNodeDetails(658)) - OM Node ID is not set. Setting it to the OmStorage's OmID: 00ffc30a-37b0-4b9e-8362-d16c91aeab96
2019-09-25 12:10:00,996 [main] INFO  om.OzoneManager (OzoneManager.java:loadOMHAConfigs(609)) - Found matching OM address with OMServiceId: null, OMNodeId: null, RPC Address: localhost:0 and Ratis port: 9872
2019-09-25 12:10:01,782 [main] WARN  server.ServerUtils (ServerUtils.java:getDBPath(222)) - ozone.om.db.dirs is not configured. We recommend adding this setting. Falling back to ozone.metadata.dirs instead.
2019-09-25 12:10:01,790 [main] INFO  db.DBStoreBuilder (DBStoreBuilder.java:addTable(110)) - using custom profile for table: userTable
2019-09-25 12:10:01,791 [main] INFO  db.DBStoreBuilder (DBStoreBuilder.java:processTables(161)) - Using default column profile:DBProfile.DISK for Table:userTable
2019-09-25 12:10:01,791 [main] INFO  db.DBStoreBuilder (DBStoreBuilder.java:addTable(110)) - using custom profile for table: volumeTable
2019-09-25 12:10:01,791 [main] INFO  db.DBStoreBuilder (DBStoreBuilder.java:processTables(161)) - Using default column profile:DBProfile.DISK for Table:volumeTable
2019-09-25 12:10:01,792 [main] INFO  db.DBStoreBuilder (DBStoreBuilder.java:addTable(110)) - using custom profile for table: bucketTable
2019-09-25 12:10:01,792 [main] INFO  db.DBStoreBuilder (DBStoreBuilder.java:processTables(161)) - Using default column profile:DBProfile.DISK for Table:bucketTable
2019-09-25 12:10:01,792 [main] INFO  db.DBStoreBuilder (DBStoreBuilder.java:addTable(110)) - using custom profile for table: keyTable
2019-09-25 12:10:01,792 [main] INFO  db.DBStoreBuilder (DBStoreBuilder.java:processTables(161)) - Using default column profile:DBProfile.DISK for Table:keyTable
2019-09-25 12:10:01,793 [main] INFO  db.DBStoreBuilder (DBStoreBuilder.java:addTable(110)) - using custom profile for table: deletedTable
2019-09-25 12:10:01,793 [main] INFO  db.DBStoreBuilder (DBStoreBuilder.java:processTables(161)) - Using default column profile:DBProfile.DISK for Table:deletedTable
2019-09-25 12:10:01,793 [main] INFO  db.DBStoreBuilder (DBStoreBuilder.java:addTable(110)) - using custom profile for table: openKeyTable
2019-09-25 12:10:01,793 [main] INFO  db.DBStoreBuilder (DBStoreBuilder.java:processTables(161)) - Using default column profile:DBProfile.DISK for Table:openKeyTable
2019-09-25 12:10:01,794 [main] INFO  db.DBStoreBuilder (DBStoreBuilder.java:addTable(110)) - using custom profile for table: s3Table
2019-09-25 12:10:01,794 [main] INFO  db.DBStoreBuilder (DBStoreBuilder.java:processTables(161)) - Using default column profile:DBProfile.DISK for Table:s3Table
2019-09-25 12:10:01,794 [main] INFO  db.DBStoreBuilder (DBStoreBuilder.java:addTable(110)) - using custom profile for table: multipartInfoTable
2019-09-25 12:10:01,794 [main] INFO  db.DBStoreBuilder (DBStoreBuilder.java:processTables(161)) - Using default column profile:DBProfile.DISK for Table:multipartInfoTable
2019-09-25 12:10:01,795 [main] INFO  db.DBStoreBuilder (DBStoreBuilder.java:addTable(110)) - using custom profile for table: dTokenTable
2019-09-25 12:10:01,795 [main] INFO  db.DBStoreBuilder (DBStoreBuilder.java:processTables(161)) - Using default column profile:DBProfile.DISK for Table:dTokenTable
2019-09-25 12:10:01,795 [main] INFO  db.DBStoreBuilder (DBStoreBuilder.java:addTable(110)) - using custom profile for table: s3SecretTable
2019-09-25 12:10:01,795 [main] INFO  db.DBStoreBuilder (DBStoreBuilder.java:processTables(161)) - Using default column profile:DBProfile.DISK for Table:s3SecretTable
2019-09-25 12:10:01,796 [main] INFO  db.DBStoreBuilder (DBStoreBuilder.java:addTable(110)) - using custom profile for table: prefixTable
2019-09-25 12:10:01,796 [main] INFO  db.DBStoreBuilder (DBStoreBuilder.java:processTables(161)) - Using default column profile:DBProfile.DISK for Table:prefixTable
2019-09-25 12:10:01,796 [main] INFO  db.DBStoreBuilder (DBStoreBuilder.java:addTable(110)) - using custom profile for table: default
2019-09-25 12:10:01,796 [main] INFO  db.DBStoreBuilder (DBStoreBuilder.java:processTables(167)) - Using default column profile:DBProfile.DISK for Table:default
2019-09-25 12:10:01,797 [main] INFO  db.DBStoreBuilder (DBStoreBuilder.java:getDbProfile(198)) - Using default options. DBProfile.DISK
2019-09-25 12:10:02,396 [main] INFO  ipc.CallQueueManager (CallQueueManager.java:<init>(84)) - Using callQueue: class java.util.concurrent.LinkedBlockingQueue, queueCapacity: 2000, scheduler: class org.apache.hadoop.ipc.DefaultRpcScheduler, ipcBackoff: false.
2019-09-25 12:10:02,398 [Socket Reader #1 for port 44914] INFO  ipc.Server (Server.java:run(1074)) - Starting Socket Reader #1 for port 44914
2019-09-25 12:10:02,428 [main] INFO  om.OzoneManager (OzoneManager.java:start(1243)) - OzoneManager RPC server is listening at localhost/127.0.0.1:44914
2019-09-25 12:10:02,428 [main] INFO  impl.MetricsSystemImpl (MetricsSystemImpl.java:init(158)) - OzoneManager metrics system started (again)
2019-09-25 12:10:02,430 [IPC Server Responder] INFO  ipc.Server (Server.java:run(1314)) - IPC Server Responder: starting
2019-09-25 12:10:02,430 [IPC Server listener on 44914] INFO  ipc.Server (Server.java:run(1153)) - IPC Server listener on 44914: starting
2019-09-25 12:10:02,438 [main] INFO  hdfs.DFSUtil (DFSUtil.java:httpServerTemplateForNNAndJN(1641)) - Starting Web-server for ozoneManager at: http://0.0.0.0:0
2019-09-25 12:10:02,440 [main] INFO  server.AuthenticationFilter (AuthenticationFilter.java:constructSecretProvider(240)) - Unable to initialize FileSignerSecretProvider, falling back to use random secrets.
2019-09-25 12:10:02,443 [main] WARN  http.HttpRequestLog (HttpRequestLog.java:getRequestLog(97)) - Jetty request log can only be enabled using Log4j
2019-09-25 12:10:02,448 [main] INFO  http.HttpServer2 (HttpServer2.java:addGlobalFilter(975)) - Added global filter 'safety' (class=org.apache.hadoop.http.HttpServer2$QuotingInputFilter)
2019-09-25 12:10:02,450 [main] INFO  http.HttpServer2 (HttpServer2.java:addFilter(948)) - Added filter static_user_filter (class=org.apache.hadoop.http.lib.StaticUserWebFilter$StaticUserFilter) to context ozoneManager
2019-09-25 12:10:02,450 [main] INFO  http.HttpServer2 (HttpServer2.java:addFilter(958)) - Added filter static_user_filter (class=org.apache.hadoop.http.lib.StaticUserWebFilter$StaticUserFilter) to context logs
2019-09-25 12:10:02,451 [main] INFO  http.HttpServer2 (HttpServer2.java:addFilter(958)) - Added filter static_user_filter (class=org.apache.hadoop.http.lib.StaticUserWebFilter$StaticUserFilter) to context static
2019-09-25 12:10:02,454 [main] INFO  http.HttpServer2 (HttpServer2.java:bindListener(1191)) - Jetty bound to port 38900
2019-09-25 12:10:02,455 [main] INFO  server.Server (Server.java:doStart(351)) - jetty-9.3.25.v20180904, build timestamp: 2018-09-04T21:11:46Z, git hash: 3ce520221d0240229c862b122d2b06c12a625732
2019-09-25 12:10:02,458 [main] INFO  handler.ContextHandler (ContextHandler.java:doStart(781)) - Started o.e.j.s.ServletContextHandler@49aa766b{/logs,file:///workdir/hadoop-ozone/integration-test/target/log,AVAILABLE}
2019-09-25 12:10:02,459 [main] INFO  handler.ContextHandler (ContextHandler.java:doStart(781)) - Started o.e.j.s.ServletContextHandler@65004ff6{/static,file:///workdir/hadoop-ozone/integration-test/target/test-classes/webapps/static,AVAILABLE}
2019-09-25 12:10:02,466 [main] INFO  handler.ContextHandler (ContextHandler.java:doStart(781)) - Started o.e.j.w.WebAppContext@4158debd{/,file:///workdir/hadoop-ozone/integration-test/target/test-classes/webapps/ozoneManager/,AVAILABLE}{/ozoneManager}
2019-09-25 12:10:02,468 [main] INFO  server.AbstractConnector (AbstractConnector.java:doStart(278)) - Started ServerConnector@af78c87{HTTP/1.1,[http/1.1]}{0.0.0.0:38900}
2019-09-25 12:10:02,469 [main] INFO  server.Server (Server.java:doStart(419)) - Started @4758ms
2019-09-25 12:10:02,469 [main] WARN  impl.MetricsSystemImpl (MetricsSystemImpl.java:register(276)) - Sink prometheus already exists!
2019-09-25 12:10:02,470 [main] INFO  server.BaseHttpServer (BaseHttpServer.java:updateConnectorAddress(215)) - HTTP server of OZONEMANAGER is listening at http://0.0.0.0:38900
2019-09-25 12:10:02,826 [main] INFO  impl.MetricsSystemImpl (MetricsSystemImpl.java:init(158)) - HddsDatanode metrics system started (again)
2019-09-25 12:10:02,870 [main] INFO  ozone.HddsDatanodeService (HddsDatanodeService.java:start(184)) - HddsDatanodeService host:pr-hdds-1569-shd4m-3693607622 ip:192.168.151.73
2019-09-25 12:10:02,902 [main] INFO  volume.HddsVolume (HddsVolume.java:<init>(176)) - Creating Volume: /workdir/hadoop-ozone/integration-test/target/test-dir/MiniOzoneClusterImpl-b6380e3c-fb04-4178-98e9-eb7b36240636/datanode-0/data/containers/hdds of  storage type : DISK and capacity : 1482555576320
2019-09-25 12:10:02,904 [main] INFO  volume.VolumeSet (VolumeSet.java:initializeVolumeSet(170)) - Added Volume : /workdir/hadoop-ozone/integration-test/target/test-dir/MiniOzoneClusterImpl-b6380e3c-fb04-4178-98e9-eb7b36240636/datanode-0/data/containers/hdds to VolumeSet
2019-09-25 12:10:02,907 [main] INFO  volume.ThrottledAsyncChecker (ThrottledAsyncChecker.java:schedule(139)) - Scheduling a check for org.apache.hadoop.ozone.container.common.volume.HddsVolume@787f32b7
2019-09-25 12:10:02,924 [main] INFO  volume.HddsVolumeChecker (HddsVolumeChecker.java:checkAllVolumes(202)) - Scheduled health check for volume org.apache.hadoop.ozone.container.common.volume.HddsVolume@787f32b7
2019-09-25 12:10:03,028 [main] INFO  impl.RaftServerProxy (ConfUtils.java:logGet(43)) - raft.rpc.type = GRPC (default)
2019-09-25 12:10:03,094 [main] INFO  grpc.GrpcFactory (GrpcFactory.java:checkPooledByteBufAllocatorUseCacheForAllThreads(45)) - PERFORMANCE WARNING: useCacheForAllThreads is true that may cause Netty to create a lot garbage objects and, as a result, trigger GC.
	It is recommended to disable useCacheForAllThreads by setting -Dorg.apache.ratis.thirdparty.io.netty.allocator.useCacheForAllThreads=false in command line.
2019-09-25 12:10:03,098 [main] INFO  grpc.GrpcConfigKeys$Server (ConfUtils.java:logGet(43)) - raft.grpc.server.port = 0 (default)
2019-09-25 12:10:03,099 [main] INFO  server.GrpcService (ConfUtils.java:logGet(43)) - raft.grpc.message.size.max = 33570816 (custom)
2019-09-25 12:10:03,101 [main] INFO  server.RaftServerConfigKeys (ConfUtils.java:logGet(43)) - raft.server.log.appender.buffer.byte-limit = 33554432 (custom)
2019-09-25 12:10:03,101 [main] INFO  server.GrpcService (ConfUtils.java:logGet(43)) - raft.grpc.flow.control.window = 1MB (=1048576) (default)
2019-09-25 12:10:03,102 [main] INFO  server.RaftServerConfigKeys (ConfUtils.java:logGet(43)) - raft.server.rpc.request.timeout = 3000ms (default)
2019-09-25 12:10:03,263 [main] INFO  server.RaftServerConfigKeys (ConfUtils.java:logGet(43)) - raft.server.storage.dir = [/workdir/hadoop-ozone/integration-test/target/test-dir/MiniOzoneClusterImpl-b6380e3c-fb04-4178-98e9-eb7b36240636/datanode-0/data/ratis] (custom)
2019-09-25 12:10:03,317 [main] INFO  hdfs.DFSUtil (DFSUtil.java:httpServerTemplateForNNAndJN(1641)) - Starting Web-server for hddsDatanode at: http://0.0.0.0:0
2019-09-25 12:10:03,319 [main] INFO  server.AuthenticationFilter (AuthenticationFilter.java:constructSecretProvider(240)) - Unable to initialize FileSignerSecretProvider, falling back to use random secrets.
2019-09-25 12:10:03,319 [main] WARN  http.HttpRequestLog (HttpRequestLog.java:getRequestLog(97)) - Jetty request log can only be enabled using Log4j
2019-09-25 12:10:03,321 [main] INFO  http.HttpServer2 (HttpServer2.java:addGlobalFilter(975)) - Added global filter 'safety' (class=org.apache.hadoop.http.HttpServer2$QuotingInputFilter)
2019-09-25 12:10:03,322 [main] INFO  http.HttpServer2 (HttpServer2.java:addFilter(948)) - Added filter static_user_filter (class=org.apache.hadoop.http.lib.StaticUserWebFilter$StaticUserFilter) to context hddsDatanode
2019-09-25 12:10:03,322 [main] INFO  http.HttpServer2 (HttpServer2.java:addFilter(958)) - Added filter static_user_filter (class=org.apache.hadoop.http.lib.StaticUserWebFilter$StaticUserFilter) to context logs
2019-09-25 12:10:03,322 [main] INFO  http.HttpServer2 (HttpServer2.java:addFilter(958)) - Added filter static_user_filter (class=org.apache.hadoop.http.lib.StaticUserWebFilter$StaticUserFilter) to context static
2019-09-25 12:10:03,323 [main] INFO  http.HttpServer2 (HttpServer2.java:bindListener(1191)) - Jetty bound to port 43914
2019-09-25 12:10:03,323 [main] INFO  server.Server (Server.java:doStart(351)) - jetty-9.3.25.v20180904, build timestamp: 2018-09-04T21:11:46Z, git hash: 3ce520221d0240229c862b122d2b06c12a625732
2019-09-25 12:10:03,325 [main] INFO  handler.ContextHandler (ContextHandler.java:doStart(781)) - Started o.e.j.s.ServletContextHandler@767a014e{/logs,file:///workdir/hadoop-ozone/integration-test/target/log,AVAILABLE}
2019-09-25 12:10:03,326 [main] INFO  handler.ContextHandler (ContextHandler.java:doStart(781)) - Started o.e.j.s.ServletContextHandler@3968bc60{/static,jar:file:/home/user/.m2/repository/org/apache/hadoop/hadoop-hdds-container-service/0.5.0-SNAPSHOT/hadoop-hdds-container-service-0.5.0-SNAPSHOT.jar!/webapps/static,AVAILABLE}
2019-09-25 12:10:03,357 [main] INFO  handler.ContextHandler (ContextHandler.java:doStart(781)) - Started o.e.j.w.WebAppContext@4c6007fb{/,file:///tmp/jetty-0.0.0.0-43914-hddsDatanode-_-any-4773751030165452453.dir/webapp/,AVAILABLE}{/hddsDatanode}
2019-09-25 12:10:03,358 [main] INFO  server.AbstractConnector (AbstractConnector.java:doStart(278)) - Started ServerConnector@3e33d73e{HTTP/1.1,[http/1.1]}{0.0.0.0:43914}
2019-09-25 12:10:03,359 [main] INFO  server.Server (Server.java:doStart(419)) - Started @5648ms
2019-09-25 12:10:03,359 [main] WARN  impl.MetricsSystemImpl (MetricsSystemImpl.java:register(276)) - Sink prometheus already exists!
2019-09-25 12:10:03,360 [main] INFO  server.BaseHttpServer (BaseHttpServer.java:updateConnectorAddress(215)) - HTTP server of HDDSDATANODE is listening at http://0.0.0.0:43914
2019-09-25 12:10:03,361 [main] INFO  impl.MetricsSystemImpl (MetricsSystemImpl.java:init(158)) - HddsDatanode metrics system started (again)
2019-09-25 12:10:03,363 [main] INFO  ozone.HddsDatanodeService (HddsDatanodeService.java:start(184)) - HddsDatanodeService host:pr-hdds-1569-shd4m-3693607622 ip:192.168.151.73
2019-09-25 12:10:03,366 [org.apache.hadoop.util.JvmPauseMonitor$Monitor@685ee00c] INFO  util.JvmPauseMonitor (JvmPauseMonitor.java:run(188)) - Starting JVM pause monitor
2019-09-25 12:10:03,370 [main] INFO  volume.HddsVolume (HddsVolume.java:<init>(176)) - Creating Volume: /workdir/hadoop-ozone/integration-test/target/test-dir/MiniOzoneClusterImpl-b6380e3c-fb04-4178-98e9-eb7b36240636/datanode-1/data/containers/hdds of  storage type : DISK and capacity : 1482555576320
2019-09-25 12:10:03,371 [main] INFO  volume.VolumeSet (VolumeSet.java:initializeVolumeSet(170)) - Added Volume : /workdir/hadoop-ozone/integration-test/target/test-dir/MiniOzoneClusterImpl-b6380e3c-fb04-4178-98e9-eb7b36240636/datanode-1/data/containers/hdds to VolumeSet
2019-09-25 12:10:03,371 [main] INFO  volume.ThrottledAsyncChecker (ThrottledAsyncChecker.java:schedule(139)) - Scheduling a check for org.apache.hadoop.ozone.container.common.volume.HddsVolume@3dffc764
2019-09-25 12:10:03,372 [main] INFO  volume.HddsVolumeChecker (HddsVolumeChecker.java:checkAllVolumes(202)) - Scheduled health check for volume org.apache.hadoop.ozone.container.common.volume.HddsVolume@3dffc764
2019-09-25 12:10:03,386 [main] INFO  impl.RaftServerProxy (ConfUtils.java:logGet(43)) - raft.rpc.type = GRPC (default)
2019-09-25 12:10:03,386 [main] INFO  grpc.GrpcFactory (GrpcFactory.java:checkPooledByteBufAllocatorUseCacheForAllThreads(45)) - PERFORMANCE WARNING: useCacheForAllThreads is true that may cause Netty to create a lot garbage objects and, as a result, trigger GC.
	It is recommended to disable useCacheForAllThreads by setting -Dorg.apache.ratis.thirdparty.io.netty.allocator.useCacheForAllThreads=false in command line.
2019-09-25 12:10:03,387 [main] INFO  grpc.GrpcConfigKeys$Server (ConfUtils.java:logGet(43)) - raft.grpc.server.port = 0 (default)
2019-09-25 12:10:03,387 [main] INFO  server.GrpcService (ConfUtils.java:logGet(43)) - raft.grpc.message.size.max = 33570816 (custom)
2019-09-25 12:10:03,387 [main] INFO  server.RaftServerConfigKeys (ConfUtils.java:logGet(43)) - raft.server.log.appender.buffer.byte-limit = 33554432 (custom)
2019-09-25 12:10:03,387 [main] INFO  server.GrpcService (ConfUtils.java:logGet(43)) - raft.grpc.flow.control.window = 1MB (=1048576) (default)
2019-09-25 12:10:03,388 [main] INFO  server.RaftServerConfigKeys (ConfUtils.java:logGet(43)) - raft.server.rpc.request.timeout = 3000ms (default)
2019-09-25 12:10:03,388 [main] INFO  server.RaftServerConfigKeys (ConfUtils.java:logGet(43)) - raft.server.storage.dir = [/workdir/hadoop-ozone/integration-test/target/test-dir/MiniOzoneClusterImpl-b6380e3c-fb04-4178-98e9-eb7b36240636/datanode-1/data/ratis] (custom)
2019-09-25 12:10:03,390 [main] INFO  hdfs.DFSUtil (DFSUtil.java:httpServerTemplateForNNAndJN(1641)) - Starting Web-server for hddsDatanode at: http://0.0.0.0:0
2019-09-25 12:10:03,391 [main] INFO  server.AuthenticationFilter (AuthenticationFilter.java:constructSecretProvider(240)) - Unable to initialize FileSignerSecretProvider, falling back to use random secrets.
2019-09-25 12:10:03,392 [main] WARN  http.HttpRequestLog (HttpRequestLog.java:getRequestLog(97)) - Jetty request log can only be enabled using Log4j
2019-09-25 12:10:03,393 [main] INFO  http.HttpServer2 (HttpServer2.java:addGlobalFilter(975)) - Added global filter 'safety' (class=org.apache.hadoop.http.HttpServer2$QuotingInputFilter)
2019-09-25 12:10:03,394 [main] INFO  http.HttpServer2 (HttpServer2.java:addFilter(948)) - Added filter static_user_filter (class=org.apache.hadoop.http.lib.StaticUserWebFilter$StaticUserFilter) to context hddsDatanode
2019-09-25 12:10:03,394 [main] INFO  http.HttpServer2 (HttpServer2.java:addFilter(958)) - Added filter static_user_filter (class=org.apache.hadoop.http.lib.StaticUserWebFilter$StaticUserFilter) to context logs
2019-09-25 12:10:03,394 [main] INFO  http.HttpServer2 (HttpServer2.java:addFilter(958)) - Added filter static_user_filter (class=org.apache.hadoop.http.lib.StaticUserWebFilter$StaticUserFilter) to context static
2019-09-25 12:10:03,395 [main] INFO  http.HttpServer2 (HttpServer2.java:bindListener(1191)) - Jetty bound to port 37747
2019-09-25 12:10:03,395 [main] INFO  server.Server (Server.java:doStart(351)) - jetty-9.3.25.v20180904, build timestamp: 2018-09-04T21:11:46Z, git hash: 3ce520221d0240229c862b122d2b06c12a625732
2019-09-25 12:10:03,401 [main] INFO  handler.ContextHandler (ContextHandler.java:doStart(781)) - Started o.e.j.s.ServletContextHandler@12fcc71f{/logs,file:///workdir/hadoop-ozone/integration-test/target/log,AVAILABLE}
2019-09-25 12:10:03,401 [main] INFO  handler.ContextHandler (ContextHandler.java:doStart(781)) - Started o.e.j.s.ServletContextHandler@3ed7821{/static,jar:file:/home/user/.m2/repository/org/apache/hadoop/hadoop-hdds-container-service/0.5.0-SNAPSHOT/hadoop-hdds-container-service-0.5.0-SNAPSHOT.jar!/webapps/static,AVAILABLE}
2019-09-25 12:10:03,430 [main] INFO  handler.ContextHandler (ContextHandler.java:doStart(781)) - Started o.e.j.w.WebAppContext@524a076e{/,file:///tmp/jetty-0.0.0.0-37747-hddsDatanode-_-any-574950186204655086.dir/webapp/,AVAILABLE}{/hddsDatanode}
2019-09-25 12:10:03,430 [main] INFO  server.AbstractConnector (AbstractConnector.java:doStart(278)) - Started ServerConnector@5b5e7036{HTTP/1.1,[http/1.1]}{0.0.0.0:37747}
2019-09-25 12:10:03,431 [main] INFO  server.Server (Server.java:doStart(419)) - Started @5720ms
2019-09-25 12:10:03,432 [main] WARN  impl.MetricsSystemImpl (MetricsSystemImpl.java:register(276)) - Sink prometheus already exists!
2019-09-25 12:10:03,432 [main] INFO  server.BaseHttpServer (BaseHttpServer.java:updateConnectorAddress(215)) - HTTP server of HDDSDATANODE is listening at http://0.0.0.0:37747
2019-09-25 12:10:03,433 [main] INFO  impl.MetricsSystemImpl (MetricsSystemImpl.java:init(158)) - HddsDatanode metrics system started (again)
2019-09-25 12:10:03,435 [main] INFO  ozone.HddsDatanodeService (HddsDatanodeService.java:start(184)) - HddsDatanodeService host:pr-hdds-1569-shd4m-3693607622 ip:192.168.151.73
2019-09-25 12:10:03,436 [org.apache.hadoop.util.JvmPauseMonitor$Monitor@16943530] INFO  util.JvmPauseMonitor (JvmPauseMonitor.java:run(188)) - Starting JVM pause monitor
2019-09-25 12:10:03,442 [main] INFO  volume.HddsVolume (HddsVolume.java:<init>(176)) - Creating Volume: /workdir/hadoop-ozone/integration-test/target/test-dir/MiniOzoneClusterImpl-b6380e3c-fb04-4178-98e9-eb7b36240636/datanode-2/data/containers/hdds of  storage type : DISK and capacity : 1482555576320
2019-09-25 12:10:03,443 [main] INFO  volume.VolumeSet (VolumeSet.java:initializeVolumeSet(170)) - Added Volume : /workdir/hadoop-ozone/integration-test/target/test-dir/MiniOzoneClusterImpl-b6380e3c-fb04-4178-98e9-eb7b36240636/datanode-2/data/containers/hdds to VolumeSet
2019-09-25 12:10:03,443 [main] INFO  volume.ThrottledAsyncChecker (ThrottledAsyncChecker.java:schedule(139)) - Scheduling a check for org.apache.hadoop.ozone.container.common.volume.HddsVolume@5f0f9947
2019-09-25 12:10:03,444 [main] INFO  volume.HddsVolumeChecker (HddsVolumeChecker.java:checkAllVolumes(202)) - Scheduled health check for volume org.apache.hadoop.ozone.container.common.volume.HddsVolume@5f0f9947
2019-09-25 12:10:03,457 [main] INFO  impl.RaftServerProxy (ConfUtils.java:logGet(43)) - raft.rpc.type = GRPC (default)
2019-09-25 12:10:03,457 [main] INFO  grpc.GrpcFactory (GrpcFactory.java:checkPooledByteBufAllocatorUseCacheForAllThreads(45)) - PERFORMANCE WARNING: useCacheForAllThreads is true that may cause Netty to create a lot garbage objects and, as a result, trigger GC.
	It is recommended to disable useCacheForAllThreads by setting -Dorg.apache.ratis.thirdparty.io.netty.allocator.useCacheForAllThreads=false in command line.
2019-09-25 12:10:03,458 [main] INFO  grpc.GrpcConfigKeys$Server (ConfUtils.java:logGet(43)) - raft.grpc.server.port = 0 (default)
2019-09-25 12:10:03,458 [main] INFO  server.GrpcService (ConfUtils.java:logGet(43)) - raft.grpc.message.size.max = 33570816 (custom)
2019-09-25 12:10:03,458 [main] INFO  server.RaftServerConfigKeys (ConfUtils.java:logGet(43)) - raft.server.log.appender.buffer.byte-limit = 33554432 (custom)
2019-09-25 12:10:03,458 [main] INFO  server.GrpcService (ConfUtils.java:logGet(43)) - raft.grpc.flow.control.window = 1MB (=1048576) (default)
2019-09-25 12:10:03,459 [main] INFO  server.RaftServerConfigKeys (ConfUtils.java:logGet(43)) - raft.server.rpc.request.timeout = 3000ms (default)
2019-09-25 12:10:03,459 [main] INFO  server.RaftServerConfigKeys (ConfUtils.java:logGet(43)) - raft.server.storage.dir = [/workdir/hadoop-ozone/integration-test/target/test-dir/MiniOzoneClusterImpl-b6380e3c-fb04-4178-98e9-eb7b36240636/datanode-2/data/ratis] (custom)
2019-09-25 12:10:03,461 [main] INFO  hdfs.DFSUtil (DFSUtil.java:httpServerTemplateForNNAndJN(1641)) - Starting Web-server for hddsDatanode at: http://0.0.0.0:0
2019-09-25 12:10:03,462 [main] INFO  server.AuthenticationFilter (AuthenticationFilter.java:constructSecretProvider(240)) - Unable to initialize FileSignerSecretProvider, falling back to use random secrets.
2019-09-25 12:10:03,463 [main] WARN  http.HttpRequestLog (HttpRequestLog.java:getRequestLog(97)) - Jetty request log can only be enabled using Log4j
2019-09-25 12:10:03,464 [main] INFO  http.HttpServer2 (HttpServer2.java:addGlobalFilter(975)) - Added global filter 'safety' (class=org.apache.hadoop.http.HttpServer2$QuotingInputFilter)
2019-09-25 12:10:03,465 [main] INFO  http.HttpServer2 (HttpServer2.java:addFilter(948)) - Added filter static_user_filter (class=org.apache.hadoop.http.lib.StaticUserWebFilter$StaticUserFilter) to context hddsDatanode
2019-09-25 12:10:03,465 [main] INFO  http.HttpServer2 (HttpServer2.java:addFilter(958)) - Added filter static_user_filter (class=org.apache.hadoop.http.lib.StaticUserWebFilter$StaticUserFilter) to context logs
2019-09-25 12:10:03,465 [main] INFO  http.HttpServer2 (HttpServer2.java:addFilter(958)) - Added filter static_user_filter (class=org.apache.hadoop.http.lib.StaticUserWebFilter$StaticUserFilter) to context static
2019-09-25 12:10:03,466 [main] INFO  http.HttpServer2 (HttpServer2.java:bindListener(1191)) - Jetty bound to port 35976
2019-09-25 12:10:03,466 [main] INFO  server.Server (Server.java:doStart(351)) - jetty-9.3.25.v20180904, build timestamp: 2018-09-04T21:11:46Z, git hash: 3ce520221d0240229c862b122d2b06c12a625732
2019-09-25 12:10:03,468 [main] INFO  handler.ContextHandler (ContextHandler.java:doStart(781)) - Started o.e.j.s.ServletContextHandler@121bb45b{/logs,file:///workdir/hadoop-ozone/integration-test/target/log,AVAILABLE}
2019-09-25 12:10:03,469 [main] INFO  handler.ContextHandler (ContextHandler.java:doStart(781)) - Started o.e.j.s.ServletContextHandler@1cd3b138{/static,jar:file:/home/user/.m2/repository/org/apache/hadoop/hadoop-hdds-container-service/0.5.0-SNAPSHOT/hadoop-hdds-container-service-0.5.0-SNAPSHOT.jar!/webapps/static,AVAILABLE}
2019-09-25 12:10:03,499 [main] INFO  handler.ContextHandler (ContextHandler.java:doStart(781)) - Started o.e.j.w.WebAppContext@53f4c1e6{/,file:///tmp/jetty-0.0.0.0-35976-hddsDatanode-_-any-1533168663463553601.dir/webapp/,AVAILABLE}{/hddsDatanode}
2019-09-25 12:10:03,499 [main] INFO  server.AbstractConnector (AbstractConnector.java:doStart(278)) - Started ServerConnector@74174a23{HTTP/1.1,[http/1.1]}{0.0.0.0:35976}
2019-09-25 12:10:03,500 [main] INFO  server.Server (Server.java:doStart(419)) - Started @5789ms
2019-09-25 12:10:03,501 [Datanode State Machine Thread - 0] INFO  datanode.InitDatanodeState (InitDatanodeState.java:persistContainerDatanodeDetails(140)) - DatanodeDetails is persisted to /workdir/hadoop-ozone/integration-test/target/test-dir/MiniOzoneClusterImpl-b6380e3c-fb04-4178-98e9-eb7b36240636/datanode-0/meta/datanode.id
2019-09-25 12:10:03,501 [main] WARN  impl.MetricsSystemImpl (MetricsSystemImpl.java:register(276)) - Sink prometheus already exists!
2019-09-25 12:10:03,503 [main] INFO  server.BaseHttpServer (BaseHttpServer.java:updateConnectorAddress(215)) - HTTP server of HDDSDATANODE is listening at http://0.0.0.0:35976
2019-09-25 12:10:03,504 [main] INFO  impl.MetricsSystemImpl (MetricsSystemImpl.java:init(158)) - HddsDatanode metrics system started (again)
2019-09-25 12:10:03,505 [Datanode State Machine Thread - 0] INFO  datanode.InitDatanodeState (InitDatanodeState.java:persistContainerDatanodeDetails(140)) - DatanodeDetails is persisted to /workdir/hadoop-ozone/integration-test/target/test-dir/MiniOzoneClusterImpl-b6380e3c-fb04-4178-98e9-eb7b36240636/datanode-1/meta/datanode.id
2019-09-25 12:10:03,507 [main] INFO  ozone.HddsDatanodeService (HddsDatanodeService.java:start(184)) - HddsDatanodeService host:pr-hdds-1569-shd4m-3693607622 ip:192.168.151.73
2019-09-25 12:10:03,507 [org.apache.hadoop.util.JvmPauseMonitor$Monitor@5559fea3] INFO  util.JvmPauseMonitor (JvmPauseMonitor.java:run(188)) - Starting JVM pause monitor
2019-09-25 12:10:03,510 [Datanode State Machine Thread - 0] INFO  datanode.InitDatanodeState (InitDatanodeState.java:persistContainerDatanodeDetails(140)) - DatanodeDetails is persisted to /workdir/hadoop-ozone/integration-test/target/test-dir/MiniOzoneClusterImpl-b6380e3c-fb04-4178-98e9-eb7b36240636/datanode-2/meta/datanode.id
2019-09-25 12:10:03,514 [main] INFO  volume.HddsVolume (HddsVolume.java:<init>(176)) - Creating Volume: /workdir/hadoop-ozone/integration-test/target/test-dir/MiniOzoneClusterImpl-b6380e3c-fb04-4178-98e9-eb7b36240636/datanode-3/data/containers/hdds of  storage type : DISK and capacity : 1482555576320
2019-09-25 12:10:03,514 [main] INFO  volume.VolumeSet (VolumeSet.java:initializeVolumeSet(170)) - Added Volume : /workdir/hadoop-ozone/integration-test/target/test-dir/MiniOzoneClusterImpl-b6380e3c-fb04-4178-98e9-eb7b36240636/datanode-3/data/containers/hdds to VolumeSet
2019-09-25 12:10:03,514 [main] INFO  volume.ThrottledAsyncChecker (ThrottledAsyncChecker.java:schedule(139)) - Scheduling a check for org.apache.hadoop.ozone.container.common.volume.HddsVolume@3cd9aa64
2019-09-25 12:10:03,515 [main] INFO  volume.HddsVolumeChecker (HddsVolumeChecker.java:checkAllVolumes(202)) - Scheduled health check for volume org.apache.hadoop.ozone.container.common.volume.HddsVolume@3cd9aa64
2019-09-25 12:10:03,528 [main] INFO  impl.RaftServerProxy (ConfUtils.java:logGet(43)) - raft.rpc.type = GRPC (default)
2019-09-25 12:10:03,529 [main] INFO  grpc.GrpcFactory (GrpcFactory.java:checkPooledByteBufAllocatorUseCacheForAllThreads(45)) - PERFORMANCE WARNING: useCacheForAllThreads is true that may cause Netty to create a lot garbage objects and, as a result, trigger GC.
	It is recommended to disable useCacheForAllThreads by setting -Dorg.apache.ratis.thirdparty.io.netty.allocator.useCacheForAllThreads=false in command line.
2019-09-25 12:10:03,529 [main] INFO  grpc.GrpcConfigKeys$Server (ConfUtils.java:logGet(43)) - raft.grpc.server.port = 0 (default)
2019-09-25 12:10:03,529 [main] INFO  server.GrpcService (ConfUtils.java:logGet(43)) - raft.grpc.message.size.max = 33570816 (custom)
2019-09-25 12:10:03,529 [main] INFO  server.RaftServerConfigKeys (ConfUtils.java:logGet(43)) - raft.server.log.appender.buffer.byte-limit = 33554432 (custom)
2019-09-25 12:10:03,530 [main] INFO  server.GrpcService (ConfUtils.java:logGet(43)) - raft.grpc.flow.control.window = 1MB (=1048576) (default)
2019-09-25 12:10:03,530 [main] INFO  server.RaftServerConfigKeys (ConfUtils.java:logGet(43)) - raft.server.rpc.request.timeout = 3000ms (default)
2019-09-25 12:10:03,530 [main] INFO  server.RaftServerConfigKeys (ConfUtils.java:logGet(43)) - raft.server.storage.dir = [/workdir/hadoop-ozone/integration-test/target/test-dir/MiniOzoneClusterImpl-b6380e3c-fb04-4178-98e9-eb7b36240636/datanode-3/data/ratis] (custom)
2019-09-25 12:10:03,532 [main] INFO  hdfs.DFSUtil (DFSUtil.java:httpServerTemplateForNNAndJN(1641)) - Starting Web-server for hddsDatanode at: http://0.0.0.0:0
2019-09-25 12:10:03,533 [main] INFO  server.AuthenticationFilter (AuthenticationFilter.java:constructSecretProvider(240)) - Unable to initialize FileSignerSecretProvider, falling back to use random secrets.
2019-09-25 12:10:03,533 [main] WARN  http.HttpRequestLog (HttpRequestLog.java:getRequestLog(97)) - Jetty request log can only be enabled using Log4j
2019-09-25 12:10:03,535 [main] INFO  http.HttpServer2 (HttpServer2.java:addGlobalFilter(975)) - Added global filter 'safety' (class=org.apache.hadoop.http.HttpServer2$QuotingInputFilter)
2019-09-25 12:10:03,535 [main] INFO  http.HttpServer2 (HttpServer2.java:addFilter(948)) - Added filter static_user_filter (class=org.apache.hadoop.http.lib.StaticUserWebFilter$StaticUserFilter) to context hddsDatanode
2019-09-25 12:10:03,536 [main] INFO  http.HttpServer2 (HttpServer2.java:addFilter(958)) - Added filter static_user_filter (class=org.apache.hadoop.http.lib.StaticUserWebFilter$StaticUserFilter) to context static
2019-09-25 12:10:03,536 [main] INFO  http.HttpServer2 (HttpServer2.java:addFilter(958)) - Added filter static_user_filter (class=org.apache.hadoop.http.lib.StaticUserWebFilter$StaticUserFilter) to context logs
2019-09-25 12:10:03,536 [main] INFO  http.HttpServer2 (HttpServer2.java:bindListener(1191)) - Jetty bound to port 43402
2019-09-25 12:10:03,537 [main] INFO  server.Server (Server.java:doStart(351)) - jetty-9.3.25.v20180904, build timestamp: 2018-09-04T21:11:46Z, git hash: 3ce520221d0240229c862b122d2b06c12a625732
2019-09-25 12:10:03,541 [main] INFO  handler.ContextHandler (ContextHandler.java:doStart(781)) - Started o.e.j.s.ServletContextHandler@642f9a77{/logs,file:///workdir/hadoop-ozone/integration-test/target/log,AVAILABLE}
2019-09-25 12:10:03,542 [main] INFO  handler.ContextHandler (ContextHandler.java:doStart(781)) - Started o.e.j.s.ServletContextHandler@5634d0f4{/static,jar:file:/home/user/.m2/repository/org/apache/hadoop/hadoop-hdds-container-service/0.5.0-SNAPSHOT/hadoop-hdds-container-service-0.5.0-SNAPSHOT.jar!/webapps/static,AVAILABLE}
2019-09-25 12:10:03,569 [main] INFO  handler.ContextHandler (ContextHandler.java:doStart(781)) - Started o.e.j.w.WebAppContext@73844119{/,file:///tmp/jetty-0.0.0.0-43402-hddsDatanode-_-any-6994208888131846572.dir/webapp/,AVAILABLE}{/hddsDatanode}
2019-09-25 12:10:03,570 [main] INFO  server.AbstractConnector (AbstractConnector.java:doStart(278)) - Started ServerConnector@44f24a20{HTTP/1.1,[http/1.1]}{0.0.0.0:43402}
2019-09-25 12:10:03,571 [main] INFO  server.Server (Server.java:doStart(419)) - Started @5860ms
2019-09-25 12:10:03,571 [main] WARN  impl.MetricsSystemImpl (MetricsSystemImpl.java:register(276)) - Sink prometheus already exists!
2019-09-25 12:10:03,572 [main] INFO  server.BaseHttpServer (BaseHttpServer.java:updateConnectorAddress(215)) - HTTP server of HDDSDATANODE is listening at http://0.0.0.0:43402
2019-09-25 12:10:03,572 [main] INFO  impl.MetricsSystemImpl (MetricsSystemImpl.java:init(158)) - HddsDatanode metrics system started (again)
2019-09-25 12:10:03,575 [main] INFO  ozone.HddsDatanodeService (HddsDatanodeService.java:start(184)) - HddsDatanodeService host:pr-hdds-1569-shd4m-3693607622 ip:192.168.151.73
2019-09-25 12:10:03,575 [org.apache.hadoop.util.JvmPauseMonitor$Monitor@3b9091bd] INFO  util.JvmPauseMonitor (JvmPauseMonitor.java:run(188)) - Starting JVM pause monitor
2019-09-25 12:10:03,579 [Datanode State Machine Thread - 0] INFO  datanode.InitDatanodeState (InitDatanodeState.java:persistContainerDatanodeDetails(140)) - DatanodeDetails is persisted to /workdir/hadoop-ozone/integration-test/target/test-dir/MiniOzoneClusterImpl-b6380e3c-fb04-4178-98e9-eb7b36240636/datanode-3/meta/datanode.id
2019-09-25 12:10:03,583 [main] INFO  volume.HddsVolume (HddsVolume.java:<init>(176)) - Creating Volume: /workdir/hadoop-ozone/integration-test/target/test-dir/MiniOzoneClusterImpl-b6380e3c-fb04-4178-98e9-eb7b36240636/datanode-4/data/containers/hdds of  storage type : DISK and capacity : 1482555576320
2019-09-25 12:10:03,584 [main] INFO  volume.VolumeSet (VolumeSet.java:initializeVolumeSet(170)) - Added Volume : /workdir/hadoop-ozone/integration-test/target/test-dir/MiniOzoneClusterImpl-b6380e3c-fb04-4178-98e9-eb7b36240636/datanode-4/data/containers/hdds to VolumeSet
2019-09-25 12:10:03,584 [main] INFO  volume.ThrottledAsyncChecker (ThrottledAsyncChecker.java:schedule(139)) - Scheduling a check for org.apache.hadoop.ozone.container.common.volume.HddsVolume@58f39564
2019-09-25 12:10:03,584 [main] INFO  volume.HddsVolumeChecker (HddsVolumeChecker.java:checkAllVolumes(202)) - Scheduled health check for volume org.apache.hadoop.ozone.container.common.volume.HddsVolume@58f39564
2019-09-25 12:10:03,597 [main] INFO  impl.RaftServerProxy (ConfUtils.java:logGet(43)) - raft.rpc.type = GRPC (default)
2019-09-25 12:10:03,597 [main] INFO  grpc.GrpcFactory (GrpcFactory.java:checkPooledByteBufAllocatorUseCacheForAllThreads(45)) - PERFORMANCE WARNING: useCacheForAllThreads is true that may cause Netty to create a lot garbage objects and, as a result, trigger GC.
	It is recommended to disable useCacheForAllThreads by setting -Dorg.apache.ratis.thirdparty.io.netty.allocator.useCacheForAllThreads=false in command line.
2019-09-25 12:10:03,597 [main] INFO  grpc.GrpcConfigKeys$Server (ConfUtils.java:logGet(43)) - raft.grpc.server.port = 0 (default)
2019-09-25 12:10:03,597 [main] INFO  server.GrpcService (ConfUtils.java:logGet(43)) - raft.grpc.message.size.max = 33570816 (custom)
2019-09-25 12:10:03,598 [main] INFO  server.RaftServerConfigKeys (ConfUtils.java:logGet(43)) - raft.server.log.appender.buffer.byte-limit = 33554432 (custom)
2019-09-25 12:10:03,598 [main] INFO  server.GrpcService (ConfUtils.java:logGet(43)) - raft.grpc.flow.control.window = 1MB (=1048576) (default)
2019-09-25 12:10:03,598 [main] INFO  server.RaftServerConfigKeys (ConfUtils.java:logGet(43)) - raft.server.rpc.request.timeout = 3000ms (default)
2019-09-25 12:10:03,599 [main] INFO  server.RaftServerConfigKeys (ConfUtils.java:logGet(43)) - raft.server.storage.dir = [/workdir/hadoop-ozone/integration-test/target/test-dir/MiniOzoneClusterImpl-b6380e3c-fb04-4178-98e9-eb7b36240636/datanode-4/data/ratis] (custom)
2019-09-25 12:10:03,600 [main] INFO  hdfs.DFSUtil (DFSUtil.java:httpServerTemplateForNNAndJN(1641)) - Starting Web-server for hddsDatanode at: http://0.0.0.0:0
2019-09-25 12:10:03,601 [main] INFO  server.AuthenticationFilter (AuthenticationFilter.java:constructSecretProvider(240)) - Unable to initialize FileSignerSecretProvider, falling back to use random secrets.
2019-09-25 12:10:03,601 [main] WARN  http.HttpRequestLog (HttpRequestLog.java:getRequestLog(97)) - Jetty request log can only be enabled using Log4j
2019-09-25 12:10:03,603 [main] INFO  http.HttpServer2 (HttpServer2.java:addGlobalFilter(975)) - Added global filter 'safety' (class=org.apache.hadoop.http.HttpServer2$QuotingInputFilter)
2019-09-25 12:10:03,603 [main] INFO  http.HttpServer2 (HttpServer2.java:addFilter(948)) - Added filter static_user_filter (class=org.apache.hadoop.http.lib.StaticUserWebFilter$StaticUserFilter) to context hddsDatanode
2019-09-25 12:10:03,603 [main] INFO  http.HttpServer2 (HttpServer2.java:addFilter(958)) - Added filter static_user_filter (class=org.apache.hadoop.http.lib.StaticUserWebFilter$StaticUserFilter) to context logs
2019-09-25 12:10:03,604 [main] INFO  http.HttpServer2 (HttpServer2.java:addFilter(958)) - Added filter static_user_filter (class=org.apache.hadoop.http.lib.StaticUserWebFilter$StaticUserFilter) to context static
2019-09-25 12:10:03,604 [main] INFO  http.HttpServer2 (HttpServer2.java:bindListener(1191)) - Jetty bound to port 40495
2019-09-25 12:10:03,605 [main] INFO  server.Server (Server.java:doStart(351)) - jetty-9.3.25.v20180904, build timestamp: 2018-09-04T21:11:46Z, git hash: 3ce520221d0240229c862b122d2b06c12a625732
2019-09-25 12:10:03,607 [main] INFO  handler.ContextHandler (ContextHandler.java:doStart(781)) - Started o.e.j.s.ServletContextHandler@671d1157{/logs,file:///workdir/hadoop-ozone/integration-test/target/log,AVAILABLE}
2019-09-25 12:10:03,607 [main] INFO  handler.ContextHandler (ContextHandler.java:doStart(781)) - Started o.e.j.s.ServletContextHandler@44cffc25{/static,jar:file:/home/user/.m2/repository/org/apache/hadoop/hadoop-hdds-container-service/0.5.0-SNAPSHOT/hadoop-hdds-container-service-0.5.0-SNAPSHOT.jar!/webapps/static,AVAILABLE}
2019-09-25 12:10:03,635 [main] INFO  handler.ContextHandler (ContextHandler.java:doStart(781)) - Started o.e.j.w.WebAppContext@2938127d{/,file:///tmp/jetty-0.0.0.0-40495-hddsDatanode-_-any-7113062068005414289.dir/webapp/,AVAILABLE}{/hddsDatanode}
2019-09-25 12:10:03,636 [main] INFO  server.AbstractConnector (AbstractConnector.java:doStart(278)) - Started ServerConnector@127a7272{HTTP/1.1,[http/1.1]}{0.0.0.0:40495}
2019-09-25 12:10:03,636 [main] INFO  server.Server (Server.java:doStart(419)) - Started @5925ms
2019-09-25 12:10:03,636 [main] WARN  impl.MetricsSystemImpl (MetricsSystemImpl.java:register(276)) - Sink prometheus already exists!
2019-09-25 12:10:03,637 [main] INFO  server.BaseHttpServer (BaseHttpServer.java:updateConnectorAddress(215)) - HTTP server of HDDSDATANODE is listening at http://0.0.0.0:40495
2019-09-25 12:10:03,637 [main] INFO  impl.MetricsSystemImpl (MetricsSystemImpl.java:init(158)) - HddsDatanode metrics system started (again)
2019-09-25 12:10:03,640 [main] INFO  ozone.HddsDatanodeService (HddsDatanodeService.java:start(184)) - HddsDatanodeService host:pr-hdds-1569-shd4m-3693607622 ip:192.168.151.73
2019-09-25 12:10:03,640 [org.apache.hadoop.util.JvmPauseMonitor$Monitor@8eb84b4] INFO  util.JvmPauseMonitor (JvmPauseMonitor.java:run(188)) - Starting JVM pause monitor
2019-09-25 12:10:03,644 [Datanode State Machine Thread - 0] INFO  datanode.InitDatanodeState (InitDatanodeState.java:persistContainerDatanodeDetails(140)) - DatanodeDetails is persisted to /workdir/hadoop-ozone/integration-test/target/test-dir/MiniOzoneClusterImpl-b6380e3c-fb04-4178-98e9-eb7b36240636/datanode-4/meta/datanode.id
2019-09-25 12:10:03,647 [main] INFO  volume.HddsVolume (HddsVolume.java:<init>(176)) - Creating Volume: /workdir/hadoop-ozone/integration-test/target/test-dir/MiniOzoneClusterImpl-b6380e3c-fb04-4178-98e9-eb7b36240636/datanode-5/data/containers/hdds of  storage type : DISK and capacity : 1482555576320
2019-09-25 12:10:03,648 [main] INFO  volume.VolumeSet (VolumeSet.java:initializeVolumeSet(170)) - Added Volume : /workdir/hadoop-ozone/integration-test/target/test-dir/MiniOzoneClusterImpl-b6380e3c-fb04-4178-98e9-eb7b36240636/datanode-5/data/containers/hdds to VolumeSet
2019-09-25 12:10:03,648 [main] INFO  volume.ThrottledAsyncChecker (ThrottledAsyncChecker.java:schedule(139)) - Scheduling a check for org.apache.hadoop.ozone.container.common.volume.HddsVolume@1b956cfa
2019-09-25 12:10:03,648 [main] INFO  volume.HddsVolumeChecker (HddsVolumeChecker.java:checkAllVolumes(202)) - Scheduled health check for volume org.apache.hadoop.ozone.container.common.volume.HddsVolume@1b956cfa
2019-09-25 12:10:03,662 [main] INFO  impl.RaftServerProxy (ConfUtils.java:logGet(43)) - raft.rpc.type = GRPC (default)
2019-09-25 12:10:03,662 [main] INFO  grpc.GrpcFactory (GrpcFactory.java:checkPooledByteBufAllocatorUseCacheForAllThreads(45)) - PERFORMANCE WARNING: useCacheForAllThreads is true that may cause Netty to create a lot garbage objects and, as a result, trigger GC.
	It is recommended to disable useCacheForAllThreads by setting -Dorg.apache.ratis.thirdparty.io.netty.allocator.useCacheForAllThreads=false in command line.
2019-09-25 12:10:03,662 [main] INFO  grpc.GrpcConfigKeys$Server (ConfUtils.java:logGet(43)) - raft.grpc.server.port = 0 (default)
2019-09-25 12:10:03,663 [main] INFO  server.GrpcService (ConfUtils.java:logGet(43)) - raft.grpc.message.size.max = 33570816 (custom)
2019-09-25 12:10:03,663 [main] INFO  server.RaftServerConfigKeys (ConfUtils.java:logGet(43)) - raft.server.log.appender.buffer.byte-limit = 33554432 (custom)
2019-09-25 12:10:03,663 [main] INFO  server.GrpcService (ConfUtils.java:logGet(43)) - raft.grpc.flow.control.window = 1MB (=1048576) (default)
2019-09-25 12:10:03,663 [main] INFO  server.RaftServerConfigKeys (ConfUtils.java:logGet(43)) - raft.server.rpc.request.timeout = 3000ms (default)
2019-09-25 12:10:03,664 [main] INFO  server.RaftServerConfigKeys (ConfUtils.java:logGet(43)) - raft.server.storage.dir = [/workdir/hadoop-ozone/integration-test/target/test-dir/MiniOzoneClusterImpl-b6380e3c-fb04-4178-98e9-eb7b36240636/datanode-5/data/ratis] (custom)
2019-09-25 12:10:03,665 [main] INFO  hdfs.DFSUtil (DFSUtil.java:httpServerTemplateForNNAndJN(1641)) - Starting Web-server for hddsDatanode at: http://0.0.0.0:0
2019-09-25 12:10:03,666 [main] INFO  server.AuthenticationFilter (AuthenticationFilter.java:constructSecretProvider(240)) - Unable to initialize FileSignerSecretProvider, falling back to use random secrets.
2019-09-25 12:10:03,666 [main] WARN  http.HttpRequestLog (HttpRequestLog.java:getRequestLog(97)) - Jetty request log can only be enabled using Log4j
2019-09-25 12:10:03,668 [main] INFO  http.HttpServer2 (HttpServer2.java:addGlobalFilter(975)) - Added global filter 'safety' (class=org.apache.hadoop.http.HttpServer2$QuotingInputFilter)
2019-09-25 12:10:03,668 [main] INFO  http.HttpServer2 (HttpServer2.java:addFilter(948)) - Added filter static_user_filter (class=org.apache.hadoop.http.lib.StaticUserWebFilter$StaticUserFilter) to context hddsDatanode
2019-09-25 12:10:03,668 [main] INFO  http.HttpServer2 (HttpServer2.java:addFilter(958)) - Added filter static_user_filter (class=org.apache.hadoop.http.lib.StaticUserWebFilter$StaticUserFilter) to context static
2019-09-25 12:10:03,668 [main] INFO  http.HttpServer2 (HttpServer2.java:addFilter(958)) - Added filter static_user_filter (class=org.apache.hadoop.http.lib.StaticUserWebFilter$StaticUserFilter) to context logs
2019-09-25 12:10:03,669 [main] INFO  http.HttpServer2 (HttpServer2.java:bindListener(1191)) - Jetty bound to port 46096
2019-09-25 12:10:03,669 [main] INFO  server.Server (Server.java:doStart(351)) - jetty-9.3.25.v20180904, build timestamp: 2018-09-04T21:11:46Z, git hash: 3ce520221d0240229c862b122d2b06c12a625732
2019-09-25 12:10:03,671 [main] INFO  handler.ContextHandler (ContextHandler.java:doStart(781)) - Started o.e.j.s.ServletContextHandler@75de6341{/logs,file:///workdir/hadoop-ozone/integration-test/target/log,AVAILABLE}
2019-09-25 12:10:03,671 [main] INFO  handler.ContextHandler (ContextHandler.java:doStart(781)) - Started o.e.j.s.ServletContextHandler@68f0f72c{/static,jar:file:/home/user/.m2/repository/org/apache/hadoop/hadoop-hdds-container-service/0.5.0-SNAPSHOT/hadoop-hdds-container-service-0.5.0-SNAPSHOT.jar!/webapps/static,AVAILABLE}
2019-09-25 12:10:03,695 [main] INFO  handler.ContextHandler (ContextHandler.java:doStart(781)) - Started o.e.j.w.WebAppContext@2dc3271b{/,file:///tmp/jetty-0.0.0.0-46096-hddsDatanode-_-any-4269631074846063707.dir/webapp/,AVAILABLE}{/hddsDatanode}
2019-09-25 12:10:03,695 [main] INFO  server.AbstractConnector (AbstractConnector.java:doStart(278)) - Started ServerConnector@254f906e{HTTP/1.1,[http/1.1]}{0.0.0.0:46096}
2019-09-25 12:10:03,696 [main] INFO  server.Server (Server.java:doStart(419)) - Started @5985ms
2019-09-25 12:10:03,696 [main] WARN  impl.MetricsSystemImpl (MetricsSystemImpl.java:register(276)) - Sink prometheus already exists!
2019-09-25 12:10:03,696 [main] INFO  server.BaseHttpServer (BaseHttpServer.java:updateConnectorAddress(215)) - HTTP server of HDDSDATANODE is listening at http://0.0.0.0:46096
2019-09-25 12:10:03,697 [main] INFO  impl.MetricsSystemImpl (MetricsSystemImpl.java:init(158)) - HddsDatanode metrics system started (again)
2019-09-25 12:10:03,700 [main] INFO  ozone.HddsDatanodeService (HddsDatanodeService.java:start(184)) - HddsDatanodeService host:pr-hdds-1569-shd4m-3693607622 ip:192.168.151.73
2019-09-25 12:10:03,700 [org.apache.hadoop.util.JvmPauseMonitor$Monitor@6a0993e0] INFO  util.JvmPauseMonitor (JvmPauseMonitor.java:run(188)) - Starting JVM pause monitor
2019-09-25 12:10:03,703 [Datanode State Machine Thread - 0] INFO  datanode.InitDatanodeState (InitDatanodeState.java:persistContainerDatanodeDetails(140)) - DatanodeDetails is persisted to /workdir/hadoop-ozone/integration-test/target/test-dir/MiniOzoneClusterImpl-b6380e3c-fb04-4178-98e9-eb7b36240636/datanode-5/meta/datanode.id
2019-09-25 12:10:03,705 [main] INFO  volume.HddsVolume (HddsVolume.java:<init>(176)) - Creating Volume: /workdir/hadoop-ozone/integration-test/target/test-dir/MiniOzoneClusterImpl-b6380e3c-fb04-4178-98e9-eb7b36240636/datanode-6/data/containers/hdds of  storage type : DISK and capacity : 1482555576320
2019-09-25 12:10:03,706 [main] INFO  volume.VolumeSet (VolumeSet.java:initializeVolumeSet(170)) - Added Volume : /workdir/hadoop-ozone/integration-test/target/test-dir/MiniOzoneClusterImpl-b6380e3c-fb04-4178-98e9-eb7b36240636/datanode-6/data/containers/hdds to VolumeSet
2019-09-25 12:10:03,706 [main] INFO  volume.ThrottledAsyncChecker (ThrottledAsyncChecker.java:schedule(139)) - Scheduling a check for org.apache.hadoop.ozone.container.common.volume.HddsVolume@68868328
2019-09-25 12:10:03,706 [main] INFO  volume.HddsVolumeChecker (HddsVolumeChecker.java:checkAllVolumes(202)) - Scheduled health check for volume org.apache.hadoop.ozone.container.common.volume.HddsVolume@68868328
2019-09-25 12:10:03,717 [main] INFO  impl.RaftServerProxy (ConfUtils.java:logGet(43)) - raft.rpc.type = GRPC (default)
2019-09-25 12:10:03,717 [main] INFO  grpc.GrpcFactory (GrpcFactory.java:checkPooledByteBufAllocatorUseCacheForAllThreads(45)) - PERFORMANCE WARNING: useCacheForAllThreads is true that may cause Netty to create a lot garbage objects and, as a result, trigger GC.
	It is recommended to disable useCacheForAllThreads by setting -Dorg.apache.ratis.thirdparty.io.netty.allocator.useCacheForAllThreads=false in command line.
2019-09-25 12:10:03,718 [main] INFO  grpc.GrpcConfigKeys$Server (ConfUtils.java:logGet(43)) - raft.grpc.server.port = 0 (default)
2019-09-25 12:10:03,718 [main] INFO  server.GrpcService (ConfUtils.java:logGet(43)) - raft.grpc.message.size.max = 33570816 (custom)
2019-09-25 12:10:03,718 [main] INFO  server.RaftServerConfigKeys (ConfUtils.java:logGet(43)) - raft.server.log.appender.buffer.byte-limit = 33554432 (custom)
2019-09-25 12:10:03,718 [main] INFO  server.GrpcService (ConfUtils.java:logGet(43)) - raft.grpc.flow.control.window = 1MB (=1048576) (default)
2019-09-25 12:10:03,718 [main] INFO  server.RaftServerConfigKeys (ConfUtils.java:logGet(43)) - raft.server.rpc.request.timeout = 3000ms (default)
2019-09-25 12:10:03,719 [main] INFO  server.RaftServerConfigKeys (ConfUtils.java:logGet(43)) - raft.server.storage.dir = [/workdir/hadoop-ozone/integration-test/target/test-dir/MiniOzoneClusterImpl-b6380e3c-fb04-4178-98e9-eb7b36240636/datanode-6/data/ratis] (custom)
2019-09-25 12:10:03,720 [main] INFO  hdfs.DFSUtil (DFSUtil.java:httpServerTemplateForNNAndJN(1641)) - Starting Web-server for hddsDatanode at: http://0.0.0.0:0
2019-09-25 12:10:03,721 [main] INFO  server.AuthenticationFilter (AuthenticationFilter.java:constructSecretProvider(240)) - Unable to initialize FileSignerSecretProvider, falling back to use random secrets.
2019-09-25 12:10:03,721 [main] WARN  http.HttpRequestLog (HttpRequestLog.java:getRequestLog(97)) - Jetty request log can only be enabled using Log4j
2019-09-25 12:10:03,723 [main] INFO  http.HttpServer2 (HttpServer2.java:addGlobalFilter(975)) - Added global filter 'safety' (class=org.apache.hadoop.http.HttpServer2$QuotingInputFilter)
2019-09-25 12:10:03,723 [main] INFO  http.HttpServer2 (HttpServer2.java:addFilter(948)) - Added filter static_user_filter (class=org.apache.hadoop.http.lib.StaticUserWebFilter$StaticUserFilter) to context hddsDatanode
2019-09-25 12:10:03,723 [main] INFO  http.HttpServer2 (HttpServer2.java:addFilter(958)) - Added filter static_user_filter (class=org.apache.hadoop.http.lib.StaticUserWebFilter$StaticUserFilter) to context static
2019-09-25 12:10:03,724 [main] INFO  http.HttpServer2 (HttpServer2.java:addFilter(958)) - Added filter static_user_filter (class=org.apache.hadoop.http.lib.StaticUserWebFilter$StaticUserFilter) to context logs
2019-09-25 12:10:03,724 [main] INFO  http.HttpServer2 (HttpServer2.java:bindListener(1191)) - Jetty bound to port 41568
2019-09-25 12:10:03,724 [main] INFO  server.Server (Server.java:doStart(351)) - jetty-9.3.25.v20180904, build timestamp: 2018-09-04T21:11:46Z, git hash: 3ce520221d0240229c862b122d2b06c12a625732
2019-09-25 12:10:03,726 [main] INFO  handler.ContextHandler (ContextHandler.java:doStart(781)) - Started o.e.j.s.ServletContextHandler@574a89e2{/logs,file:///workdir/hadoop-ozone/integration-test/target/log,AVAILABLE}
2019-09-25 12:10:03,727 [main] INFO  handler.ContextHandler (ContextHandler.java:doStart(781)) - Started o.e.j.s.ServletContextHandler@3dd31157{/static,jar:file:/home/user/.m2/repository/org/apache/hadoop/hadoop-hdds-container-service/0.5.0-SNAPSHOT/hadoop-hdds-container-service-0.5.0-SNAPSHOT.jar!/webapps/static,AVAILABLE}
2019-09-25 12:10:03,748 [main] INFO  handler.ContextHandler (ContextHandler.java:doStart(781)) - Started o.e.j.w.WebAppContext@6d6bbd35{/,file:///tmp/jetty-0.0.0.0-41568-hddsDatanode-_-any-4461294672079189962.dir/webapp/,AVAILABLE}{/hddsDatanode}
2019-09-25 12:10:03,748 [main] INFO  server.AbstractConnector (AbstractConnector.java:doStart(278)) - Started ServerConnector@5c5d6175{HTTP/1.1,[http/1.1]}{0.0.0.0:41568}
2019-09-25 12:10:03,749 [main] INFO  server.Server (Server.java:doStart(419)) - Started @6038ms
2019-09-25 12:10:03,749 [main] WARN  impl.MetricsSystemImpl (MetricsSystemImpl.java:register(276)) - Sink prometheus already exists!
2019-09-25 12:10:03,749 [main] INFO  server.BaseHttpServer (BaseHttpServer.java:updateConnectorAddress(215)) - HTTP server of HDDSDATANODE is listening at http://0.0.0.0:41568
2019-09-25 12:10:03,751 [main] INFO  ozone.MiniOzoneClusterImpl (MiniOzoneClusterImpl.java:lambda$waitForClusterToBeReady$0(147)) - Waiting for cluster to be ready. Got 0 of 7 DN Heartbeats.
2019-09-25 12:10:03,753 [org.apache.hadoop.util.JvmPauseMonitor$Monitor@3f272eb8] INFO  util.JvmPauseMonitor (JvmPauseMonitor.java:run(188)) - Starting JVM pause monitor
2019-09-25 12:10:03,756 [Datanode State Machine Thread - 0] INFO  datanode.InitDatanodeState (InitDatanodeState.java:persistContainerDatanodeDetails(140)) - DatanodeDetails is persisted to /workdir/hadoop-ozone/integration-test/target/test-dir/MiniOzoneClusterImpl-b6380e3c-fb04-4178-98e9-eb7b36240636/datanode-6/meta/datanode.id
2019-09-25 12:10:04,752 [main] INFO  ozone.MiniOzoneClusterImpl (MiniOzoneClusterImpl.java:lambda$waitForClusterToBeReady$0(147)) - Waiting for cluster to be ready. Got 0 of 7 DN Heartbeats.
2019-09-25 12:10:05,426 [Datanode State Machine Thread - 0] INFO  ozoneimpl.OzoneContainer (OzoneContainer.java:start(217)) - Attempting to start container services.
2019-09-25 12:10:05,430 [Datanode State Machine Thread - 0] INFO  ozoneimpl.OzoneContainer (OzoneContainer.java:startContainerScrub(179)) - Background container scanner has been disabled.
2019-09-25 12:10:05,431 [Datanode State Machine Thread - 0] INFO  ratis.XceiverServerRatis (XceiverServerRatis.java:start(411)) - Starting XceiverServerRatis 75407fdb-c05d-4d79-b869-4dab60013158 at port 0
2019-09-25 12:10:05,453 [Datanode State Machine Thread - 0] INFO  ozoneimpl.OzoneContainer (OzoneContainer.java:start(217)) - Attempting to start container services.
2019-09-25 12:10:05,463 [Datanode State Machine Thread - 0] INFO  ozoneimpl.OzoneContainer (OzoneContainer.java:startContainerScrub(179)) - Background container scanner has been disabled.
2019-09-25 12:10:05,463 [Datanode State Machine Thread - 0] INFO  ratis.XceiverServerRatis (XceiverServerRatis.java:start(411)) - Starting XceiverServerRatis 98c6e6f4-875d-42de-b8a9-30ed89dcc8e7 at port 0
2019-09-25 12:10:05,470 [Datanode State Machine Thread - 0] INFO  impl.RaftServerProxy (RaftServerProxy.java:lambda$start$3(299)) - 75407fdb-c05d-4d79-b869-4dab60013158: start RPC server
2019-09-25 12:10:05,483 [Datanode State Machine Thread - 0] INFO  impl.RaftServerProxy (RaftServerProxy.java:lambda$start$3(299)) - 98c6e6f4-875d-42de-b8a9-30ed89dcc8e7: start RPC server
2019-09-25 12:10:05,524 [Datanode State Machine Thread - 0] INFO  ozoneimpl.OzoneContainer (OzoneContainer.java:start(217)) - Attempting to start container services.
2019-09-25 12:10:05,529 [Datanode State Machine Thread - 0] INFO  ozoneimpl.OzoneContainer (OzoneContainer.java:startContainerScrub(179)) - Background container scanner has been disabled.
2019-09-25 12:10:05,530 [Datanode State Machine Thread - 0] INFO  ratis.XceiverServerRatis (XceiverServerRatis.java:start(411)) - Starting XceiverServerRatis 60ced751-3023-4654-af5b-403edbc93820 at port 0
2019-09-25 12:10:05,540 [Datanode State Machine Thread - 0] INFO  impl.RaftServerProxy (RaftServerProxy.java:lambda$start$3(299)) - 60ced751-3023-4654-af5b-403edbc93820: start RPC server
2019-09-25 12:10:05,595 [Datanode State Machine Thread - 0] INFO  ozoneimpl.OzoneContainer (OzoneContainer.java:start(217)) - Attempting to start container services.
2019-09-25 12:10:05,596 [Datanode State Machine Thread - 0] INFO  ozoneimpl.OzoneContainer (OzoneContainer.java:startContainerScrub(179)) - Background container scanner has been disabled.
2019-09-25 12:10:05,596 [Datanode State Machine Thread - 0] INFO  ratis.XceiverServerRatis (XceiverServerRatis.java:start(411)) - Starting XceiverServerRatis e9a0ea36-247e-456c-8e42-8632faf34d05 at port 0
2019-09-25 12:10:05,607 [Datanode State Machine Thread - 0] INFO  impl.RaftServerProxy (RaftServerProxy.java:lambda$start$3(299)) - e9a0ea36-247e-456c-8e42-8632faf34d05: start RPC server
2019-09-25 12:10:05,664 [Datanode State Machine Thread - 0] INFO  ozoneimpl.OzoneContainer (OzoneContainer.java:start(217)) - Attempting to start container services.
2019-09-25 12:10:05,665 [Datanode State Machine Thread - 0] INFO  ozoneimpl.OzoneContainer (OzoneContainer.java:startContainerScrub(179)) - Background container scanner has been disabled.
2019-09-25 12:10:05,665 [Datanode State Machine Thread - 0] INFO  ratis.XceiverServerRatis (XceiverServerRatis.java:start(411)) - Starting XceiverServerRatis efb2beac-26e0-4b3b-9934-2458c1147cfd at port 0
2019-09-25 12:10:05,676 [Datanode State Machine Thread - 0] INFO  server.GrpcService (GrpcService.java:startImpl(158)) - 75407fdb-c05d-4d79-b869-4dab60013158: GrpcService started, listening on 0.0.0.0/0.0.0.0:41746
2019-09-25 12:10:05,676 [Datanode State Machine Thread - 0] INFO  server.GrpcService (GrpcService.java:startImpl(158)) - e9a0ea36-247e-456c-8e42-8632faf34d05: GrpcService started, listening on 0.0.0.0/0.0.0.0:42435
2019-09-25 12:10:05,676 [Datanode State Machine Thread - 0] INFO  server.GrpcService (GrpcService.java:startImpl(158)) - 98c6e6f4-875d-42de-b8a9-30ed89dcc8e7: GrpcService started, listening on 0.0.0.0/0.0.0.0:46765
2019-09-25 12:10:05,676 [Datanode State Machine Thread - 0] INFO  server.GrpcService (GrpcService.java:startImpl(158)) - 60ced751-3023-4654-af5b-403edbc93820: GrpcService started, listening on 0.0.0.0/0.0.0.0:39742
2019-09-25 12:10:05,678 [Datanode State Machine Thread - 0] INFO  impl.RaftServerProxy (RaftServerProxy.java:lambda$start$3(299)) - efb2beac-26e0-4b3b-9934-2458c1147cfd: start RPC server
2019-09-25 12:10:05,679 [Datanode State Machine Thread - 0] INFO  ratis.XceiverServerRatis (XceiverServerRatis.java:start(421)) - XceiverServerRatis 60ced751-3023-4654-af5b-403edbc93820 is started using port 39742
2019-09-25 12:10:05,678 [Datanode State Machine Thread - 0] INFO  ratis.XceiverServerRatis (XceiverServerRatis.java:start(421)) - XceiverServerRatis 98c6e6f4-875d-42de-b8a9-30ed89dcc8e7 is started using port 46765
2019-09-25 12:10:05,678 [Datanode State Machine Thread - 0] INFO  ratis.XceiverServerRatis (XceiverServerRatis.java:start(421)) - XceiverServerRatis e9a0ea36-247e-456c-8e42-8632faf34d05 is started using port 42435
2019-09-25 12:10:05,678 [Datanode State Machine Thread - 0] INFO  ratis.XceiverServerRatis (XceiverServerRatis.java:start(421)) - XceiverServerRatis 75407fdb-c05d-4d79-b869-4dab60013158 is started using port 41746
2019-09-25 12:10:05,682 [Datanode State Machine Thread - 0] INFO  server.GrpcService (GrpcService.java:startImpl(158)) - efb2beac-26e0-4b3b-9934-2458c1147cfd: GrpcService started, listening on 0.0.0.0/0.0.0.0:43064
2019-09-25 12:10:05,682 [Datanode State Machine Thread - 0] INFO  ratis.XceiverServerRatis (XceiverServerRatis.java:start(421)) - XceiverServerRatis efb2beac-26e0-4b3b-9934-2458c1147cfd is started using port 43064
2019-09-25 12:10:05,692 [Datanode State Machine Thread - 0] INFO  server.XceiverServerGrpc (XceiverServerGrpc.java:start(149)) - XceiverServerGrpc 75407fdb-c05d-4d79-b869-4dab60013158 is started using port 43350
2019-09-25 12:10:05,692 [Datanode State Machine Thread - 0] INFO  server.XceiverServerGrpc (XceiverServerGrpc.java:start(149)) - XceiverServerGrpc efb2beac-26e0-4b3b-9934-2458c1147cfd is started using port 36619
2019-09-25 12:10:05,693 [Datanode State Machine Thread - 0] INFO  server.XceiverServerGrpc (XceiverServerGrpc.java:start(149)) - XceiverServerGrpc 60ced751-3023-4654-af5b-403edbc93820 is started using port 34628
2019-09-25 12:10:05,693 [Datanode State Machine Thread - 0] INFO  server.XceiverServerGrpc (XceiverServerGrpc.java:start(149)) - XceiverServerGrpc 98c6e6f4-875d-42de-b8a9-30ed89dcc8e7 is started using port 36286
2019-09-25 12:10:05,693 [Datanode State Machine Thread - 0] INFO  server.XceiverServerGrpc (XceiverServerGrpc.java:start(149)) - XceiverServerGrpc e9a0ea36-247e-456c-8e42-8632faf34d05 is started using port 36421
2019-09-25 12:10:05,716 [Datanode State Machine Thread - 0] INFO  ozoneimpl.OzoneContainer (OzoneContainer.java:start(217)) - Attempting to start container services.
2019-09-25 12:10:05,717 [Datanode State Machine Thread - 0] INFO  ozoneimpl.OzoneContainer (OzoneContainer.java:startContainerScrub(179)) - Background container scanner has been disabled.
2019-09-25 12:10:05,717 [Datanode State Machine Thread - 0] INFO  ratis.XceiverServerRatis (XceiverServerRatis.java:start(411)) - Starting XceiverServerRatis c7bed0cc-269f-4b54-bb5a-2be104ddf1a5 at port 0
2019-09-25 12:10:05,724 [Datanode State Machine Thread - 0] INFO  impl.RaftServerProxy (RaftServerProxy.java:lambda$start$3(299)) - c7bed0cc-269f-4b54-bb5a-2be104ddf1a5: start RPC server
2019-09-25 12:10:05,726 [Datanode State Machine Thread - 0] INFO  server.GrpcService (GrpcService.java:startImpl(158)) - c7bed0cc-269f-4b54-bb5a-2be104ddf1a5: GrpcService started, listening on 0.0.0.0/0.0.0.0:42323
2019-09-25 12:10:05,726 [Datanode State Machine Thread - 0] INFO  ratis.XceiverServerRatis (XceiverServerRatis.java:start(421)) - XceiverServerRatis c7bed0cc-269f-4b54-bb5a-2be104ddf1a5 is started using port 42323
2019-09-25 12:10:05,729 [Datanode State Machine Thread - 0] INFO  server.XceiverServerGrpc (XceiverServerGrpc.java:start(149)) - XceiverServerGrpc c7bed0cc-269f-4b54-bb5a-2be104ddf1a5 is started using port 45630
2019-09-25 12:10:05,753 [main] INFO  ozone.MiniOzoneClusterImpl (MiniOzoneClusterImpl.java:lambda$waitForClusterToBeReady$0(147)) - Waiting for cluster to be ready. Got 0 of 7 DN Heartbeats.
2019-09-25 12:10:05,767 [Datanode State Machine Thread - 0] INFO  ozoneimpl.OzoneContainer (OzoneContainer.java:start(217)) - Attempting to start container services.
2019-09-25 12:10:05,768 [Datanode State Machine Thread - 0] INFO  ozoneimpl.OzoneContainer (OzoneContainer.java:startContainerScrub(179)) - Background container scanner has been disabled.
2019-09-25 12:10:05,768 [Datanode State Machine Thread - 0] INFO  ratis.XceiverServerRatis (XceiverServerRatis.java:start(411)) - Starting XceiverServerRatis e1810a45-b9a3-4acb-b85d-088610f584f2 at port 0
2019-09-25 12:10:05,777 [Datanode State Machine Thread - 0] INFO  impl.RaftServerProxy (RaftServerProxy.java:lambda$start$3(299)) - e1810a45-b9a3-4acb-b85d-088610f584f2: start RPC server
2019-09-25 12:10:05,780 [Datanode State Machine Thread - 0] INFO  server.GrpcService (GrpcService.java:startImpl(158)) - e1810a45-b9a3-4acb-b85d-088610f584f2: GrpcService started, listening on 0.0.0.0/0.0.0.0:46771
2019-09-25 12:10:05,781 [Datanode State Machine Thread - 0] INFO  ratis.XceiverServerRatis (XceiverServerRatis.java:start(421)) - XceiverServerRatis e1810a45-b9a3-4acb-b85d-088610f584f2 is started using port 46771
2019-09-25 12:10:05,784 [Datanode State Machine Thread - 0] INFO  server.XceiverServerGrpc (XceiverServerGrpc.java:start(149)) - XceiverServerGrpc e1810a45-b9a3-4acb-b85d-088610f584f2 is started using port 41484
2019-09-25 12:10:06,754 [main] INFO  ozone.MiniOzoneClusterImpl (MiniOzoneClusterImpl.java:lambda$waitForClusterToBeReady$0(147)) - Waiting for cluster to be ready. Got 0 of 7 DN Heartbeats.
2019-09-25 12:10:07,414 [IPC Server handler 2 on 33307] INFO  net.NetworkTopology (NetworkTopologyImpl.java:add(111)) - Added a new node: /default-rack/75407fdb-c05d-4d79-b869-4dab60013158
2019-09-25 12:10:07,415 [IPC Server handler 2 on 33307] INFO  node.SCMNodeManager (SCMNodeManager.java:register(266)) - Registered Data node : 75407fdb-c05d-4d79-b869-4dab60013158{ip: 192.168.151.73, host: pr-hdds-1569-shd4m-3693607622, networkLocation: /default-rack, certSerialId: null}
2019-09-25 12:10:07,420 [EventQueue-NodeRegistrationContainerReportForDataNodeSafeModeRule] INFO  safemode.SCMSafeModeManager (DataNodeSafeModeRule.java:process(71)) - SCM in safe mode. 1 DataNodes registered, 1 required.
2019-09-25 12:10:07,421 [EventQueue-NodeRegistrationContainerReportForDataNodeSafeModeRule] INFO  safemode.SCMSafeModeManager (SCMSafeModeManager.java:validateSafeModeExitRules(177)) - ScmSafeModeManager, all rules are successfully validated
2019-09-25 12:10:07,421 [EventQueue-NodeRegistrationContainerReportForDataNodeSafeModeRule] INFO  safemode.SCMSafeModeManager (SCMSafeModeManager.java:exitSafeMode(193)) - SCM exiting safe mode.
2019-09-25 12:10:07,439 [IPC Server handler 1 on 33307] INFO  net.NetworkTopology (NetworkTopologyImpl.java:add(111)) - Added a new node: /default-rack/98c6e6f4-875d-42de-b8a9-30ed89dcc8e7
2019-09-25 12:10:07,439 [IPC Server handler 1 on 33307] INFO  node.SCMNodeManager (SCMNodeManager.java:register(266)) - Registered Data node : 98c6e6f4-875d-42de-b8a9-30ed89dcc8e7{ip: 192.168.151.73, host: pr-hdds-1569-shd4m-3693607622, networkLocation: /default-rack, certSerialId: null}
2019-09-25 12:10:07,511 [IPC Server handler 3 on 33307] INFO  net.NetworkTopology (NetworkTopologyImpl.java:add(111)) - Added a new node: /default-rack/60ced751-3023-4654-af5b-403edbc93820
2019-09-25 12:10:07,511 [IPC Server handler 3 on 33307] INFO  node.SCMNodeManager (SCMNodeManager.java:register(266)) - Registered Data node : 60ced751-3023-4654-af5b-403edbc93820{ip: 192.168.151.73, host: pr-hdds-1569-shd4m-3693607622, networkLocation: /default-rack, certSerialId: null}
2019-09-25 12:10:07,579 [IPC Server handler 4 on 33307] INFO  net.NetworkTopology (NetworkTopologyImpl.java:add(111)) - Added a new node: /default-rack/e9a0ea36-247e-456c-8e42-8632faf34d05
2019-09-25 12:10:07,580 [IPC Server handler 4 on 33307] INFO  node.SCMNodeManager (SCMNodeManager.java:register(266)) - Registered Data node : e9a0ea36-247e-456c-8e42-8632faf34d05{ip: 192.168.151.73, host: pr-hdds-1569-shd4m-3693607622, networkLocation: /default-rack, certSerialId: null}
2019-09-25 12:10:07,649 [IPC Server handler 5 on 33307] INFO  net.NetworkTopology (NetworkTopologyImpl.java:add(111)) - Added a new node: /default-rack/efb2beac-26e0-4b3b-9934-2458c1147cfd
2019-09-25 12:10:07,649 [IPC Server handler 5 on 33307] INFO  node.SCMNodeManager (SCMNodeManager.java:register(266)) - Registered Data node : efb2beac-26e0-4b3b-9934-2458c1147cfd{ip: 192.168.151.73, host: pr-hdds-1569-shd4m-3693607622, networkLocation: /default-rack, certSerialId: null}
2019-09-25 12:10:07,704 [IPC Server handler 12 on 33307] INFO  net.NetworkTopology (NetworkTopologyImpl.java:add(111)) - Added a new node: /default-rack/c7bed0cc-269f-4b54-bb5a-2be104ddf1a5
2019-09-25 12:10:07,704 [IPC Server handler 12 on 33307] INFO  node.SCMNodeManager (SCMNodeManager.java:register(266)) - Registered Data node : c7bed0cc-269f-4b54-bb5a-2be104ddf1a5{ip: 192.168.151.73, host: pr-hdds-1569-shd4m-3693607622, networkLocation: /default-rack, certSerialId: null}
2019-09-25 12:10:07,755 [main] INFO  ozone.MiniOzoneClusterImpl (MiniOzoneClusterImpl.java:lambda$waitForClusterToBeReady$0(147)) - Waiting for cluster to be ready. Got 6 of 7 DN Heartbeats.
2019-09-25 12:10:07,756 [IPC Server handler 2 on 33307] INFO  net.NetworkTopology (NetworkTopologyImpl.java:add(111)) - Added a new node: /default-rack/e1810a45-b9a3-4acb-b85d-088610f584f2
2019-09-25 12:10:07,756 [IPC Server handler 2 on 33307] INFO  node.SCMNodeManager (SCMNodeManager.java:register(266)) - Registered Data node : e1810a45-b9a3-4acb-b85d-088610f584f2{ip: 192.168.151.73, host: pr-hdds-1569-shd4m-3693607622, networkLocation: /default-rack, certSerialId: null}
2019-09-25 12:10:08,020 [grpc-default-executor-0] INFO  impl.RaftServerProxy (RaftServerProxy.java:addNew(89)) - 75407fdb-c05d-4d79-b869-4dab60013158: addNew group-F1F90E5AAD12:[75407fdb-c05d-4d79-b869-4dab60013158:192.168.151.73:41746] returns group-F1F90E5AAD12:java.util.concurrent.CompletableFuture@1e49a118[Not completed]
2019-09-25 12:10:08,044 [pool-27-thread-1] INFO  impl.RaftServerImpl (RaftServerImpl.java:<init>(95)) - 75407fdb-c05d-4d79-b869-4dab60013158: new RaftServerImpl for group-F1F90E5AAD12:[75407fdb-c05d-4d79-b869-4dab60013158:192.168.151.73:41746] with ContainerStateMachine:uninitialized
2019-09-25 12:10:08,047 [pool-27-thread-1] INFO  server.RaftServerConfigKeys (ConfUtils.java:logGet(43)) - raft.server.rpc.timeout.min = 5s (custom)
2019-09-25 12:10:08,048 [pool-27-thread-1] INFO  server.RaftServerConfigKeys (ConfUtils.java:logGet(43)) - raft.server.rpc.timeout.max = 5200ms (custom)
2019-09-25 12:10:08,049 [pool-27-thread-1] INFO  server.RaftServerConfigKeys (ConfUtils.java:logGet(43)) - raft.server.rpcslowness.timeout = 120s (custom)
2019-09-25 12:10:08,050 [pool-27-thread-1] INFO  server.RaftServerConfigKeys (ConfUtils.java:logGet(43)) - raft.server.sleep.deviation.threshold = 300 (default)
2019-09-25 12:10:08,051 [pool-27-thread-1] INFO  server.RaftServerConfigKeys (ConfUtils.java:logGet(43)) - raft.server.log.appender.install.snapshot.enabled = false (custom)
2019-09-25 12:10:08,061 [pool-27-thread-1] INFO  impl.RaftServerImpl (ServerState.java:<init>(103)) - 75407fdb-c05d-4d79-b869-4dab60013158@group-F1F90E5AAD12: ConfigurationManager, init=-1: [75407fdb-c05d-4d79-b869-4dab60013158:192.168.151.73:41746], old=null, confs=<EMPTY_MAP>
2019-09-25 12:10:08,061 [pool-27-thread-1] INFO  server.RaftServerConfigKeys (ConfUtils.java:logGet(43)) - raft.server.storage.dir = [/workdir/hadoop-ozone/integration-test/target/test-dir/MiniOzoneClusterImpl-b6380e3c-fb04-4178-98e9-eb7b36240636/datanode-0/data/ratis] (custom)
2019-09-25 12:10:08,071 [pool-27-thread-1] INFO  storage.RaftStorageDirectory (RaftStorageDirectory.java:analyzeStorage(246)) - The storage directory /workdir/hadoop-ozone/integration-test/target/test-dir/MiniOzoneClusterImpl-b6380e3c-fb04-4178-98e9-eb7b36240636/datanode-0/data/ratis/48c8cb54-4cc9-4f00-8199-f1f90e5aad12 does not exist. Creating ...
2019-09-25 12:10:08,089 [pool-27-thread-1] INFO  storage.RaftStorageDirectory (RaftStorageDirectory.java:tryLock(328)) - Lock on /workdir/hadoop-ozone/integration-test/target/test-dir/MiniOzoneClusterImpl-b6380e3c-fb04-4178-98e9-eb7b36240636/datanode-0/data/ratis/48c8cb54-4cc9-4f00-8199-f1f90e5aad12/in_use.lock acquired by nodename 9481@pr-hdds-1569-shd4m-3693607622
2019-09-25 12:10:08,106 [pool-27-thread-1] INFO  storage.RaftStorage (RaftStorage.java:format(72)) - Storage directory /workdir/hadoop-ozone/integration-test/target/test-dir/MiniOzoneClusterImpl-b6380e3c-fb04-4178-98e9-eb7b36240636/datanode-0/data/ratis/48c8cb54-4cc9-4f00-8199-f1f90e5aad12 has been successfully formatted.
2019-09-25 12:10:08,110 [pool-27-thread-1] INFO  ratis.ContainerStateMachine (ContainerStateMachine.java:loadSnapshot(230)) - group-F1F90E5AAD12: The snapshot info is null. Setting the last applied indexto:(t:0, i:~)
2019-09-25 12:10:08,110 [pool-27-thread-1] INFO  server.RaftServerConfigKeys (ConfUtils.java:logGet(43)) - raft.server.notification.no-leader.timeout = 120s (custom)
2019-09-25 12:10:08,114 [pool-27-thread-1] INFO  server.RaftServerConfigKeys (ConfUtils.java:logGet(43)) - raft.server.log.use.memory = false (default)
2019-09-25 12:10:08,123 [pool-27-thread-1] INFO  server.RaftServerConfigKeys (ConfUtils.java:logGet(43)) - raft.server.log.purge.gap = 1000000 (custom)
2019-09-25 12:10:08,123 [pool-27-thread-1] INFO  server.RaftServerConfigKeys (ConfUtils.java:logGet(43)) - raft.server.log.appender.buffer.byte-limit = 33554432 (custom)
2019-09-25 12:10:08,126 [pool-27-thread-1] INFO  server.RaftServerConfigKeys (ConfUtils.java:logGet(43)) - raft.server.log.segment.size.max = 1048576 (custom)
2019-09-25 12:10:08,133 [pool-27-thread-1] INFO  server.RaftServerConfigKeys (ConfUtils.java:logGet(43)) - raft.server.log.segment.cache.num.max = 2 (custom)
2019-09-25 12:10:08,141 [pool-27-thread-1] INFO  segmented.SegmentedRaftLogWorker (SegmentedRaftLogWorker.java:<init>(172)) - new 75407fdb-c05d-4d79-b869-4dab60013158@group-F1F90E5AAD12-SegmentedRaftLogWorker for RaftStorage:Storage Directory /workdir/hadoop-ozone/integration-test/target/test-dir/MiniOzoneClusterImpl-b6380e3c-fb04-4178-98e9-eb7b36240636/datanode-0/data/ratis/48c8cb54-4cc9-4f00-8199-f1f90e5aad12
2019-09-25 12:10:08,144 [pool-27-thread-1] INFO  impl.MetricsSystemImpl (MetricsSystemImpl.java:init(158)) - ratis metrics system started (again)
2019-09-25 12:10:08,152 [pool-27-thread-1] INFO  metrics.MetricRegistries (MetricRegistriesLoader.java:load(64)) - Loaded MetricRegistries class org.apache.ratis.metrics.impl.MetricRegistriesImpl
2019-09-25 12:10:08,197 [pool-27-thread-1] INFO  server.RaftServerConfigKeys (ConfUtils.java:logGet(43)) - raft.server.log.queue.byte-limit = 2147483647 (custom)
2019-09-25 12:10:08,198 [pool-27-thread-1] INFO  server.RaftServerConfigKeys (ConfUtils.java:logGet(43)) - raft.server.log.queue.element-limit = 1024 (custom)
2019-09-25 12:10:08,202 [pool-27-thread-1] INFO  server.RaftServerConfigKeys (ConfUtils.java:logGet(43)) - raft.server.log.segment.size.max = 1048576 (custom)
2019-09-25 12:10:08,202 [pool-27-thread-1] INFO  server.RaftServerConfigKeys (ConfUtils.java:logGet(43)) - raft.server.log.preallocated.size = 16384 (custom)
2019-09-25 12:10:08,203 [pool-27-thread-1] INFO  server.RaftServerConfigKeys (ConfUtils.java:logGet(43)) - raft.server.log.write.buffer.size = 33554432 (custom)
2019-09-25 12:10:08,203 [pool-27-thread-1] INFO  server.RaftServerConfigKeys (ConfUtils.java:logGet(43)) - raft.server.log.force.sync.num = 128 (default)
2019-09-25 12:10:08,205 [pool-27-thread-1] INFO  server.RaftServerConfigKeys (ConfUtils.java:logGet(43)) - raft.server.log.statemachine.data.sync = true (default)
2019-09-25 12:10:08,205 [pool-27-thread-1] INFO  server.RaftServerConfigKeys (ConfUtils.java:logGet(43)) - raft.server.log.statemachine.data.sync.timeout = 10s (default)
2019-09-25 12:10:08,205 [pool-27-thread-1] INFO  server.RaftServerConfigKeys (ConfUtils.java:logGet(43)) - raft.server.log.statemachine.data.sync.timeout.retry = -1 (default)
2019-09-25 12:10:08,216 [pool-27-thread-1] INFO  server.RaftServerConfigKeys (ConfUtils.java:logGet(43)) - raft.server.log.statemachine.data.caching.enabled = true (custom)
2019-09-25 12:10:08,221 [pool-27-thread-1] INFO  segmented.SegmentedRaftLogWorker (SegmentedRaftLogWorker.java:lambda$new$0(132)) - 75407fdb-c05d-4d79-b869-4dab60013158@group-F1F90E5AAD12-SegmentedRaftLogWorker: flushIndex: setUnconditionally 0 -> -1
2019-09-25 12:10:08,225 [pool-27-thread-1] INFO  server.RaftServerConfigKeys (ConfUtils.java:logGet(43)) - raft.server.snapshot.auto.trigger.enabled = true (custom)
2019-09-25 12:10:08,226 [pool-27-thread-1] INFO  server.RaftServerConfigKeys (ConfUtils.java:logGet(43)) - raft.server.snapshot.auto.trigger.threshold = 10000 (custom)
2019-09-25 12:10:08,227 [pool-27-thread-1] INFO  server.RaftServerConfigKeys (ConfUtils.java:logGet(43)) - raft.server.snapshot.retention.num.files = 5 (custom)
2019-09-25 12:10:08,228 [pool-27-thread-1] INFO  server.RaftServerConfigKeys (ConfUtils.java:logGet(43)) - raft.server.retrycache.expirytime = 600000ms (custom)
2019-09-25 12:10:08,256 [pool-27-thread-1] INFO  impl.RaftServerImpl (RaftServerImpl.java:start(185)) - 75407fdb-c05d-4d79-b869-4dab60013158@group-F1F90E5AAD12: start as a follower, conf=-1: [75407fdb-c05d-4d79-b869-4dab60013158:192.168.151.73:41746], old=null
2019-09-25 12:10:08,257 [pool-27-thread-1] INFO  impl.RaftServerImpl (RaftServerImpl.java:setRole(174)) - 75407fdb-c05d-4d79-b869-4dab60013158@group-F1F90E5AAD12: changes role from      null to FOLLOWER at term 0 for startAsFollower
2019-09-25 12:10:08,258 [pool-27-thread-1] INFO  impl.RoleInfo (RoleInfo.java:updateAndGet(143)) - 75407fdb-c05d-4d79-b869-4dab60013158: start FollowerState
2019-09-25 12:10:08,259 [pool-27-thread-1] INFO  util.JmxRegister (JmxRegister.java:tryRegister(44)) - Successfully registered JMX Bean with object name Ratis:service=RaftServer,group=group-F1F90E5AAD12,id=75407fdb-c05d-4d79-b869-4dab60013158
2019-09-25 12:10:08,329 [RatisPipelineUtilsThread] INFO  pipeline.PipelineStateManager (PipelineStateManager.java:addPipeline(56)) - Created pipeline Pipeline[ Id: 48c8cb54-4cc9-4f00-8199-f1f90e5aad12, Nodes: 75407fdb-c05d-4d79-b869-4dab60013158{ip: 192.168.151.73, host: pr-hdds-1569-shd4m-3693607622, networkLocation: /default-rack, certSerialId: null}, Type:RATIS, Factor:ONE, State:OPEN]
2019-09-25 12:10:08,361 [grpc-default-executor-0] INFO  impl.RaftServerProxy (RaftServerProxy.java:addNew(89)) - c7bed0cc-269f-4b54-bb5a-2be104ddf1a5: addNew group-F2EEF567F2C7:[c7bed0cc-269f-4b54-bb5a-2be104ddf1a5:192.168.151.73:42323] returns group-F2EEF567F2C7:java.util.concurrent.CompletableFuture@136861b[Not completed]
2019-09-25 12:10:08,421 [pool-77-thread-1] INFO  impl.RaftServerImpl (RaftServerImpl.java:<init>(95)) - c7bed0cc-269f-4b54-bb5a-2be104ddf1a5: new RaftServerImpl for group-F2EEF567F2C7:[c7bed0cc-269f-4b54-bb5a-2be104ddf1a5:192.168.151.73:42323] with ContainerStateMachine:uninitialized
2019-09-25 12:10:08,422 [pool-77-thread-1] INFO  server.RaftServerConfigKeys (ConfUtils.java:logGet(43)) - raft.server.rpc.timeout.min = 5s (custom)
2019-09-25 12:10:08,422 [pool-77-thread-1] INFO  server.RaftServerConfigKeys (ConfUtils.java:logGet(43)) - raft.server.rpc.timeout.max = 5200ms (custom)
2019-09-25 12:10:08,423 [pool-77-thread-1] INFO  server.RaftServerConfigKeys (ConfUtils.java:logGet(43)) - raft.server.rpcslowness.timeout = 120s (custom)
2019-09-25 12:10:08,423 [pool-77-thread-1] INFO  server.RaftServerConfigKeys (ConfUtils.java:logGet(43)) - raft.server.sleep.deviation.threshold = 300 (default)
2019-09-25 12:10:08,423 [pool-77-thread-1] INFO  server.RaftServerConfigKeys (ConfUtils.java:logGet(43)) - raft.server.log.appender.install.snapshot.enabled = false (custom)
2019-09-25 12:10:08,423 [pool-77-thread-1] INFO  impl.RaftServerImpl (ServerState.java:<init>(103)) - c7bed0cc-269f-4b54-bb5a-2be104ddf1a5@group-F2EEF567F2C7: ConfigurationManager, init=-1: [c7bed0cc-269f-4b54-bb5a-2be104ddf1a5:192.168.151.73:42323], old=null, confs=<EMPTY_MAP>
2019-09-25 12:10:08,423 [pool-77-thread-1] INFO  server.RaftServerConfigKeys (ConfUtils.java:logGet(43)) - raft.server.storage.dir = [/workdir/hadoop-ozone/integration-test/target/test-dir/MiniOzoneClusterImpl-b6380e3c-fb04-4178-98e9-eb7b36240636/datanode-5/data/ratis] (custom)
2019-09-25 12:10:08,424 [pool-77-thread-1] INFO  storage.RaftStorageDirectory (RaftStorageDirectory.java:analyzeStorage(246)) - The storage directory /workdir/hadoop-ozone/integration-test/target/test-dir/MiniOzoneClusterImpl-b6380e3c-fb04-4178-98e9-eb7b36240636/datanode-5/data/ratis/7a31ec5f-415d-4295-8205-f2eef567f2c7 does not exist. Creating ...
2019-09-25 12:10:08,450 [pool-77-thread-1] INFO  storage.RaftStorageDirectory (RaftStorageDirectory.java:tryLock(328)) - Lock on /workdir/hadoop-ozone/integration-test/target/test-dir/MiniOzoneClusterImpl-b6380e3c-fb04-4178-98e9-eb7b36240636/datanode-5/data/ratis/7a31ec5f-415d-4295-8205-f2eef567f2c7/in_use.lock acquired by nodename 9481@pr-hdds-1569-shd4m-3693607622
2019-09-25 12:10:08,463 [pool-77-thread-1] INFO  storage.RaftStorage (RaftStorage.java:format(72)) - Storage directory /workdir/hadoop-ozone/integration-test/target/test-dir/MiniOzoneClusterImpl-b6380e3c-fb04-4178-98e9-eb7b36240636/datanode-5/data/ratis/7a31ec5f-415d-4295-8205-f2eef567f2c7 has been successfully formatted.
2019-09-25 12:10:08,465 [pool-77-thread-1] INFO  ratis.ContainerStateMachine (ContainerStateMachine.java:loadSnapshot(230)) - group-F2EEF567F2C7: The snapshot info is null. Setting the last applied indexto:(t:0, i:~)
2019-09-25 12:10:08,467 [pool-77-thread-1] INFO  server.RaftServerConfigKeys (ConfUtils.java:logGet(43)) - raft.server.notification.no-leader.timeout = 120s (custom)
2019-09-25 12:10:08,467 [pool-77-thread-1] INFO  server.RaftServerConfigKeys (ConfUtils.java:logGet(43)) - raft.server.log.use.memory = false (default)
2019-09-25 12:10:08,468 [pool-77-thread-1] INFO  server.RaftServerConfigKeys (ConfUtils.java:logGet(43)) - raft.server.log.purge.gap = 1000000 (custom)
2019-09-25 12:10:08,468 [pool-77-thread-1] INFO  server.RaftServerConfigKeys (ConfUtils.java:logGet(43)) - raft.server.log.appender.buffer.byte-limit = 33554432 (custom)
2019-09-25 12:10:08,468 [pool-77-thread-1] INFO  server.RaftServerConfigKeys (ConfUtils.java:logGet(43)) - raft.server.log.segment.size.max = 1048576 (custom)
2019-09-25 12:10:08,468 [pool-77-thread-1] INFO  server.RaftServerConfigKeys (ConfUtils.java:logGet(43)) - raft.server.log.segment.cache.num.max = 2 (custom)
2019-09-25 12:10:08,469 [pool-77-thread-1] INFO  segmented.SegmentedRaftLogWorker (SegmentedRaftLogWorker.java:<init>(172)) - new c7bed0cc-269f-4b54-bb5a-2be104ddf1a5@group-F2EEF567F2C7-SegmentedRaftLogWorker for RaftStorage:Storage Directory /workdir/hadoop-ozone/integration-test/target/test-dir/MiniOzoneClusterImpl-b6380e3c-fb04-4178-98e9-eb7b36240636/datanode-5/data/ratis/7a31ec5f-415d-4295-8205-f2eef567f2c7
2019-09-25 12:10:08,476 [pool-77-thread-1] INFO  server.RaftServerConfigKeys (ConfUtils.java:logGet(43)) - raft.server.log.queue.byte-limit = 2147483647 (custom)
2019-09-25 12:10:08,477 [pool-77-thread-1] INFO  server.RaftServerConfigKeys (ConfUtils.java:logGet(43)) - raft.server.log.queue.element-limit = 1024 (custom)
2019-09-25 12:10:08,477 [pool-77-thread-1] INFO  server.RaftServerConfigKeys (ConfUtils.java:logGet(43)) - raft.server.log.segment.size.max = 1048576 (custom)
2019-09-25 12:10:08,477 [pool-77-thread-1] INFO  server.RaftServerConfigKeys (ConfUtils.java:logGet(43)) - raft.server.log.preallocated.size = 16384 (custom)
2019-09-25 12:10:08,477 [pool-77-thread-1] INFO  server.RaftServerConfigKeys (ConfUtils.java:logGet(43)) - raft.server.log.write.buffer.size = 33554432 (custom)
2019-09-25 12:10:08,478 [pool-77-thread-1] INFO  server.RaftServerConfigKeys (ConfUtils.java:logGet(43)) - raft.server.log.force.sync.num = 128 (default)
2019-09-25 12:10:08,478 [pool-77-thread-1] INFO  server.RaftServerConfigKeys (ConfUtils.java:logGet(43)) - raft.server.log.statemachine.data.sync = true (default)
2019-09-25 12:10:08,478 [pool-77-thread-1] INFO  server.RaftServerConfigKeys (ConfUtils.java:logGet(43)) - raft.server.log.statemachine.data.sync.timeout = 10s (default)
2019-09-25 12:10:08,478 [pool-77-thread-1] INFO  server.RaftServerConfigKeys (ConfUtils.java:logGet(43)) - raft.server.log.statemachine.data.sync.timeout.retry = -1 (default)
2019-09-25 12:10:08,479 [pool-77-thread-1] INFO  server.RaftServerConfigKeys (ConfUtils.java:logGet(43)) - raft.server.log.statemachine.data.caching.enabled = true (custom)
2019-09-25 12:10:08,479 [pool-77-thread-1] INFO  segmented.SegmentedRaftLogWorker (SegmentedRaftLogWorker.java:lambda$new$0(132)) - c7bed0cc-269f-4b54-bb5a-2be104ddf1a5@group-F2EEF567F2C7-SegmentedRaftLogWorker: flushIndex: setUnconditionally 0 -> -1
2019-09-25 12:10:08,479 [pool-77-thread-1] INFO  server.RaftServerConfigKeys (ConfUtils.java:logGet(43)) - raft.server.snapshot.auto.trigger.enabled = true (custom)
2019-09-25 12:10:08,480 [pool-77-thread-1] INFO  server.RaftServerConfigKeys (ConfUtils.java:logGet(43)) - raft.server.snapshot.auto.trigger.threshold = 10000 (custom)
2019-09-25 12:10:08,480 [pool-77-thread-1] INFO  server.RaftServerConfigKeys (ConfUtils.java:logGet(43)) - raft.server.snapshot.retention.num.files = 5 (custom)
2019-09-25 12:10:08,480 [pool-77-thread-1] INFO  server.RaftServerConfigKeys (ConfUtils.java:logGet(43)) - raft.server.retrycache.expirytime = 600000ms (custom)
2019-09-25 12:10:08,486 [pool-77-thread-1] INFO  impl.RaftServerImpl (RaftServerImpl.java:start(185)) - c7bed0cc-269f-4b54-bb5a-2be104ddf1a5@group-F2EEF567F2C7: start as a follower, conf=-1: [c7bed0cc-269f-4b54-bb5a-2be104ddf1a5:192.168.151.73:42323], old=null
2019-09-25 12:10:08,486 [pool-77-thread-1] INFO  impl.RaftServerImpl (RaftServerImpl.java:setRole(174)) - c7bed0cc-269f-4b54-bb5a-2be104ddf1a5@group-F2EEF567F2C7: changes role from      null to FOLLOWER at term 0 for startAsFollower
2019-09-25 12:10:08,486 [pool-77-thread-1] INFO  impl.RoleInfo (RoleInfo.java:updateAndGet(143)) - c7bed0cc-269f-4b54-bb5a-2be104ddf1a5: start FollowerState
2019-09-25 12:10:08,489 [pool-77-thread-1] INFO  util.JmxRegister (JmxRegister.java:tryRegister(44)) - Successfully registered JMX Bean with object name Ratis:service=RaftServer,group=group-F2EEF567F2C7,id=c7bed0cc-269f-4b54-bb5a-2be104ddf1a5
2019-09-25 12:10:08,507 [RatisPipelineUtilsThread] INFO  pipeline.PipelineStateManager (PipelineStateManager.java:addPipeline(56)) - Created pipeline Pipeline[ Id: 7a31ec5f-415d-4295-8205-f2eef567f2c7, Nodes: c7bed0cc-269f-4b54-bb5a-2be104ddf1a5{ip: 192.168.151.73, host: pr-hdds-1569-shd4m-3693607622, networkLocation: /default-rack, certSerialId: null}, Type:RATIS, Factor:ONE, State:OPEN]
2019-09-25 12:10:08,537 [grpc-default-executor-0] INFO  impl.RaftServerProxy (RaftServerProxy.java:addNew(89)) - efb2beac-26e0-4b3b-9934-2458c1147cfd: addNew group-B0BC6C2DA6C1:[efb2beac-26e0-4b3b-9934-2458c1147cfd:192.168.151.73:43064] returns group-B0BC6C2DA6C1:java.util.concurrent.CompletableFuture@6aae32a5[Not completed]
2019-09-25 12:10:08,568 [pool-67-thread-1] INFO  impl.RaftServerImpl (RaftServerImpl.java:<init>(95)) - efb2beac-26e0-4b3b-9934-2458c1147cfd: new RaftServerImpl for group-B0BC6C2DA6C1:[efb2beac-26e0-4b3b-9934-2458c1147cfd:192.168.151.73:43064] with ContainerStateMachine:uninitialized
2019-09-25 12:10:08,569 [pool-67-thread-1] INFO  server.RaftServerConfigKeys (ConfUtils.java:logGet(43)) - raft.server.rpc.timeout.min = 5s (custom)
2019-09-25 12:10:08,569 [pool-67-thread-1] INFO  server.RaftServerConfigKeys (ConfUtils.java:logGet(43)) - raft.server.rpc.timeout.max = 5200ms (custom)
2019-09-25 12:10:08,569 [pool-67-thread-1] INFO  server.RaftServerConfigKeys (ConfUtils.java:logGet(43)) - raft.server.rpcslowness.timeout = 120s (custom)
2019-09-25 12:10:08,569 [pool-67-thread-1] INFO  server.RaftServerConfigKeys (ConfUtils.java:logGet(43)) - raft.server.sleep.deviation.threshold = 300 (default)
2019-09-25 12:10:08,569 [pool-67-thread-1] INFO  server.RaftServerConfigKeys (ConfUtils.java:logGet(43)) - raft.server.log.appender.install.snapshot.enabled = false (custom)
2019-09-25 12:10:08,569 [pool-67-thread-1] INFO  impl.RaftServerImpl (ServerState.java:<init>(103)) - efb2beac-26e0-4b3b-9934-2458c1147cfd@group-B0BC6C2DA6C1: ConfigurationManager, init=-1: [efb2beac-26e0-4b3b-9934-2458c1147cfd:192.168.151.73:43064], old=null, confs=<EMPTY_MAP>
2019-09-25 12:10:08,570 [pool-67-thread-1] INFO  server.RaftServerConfigKeys (ConfUtils.java:logGet(43)) - raft.server.storage.dir = [/workdir/hadoop-ozone/integration-test/target/test-dir/MiniOzoneClusterImpl-b6380e3c-fb04-4178-98e9-eb7b36240636/datanode-4/data/ratis] (custom)
2019-09-25 12:10:08,570 [pool-67-thread-1] INFO  storage.RaftStorageDirectory (RaftStorageDirectory.java:analyzeStorage(246)) - The storage directory /workdir/hadoop-ozone/integration-test/target/test-dir/MiniOzoneClusterImpl-b6380e3c-fb04-4178-98e9-eb7b36240636/datanode-4/data/ratis/2d77b956-ff23-4432-8bbd-b0bc6c2da6c1 does not exist. Creating ...
2019-09-25 12:10:08,583 [pool-67-thread-1] INFO  storage.RaftStorageDirectory (RaftStorageDirectory.java:tryLock(328)) - Lock on /workdir/hadoop-ozone/integration-test/target/test-dir/MiniOzoneClusterImpl-b6380e3c-fb04-4178-98e9-eb7b36240636/datanode-4/data/ratis/2d77b956-ff23-4432-8bbd-b0bc6c2da6c1/in_use.lock acquired by nodename 9481@pr-hdds-1569-shd4m-3693607622
2019-09-25 12:10:08,608 [pool-67-thread-1] INFO  storage.RaftStorage (RaftStorage.java:format(72)) - Storage directory /workdir/hadoop-ozone/integration-test/target/test-dir/MiniOzoneClusterImpl-b6380e3c-fb04-4178-98e9-eb7b36240636/datanode-4/data/ratis/2d77b956-ff23-4432-8bbd-b0bc6c2da6c1 has been successfully formatted.
2019-09-25 12:10:08,608 [pool-67-thread-1] INFO  ratis.ContainerStateMachine (ContainerStateMachine.java:loadSnapshot(230)) - group-B0BC6C2DA6C1: The snapshot info is null. Setting the last applied indexto:(t:0, i:~)
2019-09-25 12:10:08,608 [pool-67-thread-1] INFO  server.RaftServerConfigKeys (ConfUtils.java:logGet(43)) - raft.server.notification.no-leader.timeout = 120s (custom)
2019-09-25 12:10:08,608 [pool-67-thread-1] INFO  server.RaftServerConfigKeys (ConfUtils.java:logGet(43)) - raft.server.log.use.memory = false (default)
2019-09-25 12:10:08,609 [pool-67-thread-1] INFO  server.RaftServerConfigKeys (ConfUtils.java:logGet(43)) - raft.server.log.purge.gap = 1000000 (custom)
2019-09-25 12:10:08,609 [pool-67-thread-1] INFO  server.RaftServerConfigKeys (ConfUtils.java:logGet(43)) - raft.server.log.appender.buffer.byte-limit = 33554432 (custom)
2019-09-25 12:10:08,609 [pool-67-thread-1] INFO  server.RaftServerConfigKeys (ConfUtils.java:logGet(43)) - raft.server.log.segment.size.max = 1048576 (custom)
2019-09-25 12:10:08,609 [pool-67-thread-1] INFO  server.RaftServerConfigKeys (ConfUtils.java:logGet(43)) - raft.server.log.segment.cache.num.max = 2 (custom)
2019-09-25 12:10:08,610 [pool-67-thread-1] INFO  segmented.SegmentedRaftLogWorker (SegmentedRaftLogWorker.java:<init>(172)) - new efb2beac-26e0-4b3b-9934-2458c1147cfd@group-B0BC6C2DA6C1-SegmentedRaftLogWorker for RaftStorage:Storage Directory /workdir/hadoop-ozone/integration-test/target/test-dir/MiniOzoneClusterImpl-b6380e3c-fb04-4178-98e9-eb7b36240636/datanode-4/data/ratis/2d77b956-ff23-4432-8bbd-b0bc6c2da6c1
2019-09-25 12:10:08,645 [pool-67-thread-1] INFO  server.RaftServerConfigKeys (ConfUtils.java:logGet(43)) - raft.server.log.queue.byte-limit = 2147483647 (custom)
2019-09-25 12:10:08,645 [pool-67-thread-1] INFO  server.RaftServerConfigKeys (ConfUtils.java:logGet(43)) - raft.server.log.queue.element-limit = 1024 (custom)
2019-09-25 12:10:08,645 [pool-67-thread-1] INFO  server.RaftServerConfigKeys (ConfUtils.java:logGet(43)) - raft.server.log.segment.size.max = 1048576 (custom)
2019-09-25 12:10:08,646 [pool-67-thread-1] INFO  server.RaftServerConfigKeys (ConfUtils.java:logGet(43)) - raft.server.log.preallocated.size = 16384 (custom)
2019-09-25 12:10:08,646 [pool-67-thread-1] INFO  server.RaftServerConfigKeys (ConfUtils.java:logGet(43)) - raft.server.log.write.buffer.size = 33554432 (custom)
2019-09-25 12:10:08,646 [pool-67-thread-1] INFO  server.RaftServerConfigKeys (ConfUtils.java:logGet(43)) - raft.server.log.force.sync.num = 128 (default)
2019-09-25 12:10:08,646 [pool-67-thread-1] INFO  server.RaftServerConfigKeys (ConfUtils.java:logGet(43)) - raft.server.log.statemachine.data.sync = true (default)
2019-09-25 12:10:08,646 [pool-67-thread-1] INFO  server.RaftServerConfigKeys (ConfUtils.java:logGet(43)) - raft.server.log.statemachine.data.sync.timeout = 10s (default)
2019-09-25 12:10:08,647 [pool-67-thread-1] INFO  server.RaftServerConfigKeys (ConfUtils.java:logGet(43)) - raft.server.log.statemachine.data.sync.timeout.retry = -1 (default)
2019-09-25 12:10:08,647 [pool-67-thread-1] INFO  server.RaftServerConfigKeys (ConfUtils.java:logGet(43)) - raft.server.log.statemachine.data.caching.enabled = true (custom)
2019-09-25 12:10:08,647 [pool-67-thread-1] INFO  segmented.SegmentedRaftLogWorker (SegmentedRaftLogWorker.java:lambda$new$0(132)) - efb2beac-26e0-4b3b-9934-2458c1147cfd@group-B0BC6C2DA6C1-SegmentedRaftLogWorker: flushIndex: setUnconditionally 0 -> -1
2019-09-25 12:10:08,648 [pool-67-thread-1] INFO  server.RaftServerConfigKeys (ConfUtils.java:logGet(43)) - raft.server.snapshot.auto.trigger.enabled = true (custom)
2019-09-25 12:10:08,648 [pool-67-thread-1] INFO  server.RaftServerConfigKeys (ConfUtils.java:logGet(43)) - raft.server.snapshot.auto.trigger.threshold = 10000 (custom)
2019-09-25 12:10:08,648 [pool-67-thread-1] INFO  server.RaftServerConfigKeys (ConfUtils.java:logGet(43)) - raft.server.snapshot.retention.num.files = 5 (custom)
2019-09-25 12:10:08,648 [pool-67-thread-1] INFO  server.RaftServerConfigKeys (ConfUtils.java:logGet(43)) - raft.server.retrycache.expirytime = 600000ms (custom)
2019-09-25 12:10:08,654 [pool-67-thread-1] INFO  impl.RaftServerImpl (RaftServerImpl.java:start(185)) - efb2beac-26e0-4b3b-9934-2458c1147cfd@group-B0BC6C2DA6C1: start as a follower, conf=-1: [efb2beac-26e0-4b3b-9934-2458c1147cfd:192.168.151.73:43064], old=null
2019-09-25 12:10:08,654 [pool-67-thread-1] INFO  impl.RaftServerImpl (RaftServerImpl.java:setRole(174)) - efb2beac-26e0-4b3b-9934-2458c1147cfd@group-B0BC6C2DA6C1: changes role from      null to FOLLOWER at term 0 for startAsFollower
2019-09-25 12:10:08,655 [pool-67-thread-1] INFO  impl.RoleInfo (RoleInfo.java:updateAndGet(143)) - efb2beac-26e0-4b3b-9934-2458c1147cfd: start FollowerState
2019-09-25 12:10:08,655 [pool-67-thread-1] INFO  util.JmxRegister (JmxRegister.java:tryRegister(44)) - Successfully registered JMX Bean with object name Ratis:service=RaftServer,group=group-B0BC6C2DA6C1,id=efb2beac-26e0-4b3b-9934-2458c1147cfd
2019-09-25 12:10:08,666 [RatisPipelineUtilsThread] INFO  pipeline.PipelineStateManager (PipelineStateManager.java:addPipeline(56)) - Created pipeline Pipeline[ Id: 2d77b956-ff23-4432-8bbd-b0bc6c2da6c1, Nodes: efb2beac-26e0-4b3b-9934-2458c1147cfd{ip: 192.168.151.73, host: pr-hdds-1569-shd4m-3693607622, networkLocation: /default-rack, certSerialId: null}, Type:RATIS, Factor:ONE, State:OPEN]
2019-09-25 12:10:08,687 [grpc-default-executor-0] INFO  impl.RaftServerProxy (RaftServerProxy.java:addNew(89)) - 75407fdb-c05d-4d79-b869-4dab60013158: addNew group-56E98B4F5649:[75407fdb-c05d-4d79-b869-4dab60013158:192.168.151.73:41746] returns group-56E98B4F5649:java.util.concurrent.CompletableFuture@1beda8a8[Not completed]
2019-09-25 12:10:08,689 [pool-27-thread-1] INFO  impl.RaftServerImpl (RaftServerImpl.java:<init>(95)) - 75407fdb-c05d-4d79-b869-4dab60013158: new RaftServerImpl for group-56E98B4F5649:[75407fdb-c05d-4d79-b869-4dab60013158:192.168.151.73:41746] with ContainerStateMachine:uninitialized
2019-09-25 12:10:08,689 [pool-27-thread-1] INFO  server.RaftServerConfigKeys (ConfUtils.java:logGet(43)) - raft.server.rpc.timeout.min = 5s (custom)
2019-09-25 12:10:08,689 [pool-27-thread-1] INFO  server.RaftServerConfigKeys (ConfUtils.java:logGet(43)) - raft.server.rpc.timeout.max = 5200ms (custom)
2019-09-25 12:10:08,689 [pool-27-thread-1] INFO  server.RaftServerConfigKeys (ConfUtils.java:logGet(43)) - raft.server.rpcslowness.timeout = 120s (custom)
2019-09-25 12:10:08,689 [pool-27-thread-1] INFO  server.RaftServerConfigKeys (ConfUtils.java:logGet(43)) - raft.server.sleep.deviation.threshold = 300 (default)
2019-09-25 12:10:08,689 [pool-27-thread-1] INFO  server.RaftServerConfigKeys (ConfUtils.java:logGet(43)) - raft.server.log.appender.install.snapshot.enabled = false (custom)
2019-09-25 12:10:08,690 [pool-27-thread-1] INFO  impl.RaftServerImpl (ServerState.java:<init>(103)) - 75407fdb-c05d-4d79-b869-4dab60013158@group-56E98B4F5649: ConfigurationManager, init=-1: [75407fdb-c05d-4d79-b869-4dab60013158:192.168.151.73:41746], old=null, confs=<EMPTY_MAP>
2019-09-25 12:10:08,690 [pool-27-thread-1] INFO  server.RaftServerConfigKeys (ConfUtils.java:logGet(43)) - raft.server.storage.dir = [/workdir/hadoop-ozone/integration-test/target/test-dir/MiniOzoneClusterImpl-b6380e3c-fb04-4178-98e9-eb7b36240636/datanode-0/data/ratis] (custom)
2019-09-25 12:10:08,690 [pool-27-thread-1] INFO  storage.RaftStorageDirectory (RaftStorageDirectory.java:analyzeStorage(246)) - The storage directory /workdir/hadoop-ozone/integration-test/target/test-dir/MiniOzoneClusterImpl-b6380e3c-fb04-4178-98e9-eb7b36240636/datanode-0/data/ratis/4468f7cc-de92-41dc-945c-56e98b4f5649 does not exist. Creating ...
2019-09-25 12:10:08,704 [pool-27-thread-1] INFO  storage.RaftStorageDirectory (RaftStorageDirectory.java:tryLock(328)) - Lock on /workdir/hadoop-ozone/integration-test/target/test-dir/MiniOzoneClusterImpl-b6380e3c-fb04-4178-98e9-eb7b36240636/datanode-0/data/ratis/4468f7cc-de92-41dc-945c-56e98b4f5649/in_use.lock acquired by nodename 9481@pr-hdds-1569-shd4m-3693607622
2019-09-25 12:10:08,717 [pool-27-thread-1] INFO  storage.RaftStorage (RaftStorage.java:format(72)) - Storage directory /workdir/hadoop-ozone/integration-test/target/test-dir/MiniOzoneClusterImpl-b6380e3c-fb04-4178-98e9-eb7b36240636/datanode-0/data/ratis/4468f7cc-de92-41dc-945c-56e98b4f5649 has been successfully formatted.
2019-09-25 12:10:08,718 [pool-27-thread-1] INFO  ratis.ContainerStateMachine (ContainerStateMachine.java:loadSnapshot(230)) - group-56E98B4F5649: The snapshot info is null. Setting the last applied indexto:(t:0, i:~)
2019-09-25 12:10:08,718 [pool-27-thread-1] INFO  server.RaftServerConfigKeys (ConfUtils.java:logGet(43)) - raft.server.notification.no-leader.timeout = 120s (custom)
2019-09-25 12:10:08,718 [pool-27-thread-1] INFO  server.RaftServerConfigKeys (ConfUtils.java:logGet(43)) - raft.server.log.use.memory = false (default)
2019-09-25 12:10:08,718 [pool-27-thread-1] INFO  server.RaftServerConfigKeys (ConfUtils.java:logGet(43)) - raft.server.log.purge.gap = 1000000 (custom)
2019-09-25 12:10:08,719 [pool-27-thread-1] INFO  server.RaftServerConfigKeys (ConfUtils.java:logGet(43)) - raft.server.log.appender.buffer.byte-limit = 33554432 (custom)
2019-09-25 12:10:08,719 [pool-27-thread-1] INFO  server.RaftServerConfigKeys (ConfUtils.java:logGet(43)) - raft.server.log.segment.size.max = 1048576 (custom)
2019-09-25 12:10:08,719 [pool-27-thread-1] INFO  server.RaftServerConfigKeys (ConfUtils.java:logGet(43)) - raft.server.log.segment.cache.num.max = 2 (custom)
2019-09-25 12:10:08,719 [pool-27-thread-1] INFO  segmented.SegmentedRaftLogWorker (SegmentedRaftLogWorker.java:<init>(172)) - new 75407fdb-c05d-4d79-b869-4dab60013158@group-56E98B4F5649-SegmentedRaftLogWorker for RaftStorage:Storage Directory /workdir/hadoop-ozone/integration-test/target/test-dir/MiniOzoneClusterImpl-b6380e3c-fb04-4178-98e9-eb7b36240636/datanode-0/data/ratis/4468f7cc-de92-41dc-945c-56e98b4f5649
2019-09-25 12:10:08,719 [pool-27-thread-1] INFO  server.RaftServerConfigKeys (ConfUtils.java:logGet(43)) - raft.server.log.queue.byte-limit = 2147483647 (custom)
2019-09-25 12:10:08,719 [pool-27-thread-1] INFO  server.RaftServerConfigKeys (ConfUtils.java:logGet(43)) - raft.server.log.queue.element-limit = 1024 (custom)
2019-09-25 12:10:08,720 [pool-27-thread-1] INFO  server.RaftServerConfigKeys (ConfUtils.java:logGet(43)) - raft.server.log.segment.size.max = 1048576 (custom)
2019-09-25 12:10:08,720 [pool-27-thread-1] INFO  server.RaftServerConfigKeys (ConfUtils.java:logGet(43)) - raft.server.log.preallocated.size = 16384 (custom)
2019-09-25 12:10:08,720 [pool-27-thread-1] INFO  server.RaftServerConfigKeys (ConfUtils.java:logGet(43)) - raft.server.log.write.buffer.size = 33554432 (custom)
2019-09-25 12:10:08,720 [pool-27-thread-1] INFO  server.RaftServerConfigKeys (ConfUtils.java:logGet(43)) - raft.server.log.force.sync.num = 128 (default)
2019-09-25 12:10:08,720 [pool-27-thread-1] INFO  server.RaftServerConfigKeys (ConfUtils.java:logGet(43)) - raft.server.log.statemachine.data.sync = true (default)
2019-09-25 12:10:08,721 [pool-27-thread-1] INFO  server.RaftServerConfigKeys (ConfUtils.java:logGet(43)) - raft.server.log.statemachine.data.sync.timeout = 10s (default)
2019-09-25 12:10:08,721 [pool-27-thread-1] INFO  server.RaftServerConfigKeys (ConfUtils.java:logGet(43)) - raft.server.log.statemachine.data.sync.timeout.retry = -1 (default)
2019-09-25 12:10:08,721 [pool-27-thread-1] INFO  server.RaftServerConfigKeys (ConfUtils.java:logGet(43)) - raft.server.log.statemachine.data.caching.enabled = true (custom)
2019-09-25 12:10:08,721 [pool-27-thread-1] INFO  segmented.SegmentedRaftLogWorker (SegmentedRaftLogWorker.java:lambda$new$0(132)) - 75407fdb-c05d-4d79-b869-4dab60013158@group-56E98B4F5649-SegmentedRaftLogWorker: flushIndex: setUnconditionally 0 -> -1
2019-09-25 12:10:08,722 [pool-27-thread-1] INFO  server.RaftServerConfigKeys (ConfUtils.java:logGet(43)) - raft.server.snapshot.auto.trigger.enabled = true (custom)
2019-09-25 12:10:08,722 [pool-27-thread-1] INFO  server.RaftServerConfigKeys (ConfUtils.java:logGet(43)) - raft.server.snapshot.auto.trigger.threshold = 10000 (custom)
2019-09-25 12:10:08,722 [pool-27-thread-1] INFO  server.RaftServerConfigKeys (ConfUtils.java:logGet(43)) - raft.server.snapshot.retention.num.files = 5 (custom)
2019-09-25 12:10:08,722 [pool-27-thread-1] INFO  server.RaftServerConfigKeys (ConfUtils.java:logGet(43)) - raft.server.retrycache.expirytime = 600000ms (custom)
2019-09-25 12:10:08,729 [pool-27-thread-1] INFO  impl.RaftServerImpl (RaftServerImpl.java:start(185)) - 75407fdb-c05d-4d79-b869-4dab60013158@group-56E98B4F5649: start as a follower, conf=-1: [75407fdb-c05d-4d79-b869-4dab60013158:192.168.151.73:41746], old=null
2019-09-25 12:10:08,729 [pool-27-thread-1] INFO  impl.RaftServerImpl (RaftServerImpl.java:setRole(174)) - 75407fdb-c05d-4d79-b869-4dab60013158@group-56E98B4F5649: changes role from      null to FOLLOWER at term 0 for startAsFollower
2019-09-25 12:10:08,729 [pool-27-thread-1] INFO  impl.RoleInfo (RoleInfo.java:updateAndGet(143)) - 75407fdb-c05d-4d79-b869-4dab60013158: start FollowerState
2019-09-25 12:10:08,730 [pool-27-thread-1] INFO  util.JmxRegister (JmxRegister.java:tryRegister(44)) - Successfully registered JMX Bean with object name Ratis:service=RaftServer,group=group-56E98B4F5649,id=75407fdb-c05d-4d79-b869-4dab60013158
2019-09-25 12:10:08,744 [RatisPipelineUtilsThread] INFO  pipeline.PipelineStateManager (PipelineStateManager.java:addPipeline(56)) - Created pipeline Pipeline[ Id: 4468f7cc-de92-41dc-945c-56e98b4f5649, Nodes: 75407fdb-c05d-4d79-b869-4dab60013158{ip: 192.168.151.73, host: pr-hdds-1569-shd4m-3693607622, networkLocation: /default-rack, certSerialId: null}, Type:RATIS, Factor:ONE, State:OPEN]
2019-09-25 12:10:08,756 [main] INFO  ozone.MiniOzoneClusterImpl (MiniOzoneClusterImpl.java:lambda$waitForClusterToBeReady$0(147)) - Cluster is ready. Got 7 of 7 DN Heartbeats.
2019-09-25 12:10:08,769 [grpc-default-executor-0] INFO  impl.RaftServerProxy (RaftServerProxy.java:addNew(89)) - 98c6e6f4-875d-42de-b8a9-30ed89dcc8e7: addNew group-F450BE929A30:[98c6e6f4-875d-42de-b8a9-30ed89dcc8e7:192.168.151.73:46765] returns group-F450BE929A30:java.util.concurrent.CompletableFuture@1d8c114c[Not completed]
2019-09-25 12:10:08,772 [pool-37-thread-1] INFO  impl.RaftServerImpl (RaftServerImpl.java:<init>(95)) - 98c6e6f4-875d-42de-b8a9-30ed89dcc8e7: new RaftServerImpl for group-F450BE929A30:[98c6e6f4-875d-42de-b8a9-30ed89dcc8e7:192.168.151.73:46765] with ContainerStateMachine:uninitialized
2019-09-25 12:10:08,772 [pool-37-thread-1] INFO  server.RaftServerConfigKeys (ConfUtils.java:logGet(43)) - raft.server.rpc.timeout.min = 5s (custom)
2019-09-25 12:10:08,773 [pool-37-thread-1] INFO  server.RaftServerConfigKeys (ConfUtils.java:logGet(43)) - raft.server.rpc.timeout.max = 5200ms (custom)
2019-09-25 12:10:08,773 [pool-37-thread-1] INFO  server.RaftServerConfigKeys (ConfUtils.java:logGet(43)) - raft.server.rpcslowness.timeout = 120s (custom)
2019-09-25 12:10:08,773 [pool-37-thread-1] INFO  server.RaftServerConfigKeys (ConfUtils.java:logGet(43)) - raft.server.sleep.deviation.threshold = 300 (default)
2019-09-25 12:10:08,773 [pool-37-thread-1] INFO  server.RaftServerConfigKeys (ConfUtils.java:logGet(43)) - raft.server.log.appender.install.snapshot.enabled = false (custom)
2019-09-25 12:10:08,773 [pool-37-thread-1] INFO  impl.RaftServerImpl (ServerState.java:<init>(103)) - 98c6e6f4-875d-42de-b8a9-30ed89dcc8e7@group-F450BE929A30: ConfigurationManager, init=-1: [98c6e6f4-875d-42de-b8a9-30ed89dcc8e7:192.168.151.73:46765], old=null, confs=<EMPTY_MAP>
2019-09-25 12:10:08,774 [pool-37-thread-1] INFO  server.RaftServerConfigKeys (ConfUtils.java:logGet(43)) - raft.server.storage.dir = [/workdir/hadoop-ozone/integration-test/target/test-dir/MiniOzoneClusterImpl-b6380e3c-fb04-4178-98e9-eb7b36240636/datanode-1/data/ratis] (custom)
2019-09-25 12:10:08,774 [pool-37-thread-1] INFO  storage.RaftStorageDirectory (RaftStorageDirectory.java:analyzeStorage(246)) - The storage directory /workdir/hadoop-ozone/integration-test/target/test-dir/MiniOzoneClusterImpl-b6380e3c-fb04-4178-98e9-eb7b36240636/datanode-1/data/ratis/28f06661-0ad0-46c4-b882-f450be929a30 does not exist. Creating ...
2019-09-25 12:10:08,787 [pool-37-thread-1] INFO  storage.RaftStorageDirectory (RaftStorageDirectory.java:tryLock(328)) - Lock on /workdir/hadoop-ozone/integration-test/target/test-dir/MiniOzoneClusterImpl-b6380e3c-fb04-4178-98e9-eb7b36240636/datanode-1/data/ratis/28f06661-0ad0-46c4-b882-f450be929a30/in_use.lock acquired by nodename 9481@pr-hdds-1569-shd4m-3693607622
2019-09-25 12:10:08,801 [pool-37-thread-1] INFO  storage.RaftStorage (RaftStorage.java:format(72)) - Storage directory /workdir/hadoop-ozone/integration-test/target/test-dir/MiniOzoneClusterImpl-b6380e3c-fb04-4178-98e9-eb7b36240636/datanode-1/data/ratis/28f06661-0ad0-46c4-b882-f450be929a30 has been successfully formatted.
2019-09-25 12:10:08,801 [pool-37-thread-1] INFO  ratis.ContainerStateMachine (ContainerStateMachine.java:loadSnapshot(230)) - group-F450BE929A30: The snapshot info is null. Setting the last applied indexto:(t:0, i:~)
2019-09-25 12:10:08,801 [pool-37-thread-1] INFO  server.RaftServerConfigKeys (ConfUtils.java:logGet(43)) - raft.server.notification.no-leader.timeout = 120s (custom)
2019-09-25 12:10:08,801 [pool-37-thread-1] INFO  server.RaftServerConfigKeys (ConfUtils.java:logGet(43)) - raft.server.log.use.memory = false (default)
2019-09-25 12:10:08,802 [pool-37-thread-1] INFO  server.RaftServerConfigKeys (ConfUtils.java:logGet(43)) - raft.server.log.purge.gap = 1000000 (custom)
2019-09-25 12:10:08,802 [pool-37-thread-1] INFO  server.RaftServerConfigKeys (ConfUtils.java:logGet(43)) - raft.server.log.appender.buffer.byte-limit = 33554432 (custom)
2019-09-25 12:10:08,802 [pool-37-thread-1] INFO  server.RaftServerConfigKeys (ConfUtils.java:logGet(43)) - raft.server.log.segment.size.max = 1048576 (custom)
2019-09-25 12:10:08,802 [pool-37-thread-1] INFO  server.RaftServerConfigKeys (ConfUtils.java:logGet(43)) - raft.server.log.segment.cache.num.max = 2 (custom)
2019-09-25 12:10:08,803 [pool-37-thread-1] INFO  segmented.SegmentedRaftLogWorker (SegmentedRaftLogWorker.java:<init>(172)) - new 98c6e6f4-875d-42de-b8a9-30ed89dcc8e7@group-F450BE929A30-SegmentedRaftLogWorker for RaftStorage:Storage Directory /workdir/hadoop-ozone/integration-test/target/test-dir/MiniOzoneClusterImpl-b6380e3c-fb04-4178-98e9-eb7b36240636/datanode-1/data/ratis/28f06661-0ad0-46c4-b882-f450be929a30
2019-09-25 12:10:08,809 [pool-37-thread-1] INFO  server.RaftServerConfigKeys (ConfUtils.java:logGet(43)) - raft.server.log.queue.byte-limit = 2147483647 (custom)
2019-09-25 12:10:08,809 [pool-37-thread-1] INFO  server.RaftServerConfigKeys (ConfUtils.java:logGet(43)) - raft.server.log.queue.element-limit = 1024 (custom)
2019-09-25 12:10:08,809 [pool-37-thread-1] INFO  server.RaftServerConfigKeys (ConfUtils.java:logGet(43)) - raft.server.log.segment.size.max = 1048576 (custom)
2019-09-25 12:10:08,809 [pool-37-thread-1] INFO  server.RaftServerConfigKeys (ConfUtils.java:logGet(43)) - raft.server.log.preallocated.size = 16384 (custom)
2019-09-25 12:10:08,810 [pool-37-thread-1] INFO  server.RaftServerConfigKeys (ConfUtils.java:logGet(43)) - raft.server.log.write.buffer.size = 33554432 (custom)
2019-09-25 12:10:08,810 [pool-37-thread-1] INFO  server.RaftServerConfigKeys (ConfUtils.java:logGet(43)) - raft.server.log.force.sync.num = 128 (default)
2019-09-25 12:10:08,810 [pool-37-thread-1] INFO  server.RaftServerConfigKeys (ConfUtils.java:logGet(43)) - raft.server.log.statemachine.data.sync = true (default)
2019-09-25 12:10:08,810 [pool-37-thread-1] INFO  server.RaftServerConfigKeys (ConfUtils.java:logGet(43)) - raft.server.log.statemachine.data.sync.timeout = 10s (default)
2019-09-25 12:10:08,810 [pool-37-thread-1] INFO  server.RaftServerConfigKeys (ConfUtils.java:logGet(43)) - raft.server.log.statemachine.data.sync.timeout.retry = -1 (default)
2019-09-25 12:10:08,811 [pool-37-thread-1] INFO  server.RaftServerConfigKeys (ConfUtils.java:logGet(43)) - raft.server.log.statemachine.data.caching.enabled = true (custom)
2019-09-25 12:10:08,811 [pool-37-thread-1] INFO  segmented.SegmentedRaftLogWorker (SegmentedRaftLogWorker.java:lambda$new$0(132)) - 98c6e6f4-875d-42de-b8a9-30ed89dcc8e7@group-F450BE929A30-SegmentedRaftLogWorker: flushIndex: setUnconditionally 0 -> -1
2019-09-25 12:10:08,812 [pool-37-thread-1] INFO  server.RaftServerConfigKeys (ConfUtils.java:logGet(43)) - raft.server.snapshot.auto.trigger.enabled = true (custom)
2019-09-25 12:10:08,812 [pool-37-thread-1] INFO  server.RaftServerConfigKeys (ConfUtils.java:logGet(43)) - raft.server.snapshot.auto.trigger.threshold = 10000 (custom)
2019-09-25 12:10:08,812 [pool-37-thread-1] INFO  server.RaftServerConfigKeys (ConfUtils.java:logGet(43)) - raft.server.snapshot.retention.num.files = 5 (custom)
2019-09-25 12:10:08,812 [pool-37-thread-1] INFO  server.RaftServerConfigKeys (ConfUtils.java:logGet(43)) - raft.server.retrycache.expirytime = 600000ms (custom)
2019-09-25 12:10:08,817 [pool-37-thread-1] INFO  impl.RaftServerImpl (RaftServerImpl.java:start(185)) - 98c6e6f4-875d-42de-b8a9-30ed89dcc8e7@group-F450BE929A30: start as a follower, conf=-1: [98c6e6f4-875d-42de-b8a9-30ed89dcc8e7:192.168.151.73:46765], old=null
2019-09-25 12:10:08,817 [pool-37-thread-1] INFO  impl.RaftServerImpl (RaftServerImpl.java:setRole(174)) - 98c6e6f4-875d-42de-b8a9-30ed89dcc8e7@group-F450BE929A30: changes role from      null to FOLLOWER at term 0 for startAsFollower
2019-09-25 12:10:08,817 [pool-37-thread-1] INFO  impl.RoleInfo (RoleInfo.java:updateAndGet(143)) - 98c6e6f4-875d-42de-b8a9-30ed89dcc8e7: start FollowerState
2019-09-25 12:10:08,818 [pool-37-thread-1] INFO  util.JmxRegister (JmxRegister.java:tryRegister(44)) - Successfully registered JMX Bean with object name Ratis:service=RaftServer,group=group-F450BE929A30,id=98c6e6f4-875d-42de-b8a9-30ed89dcc8e7
2019-09-25 12:10:08,839 [RatisPipelineUtilsThread] INFO  pipeline.PipelineStateManager (PipelineStateManager.java:addPipeline(56)) - Created pipeline Pipeline[ Id: 28f06661-0ad0-46c4-b882-f450be929a30, Nodes: 98c6e6f4-875d-42de-b8a9-30ed89dcc8e7{ip: 192.168.151.73, host: pr-hdds-1569-shd4m-3693607622, networkLocation: /default-rack, certSerialId: null}, Type:RATIS, Factor:ONE, State:OPEN]
2019-09-25 12:10:08,863 [grpc-default-executor-0] INFO  impl.RaftServerProxy (RaftServerProxy.java:addNew(89)) - 98c6e6f4-875d-42de-b8a9-30ed89dcc8e7: addNew group-1D1CF0A4681C:[98c6e6f4-875d-42de-b8a9-30ed89dcc8e7:192.168.151.73:46765] returns group-1D1CF0A4681C:java.util.concurrent.CompletableFuture@1ff9a49e[Not completed]
2019-09-25 12:10:08,865 [pool-37-thread-1] INFO  impl.RaftServerImpl (RaftServerImpl.java:<init>(95)) - 98c6e6f4-875d-42de-b8a9-30ed89dcc8e7: new RaftServerImpl for group-1D1CF0A4681C:[98c6e6f4-875d-42de-b8a9-30ed89dcc8e7:192.168.151.73:46765] with ContainerStateMachine:uninitialized
2019-09-25 12:10:08,865 [pool-37-thread-1] INFO  server.RaftServerConfigKeys (ConfUtils.java:logGet(43)) - raft.server.rpc.timeout.min = 5s (custom)
2019-09-25 12:10:08,866 [pool-37-thread-1] INFO  server.RaftServerConfigKeys (ConfUtils.java:logGet(43)) - raft.server.rpc.timeout.max = 5200ms (custom)
2019-09-25 12:10:08,866 [pool-37-thread-1] INFO  server.RaftServerConfigKeys (ConfUtils.java:logGet(43)) - raft.server.rpcslowness.timeout = 120s (custom)
2019-09-25 12:10:08,866 [pool-37-thread-1] INFO  server.RaftServerConfigKeys (ConfUtils.java:logGet(43)) - raft.server.sleep.deviation.threshold = 300 (default)
2019-09-25 12:10:08,866 [pool-37-thread-1] INFO  server.RaftServerConfigKeys (ConfUtils.java:logGet(43)) - raft.server.log.appender.install.snapshot.enabled = false (custom)
2019-09-25 12:10:08,866 [pool-37-thread-1] INFO  impl.RaftServerImpl (ServerState.java:<init>(103)) - 98c6e6f4-875d-42de-b8a9-30ed89dcc8e7@group-1D1CF0A4681C: ConfigurationManager, init=-1: [98c6e6f4-875d-42de-b8a9-30ed89dcc8e7:192.168.151.73:46765], old=null, confs=<EMPTY_MAP>
2019-09-25 12:10:08,867 [pool-37-thread-1] INFO  server.RaftServerConfigKeys (ConfUtils.java:logGet(43)) - raft.server.storage.dir = [/workdir/hadoop-ozone/integration-test/target/test-dir/MiniOzoneClusterImpl-b6380e3c-fb04-4178-98e9-eb7b36240636/datanode-1/data/ratis] (custom)
2019-09-25 12:10:08,867 [pool-37-thread-1] INFO  storage.RaftStorageDirectory (RaftStorageDirectory.java:analyzeStorage(246)) - The storage directory /workdir/hadoop-ozone/integration-test/target/test-dir/MiniOzoneClusterImpl-b6380e3c-fb04-4178-98e9-eb7b36240636/datanode-1/data/ratis/9d24e99e-2076-462c-aba7-1d1cf0a4681c does not exist. Creating ...
2019-09-25 12:10:08,882 [pool-37-thread-1] INFO  storage.RaftStorageDirectory (RaftStorageDirectory.java:tryLock(328)) - Lock on /workdir/hadoop-ozone/integration-test/target/test-dir/MiniOzoneClusterImpl-b6380e3c-fb04-4178-98e9-eb7b36240636/datanode-1/data/ratis/9d24e99e-2076-462c-aba7-1d1cf0a4681c/in_use.lock acquired by nodename 9481@pr-hdds-1569-shd4m-3693607622
2019-09-25 12:10:08,896 [pool-37-thread-1] INFO  storage.RaftStorage (RaftStorage.java:format(72)) - Storage directory /workdir/hadoop-ozone/integration-test/target/test-dir/MiniOzoneClusterImpl-b6380e3c-fb04-4178-98e9-eb7b36240636/datanode-1/data/ratis/9d24e99e-2076-462c-aba7-1d1cf0a4681c has been successfully formatted.
2019-09-25 12:10:08,896 [pool-37-thread-1] INFO  ratis.ContainerStateMachine (ContainerStateMachine.java:loadSnapshot(230)) - group-1D1CF0A4681C: The snapshot info is null. Setting the last applied indexto:(t:0, i:~)
2019-09-25 12:10:08,896 [pool-37-thread-1] INFO  server.RaftServerConfigKeys (ConfUtils.java:logGet(43)) - raft.server.notification.no-leader.timeout = 120s (custom)
2019-09-25 12:10:08,896 [pool-37-thread-1] INFO  server.RaftServerConfigKeys (ConfUtils.java:logGet(43)) - raft.server.log.use.memory = false (default)
2019-09-25 12:10:08,896 [pool-37-thread-1] INFO  server.RaftServerConfigKeys (ConfUtils.java:logGet(43)) - raft.server.log.purge.gap = 1000000 (custom)
2019-09-25 12:10:08,896 [pool-37-thread-1] INFO  server.RaftServerConfigKeys (ConfUtils.java:logGet(43)) - raft.server.log.appender.buffer.byte-limit = 33554432 (custom)
2019-09-25 12:10:08,897 [pool-37-thread-1] INFO  server.RaftServerConfigKeys (ConfUtils.java:logGet(43)) - raft.server.log.segment.size.max = 1048576 (custom)
2019-09-25 12:10:08,897 [pool-37-thread-1] INFO  server.RaftServerConfigKeys (ConfUtils.java:logGet(43)) - raft.server.log.segment.cache.num.max = 2 (custom)
2019-09-25 12:10:08,897 [pool-37-thread-1] INFO  segmented.SegmentedRaftLogWorker (SegmentedRaftLogWorker.java:<init>(172)) - new 98c6e6f4-875d-42de-b8a9-30ed89dcc8e7@group-1D1CF0A4681C-SegmentedRaftLogWorker for RaftStorage:Storage Directory /workdir/hadoop-ozone/integration-test/target/test-dir/MiniOzoneClusterImpl-b6380e3c-fb04-4178-98e9-eb7b36240636/datanode-1/data/ratis/9d24e99e-2076-462c-aba7-1d1cf0a4681c
2019-09-25 12:10:08,897 [pool-37-thread-1] INFO  server.RaftServerConfigKeys (ConfUtils.java:logGet(43)) - raft.server.log.queue.byte-limit = 2147483647 (custom)
2019-09-25 12:10:08,897 [pool-37-thread-1] INFO  server.RaftServerConfigKeys (ConfUtils.java:logGet(43)) - raft.server.log.queue.element-limit = 1024 (custom)
2019-09-25 12:10:08,897 [pool-37-thread-1] INFO  server.RaftServerConfigKeys (ConfUtils.java:logGet(43)) - raft.server.log.segment.size.max = 1048576 (custom)
2019-09-25 12:10:08,898 [pool-37-thread-1] INFO  server.RaftServerConfigKeys (ConfUtils.java:logGet(43)) - raft.server.log.preallocated.size = 16384 (custom)
2019-09-25 12:10:08,898 [pool-37-thread-1] INFO  server.RaftServerConfigKeys (ConfUtils.java:logGet(43)) - raft.server.log.write.buffer.size = 33554432 (custom)
2019-09-25 12:10:08,898 [pool-37-thread-1] INFO  server.RaftServerConfigKeys (ConfUtils.java:logGet(43)) - raft.server.log.force.sync.num = 128 (default)
2019-09-25 12:10:08,898 [pool-37-thread-1] INFO  server.RaftServerConfigKeys (ConfUtils.java:logGet(43)) - raft.server.log.statemachine.data.sync = true (default)
2019-09-25 12:10:08,898 [pool-37-thread-1] INFO  server.RaftServerConfigKeys (ConfUtils.java:logGet(43)) - raft.server.log.statemachine.data.sync.timeout = 10s (default)
2019-09-25 12:10:08,898 [pool-37-thread-1] INFO  server.RaftServerConfigKeys (ConfUtils.java:logGet(43)) - raft.server.log.statemachine.data.sync.timeout.retry = -1 (default)
2019-09-25 12:10:08,898 [pool-37-thread-1] INFO  server.RaftServerConfigKeys (ConfUtils.java:logGet(43)) - raft.server.log.statemachine.data.caching.enabled = true (custom)
2019-09-25 12:10:08,899 [pool-37-thread-1] INFO  segmented.SegmentedRaftLogWorker (SegmentedRaftLogWorker.java:lambda$new$0(132)) - 98c6e6f4-875d-42de-b8a9-30ed89dcc8e7@group-1D1CF0A4681C-SegmentedRaftLogWorker: flushIndex: setUnconditionally 0 -> -1
2019-09-25 12:10:08,899 [pool-37-thread-1] INFO  server.RaftServerConfigKeys (ConfUtils.java:logGet(43)) - raft.server.snapshot.auto.trigger.enabled = true (custom)
2019-09-25 12:10:08,899 [pool-37-thread-1] INFO  server.RaftServerConfigKeys (ConfUtils.java:logGet(43)) - raft.server.snapshot.auto.trigger.threshold = 10000 (custom)
2019-09-25 12:10:08,899 [pool-37-thread-1] INFO  server.RaftServerConfigKeys (ConfUtils.java:logGet(43)) - raft.server.snapshot.retention.num.files = 5 (custom)
2019-09-25 12:10:08,900 [pool-37-thread-1] INFO  server.RaftServerConfigKeys (ConfUtils.java:logGet(43)) - raft.server.retrycache.expirytime = 600000ms (custom)
2019-09-25 12:10:08,903 [pool-37-thread-1] INFO  impl.RaftServerImpl (RaftServerImpl.java:start(185)) - 98c6e6f4-875d-42de-b8a9-30ed89dcc8e7@group-1D1CF0A4681C: start as a follower, conf=-1: [98c6e6f4-875d-42de-b8a9-30ed89dcc8e7:192.168.151.73:46765], old=null
2019-09-25 12:10:08,903 [pool-37-thread-1] INFO  impl.RaftServerImpl (RaftServerImpl.java:setRole(174)) - 98c6e6f4-875d-42de-b8a9-30ed89dcc8e7@group-1D1CF0A4681C: changes role from      null to FOLLOWER at term 0 for startAsFollower
2019-09-25 12:10:08,904 [pool-37-thread-1] INFO  impl.RoleInfo (RoleInfo.java:updateAndGet(143)) - 98c6e6f4-875d-42de-b8a9-30ed89dcc8e7: start FollowerState
2019-09-25 12:10:08,904 [pool-37-thread-1] INFO  util.JmxRegister (JmxRegister.java:tryRegister(44)) - Successfully registered JMX Bean with object name Ratis:service=RaftServer,group=group-1D1CF0A4681C,id=98c6e6f4-875d-42de-b8a9-30ed89dcc8e7
2019-09-25 12:10:08,932 [RatisPipelineUtilsThread] INFO  pipeline.PipelineStateManager (PipelineStateManager.java:addPipeline(56)) - Created pipeline Pipeline[ Id: 9d24e99e-2076-462c-aba7-1d1cf0a4681c, Nodes: 98c6e6f4-875d-42de-b8a9-30ed89dcc8e7{ip: 192.168.151.73, host: pr-hdds-1569-shd4m-3693607622, networkLocation: /default-rack, certSerialId: null}, Type:RATIS, Factor:ONE, State:OPEN]
2019-09-25 12:10:08,951 [grpc-default-executor-0] INFO  impl.RaftServerProxy (RaftServerProxy.java:addNew(89)) - efb2beac-26e0-4b3b-9934-2458c1147cfd: addNew group-035B67327B36:[efb2beac-26e0-4b3b-9934-2458c1147cfd:192.168.151.73:43064] returns group-035B67327B36:java.util.concurrent.CompletableFuture@cacddb0[Not completed]
2019-09-25 12:10:08,954 [pool-67-thread-1] INFO  impl.RaftServerImpl (RaftServerImpl.java:<init>(95)) - efb2beac-26e0-4b3b-9934-2458c1147cfd: new RaftServerImpl for group-035B67327B36:[efb2beac-26e0-4b3b-9934-2458c1147cfd:192.168.151.73:43064] with ContainerStateMachine:uninitialized
2019-09-25 12:10:08,954 [pool-67-thread-1] INFO  server.RaftServerConfigKeys (ConfUtils.java:logGet(43)) - raft.server.rpc.timeout.min = 5s (custom)
2019-09-25 12:10:08,955 [pool-67-thread-1] INFO  server.RaftServerConfigKeys (ConfUtils.java:logGet(43)) - raft.server.rpc.timeout.max = 5200ms (custom)
2019-09-25 12:10:08,955 [pool-67-thread-1] INFO  server.RaftServerConfigKeys (ConfUtils.java:logGet(43)) - raft.server.rpcslowness.timeout = 120s (custom)
2019-09-25 12:10:08,955 [pool-67-thread-1] INFO  server.RaftServerConfigKeys (ConfUtils.java:logGet(43)) - raft.server.sleep.deviation.threshold = 300 (default)
2019-09-25 12:10:08,955 [pool-67-thread-1] INFO  server.RaftServerConfigKeys (ConfUtils.java:logGet(43)) - raft.server.log.appender.install.snapshot.enabled = false (custom)
2019-09-25 12:10:08,955 [pool-67-thread-1] INFO  impl.RaftServerImpl (ServerState.java:<init>(103)) - efb2beac-26e0-4b3b-9934-2458c1147cfd@group-035B67327B36: ConfigurationManager, init=-1: [efb2beac-26e0-4b3b-9934-2458c1147cfd:192.168.151.73:43064], old=null, confs=<EMPTY_MAP>
2019-09-25 12:10:08,955 [pool-67-thread-1] INFO  server.RaftServerConfigKeys (ConfUtils.java:logGet(43)) - raft.server.storage.dir = [/workdir/hadoop-ozone/integration-test/target/test-dir/MiniOzoneClusterImpl-b6380e3c-fb04-4178-98e9-eb7b36240636/datanode-4/data/ratis] (custom)
2019-09-25 12:10:08,956 [pool-67-thread-1] INFO  storage.RaftStorageDirectory (RaftStorageDirectory.java:analyzeStorage(246)) - The storage directory /workdir/hadoop-ozone/integration-test/target/test-dir/MiniOzoneClusterImpl-b6380e3c-fb04-4178-98e9-eb7b36240636/datanode-4/data/ratis/4a61badd-602d-4868-9bc0-035b67327b36 does not exist. Creating ...
2019-09-25 12:10:08,969 [pool-67-thread-1] INFO  storage.RaftStorageDirectory (RaftStorageDirectory.java:tryLock(328)) - Lock on /workdir/hadoop-ozone/integration-test/target/test-dir/MiniOzoneClusterImpl-b6380e3c-fb04-4178-98e9-eb7b36240636/datanode-4/data/ratis/4a61badd-602d-4868-9bc0-035b67327b36/in_use.lock acquired by nodename 9481@pr-hdds-1569-shd4m-3693607622
2019-09-25 12:10:08,983 [pool-67-thread-1] INFO  storage.RaftStorage (RaftStorage.java:format(72)) - Storage directory /workdir/hadoop-ozone/integration-test/target/test-dir/MiniOzoneClusterImpl-b6380e3c-fb04-4178-98e9-eb7b36240636/datanode-4/data/ratis/4a61badd-602d-4868-9bc0-035b67327b36 has been successfully formatted.
2019-09-25 12:10:08,983 [pool-67-thread-1] INFO  ratis.ContainerStateMachine (ContainerStateMachine.java:loadSnapshot(230)) - group-035B67327B36: The snapshot info is null. Setting the last applied indexto:(t:0, i:~)
2019-09-25 12:10:08,983 [pool-67-thread-1] INFO  server.RaftServerConfigKeys (ConfUtils.java:logGet(43)) - raft.server.notification.no-leader.timeout = 120s (custom)
2019-09-25 12:10:08,984 [pool-67-thread-1] INFO  server.RaftServerConfigKeys (ConfUtils.java:logGet(43)) - raft.server.log.use.memory = false (default)
2019-09-25 12:10:08,984 [pool-67-thread-1] INFO  server.RaftServerConfigKeys (ConfUtils.java:logGet(43)) - raft.server.log.purge.gap = 1000000 (custom)
2019-09-25 12:10:08,984 [pool-67-thread-1] INFO  server.RaftServerConfigKeys (ConfUtils.java:logGet(43)) - raft.server.log.appender.buffer.byte-limit = 33554432 (custom)
2019-09-25 12:10:08,984 [pool-67-thread-1] INFO  server.RaftServerConfigKeys (ConfUtils.java:logGet(43)) - raft.server.log.segment.size.max = 1048576 (custom)
2019-09-25 12:10:08,985 [pool-67-thread-1] INFO  server.RaftServerConfigKeys (ConfUtils.java:logGet(43)) - raft.server.log.segment.cache.num.max = 2 (custom)
2019-09-25 12:10:08,985 [pool-67-thread-1] INFO  segmented.SegmentedRaftLogWorker (SegmentedRaftLogWorker.java:<init>(172)) - new efb2beac-26e0-4b3b-9934-2458c1147cfd@group-035B67327B36-SegmentedRaftLogWorker for RaftStorage:Storage Directory /workdir/hadoop-ozone/integration-test/target/test-dir/MiniOzoneClusterImpl-b6380e3c-fb04-4178-98e9-eb7b36240636/datanode-4/data/ratis/4a61badd-602d-4868-9bc0-035b67327b36
2019-09-25 12:10:08,985 [pool-67-thread-1] INFO  server.RaftServerConfigKeys (ConfUtils.java:logGet(43)) - raft.server.log.queue.byte-limit = 2147483647 (custom)
2019-09-25 12:10:08,985 [pool-67-thread-1] INFO  server.RaftServerConfigKeys (ConfUtils.java:logGet(43)) - raft.server.log.queue.element-limit = 1024 (custom)
2019-09-25 12:10:08,986 [pool-67-thread-1] INFO  server.RaftServerConfigKeys (ConfUtils.java:logGet(43)) - raft.server.log.segment.size.max = 1048576 (custom)
2019-09-25 12:10:08,986 [pool-67-thread-1] INFO  server.RaftServerConfigKeys (ConfUtils.java:logGet(43)) - raft.server.log.preallocated.size = 16384 (custom)
2019-09-25 12:10:08,986 [pool-67-thread-1] INFO  server.RaftServerConfigKeys (ConfUtils.java:logGet(43)) - raft.server.log.write.buffer.size = 33554432 (custom)
2019-09-25 12:10:08,986 [pool-67-thread-1] INFO  server.RaftServerConfigKeys (ConfUtils.java:logGet(43)) - raft.server.log.force.sync.num = 128 (default)
2019-09-25 12:10:08,987 [pool-67-thread-1] INFO  server.RaftServerConfigKeys (ConfUtils.java:logGet(43)) - raft.server.log.statemachine.data.sync = true (default)
2019-09-25 12:10:08,987 [pool-67-thread-1] INFO  server.RaftServerConfigKeys (ConfUtils.java:logGet(43)) - raft.server.log.statemachine.data.sync.timeout = 10s (default)
2019-09-25 12:10:08,987 [pool-67-thread-1] INFO  server.RaftServerConfigKeys (ConfUtils.java:logGet(43)) - raft.server.log.statemachine.data.sync.timeout.retry = -1 (default)
2019-09-25 12:10:08,987 [pool-67-thread-1] INFO  server.RaftServerConfigKeys (ConfUtils.java:logGet(43)) - raft.server.log.statemachine.data.caching.enabled = true (custom)
2019-09-25 12:10:08,988 [pool-67-thread-1] INFO  segmented.SegmentedRaftLogWorker (SegmentedRaftLogWorker.java:lambda$new$0(132)) - efb2beac-26e0-4b3b-9934-2458c1147cfd@group-035B67327B36-SegmentedRaftLogWorker: flushIndex: setUnconditionally 0 -> -1
2019-09-25 12:10:08,989 [pool-67-thread-1] INFO  server.RaftServerConfigKeys (ConfUtils.java:logGet(43)) - raft.server.snapshot.auto.trigger.enabled = true (custom)
2019-09-25 12:10:08,989 [pool-67-thread-1] INFO  server.RaftServerConfigKeys (ConfUtils.java:logGet(43)) - raft.server.snapshot.auto.trigger.threshold = 10000 (custom)
2019-09-25 12:10:08,989 [pool-67-thread-1] INFO  server.RaftServerConfigKeys (ConfUtils.java:logGet(43)) - raft.server.snapshot.retention.num.files = 5 (custom)
2019-09-25 12:10:08,989 [pool-67-thread-1] INFO  server.RaftServerConfigKeys (ConfUtils.java:logGet(43)) - raft.server.retrycache.expirytime = 600000ms (custom)
2019-09-25 12:10:08,994 [pool-67-thread-1] INFO  impl.RaftServerImpl (RaftServerImpl.java:start(185)) - efb2beac-26e0-4b3b-9934-2458c1147cfd@group-035B67327B36: start as a follower, conf=-1: [efb2beac-26e0-4b3b-9934-2458c1147cfd:192.168.151.73:43064], old=null
2019-09-25 12:10:08,995 [pool-67-thread-1] INFO  impl.RaftServerImpl (RaftServerImpl.java:setRole(174)) - efb2beac-26e0-4b3b-9934-2458c1147cfd@group-035B67327B36: changes role from      null to FOLLOWER at term 0 for startAsFollower
2019-09-25 12:10:08,995 [pool-67-thread-1] INFO  impl.RoleInfo (RoleInfo.java:updateAndGet(143)) - efb2beac-26e0-4b3b-9934-2458c1147cfd: start FollowerState
2019-09-25 12:10:08,995 [pool-67-thread-1] INFO  util.JmxRegister (JmxRegister.java:tryRegister(44)) - Successfully registered JMX Bean with object name Ratis:service=RaftServer,group=group-035B67327B36,id=efb2beac-26e0-4b3b-9934-2458c1147cfd
2019-09-25 12:10:09,022 [RatisPipelineUtilsThread] INFO  pipeline.PipelineStateManager (PipelineStateManager.java:addPipeline(56)) - Created pipeline Pipeline[ Id: 4a61badd-602d-4868-9bc0-035b67327b36, Nodes: efb2beac-26e0-4b3b-9934-2458c1147cfd{ip: 192.168.151.73, host: pr-hdds-1569-shd4m-3693607622, networkLocation: /default-rack, certSerialId: null}, Type:RATIS, Factor:ONE, State:OPEN]
2019-09-25 12:10:09,039 [grpc-default-executor-0] INFO  impl.RaftServerProxy (RaftServerProxy.java:addNew(89)) - 60ced751-3023-4654-af5b-403edbc93820: addNew group-BCD240EEF06D:[60ced751-3023-4654-af5b-403edbc93820:192.168.151.73:39742] returns group-BCD240EEF06D:java.util.concurrent.CompletableFuture@6b23dc82[Not completed]
2019-09-25 12:10:09,044 [pool-47-thread-1] INFO  impl.RaftServerImpl (RaftServerImpl.java:<init>(95)) - 60ced751-3023-4654-af5b-403edbc93820: new RaftServerImpl for group-BCD240EEF06D:[60ced751-3023-4654-af5b-403edbc93820:192.168.151.73:39742] with ContainerStateMachine:uninitialized
2019-09-25 12:10:09,044 [pool-47-thread-1] INFO  server.RaftServerConfigKeys (ConfUtils.java:logGet(43)) - raft.server.rpc.timeout.min = 5s (custom)
2019-09-25 12:10:09,044 [pool-47-thread-1] INFO  server.RaftServerConfigKeys (ConfUtils.java:logGet(43)) - raft.server.rpc.timeout.max = 5200ms (custom)
2019-09-25 12:10:09,044 [pool-47-thread-1] INFO  server.RaftServerConfigKeys (ConfUtils.java:logGet(43)) - raft.server.rpcslowness.timeout = 120s (custom)
2019-09-25 12:10:09,045 [pool-47-thread-1] INFO  server.RaftServerConfigKeys (ConfUtils.java:logGet(43)) - raft.server.sleep.deviation.threshold = 300 (default)
2019-09-25 12:10:09,045 [pool-47-thread-1] INFO  server.RaftServerConfigKeys (ConfUtils.java:logGet(43)) - raft.server.log.appender.install.snapshot.enabled = false (custom)
2019-09-25 12:10:09,045 [pool-47-thread-1] INFO  impl.RaftServerImpl (ServerState.java:<init>(103)) - 60ced751-3023-4654-af5b-403edbc93820@group-BCD240EEF06D: ConfigurationManager, init=-1: [60ced751-3023-4654-af5b-403edbc93820:192.168.151.73:39742], old=null, confs=<EMPTY_MAP>
2019-09-25 12:10:09,045 [pool-47-thread-1] INFO  server.RaftServerConfigKeys (ConfUtils.java:logGet(43)) - raft.server.storage.dir = [/workdir/hadoop-ozone/integration-test/target/test-dir/MiniOzoneClusterImpl-b6380e3c-fb04-4178-98e9-eb7b36240636/datanode-2/data/ratis] (custom)
2019-09-25 12:10:09,046 [pool-47-thread-1] INFO  storage.RaftStorageDirectory (RaftStorageDirectory.java:analyzeStorage(246)) - The storage directory /workdir/hadoop-ozone/integration-test/target/test-dir/MiniOzoneClusterImpl-b6380e3c-fb04-4178-98e9-eb7b36240636/datanode-2/data/ratis/845e3942-7929-4f3f-b8bf-bcd240eef06d does not exist. Creating ...
2019-09-25 12:10:09,060 [pool-47-thread-1] INFO  storage.RaftStorageDirectory (RaftStorageDirectory.java:tryLock(328)) - Lock on /workdir/hadoop-ozone/integration-test/target/test-dir/MiniOzoneClusterImpl-b6380e3c-fb04-4178-98e9-eb7b36240636/datanode-2/data/ratis/845e3942-7929-4f3f-b8bf-bcd240eef06d/in_use.lock acquired by nodename 9481@pr-hdds-1569-shd4m-3693607622
2019-09-25 12:10:09,074 [pool-47-thread-1] INFO  storage.RaftStorage (RaftStorage.java:format(72)) - Storage directory /workdir/hadoop-ozone/integration-test/target/test-dir/MiniOzoneClusterImpl-b6380e3c-fb04-4178-98e9-eb7b36240636/datanode-2/data/ratis/845e3942-7929-4f3f-b8bf-bcd240eef06d has been successfully formatted.
2019-09-25 12:10:09,074 [pool-47-thread-1] INFO  ratis.ContainerStateMachine (ContainerStateMachine.java:loadSnapshot(230)) - group-BCD240EEF06D: The snapshot info is null. Setting the last applied indexto:(t:0, i:~)
2019-09-25 12:10:09,075 [pool-47-thread-1] INFO  server.RaftServerConfigKeys (ConfUtils.java:logGet(43)) - raft.server.notification.no-leader.timeout = 120s (custom)
2019-09-25 12:10:09,075 [pool-47-thread-1] INFO  server.RaftServerConfigKeys (ConfUtils.java:logGet(43)) - raft.server.log.use.memory = false (default)
2019-09-25 12:10:09,075 [pool-47-thread-1] INFO  server.RaftServerConfigKeys (ConfUtils.java:logGet(43)) - raft.server.log.purge.gap = 1000000 (custom)
2019-09-25 12:10:09,075 [pool-47-thread-1] INFO  server.RaftServerConfigKeys (ConfUtils.java:logGet(43)) - raft.server.log.appender.buffer.byte-limit = 33554432 (custom)
2019-09-25 12:10:09,076 [pool-47-thread-1] INFO  server.RaftServerConfigKeys (ConfUtils.java:logGet(43)) - raft.server.log.segment.size.max = 1048576 (custom)
2019-09-25 12:10:09,076 [pool-47-thread-1] INFO  server.RaftServerConfigKeys (ConfUtils.java:logGet(43)) - raft.server.log.segment.cache.num.max = 2 (custom)
2019-09-25 12:10:09,076 [pool-47-thread-1] INFO  segmented.SegmentedRaftLogWorker (SegmentedRaftLogWorker.java:<init>(172)) - new 60ced751-3023-4654-af5b-403edbc93820@group-BCD240EEF06D-SegmentedRaftLogWorker for RaftStorage:Storage Directory /workdir/hadoop-ozone/integration-test/target/test-dir/MiniOzoneClusterImpl-b6380e3c-fb04-4178-98e9-eb7b36240636/datanode-2/data/ratis/845e3942-7929-4f3f-b8bf-bcd240eef06d
2019-09-25 12:10:09,081 [pool-47-thread-1] INFO  server.RaftServerConfigKeys (ConfUtils.java:logGet(43)) - raft.server.log.queue.byte-limit = 2147483647 (custom)
2019-09-25 12:10:09,081 [pool-47-thread-1] INFO  server.RaftServerConfigKeys (ConfUtils.java:logGet(43)) - raft.server.log.queue.element-limit = 1024 (custom)
2019-09-25 12:10:09,082 [pool-47-thread-1] INFO  server.RaftServerConfigKeys (ConfUtils.java:logGet(43)) - raft.server.log.segment.size.max = 1048576 (custom)
2019-09-25 12:10:09,082 [pool-47-thread-1] INFO  server.RaftServerConfigKeys (ConfUtils.java:logGet(43)) - raft.server.log.preallocated.size = 16384 (custom)
2019-09-25 12:10:09,082 [pool-47-thread-1] INFO  server.RaftServerConfigKeys (ConfUtils.java:logGet(43)) - raft.server.log.write.buffer.size = 33554432 (custom)
2019-09-25 12:10:09,082 [pool-47-thread-1] INFO  server.RaftServerConfigKeys (ConfUtils.java:logGet(43)) - raft.server.log.force.sync.num = 128 (default)
2019-09-25 12:10:09,082 [pool-47-thread-1] INFO  server.RaftServerConfigKeys (ConfUtils.java:logGet(43)) - raft.server.log.statemachine.data.sync = true (default)
2019-09-25 12:10:09,083 [pool-47-thread-1] INFO  server.RaftServerConfigKeys (ConfUtils.java:logGet(43)) - raft.server.log.statemachine.data.sync.timeout = 10s (default)
2019-09-25 12:10:09,083 [pool-47-thread-1] INFO  server.RaftServerConfigKeys (ConfUtils.java:logGet(43)) - raft.server.log.statemachine.data.sync.timeout.retry = -1 (default)
2019-09-25 12:10:09,083 [pool-47-thread-1] INFO  server.RaftServerConfigKeys (ConfUtils.java:logGet(43)) - raft.server.log.statemachine.data.caching.enabled = true (custom)
2019-09-25 12:10:09,084 [pool-47-thread-1] INFO  segmented.SegmentedRaftLogWorker (SegmentedRaftLogWorker.java:lambda$new$0(132)) - 60ced751-3023-4654-af5b-403edbc93820@group-BCD240EEF06D-SegmentedRaftLogWorker: flushIndex: setUnconditionally 0 -> -1
2019-09-25 12:10:09,084 [pool-47-thread-1] INFO  server.RaftServerConfigKeys (ConfUtils.java:logGet(43)) - raft.server.snapshot.auto.trigger.enabled = true (custom)
2019-09-25 12:10:09,084 [pool-47-thread-1] INFO  server.RaftServerConfigKeys (ConfUtils.java:logGet(43)) - raft.server.snapshot.auto.trigger.threshold = 10000 (custom)
2019-09-25 12:10:09,085 [pool-47-thread-1] INFO  server.RaftServerConfigKeys (ConfUtils.java:logGet(43)) - raft.server.snapshot.retention.num.files = 5 (custom)
2019-09-25 12:10:09,085 [pool-47-thread-1] INFO  server.RaftServerConfigKeys (ConfUtils.java:logGet(43)) - raft.server.retrycache.expirytime = 600000ms (custom)
2019-09-25 12:10:09,089 [pool-47-thread-1] INFO  impl.RaftServerImpl (RaftServerImpl.java:start(185)) - 60ced751-3023-4654-af5b-403edbc93820@group-BCD240EEF06D: start as a follower, conf=-1: [60ced751-3023-4654-af5b-403edbc93820:192.168.151.73:39742], old=null
2019-09-25 12:10:09,089 [pool-47-thread-1] INFO  impl.RaftServerImpl (RaftServerImpl.java:setRole(174)) - 60ced751-3023-4654-af5b-403edbc93820@group-BCD240EEF06D: changes role from      null to FOLLOWER at term 0 for startAsFollower
2019-09-25 12:10:09,090 [pool-47-thread-1] INFO  impl.RoleInfo (RoleInfo.java:updateAndGet(143)) - 60ced751-3023-4654-af5b-403edbc93820: start FollowerState
2019-09-25 12:10:09,090 [pool-47-thread-1] INFO  util.JmxRegister (JmxRegister.java:tryRegister(44)) - Successfully registered JMX Bean with object name Ratis:service=RaftServer,group=group-BCD240EEF06D,id=60ced751-3023-4654-af5b-403edbc93820
2019-09-25 12:10:09,100 [RatisPipelineUtilsThread] INFO  pipeline.PipelineStateManager (PipelineStateManager.java:addPipeline(56)) - Created pipeline Pipeline[ Id: 845e3942-7929-4f3f-b8bf-bcd240eef06d, Nodes: 60ced751-3023-4654-af5b-403edbc93820{ip: 192.168.151.73, host: pr-hdds-1569-shd4m-3693607622, networkLocation: /default-rack, certSerialId: null}, Type:RATIS, Factor:ONE, State:OPEN]
2019-09-25 12:10:09,114 [grpc-default-executor-0] INFO  impl.RaftServerProxy (RaftServerProxy.java:addNew(89)) - 98c6e6f4-875d-42de-b8a9-30ed89dcc8e7: addNew group-5E81A3E4DB8B:[98c6e6f4-875d-42de-b8a9-30ed89dcc8e7:192.168.151.73:46765] returns group-5E81A3E4DB8B:java.util.concurrent.CompletableFuture@61f37739[Not completed]
2019-09-25 12:10:09,116 [pool-37-thread-1] INFO  impl.RaftServerImpl (RaftServerImpl.java:<init>(95)) - 98c6e6f4-875d-42de-b8a9-30ed89dcc8e7: new RaftServerImpl for group-5E81A3E4DB8B:[98c6e6f4-875d-42de-b8a9-30ed89dcc8e7:192.168.151.73:46765] with ContainerStateMachine:uninitialized
2019-09-25 12:10:09,117 [pool-37-thread-1] INFO  server.RaftServerConfigKeys (ConfUtils.java:logGet(43)) - raft.server.rpc.timeout.min = 5s (custom)
2019-09-25 12:10:09,117 [pool-37-thread-1] INFO  server.RaftServerConfigKeys (ConfUtils.java:logGet(43)) - raft.server.rpc.timeout.max = 5200ms (custom)
2019-09-25 12:10:09,117 [pool-37-thread-1] INFO  server.RaftServerConfigKeys (ConfUtils.java:logGet(43)) - raft.server.rpcslowness.timeout = 120s (custom)
2019-09-25 12:10:09,117 [pool-37-thread-1] INFO  server.RaftServerConfigKeys (ConfUtils.java:logGet(43)) - raft.server.sleep.deviation.threshold = 300 (default)
2019-09-25 12:10:09,117 [pool-37-thread-1] INFO  server.RaftServerConfigKeys (ConfUtils.java:logGet(43)) - raft.server.log.appender.install.snapshot.enabled = false (custom)
2019-09-25 12:10:09,118 [pool-37-thread-1] INFO  impl.RaftServerImpl (ServerState.java:<init>(103)) - 98c6e6f4-875d-42de-b8a9-30ed89dcc8e7@group-5E81A3E4DB8B: ConfigurationManager, init=-1: [98c6e6f4-875d-42de-b8a9-30ed89dcc8e7:192.168.151.73:46765], old=null, confs=<EMPTY_MAP>
2019-09-25 12:10:09,118 [pool-37-thread-1] INFO  server.RaftServerConfigKeys (ConfUtils.java:logGet(43)) - raft.server.storage.dir = [/workdir/hadoop-ozone/integration-test/target/test-dir/MiniOzoneClusterImpl-b6380e3c-fb04-4178-98e9-eb7b36240636/datanode-1/data/ratis] (custom)
2019-09-25 12:10:09,119 [pool-37-thread-1] INFO  storage.RaftStorageDirectory (RaftStorageDirectory.java:analyzeStorage(246)) - The storage directory /workdir/hadoop-ozone/integration-test/target/test-dir/MiniOzoneClusterImpl-b6380e3c-fb04-4178-98e9-eb7b36240636/datanode-1/data/ratis/599581e4-c549-4e45-be2c-5e81a3e4db8b does not exist. Creating ...
2019-09-25 12:10:09,133 [pool-37-thread-1] INFO  storage.RaftStorageDirectory (RaftStorageDirectory.java:tryLock(328)) - Lock on /workdir/hadoop-ozone/integration-test/target/test-dir/MiniOzoneClusterImpl-b6380e3c-fb04-4178-98e9-eb7b36240636/datanode-1/data/ratis/599581e4-c549-4e45-be2c-5e81a3e4db8b/in_use.lock acquired by nodename 9481@pr-hdds-1569-shd4m-3693607622
2019-09-25 12:10:09,151 [pool-37-thread-1] INFO  storage.RaftStorage (RaftStorage.java:format(72)) - Storage directory /workdir/hadoop-ozone/integration-test/target/test-dir/MiniOzoneClusterImpl-b6380e3c-fb04-4178-98e9-eb7b36240636/datanode-1/data/ratis/599581e4-c549-4e45-be2c-5e81a3e4db8b has been successfully formatted.
2019-09-25 12:10:09,152 [pool-37-thread-1] INFO  ratis.ContainerStateMachine (ContainerStateMachine.java:loadSnapshot(230)) - group-5E81A3E4DB8B: The snapshot info is null. Setting the last applied indexto:(t:0, i:~)
2019-09-25 12:10:09,152 [pool-37-thread-1] INFO  server.RaftServerConfigKeys (ConfUtils.java:logGet(43)) - raft.server.notification.no-leader.timeout = 120s (custom)
2019-09-25 12:10:09,152 [pool-37-thread-1] INFO  server.RaftServerConfigKeys (ConfUtils.java:logGet(43)) - raft.server.log.use.memory = false (default)
2019-09-25 12:10:09,153 [pool-37-thread-1] INFO  server.RaftServerConfigKeys (ConfUtils.java:logGet(43)) - raft.server.log.purge.gap = 1000000 (custom)
2019-09-25 12:10:09,153 [pool-37-thread-1] INFO  server.RaftServerConfigKeys (ConfUtils.java:logGet(43)) - raft.server.log.appender.buffer.byte-limit = 33554432 (custom)
2019-09-25 12:10:09,153 [pool-37-thread-1] INFO  server.RaftServerConfigKeys (ConfUtils.java:logGet(43)) - raft.server.log.segment.size.max = 1048576 (custom)
2019-09-25 12:10:09,153 [pool-37-thread-1] INFO  server.RaftServerConfigKeys (ConfUtils.java:logGet(43)) - raft.server.log.segment.cache.num.max = 2 (custom)
2019-09-25 12:10:09,153 [pool-37-thread-1] INFO  segmented.SegmentedRaftLogWorker (SegmentedRaftLogWorker.java:<init>(172)) - new 98c6e6f4-875d-42de-b8a9-30ed89dcc8e7@group-5E81A3E4DB8B-SegmentedRaftLogWorker for RaftStorage:Storage Directory /workdir/hadoop-ozone/integration-test/target/test-dir/MiniOzoneClusterImpl-b6380e3c-fb04-4178-98e9-eb7b36240636/datanode-1/data/ratis/599581e4-c549-4e45-be2c-5e81a3e4db8b
2019-09-25 12:10:09,154 [pool-37-thread-1] INFO  server.RaftServerConfigKeys (ConfUtils.java:logGet(43)) - raft.server.log.queue.byte-limit = 2147483647 (custom)
2019-09-25 12:10:09,154 [pool-37-thread-1] INFO  server.RaftServerConfigKeys (ConfUtils.java:logGet(43)) - raft.server.log.queue.element-limit = 1024 (custom)
2019-09-25 12:10:09,154 [pool-37-thread-1] INFO  server.RaftServerConfigKeys (ConfUtils.java:logGet(43)) - raft.server.log.segment.size.max = 1048576 (custom)
2019-09-25 12:10:09,154 [pool-37-thread-1] INFO  server.RaftServerConfigKeys (ConfUtils.java:logGet(43)) - raft.server.log.preallocated.size = 16384 (custom)
2019-09-25 12:10:09,154 [pool-37-thread-1] INFO  server.RaftServerConfigKeys (ConfUtils.java:logGet(43)) - raft.server.log.write.buffer.size = 33554432 (custom)
2019-09-25 12:10:09,154 [pool-37-thread-1] INFO  server.RaftServerConfigKeys (ConfUtils.java:logGet(43)) - raft.server.log.force.sync.num = 128 (default)
2019-09-25 12:10:09,155 [pool-37-thread-1] INFO  server.RaftServerConfigKeys (ConfUtils.java:logGet(43)) - raft.server.log.statemachine.data.sync = true (default)
2019-09-25 12:10:09,155 [pool-37-thread-1] INFO  server.RaftServerConfigKeys (ConfUtils.java:logGet(43)) - raft.server.log.statemachine.data.sync.timeout = 10s (default)
2019-09-25 12:10:09,155 [pool-37-thread-1] INFO  server.RaftServerConfigKeys (ConfUtils.java:logGet(43)) - raft.server.log.statemachine.data.sync.timeout.retry = -1 (default)
2019-09-25 12:10:09,155 [pool-37-thread-1] INFO  server.RaftServerConfigKeys (ConfUtils.java:logGet(43)) - raft.server.log.statemachine.data.caching.enabled = true (custom)
2019-09-25 12:10:09,156 [pool-37-thread-1] INFO  segmented.SegmentedRaftLogWorker (SegmentedRaftLogWorker.java:lambda$new$0(132)) - 98c6e6f4-875d-42de-b8a9-30ed89dcc8e7@group-5E81A3E4DB8B-SegmentedRaftLogWorker: flushIndex: setUnconditionally 0 -> -1
2019-09-25 12:10:09,156 [pool-37-thread-1] INFO  server.RaftServerConfigKeys (ConfUtils.java:logGet(43)) - raft.server.snapshot.auto.trigger.enabled = true (custom)
2019-09-25 12:10:09,156 [pool-37-thread-1] INFO  server.RaftServerConfigKeys (ConfUtils.java:logGet(43)) - raft.server.snapshot.auto.trigger.threshold = 10000 (custom)
2019-09-25 12:10:09,157 [pool-37-thread-1] INFO  server.RaftServerConfigKeys (ConfUtils.java:logGet(43)) - raft.server.snapshot.retention.num.files = 5 (custom)
2019-09-25 12:10:09,157 [pool-37-thread-1] INFO  server.RaftServerConfigKeys (ConfUtils.java:logGet(43)) - raft.server.retrycache.expirytime = 600000ms (custom)
2019-09-25 12:10:09,161 [pool-37-thread-1] INFO  impl.RaftServerImpl (RaftServerImpl.java:start(185)) - 98c6e6f4-875d-42de-b8a9-30ed89dcc8e7@group-5E81A3E4DB8B: start as a follower, conf=-1: [98c6e6f4-875d-42de-b8a9-30ed89dcc8e7:192.168.151.73:46765], old=null
2019-09-25 12:10:09,161 [pool-37-thread-1] INFO  impl.RaftServerImpl (RaftServerImpl.java:setRole(174)) - 98c6e6f4-875d-42de-b8a9-30ed89dcc8e7@group-5E81A3E4DB8B: changes role from      null to FOLLOWER at term 0 for startAsFollower
2019-09-25 12:10:09,161 [pool-37-thread-1] INFO  impl.RoleInfo (RoleInfo.java:updateAndGet(143)) - 98c6e6f4-875d-42de-b8a9-30ed89dcc8e7: start FollowerState
2019-09-25 12:10:09,162 [pool-37-thread-1] INFO  util.JmxRegister (JmxRegister.java:tryRegister(44)) - Successfully registered JMX Bean with object name Ratis:service=RaftServer,group=group-5E81A3E4DB8B,id=98c6e6f4-875d-42de-b8a9-30ed89dcc8e7
2019-09-25 12:10:09,172 [RatisPipelineUtilsThread] INFO  pipeline.PipelineStateManager (PipelineStateManager.java:addPipeline(56)) - Created pipeline Pipeline[ Id: 599581e4-c549-4e45-be2c-5e81a3e4db8b, Nodes: 98c6e6f4-875d-42de-b8a9-30ed89dcc8e7{ip: 192.168.151.73, host: pr-hdds-1569-shd4m-3693607622, networkLocation: /default-rack, certSerialId: null}, Type:RATIS, Factor:ONE, State:OPEN]
2019-09-25 12:10:09,185 [grpc-default-executor-0] INFO  impl.RaftServerProxy (RaftServerProxy.java:addNew(89)) - 60ced751-3023-4654-af5b-403edbc93820: addNew group-6D064ABEA521:[60ced751-3023-4654-af5b-403edbc93820:192.168.151.73:39742] returns group-6D064ABEA521:java.util.concurrent.CompletableFuture@5aa0ac97[Not completed]
2019-09-25 12:10:09,187 [pool-47-thread-1] INFO  impl.RaftServerImpl (RaftServerImpl.java:<init>(95)) - 60ced751-3023-4654-af5b-403edbc93820: new RaftServerImpl for group-6D064ABEA521:[60ced751-3023-4654-af5b-403edbc93820:192.168.151.73:39742] with ContainerStateMachine:uninitialized
2019-09-25 12:10:09,187 [pool-47-thread-1] INFO  server.RaftServerConfigKeys (ConfUtils.java:logGet(43)) - raft.server.rpc.timeout.min = 5s (custom)
2019-09-25 12:10:09,187 [pool-47-thread-1] INFO  server.RaftServerConfigKeys (ConfUtils.java:logGet(43)) - raft.server.rpc.timeout.max = 5200ms (custom)
2019-09-25 12:10:09,188 [pool-47-thread-1] INFO  server.RaftServerConfigKeys (ConfUtils.java:logGet(43)) - raft.server.rpcslowness.timeout = 120s (custom)
2019-09-25 12:10:09,188 [pool-47-thread-1] INFO  server.RaftServerConfigKeys (ConfUtils.java:logGet(43)) - raft.server.sleep.deviation.threshold = 300 (default)
2019-09-25 12:10:09,188 [pool-47-thread-1] INFO  server.RaftServerConfigKeys (ConfUtils.java:logGet(43)) - raft.server.log.appender.install.snapshot.enabled = false (custom)
2019-09-25 12:10:09,188 [pool-47-thread-1] INFO  impl.RaftServerImpl (ServerState.java:<init>(103)) - 60ced751-3023-4654-af5b-403edbc93820@group-6D064ABEA521: ConfigurationManager, init=-1: [60ced751-3023-4654-af5b-403edbc93820:192.168.151.73:39742], old=null, confs=<EMPTY_MAP>
2019-09-25 12:10:09,188 [pool-47-thread-1] INFO  server.RaftServerConfigKeys (ConfUtils.java:logGet(43)) - raft.server.storage.dir = [/workdir/hadoop-ozone/integration-test/target/test-dir/MiniOzoneClusterImpl-b6380e3c-fb04-4178-98e9-eb7b36240636/datanode-2/data/ratis] (custom)
2019-09-25 12:10:09,189 [pool-47-thread-1] INFO  storage.RaftStorageDirectory (RaftStorageDirectory.java:analyzeStorage(246)) - The storage directory /workdir/hadoop-ozone/integration-test/target/test-dir/MiniOzoneClusterImpl-b6380e3c-fb04-4178-98e9-eb7b36240636/datanode-2/data/ratis/79f71c0a-953f-492e-a23c-6d064abea521 does not exist. Creating ...
2019-09-25 12:10:09,203 [pool-47-thread-1] INFO  storage.RaftStorageDirectory (RaftStorageDirectory.java:tryLock(328)) - Lock on /workdir/hadoop-ozone/integration-test/target/test-dir/MiniOzoneClusterImpl-b6380e3c-fb04-4178-98e9-eb7b36240636/datanode-2/data/ratis/79f71c0a-953f-492e-a23c-6d064abea521/in_use.lock acquired by nodename 9481@pr-hdds-1569-shd4m-3693607622
2019-09-25 12:10:09,217 [pool-47-thread-1] INFO  storage.RaftStorage (RaftStorage.java:format(72)) - Storage directory /workdir/hadoop-ozone/integration-test/target/test-dir/MiniOzoneClusterImpl-b6380e3c-fb04-4178-98e9-eb7b36240636/datanode-2/data/ratis/79f71c0a-953f-492e-a23c-6d064abea521 has been successfully formatted.
2019-09-25 12:10:09,217 [pool-47-thread-1] INFO  ratis.ContainerStateMachine (ContainerStateMachine.java:loadSnapshot(230)) - group-6D064ABEA521: The snapshot info is null. Setting the last applied indexto:(t:0, i:~)
2019-09-25 12:10:09,217 [pool-47-thread-1] INFO  server.RaftServerConfigKeys (ConfUtils.java:logGet(43)) - raft.server.notification.no-leader.timeout = 120s (custom)
2019-09-25 12:10:09,217 [pool-47-thread-1] INFO  server.RaftServerConfigKeys (ConfUtils.java:logGet(43)) - raft.server.log.use.memory = false (default)
2019-09-25 12:10:09,218 [pool-47-thread-1] INFO  server.RaftServerConfigKeys (ConfUtils.java:logGet(43)) - raft.server.log.purge.gap = 1000000 (custom)
2019-09-25 12:10:09,218 [pool-47-thread-1] INFO  server.RaftServerConfigKeys (ConfUtils.java:logGet(43)) - raft.server.log.appender.buffer.byte-limit = 33554432 (custom)
2019-09-25 12:10:09,218 [pool-47-thread-1] INFO  server.RaftServerConfigKeys (ConfUtils.java:logGet(43)) - raft.server.log.segment.size.max = 1048576 (custom)
2019-09-25 12:10:09,218 [pool-47-thread-1] INFO  server.RaftServerConfigKeys (ConfUtils.java:logGet(43)) - raft.server.log.segment.cache.num.max = 2 (custom)
2019-09-25 12:10:09,218 [pool-47-thread-1] INFO  segmented.SegmentedRaftLogWorker (SegmentedRaftLogWorker.java:<init>(172)) - new 60ced751-3023-4654-af5b-403edbc93820@group-6D064ABEA521-SegmentedRaftLogWorker for RaftStorage:Storage Directory /workdir/hadoop-ozone/integration-test/target/test-dir/MiniOzoneClusterImpl-b6380e3c-fb04-4178-98e9-eb7b36240636/datanode-2/data/ratis/79f71c0a-953f-492e-a23c-6d064abea521
2019-09-25 12:10:09,218 [pool-47-thread-1] INFO  server.RaftServerConfigKeys (ConfUtils.java:logGet(43)) - raft.server.log.queue.byte-limit = 2147483647 (custom)
2019-09-25 12:10:09,219 [pool-47-thread-1] INFO  server.RaftServerConfigKeys (ConfUtils.java:logGet(43)) - raft.server.log.queue.element-limit = 1024 (custom)
2019-09-25 12:10:09,219 [pool-47-thread-1] INFO  server.RaftServerConfigKeys (ConfUtils.java:logGet(43)) - raft.server.log.segment.size.max = 1048576 (custom)
2019-09-25 12:10:09,219 [pool-47-thread-1] INFO  server.RaftServerConfigKeys (ConfUtils.java:logGet(43)) - raft.server.log.preallocated.size = 16384 (custom)
2019-09-25 12:10:09,219 [pool-47-thread-1] INFO  server.RaftServerConfigKeys (ConfUtils.java:logGet(43)) - raft.server.log.write.buffer.size = 33554432 (custom)
2019-09-25 12:10:09,219 [pool-47-thread-1] INFO  server.RaftServerConfigKeys (ConfUtils.java:logGet(43)) - raft.server.log.force.sync.num = 128 (default)
2019-09-25 12:10:09,219 [pool-47-thread-1] INFO  server.RaftServerConfigKeys (ConfUtils.java:logGet(43)) - raft.server.log.statemachine.data.sync = true (default)
2019-09-25 12:10:09,220 [pool-47-thread-1] INFO  server.RaftServerConfigKeys (ConfUtils.java:logGet(43)) - raft.server.log.statemachine.data.sync.timeout = 10s (default)
2019-09-25 12:10:09,220 [pool-47-thread-1] INFO  server.RaftServerConfigKeys (ConfUtils.java:logGet(43)) - raft.server.log.statemachine.data.sync.timeout.retry = -1 (default)
2019-09-25 12:10:09,220 [pool-47-thread-1] INFO  server.RaftServerConfigKeys (ConfUtils.java:logGet(43)) - raft.server.log.statemachine.data.caching.enabled = true (custom)
2019-09-25 12:10:09,220 [pool-47-thread-1] INFO  segmented.SegmentedRaftLogWorker (SegmentedRaftLogWorker.java:lambda$new$0(132)) - 60ced751-3023-4654-af5b-403edbc93820@group-6D064ABEA521-SegmentedRaftLogWorker: flushIndex: setUnconditionally 0 -> -1
2019-09-25 12:10:09,221 [pool-47-thread-1] INFO  server.RaftServerConfigKeys (ConfUtils.java:logGet(43)) - raft.server.snapshot.auto.trigger.enabled = true (custom)
2019-09-25 12:10:09,221 [pool-47-thread-1] INFO  server.RaftServerConfigKeys (ConfUtils.java:logGet(43)) - raft.server.snapshot.auto.trigger.threshold = 10000 (custom)
2019-09-25 12:10:09,221 [pool-47-thread-1] INFO  server.RaftServerConfigKeys (ConfUtils.java:logGet(43)) - raft.server.snapshot.retention.num.files = 5 (custom)
2019-09-25 12:10:09,221 [pool-47-thread-1] INFO  server.RaftServerConfigKeys (ConfUtils.java:logGet(43)) - raft.server.retrycache.expirytime = 600000ms (custom)
2019-09-25 12:10:09,227 [pool-47-thread-1] INFO  impl.RaftServerImpl (RaftServerImpl.java:start(185)) - 60ced751-3023-4654-af5b-403edbc93820@group-6D064ABEA521: start as a follower, conf=-1: [60ced751-3023-4654-af5b-403edbc93820:192.168.151.73:39742], old=null
2019-09-25 12:10:09,227 [pool-47-thread-1] INFO  impl.RaftServerImpl (RaftServerImpl.java:setRole(174)) - 60ced751-3023-4654-af5b-403edbc93820@group-6D064ABEA521: changes role from      null to FOLLOWER at term 0 for startAsFollower
2019-09-25 12:10:09,227 [pool-47-thread-1] INFO  impl.RoleInfo (RoleInfo.java:updateAndGet(143)) - 60ced751-3023-4654-af5b-403edbc93820: start FollowerState
2019-09-25 12:10:09,228 [pool-47-thread-1] INFO  util.JmxRegister (JmxRegister.java:tryRegister(44)) - Successfully registered JMX Bean with object name Ratis:service=RaftServer,group=group-6D064ABEA521,id=60ced751-3023-4654-af5b-403edbc93820
2019-09-25 12:10:09,236 [RatisPipelineUtilsThread] INFO  pipeline.PipelineStateManager (PipelineStateManager.java:addPipeline(56)) - Created pipeline Pipeline[ Id: 79f71c0a-953f-492e-a23c-6d064abea521, Nodes: 60ced751-3023-4654-af5b-403edbc93820{ip: 192.168.151.73, host: pr-hdds-1569-shd4m-3693607622, networkLocation: /default-rack, certSerialId: null}, Type:RATIS, Factor:ONE, State:OPEN]
2019-09-25 12:10:09,248 [grpc-default-executor-0] INFO  impl.RaftServerProxy (RaftServerProxy.java:addNew(89)) - 60ced751-3023-4654-af5b-403edbc93820: addNew group-75DD76850AF5:[60ced751-3023-4654-af5b-403edbc93820:192.168.151.73:39742] returns group-75DD76850AF5:java.util.concurrent.CompletableFuture@6737346b[Not completed]
2019-09-25 12:10:09,250 [pool-47-thread-1] INFO  impl.RaftServerImpl (RaftServerImpl.java:<init>(95)) - 60ced751-3023-4654-af5b-403edbc93820: new RaftServerImpl for group-75DD76850AF5:[60ced751-3023-4654-af5b-403edbc93820:192.168.151.73:39742] with ContainerStateMachine:uninitialized
2019-09-25 12:10:09,250 [pool-47-thread-1] INFO  server.RaftServerConfigKeys (ConfUtils.java:logGet(43)) - raft.server.rpc.timeout.min = 5s (custom)
2019-09-25 12:10:09,250 [pool-47-thread-1] INFO  server.RaftServerConfigKeys (ConfUtils.java:logGet(43)) - raft.server.rpc.timeout.max = 5200ms (custom)
2019-09-25 12:10:09,250 [pool-47-thread-1] INFO  server.RaftServerConfigKeys (ConfUtils.java:logGet(43)) - raft.server.rpcslowness.timeout = 120s (custom)
2019-09-25 12:10:09,251 [pool-47-thread-1] INFO  server.RaftServerConfigKeys (ConfUtils.java:logGet(43)) - raft.server.sleep.deviation.threshold = 300 (default)
2019-09-25 12:10:09,251 [pool-47-thread-1] INFO  server.RaftServerConfigKeys (ConfUtils.java:logGet(43)) - raft.server.log.appender.install.snapshot.enabled = false (custom)
2019-09-25 12:10:09,251 [pool-47-thread-1] INFO  impl.RaftServerImpl (ServerState.java:<init>(103)) - 60ced751-3023-4654-af5b-403edbc93820@group-75DD76850AF5: ConfigurationManager, init=-1: [60ced751-3023-4654-af5b-403edbc93820:192.168.151.73:39742], old=null, confs=<EMPTY_MAP>
2019-09-25 12:10:09,251 [pool-47-thread-1] INFO  server.RaftServerConfigKeys (ConfUtils.java:logGet(43)) - raft.server.storage.dir = [/workdir/hadoop-ozone/integration-test/target/test-dir/MiniOzoneClusterImpl-b6380e3c-fb04-4178-98e9-eb7b36240636/datanode-2/data/ratis] (custom)
2019-09-25 12:10:09,251 [pool-47-thread-1] INFO  storage.RaftStorageDirectory (RaftStorageDirectory.java:analyzeStorage(246)) - The storage directory /workdir/hadoop-ozone/integration-test/target/test-dir/MiniOzoneClusterImpl-b6380e3c-fb04-4178-98e9-eb7b36240636/datanode-2/data/ratis/c4f00836-0718-43a4-89bd-75dd76850af5 does not exist. Creating ...
2019-09-25 12:10:09,266 [pool-47-thread-1] INFO  storage.RaftStorageDirectory (RaftStorageDirectory.java:tryLock(328)) - Lock on /workdir/hadoop-ozone/integration-test/target/test-dir/MiniOzoneClusterImpl-b6380e3c-fb04-4178-98e9-eb7b36240636/datanode-2/data/ratis/c4f00836-0718-43a4-89bd-75dd76850af5/in_use.lock acquired by nodename 9481@pr-hdds-1569-shd4m-3693607622
2019-09-25 12:10:09,286 [pool-47-thread-1] INFO  storage.RaftStorage (RaftStorage.java:format(72)) - Storage directory /workdir/hadoop-ozone/integration-test/target/test-dir/MiniOzoneClusterImpl-b6380e3c-fb04-4178-98e9-eb7b36240636/datanode-2/data/ratis/c4f00836-0718-43a4-89bd-75dd76850af5 has been successfully formatted.
2019-09-25 12:10:09,287 [pool-47-thread-1] INFO  ratis.ContainerStateMachine (ContainerStateMachine.java:loadSnapshot(230)) - group-75DD76850AF5: The snapshot info is null. Setting the last applied indexto:(t:0, i:~)
2019-09-25 12:10:09,287 [pool-47-thread-1] INFO  server.RaftServerConfigKeys (ConfUtils.java:logGet(43)) - raft.server.notification.no-leader.timeout = 120s (custom)
2019-09-25 12:10:09,287 [pool-47-thread-1] INFO  server.RaftServerConfigKeys (ConfUtils.java:logGet(43)) - raft.server.log.use.memory = false (default)
2019-09-25 12:10:09,287 [pool-47-thread-1] INFO  server.RaftServerConfigKeys (ConfUtils.java:logGet(43)) - raft.server.log.purge.gap = 1000000 (custom)
2019-09-25 12:10:09,287 [pool-47-thread-1] INFO  server.RaftServerConfigKeys (ConfUtils.java:logGet(43)) - raft.server.log.appender.buffer.byte-limit = 33554432 (custom)
2019-09-25 12:10:09,287 [pool-47-thread-1] INFO  server.RaftServerConfigKeys (ConfUtils.java:logGet(43)) - raft.server.log.segment.size.max = 1048576 (custom)
2019-09-25 12:10:09,287 [pool-47-thread-1] INFO  server.RaftServerConfigKeys (ConfUtils.java:logGet(43)) - raft.server.log.segment.cache.num.max = 2 (custom)
2019-09-25 12:10:09,287 [pool-47-thread-1] INFO  segmented.SegmentedRaftLogWorker (SegmentedRaftLogWorker.java:<init>(172)) - new 60ced751-3023-4654-af5b-403edbc93820@group-75DD76850AF5-SegmentedRaftLogWorker for RaftStorage:Storage Directory /workdir/hadoop-ozone/integration-test/target/test-dir/MiniOzoneClusterImpl-b6380e3c-fb04-4178-98e9-eb7b36240636/datanode-2/data/ratis/c4f00836-0718-43a4-89bd-75dd76850af5
2019-09-25 12:10:09,288 [pool-47-thread-1] INFO  server.RaftServerConfigKeys (ConfUtils.java:logGet(43)) - raft.server.log.queue.byte-limit = 2147483647 (custom)
2019-09-25 12:10:09,288 [pool-47-thread-1] INFO  server.RaftServerConfigKeys (ConfUtils.java:logGet(43)) - raft.server.log.queue.element-limit = 1024 (custom)
2019-09-25 12:10:09,288 [pool-47-thread-1] INFO  server.RaftServerConfigKeys (ConfUtils.java:logGet(43)) - raft.server.log.segment.size.max = 1048576 (custom)
2019-09-25 12:10:09,288 [pool-47-thread-1] INFO  server.RaftServerConfigKeys (ConfUtils.java:logGet(43)) - raft.server.log.preallocated.size = 16384 (custom)
2019-09-25 12:10:09,288 [pool-47-thread-1] INFO  server.RaftServerConfigKeys (ConfUtils.java:logGet(43)) - raft.server.log.write.buffer.size = 33554432 (custom)
2019-09-25 12:10:09,288 [pool-47-thread-1] INFO  server.RaftServerConfigKeys (ConfUtils.java:logGet(43)) - raft.server.log.force.sync.num = 128 (default)
2019-09-25 12:10:09,288 [pool-47-thread-1] INFO  server.RaftServerConfigKeys (ConfUtils.java:logGet(43)) - raft.server.log.statemachine.data.sync = true (default)
2019-09-25 12:10:09,289 [pool-47-thread-1] INFO  server.RaftServerConfigKeys (ConfUtils.java:logGet(43)) - raft.server.log.statemachine.data.sync.timeout = 10s (default)
2019-09-25 12:10:09,289 [pool-47-thread-1] INFO  server.RaftServerConfigKeys (ConfUtils.java:logGet(43)) - raft.server.log.statemachine.data.sync.timeout.retry = -1 (default)
2019-09-25 12:10:09,289 [pool-47-thread-1] INFO  server.RaftServerConfigKeys (ConfUtils.java:logGet(43)) - raft.server.log.statemachine.data.caching.enabled = true (custom)
2019-09-25 12:10:09,289 [pool-47-thread-1] INFO  segmented.SegmentedRaftLogWorker (SegmentedRaftLogWorker.java:lambda$new$0(132)) - 60ced751-3023-4654-af5b-403edbc93820@group-75DD76850AF5-SegmentedRaftLogWorker: flushIndex: setUnconditionally 0 -> -1
2019-09-25 12:10:09,289 [pool-47-thread-1] INFO  server.RaftServerConfigKeys (ConfUtils.java:logGet(43)) - raft.server.snapshot.auto.trigger.enabled = true (custom)
2019-09-25 12:10:09,290 [pool-47-thread-1] INFO  server.RaftServerConfigKeys (ConfUtils.java:logGet(43)) - raft.server.snapshot.auto.trigger.threshold = 10000 (custom)
2019-09-25 12:10:09,290 [pool-47-thread-1] INFO  server.RaftServerConfigKeys (ConfUtils.java:logGet(43)) - raft.server.snapshot.retention.num.files = 5 (custom)
2019-09-25 12:10:09,290 [pool-47-thread-1] INFO  server.RaftServerConfigKeys (ConfUtils.java:logGet(43)) - raft.server.retrycache.expirytime = 600000ms (custom)
2019-09-25 12:10:09,292 [pool-47-thread-1] INFO  impl.RaftServerImpl (RaftServerImpl.java:start(185)) - 60ced751-3023-4654-af5b-403edbc93820@group-75DD76850AF5: start as a follower, conf=-1: [60ced751-3023-4654-af5b-403edbc93820:192.168.151.73:39742], old=null
2019-09-25 12:10:09,292 [pool-47-thread-1] INFO  impl.RaftServerImpl (RaftServerImpl.java:setRole(174)) - 60ced751-3023-4654-af5b-403edbc93820@group-75DD76850AF5: changes role from      null to FOLLOWER at term 0 for startAsFollower
2019-09-25 12:10:09,293 [pool-47-thread-1] INFO  impl.RoleInfo (RoleInfo.java:updateAndGet(143)) - 60ced751-3023-4654-af5b-403edbc93820: start FollowerState
2019-09-25 12:10:09,293 [pool-47-thread-1] INFO  util.JmxRegister (JmxRegister.java:tryRegister(44)) - Successfully registered JMX Bean with object name Ratis:service=RaftServer,group=group-75DD76850AF5,id=60ced751-3023-4654-af5b-403edbc93820
2019-09-25 12:10:09,304 [RatisPipelineUtilsThread] INFO  pipeline.PipelineStateManager (PipelineStateManager.java:addPipeline(56)) - Created pipeline Pipeline[ Id: c4f00836-0718-43a4-89bd-75dd76850af5, Nodes: 60ced751-3023-4654-af5b-403edbc93820{ip: 192.168.151.73, host: pr-hdds-1569-shd4m-3693607622, networkLocation: /default-rack, certSerialId: null}, Type:RATIS, Factor:ONE, State:OPEN]
2019-09-25 12:10:09,320 [grpc-default-executor-0] INFO  impl.RaftServerProxy (RaftServerProxy.java:addNew(89)) - e9a0ea36-247e-456c-8e42-8632faf34d05: addNew group-D212939F40AA:[e9a0ea36-247e-456c-8e42-8632faf34d05:192.168.151.73:42435] returns group-D212939F40AA:java.util.concurrent.CompletableFuture@21a3b5db[Not completed]
2019-09-25 12:10:09,324 [pool-57-thread-1] INFO  impl.RaftServerImpl (RaftServerImpl.java:<init>(95)) - e9a0ea36-247e-456c-8e42-8632faf34d05: new RaftServerImpl for group-D212939F40AA:[e9a0ea36-247e-456c-8e42-8632faf34d05:192.168.151.73:42435] with ContainerStateMachine:uninitialized
2019-09-25 12:10:09,324 [pool-57-thread-1] INFO  server.RaftServerConfigKeys (ConfUtils.java:logGet(43)) - raft.server.rpc.timeout.min = 5s (custom)
2019-09-25 12:10:09,324 [pool-57-thread-1] INFO  server.RaftServerConfigKeys (ConfUtils.java:logGet(43)) - raft.server.rpc.timeout.max = 5200ms (custom)
2019-09-25 12:10:09,324 [pool-57-thread-1] INFO  server.RaftServerConfigKeys (ConfUtils.java:logGet(43)) - raft.server.rpcslowness.timeout = 120s (custom)
2019-09-25 12:10:09,324 [pool-57-thread-1] INFO  server.RaftServerConfigKeys (ConfUtils.java:logGet(43)) - raft.server.sleep.deviation.threshold = 300 (default)
2019-09-25 12:10:09,325 [pool-57-thread-1] INFO  server.RaftServerConfigKeys (ConfUtils.java:logGet(43)) - raft.server.log.appender.install.snapshot.enabled = false (custom)
2019-09-25 12:10:09,325 [pool-57-thread-1] INFO  impl.RaftServerImpl (ServerState.java:<init>(103)) - e9a0ea36-247e-456c-8e42-8632faf34d05@group-D212939F40AA: ConfigurationManager, init=-1: [e9a0ea36-247e-456c-8e42-8632faf34d05:192.168.151.73:42435], old=null, confs=<EMPTY_MAP>
2019-09-25 12:10:09,325 [pool-57-thread-1] INFO  server.RaftServerConfigKeys (ConfUtils.java:logGet(43)) - raft.server.storage.dir = [/workdir/hadoop-ozone/integration-test/target/test-dir/MiniOzoneClusterImpl-b6380e3c-fb04-4178-98e9-eb7b36240636/datanode-3/data/ratis] (custom)
2019-09-25 12:10:09,325 [pool-57-thread-1] INFO  storage.RaftStorageDirectory (RaftStorageDirectory.java:analyzeStorage(246)) - The storage directory /workdir/hadoop-ozone/integration-test/target/test-dir/MiniOzoneClusterImpl-b6380e3c-fb04-4178-98e9-eb7b36240636/datanode-3/data/ratis/45fa35d2-60bd-404b-9925-d212939f40aa does not exist. Creating ...
2019-09-25 12:10:09,338 [pool-57-thread-1] INFO  storage.RaftStorageDirectory (RaftStorageDirectory.java:tryLock(328)) - Lock on /workdir/hadoop-ozone/integration-test/target/test-dir/MiniOzoneClusterImpl-b6380e3c-fb04-4178-98e9-eb7b36240636/datanode-3/data/ratis/45fa35d2-60bd-404b-9925-d212939f40aa/in_use.lock acquired by nodename 9481@pr-hdds-1569-shd4m-3693607622
2019-09-25 12:10:09,355 [pool-57-thread-1] INFO  storage.RaftStorage (RaftStorage.java:format(72)) - Storage directory /workdir/hadoop-ozone/integration-test/target/test-dir/MiniOzoneClusterImpl-b6380e3c-fb04-4178-98e9-eb7b36240636/datanode-3/data/ratis/45fa35d2-60bd-404b-9925-d212939f40aa has been successfully formatted.
2019-09-25 12:10:09,359 [pool-57-thread-1] INFO  ratis.ContainerStateMachine (ContainerStateMachine.java:loadSnapshot(230)) - group-D212939F40AA: The snapshot info is null. Setting the last applied indexto:(t:0, i:~)
2019-09-25 12:10:09,360 [pool-57-thread-1] INFO  server.RaftServerConfigKeys (ConfUtils.java:logGet(43)) - raft.server.notification.no-leader.timeout = 120s (custom)
2019-09-25 12:10:09,360 [pool-57-thread-1] INFO  server.RaftServerConfigKeys (ConfUtils.java:logGet(43)) - raft.server.log.use.memory = false (default)
2019-09-25 12:10:09,360 [pool-57-thread-1] INFO  server.RaftServerConfigKeys (ConfUtils.java:logGet(43)) - raft.server.log.purge.gap = 1000000 (custom)
2019-09-25 12:10:09,360 [pool-57-thread-1] INFO  server.RaftServerConfigKeys (ConfUtils.java:logGet(43)) - raft.server.log.appender.buffer.byte-limit = 33554432 (custom)
2019-09-25 12:10:09,360 [pool-57-thread-1] INFO  server.RaftServerConfigKeys (ConfUtils.java:logGet(43)) - raft.server.log.segment.size.max = 1048576 (custom)
2019-09-25 12:10:09,360 [pool-57-thread-1] INFO  server.RaftServerConfigKeys (ConfUtils.java:logGet(43)) - raft.server.log.segment.cache.num.max = 2 (custom)
2019-09-25 12:10:09,360 [pool-57-thread-1] INFO  segmented.SegmentedRaftLogWorker (SegmentedRaftLogWorker.java:<init>(172)) - new e9a0ea36-247e-456c-8e42-8632faf34d05@group-D212939F40AA-SegmentedRaftLogWorker for RaftStorage:Storage Directory /workdir/hadoop-ozone/integration-test/target/test-dir/MiniOzoneClusterImpl-b6380e3c-fb04-4178-98e9-eb7b36240636/datanode-3/data/ratis/45fa35d2-60bd-404b-9925-d212939f40aa
2019-09-25 12:10:09,363 [pool-57-thread-1] INFO  server.RaftServerConfigKeys (ConfUtils.java:logGet(43)) - raft.server.log.queue.byte-limit = 2147483647 (custom)
2019-09-25 12:10:09,363 [pool-57-thread-1] INFO  server.RaftServerConfigKeys (ConfUtils.java:logGet(43)) - raft.server.log.queue.element-limit = 1024 (custom)
2019-09-25 12:10:09,363 [pool-57-thread-1] INFO  server.RaftServerConfigKeys (ConfUtils.java:logGet(43)) - raft.server.log.segment.size.max = 1048576 (custom)
2019-09-25 12:10:09,363 [pool-57-thread-1] INFO  server.RaftServerConfigKeys (ConfUtils.java:logGet(43)) - raft.server.log.preallocated.size = 16384 (custom)
2019-09-25 12:10:09,363 [pool-57-thread-1] INFO  server.RaftServerConfigKeys (ConfUtils.java:logGet(43)) - raft.server.log.write.buffer.size = 33554432 (custom)
2019-09-25 12:10:09,363 [pool-57-thread-1] INFO  server.RaftServerConfigKeys (ConfUtils.java:logGet(43)) - raft.server.log.force.sync.num = 128 (default)
2019-09-25 12:10:09,364 [pool-57-thread-1] INFO  server.RaftServerConfigKeys (ConfUtils.java:logGet(43)) - raft.server.log.statemachine.data.sync = true (default)
2019-09-25 12:10:09,364 [pool-57-thread-1] INFO  server.RaftServerConfigKeys (ConfUtils.java:logGet(43)) - raft.server.log.statemachine.data.sync.timeout = 10s (default)
2019-09-25 12:10:09,364 [pool-57-thread-1] INFO  server.RaftServerConfigKeys (ConfUtils.java:logGet(43)) - raft.server.log.statemachine.data.sync.timeout.retry = -1 (default)
2019-09-25 12:10:09,364 [pool-57-thread-1] INFO  server.RaftServerConfigKeys (ConfUtils.java:logGet(43)) - raft.server.log.statemachine.data.caching.enabled = true (custom)
2019-09-25 12:10:09,364 [pool-57-thread-1] INFO  segmented.SegmentedRaftLogWorker (SegmentedRaftLogWorker.java:lambda$new$0(132)) - e9a0ea36-247e-456c-8e42-8632faf34d05@group-D212939F40AA-SegmentedRaftLogWorker: flushIndex: setUnconditionally 0 -> -1
2019-09-25 12:10:09,365 [pool-57-thread-1] INFO  server.RaftServerConfigKeys (ConfUtils.java:logGet(43)) - raft.server.snapshot.auto.trigger.enabled = true (custom)
2019-09-25 12:10:09,365 [pool-57-thread-1] INFO  server.RaftServerConfigKeys (ConfUtils.java:logGet(43)) - raft.server.snapshot.auto.trigger.threshold = 10000 (custom)
2019-09-25 12:10:09,365 [pool-57-thread-1] INFO  server.RaftServerConfigKeys (ConfUtils.java:logGet(43)) - raft.server.snapshot.retention.num.files = 5 (custom)
2019-09-25 12:10:09,365 [pool-57-thread-1] INFO  server.RaftServerConfigKeys (ConfUtils.java:logGet(43)) - raft.server.retrycache.expirytime = 600000ms (custom)
2019-09-25 12:10:09,367 [main] INFO  rpc.RpcClient (RpcClient.java:createVolume(276)) - Creating Volume: testblockoutputstreamwithretries, with jenkins1000 as owner.
2019-09-25 12:10:09,367 [pool-57-thread-1] INFO  impl.RaftServerImpl (RaftServerImpl.java:start(185)) - e9a0ea36-247e-456c-8e42-8632faf34d05@group-D212939F40AA: start as a follower, conf=-1: [e9a0ea36-247e-456c-8e42-8632faf34d05:192.168.151.73:42435], old=null
2019-09-25 12:10:09,368 [pool-57-thread-1] INFO  impl.RaftServerImpl (RaftServerImpl.java:setRole(174)) - e9a0ea36-247e-456c-8e42-8632faf34d05@group-D212939F40AA: changes role from      null to FOLLOWER at term 0 for startAsFollower
2019-09-25 12:10:09,368 [pool-57-thread-1] INFO  impl.RoleInfo (RoleInfo.java:updateAndGet(143)) - e9a0ea36-247e-456c-8e42-8632faf34d05: start FollowerState
2019-09-25 12:10:09,368 [pool-57-thread-1] INFO  util.JmxRegister (JmxRegister.java:tryRegister(44)) - Successfully registered JMX Bean with object name Ratis:service=RaftServer,group=group-D212939F40AA,id=e9a0ea36-247e-456c-8e42-8632faf34d05
2019-09-25 12:10:09,381 [RatisPipelineUtilsThread] INFO  pipeline.PipelineStateManager (PipelineStateManager.java:addPipeline(56)) - Created pipeline Pipeline[ Id: 45fa35d2-60bd-404b-9925-d212939f40aa, Nodes: e9a0ea36-247e-456c-8e42-8632faf34d05{ip: 192.168.151.73, host: pr-hdds-1569-shd4m-3693607622, networkLocation: /default-rack, certSerialId: null}, Type:RATIS, Factor:ONE, State:OPEN]
2019-09-25 12:10:09,400 [grpc-default-executor-0] INFO  impl.RaftServerProxy (RaftServerProxy.java:addNew(89)) - 75407fdb-c05d-4d79-b869-4dab60013158: addNew group-707C65617DF7:[75407fdb-c05d-4d79-b869-4dab60013158:192.168.151.73:41746] returns group-707C65617DF7:java.util.concurrent.CompletableFuture@50c6f7f8[Not completed]
2019-09-25 12:10:09,404 [pool-27-thread-1] INFO  impl.RaftServerImpl (RaftServerImpl.java:<init>(95)) - 75407fdb-c05d-4d79-b869-4dab60013158: new RaftServerImpl for group-707C65617DF7:[75407fdb-c05d-4d79-b869-4dab60013158:192.168.151.73:41746] with ContainerStateMachine:uninitialized
2019-09-25 12:10:09,405 [pool-27-thread-1] INFO  server.RaftServerConfigKeys (ConfUtils.java:logGet(43)) - raft.server.rpc.timeout.min = 5s (custom)
2019-09-25 12:10:09,405 [pool-27-thread-1] INFO  server.RaftServerConfigKeys (ConfUtils.java:logGet(43)) - raft.server.rpc.timeout.max = 5200ms (custom)
2019-09-25 12:10:09,405 [pool-27-thread-1] INFO  server.RaftServerConfigKeys (ConfUtils.java:logGet(43)) - raft.server.rpcslowness.timeout = 120s (custom)
2019-09-25 12:10:09,405 [pool-27-thread-1] INFO  server.RaftServerConfigKeys (ConfUtils.java:logGet(43)) - raft.server.sleep.deviation.threshold = 300 (default)
2019-09-25 12:10:09,405 [pool-27-thread-1] INFO  server.RaftServerConfigKeys (ConfUtils.java:logGet(43)) - raft.server.log.appender.install.snapshot.enabled = false (custom)
2019-09-25 12:10:09,405 [pool-27-thread-1] INFO  impl.RaftServerImpl (ServerState.java:<init>(103)) - 75407fdb-c05d-4d79-b869-4dab60013158@group-707C65617DF7: ConfigurationManager, init=-1: [75407fdb-c05d-4d79-b869-4dab60013158:192.168.151.73:41746], old=null, confs=<EMPTY_MAP>
2019-09-25 12:10:09,405 [pool-27-thread-1] INFO  server.RaftServerConfigKeys (ConfUtils.java:logGet(43)) - raft.server.storage.dir = [/workdir/hadoop-ozone/integration-test/target/test-dir/MiniOzoneClusterImpl-b6380e3c-fb04-4178-98e9-eb7b36240636/datanode-0/data/ratis] (custom)
2019-09-25 12:10:09,406 [pool-27-thread-1] INFO  storage.RaftStorageDirectory (RaftStorageDirectory.java:analyzeStorage(246)) - The storage directory /workdir/hadoop-ozone/integration-test/target/test-dir/MiniOzoneClusterImpl-b6380e3c-fb04-4178-98e9-eb7b36240636/datanode-0/data/ratis/95a23db9-a14e-40f4-a15a-707c65617df7 does not exist. Creating ...
2019-09-25 12:10:09,424 [pool-27-thread-1] INFO  storage.RaftStorageDirectory (RaftStorageDirectory.java:tryLock(328)) - Lock on /workdir/hadoop-ozone/integration-test/target/test-dir/MiniOzoneClusterImpl-b6380e3c-fb04-4178-98e9-eb7b36240636/datanode-0/data/ratis/95a23db9-a14e-40f4-a15a-707c65617df7/in_use.lock acquired by nodename 9481@pr-hdds-1569-shd4m-3693607622
2019-09-25 12:10:09,450 [pool-27-thread-1] INFO  storage.RaftStorage (RaftStorage.java:format(72)) - Storage directory /workdir/hadoop-ozone/integration-test/target/test-dir/MiniOzoneClusterImpl-b6380e3c-fb04-4178-98e9-eb7b36240636/datanode-0/data/ratis/95a23db9-a14e-40f4-a15a-707c65617df7 has been successfully formatted.
2019-09-25 12:10:09,451 [pool-27-thread-1] INFO  ratis.ContainerStateMachine (ContainerStateMachine.java:loadSnapshot(230)) - group-707C65617DF7: The snapshot info is null. Setting the last applied indexto:(t:0, i:~)
2019-09-25 12:10:09,451 [pool-27-thread-1] INFO  server.RaftServerConfigKeys (ConfUtils.java:logGet(43)) - raft.server.notification.no-leader.timeout = 120s (custom)
2019-09-25 12:10:09,451 [pool-27-thread-1] INFO  server.RaftServerConfigKeys (ConfUtils.java:logGet(43)) - raft.server.log.use.memory = false (default)
2019-09-25 12:10:09,452 [pool-27-thread-1] INFO  server.RaftServerConfigKeys (ConfUtils.java:logGet(43)) - raft.server.log.purge.gap = 1000000 (custom)
2019-09-25 12:10:09,452 [pool-27-thread-1] INFO  server.RaftServerConfigKeys (ConfUtils.java:logGet(43)) - raft.server.log.appender.buffer.byte-limit = 33554432 (custom)
2019-09-25 12:10:09,452 [pool-27-thread-1] INFO  server.RaftServerConfigKeys (ConfUtils.java:logGet(43)) - raft.server.log.segment.size.max = 1048576 (custom)
2019-09-25 12:10:09,452 [pool-27-thread-1] INFO  server.RaftServerConfigKeys (ConfUtils.java:logGet(43)) - raft.server.log.segment.cache.num.max = 2 (custom)
2019-09-25 12:10:09,452 [pool-27-thread-1] INFO  segmented.SegmentedRaftLogWorker (SegmentedRaftLogWorker.java:<init>(172)) - new 75407fdb-c05d-4d79-b869-4dab60013158@group-707C65617DF7-SegmentedRaftLogWorker for RaftStorage:Storage Directory /workdir/hadoop-ozone/integration-test/target/test-dir/MiniOzoneClusterImpl-b6380e3c-fb04-4178-98e9-eb7b36240636/datanode-0/data/ratis/95a23db9-a14e-40f4-a15a-707c65617df7
2019-09-25 12:10:09,452 [pool-27-thread-1] INFO  server.RaftServerConfigKeys (ConfUtils.java:logGet(43)) - raft.server.log.queue.byte-limit = 2147483647 (custom)
2019-09-25 12:10:09,453 [pool-27-thread-1] INFO  server.RaftServerConfigKeys (ConfUtils.java:logGet(43)) - raft.server.log.queue.element-limit = 1024 (custom)
2019-09-25 12:10:09,453 [pool-27-thread-1] INFO  server.RaftServerConfigKeys (ConfUtils.java:logGet(43)) - raft.server.log.segment.size.max = 1048576 (custom)
2019-09-25 12:10:09,453 [pool-27-thread-1] INFO  server.RaftServerConfigKeys (ConfUtils.java:logGet(43)) - raft.server.log.preallocated.size = 16384 (custom)
2019-09-25 12:10:09,453 [pool-27-thread-1] INFO  server.RaftServerConfigKeys (ConfUtils.java:logGet(43)) - raft.server.log.write.buffer.size = 33554432 (custom)
2019-09-25 12:10:09,453 [pool-27-thread-1] INFO  server.RaftServerConfigKeys (ConfUtils.java:logGet(43)) - raft.server.log.force.sync.num = 128 (default)
2019-09-25 12:10:09,453 [pool-27-thread-1] INFO  server.RaftServerConfigKeys (ConfUtils.java:logGet(43)) - raft.server.log.statemachine.data.sync = true (default)
2019-09-25 12:10:09,453 [pool-27-thread-1] INFO  server.RaftServerConfigKeys (ConfUtils.java:logGet(43)) - raft.server.log.statemachine.data.sync.timeout = 10s (default)
2019-09-25 12:10:09,454 [pool-27-thread-1] INFO  server.RaftServerConfigKeys (ConfUtils.java:logGet(43)) - raft.server.log.statemachine.data.sync.timeout.retry = -1 (default)
2019-09-25 12:10:09,454 [pool-27-thread-1] INFO  server.RaftServerConfigKeys (ConfUtils.java:logGet(43)) - raft.server.log.statemachine.data.caching.enabled = true (custom)
2019-09-25 12:10:09,454 [pool-27-thread-1] INFO  segmented.SegmentedRaftLogWorker (SegmentedRaftLogWorker.java:lambda$new$0(132)) - 75407fdb-c05d-4d79-b869-4dab60013158@group-707C65617DF7-SegmentedRaftLogWorker: flushIndex: setUnconditionally 0 -> -1
2019-09-25 12:10:09,455 [pool-27-thread-1] INFO  server.RaftServerConfigKeys (ConfUtils.java:logGet(43)) - raft.server.snapshot.auto.trigger.enabled = true (custom)
2019-09-25 12:10:09,455 [pool-27-thread-1] INFO  server.RaftServerConfigKeys (ConfUtils.java:logGet(43)) - raft.server.snapshot.auto.trigger.threshold = 10000 (custom)
2019-09-25 12:10:09,455 [pool-27-thread-1] INFO  server.RaftServerConfigKeys (ConfUtils.java:logGet(43)) - raft.server.snapshot.retention.num.files = 5 (custom)
2019-09-25 12:10:09,455 [pool-27-thread-1] INFO  server.RaftServerConfigKeys (ConfUtils.java:logGet(43)) - raft.server.retrycache.expirytime = 600000ms (custom)
2019-09-25 12:10:09,458 [pool-27-thread-1] INFO  impl.RaftServerImpl (RaftServerImpl.java:start(185)) - 75407fdb-c05d-4d79-b869-4dab60013158@group-707C65617DF7: start as a follower, conf=-1: [75407fdb-c05d-4d79-b869-4dab60013158:192.168.151.73:41746], old=null
2019-09-25 12:10:09,458 [pool-27-thread-1] INFO  impl.RaftServerImpl (RaftServerImpl.java:setRole(174)) - 75407fdb-c05d-4d79-b869-4dab60013158@group-707C65617DF7: changes role from      null to FOLLOWER at term 0 for startAsFollower
2019-09-25 12:10:09,459 [pool-27-thread-1] INFO  impl.RoleInfo (RoleInfo.java:updateAndGet(143)) - 75407fdb-c05d-4d79-b869-4dab60013158: start FollowerState
2019-09-25 12:10:09,459 [pool-27-thread-1] INFO  util.JmxRegister (JmxRegister.java:tryRegister(44)) - Successfully registered JMX Bean with object name Ratis:service=RaftServer,group=group-707C65617DF7,id=75407fdb-c05d-4d79-b869-4dab60013158
2019-09-25 12:10:09,469 [RatisPipelineUtilsThread] INFO  pipeline.PipelineStateManager (PipelineStateManager.java:addPipeline(56)) - Created pipeline Pipeline[ Id: 95a23db9-a14e-40f4-a15a-707c65617df7, Nodes: 75407fdb-c05d-4d79-b869-4dab60013158{ip: 192.168.151.73, host: pr-hdds-1569-shd4m-3693607622, networkLocation: /default-rack, certSerialId: null}, Type:RATIS, Factor:ONE, State:OPEN]
2019-09-25 12:10:09,482 [grpc-default-executor-0] INFO  impl.RaftServerProxy (RaftServerProxy.java:addNew(89)) - e9a0ea36-247e-456c-8e42-8632faf34d05: addNew group-8BA12E4E6A93:[e9a0ea36-247e-456c-8e42-8632faf34d05:192.168.151.73:42435] returns group-8BA12E4E6A93:java.util.concurrent.CompletableFuture@429baa07[Not completed]
2019-09-25 12:10:09,483 [pool-57-thread-1] INFO  impl.RaftServerImpl (RaftServerImpl.java:<init>(95)) - e9a0ea36-247e-456c-8e42-8632faf34d05: new RaftServerImpl for group-8BA12E4E6A93:[e9a0ea36-247e-456c-8e42-8632faf34d05:192.168.151.73:42435] with ContainerStateMachine:uninitialized
2019-09-25 12:10:09,484 [pool-57-thread-1] INFO  server.RaftServerConfigKeys (ConfUtils.java:logGet(43)) - raft.server.rpc.timeout.min = 5s (custom)
2019-09-25 12:10:09,484 [pool-57-thread-1] INFO  server.RaftServerConfigKeys (ConfUtils.java:logGet(43)) - raft.server.rpc.timeout.max = 5200ms (custom)
2019-09-25 12:10:09,484 [pool-57-thread-1] INFO  server.RaftServerConfigKeys (ConfUtils.java:logGet(43)) - raft.server.rpcslowness.timeout = 120s (custom)
2019-09-25 12:10:09,484 [pool-57-thread-1] INFO  server.RaftServerConfigKeys (ConfUtils.java:logGet(43)) - raft.server.sleep.deviation.threshold = 300 (default)
2019-09-25 12:10:09,484 [pool-57-thread-1] INFO  server.RaftServerConfigKeys (ConfUtils.java:logGet(43)) - raft.server.log.appender.install.snapshot.enabled = false (custom)
2019-09-25 12:10:09,484 [pool-57-thread-1] INFO  impl.RaftServerImpl (ServerState.java:<init>(103)) - e9a0ea36-247e-456c-8e42-8632faf34d05@group-8BA12E4E6A93: ConfigurationManager, init=-1: [e9a0ea36-247e-456c-8e42-8632faf34d05:192.168.151.73:42435], old=null, confs=<EMPTY_MAP>
2019-09-25 12:10:09,485 [pool-57-thread-1] INFO  server.RaftServerConfigKeys (ConfUtils.java:logGet(43)) - raft.server.storage.dir = [/workdir/hadoop-ozone/integration-test/target/test-dir/MiniOzoneClusterImpl-b6380e3c-fb04-4178-98e9-eb7b36240636/datanode-3/data/ratis] (custom)
2019-09-25 12:10:09,485 [pool-57-thread-1] INFO  storage.RaftStorageDirectory (RaftStorageDirectory.java:analyzeStorage(246)) - The storage directory /workdir/hadoop-ozone/integration-test/target/test-dir/MiniOzoneClusterImpl-b6380e3c-fb04-4178-98e9-eb7b36240636/datanode-3/data/ratis/30ad9516-b072-45e6-a1d4-8ba12e4e6a93 does not exist. Creating ...
2019-09-25 12:10:09,501 [IPC Server handler 1 on 44914] INFO  volume.OMVolumeCreateRequest (OMVolumeCreateRequest.java:validateAndUpdateCache(189)) - created volume:testblockoutputstreamwithretries for user:jenkins1000
2019-09-25 12:10:09,505 [pool-57-thread-1] INFO  storage.RaftStorageDirectory (RaftStorageDirectory.java:tryLock(328)) - Lock on /workdir/hadoop-ozone/integration-test/target/test-dir/MiniOzoneClusterImpl-b6380e3c-fb04-4178-98e9-eb7b36240636/datanode-3/data/ratis/30ad9516-b072-45e6-a1d4-8ba12e4e6a93/in_use.lock acquired by nodename 9481@pr-hdds-1569-shd4m-3693607622
2019-09-25 12:10:09,518 [pool-57-thread-1] INFO  storage.RaftStorage (RaftStorage.java:format(72)) - Storage directory /workdir/hadoop-ozone/integration-test/target/test-dir/MiniOzoneClusterImpl-b6380e3c-fb04-4178-98e9-eb7b36240636/datanode-3/data/ratis/30ad9516-b072-45e6-a1d4-8ba12e4e6a93 has been successfully formatted.
2019-09-25 12:10:09,519 [pool-57-thread-1] INFO  ratis.ContainerStateMachine (ContainerStateMachine.java:loadSnapshot(230)) - group-8BA12E4E6A93: The snapshot info is null. Setting the last applied indexto:(t:0, i:~)
2019-09-25 12:10:09,519 [pool-57-thread-1] INFO  server.RaftServerConfigKeys (ConfUtils.java:logGet(43)) - raft.server.notification.no-leader.timeout = 120s (custom)
2019-09-25 12:10:09,519 [pool-57-thread-1] INFO  server.RaftServerConfigKeys (ConfUtils.java:logGet(43)) - raft.server.log.use.memory = false (default)
2019-09-25 12:10:09,519 [pool-57-thread-1] INFO  server.RaftServerConfigKeys (ConfUtils.java:logGet(43)) - raft.server.log.purge.gap = 1000000 (custom)
2019-09-25 12:10:09,519 [pool-57-thread-1] INFO  server.RaftServerConfigKeys (ConfUtils.java:logGet(43)) - raft.server.log.appender.buffer.byte-limit = 33554432 (custom)
2019-09-25 12:10:09,519 [pool-57-thread-1] INFO  server.RaftServerConfigKeys (ConfUtils.java:logGet(43)) - raft.server.log.segment.size.max = 1048576 (custom)
2019-09-25 12:10:09,519 [pool-57-thread-1] INFO  server.RaftServerConfigKeys (ConfUtils.java:logGet(43)) - raft.server.log.segment.cache.num.max = 2 (custom)
2019-09-25 12:10:09,519 [pool-57-thread-1] INFO  segmented.SegmentedRaftLogWorker (SegmentedRaftLogWorker.java:<init>(172)) - new e9a0ea36-247e-456c-8e42-8632faf34d05@group-8BA12E4E6A93-SegmentedRaftLogWorker for RaftStorage:Storage Directory /workdir/hadoop-ozone/integration-test/target/test-dir/MiniOzoneClusterImpl-b6380e3c-fb04-4178-98e9-eb7b36240636/datanode-3/data/ratis/30ad9516-b072-45e6-a1d4-8ba12e4e6a93
2019-09-25 12:10:09,520 [pool-57-thread-1] INFO  server.RaftServerConfigKeys (ConfUtils.java:logGet(43)) - raft.server.log.queue.byte-limit = 2147483647 (custom)
2019-09-25 12:10:09,520 [pool-57-thread-1] INFO  server.RaftServerConfigKeys (ConfUtils.java:logGet(43)) - raft.server.log.queue.element-limit = 1024 (custom)
2019-09-25 12:10:09,520 [pool-57-thread-1] INFO  server.RaftServerConfigKeys (ConfUtils.java:logGet(43)) - raft.server.log.segment.size.max = 1048576 (custom)
2019-09-25 12:10:09,520 [pool-57-thread-1] INFO  server.RaftServerConfigKeys (ConfUtils.java:logGet(43)) - raft.server.log.preallocated.size = 16384 (custom)
2019-09-25 12:10:09,520 [pool-57-thread-1] INFO  server.RaftServerConfigKeys (ConfUtils.java:logGet(43)) - raft.server.log.write.buffer.size = 33554432 (custom)
2019-09-25 12:10:09,520 [pool-57-thread-1] INFO  server.RaftServerConfigKeys (ConfUtils.java:logGet(43)) - raft.server.log.force.sync.num = 128 (default)
2019-09-25 12:10:09,520 [pool-57-thread-1] INFO  server.RaftServerConfigKeys (ConfUtils.java:logGet(43)) - raft.server.log.statemachine.data.sync = true (default)
2019-09-25 12:10:09,520 [pool-57-thread-1] INFO  server.RaftServerConfigKeys (ConfUtils.java:logGet(43)) - raft.server.log.statemachine.data.sync.timeout = 10s (default)
2019-09-25 12:10:09,520 [pool-57-thread-1] INFO  server.RaftServerConfigKeys (ConfUtils.java:logGet(43)) - raft.server.log.statemachine.data.sync.timeout.retry = -1 (default)
2019-09-25 12:10:09,521 [pool-57-thread-1] INFO  server.RaftServerConfigKeys (ConfUtils.java:logGet(43)) - raft.server.log.statemachine.data.caching.enabled = true (custom)
2019-09-25 12:10:09,521 [pool-57-thread-1] INFO  segmented.SegmentedRaftLogWorker (SegmentedRaftLogWorker.java:lambda$new$0(132)) - e9a0ea36-247e-456c-8e42-8632faf34d05@group-8BA12E4E6A93-SegmentedRaftLogWorker: flushIndex: setUnconditionally 0 -> -1
2019-09-25 12:10:09,521 [pool-57-thread-1] INFO  server.RaftServerConfigKeys (ConfUtils.java:logGet(43)) - raft.server.snapshot.auto.trigger.enabled = true (custom)
2019-09-25 12:10:09,521 [pool-57-thread-1] INFO  server.RaftServerConfigKeys (ConfUtils.java:logGet(43)) - raft.server.snapshot.auto.trigger.threshold = 10000 (custom)
2019-09-25 12:10:09,521 [pool-57-thread-1] INFO  server.RaftServerConfigKeys (ConfUtils.java:logGet(43)) - raft.server.snapshot.retention.num.files = 5 (custom)
2019-09-25 12:10:09,521 [pool-57-thread-1] INFO  server.RaftServerConfigKeys (ConfUtils.java:logGet(43)) - raft.server.retrycache.expirytime = 600000ms (custom)
2019-09-25 12:10:09,525 [pool-57-thread-1] INFO  impl.RaftServerImpl (RaftServerImpl.java:start(185)) - e9a0ea36-247e-456c-8e42-8632faf34d05@group-8BA12E4E6A93: start as a follower, conf=-1: [e9a0ea36-247e-456c-8e42-8632faf34d05:192.168.151.73:42435], old=null
2019-09-25 12:10:09,525 [pool-57-thread-1] INFO  impl.RaftServerImpl (RaftServerImpl.java:setRole(174)) - e9a0ea36-247e-456c-8e42-8632faf34d05@group-8BA12E4E6A93: changes role from      null to FOLLOWER at term 0 for startAsFollower
2019-09-25 12:10:09,525 [pool-57-thread-1] INFO  impl.RoleInfo (RoleInfo.java:updateAndGet(143)) - e9a0ea36-247e-456c-8e42-8632faf34d05: start FollowerState
2019-09-25 12:10:09,525 [pool-57-thread-1] INFO  util.JmxRegister (JmxRegister.java:tryRegister(44)) - Successfully registered JMX Bean with object name Ratis:service=RaftServer,group=group-8BA12E4E6A93,id=e9a0ea36-247e-456c-8e42-8632faf34d05
2019-09-25 12:10:09,535 [RatisPipelineUtilsThread] INFO  pipeline.PipelineStateManager (PipelineStateManager.java:addPipeline(56)) - Created pipeline Pipeline[ Id: 30ad9516-b072-45e6-a1d4-8ba12e4e6a93, Nodes: e9a0ea36-247e-456c-8e42-8632faf34d05{ip: 192.168.151.73, host: pr-hdds-1569-shd4m-3693607622, networkLocation: /default-rack, certSerialId: null}, Type:RATIS, Factor:ONE, State:OPEN]
2019-09-25 12:10:09,535 [main] INFO  rpc.RpcClient (RpcClient.java:createBucket(415)) - Creating Bucket: testblockoutputstreamwithretries/testblockoutputstreamwithretries, with Versioning false and Storage Type set to DISK and Encryption set to false 
2019-09-25 12:10:09,543 [grpc-default-executor-0] INFO  impl.RaftServerProxy (RaftServerProxy.java:addNew(89)) - e9a0ea36-247e-456c-8e42-8632faf34d05: addNew group-209DD8D331F6:[e9a0ea36-247e-456c-8e42-8632faf34d05:192.168.151.73:42435] returns group-209DD8D331F6:java.util.concurrent.CompletableFuture@10965d8b[Not completed]
2019-09-25 12:10:09,546 [pool-57-thread-1] INFO  impl.RaftServerImpl (RaftServerImpl.java:<init>(95)) - e9a0ea36-247e-456c-8e42-8632faf34d05: new RaftServerImpl for group-209DD8D331F6:[e9a0ea36-247e-456c-8e42-8632faf34d05:192.168.151.73:42435] with ContainerStateMachine:uninitialized
2019-09-25 12:10:09,546 [pool-57-thread-1] INFO  server.RaftServerConfigKeys (ConfUtils.java:logGet(43)) - raft.server.rpc.timeout.min = 5s (custom)
2019-09-25 12:10:09,546 [pool-57-thread-1] INFO  server.RaftServerConfigKeys (ConfUtils.java:logGet(43)) - raft.server.rpc.timeout.max = 5200ms (custom)
2019-09-25 12:10:09,547 [pool-57-thread-1] INFO  server.RaftServerConfigKeys (ConfUtils.java:logGet(43)) - raft.server.rpcslowness.timeout = 120s (custom)
2019-09-25 12:10:09,547 [pool-57-thread-1] INFO  server.RaftServerConfigKeys (ConfUtils.java:logGet(43)) - raft.server.sleep.deviation.threshold = 300 (default)
2019-09-25 12:10:09,547 [pool-57-thread-1] INFO  server.RaftServerConfigKeys (ConfUtils.java:logGet(43)) - raft.server.log.appender.install.snapshot.enabled = false (custom)
2019-09-25 12:10:09,547 [pool-57-thread-1] INFO  impl.RaftServerImpl (ServerState.java:<init>(103)) - e9a0ea36-247e-456c-8e42-8632faf34d05@group-209DD8D331F6: ConfigurationManager, init=-1: [e9a0ea36-247e-456c-8e42-8632faf34d05:192.168.151.73:42435], old=null, confs=<EMPTY_MAP>
2019-09-25 12:10:09,547 [pool-57-thread-1] INFO  server.RaftServerConfigKeys (ConfUtils.java:logGet(43)) - raft.server.storage.dir = [/workdir/hadoop-ozone/integration-test/target/test-dir/MiniOzoneClusterImpl-b6380e3c-fb04-4178-98e9-eb7b36240636/datanode-3/data/ratis] (custom)
2019-09-25 12:10:09,549 [pool-57-thread-1] INFO  storage.RaftStorageDirectory (RaftStorageDirectory.java:analyzeStorage(246)) - The storage directory /workdir/hadoop-ozone/integration-test/target/test-dir/MiniOzoneClusterImpl-b6380e3c-fb04-4178-98e9-eb7b36240636/datanode-3/data/ratis/061763a4-d2df-4de3-8e4c-209dd8d331f6 does not exist. Creating ...
2019-09-25 12:10:09,563 [pool-57-thread-1] INFO  storage.RaftStorageDirectory (RaftStorageDirectory.java:tryLock(328)) - Lock on /workdir/hadoop-ozone/integration-test/target/test-dir/MiniOzoneClusterImpl-b6380e3c-fb04-4178-98e9-eb7b36240636/datanode-3/data/ratis/061763a4-d2df-4de3-8e4c-209dd8d331f6/in_use.lock acquired by nodename 9481@pr-hdds-1569-shd4m-3693607622
2019-09-25 12:10:09,576 [pool-57-thread-1] INFO  storage.RaftStorage (RaftStorage.java:format(72)) - Storage directory /workdir/hadoop-ozone/integration-test/target/test-dir/MiniOzoneClusterImpl-b6380e3c-fb04-4178-98e9-eb7b36240636/datanode-3/data/ratis/061763a4-d2df-4de3-8e4c-209dd8d331f6 has been successfully formatted.
2019-09-25 12:10:09,576 [pool-57-thread-1] INFO  ratis.ContainerStateMachine (ContainerStateMachine.java:loadSnapshot(230)) - group-209DD8D331F6: The snapshot info is null. Setting the last applied indexto:(t:0, i:~)
2019-09-25 12:10:09,576 [pool-57-thread-1] INFO  server.RaftServerConfigKeys (ConfUtils.java:logGet(43)) - raft.server.notification.no-leader.timeout = 120s (custom)
2019-09-25 12:10:09,580 [pool-57-thread-1] INFO  server.RaftServerConfigKeys (ConfUtils.java:logGet(43)) - raft.server.log.use.memory = false (default)
2019-09-25 12:10:09,580 [pool-57-thread-1] INFO  server.RaftServerConfigKeys (ConfUtils.java:logGet(43)) - raft.server.log.purge.gap = 1000000 (custom)
2019-09-25 12:10:09,580 [pool-57-thread-1] INFO  server.RaftServerConfigKeys (ConfUtils.java:logGet(43)) - raft.server.log.appender.buffer.byte-limit = 33554432 (custom)
2019-09-25 12:10:09,580 [pool-57-thread-1] INFO  server.RaftServerConfigKeys (ConfUtils.java:logGet(43)) - raft.server.log.segment.size.max = 1048576 (custom)
2019-09-25 12:10:09,580 [pool-57-thread-1] INFO  server.RaftServerConfigKeys (ConfUtils.java:logGet(43)) - raft.server.log.segment.cache.num.max = 2 (custom)
2019-09-25 12:10:09,580 [pool-57-thread-1] INFO  segmented.SegmentedRaftLogWorker (SegmentedRaftLogWorker.java:<init>(172)) - new e9a0ea36-247e-456c-8e42-8632faf34d05@group-209DD8D331F6-SegmentedRaftLogWorker for RaftStorage:Storage Directory /workdir/hadoop-ozone/integration-test/target/test-dir/MiniOzoneClusterImpl-b6380e3c-fb04-4178-98e9-eb7b36240636/datanode-3/data/ratis/061763a4-d2df-4de3-8e4c-209dd8d331f6
2019-09-25 12:10:09,582 [pool-57-thread-1] INFO  server.RaftServerConfigKeys (ConfUtils.java:logGet(43)) - raft.server.log.queue.byte-limit = 2147483647 (custom)
2019-09-25 12:10:09,582 [pool-57-thread-1] INFO  server.RaftServerConfigKeys (ConfUtils.java:logGet(43)) - raft.server.log.queue.element-limit = 1024 (custom)
2019-09-25 12:10:09,582 [pool-57-thread-1] INFO  server.RaftServerConfigKeys (ConfUtils.java:logGet(43)) - raft.server.log.segment.size.max = 1048576 (custom)
2019-09-25 12:10:09,582 [pool-57-thread-1] INFO  server.RaftServerConfigKeys (ConfUtils.java:logGet(43)) - raft.server.log.preallocated.size = 16384 (custom)
2019-09-25 12:10:09,582 [pool-57-thread-1] INFO  server.RaftServerConfigKeys (ConfUtils.java:logGet(43)) - raft.server.log.write.buffer.size = 33554432 (custom)
2019-09-25 12:10:09,582 [pool-57-thread-1] INFO  server.RaftServerConfigKeys (ConfUtils.java:logGet(43)) - raft.server.log.force.sync.num = 128 (default)
2019-09-25 12:10:09,583 [pool-57-thread-1] INFO  server.RaftServerConfigKeys (ConfUtils.java:logGet(43)) - raft.server.log.statemachine.data.sync = true (default)
2019-09-25 12:10:09,583 [pool-57-thread-1] INFO  server.RaftServerConfigKeys (ConfUtils.java:logGet(43)) - raft.server.log.statemachine.data.sync.timeout = 10s (default)
2019-09-25 12:10:09,583 [pool-57-thread-1] INFO  server.RaftServerConfigKeys (ConfUtils.java:logGet(43)) - raft.server.log.statemachine.data.sync.timeout.retry = -1 (default)
2019-09-25 12:10:09,583 [pool-57-thread-1] INFO  server.RaftServerConfigKeys (ConfUtils.java:logGet(43)) - raft.server.log.statemachine.data.caching.enabled = true (custom)
2019-09-25 12:10:09,583 [pool-57-thread-1] INFO  segmented.SegmentedRaftLogWorker (SegmentedRaftLogWorker.java:lambda$new$0(132)) - e9a0ea36-247e-456c-8e42-8632faf34d05@group-209DD8D331F6-SegmentedRaftLogWorker: flushIndex: setUnconditionally 0 -> -1
2019-09-25 12:10:09,584 [pool-57-thread-1] INFO  server.RaftServerConfigKeys (ConfUtils.java:logGet(43)) - raft.server.snapshot.auto.trigger.enabled = true (custom)
2019-09-25 12:10:09,584 [pool-57-thread-1] INFO  server.RaftServerConfigKeys (ConfUtils.java:logGet(43)) - raft.server.snapshot.auto.trigger.threshold = 10000 (custom)
2019-09-25 12:10:09,584 [pool-57-thread-1] INFO  server.RaftServerConfigKeys (ConfUtils.java:logGet(43)) - raft.server.snapshot.retention.num.files = 5 (custom)
2019-09-25 12:10:09,584 [pool-57-thread-1] INFO  server.RaftServerConfigKeys (ConfUtils.java:logGet(43)) - raft.server.retrycache.expirytime = 600000ms (custom)
2019-09-25 12:10:09,588 [pool-57-thread-1] INFO  impl.RaftServerImpl (RaftServerImpl.java:start(185)) - e9a0ea36-247e-456c-8e42-8632faf34d05@group-209DD8D331F6: start as a follower, conf=-1: [e9a0ea36-247e-456c-8e42-8632faf34d05:192.168.151.73:42435], old=null
2019-09-25 12:10:09,588 [pool-57-thread-1] INFO  impl.RaftServerImpl (RaftServerImpl.java:setRole(174)) - e9a0ea36-247e-456c-8e42-8632faf34d05@group-209DD8D331F6: changes role from      null to FOLLOWER at term 0 for startAsFollower
2019-09-25 12:10:09,588 [pool-57-thread-1] INFO  impl.RoleInfo (RoleInfo.java:updateAndGet(143)) - e9a0ea36-247e-456c-8e42-8632faf34d05: start FollowerState
2019-09-25 12:10:09,589 [pool-57-thread-1] INFO  util.JmxRegister (JmxRegister.java:tryRegister(44)) - Successfully registered JMX Bean with object name Ratis:service=RaftServer,group=group-209DD8D331F6,id=e9a0ea36-247e-456c-8e42-8632faf34d05
2019-09-25 12:10:09,911 [RatisPipelineUtilsThread] INFO  pipeline.PipelineStateManager (PipelineStateManager.java:addPipeline(56)) - Created pipeline Pipeline[ Id: 061763a4-d2df-4de3-8e4c-209dd8d331f6, Nodes: e9a0ea36-247e-456c-8e42-8632faf34d05{ip: 192.168.151.73, host: pr-hdds-1569-shd4m-3693607622, networkLocation: /default-rack, certSerialId: null}, Type:RATIS, Factor:ONE, State:OPEN]
2019-09-25 12:10:09,960 [grpc-default-executor-0] INFO  impl.RaftServerProxy (RaftServerProxy.java:addNew(89)) - 98c6e6f4-875d-42de-b8a9-30ed89dcc8e7: addNew group-8E268120B594:[98c6e6f4-875d-42de-b8a9-30ed89dcc8e7:192.168.151.73:46765] returns group-8E268120B594:java.util.concurrent.CompletableFuture@32614cfe[Not completed]
2019-09-25 12:10:09,962 [pool-37-thread-1] INFO  impl.RaftServerImpl (RaftServerImpl.java:<init>(95)) - 98c6e6f4-875d-42de-b8a9-30ed89dcc8e7: new RaftServerImpl for group-8E268120B594:[98c6e6f4-875d-42de-b8a9-30ed89dcc8e7:192.168.151.73:46765] with ContainerStateMachine:uninitialized
2019-09-25 12:10:09,962 [pool-37-thread-1] INFO  server.RaftServerConfigKeys (ConfUtils.java:logGet(43)) - raft.server.rpc.timeout.min = 5s (custom)
2019-09-25 12:10:09,962 [pool-37-thread-1] INFO  server.RaftServerConfigKeys (ConfUtils.java:logGet(43)) - raft.server.rpc.timeout.max = 5200ms (custom)
2019-09-25 12:10:09,963 [pool-37-thread-1] INFO  server.RaftServerConfigKeys (ConfUtils.java:logGet(43)) - raft.server.rpcslowness.timeout = 120s (custom)
2019-09-25 12:10:09,963 [pool-37-thread-1] INFO  server.RaftServerConfigKeys (ConfUtils.java:logGet(43)) - raft.server.sleep.deviation.threshold = 300 (default)
2019-09-25 12:10:09,963 [pool-37-thread-1] INFO  server.RaftServerConfigKeys (ConfUtils.java:logGet(43)) - raft.server.log.appender.install.snapshot.enabled = false (custom)
2019-09-25 12:10:09,963 [pool-37-thread-1] INFO  impl.RaftServerImpl (ServerState.java:<init>(103)) - 98c6e6f4-875d-42de-b8a9-30ed89dcc8e7@group-8E268120B594: ConfigurationManager, init=-1: [98c6e6f4-875d-42de-b8a9-30ed89dcc8e7:192.168.151.73:46765], old=null, confs=<EMPTY_MAP>
2019-09-25 12:10:09,963 [pool-37-thread-1] INFO  server.RaftServerConfigKeys (ConfUtils.java:logGet(43)) - raft.server.storage.dir = [/workdir/hadoop-ozone/integration-test/target/test-dir/MiniOzoneClusterImpl-b6380e3c-fb04-4178-98e9-eb7b36240636/datanode-1/data/ratis] (custom)
2019-09-25 12:10:09,964 [pool-37-thread-1] INFO  storage.RaftStorageDirectory (RaftStorageDirectory.java:analyzeStorage(246)) - The storage directory /workdir/hadoop-ozone/integration-test/target/test-dir/MiniOzoneClusterImpl-b6380e3c-fb04-4178-98e9-eb7b36240636/datanode-1/data/ratis/eb47910b-2782-4754-b7f3-8e268120b594 does not exist. Creating ...
2019-09-25 12:10:09,980 [pool-37-thread-1] INFO  storage.RaftStorageDirectory (RaftStorageDirectory.java:tryLock(328)) - Lock on /workdir/hadoop-ozone/integration-test/target/test-dir/MiniOzoneClusterImpl-b6380e3c-fb04-4178-98e9-eb7b36240636/datanode-1/data/ratis/eb47910b-2782-4754-b7f3-8e268120b594/in_use.lock acquired by nodename 9481@pr-hdds-1569-shd4m-3693607622
2019-09-25 12:10:09,998 [pool-37-thread-1] INFO  storage.RaftStorage (RaftStorage.java:format(72)) - Storage directory /workdir/hadoop-ozone/integration-test/target/test-dir/MiniOzoneClusterImpl-b6380e3c-fb04-4178-98e9-eb7b36240636/datanode-1/data/ratis/eb47910b-2782-4754-b7f3-8e268120b594 has been successfully formatted.
2019-09-25 12:10:09,998 [pool-37-thread-1] INFO  ratis.ContainerStateMachine (ContainerStateMachine.java:loadSnapshot(230)) - group-8E268120B594: The snapshot info is null. Setting the last applied indexto:(t:0, i:~)
2019-09-25 12:10:09,998 [pool-37-thread-1] INFO  server.RaftServerConfigKeys (ConfUtils.java:logGet(43)) - raft.server.notification.no-leader.timeout = 120s (custom)
2019-09-25 12:10:09,999 [pool-37-thread-1] INFO  server.RaftServerConfigKeys (ConfUtils.java:logGet(43)) - raft.server.log.use.memory = false (default)
2019-09-25 12:10:09,999 [pool-37-thread-1] INFO  server.RaftServerConfigKeys (ConfUtils.java:logGet(43)) - raft.server.log.purge.gap = 1000000 (custom)
2019-09-25 12:10:09,999 [pool-37-thread-1] INFO  server.RaftServerConfigKeys (ConfUtils.java:logGet(43)) - raft.server.log.appender.buffer.byte-limit = 33554432 (custom)
2019-09-25 12:10:09,999 [pool-37-thread-1] INFO  server.RaftServerConfigKeys (ConfUtils.java:logGet(43)) - raft.server.log.segment.size.max = 1048576 (custom)
2019-09-25 12:10:09,999 [pool-37-thread-1] INFO  server.RaftServerConfigKeys (ConfUtils.java:logGet(43)) - raft.server.log.segment.cache.num.max = 2 (custom)
2019-09-25 12:10:10,000 [pool-37-thread-1] INFO  segmented.SegmentedRaftLogWorker (SegmentedRaftLogWorker.java:<init>(172)) - new 98c6e6f4-875d-42de-b8a9-30ed89dcc8e7@group-8E268120B594-SegmentedRaftLogWorker for RaftStorage:Storage Directory /workdir/hadoop-ozone/integration-test/target/test-dir/MiniOzoneClusterImpl-b6380e3c-fb04-4178-98e9-eb7b36240636/datanode-1/data/ratis/eb47910b-2782-4754-b7f3-8e268120b594
2019-09-25 12:10:10,000 [pool-37-thread-1] INFO  server.RaftServerConfigKeys (ConfUtils.java:logGet(43)) - raft.server.log.queue.byte-limit = 2147483647 (custom)
2019-09-25 12:10:10,000 [pool-37-thread-1] INFO  server.RaftServerConfigKeys (ConfUtils.java:logGet(43)) - raft.server.log.queue.element-limit = 1024 (custom)
2019-09-25 12:10:10,000 [pool-37-thread-1] INFO  server.RaftServerConfigKeys (ConfUtils.java:logGet(43)) - raft.server.log.segment.size.max = 1048576 (custom)
2019-09-25 12:10:10,000 [pool-37-thread-1] INFO  server.RaftServerConfigKeys (ConfUtils.java:logGet(43)) - raft.server.log.preallocated.size = 16384 (custom)
2019-09-25 12:10:10,001 [pool-37-thread-1] INFO  server.RaftServerConfigKeys (ConfUtils.java:logGet(43)) - raft.server.log.write.buffer.size = 33554432 (custom)
2019-09-25 12:10:10,001 [pool-37-thread-1] INFO  server.RaftServerConfigKeys (ConfUtils.java:logGet(43)) - raft.server.log.force.sync.num = 128 (default)
2019-09-25 12:10:10,001 [pool-37-thread-1] INFO  server.RaftServerConfigKeys (ConfUtils.java:logGet(43)) - raft.server.log.statemachine.data.sync = true (default)
2019-09-25 12:10:10,001 [pool-37-thread-1] INFO  server.RaftServerConfigKeys (ConfUtils.java:logGet(43)) - raft.server.log.statemachine.data.sync.timeout = 10s (default)
2019-09-25 12:10:10,001 [pool-37-thread-1] INFO  server.RaftServerConfigKeys (ConfUtils.java:logGet(43)) - raft.server.log.statemachine.data.sync.timeout.retry = -1 (default)
2019-09-25 12:10:10,002 [pool-37-thread-1] INFO  server.RaftServerConfigKeys (ConfUtils.java:logGet(43)) - raft.server.log.statemachine.data.caching.enabled = true (custom)
2019-09-25 12:10:10,002 [pool-37-thread-1] INFO  segmented.SegmentedRaftLogWorker (SegmentedRaftLogWorker.java:lambda$new$0(132)) - 98c6e6f4-875d-42de-b8a9-30ed89dcc8e7@group-8E268120B594-SegmentedRaftLogWorker: flushIndex: setUnconditionally 0 -> -1
2019-09-25 12:10:10,002 [pool-37-thread-1] INFO  server.RaftServerConfigKeys (ConfUtils.java:logGet(43)) - raft.server.snapshot.auto.trigger.enabled = true (custom)
2019-09-25 12:10:10,003 [pool-37-thread-1] INFO  server.RaftServerConfigKeys (ConfUtils.java:logGet(43)) - raft.server.snapshot.auto.trigger.threshold = 10000 (custom)
2019-09-25 12:10:10,003 [pool-37-thread-1] INFO  server.RaftServerConfigKeys (ConfUtils.java:logGet(43)) - raft.server.snapshot.retention.num.files = 5 (custom)
2019-09-25 12:10:10,003 [pool-37-thread-1] INFO  server.RaftServerConfigKeys (ConfUtils.java:logGet(43)) - raft.server.retrycache.expirytime = 600000ms (custom)
2019-09-25 12:10:10,006 [pool-37-thread-1] INFO  impl.RaftServerImpl (RaftServerImpl.java:start(185)) - 98c6e6f4-875d-42de-b8a9-30ed89dcc8e7@group-8E268120B594: start as a follower, conf=-1: [98c6e6f4-875d-42de-b8a9-30ed89dcc8e7:192.168.151.73:46765], old=null
2019-09-25 12:10:10,006 [pool-37-thread-1] INFO  impl.RaftServerImpl (RaftServerImpl.java:setRole(174)) - 98c6e6f4-875d-42de-b8a9-30ed89dcc8e7@group-8E268120B594: changes role from      null to FOLLOWER at term 0 for startAsFollower
2019-09-25 12:10:10,006 [pool-37-thread-1] INFO  impl.RoleInfo (RoleInfo.java:updateAndGet(143)) - 98c6e6f4-875d-42de-b8a9-30ed89dcc8e7: start FollowerState
2019-09-25 12:10:10,007 [pool-37-thread-1] INFO  util.JmxRegister (JmxRegister.java:tryRegister(44)) - Successfully registered JMX Bean with object name Ratis:service=RaftServer,group=group-8E268120B594,id=98c6e6f4-875d-42de-b8a9-30ed89dcc8e7
2019-09-25 12:10:10,014 [RatisPipelineUtilsThread] INFO  pipeline.PipelineStateManager (PipelineStateManager.java:addPipeline(56)) - Created pipeline Pipeline[ Id: eb47910b-2782-4754-b7f3-8e268120b594, Nodes: 98c6e6f4-875d-42de-b8a9-30ed89dcc8e7{ip: 192.168.151.73, host: pr-hdds-1569-shd4m-3693607622, networkLocation: /default-rack, certSerialId: null}, Type:RATIS, Factor:ONE, State:OPEN]
2019-09-25 12:10:10,036 [grpc-default-executor-0] INFO  impl.RaftServerProxy (RaftServerProxy.java:addNew(89)) - c7bed0cc-269f-4b54-bb5a-2be104ddf1a5: addNew group-DBA68B6A9C53:[c7bed0cc-269f-4b54-bb5a-2be104ddf1a5:192.168.151.73:42323] returns group-DBA68B6A9C53:java.util.concurrent.CompletableFuture@f7cba96[Not completed]
2019-09-25 12:10:10,038 [pool-77-thread-1] INFO  impl.RaftServerImpl (RaftServerImpl.java:<init>(95)) - c7bed0cc-269f-4b54-bb5a-2be104ddf1a5: new RaftServerImpl for group-DBA68B6A9C53:[c7bed0cc-269f-4b54-bb5a-2be104ddf1a5:192.168.151.73:42323] with ContainerStateMachine:uninitialized
2019-09-25 12:10:10,038 [pool-77-thread-1] INFO  server.RaftServerConfigKeys (ConfUtils.java:logGet(43)) - raft.server.rpc.timeout.min = 5s (custom)
2019-09-25 12:10:10,038 [pool-77-thread-1] INFO  server.RaftServerConfigKeys (ConfUtils.java:logGet(43)) - raft.server.rpc.timeout.max = 5200ms (custom)
2019-09-25 12:10:10,038 [pool-77-thread-1] INFO  server.RaftServerConfigKeys (ConfUtils.java:logGet(43)) - raft.server.rpcslowness.timeout = 120s (custom)
2019-09-25 12:10:10,039 [pool-77-thread-1] INFO  server.RaftServerConfigKeys (ConfUtils.java:logGet(43)) - raft.server.sleep.deviation.threshold = 300 (default)
2019-09-25 12:10:10,039 [pool-77-thread-1] INFO  server.RaftServerConfigKeys (ConfUtils.java:logGet(43)) - raft.server.log.appender.install.snapshot.enabled = false (custom)
2019-09-25 12:10:10,039 [pool-77-thread-1] INFO  impl.RaftServerImpl (ServerState.java:<init>(103)) - c7bed0cc-269f-4b54-bb5a-2be104ddf1a5@group-DBA68B6A9C53: ConfigurationManager, init=-1: [c7bed0cc-269f-4b54-bb5a-2be104ddf1a5:192.168.151.73:42323], old=null, confs=<EMPTY_MAP>
2019-09-25 12:10:10,039 [pool-77-thread-1] INFO  server.RaftServerConfigKeys (ConfUtils.java:logGet(43)) - raft.server.storage.dir = [/workdir/hadoop-ozone/integration-test/target/test-dir/MiniOzoneClusterImpl-b6380e3c-fb04-4178-98e9-eb7b36240636/datanode-5/data/ratis] (custom)
2019-09-25 12:10:10,039 [pool-77-thread-1] INFO  storage.RaftStorageDirectory (RaftStorageDirectory.java:analyzeStorage(246)) - The storage directory /workdir/hadoop-ozone/integration-test/target/test-dir/MiniOzoneClusterImpl-b6380e3c-fb04-4178-98e9-eb7b36240636/datanode-5/data/ratis/1b423e9b-bdec-440d-806f-dba68b6a9c53 does not exist. Creating ...
2019-09-25 12:10:10,053 [pool-77-thread-1] INFO  storage.RaftStorageDirectory (RaftStorageDirectory.java:tryLock(328)) - Lock on /workdir/hadoop-ozone/integration-test/target/test-dir/MiniOzoneClusterImpl-b6380e3c-fb04-4178-98e9-eb7b36240636/datanode-5/data/ratis/1b423e9b-bdec-440d-806f-dba68b6a9c53/in_use.lock acquired by nodename 9481@pr-hdds-1569-shd4m-3693607622
2019-09-25 12:10:10,066 [pool-77-thread-1] INFO  storage.RaftStorage (RaftStorage.java:format(72)) - Storage directory /workdir/hadoop-ozone/integration-test/target/test-dir/MiniOzoneClusterImpl-b6380e3c-fb04-4178-98e9-eb7b36240636/datanode-5/data/ratis/1b423e9b-bdec-440d-806f-dba68b6a9c53 has been successfully formatted.
2019-09-25 12:10:10,067 [pool-77-thread-1] INFO  ratis.ContainerStateMachine (ContainerStateMachine.java:loadSnapshot(230)) - group-DBA68B6A9C53: The snapshot info is null. Setting the last applied indexto:(t:0, i:~)
2019-09-25 12:10:10,067 [pool-77-thread-1] INFO  server.RaftServerConfigKeys (ConfUtils.java:logGet(43)) - raft.server.notification.no-leader.timeout = 120s (custom)
2019-09-25 12:10:10,067 [pool-77-thread-1] INFO  server.RaftServerConfigKeys (ConfUtils.java:logGet(43)) - raft.server.log.use.memory = false (default)
2019-09-25 12:10:10,067 [pool-77-thread-1] INFO  server.RaftServerConfigKeys (ConfUtils.java:logGet(43)) - raft.server.log.purge.gap = 1000000 (custom)
2019-09-25 12:10:10,067 [pool-77-thread-1] INFO  server.RaftServerConfigKeys (ConfUtils.java:logGet(43)) - raft.server.log.appender.buffer.byte-limit = 33554432 (custom)
2019-09-25 12:10:10,067 [pool-77-thread-1] INFO  server.RaftServerConfigKeys (ConfUtils.java:logGet(43)) - raft.server.log.segment.size.max = 1048576 (custom)
2019-09-25 12:10:10,068 [pool-77-thread-1] INFO  server.RaftServerConfigKeys (ConfUtils.java:logGet(43)) - raft.server.log.segment.cache.num.max = 2 (custom)
2019-09-25 12:10:10,068 [pool-77-thread-1] INFO  segmented.SegmentedRaftLogWorker (SegmentedRaftLogWorker.java:<init>(172)) - new c7bed0cc-269f-4b54-bb5a-2be104ddf1a5@group-DBA68B6A9C53-SegmentedRaftLogWorker for RaftStorage:Storage Directory /workdir/hadoop-ozone/integration-test/target/test-dir/MiniOzoneClusterImpl-b6380e3c-fb04-4178-98e9-eb7b36240636/datanode-5/data/ratis/1b423e9b-bdec-440d-806f-dba68b6a9c53
2019-09-25 12:10:10,068 [pool-77-thread-1] INFO  server.RaftServerConfigKeys (ConfUtils.java:logGet(43)) - raft.server.log.queue.byte-limit = 2147483647 (custom)
2019-09-25 12:10:10,068 [pool-77-thread-1] INFO  server.RaftServerConfigKeys (ConfUtils.java:logGet(43)) - raft.server.log.queue.element-limit = 1024 (custom)
2019-09-25 12:10:10,068 [pool-77-thread-1] INFO  server.RaftServerConfigKeys (ConfUtils.java:logGet(43)) - raft.server.log.segment.size.max = 1048576 (custom)
2019-09-25 12:10:10,068 [pool-77-thread-1] INFO  server.RaftServerConfigKeys (ConfUtils.java:logGet(43)) - raft.server.log.preallocated.size = 16384 (custom)
2019-09-25 12:10:10,068 [pool-77-thread-1] INFO  server.RaftServerConfigKeys (ConfUtils.java:logGet(43)) - raft.server.log.write.buffer.size = 33554432 (custom)
2019-09-25 12:10:10,069 [pool-77-thread-1] INFO  server.RaftServerConfigKeys (ConfUtils.java:logGet(43)) - raft.server.log.force.sync.num = 128 (default)
2019-09-25 12:10:10,069 [pool-77-thread-1] INFO  server.RaftServerConfigKeys (ConfUtils.java:logGet(43)) - raft.server.log.statemachine.data.sync = true (default)
2019-09-25 12:10:10,069 [pool-77-thread-1] INFO  server.RaftServerConfigKeys (ConfUtils.java:logGet(43)) - raft.server.log.statemachine.data.sync.timeout = 10s (default)
2019-09-25 12:10:10,069 [pool-77-thread-1] INFO  server.RaftServerConfigKeys (ConfUtils.java:logGet(43)) - raft.server.log.statemachine.data.sync.timeout.retry = -1 (default)
2019-09-25 12:10:10,069 [pool-77-thread-1] INFO  server.RaftServerConfigKeys (ConfUtils.java:logGet(43)) - raft.server.log.statemachine.data.caching.enabled = true (custom)
2019-09-25 12:10:10,070 [pool-77-thread-1] INFO  segmented.SegmentedRaftLogWorker (SegmentedRaftLogWorker.java:lambda$new$0(132)) - c7bed0cc-269f-4b54-bb5a-2be104ddf1a5@group-DBA68B6A9C53-SegmentedRaftLogWorker: flushIndex: setUnconditionally 0 -> -1
2019-09-25 12:10:10,070 [pool-77-thread-1] INFO  server.RaftServerConfigKeys (ConfUtils.java:logGet(43)) - raft.server.snapshot.auto.trigger.enabled = true (custom)
2019-09-25 12:10:10,070 [pool-77-thread-1] INFO  server.RaftServerConfigKeys (ConfUtils.java:logGet(43)) - raft.server.snapshot.auto.trigger.threshold = 10000 (custom)
2019-09-25 12:10:10,070 [pool-77-thread-1] INFO  server.RaftServerConfigKeys (ConfUtils.java:logGet(43)) - raft.server.snapshot.retention.num.files = 5 (custom)
2019-09-25 12:10:10,070 [pool-77-thread-1] INFO  server.RaftServerConfigKeys (ConfUtils.java:logGet(43)) - raft.server.retrycache.expirytime = 600000ms (custom)
2019-09-25 12:10:10,073 [pool-77-thread-1] INFO  impl.RaftServerImpl (RaftServerImpl.java:start(185)) - c7bed0cc-269f-4b54-bb5a-2be104ddf1a5@group-DBA68B6A9C53: start as a follower, conf=-1: [c7bed0cc-269f-4b54-bb5a-2be104ddf1a5:192.168.151.73:42323], old=null
2019-09-25 12:10:10,073 [pool-77-thread-1] INFO  impl.RaftServerImpl (RaftServerImpl.java:setRole(174)) - c7bed0cc-269f-4b54-bb5a-2be104ddf1a5@group-DBA68B6A9C53: changes role from      null to FOLLOWER at term 0 for startAsFollower
2019-09-25 12:10:10,073 [pool-77-thread-1] INFO  impl.RoleInfo (RoleInfo.java:updateAndGet(143)) - c7bed0cc-269f-4b54-bb5a-2be104ddf1a5: start FollowerState
2019-09-25 12:10:10,074 [pool-77-thread-1] INFO  util.JmxRegister (JmxRegister.java:tryRegister(44)) - Successfully registered JMX Bean with object name Ratis:service=RaftServer,group=group-DBA68B6A9C53,id=c7bed0cc-269f-4b54-bb5a-2be104ddf1a5
2019-09-25 12:10:10,080 [RatisPipelineUtilsThread] INFO  pipeline.PipelineStateManager (PipelineStateManager.java:addPipeline(56)) - Created pipeline Pipeline[ Id: 1b423e9b-bdec-440d-806f-dba68b6a9c53, Nodes: c7bed0cc-269f-4b54-bb5a-2be104ddf1a5{ip: 192.168.151.73, host: pr-hdds-1569-shd4m-3693607622, networkLocation: /default-rack, certSerialId: null}, Type:RATIS, Factor:ONE, State:OPEN]
2019-09-25 12:10:10,092 [grpc-default-executor-0] INFO  impl.RaftServerProxy (RaftServerProxy.java:addNew(89)) - 60ced751-3023-4654-af5b-403edbc93820: addNew group-26F20510F1A4:[60ced751-3023-4654-af5b-403edbc93820:192.168.151.73:39742] returns group-26F20510F1A4:java.util.concurrent.CompletableFuture@6ea9a017[Not completed]
2019-09-25 12:10:10,093 [pool-47-thread-1] INFO  impl.RaftServerImpl (RaftServerImpl.java:<init>(95)) - 60ced751-3023-4654-af5b-403edbc93820: new RaftServerImpl for group-26F20510F1A4:[60ced751-3023-4654-af5b-403edbc93820:192.168.151.73:39742] with ContainerStateMachine:uninitialized
2019-09-25 12:10:10,093 [pool-47-thread-1] INFO  server.RaftServerConfigKeys (ConfUtils.java:logGet(43)) - raft.server.rpc.timeout.min = 5s (custom)
2019-09-25 12:10:10,093 [pool-47-thread-1] INFO  server.RaftServerConfigKeys (ConfUtils.java:logGet(43)) - raft.server.rpc.timeout.max = 5200ms (custom)
2019-09-25 12:10:10,093 [pool-47-thread-1] INFO  server.RaftServerConfigKeys (ConfUtils.java:logGet(43)) - raft.server.rpcslowness.timeout = 120s (custom)
2019-09-25 12:10:10,093 [pool-47-thread-1] INFO  server.RaftServerConfigKeys (ConfUtils.java:logGet(43)) - raft.server.sleep.deviation.threshold = 300 (default)
2019-09-25 12:10:10,093 [pool-47-thread-1] INFO  server.RaftServerConfigKeys (ConfUtils.java:logGet(43)) - raft.server.log.appender.install.snapshot.enabled = false (custom)
2019-09-25 12:10:10,093 [pool-47-thread-1] INFO  impl.RaftServerImpl (ServerState.java:<init>(103)) - 60ced751-3023-4654-af5b-403edbc93820@group-26F20510F1A4: ConfigurationManager, init=-1: [60ced751-3023-4654-af5b-403edbc93820:192.168.151.73:39742], old=null, confs=<EMPTY_MAP>
2019-09-25 12:10:10,094 [pool-47-thread-1] INFO  server.RaftServerConfigKeys (ConfUtils.java:logGet(43)) - raft.server.storage.dir = [/workdir/hadoop-ozone/integration-test/target/test-dir/MiniOzoneClusterImpl-b6380e3c-fb04-4178-98e9-eb7b36240636/datanode-2/data/ratis] (custom)
2019-09-25 12:10:10,094 [pool-47-thread-1] INFO  storage.RaftStorageDirectory (RaftStorageDirectory.java:analyzeStorage(246)) - The storage directory /workdir/hadoop-ozone/integration-test/target/test-dir/MiniOzoneClusterImpl-b6380e3c-fb04-4178-98e9-eb7b36240636/datanode-2/data/ratis/a58653c7-2bf4-4e5c-9169-26f20510f1a4 does not exist. Creating ...
2019-09-25 12:10:10,106 [pool-47-thread-1] INFO  storage.RaftStorageDirectory (RaftStorageDirectory.java:tryLock(328)) - Lock on /workdir/hadoop-ozone/integration-test/target/test-dir/MiniOzoneClusterImpl-b6380e3c-fb04-4178-98e9-eb7b36240636/datanode-2/data/ratis/a58653c7-2bf4-4e5c-9169-26f20510f1a4/in_use.lock acquired by nodename 9481@pr-hdds-1569-shd4m-3693607622
2019-09-25 12:10:10,119 [pool-47-thread-1] INFO  storage.RaftStorage (RaftStorage.java:format(72)) - Storage directory /workdir/hadoop-ozone/integration-test/target/test-dir/MiniOzoneClusterImpl-b6380e3c-fb04-4178-98e9-eb7b36240636/datanode-2/data/ratis/a58653c7-2bf4-4e5c-9169-26f20510f1a4 has been successfully formatted.
2019-09-25 12:10:10,119 [pool-47-thread-1] INFO  ratis.ContainerStateMachine (ContainerStateMachine.java:loadSnapshot(230)) - group-26F20510F1A4: The snapshot info is null. Setting the last applied indexto:(t:0, i:~)
2019-09-25 12:10:10,119 [pool-47-thread-1] INFO  server.RaftServerConfigKeys (ConfUtils.java:logGet(43)) - raft.server.notification.no-leader.timeout = 120s (custom)
2019-09-25 12:10:10,119 [pool-47-thread-1] INFO  server.RaftServerConfigKeys (ConfUtils.java:logGet(43)) - raft.server.log.use.memory = false (default)
2019-09-25 12:10:10,119 [pool-47-thread-1] INFO  server.RaftServerConfigKeys (ConfUtils.java:logGet(43)) - raft.server.log.purge.gap = 1000000 (custom)
2019-09-25 12:10:10,119 [pool-47-thread-1] INFO  server.RaftServerConfigKeys (ConfUtils.java:logGet(43)) - raft.server.log.appender.buffer.byte-limit = 33554432 (custom)
2019-09-25 12:10:10,120 [pool-47-thread-1] INFO  server.RaftServerConfigKeys (ConfUtils.java:logGet(43)) - raft.server.log.segment.size.max = 1048576 (custom)
2019-09-25 12:10:10,120 [pool-47-thread-1] INFO  server.RaftServerConfigKeys (ConfUtils.java:logGet(43)) - raft.server.log.segment.cache.num.max = 2 (custom)
2019-09-25 12:10:10,120 [pool-47-thread-1] INFO  segmented.SegmentedRaftLogWorker (SegmentedRaftLogWorker.java:<init>(172)) - new 60ced751-3023-4654-af5b-403edbc93820@group-26F20510F1A4-SegmentedRaftLogWorker for RaftStorage:Storage Directory /workdir/hadoop-ozone/integration-test/target/test-dir/MiniOzoneClusterImpl-b6380e3c-fb04-4178-98e9-eb7b36240636/datanode-2/data/ratis/a58653c7-2bf4-4e5c-9169-26f20510f1a4
2019-09-25 12:10:10,120 [pool-47-thread-1] INFO  server.RaftServerConfigKeys (ConfUtils.java:logGet(43)) - raft.server.log.queue.byte-limit = 2147483647 (custom)
2019-09-25 12:10:10,120 [pool-47-thread-1] INFO  server.RaftServerConfigKeys (ConfUtils.java:logGet(43)) - raft.server.log.queue.element-limit = 1024 (custom)
2019-09-25 12:10:10,120 [pool-47-thread-1] INFO  server.RaftServerConfigKeys (ConfUtils.java:logGet(43)) - raft.server.log.segment.size.max = 1048576 (custom)
2019-09-25 12:10:10,120 [pool-47-thread-1] INFO  server.RaftServerConfigKeys (ConfUtils.java:logGet(43)) - raft.server.log.preallocated.size = 16384 (custom)
2019-09-25 12:10:10,120 [pool-47-thread-1] INFO  server.RaftServerConfigKeys (ConfUtils.java:logGet(43)) - raft.server.log.write.buffer.size = 33554432 (custom)
2019-09-25 12:10:10,120 [pool-47-thread-1] INFO  server.RaftServerConfigKeys (ConfUtils.java:logGet(43)) - raft.server.log.force.sync.num = 128 (default)
2019-09-25 12:10:10,121 [pool-47-thread-1] INFO  server.RaftServerConfigKeys (ConfUtils.java:logGet(43)) - raft.server.log.statemachine.data.sync = true (default)
2019-09-25 12:10:10,121 [pool-47-thread-1] INFO  server.RaftServerConfigKeys (ConfUtils.java:logGet(43)) - raft.server.log.statemachine.data.sync.timeout = 10s (default)
2019-09-25 12:10:10,121 [pool-47-thread-1] INFO  server.RaftServerConfigKeys (ConfUtils.java:logGet(43)) - raft.server.log.statemachine.data.sync.timeout.retry = -1 (default)
2019-09-25 12:10:10,121 [pool-47-thread-1] INFO  server.RaftServerConfigKeys (ConfUtils.java:logGet(43)) - raft.server.log.statemachine.data.caching.enabled = true (custom)
2019-09-25 12:10:10,121 [pool-47-thread-1] INFO  segmented.SegmentedRaftLogWorker (SegmentedRaftLogWorker.java:lambda$new$0(132)) - 60ced751-3023-4654-af5b-403edbc93820@group-26F20510F1A4-SegmentedRaftLogWorker: flushIndex: setUnconditionally 0 -> -1
2019-09-25 12:10:10,121 [pool-47-thread-1] INFO  server.RaftServerConfigKeys (ConfUtils.java:logGet(43)) - raft.server.snapshot.auto.trigger.enabled = true (custom)
2019-09-25 12:10:10,122 [pool-47-thread-1] INFO  server.RaftServerConfigKeys (ConfUtils.java:logGet(43)) - raft.server.snapshot.auto.trigger.threshold = 10000 (custom)
2019-09-25 12:10:10,122 [pool-47-thread-1] INFO  server.RaftServerConfigKeys (ConfUtils.java:logGet(43)) - raft.server.snapshot.retention.num.files = 5 (custom)
2019-09-25 12:10:10,122 [pool-47-thread-1] INFO  server.RaftServerConfigKeys (ConfUtils.java:logGet(43)) - raft.server.retrycache.expirytime = 600000ms (custom)
2019-09-25 12:10:10,124 [pool-47-thread-1] INFO  impl.RaftServerImpl (RaftServerImpl.java:start(185)) - 60ced751-3023-4654-af5b-403edbc93820@group-26F20510F1A4: start as a follower, conf=-1: [60ced751-3023-4654-af5b-403edbc93820:192.168.151.73:39742], old=null
2019-09-25 12:10:10,124 [pool-47-thread-1] INFO  impl.RaftServerImpl (RaftServerImpl.java:setRole(174)) - 60ced751-3023-4654-af5b-403edbc93820@group-26F20510F1A4: changes role from      null to FOLLOWER at term 0 for startAsFollower
2019-09-25 12:10:10,124 [pool-47-thread-1] INFO  impl.RoleInfo (RoleInfo.java:updateAndGet(143)) - 60ced751-3023-4654-af5b-403edbc93820: start FollowerState
2019-09-25 12:10:10,124 [pool-47-thread-1] INFO  util.JmxRegister (JmxRegister.java:tryRegister(44)) - Successfully registered JMX Bean with object name Ratis:service=RaftServer,group=group-26F20510F1A4,id=60ced751-3023-4654-af5b-403edbc93820
2019-09-25 12:10:10,130 [RatisPipelineUtilsThread] INFO  pipeline.PipelineStateManager (PipelineStateManager.java:addPipeline(56)) - Created pipeline Pipeline[ Id: a58653c7-2bf4-4e5c-9169-26f20510f1a4, Nodes: 60ced751-3023-4654-af5b-403edbc93820{ip: 192.168.151.73, host: pr-hdds-1569-shd4m-3693607622, networkLocation: /default-rack, certSerialId: null}, Type:RATIS, Factor:ONE, State:OPEN]
2019-09-25 12:10:10,142 [grpc-default-executor-0] INFO  impl.RaftServerProxy (RaftServerProxy.java:addNew(89)) - efb2beac-26e0-4b3b-9934-2458c1147cfd: addNew group-D4AFCA958158:[efb2beac-26e0-4b3b-9934-2458c1147cfd:192.168.151.73:43064] returns group-D4AFCA958158:java.util.concurrent.CompletableFuture@495330b3[Not completed]
2019-09-25 12:10:10,144 [pool-67-thread-1] INFO  impl.RaftServerImpl (RaftServerImpl.java:<init>(95)) - efb2beac-26e0-4b3b-9934-2458c1147cfd: new RaftServerImpl for group-D4AFCA958158:[efb2beac-26e0-4b3b-9934-2458c1147cfd:192.168.151.73:43064] with ContainerStateMachine:uninitialized
2019-09-25 12:10:10,144 [pool-67-thread-1] INFO  server.RaftServerConfigKeys (ConfUtils.java:logGet(43)) - raft.server.rpc.timeout.min = 5s (custom)
2019-09-25 12:10:10,144 [pool-67-thread-1] INFO  server.RaftServerConfigKeys (ConfUtils.java:logGet(43)) - raft.server.rpc.timeout.max = 5200ms (custom)
2019-09-25 12:10:10,144 [pool-67-thread-1] INFO  server.RaftServerConfigKeys (ConfUtils.java:logGet(43)) - raft.server.rpcslowness.timeout = 120s (custom)
2019-09-25 12:10:10,145 [pool-67-thread-1] INFO  server.RaftServerConfigKeys (ConfUtils.java:logGet(43)) - raft.server.sleep.deviation.threshold = 300 (default)
2019-09-25 12:10:10,145 [pool-67-thread-1] INFO  server.RaftServerConfigKeys (ConfUtils.java:logGet(43)) - raft.server.log.appender.install.snapshot.enabled = false (custom)
2019-09-25 12:10:10,145 [pool-67-thread-1] INFO  impl.RaftServerImpl (ServerState.java:<init>(103)) - efb2beac-26e0-4b3b-9934-2458c1147cfd@group-D4AFCA958158: ConfigurationManager, init=-1: [efb2beac-26e0-4b3b-9934-2458c1147cfd:192.168.151.73:43064], old=null, confs=<EMPTY_MAP>
2019-09-25 12:10:10,145 [pool-67-thread-1] INFO  server.RaftServerConfigKeys (ConfUtils.java:logGet(43)) - raft.server.storage.dir = [/workdir/hadoop-ozone/integration-test/target/test-dir/MiniOzoneClusterImpl-b6380e3c-fb04-4178-98e9-eb7b36240636/datanode-4/data/ratis] (custom)
2019-09-25 12:10:10,146 [pool-67-thread-1] INFO  storage.RaftStorageDirectory (RaftStorageDirectory.java:analyzeStorage(246)) - The storage directory /workdir/hadoop-ozone/integration-test/target/test-dir/MiniOzoneClusterImpl-b6380e3c-fb04-4178-98e9-eb7b36240636/datanode-4/data/ratis/762a8f08-b3b8-4426-b595-d4afca958158 does not exist. Creating ...
2019-09-25 12:10:10,158 [pool-67-thread-1] INFO  storage.RaftStorageDirectory (RaftStorageDirectory.java:tryLock(328)) - Lock on /workdir/hadoop-ozone/integration-test/target/test-dir/MiniOzoneClusterImpl-b6380e3c-fb04-4178-98e9-eb7b36240636/datanode-4/data/ratis/762a8f08-b3b8-4426-b595-d4afca958158/in_use.lock acquired by nodename 9481@pr-hdds-1569-shd4m-3693607622
2019-09-25 12:10:10,171 [pool-67-thread-1] INFO  storage.RaftStorage (RaftStorage.java:format(72)) - Storage directory /workdir/hadoop-ozone/integration-test/target/test-dir/MiniOzoneClusterImpl-b6380e3c-fb04-4178-98e9-eb7b36240636/datanode-4/data/ratis/762a8f08-b3b8-4426-b595-d4afca958158 has been successfully formatted.
2019-09-25 12:10:10,171 [pool-67-thread-1] INFO  ratis.ContainerStateMachine (ContainerStateMachine.java:loadSnapshot(230)) - group-D4AFCA958158: The snapshot info is null. Setting the last applied indexto:(t:0, i:~)
2019-09-25 12:10:10,171 [pool-67-thread-1] INFO  server.RaftServerConfigKeys (ConfUtils.java:logGet(43)) - raft.server.notification.no-leader.timeout = 120s (custom)
2019-09-25 12:10:10,172 [pool-67-thread-1] INFO  server.RaftServerConfigKeys (ConfUtils.java:logGet(43)) - raft.server.log.use.memory = false (default)
2019-09-25 12:10:10,172 [pool-67-thread-1] INFO  server.RaftServerConfigKeys (ConfUtils.java:logGet(43)) - raft.server.log.purge.gap = 1000000 (custom)
2019-09-25 12:10:10,172 [pool-67-thread-1] INFO  server.RaftServerConfigKeys (ConfUtils.java:logGet(43)) - raft.server.log.appender.buffer.byte-limit = 33554432 (custom)
2019-09-25 12:10:10,172 [pool-67-thread-1] INFO  server.RaftServerConfigKeys (ConfUtils.java:logGet(43)) - raft.server.log.segment.size.max = 1048576 (custom)
2019-09-25 12:10:10,172 [pool-67-thread-1] INFO  server.RaftServerConfigKeys (ConfUtils.java:logGet(43)) - raft.server.log.segment.cache.num.max = 2 (custom)
2019-09-25 12:10:10,172 [pool-67-thread-1] INFO  segmented.SegmentedRaftLogWorker (SegmentedRaftLogWorker.java:<init>(172)) - new efb2beac-26e0-4b3b-9934-2458c1147cfd@group-D4AFCA958158-SegmentedRaftLogWorker for RaftStorage:Storage Directory /workdir/hadoop-ozone/integration-test/target/test-dir/MiniOzoneClusterImpl-b6380e3c-fb04-4178-98e9-eb7b36240636/datanode-4/data/ratis/762a8f08-b3b8-4426-b595-d4afca958158
2019-09-25 12:10:10,173 [pool-67-thread-1] INFO  server.RaftServerConfigKeys (ConfUtils.java:logGet(43)) - raft.server.log.queue.byte-limit = 2147483647 (custom)
2019-09-25 12:10:10,173 [pool-67-thread-1] INFO  server.RaftServerConfigKeys (ConfUtils.java:logGet(43)) - raft.server.log.queue.element-limit = 1024 (custom)
2019-09-25 12:10:10,173 [pool-67-thread-1] INFO  server.RaftServerConfigKeys (ConfUtils.java:logGet(43)) - raft.server.log.segment.size.max = 1048576 (custom)
2019-09-25 12:10:10,173 [pool-67-thread-1] INFO  server.RaftServerConfigKeys (ConfUtils.java:logGet(43)) - raft.server.log.preallocated.size = 16384 (custom)
2019-09-25 12:10:10,173 [pool-67-thread-1] INFO  server.RaftServerConfigKeys (ConfUtils.java:logGet(43)) - raft.server.log.write.buffer.size = 33554432 (custom)
2019-09-25 12:10:10,174 [pool-67-thread-1] INFO  server.RaftServerConfigKeys (ConfUtils.java:logGet(43)) - raft.server.log.force.sync.num = 128 (default)
2019-09-25 12:10:10,174 [pool-67-thread-1] INFO  server.RaftServerConfigKeys (ConfUtils.java:logGet(43)) - raft.server.log.statemachine.data.sync = true (default)
2019-09-25 12:10:10,174 [pool-67-thread-1] INFO  server.RaftServerConfigKeys (ConfUtils.java:logGet(43)) - raft.server.log.statemachine.data.sync.timeout = 10s (default)
2019-09-25 12:10:10,174 [pool-67-thread-1] INFO  server.RaftServerConfigKeys (ConfUtils.java:logGet(43)) - raft.server.log.statemachine.data.sync.timeout.retry = -1 (default)
2019-09-25 12:10:10,174 [pool-67-thread-1] INFO  server.RaftServerConfigKeys (ConfUtils.java:logGet(43)) - raft.server.log.statemachine.data.caching.enabled = true (custom)
2019-09-25 12:10:10,175 [pool-67-thread-1] INFO  segmented.SegmentedRaftLogWorker (SegmentedRaftLogWorker.java:lambda$new$0(132)) - efb2beac-26e0-4b3b-9934-2458c1147cfd@group-D4AFCA958158-SegmentedRaftLogWorker: flushIndex: setUnconditionally 0 -> -1
2019-09-25 12:10:10,175 [pool-67-thread-1] INFO  server.RaftServerConfigKeys (ConfUtils.java:logGet(43)) - raft.server.snapshot.auto.trigger.enabled = true (custom)
2019-09-25 12:10:10,175 [pool-67-thread-1] INFO  server.RaftServerConfigKeys (ConfUtils.java:logGet(43)) - raft.server.snapshot.auto.trigger.threshold = 10000 (custom)
2019-09-25 12:10:10,175 [pool-67-thread-1] INFO  server.RaftServerConfigKeys (ConfUtils.java:logGet(43)) - raft.server.snapshot.retention.num.files = 5 (custom)
2019-09-25 12:10:10,176 [pool-67-thread-1] INFO  server.RaftServerConfigKeys (ConfUtils.java:logGet(43)) - raft.server.retrycache.expirytime = 600000ms (custom)
2019-09-25 12:10:10,178 [pool-67-thread-1] INFO  impl.RaftServerImpl (RaftServerImpl.java:start(185)) - efb2beac-26e0-4b3b-9934-2458c1147cfd@group-D4AFCA958158: start as a follower, conf=-1: [efb2beac-26e0-4b3b-9934-2458c1147cfd:192.168.151.73:43064], old=null
2019-09-25 12:10:10,178 [pool-67-thread-1] INFO  impl.RaftServerImpl (RaftServerImpl.java:setRole(174)) - efb2beac-26e0-4b3b-9934-2458c1147cfd@group-D4AFCA958158: changes role from      null to FOLLOWER at term 0 for startAsFollower
2019-09-25 12:10:10,178 [pool-67-thread-1] INFO  impl.RoleInfo (RoleInfo.java:updateAndGet(143)) - efb2beac-26e0-4b3b-9934-2458c1147cfd: start FollowerState
2019-09-25 12:10:10,179 [pool-67-thread-1] INFO  util.JmxRegister (JmxRegister.java:tryRegister(44)) - Successfully registered JMX Bean with object name Ratis:service=RaftServer,group=group-D4AFCA958158,id=efb2beac-26e0-4b3b-9934-2458c1147cfd
2019-09-25 12:10:10,185 [RatisPipelineUtilsThread] INFO  pipeline.PipelineStateManager (PipelineStateManager.java:addPipeline(56)) - Created pipeline Pipeline[ Id: 762a8f08-b3b8-4426-b595-d4afca958158, Nodes: efb2beac-26e0-4b3b-9934-2458c1147cfd{ip: 192.168.151.73, host: pr-hdds-1569-shd4m-3693607622, networkLocation: /default-rack, certSerialId: null}, Type:RATIS, Factor:ONE, State:OPEN]
2019-09-25 12:10:10,224 [grpc-default-executor-0] INFO  impl.RaftServerProxy (RaftServerProxy.java:addNew(89)) - 98c6e6f4-875d-42de-b8a9-30ed89dcc8e7: addNew group-C9F49FB191FC:[98c6e6f4-875d-42de-b8a9-30ed89dcc8e7:192.168.151.73:46765] returns group-C9F49FB191FC:java.util.concurrent.CompletableFuture@4a4275c[Not completed]
2019-09-25 12:10:10,225 [pool-37-thread-1] INFO  impl.RaftServerImpl (RaftServerImpl.java:<init>(95)) - 98c6e6f4-875d-42de-b8a9-30ed89dcc8e7: new RaftServerImpl for group-C9F49FB191FC:[98c6e6f4-875d-42de-b8a9-30ed89dcc8e7:192.168.151.73:46765] with ContainerStateMachine:uninitialized
2019-09-25 12:10:10,225 [pool-37-thread-1] INFO  server.RaftServerConfigKeys (ConfUtils.java:logGet(43)) - raft.server.rpc.timeout.min = 5s (custom)
2019-09-25 12:10:10,225 [pool-37-thread-1] INFO  server.RaftServerConfigKeys (ConfUtils.java:logGet(43)) - raft.server.rpc.timeout.max = 5200ms (custom)
2019-09-25 12:10:10,226 [pool-37-thread-1] INFO  server.RaftServerConfigKeys (ConfUtils.java:logGet(43)) - raft.server.rpcslowness.timeout = 120s (custom)
2019-09-25 12:10:10,226 [pool-37-thread-1] INFO  server.RaftServerConfigKeys (ConfUtils.java:logGet(43)) - raft.server.sleep.deviation.threshold = 300 (default)
2019-09-25 12:10:10,226 [pool-37-thread-1] INFO  server.RaftServerConfigKeys (ConfUtils.java:logGet(43)) - raft.server.log.appender.install.snapshot.enabled = false (custom)
2019-09-25 12:10:10,226 [pool-37-thread-1] INFO  impl.RaftServerImpl (ServerState.java:<init>(103)) - 98c6e6f4-875d-42de-b8a9-30ed89dcc8e7@group-C9F49FB191FC: ConfigurationManager, init=-1: [98c6e6f4-875d-42de-b8a9-30ed89dcc8e7:192.168.151.73:46765], old=null, confs=<EMPTY_MAP>
2019-09-25 12:10:10,226 [pool-37-thread-1] INFO  server.RaftServerConfigKeys (ConfUtils.java:logGet(43)) - raft.server.storage.dir = [/workdir/hadoop-ozone/integration-test/target/test-dir/MiniOzoneClusterImpl-b6380e3c-fb04-4178-98e9-eb7b36240636/datanode-1/data/ratis] (custom)
2019-09-25 12:10:10,226 [pool-37-thread-1] INFO  storage.RaftStorageDirectory (RaftStorageDirectory.java:analyzeStorage(246)) - The storage directory /workdir/hadoop-ozone/integration-test/target/test-dir/MiniOzoneClusterImpl-b6380e3c-fb04-4178-98e9-eb7b36240636/datanode-1/data/ratis/d7fcad57-aa74-4c05-95df-c9f49fb191fc does not exist. Creating ...
2019-09-25 12:10:10,239 [pool-37-thread-1] INFO  storage.RaftStorageDirectory (RaftStorageDirectory.java:tryLock(328)) - Lock on /workdir/hadoop-ozone/integration-test/target/test-dir/MiniOzoneClusterImpl-b6380e3c-fb04-4178-98e9-eb7b36240636/datanode-1/data/ratis/d7fcad57-aa74-4c05-95df-c9f49fb191fc/in_use.lock acquired by nodename 9481@pr-hdds-1569-shd4m-3693607622
2019-09-25 12:10:10,252 [pool-37-thread-1] INFO  storage.RaftStorage (RaftStorage.java:format(72)) - Storage directory /workdir/hadoop-ozone/integration-test/target/test-dir/MiniOzoneClusterImpl-b6380e3c-fb04-4178-98e9-eb7b36240636/datanode-1/data/ratis/d7fcad57-aa74-4c05-95df-c9f49fb191fc has been successfully formatted.
2019-09-25 12:10:10,252 [pool-37-thread-1] INFO  ratis.ContainerStateMachine (ContainerStateMachine.java:loadSnapshot(230)) - group-C9F49FB191FC: The snapshot info is null. Setting the last applied indexto:(t:0, i:~)
2019-09-25 12:10:10,252 [pool-37-thread-1] INFO  server.RaftServerConfigKeys (ConfUtils.java:logGet(43)) - raft.server.notification.no-leader.timeout = 120s (custom)
2019-09-25 12:10:10,252 [pool-37-thread-1] INFO  server.RaftServerConfigKeys (ConfUtils.java:logGet(43)) - raft.server.log.use.memory = false (default)
2019-09-25 12:10:10,252 [pool-37-thread-1] INFO  server.RaftServerConfigKeys (ConfUtils.java:logGet(43)) - raft.server.log.purge.gap = 1000000 (custom)
2019-09-25 12:10:10,252 [pool-37-thread-1] INFO  server.RaftServerConfigKeys (ConfUtils.java:logGet(43)) - raft.server.log.appender.buffer.byte-limit = 33554432 (custom)
2019-09-25 12:10:10,253 [pool-37-thread-1] INFO  server.RaftServerConfigKeys (ConfUtils.java:logGet(43)) - raft.server.log.segment.size.max = 1048576 (custom)
2019-09-25 12:10:10,253 [pool-37-thread-1] INFO  server.RaftServerConfigKeys (ConfUtils.java:logGet(43)) - raft.server.log.segment.cache.num.max = 2 (custom)
2019-09-25 12:10:10,253 [pool-37-thread-1] INFO  segmented.SegmentedRaftLogWorker (SegmentedRaftLogWorker.java:<init>(172)) - new 98c6e6f4-875d-42de-b8a9-30ed89dcc8e7@group-C9F49FB191FC-SegmentedRaftLogWorker for RaftStorage:Storage Directory /workdir/hadoop-ozone/integration-test/target/test-dir/MiniOzoneClusterImpl-b6380e3c-fb04-4178-98e9-eb7b36240636/datanode-1/data/ratis/d7fcad57-aa74-4c05-95df-c9f49fb191fc
2019-09-25 12:10:10,253 [pool-37-thread-1] INFO  server.RaftServerConfigKeys (ConfUtils.java:logGet(43)) - raft.server.log.queue.byte-limit = 2147483647 (custom)
2019-09-25 12:10:10,253 [pool-37-thread-1] INFO  server.RaftServerConfigKeys (ConfUtils.java:logGet(43)) - raft.server.log.queue.element-limit = 1024 (custom)
2019-09-25 12:10:10,253 [pool-37-thread-1] INFO  server.RaftServerConfigKeys (ConfUtils.java:logGet(43)) - raft.server.log.segment.size.max = 1048576 (custom)
2019-09-25 12:10:10,253 [pool-37-thread-1] INFO  server.RaftServerConfigKeys (ConfUtils.java:logGet(43)) - raft.server.log.preallocated.size = 16384 (custom)
2019-09-25 12:10:10,254 [pool-37-thread-1] INFO  server.RaftServerConfigKeys (ConfUtils.java:logGet(43)) - raft.server.log.write.buffer.size = 33554432 (custom)
2019-09-25 12:10:10,254 [pool-37-thread-1] INFO  server.RaftServerConfigKeys (ConfUtils.java:logGet(43)) - raft.server.log.force.sync.num = 128 (default)
2019-09-25 12:10:10,254 [pool-37-thread-1] INFO  server.RaftServerConfigKeys (ConfUtils.java:logGet(43)) - raft.server.log.statemachine.data.sync = true (default)
2019-09-25 12:10:10,254 [pool-37-thread-1] INFO  server.RaftServerConfigKeys (ConfUtils.java:logGet(43)) - raft.server.log.statemachine.data.sync.timeout = 10s (default)
2019-09-25 12:10:10,254 [pool-37-thread-1] INFO  server.RaftServerConfigKeys (ConfUtils.java:logGet(43)) - raft.server.log.statemachine.data.sync.timeout.retry = -1 (default)
2019-09-25 12:10:10,254 [pool-37-thread-1] INFO  server.RaftServerConfigKeys (ConfUtils.java:logGet(43)) - raft.server.log.statemachine.data.caching.enabled = true (custom)
2019-09-25 12:10:10,254 [pool-37-thread-1] INFO  segmented.SegmentedRaftLogWorker (SegmentedRaftLogWorker.java:lambda$new$0(132)) - 98c6e6f4-875d-42de-b8a9-30ed89dcc8e7@group-C9F49FB191FC-SegmentedRaftLogWorker: flushIndex: setUnconditionally 0 -> -1
2019-09-25 12:10:10,255 [pool-37-thread-1] INFO  server.RaftServerConfigKeys (ConfUtils.java:logGet(43)) - raft.server.snapshot.auto.trigger.enabled = true (custom)
2019-09-25 12:10:10,255 [pool-37-thread-1] INFO  server.RaftServerConfigKeys (ConfUtils.java:logGet(43)) - raft.server.snapshot.auto.trigger.threshold = 10000 (custom)
2019-09-25 12:10:10,255 [pool-37-thread-1] INFO  server.RaftServerConfigKeys (ConfUtils.java:logGet(43)) - raft.server.snapshot.retention.num.files = 5 (custom)
2019-09-25 12:10:10,255 [pool-37-thread-1] INFO  server.RaftServerConfigKeys (ConfUtils.java:logGet(43)) - raft.server.retrycache.expirytime = 600000ms (custom)
2019-09-25 12:10:10,257 [pool-37-thread-1] INFO  impl.RaftServerImpl (RaftServerImpl.java:start(185)) - 98c6e6f4-875d-42de-b8a9-30ed89dcc8e7@group-C9F49FB191FC: start as a follower, conf=-1: [98c6e6f4-875d-42de-b8a9-30ed89dcc8e7:192.168.151.73:46765], old=null
2019-09-25 12:10:10,258 [pool-37-thread-1] INFO  impl.RaftServerImpl (RaftServerImpl.java:setRole(174)) - 98c6e6f4-875d-42de-b8a9-30ed89dcc8e7@group-C9F49FB191FC: changes role from      null to FOLLOWER at term 0 for startAsFollower
2019-09-25 12:10:10,258 [pool-37-thread-1] INFO  impl.RoleInfo (RoleInfo.java:updateAndGet(143)) - 98c6e6f4-875d-42de-b8a9-30ed89dcc8e7: start FollowerState
2019-09-25 12:10:10,265 [pool-37-thread-1] INFO  util.JmxRegister (JmxRegister.java:tryRegister(44)) - Successfully registered JMX Bean with object name Ratis:service=RaftServer,group=group-C9F49FB191FC,id=98c6e6f4-875d-42de-b8a9-30ed89dcc8e7
2019-09-25 12:10:10,282 [RatisPipelineUtilsThread] INFO  pipeline.PipelineStateManager (PipelineStateManager.java:addPipeline(56)) - Created pipeline Pipeline[ Id: d7fcad57-aa74-4c05-95df-c9f49fb191fc, Nodes: 98c6e6f4-875d-42de-b8a9-30ed89dcc8e7{ip: 192.168.151.73, host: pr-hdds-1569-shd4m-3693607622, networkLocation: /default-rack, certSerialId: null}, Type:RATIS, Factor:ONE, State:OPEN]
2019-09-25 12:10:10,293 [grpc-default-executor-0] INFO  impl.RaftServerProxy (RaftServerProxy.java:addNew(89)) - 60ced751-3023-4654-af5b-403edbc93820: addNew group-762500E57DB2:[60ced751-3023-4654-af5b-403edbc93820:192.168.151.73:39742] returns group-762500E57DB2:java.util.concurrent.CompletableFuture@7bae9185[Not completed]
2019-09-25 12:10:10,295 [pool-47-thread-1] INFO  impl.RaftServerImpl (RaftServerImpl.java:<init>(95)) - 60ced751-3023-4654-af5b-403edbc93820: new RaftServerImpl for group-762500E57DB2:[60ced751-3023-4654-af5b-403edbc93820:192.168.151.73:39742] with ContainerStateMachine:uninitialized
2019-09-25 12:10:10,295 [pool-47-thread-1] INFO  server.RaftServerConfigKeys (ConfUtils.java:logGet(43)) - raft.server.rpc.timeout.min = 5s (custom)
2019-09-25 12:10:10,295 [pool-47-thread-1] INFO  server.RaftServerConfigKeys (ConfUtils.java:logGet(43)) - raft.server.rpc.timeout.max = 5200ms (custom)
2019-09-25 12:10:10,295 [pool-47-thread-1] INFO  server.RaftServerConfigKeys (ConfUtils.java:logGet(43)) - raft.server.rpcslowness.timeout = 120s (custom)
2019-09-25 12:10:10,295 [pool-47-thread-1] INFO  server.RaftServerConfigKeys (ConfUtils.java:logGet(43)) - raft.server.sleep.deviation.threshold = 300 (default)
2019-09-25 12:10:10,295 [pool-47-thread-1] INFO  server.RaftServerConfigKeys (ConfUtils.java:logGet(43)) - raft.server.log.appender.install.snapshot.enabled = false (custom)
2019-09-25 12:10:10,296 [pool-47-thread-1] INFO  impl.RaftServerImpl (ServerState.java:<init>(103)) - 60ced751-3023-4654-af5b-403edbc93820@group-762500E57DB2: ConfigurationManager, init=-1: [60ced751-3023-4654-af5b-403edbc93820:192.168.151.73:39742], old=null, confs=<EMPTY_MAP>
2019-09-25 12:10:10,296 [pool-47-thread-1] INFO  server.RaftServerConfigKeys (ConfUtils.java:logGet(43)) - raft.server.storage.dir = [/workdir/hadoop-ozone/integration-test/target/test-dir/MiniOzoneClusterImpl-b6380e3c-fb04-4178-98e9-eb7b36240636/datanode-2/data/ratis] (custom)
2019-09-25 12:10:10,296 [pool-47-thread-1] INFO  storage.RaftStorageDirectory (RaftStorageDirectory.java:analyzeStorage(246)) - The storage directory /workdir/hadoop-ozone/integration-test/target/test-dir/MiniOzoneClusterImpl-b6380e3c-fb04-4178-98e9-eb7b36240636/datanode-2/data/ratis/7a091f05-7301-4650-b8d4-762500e57db2 does not exist. Creating ...
2019-09-25 12:10:10,309 [pool-47-thread-1] INFO  storage.RaftStorageDirectory (RaftStorageDirectory.java:tryLock(328)) - Lock on /workdir/hadoop-ozone/integration-test/target/test-dir/MiniOzoneClusterImpl-b6380e3c-fb04-4178-98e9-eb7b36240636/datanode-2/data/ratis/7a091f05-7301-4650-b8d4-762500e57db2/in_use.lock acquired by nodename 9481@pr-hdds-1569-shd4m-3693607622
2019-09-25 12:10:10,321 [pool-47-thread-1] INFO  storage.RaftStorage (RaftStorage.java:format(72)) - Storage directory /workdir/hadoop-ozone/integration-test/target/test-dir/MiniOzoneClusterImpl-b6380e3c-fb04-4178-98e9-eb7b36240636/datanode-2/data/ratis/7a091f05-7301-4650-b8d4-762500e57db2 has been successfully formatted.
2019-09-25 12:10:10,322 [pool-47-thread-1] INFO  ratis.ContainerStateMachine (ContainerStateMachine.java:loadSnapshot(230)) - group-762500E57DB2: The snapshot info is null. Setting the last applied indexto:(t:0, i:~)
2019-09-25 12:10:10,322 [pool-47-thread-1] INFO  server.RaftServerConfigKeys (ConfUtils.java:logGet(43)) - raft.server.notification.no-leader.timeout = 120s (custom)
2019-09-25 12:10:10,322 [pool-47-thread-1] INFO  server.RaftServerConfigKeys (ConfUtils.java:logGet(43)) - raft.server.log.use.memory = false (default)
2019-09-25 12:10:10,322 [pool-47-thread-1] INFO  server.RaftServerConfigKeys (ConfUtils.java:logGet(43)) - raft.server.log.purge.gap = 1000000 (custom)
2019-09-25 12:10:10,323 [pool-47-thread-1] INFO  server.RaftServerConfigKeys (ConfUtils.java:logGet(43)) - raft.server.log.appender.buffer.byte-limit = 33554432 (custom)
2019-09-25 12:10:10,323 [pool-47-thread-1] INFO  server.RaftServerConfigKeys (ConfUtils.java:logGet(43)) - raft.server.log.segment.size.max = 1048576 (custom)
2019-09-25 12:10:10,323 [pool-47-thread-1] INFO  server.RaftServerConfigKeys (ConfUtils.java:logGet(43)) - raft.server.log.segment.cache.num.max = 2 (custom)
2019-09-25 12:10:10,323 [pool-47-thread-1] INFO  segmented.SegmentedRaftLogWorker (SegmentedRaftLogWorker.java:<init>(172)) - new 60ced751-3023-4654-af5b-403edbc93820@group-762500E57DB2-SegmentedRaftLogWorker for RaftStorage:Storage Directory /workdir/hadoop-ozone/integration-test/target/test-dir/MiniOzoneClusterImpl-b6380e3c-fb04-4178-98e9-eb7b36240636/datanode-2/data/ratis/7a091f05-7301-4650-b8d4-762500e57db2
2019-09-25 12:10:10,323 [pool-47-thread-1] INFO  server.RaftServerConfigKeys (ConfUtils.java:logGet(43)) - raft.server.log.queue.byte-limit = 2147483647 (custom)
2019-09-25 12:10:10,323 [pool-47-thread-1] INFO  server.RaftServerConfigKeys (ConfUtils.java:logGet(43)) - raft.server.log.queue.element-limit = 1024 (custom)
2019-09-25 12:10:10,324 [pool-47-thread-1] INFO  server.RaftServerConfigKeys (ConfUtils.java:logGet(43)) - raft.server.log.segment.size.max = 1048576 (custom)
2019-09-25 12:10:10,324 [pool-47-thread-1] INFO  server.RaftServerConfigKeys (ConfUtils.java:logGet(43)) - raft.server.log.preallocated.size = 16384 (custom)
2019-09-25 12:10:10,324 [pool-47-thread-1] INFO  server.RaftServerConfigKeys (ConfUtils.java:logGet(43)) - raft.server.log.write.buffer.size = 33554432 (custom)
2019-09-25 12:10:10,324 [pool-47-thread-1] INFO  server.RaftServerConfigKeys (ConfUtils.java:logGet(43)) - raft.server.log.force.sync.num = 128 (default)
2019-09-25 12:10:10,324 [pool-47-thread-1] INFO  server.RaftServerConfigKeys (ConfUtils.java:logGet(43)) - raft.server.log.statemachine.data.sync = true (default)
2019-09-25 12:10:10,324 [pool-47-thread-1] INFO  server.RaftServerConfigKeys (ConfUtils.java:logGet(43)) - raft.server.log.statemachine.data.sync.timeout = 10s (default)
2019-09-25 12:10:10,324 [pool-47-thread-1] INFO  server.RaftServerConfigKeys (ConfUtils.java:logGet(43)) - raft.server.log.statemachine.data.sync.timeout.retry = -1 (default)
2019-09-25 12:10:10,325 [pool-47-thread-1] INFO  server.RaftServerConfigKeys (ConfUtils.java:logGet(43)) - raft.server.log.statemachine.data.caching.enabled = true (custom)
2019-09-25 12:10:10,325 [pool-47-thread-1] INFO  segmented.SegmentedRaftLogWorker (SegmentedRaftLogWorker.java:lambda$new$0(132)) - 60ced751-3023-4654-af5b-403edbc93820@group-762500E57DB2-SegmentedRaftLogWorker: flushIndex: setUnconditionally 0 -> -1
2019-09-25 12:10:10,325 [pool-47-thread-1] INFO  server.RaftServerConfigKeys (ConfUtils.java:logGet(43)) - raft.server.snapshot.auto.trigger.enabled = true (custom)
2019-09-25 12:10:10,326 [pool-47-thread-1] INFO  server.RaftServerConfigKeys (ConfUtils.java:logGet(43)) - raft.server.snapshot.auto.trigger.threshold = 10000 (custom)
2019-09-25 12:10:10,326 [pool-47-thread-1] INFO  server.RaftServerConfigKeys (ConfUtils.java:logGet(43)) - raft.server.snapshot.retention.num.files = 5 (custom)
2019-09-25 12:10:10,326 [pool-47-thread-1] INFO  server.RaftServerConfigKeys (ConfUtils.java:logGet(43)) - raft.server.retrycache.expirytime = 600000ms (custom)
2019-09-25 12:10:10,329 [pool-47-thread-1] INFO  impl.RaftServerImpl (RaftServerImpl.java:start(185)) - 60ced751-3023-4654-af5b-403edbc93820@group-762500E57DB2: start as a follower, conf=-1: [60ced751-3023-4654-af5b-403edbc93820:192.168.151.73:39742], old=null
2019-09-25 12:10:10,329 [pool-47-thread-1] INFO  impl.RaftServerImpl (RaftServerImpl.java:setRole(174)) - 60ced751-3023-4654-af5b-403edbc93820@group-762500E57DB2: changes role from      null to FOLLOWER at term 0 for startAsFollower
2019-09-25 12:10:10,329 [pool-47-thread-1] INFO  impl.RoleInfo (RoleInfo.java:updateAndGet(143)) - 60ced751-3023-4654-af5b-403edbc93820: start FollowerState
2019-09-25 12:10:10,330 [pool-47-thread-1] INFO  util.JmxRegister (JmxRegister.java:tryRegister(44)) - Successfully registered JMX Bean with object name Ratis:service=RaftServer,group=group-762500E57DB2,id=60ced751-3023-4654-af5b-403edbc93820
2019-09-25 12:10:10,335 [RatisPipelineUtilsThread] INFO  pipeline.PipelineStateManager (PipelineStateManager.java:addPipeline(56)) - Created pipeline Pipeline[ Id: 7a091f05-7301-4650-b8d4-762500e57db2, Nodes: 60ced751-3023-4654-af5b-403edbc93820{ip: 192.168.151.73, host: pr-hdds-1569-shd4m-3693607622, networkLocation: /default-rack, certSerialId: null}, Type:RATIS, Factor:ONE, State:OPEN]
2019-09-25 12:10:10,348 [grpc-default-executor-0] INFO  impl.RaftServerProxy (RaftServerProxy.java:addNew(89)) - 98c6e6f4-875d-42de-b8a9-30ed89dcc8e7: addNew group-65D45AF87216:[98c6e6f4-875d-42de-b8a9-30ed89dcc8e7:192.168.151.73:46765] returns group-65D45AF87216:java.util.concurrent.CompletableFuture@d7ddbe7[Not completed]
2019-09-25 12:10:10,350 [pool-37-thread-1] INFO  impl.RaftServerImpl (RaftServerImpl.java:<init>(95)) - 98c6e6f4-875d-42de-b8a9-30ed89dcc8e7: new RaftServerImpl for group-65D45AF87216:[98c6e6f4-875d-42de-b8a9-30ed89dcc8e7:192.168.151.73:46765] with ContainerStateMachine:uninitialized
2019-09-25 12:10:10,350 [pool-37-thread-1] INFO  server.RaftServerConfigKeys (ConfUtils.java:logGet(43)) - raft.server.rpc.timeout.min = 5s (custom)
2019-09-25 12:10:10,350 [pool-37-thread-1] INFO  server.RaftServerConfigKeys (ConfUtils.java:logGet(43)) - raft.server.rpc.timeout.max = 5200ms (custom)
2019-09-25 12:10:10,350 [pool-37-thread-1] INFO  server.RaftServerConfigKeys (ConfUtils.java:logGet(43)) - raft.server.rpcslowness.timeout = 120s (custom)
2019-09-25 12:10:10,350 [pool-37-thread-1] INFO  server.RaftServerConfigKeys (ConfUtils.java:logGet(43)) - raft.server.sleep.deviation.threshold = 300 (default)
2019-09-25 12:10:10,351 [pool-37-thread-1] INFO  server.RaftServerConfigKeys (ConfUtils.java:logGet(43)) - raft.server.log.appender.install.snapshot.enabled = false (custom)
2019-09-25 12:10:10,351 [pool-37-thread-1] INFO  impl.RaftServerImpl (ServerState.java:<init>(103)) - 98c6e6f4-875d-42de-b8a9-30ed89dcc8e7@group-65D45AF87216: ConfigurationManager, init=-1: [98c6e6f4-875d-42de-b8a9-30ed89dcc8e7:192.168.151.73:46765], old=null, confs=<EMPTY_MAP>
2019-09-25 12:10:10,351 [pool-37-thread-1] INFO  server.RaftServerConfigKeys (ConfUtils.java:logGet(43)) - raft.server.storage.dir = [/workdir/hadoop-ozone/integration-test/target/test-dir/MiniOzoneClusterImpl-b6380e3c-fb04-4178-98e9-eb7b36240636/datanode-1/data/ratis] (custom)
2019-09-25 12:10:10,351 [pool-37-thread-1] INFO  storage.RaftStorageDirectory (RaftStorageDirectory.java:analyzeStorage(246)) - The storage directory /workdir/hadoop-ozone/integration-test/target/test-dir/MiniOzoneClusterImpl-b6380e3c-fb04-4178-98e9-eb7b36240636/datanode-1/data/ratis/3670979b-c936-4be3-9837-65d45af87216 does not exist. Creating ...
2019-09-25 12:10:10,354 [pool-37-thread-1] INFO  storage.RaftStorageDirectory (RaftStorageDirectory.java:tryLock(328)) - Lock on /workdir/hadoop-ozone/integration-test/target/test-dir/MiniOzoneClusterImpl-b6380e3c-fb04-4178-98e9-eb7b36240636/datanode-1/data/ratis/3670979b-c936-4be3-9837-65d45af87216/in_use.lock acquired by nodename 9481@pr-hdds-1569-shd4m-3693607622
2019-09-25 12:10:10,369 [pool-37-thread-1] INFO  storage.RaftStorage (RaftStorage.java:format(72)) - Storage directory /workdir/hadoop-ozone/integration-test/target/test-dir/MiniOzoneClusterImpl-b6380e3c-fb04-4178-98e9-eb7b36240636/datanode-1/data/ratis/3670979b-c936-4be3-9837-65d45af87216 has been successfully formatted.
2019-09-25 12:10:10,370 [pool-37-thread-1] INFO  ratis.ContainerStateMachine (ContainerStateMachine.java:loadSnapshot(230)) - group-65D45AF87216: The snapshot info is null. Setting the last applied indexto:(t:0, i:~)
2019-09-25 12:10:10,370 [pool-37-thread-1] INFO  server.RaftServerConfigKeys (ConfUtils.java:logGet(43)) - raft.server.notification.no-leader.timeout = 120s (custom)
2019-09-25 12:10:10,370 [pool-37-thread-1] INFO  server.RaftServerConfigKeys (ConfUtils.java:logGet(43)) - raft.server.log.use.memory = false (default)
2019-09-25 12:10:10,370 [pool-37-thread-1] INFO  server.RaftServerConfigKeys (ConfUtils.java:logGet(43)) - raft.server.log.purge.gap = 1000000 (custom)
2019-09-25 12:10:10,370 [pool-37-thread-1] INFO  server.RaftServerConfigKeys (ConfUtils.java:logGet(43)) - raft.server.log.appender.buffer.byte-limit = 33554432 (custom)
2019-09-25 12:10:10,371 [pool-37-thread-1] INFO  server.RaftServerConfigKeys (ConfUtils.java:logGet(43)) - raft.server.log.segment.size.max = 1048576 (custom)
2019-09-25 12:10:10,371 [pool-37-thread-1] INFO  server.RaftServerConfigKeys (ConfUtils.java:logGet(43)) - raft.server.log.segment.cache.num.max = 2 (custom)
2019-09-25 12:10:10,371 [pool-37-thread-1] INFO  segmented.SegmentedRaftLogWorker (SegmentedRaftLogWorker.java:<init>(172)) - new 98c6e6f4-875d-42de-b8a9-30ed89dcc8e7@group-65D45AF87216-SegmentedRaftLogWorker for RaftStorage:Storage Directory /workdir/hadoop-ozone/integration-test/target/test-dir/MiniOzoneClusterImpl-b6380e3c-fb04-4178-98e9-eb7b36240636/datanode-1/data/ratis/3670979b-c936-4be3-9837-65d45af87216
2019-09-25 12:10:10,371 [pool-37-thread-1] INFO  server.RaftServerConfigKeys (ConfUtils.java:logGet(43)) - raft.server.log.queue.byte-limit = 2147483647 (custom)
2019-09-25 12:10:10,371 [pool-37-thread-1] INFO  server.RaftServerConfigKeys (ConfUtils.java:logGet(43)) - raft.server.log.queue.element-limit = 1024 (custom)
2019-09-25 12:10:10,372 [pool-37-thread-1] INFO  server.RaftServerConfigKeys (ConfUtils.java:logGet(43)) - raft.server.log.segment.size.max = 1048576 (custom)
2019-09-25 12:10:10,372 [pool-37-thread-1] INFO  server.RaftServerConfigKeys (ConfUtils.java:logGet(43)) - raft.server.log.preallocated.size = 16384 (custom)
2019-09-25 12:10:10,372 [pool-37-thread-1] INFO  server.RaftServerConfigKeys (ConfUtils.java:logGet(43)) - raft.server.log.write.buffer.size = 33554432 (custom)
2019-09-25 12:10:10,372 [pool-37-thread-1] INFO  server.RaftServerConfigKeys (ConfUtils.java:logGet(43)) - raft.server.log.force.sync.num = 128 (default)
2019-09-25 12:10:10,372 [pool-37-thread-1] INFO  server.RaftServerConfigKeys (ConfUtils.java:logGet(43)) - raft.server.log.statemachine.data.sync = true (default)
2019-09-25 12:10:10,373 [pool-37-thread-1] INFO  server.RaftServerConfigKeys (ConfUtils.java:logGet(43)) - raft.server.log.statemachine.data.sync.timeout = 10s (default)
2019-09-25 12:10:10,373 [pool-37-thread-1] INFO  server.RaftServerConfigKeys (ConfUtils.java:logGet(43)) - raft.server.log.statemachine.data.sync.timeout.retry = -1 (default)
2019-09-25 12:10:10,373 [pool-37-thread-1] INFO  server.RaftServerConfigKeys (ConfUtils.java:logGet(43)) - raft.server.log.statemachine.data.caching.enabled = true (custom)
2019-09-25 12:10:10,373 [pool-37-thread-1] INFO  segmented.SegmentedRaftLogWorker (SegmentedRaftLogWorker.java:lambda$new$0(132)) - 98c6e6f4-875d-42de-b8a9-30ed89dcc8e7@group-65D45AF87216-SegmentedRaftLogWorker: flushIndex: setUnconditionally 0 -> -1
2019-09-25 12:10:10,374 [pool-37-thread-1] INFO  server.RaftServerConfigKeys (ConfUtils.java:logGet(43)) - raft.server.snapshot.auto.trigger.enabled = true (custom)
2019-09-25 12:10:10,374 [pool-37-thread-1] INFO  server.RaftServerConfigKeys (ConfUtils.java:logGet(43)) - raft.server.snapshot.auto.trigger.threshold = 10000 (custom)
2019-09-25 12:10:10,374 [pool-37-thread-1] INFO  server.RaftServerConfigKeys (ConfUtils.java:logGet(43)) - raft.server.snapshot.retention.num.files = 5 (custom)
2019-09-25 12:10:10,374 [pool-37-thread-1] INFO  server.RaftServerConfigKeys (ConfUtils.java:logGet(43)) - raft.server.retrycache.expirytime = 600000ms (custom)
2019-09-25 12:10:10,378 [pool-37-thread-1] INFO  impl.RaftServerImpl (RaftServerImpl.java:start(185)) - 98c6e6f4-875d-42de-b8a9-30ed89dcc8e7@group-65D45AF87216: start as a follower, conf=-1: [98c6e6f4-875d-42de-b8a9-30ed89dcc8e7:192.168.151.73:46765], old=null
2019-09-25 12:10:10,378 [pool-37-thread-1] INFO  impl.RaftServerImpl (RaftServerImpl.java:setRole(174)) - 98c6e6f4-875d-42de-b8a9-30ed89dcc8e7@group-65D45AF87216: changes role from      null to FOLLOWER at term 0 for startAsFollower
2019-09-25 12:10:10,378 [pool-37-thread-1] INFO  impl.RoleInfo (RoleInfo.java:updateAndGet(143)) - 98c6e6f4-875d-42de-b8a9-30ed89dcc8e7: start FollowerState
2019-09-25 12:10:10,379 [pool-37-thread-1] INFO  util.JmxRegister (JmxRegister.java:tryRegister(44)) - Successfully registered JMX Bean with object name Ratis:service=RaftServer,group=group-65D45AF87216,id=98c6e6f4-875d-42de-b8a9-30ed89dcc8e7
2019-09-25 12:10:10,386 [RatisPipelineUtilsThread] INFO  pipeline.PipelineStateManager (PipelineStateManager.java:addPipeline(56)) - Created pipeline Pipeline[ Id: 3670979b-c936-4be3-9837-65d45af87216, Nodes: 98c6e6f4-875d-42de-b8a9-30ed89dcc8e7{ip: 192.168.151.73, host: pr-hdds-1569-shd4m-3693607622, networkLocation: /default-rack, certSerialId: null}, Type:RATIS, Factor:ONE, State:OPEN]
2019-09-25 12:10:10,386 [RatisPipelineUtilsThread] INFO  pipeline.PipelinePlacementPolicy (PipelinePlacementPolicy.java:meetCriteria(91)) - Pipeline Placement: can't place more pipeline on heavy datanode： 98c6e6f4-875d-42de-b8a9-30ed89dcc8e7 Heaviness: 6 limit: 5
2019-09-25 12:10:10,398 [grpc-default-executor-0] INFO  impl.RaftServerProxy (RaftServerProxy.java:addNew(89)) - 75407fdb-c05d-4d79-b869-4dab60013158: addNew group-D98DA61125A0:[75407fdb-c05d-4d79-b869-4dab60013158:192.168.151.73:41746] returns group-D98DA61125A0:java.util.concurrent.CompletableFuture@6ec38080[Not completed]
2019-09-25 12:10:10,399 [pool-27-thread-1] INFO  impl.RaftServerImpl (RaftServerImpl.java:<init>(95)) - 75407fdb-c05d-4d79-b869-4dab60013158: new RaftServerImpl for group-D98DA61125A0:[75407fdb-c05d-4d79-b869-4dab60013158:192.168.151.73:41746] with ContainerStateMachine:uninitialized
2019-09-25 12:10:10,400 [pool-27-thread-1] INFO  server.RaftServerConfigKeys (ConfUtils.java:logGet(43)) - raft.server.rpc.timeout.min = 5s (custom)
2019-09-25 12:10:10,400 [pool-27-thread-1] INFO  server.RaftServerConfigKeys (ConfUtils.java:logGet(43)) - raft.server.rpc.timeout.max = 5200ms (custom)
2019-09-25 12:10:10,400 [pool-27-thread-1] INFO  server.RaftServerConfigKeys (ConfUtils.java:logGet(43)) - raft.server.rpcslowness.timeout = 120s (custom)
2019-09-25 12:10:10,400 [pool-27-thread-1] INFO  server.RaftServerConfigKeys (ConfUtils.java:logGet(43)) - raft.server.sleep.deviation.threshold = 300 (default)
2019-09-25 12:10:10,400 [pool-27-thread-1] INFO  server.RaftServerConfigKeys (ConfUtils.java:logGet(43)) - raft.server.log.appender.install.snapshot.enabled = false (custom)
2019-09-25 12:10:10,400 [pool-27-thread-1] INFO  impl.RaftServerImpl (ServerState.java:<init>(103)) - 75407fdb-c05d-4d79-b869-4dab60013158@group-D98DA61125A0: ConfigurationManager, init=-1: [75407fdb-c05d-4d79-b869-4dab60013158:192.168.151.73:41746], old=null, confs=<EMPTY_MAP>
2019-09-25 12:10:10,401 [pool-27-thread-1] INFO  server.RaftServerConfigKeys (ConfUtils.java:logGet(43)) - raft.server.storage.dir = [/workdir/hadoop-ozone/integration-test/target/test-dir/MiniOzoneClusterImpl-b6380e3c-fb04-4178-98e9-eb7b36240636/datanode-0/data/ratis] (custom)
2019-09-25 12:10:10,401 [pool-27-thread-1] INFO  storage.RaftStorageDirectory (RaftStorageDirectory.java:analyzeStorage(246)) - The storage directory /workdir/hadoop-ozone/integration-test/target/test-dir/MiniOzoneClusterImpl-b6380e3c-fb04-4178-98e9-eb7b36240636/datanode-0/data/ratis/aab6be94-4891-4529-bafc-d98da61125a0 does not exist. Creating ...
2019-09-25 12:10:10,408 [pool-27-thread-1] INFO  storage.RaftStorageDirectory (RaftStorageDirectory.java:tryLock(328)) - Lock on /workdir/hadoop-ozone/integration-test/target/test-dir/MiniOzoneClusterImpl-b6380e3c-fb04-4178-98e9-eb7b36240636/datanode-0/data/ratis/aab6be94-4891-4529-bafc-d98da61125a0/in_use.lock acquired by nodename 9481@pr-hdds-1569-shd4m-3693607622
2019-09-25 12:10:10,427 [Thread-238] INFO  container.ReplicationManager (ReplicationManager.java:start(163)) - Starting Replication Monitor Thread.
2019-09-25 12:10:10,429 [ReplicationMonitor] INFO  container.ReplicationManager (ReplicationManager.java:run(226)) - Replication Monitor Thread took 1 milliseconds for processing 0 containers.
2019-09-25 12:10:10,434 [pool-27-thread-1] INFO  storage.RaftStorage (RaftStorage.java:format(72)) - Storage directory /workdir/hadoop-ozone/integration-test/target/test-dir/MiniOzoneClusterImpl-b6380e3c-fb04-4178-98e9-eb7b36240636/datanode-0/data/ratis/aab6be94-4891-4529-bafc-d98da61125a0 has been successfully formatted.
2019-09-25 12:10:10,434 [pool-27-thread-1] INFO  ratis.ContainerStateMachine (ContainerStateMachine.java:loadSnapshot(230)) - group-D98DA61125A0: The snapshot info is null. Setting the last applied indexto:(t:0, i:~)
2019-09-25 12:10:10,434 [pool-27-thread-1] INFO  server.RaftServerConfigKeys (ConfUtils.java:logGet(43)) - raft.server.notification.no-leader.timeout = 120s (custom)
2019-09-25 12:10:10,434 [pool-27-thread-1] INFO  server.RaftServerConfigKeys (ConfUtils.java:logGet(43)) - raft.server.log.use.memory = false (default)
2019-09-25 12:10:10,435 [pool-27-thread-1] INFO  server.RaftServerConfigKeys (ConfUtils.java:logGet(43)) - raft.server.log.purge.gap = 1000000 (custom)
2019-09-25 12:10:10,435 [pool-27-thread-1] INFO  server.RaftServerConfigKeys (ConfUtils.java:logGet(43)) - raft.server.log.appender.buffer.byte-limit = 33554432 (custom)
2019-09-25 12:10:10,435 [pool-27-thread-1] INFO  server.RaftServerConfigKeys (ConfUtils.java:logGet(43)) - raft.server.log.segment.size.max = 1048576 (custom)
2019-09-25 12:10:10,435 [pool-27-thread-1] INFO  server.RaftServerConfigKeys (ConfUtils.java:logGet(43)) - raft.server.log.segment.cache.num.max = 2 (custom)
2019-09-25 12:10:10,435 [pool-27-thread-1] INFO  segmented.SegmentedRaftLogWorker (SegmentedRaftLogWorker.java:<init>(172)) - new 75407fdb-c05d-4d79-b869-4dab60013158@group-D98DA61125A0-SegmentedRaftLogWorker for RaftStorage:Storage Directory /workdir/hadoop-ozone/integration-test/target/test-dir/MiniOzoneClusterImpl-b6380e3c-fb04-4178-98e9-eb7b36240636/datanode-0/data/ratis/aab6be94-4891-4529-bafc-d98da61125a0
2019-09-25 12:10:10,436 [pool-27-thread-1] INFO  server.RaftServerConfigKeys (ConfUtils.java:logGet(43)) - raft.server.log.queue.byte-limit = 2147483647 (custom)
2019-09-25 12:10:10,436 [pool-27-thread-1] INFO  server.RaftServerConfigKeys (ConfUtils.java:logGet(43)) - raft.server.log.queue.element-limit = 1024 (custom)
2019-09-25 12:10:10,436 [pool-27-thread-1] INFO  server.RaftServerConfigKeys (ConfUtils.java:logGet(43)) - raft.server.log.segment.size.max = 1048576 (custom)
2019-09-25 12:10:10,436 [pool-27-thread-1] INFO  server.RaftServerConfigKeys (ConfUtils.java:logGet(43)) - raft.server.log.preallocated.size = 16384 (custom)
2019-09-25 12:10:10,436 [pool-27-thread-1] INFO  server.RaftServerConfigKeys (ConfUtils.java:logGet(43)) - raft.server.log.write.buffer.size = 33554432 (custom)
2019-09-25 12:10:10,437 [pool-27-thread-1] INFO  server.RaftServerConfigKeys (ConfUtils.java:logGet(43)) - raft.server.log.force.sync.num = 128 (default)
2019-09-25 12:10:10,439 [pool-27-thread-1] INFO  server.RaftServerConfigKeys (ConfUtils.java:logGet(43)) - raft.server.log.statemachine.data.sync = true (default)
2019-09-25 12:10:10,439 [pool-27-thread-1] INFO  server.RaftServerConfigKeys (ConfUtils.java:logGet(43)) - raft.server.log.statemachine.data.sync.timeout = 10s (default)
2019-09-25 12:10:10,439 [pool-27-thread-1] INFO  server.RaftServerConfigKeys (ConfUtils.java:logGet(43)) - raft.server.log.statemachine.data.sync.timeout.retry = -1 (default)
2019-09-25 12:10:10,440 [pool-27-thread-1] INFO  server.RaftServerConfigKeys (ConfUtils.java:logGet(43)) - raft.server.log.statemachine.data.caching.enabled = true (custom)
2019-09-25 12:10:10,440 [pool-27-thread-1] INFO  segmented.SegmentedRaftLogWorker (SegmentedRaftLogWorker.java:lambda$new$0(132)) - 75407fdb-c05d-4d79-b869-4dab60013158@group-D98DA61125A0-SegmentedRaftLogWorker: flushIndex: setUnconditionally 0 -> -1
2019-09-25 12:10:10,441 [pool-27-thread-1] INFO  server.RaftServerConfigKeys (ConfUtils.java:logGet(43)) - raft.server.snapshot.auto.trigger.enabled = true (custom)
2019-09-25 12:10:10,441 [pool-27-thread-1] INFO  server.RaftServerConfigKeys (ConfUtils.java:logGet(43)) - raft.server.snapshot.auto.trigger.threshold = 10000 (custom)
2019-09-25 12:10:10,441 [pool-27-thread-1] INFO  server.RaftServerConfigKeys (ConfUtils.java:logGet(43)) - raft.server.snapshot.retention.num.files = 5 (custom)
2019-09-25 12:10:10,441 [pool-27-thread-1] INFO  server.RaftServerConfigKeys (ConfUtils.java:logGet(43)) - raft.server.retrycache.expirytime = 600000ms (custom)
2019-09-25 12:10:10,444 [pool-27-thread-1] INFO  impl.RaftServerImpl (RaftServerImpl.java:start(185)) - 75407fdb-c05d-4d79-b869-4dab60013158@group-D98DA61125A0: start as a follower, conf=-1: [75407fdb-c05d-4d79-b869-4dab60013158:192.168.151.73:41746], old=null
2019-09-25 12:10:10,445 [pool-27-thread-1] INFO  impl.RaftServerImpl (RaftServerImpl.java:setRole(174)) - 75407fdb-c05d-4d79-b869-4dab60013158@group-D98DA61125A0: changes role from      null to FOLLOWER at term 0 for startAsFollower
2019-09-25 12:10:10,445 [pool-27-thread-1] INFO  impl.RoleInfo (RoleInfo.java:updateAndGet(143)) - 75407fdb-c05d-4d79-b869-4dab60013158: start FollowerState
2019-09-25 12:10:10,445 [pool-27-thread-1] INFO  util.JmxRegister (JmxRegister.java:tryRegister(44)) - Successfully registered JMX Bean with object name Ratis:service=RaftServer,group=group-D98DA61125A0,id=75407fdb-c05d-4d79-b869-4dab60013158
2019-09-25 12:10:10,451 [RatisPipelineUtilsThread] INFO  pipeline.PipelineStateManager (PipelineStateManager.java:addPipeline(56)) - Created pipeline Pipeline[ Id: aab6be94-4891-4529-bafc-d98da61125a0, Nodes: 75407fdb-c05d-4d79-b869-4dab60013158{ip: 192.168.151.73, host: pr-hdds-1569-shd4m-3693607622, networkLocation: /default-rack, certSerialId: null}, Type:RATIS, Factor:ONE, State:OPEN]
2019-09-25 12:10:10,452 [RatisPipelineUtilsThread] INFO  pipeline.PipelinePlacementPolicy (PipelinePlacementPolicy.java:meetCriteria(91)) - Pipeline Placement: can't place more pipeline on heavy datanode： 98c6e6f4-875d-42de-b8a9-30ed89dcc8e7 Heaviness: 6 limit: 5
2019-09-25 12:10:10,464 [grpc-default-executor-0] INFO  impl.RaftServerProxy (RaftServerProxy.java:addNew(89)) - 75407fdb-c05d-4d79-b869-4dab60013158: addNew group-D3C1CE2D9D7F:[75407fdb-c05d-4d79-b869-4dab60013158:192.168.151.73:41746] returns group-D3C1CE2D9D7F:java.util.concurrent.CompletableFuture@1163985b[Not completed]
2019-09-25 12:10:10,465 [pool-27-thread-1] INFO  impl.RaftServerImpl (RaftServerImpl.java:<init>(95)) - 75407fdb-c05d-4d79-b869-4dab60013158: new RaftServerImpl for group-D3C1CE2D9D7F:[75407fdb-c05d-4d79-b869-4dab60013158:192.168.151.73:41746] with ContainerStateMachine:uninitialized
2019-09-25 12:10:10,465 [pool-27-thread-1] INFO  server.RaftServerConfigKeys (ConfUtils.java:logGet(43)) - raft.server.rpc.timeout.min = 5s (custom)
2019-09-25 12:10:10,466 [pool-27-thread-1] INFO  server.RaftServerConfigKeys (ConfUtils.java:logGet(43)) - raft.server.rpc.timeout.max = 5200ms (custom)
2019-09-25 12:10:10,466 [pool-27-thread-1] INFO  server.RaftServerConfigKeys (ConfUtils.java:logGet(43)) - raft.server.rpcslowness.timeout = 120s (custom)
2019-09-25 12:10:10,466 [pool-27-thread-1] INFO  server.RaftServerConfigKeys (ConfUtils.java:logGet(43)) - raft.server.sleep.deviation.threshold = 300 (default)
2019-09-25 12:10:10,466 [pool-27-thread-1] INFO  server.RaftServerConfigKeys (ConfUtils.java:logGet(43)) - raft.server.log.appender.install.snapshot.enabled = false (custom)
2019-09-25 12:10:10,466 [pool-27-thread-1] INFO  impl.RaftServerImpl (ServerState.java:<init>(103)) - 75407fdb-c05d-4d79-b869-4dab60013158@group-D3C1CE2D9D7F: ConfigurationManager, init=-1: [75407fdb-c05d-4d79-b869-4dab60013158:192.168.151.73:41746], old=null, confs=<EMPTY_MAP>
2019-09-25 12:10:10,466 [pool-27-thread-1] INFO  server.RaftServerConfigKeys (ConfUtils.java:logGet(43)) - raft.server.storage.dir = [/workdir/hadoop-ozone/integration-test/target/test-dir/MiniOzoneClusterImpl-b6380e3c-fb04-4178-98e9-eb7b36240636/datanode-0/data/ratis] (custom)
2019-09-25 12:10:10,467 [pool-27-thread-1] INFO  storage.RaftStorageDirectory (RaftStorageDirectory.java:analyzeStorage(246)) - The storage directory /workdir/hadoop-ozone/integration-test/target/test-dir/MiniOzoneClusterImpl-b6380e3c-fb04-4178-98e9-eb7b36240636/datanode-0/data/ratis/9e39579c-6ff5-4614-99eb-d3c1ce2d9d7f does not exist. Creating ...
2019-09-25 12:10:10,480 [pool-27-thread-1] INFO  storage.RaftStorageDirectory (RaftStorageDirectory.java:tryLock(328)) - Lock on /workdir/hadoop-ozone/integration-test/target/test-dir/MiniOzoneClusterImpl-b6380e3c-fb04-4178-98e9-eb7b36240636/datanode-0/data/ratis/9e39579c-6ff5-4614-99eb-d3c1ce2d9d7f/in_use.lock acquired by nodename 9481@pr-hdds-1569-shd4m-3693607622
2019-09-25 12:10:10,540 [pool-27-thread-1] INFO  storage.RaftStorage (RaftStorage.java:format(72)) - Storage directory /workdir/hadoop-ozone/integration-test/target/test-dir/MiniOzoneClusterImpl-b6380e3c-fb04-4178-98e9-eb7b36240636/datanode-0/data/ratis/9e39579c-6ff5-4614-99eb-d3c1ce2d9d7f has been successfully formatted.
2019-09-25 12:10:10,544 [pool-27-thread-1] INFO  ratis.ContainerStateMachine (ContainerStateMachine.java:loadSnapshot(230)) - group-D3C1CE2D9D7F: The snapshot info is null. Setting the last applied indexto:(t:0, i:~)
2019-09-25 12:10:10,544 [pool-27-thread-1] INFO  server.RaftServerConfigKeys (ConfUtils.java:logGet(43)) - raft.server.notification.no-leader.timeout = 120s (custom)
2019-09-25 12:10:10,545 [pool-27-thread-1] INFO  server.RaftServerConfigKeys (ConfUtils.java:logGet(43)) - raft.server.log.use.memory = false (default)
2019-09-25 12:10:10,545 [pool-27-thread-1] INFO  server.RaftServerConfigKeys (ConfUtils.java:logGet(43)) - raft.server.log.purge.gap = 1000000 (custom)
2019-09-25 12:10:10,549 [pool-27-thread-1] INFO  server.RaftServerConfigKeys (ConfUtils.java:logGet(43)) - raft.server.log.appender.buffer.byte-limit = 33554432 (custom)
2019-09-25 12:10:10,560 [pool-27-thread-1] INFO  server.RaftServerConfigKeys (ConfUtils.java:logGet(43)) - raft.server.log.segment.size.max = 1048576 (custom)
2019-09-25 12:10:10,560 [pool-27-thread-1] INFO  server.RaftServerConfigKeys (ConfUtils.java:logGet(43)) - raft.server.log.segment.cache.num.max = 2 (custom)
2019-09-25 12:10:10,560 [pool-27-thread-1] INFO  segmented.SegmentedRaftLogWorker (SegmentedRaftLogWorker.java:<init>(172)) - new 75407fdb-c05d-4d79-b869-4dab60013158@group-D3C1CE2D9D7F-SegmentedRaftLogWorker for RaftStorage:Storage Directory /workdir/hadoop-ozone/integration-test/target/test-dir/MiniOzoneClusterImpl-b6380e3c-fb04-4178-98e9-eb7b36240636/datanode-0/data/ratis/9e39579c-6ff5-4614-99eb-d3c1ce2d9d7f
2019-09-25 12:10:10,561 [pool-27-thread-1] INFO  server.RaftServerConfigKeys (ConfUtils.java:logGet(43)) - raft.server.log.queue.byte-limit = 2147483647 (custom)
2019-09-25 12:10:10,561 [pool-27-thread-1] INFO  server.RaftServerConfigKeys (ConfUtils.java:logGet(43)) - raft.server.log.queue.element-limit = 1024 (custom)
2019-09-25 12:10:10,561 [pool-27-thread-1] INFO  server.RaftServerConfigKeys (ConfUtils.java:logGet(43)) - raft.server.log.segment.size.max = 1048576 (custom)
2019-09-25 12:10:10,561 [pool-27-thread-1] INFO  server.RaftServerConfigKeys (ConfUtils.java:logGet(43)) - raft.server.log.preallocated.size = 16384 (custom)
2019-09-25 12:10:10,561 [pool-27-thread-1] INFO  server.RaftServerConfigKeys (ConfUtils.java:logGet(43)) - raft.server.log.write.buffer.size = 33554432 (custom)
2019-09-25 12:10:10,561 [pool-27-thread-1] INFO  server.RaftServerConfigKeys (ConfUtils.java:logGet(43)) - raft.server.log.force.sync.num = 128 (default)
2019-09-25 12:10:10,562 [pool-27-thread-1] INFO  server.RaftServerConfigKeys (ConfUtils.java:logGet(43)) - raft.server.log.statemachine.data.sync = true (default)
2019-09-25 12:10:10,562 [pool-27-thread-1] INFO  server.RaftServerConfigKeys (ConfUtils.java:logGet(43)) - raft.server.log.statemachine.data.sync.timeout = 10s (default)
2019-09-25 12:10:10,562 [pool-27-thread-1] INFO  server.RaftServerConfigKeys (ConfUtils.java:logGet(43)) - raft.server.log.statemachine.data.sync.timeout.retry = -1 (default)
2019-09-25 12:10:10,577 [pool-27-thread-1] INFO  server.RaftServerConfigKeys (ConfUtils.java:logGet(43)) - raft.server.log.statemachine.data.caching.enabled = true (custom)
2019-09-25 12:10:10,578 [pool-27-thread-1] INFO  segmented.SegmentedRaftLogWorker (SegmentedRaftLogWorker.java:lambda$new$0(132)) - 75407fdb-c05d-4d79-b869-4dab60013158@group-D3C1CE2D9D7F-SegmentedRaftLogWorker: flushIndex: setUnconditionally 0 -> -1
2019-09-25 12:10:10,580 [pool-27-thread-1] INFO  server.RaftServerConfigKeys (ConfUtils.java:logGet(43)) - raft.server.snapshot.auto.trigger.enabled = true (custom)
2019-09-25 12:10:10,580 [pool-27-thread-1] INFO  server.RaftServerConfigKeys (ConfUtils.java:logGet(43)) - raft.server.snapshot.auto.trigger.threshold = 10000 (custom)
2019-09-25 12:10:10,580 [pool-27-thread-1] INFO  server.RaftServerConfigKeys (ConfUtils.java:logGet(43)) - raft.server.snapshot.retention.num.files = 5 (custom)
2019-09-25 12:10:10,581 [pool-27-thread-1] INFO  server.RaftServerConfigKeys (ConfUtils.java:logGet(43)) - raft.server.retrycache.expirytime = 600000ms (custom)
2019-09-25 12:10:10,758 [pool-27-thread-1] INFO  impl.RaftServerImpl (RaftServerImpl.java:start(185)) - 75407fdb-c05d-4d79-b869-4dab60013158@group-D3C1CE2D9D7F: start as a follower, conf=-1: [75407fdb-c05d-4d79-b869-4dab60013158:192.168.151.73:41746], old=null
2019-09-25 12:10:10,758 [pool-27-thread-1] INFO  impl.RaftServerImpl (RaftServerImpl.java:setRole(174)) - 75407fdb-c05d-4d79-b869-4dab60013158@group-D3C1CE2D9D7F: changes role from      null to FOLLOWER at term 0 for startAsFollower
2019-09-25 12:10:10,759 [pool-27-thread-1] INFO  impl.RoleInfo (RoleInfo.java:updateAndGet(143)) - 75407fdb-c05d-4d79-b869-4dab60013158: start FollowerState
2019-09-25 12:10:10,759 [pool-27-thread-1] INFO  util.JmxRegister (JmxRegister.java:tryRegister(44)) - Successfully registered JMX Bean with object name Ratis:service=RaftServer,group=group-D3C1CE2D9D7F,id=75407fdb-c05d-4d79-b869-4dab60013158
2019-09-25 12:10:10,764 [RatisPipelineUtilsThread] INFO  pipeline.PipelineStateManager (PipelineStateManager.java:addPipeline(56)) - Created pipeline Pipeline[ Id: 9e39579c-6ff5-4614-99eb-d3c1ce2d9d7f, Nodes: 75407fdb-c05d-4d79-b869-4dab60013158{ip: 192.168.151.73, host: pr-hdds-1569-shd4m-3693607622, networkLocation: /default-rack, certSerialId: null}, Type:RATIS, Factor:ONE, State:OPEN]
2019-09-25 12:10:10,764 [RatisPipelineUtilsThread] INFO  pipeline.PipelinePlacementPolicy (PipelinePlacementPolicy.java:meetCriteria(91)) - Pipeline Placement: can't place more pipeline on heavy datanode： 98c6e6f4-875d-42de-b8a9-30ed89dcc8e7 Heaviness: 6 limit: 5
2019-09-25 12:10:10,775 [grpc-default-executor-0] INFO  impl.RaftServerProxy (RaftServerProxy.java:addNew(89)) - 60ced751-3023-4654-af5b-403edbc93820: addNew group-C2D771BB6FFD:[60ced751-3023-4654-af5b-403edbc93820:192.168.151.73:39742] returns group-C2D771BB6FFD:java.util.concurrent.CompletableFuture@7295906d[Not completed]
2019-09-25 12:10:10,776 [pool-47-thread-1] INFO  impl.RaftServerImpl (RaftServerImpl.java:<init>(95)) - 60ced751-3023-4654-af5b-403edbc93820: new RaftServerImpl for group-C2D771BB6FFD:[60ced751-3023-4654-af5b-403edbc93820:192.168.151.73:39742] with ContainerStateMachine:uninitialized
2019-09-25 12:10:10,776 [pool-47-thread-1] INFO  server.RaftServerConfigKeys (ConfUtils.java:logGet(43)) - raft.server.rpc.timeout.min = 5s (custom)
2019-09-25 12:10:10,777 [pool-47-thread-1] INFO  server.RaftServerConfigKeys (ConfUtils.java:logGet(43)) - raft.server.rpc.timeout.max = 5200ms (custom)
2019-09-25 12:10:10,777 [pool-47-thread-1] INFO  server.RaftServerConfigKeys (ConfUtils.java:logGet(43)) - raft.server.rpcslowness.timeout = 120s (custom)
2019-09-25 12:10:10,777 [pool-47-thread-1] INFO  server.RaftServerConfigKeys (ConfUtils.java:logGet(43)) - raft.server.sleep.deviation.threshold = 300 (default)
2019-09-25 12:10:10,777 [pool-47-thread-1] INFO  server.RaftServerConfigKeys (ConfUtils.java:logGet(43)) - raft.server.log.appender.install.snapshot.enabled = false (custom)
2019-09-25 12:10:10,777 [pool-47-thread-1] INFO  impl.RaftServerImpl (ServerState.java:<init>(103)) - 60ced751-3023-4654-af5b-403edbc93820@group-C2D771BB6FFD: ConfigurationManager, init=-1: [60ced751-3023-4654-af5b-403edbc93820:192.168.151.73:39742], old=null, confs=<EMPTY_MAP>
2019-09-25 12:10:10,778 [pool-47-thread-1] INFO  server.RaftServerConfigKeys (ConfUtils.java:logGet(43)) - raft.server.storage.dir = [/workdir/hadoop-ozone/integration-test/target/test-dir/MiniOzoneClusterImpl-b6380e3c-fb04-4178-98e9-eb7b36240636/datanode-2/data/ratis] (custom)
2019-09-25 12:10:10,778 [pool-47-thread-1] INFO  storage.RaftStorageDirectory (RaftStorageDirectory.java:analyzeStorage(246)) - The storage directory /workdir/hadoop-ozone/integration-test/target/test-dir/MiniOzoneClusterImpl-b6380e3c-fb04-4178-98e9-eb7b36240636/datanode-2/data/ratis/fbec5fa0-fe45-48d4-8ea2-c2d771bb6ffd does not exist. Creating ...
2019-09-25 12:10:10,801 [pool-47-thread-1] INFO  storage.RaftStorageDirectory (RaftStorageDirectory.java:tryLock(328)) - Lock on /workdir/hadoop-ozone/integration-test/target/test-dir/MiniOzoneClusterImpl-b6380e3c-fb04-4178-98e9-eb7b36240636/datanode-2/data/ratis/fbec5fa0-fe45-48d4-8ea2-c2d771bb6ffd/in_use.lock acquired by nodename 9481@pr-hdds-1569-shd4m-3693607622
2019-09-25 12:10:10,816 [pool-47-thread-1] INFO  storage.RaftStorage (RaftStorage.java:format(72)) - Storage directory /workdir/hadoop-ozone/integration-test/target/test-dir/MiniOzoneClusterImpl-b6380e3c-fb04-4178-98e9-eb7b36240636/datanode-2/data/ratis/fbec5fa0-fe45-48d4-8ea2-c2d771bb6ffd has been successfully formatted.
2019-09-25 12:10:10,816 [pool-47-thread-1] INFO  ratis.ContainerStateMachine (ContainerStateMachine.java:loadSnapshot(230)) - group-C2D771BB6FFD: The snapshot info is null. Setting the last applied indexto:(t:0, i:~)
2019-09-25 12:10:10,816 [pool-47-thread-1] INFO  server.RaftServerConfigKeys (ConfUtils.java:logGet(43)) - raft.server.notification.no-leader.timeout = 120s (custom)
2019-09-25 12:10:10,816 [pool-47-thread-1] INFO  server.RaftServerConfigKeys (ConfUtils.java:logGet(43)) - raft.server.log.use.memory = false (default)
2019-09-25 12:10:10,817 [pool-47-thread-1] INFO  server.RaftServerConfigKeys (ConfUtils.java:logGet(43)) - raft.server.log.purge.gap = 1000000 (custom)
2019-09-25 12:10:10,817 [pool-47-thread-1] INFO  server.RaftServerConfigKeys (ConfUtils.java:logGet(43)) - raft.server.log.appender.buffer.byte-limit = 33554432 (custom)
2019-09-25 12:10:10,817 [pool-47-thread-1] INFO  server.RaftServerConfigKeys (ConfUtils.java:logGet(43)) - raft.server.log.segment.size.max = 1048576 (custom)
2019-09-25 12:10:10,817 [pool-47-thread-1] INFO  server.RaftServerConfigKeys (ConfUtils.java:logGet(43)) - raft.server.log.segment.cache.num.max = 2 (custom)
2019-09-25 12:10:10,817 [pool-47-thread-1] INFO  segmented.SegmentedRaftLogWorker (SegmentedRaftLogWorker.java:<init>(172)) - new 60ced751-3023-4654-af5b-403edbc93820@group-C2D771BB6FFD-SegmentedRaftLogWorker for RaftStorage:Storage Directory /workdir/hadoop-ozone/integration-test/target/test-dir/MiniOzoneClusterImpl-b6380e3c-fb04-4178-98e9-eb7b36240636/datanode-2/data/ratis/fbec5fa0-fe45-48d4-8ea2-c2d771bb6ffd
2019-09-25 12:10:10,817 [pool-47-thread-1] INFO  server.RaftServerConfigKeys (ConfUtils.java:logGet(43)) - raft.server.log.queue.byte-limit = 2147483647 (custom)
2019-09-25 12:10:10,817 [pool-47-thread-1] INFO  server.RaftServerConfigKeys (ConfUtils.java:logGet(43)) - raft.server.log.queue.element-limit = 1024 (custom)
2019-09-25 12:10:10,818 [pool-47-thread-1] INFO  server.RaftServerConfigKeys (ConfUtils.java:logGet(43)) - raft.server.log.segment.size.max = 1048576 (custom)
2019-09-25 12:10:10,818 [pool-47-thread-1] INFO  server.RaftServerConfigKeys (ConfUtils.java:logGet(43)) - raft.server.log.preallocated.size = 16384 (custom)
2019-09-25 12:10:10,818 [pool-47-thread-1] INFO  server.RaftServerConfigKeys (ConfUtils.java:logGet(43)) - raft.server.log.write.buffer.size = 33554432 (custom)
2019-09-25 12:10:10,818 [pool-47-thread-1] INFO  server.RaftServerConfigKeys (ConfUtils.java:logGet(43)) - raft.server.log.force.sync.num = 128 (default)
2019-09-25 12:10:10,818 [pool-47-thread-1] INFO  server.RaftServerConfigKeys (ConfUtils.java:logGet(43)) - raft.server.log.statemachine.data.sync = true (default)
2019-09-25 12:10:10,818 [pool-47-thread-1] INFO  server.RaftServerConfigKeys (ConfUtils.java:logGet(43)) - raft.server.log.statemachine.data.sync.timeout = 10s (default)
2019-09-25 12:10:10,818 [pool-47-thread-1] INFO  server.RaftServerConfigKeys (ConfUtils.java:logGet(43)) - raft.server.log.statemachine.data.sync.timeout.retry = -1 (default)
2019-09-25 12:10:10,819 [pool-47-thread-1] INFO  server.RaftServerConfigKeys (ConfUtils.java:logGet(43)) - raft.server.log.statemachine.data.caching.enabled = true (custom)
2019-09-25 12:10:10,819 [pool-47-thread-1] INFO  segmented.SegmentedRaftLogWorker (SegmentedRaftLogWorker.java:lambda$new$0(132)) - 60ced751-3023-4654-af5b-403edbc93820@group-C2D771BB6FFD-SegmentedRaftLogWorker: flushIndex: setUnconditionally 0 -> -1
2019-09-25 12:10:10,819 [pool-47-thread-1] INFO  server.RaftServerConfigKeys (ConfUtils.java:logGet(43)) - raft.server.snapshot.auto.trigger.enabled = true (custom)
2019-09-25 12:10:10,819 [pool-47-thread-1] INFO  server.RaftServerConfigKeys (ConfUtils.java:logGet(43)) - raft.server.snapshot.auto.trigger.threshold = 10000 (custom)
2019-09-25 12:10:10,819 [pool-47-thread-1] INFO  server.RaftServerConfigKeys (ConfUtils.java:logGet(43)) - raft.server.snapshot.retention.num.files = 5 (custom)
2019-09-25 12:10:10,820 [pool-47-thread-1] INFO  server.RaftServerConfigKeys (ConfUtils.java:logGet(43)) - raft.server.retrycache.expirytime = 600000ms (custom)
2019-09-25 12:10:10,822 [pool-47-thread-1] INFO  impl.RaftServerImpl (RaftServerImpl.java:start(185)) - 60ced751-3023-4654-af5b-403edbc93820@group-C2D771BB6FFD: start as a follower, conf=-1: [60ced751-3023-4654-af5b-403edbc93820:192.168.151.73:39742], old=null
2019-09-25 12:10:10,822 [pool-47-thread-1] INFO  impl.RaftServerImpl (RaftServerImpl.java:setRole(174)) - 60ced751-3023-4654-af5b-403edbc93820@group-C2D771BB6FFD: changes role from      null to FOLLOWER at term 0 for startAsFollower
2019-09-25 12:10:10,822 [pool-47-thread-1] INFO  impl.RoleInfo (RoleInfo.java:updateAndGet(143)) - 60ced751-3023-4654-af5b-403edbc93820: start FollowerState
2019-09-25 12:10:10,823 [pool-47-thread-1] INFO  util.JmxRegister (JmxRegister.java:tryRegister(44)) - Successfully registered JMX Bean with object name Ratis:service=RaftServer,group=group-C2D771BB6FFD,id=60ced751-3023-4654-af5b-403edbc93820
2019-09-25 12:10:10,828 [RatisPipelineUtilsThread] INFO  pipeline.PipelineStateManager (PipelineStateManager.java:addPipeline(56)) - Created pipeline Pipeline[ Id: fbec5fa0-fe45-48d4-8ea2-c2d771bb6ffd, Nodes: 60ced751-3023-4654-af5b-403edbc93820{ip: 192.168.151.73, host: pr-hdds-1569-shd4m-3693607622, networkLocation: /default-rack, certSerialId: null}, Type:RATIS, Factor:ONE, State:OPEN]
2019-09-25 12:10:10,829 [RatisPipelineUtilsThread] INFO  pipeline.PipelinePlacementPolicy (PipelinePlacementPolicy.java:meetCriteria(91)) - Pipeline Placement: can't place more pipeline on heavy datanode： 60ced751-3023-4654-af5b-403edbc93820 Heaviness: 6 limit: 5
2019-09-25 12:10:10,829 [RatisPipelineUtilsThread] INFO  pipeline.PipelinePlacementPolicy (PipelinePlacementPolicy.java:meetCriteria(91)) - Pipeline Placement: can't place more pipeline on heavy datanode： 98c6e6f4-875d-42de-b8a9-30ed89dcc8e7 Heaviness: 6 limit: 5
2019-09-25 12:10:10,840 [grpc-default-executor-0] INFO  impl.RaftServerProxy (RaftServerProxy.java:addNew(89)) - efb2beac-26e0-4b3b-9934-2458c1147cfd: addNew group-4C42DD47817B:[efb2beac-26e0-4b3b-9934-2458c1147cfd:192.168.151.73:43064] returns group-4C42DD47817B:java.util.concurrent.CompletableFuture@1bc7686d[Not completed]
2019-09-25 12:10:10,841 [pool-67-thread-1] INFO  impl.RaftServerImpl (RaftServerImpl.java:<init>(95)) - efb2beac-26e0-4b3b-9934-2458c1147cfd: new RaftServerImpl for group-4C42DD47817B:[efb2beac-26e0-4b3b-9934-2458c1147cfd:192.168.151.73:43064] with ContainerStateMachine:uninitialized
2019-09-25 12:10:10,841 [pool-67-thread-1] INFO  server.RaftServerConfigKeys (ConfUtils.java:logGet(43)) - raft.server.rpc.timeout.min = 5s (custom)
2019-09-25 12:10:10,841 [pool-67-thread-1] INFO  server.RaftServerConfigKeys (ConfUtils.java:logGet(43)) - raft.server.rpc.timeout.max = 5200ms (custom)
2019-09-25 12:10:10,842 [pool-67-thread-1] INFO  server.RaftServerConfigKeys (ConfUtils.java:logGet(43)) - raft.server.rpcslowness.timeout = 120s (custom)
2019-09-25 12:10:10,842 [pool-67-thread-1] INFO  server.RaftServerConfigKeys (ConfUtils.java:logGet(43)) - raft.server.sleep.deviation.threshold = 300 (default)
2019-09-25 12:10:10,842 [pool-67-thread-1] INFO  server.RaftServerConfigKeys (ConfUtils.java:logGet(43)) - raft.server.log.appender.install.snapshot.enabled = false (custom)
2019-09-25 12:10:10,842 [pool-67-thread-1] INFO  impl.RaftServerImpl (ServerState.java:<init>(103)) - efb2beac-26e0-4b3b-9934-2458c1147cfd@group-4C42DD47817B: ConfigurationManager, init=-1: [efb2beac-26e0-4b3b-9934-2458c1147cfd:192.168.151.73:43064], old=null, confs=<EMPTY_MAP>
2019-09-25 12:10:10,842 [pool-67-thread-1] INFO  server.RaftServerConfigKeys (ConfUtils.java:logGet(43)) - raft.server.storage.dir = [/workdir/hadoop-ozone/integration-test/target/test-dir/MiniOzoneClusterImpl-b6380e3c-fb04-4178-98e9-eb7b36240636/datanode-4/data/ratis] (custom)
2019-09-25 12:10:10,843 [pool-67-thread-1] INFO  storage.RaftStorageDirectory (RaftStorageDirectory.java:analyzeStorage(246)) - The storage directory /workdir/hadoop-ozone/integration-test/target/test-dir/MiniOzoneClusterImpl-b6380e3c-fb04-4178-98e9-eb7b36240636/datanode-4/data/ratis/ae20a810-44d7-4117-8ce9-4c42dd47817b does not exist. Creating ...
2019-09-25 12:10:10,856 [pool-67-thread-1] INFO  storage.RaftStorageDirectory (RaftStorageDirectory.java:tryLock(328)) - Lock on /workdir/hadoop-ozone/integration-test/target/test-dir/MiniOzoneClusterImpl-b6380e3c-fb04-4178-98e9-eb7b36240636/datanode-4/data/ratis/ae20a810-44d7-4117-8ce9-4c42dd47817b/in_use.lock acquired by nodename 9481@pr-hdds-1569-shd4m-3693607622
2019-09-25 12:10:10,870 [pool-67-thread-1] INFO  storage.RaftStorage (RaftStorage.java:format(72)) - Storage directory /workdir/hadoop-ozone/integration-test/target/test-dir/MiniOzoneClusterImpl-b6380e3c-fb04-4178-98e9-eb7b36240636/datanode-4/data/ratis/ae20a810-44d7-4117-8ce9-4c42dd47817b has been successfully formatted.
2019-09-25 12:10:10,871 [pool-67-thread-1] INFO  ratis.ContainerStateMachine (ContainerStateMachine.java:loadSnapshot(230)) - group-4C42DD47817B: The snapshot info is null. Setting the last applied indexto:(t:0, i:~)
2019-09-25 12:10:10,871 [pool-67-thread-1] INFO  server.RaftServerConfigKeys (ConfUtils.java:logGet(43)) - raft.server.notification.no-leader.timeout = 120s (custom)
2019-09-25 12:10:10,871 [pool-67-thread-1] INFO  server.RaftServerConfigKeys (ConfUtils.java:logGet(43)) - raft.server.log.use.memory = false (default)
2019-09-25 12:10:10,871 [pool-67-thread-1] INFO  server.RaftServerConfigKeys (ConfUtils.java:logGet(43)) - raft.server.log.purge.gap = 1000000 (custom)
2019-09-25 12:10:10,871 [pool-67-thread-1] INFO  server.RaftServerConfigKeys (ConfUtils.java:logGet(43)) - raft.server.log.appender.buffer.byte-limit = 33554432 (custom)
2019-09-25 12:10:10,872 [pool-67-thread-1] INFO  server.RaftServerConfigKeys (ConfUtils.java:logGet(43)) - raft.server.log.segment.size.max = 1048576 (custom)
2019-09-25 12:10:10,872 [pool-67-thread-1] INFO  server.RaftServerConfigKeys (ConfUtils.java:logGet(43)) - raft.server.log.segment.cache.num.max = 2 (custom)
2019-09-25 12:10:10,872 [pool-67-thread-1] INFO  segmented.SegmentedRaftLogWorker (SegmentedRaftLogWorker.java:<init>(172)) - new efb2beac-26e0-4b3b-9934-2458c1147cfd@group-4C42DD47817B-SegmentedRaftLogWorker for RaftStorage:Storage Directory /workdir/hadoop-ozone/integration-test/target/test-dir/MiniOzoneClusterImpl-b6380e3c-fb04-4178-98e9-eb7b36240636/datanode-4/data/ratis/ae20a810-44d7-4117-8ce9-4c42dd47817b
2019-09-25 12:10:10,872 [pool-67-thread-1] INFO  server.RaftServerConfigKeys (ConfUtils.java:logGet(43)) - raft.server.log.queue.byte-limit = 2147483647 (custom)
2019-09-25 12:10:10,872 [pool-67-thread-1] INFO  server.RaftServerConfigKeys (ConfUtils.java:logGet(43)) - raft.server.log.queue.element-limit = 1024 (custom)
2019-09-25 12:10:10,872 [pool-67-thread-1] INFO  server.RaftServerConfigKeys (ConfUtils.java:logGet(43)) - raft.server.log.segment.size.max = 1048576 (custom)
2019-09-25 12:10:10,873 [pool-67-thread-1] INFO  server.RaftServerConfigKeys (ConfUtils.java:logGet(43)) - raft.server.log.preallocated.size = 16384 (custom)
2019-09-25 12:10:10,873 [pool-67-thread-1] INFO  server.RaftServerConfigKeys (ConfUtils.java:logGet(43)) - raft.server.log.write.buffer.size = 33554432 (custom)
2019-09-25 12:10:10,873 [pool-67-thread-1] INFO  server.RaftServerConfigKeys (ConfUtils.java:logGet(43)) - raft.server.log.force.sync.num = 128 (default)
2019-09-25 12:10:10,873 [pool-67-thread-1] INFO  server.RaftServerConfigKeys (ConfUtils.java:logGet(43)) - raft.server.log.statemachine.data.sync = true (default)
2019-09-25 12:10:10,873 [pool-67-thread-1] INFO  server.RaftServerConfigKeys (ConfUtils.java:logGet(43)) - raft.server.log.statemachine.data.sync.timeout = 10s (default)
2019-09-25 12:10:10,873 [pool-67-thread-1] INFO  server.RaftServerConfigKeys (ConfUtils.java:logGet(43)) - raft.server.log.statemachine.data.sync.timeout.retry = -1 (default)
2019-09-25 12:10:10,874 [pool-67-thread-1] INFO  server.RaftServerConfigKeys (ConfUtils.java:logGet(43)) - raft.server.log.statemachine.data.caching.enabled = true (custom)
2019-09-25 12:10:10,874 [pool-67-thread-1] INFO  segmented.SegmentedRaftLogWorker (SegmentedRaftLogWorker.java:lambda$new$0(132)) - efb2beac-26e0-4b3b-9934-2458c1147cfd@group-4C42DD47817B-SegmentedRaftLogWorker: flushIndex: setUnconditionally 0 -> -1
2019-09-25 12:10:10,874 [pool-67-thread-1] INFO  server.RaftServerConfigKeys (ConfUtils.java:logGet(43)) - raft.server.snapshot.auto.trigger.enabled = true (custom)
2019-09-25 12:10:10,875 [pool-67-thread-1] INFO  server.RaftServerConfigKeys (ConfUtils.java:logGet(43)) - raft.server.snapshot.auto.trigger.threshold = 10000 (custom)
2019-09-25 12:10:10,875 [pool-67-thread-1] INFO  server.RaftServerConfigKeys (ConfUtils.java:logGet(43)) - raft.server.snapshot.retention.num.files = 5 (custom)
2019-09-25 12:10:10,875 [pool-67-thread-1] INFO  server.RaftServerConfigKeys (ConfUtils.java:logGet(43)) - raft.server.retrycache.expirytime = 600000ms (custom)
2019-09-25 12:10:10,878 [pool-67-thread-1] INFO  impl.RaftServerImpl (RaftServerImpl.java:start(185)) - efb2beac-26e0-4b3b-9934-2458c1147cfd@group-4C42DD47817B: start as a follower, conf=-1: [efb2beac-26e0-4b3b-9934-2458c1147cfd:192.168.151.73:43064], old=null
2019-09-25 12:10:10,878 [pool-67-thread-1] INFO  impl.RaftServerImpl (RaftServerImpl.java:setRole(174)) - efb2beac-26e0-4b3b-9934-2458c1147cfd@group-4C42DD47817B: changes role from      null to FOLLOWER at term 0 for startAsFollower
2019-09-25 12:10:10,878 [pool-67-thread-1] INFO  impl.RoleInfo (RoleInfo.java:updateAndGet(143)) - efb2beac-26e0-4b3b-9934-2458c1147cfd: start FollowerState
2019-09-25 12:10:10,879 [pool-67-thread-1] INFO  util.JmxRegister (JmxRegister.java:tryRegister(44)) - Successfully registered JMX Bean with object name Ratis:service=RaftServer,group=group-4C42DD47817B,id=efb2beac-26e0-4b3b-9934-2458c1147cfd
2019-09-25 12:10:10,885 [RatisPipelineUtilsThread] INFO  pipeline.PipelineStateManager (PipelineStateManager.java:addPipeline(56)) - Created pipeline Pipeline[ Id: ae20a810-44d7-4117-8ce9-4c42dd47817b, Nodes: efb2beac-26e0-4b3b-9934-2458c1147cfd{ip: 192.168.151.73, host: pr-hdds-1569-shd4m-3693607622, networkLocation: /default-rack, certSerialId: null}, Type:RATIS, Factor:ONE, State:OPEN]
2019-09-25 12:10:10,885 [RatisPipelineUtilsThread] INFO  pipeline.PipelinePlacementPolicy (PipelinePlacementPolicy.java:meetCriteria(91)) - Pipeline Placement: can't place more pipeline on heavy datanode： 60ced751-3023-4654-af5b-403edbc93820 Heaviness: 6 limit: 5
2019-09-25 12:10:10,885 [RatisPipelineUtilsThread] INFO  pipeline.PipelinePlacementPolicy (PipelinePlacementPolicy.java:meetCriteria(91)) - Pipeline Placement: can't place more pipeline on heavy datanode： 98c6e6f4-875d-42de-b8a9-30ed89dcc8e7 Heaviness: 6 limit: 5
2019-09-25 12:10:10,896 [grpc-default-executor-0] INFO  impl.RaftServerProxy (RaftServerProxy.java:addNew(89)) - efb2beac-26e0-4b3b-9934-2458c1147cfd: addNew group-568A6F25B054:[efb2beac-26e0-4b3b-9934-2458c1147cfd:192.168.151.73:43064] returns group-568A6F25B054:java.util.concurrent.CompletableFuture@4312024d[Not completed]
2019-09-25 12:10:10,897 [pool-67-thread-1] INFO  impl.RaftServerImpl (RaftServerImpl.java:<init>(95)) - efb2beac-26e0-4b3b-9934-2458c1147cfd: new RaftServerImpl for group-568A6F25B054:[efb2beac-26e0-4b3b-9934-2458c1147cfd:192.168.151.73:43064] with ContainerStateMachine:uninitialized
2019-09-25 12:10:10,897 [pool-67-thread-1] INFO  server.RaftServerConfigKeys (ConfUtils.java:logGet(43)) - raft.server.rpc.timeout.min = 5s (custom)
2019-09-25 12:10:10,897 [pool-67-thread-1] INFO  server.RaftServerConfigKeys (ConfUtils.java:logGet(43)) - raft.server.rpc.timeout.max = 5200ms (custom)
2019-09-25 12:10:10,897 [pool-67-thread-1] INFO  server.RaftServerConfigKeys (ConfUtils.java:logGet(43)) - raft.server.rpcslowness.timeout = 120s (custom)
2019-09-25 12:10:10,902 [pool-67-thread-1] INFO  server.RaftServerConfigKeys (ConfUtils.java:logGet(43)) - raft.server.sleep.deviation.threshold = 300 (default)
2019-09-25 12:10:10,902 [pool-67-thread-1] INFO  server.RaftServerConfigKeys (ConfUtils.java:logGet(43)) - raft.server.log.appender.install.snapshot.enabled = false (custom)
2019-09-25 12:10:10,902 [pool-67-thread-1] INFO  impl.RaftServerImpl (ServerState.java:<init>(103)) - efb2beac-26e0-4b3b-9934-2458c1147cfd@group-568A6F25B054: ConfigurationManager, init=-1: [efb2beac-26e0-4b3b-9934-2458c1147cfd:192.168.151.73:43064], old=null, confs=<EMPTY_MAP>
2019-09-25 12:10:10,905 [pool-67-thread-1] INFO  server.RaftServerConfigKeys (ConfUtils.java:logGet(43)) - raft.server.storage.dir = [/workdir/hadoop-ozone/integration-test/target/test-dir/MiniOzoneClusterImpl-b6380e3c-fb04-4178-98e9-eb7b36240636/datanode-4/data/ratis] (custom)
2019-09-25 12:10:10,905 [pool-67-thread-1] INFO  storage.RaftStorageDirectory (RaftStorageDirectory.java:analyzeStorage(246)) - The storage directory /workdir/hadoop-ozone/integration-test/target/test-dir/MiniOzoneClusterImpl-b6380e3c-fb04-4178-98e9-eb7b36240636/datanode-4/data/ratis/f0aba127-57f1-424c-b26e-568a6f25b054 does not exist. Creating ...
2019-09-25 12:10:10,927 [pool-67-thread-1] INFO  storage.RaftStorageDirectory (RaftStorageDirectory.java:tryLock(328)) - Lock on /workdir/hadoop-ozone/integration-test/target/test-dir/MiniOzoneClusterImpl-b6380e3c-fb04-4178-98e9-eb7b36240636/datanode-4/data/ratis/f0aba127-57f1-424c-b26e-568a6f25b054/in_use.lock acquired by nodename 9481@pr-hdds-1569-shd4m-3693607622
2019-09-25 12:10:10,942 [pool-67-thread-1] INFO  storage.RaftStorage (RaftStorage.java:format(72)) - Storage directory /workdir/hadoop-ozone/integration-test/target/test-dir/MiniOzoneClusterImpl-b6380e3c-fb04-4178-98e9-eb7b36240636/datanode-4/data/ratis/f0aba127-57f1-424c-b26e-568a6f25b054 has been successfully formatted.
2019-09-25 12:10:10,943 [pool-67-thread-1] INFO  ratis.ContainerStateMachine (ContainerStateMachine.java:loadSnapshot(230)) - group-568A6F25B054: The snapshot info is null. Setting the last applied indexto:(t:0, i:~)
2019-09-25 12:10:10,943 [pool-67-thread-1] INFO  server.RaftServerConfigKeys (ConfUtils.java:logGet(43)) - raft.server.notification.no-leader.timeout = 120s (custom)
2019-09-25 12:10:10,943 [pool-67-thread-1] INFO  server.RaftServerConfigKeys (ConfUtils.java:logGet(43)) - raft.server.log.use.memory = false (default)
2019-09-25 12:10:10,943 [pool-67-thread-1] INFO  server.RaftServerConfigKeys (ConfUtils.java:logGet(43)) - raft.server.log.purge.gap = 1000000 (custom)
2019-09-25 12:10:10,944 [pool-67-thread-1] INFO  server.RaftServerConfigKeys (ConfUtils.java:logGet(43)) - raft.server.log.appender.buffer.byte-limit = 33554432 (custom)
2019-09-25 12:10:10,944 [pool-67-thread-1] INFO  server.RaftServerConfigKeys (ConfUtils.java:logGet(43)) - raft.server.log.segment.size.max = 1048576 (custom)
2019-09-25 12:10:10,944 [pool-67-thread-1] INFO  server.RaftServerConfigKeys (ConfUtils.java:logGet(43)) - raft.server.log.segment.cache.num.max = 2 (custom)
2019-09-25 12:10:10,944 [pool-67-thread-1] INFO  segmented.SegmentedRaftLogWorker (SegmentedRaftLogWorker.java:<init>(172)) - new efb2beac-26e0-4b3b-9934-2458c1147cfd@group-568A6F25B054-SegmentedRaftLogWorker for RaftStorage:Storage Directory /workdir/hadoop-ozone/integration-test/target/test-dir/MiniOzoneClusterImpl-b6380e3c-fb04-4178-98e9-eb7b36240636/datanode-4/data/ratis/f0aba127-57f1-424c-b26e-568a6f25b054
2019-09-25 12:10:10,944 [pool-67-thread-1] INFO  server.RaftServerConfigKeys (ConfUtils.java:logGet(43)) - raft.server.log.queue.byte-limit = 2147483647 (custom)
2019-09-25 12:10:10,944 [pool-67-thread-1] INFO  server.RaftServerConfigKeys (ConfUtils.java:logGet(43)) - raft.server.log.queue.element-limit = 1024 (custom)
2019-09-25 12:10:10,945 [pool-67-thread-1] INFO  server.RaftServerConfigKeys (ConfUtils.java:logGet(43)) - raft.server.log.segment.size.max = 1048576 (custom)
2019-09-25 12:10:10,945 [pool-67-thread-1] INFO  server.RaftServerConfigKeys (ConfUtils.java:logGet(43)) - raft.server.log.preallocated.size = 16384 (custom)
2019-09-25 12:10:10,945 [pool-67-thread-1] INFO  server.RaftServerConfigKeys (ConfUtils.java:logGet(43)) - raft.server.log.write.buffer.size = 33554432 (custom)
2019-09-25 12:10:10,945 [pool-67-thread-1] INFO  server.RaftServerConfigKeys (ConfUtils.java:logGet(43)) - raft.server.log.force.sync.num = 128 (default)
2019-09-25 12:10:10,945 [pool-67-thread-1] INFO  server.RaftServerConfigKeys (ConfUtils.java:logGet(43)) - raft.server.log.statemachine.data.sync = true (default)
2019-09-25 12:10:10,946 [pool-67-thread-1] INFO  server.RaftServerConfigKeys (ConfUtils.java:logGet(43)) - raft.server.log.statemachine.data.sync.timeout = 10s (default)
2019-09-25 12:10:10,946 [pool-67-thread-1] INFO  server.RaftServerConfigKeys (ConfUtils.java:logGet(43)) - raft.server.log.statemachine.data.sync.timeout.retry = -1 (default)
2019-09-25 12:10:10,946 [pool-67-thread-1] INFO  server.RaftServerConfigKeys (ConfUtils.java:logGet(43)) - raft.server.log.statemachine.data.caching.enabled = true (custom)
2019-09-25 12:10:10,946 [pool-67-thread-1] INFO  segmented.SegmentedRaftLogWorker (SegmentedRaftLogWorker.java:lambda$new$0(132)) - efb2beac-26e0-4b3b-9934-2458c1147cfd@group-568A6F25B054-SegmentedRaftLogWorker: flushIndex: setUnconditionally 0 -> -1
2019-09-25 12:10:10,947 [pool-67-thread-1] INFO  server.RaftServerConfigKeys (ConfUtils.java:logGet(43)) - raft.server.snapshot.auto.trigger.enabled = true (custom)
2019-09-25 12:10:10,947 [pool-67-thread-1] INFO  server.RaftServerConfigKeys (ConfUtils.java:logGet(43)) - raft.server.snapshot.auto.trigger.threshold = 10000 (custom)
2019-09-25 12:10:10,947 [pool-67-thread-1] INFO  server.RaftServerConfigKeys (ConfUtils.java:logGet(43)) - raft.server.snapshot.retention.num.files = 5 (custom)
2019-09-25 12:10:10,947 [pool-67-thread-1] INFO  server.RaftServerConfigKeys (ConfUtils.java:logGet(43)) - raft.server.retrycache.expirytime = 600000ms (custom)
2019-09-25 12:10:10,951 [pool-67-thread-1] INFO  impl.RaftServerImpl (RaftServerImpl.java:start(185)) - efb2beac-26e0-4b3b-9934-2458c1147cfd@group-568A6F25B054: start as a follower, conf=-1: [efb2beac-26e0-4b3b-9934-2458c1147cfd:192.168.151.73:43064], old=null
2019-09-25 12:10:10,951 [pool-67-thread-1] INFO  impl.RaftServerImpl (RaftServerImpl.java:setRole(174)) - efb2beac-26e0-4b3b-9934-2458c1147cfd@group-568A6F25B054: changes role from      null to FOLLOWER at term 0 for startAsFollower
2019-09-25 12:10:10,951 [pool-67-thread-1] INFO  impl.RoleInfo (RoleInfo.java:updateAndGet(143)) - efb2beac-26e0-4b3b-9934-2458c1147cfd: start FollowerState
2019-09-25 12:10:10,952 [pool-67-thread-1] INFO  util.JmxRegister (JmxRegister.java:tryRegister(44)) - Successfully registered JMX Bean with object name Ratis:service=RaftServer,group=group-568A6F25B054,id=efb2beac-26e0-4b3b-9934-2458c1147cfd
2019-09-25 12:10:10,958 [RatisPipelineUtilsThread] INFO  pipeline.PipelineStateManager (PipelineStateManager.java:addPipeline(56)) - Created pipeline Pipeline[ Id: f0aba127-57f1-424c-b26e-568a6f25b054, Nodes: efb2beac-26e0-4b3b-9934-2458c1147cfd{ip: 192.168.151.73, host: pr-hdds-1569-shd4m-3693607622, networkLocation: /default-rack, certSerialId: null}, Type:RATIS, Factor:ONE, State:OPEN]
2019-09-25 12:10:10,958 [RatisPipelineUtilsThread] INFO  pipeline.PipelinePlacementPolicy (PipelinePlacementPolicy.java:meetCriteria(91)) - Pipeline Placement: can't place more pipeline on heavy datanode： 60ced751-3023-4654-af5b-403edbc93820 Heaviness: 6 limit: 5
2019-09-25 12:10:10,958 [RatisPipelineUtilsThread] INFO  pipeline.PipelinePlacementPolicy (PipelinePlacementPolicy.java:meetCriteria(91)) - Pipeline Placement: can't place more pipeline on heavy datanode： 98c6e6f4-875d-42de-b8a9-30ed89dcc8e7 Heaviness: 6 limit: 5
2019-09-25 12:10:10,972 [grpc-default-executor-0] INFO  impl.RaftServerProxy (RaftServerProxy.java:addNew(89)) - e1810a45-b9a3-4acb-b85d-088610f584f2: addNew group-A3478D1D244C:[e1810a45-b9a3-4acb-b85d-088610f584f2:192.168.151.73:46771] returns group-A3478D1D244C:java.util.concurrent.CompletableFuture@6321b9ba[Not completed]
2019-09-25 12:10:10,978 [pool-87-thread-1] INFO  impl.RaftServerImpl (RaftServerImpl.java:<init>(95)) - e1810a45-b9a3-4acb-b85d-088610f584f2: new RaftServerImpl for group-A3478D1D244C:[e1810a45-b9a3-4acb-b85d-088610f584f2:192.168.151.73:46771] with ContainerStateMachine:uninitialized
2019-09-25 12:10:10,978 [pool-87-thread-1] INFO  server.RaftServerConfigKeys (ConfUtils.java:logGet(43)) - raft.server.rpc.timeout.min = 5s (custom)
2019-09-25 12:10:10,978 [pool-87-thread-1] INFO  server.RaftServerConfigKeys (ConfUtils.java:logGet(43)) - raft.server.rpc.timeout.max = 5200ms (custom)
2019-09-25 12:10:10,978 [pool-87-thread-1] INFO  server.RaftServerConfigKeys (ConfUtils.java:logGet(43)) - raft.server.rpcslowness.timeout = 120s (custom)
2019-09-25 12:10:10,978 [pool-87-thread-1] INFO  server.RaftServerConfigKeys (ConfUtils.java:logGet(43)) - raft.server.sleep.deviation.threshold = 300 (default)
2019-09-25 12:10:10,979 [pool-87-thread-1] INFO  server.RaftServerConfigKeys (ConfUtils.java:logGet(43)) - raft.server.log.appender.install.snapshot.enabled = false (custom)
2019-09-25 12:10:10,979 [pool-87-thread-1] INFO  impl.RaftServerImpl (ServerState.java:<init>(103)) - e1810a45-b9a3-4acb-b85d-088610f584f2@group-A3478D1D244C: ConfigurationManager, init=-1: [e1810a45-b9a3-4acb-b85d-088610f584f2:192.168.151.73:46771], old=null, confs=<EMPTY_MAP>
2019-09-25 12:10:10,979 [pool-87-thread-1] INFO  server.RaftServerConfigKeys (ConfUtils.java:logGet(43)) - raft.server.storage.dir = [/workdir/hadoop-ozone/integration-test/target/test-dir/MiniOzoneClusterImpl-b6380e3c-fb04-4178-98e9-eb7b36240636/datanode-6/data/ratis] (custom)
2019-09-25 12:10:10,979 [pool-87-thread-1] INFO  storage.RaftStorageDirectory (RaftStorageDirectory.java:analyzeStorage(246)) - The storage directory /workdir/hadoop-ozone/integration-test/target/test-dir/MiniOzoneClusterImpl-b6380e3c-fb04-4178-98e9-eb7b36240636/datanode-6/data/ratis/652a5ff2-b26b-4309-8c85-a3478d1d244c does not exist. Creating ...
2019-09-25 12:10:10,992 [pool-87-thread-1] INFO  storage.RaftStorageDirectory (RaftStorageDirectory.java:tryLock(328)) - Lock on /workdir/hadoop-ozone/integration-test/target/test-dir/MiniOzoneClusterImpl-b6380e3c-fb04-4178-98e9-eb7b36240636/datanode-6/data/ratis/652a5ff2-b26b-4309-8c85-a3478d1d244c/in_use.lock acquired by nodename 9481@pr-hdds-1569-shd4m-3693607622
2019-09-25 12:10:11,016 [pool-87-thread-1] INFO  storage.RaftStorage (RaftStorage.java:format(72)) - Storage directory /workdir/hadoop-ozone/integration-test/target/test-dir/MiniOzoneClusterImpl-b6380e3c-fb04-4178-98e9-eb7b36240636/datanode-6/data/ratis/652a5ff2-b26b-4309-8c85-a3478d1d244c has been successfully formatted.
2019-09-25 12:10:11,016 [pool-87-thread-1] INFO  ratis.ContainerStateMachine (ContainerStateMachine.java:loadSnapshot(230)) - group-A3478D1D244C: The snapshot info is null. Setting the last applied indexto:(t:0, i:~)
2019-09-25 12:10:11,016 [pool-87-thread-1] INFO  server.RaftServerConfigKeys (ConfUtils.java:logGet(43)) - raft.server.notification.no-leader.timeout = 120s (custom)
2019-09-25 12:10:11,017 [pool-87-thread-1] INFO  server.RaftServerConfigKeys (ConfUtils.java:logGet(43)) - raft.server.log.use.memory = false (default)
2019-09-25 12:10:11,017 [pool-87-thread-1] INFO  server.RaftServerConfigKeys (ConfUtils.java:logGet(43)) - raft.server.log.purge.gap = 1000000 (custom)
2019-09-25 12:10:11,017 [pool-87-thread-1] INFO  server.RaftServerConfigKeys (ConfUtils.java:logGet(43)) - raft.server.log.appender.buffer.byte-limit = 33554432 (custom)
2019-09-25 12:10:11,017 [pool-87-thread-1] INFO  server.RaftServerConfigKeys (ConfUtils.java:logGet(43)) - raft.server.log.segment.size.max = 1048576 (custom)
2019-09-25 12:10:11,017 [pool-87-thread-1] INFO  server.RaftServerConfigKeys (ConfUtils.java:logGet(43)) - raft.server.log.segment.cache.num.max = 2 (custom)
2019-09-25 12:10:11,018 [pool-87-thread-1] INFO  segmented.SegmentedRaftLogWorker (SegmentedRaftLogWorker.java:<init>(172)) - new e1810a45-b9a3-4acb-b85d-088610f584f2@group-A3478D1D244C-SegmentedRaftLogWorker for RaftStorage:Storage Directory /workdir/hadoop-ozone/integration-test/target/test-dir/MiniOzoneClusterImpl-b6380e3c-fb04-4178-98e9-eb7b36240636/datanode-6/data/ratis/652a5ff2-b26b-4309-8c85-a3478d1d244c
2019-09-25 12:10:11,020 [pool-87-thread-1] INFO  server.RaftServerConfigKeys (ConfUtils.java:logGet(43)) - raft.server.log.queue.byte-limit = 2147483647 (custom)
2019-09-25 12:10:11,021 [pool-87-thread-1] INFO  server.RaftServerConfigKeys (ConfUtils.java:logGet(43)) - raft.server.log.queue.element-limit = 1024 (custom)
2019-09-25 12:10:11,021 [pool-87-thread-1] INFO  server.RaftServerConfigKeys (ConfUtils.java:logGet(43)) - raft.server.log.segment.size.max = 1048576 (custom)
2019-09-25 12:10:11,021 [pool-87-thread-1] INFO  server.RaftServerConfigKeys (ConfUtils.java:logGet(43)) - raft.server.log.preallocated.size = 16384 (custom)
2019-09-25 12:10:11,021 [pool-87-thread-1] INFO  server.RaftServerConfigKeys (ConfUtils.java:logGet(43)) - raft.server.log.write.buffer.size = 33554432 (custom)
2019-09-25 12:10:11,021 [pool-87-thread-1] INFO  server.RaftServerConfigKeys (ConfUtils.java:logGet(43)) - raft.server.log.force.sync.num = 128 (default)
2019-09-25 12:10:11,021 [pool-87-thread-1] INFO  server.RaftServerConfigKeys (ConfUtils.java:logGet(43)) - raft.server.log.statemachine.data.sync = true (default)
2019-09-25 12:10:11,021 [pool-87-thread-1] INFO  server.RaftServerConfigKeys (ConfUtils.java:logGet(43)) - raft.server.log.statemachine.data.sync.timeout = 10s (default)
2019-09-25 12:10:11,022 [pool-87-thread-1] INFO  server.RaftServerConfigKeys (ConfUtils.java:logGet(43)) - raft.server.log.statemachine.data.sync.timeout.retry = -1 (default)
2019-09-25 12:10:11,022 [pool-87-thread-1] INFO  server.RaftServerConfigKeys (ConfUtils.java:logGet(43)) - raft.server.log.statemachine.data.caching.enabled = true (custom)
2019-09-25 12:10:11,022 [pool-87-thread-1] INFO  segmented.SegmentedRaftLogWorker (SegmentedRaftLogWorker.java:lambda$new$0(132)) - e1810a45-b9a3-4acb-b85d-088610f584f2@group-A3478D1D244C-SegmentedRaftLogWorker: flushIndex: setUnconditionally 0 -> -1
2019-09-25 12:10:11,023 [pool-87-thread-1] INFO  server.RaftServerConfigKeys (ConfUtils.java:logGet(43)) - raft.server.snapshot.auto.trigger.enabled = true (custom)
2019-09-25 12:10:11,023 [pool-87-thread-1] INFO  server.RaftServerConfigKeys (ConfUtils.java:logGet(43)) - raft.server.snapshot.auto.trigger.threshold = 10000 (custom)
2019-09-25 12:10:11,023 [pool-87-thread-1] INFO  server.RaftServerConfigKeys (ConfUtils.java:logGet(43)) - raft.server.snapshot.retention.num.files = 5 (custom)
2019-09-25 12:10:11,023 [pool-87-thread-1] INFO  server.RaftServerConfigKeys (ConfUtils.java:logGet(43)) - raft.server.retrycache.expirytime = 600000ms (custom)
2019-09-25 12:10:11,026 [pool-87-thread-1] INFO  impl.RaftServerImpl (RaftServerImpl.java:start(185)) - e1810a45-b9a3-4acb-b85d-088610f584f2@group-A3478D1D244C: start as a follower, conf=-1: [e1810a45-b9a3-4acb-b85d-088610f584f2:192.168.151.73:46771], old=null
2019-09-25 12:10:11,026 [pool-87-thread-1] INFO  impl.RaftServerImpl (RaftServerImpl.java:setRole(174)) - e1810a45-b9a3-4acb-b85d-088610f584f2@group-A3478D1D244C: changes role from      null to FOLLOWER at term 0 for startAsFollower
2019-09-25 12:10:11,026 [pool-87-thread-1] INFO  impl.RoleInfo (RoleInfo.java:updateAndGet(143)) - e1810a45-b9a3-4acb-b85d-088610f584f2: start FollowerState
2019-09-25 12:10:11,027 [pool-87-thread-1] INFO  util.JmxRegister (JmxRegister.java:tryRegister(44)) - Successfully registered JMX Bean with object name Ratis:service=RaftServer,group=group-A3478D1D244C,id=e1810a45-b9a3-4acb-b85d-088610f584f2
2019-09-25 12:10:11,033 [RatisPipelineUtilsThread] INFO  pipeline.PipelineStateManager (PipelineStateManager.java:addPipeline(56)) - Created pipeline Pipeline[ Id: 652a5ff2-b26b-4309-8c85-a3478d1d244c, Nodes: e1810a45-b9a3-4acb-b85d-088610f584f2{ip: 192.168.151.73, host: pr-hdds-1569-shd4m-3693607622, networkLocation: /default-rack, certSerialId: null}, Type:RATIS, Factor:ONE, State:OPEN]
2019-09-25 12:10:11,033 [RatisPipelineUtilsThread] INFO  pipeline.PipelinePlacementPolicy (PipelinePlacementPolicy.java:meetCriteria(91)) - Pipeline Placement: can't place more pipeline on heavy datanode： 60ced751-3023-4654-af5b-403edbc93820 Heaviness: 6 limit: 5
2019-09-25 12:10:11,033 [RatisPipelineUtilsThread] INFO  pipeline.PipelinePlacementPolicy (PipelinePlacementPolicy.java:meetCriteria(91)) - Pipeline Placement: can't place more pipeline on heavy datanode： 98c6e6f4-875d-42de-b8a9-30ed89dcc8e7 Heaviness: 6 limit: 5
2019-09-25 12:10:11,045 [grpc-default-executor-0] INFO  impl.RaftServerProxy (RaftServerProxy.java:addNew(89)) - efb2beac-26e0-4b3b-9934-2458c1147cfd: addNew group-678B3229D230:[efb2beac-26e0-4b3b-9934-2458c1147cfd:192.168.151.73:43064] returns group-678B3229D230:java.util.concurrent.CompletableFuture@4e181a67[Not completed]
2019-09-25 12:10:11,047 [pool-67-thread-1] INFO  impl.RaftServerImpl (RaftServerImpl.java:<init>(95)) - efb2beac-26e0-4b3b-9934-2458c1147cfd: new RaftServerImpl for group-678B3229D230:[efb2beac-26e0-4b3b-9934-2458c1147cfd:192.168.151.73:43064] with ContainerStateMachine:uninitialized
2019-09-25 12:10:11,047 [pool-67-thread-1] INFO  server.RaftServerConfigKeys (ConfUtils.java:logGet(43)) - raft.server.rpc.timeout.min = 5s (custom)
2019-09-25 12:10:11,047 [pool-67-thread-1] INFO  server.RaftServerConfigKeys (ConfUtils.java:logGet(43)) - raft.server.rpc.timeout.max = 5200ms (custom)
2019-09-25 12:10:11,047 [pool-67-thread-1] INFO  server.RaftServerConfigKeys (ConfUtils.java:logGet(43)) - raft.server.rpcslowness.timeout = 120s (custom)
2019-09-25 12:10:11,047 [pool-67-thread-1] INFO  server.RaftServerConfigKeys (ConfUtils.java:logGet(43)) - raft.server.sleep.deviation.threshold = 300 (default)
2019-09-25 12:10:11,048 [pool-67-thread-1] INFO  server.RaftServerConfigKeys (ConfUtils.java:logGet(43)) - raft.server.log.appender.install.snapshot.enabled = false (custom)
2019-09-25 12:10:11,048 [pool-67-thread-1] INFO  impl.RaftServerImpl (ServerState.java:<init>(103)) - efb2beac-26e0-4b3b-9934-2458c1147cfd@group-678B3229D230: ConfigurationManager, init=-1: [efb2beac-26e0-4b3b-9934-2458c1147cfd:192.168.151.73:43064], old=null, confs=<EMPTY_MAP>
2019-09-25 12:10:11,048 [pool-67-thread-1] INFO  server.RaftServerConfigKeys (ConfUtils.java:logGet(43)) - raft.server.storage.dir = [/workdir/hadoop-ozone/integration-test/target/test-dir/MiniOzoneClusterImpl-b6380e3c-fb04-4178-98e9-eb7b36240636/datanode-4/data/ratis] (custom)
2019-09-25 12:10:11,049 [pool-67-thread-1] INFO  storage.RaftStorageDirectory (RaftStorageDirectory.java:analyzeStorage(246)) - The storage directory /workdir/hadoop-ozone/integration-test/target/test-dir/MiniOzoneClusterImpl-b6380e3c-fb04-4178-98e9-eb7b36240636/datanode-4/data/ratis/c3461144-bf11-4a5f-adc2-678b3229d230 does not exist. Creating ...
2019-09-25 12:10:11,062 [pool-67-thread-1] INFO  storage.RaftStorageDirectory (RaftStorageDirectory.java:tryLock(328)) - Lock on /workdir/hadoop-ozone/integration-test/target/test-dir/MiniOzoneClusterImpl-b6380e3c-fb04-4178-98e9-eb7b36240636/datanode-4/data/ratis/c3461144-bf11-4a5f-adc2-678b3229d230/in_use.lock acquired by nodename 9481@pr-hdds-1569-shd4m-3693607622
2019-09-25 12:10:11,076 [pool-67-thread-1] INFO  storage.RaftStorage (RaftStorage.java:format(72)) - Storage directory /workdir/hadoop-ozone/integration-test/target/test-dir/MiniOzoneClusterImpl-b6380e3c-fb04-4178-98e9-eb7b36240636/datanode-4/data/ratis/c3461144-bf11-4a5f-adc2-678b3229d230 has been successfully formatted.
2019-09-25 12:10:11,076 [pool-67-thread-1] INFO  ratis.ContainerStateMachine (ContainerStateMachine.java:loadSnapshot(230)) - group-678B3229D230: The snapshot info is null. Setting the last applied indexto:(t:0, i:~)
2019-09-25 12:10:11,077 [pool-67-thread-1] INFO  server.RaftServerConfigKeys (ConfUtils.java:logGet(43)) - raft.server.notification.no-leader.timeout = 120s (custom)
2019-09-25 12:10:11,077 [pool-67-thread-1] INFO  server.RaftServerConfigKeys (ConfUtils.java:logGet(43)) - raft.server.log.use.memory = false (default)
2019-09-25 12:10:11,077 [pool-67-thread-1] INFO  server.RaftServerConfigKeys (ConfUtils.java:logGet(43)) - raft.server.log.purge.gap = 1000000 (custom)
2019-09-25 12:10:11,077 [pool-67-thread-1] INFO  server.RaftServerConfigKeys (ConfUtils.java:logGet(43)) - raft.server.log.appender.buffer.byte-limit = 33554432 (custom)
2019-09-25 12:10:11,077 [pool-67-thread-1] INFO  server.RaftServerConfigKeys (ConfUtils.java:logGet(43)) - raft.server.log.segment.size.max = 1048576 (custom)
2019-09-25 12:10:11,077 [pool-67-thread-1] INFO  server.RaftServerConfigKeys (ConfUtils.java:logGet(43)) - raft.server.log.segment.cache.num.max = 2 (custom)
2019-09-25 12:10:11,077 [pool-67-thread-1] INFO  segmented.SegmentedRaftLogWorker (SegmentedRaftLogWorker.java:<init>(172)) - new efb2beac-26e0-4b3b-9934-2458c1147cfd@group-678B3229D230-SegmentedRaftLogWorker for RaftStorage:Storage Directory /workdir/hadoop-ozone/integration-test/target/test-dir/MiniOzoneClusterImpl-b6380e3c-fb04-4178-98e9-eb7b36240636/datanode-4/data/ratis/c3461144-bf11-4a5f-adc2-678b3229d230
2019-09-25 12:10:11,077 [pool-67-thread-1] INFO  server.RaftServerConfigKeys (ConfUtils.java:logGet(43)) - raft.server.log.queue.byte-limit = 2147483647 (custom)
2019-09-25 12:10:11,077 [pool-67-thread-1] INFO  server.RaftServerConfigKeys (ConfUtils.java:logGet(43)) - raft.server.log.queue.element-limit = 1024 (custom)
2019-09-25 12:10:11,078 [pool-67-thread-1] INFO  server.RaftServerConfigKeys (ConfUtils.java:logGet(43)) - raft.server.log.segment.size.max = 1048576 (custom)
2019-09-25 12:10:11,078 [pool-67-thread-1] INFO  server.RaftServerConfigKeys (ConfUtils.java:logGet(43)) - raft.server.log.preallocated.size = 16384 (custom)
2019-09-25 12:10:11,078 [pool-67-thread-1] INFO  server.RaftServerConfigKeys (ConfUtils.java:logGet(43)) - raft.server.log.write.buffer.size = 33554432 (custom)
2019-09-25 12:10:11,078 [pool-67-thread-1] INFO  server.RaftServerConfigKeys (ConfUtils.java:logGet(43)) - raft.server.log.force.sync.num = 128 (default)
2019-09-25 12:10:11,078 [pool-67-thread-1] INFO  server.RaftServerConfigKeys (ConfUtils.java:logGet(43)) - raft.server.log.statemachine.data.sync = true (default)
2019-09-25 12:10:11,078 [pool-67-thread-1] INFO  server.RaftServerConfigKeys (ConfUtils.java:logGet(43)) - raft.server.log.statemachine.data.sync.timeout = 10s (default)
2019-09-25 12:10:11,078 [pool-67-thread-1] INFO  server.RaftServerConfigKeys (ConfUtils.java:logGet(43)) - raft.server.log.statemachine.data.sync.timeout.retry = -1 (default)
2019-09-25 12:10:11,078 [pool-67-thread-1] INFO  server.RaftServerConfigKeys (ConfUtils.java:logGet(43)) - raft.server.log.statemachine.data.caching.enabled = true (custom)
2019-09-25 12:10:11,079 [pool-67-thread-1] INFO  segmented.SegmentedRaftLogWorker (SegmentedRaftLogWorker.java:lambda$new$0(132)) - efb2beac-26e0-4b3b-9934-2458c1147cfd@group-678B3229D230-SegmentedRaftLogWorker: flushIndex: setUnconditionally 0 -> -1
2019-09-25 12:10:11,079 [pool-67-thread-1] INFO  server.RaftServerConfigKeys (ConfUtils.java:logGet(43)) - raft.server.snapshot.auto.trigger.enabled = true (custom)
2019-09-25 12:10:11,079 [pool-67-thread-1] INFO  server.RaftServerConfigKeys (ConfUtils.java:logGet(43)) - raft.server.snapshot.auto.trigger.threshold = 10000 (custom)
2019-09-25 12:10:11,079 [pool-67-thread-1] INFO  server.RaftServerConfigKeys (ConfUtils.java:logGet(43)) - raft.server.snapshot.retention.num.files = 5 (custom)
2019-09-25 12:10:11,079 [pool-67-thread-1] INFO  server.RaftServerConfigKeys (ConfUtils.java:logGet(43)) - raft.server.retrycache.expirytime = 600000ms (custom)
2019-09-25 12:10:11,082 [pool-67-thread-1] INFO  impl.RaftServerImpl (RaftServerImpl.java:start(185)) - efb2beac-26e0-4b3b-9934-2458c1147cfd@group-678B3229D230: start as a follower, conf=-1: [efb2beac-26e0-4b3b-9934-2458c1147cfd:192.168.151.73:43064], old=null
2019-09-25 12:10:11,082 [pool-67-thread-1] INFO  impl.RaftServerImpl (RaftServerImpl.java:setRole(174)) - efb2beac-26e0-4b3b-9934-2458c1147cfd@group-678B3229D230: changes role from      null to FOLLOWER at term 0 for startAsFollower
2019-09-25 12:10:11,082 [pool-67-thread-1] INFO  impl.RoleInfo (RoleInfo.java:updateAndGet(143)) - efb2beac-26e0-4b3b-9934-2458c1147cfd: start FollowerState
2019-09-25 12:10:11,082 [pool-67-thread-1] INFO  util.JmxRegister (JmxRegister.java:tryRegister(44)) - Successfully registered JMX Bean with object name Ratis:service=RaftServer,group=group-678B3229D230,id=efb2beac-26e0-4b3b-9934-2458c1147cfd
2019-09-25 12:10:11,088 [RatisPipelineUtilsThread] INFO  pipeline.PipelineStateManager (PipelineStateManager.java:addPipeline(56)) - Created pipeline Pipeline[ Id: c3461144-bf11-4a5f-adc2-678b3229d230, Nodes: efb2beac-26e0-4b3b-9934-2458c1147cfd{ip: 192.168.151.73, host: pr-hdds-1569-shd4m-3693607622, networkLocation: /default-rack, certSerialId: null}, Type:RATIS, Factor:ONE, State:OPEN]
2019-09-25 12:10:11,088 [RatisPipelineUtilsThread] INFO  pipeline.PipelinePlacementPolicy (PipelinePlacementPolicy.java:meetCriteria(91)) - Pipeline Placement: can't place more pipeline on heavy datanode： efb2beac-26e0-4b3b-9934-2458c1147cfd Heaviness: 6 limit: 5
2019-09-25 12:10:11,089 [RatisPipelineUtilsThread] INFO  pipeline.PipelinePlacementPolicy (PipelinePlacementPolicy.java:meetCriteria(91)) - Pipeline Placement: can't place more pipeline on heavy datanode： 60ced751-3023-4654-af5b-403edbc93820 Heaviness: 6 limit: 5
2019-09-25 12:10:11,089 [RatisPipelineUtilsThread] INFO  pipeline.PipelinePlacementPolicy (PipelinePlacementPolicy.java:meetCriteria(91)) - Pipeline Placement: can't place more pipeline on heavy datanode： 98c6e6f4-875d-42de-b8a9-30ed89dcc8e7 Heaviness: 6 limit: 5
2019-09-25 12:10:11,099 [grpc-default-executor-0] INFO  impl.RaftServerProxy (RaftServerProxy.java:addNew(89)) - c7bed0cc-269f-4b54-bb5a-2be104ddf1a5: addNew group-B6327E9CEEBC:[c7bed0cc-269f-4b54-bb5a-2be104ddf1a5:192.168.151.73:42323] returns group-B6327E9CEEBC:java.util.concurrent.CompletableFuture@5afa482d[Not completed]
2019-09-25 12:10:11,101 [pool-77-thread-1] INFO  impl.RaftServerImpl (RaftServerImpl.java:<init>(95)) - c7bed0cc-269f-4b54-bb5a-2be104ddf1a5: new RaftServerImpl for group-B6327E9CEEBC:[c7bed0cc-269f-4b54-bb5a-2be104ddf1a5:192.168.151.73:42323] with ContainerStateMachine:uninitialized
2019-09-25 12:10:11,101 [pool-77-thread-1] INFO  server.RaftServerConfigKeys (ConfUtils.java:logGet(43)) - raft.server.rpc.timeout.min = 5s (custom)
2019-09-25 12:10:11,102 [pool-77-thread-1] INFO  server.RaftServerConfigKeys (ConfUtils.java:logGet(43)) - raft.server.rpc.timeout.max = 5200ms (custom)
2019-09-25 12:10:11,102 [pool-77-thread-1] INFO  server.RaftServerConfigKeys (ConfUtils.java:logGet(43)) - raft.server.rpcslowness.timeout = 120s (custom)
2019-09-25 12:10:11,102 [pool-77-thread-1] INFO  server.RaftServerConfigKeys (ConfUtils.java:logGet(43)) - raft.server.sleep.deviation.threshold = 300 (default)
2019-09-25 12:10:11,102 [pool-77-thread-1] INFO  server.RaftServerConfigKeys (ConfUtils.java:logGet(43)) - raft.server.log.appender.install.snapshot.enabled = false (custom)
2019-09-25 12:10:11,102 [pool-77-thread-1] INFO  impl.RaftServerImpl (ServerState.java:<init>(103)) - c7bed0cc-269f-4b54-bb5a-2be104ddf1a5@group-B6327E9CEEBC: ConfigurationManager, init=-1: [c7bed0cc-269f-4b54-bb5a-2be104ddf1a5:192.168.151.73:42323], old=null, confs=<EMPTY_MAP>
2019-09-25 12:10:11,102 [pool-77-thread-1] INFO  server.RaftServerConfigKeys (ConfUtils.java:logGet(43)) - raft.server.storage.dir = [/workdir/hadoop-ozone/integration-test/target/test-dir/MiniOzoneClusterImpl-b6380e3c-fb04-4178-98e9-eb7b36240636/datanode-5/data/ratis] (custom)
2019-09-25 12:10:11,103 [pool-77-thread-1] INFO  storage.RaftStorageDirectory (RaftStorageDirectory.java:analyzeStorage(246)) - The storage directory /workdir/hadoop-ozone/integration-test/target/test-dir/MiniOzoneClusterImpl-b6380e3c-fb04-4178-98e9-eb7b36240636/datanode-5/data/ratis/0ed233ac-b3ac-4c05-af51-b6327e9ceebc does not exist. Creating ...
2019-09-25 12:10:11,126 [pool-77-thread-1] INFO  storage.RaftStorageDirectory (RaftStorageDirectory.java:tryLock(328)) - Lock on /workdir/hadoop-ozone/integration-test/target/test-dir/MiniOzoneClusterImpl-b6380e3c-fb04-4178-98e9-eb7b36240636/datanode-5/data/ratis/0ed233ac-b3ac-4c05-af51-b6327e9ceebc/in_use.lock acquired by nodename 9481@pr-hdds-1569-shd4m-3693607622
2019-09-25 12:10:11,139 [pool-77-thread-1] INFO  storage.RaftStorage (RaftStorage.java:format(72)) - Storage directory /workdir/hadoop-ozone/integration-test/target/test-dir/MiniOzoneClusterImpl-b6380e3c-fb04-4178-98e9-eb7b36240636/datanode-5/data/ratis/0ed233ac-b3ac-4c05-af51-b6327e9ceebc has been successfully formatted.
2019-09-25 12:10:11,139 [pool-77-thread-1] INFO  ratis.ContainerStateMachine (ContainerStateMachine.java:loadSnapshot(230)) - group-B6327E9CEEBC: The snapshot info is null. Setting the last applied indexto:(t:0, i:~)
2019-09-25 12:10:11,139 [pool-77-thread-1] INFO  server.RaftServerConfigKeys (ConfUtils.java:logGet(43)) - raft.server.notification.no-leader.timeout = 120s (custom)
2019-09-25 12:10:11,140 [pool-77-thread-1] INFO  server.RaftServerConfigKeys (ConfUtils.java:logGet(43)) - raft.server.log.use.memory = false (default)
2019-09-25 12:10:11,140 [pool-77-thread-1] INFO  server.RaftServerConfigKeys (ConfUtils.java:logGet(43)) - raft.server.log.purge.gap = 1000000 (custom)
2019-09-25 12:10:11,140 [pool-77-thread-1] INFO  server.RaftServerConfigKeys (ConfUtils.java:logGet(43)) - raft.server.log.appender.buffer.byte-limit = 33554432 (custom)
2019-09-25 12:10:11,140 [pool-77-thread-1] INFO  server.RaftServerConfigKeys (ConfUtils.java:logGet(43)) - raft.server.log.segment.size.max = 1048576 (custom)
2019-09-25 12:10:11,140 [pool-77-thread-1] INFO  server.RaftServerConfigKeys (ConfUtils.java:logGet(43)) - raft.server.log.segment.cache.num.max = 2 (custom)
2019-09-25 12:10:11,140 [pool-77-thread-1] INFO  segmented.SegmentedRaftLogWorker (SegmentedRaftLogWorker.java:<init>(172)) - new c7bed0cc-269f-4b54-bb5a-2be104ddf1a5@group-B6327E9CEEBC-SegmentedRaftLogWorker for RaftStorage:Storage Directory /workdir/hadoop-ozone/integration-test/target/test-dir/MiniOzoneClusterImpl-b6380e3c-fb04-4178-98e9-eb7b36240636/datanode-5/data/ratis/0ed233ac-b3ac-4c05-af51-b6327e9ceebc
2019-09-25 12:10:11,141 [pool-77-thread-1] INFO  server.RaftServerConfigKeys (ConfUtils.java:logGet(43)) - raft.server.log.queue.byte-limit = 2147483647 (custom)
2019-09-25 12:10:11,141 [pool-77-thread-1] INFO  server.RaftServerConfigKeys (ConfUtils.java:logGet(43)) - raft.server.log.queue.element-limit = 1024 (custom)
2019-09-25 12:10:11,141 [pool-77-thread-1] INFO  server.RaftServerConfigKeys (ConfUtils.java:logGet(43)) - raft.server.log.segment.size.max = 1048576 (custom)
2019-09-25 12:10:11,141 [pool-77-thread-1] INFO  server.RaftServerConfigKeys (ConfUtils.java:logGet(43)) - raft.server.log.preallocated.size = 16384 (custom)
2019-09-25 12:10:11,141 [pool-77-thread-1] INFO  server.RaftServerConfigKeys (ConfUtils.java:logGet(43)) - raft.server.log.write.buffer.size = 33554432 (custom)
2019-09-25 12:10:11,141 [pool-77-thread-1] INFO  server.RaftServerConfigKeys (ConfUtils.java:logGet(43)) - raft.server.log.force.sync.num = 128 (default)
2019-09-25 12:10:11,141 [pool-77-thread-1] INFO  server.RaftServerConfigKeys (ConfUtils.java:logGet(43)) - raft.server.log.statemachine.data.sync = true (default)
2019-09-25 12:10:11,142 [pool-77-thread-1] INFO  server.RaftServerConfigKeys (ConfUtils.java:logGet(43)) - raft.server.log.statemachine.data.sync.timeout = 10s (default)
2019-09-25 12:10:11,142 [pool-77-thread-1] INFO  server.RaftServerConfigKeys (ConfUtils.java:logGet(43)) - raft.server.log.statemachine.data.sync.timeout.retry = -1 (default)
2019-09-25 12:10:11,142 [pool-77-thread-1] INFO  server.RaftServerConfigKeys (ConfUtils.java:logGet(43)) - raft.server.log.statemachine.data.caching.enabled = true (custom)
2019-09-25 12:10:11,142 [pool-77-thread-1] INFO  segmented.SegmentedRaftLogWorker (SegmentedRaftLogWorker.java:lambda$new$0(132)) - c7bed0cc-269f-4b54-bb5a-2be104ddf1a5@group-B6327E9CEEBC-SegmentedRaftLogWorker: flushIndex: setUnconditionally 0 -> -1
2019-09-25 12:10:11,143 [pool-77-thread-1] INFO  server.RaftServerConfigKeys (ConfUtils.java:logGet(43)) - raft.server.snapshot.auto.trigger.enabled = true (custom)
2019-09-25 12:10:11,143 [pool-77-thread-1] INFO  server.RaftServerConfigKeys (ConfUtils.java:logGet(43)) - raft.server.snapshot.auto.trigger.threshold = 10000 (custom)
2019-09-25 12:10:11,143 [pool-77-thread-1] INFO  server.RaftServerConfigKeys (ConfUtils.java:logGet(43)) - raft.server.snapshot.retention.num.files = 5 (custom)
2019-09-25 12:10:11,143 [pool-77-thread-1] INFO  server.RaftServerConfigKeys (ConfUtils.java:logGet(43)) - raft.server.retrycache.expirytime = 600000ms (custom)
2019-09-25 12:10:11,146 [pool-77-thread-1] INFO  impl.RaftServerImpl (RaftServerImpl.java:start(185)) - c7bed0cc-269f-4b54-bb5a-2be104ddf1a5@group-B6327E9CEEBC: start as a follower, conf=-1: [c7bed0cc-269f-4b54-bb5a-2be104ddf1a5:192.168.151.73:42323], old=null
2019-09-25 12:10:11,146 [pool-77-thread-1] INFO  impl.RaftServerImpl (RaftServerImpl.java:setRole(174)) - c7bed0cc-269f-4b54-bb5a-2be104ddf1a5@group-B6327E9CEEBC: changes role from      null to FOLLOWER at term 0 for startAsFollower
2019-09-25 12:10:11,147 [pool-77-thread-1] INFO  impl.RoleInfo (RoleInfo.java:updateAndGet(143)) - c7bed0cc-269f-4b54-bb5a-2be104ddf1a5: start FollowerState
2019-09-25 12:10:11,147 [pool-77-thread-1] INFO  util.JmxRegister (JmxRegister.java:tryRegister(44)) - Successfully registered JMX Bean with object name Ratis:service=RaftServer,group=group-B6327E9CEEBC,id=c7bed0cc-269f-4b54-bb5a-2be104ddf1a5
2019-09-25 12:10:11,153 [RatisPipelineUtilsThread] INFO  pipeline.PipelineStateManager (PipelineStateManager.java:addPipeline(56)) - Created pipeline Pipeline[ Id: 0ed233ac-b3ac-4c05-af51-b6327e9ceebc, Nodes: c7bed0cc-269f-4b54-bb5a-2be104ddf1a5{ip: 192.168.151.73, host: pr-hdds-1569-shd4m-3693607622, networkLocation: /default-rack, certSerialId: null}, Type:RATIS, Factor:ONE, State:OPEN]
2019-09-25 12:10:11,154 [RatisPipelineUtilsThread] INFO  pipeline.PipelinePlacementPolicy (PipelinePlacementPolicy.java:meetCriteria(91)) - Pipeline Placement: can't place more pipeline on heavy datanode： efb2beac-26e0-4b3b-9934-2458c1147cfd Heaviness: 6 limit: 5
2019-09-25 12:10:11,154 [RatisPipelineUtilsThread] INFO  pipeline.PipelinePlacementPolicy (PipelinePlacementPolicy.java:meetCriteria(91)) - Pipeline Placement: can't place more pipeline on heavy datanode： 60ced751-3023-4654-af5b-403edbc93820 Heaviness: 6 limit: 5
2019-09-25 12:10:11,154 [RatisPipelineUtilsThread] INFO  pipeline.PipelinePlacementPolicy (PipelinePlacementPolicy.java:meetCriteria(91)) - Pipeline Placement: can't place more pipeline on heavy datanode： 98c6e6f4-875d-42de-b8a9-30ed89dcc8e7 Heaviness: 6 limit: 5
2019-09-25 12:10:11,165 [grpc-default-executor-0] INFO  impl.RaftServerProxy (RaftServerProxy.java:addNew(89)) - 75407fdb-c05d-4d79-b869-4dab60013158: addNew group-18147AC26922:[75407fdb-c05d-4d79-b869-4dab60013158:192.168.151.73:41746] returns group-18147AC26922:java.util.concurrent.CompletableFuture@72143f53[Not completed]
2019-09-25 12:10:11,166 [pool-27-thread-1] INFO  impl.RaftServerImpl (RaftServerImpl.java:<init>(95)) - 75407fdb-c05d-4d79-b869-4dab60013158: new RaftServerImpl for group-18147AC26922:[75407fdb-c05d-4d79-b869-4dab60013158:192.168.151.73:41746] with ContainerStateMachine:uninitialized
2019-09-25 12:10:11,166 [pool-27-thread-1] INFO  server.RaftServerConfigKeys (ConfUtils.java:logGet(43)) - raft.server.rpc.timeout.min = 5s (custom)
2019-09-25 12:10:11,167 [pool-27-thread-1] INFO  server.RaftServerConfigKeys (ConfUtils.java:logGet(43)) - raft.server.rpc.timeout.max = 5200ms (custom)
2019-09-25 12:10:11,167 [pool-27-thread-1] INFO  server.RaftServerConfigKeys (ConfUtils.java:logGet(43)) - raft.server.rpcslowness.timeout = 120s (custom)
2019-09-25 12:10:11,167 [pool-27-thread-1] INFO  server.RaftServerConfigKeys (ConfUtils.java:logGet(43)) - raft.server.sleep.deviation.threshold = 300 (default)
2019-09-25 12:10:11,167 [pool-27-thread-1] INFO  server.RaftServerConfigKeys (ConfUtils.java:logGet(43)) - raft.server.log.appender.install.snapshot.enabled = false (custom)
2019-09-25 12:10:11,167 [pool-27-thread-1] INFO  impl.RaftServerImpl (ServerState.java:<init>(103)) - 75407fdb-c05d-4d79-b869-4dab60013158@group-18147AC26922: ConfigurationManager, init=-1: [75407fdb-c05d-4d79-b869-4dab60013158:192.168.151.73:41746], old=null, confs=<EMPTY_MAP>
2019-09-25 12:10:11,167 [pool-27-thread-1] INFO  server.RaftServerConfigKeys (ConfUtils.java:logGet(43)) - raft.server.storage.dir = [/workdir/hadoop-ozone/integration-test/target/test-dir/MiniOzoneClusterImpl-b6380e3c-fb04-4178-98e9-eb7b36240636/datanode-0/data/ratis] (custom)
2019-09-25 12:10:11,168 [pool-27-thread-1] INFO  storage.RaftStorageDirectory (RaftStorageDirectory.java:analyzeStorage(246)) - The storage directory /workdir/hadoop-ozone/integration-test/target/test-dir/MiniOzoneClusterImpl-b6380e3c-fb04-4178-98e9-eb7b36240636/datanode-0/data/ratis/217463ef-05bc-403a-a94b-18147ac26922 does not exist. Creating ...
2019-09-25 12:10:11,182 [pool-27-thread-1] INFO  storage.RaftStorageDirectory (RaftStorageDirectory.java:tryLock(328)) - Lock on /workdir/hadoop-ozone/integration-test/target/test-dir/MiniOzoneClusterImpl-b6380e3c-fb04-4178-98e9-eb7b36240636/datanode-0/data/ratis/217463ef-05bc-403a-a94b-18147ac26922/in_use.lock acquired by nodename 9481@pr-hdds-1569-shd4m-3693607622
2019-09-25 12:10:11,196 [pool-27-thread-1] INFO  storage.RaftStorage (RaftStorage.java:format(72)) - Storage directory /workdir/hadoop-ozone/integration-test/target/test-dir/MiniOzoneClusterImpl-b6380e3c-fb04-4178-98e9-eb7b36240636/datanode-0/data/ratis/217463ef-05bc-403a-a94b-18147ac26922 has been successfully formatted.
2019-09-25 12:10:11,196 [pool-27-thread-1] INFO  ratis.ContainerStateMachine (ContainerStateMachine.java:loadSnapshot(230)) - group-18147AC26922: The snapshot info is null. Setting the last applied indexto:(t:0, i:~)
2019-09-25 12:10:11,196 [pool-27-thread-1] INFO  server.RaftServerConfigKeys (ConfUtils.java:logGet(43)) - raft.server.notification.no-leader.timeout = 120s (custom)
2019-09-25 12:10:11,196 [pool-27-thread-1] INFO  server.RaftServerConfigKeys (ConfUtils.java:logGet(43)) - raft.server.log.use.memory = false (default)
2019-09-25 12:10:11,196 [pool-27-thread-1] INFO  server.RaftServerConfigKeys (ConfUtils.java:logGet(43)) - raft.server.log.purge.gap = 1000000 (custom)
2019-09-25 12:10:11,197 [pool-27-thread-1] INFO  server.RaftServerConfigKeys (ConfUtils.java:logGet(43)) - raft.server.log.appender.buffer.byte-limit = 33554432 (custom)
2019-09-25 12:10:11,197 [pool-27-thread-1] INFO  server.RaftServerConfigKeys (ConfUtils.java:logGet(43)) - raft.server.log.segment.size.max = 1048576 (custom)
2019-09-25 12:10:11,197 [pool-27-thread-1] INFO  server.RaftServerConfigKeys (ConfUtils.java:logGet(43)) - raft.server.log.segment.cache.num.max = 2 (custom)
2019-09-25 12:10:11,197 [pool-27-thread-1] INFO  segmented.SegmentedRaftLogWorker (SegmentedRaftLogWorker.java:<init>(172)) - new 75407fdb-c05d-4d79-b869-4dab60013158@group-18147AC26922-SegmentedRaftLogWorker for RaftStorage:Storage Directory /workdir/hadoop-ozone/integration-test/target/test-dir/MiniOzoneClusterImpl-b6380e3c-fb04-4178-98e9-eb7b36240636/datanode-0/data/ratis/217463ef-05bc-403a-a94b-18147ac26922
2019-09-25 12:10:11,197 [pool-27-thread-1] INFO  server.RaftServerConfigKeys (ConfUtils.java:logGet(43)) - raft.server.log.queue.byte-limit = 2147483647 (custom)
2019-09-25 12:10:11,197 [pool-27-thread-1] INFO  server.RaftServerConfigKeys (ConfUtils.java:logGet(43)) - raft.server.log.queue.element-limit = 1024 (custom)
2019-09-25 12:10:11,198 [pool-27-thread-1] INFO  server.RaftServerConfigKeys (ConfUtils.java:logGet(43)) - raft.server.log.segment.size.max = 1048576 (custom)
2019-09-25 12:10:11,198 [pool-27-thread-1] INFO  server.RaftServerConfigKeys (ConfUtils.java:logGet(43)) - raft.server.log.preallocated.size = 16384 (custom)
2019-09-25 12:10:11,198 [pool-27-thread-1] INFO  server.RaftServerConfigKeys (ConfUtils.java:logGet(43)) - raft.server.log.write.buffer.size = 33554432 (custom)
2019-09-25 12:10:11,198 [pool-27-thread-1] INFO  server.RaftServerConfigKeys (ConfUtils.java:logGet(43)) - raft.server.log.force.sync.num = 128 (default)
2019-09-25 12:10:11,199 [pool-27-thread-1] INFO  server.RaftServerConfigKeys (ConfUtils.java:logGet(43)) - raft.server.log.statemachine.data.sync = true (default)
2019-09-25 12:10:11,199 [pool-27-thread-1] INFO  server.RaftServerConfigKeys (ConfUtils.java:logGet(43)) - raft.server.log.statemachine.data.sync.timeout = 10s (default)
2019-09-25 12:10:11,199 [pool-27-thread-1] INFO  server.RaftServerConfigKeys (ConfUtils.java:logGet(43)) - raft.server.log.statemachine.data.sync.timeout.retry = -1 (default)
2019-09-25 12:10:11,200 [pool-27-thread-1] INFO  server.RaftServerConfigKeys (ConfUtils.java:logGet(43)) - raft.server.log.statemachine.data.caching.enabled = true (custom)
2019-09-25 12:10:11,200 [pool-27-thread-1] INFO  segmented.SegmentedRaftLogWorker (SegmentedRaftLogWorker.java:lambda$new$0(132)) - 75407fdb-c05d-4d79-b869-4dab60013158@group-18147AC26922-SegmentedRaftLogWorker: flushIndex: setUnconditionally 0 -> -1
2019-09-25 12:10:11,200 [pool-27-thread-1] INFO  server.RaftServerConfigKeys (ConfUtils.java:logGet(43)) - raft.server.snapshot.auto.trigger.enabled = true (custom)
2019-09-25 12:10:11,200 [pool-27-thread-1] INFO  server.RaftServerConfigKeys (ConfUtils.java:logGet(43)) - raft.server.snapshot.auto.trigger.threshold = 10000 (custom)
2019-09-25 12:10:11,201 [pool-27-thread-1] INFO  server.RaftServerConfigKeys (ConfUtils.java:logGet(43)) - raft.server.snapshot.retention.num.files = 5 (custom)
2019-09-25 12:10:11,201 [pool-27-thread-1] INFO  server.RaftServerConfigKeys (ConfUtils.java:logGet(43)) - raft.server.retrycache.expirytime = 600000ms (custom)
2019-09-25 12:10:11,204 [pool-27-thread-1] INFO  impl.RaftServerImpl (RaftServerImpl.java:start(185)) - 75407fdb-c05d-4d79-b869-4dab60013158@group-18147AC26922: start as a follower, conf=-1: [75407fdb-c05d-4d79-b869-4dab60013158:192.168.151.73:41746], old=null
2019-09-25 12:10:11,204 [pool-27-thread-1] INFO  impl.RaftServerImpl (RaftServerImpl.java:setRole(174)) - 75407fdb-c05d-4d79-b869-4dab60013158@group-18147AC26922: changes role from      null to FOLLOWER at term 0 for startAsFollower
2019-09-25 12:10:11,204 [pool-27-thread-1] INFO  impl.RoleInfo (RoleInfo.java:updateAndGet(143)) - 75407fdb-c05d-4d79-b869-4dab60013158: start FollowerState
2019-09-25 12:10:11,205 [pool-27-thread-1] INFO  util.JmxRegister (JmxRegister.java:tryRegister(44)) - Successfully registered JMX Bean with object name Ratis:service=RaftServer,group=group-18147AC26922,id=75407fdb-c05d-4d79-b869-4dab60013158
2019-09-25 12:10:11,215 [RatisPipelineUtilsThread] INFO  pipeline.PipelineStateManager (PipelineStateManager.java:addPipeline(56)) - Created pipeline Pipeline[ Id: 217463ef-05bc-403a-a94b-18147ac26922, Nodes: 75407fdb-c05d-4d79-b869-4dab60013158{ip: 192.168.151.73, host: pr-hdds-1569-shd4m-3693607622, networkLocation: /default-rack, certSerialId: null}, Type:RATIS, Factor:ONE, State:OPEN]
2019-09-25 12:10:11,216 [RatisPipelineUtilsThread] INFO  pipeline.PipelinePlacementPolicy (PipelinePlacementPolicy.java:meetCriteria(91)) - Pipeline Placement: can't place more pipeline on heavy datanode： efb2beac-26e0-4b3b-9934-2458c1147cfd Heaviness: 6 limit: 5
2019-09-25 12:10:11,216 [RatisPipelineUtilsThread] INFO  pipeline.PipelinePlacementPolicy (PipelinePlacementPolicy.java:meetCriteria(91)) - Pipeline Placement: can't place more pipeline on heavy datanode： 75407fdb-c05d-4d79-b869-4dab60013158 Heaviness: 6 limit: 5
2019-09-25 12:10:11,216 [RatisPipelineUtilsThread] INFO  pipeline.PipelinePlacementPolicy (PipelinePlacementPolicy.java:meetCriteria(91)) - Pipeline Placement: can't place more pipeline on heavy datanode： 60ced751-3023-4654-af5b-403edbc93820 Heaviness: 6 limit: 5
2019-09-25 12:10:11,216 [RatisPipelineUtilsThread] INFO  pipeline.PipelinePlacementPolicy (PipelinePlacementPolicy.java:meetCriteria(91)) - Pipeline Placement: can't place more pipeline on heavy datanode： 98c6e6f4-875d-42de-b8a9-30ed89dcc8e7 Heaviness: 6 limit: 5
2019-09-25 12:10:11,229 [grpc-default-executor-0] INFO  impl.RaftServerProxy (RaftServerProxy.java:addNew(89)) - e9a0ea36-247e-456c-8e42-8632faf34d05: addNew group-AE8865FB6860:[e9a0ea36-247e-456c-8e42-8632faf34d05:192.168.151.73:42435] returns group-AE8865FB6860:java.util.concurrent.CompletableFuture@8f6dab6[Not completed]
2019-09-25 12:10:11,230 [pool-57-thread-1] INFO  impl.RaftServerImpl (RaftServerImpl.java:<init>(95)) - e9a0ea36-247e-456c-8e42-8632faf34d05: new RaftServerImpl for group-AE8865FB6860:[e9a0ea36-247e-456c-8e42-8632faf34d05:192.168.151.73:42435] with ContainerStateMachine:uninitialized
2019-09-25 12:10:11,230 [pool-57-thread-1] INFO  server.RaftServerConfigKeys (ConfUtils.java:logGet(43)) - raft.server.rpc.timeout.min = 5s (custom)
2019-09-25 12:10:11,230 [pool-57-thread-1] INFO  server.RaftServerConfigKeys (ConfUtils.java:logGet(43)) - raft.server.rpc.timeout.max = 5200ms (custom)
2019-09-25 12:10:11,231 [pool-57-thread-1] INFO  server.RaftServerConfigKeys (ConfUtils.java:logGet(43)) - raft.server.rpcslowness.timeout = 120s (custom)
2019-09-25 12:10:11,231 [pool-57-thread-1] INFO  server.RaftServerConfigKeys (ConfUtils.java:logGet(43)) - raft.server.sleep.deviation.threshold = 300 (default)
2019-09-25 12:10:11,231 [pool-57-thread-1] INFO  server.RaftServerConfigKeys (ConfUtils.java:logGet(43)) - raft.server.log.appender.install.snapshot.enabled = false (custom)
2019-09-25 12:10:11,231 [pool-57-thread-1] INFO  impl.RaftServerImpl (ServerState.java:<init>(103)) - e9a0ea36-247e-456c-8e42-8632faf34d05@group-AE8865FB6860: ConfigurationManager, init=-1: [e9a0ea36-247e-456c-8e42-8632faf34d05:192.168.151.73:42435], old=null, confs=<EMPTY_MAP>
2019-09-25 12:10:11,231 [pool-57-thread-1] INFO  server.RaftServerConfigKeys (ConfUtils.java:logGet(43)) - raft.server.storage.dir = [/workdir/hadoop-ozone/integration-test/target/test-dir/MiniOzoneClusterImpl-b6380e3c-fb04-4178-98e9-eb7b36240636/datanode-3/data/ratis] (custom)
2019-09-25 12:10:11,231 [pool-57-thread-1] INFO  storage.RaftStorageDirectory (RaftStorageDirectory.java:analyzeStorage(246)) - The storage directory /workdir/hadoop-ozone/integration-test/target/test-dir/MiniOzoneClusterImpl-b6380e3c-fb04-4178-98e9-eb7b36240636/datanode-3/data/ratis/eae3fbea-d486-4ac4-87a5-ae8865fb6860 does not exist. Creating ...
2019-09-25 12:10:11,260 [pool-57-thread-1] INFO  storage.RaftStorageDirectory (RaftStorageDirectory.java:tryLock(328)) - Lock on /workdir/hadoop-ozone/integration-test/target/test-dir/MiniOzoneClusterImpl-b6380e3c-fb04-4178-98e9-eb7b36240636/datanode-3/data/ratis/eae3fbea-d486-4ac4-87a5-ae8865fb6860/in_use.lock acquired by nodename 9481@pr-hdds-1569-shd4m-3693607622
2019-09-25 12:10:11,278 [pool-57-thread-1] INFO  storage.RaftStorage (RaftStorage.java:format(72)) - Storage directory /workdir/hadoop-ozone/integration-test/target/test-dir/MiniOzoneClusterImpl-b6380e3c-fb04-4178-98e9-eb7b36240636/datanode-3/data/ratis/eae3fbea-d486-4ac4-87a5-ae8865fb6860 has been successfully formatted.
2019-09-25 12:10:11,279 [pool-57-thread-1] INFO  ratis.ContainerStateMachine (ContainerStateMachine.java:loadSnapshot(230)) - group-AE8865FB6860: The snapshot info is null. Setting the last applied indexto:(t:0, i:~)
2019-09-25 12:10:11,279 [pool-57-thread-1] INFO  server.RaftServerConfigKeys (ConfUtils.java:logGet(43)) - raft.server.notification.no-leader.timeout = 120s (custom)
2019-09-25 12:10:11,279 [pool-57-thread-1] INFO  server.RaftServerConfigKeys (ConfUtils.java:logGet(43)) - raft.server.log.use.memory = false (default)
2019-09-25 12:10:11,279 [pool-57-thread-1] INFO  server.RaftServerConfigKeys (ConfUtils.java:logGet(43)) - raft.server.log.purge.gap = 1000000 (custom)
2019-09-25 12:10:11,280 [pool-57-thread-1] INFO  server.RaftServerConfigKeys (ConfUtils.java:logGet(43)) - raft.server.log.appender.buffer.byte-limit = 33554432 (custom)
2019-09-25 12:10:11,280 [pool-57-thread-1] INFO  server.RaftServerConfigKeys (ConfUtils.java:logGet(43)) - raft.server.log.segment.size.max = 1048576 (custom)
2019-09-25 12:10:11,280 [pool-57-thread-1] INFO  server.RaftServerConfigKeys (ConfUtils.java:logGet(43)) - raft.server.log.segment.cache.num.max = 2 (custom)
2019-09-25 12:10:11,280 [pool-57-thread-1] INFO  segmented.SegmentedRaftLogWorker (SegmentedRaftLogWorker.java:<init>(172)) - new e9a0ea36-247e-456c-8e42-8632faf34d05@group-AE8865FB6860-SegmentedRaftLogWorker for RaftStorage:Storage Directory /workdir/hadoop-ozone/integration-test/target/test-dir/MiniOzoneClusterImpl-b6380e3c-fb04-4178-98e9-eb7b36240636/datanode-3/data/ratis/eae3fbea-d486-4ac4-87a5-ae8865fb6860
2019-09-25 12:10:11,280 [pool-57-thread-1] INFO  server.RaftServerConfigKeys (ConfUtils.java:logGet(43)) - raft.server.log.queue.byte-limit = 2147483647 (custom)
2019-09-25 12:10:11,280 [pool-57-thread-1] INFO  server.RaftServerConfigKeys (ConfUtils.java:logGet(43)) - raft.server.log.queue.element-limit = 1024 (custom)
2019-09-25 12:10:11,281 [pool-57-thread-1] INFO  server.RaftServerConfigKeys (ConfUtils.java:logGet(43)) - raft.server.log.segment.size.max = 1048576 (custom)
2019-09-25 12:10:11,281 [pool-57-thread-1] INFO  server.RaftServerConfigKeys (ConfUtils.java:logGet(43)) - raft.server.log.preallocated.size = 16384 (custom)
2019-09-25 12:10:11,281 [pool-57-thread-1] INFO  server.RaftServerConfigKeys (ConfUtils.java:logGet(43)) - raft.server.log.write.buffer.size = 33554432 (custom)
2019-09-25 12:10:11,281 [pool-57-thread-1] INFO  server.RaftServerConfigKeys (ConfUtils.java:logGet(43)) - raft.server.log.force.sync.num = 128 (default)
2019-09-25 12:10:11,281 [pool-57-thread-1] INFO  server.RaftServerConfigKeys (ConfUtils.java:logGet(43)) - raft.server.log.statemachine.data.sync = true (default)
2019-09-25 12:10:11,281 [pool-57-thread-1] INFO  server.RaftServerConfigKeys (ConfUtils.java:logGet(43)) - raft.server.log.statemachine.data.sync.timeout = 10s (default)
2019-09-25 12:10:11,282 [pool-57-thread-1] INFO  server.RaftServerConfigKeys (ConfUtils.java:logGet(43)) - raft.server.log.statemachine.data.sync.timeout.retry = -1 (default)
2019-09-25 12:10:11,282 [pool-57-thread-1] INFO  server.RaftServerConfigKeys (ConfUtils.java:logGet(43)) - raft.server.log.statemachine.data.caching.enabled = true (custom)
2019-09-25 12:10:11,282 [pool-57-thread-1] INFO  segmented.SegmentedRaftLogWorker (SegmentedRaftLogWorker.java:lambda$new$0(132)) - e9a0ea36-247e-456c-8e42-8632faf34d05@group-AE8865FB6860-SegmentedRaftLogWorker: flushIndex: setUnconditionally 0 -> -1
2019-09-25 12:10:11,283 [pool-57-thread-1] INFO  server.RaftServerConfigKeys (ConfUtils.java:logGet(43)) - raft.server.snapshot.auto.trigger.enabled = true (custom)
2019-09-25 12:10:11,283 [pool-57-thread-1] INFO  server.RaftServerConfigKeys (ConfUtils.java:logGet(43)) - raft.server.snapshot.auto.trigger.threshold = 10000 (custom)
2019-09-25 12:10:11,283 [pool-57-thread-1] INFO  server.RaftServerConfigKeys (ConfUtils.java:logGet(43)) - raft.server.snapshot.retention.num.files = 5 (custom)
2019-09-25 12:10:11,283 [pool-57-thread-1] INFO  server.RaftServerConfigKeys (ConfUtils.java:logGet(43)) - raft.server.retrycache.expirytime = 600000ms (custom)
2019-09-25 12:10:11,287 [pool-57-thread-1] INFO  impl.RaftServerImpl (RaftServerImpl.java:start(185)) - e9a0ea36-247e-456c-8e42-8632faf34d05@group-AE8865FB6860: start as a follower, conf=-1: [e9a0ea36-247e-456c-8e42-8632faf34d05:192.168.151.73:42435], old=null
2019-09-25 12:10:11,287 [pool-57-thread-1] INFO  impl.RaftServerImpl (RaftServerImpl.java:setRole(174)) - e9a0ea36-247e-456c-8e42-8632faf34d05@group-AE8865FB6860: changes role from      null to FOLLOWER at term 0 for startAsFollower
2019-09-25 12:10:11,287 [pool-57-thread-1] INFO  impl.RoleInfo (RoleInfo.java:updateAndGet(143)) - e9a0ea36-247e-456c-8e42-8632faf34d05: start FollowerState
2019-09-25 12:10:11,288 [pool-57-thread-1] INFO  util.JmxRegister (JmxRegister.java:tryRegister(44)) - Successfully registered JMX Bean with object name Ratis:service=RaftServer,group=group-AE8865FB6860,id=e9a0ea36-247e-456c-8e42-8632faf34d05
2019-09-25 12:10:11,294 [RatisPipelineUtilsThread] INFO  pipeline.PipelineStateManager (PipelineStateManager.java:addPipeline(56)) - Created pipeline Pipeline[ Id: eae3fbea-d486-4ac4-87a5-ae8865fb6860, Nodes: e9a0ea36-247e-456c-8e42-8632faf34d05{ip: 192.168.151.73, host: pr-hdds-1569-shd4m-3693607622, networkLocation: /default-rack, certSerialId: null}, Type:RATIS, Factor:ONE, State:OPEN]
2019-09-25 12:10:11,295 [RatisPipelineUtilsThread] INFO  pipeline.PipelinePlacementPolicy (PipelinePlacementPolicy.java:meetCriteria(91)) - Pipeline Placement: can't place more pipeline on heavy datanode： efb2beac-26e0-4b3b-9934-2458c1147cfd Heaviness: 6 limit: 5
2019-09-25 12:10:11,295 [RatisPipelineUtilsThread] INFO  pipeline.PipelinePlacementPolicy (PipelinePlacementPolicy.java:meetCriteria(91)) - Pipeline Placement: can't place more pipeline on heavy datanode： 75407fdb-c05d-4d79-b869-4dab60013158 Heaviness: 6 limit: 5
2019-09-25 12:10:11,295 [RatisPipelineUtilsThread] INFO  pipeline.PipelinePlacementPolicy (PipelinePlacementPolicy.java:meetCriteria(91)) - Pipeline Placement: can't place more pipeline on heavy datanode： 60ced751-3023-4654-af5b-403edbc93820 Heaviness: 6 limit: 5
2019-09-25 12:10:11,295 [RatisPipelineUtilsThread] INFO  pipeline.PipelinePlacementPolicy (PipelinePlacementPolicy.java:meetCriteria(91)) - Pipeline Placement: can't place more pipeline on heavy datanode： 98c6e6f4-875d-42de-b8a9-30ed89dcc8e7 Heaviness: 6 limit: 5
2019-09-25 12:10:11,307 [grpc-default-executor-0] INFO  impl.RaftServerProxy (RaftServerProxy.java:addNew(89)) - e9a0ea36-247e-456c-8e42-8632faf34d05: addNew group-36A94B516B63:[e9a0ea36-247e-456c-8e42-8632faf34d05:192.168.151.73:42435] returns group-36A94B516B63:java.util.concurrent.CompletableFuture@2924292a[Not completed]
2019-09-25 12:10:11,309 [pool-57-thread-1] INFO  impl.RaftServerImpl (RaftServerImpl.java:<init>(95)) - e9a0ea36-247e-456c-8e42-8632faf34d05: new RaftServerImpl for group-36A94B516B63:[e9a0ea36-247e-456c-8e42-8632faf34d05:192.168.151.73:42435] with ContainerStateMachine:uninitialized
2019-09-25 12:10:11,309 [pool-57-thread-1] INFO  server.RaftServerConfigKeys (ConfUtils.java:logGet(43)) - raft.server.rpc.timeout.min = 5s (custom)
2019-09-25 12:10:11,309 [pool-57-thread-1] INFO  server.RaftServerConfigKeys (ConfUtils.java:logGet(43)) - raft.server.rpc.timeout.max = 5200ms (custom)
2019-09-25 12:10:11,309 [pool-57-thread-1] INFO  server.RaftServerConfigKeys (ConfUtils.java:logGet(43)) - raft.server.rpcslowness.timeout = 120s (custom)
2019-09-25 12:10:11,309 [pool-57-thread-1] INFO  server.RaftServerConfigKeys (ConfUtils.java:logGet(43)) - raft.server.sleep.deviation.threshold = 300 (default)
2019-09-25 12:10:11,309 [pool-57-thread-1] INFO  server.RaftServerConfigKeys (ConfUtils.java:logGet(43)) - raft.server.log.appender.install.snapshot.enabled = false (custom)
2019-09-25 12:10:11,309 [pool-57-thread-1] INFO  impl.RaftServerImpl (ServerState.java:<init>(103)) - e9a0ea36-247e-456c-8e42-8632faf34d05@group-36A94B516B63: ConfigurationManager, init=-1: [e9a0ea36-247e-456c-8e42-8632faf34d05:192.168.151.73:42435], old=null, confs=<EMPTY_MAP>
2019-09-25 12:10:11,310 [pool-57-thread-1] INFO  server.RaftServerConfigKeys (ConfUtils.java:logGet(43)) - raft.server.storage.dir = [/workdir/hadoop-ozone/integration-test/target/test-dir/MiniOzoneClusterImpl-b6380e3c-fb04-4178-98e9-eb7b36240636/datanode-3/data/ratis] (custom)
2019-09-25 12:10:11,310 [pool-57-thread-1] INFO  storage.RaftStorageDirectory (RaftStorageDirectory.java:analyzeStorage(246)) - The storage directory /workdir/hadoop-ozone/integration-test/target/test-dir/MiniOzoneClusterImpl-b6380e3c-fb04-4178-98e9-eb7b36240636/datanode-3/data/ratis/ae80dc87-75c7-44e7-bdb9-36a94b516b63 does not exist. Creating ...
2019-09-25 12:10:11,333 [pool-57-thread-1] INFO  storage.RaftStorageDirectory (RaftStorageDirectory.java:tryLock(328)) - Lock on /workdir/hadoop-ozone/integration-test/target/test-dir/MiniOzoneClusterImpl-b6380e3c-fb04-4178-98e9-eb7b36240636/datanode-3/data/ratis/ae80dc87-75c7-44e7-bdb9-36a94b516b63/in_use.lock acquired by nodename 9481@pr-hdds-1569-shd4m-3693607622
2019-09-25 12:10:11,347 [pool-57-thread-1] INFO  storage.RaftStorage (RaftStorage.java:format(72)) - Storage directory /workdir/hadoop-ozone/integration-test/target/test-dir/MiniOzoneClusterImpl-b6380e3c-fb04-4178-98e9-eb7b36240636/datanode-3/data/ratis/ae80dc87-75c7-44e7-bdb9-36a94b516b63 has been successfully formatted.
2019-09-25 12:10:11,348 [pool-57-thread-1] INFO  ratis.ContainerStateMachine (ContainerStateMachine.java:loadSnapshot(230)) - group-36A94B516B63: The snapshot info is null. Setting the last applied indexto:(t:0, i:~)
2019-09-25 12:10:11,348 [pool-57-thread-1] INFO  server.RaftServerConfigKeys (ConfUtils.java:logGet(43)) - raft.server.notification.no-leader.timeout = 120s (custom)
2019-09-25 12:10:11,348 [pool-57-thread-1] INFO  server.RaftServerConfigKeys (ConfUtils.java:logGet(43)) - raft.server.log.use.memory = false (default)
2019-09-25 12:10:11,348 [pool-57-thread-1] INFO  server.RaftServerConfigKeys (ConfUtils.java:logGet(43)) - raft.server.log.purge.gap = 1000000 (custom)
2019-09-25 12:10:11,348 [pool-57-thread-1] INFO  server.RaftServerConfigKeys (ConfUtils.java:logGet(43)) - raft.server.log.appender.buffer.byte-limit = 33554432 (custom)
2019-09-25 12:10:11,348 [pool-57-thread-1] INFO  server.RaftServerConfigKeys (ConfUtils.java:logGet(43)) - raft.server.log.segment.size.max = 1048576 (custom)
2019-09-25 12:10:11,349 [pool-57-thread-1] INFO  server.RaftServerConfigKeys (ConfUtils.java:logGet(43)) - raft.server.log.segment.cache.num.max = 2 (custom)
2019-09-25 12:10:11,349 [pool-57-thread-1] INFO  segmented.SegmentedRaftLogWorker (SegmentedRaftLogWorker.java:<init>(172)) - new e9a0ea36-247e-456c-8e42-8632faf34d05@group-36A94B516B63-SegmentedRaftLogWorker for RaftStorage:Storage Directory /workdir/hadoop-ozone/integration-test/target/test-dir/MiniOzoneClusterImpl-b6380e3c-fb04-4178-98e9-eb7b36240636/datanode-3/data/ratis/ae80dc87-75c7-44e7-bdb9-36a94b516b63
2019-09-25 12:10:11,349 [pool-57-thread-1] INFO  server.RaftServerConfigKeys (ConfUtils.java:logGet(43)) - raft.server.log.queue.byte-limit = 2147483647 (custom)
2019-09-25 12:10:11,349 [pool-57-thread-1] INFO  server.RaftServerConfigKeys (ConfUtils.java:logGet(43)) - raft.server.log.queue.element-limit = 1024 (custom)
2019-09-25 12:10:11,349 [pool-57-thread-1] INFO  server.RaftServerConfigKeys (ConfUtils.java:logGet(43)) - raft.server.log.segment.size.max = 1048576 (custom)
2019-09-25 12:10:11,350 [pool-57-thread-1] INFO  server.RaftServerConfigKeys (ConfUtils.java:logGet(43)) - raft.server.log.preallocated.size = 16384 (custom)
2019-09-25 12:10:11,350 [pool-57-thread-1] INFO  server.RaftServerConfigKeys (ConfUtils.java:logGet(43)) - raft.server.log.write.buffer.size = 33554432 (custom)
2019-09-25 12:10:11,350 [pool-57-thread-1] INFO  server.RaftServerConfigKeys (ConfUtils.java:logGet(43)) - raft.server.log.force.sync.num = 128 (default)
2019-09-25 12:10:11,350 [pool-57-thread-1] INFO  server.RaftServerConfigKeys (ConfUtils.java:logGet(43)) - raft.server.log.statemachine.data.sync = true (default)
2019-09-25 12:10:11,350 [pool-57-thread-1] INFO  server.RaftServerConfigKeys (ConfUtils.java:logGet(43)) - raft.server.log.statemachine.data.sync.timeout = 10s (default)
2019-09-25 12:10:11,350 [pool-57-thread-1] INFO  server.RaftServerConfigKeys (ConfUtils.java:logGet(43)) - raft.server.log.statemachine.data.sync.timeout.retry = -1 (default)
2019-09-25 12:10:11,351 [pool-57-thread-1] INFO  server.RaftServerConfigKeys (ConfUtils.java:logGet(43)) - raft.server.log.statemachine.data.caching.enabled = true (custom)
2019-09-25 12:10:11,351 [pool-57-thread-1] INFO  segmented.SegmentedRaftLogWorker (SegmentedRaftLogWorker.java:lambda$new$0(132)) - e9a0ea36-247e-456c-8e42-8632faf34d05@group-36A94B516B63-SegmentedRaftLogWorker: flushIndex: setUnconditionally 0 -> -1
2019-09-25 12:10:11,351 [pool-57-thread-1] INFO  server.RaftServerConfigKeys (ConfUtils.java:logGet(43)) - raft.server.snapshot.auto.trigger.enabled = true (custom)
2019-09-25 12:10:11,351 [pool-57-thread-1] INFO  server.RaftServerConfigKeys (ConfUtils.java:logGet(43)) - raft.server.snapshot.auto.trigger.threshold = 10000 (custom)
2019-09-25 12:10:11,352 [pool-57-thread-1] INFO  server.RaftServerConfigKeys (ConfUtils.java:logGet(43)) - raft.server.snapshot.retention.num.files = 5 (custom)
2019-09-25 12:10:11,352 [pool-57-thread-1] INFO  server.RaftServerConfigKeys (ConfUtils.java:logGet(43)) - raft.server.retrycache.expirytime = 600000ms (custom)
2019-09-25 12:10:11,355 [pool-57-thread-1] INFO  impl.RaftServerImpl (RaftServerImpl.java:start(185)) - e9a0ea36-247e-456c-8e42-8632faf34d05@group-36A94B516B63: start as a follower, conf=-1: [e9a0ea36-247e-456c-8e42-8632faf34d05:192.168.151.73:42435], old=null
2019-09-25 12:10:11,355 [pool-57-thread-1] INFO  impl.RaftServerImpl (RaftServerImpl.java:setRole(174)) - e9a0ea36-247e-456c-8e42-8632faf34d05@group-36A94B516B63: changes role from      null to FOLLOWER at term 0 for startAsFollower
2019-09-25 12:10:11,355 [pool-57-thread-1] INFO  impl.RoleInfo (RoleInfo.java:updateAndGet(143)) - e9a0ea36-247e-456c-8e42-8632faf34d05: start FollowerState
2019-09-25 12:10:11,356 [pool-57-thread-1] INFO  util.JmxRegister (JmxRegister.java:tryRegister(44)) - Successfully registered JMX Bean with object name Ratis:service=RaftServer,group=group-36A94B516B63,id=e9a0ea36-247e-456c-8e42-8632faf34d05
2019-09-25 12:10:11,363 [RatisPipelineUtilsThread] INFO  pipeline.PipelineStateManager (PipelineStateManager.java:addPipeline(56)) - Created pipeline Pipeline[ Id: ae80dc87-75c7-44e7-bdb9-36a94b516b63, Nodes: e9a0ea36-247e-456c-8e42-8632faf34d05{ip: 192.168.151.73, host: pr-hdds-1569-shd4m-3693607622, networkLocation: /default-rack, certSerialId: null}, Type:RATIS, Factor:ONE, State:OPEN]
2019-09-25 12:10:11,364 [RatisPipelineUtilsThread] INFO  pipeline.PipelinePlacementPolicy (PipelinePlacementPolicy.java:meetCriteria(91)) - Pipeline Placement: can't place more pipeline on heavy datanode： efb2beac-26e0-4b3b-9934-2458c1147cfd Heaviness: 6 limit: 5
2019-09-25 12:10:11,364 [RatisPipelineUtilsThread] INFO  pipeline.PipelinePlacementPolicy (PipelinePlacementPolicy.java:meetCriteria(91)) - Pipeline Placement: can't place more pipeline on heavy datanode： 75407fdb-c05d-4d79-b869-4dab60013158 Heaviness: 6 limit: 5
2019-09-25 12:10:11,364 [RatisPipelineUtilsThread] INFO  pipeline.PipelinePlacementPolicy (PipelinePlacementPolicy.java:meetCriteria(91)) - Pipeline Placement: can't place more pipeline on heavy datanode： 60ced751-3023-4654-af5b-403edbc93820 Heaviness: 6 limit: 5
2019-09-25 12:10:11,364 [RatisPipelineUtilsThread] INFO  pipeline.PipelinePlacementPolicy (PipelinePlacementPolicy.java:meetCriteria(91)) - Pipeline Placement: can't place more pipeline on heavy datanode： 98c6e6f4-875d-42de-b8a9-30ed89dcc8e7 Heaviness: 6 limit: 5
2019-09-25 12:10:11,380 [grpc-default-executor-0] INFO  impl.RaftServerProxy (RaftServerProxy.java:addNew(89)) - c7bed0cc-269f-4b54-bb5a-2be104ddf1a5: addNew group-B88C4A079FD1:[c7bed0cc-269f-4b54-bb5a-2be104ddf1a5:192.168.151.73:42323] returns group-B88C4A079FD1:java.util.concurrent.CompletableFuture@3d5b74c0[Not completed]
2019-09-25 12:10:11,382 [pool-77-thread-1] INFO  impl.RaftServerImpl (RaftServerImpl.java:<init>(95)) - c7bed0cc-269f-4b54-bb5a-2be104ddf1a5: new RaftServerImpl for group-B88C4A079FD1:[c7bed0cc-269f-4b54-bb5a-2be104ddf1a5:192.168.151.73:42323] with ContainerStateMachine:uninitialized
2019-09-25 12:10:11,382 [pool-77-thread-1] INFO  server.RaftServerConfigKeys (ConfUtils.java:logGet(43)) - raft.server.rpc.timeout.min = 5s (custom)
2019-09-25 12:10:11,382 [pool-77-thread-1] INFO  server.RaftServerConfigKeys (ConfUtils.java:logGet(43)) - raft.server.rpc.timeout.max = 5200ms (custom)
2019-09-25 12:10:11,383 [pool-77-thread-1] INFO  server.RaftServerConfigKeys (ConfUtils.java:logGet(43)) - raft.server.rpcslowness.timeout = 120s (custom)
2019-09-25 12:10:11,383 [pool-77-thread-1] INFO  server.RaftServerConfigKeys (ConfUtils.java:logGet(43)) - raft.server.sleep.deviation.threshold = 300 (default)
2019-09-25 12:10:11,383 [pool-77-thread-1] INFO  server.RaftServerConfigKeys (ConfUtils.java:logGet(43)) - raft.server.log.appender.install.snapshot.enabled = false (custom)
2019-09-25 12:10:11,383 [pool-77-thread-1] INFO  impl.RaftServerImpl (ServerState.java:<init>(103)) - c7bed0cc-269f-4b54-bb5a-2be104ddf1a5@group-B88C4A079FD1: ConfigurationManager, init=-1: [c7bed0cc-269f-4b54-bb5a-2be104ddf1a5:192.168.151.73:42323], old=null, confs=<EMPTY_MAP>
2019-09-25 12:10:11,383 [pool-77-thread-1] INFO  server.RaftServerConfigKeys (ConfUtils.java:logGet(43)) - raft.server.storage.dir = [/workdir/hadoop-ozone/integration-test/target/test-dir/MiniOzoneClusterImpl-b6380e3c-fb04-4178-98e9-eb7b36240636/datanode-5/data/ratis] (custom)
2019-09-25 12:10:11,384 [pool-77-thread-1] INFO  storage.RaftStorageDirectory (RaftStorageDirectory.java:analyzeStorage(246)) - The storage directory /workdir/hadoop-ozone/integration-test/target/test-dir/MiniOzoneClusterImpl-b6380e3c-fb04-4178-98e9-eb7b36240636/datanode-5/data/ratis/65c61527-a8a9-489a-ae85-b88c4a079fd1 does not exist. Creating ...
2019-09-25 12:10:11,397 [pool-77-thread-1] INFO  storage.RaftStorageDirectory (RaftStorageDirectory.java:tryLock(328)) - Lock on /workdir/hadoop-ozone/integration-test/target/test-dir/MiniOzoneClusterImpl-b6380e3c-fb04-4178-98e9-eb7b36240636/datanode-5/data/ratis/65c61527-a8a9-489a-ae85-b88c4a079fd1/in_use.lock acquired by nodename 9481@pr-hdds-1569-shd4m-3693607622
2019-09-25 12:10:11,411 [pool-77-thread-1] INFO  storage.RaftStorage (RaftStorage.java:format(72)) - Storage directory /workdir/hadoop-ozone/integration-test/target/test-dir/MiniOzoneClusterImpl-b6380e3c-fb04-4178-98e9-eb7b36240636/datanode-5/data/ratis/65c61527-a8a9-489a-ae85-b88c4a079fd1 has been successfully formatted.
2019-09-25 12:10:11,411 [pool-77-thread-1] INFO  ratis.ContainerStateMachine (ContainerStateMachine.java:loadSnapshot(230)) - group-B88C4A079FD1: The snapshot info is null. Setting the last applied indexto:(t:0, i:~)
2019-09-25 12:10:11,412 [pool-77-thread-1] INFO  server.RaftServerConfigKeys (ConfUtils.java:logGet(43)) - raft.server.notification.no-leader.timeout = 120s (custom)
2019-09-25 12:10:11,412 [pool-77-thread-1] INFO  server.RaftServerConfigKeys (ConfUtils.java:logGet(43)) - raft.server.log.use.memory = false (default)
2019-09-25 12:10:11,412 [pool-77-thread-1] INFO  server.RaftServerConfigKeys (ConfUtils.java:logGet(43)) - raft.server.log.purge.gap = 1000000 (custom)
2019-09-25 12:10:11,412 [pool-77-thread-1] INFO  server.RaftServerConfigKeys (ConfUtils.java:logGet(43)) - raft.server.log.appender.buffer.byte-limit = 33554432 (custom)
2019-09-25 12:10:11,412 [pool-77-thread-1] INFO  server.RaftServerConfigKeys (ConfUtils.java:logGet(43)) - raft.server.log.segment.size.max = 1048576 (custom)
2019-09-25 12:10:11,412 [pool-77-thread-1] INFO  server.RaftServerConfigKeys (ConfUtils.java:logGet(43)) - raft.server.log.segment.cache.num.max = 2 (custom)
2019-09-25 12:10:11,412 [pool-77-thread-1] INFO  segmented.SegmentedRaftLogWorker (SegmentedRaftLogWorker.java:<init>(172)) - new c7bed0cc-269f-4b54-bb5a-2be104ddf1a5@group-B88C4A079FD1-SegmentedRaftLogWorker for RaftStorage:Storage Directory /workdir/hadoop-ozone/integration-test/target/test-dir/MiniOzoneClusterImpl-b6380e3c-fb04-4178-98e9-eb7b36240636/datanode-5/data/ratis/65c61527-a8a9-489a-ae85-b88c4a079fd1
2019-09-25 12:10:11,413 [pool-77-thread-1] INFO  server.RaftServerConfigKeys (ConfUtils.java:logGet(43)) - raft.server.log.queue.byte-limit = 2147483647 (custom)
2019-09-25 12:10:11,413 [pool-77-thread-1] INFO  server.RaftServerConfigKeys (ConfUtils.java:logGet(43)) - raft.server.log.queue.element-limit = 1024 (custom)
2019-09-25 12:10:11,413 [pool-77-thread-1] INFO  server.RaftServerConfigKeys (ConfUtils.java:logGet(43)) - raft.server.log.segment.size.max = 1048576 (custom)
2019-09-25 12:10:11,413 [pool-77-thread-1] INFO  server.RaftServerConfigKeys (ConfUtils.java:logGet(43)) - raft.server.log.preallocated.size = 16384 (custom)
2019-09-25 12:10:11,413 [pool-77-thread-1] INFO  server.RaftServerConfigKeys (ConfUtils.java:logGet(43)) - raft.server.log.write.buffer.size = 33554432 (custom)
2019-09-25 12:10:11,413 [pool-77-thread-1] INFO  server.RaftServerConfigKeys (ConfUtils.java:logGet(43)) - raft.server.log.force.sync.num = 128 (default)
2019-09-25 12:10:11,413 [pool-77-thread-1] INFO  server.RaftServerConfigKeys (ConfUtils.java:logGet(43)) - raft.server.log.statemachine.data.sync = true (default)
2019-09-25 12:10:11,413 [pool-77-thread-1] INFO  server.RaftServerConfigKeys (ConfUtils.java:logGet(43)) - raft.server.log.statemachine.data.sync.timeout = 10s (default)
2019-09-25 12:10:11,413 [pool-77-thread-1] INFO  server.RaftServerConfigKeys (ConfUtils.java:logGet(43)) - raft.server.log.statemachine.data.sync.timeout.retry = -1 (default)
2019-09-25 12:10:11,414 [pool-77-thread-1] INFO  server.RaftServerConfigKeys (ConfUtils.java:logGet(43)) - raft.server.log.statemachine.data.caching.enabled = true (custom)
2019-09-25 12:10:11,414 [pool-77-thread-1] INFO  segmented.SegmentedRaftLogWorker (SegmentedRaftLogWorker.java:lambda$new$0(132)) - c7bed0cc-269f-4b54-bb5a-2be104ddf1a5@group-B88C4A079FD1-SegmentedRaftLogWorker: flushIndex: setUnconditionally 0 -> -1
2019-09-25 12:10:11,414 [pool-77-thread-1] INFO  server.RaftServerConfigKeys (ConfUtils.java:logGet(43)) - raft.server.snapshot.auto.trigger.enabled = true (custom)
2019-09-25 12:10:11,414 [pool-77-thread-1] INFO  server.RaftServerConfigKeys (ConfUtils.java:logGet(43)) - raft.server.snapshot.auto.trigger.threshold = 10000 (custom)
2019-09-25 12:10:11,415 [pool-77-thread-1] INFO  server.RaftServerConfigKeys (ConfUtils.java:logGet(43)) - raft.server.snapshot.retention.num.files = 5 (custom)
2019-09-25 12:10:11,415 [pool-77-thread-1] INFO  server.RaftServerConfigKeys (ConfUtils.java:logGet(43)) - raft.server.retrycache.expirytime = 600000ms (custom)
2019-09-25 12:10:11,417 [pool-77-thread-1] INFO  impl.RaftServerImpl (RaftServerImpl.java:start(185)) - c7bed0cc-269f-4b54-bb5a-2be104ddf1a5@group-B88C4A079FD1: start as a follower, conf=-1: [c7bed0cc-269f-4b54-bb5a-2be104ddf1a5:192.168.151.73:42323], old=null
2019-09-25 12:10:11,417 [pool-77-thread-1] INFO  impl.RaftServerImpl (RaftServerImpl.java:setRole(174)) - c7bed0cc-269f-4b54-bb5a-2be104ddf1a5@group-B88C4A079FD1: changes role from      null to FOLLOWER at term 0 for startAsFollower
2019-09-25 12:10:11,417 [pool-77-thread-1] INFO  impl.RoleInfo (RoleInfo.java:updateAndGet(143)) - c7bed0cc-269f-4b54-bb5a-2be104ddf1a5: start FollowerState
2019-09-25 12:10:11,418 [pool-77-thread-1] INFO  util.JmxRegister (JmxRegister.java:tryRegister(44)) - Successfully registered JMX Bean with object name Ratis:service=RaftServer,group=group-B88C4A079FD1,id=c7bed0cc-269f-4b54-bb5a-2be104ddf1a5
2019-09-25 12:10:11,423 [RatisPipelineUtilsThread] INFO  pipeline.PipelineStateManager (PipelineStateManager.java:addPipeline(56)) - Created pipeline Pipeline[ Id: 65c61527-a8a9-489a-ae85-b88c4a079fd1, Nodes: c7bed0cc-269f-4b54-bb5a-2be104ddf1a5{ip: 192.168.151.73, host: pr-hdds-1569-shd4m-3693607622, networkLocation: /default-rack, certSerialId: null}, Type:RATIS, Factor:ONE, State:OPEN]
2019-09-25 12:10:11,424 [RatisPipelineUtilsThread] INFO  pipeline.PipelinePlacementPolicy (PipelinePlacementPolicy.java:meetCriteria(91)) - Pipeline Placement: can't place more pipeline on heavy datanode： efb2beac-26e0-4b3b-9934-2458c1147cfd Heaviness: 6 limit: 5
2019-09-25 12:10:11,424 [RatisPipelineUtilsThread] INFO  pipeline.PipelinePlacementPolicy (PipelinePlacementPolicy.java:meetCriteria(91)) - Pipeline Placement: can't place more pipeline on heavy datanode： 75407fdb-c05d-4d79-b869-4dab60013158 Heaviness: 6 limit: 5
2019-09-25 12:10:11,424 [RatisPipelineUtilsThread] INFO  pipeline.PipelinePlacementPolicy (PipelinePlacementPolicy.java:meetCriteria(91)) - Pipeline Placement: can't place more pipeline on heavy datanode： 60ced751-3023-4654-af5b-403edbc93820 Heaviness: 6 limit: 5
2019-09-25 12:10:11,424 [RatisPipelineUtilsThread] INFO  pipeline.PipelinePlacementPolicy (PipelinePlacementPolicy.java:meetCriteria(91)) - Pipeline Placement: can't place more pipeline on heavy datanode： 98c6e6f4-875d-42de-b8a9-30ed89dcc8e7 Heaviness: 6 limit: 5
2019-09-25 12:10:11,435 [grpc-default-executor-0] INFO  impl.RaftServerProxy (RaftServerProxy.java:addNew(89)) - c7bed0cc-269f-4b54-bb5a-2be104ddf1a5: addNew group-0141DD6D042B:[c7bed0cc-269f-4b54-bb5a-2be104ddf1a5:192.168.151.73:42323] returns group-0141DD6D042B:java.util.concurrent.CompletableFuture@46a94b3[Not completed]
2019-09-25 12:10:11,436 [pool-77-thread-1] INFO  impl.RaftServerImpl (RaftServerImpl.java:<init>(95)) - c7bed0cc-269f-4b54-bb5a-2be104ddf1a5: new RaftServerImpl for group-0141DD6D042B:[c7bed0cc-269f-4b54-bb5a-2be104ddf1a5:192.168.151.73:42323] with ContainerStateMachine:uninitialized
2019-09-25 12:10:11,436 [pool-77-thread-1] INFO  server.RaftServerConfigKeys (ConfUtils.java:logGet(43)) - raft.server.rpc.timeout.min = 5s (custom)
2019-09-25 12:10:11,436 [pool-77-thread-1] INFO  server.RaftServerConfigKeys (ConfUtils.java:logGet(43)) - raft.server.rpc.timeout.max = 5200ms (custom)
2019-09-25 12:10:11,436 [pool-77-thread-1] INFO  server.RaftServerConfigKeys (ConfUtils.java:logGet(43)) - raft.server.rpcslowness.timeout = 120s (custom)
2019-09-25 12:10:11,436 [pool-77-thread-1] INFO  server.RaftServerConfigKeys (ConfUtils.java:logGet(43)) - raft.server.sleep.deviation.threshold = 300 (default)
2019-09-25 12:10:11,437 [pool-77-thread-1] INFO  server.RaftServerConfigKeys (ConfUtils.java:logGet(43)) - raft.server.log.appender.install.snapshot.enabled = false (custom)
2019-09-25 12:10:11,437 [pool-77-thread-1] INFO  impl.RaftServerImpl (ServerState.java:<init>(103)) - c7bed0cc-269f-4b54-bb5a-2be104ddf1a5@group-0141DD6D042B: ConfigurationManager, init=-1: [c7bed0cc-269f-4b54-bb5a-2be104ddf1a5:192.168.151.73:42323], old=null, confs=<EMPTY_MAP>
2019-09-25 12:10:11,437 [pool-77-thread-1] INFO  server.RaftServerConfigKeys (ConfUtils.java:logGet(43)) - raft.server.storage.dir = [/workdir/hadoop-ozone/integration-test/target/test-dir/MiniOzoneClusterImpl-b6380e3c-fb04-4178-98e9-eb7b36240636/datanode-5/data/ratis] (custom)
2019-09-25 12:10:11,453 [pool-77-thread-1] INFO  storage.RaftStorageDirectory (RaftStorageDirectory.java:analyzeStorage(246)) - The storage directory /workdir/hadoop-ozone/integration-test/target/test-dir/MiniOzoneClusterImpl-b6380e3c-fb04-4178-98e9-eb7b36240636/datanode-5/data/ratis/65b67e6d-f025-4696-9c47-0141dd6d042b does not exist. Creating ...
2019-09-25 12:10:11,466 [pool-77-thread-1] INFO  storage.RaftStorageDirectory (RaftStorageDirectory.java:tryLock(328)) - Lock on /workdir/hadoop-ozone/integration-test/target/test-dir/MiniOzoneClusterImpl-b6380e3c-fb04-4178-98e9-eb7b36240636/datanode-5/data/ratis/65b67e6d-f025-4696-9c47-0141dd6d042b/in_use.lock acquired by nodename 9481@pr-hdds-1569-shd4m-3693607622
2019-09-25 12:10:11,479 [pool-77-thread-1] INFO  storage.RaftStorage (RaftStorage.java:format(72)) - Storage directory /workdir/hadoop-ozone/integration-test/target/test-dir/MiniOzoneClusterImpl-b6380e3c-fb04-4178-98e9-eb7b36240636/datanode-5/data/ratis/65b67e6d-f025-4696-9c47-0141dd6d042b has been successfully formatted.
2019-09-25 12:10:11,479 [pool-77-thread-1] INFO  ratis.ContainerStateMachine (ContainerStateMachine.java:loadSnapshot(230)) - group-0141DD6D042B: The snapshot info is null. Setting the last applied indexto:(t:0, i:~)
2019-09-25 12:10:11,479 [pool-77-thread-1] INFO  server.RaftServerConfigKeys (ConfUtils.java:logGet(43)) - raft.server.notification.no-leader.timeout = 120s (custom)
2019-09-25 12:10:11,479 [pool-77-thread-1] INFO  server.RaftServerConfigKeys (ConfUtils.java:logGet(43)) - raft.server.log.use.memory = false (default)
2019-09-25 12:10:11,479 [pool-77-thread-1] INFO  server.RaftServerConfigKeys (ConfUtils.java:logGet(43)) - raft.server.log.purge.gap = 1000000 (custom)
2019-09-25 12:10:11,479 [pool-77-thread-1] INFO  server.RaftServerConfigKeys (ConfUtils.java:logGet(43)) - raft.server.log.appender.buffer.byte-limit = 33554432 (custom)
2019-09-25 12:10:11,480 [pool-77-thread-1] INFO  server.RaftServerConfigKeys (ConfUtils.java:logGet(43)) - raft.server.log.segment.size.max = 1048576 (custom)
2019-09-25 12:10:11,480 [pool-77-thread-1] INFO  server.RaftServerConfigKeys (ConfUtils.java:logGet(43)) - raft.server.log.segment.cache.num.max = 2 (custom)
2019-09-25 12:10:11,480 [pool-77-thread-1] INFO  segmented.SegmentedRaftLogWorker (SegmentedRaftLogWorker.java:<init>(172)) - new c7bed0cc-269f-4b54-bb5a-2be104ddf1a5@group-0141DD6D042B-SegmentedRaftLogWorker for RaftStorage:Storage Directory /workdir/hadoop-ozone/integration-test/target/test-dir/MiniOzoneClusterImpl-b6380e3c-fb04-4178-98e9-eb7b36240636/datanode-5/data/ratis/65b67e6d-f025-4696-9c47-0141dd6d042b
2019-09-25 12:10:11,480 [pool-77-thread-1] INFO  server.RaftServerConfigKeys (ConfUtils.java:logGet(43)) - raft.server.log.queue.byte-limit = 2147483647 (custom)
2019-09-25 12:10:11,480 [pool-77-thread-1] INFO  server.RaftServerConfigKeys (ConfUtils.java:logGet(43)) - raft.server.log.queue.element-limit = 1024 (custom)
2019-09-25 12:10:11,480 [pool-77-thread-1] INFO  server.RaftServerConfigKeys (ConfUtils.java:logGet(43)) - raft.server.log.segment.size.max = 1048576 (custom)
2019-09-25 12:10:11,480 [pool-77-thread-1] INFO  server.RaftServerConfigKeys (ConfUtils.java:logGet(43)) - raft.server.log.preallocated.size = 16384 (custom)
2019-09-25 12:10:11,480 [pool-77-thread-1] INFO  server.RaftServerConfigKeys (ConfUtils.java:logGet(43)) - raft.server.log.write.buffer.size = 33554432 (custom)
2019-09-25 12:10:11,480 [pool-77-thread-1] INFO  server.RaftServerConfigKeys (ConfUtils.java:logGet(43)) - raft.server.log.force.sync.num = 128 (default)
2019-09-25 12:10:11,480 [pool-77-thread-1] INFO  server.RaftServerConfigKeys (ConfUtils.java:logGet(43)) - raft.server.log.statemachine.data.sync = true (default)
2019-09-25 12:10:11,481 [pool-77-thread-1] INFO  server.RaftServerConfigKeys (ConfUtils.java:logGet(43)) - raft.server.log.statemachine.data.sync.timeout = 10s (default)
2019-09-25 12:10:11,481 [pool-77-thread-1] INFO  server.RaftServerConfigKeys (ConfUtils.java:logGet(43)) - raft.server.log.statemachine.data.sync.timeout.retry = -1 (default)
2019-09-25 12:10:11,481 [pool-77-thread-1] INFO  server.RaftServerConfigKeys (ConfUtils.java:logGet(43)) - raft.server.log.statemachine.data.caching.enabled = true (custom)
2019-09-25 12:10:11,481 [pool-77-thread-1] INFO  segmented.SegmentedRaftLogWorker (SegmentedRaftLogWorker.java:lambda$new$0(132)) - c7bed0cc-269f-4b54-bb5a-2be104ddf1a5@group-0141DD6D042B-SegmentedRaftLogWorker: flushIndex: setUnconditionally 0 -> -1
2019-09-25 12:10:11,481 [pool-77-thread-1] INFO  server.RaftServerConfigKeys (ConfUtils.java:logGet(43)) - raft.server.snapshot.auto.trigger.enabled = true (custom)
2019-09-25 12:10:11,482 [pool-77-thread-1] INFO  server.RaftServerConfigKeys (ConfUtils.java:logGet(43)) - raft.server.snapshot.auto.trigger.threshold = 10000 (custom)
2019-09-25 12:10:11,482 [pool-77-thread-1] INFO  server.RaftServerConfigKeys (ConfUtils.java:logGet(43)) - raft.server.snapshot.retention.num.files = 5 (custom)
2019-09-25 12:10:11,482 [pool-77-thread-1] INFO  server.RaftServerConfigKeys (ConfUtils.java:logGet(43)) - raft.server.retrycache.expirytime = 600000ms (custom)
2019-09-25 12:10:11,484 [pool-77-thread-1] INFO  impl.RaftServerImpl (RaftServerImpl.java:start(185)) - c7bed0cc-269f-4b54-bb5a-2be104ddf1a5@group-0141DD6D042B: start as a follower, conf=-1: [c7bed0cc-269f-4b54-bb5a-2be104ddf1a5:192.168.151.73:42323], old=null
2019-09-25 12:10:11,484 [pool-77-thread-1] INFO  impl.RaftServerImpl (RaftServerImpl.java:setRole(174)) - c7bed0cc-269f-4b54-bb5a-2be104ddf1a5@group-0141DD6D042B: changes role from      null to FOLLOWER at term 0 for startAsFollower
2019-09-25 12:10:11,484 [pool-77-thread-1] INFO  impl.RoleInfo (RoleInfo.java:updateAndGet(143)) - c7bed0cc-269f-4b54-bb5a-2be104ddf1a5: start FollowerState
2019-09-25 12:10:11,484 [pool-77-thread-1] INFO  util.JmxRegister (JmxRegister.java:tryRegister(44)) - Successfully registered JMX Bean with object name Ratis:service=RaftServer,group=group-0141DD6D042B,id=c7bed0cc-269f-4b54-bb5a-2be104ddf1a5
2019-09-25 12:10:11,491 [RatisPipelineUtilsThread] INFO  pipeline.PipelineStateManager (PipelineStateManager.java:addPipeline(56)) - Created pipeline Pipeline[ Id: 65b67e6d-f025-4696-9c47-0141dd6d042b, Nodes: c7bed0cc-269f-4b54-bb5a-2be104ddf1a5{ip: 192.168.151.73, host: pr-hdds-1569-shd4m-3693607622, networkLocation: /default-rack, certSerialId: null}, Type:RATIS, Factor:ONE, State:OPEN]
2019-09-25 12:10:11,491 [RatisPipelineUtilsThread] INFO  pipeline.PipelinePlacementPolicy (PipelinePlacementPolicy.java:meetCriteria(91)) - Pipeline Placement: can't place more pipeline on heavy datanode： efb2beac-26e0-4b3b-9934-2458c1147cfd Heaviness: 6 limit: 5
2019-09-25 12:10:11,491 [RatisPipelineUtilsThread] INFO  pipeline.PipelinePlacementPolicy (PipelinePlacementPolicy.java:meetCriteria(91)) - Pipeline Placement: can't place more pipeline on heavy datanode： 75407fdb-c05d-4d79-b869-4dab60013158 Heaviness: 6 limit: 5
2019-09-25 12:10:11,491 [RatisPipelineUtilsThread] INFO  pipeline.PipelinePlacementPolicy (PipelinePlacementPolicy.java:meetCriteria(91)) - Pipeline Placement: can't place more pipeline on heavy datanode： 60ced751-3023-4654-af5b-403edbc93820 Heaviness: 6 limit: 5
2019-09-25 12:10:11,491 [RatisPipelineUtilsThread] INFO  pipeline.PipelinePlacementPolicy (PipelinePlacementPolicy.java:meetCriteria(91)) - Pipeline Placement: can't place more pipeline on heavy datanode： 98c6e6f4-875d-42de-b8a9-30ed89dcc8e7 Heaviness: 6 limit: 5
2019-09-25 12:10:11,501 [grpc-default-executor-0] INFO  impl.RaftServerProxy (RaftServerProxy.java:addNew(89)) - e9a0ea36-247e-456c-8e42-8632faf34d05: addNew group-C8048A22A4C6:[e9a0ea36-247e-456c-8e42-8632faf34d05:192.168.151.73:42435] returns group-C8048A22A4C6:java.util.concurrent.CompletableFuture@50ee2bbd[Not completed]
2019-09-25 12:10:11,503 [pool-57-thread-1] INFO  impl.RaftServerImpl (RaftServerImpl.java:<init>(95)) - e9a0ea36-247e-456c-8e42-8632faf34d05: new RaftServerImpl for group-C8048A22A4C6:[e9a0ea36-247e-456c-8e42-8632faf34d05:192.168.151.73:42435] with ContainerStateMachine:uninitialized
2019-09-25 12:10:11,503 [pool-57-thread-1] INFO  server.RaftServerConfigKeys (ConfUtils.java:logGet(43)) - raft.server.rpc.timeout.min = 5s (custom)
2019-09-25 12:10:11,503 [pool-57-thread-1] INFO  server.RaftServerConfigKeys (ConfUtils.java:logGet(43)) - raft.server.rpc.timeout.max = 5200ms (custom)
2019-09-25 12:10:11,503 [pool-57-thread-1] INFO  server.RaftServerConfigKeys (ConfUtils.java:logGet(43)) - raft.server.rpcslowness.timeout = 120s (custom)
2019-09-25 12:10:11,503 [pool-57-thread-1] INFO  server.RaftServerConfigKeys (ConfUtils.java:logGet(43)) - raft.server.sleep.deviation.threshold = 300 (default)
2019-09-25 12:10:11,503 [pool-57-thread-1] INFO  server.RaftServerConfigKeys (ConfUtils.java:logGet(43)) - raft.server.log.appender.install.snapshot.enabled = false (custom)
2019-09-25 12:10:11,503 [pool-57-thread-1] INFO  impl.RaftServerImpl (ServerState.java:<init>(103)) - e9a0ea36-247e-456c-8e42-8632faf34d05@group-C8048A22A4C6: ConfigurationManager, init=-1: [e9a0ea36-247e-456c-8e42-8632faf34d05:192.168.151.73:42435], old=null, confs=<EMPTY_MAP>
2019-09-25 12:10:11,503 [pool-57-thread-1] INFO  server.RaftServerConfigKeys (ConfUtils.java:logGet(43)) - raft.server.storage.dir = [/workdir/hadoop-ozone/integration-test/target/test-dir/MiniOzoneClusterImpl-b6380e3c-fb04-4178-98e9-eb7b36240636/datanode-3/data/ratis] (custom)
2019-09-25 12:10:11,504 [pool-57-thread-1] INFO  storage.RaftStorageDirectory (RaftStorageDirectory.java:analyzeStorage(246)) - The storage directory /workdir/hadoop-ozone/integration-test/target/test-dir/MiniOzoneClusterImpl-b6380e3c-fb04-4178-98e9-eb7b36240636/datanode-3/data/ratis/70594db8-01ce-4597-9771-c8048a22a4c6 does not exist. Creating ...
2019-09-25 12:10:11,516 [pool-57-thread-1] INFO  storage.RaftStorageDirectory (RaftStorageDirectory.java:tryLock(328)) - Lock on /workdir/hadoop-ozone/integration-test/target/test-dir/MiniOzoneClusterImpl-b6380e3c-fb04-4178-98e9-eb7b36240636/datanode-3/data/ratis/70594db8-01ce-4597-9771-c8048a22a4c6/in_use.lock acquired by nodename 9481@pr-hdds-1569-shd4m-3693607622
2019-09-25 12:10:11,529 [pool-57-thread-1] INFO  storage.RaftStorage (RaftStorage.java:format(72)) - Storage directory /workdir/hadoop-ozone/integration-test/target/test-dir/MiniOzoneClusterImpl-b6380e3c-fb04-4178-98e9-eb7b36240636/datanode-3/data/ratis/70594db8-01ce-4597-9771-c8048a22a4c6 has been successfully formatted.
2019-09-25 12:10:11,529 [pool-57-thread-1] INFO  ratis.ContainerStateMachine (ContainerStateMachine.java:loadSnapshot(230)) - group-C8048A22A4C6: The snapshot info is null. Setting the last applied indexto:(t:0, i:~)
2019-09-25 12:10:11,529 [pool-57-thread-1] INFO  server.RaftServerConfigKeys (ConfUtils.java:logGet(43)) - raft.server.notification.no-leader.timeout = 120s (custom)
2019-09-25 12:10:11,529 [pool-57-thread-1] INFO  server.RaftServerConfigKeys (ConfUtils.java:logGet(43)) - raft.server.log.use.memory = false (default)
2019-09-25 12:10:11,529 [pool-57-thread-1] INFO  server.RaftServerConfigKeys (ConfUtils.java:logGet(43)) - raft.server.log.purge.gap = 1000000 (custom)
2019-09-25 12:10:11,529 [pool-57-thread-1] INFO  server.RaftServerConfigKeys (ConfUtils.java:logGet(43)) - raft.server.log.appender.buffer.byte-limit = 33554432 (custom)
2019-09-25 12:10:11,529 [pool-57-thread-1] INFO  server.RaftServerConfigKeys (ConfUtils.java:logGet(43)) - raft.server.log.segment.size.max = 1048576 (custom)
2019-09-25 12:10:11,529 [pool-57-thread-1] INFO  server.RaftServerConfigKeys (ConfUtils.java:logGet(43)) - raft.server.log.segment.cache.num.max = 2 (custom)
2019-09-25 12:10:11,530 [pool-57-thread-1] INFO  segmented.SegmentedRaftLogWorker (SegmentedRaftLogWorker.java:<init>(172)) - new e9a0ea36-247e-456c-8e42-8632faf34d05@group-C8048A22A4C6-SegmentedRaftLogWorker for RaftStorage:Storage Directory /workdir/hadoop-ozone/integration-test/target/test-dir/MiniOzoneClusterImpl-b6380e3c-fb04-4178-98e9-eb7b36240636/datanode-3/data/ratis/70594db8-01ce-4597-9771-c8048a22a4c6
2019-09-25 12:10:11,530 [pool-57-thread-1] INFO  server.RaftServerConfigKeys (ConfUtils.java:logGet(43)) - raft.server.log.queue.byte-limit = 2147483647 (custom)
2019-09-25 12:10:11,530 [pool-57-thread-1] INFO  server.RaftServerConfigKeys (ConfUtils.java:logGet(43)) - raft.server.log.queue.element-limit = 1024 (custom)
2019-09-25 12:10:11,530 [pool-57-thread-1] INFO  server.RaftServerConfigKeys (ConfUtils.java:logGet(43)) - raft.server.log.segment.size.max = 1048576 (custom)
2019-09-25 12:10:11,530 [pool-57-thread-1] INFO  server.RaftServerConfigKeys (ConfUtils.java:logGet(43)) - raft.server.log.preallocated.size = 16384 (custom)
2019-09-25 12:10:11,530 [pool-57-thread-1] INFO  server.RaftServerConfigKeys (ConfUtils.java:logGet(43)) - raft.server.log.write.buffer.size = 33554432 (custom)
2019-09-25 12:10:11,530 [pool-57-thread-1] INFO  server.RaftServerConfigKeys (ConfUtils.java:logGet(43)) - raft.server.log.force.sync.num = 128 (default)
2019-09-25 12:10:11,530 [pool-57-thread-1] INFO  server.RaftServerConfigKeys (ConfUtils.java:logGet(43)) - raft.server.log.statemachine.data.sync = true (default)
2019-09-25 12:10:11,530 [pool-57-thread-1] INFO  server.RaftServerConfigKeys (ConfUtils.java:logGet(43)) - raft.server.log.statemachine.data.sync.timeout = 10s (default)
2019-09-25 12:10:11,530 [pool-57-thread-1] INFO  server.RaftServerConfigKeys (ConfUtils.java:logGet(43)) - raft.server.log.statemachine.data.sync.timeout.retry = -1 (default)
2019-09-25 12:10:11,531 [pool-57-thread-1] INFO  server.RaftServerConfigKeys (ConfUtils.java:logGet(43)) - raft.server.log.statemachine.data.caching.enabled = true (custom)
2019-09-25 12:10:11,531 [pool-57-thread-1] INFO  segmented.SegmentedRaftLogWorker (SegmentedRaftLogWorker.java:lambda$new$0(132)) - e9a0ea36-247e-456c-8e42-8632faf34d05@group-C8048A22A4C6-SegmentedRaftLogWorker: flushIndex: setUnconditionally 0 -> -1
2019-09-25 12:10:11,531 [pool-57-thread-1] INFO  server.RaftServerConfigKeys (ConfUtils.java:logGet(43)) - raft.server.snapshot.auto.trigger.enabled = true (custom)
2019-09-25 12:10:11,531 [pool-57-thread-1] INFO  server.RaftServerConfigKeys (ConfUtils.java:logGet(43)) - raft.server.snapshot.auto.trigger.threshold = 10000 (custom)
2019-09-25 12:10:11,531 [pool-57-thread-1] INFO  server.RaftServerConfigKeys (ConfUtils.java:logGet(43)) - raft.server.snapshot.retention.num.files = 5 (custom)
2019-09-25 12:10:11,531 [pool-57-thread-1] INFO  server.RaftServerConfigKeys (ConfUtils.java:logGet(43)) - raft.server.retrycache.expirytime = 600000ms (custom)
2019-09-25 12:10:11,533 [pool-57-thread-1] INFO  impl.RaftServerImpl (RaftServerImpl.java:start(185)) - e9a0ea36-247e-456c-8e42-8632faf34d05@group-C8048A22A4C6: start as a follower, conf=-1: [e9a0ea36-247e-456c-8e42-8632faf34d05:192.168.151.73:42435], old=null
2019-09-25 12:10:11,534 [pool-57-thread-1] INFO  impl.RaftServerImpl (RaftServerImpl.java:setRole(174)) - e9a0ea36-247e-456c-8e42-8632faf34d05@group-C8048A22A4C6: changes role from      null to FOLLOWER at term 0 for startAsFollower
2019-09-25 12:10:11,534 [pool-57-thread-1] INFO  impl.RoleInfo (RoleInfo.java:updateAndGet(143)) - e9a0ea36-247e-456c-8e42-8632faf34d05: start FollowerState
2019-09-25 12:10:11,534 [pool-57-thread-1] INFO  util.JmxRegister (JmxRegister.java:tryRegister(44)) - Successfully registered JMX Bean with object name Ratis:service=RaftServer,group=group-C8048A22A4C6,id=e9a0ea36-247e-456c-8e42-8632faf34d05
2019-09-25 12:10:11,539 [RatisPipelineUtilsThread] INFO  pipeline.PipelineStateManager (PipelineStateManager.java:addPipeline(56)) - Created pipeline Pipeline[ Id: 70594db8-01ce-4597-9771-c8048a22a4c6, Nodes: e9a0ea36-247e-456c-8e42-8632faf34d05{ip: 192.168.151.73, host: pr-hdds-1569-shd4m-3693607622, networkLocation: /default-rack, certSerialId: null}, Type:RATIS, Factor:ONE, State:OPEN]
2019-09-25 12:10:11,539 [RatisPipelineUtilsThread] INFO  pipeline.PipelinePlacementPolicy (PipelinePlacementPolicy.java:meetCriteria(91)) - Pipeline Placement: can't place more pipeline on heavy datanode： efb2beac-26e0-4b3b-9934-2458c1147cfd Heaviness: 6 limit: 5
2019-09-25 12:10:11,540 [RatisPipelineUtilsThread] INFO  pipeline.PipelinePlacementPolicy (PipelinePlacementPolicy.java:meetCriteria(91)) - Pipeline Placement: can't place more pipeline on heavy datanode： e9a0ea36-247e-456c-8e42-8632faf34d05 Heaviness: 6 limit: 5
2019-09-25 12:10:11,540 [RatisPipelineUtilsThread] INFO  pipeline.PipelinePlacementPolicy (PipelinePlacementPolicy.java:meetCriteria(91)) - Pipeline Placement: can't place more pipeline on heavy datanode： 75407fdb-c05d-4d79-b869-4dab60013158 Heaviness: 6 limit: 5
2019-09-25 12:10:11,540 [RatisPipelineUtilsThread] INFO  pipeline.PipelinePlacementPolicy (PipelinePlacementPolicy.java:meetCriteria(91)) - Pipeline Placement: can't place more pipeline on heavy datanode： 60ced751-3023-4654-af5b-403edbc93820 Heaviness: 6 limit: 5
2019-09-25 12:10:11,540 [RatisPipelineUtilsThread] INFO  pipeline.PipelinePlacementPolicy (PipelinePlacementPolicy.java:meetCriteria(91)) - Pipeline Placement: can't place more pipeline on heavy datanode： 98c6e6f4-875d-42de-b8a9-30ed89dcc8e7 Heaviness: 6 limit: 5
2019-09-25 12:10:11,549 [grpc-default-executor-0] INFO  impl.RaftServerProxy (RaftServerProxy.java:addNew(89)) - c7bed0cc-269f-4b54-bb5a-2be104ddf1a5: addNew group-72C942AE92DD:[c7bed0cc-269f-4b54-bb5a-2be104ddf1a5:192.168.151.73:42323] returns group-72C942AE92DD:java.util.concurrent.CompletableFuture@7085eb74[Not completed]
2019-09-25 12:10:11,550 [pool-77-thread-1] INFO  impl.RaftServerImpl (RaftServerImpl.java:<init>(95)) - c7bed0cc-269f-4b54-bb5a-2be104ddf1a5: new RaftServerImpl for group-72C942AE92DD:[c7bed0cc-269f-4b54-bb5a-2be104ddf1a5:192.168.151.73:42323] with ContainerStateMachine:uninitialized
2019-09-25 12:10:11,550 [pool-77-thread-1] INFO  server.RaftServerConfigKeys (ConfUtils.java:logGet(43)) - raft.server.rpc.timeout.min = 5s (custom)
2019-09-25 12:10:11,551 [pool-77-thread-1] INFO  server.RaftServerConfigKeys (ConfUtils.java:logGet(43)) - raft.server.rpc.timeout.max = 5200ms (custom)
2019-09-25 12:10:11,551 [pool-77-thread-1] INFO  server.RaftServerConfigKeys (ConfUtils.java:logGet(43)) - raft.server.rpcslowness.timeout = 120s (custom)
2019-09-25 12:10:11,551 [pool-77-thread-1] INFO  server.RaftServerConfigKeys (ConfUtils.java:logGet(43)) - raft.server.sleep.deviation.threshold = 300 (default)
2019-09-25 12:10:11,551 [pool-77-thread-1] INFO  server.RaftServerConfigKeys (ConfUtils.java:logGet(43)) - raft.server.log.appender.install.snapshot.enabled = false (custom)
2019-09-25 12:10:11,551 [pool-77-thread-1] INFO  impl.RaftServerImpl (ServerState.java:<init>(103)) - c7bed0cc-269f-4b54-bb5a-2be104ddf1a5@group-72C942AE92DD: ConfigurationManager, init=-1: [c7bed0cc-269f-4b54-bb5a-2be104ddf1a5:192.168.151.73:42323], old=null, confs=<EMPTY_MAP>
2019-09-25 12:10:11,551 [pool-77-thread-1] INFO  server.RaftServerConfigKeys (ConfUtils.java:logGet(43)) - raft.server.storage.dir = [/workdir/hadoop-ozone/integration-test/target/test-dir/MiniOzoneClusterImpl-b6380e3c-fb04-4178-98e9-eb7b36240636/datanode-5/data/ratis] (custom)
2019-09-25 12:10:11,551 [pool-77-thread-1] INFO  storage.RaftStorageDirectory (RaftStorageDirectory.java:analyzeStorage(246)) - The storage directory /workdir/hadoop-ozone/integration-test/target/test-dir/MiniOzoneClusterImpl-b6380e3c-fb04-4178-98e9-eb7b36240636/datanode-5/data/ratis/887a5e11-3933-442d-aa62-72c942ae92dd does not exist. Creating ...
2019-09-25 12:10:11,589 [pool-77-thread-1] INFO  storage.RaftStorageDirectory (RaftStorageDirectory.java:tryLock(328)) - Lock on /workdir/hadoop-ozone/integration-test/target/test-dir/MiniOzoneClusterImpl-b6380e3c-fb04-4178-98e9-eb7b36240636/datanode-5/data/ratis/887a5e11-3933-442d-aa62-72c942ae92dd/in_use.lock acquired by nodename 9481@pr-hdds-1569-shd4m-3693607622
2019-09-25 12:10:11,610 [pool-77-thread-1] INFO  storage.RaftStorage (RaftStorage.java:format(72)) - Storage directory /workdir/hadoop-ozone/integration-test/target/test-dir/MiniOzoneClusterImpl-b6380e3c-fb04-4178-98e9-eb7b36240636/datanode-5/data/ratis/887a5e11-3933-442d-aa62-72c942ae92dd has been successfully formatted.
2019-09-25 12:10:11,610 [pool-77-thread-1] INFO  ratis.ContainerStateMachine (ContainerStateMachine.java:loadSnapshot(230)) - group-72C942AE92DD: The snapshot info is null. Setting the last applied indexto:(t:0, i:~)
2019-09-25 12:10:11,610 [pool-77-thread-1] INFO  server.RaftServerConfigKeys (ConfUtils.java:logGet(43)) - raft.server.notification.no-leader.timeout = 120s (custom)
2019-09-25 12:10:11,610 [pool-77-thread-1] INFO  server.RaftServerConfigKeys (ConfUtils.java:logGet(43)) - raft.server.log.use.memory = false (default)
2019-09-25 12:10:11,611 [pool-77-thread-1] INFO  server.RaftServerConfigKeys (ConfUtils.java:logGet(43)) - raft.server.log.purge.gap = 1000000 (custom)
2019-09-25 12:10:11,611 [pool-77-thread-1] INFO  server.RaftServerConfigKeys (ConfUtils.java:logGet(43)) - raft.server.log.appender.buffer.byte-limit = 33554432 (custom)
2019-09-25 12:10:11,611 [pool-77-thread-1] INFO  server.RaftServerConfigKeys (ConfUtils.java:logGet(43)) - raft.server.log.segment.size.max = 1048576 (custom)
2019-09-25 12:10:11,611 [pool-77-thread-1] INFO  server.RaftServerConfigKeys (ConfUtils.java:logGet(43)) - raft.server.log.segment.cache.num.max = 2 (custom)
2019-09-25 12:10:11,611 [pool-77-thread-1] INFO  segmented.SegmentedRaftLogWorker (SegmentedRaftLogWorker.java:<init>(172)) - new c7bed0cc-269f-4b54-bb5a-2be104ddf1a5@group-72C942AE92DD-SegmentedRaftLogWorker for RaftStorage:Storage Directory /workdir/hadoop-ozone/integration-test/target/test-dir/MiniOzoneClusterImpl-b6380e3c-fb04-4178-98e9-eb7b36240636/datanode-5/data/ratis/887a5e11-3933-442d-aa62-72c942ae92dd
2019-09-25 12:10:11,611 [pool-77-thread-1] INFO  server.RaftServerConfigKeys (ConfUtils.java:logGet(43)) - raft.server.log.queue.byte-limit = 2147483647 (custom)
2019-09-25 12:10:11,612 [pool-77-thread-1] INFO  server.RaftServerConfigKeys (ConfUtils.java:logGet(43)) - raft.server.log.queue.element-limit = 1024 (custom)
2019-09-25 12:10:11,612 [pool-77-thread-1] INFO  server.RaftServerConfigKeys (ConfUtils.java:logGet(43)) - raft.server.log.segment.size.max = 1048576 (custom)
2019-09-25 12:10:11,612 [pool-77-thread-1] INFO  server.RaftServerConfigKeys (ConfUtils.java:logGet(43)) - raft.server.log.preallocated.size = 16384 (custom)
2019-09-25 12:10:11,612 [pool-77-thread-1] INFO  server.RaftServerConfigKeys (ConfUtils.java:logGet(43)) - raft.server.log.write.buffer.size = 33554432 (custom)
2019-09-25 12:10:11,612 [pool-77-thread-1] INFO  server.RaftServerConfigKeys (ConfUtils.java:logGet(43)) - raft.server.log.force.sync.num = 128 (default)
2019-09-25 12:10:11,612 [pool-77-thread-1] INFO  server.RaftServerConfigKeys (ConfUtils.java:logGet(43)) - raft.server.log.statemachine.data.sync = true (default)
2019-09-25 12:10:11,612 [pool-77-thread-1] INFO  server.RaftServerConfigKeys (ConfUtils.java:logGet(43)) - raft.server.log.statemachine.data.sync.timeout = 10s (default)
2019-09-25 12:10:11,613 [pool-77-thread-1] INFO  server.RaftServerConfigKeys (ConfUtils.java:logGet(43)) - raft.server.log.statemachine.data.sync.timeout.retry = -1 (default)
2019-09-25 12:10:11,613 [pool-77-thread-1] INFO  server.RaftServerConfigKeys (ConfUtils.java:logGet(43)) - raft.server.log.statemachine.data.caching.enabled = true (custom)
2019-09-25 12:10:11,613 [pool-77-thread-1] INFO  segmented.SegmentedRaftLogWorker (SegmentedRaftLogWorker.java:lambda$new$0(132)) - c7bed0cc-269f-4b54-bb5a-2be104ddf1a5@group-72C942AE92DD-SegmentedRaftLogWorker: flushIndex: setUnconditionally 0 -> -1
2019-09-25 12:10:11,614 [pool-77-thread-1] INFO  server.RaftServerConfigKeys (ConfUtils.java:logGet(43)) - raft.server.snapshot.auto.trigger.enabled = true (custom)
2019-09-25 12:10:11,614 [pool-77-thread-1] INFO  server.RaftServerConfigKeys (ConfUtils.java:logGet(43)) - raft.server.snapshot.auto.trigger.threshold = 10000 (custom)
2019-09-25 12:10:11,614 [pool-77-thread-1] INFO  server.RaftServerConfigKeys (ConfUtils.java:logGet(43)) - raft.server.snapshot.retention.num.files = 5 (custom)
2019-09-25 12:10:11,614 [pool-77-thread-1] INFO  server.RaftServerConfigKeys (ConfUtils.java:logGet(43)) - raft.server.retrycache.expirytime = 600000ms (custom)
2019-09-25 12:10:11,617 [pool-77-thread-1] INFO  impl.RaftServerImpl (RaftServerImpl.java:start(185)) - c7bed0cc-269f-4b54-bb5a-2be104ddf1a5@group-72C942AE92DD: start as a follower, conf=-1: [c7bed0cc-269f-4b54-bb5a-2be104ddf1a5:192.168.151.73:42323], old=null
2019-09-25 12:10:11,617 [pool-77-thread-1] INFO  impl.RaftServerImpl (RaftServerImpl.java:setRole(174)) - c7bed0cc-269f-4b54-bb5a-2be104ddf1a5@group-72C942AE92DD: changes role from      null to FOLLOWER at term 0 for startAsFollower
2019-09-25 12:10:11,617 [pool-77-thread-1] INFO  impl.RoleInfo (RoleInfo.java:updateAndGet(143)) - c7bed0cc-269f-4b54-bb5a-2be104ddf1a5: start FollowerState
2019-09-25 12:10:11,618 [pool-77-thread-1] INFO  util.JmxRegister (JmxRegister.java:tryRegister(44)) - Successfully registered JMX Bean with object name Ratis:service=RaftServer,group=group-72C942AE92DD,id=c7bed0cc-269f-4b54-bb5a-2be104ddf1a5
2019-09-25 12:10:11,625 [RatisPipelineUtilsThread] INFO  pipeline.PipelineStateManager (PipelineStateManager.java:addPipeline(56)) - Created pipeline Pipeline[ Id: 887a5e11-3933-442d-aa62-72c942ae92dd, Nodes: c7bed0cc-269f-4b54-bb5a-2be104ddf1a5{ip: 192.168.151.73, host: pr-hdds-1569-shd4m-3693607622, networkLocation: /default-rack, certSerialId: null}, Type:RATIS, Factor:ONE, State:OPEN]
2019-09-25 12:10:11,626 [RatisPipelineUtilsThread] INFO  pipeline.PipelinePlacementPolicy (PipelinePlacementPolicy.java:meetCriteria(91)) - Pipeline Placement: can't place more pipeline on heavy datanode： efb2beac-26e0-4b3b-9934-2458c1147cfd Heaviness: 6 limit: 5
2019-09-25 12:10:11,626 [RatisPipelineUtilsThread] INFO  pipeline.PipelinePlacementPolicy (PipelinePlacementPolicy.java:meetCriteria(91)) - Pipeline Placement: can't place more pipeline on heavy datanode： e9a0ea36-247e-456c-8e42-8632faf34d05 Heaviness: 6 limit: 5
2019-09-25 12:10:11,626 [RatisPipelineUtilsThread] INFO  pipeline.PipelinePlacementPolicy (PipelinePlacementPolicy.java:meetCriteria(91)) - Pipeline Placement: can't place more pipeline on heavy datanode： 75407fdb-c05d-4d79-b869-4dab60013158 Heaviness: 6 limit: 5
2019-09-25 12:10:11,627 [RatisPipelineUtilsThread] INFO  pipeline.PipelinePlacementPolicy (PipelinePlacementPolicy.java:meetCriteria(91)) - Pipeline Placement: can't place more pipeline on heavy datanode： 60ced751-3023-4654-af5b-403edbc93820 Heaviness: 6 limit: 5
2019-09-25 12:10:11,627 [RatisPipelineUtilsThread] INFO  pipeline.PipelinePlacementPolicy (PipelinePlacementPolicy.java:meetCriteria(91)) - Pipeline Placement: can't place more pipeline on heavy datanode： c7bed0cc-269f-4b54-bb5a-2be104ddf1a5 Heaviness: 6 limit: 5
2019-09-25 12:10:11,627 [RatisPipelineUtilsThread] INFO  pipeline.PipelinePlacementPolicy (PipelinePlacementPolicy.java:meetCriteria(91)) - Pipeline Placement: can't place more pipeline on heavy datanode： 98c6e6f4-875d-42de-b8a9-30ed89dcc8e7 Heaviness: 6 limit: 5
2019-09-25 12:10:11,639 [grpc-default-executor-0] INFO  impl.RaftServerProxy (RaftServerProxy.java:addNew(89)) - e1810a45-b9a3-4acb-b85d-088610f584f2: addNew group-E6003B78F1D8:[e1810a45-b9a3-4acb-b85d-088610f584f2:192.168.151.73:46771] returns group-E6003B78F1D8:java.util.concurrent.CompletableFuture@4adf47a8[Not completed]
2019-09-25 12:10:11,641 [pool-87-thread-1] INFO  impl.RaftServerImpl (RaftServerImpl.java:<init>(95)) - e1810a45-b9a3-4acb-b85d-088610f584f2: new RaftServerImpl for group-E6003B78F1D8:[e1810a45-b9a3-4acb-b85d-088610f584f2:192.168.151.73:46771] with ContainerStateMachine:uninitialized
2019-09-25 12:10:11,641 [pool-87-thread-1] INFO  server.RaftServerConfigKeys (ConfUtils.java:logGet(43)) - raft.server.rpc.timeout.min = 5s (custom)
2019-09-25 12:10:11,642 [pool-87-thread-1] INFO  server.RaftServerConfigKeys (ConfUtils.java:logGet(43)) - raft.server.rpc.timeout.max = 5200ms (custom)
2019-09-25 12:10:11,642 [pool-87-thread-1] INFO  server.RaftServerConfigKeys (ConfUtils.java:logGet(43)) - raft.server.rpcslowness.timeout = 120s (custom)
2019-09-25 12:10:11,642 [pool-87-thread-1] INFO  server.RaftServerConfigKeys (ConfUtils.java:logGet(43)) - raft.server.sleep.deviation.threshold = 300 (default)
2019-09-25 12:10:11,642 [pool-87-thread-1] INFO  server.RaftServerConfigKeys (ConfUtils.java:logGet(43)) - raft.server.log.appender.install.snapshot.enabled = false (custom)
2019-09-25 12:10:11,642 [pool-87-thread-1] INFO  impl.RaftServerImpl (ServerState.java:<init>(103)) - e1810a45-b9a3-4acb-b85d-088610f584f2@group-E6003B78F1D8: ConfigurationManager, init=-1: [e1810a45-b9a3-4acb-b85d-088610f584f2:192.168.151.73:46771], old=null, confs=<EMPTY_MAP>
2019-09-25 12:10:11,643 [pool-87-thread-1] INFO  server.RaftServerConfigKeys (ConfUtils.java:logGet(43)) - raft.server.storage.dir = [/workdir/hadoop-ozone/integration-test/target/test-dir/MiniOzoneClusterImpl-b6380e3c-fb04-4178-98e9-eb7b36240636/datanode-6/data/ratis] (custom)
2019-09-25 12:10:11,643 [pool-87-thread-1] INFO  storage.RaftStorageDirectory (RaftStorageDirectory.java:analyzeStorage(246)) - The storage directory /workdir/hadoop-ozone/integration-test/target/test-dir/MiniOzoneClusterImpl-b6380e3c-fb04-4178-98e9-eb7b36240636/datanode-6/data/ratis/dba6ad31-6936-4686-8d9e-e6003b78f1d8 does not exist. Creating ...
2019-09-25 12:10:11,656 [pool-87-thread-1] INFO  storage.RaftStorageDirectory (RaftStorageDirectory.java:tryLock(328)) - Lock on /workdir/hadoop-ozone/integration-test/target/test-dir/MiniOzoneClusterImpl-b6380e3c-fb04-4178-98e9-eb7b36240636/datanode-6/data/ratis/dba6ad31-6936-4686-8d9e-e6003b78f1d8/in_use.lock acquired by nodename 9481@pr-hdds-1569-shd4m-3693607622
2019-09-25 12:10:11,669 [pool-87-thread-1] INFO  storage.RaftStorage (RaftStorage.java:format(72)) - Storage directory /workdir/hadoop-ozone/integration-test/target/test-dir/MiniOzoneClusterImpl-b6380e3c-fb04-4178-98e9-eb7b36240636/datanode-6/data/ratis/dba6ad31-6936-4686-8d9e-e6003b78f1d8 has been successfully formatted.
2019-09-25 12:10:11,670 [pool-87-thread-1] INFO  ratis.ContainerStateMachine (ContainerStateMachine.java:loadSnapshot(230)) - group-E6003B78F1D8: The snapshot info is null. Setting the last applied indexto:(t:0, i:~)
2019-09-25 12:10:11,670 [pool-87-thread-1] INFO  server.RaftServerConfigKeys (ConfUtils.java:logGet(43)) - raft.server.notification.no-leader.timeout = 120s (custom)
2019-09-25 12:10:11,670 [pool-87-thread-1] INFO  server.RaftServerConfigKeys (ConfUtils.java:logGet(43)) - raft.server.log.use.memory = false (default)
2019-09-25 12:10:11,670 [pool-87-thread-1] INFO  server.RaftServerConfigKeys (ConfUtils.java:logGet(43)) - raft.server.log.purge.gap = 1000000 (custom)
2019-09-25 12:10:11,670 [pool-87-thread-1] INFO  server.RaftServerConfigKeys (ConfUtils.java:logGet(43)) - raft.server.log.appender.buffer.byte-limit = 33554432 (custom)
2019-09-25 12:10:11,670 [pool-87-thread-1] INFO  server.RaftServerConfigKeys (ConfUtils.java:logGet(43)) - raft.server.log.segment.size.max = 1048576 (custom)
2019-09-25 12:10:11,671 [pool-87-thread-1] INFO  server.RaftServerConfigKeys (ConfUtils.java:logGet(43)) - raft.server.log.segment.cache.num.max = 2 (custom)
2019-09-25 12:10:11,671 [pool-87-thread-1] INFO  segmented.SegmentedRaftLogWorker (SegmentedRaftLogWorker.java:<init>(172)) - new e1810a45-b9a3-4acb-b85d-088610f584f2@group-E6003B78F1D8-SegmentedRaftLogWorker for RaftStorage:Storage Directory /workdir/hadoop-ozone/integration-test/target/test-dir/MiniOzoneClusterImpl-b6380e3c-fb04-4178-98e9-eb7b36240636/datanode-6/data/ratis/dba6ad31-6936-4686-8d9e-e6003b78f1d8
2019-09-25 12:10:11,671 [pool-87-thread-1] INFO  server.RaftServerConfigKeys (ConfUtils.java:logGet(43)) - raft.server.log.queue.byte-limit = 2147483647 (custom)
2019-09-25 12:10:11,671 [pool-87-thread-1] INFO  server.RaftServerConfigKeys (ConfUtils.java:logGet(43)) - raft.server.log.queue.element-limit = 1024 (custom)
2019-09-25 12:10:11,671 [pool-87-thread-1] INFO  server.RaftServerConfigKeys (ConfUtils.java:logGet(43)) - raft.server.log.segment.size.max = 1048576 (custom)
2019-09-25 12:10:11,672 [pool-87-thread-1] INFO  server.RaftServerConfigKeys (ConfUtils.java:logGet(43)) - raft.server.log.preallocated.size = 16384 (custom)
2019-09-25 12:10:11,672 [pool-87-thread-1] INFO  server.RaftServerConfigKeys (ConfUtils.java:logGet(43)) - raft.server.log.write.buffer.size = 33554432 (custom)
2019-09-25 12:10:11,672 [pool-87-thread-1] INFO  server.RaftServerConfigKeys (ConfUtils.java:logGet(43)) - raft.server.log.force.sync.num = 128 (default)
2019-09-25 12:10:11,672 [pool-87-thread-1] INFO  server.RaftServerConfigKeys (ConfUtils.java:logGet(43)) - raft.server.log.statemachine.data.sync = true (default)
2019-09-25 12:10:11,672 [pool-87-thread-1] INFO  server.RaftServerConfigKeys (ConfUtils.java:logGet(43)) - raft.server.log.statemachine.data.sync.timeout = 10s (default)
2019-09-25 12:10:11,673 [pool-87-thread-1] INFO  server.RaftServerConfigKeys (ConfUtils.java:logGet(43)) - raft.server.log.statemachine.data.sync.timeout.retry = -1 (default)
2019-09-25 12:10:11,673 [pool-87-thread-1] INFO  server.RaftServerConfigKeys (ConfUtils.java:logGet(43)) - raft.server.log.statemachine.data.caching.enabled = true (custom)
2019-09-25 12:10:11,673 [pool-87-thread-1] INFO  segmented.SegmentedRaftLogWorker (SegmentedRaftLogWorker.java:lambda$new$0(132)) - e1810a45-b9a3-4acb-b85d-088610f584f2@group-E6003B78F1D8-SegmentedRaftLogWorker: flushIndex: setUnconditionally 0 -> -1
2019-09-25 12:10:11,674 [pool-87-thread-1] INFO  server.RaftServerConfigKeys (ConfUtils.java:logGet(43)) - raft.server.snapshot.auto.trigger.enabled = true (custom)
2019-09-25 12:10:11,674 [pool-87-thread-1] INFO  server.RaftServerConfigKeys (ConfUtils.java:logGet(43)) - raft.server.snapshot.auto.trigger.threshold = 10000 (custom)
2019-09-25 12:10:11,674 [pool-87-thread-1] INFO  server.RaftServerConfigKeys (ConfUtils.java:logGet(43)) - raft.server.snapshot.retention.num.files = 5 (custom)
2019-09-25 12:10:11,675 [pool-87-thread-1] INFO  server.RaftServerConfigKeys (ConfUtils.java:logGet(43)) - raft.server.retrycache.expirytime = 600000ms (custom)
2019-09-25 12:10:11,680 [pool-87-thread-1] INFO  impl.RaftServerImpl (RaftServerImpl.java:start(185)) - e1810a45-b9a3-4acb-b85d-088610f584f2@group-E6003B78F1D8: start as a follower, conf=-1: [e1810a45-b9a3-4acb-b85d-088610f584f2:192.168.151.73:46771], old=null
2019-09-25 12:10:11,680 [pool-87-thread-1] INFO  impl.RaftServerImpl (RaftServerImpl.java:setRole(174)) - e1810a45-b9a3-4acb-b85d-088610f584f2@group-E6003B78F1D8: changes role from      null to FOLLOWER at term 0 for startAsFollower
2019-09-25 12:10:11,681 [pool-87-thread-1] INFO  impl.RoleInfo (RoleInfo.java:updateAndGet(143)) - e1810a45-b9a3-4acb-b85d-088610f584f2: start FollowerState
2019-09-25 12:10:11,681 [pool-87-thread-1] INFO  util.JmxRegister (JmxRegister.java:tryRegister(44)) - Successfully registered JMX Bean with object name Ratis:service=RaftServer,group=group-E6003B78F1D8,id=e1810a45-b9a3-4acb-b85d-088610f584f2
2019-09-25 12:10:11,688 [RatisPipelineUtilsThread] INFO  pipeline.PipelineStateManager (PipelineStateManager.java:addPipeline(56)) - Created pipeline Pipeline[ Id: dba6ad31-6936-4686-8d9e-e6003b78f1d8, Nodes: e1810a45-b9a3-4acb-b85d-088610f584f2{ip: 192.168.151.73, host: pr-hdds-1569-shd4m-3693607622, networkLocation: /default-rack, certSerialId: null}, Type:RATIS, Factor:ONE, State:OPEN]
2019-09-25 12:10:11,689 [RatisPipelineUtilsThread] INFO  pipeline.PipelinePlacementPolicy (PipelinePlacementPolicy.java:meetCriteria(91)) - Pipeline Placement: can't place more pipeline on heavy datanode： efb2beac-26e0-4b3b-9934-2458c1147cfd Heaviness: 6 limit: 5
2019-09-25 12:10:11,689 [RatisPipelineUtilsThread] INFO  pipeline.PipelinePlacementPolicy (PipelinePlacementPolicy.java:meetCriteria(91)) - Pipeline Placement: can't place more pipeline on heavy datanode： e9a0ea36-247e-456c-8e42-8632faf34d05 Heaviness: 6 limit: 5
2019-09-25 12:10:11,689 [RatisPipelineUtilsThread] INFO  pipeline.PipelinePlacementPolicy (PipelinePlacementPolicy.java:meetCriteria(91)) - Pipeline Placement: can't place more pipeline on heavy datanode： 75407fdb-c05d-4d79-b869-4dab60013158 Heaviness: 6 limit: 5
2019-09-25 12:10:11,689 [RatisPipelineUtilsThread] INFO  pipeline.PipelinePlacementPolicy (PipelinePlacementPolicy.java:meetCriteria(91)) - Pipeline Placement: can't place more pipeline on heavy datanode： 60ced751-3023-4654-af5b-403edbc93820 Heaviness: 6 limit: 5
2019-09-25 12:10:11,690 [RatisPipelineUtilsThread] INFO  pipeline.PipelinePlacementPolicy (PipelinePlacementPolicy.java:meetCriteria(91)) - Pipeline Placement: can't place more pipeline on heavy datanode： c7bed0cc-269f-4b54-bb5a-2be104ddf1a5 Heaviness: 6 limit: 5
2019-09-25 12:10:11,690 [RatisPipelineUtilsThread] INFO  pipeline.PipelinePlacementPolicy (PipelinePlacementPolicy.java:meetCriteria(91)) - Pipeline Placement: can't place more pipeline on heavy datanode： 98c6e6f4-875d-42de-b8a9-30ed89dcc8e7 Heaviness: 6 limit: 5
2019-09-25 12:10:11,706 [grpc-default-executor-0] INFO  impl.RaftServerProxy (RaftServerProxy.java:addNew(89)) - e1810a45-b9a3-4acb-b85d-088610f584f2: addNew group-00ED38997B3C:[e1810a45-b9a3-4acb-b85d-088610f584f2:192.168.151.73:46771] returns group-00ED38997B3C:java.util.concurrent.CompletableFuture@64d3dc02[Not completed]
2019-09-25 12:10:11,709 [pool-87-thread-1] INFO  impl.RaftServerImpl (RaftServerImpl.java:<init>(95)) - e1810a45-b9a3-4acb-b85d-088610f584f2: new RaftServerImpl for group-00ED38997B3C:[e1810a45-b9a3-4acb-b85d-088610f584f2:192.168.151.73:46771] with ContainerStateMachine:uninitialized
2019-09-25 12:10:11,709 [pool-87-thread-1] INFO  server.RaftServerConfigKeys (ConfUtils.java:logGet(43)) - raft.server.rpc.timeout.min = 5s (custom)
2019-09-25 12:10:11,709 [pool-87-thread-1] INFO  server.RaftServerConfigKeys (ConfUtils.java:logGet(43)) - raft.server.rpc.timeout.max = 5200ms (custom)
2019-09-25 12:10:11,709 [pool-87-thread-1] INFO  server.RaftServerConfigKeys (ConfUtils.java:logGet(43)) - raft.server.rpcslowness.timeout = 120s (custom)
2019-09-25 12:10:11,710 [pool-87-thread-1] INFO  server.RaftServerConfigKeys (ConfUtils.java:logGet(43)) - raft.server.sleep.deviation.threshold = 300 (default)
2019-09-25 12:10:11,710 [pool-87-thread-1] INFO  server.RaftServerConfigKeys (ConfUtils.java:logGet(43)) - raft.server.log.appender.install.snapshot.enabled = false (custom)
2019-09-25 12:10:11,710 [pool-87-thread-1] INFO  impl.RaftServerImpl (ServerState.java:<init>(103)) - e1810a45-b9a3-4acb-b85d-088610f584f2@group-00ED38997B3C: ConfigurationManager, init=-1: [e1810a45-b9a3-4acb-b85d-088610f584f2:192.168.151.73:46771], old=null, confs=<EMPTY_MAP>
2019-09-25 12:10:11,710 [pool-87-thread-1] INFO  server.RaftServerConfigKeys (ConfUtils.java:logGet(43)) - raft.server.storage.dir = [/workdir/hadoop-ozone/integration-test/target/test-dir/MiniOzoneClusterImpl-b6380e3c-fb04-4178-98e9-eb7b36240636/datanode-6/data/ratis] (custom)
2019-09-25 12:10:11,710 [pool-87-thread-1] INFO  storage.RaftStorageDirectory (RaftStorageDirectory.java:analyzeStorage(246)) - The storage directory /workdir/hadoop-ozone/integration-test/target/test-dir/MiniOzoneClusterImpl-b6380e3c-fb04-4178-98e9-eb7b36240636/datanode-6/data/ratis/0d4cdafb-3e04-45b9-b9c3-00ed38997b3c does not exist. Creating ...
2019-09-25 12:10:11,724 [pool-87-thread-1] INFO  storage.RaftStorageDirectory (RaftStorageDirectory.java:tryLock(328)) - Lock on /workdir/hadoop-ozone/integration-test/target/test-dir/MiniOzoneClusterImpl-b6380e3c-fb04-4178-98e9-eb7b36240636/datanode-6/data/ratis/0d4cdafb-3e04-45b9-b9c3-00ed38997b3c/in_use.lock acquired by nodename 9481@pr-hdds-1569-shd4m-3693607622
2019-09-25 12:10:11,749 [pool-87-thread-1] INFO  storage.RaftStorage (RaftStorage.java:format(72)) - Storage directory /workdir/hadoop-ozone/integration-test/target/test-dir/MiniOzoneClusterImpl-b6380e3c-fb04-4178-98e9-eb7b36240636/datanode-6/data/ratis/0d4cdafb-3e04-45b9-b9c3-00ed38997b3c has been successfully formatted.
2019-09-25 12:10:11,749 [pool-87-thread-1] INFO  ratis.ContainerStateMachine (ContainerStateMachine.java:loadSnapshot(230)) - group-00ED38997B3C: The snapshot info is null. Setting the last applied indexto:(t:0, i:~)
2019-09-25 12:10:11,750 [pool-87-thread-1] INFO  server.RaftServerConfigKeys (ConfUtils.java:logGet(43)) - raft.server.notification.no-leader.timeout = 120s (custom)
2019-09-25 12:10:11,750 [pool-87-thread-1] INFO  server.RaftServerConfigKeys (ConfUtils.java:logGet(43)) - raft.server.log.use.memory = false (default)
2019-09-25 12:10:11,750 [pool-87-thread-1] INFO  server.RaftServerConfigKeys (ConfUtils.java:logGet(43)) - raft.server.log.purge.gap = 1000000 (custom)
2019-09-25 12:10:11,750 [pool-87-thread-1] INFO  server.RaftServerConfigKeys (ConfUtils.java:logGet(43)) - raft.server.log.appender.buffer.byte-limit = 33554432 (custom)
2019-09-25 12:10:11,750 [pool-87-thread-1] INFO  server.RaftServerConfigKeys (ConfUtils.java:logGet(43)) - raft.server.log.segment.size.max = 1048576 (custom)
2019-09-25 12:10:11,750 [pool-87-thread-1] INFO  server.RaftServerConfigKeys (ConfUtils.java:logGet(43)) - raft.server.log.segment.cache.num.max = 2 (custom)
2019-09-25 12:10:11,750 [pool-87-thread-1] INFO  segmented.SegmentedRaftLogWorker (SegmentedRaftLogWorker.java:<init>(172)) - new e1810a45-b9a3-4acb-b85d-088610f584f2@group-00ED38997B3C-SegmentedRaftLogWorker for RaftStorage:Storage Directory /workdir/hadoop-ozone/integration-test/target/test-dir/MiniOzoneClusterImpl-b6380e3c-fb04-4178-98e9-eb7b36240636/datanode-6/data/ratis/0d4cdafb-3e04-45b9-b9c3-00ed38997b3c
2019-09-25 12:10:11,751 [pool-87-thread-1] INFO  server.RaftServerConfigKeys (ConfUtils.java:logGet(43)) - raft.server.log.queue.byte-limit = 2147483647 (custom)
2019-09-25 12:10:11,751 [pool-87-thread-1] INFO  server.RaftServerConfigKeys (ConfUtils.java:logGet(43)) - raft.server.log.queue.element-limit = 1024 (custom)
2019-09-25 12:10:11,751 [pool-87-thread-1] INFO  server.RaftServerConfigKeys (ConfUtils.java:logGet(43)) - raft.server.log.segment.size.max = 1048576 (custom)
2019-09-25 12:10:11,751 [pool-87-thread-1] INFO  server.RaftServerConfigKeys (ConfUtils.java:logGet(43)) - raft.server.log.preallocated.size = 16384 (custom)
2019-09-25 12:10:11,751 [pool-87-thread-1] INFO  server.RaftServerConfigKeys (ConfUtils.java:logGet(43)) - raft.server.log.write.buffer.size = 33554432 (custom)
2019-09-25 12:10:11,751 [pool-87-thread-1] INFO  server.RaftServerConfigKeys (ConfUtils.java:logGet(43)) - raft.server.log.force.sync.num = 128 (default)
2019-09-25 12:10:11,751 [pool-87-thread-1] INFO  server.RaftServerConfigKeys (ConfUtils.java:logGet(43)) - raft.server.log.statemachine.data.sync = true (default)
2019-09-25 12:10:11,752 [pool-87-thread-1] INFO  server.RaftServerConfigKeys (ConfUtils.java:logGet(43)) - raft.server.log.statemachine.data.sync.timeout = 10s (default)
2019-09-25 12:10:11,752 [pool-87-thread-1] INFO  server.RaftServerConfigKeys (ConfUtils.java:logGet(43)) - raft.server.log.statemachine.data.sync.timeout.retry = -1 (default)
2019-09-25 12:10:11,752 [pool-87-thread-1] INFO  server.RaftServerConfigKeys (ConfUtils.java:logGet(43)) - raft.server.log.statemachine.data.caching.enabled = true (custom)
2019-09-25 12:10:11,752 [pool-87-thread-1] INFO  segmented.SegmentedRaftLogWorker (SegmentedRaftLogWorker.java:lambda$new$0(132)) - e1810a45-b9a3-4acb-b85d-088610f584f2@group-00ED38997B3C-SegmentedRaftLogWorker: flushIndex: setUnconditionally 0 -> -1
2019-09-25 12:10:11,753 [pool-87-thread-1] INFO  server.RaftServerConfigKeys (ConfUtils.java:logGet(43)) - raft.server.snapshot.auto.trigger.enabled = true (custom)
2019-09-25 12:10:11,753 [pool-87-thread-1] INFO  server.RaftServerConfigKeys (ConfUtils.java:logGet(43)) - raft.server.snapshot.auto.trigger.threshold = 10000 (custom)
2019-09-25 12:10:11,753 [pool-87-thread-1] INFO  server.RaftServerConfigKeys (ConfUtils.java:logGet(43)) - raft.server.snapshot.retention.num.files = 5 (custom)
2019-09-25 12:10:11,753 [pool-87-thread-1] INFO  server.RaftServerConfigKeys (ConfUtils.java:logGet(43)) - raft.server.retrycache.expirytime = 600000ms (custom)
2019-09-25 12:10:11,756 [pool-87-thread-1] INFO  impl.RaftServerImpl (RaftServerImpl.java:start(185)) - e1810a45-b9a3-4acb-b85d-088610f584f2@group-00ED38997B3C: start as a follower, conf=-1: [e1810a45-b9a3-4acb-b85d-088610f584f2:192.168.151.73:46771], old=null
2019-09-25 12:10:11,756 [pool-87-thread-1] INFO  impl.RaftServerImpl (RaftServerImpl.java:setRole(174)) - e1810a45-b9a3-4acb-b85d-088610f584f2@group-00ED38997B3C: changes role from      null to FOLLOWER at term 0 for startAsFollower
2019-09-25 12:10:11,756 [pool-87-thread-1] INFO  impl.RoleInfo (RoleInfo.java:updateAndGet(143)) - e1810a45-b9a3-4acb-b85d-088610f584f2: start FollowerState
2019-09-25 12:10:11,756 [pool-87-thread-1] INFO  util.JmxRegister (JmxRegister.java:tryRegister(44)) - Successfully registered JMX Bean with object name Ratis:service=RaftServer,group=group-00ED38997B3C,id=e1810a45-b9a3-4acb-b85d-088610f584f2
2019-09-25 12:10:11,763 [RatisPipelineUtilsThread] INFO  pipeline.PipelineStateManager (PipelineStateManager.java:addPipeline(56)) - Created pipeline Pipeline[ Id: 0d4cdafb-3e04-45b9-b9c3-00ed38997b3c, Nodes: e1810a45-b9a3-4acb-b85d-088610f584f2{ip: 192.168.151.73, host: pr-hdds-1569-shd4m-3693607622, networkLocation: /default-rack, certSerialId: null}, Type:RATIS, Factor:ONE, State:OPEN]
2019-09-25 12:10:11,764 [RatisPipelineUtilsThread] INFO  pipeline.PipelinePlacementPolicy (PipelinePlacementPolicy.java:meetCriteria(91)) - Pipeline Placement: can't place more pipeline on heavy datanode： efb2beac-26e0-4b3b-9934-2458c1147cfd Heaviness: 6 limit: 5
2019-09-25 12:10:11,764 [RatisPipelineUtilsThread] INFO  pipeline.PipelinePlacementPolicy (PipelinePlacementPolicy.java:meetCriteria(91)) - Pipeline Placement: can't place more pipeline on heavy datanode： e9a0ea36-247e-456c-8e42-8632faf34d05 Heaviness: 6 limit: 5
2019-09-25 12:10:11,764 [RatisPipelineUtilsThread] INFO  pipeline.PipelinePlacementPolicy (PipelinePlacementPolicy.java:meetCriteria(91)) - Pipeline Placement: can't place more pipeline on heavy datanode： 75407fdb-c05d-4d79-b869-4dab60013158 Heaviness: 6 limit: 5
2019-09-25 12:10:11,764 [RatisPipelineUtilsThread] INFO  pipeline.PipelinePlacementPolicy (PipelinePlacementPolicy.java:meetCriteria(91)) - Pipeline Placement: can't place more pipeline on heavy datanode： 60ced751-3023-4654-af5b-403edbc93820 Heaviness: 6 limit: 5
2019-09-25 12:10:11,764 [RatisPipelineUtilsThread] INFO  pipeline.PipelinePlacementPolicy (PipelinePlacementPolicy.java:meetCriteria(91)) - Pipeline Placement: can't place more pipeline on heavy datanode： c7bed0cc-269f-4b54-bb5a-2be104ddf1a5 Heaviness: 6 limit: 5
2019-09-25 12:10:11,765 [RatisPipelineUtilsThread] INFO  pipeline.PipelinePlacementPolicy (PipelinePlacementPolicy.java:meetCriteria(91)) - Pipeline Placement: can't place more pipeline on heavy datanode： 98c6e6f4-875d-42de-b8a9-30ed89dcc8e7 Heaviness: 6 limit: 5
2019-09-25 12:10:11,795 [grpc-default-executor-0] INFO  impl.RaftServerProxy (RaftServerProxy.java:addNew(89)) - e1810a45-b9a3-4acb-b85d-088610f584f2: addNew group-31729B4234E2:[e1810a45-b9a3-4acb-b85d-088610f584f2:192.168.151.73:46771] returns group-31729B4234E2:java.util.concurrent.CompletableFuture@569be313[Not completed]
2019-09-25 12:10:11,797 [pool-87-thread-1] INFO  impl.RaftServerImpl (RaftServerImpl.java:<init>(95)) - e1810a45-b9a3-4acb-b85d-088610f584f2: new RaftServerImpl for group-31729B4234E2:[e1810a45-b9a3-4acb-b85d-088610f584f2:192.168.151.73:46771] with ContainerStateMachine:uninitialized
2019-09-25 12:10:11,797 [pool-87-thread-1] INFO  server.RaftServerConfigKeys (ConfUtils.java:logGet(43)) - raft.server.rpc.timeout.min = 5s (custom)
2019-09-25 12:10:11,798 [pool-87-thread-1] INFO  server.RaftServerConfigKeys (ConfUtils.java:logGet(43)) - raft.server.rpc.timeout.max = 5200ms (custom)
2019-09-25 12:10:11,798 [pool-87-thread-1] INFO  server.RaftServerConfigKeys (ConfUtils.java:logGet(43)) - raft.server.rpcslowness.timeout = 120s (custom)
2019-09-25 12:10:11,798 [pool-87-thread-1] INFO  server.RaftServerConfigKeys (ConfUtils.java:logGet(43)) - raft.server.sleep.deviation.threshold = 300 (default)
2019-09-25 12:10:11,798 [pool-87-thread-1] INFO  server.RaftServerConfigKeys (ConfUtils.java:logGet(43)) - raft.server.log.appender.install.snapshot.enabled = false (custom)
2019-09-25 12:10:11,798 [pool-87-thread-1] INFO  impl.RaftServerImpl (ServerState.java:<init>(103)) - e1810a45-b9a3-4acb-b85d-088610f584f2@group-31729B4234E2: ConfigurationManager, init=-1: [e1810a45-b9a3-4acb-b85d-088610f584f2:192.168.151.73:46771], old=null, confs=<EMPTY_MAP>
2019-09-25 12:10:11,799 [pool-87-thread-1] INFO  server.RaftServerConfigKeys (ConfUtils.java:logGet(43)) - raft.server.storage.dir = [/workdir/hadoop-ozone/integration-test/target/test-dir/MiniOzoneClusterImpl-b6380e3c-fb04-4178-98e9-eb7b36240636/datanode-6/data/ratis] (custom)
2019-09-25 12:10:11,799 [pool-87-thread-1] INFO  storage.RaftStorageDirectory (RaftStorageDirectory.java:analyzeStorage(246)) - The storage directory /workdir/hadoop-ozone/integration-test/target/test-dir/MiniOzoneClusterImpl-b6380e3c-fb04-4178-98e9-eb7b36240636/datanode-6/data/ratis/0ee0e6b6-62e2-49c1-bc27-31729b4234e2 does not exist. Creating ...
2019-09-25 12:10:11,835 [pool-87-thread-1] INFO  storage.RaftStorageDirectory (RaftStorageDirectory.java:tryLock(328)) - Lock on /workdir/hadoop-ozone/integration-test/target/test-dir/MiniOzoneClusterImpl-b6380e3c-fb04-4178-98e9-eb7b36240636/datanode-6/data/ratis/0ee0e6b6-62e2-49c1-bc27-31729b4234e2/in_use.lock acquired by nodename 9481@pr-hdds-1569-shd4m-3693607622
2019-09-25 12:10:11,850 [pool-87-thread-1] INFO  storage.RaftStorage (RaftStorage.java:format(72)) - Storage directory /workdir/hadoop-ozone/integration-test/target/test-dir/MiniOzoneClusterImpl-b6380e3c-fb04-4178-98e9-eb7b36240636/datanode-6/data/ratis/0ee0e6b6-62e2-49c1-bc27-31729b4234e2 has been successfully formatted.
2019-09-25 12:10:11,850 [pool-87-thread-1] INFO  ratis.ContainerStateMachine (ContainerStateMachine.java:loadSnapshot(230)) - group-31729B4234E2: The snapshot info is null. Setting the last applied indexto:(t:0, i:~)
2019-09-25 12:10:11,851 [pool-87-thread-1] INFO  server.RaftServerConfigKeys (ConfUtils.java:logGet(43)) - raft.server.notification.no-leader.timeout = 120s (custom)
2019-09-25 12:10:11,851 [pool-87-thread-1] INFO  server.RaftServerConfigKeys (ConfUtils.java:logGet(43)) - raft.server.log.use.memory = false (default)
2019-09-25 12:10:11,851 [pool-87-thread-1] INFO  server.RaftServerConfigKeys (ConfUtils.java:logGet(43)) - raft.server.log.purge.gap = 1000000 (custom)
2019-09-25 12:10:11,851 [pool-87-thread-1] INFO  server.RaftServerConfigKeys (ConfUtils.java:logGet(43)) - raft.server.log.appender.buffer.byte-limit = 33554432 (custom)
2019-09-25 12:10:11,851 [pool-87-thread-1] INFO  server.RaftServerConfigKeys (ConfUtils.java:logGet(43)) - raft.server.log.segment.size.max = 1048576 (custom)
2019-09-25 12:10:11,852 [pool-87-thread-1] INFO  server.RaftServerConfigKeys (ConfUtils.java:logGet(43)) - raft.server.log.segment.cache.num.max = 2 (custom)
2019-09-25 12:10:11,852 [pool-87-thread-1] INFO  segmented.SegmentedRaftLogWorker (SegmentedRaftLogWorker.java:<init>(172)) - new e1810a45-b9a3-4acb-b85d-088610f584f2@group-31729B4234E2-SegmentedRaftLogWorker for RaftStorage:Storage Directory /workdir/hadoop-ozone/integration-test/target/test-dir/MiniOzoneClusterImpl-b6380e3c-fb04-4178-98e9-eb7b36240636/datanode-6/data/ratis/0ee0e6b6-62e2-49c1-bc27-31729b4234e2
2019-09-25 12:10:11,852 [pool-87-thread-1] INFO  server.RaftServerConfigKeys (ConfUtils.java:logGet(43)) - raft.server.log.queue.byte-limit = 2147483647 (custom)
2019-09-25 12:10:11,852 [pool-87-thread-1] INFO  server.RaftServerConfigKeys (ConfUtils.java:logGet(43)) - raft.server.log.queue.element-limit = 1024 (custom)
2019-09-25 12:10:11,852 [pool-87-thread-1] INFO  server.RaftServerConfigKeys (ConfUtils.java:logGet(43)) - raft.server.log.segment.size.max = 1048576 (custom)
2019-09-25 12:10:11,852 [pool-87-thread-1] INFO  server.RaftServerConfigKeys (ConfUtils.java:logGet(43)) - raft.server.log.preallocated.size = 16384 (custom)
2019-09-25 12:10:11,853 [pool-87-thread-1] INFO  server.RaftServerConfigKeys (ConfUtils.java:logGet(43)) - raft.server.log.write.buffer.size = 33554432 (custom)
2019-09-25 12:10:11,853 [pool-87-thread-1] INFO  server.RaftServerConfigKeys (ConfUtils.java:logGet(43)) - raft.server.log.force.sync.num = 128 (default)
2019-09-25 12:10:11,853 [pool-87-thread-1] INFO  server.RaftServerConfigKeys (ConfUtils.java:logGet(43)) - raft.server.log.statemachine.data.sync = true (default)
2019-09-25 12:10:11,853 [pool-87-thread-1] INFO  server.RaftServerConfigKeys (ConfUtils.java:logGet(43)) - raft.server.log.statemachine.data.sync.timeout = 10s (default)
2019-09-25 12:10:11,853 [pool-87-thread-1] INFO  server.RaftServerConfigKeys (ConfUtils.java:logGet(43)) - raft.server.log.statemachine.data.sync.timeout.retry = -1 (default)
2019-09-25 12:10:11,853 [pool-87-thread-1] INFO  server.RaftServerConfigKeys (ConfUtils.java:logGet(43)) - raft.server.log.statemachine.data.caching.enabled = true (custom)
2019-09-25 12:10:11,854 [pool-87-thread-1] INFO  segmented.SegmentedRaftLogWorker (SegmentedRaftLogWorker.java:lambda$new$0(132)) - e1810a45-b9a3-4acb-b85d-088610f584f2@group-31729B4234E2-SegmentedRaftLogWorker: flushIndex: setUnconditionally 0 -> -1
2019-09-25 12:10:11,854 [pool-87-thread-1] INFO  server.RaftServerConfigKeys (ConfUtils.java:logGet(43)) - raft.server.snapshot.auto.trigger.enabled = true (custom)
2019-09-25 12:10:11,854 [pool-87-thread-1] INFO  server.RaftServerConfigKeys (ConfUtils.java:logGet(43)) - raft.server.snapshot.auto.trigger.threshold = 10000 (custom)
2019-09-25 12:10:11,855 [pool-87-thread-1] INFO  server.RaftServerConfigKeys (ConfUtils.java:logGet(43)) - raft.server.snapshot.retention.num.files = 5 (custom)
2019-09-25 12:10:11,855 [pool-87-thread-1] INFO  server.RaftServerConfigKeys (ConfUtils.java:logGet(43)) - raft.server.retrycache.expirytime = 600000ms (custom)
2019-09-25 12:10:11,858 [pool-87-thread-1] INFO  impl.RaftServerImpl (RaftServerImpl.java:start(185)) - e1810a45-b9a3-4acb-b85d-088610f584f2@group-31729B4234E2: start as a follower, conf=-1: [e1810a45-b9a3-4acb-b85d-088610f584f2:192.168.151.73:46771], old=null
2019-09-25 12:10:11,859 [pool-87-thread-1] INFO  impl.RaftServerImpl (RaftServerImpl.java:setRole(174)) - e1810a45-b9a3-4acb-b85d-088610f584f2@group-31729B4234E2: changes role from      null to FOLLOWER at term 0 for startAsFollower
2019-09-25 12:10:11,859 [pool-87-thread-1] INFO  impl.RoleInfo (RoleInfo.java:updateAndGet(143)) - e1810a45-b9a3-4acb-b85d-088610f584f2: start FollowerState
2019-09-25 12:10:11,869 [pool-87-thread-1] INFO  util.JmxRegister (JmxRegister.java:tryRegister(44)) - Successfully registered JMX Bean with object name Ratis:service=RaftServer,group=group-31729B4234E2,id=e1810a45-b9a3-4acb-b85d-088610f584f2
2019-09-25 12:10:11,889 [RatisPipelineUtilsThread] INFO  pipeline.PipelineStateManager (PipelineStateManager.java:addPipeline(56)) - Created pipeline Pipeline[ Id: 0ee0e6b6-62e2-49c1-bc27-31729b4234e2, Nodes: e1810a45-b9a3-4acb-b85d-088610f584f2{ip: 192.168.151.73, host: pr-hdds-1569-shd4m-3693607622, networkLocation: /default-rack, certSerialId: null}, Type:RATIS, Factor:ONE, State:OPEN]
2019-09-25 12:10:11,890 [RatisPipelineUtilsThread] INFO  pipeline.PipelinePlacementPolicy (PipelinePlacementPolicy.java:meetCriteria(91)) - Pipeline Placement: can't place more pipeline on heavy datanode： efb2beac-26e0-4b3b-9934-2458c1147cfd Heaviness: 6 limit: 5
2019-09-25 12:10:11,890 [RatisPipelineUtilsThread] INFO  pipeline.PipelinePlacementPolicy (PipelinePlacementPolicy.java:meetCriteria(91)) - Pipeline Placement: can't place more pipeline on heavy datanode： e9a0ea36-247e-456c-8e42-8632faf34d05 Heaviness: 6 limit: 5
2019-09-25 12:10:11,890 [RatisPipelineUtilsThread] INFO  pipeline.PipelinePlacementPolicy (PipelinePlacementPolicy.java:meetCriteria(91)) - Pipeline Placement: can't place more pipeline on heavy datanode： 75407fdb-c05d-4d79-b869-4dab60013158 Heaviness: 6 limit: 5
2019-09-25 12:10:11,891 [RatisPipelineUtilsThread] INFO  pipeline.PipelinePlacementPolicy (PipelinePlacementPolicy.java:meetCriteria(91)) - Pipeline Placement: can't place more pipeline on heavy datanode： 60ced751-3023-4654-af5b-403edbc93820 Heaviness: 6 limit: 5
2019-09-25 12:10:11,891 [RatisPipelineUtilsThread] INFO  pipeline.PipelinePlacementPolicy (PipelinePlacementPolicy.java:meetCriteria(91)) - Pipeline Placement: can't place more pipeline on heavy datanode： c7bed0cc-269f-4b54-bb5a-2be104ddf1a5 Heaviness: 6 limit: 5
2019-09-25 12:10:11,891 [RatisPipelineUtilsThread] INFO  pipeline.PipelinePlacementPolicy (PipelinePlacementPolicy.java:meetCriteria(91)) - Pipeline Placement: can't place more pipeline on heavy datanode： 98c6e6f4-875d-42de-b8a9-30ed89dcc8e7 Heaviness: 6 limit: 5
2019-09-25 12:10:11,898 [grpc-default-executor-0] INFO  impl.RaftServerProxy (RaftServerProxy.java:addNew(89)) - e1810a45-b9a3-4acb-b85d-088610f584f2: addNew group-5D903DA40926:[e1810a45-b9a3-4acb-b85d-088610f584f2:192.168.151.73:46771] returns group-5D903DA40926:java.util.concurrent.CompletableFuture@55b5f5d[Not completed]
2019-09-25 12:10:11,900 [pool-87-thread-1] INFO  impl.RaftServerImpl (RaftServerImpl.java:<init>(95)) - e1810a45-b9a3-4acb-b85d-088610f584f2: new RaftServerImpl for group-5D903DA40926:[e1810a45-b9a3-4acb-b85d-088610f584f2:192.168.151.73:46771] with ContainerStateMachine:uninitialized
2019-09-25 12:10:11,900 [pool-87-thread-1] INFO  server.RaftServerConfigKeys (ConfUtils.java:logGet(43)) - raft.server.rpc.timeout.min = 5s (custom)
2019-09-25 12:10:11,901 [pool-87-thread-1] INFO  server.RaftServerConfigKeys (ConfUtils.java:logGet(43)) - raft.server.rpc.timeout.max = 5200ms (custom)
2019-09-25 12:10:11,901 [pool-87-thread-1] INFO  server.RaftServerConfigKeys (ConfUtils.java:logGet(43)) - raft.server.rpcslowness.timeout = 120s (custom)
2019-09-25 12:10:11,901 [pool-87-thread-1] INFO  server.RaftServerConfigKeys (ConfUtils.java:logGet(43)) - raft.server.sleep.deviation.threshold = 300 (default)
2019-09-25 12:10:11,901 [pool-87-thread-1] INFO  server.RaftServerConfigKeys (ConfUtils.java:logGet(43)) - raft.server.log.appender.install.snapshot.enabled = false (custom)
2019-09-25 12:10:11,901 [pool-87-thread-1] INFO  impl.RaftServerImpl (ServerState.java:<init>(103)) - e1810a45-b9a3-4acb-b85d-088610f584f2@group-5D903DA40926: ConfigurationManager, init=-1: [e1810a45-b9a3-4acb-b85d-088610f584f2:192.168.151.73:46771], old=null, confs=<EMPTY_MAP>
2019-09-25 12:10:11,901 [pool-87-thread-1] INFO  server.RaftServerConfigKeys (ConfUtils.java:logGet(43)) - raft.server.storage.dir = [/workdir/hadoop-ozone/integration-test/target/test-dir/MiniOzoneClusterImpl-b6380e3c-fb04-4178-98e9-eb7b36240636/datanode-6/data/ratis] (custom)
2019-09-25 12:10:11,902 [pool-87-thread-1] INFO  storage.RaftStorageDirectory (RaftStorageDirectory.java:analyzeStorage(246)) - The storage directory /workdir/hadoop-ozone/integration-test/target/test-dir/MiniOzoneClusterImpl-b6380e3c-fb04-4178-98e9-eb7b36240636/datanode-6/data/ratis/1479cf32-e4e0-4708-82be-5d903da40926 does not exist. Creating ...
2019-09-25 12:10:11,916 [pool-87-thread-1] INFO  storage.RaftStorageDirectory (RaftStorageDirectory.java:tryLock(328)) - Lock on /workdir/hadoop-ozone/integration-test/target/test-dir/MiniOzoneClusterImpl-b6380e3c-fb04-4178-98e9-eb7b36240636/datanode-6/data/ratis/1479cf32-e4e0-4708-82be-5d903da40926/in_use.lock acquired by nodename 9481@pr-hdds-1569-shd4m-3693607622
2019-09-25 12:10:11,929 [pool-87-thread-1] INFO  storage.RaftStorage (RaftStorage.java:format(72)) - Storage directory /workdir/hadoop-ozone/integration-test/target/test-dir/MiniOzoneClusterImpl-b6380e3c-fb04-4178-98e9-eb7b36240636/datanode-6/data/ratis/1479cf32-e4e0-4708-82be-5d903da40926 has been successfully formatted.
2019-09-25 12:10:11,930 [pool-87-thread-1] INFO  ratis.ContainerStateMachine (ContainerStateMachine.java:loadSnapshot(230)) - group-5D903DA40926: The snapshot info is null. Setting the last applied indexto:(t:0, i:~)
2019-09-25 12:10:11,930 [pool-87-thread-1] INFO  server.RaftServerConfigKeys (ConfUtils.java:logGet(43)) - raft.server.notification.no-leader.timeout = 120s (custom)
2019-09-25 12:10:11,930 [pool-87-thread-1] INFO  server.RaftServerConfigKeys (ConfUtils.java:logGet(43)) - raft.server.log.use.memory = false (default)
2019-09-25 12:10:11,930 [pool-87-thread-1] INFO  server.RaftServerConfigKeys (ConfUtils.java:logGet(43)) - raft.server.log.purge.gap = 1000000 (custom)
2019-09-25 12:10:11,930 [pool-87-thread-1] INFO  server.RaftServerConfigKeys (ConfUtils.java:logGet(43)) - raft.server.log.appender.buffer.byte-limit = 33554432 (custom)
2019-09-25 12:10:11,930 [pool-87-thread-1] INFO  server.RaftServerConfigKeys (ConfUtils.java:logGet(43)) - raft.server.log.segment.size.max = 1048576 (custom)
2019-09-25 12:10:11,931 [pool-87-thread-1] INFO  server.RaftServerConfigKeys (ConfUtils.java:logGet(43)) - raft.server.log.segment.cache.num.max = 2 (custom)
2019-09-25 12:10:11,931 [pool-87-thread-1] INFO  segmented.SegmentedRaftLogWorker (SegmentedRaftLogWorker.java:<init>(172)) - new e1810a45-b9a3-4acb-b85d-088610f584f2@group-5D903DA40926-SegmentedRaftLogWorker for RaftStorage:Storage Directory /workdir/hadoop-ozone/integration-test/target/test-dir/MiniOzoneClusterImpl-b6380e3c-fb04-4178-98e9-eb7b36240636/datanode-6/data/ratis/1479cf32-e4e0-4708-82be-5d903da40926
2019-09-25 12:10:11,931 [pool-87-thread-1] INFO  server.RaftServerConfigKeys (ConfUtils.java:logGet(43)) - raft.server.log.queue.byte-limit = 2147483647 (custom)
2019-09-25 12:10:11,931 [pool-87-thread-1] INFO  server.RaftServerConfigKeys (ConfUtils.java:logGet(43)) - raft.server.log.queue.element-limit = 1024 (custom)
2019-09-25 12:10:11,931 [pool-87-thread-1] INFO  server.RaftServerConfigKeys (ConfUtils.java:logGet(43)) - raft.server.log.segment.size.max = 1048576 (custom)
2019-09-25 12:10:11,932 [pool-87-thread-1] INFO  server.RaftServerConfigKeys (ConfUtils.java:logGet(43)) - raft.server.log.preallocated.size = 16384 (custom)
2019-09-25 12:10:11,932 [pool-87-thread-1] INFO  server.RaftServerConfigKeys (ConfUtils.java:logGet(43)) - raft.server.log.write.buffer.size = 33554432 (custom)
2019-09-25 12:10:11,932 [pool-87-thread-1] INFO  server.RaftServerConfigKeys (ConfUtils.java:logGet(43)) - raft.server.log.force.sync.num = 128 (default)
2019-09-25 12:10:11,932 [pool-87-thread-1] INFO  server.RaftServerConfigKeys (ConfUtils.java:logGet(43)) - raft.server.log.statemachine.data.sync = true (default)
2019-09-25 12:10:11,932 [pool-87-thread-1] INFO  server.RaftServerConfigKeys (ConfUtils.java:logGet(43)) - raft.server.log.statemachine.data.sync.timeout = 10s (default)
2019-09-25 12:10:11,932 [pool-87-thread-1] INFO  server.RaftServerConfigKeys (ConfUtils.java:logGet(43)) - raft.server.log.statemachine.data.sync.timeout.retry = -1 (default)
2019-09-25 12:10:11,933 [pool-87-thread-1] INFO  server.RaftServerConfigKeys (ConfUtils.java:logGet(43)) - raft.server.log.statemachine.data.caching.enabled = true (custom)
2019-09-25 12:10:11,933 [pool-87-thread-1] INFO  segmented.SegmentedRaftLogWorker (SegmentedRaftLogWorker.java:lambda$new$0(132)) - e1810a45-b9a3-4acb-b85d-088610f584f2@group-5D903DA40926-SegmentedRaftLogWorker: flushIndex: setUnconditionally 0 -> -1
2019-09-25 12:10:11,933 [pool-87-thread-1] INFO  server.RaftServerConfigKeys (ConfUtils.java:logGet(43)) - raft.server.snapshot.auto.trigger.enabled = true (custom)
2019-09-25 12:10:11,933 [pool-87-thread-1] INFO  server.RaftServerConfigKeys (ConfUtils.java:logGet(43)) - raft.server.snapshot.auto.trigger.threshold = 10000 (custom)
2019-09-25 12:10:11,934 [pool-87-thread-1] INFO  server.RaftServerConfigKeys (ConfUtils.java:logGet(43)) - raft.server.snapshot.retention.num.files = 5 (custom)
2019-09-25 12:10:11,934 [pool-87-thread-1] INFO  server.RaftServerConfigKeys (ConfUtils.java:logGet(43)) - raft.server.retrycache.expirytime = 600000ms (custom)
2019-09-25 12:10:11,937 [pool-87-thread-1] INFO  impl.RaftServerImpl (RaftServerImpl.java:start(185)) - e1810a45-b9a3-4acb-b85d-088610f584f2@group-5D903DA40926: start as a follower, conf=-1: [e1810a45-b9a3-4acb-b85d-088610f584f2:192.168.151.73:46771], old=null
2019-09-25 12:10:11,937 [pool-87-thread-1] INFO  impl.RaftServerImpl (RaftServerImpl.java:setRole(174)) - e1810a45-b9a3-4acb-b85d-088610f584f2@group-5D903DA40926: changes role from      null to FOLLOWER at term 0 for startAsFollower
2019-09-25 12:10:11,938 [pool-87-thread-1] INFO  impl.RoleInfo (RoleInfo.java:updateAndGet(143)) - e1810a45-b9a3-4acb-b85d-088610f584f2: start FollowerState
2019-09-25 12:10:11,938 [pool-87-thread-1] INFO  util.JmxRegister (JmxRegister.java:tryRegister(44)) - Successfully registered JMX Bean with object name Ratis:service=RaftServer,group=group-5D903DA40926,id=e1810a45-b9a3-4acb-b85d-088610f584f2
2019-09-25 12:10:11,942 [RatisPipelineUtilsThread] INFO  pipeline.PipelineStateManager (PipelineStateManager.java:addPipeline(56)) - Created pipeline Pipeline[ Id: 1479cf32-e4e0-4708-82be-5d903da40926, Nodes: e1810a45-b9a3-4acb-b85d-088610f584f2{ip: 192.168.151.73, host: pr-hdds-1569-shd4m-3693607622, networkLocation: /default-rack, certSerialId: null}, Type:RATIS, Factor:ONE, State:OPEN]
2019-09-25 12:10:11,942 [RatisPipelineUtilsThread] INFO  pipeline.PipelinePlacementPolicy (PipelinePlacementPolicy.java:meetCriteria(91)) - Pipeline Placement: can't place more pipeline on heavy datanode： efb2beac-26e0-4b3b-9934-2458c1147cfd Heaviness: 6 limit: 5
2019-09-25 12:10:11,942 [RatisPipelineUtilsThread] INFO  pipeline.PipelinePlacementPolicy (PipelinePlacementPolicy.java:meetCriteria(91)) - Pipeline Placement: can't place more pipeline on heavy datanode： e9a0ea36-247e-456c-8e42-8632faf34d05 Heaviness: 6 limit: 5
2019-09-25 12:10:11,943 [RatisPipelineUtilsThread] INFO  pipeline.PipelinePlacementPolicy (PipelinePlacementPolicy.java:meetCriteria(91)) - Pipeline Placement: can't place more pipeline on heavy datanode： 75407fdb-c05d-4d79-b869-4dab60013158 Heaviness: 6 limit: 5
2019-09-25 12:10:11,943 [RatisPipelineUtilsThread] INFO  pipeline.PipelinePlacementPolicy (PipelinePlacementPolicy.java:meetCriteria(91)) - Pipeline Placement: can't place more pipeline on heavy datanode： 60ced751-3023-4654-af5b-403edbc93820 Heaviness: 6 limit: 5
2019-09-25 12:10:11,943 [RatisPipelineUtilsThread] INFO  pipeline.PipelinePlacementPolicy (PipelinePlacementPolicy.java:meetCriteria(91)) - Pipeline Placement: can't place more pipeline on heavy datanode： c7bed0cc-269f-4b54-bb5a-2be104ddf1a5 Heaviness: 6 limit: 5
2019-09-25 12:10:11,943 [RatisPipelineUtilsThread] INFO  pipeline.PipelinePlacementPolicy (PipelinePlacementPolicy.java:meetCriteria(91)) - Pipeline Placement: can't place more pipeline on heavy datanode： 98c6e6f4-875d-42de-b8a9-30ed89dcc8e7 Heaviness: 6 limit: 5
2019-09-25 12:10:11,950 [grpc-default-executor-0] INFO  impl.RaftServerProxy (RaftServerProxy.java:addNew(89)) - e1810a45-b9a3-4acb-b85d-088610f584f2: addNew group-D8A491083118:[e1810a45-b9a3-4acb-b85d-088610f584f2:192.168.151.73:46771] returns group-D8A491083118:java.util.concurrent.CompletableFuture@22651aa4[Not completed]
2019-09-25 12:10:11,952 [pool-87-thread-1] INFO  impl.RaftServerImpl (RaftServerImpl.java:<init>(95)) - e1810a45-b9a3-4acb-b85d-088610f584f2: new RaftServerImpl for group-D8A491083118:[e1810a45-b9a3-4acb-b85d-088610f584f2:192.168.151.73:46771] with ContainerStateMachine:uninitialized
2019-09-25 12:10:11,952 [pool-87-thread-1] INFO  server.RaftServerConfigKeys (ConfUtils.java:logGet(43)) - raft.server.rpc.timeout.min = 5s (custom)
2019-09-25 12:10:11,952 [pool-87-thread-1] INFO  server.RaftServerConfigKeys (ConfUtils.java:logGet(43)) - raft.server.rpc.timeout.max = 5200ms (custom)
2019-09-25 12:10:11,952 [pool-87-thread-1] INFO  server.RaftServerConfigKeys (ConfUtils.java:logGet(43)) - raft.server.rpcslowness.timeout = 120s (custom)
2019-09-25 12:10:11,953 [pool-87-thread-1] INFO  server.RaftServerConfigKeys (ConfUtils.java:logGet(43)) - raft.server.sleep.deviation.threshold = 300 (default)
2019-09-25 12:10:11,953 [pool-87-thread-1] INFO  server.RaftServerConfigKeys (ConfUtils.java:logGet(43)) - raft.server.log.appender.install.snapshot.enabled = false (custom)
2019-09-25 12:10:11,953 [pool-87-thread-1] INFO  impl.RaftServerImpl (ServerState.java:<init>(103)) - e1810a45-b9a3-4acb-b85d-088610f584f2@group-D8A491083118: ConfigurationManager, init=-1: [e1810a45-b9a3-4acb-b85d-088610f584f2:192.168.151.73:46771], old=null, confs=<EMPTY_MAP>
2019-09-25 12:10:11,953 [pool-87-thread-1] INFO  server.RaftServerConfigKeys (ConfUtils.java:logGet(43)) - raft.server.storage.dir = [/workdir/hadoop-ozone/integration-test/target/test-dir/MiniOzoneClusterImpl-b6380e3c-fb04-4178-98e9-eb7b36240636/datanode-6/data/ratis] (custom)
2019-09-25 12:10:11,954 [pool-87-thread-1] INFO  storage.RaftStorageDirectory (RaftStorageDirectory.java:analyzeStorage(246)) - The storage directory /workdir/hadoop-ozone/integration-test/target/test-dir/MiniOzoneClusterImpl-b6380e3c-fb04-4178-98e9-eb7b36240636/datanode-6/data/ratis/ee74ede0-4cc6-47b5-88cd-d8a491083118 does not exist. Creating ...
2019-09-25 12:10:11,966 [pool-87-thread-1] INFO  storage.RaftStorageDirectory (RaftStorageDirectory.java:tryLock(328)) - Lock on /workdir/hadoop-ozone/integration-test/target/test-dir/MiniOzoneClusterImpl-b6380e3c-fb04-4178-98e9-eb7b36240636/datanode-6/data/ratis/ee74ede0-4cc6-47b5-88cd-d8a491083118/in_use.lock acquired by nodename 9481@pr-hdds-1569-shd4m-3693607622
2019-09-25 12:10:11,979 [pool-87-thread-1] INFO  storage.RaftStorage (RaftStorage.java:format(72)) - Storage directory /workdir/hadoop-ozone/integration-test/target/test-dir/MiniOzoneClusterImpl-b6380e3c-fb04-4178-98e9-eb7b36240636/datanode-6/data/ratis/ee74ede0-4cc6-47b5-88cd-d8a491083118 has been successfully formatted.
2019-09-25 12:10:11,979 [pool-87-thread-1] INFO  ratis.ContainerStateMachine (ContainerStateMachine.java:loadSnapshot(230)) - group-D8A491083118: The snapshot info is null. Setting the last applied indexto:(t:0, i:~)
2019-09-25 12:10:11,979 [pool-87-thread-1] INFO  server.RaftServerConfigKeys (ConfUtils.java:logGet(43)) - raft.server.notification.no-leader.timeout = 120s (custom)
2019-09-25 12:10:11,980 [pool-87-thread-1] INFO  server.RaftServerConfigKeys (ConfUtils.java:logGet(43)) - raft.server.log.use.memory = false (default)
2019-09-25 12:10:11,980 [pool-87-thread-1] INFO  server.RaftServerConfigKeys (ConfUtils.java:logGet(43)) - raft.server.log.purge.gap = 1000000 (custom)
2019-09-25 12:10:11,980 [pool-87-thread-1] INFO  server.RaftServerConfigKeys (ConfUtils.java:logGet(43)) - raft.server.log.appender.buffer.byte-limit = 33554432 (custom)
2019-09-25 12:10:11,980 [pool-87-thread-1] INFO  server.RaftServerConfigKeys (ConfUtils.java:logGet(43)) - raft.server.log.segment.size.max = 1048576 (custom)
2019-09-25 12:10:11,980 [pool-87-thread-1] INFO  server.RaftServerConfigKeys (ConfUtils.java:logGet(43)) - raft.server.log.segment.cache.num.max = 2 (custom)
2019-09-25 12:10:11,980 [pool-87-thread-1] INFO  segmented.SegmentedRaftLogWorker (SegmentedRaftLogWorker.java:<init>(172)) - new e1810a45-b9a3-4acb-b85d-088610f584f2@group-D8A491083118-SegmentedRaftLogWorker for RaftStorage:Storage Directory /workdir/hadoop-ozone/integration-test/target/test-dir/MiniOzoneClusterImpl-b6380e3c-fb04-4178-98e9-eb7b36240636/datanode-6/data/ratis/ee74ede0-4cc6-47b5-88cd-d8a491083118
2019-09-25 12:10:11,981 [pool-87-thread-1] INFO  server.RaftServerConfigKeys (ConfUtils.java:logGet(43)) - raft.server.log.queue.byte-limit = 2147483647 (custom)
2019-09-25 12:10:11,981 [pool-87-thread-1] INFO  server.RaftServerConfigKeys (ConfUtils.java:logGet(43)) - raft.server.log.queue.element-limit = 1024 (custom)
2019-09-25 12:10:11,981 [pool-87-thread-1] INFO  server.RaftServerConfigKeys (ConfUtils.java:logGet(43)) - raft.server.log.segment.size.max = 1048576 (custom)
2019-09-25 12:10:11,981 [pool-87-thread-1] INFO  server.RaftServerConfigKeys (ConfUtils.java:logGet(43)) - raft.server.log.preallocated.size = 16384 (custom)
2019-09-25 12:10:11,981 [pool-87-thread-1] INFO  server.RaftServerConfigKeys (ConfUtils.java:logGet(43)) - raft.server.log.write.buffer.size = 33554432 (custom)
2019-09-25 12:10:11,981 [pool-87-thread-1] INFO  server.RaftServerConfigKeys (ConfUtils.java:logGet(43)) - raft.server.log.force.sync.num = 128 (default)
2019-09-25 12:10:11,981 [pool-87-thread-1] INFO  server.RaftServerConfigKeys (ConfUtils.java:logGet(43)) - raft.server.log.statemachine.data.sync = true (default)
2019-09-25 12:10:11,982 [pool-87-thread-1] INFO  server.RaftServerConfigKeys (ConfUtils.java:logGet(43)) - raft.server.log.statemachine.data.sync.timeout = 10s (default)
2019-09-25 12:10:11,982 [pool-87-thread-1] INFO  server.RaftServerConfigKeys (ConfUtils.java:logGet(43)) - raft.server.log.statemachine.data.sync.timeout.retry = -1 (default)
2019-09-25 12:10:11,982 [pool-87-thread-1] INFO  server.RaftServerConfigKeys (ConfUtils.java:logGet(43)) - raft.server.log.statemachine.data.caching.enabled = true (custom)
2019-09-25 12:10:11,982 [pool-87-thread-1] INFO  segmented.SegmentedRaftLogWorker (SegmentedRaftLogWorker.java:lambda$new$0(132)) - e1810a45-b9a3-4acb-b85d-088610f584f2@group-D8A491083118-SegmentedRaftLogWorker: flushIndex: setUnconditionally 0 -> -1
2019-09-25 12:10:11,983 [pool-87-thread-1] INFO  server.RaftServerConfigKeys (ConfUtils.java:logGet(43)) - raft.server.snapshot.auto.trigger.enabled = true (custom)
2019-09-25 12:10:11,983 [pool-87-thread-1] INFO  server.RaftServerConfigKeys (ConfUtils.java:logGet(43)) - raft.server.snapshot.auto.trigger.threshold = 10000 (custom)
2019-09-25 12:10:11,983 [pool-87-thread-1] INFO  server.RaftServerConfigKeys (ConfUtils.java:logGet(43)) - raft.server.snapshot.retention.num.files = 5 (custom)
2019-09-25 12:10:11,983 [pool-87-thread-1] INFO  server.RaftServerConfigKeys (ConfUtils.java:logGet(43)) - raft.server.retrycache.expirytime = 600000ms (custom)
2019-09-25 12:10:11,986 [pool-87-thread-1] INFO  impl.RaftServerImpl (RaftServerImpl.java:start(185)) - e1810a45-b9a3-4acb-b85d-088610f584f2@group-D8A491083118: start as a follower, conf=-1: [e1810a45-b9a3-4acb-b85d-088610f584f2:192.168.151.73:46771], old=null
2019-09-25 12:10:11,986 [pool-87-thread-1] INFO  impl.RaftServerImpl (RaftServerImpl.java:setRole(174)) - e1810a45-b9a3-4acb-b85d-088610f584f2@group-D8A491083118: changes role from      null to FOLLOWER at term 0 for startAsFollower
2019-09-25 12:10:11,987 [pool-87-thread-1] INFO  impl.RoleInfo (RoleInfo.java:updateAndGet(143)) - e1810a45-b9a3-4acb-b85d-088610f584f2: start FollowerState
2019-09-25 12:10:11,987 [pool-87-thread-1] INFO  util.JmxRegister (JmxRegister.java:tryRegister(44)) - Successfully registered JMX Bean with object name Ratis:service=RaftServer,group=group-D8A491083118,id=e1810a45-b9a3-4acb-b85d-088610f584f2
2019-09-25 12:10:11,990 [RatisPipelineUtilsThread] INFO  pipeline.PipelineStateManager (PipelineStateManager.java:addPipeline(56)) - Created pipeline Pipeline[ Id: ee74ede0-4cc6-47b5-88cd-d8a491083118, Nodes: e1810a45-b9a3-4acb-b85d-088610f584f2{ip: 192.168.151.73, host: pr-hdds-1569-shd4m-3693607622, networkLocation: /default-rack, certSerialId: null}, Type:RATIS, Factor:ONE, State:OPEN]
2019-09-25 12:10:11,991 [RatisPipelineUtilsThread] INFO  pipeline.PipelinePlacementPolicy (PipelinePlacementPolicy.java:meetCriteria(91)) - Pipeline Placement: can't place more pipeline on heavy datanode： efb2beac-26e0-4b3b-9934-2458c1147cfd Heaviness: 6 limit: 5
2019-09-25 12:10:11,991 [RatisPipelineUtilsThread] INFO  pipeline.PipelinePlacementPolicy (PipelinePlacementPolicy.java:meetCriteria(91)) - Pipeline Placement: can't place more pipeline on heavy datanode： e1810a45-b9a3-4acb-b85d-088610f584f2 Heaviness: 6 limit: 5
2019-09-25 12:10:11,991 [RatisPipelineUtilsThread] INFO  pipeline.PipelinePlacementPolicy (PipelinePlacementPolicy.java:meetCriteria(91)) - Pipeline Placement: can't place more pipeline on heavy datanode： e9a0ea36-247e-456c-8e42-8632faf34d05 Heaviness: 6 limit: 5
2019-09-25 12:10:11,991 [RatisPipelineUtilsThread] INFO  pipeline.PipelinePlacementPolicy (PipelinePlacementPolicy.java:meetCriteria(91)) - Pipeline Placement: can't place more pipeline on heavy datanode： 75407fdb-c05d-4d79-b869-4dab60013158 Heaviness: 6 limit: 5
2019-09-25 12:10:11,991 [RatisPipelineUtilsThread] INFO  pipeline.PipelinePlacementPolicy (PipelinePlacementPolicy.java:meetCriteria(91)) - Pipeline Placement: can't place more pipeline on heavy datanode： 60ced751-3023-4654-af5b-403edbc93820 Heaviness: 6 limit: 5
2019-09-25 12:10:11,992 [RatisPipelineUtilsThread] INFO  pipeline.PipelinePlacementPolicy (PipelinePlacementPolicy.java:meetCriteria(91)) - Pipeline Placement: can't place more pipeline on heavy datanode： c7bed0cc-269f-4b54-bb5a-2be104ddf1a5 Heaviness: 6 limit: 5
2019-09-25 12:10:11,992 [RatisPipelineUtilsThread] INFO  pipeline.PipelinePlacementPolicy (PipelinePlacementPolicy.java:meetCriteria(91)) - Pipeline Placement: can't place more pipeline on heavy datanode： 98c6e6f4-875d-42de-b8a9-30ed89dcc8e7 Heaviness: 6 limit: 5
2019-09-25 12:10:11,992 [RatisPipelineUtilsThread] ERROR pipeline.PipelinePlacementPolicy (PipelinePlacementPolicy.java:filterViableNodes(148)) - Unable to find enough nodes that meet the criteria that cannot engage in more than 5 pipelines. Nodes required: 1 Found: 0, healthy nodes count inNodeManager: 7.
2019-09-25 12:10:11,995 [RatisPipelineUtilsThread] ERROR pipeline.SCMPipelineManager (SCMPipelineManager.java:createPipeline(167)) - Pipeline creation failed.
org.apache.hadoop.hdds.scm.exceptions.SCMException: Unable to find enough nodes that meet the criteria that cannot engage in more than 5 pipelines. Nodes required: 1 Found: 0, healthy nodes count inNodeManager: 7.
	at org.apache.hadoop.hdds.scm.pipeline.PipelinePlacementPolicy.filterViableNodes(PipelinePlacementPolicy.java:149)
	at org.apache.hadoop.hdds.scm.pipeline.PipelinePlacementPolicy.chooseDatanodes(PipelinePlacementPolicy.java:172)
	at org.apache.hadoop.hdds.scm.pipeline.RatisPipelineProvider.create(RatisPipelineProvider.java:93)
	at org.apache.hadoop.hdds.scm.pipeline.PipelineFactory.create(PipelineFactory.java:58)
	at org.apache.hadoop.hdds.scm.pipeline.SCMPipelineManager.createPipeline(SCMPipelineManager.java:155)
	at org.apache.hadoop.hdds.scm.pipeline.BackgroundPipelineCreator.createPipelines(BackgroundPipelineCreator.java:99)
	at java.util.concurrent.Executors$RunnableAdapter.call(Executors.java:511)
	at java.util.concurrent.FutureTask.run(FutureTask.java:266)
	at java.util.concurrent.ScheduledThreadPoolExecutor$ScheduledFutureTask.access$201(ScheduledThreadPoolExecutor.java:180)
	at java.util.concurrent.ScheduledThreadPoolExecutor$ScheduledFutureTask.run(ScheduledThreadPoolExecutor.java:293)
	at java.util.concurrent.ThreadPoolExecutor.runWorker(ThreadPoolExecutor.java:1149)
	at java.util.concurrent.ThreadPoolExecutor$Worker.run(ThreadPoolExecutor.java:624)
	at java.lang.Thread.run(Thread.java:748)
2019-09-25 12:10:11,998 [RatisPipelineUtilsThread] INFO  pipeline.PipelinePlacementPolicy (PipelinePlacementPolicy.java:meetCriteria(91)) - Pipeline Placement: can't place more pipeline on heavy datanode： efb2beac-26e0-4b3b-9934-2458c1147cfd Heaviness: 6 limit: 5
2019-09-25 12:10:11,998 [RatisPipelineUtilsThread] INFO  pipeline.PipelinePlacementPolicy (PipelinePlacementPolicy.java:meetCriteria(91)) - Pipeline Placement: can't place more pipeline on heavy datanode： e1810a45-b9a3-4acb-b85d-088610f584f2 Heaviness: 6 limit: 5
2019-09-25 12:10:11,998 [RatisPipelineUtilsThread] INFO  pipeline.PipelinePlacementPolicy (PipelinePlacementPolicy.java:meetCriteria(91)) - Pipeline Placement: can't place more pipeline on heavy datanode： e9a0ea36-247e-456c-8e42-8632faf34d05 Heaviness: 6 limit: 5
2019-09-25 12:10:11,998 [RatisPipelineUtilsThread] INFO  pipeline.PipelinePlacementPolicy (PipelinePlacementPolicy.java:meetCriteria(91)) - Pipeline Placement: can't place more pipeline on heavy datanode： 75407fdb-c05d-4d79-b869-4dab60013158 Heaviness: 6 limit: 5
2019-09-25 12:10:11,999 [RatisPipelineUtilsThread] INFO  pipeline.PipelinePlacementPolicy (PipelinePlacementPolicy.java:meetCriteria(91)) - Pipeline Placement: can't place more pipeline on heavy datanode： 60ced751-3023-4654-af5b-403edbc93820 Heaviness: 6 limit: 5
2019-09-25 12:10:11,999 [RatisPipelineUtilsThread] INFO  pipeline.PipelinePlacementPolicy (PipelinePlacementPolicy.java:meetCriteria(91)) - Pipeline Placement: can't place more pipeline on heavy datanode： c7bed0cc-269f-4b54-bb5a-2be104ddf1a5 Heaviness: 6 limit: 5
2019-09-25 12:10:11,999 [RatisPipelineUtilsThread] INFO  pipeline.PipelinePlacementPolicy (PipelinePlacementPolicy.java:meetCriteria(91)) - Pipeline Placement: can't place more pipeline on heavy datanode： 98c6e6f4-875d-42de-b8a9-30ed89dcc8e7 Heaviness: 6 limit: 5
2019-09-25 12:10:11,999 [RatisPipelineUtilsThread] ERROR pipeline.PipelinePlacementPolicy (PipelinePlacementPolicy.java:filterViableNodes(148)) - Unable to find enough nodes that meet the criteria that cannot engage in more than 5 pipelines. Nodes required: 3 Found: 0, healthy nodes count inNodeManager: 7.
2019-09-25 12:10:11,999 [RatisPipelineUtilsThread] ERROR pipeline.SCMPipelineManager (SCMPipelineManager.java:createPipeline(167)) - Pipeline creation failed.
org.apache.hadoop.hdds.scm.exceptions.SCMException: Unable to find enough nodes that meet the criteria that cannot engage in more than 5 pipelines. Nodes required: 3 Found: 0, healthy nodes count inNodeManager: 7.
	at org.apache.hadoop.hdds.scm.pipeline.PipelinePlacementPolicy.filterViableNodes(PipelinePlacementPolicy.java:149)
	at org.apache.hadoop.hdds.scm.pipeline.PipelinePlacementPolicy.chooseDatanodes(PipelinePlacementPolicy.java:172)
	at org.apache.hadoop.hdds.scm.pipeline.RatisPipelineProvider.create(RatisPipelineProvider.java:93)
	at org.apache.hadoop.hdds.scm.pipeline.PipelineFactory.create(PipelineFactory.java:58)
	at org.apache.hadoop.hdds.scm.pipeline.SCMPipelineManager.createPipeline(SCMPipelineManager.java:155)
	at org.apache.hadoop.hdds.scm.pipeline.BackgroundPipelineCreator.createPipelines(BackgroundPipelineCreator.java:99)
	at java.util.concurrent.Executors$RunnableAdapter.call(Executors.java:511)
	at java.util.concurrent.FutureTask.run(FutureTask.java:266)
	at java.util.concurrent.ScheduledThreadPoolExecutor$ScheduledFutureTask.access$201(ScheduledThreadPoolExecutor.java:180)
	at java.util.concurrent.ScheduledThreadPoolExecutor$ScheduledFutureTask.run(ScheduledThreadPoolExecutor.java:293)
	at java.util.concurrent.ThreadPoolExecutor.runWorker(ThreadPoolExecutor.java:1149)
	at java.util.concurrent.ThreadPoolExecutor$Worker.run(ThreadPoolExecutor.java:624)
	at java.lang.Thread.run(Thread.java:748)
2019-09-25 12:10:12,002 [RatisPipelineUtilsThread] INFO  pipeline.PipelinePlacementPolicy (PipelinePlacementPolicy.java:meetCriteria(91)) - Pipeline Placement: can't place more pipeline on heavy datanode： efb2beac-26e0-4b3b-9934-2458c1147cfd Heaviness: 6 limit: 5
2019-09-25 12:10:12,002 [RatisPipelineUtilsThread] INFO  pipeline.PipelinePlacementPolicy (PipelinePlacementPolicy.java:meetCriteria(91)) - Pipeline Placement: can't place more pipeline on heavy datanode： e1810a45-b9a3-4acb-b85d-088610f584f2 Heaviness: 6 limit: 5
2019-09-25 12:10:12,002 [RatisPipelineUtilsThread] INFO  pipeline.PipelinePlacementPolicy (PipelinePlacementPolicy.java:meetCriteria(91)) - Pipeline Placement: can't place more pipeline on heavy datanode： e9a0ea36-247e-456c-8e42-8632faf34d05 Heaviness: 6 limit: 5
2019-09-25 12:10:12,002 [RatisPipelineUtilsThread] INFO  pipeline.PipelinePlacementPolicy (PipelinePlacementPolicy.java:meetCriteria(91)) - Pipeline Placement: can't place more pipeline on heavy datanode： 75407fdb-c05d-4d79-b869-4dab60013158 Heaviness: 6 limit: 5
2019-09-25 12:10:12,002 [RatisPipelineUtilsThread] INFO  pipeline.PipelinePlacementPolicy (PipelinePlacementPolicy.java:meetCriteria(91)) - Pipeline Placement: can't place more pipeline on heavy datanode： 60ced751-3023-4654-af5b-403edbc93820 Heaviness: 6 limit: 5
2019-09-25 12:10:12,003 [RatisPipelineUtilsThread] INFO  pipeline.PipelinePlacementPolicy (PipelinePlacementPolicy.java:meetCriteria(91)) - Pipeline Placement: can't place more pipeline on heavy datanode： c7bed0cc-269f-4b54-bb5a-2be104ddf1a5 Heaviness: 6 limit: 5
2019-09-25 12:10:12,003 [RatisPipelineUtilsThread] INFO  pipeline.PipelinePlacementPolicy (PipelinePlacementPolicy.java:meetCriteria(91)) - Pipeline Placement: can't place more pipeline on heavy datanode： 98c6e6f4-875d-42de-b8a9-30ed89dcc8e7 Heaviness: 6 limit: 5
2019-09-25 12:10:12,003 [RatisPipelineUtilsThread] ERROR pipeline.PipelinePlacementPolicy (PipelinePlacementPolicy.java:filterViableNodes(148)) - Unable to find enough nodes that meet the criteria that cannot engage in more than 5 pipelines. Nodes required: 1 Found: 0, healthy nodes count inNodeManager: 7.
2019-09-25 12:10:12,003 [RatisPipelineUtilsThread] ERROR pipeline.SCMPipelineManager (SCMPipelineManager.java:createPipeline(167)) - Pipeline creation failed.
org.apache.hadoop.hdds.scm.exceptions.SCMException: Unable to find enough nodes that meet the criteria that cannot engage in more than 5 pipelines. Nodes required: 1 Found: 0, healthy nodes count inNodeManager: 7.
	at org.apache.hadoop.hdds.scm.pipeline.PipelinePlacementPolicy.filterViableNodes(PipelinePlacementPolicy.java:149)
	at org.apache.hadoop.hdds.scm.pipeline.PipelinePlacementPolicy.chooseDatanodes(PipelinePlacementPolicy.java:172)
	at org.apache.hadoop.hdds.scm.pipeline.RatisPipelineProvider.create(RatisPipelineProvider.java:93)
	at org.apache.hadoop.hdds.scm.pipeline.PipelineFactory.create(PipelineFactory.java:58)
	at org.apache.hadoop.hdds.scm.pipeline.SCMPipelineManager.createPipeline(SCMPipelineManager.java:155)
	at org.apache.hadoop.hdds.scm.pipeline.BackgroundPipelineCreator.createPipelines(BackgroundPipelineCreator.java:99)
	at org.apache.hadoop.hdds.scm.pipeline.BackgroundPipelineCreator.lambda$startFixedIntervalPipelineCreator$0(BackgroundPipelineCreator.java:70)
	at java.util.concurrent.Executors$RunnableAdapter.call(Executors.java:511)
	at java.util.concurrent.FutureTask.runAndReset(FutureTask.java:308)
	at java.util.concurrent.ScheduledThreadPoolExecutor$ScheduledFutureTask.access$301(ScheduledThreadPoolExecutor.java:180)
	at java.util.concurrent.ScheduledThreadPoolExecutor$ScheduledFutureTask.run(ScheduledThreadPoolExecutor.java:294)
	at java.util.concurrent.ThreadPoolExecutor.runWorker(ThreadPoolExecutor.java:1149)
	at java.util.concurrent.ThreadPoolExecutor$Worker.run(ThreadPoolExecutor.java:624)
	at java.lang.Thread.run(Thread.java:748)
2019-09-25 12:10:12,004 [RatisPipelineUtilsThread] INFO  pipeline.PipelinePlacementPolicy (PipelinePlacementPolicy.java:meetCriteria(91)) - Pipeline Placement: can't place more pipeline on heavy datanode： efb2beac-26e0-4b3b-9934-2458c1147cfd Heaviness: 6 limit: 5
2019-09-25 12:10:12,004 [RatisPipelineUtilsThread] INFO  pipeline.PipelinePlacementPolicy (PipelinePlacementPolicy.java:meetCriteria(91)) - Pipeline Placement: can't place more pipeline on heavy datanode： e1810a45-b9a3-4acb-b85d-088610f584f2 Heaviness: 6 limit: 5
2019-09-25 12:10:12,004 [RatisPipelineUtilsThread] INFO  pipeline.PipelinePlacementPolicy (PipelinePlacementPolicy.java:meetCriteria(91)) - Pipeline Placement: can't place more pipeline on heavy datanode： e9a0ea36-247e-456c-8e42-8632faf34d05 Heaviness: 6 limit: 5
2019-09-25 12:10:12,004 [RatisPipelineUtilsThread] INFO  pipeline.PipelinePlacementPolicy (PipelinePlacementPolicy.java:meetCriteria(91)) - Pipeline Placement: can't place more pipeline on heavy datanode： 75407fdb-c05d-4d79-b869-4dab60013158 Heaviness: 6 limit: 5
2019-09-25 12:10:12,004 [RatisPipelineUtilsThread] INFO  pipeline.PipelinePlacementPolicy (PipelinePlacementPolicy.java:meetCriteria(91)) - Pipeline Placement: can't place more pipeline on heavy datanode： 60ced751-3023-4654-af5b-403edbc93820 Heaviness: 6 limit: 5
2019-09-25 12:10:12,005 [RatisPipelineUtilsThread] INFO  pipeline.PipelinePlacementPolicy (PipelinePlacementPolicy.java:meetCriteria(91)) - Pipeline Placement: can't place more pipeline on heavy datanode： c7bed0cc-269f-4b54-bb5a-2be104ddf1a5 Heaviness: 6 limit: 5
2019-09-25 12:10:12,005 [RatisPipelineUtilsThread] INFO  pipeline.PipelinePlacementPolicy (PipelinePlacementPolicy.java:meetCriteria(91)) - Pipeline Placement: can't place more pipeline on heavy datanode： 98c6e6f4-875d-42de-b8a9-30ed89dcc8e7 Heaviness: 6 limit: 5
2019-09-25 12:10:12,005 [RatisPipelineUtilsThread] ERROR pipeline.PipelinePlacementPolicy (PipelinePlacementPolicy.java:filterViableNodes(148)) - Unable to find enough nodes that meet the criteria that cannot engage in more than 5 pipelines. Nodes required: 3 Found: 0, healthy nodes count inNodeManager: 7.
2019-09-25 12:10:12,005 [RatisPipelineUtilsThread] ERROR pipeline.SCMPipelineManager (SCMPipelineManager.java:createPipeline(167)) - Pipeline creation failed.
org.apache.hadoop.hdds.scm.exceptions.SCMException: Unable to find enough nodes that meet the criteria that cannot engage in more than 5 pipelines. Nodes required: 3 Found: 0, healthy nodes count inNodeManager: 7.
	at org.apache.hadoop.hdds.scm.pipeline.PipelinePlacementPolicy.filterViableNodes(PipelinePlacementPolicy.java:149)
	at org.apache.hadoop.hdds.scm.pipeline.PipelinePlacementPolicy.chooseDatanodes(PipelinePlacementPolicy.java:172)
	at org.apache.hadoop.hdds.scm.pipeline.RatisPipelineProvider.create(RatisPipelineProvider.java:93)
	at org.apache.hadoop.hdds.scm.pipeline.PipelineFactory.create(PipelineFactory.java:58)
	at org.apache.hadoop.hdds.scm.pipeline.SCMPipelineManager.createPipeline(SCMPipelineManager.java:155)
	at org.apache.hadoop.hdds.scm.pipeline.BackgroundPipelineCreator.createPipelines(BackgroundPipelineCreator.java:99)
	at org.apache.hadoop.hdds.scm.pipeline.BackgroundPipelineCreator.lambda$startFixedIntervalPipelineCreator$0(BackgroundPipelineCreator.java:70)
	at java.util.concurrent.Executors$RunnableAdapter.call(Executors.java:511)
	at java.util.concurrent.FutureTask.runAndReset(FutureTask.java:308)
	at java.util.concurrent.ScheduledThreadPoolExecutor$ScheduledFutureTask.access$301(ScheduledThreadPoolExecutor.java:180)
	at java.util.concurrent.ScheduledThreadPoolExecutor$ScheduledFutureTask.run(ScheduledThreadPoolExecutor.java:294)
	at java.util.concurrent.ThreadPoolExecutor.runWorker(ThreadPoolExecutor.java:1149)
	at java.util.concurrent.ThreadPoolExecutor$Worker.run(ThreadPoolExecutor.java:624)
	at java.lang.Thread.run(Thread.java:748)
2019-09-25 12:10:12,006 [IPC Server handler 0 on 44964] INFO  pipeline.PipelinePlacementPolicy (PipelinePlacementPolicy.java:meetCriteria(91)) - Pipeline Placement: can't place more pipeline on heavy datanode： efb2beac-26e0-4b3b-9934-2458c1147cfd Heaviness: 6 limit: 5
2019-09-25 12:10:12,006 [IPC Server handler 0 on 44964] INFO  pipeline.PipelinePlacementPolicy (PipelinePlacementPolicy.java:meetCriteria(91)) - Pipeline Placement: can't place more pipeline on heavy datanode： e1810a45-b9a3-4acb-b85d-088610f584f2 Heaviness: 6 limit: 5
2019-09-25 12:10:12,006 [IPC Server handler 0 on 44964] INFO  pipeline.PipelinePlacementPolicy (PipelinePlacementPolicy.java:meetCriteria(91)) - Pipeline Placement: can't place more pipeline on heavy datanode： e9a0ea36-247e-456c-8e42-8632faf34d05 Heaviness: 6 limit: 5
2019-09-25 12:10:12,006 [IPC Server handler 0 on 44964] INFO  pipeline.PipelinePlacementPolicy (PipelinePlacementPolicy.java:meetCriteria(91)) - Pipeline Placement: can't place more pipeline on heavy datanode： 75407fdb-c05d-4d79-b869-4dab60013158 Heaviness: 6 limit: 5
2019-09-25 12:10:12,007 [IPC Server handler 0 on 44964] INFO  pipeline.PipelinePlacementPolicy (PipelinePlacementPolicy.java:meetCriteria(91)) - Pipeline Placement: can't place more pipeline on heavy datanode： 60ced751-3023-4654-af5b-403edbc93820 Heaviness: 6 limit: 5
2019-09-25 12:10:12,007 [IPC Server handler 0 on 44964] INFO  pipeline.PipelinePlacementPolicy (PipelinePlacementPolicy.java:meetCriteria(91)) - Pipeline Placement: can't place more pipeline on heavy datanode： c7bed0cc-269f-4b54-bb5a-2be104ddf1a5 Heaviness: 6 limit: 5
2019-09-25 12:10:12,007 [IPC Server handler 0 on 44964] INFO  pipeline.PipelinePlacementPolicy (PipelinePlacementPolicy.java:meetCriteria(91)) - Pipeline Placement: can't place more pipeline on heavy datanode： 98c6e6f4-875d-42de-b8a9-30ed89dcc8e7 Heaviness: 6 limit: 5
2019-09-25 12:10:12,007 [IPC Server handler 0 on 44964] ERROR pipeline.PipelinePlacementPolicy (PipelinePlacementPolicy.java:filterViableNodes(148)) - Unable to find enough nodes that meet the criteria that cannot engage in more than 5 pipelines. Nodes required: 3 Found: 0, healthy nodes count inNodeManager: 7.
2019-09-25 12:10:12,007 [IPC Server handler 0 on 44964] ERROR pipeline.SCMPipelineManager (SCMPipelineManager.java:createPipeline(167)) - Pipeline creation failed.
org.apache.hadoop.hdds.scm.exceptions.SCMException: Unable to find enough nodes that meet the criteria that cannot engage in more than 5 pipelines. Nodes required: 3 Found: 0, healthy nodes count inNodeManager: 7.
	at org.apache.hadoop.hdds.scm.pipeline.PipelinePlacementPolicy.filterViableNodes(PipelinePlacementPolicy.java:149)
	at org.apache.hadoop.hdds.scm.pipeline.PipelinePlacementPolicy.chooseDatanodes(PipelinePlacementPolicy.java:172)
	at org.apache.hadoop.hdds.scm.pipeline.RatisPipelineProvider.create(RatisPipelineProvider.java:93)
	at org.apache.hadoop.hdds.scm.pipeline.PipelineFactory.create(PipelineFactory.java:58)
	at org.apache.hadoop.hdds.scm.pipeline.SCMPipelineManager.createPipeline(SCMPipelineManager.java:155)
	at org.apache.hadoop.hdds.scm.block.BlockManagerImpl.allocateBlock(BlockManagerImpl.java:190)
	at org.apache.hadoop.hdds.scm.server.SCMBlockProtocolServer.allocateBlock(SCMBlockProtocolServer.java:182)
	at org.apache.hadoop.ozone.protocolPB.ScmBlockLocationProtocolServerSideTranslatorPB.allocateScmBlock(ScmBlockLocationProtocolServerSideTranslatorPB.java:183)
	at org.apache.hadoop.ozone.protocolPB.ScmBlockLocationProtocolServerSideTranslatorPB.processMessage(ScmBlockLocationProtocolServerSideTranslatorPB.java:141)
	at org.apache.hadoop.ozone.protocolPB.ScmBlockLocationProtocolServerSideTranslatorPB.send(ScmBlockLocationProtocolServerSideTranslatorPB.java:116)
	at org.apache.hadoop.hdds.protocol.proto.ScmBlockLocationProtocolProtos$ScmBlockLocationProtocolService$2.callBlockingMethod(ScmBlockLocationProtocolProtos.java:13157)
	at org.apache.hadoop.ipc.ProtobufRpcEngine$Server$ProtoBufRpcInvoker.call(ProtobufRpcEngine.java:524)
	at org.apache.hadoop.ipc.RPC$Server.call(RPC.java:1025)
	at org.apache.hadoop.ipc.Server$RpcCall.run(Server.java:876)
	at org.apache.hadoop.ipc.Server$RpcCall.run(Server.java:822)
	at java.security.AccessController.doPrivileged(Native Method)
	at javax.security.auth.Subject.doAs(Subject.java:422)
	at org.apache.hadoop.security.UserGroupInformation.doAs(UserGroupInformation.java:1730)
	at org.apache.hadoop.ipc.Server$Handler.run(Server.java:2682)
2019-09-25 12:10:12,008 [IPC Server handler 0 on 44964] WARN  block.BlockManagerImpl (BlockManagerImpl.java:allocateBlock(192)) - Pipeline creation failed for type:RATIS factor:THREE. Retrying get pipelines call once.
org.apache.hadoop.hdds.scm.exceptions.SCMException: Unable to find enough nodes that meet the criteria that cannot engage in more than 5 pipelines. Nodes required: 3 Found: 0, healthy nodes count inNodeManager: 7.
	at org.apache.hadoop.hdds.scm.pipeline.PipelinePlacementPolicy.filterViableNodes(PipelinePlacementPolicy.java:149)
	at org.apache.hadoop.hdds.scm.pipeline.PipelinePlacementPolicy.chooseDatanodes(PipelinePlacementPolicy.java:172)
	at org.apache.hadoop.hdds.scm.pipeline.RatisPipelineProvider.create(RatisPipelineProvider.java:93)
	at org.apache.hadoop.hdds.scm.pipeline.PipelineFactory.create(PipelineFactory.java:58)
	at org.apache.hadoop.hdds.scm.pipeline.SCMPipelineManager.createPipeline(SCMPipelineManager.java:155)
	at org.apache.hadoop.hdds.scm.block.BlockManagerImpl.allocateBlock(BlockManagerImpl.java:190)
	at org.apache.hadoop.hdds.scm.server.SCMBlockProtocolServer.allocateBlock(SCMBlockProtocolServer.java:182)
	at org.apache.hadoop.ozone.protocolPB.ScmBlockLocationProtocolServerSideTranslatorPB.allocateScmBlock(ScmBlockLocationProtocolServerSideTranslatorPB.java:183)
	at org.apache.hadoop.ozone.protocolPB.ScmBlockLocationProtocolServerSideTranslatorPB.processMessage(ScmBlockLocationProtocolServerSideTranslatorPB.java:141)
	at org.apache.hadoop.ozone.protocolPB.ScmBlockLocationProtocolServerSideTranslatorPB.send(ScmBlockLocationProtocolServerSideTranslatorPB.java:116)
	at org.apache.hadoop.hdds.protocol.proto.ScmBlockLocationProtocolProtos$ScmBlockLocationProtocolService$2.callBlockingMethod(ScmBlockLocationProtocolProtos.java:13157)
	at org.apache.hadoop.ipc.ProtobufRpcEngine$Server$ProtoBufRpcInvoker.call(ProtobufRpcEngine.java:524)
	at org.apache.hadoop.ipc.RPC$Server.call(RPC.java:1025)
	at org.apache.hadoop.ipc.Server$RpcCall.run(Server.java:876)
	at org.apache.hadoop.ipc.Server$RpcCall.run(Server.java:822)
	at java.security.AccessController.doPrivileged(Native Method)
	at javax.security.auth.Subject.doAs(Subject.java:422)
	at org.apache.hadoop.security.UserGroupInformation.doAs(UserGroupInformation.java:1730)
	at org.apache.hadoop.ipc.Server$Handler.run(Server.java:2682)
2019-09-25 12:10:12,008 [IPC Server handler 0 on 44964] INFO  block.BlockManagerImpl (BlockManagerImpl.java:allocateBlock(198)) - Could not find available pipeline of type:RATIS and factor:THREE even after retrying
2019-09-25 12:10:12,009 [IPC Server handler 0 on 44964] ERROR block.BlockManagerImpl (BlockManagerImpl.java:allocateBlock(222)) - Unable to allocate a block for the size: 800, type: RATIS, factor: THREE
2019-09-25 12:10:12,015 [main] INFO  ozone.MiniOzoneClusterImpl (MiniOzoneClusterImpl.java:shutdown(314)) - Shutting down the Mini Ozone Cluster
2019-09-25 12:10:12,016 [main] INFO  ozone.MiniOzoneClusterImpl (MiniOzoneClusterImpl.java:stop(330)) - Stopping the Mini Ozone Cluster
2019-09-25 12:10:12,016 [main] INFO  ozone.MiniOzoneClusterImpl (MiniOzoneClusterImpl.java:stopOM(400)) - Stopping the OzoneManager
2019-09-25 12:10:12,016 [main] INFO  ipc.Server (Server.java:stop(3082)) - Stopping server on 44914
2019-09-25 12:10:12,037 [IPC Server listener on 44914] INFO  ipc.Server (Server.java:run(1185)) - Stopping IPC Server listener on 44914
2019-09-25 12:10:12,040 [IPC Server Responder] INFO  ipc.Server (Server.java:run(1319)) - Stopping IPC Server Responder
2019-09-25 12:10:12,037 [main] INFO  ratis.OzoneManagerDoubleBuffer (OzoneManagerDoubleBuffer.java:stop(248)) - Stopping OMDoubleBuffer flush thread
2019-09-25 12:10:12,054 [OMDoubleBufferFlushThread] INFO  ratis.OzoneManagerDoubleBuffer (OzoneManagerDoubleBuffer.java:flushTransactions(191)) - OMDoubleBuffer flush thread OMDoubleBufferFlushThread is interrupted and will exit. OMDoubleBufferFlushThread
2019-09-25 12:10:12,055 [main] INFO  utils.BackgroundService (BackgroundService.java:shutdown(148)) - Shutting down service KeyDeletingService
2019-09-25 12:10:12,060 [main] INFO  handler.ContextHandler (ContextHandler.java:doStop(910)) - Stopped o.e.j.w.WebAppContext@4158debd{/,null,UNAVAILABLE}{/ozoneManager}
2019-09-25 12:10:12,066 [main] INFO  server.AbstractConnector (AbstractConnector.java:doStop(318)) - Stopped ServerConnector@af78c87{HTTP/1.1,[http/1.1]}{0.0.0.0:0}
2019-09-25 12:10:12,067 [main] INFO  handler.ContextHandler (ContextHandler.java:doStop(910)) - Stopped o.e.j.s.ServletContextHandler@65004ff6{/static,file:///workdir/hadoop-ozone/integration-test/target/test-classes/webapps/static,UNAVAILABLE}
2019-09-25 12:10:12,067 [main] INFO  handler.ContextHandler (ContextHandler.java:doStop(910)) - Stopped o.e.j.s.ServletContextHandler@49aa766b{/logs,file:///workdir/hadoop-ozone/integration-test/target/log,UNAVAILABLE}
2019-09-25 12:10:12,072 [main] INFO  ozone.MiniOzoneClusterImpl (MiniOzoneClusterImpl.java:stopDatanodes(377)) - Stopping the HddsDatanodes
2019-09-25 12:10:12,436 [Datanode State Machine Thread - 0] INFO  statemachine.DatanodeStateMachine (DatanodeStateMachine.java:lambda$startDaemon$0(350)) - Ozone container server started.
2019-09-25 12:10:12,899 [Datanode State Machine Thread - 0] INFO  statemachine.DatanodeStateMachine (DatanodeStateMachine.java:lambda$startDaemon$0(350)) - Ozone container server started.
2019-09-25 12:10:13,288 [Thread-240] INFO  impl.FollowerState (FollowerState.java:run(106)) - 75407fdb-c05d-4d79-b869-4dab60013158:group-F1F90E5AAD12 changes to CANDIDATE, lastRpcTime:5030, electionTimeout:5004ms
2019-09-25 12:10:13,293 [Thread-240] INFO  impl.RoleInfo (RoleInfo.java:shutdownFollowerState(121)) - 75407fdb-c05d-4d79-b869-4dab60013158: shutdown FollowerState
2019-09-25 12:10:13,293 [Thread-240] INFO  impl.RaftServerImpl (RaftServerImpl.java:setRole(174)) - 75407fdb-c05d-4d79-b869-4dab60013158@group-F1F90E5AAD12: changes role from  FOLLOWER to CANDIDATE at term 0 for changeToCandidate
2019-09-25 12:10:13,303 [Thread-240] INFO  impl.RoleInfo (RoleInfo.java:updateAndGet(143)) - 75407fdb-c05d-4d79-b869-4dab60013158: start LeaderElection
2019-09-25 12:10:13,336 [75407fdb-c05d-4d79-b869-4dab60013158@group-F1F90E5AAD12:LeaderElection1] INFO  impl.LeaderElection (LeaderElection.java:askForVotes(182)) - 75407fdb-c05d-4d79-b869-4dab60013158@group-F1F90E5AAD12:LeaderElection1: begin an election at term 1 for -1: [75407fdb-c05d-4d79-b869-4dab60013158:192.168.151.73:41746], old=null
2019-09-25 12:10:13,339 [75407fdb-c05d-4d79-b869-4dab60013158@group-F1F90E5AAD12:LeaderElection1] INFO  impl.RoleInfo (RoleInfo.java:shutdownLeaderElection(134)) - 75407fdb-c05d-4d79-b869-4dab60013158: shutdown LeaderElection
2019-09-25 12:10:13,341 [75407fdb-c05d-4d79-b869-4dab60013158@group-F1F90E5AAD12:LeaderElection1] INFO  impl.RaftServerImpl (RaftServerImpl.java:setRole(174)) - 75407fdb-c05d-4d79-b869-4dab60013158@group-F1F90E5AAD12: changes role from CANDIDATE to LEADER at term 1 for changeToLeader
2019-09-25 12:10:13,341 [75407fdb-c05d-4d79-b869-4dab60013158@group-F1F90E5AAD12:LeaderElection1] INFO  impl.RaftServerImpl (ServerState.java:setLeader(253)) - 75407fdb-c05d-4d79-b869-4dab60013158@group-F1F90E5AAD12: change Leader from null to 75407fdb-c05d-4d79-b869-4dab60013158 at term 1 for becomeLeader, leader elected after 5230ms
2019-09-25 12:10:13,355 [75407fdb-c05d-4d79-b869-4dab60013158@group-F1F90E5AAD12:LeaderElection1] INFO  server.RaftServerConfigKeys (ConfUtils.java:logGet(43)) - raft.server.staging.catchup.gap = 1000 (default)
2019-09-25 12:10:13,356 [75407fdb-c05d-4d79-b869-4dab60013158@group-F1F90E5AAD12:LeaderElection1] INFO  server.RaftServerConfigKeys (ConfUtils.java:logGet(43)) - raft.server.rpc.sleep.time = 25ms (default)
2019-09-25 12:10:13,361 [75407fdb-c05d-4d79-b869-4dab60013158@group-F1F90E5AAD12:LeaderElection1] INFO  server.RaftServerConfigKeys (ConfUtils.java:logGet(43)) - raft.server.write.element-limit = 4096 (default)
2019-09-25 12:10:13,365 [75407fdb-c05d-4d79-b869-4dab60013158@group-F1F90E5AAD12:LeaderElection1] INFO  server.RaftServerConfigKeys (ConfUtils.java:logGet(43)) - raft.server.watch.timeout = 10s (default)
2019-09-25 12:10:13,365 [75407fdb-c05d-4d79-b869-4dab60013158@group-F1F90E5AAD12:LeaderElection1] INFO  server.RaftServerConfigKeys (ConfUtils.java:logGet(43)) - raft.server.watch.timeout.denomination = 1s (default)
2019-09-25 12:10:13,366 [75407fdb-c05d-4d79-b869-4dab60013158@group-F1F90E5AAD12:LeaderElection1] INFO  server.RaftServerConfigKeys (ConfUtils.java:logGet(43)) - raft.server.watch.element-limit = 65536 (default)
2019-09-25 12:10:13,381 [75407fdb-c05d-4d79-b869-4dab60013158@group-F1F90E5AAD12:LeaderElection1] INFO  impl.RoleInfo (RoleInfo.java:updateAndGet(143)) - 75407fdb-c05d-4d79-b869-4dab60013158: start LeaderState
2019-09-25 12:10:13,409 [75407fdb-c05d-4d79-b869-4dab60013158@group-F1F90E5AAD12:LeaderElection1] INFO  segmented.SegmentedRaftLogWorker (SegmentedRaftLogWorker.java:startLogSegment(380)) - 75407fdb-c05d-4d79-b869-4dab60013158@group-F1F90E5AAD12-SegmentedRaftLogWorker: Starting segment from index:0
2019-09-25 12:10:13,420 [75407fdb-c05d-4d79-b869-4dab60013158@group-F1F90E5AAD12:LeaderElection1] INFO  impl.RaftServerImpl (ServerState.java:setRaftConf(354)) - 75407fdb-c05d-4d79-b869-4dab60013158@group-F1F90E5AAD12: set configuration 0: [75407fdb-c05d-4d79-b869-4dab60013158:192.168.151.73:41746], old=null at 0
2019-09-25 12:10:13,591 [Thread-243] INFO  impl.FollowerState (FollowerState.java:run(106)) - c7bed0cc-269f-4b54-bb5a-2be104ddf1a5:group-F2EEF567F2C7 changes to CANDIDATE, lastRpcTime:5104, electionTimeout:5102ms
2019-09-25 12:10:13,600 [Thread-243] INFO  impl.RoleInfo (RoleInfo.java:shutdownFollowerState(121)) - c7bed0cc-269f-4b54-bb5a-2be104ddf1a5: shutdown FollowerState
2019-09-25 12:10:13,600 [Thread-243] INFO  impl.RaftServerImpl (RaftServerImpl.java:setRole(174)) - c7bed0cc-269f-4b54-bb5a-2be104ddf1a5@group-F2EEF567F2C7: changes role from  FOLLOWER to CANDIDATE at term 0 for changeToCandidate
2019-09-25 12:10:13,600 [Thread-243] INFO  impl.RoleInfo (RoleInfo.java:updateAndGet(143)) - c7bed0cc-269f-4b54-bb5a-2be104ddf1a5: start LeaderElection
2019-09-25 12:10:13,647 [75407fdb-c05d-4d79-b869-4dab60013158@group-F1F90E5AAD12-SegmentedRaftLogWorker] INFO  segmented.SegmentedRaftLogWorker (SegmentedRaftLogWorker.java:execute(569)) - 75407fdb-c05d-4d79-b869-4dab60013158@group-F1F90E5AAD12-SegmentedRaftLogWorker: created new log segment /workdir/hadoop-ozone/integration-test/target/test-dir/MiniOzoneClusterImpl-b6380e3c-fb04-4178-98e9-eb7b36240636/datanode-0/data/ratis/48c8cb54-4cc9-4f00-8199-f1f90e5aad12/current/log_inprogress_0
2019-09-25 12:10:13,647 [c7bed0cc-269f-4b54-bb5a-2be104ddf1a5@group-F2EEF567F2C7:LeaderElection2] INFO  impl.LeaderElection (LeaderElection.java:askForVotes(182)) - c7bed0cc-269f-4b54-bb5a-2be104ddf1a5@group-F2EEF567F2C7:LeaderElection2: begin an election at term 1 for -1: [c7bed0cc-269f-4b54-bb5a-2be104ddf1a5:192.168.151.73:42323], old=null
2019-09-25 12:10:13,647 [c7bed0cc-269f-4b54-bb5a-2be104ddf1a5@group-F2EEF567F2C7:LeaderElection2] INFO  impl.RoleInfo (RoleInfo.java:shutdownLeaderElection(134)) - c7bed0cc-269f-4b54-bb5a-2be104ddf1a5: shutdown LeaderElection
2019-09-25 12:10:13,647 [c7bed0cc-269f-4b54-bb5a-2be104ddf1a5@group-F2EEF567F2C7:LeaderElection2] INFO  impl.RaftServerImpl (RaftServerImpl.java:setRole(174)) - c7bed0cc-269f-4b54-bb5a-2be104ddf1a5@group-F2EEF567F2C7: changes role from CANDIDATE to LEADER at term 1 for changeToLeader
2019-09-25 12:10:13,647 [c7bed0cc-269f-4b54-bb5a-2be104ddf1a5@group-F2EEF567F2C7:LeaderElection2] INFO  impl.RaftServerImpl (ServerState.java:setLeader(253)) - c7bed0cc-269f-4b54-bb5a-2be104ddf1a5@group-F2EEF567F2C7: change Leader from null to c7bed0cc-269f-4b54-bb5a-2be104ddf1a5 at term 1 for becomeLeader, leader elected after 5180ms
2019-09-25 12:10:13,650 [c7bed0cc-269f-4b54-bb5a-2be104ddf1a5@group-F2EEF567F2C7:LeaderElection2] INFO  server.RaftServerConfigKeys (ConfUtils.java:logGet(43)) - raft.server.staging.catchup.gap = 1000 (default)
2019-09-25 12:10:13,650 [c7bed0cc-269f-4b54-bb5a-2be104ddf1a5@group-F2EEF567F2C7:LeaderElection2] INFO  server.RaftServerConfigKeys (ConfUtils.java:logGet(43)) - raft.server.rpc.sleep.time = 25ms (default)
2019-09-25 12:10:13,651 [c7bed0cc-269f-4b54-bb5a-2be104ddf1a5@group-F2EEF567F2C7:LeaderElection2] INFO  server.RaftServerConfigKeys (ConfUtils.java:logGet(43)) - raft.server.write.element-limit = 4096 (default)
2019-09-25 12:10:13,651 [c7bed0cc-269f-4b54-bb5a-2be104ddf1a5@group-F2EEF567F2C7:LeaderElection2] INFO  server.RaftServerConfigKeys (ConfUtils.java:logGet(43)) - raft.server.watch.timeout = 10s (default)
2019-09-25 12:10:13,651 [c7bed0cc-269f-4b54-bb5a-2be104ddf1a5@group-F2EEF567F2C7:LeaderElection2] INFO  server.RaftServerConfigKeys (ConfUtils.java:logGet(43)) - raft.server.watch.timeout.denomination = 1s (default)
2019-09-25 12:10:13,651 [c7bed0cc-269f-4b54-bb5a-2be104ddf1a5@group-F2EEF567F2C7:LeaderElection2] INFO  server.RaftServerConfigKeys (ConfUtils.java:logGet(43)) - raft.server.watch.element-limit = 65536 (default)
2019-09-25 12:10:13,655 [c7bed0cc-269f-4b54-bb5a-2be104ddf1a5@group-F2EEF567F2C7:LeaderElection2] INFO  impl.RoleInfo (RoleInfo.java:updateAndGet(143)) - c7bed0cc-269f-4b54-bb5a-2be104ddf1a5: start LeaderState
2019-09-25 12:10:13,655 [c7bed0cc-269f-4b54-bb5a-2be104ddf1a5@group-F2EEF567F2C7:LeaderElection2] INFO  segmented.SegmentedRaftLogWorker (SegmentedRaftLogWorker.java:startLogSegment(380)) - c7bed0cc-269f-4b54-bb5a-2be104ddf1a5@group-F2EEF567F2C7-SegmentedRaftLogWorker: Starting segment from index:0
2019-09-25 12:10:13,656 [c7bed0cc-269f-4b54-bb5a-2be104ddf1a5@group-F2EEF567F2C7:LeaderElection2] INFO  impl.RaftServerImpl (ServerState.java:setRaftConf(354)) - c7bed0cc-269f-4b54-bb5a-2be104ddf1a5@group-F2EEF567F2C7: set configuration 0: [c7bed0cc-269f-4b54-bb5a-2be104ddf1a5:192.168.151.73:42323], old=null at 0
2019-09-25 12:10:13,723 [c7bed0cc-269f-4b54-bb5a-2be104ddf1a5@group-F2EEF567F2C7-SegmentedRaftLogWorker] INFO  segmented.SegmentedRaftLogWorker (SegmentedRaftLogWorker.java:execute(569)) - c7bed0cc-269f-4b54-bb5a-2be104ddf1a5@group-F2EEF567F2C7-SegmentedRaftLogWorker: created new log segment /workdir/hadoop-ozone/integration-test/target/test-dir/MiniOzoneClusterImpl-b6380e3c-fb04-4178-98e9-eb7b36240636/datanode-5/data/ratis/7a31ec5f-415d-4295-8205-f2eef567f2c7/current/log_inprogress_0
2019-09-25 12:10:13,784 [Thread-249] INFO  impl.FollowerState (FollowerState.java:run(106)) - 75407fdb-c05d-4d79-b869-4dab60013158:group-56E98B4F5649 changes to CANDIDATE, lastRpcTime:5054, electionTimeout:5054ms
2019-09-25 12:10:13,786 [Thread-249] INFO  impl.RoleInfo (RoleInfo.java:shutdownFollowerState(121)) - 75407fdb-c05d-4d79-b869-4dab60013158: shutdown FollowerState
2019-09-25 12:10:13,787 [Thread-249] INFO  impl.RaftServerImpl (RaftServerImpl.java:setRole(174)) - 75407fdb-c05d-4d79-b869-4dab60013158@group-56E98B4F5649: changes role from  FOLLOWER to CANDIDATE at term 0 for changeToCandidate
2019-09-25 12:10:13,787 [Thread-249] INFO  impl.RoleInfo (RoleInfo.java:updateAndGet(143)) - 75407fdb-c05d-4d79-b869-4dab60013158: start LeaderElection
2019-09-25 12:10:13,807 [75407fdb-c05d-4d79-b869-4dab60013158@group-56E98B4F5649:LeaderElection3] INFO  impl.LeaderElection (LeaderElection.java:askForVotes(182)) - 75407fdb-c05d-4d79-b869-4dab60013158@group-56E98B4F5649:LeaderElection3: begin an election at term 1 for -1: [75407fdb-c05d-4d79-b869-4dab60013158:192.168.151.73:41746], old=null
2019-09-25 12:10:13,809 [75407fdb-c05d-4d79-b869-4dab60013158@group-56E98B4F5649:LeaderElection3] INFO  impl.RoleInfo (RoleInfo.java:shutdownLeaderElection(134)) - 75407fdb-c05d-4d79-b869-4dab60013158: shutdown LeaderElection
2019-09-25 12:10:13,810 [75407fdb-c05d-4d79-b869-4dab60013158@group-56E98B4F5649:LeaderElection3] INFO  impl.RaftServerImpl (RaftServerImpl.java:setRole(174)) - 75407fdb-c05d-4d79-b869-4dab60013158@group-56E98B4F5649: changes role from CANDIDATE to LEADER at term 1 for changeToLeader
2019-09-25 12:10:13,810 [75407fdb-c05d-4d79-b869-4dab60013158@group-56E98B4F5649:LeaderElection3] INFO  impl.RaftServerImpl (ServerState.java:setLeader(253)) - 75407fdb-c05d-4d79-b869-4dab60013158@group-56E98B4F5649: change Leader from null to 75407fdb-c05d-4d79-b869-4dab60013158 at term 1 for becomeLeader, leader elected after 5091ms
2019-09-25 12:10:13,810 [75407fdb-c05d-4d79-b869-4dab60013158@group-56E98B4F5649:LeaderElection3] INFO  server.RaftServerConfigKeys (ConfUtils.java:logGet(43)) - raft.server.staging.catchup.gap = 1000 (default)
2019-09-25 12:10:13,810 [75407fdb-c05d-4d79-b869-4dab60013158@group-56E98B4F5649:LeaderElection3] INFO  server.RaftServerConfigKeys (ConfUtils.java:logGet(43)) - raft.server.rpc.sleep.time = 25ms (default)
2019-09-25 12:10:13,810 [75407fdb-c05d-4d79-b869-4dab60013158@group-56E98B4F5649:LeaderElection3] INFO  server.RaftServerConfigKeys (ConfUtils.java:logGet(43)) - raft.server.write.element-limit = 4096 (default)
2019-09-25 12:10:13,811 [75407fdb-c05d-4d79-b869-4dab60013158@group-56E98B4F5649:LeaderElection3] INFO  server.RaftServerConfigKeys (ConfUtils.java:logGet(43)) - raft.server.watch.timeout = 10s (default)
2019-09-25 12:10:13,811 [75407fdb-c05d-4d79-b869-4dab60013158@group-56E98B4F5649:LeaderElection3] INFO  server.RaftServerConfigKeys (ConfUtils.java:logGet(43)) - raft.server.watch.timeout.denomination = 1s (default)
2019-09-25 12:10:13,811 [75407fdb-c05d-4d79-b869-4dab60013158@group-56E98B4F5649:LeaderElection3] INFO  server.RaftServerConfigKeys (ConfUtils.java:logGet(43)) - raft.server.watch.element-limit = 65536 (default)
2019-09-25 12:10:13,815 [75407fdb-c05d-4d79-b869-4dab60013158@group-56E98B4F5649:LeaderElection3] INFO  impl.RoleInfo (RoleInfo.java:updateAndGet(143)) - 75407fdb-c05d-4d79-b869-4dab60013158: start LeaderState
2019-09-25 12:10:13,815 [75407fdb-c05d-4d79-b869-4dab60013158@group-56E98B4F5649:LeaderElection3] INFO  segmented.SegmentedRaftLogWorker (SegmentedRaftLogWorker.java:startLogSegment(380)) - 75407fdb-c05d-4d79-b869-4dab60013158@group-56E98B4F5649-SegmentedRaftLogWorker: Starting segment from index:0
2019-09-25 12:10:13,816 [75407fdb-c05d-4d79-b869-4dab60013158@group-56E98B4F5649:LeaderElection3] INFO  impl.RaftServerImpl (ServerState.java:setRaftConf(354)) - 75407fdb-c05d-4d79-b869-4dab60013158@group-56E98B4F5649: set configuration 0: [75407fdb-c05d-4d79-b869-4dab60013158:192.168.151.73:41746], old=null at 0
2019-09-25 12:10:13,856 [Thread-246] INFO  impl.FollowerState (FollowerState.java:run(106)) - efb2beac-26e0-4b3b-9934-2458c1147cfd:group-B0BC6C2DA6C1 changes to CANDIDATE, lastRpcTime:5201, electionTimeout:5173ms
2019-09-25 12:10:13,857 [Thread-246] INFO  impl.RoleInfo (RoleInfo.java:shutdownFollowerState(121)) - efb2beac-26e0-4b3b-9934-2458c1147cfd: shutdown FollowerState
2019-09-25 12:10:13,857 [Thread-246] INFO  impl.RaftServerImpl (RaftServerImpl.java:setRole(174)) - efb2beac-26e0-4b3b-9934-2458c1147cfd@group-B0BC6C2DA6C1: changes role from  FOLLOWER to CANDIDATE at term 0 for changeToCandidate
2019-09-25 12:10:13,857 [Thread-246] INFO  impl.RoleInfo (RoleInfo.java:updateAndGet(143)) - efb2beac-26e0-4b3b-9934-2458c1147cfd: start LeaderElection
2019-09-25 12:10:13,881 [75407fdb-c05d-4d79-b869-4dab60013158@group-56E98B4F5649-SegmentedRaftLogWorker] INFO  segmented.SegmentedRaftLogWorker (SegmentedRaftLogWorker.java:execute(569)) - 75407fdb-c05d-4d79-b869-4dab60013158@group-56E98B4F5649-SegmentedRaftLogWorker: created new log segment /workdir/hadoop-ozone/integration-test/target/test-dir/MiniOzoneClusterImpl-b6380e3c-fb04-4178-98e9-eb7b36240636/datanode-0/data/ratis/4468f7cc-de92-41dc-945c-56e98b4f5649/current/log_inprogress_0
2019-09-25 12:10:13,881 [efb2beac-26e0-4b3b-9934-2458c1147cfd@group-B0BC6C2DA6C1:LeaderElection4] INFO  impl.LeaderElection (LeaderElection.java:askForVotes(182)) - efb2beac-26e0-4b3b-9934-2458c1147cfd@group-B0BC6C2DA6C1:LeaderElection4: begin an election at term 1 for -1: [efb2beac-26e0-4b3b-9934-2458c1147cfd:192.168.151.73:43064], old=null
2019-09-25 12:10:13,881 [efb2beac-26e0-4b3b-9934-2458c1147cfd@group-B0BC6C2DA6C1:LeaderElection4] INFO  impl.RoleInfo (RoleInfo.java:shutdownLeaderElection(134)) - efb2beac-26e0-4b3b-9934-2458c1147cfd: shutdown LeaderElection
2019-09-25 12:10:13,881 [efb2beac-26e0-4b3b-9934-2458c1147cfd@group-B0BC6C2DA6C1:LeaderElection4] INFO  impl.RaftServerImpl (RaftServerImpl.java:setRole(174)) - efb2beac-26e0-4b3b-9934-2458c1147cfd@group-B0BC6C2DA6C1: changes role from CANDIDATE to LEADER at term 1 for changeToLeader
2019-09-25 12:10:13,881 [efb2beac-26e0-4b3b-9934-2458c1147cfd@group-B0BC6C2DA6C1:LeaderElection4] INFO  impl.RaftServerImpl (ServerState.java:setLeader(253)) - efb2beac-26e0-4b3b-9934-2458c1147cfd@group-B0BC6C2DA6C1: change Leader from null to efb2beac-26e0-4b3b-9934-2458c1147cfd at term 1 for becomeLeader, leader elected after 5273ms
2019-09-25 12:10:13,884 [efb2beac-26e0-4b3b-9934-2458c1147cfd@group-B0BC6C2DA6C1:LeaderElection4] INFO  server.RaftServerConfigKeys (ConfUtils.java:logGet(43)) - raft.server.staging.catchup.gap = 1000 (default)
2019-09-25 12:10:13,884 [efb2beac-26e0-4b3b-9934-2458c1147cfd@group-B0BC6C2DA6C1:LeaderElection4] INFO  server.RaftServerConfigKeys (ConfUtils.java:logGet(43)) - raft.server.rpc.sleep.time = 25ms (default)
2019-09-25 12:10:13,884 [efb2beac-26e0-4b3b-9934-2458c1147cfd@group-B0BC6C2DA6C1:LeaderElection4] INFO  server.RaftServerConfigKeys (ConfUtils.java:logGet(43)) - raft.server.write.element-limit = 4096 (default)
2019-09-25 12:10:13,885 [efb2beac-26e0-4b3b-9934-2458c1147cfd@group-B0BC6C2DA6C1:LeaderElection4] INFO  server.RaftServerConfigKeys (ConfUtils.java:logGet(43)) - raft.server.watch.timeout = 10s (default)
2019-09-25 12:10:13,885 [efb2beac-26e0-4b3b-9934-2458c1147cfd@group-B0BC6C2DA6C1:LeaderElection4] INFO  server.RaftServerConfigKeys (ConfUtils.java:logGet(43)) - raft.server.watch.timeout.denomination = 1s (default)
2019-09-25 12:10:13,885 [efb2beac-26e0-4b3b-9934-2458c1147cfd@group-B0BC6C2DA6C1:LeaderElection4] INFO  server.RaftServerConfigKeys (ConfUtils.java:logGet(43)) - raft.server.watch.element-limit = 65536 (default)
2019-09-25 12:10:13,890 [efb2beac-26e0-4b3b-9934-2458c1147cfd@group-B0BC6C2DA6C1:LeaderElection4] INFO  impl.RoleInfo (RoleInfo.java:updateAndGet(143)) - efb2beac-26e0-4b3b-9934-2458c1147cfd: start LeaderState
2019-09-25 12:10:13,890 [efb2beac-26e0-4b3b-9934-2458c1147cfd@group-B0BC6C2DA6C1:LeaderElection4] INFO  segmented.SegmentedRaftLogWorker (SegmentedRaftLogWorker.java:startLogSegment(380)) - efb2beac-26e0-4b3b-9934-2458c1147cfd@group-B0BC6C2DA6C1-SegmentedRaftLogWorker: Starting segment from index:0
2019-09-25 12:10:13,891 [efb2beac-26e0-4b3b-9934-2458c1147cfd@group-B0BC6C2DA6C1:LeaderElection4] INFO  impl.RaftServerImpl (ServerState.java:setRaftConf(354)) - efb2beac-26e0-4b3b-9934-2458c1147cfd@group-B0BC6C2DA6C1: set configuration 0: [efb2beac-26e0-4b3b-9934-2458c1147cfd:192.168.151.73:43064], old=null at 0
2019-09-25 12:10:13,933 [Thread-252] INFO  impl.FollowerState (FollowerState.java:run(106)) - 98c6e6f4-875d-42de-b8a9-30ed89dcc8e7:group-F450BE929A30 changes to CANDIDATE, lastRpcTime:5115, electionTimeout:5096ms
2019-09-25 12:10:13,933 [Thread-252] INFO  impl.RoleInfo (RoleInfo.java:shutdownFollowerState(121)) - 98c6e6f4-875d-42de-b8a9-30ed89dcc8e7: shutdown FollowerState
2019-09-25 12:10:13,933 [Thread-252] INFO  impl.RaftServerImpl (RaftServerImpl.java:setRole(174)) - 98c6e6f4-875d-42de-b8a9-30ed89dcc8e7@group-F450BE929A30: changes role from  FOLLOWER to CANDIDATE at term 0 for changeToCandidate
2019-09-25 12:10:13,934 [Thread-252] INFO  impl.RoleInfo (RoleInfo.java:updateAndGet(143)) - 98c6e6f4-875d-42de-b8a9-30ed89dcc8e7: start LeaderElection
2019-09-25 12:10:13,946 [efb2beac-26e0-4b3b-9934-2458c1147cfd@group-B0BC6C2DA6C1-SegmentedRaftLogWorker] INFO  segmented.SegmentedRaftLogWorker (SegmentedRaftLogWorker.java:execute(569)) - efb2beac-26e0-4b3b-9934-2458c1147cfd@group-B0BC6C2DA6C1-SegmentedRaftLogWorker: created new log segment /workdir/hadoop-ozone/integration-test/target/test-dir/MiniOzoneClusterImpl-b6380e3c-fb04-4178-98e9-eb7b36240636/datanode-4/data/ratis/2d77b956-ff23-4432-8bbd-b0bc6c2da6c1/current/log_inprogress_0
2019-09-25 12:10:13,947 [98c6e6f4-875d-42de-b8a9-30ed89dcc8e7@group-F450BE929A30:LeaderElection5] INFO  impl.LeaderElection (LeaderElection.java:askForVotes(182)) - 98c6e6f4-875d-42de-b8a9-30ed89dcc8e7@group-F450BE929A30:LeaderElection5: begin an election at term 1 for -1: [98c6e6f4-875d-42de-b8a9-30ed89dcc8e7:192.168.151.73:46765], old=null
2019-09-25 12:10:13,947 [98c6e6f4-875d-42de-b8a9-30ed89dcc8e7@group-F450BE929A30:LeaderElection5] INFO  impl.RoleInfo (RoleInfo.java:shutdownLeaderElection(134)) - 98c6e6f4-875d-42de-b8a9-30ed89dcc8e7: shutdown LeaderElection
2019-09-25 12:10:13,947 [98c6e6f4-875d-42de-b8a9-30ed89dcc8e7@group-F450BE929A30:LeaderElection5] INFO  impl.RaftServerImpl (RaftServerImpl.java:setRole(174)) - 98c6e6f4-875d-42de-b8a9-30ed89dcc8e7@group-F450BE929A30: changes role from CANDIDATE to LEADER at term 1 for changeToLeader
2019-09-25 12:10:13,947 [98c6e6f4-875d-42de-b8a9-30ed89dcc8e7@group-F450BE929A30:LeaderElection5] INFO  impl.RaftServerImpl (ServerState.java:setLeader(253)) - 98c6e6f4-875d-42de-b8a9-30ed89dcc8e7@group-F450BE929A30: change Leader from null to 98c6e6f4-875d-42de-b8a9-30ed89dcc8e7 at term 1 for becomeLeader, leader elected after 5145ms
2019-09-25 12:10:13,949 [98c6e6f4-875d-42de-b8a9-30ed89dcc8e7@group-F450BE929A30:LeaderElection5] INFO  server.RaftServerConfigKeys (ConfUtils.java:logGet(43)) - raft.server.staging.catchup.gap = 1000 (default)
2019-09-25 12:10:13,950 [98c6e6f4-875d-42de-b8a9-30ed89dcc8e7@group-F450BE929A30:LeaderElection5] INFO  server.RaftServerConfigKeys (ConfUtils.java:logGet(43)) - raft.server.rpc.sleep.time = 25ms (default)
2019-09-25 12:10:13,950 [98c6e6f4-875d-42de-b8a9-30ed89dcc8e7@group-F450BE929A30:LeaderElection5] INFO  server.RaftServerConfigKeys (ConfUtils.java:logGet(43)) - raft.server.write.element-limit = 4096 (default)
2019-09-25 12:10:13,950 [98c6e6f4-875d-42de-b8a9-30ed89dcc8e7@group-F450BE929A30:LeaderElection5] INFO  server.RaftServerConfigKeys (ConfUtils.java:logGet(43)) - raft.server.watch.timeout = 10s (default)
2019-09-25 12:10:13,950 [98c6e6f4-875d-42de-b8a9-30ed89dcc8e7@group-F450BE929A30:LeaderElection5] INFO  server.RaftServerConfigKeys (ConfUtils.java:logGet(43)) - raft.server.watch.timeout.denomination = 1s (default)
2019-09-25 12:10:13,950 [98c6e6f4-875d-42de-b8a9-30ed89dcc8e7@group-F450BE929A30:LeaderElection5] INFO  server.RaftServerConfigKeys (ConfUtils.java:logGet(43)) - raft.server.watch.element-limit = 65536 (default)
2019-09-25 12:10:13,953 [98c6e6f4-875d-42de-b8a9-30ed89dcc8e7@group-F450BE929A30:LeaderElection5] INFO  impl.RoleInfo (RoleInfo.java:updateAndGet(143)) - 98c6e6f4-875d-42de-b8a9-30ed89dcc8e7: start LeaderState
2019-09-25 12:10:13,954 [98c6e6f4-875d-42de-b8a9-30ed89dcc8e7@group-F450BE929A30:LeaderElection5] INFO  segmented.SegmentedRaftLogWorker (SegmentedRaftLogWorker.java:startLogSegment(380)) - 98c6e6f4-875d-42de-b8a9-30ed89dcc8e7@group-F450BE929A30-SegmentedRaftLogWorker: Starting segment from index:0
2019-09-25 12:10:13,954 [98c6e6f4-875d-42de-b8a9-30ed89dcc8e7@group-F450BE929A30:LeaderElection5] INFO  impl.RaftServerImpl (ServerState.java:setRaftConf(354)) - 98c6e6f4-875d-42de-b8a9-30ed89dcc8e7@group-F450BE929A30: set configuration 0: [98c6e6f4-875d-42de-b8a9-30ed89dcc8e7:192.168.151.73:46765], old=null at 0
2019-09-25 12:10:14,019 [98c6e6f4-875d-42de-b8a9-30ed89dcc8e7@group-F450BE929A30-SegmentedRaftLogWorker] INFO  segmented.SegmentedRaftLogWorker (SegmentedRaftLogWorker.java:execute(569)) - 98c6e6f4-875d-42de-b8a9-30ed89dcc8e7@group-F450BE929A30-SegmentedRaftLogWorker: created new log segment /workdir/hadoop-ozone/integration-test/target/test-dir/MiniOzoneClusterImpl-b6380e3c-fb04-4178-98e9-eb7b36240636/datanode-1/data/ratis/28f06661-0ad0-46c4-b882-f450be929a30/current/log_inprogress_0
2019-09-25 12:10:14,067 [Thread-255] INFO  impl.FollowerState (FollowerState.java:run(106)) - 98c6e6f4-875d-42de-b8a9-30ed89dcc8e7:group-1D1CF0A4681C changes to CANDIDATE, lastRpcTime:5163, electionTimeout:5163ms
2019-09-25 12:10:14,067 [Thread-255] INFO  impl.RoleInfo (RoleInfo.java:shutdownFollowerState(121)) - 98c6e6f4-875d-42de-b8a9-30ed89dcc8e7: shutdown FollowerState
2019-09-25 12:10:14,068 [Thread-255] INFO  impl.RaftServerImpl (RaftServerImpl.java:setRole(174)) - 98c6e6f4-875d-42de-b8a9-30ed89dcc8e7@group-1D1CF0A4681C: changes role from  FOLLOWER to CANDIDATE at term 0 for changeToCandidate
2019-09-25 12:10:14,068 [Thread-255] INFO  impl.RoleInfo (RoleInfo.java:updateAndGet(143)) - 98c6e6f4-875d-42de-b8a9-30ed89dcc8e7: start LeaderElection
2019-09-25 12:10:14,084 [Thread-258] INFO  impl.FollowerState (FollowerState.java:run(106)) - efb2beac-26e0-4b3b-9934-2458c1147cfd:group-035B67327B36 changes to CANDIDATE, lastRpcTime:5089, electionTimeout:5089ms
2019-09-25 12:10:14,085 [Thread-258] INFO  impl.RoleInfo (RoleInfo.java:shutdownFollowerState(121)) - efb2beac-26e0-4b3b-9934-2458c1147cfd: shutdown FollowerState
2019-09-25 12:10:14,085 [Thread-258] INFO  impl.RaftServerImpl (RaftServerImpl.java:setRole(174)) - efb2beac-26e0-4b3b-9934-2458c1147cfd@group-035B67327B36: changes role from  FOLLOWER to CANDIDATE at term 0 for changeToCandidate
2019-09-25 12:10:14,085 [Thread-258] INFO  impl.RoleInfo (RoleInfo.java:updateAndGet(143)) - efb2beac-26e0-4b3b-9934-2458c1147cfd: start LeaderElection
2019-09-25 12:10:14,088 [98c6e6f4-875d-42de-b8a9-30ed89dcc8e7@group-1D1CF0A4681C:LeaderElection6] INFO  impl.LeaderElection (LeaderElection.java:askForVotes(182)) - 98c6e6f4-875d-42de-b8a9-30ed89dcc8e7@group-1D1CF0A4681C:LeaderElection6: begin an election at term 1 for -1: [98c6e6f4-875d-42de-b8a9-30ed89dcc8e7:192.168.151.73:46765], old=null
2019-09-25 12:10:14,090 [98c6e6f4-875d-42de-b8a9-30ed89dcc8e7@group-1D1CF0A4681C:LeaderElection6] INFO  impl.RoleInfo (RoleInfo.java:shutdownLeaderElection(134)) - 98c6e6f4-875d-42de-b8a9-30ed89dcc8e7: shutdown LeaderElection
2019-09-25 12:10:14,090 [98c6e6f4-875d-42de-b8a9-30ed89dcc8e7@group-1D1CF0A4681C:LeaderElection6] INFO  impl.RaftServerImpl (RaftServerImpl.java:setRole(174)) - 98c6e6f4-875d-42de-b8a9-30ed89dcc8e7@group-1D1CF0A4681C: changes role from CANDIDATE to LEADER at term 1 for changeToLeader
2019-09-25 12:10:14,090 [98c6e6f4-875d-42de-b8a9-30ed89dcc8e7@group-1D1CF0A4681C:LeaderElection6] INFO  impl.RaftServerImpl (ServerState.java:setLeader(253)) - 98c6e6f4-875d-42de-b8a9-30ed89dcc8e7@group-1D1CF0A4681C: change Leader from null to 98c6e6f4-875d-42de-b8a9-30ed89dcc8e7 at term 1 for becomeLeader, leader elected after 5194ms
2019-09-25 12:10:14,090 [98c6e6f4-875d-42de-b8a9-30ed89dcc8e7@group-1D1CF0A4681C:LeaderElection6] INFO  server.RaftServerConfigKeys (ConfUtils.java:logGet(43)) - raft.server.staging.catchup.gap = 1000 (default)
2019-09-25 12:10:14,091 [98c6e6f4-875d-42de-b8a9-30ed89dcc8e7@group-1D1CF0A4681C:LeaderElection6] INFO  server.RaftServerConfigKeys (ConfUtils.java:logGet(43)) - raft.server.rpc.sleep.time = 25ms (default)
2019-09-25 12:10:14,091 [98c6e6f4-875d-42de-b8a9-30ed89dcc8e7@group-1D1CF0A4681C:LeaderElection6] INFO  server.RaftServerConfigKeys (ConfUtils.java:logGet(43)) - raft.server.write.element-limit = 4096 (default)
2019-09-25 12:10:14,091 [98c6e6f4-875d-42de-b8a9-30ed89dcc8e7@group-1D1CF0A4681C:LeaderElection6] INFO  server.RaftServerConfigKeys (ConfUtils.java:logGet(43)) - raft.server.watch.timeout = 10s (default)
2019-09-25 12:10:14,091 [98c6e6f4-875d-42de-b8a9-30ed89dcc8e7@group-1D1CF0A4681C:LeaderElection6] INFO  server.RaftServerConfigKeys (ConfUtils.java:logGet(43)) - raft.server.watch.timeout.denomination = 1s (default)
2019-09-25 12:10:14,091 [98c6e6f4-875d-42de-b8a9-30ed89dcc8e7@group-1D1CF0A4681C:LeaderElection6] INFO  server.RaftServerConfigKeys (ConfUtils.java:logGet(43)) - raft.server.watch.element-limit = 65536 (default)
2019-09-25 12:10:14,094 [98c6e6f4-875d-42de-b8a9-30ed89dcc8e7@group-1D1CF0A4681C:LeaderElection6] INFO  impl.RoleInfo (RoleInfo.java:updateAndGet(143)) - 98c6e6f4-875d-42de-b8a9-30ed89dcc8e7: start LeaderState
2019-09-25 12:10:14,095 [98c6e6f4-875d-42de-b8a9-30ed89dcc8e7@group-1D1CF0A4681C:LeaderElection6] INFO  segmented.SegmentedRaftLogWorker (SegmentedRaftLogWorker.java:startLogSegment(380)) - 98c6e6f4-875d-42de-b8a9-30ed89dcc8e7@group-1D1CF0A4681C-SegmentedRaftLogWorker: Starting segment from index:0
2019-09-25 12:10:14,095 [98c6e6f4-875d-42de-b8a9-30ed89dcc8e7@group-1D1CF0A4681C:LeaderElection6] INFO  impl.RaftServerImpl (ServerState.java:setRaftConf(354)) - 98c6e6f4-875d-42de-b8a9-30ed89dcc8e7@group-1D1CF0A4681C: set configuration 0: [98c6e6f4-875d-42de-b8a9-30ed89dcc8e7:192.168.151.73:46765], old=null at 0
2019-09-25 12:10:14,138 [Thread-262] INFO  impl.FollowerState (FollowerState.java:run(106)) - 60ced751-3023-4654-af5b-403edbc93820:group-BCD240EEF06D changes to CANDIDATE, lastRpcTime:5048, electionTimeout:5009ms
2019-09-25 12:10:14,138 [efb2beac-26e0-4b3b-9934-2458c1147cfd@group-035B67327B36:LeaderElection7] INFO  impl.LeaderElection (LeaderElection.java:askForVotes(182)) - efb2beac-26e0-4b3b-9934-2458c1147cfd@group-035B67327B36:LeaderElection7: begin an election at term 1 for -1: [efb2beac-26e0-4b3b-9934-2458c1147cfd:192.168.151.73:43064], old=null
2019-09-25 12:10:14,138 [Thread-262] INFO  impl.RoleInfo (RoleInfo.java:shutdownFollowerState(121)) - 60ced751-3023-4654-af5b-403edbc93820: shutdown FollowerState
2019-09-25 12:10:14,138 [efb2beac-26e0-4b3b-9934-2458c1147cfd@group-035B67327B36:LeaderElection7] INFO  impl.RoleInfo (RoleInfo.java:shutdownLeaderElection(134)) - efb2beac-26e0-4b3b-9934-2458c1147cfd: shutdown LeaderElection
2019-09-25 12:10:14,139 [Thread-262] INFO  impl.RaftServerImpl (RaftServerImpl.java:setRole(174)) - 60ced751-3023-4654-af5b-403edbc93820@group-BCD240EEF06D: changes role from  FOLLOWER to CANDIDATE at term 0 for changeToCandidate
2019-09-25 12:10:14,139 [efb2beac-26e0-4b3b-9934-2458c1147cfd@group-035B67327B36:LeaderElection7] INFO  impl.RaftServerImpl (RaftServerImpl.java:setRole(174)) - efb2beac-26e0-4b3b-9934-2458c1147cfd@group-035B67327B36: changes role from CANDIDATE to LEADER at term 1 for changeToLeader
2019-09-25 12:10:14,139 [efb2beac-26e0-4b3b-9934-2458c1147cfd@group-035B67327B36:LeaderElection7] INFO  impl.RaftServerImpl (ServerState.java:setLeader(253)) - efb2beac-26e0-4b3b-9934-2458c1147cfd@group-035B67327B36: change Leader from null to efb2beac-26e0-4b3b-9934-2458c1147cfd at term 1 for becomeLeader, leader elected after 5155ms
2019-09-25 12:10:14,139 [Thread-262] INFO  impl.RoleInfo (RoleInfo.java:updateAndGet(143)) - 60ced751-3023-4654-af5b-403edbc93820: start LeaderElection
2019-09-25 12:10:14,139 [efb2beac-26e0-4b3b-9934-2458c1147cfd@group-035B67327B36:LeaderElection7] INFO  server.RaftServerConfigKeys (ConfUtils.java:logGet(43)) - raft.server.staging.catchup.gap = 1000 (default)
2019-09-25 12:10:14,140 [efb2beac-26e0-4b3b-9934-2458c1147cfd@group-035B67327B36:LeaderElection7] INFO  server.RaftServerConfigKeys (ConfUtils.java:logGet(43)) - raft.server.rpc.sleep.time = 25ms (default)
2019-09-25 12:10:14,143 [efb2beac-26e0-4b3b-9934-2458c1147cfd@group-035B67327B36:LeaderElection7] INFO  server.RaftServerConfigKeys (ConfUtils.java:logGet(43)) - raft.server.write.element-limit = 4096 (default)
2019-09-25 12:10:14,147 [efb2beac-26e0-4b3b-9934-2458c1147cfd@group-035B67327B36:LeaderElection7] INFO  server.RaftServerConfigKeys (ConfUtils.java:logGet(43)) - raft.server.watch.timeout = 10s (default)
2019-09-25 12:10:14,148 [efb2beac-26e0-4b3b-9934-2458c1147cfd@group-035B67327B36:LeaderElection7] INFO  server.RaftServerConfigKeys (ConfUtils.java:logGet(43)) - raft.server.watch.timeout.denomination = 1s (default)
2019-09-25 12:10:14,148 [efb2beac-26e0-4b3b-9934-2458c1147cfd@group-035B67327B36:LeaderElection7] INFO  server.RaftServerConfigKeys (ConfUtils.java:logGet(43)) - raft.server.watch.element-limit = 65536 (default)
2019-09-25 12:10:14,151 [efb2beac-26e0-4b3b-9934-2458c1147cfd@group-035B67327B36:LeaderElection7] INFO  impl.RoleInfo (RoleInfo.java:updateAndGet(143)) - efb2beac-26e0-4b3b-9934-2458c1147cfd: start LeaderState
2019-09-25 12:10:14,151 [efb2beac-26e0-4b3b-9934-2458c1147cfd@group-035B67327B36:LeaderElection7] INFO  segmented.SegmentedRaftLogWorker (SegmentedRaftLogWorker.java:startLogSegment(380)) - efb2beac-26e0-4b3b-9934-2458c1147cfd@group-035B67327B36-SegmentedRaftLogWorker: Starting segment from index:0
2019-09-25 12:10:14,152 [efb2beac-26e0-4b3b-9934-2458c1147cfd@group-035B67327B36:LeaderElection7] INFO  impl.RaftServerImpl (ServerState.java:setRaftConf(354)) - efb2beac-26e0-4b3b-9934-2458c1147cfd@group-035B67327B36: set configuration 0: [efb2beac-26e0-4b3b-9934-2458c1147cfd:192.168.151.73:43064], old=null at 0
2019-09-25 12:10:14,194 [98c6e6f4-875d-42de-b8a9-30ed89dcc8e7@group-1D1CF0A4681C-SegmentedRaftLogWorker] INFO  segmented.SegmentedRaftLogWorker (SegmentedRaftLogWorker.java:execute(569)) - 98c6e6f4-875d-42de-b8a9-30ed89dcc8e7@group-1D1CF0A4681C-SegmentedRaftLogWorker: created new log segment /workdir/hadoop-ozone/integration-test/target/test-dir/MiniOzoneClusterImpl-b6380e3c-fb04-4178-98e9-eb7b36240636/datanode-1/data/ratis/9d24e99e-2076-462c-aba7-1d1cf0a4681c/current/log_inprogress_0
2019-09-25 12:10:14,194 [60ced751-3023-4654-af5b-403edbc93820@group-BCD240EEF06D:LeaderElection8] INFO  impl.LeaderElection (LeaderElection.java:askForVotes(182)) - 60ced751-3023-4654-af5b-403edbc93820@group-BCD240EEF06D:LeaderElection8: begin an election at term 1 for -1: [60ced751-3023-4654-af5b-403edbc93820:192.168.151.73:39742], old=null
2019-09-25 12:10:14,194 [60ced751-3023-4654-af5b-403edbc93820@group-BCD240EEF06D:LeaderElection8] INFO  impl.RoleInfo (RoleInfo.java:shutdownLeaderElection(134)) - 60ced751-3023-4654-af5b-403edbc93820: shutdown LeaderElection
2019-09-25 12:10:14,194 [60ced751-3023-4654-af5b-403edbc93820@group-BCD240EEF06D:LeaderElection8] INFO  impl.RaftServerImpl (RaftServerImpl.java:setRole(174)) - 60ced751-3023-4654-af5b-403edbc93820@group-BCD240EEF06D: changes role from CANDIDATE to LEADER at term 1 for changeToLeader
2019-09-25 12:10:14,195 [60ced751-3023-4654-af5b-403edbc93820@group-BCD240EEF06D:LeaderElection8] INFO  impl.RaftServerImpl (ServerState.java:setLeader(253)) - 60ced751-3023-4654-af5b-403edbc93820@group-BCD240EEF06D: change Leader from null to 60ced751-3023-4654-af5b-403edbc93820 at term 1 for becomeLeader, leader elected after 5119ms
2019-09-25 12:10:14,197 [60ced751-3023-4654-af5b-403edbc93820@group-BCD240EEF06D:LeaderElection8] INFO  server.RaftServerConfigKeys (ConfUtils.java:logGet(43)) - raft.server.staging.catchup.gap = 1000 (default)
2019-09-25 12:10:14,197 [60ced751-3023-4654-af5b-403edbc93820@group-BCD240EEF06D:LeaderElection8] INFO  server.RaftServerConfigKeys (ConfUtils.java:logGet(43)) - raft.server.rpc.sleep.time = 25ms (default)
2019-09-25 12:10:14,197 [60ced751-3023-4654-af5b-403edbc93820@group-BCD240EEF06D:LeaderElection8] INFO  server.RaftServerConfigKeys (ConfUtils.java:logGet(43)) - raft.server.write.element-limit = 4096 (default)
2019-09-25 12:10:14,198 [60ced751-3023-4654-af5b-403edbc93820@group-BCD240EEF06D:LeaderElection8] INFO  server.RaftServerConfigKeys (ConfUtils.java:logGet(43)) - raft.server.watch.timeout = 10s (default)
2019-09-25 12:10:14,198 [60ced751-3023-4654-af5b-403edbc93820@group-BCD240EEF06D:LeaderElection8] INFO  server.RaftServerConfigKeys (ConfUtils.java:logGet(43)) - raft.server.watch.timeout.denomination = 1s (default)
2019-09-25 12:10:14,198 [60ced751-3023-4654-af5b-403edbc93820@group-BCD240EEF06D:LeaderElection8] INFO  server.RaftServerConfigKeys (ConfUtils.java:logGet(43)) - raft.server.watch.element-limit = 65536 (default)
2019-09-25 12:10:14,201 [60ced751-3023-4654-af5b-403edbc93820@group-BCD240EEF06D:LeaderElection8] INFO  impl.RoleInfo (RoleInfo.java:updateAndGet(143)) - 60ced751-3023-4654-af5b-403edbc93820: start LeaderState
2019-09-25 12:10:14,201 [60ced751-3023-4654-af5b-403edbc93820@group-BCD240EEF06D:LeaderElection8] INFO  segmented.SegmentedRaftLogWorker (SegmentedRaftLogWorker.java:startLogSegment(380)) - 60ced751-3023-4654-af5b-403edbc93820@group-BCD240EEF06D-SegmentedRaftLogWorker: Starting segment from index:0
2019-09-25 12:10:14,202 [60ced751-3023-4654-af5b-403edbc93820@group-BCD240EEF06D:LeaderElection8] INFO  impl.RaftServerImpl (ServerState.java:setRaftConf(354)) - 60ced751-3023-4654-af5b-403edbc93820@group-BCD240EEF06D: set configuration 0: [60ced751-3023-4654-af5b-403edbc93820:192.168.151.73:39742], old=null at 0
2019-09-25 12:10:14,208 [efb2beac-26e0-4b3b-9934-2458c1147cfd@group-035B67327B36-SegmentedRaftLogWorker] INFO  segmented.SegmentedRaftLogWorker (SegmentedRaftLogWorker.java:execute(569)) - efb2beac-26e0-4b3b-9934-2458c1147cfd@group-035B67327B36-SegmentedRaftLogWorker: created new log segment /workdir/hadoop-ozone/integration-test/target/test-dir/MiniOzoneClusterImpl-b6380e3c-fb04-4178-98e9-eb7b36240636/datanode-4/data/ratis/4a61badd-602d-4868-9bc0-035b67327b36/current/log_inprogress_0
2019-09-25 12:10:14,235 [Thread-265] INFO  impl.FollowerState (FollowerState.java:run(106)) - 98c6e6f4-875d-42de-b8a9-30ed89dcc8e7:group-5E81A3E4DB8B changes to CANDIDATE, lastRpcTime:5073, electionTimeout:5073ms
2019-09-25 12:10:14,235 [Thread-265] INFO  impl.RoleInfo (RoleInfo.java:shutdownFollowerState(121)) - 98c6e6f4-875d-42de-b8a9-30ed89dcc8e7: shutdown FollowerState
2019-09-25 12:10:14,235 [Thread-265] INFO  impl.RaftServerImpl (RaftServerImpl.java:setRole(174)) - 98c6e6f4-875d-42de-b8a9-30ed89dcc8e7@group-5E81A3E4DB8B: changes role from  FOLLOWER to CANDIDATE at term 0 for changeToCandidate
2019-09-25 12:10:14,236 [Thread-265] INFO  impl.RoleInfo (RoleInfo.java:updateAndGet(143)) - 98c6e6f4-875d-42de-b8a9-30ed89dcc8e7: start LeaderElection
2019-09-25 12:10:14,273 [60ced751-3023-4654-af5b-403edbc93820@group-BCD240EEF06D-SegmentedRaftLogWorker] INFO  segmented.SegmentedRaftLogWorker (SegmentedRaftLogWorker.java:execute(569)) - 60ced751-3023-4654-af5b-403edbc93820@group-BCD240EEF06D-SegmentedRaftLogWorker: created new log segment /workdir/hadoop-ozone/integration-test/target/test-dir/MiniOzoneClusterImpl-b6380e3c-fb04-4178-98e9-eb7b36240636/datanode-2/data/ratis/845e3942-7929-4f3f-b8bf-bcd240eef06d/current/log_inprogress_0
2019-09-25 12:10:14,273 [98c6e6f4-875d-42de-b8a9-30ed89dcc8e7@group-5E81A3E4DB8B:LeaderElection9] INFO  impl.LeaderElection (LeaderElection.java:askForVotes(182)) - 98c6e6f4-875d-42de-b8a9-30ed89dcc8e7@group-5E81A3E4DB8B:LeaderElection9: begin an election at term 1 for -1: [98c6e6f4-875d-42de-b8a9-30ed89dcc8e7:192.168.151.73:46765], old=null
2019-09-25 12:10:14,273 [98c6e6f4-875d-42de-b8a9-30ed89dcc8e7@group-5E81A3E4DB8B:LeaderElection9] INFO  impl.RoleInfo (RoleInfo.java:shutdownLeaderElection(134)) - 98c6e6f4-875d-42de-b8a9-30ed89dcc8e7: shutdown LeaderElection
2019-09-25 12:10:14,274 [98c6e6f4-875d-42de-b8a9-30ed89dcc8e7@group-5E81A3E4DB8B:LeaderElection9] INFO  impl.RaftServerImpl (RaftServerImpl.java:setRole(174)) - 98c6e6f4-875d-42de-b8a9-30ed89dcc8e7@group-5E81A3E4DB8B: changes role from CANDIDATE to LEADER at term 1 for changeToLeader
2019-09-25 12:10:14,274 [98c6e6f4-875d-42de-b8a9-30ed89dcc8e7@group-5E81A3E4DB8B:LeaderElection9] INFO  impl.RaftServerImpl (ServerState.java:setLeader(253)) - 98c6e6f4-875d-42de-b8a9-30ed89dcc8e7@group-5E81A3E4DB8B: change Leader from null to 98c6e6f4-875d-42de-b8a9-30ed89dcc8e7 at term 1 for becomeLeader, leader elected after 5121ms
2019-09-25 12:10:14,274 [98c6e6f4-875d-42de-b8a9-30ed89dcc8e7@group-5E81A3E4DB8B:LeaderElection9] INFO  server.RaftServerConfigKeys (ConfUtils.java:logGet(43)) - raft.server.staging.catchup.gap = 1000 (default)
2019-09-25 12:10:14,274 [98c6e6f4-875d-42de-b8a9-30ed89dcc8e7@group-5E81A3E4DB8B:LeaderElection9] INFO  server.RaftServerConfigKeys (ConfUtils.java:logGet(43)) - raft.server.rpc.sleep.time = 25ms (default)
2019-09-25 12:10:14,274 [98c6e6f4-875d-42de-b8a9-30ed89dcc8e7@group-5E81A3E4DB8B:LeaderElection9] INFO  server.RaftServerConfigKeys (ConfUtils.java:logGet(43)) - raft.server.write.element-limit = 4096 (default)
2019-09-25 12:10:14,275 [98c6e6f4-875d-42de-b8a9-30ed89dcc8e7@group-5E81A3E4DB8B:LeaderElection9] INFO  server.RaftServerConfigKeys (ConfUtils.java:logGet(43)) - raft.server.watch.timeout = 10s (default)
2019-09-25 12:10:14,275 [98c6e6f4-875d-42de-b8a9-30ed89dcc8e7@group-5E81A3E4DB8B:LeaderElection9] INFO  server.RaftServerConfigKeys (ConfUtils.java:logGet(43)) - raft.server.watch.timeout.denomination = 1s (default)
2019-09-25 12:10:14,275 [98c6e6f4-875d-42de-b8a9-30ed89dcc8e7@group-5E81A3E4DB8B:LeaderElection9] INFO  server.RaftServerConfigKeys (ConfUtils.java:logGet(43)) - raft.server.watch.element-limit = 65536 (default)
2019-09-25 12:10:14,278 [98c6e6f4-875d-42de-b8a9-30ed89dcc8e7@group-5E81A3E4DB8B:LeaderElection9] INFO  impl.RoleInfo (RoleInfo.java:updateAndGet(143)) - 98c6e6f4-875d-42de-b8a9-30ed89dcc8e7: start LeaderState
2019-09-25 12:10:14,279 [98c6e6f4-875d-42de-b8a9-30ed89dcc8e7@group-5E81A3E4DB8B:LeaderElection9] INFO  segmented.SegmentedRaftLogWorker (SegmentedRaftLogWorker.java:startLogSegment(380)) - 98c6e6f4-875d-42de-b8a9-30ed89dcc8e7@group-5E81A3E4DB8B-SegmentedRaftLogWorker: Starting segment from index:0
2019-09-25 12:10:14,280 [98c6e6f4-875d-42de-b8a9-30ed89dcc8e7@group-5E81A3E4DB8B:LeaderElection9] INFO  impl.RaftServerImpl (ServerState.java:setRaftConf(354)) - 98c6e6f4-875d-42de-b8a9-30ed89dcc8e7@group-5E81A3E4DB8B: set configuration 0: [98c6e6f4-875d-42de-b8a9-30ed89dcc8e7:192.168.151.73:46765], old=null at 0
2019-09-25 12:10:14,332 [Thread-272] INFO  impl.FollowerState (FollowerState.java:run(106)) - 60ced751-3023-4654-af5b-403edbc93820:group-75DD76850AF5 changes to CANDIDATE, lastRpcTime:5039, electionTimeout:5039ms
2019-09-25 12:10:14,332 [Thread-272] INFO  impl.RoleInfo (RoleInfo.java:shutdownFollowerState(121)) - 60ced751-3023-4654-af5b-403edbc93820: shutdown FollowerState
2019-09-25 12:10:14,332 [Thread-272] INFO  impl.RaftServerImpl (RaftServerImpl.java:setRole(174)) - 60ced751-3023-4654-af5b-403edbc93820@group-75DD76850AF5: changes role from  FOLLOWER to CANDIDATE at term 0 for changeToCandidate
2019-09-25 12:10:14,333 [Thread-272] INFO  impl.RoleInfo (RoleInfo.java:updateAndGet(143)) - 60ced751-3023-4654-af5b-403edbc93820: start LeaderElection
2019-09-25 12:10:14,344 [98c6e6f4-875d-42de-b8a9-30ed89dcc8e7@group-5E81A3E4DB8B-SegmentedRaftLogWorker] INFO  segmented.SegmentedRaftLogWorker (SegmentedRaftLogWorker.java:execute(569)) - 98c6e6f4-875d-42de-b8a9-30ed89dcc8e7@group-5E81A3E4DB8B-SegmentedRaftLogWorker: created new log segment /workdir/hadoop-ozone/integration-test/target/test-dir/MiniOzoneClusterImpl-b6380e3c-fb04-4178-98e9-eb7b36240636/datanode-1/data/ratis/599581e4-c549-4e45-be2c-5e81a3e4db8b/current/log_inprogress_0
2019-09-25 12:10:14,344 [Thread-268] INFO  impl.FollowerState (FollowerState.java:run(106)) - 60ced751-3023-4654-af5b-403edbc93820:group-6D064ABEA521 changes to CANDIDATE, lastRpcTime:5116, electionTimeout:5116ms
2019-09-25 12:10:14,344 [Thread-268] INFO  impl.RoleInfo (RoleInfo.java:shutdownFollowerState(121)) - 60ced751-3023-4654-af5b-403edbc93820: shutdown FollowerState
2019-09-25 12:10:14,344 [Thread-268] INFO  impl.RaftServerImpl (RaftServerImpl.java:setRole(174)) - 60ced751-3023-4654-af5b-403edbc93820@group-6D064ABEA521: changes role from  FOLLOWER to CANDIDATE at term 0 for changeToCandidate
2019-09-25 12:10:14,344 [Thread-268] INFO  impl.RoleInfo (RoleInfo.java:updateAndGet(143)) - 60ced751-3023-4654-af5b-403edbc93820: start LeaderElection
2019-09-25 12:10:14,351 [60ced751-3023-4654-af5b-403edbc93820@group-75DD76850AF5:LeaderElection10] INFO  impl.LeaderElection (LeaderElection.java:askForVotes(182)) - 60ced751-3023-4654-af5b-403edbc93820@group-75DD76850AF5:LeaderElection10: begin an election at term 1 for -1: [60ced751-3023-4654-af5b-403edbc93820:192.168.151.73:39742], old=null
2019-09-25 12:10:14,351 [60ced751-3023-4654-af5b-403edbc93820@group-75DD76850AF5:LeaderElection10] INFO  impl.RoleInfo (RoleInfo.java:shutdownLeaderElection(134)) - 60ced751-3023-4654-af5b-403edbc93820: shutdown LeaderElection
2019-09-25 12:10:14,351 [60ced751-3023-4654-af5b-403edbc93820@group-75DD76850AF5:LeaderElection10] INFO  impl.RaftServerImpl (RaftServerImpl.java:setRole(174)) - 60ced751-3023-4654-af5b-403edbc93820@group-75DD76850AF5: changes role from CANDIDATE to LEADER at term 1 for changeToLeader
2019-09-25 12:10:14,351 [60ced751-3023-4654-af5b-403edbc93820@group-75DD76850AF5:LeaderElection10] INFO  impl.RaftServerImpl (ServerState.java:setLeader(253)) - 60ced751-3023-4654-af5b-403edbc93820@group-75DD76850AF5: change Leader from null to 60ced751-3023-4654-af5b-403edbc93820 at term 1 for becomeLeader, leader elected after 5064ms
2019-09-25 12:10:14,352 [60ced751-3023-4654-af5b-403edbc93820@group-75DD76850AF5:LeaderElection10] INFO  server.RaftServerConfigKeys (ConfUtils.java:logGet(43)) - raft.server.staging.catchup.gap = 1000 (default)
2019-09-25 12:10:14,352 [60ced751-3023-4654-af5b-403edbc93820@group-75DD76850AF5:LeaderElection10] INFO  server.RaftServerConfigKeys (ConfUtils.java:logGet(43)) - raft.server.rpc.sleep.time = 25ms (default)
2019-09-25 12:10:14,352 [60ced751-3023-4654-af5b-403edbc93820@group-75DD76850AF5:LeaderElection10] INFO  server.RaftServerConfigKeys (ConfUtils.java:logGet(43)) - raft.server.write.element-limit = 4096 (default)
2019-09-25 12:10:14,352 [60ced751-3023-4654-af5b-403edbc93820@group-75DD76850AF5:LeaderElection10] INFO  server.RaftServerConfigKeys (ConfUtils.java:logGet(43)) - raft.server.watch.timeout = 10s (default)
2019-09-25 12:10:14,352 [60ced751-3023-4654-af5b-403edbc93820@group-75DD76850AF5:LeaderElection10] INFO  server.RaftServerConfigKeys (ConfUtils.java:logGet(43)) - raft.server.watch.timeout.denomination = 1s (default)
2019-09-25 12:10:14,353 [60ced751-3023-4654-af5b-403edbc93820@group-75DD76850AF5:LeaderElection10] INFO  server.RaftServerConfigKeys (ConfUtils.java:logGet(43)) - raft.server.watch.element-limit = 65536 (default)
2019-09-25 12:10:14,356 [60ced751-3023-4654-af5b-403edbc93820@group-75DD76850AF5:LeaderElection10] INFO  impl.RoleInfo (RoleInfo.java:updateAndGet(143)) - 60ced751-3023-4654-af5b-403edbc93820: start LeaderState
2019-09-25 12:10:14,356 [60ced751-3023-4654-af5b-403edbc93820@group-75DD76850AF5:LeaderElection10] INFO  segmented.SegmentedRaftLogWorker (SegmentedRaftLogWorker.java:startLogSegment(380)) - 60ced751-3023-4654-af5b-403edbc93820@group-75DD76850AF5-SegmentedRaftLogWorker: Starting segment from index:0
2019-09-25 12:10:14,356 [60ced751-3023-4654-af5b-403edbc93820@group-75DD76850AF5:LeaderElection10] INFO  impl.RaftServerImpl (ServerState.java:setRaftConf(354)) - 60ced751-3023-4654-af5b-403edbc93820@group-75DD76850AF5: set configuration 0: [60ced751-3023-4654-af5b-403edbc93820:192.168.151.73:39742], old=null at 0
2019-09-25 12:10:14,395 [60ced751-3023-4654-af5b-403edbc93820@group-6D064ABEA521:LeaderElection11] INFO  impl.LeaderElection (LeaderElection.java:askForVotes(182)) - 60ced751-3023-4654-af5b-403edbc93820@group-6D064ABEA521:LeaderElection11: begin an election at term 1 for -1: [60ced751-3023-4654-af5b-403edbc93820:192.168.151.73:39742], old=null
2019-09-25 12:10:14,395 [60ced751-3023-4654-af5b-403edbc93820@group-6D064ABEA521:LeaderElection11] INFO  impl.RoleInfo (RoleInfo.java:shutdownLeaderElection(134)) - 60ced751-3023-4654-af5b-403edbc93820: shutdown LeaderElection
2019-09-25 12:10:14,396 [60ced751-3023-4654-af5b-403edbc93820@group-6D064ABEA521:LeaderElection11] INFO  impl.RaftServerImpl (RaftServerImpl.java:setRole(174)) - 60ced751-3023-4654-af5b-403edbc93820@group-6D064ABEA521: changes role from CANDIDATE to LEADER at term 1 for changeToLeader
2019-09-25 12:10:14,396 [60ced751-3023-4654-af5b-403edbc93820@group-6D064ABEA521:LeaderElection11] INFO  impl.RaftServerImpl (ServerState.java:setLeader(253)) - 60ced751-3023-4654-af5b-403edbc93820@group-6D064ABEA521: change Leader from null to 60ced751-3023-4654-af5b-403edbc93820 at term 1 for becomeLeader, leader elected after 5178ms
2019-09-25 12:10:14,396 [60ced751-3023-4654-af5b-403edbc93820@group-6D064ABEA521:LeaderElection11] INFO  server.RaftServerConfigKeys (ConfUtils.java:logGet(43)) - raft.server.staging.catchup.gap = 1000 (default)
2019-09-25 12:10:14,396 [60ced751-3023-4654-af5b-403edbc93820@group-6D064ABEA521:LeaderElection11] INFO  server.RaftServerConfigKeys (ConfUtils.java:logGet(43)) - raft.server.rpc.sleep.time = 25ms (default)
2019-09-25 12:10:14,396 [60ced751-3023-4654-af5b-403edbc93820@group-6D064ABEA521:LeaderElection11] INFO  server.RaftServerConfigKeys (ConfUtils.java:logGet(43)) - raft.server.write.element-limit = 4096 (default)
2019-09-25 12:10:14,396 [60ced751-3023-4654-af5b-403edbc93820@group-6D064ABEA521:LeaderElection11] INFO  server.RaftServerConfigKeys (ConfUtils.java:logGet(43)) - raft.server.watch.timeout = 10s (default)
2019-09-25 12:10:14,397 [60ced751-3023-4654-af5b-403edbc93820@group-6D064ABEA521:LeaderElection11] INFO  server.RaftServerConfigKeys (ConfUtils.java:logGet(43)) - raft.server.watch.timeout.denomination = 1s (default)
2019-09-25 12:10:14,397 [60ced751-3023-4654-af5b-403edbc93820@group-6D064ABEA521:LeaderElection11] INFO  server.RaftServerConfigKeys (ConfUtils.java:logGet(43)) - raft.server.watch.element-limit = 65536 (default)
2019-09-25 12:10:14,399 [60ced751-3023-4654-af5b-403edbc93820@group-6D064ABEA521:LeaderElection11] INFO  impl.RoleInfo (RoleInfo.java:updateAndGet(143)) - 60ced751-3023-4654-af5b-403edbc93820: start LeaderState
2019-09-25 12:10:14,400 [60ced751-3023-4654-af5b-403edbc93820@group-6D064ABEA521:LeaderElection11] INFO  segmented.SegmentedRaftLogWorker (SegmentedRaftLogWorker.java:startLogSegment(380)) - 60ced751-3023-4654-af5b-403edbc93820@group-6D064ABEA521-SegmentedRaftLogWorker: Starting segment from index:0
2019-09-25 12:10:14,400 [60ced751-3023-4654-af5b-403edbc93820@group-6D064ABEA521:LeaderElection11] INFO  impl.RaftServerImpl (ServerState.java:setRaftConf(354)) - 60ced751-3023-4654-af5b-403edbc93820@group-6D064ABEA521: set configuration 0: [60ced751-3023-4654-af5b-403edbc93820:192.168.151.73:39742], old=null at 0
2019-09-25 12:10:14,431 [60ced751-3023-4654-af5b-403edbc93820@group-75DD76850AF5-SegmentedRaftLogWorker] INFO  segmented.SegmentedRaftLogWorker (SegmentedRaftLogWorker.java:execute(569)) - 60ced751-3023-4654-af5b-403edbc93820@group-75DD76850AF5-SegmentedRaftLogWorker: created new log segment /workdir/hadoop-ozone/integration-test/target/test-dir/MiniOzoneClusterImpl-b6380e3c-fb04-4178-98e9-eb7b36240636/datanode-2/data/ratis/c4f00836-0718-43a4-89bd-75dd76850af5/current/log_inprogress_0
2019-09-25 12:10:14,446 [60ced751-3023-4654-af5b-403edbc93820@group-6D064ABEA521-SegmentedRaftLogWorker] INFO  segmented.SegmentedRaftLogWorker (SegmentedRaftLogWorker.java:execute(569)) - 60ced751-3023-4654-af5b-403edbc93820@group-6D064ABEA521-SegmentedRaftLogWorker: created new log segment /workdir/hadoop-ozone/integration-test/target/test-dir/MiniOzoneClusterImpl-b6380e3c-fb04-4178-98e9-eb7b36240636/datanode-2/data/ratis/79f71c0a-953f-492e-a23c-6d064abea521/current/log_inprogress_0
2019-09-25 12:10:14,487 [Thread-279] INFO  impl.FollowerState (FollowerState.java:run(106)) - 75407fdb-c05d-4d79-b869-4dab60013158:group-707C65617DF7 changes to CANDIDATE, lastRpcTime:5028, electionTimeout:5028ms
2019-09-25 12:10:14,487 [Thread-279] INFO  impl.RoleInfo (RoleInfo.java:shutdownFollowerState(121)) - 75407fdb-c05d-4d79-b869-4dab60013158: shutdown FollowerState
2019-09-25 12:10:14,488 [Thread-279] INFO  impl.RaftServerImpl (RaftServerImpl.java:setRole(174)) - 75407fdb-c05d-4d79-b869-4dab60013158@group-707C65617DF7: changes role from  FOLLOWER to CANDIDATE at term 0 for changeToCandidate
2019-09-25 12:10:14,488 [Thread-279] INFO  impl.RoleInfo (RoleInfo.java:updateAndGet(143)) - 75407fdb-c05d-4d79-b869-4dab60013158: start LeaderElection
2019-09-25 12:10:14,509 [75407fdb-c05d-4d79-b869-4dab60013158@group-707C65617DF7:LeaderElection12] INFO  impl.LeaderElection (LeaderElection.java:askForVotes(182)) - 75407fdb-c05d-4d79-b869-4dab60013158@group-707C65617DF7:LeaderElection12: begin an election at term 1 for -1: [75407fdb-c05d-4d79-b869-4dab60013158:192.168.151.73:41746], old=null
2019-09-25 12:10:14,510 [75407fdb-c05d-4d79-b869-4dab60013158@group-707C65617DF7:LeaderElection12] INFO  impl.RoleInfo (RoleInfo.java:shutdownLeaderElection(134)) - 75407fdb-c05d-4d79-b869-4dab60013158: shutdown LeaderElection
2019-09-25 12:10:14,510 [75407fdb-c05d-4d79-b869-4dab60013158@group-707C65617DF7:LeaderElection12] INFO  impl.RaftServerImpl (RaftServerImpl.java:setRole(174)) - 75407fdb-c05d-4d79-b869-4dab60013158@group-707C65617DF7: changes role from CANDIDATE to LEADER at term 1 for changeToLeader
2019-09-25 12:10:14,510 [75407fdb-c05d-4d79-b869-4dab60013158@group-707C65617DF7:LeaderElection12] INFO  impl.RaftServerImpl (ServerState.java:setLeader(253)) - 75407fdb-c05d-4d79-b869-4dab60013158@group-707C65617DF7: change Leader from null to 75407fdb-c05d-4d79-b869-4dab60013158 at term 1 for becomeLeader, leader elected after 5058ms
2019-09-25 12:10:14,510 [75407fdb-c05d-4d79-b869-4dab60013158@group-707C65617DF7:LeaderElection12] INFO  server.RaftServerConfigKeys (ConfUtils.java:logGet(43)) - raft.server.staging.catchup.gap = 1000 (default)
2019-09-25 12:10:14,510 [75407fdb-c05d-4d79-b869-4dab60013158@group-707C65617DF7:LeaderElection12] INFO  server.RaftServerConfigKeys (ConfUtils.java:logGet(43)) - raft.server.rpc.sleep.time = 25ms (default)
2019-09-25 12:10:14,510 [75407fdb-c05d-4d79-b869-4dab60013158@group-707C65617DF7:LeaderElection12] INFO  server.RaftServerConfigKeys (ConfUtils.java:logGet(43)) - raft.server.write.element-limit = 4096 (default)
2019-09-25 12:10:14,511 [75407fdb-c05d-4d79-b869-4dab60013158@group-707C65617DF7:LeaderElection12] INFO  server.RaftServerConfigKeys (ConfUtils.java:logGet(43)) - raft.server.watch.timeout = 10s (default)
2019-09-25 12:10:14,511 [75407fdb-c05d-4d79-b869-4dab60013158@group-707C65617DF7:LeaderElection12] INFO  server.RaftServerConfigKeys (ConfUtils.java:logGet(43)) - raft.server.watch.timeout.denomination = 1s (default)
2019-09-25 12:10:14,511 [75407fdb-c05d-4d79-b869-4dab60013158@group-707C65617DF7:LeaderElection12] INFO  server.RaftServerConfigKeys (ConfUtils.java:logGet(43)) - raft.server.watch.element-limit = 65536 (default)
2019-09-25 12:10:14,514 [75407fdb-c05d-4d79-b869-4dab60013158@group-707C65617DF7:LeaderElection12] INFO  impl.RoleInfo (RoleInfo.java:updateAndGet(143)) - 75407fdb-c05d-4d79-b869-4dab60013158: start LeaderState
2019-09-25 12:10:14,514 [75407fdb-c05d-4d79-b869-4dab60013158@group-707C65617DF7:LeaderElection12] INFO  segmented.SegmentedRaftLogWorker (SegmentedRaftLogWorker.java:startLogSegment(380)) - 75407fdb-c05d-4d79-b869-4dab60013158@group-707C65617DF7-SegmentedRaftLogWorker: Starting segment from index:0
2019-09-25 12:10:14,515 [75407fdb-c05d-4d79-b869-4dab60013158@group-707C65617DF7:LeaderElection12] INFO  impl.RaftServerImpl (ServerState.java:setRaftConf(354)) - 75407fdb-c05d-4d79-b869-4dab60013158@group-707C65617DF7: set configuration 0: [75407fdb-c05d-4d79-b869-4dab60013158:192.168.151.73:41746], old=null at 0
2019-09-25 12:10:14,553 [Thread-276] INFO  impl.FollowerState (FollowerState.java:run(106)) - e9a0ea36-247e-456c-8e42-8632faf34d05:group-D212939F40AA changes to CANDIDATE, lastRpcTime:5185, electionTimeout:5152ms
2019-09-25 12:10:14,553 [Thread-276] INFO  impl.RoleInfo (RoleInfo.java:shutdownFollowerState(121)) - e9a0ea36-247e-456c-8e42-8632faf34d05: shutdown FollowerState
2019-09-25 12:10:14,553 [Thread-276] INFO  impl.RaftServerImpl (RaftServerImpl.java:setRole(174)) - e9a0ea36-247e-456c-8e42-8632faf34d05@group-D212939F40AA: changes role from  FOLLOWER to CANDIDATE at term 0 for changeToCandidate
2019-09-25 12:10:14,554 [Thread-276] INFO  impl.RoleInfo (RoleInfo.java:updateAndGet(143)) - e9a0ea36-247e-456c-8e42-8632faf34d05: start LeaderElection
2019-09-25 12:10:14,577 [75407fdb-c05d-4d79-b869-4dab60013158@group-707C65617DF7-SegmentedRaftLogWorker] INFO  segmented.SegmentedRaftLogWorker (SegmentedRaftLogWorker.java:execute(569)) - 75407fdb-c05d-4d79-b869-4dab60013158@group-707C65617DF7-SegmentedRaftLogWorker: created new log segment /workdir/hadoop-ozone/integration-test/target/test-dir/MiniOzoneClusterImpl-b6380e3c-fb04-4178-98e9-eb7b36240636/datanode-0/data/ratis/95a23db9-a14e-40f4-a15a-707c65617df7/current/log_inprogress_0
2019-09-25 12:10:14,577 [e9a0ea36-247e-456c-8e42-8632faf34d05@group-D212939F40AA:LeaderElection13] INFO  impl.LeaderElection (LeaderElection.java:askForVotes(182)) - e9a0ea36-247e-456c-8e42-8632faf34d05@group-D212939F40AA:LeaderElection13: begin an election at term 1 for -1: [e9a0ea36-247e-456c-8e42-8632faf34d05:192.168.151.73:42435], old=null
2019-09-25 12:10:14,577 [e9a0ea36-247e-456c-8e42-8632faf34d05@group-D212939F40AA:LeaderElection13] INFO  impl.RoleInfo (RoleInfo.java:shutdownLeaderElection(134)) - e9a0ea36-247e-456c-8e42-8632faf34d05: shutdown LeaderElection
2019-09-25 12:10:14,577 [e9a0ea36-247e-456c-8e42-8632faf34d05@group-D212939F40AA:LeaderElection13] INFO  impl.RaftServerImpl (RaftServerImpl.java:setRole(174)) - e9a0ea36-247e-456c-8e42-8632faf34d05@group-D212939F40AA: changes role from CANDIDATE to LEADER at term 1 for changeToLeader
2019-09-25 12:10:14,578 [e9a0ea36-247e-456c-8e42-8632faf34d05@group-D212939F40AA:LeaderElection13] INFO  impl.RaftServerImpl (ServerState.java:setLeader(253)) - e9a0ea36-247e-456c-8e42-8632faf34d05@group-D212939F40AA: change Leader from null to e9a0ea36-247e-456c-8e42-8632faf34d05 at term 1 for becomeLeader, leader elected after 5218ms
2019-09-25 12:10:14,580 [e9a0ea36-247e-456c-8e42-8632faf34d05@group-D212939F40AA:LeaderElection13] INFO  server.RaftServerConfigKeys (ConfUtils.java:logGet(43)) - raft.server.staging.catchup.gap = 1000 (default)
2019-09-25 12:10:14,580 [e9a0ea36-247e-456c-8e42-8632faf34d05@group-D212939F40AA:LeaderElection13] INFO  server.RaftServerConfigKeys (ConfUtils.java:logGet(43)) - raft.server.rpc.sleep.time = 25ms (default)
2019-09-25 12:10:14,580 [e9a0ea36-247e-456c-8e42-8632faf34d05@group-D212939F40AA:LeaderElection13] INFO  server.RaftServerConfigKeys (ConfUtils.java:logGet(43)) - raft.server.write.element-limit = 4096 (default)
2019-09-25 12:10:14,581 [e9a0ea36-247e-456c-8e42-8632faf34d05@group-D212939F40AA:LeaderElection13] INFO  server.RaftServerConfigKeys (ConfUtils.java:logGet(43)) - raft.server.watch.timeout = 10s (default)
2019-09-25 12:10:14,581 [e9a0ea36-247e-456c-8e42-8632faf34d05@group-D212939F40AA:LeaderElection13] INFO  server.RaftServerConfigKeys (ConfUtils.java:logGet(43)) - raft.server.watch.timeout.denomination = 1s (default)
2019-09-25 12:10:14,581 [e9a0ea36-247e-456c-8e42-8632faf34d05@group-D212939F40AA:LeaderElection13] INFO  server.RaftServerConfigKeys (ConfUtils.java:logGet(43)) - raft.server.watch.element-limit = 65536 (default)
2019-09-25 12:10:14,584 [e9a0ea36-247e-456c-8e42-8632faf34d05@group-D212939F40AA:LeaderElection13] INFO  impl.RoleInfo (RoleInfo.java:updateAndGet(143)) - e9a0ea36-247e-456c-8e42-8632faf34d05: start LeaderState
2019-09-25 12:10:14,584 [e9a0ea36-247e-456c-8e42-8632faf34d05@group-D212939F40AA:LeaderElection13] INFO  segmented.SegmentedRaftLogWorker (SegmentedRaftLogWorker.java:startLogSegment(380)) - e9a0ea36-247e-456c-8e42-8632faf34d05@group-D212939F40AA-SegmentedRaftLogWorker: Starting segment from index:0
2019-09-25 12:10:14,585 [e9a0ea36-247e-456c-8e42-8632faf34d05@group-D212939F40AA:LeaderElection13] INFO  impl.RaftServerImpl (ServerState.java:setRaftConf(354)) - e9a0ea36-247e-456c-8e42-8632faf34d05@group-D212939F40AA: set configuration 0: [e9a0ea36-247e-456c-8e42-8632faf34d05:192.168.151.73:42435], old=null at 0
2019-09-25 12:10:14,636 [Thread-285] INFO  impl.FollowerState (FollowerState.java:run(106)) - e9a0ea36-247e-456c-8e42-8632faf34d05:group-209DD8D331F6 changes to CANDIDATE, lastRpcTime:5047, electionTimeout:5047ms
2019-09-25 12:10:14,636 [Thread-285] INFO  impl.RoleInfo (RoleInfo.java:shutdownFollowerState(121)) - e9a0ea36-247e-456c-8e42-8632faf34d05: shutdown FollowerState
2019-09-25 12:10:14,636 [Thread-285] INFO  impl.RaftServerImpl (RaftServerImpl.java:setRole(174)) - e9a0ea36-247e-456c-8e42-8632faf34d05@group-209DD8D331F6: changes role from  FOLLOWER to CANDIDATE at term 0 for changeToCandidate
2019-09-25 12:10:14,637 [Thread-285] INFO  impl.RoleInfo (RoleInfo.java:updateAndGet(143)) - e9a0ea36-247e-456c-8e42-8632faf34d05: start LeaderElection
2019-09-25 12:10:14,648 [e9a0ea36-247e-456c-8e42-8632faf34d05@group-D212939F40AA-SegmentedRaftLogWorker] INFO  segmented.SegmentedRaftLogWorker (SegmentedRaftLogWorker.java:execute(569)) - e9a0ea36-247e-456c-8e42-8632faf34d05@group-D212939F40AA-SegmentedRaftLogWorker: created new log segment /workdir/hadoop-ozone/integration-test/target/test-dir/MiniOzoneClusterImpl-b6380e3c-fb04-4178-98e9-eb7b36240636/datanode-3/data/ratis/45fa35d2-60bd-404b-9925-d212939f40aa/current/log_inprogress_0
2019-09-25 12:10:14,650 [e9a0ea36-247e-456c-8e42-8632faf34d05@group-209DD8D331F6:LeaderElection14] INFO  impl.LeaderElection (LeaderElection.java:askForVotes(182)) - e9a0ea36-247e-456c-8e42-8632faf34d05@group-209DD8D331F6:LeaderElection14: begin an election at term 1 for -1: [e9a0ea36-247e-456c-8e42-8632faf34d05:192.168.151.73:42435], old=null
2019-09-25 12:10:14,650 [e9a0ea36-247e-456c-8e42-8632faf34d05@group-209DD8D331F6:LeaderElection14] INFO  impl.RoleInfo (RoleInfo.java:shutdownLeaderElection(134)) - e9a0ea36-247e-456c-8e42-8632faf34d05: shutdown LeaderElection
2019-09-25 12:10:14,650 [e9a0ea36-247e-456c-8e42-8632faf34d05@group-209DD8D331F6:LeaderElection14] INFO  impl.RaftServerImpl (RaftServerImpl.java:setRole(174)) - e9a0ea36-247e-456c-8e42-8632faf34d05@group-209DD8D331F6: changes role from CANDIDATE to LEADER at term 1 for changeToLeader
2019-09-25 12:10:14,650 [e9a0ea36-247e-456c-8e42-8632faf34d05@group-209DD8D331F6:LeaderElection14] INFO  impl.RaftServerImpl (ServerState.java:setLeader(253)) - e9a0ea36-247e-456c-8e42-8632faf34d05@group-209DD8D331F6: change Leader from null to e9a0ea36-247e-456c-8e42-8632faf34d05 at term 1 for becomeLeader, leader elected after 5073ms
2019-09-25 12:10:14,650 [e9a0ea36-247e-456c-8e42-8632faf34d05@group-209DD8D331F6:LeaderElection14] INFO  server.RaftServerConfigKeys (ConfUtils.java:logGet(43)) - raft.server.staging.catchup.gap = 1000 (default)
2019-09-25 12:10:14,650 [e9a0ea36-247e-456c-8e42-8632faf34d05@group-209DD8D331F6:LeaderElection14] INFO  server.RaftServerConfigKeys (ConfUtils.java:logGet(43)) - raft.server.rpc.sleep.time = 25ms (default)
2019-09-25 12:10:14,651 [e9a0ea36-247e-456c-8e42-8632faf34d05@group-209DD8D331F6:LeaderElection14] INFO  server.RaftServerConfigKeys (ConfUtils.java:logGet(43)) - raft.server.write.element-limit = 4096 (default)
2019-09-25 12:10:14,651 [e9a0ea36-247e-456c-8e42-8632faf34d05@group-209DD8D331F6:LeaderElection14] INFO  server.RaftServerConfigKeys (ConfUtils.java:logGet(43)) - raft.server.watch.timeout = 10s (default)
2019-09-25 12:10:14,651 [e9a0ea36-247e-456c-8e42-8632faf34d05@group-209DD8D331F6:LeaderElection14] INFO  server.RaftServerConfigKeys (ConfUtils.java:logGet(43)) - raft.server.watch.timeout.denomination = 1s (default)
2019-09-25 12:10:14,651 [e9a0ea36-247e-456c-8e42-8632faf34d05@group-209DD8D331F6:LeaderElection14] INFO  server.RaftServerConfigKeys (ConfUtils.java:logGet(43)) - raft.server.watch.element-limit = 65536 (default)
2019-09-25 12:10:14,654 [e9a0ea36-247e-456c-8e42-8632faf34d05@group-209DD8D331F6:LeaderElection14] INFO  impl.RoleInfo (RoleInfo.java:updateAndGet(143)) - e9a0ea36-247e-456c-8e42-8632faf34d05: start LeaderState
2019-09-25 12:10:14,654 [e9a0ea36-247e-456c-8e42-8632faf34d05@group-209DD8D331F6:LeaderElection14] INFO  segmented.SegmentedRaftLogWorker (SegmentedRaftLogWorker.java:startLogSegment(380)) - e9a0ea36-247e-456c-8e42-8632faf34d05@group-209DD8D331F6-SegmentedRaftLogWorker: Starting segment from index:0
2019-09-25 12:10:14,655 [e9a0ea36-247e-456c-8e42-8632faf34d05@group-209DD8D331F6:LeaderElection14] INFO  impl.RaftServerImpl (ServerState.java:setRaftConf(354)) - e9a0ea36-247e-456c-8e42-8632faf34d05@group-209DD8D331F6: set configuration 0: [e9a0ea36-247e-456c-8e42-8632faf34d05:192.168.151.73:42435], old=null at 0
2019-09-25 12:10:14,697 [Thread-282] INFO  impl.FollowerState (FollowerState.java:run(106)) - e9a0ea36-247e-456c-8e42-8632faf34d05:group-8BA12E4E6A93 changes to CANDIDATE, lastRpcTime:5172, electionTimeout:5145ms
2019-09-25 12:10:14,698 [Thread-282] INFO  impl.RoleInfo (RoleInfo.java:shutdownFollowerState(121)) - e9a0ea36-247e-456c-8e42-8632faf34d05: shutdown FollowerState
2019-09-25 12:10:14,698 [Thread-282] INFO  impl.RaftServerImpl (RaftServerImpl.java:setRole(174)) - e9a0ea36-247e-456c-8e42-8632faf34d05@group-8BA12E4E6A93: changes role from  FOLLOWER to CANDIDATE at term 0 for changeToCandidate
2019-09-25 12:10:14,698 [Thread-282] INFO  impl.RoleInfo (RoleInfo.java:updateAndGet(143)) - e9a0ea36-247e-456c-8e42-8632faf34d05: start LeaderElection
2019-09-25 12:10:14,710 [e9a0ea36-247e-456c-8e42-8632faf34d05@group-209DD8D331F6-SegmentedRaftLogWorker] INFO  segmented.SegmentedRaftLogWorker (SegmentedRaftLogWorker.java:execute(569)) - e9a0ea36-247e-456c-8e42-8632faf34d05@group-209DD8D331F6-SegmentedRaftLogWorker: created new log segment /workdir/hadoop-ozone/integration-test/target/test-dir/MiniOzoneClusterImpl-b6380e3c-fb04-4178-98e9-eb7b36240636/datanode-3/data/ratis/061763a4-d2df-4de3-8e4c-209dd8d331f6/current/log_inprogress_0
2019-09-25 12:10:14,710 [e9a0ea36-247e-456c-8e42-8632faf34d05@group-8BA12E4E6A93:LeaderElection15] INFO  impl.LeaderElection (LeaderElection.java:askForVotes(182)) - e9a0ea36-247e-456c-8e42-8632faf34d05@group-8BA12E4E6A93:LeaderElection15: begin an election at term 1 for -1: [e9a0ea36-247e-456c-8e42-8632faf34d05:192.168.151.73:42435], old=null
2019-09-25 12:10:14,711 [e9a0ea36-247e-456c-8e42-8632faf34d05@group-8BA12E4E6A93:LeaderElection15] INFO  impl.RoleInfo (RoleInfo.java:shutdownLeaderElection(134)) - e9a0ea36-247e-456c-8e42-8632faf34d05: shutdown LeaderElection
2019-09-25 12:10:14,711 [e9a0ea36-247e-456c-8e42-8632faf34d05@group-8BA12E4E6A93:LeaderElection15] INFO  impl.RaftServerImpl (RaftServerImpl.java:setRole(174)) - e9a0ea36-247e-456c-8e42-8632faf34d05@group-8BA12E4E6A93: changes role from CANDIDATE to LEADER at term 1 for changeToLeader
2019-09-25 12:10:14,711 [e9a0ea36-247e-456c-8e42-8632faf34d05@group-8BA12E4E6A93:LeaderElection15] INFO  impl.RaftServerImpl (ServerState.java:setLeader(253)) - e9a0ea36-247e-456c-8e42-8632faf34d05@group-8BA12E4E6A93: change Leader from null to e9a0ea36-247e-456c-8e42-8632faf34d05 at term 1 for becomeLeader, leader elected after 5192ms
2019-09-25 12:10:14,711 [e9a0ea36-247e-456c-8e42-8632faf34d05@group-8BA12E4E6A93:LeaderElection15] INFO  server.RaftServerConfigKeys (ConfUtils.java:logGet(43)) - raft.server.staging.catchup.gap = 1000 (default)
2019-09-25 12:10:14,712 [e9a0ea36-247e-456c-8e42-8632faf34d05@group-8BA12E4E6A93:LeaderElection15] INFO  server.RaftServerConfigKeys (ConfUtils.java:logGet(43)) - raft.server.rpc.sleep.time = 25ms (default)
2019-09-25 12:10:14,712 [e9a0ea36-247e-456c-8e42-8632faf34d05@group-8BA12E4E6A93:LeaderElection15] INFO  server.RaftServerConfigKeys (ConfUtils.java:logGet(43)) - raft.server.write.element-limit = 4096 (default)
2019-09-25 12:10:14,712 [e9a0ea36-247e-456c-8e42-8632faf34d05@group-8BA12E4E6A93:LeaderElection15] INFO  server.RaftServerConfigKeys (ConfUtils.java:logGet(43)) - raft.server.watch.timeout = 10s (default)
2019-09-25 12:10:14,712 [e9a0ea36-247e-456c-8e42-8632faf34d05@group-8BA12E4E6A93:LeaderElection15] INFO  server.RaftServerConfigKeys (ConfUtils.java:logGet(43)) - raft.server.watch.timeout.denomination = 1s (default)
2019-09-25 12:10:14,712 [e9a0ea36-247e-456c-8e42-8632faf34d05@group-8BA12E4E6A93:LeaderElection15] INFO  server.RaftServerConfigKeys (ConfUtils.java:logGet(43)) - raft.server.watch.element-limit = 65536 (default)
2019-09-25 12:10:14,715 [e9a0ea36-247e-456c-8e42-8632faf34d05@group-8BA12E4E6A93:LeaderElection15] INFO  impl.RoleInfo (RoleInfo.java:updateAndGet(143)) - e9a0ea36-247e-456c-8e42-8632faf34d05: start LeaderState
2019-09-25 12:10:14,716 [e9a0ea36-247e-456c-8e42-8632faf34d05@group-8BA12E4E6A93:LeaderElection15] INFO  segmented.SegmentedRaftLogWorker (SegmentedRaftLogWorker.java:startLogSegment(380)) - e9a0ea36-247e-456c-8e42-8632faf34d05@group-8BA12E4E6A93-SegmentedRaftLogWorker: Starting segment from index:0
2019-09-25 12:10:14,716 [e9a0ea36-247e-456c-8e42-8632faf34d05@group-8BA12E4E6A93:LeaderElection15] INFO  impl.RaftServerImpl (ServerState.java:setRaftConf(354)) - e9a0ea36-247e-456c-8e42-8632faf34d05@group-8BA12E4E6A93: set configuration 0: [e9a0ea36-247e-456c-8e42-8632faf34d05:192.168.151.73:42435], old=null at 0
2019-09-25 12:10:14,779 [e9a0ea36-247e-456c-8e42-8632faf34d05@group-8BA12E4E6A93-SegmentedRaftLogWorker] INFO  segmented.SegmentedRaftLogWorker (SegmentedRaftLogWorker.java:execute(569)) - e9a0ea36-247e-456c-8e42-8632faf34d05@group-8BA12E4E6A93-SegmentedRaftLogWorker: created new log segment /workdir/hadoop-ozone/integration-test/target/test-dir/MiniOzoneClusterImpl-b6380e3c-fb04-4178-98e9-eb7b36240636/datanode-3/data/ratis/30ad9516-b072-45e6-a1d4-8ba12e4e6a93/current/log_inprogress_0
2019-09-25 12:10:15,119 [Thread-288] INFO  impl.FollowerState (FollowerState.java:run(106)) - 98c6e6f4-875d-42de-b8a9-30ed89dcc8e7:group-8E268120B594 changes to CANDIDATE, lastRpcTime:5112, electionTimeout:5112ms
2019-09-25 12:10:15,120 [Thread-288] INFO  impl.RoleInfo (RoleInfo.java:shutdownFollowerState(121)) - 98c6e6f4-875d-42de-b8a9-30ed89dcc8e7: shutdown FollowerState
2019-09-25 12:10:15,120 [Thread-288] INFO  impl.RaftServerImpl (RaftServerImpl.java:setRole(174)) - 98c6e6f4-875d-42de-b8a9-30ed89dcc8e7@group-8E268120B594: changes role from  FOLLOWER to CANDIDATE at term 0 for changeToCandidate
2019-09-25 12:10:15,120 [Thread-288] INFO  impl.RoleInfo (RoleInfo.java:updateAndGet(143)) - 98c6e6f4-875d-42de-b8a9-30ed89dcc8e7: start LeaderElection
2019-09-25 12:10:15,142 [98c6e6f4-875d-42de-b8a9-30ed89dcc8e7@group-8E268120B594:LeaderElection16] INFO  impl.LeaderElection (LeaderElection.java:askForVotes(182)) - 98c6e6f4-875d-42de-b8a9-30ed89dcc8e7@group-8E268120B594:LeaderElection16: begin an election at term 1 for -1: [98c6e6f4-875d-42de-b8a9-30ed89dcc8e7:192.168.151.73:46765], old=null
2019-09-25 12:10:15,142 [98c6e6f4-875d-42de-b8a9-30ed89dcc8e7@group-8E268120B594:LeaderElection16] INFO  impl.RoleInfo (RoleInfo.java:shutdownLeaderElection(134)) - 98c6e6f4-875d-42de-b8a9-30ed89dcc8e7: shutdown LeaderElection
2019-09-25 12:10:15,142 [98c6e6f4-875d-42de-b8a9-30ed89dcc8e7@group-8E268120B594:LeaderElection16] INFO  impl.RaftServerImpl (RaftServerImpl.java:setRole(174)) - 98c6e6f4-875d-42de-b8a9-30ed89dcc8e7@group-8E268120B594: changes role from CANDIDATE to LEADER at term 1 for changeToLeader
2019-09-25 12:10:15,143 [98c6e6f4-875d-42de-b8a9-30ed89dcc8e7@group-8E268120B594:LeaderElection16] INFO  impl.RaftServerImpl (ServerState.java:setLeader(253)) - 98c6e6f4-875d-42de-b8a9-30ed89dcc8e7@group-8E268120B594: change Leader from null to 98c6e6f4-875d-42de-b8a9-30ed89dcc8e7 at term 1 for becomeLeader, leader elected after 5144ms
2019-09-25 12:10:15,143 [98c6e6f4-875d-42de-b8a9-30ed89dcc8e7@group-8E268120B594:LeaderElection16] INFO  server.RaftServerConfigKeys (ConfUtils.java:logGet(43)) - raft.server.staging.catchup.gap = 1000 (default)
2019-09-25 12:10:15,143 [98c6e6f4-875d-42de-b8a9-30ed89dcc8e7@group-8E268120B594:LeaderElection16] INFO  server.RaftServerConfigKeys (ConfUtils.java:logGet(43)) - raft.server.rpc.sleep.time = 25ms (default)
2019-09-25 12:10:15,143 [98c6e6f4-875d-42de-b8a9-30ed89dcc8e7@group-8E268120B594:LeaderElection16] INFO  server.RaftServerConfigKeys (ConfUtils.java:logGet(43)) - raft.server.write.element-limit = 4096 (default)
2019-09-25 12:10:15,143 [98c6e6f4-875d-42de-b8a9-30ed89dcc8e7@group-8E268120B594:LeaderElection16] INFO  server.RaftServerConfigKeys (ConfUtils.java:logGet(43)) - raft.server.watch.timeout = 10s (default)
2019-09-25 12:10:15,144 [98c6e6f4-875d-42de-b8a9-30ed89dcc8e7@group-8E268120B594:LeaderElection16] INFO  server.RaftServerConfigKeys (ConfUtils.java:logGet(43)) - raft.server.watch.timeout.denomination = 1s (default)
2019-09-25 12:10:15,144 [98c6e6f4-875d-42de-b8a9-30ed89dcc8e7@group-8E268120B594:LeaderElection16] INFO  server.RaftServerConfigKeys (ConfUtils.java:logGet(43)) - raft.server.watch.element-limit = 65536 (default)
2019-09-25 12:10:15,147 [98c6e6f4-875d-42de-b8a9-30ed89dcc8e7@group-8E268120B594:LeaderElection16] INFO  impl.RoleInfo (RoleInfo.java:updateAndGet(143)) - 98c6e6f4-875d-42de-b8a9-30ed89dcc8e7: start LeaderState
2019-09-25 12:10:15,148 [98c6e6f4-875d-42de-b8a9-30ed89dcc8e7@group-8E268120B594:LeaderElection16] INFO  segmented.SegmentedRaftLogWorker (SegmentedRaftLogWorker.java:startLogSegment(380)) - 98c6e6f4-875d-42de-b8a9-30ed89dcc8e7@group-8E268120B594-SegmentedRaftLogWorker: Starting segment from index:0
2019-09-25 12:10:15,148 [98c6e6f4-875d-42de-b8a9-30ed89dcc8e7@group-8E268120B594:LeaderElection16] INFO  impl.RaftServerImpl (ServerState.java:setRaftConf(354)) - 98c6e6f4-875d-42de-b8a9-30ed89dcc8e7@group-8E268120B594: set configuration 0: [98c6e6f4-875d-42de-b8a9-30ed89dcc8e7:192.168.151.73:46765], old=null at 0
2019-09-25 12:10:15,189 [Thread-291] INFO  impl.FollowerState (FollowerState.java:run(106)) - c7bed0cc-269f-4b54-bb5a-2be104ddf1a5:group-DBA68B6A9C53 changes to CANDIDATE, lastRpcTime:5115, electionTimeout:5088ms
2019-09-25 12:10:15,189 [Thread-291] INFO  impl.RoleInfo (RoleInfo.java:shutdownFollowerState(121)) - c7bed0cc-269f-4b54-bb5a-2be104ddf1a5: shutdown FollowerState
2019-09-25 12:10:15,190 [Thread-291] INFO  impl.RaftServerImpl (RaftServerImpl.java:setRole(174)) - c7bed0cc-269f-4b54-bb5a-2be104ddf1a5@group-DBA68B6A9C53: changes role from  FOLLOWER to CANDIDATE at term 0 for changeToCandidate
2019-09-25 12:10:15,190 [Thread-291] INFO  impl.RoleInfo (RoleInfo.java:updateAndGet(143)) - c7bed0cc-269f-4b54-bb5a-2be104ddf1a5: start LeaderElection
2019-09-25 12:10:15,193 [Thread-294] INFO  impl.FollowerState (FollowerState.java:run(106)) - 60ced751-3023-4654-af5b-403edbc93820:group-26F20510F1A4 changes to CANDIDATE, lastRpcTime:5069, electionTimeout:5067ms
2019-09-25 12:10:15,198 [Thread-294] INFO  impl.RoleInfo (RoleInfo.java:shutdownFollowerState(121)) - 60ced751-3023-4654-af5b-403edbc93820: shutdown FollowerState
2019-09-25 12:10:15,198 [Thread-294] INFO  impl.RaftServerImpl (RaftServerImpl.java:setRole(174)) - 60ced751-3023-4654-af5b-403edbc93820@group-26F20510F1A4: changes role from  FOLLOWER to CANDIDATE at term 0 for changeToCandidate
2019-09-25 12:10:15,198 [Thread-294] INFO  impl.RoleInfo (RoleInfo.java:updateAndGet(143)) - 60ced751-3023-4654-af5b-403edbc93820: start LeaderElection
2019-09-25 12:10:15,213 [98c6e6f4-875d-42de-b8a9-30ed89dcc8e7@group-8E268120B594-SegmentedRaftLogWorker] INFO  segmented.SegmentedRaftLogWorker (SegmentedRaftLogWorker.java:execute(569)) - 98c6e6f4-875d-42de-b8a9-30ed89dcc8e7@group-8E268120B594-SegmentedRaftLogWorker: created new log segment /workdir/hadoop-ozone/integration-test/target/test-dir/MiniOzoneClusterImpl-b6380e3c-fb04-4178-98e9-eb7b36240636/datanode-1/data/ratis/eb47910b-2782-4754-b7f3-8e268120b594/current/log_inprogress_0
2019-09-25 12:10:15,213 [c7bed0cc-269f-4b54-bb5a-2be104ddf1a5@group-DBA68B6A9C53:LeaderElection17] INFO  impl.LeaderElection (LeaderElection.java:askForVotes(182)) - c7bed0cc-269f-4b54-bb5a-2be104ddf1a5@group-DBA68B6A9C53:LeaderElection17: begin an election at term 1 for -1: [c7bed0cc-269f-4b54-bb5a-2be104ddf1a5:192.168.151.73:42323], old=null
2019-09-25 12:10:15,213 [c7bed0cc-269f-4b54-bb5a-2be104ddf1a5@group-DBA68B6A9C53:LeaderElection17] INFO  impl.RoleInfo (RoleInfo.java:shutdownLeaderElection(134)) - c7bed0cc-269f-4b54-bb5a-2be104ddf1a5: shutdown LeaderElection
2019-09-25 12:10:15,213 [c7bed0cc-269f-4b54-bb5a-2be104ddf1a5@group-DBA68B6A9C53:LeaderElection17] INFO  impl.RaftServerImpl (RaftServerImpl.java:setRole(174)) - c7bed0cc-269f-4b54-bb5a-2be104ddf1a5@group-DBA68B6A9C53: changes role from CANDIDATE to LEADER at term 1 for changeToLeader
2019-09-25 12:10:15,213 [c7bed0cc-269f-4b54-bb5a-2be104ddf1a5@group-DBA68B6A9C53:LeaderElection17] INFO  impl.RaftServerImpl (ServerState.java:setLeader(253)) - c7bed0cc-269f-4b54-bb5a-2be104ddf1a5@group-DBA68B6A9C53: change Leader from null to c7bed0cc-269f-4b54-bb5a-2be104ddf1a5 at term 1 for becomeLeader, leader elected after 5146ms
2019-09-25 12:10:15,213 [c7bed0cc-269f-4b54-bb5a-2be104ddf1a5@group-DBA68B6A9C53:LeaderElection17] INFO  server.RaftServerConfigKeys (ConfUtils.java:logGet(43)) - raft.server.staging.catchup.gap = 1000 (default)
2019-09-25 12:10:15,214 [c7bed0cc-269f-4b54-bb5a-2be104ddf1a5@group-DBA68B6A9C53:LeaderElection17] INFO  server.RaftServerConfigKeys (ConfUtils.java:logGet(43)) - raft.server.rpc.sleep.time = 25ms (default)
2019-09-25 12:10:15,214 [c7bed0cc-269f-4b54-bb5a-2be104ddf1a5@group-DBA68B6A9C53:LeaderElection17] INFO  server.RaftServerConfigKeys (ConfUtils.java:logGet(43)) - raft.server.write.element-limit = 4096 (default)
2019-09-25 12:10:15,214 [c7bed0cc-269f-4b54-bb5a-2be104ddf1a5@group-DBA68B6A9C53:LeaderElection17] INFO  server.RaftServerConfigKeys (ConfUtils.java:logGet(43)) - raft.server.watch.timeout = 10s (default)
2019-09-25 12:10:15,214 [c7bed0cc-269f-4b54-bb5a-2be104ddf1a5@group-DBA68B6A9C53:LeaderElection17] INFO  server.RaftServerConfigKeys (ConfUtils.java:logGet(43)) - raft.server.watch.timeout.denomination = 1s (default)
2019-09-25 12:10:15,214 [c7bed0cc-269f-4b54-bb5a-2be104ddf1a5@group-DBA68B6A9C53:LeaderElection17] INFO  server.RaftServerConfigKeys (ConfUtils.java:logGet(43)) - raft.server.watch.element-limit = 65536 (default)
2019-09-25 12:10:15,218 [c7bed0cc-269f-4b54-bb5a-2be104ddf1a5@group-DBA68B6A9C53:LeaderElection17] INFO  impl.RoleInfo (RoleInfo.java:updateAndGet(143)) - c7bed0cc-269f-4b54-bb5a-2be104ddf1a5: start LeaderState
2019-09-25 12:10:15,218 [c7bed0cc-269f-4b54-bb5a-2be104ddf1a5@group-DBA68B6A9C53:LeaderElection17] INFO  segmented.SegmentedRaftLogWorker (SegmentedRaftLogWorker.java:startLogSegment(380)) - c7bed0cc-269f-4b54-bb5a-2be104ddf1a5@group-DBA68B6A9C53-SegmentedRaftLogWorker: Starting segment from index:0
2019-09-25 12:10:15,218 [c7bed0cc-269f-4b54-bb5a-2be104ddf1a5@group-DBA68B6A9C53:LeaderElection17] INFO  impl.RaftServerImpl (ServerState.java:setRaftConf(354)) - c7bed0cc-269f-4b54-bb5a-2be104ddf1a5@group-DBA68B6A9C53: set configuration 0: [c7bed0cc-269f-4b54-bb5a-2be104ddf1a5:192.168.151.73:42323], old=null at 0
2019-09-25 12:10:15,258 [60ced751-3023-4654-af5b-403edbc93820@group-26F20510F1A4:LeaderElection18] INFO  impl.LeaderElection (LeaderElection.java:askForVotes(182)) - 60ced751-3023-4654-af5b-403edbc93820@group-26F20510F1A4:LeaderElection18: begin an election at term 1 for -1: [60ced751-3023-4654-af5b-403edbc93820:192.168.151.73:39742], old=null
2019-09-25 12:10:15,258 [60ced751-3023-4654-af5b-403edbc93820@group-26F20510F1A4:LeaderElection18] INFO  impl.RoleInfo (RoleInfo.java:shutdownLeaderElection(134)) - 60ced751-3023-4654-af5b-403edbc93820: shutdown LeaderElection
2019-09-25 12:10:15,259 [60ced751-3023-4654-af5b-403edbc93820@group-26F20510F1A4:LeaderElection18] INFO  impl.RaftServerImpl (RaftServerImpl.java:setRole(174)) - 60ced751-3023-4654-af5b-403edbc93820@group-26F20510F1A4: changes role from CANDIDATE to LEADER at term 1 for changeToLeader
2019-09-25 12:10:15,259 [60ced751-3023-4654-af5b-403edbc93820@group-26F20510F1A4:LeaderElection18] INFO  impl.RaftServerImpl (ServerState.java:setLeader(253)) - 60ced751-3023-4654-af5b-403edbc93820@group-26F20510F1A4: change Leader from null to 60ced751-3023-4654-af5b-403edbc93820 at term 1 for becomeLeader, leader elected after 5139ms
2019-09-25 12:10:15,259 [60ced751-3023-4654-af5b-403edbc93820@group-26F20510F1A4:LeaderElection18] INFO  server.RaftServerConfigKeys (ConfUtils.java:logGet(43)) - raft.server.staging.catchup.gap = 1000 (default)
2019-09-25 12:10:15,259 [60ced751-3023-4654-af5b-403edbc93820@group-26F20510F1A4:LeaderElection18] INFO  server.RaftServerConfigKeys (ConfUtils.java:logGet(43)) - raft.server.rpc.sleep.time = 25ms (default)
2019-09-25 12:10:15,260 [60ced751-3023-4654-af5b-403edbc93820@group-26F20510F1A4:LeaderElection18] INFO  server.RaftServerConfigKeys (ConfUtils.java:logGet(43)) - raft.server.write.element-limit = 4096 (default)
2019-09-25 12:10:15,260 [60ced751-3023-4654-af5b-403edbc93820@group-26F20510F1A4:LeaderElection18] INFO  server.RaftServerConfigKeys (ConfUtils.java:logGet(43)) - raft.server.watch.timeout = 10s (default)
2019-09-25 12:10:15,260 [60ced751-3023-4654-af5b-403edbc93820@group-26F20510F1A4:LeaderElection18] INFO  server.RaftServerConfigKeys (ConfUtils.java:logGet(43)) - raft.server.watch.timeout.denomination = 1s (default)
2019-09-25 12:10:15,260 [60ced751-3023-4654-af5b-403edbc93820@group-26F20510F1A4:LeaderElection18] INFO  server.RaftServerConfigKeys (ConfUtils.java:logGet(43)) - raft.server.watch.element-limit = 65536 (default)
2019-09-25 12:10:15,264 [60ced751-3023-4654-af5b-403edbc93820@group-26F20510F1A4:LeaderElection18] INFO  impl.RoleInfo (RoleInfo.java:updateAndGet(143)) - 60ced751-3023-4654-af5b-403edbc93820: start LeaderState
2019-09-25 12:10:15,265 [60ced751-3023-4654-af5b-403edbc93820@group-26F20510F1A4:LeaderElection18] INFO  segmented.SegmentedRaftLogWorker (SegmentedRaftLogWorker.java:startLogSegment(380)) - 60ced751-3023-4654-af5b-403edbc93820@group-26F20510F1A4-SegmentedRaftLogWorker: Starting segment from index:0
2019-09-25 12:10:15,265 [60ced751-3023-4654-af5b-403edbc93820@group-26F20510F1A4:LeaderElection18] INFO  impl.RaftServerImpl (ServerState.java:setRaftConf(354)) - 60ced751-3023-4654-af5b-403edbc93820@group-26F20510F1A4: set configuration 0: [60ced751-3023-4654-af5b-403edbc93820:192.168.151.73:39742], old=null at 0
2019-09-25 12:10:15,307 [c7bed0cc-269f-4b54-bb5a-2be104ddf1a5@group-DBA68B6A9C53-SegmentedRaftLogWorker] INFO  segmented.SegmentedRaftLogWorker (SegmentedRaftLogWorker.java:execute(569)) - c7bed0cc-269f-4b54-bb5a-2be104ddf1a5@group-DBA68B6A9C53-SegmentedRaftLogWorker: created new log segment /workdir/hadoop-ozone/integration-test/target/test-dir/MiniOzoneClusterImpl-b6380e3c-fb04-4178-98e9-eb7b36240636/datanode-5/data/ratis/1b423e9b-bdec-440d-806f-dba68b6a9c53/current/log_inprogress_0
2019-09-25 12:10:15,307 [Thread-297] INFO  impl.FollowerState (FollowerState.java:run(106)) - efb2beac-26e0-4b3b-9934-2458c1147cfd:group-D4AFCA958158 changes to CANDIDATE, lastRpcTime:5128, electionTimeout:5088ms
2019-09-25 12:10:15,307 [Thread-297] INFO  impl.RoleInfo (RoleInfo.java:shutdownFollowerState(121)) - efb2beac-26e0-4b3b-9934-2458c1147cfd: shutdown FollowerState
2019-09-25 12:10:15,308 [Thread-297] INFO  impl.RaftServerImpl (RaftServerImpl.java:setRole(174)) - efb2beac-26e0-4b3b-9934-2458c1147cfd@group-D4AFCA958158: changes role from  FOLLOWER to CANDIDATE at term 0 for changeToCandidate
2019-09-25 12:10:15,308 [Thread-297] INFO  impl.RoleInfo (RoleInfo.java:updateAndGet(143)) - efb2beac-26e0-4b3b-9934-2458c1147cfd: start LeaderElection
2019-09-25 12:10:15,320 [60ced751-3023-4654-af5b-403edbc93820@group-26F20510F1A4-SegmentedRaftLogWorker] INFO  segmented.SegmentedRaftLogWorker (SegmentedRaftLogWorker.java:execute(569)) - 60ced751-3023-4654-af5b-403edbc93820@group-26F20510F1A4-SegmentedRaftLogWorker: created new log segment /workdir/hadoop-ozone/integration-test/target/test-dir/MiniOzoneClusterImpl-b6380e3c-fb04-4178-98e9-eb7b36240636/datanode-2/data/ratis/a58653c7-2bf4-4e5c-9169-26f20510f1a4/current/log_inprogress_0
2019-09-25 12:10:15,320 [efb2beac-26e0-4b3b-9934-2458c1147cfd@group-D4AFCA958158:LeaderElection19] INFO  impl.LeaderElection (LeaderElection.java:askForVotes(182)) - efb2beac-26e0-4b3b-9934-2458c1147cfd@group-D4AFCA958158:LeaderElection19: begin an election at term 1 for -1: [efb2beac-26e0-4b3b-9934-2458c1147cfd:192.168.151.73:43064], old=null
2019-09-25 12:10:15,320 [efb2beac-26e0-4b3b-9934-2458c1147cfd@group-D4AFCA958158:LeaderElection19] INFO  impl.RoleInfo (RoleInfo.java:shutdownLeaderElection(134)) - efb2beac-26e0-4b3b-9934-2458c1147cfd: shutdown LeaderElection
2019-09-25 12:10:15,320 [efb2beac-26e0-4b3b-9934-2458c1147cfd@group-D4AFCA958158:LeaderElection19] INFO  impl.RaftServerImpl (RaftServerImpl.java:setRole(174)) - efb2beac-26e0-4b3b-9934-2458c1147cfd@group-D4AFCA958158: changes role from CANDIDATE to LEADER at term 1 for changeToLeader
2019-09-25 12:10:15,320 [efb2beac-26e0-4b3b-9934-2458c1147cfd@group-D4AFCA958158:LeaderElection19] INFO  impl.RaftServerImpl (ServerState.java:setLeader(253)) - efb2beac-26e0-4b3b-9934-2458c1147cfd@group-D4AFCA958158: change Leader from null to efb2beac-26e0-4b3b-9934-2458c1147cfd at term 1 for becomeLeader, leader elected after 5148ms
2019-09-25 12:10:15,321 [efb2beac-26e0-4b3b-9934-2458c1147cfd@group-D4AFCA958158:LeaderElection19] INFO  server.RaftServerConfigKeys (ConfUtils.java:logGet(43)) - raft.server.staging.catchup.gap = 1000 (default)
2019-09-25 12:10:15,321 [efb2beac-26e0-4b3b-9934-2458c1147cfd@group-D4AFCA958158:LeaderElection19] INFO  server.RaftServerConfigKeys (ConfUtils.java:logGet(43)) - raft.server.rpc.sleep.time = 25ms (default)
2019-09-25 12:10:15,321 [efb2beac-26e0-4b3b-9934-2458c1147cfd@group-D4AFCA958158:LeaderElection19] INFO  server.RaftServerConfigKeys (ConfUtils.java:logGet(43)) - raft.server.write.element-limit = 4096 (default)
2019-09-25 12:10:15,321 [efb2beac-26e0-4b3b-9934-2458c1147cfd@group-D4AFCA958158:LeaderElection19] INFO  server.RaftServerConfigKeys (ConfUtils.java:logGet(43)) - raft.server.watch.timeout = 10s (default)
2019-09-25 12:10:15,321 [efb2beac-26e0-4b3b-9934-2458c1147cfd@group-D4AFCA958158:LeaderElection19] INFO  server.RaftServerConfigKeys (ConfUtils.java:logGet(43)) - raft.server.watch.timeout.denomination = 1s (default)
2019-09-25 12:10:15,322 [efb2beac-26e0-4b3b-9934-2458c1147cfd@group-D4AFCA958158:LeaderElection19] INFO  server.RaftServerConfigKeys (ConfUtils.java:logGet(43)) - raft.server.watch.element-limit = 65536 (default)
2019-09-25 12:10:15,325 [efb2beac-26e0-4b3b-9934-2458c1147cfd@group-D4AFCA958158:LeaderElection19] INFO  impl.RoleInfo (RoleInfo.java:updateAndGet(143)) - efb2beac-26e0-4b3b-9934-2458c1147cfd: start LeaderState
2019-09-25 12:10:15,325 [efb2beac-26e0-4b3b-9934-2458c1147cfd@group-D4AFCA958158:LeaderElection19] INFO  segmented.SegmentedRaftLogWorker (SegmentedRaftLogWorker.java:startLogSegment(380)) - efb2beac-26e0-4b3b-9934-2458c1147cfd@group-D4AFCA958158-SegmentedRaftLogWorker: Starting segment from index:0
2019-09-25 12:10:15,326 [efb2beac-26e0-4b3b-9934-2458c1147cfd@group-D4AFCA958158:LeaderElection19] INFO  impl.RaftServerImpl (ServerState.java:setRaftConf(354)) - efb2beac-26e0-4b3b-9934-2458c1147cfd@group-D4AFCA958158: set configuration 0: [efb2beac-26e0-4b3b-9934-2458c1147cfd:192.168.151.73:43064], old=null at 0
2019-09-25 12:10:15,392 [efb2beac-26e0-4b3b-9934-2458c1147cfd@group-D4AFCA958158-SegmentedRaftLogWorker] INFO  segmented.SegmentedRaftLogWorker (SegmentedRaftLogWorker.java:execute(569)) - efb2beac-26e0-4b3b-9934-2458c1147cfd@group-D4AFCA958158-SegmentedRaftLogWorker: created new log segment /workdir/hadoop-ozone/integration-test/target/test-dir/MiniOzoneClusterImpl-b6380e3c-fb04-4178-98e9-eb7b36240636/datanode-4/data/ratis/762a8f08-b3b8-4426-b595-d4afca958158/current/log_inprogress_0
2019-09-25 12:10:15,393 [Thread-300] INFO  impl.FollowerState (FollowerState.java:run(106)) - 98c6e6f4-875d-42de-b8a9-30ed89dcc8e7:group-C9F49FB191FC changes to CANDIDATE, lastRpcTime:5135, electionTimeout:5128ms
2019-09-25 12:10:15,393 [Thread-300] INFO  impl.RoleInfo (RoleInfo.java:shutdownFollowerState(121)) - 98c6e6f4-875d-42de-b8a9-30ed89dcc8e7: shutdown FollowerState
2019-09-25 12:10:15,394 [Thread-300] INFO  impl.RaftServerImpl (RaftServerImpl.java:setRole(174)) - 98c6e6f4-875d-42de-b8a9-30ed89dcc8e7@group-C9F49FB191FC: changes role from  FOLLOWER to CANDIDATE at term 0 for changeToCandidate
2019-09-25 12:10:15,394 [Thread-300] INFO  impl.RoleInfo (RoleInfo.java:updateAndGet(143)) - 98c6e6f4-875d-42de-b8a9-30ed89dcc8e7: start LeaderElection
2019-09-25 12:10:15,429 [98c6e6f4-875d-42de-b8a9-30ed89dcc8e7@group-C9F49FB191FC:LeaderElection20] INFO  impl.LeaderElection (LeaderElection.java:askForVotes(182)) - 98c6e6f4-875d-42de-b8a9-30ed89dcc8e7@group-C9F49FB191FC:LeaderElection20: begin an election at term 1 for -1: [98c6e6f4-875d-42de-b8a9-30ed89dcc8e7:192.168.151.73:46765], old=null
2019-09-25 12:10:15,430 [98c6e6f4-875d-42de-b8a9-30ed89dcc8e7@group-C9F49FB191FC:LeaderElection20] INFO  impl.RoleInfo (RoleInfo.java:shutdownLeaderElection(134)) - 98c6e6f4-875d-42de-b8a9-30ed89dcc8e7: shutdown LeaderElection
2019-09-25 12:10:15,430 [98c6e6f4-875d-42de-b8a9-30ed89dcc8e7@group-C9F49FB191FC:LeaderElection20] INFO  impl.RaftServerImpl (RaftServerImpl.java:setRole(174)) - 98c6e6f4-875d-42de-b8a9-30ed89dcc8e7@group-C9F49FB191FC: changes role from CANDIDATE to LEADER at term 1 for changeToLeader
2019-09-25 12:10:15,430 [98c6e6f4-875d-42de-b8a9-30ed89dcc8e7@group-C9F49FB191FC:LeaderElection20] INFO  impl.RaftServerImpl (ServerState.java:setLeader(253)) - 98c6e6f4-875d-42de-b8a9-30ed89dcc8e7@group-C9F49FB191FC: change Leader from null to 98c6e6f4-875d-42de-b8a9-30ed89dcc8e7 at term 1 for becomeLeader, leader elected after 5177ms
2019-09-25 12:10:15,430 [98c6e6f4-875d-42de-b8a9-30ed89dcc8e7@group-C9F49FB191FC:LeaderElection20] INFO  server.RaftServerConfigKeys (ConfUtils.java:logGet(43)) - raft.server.staging.catchup.gap = 1000 (default)
2019-09-25 12:10:15,430 [98c6e6f4-875d-42de-b8a9-30ed89dcc8e7@group-C9F49FB191FC:LeaderElection20] INFO  server.RaftServerConfigKeys (ConfUtils.java:logGet(43)) - raft.server.rpc.sleep.time = 25ms (default)
2019-09-25 12:10:15,431 [98c6e6f4-875d-42de-b8a9-30ed89dcc8e7@group-C9F49FB191FC:LeaderElection20] INFO  server.RaftServerConfigKeys (ConfUtils.java:logGet(43)) - raft.server.write.element-limit = 4096 (default)
2019-09-25 12:10:15,431 [98c6e6f4-875d-42de-b8a9-30ed89dcc8e7@group-C9F49FB191FC:LeaderElection20] INFO  server.RaftServerConfigKeys (ConfUtils.java:logGet(43)) - raft.server.watch.timeout = 10s (default)
2019-09-25 12:10:15,431 [98c6e6f4-875d-42de-b8a9-30ed89dcc8e7@group-C9F49FB191FC:LeaderElection20] INFO  server.RaftServerConfigKeys (ConfUtils.java:logGet(43)) - raft.server.watch.timeout.denomination = 1s (default)
2019-09-25 12:10:15,431 [98c6e6f4-875d-42de-b8a9-30ed89dcc8e7@group-C9F49FB191FC:LeaderElection20] INFO  server.RaftServerConfigKeys (ConfUtils.java:logGet(43)) - raft.server.watch.element-limit = 65536 (default)
2019-09-25 12:10:15,435 [98c6e6f4-875d-42de-b8a9-30ed89dcc8e7@group-C9F49FB191FC:LeaderElection20] INFO  impl.RoleInfo (RoleInfo.java:updateAndGet(143)) - 98c6e6f4-875d-42de-b8a9-30ed89dcc8e7: start LeaderState
2019-09-25 12:10:15,435 [98c6e6f4-875d-42de-b8a9-30ed89dcc8e7@group-C9F49FB191FC:LeaderElection20] INFO  segmented.SegmentedRaftLogWorker (SegmentedRaftLogWorker.java:startLogSegment(380)) - 98c6e6f4-875d-42de-b8a9-30ed89dcc8e7@group-C9F49FB191FC-SegmentedRaftLogWorker: Starting segment from index:0
2019-09-25 12:10:15,436 [98c6e6f4-875d-42de-b8a9-30ed89dcc8e7@group-C9F49FB191FC:LeaderElection20] INFO  impl.RaftServerImpl (ServerState.java:setRaftConf(354)) - 98c6e6f4-875d-42de-b8a9-30ed89dcc8e7@group-C9F49FB191FC: set configuration 0: [98c6e6f4-875d-42de-b8a9-30ed89dcc8e7:192.168.151.73:46765], old=null at 0
2019-09-25 12:10:15,473 [Thread-306] INFO  impl.FollowerState (FollowerState.java:run(106)) - 98c6e6f4-875d-42de-b8a9-30ed89dcc8e7:group-65D45AF87216 changes to CANDIDATE, lastRpcTime:5094, electionTimeout:5084ms
2019-09-25 12:10:15,473 [Thread-303] INFO  impl.FollowerState (FollowerState.java:run(106)) - 60ced751-3023-4654-af5b-403edbc93820:group-762500E57DB2 changes to CANDIDATE, lastRpcTime:5143, electionTimeout:5136ms
2019-09-25 12:10:15,481 [Thread-306] INFO  impl.RoleInfo (RoleInfo.java:shutdownFollowerState(121)) - 98c6e6f4-875d-42de-b8a9-30ed89dcc8e7: shutdown FollowerState
2019-09-25 12:10:15,481 [Thread-303] INFO  impl.RoleInfo (RoleInfo.java:shutdownFollowerState(121)) - 60ced751-3023-4654-af5b-403edbc93820: shutdown FollowerState
2019-09-25 12:10:15,481 [Thread-306] INFO  impl.RaftServerImpl (RaftServerImpl.java:setRole(174)) - 98c6e6f4-875d-42de-b8a9-30ed89dcc8e7@group-65D45AF87216: changes role from  FOLLOWER to CANDIDATE at term 0 for changeToCandidate
2019-09-25 12:10:15,481 [Thread-303] INFO  impl.RaftServerImpl (RaftServerImpl.java:setRole(174)) - 60ced751-3023-4654-af5b-403edbc93820@group-762500E57DB2: changes role from  FOLLOWER to CANDIDATE at term 0 for changeToCandidate
2019-09-25 12:10:15,482 [Thread-306] INFO  impl.RoleInfo (RoleInfo.java:updateAndGet(143)) - 98c6e6f4-875d-42de-b8a9-30ed89dcc8e7: start LeaderElection
2019-09-25 12:10:15,482 [Thread-303] INFO  impl.RoleInfo (RoleInfo.java:updateAndGet(143)) - 60ced751-3023-4654-af5b-403edbc93820: start LeaderElection
2019-09-25 12:10:15,497 [98c6e6f4-875d-42de-b8a9-30ed89dcc8e7@group-C9F49FB191FC-SegmentedRaftLogWorker] INFO  segmented.SegmentedRaftLogWorker (SegmentedRaftLogWorker.java:execute(569)) - 98c6e6f4-875d-42de-b8a9-30ed89dcc8e7@group-C9F49FB191FC-SegmentedRaftLogWorker: created new log segment /workdir/hadoop-ozone/integration-test/target/test-dir/MiniOzoneClusterImpl-b6380e3c-fb04-4178-98e9-eb7b36240636/datanode-1/data/ratis/d7fcad57-aa74-4c05-95df-c9f49fb191fc/current/log_inprogress_0
2019-09-25 12:10:15,511 [60ced751-3023-4654-af5b-403edbc93820@group-762500E57DB2:LeaderElection22] INFO  impl.LeaderElection (LeaderElection.java:askForVotes(182)) - 60ced751-3023-4654-af5b-403edbc93820@group-762500E57DB2:LeaderElection22: begin an election at term 1 for -1: [60ced751-3023-4654-af5b-403edbc93820:192.168.151.73:39742], old=null
2019-09-25 12:10:15,511 [98c6e6f4-875d-42de-b8a9-30ed89dcc8e7@group-65D45AF87216:LeaderElection21] INFO  impl.LeaderElection (LeaderElection.java:askForVotes(182)) - 98c6e6f4-875d-42de-b8a9-30ed89dcc8e7@group-65D45AF87216:LeaderElection21: begin an election at term 1 for -1: [98c6e6f4-875d-42de-b8a9-30ed89dcc8e7:192.168.151.73:46765], old=null
2019-09-25 12:10:15,511 [60ced751-3023-4654-af5b-403edbc93820@group-762500E57DB2:LeaderElection22] INFO  impl.RoleInfo (RoleInfo.java:shutdownLeaderElection(134)) - 60ced751-3023-4654-af5b-403edbc93820: shutdown LeaderElection
2019-09-25 12:10:15,511 [98c6e6f4-875d-42de-b8a9-30ed89dcc8e7@group-65D45AF87216:LeaderElection21] INFO  impl.RoleInfo (RoleInfo.java:shutdownLeaderElection(134)) - 98c6e6f4-875d-42de-b8a9-30ed89dcc8e7: shutdown LeaderElection
2019-09-25 12:10:15,511 [60ced751-3023-4654-af5b-403edbc93820@group-762500E57DB2:LeaderElection22] INFO  impl.RaftServerImpl (RaftServerImpl.java:setRole(174)) - 60ced751-3023-4654-af5b-403edbc93820@group-762500E57DB2: changes role from CANDIDATE to LEADER at term 1 for changeToLeader
2019-09-25 12:10:15,512 [98c6e6f4-875d-42de-b8a9-30ed89dcc8e7@group-65D45AF87216:LeaderElection21] INFO  impl.RaftServerImpl (RaftServerImpl.java:setRole(174)) - 98c6e6f4-875d-42de-b8a9-30ed89dcc8e7@group-65D45AF87216: changes role from CANDIDATE to LEADER at term 1 for changeToLeader
2019-09-25 12:10:15,512 [60ced751-3023-4654-af5b-403edbc93820@group-762500E57DB2:LeaderElection22] INFO  impl.RaftServerImpl (ServerState.java:setLeader(253)) - 60ced751-3023-4654-af5b-403edbc93820@group-762500E57DB2: change Leader from null to 60ced751-3023-4654-af5b-403edbc93820 at term 1 for becomeLeader, leader elected after 5189ms
2019-09-25 12:10:15,512 [98c6e6f4-875d-42de-b8a9-30ed89dcc8e7@group-65D45AF87216:LeaderElection21] INFO  impl.RaftServerImpl (ServerState.java:setLeader(253)) - 98c6e6f4-875d-42de-b8a9-30ed89dcc8e7@group-65D45AF87216: change Leader from null to 98c6e6f4-875d-42de-b8a9-30ed89dcc8e7 at term 1 for becomeLeader, leader elected after 5142ms
2019-09-25 12:10:15,512 [60ced751-3023-4654-af5b-403edbc93820@group-762500E57DB2:LeaderElection22] INFO  server.RaftServerConfigKeys (ConfUtils.java:logGet(43)) - raft.server.staging.catchup.gap = 1000 (default)
2019-09-25 12:10:15,512 [98c6e6f4-875d-42de-b8a9-30ed89dcc8e7@group-65D45AF87216:LeaderElection21] INFO  server.RaftServerConfigKeys (ConfUtils.java:logGet(43)) - raft.server.staging.catchup.gap = 1000 (default)
2019-09-25 12:10:15,512 [60ced751-3023-4654-af5b-403edbc93820@group-762500E57DB2:LeaderElection22] INFO  server.RaftServerConfigKeys (ConfUtils.java:logGet(43)) - raft.server.rpc.sleep.time = 25ms (default)
2019-09-25 12:10:15,513 [98c6e6f4-875d-42de-b8a9-30ed89dcc8e7@group-65D45AF87216:LeaderElection21] INFO  server.RaftServerConfigKeys (ConfUtils.java:logGet(43)) - raft.server.rpc.sleep.time = 25ms (default)
2019-09-25 12:10:15,513 [60ced751-3023-4654-af5b-403edbc93820@group-762500E57DB2:LeaderElection22] INFO  server.RaftServerConfigKeys (ConfUtils.java:logGet(43)) - raft.server.write.element-limit = 4096 (default)
2019-09-25 12:10:15,513 [98c6e6f4-875d-42de-b8a9-30ed89dcc8e7@group-65D45AF87216:LeaderElection21] INFO  server.RaftServerConfigKeys (ConfUtils.java:logGet(43)) - raft.server.write.element-limit = 4096 (default)
2019-09-25 12:10:15,513 [60ced751-3023-4654-af5b-403edbc93820@group-762500E57DB2:LeaderElection22] INFO  server.RaftServerConfigKeys (ConfUtils.java:logGet(43)) - raft.server.watch.timeout = 10s (default)
2019-09-25 12:10:15,513 [98c6e6f4-875d-42de-b8a9-30ed89dcc8e7@group-65D45AF87216:LeaderElection21] INFO  server.RaftServerConfigKeys (ConfUtils.java:logGet(43)) - raft.server.watch.timeout = 10s (default)
2019-09-25 12:10:15,514 [60ced751-3023-4654-af5b-403edbc93820@group-762500E57DB2:LeaderElection22] INFO  server.RaftServerConfigKeys (ConfUtils.java:logGet(43)) - raft.server.watch.timeout.denomination = 1s (default)
2019-09-25 12:10:15,514 [98c6e6f4-875d-42de-b8a9-30ed89dcc8e7@group-65D45AF87216:LeaderElection21] INFO  server.RaftServerConfigKeys (ConfUtils.java:logGet(43)) - raft.server.watch.timeout.denomination = 1s (default)
2019-09-25 12:10:15,514 [60ced751-3023-4654-af5b-403edbc93820@group-762500E57DB2:LeaderElection22] INFO  server.RaftServerConfigKeys (ConfUtils.java:logGet(43)) - raft.server.watch.element-limit = 65536 (default)
2019-09-25 12:10:15,514 [98c6e6f4-875d-42de-b8a9-30ed89dcc8e7@group-65D45AF87216:LeaderElection21] INFO  server.RaftServerConfigKeys (ConfUtils.java:logGet(43)) - raft.server.watch.element-limit = 65536 (default)
2019-09-25 12:10:15,519 [60ced751-3023-4654-af5b-403edbc93820@group-762500E57DB2:LeaderElection22] INFO  impl.RoleInfo (RoleInfo.java:updateAndGet(143)) - 60ced751-3023-4654-af5b-403edbc93820: start LeaderState
2019-09-25 12:10:15,519 [98c6e6f4-875d-42de-b8a9-30ed89dcc8e7@group-65D45AF87216:LeaderElection21] INFO  impl.RoleInfo (RoleInfo.java:updateAndGet(143)) - 98c6e6f4-875d-42de-b8a9-30ed89dcc8e7: start LeaderState
2019-09-25 12:10:15,519 [60ced751-3023-4654-af5b-403edbc93820@group-762500E57DB2:LeaderElection22] INFO  segmented.SegmentedRaftLogWorker (SegmentedRaftLogWorker.java:startLogSegment(380)) - 60ced751-3023-4654-af5b-403edbc93820@group-762500E57DB2-SegmentedRaftLogWorker: Starting segment from index:0
2019-09-25 12:10:15,519 [98c6e6f4-875d-42de-b8a9-30ed89dcc8e7@group-65D45AF87216:LeaderElection21] INFO  segmented.SegmentedRaftLogWorker (SegmentedRaftLogWorker.java:startLogSegment(380)) - 98c6e6f4-875d-42de-b8a9-30ed89dcc8e7@group-65D45AF87216-SegmentedRaftLogWorker: Starting segment from index:0
2019-09-25 12:10:15,520 [60ced751-3023-4654-af5b-403edbc93820@group-762500E57DB2:LeaderElection22] INFO  impl.RaftServerImpl (ServerState.java:setRaftConf(354)) - 60ced751-3023-4654-af5b-403edbc93820@group-762500E57DB2: set configuration 0: [60ced751-3023-4654-af5b-403edbc93820:192.168.151.73:39742], old=null at 0
2019-09-25 12:10:15,562 [Thread-310] INFO  impl.FollowerState (FollowerState.java:run(106)) - 75407fdb-c05d-4d79-b869-4dab60013158:group-D98DA61125A0 changes to CANDIDATE, lastRpcTime:5116, electionTimeout:5110ms
2019-09-25 12:10:15,562 [Thread-310] INFO  impl.RoleInfo (RoleInfo.java:shutdownFollowerState(121)) - 75407fdb-c05d-4d79-b869-4dab60013158: shutdown FollowerState
2019-09-25 12:10:15,562 [98c6e6f4-875d-42de-b8a9-30ed89dcc8e7@group-65D45AF87216:LeaderElection21] INFO  impl.RaftServerImpl (ServerState.java:setRaftConf(354)) - 98c6e6f4-875d-42de-b8a9-30ed89dcc8e7@group-65D45AF87216: set configuration 0: [98c6e6f4-875d-42de-b8a9-30ed89dcc8e7:192.168.151.73:46765], old=null at 0
2019-09-25 12:10:15,562 [Thread-310] INFO  impl.RaftServerImpl (RaftServerImpl.java:setRole(174)) - 75407fdb-c05d-4d79-b869-4dab60013158@group-D98DA61125A0: changes role from  FOLLOWER to CANDIDATE at term 0 for changeToCandidate
2019-09-25 12:10:15,565 [Thread-310] INFO  impl.RoleInfo (RoleInfo.java:updateAndGet(143)) - 75407fdb-c05d-4d79-b869-4dab60013158: start LeaderElection
2019-09-25 12:10:15,587 [98c6e6f4-875d-42de-b8a9-30ed89dcc8e7@group-65D45AF87216-SegmentedRaftLogWorker] INFO  segmented.SegmentedRaftLogWorker (SegmentedRaftLogWorker.java:execute(569)) - 98c6e6f4-875d-42de-b8a9-30ed89dcc8e7@group-65D45AF87216-SegmentedRaftLogWorker: created new log segment /workdir/hadoop-ozone/integration-test/target/test-dir/MiniOzoneClusterImpl-b6380e3c-fb04-4178-98e9-eb7b36240636/datanode-1/data/ratis/3670979b-c936-4be3-9837-65d45af87216/current/log_inprogress_0
2019-09-25 12:10:15,587 [75407fdb-c05d-4d79-b869-4dab60013158@group-D98DA61125A0:LeaderElection23] INFO  impl.LeaderElection (LeaderElection.java:askForVotes(182)) - 75407fdb-c05d-4d79-b869-4dab60013158@group-D98DA61125A0:LeaderElection23: begin an election at term 1 for -1: [75407fdb-c05d-4d79-b869-4dab60013158:192.168.151.73:41746], old=null
2019-09-25 12:10:15,587 [60ced751-3023-4654-af5b-403edbc93820@group-762500E57DB2-SegmentedRaftLogWorker] INFO  segmented.SegmentedRaftLogWorker (SegmentedRaftLogWorker.java:execute(569)) - 60ced751-3023-4654-af5b-403edbc93820@group-762500E57DB2-SegmentedRaftLogWorker: created new log segment /workdir/hadoop-ozone/integration-test/target/test-dir/MiniOzoneClusterImpl-b6380e3c-fb04-4178-98e9-eb7b36240636/datanode-2/data/ratis/7a091f05-7301-4650-b8d4-762500e57db2/current/log_inprogress_0
2019-09-25 12:10:15,587 [75407fdb-c05d-4d79-b869-4dab60013158@group-D98DA61125A0:LeaderElection23] INFO  impl.RoleInfo (RoleInfo.java:shutdownLeaderElection(134)) - 75407fdb-c05d-4d79-b869-4dab60013158: shutdown LeaderElection
2019-09-25 12:10:15,588 [75407fdb-c05d-4d79-b869-4dab60013158@group-D98DA61125A0:LeaderElection23] INFO  impl.RaftServerImpl (RaftServerImpl.java:setRole(174)) - 75407fdb-c05d-4d79-b869-4dab60013158@group-D98DA61125A0: changes role from CANDIDATE to LEADER at term 1 for changeToLeader
2019-09-25 12:10:15,588 [75407fdb-c05d-4d79-b869-4dab60013158@group-D98DA61125A0:LeaderElection23] INFO  impl.RaftServerImpl (ServerState.java:setLeader(253)) - 75407fdb-c05d-4d79-b869-4dab60013158@group-D98DA61125A0: change Leader from null to 75407fdb-c05d-4d79-b869-4dab60013158 at term 1 for becomeLeader, leader elected after 5153ms
2019-09-25 12:10:15,588 [75407fdb-c05d-4d79-b869-4dab60013158@group-D98DA61125A0:LeaderElection23] INFO  server.RaftServerConfigKeys (ConfUtils.java:logGet(43)) - raft.server.staging.catchup.gap = 1000 (default)
2019-09-25 12:10:15,588 [75407fdb-c05d-4d79-b869-4dab60013158@group-D98DA61125A0:LeaderElection23] INFO  server.RaftServerConfigKeys (ConfUtils.java:logGet(43)) - raft.server.rpc.sleep.time = 25ms (default)
2019-09-25 12:10:15,588 [75407fdb-c05d-4d79-b869-4dab60013158@group-D98DA61125A0:LeaderElection23] INFO  server.RaftServerConfigKeys (ConfUtils.java:logGet(43)) - raft.server.write.element-limit = 4096 (default)
2019-09-25 12:10:15,589 [75407fdb-c05d-4d79-b869-4dab60013158@group-D98DA61125A0:LeaderElection23] INFO  server.RaftServerConfigKeys (ConfUtils.java:logGet(43)) - raft.server.watch.timeout = 10s (default)
2019-09-25 12:10:15,589 [75407fdb-c05d-4d79-b869-4dab60013158@group-D98DA61125A0:LeaderElection23] INFO  server.RaftServerConfigKeys (ConfUtils.java:logGet(43)) - raft.server.watch.timeout.denomination = 1s (default)
2019-09-25 12:10:15,589 [75407fdb-c05d-4d79-b869-4dab60013158@group-D98DA61125A0:LeaderElection23] INFO  server.RaftServerConfigKeys (ConfUtils.java:logGet(43)) - raft.server.watch.element-limit = 65536 (default)
2019-09-25 12:10:15,592 [75407fdb-c05d-4d79-b869-4dab60013158@group-D98DA61125A0:LeaderElection23] INFO  impl.RoleInfo (RoleInfo.java:updateAndGet(143)) - 75407fdb-c05d-4d79-b869-4dab60013158: start LeaderState
2019-09-25 12:10:15,592 [75407fdb-c05d-4d79-b869-4dab60013158@group-D98DA61125A0:LeaderElection23] INFO  segmented.SegmentedRaftLogWorker (SegmentedRaftLogWorker.java:startLogSegment(380)) - 75407fdb-c05d-4d79-b869-4dab60013158@group-D98DA61125A0-SegmentedRaftLogWorker: Starting segment from index:0
2019-09-25 12:10:15,593 [75407fdb-c05d-4d79-b869-4dab60013158@group-D98DA61125A0:LeaderElection23] INFO  impl.RaftServerImpl (ServerState.java:setRaftConf(354)) - 75407fdb-c05d-4d79-b869-4dab60013158@group-D98DA61125A0: set configuration 0: [75407fdb-c05d-4d79-b869-4dab60013158:192.168.151.73:41746], old=null at 0
2019-09-25 12:10:15,658 [75407fdb-c05d-4d79-b869-4dab60013158@group-D98DA61125A0-SegmentedRaftLogWorker] INFO  segmented.SegmentedRaftLogWorker (SegmentedRaftLogWorker.java:execute(569)) - 75407fdb-c05d-4d79-b869-4dab60013158@group-D98DA61125A0-SegmentedRaftLogWorker: created new log segment /workdir/hadoop-ozone/integration-test/target/test-dir/MiniOzoneClusterImpl-b6380e3c-fb04-4178-98e9-eb7b36240636/datanode-0/data/ratis/aab6be94-4891-4529-bafc-d98da61125a0/current/log_inprogress_0
2019-09-25 12:10:15,872 [Thread-313] INFO  impl.FollowerState (FollowerState.java:run(106)) - 75407fdb-c05d-4d79-b869-4dab60013158:group-D3C1CE2D9D7F changes to CANDIDATE, lastRpcTime:5113, electionTimeout:5113ms
2019-09-25 12:10:15,872 [Thread-313] INFO  impl.RoleInfo (RoleInfo.java:shutdownFollowerState(121)) - 75407fdb-c05d-4d79-b869-4dab60013158: shutdown FollowerState
2019-09-25 12:10:15,873 [Thread-313] INFO  impl.RaftServerImpl (RaftServerImpl.java:setRole(174)) - 75407fdb-c05d-4d79-b869-4dab60013158@group-D3C1CE2D9D7F: changes role from  FOLLOWER to CANDIDATE at term 0 for changeToCandidate
2019-09-25 12:10:15,873 [Thread-313] INFO  impl.RoleInfo (RoleInfo.java:updateAndGet(143)) - 75407fdb-c05d-4d79-b869-4dab60013158: start LeaderElection
2019-09-25 12:10:15,889 [75407fdb-c05d-4d79-b869-4dab60013158@group-D3C1CE2D9D7F:LeaderElection24] INFO  impl.LeaderElection (LeaderElection.java:askForVotes(182)) - 75407fdb-c05d-4d79-b869-4dab60013158@group-D3C1CE2D9D7F:LeaderElection24: begin an election at term 1 for -1: [75407fdb-c05d-4d79-b869-4dab60013158:192.168.151.73:41746], old=null
2019-09-25 12:10:15,890 [75407fdb-c05d-4d79-b869-4dab60013158@group-D3C1CE2D9D7F:LeaderElection24] INFO  impl.RoleInfo (RoleInfo.java:shutdownLeaderElection(134)) - 75407fdb-c05d-4d79-b869-4dab60013158: shutdown LeaderElection
2019-09-25 12:10:15,890 [75407fdb-c05d-4d79-b869-4dab60013158@group-D3C1CE2D9D7F:LeaderElection24] INFO  impl.RaftServerImpl (RaftServerImpl.java:setRole(174)) - 75407fdb-c05d-4d79-b869-4dab60013158@group-D3C1CE2D9D7F: changes role from CANDIDATE to LEADER at term 1 for changeToLeader
2019-09-25 12:10:15,890 [75407fdb-c05d-4d79-b869-4dab60013158@group-D3C1CE2D9D7F:LeaderElection24] INFO  impl.RaftServerImpl (ServerState.java:setLeader(253)) - 75407fdb-c05d-4d79-b869-4dab60013158@group-D3C1CE2D9D7F: change Leader from null to 75407fdb-c05d-4d79-b869-4dab60013158 at term 1 for becomeLeader, leader elected after 5345ms
2019-09-25 12:10:15,890 [75407fdb-c05d-4d79-b869-4dab60013158@group-D3C1CE2D9D7F:LeaderElection24] INFO  server.RaftServerConfigKeys (ConfUtils.java:logGet(43)) - raft.server.staging.catchup.gap = 1000 (default)
2019-09-25 12:10:15,890 [75407fdb-c05d-4d79-b869-4dab60013158@group-D3C1CE2D9D7F:LeaderElection24] INFO  server.RaftServerConfigKeys (ConfUtils.java:logGet(43)) - raft.server.rpc.sleep.time = 25ms (default)
2019-09-25 12:10:15,891 [75407fdb-c05d-4d79-b869-4dab60013158@group-D3C1CE2D9D7F:LeaderElection24] INFO  server.RaftServerConfigKeys (ConfUtils.java:logGet(43)) - raft.server.write.element-limit = 4096 (default)
2019-09-25 12:10:15,891 [75407fdb-c05d-4d79-b869-4dab60013158@group-D3C1CE2D9D7F:LeaderElection24] INFO  server.RaftServerConfigKeys (ConfUtils.java:logGet(43)) - raft.server.watch.timeout = 10s (default)
2019-09-25 12:10:15,891 [75407fdb-c05d-4d79-b869-4dab60013158@group-D3C1CE2D9D7F:LeaderElection24] INFO  server.RaftServerConfigKeys (ConfUtils.java:logGet(43)) - raft.server.watch.timeout.denomination = 1s (default)
2019-09-25 12:10:15,891 [75407fdb-c05d-4d79-b869-4dab60013158@group-D3C1CE2D9D7F:LeaderElection24] INFO  server.RaftServerConfigKeys (ConfUtils.java:logGet(43)) - raft.server.watch.element-limit = 65536 (default)
2019-09-25 12:10:15,894 [Thread-316] INFO  impl.FollowerState (FollowerState.java:run(106)) - 60ced751-3023-4654-af5b-403edbc93820:group-C2D771BB6FFD changes to CANDIDATE, lastRpcTime:5071, electionTimeout:5071ms
2019-09-25 12:10:15,894 [Thread-316] INFO  impl.RoleInfo (RoleInfo.java:shutdownFollowerState(121)) - 60ced751-3023-4654-af5b-403edbc93820: shutdown FollowerState
2019-09-25 12:10:15,894 [Thread-316] INFO  impl.RaftServerImpl (RaftServerImpl.java:setRole(174)) - 60ced751-3023-4654-af5b-403edbc93820@group-C2D771BB6FFD: changes role from  FOLLOWER to CANDIDATE at term 0 for changeToCandidate
2019-09-25 12:10:15,894 [75407fdb-c05d-4d79-b869-4dab60013158@group-D3C1CE2D9D7F:LeaderElection24] INFO  impl.RoleInfo (RoleInfo.java:updateAndGet(143)) - 75407fdb-c05d-4d79-b869-4dab60013158: start LeaderState
2019-09-25 12:10:15,894 [Thread-316] INFO  impl.RoleInfo (RoleInfo.java:updateAndGet(143)) - 60ced751-3023-4654-af5b-403edbc93820: start LeaderElection
2019-09-25 12:10:15,895 [75407fdb-c05d-4d79-b869-4dab60013158@group-D3C1CE2D9D7F:LeaderElection24] INFO  segmented.SegmentedRaftLogWorker (SegmentedRaftLogWorker.java:startLogSegment(380)) - 75407fdb-c05d-4d79-b869-4dab60013158@group-D3C1CE2D9D7F-SegmentedRaftLogWorker: Starting segment from index:0
2019-09-25 12:10:15,897 [75407fdb-c05d-4d79-b869-4dab60013158@group-D3C1CE2D9D7F:LeaderElection24] INFO  impl.RaftServerImpl (ServerState.java:setRaftConf(354)) - 75407fdb-c05d-4d79-b869-4dab60013158@group-D3C1CE2D9D7F: set configuration 0: [75407fdb-c05d-4d79-b869-4dab60013158:192.168.151.73:41746], old=null at 0
2019-09-25 12:10:15,954 [75407fdb-c05d-4d79-b869-4dab60013158@group-D3C1CE2D9D7F-SegmentedRaftLogWorker] INFO  segmented.SegmentedRaftLogWorker (SegmentedRaftLogWorker.java:execute(569)) - 75407fdb-c05d-4d79-b869-4dab60013158@group-D3C1CE2D9D7F-SegmentedRaftLogWorker: created new log segment /workdir/hadoop-ozone/integration-test/target/test-dir/MiniOzoneClusterImpl-b6380e3c-fb04-4178-98e9-eb7b36240636/datanode-0/data/ratis/9e39579c-6ff5-4614-99eb-d3c1ce2d9d7f/current/log_inprogress_0
2019-09-25 12:10:15,954 [60ced751-3023-4654-af5b-403edbc93820@group-C2D771BB6FFD:LeaderElection25] INFO  impl.LeaderElection (LeaderElection.java:askForVotes(182)) - 60ced751-3023-4654-af5b-403edbc93820@group-C2D771BB6FFD:LeaderElection25: begin an election at term 1 for -1: [60ced751-3023-4654-af5b-403edbc93820:192.168.151.73:39742], old=null
2019-09-25 12:10:15,955 [60ced751-3023-4654-af5b-403edbc93820@group-C2D771BB6FFD:LeaderElection25] INFO  impl.RoleInfo (RoleInfo.java:shutdownLeaderElection(134)) - 60ced751-3023-4654-af5b-403edbc93820: shutdown LeaderElection
2019-09-25 12:10:15,955 [60ced751-3023-4654-af5b-403edbc93820@group-C2D771BB6FFD:LeaderElection25] INFO  impl.RaftServerImpl (RaftServerImpl.java:setRole(174)) - 60ced751-3023-4654-af5b-403edbc93820@group-C2D771BB6FFD: changes role from CANDIDATE to LEADER at term 1 for changeToLeader
2019-09-25 12:10:15,955 [60ced751-3023-4654-af5b-403edbc93820@group-C2D771BB6FFD:LeaderElection25] INFO  impl.RaftServerImpl (ServerState.java:setLeader(253)) - 60ced751-3023-4654-af5b-403edbc93820@group-C2D771BB6FFD: change Leader from null to 60ced751-3023-4654-af5b-403edbc93820 at term 1 for becomeLeader, leader elected after 5138ms
2019-09-25 12:10:15,955 [60ced751-3023-4654-af5b-403edbc93820@group-C2D771BB6FFD:LeaderElection25] INFO  server.RaftServerConfigKeys (ConfUtils.java:logGet(43)) - raft.server.staging.catchup.gap = 1000 (default)
2019-09-25 12:10:15,956 [60ced751-3023-4654-af5b-403edbc93820@group-C2D771BB6FFD:LeaderElection25] INFO  server.RaftServerConfigKeys (ConfUtils.java:logGet(43)) - raft.server.rpc.sleep.time = 25ms (default)
2019-09-25 12:10:15,956 [60ced751-3023-4654-af5b-403edbc93820@group-C2D771BB6FFD:LeaderElection25] INFO  server.RaftServerConfigKeys (ConfUtils.java:logGet(43)) - raft.server.write.element-limit = 4096 (default)
2019-09-25 12:10:15,956 [60ced751-3023-4654-af5b-403edbc93820@group-C2D771BB6FFD:LeaderElection25] INFO  server.RaftServerConfigKeys (ConfUtils.java:logGet(43)) - raft.server.watch.timeout = 10s (default)
2019-09-25 12:10:15,956 [60ced751-3023-4654-af5b-403edbc93820@group-C2D771BB6FFD:LeaderElection25] INFO  server.RaftServerConfigKeys (ConfUtils.java:logGet(43)) - raft.server.watch.timeout.denomination = 1s (default)
2019-09-25 12:10:15,956 [60ced751-3023-4654-af5b-403edbc93820@group-C2D771BB6FFD:LeaderElection25] INFO  server.RaftServerConfigKeys (ConfUtils.java:logGet(43)) - raft.server.watch.element-limit = 65536 (default)
2019-09-25 12:10:15,960 [60ced751-3023-4654-af5b-403edbc93820@group-C2D771BB6FFD:LeaderElection25] INFO  impl.RoleInfo (RoleInfo.java:updateAndGet(143)) - 60ced751-3023-4654-af5b-403edbc93820: start LeaderState
2019-09-25 12:10:15,960 [60ced751-3023-4654-af5b-403edbc93820@group-C2D771BB6FFD:LeaderElection25] INFO  segmented.SegmentedRaftLogWorker (SegmentedRaftLogWorker.java:startLogSegment(380)) - 60ced751-3023-4654-af5b-403edbc93820@group-C2D771BB6FFD-SegmentedRaftLogWorker: Starting segment from index:0
2019-09-25 12:10:15,961 [60ced751-3023-4654-af5b-403edbc93820@group-C2D771BB6FFD:LeaderElection25] INFO  impl.RaftServerImpl (ServerState.java:setRaftConf(354)) - 60ced751-3023-4654-af5b-403edbc93820@group-C2D771BB6FFD: set configuration 0: [60ced751-3023-4654-af5b-403edbc93820:192.168.151.73:39742], old=null at 0
2019-09-25 12:10:16,016 [60ced751-3023-4654-af5b-403edbc93820@group-C2D771BB6FFD-SegmentedRaftLogWorker] INFO  segmented.SegmentedRaftLogWorker (SegmentedRaftLogWorker.java:execute(569)) - 60ced751-3023-4654-af5b-403edbc93820@group-C2D771BB6FFD-SegmentedRaftLogWorker: created new log segment /workdir/hadoop-ozone/integration-test/target/test-dir/MiniOzoneClusterImpl-b6380e3c-fb04-4178-98e9-eb7b36240636/datanode-2/data/ratis/fbec5fa0-fe45-48d4-8ea2-c2d771bb6ffd/current/log_inprogress_0
2019-09-25 12:10:16,051 [Thread-325] INFO  impl.FollowerState (FollowerState.java:run(106)) - e1810a45-b9a3-4acb-b85d-088610f584f2:group-A3478D1D244C changes to CANDIDATE, lastRpcTime:5024, electionTimeout:5024ms
2019-09-25 12:10:16,051 [Thread-325] INFO  impl.RoleInfo (RoleInfo.java:shutdownFollowerState(121)) - e1810a45-b9a3-4acb-b85d-088610f584f2: shutdown FollowerState
2019-09-25 12:10:16,051 [Thread-325] INFO  impl.RaftServerImpl (RaftServerImpl.java:setRole(174)) - e1810a45-b9a3-4acb-b85d-088610f584f2@group-A3478D1D244C: changes role from  FOLLOWER to CANDIDATE at term 0 for changeToCandidate
2019-09-25 12:10:16,052 [Thread-325] INFO  impl.RoleInfo (RoleInfo.java:updateAndGet(143)) - e1810a45-b9a3-4acb-b85d-088610f584f2: start LeaderElection
2019-09-25 12:10:16,070 [Thread-319] INFO  impl.FollowerState (FollowerState.java:run(106)) - efb2beac-26e0-4b3b-9934-2458c1147cfd:group-4C42DD47817B changes to CANDIDATE, lastRpcTime:5191, electionTimeout:5191ms
2019-09-25 12:10:16,070 [Thread-319] INFO  impl.RoleInfo (RoleInfo.java:shutdownFollowerState(121)) - efb2beac-26e0-4b3b-9934-2458c1147cfd: shutdown FollowerState
2019-09-25 12:10:16,071 [Thread-319] INFO  impl.RaftServerImpl (RaftServerImpl.java:setRole(174)) - efb2beac-26e0-4b3b-9934-2458c1147cfd@group-4C42DD47817B: changes role from  FOLLOWER to CANDIDATE at term 0 for changeToCandidate
2019-09-25 12:10:16,071 [Thread-319] INFO  impl.RoleInfo (RoleInfo.java:updateAndGet(143)) - efb2beac-26e0-4b3b-9934-2458c1147cfd: start LeaderElection
2019-09-25 12:10:16,083 [e1810a45-b9a3-4acb-b85d-088610f584f2@group-A3478D1D244C:LeaderElection26] INFO  impl.LeaderElection (LeaderElection.java:askForVotes(182)) - e1810a45-b9a3-4acb-b85d-088610f584f2@group-A3478D1D244C:LeaderElection26: begin an election at term 1 for -1: [e1810a45-b9a3-4acb-b85d-088610f584f2:192.168.151.73:46771], old=null
2019-09-25 12:10:16,083 [e1810a45-b9a3-4acb-b85d-088610f584f2@group-A3478D1D244C:LeaderElection26] INFO  impl.RoleInfo (RoleInfo.java:shutdownLeaderElection(134)) - e1810a45-b9a3-4acb-b85d-088610f584f2: shutdown LeaderElection
2019-09-25 12:10:16,083 [e1810a45-b9a3-4acb-b85d-088610f584f2@group-A3478D1D244C:LeaderElection26] INFO  impl.RaftServerImpl (RaftServerImpl.java:setRole(174)) - e1810a45-b9a3-4acb-b85d-088610f584f2@group-A3478D1D244C: changes role from CANDIDATE to LEADER at term 1 for changeToLeader
2019-09-25 12:10:16,083 [e1810a45-b9a3-4acb-b85d-088610f584f2@group-A3478D1D244C:LeaderElection26] INFO  impl.RaftServerImpl (ServerState.java:setLeader(253)) - e1810a45-b9a3-4acb-b85d-088610f584f2@group-A3478D1D244C: change Leader from null to e1810a45-b9a3-4acb-b85d-088610f584f2 at term 1 for becomeLeader, leader elected after 5066ms
2019-09-25 12:10:16,086 [e1810a45-b9a3-4acb-b85d-088610f584f2@group-A3478D1D244C:LeaderElection26] INFO  server.RaftServerConfigKeys (ConfUtils.java:logGet(43)) - raft.server.staging.catchup.gap = 1000 (default)
2019-09-25 12:10:16,086 [efb2beac-26e0-4b3b-9934-2458c1147cfd@group-4C42DD47817B:LeaderElection27] INFO  impl.LeaderElection (LeaderElection.java:askForVotes(182)) - efb2beac-26e0-4b3b-9934-2458c1147cfd@group-4C42DD47817B:LeaderElection27: begin an election at term 1 for -1: [efb2beac-26e0-4b3b-9934-2458c1147cfd:192.168.151.73:43064], old=null
2019-09-25 12:10:16,086 [e1810a45-b9a3-4acb-b85d-088610f584f2@group-A3478D1D244C:LeaderElection26] INFO  server.RaftServerConfigKeys (ConfUtils.java:logGet(43)) - raft.server.rpc.sleep.time = 25ms (default)
2019-09-25 12:10:16,086 [efb2beac-26e0-4b3b-9934-2458c1147cfd@group-4C42DD47817B:LeaderElection27] INFO  impl.RoleInfo (RoleInfo.java:shutdownLeaderElection(134)) - efb2beac-26e0-4b3b-9934-2458c1147cfd: shutdown LeaderElection
2019-09-25 12:10:16,086 [e1810a45-b9a3-4acb-b85d-088610f584f2@group-A3478D1D244C:LeaderElection26] INFO  server.RaftServerConfigKeys (ConfUtils.java:logGet(43)) - raft.server.write.element-limit = 4096 (default)
2019-09-25 12:10:16,086 [efb2beac-26e0-4b3b-9934-2458c1147cfd@group-4C42DD47817B:LeaderElection27] INFO  impl.RaftServerImpl (RaftServerImpl.java:setRole(174)) - efb2beac-26e0-4b3b-9934-2458c1147cfd@group-4C42DD47817B: changes role from CANDIDATE to LEADER at term 1 for changeToLeader
2019-09-25 12:10:16,087 [e1810a45-b9a3-4acb-b85d-088610f584f2@group-A3478D1D244C:LeaderElection26] INFO  server.RaftServerConfigKeys (ConfUtils.java:logGet(43)) - raft.server.watch.timeout = 10s (default)
2019-09-25 12:10:16,087 [efb2beac-26e0-4b3b-9934-2458c1147cfd@group-4C42DD47817B:LeaderElection27] INFO  impl.RaftServerImpl (ServerState.java:setLeader(253)) - efb2beac-26e0-4b3b-9934-2458c1147cfd@group-4C42DD47817B: change Leader from null to efb2beac-26e0-4b3b-9934-2458c1147cfd at term 1 for becomeLeader, leader elected after 5215ms
2019-09-25 12:10:16,087 [e1810a45-b9a3-4acb-b85d-088610f584f2@group-A3478D1D244C:LeaderElection26] INFO  server.RaftServerConfigKeys (ConfUtils.java:logGet(43)) - raft.server.watch.timeout.denomination = 1s (default)
2019-09-25 12:10:16,087 [efb2beac-26e0-4b3b-9934-2458c1147cfd@group-4C42DD47817B:LeaderElection27] INFO  server.RaftServerConfigKeys (ConfUtils.java:logGet(43)) - raft.server.staging.catchup.gap = 1000 (default)
2019-09-25 12:10:16,087 [e1810a45-b9a3-4acb-b85d-088610f584f2@group-A3478D1D244C:LeaderElection26] INFO  server.RaftServerConfigKeys (ConfUtils.java:logGet(43)) - raft.server.watch.element-limit = 65536 (default)
2019-09-25 12:10:16,087 [efb2beac-26e0-4b3b-9934-2458c1147cfd@group-4C42DD47817B:LeaderElection27] INFO  server.RaftServerConfigKeys (ConfUtils.java:logGet(43)) - raft.server.rpc.sleep.time = 25ms (default)
2019-09-25 12:10:16,088 [efb2beac-26e0-4b3b-9934-2458c1147cfd@group-4C42DD47817B:LeaderElection27] INFO  server.RaftServerConfigKeys (ConfUtils.java:logGet(43)) - raft.server.write.element-limit = 4096 (default)
2019-09-25 12:10:16,088 [efb2beac-26e0-4b3b-9934-2458c1147cfd@group-4C42DD47817B:LeaderElection27] INFO  server.RaftServerConfigKeys (ConfUtils.java:logGet(43)) - raft.server.watch.timeout = 10s (default)
2019-09-25 12:10:16,088 [efb2beac-26e0-4b3b-9934-2458c1147cfd@group-4C42DD47817B:LeaderElection27] INFO  server.RaftServerConfigKeys (ConfUtils.java:logGet(43)) - raft.server.watch.timeout.denomination = 1s (default)
2019-09-25 12:10:16,088 [efb2beac-26e0-4b3b-9934-2458c1147cfd@group-4C42DD47817B:LeaderElection27] INFO  server.RaftServerConfigKeys (ConfUtils.java:logGet(43)) - raft.server.watch.element-limit = 65536 (default)
2019-09-25 12:10:16,093 [efb2beac-26e0-4b3b-9934-2458c1147cfd@group-4C42DD47817B:LeaderElection27] INFO  impl.RoleInfo (RoleInfo.java:updateAndGet(143)) - efb2beac-26e0-4b3b-9934-2458c1147cfd: start LeaderState
2019-09-25 12:10:16,093 [e1810a45-b9a3-4acb-b85d-088610f584f2@group-A3478D1D244C:LeaderElection26] INFO  impl.RoleInfo (RoleInfo.java:updateAndGet(143)) - e1810a45-b9a3-4acb-b85d-088610f584f2: start LeaderState
2019-09-25 12:10:16,094 [e1810a45-b9a3-4acb-b85d-088610f584f2@group-A3478D1D244C:LeaderElection26] INFO  segmented.SegmentedRaftLogWorker (SegmentedRaftLogWorker.java:startLogSegment(380)) - e1810a45-b9a3-4acb-b85d-088610f584f2@group-A3478D1D244C-SegmentedRaftLogWorker: Starting segment from index:0
2019-09-25 12:10:16,094 [efb2beac-26e0-4b3b-9934-2458c1147cfd@group-4C42DD47817B:LeaderElection27] INFO  segmented.SegmentedRaftLogWorker (SegmentedRaftLogWorker.java:startLogSegment(380)) - efb2beac-26e0-4b3b-9934-2458c1147cfd@group-4C42DD47817B-SegmentedRaftLogWorker: Starting segment from index:0
2019-09-25 12:10:16,095 [e1810a45-b9a3-4acb-b85d-088610f584f2@group-A3478D1D244C:LeaderElection26] INFO  impl.RaftServerImpl (ServerState.java:setRaftConf(354)) - e1810a45-b9a3-4acb-b85d-088610f584f2@group-A3478D1D244C: set configuration 0: [e1810a45-b9a3-4acb-b85d-088610f584f2:192.168.151.73:46771], old=null at 0
2019-09-25 12:10:16,137 [Thread-328] INFO  impl.FollowerState (FollowerState.java:run(106)) - efb2beac-26e0-4b3b-9934-2458c1147cfd:group-678B3229D230 changes to CANDIDATE, lastRpcTime:5054, electionTimeout:5022ms
2019-09-25 12:10:16,137 [Thread-322] INFO  impl.FollowerState (FollowerState.java:run(106)) - efb2beac-26e0-4b3b-9934-2458c1147cfd:group-568A6F25B054 changes to CANDIDATE, lastRpcTime:5185, electionTimeout:5185ms
2019-09-25 12:10:16,137 [efb2beac-26e0-4b3b-9934-2458c1147cfd@group-4C42DD47817B:LeaderElection27] INFO  impl.RaftServerImpl (ServerState.java:setRaftConf(354)) - efb2beac-26e0-4b3b-9934-2458c1147cfd@group-4C42DD47817B: set configuration 0: [efb2beac-26e0-4b3b-9934-2458c1147cfd:192.168.151.73:43064], old=null at 0
2019-09-25 12:10:16,137 [Thread-322] INFO  impl.RoleInfo (RoleInfo.java:shutdownFollowerState(121)) - efb2beac-26e0-4b3b-9934-2458c1147cfd: shutdown FollowerState
2019-09-25 12:10:16,137 [Thread-328] INFO  impl.RoleInfo (RoleInfo.java:shutdownFollowerState(121)) - efb2beac-26e0-4b3b-9934-2458c1147cfd: shutdown FollowerState
2019-09-25 12:10:16,178 [Thread-322] INFO  impl.RaftServerImpl (RaftServerImpl.java:setRole(174)) - efb2beac-26e0-4b3b-9934-2458c1147cfd@group-568A6F25B054: changes role from  FOLLOWER to CANDIDATE at term 0 for changeToCandidate
2019-09-25 12:10:16,177 [Thread-331] INFO  impl.FollowerState (FollowerState.java:run(106)) - c7bed0cc-269f-4b54-bb5a-2be104ddf1a5:group-B6327E9CEEBC changes to CANDIDATE, lastRpcTime:5030, electionTimeout:5015ms
2019-09-25 12:10:16,177 [e1810a45-b9a3-4acb-b85d-088610f584f2@group-A3478D1D244C-SegmentedRaftLogWorker] INFO  segmented.SegmentedRaftLogWorker (SegmentedRaftLogWorker.java:execute(569)) - e1810a45-b9a3-4acb-b85d-088610f584f2@group-A3478D1D244C-SegmentedRaftLogWorker: created new log segment /workdir/hadoop-ozone/integration-test/target/test-dir/MiniOzoneClusterImpl-b6380e3c-fb04-4178-98e9-eb7b36240636/datanode-6/data/ratis/652a5ff2-b26b-4309-8c85-a3478d1d244c/current/log_inprogress_0
2019-09-25 12:10:16,178 [Thread-331] INFO  impl.RoleInfo (RoleInfo.java:shutdownFollowerState(121)) - c7bed0cc-269f-4b54-bb5a-2be104ddf1a5: shutdown FollowerState
2019-09-25 12:10:16,178 [Thread-322] INFO  impl.RoleInfo (RoleInfo.java:updateAndGet(143)) - efb2beac-26e0-4b3b-9934-2458c1147cfd: start LeaderElection
2019-09-25 12:10:16,178 [Thread-328] INFO  impl.RaftServerImpl (RaftServerImpl.java:setRole(174)) - efb2beac-26e0-4b3b-9934-2458c1147cfd@group-678B3229D230: changes role from  FOLLOWER to CANDIDATE at term 0 for changeToCandidate
2019-09-25 12:10:16,179 [Thread-331] INFO  impl.RaftServerImpl (RaftServerImpl.java:setRole(174)) - c7bed0cc-269f-4b54-bb5a-2be104ddf1a5@group-B6327E9CEEBC: changes role from  FOLLOWER to CANDIDATE at term 0 for changeToCandidate
2019-09-25 12:10:16,179 [Thread-328] INFO  impl.RoleInfo (RoleInfo.java:updateAndGet(143)) - efb2beac-26e0-4b3b-9934-2458c1147cfd: start LeaderElection
2019-09-25 12:10:16,182 [Thread-331] INFO  impl.RoleInfo (RoleInfo.java:updateAndGet(143)) - c7bed0cc-269f-4b54-bb5a-2be104ddf1a5: start LeaderElection
2019-09-25 12:10:16,190 [efb2beac-26e0-4b3b-9934-2458c1147cfd@group-4C42DD47817B-SegmentedRaftLogWorker] INFO  segmented.SegmentedRaftLogWorker (SegmentedRaftLogWorker.java:execute(569)) - efb2beac-26e0-4b3b-9934-2458c1147cfd@group-4C42DD47817B-SegmentedRaftLogWorker: created new log segment /workdir/hadoop-ozone/integration-test/target/test-dir/MiniOzoneClusterImpl-b6380e3c-fb04-4178-98e9-eb7b36240636/datanode-4/data/ratis/ae20a810-44d7-4117-8ce9-4c42dd47817b/current/log_inprogress_0
2019-09-25 12:10:16,190 [efb2beac-26e0-4b3b-9934-2458c1147cfd@group-568A6F25B054:LeaderElection28] INFO  impl.LeaderElection (LeaderElection.java:askForVotes(182)) - efb2beac-26e0-4b3b-9934-2458c1147cfd@group-568A6F25B054:LeaderElection28: begin an election at term 1 for -1: [efb2beac-26e0-4b3b-9934-2458c1147cfd:192.168.151.73:43064], old=null
2019-09-25 12:10:16,190 [c7bed0cc-269f-4b54-bb5a-2be104ddf1a5@group-B6327E9CEEBC:LeaderElection30] INFO  impl.LeaderElection (LeaderElection.java:askForVotes(182)) - c7bed0cc-269f-4b54-bb5a-2be104ddf1a5@group-B6327E9CEEBC:LeaderElection30: begin an election at term 1 for -1: [c7bed0cc-269f-4b54-bb5a-2be104ddf1a5:192.168.151.73:42323], old=null
2019-09-25 12:10:16,190 [efb2beac-26e0-4b3b-9934-2458c1147cfd@group-678B3229D230:LeaderElection29] INFO  impl.LeaderElection (LeaderElection.java:askForVotes(182)) - efb2beac-26e0-4b3b-9934-2458c1147cfd@group-678B3229D230:LeaderElection29: begin an election at term 1 for -1: [efb2beac-26e0-4b3b-9934-2458c1147cfd:192.168.151.73:43064], old=null
2019-09-25 12:10:16,191 [c7bed0cc-269f-4b54-bb5a-2be104ddf1a5@group-B6327E9CEEBC:LeaderElection30] INFO  impl.RoleInfo (RoleInfo.java:shutdownLeaderElection(134)) - c7bed0cc-269f-4b54-bb5a-2be104ddf1a5: shutdown LeaderElection
2019-09-25 12:10:16,191 [efb2beac-26e0-4b3b-9934-2458c1147cfd@group-568A6F25B054:LeaderElection28] INFO  impl.RoleInfo (RoleInfo.java:shutdownLeaderElection(134)) - efb2beac-26e0-4b3b-9934-2458c1147cfd: shutdown LeaderElection
2019-09-25 12:10:16,191 [c7bed0cc-269f-4b54-bb5a-2be104ddf1a5@group-B6327E9CEEBC:LeaderElection30] INFO  impl.RaftServerImpl (RaftServerImpl.java:setRole(174)) - c7bed0cc-269f-4b54-bb5a-2be104ddf1a5@group-B6327E9CEEBC: changes role from CANDIDATE to LEADER at term 1 for changeToLeader
2019-09-25 12:10:16,191 [efb2beac-26e0-4b3b-9934-2458c1147cfd@group-678B3229D230:LeaderElection29] INFO  impl.RoleInfo (RoleInfo.java:shutdownLeaderElection(134)) - efb2beac-26e0-4b3b-9934-2458c1147cfd: shutdown LeaderElection
2019-09-25 12:10:16,191 [c7bed0cc-269f-4b54-bb5a-2be104ddf1a5@group-B6327E9CEEBC:LeaderElection30] INFO  impl.RaftServerImpl (ServerState.java:setLeader(253)) - c7bed0cc-269f-4b54-bb5a-2be104ddf1a5@group-B6327E9CEEBC: change Leader from null to c7bed0cc-269f-4b54-bb5a-2be104ddf1a5 at term 1 for becomeLeader, leader elected after 5051ms
2019-09-25 12:10:16,191 [efb2beac-26e0-4b3b-9934-2458c1147cfd@group-568A6F25B054:LeaderElection28] INFO  impl.RaftServerImpl (RaftServerImpl.java:setRole(174)) - efb2beac-26e0-4b3b-9934-2458c1147cfd@group-568A6F25B054: changes role from CANDIDATE to LEADER at term 1 for changeToLeader
2019-09-25 12:10:16,192 [c7bed0cc-269f-4b54-bb5a-2be104ddf1a5@group-B6327E9CEEBC:LeaderElection30] INFO  server.RaftServerConfigKeys (ConfUtils.java:logGet(43)) - raft.server.staging.catchup.gap = 1000 (default)
2019-09-25 12:10:16,191 [efb2beac-26e0-4b3b-9934-2458c1147cfd@group-678B3229D230:LeaderElection29] INFO  impl.RaftServerImpl (RaftServerImpl.java:setRole(174)) - efb2beac-26e0-4b3b-9934-2458c1147cfd@group-678B3229D230: changes role from CANDIDATE to LEADER at term 1 for changeToLeader
2019-09-25 12:10:16,192 [c7bed0cc-269f-4b54-bb5a-2be104ddf1a5@group-B6327E9CEEBC:LeaderElection30] INFO  server.RaftServerConfigKeys (ConfUtils.java:logGet(43)) - raft.server.rpc.sleep.time = 25ms (default)
2019-09-25 12:10:16,192 [efb2beac-26e0-4b3b-9934-2458c1147cfd@group-568A6F25B054:LeaderElection28] INFO  impl.RaftServerImpl (ServerState.java:setLeader(253)) - efb2beac-26e0-4b3b-9934-2458c1147cfd@group-568A6F25B054: change Leader from null to efb2beac-26e0-4b3b-9934-2458c1147cfd at term 1 for becomeLeader, leader elected after 5248ms
2019-09-25 12:10:16,192 [c7bed0cc-269f-4b54-bb5a-2be104ddf1a5@group-B6327E9CEEBC:LeaderElection30] INFO  server.RaftServerConfigKeys (ConfUtils.java:logGet(43)) - raft.server.write.element-limit = 4096 (default)
2019-09-25 12:10:16,192 [efb2beac-26e0-4b3b-9934-2458c1147cfd@group-678B3229D230:LeaderElection29] INFO  impl.RaftServerImpl (ServerState.java:setLeader(253)) - efb2beac-26e0-4b3b-9934-2458c1147cfd@group-678B3229D230: change Leader from null to efb2beac-26e0-4b3b-9934-2458c1147cfd at term 1 for becomeLeader, leader elected after 5115ms
2019-09-25 12:10:16,192 [c7bed0cc-269f-4b54-bb5a-2be104ddf1a5@group-B6327E9CEEBC:LeaderElection30] INFO  server.RaftServerConfigKeys (ConfUtils.java:logGet(43)) - raft.server.watch.timeout = 10s (default)
2019-09-25 12:10:16,192 [efb2beac-26e0-4b3b-9934-2458c1147cfd@group-568A6F25B054:LeaderElection28] INFO  server.RaftServerConfigKeys (ConfUtils.java:logGet(43)) - raft.server.staging.catchup.gap = 1000 (default)
2019-09-25 12:10:16,193 [c7bed0cc-269f-4b54-bb5a-2be104ddf1a5@group-B6327E9CEEBC:LeaderElection30] INFO  server.RaftServerConfigKeys (ConfUtils.java:logGet(43)) - raft.server.watch.timeout.denomination = 1s (default)
2019-09-25 12:10:16,193 [c7bed0cc-269f-4b54-bb5a-2be104ddf1a5@group-B6327E9CEEBC:LeaderElection30] INFO  server.RaftServerConfigKeys (ConfUtils.java:logGet(43)) - raft.server.watch.element-limit = 65536 (default)
2019-09-25 12:10:16,193 [efb2beac-26e0-4b3b-9934-2458c1147cfd@group-678B3229D230:LeaderElection29] INFO  server.RaftServerConfigKeys (ConfUtils.java:logGet(43)) - raft.server.staging.catchup.gap = 1000 (default)
2019-09-25 12:10:16,193 [efb2beac-26e0-4b3b-9934-2458c1147cfd@group-568A6F25B054:LeaderElection28] INFO  server.RaftServerConfigKeys (ConfUtils.java:logGet(43)) - raft.server.rpc.sleep.time = 25ms (default)
2019-09-25 12:10:16,193 [efb2beac-26e0-4b3b-9934-2458c1147cfd@group-678B3229D230:LeaderElection29] INFO  server.RaftServerConfigKeys (ConfUtils.java:logGet(43)) - raft.server.rpc.sleep.time = 25ms (default)
2019-09-25 12:10:16,194 [efb2beac-26e0-4b3b-9934-2458c1147cfd@group-568A6F25B054:LeaderElection28] INFO  server.RaftServerConfigKeys (ConfUtils.java:logGet(43)) - raft.server.write.element-limit = 4096 (default)
2019-09-25 12:10:16,194 [efb2beac-26e0-4b3b-9934-2458c1147cfd@group-678B3229D230:LeaderElection29] INFO  server.RaftServerConfigKeys (ConfUtils.java:logGet(43)) - raft.server.write.element-limit = 4096 (default)
2019-09-25 12:10:16,194 [efb2beac-26e0-4b3b-9934-2458c1147cfd@group-568A6F25B054:LeaderElection28] INFO  server.RaftServerConfigKeys (ConfUtils.java:logGet(43)) - raft.server.watch.timeout = 10s (default)
2019-09-25 12:10:16,194 [efb2beac-26e0-4b3b-9934-2458c1147cfd@group-678B3229D230:LeaderElection29] INFO  server.RaftServerConfigKeys (ConfUtils.java:logGet(43)) - raft.server.watch.timeout = 10s (default)
2019-09-25 12:10:16,194 [efb2beac-26e0-4b3b-9934-2458c1147cfd@group-568A6F25B054:LeaderElection28] INFO  server.RaftServerConfigKeys (ConfUtils.java:logGet(43)) - raft.server.watch.timeout.denomination = 1s (default)
2019-09-25 12:10:16,194 [efb2beac-26e0-4b3b-9934-2458c1147cfd@group-678B3229D230:LeaderElection29] INFO  server.RaftServerConfigKeys (ConfUtils.java:logGet(43)) - raft.server.watch.timeout.denomination = 1s (default)
2019-09-25 12:10:16,194 [efb2beac-26e0-4b3b-9934-2458c1147cfd@group-568A6F25B054:LeaderElection28] INFO  server.RaftServerConfigKeys (ConfUtils.java:logGet(43)) - raft.server.watch.element-limit = 65536 (default)
2019-09-25 12:10:16,195 [efb2beac-26e0-4b3b-9934-2458c1147cfd@group-678B3229D230:LeaderElection29] INFO  server.RaftServerConfigKeys (ConfUtils.java:logGet(43)) - raft.server.watch.element-limit = 65536 (default)
2019-09-25 12:10:16,196 [c7bed0cc-269f-4b54-bb5a-2be104ddf1a5@group-B6327E9CEEBC:LeaderElection30] INFO  impl.RoleInfo (RoleInfo.java:updateAndGet(143)) - c7bed0cc-269f-4b54-bb5a-2be104ddf1a5: start LeaderState
2019-09-25 12:10:16,197 [c7bed0cc-269f-4b54-bb5a-2be104ddf1a5@group-B6327E9CEEBC:LeaderElection30] INFO  segmented.SegmentedRaftLogWorker (SegmentedRaftLogWorker.java:startLogSegment(380)) - c7bed0cc-269f-4b54-bb5a-2be104ddf1a5@group-B6327E9CEEBC-SegmentedRaftLogWorker: Starting segment from index:0
2019-09-25 12:10:16,197 [c7bed0cc-269f-4b54-bb5a-2be104ddf1a5@group-B6327E9CEEBC:LeaderElection30] INFO  impl.RaftServerImpl (ServerState.java:setRaftConf(354)) - c7bed0cc-269f-4b54-bb5a-2be104ddf1a5@group-B6327E9CEEBC: set configuration 0: [c7bed0cc-269f-4b54-bb5a-2be104ddf1a5:192.168.151.73:42323], old=null at 0
2019-09-25 12:10:16,237 [efb2beac-26e0-4b3b-9934-2458c1147cfd@group-568A6F25B054:LeaderElection28] INFO  impl.RoleInfo (RoleInfo.java:updateAndGet(143)) - efb2beac-26e0-4b3b-9934-2458c1147cfd: start LeaderState
2019-09-25 12:10:16,237 [efb2beac-26e0-4b3b-9934-2458c1147cfd@group-678B3229D230:LeaderElection29] INFO  impl.RoleInfo (RoleInfo.java:updateAndGet(143)) - efb2beac-26e0-4b3b-9934-2458c1147cfd: start LeaderState
2019-09-25 12:10:16,238 [efb2beac-26e0-4b3b-9934-2458c1147cfd@group-568A6F25B054:LeaderElection28] INFO  segmented.SegmentedRaftLogWorker (SegmentedRaftLogWorker.java:startLogSegment(380)) - efb2beac-26e0-4b3b-9934-2458c1147cfd@group-568A6F25B054-SegmentedRaftLogWorker: Starting segment from index:0
2019-09-25 12:10:16,238 [efb2beac-26e0-4b3b-9934-2458c1147cfd@group-678B3229D230:LeaderElection29] INFO  segmented.SegmentedRaftLogWorker (SegmentedRaftLogWorker.java:startLogSegment(380)) - efb2beac-26e0-4b3b-9934-2458c1147cfd@group-678B3229D230-SegmentedRaftLogWorker: Starting segment from index:0
2019-09-25 12:10:16,238 [efb2beac-26e0-4b3b-9934-2458c1147cfd@group-568A6F25B054:LeaderElection28] INFO  impl.RaftServerImpl (ServerState.java:setRaftConf(354)) - efb2beac-26e0-4b3b-9934-2458c1147cfd@group-568A6F25B054: set configuration 0: [efb2beac-26e0-4b3b-9934-2458c1147cfd:192.168.151.73:43064], old=null at 0
2019-09-25 12:10:16,238 [efb2beac-26e0-4b3b-9934-2458c1147cfd@group-678B3229D230:LeaderElection29] INFO  impl.RaftServerImpl (ServerState.java:setRaftConf(354)) - efb2beac-26e0-4b3b-9934-2458c1147cfd@group-678B3229D230: set configuration 0: [efb2beac-26e0-4b3b-9934-2458c1147cfd:192.168.151.73:43064], old=null at 0
2019-09-25 12:10:16,281 [c7bed0cc-269f-4b54-bb5a-2be104ddf1a5@group-B6327E9CEEBC-SegmentedRaftLogWorker] INFO  segmented.SegmentedRaftLogWorker (SegmentedRaftLogWorker.java:execute(569)) - c7bed0cc-269f-4b54-bb5a-2be104ddf1a5@group-B6327E9CEEBC-SegmentedRaftLogWorker: created new log segment /workdir/hadoop-ozone/integration-test/target/test-dir/MiniOzoneClusterImpl-b6380e3c-fb04-4178-98e9-eb7b36240636/datanode-5/data/ratis/0ed233ac-b3ac-4c05-af51-b6327e9ceebc/current/log_inprogress_0
2019-09-25 12:10:16,293 [efb2beac-26e0-4b3b-9934-2458c1147cfd@group-568A6F25B054-SegmentedRaftLogWorker] INFO  segmented.SegmentedRaftLogWorker (SegmentedRaftLogWorker.java:execute(569)) - efb2beac-26e0-4b3b-9934-2458c1147cfd@group-568A6F25B054-SegmentedRaftLogWorker: created new log segment /workdir/hadoop-ozone/integration-test/target/test-dir/MiniOzoneClusterImpl-b6380e3c-fb04-4178-98e9-eb7b36240636/datanode-4/data/ratis/f0aba127-57f1-424c-b26e-568a6f25b054/current/log_inprogress_0
2019-09-25 12:10:16,293 [efb2beac-26e0-4b3b-9934-2458c1147cfd@group-678B3229D230-SegmentedRaftLogWorker] INFO  segmented.SegmentedRaftLogWorker (SegmentedRaftLogWorker.java:execute(569)) - efb2beac-26e0-4b3b-9934-2458c1147cfd@group-678B3229D230-SegmentedRaftLogWorker: created new log segment /workdir/hadoop-ozone/integration-test/target/test-dir/MiniOzoneClusterImpl-b6380e3c-fb04-4178-98e9-eb7b36240636/datanode-4/data/ratis/c3461144-bf11-4a5f-adc2-678b3229d230/current/log_inprogress_0
2019-09-25 12:10:16,313 [Thread-334] INFO  impl.FollowerState (FollowerState.java:run(106)) - 75407fdb-c05d-4d79-b869-4dab60013158:group-18147AC26922 changes to CANDIDATE, lastRpcTime:5108, electionTimeout:5108ms
2019-09-25 12:10:16,313 [Thread-334] INFO  impl.RoleInfo (RoleInfo.java:shutdownFollowerState(121)) - 75407fdb-c05d-4d79-b869-4dab60013158: shutdown FollowerState
2019-09-25 12:10:16,313 [Thread-334] INFO  impl.RaftServerImpl (RaftServerImpl.java:setRole(174)) - 75407fdb-c05d-4d79-b869-4dab60013158@group-18147AC26922: changes role from  FOLLOWER to CANDIDATE at term 0 for changeToCandidate
2019-09-25 12:10:16,314 [Thread-334] INFO  impl.RoleInfo (RoleInfo.java:updateAndGet(143)) - 75407fdb-c05d-4d79-b869-4dab60013158: start LeaderElection
2019-09-25 12:10:16,330 [75407fdb-c05d-4d79-b869-4dab60013158@group-18147AC26922:LeaderElection31] INFO  impl.LeaderElection (LeaderElection.java:askForVotes(182)) - 75407fdb-c05d-4d79-b869-4dab60013158@group-18147AC26922:LeaderElection31: begin an election at term 1 for -1: [75407fdb-c05d-4d79-b869-4dab60013158:192.168.151.73:41746], old=null
2019-09-25 12:10:16,330 [75407fdb-c05d-4d79-b869-4dab60013158@group-18147AC26922:LeaderElection31] INFO  impl.RoleInfo (RoleInfo.java:shutdownLeaderElection(134)) - 75407fdb-c05d-4d79-b869-4dab60013158: shutdown LeaderElection
2019-09-25 12:10:16,330 [75407fdb-c05d-4d79-b869-4dab60013158@group-18147AC26922:LeaderElection31] INFO  impl.RaftServerImpl (RaftServerImpl.java:setRole(174)) - 75407fdb-c05d-4d79-b869-4dab60013158@group-18147AC26922: changes role from CANDIDATE to LEADER at term 1 for changeToLeader
2019-09-25 12:10:16,330 [75407fdb-c05d-4d79-b869-4dab60013158@group-18147AC26922:LeaderElection31] INFO  impl.RaftServerImpl (ServerState.java:setLeader(253)) - 75407fdb-c05d-4d79-b869-4dab60013158@group-18147AC26922: change Leader from null to 75407fdb-c05d-4d79-b869-4dab60013158 at term 1 for becomeLeader, leader elected after 5133ms
2019-09-25 12:10:16,330 [75407fdb-c05d-4d79-b869-4dab60013158@group-18147AC26922:LeaderElection31] INFO  server.RaftServerConfigKeys (ConfUtils.java:logGet(43)) - raft.server.staging.catchup.gap = 1000 (default)
2019-09-25 12:10:16,330 [75407fdb-c05d-4d79-b869-4dab60013158@group-18147AC26922:LeaderElection31] INFO  server.RaftServerConfigKeys (ConfUtils.java:logGet(43)) - raft.server.rpc.sleep.time = 25ms (default)
2019-09-25 12:10:16,330 [75407fdb-c05d-4d79-b869-4dab60013158@group-18147AC26922:LeaderElection31] INFO  server.RaftServerConfigKeys (ConfUtils.java:logGet(43)) - raft.server.write.element-limit = 4096 (default)
2019-09-25 12:10:16,330 [75407fdb-c05d-4d79-b869-4dab60013158@group-18147AC26922:LeaderElection31] INFO  server.RaftServerConfigKeys (ConfUtils.java:logGet(43)) - raft.server.watch.timeout = 10s (default)
2019-09-25 12:10:16,331 [75407fdb-c05d-4d79-b869-4dab60013158@group-18147AC26922:LeaderElection31] INFO  server.RaftServerConfigKeys (ConfUtils.java:logGet(43)) - raft.server.watch.timeout.denomination = 1s (default)
2019-09-25 12:10:16,331 [75407fdb-c05d-4d79-b869-4dab60013158@group-18147AC26922:LeaderElection31] INFO  server.RaftServerConfigKeys (ConfUtils.java:logGet(43)) - raft.server.watch.element-limit = 65536 (default)
2019-09-25 12:10:16,333 [75407fdb-c05d-4d79-b869-4dab60013158@group-18147AC26922:LeaderElection31] INFO  impl.RoleInfo (RoleInfo.java:updateAndGet(143)) - 75407fdb-c05d-4d79-b869-4dab60013158: start LeaderState
2019-09-25 12:10:16,333 [75407fdb-c05d-4d79-b869-4dab60013158@group-18147AC26922:LeaderElection31] INFO  segmented.SegmentedRaftLogWorker (SegmentedRaftLogWorker.java:startLogSegment(380)) - 75407fdb-c05d-4d79-b869-4dab60013158@group-18147AC26922-SegmentedRaftLogWorker: Starting segment from index:0
2019-09-25 12:10:16,333 [75407fdb-c05d-4d79-b869-4dab60013158@group-18147AC26922:LeaderElection31] INFO  impl.RaftServerImpl (ServerState.java:setRaftConf(354)) - 75407fdb-c05d-4d79-b869-4dab60013158@group-18147AC26922: set configuration 0: [75407fdb-c05d-4d79-b869-4dab60013158:192.168.151.73:41746], old=null at 0
2019-09-25 12:10:16,400 [75407fdb-c05d-4d79-b869-4dab60013158@group-18147AC26922-SegmentedRaftLogWorker] INFO  segmented.SegmentedRaftLogWorker (SegmentedRaftLogWorker.java:execute(569)) - 75407fdb-c05d-4d79-b869-4dab60013158@group-18147AC26922-SegmentedRaftLogWorker: created new log segment /workdir/hadoop-ozone/integration-test/target/test-dir/MiniOzoneClusterImpl-b6380e3c-fb04-4178-98e9-eb7b36240636/datanode-0/data/ratis/217463ef-05bc-403a-a94b-18147ac26922/current/log_inprogress_0
2019-09-25 12:10:16,435 [Thread-340] INFO  impl.FollowerState (FollowerState.java:run(106)) - e9a0ea36-247e-456c-8e42-8632faf34d05:group-36A94B516B63 changes to CANDIDATE, lastRpcTime:5079, electionTimeout:5079ms
2019-09-25 12:10:16,436 [Thread-340] INFO  impl.RoleInfo (RoleInfo.java:shutdownFollowerState(121)) - e9a0ea36-247e-456c-8e42-8632faf34d05: shutdown FollowerState
2019-09-25 12:10:16,436 [Thread-340] INFO  impl.RaftServerImpl (RaftServerImpl.java:setRole(174)) - e9a0ea36-247e-456c-8e42-8632faf34d05@group-36A94B516B63: changes role from  FOLLOWER to CANDIDATE at term 0 for changeToCandidate
2019-09-25 12:10:16,436 [Thread-340] INFO  impl.RoleInfo (RoleInfo.java:updateAndGet(143)) - e9a0ea36-247e-456c-8e42-8632faf34d05: start LeaderElection
2019-09-25 12:10:16,452 [e9a0ea36-247e-456c-8e42-8632faf34d05@group-36A94B516B63:LeaderElection32] INFO  impl.LeaderElection (LeaderElection.java:askForVotes(182)) - e9a0ea36-247e-456c-8e42-8632faf34d05@group-36A94B516B63:LeaderElection32: begin an election at term 1 for -1: [e9a0ea36-247e-456c-8e42-8632faf34d05:192.168.151.73:42435], old=null
2019-09-25 12:10:16,452 [e9a0ea36-247e-456c-8e42-8632faf34d05@group-36A94B516B63:LeaderElection32] INFO  impl.RoleInfo (RoleInfo.java:shutdownLeaderElection(134)) - e9a0ea36-247e-456c-8e42-8632faf34d05: shutdown LeaderElection
2019-09-25 12:10:16,453 [e9a0ea36-247e-456c-8e42-8632faf34d05@group-36A94B516B63:LeaderElection32] INFO  impl.RaftServerImpl (RaftServerImpl.java:setRole(174)) - e9a0ea36-247e-456c-8e42-8632faf34d05@group-36A94B516B63: changes role from CANDIDATE to LEADER at term 1 for changeToLeader
2019-09-25 12:10:16,453 [e9a0ea36-247e-456c-8e42-8632faf34d05@group-36A94B516B63:LeaderElection32] INFO  impl.RaftServerImpl (ServerState.java:setLeader(253)) - e9a0ea36-247e-456c-8e42-8632faf34d05@group-36A94B516B63: change Leader from null to e9a0ea36-247e-456c-8e42-8632faf34d05 at term 1 for becomeLeader, leader elected after 5104ms
2019-09-25 12:10:16,453 [e9a0ea36-247e-456c-8e42-8632faf34d05@group-36A94B516B63:LeaderElection32] INFO  server.RaftServerConfigKeys (ConfUtils.java:logGet(43)) - raft.server.staging.catchup.gap = 1000 (default)
2019-09-25 12:10:16,453 [e9a0ea36-247e-456c-8e42-8632faf34d05@group-36A94B516B63:LeaderElection32] INFO  server.RaftServerConfigKeys (ConfUtils.java:logGet(43)) - raft.server.rpc.sleep.time = 25ms (default)
2019-09-25 12:10:16,453 [e9a0ea36-247e-456c-8e42-8632faf34d05@group-36A94B516B63:LeaderElection32] INFO  server.RaftServerConfigKeys (ConfUtils.java:logGet(43)) - raft.server.write.element-limit = 4096 (default)
2019-09-25 12:10:16,453 [e9a0ea36-247e-456c-8e42-8632faf34d05@group-36A94B516B63:LeaderElection32] INFO  server.RaftServerConfigKeys (ConfUtils.java:logGet(43)) - raft.server.watch.timeout = 10s (default)
2019-09-25 12:10:16,454 [e9a0ea36-247e-456c-8e42-8632faf34d05@group-36A94B516B63:LeaderElection32] INFO  server.RaftServerConfigKeys (ConfUtils.java:logGet(43)) - raft.server.watch.timeout.denomination = 1s (default)
2019-09-25 12:10:16,454 [e9a0ea36-247e-456c-8e42-8632faf34d05@group-36A94B516B63:LeaderElection32] INFO  server.RaftServerConfigKeys (ConfUtils.java:logGet(43)) - raft.server.watch.element-limit = 65536 (default)
2019-09-25 12:10:16,457 [e9a0ea36-247e-456c-8e42-8632faf34d05@group-36A94B516B63:LeaderElection32] INFO  impl.RoleInfo (RoleInfo.java:updateAndGet(143)) - e9a0ea36-247e-456c-8e42-8632faf34d05: start LeaderState
2019-09-25 12:10:16,457 [e9a0ea36-247e-456c-8e42-8632faf34d05@group-36A94B516B63:LeaderElection32] INFO  segmented.SegmentedRaftLogWorker (SegmentedRaftLogWorker.java:startLogSegment(380)) - e9a0ea36-247e-456c-8e42-8632faf34d05@group-36A94B516B63-SegmentedRaftLogWorker: Starting segment from index:0
2019-09-25 12:10:16,458 [e9a0ea36-247e-456c-8e42-8632faf34d05@group-36A94B516B63:LeaderElection32] INFO  impl.RaftServerImpl (ServerState.java:setRaftConf(354)) - e9a0ea36-247e-456c-8e42-8632faf34d05@group-36A94B516B63: set configuration 0: [e9a0ea36-247e-456c-8e42-8632faf34d05:192.168.151.73:42435], old=null at 0
2019-09-25 12:10:16,494 [Thread-337] INFO  impl.FollowerState (FollowerState.java:run(106)) - e9a0ea36-247e-456c-8e42-8632faf34d05:group-AE8865FB6860 changes to CANDIDATE, lastRpcTime:5207, electionTimeout:5192ms
2019-09-25 12:10:16,495 [Thread-337] INFO  impl.RoleInfo (RoleInfo.java:shutdownFollowerState(121)) - e9a0ea36-247e-456c-8e42-8632faf34d05: shutdown FollowerState
2019-09-25 12:10:16,495 [Thread-337] INFO  impl.RaftServerImpl (RaftServerImpl.java:setRole(174)) - e9a0ea36-247e-456c-8e42-8632faf34d05@group-AE8865FB6860: changes role from  FOLLOWER to CANDIDATE at term 0 for changeToCandidate
2019-09-25 12:10:16,495 [Thread-337] INFO  impl.RoleInfo (RoleInfo.java:updateAndGet(143)) - e9a0ea36-247e-456c-8e42-8632faf34d05: start LeaderElection
2019-09-25 12:10:16,526 [e9a0ea36-247e-456c-8e42-8632faf34d05@group-36A94B516B63-SegmentedRaftLogWorker] INFO  segmented.SegmentedRaftLogWorker (SegmentedRaftLogWorker.java:execute(569)) - e9a0ea36-247e-456c-8e42-8632faf34d05@group-36A94B516B63-SegmentedRaftLogWorker: created new log segment /workdir/hadoop-ozone/integration-test/target/test-dir/MiniOzoneClusterImpl-b6380e3c-fb04-4178-98e9-eb7b36240636/datanode-3/data/ratis/ae80dc87-75c7-44e7-bdb9-36a94b516b63/current/log_inprogress_0
2019-09-25 12:10:16,526 [e9a0ea36-247e-456c-8e42-8632faf34d05@group-AE8865FB6860:LeaderElection33] INFO  impl.LeaderElection (LeaderElection.java:askForVotes(182)) - e9a0ea36-247e-456c-8e42-8632faf34d05@group-AE8865FB6860:LeaderElection33: begin an election at term 1 for -1: [e9a0ea36-247e-456c-8e42-8632faf34d05:192.168.151.73:42435], old=null
2019-09-25 12:10:16,526 [e9a0ea36-247e-456c-8e42-8632faf34d05@group-AE8865FB6860:LeaderElection33] INFO  impl.RoleInfo (RoleInfo.java:shutdownLeaderElection(134)) - e9a0ea36-247e-456c-8e42-8632faf34d05: shutdown LeaderElection
2019-09-25 12:10:16,526 [e9a0ea36-247e-456c-8e42-8632faf34d05@group-AE8865FB6860:LeaderElection33] INFO  impl.RaftServerImpl (RaftServerImpl.java:setRole(174)) - e9a0ea36-247e-456c-8e42-8632faf34d05@group-AE8865FB6860: changes role from CANDIDATE to LEADER at term 1 for changeToLeader
2019-09-25 12:10:16,526 [e9a0ea36-247e-456c-8e42-8632faf34d05@group-AE8865FB6860:LeaderElection33] INFO  impl.RaftServerImpl (ServerState.java:setLeader(253)) - e9a0ea36-247e-456c-8e42-8632faf34d05@group-AE8865FB6860: change Leader from null to e9a0ea36-247e-456c-8e42-8632faf34d05 at term 1 for becomeLeader, leader elected after 5247ms
2019-09-25 12:10:16,527 [e9a0ea36-247e-456c-8e42-8632faf34d05@group-AE8865FB6860:LeaderElection33] INFO  server.RaftServerConfigKeys (ConfUtils.java:logGet(43)) - raft.server.staging.catchup.gap = 1000 (default)
2019-09-25 12:10:16,527 [e9a0ea36-247e-456c-8e42-8632faf34d05@group-AE8865FB6860:LeaderElection33] INFO  server.RaftServerConfigKeys (ConfUtils.java:logGet(43)) - raft.server.rpc.sleep.time = 25ms (default)
2019-09-25 12:10:16,527 [e9a0ea36-247e-456c-8e42-8632faf34d05@group-AE8865FB6860:LeaderElection33] INFO  server.RaftServerConfigKeys (ConfUtils.java:logGet(43)) - raft.server.write.element-limit = 4096 (default)
2019-09-25 12:10:16,527 [e9a0ea36-247e-456c-8e42-8632faf34d05@group-AE8865FB6860:LeaderElection33] INFO  server.RaftServerConfigKeys (ConfUtils.java:logGet(43)) - raft.server.watch.timeout = 10s (default)
2019-09-25 12:10:16,527 [e9a0ea36-247e-456c-8e42-8632faf34d05@group-AE8865FB6860:LeaderElection33] INFO  server.RaftServerConfigKeys (ConfUtils.java:logGet(43)) - raft.server.watch.timeout.denomination = 1s (default)
2019-09-25 12:10:16,527 [e9a0ea36-247e-456c-8e42-8632faf34d05@group-AE8865FB6860:LeaderElection33] INFO  server.RaftServerConfigKeys (ConfUtils.java:logGet(43)) - raft.server.watch.element-limit = 65536 (default)
2019-09-25 12:10:16,530 [e9a0ea36-247e-456c-8e42-8632faf34d05@group-AE8865FB6860:LeaderElection33] INFO  impl.RoleInfo (RoleInfo.java:updateAndGet(143)) - e9a0ea36-247e-456c-8e42-8632faf34d05: start LeaderState
2019-09-25 12:10:16,530 [e9a0ea36-247e-456c-8e42-8632faf34d05@group-AE8865FB6860:LeaderElection33] INFO  segmented.SegmentedRaftLogWorker (SegmentedRaftLogWorker.java:startLogSegment(380)) - e9a0ea36-247e-456c-8e42-8632faf34d05@group-AE8865FB6860-SegmentedRaftLogWorker: Starting segment from index:0
2019-09-25 12:10:16,531 [e9a0ea36-247e-456c-8e42-8632faf34d05@group-AE8865FB6860:LeaderElection33] INFO  impl.RaftServerImpl (ServerState.java:setRaftConf(354)) - e9a0ea36-247e-456c-8e42-8632faf34d05@group-AE8865FB6860: set configuration 0: [e9a0ea36-247e-456c-8e42-8632faf34d05:192.168.151.73:42435], old=null at 0
2019-09-25 12:10:16,579 [e9a0ea36-247e-456c-8e42-8632faf34d05@group-AE8865FB6860-SegmentedRaftLogWorker] INFO  segmented.SegmentedRaftLogWorker (SegmentedRaftLogWorker.java:execute(569)) - e9a0ea36-247e-456c-8e42-8632faf34d05@group-AE8865FB6860-SegmentedRaftLogWorker: created new log segment /workdir/hadoop-ozone/integration-test/target/test-dir/MiniOzoneClusterImpl-b6380e3c-fb04-4178-98e9-eb7b36240636/datanode-3/data/ratis/eae3fbea-d486-4ac4-87a5-ae8865fb6860/current/log_inprogress_0
2019-09-25 12:10:16,588 [Thread-343] INFO  impl.FollowerState (FollowerState.java:run(106)) - c7bed0cc-269f-4b54-bb5a-2be104ddf1a5:group-B88C4A079FD1 changes to CANDIDATE, lastRpcTime:5170, electionTimeout:5170ms
2019-09-25 12:10:16,588 [Thread-343] INFO  impl.RoleInfo (RoleInfo.java:shutdownFollowerState(121)) - c7bed0cc-269f-4b54-bb5a-2be104ddf1a5: shutdown FollowerState
2019-09-25 12:10:16,588 [Thread-343] INFO  impl.RaftServerImpl (RaftServerImpl.java:setRole(174)) - c7bed0cc-269f-4b54-bb5a-2be104ddf1a5@group-B88C4A079FD1: changes role from  FOLLOWER to CANDIDATE at term 0 for changeToCandidate
2019-09-25 12:10:16,589 [Thread-343] INFO  impl.RoleInfo (RoleInfo.java:updateAndGet(143)) - c7bed0cc-269f-4b54-bb5a-2be104ddf1a5: start LeaderElection
2019-09-25 12:10:16,608 [c7bed0cc-269f-4b54-bb5a-2be104ddf1a5@group-B88C4A079FD1:LeaderElection34] INFO  impl.LeaderElection (LeaderElection.java:askForVotes(182)) - c7bed0cc-269f-4b54-bb5a-2be104ddf1a5@group-B88C4A079FD1:LeaderElection34: begin an election at term 1 for -1: [c7bed0cc-269f-4b54-bb5a-2be104ddf1a5:192.168.151.73:42323], old=null
2019-09-25 12:10:16,608 [c7bed0cc-269f-4b54-bb5a-2be104ddf1a5@group-B88C4A079FD1:LeaderElection34] INFO  impl.RoleInfo (RoleInfo.java:shutdownLeaderElection(134)) - c7bed0cc-269f-4b54-bb5a-2be104ddf1a5: shutdown LeaderElection
2019-09-25 12:10:16,608 [c7bed0cc-269f-4b54-bb5a-2be104ddf1a5@group-B88C4A079FD1:LeaderElection34] INFO  impl.RaftServerImpl (RaftServerImpl.java:setRole(174)) - c7bed0cc-269f-4b54-bb5a-2be104ddf1a5@group-B88C4A079FD1: changes role from CANDIDATE to LEADER at term 1 for changeToLeader
2019-09-25 12:10:16,609 [c7bed0cc-269f-4b54-bb5a-2be104ddf1a5@group-B88C4A079FD1:LeaderElection34] INFO  impl.RaftServerImpl (ServerState.java:setLeader(253)) - c7bed0cc-269f-4b54-bb5a-2be104ddf1a5@group-B88C4A079FD1: change Leader from null to c7bed0cc-269f-4b54-bb5a-2be104ddf1a5 at term 1 for becomeLeader, leader elected after 5196ms
2019-09-25 12:10:16,609 [c7bed0cc-269f-4b54-bb5a-2be104ddf1a5@group-B88C4A079FD1:LeaderElection34] INFO  server.RaftServerConfigKeys (ConfUtils.java:logGet(43)) - raft.server.staging.catchup.gap = 1000 (default)
2019-09-25 12:10:16,609 [c7bed0cc-269f-4b54-bb5a-2be104ddf1a5@group-B88C4A079FD1:LeaderElection34] INFO  server.RaftServerConfigKeys (ConfUtils.java:logGet(43)) - raft.server.rpc.sleep.time = 25ms (default)
2019-09-25 12:10:16,609 [c7bed0cc-269f-4b54-bb5a-2be104ddf1a5@group-B88C4A079FD1:LeaderElection34] INFO  server.RaftServerConfigKeys (ConfUtils.java:logGet(43)) - raft.server.write.element-limit = 4096 (default)
2019-09-25 12:10:16,610 [c7bed0cc-269f-4b54-bb5a-2be104ddf1a5@group-B88C4A079FD1:LeaderElection34] INFO  server.RaftServerConfigKeys (ConfUtils.java:logGet(43)) - raft.server.watch.timeout = 10s (default)
2019-09-25 12:10:16,610 [c7bed0cc-269f-4b54-bb5a-2be104ddf1a5@group-B88C4A079FD1:LeaderElection34] INFO  server.RaftServerConfigKeys (ConfUtils.java:logGet(43)) - raft.server.watch.timeout.denomination = 1s (default)
2019-09-25 12:10:16,610 [c7bed0cc-269f-4b54-bb5a-2be104ddf1a5@group-B88C4A079FD1:LeaderElection34] INFO  server.RaftServerConfigKeys (ConfUtils.java:logGet(43)) - raft.server.watch.element-limit = 65536 (default)
2019-09-25 12:10:16,613 [c7bed0cc-269f-4b54-bb5a-2be104ddf1a5@group-B88C4A079FD1:LeaderElection34] INFO  impl.RoleInfo (RoleInfo.java:updateAndGet(143)) - c7bed0cc-269f-4b54-bb5a-2be104ddf1a5: start LeaderState
2019-09-25 12:10:16,614 [c7bed0cc-269f-4b54-bb5a-2be104ddf1a5@group-B88C4A079FD1:LeaderElection34] INFO  segmented.SegmentedRaftLogWorker (SegmentedRaftLogWorker.java:startLogSegment(380)) - c7bed0cc-269f-4b54-bb5a-2be104ddf1a5@group-B88C4A079FD1-SegmentedRaftLogWorker: Starting segment from index:0
2019-09-25 12:10:16,614 [c7bed0cc-269f-4b54-bb5a-2be104ddf1a5@group-B88C4A079FD1:LeaderElection34] INFO  impl.RaftServerImpl (ServerState.java:setRaftConf(354)) - c7bed0cc-269f-4b54-bb5a-2be104ddf1a5@group-B88C4A079FD1: set configuration 0: [c7bed0cc-269f-4b54-bb5a-2be104ddf1a5:192.168.151.73:42323], old=null at 0
2019-09-25 12:10:16,652 [Thread-346] INFO  impl.FollowerState (FollowerState.java:run(106)) - c7bed0cc-269f-4b54-bb5a-2be104ddf1a5:group-0141DD6D042B changes to CANDIDATE, lastRpcTime:5167, electionTimeout:5162ms
2019-09-25 12:10:16,652 [Thread-352] INFO  impl.FollowerState (FollowerState.java:run(106)) - c7bed0cc-269f-4b54-bb5a-2be104ddf1a5:group-72C942AE92DD changes to CANDIDATE, lastRpcTime:5034, electionTimeout:5025ms
2019-09-25 12:10:16,652 [Thread-346] INFO  impl.RoleInfo (RoleInfo.java:shutdownFollowerState(121)) - c7bed0cc-269f-4b54-bb5a-2be104ddf1a5: shutdown FollowerState
2019-09-25 12:10:16,653 [Thread-352] INFO  impl.RoleInfo (RoleInfo.java:shutdownFollowerState(121)) - c7bed0cc-269f-4b54-bb5a-2be104ddf1a5: shutdown FollowerState
2019-09-25 12:10:16,653 [Thread-346] INFO  impl.RaftServerImpl (RaftServerImpl.java:setRole(174)) - c7bed0cc-269f-4b54-bb5a-2be104ddf1a5@group-0141DD6D042B: changes role from  FOLLOWER to CANDIDATE at term 0 for changeToCandidate
2019-09-25 12:10:16,653 [Thread-352] INFO  impl.RaftServerImpl (RaftServerImpl.java:setRole(174)) - c7bed0cc-269f-4b54-bb5a-2be104ddf1a5@group-72C942AE92DD: changes role from  FOLLOWER to CANDIDATE at term 0 for changeToCandidate
2019-09-25 12:10:16,653 [Thread-346] INFO  impl.RoleInfo (RoleInfo.java:updateAndGet(143)) - c7bed0cc-269f-4b54-bb5a-2be104ddf1a5: start LeaderElection
2019-09-25 12:10:16,653 [Thread-352] INFO  impl.RoleInfo (RoleInfo.java:updateAndGet(143)) - c7bed0cc-269f-4b54-bb5a-2be104ddf1a5: start LeaderElection
2019-09-25 12:10:16,665 [c7bed0cc-269f-4b54-bb5a-2be104ddf1a5@group-B88C4A079FD1-SegmentedRaftLogWorker] INFO  segmented.SegmentedRaftLogWorker (SegmentedRaftLogWorker.java:execute(569)) - c7bed0cc-269f-4b54-bb5a-2be104ddf1a5@group-B88C4A079FD1-SegmentedRaftLogWorker: created new log segment /workdir/hadoop-ozone/integration-test/target/test-dir/MiniOzoneClusterImpl-b6380e3c-fb04-4178-98e9-eb7b36240636/datanode-5/data/ratis/65c61527-a8a9-489a-ae85-b88c4a079fd1/current/log_inprogress_0
2019-09-25 12:10:16,665 [c7bed0cc-269f-4b54-bb5a-2be104ddf1a5@group-0141DD6D042B:LeaderElection35] INFO  impl.LeaderElection (LeaderElection.java:askForVotes(182)) - c7bed0cc-269f-4b54-bb5a-2be104ddf1a5@group-0141DD6D042B:LeaderElection35: begin an election at term 1 for -1: [c7bed0cc-269f-4b54-bb5a-2be104ddf1a5:192.168.151.73:42323], old=null
2019-09-25 12:10:16,665 [c7bed0cc-269f-4b54-bb5a-2be104ddf1a5@group-72C942AE92DD:LeaderElection36] INFO  impl.LeaderElection (LeaderElection.java:askForVotes(182)) - c7bed0cc-269f-4b54-bb5a-2be104ddf1a5@group-72C942AE92DD:LeaderElection36: begin an election at term 1 for -1: [c7bed0cc-269f-4b54-bb5a-2be104ddf1a5:192.168.151.73:42323], old=null
2019-09-25 12:10:16,666 [c7bed0cc-269f-4b54-bb5a-2be104ddf1a5@group-0141DD6D042B:LeaderElection35] INFO  impl.RoleInfo (RoleInfo.java:shutdownLeaderElection(134)) - c7bed0cc-269f-4b54-bb5a-2be104ddf1a5: shutdown LeaderElection
2019-09-25 12:10:16,666 [c7bed0cc-269f-4b54-bb5a-2be104ddf1a5@group-72C942AE92DD:LeaderElection36] INFO  impl.RoleInfo (RoleInfo.java:shutdownLeaderElection(134)) - c7bed0cc-269f-4b54-bb5a-2be104ddf1a5: shutdown LeaderElection
2019-09-25 12:10:16,666 [c7bed0cc-269f-4b54-bb5a-2be104ddf1a5@group-0141DD6D042B:LeaderElection35] INFO  impl.RaftServerImpl (RaftServerImpl.java:setRole(174)) - c7bed0cc-269f-4b54-bb5a-2be104ddf1a5@group-0141DD6D042B: changes role from CANDIDATE to LEADER at term 1 for changeToLeader
2019-09-25 12:10:16,666 [c7bed0cc-269f-4b54-bb5a-2be104ddf1a5@group-72C942AE92DD:LeaderElection36] INFO  impl.RaftServerImpl (RaftServerImpl.java:setRole(174)) - c7bed0cc-269f-4b54-bb5a-2be104ddf1a5@group-72C942AE92DD: changes role from CANDIDATE to LEADER at term 1 for changeToLeader
2019-09-25 12:10:16,666 [c7bed0cc-269f-4b54-bb5a-2be104ddf1a5@group-0141DD6D042B:LeaderElection35] INFO  impl.RaftServerImpl (ServerState.java:setLeader(253)) - c7bed0cc-269f-4b54-bb5a-2be104ddf1a5@group-0141DD6D042B: change Leader from null to c7bed0cc-269f-4b54-bb5a-2be104ddf1a5 at term 1 for becomeLeader, leader elected after 5186ms
2019-09-25 12:10:16,666 [c7bed0cc-269f-4b54-bb5a-2be104ddf1a5@group-72C942AE92DD:LeaderElection36] INFO  impl.RaftServerImpl (ServerState.java:setLeader(253)) - c7bed0cc-269f-4b54-bb5a-2be104ddf1a5@group-72C942AE92DD: change Leader from null to c7bed0cc-269f-4b54-bb5a-2be104ddf1a5 at term 1 for becomeLeader, leader elected after 5055ms
2019-09-25 12:10:16,666 [c7bed0cc-269f-4b54-bb5a-2be104ddf1a5@group-0141DD6D042B:LeaderElection35] INFO  server.RaftServerConfigKeys (ConfUtils.java:logGet(43)) - raft.server.staging.catchup.gap = 1000 (default)
2019-09-25 12:10:16,666 [c7bed0cc-269f-4b54-bb5a-2be104ddf1a5@group-72C942AE92DD:LeaderElection36] INFO  server.RaftServerConfigKeys (ConfUtils.java:logGet(43)) - raft.server.staging.catchup.gap = 1000 (default)
2019-09-25 12:10:16,666 [c7bed0cc-269f-4b54-bb5a-2be104ddf1a5@group-0141DD6D042B:LeaderElection35] INFO  server.RaftServerConfigKeys (ConfUtils.java:logGet(43)) - raft.server.rpc.sleep.time = 25ms (default)
2019-09-25 12:10:16,667 [c7bed0cc-269f-4b54-bb5a-2be104ddf1a5@group-72C942AE92DD:LeaderElection36] INFO  server.RaftServerConfigKeys (ConfUtils.java:logGet(43)) - raft.server.rpc.sleep.time = 25ms (default)
2019-09-25 12:10:16,667 [c7bed0cc-269f-4b54-bb5a-2be104ddf1a5@group-0141DD6D042B:LeaderElection35] INFO  server.RaftServerConfigKeys (ConfUtils.java:logGet(43)) - raft.server.write.element-limit = 4096 (default)
2019-09-25 12:10:16,667 [c7bed0cc-269f-4b54-bb5a-2be104ddf1a5@group-72C942AE92DD:LeaderElection36] INFO  server.RaftServerConfigKeys (ConfUtils.java:logGet(43)) - raft.server.write.element-limit = 4096 (default)
2019-09-25 12:10:16,667 [c7bed0cc-269f-4b54-bb5a-2be104ddf1a5@group-0141DD6D042B:LeaderElection35] INFO  server.RaftServerConfigKeys (ConfUtils.java:logGet(43)) - raft.server.watch.timeout = 10s (default)
2019-09-25 12:10:16,667 [c7bed0cc-269f-4b54-bb5a-2be104ddf1a5@group-72C942AE92DD:LeaderElection36] INFO  server.RaftServerConfigKeys (ConfUtils.java:logGet(43)) - raft.server.watch.timeout = 10s (default)
2019-09-25 12:10:16,667 [c7bed0cc-269f-4b54-bb5a-2be104ddf1a5@group-0141DD6D042B:LeaderElection35] INFO  server.RaftServerConfigKeys (ConfUtils.java:logGet(43)) - raft.server.watch.timeout.denomination = 1s (default)
2019-09-25 12:10:16,667 [c7bed0cc-269f-4b54-bb5a-2be104ddf1a5@group-72C942AE92DD:LeaderElection36] INFO  server.RaftServerConfigKeys (ConfUtils.java:logGet(43)) - raft.server.watch.timeout.denomination = 1s (default)
2019-09-25 12:10:16,667 [c7bed0cc-269f-4b54-bb5a-2be104ddf1a5@group-0141DD6D042B:LeaderElection35] INFO  server.RaftServerConfigKeys (ConfUtils.java:logGet(43)) - raft.server.watch.element-limit = 65536 (default)
2019-09-25 12:10:16,668 [c7bed0cc-269f-4b54-bb5a-2be104ddf1a5@group-72C942AE92DD:LeaderElection36] INFO  server.RaftServerConfigKeys (ConfUtils.java:logGet(43)) - raft.server.watch.element-limit = 65536 (default)
2019-09-25 12:10:16,671 [c7bed0cc-269f-4b54-bb5a-2be104ddf1a5@group-72C942AE92DD:LeaderElection36] INFO  impl.RoleInfo (RoleInfo.java:updateAndGet(143)) - c7bed0cc-269f-4b54-bb5a-2be104ddf1a5: start LeaderState
2019-09-25 12:10:16,671 [c7bed0cc-269f-4b54-bb5a-2be104ddf1a5@group-72C942AE92DD:LeaderElection36] INFO  segmented.SegmentedRaftLogWorker (SegmentedRaftLogWorker.java:startLogSegment(380)) - c7bed0cc-269f-4b54-bb5a-2be104ddf1a5@group-72C942AE92DD-SegmentedRaftLogWorker: Starting segment from index:0
2019-09-25 12:10:16,671 [c7bed0cc-269f-4b54-bb5a-2be104ddf1a5@group-0141DD6D042B:LeaderElection35] INFO  impl.RoleInfo (RoleInfo.java:updateAndGet(143)) - c7bed0cc-269f-4b54-bb5a-2be104ddf1a5: start LeaderState
2019-09-25 12:10:16,671 [c7bed0cc-269f-4b54-bb5a-2be104ddf1a5@group-72C942AE92DD:LeaderElection36] INFO  impl.RaftServerImpl (ServerState.java:setRaftConf(354)) - c7bed0cc-269f-4b54-bb5a-2be104ddf1a5@group-72C942AE92DD: set configuration 0: [c7bed0cc-269f-4b54-bb5a-2be104ddf1a5:192.168.151.73:42323], old=null at 0
2019-09-25 12:10:16,709 [c7bed0cc-269f-4b54-bb5a-2be104ddf1a5@group-0141DD6D042B:LeaderElection35] INFO  segmented.SegmentedRaftLogWorker (SegmentedRaftLogWorker.java:startLogSegment(380)) - c7bed0cc-269f-4b54-bb5a-2be104ddf1a5@group-0141DD6D042B-SegmentedRaftLogWorker: Starting segment from index:0
2019-09-25 12:10:16,709 [Thread-349] INFO  impl.FollowerState (FollowerState.java:run(106)) - e9a0ea36-247e-456c-8e42-8632faf34d05:group-C8048A22A4C6 changes to CANDIDATE, lastRpcTime:5175, electionTimeout:5138ms
2019-09-25 12:10:16,710 [Thread-349] INFO  impl.RoleInfo (RoleInfo.java:shutdownFollowerState(121)) - e9a0ea36-247e-456c-8e42-8632faf34d05: shutdown FollowerState
2019-09-25 12:10:16,710 [Thread-349] INFO  impl.RaftServerImpl (RaftServerImpl.java:setRole(174)) - e9a0ea36-247e-456c-8e42-8632faf34d05@group-C8048A22A4C6: changes role from  FOLLOWER to CANDIDATE at term 0 for changeToCandidate
2019-09-25 12:10:16,710 [c7bed0cc-269f-4b54-bb5a-2be104ddf1a5@group-0141DD6D042B:LeaderElection35] INFO  impl.RaftServerImpl (ServerState.java:setRaftConf(354)) - c7bed0cc-269f-4b54-bb5a-2be104ddf1a5@group-0141DD6D042B: set configuration 0: [c7bed0cc-269f-4b54-bb5a-2be104ddf1a5:192.168.151.73:42323], old=null at 0
2019-09-25 12:10:16,710 [Thread-349] INFO  impl.RoleInfo (RoleInfo.java:updateAndGet(143)) - e9a0ea36-247e-456c-8e42-8632faf34d05: start LeaderElection
2019-09-25 12:10:16,751 [c7bed0cc-269f-4b54-bb5a-2be104ddf1a5@group-72C942AE92DD-SegmentedRaftLogWorker] INFO  segmented.SegmentedRaftLogWorker (SegmentedRaftLogWorker.java:execute(569)) - c7bed0cc-269f-4b54-bb5a-2be104ddf1a5@group-72C942AE92DD-SegmentedRaftLogWorker: created new log segment /workdir/hadoop-ozone/integration-test/target/test-dir/MiniOzoneClusterImpl-b6380e3c-fb04-4178-98e9-eb7b36240636/datanode-5/data/ratis/887a5e11-3933-442d-aa62-72c942ae92dd/current/log_inprogress_0
2019-09-25 12:10:16,764 [c7bed0cc-269f-4b54-bb5a-2be104ddf1a5@group-0141DD6D042B-SegmentedRaftLogWorker] INFO  segmented.SegmentedRaftLogWorker (SegmentedRaftLogWorker.java:execute(569)) - c7bed0cc-269f-4b54-bb5a-2be104ddf1a5@group-0141DD6D042B-SegmentedRaftLogWorker: created new log segment /workdir/hadoop-ozone/integration-test/target/test-dir/MiniOzoneClusterImpl-b6380e3c-fb04-4178-98e9-eb7b36240636/datanode-5/data/ratis/65b67e6d-f025-4696-9c47-0141dd6d042b/current/log_inprogress_0
2019-09-25 12:10:16,764 [e9a0ea36-247e-456c-8e42-8632faf34d05@group-C8048A22A4C6:LeaderElection37] INFO  impl.LeaderElection (LeaderElection.java:askForVotes(182)) - e9a0ea36-247e-456c-8e42-8632faf34d05@group-C8048A22A4C6:LeaderElection37: begin an election at term 1 for -1: [e9a0ea36-247e-456c-8e42-8632faf34d05:192.168.151.73:42435], old=null
2019-09-25 12:10:16,764 [e9a0ea36-247e-456c-8e42-8632faf34d05@group-C8048A22A4C6:LeaderElection37] INFO  impl.RoleInfo (RoleInfo.java:shutdownLeaderElection(134)) - e9a0ea36-247e-456c-8e42-8632faf34d05: shutdown LeaderElection
2019-09-25 12:10:16,764 [e9a0ea36-247e-456c-8e42-8632faf34d05@group-C8048A22A4C6:LeaderElection37] INFO  impl.RaftServerImpl (RaftServerImpl.java:setRole(174)) - e9a0ea36-247e-456c-8e42-8632faf34d05@group-C8048A22A4C6: changes role from CANDIDATE to LEADER at term 1 for changeToLeader
2019-09-25 12:10:16,764 [e9a0ea36-247e-456c-8e42-8632faf34d05@group-C8048A22A4C6:LeaderElection37] INFO  impl.RaftServerImpl (ServerState.java:setLeader(253)) - e9a0ea36-247e-456c-8e42-8632faf34d05@group-C8048A22A4C6: change Leader from null to e9a0ea36-247e-456c-8e42-8632faf34d05 at term 1 for becomeLeader, leader elected after 5235ms
2019-09-25 12:10:16,764 [e9a0ea36-247e-456c-8e42-8632faf34d05@group-C8048A22A4C6:LeaderElection37] INFO  server.RaftServerConfigKeys (ConfUtils.java:logGet(43)) - raft.server.staging.catchup.gap = 1000 (default)
2019-09-25 12:10:16,765 [e9a0ea36-247e-456c-8e42-8632faf34d05@group-C8048A22A4C6:LeaderElection37] INFO  server.RaftServerConfigKeys (ConfUtils.java:logGet(43)) - raft.server.rpc.sleep.time = 25ms (default)
2019-09-25 12:10:16,765 [e9a0ea36-247e-456c-8e42-8632faf34d05@group-C8048A22A4C6:LeaderElection37] INFO  server.RaftServerConfigKeys (ConfUtils.java:logGet(43)) - raft.server.write.element-limit = 4096 (default)
2019-09-25 12:10:16,765 [e9a0ea36-247e-456c-8e42-8632faf34d05@group-C8048A22A4C6:LeaderElection37] INFO  server.RaftServerConfigKeys (ConfUtils.java:logGet(43)) - raft.server.watch.timeout = 10s (default)
2019-09-25 12:10:16,765 [e9a0ea36-247e-456c-8e42-8632faf34d05@group-C8048A22A4C6:LeaderElection37] INFO  server.RaftServerConfigKeys (ConfUtils.java:logGet(43)) - raft.server.watch.timeout.denomination = 1s (default)
2019-09-25 12:10:16,765 [e9a0ea36-247e-456c-8e42-8632faf34d05@group-C8048A22A4C6:LeaderElection37] INFO  server.RaftServerConfigKeys (ConfUtils.java:logGet(43)) - raft.server.watch.element-limit = 65536 (default)
2019-09-25 12:10:16,768 [e9a0ea36-247e-456c-8e42-8632faf34d05@group-C8048A22A4C6:LeaderElection37] INFO  impl.RoleInfo (RoleInfo.java:updateAndGet(143)) - e9a0ea36-247e-456c-8e42-8632faf34d05: start LeaderState
2019-09-25 12:10:16,768 [e9a0ea36-247e-456c-8e42-8632faf34d05@group-C8048A22A4C6:LeaderElection37] INFO  segmented.SegmentedRaftLogWorker (SegmentedRaftLogWorker.java:startLogSegment(380)) - e9a0ea36-247e-456c-8e42-8632faf34d05@group-C8048A22A4C6-SegmentedRaftLogWorker: Starting segment from index:0
2019-09-25 12:10:16,769 [e9a0ea36-247e-456c-8e42-8632faf34d05@group-C8048A22A4C6:LeaderElection37] INFO  impl.RaftServerImpl (ServerState.java:setRaftConf(354)) - e9a0ea36-247e-456c-8e42-8632faf34d05@group-C8048A22A4C6: set configuration 0: [e9a0ea36-247e-456c-8e42-8632faf34d05:192.168.151.73:42435], old=null at 0
2019-09-25 12:10:16,814 [e9a0ea36-247e-456c-8e42-8632faf34d05@group-C8048A22A4C6-SegmentedRaftLogWorker] INFO  segmented.SegmentedRaftLogWorker (SegmentedRaftLogWorker.java:execute(569)) - e9a0ea36-247e-456c-8e42-8632faf34d05@group-C8048A22A4C6-SegmentedRaftLogWorker: created new log segment /workdir/hadoop-ozone/integration-test/target/test-dir/MiniOzoneClusterImpl-b6380e3c-fb04-4178-98e9-eb7b36240636/datanode-3/data/ratis/70594db8-01ce-4597-9771-c8048a22a4c6/current/log_inprogress_0
2019-09-25 12:10:16,870 [Thread-355] INFO  impl.FollowerState (FollowerState.java:run(106)) - e1810a45-b9a3-4acb-b85d-088610f584f2:group-E6003B78F1D8 changes to CANDIDATE, lastRpcTime:5189, electionTimeout:5189ms
2019-09-25 12:10:16,871 [Thread-355] INFO  impl.RoleInfo (RoleInfo.java:shutdownFollowerState(121)) - e1810a45-b9a3-4acb-b85d-088610f584f2: shutdown FollowerState
2019-09-25 12:10:16,871 [Thread-355] INFO  impl.RaftServerImpl (RaftServerImpl.java:setRole(174)) - e1810a45-b9a3-4acb-b85d-088610f584f2@group-E6003B78F1D8: changes role from  FOLLOWER to CANDIDATE at term 0 for changeToCandidate
2019-09-25 12:10:16,871 [Thread-355] INFO  impl.RoleInfo (RoleInfo.java:updateAndGet(143)) - e1810a45-b9a3-4acb-b85d-088610f584f2: start LeaderElection
2019-09-25 12:10:16,888 [e1810a45-b9a3-4acb-b85d-088610f584f2@group-E6003B78F1D8:LeaderElection38] INFO  impl.LeaderElection (LeaderElection.java:askForVotes(182)) - e1810a45-b9a3-4acb-b85d-088610f584f2@group-E6003B78F1D8:LeaderElection38: begin an election at term 1 for -1: [e1810a45-b9a3-4acb-b85d-088610f584f2:192.168.151.73:46771], old=null
2019-09-25 12:10:16,888 [e1810a45-b9a3-4acb-b85d-088610f584f2@group-E6003B78F1D8:LeaderElection38] INFO  impl.RoleInfo (RoleInfo.java:shutdownLeaderElection(134)) - e1810a45-b9a3-4acb-b85d-088610f584f2: shutdown LeaderElection
2019-09-25 12:10:16,889 [e1810a45-b9a3-4acb-b85d-088610f584f2@group-E6003B78F1D8:LeaderElection38] INFO  impl.RaftServerImpl (RaftServerImpl.java:setRole(174)) - e1810a45-b9a3-4acb-b85d-088610f584f2@group-E6003B78F1D8: changes role from CANDIDATE to LEADER at term 1 for changeToLeader
2019-09-25 12:10:16,889 [e1810a45-b9a3-4acb-b85d-088610f584f2@group-E6003B78F1D8:LeaderElection38] INFO  impl.RaftServerImpl (ServerState.java:setLeader(253)) - e1810a45-b9a3-4acb-b85d-088610f584f2@group-E6003B78F1D8: change Leader from null to e1810a45-b9a3-4acb-b85d-088610f584f2 at term 1 for becomeLeader, leader elected after 5218ms
2019-09-25 12:10:16,889 [e1810a45-b9a3-4acb-b85d-088610f584f2@group-E6003B78F1D8:LeaderElection38] INFO  server.RaftServerConfigKeys (ConfUtils.java:logGet(43)) - raft.server.staging.catchup.gap = 1000 (default)
2019-09-25 12:10:16,889 [e1810a45-b9a3-4acb-b85d-088610f584f2@group-E6003B78F1D8:LeaderElection38] INFO  server.RaftServerConfigKeys (ConfUtils.java:logGet(43)) - raft.server.rpc.sleep.time = 25ms (default)
2019-09-25 12:10:16,889 [e1810a45-b9a3-4acb-b85d-088610f584f2@group-E6003B78F1D8:LeaderElection38] INFO  server.RaftServerConfigKeys (ConfUtils.java:logGet(43)) - raft.server.write.element-limit = 4096 (default)
2019-09-25 12:10:16,890 [e1810a45-b9a3-4acb-b85d-088610f584f2@group-E6003B78F1D8:LeaderElection38] INFO  server.RaftServerConfigKeys (ConfUtils.java:logGet(43)) - raft.server.watch.timeout = 10s (default)
2019-09-25 12:10:16,890 [e1810a45-b9a3-4acb-b85d-088610f584f2@group-E6003B78F1D8:LeaderElection38] INFO  server.RaftServerConfigKeys (ConfUtils.java:logGet(43)) - raft.server.watch.timeout.denomination = 1s (default)
2019-09-25 12:10:16,890 [e1810a45-b9a3-4acb-b85d-088610f584f2@group-E6003B78F1D8:LeaderElection38] INFO  server.RaftServerConfigKeys (ConfUtils.java:logGet(43)) - raft.server.watch.element-limit = 65536 (default)
2019-09-25 12:10:16,892 [e1810a45-b9a3-4acb-b85d-088610f584f2@group-E6003B78F1D8:LeaderElection38] INFO  impl.RoleInfo (RoleInfo.java:updateAndGet(143)) - e1810a45-b9a3-4acb-b85d-088610f584f2: start LeaderState
2019-09-25 12:10:16,893 [e1810a45-b9a3-4acb-b85d-088610f584f2@group-E6003B78F1D8:LeaderElection38] INFO  segmented.SegmentedRaftLogWorker (SegmentedRaftLogWorker.java:startLogSegment(380)) - e1810a45-b9a3-4acb-b85d-088610f584f2@group-E6003B78F1D8-SegmentedRaftLogWorker: Starting segment from index:0
2019-09-25 12:10:16,893 [e1810a45-b9a3-4acb-b85d-088610f584f2@group-E6003B78F1D8:LeaderElection38] INFO  impl.RaftServerImpl (ServerState.java:setRaftConf(354)) - e1810a45-b9a3-4acb-b85d-088610f584f2@group-E6003B78F1D8: set configuration 0: [e1810a45-b9a3-4acb-b85d-088610f584f2:192.168.151.73:46771], old=null at 0
2019-09-25 12:10:16,940 [Thread-358] INFO  impl.FollowerState (FollowerState.java:run(106)) - e1810a45-b9a3-4acb-b85d-088610f584f2:group-00ED38997B3C changes to CANDIDATE, lastRpcTime:5184, electionTimeout:5179ms
2019-09-25 12:10:16,940 [Thread-358] INFO  impl.RoleInfo (RoleInfo.java:shutdownFollowerState(121)) - e1810a45-b9a3-4acb-b85d-088610f584f2: shutdown FollowerState
2019-09-25 12:10:16,940 [Thread-358] INFO  impl.RaftServerImpl (RaftServerImpl.java:setRole(174)) - e1810a45-b9a3-4acb-b85d-088610f584f2@group-00ED38997B3C: changes role from  FOLLOWER to CANDIDATE at term 0 for changeToCandidate
2019-09-25 12:10:16,941 [Thread-358] INFO  impl.RoleInfo (RoleInfo.java:updateAndGet(143)) - e1810a45-b9a3-4acb-b85d-088610f584f2: start LeaderElection
2019-09-25 12:10:17,007 [e1810a45-b9a3-4acb-b85d-088610f584f2@group-E6003B78F1D8-SegmentedRaftLogWorker] INFO  segmented.SegmentedRaftLogWorker (SegmentedRaftLogWorker.java:execute(569)) - e1810a45-b9a3-4acb-b85d-088610f584f2@group-E6003B78F1D8-SegmentedRaftLogWorker: created new log segment /workdir/hadoop-ozone/integration-test/target/test-dir/MiniOzoneClusterImpl-b6380e3c-fb04-4178-98e9-eb7b36240636/datanode-6/data/ratis/dba6ad31-6936-4686-8d9e-e6003b78f1d8/current/log_inprogress_0
2019-09-25 12:10:17,016 [Thread-361] INFO  impl.FollowerState (FollowerState.java:run(106)) - e1810a45-b9a3-4acb-b85d-088610f584f2:group-31729B4234E2 changes to CANDIDATE, lastRpcTime:5157, electionTimeout:5157ms
2019-09-25 12:10:17,017 [Thread-361] INFO  impl.RoleInfo (RoleInfo.java:shutdownFollowerState(121)) - e1810a45-b9a3-4acb-b85d-088610f584f2: shutdown FollowerState
2019-09-25 12:10:17,017 [Thread-361] INFO  impl.RaftServerImpl (RaftServerImpl.java:setRole(174)) - e1810a45-b9a3-4acb-b85d-088610f584f2@group-31729B4234E2: changes role from  FOLLOWER to CANDIDATE at term 0 for changeToCandidate
2019-09-25 12:10:17,017 [Thread-361] INFO  impl.RoleInfo (RoleInfo.java:updateAndGet(143)) - e1810a45-b9a3-4acb-b85d-088610f584f2: start LeaderElection
2019-09-25 12:10:17,056 [e1810a45-b9a3-4acb-b85d-088610f584f2@group-00ED38997B3C:LeaderElection39] INFO  impl.LeaderElection (LeaderElection.java:askForVotes(182)) - e1810a45-b9a3-4acb-b85d-088610f584f2@group-00ED38997B3C:LeaderElection39: begin an election at term 1 for -1: [e1810a45-b9a3-4acb-b85d-088610f584f2:192.168.151.73:46771], old=null
2019-09-25 12:10:17,057 [e1810a45-b9a3-4acb-b85d-088610f584f2@group-00ED38997B3C:LeaderElection39] INFO  impl.RoleInfo (RoleInfo.java:shutdownLeaderElection(134)) - e1810a45-b9a3-4acb-b85d-088610f584f2: shutdown LeaderElection
2019-09-25 12:10:17,057 [e1810a45-b9a3-4acb-b85d-088610f584f2@group-00ED38997B3C:LeaderElection39] INFO  impl.RaftServerImpl (RaftServerImpl.java:setRole(174)) - e1810a45-b9a3-4acb-b85d-088610f584f2@group-00ED38997B3C: changes role from CANDIDATE to LEADER at term 1 for changeToLeader
2019-09-25 12:10:17,057 [e1810a45-b9a3-4acb-b85d-088610f584f2@group-00ED38997B3C:LeaderElection39] INFO  impl.RaftServerImpl (ServerState.java:setLeader(253)) - e1810a45-b9a3-4acb-b85d-088610f584f2@group-00ED38997B3C: change Leader from null to e1810a45-b9a3-4acb-b85d-088610f584f2 at term 1 for becomeLeader, leader elected after 5307ms
2019-09-25 12:10:17,057 [e1810a45-b9a3-4acb-b85d-088610f584f2@group-00ED38997B3C:LeaderElection39] INFO  server.RaftServerConfigKeys (ConfUtils.java:logGet(43)) - raft.server.staging.catchup.gap = 1000 (default)
2019-09-25 12:10:17,057 [e1810a45-b9a3-4acb-b85d-088610f584f2@group-00ED38997B3C:LeaderElection39] INFO  server.RaftServerConfigKeys (ConfUtils.java:logGet(43)) - raft.server.rpc.sleep.time = 25ms (default)
2019-09-25 12:10:17,057 [e1810a45-b9a3-4acb-b85d-088610f584f2@group-00ED38997B3C:LeaderElection39] INFO  server.RaftServerConfigKeys (ConfUtils.java:logGet(43)) - raft.server.write.element-limit = 4096 (default)
2019-09-25 12:10:17,058 [e1810a45-b9a3-4acb-b85d-088610f584f2@group-00ED38997B3C:LeaderElection39] INFO  server.RaftServerConfigKeys (ConfUtils.java:logGet(43)) - raft.server.watch.timeout = 10s (default)
2019-09-25 12:10:17,058 [e1810a45-b9a3-4acb-b85d-088610f584f2@group-00ED38997B3C:LeaderElection39] INFO  server.RaftServerConfigKeys (ConfUtils.java:logGet(43)) - raft.server.watch.timeout.denomination = 1s (default)
2019-09-25 12:10:17,058 [e1810a45-b9a3-4acb-b85d-088610f584f2@group-00ED38997B3C:LeaderElection39] INFO  server.RaftServerConfigKeys (ConfUtils.java:logGet(43)) - raft.server.watch.element-limit = 65536 (default)
2019-09-25 12:10:17,061 [e1810a45-b9a3-4acb-b85d-088610f584f2@group-00ED38997B3C:LeaderElection39] INFO  impl.RoleInfo (RoleInfo.java:updateAndGet(143)) - e1810a45-b9a3-4acb-b85d-088610f584f2: start LeaderState
2019-09-25 12:10:17,061 [e1810a45-b9a3-4acb-b85d-088610f584f2@group-00ED38997B3C:LeaderElection39] INFO  segmented.SegmentedRaftLogWorker (SegmentedRaftLogWorker.java:startLogSegment(380)) - e1810a45-b9a3-4acb-b85d-088610f584f2@group-00ED38997B3C-SegmentedRaftLogWorker: Starting segment from index:0
2019-09-25 12:10:17,062 [e1810a45-b9a3-4acb-b85d-088610f584f2@group-00ED38997B3C:LeaderElection39] INFO  impl.RaftServerImpl (ServerState.java:setRaftConf(354)) - e1810a45-b9a3-4acb-b85d-088610f584f2@group-00ED38997B3C: set configuration 0: [e1810a45-b9a3-4acb-b85d-088610f584f2:192.168.151.73:46771], old=null at 0
2019-09-25 12:10:17,108 [Thread-364] INFO  impl.FollowerState (FollowerState.java:run(106)) - e1810a45-b9a3-4acb-b85d-088610f584f2:group-5D903DA40926 changes to CANDIDATE, lastRpcTime:5170, electionTimeout:5128ms
2019-09-25 12:10:17,108 [e1810a45-b9a3-4acb-b85d-088610f584f2@group-31729B4234E2:LeaderElection40] INFO  impl.LeaderElection (LeaderElection.java:askForVotes(182)) - e1810a45-b9a3-4acb-b85d-088610f584f2@group-31729B4234E2:LeaderElection40: begin an election at term 1 for -1: [e1810a45-b9a3-4acb-b85d-088610f584f2:192.168.151.73:46771], old=null
2019-09-25 12:10:17,109 [Thread-364] INFO  impl.RoleInfo (RoleInfo.java:shutdownFollowerState(121)) - e1810a45-b9a3-4acb-b85d-088610f584f2: shutdown FollowerState
2019-09-25 12:10:17,109 [e1810a45-b9a3-4acb-b85d-088610f584f2@group-31729B4234E2:LeaderElection40] INFO  impl.RoleInfo (RoleInfo.java:shutdownLeaderElection(134)) - e1810a45-b9a3-4acb-b85d-088610f584f2: shutdown LeaderElection
2019-09-25 12:10:17,109 [Thread-364] INFO  impl.RaftServerImpl (RaftServerImpl.java:setRole(174)) - e1810a45-b9a3-4acb-b85d-088610f584f2@group-5D903DA40926: changes role from  FOLLOWER to CANDIDATE at term 0 for changeToCandidate
2019-09-25 12:10:17,109 [e1810a45-b9a3-4acb-b85d-088610f584f2@group-31729B4234E2:LeaderElection40] INFO  impl.RaftServerImpl (RaftServerImpl.java:setRole(174)) - e1810a45-b9a3-4acb-b85d-088610f584f2@group-31729B4234E2: changes role from CANDIDATE to LEADER at term 1 for changeToLeader
2019-09-25 12:10:17,109 [Thread-364] INFO  impl.RoleInfo (RoleInfo.java:updateAndGet(143)) - e1810a45-b9a3-4acb-b85d-088610f584f2: start LeaderElection
2019-09-25 12:10:17,109 [e1810a45-b9a3-4acb-b85d-088610f584f2@group-31729B4234E2:LeaderElection40] INFO  impl.RaftServerImpl (ServerState.java:setLeader(253)) - e1810a45-b9a3-4acb-b85d-088610f584f2@group-31729B4234E2: change Leader from null to e1810a45-b9a3-4acb-b85d-088610f584f2 at term 1 for becomeLeader, leader elected after 5258ms
2019-09-25 12:10:17,110 [e1810a45-b9a3-4acb-b85d-088610f584f2@group-31729B4234E2:LeaderElection40] INFO  server.RaftServerConfigKeys (ConfUtils.java:logGet(43)) - raft.server.staging.catchup.gap = 1000 (default)
2019-09-25 12:10:17,110 [e1810a45-b9a3-4acb-b85d-088610f584f2@group-31729B4234E2:LeaderElection40] INFO  server.RaftServerConfigKeys (ConfUtils.java:logGet(43)) - raft.server.rpc.sleep.time = 25ms (default)
2019-09-25 12:10:17,110 [e1810a45-b9a3-4acb-b85d-088610f584f2@group-31729B4234E2:LeaderElection40] INFO  server.RaftServerConfigKeys (ConfUtils.java:logGet(43)) - raft.server.write.element-limit = 4096 (default)
2019-09-25 12:10:17,110 [e1810a45-b9a3-4acb-b85d-088610f584f2@group-31729B4234E2:LeaderElection40] INFO  server.RaftServerConfigKeys (ConfUtils.java:logGet(43)) - raft.server.watch.timeout = 10s (default)
2019-09-25 12:10:17,111 [e1810a45-b9a3-4acb-b85d-088610f584f2@group-31729B4234E2:LeaderElection40] INFO  server.RaftServerConfigKeys (ConfUtils.java:logGet(43)) - raft.server.watch.timeout.denomination = 1s (default)
2019-09-25 12:10:17,111 [main] INFO  ozoneimpl.OzoneContainer (OzoneContainer.java:stop(231)) - Attempting to stop container services.
2019-09-25 12:10:17,111 [e1810a45-b9a3-4acb-b85d-088610f584f2@group-31729B4234E2:LeaderElection40] INFO  server.RaftServerConfigKeys (ConfUtils.java:logGet(43)) - raft.server.watch.element-limit = 65536 (default)
2019-09-25 12:10:17,111 [ForkJoinPool.commonPool-worker-1] INFO  ozoneimpl.OzoneContainer (OzoneContainer.java:stop(231)) - Attempting to stop container services.
2019-09-25 12:10:17,112 [main] INFO  impl.RaftServerProxy (RaftServerProxy.java:lambda$close$4(314)) - efb2beac-26e0-4b3b-9934-2458c1147cfd: close
2019-09-25 12:10:17,112 [ForkJoinPool.commonPool-worker-1] INFO  impl.RaftServerProxy (RaftServerProxy.java:lambda$close$4(314)) - 98c6e6f4-875d-42de-b8a9-30ed89dcc8e7: close
2019-09-25 12:10:17,113 [e1810a45-b9a3-4acb-b85d-088610f584f2@group-00ED38997B3C-SegmentedRaftLogWorker] INFO  segmented.SegmentedRaftLogWorker (SegmentedRaftLogWorker.java:execute(569)) - e1810a45-b9a3-4acb-b85d-088610f584f2@group-00ED38997B3C-SegmentedRaftLogWorker: created new log segment /workdir/hadoop-ozone/integration-test/target/test-dir/MiniOzoneClusterImpl-b6380e3c-fb04-4178-98e9-eb7b36240636/datanode-6/data/ratis/0d4cdafb-3e04-45b9-b9c3-00ed38997b3c/current/log_inprogress_0
2019-09-25 12:10:17,113 [e1810a45-b9a3-4acb-b85d-088610f584f2@group-5D903DA40926:LeaderElection41] INFO  impl.LeaderElection (LeaderElection.java:askForVotes(182)) - e1810a45-b9a3-4acb-b85d-088610f584f2@group-5D903DA40926:LeaderElection41: begin an election at term 1 for -1: [e1810a45-b9a3-4acb-b85d-088610f584f2:192.168.151.73:46771], old=null
2019-09-25 12:10:17,113 [e1810a45-b9a3-4acb-b85d-088610f584f2@group-5D903DA40926:LeaderElection41] INFO  impl.RoleInfo (RoleInfo.java:shutdownLeaderElection(134)) - e1810a45-b9a3-4acb-b85d-088610f584f2: shutdown LeaderElection
2019-09-25 12:10:17,113 [e1810a45-b9a3-4acb-b85d-088610f584f2@group-5D903DA40926:LeaderElection41] INFO  impl.RaftServerImpl (RaftServerImpl.java:setRole(174)) - e1810a45-b9a3-4acb-b85d-088610f584f2@group-5D903DA40926: changes role from CANDIDATE to LEADER at term 1 for changeToLeader
2019-09-25 12:10:17,114 [e1810a45-b9a3-4acb-b85d-088610f584f2@group-5D903DA40926:LeaderElection41] INFO  impl.RaftServerImpl (ServerState.java:setLeader(253)) - e1810a45-b9a3-4acb-b85d-088610f584f2@group-5D903DA40926: change Leader from null to e1810a45-b9a3-4acb-b85d-088610f584f2 at term 1 for becomeLeader, leader elected after 5183ms
2019-09-25 12:10:17,114 [e1810a45-b9a3-4acb-b85d-088610f584f2@group-5D903DA40926:LeaderElection41] INFO  server.RaftServerConfigKeys (ConfUtils.java:logGet(43)) - raft.server.staging.catchup.gap = 1000 (default)
2019-09-25 12:10:17,114 [e1810a45-b9a3-4acb-b85d-088610f584f2@group-31729B4234E2:LeaderElection40] INFO  impl.RoleInfo (RoleInfo.java:updateAndGet(143)) - e1810a45-b9a3-4acb-b85d-088610f584f2: start LeaderState
2019-09-25 12:10:17,114 [e1810a45-b9a3-4acb-b85d-088610f584f2@group-5D903DA40926:LeaderElection41] INFO  server.RaftServerConfigKeys (ConfUtils.java:logGet(43)) - raft.server.rpc.sleep.time = 25ms (default)
2019-09-25 12:10:17,114 [e1810a45-b9a3-4acb-b85d-088610f584f2@group-31729B4234E2:LeaderElection40] INFO  segmented.SegmentedRaftLogWorker (SegmentedRaftLogWorker.java:startLogSegment(380)) - e1810a45-b9a3-4acb-b85d-088610f584f2@group-31729B4234E2-SegmentedRaftLogWorker: Starting segment from index:0
2019-09-25 12:10:17,114 [e1810a45-b9a3-4acb-b85d-088610f584f2@group-5D903DA40926:LeaderElection41] INFO  server.RaftServerConfigKeys (ConfUtils.java:logGet(43)) - raft.server.write.element-limit = 4096 (default)
2019-09-25 12:10:17,115 [e1810a45-b9a3-4acb-b85d-088610f584f2@group-5D903DA40926:LeaderElection41] INFO  server.RaftServerConfigKeys (ConfUtils.java:logGet(43)) - raft.server.watch.timeout = 10s (default)
2019-09-25 12:10:17,115 [e1810a45-b9a3-4acb-b85d-088610f584f2@group-31729B4234E2:LeaderElection40] INFO  impl.RaftServerImpl (ServerState.java:setRaftConf(354)) - e1810a45-b9a3-4acb-b85d-088610f584f2@group-31729B4234E2: set configuration 0: [e1810a45-b9a3-4acb-b85d-088610f584f2:192.168.151.73:46771], old=null at 0
2019-09-25 12:10:17,115 [e1810a45-b9a3-4acb-b85d-088610f584f2@group-5D903DA40926:LeaderElection41] INFO  server.RaftServerConfigKeys (ConfUtils.java:logGet(43)) - raft.server.watch.timeout.denomination = 1s (default)
2019-09-25 12:10:17,167 [Thread-367] INFO  impl.FollowerState (FollowerState.java:run(106)) - e1810a45-b9a3-4acb-b85d-088610f584f2:group-D8A491083118 changes to CANDIDATE, lastRpcTime:5180, electionTimeout:5139ms
2019-09-25 12:10:17,167 [e1810a45-b9a3-4acb-b85d-088610f584f2@group-5D903DA40926:LeaderElection41] INFO  server.RaftServerConfigKeys (ConfUtils.java:logGet(43)) - raft.server.watch.element-limit = 65536 (default)
2019-09-25 12:10:17,167 [ForkJoinPool.commonPool-worker-1] INFO  impl.RaftServerImpl (RaftServerImpl.java:lambda$shutdown$3(251)) - 98c6e6f4-875d-42de-b8a9-30ed89dcc8e7@group-F450BE929A30: shutdown
2019-09-25 12:10:17,167 [main] INFO  impl.RaftServerImpl (RaftServerImpl.java:lambda$shutdown$3(251)) - efb2beac-26e0-4b3b-9934-2458c1147cfd@group-568A6F25B054: shutdown
2019-09-25 12:10:17,168 [ForkJoinPool.commonPool-worker-1] INFO  util.JmxRegister (JmxRegister.java:unregister(73)) - Successfully un-registered JMX Bean with object name Ratis:service=RaftServer,group=group-F450BE929A30,id=98c6e6f4-875d-42de-b8a9-30ed89dcc8e7
2019-09-25 12:10:17,169 [ForkJoinPool.commonPool-worker-1] INFO  impl.RoleInfo (RoleInfo.java:shutdownLeaderState(104)) - 98c6e6f4-875d-42de-b8a9-30ed89dcc8e7: shutdown LeaderState
2019-09-25 12:10:17,168 [Thread-367] INFO  impl.RoleInfo (RoleInfo.java:shutdownFollowerState(121)) - e1810a45-b9a3-4acb-b85d-088610f584f2: shutdown FollowerState
2019-09-25 12:10:17,169 [main] INFO  util.JmxRegister (JmxRegister.java:unregister(73)) - Successfully un-registered JMX Bean with object name Ratis:service=RaftServer,group=group-568A6F25B054,id=efb2beac-26e0-4b3b-9934-2458c1147cfd
2019-09-25 12:10:17,170 [Thread-367] INFO  impl.RaftServerImpl (RaftServerImpl.java:setRole(174)) - e1810a45-b9a3-4acb-b85d-088610f584f2@group-D8A491083118: changes role from  FOLLOWER to CANDIDATE at term 0 for changeToCandidate
2019-09-25 12:10:17,170 [main] INFO  impl.RoleInfo (RoleInfo.java:shutdownLeaderState(104)) - efb2beac-26e0-4b3b-9934-2458c1147cfd: shutdown LeaderState
2019-09-25 12:10:17,170 [Thread-367] INFO  impl.RoleInfo (RoleInfo.java:updateAndGet(143)) - e1810a45-b9a3-4acb-b85d-088610f584f2: start LeaderElection
2019-09-25 12:10:17,171 [e1810a45-b9a3-4acb-b85d-088610f584f2@group-5D903DA40926:LeaderElection41] INFO  impl.RoleInfo (RoleInfo.java:updateAndGet(143)) - e1810a45-b9a3-4acb-b85d-088610f584f2: start LeaderState
2019-09-25 12:10:17,171 [e1810a45-b9a3-4acb-b85d-088610f584f2@group-5D903DA40926:LeaderElection41] INFO  segmented.SegmentedRaftLogWorker (SegmentedRaftLogWorker.java:startLogSegment(380)) - e1810a45-b9a3-4acb-b85d-088610f584f2@group-5D903DA40926-SegmentedRaftLogWorker: Starting segment from index:0
2019-09-25 12:10:17,172 [main] INFO  impl.PendingRequests (PendingRequests.java:sendNotLeaderResponses(202)) - efb2beac-26e0-4b3b-9934-2458c1147cfd-PendingRequests: sendNotLeaderResponses
2019-09-25 12:10:17,175 [e1810a45-b9a3-4acb-b85d-088610f584f2@group-31729B4234E2-SegmentedRaftLogWorker] INFO  segmented.SegmentedRaftLogWorker (SegmentedRaftLogWorker.java:execute(569)) - e1810a45-b9a3-4acb-b85d-088610f584f2@group-31729B4234E2-SegmentedRaftLogWorker: created new log segment /workdir/hadoop-ozone/integration-test/target/test-dir/MiniOzoneClusterImpl-b6380e3c-fb04-4178-98e9-eb7b36240636/datanode-6/data/ratis/0ee0e6b6-62e2-49c1-bc27-31729b4234e2/current/log_inprogress_0
2019-09-25 12:10:17,175 [e1810a45-b9a3-4acb-b85d-088610f584f2@group-5D903DA40926:LeaderElection41] INFO  impl.RaftServerImpl (ServerState.java:setRaftConf(354)) - e1810a45-b9a3-4acb-b85d-088610f584f2@group-5D903DA40926: set configuration 0: [e1810a45-b9a3-4acb-b85d-088610f584f2:192.168.151.73:46771], old=null at 0
2019-09-25 12:10:17,172 [ForkJoinPool.commonPool-worker-1] INFO  impl.PendingRequests (PendingRequests.java:sendNotLeaderResponses(202)) - 98c6e6f4-875d-42de-b8a9-30ed89dcc8e7-PendingRequests: sendNotLeaderResponses
2019-09-25 12:10:17,177 [ForkJoinPool.commonPool-worker-1] INFO  impl.StateMachineUpdater (StateMachineUpdater.java:stopAndJoin(125)) - 98c6e6f4-875d-42de-b8a9-30ed89dcc8e7@group-F450BE929A30-StateMachineUpdater: set stopIndex = 0
2019-09-25 12:10:17,213 [e1810a45-b9a3-4acb-b85d-088610f584f2@group-D8A491083118:LeaderElection42] INFO  impl.LeaderElection (LeaderElection.java:askForVotes(182)) - e1810a45-b9a3-4acb-b85d-088610f584f2@group-D8A491083118:LeaderElection42: begin an election at term 1 for -1: [e1810a45-b9a3-4acb-b85d-088610f584f2:192.168.151.73:46771], old=null
2019-09-25 12:10:17,177 [main] INFO  impl.StateMachineUpdater (StateMachineUpdater.java:stopAndJoin(125)) - efb2beac-26e0-4b3b-9934-2458c1147cfd@group-568A6F25B054-StateMachineUpdater: set stopIndex = 0
2019-09-25 12:10:17,214 [main] INFO  impl.RaftServerImpl (ServerState.java:close(385)) - efb2beac-26e0-4b3b-9934-2458c1147cfd@group-568A6F25B054: closes. applyIndex: 0
2019-09-25 12:10:17,214 [ForkJoinPool.commonPool-worker-1] INFO  impl.RaftServerImpl (ServerState.java:close(385)) - 98c6e6f4-875d-42de-b8a9-30ed89dcc8e7@group-F450BE929A30: closes. applyIndex: 0
2019-09-25 12:10:17,214 [e1810a45-b9a3-4acb-b85d-088610f584f2@group-D8A491083118:LeaderElection42] INFO  impl.RoleInfo (RoleInfo.java:shutdownLeaderElection(134)) - e1810a45-b9a3-4acb-b85d-088610f584f2: shutdown LeaderElection
2019-09-25 12:10:17,216 [e1810a45-b9a3-4acb-b85d-088610f584f2@group-D8A491083118:LeaderElection42] INFO  impl.RaftServerImpl (RaftServerImpl.java:setRole(174)) - e1810a45-b9a3-4acb-b85d-088610f584f2@group-D8A491083118: changes role from CANDIDATE to LEADER at term 1 for changeToLeader
2019-09-25 12:10:17,217 [e1810a45-b9a3-4acb-b85d-088610f584f2@group-D8A491083118:LeaderElection42] INFO  impl.RaftServerImpl (ServerState.java:setLeader(253)) - e1810a45-b9a3-4acb-b85d-088610f584f2@group-D8A491083118: change Leader from null to e1810a45-b9a3-4acb-b85d-088610f584f2 at term 1 for becomeLeader, leader elected after 5237ms
2019-09-25 12:10:17,217 [e1810a45-b9a3-4acb-b85d-088610f584f2@group-D8A491083118:LeaderElection42] INFO  server.RaftServerConfigKeys (ConfUtils.java:logGet(43)) - raft.server.staging.catchup.gap = 1000 (default)
2019-09-25 12:10:17,217 [e1810a45-b9a3-4acb-b85d-088610f584f2@group-D8A491083118:LeaderElection42] INFO  server.RaftServerConfigKeys (ConfUtils.java:logGet(43)) - raft.server.rpc.sleep.time = 25ms (default)
2019-09-25 12:10:17,218 [e1810a45-b9a3-4acb-b85d-088610f584f2@group-D8A491083118:LeaderElection42] INFO  server.RaftServerConfigKeys (ConfUtils.java:logGet(43)) - raft.server.write.element-limit = 4096 (default)
2019-09-25 12:10:17,218 [e1810a45-b9a3-4acb-b85d-088610f584f2@group-D8A491083118:LeaderElection42] INFO  server.RaftServerConfigKeys (ConfUtils.java:logGet(43)) - raft.server.watch.timeout = 10s (default)
2019-09-25 12:10:17,218 [e1810a45-b9a3-4acb-b85d-088610f584f2@group-D8A491083118:LeaderElection42] INFO  server.RaftServerConfigKeys (ConfUtils.java:logGet(43)) - raft.server.watch.timeout.denomination = 1s (default)
2019-09-25 12:10:17,218 [e1810a45-b9a3-4acb-b85d-088610f584f2@group-5D903DA40926-SegmentedRaftLogWorker] INFO  segmented.SegmentedRaftLogWorker (SegmentedRaftLogWorker.java:execute(569)) - e1810a45-b9a3-4acb-b85d-088610f584f2@group-5D903DA40926-SegmentedRaftLogWorker: created new log segment /workdir/hadoop-ozone/integration-test/target/test-dir/MiniOzoneClusterImpl-b6380e3c-fb04-4178-98e9-eb7b36240636/datanode-6/data/ratis/1479cf32-e4e0-4708-82be-5d903da40926/current/log_inprogress_0
2019-09-25 12:10:17,218 [e1810a45-b9a3-4acb-b85d-088610f584f2@group-D8A491083118:LeaderElection42] INFO  server.RaftServerConfigKeys (ConfUtils.java:logGet(43)) - raft.server.watch.element-limit = 65536 (default)
2019-09-25 12:10:17,219 [98c6e6f4-875d-42de-b8a9-30ed89dcc8e7@group-F450BE929A30-SegmentedRaftLogWorker] INFO  segmented.SegmentedRaftLogWorker (SegmentedRaftLogWorker.java:run(313)) - 98c6e6f4-875d-42de-b8a9-30ed89dcc8e7@group-F450BE929A30-SegmentedRaftLogWorker was interrupted, exiting. There are 0 tasks remaining in the queue.
2019-09-25 12:10:17,219 [efb2beac-26e0-4b3b-9934-2458c1147cfd@group-568A6F25B054-SegmentedRaftLogWorker] INFO  segmented.SegmentedRaftLogWorker (SegmentedRaftLogWorker.java:run(313)) - efb2beac-26e0-4b3b-9934-2458c1147cfd@group-568A6F25B054-SegmentedRaftLogWorker was interrupted, exiting. There are 0 tasks remaining in the queue.
2019-09-25 12:10:17,226 [ForkJoinPool.commonPool-worker-1] INFO  segmented.SegmentedRaftLogWorker (SegmentedRaftLogWorker.java:close(228)) - 98c6e6f4-875d-42de-b8a9-30ed89dcc8e7@group-F450BE929A30-SegmentedRaftLogWorker close()
2019-09-25 12:10:17,226 [main] INFO  segmented.SegmentedRaftLogWorker (SegmentedRaftLogWorker.java:close(228)) - efb2beac-26e0-4b3b-9934-2458c1147cfd@group-568A6F25B054-SegmentedRaftLogWorker close()
2019-09-25 12:10:17,236 [main] INFO  impl.RaftServerImpl (RaftServerImpl.java:lambda$shutdown$3(251)) - efb2beac-26e0-4b3b-9934-2458c1147cfd@group-035B67327B36: shutdown
2019-09-25 12:10:17,236 [ForkJoinPool.commonPool-worker-1] INFO  impl.RaftServerImpl (RaftServerImpl.java:lambda$shutdown$3(251)) - 98c6e6f4-875d-42de-b8a9-30ed89dcc8e7@group-1D1CF0A4681C: shutdown
2019-09-25 12:10:17,236 [main] INFO  util.JmxRegister (JmxRegister.java:unregister(73)) - Successfully un-registered JMX Bean with object name Ratis:service=RaftServer,group=group-035B67327B36,id=efb2beac-26e0-4b3b-9934-2458c1147cfd
2019-09-25 12:10:17,236 [ForkJoinPool.commonPool-worker-1] INFO  util.JmxRegister (JmxRegister.java:unregister(73)) - Successfully un-registered JMX Bean with object name Ratis:service=RaftServer,group=group-1D1CF0A4681C,id=98c6e6f4-875d-42de-b8a9-30ed89dcc8e7
2019-09-25 12:10:17,237 [e1810a45-b9a3-4acb-b85d-088610f584f2@group-D8A491083118:LeaderElection42] INFO  impl.RoleInfo (RoleInfo.java:updateAndGet(143)) - e1810a45-b9a3-4acb-b85d-088610f584f2: start LeaderState
2019-09-25 12:10:17,237 [main] INFO  impl.RoleInfo (RoleInfo.java:shutdownLeaderState(104)) - efb2beac-26e0-4b3b-9934-2458c1147cfd: shutdown LeaderState
2019-09-25 12:10:17,237 [e1810a45-b9a3-4acb-b85d-088610f584f2@group-D8A491083118:LeaderElection42] INFO  segmented.SegmentedRaftLogWorker (SegmentedRaftLogWorker.java:startLogSegment(380)) - e1810a45-b9a3-4acb-b85d-088610f584f2@group-D8A491083118-SegmentedRaftLogWorker: Starting segment from index:0
2019-09-25 12:10:17,237 [ForkJoinPool.commonPool-worker-1] INFO  impl.RoleInfo (RoleInfo.java:shutdownLeaderState(104)) - 98c6e6f4-875d-42de-b8a9-30ed89dcc8e7: shutdown LeaderState
2019-09-25 12:10:17,238 [main] INFO  impl.PendingRequests (PendingRequests.java:sendNotLeaderResponses(202)) - efb2beac-26e0-4b3b-9934-2458c1147cfd-PendingRequests: sendNotLeaderResponses
2019-09-25 12:10:17,238 [e1810a45-b9a3-4acb-b85d-088610f584f2@group-D8A491083118:LeaderElection42] INFO  impl.RaftServerImpl (ServerState.java:setRaftConf(354)) - e1810a45-b9a3-4acb-b85d-088610f584f2@group-D8A491083118: set configuration 0: [e1810a45-b9a3-4acb-b85d-088610f584f2:192.168.151.73:46771], old=null at 0
2019-09-25 12:10:17,238 [ForkJoinPool.commonPool-worker-1] INFO  impl.PendingRequests (PendingRequests.java:sendNotLeaderResponses(202)) - 98c6e6f4-875d-42de-b8a9-30ed89dcc8e7-PendingRequests: sendNotLeaderResponses
2019-09-25 12:10:17,239 [main] INFO  impl.StateMachineUpdater (StateMachineUpdater.java:stopAndJoin(125)) - efb2beac-26e0-4b3b-9934-2458c1147cfd@group-035B67327B36-StateMachineUpdater: set stopIndex = 0
2019-09-25 12:10:17,239 [ForkJoinPool.commonPool-worker-1] INFO  impl.StateMachineUpdater (StateMachineUpdater.java:stopAndJoin(125)) - 98c6e6f4-875d-42de-b8a9-30ed89dcc8e7@group-1D1CF0A4681C-StateMachineUpdater: set stopIndex = 0
2019-09-25 12:10:17,240 [ForkJoinPool.commonPool-worker-1] INFO  impl.RaftServerImpl (ServerState.java:close(385)) - 98c6e6f4-875d-42de-b8a9-30ed89dcc8e7@group-1D1CF0A4681C: closes. applyIndex: 0
2019-09-25 12:10:17,239 [main] INFO  impl.RaftServerImpl (ServerState.java:close(385)) - efb2beac-26e0-4b3b-9934-2458c1147cfd@group-035B67327B36: closes. applyIndex: 0
2019-09-25 12:10:17,240 [98c6e6f4-875d-42de-b8a9-30ed89dcc8e7@group-1D1CF0A4681C-SegmentedRaftLogWorker] INFO  segmented.SegmentedRaftLogWorker (SegmentedRaftLogWorker.java:run(313)) - 98c6e6f4-875d-42de-b8a9-30ed89dcc8e7@group-1D1CF0A4681C-SegmentedRaftLogWorker was interrupted, exiting. There are 0 tasks remaining in the queue.
2019-09-25 12:10:17,240 [efb2beac-26e0-4b3b-9934-2458c1147cfd@group-035B67327B36-SegmentedRaftLogWorker] INFO  segmented.SegmentedRaftLogWorker (SegmentedRaftLogWorker.java:run(313)) - efb2beac-26e0-4b3b-9934-2458c1147cfd@group-035B67327B36-SegmentedRaftLogWorker was interrupted, exiting. There are 0 tasks remaining in the queue.
2019-09-25 12:10:17,282 [ForkJoinPool.commonPool-worker-1] INFO  segmented.SegmentedRaftLogWorker (SegmentedRaftLogWorker.java:close(228)) - 98c6e6f4-875d-42de-b8a9-30ed89dcc8e7@group-1D1CF0A4681C-SegmentedRaftLogWorker close()
2019-09-25 12:10:17,285 [main] INFO  segmented.SegmentedRaftLogWorker (SegmentedRaftLogWorker.java:close(228)) - efb2beac-26e0-4b3b-9934-2458c1147cfd@group-035B67327B36-SegmentedRaftLogWorker close()
2019-09-25 12:10:17,288 [ForkJoinPool.commonPool-worker-1] INFO  impl.RaftServerImpl (RaftServerImpl.java:lambda$shutdown$3(251)) - 98c6e6f4-875d-42de-b8a9-30ed89dcc8e7@group-65D45AF87216: shutdown
2019-09-25 12:10:17,291 [main] INFO  impl.RaftServerImpl (RaftServerImpl.java:lambda$shutdown$3(251)) - efb2beac-26e0-4b3b-9934-2458c1147cfd@group-4C42DD47817B: shutdown
2019-09-25 12:10:17,292 [ForkJoinPool.commonPool-worker-1] INFO  util.JmxRegister (JmxRegister.java:unregister(73)) - Successfully un-registered JMX Bean with object name Ratis:service=RaftServer,group=group-65D45AF87216,id=98c6e6f4-875d-42de-b8a9-30ed89dcc8e7
2019-09-25 12:10:17,292 [main] INFO  util.JmxRegister (JmxRegister.java:unregister(73)) - Successfully un-registered JMX Bean with object name Ratis:service=RaftServer,group=group-4C42DD47817B,id=efb2beac-26e0-4b3b-9934-2458c1147cfd
2019-09-25 12:10:17,292 [ForkJoinPool.commonPool-worker-1] INFO  impl.RoleInfo (RoleInfo.java:shutdownLeaderState(104)) - 98c6e6f4-875d-42de-b8a9-30ed89dcc8e7: shutdown LeaderState
2019-09-25 12:10:17,293 [main] INFO  impl.RoleInfo (RoleInfo.java:shutdownLeaderState(104)) - efb2beac-26e0-4b3b-9934-2458c1147cfd: shutdown LeaderState
2019-09-25 12:10:17,293 [ForkJoinPool.commonPool-worker-1] INFO  impl.PendingRequests (PendingRequests.java:sendNotLeaderResponses(202)) - 98c6e6f4-875d-42de-b8a9-30ed89dcc8e7-PendingRequests: sendNotLeaderResponses
2019-09-25 12:10:17,294 [main] INFO  impl.PendingRequests (PendingRequests.java:sendNotLeaderResponses(202)) - efb2beac-26e0-4b3b-9934-2458c1147cfd-PendingRequests: sendNotLeaderResponses
2019-09-25 12:10:17,294 [ForkJoinPool.commonPool-worker-1] INFO  impl.StateMachineUpdater (StateMachineUpdater.java:stopAndJoin(125)) - 98c6e6f4-875d-42de-b8a9-30ed89dcc8e7@group-65D45AF87216-StateMachineUpdater: set stopIndex = 0
2019-09-25 12:10:17,294 [main] INFO  impl.StateMachineUpdater (StateMachineUpdater.java:stopAndJoin(125)) - efb2beac-26e0-4b3b-9934-2458c1147cfd@group-4C42DD47817B-StateMachineUpdater: set stopIndex = 0
2019-09-25 12:10:17,295 [ForkJoinPool.commonPool-worker-1] INFO  impl.RaftServerImpl (ServerState.java:close(385)) - 98c6e6f4-875d-42de-b8a9-30ed89dcc8e7@group-65D45AF87216: closes. applyIndex: 0
2019-09-25 12:10:17,295 [main] INFO  impl.RaftServerImpl (ServerState.java:close(385)) - efb2beac-26e0-4b3b-9934-2458c1147cfd@group-4C42DD47817B: closes. applyIndex: 0
2019-09-25 12:10:17,295 [98c6e6f4-875d-42de-b8a9-30ed89dcc8e7@group-65D45AF87216-SegmentedRaftLogWorker] INFO  segmented.SegmentedRaftLogWorker (SegmentedRaftLogWorker.java:run(313)) - 98c6e6f4-875d-42de-b8a9-30ed89dcc8e7@group-65D45AF87216-SegmentedRaftLogWorker was interrupted, exiting. There are 0 tasks remaining in the queue.
2019-09-25 12:10:17,296 [efb2beac-26e0-4b3b-9934-2458c1147cfd@group-4C42DD47817B-SegmentedRaftLogWorker] INFO  segmented.SegmentedRaftLogWorker (SegmentedRaftLogWorker.java:run(313)) - efb2beac-26e0-4b3b-9934-2458c1147cfd@group-4C42DD47817B-SegmentedRaftLogWorker was interrupted, exiting. There are 0 tasks remaining in the queue.
2019-09-25 12:10:17,299 [ForkJoinPool.commonPool-worker-1] INFO  segmented.SegmentedRaftLogWorker (SegmentedRaftLogWorker.java:close(228)) - 98c6e6f4-875d-42de-b8a9-30ed89dcc8e7@group-65D45AF87216-SegmentedRaftLogWorker close()
2019-09-25 12:10:17,308 [main] INFO  segmented.SegmentedRaftLogWorker (SegmentedRaftLogWorker.java:close(228)) - efb2beac-26e0-4b3b-9934-2458c1147cfd@group-4C42DD47817B-SegmentedRaftLogWorker close()
2019-09-25 12:10:17,311 [ForkJoinPool.commonPool-worker-1] INFO  impl.RaftServerImpl (RaftServerImpl.java:lambda$shutdown$3(251)) - 98c6e6f4-875d-42de-b8a9-30ed89dcc8e7@group-8E268120B594: shutdown
2019-09-25 12:10:17,315 [main] INFO  impl.RaftServerImpl (RaftServerImpl.java:lambda$shutdown$3(251)) - efb2beac-26e0-4b3b-9934-2458c1147cfd@group-D4AFCA958158: shutdown
2019-09-25 12:10:17,315 [e1810a45-b9a3-4acb-b85d-088610f584f2@group-D8A491083118-SegmentedRaftLogWorker] INFO  segmented.SegmentedRaftLogWorker (SegmentedRaftLogWorker.java:execute(569)) - e1810a45-b9a3-4acb-b85d-088610f584f2@group-D8A491083118-SegmentedRaftLogWorker: created new log segment /workdir/hadoop-ozone/integration-test/target/test-dir/MiniOzoneClusterImpl-b6380e3c-fb04-4178-98e9-eb7b36240636/datanode-6/data/ratis/ee74ede0-4cc6-47b5-88cd-d8a491083118/current/log_inprogress_0
2019-09-25 12:10:17,315 [ForkJoinPool.commonPool-worker-1] INFO  util.JmxRegister (JmxRegister.java:unregister(73)) - Successfully un-registered JMX Bean with object name Ratis:service=RaftServer,group=group-8E268120B594,id=98c6e6f4-875d-42de-b8a9-30ed89dcc8e7
2019-09-25 12:10:17,315 [main] INFO  util.JmxRegister (JmxRegister.java:unregister(73)) - Successfully un-registered JMX Bean with object name Ratis:service=RaftServer,group=group-D4AFCA958158,id=efb2beac-26e0-4b3b-9934-2458c1147cfd
2019-09-25 12:10:17,316 [ForkJoinPool.commonPool-worker-1] INFO  impl.RoleInfo (RoleInfo.java:shutdownLeaderState(104)) - 98c6e6f4-875d-42de-b8a9-30ed89dcc8e7: shutdown LeaderState
2019-09-25 12:10:17,316 [main] INFO  impl.RoleInfo (RoleInfo.java:shutdownLeaderState(104)) - efb2beac-26e0-4b3b-9934-2458c1147cfd: shutdown LeaderState
2019-09-25 12:10:17,316 [ForkJoinPool.commonPool-worker-1] INFO  impl.PendingRequests (PendingRequests.java:sendNotLeaderResponses(202)) - 98c6e6f4-875d-42de-b8a9-30ed89dcc8e7-PendingRequests: sendNotLeaderResponses
2019-09-25 12:10:17,317 [main] INFO  impl.PendingRequests (PendingRequests.java:sendNotLeaderResponses(202)) - efb2beac-26e0-4b3b-9934-2458c1147cfd-PendingRequests: sendNotLeaderResponses
2019-09-25 12:10:17,317 [ForkJoinPool.commonPool-worker-1] INFO  impl.StateMachineUpdater (StateMachineUpdater.java:stopAndJoin(125)) - 98c6e6f4-875d-42de-b8a9-30ed89dcc8e7@group-8E268120B594-StateMachineUpdater: set stopIndex = 0
2019-09-25 12:10:17,317 [main] INFO  impl.StateMachineUpdater (StateMachineUpdater.java:stopAndJoin(125)) - efb2beac-26e0-4b3b-9934-2458c1147cfd@group-D4AFCA958158-StateMachineUpdater: set stopIndex = 0
2019-09-25 12:10:17,318 [ForkJoinPool.commonPool-worker-1] INFO  impl.RaftServerImpl (ServerState.java:close(385)) - 98c6e6f4-875d-42de-b8a9-30ed89dcc8e7@group-8E268120B594: closes. applyIndex: 0
2019-09-25 12:10:17,318 [main] INFO  impl.RaftServerImpl (ServerState.java:close(385)) - efb2beac-26e0-4b3b-9934-2458c1147cfd@group-D4AFCA958158: closes. applyIndex: 0
2019-09-25 12:10:17,318 [98c6e6f4-875d-42de-b8a9-30ed89dcc8e7@group-8E268120B594-SegmentedRaftLogWorker] INFO  segmented.SegmentedRaftLogWorker (SegmentedRaftLogWorker.java:run(313)) - 98c6e6f4-875d-42de-b8a9-30ed89dcc8e7@group-8E268120B594-SegmentedRaftLogWorker was interrupted, exiting. There are 0 tasks remaining in the queue.
2019-09-25 12:10:17,319 [efb2beac-26e0-4b3b-9934-2458c1147cfd@group-D4AFCA958158-SegmentedRaftLogWorker] INFO  segmented.SegmentedRaftLogWorker (SegmentedRaftLogWorker.java:run(313)) - efb2beac-26e0-4b3b-9934-2458c1147cfd@group-D4AFCA958158-SegmentedRaftLogWorker was interrupted, exiting. There are 0 tasks remaining in the queue.
2019-09-25 12:10:17,321 [ForkJoinPool.commonPool-worker-1] INFO  segmented.SegmentedRaftLogWorker (SegmentedRaftLogWorker.java:close(228)) - 98c6e6f4-875d-42de-b8a9-30ed89dcc8e7@group-8E268120B594-SegmentedRaftLogWorker close()
2019-09-25 12:10:17,324 [main] INFO  segmented.SegmentedRaftLogWorker (SegmentedRaftLogWorker.java:close(228)) - efb2beac-26e0-4b3b-9934-2458c1147cfd@group-D4AFCA958158-SegmentedRaftLogWorker close()
2019-09-25 12:10:17,329 [ForkJoinPool.commonPool-worker-1] INFO  impl.RaftServerImpl (RaftServerImpl.java:lambda$shutdown$3(251)) - 98c6e6f4-875d-42de-b8a9-30ed89dcc8e7@group-C9F49FB191FC: shutdown
2019-09-25 12:10:17,334 [main] INFO  impl.RaftServerImpl (RaftServerImpl.java:lambda$shutdown$3(251)) - efb2beac-26e0-4b3b-9934-2458c1147cfd@group-678B3229D230: shutdown
2019-09-25 12:10:17,334 [ForkJoinPool.commonPool-worker-1] INFO  util.JmxRegister (JmxRegister.java:unregister(73)) - Successfully un-registered JMX Bean with object name Ratis:service=RaftServer,group=group-C9F49FB191FC,id=98c6e6f4-875d-42de-b8a9-30ed89dcc8e7
2019-09-25 12:10:17,334 [main] INFO  util.JmxRegister (JmxRegister.java:unregister(73)) - Successfully un-registered JMX Bean with object name Ratis:service=RaftServer,group=group-678B3229D230,id=efb2beac-26e0-4b3b-9934-2458c1147cfd
2019-09-25 12:10:17,334 [ForkJoinPool.commonPool-worker-1] INFO  impl.RoleInfo (RoleInfo.java:shutdownLeaderState(104)) - 98c6e6f4-875d-42de-b8a9-30ed89dcc8e7: shutdown LeaderState
2019-09-25 12:10:17,335 [main] INFO  impl.RoleInfo (RoleInfo.java:shutdownLeaderState(104)) - efb2beac-26e0-4b3b-9934-2458c1147cfd: shutdown LeaderState
2019-09-25 12:10:17,335 [ForkJoinPool.commonPool-worker-1] INFO  impl.PendingRequests (PendingRequests.java:sendNotLeaderResponses(202)) - 98c6e6f4-875d-42de-b8a9-30ed89dcc8e7-PendingRequests: sendNotLeaderResponses
2019-09-25 12:10:17,336 [main] INFO  impl.PendingRequests (PendingRequests.java:sendNotLeaderResponses(202)) - efb2beac-26e0-4b3b-9934-2458c1147cfd-PendingRequests: sendNotLeaderResponses
2019-09-25 12:10:17,336 [ForkJoinPool.commonPool-worker-1] INFO  impl.StateMachineUpdater (StateMachineUpdater.java:stopAndJoin(125)) - 98c6e6f4-875d-42de-b8a9-30ed89dcc8e7@group-C9F49FB191FC-StateMachineUpdater: set stopIndex = 0
2019-09-25 12:10:17,336 [main] INFO  impl.StateMachineUpdater (StateMachineUpdater.java:stopAndJoin(125)) - efb2beac-26e0-4b3b-9934-2458c1147cfd@group-678B3229D230-StateMachineUpdater: set stopIndex = 0
2019-09-25 12:10:17,337 [main] INFO  impl.RaftServerImpl (ServerState.java:close(385)) - efb2beac-26e0-4b3b-9934-2458c1147cfd@group-678B3229D230: closes. applyIndex: 0
2019-09-25 12:10:17,337 [ForkJoinPool.commonPool-worker-1] INFO  impl.RaftServerImpl (ServerState.java:close(385)) - 98c6e6f4-875d-42de-b8a9-30ed89dcc8e7@group-C9F49FB191FC: closes. applyIndex: 0
2019-09-25 12:10:17,338 [efb2beac-26e0-4b3b-9934-2458c1147cfd@group-678B3229D230-SegmentedRaftLogWorker] INFO  segmented.SegmentedRaftLogWorker (SegmentedRaftLogWorker.java:run(313)) - efb2beac-26e0-4b3b-9934-2458c1147cfd@group-678B3229D230-SegmentedRaftLogWorker was interrupted, exiting. There are 0 tasks remaining in the queue.
2019-09-25 12:10:17,338 [98c6e6f4-875d-42de-b8a9-30ed89dcc8e7@group-C9F49FB191FC-SegmentedRaftLogWorker] INFO  segmented.SegmentedRaftLogWorker (SegmentedRaftLogWorker.java:run(313)) - 98c6e6f4-875d-42de-b8a9-30ed89dcc8e7@group-C9F49FB191FC-SegmentedRaftLogWorker was interrupted, exiting. There are 0 tasks remaining in the queue.
2019-09-25 12:10:17,340 [main] INFO  segmented.SegmentedRaftLogWorker (SegmentedRaftLogWorker.java:close(228)) - efb2beac-26e0-4b3b-9934-2458c1147cfd@group-678B3229D230-SegmentedRaftLogWorker close()
2019-09-25 12:10:17,342 [ForkJoinPool.commonPool-worker-1] INFO  segmented.SegmentedRaftLogWorker (SegmentedRaftLogWorker.java:close(228)) - 98c6e6f4-875d-42de-b8a9-30ed89dcc8e7@group-C9F49FB191FC-SegmentedRaftLogWorker close()
2019-09-25 12:10:17,347 [main] INFO  impl.RaftServerImpl (RaftServerImpl.java:lambda$shutdown$3(251)) - efb2beac-26e0-4b3b-9934-2458c1147cfd@group-B0BC6C2DA6C1: shutdown
2019-09-25 12:10:17,358 [ForkJoinPool.commonPool-worker-1] INFO  impl.RaftServerImpl (RaftServerImpl.java:lambda$shutdown$3(251)) - 98c6e6f4-875d-42de-b8a9-30ed89dcc8e7@group-5E81A3E4DB8B: shutdown
2019-09-25 12:10:17,358 [main] INFO  util.JmxRegister (JmxRegister.java:unregister(73)) - Successfully un-registered JMX Bean with object name Ratis:service=RaftServer,group=group-B0BC6C2DA6C1,id=efb2beac-26e0-4b3b-9934-2458c1147cfd
2019-09-25 12:10:17,359 [ForkJoinPool.commonPool-worker-1] INFO  util.JmxRegister (JmxRegister.java:unregister(73)) - Successfully un-registered JMX Bean with object name Ratis:service=RaftServer,group=group-5E81A3E4DB8B,id=98c6e6f4-875d-42de-b8a9-30ed89dcc8e7
2019-09-25 12:10:17,359 [main] INFO  impl.RoleInfo (RoleInfo.java:shutdownLeaderState(104)) - efb2beac-26e0-4b3b-9934-2458c1147cfd: shutdown LeaderState
2019-09-25 12:10:17,359 [ForkJoinPool.commonPool-worker-1] INFO  impl.RoleInfo (RoleInfo.java:shutdownLeaderState(104)) - 98c6e6f4-875d-42de-b8a9-30ed89dcc8e7: shutdown LeaderState
2019-09-25 12:10:17,360 [main] INFO  impl.PendingRequests (PendingRequests.java:sendNotLeaderResponses(202)) - efb2beac-26e0-4b3b-9934-2458c1147cfd-PendingRequests: sendNotLeaderResponses
2019-09-25 12:10:17,360 [ForkJoinPool.commonPool-worker-1] INFO  impl.PendingRequests (PendingRequests.java:sendNotLeaderResponses(202)) - 98c6e6f4-875d-42de-b8a9-30ed89dcc8e7-PendingRequests: sendNotLeaderResponses
2019-09-25 12:10:17,360 [main] INFO  impl.StateMachineUpdater (StateMachineUpdater.java:stopAndJoin(125)) - efb2beac-26e0-4b3b-9934-2458c1147cfd@group-B0BC6C2DA6C1-StateMachineUpdater: set stopIndex = 0
2019-09-25 12:10:17,361 [ForkJoinPool.commonPool-worker-1] INFO  impl.StateMachineUpdater (StateMachineUpdater.java:stopAndJoin(125)) - 98c6e6f4-875d-42de-b8a9-30ed89dcc8e7@group-5E81A3E4DB8B-StateMachineUpdater: set stopIndex = 0
2019-09-25 12:10:17,361 [main] INFO  impl.RaftServerImpl (ServerState.java:close(385)) - efb2beac-26e0-4b3b-9934-2458c1147cfd@group-B0BC6C2DA6C1: closes. applyIndex: 0
2019-09-25 12:10:17,362 [ForkJoinPool.commonPool-worker-1] INFO  impl.RaftServerImpl (ServerState.java:close(385)) - 98c6e6f4-875d-42de-b8a9-30ed89dcc8e7@group-5E81A3E4DB8B: closes. applyIndex: 0
2019-09-25 12:10:17,362 [efb2beac-26e0-4b3b-9934-2458c1147cfd@group-B0BC6C2DA6C1-SegmentedRaftLogWorker] INFO  segmented.SegmentedRaftLogWorker (SegmentedRaftLogWorker.java:run(313)) - efb2beac-26e0-4b3b-9934-2458c1147cfd@group-B0BC6C2DA6C1-SegmentedRaftLogWorker was interrupted, exiting. There are 0 tasks remaining in the queue.
2019-09-25 12:10:17,362 [98c6e6f4-875d-42de-b8a9-30ed89dcc8e7@group-5E81A3E4DB8B-SegmentedRaftLogWorker] INFO  segmented.SegmentedRaftLogWorker (SegmentedRaftLogWorker.java:run(313)) - 98c6e6f4-875d-42de-b8a9-30ed89dcc8e7@group-5E81A3E4DB8B-SegmentedRaftLogWorker was interrupted, exiting. There are 0 tasks remaining in the queue.
2019-09-25 12:10:17,363 [main] INFO  segmented.SegmentedRaftLogWorker (SegmentedRaftLogWorker.java:close(228)) - efb2beac-26e0-4b3b-9934-2458c1147cfd@group-B0BC6C2DA6C1-SegmentedRaftLogWorker close()
2019-09-25 12:10:17,363 [ForkJoinPool.commonPool-worker-1] INFO  segmented.SegmentedRaftLogWorker (SegmentedRaftLogWorker.java:close(228)) - 98c6e6f4-875d-42de-b8a9-30ed89dcc8e7@group-5E81A3E4DB8B-SegmentedRaftLogWorker close()
2019-09-25 12:10:17,368 [main] INFO  server.GrpcService (GrpcService.java:closeImpl(164)) - efb2beac-26e0-4b3b-9934-2458c1147cfd: shutdown server with port 43064 now
2019-09-25 12:10:17,368 [ForkJoinPool.commonPool-worker-1] INFO  server.GrpcService (GrpcService.java:closeImpl(164)) - 98c6e6f4-875d-42de-b8a9-30ed89dcc8e7: shutdown server with port 46765 now
2019-09-25 12:10:17,372 [main] INFO  server.GrpcService (GrpcService.java:closeImpl(172)) - efb2beac-26e0-4b3b-9934-2458c1147cfd: shutdown server with port 43064 successfully
2019-09-25 12:10:17,374 [ForkJoinPool.commonPool-worker-1] INFO  server.GrpcService (GrpcService.java:closeImpl(172)) - 98c6e6f4-875d-42de-b8a9-30ed89dcc8e7: shutdown server with port 46765 successfully
2019-09-25 12:10:17,380 [refreshUsed-/workdir/hadoop-ozone/integration-test/target/test-dir/MiniOzoneClusterImpl-b6380e3c-fb04-4178-98e9-eb7b36240636/datanode-1/data/containers] WARN  fs.CachingGetSpaceUsed (CachingGetSpaceUsed.java:run(183)) - Thread Interrupted waiting to refresh disk information: sleep interrupted
2019-09-25 12:10:17,381 [refreshUsed-/workdir/hadoop-ozone/integration-test/target/test-dir/MiniOzoneClusterImpl-b6380e3c-fb04-4178-98e9-eb7b36240636/datanode-4/data/containers] WARN  fs.CachingGetSpaceUsed (CachingGetSpaceUsed.java:run(183)) - Thread Interrupted waiting to refresh disk information: sleep interrupted
2019-09-25 12:10:17,413 [main] INFO  utils.BackgroundService (BackgroundService.java:shutdown(148)) - Shutting down service BlockDeletingService
2019-09-25 12:10:17,420 [main] INFO  statemachine.DatanodeStateMachine (DatanodeStateMachine.java:stopDaemon(395)) - Ozone container server stopped.
2019-09-25 12:10:17,421 [ForkJoinPool.commonPool-worker-1] INFO  utils.BackgroundService (BackgroundService.java:shutdown(148)) - Shutting down service BlockDeletingService
2019-09-25 12:10:17,427 [ForkJoinPool.commonPool-worker-1] INFO  statemachine.DatanodeStateMachine (DatanodeStateMachine.java:stopDaemon(395)) - Ozone container server stopped.
2019-09-25 12:10:17,442 [main] INFO  handler.ContextHandler (ContextHandler.java:doStop(910)) - Stopped o.e.j.w.WebAppContext@2938127d{/,null,UNAVAILABLE}{/hddsDatanode}
2019-09-25 12:10:17,444 [ForkJoinPool.commonPool-worker-1] INFO  handler.ContextHandler (ContextHandler.java:doStop(910)) - Stopped o.e.j.w.WebAppContext@524a076e{/,null,UNAVAILABLE}{/hddsDatanode}
2019-09-25 12:10:17,445 [main] INFO  server.AbstractConnector (AbstractConnector.java:doStop(318)) - Stopped ServerConnector@127a7272{HTTP/1.1,[http/1.1]}{0.0.0.0:0}
2019-09-25 12:10:17,445 [ForkJoinPool.commonPool-worker-1] INFO  server.AbstractConnector (AbstractConnector.java:doStop(318)) - Stopped ServerConnector@5b5e7036{HTTP/1.1,[http/1.1]}{0.0.0.0:0}
2019-09-25 12:10:17,445 [main] INFO  handler.ContextHandler (ContextHandler.java:doStop(910)) - Stopped o.e.j.s.ServletContextHandler@44cffc25{/static,jar:file:/home/user/.m2/repository/org/apache/hadoop/hadoop-hdds-container-service/0.5.0-SNAPSHOT/hadoop-hdds-container-service-0.5.0-SNAPSHOT.jar!/webapps/static,UNAVAILABLE}
2019-09-25 12:10:17,447 [ForkJoinPool.commonPool-worker-1] INFO  handler.ContextHandler (ContextHandler.java:doStop(910)) - Stopped o.e.j.s.ServletContextHandler@3ed7821{/static,jar:file:/home/user/.m2/repository/org/apache/hadoop/hadoop-hdds-container-service/0.5.0-SNAPSHOT/hadoop-hdds-container-service-0.5.0-SNAPSHOT.jar!/webapps/static,UNAVAILABLE}
2019-09-25 12:10:17,448 [main] INFO  handler.ContextHandler (ContextHandler.java:doStop(910)) - Stopped o.e.j.s.ServletContextHandler@671d1157{/logs,file:///workdir/hadoop-ozone/integration-test/target/log,UNAVAILABLE}
2019-09-25 12:10:17,449 [ForkJoinPool.commonPool-worker-1] INFO  handler.ContextHandler (ContextHandler.java:doStop(910)) - Stopped o.e.j.s.ServletContextHandler@12fcc71f{/logs,file:///workdir/hadoop-ozone/integration-test/target/log,UNAVAILABLE}
2019-09-25 12:10:17,512 [Datanode State Machine Thread - 0] INFO  statemachine.DatanodeStateMachine (DatanodeStateMachine.java:lambda$startDaemon$0(350)) - Ozone container server started.
2019-09-25 12:10:17,578 [Datanode State Machine Thread - 0] INFO  statemachine.DatanodeStateMachine (DatanodeStateMachine.java:lambda$startDaemon$0(350)) - Ozone container server started.
2019-09-25 12:10:22,452 [ForkJoinPool.commonPool-worker-1] INFO  ozoneimpl.OzoneContainer (OzoneContainer.java:stop(231)) - Attempting to stop container services.
2019-09-25 12:10:22,452 [main] INFO  ozoneimpl.OzoneContainer (OzoneContainer.java:stop(231)) - Attempting to stop container services.
2019-09-25 12:10:22,458 [ForkJoinPool.commonPool-worker-1] INFO  impl.RaftServerProxy (RaftServerProxy.java:lambda$close$4(314)) - 60ced751-3023-4654-af5b-403edbc93820: close
2019-09-25 12:10:22,458 [main] INFO  impl.RaftServerProxy (RaftServerProxy.java:lambda$close$4(314)) - e9a0ea36-247e-456c-8e42-8632faf34d05: close
2019-09-25 12:10:22,459 [ForkJoinPool.commonPool-worker-1] INFO  impl.RaftServerImpl (RaftServerImpl.java:lambda$shutdown$3(251)) - 60ced751-3023-4654-af5b-403edbc93820@group-BCD240EEF06D: shutdown
2019-09-25 12:10:22,459 [main] INFO  impl.RaftServerImpl (RaftServerImpl.java:lambda$shutdown$3(251)) - e9a0ea36-247e-456c-8e42-8632faf34d05@group-36A94B516B63: shutdown
2019-09-25 12:10:22,459 [ForkJoinPool.commonPool-worker-1] INFO  util.JmxRegister (JmxRegister.java:unregister(73)) - Successfully un-registered JMX Bean with object name Ratis:service=RaftServer,group=group-BCD240EEF06D,id=60ced751-3023-4654-af5b-403edbc93820
2019-09-25 12:10:22,460 [main] INFO  util.JmxRegister (JmxRegister.java:unregister(73)) - Successfully un-registered JMX Bean with object name Ratis:service=RaftServer,group=group-36A94B516B63,id=e9a0ea36-247e-456c-8e42-8632faf34d05
2019-09-25 12:10:22,460 [ForkJoinPool.commonPool-worker-1] INFO  impl.RoleInfo (RoleInfo.java:shutdownLeaderState(104)) - 60ced751-3023-4654-af5b-403edbc93820: shutdown LeaderState
2019-09-25 12:10:22,461 [main] INFO  impl.RoleInfo (RoleInfo.java:shutdownLeaderState(104)) - e9a0ea36-247e-456c-8e42-8632faf34d05: shutdown LeaderState
2019-09-25 12:10:22,461 [ForkJoinPool.commonPool-worker-1] INFO  impl.PendingRequests (PendingRequests.java:sendNotLeaderResponses(202)) - 60ced751-3023-4654-af5b-403edbc93820-PendingRequests: sendNotLeaderResponses
2019-09-25 12:10:22,461 [main] INFO  impl.PendingRequests (PendingRequests.java:sendNotLeaderResponses(202)) - e9a0ea36-247e-456c-8e42-8632faf34d05-PendingRequests: sendNotLeaderResponses
2019-09-25 12:10:22,462 [ForkJoinPool.commonPool-worker-1] INFO  impl.StateMachineUpdater (StateMachineUpdater.java:stopAndJoin(125)) - 60ced751-3023-4654-af5b-403edbc93820@group-BCD240EEF06D-StateMachineUpdater: set stopIndex = 0
2019-09-25 12:10:22,462 [main] INFO  impl.StateMachineUpdater (StateMachineUpdater.java:stopAndJoin(125)) - e9a0ea36-247e-456c-8e42-8632faf34d05@group-36A94B516B63-StateMachineUpdater: set stopIndex = 0
2019-09-25 12:10:22,463 [ForkJoinPool.commonPool-worker-1] INFO  impl.RaftServerImpl (ServerState.java:close(385)) - 60ced751-3023-4654-af5b-403edbc93820@group-BCD240EEF06D: closes. applyIndex: 0
2019-09-25 12:10:22,463 [main] INFO  impl.RaftServerImpl (ServerState.java:close(385)) - e9a0ea36-247e-456c-8e42-8632faf34d05@group-36A94B516B63: closes. applyIndex: 0
2019-09-25 12:10:22,463 [60ced751-3023-4654-af5b-403edbc93820@group-BCD240EEF06D-SegmentedRaftLogWorker] INFO  segmented.SegmentedRaftLogWorker (SegmentedRaftLogWorker.java:run(313)) - 60ced751-3023-4654-af5b-403edbc93820@group-BCD240EEF06D-SegmentedRaftLogWorker was interrupted, exiting. There are 0 tasks remaining in the queue.
2019-09-25 12:10:22,464 [e9a0ea36-247e-456c-8e42-8632faf34d05@group-36A94B516B63-SegmentedRaftLogWorker] INFO  segmented.SegmentedRaftLogWorker (SegmentedRaftLogWorker.java:run(313)) - e9a0ea36-247e-456c-8e42-8632faf34d05@group-36A94B516B63-SegmentedRaftLogWorker was interrupted, exiting. There are 0 tasks remaining in the queue.
2019-09-25 12:10:22,464 [ForkJoinPool.commonPool-worker-1] INFO  segmented.SegmentedRaftLogWorker (SegmentedRaftLogWorker.java:close(228)) - 60ced751-3023-4654-af5b-403edbc93820@group-BCD240EEF06D-SegmentedRaftLogWorker close()
2019-09-25 12:10:22,464 [main] INFO  segmented.SegmentedRaftLogWorker (SegmentedRaftLogWorker.java:close(228)) - e9a0ea36-247e-456c-8e42-8632faf34d05@group-36A94B516B63-SegmentedRaftLogWorker close()
2019-09-25 12:10:22,466 [ForkJoinPool.commonPool-worker-1] INFO  impl.RaftServerImpl (RaftServerImpl.java:lambda$shutdown$3(251)) - 60ced751-3023-4654-af5b-403edbc93820@group-26F20510F1A4: shutdown
2019-09-25 12:10:22,468 [main] INFO  impl.RaftServerImpl (RaftServerImpl.java:lambda$shutdown$3(251)) - e9a0ea36-247e-456c-8e42-8632faf34d05@group-8BA12E4E6A93: shutdown
2019-09-25 12:10:22,468 [ForkJoinPool.commonPool-worker-1] INFO  util.JmxRegister (JmxRegister.java:unregister(73)) - Successfully un-registered JMX Bean with object name Ratis:service=RaftServer,group=group-26F20510F1A4,id=60ced751-3023-4654-af5b-403edbc93820
2019-09-25 12:10:22,468 [main] INFO  util.JmxRegister (JmxRegister.java:unregister(73)) - Successfully un-registered JMX Bean with object name Ratis:service=RaftServer,group=group-8BA12E4E6A93,id=e9a0ea36-247e-456c-8e42-8632faf34d05
2019-09-25 12:10:22,468 [ForkJoinPool.commonPool-worker-1] INFO  impl.RoleInfo (RoleInfo.java:shutdownLeaderState(104)) - 60ced751-3023-4654-af5b-403edbc93820: shutdown LeaderState
2019-09-25 12:10:22,469 [main] INFO  impl.RoleInfo (RoleInfo.java:shutdownLeaderState(104)) - e9a0ea36-247e-456c-8e42-8632faf34d05: shutdown LeaderState
2019-09-25 12:10:22,469 [ForkJoinPool.commonPool-worker-1] INFO  impl.PendingRequests (PendingRequests.java:sendNotLeaderResponses(202)) - 60ced751-3023-4654-af5b-403edbc93820-PendingRequests: sendNotLeaderResponses
2019-09-25 12:10:22,470 [main] INFO  impl.PendingRequests (PendingRequests.java:sendNotLeaderResponses(202)) - e9a0ea36-247e-456c-8e42-8632faf34d05-PendingRequests: sendNotLeaderResponses
2019-09-25 12:10:22,470 [ForkJoinPool.commonPool-worker-1] INFO  impl.StateMachineUpdater (StateMachineUpdater.java:stopAndJoin(125)) - 60ced751-3023-4654-af5b-403edbc93820@group-26F20510F1A4-StateMachineUpdater: set stopIndex = 0
2019-09-25 12:10:22,470 [main] INFO  impl.StateMachineUpdater (StateMachineUpdater.java:stopAndJoin(125)) - e9a0ea36-247e-456c-8e42-8632faf34d05@group-8BA12E4E6A93-StateMachineUpdater: set stopIndex = 0
2019-09-25 12:10:22,471 [main] INFO  impl.RaftServerImpl (ServerState.java:close(385)) - e9a0ea36-247e-456c-8e42-8632faf34d05@group-8BA12E4E6A93: closes. applyIndex: 0
2019-09-25 12:10:22,471 [ForkJoinPool.commonPool-worker-1] INFO  impl.RaftServerImpl (ServerState.java:close(385)) - 60ced751-3023-4654-af5b-403edbc93820@group-26F20510F1A4: closes. applyIndex: 0
2019-09-25 12:10:22,472 [e9a0ea36-247e-456c-8e42-8632faf34d05@group-8BA12E4E6A93-SegmentedRaftLogWorker] INFO  segmented.SegmentedRaftLogWorker (SegmentedRaftLogWorker.java:run(313)) - e9a0ea36-247e-456c-8e42-8632faf34d05@group-8BA12E4E6A93-SegmentedRaftLogWorker was interrupted, exiting. There are 0 tasks remaining in the queue.
2019-09-25 12:10:22,472 [60ced751-3023-4654-af5b-403edbc93820@group-26F20510F1A4-SegmentedRaftLogWorker] INFO  segmented.SegmentedRaftLogWorker (SegmentedRaftLogWorker.java:run(313)) - 60ced751-3023-4654-af5b-403edbc93820@group-26F20510F1A4-SegmentedRaftLogWorker was interrupted, exiting. There are 0 tasks remaining in the queue.
2019-09-25 12:10:22,472 [main] INFO  segmented.SegmentedRaftLogWorker (SegmentedRaftLogWorker.java:close(228)) - e9a0ea36-247e-456c-8e42-8632faf34d05@group-8BA12E4E6A93-SegmentedRaftLogWorker close()
2019-09-25 12:10:22,472 [ForkJoinPool.commonPool-worker-1] INFO  segmented.SegmentedRaftLogWorker (SegmentedRaftLogWorker.java:close(228)) - 60ced751-3023-4654-af5b-403edbc93820@group-26F20510F1A4-SegmentedRaftLogWorker close()
2019-09-25 12:10:22,474 [main] INFO  impl.RaftServerImpl (RaftServerImpl.java:lambda$shutdown$3(251)) - e9a0ea36-247e-456c-8e42-8632faf34d05@group-C8048A22A4C6: shutdown
2019-09-25 12:10:22,475 [ForkJoinPool.commonPool-worker-1] INFO  impl.RaftServerImpl (RaftServerImpl.java:lambda$shutdown$3(251)) - 60ced751-3023-4654-af5b-403edbc93820@group-6D064ABEA521: shutdown
2019-09-25 12:10:22,476 [main] INFO  util.JmxRegister (JmxRegister.java:unregister(73)) - Successfully un-registered JMX Bean with object name Ratis:service=RaftServer,group=group-C8048A22A4C6,id=e9a0ea36-247e-456c-8e42-8632faf34d05
2019-09-25 12:10:22,476 [ForkJoinPool.commonPool-worker-1] INFO  util.JmxRegister (JmxRegister.java:unregister(73)) - Successfully un-registered JMX Bean with object name Ratis:service=RaftServer,group=group-6D064ABEA521,id=60ced751-3023-4654-af5b-403edbc93820
2019-09-25 12:10:22,476 [main] INFO  impl.RoleInfo (RoleInfo.java:shutdownLeaderState(104)) - e9a0ea36-247e-456c-8e42-8632faf34d05: shutdown LeaderState
2019-09-25 12:10:22,477 [ForkJoinPool.commonPool-worker-1] INFO  impl.RoleInfo (RoleInfo.java:shutdownLeaderState(104)) - 60ced751-3023-4654-af5b-403edbc93820: shutdown LeaderState
2019-09-25 12:10:22,477 [main] INFO  impl.PendingRequests (PendingRequests.java:sendNotLeaderResponses(202)) - e9a0ea36-247e-456c-8e42-8632faf34d05-PendingRequests: sendNotLeaderResponses
2019-09-25 12:10:22,478 [ForkJoinPool.commonPool-worker-1] INFO  impl.PendingRequests (PendingRequests.java:sendNotLeaderResponses(202)) - 60ced751-3023-4654-af5b-403edbc93820-PendingRequests: sendNotLeaderResponses
2019-09-25 12:10:22,478 [main] INFO  impl.StateMachineUpdater (StateMachineUpdater.java:stopAndJoin(125)) - e9a0ea36-247e-456c-8e42-8632faf34d05@group-C8048A22A4C6-StateMachineUpdater: set stopIndex = 0
2019-09-25 12:10:22,479 [main] INFO  impl.RaftServerImpl (ServerState.java:close(385)) - e9a0ea36-247e-456c-8e42-8632faf34d05@group-C8048A22A4C6: closes. applyIndex: 0
2019-09-25 12:10:22,478 [ForkJoinPool.commonPool-worker-1] INFO  impl.StateMachineUpdater (StateMachineUpdater.java:stopAndJoin(125)) - 60ced751-3023-4654-af5b-403edbc93820@group-6D064ABEA521-StateMachineUpdater: set stopIndex = 0
2019-09-25 12:10:22,479 [e9a0ea36-247e-456c-8e42-8632faf34d05@group-C8048A22A4C6-SegmentedRaftLogWorker] INFO  segmented.SegmentedRaftLogWorker (SegmentedRaftLogWorker.java:run(313)) - e9a0ea36-247e-456c-8e42-8632faf34d05@group-C8048A22A4C6-SegmentedRaftLogWorker was interrupted, exiting. There are 0 tasks remaining in the queue.
2019-09-25 12:10:22,480 [ForkJoinPool.commonPool-worker-1] INFO  impl.RaftServerImpl (ServerState.java:close(385)) - 60ced751-3023-4654-af5b-403edbc93820@group-6D064ABEA521: closes. applyIndex: 0
2019-09-25 12:10:22,480 [main] INFO  segmented.SegmentedRaftLogWorker (SegmentedRaftLogWorker.java:close(228)) - e9a0ea36-247e-456c-8e42-8632faf34d05@group-C8048A22A4C6-SegmentedRaftLogWorker close()
2019-09-25 12:10:22,480 [60ced751-3023-4654-af5b-403edbc93820@group-6D064ABEA521-SegmentedRaftLogWorker] INFO  segmented.SegmentedRaftLogWorker (SegmentedRaftLogWorker.java:run(313)) - 60ced751-3023-4654-af5b-403edbc93820@group-6D064ABEA521-SegmentedRaftLogWorker was interrupted, exiting. There are 0 tasks remaining in the queue.
2019-09-25 12:10:22,482 [main] INFO  impl.RaftServerImpl (RaftServerImpl.java:lambda$shutdown$3(251)) - e9a0ea36-247e-456c-8e42-8632faf34d05@group-209DD8D331F6: shutdown
2019-09-25 12:10:22,483 [ForkJoinPool.commonPool-worker-1] INFO  segmented.SegmentedRaftLogWorker (SegmentedRaftLogWorker.java:close(228)) - 60ced751-3023-4654-af5b-403edbc93820@group-6D064ABEA521-SegmentedRaftLogWorker close()
2019-09-25 12:10:22,483 [main] INFO  util.JmxRegister (JmxRegister.java:unregister(73)) - Successfully un-registered JMX Bean with object name Ratis:service=RaftServer,group=group-209DD8D331F6,id=e9a0ea36-247e-456c-8e42-8632faf34d05
2019-09-25 12:10:22,486 [main] INFO  impl.RoleInfo (RoleInfo.java:shutdownLeaderState(104)) - e9a0ea36-247e-456c-8e42-8632faf34d05: shutdown LeaderState
2019-09-25 12:10:22,485 [ForkJoinPool.commonPool-worker-1] INFO  impl.RaftServerImpl (RaftServerImpl.java:lambda$shutdown$3(251)) - 60ced751-3023-4654-af5b-403edbc93820@group-75DD76850AF5: shutdown
2019-09-25 12:10:22,486 [main] INFO  impl.PendingRequests (PendingRequests.java:sendNotLeaderResponses(202)) - e9a0ea36-247e-456c-8e42-8632faf34d05-PendingRequests: sendNotLeaderResponses
2019-09-25 12:10:22,486 [ForkJoinPool.commonPool-worker-1] INFO  util.JmxRegister (JmxRegister.java:unregister(73)) - Successfully un-registered JMX Bean with object name Ratis:service=RaftServer,group=group-75DD76850AF5,id=60ced751-3023-4654-af5b-403edbc93820
2019-09-25 12:10:22,487 [main] INFO  impl.StateMachineUpdater (StateMachineUpdater.java:stopAndJoin(125)) - e9a0ea36-247e-456c-8e42-8632faf34d05@group-209DD8D331F6-StateMachineUpdater: set stopIndex = 0
2019-09-25 12:10:22,487 [ForkJoinPool.commonPool-worker-1] INFO  impl.RoleInfo (RoleInfo.java:shutdownLeaderState(104)) - 60ced751-3023-4654-af5b-403edbc93820: shutdown LeaderState
2019-09-25 12:10:22,487 [main] INFO  impl.RaftServerImpl (ServerState.java:close(385)) - e9a0ea36-247e-456c-8e42-8632faf34d05@group-209DD8D331F6: closes. applyIndex: 0
2019-09-25 12:10:22,488 [ForkJoinPool.commonPool-worker-1] INFO  impl.PendingRequests (PendingRequests.java:sendNotLeaderResponses(202)) - 60ced751-3023-4654-af5b-403edbc93820-PendingRequests: sendNotLeaderResponses
2019-09-25 12:10:22,488 [e9a0ea36-247e-456c-8e42-8632faf34d05@group-209DD8D331F6-SegmentedRaftLogWorker] INFO  segmented.SegmentedRaftLogWorker (SegmentedRaftLogWorker.java:run(313)) - e9a0ea36-247e-456c-8e42-8632faf34d05@group-209DD8D331F6-SegmentedRaftLogWorker was interrupted, exiting. There are 0 tasks remaining in the queue.
2019-09-25 12:10:22,488 [ForkJoinPool.commonPool-worker-1] INFO  impl.StateMachineUpdater (StateMachineUpdater.java:stopAndJoin(125)) - 60ced751-3023-4654-af5b-403edbc93820@group-75DD76850AF5-StateMachineUpdater: set stopIndex = 0
2019-09-25 12:10:22,489 [main] INFO  segmented.SegmentedRaftLogWorker (SegmentedRaftLogWorker.java:close(228)) - e9a0ea36-247e-456c-8e42-8632faf34d05@group-209DD8D331F6-SegmentedRaftLogWorker close()
2019-09-25 12:10:22,489 [ForkJoinPool.commonPool-worker-1] INFO  impl.RaftServerImpl (ServerState.java:close(385)) - 60ced751-3023-4654-af5b-403edbc93820@group-75DD76850AF5: closes. applyIndex: 0
2019-09-25 12:10:22,491 [main] INFO  impl.RaftServerImpl (RaftServerImpl.java:lambda$shutdown$3(251)) - e9a0ea36-247e-456c-8e42-8632faf34d05@group-D212939F40AA: shutdown
2019-09-25 12:10:22,491 [60ced751-3023-4654-af5b-403edbc93820@group-75DD76850AF5-SegmentedRaftLogWorker] INFO  segmented.SegmentedRaftLogWorker (SegmentedRaftLogWorker.java:run(313)) - 60ced751-3023-4654-af5b-403edbc93820@group-75DD76850AF5-SegmentedRaftLogWorker was interrupted, exiting. There are 0 tasks remaining in the queue.
2019-09-25 12:10:22,492 [main] INFO  util.JmxRegister (JmxRegister.java:unregister(73)) - Successfully un-registered JMX Bean with object name Ratis:service=RaftServer,group=group-D212939F40AA,id=e9a0ea36-247e-456c-8e42-8632faf34d05
2019-09-25 12:10:22,492 [ForkJoinPool.commonPool-worker-1] INFO  segmented.SegmentedRaftLogWorker (SegmentedRaftLogWorker.java:close(228)) - 60ced751-3023-4654-af5b-403edbc93820@group-75DD76850AF5-SegmentedRaftLogWorker close()
2019-09-25 12:10:22,492 [main] INFO  impl.RoleInfo (RoleInfo.java:shutdownLeaderState(104)) - e9a0ea36-247e-456c-8e42-8632faf34d05: shutdown LeaderState
2019-09-25 12:10:22,499 [ForkJoinPool.commonPool-worker-1] INFO  impl.RaftServerImpl (RaftServerImpl.java:lambda$shutdown$3(251)) - 60ced751-3023-4654-af5b-403edbc93820@group-762500E57DB2: shutdown
2019-09-25 12:10:22,500 [main] INFO  impl.PendingRequests (PendingRequests.java:sendNotLeaderResponses(202)) - e9a0ea36-247e-456c-8e42-8632faf34d05-PendingRequests: sendNotLeaderResponses
2019-09-25 12:10:22,500 [ForkJoinPool.commonPool-worker-1] INFO  util.JmxRegister (JmxRegister.java:unregister(73)) - Successfully un-registered JMX Bean with object name Ratis:service=RaftServer,group=group-762500E57DB2,id=60ced751-3023-4654-af5b-403edbc93820
2019-09-25 12:10:22,501 [main] INFO  impl.StateMachineUpdater (StateMachineUpdater.java:stopAndJoin(125)) - e9a0ea36-247e-456c-8e42-8632faf34d05@group-D212939F40AA-StateMachineUpdater: set stopIndex = 0
2019-09-25 12:10:22,501 [ForkJoinPool.commonPool-worker-1] INFO  impl.RoleInfo (RoleInfo.java:shutdownLeaderState(104)) - 60ced751-3023-4654-af5b-403edbc93820: shutdown LeaderState
2019-09-25 12:10:22,501 [main] INFO  impl.RaftServerImpl (ServerState.java:close(385)) - e9a0ea36-247e-456c-8e42-8632faf34d05@group-D212939F40AA: closes. applyIndex: 0
2019-09-25 12:10:22,501 [ForkJoinPool.commonPool-worker-1] INFO  impl.PendingRequests (PendingRequests.java:sendNotLeaderResponses(202)) - 60ced751-3023-4654-af5b-403edbc93820-PendingRequests: sendNotLeaderResponses
2019-09-25 12:10:22,502 [e9a0ea36-247e-456c-8e42-8632faf34d05@group-D212939F40AA-SegmentedRaftLogWorker] INFO  segmented.SegmentedRaftLogWorker (SegmentedRaftLogWorker.java:run(313)) - e9a0ea36-247e-456c-8e42-8632faf34d05@group-D212939F40AA-SegmentedRaftLogWorker was interrupted, exiting. There are 0 tasks remaining in the queue.
2019-09-25 12:10:22,502 [ForkJoinPool.commonPool-worker-1] INFO  impl.StateMachineUpdater (StateMachineUpdater.java:stopAndJoin(125)) - 60ced751-3023-4654-af5b-403edbc93820@group-762500E57DB2-StateMachineUpdater: set stopIndex = 0
2019-09-25 12:10:22,502 [main] INFO  segmented.SegmentedRaftLogWorker (SegmentedRaftLogWorker.java:close(228)) - e9a0ea36-247e-456c-8e42-8632faf34d05@group-D212939F40AA-SegmentedRaftLogWorker close()
2019-09-25 12:10:22,503 [ForkJoinPool.commonPool-worker-1] INFO  impl.RaftServerImpl (ServerState.java:close(385)) - 60ced751-3023-4654-af5b-403edbc93820@group-762500E57DB2: closes. applyIndex: 0
2019-09-25 12:10:22,503 [main] INFO  impl.RaftServerImpl (RaftServerImpl.java:lambda$shutdown$3(251)) - e9a0ea36-247e-456c-8e42-8632faf34d05@group-AE8865FB6860: shutdown
2019-09-25 12:10:22,503 [60ced751-3023-4654-af5b-403edbc93820@group-762500E57DB2-SegmentedRaftLogWorker] INFO  segmented.SegmentedRaftLogWorker (SegmentedRaftLogWorker.java:run(313)) - 60ced751-3023-4654-af5b-403edbc93820@group-762500E57DB2-SegmentedRaftLogWorker was interrupted, exiting. There are 0 tasks remaining in the queue.
2019-09-25 12:10:22,504 [main] INFO  util.JmxRegister (JmxRegister.java:unregister(73)) - Successfully un-registered JMX Bean with object name Ratis:service=RaftServer,group=group-AE8865FB6860,id=e9a0ea36-247e-456c-8e42-8632faf34d05
2019-09-25 12:10:22,504 [ForkJoinPool.commonPool-worker-1] INFO  segmented.SegmentedRaftLogWorker (SegmentedRaftLogWorker.java:close(228)) - 60ced751-3023-4654-af5b-403edbc93820@group-762500E57DB2-SegmentedRaftLogWorker close()
2019-09-25 12:10:22,504 [main] INFO  impl.RoleInfo (RoleInfo.java:shutdownLeaderState(104)) - e9a0ea36-247e-456c-8e42-8632faf34d05: shutdown LeaderState
2019-09-25 12:10:22,505 [ForkJoinPool.commonPool-worker-1] INFO  impl.RaftServerImpl (RaftServerImpl.java:lambda$shutdown$3(251)) - 60ced751-3023-4654-af5b-403edbc93820@group-C2D771BB6FFD: shutdown
2019-09-25 12:10:22,505 [main] INFO  impl.PendingRequests (PendingRequests.java:sendNotLeaderResponses(202)) - e9a0ea36-247e-456c-8e42-8632faf34d05-PendingRequests: sendNotLeaderResponses
2019-09-25 12:10:22,505 [ForkJoinPool.commonPool-worker-1] INFO  util.JmxRegister (JmxRegister.java:unregister(73)) - Successfully un-registered JMX Bean with object name Ratis:service=RaftServer,group=group-C2D771BB6FFD,id=60ced751-3023-4654-af5b-403edbc93820
2019-09-25 12:10:22,506 [main] INFO  impl.StateMachineUpdater (StateMachineUpdater.java:stopAndJoin(125)) - e9a0ea36-247e-456c-8e42-8632faf34d05@group-AE8865FB6860-StateMachineUpdater: set stopIndex = 0
2019-09-25 12:10:22,506 [ForkJoinPool.commonPool-worker-1] INFO  impl.RoleInfo (RoleInfo.java:shutdownLeaderState(104)) - 60ced751-3023-4654-af5b-403edbc93820: shutdown LeaderState
2019-09-25 12:10:22,506 [main] INFO  impl.RaftServerImpl (ServerState.java:close(385)) - e9a0ea36-247e-456c-8e42-8632faf34d05@group-AE8865FB6860: closes. applyIndex: 0
2019-09-25 12:10:22,507 [ForkJoinPool.commonPool-worker-1] INFO  impl.PendingRequests (PendingRequests.java:sendNotLeaderResponses(202)) - 60ced751-3023-4654-af5b-403edbc93820-PendingRequests: sendNotLeaderResponses
2019-09-25 12:10:22,507 [e9a0ea36-247e-456c-8e42-8632faf34d05@group-AE8865FB6860-SegmentedRaftLogWorker] INFO  segmented.SegmentedRaftLogWorker (SegmentedRaftLogWorker.java:run(313)) - e9a0ea36-247e-456c-8e42-8632faf34d05@group-AE8865FB6860-SegmentedRaftLogWorker was interrupted, exiting. There are 0 tasks remaining in the queue.
2019-09-25 12:10:22,507 [ForkJoinPool.commonPool-worker-1] INFO  impl.StateMachineUpdater (StateMachineUpdater.java:stopAndJoin(125)) - 60ced751-3023-4654-af5b-403edbc93820@group-C2D771BB6FFD-StateMachineUpdater: set stopIndex = 0
2019-09-25 12:10:22,508 [main] INFO  segmented.SegmentedRaftLogWorker (SegmentedRaftLogWorker.java:close(228)) - e9a0ea36-247e-456c-8e42-8632faf34d05@group-AE8865FB6860-SegmentedRaftLogWorker close()
2019-09-25 12:10:22,508 [ForkJoinPool.commonPool-worker-1] INFO  impl.RaftServerImpl (ServerState.java:close(385)) - 60ced751-3023-4654-af5b-403edbc93820@group-C2D771BB6FFD: closes. applyIndex: 0
2019-09-25 12:10:22,508 [main] INFO  server.GrpcService (GrpcService.java:closeImpl(164)) - e9a0ea36-247e-456c-8e42-8632faf34d05: shutdown server with port 42435 now
2019-09-25 12:10:22,509 [60ced751-3023-4654-af5b-403edbc93820@group-C2D771BB6FFD-SegmentedRaftLogWorker] INFO  segmented.SegmentedRaftLogWorker (SegmentedRaftLogWorker.java:run(313)) - 60ced751-3023-4654-af5b-403edbc93820@group-C2D771BB6FFD-SegmentedRaftLogWorker was interrupted, exiting. There are 0 tasks remaining in the queue.
2019-09-25 12:10:22,509 [ForkJoinPool.commonPool-worker-1] INFO  segmented.SegmentedRaftLogWorker (SegmentedRaftLogWorker.java:close(228)) - 60ced751-3023-4654-af5b-403edbc93820@group-C2D771BB6FFD-SegmentedRaftLogWorker close()
2019-09-25 12:10:22,511 [main] INFO  server.GrpcService (GrpcService.java:closeImpl(172)) - e9a0ea36-247e-456c-8e42-8632faf34d05: shutdown server with port 42435 successfully
2019-09-25 12:10:22,511 [ForkJoinPool.commonPool-worker-1] INFO  server.GrpcService (GrpcService.java:closeImpl(164)) - 60ced751-3023-4654-af5b-403edbc93820: shutdown server with port 39742 now
2019-09-25 12:10:22,514 [ForkJoinPool.commonPool-worker-1] INFO  server.GrpcService (GrpcService.java:closeImpl(172)) - 60ced751-3023-4654-af5b-403edbc93820: shutdown server with port 39742 successfully
2019-09-25 12:10:22,516 [refreshUsed-/workdir/hadoop-ozone/integration-test/target/test-dir/MiniOzoneClusterImpl-b6380e3c-fb04-4178-98e9-eb7b36240636/datanode-3/data/containers] WARN  fs.CachingGetSpaceUsed (CachingGetSpaceUsed.java:run(183)) - Thread Interrupted waiting to refresh disk information: sleep interrupted
2019-09-25 12:10:22,528 [refreshUsed-/workdir/hadoop-ozone/integration-test/target/test-dir/MiniOzoneClusterImpl-b6380e3c-fb04-4178-98e9-eb7b36240636/datanode-2/data/containers] WARN  fs.CachingGetSpaceUsed (CachingGetSpaceUsed.java:run(183)) - Thread Interrupted waiting to refresh disk information: sleep interrupted
2019-09-25 12:10:22,537 [main] INFO  utils.BackgroundService (BackgroundService.java:shutdown(148)) - Shutting down service BlockDeletingService
2019-09-25 12:10:22,541 [main] INFO  statemachine.DatanodeStateMachine (DatanodeStateMachine.java:stopDaemon(395)) - Ozone container server stopped.
2019-09-25 12:10:22,550 [ForkJoinPool.commonPool-worker-1] INFO  utils.BackgroundService (BackgroundService.java:shutdown(148)) - Shutting down service BlockDeletingService
2019-09-25 12:10:22,554 [ForkJoinPool.commonPool-worker-1] INFO  statemachine.DatanodeStateMachine (DatanodeStateMachine.java:stopDaemon(395)) - Ozone container server stopped.
2019-09-25 12:10:22,557 [main] INFO  handler.ContextHandler (ContextHandler.java:doStop(910)) - Stopped o.e.j.w.WebAppContext@73844119{/,null,UNAVAILABLE}{/hddsDatanode}
2019-09-25 12:10:22,558 [ForkJoinPool.commonPool-worker-1] INFO  handler.ContextHandler (ContextHandler.java:doStop(910)) - Stopped o.e.j.w.WebAppContext@53f4c1e6{/,null,UNAVAILABLE}{/hddsDatanode}
2019-09-25 12:10:22,559 [main] INFO  server.AbstractConnector (AbstractConnector.java:doStop(318)) - Stopped ServerConnector@44f24a20{HTTP/1.1,[http/1.1]}{0.0.0.0:0}
2019-09-25 12:10:22,559 [ForkJoinPool.commonPool-worker-1] INFO  server.AbstractConnector (AbstractConnector.java:doStop(318)) - Stopped ServerConnector@74174a23{HTTP/1.1,[http/1.1]}{0.0.0.0:0}
2019-09-25 12:10:22,559 [main] INFO  handler.ContextHandler (ContextHandler.java:doStop(910)) - Stopped o.e.j.s.ServletContextHandler@5634d0f4{/static,jar:file:/home/user/.m2/repository/org/apache/hadoop/hadoop-hdds-container-service/0.5.0-SNAPSHOT/hadoop-hdds-container-service-0.5.0-SNAPSHOT.jar!/webapps/static,UNAVAILABLE}
2019-09-25 12:10:22,561 [ForkJoinPool.commonPool-worker-1] INFO  handler.ContextHandler (ContextHandler.java:doStop(910)) - Stopped o.e.j.s.ServletContextHandler@1cd3b138{/static,jar:file:/home/user/.m2/repository/org/apache/hadoop/hadoop-hdds-container-service/0.5.0-SNAPSHOT/hadoop-hdds-container-service-0.5.0-SNAPSHOT.jar!/webapps/static,UNAVAILABLE}
2019-09-25 12:10:22,561 [main] INFO  handler.ContextHandler (ContextHandler.java:doStop(910)) - Stopped o.e.j.s.ServletContextHandler@642f9a77{/logs,file:///workdir/hadoop-ozone/integration-test/target/log,UNAVAILABLE}
2019-09-25 12:10:22,562 [ForkJoinPool.commonPool-worker-1] INFO  handler.ContextHandler (ContextHandler.java:doStop(910)) - Stopped o.e.j.s.ServletContextHandler@121bb45b{/logs,file:///workdir/hadoop-ozone/integration-test/target/log,UNAVAILABLE}
2019-09-25 12:10:22,941 [Datanode State Machine Thread - 0] INFO  statemachine.DatanodeStateMachine (DatanodeStateMachine.java:lambda$startDaemon$0(350)) - Ozone container server started.
2019-09-25 12:10:23,410 [Datanode State Machine Thread - 0] INFO  statemachine.DatanodeStateMachine (DatanodeStateMachine.java:lambda$startDaemon$0(350)) - Ozone container server started.
2019-09-25 12:10:27,565 [main] INFO  ozoneimpl.OzoneContainer (OzoneContainer.java:stop(231)) - Attempting to stop container services.
2019-09-25 12:10:27,566 [ForkJoinPool.commonPool-worker-1] INFO  ozoneimpl.OzoneContainer (OzoneContainer.java:stop(231)) - Attempting to stop container services.
2019-09-25 12:10:27,566 [main] INFO  impl.RaftServerProxy (RaftServerProxy.java:lambda$close$4(314)) - e1810a45-b9a3-4acb-b85d-088610f584f2: close
2019-09-25 12:10:27,566 [ForkJoinPool.commonPool-worker-1] INFO  impl.RaftServerProxy (RaftServerProxy.java:lambda$close$4(314)) - 75407fdb-c05d-4d79-b869-4dab60013158: close
2019-09-25 12:10:27,566 [main] INFO  impl.RaftServerImpl (RaftServerImpl.java:lambda$shutdown$3(251)) - e1810a45-b9a3-4acb-b85d-088610f584f2@group-31729B4234E2: shutdown
2019-09-25 12:10:27,567 [ForkJoinPool.commonPool-worker-1] INFO  impl.RaftServerImpl (RaftServerImpl.java:lambda$shutdown$3(251)) - 75407fdb-c05d-4d79-b869-4dab60013158@group-707C65617DF7: shutdown
2019-09-25 12:10:27,567 [main] INFO  util.JmxRegister (JmxRegister.java:unregister(73)) - Successfully un-registered JMX Bean with object name Ratis:service=RaftServer,group=group-31729B4234E2,id=e1810a45-b9a3-4acb-b85d-088610f584f2
2019-09-25 12:10:27,567 [ForkJoinPool.commonPool-worker-1] INFO  util.JmxRegister (JmxRegister.java:unregister(73)) - Successfully un-registered JMX Bean with object name Ratis:service=RaftServer,group=group-707C65617DF7,id=75407fdb-c05d-4d79-b869-4dab60013158
2019-09-25 12:10:27,568 [main] INFO  impl.RoleInfo (RoleInfo.java:shutdownLeaderState(104)) - e1810a45-b9a3-4acb-b85d-088610f584f2: shutdown LeaderState
2019-09-25 12:10:27,568 [ForkJoinPool.commonPool-worker-1] INFO  impl.RoleInfo (RoleInfo.java:shutdownLeaderState(104)) - 75407fdb-c05d-4d79-b869-4dab60013158: shutdown LeaderState
2019-09-25 12:10:27,569 [main] INFO  impl.PendingRequests (PendingRequests.java:sendNotLeaderResponses(202)) - e1810a45-b9a3-4acb-b85d-088610f584f2-PendingRequests: sendNotLeaderResponses
2019-09-25 12:10:27,569 [ForkJoinPool.commonPool-worker-1] INFO  impl.PendingRequests (PendingRequests.java:sendNotLeaderResponses(202)) - 75407fdb-c05d-4d79-b869-4dab60013158-PendingRequests: sendNotLeaderResponses
2019-09-25 12:10:27,569 [main] INFO  impl.StateMachineUpdater (StateMachineUpdater.java:stopAndJoin(125)) - e1810a45-b9a3-4acb-b85d-088610f584f2@group-31729B4234E2-StateMachineUpdater: set stopIndex = 0
2019-09-25 12:10:27,570 [ForkJoinPool.commonPool-worker-1] INFO  impl.StateMachineUpdater (StateMachineUpdater.java:stopAndJoin(125)) - 75407fdb-c05d-4d79-b869-4dab60013158@group-707C65617DF7-StateMachineUpdater: set stopIndex = 0
2019-09-25 12:10:27,570 [main] INFO  impl.RaftServerImpl (ServerState.java:close(385)) - e1810a45-b9a3-4acb-b85d-088610f584f2@group-31729B4234E2: closes. applyIndex: 0
2019-09-25 12:10:27,570 [ForkJoinPool.commonPool-worker-1] INFO  impl.RaftServerImpl (ServerState.java:close(385)) - 75407fdb-c05d-4d79-b869-4dab60013158@group-707C65617DF7: closes. applyIndex: 0
2019-09-25 12:10:27,571 [e1810a45-b9a3-4acb-b85d-088610f584f2@group-31729B4234E2-SegmentedRaftLogWorker] INFO  segmented.SegmentedRaftLogWorker (SegmentedRaftLogWorker.java:run(313)) - e1810a45-b9a3-4acb-b85d-088610f584f2@group-31729B4234E2-SegmentedRaftLogWorker was interrupted, exiting. There are 0 tasks remaining in the queue.
2019-09-25 12:10:27,571 [75407fdb-c05d-4d79-b869-4dab60013158@group-707C65617DF7-SegmentedRaftLogWorker] INFO  segmented.SegmentedRaftLogWorker (SegmentedRaftLogWorker.java:run(313)) - 75407fdb-c05d-4d79-b869-4dab60013158@group-707C65617DF7-SegmentedRaftLogWorker was interrupted, exiting. There are 0 tasks remaining in the queue.
2019-09-25 12:10:27,571 [main] INFO  segmented.SegmentedRaftLogWorker (SegmentedRaftLogWorker.java:close(228)) - e1810a45-b9a3-4acb-b85d-088610f584f2@group-31729B4234E2-SegmentedRaftLogWorker close()
2019-09-25 12:10:27,572 [ForkJoinPool.commonPool-worker-1] INFO  segmented.SegmentedRaftLogWorker (SegmentedRaftLogWorker.java:close(228)) - 75407fdb-c05d-4d79-b869-4dab60013158@group-707C65617DF7-SegmentedRaftLogWorker close()
2019-09-25 12:10:27,572 [main] INFO  impl.RaftServerImpl (RaftServerImpl.java:lambda$shutdown$3(251)) - e1810a45-b9a3-4acb-b85d-088610f584f2@group-00ED38997B3C: shutdown
2019-09-25 12:10:27,572 [ForkJoinPool.commonPool-worker-1] INFO  impl.RaftServerImpl (RaftServerImpl.java:lambda$shutdown$3(251)) - 75407fdb-c05d-4d79-b869-4dab60013158@group-18147AC26922: shutdown
2019-09-25 12:10:27,573 [main] INFO  util.JmxRegister (JmxRegister.java:unregister(73)) - Successfully un-registered JMX Bean with object name Ratis:service=RaftServer,group=group-00ED38997B3C,id=e1810a45-b9a3-4acb-b85d-088610f584f2
2019-09-25 12:10:27,573 [ForkJoinPool.commonPool-worker-1] INFO  util.JmxRegister (JmxRegister.java:unregister(73)) - Successfully un-registered JMX Bean with object name Ratis:service=RaftServer,group=group-18147AC26922,id=75407fdb-c05d-4d79-b869-4dab60013158
2019-09-25 12:10:27,573 [main] INFO  impl.RoleInfo (RoleInfo.java:shutdownLeaderState(104)) - e1810a45-b9a3-4acb-b85d-088610f584f2: shutdown LeaderState
2019-09-25 12:10:27,574 [ForkJoinPool.commonPool-worker-1] INFO  impl.RoleInfo (RoleInfo.java:shutdownLeaderState(104)) - 75407fdb-c05d-4d79-b869-4dab60013158: shutdown LeaderState
2019-09-25 12:10:27,574 [main] INFO  impl.PendingRequests (PendingRequests.java:sendNotLeaderResponses(202)) - e1810a45-b9a3-4acb-b85d-088610f584f2-PendingRequests: sendNotLeaderResponses
2019-09-25 12:10:27,574 [ForkJoinPool.commonPool-worker-1] INFO  impl.PendingRequests (PendingRequests.java:sendNotLeaderResponses(202)) - 75407fdb-c05d-4d79-b869-4dab60013158-PendingRequests: sendNotLeaderResponses
2019-09-25 12:10:27,575 [main] INFO  impl.StateMachineUpdater (StateMachineUpdater.java:stopAndJoin(125)) - e1810a45-b9a3-4acb-b85d-088610f584f2@group-00ED38997B3C-StateMachineUpdater: set stopIndex = 0
2019-09-25 12:10:27,575 [ForkJoinPool.commonPool-worker-1] INFO  impl.StateMachineUpdater (StateMachineUpdater.java:stopAndJoin(125)) - 75407fdb-c05d-4d79-b869-4dab60013158@group-18147AC26922-StateMachineUpdater: set stopIndex = 0
2019-09-25 12:10:27,576 [main] INFO  impl.RaftServerImpl (ServerState.java:close(385)) - e1810a45-b9a3-4acb-b85d-088610f584f2@group-00ED38997B3C: closes. applyIndex: 0
2019-09-25 12:10:27,576 [ForkJoinPool.commonPool-worker-1] INFO  impl.RaftServerImpl (ServerState.java:close(385)) - 75407fdb-c05d-4d79-b869-4dab60013158@group-18147AC26922: closes. applyIndex: 0
2019-09-25 12:10:27,576 [e1810a45-b9a3-4acb-b85d-088610f584f2@group-00ED38997B3C-SegmentedRaftLogWorker] INFO  segmented.SegmentedRaftLogWorker (SegmentedRaftLogWorker.java:run(313)) - e1810a45-b9a3-4acb-b85d-088610f584f2@group-00ED38997B3C-SegmentedRaftLogWorker was interrupted, exiting. There are 0 tasks remaining in the queue.
2019-09-25 12:10:27,577 [75407fdb-c05d-4d79-b869-4dab60013158@group-18147AC26922-SegmentedRaftLogWorker] INFO  segmented.SegmentedRaftLogWorker (SegmentedRaftLogWorker.java:run(313)) - 75407fdb-c05d-4d79-b869-4dab60013158@group-18147AC26922-SegmentedRaftLogWorker was interrupted, exiting. There are 0 tasks remaining in the queue.
2019-09-25 12:10:27,577 [main] INFO  segmented.SegmentedRaftLogWorker (SegmentedRaftLogWorker.java:close(228)) - e1810a45-b9a3-4acb-b85d-088610f584f2@group-00ED38997B3C-SegmentedRaftLogWorker close()
2019-09-25 12:10:27,577 [ForkJoinPool.commonPool-worker-1] INFO  segmented.SegmentedRaftLogWorker (SegmentedRaftLogWorker.java:close(228)) - 75407fdb-c05d-4d79-b869-4dab60013158@group-18147AC26922-SegmentedRaftLogWorker close()
2019-09-25 12:10:27,577 [main] INFO  impl.RaftServerImpl (RaftServerImpl.java:lambda$shutdown$3(251)) - e1810a45-b9a3-4acb-b85d-088610f584f2@group-A3478D1D244C: shutdown
2019-09-25 12:10:27,578 [ForkJoinPool.commonPool-worker-1] INFO  impl.RaftServerImpl (RaftServerImpl.java:lambda$shutdown$3(251)) - 75407fdb-c05d-4d79-b869-4dab60013158@group-56E98B4F5649: shutdown
2019-09-25 12:10:27,578 [main] INFO  util.JmxRegister (JmxRegister.java:unregister(73)) - Successfully un-registered JMX Bean with object name Ratis:service=RaftServer,group=group-A3478D1D244C,id=e1810a45-b9a3-4acb-b85d-088610f584f2
2019-09-25 12:10:27,578 [ForkJoinPool.commonPool-worker-1] INFO  util.JmxRegister (JmxRegister.java:unregister(73)) - Successfully un-registered JMX Bean with object name Ratis:service=RaftServer,group=group-56E98B4F5649,id=75407fdb-c05d-4d79-b869-4dab60013158
2019-09-25 12:10:27,579 [main] INFO  impl.RoleInfo (RoleInfo.java:shutdownLeaderState(104)) - e1810a45-b9a3-4acb-b85d-088610f584f2: shutdown LeaderState
2019-09-25 12:10:27,579 [ForkJoinPool.commonPool-worker-1] INFO  impl.RoleInfo (RoleInfo.java:shutdownLeaderState(104)) - 75407fdb-c05d-4d79-b869-4dab60013158: shutdown LeaderState
2019-09-25 12:10:27,580 [main] INFO  impl.PendingRequests (PendingRequests.java:sendNotLeaderResponses(202)) - e1810a45-b9a3-4acb-b85d-088610f584f2-PendingRequests: sendNotLeaderResponses
2019-09-25 12:10:27,580 [ForkJoinPool.commonPool-worker-1] INFO  impl.PendingRequests (PendingRequests.java:sendNotLeaderResponses(202)) - 75407fdb-c05d-4d79-b869-4dab60013158-PendingRequests: sendNotLeaderResponses
2019-09-25 12:10:27,580 [main] INFO  impl.StateMachineUpdater (StateMachineUpdater.java:stopAndJoin(125)) - e1810a45-b9a3-4acb-b85d-088610f584f2@group-A3478D1D244C-StateMachineUpdater: set stopIndex = 0
2019-09-25 12:10:27,581 [ForkJoinPool.commonPool-worker-1] INFO  impl.StateMachineUpdater (StateMachineUpdater.java:stopAndJoin(125)) - 75407fdb-c05d-4d79-b869-4dab60013158@group-56E98B4F5649-StateMachineUpdater: set stopIndex = 0
2019-09-25 12:10:27,581 [main] INFO  impl.RaftServerImpl (ServerState.java:close(385)) - e1810a45-b9a3-4acb-b85d-088610f584f2@group-A3478D1D244C: closes. applyIndex: 0
2019-09-25 12:10:27,581 [ForkJoinPool.commonPool-worker-1] INFO  impl.RaftServerImpl (ServerState.java:close(385)) - 75407fdb-c05d-4d79-b869-4dab60013158@group-56E98B4F5649: closes. applyIndex: 0
2019-09-25 12:10:27,582 [e1810a45-b9a3-4acb-b85d-088610f584f2@group-A3478D1D244C-SegmentedRaftLogWorker] INFO  segmented.SegmentedRaftLogWorker (SegmentedRaftLogWorker.java:run(313)) - e1810a45-b9a3-4acb-b85d-088610f584f2@group-A3478D1D244C-SegmentedRaftLogWorker was interrupted, exiting. There are 0 tasks remaining in the queue.
2019-09-25 12:10:27,582 [75407fdb-c05d-4d79-b869-4dab60013158@group-56E98B4F5649-SegmentedRaftLogWorker] INFO  segmented.SegmentedRaftLogWorker (SegmentedRaftLogWorker.java:run(313)) - 75407fdb-c05d-4d79-b869-4dab60013158@group-56E98B4F5649-SegmentedRaftLogWorker was interrupted, exiting. There are 0 tasks remaining in the queue.
2019-09-25 12:10:27,582 [main] INFO  segmented.SegmentedRaftLogWorker (SegmentedRaftLogWorker.java:close(228)) - e1810a45-b9a3-4acb-b85d-088610f584f2@group-A3478D1D244C-SegmentedRaftLogWorker close()
2019-09-25 12:10:27,582 [ForkJoinPool.commonPool-worker-1] INFO  segmented.SegmentedRaftLogWorker (SegmentedRaftLogWorker.java:close(228)) - 75407fdb-c05d-4d79-b869-4dab60013158@group-56E98B4F5649-SegmentedRaftLogWorker close()
2019-09-25 12:10:27,583 [main] INFO  impl.RaftServerImpl (RaftServerImpl.java:lambda$shutdown$3(251)) - e1810a45-b9a3-4acb-b85d-088610f584f2@group-E6003B78F1D8: shutdown
2019-09-25 12:10:27,583 [ForkJoinPool.commonPool-worker-1] INFO  impl.RaftServerImpl (RaftServerImpl.java:lambda$shutdown$3(251)) - 75407fdb-c05d-4d79-b869-4dab60013158@group-D98DA61125A0: shutdown
2019-09-25 12:10:27,583 [main] INFO  util.JmxRegister (JmxRegister.java:unregister(73)) - Successfully un-registered JMX Bean with object name Ratis:service=RaftServer,group=group-E6003B78F1D8,id=e1810a45-b9a3-4acb-b85d-088610f584f2
2019-09-25 12:10:27,584 [main] INFO  impl.RoleInfo (RoleInfo.java:shutdownLeaderState(104)) - e1810a45-b9a3-4acb-b85d-088610f584f2: shutdown LeaderState
2019-09-25 12:10:27,584 [ForkJoinPool.commonPool-worker-1] INFO  util.JmxRegister (JmxRegister.java:unregister(73)) - Successfully un-registered JMX Bean with object name Ratis:service=RaftServer,group=group-D98DA61125A0,id=75407fdb-c05d-4d79-b869-4dab60013158
2019-09-25 12:10:27,584 [main] INFO  impl.PendingRequests (PendingRequests.java:sendNotLeaderResponses(202)) - e1810a45-b9a3-4acb-b85d-088610f584f2-PendingRequests: sendNotLeaderResponses
2019-09-25 12:10:27,585 [ForkJoinPool.commonPool-worker-1] INFO  impl.RoleInfo (RoleInfo.java:shutdownLeaderState(104)) - 75407fdb-c05d-4d79-b869-4dab60013158: shutdown LeaderState
2019-09-25 12:10:27,585 [main] INFO  impl.StateMachineUpdater (StateMachineUpdater.java:stopAndJoin(125)) - e1810a45-b9a3-4acb-b85d-088610f584f2@group-E6003B78F1D8-StateMachineUpdater: set stopIndex = 0
2019-09-25 12:10:27,586 [ForkJoinPool.commonPool-worker-1] INFO  impl.PendingRequests (PendingRequests.java:sendNotLeaderResponses(202)) - 75407fdb-c05d-4d79-b869-4dab60013158-PendingRequests: sendNotLeaderResponses
2019-09-25 12:10:27,586 [main] INFO  impl.RaftServerImpl (ServerState.java:close(385)) - e1810a45-b9a3-4acb-b85d-088610f584f2@group-E6003B78F1D8: closes. applyIndex: 0
2019-09-25 12:10:27,586 [ForkJoinPool.commonPool-worker-1] INFO  impl.StateMachineUpdater (StateMachineUpdater.java:stopAndJoin(125)) - 75407fdb-c05d-4d79-b869-4dab60013158@group-D98DA61125A0-StateMachineUpdater: set stopIndex = 0
2019-09-25 12:10:27,587 [e1810a45-b9a3-4acb-b85d-088610f584f2@group-E6003B78F1D8-SegmentedRaftLogWorker] INFO  segmented.SegmentedRaftLogWorker (SegmentedRaftLogWorker.java:run(313)) - e1810a45-b9a3-4acb-b85d-088610f584f2@group-E6003B78F1D8-SegmentedRaftLogWorker was interrupted, exiting. There are 0 tasks remaining in the queue.
2019-09-25 12:10:27,587 [ForkJoinPool.commonPool-worker-1] INFO  impl.RaftServerImpl (ServerState.java:close(385)) - 75407fdb-c05d-4d79-b869-4dab60013158@group-D98DA61125A0: closes. applyIndex: 0
2019-09-25 12:10:27,587 [main] INFO  segmented.SegmentedRaftLogWorker (SegmentedRaftLogWorker.java:close(228)) - e1810a45-b9a3-4acb-b85d-088610f584f2@group-E6003B78F1D8-SegmentedRaftLogWorker close()
2019-09-25 12:10:27,587 [75407fdb-c05d-4d79-b869-4dab60013158@group-D98DA61125A0-SegmentedRaftLogWorker] INFO  segmented.SegmentedRaftLogWorker (SegmentedRaftLogWorker.java:run(313)) - 75407fdb-c05d-4d79-b869-4dab60013158@group-D98DA61125A0-SegmentedRaftLogWorker was interrupted, exiting. There are 0 tasks remaining in the queue.
2019-09-25 12:10:27,588 [main] INFO  impl.RaftServerImpl (RaftServerImpl.java:lambda$shutdown$3(251)) - e1810a45-b9a3-4acb-b85d-088610f584f2@group-D8A491083118: shutdown
2019-09-25 12:10:27,588 [ForkJoinPool.commonPool-worker-1] INFO  segmented.SegmentedRaftLogWorker (SegmentedRaftLogWorker.java:close(228)) - 75407fdb-c05d-4d79-b869-4dab60013158@group-D98DA61125A0-SegmentedRaftLogWorker close()
2019-09-25 12:10:27,588 [main] INFO  util.JmxRegister (JmxRegister.java:unregister(73)) - Successfully un-registered JMX Bean with object name Ratis:service=RaftServer,group=group-D8A491083118,id=e1810a45-b9a3-4acb-b85d-088610f584f2
2019-09-25 12:10:27,589 [ForkJoinPool.commonPool-worker-1] INFO  impl.RaftServerImpl (RaftServerImpl.java:lambda$shutdown$3(251)) - 75407fdb-c05d-4d79-b869-4dab60013158@group-D3C1CE2D9D7F: shutdown
2019-09-25 12:10:27,589 [main] INFO  impl.RoleInfo (RoleInfo.java:shutdownLeaderState(104)) - e1810a45-b9a3-4acb-b85d-088610f584f2: shutdown LeaderState
2019-09-25 12:10:27,589 [ForkJoinPool.commonPool-worker-1] INFO  util.JmxRegister (JmxRegister.java:unregister(73)) - Successfully un-registered JMX Bean with object name Ratis:service=RaftServer,group=group-D3C1CE2D9D7F,id=75407fdb-c05d-4d79-b869-4dab60013158
2019-09-25 12:10:27,590 [ForkJoinPool.commonPool-worker-1] INFO  impl.RoleInfo (RoleInfo.java:shutdownLeaderState(104)) - 75407fdb-c05d-4d79-b869-4dab60013158: shutdown LeaderState
2019-09-25 12:10:27,590 [main] INFO  impl.PendingRequests (PendingRequests.java:sendNotLeaderResponses(202)) - e1810a45-b9a3-4acb-b85d-088610f584f2-PendingRequests: sendNotLeaderResponses
2019-09-25 12:10:27,590 [ForkJoinPool.commonPool-worker-1] INFO  impl.PendingRequests (PendingRequests.java:sendNotLeaderResponses(202)) - 75407fdb-c05d-4d79-b869-4dab60013158-PendingRequests: sendNotLeaderResponses
2019-09-25 12:10:27,591 [main] INFO  impl.StateMachineUpdater (StateMachineUpdater.java:stopAndJoin(125)) - e1810a45-b9a3-4acb-b85d-088610f584f2@group-D8A491083118-StateMachineUpdater: set stopIndex = 0
2019-09-25 12:10:27,592 [main] INFO  impl.RaftServerImpl (ServerState.java:close(385)) - e1810a45-b9a3-4acb-b85d-088610f584f2@group-D8A491083118: closes. applyIndex: 0
2019-09-25 12:10:27,591 [ForkJoinPool.commonPool-worker-1] INFO  impl.StateMachineUpdater (StateMachineUpdater.java:stopAndJoin(125)) - 75407fdb-c05d-4d79-b869-4dab60013158@group-D3C1CE2D9D7F-StateMachineUpdater: set stopIndex = 0
2019-09-25 12:10:27,592 [e1810a45-b9a3-4acb-b85d-088610f584f2@group-D8A491083118-SegmentedRaftLogWorker] INFO  segmented.SegmentedRaftLogWorker (SegmentedRaftLogWorker.java:run(313)) - e1810a45-b9a3-4acb-b85d-088610f584f2@group-D8A491083118-SegmentedRaftLogWorker was interrupted, exiting. There are 0 tasks remaining in the queue.
2019-09-25 12:10:27,592 [ForkJoinPool.commonPool-worker-1] INFO  impl.RaftServerImpl (ServerState.java:close(385)) - 75407fdb-c05d-4d79-b869-4dab60013158@group-D3C1CE2D9D7F: closes. applyIndex: 0
2019-09-25 12:10:27,592 [main] INFO  segmented.SegmentedRaftLogWorker (SegmentedRaftLogWorker.java:close(228)) - e1810a45-b9a3-4acb-b85d-088610f584f2@group-D8A491083118-SegmentedRaftLogWorker close()
2019-09-25 12:10:27,593 [75407fdb-c05d-4d79-b869-4dab60013158@group-D3C1CE2D9D7F-SegmentedRaftLogWorker] INFO  segmented.SegmentedRaftLogWorker (SegmentedRaftLogWorker.java:run(313)) - 75407fdb-c05d-4d79-b869-4dab60013158@group-D3C1CE2D9D7F-SegmentedRaftLogWorker was interrupted, exiting. There are 0 tasks remaining in the queue.
2019-09-25 12:10:27,593 [main] INFO  impl.RaftServerImpl (RaftServerImpl.java:lambda$shutdown$3(251)) - e1810a45-b9a3-4acb-b85d-088610f584f2@group-5D903DA40926: shutdown
2019-09-25 12:10:27,593 [ForkJoinPool.commonPool-worker-1] INFO  segmented.SegmentedRaftLogWorker (SegmentedRaftLogWorker.java:close(228)) - 75407fdb-c05d-4d79-b869-4dab60013158@group-D3C1CE2D9D7F-SegmentedRaftLogWorker close()
2019-09-25 12:10:27,594 [main] INFO  util.JmxRegister (JmxRegister.java:unregister(73)) - Successfully un-registered JMX Bean with object name Ratis:service=RaftServer,group=group-5D903DA40926,id=e1810a45-b9a3-4acb-b85d-088610f584f2
2019-09-25 12:10:27,594 [ForkJoinPool.commonPool-worker-1] INFO  impl.RaftServerImpl (RaftServerImpl.java:lambda$shutdown$3(251)) - 75407fdb-c05d-4d79-b869-4dab60013158@group-F1F90E5AAD12: shutdown
2019-09-25 12:10:27,594 [main] INFO  impl.RoleInfo (RoleInfo.java:shutdownLeaderState(104)) - e1810a45-b9a3-4acb-b85d-088610f584f2: shutdown LeaderState
2019-09-25 12:10:27,595 [ForkJoinPool.commonPool-worker-1] INFO  util.JmxRegister (JmxRegister.java:unregister(73)) - Successfully un-registered JMX Bean with object name Ratis:service=RaftServer,group=group-F1F90E5AAD12,id=75407fdb-c05d-4d79-b869-4dab60013158
2019-09-25 12:10:27,595 [main] INFO  impl.PendingRequests (PendingRequests.java:sendNotLeaderResponses(202)) - e1810a45-b9a3-4acb-b85d-088610f584f2-PendingRequests: sendNotLeaderResponses
2019-09-25 12:10:27,595 [ForkJoinPool.commonPool-worker-1] INFO  impl.RoleInfo (RoleInfo.java:shutdownLeaderState(104)) - 75407fdb-c05d-4d79-b869-4dab60013158: shutdown LeaderState
2019-09-25 12:10:27,596 [main] INFO  impl.StateMachineUpdater (StateMachineUpdater.java:stopAndJoin(125)) - e1810a45-b9a3-4acb-b85d-088610f584f2@group-5D903DA40926-StateMachineUpdater: set stopIndex = 0
2019-09-25 12:10:27,596 [ForkJoinPool.commonPool-worker-1] INFO  impl.PendingRequests (PendingRequests.java:sendNotLeaderResponses(202)) - 75407fdb-c05d-4d79-b869-4dab60013158-PendingRequests: sendNotLeaderResponses
2019-09-25 12:10:27,596 [main] INFO  impl.RaftServerImpl (ServerState.java:close(385)) - e1810a45-b9a3-4acb-b85d-088610f584f2@group-5D903DA40926: closes. applyIndex: 0
2019-09-25 12:10:27,597 [ForkJoinPool.commonPool-worker-1] INFO  impl.StateMachineUpdater (StateMachineUpdater.java:stopAndJoin(125)) - 75407fdb-c05d-4d79-b869-4dab60013158@group-F1F90E5AAD12-StateMachineUpdater: set stopIndex = 0
2019-09-25 12:10:27,597 [e1810a45-b9a3-4acb-b85d-088610f584f2@group-5D903DA40926-SegmentedRaftLogWorker] INFO  segmented.SegmentedRaftLogWorker (SegmentedRaftLogWorker.java:run(313)) - e1810a45-b9a3-4acb-b85d-088610f584f2@group-5D903DA40926-SegmentedRaftLogWorker was interrupted, exiting. There are 0 tasks remaining in the queue.
2019-09-25 12:10:27,597 [ForkJoinPool.commonPool-worker-1] INFO  impl.RaftServerImpl (ServerState.java:close(385)) - 75407fdb-c05d-4d79-b869-4dab60013158@group-F1F90E5AAD12: closes. applyIndex: 0
2019-09-25 12:10:27,597 [main] INFO  segmented.SegmentedRaftLogWorker (SegmentedRaftLogWorker.java:close(228)) - e1810a45-b9a3-4acb-b85d-088610f584f2@group-5D903DA40926-SegmentedRaftLogWorker close()
2019-09-25 12:10:27,598 [75407fdb-c05d-4d79-b869-4dab60013158@group-F1F90E5AAD12-SegmentedRaftLogWorker] INFO  segmented.SegmentedRaftLogWorker (SegmentedRaftLogWorker.java:run(313)) - 75407fdb-c05d-4d79-b869-4dab60013158@group-F1F90E5AAD12-SegmentedRaftLogWorker was interrupted, exiting. There are 0 tasks remaining in the queue.
2019-09-25 12:10:27,598 [main] INFO  server.GrpcService (GrpcService.java:closeImpl(164)) - e1810a45-b9a3-4acb-b85d-088610f584f2: shutdown server with port 46771 now
2019-09-25 12:10:27,598 [ForkJoinPool.commonPool-worker-1] INFO  segmented.SegmentedRaftLogWorker (SegmentedRaftLogWorker.java:close(228)) - 75407fdb-c05d-4d79-b869-4dab60013158@group-F1F90E5AAD12-SegmentedRaftLogWorker close()
2019-09-25 12:10:27,601 [main] INFO  server.GrpcService (GrpcService.java:closeImpl(172)) - e1810a45-b9a3-4acb-b85d-088610f584f2: shutdown server with port 46771 successfully
2019-09-25 12:10:27,601 [ForkJoinPool.commonPool-worker-1] INFO  server.GrpcService (GrpcService.java:closeImpl(164)) - 75407fdb-c05d-4d79-b869-4dab60013158: shutdown server with port 41746 now
2019-09-25 12:10:27,603 [ForkJoinPool.commonPool-worker-1] INFO  server.GrpcService (GrpcService.java:closeImpl(172)) - 75407fdb-c05d-4d79-b869-4dab60013158: shutdown server with port 41746 successfully
2019-09-25 12:10:27,605 [refreshUsed-/workdir/hadoop-ozone/integration-test/target/test-dir/MiniOzoneClusterImpl-b6380e3c-fb04-4178-98e9-eb7b36240636/datanode-6/data/containers] WARN  fs.CachingGetSpaceUsed (CachingGetSpaceUsed.java:run(183)) - Thread Interrupted waiting to refresh disk information: sleep interrupted
2019-09-25 12:10:27,608 [refreshUsed-/workdir/hadoop-ozone/integration-test/target/test-dir/MiniOzoneClusterImpl-b6380e3c-fb04-4178-98e9-eb7b36240636/datanode-0/data/containers] WARN  fs.CachingGetSpaceUsed (CachingGetSpaceUsed.java:run(183)) - Thread Interrupted waiting to refresh disk information: sleep interrupted
2019-09-25 12:10:27,624 [main] INFO  utils.BackgroundService (BackgroundService.java:shutdown(148)) - Shutting down service BlockDeletingService
2019-09-25 12:10:27,627 [main] INFO  statemachine.DatanodeStateMachine (DatanodeStateMachine.java:stopDaemon(395)) - Ozone container server stopped.
2019-09-25 12:10:27,638 [ForkJoinPool.commonPool-worker-1] INFO  utils.BackgroundService (BackgroundService.java:shutdown(148)) - Shutting down service BlockDeletingService
2019-09-25 12:10:27,642 [ForkJoinPool.commonPool-worker-1] INFO  statemachine.DatanodeStateMachine (DatanodeStateMachine.java:stopDaemon(395)) - Ozone container server stopped.
2019-09-25 12:10:27,642 [main] INFO  handler.ContextHandler (ContextHandler.java:doStop(910)) - Stopped o.e.j.w.WebAppContext@6d6bbd35{/,null,UNAVAILABLE}{/hddsDatanode}
2019-09-25 12:10:27,646 [ForkJoinPool.commonPool-worker-1] INFO  handler.ContextHandler (ContextHandler.java:doStop(910)) - Stopped o.e.j.w.WebAppContext@4c6007fb{/,null,UNAVAILABLE}{/hddsDatanode}
2019-09-25 12:10:27,646 [main] INFO  server.AbstractConnector (AbstractConnector.java:doStop(318)) - Stopped ServerConnector@5c5d6175{HTTP/1.1,[http/1.1]}{0.0.0.0:0}
2019-09-25 12:10:27,647 [ForkJoinPool.commonPool-worker-1] INFO  server.AbstractConnector (AbstractConnector.java:doStop(318)) - Stopped ServerConnector@3e33d73e{HTTP/1.1,[http/1.1]}{0.0.0.0:0}
2019-09-25 12:10:27,647 [main] INFO  handler.ContextHandler (ContextHandler.java:doStop(910)) - Stopped o.e.j.s.ServletContextHandler@3dd31157{/static,jar:file:/home/user/.m2/repository/org/apache/hadoop/hadoop-hdds-container-service/0.5.0-SNAPSHOT/hadoop-hdds-container-service-0.5.0-SNAPSHOT.jar!/webapps/static,UNAVAILABLE}
2019-09-25 12:10:27,649 [ForkJoinPool.commonPool-worker-1] INFO  handler.ContextHandler (ContextHandler.java:doStop(910)) - Stopped o.e.j.s.ServletContextHandler@3968bc60{/static,jar:file:/home/user/.m2/repository/org/apache/hadoop/hadoop-hdds-container-service/0.5.0-SNAPSHOT/hadoop-hdds-container-service-0.5.0-SNAPSHOT.jar!/webapps/static,UNAVAILABLE}
2019-09-25 12:10:27,649 [main] INFO  handler.ContextHandler (ContextHandler.java:doStop(910)) - Stopped o.e.j.s.ServletContextHandler@574a89e2{/logs,file:///workdir/hadoop-ozone/integration-test/target/log,UNAVAILABLE}
2019-09-25 12:10:27,650 [ForkJoinPool.commonPool-worker-1] INFO  handler.ContextHandler (ContextHandler.java:doStop(910)) - Stopped o.e.j.s.ServletContextHandler@767a014e{/logs,file:///workdir/hadoop-ozone/integration-test/target/log,UNAVAILABLE}
2019-09-25 12:10:27,942 [Datanode State Machine Thread - 0] INFO  statemachine.DatanodeStateMachine (DatanodeStateMachine.java:lambda$startDaemon$0(350)) - Ozone container server started.
2019-09-25 12:10:32,652 [main] INFO  ozoneimpl.OzoneContainer (OzoneContainer.java:stop(231)) - Attempting to stop container services.
2019-09-25 12:10:32,653 [main] INFO  impl.RaftServerProxy (RaftServerProxy.java:lambda$close$4(314)) - c7bed0cc-269f-4b54-bb5a-2be104ddf1a5: close
2019-09-25 12:10:32,654 [main] INFO  impl.RaftServerImpl (RaftServerImpl.java:lambda$shutdown$3(251)) - c7bed0cc-269f-4b54-bb5a-2be104ddf1a5@group-B6327E9CEEBC: shutdown
2019-09-25 12:10:32,654 [main] INFO  util.JmxRegister (JmxRegister.java:unregister(73)) - Successfully un-registered JMX Bean with object name Ratis:service=RaftServer,group=group-B6327E9CEEBC,id=c7bed0cc-269f-4b54-bb5a-2be104ddf1a5
2019-09-25 12:10:32,654 [ForkJoinPool.commonPool-worker-0] INFO  impl.RaftServerImpl (RaftServerImpl.java:lambda$shutdown$3(251)) - c7bed0cc-269f-4b54-bb5a-2be104ddf1a5@group-DBA68B6A9C53: shutdown
2019-09-25 12:10:32,654 [main] INFO  impl.RoleInfo (RoleInfo.java:shutdownLeaderState(104)) - c7bed0cc-269f-4b54-bb5a-2be104ddf1a5: shutdown LeaderState
2019-09-25 12:10:32,654 [ForkJoinPool.commonPool-worker-0] INFO  util.JmxRegister (JmxRegister.java:unregister(73)) - Successfully un-registered JMX Bean with object name Ratis:service=RaftServer,group=group-DBA68B6A9C53,id=c7bed0cc-269f-4b54-bb5a-2be104ddf1a5
2019-09-25 12:10:32,655 [main] INFO  impl.PendingRequests (PendingRequests.java:sendNotLeaderResponses(202)) - c7bed0cc-269f-4b54-bb5a-2be104ddf1a5-PendingRequests: sendNotLeaderResponses
2019-09-25 12:10:32,655 [ForkJoinPool.commonPool-worker-0] INFO  impl.RoleInfo (RoleInfo.java:shutdownLeaderState(104)) - c7bed0cc-269f-4b54-bb5a-2be104ddf1a5: shutdown LeaderState
2019-09-25 12:10:32,655 [main] INFO  impl.StateMachineUpdater (StateMachineUpdater.java:stopAndJoin(125)) - c7bed0cc-269f-4b54-bb5a-2be104ddf1a5@group-B6327E9CEEBC-StateMachineUpdater: set stopIndex = 0
2019-09-25 12:10:32,655 [ForkJoinPool.commonPool-worker-0] INFO  impl.PendingRequests (PendingRequests.java:sendNotLeaderResponses(202)) - c7bed0cc-269f-4b54-bb5a-2be104ddf1a5-PendingRequests: sendNotLeaderResponses
2019-09-25 12:10:32,655 [main] INFO  impl.RaftServerImpl (ServerState.java:close(385)) - c7bed0cc-269f-4b54-bb5a-2be104ddf1a5@group-B6327E9CEEBC: closes. applyIndex: 0
2019-09-25 12:10:32,656 [ForkJoinPool.commonPool-worker-0] INFO  impl.StateMachineUpdater (StateMachineUpdater.java:stopAndJoin(125)) - c7bed0cc-269f-4b54-bb5a-2be104ddf1a5@group-DBA68B6A9C53-StateMachineUpdater: set stopIndex = 0
2019-09-25 12:10:32,656 [c7bed0cc-269f-4b54-bb5a-2be104ddf1a5@group-B6327E9CEEBC-SegmentedRaftLogWorker] INFO  segmented.SegmentedRaftLogWorker (SegmentedRaftLogWorker.java:run(313)) - c7bed0cc-269f-4b54-bb5a-2be104ddf1a5@group-B6327E9CEEBC-SegmentedRaftLogWorker was interrupted, exiting. There are 0 tasks remaining in the queue.
2019-09-25 12:10:32,656 [ForkJoinPool.commonPool-worker-0] INFO  impl.RaftServerImpl (ServerState.java:close(385)) - c7bed0cc-269f-4b54-bb5a-2be104ddf1a5@group-DBA68B6A9C53: closes. applyIndex: 0
2019-09-25 12:10:32,656 [main] INFO  segmented.SegmentedRaftLogWorker (SegmentedRaftLogWorker.java:close(228)) - c7bed0cc-269f-4b54-bb5a-2be104ddf1a5@group-B6327E9CEEBC-SegmentedRaftLogWorker close()
2019-09-25 12:10:32,656 [c7bed0cc-269f-4b54-bb5a-2be104ddf1a5@group-DBA68B6A9C53-SegmentedRaftLogWorker] INFO  segmented.SegmentedRaftLogWorker (SegmentedRaftLogWorker.java:run(313)) - c7bed0cc-269f-4b54-bb5a-2be104ddf1a5@group-DBA68B6A9C53-SegmentedRaftLogWorker was interrupted, exiting. There are 0 tasks remaining in the queue.
2019-09-25 12:10:32,657 [main] INFO  impl.RaftServerImpl (RaftServerImpl.java:lambda$shutdown$3(251)) - c7bed0cc-269f-4b54-bb5a-2be104ddf1a5@group-F2EEF567F2C7: shutdown
2019-09-25 12:10:32,657 [ForkJoinPool.commonPool-worker-0] INFO  segmented.SegmentedRaftLogWorker (SegmentedRaftLogWorker.java:close(228)) - c7bed0cc-269f-4b54-bb5a-2be104ddf1a5@group-DBA68B6A9C53-SegmentedRaftLogWorker close()
2019-09-25 12:10:32,657 [main] INFO  util.JmxRegister (JmxRegister.java:unregister(73)) - Successfully un-registered JMX Bean with object name Ratis:service=RaftServer,group=group-F2EEF567F2C7,id=c7bed0cc-269f-4b54-bb5a-2be104ddf1a5
2019-09-25 12:10:32,657 [ForkJoinPool.commonPool-worker-0] INFO  impl.RaftServerImpl (RaftServerImpl.java:lambda$shutdown$3(251)) - c7bed0cc-269f-4b54-bb5a-2be104ddf1a5@group-0141DD6D042B: shutdown
2019-09-25 12:10:32,657 [main] INFO  impl.RoleInfo (RoleInfo.java:shutdownLeaderState(104)) - c7bed0cc-269f-4b54-bb5a-2be104ddf1a5: shutdown LeaderState
2019-09-25 12:10:32,657 [ForkJoinPool.commonPool-worker-0] INFO  util.JmxRegister (JmxRegister.java:unregister(73)) - Successfully un-registered JMX Bean with object name Ratis:service=RaftServer,group=group-0141DD6D042B,id=c7bed0cc-269f-4b54-bb5a-2be104ddf1a5
2019-09-25 12:10:32,658 [main] INFO  impl.PendingRequests (PendingRequests.java:sendNotLeaderResponses(202)) - c7bed0cc-269f-4b54-bb5a-2be104ddf1a5-PendingRequests: sendNotLeaderResponses
2019-09-25 12:10:32,658 [ForkJoinPool.commonPool-worker-0] INFO  impl.RoleInfo (RoleInfo.java:shutdownLeaderState(104)) - c7bed0cc-269f-4b54-bb5a-2be104ddf1a5: shutdown LeaderState
2019-09-25 12:10:32,658 [main] INFO  impl.StateMachineUpdater (StateMachineUpdater.java:stopAndJoin(125)) - c7bed0cc-269f-4b54-bb5a-2be104ddf1a5@group-F2EEF567F2C7-StateMachineUpdater: set stopIndex = 0
2019-09-25 12:10:32,658 [ForkJoinPool.commonPool-worker-0] INFO  impl.PendingRequests (PendingRequests.java:sendNotLeaderResponses(202)) - c7bed0cc-269f-4b54-bb5a-2be104ddf1a5-PendingRequests: sendNotLeaderResponses
2019-09-25 12:10:32,658 [main] INFO  impl.RaftServerImpl (ServerState.java:close(385)) - c7bed0cc-269f-4b54-bb5a-2be104ddf1a5@group-F2EEF567F2C7: closes. applyIndex: 0
2019-09-25 12:10:32,659 [ForkJoinPool.commonPool-worker-0] INFO  impl.StateMachineUpdater (StateMachineUpdater.java:stopAndJoin(125)) - c7bed0cc-269f-4b54-bb5a-2be104ddf1a5@group-0141DD6D042B-StateMachineUpdater: set stopIndex = 0
2019-09-25 12:10:32,659 [c7bed0cc-269f-4b54-bb5a-2be104ddf1a5@group-F2EEF567F2C7-SegmentedRaftLogWorker] INFO  segmented.SegmentedRaftLogWorker (SegmentedRaftLogWorker.java:run(313)) - c7bed0cc-269f-4b54-bb5a-2be104ddf1a5@group-F2EEF567F2C7-SegmentedRaftLogWorker was interrupted, exiting. There are 0 tasks remaining in the queue.
2019-09-25 12:10:32,659 [ForkJoinPool.commonPool-worker-0] INFO  impl.RaftServerImpl (ServerState.java:close(385)) - c7bed0cc-269f-4b54-bb5a-2be104ddf1a5@group-0141DD6D042B: closes. applyIndex: 0
2019-09-25 12:10:32,659 [main] INFO  segmented.SegmentedRaftLogWorker (SegmentedRaftLogWorker.java:close(228)) - c7bed0cc-269f-4b54-bb5a-2be104ddf1a5@group-F2EEF567F2C7-SegmentedRaftLogWorker close()
2019-09-25 12:10:32,659 [c7bed0cc-269f-4b54-bb5a-2be104ddf1a5@group-0141DD6D042B-SegmentedRaftLogWorker] INFO  segmented.SegmentedRaftLogWorker (SegmentedRaftLogWorker.java:run(313)) - c7bed0cc-269f-4b54-bb5a-2be104ddf1a5@group-0141DD6D042B-SegmentedRaftLogWorker was interrupted, exiting. There are 0 tasks remaining in the queue.
2019-09-25 12:10:32,659 [main] INFO  impl.RaftServerImpl (RaftServerImpl.java:lambda$shutdown$3(251)) - c7bed0cc-269f-4b54-bb5a-2be104ddf1a5@group-B88C4A079FD1: shutdown
2019-09-25 12:10:32,660 [ForkJoinPool.commonPool-worker-0] INFO  segmented.SegmentedRaftLogWorker (SegmentedRaftLogWorker.java:close(228)) - c7bed0cc-269f-4b54-bb5a-2be104ddf1a5@group-0141DD6D042B-SegmentedRaftLogWorker close()
2019-09-25 12:10:32,660 [main] INFO  util.JmxRegister (JmxRegister.java:unregister(73)) - Successfully un-registered JMX Bean with object name Ratis:service=RaftServer,group=group-B88C4A079FD1,id=c7bed0cc-269f-4b54-bb5a-2be104ddf1a5
2019-09-25 12:10:32,660 [main] INFO  impl.RoleInfo (RoleInfo.java:shutdownLeaderState(104)) - c7bed0cc-269f-4b54-bb5a-2be104ddf1a5: shutdown LeaderState
2019-09-25 12:10:32,660 [main] INFO  impl.PendingRequests (PendingRequests.java:sendNotLeaderResponses(202)) - c7bed0cc-269f-4b54-bb5a-2be104ddf1a5-PendingRequests: sendNotLeaderResponses
2019-09-25 12:10:32,661 [main] INFO  impl.StateMachineUpdater (StateMachineUpdater.java:stopAndJoin(125)) - c7bed0cc-269f-4b54-bb5a-2be104ddf1a5@group-B88C4A079FD1-StateMachineUpdater: set stopIndex = 0
2019-09-25 12:10:32,661 [main] INFO  impl.RaftServerImpl (ServerState.java:close(385)) - c7bed0cc-269f-4b54-bb5a-2be104ddf1a5@group-B88C4A079FD1: closes. applyIndex: 0
2019-09-25 12:10:32,661 [c7bed0cc-269f-4b54-bb5a-2be104ddf1a5@group-B88C4A079FD1-SegmentedRaftLogWorker] INFO  segmented.SegmentedRaftLogWorker (SegmentedRaftLogWorker.java:run(313)) - c7bed0cc-269f-4b54-bb5a-2be104ddf1a5@group-B88C4A079FD1-SegmentedRaftLogWorker was interrupted, exiting. There are 0 tasks remaining in the queue.
2019-09-25 12:10:32,662 [main] INFO  segmented.SegmentedRaftLogWorker (SegmentedRaftLogWorker.java:close(228)) - c7bed0cc-269f-4b54-bb5a-2be104ddf1a5@group-B88C4A079FD1-SegmentedRaftLogWorker close()
2019-09-25 12:10:32,662 [main] INFO  impl.RaftServerImpl (RaftServerImpl.java:lambda$shutdown$3(251)) - c7bed0cc-269f-4b54-bb5a-2be104ddf1a5@group-72C942AE92DD: shutdown
2019-09-25 12:10:32,662 [main] INFO  util.JmxRegister (JmxRegister.java:unregister(73)) - Successfully un-registered JMX Bean with object name Ratis:service=RaftServer,group=group-72C942AE92DD,id=c7bed0cc-269f-4b54-bb5a-2be104ddf1a5
2019-09-25 12:10:32,662 [main] INFO  impl.RoleInfo (RoleInfo.java:shutdownLeaderState(104)) - c7bed0cc-269f-4b54-bb5a-2be104ddf1a5: shutdown LeaderState
2019-09-25 12:10:32,663 [main] INFO  impl.PendingRequests (PendingRequests.java:sendNotLeaderResponses(202)) - c7bed0cc-269f-4b54-bb5a-2be104ddf1a5-PendingRequests: sendNotLeaderResponses
2019-09-25 12:10:32,663 [main] INFO  impl.StateMachineUpdater (StateMachineUpdater.java:stopAndJoin(125)) - c7bed0cc-269f-4b54-bb5a-2be104ddf1a5@group-72C942AE92DD-StateMachineUpdater: set stopIndex = 0
2019-09-25 12:10:32,663 [main] INFO  impl.RaftServerImpl (ServerState.java:close(385)) - c7bed0cc-269f-4b54-bb5a-2be104ddf1a5@group-72C942AE92DD: closes. applyIndex: 0
2019-09-25 12:10:32,663 [c7bed0cc-269f-4b54-bb5a-2be104ddf1a5@group-72C942AE92DD-SegmentedRaftLogWorker] INFO  segmented.SegmentedRaftLogWorker (SegmentedRaftLogWorker.java:run(313)) - c7bed0cc-269f-4b54-bb5a-2be104ddf1a5@group-72C942AE92DD-SegmentedRaftLogWorker was interrupted, exiting. There are 0 tasks remaining in the queue.
2019-09-25 12:10:32,664 [main] INFO  segmented.SegmentedRaftLogWorker (SegmentedRaftLogWorker.java:close(228)) - c7bed0cc-269f-4b54-bb5a-2be104ddf1a5@group-72C942AE92DD-SegmentedRaftLogWorker close()
2019-09-25 12:10:32,664 [main] INFO  server.GrpcService (GrpcService.java:closeImpl(164)) - c7bed0cc-269f-4b54-bb5a-2be104ddf1a5: shutdown server with port 42323 now
2019-09-25 12:10:32,665 [main] INFO  server.GrpcService (GrpcService.java:closeImpl(172)) - c7bed0cc-269f-4b54-bb5a-2be104ddf1a5: shutdown server with port 42323 successfully
2019-09-25 12:10:32,669 [refreshUsed-/workdir/hadoop-ozone/integration-test/target/test-dir/MiniOzoneClusterImpl-b6380e3c-fb04-4178-98e9-eb7b36240636/datanode-5/data/containers] WARN  fs.CachingGetSpaceUsed (CachingGetSpaceUsed.java:run(183)) - Thread Interrupted waiting to refresh disk information: sleep interrupted
2019-09-25 12:10:32,686 [main] INFO  utils.BackgroundService (BackgroundService.java:shutdown(148)) - Shutting down service BlockDeletingService
2019-09-25 12:10:32,689 [main] INFO  statemachine.DatanodeStateMachine (DatanodeStateMachine.java:stopDaemon(395)) - Ozone container server stopped.
2019-09-25 12:10:32,703 [main] INFO  handler.ContextHandler (ContextHandler.java:doStop(910)) - Stopped o.e.j.w.WebAppContext@2dc3271b{/,null,UNAVAILABLE}{/hddsDatanode}
2019-09-25 12:10:32,704 [main] INFO  server.AbstractConnector (AbstractConnector.java:doStop(318)) - Stopped ServerConnector@254f906e{HTTP/1.1,[http/1.1]}{0.0.0.0:0}
2019-09-25 12:10:32,704 [main] INFO  handler.ContextHandler (ContextHandler.java:doStop(910)) - Stopped o.e.j.s.ServletContextHandler@68f0f72c{/static,jar:file:/home/user/.m2/repository/org/apache/hadoop/hadoop-hdds-container-service/0.5.0-SNAPSHOT/hadoop-hdds-container-service-0.5.0-SNAPSHOT.jar!/webapps/static,UNAVAILABLE}
2019-09-25 12:10:32,705 [main] INFO  handler.ContextHandler (ContextHandler.java:doStop(910)) - Stopped o.e.j.s.ServletContextHandler@75de6341{/logs,file:///workdir/hadoop-ozone/integration-test/target/log,UNAVAILABLE}
2019-09-25 12:10:32,706 [main] INFO  ozone.MiniOzoneClusterImpl (MiniOzoneClusterImpl.java:stopSCM(392)) - Stopping the StorageContainerManager
2019-09-25 12:10:32,707 [main] INFO  server.StorageContainerManager (StorageContainerManager.java:stop(808)) - Stopping Replication Manager Service.
2019-09-25 12:10:32,707 [main] INFO  container.ReplicationManager (ReplicationManager.java:stop(204)) - Stopping Replication Monitor Thread.
2019-09-25 12:10:32,707 [main] INFO  server.StorageContainerManager (StorageContainerManager.java:stop(815)) - Stopping Lease Manager of the command watchers
2019-09-25 12:10:32,707 [main] INFO  server.StorageContainerManager (StorageContainerManager.java:stop(822)) - Stopping datanode service RPC server
2019-09-25 12:10:32,708 [main] INFO  server.SCMDatanodeProtocolServer (SCMDatanodeProtocolServer.java:stop(367)) - Stopping the RPC server for DataNodes
2019-09-25 12:10:32,708 [main] INFO  ipc.Server (Server.java:stop(3082)) - Stopping server on 33307
2019-09-25 12:10:32,710 [IPC Server Responder] INFO  ipc.Server (Server.java:run(1319)) - Stopping IPC Server Responder
2019-09-25 12:10:32,710 [IPC Server listener on 33307] INFO  ipc.Server (Server.java:run(1185)) - Stopping IPC Server listener on 33307
2019-09-25 12:10:32,726 [SCM Heartbeat Processing Thread - 0] WARN  node.NodeStateManager (NodeStateManager.java:scheduleNextHealthCheck(655)) - Current Thread is interrupted, shutting down HB processing thread for Node Manager.
2019-09-25 12:10:32,727 [main] INFO  server.StorageContainerManager (StorageContainerManager.java:stop(830)) - Stopping block service RPC server
2019-09-25 12:10:32,727 [main] INFO  server.SCMBlockProtocolServer (SCMBlockProtocolServer.java:stop(155)) - Stopping the RPC server for Block Protocol
2019-09-25 12:10:32,727 [main] INFO  ipc.Server (Server.java:stop(3082)) - Stopping server on 44964
2019-09-25 12:10:32,729 [main] INFO  server.StorageContainerManager (StorageContainerManager.java:stop(837)) - Stopping the StorageContainerLocationProtocol RPC server
2019-09-25 12:10:32,730 [IPC Server Responder] INFO  ipc.Server (Server.java:run(1319)) - Stopping IPC Server Responder
2019-09-25 12:10:32,730 [main] INFO  server.SCMClientProtocolServer (SCMClientProtocolServer.java:stop(159)) - Stopping the RPC server for Client Protocol
2019-09-25 12:10:32,730 [IPC Server listener on 44964] INFO  ipc.Server (Server.java:run(1185)) - Stopping IPC Server listener on 44964
2019-09-25 12:10:32,730 [main] INFO  ipc.Server (Server.java:stop(3082)) - Stopping server on 33100
2019-09-25 12:10:32,732 [main] INFO  server.StorageContainerManager (StorageContainerManager.java:stop(844)) - Stopping Storage Container Manager HTTP server.
2019-09-25 12:10:32,732 [IPC Server listener on 33100] INFO  ipc.Server (Server.java:run(1185)) - Stopping IPC Server listener on 33100
2019-09-25 12:10:32,733 [IPC Server Responder] INFO  ipc.Server (Server.java:run(1319)) - Stopping IPC Server Responder
2019-09-25 12:10:32,734 [main] INFO  handler.ContextHandler (ContextHandler.java:doStop(910)) - Stopped o.e.j.w.WebAppContext@3f093abe{/,null,UNAVAILABLE}{/scm}
2019-09-25 12:10:32,734 [main] INFO  server.AbstractConnector (AbstractConnector.java:doStop(318)) - Stopped ServerConnector@724bade8{HTTP/1.1,[http/1.1]}{0.0.0.0:0}
2019-09-25 12:10:32,735 [main] INFO  handler.ContextHandler (ContextHandler.java:doStop(910)) - Stopped o.e.j.s.ServletContextHandler@12bd8a64{/static,file:///workdir/hadoop-ozone/integration-test/target/test-classes/webapps/static,UNAVAILABLE}
2019-09-25 12:10:32,735 [main] INFO  handler.ContextHandler (ContextHandler.java:doStop(910)) - Stopped o.e.j.s.ServletContextHandler@260e86a1{/logs,file:///workdir/hadoop-ozone/integration-test/target/log,UNAVAILABLE}
2019-09-25 12:10:32,737 [main] INFO  server.StorageContainerManager (StorageContainerManager.java:stop(855)) - Stopping Block Manager Service.
2019-09-25 12:10:32,737 [main] INFO  utils.BackgroundService (BackgroundService.java:shutdown(148)) - Shutting down service SCMBlockDeletingService
2019-09-25 12:10:32,737 [main] INFO  utils.BackgroundService (BackgroundService.java:shutdown(148)) - Shutting down service SCMBlockDeletingService
2019-09-25 12:10:32,738 [main] INFO  server.StorageContainerManager (StorageContainerManager.java:stop(877)) - Stopping SCM Event Queue.
2019-09-25 12:10:32,744 [main] INFO  impl.MetricsSystemImpl (MetricsSystemImpl.java:stop(210)) - Stopping ratis metrics system...
2019-09-25 12:10:32,757 [prometheus] INFO  impl.MetricsSinkAdapter (MetricsSinkAdapter.java:publishMetricsFromQueue(141)) - prometheus thread interrupted.
2019-09-25 12:10:32,758 [main] INFO  impl.MetricsSystemImpl (MetricsSystemImpl.java:stop(216)) - ratis metrics system stopped.
]]></system-out>
    <system-err><![CDATA[ERROR StatusLogger No Log4j 2 configuration file found. Using default configuration (logging only errors to the console), or user programmatically provided configurations. Set system property 'log4j2.debug' to show Log4j 2 internal initialization logging. See https://logging.apache.org/log4j/2.x/manual/configuration.html for instructions on how to configure Log4j 2
]]></system-err>
  </testcase>
  <testcase name="testMaxRetriesByOzoneClient" classname="org.apache.hadoop.ozone.client.rpc.TestOzoneClientRetriesOnException" time="28.522">
    <error message="Allocated 0 blocks. Requested 4 blocks" type="INTERNAL_ERROR org.apache.hadoop.ozone.om.exceptions.OMException">INTERNAL_ERROR org.apache.hadoop.ozone.om.exceptions.OMException: Allocated 0 blocks. Requested 4 blocks
	at org.apache.hadoop.ozone.om.protocolPB.OzoneManagerProtocolClientSideTranslatorPB.handleError(OzoneManagerProtocolClientSideTranslatorPB.java:732)
	at org.apache.hadoop.ozone.om.protocolPB.OzoneManagerProtocolClientSideTranslatorPB.openKey(OzoneManagerProtocolClientSideTranslatorPB.java:723)
	at sun.reflect.NativeMethodAccessorImpl.invoke0(Native Method)
	at sun.reflect.NativeMethodAccessorImpl.invoke(NativeMethodAccessorImpl.java:62)
	at sun.reflect.DelegatingMethodAccessorImpl.invoke(DelegatingMethodAccessorImpl.java:43)
	at java.lang.reflect.Method.invoke(Method.java:498)
	at org.apache.hadoop.hdds.tracing.TraceAllMethod.invoke(TraceAllMethod.java:66)
	at com.sun.proxy.$Proxy37.openKey(Unknown Source)
	at org.apache.hadoop.ozone.client.rpc.RpcClient.createKey(RpcClient.java:614)
	at org.apache.hadoop.ozone.client.OzoneBucket.createKey(OzoneBucket.java:325)
	at org.apache.hadoop.ozone.container.ContainerTestHelper.createKey(ContainerTestHelper.java:695)
	at org.apache.hadoop.ozone.client.rpc.TestOzoneClientRetriesOnException.createKey(TestOzoneClientRetriesOnException.java:226)
	at org.apache.hadoop.ozone.client.rpc.TestOzoneClientRetriesOnException.testMaxRetriesByOzoneClient(TestOzoneClientRetriesOnException.java:167)
	at sun.reflect.NativeMethodAccessorImpl.invoke0(Native Method)
	at sun.reflect.NativeMethodAccessorImpl.invoke(NativeMethodAccessorImpl.java:62)
	at sun.reflect.DelegatingMethodAccessorImpl.invoke(DelegatingMethodAccessorImpl.java:43)
	at java.lang.reflect.Method.invoke(Method.java:498)
	at org.junit.runners.model.FrameworkMethod$1.runReflectiveCall(FrameworkMethod.java:47)
	at org.junit.internal.runners.model.ReflectiveCallable.run(ReflectiveCallable.java:12)
	at org.junit.runners.model.FrameworkMethod.invokeExplosively(FrameworkMethod.java:44)
	at org.junit.internal.runners.statements.InvokeMethod.evaluate(InvokeMethod.java:17)
	at org.junit.internal.runners.statements.RunBefores.evaluate(RunBefores.java:26)
	at org.junit.internal.runners.statements.RunAfters.evaluate(RunAfters.java:27)
	at org.junit.runners.ParentRunner.runLeaf(ParentRunner.java:271)
	at org.junit.runners.BlockJUnit4ClassRunner.runChild(BlockJUnit4ClassRunner.java:70)
	at org.junit.runners.BlockJUnit4ClassRunner.runChild(BlockJUnit4ClassRunner.java:50)
	at org.junit.runners.ParentRunner$3.run(ParentRunner.java:238)
	at org.junit.runners.ParentRunner$1.schedule(ParentRunner.java:63)
	at org.junit.runners.ParentRunner.runChildren(ParentRunner.java:236)
	at org.junit.runners.ParentRunner.access$000(ParentRunner.java:53)
	at org.junit.runners.ParentRunner$2.evaluate(ParentRunner.java:229)
	at org.junit.runners.ParentRunner.run(ParentRunner.java:309)
	at org.apache.maven.surefire.junit4.JUnit4Provider.execute(JUnit4Provider.java:365)
	at org.apache.maven.surefire.junit4.JUnit4Provider.executeWithRerun(JUnit4Provider.java:273)
	at org.apache.maven.surefire.junit4.JUnit4Provider.executeTestSet(JUnit4Provider.java:238)
	at org.apache.maven.surefire.junit4.JUnit4Provider.invoke(JUnit4Provider.java:159)
	at org.apache.maven.surefire.booter.ForkedBooter.invokeProviderInSameClassLoader(ForkedBooter.java:384)
	at org.apache.maven.surefire.booter.ForkedBooter.runSuitesInProcess(ForkedBooter.java:345)
	at org.apache.maven.surefire.booter.ForkedBooter.execute(ForkedBooter.java:126)
	at org.apache.maven.surefire.booter.ForkedBooter.main(ForkedBooter.java:418)
</error>
    <system-out><![CDATA[2019-09-25 12:10:32,821 [main] WARN  server.ServerUtils (ServerUtils.java:getScmDbDir(145)) - ozone.scm.db.dirs is not configured. We recommend adding this setting. Falling back to ozone.metadata.dirs instead.
2019-09-25 12:10:32,849 [main] WARN  server.ServerUtils (ServerUtils.java:getScmDbDir(145)) - ozone.scm.db.dirs is not configured. We recommend adding this setting. Falling back to ozone.metadata.dirs instead.
2019-09-25 12:10:32,850 [main] WARN  server.ServerUtils (ServerUtils.java:getScmDbDir(145)) - ozone.scm.db.dirs is not configured. We recommend adding this setting. Falling back to ozone.metadata.dirs instead.
2019-09-25 12:10:32,850 [main] INFO  db.DBStoreBuilder (DBStoreBuilder.java:addTable(110)) - using custom profile for table: deletedBlocks
2019-09-25 12:10:32,850 [main] INFO  db.DBStoreBuilder (DBStoreBuilder.java:processTables(161)) - Using default column profile:DBProfile.DISK for Table:deletedBlocks
2019-09-25 12:10:32,851 [main] INFO  db.DBStoreBuilder (DBStoreBuilder.java:addTable(110)) - using custom profile for table: validCerts
2019-09-25 12:10:32,851 [main] INFO  db.DBStoreBuilder (DBStoreBuilder.java:processTables(161)) - Using default column profile:DBProfile.DISK for Table:validCerts
2019-09-25 12:10:32,851 [main] INFO  db.DBStoreBuilder (DBStoreBuilder.java:addTable(110)) - using custom profile for table: revokedCerts
2019-09-25 12:10:32,851 [main] INFO  db.DBStoreBuilder (DBStoreBuilder.java:processTables(161)) - Using default column profile:DBProfile.DISK for Table:revokedCerts
2019-09-25 12:10:32,852 [main] INFO  db.DBStoreBuilder (DBStoreBuilder.java:addTable(110)) - using custom profile for table: default
2019-09-25 12:10:32,852 [main] INFO  db.DBStoreBuilder (DBStoreBuilder.java:processTables(167)) - Using default column profile:DBProfile.DISK for Table:default
2019-09-25 12:10:32,852 [main] INFO  db.DBStoreBuilder (DBStoreBuilder.java:getDbProfile(198)) - Using default options. DBProfile.DISK
2019-09-25 12:10:33,032 [main] INFO  net.NodeSchemaLoader (NodeSchemaLoader.java:loadSchemaFromFile(125)) - Loading file from sun.misc.CompoundEnumeration@7f9fc8bd
2019-09-25 12:10:33,033 [main] INFO  net.NodeSchemaLoader (NodeSchemaLoader.java:loadSchema(171)) - Loading network topology layer schema file
2019-09-25 12:10:33,038 [main] WARN  server.ServerUtils (ServerUtils.java:sanitizeUserArgs(70)) - ozone.scm.stale.node.interval value = 300000 is larger than max = 100000 based on the key value of ozone.scm.heartbeat.thread.interval, reset to the max value 100000.
2019-09-25 12:10:33,039 [main] WARN  server.ServerUtils (ServerUtils.java:sanitizeUserArgs(70)) - ozone.scm.stale.node.interval value = 300000 is larger than max = 100000 based on the key value of ozone.scm.heartbeat.thread.interval, reset to the max value 100000.
2019-09-25 12:10:33,039 [main] INFO  node.SCMNodeManager (SCMNodeManager.java:<init>(114)) - Entering startup safe mode.
2019-09-25 12:10:33,040 [main] INFO  algorithms.ContainerPlacementPolicyFactory (ContainerPlacementPolicyFactory.java:getPolicy(59)) - Create container placement policy of type org.apache.hadoop.hdds.scm.container.placement.algorithms.SCMContainerPlacementRandom
2019-09-25 12:10:33,041 [main] WARN  server.ServerUtils (ServerUtils.java:getScmDbDir(145)) - ozone.scm.db.dirs is not configured. We recommend adding this setting. Falling back to ozone.metadata.dirs instead.
2019-09-25 12:10:33,102 [main] INFO  pipeline.SCMPipelineManager (SCMPipelineManager.java:initializePipelineState(132)) - No pipeline exists in current db
2019-09-25 12:10:33,102 [main] WARN  server.ServerUtils (ServerUtils.java:getScmDbDir(145)) - ozone.scm.db.dirs is not configured. We recommend adding this setting. Falling back to ozone.metadata.dirs instead.
2019-09-25 12:10:33,182 [main] WARN  events.EventQueue (EventQueue.java:fireEvent(183)) - No event handler registered for event TypedEvent{payloadType=SafeModeStatus, name='SafeModeStatus'}
2019-09-25 12:10:33,183 [main] INFO  ipc.CallQueueManager (CallQueueManager.java:<init>(84)) - Using callQueue: class java.util.concurrent.LinkedBlockingQueue, queueCapacity: 2000, scheduler: class org.apache.hadoop.ipc.DefaultRpcScheduler, ipcBackoff: false.
2019-09-25 12:10:33,184 [Socket Reader #1 for port 44687] INFO  ipc.Server (Server.java:run(1074)) - Starting Socket Reader #1 for port 44687
2019-09-25 12:10:33,187 [main] INFO  ipc.CallQueueManager (CallQueueManager.java:<init>(84)) - Using callQueue: class java.util.concurrent.LinkedBlockingQueue, queueCapacity: 2000, scheduler: class org.apache.hadoop.ipc.DefaultRpcScheduler, ipcBackoff: false.
2019-09-25 12:10:33,188 [Socket Reader #1 for port 38975] INFO  ipc.Server (Server.java:run(1074)) - Starting Socket Reader #1 for port 38975
2019-09-25 12:10:33,189 [main] INFO  ipc.CallQueueManager (CallQueueManager.java:<init>(84)) - Using callQueue: class java.util.concurrent.LinkedBlockingQueue, queueCapacity: 2000, scheduler: class org.apache.hadoop.ipc.DefaultRpcScheduler, ipcBackoff: false.
2019-09-25 12:10:33,190 [Socket Reader #1 for port 45516] INFO  ipc.Server (Server.java:run(1074)) - Starting Socket Reader #1 for port 45516
2019-09-25 12:10:33,192 [main] INFO  hdfs.DFSUtil (DFSUtil.java:httpServerTemplateForNNAndJN(1641)) - Starting Web-server for scm at: http://0.0.0.0:0
2019-09-25 12:10:33,195 [main] INFO  server.AuthenticationFilter (AuthenticationFilter.java:constructSecretProvider(240)) - Unable to initialize FileSignerSecretProvider, falling back to use random secrets.
2019-09-25 12:10:33,196 [main] WARN  http.HttpRequestLog (HttpRequestLog.java:getRequestLog(97)) - Jetty request log can only be enabled using Log4j
2019-09-25 12:10:33,198 [main] INFO  http.HttpServer2 (HttpServer2.java:addGlobalFilter(975)) - Added global filter 'safety' (class=org.apache.hadoop.http.HttpServer2$QuotingInputFilter)
2019-09-25 12:10:33,199 [main] INFO  http.HttpServer2 (HttpServer2.java:addFilter(948)) - Added filter static_user_filter (class=org.apache.hadoop.http.lib.StaticUserWebFilter$StaticUserFilter) to context scm
2019-09-25 12:10:33,199 [main] INFO  http.HttpServer2 (HttpServer2.java:addFilter(958)) - Added filter static_user_filter (class=org.apache.hadoop.http.lib.StaticUserWebFilter$StaticUserFilter) to context logs
2019-09-25 12:10:33,200 [main] INFO  http.HttpServer2 (HttpServer2.java:addFilter(958)) - Added filter static_user_filter (class=org.apache.hadoop.http.lib.StaticUserWebFilter$StaticUserFilter) to context static
2019-09-25 12:10:33,202 [main] INFO  server.StorageContainerManager (StorageContainerManager.java:start(770)) - StorageContainerLocationProtocol RPC server is listening at /0.0.0.0:45516
2019-09-25 12:10:33,205 [main] WARN  impl.MetricsConfig (MetricsConfig.java:loadFirst(134)) - Cannot locate configuration: tried hadoop-metrics2-storagecontainermanager.properties,hadoop-metrics2.properties
2019-09-25 12:10:33,206 [main] INFO  impl.MetricsSystemImpl (MetricsSystemImpl.java:startTimer(374)) - Scheduled Metric snapshot period at 10 second(s).
2019-09-25 12:10:33,206 [main] INFO  impl.MetricsSystemImpl (MetricsSystemImpl.java:start(191)) - StorageContainerManager metrics system started
2019-09-25 12:10:33,243 [main] WARN  impl.MetricsSystemImpl (MetricsSystemImpl.java:register(276)) - Sink prometheus already exists!
2019-09-25 12:10:33,249 [main] INFO  server.SCMClientProtocolServer (SCMClientProtocolServer.java:start(151)) - RPC server for Client  is listening at /0.0.0.0:45516
2019-09-25 12:10:33,250 [IPC Server Responder] INFO  ipc.Server (Server.java:run(1314)) - IPC Server Responder: starting
2019-09-25 12:10:33,250 [IPC Server listener on 45516] INFO  ipc.Server (Server.java:run(1153)) - IPC Server listener on 45516: starting
2019-09-25 12:10:33,255 [main] INFO  server.StorageContainerManager (StorageContainerManager.java:start(780)) - ScmBlockLocationProtocol RPC server is listening at /0.0.0.0:38975
2019-09-25 12:10:33,255 [main] INFO  server.SCMBlockProtocolServer (SCMBlockProtocolServer.java:start(146)) - RPC server for Block Protocol is listening at /0.0.0.0:38975
2019-09-25 12:10:33,256 [IPC Server Responder] INFO  ipc.Server (Server.java:run(1314)) - IPC Server Responder: starting
2019-09-25 12:10:33,256 [IPC Server listener on 38975] INFO  ipc.Server (Server.java:run(1153)) - IPC Server listener on 38975: starting
2019-09-25 12:10:33,260 [main] INFO  server.StorageContainerManager (StorageContainerManager.java:start(784)) - ScmDatanodeProtocl RPC server is listening at /0.0.0.0:44687
2019-09-25 12:10:33,260 [main] INFO  server.SCMDatanodeProtocolServer (SCMDatanodeProtocolServer.java:start(191)) - RPC server for DataNodes is listening at /0.0.0.0:44687
2019-09-25 12:10:33,260 [IPC Server Responder] INFO  ipc.Server (Server.java:run(1314)) - IPC Server Responder: starting
2019-09-25 12:10:33,261 [IPC Server listener on 44687] INFO  ipc.Server (Server.java:run(1153)) - IPC Server listener on 44687: starting
2019-09-25 12:10:33,264 [main] INFO  http.HttpServer2 (HttpServer2.java:bindListener(1191)) - Jetty bound to port 42677
2019-09-25 12:10:33,264 [main] INFO  server.Server (Server.java:doStart(351)) - jetty-9.3.25.v20180904, build timestamp: 2018-09-04T21:11:46Z, git hash: 3ce520221d0240229c862b122d2b06c12a625732
2019-09-25 12:10:33,266 [main] INFO  handler.ContextHandler (ContextHandler.java:doStart(781)) - Started o.e.j.s.ServletContextHandler@c386958{/logs,file:///workdir/hadoop-ozone/integration-test/target/log,AVAILABLE}
2019-09-25 12:10:33,267 [main] INFO  handler.ContextHandler (ContextHandler.java:doStart(781)) - Started o.e.j.s.ServletContextHandler@44d64d4e{/static,file:///workdir/hadoop-ozone/integration-test/target/test-classes/webapps/static,AVAILABLE}
2019-09-25 12:10:33,272 [main] INFO  handler.ContextHandler (ContextHandler.java:doStart(781)) - Started o.e.j.w.WebAppContext@7165d530{/,file:///workdir/hadoop-ozone/integration-test/target/test-classes/webapps/scm/,AVAILABLE}{/scm}
2019-09-25 12:10:33,274 [main] INFO  server.AbstractConnector (AbstractConnector.java:doStart(278)) - Started ServerConnector@12f49ca8{HTTP/1.1,[http/1.1]}{0.0.0.0:42677}
2019-09-25 12:10:33,274 [main] INFO  server.Server (Server.java:doStart(419)) - Started @35563ms
2019-09-25 12:10:33,274 [main] WARN  impl.MetricsSystemImpl (MetricsSystemImpl.java:register(276)) - Sink prometheus already exists!
2019-09-25 12:10:33,275 [main] INFO  server.BaseHttpServer (BaseHttpServer.java:updateConnectorAddress(215)) - HTTP server of SCM is listening at http://0.0.0.0:42677
2019-09-25 12:10:33,275 [main] WARN  server.ServerUtils (ServerUtils.java:getDBPath(222)) - ozone.om.db.dirs is not configured. We recommend adding this setting. Falling back to ozone.metadata.dirs instead.
2019-09-25 12:10:33,276 [org.apache.hadoop.util.JvmPauseMonitor$Monitor@1b2df3aa] INFO  util.JvmPauseMonitor (JvmPauseMonitor.java:run(188)) - Starting JVM pause monitor
2019-09-25 12:10:33,289 [main] WARN  server.ServerUtils (ServerUtils.java:getDBPath(222)) - ozone.om.db.dirs is not configured. We recommend adding this setting. Falling back to ozone.metadata.dirs instead.
2019-09-25 12:10:33,289 [main] WARN  server.ServerUtils (ServerUtils.java:getDBPath(222)) - ozone.om.db.dirs is not configured. We recommend adding this setting. Falling back to ozone.metadata.dirs instead.
2019-09-25 12:10:33,290 [main] INFO  om.OzoneManager (OzoneManager.java:setOMNodeDetails(652)) - OM Service ID is not set. Setting it to the default ID: omServiceIdDefault
2019-09-25 12:10:33,290 [main] INFO  om.OzoneManager (OzoneManager.java:setOMNodeDetails(658)) - OM Node ID is not set. Setting it to the OmStorage's OmID: 7200f71b-d422-41b8-898a-8f1ce4144fe6
2019-09-25 12:10:33,290 [main] INFO  om.OzoneManager (OzoneManager.java:loadOMHAConfigs(609)) - Found matching OM address with OMServiceId: null, OMNodeId: null, RPC Address: localhost:0 and Ratis port: 9872
2019-09-25 12:10:33,297 [main] WARN  server.ServerUtils (ServerUtils.java:getDBPath(222)) - ozone.om.db.dirs is not configured. We recommend adding this setting. Falling back to ozone.metadata.dirs instead.
2019-09-25 12:10:33,297 [main] INFO  db.DBStoreBuilder (DBStoreBuilder.java:addTable(110)) - using custom profile for table: userTable
2019-09-25 12:10:33,298 [main] INFO  db.DBStoreBuilder (DBStoreBuilder.java:processTables(161)) - Using default column profile:DBProfile.DISK for Table:userTable
2019-09-25 12:10:33,298 [main] INFO  db.DBStoreBuilder (DBStoreBuilder.java:addTable(110)) - using custom profile for table: volumeTable
2019-09-25 12:10:33,298 [main] INFO  db.DBStoreBuilder (DBStoreBuilder.java:processTables(161)) - Using default column profile:DBProfile.DISK for Table:volumeTable
2019-09-25 12:10:33,298 [main] INFO  db.DBStoreBuilder (DBStoreBuilder.java:addTable(110)) - using custom profile for table: bucketTable
2019-09-25 12:10:33,298 [main] INFO  db.DBStoreBuilder (DBStoreBuilder.java:processTables(161)) - Using default column profile:DBProfile.DISK for Table:bucketTable
2019-09-25 12:10:33,299 [main] INFO  db.DBStoreBuilder (DBStoreBuilder.java:addTable(110)) - using custom profile for table: keyTable
2019-09-25 12:10:33,299 [main] INFO  db.DBStoreBuilder (DBStoreBuilder.java:processTables(161)) - Using default column profile:DBProfile.DISK for Table:keyTable
2019-09-25 12:10:33,299 [main] INFO  db.DBStoreBuilder (DBStoreBuilder.java:addTable(110)) - using custom profile for table: deletedTable
2019-09-25 12:10:33,299 [main] INFO  db.DBStoreBuilder (DBStoreBuilder.java:processTables(161)) - Using default column profile:DBProfile.DISK for Table:deletedTable
2019-09-25 12:10:33,299 [main] INFO  db.DBStoreBuilder (DBStoreBuilder.java:addTable(110)) - using custom profile for table: openKeyTable
2019-09-25 12:10:33,300 [main] INFO  db.DBStoreBuilder (DBStoreBuilder.java:processTables(161)) - Using default column profile:DBProfile.DISK for Table:openKeyTable
2019-09-25 12:10:33,300 [main] INFO  db.DBStoreBuilder (DBStoreBuilder.java:addTable(110)) - using custom profile for table: s3Table
2019-09-25 12:10:33,300 [main] INFO  db.DBStoreBuilder (DBStoreBuilder.java:processTables(161)) - Using default column profile:DBProfile.DISK for Table:s3Table
2019-09-25 12:10:33,300 [main] INFO  db.DBStoreBuilder (DBStoreBuilder.java:addTable(110)) - using custom profile for table: multipartInfoTable
2019-09-25 12:10:33,300 [main] INFO  db.DBStoreBuilder (DBStoreBuilder.java:processTables(161)) - Using default column profile:DBProfile.DISK for Table:multipartInfoTable
2019-09-25 12:10:33,301 [main] INFO  db.DBStoreBuilder (DBStoreBuilder.java:addTable(110)) - using custom profile for table: dTokenTable
2019-09-25 12:10:33,301 [main] INFO  db.DBStoreBuilder (DBStoreBuilder.java:processTables(161)) - Using default column profile:DBProfile.DISK for Table:dTokenTable
2019-09-25 12:10:33,301 [main] INFO  db.DBStoreBuilder (DBStoreBuilder.java:addTable(110)) - using custom profile for table: s3SecretTable
2019-09-25 12:10:33,301 [main] INFO  db.DBStoreBuilder (DBStoreBuilder.java:processTables(161)) - Using default column profile:DBProfile.DISK for Table:s3SecretTable
2019-09-25 12:10:33,301 [main] INFO  db.DBStoreBuilder (DBStoreBuilder.java:addTable(110)) - using custom profile for table: prefixTable
2019-09-25 12:10:33,302 [main] INFO  db.DBStoreBuilder (DBStoreBuilder.java:processTables(161)) - Using default column profile:DBProfile.DISK for Table:prefixTable
2019-09-25 12:10:33,302 [main] INFO  db.DBStoreBuilder (DBStoreBuilder.java:addTable(110)) - using custom profile for table: default
2019-09-25 12:10:33,302 [main] INFO  db.DBStoreBuilder (DBStoreBuilder.java:processTables(167)) - Using default column profile:DBProfile.DISK for Table:default
2019-09-25 12:10:33,302 [main] INFO  db.DBStoreBuilder (DBStoreBuilder.java:getDbProfile(198)) - Using default options. DBProfile.DISK
2019-09-25 12:10:33,848 [main] INFO  ipc.CallQueueManager (CallQueueManager.java:<init>(84)) - Using callQueue: class java.util.concurrent.LinkedBlockingQueue, queueCapacity: 2000, scheduler: class org.apache.hadoop.ipc.DefaultRpcScheduler, ipcBackoff: false.
2019-09-25 12:10:33,849 [Socket Reader #1 for port 32974] INFO  ipc.Server (Server.java:run(1074)) - Starting Socket Reader #1 for port 32974
2019-09-25 12:10:33,870 [main] INFO  om.OzoneManager (OzoneManager.java:start(1243)) - OzoneManager RPC server is listening at localhost/127.0.0.1:32974
2019-09-25 12:10:33,870 [main] INFO  impl.MetricsSystemImpl (MetricsSystemImpl.java:init(158)) - OzoneManager metrics system started (again)
2019-09-25 12:10:33,871 [IPC Server Responder] INFO  ipc.Server (Server.java:run(1314)) - IPC Server Responder: starting
2019-09-25 12:10:33,871 [IPC Server listener on 32974] INFO  ipc.Server (Server.java:run(1153)) - IPC Server listener on 32974: starting
2019-09-25 12:10:33,878 [main] INFO  hdfs.DFSUtil (DFSUtil.java:httpServerTemplateForNNAndJN(1641)) - Starting Web-server for ozoneManager at: http://0.0.0.0:0
2019-09-25 12:10:33,880 [main] INFO  server.AuthenticationFilter (AuthenticationFilter.java:constructSecretProvider(240)) - Unable to initialize FileSignerSecretProvider, falling back to use random secrets.
2019-09-25 12:10:33,881 [main] WARN  http.HttpRequestLog (HttpRequestLog.java:getRequestLog(97)) - Jetty request log can only be enabled using Log4j
2019-09-25 12:10:33,884 [main] INFO  http.HttpServer2 (HttpServer2.java:addGlobalFilter(975)) - Added global filter 'safety' (class=org.apache.hadoop.http.HttpServer2$QuotingInputFilter)
2019-09-25 12:10:33,884 [main] INFO  http.HttpServer2 (HttpServer2.java:addFilter(948)) - Added filter static_user_filter (class=org.apache.hadoop.http.lib.StaticUserWebFilter$StaticUserFilter) to context ozoneManager
2019-09-25 12:10:33,885 [main] INFO  http.HttpServer2 (HttpServer2.java:addFilter(958)) - Added filter static_user_filter (class=org.apache.hadoop.http.lib.StaticUserWebFilter$StaticUserFilter) to context static
2019-09-25 12:10:33,885 [main] INFO  http.HttpServer2 (HttpServer2.java:addFilter(958)) - Added filter static_user_filter (class=org.apache.hadoop.http.lib.StaticUserWebFilter$StaticUserFilter) to context logs
2019-09-25 12:10:33,886 [main] INFO  http.HttpServer2 (HttpServer2.java:bindListener(1191)) - Jetty bound to port 43994
2019-09-25 12:10:33,887 [main] INFO  server.Server (Server.java:doStart(351)) - jetty-9.3.25.v20180904, build timestamp: 2018-09-04T21:11:46Z, git hash: 3ce520221d0240229c862b122d2b06c12a625732
2019-09-25 12:10:33,889 [main] INFO  handler.ContextHandler (ContextHandler.java:doStart(781)) - Started o.e.j.s.ServletContextHandler@591a4f8e{/logs,file:///workdir/hadoop-ozone/integration-test/target/log,AVAILABLE}
2019-09-25 12:10:33,890 [main] INFO  handler.ContextHandler (ContextHandler.java:doStart(781)) - Started o.e.j.s.ServletContextHandler@6ba060f3{/static,file:///workdir/hadoop-ozone/integration-test/target/test-classes/webapps/static,AVAILABLE}
2019-09-25 12:10:33,896 [main] INFO  handler.ContextHandler (ContextHandler.java:doStart(781)) - Started o.e.j.w.WebAppContext@2489e84a{/,file:///workdir/hadoop-ozone/integration-test/target/test-classes/webapps/ozoneManager/,AVAILABLE}{/ozoneManager}
2019-09-25 12:10:33,896 [main] INFO  server.AbstractConnector (AbstractConnector.java:doStart(278)) - Started ServerConnector@2a39aa2b{HTTP/1.1,[http/1.1]}{0.0.0.0:43994}
2019-09-25 12:10:33,898 [main] INFO  server.Server (Server.java:doStart(419)) - Started @36187ms
2019-09-25 12:10:33,898 [main] WARN  impl.MetricsSystemImpl (MetricsSystemImpl.java:register(276)) - Sink prometheus already exists!
2019-09-25 12:10:33,899 [main] INFO  server.BaseHttpServer (BaseHttpServer.java:updateConnectorAddress(215)) - HTTP server of OZONEMANAGER is listening at http://0.0.0.0:43994
2019-09-25 12:10:33,925 [main] INFO  impl.MetricsSystemImpl (MetricsSystemImpl.java:init(158)) - HddsDatanode metrics system started (again)
2019-09-25 12:10:33,928 [main] INFO  ozone.HddsDatanodeService (HddsDatanodeService.java:start(184)) - HddsDatanodeService host:pr-hdds-1569-shd4m-3693607622 ip:192.168.151.73
2019-09-25 12:10:33,937 [main] INFO  volume.HddsVolume (HddsVolume.java:<init>(176)) - Creating Volume: /workdir/hadoop-ozone/integration-test/target/test-dir/MiniOzoneClusterImpl-7d9c4453-492c-478b-a0e0-2871dbe18f6e/datanode-0/data/containers/hdds of  storage type : DISK and capacity : 1482555576320
2019-09-25 12:10:33,937 [main] INFO  volume.VolumeSet (VolumeSet.java:initializeVolumeSet(170)) - Added Volume : /workdir/hadoop-ozone/integration-test/target/test-dir/MiniOzoneClusterImpl-7d9c4453-492c-478b-a0e0-2871dbe18f6e/datanode-0/data/containers/hdds to VolumeSet
2019-09-25 12:10:33,938 [main] INFO  volume.ThrottledAsyncChecker (ThrottledAsyncChecker.java:schedule(139)) - Scheduling a check for org.apache.hadoop.ozone.container.common.volume.HddsVolume@31142d58
2019-09-25 12:10:33,939 [main] INFO  volume.HddsVolumeChecker (HddsVolumeChecker.java:checkAllVolumes(202)) - Scheduled health check for volume org.apache.hadoop.ozone.container.common.volume.HddsVolume@31142d58
2019-09-25 12:10:33,956 [main] INFO  impl.RaftServerProxy (ConfUtils.java:logGet(43)) - raft.rpc.type = GRPC (default)
2019-09-25 12:10:33,956 [main] INFO  grpc.GrpcFactory (GrpcFactory.java:checkPooledByteBufAllocatorUseCacheForAllThreads(45)) - PERFORMANCE WARNING: useCacheForAllThreads is true that may cause Netty to create a lot garbage objects and, as a result, trigger GC.
	It is recommended to disable useCacheForAllThreads by setting -Dorg.apache.ratis.thirdparty.io.netty.allocator.useCacheForAllThreads=false in command line.
2019-09-25 12:10:33,956 [main] INFO  grpc.GrpcConfigKeys$Server (ConfUtils.java:logGet(43)) - raft.grpc.server.port = 0 (default)
2019-09-25 12:10:33,957 [main] INFO  server.GrpcService (ConfUtils.java:logGet(43)) - raft.grpc.message.size.max = 33570816 (custom)
2019-09-25 12:10:33,957 [main] INFO  server.RaftServerConfigKeys (ConfUtils.java:logGet(43)) - raft.server.log.appender.buffer.byte-limit = 33554432 (custom)
2019-09-25 12:10:33,957 [main] INFO  server.GrpcService (ConfUtils.java:logGet(43)) - raft.grpc.flow.control.window = 1MB (=1048576) (default)
2019-09-25 12:10:33,957 [main] INFO  server.RaftServerConfigKeys (ConfUtils.java:logGet(43)) - raft.server.rpc.request.timeout = 3000ms (default)
2019-09-25 12:10:33,958 [main] INFO  server.RaftServerConfigKeys (ConfUtils.java:logGet(43)) - raft.server.storage.dir = [/workdir/hadoop-ozone/integration-test/target/test-dir/MiniOzoneClusterImpl-7d9c4453-492c-478b-a0e0-2871dbe18f6e/datanode-0/data/ratis] (custom)
2019-09-25 12:10:33,961 [main] INFO  hdfs.DFSUtil (DFSUtil.java:httpServerTemplateForNNAndJN(1641)) - Starting Web-server for hddsDatanode at: http://0.0.0.0:0
2019-09-25 12:10:33,963 [main] INFO  server.AuthenticationFilter (AuthenticationFilter.java:constructSecretProvider(240)) - Unable to initialize FileSignerSecretProvider, falling back to use random secrets.
2019-09-25 12:10:33,963 [main] WARN  http.HttpRequestLog (HttpRequestLog.java:getRequestLog(97)) - Jetty request log can only be enabled using Log4j
2019-09-25 12:10:33,965 [main] INFO  http.HttpServer2 (HttpServer2.java:addGlobalFilter(975)) - Added global filter 'safety' (class=org.apache.hadoop.http.HttpServer2$QuotingInputFilter)
2019-09-25 12:10:33,966 [main] INFO  http.HttpServer2 (HttpServer2.java:addFilter(948)) - Added filter static_user_filter (class=org.apache.hadoop.http.lib.StaticUserWebFilter$StaticUserFilter) to context hddsDatanode
2019-09-25 12:10:33,966 [main] INFO  http.HttpServer2 (HttpServer2.java:addFilter(958)) - Added filter static_user_filter (class=org.apache.hadoop.http.lib.StaticUserWebFilter$StaticUserFilter) to context static
2019-09-25 12:10:33,966 [main] INFO  http.HttpServer2 (HttpServer2.java:addFilter(958)) - Added filter static_user_filter (class=org.apache.hadoop.http.lib.StaticUserWebFilter$StaticUserFilter) to context logs
2019-09-25 12:10:33,967 [main] INFO  http.HttpServer2 (HttpServer2.java:bindListener(1191)) - Jetty bound to port 39705
2019-09-25 12:10:33,967 [main] INFO  server.Server (Server.java:doStart(351)) - jetty-9.3.25.v20180904, build timestamp: 2018-09-04T21:11:46Z, git hash: 3ce520221d0240229c862b122d2b06c12a625732
2019-09-25 12:10:33,969 [main] INFO  handler.ContextHandler (ContextHandler.java:doStart(781)) - Started o.e.j.s.ServletContextHandler@58d6e55a{/logs,file:///workdir/hadoop-ozone/integration-test/target/log,AVAILABLE}
2019-09-25 12:10:33,970 [main] INFO  handler.ContextHandler (ContextHandler.java:doStart(781)) - Started o.e.j.s.ServletContextHandler@235d659c{/static,jar:file:/home/user/.m2/repository/org/apache/hadoop/hadoop-hdds-container-service/0.5.0-SNAPSHOT/hadoop-hdds-container-service-0.5.0-SNAPSHOT.jar!/webapps/static,AVAILABLE}
2019-09-25 12:10:34,006 [main] INFO  handler.ContextHandler (ContextHandler.java:doStart(781)) - Started o.e.j.w.WebAppContext@5034f5dd{/,file:///tmp/jetty-0.0.0.0-39705-hddsDatanode-_-any-6181523042118208707.dir/webapp/,AVAILABLE}{/hddsDatanode}
2019-09-25 12:10:34,006 [main] INFO  server.AbstractConnector (AbstractConnector.java:doStart(278)) - Started ServerConnector@31b7d869{HTTP/1.1,[http/1.1]}{0.0.0.0:39705}
2019-09-25 12:10:34,007 [main] INFO  server.Server (Server.java:doStart(419)) - Started @36297ms
2019-09-25 12:10:34,008 [main] WARN  impl.MetricsSystemImpl (MetricsSystemImpl.java:register(276)) - Sink prometheus already exists!
2019-09-25 12:10:34,008 [main] INFO  server.BaseHttpServer (BaseHttpServer.java:updateConnectorAddress(215)) - HTTP server of HDDSDATANODE is listening at http://0.0.0.0:39705
2019-09-25 12:10:34,009 [main] INFO  impl.MetricsSystemImpl (MetricsSystemImpl.java:init(158)) - HddsDatanode metrics system started (again)
2019-09-25 12:10:34,013 [org.apache.hadoop.util.JvmPauseMonitor$Monitor@31172ba4] INFO  util.JvmPauseMonitor (JvmPauseMonitor.java:run(188)) - Starting JVM pause monitor
2019-09-25 12:10:34,013 [main] INFO  ozone.HddsDatanodeService (HddsDatanodeService.java:start(184)) - HddsDatanodeService host:pr-hdds-1569-shd4m-3693607622 ip:192.168.151.73
2019-09-25 12:10:34,017 [Datanode State Machine Thread - 0] INFO  datanode.InitDatanodeState (InitDatanodeState.java:persistContainerDatanodeDetails(140)) - DatanodeDetails is persisted to /workdir/hadoop-ozone/integration-test/target/test-dir/MiniOzoneClusterImpl-7d9c4453-492c-478b-a0e0-2871dbe18f6e/datanode-0/meta/datanode.id
2019-09-25 12:10:34,019 [main] INFO  volume.HddsVolume (HddsVolume.java:<init>(176)) - Creating Volume: /workdir/hadoop-ozone/integration-test/target/test-dir/MiniOzoneClusterImpl-7d9c4453-492c-478b-a0e0-2871dbe18f6e/datanode-1/data/containers/hdds of  storage type : DISK and capacity : 1482555576320
2019-09-25 12:10:34,019 [main] INFO  volume.VolumeSet (VolumeSet.java:initializeVolumeSet(170)) - Added Volume : /workdir/hadoop-ozone/integration-test/target/test-dir/MiniOzoneClusterImpl-7d9c4453-492c-478b-a0e0-2871dbe18f6e/datanode-1/data/containers/hdds to VolumeSet
2019-09-25 12:10:34,020 [main] INFO  volume.ThrottledAsyncChecker (ThrottledAsyncChecker.java:schedule(139)) - Scheduling a check for org.apache.hadoop.ozone.container.common.volume.HddsVolume@25f723b0
2019-09-25 12:10:34,020 [main] INFO  volume.HddsVolumeChecker (HddsVolumeChecker.java:checkAllVolumes(202)) - Scheduled health check for volume org.apache.hadoop.ozone.container.common.volume.HddsVolume@25f723b0
2019-09-25 12:10:34,033 [main] INFO  impl.RaftServerProxy (ConfUtils.java:logGet(43)) - raft.rpc.type = GRPC (default)
2019-09-25 12:10:34,033 [main] INFO  grpc.GrpcFactory (GrpcFactory.java:checkPooledByteBufAllocatorUseCacheForAllThreads(45)) - PERFORMANCE WARNING: useCacheForAllThreads is true that may cause Netty to create a lot garbage objects and, as a result, trigger GC.
	It is recommended to disable useCacheForAllThreads by setting -Dorg.apache.ratis.thirdparty.io.netty.allocator.useCacheForAllThreads=false in command line.
2019-09-25 12:10:34,034 [main] INFO  grpc.GrpcConfigKeys$Server (ConfUtils.java:logGet(43)) - raft.grpc.server.port = 0 (default)
2019-09-25 12:10:34,034 [main] INFO  server.GrpcService (ConfUtils.java:logGet(43)) - raft.grpc.message.size.max = 33570816 (custom)
2019-09-25 12:10:34,034 [main] INFO  server.RaftServerConfigKeys (ConfUtils.java:logGet(43)) - raft.server.log.appender.buffer.byte-limit = 33554432 (custom)
2019-09-25 12:10:34,034 [main] INFO  server.GrpcService (ConfUtils.java:logGet(43)) - raft.grpc.flow.control.window = 1MB (=1048576) (default)
2019-09-25 12:10:34,035 [main] INFO  server.RaftServerConfigKeys (ConfUtils.java:logGet(43)) - raft.server.rpc.request.timeout = 3000ms (default)
2019-09-25 12:10:34,035 [main] INFO  server.RaftServerConfigKeys (ConfUtils.java:logGet(43)) - raft.server.storage.dir = [/workdir/hadoop-ozone/integration-test/target/test-dir/MiniOzoneClusterImpl-7d9c4453-492c-478b-a0e0-2871dbe18f6e/datanode-1/data/ratis] (custom)
2019-09-25 12:10:34,037 [main] INFO  hdfs.DFSUtil (DFSUtil.java:httpServerTemplateForNNAndJN(1641)) - Starting Web-server for hddsDatanode at: http://0.0.0.0:0
2019-09-25 12:10:34,038 [main] INFO  server.AuthenticationFilter (AuthenticationFilter.java:constructSecretProvider(240)) - Unable to initialize FileSignerSecretProvider, falling back to use random secrets.
2019-09-25 12:10:34,038 [main] WARN  http.HttpRequestLog (HttpRequestLog.java:getRequestLog(97)) - Jetty request log can only be enabled using Log4j
2019-09-25 12:10:34,040 [main] INFO  http.HttpServer2 (HttpServer2.java:addGlobalFilter(975)) - Added global filter 'safety' (class=org.apache.hadoop.http.HttpServer2$QuotingInputFilter)
2019-09-25 12:10:34,040 [main] INFO  http.HttpServer2 (HttpServer2.java:addFilter(948)) - Added filter static_user_filter (class=org.apache.hadoop.http.lib.StaticUserWebFilter$StaticUserFilter) to context hddsDatanode
2019-09-25 12:10:34,040 [main] INFO  http.HttpServer2 (HttpServer2.java:addFilter(958)) - Added filter static_user_filter (class=org.apache.hadoop.http.lib.StaticUserWebFilter$StaticUserFilter) to context logs
2019-09-25 12:10:34,041 [main] INFO  http.HttpServer2 (HttpServer2.java:addFilter(958)) - Added filter static_user_filter (class=org.apache.hadoop.http.lib.StaticUserWebFilter$StaticUserFilter) to context static
2019-09-25 12:10:34,041 [main] INFO  http.HttpServer2 (HttpServer2.java:bindListener(1191)) - Jetty bound to port 40682
2019-09-25 12:10:34,041 [main] INFO  server.Server (Server.java:doStart(351)) - jetty-9.3.25.v20180904, build timestamp: 2018-09-04T21:11:46Z, git hash: 3ce520221d0240229c862b122d2b06c12a625732
2019-09-25 12:10:34,043 [main] INFO  handler.ContextHandler (ContextHandler.java:doStart(781)) - Started o.e.j.s.ServletContextHandler@4baed682{/logs,file:///workdir/hadoop-ozone/integration-test/target/log,AVAILABLE}
2019-09-25 12:10:34,044 [main] INFO  handler.ContextHandler (ContextHandler.java:doStart(781)) - Started o.e.j.s.ServletContextHandler@203d1d93{/static,jar:file:/home/user/.m2/repository/org/apache/hadoop/hadoop-hdds-container-service/0.5.0-SNAPSHOT/hadoop-hdds-container-service-0.5.0-SNAPSHOT.jar!/webapps/static,AVAILABLE}
2019-09-25 12:10:34,072 [main] INFO  handler.ContextHandler (ContextHandler.java:doStart(781)) - Started o.e.j.w.WebAppContext@3e4e8fdf{/,file:///tmp/jetty-0.0.0.0-40682-hddsDatanode-_-any-8483050760490286445.dir/webapp/,AVAILABLE}{/hddsDatanode}
2019-09-25 12:10:34,072 [main] INFO  server.AbstractConnector (AbstractConnector.java:doStart(278)) - Started ServerConnector@6a1d6ef2{HTTP/1.1,[http/1.1]}{0.0.0.0:40682}
2019-09-25 12:10:34,074 [main] INFO  server.Server (Server.java:doStart(419)) - Started @36363ms
2019-09-25 12:10:34,074 [main] WARN  impl.MetricsSystemImpl (MetricsSystemImpl.java:register(276)) - Sink prometheus already exists!
2019-09-25 12:10:34,075 [main] INFO  server.BaseHttpServer (BaseHttpServer.java:updateConnectorAddress(215)) - HTTP server of HDDSDATANODE is listening at http://0.0.0.0:40682
2019-09-25 12:10:34,075 [main] INFO  impl.MetricsSystemImpl (MetricsSystemImpl.java:init(158)) - HddsDatanode metrics system started (again)
2019-09-25 12:10:34,079 [main] INFO  ozone.HddsDatanodeService (HddsDatanodeService.java:start(184)) - HddsDatanodeService host:pr-hdds-1569-shd4m-3693607622 ip:192.168.151.73
2019-09-25 12:10:34,079 [org.apache.hadoop.util.JvmPauseMonitor$Monitor@55577acc] INFO  util.JvmPauseMonitor (JvmPauseMonitor.java:run(188)) - Starting JVM pause monitor
2019-09-25 12:10:34,082 [Datanode State Machine Thread - 0] INFO  datanode.InitDatanodeState (InitDatanodeState.java:persistContainerDatanodeDetails(140)) - DatanodeDetails is persisted to /workdir/hadoop-ozone/integration-test/target/test-dir/MiniOzoneClusterImpl-7d9c4453-492c-478b-a0e0-2871dbe18f6e/datanode-1/meta/datanode.id
2019-09-25 12:10:34,084 [main] INFO  volume.HddsVolume (HddsVolume.java:<init>(176)) - Creating Volume: /workdir/hadoop-ozone/integration-test/target/test-dir/MiniOzoneClusterImpl-7d9c4453-492c-478b-a0e0-2871dbe18f6e/datanode-2/data/containers/hdds of  storage type : DISK and capacity : 1482555576320
2019-09-25 12:10:34,085 [main] INFO  volume.VolumeSet (VolumeSet.java:initializeVolumeSet(170)) - Added Volume : /workdir/hadoop-ozone/integration-test/target/test-dir/MiniOzoneClusterImpl-7d9c4453-492c-478b-a0e0-2871dbe18f6e/datanode-2/data/containers/hdds to VolumeSet
2019-09-25 12:10:34,085 [main] INFO  volume.ThrottledAsyncChecker (ThrottledAsyncChecker.java:schedule(139)) - Scheduling a check for org.apache.hadoop.ozone.container.common.volume.HddsVolume@208f0007
2019-09-25 12:10:34,085 [main] INFO  volume.HddsVolumeChecker (HddsVolumeChecker.java:checkAllVolumes(202)) - Scheduled health check for volume org.apache.hadoop.ozone.container.common.volume.HddsVolume@208f0007
2019-09-25 12:10:34,097 [main] INFO  impl.RaftServerProxy (ConfUtils.java:logGet(43)) - raft.rpc.type = GRPC (default)
2019-09-25 12:10:34,097 [main] INFO  grpc.GrpcFactory (GrpcFactory.java:checkPooledByteBufAllocatorUseCacheForAllThreads(45)) - PERFORMANCE WARNING: useCacheForAllThreads is true that may cause Netty to create a lot garbage objects and, as a result, trigger GC.
	It is recommended to disable useCacheForAllThreads by setting -Dorg.apache.ratis.thirdparty.io.netty.allocator.useCacheForAllThreads=false in command line.
2019-09-25 12:10:34,097 [main] INFO  grpc.GrpcConfigKeys$Server (ConfUtils.java:logGet(43)) - raft.grpc.server.port = 0 (default)
2019-09-25 12:10:34,097 [main] INFO  server.GrpcService (ConfUtils.java:logGet(43)) - raft.grpc.message.size.max = 33570816 (custom)
2019-09-25 12:10:34,097 [main] INFO  server.RaftServerConfigKeys (ConfUtils.java:logGet(43)) - raft.server.log.appender.buffer.byte-limit = 33554432 (custom)
2019-09-25 12:10:34,098 [main] INFO  server.GrpcService (ConfUtils.java:logGet(43)) - raft.grpc.flow.control.window = 1MB (=1048576) (default)
2019-09-25 12:10:34,098 [main] INFO  server.RaftServerConfigKeys (ConfUtils.java:logGet(43)) - raft.server.rpc.request.timeout = 3000ms (default)
2019-09-25 12:10:34,098 [main] INFO  server.RaftServerConfigKeys (ConfUtils.java:logGet(43)) - raft.server.storage.dir = [/workdir/hadoop-ozone/integration-test/target/test-dir/MiniOzoneClusterImpl-7d9c4453-492c-478b-a0e0-2871dbe18f6e/datanode-2/data/ratis] (custom)
2019-09-25 12:10:34,100 [main] INFO  hdfs.DFSUtil (DFSUtil.java:httpServerTemplateForNNAndJN(1641)) - Starting Web-server for hddsDatanode at: http://0.0.0.0:0
2019-09-25 12:10:34,101 [main] INFO  server.AuthenticationFilter (AuthenticationFilter.java:constructSecretProvider(240)) - Unable to initialize FileSignerSecretProvider, falling back to use random secrets.
2019-09-25 12:10:34,101 [main] WARN  http.HttpRequestLog (HttpRequestLog.java:getRequestLog(97)) - Jetty request log can only be enabled using Log4j
2019-09-25 12:10:34,102 [main] INFO  http.HttpServer2 (HttpServer2.java:addGlobalFilter(975)) - Added global filter 'safety' (class=org.apache.hadoop.http.HttpServer2$QuotingInputFilter)
2019-09-25 12:10:34,104 [main] INFO  http.HttpServer2 (HttpServer2.java:addFilter(948)) - Added filter static_user_filter (class=org.apache.hadoop.http.lib.StaticUserWebFilter$StaticUserFilter) to context hddsDatanode
2019-09-25 12:10:34,104 [main] INFO  http.HttpServer2 (HttpServer2.java:addFilter(958)) - Added filter static_user_filter (class=org.apache.hadoop.http.lib.StaticUserWebFilter$StaticUserFilter) to context static
2019-09-25 12:10:34,104 [main] INFO  http.HttpServer2 (HttpServer2.java:addFilter(958)) - Added filter static_user_filter (class=org.apache.hadoop.http.lib.StaticUserWebFilter$StaticUserFilter) to context logs
2019-09-25 12:10:34,105 [main] INFO  http.HttpServer2 (HttpServer2.java:bindListener(1191)) - Jetty bound to port 43216
2019-09-25 12:10:34,105 [main] INFO  server.Server (Server.java:doStart(351)) - jetty-9.3.25.v20180904, build timestamp: 2018-09-04T21:11:46Z, git hash: 3ce520221d0240229c862b122d2b06c12a625732
2019-09-25 12:10:34,107 [main] INFO  handler.ContextHandler (ContextHandler.java:doStart(781)) - Started o.e.j.s.ServletContextHandler@43d3aba5{/logs,file:///workdir/hadoop-ozone/integration-test/target/log,AVAILABLE}
2019-09-25 12:10:34,107 [main] INFO  handler.ContextHandler (ContextHandler.java:doStart(781)) - Started o.e.j.s.ServletContextHandler@76e9f00b{/static,jar:file:/home/user/.m2/repository/org/apache/hadoop/hadoop-hdds-container-service/0.5.0-SNAPSHOT/hadoop-hdds-container-service-0.5.0-SNAPSHOT.jar!/webapps/static,AVAILABLE}
2019-09-25 12:10:34,134 [main] INFO  handler.ContextHandler (ContextHandler.java:doStart(781)) - Started o.e.j.w.WebAppContext@14fded9d{/,file:///tmp/jetty-0.0.0.0-43216-hddsDatanode-_-any-207846307015527531.dir/webapp/,AVAILABLE}{/hddsDatanode}
2019-09-25 12:10:34,135 [main] INFO  server.AbstractConnector (AbstractConnector.java:doStart(278)) - Started ServerConnector@bc6288b{HTTP/1.1,[http/1.1]}{0.0.0.0:43216}
2019-09-25 12:10:34,137 [main] INFO  server.Server (Server.java:doStart(419)) - Started @36426ms
2019-09-25 12:10:34,137 [main] WARN  impl.MetricsSystemImpl (MetricsSystemImpl.java:register(276)) - Sink prometheus already exists!
2019-09-25 12:10:34,137 [main] INFO  server.BaseHttpServer (BaseHttpServer.java:updateConnectorAddress(215)) - HTTP server of HDDSDATANODE is listening at http://0.0.0.0:43216
2019-09-25 12:10:34,138 [main] INFO  impl.MetricsSystemImpl (MetricsSystemImpl.java:init(158)) - HddsDatanode metrics system started (again)
2019-09-25 12:10:34,141 [main] INFO  ozone.HddsDatanodeService (HddsDatanodeService.java:start(184)) - HddsDatanodeService host:pr-hdds-1569-shd4m-3693607622 ip:192.168.151.73
2019-09-25 12:10:34,141 [org.apache.hadoop.util.JvmPauseMonitor$Monitor@746dc1ab] INFO  util.JvmPauseMonitor (JvmPauseMonitor.java:run(188)) - Starting JVM pause monitor
2019-09-25 12:10:34,145 [Datanode State Machine Thread - 0] INFO  datanode.InitDatanodeState (InitDatanodeState.java:persistContainerDatanodeDetails(140)) - DatanodeDetails is persisted to /workdir/hadoop-ozone/integration-test/target/test-dir/MiniOzoneClusterImpl-7d9c4453-492c-478b-a0e0-2871dbe18f6e/datanode-2/meta/datanode.id
2019-09-25 12:10:34,148 [main] INFO  volume.HddsVolume (HddsVolume.java:<init>(176)) - Creating Volume: /workdir/hadoop-ozone/integration-test/target/test-dir/MiniOzoneClusterImpl-7d9c4453-492c-478b-a0e0-2871dbe18f6e/datanode-3/data/containers/hdds of  storage type : DISK and capacity : 1482555576320
2019-09-25 12:10:34,149 [main] INFO  volume.VolumeSet (VolumeSet.java:initializeVolumeSet(170)) - Added Volume : /workdir/hadoop-ozone/integration-test/target/test-dir/MiniOzoneClusterImpl-7d9c4453-492c-478b-a0e0-2871dbe18f6e/datanode-3/data/containers/hdds to VolumeSet
2019-09-25 12:10:34,149 [main] INFO  volume.ThrottledAsyncChecker (ThrottledAsyncChecker.java:schedule(139)) - Scheduling a check for org.apache.hadoop.ozone.container.common.volume.HddsVolume@3330f3ad
2019-09-25 12:10:34,149 [main] INFO  volume.HddsVolumeChecker (HddsVolumeChecker.java:checkAllVolumes(202)) - Scheduled health check for volume org.apache.hadoop.ozone.container.common.volume.HddsVolume@3330f3ad
2019-09-25 12:10:34,161 [main] INFO  impl.RaftServerProxy (ConfUtils.java:logGet(43)) - raft.rpc.type = GRPC (default)
2019-09-25 12:10:34,162 [main] INFO  grpc.GrpcFactory (GrpcFactory.java:checkPooledByteBufAllocatorUseCacheForAllThreads(45)) - PERFORMANCE WARNING: useCacheForAllThreads is true that may cause Netty to create a lot garbage objects and, as a result, trigger GC.
	It is recommended to disable useCacheForAllThreads by setting -Dorg.apache.ratis.thirdparty.io.netty.allocator.useCacheForAllThreads=false in command line.
2019-09-25 12:10:34,162 [main] INFO  grpc.GrpcConfigKeys$Server (ConfUtils.java:logGet(43)) - raft.grpc.server.port = 0 (default)
2019-09-25 12:10:34,162 [main] INFO  server.GrpcService (ConfUtils.java:logGet(43)) - raft.grpc.message.size.max = 33570816 (custom)
2019-09-25 12:10:34,162 [main] INFO  server.RaftServerConfigKeys (ConfUtils.java:logGet(43)) - raft.server.log.appender.buffer.byte-limit = 33554432 (custom)
2019-09-25 12:10:34,162 [main] INFO  server.GrpcService (ConfUtils.java:logGet(43)) - raft.grpc.flow.control.window = 1MB (=1048576) (default)
2019-09-25 12:10:34,162 [main] INFO  server.RaftServerConfigKeys (ConfUtils.java:logGet(43)) - raft.server.rpc.request.timeout = 3000ms (default)
2019-09-25 12:10:34,163 [main] INFO  server.RaftServerConfigKeys (ConfUtils.java:logGet(43)) - raft.server.storage.dir = [/workdir/hadoop-ozone/integration-test/target/test-dir/MiniOzoneClusterImpl-7d9c4453-492c-478b-a0e0-2871dbe18f6e/datanode-3/data/ratis] (custom)
2019-09-25 12:10:34,164 [main] INFO  hdfs.DFSUtil (DFSUtil.java:httpServerTemplateForNNAndJN(1641)) - Starting Web-server for hddsDatanode at: http://0.0.0.0:0
2019-09-25 12:10:34,165 [main] INFO  server.AuthenticationFilter (AuthenticationFilter.java:constructSecretProvider(240)) - Unable to initialize FileSignerSecretProvider, falling back to use random secrets.
2019-09-25 12:10:34,166 [main] WARN  http.HttpRequestLog (HttpRequestLog.java:getRequestLog(97)) - Jetty request log can only be enabled using Log4j
2019-09-25 12:10:34,167 [main] INFO  http.HttpServer2 (HttpServer2.java:addGlobalFilter(975)) - Added global filter 'safety' (class=org.apache.hadoop.http.HttpServer2$QuotingInputFilter)
2019-09-25 12:10:34,168 [main] INFO  http.HttpServer2 (HttpServer2.java:addFilter(948)) - Added filter static_user_filter (class=org.apache.hadoop.http.lib.StaticUserWebFilter$StaticUserFilter) to context hddsDatanode
2019-09-25 12:10:34,168 [main] INFO  http.HttpServer2 (HttpServer2.java:addFilter(958)) - Added filter static_user_filter (class=org.apache.hadoop.http.lib.StaticUserWebFilter$StaticUserFilter) to context logs
2019-09-25 12:10:34,168 [main] INFO  http.HttpServer2 (HttpServer2.java:addFilter(958)) - Added filter static_user_filter (class=org.apache.hadoop.http.lib.StaticUserWebFilter$StaticUserFilter) to context static
2019-09-25 12:10:34,169 [main] INFO  http.HttpServer2 (HttpServer2.java:bindListener(1191)) - Jetty bound to port 38949
2019-09-25 12:10:34,169 [main] INFO  server.Server (Server.java:doStart(351)) - jetty-9.3.25.v20180904, build timestamp: 2018-09-04T21:11:46Z, git hash: 3ce520221d0240229c862b122d2b06c12a625732
2019-09-25 12:10:34,171 [main] INFO  handler.ContextHandler (ContextHandler.java:doStart(781)) - Started o.e.j.s.ServletContextHandler@3e36b7a0{/logs,file:///workdir/hadoop-ozone/integration-test/target/log,AVAILABLE}
2019-09-25 12:10:34,171 [main] INFO  handler.ContextHandler (ContextHandler.java:doStart(781)) - Started o.e.j.s.ServletContextHandler@f5cf29b{/static,jar:file:/home/user/.m2/repository/org/apache/hadoop/hadoop-hdds-container-service/0.5.0-SNAPSHOT/hadoop-hdds-container-service-0.5.0-SNAPSHOT.jar!/webapps/static,AVAILABLE}
2019-09-25 12:10:34,199 [main] INFO  handler.ContextHandler (ContextHandler.java:doStart(781)) - Started o.e.j.w.WebAppContext@d5bb1c4{/,file:///tmp/jetty-0.0.0.0-38949-hddsDatanode-_-any-7985829405763965711.dir/webapp/,AVAILABLE}{/hddsDatanode}
2019-09-25 12:10:34,199 [main] INFO  server.AbstractConnector (AbstractConnector.java:doStart(278)) - Started ServerConnector@7ed3df3b{HTTP/1.1,[http/1.1]}{0.0.0.0:38949}
2019-09-25 12:10:34,201 [main] INFO  server.Server (Server.java:doStart(419)) - Started @36490ms
2019-09-25 12:10:34,201 [main] WARN  impl.MetricsSystemImpl (MetricsSystemImpl.java:register(276)) - Sink prometheus already exists!
2019-09-25 12:10:34,202 [main] INFO  server.BaseHttpServer (BaseHttpServer.java:updateConnectorAddress(215)) - HTTP server of HDDSDATANODE is listening at http://0.0.0.0:38949
2019-09-25 12:10:34,202 [main] INFO  impl.MetricsSystemImpl (MetricsSystemImpl.java:init(158)) - HddsDatanode metrics system started (again)
2019-09-25 12:10:34,206 [org.apache.hadoop.util.JvmPauseMonitor$Monitor@152afc25] INFO  util.JvmPauseMonitor (JvmPauseMonitor.java:run(188)) - Starting JVM pause monitor
2019-09-25 12:10:34,206 [main] INFO  ozone.HddsDatanodeService (HddsDatanodeService.java:start(184)) - HddsDatanodeService host:pr-hdds-1569-shd4m-3693607622 ip:192.168.151.73
2019-09-25 12:10:34,208 [Datanode State Machine Thread - 0] INFO  datanode.InitDatanodeState (InitDatanodeState.java:persistContainerDatanodeDetails(140)) - DatanodeDetails is persisted to /workdir/hadoop-ozone/integration-test/target/test-dir/MiniOzoneClusterImpl-7d9c4453-492c-478b-a0e0-2871dbe18f6e/datanode-3/meta/datanode.id
2019-09-25 12:10:34,212 [main] INFO  volume.HddsVolume (HddsVolume.java:<init>(176)) - Creating Volume: /workdir/hadoop-ozone/integration-test/target/test-dir/MiniOzoneClusterImpl-7d9c4453-492c-478b-a0e0-2871dbe18f6e/datanode-4/data/containers/hdds of  storage type : DISK and capacity : 1482555576320
2019-09-25 12:10:34,212 [main] INFO  volume.VolumeSet (VolumeSet.java:initializeVolumeSet(170)) - Added Volume : /workdir/hadoop-ozone/integration-test/target/test-dir/MiniOzoneClusterImpl-7d9c4453-492c-478b-a0e0-2871dbe18f6e/datanode-4/data/containers/hdds to VolumeSet
2019-09-25 12:10:34,213 [main] INFO  volume.ThrottledAsyncChecker (ThrottledAsyncChecker.java:schedule(139)) - Scheduling a check for org.apache.hadoop.ozone.container.common.volume.HddsVolume@2cd4e16a
2019-09-25 12:10:34,213 [main] INFO  volume.HddsVolumeChecker (HddsVolumeChecker.java:checkAllVolumes(202)) - Scheduled health check for volume org.apache.hadoop.ozone.container.common.volume.HddsVolume@2cd4e16a
2019-09-25 12:10:34,227 [main] INFO  impl.RaftServerProxy (ConfUtils.java:logGet(43)) - raft.rpc.type = GRPC (default)
2019-09-25 12:10:34,227 [main] INFO  grpc.GrpcFactory (GrpcFactory.java:checkPooledByteBufAllocatorUseCacheForAllThreads(45)) - PERFORMANCE WARNING: useCacheForAllThreads is true that may cause Netty to create a lot garbage objects and, as a result, trigger GC.
	It is recommended to disable useCacheForAllThreads by setting -Dorg.apache.ratis.thirdparty.io.netty.allocator.useCacheForAllThreads=false in command line.
2019-09-25 12:10:34,227 [main] INFO  grpc.GrpcConfigKeys$Server (ConfUtils.java:logGet(43)) - raft.grpc.server.port = 0 (default)
2019-09-25 12:10:34,227 [main] INFO  server.GrpcService (ConfUtils.java:logGet(43)) - raft.grpc.message.size.max = 33570816 (custom)
2019-09-25 12:10:34,227 [main] INFO  server.RaftServerConfigKeys (ConfUtils.java:logGet(43)) - raft.server.log.appender.buffer.byte-limit = 33554432 (custom)
2019-09-25 12:10:34,228 [main] INFO  server.GrpcService (ConfUtils.java:logGet(43)) - raft.grpc.flow.control.window = 1MB (=1048576) (default)
2019-09-25 12:10:34,228 [main] INFO  server.RaftServerConfigKeys (ConfUtils.java:logGet(43)) - raft.server.rpc.request.timeout = 3000ms (default)
2019-09-25 12:10:34,228 [main] INFO  server.RaftServerConfigKeys (ConfUtils.java:logGet(43)) - raft.server.storage.dir = [/workdir/hadoop-ozone/integration-test/target/test-dir/MiniOzoneClusterImpl-7d9c4453-492c-478b-a0e0-2871dbe18f6e/datanode-4/data/ratis] (custom)
2019-09-25 12:10:34,230 [main] INFO  hdfs.DFSUtil (DFSUtil.java:httpServerTemplateForNNAndJN(1641)) - Starting Web-server for hddsDatanode at: http://0.0.0.0:0
2019-09-25 12:10:34,232 [main] INFO  server.AuthenticationFilter (AuthenticationFilter.java:constructSecretProvider(240)) - Unable to initialize FileSignerSecretProvider, falling back to use random secrets.
2019-09-25 12:10:34,232 [main] WARN  http.HttpRequestLog (HttpRequestLog.java:getRequestLog(97)) - Jetty request log can only be enabled using Log4j
2019-09-25 12:10:34,233 [main] INFO  http.HttpServer2 (HttpServer2.java:addGlobalFilter(975)) - Added global filter 'safety' (class=org.apache.hadoop.http.HttpServer2$QuotingInputFilter)
2019-09-25 12:10:34,234 [main] INFO  http.HttpServer2 (HttpServer2.java:addFilter(948)) - Added filter static_user_filter (class=org.apache.hadoop.http.lib.StaticUserWebFilter$StaticUserFilter) to context hddsDatanode
2019-09-25 12:10:34,234 [main] INFO  http.HttpServer2 (HttpServer2.java:addFilter(958)) - Added filter static_user_filter (class=org.apache.hadoop.http.lib.StaticUserWebFilter$StaticUserFilter) to context static
2019-09-25 12:10:34,235 [main] INFO  http.HttpServer2 (HttpServer2.java:addFilter(958)) - Added filter static_user_filter (class=org.apache.hadoop.http.lib.StaticUserWebFilter$StaticUserFilter) to context logs
2019-09-25 12:10:34,235 [main] INFO  http.HttpServer2 (HttpServer2.java:bindListener(1191)) - Jetty bound to port 46384
2019-09-25 12:10:34,236 [main] INFO  server.Server (Server.java:doStart(351)) - jetty-9.3.25.v20180904, build timestamp: 2018-09-04T21:11:46Z, git hash: 3ce520221d0240229c862b122d2b06c12a625732
2019-09-25 12:10:34,238 [main] INFO  handler.ContextHandler (ContextHandler.java:doStart(781)) - Started o.e.j.s.ServletContextHandler@228bda54{/logs,file:///workdir/hadoop-ozone/integration-test/target/log,AVAILABLE}
2019-09-25 12:10:34,238 [main] INFO  handler.ContextHandler (ContextHandler.java:doStart(781)) - Started o.e.j.s.ServletContextHandler@b3e86d5{/static,jar:file:/home/user/.m2/repository/org/apache/hadoop/hadoop-hdds-container-service/0.5.0-SNAPSHOT/hadoop-hdds-container-service-0.5.0-SNAPSHOT.jar!/webapps/static,AVAILABLE}
2019-09-25 12:10:34,268 [main] INFO  handler.ContextHandler (ContextHandler.java:doStart(781)) - Started o.e.j.w.WebAppContext@ffd4cba{/,file:///tmp/jetty-0.0.0.0-46384-hddsDatanode-_-any-290744165594995984.dir/webapp/,AVAILABLE}{/hddsDatanode}
2019-09-25 12:10:34,268 [main] INFO  server.AbstractConnector (AbstractConnector.java:doStart(278)) - Started ServerConnector@5f1483fd{HTTP/1.1,[http/1.1]}{0.0.0.0:46384}
2019-09-25 12:10:34,270 [main] INFO  server.Server (Server.java:doStart(419)) - Started @36559ms
2019-09-25 12:10:34,270 [main] WARN  impl.MetricsSystemImpl (MetricsSystemImpl.java:register(276)) - Sink prometheus already exists!
2019-09-25 12:10:34,270 [main] INFO  server.BaseHttpServer (BaseHttpServer.java:updateConnectorAddress(215)) - HTTP server of HDDSDATANODE is listening at http://0.0.0.0:46384
2019-09-25 12:10:34,271 [main] INFO  impl.MetricsSystemImpl (MetricsSystemImpl.java:init(158)) - HddsDatanode metrics system started (again)
2019-09-25 12:10:34,275 [org.apache.hadoop.util.JvmPauseMonitor$Monitor@7e4e9ae1] INFO  util.JvmPauseMonitor (JvmPauseMonitor.java:run(188)) - Starting JVM pause monitor
2019-09-25 12:10:34,275 [main] INFO  ozone.HddsDatanodeService (HddsDatanodeService.java:start(184)) - HddsDatanodeService host:pr-hdds-1569-shd4m-3693607622 ip:192.168.151.73
2019-09-25 12:10:34,278 [Datanode State Machine Thread - 0] INFO  datanode.InitDatanodeState (InitDatanodeState.java:persistContainerDatanodeDetails(140)) - DatanodeDetails is persisted to /workdir/hadoop-ozone/integration-test/target/test-dir/MiniOzoneClusterImpl-7d9c4453-492c-478b-a0e0-2871dbe18f6e/datanode-4/meta/datanode.id
2019-09-25 12:10:34,282 [main] INFO  volume.HddsVolume (HddsVolume.java:<init>(176)) - Creating Volume: /workdir/hadoop-ozone/integration-test/target/test-dir/MiniOzoneClusterImpl-7d9c4453-492c-478b-a0e0-2871dbe18f6e/datanode-5/data/containers/hdds of  storage type : DISK and capacity : 1482555576320
2019-09-25 12:10:34,282 [main] INFO  volume.VolumeSet (VolumeSet.java:initializeVolumeSet(170)) - Added Volume : /workdir/hadoop-ozone/integration-test/target/test-dir/MiniOzoneClusterImpl-7d9c4453-492c-478b-a0e0-2871dbe18f6e/datanode-5/data/containers/hdds to VolumeSet
2019-09-25 12:10:34,282 [main] INFO  volume.ThrottledAsyncChecker (ThrottledAsyncChecker.java:schedule(139)) - Scheduling a check for org.apache.hadoop.ozone.container.common.volume.HddsVolume@479111ba
2019-09-25 12:10:34,283 [main] INFO  volume.HddsVolumeChecker (HddsVolumeChecker.java:checkAllVolumes(202)) - Scheduled health check for volume org.apache.hadoop.ozone.container.common.volume.HddsVolume@479111ba
2019-09-25 12:10:34,296 [main] INFO  impl.RaftServerProxy (ConfUtils.java:logGet(43)) - raft.rpc.type = GRPC (default)
2019-09-25 12:10:34,296 [main] INFO  grpc.GrpcFactory (GrpcFactory.java:checkPooledByteBufAllocatorUseCacheForAllThreads(45)) - PERFORMANCE WARNING: useCacheForAllThreads is true that may cause Netty to create a lot garbage objects and, as a result, trigger GC.
	It is recommended to disable useCacheForAllThreads by setting -Dorg.apache.ratis.thirdparty.io.netty.allocator.useCacheForAllThreads=false in command line.
2019-09-25 12:10:34,297 [main] INFO  grpc.GrpcConfigKeys$Server (ConfUtils.java:logGet(43)) - raft.grpc.server.port = 0 (default)
2019-09-25 12:10:34,297 [main] INFO  server.GrpcService (ConfUtils.java:logGet(43)) - raft.grpc.message.size.max = 33570816 (custom)
2019-09-25 12:10:34,297 [main] INFO  server.RaftServerConfigKeys (ConfUtils.java:logGet(43)) - raft.server.log.appender.buffer.byte-limit = 33554432 (custom)
2019-09-25 12:10:34,297 [main] INFO  server.GrpcService (ConfUtils.java:logGet(43)) - raft.grpc.flow.control.window = 1MB (=1048576) (default)
2019-09-25 12:10:34,297 [main] INFO  server.RaftServerConfigKeys (ConfUtils.java:logGet(43)) - raft.server.rpc.request.timeout = 3000ms (default)
2019-09-25 12:10:34,298 [main] INFO  server.RaftServerConfigKeys (ConfUtils.java:logGet(43)) - raft.server.storage.dir = [/workdir/hadoop-ozone/integration-test/target/test-dir/MiniOzoneClusterImpl-7d9c4453-492c-478b-a0e0-2871dbe18f6e/datanode-5/data/ratis] (custom)
2019-09-25 12:10:34,299 [main] INFO  hdfs.DFSUtil (DFSUtil.java:httpServerTemplateForNNAndJN(1641)) - Starting Web-server for hddsDatanode at: http://0.0.0.0:0
2019-09-25 12:10:34,300 [main] INFO  server.AuthenticationFilter (AuthenticationFilter.java:constructSecretProvider(240)) - Unable to initialize FileSignerSecretProvider, falling back to use random secrets.
2019-09-25 12:10:34,301 [main] WARN  http.HttpRequestLog (HttpRequestLog.java:getRequestLog(97)) - Jetty request log can only be enabled using Log4j
2019-09-25 12:10:34,302 [main] INFO  http.HttpServer2 (HttpServer2.java:addGlobalFilter(975)) - Added global filter 'safety' (class=org.apache.hadoop.http.HttpServer2$QuotingInputFilter)
2019-09-25 12:10:34,303 [main] INFO  http.HttpServer2 (HttpServer2.java:addFilter(948)) - Added filter static_user_filter (class=org.apache.hadoop.http.lib.StaticUserWebFilter$StaticUserFilter) to context hddsDatanode
2019-09-25 12:10:34,303 [main] INFO  http.HttpServer2 (HttpServer2.java:addFilter(958)) - Added filter static_user_filter (class=org.apache.hadoop.http.lib.StaticUserWebFilter$StaticUserFilter) to context static
2019-09-25 12:10:34,303 [main] INFO  http.HttpServer2 (HttpServer2.java:addFilter(958)) - Added filter static_user_filter (class=org.apache.hadoop.http.lib.StaticUserWebFilter$StaticUserFilter) to context logs
2019-09-25 12:10:34,304 [main] INFO  http.HttpServer2 (HttpServer2.java:bindListener(1191)) - Jetty bound to port 44022
2019-09-25 12:10:34,304 [main] INFO  server.Server (Server.java:doStart(351)) - jetty-9.3.25.v20180904, build timestamp: 2018-09-04T21:11:46Z, git hash: 3ce520221d0240229c862b122d2b06c12a625732
2019-09-25 12:10:34,306 [main] INFO  handler.ContextHandler (ContextHandler.java:doStart(781)) - Started o.e.j.s.ServletContextHandler@2c9a6717{/logs,file:///workdir/hadoop-ozone/integration-test/target/log,AVAILABLE}
2019-09-25 12:10:34,306 [main] INFO  handler.ContextHandler (ContextHandler.java:doStart(781)) - Started o.e.j.s.ServletContextHandler@6d091cad{/static,jar:file:/home/user/.m2/repository/org/apache/hadoop/hadoop-hdds-container-service/0.5.0-SNAPSHOT/hadoop-hdds-container-service-0.5.0-SNAPSHOT.jar!/webapps/static,AVAILABLE}
2019-09-25 12:10:34,334 [main] INFO  handler.ContextHandler (ContextHandler.java:doStart(781)) - Started o.e.j.w.WebAppContext@4130955c{/,file:///tmp/jetty-0.0.0.0-44022-hddsDatanode-_-any-4993267001240932525.dir/webapp/,AVAILABLE}{/hddsDatanode}
2019-09-25 12:10:34,335 [main] INFO  server.AbstractConnector (AbstractConnector.java:doStart(278)) - Started ServerConnector@2bfaba70{HTTP/1.1,[http/1.1]}{0.0.0.0:44022}
2019-09-25 12:10:34,336 [main] INFO  server.Server (Server.java:doStart(419)) - Started @36626ms
2019-09-25 12:10:34,337 [main] WARN  impl.MetricsSystemImpl (MetricsSystemImpl.java:register(276)) - Sink prometheus already exists!
2019-09-25 12:10:34,337 [main] INFO  server.BaseHttpServer (BaseHttpServer.java:updateConnectorAddress(215)) - HTTP server of HDDSDATANODE is listening at http://0.0.0.0:44022
2019-09-25 12:10:34,337 [main] INFO  impl.MetricsSystemImpl (MetricsSystemImpl.java:init(158)) - HddsDatanode metrics system started (again)
2019-09-25 12:10:34,339 [org.apache.hadoop.util.JvmPauseMonitor$Monitor@5858f702] INFO  util.JvmPauseMonitor (JvmPauseMonitor.java:run(188)) - Starting JVM pause monitor
2019-09-25 12:10:34,343 [main] INFO  ozone.HddsDatanodeService (HddsDatanodeService.java:start(184)) - HddsDatanodeService host:pr-hdds-1569-shd4m-3693607622 ip:192.168.151.73
2019-09-25 12:10:34,344 [Datanode State Machine Thread - 0] INFO  datanode.InitDatanodeState (InitDatanodeState.java:persistContainerDatanodeDetails(140)) - DatanodeDetails is persisted to /workdir/hadoop-ozone/integration-test/target/test-dir/MiniOzoneClusterImpl-7d9c4453-492c-478b-a0e0-2871dbe18f6e/datanode-5/meta/datanode.id
2019-09-25 12:10:34,348 [main] INFO  volume.HddsVolume (HddsVolume.java:<init>(176)) - Creating Volume: /workdir/hadoop-ozone/integration-test/target/test-dir/MiniOzoneClusterImpl-7d9c4453-492c-478b-a0e0-2871dbe18f6e/datanode-6/data/containers/hdds of  storage type : DISK and capacity : 1482555576320
2019-09-25 12:10:34,349 [main] INFO  volume.VolumeSet (VolumeSet.java:initializeVolumeSet(170)) - Added Volume : /workdir/hadoop-ozone/integration-test/target/test-dir/MiniOzoneClusterImpl-7d9c4453-492c-478b-a0e0-2871dbe18f6e/datanode-6/data/containers/hdds to VolumeSet
2019-09-25 12:10:34,349 [main] INFO  volume.ThrottledAsyncChecker (ThrottledAsyncChecker.java:schedule(139)) - Scheduling a check for org.apache.hadoop.ozone.container.common.volume.HddsVolume@53b1a3f8
2019-09-25 12:10:34,349 [main] INFO  volume.HddsVolumeChecker (HddsVolumeChecker.java:checkAllVolumes(202)) - Scheduled health check for volume org.apache.hadoop.ozone.container.common.volume.HddsVolume@53b1a3f8
2019-09-25 12:10:34,362 [main] INFO  impl.RaftServerProxy (ConfUtils.java:logGet(43)) - raft.rpc.type = GRPC (default)
2019-09-25 12:10:34,362 [main] INFO  grpc.GrpcFactory (GrpcFactory.java:checkPooledByteBufAllocatorUseCacheForAllThreads(45)) - PERFORMANCE WARNING: useCacheForAllThreads is true that may cause Netty to create a lot garbage objects and, as a result, trigger GC.
	It is recommended to disable useCacheForAllThreads by setting -Dorg.apache.ratis.thirdparty.io.netty.allocator.useCacheForAllThreads=false in command line.
2019-09-25 12:10:34,362 [main] INFO  grpc.GrpcConfigKeys$Server (ConfUtils.java:logGet(43)) - raft.grpc.server.port = 0 (default)
2019-09-25 12:10:34,362 [main] INFO  server.GrpcService (ConfUtils.java:logGet(43)) - raft.grpc.message.size.max = 33570816 (custom)
2019-09-25 12:10:34,363 [main] INFO  server.RaftServerConfigKeys (ConfUtils.java:logGet(43)) - raft.server.log.appender.buffer.byte-limit = 33554432 (custom)
2019-09-25 12:10:34,363 [main] INFO  server.GrpcService (ConfUtils.java:logGet(43)) - raft.grpc.flow.control.window = 1MB (=1048576) (default)
2019-09-25 12:10:34,363 [main] INFO  server.RaftServerConfigKeys (ConfUtils.java:logGet(43)) - raft.server.rpc.request.timeout = 3000ms (default)
2019-09-25 12:10:34,363 [main] INFO  server.RaftServerConfigKeys (ConfUtils.java:logGet(43)) - raft.server.storage.dir = [/workdir/hadoop-ozone/integration-test/target/test-dir/MiniOzoneClusterImpl-7d9c4453-492c-478b-a0e0-2871dbe18f6e/datanode-6/data/ratis] (custom)
2019-09-25 12:10:34,365 [main] INFO  hdfs.DFSUtil (DFSUtil.java:httpServerTemplateForNNAndJN(1641)) - Starting Web-server for hddsDatanode at: http://0.0.0.0:0
2019-09-25 12:10:34,366 [main] INFO  server.AuthenticationFilter (AuthenticationFilter.java:constructSecretProvider(240)) - Unable to initialize FileSignerSecretProvider, falling back to use random secrets.
2019-09-25 12:10:34,366 [main] WARN  http.HttpRequestLog (HttpRequestLog.java:getRequestLog(97)) - Jetty request log can only be enabled using Log4j
2019-09-25 12:10:34,367 [main] INFO  http.HttpServer2 (HttpServer2.java:addGlobalFilter(975)) - Added global filter 'safety' (class=org.apache.hadoop.http.HttpServer2$QuotingInputFilter)
2019-09-25 12:10:34,368 [main] INFO  http.HttpServer2 (HttpServer2.java:addFilter(948)) - Added filter static_user_filter (class=org.apache.hadoop.http.lib.StaticUserWebFilter$StaticUserFilter) to context hddsDatanode
2019-09-25 12:10:34,368 [main] INFO  http.HttpServer2 (HttpServer2.java:addFilter(958)) - Added filter static_user_filter (class=org.apache.hadoop.http.lib.StaticUserWebFilter$StaticUserFilter) to context static
2019-09-25 12:10:34,368 [main] INFO  http.HttpServer2 (HttpServer2.java:addFilter(958)) - Added filter static_user_filter (class=org.apache.hadoop.http.lib.StaticUserWebFilter$StaticUserFilter) to context logs
2019-09-25 12:10:34,369 [main] INFO  http.HttpServer2 (HttpServer2.java:bindListener(1191)) - Jetty bound to port 42257
2019-09-25 12:10:34,369 [main] INFO  server.Server (Server.java:doStart(351)) - jetty-9.3.25.v20180904, build timestamp: 2018-09-04T21:11:46Z, git hash: 3ce520221d0240229c862b122d2b06c12a625732
2019-09-25 12:10:34,370 [main] INFO  handler.ContextHandler (ContextHandler.java:doStart(781)) - Started o.e.j.s.ServletContextHandler@49469ffa{/logs,file:///workdir/hadoop-ozone/integration-test/target/log,AVAILABLE}
2019-09-25 12:10:34,371 [main] INFO  handler.ContextHandler (ContextHandler.java:doStart(781)) - Started o.e.j.s.ServletContextHandler@7a3b7122{/static,jar:file:/home/user/.m2/repository/org/apache/hadoop/hadoop-hdds-container-service/0.5.0-SNAPSHOT/hadoop-hdds-container-service-0.5.0-SNAPSHOT.jar!/webapps/static,AVAILABLE}
2019-09-25 12:10:34,398 [main] INFO  handler.ContextHandler (ContextHandler.java:doStart(781)) - Started o.e.j.w.WebAppContext@2db1b657{/,file:///tmp/jetty-0.0.0.0-42257-hddsDatanode-_-any-3792716839314536401.dir/webapp/,AVAILABLE}{/hddsDatanode}
2019-09-25 12:10:34,398 [main] INFO  server.AbstractConnector (AbstractConnector.java:doStart(278)) - Started ServerConnector@7e351d7{HTTP/1.1,[http/1.1]}{0.0.0.0:42257}
2019-09-25 12:10:34,399 [main] INFO  server.Server (Server.java:doStart(419)) - Started @36689ms
2019-09-25 12:10:34,400 [main] WARN  impl.MetricsSystemImpl (MetricsSystemImpl.java:register(276)) - Sink prometheus already exists!
2019-09-25 12:10:34,400 [main] INFO  server.BaseHttpServer (BaseHttpServer.java:updateConnectorAddress(215)) - HTTP server of HDDSDATANODE is listening at http://0.0.0.0:42257
2019-09-25 12:10:34,400 [main] INFO  ozone.MiniOzoneClusterImpl (MiniOzoneClusterImpl.java:lambda$waitForClusterToBeReady$0(147)) - Waiting for cluster to be ready. Got 0 of 7 DN Heartbeats.
2019-09-25 12:10:34,403 [org.apache.hadoop.util.JvmPauseMonitor$Monitor@5da7e2e2] INFO  util.JvmPauseMonitor (JvmPauseMonitor.java:run(188)) - Starting JVM pause monitor
2019-09-25 12:10:34,405 [Datanode State Machine Thread - 0] INFO  datanode.InitDatanodeState (InitDatanodeState.java:persistContainerDatanodeDetails(140)) - DatanodeDetails is persisted to /workdir/hadoop-ozone/integration-test/target/test-dir/MiniOzoneClusterImpl-7d9c4453-492c-478b-a0e0-2871dbe18f6e/datanode-6/meta/datanode.id
2019-09-25 12:10:35,403 [main] INFO  ozone.MiniOzoneClusterImpl (MiniOzoneClusterImpl.java:lambda$waitForClusterToBeReady$0(147)) - Waiting for cluster to be ready. Got 0 of 7 DN Heartbeats.
2019-09-25 12:10:36,036 [Datanode State Machine Thread - 0] INFO  ozoneimpl.OzoneContainer (OzoneContainer.java:start(217)) - Attempting to start container services.
2019-09-25 12:10:36,039 [Datanode State Machine Thread - 0] INFO  ozoneimpl.OzoneContainer (OzoneContainer.java:startContainerScrub(179)) - Background container scanner has been disabled.
2019-09-25 12:10:36,039 [Datanode State Machine Thread - 0] INFO  ratis.XceiverServerRatis (XceiverServerRatis.java:start(411)) - Starting XceiverServerRatis 06c06a68-4e48-447d-bb45-a3dc0e88cff1 at port 0
2019-09-25 12:10:36,046 [Datanode State Machine Thread - 0] INFO  impl.RaftServerProxy (RaftServerProxy.java:lambda$start$3(299)) - 06c06a68-4e48-447d-bb45-a3dc0e88cff1: start RPC server
2019-09-25 12:10:36,049 [Datanode State Machine Thread - 0] INFO  server.GrpcService (GrpcService.java:startImpl(158)) - 06c06a68-4e48-447d-bb45-a3dc0e88cff1: GrpcService started, listening on 0.0.0.0/0.0.0.0:34720
2019-09-25 12:10:36,049 [Datanode State Machine Thread - 0] INFO  ratis.XceiverServerRatis (XceiverServerRatis.java:start(421)) - XceiverServerRatis 06c06a68-4e48-447d-bb45-a3dc0e88cff1 is started using port 34720
2019-09-25 12:10:36,050 [Datanode State Machine Thread - 0] INFO  server.XceiverServerGrpc (XceiverServerGrpc.java:start(149)) - XceiverServerGrpc 06c06a68-4e48-447d-bb45-a3dc0e88cff1 is started using port 33224
2019-09-25 12:10:36,097 [Datanode State Machine Thread - 0] INFO  ozoneimpl.OzoneContainer (OzoneContainer.java:start(217)) - Attempting to start container services.
2019-09-25 12:10:36,100 [Datanode State Machine Thread - 0] INFO  ozoneimpl.OzoneContainer (OzoneContainer.java:startContainerScrub(179)) - Background container scanner has been disabled.
2019-09-25 12:10:36,100 [Datanode State Machine Thread - 0] INFO  ratis.XceiverServerRatis (XceiverServerRatis.java:start(411)) - Starting XceiverServerRatis c6fa9dcb-3f15-43b4-bafe-b7e2932cba65 at port 0
2019-09-25 12:10:36,107 [Datanode State Machine Thread - 0] INFO  impl.RaftServerProxy (RaftServerProxy.java:lambda$start$3(299)) - c6fa9dcb-3f15-43b4-bafe-b7e2932cba65: start RPC server
2019-09-25 12:10:36,108 [Datanode State Machine Thread - 0] INFO  server.GrpcService (GrpcService.java:startImpl(158)) - c6fa9dcb-3f15-43b4-bafe-b7e2932cba65: GrpcService started, listening on 0.0.0.0/0.0.0.0:46687
2019-09-25 12:10:36,108 [Datanode State Machine Thread - 0] INFO  ratis.XceiverServerRatis (XceiverServerRatis.java:start(421)) - XceiverServerRatis c6fa9dcb-3f15-43b4-bafe-b7e2932cba65 is started using port 46687
2019-09-25 12:10:36,109 [Datanode State Machine Thread - 0] INFO  server.XceiverServerGrpc (XceiverServerGrpc.java:start(149)) - XceiverServerGrpc c6fa9dcb-3f15-43b4-bafe-b7e2932cba65 is started using port 35359
2019-09-25 12:10:36,156 [Datanode State Machine Thread - 0] INFO  ozoneimpl.OzoneContainer (OzoneContainer.java:start(217)) - Attempting to start container services.
2019-09-25 12:10:36,165 [Datanode State Machine Thread - 0] INFO  ozoneimpl.OzoneContainer (OzoneContainer.java:startContainerScrub(179)) - Background container scanner has been disabled.
2019-09-25 12:10:36,165 [Datanode State Machine Thread - 0] INFO  ratis.XceiverServerRatis (XceiverServerRatis.java:start(411)) - Starting XceiverServerRatis 672ef084-74ba-47a7-a215-7b0464967c29 at port 0
2019-09-25 12:10:36,173 [Datanode State Machine Thread - 0] INFO  impl.RaftServerProxy (RaftServerProxy.java:lambda$start$3(299)) - 672ef084-74ba-47a7-a215-7b0464967c29: start RPC server
2019-09-25 12:10:36,180 [Datanode State Machine Thread - 0] INFO  server.GrpcService (GrpcService.java:startImpl(158)) - 672ef084-74ba-47a7-a215-7b0464967c29: GrpcService started, listening on 0.0.0.0/0.0.0.0:46323
2019-09-25 12:10:36,180 [Datanode State Machine Thread - 0] INFO  ratis.XceiverServerRatis (XceiverServerRatis.java:start(421)) - XceiverServerRatis 672ef084-74ba-47a7-a215-7b0464967c29 is started using port 46323
2019-09-25 12:10:36,187 [Datanode State Machine Thread - 0] INFO  server.XceiverServerGrpc (XceiverServerGrpc.java:start(149)) - XceiverServerGrpc 672ef084-74ba-47a7-a215-7b0464967c29 is started using port 40647
2019-09-25 12:10:36,232 [Datanode State Machine Thread - 0] INFO  ozoneimpl.OzoneContainer (OzoneContainer.java:start(217)) - Attempting to start container services.
2019-09-25 12:10:36,232 [Datanode State Machine Thread - 0] INFO  ozoneimpl.OzoneContainer (OzoneContainer.java:startContainerScrub(179)) - Background container scanner has been disabled.
2019-09-25 12:10:36,232 [Datanode State Machine Thread - 0] INFO  ratis.XceiverServerRatis (XceiverServerRatis.java:start(411)) - Starting XceiverServerRatis ed9e8526-460d-4c85-81a4-c6a64f474ec5 at port 0
2019-09-25 12:10:36,240 [Datanode State Machine Thread - 0] INFO  impl.RaftServerProxy (RaftServerProxy.java:lambda$start$3(299)) - ed9e8526-460d-4c85-81a4-c6a64f474ec5: start RPC server
2019-09-25 12:10:36,243 [Datanode State Machine Thread - 0] INFO  server.GrpcService (GrpcService.java:startImpl(158)) - ed9e8526-460d-4c85-81a4-c6a64f474ec5: GrpcService started, listening on 0.0.0.0/0.0.0.0:34002
2019-09-25 12:10:36,243 [Datanode State Machine Thread - 0] INFO  ratis.XceiverServerRatis (XceiverServerRatis.java:start(421)) - XceiverServerRatis ed9e8526-460d-4c85-81a4-c6a64f474ec5 is started using port 34002
2019-09-25 12:10:36,246 [Datanode State Machine Thread - 0] INFO  server.XceiverServerGrpc (XceiverServerGrpc.java:start(149)) - XceiverServerGrpc ed9e8526-460d-4c85-81a4-c6a64f474ec5 is started using port 36135
2019-09-25 12:10:36,290 [Datanode State Machine Thread - 0] INFO  ozoneimpl.OzoneContainer (OzoneContainer.java:start(217)) - Attempting to start container services.
2019-09-25 12:10:36,290 [Datanode State Machine Thread - 0] INFO  ozoneimpl.OzoneContainer (OzoneContainer.java:startContainerScrub(179)) - Background container scanner has been disabled.
2019-09-25 12:10:36,290 [Datanode State Machine Thread - 0] INFO  ratis.XceiverServerRatis (XceiverServerRatis.java:start(411)) - Starting XceiverServerRatis 80deecc8-67d2-4886-a269-aab5f88a17c2 at port 0
2019-09-25 12:10:36,298 [Datanode State Machine Thread - 0] INFO  impl.RaftServerProxy (RaftServerProxy.java:lambda$start$3(299)) - 80deecc8-67d2-4886-a269-aab5f88a17c2: start RPC server
2019-09-25 12:10:36,299 [Datanode State Machine Thread - 0] INFO  server.GrpcService (GrpcService.java:startImpl(158)) - 80deecc8-67d2-4886-a269-aab5f88a17c2: GrpcService started, listening on 0.0.0.0/0.0.0.0:41765
2019-09-25 12:10:36,299 [Datanode State Machine Thread - 0] INFO  ratis.XceiverServerRatis (XceiverServerRatis.java:start(421)) - XceiverServerRatis 80deecc8-67d2-4886-a269-aab5f88a17c2 is started using port 41765
2019-09-25 12:10:36,300 [Datanode State Machine Thread - 0] INFO  server.XceiverServerGrpc (XceiverServerGrpc.java:start(149)) - XceiverServerGrpc 80deecc8-67d2-4886-a269-aab5f88a17c2 is started using port 38283
2019-09-25 12:10:36,354 [Datanode State Machine Thread - 0] INFO  ozoneimpl.OzoneContainer (OzoneContainer.java:start(217)) - Attempting to start container services.
2019-09-25 12:10:36,355 [Datanode State Machine Thread - 0] INFO  ozoneimpl.OzoneContainer (OzoneContainer.java:startContainerScrub(179)) - Background container scanner has been disabled.
2019-09-25 12:10:36,355 [Datanode State Machine Thread - 0] INFO  ratis.XceiverServerRatis (XceiverServerRatis.java:start(411)) - Starting XceiverServerRatis b0d03c9b-af36-4ed0-8381-e873bbd9be0f at port 0
2019-09-25 12:10:36,362 [Datanode State Machine Thread - 0] INFO  impl.RaftServerProxy (RaftServerProxy.java:lambda$start$3(299)) - b0d03c9b-af36-4ed0-8381-e873bbd9be0f: start RPC server
2019-09-25 12:10:36,363 [Datanode State Machine Thread - 0] INFO  server.GrpcService (GrpcService.java:startImpl(158)) - b0d03c9b-af36-4ed0-8381-e873bbd9be0f: GrpcService started, listening on 0.0.0.0/0.0.0.0:36577
2019-09-25 12:10:36,363 [Datanode State Machine Thread - 0] INFO  ratis.XceiverServerRatis (XceiverServerRatis.java:start(421)) - XceiverServerRatis b0d03c9b-af36-4ed0-8381-e873bbd9be0f is started using port 36577
2019-09-25 12:10:36,364 [Datanode State Machine Thread - 0] INFO  server.XceiverServerGrpc (XceiverServerGrpc.java:start(149)) - XceiverServerGrpc b0d03c9b-af36-4ed0-8381-e873bbd9be0f is started using port 38447
2019-09-25 12:10:36,403 [main] INFO  ozone.MiniOzoneClusterImpl (MiniOzoneClusterImpl.java:lambda$waitForClusterToBeReady$0(147)) - Waiting for cluster to be ready. Got 0 of 7 DN Heartbeats.
2019-09-25 12:10:36,430 [Datanode State Machine Thread - 0] INFO  ozoneimpl.OzoneContainer (OzoneContainer.java:start(217)) - Attempting to start container services.
2019-09-25 12:10:36,430 [Datanode State Machine Thread - 0] INFO  ozoneimpl.OzoneContainer (OzoneContainer.java:startContainerScrub(179)) - Background container scanner has been disabled.
2019-09-25 12:10:36,430 [Datanode State Machine Thread - 0] INFO  ratis.XceiverServerRatis (XceiverServerRatis.java:start(411)) - Starting XceiverServerRatis df786a85-25e2-42b5-b190-b73745044b82 at port 0
2019-09-25 12:10:36,438 [Datanode State Machine Thread - 0] INFO  impl.RaftServerProxy (RaftServerProxy.java:lambda$start$3(299)) - df786a85-25e2-42b5-b190-b73745044b82: start RPC server
2019-09-25 12:10:36,441 [Datanode State Machine Thread - 0] INFO  server.GrpcService (GrpcService.java:startImpl(158)) - df786a85-25e2-42b5-b190-b73745044b82: GrpcService started, listening on 0.0.0.0/0.0.0.0:38744
2019-09-25 12:10:36,441 [Datanode State Machine Thread - 0] INFO  ratis.XceiverServerRatis (XceiverServerRatis.java:start(421)) - XceiverServerRatis df786a85-25e2-42b5-b190-b73745044b82 is started using port 38744
2019-09-25 12:10:36,442 [Datanode State Machine Thread - 0] INFO  server.XceiverServerGrpc (XceiverServerGrpc.java:start(149)) - XceiverServerGrpc df786a85-25e2-42b5-b190-b73745044b82 is started using port 34348
2019-09-25 12:10:37,404 [main] INFO  ozone.MiniOzoneClusterImpl (MiniOzoneClusterImpl.java:lambda$waitForClusterToBeReady$0(147)) - Waiting for cluster to be ready. Got 0 of 7 DN Heartbeats.
2019-09-25 12:10:38,021 [IPC Server handler 3 on 44687] INFO  net.NetworkTopology (NetworkTopologyImpl.java:add(111)) - Added a new node: /default-rack/06c06a68-4e48-447d-bb45-a3dc0e88cff1
2019-09-25 12:10:38,024 [IPC Server handler 3 on 44687] INFO  node.SCMNodeManager (SCMNodeManager.java:register(266)) - Registered Data node : 06c06a68-4e48-447d-bb45-a3dc0e88cff1{ip: 192.168.151.73, host: pr-hdds-1569-shd4m-3693607622, networkLocation: /default-rack, certSerialId: null}
2019-09-25 12:10:38,025 [EventQueue-NodeRegistrationContainerReportForDataNodeSafeModeRule] INFO  safemode.SCMSafeModeManager (DataNodeSafeModeRule.java:process(71)) - SCM in safe mode. 1 DataNodes registered, 1 required.
2019-09-25 12:10:38,027 [EventQueue-NodeRegistrationContainerReportForDataNodeSafeModeRule] INFO  safemode.SCMSafeModeManager (SCMSafeModeManager.java:validateSafeModeExitRules(177)) - ScmSafeModeManager, all rules are successfully validated
2019-09-25 12:10:38,028 [EventQueue-NodeRegistrationContainerReportForDataNodeSafeModeRule] INFO  safemode.SCMSafeModeManager (SCMSafeModeManager.java:exitSafeMode(193)) - SCM exiting safe mode.
2019-09-25 12:10:38,061 [grpc-default-executor-0] INFO  impl.RaftServerProxy (RaftServerProxy.java:addNew(89)) - 06c06a68-4e48-447d-bb45-a3dc0e88cff1: addNew group-DB4B7E81A29F:[06c06a68-4e48-447d-bb45-a3dc0e88cff1:192.168.151.73:34720] returns group-DB4B7E81A29F:java.util.concurrent.CompletableFuture@2ca21f2a[Not completed]
2019-09-25 12:10:38,062 [pool-117-thread-1] INFO  impl.RaftServerImpl (RaftServerImpl.java:<init>(95)) - 06c06a68-4e48-447d-bb45-a3dc0e88cff1: new RaftServerImpl for group-DB4B7E81A29F:[06c06a68-4e48-447d-bb45-a3dc0e88cff1:192.168.151.73:34720] with ContainerStateMachine:uninitialized
2019-09-25 12:10:38,062 [pool-117-thread-1] INFO  server.RaftServerConfigKeys (ConfUtils.java:logGet(43)) - raft.server.rpc.timeout.min = 5s (custom)
2019-09-25 12:10:38,062 [pool-117-thread-1] INFO  server.RaftServerConfigKeys (ConfUtils.java:logGet(43)) - raft.server.rpc.timeout.max = 5200ms (custom)
2019-09-25 12:10:38,063 [pool-117-thread-1] INFO  server.RaftServerConfigKeys (ConfUtils.java:logGet(43)) - raft.server.rpcslowness.timeout = 120s (custom)
2019-09-25 12:10:38,063 [pool-117-thread-1] INFO  server.RaftServerConfigKeys (ConfUtils.java:logGet(43)) - raft.server.sleep.deviation.threshold = 300 (default)
2019-09-25 12:10:38,063 [pool-117-thread-1] INFO  server.RaftServerConfigKeys (ConfUtils.java:logGet(43)) - raft.server.log.appender.install.snapshot.enabled = false (custom)
2019-09-25 12:10:38,063 [pool-117-thread-1] INFO  impl.RaftServerImpl (ServerState.java:<init>(103)) - 06c06a68-4e48-447d-bb45-a3dc0e88cff1@group-DB4B7E81A29F: ConfigurationManager, init=-1: [06c06a68-4e48-447d-bb45-a3dc0e88cff1:192.168.151.73:34720], old=null, confs=<EMPTY_MAP>
2019-09-25 12:10:38,063 [pool-117-thread-1] INFO  server.RaftServerConfigKeys (ConfUtils.java:logGet(43)) - raft.server.storage.dir = [/workdir/hadoop-ozone/integration-test/target/test-dir/MiniOzoneClusterImpl-7d9c4453-492c-478b-a0e0-2871dbe18f6e/datanode-0/data/ratis] (custom)
2019-09-25 12:10:38,064 [pool-117-thread-1] INFO  storage.RaftStorageDirectory (RaftStorageDirectory.java:analyzeStorage(246)) - The storage directory /workdir/hadoop-ozone/integration-test/target/test-dir/MiniOzoneClusterImpl-7d9c4453-492c-478b-a0e0-2871dbe18f6e/datanode-0/data/ratis/c8ca8c8d-4444-49b1-95d3-db4b7e81a29f does not exist. Creating ...
2019-09-25 12:10:38,076 [pool-117-thread-1] INFO  storage.RaftStorageDirectory (RaftStorageDirectory.java:tryLock(328)) - Lock on /workdir/hadoop-ozone/integration-test/target/test-dir/MiniOzoneClusterImpl-7d9c4453-492c-478b-a0e0-2871dbe18f6e/datanode-0/data/ratis/c8ca8c8d-4444-49b1-95d3-db4b7e81a29f/in_use.lock acquired by nodename 9481@pr-hdds-1569-shd4m-3693607622
2019-09-25 12:10:38,081 [IPC Server handler 4 on 44687] INFO  net.NetworkTopology (NetworkTopologyImpl.java:add(111)) - Added a new node: /default-rack/c6fa9dcb-3f15-43b4-bafe-b7e2932cba65
2019-09-25 12:10:38,081 [IPC Server handler 4 on 44687] INFO  node.SCMNodeManager (SCMNodeManager.java:register(266)) - Registered Data node : c6fa9dcb-3f15-43b4-bafe-b7e2932cba65{ip: 192.168.151.73, host: pr-hdds-1569-shd4m-3693607622, networkLocation: /default-rack, certSerialId: null}
2019-09-25 12:10:38,089 [pool-117-thread-1] INFO  storage.RaftStorage (RaftStorage.java:format(72)) - Storage directory /workdir/hadoop-ozone/integration-test/target/test-dir/MiniOzoneClusterImpl-7d9c4453-492c-478b-a0e0-2871dbe18f6e/datanode-0/data/ratis/c8ca8c8d-4444-49b1-95d3-db4b7e81a29f has been successfully formatted.
2019-09-25 12:10:38,089 [pool-117-thread-1] INFO  ratis.ContainerStateMachine (ContainerStateMachine.java:loadSnapshot(230)) - group-DB4B7E81A29F: The snapshot info is null. Setting the last applied indexto:(t:0, i:~)
2019-09-25 12:10:38,090 [pool-117-thread-1] INFO  server.RaftServerConfigKeys (ConfUtils.java:logGet(43)) - raft.server.notification.no-leader.timeout = 120s (custom)
2019-09-25 12:10:38,090 [pool-117-thread-1] INFO  server.RaftServerConfigKeys (ConfUtils.java:logGet(43)) - raft.server.log.use.memory = false (default)
2019-09-25 12:10:38,090 [pool-117-thread-1] INFO  server.RaftServerConfigKeys (ConfUtils.java:logGet(43)) - raft.server.log.purge.gap = 1000000 (custom)
2019-09-25 12:10:38,090 [pool-117-thread-1] INFO  server.RaftServerConfigKeys (ConfUtils.java:logGet(43)) - raft.server.log.appender.buffer.byte-limit = 33554432 (custom)
2019-09-25 12:10:38,090 [pool-117-thread-1] INFO  server.RaftServerConfigKeys (ConfUtils.java:logGet(43)) - raft.server.log.segment.size.max = 1048576 (custom)
2019-09-25 12:10:38,090 [pool-117-thread-1] INFO  server.RaftServerConfigKeys (ConfUtils.java:logGet(43)) - raft.server.log.segment.cache.num.max = 2 (custom)
2019-09-25 12:10:38,091 [pool-117-thread-1] INFO  segmented.SegmentedRaftLogWorker (SegmentedRaftLogWorker.java:<init>(172)) - new 06c06a68-4e48-447d-bb45-a3dc0e88cff1@group-DB4B7E81A29F-SegmentedRaftLogWorker for RaftStorage:Storage Directory /workdir/hadoop-ozone/integration-test/target/test-dir/MiniOzoneClusterImpl-7d9c4453-492c-478b-a0e0-2871dbe18f6e/datanode-0/data/ratis/c8ca8c8d-4444-49b1-95d3-db4b7e81a29f
2019-09-25 12:10:38,093 [pool-117-thread-1] INFO  server.RaftServerConfigKeys (ConfUtils.java:logGet(43)) - raft.server.log.queue.byte-limit = 2147483647 (custom)
2019-09-25 12:10:38,093 [pool-117-thread-1] INFO  server.RaftServerConfigKeys (ConfUtils.java:logGet(43)) - raft.server.log.queue.element-limit = 1024 (custom)
2019-09-25 12:10:38,093 [pool-117-thread-1] INFO  server.RaftServerConfigKeys (ConfUtils.java:logGet(43)) - raft.server.log.segment.size.max = 1048576 (custom)
2019-09-25 12:10:38,093 [pool-117-thread-1] INFO  server.RaftServerConfigKeys (ConfUtils.java:logGet(43)) - raft.server.log.preallocated.size = 16384 (custom)
2019-09-25 12:10:38,094 [pool-117-thread-1] INFO  server.RaftServerConfigKeys (ConfUtils.java:logGet(43)) - raft.server.log.write.buffer.size = 33554432 (custom)
2019-09-25 12:10:38,094 [pool-117-thread-1] INFO  server.RaftServerConfigKeys (ConfUtils.java:logGet(43)) - raft.server.log.force.sync.num = 128 (default)
2019-09-25 12:10:38,094 [pool-117-thread-1] INFO  server.RaftServerConfigKeys (ConfUtils.java:logGet(43)) - raft.server.log.statemachine.data.sync = true (default)
2019-09-25 12:10:38,094 [pool-117-thread-1] INFO  server.RaftServerConfigKeys (ConfUtils.java:logGet(43)) - raft.server.log.statemachine.data.sync.timeout = 10s (default)
2019-09-25 12:10:38,094 [pool-117-thread-1] INFO  server.RaftServerConfigKeys (ConfUtils.java:logGet(43)) - raft.server.log.statemachine.data.sync.timeout.retry = -1 (default)
2019-09-25 12:10:38,094 [pool-117-thread-1] INFO  server.RaftServerConfigKeys (ConfUtils.java:logGet(43)) - raft.server.log.statemachine.data.caching.enabled = true (custom)
2019-09-25 12:10:38,095 [pool-117-thread-1] INFO  segmented.SegmentedRaftLogWorker (SegmentedRaftLogWorker.java:lambda$new$0(132)) - 06c06a68-4e48-447d-bb45-a3dc0e88cff1@group-DB4B7E81A29F-SegmentedRaftLogWorker: flushIndex: setUnconditionally 0 -> -1
2019-09-25 12:10:38,095 [pool-117-thread-1] INFO  server.RaftServerConfigKeys (ConfUtils.java:logGet(43)) - raft.server.snapshot.auto.trigger.enabled = true (custom)
2019-09-25 12:10:38,095 [pool-117-thread-1] INFO  server.RaftServerConfigKeys (ConfUtils.java:logGet(43)) - raft.server.snapshot.auto.trigger.threshold = 10000 (custom)
2019-09-25 12:10:38,095 [pool-117-thread-1] INFO  server.RaftServerConfigKeys (ConfUtils.java:logGet(43)) - raft.server.snapshot.retention.num.files = 5 (custom)
2019-09-25 12:10:38,096 [pool-117-thread-1] INFO  server.RaftServerConfigKeys (ConfUtils.java:logGet(43)) - raft.server.retrycache.expirytime = 600000ms (custom)
2019-09-25 12:10:38,098 [pool-117-thread-1] INFO  impl.RaftServerImpl (RaftServerImpl.java:start(185)) - 06c06a68-4e48-447d-bb45-a3dc0e88cff1@group-DB4B7E81A29F: start as a follower, conf=-1: [06c06a68-4e48-447d-bb45-a3dc0e88cff1:192.168.151.73:34720], old=null
2019-09-25 12:10:38,098 [pool-117-thread-1] INFO  impl.RaftServerImpl (RaftServerImpl.java:setRole(174)) - 06c06a68-4e48-447d-bb45-a3dc0e88cff1@group-DB4B7E81A29F: changes role from      null to FOLLOWER at term 0 for startAsFollower
2019-09-25 12:10:38,098 [pool-117-thread-1] INFO  impl.RoleInfo (RoleInfo.java:updateAndGet(143)) - 06c06a68-4e48-447d-bb45-a3dc0e88cff1: start FollowerState
2019-09-25 12:10:38,098 [pool-117-thread-1] INFO  util.JmxRegister (JmxRegister.java:tryRegister(44)) - Successfully registered JMX Bean with object name Ratis:service=RaftServer,group=group-DB4B7E81A29F,id=06c06a68-4e48-447d-bb45-a3dc0e88cff1
2019-09-25 12:10:38,110 [RatisPipelineUtilsThread] INFO  pipeline.PipelineStateManager (PipelineStateManager.java:addPipeline(56)) - Created pipeline Pipeline[ Id: c8ca8c8d-4444-49b1-95d3-db4b7e81a29f, Nodes: 06c06a68-4e48-447d-bb45-a3dc0e88cff1{ip: 192.168.151.73, host: pr-hdds-1569-shd4m-3693607622, networkLocation: /default-rack, certSerialId: null}, Type:RATIS, Factor:ONE, State:OPEN]
2019-09-25 12:10:38,119 [grpc-default-executor-0] INFO  impl.RaftServerProxy (RaftServerProxy.java:addNew(89)) - c6fa9dcb-3f15-43b4-bafe-b7e2932cba65: addNew group-385F8712F586:[c6fa9dcb-3f15-43b4-bafe-b7e2932cba65:192.168.151.73:46687] returns group-385F8712F586:java.util.concurrent.CompletableFuture@706aea0d[Not completed]
2019-09-25 12:10:38,120 [pool-127-thread-1] INFO  impl.RaftServerImpl (RaftServerImpl.java:<init>(95)) - c6fa9dcb-3f15-43b4-bafe-b7e2932cba65: new RaftServerImpl for group-385F8712F586:[c6fa9dcb-3f15-43b4-bafe-b7e2932cba65:192.168.151.73:46687] with ContainerStateMachine:uninitialized
2019-09-25 12:10:38,120 [pool-127-thread-1] INFO  server.RaftServerConfigKeys (ConfUtils.java:logGet(43)) - raft.server.rpc.timeout.min = 5s (custom)
2019-09-25 12:10:38,120 [pool-127-thread-1] INFO  server.RaftServerConfigKeys (ConfUtils.java:logGet(43)) - raft.server.rpc.timeout.max = 5200ms (custom)
2019-09-25 12:10:38,120 [pool-127-thread-1] INFO  server.RaftServerConfigKeys (ConfUtils.java:logGet(43)) - raft.server.rpcslowness.timeout = 120s (custom)
2019-09-25 12:10:38,120 [pool-127-thread-1] INFO  server.RaftServerConfigKeys (ConfUtils.java:logGet(43)) - raft.server.sleep.deviation.threshold = 300 (default)
2019-09-25 12:10:38,121 [pool-127-thread-1] INFO  server.RaftServerConfigKeys (ConfUtils.java:logGet(43)) - raft.server.log.appender.install.snapshot.enabled = false (custom)
2019-09-25 12:10:38,121 [pool-127-thread-1] INFO  impl.RaftServerImpl (ServerState.java:<init>(103)) - c6fa9dcb-3f15-43b4-bafe-b7e2932cba65@group-385F8712F586: ConfigurationManager, init=-1: [c6fa9dcb-3f15-43b4-bafe-b7e2932cba65:192.168.151.73:46687], old=null, confs=<EMPTY_MAP>
2019-09-25 12:10:38,121 [pool-127-thread-1] INFO  server.RaftServerConfigKeys (ConfUtils.java:logGet(43)) - raft.server.storage.dir = [/workdir/hadoop-ozone/integration-test/target/test-dir/MiniOzoneClusterImpl-7d9c4453-492c-478b-a0e0-2871dbe18f6e/datanode-1/data/ratis] (custom)
2019-09-25 12:10:38,121 [pool-127-thread-1] INFO  storage.RaftStorageDirectory (RaftStorageDirectory.java:analyzeStorage(246)) - The storage directory /workdir/hadoop-ozone/integration-test/target/test-dir/MiniOzoneClusterImpl-7d9c4453-492c-478b-a0e0-2871dbe18f6e/datanode-1/data/ratis/b20720d0-2822-41ee-b27e-385f8712f586 does not exist. Creating ...
2019-09-25 12:10:38,142 [IPC Server handler 5 on 44687] INFO  net.NetworkTopology (NetworkTopologyImpl.java:add(111)) - Added a new node: /default-rack/672ef084-74ba-47a7-a215-7b0464967c29
2019-09-25 12:10:38,143 [IPC Server handler 5 on 44687] INFO  node.SCMNodeManager (SCMNodeManager.java:register(266)) - Registered Data node : 672ef084-74ba-47a7-a215-7b0464967c29{ip: 192.168.151.73, host: pr-hdds-1569-shd4m-3693607622, networkLocation: /default-rack, certSerialId: null}
2019-09-25 12:10:38,146 [pool-127-thread-1] INFO  storage.RaftStorageDirectory (RaftStorageDirectory.java:tryLock(328)) - Lock on /workdir/hadoop-ozone/integration-test/target/test-dir/MiniOzoneClusterImpl-7d9c4453-492c-478b-a0e0-2871dbe18f6e/datanode-1/data/ratis/b20720d0-2822-41ee-b27e-385f8712f586/in_use.lock acquired by nodename 9481@pr-hdds-1569-shd4m-3693607622
2019-09-25 12:10:38,159 [pool-127-thread-1] INFO  storage.RaftStorage (RaftStorage.java:format(72)) - Storage directory /workdir/hadoop-ozone/integration-test/target/test-dir/MiniOzoneClusterImpl-7d9c4453-492c-478b-a0e0-2871dbe18f6e/datanode-1/data/ratis/b20720d0-2822-41ee-b27e-385f8712f586 has been successfully formatted.
2019-09-25 12:10:38,159 [pool-127-thread-1] INFO  ratis.ContainerStateMachine (ContainerStateMachine.java:loadSnapshot(230)) - group-385F8712F586: The snapshot info is null. Setting the last applied indexto:(t:0, i:~)
2019-09-25 12:10:38,160 [pool-127-thread-1] INFO  server.RaftServerConfigKeys (ConfUtils.java:logGet(43)) - raft.server.notification.no-leader.timeout = 120s (custom)
2019-09-25 12:10:38,160 [pool-127-thread-1] INFO  server.RaftServerConfigKeys (ConfUtils.java:logGet(43)) - raft.server.log.use.memory = false (default)
2019-09-25 12:10:38,160 [pool-127-thread-1] INFO  server.RaftServerConfigKeys (ConfUtils.java:logGet(43)) - raft.server.log.purge.gap = 1000000 (custom)
2019-09-25 12:10:38,160 [pool-127-thread-1] INFO  server.RaftServerConfigKeys (ConfUtils.java:logGet(43)) - raft.server.log.appender.buffer.byte-limit = 33554432 (custom)
2019-09-25 12:10:38,160 [pool-127-thread-1] INFO  server.RaftServerConfigKeys (ConfUtils.java:logGet(43)) - raft.server.log.segment.size.max = 1048576 (custom)
2019-09-25 12:10:38,160 [pool-127-thread-1] INFO  server.RaftServerConfigKeys (ConfUtils.java:logGet(43)) - raft.server.log.segment.cache.num.max = 2 (custom)
2019-09-25 12:10:38,161 [pool-127-thread-1] INFO  segmented.SegmentedRaftLogWorker (SegmentedRaftLogWorker.java:<init>(172)) - new c6fa9dcb-3f15-43b4-bafe-b7e2932cba65@group-385F8712F586-SegmentedRaftLogWorker for RaftStorage:Storage Directory /workdir/hadoop-ozone/integration-test/target/test-dir/MiniOzoneClusterImpl-7d9c4453-492c-478b-a0e0-2871dbe18f6e/datanode-1/data/ratis/b20720d0-2822-41ee-b27e-385f8712f586
2019-09-25 12:10:38,163 [pool-127-thread-1] INFO  server.RaftServerConfigKeys (ConfUtils.java:logGet(43)) - raft.server.log.queue.byte-limit = 2147483647 (custom)
2019-09-25 12:10:38,163 [pool-127-thread-1] INFO  server.RaftServerConfigKeys (ConfUtils.java:logGet(43)) - raft.server.log.queue.element-limit = 1024 (custom)
2019-09-25 12:10:38,163 [pool-127-thread-1] INFO  server.RaftServerConfigKeys (ConfUtils.java:logGet(43)) - raft.server.log.segment.size.max = 1048576 (custom)
2019-09-25 12:10:38,163 [pool-127-thread-1] INFO  server.RaftServerConfigKeys (ConfUtils.java:logGet(43)) - raft.server.log.preallocated.size = 16384 (custom)
2019-09-25 12:10:38,164 [pool-127-thread-1] INFO  server.RaftServerConfigKeys (ConfUtils.java:logGet(43)) - raft.server.log.write.buffer.size = 33554432 (custom)
2019-09-25 12:10:38,164 [pool-127-thread-1] INFO  server.RaftServerConfigKeys (ConfUtils.java:logGet(43)) - raft.server.log.force.sync.num = 128 (default)
2019-09-25 12:10:38,164 [pool-127-thread-1] INFO  server.RaftServerConfigKeys (ConfUtils.java:logGet(43)) - raft.server.log.statemachine.data.sync = true (default)
2019-09-25 12:10:38,164 [pool-127-thread-1] INFO  server.RaftServerConfigKeys (ConfUtils.java:logGet(43)) - raft.server.log.statemachine.data.sync.timeout = 10s (default)
2019-09-25 12:10:38,164 [pool-127-thread-1] INFO  server.RaftServerConfigKeys (ConfUtils.java:logGet(43)) - raft.server.log.statemachine.data.sync.timeout.retry = -1 (default)
2019-09-25 12:10:38,165 [pool-127-thread-1] INFO  server.RaftServerConfigKeys (ConfUtils.java:logGet(43)) - raft.server.log.statemachine.data.caching.enabled = true (custom)
2019-09-25 12:10:38,165 [pool-127-thread-1] INFO  segmented.SegmentedRaftLogWorker (SegmentedRaftLogWorker.java:lambda$new$0(132)) - c6fa9dcb-3f15-43b4-bafe-b7e2932cba65@group-385F8712F586-SegmentedRaftLogWorker: flushIndex: setUnconditionally 0 -> -1
2019-09-25 12:10:38,165 [pool-127-thread-1] INFO  server.RaftServerConfigKeys (ConfUtils.java:logGet(43)) - raft.server.snapshot.auto.trigger.enabled = true (custom)
2019-09-25 12:10:38,165 [pool-127-thread-1] INFO  server.RaftServerConfigKeys (ConfUtils.java:logGet(43)) - raft.server.snapshot.auto.trigger.threshold = 10000 (custom)
2019-09-25 12:10:38,166 [pool-127-thread-1] INFO  server.RaftServerConfigKeys (ConfUtils.java:logGet(43)) - raft.server.snapshot.retention.num.files = 5 (custom)
2019-09-25 12:10:38,166 [pool-127-thread-1] INFO  server.RaftServerConfigKeys (ConfUtils.java:logGet(43)) - raft.server.retrycache.expirytime = 600000ms (custom)
2019-09-25 12:10:38,168 [pool-127-thread-1] INFO  impl.RaftServerImpl (RaftServerImpl.java:start(185)) - c6fa9dcb-3f15-43b4-bafe-b7e2932cba65@group-385F8712F586: start as a follower, conf=-1: [c6fa9dcb-3f15-43b4-bafe-b7e2932cba65:192.168.151.73:46687], old=null
2019-09-25 12:10:38,169 [pool-127-thread-1] INFO  impl.RaftServerImpl (RaftServerImpl.java:setRole(174)) - c6fa9dcb-3f15-43b4-bafe-b7e2932cba65@group-385F8712F586: changes role from      null to FOLLOWER at term 0 for startAsFollower
2019-09-25 12:10:38,169 [pool-127-thread-1] INFO  impl.RoleInfo (RoleInfo.java:updateAndGet(143)) - c6fa9dcb-3f15-43b4-bafe-b7e2932cba65: start FollowerState
2019-09-25 12:10:38,169 [pool-127-thread-1] INFO  util.JmxRegister (JmxRegister.java:tryRegister(44)) - Successfully registered JMX Bean with object name Ratis:service=RaftServer,group=group-385F8712F586,id=c6fa9dcb-3f15-43b4-bafe-b7e2932cba65
2019-09-25 12:10:38,172 [RatisPipelineUtilsThread] INFO  pipeline.PipelineStateManager (PipelineStateManager.java:addPipeline(56)) - Created pipeline Pipeline[ Id: b20720d0-2822-41ee-b27e-385f8712f586, Nodes: c6fa9dcb-3f15-43b4-bafe-b7e2932cba65{ip: 192.168.151.73, host: pr-hdds-1569-shd4m-3693607622, networkLocation: /default-rack, certSerialId: null}, Type:RATIS, Factor:ONE, State:OPEN]
2019-09-25 12:10:38,178 [grpc-default-executor-0] INFO  impl.RaftServerProxy (RaftServerProxy.java:addNew(89)) - c6fa9dcb-3f15-43b4-bafe-b7e2932cba65: addNew group-25800BA67197:[c6fa9dcb-3f15-43b4-bafe-b7e2932cba65:192.168.151.73:46687] returns group-25800BA67197:java.util.concurrent.CompletableFuture@723da232[Not completed]
2019-09-25 12:10:38,179 [pool-127-thread-1] INFO  impl.RaftServerImpl (RaftServerImpl.java:<init>(95)) - c6fa9dcb-3f15-43b4-bafe-b7e2932cba65: new RaftServerImpl for group-25800BA67197:[c6fa9dcb-3f15-43b4-bafe-b7e2932cba65:192.168.151.73:46687] with ContainerStateMachine:uninitialized
2019-09-25 12:10:38,179 [pool-127-thread-1] INFO  server.RaftServerConfigKeys (ConfUtils.java:logGet(43)) - raft.server.rpc.timeout.min = 5s (custom)
2019-09-25 12:10:38,180 [pool-127-thread-1] INFO  server.RaftServerConfigKeys (ConfUtils.java:logGet(43)) - raft.server.rpc.timeout.max = 5200ms (custom)
2019-09-25 12:10:38,180 [pool-127-thread-1] INFO  server.RaftServerConfigKeys (ConfUtils.java:logGet(43)) - raft.server.rpcslowness.timeout = 120s (custom)
2019-09-25 12:10:38,180 [pool-127-thread-1] INFO  server.RaftServerConfigKeys (ConfUtils.java:logGet(43)) - raft.server.sleep.deviation.threshold = 300 (default)
2019-09-25 12:10:38,180 [pool-127-thread-1] INFO  server.RaftServerConfigKeys (ConfUtils.java:logGet(43)) - raft.server.log.appender.install.snapshot.enabled = false (custom)
2019-09-25 12:10:38,180 [pool-127-thread-1] INFO  impl.RaftServerImpl (ServerState.java:<init>(103)) - c6fa9dcb-3f15-43b4-bafe-b7e2932cba65@group-25800BA67197: ConfigurationManager, init=-1: [c6fa9dcb-3f15-43b4-bafe-b7e2932cba65:192.168.151.73:46687], old=null, confs=<EMPTY_MAP>
2019-09-25 12:10:38,180 [pool-127-thread-1] INFO  server.RaftServerConfigKeys (ConfUtils.java:logGet(43)) - raft.server.storage.dir = [/workdir/hadoop-ozone/integration-test/target/test-dir/MiniOzoneClusterImpl-7d9c4453-492c-478b-a0e0-2871dbe18f6e/datanode-1/data/ratis] (custom)
2019-09-25 12:10:38,181 [pool-127-thread-1] INFO  storage.RaftStorageDirectory (RaftStorageDirectory.java:analyzeStorage(246)) - The storage directory /workdir/hadoop-ozone/integration-test/target/test-dir/MiniOzoneClusterImpl-7d9c4453-492c-478b-a0e0-2871dbe18f6e/datanode-1/data/ratis/20e853f0-53ef-4d5c-b802-25800ba67197 does not exist. Creating ...
2019-09-25 12:10:38,194 [pool-127-thread-1] INFO  storage.RaftStorageDirectory (RaftStorageDirectory.java:tryLock(328)) - Lock on /workdir/hadoop-ozone/integration-test/target/test-dir/MiniOzoneClusterImpl-7d9c4453-492c-478b-a0e0-2871dbe18f6e/datanode-1/data/ratis/20e853f0-53ef-4d5c-b802-25800ba67197/in_use.lock acquired by nodename 9481@pr-hdds-1569-shd4m-3693607622
2019-09-25 12:10:38,207 [pool-127-thread-1] INFO  storage.RaftStorage (RaftStorage.java:format(72)) - Storage directory /workdir/hadoop-ozone/integration-test/target/test-dir/MiniOzoneClusterImpl-7d9c4453-492c-478b-a0e0-2871dbe18f6e/datanode-1/data/ratis/20e853f0-53ef-4d5c-b802-25800ba67197 has been successfully formatted.
2019-09-25 12:10:38,207 [IPC Server handler 7 on 44687] INFO  net.NetworkTopology (NetworkTopologyImpl.java:add(111)) - Added a new node: /default-rack/ed9e8526-460d-4c85-81a4-c6a64f474ec5
2019-09-25 12:10:38,207 [pool-127-thread-1] INFO  ratis.ContainerStateMachine (ContainerStateMachine.java:loadSnapshot(230)) - group-25800BA67197: The snapshot info is null. Setting the last applied indexto:(t:0, i:~)
2019-09-25 12:10:38,207 [IPC Server handler 7 on 44687] INFO  node.SCMNodeManager (SCMNodeManager.java:register(266)) - Registered Data node : ed9e8526-460d-4c85-81a4-c6a64f474ec5{ip: 192.168.151.73, host: pr-hdds-1569-shd4m-3693607622, networkLocation: /default-rack, certSerialId: null}
2019-09-25 12:10:38,207 [pool-127-thread-1] INFO  server.RaftServerConfigKeys (ConfUtils.java:logGet(43)) - raft.server.notification.no-leader.timeout = 120s (custom)
2019-09-25 12:10:38,208 [pool-127-thread-1] INFO  server.RaftServerConfigKeys (ConfUtils.java:logGet(43)) - raft.server.log.use.memory = false (default)
2019-09-25 12:10:38,208 [pool-127-thread-1] INFO  server.RaftServerConfigKeys (ConfUtils.java:logGet(43)) - raft.server.log.purge.gap = 1000000 (custom)
2019-09-25 12:10:38,208 [pool-127-thread-1] INFO  server.RaftServerConfigKeys (ConfUtils.java:logGet(43)) - raft.server.log.appender.buffer.byte-limit = 33554432 (custom)
2019-09-25 12:10:38,208 [pool-127-thread-1] INFO  server.RaftServerConfigKeys (ConfUtils.java:logGet(43)) - raft.server.log.segment.size.max = 1048576 (custom)
2019-09-25 12:10:38,208 [pool-127-thread-1] INFO  server.RaftServerConfigKeys (ConfUtils.java:logGet(43)) - raft.server.log.segment.cache.num.max = 2 (custom)
2019-09-25 12:10:38,209 [pool-127-thread-1] INFO  segmented.SegmentedRaftLogWorker (SegmentedRaftLogWorker.java:<init>(172)) - new c6fa9dcb-3f15-43b4-bafe-b7e2932cba65@group-25800BA67197-SegmentedRaftLogWorker for RaftStorage:Storage Directory /workdir/hadoop-ozone/integration-test/target/test-dir/MiniOzoneClusterImpl-7d9c4453-492c-478b-a0e0-2871dbe18f6e/datanode-1/data/ratis/20e853f0-53ef-4d5c-b802-25800ba67197
2019-09-25 12:10:38,209 [pool-127-thread-1] INFO  server.RaftServerConfigKeys (ConfUtils.java:logGet(43)) - raft.server.log.queue.byte-limit = 2147483647 (custom)
2019-09-25 12:10:38,209 [pool-127-thread-1] INFO  server.RaftServerConfigKeys (ConfUtils.java:logGet(43)) - raft.server.log.queue.element-limit = 1024 (custom)
2019-09-25 12:10:38,209 [pool-127-thread-1] INFO  server.RaftServerConfigKeys (ConfUtils.java:logGet(43)) - raft.server.log.segment.size.max = 1048576 (custom)
2019-09-25 12:10:38,209 [pool-127-thread-1] INFO  server.RaftServerConfigKeys (ConfUtils.java:logGet(43)) - raft.server.log.preallocated.size = 16384 (custom)
2019-09-25 12:10:38,209 [pool-127-thread-1] INFO  server.RaftServerConfigKeys (ConfUtils.java:logGet(43)) - raft.server.log.write.buffer.size = 33554432 (custom)
2019-09-25 12:10:38,210 [pool-127-thread-1] INFO  server.RaftServerConfigKeys (ConfUtils.java:logGet(43)) - raft.server.log.force.sync.num = 128 (default)
2019-09-25 12:10:38,210 [pool-127-thread-1] INFO  server.RaftServerConfigKeys (ConfUtils.java:logGet(43)) - raft.server.log.statemachine.data.sync = true (default)
2019-09-25 12:10:38,210 [pool-127-thread-1] INFO  server.RaftServerConfigKeys (ConfUtils.java:logGet(43)) - raft.server.log.statemachine.data.sync.timeout = 10s (default)
2019-09-25 12:10:38,210 [pool-127-thread-1] INFO  server.RaftServerConfigKeys (ConfUtils.java:logGet(43)) - raft.server.log.statemachine.data.sync.timeout.retry = -1 (default)
2019-09-25 12:10:38,210 [pool-127-thread-1] INFO  server.RaftServerConfigKeys (ConfUtils.java:logGet(43)) - raft.server.log.statemachine.data.caching.enabled = true (custom)
2019-09-25 12:10:38,211 [pool-127-thread-1] INFO  segmented.SegmentedRaftLogWorker (SegmentedRaftLogWorker.java:lambda$new$0(132)) - c6fa9dcb-3f15-43b4-bafe-b7e2932cba65@group-25800BA67197-SegmentedRaftLogWorker: flushIndex: setUnconditionally 0 -> -1
2019-09-25 12:10:38,211 [pool-127-thread-1] INFO  server.RaftServerConfigKeys (ConfUtils.java:logGet(43)) - raft.server.snapshot.auto.trigger.enabled = true (custom)
2019-09-25 12:10:38,211 [pool-127-thread-1] INFO  server.RaftServerConfigKeys (ConfUtils.java:logGet(43)) - raft.server.snapshot.auto.trigger.threshold = 10000 (custom)
2019-09-25 12:10:38,211 [pool-127-thread-1] INFO  server.RaftServerConfigKeys (ConfUtils.java:logGet(43)) - raft.server.snapshot.retention.num.files = 5 (custom)
2019-09-25 12:10:38,212 [pool-127-thread-1] INFO  server.RaftServerConfigKeys (ConfUtils.java:logGet(43)) - raft.server.retrycache.expirytime = 600000ms (custom)
2019-09-25 12:10:38,214 [pool-127-thread-1] INFO  impl.RaftServerImpl (RaftServerImpl.java:start(185)) - c6fa9dcb-3f15-43b4-bafe-b7e2932cba65@group-25800BA67197: start as a follower, conf=-1: [c6fa9dcb-3f15-43b4-bafe-b7e2932cba65:192.168.151.73:46687], old=null
2019-09-25 12:10:38,214 [pool-127-thread-1] INFO  impl.RaftServerImpl (RaftServerImpl.java:setRole(174)) - c6fa9dcb-3f15-43b4-bafe-b7e2932cba65@group-25800BA67197: changes role from      null to FOLLOWER at term 0 for startAsFollower
2019-09-25 12:10:38,214 [pool-127-thread-1] INFO  impl.RoleInfo (RoleInfo.java:updateAndGet(143)) - c6fa9dcb-3f15-43b4-bafe-b7e2932cba65: start FollowerState
2019-09-25 12:10:38,215 [pool-127-thread-1] INFO  util.JmxRegister (JmxRegister.java:tryRegister(44)) - Successfully registered JMX Bean with object name Ratis:service=RaftServer,group=group-25800BA67197,id=c6fa9dcb-3f15-43b4-bafe-b7e2932cba65
2019-09-25 12:10:38,217 [RatisPipelineUtilsThread] INFO  pipeline.PipelineStateManager (PipelineStateManager.java:addPipeline(56)) - Created pipeline Pipeline[ Id: 20e853f0-53ef-4d5c-b802-25800ba67197, Nodes: c6fa9dcb-3f15-43b4-bafe-b7e2932cba65{ip: 192.168.151.73, host: pr-hdds-1569-shd4m-3693607622, networkLocation: /default-rack, certSerialId: null}, Type:RATIS, Factor:ONE, State:OPEN]
2019-09-25 12:10:38,227 [grpc-default-executor-0] INFO  impl.RaftServerProxy (RaftServerProxy.java:addNew(89)) - 672ef084-74ba-47a7-a215-7b0464967c29: addNew group-7D47F5AFD98C:[672ef084-74ba-47a7-a215-7b0464967c29:192.168.151.73:46323] returns group-7D47F5AFD98C:java.util.concurrent.CompletableFuture@48c3d849[Not completed]
2019-09-25 12:10:38,233 [pool-137-thread-1] INFO  impl.RaftServerImpl (RaftServerImpl.java:<init>(95)) - 672ef084-74ba-47a7-a215-7b0464967c29: new RaftServerImpl for group-7D47F5AFD98C:[672ef084-74ba-47a7-a215-7b0464967c29:192.168.151.73:46323] with ContainerStateMachine:uninitialized
2019-09-25 12:10:38,233 [pool-137-thread-1] INFO  server.RaftServerConfigKeys (ConfUtils.java:logGet(43)) - raft.server.rpc.timeout.min = 5s (custom)
2019-09-25 12:10:38,233 [pool-137-thread-1] INFO  server.RaftServerConfigKeys (ConfUtils.java:logGet(43)) - raft.server.rpc.timeout.max = 5200ms (custom)
2019-09-25 12:10:38,233 [pool-137-thread-1] INFO  server.RaftServerConfigKeys (ConfUtils.java:logGet(43)) - raft.server.rpcslowness.timeout = 120s (custom)
2019-09-25 12:10:38,233 [pool-137-thread-1] INFO  server.RaftServerConfigKeys (ConfUtils.java:logGet(43)) - raft.server.sleep.deviation.threshold = 300 (default)
2019-09-25 12:10:38,233 [pool-137-thread-1] INFO  server.RaftServerConfigKeys (ConfUtils.java:logGet(43)) - raft.server.log.appender.install.snapshot.enabled = false (custom)
2019-09-25 12:10:38,233 [pool-137-thread-1] INFO  impl.RaftServerImpl (ServerState.java:<init>(103)) - 672ef084-74ba-47a7-a215-7b0464967c29@group-7D47F5AFD98C: ConfigurationManager, init=-1: [672ef084-74ba-47a7-a215-7b0464967c29:192.168.151.73:46323], old=null, confs=<EMPTY_MAP>
2019-09-25 12:10:38,233 [pool-137-thread-1] INFO  server.RaftServerConfigKeys (ConfUtils.java:logGet(43)) - raft.server.storage.dir = [/workdir/hadoop-ozone/integration-test/target/test-dir/MiniOzoneClusterImpl-7d9c4453-492c-478b-a0e0-2871dbe18f6e/datanode-2/data/ratis] (custom)
2019-09-25 12:10:38,234 [pool-137-thread-1] INFO  storage.RaftStorageDirectory (RaftStorageDirectory.java:analyzeStorage(246)) - The storage directory /workdir/hadoop-ozone/integration-test/target/test-dir/MiniOzoneClusterImpl-7d9c4453-492c-478b-a0e0-2871dbe18f6e/datanode-2/data/ratis/e0fe81e6-aff5-4c13-ab2e-7d47f5afd98c does not exist. Creating ...
2019-09-25 12:10:38,246 [pool-137-thread-1] INFO  storage.RaftStorageDirectory (RaftStorageDirectory.java:tryLock(328)) - Lock on /workdir/hadoop-ozone/integration-test/target/test-dir/MiniOzoneClusterImpl-7d9c4453-492c-478b-a0e0-2871dbe18f6e/datanode-2/data/ratis/e0fe81e6-aff5-4c13-ab2e-7d47f5afd98c/in_use.lock acquired by nodename 9481@pr-hdds-1569-shd4m-3693607622
2019-09-25 12:10:38,259 [pool-137-thread-1] INFO  storage.RaftStorage (RaftStorage.java:format(72)) - Storage directory /workdir/hadoop-ozone/integration-test/target/test-dir/MiniOzoneClusterImpl-7d9c4453-492c-478b-a0e0-2871dbe18f6e/datanode-2/data/ratis/e0fe81e6-aff5-4c13-ab2e-7d47f5afd98c has been successfully formatted.
2019-09-25 12:10:38,259 [pool-137-thread-1] INFO  ratis.ContainerStateMachine (ContainerStateMachine.java:loadSnapshot(230)) - group-7D47F5AFD98C: The snapshot info is null. Setting the last applied indexto:(t:0, i:~)
2019-09-25 12:10:38,259 [pool-137-thread-1] INFO  server.RaftServerConfigKeys (ConfUtils.java:logGet(43)) - raft.server.notification.no-leader.timeout = 120s (custom)
2019-09-25 12:10:38,259 [pool-137-thread-1] INFO  server.RaftServerConfigKeys (ConfUtils.java:logGet(43)) - raft.server.log.use.memory = false (default)
2019-09-25 12:10:38,260 [pool-137-thread-1] INFO  server.RaftServerConfigKeys (ConfUtils.java:logGet(43)) - raft.server.log.purge.gap = 1000000 (custom)
2019-09-25 12:10:38,260 [pool-137-thread-1] INFO  server.RaftServerConfigKeys (ConfUtils.java:logGet(43)) - raft.server.log.appender.buffer.byte-limit = 33554432 (custom)
2019-09-25 12:10:38,260 [pool-137-thread-1] INFO  server.RaftServerConfigKeys (ConfUtils.java:logGet(43)) - raft.server.log.segment.size.max = 1048576 (custom)
2019-09-25 12:10:38,260 [pool-137-thread-1] INFO  server.RaftServerConfigKeys (ConfUtils.java:logGet(43)) - raft.server.log.segment.cache.num.max = 2 (custom)
2019-09-25 12:10:38,260 [pool-137-thread-1] INFO  segmented.SegmentedRaftLogWorker (SegmentedRaftLogWorker.java:<init>(172)) - new 672ef084-74ba-47a7-a215-7b0464967c29@group-7D47F5AFD98C-SegmentedRaftLogWorker for RaftStorage:Storage Directory /workdir/hadoop-ozone/integration-test/target/test-dir/MiniOzoneClusterImpl-7d9c4453-492c-478b-a0e0-2871dbe18f6e/datanode-2/data/ratis/e0fe81e6-aff5-4c13-ab2e-7d47f5afd98c
2019-09-25 12:10:38,262 [pool-137-thread-1] INFO  server.RaftServerConfigKeys (ConfUtils.java:logGet(43)) - raft.server.log.queue.byte-limit = 2147483647 (custom)
2019-09-25 12:10:38,262 [pool-137-thread-1] INFO  server.RaftServerConfigKeys (ConfUtils.java:logGet(43)) - raft.server.log.queue.element-limit = 1024 (custom)
2019-09-25 12:10:38,263 [pool-137-thread-1] INFO  server.RaftServerConfigKeys (ConfUtils.java:logGet(43)) - raft.server.log.segment.size.max = 1048576 (custom)
2019-09-25 12:10:38,263 [pool-137-thread-1] INFO  server.RaftServerConfigKeys (ConfUtils.java:logGet(43)) - raft.server.log.preallocated.size = 16384 (custom)
2019-09-25 12:10:38,263 [pool-137-thread-1] INFO  server.RaftServerConfigKeys (ConfUtils.java:logGet(43)) - raft.server.log.write.buffer.size = 33554432 (custom)
2019-09-25 12:10:38,263 [pool-137-thread-1] INFO  server.RaftServerConfigKeys (ConfUtils.java:logGet(43)) - raft.server.log.force.sync.num = 128 (default)
2019-09-25 12:10:38,263 [pool-137-thread-1] INFO  server.RaftServerConfigKeys (ConfUtils.java:logGet(43)) - raft.server.log.statemachine.data.sync = true (default)
2019-09-25 12:10:38,263 [pool-137-thread-1] INFO  server.RaftServerConfigKeys (ConfUtils.java:logGet(43)) - raft.server.log.statemachine.data.sync.timeout = 10s (default)
2019-09-25 12:10:38,263 [pool-137-thread-1] INFO  server.RaftServerConfigKeys (ConfUtils.java:logGet(43)) - raft.server.log.statemachine.data.sync.timeout.retry = -1 (default)
2019-09-25 12:10:38,264 [pool-137-thread-1] INFO  server.RaftServerConfigKeys (ConfUtils.java:logGet(43)) - raft.server.log.statemachine.data.caching.enabled = true (custom)
2019-09-25 12:10:38,264 [pool-137-thread-1] INFO  segmented.SegmentedRaftLogWorker (SegmentedRaftLogWorker.java:lambda$new$0(132)) - 672ef084-74ba-47a7-a215-7b0464967c29@group-7D47F5AFD98C-SegmentedRaftLogWorker: flushIndex: setUnconditionally 0 -> -1
2019-09-25 12:10:38,264 [pool-137-thread-1] INFO  server.RaftServerConfigKeys (ConfUtils.java:logGet(43)) - raft.server.snapshot.auto.trigger.enabled = true (custom)
2019-09-25 12:10:38,264 [pool-137-thread-1] INFO  server.RaftServerConfigKeys (ConfUtils.java:logGet(43)) - raft.server.snapshot.auto.trigger.threshold = 10000 (custom)
2019-09-25 12:10:38,264 [pool-137-thread-1] INFO  server.RaftServerConfigKeys (ConfUtils.java:logGet(43)) - raft.server.snapshot.retention.num.files = 5 (custom)
2019-09-25 12:10:38,265 [pool-137-thread-1] INFO  server.RaftServerConfigKeys (ConfUtils.java:logGet(43)) - raft.server.retrycache.expirytime = 600000ms (custom)
2019-09-25 12:10:38,266 [pool-137-thread-1] INFO  impl.RaftServerImpl (RaftServerImpl.java:start(185)) - 672ef084-74ba-47a7-a215-7b0464967c29@group-7D47F5AFD98C: start as a follower, conf=-1: [672ef084-74ba-47a7-a215-7b0464967c29:192.168.151.73:46323], old=null
2019-09-25 12:10:38,267 [pool-137-thread-1] INFO  impl.RaftServerImpl (RaftServerImpl.java:setRole(174)) - 672ef084-74ba-47a7-a215-7b0464967c29@group-7D47F5AFD98C: changes role from      null to FOLLOWER at term 0 for startAsFollower
2019-09-25 12:10:38,267 [pool-137-thread-1] INFO  impl.RoleInfo (RoleInfo.java:updateAndGet(143)) - 672ef084-74ba-47a7-a215-7b0464967c29: start FollowerState
2019-09-25 12:10:38,267 [pool-137-thread-1] INFO  util.JmxRegister (JmxRegister.java:tryRegister(44)) - Successfully registered JMX Bean with object name Ratis:service=RaftServer,group=group-7D47F5AFD98C,id=672ef084-74ba-47a7-a215-7b0464967c29
2019-09-25 12:10:38,270 [RatisPipelineUtilsThread] INFO  pipeline.PipelineStateManager (PipelineStateManager.java:addPipeline(56)) - Created pipeline Pipeline[ Id: e0fe81e6-aff5-4c13-ab2e-7d47f5afd98c, Nodes: 672ef084-74ba-47a7-a215-7b0464967c29{ip: 192.168.151.73, host: pr-hdds-1569-shd4m-3693607622, networkLocation: /default-rack, certSerialId: null}, Type:RATIS, Factor:ONE, State:OPEN]
2019-09-25 12:10:38,275 [grpc-default-executor-0] INFO  impl.RaftServerProxy (RaftServerProxy.java:addNew(89)) - c6fa9dcb-3f15-43b4-bafe-b7e2932cba65: addNew group-8189532C6E21:[c6fa9dcb-3f15-43b4-bafe-b7e2932cba65:192.168.151.73:46687] returns group-8189532C6E21:java.util.concurrent.CompletableFuture@2c240d5[Not completed]
2019-09-25 12:10:38,276 [IPC Server handler 0 on 44687] INFO  net.NetworkTopology (NetworkTopologyImpl.java:add(111)) - Added a new node: /default-rack/80deecc8-67d2-4886-a269-aab5f88a17c2
2019-09-25 12:10:38,277 [IPC Server handler 0 on 44687] INFO  node.SCMNodeManager (SCMNodeManager.java:register(266)) - Registered Data node : 80deecc8-67d2-4886-a269-aab5f88a17c2{ip: 192.168.151.73, host: pr-hdds-1569-shd4m-3693607622, networkLocation: /default-rack, certSerialId: null}
2019-09-25 12:10:38,277 [pool-127-thread-1] INFO  impl.RaftServerImpl (RaftServerImpl.java:<init>(95)) - c6fa9dcb-3f15-43b4-bafe-b7e2932cba65: new RaftServerImpl for group-8189532C6E21:[c6fa9dcb-3f15-43b4-bafe-b7e2932cba65:192.168.151.73:46687] with ContainerStateMachine:uninitialized
2019-09-25 12:10:38,277 [pool-127-thread-1] INFO  server.RaftServerConfigKeys (ConfUtils.java:logGet(43)) - raft.server.rpc.timeout.min = 5s (custom)
2019-09-25 12:10:38,278 [pool-127-thread-1] INFO  server.RaftServerConfigKeys (ConfUtils.java:logGet(43)) - raft.server.rpc.timeout.max = 5200ms (custom)
2019-09-25 12:10:38,278 [pool-127-thread-1] INFO  server.RaftServerConfigKeys (ConfUtils.java:logGet(43)) - raft.server.rpcslowness.timeout = 120s (custom)
2019-09-25 12:10:38,278 [pool-127-thread-1] INFO  server.RaftServerConfigKeys (ConfUtils.java:logGet(43)) - raft.server.sleep.deviation.threshold = 300 (default)
2019-09-25 12:10:38,278 [pool-127-thread-1] INFO  server.RaftServerConfigKeys (ConfUtils.java:logGet(43)) - raft.server.log.appender.install.snapshot.enabled = false (custom)
2019-09-25 12:10:38,278 [pool-127-thread-1] INFO  impl.RaftServerImpl (ServerState.java:<init>(103)) - c6fa9dcb-3f15-43b4-bafe-b7e2932cba65@group-8189532C6E21: ConfigurationManager, init=-1: [c6fa9dcb-3f15-43b4-bafe-b7e2932cba65:192.168.151.73:46687], old=null, confs=<EMPTY_MAP>
2019-09-25 12:10:38,278 [pool-127-thread-1] INFO  server.RaftServerConfigKeys (ConfUtils.java:logGet(43)) - raft.server.storage.dir = [/workdir/hadoop-ozone/integration-test/target/test-dir/MiniOzoneClusterImpl-7d9c4453-492c-478b-a0e0-2871dbe18f6e/datanode-1/data/ratis] (custom)
2019-09-25 12:10:38,279 [pool-127-thread-1] INFO  storage.RaftStorageDirectory (RaftStorageDirectory.java:analyzeStorage(246)) - The storage directory /workdir/hadoop-ozone/integration-test/target/test-dir/MiniOzoneClusterImpl-7d9c4453-492c-478b-a0e0-2871dbe18f6e/datanode-1/data/ratis/aa1ff222-e120-406c-9289-8189532c6e21 does not exist. Creating ...
2019-09-25 12:10:38,291 [pool-127-thread-1] INFO  storage.RaftStorageDirectory (RaftStorageDirectory.java:tryLock(328)) - Lock on /workdir/hadoop-ozone/integration-test/target/test-dir/MiniOzoneClusterImpl-7d9c4453-492c-478b-a0e0-2871dbe18f6e/datanode-1/data/ratis/aa1ff222-e120-406c-9289-8189532c6e21/in_use.lock acquired by nodename 9481@pr-hdds-1569-shd4m-3693607622
2019-09-25 12:10:38,303 [pool-127-thread-1] INFO  storage.RaftStorage (RaftStorage.java:format(72)) - Storage directory /workdir/hadoop-ozone/integration-test/target/test-dir/MiniOzoneClusterImpl-7d9c4453-492c-478b-a0e0-2871dbe18f6e/datanode-1/data/ratis/aa1ff222-e120-406c-9289-8189532c6e21 has been successfully formatted.
2019-09-25 12:10:38,303 [pool-127-thread-1] INFO  ratis.ContainerStateMachine (ContainerStateMachine.java:loadSnapshot(230)) - group-8189532C6E21: The snapshot info is null. Setting the last applied indexto:(t:0, i:~)
2019-09-25 12:10:38,303 [pool-127-thread-1] INFO  server.RaftServerConfigKeys (ConfUtils.java:logGet(43)) - raft.server.notification.no-leader.timeout = 120s (custom)
2019-09-25 12:10:38,304 [pool-127-thread-1] INFO  server.RaftServerConfigKeys (ConfUtils.java:logGet(43)) - raft.server.log.use.memory = false (default)
2019-09-25 12:10:38,304 [pool-127-thread-1] INFO  server.RaftServerConfigKeys (ConfUtils.java:logGet(43)) - raft.server.log.purge.gap = 1000000 (custom)
2019-09-25 12:10:38,304 [pool-127-thread-1] INFO  server.RaftServerConfigKeys (ConfUtils.java:logGet(43)) - raft.server.log.appender.buffer.byte-limit = 33554432 (custom)
2019-09-25 12:10:38,304 [pool-127-thread-1] INFO  server.RaftServerConfigKeys (ConfUtils.java:logGet(43)) - raft.server.log.segment.size.max = 1048576 (custom)
2019-09-25 12:10:38,304 [pool-127-thread-1] INFO  server.RaftServerConfigKeys (ConfUtils.java:logGet(43)) - raft.server.log.segment.cache.num.max = 2 (custom)
2019-09-25 12:10:38,304 [pool-127-thread-1] INFO  segmented.SegmentedRaftLogWorker (SegmentedRaftLogWorker.java:<init>(172)) - new c6fa9dcb-3f15-43b4-bafe-b7e2932cba65@group-8189532C6E21-SegmentedRaftLogWorker for RaftStorage:Storage Directory /workdir/hadoop-ozone/integration-test/target/test-dir/MiniOzoneClusterImpl-7d9c4453-492c-478b-a0e0-2871dbe18f6e/datanode-1/data/ratis/aa1ff222-e120-406c-9289-8189532c6e21
2019-09-25 12:10:38,305 [pool-127-thread-1] INFO  server.RaftServerConfigKeys (ConfUtils.java:logGet(43)) - raft.server.log.queue.byte-limit = 2147483647 (custom)
2019-09-25 12:10:38,305 [pool-127-thread-1] INFO  server.RaftServerConfigKeys (ConfUtils.java:logGet(43)) - raft.server.log.queue.element-limit = 1024 (custom)
2019-09-25 12:10:38,305 [pool-127-thread-1] INFO  server.RaftServerConfigKeys (ConfUtils.java:logGet(43)) - raft.server.log.segment.size.max = 1048576 (custom)
2019-09-25 12:10:38,305 [pool-127-thread-1] INFO  server.RaftServerConfigKeys (ConfUtils.java:logGet(43)) - raft.server.log.preallocated.size = 16384 (custom)
2019-09-25 12:10:38,305 [pool-127-thread-1] INFO  server.RaftServerConfigKeys (ConfUtils.java:logGet(43)) - raft.server.log.write.buffer.size = 33554432 (custom)
2019-09-25 12:10:38,305 [pool-127-thread-1] INFO  server.RaftServerConfigKeys (ConfUtils.java:logGet(43)) - raft.server.log.force.sync.num = 128 (default)
2019-09-25 12:10:38,306 [pool-127-thread-1] INFO  server.RaftServerConfigKeys (ConfUtils.java:logGet(43)) - raft.server.log.statemachine.data.sync = true (default)
2019-09-25 12:10:38,306 [pool-127-thread-1] INFO  server.RaftServerConfigKeys (ConfUtils.java:logGet(43)) - raft.server.log.statemachine.data.sync.timeout = 10s (default)
2019-09-25 12:10:38,306 [pool-127-thread-1] INFO  server.RaftServerConfigKeys (ConfUtils.java:logGet(43)) - raft.server.log.statemachine.data.sync.timeout.retry = -1 (default)
2019-09-25 12:10:38,306 [pool-127-thread-1] INFO  server.RaftServerConfigKeys (ConfUtils.java:logGet(43)) - raft.server.log.statemachine.data.caching.enabled = true (custom)
2019-09-25 12:10:38,306 [pool-127-thread-1] INFO  segmented.SegmentedRaftLogWorker (SegmentedRaftLogWorker.java:lambda$new$0(132)) - c6fa9dcb-3f15-43b4-bafe-b7e2932cba65@group-8189532C6E21-SegmentedRaftLogWorker: flushIndex: setUnconditionally 0 -> -1
2019-09-25 12:10:38,307 [pool-127-thread-1] INFO  server.RaftServerConfigKeys (ConfUtils.java:logGet(43)) - raft.server.snapshot.auto.trigger.enabled = true (custom)
2019-09-25 12:10:38,307 [pool-127-thread-1] INFO  server.RaftServerConfigKeys (ConfUtils.java:logGet(43)) - raft.server.snapshot.auto.trigger.threshold = 10000 (custom)
2019-09-25 12:10:38,307 [pool-127-thread-1] INFO  server.RaftServerConfigKeys (ConfUtils.java:logGet(43)) - raft.server.snapshot.retention.num.files = 5 (custom)
2019-09-25 12:10:38,307 [pool-127-thread-1] INFO  server.RaftServerConfigKeys (ConfUtils.java:logGet(43)) - raft.server.retrycache.expirytime = 600000ms (custom)
2019-09-25 12:10:38,310 [pool-127-thread-1] INFO  impl.RaftServerImpl (RaftServerImpl.java:start(185)) - c6fa9dcb-3f15-43b4-bafe-b7e2932cba65@group-8189532C6E21: start as a follower, conf=-1: [c6fa9dcb-3f15-43b4-bafe-b7e2932cba65:192.168.151.73:46687], old=null
2019-09-25 12:10:38,310 [pool-127-thread-1] INFO  impl.RaftServerImpl (RaftServerImpl.java:setRole(174)) - c6fa9dcb-3f15-43b4-bafe-b7e2932cba65@group-8189532C6E21: changes role from      null to FOLLOWER at term 0 for startAsFollower
2019-09-25 12:10:38,310 [pool-127-thread-1] INFO  impl.RoleInfo (RoleInfo.java:updateAndGet(143)) - c6fa9dcb-3f15-43b4-bafe-b7e2932cba65: start FollowerState
2019-09-25 12:10:38,310 [pool-127-thread-1] INFO  util.JmxRegister (JmxRegister.java:tryRegister(44)) - Successfully registered JMX Bean with object name Ratis:service=RaftServer,group=group-8189532C6E21,id=c6fa9dcb-3f15-43b4-bafe-b7e2932cba65
2019-09-25 12:10:38,313 [RatisPipelineUtilsThread] INFO  pipeline.PipelineStateManager (PipelineStateManager.java:addPipeline(56)) - Created pipeline Pipeline[ Id: aa1ff222-e120-406c-9289-8189532c6e21, Nodes: c6fa9dcb-3f15-43b4-bafe-b7e2932cba65{ip: 192.168.151.73, host: pr-hdds-1569-shd4m-3693607622, networkLocation: /default-rack, certSerialId: null}, Type:RATIS, Factor:ONE, State:OPEN]
2019-09-25 12:10:38,319 [grpc-default-executor-0] INFO  impl.RaftServerProxy (RaftServerProxy.java:addNew(89)) - 672ef084-74ba-47a7-a215-7b0464967c29: addNew group-36F5C8162F17:[672ef084-74ba-47a7-a215-7b0464967c29:192.168.151.73:46323] returns group-36F5C8162F17:java.util.concurrent.CompletableFuture@4bf87bb3[Not completed]
2019-09-25 12:10:38,320 [pool-137-thread-1] INFO  impl.RaftServerImpl (RaftServerImpl.java:<init>(95)) - 672ef084-74ba-47a7-a215-7b0464967c29: new RaftServerImpl for group-36F5C8162F17:[672ef084-74ba-47a7-a215-7b0464967c29:192.168.151.73:46323] with ContainerStateMachine:uninitialized
2019-09-25 12:10:38,320 [pool-137-thread-1] INFO  server.RaftServerConfigKeys (ConfUtils.java:logGet(43)) - raft.server.rpc.timeout.min = 5s (custom)
2019-09-25 12:10:38,320 [pool-137-thread-1] INFO  server.RaftServerConfigKeys (ConfUtils.java:logGet(43)) - raft.server.rpc.timeout.max = 5200ms (custom)
2019-09-25 12:10:38,320 [pool-137-thread-1] INFO  server.RaftServerConfigKeys (ConfUtils.java:logGet(43)) - raft.server.rpcslowness.timeout = 120s (custom)
2019-09-25 12:10:38,320 [pool-137-thread-1] INFO  server.RaftServerConfigKeys (ConfUtils.java:logGet(43)) - raft.server.sleep.deviation.threshold = 300 (default)
2019-09-25 12:10:38,321 [pool-137-thread-1] INFO  server.RaftServerConfigKeys (ConfUtils.java:logGet(43)) - raft.server.log.appender.install.snapshot.enabled = false (custom)
2019-09-25 12:10:38,321 [pool-137-thread-1] INFO  impl.RaftServerImpl (ServerState.java:<init>(103)) - 672ef084-74ba-47a7-a215-7b0464967c29@group-36F5C8162F17: ConfigurationManager, init=-1: [672ef084-74ba-47a7-a215-7b0464967c29:192.168.151.73:46323], old=null, confs=<EMPTY_MAP>
2019-09-25 12:10:38,321 [pool-137-thread-1] INFO  server.RaftServerConfigKeys (ConfUtils.java:logGet(43)) - raft.server.storage.dir = [/workdir/hadoop-ozone/integration-test/target/test-dir/MiniOzoneClusterImpl-7d9c4453-492c-478b-a0e0-2871dbe18f6e/datanode-2/data/ratis] (custom)
2019-09-25 12:10:38,321 [pool-137-thread-1] INFO  storage.RaftStorageDirectory (RaftStorageDirectory.java:analyzeStorage(246)) - The storage directory /workdir/hadoop-ozone/integration-test/target/test-dir/MiniOzoneClusterImpl-7d9c4453-492c-478b-a0e0-2871dbe18f6e/datanode-2/data/ratis/51abcbcb-b009-4a59-b600-36f5c8162f17 does not exist. Creating ...
2019-09-25 12:10:38,333 [pool-137-thread-1] INFO  storage.RaftStorageDirectory (RaftStorageDirectory.java:tryLock(328)) - Lock on /workdir/hadoop-ozone/integration-test/target/test-dir/MiniOzoneClusterImpl-7d9c4453-492c-478b-a0e0-2871dbe18f6e/datanode-2/data/ratis/51abcbcb-b009-4a59-b600-36f5c8162f17/in_use.lock acquired by nodename 9481@pr-hdds-1569-shd4m-3693607622
2019-09-25 12:10:38,342 [IPC Server handler 2 on 44687] INFO  net.NetworkTopology (NetworkTopologyImpl.java:add(111)) - Added a new node: /default-rack/b0d03c9b-af36-4ed0-8381-e873bbd9be0f
2019-09-25 12:10:38,342 [IPC Server handler 2 on 44687] INFO  node.SCMNodeManager (SCMNodeManager.java:register(266)) - Registered Data node : b0d03c9b-af36-4ed0-8381-e873bbd9be0f{ip: 192.168.151.73, host: pr-hdds-1569-shd4m-3693607622, networkLocation: /default-rack, certSerialId: null}
2019-09-25 12:10:38,360 [pool-137-thread-1] INFO  storage.RaftStorage (RaftStorage.java:format(72)) - Storage directory /workdir/hadoop-ozone/integration-test/target/test-dir/MiniOzoneClusterImpl-7d9c4453-492c-478b-a0e0-2871dbe18f6e/datanode-2/data/ratis/51abcbcb-b009-4a59-b600-36f5c8162f17 has been successfully formatted.
2019-09-25 12:10:38,360 [pool-137-thread-1] INFO  ratis.ContainerStateMachine (ContainerStateMachine.java:loadSnapshot(230)) - group-36F5C8162F17: The snapshot info is null. Setting the last applied indexto:(t:0, i:~)
2019-09-25 12:10:38,360 [pool-137-thread-1] INFO  server.RaftServerConfigKeys (ConfUtils.java:logGet(43)) - raft.server.notification.no-leader.timeout = 120s (custom)
2019-09-25 12:10:38,361 [pool-137-thread-1] INFO  server.RaftServerConfigKeys (ConfUtils.java:logGet(43)) - raft.server.log.use.memory = false (default)
2019-09-25 12:10:38,361 [pool-137-thread-1] INFO  server.RaftServerConfigKeys (ConfUtils.java:logGet(43)) - raft.server.log.purge.gap = 1000000 (custom)
2019-09-25 12:10:38,361 [pool-137-thread-1] INFO  server.RaftServerConfigKeys (ConfUtils.java:logGet(43)) - raft.server.log.appender.buffer.byte-limit = 33554432 (custom)
2019-09-25 12:10:38,361 [pool-137-thread-1] INFO  server.RaftServerConfigKeys (ConfUtils.java:logGet(43)) - raft.server.log.segment.size.max = 1048576 (custom)
2019-09-25 12:10:38,361 [pool-137-thread-1] INFO  server.RaftServerConfigKeys (ConfUtils.java:logGet(43)) - raft.server.log.segment.cache.num.max = 2 (custom)
2019-09-25 12:10:38,361 [pool-137-thread-1] INFO  segmented.SegmentedRaftLogWorker (SegmentedRaftLogWorker.java:<init>(172)) - new 672ef084-74ba-47a7-a215-7b0464967c29@group-36F5C8162F17-SegmentedRaftLogWorker for RaftStorage:Storage Directory /workdir/hadoop-ozone/integration-test/target/test-dir/MiniOzoneClusterImpl-7d9c4453-492c-478b-a0e0-2871dbe18f6e/datanode-2/data/ratis/51abcbcb-b009-4a59-b600-36f5c8162f17
2019-09-25 12:10:38,362 [pool-137-thread-1] INFO  server.RaftServerConfigKeys (ConfUtils.java:logGet(43)) - raft.server.log.queue.byte-limit = 2147483647 (custom)
2019-09-25 12:10:38,362 [pool-137-thread-1] INFO  server.RaftServerConfigKeys (ConfUtils.java:logGet(43)) - raft.server.log.queue.element-limit = 1024 (custom)
2019-09-25 12:10:38,362 [pool-137-thread-1] INFO  server.RaftServerConfigKeys (ConfUtils.java:logGet(43)) - raft.server.log.segment.size.max = 1048576 (custom)
2019-09-25 12:10:38,362 [pool-137-thread-1] INFO  server.RaftServerConfigKeys (ConfUtils.java:logGet(43)) - raft.server.log.preallocated.size = 16384 (custom)
2019-09-25 12:10:38,362 [pool-137-thread-1] INFO  server.RaftServerConfigKeys (ConfUtils.java:logGet(43)) - raft.server.log.write.buffer.size = 33554432 (custom)
2019-09-25 12:10:38,362 [pool-137-thread-1] INFO  server.RaftServerConfigKeys (ConfUtils.java:logGet(43)) - raft.server.log.force.sync.num = 128 (default)
2019-09-25 12:10:38,362 [pool-137-thread-1] INFO  server.RaftServerConfigKeys (ConfUtils.java:logGet(43)) - raft.server.log.statemachine.data.sync = true (default)
2019-09-25 12:10:38,363 [pool-137-thread-1] INFO  server.RaftServerConfigKeys (ConfUtils.java:logGet(43)) - raft.server.log.statemachine.data.sync.timeout = 10s (default)
2019-09-25 12:10:38,363 [pool-137-thread-1] INFO  server.RaftServerConfigKeys (ConfUtils.java:logGet(43)) - raft.server.log.statemachine.data.sync.timeout.retry = -1 (default)
2019-09-25 12:10:38,363 [pool-137-thread-1] INFO  server.RaftServerConfigKeys (ConfUtils.java:logGet(43)) - raft.server.log.statemachine.data.caching.enabled = true (custom)
2019-09-25 12:10:38,363 [pool-137-thread-1] INFO  segmented.SegmentedRaftLogWorker (SegmentedRaftLogWorker.java:lambda$new$0(132)) - 672ef084-74ba-47a7-a215-7b0464967c29@group-36F5C8162F17-SegmentedRaftLogWorker: flushIndex: setUnconditionally 0 -> -1
2019-09-25 12:10:38,364 [pool-137-thread-1] INFO  server.RaftServerConfigKeys (ConfUtils.java:logGet(43)) - raft.server.snapshot.auto.trigger.enabled = true (custom)
2019-09-25 12:10:38,364 [pool-137-thread-1] INFO  server.RaftServerConfigKeys (ConfUtils.java:logGet(43)) - raft.server.snapshot.auto.trigger.threshold = 10000 (custom)
2019-09-25 12:10:38,364 [pool-137-thread-1] INFO  server.RaftServerConfigKeys (ConfUtils.java:logGet(43)) - raft.server.snapshot.retention.num.files = 5 (custom)
2019-09-25 12:10:38,364 [pool-137-thread-1] INFO  server.RaftServerConfigKeys (ConfUtils.java:logGet(43)) - raft.server.retrycache.expirytime = 600000ms (custom)
2019-09-25 12:10:38,367 [pool-137-thread-1] INFO  impl.RaftServerImpl (RaftServerImpl.java:start(185)) - 672ef084-74ba-47a7-a215-7b0464967c29@group-36F5C8162F17: start as a follower, conf=-1: [672ef084-74ba-47a7-a215-7b0464967c29:192.168.151.73:46323], old=null
2019-09-25 12:10:38,367 [pool-137-thread-1] INFO  impl.RaftServerImpl (RaftServerImpl.java:setRole(174)) - 672ef084-74ba-47a7-a215-7b0464967c29@group-36F5C8162F17: changes role from      null to FOLLOWER at term 0 for startAsFollower
2019-09-25 12:10:38,367 [pool-137-thread-1] INFO  impl.RoleInfo (RoleInfo.java:updateAndGet(143)) - 672ef084-74ba-47a7-a215-7b0464967c29: start FollowerState
2019-09-25 12:10:38,368 [pool-137-thread-1] INFO  util.JmxRegister (JmxRegister.java:tryRegister(44)) - Successfully registered JMX Bean with object name Ratis:service=RaftServer,group=group-36F5C8162F17,id=672ef084-74ba-47a7-a215-7b0464967c29
2019-09-25 12:10:38,370 [RatisPipelineUtilsThread] INFO  pipeline.PipelineStateManager (PipelineStateManager.java:addPipeline(56)) - Created pipeline Pipeline[ Id: 51abcbcb-b009-4a59-b600-36f5c8162f17, Nodes: 672ef084-74ba-47a7-a215-7b0464967c29{ip: 192.168.151.73, host: pr-hdds-1569-shd4m-3693607622, networkLocation: /default-rack, certSerialId: null}, Type:RATIS, Factor:ONE, State:OPEN]
2019-09-25 12:10:38,376 [grpc-default-executor-0] INFO  impl.RaftServerProxy (RaftServerProxy.java:addNew(89)) - 06c06a68-4e48-447d-bb45-a3dc0e88cff1: addNew group-B3FCE94EBA28:[06c06a68-4e48-447d-bb45-a3dc0e88cff1:192.168.151.73:34720] returns group-B3FCE94EBA28:java.util.concurrent.CompletableFuture@af790a3[Not completed]
2019-09-25 12:10:38,378 [pool-117-thread-1] INFO  impl.RaftServerImpl (RaftServerImpl.java:<init>(95)) - 06c06a68-4e48-447d-bb45-a3dc0e88cff1: new RaftServerImpl for group-B3FCE94EBA28:[06c06a68-4e48-447d-bb45-a3dc0e88cff1:192.168.151.73:34720] with ContainerStateMachine:uninitialized
2019-09-25 12:10:38,378 [pool-117-thread-1] INFO  server.RaftServerConfigKeys (ConfUtils.java:logGet(43)) - raft.server.rpc.timeout.min = 5s (custom)
2019-09-25 12:10:38,378 [pool-117-thread-1] INFO  server.RaftServerConfigKeys (ConfUtils.java:logGet(43)) - raft.server.rpc.timeout.max = 5200ms (custom)
2019-09-25 12:10:38,378 [pool-117-thread-1] INFO  server.RaftServerConfigKeys (ConfUtils.java:logGet(43)) - raft.server.rpcslowness.timeout = 120s (custom)
2019-09-25 12:10:38,378 [pool-117-thread-1] INFO  server.RaftServerConfigKeys (ConfUtils.java:logGet(43)) - raft.server.sleep.deviation.threshold = 300 (default)
2019-09-25 12:10:38,378 [pool-117-thread-1] INFO  server.RaftServerConfigKeys (ConfUtils.java:logGet(43)) - raft.server.log.appender.install.snapshot.enabled = false (custom)
2019-09-25 12:10:38,378 [pool-117-thread-1] INFO  impl.RaftServerImpl (ServerState.java:<init>(103)) - 06c06a68-4e48-447d-bb45-a3dc0e88cff1@group-B3FCE94EBA28: ConfigurationManager, init=-1: [06c06a68-4e48-447d-bb45-a3dc0e88cff1:192.168.151.73:34720], old=null, confs=<EMPTY_MAP>
2019-09-25 12:10:38,379 [pool-117-thread-1] INFO  server.RaftServerConfigKeys (ConfUtils.java:logGet(43)) - raft.server.storage.dir = [/workdir/hadoop-ozone/integration-test/target/test-dir/MiniOzoneClusterImpl-7d9c4453-492c-478b-a0e0-2871dbe18f6e/datanode-0/data/ratis] (custom)
2019-09-25 12:10:38,379 [pool-117-thread-1] INFO  storage.RaftStorageDirectory (RaftStorageDirectory.java:analyzeStorage(246)) - The storage directory /workdir/hadoop-ozone/integration-test/target/test-dir/MiniOzoneClusterImpl-7d9c4453-492c-478b-a0e0-2871dbe18f6e/datanode-0/data/ratis/4d7a42bf-6e07-4bb5-8178-b3fce94eba28 does not exist. Creating ...
2019-09-25 12:10:38,393 [pool-117-thread-1] INFO  storage.RaftStorageDirectory (RaftStorageDirectory.java:tryLock(328)) - Lock on /workdir/hadoop-ozone/integration-test/target/test-dir/MiniOzoneClusterImpl-7d9c4453-492c-478b-a0e0-2871dbe18f6e/datanode-0/data/ratis/4d7a42bf-6e07-4bb5-8178-b3fce94eba28/in_use.lock acquired by nodename 9481@pr-hdds-1569-shd4m-3693607622
2019-09-25 12:10:38,404 [main] INFO  ozone.MiniOzoneClusterImpl (MiniOzoneClusterImpl.java:lambda$waitForClusterToBeReady$0(147)) - Waiting for cluster to be ready. Got 6 of 7 DN Heartbeats.
2019-09-25 12:10:38,405 [IPC Server handler 3 on 44687] INFO  net.NetworkTopology (NetworkTopologyImpl.java:add(111)) - Added a new node: /default-rack/df786a85-25e2-42b5-b190-b73745044b82
2019-09-25 12:10:38,405 [IPC Server handler 3 on 44687] INFO  node.SCMNodeManager (SCMNodeManager.java:register(266)) - Registered Data node : df786a85-25e2-42b5-b190-b73745044b82{ip: 192.168.151.73, host: pr-hdds-1569-shd4m-3693607622, networkLocation: /default-rack, certSerialId: null}
2019-09-25 12:10:38,405 [pool-117-thread-1] INFO  storage.RaftStorage (RaftStorage.java:format(72)) - Storage directory /workdir/hadoop-ozone/integration-test/target/test-dir/MiniOzoneClusterImpl-7d9c4453-492c-478b-a0e0-2871dbe18f6e/datanode-0/data/ratis/4d7a42bf-6e07-4bb5-8178-b3fce94eba28 has been successfully formatted.
2019-09-25 12:10:38,405 [pool-117-thread-1] INFO  ratis.ContainerStateMachine (ContainerStateMachine.java:loadSnapshot(230)) - group-B3FCE94EBA28: The snapshot info is null. Setting the last applied indexto:(t:0, i:~)
2019-09-25 12:10:38,405 [pool-117-thread-1] INFO  server.RaftServerConfigKeys (ConfUtils.java:logGet(43)) - raft.server.notification.no-leader.timeout = 120s (custom)
2019-09-25 12:10:38,406 [pool-117-thread-1] INFO  server.RaftServerConfigKeys (ConfUtils.java:logGet(43)) - raft.server.log.use.memory = false (default)
2019-09-25 12:10:38,406 [pool-117-thread-1] INFO  server.RaftServerConfigKeys (ConfUtils.java:logGet(43)) - raft.server.log.purge.gap = 1000000 (custom)
2019-09-25 12:10:38,406 [pool-117-thread-1] INFO  server.RaftServerConfigKeys (ConfUtils.java:logGet(43)) - raft.server.log.appender.buffer.byte-limit = 33554432 (custom)
2019-09-25 12:10:38,406 [pool-117-thread-1] INFO  server.RaftServerConfigKeys (ConfUtils.java:logGet(43)) - raft.server.log.segment.size.max = 1048576 (custom)
2019-09-25 12:10:38,406 [pool-117-thread-1] INFO  server.RaftServerConfigKeys (ConfUtils.java:logGet(43)) - raft.server.log.segment.cache.num.max = 2 (custom)
2019-09-25 12:10:38,406 [pool-117-thread-1] INFO  segmented.SegmentedRaftLogWorker (SegmentedRaftLogWorker.java:<init>(172)) - new 06c06a68-4e48-447d-bb45-a3dc0e88cff1@group-B3FCE94EBA28-SegmentedRaftLogWorker for RaftStorage:Storage Directory /workdir/hadoop-ozone/integration-test/target/test-dir/MiniOzoneClusterImpl-7d9c4453-492c-478b-a0e0-2871dbe18f6e/datanode-0/data/ratis/4d7a42bf-6e07-4bb5-8178-b3fce94eba28
2019-09-25 12:10:38,406 [pool-117-thread-1] INFO  server.RaftServerConfigKeys (ConfUtils.java:logGet(43)) - raft.server.log.queue.byte-limit = 2147483647 (custom)
2019-09-25 12:10:38,407 [pool-117-thread-1] INFO  server.RaftServerConfigKeys (ConfUtils.java:logGet(43)) - raft.server.log.queue.element-limit = 1024 (custom)
2019-09-25 12:10:38,407 [pool-117-thread-1] INFO  server.RaftServerConfigKeys (ConfUtils.java:logGet(43)) - raft.server.log.segment.size.max = 1048576 (custom)
2019-09-25 12:10:38,407 [pool-117-thread-1] INFO  server.RaftServerConfigKeys (ConfUtils.java:logGet(43)) - raft.server.log.preallocated.size = 16384 (custom)
2019-09-25 12:10:38,407 [pool-117-thread-1] INFO  server.RaftServerConfigKeys (ConfUtils.java:logGet(43)) - raft.server.log.write.buffer.size = 33554432 (custom)
2019-09-25 12:10:38,407 [pool-117-thread-1] INFO  server.RaftServerConfigKeys (ConfUtils.java:logGet(43)) - raft.server.log.force.sync.num = 128 (default)
2019-09-25 12:10:38,407 [pool-117-thread-1] INFO  server.RaftServerConfigKeys (ConfUtils.java:logGet(43)) - raft.server.log.statemachine.data.sync = true (default)
2019-09-25 12:10:38,407 [pool-117-thread-1] INFO  server.RaftServerConfigKeys (ConfUtils.java:logGet(43)) - raft.server.log.statemachine.data.sync.timeout = 10s (default)
2019-09-25 12:10:38,407 [pool-117-thread-1] INFO  server.RaftServerConfigKeys (ConfUtils.java:logGet(43)) - raft.server.log.statemachine.data.sync.timeout.retry = -1 (default)
2019-09-25 12:10:38,408 [pool-117-thread-1] INFO  server.RaftServerConfigKeys (ConfUtils.java:logGet(43)) - raft.server.log.statemachine.data.caching.enabled = true (custom)
2019-09-25 12:10:38,408 [pool-117-thread-1] INFO  segmented.SegmentedRaftLogWorker (SegmentedRaftLogWorker.java:lambda$new$0(132)) - 06c06a68-4e48-447d-bb45-a3dc0e88cff1@group-B3FCE94EBA28-SegmentedRaftLogWorker: flushIndex: setUnconditionally 0 -> -1
2019-09-25 12:10:38,408 [pool-117-thread-1] INFO  server.RaftServerConfigKeys (ConfUtils.java:logGet(43)) - raft.server.snapshot.auto.trigger.enabled = true (custom)
2019-09-25 12:10:38,408 [pool-117-thread-1] INFO  server.RaftServerConfigKeys (ConfUtils.java:logGet(43)) - raft.server.snapshot.auto.trigger.threshold = 10000 (custom)
2019-09-25 12:10:38,408 [pool-117-thread-1] INFO  server.RaftServerConfigKeys (ConfUtils.java:logGet(43)) - raft.server.snapshot.retention.num.files = 5 (custom)
2019-09-25 12:10:38,409 [pool-117-thread-1] INFO  server.RaftServerConfigKeys (ConfUtils.java:logGet(43)) - raft.server.retrycache.expirytime = 600000ms (custom)
2019-09-25 12:10:38,411 [pool-117-thread-1] INFO  impl.RaftServerImpl (RaftServerImpl.java:start(185)) - 06c06a68-4e48-447d-bb45-a3dc0e88cff1@group-B3FCE94EBA28: start as a follower, conf=-1: [06c06a68-4e48-447d-bb45-a3dc0e88cff1:192.168.151.73:34720], old=null
2019-09-25 12:10:38,411 [pool-117-thread-1] INFO  impl.RaftServerImpl (RaftServerImpl.java:setRole(174)) - 06c06a68-4e48-447d-bb45-a3dc0e88cff1@group-B3FCE94EBA28: changes role from      null to FOLLOWER at term 0 for startAsFollower
2019-09-25 12:10:38,411 [pool-117-thread-1] INFO  impl.RoleInfo (RoleInfo.java:updateAndGet(143)) - 06c06a68-4e48-447d-bb45-a3dc0e88cff1: start FollowerState
2019-09-25 12:10:38,411 [pool-117-thread-1] INFO  util.JmxRegister (JmxRegister.java:tryRegister(44)) - Successfully registered JMX Bean with object name Ratis:service=RaftServer,group=group-B3FCE94EBA28,id=06c06a68-4e48-447d-bb45-a3dc0e88cff1
2019-09-25 12:10:38,414 [RatisPipelineUtilsThread] INFO  pipeline.PipelineStateManager (PipelineStateManager.java:addPipeline(56)) - Created pipeline Pipeline[ Id: 4d7a42bf-6e07-4bb5-8178-b3fce94eba28, Nodes: 06c06a68-4e48-447d-bb45-a3dc0e88cff1{ip: 192.168.151.73, host: pr-hdds-1569-shd4m-3693607622, networkLocation: /default-rack, certSerialId: null}, Type:RATIS, Factor:ONE, State:OPEN]
2019-09-25 12:10:38,423 [grpc-default-executor-0] INFO  impl.RaftServerProxy (RaftServerProxy.java:addNew(89)) - 80deecc8-67d2-4886-a269-aab5f88a17c2: addNew group-CDC56F406E1B:[80deecc8-67d2-4886-a269-aab5f88a17c2:192.168.151.73:41765] returns group-CDC56F406E1B:java.util.concurrent.CompletableFuture@678304d3[Not completed]
2019-09-25 12:10:38,429 [pool-157-thread-1] INFO  impl.RaftServerImpl (RaftServerImpl.java:<init>(95)) - 80deecc8-67d2-4886-a269-aab5f88a17c2: new RaftServerImpl for group-CDC56F406E1B:[80deecc8-67d2-4886-a269-aab5f88a17c2:192.168.151.73:41765] with ContainerStateMachine:uninitialized
2019-09-25 12:10:38,429 [pool-157-thread-1] INFO  server.RaftServerConfigKeys (ConfUtils.java:logGet(43)) - raft.server.rpc.timeout.min = 5s (custom)
2019-09-25 12:10:38,429 [pool-157-thread-1] INFO  server.RaftServerConfigKeys (ConfUtils.java:logGet(43)) - raft.server.rpc.timeout.max = 5200ms (custom)
2019-09-25 12:10:38,429 [pool-157-thread-1] INFO  server.RaftServerConfigKeys (ConfUtils.java:logGet(43)) - raft.server.rpcslowness.timeout = 120s (custom)
2019-09-25 12:10:38,429 [pool-157-thread-1] INFO  server.RaftServerConfigKeys (ConfUtils.java:logGet(43)) - raft.server.sleep.deviation.threshold = 300 (default)
2019-09-25 12:10:38,429 [pool-157-thread-1] INFO  server.RaftServerConfigKeys (ConfUtils.java:logGet(43)) - raft.server.log.appender.install.snapshot.enabled = false (custom)
2019-09-25 12:10:38,430 [pool-157-thread-1] INFO  impl.RaftServerImpl (ServerState.java:<init>(103)) - 80deecc8-67d2-4886-a269-aab5f88a17c2@group-CDC56F406E1B: ConfigurationManager, init=-1: [80deecc8-67d2-4886-a269-aab5f88a17c2:192.168.151.73:41765], old=null, confs=<EMPTY_MAP>
2019-09-25 12:10:38,430 [pool-157-thread-1] INFO  server.RaftServerConfigKeys (ConfUtils.java:logGet(43)) - raft.server.storage.dir = [/workdir/hadoop-ozone/integration-test/target/test-dir/MiniOzoneClusterImpl-7d9c4453-492c-478b-a0e0-2871dbe18f6e/datanode-4/data/ratis] (custom)
2019-09-25 12:10:38,430 [pool-157-thread-1] INFO  storage.RaftStorageDirectory (RaftStorageDirectory.java:analyzeStorage(246)) - The storage directory /workdir/hadoop-ozone/integration-test/target/test-dir/MiniOzoneClusterImpl-7d9c4453-492c-478b-a0e0-2871dbe18f6e/datanode-4/data/ratis/d8ffa0e2-69b9-468a-8c22-cdc56f406e1b does not exist. Creating ...
2019-09-25 12:10:38,444 [pool-157-thread-1] INFO  storage.RaftStorageDirectory (RaftStorageDirectory.java:tryLock(328)) - Lock on /workdir/hadoop-ozone/integration-test/target/test-dir/MiniOzoneClusterImpl-7d9c4453-492c-478b-a0e0-2871dbe18f6e/datanode-4/data/ratis/d8ffa0e2-69b9-468a-8c22-cdc56f406e1b/in_use.lock acquired by nodename 9481@pr-hdds-1569-shd4m-3693607622
2019-09-25 12:10:38,457 [pool-157-thread-1] INFO  storage.RaftStorage (RaftStorage.java:format(72)) - Storage directory /workdir/hadoop-ozone/integration-test/target/test-dir/MiniOzoneClusterImpl-7d9c4453-492c-478b-a0e0-2871dbe18f6e/datanode-4/data/ratis/d8ffa0e2-69b9-468a-8c22-cdc56f406e1b has been successfully formatted.
2019-09-25 12:10:38,457 [pool-157-thread-1] INFO  ratis.ContainerStateMachine (ContainerStateMachine.java:loadSnapshot(230)) - group-CDC56F406E1B: The snapshot info is null. Setting the last applied indexto:(t:0, i:~)
2019-09-25 12:10:38,458 [pool-157-thread-1] INFO  server.RaftServerConfigKeys (ConfUtils.java:logGet(43)) - raft.server.notification.no-leader.timeout = 120s (custom)
2019-09-25 12:10:38,458 [pool-157-thread-1] INFO  server.RaftServerConfigKeys (ConfUtils.java:logGet(43)) - raft.server.log.use.memory = false (default)
2019-09-25 12:10:38,458 [pool-157-thread-1] INFO  server.RaftServerConfigKeys (ConfUtils.java:logGet(43)) - raft.server.log.purge.gap = 1000000 (custom)
2019-09-25 12:10:38,458 [pool-157-thread-1] INFO  server.RaftServerConfigKeys (ConfUtils.java:logGet(43)) - raft.server.log.appender.buffer.byte-limit = 33554432 (custom)
2019-09-25 12:10:38,458 [pool-157-thread-1] INFO  server.RaftServerConfigKeys (ConfUtils.java:logGet(43)) - raft.server.log.segment.size.max = 1048576 (custom)
2019-09-25 12:10:38,458 [pool-157-thread-1] INFO  server.RaftServerConfigKeys (ConfUtils.java:logGet(43)) - raft.server.log.segment.cache.num.max = 2 (custom)
2019-09-25 12:10:38,458 [pool-157-thread-1] INFO  segmented.SegmentedRaftLogWorker (SegmentedRaftLogWorker.java:<init>(172)) - new 80deecc8-67d2-4886-a269-aab5f88a17c2@group-CDC56F406E1B-SegmentedRaftLogWorker for RaftStorage:Storage Directory /workdir/hadoop-ozone/integration-test/target/test-dir/MiniOzoneClusterImpl-7d9c4453-492c-478b-a0e0-2871dbe18f6e/datanode-4/data/ratis/d8ffa0e2-69b9-468a-8c22-cdc56f406e1b
2019-09-25 12:10:38,460 [pool-157-thread-1] INFO  server.RaftServerConfigKeys (ConfUtils.java:logGet(43)) - raft.server.log.queue.byte-limit = 2147483647 (custom)
2019-09-25 12:10:38,460 [pool-157-thread-1] INFO  server.RaftServerConfigKeys (ConfUtils.java:logGet(43)) - raft.server.log.queue.element-limit = 1024 (custom)
2019-09-25 12:10:38,461 [pool-157-thread-1] INFO  server.RaftServerConfigKeys (ConfUtils.java:logGet(43)) - raft.server.log.segment.size.max = 1048576 (custom)
2019-09-25 12:10:38,461 [pool-157-thread-1] INFO  server.RaftServerConfigKeys (ConfUtils.java:logGet(43)) - raft.server.log.preallocated.size = 16384 (custom)
2019-09-25 12:10:38,461 [pool-157-thread-1] INFO  server.RaftServerConfigKeys (ConfUtils.java:logGet(43)) - raft.server.log.write.buffer.size = 33554432 (custom)
2019-09-25 12:10:38,461 [pool-157-thread-1] INFO  server.RaftServerConfigKeys (ConfUtils.java:logGet(43)) - raft.server.log.force.sync.num = 128 (default)
2019-09-25 12:10:38,461 [pool-157-thread-1] INFO  server.RaftServerConfigKeys (ConfUtils.java:logGet(43)) - raft.server.log.statemachine.data.sync = true (default)
2019-09-25 12:10:38,461 [pool-157-thread-1] INFO  server.RaftServerConfigKeys (ConfUtils.java:logGet(43)) - raft.server.log.statemachine.data.sync.timeout = 10s (default)
2019-09-25 12:10:38,462 [pool-157-thread-1] INFO  server.RaftServerConfigKeys (ConfUtils.java:logGet(43)) - raft.server.log.statemachine.data.sync.timeout.retry = -1 (default)
2019-09-25 12:10:38,462 [pool-157-thread-1] INFO  server.RaftServerConfigKeys (ConfUtils.java:logGet(43)) - raft.server.log.statemachine.data.caching.enabled = true (custom)
2019-09-25 12:10:38,462 [pool-157-thread-1] INFO  segmented.SegmentedRaftLogWorker (SegmentedRaftLogWorker.java:lambda$new$0(132)) - 80deecc8-67d2-4886-a269-aab5f88a17c2@group-CDC56F406E1B-SegmentedRaftLogWorker: flushIndex: setUnconditionally 0 -> -1
2019-09-25 12:10:38,462 [pool-157-thread-1] INFO  server.RaftServerConfigKeys (ConfUtils.java:logGet(43)) - raft.server.snapshot.auto.trigger.enabled = true (custom)
2019-09-25 12:10:38,463 [pool-157-thread-1] INFO  server.RaftServerConfigKeys (ConfUtils.java:logGet(43)) - raft.server.snapshot.auto.trigger.threshold = 10000 (custom)
2019-09-25 12:10:38,463 [pool-157-thread-1] INFO  server.RaftServerConfigKeys (ConfUtils.java:logGet(43)) - raft.server.snapshot.retention.num.files = 5 (custom)
2019-09-25 12:10:38,463 [pool-157-thread-1] INFO  server.RaftServerConfigKeys (ConfUtils.java:logGet(43)) - raft.server.retrycache.expirytime = 600000ms (custom)
2019-09-25 12:10:38,465 [pool-157-thread-1] INFO  impl.RaftServerImpl (RaftServerImpl.java:start(185)) - 80deecc8-67d2-4886-a269-aab5f88a17c2@group-CDC56F406E1B: start as a follower, conf=-1: [80deecc8-67d2-4886-a269-aab5f88a17c2:192.168.151.73:41765], old=null
2019-09-25 12:10:38,465 [pool-157-thread-1] INFO  impl.RaftServerImpl (RaftServerImpl.java:setRole(174)) - 80deecc8-67d2-4886-a269-aab5f88a17c2@group-CDC56F406E1B: changes role from      null to FOLLOWER at term 0 for startAsFollower
2019-09-25 12:10:38,465 [pool-157-thread-1] INFO  impl.RoleInfo (RoleInfo.java:updateAndGet(143)) - 80deecc8-67d2-4886-a269-aab5f88a17c2: start FollowerState
2019-09-25 12:10:38,466 [pool-157-thread-1] INFO  util.JmxRegister (JmxRegister.java:tryRegister(44)) - Successfully registered JMX Bean with object name Ratis:service=RaftServer,group=group-CDC56F406E1B,id=80deecc8-67d2-4886-a269-aab5f88a17c2
2019-09-25 12:10:38,468 [RatisPipelineUtilsThread] INFO  pipeline.PipelineStateManager (PipelineStateManager.java:addPipeline(56)) - Created pipeline Pipeline[ Id: d8ffa0e2-69b9-468a-8c22-cdc56f406e1b, Nodes: 80deecc8-67d2-4886-a269-aab5f88a17c2{ip: 192.168.151.73, host: pr-hdds-1569-shd4m-3693607622, networkLocation: /default-rack, certSerialId: null}, Type:RATIS, Factor:ONE, State:OPEN]
2019-09-25 12:10:38,473 [grpc-default-executor-0] INFO  impl.RaftServerProxy (RaftServerProxy.java:addNew(89)) - 06c06a68-4e48-447d-bb45-a3dc0e88cff1: addNew group-5058360C8EF9:[06c06a68-4e48-447d-bb45-a3dc0e88cff1:192.168.151.73:34720] returns group-5058360C8EF9:java.util.concurrent.CompletableFuture@1af5e8fa[Not completed]
2019-09-25 12:10:38,474 [pool-117-thread-1] INFO  impl.RaftServerImpl (RaftServerImpl.java:<init>(95)) - 06c06a68-4e48-447d-bb45-a3dc0e88cff1: new RaftServerImpl for group-5058360C8EF9:[06c06a68-4e48-447d-bb45-a3dc0e88cff1:192.168.151.73:34720] with ContainerStateMachine:uninitialized
2019-09-25 12:10:38,475 [pool-117-thread-1] INFO  server.RaftServerConfigKeys (ConfUtils.java:logGet(43)) - raft.server.rpc.timeout.min = 5s (custom)
2019-09-25 12:10:38,475 [pool-117-thread-1] INFO  server.RaftServerConfigKeys (ConfUtils.java:logGet(43)) - raft.server.rpc.timeout.max = 5200ms (custom)
2019-09-25 12:10:38,475 [pool-117-thread-1] INFO  server.RaftServerConfigKeys (ConfUtils.java:logGet(43)) - raft.server.rpcslowness.timeout = 120s (custom)
2019-09-25 12:10:38,475 [pool-117-thread-1] INFO  server.RaftServerConfigKeys (ConfUtils.java:logGet(43)) - raft.server.sleep.deviation.threshold = 300 (default)
2019-09-25 12:10:38,475 [pool-117-thread-1] INFO  server.RaftServerConfigKeys (ConfUtils.java:logGet(43)) - raft.server.log.appender.install.snapshot.enabled = false (custom)
2019-09-25 12:10:38,475 [pool-117-thread-1] INFO  impl.RaftServerImpl (ServerState.java:<init>(103)) - 06c06a68-4e48-447d-bb45-a3dc0e88cff1@group-5058360C8EF9: ConfigurationManager, init=-1: [06c06a68-4e48-447d-bb45-a3dc0e88cff1:192.168.151.73:34720], old=null, confs=<EMPTY_MAP>
2019-09-25 12:10:38,476 [pool-117-thread-1] INFO  server.RaftServerConfigKeys (ConfUtils.java:logGet(43)) - raft.server.storage.dir = [/workdir/hadoop-ozone/integration-test/target/test-dir/MiniOzoneClusterImpl-7d9c4453-492c-478b-a0e0-2871dbe18f6e/datanode-0/data/ratis] (custom)
2019-09-25 12:10:38,476 [pool-117-thread-1] INFO  storage.RaftStorageDirectory (RaftStorageDirectory.java:analyzeStorage(246)) - The storage directory /workdir/hadoop-ozone/integration-test/target/test-dir/MiniOzoneClusterImpl-7d9c4453-492c-478b-a0e0-2871dbe18f6e/datanode-0/data/ratis/f6ddbc31-b98f-43a2-a9ba-5058360c8ef9 does not exist. Creating ...
2019-09-25 12:10:38,501 [pool-117-thread-1] INFO  storage.RaftStorageDirectory (RaftStorageDirectory.java:tryLock(328)) - Lock on /workdir/hadoop-ozone/integration-test/target/test-dir/MiniOzoneClusterImpl-7d9c4453-492c-478b-a0e0-2871dbe18f6e/datanode-0/data/ratis/f6ddbc31-b98f-43a2-a9ba-5058360c8ef9/in_use.lock acquired by nodename 9481@pr-hdds-1569-shd4m-3693607622
2019-09-25 12:10:38,514 [pool-117-thread-1] INFO  storage.RaftStorage (RaftStorage.java:format(72)) - Storage directory /workdir/hadoop-ozone/integration-test/target/test-dir/MiniOzoneClusterImpl-7d9c4453-492c-478b-a0e0-2871dbe18f6e/datanode-0/data/ratis/f6ddbc31-b98f-43a2-a9ba-5058360c8ef9 has been successfully formatted.
2019-09-25 12:10:38,514 [pool-117-thread-1] INFO  ratis.ContainerStateMachine (ContainerStateMachine.java:loadSnapshot(230)) - group-5058360C8EF9: The snapshot info is null. Setting the last applied indexto:(t:0, i:~)
2019-09-25 12:10:38,514 [pool-117-thread-1] INFO  server.RaftServerConfigKeys (ConfUtils.java:logGet(43)) - raft.server.notification.no-leader.timeout = 120s (custom)
2019-09-25 12:10:38,515 [pool-117-thread-1] INFO  server.RaftServerConfigKeys (ConfUtils.java:logGet(43)) - raft.server.log.use.memory = false (default)
2019-09-25 12:10:38,515 [pool-117-thread-1] INFO  server.RaftServerConfigKeys (ConfUtils.java:logGet(43)) - raft.server.log.purge.gap = 1000000 (custom)
2019-09-25 12:10:38,515 [pool-117-thread-1] INFO  server.RaftServerConfigKeys (ConfUtils.java:logGet(43)) - raft.server.log.appender.buffer.byte-limit = 33554432 (custom)
2019-09-25 12:10:38,515 [pool-117-thread-1] INFO  server.RaftServerConfigKeys (ConfUtils.java:logGet(43)) - raft.server.log.segment.size.max = 1048576 (custom)
2019-09-25 12:10:38,515 [pool-117-thread-1] INFO  server.RaftServerConfigKeys (ConfUtils.java:logGet(43)) - raft.server.log.segment.cache.num.max = 2 (custom)
2019-09-25 12:10:38,515 [pool-117-thread-1] INFO  segmented.SegmentedRaftLogWorker (SegmentedRaftLogWorker.java:<init>(172)) - new 06c06a68-4e48-447d-bb45-a3dc0e88cff1@group-5058360C8EF9-SegmentedRaftLogWorker for RaftStorage:Storage Directory /workdir/hadoop-ozone/integration-test/target/test-dir/MiniOzoneClusterImpl-7d9c4453-492c-478b-a0e0-2871dbe18f6e/datanode-0/data/ratis/f6ddbc31-b98f-43a2-a9ba-5058360c8ef9
2019-09-25 12:10:38,515 [pool-117-thread-1] INFO  server.RaftServerConfigKeys (ConfUtils.java:logGet(43)) - raft.server.log.queue.byte-limit = 2147483647 (custom)
2019-09-25 12:10:38,515 [pool-117-thread-1] INFO  server.RaftServerConfigKeys (ConfUtils.java:logGet(43)) - raft.server.log.queue.element-limit = 1024 (custom)
2019-09-25 12:10:38,516 [pool-117-thread-1] INFO  server.RaftServerConfigKeys (ConfUtils.java:logGet(43)) - raft.server.log.segment.size.max = 1048576 (custom)
2019-09-25 12:10:38,516 [pool-117-thread-1] INFO  server.RaftServerConfigKeys (ConfUtils.java:logGet(43)) - raft.server.log.preallocated.size = 16384 (custom)
2019-09-25 12:10:38,516 [pool-117-thread-1] INFO  server.RaftServerConfigKeys (ConfUtils.java:logGet(43)) - raft.server.log.write.buffer.size = 33554432 (custom)
2019-09-25 12:10:38,516 [pool-117-thread-1] INFO  server.RaftServerConfigKeys (ConfUtils.java:logGet(43)) - raft.server.log.force.sync.num = 128 (default)
2019-09-25 12:10:38,516 [pool-117-thread-1] INFO  server.RaftServerConfigKeys (ConfUtils.java:logGet(43)) - raft.server.log.statemachine.data.sync = true (default)
2019-09-25 12:10:38,516 [pool-117-thread-1] INFO  server.RaftServerConfigKeys (ConfUtils.java:logGet(43)) - raft.server.log.statemachine.data.sync.timeout = 10s (default)
2019-09-25 12:10:38,516 [pool-117-thread-1] INFO  server.RaftServerConfigKeys (ConfUtils.java:logGet(43)) - raft.server.log.statemachine.data.sync.timeout.retry = -1 (default)
2019-09-25 12:10:38,516 [pool-117-thread-1] INFO  server.RaftServerConfigKeys (ConfUtils.java:logGet(43)) - raft.server.log.statemachine.data.caching.enabled = true (custom)
2019-09-25 12:10:38,517 [pool-117-thread-1] INFO  segmented.SegmentedRaftLogWorker (SegmentedRaftLogWorker.java:lambda$new$0(132)) - 06c06a68-4e48-447d-bb45-a3dc0e88cff1@group-5058360C8EF9-SegmentedRaftLogWorker: flushIndex: setUnconditionally 0 -> -1
2019-09-25 12:10:38,517 [pool-117-thread-1] INFO  server.RaftServerConfigKeys (ConfUtils.java:logGet(43)) - raft.server.snapshot.auto.trigger.enabled = true (custom)
2019-09-25 12:10:38,517 [pool-117-thread-1] INFO  server.RaftServerConfigKeys (ConfUtils.java:logGet(43)) - raft.server.snapshot.auto.trigger.threshold = 10000 (custom)
2019-09-25 12:10:38,517 [pool-117-thread-1] INFO  server.RaftServerConfigKeys (ConfUtils.java:logGet(43)) - raft.server.snapshot.retention.num.files = 5 (custom)
2019-09-25 12:10:38,518 [pool-117-thread-1] INFO  server.RaftServerConfigKeys (ConfUtils.java:logGet(43)) - raft.server.retrycache.expirytime = 600000ms (custom)
2019-09-25 12:10:38,520 [pool-117-thread-1] INFO  impl.RaftServerImpl (RaftServerImpl.java:start(185)) - 06c06a68-4e48-447d-bb45-a3dc0e88cff1@group-5058360C8EF9: start as a follower, conf=-1: [06c06a68-4e48-447d-bb45-a3dc0e88cff1:192.168.151.73:34720], old=null
2019-09-25 12:10:38,520 [pool-117-thread-1] INFO  impl.RaftServerImpl (RaftServerImpl.java:setRole(174)) - 06c06a68-4e48-447d-bb45-a3dc0e88cff1@group-5058360C8EF9: changes role from      null to FOLLOWER at term 0 for startAsFollower
2019-09-25 12:10:38,520 [pool-117-thread-1] INFO  impl.RoleInfo (RoleInfo.java:updateAndGet(143)) - 06c06a68-4e48-447d-bb45-a3dc0e88cff1: start FollowerState
2019-09-25 12:10:38,520 [pool-117-thread-1] INFO  util.JmxRegister (JmxRegister.java:tryRegister(44)) - Successfully registered JMX Bean with object name Ratis:service=RaftServer,group=group-5058360C8EF9,id=06c06a68-4e48-447d-bb45-a3dc0e88cff1
2019-09-25 12:10:38,524 [RatisPipelineUtilsThread] INFO  pipeline.PipelineStateManager (PipelineStateManager.java:addPipeline(56)) - Created pipeline Pipeline[ Id: f6ddbc31-b98f-43a2-a9ba-5058360c8ef9, Nodes: 06c06a68-4e48-447d-bb45-a3dc0e88cff1{ip: 192.168.151.73, host: pr-hdds-1569-shd4m-3693607622, networkLocation: /default-rack, certSerialId: null}, Type:RATIS, Factor:ONE, State:OPEN]
2019-09-25 12:10:38,530 [grpc-default-executor-0] INFO  impl.RaftServerProxy (RaftServerProxy.java:addNew(89)) - 06c06a68-4e48-447d-bb45-a3dc0e88cff1: addNew group-8E10A34249DB:[06c06a68-4e48-447d-bb45-a3dc0e88cff1:192.168.151.73:34720] returns group-8E10A34249DB:java.util.concurrent.CompletableFuture@480c982e[Not completed]
2019-09-25 12:10:38,532 [pool-117-thread-1] INFO  impl.RaftServerImpl (RaftServerImpl.java:<init>(95)) - 06c06a68-4e48-447d-bb45-a3dc0e88cff1: new RaftServerImpl for group-8E10A34249DB:[06c06a68-4e48-447d-bb45-a3dc0e88cff1:192.168.151.73:34720] with ContainerStateMachine:uninitialized
2019-09-25 12:10:38,532 [pool-117-thread-1] INFO  server.RaftServerConfigKeys (ConfUtils.java:logGet(43)) - raft.server.rpc.timeout.min = 5s (custom)
2019-09-25 12:10:38,532 [pool-117-thread-1] INFO  server.RaftServerConfigKeys (ConfUtils.java:logGet(43)) - raft.server.rpc.timeout.max = 5200ms (custom)
2019-09-25 12:10:38,532 [pool-117-thread-1] INFO  server.RaftServerConfigKeys (ConfUtils.java:logGet(43)) - raft.server.rpcslowness.timeout = 120s (custom)
2019-09-25 12:10:38,532 [pool-117-thread-1] INFO  server.RaftServerConfigKeys (ConfUtils.java:logGet(43)) - raft.server.sleep.deviation.threshold = 300 (default)
2019-09-25 12:10:38,533 [pool-117-thread-1] INFO  server.RaftServerConfigKeys (ConfUtils.java:logGet(43)) - raft.server.log.appender.install.snapshot.enabled = false (custom)
2019-09-25 12:10:38,533 [pool-117-thread-1] INFO  impl.RaftServerImpl (ServerState.java:<init>(103)) - 06c06a68-4e48-447d-bb45-a3dc0e88cff1@group-8E10A34249DB: ConfigurationManager, init=-1: [06c06a68-4e48-447d-bb45-a3dc0e88cff1:192.168.151.73:34720], old=null, confs=<EMPTY_MAP>
2019-09-25 12:10:38,533 [pool-117-thread-1] INFO  server.RaftServerConfigKeys (ConfUtils.java:logGet(43)) - raft.server.storage.dir = [/workdir/hadoop-ozone/integration-test/target/test-dir/MiniOzoneClusterImpl-7d9c4453-492c-478b-a0e0-2871dbe18f6e/datanode-0/data/ratis] (custom)
2019-09-25 12:10:38,533 [pool-117-thread-1] INFO  storage.RaftStorageDirectory (RaftStorageDirectory.java:analyzeStorage(246)) - The storage directory /workdir/hadoop-ozone/integration-test/target/test-dir/MiniOzoneClusterImpl-7d9c4453-492c-478b-a0e0-2871dbe18f6e/datanode-0/data/ratis/3dc658d9-b5a1-4348-ba37-8e10a34249db does not exist. Creating ...
2019-09-25 12:10:38,546 [pool-117-thread-1] INFO  storage.RaftStorageDirectory (RaftStorageDirectory.java:tryLock(328)) - Lock on /workdir/hadoop-ozone/integration-test/target/test-dir/MiniOzoneClusterImpl-7d9c4453-492c-478b-a0e0-2871dbe18f6e/datanode-0/data/ratis/3dc658d9-b5a1-4348-ba37-8e10a34249db/in_use.lock acquired by nodename 9481@pr-hdds-1569-shd4m-3693607622
2019-09-25 12:10:38,559 [pool-117-thread-1] INFO  storage.RaftStorage (RaftStorage.java:format(72)) - Storage directory /workdir/hadoop-ozone/integration-test/target/test-dir/MiniOzoneClusterImpl-7d9c4453-492c-478b-a0e0-2871dbe18f6e/datanode-0/data/ratis/3dc658d9-b5a1-4348-ba37-8e10a34249db has been successfully formatted.
2019-09-25 12:10:38,559 [pool-117-thread-1] INFO  ratis.ContainerStateMachine (ContainerStateMachine.java:loadSnapshot(230)) - group-8E10A34249DB: The snapshot info is null. Setting the last applied indexto:(t:0, i:~)
2019-09-25 12:10:38,560 [pool-117-thread-1] INFO  server.RaftServerConfigKeys (ConfUtils.java:logGet(43)) - raft.server.notification.no-leader.timeout = 120s (custom)
2019-09-25 12:10:38,560 [pool-117-thread-1] INFO  server.RaftServerConfigKeys (ConfUtils.java:logGet(43)) - raft.server.log.use.memory = false (default)
2019-09-25 12:10:38,560 [pool-117-thread-1] INFO  server.RaftServerConfigKeys (ConfUtils.java:logGet(43)) - raft.server.log.purge.gap = 1000000 (custom)
2019-09-25 12:10:38,560 [pool-117-thread-1] INFO  server.RaftServerConfigKeys (ConfUtils.java:logGet(43)) - raft.server.log.appender.buffer.byte-limit = 33554432 (custom)
2019-09-25 12:10:38,560 [pool-117-thread-1] INFO  server.RaftServerConfigKeys (ConfUtils.java:logGet(43)) - raft.server.log.segment.size.max = 1048576 (custom)
2019-09-25 12:10:38,560 [pool-117-thread-1] INFO  server.RaftServerConfigKeys (ConfUtils.java:logGet(43)) - raft.server.log.segment.cache.num.max = 2 (custom)
2019-09-25 12:10:38,561 [pool-117-thread-1] INFO  segmented.SegmentedRaftLogWorker (SegmentedRaftLogWorker.java:<init>(172)) - new 06c06a68-4e48-447d-bb45-a3dc0e88cff1@group-8E10A34249DB-SegmentedRaftLogWorker for RaftStorage:Storage Directory /workdir/hadoop-ozone/integration-test/target/test-dir/MiniOzoneClusterImpl-7d9c4453-492c-478b-a0e0-2871dbe18f6e/datanode-0/data/ratis/3dc658d9-b5a1-4348-ba37-8e10a34249db
2019-09-25 12:10:38,561 [pool-117-thread-1] INFO  server.RaftServerConfigKeys (ConfUtils.java:logGet(43)) - raft.server.log.queue.byte-limit = 2147483647 (custom)
2019-09-25 12:10:38,561 [pool-117-thread-1] INFO  server.RaftServerConfigKeys (ConfUtils.java:logGet(43)) - raft.server.log.queue.element-limit = 1024 (custom)
2019-09-25 12:10:38,561 [pool-117-thread-1] INFO  server.RaftServerConfigKeys (ConfUtils.java:logGet(43)) - raft.server.log.segment.size.max = 1048576 (custom)
2019-09-25 12:10:38,561 [pool-117-thread-1] INFO  server.RaftServerConfigKeys (ConfUtils.java:logGet(43)) - raft.server.log.preallocated.size = 16384 (custom)
2019-09-25 12:10:38,561 [pool-117-thread-1] INFO  server.RaftServerConfigKeys (ConfUtils.java:logGet(43)) - raft.server.log.write.buffer.size = 33554432 (custom)
2019-09-25 12:10:38,561 [pool-117-thread-1] INFO  server.RaftServerConfigKeys (ConfUtils.java:logGet(43)) - raft.server.log.force.sync.num = 128 (default)
2019-09-25 12:10:38,562 [pool-117-thread-1] INFO  server.RaftServerConfigKeys (ConfUtils.java:logGet(43)) - raft.server.log.statemachine.data.sync = true (default)
2019-09-25 12:10:38,562 [pool-117-thread-1] INFO  server.RaftServerConfigKeys (ConfUtils.java:logGet(43)) - raft.server.log.statemachine.data.sync.timeout = 10s (default)
2019-09-25 12:10:38,562 [pool-117-thread-1] INFO  server.RaftServerConfigKeys (ConfUtils.java:logGet(43)) - raft.server.log.statemachine.data.sync.timeout.retry = -1 (default)
2019-09-25 12:10:38,562 [pool-117-thread-1] INFO  server.RaftServerConfigKeys (ConfUtils.java:logGet(43)) - raft.server.log.statemachine.data.caching.enabled = true (custom)
2019-09-25 12:10:38,562 [pool-117-thread-1] INFO  segmented.SegmentedRaftLogWorker (SegmentedRaftLogWorker.java:lambda$new$0(132)) - 06c06a68-4e48-447d-bb45-a3dc0e88cff1@group-8E10A34249DB-SegmentedRaftLogWorker: flushIndex: setUnconditionally 0 -> -1
2019-09-25 12:10:38,563 [pool-117-thread-1] INFO  server.RaftServerConfigKeys (ConfUtils.java:logGet(43)) - raft.server.snapshot.auto.trigger.enabled = true (custom)
2019-09-25 12:10:38,563 [pool-117-thread-1] INFO  server.RaftServerConfigKeys (ConfUtils.java:logGet(43)) - raft.server.snapshot.auto.trigger.threshold = 10000 (custom)
2019-09-25 12:10:38,563 [pool-117-thread-1] INFO  server.RaftServerConfigKeys (ConfUtils.java:logGet(43)) - raft.server.snapshot.retention.num.files = 5 (custom)
2019-09-25 12:10:38,563 [pool-117-thread-1] INFO  server.RaftServerConfigKeys (ConfUtils.java:logGet(43)) - raft.server.retrycache.expirytime = 600000ms (custom)
2019-09-25 12:10:38,566 [pool-117-thread-1] INFO  impl.RaftServerImpl (RaftServerImpl.java:start(185)) - 06c06a68-4e48-447d-bb45-a3dc0e88cff1@group-8E10A34249DB: start as a follower, conf=-1: [06c06a68-4e48-447d-bb45-a3dc0e88cff1:192.168.151.73:34720], old=null
2019-09-25 12:10:38,566 [pool-117-thread-1] INFO  impl.RaftServerImpl (RaftServerImpl.java:setRole(174)) - 06c06a68-4e48-447d-bb45-a3dc0e88cff1@group-8E10A34249DB: changes role from      null to FOLLOWER at term 0 for startAsFollower
2019-09-25 12:10:38,566 [pool-117-thread-1] INFO  impl.RoleInfo (RoleInfo.java:updateAndGet(143)) - 06c06a68-4e48-447d-bb45-a3dc0e88cff1: start FollowerState
2019-09-25 12:10:38,567 [pool-117-thread-1] INFO  util.JmxRegister (JmxRegister.java:tryRegister(44)) - Successfully registered JMX Bean with object name Ratis:service=RaftServer,group=group-8E10A34249DB,id=06c06a68-4e48-447d-bb45-a3dc0e88cff1
2019-09-25 12:10:38,570 [RatisPipelineUtilsThread] INFO  pipeline.PipelineStateManager (PipelineStateManager.java:addPipeline(56)) - Created pipeline Pipeline[ Id: 3dc658d9-b5a1-4348-ba37-8e10a34249db, Nodes: 06c06a68-4e48-447d-bb45-a3dc0e88cff1{ip: 192.168.151.73, host: pr-hdds-1569-shd4m-3693607622, networkLocation: /default-rack, certSerialId: null}, Type:RATIS, Factor:ONE, State:OPEN]
2019-09-25 12:10:38,576 [grpc-default-executor-0] INFO  impl.RaftServerProxy (RaftServerProxy.java:addNew(89)) - c6fa9dcb-3f15-43b4-bafe-b7e2932cba65: addNew group-220B70F062DA:[c6fa9dcb-3f15-43b4-bafe-b7e2932cba65:192.168.151.73:46687] returns group-220B70F062DA:java.util.concurrent.CompletableFuture@13b27a81[Not completed]
2019-09-25 12:10:38,578 [pool-127-thread-1] INFO  impl.RaftServerImpl (RaftServerImpl.java:<init>(95)) - c6fa9dcb-3f15-43b4-bafe-b7e2932cba65: new RaftServerImpl for group-220B70F062DA:[c6fa9dcb-3f15-43b4-bafe-b7e2932cba65:192.168.151.73:46687] with ContainerStateMachine:uninitialized
2019-09-25 12:10:38,578 [pool-127-thread-1] INFO  server.RaftServerConfigKeys (ConfUtils.java:logGet(43)) - raft.server.rpc.timeout.min = 5s (custom)
2019-09-25 12:10:38,578 [pool-127-thread-1] INFO  server.RaftServerConfigKeys (ConfUtils.java:logGet(43)) - raft.server.rpc.timeout.max = 5200ms (custom)
2019-09-25 12:10:38,578 [pool-127-thread-1] INFO  server.RaftServerConfigKeys (ConfUtils.java:logGet(43)) - raft.server.rpcslowness.timeout = 120s (custom)
2019-09-25 12:10:38,578 [pool-127-thread-1] INFO  server.RaftServerConfigKeys (ConfUtils.java:logGet(43)) - raft.server.sleep.deviation.threshold = 300 (default)
2019-09-25 12:10:38,578 [pool-127-thread-1] INFO  server.RaftServerConfigKeys (ConfUtils.java:logGet(43)) - raft.server.log.appender.install.snapshot.enabled = false (custom)
2019-09-25 12:10:38,579 [pool-127-thread-1] INFO  impl.RaftServerImpl (ServerState.java:<init>(103)) - c6fa9dcb-3f15-43b4-bafe-b7e2932cba65@group-220B70F062DA: ConfigurationManager, init=-1: [c6fa9dcb-3f15-43b4-bafe-b7e2932cba65:192.168.151.73:46687], old=null, confs=<EMPTY_MAP>
2019-09-25 12:10:38,579 [pool-127-thread-1] INFO  server.RaftServerConfigKeys (ConfUtils.java:logGet(43)) - raft.server.storage.dir = [/workdir/hadoop-ozone/integration-test/target/test-dir/MiniOzoneClusterImpl-7d9c4453-492c-478b-a0e0-2871dbe18f6e/datanode-1/data/ratis] (custom)
2019-09-25 12:10:38,579 [pool-127-thread-1] INFO  storage.RaftStorageDirectory (RaftStorageDirectory.java:analyzeStorage(246)) - The storage directory /workdir/hadoop-ozone/integration-test/target/test-dir/MiniOzoneClusterImpl-7d9c4453-492c-478b-a0e0-2871dbe18f6e/datanode-1/data/ratis/6a526d47-15fd-4008-95cb-220b70f062da does not exist. Creating ...
2019-09-25 12:10:38,592 [pool-127-thread-1] INFO  storage.RaftStorageDirectory (RaftStorageDirectory.java:tryLock(328)) - Lock on /workdir/hadoop-ozone/integration-test/target/test-dir/MiniOzoneClusterImpl-7d9c4453-492c-478b-a0e0-2871dbe18f6e/datanode-1/data/ratis/6a526d47-15fd-4008-95cb-220b70f062da/in_use.lock acquired by nodename 9481@pr-hdds-1569-shd4m-3693607622
2019-09-25 12:10:38,623 [pool-127-thread-1] INFO  storage.RaftStorage (RaftStorage.java:format(72)) - Storage directory /workdir/hadoop-ozone/integration-test/target/test-dir/MiniOzoneClusterImpl-7d9c4453-492c-478b-a0e0-2871dbe18f6e/datanode-1/data/ratis/6a526d47-15fd-4008-95cb-220b70f062da has been successfully formatted.
2019-09-25 12:10:38,624 [pool-127-thread-1] INFO  ratis.ContainerStateMachine (ContainerStateMachine.java:loadSnapshot(230)) - group-220B70F062DA: The snapshot info is null. Setting the last applied indexto:(t:0, i:~)
2019-09-25 12:10:38,624 [pool-127-thread-1] INFO  server.RaftServerConfigKeys (ConfUtils.java:logGet(43)) - raft.server.notification.no-leader.timeout = 120s (custom)
2019-09-25 12:10:38,624 [pool-127-thread-1] INFO  server.RaftServerConfigKeys (ConfUtils.java:logGet(43)) - raft.server.log.use.memory = false (default)
2019-09-25 12:10:38,624 [pool-127-thread-1] INFO  server.RaftServerConfigKeys (ConfUtils.java:logGet(43)) - raft.server.log.purge.gap = 1000000 (custom)
2019-09-25 12:10:38,624 [pool-127-thread-1] INFO  server.RaftServerConfigKeys (ConfUtils.java:logGet(43)) - raft.server.log.appender.buffer.byte-limit = 33554432 (custom)
2019-09-25 12:10:38,625 [pool-127-thread-1] INFO  server.RaftServerConfigKeys (ConfUtils.java:logGet(43)) - raft.server.log.segment.size.max = 1048576 (custom)
2019-09-25 12:10:38,625 [pool-127-thread-1] INFO  server.RaftServerConfigKeys (ConfUtils.java:logGet(43)) - raft.server.log.segment.cache.num.max = 2 (custom)
2019-09-25 12:10:38,625 [pool-127-thread-1] INFO  segmented.SegmentedRaftLogWorker (SegmentedRaftLogWorker.java:<init>(172)) - new c6fa9dcb-3f15-43b4-bafe-b7e2932cba65@group-220B70F062DA-SegmentedRaftLogWorker for RaftStorage:Storage Directory /workdir/hadoop-ozone/integration-test/target/test-dir/MiniOzoneClusterImpl-7d9c4453-492c-478b-a0e0-2871dbe18f6e/datanode-1/data/ratis/6a526d47-15fd-4008-95cb-220b70f062da
2019-09-25 12:10:38,625 [pool-127-thread-1] INFO  server.RaftServerConfigKeys (ConfUtils.java:logGet(43)) - raft.server.log.queue.byte-limit = 2147483647 (custom)
2019-09-25 12:10:38,625 [pool-127-thread-1] INFO  server.RaftServerConfigKeys (ConfUtils.java:logGet(43)) - raft.server.log.queue.element-limit = 1024 (custom)
2019-09-25 12:10:38,626 [pool-127-thread-1] INFO  server.RaftServerConfigKeys (ConfUtils.java:logGet(43)) - raft.server.log.segment.size.max = 1048576 (custom)
2019-09-25 12:10:38,626 [pool-127-thread-1] INFO  server.RaftServerConfigKeys (ConfUtils.java:logGet(43)) - raft.server.log.preallocated.size = 16384 (custom)
2019-09-25 12:10:38,626 [pool-127-thread-1] INFO  server.RaftServerConfigKeys (ConfUtils.java:logGet(43)) - raft.server.log.write.buffer.size = 33554432 (custom)
2019-09-25 12:10:38,626 [pool-127-thread-1] INFO  server.RaftServerConfigKeys (ConfUtils.java:logGet(43)) - raft.server.log.force.sync.num = 128 (default)
2019-09-25 12:10:38,626 [pool-127-thread-1] INFO  server.RaftServerConfigKeys (ConfUtils.java:logGet(43)) - raft.server.log.statemachine.data.sync = true (default)
2019-09-25 12:10:38,626 [pool-127-thread-1] INFO  server.RaftServerConfigKeys (ConfUtils.java:logGet(43)) - raft.server.log.statemachine.data.sync.timeout = 10s (default)
2019-09-25 12:10:38,627 [pool-127-thread-1] INFO  server.RaftServerConfigKeys (ConfUtils.java:logGet(43)) - raft.server.log.statemachine.data.sync.timeout.retry = -1 (default)
2019-09-25 12:10:38,627 [pool-127-thread-1] INFO  server.RaftServerConfigKeys (ConfUtils.java:logGet(43)) - raft.server.log.statemachine.data.caching.enabled = true (custom)
2019-09-25 12:10:38,627 [pool-127-thread-1] INFO  segmented.SegmentedRaftLogWorker (SegmentedRaftLogWorker.java:lambda$new$0(132)) - c6fa9dcb-3f15-43b4-bafe-b7e2932cba65@group-220B70F062DA-SegmentedRaftLogWorker: flushIndex: setUnconditionally 0 -> -1
2019-09-25 12:10:38,628 [pool-127-thread-1] INFO  server.RaftServerConfigKeys (ConfUtils.java:logGet(43)) - raft.server.snapshot.auto.trigger.enabled = true (custom)
2019-09-25 12:10:38,628 [pool-127-thread-1] INFO  server.RaftServerConfigKeys (ConfUtils.java:logGet(43)) - raft.server.snapshot.auto.trigger.threshold = 10000 (custom)
2019-09-25 12:10:38,628 [pool-127-thread-1] INFO  server.RaftServerConfigKeys (ConfUtils.java:logGet(43)) - raft.server.snapshot.retention.num.files = 5 (custom)
2019-09-25 12:10:38,628 [pool-127-thread-1] INFO  server.RaftServerConfigKeys (ConfUtils.java:logGet(43)) - raft.server.retrycache.expirytime = 600000ms (custom)
2019-09-25 12:10:38,631 [pool-127-thread-1] INFO  impl.RaftServerImpl (RaftServerImpl.java:start(185)) - c6fa9dcb-3f15-43b4-bafe-b7e2932cba65@group-220B70F062DA: start as a follower, conf=-1: [c6fa9dcb-3f15-43b4-bafe-b7e2932cba65:192.168.151.73:46687], old=null
2019-09-25 12:10:38,631 [pool-127-thread-1] INFO  impl.RaftServerImpl (RaftServerImpl.java:setRole(174)) - c6fa9dcb-3f15-43b4-bafe-b7e2932cba65@group-220B70F062DA: changes role from      null to FOLLOWER at term 0 for startAsFollower
2019-09-25 12:10:38,631 [pool-127-thread-1] INFO  impl.RoleInfo (RoleInfo.java:updateAndGet(143)) - c6fa9dcb-3f15-43b4-bafe-b7e2932cba65: start FollowerState
2019-09-25 12:10:38,631 [pool-127-thread-1] INFO  util.JmxRegister (JmxRegister.java:tryRegister(44)) - Successfully registered JMX Bean with object name Ratis:service=RaftServer,group=group-220B70F062DA,id=c6fa9dcb-3f15-43b4-bafe-b7e2932cba65
2019-09-25 12:10:38,635 [RatisPipelineUtilsThread] INFO  pipeline.PipelineStateManager (PipelineStateManager.java:addPipeline(56)) - Created pipeline Pipeline[ Id: 6a526d47-15fd-4008-95cb-220b70f062da, Nodes: c6fa9dcb-3f15-43b4-bafe-b7e2932cba65{ip: 192.168.151.73, host: pr-hdds-1569-shd4m-3693607622, networkLocation: /default-rack, certSerialId: null}, Type:RATIS, Factor:ONE, State:OPEN]
2019-09-25 12:10:38,641 [grpc-default-executor-0] INFO  impl.RaftServerProxy (RaftServerProxy.java:addNew(89)) - 672ef084-74ba-47a7-a215-7b0464967c29: addNew group-3D4083A8534B:[672ef084-74ba-47a7-a215-7b0464967c29:192.168.151.73:46323] returns group-3D4083A8534B:java.util.concurrent.CompletableFuture@3dbb5a7e[Not completed]
2019-09-25 12:10:38,643 [pool-137-thread-1] INFO  impl.RaftServerImpl (RaftServerImpl.java:<init>(95)) - 672ef084-74ba-47a7-a215-7b0464967c29: new RaftServerImpl for group-3D4083A8534B:[672ef084-74ba-47a7-a215-7b0464967c29:192.168.151.73:46323] with ContainerStateMachine:uninitialized
2019-09-25 12:10:38,643 [pool-137-thread-1] INFO  server.RaftServerConfigKeys (ConfUtils.java:logGet(43)) - raft.server.rpc.timeout.min = 5s (custom)
2019-09-25 12:10:38,643 [pool-137-thread-1] INFO  server.RaftServerConfigKeys (ConfUtils.java:logGet(43)) - raft.server.rpc.timeout.max = 5200ms (custom)
2019-09-25 12:10:38,643 [pool-137-thread-1] INFO  server.RaftServerConfigKeys (ConfUtils.java:logGet(43)) - raft.server.rpcslowness.timeout = 120s (custom)
2019-09-25 12:10:38,643 [pool-137-thread-1] INFO  server.RaftServerConfigKeys (ConfUtils.java:logGet(43)) - raft.server.sleep.deviation.threshold = 300 (default)
2019-09-25 12:10:38,643 [pool-137-thread-1] INFO  server.RaftServerConfigKeys (ConfUtils.java:logGet(43)) - raft.server.log.appender.install.snapshot.enabled = false (custom)
2019-09-25 12:10:38,644 [pool-137-thread-1] INFO  impl.RaftServerImpl (ServerState.java:<init>(103)) - 672ef084-74ba-47a7-a215-7b0464967c29@group-3D4083A8534B: ConfigurationManager, init=-1: [672ef084-74ba-47a7-a215-7b0464967c29:192.168.151.73:46323], old=null, confs=<EMPTY_MAP>
2019-09-25 12:10:38,644 [pool-137-thread-1] INFO  server.RaftServerConfigKeys (ConfUtils.java:logGet(43)) - raft.server.storage.dir = [/workdir/hadoop-ozone/integration-test/target/test-dir/MiniOzoneClusterImpl-7d9c4453-492c-478b-a0e0-2871dbe18f6e/datanode-2/data/ratis] (custom)
2019-09-25 12:10:38,644 [pool-137-thread-1] INFO  storage.RaftStorageDirectory (RaftStorageDirectory.java:analyzeStorage(246)) - The storage directory /workdir/hadoop-ozone/integration-test/target/test-dir/MiniOzoneClusterImpl-7d9c4453-492c-478b-a0e0-2871dbe18f6e/datanode-2/data/ratis/ff9b7d33-8bbe-4ea7-bff7-3d4083a8534b does not exist. Creating ...
2019-09-25 12:10:38,668 [pool-137-thread-1] INFO  storage.RaftStorageDirectory (RaftStorageDirectory.java:tryLock(328)) - Lock on /workdir/hadoop-ozone/integration-test/target/test-dir/MiniOzoneClusterImpl-7d9c4453-492c-478b-a0e0-2871dbe18f6e/datanode-2/data/ratis/ff9b7d33-8bbe-4ea7-bff7-3d4083a8534b/in_use.lock acquired by nodename 9481@pr-hdds-1569-shd4m-3693607622
2019-09-25 12:10:38,682 [pool-137-thread-1] INFO  storage.RaftStorage (RaftStorage.java:format(72)) - Storage directory /workdir/hadoop-ozone/integration-test/target/test-dir/MiniOzoneClusterImpl-7d9c4453-492c-478b-a0e0-2871dbe18f6e/datanode-2/data/ratis/ff9b7d33-8bbe-4ea7-bff7-3d4083a8534b has been successfully formatted.
2019-09-25 12:10:38,682 [pool-137-thread-1] INFO  ratis.ContainerStateMachine (ContainerStateMachine.java:loadSnapshot(230)) - group-3D4083A8534B: The snapshot info is null. Setting the last applied indexto:(t:0, i:~)
2019-09-25 12:10:38,682 [pool-137-thread-1] INFO  server.RaftServerConfigKeys (ConfUtils.java:logGet(43)) - raft.server.notification.no-leader.timeout = 120s (custom)
2019-09-25 12:10:38,682 [pool-137-thread-1] INFO  server.RaftServerConfigKeys (ConfUtils.java:logGet(43)) - raft.server.log.use.memory = false (default)
2019-09-25 12:10:38,683 [pool-137-thread-1] INFO  server.RaftServerConfigKeys (ConfUtils.java:logGet(43)) - raft.server.log.purge.gap = 1000000 (custom)
2019-09-25 12:10:38,683 [pool-137-thread-1] INFO  server.RaftServerConfigKeys (ConfUtils.java:logGet(43)) - raft.server.log.appender.buffer.byte-limit = 33554432 (custom)
2019-09-25 12:10:38,683 [pool-137-thread-1] INFO  server.RaftServerConfigKeys (ConfUtils.java:logGet(43)) - raft.server.log.segment.size.max = 1048576 (custom)
2019-09-25 12:10:38,683 [pool-137-thread-1] INFO  server.RaftServerConfigKeys (ConfUtils.java:logGet(43)) - raft.server.log.segment.cache.num.max = 2 (custom)
2019-09-25 12:10:38,683 [pool-137-thread-1] INFO  segmented.SegmentedRaftLogWorker (SegmentedRaftLogWorker.java:<init>(172)) - new 672ef084-74ba-47a7-a215-7b0464967c29@group-3D4083A8534B-SegmentedRaftLogWorker for RaftStorage:Storage Directory /workdir/hadoop-ozone/integration-test/target/test-dir/MiniOzoneClusterImpl-7d9c4453-492c-478b-a0e0-2871dbe18f6e/datanode-2/data/ratis/ff9b7d33-8bbe-4ea7-bff7-3d4083a8534b
2019-09-25 12:10:38,684 [pool-137-thread-1] INFO  server.RaftServerConfigKeys (ConfUtils.java:logGet(43)) - raft.server.log.queue.byte-limit = 2147483647 (custom)
2019-09-25 12:10:38,684 [pool-137-thread-1] INFO  server.RaftServerConfigKeys (ConfUtils.java:logGet(43)) - raft.server.log.queue.element-limit = 1024 (custom)
2019-09-25 12:10:38,684 [pool-137-thread-1] INFO  server.RaftServerConfigKeys (ConfUtils.java:logGet(43)) - raft.server.log.segment.size.max = 1048576 (custom)
2019-09-25 12:10:38,684 [pool-137-thread-1] INFO  server.RaftServerConfigKeys (ConfUtils.java:logGet(43)) - raft.server.log.preallocated.size = 16384 (custom)
2019-09-25 12:10:38,684 [pool-137-thread-1] INFO  server.RaftServerConfigKeys (ConfUtils.java:logGet(43)) - raft.server.log.write.buffer.size = 33554432 (custom)
2019-09-25 12:10:38,684 [pool-137-thread-1] INFO  server.RaftServerConfigKeys (ConfUtils.java:logGet(43)) - raft.server.log.force.sync.num = 128 (default)
2019-09-25 12:10:38,685 [pool-137-thread-1] INFO  server.RaftServerConfigKeys (ConfUtils.java:logGet(43)) - raft.server.log.statemachine.data.sync = true (default)
2019-09-25 12:10:38,685 [pool-137-thread-1] INFO  server.RaftServerConfigKeys (ConfUtils.java:logGet(43)) - raft.server.log.statemachine.data.sync.timeout = 10s (default)
2019-09-25 12:10:38,685 [pool-137-thread-1] INFO  server.RaftServerConfigKeys (ConfUtils.java:logGet(43)) - raft.server.log.statemachine.data.sync.timeout.retry = -1 (default)
2019-09-25 12:10:38,685 [pool-137-thread-1] INFO  server.RaftServerConfigKeys (ConfUtils.java:logGet(43)) - raft.server.log.statemachine.data.caching.enabled = true (custom)
2019-09-25 12:10:38,686 [pool-137-thread-1] INFO  segmented.SegmentedRaftLogWorker (SegmentedRaftLogWorker.java:lambda$new$0(132)) - 672ef084-74ba-47a7-a215-7b0464967c29@group-3D4083A8534B-SegmentedRaftLogWorker: flushIndex: setUnconditionally 0 -> -1
2019-09-25 12:10:38,686 [pool-137-thread-1] INFO  server.RaftServerConfigKeys (ConfUtils.java:logGet(43)) - raft.server.snapshot.auto.trigger.enabled = true (custom)
2019-09-25 12:10:38,686 [pool-137-thread-1] INFO  server.RaftServerConfigKeys (ConfUtils.java:logGet(43)) - raft.server.snapshot.auto.trigger.threshold = 10000 (custom)
2019-09-25 12:10:38,686 [pool-137-thread-1] INFO  server.RaftServerConfigKeys (ConfUtils.java:logGet(43)) - raft.server.snapshot.retention.num.files = 5 (custom)
2019-09-25 12:10:38,686 [pool-137-thread-1] INFO  server.RaftServerConfigKeys (ConfUtils.java:logGet(43)) - raft.server.retrycache.expirytime = 600000ms (custom)
2019-09-25 12:10:38,689 [pool-137-thread-1] INFO  impl.RaftServerImpl (RaftServerImpl.java:start(185)) - 672ef084-74ba-47a7-a215-7b0464967c29@group-3D4083A8534B: start as a follower, conf=-1: [672ef084-74ba-47a7-a215-7b0464967c29:192.168.151.73:46323], old=null
2019-09-25 12:10:38,689 [pool-137-thread-1] INFO  impl.RaftServerImpl (RaftServerImpl.java:setRole(174)) - 672ef084-74ba-47a7-a215-7b0464967c29@group-3D4083A8534B: changes role from      null to FOLLOWER at term 0 for startAsFollower
2019-09-25 12:10:38,689 [pool-137-thread-1] INFO  impl.RoleInfo (RoleInfo.java:updateAndGet(143)) - 672ef084-74ba-47a7-a215-7b0464967c29: start FollowerState
2019-09-25 12:10:38,690 [pool-137-thread-1] INFO  util.JmxRegister (JmxRegister.java:tryRegister(44)) - Successfully registered JMX Bean with object name Ratis:service=RaftServer,group=group-3D4083A8534B,id=672ef084-74ba-47a7-a215-7b0464967c29
2019-09-25 12:10:38,693 [RatisPipelineUtilsThread] INFO  pipeline.PipelineStateManager (PipelineStateManager.java:addPipeline(56)) - Created pipeline Pipeline[ Id: ff9b7d33-8bbe-4ea7-bff7-3d4083a8534b, Nodes: 672ef084-74ba-47a7-a215-7b0464967c29{ip: 192.168.151.73, host: pr-hdds-1569-shd4m-3693607622, networkLocation: /default-rack, certSerialId: null}, Type:RATIS, Factor:ONE, State:OPEN]
2019-09-25 12:10:38,699 [grpc-default-executor-0] INFO  impl.RaftServerProxy (RaftServerProxy.java:addNew(89)) - 672ef084-74ba-47a7-a215-7b0464967c29: addNew group-BC0E168631E1:[672ef084-74ba-47a7-a215-7b0464967c29:192.168.151.73:46323] returns group-BC0E168631E1:java.util.concurrent.CompletableFuture@34c592e7[Not completed]
2019-09-25 12:10:38,700 [pool-137-thread-1] INFO  impl.RaftServerImpl (RaftServerImpl.java:<init>(95)) - 672ef084-74ba-47a7-a215-7b0464967c29: new RaftServerImpl for group-BC0E168631E1:[672ef084-74ba-47a7-a215-7b0464967c29:192.168.151.73:46323] with ContainerStateMachine:uninitialized
2019-09-25 12:10:38,700 [pool-137-thread-1] INFO  server.RaftServerConfigKeys (ConfUtils.java:logGet(43)) - raft.server.rpc.timeout.min = 5s (custom)
2019-09-25 12:10:38,700 [pool-137-thread-1] INFO  server.RaftServerConfigKeys (ConfUtils.java:logGet(43)) - raft.server.rpc.timeout.max = 5200ms (custom)
2019-09-25 12:10:38,700 [pool-137-thread-1] INFO  server.RaftServerConfigKeys (ConfUtils.java:logGet(43)) - raft.server.rpcslowness.timeout = 120s (custom)
2019-09-25 12:10:38,701 [pool-137-thread-1] INFO  server.RaftServerConfigKeys (ConfUtils.java:logGet(43)) - raft.server.sleep.deviation.threshold = 300 (default)
2019-09-25 12:10:38,701 [pool-137-thread-1] INFO  server.RaftServerConfigKeys (ConfUtils.java:logGet(43)) - raft.server.log.appender.install.snapshot.enabled = false (custom)
2019-09-25 12:10:38,701 [pool-137-thread-1] INFO  impl.RaftServerImpl (ServerState.java:<init>(103)) - 672ef084-74ba-47a7-a215-7b0464967c29@group-BC0E168631E1: ConfigurationManager, init=-1: [672ef084-74ba-47a7-a215-7b0464967c29:192.168.151.73:46323], old=null, confs=<EMPTY_MAP>
2019-09-25 12:10:38,701 [pool-137-thread-1] INFO  server.RaftServerConfigKeys (ConfUtils.java:logGet(43)) - raft.server.storage.dir = [/workdir/hadoop-ozone/integration-test/target/test-dir/MiniOzoneClusterImpl-7d9c4453-492c-478b-a0e0-2871dbe18f6e/datanode-2/data/ratis] (custom)
2019-09-25 12:10:38,701 [pool-137-thread-1] INFO  storage.RaftStorageDirectory (RaftStorageDirectory.java:analyzeStorage(246)) - The storage directory /workdir/hadoop-ozone/integration-test/target/test-dir/MiniOzoneClusterImpl-7d9c4453-492c-478b-a0e0-2871dbe18f6e/datanode-2/data/ratis/7009e24f-fa84-4bcb-9d90-bc0e168631e1 does not exist. Creating ...
2019-09-25 12:10:38,716 [pool-137-thread-1] INFO  storage.RaftStorageDirectory (RaftStorageDirectory.java:tryLock(328)) - Lock on /workdir/hadoop-ozone/integration-test/target/test-dir/MiniOzoneClusterImpl-7d9c4453-492c-478b-a0e0-2871dbe18f6e/datanode-2/data/ratis/7009e24f-fa84-4bcb-9d90-bc0e168631e1/in_use.lock acquired by nodename 9481@pr-hdds-1569-shd4m-3693607622
2019-09-25 12:10:38,729 [pool-137-thread-1] INFO  storage.RaftStorage (RaftStorage.java:format(72)) - Storage directory /workdir/hadoop-ozone/integration-test/target/test-dir/MiniOzoneClusterImpl-7d9c4453-492c-478b-a0e0-2871dbe18f6e/datanode-2/data/ratis/7009e24f-fa84-4bcb-9d90-bc0e168631e1 has been successfully formatted.
2019-09-25 12:10:38,729 [pool-137-thread-1] INFO  ratis.ContainerStateMachine (ContainerStateMachine.java:loadSnapshot(230)) - group-BC0E168631E1: The snapshot info is null. Setting the last applied indexto:(t:0, i:~)
2019-09-25 12:10:38,729 [pool-137-thread-1] INFO  server.RaftServerConfigKeys (ConfUtils.java:logGet(43)) - raft.server.notification.no-leader.timeout = 120s (custom)
2019-09-25 12:10:38,729 [pool-137-thread-1] INFO  server.RaftServerConfigKeys (ConfUtils.java:logGet(43)) - raft.server.log.use.memory = false (default)
2019-09-25 12:10:38,730 [pool-137-thread-1] INFO  server.RaftServerConfigKeys (ConfUtils.java:logGet(43)) - raft.server.log.purge.gap = 1000000 (custom)
2019-09-25 12:10:38,730 [pool-137-thread-1] INFO  server.RaftServerConfigKeys (ConfUtils.java:logGet(43)) - raft.server.log.appender.buffer.byte-limit = 33554432 (custom)
2019-09-25 12:10:38,730 [pool-137-thread-1] INFO  server.RaftServerConfigKeys (ConfUtils.java:logGet(43)) - raft.server.log.segment.size.max = 1048576 (custom)
2019-09-25 12:10:38,730 [pool-137-thread-1] INFO  server.RaftServerConfigKeys (ConfUtils.java:logGet(43)) - raft.server.log.segment.cache.num.max = 2 (custom)
2019-09-25 12:10:38,730 [pool-137-thread-1] INFO  segmented.SegmentedRaftLogWorker (SegmentedRaftLogWorker.java:<init>(172)) - new 672ef084-74ba-47a7-a215-7b0464967c29@group-BC0E168631E1-SegmentedRaftLogWorker for RaftStorage:Storage Directory /workdir/hadoop-ozone/integration-test/target/test-dir/MiniOzoneClusterImpl-7d9c4453-492c-478b-a0e0-2871dbe18f6e/datanode-2/data/ratis/7009e24f-fa84-4bcb-9d90-bc0e168631e1
2019-09-25 12:10:38,730 [pool-137-thread-1] INFO  server.RaftServerConfigKeys (ConfUtils.java:logGet(43)) - raft.server.log.queue.byte-limit = 2147483647 (custom)
2019-09-25 12:10:38,731 [pool-137-thread-1] INFO  server.RaftServerConfigKeys (ConfUtils.java:logGet(43)) - raft.server.log.queue.element-limit = 1024 (custom)
2019-09-25 12:10:38,731 [pool-137-thread-1] INFO  server.RaftServerConfigKeys (ConfUtils.java:logGet(43)) - raft.server.log.segment.size.max = 1048576 (custom)
2019-09-25 12:10:38,731 [pool-137-thread-1] INFO  server.RaftServerConfigKeys (ConfUtils.java:logGet(43)) - raft.server.log.preallocated.size = 16384 (custom)
2019-09-25 12:10:38,731 [pool-137-thread-1] INFO  server.RaftServerConfigKeys (ConfUtils.java:logGet(43)) - raft.server.log.write.buffer.size = 33554432 (custom)
2019-09-25 12:10:38,731 [pool-137-thread-1] INFO  server.RaftServerConfigKeys (ConfUtils.java:logGet(43)) - raft.server.log.force.sync.num = 128 (default)
2019-09-25 12:10:38,731 [pool-137-thread-1] INFO  server.RaftServerConfigKeys (ConfUtils.java:logGet(43)) - raft.server.log.statemachine.data.sync = true (default)
2019-09-25 12:10:38,732 [pool-137-thread-1] INFO  server.RaftServerConfigKeys (ConfUtils.java:logGet(43)) - raft.server.log.statemachine.data.sync.timeout = 10s (default)
2019-09-25 12:10:38,732 [pool-137-thread-1] INFO  server.RaftServerConfigKeys (ConfUtils.java:logGet(43)) - raft.server.log.statemachine.data.sync.timeout.retry = -1 (default)
2019-09-25 12:10:38,732 [pool-137-thread-1] INFO  server.RaftServerConfigKeys (ConfUtils.java:logGet(43)) - raft.server.log.statemachine.data.caching.enabled = true (custom)
2019-09-25 12:10:38,733 [pool-137-thread-1] INFO  segmented.SegmentedRaftLogWorker (SegmentedRaftLogWorker.java:lambda$new$0(132)) - 672ef084-74ba-47a7-a215-7b0464967c29@group-BC0E168631E1-SegmentedRaftLogWorker: flushIndex: setUnconditionally 0 -> -1
2019-09-25 12:10:38,733 [pool-137-thread-1] INFO  server.RaftServerConfigKeys (ConfUtils.java:logGet(43)) - raft.server.snapshot.auto.trigger.enabled = true (custom)
2019-09-25 12:10:38,733 [pool-137-thread-1] INFO  server.RaftServerConfigKeys (ConfUtils.java:logGet(43)) - raft.server.snapshot.auto.trigger.threshold = 10000 (custom)
2019-09-25 12:10:38,733 [pool-137-thread-1] INFO  server.RaftServerConfigKeys (ConfUtils.java:logGet(43)) - raft.server.snapshot.retention.num.files = 5 (custom)
2019-09-25 12:10:38,733 [pool-137-thread-1] INFO  server.RaftServerConfigKeys (ConfUtils.java:logGet(43)) - raft.server.retrycache.expirytime = 600000ms (custom)
2019-09-25 12:10:38,736 [pool-137-thread-1] INFO  impl.RaftServerImpl (RaftServerImpl.java:start(185)) - 672ef084-74ba-47a7-a215-7b0464967c29@group-BC0E168631E1: start as a follower, conf=-1: [672ef084-74ba-47a7-a215-7b0464967c29:192.168.151.73:46323], old=null
2019-09-25 12:10:38,736 [pool-137-thread-1] INFO  impl.RaftServerImpl (RaftServerImpl.java:setRole(174)) - 672ef084-74ba-47a7-a215-7b0464967c29@group-BC0E168631E1: changes role from      null to FOLLOWER at term 0 for startAsFollower
2019-09-25 12:10:38,736 [pool-137-thread-1] INFO  impl.RoleInfo (RoleInfo.java:updateAndGet(143)) - 672ef084-74ba-47a7-a215-7b0464967c29: start FollowerState
2019-09-25 12:10:38,736 [pool-137-thread-1] INFO  util.JmxRegister (JmxRegister.java:tryRegister(44)) - Successfully registered JMX Bean with object name Ratis:service=RaftServer,group=group-BC0E168631E1,id=672ef084-74ba-47a7-a215-7b0464967c29
2019-09-25 12:10:38,740 [RatisPipelineUtilsThread] INFO  pipeline.PipelineStateManager (PipelineStateManager.java:addPipeline(56)) - Created pipeline Pipeline[ Id: 7009e24f-fa84-4bcb-9d90-bc0e168631e1, Nodes: 672ef084-74ba-47a7-a215-7b0464967c29{ip: 192.168.151.73, host: pr-hdds-1569-shd4m-3693607622, networkLocation: /default-rack, certSerialId: null}, Type:RATIS, Factor:ONE, State:OPEN]
2019-09-25 12:10:38,745 [grpc-default-executor-0] INFO  impl.RaftServerProxy (RaftServerProxy.java:addNew(89)) - 06c06a68-4e48-447d-bb45-a3dc0e88cff1: addNew group-791D28C25CCC:[06c06a68-4e48-447d-bb45-a3dc0e88cff1:192.168.151.73:34720] returns group-791D28C25CCC:java.util.concurrent.CompletableFuture@11be9b1b[Not completed]
2019-09-25 12:10:38,747 [pool-117-thread-1] INFO  impl.RaftServerImpl (RaftServerImpl.java:<init>(95)) - 06c06a68-4e48-447d-bb45-a3dc0e88cff1: new RaftServerImpl for group-791D28C25CCC:[06c06a68-4e48-447d-bb45-a3dc0e88cff1:192.168.151.73:34720] with ContainerStateMachine:uninitialized
2019-09-25 12:10:38,747 [pool-117-thread-1] INFO  server.RaftServerConfigKeys (ConfUtils.java:logGet(43)) - raft.server.rpc.timeout.min = 5s (custom)
2019-09-25 12:10:38,747 [pool-117-thread-1] INFO  server.RaftServerConfigKeys (ConfUtils.java:logGet(43)) - raft.server.rpc.timeout.max = 5200ms (custom)
2019-09-25 12:10:38,747 [pool-117-thread-1] INFO  server.RaftServerConfigKeys (ConfUtils.java:logGet(43)) - raft.server.rpcslowness.timeout = 120s (custom)
2019-09-25 12:10:38,747 [pool-117-thread-1] INFO  server.RaftServerConfigKeys (ConfUtils.java:logGet(43)) - raft.server.sleep.deviation.threshold = 300 (default)
2019-09-25 12:10:38,748 [pool-117-thread-1] INFO  server.RaftServerConfigKeys (ConfUtils.java:logGet(43)) - raft.server.log.appender.install.snapshot.enabled = false (custom)
2019-09-25 12:10:38,748 [pool-117-thread-1] INFO  impl.RaftServerImpl (ServerState.java:<init>(103)) - 06c06a68-4e48-447d-bb45-a3dc0e88cff1@group-791D28C25CCC: ConfigurationManager, init=-1: [06c06a68-4e48-447d-bb45-a3dc0e88cff1:192.168.151.73:34720], old=null, confs=<EMPTY_MAP>
2019-09-25 12:10:38,748 [pool-117-thread-1] INFO  server.RaftServerConfigKeys (ConfUtils.java:logGet(43)) - raft.server.storage.dir = [/workdir/hadoop-ozone/integration-test/target/test-dir/MiniOzoneClusterImpl-7d9c4453-492c-478b-a0e0-2871dbe18f6e/datanode-0/data/ratis] (custom)
2019-09-25 12:10:38,748 [pool-117-thread-1] INFO  storage.RaftStorageDirectory (RaftStorageDirectory.java:analyzeStorage(246)) - The storage directory /workdir/hadoop-ozone/integration-test/target/test-dir/MiniOzoneClusterImpl-7d9c4453-492c-478b-a0e0-2871dbe18f6e/datanode-0/data/ratis/b17c0b1f-ff3e-46cd-8d2a-791d28c25ccc does not exist. Creating ...
2019-09-25 12:10:38,761 [pool-117-thread-1] INFO  storage.RaftStorageDirectory (RaftStorageDirectory.java:tryLock(328)) - Lock on /workdir/hadoop-ozone/integration-test/target/test-dir/MiniOzoneClusterImpl-7d9c4453-492c-478b-a0e0-2871dbe18f6e/datanode-0/data/ratis/b17c0b1f-ff3e-46cd-8d2a-791d28c25ccc/in_use.lock acquired by nodename 9481@pr-hdds-1569-shd4m-3693607622
2019-09-25 12:10:38,774 [pool-117-thread-1] INFO  storage.RaftStorage (RaftStorage.java:format(72)) - Storage directory /workdir/hadoop-ozone/integration-test/target/test-dir/MiniOzoneClusterImpl-7d9c4453-492c-478b-a0e0-2871dbe18f6e/datanode-0/data/ratis/b17c0b1f-ff3e-46cd-8d2a-791d28c25ccc has been successfully formatted.
2019-09-25 12:10:38,774 [pool-117-thread-1] INFO  ratis.ContainerStateMachine (ContainerStateMachine.java:loadSnapshot(230)) - group-791D28C25CCC: The snapshot info is null. Setting the last applied indexto:(t:0, i:~)
2019-09-25 12:10:38,774 [pool-117-thread-1] INFO  server.RaftServerConfigKeys (ConfUtils.java:logGet(43)) - raft.server.notification.no-leader.timeout = 120s (custom)
2019-09-25 12:10:38,774 [pool-117-thread-1] INFO  server.RaftServerConfigKeys (ConfUtils.java:logGet(43)) - raft.server.log.use.memory = false (default)
2019-09-25 12:10:38,775 [pool-117-thread-1] INFO  server.RaftServerConfigKeys (ConfUtils.java:logGet(43)) - raft.server.log.purge.gap = 1000000 (custom)
2019-09-25 12:10:38,775 [pool-117-thread-1] INFO  server.RaftServerConfigKeys (ConfUtils.java:logGet(43)) - raft.server.log.appender.buffer.byte-limit = 33554432 (custom)
2019-09-25 12:10:38,775 [pool-117-thread-1] INFO  server.RaftServerConfigKeys (ConfUtils.java:logGet(43)) - raft.server.log.segment.size.max = 1048576 (custom)
2019-09-25 12:10:38,775 [pool-117-thread-1] INFO  server.RaftServerConfigKeys (ConfUtils.java:logGet(43)) - raft.server.log.segment.cache.num.max = 2 (custom)
2019-09-25 12:10:38,775 [pool-117-thread-1] INFO  segmented.SegmentedRaftLogWorker (SegmentedRaftLogWorker.java:<init>(172)) - new 06c06a68-4e48-447d-bb45-a3dc0e88cff1@group-791D28C25CCC-SegmentedRaftLogWorker for RaftStorage:Storage Directory /workdir/hadoop-ozone/integration-test/target/test-dir/MiniOzoneClusterImpl-7d9c4453-492c-478b-a0e0-2871dbe18f6e/datanode-0/data/ratis/b17c0b1f-ff3e-46cd-8d2a-791d28c25ccc
2019-09-25 12:10:38,775 [pool-117-thread-1] INFO  server.RaftServerConfigKeys (ConfUtils.java:logGet(43)) - raft.server.log.queue.byte-limit = 2147483647 (custom)
2019-09-25 12:10:38,776 [pool-117-thread-1] INFO  server.RaftServerConfigKeys (ConfUtils.java:logGet(43)) - raft.server.log.queue.element-limit = 1024 (custom)
2019-09-25 12:10:38,776 [pool-117-thread-1] INFO  server.RaftServerConfigKeys (ConfUtils.java:logGet(43)) - raft.server.log.segment.size.max = 1048576 (custom)
2019-09-25 12:10:38,776 [pool-117-thread-1] INFO  server.RaftServerConfigKeys (ConfUtils.java:logGet(43)) - raft.server.log.preallocated.size = 16384 (custom)
2019-09-25 12:10:38,776 [pool-117-thread-1] INFO  server.RaftServerConfigKeys (ConfUtils.java:logGet(43)) - raft.server.log.write.buffer.size = 33554432 (custom)
2019-09-25 12:10:38,776 [pool-117-thread-1] INFO  server.RaftServerConfigKeys (ConfUtils.java:logGet(43)) - raft.server.log.force.sync.num = 128 (default)
2019-09-25 12:10:38,776 [pool-117-thread-1] INFO  server.RaftServerConfigKeys (ConfUtils.java:logGet(43)) - raft.server.log.statemachine.data.sync = true (default)
2019-09-25 12:10:38,777 [pool-117-thread-1] INFO  server.RaftServerConfigKeys (ConfUtils.java:logGet(43)) - raft.server.log.statemachine.data.sync.timeout = 10s (default)
2019-09-25 12:10:38,777 [pool-117-thread-1] INFO  server.RaftServerConfigKeys (ConfUtils.java:logGet(43)) - raft.server.log.statemachine.data.sync.timeout.retry = -1 (default)
2019-09-25 12:10:38,777 [pool-117-thread-1] INFO  server.RaftServerConfigKeys (ConfUtils.java:logGet(43)) - raft.server.log.statemachine.data.caching.enabled = true (custom)
2019-09-25 12:10:38,777 [pool-117-thread-1] INFO  segmented.SegmentedRaftLogWorker (SegmentedRaftLogWorker.java:lambda$new$0(132)) - 06c06a68-4e48-447d-bb45-a3dc0e88cff1@group-791D28C25CCC-SegmentedRaftLogWorker: flushIndex: setUnconditionally 0 -> -1
2019-09-25 12:10:38,778 [pool-117-thread-1] INFO  server.RaftServerConfigKeys (ConfUtils.java:logGet(43)) - raft.server.snapshot.auto.trigger.enabled = true (custom)
2019-09-25 12:10:38,778 [pool-117-thread-1] INFO  server.RaftServerConfigKeys (ConfUtils.java:logGet(43)) - raft.server.snapshot.auto.trigger.threshold = 10000 (custom)
2019-09-25 12:10:38,778 [pool-117-thread-1] INFO  server.RaftServerConfigKeys (ConfUtils.java:logGet(43)) - raft.server.snapshot.retention.num.files = 5 (custom)
2019-09-25 12:10:38,778 [pool-117-thread-1] INFO  server.RaftServerConfigKeys (ConfUtils.java:logGet(43)) - raft.server.retrycache.expirytime = 600000ms (custom)
2019-09-25 12:10:38,780 [pool-117-thread-1] INFO  impl.RaftServerImpl (RaftServerImpl.java:start(185)) - 06c06a68-4e48-447d-bb45-a3dc0e88cff1@group-791D28C25CCC: start as a follower, conf=-1: [06c06a68-4e48-447d-bb45-a3dc0e88cff1:192.168.151.73:34720], old=null
2019-09-25 12:10:38,781 [pool-117-thread-1] INFO  impl.RaftServerImpl (RaftServerImpl.java:setRole(174)) - 06c06a68-4e48-447d-bb45-a3dc0e88cff1@group-791D28C25CCC: changes role from      null to FOLLOWER at term 0 for startAsFollower
2019-09-25 12:10:38,781 [pool-117-thread-1] INFO  impl.RoleInfo (RoleInfo.java:updateAndGet(143)) - 06c06a68-4e48-447d-bb45-a3dc0e88cff1: start FollowerState
2019-09-25 12:10:38,781 [pool-117-thread-1] INFO  util.JmxRegister (JmxRegister.java:tryRegister(44)) - Successfully registered JMX Bean with object name Ratis:service=RaftServer,group=group-791D28C25CCC,id=06c06a68-4e48-447d-bb45-a3dc0e88cff1
2019-09-25 12:10:38,784 [RatisPipelineUtilsThread] INFO  pipeline.PipelineStateManager (PipelineStateManager.java:addPipeline(56)) - Created pipeline Pipeline[ Id: b17c0b1f-ff3e-46cd-8d2a-791d28c25ccc, Nodes: 06c06a68-4e48-447d-bb45-a3dc0e88cff1{ip: 192.168.151.73, host: pr-hdds-1569-shd4m-3693607622, networkLocation: /default-rack, certSerialId: null}, Type:RATIS, Factor:ONE, State:OPEN]
2019-09-25 12:10:38,789 [grpc-default-executor-0] INFO  impl.RaftServerProxy (RaftServerProxy.java:addNew(89)) - 672ef084-74ba-47a7-a215-7b0464967c29: addNew group-0142EA358AFE:[672ef084-74ba-47a7-a215-7b0464967c29:192.168.151.73:46323] returns group-0142EA358AFE:java.util.concurrent.CompletableFuture@21fbc157[Not completed]
2019-09-25 12:10:38,791 [pool-137-thread-1] INFO  impl.RaftServerImpl (RaftServerImpl.java:<init>(95)) - 672ef084-74ba-47a7-a215-7b0464967c29: new RaftServerImpl for group-0142EA358AFE:[672ef084-74ba-47a7-a215-7b0464967c29:192.168.151.73:46323] with ContainerStateMachine:uninitialized
2019-09-25 12:10:38,791 [pool-137-thread-1] INFO  server.RaftServerConfigKeys (ConfUtils.java:logGet(43)) - raft.server.rpc.timeout.min = 5s (custom)
2019-09-25 12:10:38,791 [pool-137-thread-1] INFO  server.RaftServerConfigKeys (ConfUtils.java:logGet(43)) - raft.server.rpc.timeout.max = 5200ms (custom)
2019-09-25 12:10:38,791 [pool-137-thread-1] INFO  server.RaftServerConfigKeys (ConfUtils.java:logGet(43)) - raft.server.rpcslowness.timeout = 120s (custom)
2019-09-25 12:10:38,791 [pool-137-thread-1] INFO  server.RaftServerConfigKeys (ConfUtils.java:logGet(43)) - raft.server.sleep.deviation.threshold = 300 (default)
2019-09-25 12:10:38,791 [pool-137-thread-1] INFO  server.RaftServerConfigKeys (ConfUtils.java:logGet(43)) - raft.server.log.appender.install.snapshot.enabled = false (custom)
2019-09-25 12:10:38,792 [pool-137-thread-1] INFO  impl.RaftServerImpl (ServerState.java:<init>(103)) - 672ef084-74ba-47a7-a215-7b0464967c29@group-0142EA358AFE: ConfigurationManager, init=-1: [672ef084-74ba-47a7-a215-7b0464967c29:192.168.151.73:46323], old=null, confs=<EMPTY_MAP>
2019-09-25 12:10:38,792 [pool-137-thread-1] INFO  server.RaftServerConfigKeys (ConfUtils.java:logGet(43)) - raft.server.storage.dir = [/workdir/hadoop-ozone/integration-test/target/test-dir/MiniOzoneClusterImpl-7d9c4453-492c-478b-a0e0-2871dbe18f6e/datanode-2/data/ratis] (custom)
2019-09-25 12:10:38,792 [pool-137-thread-1] INFO  storage.RaftStorageDirectory (RaftStorageDirectory.java:analyzeStorage(246)) - The storage directory /workdir/hadoop-ozone/integration-test/target/test-dir/MiniOzoneClusterImpl-7d9c4453-492c-478b-a0e0-2871dbe18f6e/datanode-2/data/ratis/09d72fb0-4530-419c-9e6b-0142ea358afe does not exist. Creating ...
2019-09-25 12:10:38,805 [pool-137-thread-1] INFO  storage.RaftStorageDirectory (RaftStorageDirectory.java:tryLock(328)) - Lock on /workdir/hadoop-ozone/integration-test/target/test-dir/MiniOzoneClusterImpl-7d9c4453-492c-478b-a0e0-2871dbe18f6e/datanode-2/data/ratis/09d72fb0-4530-419c-9e6b-0142ea358afe/in_use.lock acquired by nodename 9481@pr-hdds-1569-shd4m-3693607622
2019-09-25 12:10:38,818 [pool-137-thread-1] INFO  storage.RaftStorage (RaftStorage.java:format(72)) - Storage directory /workdir/hadoop-ozone/integration-test/target/test-dir/MiniOzoneClusterImpl-7d9c4453-492c-478b-a0e0-2871dbe18f6e/datanode-2/data/ratis/09d72fb0-4530-419c-9e6b-0142ea358afe has been successfully formatted.
2019-09-25 12:10:38,819 [pool-137-thread-1] INFO  ratis.ContainerStateMachine (ContainerStateMachine.java:loadSnapshot(230)) - group-0142EA358AFE: The snapshot info is null. Setting the last applied indexto:(t:0, i:~)
2019-09-25 12:10:38,819 [pool-137-thread-1] INFO  server.RaftServerConfigKeys (ConfUtils.java:logGet(43)) - raft.server.notification.no-leader.timeout = 120s (custom)
2019-09-25 12:10:38,819 [pool-137-thread-1] INFO  server.RaftServerConfigKeys (ConfUtils.java:logGet(43)) - raft.server.log.use.memory = false (default)
2019-09-25 12:10:38,819 [pool-137-thread-1] INFO  server.RaftServerConfigKeys (ConfUtils.java:logGet(43)) - raft.server.log.purge.gap = 1000000 (custom)
2019-09-25 12:10:38,819 [pool-137-thread-1] INFO  server.RaftServerConfigKeys (ConfUtils.java:logGet(43)) - raft.server.log.appender.buffer.byte-limit = 33554432 (custom)
2019-09-25 12:10:38,819 [pool-137-thread-1] INFO  server.RaftServerConfigKeys (ConfUtils.java:logGet(43)) - raft.server.log.segment.size.max = 1048576 (custom)
2019-09-25 12:10:38,820 [pool-137-thread-1] INFO  server.RaftServerConfigKeys (ConfUtils.java:logGet(43)) - raft.server.log.segment.cache.num.max = 2 (custom)
2019-09-25 12:10:38,820 [pool-137-thread-1] INFO  segmented.SegmentedRaftLogWorker (SegmentedRaftLogWorker.java:<init>(172)) - new 672ef084-74ba-47a7-a215-7b0464967c29@group-0142EA358AFE-SegmentedRaftLogWorker for RaftStorage:Storage Directory /workdir/hadoop-ozone/integration-test/target/test-dir/MiniOzoneClusterImpl-7d9c4453-492c-478b-a0e0-2871dbe18f6e/datanode-2/data/ratis/09d72fb0-4530-419c-9e6b-0142ea358afe
2019-09-25 12:10:38,820 [pool-137-thread-1] INFO  server.RaftServerConfigKeys (ConfUtils.java:logGet(43)) - raft.server.log.queue.byte-limit = 2147483647 (custom)
2019-09-25 12:10:38,820 [pool-137-thread-1] INFO  server.RaftServerConfigKeys (ConfUtils.java:logGet(43)) - raft.server.log.queue.element-limit = 1024 (custom)
2019-09-25 12:10:38,820 [pool-137-thread-1] INFO  server.RaftServerConfigKeys (ConfUtils.java:logGet(43)) - raft.server.log.segment.size.max = 1048576 (custom)
2019-09-25 12:10:38,820 [pool-137-thread-1] INFO  server.RaftServerConfigKeys (ConfUtils.java:logGet(43)) - raft.server.log.preallocated.size = 16384 (custom)
2019-09-25 12:10:38,821 [pool-137-thread-1] INFO  server.RaftServerConfigKeys (ConfUtils.java:logGet(43)) - raft.server.log.write.buffer.size = 33554432 (custom)
2019-09-25 12:10:38,821 [pool-137-thread-1] INFO  server.RaftServerConfigKeys (ConfUtils.java:logGet(43)) - raft.server.log.force.sync.num = 128 (default)
2019-09-25 12:10:38,821 [pool-137-thread-1] INFO  server.RaftServerConfigKeys (ConfUtils.java:logGet(43)) - raft.server.log.statemachine.data.sync = true (default)
2019-09-25 12:10:38,821 [pool-137-thread-1] INFO  server.RaftServerConfigKeys (ConfUtils.java:logGet(43)) - raft.server.log.statemachine.data.sync.timeout = 10s (default)
2019-09-25 12:10:38,821 [pool-137-thread-1] INFO  server.RaftServerConfigKeys (ConfUtils.java:logGet(43)) - raft.server.log.statemachine.data.sync.timeout.retry = -1 (default)
2019-09-25 12:10:38,821 [pool-137-thread-1] INFO  server.RaftServerConfigKeys (ConfUtils.java:logGet(43)) - raft.server.log.statemachine.data.caching.enabled = true (custom)
2019-09-25 12:10:38,822 [pool-137-thread-1] INFO  segmented.SegmentedRaftLogWorker (SegmentedRaftLogWorker.java:lambda$new$0(132)) - 672ef084-74ba-47a7-a215-7b0464967c29@group-0142EA358AFE-SegmentedRaftLogWorker: flushIndex: setUnconditionally 0 -> -1
2019-09-25 12:10:38,822 [pool-137-thread-1] INFO  server.RaftServerConfigKeys (ConfUtils.java:logGet(43)) - raft.server.snapshot.auto.trigger.enabled = true (custom)
2019-09-25 12:10:38,822 [pool-137-thread-1] INFO  server.RaftServerConfigKeys (ConfUtils.java:logGet(43)) - raft.server.snapshot.auto.trigger.threshold = 10000 (custom)
2019-09-25 12:10:38,822 [pool-137-thread-1] INFO  server.RaftServerConfigKeys (ConfUtils.java:logGet(43)) - raft.server.snapshot.retention.num.files = 5 (custom)
2019-09-25 12:10:38,823 [pool-137-thread-1] INFO  server.RaftServerConfigKeys (ConfUtils.java:logGet(43)) - raft.server.retrycache.expirytime = 600000ms (custom)
2019-09-25 12:10:38,825 [pool-137-thread-1] INFO  impl.RaftServerImpl (RaftServerImpl.java:start(185)) - 672ef084-74ba-47a7-a215-7b0464967c29@group-0142EA358AFE: start as a follower, conf=-1: [672ef084-74ba-47a7-a215-7b0464967c29:192.168.151.73:46323], old=null
2019-09-25 12:10:38,825 [pool-137-thread-1] INFO  impl.RaftServerImpl (RaftServerImpl.java:setRole(174)) - 672ef084-74ba-47a7-a215-7b0464967c29@group-0142EA358AFE: changes role from      null to FOLLOWER at term 0 for startAsFollower
2019-09-25 12:10:38,825 [pool-137-thread-1] INFO  impl.RoleInfo (RoleInfo.java:updateAndGet(143)) - 672ef084-74ba-47a7-a215-7b0464967c29: start FollowerState
2019-09-25 12:10:38,826 [pool-137-thread-1] INFO  util.JmxRegister (JmxRegister.java:tryRegister(44)) - Successfully registered JMX Bean with object name Ratis:service=RaftServer,group=group-0142EA358AFE,id=672ef084-74ba-47a7-a215-7b0464967c29
2019-09-25 12:10:38,828 [RatisPipelineUtilsThread] INFO  pipeline.PipelineStateManager (PipelineStateManager.java:addPipeline(56)) - Created pipeline Pipeline[ Id: 09d72fb0-4530-419c-9e6b-0142ea358afe, Nodes: 672ef084-74ba-47a7-a215-7b0464967c29{ip: 192.168.151.73, host: pr-hdds-1569-shd4m-3693607622, networkLocation: /default-rack, certSerialId: null}, Type:RATIS, Factor:ONE, State:OPEN]
2019-09-25 12:10:38,834 [grpc-default-executor-0] INFO  impl.RaftServerProxy (RaftServerProxy.java:addNew(89)) - c6fa9dcb-3f15-43b4-bafe-b7e2932cba65: addNew group-BFB1E5B576C2:[c6fa9dcb-3f15-43b4-bafe-b7e2932cba65:192.168.151.73:46687] returns group-BFB1E5B576C2:java.util.concurrent.CompletableFuture@380ded07[Not completed]
2019-09-25 12:10:38,836 [pool-127-thread-1] INFO  impl.RaftServerImpl (RaftServerImpl.java:<init>(95)) - c6fa9dcb-3f15-43b4-bafe-b7e2932cba65: new RaftServerImpl for group-BFB1E5B576C2:[c6fa9dcb-3f15-43b4-bafe-b7e2932cba65:192.168.151.73:46687] with ContainerStateMachine:uninitialized
2019-09-25 12:10:38,836 [pool-127-thread-1] INFO  server.RaftServerConfigKeys (ConfUtils.java:logGet(43)) - raft.server.rpc.timeout.min = 5s (custom)
2019-09-25 12:10:38,836 [pool-127-thread-1] INFO  server.RaftServerConfigKeys (ConfUtils.java:logGet(43)) - raft.server.rpc.timeout.max = 5200ms (custom)
2019-09-25 12:10:38,836 [pool-127-thread-1] INFO  server.RaftServerConfigKeys (ConfUtils.java:logGet(43)) - raft.server.rpcslowness.timeout = 120s (custom)
2019-09-25 12:10:38,836 [pool-127-thread-1] INFO  server.RaftServerConfigKeys (ConfUtils.java:logGet(43)) - raft.server.sleep.deviation.threshold = 300 (default)
2019-09-25 12:10:38,836 [pool-127-thread-1] INFO  server.RaftServerConfigKeys (ConfUtils.java:logGet(43)) - raft.server.log.appender.install.snapshot.enabled = false (custom)
2019-09-25 12:10:38,837 [pool-127-thread-1] INFO  impl.RaftServerImpl (ServerState.java:<init>(103)) - c6fa9dcb-3f15-43b4-bafe-b7e2932cba65@group-BFB1E5B576C2: ConfigurationManager, init=-1: [c6fa9dcb-3f15-43b4-bafe-b7e2932cba65:192.168.151.73:46687], old=null, confs=<EMPTY_MAP>
2019-09-25 12:10:38,837 [pool-127-thread-1] INFO  server.RaftServerConfigKeys (ConfUtils.java:logGet(43)) - raft.server.storage.dir = [/workdir/hadoop-ozone/integration-test/target/test-dir/MiniOzoneClusterImpl-7d9c4453-492c-478b-a0e0-2871dbe18f6e/datanode-1/data/ratis] (custom)
2019-09-25 12:10:38,837 [pool-127-thread-1] INFO  storage.RaftStorageDirectory (RaftStorageDirectory.java:analyzeStorage(246)) - The storage directory /workdir/hadoop-ozone/integration-test/target/test-dir/MiniOzoneClusterImpl-7d9c4453-492c-478b-a0e0-2871dbe18f6e/datanode-1/data/ratis/e9388d87-8ef5-4ab7-9cb7-bfb1e5b576c2 does not exist. Creating ...
2019-09-25 12:10:38,859 [pool-127-thread-1] INFO  storage.RaftStorageDirectory (RaftStorageDirectory.java:tryLock(328)) - Lock on /workdir/hadoop-ozone/integration-test/target/test-dir/MiniOzoneClusterImpl-7d9c4453-492c-478b-a0e0-2871dbe18f6e/datanode-1/data/ratis/e9388d87-8ef5-4ab7-9cb7-bfb1e5b576c2/in_use.lock acquired by nodename 9481@pr-hdds-1569-shd4m-3693607622
2019-09-25 12:10:38,895 [pool-127-thread-1] INFO  storage.RaftStorage (RaftStorage.java:format(72)) - Storage directory /workdir/hadoop-ozone/integration-test/target/test-dir/MiniOzoneClusterImpl-7d9c4453-492c-478b-a0e0-2871dbe18f6e/datanode-1/data/ratis/e9388d87-8ef5-4ab7-9cb7-bfb1e5b576c2 has been successfully formatted.
2019-09-25 12:10:38,895 [pool-127-thread-1] INFO  ratis.ContainerStateMachine (ContainerStateMachine.java:loadSnapshot(230)) - group-BFB1E5B576C2: The snapshot info is null. Setting the last applied indexto:(t:0, i:~)
2019-09-25 12:10:38,896 [pool-127-thread-1] INFO  server.RaftServerConfigKeys (ConfUtils.java:logGet(43)) - raft.server.notification.no-leader.timeout = 120s (custom)
2019-09-25 12:10:38,896 [pool-127-thread-1] INFO  server.RaftServerConfigKeys (ConfUtils.java:logGet(43)) - raft.server.log.use.memory = false (default)
2019-09-25 12:10:38,896 [pool-127-thread-1] INFO  server.RaftServerConfigKeys (ConfUtils.java:logGet(43)) - raft.server.log.purge.gap = 1000000 (custom)
2019-09-25 12:10:38,896 [pool-127-thread-1] INFO  server.RaftServerConfigKeys (ConfUtils.java:logGet(43)) - raft.server.log.appender.buffer.byte-limit = 33554432 (custom)
2019-09-25 12:10:38,896 [pool-127-thread-1] INFO  server.RaftServerConfigKeys (ConfUtils.java:logGet(43)) - raft.server.log.segment.size.max = 1048576 (custom)
2019-09-25 12:10:38,896 [pool-127-thread-1] INFO  server.RaftServerConfigKeys (ConfUtils.java:logGet(43)) - raft.server.log.segment.cache.num.max = 2 (custom)
2019-09-25 12:10:38,897 [pool-127-thread-1] INFO  segmented.SegmentedRaftLogWorker (SegmentedRaftLogWorker.java:<init>(172)) - new c6fa9dcb-3f15-43b4-bafe-b7e2932cba65@group-BFB1E5B576C2-SegmentedRaftLogWorker for RaftStorage:Storage Directory /workdir/hadoop-ozone/integration-test/target/test-dir/MiniOzoneClusterImpl-7d9c4453-492c-478b-a0e0-2871dbe18f6e/datanode-1/data/ratis/e9388d87-8ef5-4ab7-9cb7-bfb1e5b576c2
2019-09-25 12:10:38,897 [pool-127-thread-1] INFO  server.RaftServerConfigKeys (ConfUtils.java:logGet(43)) - raft.server.log.queue.byte-limit = 2147483647 (custom)
2019-09-25 12:10:38,897 [pool-127-thread-1] INFO  server.RaftServerConfigKeys (ConfUtils.java:logGet(43)) - raft.server.log.queue.element-limit = 1024 (custom)
2019-09-25 12:10:38,897 [pool-127-thread-1] INFO  server.RaftServerConfigKeys (ConfUtils.java:logGet(43)) - raft.server.log.segment.size.max = 1048576 (custom)
2019-09-25 12:10:38,897 [pool-127-thread-1] INFO  server.RaftServerConfigKeys (ConfUtils.java:logGet(43)) - raft.server.log.preallocated.size = 16384 (custom)
2019-09-25 12:10:38,898 [pool-127-thread-1] INFO  server.RaftServerConfigKeys (ConfUtils.java:logGet(43)) - raft.server.log.write.buffer.size = 33554432 (custom)
2019-09-25 12:10:38,898 [pool-127-thread-1] INFO  server.RaftServerConfigKeys (ConfUtils.java:logGet(43)) - raft.server.log.force.sync.num = 128 (default)
2019-09-25 12:10:38,898 [pool-127-thread-1] INFO  server.RaftServerConfigKeys (ConfUtils.java:logGet(43)) - raft.server.log.statemachine.data.sync = true (default)
2019-09-25 12:10:38,898 [pool-127-thread-1] INFO  server.RaftServerConfigKeys (ConfUtils.java:logGet(43)) - raft.server.log.statemachine.data.sync.timeout = 10s (default)
2019-09-25 12:10:38,898 [pool-127-thread-1] INFO  server.RaftServerConfigKeys (ConfUtils.java:logGet(43)) - raft.server.log.statemachine.data.sync.timeout.retry = -1 (default)
2019-09-25 12:10:38,898 [pool-127-thread-1] INFO  server.RaftServerConfigKeys (ConfUtils.java:logGet(43)) - raft.server.log.statemachine.data.caching.enabled = true (custom)
2019-09-25 12:10:38,899 [pool-127-thread-1] INFO  segmented.SegmentedRaftLogWorker (SegmentedRaftLogWorker.java:lambda$new$0(132)) - c6fa9dcb-3f15-43b4-bafe-b7e2932cba65@group-BFB1E5B576C2-SegmentedRaftLogWorker: flushIndex: setUnconditionally 0 -> -1
2019-09-25 12:10:38,899 [pool-127-thread-1] INFO  server.RaftServerConfigKeys (ConfUtils.java:logGet(43)) - raft.server.snapshot.auto.trigger.enabled = true (custom)
2019-09-25 12:10:38,899 [pool-127-thread-1] INFO  server.RaftServerConfigKeys (ConfUtils.java:logGet(43)) - raft.server.snapshot.auto.trigger.threshold = 10000 (custom)
2019-09-25 12:10:38,899 [pool-127-thread-1] INFO  server.RaftServerConfigKeys (ConfUtils.java:logGet(43)) - raft.server.snapshot.retention.num.files = 5 (custom)
2019-09-25 12:10:38,900 [pool-127-thread-1] INFO  server.RaftServerConfigKeys (ConfUtils.java:logGet(43)) - raft.server.retrycache.expirytime = 600000ms (custom)
2019-09-25 12:10:38,902 [pool-127-thread-1] INFO  impl.RaftServerImpl (RaftServerImpl.java:start(185)) - c6fa9dcb-3f15-43b4-bafe-b7e2932cba65@group-BFB1E5B576C2: start as a follower, conf=-1: [c6fa9dcb-3f15-43b4-bafe-b7e2932cba65:192.168.151.73:46687], old=null
2019-09-25 12:10:38,902 [pool-127-thread-1] INFO  impl.RaftServerImpl (RaftServerImpl.java:setRole(174)) - c6fa9dcb-3f15-43b4-bafe-b7e2932cba65@group-BFB1E5B576C2: changes role from      null to FOLLOWER at term 0 for startAsFollower
2019-09-25 12:10:38,902 [pool-127-thread-1] INFO  impl.RoleInfo (RoleInfo.java:updateAndGet(143)) - c6fa9dcb-3f15-43b4-bafe-b7e2932cba65: start FollowerState
2019-09-25 12:10:38,903 [pool-127-thread-1] INFO  util.JmxRegister (JmxRegister.java:tryRegister(44)) - Successfully registered JMX Bean with object name Ratis:service=RaftServer,group=group-BFB1E5B576C2,id=c6fa9dcb-3f15-43b4-bafe-b7e2932cba65
2019-09-25 12:10:38,905 [RatisPipelineUtilsThread] INFO  pipeline.PipelineStateManager (PipelineStateManager.java:addPipeline(56)) - Created pipeline Pipeline[ Id: e9388d87-8ef5-4ab7-9cb7-bfb1e5b576c2, Nodes: c6fa9dcb-3f15-43b4-bafe-b7e2932cba65{ip: 192.168.151.73, host: pr-hdds-1569-shd4m-3693607622, networkLocation: /default-rack, certSerialId: null}, Type:RATIS, Factor:ONE, State:OPEN]
2019-09-25 12:10:38,911 [grpc-default-executor-0] INFO  impl.RaftServerProxy (RaftServerProxy.java:addNew(89)) - c6fa9dcb-3f15-43b4-bafe-b7e2932cba65: addNew group-C3E74B22D82E:[c6fa9dcb-3f15-43b4-bafe-b7e2932cba65:192.168.151.73:46687] returns group-C3E74B22D82E:java.util.concurrent.CompletableFuture@77f36dc5[Not completed]
2019-09-25 12:10:38,912 [pool-127-thread-1] INFO  impl.RaftServerImpl (RaftServerImpl.java:<init>(95)) - c6fa9dcb-3f15-43b4-bafe-b7e2932cba65: new RaftServerImpl for group-C3E74B22D82E:[c6fa9dcb-3f15-43b4-bafe-b7e2932cba65:192.168.151.73:46687] with ContainerStateMachine:uninitialized
2019-09-25 12:10:38,912 [pool-127-thread-1] INFO  server.RaftServerConfigKeys (ConfUtils.java:logGet(43)) - raft.server.rpc.timeout.min = 5s (custom)
2019-09-25 12:10:38,913 [pool-127-thread-1] INFO  server.RaftServerConfigKeys (ConfUtils.java:logGet(43)) - raft.server.rpc.timeout.max = 5200ms (custom)
2019-09-25 12:10:38,913 [pool-127-thread-1] INFO  server.RaftServerConfigKeys (ConfUtils.java:logGet(43)) - raft.server.rpcslowness.timeout = 120s (custom)
2019-09-25 12:10:38,913 [pool-127-thread-1] INFO  server.RaftServerConfigKeys (ConfUtils.java:logGet(43)) - raft.server.sleep.deviation.threshold = 300 (default)
2019-09-25 12:10:38,913 [pool-127-thread-1] INFO  server.RaftServerConfigKeys (ConfUtils.java:logGet(43)) - raft.server.log.appender.install.snapshot.enabled = false (custom)
2019-09-25 12:10:38,913 [pool-127-thread-1] INFO  impl.RaftServerImpl (ServerState.java:<init>(103)) - c6fa9dcb-3f15-43b4-bafe-b7e2932cba65@group-C3E74B22D82E: ConfigurationManager, init=-1: [c6fa9dcb-3f15-43b4-bafe-b7e2932cba65:192.168.151.73:46687], old=null, confs=<EMPTY_MAP>
2019-09-25 12:10:38,913 [pool-127-thread-1] INFO  server.RaftServerConfigKeys (ConfUtils.java:logGet(43)) - raft.server.storage.dir = [/workdir/hadoop-ozone/integration-test/target/test-dir/MiniOzoneClusterImpl-7d9c4453-492c-478b-a0e0-2871dbe18f6e/datanode-1/data/ratis] (custom)
2019-09-25 12:10:38,914 [pool-127-thread-1] INFO  storage.RaftStorageDirectory (RaftStorageDirectory.java:analyzeStorage(246)) - The storage directory /workdir/hadoop-ozone/integration-test/target/test-dir/MiniOzoneClusterImpl-7d9c4453-492c-478b-a0e0-2871dbe18f6e/datanode-1/data/ratis/fd95f3df-1a34-4eb0-b6ac-c3e74b22d82e does not exist. Creating ...
2019-09-25 12:10:38,928 [pool-127-thread-1] INFO  storage.RaftStorageDirectory (RaftStorageDirectory.java:tryLock(328)) - Lock on /workdir/hadoop-ozone/integration-test/target/test-dir/MiniOzoneClusterImpl-7d9c4453-492c-478b-a0e0-2871dbe18f6e/datanode-1/data/ratis/fd95f3df-1a34-4eb0-b6ac-c3e74b22d82e/in_use.lock acquired by nodename 9481@pr-hdds-1569-shd4m-3693607622
2019-09-25 12:10:38,950 [pool-127-thread-1] INFO  storage.RaftStorage (RaftStorage.java:format(72)) - Storage directory /workdir/hadoop-ozone/integration-test/target/test-dir/MiniOzoneClusterImpl-7d9c4453-492c-478b-a0e0-2871dbe18f6e/datanode-1/data/ratis/fd95f3df-1a34-4eb0-b6ac-c3e74b22d82e has been successfully formatted.
2019-09-25 12:10:38,950 [pool-127-thread-1] INFO  ratis.ContainerStateMachine (ContainerStateMachine.java:loadSnapshot(230)) - group-C3E74B22D82E: The snapshot info is null. Setting the last applied indexto:(t:0, i:~)
2019-09-25 12:10:38,950 [pool-127-thread-1] INFO  server.RaftServerConfigKeys (ConfUtils.java:logGet(43)) - raft.server.notification.no-leader.timeout = 120s (custom)
2019-09-25 12:10:38,950 [pool-127-thread-1] INFO  server.RaftServerConfigKeys (ConfUtils.java:logGet(43)) - raft.server.log.use.memory = false (default)
2019-09-25 12:10:38,950 [pool-127-thread-1] INFO  server.RaftServerConfigKeys (ConfUtils.java:logGet(43)) - raft.server.log.purge.gap = 1000000 (custom)
2019-09-25 12:10:38,951 [pool-127-thread-1] INFO  server.RaftServerConfigKeys (ConfUtils.java:logGet(43)) - raft.server.log.appender.buffer.byte-limit = 33554432 (custom)
2019-09-25 12:10:38,951 [pool-127-thread-1] INFO  server.RaftServerConfigKeys (ConfUtils.java:logGet(43)) - raft.server.log.segment.size.max = 1048576 (custom)
2019-09-25 12:10:38,951 [pool-127-thread-1] INFO  server.RaftServerConfigKeys (ConfUtils.java:logGet(43)) - raft.server.log.segment.cache.num.max = 2 (custom)
2019-09-25 12:10:38,951 [pool-127-thread-1] INFO  segmented.SegmentedRaftLogWorker (SegmentedRaftLogWorker.java:<init>(172)) - new c6fa9dcb-3f15-43b4-bafe-b7e2932cba65@group-C3E74B22D82E-SegmentedRaftLogWorker for RaftStorage:Storage Directory /workdir/hadoop-ozone/integration-test/target/test-dir/MiniOzoneClusterImpl-7d9c4453-492c-478b-a0e0-2871dbe18f6e/datanode-1/data/ratis/fd95f3df-1a34-4eb0-b6ac-c3e74b22d82e
2019-09-25 12:10:38,951 [pool-127-thread-1] INFO  server.RaftServerConfigKeys (ConfUtils.java:logGet(43)) - raft.server.log.queue.byte-limit = 2147483647 (custom)
2019-09-25 12:10:38,951 [pool-127-thread-1] INFO  server.RaftServerConfigKeys (ConfUtils.java:logGet(43)) - raft.server.log.queue.element-limit = 1024 (custom)
2019-09-25 12:10:38,952 [pool-127-thread-1] INFO  server.RaftServerConfigKeys (ConfUtils.java:logGet(43)) - raft.server.log.segment.size.max = 1048576 (custom)
2019-09-25 12:10:38,952 [pool-127-thread-1] INFO  server.RaftServerConfigKeys (ConfUtils.java:logGet(43)) - raft.server.log.preallocated.size = 16384 (custom)
2019-09-25 12:10:38,952 [pool-127-thread-1] INFO  server.RaftServerConfigKeys (ConfUtils.java:logGet(43)) - raft.server.log.write.buffer.size = 33554432 (custom)
2019-09-25 12:10:38,952 [pool-127-thread-1] INFO  server.RaftServerConfigKeys (ConfUtils.java:logGet(43)) - raft.server.log.force.sync.num = 128 (default)
2019-09-25 12:10:38,952 [pool-127-thread-1] INFO  server.RaftServerConfigKeys (ConfUtils.java:logGet(43)) - raft.server.log.statemachine.data.sync = true (default)
2019-09-25 12:10:38,952 [pool-127-thread-1] INFO  server.RaftServerConfigKeys (ConfUtils.java:logGet(43)) - raft.server.log.statemachine.data.sync.timeout = 10s (default)
2019-09-25 12:10:38,953 [pool-127-thread-1] INFO  server.RaftServerConfigKeys (ConfUtils.java:logGet(43)) - raft.server.log.statemachine.data.sync.timeout.retry = -1 (default)
2019-09-25 12:10:38,953 [pool-127-thread-1] INFO  server.RaftServerConfigKeys (ConfUtils.java:logGet(43)) - raft.server.log.statemachine.data.caching.enabled = true (custom)
2019-09-25 12:10:38,953 [pool-127-thread-1] INFO  segmented.SegmentedRaftLogWorker (SegmentedRaftLogWorker.java:lambda$new$0(132)) - c6fa9dcb-3f15-43b4-bafe-b7e2932cba65@group-C3E74B22D82E-SegmentedRaftLogWorker: flushIndex: setUnconditionally 0 -> -1
2019-09-25 12:10:38,954 [pool-127-thread-1] INFO  server.RaftServerConfigKeys (ConfUtils.java:logGet(43)) - raft.server.snapshot.auto.trigger.enabled = true (custom)
2019-09-25 12:10:38,954 [pool-127-thread-1] INFO  server.RaftServerConfigKeys (ConfUtils.java:logGet(43)) - raft.server.snapshot.auto.trigger.threshold = 10000 (custom)
2019-09-25 12:10:38,954 [pool-127-thread-1] INFO  server.RaftServerConfigKeys (ConfUtils.java:logGet(43)) - raft.server.snapshot.retention.num.files = 5 (custom)
2019-09-25 12:10:38,954 [pool-127-thread-1] INFO  server.RaftServerConfigKeys (ConfUtils.java:logGet(43)) - raft.server.retrycache.expirytime = 600000ms (custom)
2019-09-25 12:10:38,956 [pool-127-thread-1] INFO  impl.RaftServerImpl (RaftServerImpl.java:start(185)) - c6fa9dcb-3f15-43b4-bafe-b7e2932cba65@group-C3E74B22D82E: start as a follower, conf=-1: [c6fa9dcb-3f15-43b4-bafe-b7e2932cba65:192.168.151.73:46687], old=null
2019-09-25 12:10:38,957 [pool-127-thread-1] INFO  impl.RaftServerImpl (RaftServerImpl.java:setRole(174)) - c6fa9dcb-3f15-43b4-bafe-b7e2932cba65@group-C3E74B22D82E: changes role from      null to FOLLOWER at term 0 for startAsFollower
2019-09-25 12:10:38,957 [pool-127-thread-1] INFO  impl.RoleInfo (RoleInfo.java:updateAndGet(143)) - c6fa9dcb-3f15-43b4-bafe-b7e2932cba65: start FollowerState
2019-09-25 12:10:38,957 [pool-127-thread-1] INFO  util.JmxRegister (JmxRegister.java:tryRegister(44)) - Successfully registered JMX Bean with object name Ratis:service=RaftServer,group=group-C3E74B22D82E,id=c6fa9dcb-3f15-43b4-bafe-b7e2932cba65
2019-09-25 12:10:38,960 [RatisPipelineUtilsThread] INFO  pipeline.PipelineStateManager (PipelineStateManager.java:addPipeline(56)) - Created pipeline Pipeline[ Id: fd95f3df-1a34-4eb0-b6ac-c3e74b22d82e, Nodes: c6fa9dcb-3f15-43b4-bafe-b7e2932cba65{ip: 192.168.151.73, host: pr-hdds-1569-shd4m-3693607622, networkLocation: /default-rack, certSerialId: null}, Type:RATIS, Factor:ONE, State:OPEN]
2019-09-25 12:10:38,960 [RatisPipelineUtilsThread] INFO  pipeline.PipelinePlacementPolicy (PipelinePlacementPolicy.java:meetCriteria(91)) - Pipeline Placement: can't place more pipeline on heavy datanode： c6fa9dcb-3f15-43b4-bafe-b7e2932cba65 Heaviness: 6 limit: 5
2019-09-25 12:10:38,970 [grpc-default-executor-0] INFO  impl.RaftServerProxy (RaftServerProxy.java:addNew(89)) - ed9e8526-460d-4c85-81a4-c6a64f474ec5: addNew group-C4DDED4A3AE7:[ed9e8526-460d-4c85-81a4-c6a64f474ec5:192.168.151.73:34002] returns group-C4DDED4A3AE7:java.util.concurrent.CompletableFuture@6cc6e5e2[Not completed]
2019-09-25 12:10:38,976 [pool-147-thread-1] INFO  impl.RaftServerImpl (RaftServerImpl.java:<init>(95)) - ed9e8526-460d-4c85-81a4-c6a64f474ec5: new RaftServerImpl for group-C4DDED4A3AE7:[ed9e8526-460d-4c85-81a4-c6a64f474ec5:192.168.151.73:34002] with ContainerStateMachine:uninitialized
2019-09-25 12:10:38,976 [pool-147-thread-1] INFO  server.RaftServerConfigKeys (ConfUtils.java:logGet(43)) - raft.server.rpc.timeout.min = 5s (custom)
2019-09-25 12:10:38,976 [pool-147-thread-1] INFO  server.RaftServerConfigKeys (ConfUtils.java:logGet(43)) - raft.server.rpc.timeout.max = 5200ms (custom)
2019-09-25 12:10:38,976 [pool-147-thread-1] INFO  server.RaftServerConfigKeys (ConfUtils.java:logGet(43)) - raft.server.rpcslowness.timeout = 120s (custom)
2019-09-25 12:10:38,976 [pool-147-thread-1] INFO  server.RaftServerConfigKeys (ConfUtils.java:logGet(43)) - raft.server.sleep.deviation.threshold = 300 (default)
2019-09-25 12:10:38,976 [pool-147-thread-1] INFO  server.RaftServerConfigKeys (ConfUtils.java:logGet(43)) - raft.server.log.appender.install.snapshot.enabled = false (custom)
2019-09-25 12:10:38,977 [pool-147-thread-1] INFO  impl.RaftServerImpl (ServerState.java:<init>(103)) - ed9e8526-460d-4c85-81a4-c6a64f474ec5@group-C4DDED4A3AE7: ConfigurationManager, init=-1: [ed9e8526-460d-4c85-81a4-c6a64f474ec5:192.168.151.73:34002], old=null, confs=<EMPTY_MAP>
2019-09-25 12:10:38,977 [pool-147-thread-1] INFO  server.RaftServerConfigKeys (ConfUtils.java:logGet(43)) - raft.server.storage.dir = [/workdir/hadoop-ozone/integration-test/target/test-dir/MiniOzoneClusterImpl-7d9c4453-492c-478b-a0e0-2871dbe18f6e/datanode-3/data/ratis] (custom)
2019-09-25 12:10:38,977 [pool-147-thread-1] INFO  storage.RaftStorageDirectory (RaftStorageDirectory.java:analyzeStorage(246)) - The storage directory /workdir/hadoop-ozone/integration-test/target/test-dir/MiniOzoneClusterImpl-7d9c4453-492c-478b-a0e0-2871dbe18f6e/datanode-3/data/ratis/e5fb21c2-65f3-4e59-a3eb-c4dded4a3ae7 does not exist. Creating ...
2019-09-25 12:10:38,991 [pool-147-thread-1] INFO  storage.RaftStorageDirectory (RaftStorageDirectory.java:tryLock(328)) - Lock on /workdir/hadoop-ozone/integration-test/target/test-dir/MiniOzoneClusterImpl-7d9c4453-492c-478b-a0e0-2871dbe18f6e/datanode-3/data/ratis/e5fb21c2-65f3-4e59-a3eb-c4dded4a3ae7/in_use.lock acquired by nodename 9481@pr-hdds-1569-shd4m-3693607622
2019-09-25 12:10:39,005 [pool-147-thread-1] INFO  storage.RaftStorage (RaftStorage.java:format(72)) - Storage directory /workdir/hadoop-ozone/integration-test/target/test-dir/MiniOzoneClusterImpl-7d9c4453-492c-478b-a0e0-2871dbe18f6e/datanode-3/data/ratis/e5fb21c2-65f3-4e59-a3eb-c4dded4a3ae7 has been successfully formatted.
2019-09-25 12:10:39,005 [pool-147-thread-1] INFO  ratis.ContainerStateMachine (ContainerStateMachine.java:loadSnapshot(230)) - group-C4DDED4A3AE7: The snapshot info is null. Setting the last applied indexto:(t:0, i:~)
2019-09-25 12:10:39,005 [pool-147-thread-1] INFO  server.RaftServerConfigKeys (ConfUtils.java:logGet(43)) - raft.server.notification.no-leader.timeout = 120s (custom)
2019-09-25 12:10:39,005 [pool-147-thread-1] INFO  server.RaftServerConfigKeys (ConfUtils.java:logGet(43)) - raft.server.log.use.memory = false (default)
2019-09-25 12:10:39,005 [pool-147-thread-1] INFO  server.RaftServerConfigKeys (ConfUtils.java:logGet(43)) - raft.server.log.purge.gap = 1000000 (custom)
2019-09-25 12:10:39,005 [pool-147-thread-1] INFO  server.RaftServerConfigKeys (ConfUtils.java:logGet(43)) - raft.server.log.appender.buffer.byte-limit = 33554432 (custom)
2019-09-25 12:10:39,006 [pool-147-thread-1] INFO  server.RaftServerConfigKeys (ConfUtils.java:logGet(43)) - raft.server.log.segment.size.max = 1048576 (custom)
2019-09-25 12:10:39,006 [pool-147-thread-1] INFO  server.RaftServerConfigKeys (ConfUtils.java:logGet(43)) - raft.server.log.segment.cache.num.max = 2 (custom)
2019-09-25 12:10:39,006 [pool-147-thread-1] INFO  segmented.SegmentedRaftLogWorker (SegmentedRaftLogWorker.java:<init>(172)) - new ed9e8526-460d-4c85-81a4-c6a64f474ec5@group-C4DDED4A3AE7-SegmentedRaftLogWorker for RaftStorage:Storage Directory /workdir/hadoop-ozone/integration-test/target/test-dir/MiniOzoneClusterImpl-7d9c4453-492c-478b-a0e0-2871dbe18f6e/datanode-3/data/ratis/e5fb21c2-65f3-4e59-a3eb-c4dded4a3ae7
2019-09-25 12:10:39,008 [pool-147-thread-1] INFO  server.RaftServerConfigKeys (ConfUtils.java:logGet(43)) - raft.server.log.queue.byte-limit = 2147483647 (custom)
2019-09-25 12:10:39,008 [pool-147-thread-1] INFO  server.RaftServerConfigKeys (ConfUtils.java:logGet(43)) - raft.server.log.queue.element-limit = 1024 (custom)
2019-09-25 12:10:39,008 [pool-147-thread-1] INFO  server.RaftServerConfigKeys (ConfUtils.java:logGet(43)) - raft.server.log.segment.size.max = 1048576 (custom)
2019-09-25 12:10:39,009 [pool-147-thread-1] INFO  server.RaftServerConfigKeys (ConfUtils.java:logGet(43)) - raft.server.log.preallocated.size = 16384 (custom)
2019-09-25 12:10:39,009 [pool-147-thread-1] INFO  server.RaftServerConfigKeys (ConfUtils.java:logGet(43)) - raft.server.log.write.buffer.size = 33554432 (custom)
2019-09-25 12:10:39,009 [pool-147-thread-1] INFO  server.RaftServerConfigKeys (ConfUtils.java:logGet(43)) - raft.server.log.force.sync.num = 128 (default)
2019-09-25 12:10:39,009 [pool-147-thread-1] INFO  server.RaftServerConfigKeys (ConfUtils.java:logGet(43)) - raft.server.log.statemachine.data.sync = true (default)
2019-09-25 12:10:39,009 [pool-147-thread-1] INFO  server.RaftServerConfigKeys (ConfUtils.java:logGet(43)) - raft.server.log.statemachine.data.sync.timeout = 10s (default)
2019-09-25 12:10:39,009 [pool-147-thread-1] INFO  server.RaftServerConfigKeys (ConfUtils.java:logGet(43)) - raft.server.log.statemachine.data.sync.timeout.retry = -1 (default)
2019-09-25 12:10:39,010 [pool-147-thread-1] INFO  server.RaftServerConfigKeys (ConfUtils.java:logGet(43)) - raft.server.log.statemachine.data.caching.enabled = true (custom)
2019-09-25 12:10:39,010 [pool-147-thread-1] INFO  segmented.SegmentedRaftLogWorker (SegmentedRaftLogWorker.java:lambda$new$0(132)) - ed9e8526-460d-4c85-81a4-c6a64f474ec5@group-C4DDED4A3AE7-SegmentedRaftLogWorker: flushIndex: setUnconditionally 0 -> -1
2019-09-25 12:10:39,010 [pool-147-thread-1] INFO  server.RaftServerConfigKeys (ConfUtils.java:logGet(43)) - raft.server.snapshot.auto.trigger.enabled = true (custom)
2019-09-25 12:10:39,010 [pool-147-thread-1] INFO  server.RaftServerConfigKeys (ConfUtils.java:logGet(43)) - raft.server.snapshot.auto.trigger.threshold = 10000 (custom)
2019-09-25 12:10:39,010 [pool-147-thread-1] INFO  server.RaftServerConfigKeys (ConfUtils.java:logGet(43)) - raft.server.snapshot.retention.num.files = 5 (custom)
2019-09-25 12:10:39,011 [pool-147-thread-1] INFO  server.RaftServerConfigKeys (ConfUtils.java:logGet(43)) - raft.server.retrycache.expirytime = 600000ms (custom)
2019-09-25 12:10:39,013 [pool-147-thread-1] INFO  impl.RaftServerImpl (RaftServerImpl.java:start(185)) - ed9e8526-460d-4c85-81a4-c6a64f474ec5@group-C4DDED4A3AE7: start as a follower, conf=-1: [ed9e8526-460d-4c85-81a4-c6a64f474ec5:192.168.151.73:34002], old=null
2019-09-25 12:10:39,013 [pool-147-thread-1] INFO  impl.RaftServerImpl (RaftServerImpl.java:setRole(174)) - ed9e8526-460d-4c85-81a4-c6a64f474ec5@group-C4DDED4A3AE7: changes role from      null to FOLLOWER at term 0 for startAsFollower
2019-09-25 12:10:39,013 [pool-147-thread-1] INFO  impl.RoleInfo (RoleInfo.java:updateAndGet(143)) - ed9e8526-460d-4c85-81a4-c6a64f474ec5: start FollowerState
2019-09-25 12:10:39,013 [pool-147-thread-1] INFO  util.JmxRegister (JmxRegister.java:tryRegister(44)) - Successfully registered JMX Bean with object name Ratis:service=RaftServer,group=group-C4DDED4A3AE7,id=ed9e8526-460d-4c85-81a4-c6a64f474ec5
2019-09-25 12:10:39,016 [RatisPipelineUtilsThread] INFO  pipeline.PipelineStateManager (PipelineStateManager.java:addPipeline(56)) - Created pipeline Pipeline[ Id: e5fb21c2-65f3-4e59-a3eb-c4dded4a3ae7, Nodes: ed9e8526-460d-4c85-81a4-c6a64f474ec5{ip: 192.168.151.73, host: pr-hdds-1569-shd4m-3693607622, networkLocation: /default-rack, certSerialId: null}, Type:RATIS, Factor:ONE, State:OPEN]
2019-09-25 12:10:39,017 [RatisPipelineUtilsThread] INFO  pipeline.PipelinePlacementPolicy (PipelinePlacementPolicy.java:meetCriteria(91)) - Pipeline Placement: can't place more pipeline on heavy datanode： c6fa9dcb-3f15-43b4-bafe-b7e2932cba65 Heaviness: 6 limit: 5
2019-09-25 12:10:39,022 [grpc-default-executor-0] INFO  impl.RaftServerProxy (RaftServerProxy.java:addNew(89)) - 06c06a68-4e48-447d-bb45-a3dc0e88cff1: addNew group-7D04EA2C4A0F:[06c06a68-4e48-447d-bb45-a3dc0e88cff1:192.168.151.73:34720] returns group-7D04EA2C4A0F:java.util.concurrent.CompletableFuture@126387eb[Not completed]
2019-09-25 12:10:39,023 [pool-117-thread-1] INFO  impl.RaftServerImpl (RaftServerImpl.java:<init>(95)) - 06c06a68-4e48-447d-bb45-a3dc0e88cff1: new RaftServerImpl for group-7D04EA2C4A0F:[06c06a68-4e48-447d-bb45-a3dc0e88cff1:192.168.151.73:34720] with ContainerStateMachine:uninitialized
2019-09-25 12:10:39,023 [pool-117-thread-1] INFO  server.RaftServerConfigKeys (ConfUtils.java:logGet(43)) - raft.server.rpc.timeout.min = 5s (custom)
2019-09-25 12:10:39,023 [pool-117-thread-1] INFO  server.RaftServerConfigKeys (ConfUtils.java:logGet(43)) - raft.server.rpc.timeout.max = 5200ms (custom)
2019-09-25 12:10:39,023 [pool-117-thread-1] INFO  server.RaftServerConfigKeys (ConfUtils.java:logGet(43)) - raft.server.rpcslowness.timeout = 120s (custom)
2019-09-25 12:10:39,024 [pool-117-thread-1] INFO  server.RaftServerConfigKeys (ConfUtils.java:logGet(43)) - raft.server.sleep.deviation.threshold = 300 (default)
2019-09-25 12:10:39,024 [pool-117-thread-1] INFO  server.RaftServerConfigKeys (ConfUtils.java:logGet(43)) - raft.server.log.appender.install.snapshot.enabled = false (custom)
2019-09-25 12:10:39,024 [pool-117-thread-1] INFO  impl.RaftServerImpl (ServerState.java:<init>(103)) - 06c06a68-4e48-447d-bb45-a3dc0e88cff1@group-7D04EA2C4A0F: ConfigurationManager, init=-1: [06c06a68-4e48-447d-bb45-a3dc0e88cff1:192.168.151.73:34720], old=null, confs=<EMPTY_MAP>
2019-09-25 12:10:39,024 [pool-117-thread-1] INFO  server.RaftServerConfigKeys (ConfUtils.java:logGet(43)) - raft.server.storage.dir = [/workdir/hadoop-ozone/integration-test/target/test-dir/MiniOzoneClusterImpl-7d9c4453-492c-478b-a0e0-2871dbe18f6e/datanode-0/data/ratis] (custom)
2019-09-25 12:10:39,024 [pool-117-thread-1] INFO  storage.RaftStorageDirectory (RaftStorageDirectory.java:analyzeStorage(246)) - The storage directory /workdir/hadoop-ozone/integration-test/target/test-dir/MiniOzoneClusterImpl-7d9c4453-492c-478b-a0e0-2871dbe18f6e/datanode-0/data/ratis/68770823-4cb8-44d8-9b69-7d04ea2c4a0f does not exist. Creating ...
2019-09-25 12:10:39,037 [pool-117-thread-1] INFO  storage.RaftStorageDirectory (RaftStorageDirectory.java:tryLock(328)) - Lock on /workdir/hadoop-ozone/integration-test/target/test-dir/MiniOzoneClusterImpl-7d9c4453-492c-478b-a0e0-2871dbe18f6e/datanode-0/data/ratis/68770823-4cb8-44d8-9b69-7d04ea2c4a0f/in_use.lock acquired by nodename 9481@pr-hdds-1569-shd4m-3693607622
2019-09-25 12:10:39,050 [pool-117-thread-1] INFO  storage.RaftStorage (RaftStorage.java:format(72)) - Storage directory /workdir/hadoop-ozone/integration-test/target/test-dir/MiniOzoneClusterImpl-7d9c4453-492c-478b-a0e0-2871dbe18f6e/datanode-0/data/ratis/68770823-4cb8-44d8-9b69-7d04ea2c4a0f has been successfully formatted.
2019-09-25 12:10:39,050 [pool-117-thread-1] INFO  ratis.ContainerStateMachine (ContainerStateMachine.java:loadSnapshot(230)) - group-7D04EA2C4A0F: The snapshot info is null. Setting the last applied indexto:(t:0, i:~)
2019-09-25 12:10:39,050 [pool-117-thread-1] INFO  server.RaftServerConfigKeys (ConfUtils.java:logGet(43)) - raft.server.notification.no-leader.timeout = 120s (custom)
2019-09-25 12:10:39,050 [pool-117-thread-1] INFO  server.RaftServerConfigKeys (ConfUtils.java:logGet(43)) - raft.server.log.use.memory = false (default)
2019-09-25 12:10:39,050 [pool-117-thread-1] INFO  server.RaftServerConfigKeys (ConfUtils.java:logGet(43)) - raft.server.log.purge.gap = 1000000 (custom)
2019-09-25 12:10:39,051 [pool-117-thread-1] INFO  server.RaftServerConfigKeys (ConfUtils.java:logGet(43)) - raft.server.log.appender.buffer.byte-limit = 33554432 (custom)
2019-09-25 12:10:39,051 [pool-117-thread-1] INFO  server.RaftServerConfigKeys (ConfUtils.java:logGet(43)) - raft.server.log.segment.size.max = 1048576 (custom)
2019-09-25 12:10:39,051 [pool-117-thread-1] INFO  server.RaftServerConfigKeys (ConfUtils.java:logGet(43)) - raft.server.log.segment.cache.num.max = 2 (custom)
2019-09-25 12:10:39,051 [pool-117-thread-1] INFO  segmented.SegmentedRaftLogWorker (SegmentedRaftLogWorker.java:<init>(172)) - new 06c06a68-4e48-447d-bb45-a3dc0e88cff1@group-7D04EA2C4A0F-SegmentedRaftLogWorker for RaftStorage:Storage Directory /workdir/hadoop-ozone/integration-test/target/test-dir/MiniOzoneClusterImpl-7d9c4453-492c-478b-a0e0-2871dbe18f6e/datanode-0/data/ratis/68770823-4cb8-44d8-9b69-7d04ea2c4a0f
2019-09-25 12:10:39,051 [pool-117-thread-1] INFO  server.RaftServerConfigKeys (ConfUtils.java:logGet(43)) - raft.server.log.queue.byte-limit = 2147483647 (custom)
2019-09-25 12:10:39,051 [pool-117-thread-1] INFO  server.RaftServerConfigKeys (ConfUtils.java:logGet(43)) - raft.server.log.queue.element-limit = 1024 (custom)
2019-09-25 12:10:39,052 [pool-117-thread-1] INFO  server.RaftServerConfigKeys (ConfUtils.java:logGet(43)) - raft.server.log.segment.size.max = 1048576 (custom)
2019-09-25 12:10:39,052 [pool-117-thread-1] INFO  server.RaftServerConfigKeys (ConfUtils.java:logGet(43)) - raft.server.log.preallocated.size = 16384 (custom)
2019-09-25 12:10:39,052 [pool-117-thread-1] INFO  server.RaftServerConfigKeys (ConfUtils.java:logGet(43)) - raft.server.log.write.buffer.size = 33554432 (custom)
2019-09-25 12:10:39,052 [pool-117-thread-1] INFO  server.RaftServerConfigKeys (ConfUtils.java:logGet(43)) - raft.server.log.force.sync.num = 128 (default)
2019-09-25 12:10:39,052 [pool-117-thread-1] INFO  server.RaftServerConfigKeys (ConfUtils.java:logGet(43)) - raft.server.log.statemachine.data.sync = true (default)
2019-09-25 12:10:39,052 [pool-117-thread-1] INFO  server.RaftServerConfigKeys (ConfUtils.java:logGet(43)) - raft.server.log.statemachine.data.sync.timeout = 10s (default)
2019-09-25 12:10:39,052 [pool-117-thread-1] INFO  server.RaftServerConfigKeys (ConfUtils.java:logGet(43)) - raft.server.log.statemachine.data.sync.timeout.retry = -1 (default)
2019-09-25 12:10:39,053 [pool-117-thread-1] INFO  server.RaftServerConfigKeys (ConfUtils.java:logGet(43)) - raft.server.log.statemachine.data.caching.enabled = true (custom)
2019-09-25 12:10:39,053 [pool-117-thread-1] INFO  segmented.SegmentedRaftLogWorker (SegmentedRaftLogWorker.java:lambda$new$0(132)) - 06c06a68-4e48-447d-bb45-a3dc0e88cff1@group-7D04EA2C4A0F-SegmentedRaftLogWorker: flushIndex: setUnconditionally 0 -> -1
2019-09-25 12:10:39,053 [pool-117-thread-1] INFO  server.RaftServerConfigKeys (ConfUtils.java:logGet(43)) - raft.server.snapshot.auto.trigger.enabled = true (custom)
2019-09-25 12:10:39,053 [pool-117-thread-1] INFO  server.RaftServerConfigKeys (ConfUtils.java:logGet(43)) - raft.server.snapshot.auto.trigger.threshold = 10000 (custom)
2019-09-25 12:10:39,054 [pool-117-thread-1] INFO  server.RaftServerConfigKeys (ConfUtils.java:logGet(43)) - raft.server.snapshot.retention.num.files = 5 (custom)
2019-09-25 12:10:39,054 [pool-117-thread-1] INFO  server.RaftServerConfigKeys (ConfUtils.java:logGet(43)) - raft.server.retrycache.expirytime = 600000ms (custom)
2019-09-25 12:10:39,056 [pool-117-thread-1] INFO  impl.RaftServerImpl (RaftServerImpl.java:start(185)) - 06c06a68-4e48-447d-bb45-a3dc0e88cff1@group-7D04EA2C4A0F: start as a follower, conf=-1: [06c06a68-4e48-447d-bb45-a3dc0e88cff1:192.168.151.73:34720], old=null
2019-09-25 12:10:39,056 [pool-117-thread-1] INFO  impl.RaftServerImpl (RaftServerImpl.java:setRole(174)) - 06c06a68-4e48-447d-bb45-a3dc0e88cff1@group-7D04EA2C4A0F: changes role from      null to FOLLOWER at term 0 for startAsFollower
2019-09-25 12:10:39,056 [pool-117-thread-1] INFO  impl.RoleInfo (RoleInfo.java:updateAndGet(143)) - 06c06a68-4e48-447d-bb45-a3dc0e88cff1: start FollowerState
2019-09-25 12:10:39,057 [pool-117-thread-1] INFO  util.JmxRegister (JmxRegister.java:tryRegister(44)) - Successfully registered JMX Bean with object name Ratis:service=RaftServer,group=group-7D04EA2C4A0F,id=06c06a68-4e48-447d-bb45-a3dc0e88cff1
2019-09-25 12:10:39,060 [RatisPipelineUtilsThread] INFO  pipeline.PipelineStateManager (PipelineStateManager.java:addPipeline(56)) - Created pipeline Pipeline[ Id: 68770823-4cb8-44d8-9b69-7d04ea2c4a0f, Nodes: 06c06a68-4e48-447d-bb45-a3dc0e88cff1{ip: 192.168.151.73, host: pr-hdds-1569-shd4m-3693607622, networkLocation: /default-rack, certSerialId: null}, Type:RATIS, Factor:ONE, State:OPEN]
2019-09-25 12:10:39,060 [RatisPipelineUtilsThread] INFO  pipeline.PipelinePlacementPolicy (PipelinePlacementPolicy.java:meetCriteria(91)) - Pipeline Placement: can't place more pipeline on heavy datanode： c6fa9dcb-3f15-43b4-bafe-b7e2932cba65 Heaviness: 6 limit: 5
2019-09-25 12:10:39,060 [RatisPipelineUtilsThread] INFO  pipeline.PipelinePlacementPolicy (PipelinePlacementPolicy.java:meetCriteria(91)) - Pipeline Placement: can't place more pipeline on heavy datanode： 06c06a68-4e48-447d-bb45-a3dc0e88cff1 Heaviness: 6 limit: 5
2019-09-25 12:10:39,066 [grpc-default-executor-0] INFO  impl.RaftServerProxy (RaftServerProxy.java:addNew(89)) - 672ef084-74ba-47a7-a215-7b0464967c29: addNew group-B5B85577EDD9:[672ef084-74ba-47a7-a215-7b0464967c29:192.168.151.73:46323] returns group-B5B85577EDD9:java.util.concurrent.CompletableFuture@192f3d4c[Not completed]
2019-09-25 12:10:39,067 [pool-137-thread-1] INFO  impl.RaftServerImpl (RaftServerImpl.java:<init>(95)) - 672ef084-74ba-47a7-a215-7b0464967c29: new RaftServerImpl for group-B5B85577EDD9:[672ef084-74ba-47a7-a215-7b0464967c29:192.168.151.73:46323] with ContainerStateMachine:uninitialized
2019-09-25 12:10:39,067 [pool-137-thread-1] INFO  server.RaftServerConfigKeys (ConfUtils.java:logGet(43)) - raft.server.rpc.timeout.min = 5s (custom)
2019-09-25 12:10:39,068 [pool-137-thread-1] INFO  server.RaftServerConfigKeys (ConfUtils.java:logGet(43)) - raft.server.rpc.timeout.max = 5200ms (custom)
2019-09-25 12:10:39,068 [pool-137-thread-1] INFO  server.RaftServerConfigKeys (ConfUtils.java:logGet(43)) - raft.server.rpcslowness.timeout = 120s (custom)
2019-09-25 12:10:39,068 [pool-137-thread-1] INFO  server.RaftServerConfigKeys (ConfUtils.java:logGet(43)) - raft.server.sleep.deviation.threshold = 300 (default)
2019-09-25 12:10:39,068 [pool-137-thread-1] INFO  server.RaftServerConfigKeys (ConfUtils.java:logGet(43)) - raft.server.log.appender.install.snapshot.enabled = false (custom)
2019-09-25 12:10:39,068 [pool-137-thread-1] INFO  impl.RaftServerImpl (ServerState.java:<init>(103)) - 672ef084-74ba-47a7-a215-7b0464967c29@group-B5B85577EDD9: ConfigurationManager, init=-1: [672ef084-74ba-47a7-a215-7b0464967c29:192.168.151.73:46323], old=null, confs=<EMPTY_MAP>
2019-09-25 12:10:39,068 [pool-137-thread-1] INFO  server.RaftServerConfigKeys (ConfUtils.java:logGet(43)) - raft.server.storage.dir = [/workdir/hadoop-ozone/integration-test/target/test-dir/MiniOzoneClusterImpl-7d9c4453-492c-478b-a0e0-2871dbe18f6e/datanode-2/data/ratis] (custom)
2019-09-25 12:10:39,069 [pool-137-thread-1] INFO  storage.RaftStorageDirectory (RaftStorageDirectory.java:analyzeStorage(246)) - The storage directory /workdir/hadoop-ozone/integration-test/target/test-dir/MiniOzoneClusterImpl-7d9c4453-492c-478b-a0e0-2871dbe18f6e/datanode-2/data/ratis/de950c19-e15b-4a42-b8a0-b5b85577edd9 does not exist. Creating ...
2019-09-25 12:10:39,082 [pool-137-thread-1] INFO  storage.RaftStorageDirectory (RaftStorageDirectory.java:tryLock(328)) - Lock on /workdir/hadoop-ozone/integration-test/target/test-dir/MiniOzoneClusterImpl-7d9c4453-492c-478b-a0e0-2871dbe18f6e/datanode-2/data/ratis/de950c19-e15b-4a42-b8a0-b5b85577edd9/in_use.lock acquired by nodename 9481@pr-hdds-1569-shd4m-3693607622
2019-09-25 12:10:39,095 [pool-137-thread-1] INFO  storage.RaftStorage (RaftStorage.java:format(72)) - Storage directory /workdir/hadoop-ozone/integration-test/target/test-dir/MiniOzoneClusterImpl-7d9c4453-492c-478b-a0e0-2871dbe18f6e/datanode-2/data/ratis/de950c19-e15b-4a42-b8a0-b5b85577edd9 has been successfully formatted.
2019-09-25 12:10:39,096 [pool-137-thread-1] INFO  ratis.ContainerStateMachine (ContainerStateMachine.java:loadSnapshot(230)) - group-B5B85577EDD9: The snapshot info is null. Setting the last applied indexto:(t:0, i:~)
2019-09-25 12:10:39,096 [pool-137-thread-1] INFO  server.RaftServerConfigKeys (ConfUtils.java:logGet(43)) - raft.server.notification.no-leader.timeout = 120s (custom)
2019-09-25 12:10:39,096 [pool-137-thread-1] INFO  server.RaftServerConfigKeys (ConfUtils.java:logGet(43)) - raft.server.log.use.memory = false (default)
2019-09-25 12:10:39,096 [pool-137-thread-1] INFO  server.RaftServerConfigKeys (ConfUtils.java:logGet(43)) - raft.server.log.purge.gap = 1000000 (custom)
2019-09-25 12:10:39,096 [pool-137-thread-1] INFO  server.RaftServerConfigKeys (ConfUtils.java:logGet(43)) - raft.server.log.appender.buffer.byte-limit = 33554432 (custom)
2019-09-25 12:10:39,096 [pool-137-thread-1] INFO  server.RaftServerConfigKeys (ConfUtils.java:logGet(43)) - raft.server.log.segment.size.max = 1048576 (custom)
2019-09-25 12:10:39,097 [pool-137-thread-1] INFO  server.RaftServerConfigKeys (ConfUtils.java:logGet(43)) - raft.server.log.segment.cache.num.max = 2 (custom)
2019-09-25 12:10:39,097 [pool-137-thread-1] INFO  segmented.SegmentedRaftLogWorker (SegmentedRaftLogWorker.java:<init>(172)) - new 672ef084-74ba-47a7-a215-7b0464967c29@group-B5B85577EDD9-SegmentedRaftLogWorker for RaftStorage:Storage Directory /workdir/hadoop-ozone/integration-test/target/test-dir/MiniOzoneClusterImpl-7d9c4453-492c-478b-a0e0-2871dbe18f6e/datanode-2/data/ratis/de950c19-e15b-4a42-b8a0-b5b85577edd9
2019-09-25 12:10:39,097 [pool-137-thread-1] INFO  server.RaftServerConfigKeys (ConfUtils.java:logGet(43)) - raft.server.log.queue.byte-limit = 2147483647 (custom)
2019-09-25 12:10:39,097 [pool-137-thread-1] INFO  server.RaftServerConfigKeys (ConfUtils.java:logGet(43)) - raft.server.log.queue.element-limit = 1024 (custom)
2019-09-25 12:10:39,097 [pool-137-thread-1] INFO  server.RaftServerConfigKeys (ConfUtils.java:logGet(43)) - raft.server.log.segment.size.max = 1048576 (custom)
2019-09-25 12:10:39,097 [pool-137-thread-1] INFO  server.RaftServerConfigKeys (ConfUtils.java:logGet(43)) - raft.server.log.preallocated.size = 16384 (custom)
2019-09-25 12:10:39,098 [pool-137-thread-1] INFO  server.RaftServerConfigKeys (ConfUtils.java:logGet(43)) - raft.server.log.write.buffer.size = 33554432 (custom)
2019-09-25 12:10:39,098 [pool-137-thread-1] INFO  server.RaftServerConfigKeys (ConfUtils.java:logGet(43)) - raft.server.log.force.sync.num = 128 (default)
2019-09-25 12:10:39,098 [pool-137-thread-1] INFO  server.RaftServerConfigKeys (ConfUtils.java:logGet(43)) - raft.server.log.statemachine.data.sync = true (default)
2019-09-25 12:10:39,098 [pool-137-thread-1] INFO  server.RaftServerConfigKeys (ConfUtils.java:logGet(43)) - raft.server.log.statemachine.data.sync.timeout = 10s (default)
2019-09-25 12:10:39,098 [pool-137-thread-1] INFO  server.RaftServerConfigKeys (ConfUtils.java:logGet(43)) - raft.server.log.statemachine.data.sync.timeout.retry = -1 (default)
2019-09-25 12:10:39,099 [pool-137-thread-1] INFO  server.RaftServerConfigKeys (ConfUtils.java:logGet(43)) - raft.server.log.statemachine.data.caching.enabled = true (custom)
2019-09-25 12:10:39,099 [pool-137-thread-1] INFO  segmented.SegmentedRaftLogWorker (SegmentedRaftLogWorker.java:lambda$new$0(132)) - 672ef084-74ba-47a7-a215-7b0464967c29@group-B5B85577EDD9-SegmentedRaftLogWorker: flushIndex: setUnconditionally 0 -> -1
2019-09-25 12:10:39,099 [pool-137-thread-1] INFO  server.RaftServerConfigKeys (ConfUtils.java:logGet(43)) - raft.server.snapshot.auto.trigger.enabled = true (custom)
2019-09-25 12:10:39,099 [pool-137-thread-1] INFO  server.RaftServerConfigKeys (ConfUtils.java:logGet(43)) - raft.server.snapshot.auto.trigger.threshold = 10000 (custom)
2019-09-25 12:10:39,100 [pool-137-thread-1] INFO  server.RaftServerConfigKeys (ConfUtils.java:logGet(43)) - raft.server.snapshot.retention.num.files = 5 (custom)
2019-09-25 12:10:39,100 [pool-137-thread-1] INFO  server.RaftServerConfigKeys (ConfUtils.java:logGet(43)) - raft.server.retrycache.expirytime = 600000ms (custom)
2019-09-25 12:10:39,102 [pool-137-thread-1] INFO  impl.RaftServerImpl (RaftServerImpl.java:start(185)) - 672ef084-74ba-47a7-a215-7b0464967c29@group-B5B85577EDD9: start as a follower, conf=-1: [672ef084-74ba-47a7-a215-7b0464967c29:192.168.151.73:46323], old=null
2019-09-25 12:10:39,102 [pool-137-thread-1] INFO  impl.RaftServerImpl (RaftServerImpl.java:setRole(174)) - 672ef084-74ba-47a7-a215-7b0464967c29@group-B5B85577EDD9: changes role from      null to FOLLOWER at term 0 for startAsFollower
2019-09-25 12:10:39,103 [pool-137-thread-1] INFO  impl.RoleInfo (RoleInfo.java:updateAndGet(143)) - 672ef084-74ba-47a7-a215-7b0464967c29: start FollowerState
2019-09-25 12:10:39,103 [pool-137-thread-1] INFO  util.JmxRegister (JmxRegister.java:tryRegister(44)) - Successfully registered JMX Bean with object name Ratis:service=RaftServer,group=group-B5B85577EDD9,id=672ef084-74ba-47a7-a215-7b0464967c29
2019-09-25 12:10:39,106 [RatisPipelineUtilsThread] INFO  pipeline.PipelineStateManager (PipelineStateManager.java:addPipeline(56)) - Created pipeline Pipeline[ Id: de950c19-e15b-4a42-b8a0-b5b85577edd9, Nodes: 672ef084-74ba-47a7-a215-7b0464967c29{ip: 192.168.151.73, host: pr-hdds-1569-shd4m-3693607622, networkLocation: /default-rack, certSerialId: null}, Type:RATIS, Factor:ONE, State:OPEN]
2019-09-25 12:10:39,106 [RatisPipelineUtilsThread] INFO  pipeline.PipelinePlacementPolicy (PipelinePlacementPolicy.java:meetCriteria(91)) - Pipeline Placement: can't place more pipeline on heavy datanode： c6fa9dcb-3f15-43b4-bafe-b7e2932cba65 Heaviness: 6 limit: 5
2019-09-25 12:10:39,107 [RatisPipelineUtilsThread] INFO  pipeline.PipelinePlacementPolicy (PipelinePlacementPolicy.java:meetCriteria(91)) - Pipeline Placement: can't place more pipeline on heavy datanode： 672ef084-74ba-47a7-a215-7b0464967c29 Heaviness: 6 limit: 5
2019-09-25 12:10:39,107 [RatisPipelineUtilsThread] INFO  pipeline.PipelinePlacementPolicy (PipelinePlacementPolicy.java:meetCriteria(91)) - Pipeline Placement: can't place more pipeline on heavy datanode： 06c06a68-4e48-447d-bb45-a3dc0e88cff1 Heaviness: 6 limit: 5
2019-09-25 12:10:39,116 [grpc-default-executor-0] INFO  impl.RaftServerProxy (RaftServerProxy.java:addNew(89)) - b0d03c9b-af36-4ed0-8381-e873bbd9be0f: addNew group-ED14AB0E932B:[b0d03c9b-af36-4ed0-8381-e873bbd9be0f:192.168.151.73:36577] returns group-ED14AB0E932B:java.util.concurrent.CompletableFuture@50a407c[Not completed]
2019-09-25 12:10:39,122 [pool-167-thread-1] INFO  impl.RaftServerImpl (RaftServerImpl.java:<init>(95)) - b0d03c9b-af36-4ed0-8381-e873bbd9be0f: new RaftServerImpl for group-ED14AB0E932B:[b0d03c9b-af36-4ed0-8381-e873bbd9be0f:192.168.151.73:36577] with ContainerStateMachine:uninitialized
2019-09-25 12:10:39,122 [pool-167-thread-1] INFO  server.RaftServerConfigKeys (ConfUtils.java:logGet(43)) - raft.server.rpc.timeout.min = 5s (custom)
2019-09-25 12:10:39,122 [pool-167-thread-1] INFO  server.RaftServerConfigKeys (ConfUtils.java:logGet(43)) - raft.server.rpc.timeout.max = 5200ms (custom)
2019-09-25 12:10:39,123 [pool-167-thread-1] INFO  server.RaftServerConfigKeys (ConfUtils.java:logGet(43)) - raft.server.rpcslowness.timeout = 120s (custom)
2019-09-25 12:10:39,123 [pool-167-thread-1] INFO  server.RaftServerConfigKeys (ConfUtils.java:logGet(43)) - raft.server.sleep.deviation.threshold = 300 (default)
2019-09-25 12:10:39,123 [pool-167-thread-1] INFO  server.RaftServerConfigKeys (ConfUtils.java:logGet(43)) - raft.server.log.appender.install.snapshot.enabled = false (custom)
2019-09-25 12:10:39,123 [pool-167-thread-1] INFO  impl.RaftServerImpl (ServerState.java:<init>(103)) - b0d03c9b-af36-4ed0-8381-e873bbd9be0f@group-ED14AB0E932B: ConfigurationManager, init=-1: [b0d03c9b-af36-4ed0-8381-e873bbd9be0f:192.168.151.73:36577], old=null, confs=<EMPTY_MAP>
2019-09-25 12:10:39,123 [pool-167-thread-1] INFO  server.RaftServerConfigKeys (ConfUtils.java:logGet(43)) - raft.server.storage.dir = [/workdir/hadoop-ozone/integration-test/target/test-dir/MiniOzoneClusterImpl-7d9c4453-492c-478b-a0e0-2871dbe18f6e/datanode-5/data/ratis] (custom)
2019-09-25 12:10:39,124 [pool-167-thread-1] INFO  storage.RaftStorageDirectory (RaftStorageDirectory.java:analyzeStorage(246)) - The storage directory /workdir/hadoop-ozone/integration-test/target/test-dir/MiniOzoneClusterImpl-7d9c4453-492c-478b-a0e0-2871dbe18f6e/datanode-5/data/ratis/f870b249-12e1-454d-a909-ed14ab0e932b does not exist. Creating ...
2019-09-25 12:10:39,136 [pool-167-thread-1] INFO  storage.RaftStorageDirectory (RaftStorageDirectory.java:tryLock(328)) - Lock on /workdir/hadoop-ozone/integration-test/target/test-dir/MiniOzoneClusterImpl-7d9c4453-492c-478b-a0e0-2871dbe18f6e/datanode-5/data/ratis/f870b249-12e1-454d-a909-ed14ab0e932b/in_use.lock acquired by nodename 9481@pr-hdds-1569-shd4m-3693607622
2019-09-25 12:10:39,159 [pool-167-thread-1] INFO  storage.RaftStorage (RaftStorage.java:format(72)) - Storage directory /workdir/hadoop-ozone/integration-test/target/test-dir/MiniOzoneClusterImpl-7d9c4453-492c-478b-a0e0-2871dbe18f6e/datanode-5/data/ratis/f870b249-12e1-454d-a909-ed14ab0e932b has been successfully formatted.
2019-09-25 12:10:39,160 [pool-167-thread-1] INFO  ratis.ContainerStateMachine (ContainerStateMachine.java:loadSnapshot(230)) - group-ED14AB0E932B: The snapshot info is null. Setting the last applied indexto:(t:0, i:~)
2019-09-25 12:10:39,160 [pool-167-thread-1] INFO  server.RaftServerConfigKeys (ConfUtils.java:logGet(43)) - raft.server.notification.no-leader.timeout = 120s (custom)
2019-09-25 12:10:39,160 [pool-167-thread-1] INFO  server.RaftServerConfigKeys (ConfUtils.java:logGet(43)) - raft.server.log.use.memory = false (default)
2019-09-25 12:10:39,161 [pool-167-thread-1] INFO  server.RaftServerConfigKeys (ConfUtils.java:logGet(43)) - raft.server.log.purge.gap = 1000000 (custom)
2019-09-25 12:10:39,161 [pool-167-thread-1] INFO  server.RaftServerConfigKeys (ConfUtils.java:logGet(43)) - raft.server.log.appender.buffer.byte-limit = 33554432 (custom)
2019-09-25 12:10:39,161 [pool-167-thread-1] INFO  server.RaftServerConfigKeys (ConfUtils.java:logGet(43)) - raft.server.log.segment.size.max = 1048576 (custom)
2019-09-25 12:10:39,161 [pool-167-thread-1] INFO  server.RaftServerConfigKeys (ConfUtils.java:logGet(43)) - raft.server.log.segment.cache.num.max = 2 (custom)
2019-09-25 12:10:39,162 [pool-167-thread-1] INFO  segmented.SegmentedRaftLogWorker (SegmentedRaftLogWorker.java:<init>(172)) - new b0d03c9b-af36-4ed0-8381-e873bbd9be0f@group-ED14AB0E932B-SegmentedRaftLogWorker for RaftStorage:Storage Directory /workdir/hadoop-ozone/integration-test/target/test-dir/MiniOzoneClusterImpl-7d9c4453-492c-478b-a0e0-2871dbe18f6e/datanode-5/data/ratis/f870b249-12e1-454d-a909-ed14ab0e932b
2019-09-25 12:10:39,165 [pool-167-thread-1] INFO  server.RaftServerConfigKeys (ConfUtils.java:logGet(43)) - raft.server.log.queue.byte-limit = 2147483647 (custom)
2019-09-25 12:10:39,165 [pool-167-thread-1] INFO  server.RaftServerConfigKeys (ConfUtils.java:logGet(43)) - raft.server.log.queue.element-limit = 1024 (custom)
2019-09-25 12:10:39,166 [pool-167-thread-1] INFO  server.RaftServerConfigKeys (ConfUtils.java:logGet(43)) - raft.server.log.segment.size.max = 1048576 (custom)
2019-09-25 12:10:39,166 [pool-167-thread-1] INFO  server.RaftServerConfigKeys (ConfUtils.java:logGet(43)) - raft.server.log.preallocated.size = 16384 (custom)
2019-09-25 12:10:39,166 [pool-167-thread-1] INFO  server.RaftServerConfigKeys (ConfUtils.java:logGet(43)) - raft.server.log.write.buffer.size = 33554432 (custom)
2019-09-25 12:10:39,166 [pool-167-thread-1] INFO  server.RaftServerConfigKeys (ConfUtils.java:logGet(43)) - raft.server.log.force.sync.num = 128 (default)
2019-09-25 12:10:39,167 [pool-167-thread-1] INFO  server.RaftServerConfigKeys (ConfUtils.java:logGet(43)) - raft.server.log.statemachine.data.sync = true (default)
2019-09-25 12:10:39,167 [pool-167-thread-1] INFO  server.RaftServerConfigKeys (ConfUtils.java:logGet(43)) - raft.server.log.statemachine.data.sync.timeout = 10s (default)
2019-09-25 12:10:39,167 [pool-167-thread-1] INFO  server.RaftServerConfigKeys (ConfUtils.java:logGet(43)) - raft.server.log.statemachine.data.sync.timeout.retry = -1 (default)
2019-09-25 12:10:39,168 [pool-167-thread-1] INFO  server.RaftServerConfigKeys (ConfUtils.java:logGet(43)) - raft.server.log.statemachine.data.caching.enabled = true (custom)
2019-09-25 12:10:39,168 [pool-167-thread-1] INFO  segmented.SegmentedRaftLogWorker (SegmentedRaftLogWorker.java:lambda$new$0(132)) - b0d03c9b-af36-4ed0-8381-e873bbd9be0f@group-ED14AB0E932B-SegmentedRaftLogWorker: flushIndex: setUnconditionally 0 -> -1
2019-09-25 12:10:39,169 [pool-167-thread-1] INFO  server.RaftServerConfigKeys (ConfUtils.java:logGet(43)) - raft.server.snapshot.auto.trigger.enabled = true (custom)
2019-09-25 12:10:39,169 [pool-167-thread-1] INFO  server.RaftServerConfigKeys (ConfUtils.java:logGet(43)) - raft.server.snapshot.auto.trigger.threshold = 10000 (custom)
2019-09-25 12:10:39,169 [pool-167-thread-1] INFO  server.RaftServerConfigKeys (ConfUtils.java:logGet(43)) - raft.server.snapshot.retention.num.files = 5 (custom)
2019-09-25 12:10:39,169 [pool-167-thread-1] INFO  server.RaftServerConfigKeys (ConfUtils.java:logGet(43)) - raft.server.retrycache.expirytime = 600000ms (custom)
2019-09-25 12:10:39,172 [pool-167-thread-1] INFO  impl.RaftServerImpl (RaftServerImpl.java:start(185)) - b0d03c9b-af36-4ed0-8381-e873bbd9be0f@group-ED14AB0E932B: start as a follower, conf=-1: [b0d03c9b-af36-4ed0-8381-e873bbd9be0f:192.168.151.73:36577], old=null
2019-09-25 12:10:39,172 [pool-167-thread-1] INFO  impl.RaftServerImpl (RaftServerImpl.java:setRole(174)) - b0d03c9b-af36-4ed0-8381-e873bbd9be0f@group-ED14AB0E932B: changes role from      null to FOLLOWER at term 0 for startAsFollower
2019-09-25 12:10:39,173 [pool-167-thread-1] INFO  impl.RoleInfo (RoleInfo.java:updateAndGet(143)) - b0d03c9b-af36-4ed0-8381-e873bbd9be0f: start FollowerState
2019-09-25 12:10:39,173 [pool-167-thread-1] INFO  util.JmxRegister (JmxRegister.java:tryRegister(44)) - Successfully registered JMX Bean with object name Ratis:service=RaftServer,group=group-ED14AB0E932B,id=b0d03c9b-af36-4ed0-8381-e873bbd9be0f
2019-09-25 12:10:39,176 [RatisPipelineUtilsThread] INFO  pipeline.PipelineStateManager (PipelineStateManager.java:addPipeline(56)) - Created pipeline Pipeline[ Id: f870b249-12e1-454d-a909-ed14ab0e932b, Nodes: b0d03c9b-af36-4ed0-8381-e873bbd9be0f{ip: 192.168.151.73, host: pr-hdds-1569-shd4m-3693607622, networkLocation: /default-rack, certSerialId: null}, Type:RATIS, Factor:ONE, State:OPEN]
2019-09-25 12:10:39,177 [RatisPipelineUtilsThread] INFO  pipeline.PipelinePlacementPolicy (PipelinePlacementPolicy.java:meetCriteria(91)) - Pipeline Placement: can't place more pipeline on heavy datanode： c6fa9dcb-3f15-43b4-bafe-b7e2932cba65 Heaviness: 6 limit: 5
2019-09-25 12:10:39,177 [RatisPipelineUtilsThread] INFO  pipeline.PipelinePlacementPolicy (PipelinePlacementPolicy.java:meetCriteria(91)) - Pipeline Placement: can't place more pipeline on heavy datanode： 672ef084-74ba-47a7-a215-7b0464967c29 Heaviness: 6 limit: 5
2019-09-25 12:10:39,177 [RatisPipelineUtilsThread] INFO  pipeline.PipelinePlacementPolicy (PipelinePlacementPolicy.java:meetCriteria(91)) - Pipeline Placement: can't place more pipeline on heavy datanode： 06c06a68-4e48-447d-bb45-a3dc0e88cff1 Heaviness: 6 limit: 5
2019-09-25 12:10:39,185 [grpc-default-executor-0] INFO  impl.RaftServerProxy (RaftServerProxy.java:addNew(89)) - 80deecc8-67d2-4886-a269-aab5f88a17c2: addNew group-A2A8BD9DDE5C:[80deecc8-67d2-4886-a269-aab5f88a17c2:192.168.151.73:41765] returns group-A2A8BD9DDE5C:java.util.concurrent.CompletableFuture@7669e77c[Not completed]
2019-09-25 12:10:39,186 [pool-157-thread-1] INFO  impl.RaftServerImpl (RaftServerImpl.java:<init>(95)) - 80deecc8-67d2-4886-a269-aab5f88a17c2: new RaftServerImpl for group-A2A8BD9DDE5C:[80deecc8-67d2-4886-a269-aab5f88a17c2:192.168.151.73:41765] with ContainerStateMachine:uninitialized
2019-09-25 12:10:39,186 [pool-157-thread-1] INFO  server.RaftServerConfigKeys (ConfUtils.java:logGet(43)) - raft.server.rpc.timeout.min = 5s (custom)
2019-09-25 12:10:39,187 [pool-157-thread-1] INFO  server.RaftServerConfigKeys (ConfUtils.java:logGet(43)) - raft.server.rpc.timeout.max = 5200ms (custom)
2019-09-25 12:10:39,187 [pool-157-thread-1] INFO  server.RaftServerConfigKeys (ConfUtils.java:logGet(43)) - raft.server.rpcslowness.timeout = 120s (custom)
2019-09-25 12:10:39,187 [pool-157-thread-1] INFO  server.RaftServerConfigKeys (ConfUtils.java:logGet(43)) - raft.server.sleep.deviation.threshold = 300 (default)
2019-09-25 12:10:39,187 [pool-157-thread-1] INFO  server.RaftServerConfigKeys (ConfUtils.java:logGet(43)) - raft.server.log.appender.install.snapshot.enabled = false (custom)
2019-09-25 12:10:39,187 [pool-157-thread-1] INFO  impl.RaftServerImpl (ServerState.java:<init>(103)) - 80deecc8-67d2-4886-a269-aab5f88a17c2@group-A2A8BD9DDE5C: ConfigurationManager, init=-1: [80deecc8-67d2-4886-a269-aab5f88a17c2:192.168.151.73:41765], old=null, confs=<EMPTY_MAP>
2019-09-25 12:10:39,187 [pool-157-thread-1] INFO  server.RaftServerConfigKeys (ConfUtils.java:logGet(43)) - raft.server.storage.dir = [/workdir/hadoop-ozone/integration-test/target/test-dir/MiniOzoneClusterImpl-7d9c4453-492c-478b-a0e0-2871dbe18f6e/datanode-4/data/ratis] (custom)
2019-09-25 12:10:39,189 [pool-157-thread-1] INFO  storage.RaftStorageDirectory (RaftStorageDirectory.java:analyzeStorage(246)) - The storage directory /workdir/hadoop-ozone/integration-test/target/test-dir/MiniOzoneClusterImpl-7d9c4453-492c-478b-a0e0-2871dbe18f6e/datanode-4/data/ratis/8d6c6fe7-4f0d-42df-a128-a2a8bd9dde5c does not exist. Creating ...
2019-09-25 12:10:39,203 [pool-157-thread-1] INFO  storage.RaftStorageDirectory (RaftStorageDirectory.java:tryLock(328)) - Lock on /workdir/hadoop-ozone/integration-test/target/test-dir/MiniOzoneClusterImpl-7d9c4453-492c-478b-a0e0-2871dbe18f6e/datanode-4/data/ratis/8d6c6fe7-4f0d-42df-a128-a2a8bd9dde5c/in_use.lock acquired by nodename 9481@pr-hdds-1569-shd4m-3693607622
2019-09-25 12:10:39,217 [pool-157-thread-1] INFO  storage.RaftStorage (RaftStorage.java:format(72)) - Storage directory /workdir/hadoop-ozone/integration-test/target/test-dir/MiniOzoneClusterImpl-7d9c4453-492c-478b-a0e0-2871dbe18f6e/datanode-4/data/ratis/8d6c6fe7-4f0d-42df-a128-a2a8bd9dde5c has been successfully formatted.
2019-09-25 12:10:39,218 [pool-157-thread-1] INFO  ratis.ContainerStateMachine (ContainerStateMachine.java:loadSnapshot(230)) - group-A2A8BD9DDE5C: The snapshot info is null. Setting the last applied indexto:(t:0, i:~)
2019-09-25 12:10:39,218 [pool-157-thread-1] INFO  server.RaftServerConfigKeys (ConfUtils.java:logGet(43)) - raft.server.notification.no-leader.timeout = 120s (custom)
2019-09-25 12:10:39,218 [pool-157-thread-1] INFO  server.RaftServerConfigKeys (ConfUtils.java:logGet(43)) - raft.server.log.use.memory = false (default)
2019-09-25 12:10:39,218 [pool-157-thread-1] INFO  server.RaftServerConfigKeys (ConfUtils.java:logGet(43)) - raft.server.log.purge.gap = 1000000 (custom)
2019-09-25 12:10:39,218 [pool-157-thread-1] INFO  server.RaftServerConfigKeys (ConfUtils.java:logGet(43)) - raft.server.log.appender.buffer.byte-limit = 33554432 (custom)
2019-09-25 12:10:39,219 [pool-157-thread-1] INFO  server.RaftServerConfigKeys (ConfUtils.java:logGet(43)) - raft.server.log.segment.size.max = 1048576 (custom)
2019-09-25 12:10:39,219 [pool-157-thread-1] INFO  server.RaftServerConfigKeys (ConfUtils.java:logGet(43)) - raft.server.log.segment.cache.num.max = 2 (custom)
2019-09-25 12:10:39,219 [pool-157-thread-1] INFO  segmented.SegmentedRaftLogWorker (SegmentedRaftLogWorker.java:<init>(172)) - new 80deecc8-67d2-4886-a269-aab5f88a17c2@group-A2A8BD9DDE5C-SegmentedRaftLogWorker for RaftStorage:Storage Directory /workdir/hadoop-ozone/integration-test/target/test-dir/MiniOzoneClusterImpl-7d9c4453-492c-478b-a0e0-2871dbe18f6e/datanode-4/data/ratis/8d6c6fe7-4f0d-42df-a128-a2a8bd9dde5c
2019-09-25 12:10:39,219 [pool-157-thread-1] INFO  server.RaftServerConfigKeys (ConfUtils.java:logGet(43)) - raft.server.log.queue.byte-limit = 2147483647 (custom)
2019-09-25 12:10:39,219 [pool-157-thread-1] INFO  server.RaftServerConfigKeys (ConfUtils.java:logGet(43)) - raft.server.log.queue.element-limit = 1024 (custom)
2019-09-25 12:10:39,219 [pool-157-thread-1] INFO  server.RaftServerConfigKeys (ConfUtils.java:logGet(43)) - raft.server.log.segment.size.max = 1048576 (custom)
2019-09-25 12:10:39,219 [pool-157-thread-1] INFO  server.RaftServerConfigKeys (ConfUtils.java:logGet(43)) - raft.server.log.preallocated.size = 16384 (custom)
2019-09-25 12:10:39,220 [pool-157-thread-1] INFO  server.RaftServerConfigKeys (ConfUtils.java:logGet(43)) - raft.server.log.write.buffer.size = 33554432 (custom)
2019-09-25 12:10:39,220 [pool-157-thread-1] INFO  server.RaftServerConfigKeys (ConfUtils.java:logGet(43)) - raft.server.log.force.sync.num = 128 (default)
2019-09-25 12:10:39,220 [pool-157-thread-1] INFO  server.RaftServerConfigKeys (ConfUtils.java:logGet(43)) - raft.server.log.statemachine.data.sync = true (default)
2019-09-25 12:10:39,220 [pool-157-thread-1] INFO  server.RaftServerConfigKeys (ConfUtils.java:logGet(43)) - raft.server.log.statemachine.data.sync.timeout = 10s (default)
2019-09-25 12:10:39,220 [pool-157-thread-1] INFO  server.RaftServerConfigKeys (ConfUtils.java:logGet(43)) - raft.server.log.statemachine.data.sync.timeout.retry = -1 (default)
2019-09-25 12:10:39,220 [pool-157-thread-1] INFO  server.RaftServerConfigKeys (ConfUtils.java:logGet(43)) - raft.server.log.statemachine.data.caching.enabled = true (custom)
2019-09-25 12:10:39,221 [pool-157-thread-1] INFO  segmented.SegmentedRaftLogWorker (SegmentedRaftLogWorker.java:lambda$new$0(132)) - 80deecc8-67d2-4886-a269-aab5f88a17c2@group-A2A8BD9DDE5C-SegmentedRaftLogWorker: flushIndex: setUnconditionally 0 -> -1
2019-09-25 12:10:39,221 [pool-157-thread-1] INFO  server.RaftServerConfigKeys (ConfUtils.java:logGet(43)) - raft.server.snapshot.auto.trigger.enabled = true (custom)
2019-09-25 12:10:39,221 [pool-157-thread-1] INFO  server.RaftServerConfigKeys (ConfUtils.java:logGet(43)) - raft.server.snapshot.auto.trigger.threshold = 10000 (custom)
2019-09-25 12:10:39,221 [pool-157-thread-1] INFO  server.RaftServerConfigKeys (ConfUtils.java:logGet(43)) - raft.server.snapshot.retention.num.files = 5 (custom)
2019-09-25 12:10:39,221 [pool-157-thread-1] INFO  server.RaftServerConfigKeys (ConfUtils.java:logGet(43)) - raft.server.retrycache.expirytime = 600000ms (custom)
2019-09-25 12:10:39,223 [pool-157-thread-1] INFO  impl.RaftServerImpl (RaftServerImpl.java:start(185)) - 80deecc8-67d2-4886-a269-aab5f88a17c2@group-A2A8BD9DDE5C: start as a follower, conf=-1: [80deecc8-67d2-4886-a269-aab5f88a17c2:192.168.151.73:41765], old=null
2019-09-25 12:10:39,224 [pool-157-thread-1] INFO  impl.RaftServerImpl (RaftServerImpl.java:setRole(174)) - 80deecc8-67d2-4886-a269-aab5f88a17c2@group-A2A8BD9DDE5C: changes role from      null to FOLLOWER at term 0 for startAsFollower
2019-09-25 12:10:39,224 [pool-157-thread-1] INFO  impl.RoleInfo (RoleInfo.java:updateAndGet(143)) - 80deecc8-67d2-4886-a269-aab5f88a17c2: start FollowerState
2019-09-25 12:10:39,224 [pool-157-thread-1] INFO  util.JmxRegister (JmxRegister.java:tryRegister(44)) - Successfully registered JMX Bean with object name Ratis:service=RaftServer,group=group-A2A8BD9DDE5C,id=80deecc8-67d2-4886-a269-aab5f88a17c2
2019-09-25 12:10:39,229 [RatisPipelineUtilsThread] INFO  pipeline.PipelineStateManager (PipelineStateManager.java:addPipeline(56)) - Created pipeline Pipeline[ Id: 8d6c6fe7-4f0d-42df-a128-a2a8bd9dde5c, Nodes: 80deecc8-67d2-4886-a269-aab5f88a17c2{ip: 192.168.151.73, host: pr-hdds-1569-shd4m-3693607622, networkLocation: /default-rack, certSerialId: null}, Type:RATIS, Factor:ONE, State:OPEN]
2019-09-25 12:10:39,229 [RatisPipelineUtilsThread] INFO  pipeline.PipelinePlacementPolicy (PipelinePlacementPolicy.java:meetCriteria(91)) - Pipeline Placement: can't place more pipeline on heavy datanode： c6fa9dcb-3f15-43b4-bafe-b7e2932cba65 Heaviness: 6 limit: 5
2019-09-25 12:10:39,229 [RatisPipelineUtilsThread] INFO  pipeline.PipelinePlacementPolicy (PipelinePlacementPolicy.java:meetCriteria(91)) - Pipeline Placement: can't place more pipeline on heavy datanode： 672ef084-74ba-47a7-a215-7b0464967c29 Heaviness: 6 limit: 5
2019-09-25 12:10:39,229 [RatisPipelineUtilsThread] INFO  pipeline.PipelinePlacementPolicy (PipelinePlacementPolicy.java:meetCriteria(91)) - Pipeline Placement: can't place more pipeline on heavy datanode： 06c06a68-4e48-447d-bb45-a3dc0e88cff1 Heaviness: 6 limit: 5
2019-09-25 12:10:39,236 [grpc-default-executor-0] INFO  impl.RaftServerProxy (RaftServerProxy.java:addNew(89)) - ed9e8526-460d-4c85-81a4-c6a64f474ec5: addNew group-F0F0CF8417AF:[ed9e8526-460d-4c85-81a4-c6a64f474ec5:192.168.151.73:34002] returns group-F0F0CF8417AF:java.util.concurrent.CompletableFuture@288080b4[Not completed]
2019-09-25 12:10:39,237 [pool-147-thread-1] INFO  impl.RaftServerImpl (RaftServerImpl.java:<init>(95)) - ed9e8526-460d-4c85-81a4-c6a64f474ec5: new RaftServerImpl for group-F0F0CF8417AF:[ed9e8526-460d-4c85-81a4-c6a64f474ec5:192.168.151.73:34002] with ContainerStateMachine:uninitialized
2019-09-25 12:10:39,237 [pool-147-thread-1] INFO  server.RaftServerConfigKeys (ConfUtils.java:logGet(43)) - raft.server.rpc.timeout.min = 5s (custom)
2019-09-25 12:10:39,237 [pool-147-thread-1] INFO  server.RaftServerConfigKeys (ConfUtils.java:logGet(43)) - raft.server.rpc.timeout.max = 5200ms (custom)
2019-09-25 12:10:39,237 [pool-147-thread-1] INFO  server.RaftServerConfigKeys (ConfUtils.java:logGet(43)) - raft.server.rpcslowness.timeout = 120s (custom)
2019-09-25 12:10:39,237 [pool-147-thread-1] INFO  server.RaftServerConfigKeys (ConfUtils.java:logGet(43)) - raft.server.sleep.deviation.threshold = 300 (default)
2019-09-25 12:10:39,238 [pool-147-thread-1] INFO  server.RaftServerConfigKeys (ConfUtils.java:logGet(43)) - raft.server.log.appender.install.snapshot.enabled = false (custom)
2019-09-25 12:10:39,238 [pool-147-thread-1] INFO  impl.RaftServerImpl (ServerState.java:<init>(103)) - ed9e8526-460d-4c85-81a4-c6a64f474ec5@group-F0F0CF8417AF: ConfigurationManager, init=-1: [ed9e8526-460d-4c85-81a4-c6a64f474ec5:192.168.151.73:34002], old=null, confs=<EMPTY_MAP>
2019-09-25 12:10:39,238 [pool-147-thread-1] INFO  server.RaftServerConfigKeys (ConfUtils.java:logGet(43)) - raft.server.storage.dir = [/workdir/hadoop-ozone/integration-test/target/test-dir/MiniOzoneClusterImpl-7d9c4453-492c-478b-a0e0-2871dbe18f6e/datanode-3/data/ratis] (custom)
2019-09-25 12:10:39,238 [pool-147-thread-1] INFO  storage.RaftStorageDirectory (RaftStorageDirectory.java:analyzeStorage(246)) - The storage directory /workdir/hadoop-ozone/integration-test/target/test-dir/MiniOzoneClusterImpl-7d9c4453-492c-478b-a0e0-2871dbe18f6e/datanode-3/data/ratis/5ef8f1c8-85b7-413c-b6bf-f0f0cf8417af does not exist. Creating ...
2019-09-25 12:10:39,252 [pool-147-thread-1] INFO  storage.RaftStorageDirectory (RaftStorageDirectory.java:tryLock(328)) - Lock on /workdir/hadoop-ozone/integration-test/target/test-dir/MiniOzoneClusterImpl-7d9c4453-492c-478b-a0e0-2871dbe18f6e/datanode-3/data/ratis/5ef8f1c8-85b7-413c-b6bf-f0f0cf8417af/in_use.lock acquired by nodename 9481@pr-hdds-1569-shd4m-3693607622
2019-09-25 12:10:39,265 [pool-147-thread-1] INFO  storage.RaftStorage (RaftStorage.java:format(72)) - Storage directory /workdir/hadoop-ozone/integration-test/target/test-dir/MiniOzoneClusterImpl-7d9c4453-492c-478b-a0e0-2871dbe18f6e/datanode-3/data/ratis/5ef8f1c8-85b7-413c-b6bf-f0f0cf8417af has been successfully formatted.
2019-09-25 12:10:39,266 [pool-147-thread-1] INFO  ratis.ContainerStateMachine (ContainerStateMachine.java:loadSnapshot(230)) - group-F0F0CF8417AF: The snapshot info is null. Setting the last applied indexto:(t:0, i:~)
2019-09-25 12:10:39,266 [pool-147-thread-1] INFO  server.RaftServerConfigKeys (ConfUtils.java:logGet(43)) - raft.server.notification.no-leader.timeout = 120s (custom)
2019-09-25 12:10:39,266 [pool-147-thread-1] INFO  server.RaftServerConfigKeys (ConfUtils.java:logGet(43)) - raft.server.log.use.memory = false (default)
2019-09-25 12:10:39,266 [pool-147-thread-1] INFO  server.RaftServerConfigKeys (ConfUtils.java:logGet(43)) - raft.server.log.purge.gap = 1000000 (custom)
2019-09-25 12:10:39,266 [pool-147-thread-1] INFO  server.RaftServerConfigKeys (ConfUtils.java:logGet(43)) - raft.server.log.appender.buffer.byte-limit = 33554432 (custom)
2019-09-25 12:10:39,266 [pool-147-thread-1] INFO  server.RaftServerConfigKeys (ConfUtils.java:logGet(43)) - raft.server.log.segment.size.max = 1048576 (custom)
2019-09-25 12:10:39,266 [pool-147-thread-1] INFO  server.RaftServerConfigKeys (ConfUtils.java:logGet(43)) - raft.server.log.segment.cache.num.max = 2 (custom)
2019-09-25 12:10:39,266 [pool-147-thread-1] INFO  segmented.SegmentedRaftLogWorker (SegmentedRaftLogWorker.java:<init>(172)) - new ed9e8526-460d-4c85-81a4-c6a64f474ec5@group-F0F0CF8417AF-SegmentedRaftLogWorker for RaftStorage:Storage Directory /workdir/hadoop-ozone/integration-test/target/test-dir/MiniOzoneClusterImpl-7d9c4453-492c-478b-a0e0-2871dbe18f6e/datanode-3/data/ratis/5ef8f1c8-85b7-413c-b6bf-f0f0cf8417af
2019-09-25 12:10:39,266 [pool-147-thread-1] INFO  server.RaftServerConfigKeys (ConfUtils.java:logGet(43)) - raft.server.log.queue.byte-limit = 2147483647 (custom)
2019-09-25 12:10:39,267 [pool-147-thread-1] INFO  server.RaftServerConfigKeys (ConfUtils.java:logGet(43)) - raft.server.log.queue.element-limit = 1024 (custom)
2019-09-25 12:10:39,267 [pool-147-thread-1] INFO  server.RaftServerConfigKeys (ConfUtils.java:logGet(43)) - raft.server.log.segment.size.max = 1048576 (custom)
2019-09-25 12:10:39,267 [pool-147-thread-1] INFO  server.RaftServerConfigKeys (ConfUtils.java:logGet(43)) - raft.server.log.preallocated.size = 16384 (custom)
2019-09-25 12:10:39,267 [pool-147-thread-1] INFO  server.RaftServerConfigKeys (ConfUtils.java:logGet(43)) - raft.server.log.write.buffer.size = 33554432 (custom)
2019-09-25 12:10:39,267 [pool-147-thread-1] INFO  server.RaftServerConfigKeys (ConfUtils.java:logGet(43)) - raft.server.log.force.sync.num = 128 (default)
2019-09-25 12:10:39,267 [pool-147-thread-1] INFO  server.RaftServerConfigKeys (ConfUtils.java:logGet(43)) - raft.server.log.statemachine.data.sync = true (default)
2019-09-25 12:10:39,267 [pool-147-thread-1] INFO  server.RaftServerConfigKeys (ConfUtils.java:logGet(43)) - raft.server.log.statemachine.data.sync.timeout = 10s (default)
2019-09-25 12:10:39,267 [pool-147-thread-1] INFO  server.RaftServerConfigKeys (ConfUtils.java:logGet(43)) - raft.server.log.statemachine.data.sync.timeout.retry = -1 (default)
2019-09-25 12:10:39,267 [pool-147-thread-1] INFO  server.RaftServerConfigKeys (ConfUtils.java:logGet(43)) - raft.server.log.statemachine.data.caching.enabled = true (custom)
2019-09-25 12:10:39,268 [pool-147-thread-1] INFO  segmented.SegmentedRaftLogWorker (SegmentedRaftLogWorker.java:lambda$new$0(132)) - ed9e8526-460d-4c85-81a4-c6a64f474ec5@group-F0F0CF8417AF-SegmentedRaftLogWorker: flushIndex: setUnconditionally 0 -> -1
2019-09-25 12:10:39,268 [pool-147-thread-1] INFO  server.RaftServerConfigKeys (ConfUtils.java:logGet(43)) - raft.server.snapshot.auto.trigger.enabled = true (custom)
2019-09-25 12:10:39,268 [pool-147-thread-1] INFO  server.RaftServerConfigKeys (ConfUtils.java:logGet(43)) - raft.server.snapshot.auto.trigger.threshold = 10000 (custom)
2019-09-25 12:10:39,268 [pool-147-thread-1] INFO  server.RaftServerConfigKeys (ConfUtils.java:logGet(43)) - raft.server.snapshot.retention.num.files = 5 (custom)
2019-09-25 12:10:39,268 [pool-147-thread-1] INFO  server.RaftServerConfigKeys (ConfUtils.java:logGet(43)) - raft.server.retrycache.expirytime = 600000ms (custom)
2019-09-25 12:10:39,270 [pool-147-thread-1] INFO  impl.RaftServerImpl (RaftServerImpl.java:start(185)) - ed9e8526-460d-4c85-81a4-c6a64f474ec5@group-F0F0CF8417AF: start as a follower, conf=-1: [ed9e8526-460d-4c85-81a4-c6a64f474ec5:192.168.151.73:34002], old=null
2019-09-25 12:10:39,270 [pool-147-thread-1] INFO  impl.RaftServerImpl (RaftServerImpl.java:setRole(174)) - ed9e8526-460d-4c85-81a4-c6a64f474ec5@group-F0F0CF8417AF: changes role from      null to FOLLOWER at term 0 for startAsFollower
2019-09-25 12:10:39,270 [pool-147-thread-1] INFO  impl.RoleInfo (RoleInfo.java:updateAndGet(143)) - ed9e8526-460d-4c85-81a4-c6a64f474ec5: start FollowerState
2019-09-25 12:10:39,271 [pool-147-thread-1] INFO  util.JmxRegister (JmxRegister.java:tryRegister(44)) - Successfully registered JMX Bean with object name Ratis:service=RaftServer,group=group-F0F0CF8417AF,id=ed9e8526-460d-4c85-81a4-c6a64f474ec5
2019-09-25 12:10:39,274 [RatisPipelineUtilsThread] INFO  pipeline.PipelineStateManager (PipelineStateManager.java:addPipeline(56)) - Created pipeline Pipeline[ Id: 5ef8f1c8-85b7-413c-b6bf-f0f0cf8417af, Nodes: ed9e8526-460d-4c85-81a4-c6a64f474ec5{ip: 192.168.151.73, host: pr-hdds-1569-shd4m-3693607622, networkLocation: /default-rack, certSerialId: null}, Type:RATIS, Factor:ONE, State:OPEN]
2019-09-25 12:10:39,274 [RatisPipelineUtilsThread] INFO  pipeline.PipelinePlacementPolicy (PipelinePlacementPolicy.java:meetCriteria(91)) - Pipeline Placement: can't place more pipeline on heavy datanode： c6fa9dcb-3f15-43b4-bafe-b7e2932cba65 Heaviness: 6 limit: 5
2019-09-25 12:10:39,274 [RatisPipelineUtilsThread] INFO  pipeline.PipelinePlacementPolicy (PipelinePlacementPolicy.java:meetCriteria(91)) - Pipeline Placement: can't place more pipeline on heavy datanode： 672ef084-74ba-47a7-a215-7b0464967c29 Heaviness: 6 limit: 5
2019-09-25 12:10:39,274 [RatisPipelineUtilsThread] INFO  pipeline.PipelinePlacementPolicy (PipelinePlacementPolicy.java:meetCriteria(91)) - Pipeline Placement: can't place more pipeline on heavy datanode： 06c06a68-4e48-447d-bb45-a3dc0e88cff1 Heaviness: 6 limit: 5
2019-09-25 12:10:39,280 [grpc-default-executor-0] INFO  impl.RaftServerProxy (RaftServerProxy.java:addNew(89)) - ed9e8526-460d-4c85-81a4-c6a64f474ec5: addNew group-295A0D2C5133:[ed9e8526-460d-4c85-81a4-c6a64f474ec5:192.168.151.73:34002] returns group-295A0D2C5133:java.util.concurrent.CompletableFuture@a1997d5[Not completed]
2019-09-25 12:10:39,281 [pool-147-thread-1] INFO  impl.RaftServerImpl (RaftServerImpl.java:<init>(95)) - ed9e8526-460d-4c85-81a4-c6a64f474ec5: new RaftServerImpl for group-295A0D2C5133:[ed9e8526-460d-4c85-81a4-c6a64f474ec5:192.168.151.73:34002] with ContainerStateMachine:uninitialized
2019-09-25 12:10:39,281 [pool-147-thread-1] INFO  server.RaftServerConfigKeys (ConfUtils.java:logGet(43)) - raft.server.rpc.timeout.min = 5s (custom)
2019-09-25 12:10:39,281 [pool-147-thread-1] INFO  server.RaftServerConfigKeys (ConfUtils.java:logGet(43)) - raft.server.rpc.timeout.max = 5200ms (custom)
2019-09-25 12:10:39,281 [pool-147-thread-1] INFO  server.RaftServerConfigKeys (ConfUtils.java:logGet(43)) - raft.server.rpcslowness.timeout = 120s (custom)
2019-09-25 12:10:39,281 [pool-147-thread-1] INFO  server.RaftServerConfigKeys (ConfUtils.java:logGet(43)) - raft.server.sleep.deviation.threshold = 300 (default)
2019-09-25 12:10:39,281 [pool-147-thread-1] INFO  server.RaftServerConfigKeys (ConfUtils.java:logGet(43)) - raft.server.log.appender.install.snapshot.enabled = false (custom)
2019-09-25 12:10:39,282 [pool-147-thread-1] INFO  impl.RaftServerImpl (ServerState.java:<init>(103)) - ed9e8526-460d-4c85-81a4-c6a64f474ec5@group-295A0D2C5133: ConfigurationManager, init=-1: [ed9e8526-460d-4c85-81a4-c6a64f474ec5:192.168.151.73:34002], old=null, confs=<EMPTY_MAP>
2019-09-25 12:10:39,282 [pool-147-thread-1] INFO  server.RaftServerConfigKeys (ConfUtils.java:logGet(43)) - raft.server.storage.dir = [/workdir/hadoop-ozone/integration-test/target/test-dir/MiniOzoneClusterImpl-7d9c4453-492c-478b-a0e0-2871dbe18f6e/datanode-3/data/ratis] (custom)
2019-09-25 12:10:39,282 [pool-147-thread-1] INFO  storage.RaftStorageDirectory (RaftStorageDirectory.java:analyzeStorage(246)) - The storage directory /workdir/hadoop-ozone/integration-test/target/test-dir/MiniOzoneClusterImpl-7d9c4453-492c-478b-a0e0-2871dbe18f6e/datanode-3/data/ratis/4793a0e1-3214-4307-9669-295a0d2c5133 does not exist. Creating ...
2019-09-25 12:10:39,294 [pool-147-thread-1] INFO  storage.RaftStorageDirectory (RaftStorageDirectory.java:tryLock(328)) - Lock on /workdir/hadoop-ozone/integration-test/target/test-dir/MiniOzoneClusterImpl-7d9c4453-492c-478b-a0e0-2871dbe18f6e/datanode-3/data/ratis/4793a0e1-3214-4307-9669-295a0d2c5133/in_use.lock acquired by nodename 9481@pr-hdds-1569-shd4m-3693607622
2019-09-25 12:10:39,307 [pool-147-thread-1] INFO  storage.RaftStorage (RaftStorage.java:format(72)) - Storage directory /workdir/hadoop-ozone/integration-test/target/test-dir/MiniOzoneClusterImpl-7d9c4453-492c-478b-a0e0-2871dbe18f6e/datanode-3/data/ratis/4793a0e1-3214-4307-9669-295a0d2c5133 has been successfully formatted.
2019-09-25 12:10:39,307 [pool-147-thread-1] INFO  ratis.ContainerStateMachine (ContainerStateMachine.java:loadSnapshot(230)) - group-295A0D2C5133: The snapshot info is null. Setting the last applied indexto:(t:0, i:~)
2019-09-25 12:10:39,307 [pool-147-thread-1] INFO  server.RaftServerConfigKeys (ConfUtils.java:logGet(43)) - raft.server.notification.no-leader.timeout = 120s (custom)
2019-09-25 12:10:39,307 [pool-147-thread-1] INFO  server.RaftServerConfigKeys (ConfUtils.java:logGet(43)) - raft.server.log.use.memory = false (default)
2019-09-25 12:10:39,307 [pool-147-thread-1] INFO  server.RaftServerConfigKeys (ConfUtils.java:logGet(43)) - raft.server.log.purge.gap = 1000000 (custom)
2019-09-25 12:10:39,308 [pool-147-thread-1] INFO  server.RaftServerConfigKeys (ConfUtils.java:logGet(43)) - raft.server.log.appender.buffer.byte-limit = 33554432 (custom)
2019-09-25 12:10:39,308 [pool-147-thread-1] INFO  server.RaftServerConfigKeys (ConfUtils.java:logGet(43)) - raft.server.log.segment.size.max = 1048576 (custom)
2019-09-25 12:10:39,308 [pool-147-thread-1] INFO  server.RaftServerConfigKeys (ConfUtils.java:logGet(43)) - raft.server.log.segment.cache.num.max = 2 (custom)
2019-09-25 12:10:39,308 [pool-147-thread-1] INFO  segmented.SegmentedRaftLogWorker (SegmentedRaftLogWorker.java:<init>(172)) - new ed9e8526-460d-4c85-81a4-c6a64f474ec5@group-295A0D2C5133-SegmentedRaftLogWorker for RaftStorage:Storage Directory /workdir/hadoop-ozone/integration-test/target/test-dir/MiniOzoneClusterImpl-7d9c4453-492c-478b-a0e0-2871dbe18f6e/datanode-3/data/ratis/4793a0e1-3214-4307-9669-295a0d2c5133
2019-09-25 12:10:39,308 [pool-147-thread-1] INFO  server.RaftServerConfigKeys (ConfUtils.java:logGet(43)) - raft.server.log.queue.byte-limit = 2147483647 (custom)
2019-09-25 12:10:39,308 [pool-147-thread-1] INFO  server.RaftServerConfigKeys (ConfUtils.java:logGet(43)) - raft.server.log.queue.element-limit = 1024 (custom)
2019-09-25 12:10:39,308 [pool-147-thread-1] INFO  server.RaftServerConfigKeys (ConfUtils.java:logGet(43)) - raft.server.log.segment.size.max = 1048576 (custom)
2019-09-25 12:10:39,308 [pool-147-thread-1] INFO  server.RaftServerConfigKeys (ConfUtils.java:logGet(43)) - raft.server.log.preallocated.size = 16384 (custom)
2019-09-25 12:10:39,308 [pool-147-thread-1] INFO  server.RaftServerConfigKeys (ConfUtils.java:logGet(43)) - raft.server.log.write.buffer.size = 33554432 (custom)
2019-09-25 12:10:39,309 [pool-147-thread-1] INFO  server.RaftServerConfigKeys (ConfUtils.java:logGet(43)) - raft.server.log.force.sync.num = 128 (default)
2019-09-25 12:10:39,309 [pool-147-thread-1] INFO  server.RaftServerConfigKeys (ConfUtils.java:logGet(43)) - raft.server.log.statemachine.data.sync = true (default)
2019-09-25 12:10:39,309 [pool-147-thread-1] INFO  server.RaftServerConfigKeys (ConfUtils.java:logGet(43)) - raft.server.log.statemachine.data.sync.timeout = 10s (default)
2019-09-25 12:10:39,309 [pool-147-thread-1] INFO  server.RaftServerConfigKeys (ConfUtils.java:logGet(43)) - raft.server.log.statemachine.data.sync.timeout.retry = -1 (default)
2019-09-25 12:10:39,309 [pool-147-thread-1] INFO  server.RaftServerConfigKeys (ConfUtils.java:logGet(43)) - raft.server.log.statemachine.data.caching.enabled = true (custom)
2019-09-25 12:10:39,309 [pool-147-thread-1] INFO  segmented.SegmentedRaftLogWorker (SegmentedRaftLogWorker.java:lambda$new$0(132)) - ed9e8526-460d-4c85-81a4-c6a64f474ec5@group-295A0D2C5133-SegmentedRaftLogWorker: flushIndex: setUnconditionally 0 -> -1
2019-09-25 12:10:39,309 [pool-147-thread-1] INFO  server.RaftServerConfigKeys (ConfUtils.java:logGet(43)) - raft.server.snapshot.auto.trigger.enabled = true (custom)
2019-09-25 12:10:39,310 [pool-147-thread-1] INFO  server.RaftServerConfigKeys (ConfUtils.java:logGet(43)) - raft.server.snapshot.auto.trigger.threshold = 10000 (custom)
2019-09-25 12:10:39,310 [pool-147-thread-1] INFO  server.RaftServerConfigKeys (ConfUtils.java:logGet(43)) - raft.server.snapshot.retention.num.files = 5 (custom)
2019-09-25 12:10:39,310 [pool-147-thread-1] INFO  server.RaftServerConfigKeys (ConfUtils.java:logGet(43)) - raft.server.retrycache.expirytime = 600000ms (custom)
2019-09-25 12:10:39,311 [pool-147-thread-1] INFO  impl.RaftServerImpl (RaftServerImpl.java:start(185)) - ed9e8526-460d-4c85-81a4-c6a64f474ec5@group-295A0D2C5133: start as a follower, conf=-1: [ed9e8526-460d-4c85-81a4-c6a64f474ec5:192.168.151.73:34002], old=null
2019-09-25 12:10:39,311 [pool-147-thread-1] INFO  impl.RaftServerImpl (RaftServerImpl.java:setRole(174)) - ed9e8526-460d-4c85-81a4-c6a64f474ec5@group-295A0D2C5133: changes role from      null to FOLLOWER at term 0 for startAsFollower
2019-09-25 12:10:39,311 [pool-147-thread-1] INFO  impl.RoleInfo (RoleInfo.java:updateAndGet(143)) - ed9e8526-460d-4c85-81a4-c6a64f474ec5: start FollowerState
2019-09-25 12:10:39,312 [pool-147-thread-1] INFO  util.JmxRegister (JmxRegister.java:tryRegister(44)) - Successfully registered JMX Bean with object name Ratis:service=RaftServer,group=group-295A0D2C5133,id=ed9e8526-460d-4c85-81a4-c6a64f474ec5
2019-09-25 12:10:39,315 [RatisPipelineUtilsThread] INFO  pipeline.PipelineStateManager (PipelineStateManager.java:addPipeline(56)) - Created pipeline Pipeline[ Id: 4793a0e1-3214-4307-9669-295a0d2c5133, Nodes: ed9e8526-460d-4c85-81a4-c6a64f474ec5{ip: 192.168.151.73, host: pr-hdds-1569-shd4m-3693607622, networkLocation: /default-rack, certSerialId: null}, Type:RATIS, Factor:ONE, State:OPEN]
2019-09-25 12:10:39,315 [RatisPipelineUtilsThread] INFO  pipeline.PipelinePlacementPolicy (PipelinePlacementPolicy.java:meetCriteria(91)) - Pipeline Placement: can't place more pipeline on heavy datanode： c6fa9dcb-3f15-43b4-bafe-b7e2932cba65 Heaviness: 6 limit: 5
2019-09-25 12:10:39,315 [RatisPipelineUtilsThread] INFO  pipeline.PipelinePlacementPolicy (PipelinePlacementPolicy.java:meetCriteria(91)) - Pipeline Placement: can't place more pipeline on heavy datanode： 672ef084-74ba-47a7-a215-7b0464967c29 Heaviness: 6 limit: 5
2019-09-25 12:10:39,315 [RatisPipelineUtilsThread] INFO  pipeline.PipelinePlacementPolicy (PipelinePlacementPolicy.java:meetCriteria(91)) - Pipeline Placement: can't place more pipeline on heavy datanode： 06c06a68-4e48-447d-bb45-a3dc0e88cff1 Heaviness: 6 limit: 5
2019-09-25 12:10:39,326 [grpc-default-executor-0] INFO  impl.RaftServerProxy (RaftServerProxy.java:addNew(89)) - df786a85-25e2-42b5-b190-b73745044b82: addNew group-F5C426F56B2B:[df786a85-25e2-42b5-b190-b73745044b82:192.168.151.73:38744] returns group-F5C426F56B2B:java.util.concurrent.CompletableFuture@d25622e[Not completed]
2019-09-25 12:10:39,332 [pool-177-thread-1] INFO  impl.RaftServerImpl (RaftServerImpl.java:<init>(95)) - df786a85-25e2-42b5-b190-b73745044b82: new RaftServerImpl for group-F5C426F56B2B:[df786a85-25e2-42b5-b190-b73745044b82:192.168.151.73:38744] with ContainerStateMachine:uninitialized
2019-09-25 12:10:39,332 [pool-177-thread-1] INFO  server.RaftServerConfigKeys (ConfUtils.java:logGet(43)) - raft.server.rpc.timeout.min = 5s (custom)
2019-09-25 12:10:39,332 [pool-177-thread-1] INFO  server.RaftServerConfigKeys (ConfUtils.java:logGet(43)) - raft.server.rpc.timeout.max = 5200ms (custom)
2019-09-25 12:10:39,333 [pool-177-thread-1] INFO  server.RaftServerConfigKeys (ConfUtils.java:logGet(43)) - raft.server.rpcslowness.timeout = 120s (custom)
2019-09-25 12:10:39,333 [pool-177-thread-1] INFO  server.RaftServerConfigKeys (ConfUtils.java:logGet(43)) - raft.server.sleep.deviation.threshold = 300 (default)
2019-09-25 12:10:39,333 [pool-177-thread-1] INFO  server.RaftServerConfigKeys (ConfUtils.java:logGet(43)) - raft.server.log.appender.install.snapshot.enabled = false (custom)
2019-09-25 12:10:39,333 [pool-177-thread-1] INFO  impl.RaftServerImpl (ServerState.java:<init>(103)) - df786a85-25e2-42b5-b190-b73745044b82@group-F5C426F56B2B: ConfigurationManager, init=-1: [df786a85-25e2-42b5-b190-b73745044b82:192.168.151.73:38744], old=null, confs=<EMPTY_MAP>
2019-09-25 12:10:39,333 [pool-177-thread-1] INFO  server.RaftServerConfigKeys (ConfUtils.java:logGet(43)) - raft.server.storage.dir = [/workdir/hadoop-ozone/integration-test/target/test-dir/MiniOzoneClusterImpl-7d9c4453-492c-478b-a0e0-2871dbe18f6e/datanode-6/data/ratis] (custom)
2019-09-25 12:10:39,334 [pool-177-thread-1] INFO  storage.RaftStorageDirectory (RaftStorageDirectory.java:analyzeStorage(246)) - The storage directory /workdir/hadoop-ozone/integration-test/target/test-dir/MiniOzoneClusterImpl-7d9c4453-492c-478b-a0e0-2871dbe18f6e/datanode-6/data/ratis/a42fe5f8-22f3-4705-a0bf-f5c426f56b2b does not exist. Creating ...
2019-09-25 12:10:39,346 [pool-177-thread-1] INFO  storage.RaftStorageDirectory (RaftStorageDirectory.java:tryLock(328)) - Lock on /workdir/hadoop-ozone/integration-test/target/test-dir/MiniOzoneClusterImpl-7d9c4453-492c-478b-a0e0-2871dbe18f6e/datanode-6/data/ratis/a42fe5f8-22f3-4705-a0bf-f5c426f56b2b/in_use.lock acquired by nodename 9481@pr-hdds-1569-shd4m-3693607622
2019-09-25 12:10:39,359 [pool-177-thread-1] INFO  storage.RaftStorage (RaftStorage.java:format(72)) - Storage directory /workdir/hadoop-ozone/integration-test/target/test-dir/MiniOzoneClusterImpl-7d9c4453-492c-478b-a0e0-2871dbe18f6e/datanode-6/data/ratis/a42fe5f8-22f3-4705-a0bf-f5c426f56b2b has been successfully formatted.
2019-09-25 12:10:39,359 [pool-177-thread-1] INFO  ratis.ContainerStateMachine (ContainerStateMachine.java:loadSnapshot(230)) - group-F5C426F56B2B: The snapshot info is null. Setting the last applied indexto:(t:0, i:~)
2019-09-25 12:10:39,359 [pool-177-thread-1] INFO  server.RaftServerConfigKeys (ConfUtils.java:logGet(43)) - raft.server.notification.no-leader.timeout = 120s (custom)
2019-09-25 12:10:39,359 [pool-177-thread-1] INFO  server.RaftServerConfigKeys (ConfUtils.java:logGet(43)) - raft.server.log.use.memory = false (default)
2019-09-25 12:10:39,360 [pool-177-thread-1] INFO  server.RaftServerConfigKeys (ConfUtils.java:logGet(43)) - raft.server.log.purge.gap = 1000000 (custom)
2019-09-25 12:10:39,360 [pool-177-thread-1] INFO  server.RaftServerConfigKeys (ConfUtils.java:logGet(43)) - raft.server.log.appender.buffer.byte-limit = 33554432 (custom)
2019-09-25 12:10:39,360 [pool-177-thread-1] INFO  server.RaftServerConfigKeys (ConfUtils.java:logGet(43)) - raft.server.log.segment.size.max = 1048576 (custom)
2019-09-25 12:10:39,360 [pool-177-thread-1] INFO  server.RaftServerConfigKeys (ConfUtils.java:logGet(43)) - raft.server.log.segment.cache.num.max = 2 (custom)
2019-09-25 12:10:39,360 [pool-177-thread-1] INFO  segmented.SegmentedRaftLogWorker (SegmentedRaftLogWorker.java:<init>(172)) - new df786a85-25e2-42b5-b190-b73745044b82@group-F5C426F56B2B-SegmentedRaftLogWorker for RaftStorage:Storage Directory /workdir/hadoop-ozone/integration-test/target/test-dir/MiniOzoneClusterImpl-7d9c4453-492c-478b-a0e0-2871dbe18f6e/datanode-6/data/ratis/a42fe5f8-22f3-4705-a0bf-f5c426f56b2b
2019-09-25 12:10:39,362 [pool-177-thread-1] INFO  server.RaftServerConfigKeys (ConfUtils.java:logGet(43)) - raft.server.log.queue.byte-limit = 2147483647 (custom)
2019-09-25 12:10:39,362 [pool-177-thread-1] INFO  server.RaftServerConfigKeys (ConfUtils.java:logGet(43)) - raft.server.log.queue.element-limit = 1024 (custom)
2019-09-25 12:10:39,362 [pool-177-thread-1] INFO  server.RaftServerConfigKeys (ConfUtils.java:logGet(43)) - raft.server.log.segment.size.max = 1048576 (custom)
2019-09-25 12:10:39,362 [pool-177-thread-1] INFO  server.RaftServerConfigKeys (ConfUtils.java:logGet(43)) - raft.server.log.preallocated.size = 16384 (custom)
2019-09-25 12:10:39,363 [pool-177-thread-1] INFO  server.RaftServerConfigKeys (ConfUtils.java:logGet(43)) - raft.server.log.write.buffer.size = 33554432 (custom)
2019-09-25 12:10:39,363 [pool-177-thread-1] INFO  server.RaftServerConfigKeys (ConfUtils.java:logGet(43)) - raft.server.log.force.sync.num = 128 (default)
2019-09-25 12:10:39,363 [pool-177-thread-1] INFO  server.RaftServerConfigKeys (ConfUtils.java:logGet(43)) - raft.server.log.statemachine.data.sync = true (default)
2019-09-25 12:10:39,363 [pool-177-thread-1] INFO  server.RaftServerConfigKeys (ConfUtils.java:logGet(43)) - raft.server.log.statemachine.data.sync.timeout = 10s (default)
2019-09-25 12:10:39,363 [pool-177-thread-1] INFO  server.RaftServerConfigKeys (ConfUtils.java:logGet(43)) - raft.server.log.statemachine.data.sync.timeout.retry = -1 (default)
2019-09-25 12:10:39,363 [pool-177-thread-1] INFO  server.RaftServerConfigKeys (ConfUtils.java:logGet(43)) - raft.server.log.statemachine.data.caching.enabled = true (custom)
2019-09-25 12:10:39,364 [pool-177-thread-1] INFO  segmented.SegmentedRaftLogWorker (SegmentedRaftLogWorker.java:lambda$new$0(132)) - df786a85-25e2-42b5-b190-b73745044b82@group-F5C426F56B2B-SegmentedRaftLogWorker: flushIndex: setUnconditionally 0 -> -1
2019-09-25 12:10:39,364 [pool-177-thread-1] INFO  server.RaftServerConfigKeys (ConfUtils.java:logGet(43)) - raft.server.snapshot.auto.trigger.enabled = true (custom)
2019-09-25 12:10:39,364 [pool-177-thread-1] INFO  server.RaftServerConfigKeys (ConfUtils.java:logGet(43)) - raft.server.snapshot.auto.trigger.threshold = 10000 (custom)
2019-09-25 12:10:39,364 [pool-177-thread-1] INFO  server.RaftServerConfigKeys (ConfUtils.java:logGet(43)) - raft.server.snapshot.retention.num.files = 5 (custom)
2019-09-25 12:10:39,364 [pool-177-thread-1] INFO  server.RaftServerConfigKeys (ConfUtils.java:logGet(43)) - raft.server.retrycache.expirytime = 600000ms (custom)
2019-09-25 12:10:39,366 [pool-177-thread-1] INFO  impl.RaftServerImpl (RaftServerImpl.java:start(185)) - df786a85-25e2-42b5-b190-b73745044b82@group-F5C426F56B2B: start as a follower, conf=-1: [df786a85-25e2-42b5-b190-b73745044b82:192.168.151.73:38744], old=null
2019-09-25 12:10:39,366 [pool-177-thread-1] INFO  impl.RaftServerImpl (RaftServerImpl.java:setRole(174)) - df786a85-25e2-42b5-b190-b73745044b82@group-F5C426F56B2B: changes role from      null to FOLLOWER at term 0 for startAsFollower
2019-09-25 12:10:39,366 [pool-177-thread-1] INFO  impl.RoleInfo (RoleInfo.java:updateAndGet(143)) - df786a85-25e2-42b5-b190-b73745044b82: start FollowerState
2019-09-25 12:10:39,366 [pool-177-thread-1] INFO  util.JmxRegister (JmxRegister.java:tryRegister(44)) - Successfully registered JMX Bean with object name Ratis:service=RaftServer,group=group-F5C426F56B2B,id=df786a85-25e2-42b5-b190-b73745044b82
2019-09-25 12:10:39,369 [RatisPipelineUtilsThread] INFO  pipeline.PipelineStateManager (PipelineStateManager.java:addPipeline(56)) - Created pipeline Pipeline[ Id: a42fe5f8-22f3-4705-a0bf-f5c426f56b2b, Nodes: df786a85-25e2-42b5-b190-b73745044b82{ip: 192.168.151.73, host: pr-hdds-1569-shd4m-3693607622, networkLocation: /default-rack, certSerialId: null}, Type:RATIS, Factor:ONE, State:OPEN]
2019-09-25 12:10:39,370 [RatisPipelineUtilsThread] INFO  pipeline.PipelinePlacementPolicy (PipelinePlacementPolicy.java:meetCriteria(91)) - Pipeline Placement: can't place more pipeline on heavy datanode： c6fa9dcb-3f15-43b4-bafe-b7e2932cba65 Heaviness: 6 limit: 5
2019-09-25 12:10:39,370 [RatisPipelineUtilsThread] INFO  pipeline.PipelinePlacementPolicy (PipelinePlacementPolicy.java:meetCriteria(91)) - Pipeline Placement: can't place more pipeline on heavy datanode： 672ef084-74ba-47a7-a215-7b0464967c29 Heaviness: 6 limit: 5
2019-09-25 12:10:39,370 [RatisPipelineUtilsThread] INFO  pipeline.PipelinePlacementPolicy (PipelinePlacementPolicy.java:meetCriteria(91)) - Pipeline Placement: can't place more pipeline on heavy datanode： 06c06a68-4e48-447d-bb45-a3dc0e88cff1 Heaviness: 6 limit: 5
2019-09-25 12:10:39,375 [grpc-default-executor-0] INFO  impl.RaftServerProxy (RaftServerProxy.java:addNew(89)) - 80deecc8-67d2-4886-a269-aab5f88a17c2: addNew group-E6FCBCCA7B73:[80deecc8-67d2-4886-a269-aab5f88a17c2:192.168.151.73:41765] returns group-E6FCBCCA7B73:java.util.concurrent.CompletableFuture@25c280a9[Not completed]
2019-09-25 12:10:39,376 [pool-157-thread-1] INFO  impl.RaftServerImpl (RaftServerImpl.java:<init>(95)) - 80deecc8-67d2-4886-a269-aab5f88a17c2: new RaftServerImpl for group-E6FCBCCA7B73:[80deecc8-67d2-4886-a269-aab5f88a17c2:192.168.151.73:41765] with ContainerStateMachine:uninitialized
2019-09-25 12:10:39,377 [pool-157-thread-1] INFO  server.RaftServerConfigKeys (ConfUtils.java:logGet(43)) - raft.server.rpc.timeout.min = 5s (custom)
2019-09-25 12:10:39,377 [pool-157-thread-1] INFO  server.RaftServerConfigKeys (ConfUtils.java:logGet(43)) - raft.server.rpc.timeout.max = 5200ms (custom)
2019-09-25 12:10:39,377 [pool-157-thread-1] INFO  server.RaftServerConfigKeys (ConfUtils.java:logGet(43)) - raft.server.rpcslowness.timeout = 120s (custom)
2019-09-25 12:10:39,377 [pool-157-thread-1] INFO  server.RaftServerConfigKeys (ConfUtils.java:logGet(43)) - raft.server.sleep.deviation.threshold = 300 (default)
2019-09-25 12:10:39,377 [pool-157-thread-1] INFO  server.RaftServerConfigKeys (ConfUtils.java:logGet(43)) - raft.server.log.appender.install.snapshot.enabled = false (custom)
2019-09-25 12:10:39,377 [pool-157-thread-1] INFO  impl.RaftServerImpl (ServerState.java:<init>(103)) - 80deecc8-67d2-4886-a269-aab5f88a17c2@group-E6FCBCCA7B73: ConfigurationManager, init=-1: [80deecc8-67d2-4886-a269-aab5f88a17c2:192.168.151.73:41765], old=null, confs=<EMPTY_MAP>
2019-09-25 12:10:39,377 [pool-157-thread-1] INFO  server.RaftServerConfigKeys (ConfUtils.java:logGet(43)) - raft.server.storage.dir = [/workdir/hadoop-ozone/integration-test/target/test-dir/MiniOzoneClusterImpl-7d9c4453-492c-478b-a0e0-2871dbe18f6e/datanode-4/data/ratis] (custom)
2019-09-25 12:10:39,378 [pool-157-thread-1] INFO  storage.RaftStorageDirectory (RaftStorageDirectory.java:analyzeStorage(246)) - The storage directory /workdir/hadoop-ozone/integration-test/target/test-dir/MiniOzoneClusterImpl-7d9c4453-492c-478b-a0e0-2871dbe18f6e/datanode-4/data/ratis/5452de70-231b-494e-9424-e6fcbcca7b73 does not exist. Creating ...
2019-09-25 12:10:39,401 [pool-157-thread-1] INFO  storage.RaftStorageDirectory (RaftStorageDirectory.java:tryLock(328)) - Lock on /workdir/hadoop-ozone/integration-test/target/test-dir/MiniOzoneClusterImpl-7d9c4453-492c-478b-a0e0-2871dbe18f6e/datanode-4/data/ratis/5452de70-231b-494e-9424-e6fcbcca7b73/in_use.lock acquired by nodename 9481@pr-hdds-1569-shd4m-3693607622
2019-09-25 12:10:39,405 [main] INFO  ozone.MiniOzoneClusterImpl (MiniOzoneClusterImpl.java:lambda$waitForClusterToBeReady$0(147)) - Cluster is ready. Got 7 of 7 DN Heartbeats.
2019-09-25 12:10:39,431 [pool-157-thread-1] INFO  storage.RaftStorage (RaftStorage.java:format(72)) - Storage directory /workdir/hadoop-ozone/integration-test/target/test-dir/MiniOzoneClusterImpl-7d9c4453-492c-478b-a0e0-2871dbe18f6e/datanode-4/data/ratis/5452de70-231b-494e-9424-e6fcbcca7b73 has been successfully formatted.
2019-09-25 12:10:39,431 [pool-157-thread-1] INFO  ratis.ContainerStateMachine (ContainerStateMachine.java:loadSnapshot(230)) - group-E6FCBCCA7B73: The snapshot info is null. Setting the last applied indexto:(t:0, i:~)
2019-09-25 12:10:39,431 [pool-157-thread-1] INFO  server.RaftServerConfigKeys (ConfUtils.java:logGet(43)) - raft.server.notification.no-leader.timeout = 120s (custom)
2019-09-25 12:10:39,431 [pool-157-thread-1] INFO  server.RaftServerConfigKeys (ConfUtils.java:logGet(43)) - raft.server.log.use.memory = false (default)
2019-09-25 12:10:39,432 [pool-157-thread-1] INFO  server.RaftServerConfigKeys (ConfUtils.java:logGet(43)) - raft.server.log.purge.gap = 1000000 (custom)
2019-09-25 12:10:39,432 [pool-157-thread-1] INFO  server.RaftServerConfigKeys (ConfUtils.java:logGet(43)) - raft.server.log.appender.buffer.byte-limit = 33554432 (custom)
2019-09-25 12:10:39,432 [pool-157-thread-1] INFO  server.RaftServerConfigKeys (ConfUtils.java:logGet(43)) - raft.server.log.segment.size.max = 1048576 (custom)
2019-09-25 12:10:39,432 [pool-157-thread-1] INFO  server.RaftServerConfigKeys (ConfUtils.java:logGet(43)) - raft.server.log.segment.cache.num.max = 2 (custom)
2019-09-25 12:10:39,432 [pool-157-thread-1] INFO  segmented.SegmentedRaftLogWorker (SegmentedRaftLogWorker.java:<init>(172)) - new 80deecc8-67d2-4886-a269-aab5f88a17c2@group-E6FCBCCA7B73-SegmentedRaftLogWorker for RaftStorage:Storage Directory /workdir/hadoop-ozone/integration-test/target/test-dir/MiniOzoneClusterImpl-7d9c4453-492c-478b-a0e0-2871dbe18f6e/datanode-4/data/ratis/5452de70-231b-494e-9424-e6fcbcca7b73
2019-09-25 12:10:39,432 [pool-157-thread-1] INFO  server.RaftServerConfigKeys (ConfUtils.java:logGet(43)) - raft.server.log.queue.byte-limit = 2147483647 (custom)
2019-09-25 12:10:39,432 [pool-157-thread-1] INFO  server.RaftServerConfigKeys (ConfUtils.java:logGet(43)) - raft.server.log.queue.element-limit = 1024 (custom)
2019-09-25 12:10:39,433 [pool-157-thread-1] INFO  server.RaftServerConfigKeys (ConfUtils.java:logGet(43)) - raft.server.log.segment.size.max = 1048576 (custom)
2019-09-25 12:10:39,435 [pool-157-thread-1] INFO  server.RaftServerConfigKeys (ConfUtils.java:logGet(43)) - raft.server.log.preallocated.size = 16384 (custom)
2019-09-25 12:10:39,435 [pool-157-thread-1] INFO  server.RaftServerConfigKeys (ConfUtils.java:logGet(43)) - raft.server.log.write.buffer.size = 33554432 (custom)
2019-09-25 12:10:39,435 [pool-157-thread-1] INFO  server.RaftServerConfigKeys (ConfUtils.java:logGet(43)) - raft.server.log.force.sync.num = 128 (default)
2019-09-25 12:10:39,435 [pool-157-thread-1] INFO  server.RaftServerConfigKeys (ConfUtils.java:logGet(43)) - raft.server.log.statemachine.data.sync = true (default)
2019-09-25 12:10:39,435 [pool-157-thread-1] INFO  server.RaftServerConfigKeys (ConfUtils.java:logGet(43)) - raft.server.log.statemachine.data.sync.timeout = 10s (default)
2019-09-25 12:10:39,435 [pool-157-thread-1] INFO  server.RaftServerConfigKeys (ConfUtils.java:logGet(43)) - raft.server.log.statemachine.data.sync.timeout.retry = -1 (default)
2019-09-25 12:10:39,435 [pool-157-thread-1] INFO  server.RaftServerConfigKeys (ConfUtils.java:logGet(43)) - raft.server.log.statemachine.data.caching.enabled = true (custom)
2019-09-25 12:10:39,436 [pool-157-thread-1] INFO  segmented.SegmentedRaftLogWorker (SegmentedRaftLogWorker.java:lambda$new$0(132)) - 80deecc8-67d2-4886-a269-aab5f88a17c2@group-E6FCBCCA7B73-SegmentedRaftLogWorker: flushIndex: setUnconditionally 0 -> -1
2019-09-25 12:10:39,436 [pool-157-thread-1] INFO  server.RaftServerConfigKeys (ConfUtils.java:logGet(43)) - raft.server.snapshot.auto.trigger.enabled = true (custom)
2019-09-25 12:10:39,436 [pool-157-thread-1] INFO  server.RaftServerConfigKeys (ConfUtils.java:logGet(43)) - raft.server.snapshot.auto.trigger.threshold = 10000 (custom)
2019-09-25 12:10:39,436 [pool-157-thread-1] INFO  server.RaftServerConfigKeys (ConfUtils.java:logGet(43)) - raft.server.snapshot.retention.num.files = 5 (custom)
2019-09-25 12:10:39,436 [main] INFO  rpc.RpcClient (RpcClient.java:createVolume(276)) - Creating Volume: testblockoutputstreamwithretries, with jenkins1000 as owner.
2019-09-25 12:10:39,436 [pool-157-thread-1] INFO  server.RaftServerConfigKeys (ConfUtils.java:logGet(43)) - raft.server.retrycache.expirytime = 600000ms (custom)
2019-09-25 12:10:39,439 [pool-157-thread-1] INFO  impl.RaftServerImpl (RaftServerImpl.java:start(185)) - 80deecc8-67d2-4886-a269-aab5f88a17c2@group-E6FCBCCA7B73: start as a follower, conf=-1: [80deecc8-67d2-4886-a269-aab5f88a17c2:192.168.151.73:41765], old=null
2019-09-25 12:10:39,439 [pool-157-thread-1] INFO  impl.RaftServerImpl (RaftServerImpl.java:setRole(174)) - 80deecc8-67d2-4886-a269-aab5f88a17c2@group-E6FCBCCA7B73: changes role from      null to FOLLOWER at term 0 for startAsFollower
2019-09-25 12:10:39,439 [pool-157-thread-1] INFO  impl.RoleInfo (RoleInfo.java:updateAndGet(143)) - 80deecc8-67d2-4886-a269-aab5f88a17c2: start FollowerState
2019-09-25 12:10:39,439 [IPC Server handler 1 on 32974] INFO  volume.OMVolumeCreateRequest (OMVolumeCreateRequest.java:validateAndUpdateCache(189)) - created volume:testblockoutputstreamwithretries for user:jenkins1000
2019-09-25 12:10:39,440 [pool-157-thread-1] INFO  util.JmxRegister (JmxRegister.java:tryRegister(44)) - Successfully registered JMX Bean with object name Ratis:service=RaftServer,group=group-E6FCBCCA7B73,id=80deecc8-67d2-4886-a269-aab5f88a17c2
2019-09-25 12:10:39,455 [RatisPipelineUtilsThread] INFO  pipeline.PipelineStateManager (PipelineStateManager.java:addPipeline(56)) - Created pipeline Pipeline[ Id: 5452de70-231b-494e-9424-e6fcbcca7b73, Nodes: 80deecc8-67d2-4886-a269-aab5f88a17c2{ip: 192.168.151.73, host: pr-hdds-1569-shd4m-3693607622, networkLocation: /default-rack, certSerialId: null}, Type:RATIS, Factor:ONE, State:OPEN]
2019-09-25 12:10:39,455 [RatisPipelineUtilsThread] INFO  pipeline.PipelinePlacementPolicy (PipelinePlacementPolicy.java:meetCriteria(91)) - Pipeline Placement: can't place more pipeline on heavy datanode： c6fa9dcb-3f15-43b4-bafe-b7e2932cba65 Heaviness: 6 limit: 5
2019-09-25 12:10:39,461 [RatisPipelineUtilsThread] INFO  pipeline.PipelinePlacementPolicy (PipelinePlacementPolicy.java:meetCriteria(91)) - Pipeline Placement: can't place more pipeline on heavy datanode： 672ef084-74ba-47a7-a215-7b0464967c29 Heaviness: 6 limit: 5
2019-09-25 12:10:39,462 [RatisPipelineUtilsThread] INFO  pipeline.PipelinePlacementPolicy (PipelinePlacementPolicy.java:meetCriteria(91)) - Pipeline Placement: can't place more pipeline on heavy datanode： 06c06a68-4e48-447d-bb45-a3dc0e88cff1 Heaviness: 6 limit: 5
2019-09-25 12:10:39,465 [main] INFO  rpc.RpcClient (RpcClient.java:createBucket(415)) - Creating Bucket: testblockoutputstreamwithretries/testblockoutputstreamwithretries, with Versioning false and Storage Type set to DISK and Encryption set to false 
2019-09-25 12:10:39,470 [grpc-default-executor-0] INFO  impl.RaftServerProxy (RaftServerProxy.java:addNew(89)) - ed9e8526-460d-4c85-81a4-c6a64f474ec5: addNew group-6774927E6B7A:[ed9e8526-460d-4c85-81a4-c6a64f474ec5:192.168.151.73:34002] returns group-6774927E6B7A:java.util.concurrent.CompletableFuture@c3629be[Not completed]
2019-09-25 12:10:39,472 [pool-147-thread-1] INFO  impl.RaftServerImpl (RaftServerImpl.java:<init>(95)) - ed9e8526-460d-4c85-81a4-c6a64f474ec5: new RaftServerImpl for group-6774927E6B7A:[ed9e8526-460d-4c85-81a4-c6a64f474ec5:192.168.151.73:34002] with ContainerStateMachine:uninitialized
2019-09-25 12:10:39,472 [pool-147-thread-1] INFO  server.RaftServerConfigKeys (ConfUtils.java:logGet(43)) - raft.server.rpc.timeout.min = 5s (custom)
2019-09-25 12:10:39,472 [pool-147-thread-1] INFO  server.RaftServerConfigKeys (ConfUtils.java:logGet(43)) - raft.server.rpc.timeout.max = 5200ms (custom)
2019-09-25 12:10:39,472 [pool-147-thread-1] INFO  server.RaftServerConfigKeys (ConfUtils.java:logGet(43)) - raft.server.rpcslowness.timeout = 120s (custom)
2019-09-25 12:10:39,472 [pool-147-thread-1] INFO  server.RaftServerConfigKeys (ConfUtils.java:logGet(43)) - raft.server.sleep.deviation.threshold = 300 (default)
2019-09-25 12:10:39,473 [pool-147-thread-1] INFO  server.RaftServerConfigKeys (ConfUtils.java:logGet(43)) - raft.server.log.appender.install.snapshot.enabled = false (custom)
2019-09-25 12:10:39,473 [pool-147-thread-1] INFO  impl.RaftServerImpl (ServerState.java:<init>(103)) - ed9e8526-460d-4c85-81a4-c6a64f474ec5@group-6774927E6B7A: ConfigurationManager, init=-1: [ed9e8526-460d-4c85-81a4-c6a64f474ec5:192.168.151.73:34002], old=null, confs=<EMPTY_MAP>
2019-09-25 12:10:39,473 [pool-147-thread-1] INFO  server.RaftServerConfigKeys (ConfUtils.java:logGet(43)) - raft.server.storage.dir = [/workdir/hadoop-ozone/integration-test/target/test-dir/MiniOzoneClusterImpl-7d9c4453-492c-478b-a0e0-2871dbe18f6e/datanode-3/data/ratis] (custom)
2019-09-25 12:10:39,473 [pool-147-thread-1] INFO  storage.RaftStorageDirectory (RaftStorageDirectory.java:analyzeStorage(246)) - The storage directory /workdir/hadoop-ozone/integration-test/target/test-dir/MiniOzoneClusterImpl-7d9c4453-492c-478b-a0e0-2871dbe18f6e/datanode-3/data/ratis/4696f922-3f51-4840-9a6f-6774927e6b7a does not exist. Creating ...
2019-09-25 12:10:39,487 [pool-147-thread-1] INFO  storage.RaftStorageDirectory (RaftStorageDirectory.java:tryLock(328)) - Lock on /workdir/hadoop-ozone/integration-test/target/test-dir/MiniOzoneClusterImpl-7d9c4453-492c-478b-a0e0-2871dbe18f6e/datanode-3/data/ratis/4696f922-3f51-4840-9a6f-6774927e6b7a/in_use.lock acquired by nodename 9481@pr-hdds-1569-shd4m-3693607622
2019-09-25 12:10:39,500 [pool-147-thread-1] INFO  storage.RaftStorage (RaftStorage.java:format(72)) - Storage directory /workdir/hadoop-ozone/integration-test/target/test-dir/MiniOzoneClusterImpl-7d9c4453-492c-478b-a0e0-2871dbe18f6e/datanode-3/data/ratis/4696f922-3f51-4840-9a6f-6774927e6b7a has been successfully formatted.
2019-09-25 12:10:39,500 [pool-147-thread-1] INFO  ratis.ContainerStateMachine (ContainerStateMachine.java:loadSnapshot(230)) - group-6774927E6B7A: The snapshot info is null. Setting the last applied indexto:(t:0, i:~)
2019-09-25 12:10:39,500 [pool-147-thread-1] INFO  server.RaftServerConfigKeys (ConfUtils.java:logGet(43)) - raft.server.notification.no-leader.timeout = 120s (custom)
2019-09-25 12:10:39,500 [pool-147-thread-1] INFO  server.RaftServerConfigKeys (ConfUtils.java:logGet(43)) - raft.server.log.use.memory = false (default)
2019-09-25 12:10:39,501 [pool-147-thread-1] INFO  server.RaftServerConfigKeys (ConfUtils.java:logGet(43)) - raft.server.log.purge.gap = 1000000 (custom)
2019-09-25 12:10:39,501 [pool-147-thread-1] INFO  server.RaftServerConfigKeys (ConfUtils.java:logGet(43)) - raft.server.log.appender.buffer.byte-limit = 33554432 (custom)
2019-09-25 12:10:39,501 [pool-147-thread-1] INFO  server.RaftServerConfigKeys (ConfUtils.java:logGet(43)) - raft.server.log.segment.size.max = 1048576 (custom)
2019-09-25 12:10:39,501 [pool-147-thread-1] INFO  server.RaftServerConfigKeys (ConfUtils.java:logGet(43)) - raft.server.log.segment.cache.num.max = 2 (custom)
2019-09-25 12:10:39,501 [pool-147-thread-1] INFO  segmented.SegmentedRaftLogWorker (SegmentedRaftLogWorker.java:<init>(172)) - new ed9e8526-460d-4c85-81a4-c6a64f474ec5@group-6774927E6B7A-SegmentedRaftLogWorker for RaftStorage:Storage Directory /workdir/hadoop-ozone/integration-test/target/test-dir/MiniOzoneClusterImpl-7d9c4453-492c-478b-a0e0-2871dbe18f6e/datanode-3/data/ratis/4696f922-3f51-4840-9a6f-6774927e6b7a
2019-09-25 12:10:39,501 [pool-147-thread-1] INFO  server.RaftServerConfigKeys (ConfUtils.java:logGet(43)) - raft.server.log.queue.byte-limit = 2147483647 (custom)
2019-09-25 12:10:39,501 [pool-147-thread-1] INFO  server.RaftServerConfigKeys (ConfUtils.java:logGet(43)) - raft.server.log.queue.element-limit = 1024 (custom)
2019-09-25 12:10:39,502 [pool-147-thread-1] INFO  server.RaftServerConfigKeys (ConfUtils.java:logGet(43)) - raft.server.log.segment.size.max = 1048576 (custom)
2019-09-25 12:10:39,502 [pool-147-thread-1] INFO  server.RaftServerConfigKeys (ConfUtils.java:logGet(43)) - raft.server.log.preallocated.size = 16384 (custom)
2019-09-25 12:10:39,502 [pool-147-thread-1] INFO  server.RaftServerConfigKeys (ConfUtils.java:logGet(43)) - raft.server.log.write.buffer.size = 33554432 (custom)
2019-09-25 12:10:39,502 [pool-147-thread-1] INFO  server.RaftServerConfigKeys (ConfUtils.java:logGet(43)) - raft.server.log.force.sync.num = 128 (default)
2019-09-25 12:10:39,502 [pool-147-thread-1] INFO  server.RaftServerConfigKeys (ConfUtils.java:logGet(43)) - raft.server.log.statemachine.data.sync = true (default)
2019-09-25 12:10:39,502 [pool-147-thread-1] INFO  server.RaftServerConfigKeys (ConfUtils.java:logGet(43)) - raft.server.log.statemachine.data.sync.timeout = 10s (default)
2019-09-25 12:10:39,502 [pool-147-thread-1] INFO  server.RaftServerConfigKeys (ConfUtils.java:logGet(43)) - raft.server.log.statemachine.data.sync.timeout.retry = -1 (default)
2019-09-25 12:10:39,503 [pool-147-thread-1] INFO  server.RaftServerConfigKeys (ConfUtils.java:logGet(43)) - raft.server.log.statemachine.data.caching.enabled = true (custom)
2019-09-25 12:10:39,503 [pool-147-thread-1] INFO  segmented.SegmentedRaftLogWorker (SegmentedRaftLogWorker.java:lambda$new$0(132)) - ed9e8526-460d-4c85-81a4-c6a64f474ec5@group-6774927E6B7A-SegmentedRaftLogWorker: flushIndex: setUnconditionally 0 -> -1
2019-09-25 12:10:39,503 [pool-147-thread-1] INFO  server.RaftServerConfigKeys (ConfUtils.java:logGet(43)) - raft.server.snapshot.auto.trigger.enabled = true (custom)
2019-09-25 12:10:39,504 [pool-147-thread-1] INFO  server.RaftServerConfigKeys (ConfUtils.java:logGet(43)) - raft.server.snapshot.auto.trigger.threshold = 10000 (custom)
2019-09-25 12:10:39,504 [pool-147-thread-1] INFO  server.RaftServerConfigKeys (ConfUtils.java:logGet(43)) - raft.server.snapshot.retention.num.files = 5 (custom)
2019-09-25 12:10:39,504 [pool-147-thread-1] INFO  server.RaftServerConfigKeys (ConfUtils.java:logGet(43)) - raft.server.retrycache.expirytime = 600000ms (custom)
2019-09-25 12:10:39,506 [pool-147-thread-1] INFO  impl.RaftServerImpl (RaftServerImpl.java:start(185)) - ed9e8526-460d-4c85-81a4-c6a64f474ec5@group-6774927E6B7A: start as a follower, conf=-1: [ed9e8526-460d-4c85-81a4-c6a64f474ec5:192.168.151.73:34002], old=null
2019-09-25 12:10:39,506 [pool-147-thread-1] INFO  impl.RaftServerImpl (RaftServerImpl.java:setRole(174)) - ed9e8526-460d-4c85-81a4-c6a64f474ec5@group-6774927E6B7A: changes role from      null to FOLLOWER at term 0 for startAsFollower
2019-09-25 12:10:39,506 [pool-147-thread-1] INFO  impl.RoleInfo (RoleInfo.java:updateAndGet(143)) - ed9e8526-460d-4c85-81a4-c6a64f474ec5: start FollowerState
2019-09-25 12:10:39,507 [pool-147-thread-1] INFO  util.JmxRegister (JmxRegister.java:tryRegister(44)) - Successfully registered JMX Bean with object name Ratis:service=RaftServer,group=group-6774927E6B7A,id=ed9e8526-460d-4c85-81a4-c6a64f474ec5
2019-09-25 12:10:39,510 [RatisPipelineUtilsThread] INFO  pipeline.PipelineStateManager (PipelineStateManager.java:addPipeline(56)) - Created pipeline Pipeline[ Id: 4696f922-3f51-4840-9a6f-6774927e6b7a, Nodes: ed9e8526-460d-4c85-81a4-c6a64f474ec5{ip: 192.168.151.73, host: pr-hdds-1569-shd4m-3693607622, networkLocation: /default-rack, certSerialId: null}, Type:RATIS, Factor:ONE, State:OPEN]
2019-09-25 12:10:39,510 [RatisPipelineUtilsThread] INFO  pipeline.PipelinePlacementPolicy (PipelinePlacementPolicy.java:meetCriteria(91)) - Pipeline Placement: can't place more pipeline on heavy datanode： c6fa9dcb-3f15-43b4-bafe-b7e2932cba65 Heaviness: 6 limit: 5
2019-09-25 12:10:39,511 [RatisPipelineUtilsThread] INFO  pipeline.PipelinePlacementPolicy (PipelinePlacementPolicy.java:meetCriteria(91)) - Pipeline Placement: can't place more pipeline on heavy datanode： 672ef084-74ba-47a7-a215-7b0464967c29 Heaviness: 6 limit: 5
2019-09-25 12:10:39,511 [RatisPipelineUtilsThread] INFO  pipeline.PipelinePlacementPolicy (PipelinePlacementPolicy.java:meetCriteria(91)) - Pipeline Placement: can't place more pipeline on heavy datanode： 06c06a68-4e48-447d-bb45-a3dc0e88cff1 Heaviness: 6 limit: 5
2019-09-25 12:10:39,516 [grpc-default-executor-0] INFO  impl.RaftServerProxy (RaftServerProxy.java:addNew(89)) - ed9e8526-460d-4c85-81a4-c6a64f474ec5: addNew group-B6F57B6FE84A:[ed9e8526-460d-4c85-81a4-c6a64f474ec5:192.168.151.73:34002] returns group-B6F57B6FE84A:java.util.concurrent.CompletableFuture@51334fda[Not completed]
2019-09-25 12:10:39,518 [pool-147-thread-1] INFO  impl.RaftServerImpl (RaftServerImpl.java:<init>(95)) - ed9e8526-460d-4c85-81a4-c6a64f474ec5: new RaftServerImpl for group-B6F57B6FE84A:[ed9e8526-460d-4c85-81a4-c6a64f474ec5:192.168.151.73:34002] with ContainerStateMachine:uninitialized
2019-09-25 12:10:39,518 [pool-147-thread-1] INFO  server.RaftServerConfigKeys (ConfUtils.java:logGet(43)) - raft.server.rpc.timeout.min = 5s (custom)
2019-09-25 12:10:39,518 [pool-147-thread-1] INFO  server.RaftServerConfigKeys (ConfUtils.java:logGet(43)) - raft.server.rpc.timeout.max = 5200ms (custom)
2019-09-25 12:10:39,519 [pool-147-thread-1] INFO  server.RaftServerConfigKeys (ConfUtils.java:logGet(43)) - raft.server.rpcslowness.timeout = 120s (custom)
2019-09-25 12:10:39,519 [pool-147-thread-1] INFO  server.RaftServerConfigKeys (ConfUtils.java:logGet(43)) - raft.server.sleep.deviation.threshold = 300 (default)
2019-09-25 12:10:39,519 [pool-147-thread-1] INFO  server.RaftServerConfigKeys (ConfUtils.java:logGet(43)) - raft.server.log.appender.install.snapshot.enabled = false (custom)
2019-09-25 12:10:39,519 [pool-147-thread-1] INFO  impl.RaftServerImpl (ServerState.java:<init>(103)) - ed9e8526-460d-4c85-81a4-c6a64f474ec5@group-B6F57B6FE84A: ConfigurationManager, init=-1: [ed9e8526-460d-4c85-81a4-c6a64f474ec5:192.168.151.73:34002], old=null, confs=<EMPTY_MAP>
2019-09-25 12:10:39,519 [pool-147-thread-1] INFO  server.RaftServerConfigKeys (ConfUtils.java:logGet(43)) - raft.server.storage.dir = [/workdir/hadoop-ozone/integration-test/target/test-dir/MiniOzoneClusterImpl-7d9c4453-492c-478b-a0e0-2871dbe18f6e/datanode-3/data/ratis] (custom)
2019-09-25 12:10:39,520 [pool-147-thread-1] INFO  storage.RaftStorageDirectory (RaftStorageDirectory.java:analyzeStorage(246)) - The storage directory /workdir/hadoop-ozone/integration-test/target/test-dir/MiniOzoneClusterImpl-7d9c4453-492c-478b-a0e0-2871dbe18f6e/datanode-3/data/ratis/a21b2fe1-f607-49ab-848b-b6f57b6fe84a does not exist. Creating ...
2019-09-25 12:10:39,533 [pool-147-thread-1] INFO  storage.RaftStorageDirectory (RaftStorageDirectory.java:tryLock(328)) - Lock on /workdir/hadoop-ozone/integration-test/target/test-dir/MiniOzoneClusterImpl-7d9c4453-492c-478b-a0e0-2871dbe18f6e/datanode-3/data/ratis/a21b2fe1-f607-49ab-848b-b6f57b6fe84a/in_use.lock acquired by nodename 9481@pr-hdds-1569-shd4m-3693607622
2019-09-25 12:10:39,546 [pool-147-thread-1] INFO  storage.RaftStorage (RaftStorage.java:format(72)) - Storage directory /workdir/hadoop-ozone/integration-test/target/test-dir/MiniOzoneClusterImpl-7d9c4453-492c-478b-a0e0-2871dbe18f6e/datanode-3/data/ratis/a21b2fe1-f607-49ab-848b-b6f57b6fe84a has been successfully formatted.
2019-09-25 12:10:39,546 [pool-147-thread-1] INFO  ratis.ContainerStateMachine (ContainerStateMachine.java:loadSnapshot(230)) - group-B6F57B6FE84A: The snapshot info is null. Setting the last applied indexto:(t:0, i:~)
2019-09-25 12:10:39,546 [pool-147-thread-1] INFO  server.RaftServerConfigKeys (ConfUtils.java:logGet(43)) - raft.server.notification.no-leader.timeout = 120s (custom)
2019-09-25 12:10:39,546 [pool-147-thread-1] INFO  server.RaftServerConfigKeys (ConfUtils.java:logGet(43)) - raft.server.log.use.memory = false (default)
2019-09-25 12:10:39,547 [pool-147-thread-1] INFO  server.RaftServerConfigKeys (ConfUtils.java:logGet(43)) - raft.server.log.purge.gap = 1000000 (custom)
2019-09-25 12:10:39,547 [pool-147-thread-1] INFO  server.RaftServerConfigKeys (ConfUtils.java:logGet(43)) - raft.server.log.appender.buffer.byte-limit = 33554432 (custom)
2019-09-25 12:10:39,547 [pool-147-thread-1] INFO  server.RaftServerConfigKeys (ConfUtils.java:logGet(43)) - raft.server.log.segment.size.max = 1048576 (custom)
2019-09-25 12:10:39,547 [pool-147-thread-1] INFO  server.RaftServerConfigKeys (ConfUtils.java:logGet(43)) - raft.server.log.segment.cache.num.max = 2 (custom)
2019-09-25 12:10:39,547 [pool-147-thread-1] INFO  segmented.SegmentedRaftLogWorker (SegmentedRaftLogWorker.java:<init>(172)) - new ed9e8526-460d-4c85-81a4-c6a64f474ec5@group-B6F57B6FE84A-SegmentedRaftLogWorker for RaftStorage:Storage Directory /workdir/hadoop-ozone/integration-test/target/test-dir/MiniOzoneClusterImpl-7d9c4453-492c-478b-a0e0-2871dbe18f6e/datanode-3/data/ratis/a21b2fe1-f607-49ab-848b-b6f57b6fe84a
2019-09-25 12:10:39,547 [pool-147-thread-1] INFO  server.RaftServerConfigKeys (ConfUtils.java:logGet(43)) - raft.server.log.queue.byte-limit = 2147483647 (custom)
2019-09-25 12:10:39,547 [pool-147-thread-1] INFO  server.RaftServerConfigKeys (ConfUtils.java:logGet(43)) - raft.server.log.queue.element-limit = 1024 (custom)
2019-09-25 12:10:39,547 [pool-147-thread-1] INFO  server.RaftServerConfigKeys (ConfUtils.java:logGet(43)) - raft.server.log.segment.size.max = 1048576 (custom)
2019-09-25 12:10:39,548 [pool-147-thread-1] INFO  server.RaftServerConfigKeys (ConfUtils.java:logGet(43)) - raft.server.log.preallocated.size = 16384 (custom)
2019-09-25 12:10:39,548 [pool-147-thread-1] INFO  server.RaftServerConfigKeys (ConfUtils.java:logGet(43)) - raft.server.log.write.buffer.size = 33554432 (custom)
2019-09-25 12:10:39,548 [pool-147-thread-1] INFO  server.RaftServerConfigKeys (ConfUtils.java:logGet(43)) - raft.server.log.force.sync.num = 128 (default)
2019-09-25 12:10:39,548 [pool-147-thread-1] INFO  server.RaftServerConfigKeys (ConfUtils.java:logGet(43)) - raft.server.log.statemachine.data.sync = true (default)
2019-09-25 12:10:39,548 [pool-147-thread-1] INFO  server.RaftServerConfigKeys (ConfUtils.java:logGet(43)) - raft.server.log.statemachine.data.sync.timeout = 10s (default)
2019-09-25 12:10:39,548 [pool-147-thread-1] INFO  server.RaftServerConfigKeys (ConfUtils.java:logGet(43)) - raft.server.log.statemachine.data.sync.timeout.retry = -1 (default)
2019-09-25 12:10:39,548 [pool-147-thread-1] INFO  server.RaftServerConfigKeys (ConfUtils.java:logGet(43)) - raft.server.log.statemachine.data.caching.enabled = true (custom)
2019-09-25 12:10:39,549 [pool-147-thread-1] INFO  segmented.SegmentedRaftLogWorker (SegmentedRaftLogWorker.java:lambda$new$0(132)) - ed9e8526-460d-4c85-81a4-c6a64f474ec5@group-B6F57B6FE84A-SegmentedRaftLogWorker: flushIndex: setUnconditionally 0 -> -1
2019-09-25 12:10:39,549 [pool-147-thread-1] INFO  server.RaftServerConfigKeys (ConfUtils.java:logGet(43)) - raft.server.snapshot.auto.trigger.enabled = true (custom)
2019-09-25 12:10:39,549 [pool-147-thread-1] INFO  server.RaftServerConfigKeys (ConfUtils.java:logGet(43)) - raft.server.snapshot.auto.trigger.threshold = 10000 (custom)
2019-09-25 12:10:39,549 [pool-147-thread-1] INFO  server.RaftServerConfigKeys (ConfUtils.java:logGet(43)) - raft.server.snapshot.retention.num.files = 5 (custom)
2019-09-25 12:10:39,549 [pool-147-thread-1] INFO  server.RaftServerConfigKeys (ConfUtils.java:logGet(43)) - raft.server.retrycache.expirytime = 600000ms (custom)
2019-09-25 12:10:39,551 [pool-147-thread-1] INFO  impl.RaftServerImpl (RaftServerImpl.java:start(185)) - ed9e8526-460d-4c85-81a4-c6a64f474ec5@group-B6F57B6FE84A: start as a follower, conf=-1: [ed9e8526-460d-4c85-81a4-c6a64f474ec5:192.168.151.73:34002], old=null
2019-09-25 12:10:39,551 [pool-147-thread-1] INFO  impl.RaftServerImpl (RaftServerImpl.java:setRole(174)) - ed9e8526-460d-4c85-81a4-c6a64f474ec5@group-B6F57B6FE84A: changes role from      null to FOLLOWER at term 0 for startAsFollower
2019-09-25 12:10:39,552 [pool-147-thread-1] INFO  impl.RoleInfo (RoleInfo.java:updateAndGet(143)) - ed9e8526-460d-4c85-81a4-c6a64f474ec5: start FollowerState
2019-09-25 12:10:39,552 [pool-147-thread-1] INFO  util.JmxRegister (JmxRegister.java:tryRegister(44)) - Successfully registered JMX Bean with object name Ratis:service=RaftServer,group=group-B6F57B6FE84A,id=ed9e8526-460d-4c85-81a4-c6a64f474ec5
2019-09-25 12:10:39,555 [RatisPipelineUtilsThread] INFO  pipeline.PipelineStateManager (PipelineStateManager.java:addPipeline(56)) - Created pipeline Pipeline[ Id: a21b2fe1-f607-49ab-848b-b6f57b6fe84a, Nodes: ed9e8526-460d-4c85-81a4-c6a64f474ec5{ip: 192.168.151.73, host: pr-hdds-1569-shd4m-3693607622, networkLocation: /default-rack, certSerialId: null}, Type:RATIS, Factor:ONE, State:OPEN]
2019-09-25 12:10:39,555 [RatisPipelineUtilsThread] INFO  pipeline.PipelinePlacementPolicy (PipelinePlacementPolicy.java:meetCriteria(91)) - Pipeline Placement: can't place more pipeline on heavy datanode： c6fa9dcb-3f15-43b4-bafe-b7e2932cba65 Heaviness: 6 limit: 5
2019-09-25 12:10:39,555 [RatisPipelineUtilsThread] INFO  pipeline.PipelinePlacementPolicy (PipelinePlacementPolicy.java:meetCriteria(91)) - Pipeline Placement: can't place more pipeline on heavy datanode： 672ef084-74ba-47a7-a215-7b0464967c29 Heaviness: 6 limit: 5
2019-09-25 12:10:39,555 [RatisPipelineUtilsThread] INFO  pipeline.PipelinePlacementPolicy (PipelinePlacementPolicy.java:meetCriteria(91)) - Pipeline Placement: can't place more pipeline on heavy datanode： 06c06a68-4e48-447d-bb45-a3dc0e88cff1 Heaviness: 6 limit: 5
2019-09-25 12:10:39,560 [grpc-default-executor-0] INFO  impl.RaftServerProxy (RaftServerProxy.java:addNew(89)) - ed9e8526-460d-4c85-81a4-c6a64f474ec5: addNew group-51E0158AAE9C:[ed9e8526-460d-4c85-81a4-c6a64f474ec5:192.168.151.73:34002] returns group-51E0158AAE9C:java.util.concurrent.CompletableFuture@668da48e[Not completed]
2019-09-25 12:10:39,561 [pool-147-thread-1] INFO  impl.RaftServerImpl (RaftServerImpl.java:<init>(95)) - ed9e8526-460d-4c85-81a4-c6a64f474ec5: new RaftServerImpl for group-51E0158AAE9C:[ed9e8526-460d-4c85-81a4-c6a64f474ec5:192.168.151.73:34002] with ContainerStateMachine:uninitialized
2019-09-25 12:10:39,561 [pool-147-thread-1] INFO  server.RaftServerConfigKeys (ConfUtils.java:logGet(43)) - raft.server.rpc.timeout.min = 5s (custom)
2019-09-25 12:10:39,561 [pool-147-thread-1] INFO  server.RaftServerConfigKeys (ConfUtils.java:logGet(43)) - raft.server.rpc.timeout.max = 5200ms (custom)
2019-09-25 12:10:39,561 [pool-147-thread-1] INFO  server.RaftServerConfigKeys (ConfUtils.java:logGet(43)) - raft.server.rpcslowness.timeout = 120s (custom)
2019-09-25 12:10:39,561 [pool-147-thread-1] INFO  server.RaftServerConfigKeys (ConfUtils.java:logGet(43)) - raft.server.sleep.deviation.threshold = 300 (default)
2019-09-25 12:10:39,561 [pool-147-thread-1] INFO  server.RaftServerConfigKeys (ConfUtils.java:logGet(43)) - raft.server.log.appender.install.snapshot.enabled = false (custom)
2019-09-25 12:10:39,562 [pool-147-thread-1] INFO  impl.RaftServerImpl (ServerState.java:<init>(103)) - ed9e8526-460d-4c85-81a4-c6a64f474ec5@group-51E0158AAE9C: ConfigurationManager, init=-1: [ed9e8526-460d-4c85-81a4-c6a64f474ec5:192.168.151.73:34002], old=null, confs=<EMPTY_MAP>
2019-09-25 12:10:39,562 [pool-147-thread-1] INFO  server.RaftServerConfigKeys (ConfUtils.java:logGet(43)) - raft.server.storage.dir = [/workdir/hadoop-ozone/integration-test/target/test-dir/MiniOzoneClusterImpl-7d9c4453-492c-478b-a0e0-2871dbe18f6e/datanode-3/data/ratis] (custom)
2019-09-25 12:10:39,562 [pool-147-thread-1] INFO  storage.RaftStorageDirectory (RaftStorageDirectory.java:analyzeStorage(246)) - The storage directory /workdir/hadoop-ozone/integration-test/target/test-dir/MiniOzoneClusterImpl-7d9c4453-492c-478b-a0e0-2871dbe18f6e/datanode-3/data/ratis/8fce06e3-8506-4172-8754-51e0158aae9c does not exist. Creating ...
2019-09-25 12:10:39,575 [pool-147-thread-1] INFO  storage.RaftStorageDirectory (RaftStorageDirectory.java:tryLock(328)) - Lock on /workdir/hadoop-ozone/integration-test/target/test-dir/MiniOzoneClusterImpl-7d9c4453-492c-478b-a0e0-2871dbe18f6e/datanode-3/data/ratis/8fce06e3-8506-4172-8754-51e0158aae9c/in_use.lock acquired by nodename 9481@pr-hdds-1569-shd4m-3693607622
2019-09-25 12:10:39,588 [pool-147-thread-1] INFO  storage.RaftStorage (RaftStorage.java:format(72)) - Storage directory /workdir/hadoop-ozone/integration-test/target/test-dir/MiniOzoneClusterImpl-7d9c4453-492c-478b-a0e0-2871dbe18f6e/datanode-3/data/ratis/8fce06e3-8506-4172-8754-51e0158aae9c has been successfully formatted.
2019-09-25 12:10:39,588 [pool-147-thread-1] INFO  ratis.ContainerStateMachine (ContainerStateMachine.java:loadSnapshot(230)) - group-51E0158AAE9C: The snapshot info is null. Setting the last applied indexto:(t:0, i:~)
2019-09-25 12:10:39,588 [pool-147-thread-1] INFO  server.RaftServerConfigKeys (ConfUtils.java:logGet(43)) - raft.server.notification.no-leader.timeout = 120s (custom)
2019-09-25 12:10:39,588 [pool-147-thread-1] INFO  server.RaftServerConfigKeys (ConfUtils.java:logGet(43)) - raft.server.log.use.memory = false (default)
2019-09-25 12:10:39,588 [pool-147-thread-1] INFO  server.RaftServerConfigKeys (ConfUtils.java:logGet(43)) - raft.server.log.purge.gap = 1000000 (custom)
2019-09-25 12:10:39,588 [pool-147-thread-1] INFO  server.RaftServerConfigKeys (ConfUtils.java:logGet(43)) - raft.server.log.appender.buffer.byte-limit = 33554432 (custom)
2019-09-25 12:10:39,588 [pool-147-thread-1] INFO  server.RaftServerConfigKeys (ConfUtils.java:logGet(43)) - raft.server.log.segment.size.max = 1048576 (custom)
2019-09-25 12:10:39,589 [pool-147-thread-1] INFO  server.RaftServerConfigKeys (ConfUtils.java:logGet(43)) - raft.server.log.segment.cache.num.max = 2 (custom)
2019-09-25 12:10:39,589 [pool-147-thread-1] INFO  segmented.SegmentedRaftLogWorker (SegmentedRaftLogWorker.java:<init>(172)) - new ed9e8526-460d-4c85-81a4-c6a64f474ec5@group-51E0158AAE9C-SegmentedRaftLogWorker for RaftStorage:Storage Directory /workdir/hadoop-ozone/integration-test/target/test-dir/MiniOzoneClusterImpl-7d9c4453-492c-478b-a0e0-2871dbe18f6e/datanode-3/data/ratis/8fce06e3-8506-4172-8754-51e0158aae9c
2019-09-25 12:10:39,589 [pool-147-thread-1] INFO  server.RaftServerConfigKeys (ConfUtils.java:logGet(43)) - raft.server.log.queue.byte-limit = 2147483647 (custom)
2019-09-25 12:10:39,589 [pool-147-thread-1] INFO  server.RaftServerConfigKeys (ConfUtils.java:logGet(43)) - raft.server.log.queue.element-limit = 1024 (custom)
2019-09-25 12:10:39,589 [pool-147-thread-1] INFO  server.RaftServerConfigKeys (ConfUtils.java:logGet(43)) - raft.server.log.segment.size.max = 1048576 (custom)
2019-09-25 12:10:39,589 [pool-147-thread-1] INFO  server.RaftServerConfigKeys (ConfUtils.java:logGet(43)) - raft.server.log.preallocated.size = 16384 (custom)
2019-09-25 12:10:39,589 [pool-147-thread-1] INFO  server.RaftServerConfigKeys (ConfUtils.java:logGet(43)) - raft.server.log.write.buffer.size = 33554432 (custom)
2019-09-25 12:10:39,589 [pool-147-thread-1] INFO  server.RaftServerConfigKeys (ConfUtils.java:logGet(43)) - raft.server.log.force.sync.num = 128 (default)
2019-09-25 12:10:39,590 [pool-147-thread-1] INFO  server.RaftServerConfigKeys (ConfUtils.java:logGet(43)) - raft.server.log.statemachine.data.sync = true (default)
2019-09-25 12:10:39,590 [pool-147-thread-1] INFO  server.RaftServerConfigKeys (ConfUtils.java:logGet(43)) - raft.server.log.statemachine.data.sync.timeout = 10s (default)
2019-09-25 12:10:39,590 [pool-147-thread-1] INFO  server.RaftServerConfigKeys (ConfUtils.java:logGet(43)) - raft.server.log.statemachine.data.sync.timeout.retry = -1 (default)
2019-09-25 12:10:39,590 [pool-147-thread-1] INFO  server.RaftServerConfigKeys (ConfUtils.java:logGet(43)) - raft.server.log.statemachine.data.caching.enabled = true (custom)
2019-09-25 12:10:39,590 [pool-147-thread-1] INFO  segmented.SegmentedRaftLogWorker (SegmentedRaftLogWorker.java:lambda$new$0(132)) - ed9e8526-460d-4c85-81a4-c6a64f474ec5@group-51E0158AAE9C-SegmentedRaftLogWorker: flushIndex: setUnconditionally 0 -> -1
2019-09-25 12:10:39,590 [pool-147-thread-1] INFO  server.RaftServerConfigKeys (ConfUtils.java:logGet(43)) - raft.server.snapshot.auto.trigger.enabled = true (custom)
2019-09-25 12:10:39,591 [pool-147-thread-1] INFO  server.RaftServerConfigKeys (ConfUtils.java:logGet(43)) - raft.server.snapshot.auto.trigger.threshold = 10000 (custom)
2019-09-25 12:10:39,591 [pool-147-thread-1] INFO  server.RaftServerConfigKeys (ConfUtils.java:logGet(43)) - raft.server.snapshot.retention.num.files = 5 (custom)
2019-09-25 12:10:39,591 [pool-147-thread-1] INFO  server.RaftServerConfigKeys (ConfUtils.java:logGet(43)) - raft.server.retrycache.expirytime = 600000ms (custom)
2019-09-25 12:10:39,593 [pool-147-thread-1] INFO  impl.RaftServerImpl (RaftServerImpl.java:start(185)) - ed9e8526-460d-4c85-81a4-c6a64f474ec5@group-51E0158AAE9C: start as a follower, conf=-1: [ed9e8526-460d-4c85-81a4-c6a64f474ec5:192.168.151.73:34002], old=null
2019-09-25 12:10:39,593 [pool-147-thread-1] INFO  impl.RaftServerImpl (RaftServerImpl.java:setRole(174)) - ed9e8526-460d-4c85-81a4-c6a64f474ec5@group-51E0158AAE9C: changes role from      null to FOLLOWER at term 0 for startAsFollower
2019-09-25 12:10:39,593 [pool-147-thread-1] INFO  impl.RoleInfo (RoleInfo.java:updateAndGet(143)) - ed9e8526-460d-4c85-81a4-c6a64f474ec5: start FollowerState
2019-09-25 12:10:39,593 [pool-147-thread-1] INFO  util.JmxRegister (JmxRegister.java:tryRegister(44)) - Successfully registered JMX Bean with object name Ratis:service=RaftServer,group=group-51E0158AAE9C,id=ed9e8526-460d-4c85-81a4-c6a64f474ec5
2019-09-25 12:10:39,596 [RatisPipelineUtilsThread] INFO  pipeline.PipelineStateManager (PipelineStateManager.java:addPipeline(56)) - Created pipeline Pipeline[ Id: 8fce06e3-8506-4172-8754-51e0158aae9c, Nodes: ed9e8526-460d-4c85-81a4-c6a64f474ec5{ip: 192.168.151.73, host: pr-hdds-1569-shd4m-3693607622, networkLocation: /default-rack, certSerialId: null}, Type:RATIS, Factor:ONE, State:OPEN]
2019-09-25 12:10:39,596 [RatisPipelineUtilsThread] INFO  pipeline.PipelinePlacementPolicy (PipelinePlacementPolicy.java:meetCriteria(91)) - Pipeline Placement: can't place more pipeline on heavy datanode： ed9e8526-460d-4c85-81a4-c6a64f474ec5 Heaviness: 6 limit: 5
2019-09-25 12:10:39,596 [RatisPipelineUtilsThread] INFO  pipeline.PipelinePlacementPolicy (PipelinePlacementPolicy.java:meetCriteria(91)) - Pipeline Placement: can't place more pipeline on heavy datanode： c6fa9dcb-3f15-43b4-bafe-b7e2932cba65 Heaviness: 6 limit: 5
2019-09-25 12:10:39,596 [RatisPipelineUtilsThread] INFO  pipeline.PipelinePlacementPolicy (PipelinePlacementPolicy.java:meetCriteria(91)) - Pipeline Placement: can't place more pipeline on heavy datanode： 672ef084-74ba-47a7-a215-7b0464967c29 Heaviness: 6 limit: 5
2019-09-25 12:10:39,596 [RatisPipelineUtilsThread] INFO  pipeline.PipelinePlacementPolicy (PipelinePlacementPolicy.java:meetCriteria(91)) - Pipeline Placement: can't place more pipeline on heavy datanode： 06c06a68-4e48-447d-bb45-a3dc0e88cff1 Heaviness: 6 limit: 5
2019-09-25 12:10:39,601 [grpc-default-executor-0] INFO  impl.RaftServerProxy (RaftServerProxy.java:addNew(89)) - 80deecc8-67d2-4886-a269-aab5f88a17c2: addNew group-2F53B1F7F88C:[80deecc8-67d2-4886-a269-aab5f88a17c2:192.168.151.73:41765] returns group-2F53B1F7F88C:java.util.concurrent.CompletableFuture@67e18be1[Not completed]
2019-09-25 12:10:39,602 [pool-157-thread-1] INFO  impl.RaftServerImpl (RaftServerImpl.java:<init>(95)) - 80deecc8-67d2-4886-a269-aab5f88a17c2: new RaftServerImpl for group-2F53B1F7F88C:[80deecc8-67d2-4886-a269-aab5f88a17c2:192.168.151.73:41765] with ContainerStateMachine:uninitialized
2019-09-25 12:10:39,602 [pool-157-thread-1] INFO  server.RaftServerConfigKeys (ConfUtils.java:logGet(43)) - raft.server.rpc.timeout.min = 5s (custom)
2019-09-25 12:10:39,602 [pool-157-thread-1] INFO  server.RaftServerConfigKeys (ConfUtils.java:logGet(43)) - raft.server.rpc.timeout.max = 5200ms (custom)
2019-09-25 12:10:39,602 [pool-157-thread-1] INFO  server.RaftServerConfigKeys (ConfUtils.java:logGet(43)) - raft.server.rpcslowness.timeout = 120s (custom)
2019-09-25 12:10:39,603 [pool-157-thread-1] INFO  server.RaftServerConfigKeys (ConfUtils.java:logGet(43)) - raft.server.sleep.deviation.threshold = 300 (default)
2019-09-25 12:10:39,603 [pool-157-thread-1] INFO  server.RaftServerConfigKeys (ConfUtils.java:logGet(43)) - raft.server.log.appender.install.snapshot.enabled = false (custom)
2019-09-25 12:10:39,603 [pool-157-thread-1] INFO  impl.RaftServerImpl (ServerState.java:<init>(103)) - 80deecc8-67d2-4886-a269-aab5f88a17c2@group-2F53B1F7F88C: ConfigurationManager, init=-1: [80deecc8-67d2-4886-a269-aab5f88a17c2:192.168.151.73:41765], old=null, confs=<EMPTY_MAP>
2019-09-25 12:10:39,603 [pool-157-thread-1] INFO  server.RaftServerConfigKeys (ConfUtils.java:logGet(43)) - raft.server.storage.dir = [/workdir/hadoop-ozone/integration-test/target/test-dir/MiniOzoneClusterImpl-7d9c4453-492c-478b-a0e0-2871dbe18f6e/datanode-4/data/ratis] (custom)
2019-09-25 12:10:39,603 [pool-157-thread-1] INFO  storage.RaftStorageDirectory (RaftStorageDirectory.java:analyzeStorage(246)) - The storage directory /workdir/hadoop-ozone/integration-test/target/test-dir/MiniOzoneClusterImpl-7d9c4453-492c-478b-a0e0-2871dbe18f6e/datanode-4/data/ratis/9cca0aba-f39b-450e-958b-2f53b1f7f88c does not exist. Creating ...
2019-09-25 12:10:39,616 [pool-157-thread-1] INFO  storage.RaftStorageDirectory (RaftStorageDirectory.java:tryLock(328)) - Lock on /workdir/hadoop-ozone/integration-test/target/test-dir/MiniOzoneClusterImpl-7d9c4453-492c-478b-a0e0-2871dbe18f6e/datanode-4/data/ratis/9cca0aba-f39b-450e-958b-2f53b1f7f88c/in_use.lock acquired by nodename 9481@pr-hdds-1569-shd4m-3693607622
2019-09-25 12:10:39,629 [pool-157-thread-1] INFO  storage.RaftStorage (RaftStorage.java:format(72)) - Storage directory /workdir/hadoop-ozone/integration-test/target/test-dir/MiniOzoneClusterImpl-7d9c4453-492c-478b-a0e0-2871dbe18f6e/datanode-4/data/ratis/9cca0aba-f39b-450e-958b-2f53b1f7f88c has been successfully formatted.
2019-09-25 12:10:39,630 [pool-157-thread-1] INFO  ratis.ContainerStateMachine (ContainerStateMachine.java:loadSnapshot(230)) - group-2F53B1F7F88C: The snapshot info is null. Setting the last applied indexto:(t:0, i:~)
2019-09-25 12:10:39,630 [pool-157-thread-1] INFO  server.RaftServerConfigKeys (ConfUtils.java:logGet(43)) - raft.server.notification.no-leader.timeout = 120s (custom)
2019-09-25 12:10:39,630 [pool-157-thread-1] INFO  server.RaftServerConfigKeys (ConfUtils.java:logGet(43)) - raft.server.log.use.memory = false (default)
2019-09-25 12:10:39,630 [pool-157-thread-1] INFO  server.RaftServerConfigKeys (ConfUtils.java:logGet(43)) - raft.server.log.purge.gap = 1000000 (custom)
2019-09-25 12:10:39,630 [pool-157-thread-1] INFO  server.RaftServerConfigKeys (ConfUtils.java:logGet(43)) - raft.server.log.appender.buffer.byte-limit = 33554432 (custom)
2019-09-25 12:10:39,630 [pool-157-thread-1] INFO  server.RaftServerConfigKeys (ConfUtils.java:logGet(43)) - raft.server.log.segment.size.max = 1048576 (custom)
2019-09-25 12:10:39,630 [pool-157-thread-1] INFO  server.RaftServerConfigKeys (ConfUtils.java:logGet(43)) - raft.server.log.segment.cache.num.max = 2 (custom)
2019-09-25 12:10:39,631 [pool-157-thread-1] INFO  segmented.SegmentedRaftLogWorker (SegmentedRaftLogWorker.java:<init>(172)) - new 80deecc8-67d2-4886-a269-aab5f88a17c2@group-2F53B1F7F88C-SegmentedRaftLogWorker for RaftStorage:Storage Directory /workdir/hadoop-ozone/integration-test/target/test-dir/MiniOzoneClusterImpl-7d9c4453-492c-478b-a0e0-2871dbe18f6e/datanode-4/data/ratis/9cca0aba-f39b-450e-958b-2f53b1f7f88c
2019-09-25 12:10:39,631 [pool-157-thread-1] INFO  server.RaftServerConfigKeys (ConfUtils.java:logGet(43)) - raft.server.log.queue.byte-limit = 2147483647 (custom)
2019-09-25 12:10:39,631 [pool-157-thread-1] INFO  server.RaftServerConfigKeys (ConfUtils.java:logGet(43)) - raft.server.log.queue.element-limit = 1024 (custom)
2019-09-25 12:10:39,631 [pool-157-thread-1] INFO  server.RaftServerConfigKeys (ConfUtils.java:logGet(43)) - raft.server.log.segment.size.max = 1048576 (custom)
2019-09-25 12:10:39,631 [pool-157-thread-1] INFO  server.RaftServerConfigKeys (ConfUtils.java:logGet(43)) - raft.server.log.preallocated.size = 16384 (custom)
2019-09-25 12:10:39,631 [pool-157-thread-1] INFO  server.RaftServerConfigKeys (ConfUtils.java:logGet(43)) - raft.server.log.write.buffer.size = 33554432 (custom)
2019-09-25 12:10:39,631 [pool-157-thread-1] INFO  server.RaftServerConfigKeys (ConfUtils.java:logGet(43)) - raft.server.log.force.sync.num = 128 (default)
2019-09-25 12:10:39,631 [pool-157-thread-1] INFO  server.RaftServerConfigKeys (ConfUtils.java:logGet(43)) - raft.server.log.statemachine.data.sync = true (default)
2019-09-25 12:10:39,631 [pool-157-thread-1] INFO  server.RaftServerConfigKeys (ConfUtils.java:logGet(43)) - raft.server.log.statemachine.data.sync.timeout = 10s (default)
2019-09-25 12:10:39,632 [pool-157-thread-1] INFO  server.RaftServerConfigKeys (ConfUtils.java:logGet(43)) - raft.server.log.statemachine.data.sync.timeout.retry = -1 (default)
2019-09-25 12:10:39,632 [pool-157-thread-1] INFO  server.RaftServerConfigKeys (ConfUtils.java:logGet(43)) - raft.server.log.statemachine.data.caching.enabled = true (custom)
2019-09-25 12:10:39,632 [pool-157-thread-1] INFO  segmented.SegmentedRaftLogWorker (SegmentedRaftLogWorker.java:lambda$new$0(132)) - 80deecc8-67d2-4886-a269-aab5f88a17c2@group-2F53B1F7F88C-SegmentedRaftLogWorker: flushIndex: setUnconditionally 0 -> -1
2019-09-25 12:10:39,632 [pool-157-thread-1] INFO  server.RaftServerConfigKeys (ConfUtils.java:logGet(43)) - raft.server.snapshot.auto.trigger.enabled = true (custom)
2019-09-25 12:10:39,632 [pool-157-thread-1] INFO  server.RaftServerConfigKeys (ConfUtils.java:logGet(43)) - raft.server.snapshot.auto.trigger.threshold = 10000 (custom)
2019-09-25 12:10:39,632 [pool-157-thread-1] INFO  server.RaftServerConfigKeys (ConfUtils.java:logGet(43)) - raft.server.snapshot.retention.num.files = 5 (custom)
2019-09-25 12:10:39,633 [pool-157-thread-1] INFO  server.RaftServerConfigKeys (ConfUtils.java:logGet(43)) - raft.server.retrycache.expirytime = 600000ms (custom)
2019-09-25 12:10:39,634 [pool-157-thread-1] INFO  impl.RaftServerImpl (RaftServerImpl.java:start(185)) - 80deecc8-67d2-4886-a269-aab5f88a17c2@group-2F53B1F7F88C: start as a follower, conf=-1: [80deecc8-67d2-4886-a269-aab5f88a17c2:192.168.151.73:41765], old=null
2019-09-25 12:10:39,634 [pool-157-thread-1] INFO  impl.RaftServerImpl (RaftServerImpl.java:setRole(174)) - 80deecc8-67d2-4886-a269-aab5f88a17c2@group-2F53B1F7F88C: changes role from      null to FOLLOWER at term 0 for startAsFollower
2019-09-25 12:10:39,635 [pool-157-thread-1] INFO  impl.RoleInfo (RoleInfo.java:updateAndGet(143)) - 80deecc8-67d2-4886-a269-aab5f88a17c2: start FollowerState
2019-09-25 12:10:39,635 [pool-157-thread-1] INFO  util.JmxRegister (JmxRegister.java:tryRegister(44)) - Successfully registered JMX Bean with object name Ratis:service=RaftServer,group=group-2F53B1F7F88C,id=80deecc8-67d2-4886-a269-aab5f88a17c2
2019-09-25 12:10:39,638 [RatisPipelineUtilsThread] INFO  pipeline.PipelineStateManager (PipelineStateManager.java:addPipeline(56)) - Created pipeline Pipeline[ Id: 9cca0aba-f39b-450e-958b-2f53b1f7f88c, Nodes: 80deecc8-67d2-4886-a269-aab5f88a17c2{ip: 192.168.151.73, host: pr-hdds-1569-shd4m-3693607622, networkLocation: /default-rack, certSerialId: null}, Type:RATIS, Factor:ONE, State:OPEN]
2019-09-25 12:10:39,638 [RatisPipelineUtilsThread] INFO  pipeline.PipelinePlacementPolicy (PipelinePlacementPolicy.java:meetCriteria(91)) - Pipeline Placement: can't place more pipeline on heavy datanode： ed9e8526-460d-4c85-81a4-c6a64f474ec5 Heaviness: 6 limit: 5
2019-09-25 12:10:39,638 [RatisPipelineUtilsThread] INFO  pipeline.PipelinePlacementPolicy (PipelinePlacementPolicy.java:meetCriteria(91)) - Pipeline Placement: can't place more pipeline on heavy datanode： c6fa9dcb-3f15-43b4-bafe-b7e2932cba65 Heaviness: 6 limit: 5
2019-09-25 12:10:39,638 [RatisPipelineUtilsThread] INFO  pipeline.PipelinePlacementPolicy (PipelinePlacementPolicy.java:meetCriteria(91)) - Pipeline Placement: can't place more pipeline on heavy datanode： 672ef084-74ba-47a7-a215-7b0464967c29 Heaviness: 6 limit: 5
2019-09-25 12:10:39,639 [RatisPipelineUtilsThread] INFO  pipeline.PipelinePlacementPolicy (PipelinePlacementPolicy.java:meetCriteria(91)) - Pipeline Placement: can't place more pipeline on heavy datanode： 06c06a68-4e48-447d-bb45-a3dc0e88cff1 Heaviness: 6 limit: 5
2019-09-25 12:10:39,644 [grpc-default-executor-0] INFO  impl.RaftServerProxy (RaftServerProxy.java:addNew(89)) - 80deecc8-67d2-4886-a269-aab5f88a17c2: addNew group-DB5E9E6606EC:[80deecc8-67d2-4886-a269-aab5f88a17c2:192.168.151.73:41765] returns group-DB5E9E6606EC:java.util.concurrent.CompletableFuture@6f675cc2[Not completed]
2019-09-25 12:10:39,646 [pool-157-thread-1] INFO  impl.RaftServerImpl (RaftServerImpl.java:<init>(95)) - 80deecc8-67d2-4886-a269-aab5f88a17c2: new RaftServerImpl for group-DB5E9E6606EC:[80deecc8-67d2-4886-a269-aab5f88a17c2:192.168.151.73:41765] with ContainerStateMachine:uninitialized
2019-09-25 12:10:39,646 [pool-157-thread-1] INFO  server.RaftServerConfigKeys (ConfUtils.java:logGet(43)) - raft.server.rpc.timeout.min = 5s (custom)
2019-09-25 12:10:39,646 [pool-157-thread-1] INFO  server.RaftServerConfigKeys (ConfUtils.java:logGet(43)) - raft.server.rpc.timeout.max = 5200ms (custom)
2019-09-25 12:10:39,646 [pool-157-thread-1] INFO  server.RaftServerConfigKeys (ConfUtils.java:logGet(43)) - raft.server.rpcslowness.timeout = 120s (custom)
2019-09-25 12:10:39,646 [pool-157-thread-1] INFO  server.RaftServerConfigKeys (ConfUtils.java:logGet(43)) - raft.server.sleep.deviation.threshold = 300 (default)
2019-09-25 12:10:39,646 [pool-157-thread-1] INFO  server.RaftServerConfigKeys (ConfUtils.java:logGet(43)) - raft.server.log.appender.install.snapshot.enabled = false (custom)
2019-09-25 12:10:39,647 [pool-157-thread-1] INFO  impl.RaftServerImpl (ServerState.java:<init>(103)) - 80deecc8-67d2-4886-a269-aab5f88a17c2@group-DB5E9E6606EC: ConfigurationManager, init=-1: [80deecc8-67d2-4886-a269-aab5f88a17c2:192.168.151.73:41765], old=null, confs=<EMPTY_MAP>
2019-09-25 12:10:39,647 [pool-157-thread-1] INFO  server.RaftServerConfigKeys (ConfUtils.java:logGet(43)) - raft.server.storage.dir = [/workdir/hadoop-ozone/integration-test/target/test-dir/MiniOzoneClusterImpl-7d9c4453-492c-478b-a0e0-2871dbe18f6e/datanode-4/data/ratis] (custom)
2019-09-25 12:10:39,647 [pool-157-thread-1] INFO  storage.RaftStorageDirectory (RaftStorageDirectory.java:analyzeStorage(246)) - The storage directory /workdir/hadoop-ozone/integration-test/target/test-dir/MiniOzoneClusterImpl-7d9c4453-492c-478b-a0e0-2871dbe18f6e/datanode-4/data/ratis/9114921d-caac-4d5c-b7d5-db5e9e6606ec does not exist. Creating ...
2019-09-25 12:10:39,659 [pool-157-thread-1] INFO  storage.RaftStorageDirectory (RaftStorageDirectory.java:tryLock(328)) - Lock on /workdir/hadoop-ozone/integration-test/target/test-dir/MiniOzoneClusterImpl-7d9c4453-492c-478b-a0e0-2871dbe18f6e/datanode-4/data/ratis/9114921d-caac-4d5c-b7d5-db5e9e6606ec/in_use.lock acquired by nodename 9481@pr-hdds-1569-shd4m-3693607622
2019-09-25 12:10:39,674 [pool-157-thread-1] INFO  storage.RaftStorage (RaftStorage.java:format(72)) - Storage directory /workdir/hadoop-ozone/integration-test/target/test-dir/MiniOzoneClusterImpl-7d9c4453-492c-478b-a0e0-2871dbe18f6e/datanode-4/data/ratis/9114921d-caac-4d5c-b7d5-db5e9e6606ec has been successfully formatted.
2019-09-25 12:10:39,674 [pool-157-thread-1] INFO  ratis.ContainerStateMachine (ContainerStateMachine.java:loadSnapshot(230)) - group-DB5E9E6606EC: The snapshot info is null. Setting the last applied indexto:(t:0, i:~)
2019-09-25 12:10:39,674 [pool-157-thread-1] INFO  server.RaftServerConfigKeys (ConfUtils.java:logGet(43)) - raft.server.notification.no-leader.timeout = 120s (custom)
2019-09-25 12:10:39,674 [pool-157-thread-1] INFO  server.RaftServerConfigKeys (ConfUtils.java:logGet(43)) - raft.server.log.use.memory = false (default)
2019-09-25 12:10:39,675 [pool-157-thread-1] INFO  server.RaftServerConfigKeys (ConfUtils.java:logGet(43)) - raft.server.log.purge.gap = 1000000 (custom)
2019-09-25 12:10:39,675 [pool-157-thread-1] INFO  server.RaftServerConfigKeys (ConfUtils.java:logGet(43)) - raft.server.log.appender.buffer.byte-limit = 33554432 (custom)
2019-09-25 12:10:39,675 [pool-157-thread-1] INFO  server.RaftServerConfigKeys (ConfUtils.java:logGet(43)) - raft.server.log.segment.size.max = 1048576 (custom)
2019-09-25 12:10:39,675 [pool-157-thread-1] INFO  server.RaftServerConfigKeys (ConfUtils.java:logGet(43)) - raft.server.log.segment.cache.num.max = 2 (custom)
2019-09-25 12:10:39,675 [pool-157-thread-1] INFO  segmented.SegmentedRaftLogWorker (SegmentedRaftLogWorker.java:<init>(172)) - new 80deecc8-67d2-4886-a269-aab5f88a17c2@group-DB5E9E6606EC-SegmentedRaftLogWorker for RaftStorage:Storage Directory /workdir/hadoop-ozone/integration-test/target/test-dir/MiniOzoneClusterImpl-7d9c4453-492c-478b-a0e0-2871dbe18f6e/datanode-4/data/ratis/9114921d-caac-4d5c-b7d5-db5e9e6606ec
2019-09-25 12:10:39,675 [pool-157-thread-1] INFO  server.RaftServerConfigKeys (ConfUtils.java:logGet(43)) - raft.server.log.queue.byte-limit = 2147483647 (custom)
2019-09-25 12:10:39,676 [pool-157-thread-1] INFO  server.RaftServerConfigKeys (ConfUtils.java:logGet(43)) - raft.server.log.queue.element-limit = 1024 (custom)
2019-09-25 12:10:39,676 [pool-157-thread-1] INFO  server.RaftServerConfigKeys (ConfUtils.java:logGet(43)) - raft.server.log.segment.size.max = 1048576 (custom)
2019-09-25 12:10:39,676 [pool-157-thread-1] INFO  server.RaftServerConfigKeys (ConfUtils.java:logGet(43)) - raft.server.log.preallocated.size = 16384 (custom)
2019-09-25 12:10:39,676 [pool-157-thread-1] INFO  server.RaftServerConfigKeys (ConfUtils.java:logGet(43)) - raft.server.log.write.buffer.size = 33554432 (custom)
2019-09-25 12:10:39,676 [pool-157-thread-1] INFO  server.RaftServerConfigKeys (ConfUtils.java:logGet(43)) - raft.server.log.force.sync.num = 128 (default)
2019-09-25 12:10:39,676 [pool-157-thread-1] INFO  server.RaftServerConfigKeys (ConfUtils.java:logGet(43)) - raft.server.log.statemachine.data.sync = true (default)
2019-09-25 12:10:39,676 [pool-157-thread-1] INFO  server.RaftServerConfigKeys (ConfUtils.java:logGet(43)) - raft.server.log.statemachine.data.sync.timeout = 10s (default)
2019-09-25 12:10:39,677 [pool-157-thread-1] INFO  server.RaftServerConfigKeys (ConfUtils.java:logGet(43)) - raft.server.log.statemachine.data.sync.timeout.retry = -1 (default)
2019-09-25 12:10:39,677 [pool-157-thread-1] INFO  server.RaftServerConfigKeys (ConfUtils.java:logGet(43)) - raft.server.log.statemachine.data.caching.enabled = true (custom)
2019-09-25 12:10:39,677 [pool-157-thread-1] INFO  segmented.SegmentedRaftLogWorker (SegmentedRaftLogWorker.java:lambda$new$0(132)) - 80deecc8-67d2-4886-a269-aab5f88a17c2@group-DB5E9E6606EC-SegmentedRaftLogWorker: flushIndex: setUnconditionally 0 -> -1
2019-09-25 12:10:39,678 [pool-157-thread-1] INFO  server.RaftServerConfigKeys (ConfUtils.java:logGet(43)) - raft.server.snapshot.auto.trigger.enabled = true (custom)
2019-09-25 12:10:39,678 [pool-157-thread-1] INFO  server.RaftServerConfigKeys (ConfUtils.java:logGet(43)) - raft.server.snapshot.auto.trigger.threshold = 10000 (custom)
2019-09-25 12:10:39,678 [pool-157-thread-1] INFO  server.RaftServerConfigKeys (ConfUtils.java:logGet(43)) - raft.server.snapshot.retention.num.files = 5 (custom)
2019-09-25 12:10:39,678 [pool-157-thread-1] INFO  server.RaftServerConfigKeys (ConfUtils.java:logGet(43)) - raft.server.retrycache.expirytime = 600000ms (custom)
2019-09-25 12:10:39,681 [pool-157-thread-1] INFO  impl.RaftServerImpl (RaftServerImpl.java:start(185)) - 80deecc8-67d2-4886-a269-aab5f88a17c2@group-DB5E9E6606EC: start as a follower, conf=-1: [80deecc8-67d2-4886-a269-aab5f88a17c2:192.168.151.73:41765], old=null
2019-09-25 12:10:39,681 [pool-157-thread-1] INFO  impl.RaftServerImpl (RaftServerImpl.java:setRole(174)) - 80deecc8-67d2-4886-a269-aab5f88a17c2@group-DB5E9E6606EC: changes role from      null to FOLLOWER at term 0 for startAsFollower
2019-09-25 12:10:39,681 [pool-157-thread-1] INFO  impl.RoleInfo (RoleInfo.java:updateAndGet(143)) - 80deecc8-67d2-4886-a269-aab5f88a17c2: start FollowerState
2019-09-25 12:10:39,681 [pool-157-thread-1] INFO  util.JmxRegister (JmxRegister.java:tryRegister(44)) - Successfully registered JMX Bean with object name Ratis:service=RaftServer,group=group-DB5E9E6606EC,id=80deecc8-67d2-4886-a269-aab5f88a17c2
2019-09-25 12:10:39,684 [RatisPipelineUtilsThread] INFO  pipeline.PipelineStateManager (PipelineStateManager.java:addPipeline(56)) - Created pipeline Pipeline[ Id: 9114921d-caac-4d5c-b7d5-db5e9e6606ec, Nodes: 80deecc8-67d2-4886-a269-aab5f88a17c2{ip: 192.168.151.73, host: pr-hdds-1569-shd4m-3693607622, networkLocation: /default-rack, certSerialId: null}, Type:RATIS, Factor:ONE, State:OPEN]
2019-09-25 12:10:39,685 [RatisPipelineUtilsThread] INFO  pipeline.PipelinePlacementPolicy (PipelinePlacementPolicy.java:meetCriteria(91)) - Pipeline Placement: can't place more pipeline on heavy datanode： ed9e8526-460d-4c85-81a4-c6a64f474ec5 Heaviness: 6 limit: 5
2019-09-25 12:10:39,685 [RatisPipelineUtilsThread] INFO  pipeline.PipelinePlacementPolicy (PipelinePlacementPolicy.java:meetCriteria(91)) - Pipeline Placement: can't place more pipeline on heavy datanode： c6fa9dcb-3f15-43b4-bafe-b7e2932cba65 Heaviness: 6 limit: 5
2019-09-25 12:10:39,685 [RatisPipelineUtilsThread] INFO  pipeline.PipelinePlacementPolicy (PipelinePlacementPolicy.java:meetCriteria(91)) - Pipeline Placement: can't place more pipeline on heavy datanode： 672ef084-74ba-47a7-a215-7b0464967c29 Heaviness: 6 limit: 5
2019-09-25 12:10:39,685 [RatisPipelineUtilsThread] INFO  pipeline.PipelinePlacementPolicy (PipelinePlacementPolicy.java:meetCriteria(91)) - Pipeline Placement: can't place more pipeline on heavy datanode： 06c06a68-4e48-447d-bb45-a3dc0e88cff1 Heaviness: 6 limit: 5
2019-09-25 12:10:39,691 [grpc-default-executor-0] INFO  impl.RaftServerProxy (RaftServerProxy.java:addNew(89)) - 80deecc8-67d2-4886-a269-aab5f88a17c2: addNew group-429BF13C1817:[80deecc8-67d2-4886-a269-aab5f88a17c2:192.168.151.73:41765] returns group-429BF13C1817:java.util.concurrent.CompletableFuture@122279d6[Not completed]
2019-09-25 12:10:39,692 [pool-157-thread-1] INFO  impl.RaftServerImpl (RaftServerImpl.java:<init>(95)) - 80deecc8-67d2-4886-a269-aab5f88a17c2: new RaftServerImpl for group-429BF13C1817:[80deecc8-67d2-4886-a269-aab5f88a17c2:192.168.151.73:41765] with ContainerStateMachine:uninitialized
2019-09-25 12:10:39,692 [pool-157-thread-1] INFO  server.RaftServerConfigKeys (ConfUtils.java:logGet(43)) - raft.server.rpc.timeout.min = 5s (custom)
2019-09-25 12:10:39,692 [pool-157-thread-1] INFO  server.RaftServerConfigKeys (ConfUtils.java:logGet(43)) - raft.server.rpc.timeout.max = 5200ms (custom)
2019-09-25 12:10:39,692 [pool-157-thread-1] INFO  server.RaftServerConfigKeys (ConfUtils.java:logGet(43)) - raft.server.rpcslowness.timeout = 120s (custom)
2019-09-25 12:10:39,693 [pool-157-thread-1] INFO  server.RaftServerConfigKeys (ConfUtils.java:logGet(43)) - raft.server.sleep.deviation.threshold = 300 (default)
2019-09-25 12:10:39,693 [pool-157-thread-1] INFO  server.RaftServerConfigKeys (ConfUtils.java:logGet(43)) - raft.server.log.appender.install.snapshot.enabled = false (custom)
2019-09-25 12:10:39,693 [pool-157-thread-1] INFO  impl.RaftServerImpl (ServerState.java:<init>(103)) - 80deecc8-67d2-4886-a269-aab5f88a17c2@group-429BF13C1817: ConfigurationManager, init=-1: [80deecc8-67d2-4886-a269-aab5f88a17c2:192.168.151.73:41765], old=null, confs=<EMPTY_MAP>
2019-09-25 12:10:39,693 [pool-157-thread-1] INFO  server.RaftServerConfigKeys (ConfUtils.java:logGet(43)) - raft.server.storage.dir = [/workdir/hadoop-ozone/integration-test/target/test-dir/MiniOzoneClusterImpl-7d9c4453-492c-478b-a0e0-2871dbe18f6e/datanode-4/data/ratis] (custom)
2019-09-25 12:10:39,693 [pool-157-thread-1] INFO  storage.RaftStorageDirectory (RaftStorageDirectory.java:analyzeStorage(246)) - The storage directory /workdir/hadoop-ozone/integration-test/target/test-dir/MiniOzoneClusterImpl-7d9c4453-492c-478b-a0e0-2871dbe18f6e/datanode-4/data/ratis/3bd964fd-994f-47b7-8ad5-429bf13c1817 does not exist. Creating ...
2019-09-25 12:10:39,714 [pool-157-thread-1] INFO  storage.RaftStorageDirectory (RaftStorageDirectory.java:tryLock(328)) - Lock on /workdir/hadoop-ozone/integration-test/target/test-dir/MiniOzoneClusterImpl-7d9c4453-492c-478b-a0e0-2871dbe18f6e/datanode-4/data/ratis/3bd964fd-994f-47b7-8ad5-429bf13c1817/in_use.lock acquired by nodename 9481@pr-hdds-1569-shd4m-3693607622
2019-09-25 12:10:39,739 [pool-157-thread-1] INFO  storage.RaftStorage (RaftStorage.java:format(72)) - Storage directory /workdir/hadoop-ozone/integration-test/target/test-dir/MiniOzoneClusterImpl-7d9c4453-492c-478b-a0e0-2871dbe18f6e/datanode-4/data/ratis/3bd964fd-994f-47b7-8ad5-429bf13c1817 has been successfully formatted.
2019-09-25 12:10:39,740 [pool-157-thread-1] INFO  ratis.ContainerStateMachine (ContainerStateMachine.java:loadSnapshot(230)) - group-429BF13C1817: The snapshot info is null. Setting the last applied indexto:(t:0, i:~)
2019-09-25 12:10:39,740 [pool-157-thread-1] INFO  server.RaftServerConfigKeys (ConfUtils.java:logGet(43)) - raft.server.notification.no-leader.timeout = 120s (custom)
2019-09-25 12:10:39,740 [pool-157-thread-1] INFO  server.RaftServerConfigKeys (ConfUtils.java:logGet(43)) - raft.server.log.use.memory = false (default)
2019-09-25 12:10:39,740 [pool-157-thread-1] INFO  server.RaftServerConfigKeys (ConfUtils.java:logGet(43)) - raft.server.log.purge.gap = 1000000 (custom)
2019-09-25 12:10:39,740 [pool-157-thread-1] INFO  server.RaftServerConfigKeys (ConfUtils.java:logGet(43)) - raft.server.log.appender.buffer.byte-limit = 33554432 (custom)
2019-09-25 12:10:39,740 [pool-157-thread-1] INFO  server.RaftServerConfigKeys (ConfUtils.java:logGet(43)) - raft.server.log.segment.size.max = 1048576 (custom)
2019-09-25 12:10:39,741 [pool-157-thread-1] INFO  server.RaftServerConfigKeys (ConfUtils.java:logGet(43)) - raft.server.log.segment.cache.num.max = 2 (custom)
2019-09-25 12:10:39,741 [pool-157-thread-1] INFO  segmented.SegmentedRaftLogWorker (SegmentedRaftLogWorker.java:<init>(172)) - new 80deecc8-67d2-4886-a269-aab5f88a17c2@group-429BF13C1817-SegmentedRaftLogWorker for RaftStorage:Storage Directory /workdir/hadoop-ozone/integration-test/target/test-dir/MiniOzoneClusterImpl-7d9c4453-492c-478b-a0e0-2871dbe18f6e/datanode-4/data/ratis/3bd964fd-994f-47b7-8ad5-429bf13c1817
2019-09-25 12:10:39,741 [pool-157-thread-1] INFO  server.RaftServerConfigKeys (ConfUtils.java:logGet(43)) - raft.server.log.queue.byte-limit = 2147483647 (custom)
2019-09-25 12:10:39,741 [pool-157-thread-1] INFO  server.RaftServerConfigKeys (ConfUtils.java:logGet(43)) - raft.server.log.queue.element-limit = 1024 (custom)
2019-09-25 12:10:39,741 [pool-157-thread-1] INFO  server.RaftServerConfigKeys (ConfUtils.java:logGet(43)) - raft.server.log.segment.size.max = 1048576 (custom)
2019-09-25 12:10:39,741 [pool-157-thread-1] INFO  server.RaftServerConfigKeys (ConfUtils.java:logGet(43)) - raft.server.log.preallocated.size = 16384 (custom)
2019-09-25 12:10:39,742 [pool-157-thread-1] INFO  server.RaftServerConfigKeys (ConfUtils.java:logGet(43)) - raft.server.log.write.buffer.size = 33554432 (custom)
2019-09-25 12:10:39,742 [pool-157-thread-1] INFO  server.RaftServerConfigKeys (ConfUtils.java:logGet(43)) - raft.server.log.force.sync.num = 128 (default)
2019-09-25 12:10:39,742 [pool-157-thread-1] INFO  server.RaftServerConfigKeys (ConfUtils.java:logGet(43)) - raft.server.log.statemachine.data.sync = true (default)
2019-09-25 12:10:39,742 [pool-157-thread-1] INFO  server.RaftServerConfigKeys (ConfUtils.java:logGet(43)) - raft.server.log.statemachine.data.sync.timeout = 10s (default)
2019-09-25 12:10:39,742 [pool-157-thread-1] INFO  server.RaftServerConfigKeys (ConfUtils.java:logGet(43)) - raft.server.log.statemachine.data.sync.timeout.retry = -1 (default)
2019-09-25 12:10:39,742 [pool-157-thread-1] INFO  server.RaftServerConfigKeys (ConfUtils.java:logGet(43)) - raft.server.log.statemachine.data.caching.enabled = true (custom)
2019-09-25 12:10:39,743 [pool-157-thread-1] INFO  segmented.SegmentedRaftLogWorker (SegmentedRaftLogWorker.java:lambda$new$0(132)) - 80deecc8-67d2-4886-a269-aab5f88a17c2@group-429BF13C1817-SegmentedRaftLogWorker: flushIndex: setUnconditionally 0 -> -1
2019-09-25 12:10:39,743 [pool-157-thread-1] INFO  server.RaftServerConfigKeys (ConfUtils.java:logGet(43)) - raft.server.snapshot.auto.trigger.enabled = true (custom)
2019-09-25 12:10:39,743 [pool-157-thread-1] INFO  server.RaftServerConfigKeys (ConfUtils.java:logGet(43)) - raft.server.snapshot.auto.trigger.threshold = 10000 (custom)
2019-09-25 12:10:39,743 [pool-157-thread-1] INFO  server.RaftServerConfigKeys (ConfUtils.java:logGet(43)) - raft.server.snapshot.retention.num.files = 5 (custom)
2019-09-25 12:10:39,744 [pool-157-thread-1] INFO  server.RaftServerConfigKeys (ConfUtils.java:logGet(43)) - raft.server.retrycache.expirytime = 600000ms (custom)
2019-09-25 12:10:39,746 [pool-157-thread-1] INFO  impl.RaftServerImpl (RaftServerImpl.java:start(185)) - 80deecc8-67d2-4886-a269-aab5f88a17c2@group-429BF13C1817: start as a follower, conf=-1: [80deecc8-67d2-4886-a269-aab5f88a17c2:192.168.151.73:41765], old=null
2019-09-25 12:10:39,746 [pool-157-thread-1] INFO  impl.RaftServerImpl (RaftServerImpl.java:setRole(174)) - 80deecc8-67d2-4886-a269-aab5f88a17c2@group-429BF13C1817: changes role from      null to FOLLOWER at term 0 for startAsFollower
2019-09-25 12:10:39,746 [pool-157-thread-1] INFO  impl.RoleInfo (RoleInfo.java:updateAndGet(143)) - 80deecc8-67d2-4886-a269-aab5f88a17c2: start FollowerState
2019-09-25 12:10:39,747 [pool-157-thread-1] INFO  util.JmxRegister (JmxRegister.java:tryRegister(44)) - Successfully registered JMX Bean with object name Ratis:service=RaftServer,group=group-429BF13C1817,id=80deecc8-67d2-4886-a269-aab5f88a17c2
2019-09-25 12:10:39,749 [RatisPipelineUtilsThread] INFO  pipeline.PipelineStateManager (PipelineStateManager.java:addPipeline(56)) - Created pipeline Pipeline[ Id: 3bd964fd-994f-47b7-8ad5-429bf13c1817, Nodes: 80deecc8-67d2-4886-a269-aab5f88a17c2{ip: 192.168.151.73, host: pr-hdds-1569-shd4m-3693607622, networkLocation: /default-rack, certSerialId: null}, Type:RATIS, Factor:ONE, State:OPEN]
2019-09-25 12:10:39,750 [RatisPipelineUtilsThread] INFO  pipeline.PipelinePlacementPolicy (PipelinePlacementPolicy.java:meetCriteria(91)) - Pipeline Placement: can't place more pipeline on heavy datanode： ed9e8526-460d-4c85-81a4-c6a64f474ec5 Heaviness: 6 limit: 5
2019-09-25 12:10:39,750 [RatisPipelineUtilsThread] INFO  pipeline.PipelinePlacementPolicy (PipelinePlacementPolicy.java:meetCriteria(91)) - Pipeline Placement: can't place more pipeline on heavy datanode： c6fa9dcb-3f15-43b4-bafe-b7e2932cba65 Heaviness: 6 limit: 5
2019-09-25 12:10:39,750 [RatisPipelineUtilsThread] INFO  pipeline.PipelinePlacementPolicy (PipelinePlacementPolicy.java:meetCriteria(91)) - Pipeline Placement: can't place more pipeline on heavy datanode： 80deecc8-67d2-4886-a269-aab5f88a17c2 Heaviness: 6 limit: 5
2019-09-25 12:10:39,750 [RatisPipelineUtilsThread] INFO  pipeline.PipelinePlacementPolicy (PipelinePlacementPolicy.java:meetCriteria(91)) - Pipeline Placement: can't place more pipeline on heavy datanode： 672ef084-74ba-47a7-a215-7b0464967c29 Heaviness: 6 limit: 5
2019-09-25 12:10:39,750 [RatisPipelineUtilsThread] INFO  pipeline.PipelinePlacementPolicy (PipelinePlacementPolicy.java:meetCriteria(91)) - Pipeline Placement: can't place more pipeline on heavy datanode： 06c06a68-4e48-447d-bb45-a3dc0e88cff1 Heaviness: 6 limit: 5
2019-09-25 12:10:39,756 [grpc-default-executor-0] INFO  impl.RaftServerProxy (RaftServerProxy.java:addNew(89)) - b0d03c9b-af36-4ed0-8381-e873bbd9be0f: addNew group-C07D9AC652E0:[b0d03c9b-af36-4ed0-8381-e873bbd9be0f:192.168.151.73:36577] returns group-C07D9AC652E0:java.util.concurrent.CompletableFuture@a163d49[Not completed]
2019-09-25 12:10:39,758 [pool-167-thread-1] INFO  impl.RaftServerImpl (RaftServerImpl.java:<init>(95)) - b0d03c9b-af36-4ed0-8381-e873bbd9be0f: new RaftServerImpl for group-C07D9AC652E0:[b0d03c9b-af36-4ed0-8381-e873bbd9be0f:192.168.151.73:36577] with ContainerStateMachine:uninitialized
2019-09-25 12:10:39,758 [pool-167-thread-1] INFO  server.RaftServerConfigKeys (ConfUtils.java:logGet(43)) - raft.server.rpc.timeout.min = 5s (custom)
2019-09-25 12:10:39,758 [pool-167-thread-1] INFO  server.RaftServerConfigKeys (ConfUtils.java:logGet(43)) - raft.server.rpc.timeout.max = 5200ms (custom)
2019-09-25 12:10:39,759 [pool-167-thread-1] INFO  server.RaftServerConfigKeys (ConfUtils.java:logGet(43)) - raft.server.rpcslowness.timeout = 120s (custom)
2019-09-25 12:10:39,759 [pool-167-thread-1] INFO  server.RaftServerConfigKeys (ConfUtils.java:logGet(43)) - raft.server.sleep.deviation.threshold = 300 (default)
2019-09-25 12:10:39,759 [pool-167-thread-1] INFO  server.RaftServerConfigKeys (ConfUtils.java:logGet(43)) - raft.server.log.appender.install.snapshot.enabled = false (custom)
2019-09-25 12:10:39,759 [pool-167-thread-1] INFO  impl.RaftServerImpl (ServerState.java:<init>(103)) - b0d03c9b-af36-4ed0-8381-e873bbd9be0f@group-C07D9AC652E0: ConfigurationManager, init=-1: [b0d03c9b-af36-4ed0-8381-e873bbd9be0f:192.168.151.73:36577], old=null, confs=<EMPTY_MAP>
2019-09-25 12:10:39,759 [pool-167-thread-1] INFO  server.RaftServerConfigKeys (ConfUtils.java:logGet(43)) - raft.server.storage.dir = [/workdir/hadoop-ozone/integration-test/target/test-dir/MiniOzoneClusterImpl-7d9c4453-492c-478b-a0e0-2871dbe18f6e/datanode-5/data/ratis] (custom)
2019-09-25 12:10:39,760 [pool-167-thread-1] INFO  storage.RaftStorageDirectory (RaftStorageDirectory.java:analyzeStorage(246)) - The storage directory /workdir/hadoop-ozone/integration-test/target/test-dir/MiniOzoneClusterImpl-7d9c4453-492c-478b-a0e0-2871dbe18f6e/datanode-5/data/ratis/3d6e1826-cbeb-4849-a73f-c07d9ac652e0 does not exist. Creating ...
2019-09-25 12:10:39,772 [pool-167-thread-1] INFO  storage.RaftStorageDirectory (RaftStorageDirectory.java:tryLock(328)) - Lock on /workdir/hadoop-ozone/integration-test/target/test-dir/MiniOzoneClusterImpl-7d9c4453-492c-478b-a0e0-2871dbe18f6e/datanode-5/data/ratis/3d6e1826-cbeb-4849-a73f-c07d9ac652e0/in_use.lock acquired by nodename 9481@pr-hdds-1569-shd4m-3693607622
2019-09-25 12:10:39,785 [pool-167-thread-1] INFO  storage.RaftStorage (RaftStorage.java:format(72)) - Storage directory /workdir/hadoop-ozone/integration-test/target/test-dir/MiniOzoneClusterImpl-7d9c4453-492c-478b-a0e0-2871dbe18f6e/datanode-5/data/ratis/3d6e1826-cbeb-4849-a73f-c07d9ac652e0 has been successfully formatted.
2019-09-25 12:10:39,785 [pool-167-thread-1] INFO  ratis.ContainerStateMachine (ContainerStateMachine.java:loadSnapshot(230)) - group-C07D9AC652E0: The snapshot info is null. Setting the last applied indexto:(t:0, i:~)
2019-09-25 12:10:39,785 [pool-167-thread-1] INFO  server.RaftServerConfigKeys (ConfUtils.java:logGet(43)) - raft.server.notification.no-leader.timeout = 120s (custom)
2019-09-25 12:10:39,785 [pool-167-thread-1] INFO  server.RaftServerConfigKeys (ConfUtils.java:logGet(43)) - raft.server.log.use.memory = false (default)
2019-09-25 12:10:39,786 [pool-167-thread-1] INFO  server.RaftServerConfigKeys (ConfUtils.java:logGet(43)) - raft.server.log.purge.gap = 1000000 (custom)
2019-09-25 12:10:39,786 [pool-167-thread-1] INFO  server.RaftServerConfigKeys (ConfUtils.java:logGet(43)) - raft.server.log.appender.buffer.byte-limit = 33554432 (custom)
2019-09-25 12:10:39,786 [pool-167-thread-1] INFO  server.RaftServerConfigKeys (ConfUtils.java:logGet(43)) - raft.server.log.segment.size.max = 1048576 (custom)
2019-09-25 12:10:39,786 [pool-167-thread-1] INFO  server.RaftServerConfigKeys (ConfUtils.java:logGet(43)) - raft.server.log.segment.cache.num.max = 2 (custom)
2019-09-25 12:10:39,786 [pool-167-thread-1] INFO  segmented.SegmentedRaftLogWorker (SegmentedRaftLogWorker.java:<init>(172)) - new b0d03c9b-af36-4ed0-8381-e873bbd9be0f@group-C07D9AC652E0-SegmentedRaftLogWorker for RaftStorage:Storage Directory /workdir/hadoop-ozone/integration-test/target/test-dir/MiniOzoneClusterImpl-7d9c4453-492c-478b-a0e0-2871dbe18f6e/datanode-5/data/ratis/3d6e1826-cbeb-4849-a73f-c07d9ac652e0
2019-09-25 12:10:39,786 [pool-167-thread-1] INFO  server.RaftServerConfigKeys (ConfUtils.java:logGet(43)) - raft.server.log.queue.byte-limit = 2147483647 (custom)
2019-09-25 12:10:39,787 [pool-167-thread-1] INFO  server.RaftServerConfigKeys (ConfUtils.java:logGet(43)) - raft.server.log.queue.element-limit = 1024 (custom)
2019-09-25 12:10:39,787 [pool-167-thread-1] INFO  server.RaftServerConfigKeys (ConfUtils.java:logGet(43)) - raft.server.log.segment.size.max = 1048576 (custom)
2019-09-25 12:10:39,787 [pool-167-thread-1] INFO  server.RaftServerConfigKeys (ConfUtils.java:logGet(43)) - raft.server.log.preallocated.size = 16384 (custom)
2019-09-25 12:10:39,787 [pool-167-thread-1] INFO  server.RaftServerConfigKeys (ConfUtils.java:logGet(43)) - raft.server.log.write.buffer.size = 33554432 (custom)
2019-09-25 12:10:39,787 [pool-167-thread-1] INFO  server.RaftServerConfigKeys (ConfUtils.java:logGet(43)) - raft.server.log.force.sync.num = 128 (default)
2019-09-25 12:10:39,787 [pool-167-thread-1] INFO  server.RaftServerConfigKeys (ConfUtils.java:logGet(43)) - raft.server.log.statemachine.data.sync = true (default)
2019-09-25 12:10:39,788 [pool-167-thread-1] INFO  server.RaftServerConfigKeys (ConfUtils.java:logGet(43)) - raft.server.log.statemachine.data.sync.timeout = 10s (default)
2019-09-25 12:10:39,788 [pool-167-thread-1] INFO  server.RaftServerConfigKeys (ConfUtils.java:logGet(43)) - raft.server.log.statemachine.data.sync.timeout.retry = -1 (default)
2019-09-25 12:10:39,788 [pool-167-thread-1] INFO  server.RaftServerConfigKeys (ConfUtils.java:logGet(43)) - raft.server.log.statemachine.data.caching.enabled = true (custom)
2019-09-25 12:10:39,788 [pool-167-thread-1] INFO  segmented.SegmentedRaftLogWorker (SegmentedRaftLogWorker.java:lambda$new$0(132)) - b0d03c9b-af36-4ed0-8381-e873bbd9be0f@group-C07D9AC652E0-SegmentedRaftLogWorker: flushIndex: setUnconditionally 0 -> -1
2019-09-25 12:10:39,789 [pool-167-thread-1] INFO  server.RaftServerConfigKeys (ConfUtils.java:logGet(43)) - raft.server.snapshot.auto.trigger.enabled = true (custom)
2019-09-25 12:10:39,789 [pool-167-thread-1] INFO  server.RaftServerConfigKeys (ConfUtils.java:logGet(43)) - raft.server.snapshot.auto.trigger.threshold = 10000 (custom)
2019-09-25 12:10:39,789 [pool-167-thread-1] INFO  server.RaftServerConfigKeys (ConfUtils.java:logGet(43)) - raft.server.snapshot.retention.num.files = 5 (custom)
2019-09-25 12:10:39,789 [pool-167-thread-1] INFO  server.RaftServerConfigKeys (ConfUtils.java:logGet(43)) - raft.server.retrycache.expirytime = 600000ms (custom)
2019-09-25 12:10:39,791 [pool-167-thread-1] INFO  impl.RaftServerImpl (RaftServerImpl.java:start(185)) - b0d03c9b-af36-4ed0-8381-e873bbd9be0f@group-C07D9AC652E0: start as a follower, conf=-1: [b0d03c9b-af36-4ed0-8381-e873bbd9be0f:192.168.151.73:36577], old=null
2019-09-25 12:10:39,791 [pool-167-thread-1] INFO  impl.RaftServerImpl (RaftServerImpl.java:setRole(174)) - b0d03c9b-af36-4ed0-8381-e873bbd9be0f@group-C07D9AC652E0: changes role from      null to FOLLOWER at term 0 for startAsFollower
2019-09-25 12:10:39,792 [pool-167-thread-1] INFO  impl.RoleInfo (RoleInfo.java:updateAndGet(143)) - b0d03c9b-af36-4ed0-8381-e873bbd9be0f: start FollowerState
2019-09-25 12:10:39,792 [pool-167-thread-1] INFO  util.JmxRegister (JmxRegister.java:tryRegister(44)) - Successfully registered JMX Bean with object name Ratis:service=RaftServer,group=group-C07D9AC652E0,id=b0d03c9b-af36-4ed0-8381-e873bbd9be0f
2019-09-25 12:10:39,929 [RatisPipelineUtilsThread] INFO  pipeline.PipelineStateManager (PipelineStateManager.java:addPipeline(56)) - Created pipeline Pipeline[ Id: 3d6e1826-cbeb-4849-a73f-c07d9ac652e0, Nodes: b0d03c9b-af36-4ed0-8381-e873bbd9be0f{ip: 192.168.151.73, host: pr-hdds-1569-shd4m-3693607622, networkLocation: /default-rack, certSerialId: null}, Type:RATIS, Factor:ONE, State:OPEN]
2019-09-25 12:10:39,930 [RatisPipelineUtilsThread] INFO  pipeline.PipelinePlacementPolicy (PipelinePlacementPolicy.java:meetCriteria(91)) - Pipeline Placement: can't place more pipeline on heavy datanode： ed9e8526-460d-4c85-81a4-c6a64f474ec5 Heaviness: 6 limit: 5
2019-09-25 12:10:39,930 [RatisPipelineUtilsThread] INFO  pipeline.PipelinePlacementPolicy (PipelinePlacementPolicy.java:meetCriteria(91)) - Pipeline Placement: can't place more pipeline on heavy datanode： c6fa9dcb-3f15-43b4-bafe-b7e2932cba65 Heaviness: 6 limit: 5
2019-09-25 12:10:39,930 [RatisPipelineUtilsThread] INFO  pipeline.PipelinePlacementPolicy (PipelinePlacementPolicy.java:meetCriteria(91)) - Pipeline Placement: can't place more pipeline on heavy datanode： 80deecc8-67d2-4886-a269-aab5f88a17c2 Heaviness: 6 limit: 5
2019-09-25 12:10:39,930 [RatisPipelineUtilsThread] INFO  pipeline.PipelinePlacementPolicy (PipelinePlacementPolicy.java:meetCriteria(91)) - Pipeline Placement: can't place more pipeline on heavy datanode： 672ef084-74ba-47a7-a215-7b0464967c29 Heaviness: 6 limit: 5
2019-09-25 12:10:39,931 [RatisPipelineUtilsThread] INFO  pipeline.PipelinePlacementPolicy (PipelinePlacementPolicy.java:meetCriteria(91)) - Pipeline Placement: can't place more pipeline on heavy datanode： 06c06a68-4e48-447d-bb45-a3dc0e88cff1 Heaviness: 6 limit: 5
2019-09-25 12:10:39,965 [grpc-default-executor-0] INFO  impl.RaftServerProxy (RaftServerProxy.java:addNew(89)) - b0d03c9b-af36-4ed0-8381-e873bbd9be0f: addNew group-E5AD430D4944:[b0d03c9b-af36-4ed0-8381-e873bbd9be0f:192.168.151.73:36577] returns group-E5AD430D4944:java.util.concurrent.CompletableFuture@4893b02a[Not completed]
2019-09-25 12:10:39,966 [pool-167-thread-1] INFO  impl.RaftServerImpl (RaftServerImpl.java:<init>(95)) - b0d03c9b-af36-4ed0-8381-e873bbd9be0f: new RaftServerImpl for group-E5AD430D4944:[b0d03c9b-af36-4ed0-8381-e873bbd9be0f:192.168.151.73:36577] with ContainerStateMachine:uninitialized
2019-09-25 12:10:39,966 [pool-167-thread-1] INFO  server.RaftServerConfigKeys (ConfUtils.java:logGet(43)) - raft.server.rpc.timeout.min = 5s (custom)
2019-09-25 12:10:39,966 [pool-167-thread-1] INFO  server.RaftServerConfigKeys (ConfUtils.java:logGet(43)) - raft.server.rpc.timeout.max = 5200ms (custom)
2019-09-25 12:10:39,966 [pool-167-thread-1] INFO  server.RaftServerConfigKeys (ConfUtils.java:logGet(43)) - raft.server.rpcslowness.timeout = 120s (custom)
2019-09-25 12:10:39,966 [pool-167-thread-1] INFO  server.RaftServerConfigKeys (ConfUtils.java:logGet(43)) - raft.server.sleep.deviation.threshold = 300 (default)
2019-09-25 12:10:39,966 [pool-167-thread-1] INFO  server.RaftServerConfigKeys (ConfUtils.java:logGet(43)) - raft.server.log.appender.install.snapshot.enabled = false (custom)
2019-09-25 12:10:39,966 [pool-167-thread-1] INFO  impl.RaftServerImpl (ServerState.java:<init>(103)) - b0d03c9b-af36-4ed0-8381-e873bbd9be0f@group-E5AD430D4944: ConfigurationManager, init=-1: [b0d03c9b-af36-4ed0-8381-e873bbd9be0f:192.168.151.73:36577], old=null, confs=<EMPTY_MAP>
2019-09-25 12:10:39,967 [pool-167-thread-1] INFO  server.RaftServerConfigKeys (ConfUtils.java:logGet(43)) - raft.server.storage.dir = [/workdir/hadoop-ozone/integration-test/target/test-dir/MiniOzoneClusterImpl-7d9c4453-492c-478b-a0e0-2871dbe18f6e/datanode-5/data/ratis] (custom)
2019-09-25 12:10:39,967 [pool-167-thread-1] INFO  storage.RaftStorageDirectory (RaftStorageDirectory.java:analyzeStorage(246)) - The storage directory /workdir/hadoop-ozone/integration-test/target/test-dir/MiniOzoneClusterImpl-7d9c4453-492c-478b-a0e0-2871dbe18f6e/datanode-5/data/ratis/125f9844-59ab-4f05-83a1-e5ad430d4944 does not exist. Creating ...
2019-09-25 12:10:39,993 [pool-167-thread-1] INFO  storage.RaftStorageDirectory (RaftStorageDirectory.java:tryLock(328)) - Lock on /workdir/hadoop-ozone/integration-test/target/test-dir/MiniOzoneClusterImpl-7d9c4453-492c-478b-a0e0-2871dbe18f6e/datanode-5/data/ratis/125f9844-59ab-4f05-83a1-e5ad430d4944/in_use.lock acquired by nodename 9481@pr-hdds-1569-shd4m-3693607622
2019-09-25 12:10:40,007 [pool-167-thread-1] INFO  storage.RaftStorage (RaftStorage.java:format(72)) - Storage directory /workdir/hadoop-ozone/integration-test/target/test-dir/MiniOzoneClusterImpl-7d9c4453-492c-478b-a0e0-2871dbe18f6e/datanode-5/data/ratis/125f9844-59ab-4f05-83a1-e5ad430d4944 has been successfully formatted.
2019-09-25 12:10:40,007 [pool-167-thread-1] INFO  ratis.ContainerStateMachine (ContainerStateMachine.java:loadSnapshot(230)) - group-E5AD430D4944: The snapshot info is null. Setting the last applied indexto:(t:0, i:~)
2019-09-25 12:10:40,008 [pool-167-thread-1] INFO  server.RaftServerConfigKeys (ConfUtils.java:logGet(43)) - raft.server.notification.no-leader.timeout = 120s (custom)
2019-09-25 12:10:40,008 [pool-167-thread-1] INFO  server.RaftServerConfigKeys (ConfUtils.java:logGet(43)) - raft.server.log.use.memory = false (default)
2019-09-25 12:10:40,008 [pool-167-thread-1] INFO  server.RaftServerConfigKeys (ConfUtils.java:logGet(43)) - raft.server.log.purge.gap = 1000000 (custom)
2019-09-25 12:10:40,008 [pool-167-thread-1] INFO  server.RaftServerConfigKeys (ConfUtils.java:logGet(43)) - raft.server.log.appender.buffer.byte-limit = 33554432 (custom)
2019-09-25 12:10:40,008 [pool-167-thread-1] INFO  server.RaftServerConfigKeys (ConfUtils.java:logGet(43)) - raft.server.log.segment.size.max = 1048576 (custom)
2019-09-25 12:10:40,008 [pool-167-thread-1] INFO  server.RaftServerConfigKeys (ConfUtils.java:logGet(43)) - raft.server.log.segment.cache.num.max = 2 (custom)
2019-09-25 12:10:40,008 [pool-167-thread-1] INFO  segmented.SegmentedRaftLogWorker (SegmentedRaftLogWorker.java:<init>(172)) - new b0d03c9b-af36-4ed0-8381-e873bbd9be0f@group-E5AD430D4944-SegmentedRaftLogWorker for RaftStorage:Storage Directory /workdir/hadoop-ozone/integration-test/target/test-dir/MiniOzoneClusterImpl-7d9c4453-492c-478b-a0e0-2871dbe18f6e/datanode-5/data/ratis/125f9844-59ab-4f05-83a1-e5ad430d4944
2019-09-25 12:10:40,009 [pool-167-thread-1] INFO  server.RaftServerConfigKeys (ConfUtils.java:logGet(43)) - raft.server.log.queue.byte-limit = 2147483647 (custom)
2019-09-25 12:10:40,009 [pool-167-thread-1] INFO  server.RaftServerConfigKeys (ConfUtils.java:logGet(43)) - raft.server.log.queue.element-limit = 1024 (custom)
2019-09-25 12:10:40,009 [pool-167-thread-1] INFO  server.RaftServerConfigKeys (ConfUtils.java:logGet(43)) - raft.server.log.segment.size.max = 1048576 (custom)
2019-09-25 12:10:40,009 [pool-167-thread-1] INFO  server.RaftServerConfigKeys (ConfUtils.java:logGet(43)) - raft.server.log.preallocated.size = 16384 (custom)
2019-09-25 12:10:40,009 [pool-167-thread-1] INFO  server.RaftServerConfigKeys (ConfUtils.java:logGet(43)) - raft.server.log.write.buffer.size = 33554432 (custom)
2019-09-25 12:10:40,009 [pool-167-thread-1] INFO  server.RaftServerConfigKeys (ConfUtils.java:logGet(43)) - raft.server.log.force.sync.num = 128 (default)
2019-09-25 12:10:40,009 [pool-167-thread-1] INFO  server.RaftServerConfigKeys (ConfUtils.java:logGet(43)) - raft.server.log.statemachine.data.sync = true (default)
2019-09-25 12:10:40,010 [pool-167-thread-1] INFO  server.RaftServerConfigKeys (ConfUtils.java:logGet(43)) - raft.server.log.statemachine.data.sync.timeout = 10s (default)
2019-09-25 12:10:40,010 [pool-167-thread-1] INFO  server.RaftServerConfigKeys (ConfUtils.java:logGet(43)) - raft.server.log.statemachine.data.sync.timeout.retry = -1 (default)
2019-09-25 12:10:40,010 [pool-167-thread-1] INFO  server.RaftServerConfigKeys (ConfUtils.java:logGet(43)) - raft.server.log.statemachine.data.caching.enabled = true (custom)
2019-09-25 12:10:40,010 [pool-167-thread-1] INFO  segmented.SegmentedRaftLogWorker (SegmentedRaftLogWorker.java:lambda$new$0(132)) - b0d03c9b-af36-4ed0-8381-e873bbd9be0f@group-E5AD430D4944-SegmentedRaftLogWorker: flushIndex: setUnconditionally 0 -> -1
2019-09-25 12:10:40,018 [pool-167-thread-1] INFO  server.RaftServerConfigKeys (ConfUtils.java:logGet(43)) - raft.server.snapshot.auto.trigger.enabled = true (custom)
2019-09-25 12:10:40,018 [pool-167-thread-1] INFO  server.RaftServerConfigKeys (ConfUtils.java:logGet(43)) - raft.server.snapshot.auto.trigger.threshold = 10000 (custom)
2019-09-25 12:10:40,018 [pool-167-thread-1] INFO  server.RaftServerConfigKeys (ConfUtils.java:logGet(43)) - raft.server.snapshot.retention.num.files = 5 (custom)
2019-09-25 12:10:40,018 [pool-167-thread-1] INFO  server.RaftServerConfigKeys (ConfUtils.java:logGet(43)) - raft.server.retrycache.expirytime = 600000ms (custom)
2019-09-25 12:10:40,033 [pool-167-thread-1] INFO  impl.RaftServerImpl (RaftServerImpl.java:start(185)) - b0d03c9b-af36-4ed0-8381-e873bbd9be0f@group-E5AD430D4944: start as a follower, conf=-1: [b0d03c9b-af36-4ed0-8381-e873bbd9be0f:192.168.151.73:36577], old=null
2019-09-25 12:10:40,033 [pool-167-thread-1] INFO  impl.RaftServerImpl (RaftServerImpl.java:setRole(174)) - b0d03c9b-af36-4ed0-8381-e873bbd9be0f@group-E5AD430D4944: changes role from      null to FOLLOWER at term 0 for startAsFollower
2019-09-25 12:10:40,033 [pool-167-thread-1] INFO  impl.RoleInfo (RoleInfo.java:updateAndGet(143)) - b0d03c9b-af36-4ed0-8381-e873bbd9be0f: start FollowerState
2019-09-25 12:10:40,105 [pool-167-thread-1] INFO  util.JmxRegister (JmxRegister.java:tryRegister(44)) - Successfully registered JMX Bean with object name Ratis:service=RaftServer,group=group-E5AD430D4944,id=b0d03c9b-af36-4ed0-8381-e873bbd9be0f
2019-09-25 12:10:40,175 [RatisPipelineUtilsThread] INFO  pipeline.PipelineStateManager (PipelineStateManager.java:addPipeline(56)) - Created pipeline Pipeline[ Id: 125f9844-59ab-4f05-83a1-e5ad430d4944, Nodes: b0d03c9b-af36-4ed0-8381-e873bbd9be0f{ip: 192.168.151.73, host: pr-hdds-1569-shd4m-3693607622, networkLocation: /default-rack, certSerialId: null}, Type:RATIS, Factor:ONE, State:OPEN]
2019-09-25 12:10:40,175 [RatisPipelineUtilsThread] INFO  pipeline.PipelinePlacementPolicy (PipelinePlacementPolicy.java:meetCriteria(91)) - Pipeline Placement: can't place more pipeline on heavy datanode： ed9e8526-460d-4c85-81a4-c6a64f474ec5 Heaviness: 6 limit: 5
2019-09-25 12:10:40,176 [RatisPipelineUtilsThread] INFO  pipeline.PipelinePlacementPolicy (PipelinePlacementPolicy.java:meetCriteria(91)) - Pipeline Placement: can't place more pipeline on heavy datanode： c6fa9dcb-3f15-43b4-bafe-b7e2932cba65 Heaviness: 6 limit: 5
2019-09-25 12:10:40,176 [RatisPipelineUtilsThread] INFO  pipeline.PipelinePlacementPolicy (PipelinePlacementPolicy.java:meetCriteria(91)) - Pipeline Placement: can't place more pipeline on heavy datanode： 80deecc8-67d2-4886-a269-aab5f88a17c2 Heaviness: 6 limit: 5
2019-09-25 12:10:40,176 [RatisPipelineUtilsThread] INFO  pipeline.PipelinePlacementPolicy (PipelinePlacementPolicy.java:meetCriteria(91)) - Pipeline Placement: can't place more pipeline on heavy datanode： 672ef084-74ba-47a7-a215-7b0464967c29 Heaviness: 6 limit: 5
2019-09-25 12:10:40,176 [RatisPipelineUtilsThread] INFO  pipeline.PipelinePlacementPolicy (PipelinePlacementPolicy.java:meetCriteria(91)) - Pipeline Placement: can't place more pipeline on heavy datanode： 06c06a68-4e48-447d-bb45-a3dc0e88cff1 Heaviness: 6 limit: 5
2019-09-25 12:10:40,185 [grpc-default-executor-0] INFO  impl.RaftServerProxy (RaftServerProxy.java:addNew(89)) - b0d03c9b-af36-4ed0-8381-e873bbd9be0f: addNew group-00545004E2EA:[b0d03c9b-af36-4ed0-8381-e873bbd9be0f:192.168.151.73:36577] returns group-00545004E2EA:java.util.concurrent.CompletableFuture@3b07a8b0[Not completed]
2019-09-25 12:10:40,186 [pool-167-thread-1] INFO  impl.RaftServerImpl (RaftServerImpl.java:<init>(95)) - b0d03c9b-af36-4ed0-8381-e873bbd9be0f: new RaftServerImpl for group-00545004E2EA:[b0d03c9b-af36-4ed0-8381-e873bbd9be0f:192.168.151.73:36577] with ContainerStateMachine:uninitialized
2019-09-25 12:10:40,187 [pool-167-thread-1] INFO  server.RaftServerConfigKeys (ConfUtils.java:logGet(43)) - raft.server.rpc.timeout.min = 5s (custom)
2019-09-25 12:10:40,187 [pool-167-thread-1] INFO  server.RaftServerConfigKeys (ConfUtils.java:logGet(43)) - raft.server.rpc.timeout.max = 5200ms (custom)
2019-09-25 12:10:40,187 [pool-167-thread-1] INFO  server.RaftServerConfigKeys (ConfUtils.java:logGet(43)) - raft.server.rpcslowness.timeout = 120s (custom)
2019-09-25 12:10:40,187 [pool-167-thread-1] INFO  server.RaftServerConfigKeys (ConfUtils.java:logGet(43)) - raft.server.sleep.deviation.threshold = 300 (default)
2019-09-25 12:10:40,187 [pool-167-thread-1] INFO  server.RaftServerConfigKeys (ConfUtils.java:logGet(43)) - raft.server.log.appender.install.snapshot.enabled = false (custom)
2019-09-25 12:10:40,187 [pool-167-thread-1] INFO  impl.RaftServerImpl (ServerState.java:<init>(103)) - b0d03c9b-af36-4ed0-8381-e873bbd9be0f@group-00545004E2EA: ConfigurationManager, init=-1: [b0d03c9b-af36-4ed0-8381-e873bbd9be0f:192.168.151.73:36577], old=null, confs=<EMPTY_MAP>
2019-09-25 12:10:40,187 [pool-167-thread-1] INFO  server.RaftServerConfigKeys (ConfUtils.java:logGet(43)) - raft.server.storage.dir = [/workdir/hadoop-ozone/integration-test/target/test-dir/MiniOzoneClusterImpl-7d9c4453-492c-478b-a0e0-2871dbe18f6e/datanode-5/data/ratis] (custom)
2019-09-25 12:10:40,188 [pool-167-thread-1] INFO  storage.RaftStorageDirectory (RaftStorageDirectory.java:analyzeStorage(246)) - The storage directory /workdir/hadoop-ozone/integration-test/target/test-dir/MiniOzoneClusterImpl-7d9c4453-492c-478b-a0e0-2871dbe18f6e/datanode-5/data/ratis/980e341c-6247-455f-a5eb-00545004e2ea does not exist. Creating ...
2019-09-25 12:10:40,201 [pool-167-thread-1] INFO  storage.RaftStorageDirectory (RaftStorageDirectory.java:tryLock(328)) - Lock on /workdir/hadoop-ozone/integration-test/target/test-dir/MiniOzoneClusterImpl-7d9c4453-492c-478b-a0e0-2871dbe18f6e/datanode-5/data/ratis/980e341c-6247-455f-a5eb-00545004e2ea/in_use.lock acquired by nodename 9481@pr-hdds-1569-shd4m-3693607622
2019-09-25 12:10:40,213 [pool-167-thread-1] INFO  storage.RaftStorage (RaftStorage.java:format(72)) - Storage directory /workdir/hadoop-ozone/integration-test/target/test-dir/MiniOzoneClusterImpl-7d9c4453-492c-478b-a0e0-2871dbe18f6e/datanode-5/data/ratis/980e341c-6247-455f-a5eb-00545004e2ea has been successfully formatted.
2019-09-25 12:10:40,214 [pool-167-thread-1] INFO  ratis.ContainerStateMachine (ContainerStateMachine.java:loadSnapshot(230)) - group-00545004E2EA: The snapshot info is null. Setting the last applied indexto:(t:0, i:~)
2019-09-25 12:10:40,214 [pool-167-thread-1] INFO  server.RaftServerConfigKeys (ConfUtils.java:logGet(43)) - raft.server.notification.no-leader.timeout = 120s (custom)
2019-09-25 12:10:40,214 [pool-167-thread-1] INFO  server.RaftServerConfigKeys (ConfUtils.java:logGet(43)) - raft.server.log.use.memory = false (default)
2019-09-25 12:10:40,214 [pool-167-thread-1] INFO  server.RaftServerConfigKeys (ConfUtils.java:logGet(43)) - raft.server.log.purge.gap = 1000000 (custom)
2019-09-25 12:10:40,214 [pool-167-thread-1] INFO  server.RaftServerConfigKeys (ConfUtils.java:logGet(43)) - raft.server.log.appender.buffer.byte-limit = 33554432 (custom)
2019-09-25 12:10:40,214 [pool-167-thread-1] INFO  server.RaftServerConfigKeys (ConfUtils.java:logGet(43)) - raft.server.log.segment.size.max = 1048576 (custom)
2019-09-25 12:10:40,214 [pool-167-thread-1] INFO  server.RaftServerConfigKeys (ConfUtils.java:logGet(43)) - raft.server.log.segment.cache.num.max = 2 (custom)
2019-09-25 12:10:40,215 [pool-167-thread-1] INFO  segmented.SegmentedRaftLogWorker (SegmentedRaftLogWorker.java:<init>(172)) - new b0d03c9b-af36-4ed0-8381-e873bbd9be0f@group-00545004E2EA-SegmentedRaftLogWorker for RaftStorage:Storage Directory /workdir/hadoop-ozone/integration-test/target/test-dir/MiniOzoneClusterImpl-7d9c4453-492c-478b-a0e0-2871dbe18f6e/datanode-5/data/ratis/980e341c-6247-455f-a5eb-00545004e2ea
2019-09-25 12:10:40,215 [pool-167-thread-1] INFO  server.RaftServerConfigKeys (ConfUtils.java:logGet(43)) - raft.server.log.queue.byte-limit = 2147483647 (custom)
2019-09-25 12:10:40,215 [pool-167-thread-1] INFO  server.RaftServerConfigKeys (ConfUtils.java:logGet(43)) - raft.server.log.queue.element-limit = 1024 (custom)
2019-09-25 12:10:40,215 [pool-167-thread-1] INFO  server.RaftServerConfigKeys (ConfUtils.java:logGet(43)) - raft.server.log.segment.size.max = 1048576 (custom)
2019-09-25 12:10:40,215 [pool-167-thread-1] INFO  server.RaftServerConfigKeys (ConfUtils.java:logGet(43)) - raft.server.log.preallocated.size = 16384 (custom)
2019-09-25 12:10:40,215 [pool-167-thread-1] INFO  server.RaftServerConfigKeys (ConfUtils.java:logGet(43)) - raft.server.log.write.buffer.size = 33554432 (custom)
2019-09-25 12:10:40,215 [pool-167-thread-1] INFO  server.RaftServerConfigKeys (ConfUtils.java:logGet(43)) - raft.server.log.force.sync.num = 128 (default)
2019-09-25 12:10:40,215 [pool-167-thread-1] INFO  server.RaftServerConfigKeys (ConfUtils.java:logGet(43)) - raft.server.log.statemachine.data.sync = true (default)
2019-09-25 12:10:40,215 [pool-167-thread-1] INFO  server.RaftServerConfigKeys (ConfUtils.java:logGet(43)) - raft.server.log.statemachine.data.sync.timeout = 10s (default)
2019-09-25 12:10:40,216 [pool-167-thread-1] INFO  server.RaftServerConfigKeys (ConfUtils.java:logGet(43)) - raft.server.log.statemachine.data.sync.timeout.retry = -1 (default)
2019-09-25 12:10:40,216 [pool-167-thread-1] INFO  server.RaftServerConfigKeys (ConfUtils.java:logGet(43)) - raft.server.log.statemachine.data.caching.enabled = true (custom)
2019-09-25 12:10:40,216 [pool-167-thread-1] INFO  segmented.SegmentedRaftLogWorker (SegmentedRaftLogWorker.java:lambda$new$0(132)) - b0d03c9b-af36-4ed0-8381-e873bbd9be0f@group-00545004E2EA-SegmentedRaftLogWorker: flushIndex: setUnconditionally 0 -> -1
2019-09-25 12:10:40,216 [pool-167-thread-1] INFO  server.RaftServerConfigKeys (ConfUtils.java:logGet(43)) - raft.server.snapshot.auto.trigger.enabled = true (custom)
2019-09-25 12:10:40,216 [pool-167-thread-1] INFO  server.RaftServerConfigKeys (ConfUtils.java:logGet(43)) - raft.server.snapshot.auto.trigger.threshold = 10000 (custom)
2019-09-25 12:10:40,217 [pool-167-thread-1] INFO  server.RaftServerConfigKeys (ConfUtils.java:logGet(43)) - raft.server.snapshot.retention.num.files = 5 (custom)
2019-09-25 12:10:40,217 [pool-167-thread-1] INFO  server.RaftServerConfigKeys (ConfUtils.java:logGet(43)) - raft.server.retrycache.expirytime = 600000ms (custom)
2019-09-25 12:10:40,218 [pool-167-thread-1] INFO  impl.RaftServerImpl (RaftServerImpl.java:start(185)) - b0d03c9b-af36-4ed0-8381-e873bbd9be0f@group-00545004E2EA: start as a follower, conf=-1: [b0d03c9b-af36-4ed0-8381-e873bbd9be0f:192.168.151.73:36577], old=null
2019-09-25 12:10:40,218 [pool-167-thread-1] INFO  impl.RaftServerImpl (RaftServerImpl.java:setRole(174)) - b0d03c9b-af36-4ed0-8381-e873bbd9be0f@group-00545004E2EA: changes role from      null to FOLLOWER at term 0 for startAsFollower
2019-09-25 12:10:40,218 [pool-167-thread-1] INFO  impl.RoleInfo (RoleInfo.java:updateAndGet(143)) - b0d03c9b-af36-4ed0-8381-e873bbd9be0f: start FollowerState
2019-09-25 12:10:40,219 [pool-167-thread-1] INFO  util.JmxRegister (JmxRegister.java:tryRegister(44)) - Successfully registered JMX Bean with object name Ratis:service=RaftServer,group=group-00545004E2EA,id=b0d03c9b-af36-4ed0-8381-e873bbd9be0f
2019-09-25 12:10:40,221 [RatisPipelineUtilsThread] INFO  pipeline.PipelineStateManager (PipelineStateManager.java:addPipeline(56)) - Created pipeline Pipeline[ Id: 980e341c-6247-455f-a5eb-00545004e2ea, Nodes: b0d03c9b-af36-4ed0-8381-e873bbd9be0f{ip: 192.168.151.73, host: pr-hdds-1569-shd4m-3693607622, networkLocation: /default-rack, certSerialId: null}, Type:RATIS, Factor:ONE, State:OPEN]
2019-09-25 12:10:40,222 [RatisPipelineUtilsThread] INFO  pipeline.PipelinePlacementPolicy (PipelinePlacementPolicy.java:meetCriteria(91)) - Pipeline Placement: can't place more pipeline on heavy datanode： ed9e8526-460d-4c85-81a4-c6a64f474ec5 Heaviness: 6 limit: 5
2019-09-25 12:10:40,222 [RatisPipelineUtilsThread] INFO  pipeline.PipelinePlacementPolicy (PipelinePlacementPolicy.java:meetCriteria(91)) - Pipeline Placement: can't place more pipeline on heavy datanode： c6fa9dcb-3f15-43b4-bafe-b7e2932cba65 Heaviness: 6 limit: 5
2019-09-25 12:10:40,222 [RatisPipelineUtilsThread] INFO  pipeline.PipelinePlacementPolicy (PipelinePlacementPolicy.java:meetCriteria(91)) - Pipeline Placement: can't place more pipeline on heavy datanode： 80deecc8-67d2-4886-a269-aab5f88a17c2 Heaviness: 6 limit: 5
2019-09-25 12:10:40,222 [RatisPipelineUtilsThread] INFO  pipeline.PipelinePlacementPolicy (PipelinePlacementPolicy.java:meetCriteria(91)) - Pipeline Placement: can't place more pipeline on heavy datanode： 672ef084-74ba-47a7-a215-7b0464967c29 Heaviness: 6 limit: 5
2019-09-25 12:10:40,223 [RatisPipelineUtilsThread] INFO  pipeline.PipelinePlacementPolicy (PipelinePlacementPolicy.java:meetCriteria(91)) - Pipeline Placement: can't place more pipeline on heavy datanode： 06c06a68-4e48-447d-bb45-a3dc0e88cff1 Heaviness: 6 limit: 5
2019-09-25 12:10:40,228 [grpc-default-executor-0] INFO  impl.RaftServerProxy (RaftServerProxy.java:addNew(89)) - b0d03c9b-af36-4ed0-8381-e873bbd9be0f: addNew group-664FBE969A51:[b0d03c9b-af36-4ed0-8381-e873bbd9be0f:192.168.151.73:36577] returns group-664FBE969A51:java.util.concurrent.CompletableFuture@53631f18[Not completed]
2019-09-25 12:10:40,229 [pool-167-thread-1] INFO  impl.RaftServerImpl (RaftServerImpl.java:<init>(95)) - b0d03c9b-af36-4ed0-8381-e873bbd9be0f: new RaftServerImpl for group-664FBE969A51:[b0d03c9b-af36-4ed0-8381-e873bbd9be0f:192.168.151.73:36577] with ContainerStateMachine:uninitialized
2019-09-25 12:10:40,229 [pool-167-thread-1] INFO  server.RaftServerConfigKeys (ConfUtils.java:logGet(43)) - raft.server.rpc.timeout.min = 5s (custom)
2019-09-25 12:10:40,229 [pool-167-thread-1] INFO  server.RaftServerConfigKeys (ConfUtils.java:logGet(43)) - raft.server.rpc.timeout.max = 5200ms (custom)
2019-09-25 12:10:40,229 [pool-167-thread-1] INFO  server.RaftServerConfigKeys (ConfUtils.java:logGet(43)) - raft.server.rpcslowness.timeout = 120s (custom)
2019-09-25 12:10:40,229 [pool-167-thread-1] INFO  server.RaftServerConfigKeys (ConfUtils.java:logGet(43)) - raft.server.sleep.deviation.threshold = 300 (default)
2019-09-25 12:10:40,229 [pool-167-thread-1] INFO  server.RaftServerConfigKeys (ConfUtils.java:logGet(43)) - raft.server.log.appender.install.snapshot.enabled = false (custom)
2019-09-25 12:10:40,230 [pool-167-thread-1] INFO  impl.RaftServerImpl (ServerState.java:<init>(103)) - b0d03c9b-af36-4ed0-8381-e873bbd9be0f@group-664FBE969A51: ConfigurationManager, init=-1: [b0d03c9b-af36-4ed0-8381-e873bbd9be0f:192.168.151.73:36577], old=null, confs=<EMPTY_MAP>
2019-09-25 12:10:40,230 [pool-167-thread-1] INFO  server.RaftServerConfigKeys (ConfUtils.java:logGet(43)) - raft.server.storage.dir = [/workdir/hadoop-ozone/integration-test/target/test-dir/MiniOzoneClusterImpl-7d9c4453-492c-478b-a0e0-2871dbe18f6e/datanode-5/data/ratis] (custom)
2019-09-25 12:10:40,230 [pool-167-thread-1] INFO  storage.RaftStorageDirectory (RaftStorageDirectory.java:analyzeStorage(246)) - The storage directory /workdir/hadoop-ozone/integration-test/target/test-dir/MiniOzoneClusterImpl-7d9c4453-492c-478b-a0e0-2871dbe18f6e/datanode-5/data/ratis/065b8dab-be99-4dcb-bd38-664fbe969a51 does not exist. Creating ...
2019-09-25 12:10:40,256 [pool-167-thread-1] INFO  storage.RaftStorageDirectory (RaftStorageDirectory.java:tryLock(328)) - Lock on /workdir/hadoop-ozone/integration-test/target/test-dir/MiniOzoneClusterImpl-7d9c4453-492c-478b-a0e0-2871dbe18f6e/datanode-5/data/ratis/065b8dab-be99-4dcb-bd38-664fbe969a51/in_use.lock acquired by nodename 9481@pr-hdds-1569-shd4m-3693607622
2019-09-25 12:10:40,276 [pool-167-thread-1] INFO  storage.RaftStorage (RaftStorage.java:format(72)) - Storage directory /workdir/hadoop-ozone/integration-test/target/test-dir/MiniOzoneClusterImpl-7d9c4453-492c-478b-a0e0-2871dbe18f6e/datanode-5/data/ratis/065b8dab-be99-4dcb-bd38-664fbe969a51 has been successfully formatted.
2019-09-25 12:10:40,277 [pool-167-thread-1] INFO  ratis.ContainerStateMachine (ContainerStateMachine.java:loadSnapshot(230)) - group-664FBE969A51: The snapshot info is null. Setting the last applied indexto:(t:0, i:~)
2019-09-25 12:10:40,277 [pool-167-thread-1] INFO  server.RaftServerConfigKeys (ConfUtils.java:logGet(43)) - raft.server.notification.no-leader.timeout = 120s (custom)
2019-09-25 12:10:40,277 [pool-167-thread-1] INFO  server.RaftServerConfigKeys (ConfUtils.java:logGet(43)) - raft.server.log.use.memory = false (default)
2019-09-25 12:10:40,277 [pool-167-thread-1] INFO  server.RaftServerConfigKeys (ConfUtils.java:logGet(43)) - raft.server.log.purge.gap = 1000000 (custom)
2019-09-25 12:10:40,277 [pool-167-thread-1] INFO  server.RaftServerConfigKeys (ConfUtils.java:logGet(43)) - raft.server.log.appender.buffer.byte-limit = 33554432 (custom)
2019-09-25 12:10:40,277 [pool-167-thread-1] INFO  server.RaftServerConfigKeys (ConfUtils.java:logGet(43)) - raft.server.log.segment.size.max = 1048576 (custom)
2019-09-25 12:10:40,277 [pool-167-thread-1] INFO  server.RaftServerConfigKeys (ConfUtils.java:logGet(43)) - raft.server.log.segment.cache.num.max = 2 (custom)
2019-09-25 12:10:40,277 [pool-167-thread-1] INFO  segmented.SegmentedRaftLogWorker (SegmentedRaftLogWorker.java:<init>(172)) - new b0d03c9b-af36-4ed0-8381-e873bbd9be0f@group-664FBE969A51-SegmentedRaftLogWorker for RaftStorage:Storage Directory /workdir/hadoop-ozone/integration-test/target/test-dir/MiniOzoneClusterImpl-7d9c4453-492c-478b-a0e0-2871dbe18f6e/datanode-5/data/ratis/065b8dab-be99-4dcb-bd38-664fbe969a51
2019-09-25 12:10:40,277 [pool-167-thread-1] INFO  server.RaftServerConfigKeys (ConfUtils.java:logGet(43)) - raft.server.log.queue.byte-limit = 2147483647 (custom)
2019-09-25 12:10:40,278 [pool-167-thread-1] INFO  server.RaftServerConfigKeys (ConfUtils.java:logGet(43)) - raft.server.log.queue.element-limit = 1024 (custom)
2019-09-25 12:10:40,278 [pool-167-thread-1] INFO  server.RaftServerConfigKeys (ConfUtils.java:logGet(43)) - raft.server.log.segment.size.max = 1048576 (custom)
2019-09-25 12:10:40,278 [pool-167-thread-1] INFO  server.RaftServerConfigKeys (ConfUtils.java:logGet(43)) - raft.server.log.preallocated.size = 16384 (custom)
2019-09-25 12:10:40,278 [pool-167-thread-1] INFO  server.RaftServerConfigKeys (ConfUtils.java:logGet(43)) - raft.server.log.write.buffer.size = 33554432 (custom)
2019-09-25 12:10:40,278 [pool-167-thread-1] INFO  server.RaftServerConfigKeys (ConfUtils.java:logGet(43)) - raft.server.log.force.sync.num = 128 (default)
2019-09-25 12:10:40,278 [pool-167-thread-1] INFO  server.RaftServerConfigKeys (ConfUtils.java:logGet(43)) - raft.server.log.statemachine.data.sync = true (default)
2019-09-25 12:10:40,278 [pool-167-thread-1] INFO  server.RaftServerConfigKeys (ConfUtils.java:logGet(43)) - raft.server.log.statemachine.data.sync.timeout = 10s (default)
2019-09-25 12:10:40,278 [pool-167-thread-1] INFO  server.RaftServerConfigKeys (ConfUtils.java:logGet(43)) - raft.server.log.statemachine.data.sync.timeout.retry = -1 (default)
2019-09-25 12:10:40,278 [pool-167-thread-1] INFO  server.RaftServerConfigKeys (ConfUtils.java:logGet(43)) - raft.server.log.statemachine.data.caching.enabled = true (custom)
2019-09-25 12:10:40,279 [pool-167-thread-1] INFO  segmented.SegmentedRaftLogWorker (SegmentedRaftLogWorker.java:lambda$new$0(132)) - b0d03c9b-af36-4ed0-8381-e873bbd9be0f@group-664FBE969A51-SegmentedRaftLogWorker: flushIndex: setUnconditionally 0 -> -1
2019-09-25 12:10:40,279 [pool-167-thread-1] INFO  server.RaftServerConfigKeys (ConfUtils.java:logGet(43)) - raft.server.snapshot.auto.trigger.enabled = true (custom)
2019-09-25 12:10:40,279 [pool-167-thread-1] INFO  server.RaftServerConfigKeys (ConfUtils.java:logGet(43)) - raft.server.snapshot.auto.trigger.threshold = 10000 (custom)
2019-09-25 12:10:40,279 [pool-167-thread-1] INFO  server.RaftServerConfigKeys (ConfUtils.java:logGet(43)) - raft.server.snapshot.retention.num.files = 5 (custom)
2019-09-25 12:10:40,279 [pool-167-thread-1] INFO  server.RaftServerConfigKeys (ConfUtils.java:logGet(43)) - raft.server.retrycache.expirytime = 600000ms (custom)
2019-09-25 12:10:40,281 [pool-167-thread-1] INFO  impl.RaftServerImpl (RaftServerImpl.java:start(185)) - b0d03c9b-af36-4ed0-8381-e873bbd9be0f@group-664FBE969A51: start as a follower, conf=-1: [b0d03c9b-af36-4ed0-8381-e873bbd9be0f:192.168.151.73:36577], old=null
2019-09-25 12:10:40,281 [pool-167-thread-1] INFO  impl.RaftServerImpl (RaftServerImpl.java:setRole(174)) - b0d03c9b-af36-4ed0-8381-e873bbd9be0f@group-664FBE969A51: changes role from      null to FOLLOWER at term 0 for startAsFollower
2019-09-25 12:10:40,281 [pool-167-thread-1] INFO  impl.RoleInfo (RoleInfo.java:updateAndGet(143)) - b0d03c9b-af36-4ed0-8381-e873bbd9be0f: start FollowerState
2019-09-25 12:10:40,281 [pool-167-thread-1] INFO  util.JmxRegister (JmxRegister.java:tryRegister(44)) - Successfully registered JMX Bean with object name Ratis:service=RaftServer,group=group-664FBE969A51,id=b0d03c9b-af36-4ed0-8381-e873bbd9be0f
2019-09-25 12:10:40,284 [RatisPipelineUtilsThread] INFO  pipeline.PipelineStateManager (PipelineStateManager.java:addPipeline(56)) - Created pipeline Pipeline[ Id: 065b8dab-be99-4dcb-bd38-664fbe969a51, Nodes: b0d03c9b-af36-4ed0-8381-e873bbd9be0f{ip: 192.168.151.73, host: pr-hdds-1569-shd4m-3693607622, networkLocation: /default-rack, certSerialId: null}, Type:RATIS, Factor:ONE, State:OPEN]
2019-09-25 12:10:40,284 [RatisPipelineUtilsThread] INFO  pipeline.PipelinePlacementPolicy (PipelinePlacementPolicy.java:meetCriteria(91)) - Pipeline Placement: can't place more pipeline on heavy datanode： ed9e8526-460d-4c85-81a4-c6a64f474ec5 Heaviness: 6 limit: 5
2019-09-25 12:10:40,284 [RatisPipelineUtilsThread] INFO  pipeline.PipelinePlacementPolicy (PipelinePlacementPolicy.java:meetCriteria(91)) - Pipeline Placement: can't place more pipeline on heavy datanode： c6fa9dcb-3f15-43b4-bafe-b7e2932cba65 Heaviness: 6 limit: 5
2019-09-25 12:10:40,284 [RatisPipelineUtilsThread] INFO  pipeline.PipelinePlacementPolicy (PipelinePlacementPolicy.java:meetCriteria(91)) - Pipeline Placement: can't place more pipeline on heavy datanode： 80deecc8-67d2-4886-a269-aab5f88a17c2 Heaviness: 6 limit: 5
2019-09-25 12:10:40,284 [RatisPipelineUtilsThread] INFO  pipeline.PipelinePlacementPolicy (PipelinePlacementPolicy.java:meetCriteria(91)) - Pipeline Placement: can't place more pipeline on heavy datanode： 672ef084-74ba-47a7-a215-7b0464967c29 Heaviness: 6 limit: 5
2019-09-25 12:10:40,285 [RatisPipelineUtilsThread] INFO  pipeline.PipelinePlacementPolicy (PipelinePlacementPolicy.java:meetCriteria(91)) - Pipeline Placement: can't place more pipeline on heavy datanode： 06c06a68-4e48-447d-bb45-a3dc0e88cff1 Heaviness: 6 limit: 5
2019-09-25 12:10:40,290 [grpc-default-executor-0] INFO  impl.RaftServerProxy (RaftServerProxy.java:addNew(89)) - df786a85-25e2-42b5-b190-b73745044b82: addNew group-C46FA42B5D58:[df786a85-25e2-42b5-b190-b73745044b82:192.168.151.73:38744] returns group-C46FA42B5D58:java.util.concurrent.CompletableFuture@546ab83c[Not completed]
2019-09-25 12:10:40,291 [pool-177-thread-1] INFO  impl.RaftServerImpl (RaftServerImpl.java:<init>(95)) - df786a85-25e2-42b5-b190-b73745044b82: new RaftServerImpl for group-C46FA42B5D58:[df786a85-25e2-42b5-b190-b73745044b82:192.168.151.73:38744] with ContainerStateMachine:uninitialized
2019-09-25 12:10:40,291 [pool-177-thread-1] INFO  server.RaftServerConfigKeys (ConfUtils.java:logGet(43)) - raft.server.rpc.timeout.min = 5s (custom)
2019-09-25 12:10:40,291 [pool-177-thread-1] INFO  server.RaftServerConfigKeys (ConfUtils.java:logGet(43)) - raft.server.rpc.timeout.max = 5200ms (custom)
2019-09-25 12:10:40,292 [pool-177-thread-1] INFO  server.RaftServerConfigKeys (ConfUtils.java:logGet(43)) - raft.server.rpcslowness.timeout = 120s (custom)
2019-09-25 12:10:40,292 [pool-177-thread-1] INFO  server.RaftServerConfigKeys (ConfUtils.java:logGet(43)) - raft.server.sleep.deviation.threshold = 300 (default)
2019-09-25 12:10:40,292 [pool-177-thread-1] INFO  server.RaftServerConfigKeys (ConfUtils.java:logGet(43)) - raft.server.log.appender.install.snapshot.enabled = false (custom)
2019-09-25 12:10:40,292 [pool-177-thread-1] INFO  impl.RaftServerImpl (ServerState.java:<init>(103)) - df786a85-25e2-42b5-b190-b73745044b82@group-C46FA42B5D58: ConfigurationManager, init=-1: [df786a85-25e2-42b5-b190-b73745044b82:192.168.151.73:38744], old=null, confs=<EMPTY_MAP>
2019-09-25 12:10:40,292 [pool-177-thread-1] INFO  server.RaftServerConfigKeys (ConfUtils.java:logGet(43)) - raft.server.storage.dir = [/workdir/hadoop-ozone/integration-test/target/test-dir/MiniOzoneClusterImpl-7d9c4453-492c-478b-a0e0-2871dbe18f6e/datanode-6/data/ratis] (custom)
2019-09-25 12:10:40,293 [pool-177-thread-1] INFO  storage.RaftStorageDirectory (RaftStorageDirectory.java:analyzeStorage(246)) - The storage directory /workdir/hadoop-ozone/integration-test/target/test-dir/MiniOzoneClusterImpl-7d9c4453-492c-478b-a0e0-2871dbe18f6e/datanode-6/data/ratis/e07438ce-d42b-4151-a0f8-c46fa42b5d58 does not exist. Creating ...
2019-09-25 12:10:40,306 [pool-177-thread-1] INFO  storage.RaftStorageDirectory (RaftStorageDirectory.java:tryLock(328)) - Lock on /workdir/hadoop-ozone/integration-test/target/test-dir/MiniOzoneClusterImpl-7d9c4453-492c-478b-a0e0-2871dbe18f6e/datanode-6/data/ratis/e07438ce-d42b-4151-a0f8-c46fa42b5d58/in_use.lock acquired by nodename 9481@pr-hdds-1569-shd4m-3693607622
2019-09-25 12:10:40,321 [pool-177-thread-1] INFO  storage.RaftStorage (RaftStorage.java:format(72)) - Storage directory /workdir/hadoop-ozone/integration-test/target/test-dir/MiniOzoneClusterImpl-7d9c4453-492c-478b-a0e0-2871dbe18f6e/datanode-6/data/ratis/e07438ce-d42b-4151-a0f8-c46fa42b5d58 has been successfully formatted.
2019-09-25 12:10:40,321 [pool-177-thread-1] INFO  ratis.ContainerStateMachine (ContainerStateMachine.java:loadSnapshot(230)) - group-C46FA42B5D58: The snapshot info is null. Setting the last applied indexto:(t:0, i:~)
2019-09-25 12:10:40,321 [pool-177-thread-1] INFO  server.RaftServerConfigKeys (ConfUtils.java:logGet(43)) - raft.server.notification.no-leader.timeout = 120s (custom)
2019-09-25 12:10:40,321 [pool-177-thread-1] INFO  server.RaftServerConfigKeys (ConfUtils.java:logGet(43)) - raft.server.log.use.memory = false (default)
2019-09-25 12:10:40,322 [pool-177-thread-1] INFO  server.RaftServerConfigKeys (ConfUtils.java:logGet(43)) - raft.server.log.purge.gap = 1000000 (custom)
2019-09-25 12:10:40,322 [pool-177-thread-1] INFO  server.RaftServerConfigKeys (ConfUtils.java:logGet(43)) - raft.server.log.appender.buffer.byte-limit = 33554432 (custom)
2019-09-25 12:10:40,322 [pool-177-thread-1] INFO  server.RaftServerConfigKeys (ConfUtils.java:logGet(43)) - raft.server.log.segment.size.max = 1048576 (custom)
2019-09-25 12:10:40,322 [pool-177-thread-1] INFO  server.RaftServerConfigKeys (ConfUtils.java:logGet(43)) - raft.server.log.segment.cache.num.max = 2 (custom)
2019-09-25 12:10:40,322 [pool-177-thread-1] INFO  segmented.SegmentedRaftLogWorker (SegmentedRaftLogWorker.java:<init>(172)) - new df786a85-25e2-42b5-b190-b73745044b82@group-C46FA42B5D58-SegmentedRaftLogWorker for RaftStorage:Storage Directory /workdir/hadoop-ozone/integration-test/target/test-dir/MiniOzoneClusterImpl-7d9c4453-492c-478b-a0e0-2871dbe18f6e/datanode-6/data/ratis/e07438ce-d42b-4151-a0f8-c46fa42b5d58
2019-09-25 12:10:40,322 [pool-177-thread-1] INFO  server.RaftServerConfigKeys (ConfUtils.java:logGet(43)) - raft.server.log.queue.byte-limit = 2147483647 (custom)
2019-09-25 12:10:40,322 [pool-177-thread-1] INFO  server.RaftServerConfigKeys (ConfUtils.java:logGet(43)) - raft.server.log.queue.element-limit = 1024 (custom)
2019-09-25 12:10:40,323 [pool-177-thread-1] INFO  server.RaftServerConfigKeys (ConfUtils.java:logGet(43)) - raft.server.log.segment.size.max = 1048576 (custom)
2019-09-25 12:10:40,323 [pool-177-thread-1] INFO  server.RaftServerConfigKeys (ConfUtils.java:logGet(43)) - raft.server.log.preallocated.size = 16384 (custom)
2019-09-25 12:10:40,323 [pool-177-thread-1] INFO  server.RaftServerConfigKeys (ConfUtils.java:logGet(43)) - raft.server.log.write.buffer.size = 33554432 (custom)
2019-09-25 12:10:40,323 [pool-177-thread-1] INFO  server.RaftServerConfigKeys (ConfUtils.java:logGet(43)) - raft.server.log.force.sync.num = 128 (default)
2019-09-25 12:10:40,324 [pool-177-thread-1] INFO  server.RaftServerConfigKeys (ConfUtils.java:logGet(43)) - raft.server.log.statemachine.data.sync = true (default)
2019-09-25 12:10:40,324 [pool-177-thread-1] INFO  server.RaftServerConfigKeys (ConfUtils.java:logGet(43)) - raft.server.log.statemachine.data.sync.timeout = 10s (default)
2019-09-25 12:10:40,324 [pool-177-thread-1] INFO  server.RaftServerConfigKeys (ConfUtils.java:logGet(43)) - raft.server.log.statemachine.data.sync.timeout.retry = -1 (default)
2019-09-25 12:10:40,324 [pool-177-thread-1] INFO  server.RaftServerConfigKeys (ConfUtils.java:logGet(43)) - raft.server.log.statemachine.data.caching.enabled = true (custom)
2019-09-25 12:10:40,324 [pool-177-thread-1] INFO  segmented.SegmentedRaftLogWorker (SegmentedRaftLogWorker.java:lambda$new$0(132)) - df786a85-25e2-42b5-b190-b73745044b82@group-C46FA42B5D58-SegmentedRaftLogWorker: flushIndex: setUnconditionally 0 -> -1
2019-09-25 12:10:40,325 [pool-177-thread-1] INFO  server.RaftServerConfigKeys (ConfUtils.java:logGet(43)) - raft.server.snapshot.auto.trigger.enabled = true (custom)
2019-09-25 12:10:40,325 [pool-177-thread-1] INFO  server.RaftServerConfigKeys (ConfUtils.java:logGet(43)) - raft.server.snapshot.auto.trigger.threshold = 10000 (custom)
2019-09-25 12:10:40,325 [pool-177-thread-1] INFO  server.RaftServerConfigKeys (ConfUtils.java:logGet(43)) - raft.server.snapshot.retention.num.files = 5 (custom)
2019-09-25 12:10:40,325 [pool-177-thread-1] INFO  server.RaftServerConfigKeys (ConfUtils.java:logGet(43)) - raft.server.retrycache.expirytime = 600000ms (custom)
2019-09-25 12:10:40,327 [pool-177-thread-1] INFO  impl.RaftServerImpl (RaftServerImpl.java:start(185)) - df786a85-25e2-42b5-b190-b73745044b82@group-C46FA42B5D58: start as a follower, conf=-1: [df786a85-25e2-42b5-b190-b73745044b82:192.168.151.73:38744], old=null
2019-09-25 12:10:40,327 [pool-177-thread-1] INFO  impl.RaftServerImpl (RaftServerImpl.java:setRole(174)) - df786a85-25e2-42b5-b190-b73745044b82@group-C46FA42B5D58: changes role from      null to FOLLOWER at term 0 for startAsFollower
2019-09-25 12:10:40,327 [pool-177-thread-1] INFO  impl.RoleInfo (RoleInfo.java:updateAndGet(143)) - df786a85-25e2-42b5-b190-b73745044b82: start FollowerState
2019-09-25 12:10:40,328 [pool-177-thread-1] INFO  util.JmxRegister (JmxRegister.java:tryRegister(44)) - Successfully registered JMX Bean with object name Ratis:service=RaftServer,group=group-C46FA42B5D58,id=df786a85-25e2-42b5-b190-b73745044b82
2019-09-25 12:10:40,330 [RatisPipelineUtilsThread] INFO  pipeline.PipelineStateManager (PipelineStateManager.java:addPipeline(56)) - Created pipeline Pipeline[ Id: e07438ce-d42b-4151-a0f8-c46fa42b5d58, Nodes: df786a85-25e2-42b5-b190-b73745044b82{ip: 192.168.151.73, host: pr-hdds-1569-shd4m-3693607622, networkLocation: /default-rack, certSerialId: null}, Type:RATIS, Factor:ONE, State:OPEN]
2019-09-25 12:10:40,330 [RatisPipelineUtilsThread] INFO  pipeline.PipelinePlacementPolicy (PipelinePlacementPolicy.java:meetCriteria(91)) - Pipeline Placement: can't place more pipeline on heavy datanode： ed9e8526-460d-4c85-81a4-c6a64f474ec5 Heaviness: 6 limit: 5
2019-09-25 12:10:40,331 [RatisPipelineUtilsThread] INFO  pipeline.PipelinePlacementPolicy (PipelinePlacementPolicy.java:meetCriteria(91)) - Pipeline Placement: can't place more pipeline on heavy datanode： c6fa9dcb-3f15-43b4-bafe-b7e2932cba65 Heaviness: 6 limit: 5
2019-09-25 12:10:40,331 [RatisPipelineUtilsThread] INFO  pipeline.PipelinePlacementPolicy (PipelinePlacementPolicy.java:meetCriteria(91)) - Pipeline Placement: can't place more pipeline on heavy datanode： 80deecc8-67d2-4886-a269-aab5f88a17c2 Heaviness: 6 limit: 5
2019-09-25 12:10:40,331 [RatisPipelineUtilsThread] INFO  pipeline.PipelinePlacementPolicy (PipelinePlacementPolicy.java:meetCriteria(91)) - Pipeline Placement: can't place more pipeline on heavy datanode： 672ef084-74ba-47a7-a215-7b0464967c29 Heaviness: 6 limit: 5
2019-09-25 12:10:40,331 [RatisPipelineUtilsThread] INFO  pipeline.PipelinePlacementPolicy (PipelinePlacementPolicy.java:meetCriteria(91)) - Pipeline Placement: can't place more pipeline on heavy datanode： 06c06a68-4e48-447d-bb45-a3dc0e88cff1 Heaviness: 6 limit: 5
2019-09-25 12:10:40,336 [grpc-default-executor-0] INFO  impl.RaftServerProxy (RaftServerProxy.java:addNew(89)) - df786a85-25e2-42b5-b190-b73745044b82: addNew group-B545924C6F21:[df786a85-25e2-42b5-b190-b73745044b82:192.168.151.73:38744] returns group-B545924C6F21:java.util.concurrent.CompletableFuture@3ed7e91d[Not completed]
2019-09-25 12:10:40,337 [pool-177-thread-1] INFO  impl.RaftServerImpl (RaftServerImpl.java:<init>(95)) - df786a85-25e2-42b5-b190-b73745044b82: new RaftServerImpl for group-B545924C6F21:[df786a85-25e2-42b5-b190-b73745044b82:192.168.151.73:38744] with ContainerStateMachine:uninitialized
2019-09-25 12:10:40,337 [pool-177-thread-1] INFO  server.RaftServerConfigKeys (ConfUtils.java:logGet(43)) - raft.server.rpc.timeout.min = 5s (custom)
2019-09-25 12:10:40,337 [pool-177-thread-1] INFO  server.RaftServerConfigKeys (ConfUtils.java:logGet(43)) - raft.server.rpc.timeout.max = 5200ms (custom)
2019-09-25 12:10:40,337 [pool-177-thread-1] INFO  server.RaftServerConfigKeys (ConfUtils.java:logGet(43)) - raft.server.rpcslowness.timeout = 120s (custom)
2019-09-25 12:10:40,338 [pool-177-thread-1] INFO  server.RaftServerConfigKeys (ConfUtils.java:logGet(43)) - raft.server.sleep.deviation.threshold = 300 (default)
2019-09-25 12:10:40,338 [pool-177-thread-1] INFO  server.RaftServerConfigKeys (ConfUtils.java:logGet(43)) - raft.server.log.appender.install.snapshot.enabled = false (custom)
2019-09-25 12:10:40,338 [pool-177-thread-1] INFO  impl.RaftServerImpl (ServerState.java:<init>(103)) - df786a85-25e2-42b5-b190-b73745044b82@group-B545924C6F21: ConfigurationManager, init=-1: [df786a85-25e2-42b5-b190-b73745044b82:192.168.151.73:38744], old=null, confs=<EMPTY_MAP>
2019-09-25 12:10:40,338 [pool-177-thread-1] INFO  server.RaftServerConfigKeys (ConfUtils.java:logGet(43)) - raft.server.storage.dir = [/workdir/hadoop-ozone/integration-test/target/test-dir/MiniOzoneClusterImpl-7d9c4453-492c-478b-a0e0-2871dbe18f6e/datanode-6/data/ratis] (custom)
2019-09-25 12:10:40,338 [pool-177-thread-1] INFO  storage.RaftStorageDirectory (RaftStorageDirectory.java:analyzeStorage(246)) - The storage directory /workdir/hadoop-ozone/integration-test/target/test-dir/MiniOzoneClusterImpl-7d9c4453-492c-478b-a0e0-2871dbe18f6e/datanode-6/data/ratis/9295dcb8-a5c3-4849-ac5d-b545924c6f21 does not exist. Creating ...
2019-09-25 12:10:40,353 [pool-177-thread-1] INFO  storage.RaftStorageDirectory (RaftStorageDirectory.java:tryLock(328)) - Lock on /workdir/hadoop-ozone/integration-test/target/test-dir/MiniOzoneClusterImpl-7d9c4453-492c-478b-a0e0-2871dbe18f6e/datanode-6/data/ratis/9295dcb8-a5c3-4849-ac5d-b545924c6f21/in_use.lock acquired by nodename 9481@pr-hdds-1569-shd4m-3693607622
2019-09-25 12:10:40,379 [pool-177-thread-1] INFO  storage.RaftStorage (RaftStorage.java:format(72)) - Storage directory /workdir/hadoop-ozone/integration-test/target/test-dir/MiniOzoneClusterImpl-7d9c4453-492c-478b-a0e0-2871dbe18f6e/datanode-6/data/ratis/9295dcb8-a5c3-4849-ac5d-b545924c6f21 has been successfully formatted.
2019-09-25 12:10:40,379 [pool-177-thread-1] INFO  ratis.ContainerStateMachine (ContainerStateMachine.java:loadSnapshot(230)) - group-B545924C6F21: The snapshot info is null. Setting the last applied indexto:(t:0, i:~)
2019-09-25 12:10:40,379 [pool-177-thread-1] INFO  server.RaftServerConfigKeys (ConfUtils.java:logGet(43)) - raft.server.notification.no-leader.timeout = 120s (custom)
2019-09-25 12:10:40,379 [pool-177-thread-1] INFO  server.RaftServerConfigKeys (ConfUtils.java:logGet(43)) - raft.server.log.use.memory = false (default)
2019-09-25 12:10:40,379 [pool-177-thread-1] INFO  server.RaftServerConfigKeys (ConfUtils.java:logGet(43)) - raft.server.log.purge.gap = 1000000 (custom)
2019-09-25 12:10:40,379 [pool-177-thread-1] INFO  server.RaftServerConfigKeys (ConfUtils.java:logGet(43)) - raft.server.log.appender.buffer.byte-limit = 33554432 (custom)
2019-09-25 12:10:40,379 [pool-177-thread-1] INFO  server.RaftServerConfigKeys (ConfUtils.java:logGet(43)) - raft.server.log.segment.size.max = 1048576 (custom)
2019-09-25 12:10:40,379 [pool-177-thread-1] INFO  server.RaftServerConfigKeys (ConfUtils.java:logGet(43)) - raft.server.log.segment.cache.num.max = 2 (custom)
2019-09-25 12:10:40,379 [pool-177-thread-1] INFO  segmented.SegmentedRaftLogWorker (SegmentedRaftLogWorker.java:<init>(172)) - new df786a85-25e2-42b5-b190-b73745044b82@group-B545924C6F21-SegmentedRaftLogWorker for RaftStorage:Storage Directory /workdir/hadoop-ozone/integration-test/target/test-dir/MiniOzoneClusterImpl-7d9c4453-492c-478b-a0e0-2871dbe18f6e/datanode-6/data/ratis/9295dcb8-a5c3-4849-ac5d-b545924c6f21
2019-09-25 12:10:40,380 [pool-177-thread-1] INFO  server.RaftServerConfigKeys (ConfUtils.java:logGet(43)) - raft.server.log.queue.byte-limit = 2147483647 (custom)
2019-09-25 12:10:40,380 [pool-177-thread-1] INFO  server.RaftServerConfigKeys (ConfUtils.java:logGet(43)) - raft.server.log.queue.element-limit = 1024 (custom)
2019-09-25 12:10:40,380 [pool-177-thread-1] INFO  server.RaftServerConfigKeys (ConfUtils.java:logGet(43)) - raft.server.log.segment.size.max = 1048576 (custom)
2019-09-25 12:10:40,380 [pool-177-thread-1] INFO  server.RaftServerConfigKeys (ConfUtils.java:logGet(43)) - raft.server.log.preallocated.size = 16384 (custom)
2019-09-25 12:10:40,380 [pool-177-thread-1] INFO  server.RaftServerConfigKeys (ConfUtils.java:logGet(43)) - raft.server.log.write.buffer.size = 33554432 (custom)
2019-09-25 12:10:40,380 [pool-177-thread-1] INFO  server.RaftServerConfigKeys (ConfUtils.java:logGet(43)) - raft.server.log.force.sync.num = 128 (default)
2019-09-25 12:10:40,380 [pool-177-thread-1] INFO  server.RaftServerConfigKeys (ConfUtils.java:logGet(43)) - raft.server.log.statemachine.data.sync = true (default)
2019-09-25 12:10:40,380 [pool-177-thread-1] INFO  server.RaftServerConfigKeys (ConfUtils.java:logGet(43)) - raft.server.log.statemachine.data.sync.timeout = 10s (default)
2019-09-25 12:10:40,380 [pool-177-thread-1] INFO  server.RaftServerConfigKeys (ConfUtils.java:logGet(43)) - raft.server.log.statemachine.data.sync.timeout.retry = -1 (default)
2019-09-25 12:10:40,380 [pool-177-thread-1] INFO  server.RaftServerConfigKeys (ConfUtils.java:logGet(43)) - raft.server.log.statemachine.data.caching.enabled = true (custom)
2019-09-25 12:10:40,381 [pool-177-thread-1] INFO  segmented.SegmentedRaftLogWorker (SegmentedRaftLogWorker.java:lambda$new$0(132)) - df786a85-25e2-42b5-b190-b73745044b82@group-B545924C6F21-SegmentedRaftLogWorker: flushIndex: setUnconditionally 0 -> -1
2019-09-25 12:10:40,381 [pool-177-thread-1] INFO  server.RaftServerConfigKeys (ConfUtils.java:logGet(43)) - raft.server.snapshot.auto.trigger.enabled = true (custom)
2019-09-25 12:10:40,381 [pool-177-thread-1] INFO  server.RaftServerConfigKeys (ConfUtils.java:logGet(43)) - raft.server.snapshot.auto.trigger.threshold = 10000 (custom)
2019-09-25 12:10:40,381 [pool-177-thread-1] INFO  server.RaftServerConfigKeys (ConfUtils.java:logGet(43)) - raft.server.snapshot.retention.num.files = 5 (custom)
2019-09-25 12:10:40,381 [pool-177-thread-1] INFO  server.RaftServerConfigKeys (ConfUtils.java:logGet(43)) - raft.server.retrycache.expirytime = 600000ms (custom)
2019-09-25 12:10:40,383 [pool-177-thread-1] INFO  impl.RaftServerImpl (RaftServerImpl.java:start(185)) - df786a85-25e2-42b5-b190-b73745044b82@group-B545924C6F21: start as a follower, conf=-1: [df786a85-25e2-42b5-b190-b73745044b82:192.168.151.73:38744], old=null
2019-09-25 12:10:40,383 [pool-177-thread-1] INFO  impl.RaftServerImpl (RaftServerImpl.java:setRole(174)) - df786a85-25e2-42b5-b190-b73745044b82@group-B545924C6F21: changes role from      null to FOLLOWER at term 0 for startAsFollower
2019-09-25 12:10:40,383 [pool-177-thread-1] INFO  impl.RoleInfo (RoleInfo.java:updateAndGet(143)) - df786a85-25e2-42b5-b190-b73745044b82: start FollowerState
2019-09-25 12:10:40,383 [pool-177-thread-1] INFO  util.JmxRegister (JmxRegister.java:tryRegister(44)) - Successfully registered JMX Bean with object name Ratis:service=RaftServer,group=group-B545924C6F21,id=df786a85-25e2-42b5-b190-b73745044b82
2019-09-25 12:10:40,386 [RatisPipelineUtilsThread] INFO  pipeline.PipelineStateManager (PipelineStateManager.java:addPipeline(56)) - Created pipeline Pipeline[ Id: 9295dcb8-a5c3-4849-ac5d-b545924c6f21, Nodes: df786a85-25e2-42b5-b190-b73745044b82{ip: 192.168.151.73, host: pr-hdds-1569-shd4m-3693607622, networkLocation: /default-rack, certSerialId: null}, Type:RATIS, Factor:ONE, State:OPEN]
2019-09-25 12:10:40,386 [RatisPipelineUtilsThread] INFO  pipeline.PipelinePlacementPolicy (PipelinePlacementPolicy.java:meetCriteria(91)) - Pipeline Placement: can't place more pipeline on heavy datanode： ed9e8526-460d-4c85-81a4-c6a64f474ec5 Heaviness: 6 limit: 5
2019-09-25 12:10:40,386 [RatisPipelineUtilsThread] INFO  pipeline.PipelinePlacementPolicy (PipelinePlacementPolicy.java:meetCriteria(91)) - Pipeline Placement: can't place more pipeline on heavy datanode： c6fa9dcb-3f15-43b4-bafe-b7e2932cba65 Heaviness: 6 limit: 5
2019-09-25 12:10:40,386 [RatisPipelineUtilsThread] INFO  pipeline.PipelinePlacementPolicy (PipelinePlacementPolicy.java:meetCriteria(91)) - Pipeline Placement: can't place more pipeline on heavy datanode： 80deecc8-67d2-4886-a269-aab5f88a17c2 Heaviness: 6 limit: 5
2019-09-25 12:10:40,386 [RatisPipelineUtilsThread] INFO  pipeline.PipelinePlacementPolicy (PipelinePlacementPolicy.java:meetCriteria(91)) - Pipeline Placement: can't place more pipeline on heavy datanode： 672ef084-74ba-47a7-a215-7b0464967c29 Heaviness: 6 limit: 5
2019-09-25 12:10:40,387 [RatisPipelineUtilsThread] INFO  pipeline.PipelinePlacementPolicy (PipelinePlacementPolicy.java:meetCriteria(91)) - Pipeline Placement: can't place more pipeline on heavy datanode： 06c06a68-4e48-447d-bb45-a3dc0e88cff1 Heaviness: 6 limit: 5
2019-09-25 12:10:40,392 [grpc-default-executor-0] INFO  impl.RaftServerProxy (RaftServerProxy.java:addNew(89)) - b0d03c9b-af36-4ed0-8381-e873bbd9be0f: addNew group-7178924212C3:[b0d03c9b-af36-4ed0-8381-e873bbd9be0f:192.168.151.73:36577] returns group-7178924212C3:java.util.concurrent.CompletableFuture@1bb027d1[Not completed]
2019-09-25 12:10:40,393 [pool-167-thread-1] INFO  impl.RaftServerImpl (RaftServerImpl.java:<init>(95)) - b0d03c9b-af36-4ed0-8381-e873bbd9be0f: new RaftServerImpl for group-7178924212C3:[b0d03c9b-af36-4ed0-8381-e873bbd9be0f:192.168.151.73:36577] with ContainerStateMachine:uninitialized
2019-09-25 12:10:40,394 [pool-167-thread-1] INFO  server.RaftServerConfigKeys (ConfUtils.java:logGet(43)) - raft.server.rpc.timeout.min = 5s (custom)
2019-09-25 12:10:40,394 [pool-167-thread-1] INFO  server.RaftServerConfigKeys (ConfUtils.java:logGet(43)) - raft.server.rpc.timeout.max = 5200ms (custom)
2019-09-25 12:10:40,394 [pool-167-thread-1] INFO  server.RaftServerConfigKeys (ConfUtils.java:logGet(43)) - raft.server.rpcslowness.timeout = 120s (custom)
2019-09-25 12:10:40,394 [pool-167-thread-1] INFO  server.RaftServerConfigKeys (ConfUtils.java:logGet(43)) - raft.server.sleep.deviation.threshold = 300 (default)
2019-09-25 12:10:40,394 [pool-167-thread-1] INFO  server.RaftServerConfigKeys (ConfUtils.java:logGet(43)) - raft.server.log.appender.install.snapshot.enabled = false (custom)
2019-09-25 12:10:40,394 [pool-167-thread-1] INFO  impl.RaftServerImpl (ServerState.java:<init>(103)) - b0d03c9b-af36-4ed0-8381-e873bbd9be0f@group-7178924212C3: ConfigurationManager, init=-1: [b0d03c9b-af36-4ed0-8381-e873bbd9be0f:192.168.151.73:36577], old=null, confs=<EMPTY_MAP>
2019-09-25 12:10:40,394 [pool-167-thread-1] INFO  server.RaftServerConfigKeys (ConfUtils.java:logGet(43)) - raft.server.storage.dir = [/workdir/hadoop-ozone/integration-test/target/test-dir/MiniOzoneClusterImpl-7d9c4453-492c-478b-a0e0-2871dbe18f6e/datanode-5/data/ratis] (custom)
2019-09-25 12:10:40,395 [pool-167-thread-1] INFO  storage.RaftStorageDirectory (RaftStorageDirectory.java:analyzeStorage(246)) - The storage directory /workdir/hadoop-ozone/integration-test/target/test-dir/MiniOzoneClusterImpl-7d9c4453-492c-478b-a0e0-2871dbe18f6e/datanode-5/data/ratis/1e0588aa-cc57-407a-8fb7-7178924212c3 does not exist. Creating ...
2019-09-25 12:10:40,416 [pool-167-thread-1] INFO  storage.RaftStorageDirectory (RaftStorageDirectory.java:tryLock(328)) - Lock on /workdir/hadoop-ozone/integration-test/target/test-dir/MiniOzoneClusterImpl-7d9c4453-492c-478b-a0e0-2871dbe18f6e/datanode-5/data/ratis/1e0588aa-cc57-407a-8fb7-7178924212c3/in_use.lock acquired by nodename 9481@pr-hdds-1569-shd4m-3693607622
2019-09-25 12:10:40,442 [pool-167-thread-1] INFO  storage.RaftStorage (RaftStorage.java:format(72)) - Storage directory /workdir/hadoop-ozone/integration-test/target/test-dir/MiniOzoneClusterImpl-7d9c4453-492c-478b-a0e0-2871dbe18f6e/datanode-5/data/ratis/1e0588aa-cc57-407a-8fb7-7178924212c3 has been successfully formatted.
2019-09-25 12:10:40,442 [pool-167-thread-1] INFO  ratis.ContainerStateMachine (ContainerStateMachine.java:loadSnapshot(230)) - group-7178924212C3: The snapshot info is null. Setting the last applied indexto:(t:0, i:~)
2019-09-25 12:10:40,442 [pool-167-thread-1] INFO  server.RaftServerConfigKeys (ConfUtils.java:logGet(43)) - raft.server.notification.no-leader.timeout = 120s (custom)
2019-09-25 12:10:40,442 [pool-167-thread-1] INFO  server.RaftServerConfigKeys (ConfUtils.java:logGet(43)) - raft.server.log.use.memory = false (default)
2019-09-25 12:10:40,442 [pool-167-thread-1] INFO  server.RaftServerConfigKeys (ConfUtils.java:logGet(43)) - raft.server.log.purge.gap = 1000000 (custom)
2019-09-25 12:10:40,443 [pool-167-thread-1] INFO  server.RaftServerConfigKeys (ConfUtils.java:logGet(43)) - raft.server.log.appender.buffer.byte-limit = 33554432 (custom)
2019-09-25 12:10:40,443 [pool-167-thread-1] INFO  server.RaftServerConfigKeys (ConfUtils.java:logGet(43)) - raft.server.log.segment.size.max = 1048576 (custom)
2019-09-25 12:10:40,443 [pool-167-thread-1] INFO  server.RaftServerConfigKeys (ConfUtils.java:logGet(43)) - raft.server.log.segment.cache.num.max = 2 (custom)
2019-09-25 12:10:40,443 [pool-167-thread-1] INFO  segmented.SegmentedRaftLogWorker (SegmentedRaftLogWorker.java:<init>(172)) - new b0d03c9b-af36-4ed0-8381-e873bbd9be0f@group-7178924212C3-SegmentedRaftLogWorker for RaftStorage:Storage Directory /workdir/hadoop-ozone/integration-test/target/test-dir/MiniOzoneClusterImpl-7d9c4453-492c-478b-a0e0-2871dbe18f6e/datanode-5/data/ratis/1e0588aa-cc57-407a-8fb7-7178924212c3
2019-09-25 12:10:40,443 [pool-167-thread-1] INFO  server.RaftServerConfigKeys (ConfUtils.java:logGet(43)) - raft.server.log.queue.byte-limit = 2147483647 (custom)
2019-09-25 12:10:40,443 [pool-167-thread-1] INFO  server.RaftServerConfigKeys (ConfUtils.java:logGet(43)) - raft.server.log.queue.element-limit = 1024 (custom)
2019-09-25 12:10:40,443 [pool-167-thread-1] INFO  server.RaftServerConfigKeys (ConfUtils.java:logGet(43)) - raft.server.log.segment.size.max = 1048576 (custom)
2019-09-25 12:10:40,444 [pool-167-thread-1] INFO  server.RaftServerConfigKeys (ConfUtils.java:logGet(43)) - raft.server.log.preallocated.size = 16384 (custom)
2019-09-25 12:10:40,444 [pool-167-thread-1] INFO  server.RaftServerConfigKeys (ConfUtils.java:logGet(43)) - raft.server.log.write.buffer.size = 33554432 (custom)
2019-09-25 12:10:40,444 [pool-167-thread-1] INFO  server.RaftServerConfigKeys (ConfUtils.java:logGet(43)) - raft.server.log.force.sync.num = 128 (default)
2019-09-25 12:10:40,444 [pool-167-thread-1] INFO  server.RaftServerConfigKeys (ConfUtils.java:logGet(43)) - raft.server.log.statemachine.data.sync = true (default)
2019-09-25 12:10:40,444 [pool-167-thread-1] INFO  server.RaftServerConfigKeys (ConfUtils.java:logGet(43)) - raft.server.log.statemachine.data.sync.timeout = 10s (default)
2019-09-25 12:10:40,444 [pool-167-thread-1] INFO  server.RaftServerConfigKeys (ConfUtils.java:logGet(43)) - raft.server.log.statemachine.data.sync.timeout.retry = -1 (default)
2019-09-25 12:10:40,445 [pool-167-thread-1] INFO  server.RaftServerConfigKeys (ConfUtils.java:logGet(43)) - raft.server.log.statemachine.data.caching.enabled = true (custom)
2019-09-25 12:10:40,445 [pool-167-thread-1] INFO  segmented.SegmentedRaftLogWorker (SegmentedRaftLogWorker.java:lambda$new$0(132)) - b0d03c9b-af36-4ed0-8381-e873bbd9be0f@group-7178924212C3-SegmentedRaftLogWorker: flushIndex: setUnconditionally 0 -> -1
2019-09-25 12:10:40,445 [pool-167-thread-1] INFO  server.RaftServerConfigKeys (ConfUtils.java:logGet(43)) - raft.server.snapshot.auto.trigger.enabled = true (custom)
2019-09-25 12:10:40,445 [pool-167-thread-1] INFO  server.RaftServerConfigKeys (ConfUtils.java:logGet(43)) - raft.server.snapshot.auto.trigger.threshold = 10000 (custom)
2019-09-25 12:10:40,445 [pool-167-thread-1] INFO  server.RaftServerConfigKeys (ConfUtils.java:logGet(43)) - raft.server.snapshot.retention.num.files = 5 (custom)
2019-09-25 12:10:40,446 [pool-167-thread-1] INFO  server.RaftServerConfigKeys (ConfUtils.java:logGet(43)) - raft.server.retrycache.expirytime = 600000ms (custom)
2019-09-25 12:10:40,448 [pool-167-thread-1] INFO  impl.RaftServerImpl (RaftServerImpl.java:start(185)) - b0d03c9b-af36-4ed0-8381-e873bbd9be0f@group-7178924212C3: start as a follower, conf=-1: [b0d03c9b-af36-4ed0-8381-e873bbd9be0f:192.168.151.73:36577], old=null
2019-09-25 12:10:40,448 [pool-167-thread-1] INFO  impl.RaftServerImpl (RaftServerImpl.java:setRole(174)) - b0d03c9b-af36-4ed0-8381-e873bbd9be0f@group-7178924212C3: changes role from      null to FOLLOWER at term 0 for startAsFollower
2019-09-25 12:10:40,448 [pool-167-thread-1] INFO  impl.RoleInfo (RoleInfo.java:updateAndGet(143)) - b0d03c9b-af36-4ed0-8381-e873bbd9be0f: start FollowerState
2019-09-25 12:10:40,448 [pool-167-thread-1] INFO  util.JmxRegister (JmxRegister.java:tryRegister(44)) - Successfully registered JMX Bean with object name Ratis:service=RaftServer,group=group-7178924212C3,id=b0d03c9b-af36-4ed0-8381-e873bbd9be0f
2019-09-25 12:10:40,451 [RatisPipelineUtilsThread] INFO  pipeline.PipelineStateManager (PipelineStateManager.java:addPipeline(56)) - Created pipeline Pipeline[ Id: 1e0588aa-cc57-407a-8fb7-7178924212c3, Nodes: b0d03c9b-af36-4ed0-8381-e873bbd9be0f{ip: 192.168.151.73, host: pr-hdds-1569-shd4m-3693607622, networkLocation: /default-rack, certSerialId: null}, Type:RATIS, Factor:ONE, State:OPEN]
2019-09-25 12:10:40,451 [RatisPipelineUtilsThread] INFO  pipeline.PipelinePlacementPolicy (PipelinePlacementPolicy.java:meetCriteria(91)) - Pipeline Placement: can't place more pipeline on heavy datanode： ed9e8526-460d-4c85-81a4-c6a64f474ec5 Heaviness: 6 limit: 5
2019-09-25 12:10:40,451 [RatisPipelineUtilsThread] INFO  pipeline.PipelinePlacementPolicy (PipelinePlacementPolicy.java:meetCriteria(91)) - Pipeline Placement: can't place more pipeline on heavy datanode： c6fa9dcb-3f15-43b4-bafe-b7e2932cba65 Heaviness: 6 limit: 5
2019-09-25 12:10:40,451 [RatisPipelineUtilsThread] INFO  pipeline.PipelinePlacementPolicy (PipelinePlacementPolicy.java:meetCriteria(91)) - Pipeline Placement: can't place more pipeline on heavy datanode： 80deecc8-67d2-4886-a269-aab5f88a17c2 Heaviness: 6 limit: 5
2019-09-25 12:10:40,452 [RatisPipelineUtilsThread] INFO  pipeline.PipelinePlacementPolicy (PipelinePlacementPolicy.java:meetCriteria(91)) - Pipeline Placement: can't place more pipeline on heavy datanode： 672ef084-74ba-47a7-a215-7b0464967c29 Heaviness: 6 limit: 5
2019-09-25 12:10:40,452 [RatisPipelineUtilsThread] INFO  pipeline.PipelinePlacementPolicy (PipelinePlacementPolicy.java:meetCriteria(91)) - Pipeline Placement: can't place more pipeline on heavy datanode： b0d03c9b-af36-4ed0-8381-e873bbd9be0f Heaviness: 6 limit: 5
2019-09-25 12:10:40,452 [RatisPipelineUtilsThread] INFO  pipeline.PipelinePlacementPolicy (PipelinePlacementPolicy.java:meetCriteria(91)) - Pipeline Placement: can't place more pipeline on heavy datanode： 06c06a68-4e48-447d-bb45-a3dc0e88cff1 Heaviness: 6 limit: 5
2019-09-25 12:10:40,457 [grpc-default-executor-0] INFO  impl.RaftServerProxy (RaftServerProxy.java:addNew(89)) - df786a85-25e2-42b5-b190-b73745044b82: addNew group-ED79F6DFF296:[df786a85-25e2-42b5-b190-b73745044b82:192.168.151.73:38744] returns group-ED79F6DFF296:java.util.concurrent.CompletableFuture@52fadf4e[Not completed]
2019-09-25 12:10:40,458 [pool-177-thread-1] INFO  impl.RaftServerImpl (RaftServerImpl.java:<init>(95)) - df786a85-25e2-42b5-b190-b73745044b82: new RaftServerImpl for group-ED79F6DFF296:[df786a85-25e2-42b5-b190-b73745044b82:192.168.151.73:38744] with ContainerStateMachine:uninitialized
2019-09-25 12:10:40,458 [pool-177-thread-1] INFO  server.RaftServerConfigKeys (ConfUtils.java:logGet(43)) - raft.server.rpc.timeout.min = 5s (custom)
2019-09-25 12:10:40,459 [pool-177-thread-1] INFO  server.RaftServerConfigKeys (ConfUtils.java:logGet(43)) - raft.server.rpc.timeout.max = 5200ms (custom)
2019-09-25 12:10:40,459 [pool-177-thread-1] INFO  server.RaftServerConfigKeys (ConfUtils.java:logGet(43)) - raft.server.rpcslowness.timeout = 120s (custom)
2019-09-25 12:10:40,459 [pool-177-thread-1] INFO  server.RaftServerConfigKeys (ConfUtils.java:logGet(43)) - raft.server.sleep.deviation.threshold = 300 (default)
2019-09-25 12:10:40,459 [pool-177-thread-1] INFO  server.RaftServerConfigKeys (ConfUtils.java:logGet(43)) - raft.server.log.appender.install.snapshot.enabled = false (custom)
2019-09-25 12:10:40,459 [pool-177-thread-1] INFO  impl.RaftServerImpl (ServerState.java:<init>(103)) - df786a85-25e2-42b5-b190-b73745044b82@group-ED79F6DFF296: ConfigurationManager, init=-1: [df786a85-25e2-42b5-b190-b73745044b82:192.168.151.73:38744], old=null, confs=<EMPTY_MAP>
2019-09-25 12:10:40,459 [pool-177-thread-1] INFO  server.RaftServerConfigKeys (ConfUtils.java:logGet(43)) - raft.server.storage.dir = [/workdir/hadoop-ozone/integration-test/target/test-dir/MiniOzoneClusterImpl-7d9c4453-492c-478b-a0e0-2871dbe18f6e/datanode-6/data/ratis] (custom)
2019-09-25 12:10:40,460 [pool-177-thread-1] INFO  storage.RaftStorageDirectory (RaftStorageDirectory.java:analyzeStorage(246)) - The storage directory /workdir/hadoop-ozone/integration-test/target/test-dir/MiniOzoneClusterImpl-7d9c4453-492c-478b-a0e0-2871dbe18f6e/datanode-6/data/ratis/89425617-3e77-48aa-8ff7-ed79f6dff296 does not exist. Creating ...
2019-09-25 12:10:40,474 [pool-177-thread-1] INFO  storage.RaftStorageDirectory (RaftStorageDirectory.java:tryLock(328)) - Lock on /workdir/hadoop-ozone/integration-test/target/test-dir/MiniOzoneClusterImpl-7d9c4453-492c-478b-a0e0-2871dbe18f6e/datanode-6/data/ratis/89425617-3e77-48aa-8ff7-ed79f6dff296/in_use.lock acquired by nodename 9481@pr-hdds-1569-shd4m-3693607622
2019-09-25 12:10:40,499 [pool-177-thread-1] INFO  storage.RaftStorage (RaftStorage.java:format(72)) - Storage directory /workdir/hadoop-ozone/integration-test/target/test-dir/MiniOzoneClusterImpl-7d9c4453-492c-478b-a0e0-2871dbe18f6e/datanode-6/data/ratis/89425617-3e77-48aa-8ff7-ed79f6dff296 has been successfully formatted.
2019-09-25 12:10:40,500 [pool-177-thread-1] INFO  ratis.ContainerStateMachine (ContainerStateMachine.java:loadSnapshot(230)) - group-ED79F6DFF296: The snapshot info is null. Setting the last applied indexto:(t:0, i:~)
2019-09-25 12:10:40,500 [pool-177-thread-1] INFO  server.RaftServerConfigKeys (ConfUtils.java:logGet(43)) - raft.server.notification.no-leader.timeout = 120s (custom)
2019-09-25 12:10:40,500 [pool-177-thread-1] INFO  server.RaftServerConfigKeys (ConfUtils.java:logGet(43)) - raft.server.log.use.memory = false (default)
2019-09-25 12:10:40,500 [pool-177-thread-1] INFO  server.RaftServerConfigKeys (ConfUtils.java:logGet(43)) - raft.server.log.purge.gap = 1000000 (custom)
2019-09-25 12:10:40,500 [pool-177-thread-1] INFO  server.RaftServerConfigKeys (ConfUtils.java:logGet(43)) - raft.server.log.appender.buffer.byte-limit = 33554432 (custom)
2019-09-25 12:10:40,500 [pool-177-thread-1] INFO  server.RaftServerConfigKeys (ConfUtils.java:logGet(43)) - raft.server.log.segment.size.max = 1048576 (custom)
2019-09-25 12:10:40,500 [pool-177-thread-1] INFO  server.RaftServerConfigKeys (ConfUtils.java:logGet(43)) - raft.server.log.segment.cache.num.max = 2 (custom)
2019-09-25 12:10:40,501 [pool-177-thread-1] INFO  segmented.SegmentedRaftLogWorker (SegmentedRaftLogWorker.java:<init>(172)) - new df786a85-25e2-42b5-b190-b73745044b82@group-ED79F6DFF296-SegmentedRaftLogWorker for RaftStorage:Storage Directory /workdir/hadoop-ozone/integration-test/target/test-dir/MiniOzoneClusterImpl-7d9c4453-492c-478b-a0e0-2871dbe18f6e/datanode-6/data/ratis/89425617-3e77-48aa-8ff7-ed79f6dff296
2019-09-25 12:10:40,501 [pool-177-thread-1] INFO  server.RaftServerConfigKeys (ConfUtils.java:logGet(43)) - raft.server.log.queue.byte-limit = 2147483647 (custom)
2019-09-25 12:10:40,501 [pool-177-thread-1] INFO  server.RaftServerConfigKeys (ConfUtils.java:logGet(43)) - raft.server.log.queue.element-limit = 1024 (custom)
2019-09-25 12:10:40,501 [pool-177-thread-1] INFO  server.RaftServerConfigKeys (ConfUtils.java:logGet(43)) - raft.server.log.segment.size.max = 1048576 (custom)
2019-09-25 12:10:40,501 [pool-177-thread-1] INFO  server.RaftServerConfigKeys (ConfUtils.java:logGet(43)) - raft.server.log.preallocated.size = 16384 (custom)
2019-09-25 12:10:40,501 [pool-177-thread-1] INFO  server.RaftServerConfigKeys (ConfUtils.java:logGet(43)) - raft.server.log.write.buffer.size = 33554432 (custom)
2019-09-25 12:10:40,501 [pool-177-thread-1] INFO  server.RaftServerConfigKeys (ConfUtils.java:logGet(43)) - raft.server.log.force.sync.num = 128 (default)
2019-09-25 12:10:40,501 [pool-177-thread-1] INFO  server.RaftServerConfigKeys (ConfUtils.java:logGet(43)) - raft.server.log.statemachine.data.sync = true (default)
2019-09-25 12:10:40,502 [pool-177-thread-1] INFO  server.RaftServerConfigKeys (ConfUtils.java:logGet(43)) - raft.server.log.statemachine.data.sync.timeout = 10s (default)
2019-09-25 12:10:40,502 [pool-177-thread-1] INFO  server.RaftServerConfigKeys (ConfUtils.java:logGet(43)) - raft.server.log.statemachine.data.sync.timeout.retry = -1 (default)
2019-09-25 12:10:40,502 [pool-177-thread-1] INFO  server.RaftServerConfigKeys (ConfUtils.java:logGet(43)) - raft.server.log.statemachine.data.caching.enabled = true (custom)
2019-09-25 12:10:40,502 [pool-177-thread-1] INFO  segmented.SegmentedRaftLogWorker (SegmentedRaftLogWorker.java:lambda$new$0(132)) - df786a85-25e2-42b5-b190-b73745044b82@group-ED79F6DFF296-SegmentedRaftLogWorker: flushIndex: setUnconditionally 0 -> -1
2019-09-25 12:10:40,502 [pool-177-thread-1] INFO  server.RaftServerConfigKeys (ConfUtils.java:logGet(43)) - raft.server.snapshot.auto.trigger.enabled = true (custom)
2019-09-25 12:10:40,503 [pool-177-thread-1] INFO  server.RaftServerConfigKeys (ConfUtils.java:logGet(43)) - raft.server.snapshot.auto.trigger.threshold = 10000 (custom)
2019-09-25 12:10:40,503 [pool-177-thread-1] INFO  server.RaftServerConfigKeys (ConfUtils.java:logGet(43)) - raft.server.snapshot.retention.num.files = 5 (custom)
2019-09-25 12:10:40,503 [pool-177-thread-1] INFO  server.RaftServerConfigKeys (ConfUtils.java:logGet(43)) - raft.server.retrycache.expirytime = 600000ms (custom)
2019-09-25 12:10:40,504 [pool-177-thread-1] INFO  impl.RaftServerImpl (RaftServerImpl.java:start(185)) - df786a85-25e2-42b5-b190-b73745044b82@group-ED79F6DFF296: start as a follower, conf=-1: [df786a85-25e2-42b5-b190-b73745044b82:192.168.151.73:38744], old=null
2019-09-25 12:10:40,504 [pool-177-thread-1] INFO  impl.RaftServerImpl (RaftServerImpl.java:setRole(174)) - df786a85-25e2-42b5-b190-b73745044b82@group-ED79F6DFF296: changes role from      null to FOLLOWER at term 0 for startAsFollower
2019-09-25 12:10:40,504 [pool-177-thread-1] INFO  impl.RoleInfo (RoleInfo.java:updateAndGet(143)) - df786a85-25e2-42b5-b190-b73745044b82: start FollowerState
2019-09-25 12:10:40,505 [pool-177-thread-1] INFO  util.JmxRegister (JmxRegister.java:tryRegister(44)) - Successfully registered JMX Bean with object name Ratis:service=RaftServer,group=group-ED79F6DFF296,id=df786a85-25e2-42b5-b190-b73745044b82
2019-09-25 12:10:40,508 [RatisPipelineUtilsThread] INFO  pipeline.PipelineStateManager (PipelineStateManager.java:addPipeline(56)) - Created pipeline Pipeline[ Id: 89425617-3e77-48aa-8ff7-ed79f6dff296, Nodes: df786a85-25e2-42b5-b190-b73745044b82{ip: 192.168.151.73, host: pr-hdds-1569-shd4m-3693607622, networkLocation: /default-rack, certSerialId: null}, Type:RATIS, Factor:ONE, State:OPEN]
2019-09-25 12:10:40,508 [RatisPipelineUtilsThread] INFO  pipeline.PipelinePlacementPolicy (PipelinePlacementPolicy.java:meetCriteria(91)) - Pipeline Placement: can't place more pipeline on heavy datanode： ed9e8526-460d-4c85-81a4-c6a64f474ec5 Heaviness: 6 limit: 5
2019-09-25 12:10:40,508 [RatisPipelineUtilsThread] INFO  pipeline.PipelinePlacementPolicy (PipelinePlacementPolicy.java:meetCriteria(91)) - Pipeline Placement: can't place more pipeline on heavy datanode： c6fa9dcb-3f15-43b4-bafe-b7e2932cba65 Heaviness: 6 limit: 5
2019-09-25 12:10:40,508 [RatisPipelineUtilsThread] INFO  pipeline.PipelinePlacementPolicy (PipelinePlacementPolicy.java:meetCriteria(91)) - Pipeline Placement: can't place more pipeline on heavy datanode： 80deecc8-67d2-4886-a269-aab5f88a17c2 Heaviness: 6 limit: 5
2019-09-25 12:10:40,509 [RatisPipelineUtilsThread] INFO  pipeline.PipelinePlacementPolicy (PipelinePlacementPolicy.java:meetCriteria(91)) - Pipeline Placement: can't place more pipeline on heavy datanode： 672ef084-74ba-47a7-a215-7b0464967c29 Heaviness: 6 limit: 5
2019-09-25 12:10:40,509 [RatisPipelineUtilsThread] INFO  pipeline.PipelinePlacementPolicy (PipelinePlacementPolicy.java:meetCriteria(91)) - Pipeline Placement: can't place more pipeline on heavy datanode： b0d03c9b-af36-4ed0-8381-e873bbd9be0f Heaviness: 6 limit: 5
2019-09-25 12:10:40,509 [RatisPipelineUtilsThread] INFO  pipeline.PipelinePlacementPolicy (PipelinePlacementPolicy.java:meetCriteria(91)) - Pipeline Placement: can't place more pipeline on heavy datanode： 06c06a68-4e48-447d-bb45-a3dc0e88cff1 Heaviness: 6 limit: 5
2019-09-25 12:10:40,515 [grpc-default-executor-0] INFO  impl.RaftServerProxy (RaftServerProxy.java:addNew(89)) - df786a85-25e2-42b5-b190-b73745044b82: addNew group-4499D858D06B:[df786a85-25e2-42b5-b190-b73745044b82:192.168.151.73:38744] returns group-4499D858D06B:java.util.concurrent.CompletableFuture@407a53c[Not completed]
2019-09-25 12:10:40,516 [pool-177-thread-1] INFO  impl.RaftServerImpl (RaftServerImpl.java:<init>(95)) - df786a85-25e2-42b5-b190-b73745044b82: new RaftServerImpl for group-4499D858D06B:[df786a85-25e2-42b5-b190-b73745044b82:192.168.151.73:38744] with ContainerStateMachine:uninitialized
2019-09-25 12:10:40,516 [pool-177-thread-1] INFO  server.RaftServerConfigKeys (ConfUtils.java:logGet(43)) - raft.server.rpc.timeout.min = 5s (custom)
2019-09-25 12:10:40,516 [pool-177-thread-1] INFO  server.RaftServerConfigKeys (ConfUtils.java:logGet(43)) - raft.server.rpc.timeout.max = 5200ms (custom)
2019-09-25 12:10:40,516 [pool-177-thread-1] INFO  server.RaftServerConfigKeys (ConfUtils.java:logGet(43)) - raft.server.rpcslowness.timeout = 120s (custom)
2019-09-25 12:10:40,516 [pool-177-thread-1] INFO  server.RaftServerConfigKeys (ConfUtils.java:logGet(43)) - raft.server.sleep.deviation.threshold = 300 (default)
2019-09-25 12:10:40,516 [pool-177-thread-1] INFO  server.RaftServerConfigKeys (ConfUtils.java:logGet(43)) - raft.server.log.appender.install.snapshot.enabled = false (custom)
2019-09-25 12:10:40,516 [pool-177-thread-1] INFO  impl.RaftServerImpl (ServerState.java:<init>(103)) - df786a85-25e2-42b5-b190-b73745044b82@group-4499D858D06B: ConfigurationManager, init=-1: [df786a85-25e2-42b5-b190-b73745044b82:192.168.151.73:38744], old=null, confs=<EMPTY_MAP>
2019-09-25 12:10:40,517 [pool-177-thread-1] INFO  server.RaftServerConfigKeys (ConfUtils.java:logGet(43)) - raft.server.storage.dir = [/workdir/hadoop-ozone/integration-test/target/test-dir/MiniOzoneClusterImpl-7d9c4453-492c-478b-a0e0-2871dbe18f6e/datanode-6/data/ratis] (custom)
2019-09-25 12:10:40,517 [pool-177-thread-1] INFO  storage.RaftStorageDirectory (RaftStorageDirectory.java:analyzeStorage(246)) - The storage directory /workdir/hadoop-ozone/integration-test/target/test-dir/MiniOzoneClusterImpl-7d9c4453-492c-478b-a0e0-2871dbe18f6e/datanode-6/data/ratis/787ed671-3495-4422-a673-4499d858d06b does not exist. Creating ...
2019-09-25 12:10:40,529 [pool-177-thread-1] INFO  storage.RaftStorageDirectory (RaftStorageDirectory.java:tryLock(328)) - Lock on /workdir/hadoop-ozone/integration-test/target/test-dir/MiniOzoneClusterImpl-7d9c4453-492c-478b-a0e0-2871dbe18f6e/datanode-6/data/ratis/787ed671-3495-4422-a673-4499d858d06b/in_use.lock acquired by nodename 9481@pr-hdds-1569-shd4m-3693607622
2019-09-25 12:10:40,542 [pool-177-thread-1] INFO  storage.RaftStorage (RaftStorage.java:format(72)) - Storage directory /workdir/hadoop-ozone/integration-test/target/test-dir/MiniOzoneClusterImpl-7d9c4453-492c-478b-a0e0-2871dbe18f6e/datanode-6/data/ratis/787ed671-3495-4422-a673-4499d858d06b has been successfully formatted.
2019-09-25 12:10:40,542 [pool-177-thread-1] INFO  ratis.ContainerStateMachine (ContainerStateMachine.java:loadSnapshot(230)) - group-4499D858D06B: The snapshot info is null. Setting the last applied indexto:(t:0, i:~)
2019-09-25 12:10:40,542 [pool-177-thread-1] INFO  server.RaftServerConfigKeys (ConfUtils.java:logGet(43)) - raft.server.notification.no-leader.timeout = 120s (custom)
2019-09-25 12:10:40,542 [pool-177-thread-1] INFO  server.RaftServerConfigKeys (ConfUtils.java:logGet(43)) - raft.server.log.use.memory = false (default)
2019-09-25 12:10:40,542 [pool-177-thread-1] INFO  server.RaftServerConfigKeys (ConfUtils.java:logGet(43)) - raft.server.log.purge.gap = 1000000 (custom)
2019-09-25 12:10:40,542 [pool-177-thread-1] INFO  server.RaftServerConfigKeys (ConfUtils.java:logGet(43)) - raft.server.log.appender.buffer.byte-limit = 33554432 (custom)
2019-09-25 12:10:40,543 [pool-177-thread-1] INFO  server.RaftServerConfigKeys (ConfUtils.java:logGet(43)) - raft.server.log.segment.size.max = 1048576 (custom)
2019-09-25 12:10:40,543 [pool-177-thread-1] INFO  server.RaftServerConfigKeys (ConfUtils.java:logGet(43)) - raft.server.log.segment.cache.num.max = 2 (custom)
2019-09-25 12:10:40,543 [pool-177-thread-1] INFO  segmented.SegmentedRaftLogWorker (SegmentedRaftLogWorker.java:<init>(172)) - new df786a85-25e2-42b5-b190-b73745044b82@group-4499D858D06B-SegmentedRaftLogWorker for RaftStorage:Storage Directory /workdir/hadoop-ozone/integration-test/target/test-dir/MiniOzoneClusterImpl-7d9c4453-492c-478b-a0e0-2871dbe18f6e/datanode-6/data/ratis/787ed671-3495-4422-a673-4499d858d06b
2019-09-25 12:10:40,543 [pool-177-thread-1] INFO  server.RaftServerConfigKeys (ConfUtils.java:logGet(43)) - raft.server.log.queue.byte-limit = 2147483647 (custom)
2019-09-25 12:10:40,543 [pool-177-thread-1] INFO  server.RaftServerConfigKeys (ConfUtils.java:logGet(43)) - raft.server.log.queue.element-limit = 1024 (custom)
2019-09-25 12:10:40,543 [pool-177-thread-1] INFO  server.RaftServerConfigKeys (ConfUtils.java:logGet(43)) - raft.server.log.segment.size.max = 1048576 (custom)
2019-09-25 12:10:40,543 [pool-177-thread-1] INFO  server.RaftServerConfigKeys (ConfUtils.java:logGet(43)) - raft.server.log.preallocated.size = 16384 (custom)
2019-09-25 12:10:40,543 [pool-177-thread-1] INFO  server.RaftServerConfigKeys (ConfUtils.java:logGet(43)) - raft.server.log.write.buffer.size = 33554432 (custom)
2019-09-25 12:10:40,543 [pool-177-thread-1] INFO  server.RaftServerConfigKeys (ConfUtils.java:logGet(43)) - raft.server.log.force.sync.num = 128 (default)
2019-09-25 12:10:40,543 [pool-177-thread-1] INFO  server.RaftServerConfigKeys (ConfUtils.java:logGet(43)) - raft.server.log.statemachine.data.sync = true (default)
2019-09-25 12:10:40,544 [pool-177-thread-1] INFO  server.RaftServerConfigKeys (ConfUtils.java:logGet(43)) - raft.server.log.statemachine.data.sync.timeout = 10s (default)
2019-09-25 12:10:40,544 [pool-177-thread-1] INFO  server.RaftServerConfigKeys (ConfUtils.java:logGet(43)) - raft.server.log.statemachine.data.sync.timeout.retry = -1 (default)
2019-09-25 12:10:40,544 [pool-177-thread-1] INFO  server.RaftServerConfigKeys (ConfUtils.java:logGet(43)) - raft.server.log.statemachine.data.caching.enabled = true (custom)
2019-09-25 12:10:40,544 [pool-177-thread-1] INFO  segmented.SegmentedRaftLogWorker (SegmentedRaftLogWorker.java:lambda$new$0(132)) - df786a85-25e2-42b5-b190-b73745044b82@group-4499D858D06B-SegmentedRaftLogWorker: flushIndex: setUnconditionally 0 -> -1
2019-09-25 12:10:40,544 [pool-177-thread-1] INFO  server.RaftServerConfigKeys (ConfUtils.java:logGet(43)) - raft.server.snapshot.auto.trigger.enabled = true (custom)
2019-09-25 12:10:40,544 [pool-177-thread-1] INFO  server.RaftServerConfigKeys (ConfUtils.java:logGet(43)) - raft.server.snapshot.auto.trigger.threshold = 10000 (custom)
2019-09-25 12:10:40,545 [pool-177-thread-1] INFO  server.RaftServerConfigKeys (ConfUtils.java:logGet(43)) - raft.server.snapshot.retention.num.files = 5 (custom)
2019-09-25 12:10:40,545 [pool-177-thread-1] INFO  server.RaftServerConfigKeys (ConfUtils.java:logGet(43)) - raft.server.retrycache.expirytime = 600000ms (custom)
2019-09-25 12:10:40,546 [pool-177-thread-1] INFO  impl.RaftServerImpl (RaftServerImpl.java:start(185)) - df786a85-25e2-42b5-b190-b73745044b82@group-4499D858D06B: start as a follower, conf=-1: [df786a85-25e2-42b5-b190-b73745044b82:192.168.151.73:38744], old=null
2019-09-25 12:10:40,546 [pool-177-thread-1] INFO  impl.RaftServerImpl (RaftServerImpl.java:setRole(174)) - df786a85-25e2-42b5-b190-b73745044b82@group-4499D858D06B: changes role from      null to FOLLOWER at term 0 for startAsFollower
2019-09-25 12:10:40,546 [pool-177-thread-1] INFO  impl.RoleInfo (RoleInfo.java:updateAndGet(143)) - df786a85-25e2-42b5-b190-b73745044b82: start FollowerState
2019-09-25 12:10:40,547 [pool-177-thread-1] INFO  util.JmxRegister (JmxRegister.java:tryRegister(44)) - Successfully registered JMX Bean with object name Ratis:service=RaftServer,group=group-4499D858D06B,id=df786a85-25e2-42b5-b190-b73745044b82
2019-09-25 12:10:40,550 [RatisPipelineUtilsThread] INFO  pipeline.PipelineStateManager (PipelineStateManager.java:addPipeline(56)) - Created pipeline Pipeline[ Id: 787ed671-3495-4422-a673-4499d858d06b, Nodes: df786a85-25e2-42b5-b190-b73745044b82{ip: 192.168.151.73, host: pr-hdds-1569-shd4m-3693607622, networkLocation: /default-rack, certSerialId: null}, Type:RATIS, Factor:ONE, State:OPEN]
2019-09-25 12:10:40,550 [RatisPipelineUtilsThread] INFO  pipeline.PipelinePlacementPolicy (PipelinePlacementPolicy.java:meetCriteria(91)) - Pipeline Placement: can't place more pipeline on heavy datanode： ed9e8526-460d-4c85-81a4-c6a64f474ec5 Heaviness: 6 limit: 5
2019-09-25 12:10:40,551 [RatisPipelineUtilsThread] INFO  pipeline.PipelinePlacementPolicy (PipelinePlacementPolicy.java:meetCriteria(91)) - Pipeline Placement: can't place more pipeline on heavy datanode： c6fa9dcb-3f15-43b4-bafe-b7e2932cba65 Heaviness: 6 limit: 5
2019-09-25 12:10:40,551 [RatisPipelineUtilsThread] INFO  pipeline.PipelinePlacementPolicy (PipelinePlacementPolicy.java:meetCriteria(91)) - Pipeline Placement: can't place more pipeline on heavy datanode： 80deecc8-67d2-4886-a269-aab5f88a17c2 Heaviness: 6 limit: 5
2019-09-25 12:10:40,551 [RatisPipelineUtilsThread] INFO  pipeline.PipelinePlacementPolicy (PipelinePlacementPolicy.java:meetCriteria(91)) - Pipeline Placement: can't place more pipeline on heavy datanode： 672ef084-74ba-47a7-a215-7b0464967c29 Heaviness: 6 limit: 5
2019-09-25 12:10:40,551 [RatisPipelineUtilsThread] INFO  pipeline.PipelinePlacementPolicy (PipelinePlacementPolicy.java:meetCriteria(91)) - Pipeline Placement: can't place more pipeline on heavy datanode： b0d03c9b-af36-4ed0-8381-e873bbd9be0f Heaviness: 6 limit: 5
2019-09-25 12:10:40,551 [RatisPipelineUtilsThread] INFO  pipeline.PipelinePlacementPolicy (PipelinePlacementPolicy.java:meetCriteria(91)) - Pipeline Placement: can't place more pipeline on heavy datanode： 06c06a68-4e48-447d-bb45-a3dc0e88cff1 Heaviness: 6 limit: 5
2019-09-25 12:10:40,557 [grpc-default-executor-0] INFO  impl.RaftServerProxy (RaftServerProxy.java:addNew(89)) - df786a85-25e2-42b5-b190-b73745044b82: addNew group-620A6D52D7B5:[df786a85-25e2-42b5-b190-b73745044b82:192.168.151.73:38744] returns group-620A6D52D7B5:java.util.concurrent.CompletableFuture@714f0261[Not completed]
2019-09-25 12:10:40,559 [pool-177-thread-1] INFO  impl.RaftServerImpl (RaftServerImpl.java:<init>(95)) - df786a85-25e2-42b5-b190-b73745044b82: new RaftServerImpl for group-620A6D52D7B5:[df786a85-25e2-42b5-b190-b73745044b82:192.168.151.73:38744] with ContainerStateMachine:uninitialized
2019-09-25 12:10:40,559 [pool-177-thread-1] INFO  server.RaftServerConfigKeys (ConfUtils.java:logGet(43)) - raft.server.rpc.timeout.min = 5s (custom)
2019-09-25 12:10:40,559 [pool-177-thread-1] INFO  server.RaftServerConfigKeys (ConfUtils.java:logGet(43)) - raft.server.rpc.timeout.max = 5200ms (custom)
2019-09-25 12:10:40,559 [pool-177-thread-1] INFO  server.RaftServerConfigKeys (ConfUtils.java:logGet(43)) - raft.server.rpcslowness.timeout = 120s (custom)
2019-09-25 12:10:40,559 [pool-177-thread-1] INFO  server.RaftServerConfigKeys (ConfUtils.java:logGet(43)) - raft.server.sleep.deviation.threshold = 300 (default)
2019-09-25 12:10:40,559 [pool-177-thread-1] INFO  server.RaftServerConfigKeys (ConfUtils.java:logGet(43)) - raft.server.log.appender.install.snapshot.enabled = false (custom)
2019-09-25 12:10:40,559 [pool-177-thread-1] INFO  impl.RaftServerImpl (ServerState.java:<init>(103)) - df786a85-25e2-42b5-b190-b73745044b82@group-620A6D52D7B5: ConfigurationManager, init=-1: [df786a85-25e2-42b5-b190-b73745044b82:192.168.151.73:38744], old=null, confs=<EMPTY_MAP>
2019-09-25 12:10:40,560 [pool-177-thread-1] INFO  server.RaftServerConfigKeys (ConfUtils.java:logGet(43)) - raft.server.storage.dir = [/workdir/hadoop-ozone/integration-test/target/test-dir/MiniOzoneClusterImpl-7d9c4453-492c-478b-a0e0-2871dbe18f6e/datanode-6/data/ratis] (custom)
2019-09-25 12:10:40,560 [pool-177-thread-1] INFO  storage.RaftStorageDirectory (RaftStorageDirectory.java:analyzeStorage(246)) - The storage directory /workdir/hadoop-ozone/integration-test/target/test-dir/MiniOzoneClusterImpl-7d9c4453-492c-478b-a0e0-2871dbe18f6e/datanode-6/data/ratis/f4fbb72e-a318-47fe-85ba-620a6d52d7b5 does not exist. Creating ...
2019-09-25 12:10:40,572 [pool-177-thread-1] INFO  storage.RaftStorageDirectory (RaftStorageDirectory.java:tryLock(328)) - Lock on /workdir/hadoop-ozone/integration-test/target/test-dir/MiniOzoneClusterImpl-7d9c4453-492c-478b-a0e0-2871dbe18f6e/datanode-6/data/ratis/f4fbb72e-a318-47fe-85ba-620a6d52d7b5/in_use.lock acquired by nodename 9481@pr-hdds-1569-shd4m-3693607622
2019-09-25 12:10:40,585 [pool-177-thread-1] INFO  storage.RaftStorage (RaftStorage.java:format(72)) - Storage directory /workdir/hadoop-ozone/integration-test/target/test-dir/MiniOzoneClusterImpl-7d9c4453-492c-478b-a0e0-2871dbe18f6e/datanode-6/data/ratis/f4fbb72e-a318-47fe-85ba-620a6d52d7b5 has been successfully formatted.
2019-09-25 12:10:40,585 [pool-177-thread-1] INFO  ratis.ContainerStateMachine (ContainerStateMachine.java:loadSnapshot(230)) - group-620A6D52D7B5: The snapshot info is null. Setting the last applied indexto:(t:0, i:~)
2019-09-25 12:10:40,586 [pool-177-thread-1] INFO  server.RaftServerConfigKeys (ConfUtils.java:logGet(43)) - raft.server.notification.no-leader.timeout = 120s (custom)
2019-09-25 12:10:40,586 [pool-177-thread-1] INFO  server.RaftServerConfigKeys (ConfUtils.java:logGet(43)) - raft.server.log.use.memory = false (default)
2019-09-25 12:10:40,586 [pool-177-thread-1] INFO  server.RaftServerConfigKeys (ConfUtils.java:logGet(43)) - raft.server.log.purge.gap = 1000000 (custom)
2019-09-25 12:10:40,586 [pool-177-thread-1] INFO  server.RaftServerConfigKeys (ConfUtils.java:logGet(43)) - raft.server.log.appender.buffer.byte-limit = 33554432 (custom)
2019-09-25 12:10:40,586 [pool-177-thread-1] INFO  server.RaftServerConfigKeys (ConfUtils.java:logGet(43)) - raft.server.log.segment.size.max = 1048576 (custom)
2019-09-25 12:10:40,586 [pool-177-thread-1] INFO  server.RaftServerConfigKeys (ConfUtils.java:logGet(43)) - raft.server.log.segment.cache.num.max = 2 (custom)
2019-09-25 12:10:40,586 [pool-177-thread-1] INFO  segmented.SegmentedRaftLogWorker (SegmentedRaftLogWorker.java:<init>(172)) - new df786a85-25e2-42b5-b190-b73745044b82@group-620A6D52D7B5-SegmentedRaftLogWorker for RaftStorage:Storage Directory /workdir/hadoop-ozone/integration-test/target/test-dir/MiniOzoneClusterImpl-7d9c4453-492c-478b-a0e0-2871dbe18f6e/datanode-6/data/ratis/f4fbb72e-a318-47fe-85ba-620a6d52d7b5
2019-09-25 12:10:40,587 [pool-177-thread-1] INFO  server.RaftServerConfigKeys (ConfUtils.java:logGet(43)) - raft.server.log.queue.byte-limit = 2147483647 (custom)
2019-09-25 12:10:40,587 [pool-177-thread-1] INFO  server.RaftServerConfigKeys (ConfUtils.java:logGet(43)) - raft.server.log.queue.element-limit = 1024 (custom)
2019-09-25 12:10:40,587 [pool-177-thread-1] INFO  server.RaftServerConfigKeys (ConfUtils.java:logGet(43)) - raft.server.log.segment.size.max = 1048576 (custom)
2019-09-25 12:10:40,587 [pool-177-thread-1] INFO  server.RaftServerConfigKeys (ConfUtils.java:logGet(43)) - raft.server.log.preallocated.size = 16384 (custom)
2019-09-25 12:10:40,587 [pool-177-thread-1] INFO  server.RaftServerConfigKeys (ConfUtils.java:logGet(43)) - raft.server.log.write.buffer.size = 33554432 (custom)
2019-09-25 12:10:40,587 [pool-177-thread-1] INFO  server.RaftServerConfigKeys (ConfUtils.java:logGet(43)) - raft.server.log.force.sync.num = 128 (default)
2019-09-25 12:10:40,588 [pool-177-thread-1] INFO  server.RaftServerConfigKeys (ConfUtils.java:logGet(43)) - raft.server.log.statemachine.data.sync = true (default)
2019-09-25 12:10:40,588 [pool-177-thread-1] INFO  server.RaftServerConfigKeys (ConfUtils.java:logGet(43)) - raft.server.log.statemachine.data.sync.timeout = 10s (default)
2019-09-25 12:10:40,588 [pool-177-thread-1] INFO  server.RaftServerConfigKeys (ConfUtils.java:logGet(43)) - raft.server.log.statemachine.data.sync.timeout.retry = -1 (default)
2019-09-25 12:10:40,588 [pool-177-thread-1] INFO  server.RaftServerConfigKeys (ConfUtils.java:logGet(43)) - raft.server.log.statemachine.data.caching.enabled = true (custom)
2019-09-25 12:10:40,588 [pool-177-thread-1] INFO  segmented.SegmentedRaftLogWorker (SegmentedRaftLogWorker.java:lambda$new$0(132)) - df786a85-25e2-42b5-b190-b73745044b82@group-620A6D52D7B5-SegmentedRaftLogWorker: flushIndex: setUnconditionally 0 -> -1
2019-09-25 12:10:40,589 [pool-177-thread-1] INFO  server.RaftServerConfigKeys (ConfUtils.java:logGet(43)) - raft.server.snapshot.auto.trigger.enabled = true (custom)
2019-09-25 12:10:40,589 [pool-177-thread-1] INFO  server.RaftServerConfigKeys (ConfUtils.java:logGet(43)) - raft.server.snapshot.auto.trigger.threshold = 10000 (custom)
2019-09-25 12:10:40,589 [pool-177-thread-1] INFO  server.RaftServerConfigKeys (ConfUtils.java:logGet(43)) - raft.server.snapshot.retention.num.files = 5 (custom)
2019-09-25 12:10:40,589 [pool-177-thread-1] INFO  server.RaftServerConfigKeys (ConfUtils.java:logGet(43)) - raft.server.retrycache.expirytime = 600000ms (custom)
2019-09-25 12:10:40,591 [pool-177-thread-1] INFO  impl.RaftServerImpl (RaftServerImpl.java:start(185)) - df786a85-25e2-42b5-b190-b73745044b82@group-620A6D52D7B5: start as a follower, conf=-1: [df786a85-25e2-42b5-b190-b73745044b82:192.168.151.73:38744], old=null
2019-09-25 12:10:40,591 [pool-177-thread-1] INFO  impl.RaftServerImpl (RaftServerImpl.java:setRole(174)) - df786a85-25e2-42b5-b190-b73745044b82@group-620A6D52D7B5: changes role from      null to FOLLOWER at term 0 for startAsFollower
2019-09-25 12:10:40,592 [pool-177-thread-1] INFO  impl.RoleInfo (RoleInfo.java:updateAndGet(143)) - df786a85-25e2-42b5-b190-b73745044b82: start FollowerState
2019-09-25 12:10:40,592 [pool-177-thread-1] INFO  util.JmxRegister (JmxRegister.java:tryRegister(44)) - Successfully registered JMX Bean with object name Ratis:service=RaftServer,group=group-620A6D52D7B5,id=df786a85-25e2-42b5-b190-b73745044b82
2019-09-25 12:10:40,595 [RatisPipelineUtilsThread] INFO  pipeline.PipelineStateManager (PipelineStateManager.java:addPipeline(56)) - Created pipeline Pipeline[ Id: f4fbb72e-a318-47fe-85ba-620a6d52d7b5, Nodes: df786a85-25e2-42b5-b190-b73745044b82{ip: 192.168.151.73, host: pr-hdds-1569-shd4m-3693607622, networkLocation: /default-rack, certSerialId: null}, Type:RATIS, Factor:ONE, State:OPEN]
2019-09-25 12:10:40,596 [RatisPipelineUtilsThread] INFO  pipeline.PipelinePlacementPolicy (PipelinePlacementPolicy.java:meetCriteria(91)) - Pipeline Placement: can't place more pipeline on heavy datanode： ed9e8526-460d-4c85-81a4-c6a64f474ec5 Heaviness: 6 limit: 5
2019-09-25 12:10:40,596 [RatisPipelineUtilsThread] INFO  pipeline.PipelinePlacementPolicy (PipelinePlacementPolicy.java:meetCriteria(91)) - Pipeline Placement: can't place more pipeline on heavy datanode： c6fa9dcb-3f15-43b4-bafe-b7e2932cba65 Heaviness: 6 limit: 5
2019-09-25 12:10:40,596 [RatisPipelineUtilsThread] INFO  pipeline.PipelinePlacementPolicy (PipelinePlacementPolicy.java:meetCriteria(91)) - Pipeline Placement: can't place more pipeline on heavy datanode： 80deecc8-67d2-4886-a269-aab5f88a17c2 Heaviness: 6 limit: 5
2019-09-25 12:10:40,596 [RatisPipelineUtilsThread] INFO  pipeline.PipelinePlacementPolicy (PipelinePlacementPolicy.java:meetCriteria(91)) - Pipeline Placement: can't place more pipeline on heavy datanode： 672ef084-74ba-47a7-a215-7b0464967c29 Heaviness: 6 limit: 5
2019-09-25 12:10:40,596 [RatisPipelineUtilsThread] INFO  pipeline.PipelinePlacementPolicy (PipelinePlacementPolicy.java:meetCriteria(91)) - Pipeline Placement: can't place more pipeline on heavy datanode： b0d03c9b-af36-4ed0-8381-e873bbd9be0f Heaviness: 6 limit: 5
2019-09-25 12:10:40,596 [RatisPipelineUtilsThread] INFO  pipeline.PipelinePlacementPolicy (PipelinePlacementPolicy.java:meetCriteria(91)) - Pipeline Placement: can't place more pipeline on heavy datanode： df786a85-25e2-42b5-b190-b73745044b82 Heaviness: 6 limit: 5
2019-09-25 12:10:40,597 [RatisPipelineUtilsThread] INFO  pipeline.PipelinePlacementPolicy (PipelinePlacementPolicy.java:meetCriteria(91)) - Pipeline Placement: can't place more pipeline on heavy datanode： 06c06a68-4e48-447d-bb45-a3dc0e88cff1 Heaviness: 6 limit: 5
2019-09-25 12:10:40,597 [RatisPipelineUtilsThread] ERROR pipeline.PipelinePlacementPolicy (PipelinePlacementPolicy.java:filterViableNodes(148)) - Unable to find enough nodes that meet the criteria that cannot engage in more than 5 pipelines. Nodes required: 1 Found: 0, healthy nodes count inNodeManager: 7.
2019-09-25 12:10:40,597 [RatisPipelineUtilsThread] ERROR pipeline.SCMPipelineManager (SCMPipelineManager.java:createPipeline(167)) - Pipeline creation failed.
org.apache.hadoop.hdds.scm.exceptions.SCMException: Unable to find enough nodes that meet the criteria that cannot engage in more than 5 pipelines. Nodes required: 1 Found: 0, healthy nodes count inNodeManager: 7.
	at org.apache.hadoop.hdds.scm.pipeline.PipelinePlacementPolicy.filterViableNodes(PipelinePlacementPolicy.java:149)
	at org.apache.hadoop.hdds.scm.pipeline.PipelinePlacementPolicy.chooseDatanodes(PipelinePlacementPolicy.java:172)
	at org.apache.hadoop.hdds.scm.pipeline.RatisPipelineProvider.create(RatisPipelineProvider.java:93)
	at org.apache.hadoop.hdds.scm.pipeline.PipelineFactory.create(PipelineFactory.java:58)
	at org.apache.hadoop.hdds.scm.pipeline.SCMPipelineManager.createPipeline(SCMPipelineManager.java:155)
	at org.apache.hadoop.hdds.scm.pipeline.BackgroundPipelineCreator.createPipelines(BackgroundPipelineCreator.java:99)
	at java.util.concurrent.Executors$RunnableAdapter.call(Executors.java:511)
	at java.util.concurrent.FutureTask.run(FutureTask.java:266)
	at java.util.concurrent.ScheduledThreadPoolExecutor$ScheduledFutureTask.access$201(ScheduledThreadPoolExecutor.java:180)
	at java.util.concurrent.ScheduledThreadPoolExecutor$ScheduledFutureTask.run(ScheduledThreadPoolExecutor.java:293)
	at java.util.concurrent.ThreadPoolExecutor.runWorker(ThreadPoolExecutor.java:1149)
	at java.util.concurrent.ThreadPoolExecutor$Worker.run(ThreadPoolExecutor.java:624)
	at java.lang.Thread.run(Thread.java:748)
2019-09-25 12:10:40,597 [RatisPipelineUtilsThread] INFO  pipeline.PipelinePlacementPolicy (PipelinePlacementPolicy.java:meetCriteria(91)) - Pipeline Placement: can't place more pipeline on heavy datanode： ed9e8526-460d-4c85-81a4-c6a64f474ec5 Heaviness: 6 limit: 5
2019-09-25 12:10:40,597 [RatisPipelineUtilsThread] INFO  pipeline.PipelinePlacementPolicy (PipelinePlacementPolicy.java:meetCriteria(91)) - Pipeline Placement: can't place more pipeline on heavy datanode： c6fa9dcb-3f15-43b4-bafe-b7e2932cba65 Heaviness: 6 limit: 5
2019-09-25 12:10:40,598 [RatisPipelineUtilsThread] INFO  pipeline.PipelinePlacementPolicy (PipelinePlacementPolicy.java:meetCriteria(91)) - Pipeline Placement: can't place more pipeline on heavy datanode： 80deecc8-67d2-4886-a269-aab5f88a17c2 Heaviness: 6 limit: 5
2019-09-25 12:10:40,598 [RatisPipelineUtilsThread] INFO  pipeline.PipelinePlacementPolicy (PipelinePlacementPolicy.java:meetCriteria(91)) - Pipeline Placement: can't place more pipeline on heavy datanode： 672ef084-74ba-47a7-a215-7b0464967c29 Heaviness: 6 limit: 5
2019-09-25 12:10:40,598 [RatisPipelineUtilsThread] INFO  pipeline.PipelinePlacementPolicy (PipelinePlacementPolicy.java:meetCriteria(91)) - Pipeline Placement: can't place more pipeline on heavy datanode： b0d03c9b-af36-4ed0-8381-e873bbd9be0f Heaviness: 6 limit: 5
2019-09-25 12:10:40,598 [RatisPipelineUtilsThread] INFO  pipeline.PipelinePlacementPolicy (PipelinePlacementPolicy.java:meetCriteria(91)) - Pipeline Placement: can't place more pipeline on heavy datanode： df786a85-25e2-42b5-b190-b73745044b82 Heaviness: 6 limit: 5
2019-09-25 12:10:40,598 [RatisPipelineUtilsThread] INFO  pipeline.PipelinePlacementPolicy (PipelinePlacementPolicy.java:meetCriteria(91)) - Pipeline Placement: can't place more pipeline on heavy datanode： 06c06a68-4e48-447d-bb45-a3dc0e88cff1 Heaviness: 6 limit: 5
2019-09-25 12:10:40,598 [RatisPipelineUtilsThread] ERROR pipeline.PipelinePlacementPolicy (PipelinePlacementPolicy.java:filterViableNodes(148)) - Unable to find enough nodes that meet the criteria that cannot engage in more than 5 pipelines. Nodes required: 3 Found: 0, healthy nodes count inNodeManager: 7.
2019-09-25 12:10:40,598 [RatisPipelineUtilsThread] ERROR pipeline.SCMPipelineManager (SCMPipelineManager.java:createPipeline(167)) - Pipeline creation failed.
org.apache.hadoop.hdds.scm.exceptions.SCMException: Unable to find enough nodes that meet the criteria that cannot engage in more than 5 pipelines. Nodes required: 3 Found: 0, healthy nodes count inNodeManager: 7.
	at org.apache.hadoop.hdds.scm.pipeline.PipelinePlacementPolicy.filterViableNodes(PipelinePlacementPolicy.java:149)
	at org.apache.hadoop.hdds.scm.pipeline.PipelinePlacementPolicy.chooseDatanodes(PipelinePlacementPolicy.java:172)
	at org.apache.hadoop.hdds.scm.pipeline.RatisPipelineProvider.create(RatisPipelineProvider.java:93)
	at org.apache.hadoop.hdds.scm.pipeline.PipelineFactory.create(PipelineFactory.java:58)
	at org.apache.hadoop.hdds.scm.pipeline.SCMPipelineManager.createPipeline(SCMPipelineManager.java:155)
	at org.apache.hadoop.hdds.scm.pipeline.BackgroundPipelineCreator.createPipelines(BackgroundPipelineCreator.java:99)
	at java.util.concurrent.Executors$RunnableAdapter.call(Executors.java:511)
	at java.util.concurrent.FutureTask.run(FutureTask.java:266)
	at java.util.concurrent.ScheduledThreadPoolExecutor$ScheduledFutureTask.access$201(ScheduledThreadPoolExecutor.java:180)
	at java.util.concurrent.ScheduledThreadPoolExecutor$ScheduledFutureTask.run(ScheduledThreadPoolExecutor.java:293)
	at java.util.concurrent.ThreadPoolExecutor.runWorker(ThreadPoolExecutor.java:1149)
	at java.util.concurrent.ThreadPoolExecutor$Worker.run(ThreadPoolExecutor.java:624)
	at java.lang.Thread.run(Thread.java:748)
2019-09-25 12:10:40,599 [RatisPipelineUtilsThread] INFO  pipeline.PipelinePlacementPolicy (PipelinePlacementPolicy.java:meetCriteria(91)) - Pipeline Placement: can't place more pipeline on heavy datanode： ed9e8526-460d-4c85-81a4-c6a64f474ec5 Heaviness: 6 limit: 5
2019-09-25 12:10:40,599 [RatisPipelineUtilsThread] INFO  pipeline.PipelinePlacementPolicy (PipelinePlacementPolicy.java:meetCriteria(91)) - Pipeline Placement: can't place more pipeline on heavy datanode： c6fa9dcb-3f15-43b4-bafe-b7e2932cba65 Heaviness: 6 limit: 5
2019-09-25 12:10:40,599 [RatisPipelineUtilsThread] INFO  pipeline.PipelinePlacementPolicy (PipelinePlacementPolicy.java:meetCriteria(91)) - Pipeline Placement: can't place more pipeline on heavy datanode： 80deecc8-67d2-4886-a269-aab5f88a17c2 Heaviness: 6 limit: 5
2019-09-25 12:10:40,599 [RatisPipelineUtilsThread] INFO  pipeline.PipelinePlacementPolicy (PipelinePlacementPolicy.java:meetCriteria(91)) - Pipeline Placement: can't place more pipeline on heavy datanode： 672ef084-74ba-47a7-a215-7b0464967c29 Heaviness: 6 limit: 5
2019-09-25 12:10:40,599 [RatisPipelineUtilsThread] INFO  pipeline.PipelinePlacementPolicy (PipelinePlacementPolicy.java:meetCriteria(91)) - Pipeline Placement: can't place more pipeline on heavy datanode： b0d03c9b-af36-4ed0-8381-e873bbd9be0f Heaviness: 6 limit: 5
2019-09-25 12:10:40,599 [RatisPipelineUtilsThread] INFO  pipeline.PipelinePlacementPolicy (PipelinePlacementPolicy.java:meetCriteria(91)) - Pipeline Placement: can't place more pipeline on heavy datanode： df786a85-25e2-42b5-b190-b73745044b82 Heaviness: 6 limit: 5
2019-09-25 12:10:40,599 [RatisPipelineUtilsThread] INFO  pipeline.PipelinePlacementPolicy (PipelinePlacementPolicy.java:meetCriteria(91)) - Pipeline Placement: can't place more pipeline on heavy datanode： 06c06a68-4e48-447d-bb45-a3dc0e88cff1 Heaviness: 6 limit: 5
2019-09-25 12:10:40,599 [RatisPipelineUtilsThread] ERROR pipeline.PipelinePlacementPolicy (PipelinePlacementPolicy.java:filterViableNodes(148)) - Unable to find enough nodes that meet the criteria that cannot engage in more than 5 pipelines. Nodes required: 1 Found: 0, healthy nodes count inNodeManager: 7.
2019-09-25 12:10:40,600 [RatisPipelineUtilsThread] ERROR pipeline.SCMPipelineManager (SCMPipelineManager.java:createPipeline(167)) - Pipeline creation failed.
org.apache.hadoop.hdds.scm.exceptions.SCMException: Unable to find enough nodes that meet the criteria that cannot engage in more than 5 pipelines. Nodes required: 1 Found: 0, healthy nodes count inNodeManager: 7.
	at org.apache.hadoop.hdds.scm.pipeline.PipelinePlacementPolicy.filterViableNodes(PipelinePlacementPolicy.java:149)
	at org.apache.hadoop.hdds.scm.pipeline.PipelinePlacementPolicy.chooseDatanodes(PipelinePlacementPolicy.java:172)
	at org.apache.hadoop.hdds.scm.pipeline.RatisPipelineProvider.create(RatisPipelineProvider.java:93)
	at org.apache.hadoop.hdds.scm.pipeline.PipelineFactory.create(PipelineFactory.java:58)
	at org.apache.hadoop.hdds.scm.pipeline.SCMPipelineManager.createPipeline(SCMPipelineManager.java:155)
	at org.apache.hadoop.hdds.scm.pipeline.BackgroundPipelineCreator.createPipelines(BackgroundPipelineCreator.java:99)
	at org.apache.hadoop.hdds.scm.pipeline.BackgroundPipelineCreator.lambda$startFixedIntervalPipelineCreator$0(BackgroundPipelineCreator.java:70)
	at java.util.concurrent.Executors$RunnableAdapter.call(Executors.java:511)
	at java.util.concurrent.FutureTask.runAndReset(FutureTask.java:308)
	at java.util.concurrent.ScheduledThreadPoolExecutor$ScheduledFutureTask.access$301(ScheduledThreadPoolExecutor.java:180)
	at java.util.concurrent.ScheduledThreadPoolExecutor$ScheduledFutureTask.run(ScheduledThreadPoolExecutor.java:294)
	at java.util.concurrent.ThreadPoolExecutor.runWorker(ThreadPoolExecutor.java:1149)
	at java.util.concurrent.ThreadPoolExecutor$Worker.run(ThreadPoolExecutor.java:624)
	at java.lang.Thread.run(Thread.java:748)
2019-09-25 12:10:40,600 [RatisPipelineUtilsThread] INFO  pipeline.PipelinePlacementPolicy (PipelinePlacementPolicy.java:meetCriteria(91)) - Pipeline Placement: can't place more pipeline on heavy datanode： ed9e8526-460d-4c85-81a4-c6a64f474ec5 Heaviness: 6 limit: 5
2019-09-25 12:10:40,600 [RatisPipelineUtilsThread] INFO  pipeline.PipelinePlacementPolicy (PipelinePlacementPolicy.java:meetCriteria(91)) - Pipeline Placement: can't place more pipeline on heavy datanode： c6fa9dcb-3f15-43b4-bafe-b7e2932cba65 Heaviness: 6 limit: 5
2019-09-25 12:10:40,600 [RatisPipelineUtilsThread] INFO  pipeline.PipelinePlacementPolicy (PipelinePlacementPolicy.java:meetCriteria(91)) - Pipeline Placement: can't place more pipeline on heavy datanode： 80deecc8-67d2-4886-a269-aab5f88a17c2 Heaviness: 6 limit: 5
2019-09-25 12:10:40,600 [RatisPipelineUtilsThread] INFO  pipeline.PipelinePlacementPolicy (PipelinePlacementPolicy.java:meetCriteria(91)) - Pipeline Placement: can't place more pipeline on heavy datanode： 672ef084-74ba-47a7-a215-7b0464967c29 Heaviness: 6 limit: 5
2019-09-25 12:10:40,600 [RatisPipelineUtilsThread] INFO  pipeline.PipelinePlacementPolicy (PipelinePlacementPolicy.java:meetCriteria(91)) - Pipeline Placement: can't place more pipeline on heavy datanode： b0d03c9b-af36-4ed0-8381-e873bbd9be0f Heaviness: 6 limit: 5
2019-09-25 12:10:40,601 [RatisPipelineUtilsThread] INFO  pipeline.PipelinePlacementPolicy (PipelinePlacementPolicy.java:meetCriteria(91)) - Pipeline Placement: can't place more pipeline on heavy datanode： df786a85-25e2-42b5-b190-b73745044b82 Heaviness: 6 limit: 5
2019-09-25 12:10:40,601 [RatisPipelineUtilsThread] INFO  pipeline.PipelinePlacementPolicy (PipelinePlacementPolicy.java:meetCriteria(91)) - Pipeline Placement: can't place more pipeline on heavy datanode： 06c06a68-4e48-447d-bb45-a3dc0e88cff1 Heaviness: 6 limit: 5
2019-09-25 12:10:40,601 [RatisPipelineUtilsThread] ERROR pipeline.PipelinePlacementPolicy (PipelinePlacementPolicy.java:filterViableNodes(148)) - Unable to find enough nodes that meet the criteria that cannot engage in more than 5 pipelines. Nodes required: 3 Found: 0, healthy nodes count inNodeManager: 7.
2019-09-25 12:10:40,601 [RatisPipelineUtilsThread] ERROR pipeline.SCMPipelineManager (SCMPipelineManager.java:createPipeline(167)) - Pipeline creation failed.
org.apache.hadoop.hdds.scm.exceptions.SCMException: Unable to find enough nodes that meet the criteria that cannot engage in more than 5 pipelines. Nodes required: 3 Found: 0, healthy nodes count inNodeManager: 7.
	at org.apache.hadoop.hdds.scm.pipeline.PipelinePlacementPolicy.filterViableNodes(PipelinePlacementPolicy.java:149)
	at org.apache.hadoop.hdds.scm.pipeline.PipelinePlacementPolicy.chooseDatanodes(PipelinePlacementPolicy.java:172)
	at org.apache.hadoop.hdds.scm.pipeline.RatisPipelineProvider.create(RatisPipelineProvider.java:93)
	at org.apache.hadoop.hdds.scm.pipeline.PipelineFactory.create(PipelineFactory.java:58)
	at org.apache.hadoop.hdds.scm.pipeline.SCMPipelineManager.createPipeline(SCMPipelineManager.java:155)
	at org.apache.hadoop.hdds.scm.pipeline.BackgroundPipelineCreator.createPipelines(BackgroundPipelineCreator.java:99)
	at org.apache.hadoop.hdds.scm.pipeline.BackgroundPipelineCreator.lambda$startFixedIntervalPipelineCreator$0(BackgroundPipelineCreator.java:70)
	at java.util.concurrent.Executors$RunnableAdapter.call(Executors.java:511)
	at java.util.concurrent.FutureTask.runAndReset(FutureTask.java:308)
	at java.util.concurrent.ScheduledThreadPoolExecutor$ScheduledFutureTask.access$301(ScheduledThreadPoolExecutor.java:180)
	at java.util.concurrent.ScheduledThreadPoolExecutor$ScheduledFutureTask.run(ScheduledThreadPoolExecutor.java:294)
	at java.util.concurrent.ThreadPoolExecutor.runWorker(ThreadPoolExecutor.java:1149)
	at java.util.concurrent.ThreadPoolExecutor$Worker.run(ThreadPoolExecutor.java:624)
	at java.lang.Thread.run(Thread.java:748)
2019-09-25 12:10:40,601 [IPC Server handler 1 on 38975] INFO  pipeline.PipelinePlacementPolicy (PipelinePlacementPolicy.java:meetCriteria(91)) - Pipeline Placement: can't place more pipeline on heavy datanode： ed9e8526-460d-4c85-81a4-c6a64f474ec5 Heaviness: 6 limit: 5
2019-09-25 12:10:40,602 [IPC Server handler 1 on 38975] INFO  pipeline.PipelinePlacementPolicy (PipelinePlacementPolicy.java:meetCriteria(91)) - Pipeline Placement: can't place more pipeline on heavy datanode： c6fa9dcb-3f15-43b4-bafe-b7e2932cba65 Heaviness: 6 limit: 5
2019-09-25 12:10:40,602 [IPC Server handler 1 on 38975] INFO  pipeline.PipelinePlacementPolicy (PipelinePlacementPolicy.java:meetCriteria(91)) - Pipeline Placement: can't place more pipeline on heavy datanode： 80deecc8-67d2-4886-a269-aab5f88a17c2 Heaviness: 6 limit: 5
2019-09-25 12:10:40,602 [IPC Server handler 1 on 38975] INFO  pipeline.PipelinePlacementPolicy (PipelinePlacementPolicy.java:meetCriteria(91)) - Pipeline Placement: can't place more pipeline on heavy datanode： 672ef084-74ba-47a7-a215-7b0464967c29 Heaviness: 6 limit: 5
2019-09-25 12:10:40,602 [IPC Server handler 1 on 38975] INFO  pipeline.PipelinePlacementPolicy (PipelinePlacementPolicy.java:meetCriteria(91)) - Pipeline Placement: can't place more pipeline on heavy datanode： b0d03c9b-af36-4ed0-8381-e873bbd9be0f Heaviness: 6 limit: 5
2019-09-25 12:10:40,603 [IPC Server handler 1 on 38975] INFO  pipeline.PipelinePlacementPolicy (PipelinePlacementPolicy.java:meetCriteria(91)) - Pipeline Placement: can't place more pipeline on heavy datanode： df786a85-25e2-42b5-b190-b73745044b82 Heaviness: 6 limit: 5
2019-09-25 12:10:40,603 [IPC Server handler 1 on 38975] INFO  pipeline.PipelinePlacementPolicy (PipelinePlacementPolicy.java:meetCriteria(91)) - Pipeline Placement: can't place more pipeline on heavy datanode： 06c06a68-4e48-447d-bb45-a3dc0e88cff1 Heaviness: 6 limit: 5
2019-09-25 12:10:40,603 [IPC Server handler 1 on 38975] ERROR pipeline.PipelinePlacementPolicy (PipelinePlacementPolicy.java:filterViableNodes(148)) - Unable to find enough nodes that meet the criteria that cannot engage in more than 5 pipelines. Nodes required: 3 Found: 0, healthy nodes count inNodeManager: 7.
2019-09-25 12:10:40,603 [IPC Server handler 1 on 38975] ERROR pipeline.SCMPipelineManager (SCMPipelineManager.java:createPipeline(167)) - Pipeline creation failed.
org.apache.hadoop.hdds.scm.exceptions.SCMException: Unable to find enough nodes that meet the criteria that cannot engage in more than 5 pipelines. Nodes required: 3 Found: 0, healthy nodes count inNodeManager: 7.
	at org.apache.hadoop.hdds.scm.pipeline.PipelinePlacementPolicy.filterViableNodes(PipelinePlacementPolicy.java:149)
	at org.apache.hadoop.hdds.scm.pipeline.PipelinePlacementPolicy.chooseDatanodes(PipelinePlacementPolicy.java:172)
	at org.apache.hadoop.hdds.scm.pipeline.RatisPipelineProvider.create(RatisPipelineProvider.java:93)
	at org.apache.hadoop.hdds.scm.pipeline.PipelineFactory.create(PipelineFactory.java:58)
	at org.apache.hadoop.hdds.scm.pipeline.SCMPipelineManager.createPipeline(SCMPipelineManager.java:155)
	at org.apache.hadoop.hdds.scm.block.BlockManagerImpl.allocateBlock(BlockManagerImpl.java:190)
	at org.apache.hadoop.hdds.scm.server.SCMBlockProtocolServer.allocateBlock(SCMBlockProtocolServer.java:182)
	at org.apache.hadoop.ozone.protocolPB.ScmBlockLocationProtocolServerSideTranslatorPB.allocateScmBlock(ScmBlockLocationProtocolServerSideTranslatorPB.java:183)
	at org.apache.hadoop.ozone.protocolPB.ScmBlockLocationProtocolServerSideTranslatorPB.processMessage(ScmBlockLocationProtocolServerSideTranslatorPB.java:141)
	at org.apache.hadoop.ozone.protocolPB.ScmBlockLocationProtocolServerSideTranslatorPB.send(ScmBlockLocationProtocolServerSideTranslatorPB.java:116)
	at org.apache.hadoop.hdds.protocol.proto.ScmBlockLocationProtocolProtos$ScmBlockLocationProtocolService$2.callBlockingMethod(ScmBlockLocationProtocolProtos.java:13157)
	at org.apache.hadoop.ipc.ProtobufRpcEngine$Server$ProtoBufRpcInvoker.call(ProtobufRpcEngine.java:524)
	at org.apache.hadoop.ipc.RPC$Server.call(RPC.java:1025)
	at org.apache.hadoop.ipc.Server$RpcCall.run(Server.java:876)
	at org.apache.hadoop.ipc.Server$RpcCall.run(Server.java:822)
	at java.security.AccessController.doPrivileged(Native Method)
	at javax.security.auth.Subject.doAs(Subject.java:422)
	at org.apache.hadoop.security.UserGroupInformation.doAs(UserGroupInformation.java:1730)
	at org.apache.hadoop.ipc.Server$Handler.run(Server.java:2682)
2019-09-25 12:10:40,604 [IPC Server handler 1 on 38975] WARN  block.BlockManagerImpl (BlockManagerImpl.java:allocateBlock(192)) - Pipeline creation failed for type:RATIS factor:THREE. Retrying get pipelines call once.
org.apache.hadoop.hdds.scm.exceptions.SCMException: Unable to find enough nodes that meet the criteria that cannot engage in more than 5 pipelines. Nodes required: 3 Found: 0, healthy nodes count inNodeManager: 7.
	at org.apache.hadoop.hdds.scm.pipeline.PipelinePlacementPolicy.filterViableNodes(PipelinePlacementPolicy.java:149)
	at org.apache.hadoop.hdds.scm.pipeline.PipelinePlacementPolicy.chooseDatanodes(PipelinePlacementPolicy.java:172)
	at org.apache.hadoop.hdds.scm.pipeline.RatisPipelineProvider.create(RatisPipelineProvider.java:93)
	at org.apache.hadoop.hdds.scm.pipeline.PipelineFactory.create(PipelineFactory.java:58)
	at org.apache.hadoop.hdds.scm.pipeline.SCMPipelineManager.createPipeline(SCMPipelineManager.java:155)
	at org.apache.hadoop.hdds.scm.block.BlockManagerImpl.allocateBlock(BlockManagerImpl.java:190)
	at org.apache.hadoop.hdds.scm.server.SCMBlockProtocolServer.allocateBlock(SCMBlockProtocolServer.java:182)
	at org.apache.hadoop.ozone.protocolPB.ScmBlockLocationProtocolServerSideTranslatorPB.allocateScmBlock(ScmBlockLocationProtocolServerSideTranslatorPB.java:183)
	at org.apache.hadoop.ozone.protocolPB.ScmBlockLocationProtocolServerSideTranslatorPB.processMessage(ScmBlockLocationProtocolServerSideTranslatorPB.java:141)
	at org.apache.hadoop.ozone.protocolPB.ScmBlockLocationProtocolServerSideTranslatorPB.send(ScmBlockLocationProtocolServerSideTranslatorPB.java:116)
	at org.apache.hadoop.hdds.protocol.proto.ScmBlockLocationProtocolProtos$ScmBlockLocationProtocolService$2.callBlockingMethod(ScmBlockLocationProtocolProtos.java:13157)
	at org.apache.hadoop.ipc.ProtobufRpcEngine$Server$ProtoBufRpcInvoker.call(ProtobufRpcEngine.java:524)
	at org.apache.hadoop.ipc.RPC$Server.call(RPC.java:1025)
	at org.apache.hadoop.ipc.Server$RpcCall.run(Server.java:876)
	at org.apache.hadoop.ipc.Server$RpcCall.run(Server.java:822)
	at java.security.AccessController.doPrivileged(Native Method)
	at javax.security.auth.Subject.doAs(Subject.java:422)
	at org.apache.hadoop.security.UserGroupInformation.doAs(UserGroupInformation.java:1730)
	at org.apache.hadoop.ipc.Server$Handler.run(Server.java:2682)
2019-09-25 12:10:40,604 [IPC Server handler 1 on 38975] INFO  block.BlockManagerImpl (BlockManagerImpl.java:allocateBlock(198)) - Could not find available pipeline of type:RATIS and factor:THREE even after retrying
2019-09-25 12:10:40,605 [IPC Server handler 1 on 38975] ERROR block.BlockManagerImpl (BlockManagerImpl.java:allocateBlock(222)) - Unable to allocate a block for the size: 800, type: RATIS, factor: THREE
2019-09-25 12:10:40,605 [IPC Server handler 1 on 38975] INFO  pipeline.PipelinePlacementPolicy (PipelinePlacementPolicy.java:meetCriteria(91)) - Pipeline Placement: can't place more pipeline on heavy datanode： ed9e8526-460d-4c85-81a4-c6a64f474ec5 Heaviness: 6 limit: 5
2019-09-25 12:10:40,605 [IPC Server handler 1 on 38975] INFO  pipeline.PipelinePlacementPolicy (PipelinePlacementPolicy.java:meetCriteria(91)) - Pipeline Placement: can't place more pipeline on heavy datanode： c6fa9dcb-3f15-43b4-bafe-b7e2932cba65 Heaviness: 6 limit: 5
2019-09-25 12:10:40,605 [IPC Server handler 1 on 38975] INFO  pipeline.PipelinePlacementPolicy (PipelinePlacementPolicy.java:meetCriteria(91)) - Pipeline Placement: can't place more pipeline on heavy datanode： 80deecc8-67d2-4886-a269-aab5f88a17c2 Heaviness: 6 limit: 5
2019-09-25 12:10:40,605 [IPC Server handler 1 on 38975] INFO  pipeline.PipelinePlacementPolicy (PipelinePlacementPolicy.java:meetCriteria(91)) - Pipeline Placement: can't place more pipeline on heavy datanode： 672ef084-74ba-47a7-a215-7b0464967c29 Heaviness: 6 limit: 5
2019-09-25 12:10:40,606 [IPC Server handler 1 on 38975] INFO  pipeline.PipelinePlacementPolicy (PipelinePlacementPolicy.java:meetCriteria(91)) - Pipeline Placement: can't place more pipeline on heavy datanode： b0d03c9b-af36-4ed0-8381-e873bbd9be0f Heaviness: 6 limit: 5
2019-09-25 12:10:40,606 [IPC Server handler 1 on 38975] INFO  pipeline.PipelinePlacementPolicy (PipelinePlacementPolicy.java:meetCriteria(91)) - Pipeline Placement: can't place more pipeline on heavy datanode： df786a85-25e2-42b5-b190-b73745044b82 Heaviness: 6 limit: 5
2019-09-25 12:10:40,606 [IPC Server handler 1 on 38975] INFO  pipeline.PipelinePlacementPolicy (PipelinePlacementPolicy.java:meetCriteria(91)) - Pipeline Placement: can't place more pipeline on heavy datanode： 06c06a68-4e48-447d-bb45-a3dc0e88cff1 Heaviness: 6 limit: 5
2019-09-25 12:10:40,606 [IPC Server handler 1 on 38975] ERROR pipeline.PipelinePlacementPolicy (PipelinePlacementPolicy.java:filterViableNodes(148)) - Unable to find enough nodes that meet the criteria that cannot engage in more than 5 pipelines. Nodes required: 3 Found: 0, healthy nodes count inNodeManager: 7.
2019-09-25 12:10:40,606 [IPC Server handler 1 on 38975] ERROR pipeline.SCMPipelineManager (SCMPipelineManager.java:createPipeline(167)) - Pipeline creation failed.
org.apache.hadoop.hdds.scm.exceptions.SCMException: Unable to find enough nodes that meet the criteria that cannot engage in more than 5 pipelines. Nodes required: 3 Found: 0, healthy nodes count inNodeManager: 7.
	at org.apache.hadoop.hdds.scm.pipeline.PipelinePlacementPolicy.filterViableNodes(PipelinePlacementPolicy.java:149)
	at org.apache.hadoop.hdds.scm.pipeline.PipelinePlacementPolicy.chooseDatanodes(PipelinePlacementPolicy.java:172)
	at org.apache.hadoop.hdds.scm.pipeline.RatisPipelineProvider.create(RatisPipelineProvider.java:93)
	at org.apache.hadoop.hdds.scm.pipeline.PipelineFactory.create(PipelineFactory.java:58)
	at org.apache.hadoop.hdds.scm.pipeline.SCMPipelineManager.createPipeline(SCMPipelineManager.java:155)
	at org.apache.hadoop.hdds.scm.block.BlockManagerImpl.allocateBlock(BlockManagerImpl.java:190)
	at org.apache.hadoop.hdds.scm.server.SCMBlockProtocolServer.allocateBlock(SCMBlockProtocolServer.java:182)
	at org.apache.hadoop.ozone.protocolPB.ScmBlockLocationProtocolServerSideTranslatorPB.allocateScmBlock(ScmBlockLocationProtocolServerSideTranslatorPB.java:183)
	at org.apache.hadoop.ozone.protocolPB.ScmBlockLocationProtocolServerSideTranslatorPB.processMessage(ScmBlockLocationProtocolServerSideTranslatorPB.java:141)
	at org.apache.hadoop.ozone.protocolPB.ScmBlockLocationProtocolServerSideTranslatorPB.send(ScmBlockLocationProtocolServerSideTranslatorPB.java:116)
	at org.apache.hadoop.hdds.protocol.proto.ScmBlockLocationProtocolProtos$ScmBlockLocationProtocolService$2.callBlockingMethod(ScmBlockLocationProtocolProtos.java:13157)
	at org.apache.hadoop.ipc.ProtobufRpcEngine$Server$ProtoBufRpcInvoker.call(ProtobufRpcEngine.java:524)
	at org.apache.hadoop.ipc.RPC$Server.call(RPC.java:1025)
	at org.apache.hadoop.ipc.Server$RpcCall.run(Server.java:876)
	at org.apache.hadoop.ipc.Server$RpcCall.run(Server.java:822)
	at java.security.AccessController.doPrivileged(Native Method)
	at javax.security.auth.Subject.doAs(Subject.java:422)
	at org.apache.hadoop.security.UserGroupInformation.doAs(UserGroupInformation.java:1730)
	at org.apache.hadoop.ipc.Server$Handler.run(Server.java:2682)
2019-09-25 12:10:40,607 [IPC Server handler 1 on 38975] WARN  block.BlockManagerImpl (BlockManagerImpl.java:allocateBlock(192)) - Pipeline creation failed for type:RATIS factor:THREE. Retrying get pipelines call once.
org.apache.hadoop.hdds.scm.exceptions.SCMException: Unable to find enough nodes that meet the criteria that cannot engage in more than 5 pipelines. Nodes required: 3 Found: 0, healthy nodes count inNodeManager: 7.
	at org.apache.hadoop.hdds.scm.pipeline.PipelinePlacementPolicy.filterViableNodes(PipelinePlacementPolicy.java:149)
	at org.apache.hadoop.hdds.scm.pipeline.PipelinePlacementPolicy.chooseDatanodes(PipelinePlacementPolicy.java:172)
	at org.apache.hadoop.hdds.scm.pipeline.RatisPipelineProvider.create(RatisPipelineProvider.java:93)
	at org.apache.hadoop.hdds.scm.pipeline.PipelineFactory.create(PipelineFactory.java:58)
	at org.apache.hadoop.hdds.scm.pipeline.SCMPipelineManager.createPipeline(SCMPipelineManager.java:155)
	at org.apache.hadoop.hdds.scm.block.BlockManagerImpl.allocateBlock(BlockManagerImpl.java:190)
	at org.apache.hadoop.hdds.scm.server.SCMBlockProtocolServer.allocateBlock(SCMBlockProtocolServer.java:182)
	at org.apache.hadoop.ozone.protocolPB.ScmBlockLocationProtocolServerSideTranslatorPB.allocateScmBlock(ScmBlockLocationProtocolServerSideTranslatorPB.java:183)
	at org.apache.hadoop.ozone.protocolPB.ScmBlockLocationProtocolServerSideTranslatorPB.processMessage(ScmBlockLocationProtocolServerSideTranslatorPB.java:141)
	at org.apache.hadoop.ozone.protocolPB.ScmBlockLocationProtocolServerSideTranslatorPB.send(ScmBlockLocationProtocolServerSideTranslatorPB.java:116)
	at org.apache.hadoop.hdds.protocol.proto.ScmBlockLocationProtocolProtos$ScmBlockLocationProtocolService$2.callBlockingMethod(ScmBlockLocationProtocolProtos.java:13157)
	at org.apache.hadoop.ipc.ProtobufRpcEngine$Server$ProtoBufRpcInvoker.call(ProtobufRpcEngine.java:524)
	at org.apache.hadoop.ipc.RPC$Server.call(RPC.java:1025)
	at org.apache.hadoop.ipc.Server$RpcCall.run(Server.java:876)
	at org.apache.hadoop.ipc.Server$RpcCall.run(Server.java:822)
	at java.security.AccessController.doPrivileged(Native Method)
	at javax.security.auth.Subject.doAs(Subject.java:422)
	at org.apache.hadoop.security.UserGroupInformation.doAs(UserGroupInformation.java:1730)
	at org.apache.hadoop.ipc.Server$Handler.run(Server.java:2682)
2019-09-25 12:10:40,608 [IPC Server handler 1 on 38975] INFO  block.BlockManagerImpl (BlockManagerImpl.java:allocateBlock(198)) - Could not find available pipeline of type:RATIS and factor:THREE even after retrying
2019-09-25 12:10:40,608 [IPC Server handler 1 on 38975] ERROR block.BlockManagerImpl (BlockManagerImpl.java:allocateBlock(222)) - Unable to allocate a block for the size: 800, type: RATIS, factor: THREE
2019-09-25 12:10:40,608 [IPC Server handler 1 on 38975] INFO  pipeline.PipelinePlacementPolicy (PipelinePlacementPolicy.java:meetCriteria(91)) - Pipeline Placement: can't place more pipeline on heavy datanode： ed9e8526-460d-4c85-81a4-c6a64f474ec5 Heaviness: 6 limit: 5
2019-09-25 12:10:40,608 [IPC Server handler 1 on 38975] INFO  pipeline.PipelinePlacementPolicy (PipelinePlacementPolicy.java:meetCriteria(91)) - Pipeline Placement: can't place more pipeline on heavy datanode： c6fa9dcb-3f15-43b4-bafe-b7e2932cba65 Heaviness: 6 limit: 5
2019-09-25 12:10:40,609 [IPC Server handler 1 on 38975] INFO  pipeline.PipelinePlacementPolicy (PipelinePlacementPolicy.java:meetCriteria(91)) - Pipeline Placement: can't place more pipeline on heavy datanode： 80deecc8-67d2-4886-a269-aab5f88a17c2 Heaviness: 6 limit: 5
2019-09-25 12:10:40,609 [IPC Server handler 1 on 38975] INFO  pipeline.PipelinePlacementPolicy (PipelinePlacementPolicy.java:meetCriteria(91)) - Pipeline Placement: can't place more pipeline on heavy datanode： 672ef084-74ba-47a7-a215-7b0464967c29 Heaviness: 6 limit: 5
2019-09-25 12:10:40,609 [IPC Server handler 1 on 38975] INFO  pipeline.PipelinePlacementPolicy (PipelinePlacementPolicy.java:meetCriteria(91)) - Pipeline Placement: can't place more pipeline on heavy datanode： b0d03c9b-af36-4ed0-8381-e873bbd9be0f Heaviness: 6 limit: 5
2019-09-25 12:10:40,609 [IPC Server handler 1 on 38975] INFO  pipeline.PipelinePlacementPolicy (PipelinePlacementPolicy.java:meetCriteria(91)) - Pipeline Placement: can't place more pipeline on heavy datanode： df786a85-25e2-42b5-b190-b73745044b82 Heaviness: 6 limit: 5
2019-09-25 12:10:40,609 [IPC Server handler 1 on 38975] INFO  pipeline.PipelinePlacementPolicy (PipelinePlacementPolicy.java:meetCriteria(91)) - Pipeline Placement: can't place more pipeline on heavy datanode： 06c06a68-4e48-447d-bb45-a3dc0e88cff1 Heaviness: 6 limit: 5
2019-09-25 12:10:40,610 [IPC Server handler 1 on 38975] ERROR pipeline.PipelinePlacementPolicy (PipelinePlacementPolicy.java:filterViableNodes(148)) - Unable to find enough nodes that meet the criteria that cannot engage in more than 5 pipelines. Nodes required: 3 Found: 0, healthy nodes count inNodeManager: 7.
2019-09-25 12:10:40,610 [IPC Server handler 1 on 38975] ERROR pipeline.SCMPipelineManager (SCMPipelineManager.java:createPipeline(167)) - Pipeline creation failed.
org.apache.hadoop.hdds.scm.exceptions.SCMException: Unable to find enough nodes that meet the criteria that cannot engage in more than 5 pipelines. Nodes required: 3 Found: 0, healthy nodes count inNodeManager: 7.
	at org.apache.hadoop.hdds.scm.pipeline.PipelinePlacementPolicy.filterViableNodes(PipelinePlacementPolicy.java:149)
	at org.apache.hadoop.hdds.scm.pipeline.PipelinePlacementPolicy.chooseDatanodes(PipelinePlacementPolicy.java:172)
	at org.apache.hadoop.hdds.scm.pipeline.RatisPipelineProvider.create(RatisPipelineProvider.java:93)
	at org.apache.hadoop.hdds.scm.pipeline.PipelineFactory.create(PipelineFactory.java:58)
	at org.apache.hadoop.hdds.scm.pipeline.SCMPipelineManager.createPipeline(SCMPipelineManager.java:155)
	at org.apache.hadoop.hdds.scm.block.BlockManagerImpl.allocateBlock(BlockManagerImpl.java:190)
	at org.apache.hadoop.hdds.scm.server.SCMBlockProtocolServer.allocateBlock(SCMBlockProtocolServer.java:182)
	at org.apache.hadoop.ozone.protocolPB.ScmBlockLocationProtocolServerSideTranslatorPB.allocateScmBlock(ScmBlockLocationProtocolServerSideTranslatorPB.java:183)
	at org.apache.hadoop.ozone.protocolPB.ScmBlockLocationProtocolServerSideTranslatorPB.processMessage(ScmBlockLocationProtocolServerSideTranslatorPB.java:141)
	at org.apache.hadoop.ozone.protocolPB.ScmBlockLocationProtocolServerSideTranslatorPB.send(ScmBlockLocationProtocolServerSideTranslatorPB.java:116)
	at org.apache.hadoop.hdds.protocol.proto.ScmBlockLocationProtocolProtos$ScmBlockLocationProtocolService$2.callBlockingMethod(ScmBlockLocationProtocolProtos.java:13157)
	at org.apache.hadoop.ipc.ProtobufRpcEngine$Server$ProtoBufRpcInvoker.call(ProtobufRpcEngine.java:524)
	at org.apache.hadoop.ipc.RPC$Server.call(RPC.java:1025)
	at org.apache.hadoop.ipc.Server$RpcCall.run(Server.java:876)
	at org.apache.hadoop.ipc.Server$RpcCall.run(Server.java:822)
	at java.security.AccessController.doPrivileged(Native Method)
	at javax.security.auth.Subject.doAs(Subject.java:422)
	at org.apache.hadoop.security.UserGroupInformation.doAs(UserGroupInformation.java:1730)
	at org.apache.hadoop.ipc.Server$Handler.run(Server.java:2682)
2019-09-25 12:10:40,610 [IPC Server handler 1 on 38975] WARN  block.BlockManagerImpl (BlockManagerImpl.java:allocateBlock(192)) - Pipeline creation failed for type:RATIS factor:THREE. Retrying get pipelines call once.
org.apache.hadoop.hdds.scm.exceptions.SCMException: Unable to find enough nodes that meet the criteria that cannot engage in more than 5 pipelines. Nodes required: 3 Found: 0, healthy nodes count inNodeManager: 7.
	at org.apache.hadoop.hdds.scm.pipeline.PipelinePlacementPolicy.filterViableNodes(PipelinePlacementPolicy.java:149)
	at org.apache.hadoop.hdds.scm.pipeline.PipelinePlacementPolicy.chooseDatanodes(PipelinePlacementPolicy.java:172)
	at org.apache.hadoop.hdds.scm.pipeline.RatisPipelineProvider.create(RatisPipelineProvider.java:93)
	at org.apache.hadoop.hdds.scm.pipeline.PipelineFactory.create(PipelineFactory.java:58)
	at org.apache.hadoop.hdds.scm.pipeline.SCMPipelineManager.createPipeline(SCMPipelineManager.java:155)
	at org.apache.hadoop.hdds.scm.block.BlockManagerImpl.allocateBlock(BlockManagerImpl.java:190)
	at org.apache.hadoop.hdds.scm.server.SCMBlockProtocolServer.allocateBlock(SCMBlockProtocolServer.java:182)
	at org.apache.hadoop.ozone.protocolPB.ScmBlockLocationProtocolServerSideTranslatorPB.allocateScmBlock(ScmBlockLocationProtocolServerSideTranslatorPB.java:183)
	at org.apache.hadoop.ozone.protocolPB.ScmBlockLocationProtocolServerSideTranslatorPB.processMessage(ScmBlockLocationProtocolServerSideTranslatorPB.java:141)
	at org.apache.hadoop.ozone.protocolPB.ScmBlockLocationProtocolServerSideTranslatorPB.send(ScmBlockLocationProtocolServerSideTranslatorPB.java:116)
	at org.apache.hadoop.hdds.protocol.proto.ScmBlockLocationProtocolProtos$ScmBlockLocationProtocolService$2.callBlockingMethod(ScmBlockLocationProtocolProtos.java:13157)
	at org.apache.hadoop.ipc.ProtobufRpcEngine$Server$ProtoBufRpcInvoker.call(ProtobufRpcEngine.java:524)
	at org.apache.hadoop.ipc.RPC$Server.call(RPC.java:1025)
	at org.apache.hadoop.ipc.Server$RpcCall.run(Server.java:876)
	at org.apache.hadoop.ipc.Server$RpcCall.run(Server.java:822)
	at java.security.AccessController.doPrivileged(Native Method)
	at javax.security.auth.Subject.doAs(Subject.java:422)
	at org.apache.hadoop.security.UserGroupInformation.doAs(UserGroupInformation.java:1730)
	at org.apache.hadoop.ipc.Server$Handler.run(Server.java:2682)
2019-09-25 12:10:40,616 [IPC Server handler 1 on 38975] INFO  block.BlockManagerImpl (BlockManagerImpl.java:allocateBlock(198)) - Could not find available pipeline of type:RATIS and factor:THREE even after retrying
2019-09-25 12:10:40,616 [IPC Server handler 1 on 38975] ERROR block.BlockManagerImpl (BlockManagerImpl.java:allocateBlock(222)) - Unable to allocate a block for the size: 800, type: RATIS, factor: THREE
2019-09-25 12:10:40,616 [IPC Server handler 1 on 38975] INFO  pipeline.PipelinePlacementPolicy (PipelinePlacementPolicy.java:meetCriteria(91)) - Pipeline Placement: can't place more pipeline on heavy datanode： ed9e8526-460d-4c85-81a4-c6a64f474ec5 Heaviness: 6 limit: 5
2019-09-25 12:10:40,616 [IPC Server handler 1 on 38975] INFO  pipeline.PipelinePlacementPolicy (PipelinePlacementPolicy.java:meetCriteria(91)) - Pipeline Placement: can't place more pipeline on heavy datanode： c6fa9dcb-3f15-43b4-bafe-b7e2932cba65 Heaviness: 6 limit: 5
2019-09-25 12:10:40,616 [IPC Server handler 1 on 38975] INFO  pipeline.PipelinePlacementPolicy (PipelinePlacementPolicy.java:meetCriteria(91)) - Pipeline Placement: can't place more pipeline on heavy datanode： 80deecc8-67d2-4886-a269-aab5f88a17c2 Heaviness: 6 limit: 5
2019-09-25 12:10:40,617 [IPC Server handler 1 on 38975] INFO  pipeline.PipelinePlacementPolicy (PipelinePlacementPolicy.java:meetCriteria(91)) - Pipeline Placement: can't place more pipeline on heavy datanode： 672ef084-74ba-47a7-a215-7b0464967c29 Heaviness: 6 limit: 5
2019-09-25 12:10:40,617 [IPC Server handler 1 on 38975] INFO  pipeline.PipelinePlacementPolicy (PipelinePlacementPolicy.java:meetCriteria(91)) - Pipeline Placement: can't place more pipeline on heavy datanode： b0d03c9b-af36-4ed0-8381-e873bbd9be0f Heaviness: 6 limit: 5
2019-09-25 12:10:40,617 [IPC Server handler 1 on 38975] INFO  pipeline.PipelinePlacementPolicy (PipelinePlacementPolicy.java:meetCriteria(91)) - Pipeline Placement: can't place more pipeline on heavy datanode： df786a85-25e2-42b5-b190-b73745044b82 Heaviness: 6 limit: 5
2019-09-25 12:10:40,617 [IPC Server handler 1 on 38975] INFO  pipeline.PipelinePlacementPolicy (PipelinePlacementPolicy.java:meetCriteria(91)) - Pipeline Placement: can't place more pipeline on heavy datanode： 06c06a68-4e48-447d-bb45-a3dc0e88cff1 Heaviness: 6 limit: 5
2019-09-25 12:10:40,617 [IPC Server handler 1 on 38975] ERROR pipeline.PipelinePlacementPolicy (PipelinePlacementPolicy.java:filterViableNodes(148)) - Unable to find enough nodes that meet the criteria that cannot engage in more than 5 pipelines. Nodes required: 3 Found: 0, healthy nodes count inNodeManager: 7.
2019-09-25 12:10:40,618 [IPC Server handler 1 on 38975] ERROR pipeline.SCMPipelineManager (SCMPipelineManager.java:createPipeline(167)) - Pipeline creation failed.
org.apache.hadoop.hdds.scm.exceptions.SCMException: Unable to find enough nodes that meet the criteria that cannot engage in more than 5 pipelines. Nodes required: 3 Found: 0, healthy nodes count inNodeManager: 7.
	at org.apache.hadoop.hdds.scm.pipeline.PipelinePlacementPolicy.filterViableNodes(PipelinePlacementPolicy.java:149)
	at org.apache.hadoop.hdds.scm.pipeline.PipelinePlacementPolicy.chooseDatanodes(PipelinePlacementPolicy.java:172)
	at org.apache.hadoop.hdds.scm.pipeline.RatisPipelineProvider.create(RatisPipelineProvider.java:93)
	at org.apache.hadoop.hdds.scm.pipeline.PipelineFactory.create(PipelineFactory.java:58)
	at org.apache.hadoop.hdds.scm.pipeline.SCMPipelineManager.createPipeline(SCMPipelineManager.java:155)
	at org.apache.hadoop.hdds.scm.block.BlockManagerImpl.allocateBlock(BlockManagerImpl.java:190)
	at org.apache.hadoop.hdds.scm.server.SCMBlockProtocolServer.allocateBlock(SCMBlockProtocolServer.java:182)
	at org.apache.hadoop.ozone.protocolPB.ScmBlockLocationProtocolServerSideTranslatorPB.allocateScmBlock(ScmBlockLocationProtocolServerSideTranslatorPB.java:183)
	at org.apache.hadoop.ozone.protocolPB.ScmBlockLocationProtocolServerSideTranslatorPB.processMessage(ScmBlockLocationProtocolServerSideTranslatorPB.java:141)
	at org.apache.hadoop.ozone.protocolPB.ScmBlockLocationProtocolServerSideTranslatorPB.send(ScmBlockLocationProtocolServerSideTranslatorPB.java:116)
	at org.apache.hadoop.hdds.protocol.proto.ScmBlockLocationProtocolProtos$ScmBlockLocationProtocolService$2.callBlockingMethod(ScmBlockLocationProtocolProtos.java:13157)
	at org.apache.hadoop.ipc.ProtobufRpcEngine$Server$ProtoBufRpcInvoker.call(ProtobufRpcEngine.java:524)
	at org.apache.hadoop.ipc.RPC$Server.call(RPC.java:1025)
	at org.apache.hadoop.ipc.Server$RpcCall.run(Server.java:876)
	at org.apache.hadoop.ipc.Server$RpcCall.run(Server.java:822)
	at java.security.AccessController.doPrivileged(Native Method)
	at javax.security.auth.Subject.doAs(Subject.java:422)
	at org.apache.hadoop.security.UserGroupInformation.doAs(UserGroupInformation.java:1730)
	at org.apache.hadoop.ipc.Server$Handler.run(Server.java:2682)
2019-09-25 12:10:40,618 [IPC Server handler 1 on 38975] WARN  block.BlockManagerImpl (BlockManagerImpl.java:allocateBlock(192)) - Pipeline creation failed for type:RATIS factor:THREE. Retrying get pipelines call once.
org.apache.hadoop.hdds.scm.exceptions.SCMException: Unable to find enough nodes that meet the criteria that cannot engage in more than 5 pipelines. Nodes required: 3 Found: 0, healthy nodes count inNodeManager: 7.
	at org.apache.hadoop.hdds.scm.pipeline.PipelinePlacementPolicy.filterViableNodes(PipelinePlacementPolicy.java:149)
	at org.apache.hadoop.hdds.scm.pipeline.PipelinePlacementPolicy.chooseDatanodes(PipelinePlacementPolicy.java:172)
	at org.apache.hadoop.hdds.scm.pipeline.RatisPipelineProvider.create(RatisPipelineProvider.java:93)
	at org.apache.hadoop.hdds.scm.pipeline.PipelineFactory.create(PipelineFactory.java:58)
	at org.apache.hadoop.hdds.scm.pipeline.SCMPipelineManager.createPipeline(SCMPipelineManager.java:155)
	at org.apache.hadoop.hdds.scm.block.BlockManagerImpl.allocateBlock(BlockManagerImpl.java:190)
	at org.apache.hadoop.hdds.scm.server.SCMBlockProtocolServer.allocateBlock(SCMBlockProtocolServer.java:182)
	at org.apache.hadoop.ozone.protocolPB.ScmBlockLocationProtocolServerSideTranslatorPB.allocateScmBlock(ScmBlockLocationProtocolServerSideTranslatorPB.java:183)
	at org.apache.hadoop.ozone.protocolPB.ScmBlockLocationProtocolServerSideTranslatorPB.processMessage(ScmBlockLocationProtocolServerSideTranslatorPB.java:141)
	at org.apache.hadoop.ozone.protocolPB.ScmBlockLocationProtocolServerSideTranslatorPB.send(ScmBlockLocationProtocolServerSideTranslatorPB.java:116)
	at org.apache.hadoop.hdds.protocol.proto.ScmBlockLocationProtocolProtos$ScmBlockLocationProtocolService$2.callBlockingMethod(ScmBlockLocationProtocolProtos.java:13157)
	at org.apache.hadoop.ipc.ProtobufRpcEngine$Server$ProtoBufRpcInvoker.call(ProtobufRpcEngine.java:524)
	at org.apache.hadoop.ipc.RPC$Server.call(RPC.java:1025)
	at org.apache.hadoop.ipc.Server$RpcCall.run(Server.java:876)
	at org.apache.hadoop.ipc.Server$RpcCall.run(Server.java:822)
	at java.security.AccessController.doPrivileged(Native Method)
	at javax.security.auth.Subject.doAs(Subject.java:422)
	at org.apache.hadoop.security.UserGroupInformation.doAs(UserGroupInformation.java:1730)
	at org.apache.hadoop.ipc.Server$Handler.run(Server.java:2682)
2019-09-25 12:10:40,618 [IPC Server handler 1 on 38975] INFO  block.BlockManagerImpl (BlockManagerImpl.java:allocateBlock(198)) - Could not find available pipeline of type:RATIS and factor:THREE even after retrying
2019-09-25 12:10:40,619 [IPC Server handler 1 on 38975] ERROR block.BlockManagerImpl (BlockManagerImpl.java:allocateBlock(222)) - Unable to allocate a block for the size: 800, type: RATIS, factor: THREE
2019-09-25 12:10:40,621 [main] INFO  ozone.MiniOzoneClusterImpl (MiniOzoneClusterImpl.java:shutdown(314)) - Shutting down the Mini Ozone Cluster
2019-09-25 12:10:40,621 [main] INFO  ozone.MiniOzoneClusterImpl (MiniOzoneClusterImpl.java:stop(330)) - Stopping the Mini Ozone Cluster
2019-09-25 12:10:40,621 [main] INFO  ozone.MiniOzoneClusterImpl (MiniOzoneClusterImpl.java:stopOM(400)) - Stopping the OzoneManager
2019-09-25 12:10:40,621 [main] INFO  ipc.Server (Server.java:stop(3082)) - Stopping server on 32974
2019-09-25 12:10:40,642 [IPC Server listener on 32974] INFO  ipc.Server (Server.java:run(1185)) - Stopping IPC Server listener on 32974
2019-09-25 12:10:40,649 [IPC Server Responder] INFO  ipc.Server (Server.java:run(1319)) - Stopping IPC Server Responder
2019-09-25 12:10:40,644 [main] INFO  ratis.OzoneManagerDoubleBuffer (OzoneManagerDoubleBuffer.java:stop(248)) - Stopping OMDoubleBuffer flush thread
2019-09-25 12:10:40,665 [OMDoubleBufferFlushThread] INFO  ratis.OzoneManagerDoubleBuffer (OzoneManagerDoubleBuffer.java:flushTransactions(191)) - OMDoubleBuffer flush thread OMDoubleBufferFlushThread is interrupted and will exit. OMDoubleBufferFlushThread
2019-09-25 12:10:40,666 [main] INFO  utils.BackgroundService (BackgroundService.java:shutdown(148)) - Shutting down service KeyDeletingService
2019-09-25 12:10:40,667 [main] INFO  handler.ContextHandler (ContextHandler.java:doStop(910)) - Stopped o.e.j.w.WebAppContext@2489e84a{/,null,UNAVAILABLE}{/ozoneManager}
2019-09-25 12:10:40,668 [main] INFO  server.AbstractConnector (AbstractConnector.java:doStop(318)) - Stopped ServerConnector@2a39aa2b{HTTP/1.1,[http/1.1]}{0.0.0.0:0}
2019-09-25 12:10:40,669 [main] INFO  handler.ContextHandler (ContextHandler.java:doStop(910)) - Stopped o.e.j.s.ServletContextHandler@6ba060f3{/static,file:///workdir/hadoop-ozone/integration-test/target/test-classes/webapps/static,UNAVAILABLE}
2019-09-25 12:10:40,669 [main] INFO  handler.ContextHandler (ContextHandler.java:doStop(910)) - Stopped o.e.j.s.ServletContextHandler@591a4f8e{/logs,file:///workdir/hadoop-ozone/integration-test/target/log,UNAVAILABLE}
2019-09-25 12:10:40,671 [main] INFO  ozone.MiniOzoneClusterImpl (MiniOzoneClusterImpl.java:stopDatanodes(377)) - Stopping the HddsDatanodes
2019-09-25 12:10:41,034 [Thread-684] INFO  container.ReplicationManager (ReplicationManager.java:start(163)) - Starting Replication Monitor Thread.
2019-09-25 12:10:41,039 [ReplicationMonitor] INFO  container.ReplicationManager (ReplicationManager.java:run(226)) - Replication Monitor Thread took 0 milliseconds for processing 0 containers.
2019-09-25 12:10:41,080 [Datanode State Machine Thread - 0] INFO  statemachine.DatanodeStateMachine (DatanodeStateMachine.java:lambda$startDaemon$0(350)) - Ozone container server started.
2019-09-25 12:10:41,275 [Datanode State Machine Thread - 0] INFO  statemachine.DatanodeStateMachine (DatanodeStateMachine.java:lambda$startDaemon$0(350)) - Ozone container server started.
2019-09-25 12:10:43,144 [Thread-686] INFO  impl.FollowerState (FollowerState.java:run(106)) - 06c06a68-4e48-447d-bb45-a3dc0e88cff1:group-DB4B7E81A29F changes to CANDIDATE, lastRpcTime:5045, electionTimeout:5045ms
2019-09-25 12:10:43,144 [Thread-686] INFO  impl.RoleInfo (RoleInfo.java:shutdownFollowerState(121)) - 06c06a68-4e48-447d-bb45-a3dc0e88cff1: shutdown FollowerState
2019-09-25 12:10:43,144 [Thread-686] INFO  impl.RaftServerImpl (RaftServerImpl.java:setRole(174)) - 06c06a68-4e48-447d-bb45-a3dc0e88cff1@group-DB4B7E81A29F: changes role from  FOLLOWER to CANDIDATE at term 0 for changeToCandidate
2019-09-25 12:10:43,144 [Thread-686] INFO  impl.RoleInfo (RoleInfo.java:updateAndGet(143)) - 06c06a68-4e48-447d-bb45-a3dc0e88cff1: start LeaderElection
2019-09-25 12:10:43,164 [06c06a68-4e48-447d-bb45-a3dc0e88cff1@group-DB4B7E81A29F:LeaderElection43] INFO  impl.LeaderElection (LeaderElection.java:askForVotes(182)) - 06c06a68-4e48-447d-bb45-a3dc0e88cff1@group-DB4B7E81A29F:LeaderElection43: begin an election at term 1 for -1: [06c06a68-4e48-447d-bb45-a3dc0e88cff1:192.168.151.73:34720], old=null
2019-09-25 12:10:43,164 [06c06a68-4e48-447d-bb45-a3dc0e88cff1@group-DB4B7E81A29F:LeaderElection43] INFO  impl.RoleInfo (RoleInfo.java:shutdownLeaderElection(134)) - 06c06a68-4e48-447d-bb45-a3dc0e88cff1: shutdown LeaderElection
2019-09-25 12:10:43,165 [06c06a68-4e48-447d-bb45-a3dc0e88cff1@group-DB4B7E81A29F:LeaderElection43] INFO  impl.RaftServerImpl (RaftServerImpl.java:setRole(174)) - 06c06a68-4e48-447d-bb45-a3dc0e88cff1@group-DB4B7E81A29F: changes role from CANDIDATE to LEADER at term 1 for changeToLeader
2019-09-25 12:10:43,165 [06c06a68-4e48-447d-bb45-a3dc0e88cff1@group-DB4B7E81A29F:LeaderElection43] INFO  impl.RaftServerImpl (ServerState.java:setLeader(253)) - 06c06a68-4e48-447d-bb45-a3dc0e88cff1@group-DB4B7E81A29F: change Leader from null to 06c06a68-4e48-447d-bb45-a3dc0e88cff1 at term 1 for becomeLeader, leader elected after 5075ms
2019-09-25 12:10:43,168 [06c06a68-4e48-447d-bb45-a3dc0e88cff1@group-DB4B7E81A29F:LeaderElection43] INFO  server.RaftServerConfigKeys (ConfUtils.java:logGet(43)) - raft.server.staging.catchup.gap = 1000 (default)
2019-09-25 12:10:43,168 [06c06a68-4e48-447d-bb45-a3dc0e88cff1@group-DB4B7E81A29F:LeaderElection43] INFO  server.RaftServerConfigKeys (ConfUtils.java:logGet(43)) - raft.server.rpc.sleep.time = 25ms (default)
2019-09-25 12:10:43,168 [06c06a68-4e48-447d-bb45-a3dc0e88cff1@group-DB4B7E81A29F:LeaderElection43] INFO  server.RaftServerConfigKeys (ConfUtils.java:logGet(43)) - raft.server.write.element-limit = 4096 (default)
2019-09-25 12:10:43,168 [06c06a68-4e48-447d-bb45-a3dc0e88cff1@group-DB4B7E81A29F:LeaderElection43] INFO  server.RaftServerConfigKeys (ConfUtils.java:logGet(43)) - raft.server.watch.timeout = 10s (default)
2019-09-25 12:10:43,169 [06c06a68-4e48-447d-bb45-a3dc0e88cff1@group-DB4B7E81A29F:LeaderElection43] INFO  server.RaftServerConfigKeys (ConfUtils.java:logGet(43)) - raft.server.watch.timeout.denomination = 1s (default)
2019-09-25 12:10:43,169 [06c06a68-4e48-447d-bb45-a3dc0e88cff1@group-DB4B7E81A29F:LeaderElection43] INFO  server.RaftServerConfigKeys (ConfUtils.java:logGet(43)) - raft.server.watch.element-limit = 65536 (default)
2019-09-25 12:10:43,172 [06c06a68-4e48-447d-bb45-a3dc0e88cff1@group-DB4B7E81A29F:LeaderElection43] INFO  impl.RoleInfo (RoleInfo.java:updateAndGet(143)) - 06c06a68-4e48-447d-bb45-a3dc0e88cff1: start LeaderState
2019-09-25 12:10:43,172 [06c06a68-4e48-447d-bb45-a3dc0e88cff1@group-DB4B7E81A29F:LeaderElection43] INFO  segmented.SegmentedRaftLogWorker (SegmentedRaftLogWorker.java:startLogSegment(380)) - 06c06a68-4e48-447d-bb45-a3dc0e88cff1@group-DB4B7E81A29F-SegmentedRaftLogWorker: Starting segment from index:0
2019-09-25 12:10:43,173 [06c06a68-4e48-447d-bb45-a3dc0e88cff1@group-DB4B7E81A29F:LeaderElection43] INFO  impl.RaftServerImpl (ServerState.java:setRaftConf(354)) - 06c06a68-4e48-447d-bb45-a3dc0e88cff1@group-DB4B7E81A29F: set configuration 0: [06c06a68-4e48-447d-bb45-a3dc0e88cff1:192.168.151.73:34720], old=null at 0
2019-09-25 12:10:43,220 [06c06a68-4e48-447d-bb45-a3dc0e88cff1@group-DB4B7E81A29F-SegmentedRaftLogWorker] INFO  segmented.SegmentedRaftLogWorker (SegmentedRaftLogWorker.java:execute(569)) - 06c06a68-4e48-447d-bb45-a3dc0e88cff1@group-DB4B7E81A29F-SegmentedRaftLogWorker: created new log segment /workdir/hadoop-ozone/integration-test/target/test-dir/MiniOzoneClusterImpl-7d9c4453-492c-478b-a0e0-2871dbe18f6e/datanode-0/data/ratis/c8ca8c8d-4444-49b1-95d3-db4b7e81a29f/current/log_inprogress_0
2019-09-25 12:10:43,225 [Thread-692] INFO  impl.FollowerState (FollowerState.java:run(106)) - c6fa9dcb-3f15-43b4-bafe-b7e2932cba65:group-25800BA67197 changes to CANDIDATE, lastRpcTime:5010, electionTimeout:5010ms
2019-09-25 12:10:43,225 [Thread-692] INFO  impl.RoleInfo (RoleInfo.java:shutdownFollowerState(121)) - c6fa9dcb-3f15-43b4-bafe-b7e2932cba65: shutdown FollowerState
2019-09-25 12:10:43,225 [Thread-692] INFO  impl.RaftServerImpl (RaftServerImpl.java:setRole(174)) - c6fa9dcb-3f15-43b4-bafe-b7e2932cba65@group-25800BA67197: changes role from  FOLLOWER to CANDIDATE at term 0 for changeToCandidate
2019-09-25 12:10:43,225 [Thread-692] INFO  impl.RoleInfo (RoleInfo.java:updateAndGet(143)) - c6fa9dcb-3f15-43b4-bafe-b7e2932cba65: start LeaderElection
2019-09-25 12:10:43,234 [c6fa9dcb-3f15-43b4-bafe-b7e2932cba65@group-25800BA67197:LeaderElection44] INFO  impl.LeaderElection (LeaderElection.java:askForVotes(182)) - c6fa9dcb-3f15-43b4-bafe-b7e2932cba65@group-25800BA67197:LeaderElection44: begin an election at term 1 for -1: [c6fa9dcb-3f15-43b4-bafe-b7e2932cba65:192.168.151.73:46687], old=null
2019-09-25 12:10:43,234 [c6fa9dcb-3f15-43b4-bafe-b7e2932cba65@group-25800BA67197:LeaderElection44] INFO  impl.RoleInfo (RoleInfo.java:shutdownLeaderElection(134)) - c6fa9dcb-3f15-43b4-bafe-b7e2932cba65: shutdown LeaderElection
2019-09-25 12:10:43,234 [c6fa9dcb-3f15-43b4-bafe-b7e2932cba65@group-25800BA67197:LeaderElection44] INFO  impl.RaftServerImpl (RaftServerImpl.java:setRole(174)) - c6fa9dcb-3f15-43b4-bafe-b7e2932cba65@group-25800BA67197: changes role from CANDIDATE to LEADER at term 1 for changeToLeader
2019-09-25 12:10:43,234 [c6fa9dcb-3f15-43b4-bafe-b7e2932cba65@group-25800BA67197:LeaderElection44] INFO  impl.RaftServerImpl (ServerState.java:setLeader(253)) - c6fa9dcb-3f15-43b4-bafe-b7e2932cba65@group-25800BA67197: change Leader from null to c6fa9dcb-3f15-43b4-bafe-b7e2932cba65 at term 1 for becomeLeader, leader elected after 5026ms
2019-09-25 12:10:43,237 [c6fa9dcb-3f15-43b4-bafe-b7e2932cba65@group-25800BA67197:LeaderElection44] INFO  server.RaftServerConfigKeys (ConfUtils.java:logGet(43)) - raft.server.staging.catchup.gap = 1000 (default)
2019-09-25 12:10:43,237 [c6fa9dcb-3f15-43b4-bafe-b7e2932cba65@group-25800BA67197:LeaderElection44] INFO  server.RaftServerConfigKeys (ConfUtils.java:logGet(43)) - raft.server.rpc.sleep.time = 25ms (default)
2019-09-25 12:10:43,237 [c6fa9dcb-3f15-43b4-bafe-b7e2932cba65@group-25800BA67197:LeaderElection44] INFO  server.RaftServerConfigKeys (ConfUtils.java:logGet(43)) - raft.server.write.element-limit = 4096 (default)
2019-09-25 12:10:43,238 [c6fa9dcb-3f15-43b4-bafe-b7e2932cba65@group-25800BA67197:LeaderElection44] INFO  server.RaftServerConfigKeys (ConfUtils.java:logGet(43)) - raft.server.watch.timeout = 10s (default)
2019-09-25 12:10:43,238 [c6fa9dcb-3f15-43b4-bafe-b7e2932cba65@group-25800BA67197:LeaderElection44] INFO  server.RaftServerConfigKeys (ConfUtils.java:logGet(43)) - raft.server.watch.timeout.denomination = 1s (default)
2019-09-25 12:10:43,238 [c6fa9dcb-3f15-43b4-bafe-b7e2932cba65@group-25800BA67197:LeaderElection44] INFO  server.RaftServerConfigKeys (ConfUtils.java:logGet(43)) - raft.server.watch.element-limit = 65536 (default)
2019-09-25 12:10:43,241 [c6fa9dcb-3f15-43b4-bafe-b7e2932cba65@group-25800BA67197:LeaderElection44] INFO  impl.RoleInfo (RoleInfo.java:updateAndGet(143)) - c6fa9dcb-3f15-43b4-bafe-b7e2932cba65: start LeaderState
2019-09-25 12:10:43,241 [c6fa9dcb-3f15-43b4-bafe-b7e2932cba65@group-25800BA67197:LeaderElection44] INFO  segmented.SegmentedRaftLogWorker (SegmentedRaftLogWorker.java:startLogSegment(380)) - c6fa9dcb-3f15-43b4-bafe-b7e2932cba65@group-25800BA67197-SegmentedRaftLogWorker: Starting segment from index:0
2019-09-25 12:10:43,242 [c6fa9dcb-3f15-43b4-bafe-b7e2932cba65@group-25800BA67197:LeaderElection44] INFO  impl.RaftServerImpl (ServerState.java:setRaftConf(354)) - c6fa9dcb-3f15-43b4-bafe-b7e2932cba65@group-25800BA67197: set configuration 0: [c6fa9dcb-3f15-43b4-bafe-b7e2932cba65:192.168.151.73:46687], old=null at 0
2019-09-25 12:10:43,264 [Thread-689] INFO  impl.FollowerState (FollowerState.java:run(106)) - c6fa9dcb-3f15-43b4-bafe-b7e2932cba65:group-385F8712F586 changes to CANDIDATE, lastRpcTime:5094, electionTimeout:5094ms
2019-09-25 12:10:43,264 [Thread-689] INFO  impl.RoleInfo (RoleInfo.java:shutdownFollowerState(121)) - c6fa9dcb-3f15-43b4-bafe-b7e2932cba65: shutdown FollowerState
2019-09-25 12:10:43,264 [Thread-689] INFO  impl.RaftServerImpl (RaftServerImpl.java:setRole(174)) - c6fa9dcb-3f15-43b4-bafe-b7e2932cba65@group-385F8712F586: changes role from  FOLLOWER to CANDIDATE at term 0 for changeToCandidate
2019-09-25 12:10:43,264 [Thread-689] INFO  impl.RoleInfo (RoleInfo.java:updateAndGet(143)) - c6fa9dcb-3f15-43b4-bafe-b7e2932cba65: start LeaderElection
2019-09-25 12:10:43,287 [Thread-695] INFO  impl.FollowerState (FollowerState.java:run(106)) - 672ef084-74ba-47a7-a215-7b0464967c29:group-7D47F5AFD98C changes to CANDIDATE, lastRpcTime:5019, electionTimeout:5011ms
2019-09-25 12:10:43,287 [Thread-695] INFO  impl.RoleInfo (RoleInfo.java:shutdownFollowerState(121)) - 672ef084-74ba-47a7-a215-7b0464967c29: shutdown FollowerState
2019-09-25 12:10:43,287 [Thread-695] INFO  impl.RaftServerImpl (RaftServerImpl.java:setRole(174)) - 672ef084-74ba-47a7-a215-7b0464967c29@group-7D47F5AFD98C: changes role from  FOLLOWER to CANDIDATE at term 0 for changeToCandidate
2019-09-25 12:10:43,287 [Thread-695] INFO  impl.RoleInfo (RoleInfo.java:updateAndGet(143)) - 672ef084-74ba-47a7-a215-7b0464967c29: start LeaderElection
2019-09-25 12:10:43,299 [c6fa9dcb-3f15-43b4-bafe-b7e2932cba65@group-25800BA67197-SegmentedRaftLogWorker] INFO  segmented.SegmentedRaftLogWorker (SegmentedRaftLogWorker.java:execute(569)) - c6fa9dcb-3f15-43b4-bafe-b7e2932cba65@group-25800BA67197-SegmentedRaftLogWorker: created new log segment /workdir/hadoop-ozone/integration-test/target/test-dir/MiniOzoneClusterImpl-7d9c4453-492c-478b-a0e0-2871dbe18f6e/datanode-1/data/ratis/20e853f0-53ef-4d5c-b802-25800ba67197/current/log_inprogress_0
2019-09-25 12:10:43,300 [c6fa9dcb-3f15-43b4-bafe-b7e2932cba65@group-385F8712F586:LeaderElection45] INFO  impl.LeaderElection (LeaderElection.java:askForVotes(182)) - c6fa9dcb-3f15-43b4-bafe-b7e2932cba65@group-385F8712F586:LeaderElection45: begin an election at term 1 for -1: [c6fa9dcb-3f15-43b4-bafe-b7e2932cba65:192.168.151.73:46687], old=null
2019-09-25 12:10:43,300 [672ef084-74ba-47a7-a215-7b0464967c29@group-7D47F5AFD98C:LeaderElection46] INFO  impl.LeaderElection (LeaderElection.java:askForVotes(182)) - 672ef084-74ba-47a7-a215-7b0464967c29@group-7D47F5AFD98C:LeaderElection46: begin an election at term 1 for -1: [672ef084-74ba-47a7-a215-7b0464967c29:192.168.151.73:46323], old=null
2019-09-25 12:10:43,300 [c6fa9dcb-3f15-43b4-bafe-b7e2932cba65@group-385F8712F586:LeaderElection45] INFO  impl.RoleInfo (RoleInfo.java:shutdownLeaderElection(134)) - c6fa9dcb-3f15-43b4-bafe-b7e2932cba65: shutdown LeaderElection
2019-09-25 12:10:43,300 [672ef084-74ba-47a7-a215-7b0464967c29@group-7D47F5AFD98C:LeaderElection46] INFO  impl.RoleInfo (RoleInfo.java:shutdownLeaderElection(134)) - 672ef084-74ba-47a7-a215-7b0464967c29: shutdown LeaderElection
2019-09-25 12:10:43,300 [c6fa9dcb-3f15-43b4-bafe-b7e2932cba65@group-385F8712F586:LeaderElection45] INFO  impl.RaftServerImpl (RaftServerImpl.java:setRole(174)) - c6fa9dcb-3f15-43b4-bafe-b7e2932cba65@group-385F8712F586: changes role from CANDIDATE to LEADER at term 1 for changeToLeader
2019-09-25 12:10:43,300 [672ef084-74ba-47a7-a215-7b0464967c29@group-7D47F5AFD98C:LeaderElection46] INFO  impl.RaftServerImpl (RaftServerImpl.java:setRole(174)) - 672ef084-74ba-47a7-a215-7b0464967c29@group-7D47F5AFD98C: changes role from CANDIDATE to LEADER at term 1 for changeToLeader
2019-09-25 12:10:43,300 [c6fa9dcb-3f15-43b4-bafe-b7e2932cba65@group-385F8712F586:LeaderElection45] INFO  impl.RaftServerImpl (ServerState.java:setLeader(253)) - c6fa9dcb-3f15-43b4-bafe-b7e2932cba65@group-385F8712F586: change Leader from null to c6fa9dcb-3f15-43b4-bafe-b7e2932cba65 at term 1 for becomeLeader, leader elected after 5140ms
2019-09-25 12:10:43,301 [672ef084-74ba-47a7-a215-7b0464967c29@group-7D47F5AFD98C:LeaderElection46] INFO  impl.RaftServerImpl (ServerState.java:setLeader(253)) - 672ef084-74ba-47a7-a215-7b0464967c29@group-7D47F5AFD98C: change Leader from null to 672ef084-74ba-47a7-a215-7b0464967c29 at term 1 for becomeLeader, leader elected after 5041ms
2019-09-25 12:10:43,301 [c6fa9dcb-3f15-43b4-bafe-b7e2932cba65@group-385F8712F586:LeaderElection45] INFO  server.RaftServerConfigKeys (ConfUtils.java:logGet(43)) - raft.server.staging.catchup.gap = 1000 (default)
2019-09-25 12:10:43,304 [672ef084-74ba-47a7-a215-7b0464967c29@group-7D47F5AFD98C:LeaderElection46] INFO  server.RaftServerConfigKeys (ConfUtils.java:logGet(43)) - raft.server.staging.catchup.gap = 1000 (default)
2019-09-25 12:10:43,304 [c6fa9dcb-3f15-43b4-bafe-b7e2932cba65@group-385F8712F586:LeaderElection45] INFO  server.RaftServerConfigKeys (ConfUtils.java:logGet(43)) - raft.server.rpc.sleep.time = 25ms (default)
2019-09-25 12:10:43,304 [672ef084-74ba-47a7-a215-7b0464967c29@group-7D47F5AFD98C:LeaderElection46] INFO  server.RaftServerConfigKeys (ConfUtils.java:logGet(43)) - raft.server.rpc.sleep.time = 25ms (default)
2019-09-25 12:10:43,304 [c6fa9dcb-3f15-43b4-bafe-b7e2932cba65@group-385F8712F586:LeaderElection45] INFO  server.RaftServerConfigKeys (ConfUtils.java:logGet(43)) - raft.server.write.element-limit = 4096 (default)
2019-09-25 12:10:43,304 [672ef084-74ba-47a7-a215-7b0464967c29@group-7D47F5AFD98C:LeaderElection46] INFO  server.RaftServerConfigKeys (ConfUtils.java:logGet(43)) - raft.server.write.element-limit = 4096 (default)
2019-09-25 12:10:43,305 [c6fa9dcb-3f15-43b4-bafe-b7e2932cba65@group-385F8712F586:LeaderElection45] INFO  server.RaftServerConfigKeys (ConfUtils.java:logGet(43)) - raft.server.watch.timeout = 10s (default)
2019-09-25 12:10:43,305 [672ef084-74ba-47a7-a215-7b0464967c29@group-7D47F5AFD98C:LeaderElection46] INFO  server.RaftServerConfigKeys (ConfUtils.java:logGet(43)) - raft.server.watch.timeout = 10s (default)
2019-09-25 12:10:43,305 [c6fa9dcb-3f15-43b4-bafe-b7e2932cba65@group-385F8712F586:LeaderElection45] INFO  server.RaftServerConfigKeys (ConfUtils.java:logGet(43)) - raft.server.watch.timeout.denomination = 1s (default)
2019-09-25 12:10:43,305 [672ef084-74ba-47a7-a215-7b0464967c29@group-7D47F5AFD98C:LeaderElection46] INFO  server.RaftServerConfigKeys (ConfUtils.java:logGet(43)) - raft.server.watch.timeout.denomination = 1s (default)
2019-09-25 12:10:43,305 [c6fa9dcb-3f15-43b4-bafe-b7e2932cba65@group-385F8712F586:LeaderElection45] INFO  server.RaftServerConfigKeys (ConfUtils.java:logGet(43)) - raft.server.watch.element-limit = 65536 (default)
2019-09-25 12:10:43,305 [672ef084-74ba-47a7-a215-7b0464967c29@group-7D47F5AFD98C:LeaderElection46] INFO  server.RaftServerConfigKeys (ConfUtils.java:logGet(43)) - raft.server.watch.element-limit = 65536 (default)
2019-09-25 12:10:43,309 [c6fa9dcb-3f15-43b4-bafe-b7e2932cba65@group-385F8712F586:LeaderElection45] INFO  impl.RoleInfo (RoleInfo.java:updateAndGet(143)) - c6fa9dcb-3f15-43b4-bafe-b7e2932cba65: start LeaderState
2019-09-25 12:10:43,309 [c6fa9dcb-3f15-43b4-bafe-b7e2932cba65@group-385F8712F586:LeaderElection45] INFO  segmented.SegmentedRaftLogWorker (SegmentedRaftLogWorker.java:startLogSegment(380)) - c6fa9dcb-3f15-43b4-bafe-b7e2932cba65@group-385F8712F586-SegmentedRaftLogWorker: Starting segment from index:0
2019-09-25 12:10:43,309 [672ef084-74ba-47a7-a215-7b0464967c29@group-7D47F5AFD98C:LeaderElection46] INFO  impl.RoleInfo (RoleInfo.java:updateAndGet(143)) - 672ef084-74ba-47a7-a215-7b0464967c29: start LeaderState
2019-09-25 12:10:43,310 [672ef084-74ba-47a7-a215-7b0464967c29@group-7D47F5AFD98C:LeaderElection46] INFO  segmented.SegmentedRaftLogWorker (SegmentedRaftLogWorker.java:startLogSegment(380)) - 672ef084-74ba-47a7-a215-7b0464967c29@group-7D47F5AFD98C-SegmentedRaftLogWorker: Starting segment from index:0
2019-09-25 12:10:43,310 [c6fa9dcb-3f15-43b4-bafe-b7e2932cba65@group-385F8712F586:LeaderElection45] INFO  impl.RaftServerImpl (ServerState.java:setRaftConf(354)) - c6fa9dcb-3f15-43b4-bafe-b7e2932cba65@group-385F8712F586: set configuration 0: [c6fa9dcb-3f15-43b4-bafe-b7e2932cba65:192.168.151.73:46687], old=null at 0
2019-09-25 12:10:43,310 [672ef084-74ba-47a7-a215-7b0464967c29@group-7D47F5AFD98C:LeaderElection46] INFO  impl.RaftServerImpl (ServerState.java:setRaftConf(354)) - 672ef084-74ba-47a7-a215-7b0464967c29@group-7D47F5AFD98C: set configuration 0: [672ef084-74ba-47a7-a215-7b0464967c29:192.168.151.73:46323], old=null at 0
2019-09-25 12:10:43,365 [c6fa9dcb-3f15-43b4-bafe-b7e2932cba65@group-385F8712F586-SegmentedRaftLogWorker] INFO  segmented.SegmentedRaftLogWorker (SegmentedRaftLogWorker.java:execute(569)) - c6fa9dcb-3f15-43b4-bafe-b7e2932cba65@group-385F8712F586-SegmentedRaftLogWorker: created new log segment /workdir/hadoop-ozone/integration-test/target/test-dir/MiniOzoneClusterImpl-7d9c4453-492c-478b-a0e0-2871dbe18f6e/datanode-1/data/ratis/b20720d0-2822-41ee-b27e-385f8712f586/current/log_inprogress_0
2019-09-25 12:10:43,365 [672ef084-74ba-47a7-a215-7b0464967c29@group-7D47F5AFD98C-SegmentedRaftLogWorker] INFO  segmented.SegmentedRaftLogWorker (SegmentedRaftLogWorker.java:execute(569)) - 672ef084-74ba-47a7-a215-7b0464967c29@group-7D47F5AFD98C-SegmentedRaftLogWorker: created new log segment /workdir/hadoop-ozone/integration-test/target/test-dir/MiniOzoneClusterImpl-7d9c4453-492c-478b-a0e0-2871dbe18f6e/datanode-2/data/ratis/e0fe81e6-aff5-4c13-ab2e-7d47f5afd98c/current/log_inprogress_0
2019-09-25 12:10:43,417 [Thread-701] INFO  impl.FollowerState (FollowerState.java:run(106)) - 672ef084-74ba-47a7-a215-7b0464967c29:group-36F5C8162F17 changes to CANDIDATE, lastRpcTime:5049, electionTimeout:5049ms
2019-09-25 12:10:43,417 [Thread-701] INFO  impl.RoleInfo (RoleInfo.java:shutdownFollowerState(121)) - 672ef084-74ba-47a7-a215-7b0464967c29: shutdown FollowerState
2019-09-25 12:10:43,417 [Thread-701] INFO  impl.RaftServerImpl (RaftServerImpl.java:setRole(174)) - 672ef084-74ba-47a7-a215-7b0464967c29@group-36F5C8162F17: changes role from  FOLLOWER to CANDIDATE at term 0 for changeToCandidate
2019-09-25 12:10:43,417 [Thread-701] INFO  impl.RoleInfo (RoleInfo.java:updateAndGet(143)) - 672ef084-74ba-47a7-a215-7b0464967c29: start LeaderElection
2019-09-25 12:10:43,418 [Thread-698] INFO  impl.FollowerState (FollowerState.java:run(106)) - c6fa9dcb-3f15-43b4-bafe-b7e2932cba65:group-8189532C6E21 changes to CANDIDATE, lastRpcTime:5107, electionTimeout:5107ms
2019-09-25 12:10:43,422 [Thread-698] INFO  impl.RoleInfo (RoleInfo.java:shutdownFollowerState(121)) - c6fa9dcb-3f15-43b4-bafe-b7e2932cba65: shutdown FollowerState
2019-09-25 12:10:43,423 [Thread-698] INFO  impl.RaftServerImpl (RaftServerImpl.java:setRole(174)) - c6fa9dcb-3f15-43b4-bafe-b7e2932cba65@group-8189532C6E21: changes role from  FOLLOWER to CANDIDATE at term 0 for changeToCandidate
2019-09-25 12:10:43,423 [Thread-698] INFO  impl.RoleInfo (RoleInfo.java:updateAndGet(143)) - c6fa9dcb-3f15-43b4-bafe-b7e2932cba65: start LeaderElection
2019-09-25 12:10:43,447 [672ef084-74ba-47a7-a215-7b0464967c29@group-36F5C8162F17:LeaderElection47] INFO  impl.LeaderElection (LeaderElection.java:askForVotes(182)) - 672ef084-74ba-47a7-a215-7b0464967c29@group-36F5C8162F17:LeaderElection47: begin an election at term 1 for -1: [672ef084-74ba-47a7-a215-7b0464967c29:192.168.151.73:46323], old=null
2019-09-25 12:10:43,447 [c6fa9dcb-3f15-43b4-bafe-b7e2932cba65@group-8189532C6E21:LeaderElection48] INFO  impl.LeaderElection (LeaderElection.java:askForVotes(182)) - c6fa9dcb-3f15-43b4-bafe-b7e2932cba65@group-8189532C6E21:LeaderElection48: begin an election at term 1 for -1: [c6fa9dcb-3f15-43b4-bafe-b7e2932cba65:192.168.151.73:46687], old=null
2019-09-25 12:10:43,448 [672ef084-74ba-47a7-a215-7b0464967c29@group-36F5C8162F17:LeaderElection47] INFO  impl.RoleInfo (RoleInfo.java:shutdownLeaderElection(134)) - 672ef084-74ba-47a7-a215-7b0464967c29: shutdown LeaderElection
2019-09-25 12:10:43,448 [c6fa9dcb-3f15-43b4-bafe-b7e2932cba65@group-8189532C6E21:LeaderElection48] INFO  impl.RoleInfo (RoleInfo.java:shutdownLeaderElection(134)) - c6fa9dcb-3f15-43b4-bafe-b7e2932cba65: shutdown LeaderElection
2019-09-25 12:10:43,448 [672ef084-74ba-47a7-a215-7b0464967c29@group-36F5C8162F17:LeaderElection47] INFO  impl.RaftServerImpl (RaftServerImpl.java:setRole(174)) - 672ef084-74ba-47a7-a215-7b0464967c29@group-36F5C8162F17: changes role from CANDIDATE to LEADER at term 1 for changeToLeader
2019-09-25 12:10:43,448 [c6fa9dcb-3f15-43b4-bafe-b7e2932cba65@group-8189532C6E21:LeaderElection48] INFO  impl.RaftServerImpl (RaftServerImpl.java:setRole(174)) - c6fa9dcb-3f15-43b4-bafe-b7e2932cba65@group-8189532C6E21: changes role from CANDIDATE to LEADER at term 1 for changeToLeader
2019-09-25 12:10:43,448 [672ef084-74ba-47a7-a215-7b0464967c29@group-36F5C8162F17:LeaderElection47] INFO  impl.RaftServerImpl (ServerState.java:setLeader(253)) - 672ef084-74ba-47a7-a215-7b0464967c29@group-36F5C8162F17: change Leader from null to 672ef084-74ba-47a7-a215-7b0464967c29 at term 1 for becomeLeader, leader elected after 5087ms
2019-09-25 12:10:43,448 [c6fa9dcb-3f15-43b4-bafe-b7e2932cba65@group-8189532C6E21:LeaderElection48] INFO  impl.RaftServerImpl (ServerState.java:setLeader(253)) - c6fa9dcb-3f15-43b4-bafe-b7e2932cba65@group-8189532C6E21: change Leader from null to c6fa9dcb-3f15-43b4-bafe-b7e2932cba65 at term 1 for becomeLeader, leader elected after 5144ms
2019-09-25 12:10:43,448 [672ef084-74ba-47a7-a215-7b0464967c29@group-36F5C8162F17:LeaderElection47] INFO  server.RaftServerConfigKeys (ConfUtils.java:logGet(43)) - raft.server.staging.catchup.gap = 1000 (default)
2019-09-25 12:10:43,449 [c6fa9dcb-3f15-43b4-bafe-b7e2932cba65@group-8189532C6E21:LeaderElection48] INFO  server.RaftServerConfigKeys (ConfUtils.java:logGet(43)) - raft.server.staging.catchup.gap = 1000 (default)
2019-09-25 12:10:43,449 [672ef084-74ba-47a7-a215-7b0464967c29@group-36F5C8162F17:LeaderElection47] INFO  server.RaftServerConfigKeys (ConfUtils.java:logGet(43)) - raft.server.rpc.sleep.time = 25ms (default)
2019-09-25 12:10:43,449 [c6fa9dcb-3f15-43b4-bafe-b7e2932cba65@group-8189532C6E21:LeaderElection48] INFO  server.RaftServerConfigKeys (ConfUtils.java:logGet(43)) - raft.server.rpc.sleep.time = 25ms (default)
2019-09-25 12:10:43,449 [672ef084-74ba-47a7-a215-7b0464967c29@group-36F5C8162F17:LeaderElection47] INFO  server.RaftServerConfigKeys (ConfUtils.java:logGet(43)) - raft.server.write.element-limit = 4096 (default)
2019-09-25 12:10:43,449 [c6fa9dcb-3f15-43b4-bafe-b7e2932cba65@group-8189532C6E21:LeaderElection48] INFO  server.RaftServerConfigKeys (ConfUtils.java:logGet(43)) - raft.server.write.element-limit = 4096 (default)
2019-09-25 12:10:43,449 [672ef084-74ba-47a7-a215-7b0464967c29@group-36F5C8162F17:LeaderElection47] INFO  server.RaftServerConfigKeys (ConfUtils.java:logGet(43)) - raft.server.watch.timeout = 10s (default)
2019-09-25 12:10:43,450 [c6fa9dcb-3f15-43b4-bafe-b7e2932cba65@group-8189532C6E21:LeaderElection48] INFO  server.RaftServerConfigKeys (ConfUtils.java:logGet(43)) - raft.server.watch.timeout = 10s (default)
2019-09-25 12:10:43,450 [672ef084-74ba-47a7-a215-7b0464967c29@group-36F5C8162F17:LeaderElection47] INFO  server.RaftServerConfigKeys (ConfUtils.java:logGet(43)) - raft.server.watch.timeout.denomination = 1s (default)
2019-09-25 12:10:43,450 [c6fa9dcb-3f15-43b4-bafe-b7e2932cba65@group-8189532C6E21:LeaderElection48] INFO  server.RaftServerConfigKeys (ConfUtils.java:logGet(43)) - raft.server.watch.timeout.denomination = 1s (default)
2019-09-25 12:10:43,450 [672ef084-74ba-47a7-a215-7b0464967c29@group-36F5C8162F17:LeaderElection47] INFO  server.RaftServerConfigKeys (ConfUtils.java:logGet(43)) - raft.server.watch.element-limit = 65536 (default)
2019-09-25 12:10:43,450 [c6fa9dcb-3f15-43b4-bafe-b7e2932cba65@group-8189532C6E21:LeaderElection48] INFO  server.RaftServerConfigKeys (ConfUtils.java:logGet(43)) - raft.server.watch.element-limit = 65536 (default)
2019-09-25 12:10:43,453 [672ef084-74ba-47a7-a215-7b0464967c29@group-36F5C8162F17:LeaderElection47] INFO  impl.RoleInfo (RoleInfo.java:updateAndGet(143)) - 672ef084-74ba-47a7-a215-7b0464967c29: start LeaderState
2019-09-25 12:10:43,454 [672ef084-74ba-47a7-a215-7b0464967c29@group-36F5C8162F17:LeaderElection47] INFO  segmented.SegmentedRaftLogWorker (SegmentedRaftLogWorker.java:startLogSegment(380)) - 672ef084-74ba-47a7-a215-7b0464967c29@group-36F5C8162F17-SegmentedRaftLogWorker: Starting segment from index:0
2019-09-25 12:10:43,454 [c6fa9dcb-3f15-43b4-bafe-b7e2932cba65@group-8189532C6E21:LeaderElection48] INFO  impl.RoleInfo (RoleInfo.java:updateAndGet(143)) - c6fa9dcb-3f15-43b4-bafe-b7e2932cba65: start LeaderState
2019-09-25 12:10:43,454 [c6fa9dcb-3f15-43b4-bafe-b7e2932cba65@group-8189532C6E21:LeaderElection48] INFO  segmented.SegmentedRaftLogWorker (SegmentedRaftLogWorker.java:startLogSegment(380)) - c6fa9dcb-3f15-43b4-bafe-b7e2932cba65@group-8189532C6E21-SegmentedRaftLogWorker: Starting segment from index:0
2019-09-25 12:10:43,454 [672ef084-74ba-47a7-a215-7b0464967c29@group-36F5C8162F17:LeaderElection47] INFO  impl.RaftServerImpl (ServerState.java:setRaftConf(354)) - 672ef084-74ba-47a7-a215-7b0464967c29@group-36F5C8162F17: set configuration 0: [672ef084-74ba-47a7-a215-7b0464967c29:192.168.151.73:46323], old=null at 0
2019-09-25 12:10:43,455 [c6fa9dcb-3f15-43b4-bafe-b7e2932cba65@group-8189532C6E21:LeaderElection48] INFO  impl.RaftServerImpl (ServerState.java:setRaftConf(354)) - c6fa9dcb-3f15-43b4-bafe-b7e2932cba65@group-8189532C6E21: set configuration 0: [c6fa9dcb-3f15-43b4-bafe-b7e2932cba65:192.168.151.73:46687], old=null at 0
2019-09-25 12:10:43,505 [c6fa9dcb-3f15-43b4-bafe-b7e2932cba65@group-8189532C6E21-SegmentedRaftLogWorker] INFO  segmented.SegmentedRaftLogWorker (SegmentedRaftLogWorker.java:execute(569)) - c6fa9dcb-3f15-43b4-bafe-b7e2932cba65@group-8189532C6E21-SegmentedRaftLogWorker: created new log segment /workdir/hadoop-ozone/integration-test/target/test-dir/MiniOzoneClusterImpl-7d9c4453-492c-478b-a0e0-2871dbe18f6e/datanode-1/data/ratis/aa1ff222-e120-406c-9289-8189532c6e21/current/log_inprogress_0
2019-09-25 12:10:43,505 [672ef084-74ba-47a7-a215-7b0464967c29@group-36F5C8162F17-SegmentedRaftLogWorker] INFO  segmented.SegmentedRaftLogWorker (SegmentedRaftLogWorker.java:execute(569)) - 672ef084-74ba-47a7-a215-7b0464967c29@group-36F5C8162F17-SegmentedRaftLogWorker: created new log segment /workdir/hadoop-ozone/integration-test/target/test-dir/MiniOzoneClusterImpl-7d9c4453-492c-478b-a0e0-2871dbe18f6e/datanode-2/data/ratis/51abcbcb-b009-4a59-b600-36f5c8162f17/current/log_inprogress_0
2019-09-25 12:10:43,528 [Thread-710] INFO  impl.FollowerState (FollowerState.java:run(106)) - 06c06a68-4e48-447d-bb45-a3dc0e88cff1:group-5058360C8EF9 changes to CANDIDATE, lastRpcTime:5007, electionTimeout:5007ms
2019-09-25 12:10:43,528 [Thread-710] INFO  impl.RoleInfo (RoleInfo.java:shutdownFollowerState(121)) - 06c06a68-4e48-447d-bb45-a3dc0e88cff1: shutdown FollowerState
2019-09-25 12:10:43,528 [Thread-710] INFO  impl.RaftServerImpl (RaftServerImpl.java:setRole(174)) - 06c06a68-4e48-447d-bb45-a3dc0e88cff1@group-5058360C8EF9: changes role from  FOLLOWER to CANDIDATE at term 0 for changeToCandidate
2019-09-25 12:10:43,528 [Thread-710] INFO  impl.RoleInfo (RoleInfo.java:updateAndGet(143)) - 06c06a68-4e48-447d-bb45-a3dc0e88cff1: start LeaderElection
2019-09-25 12:10:43,547 [06c06a68-4e48-447d-bb45-a3dc0e88cff1@group-5058360C8EF9:LeaderElection49] INFO  impl.LeaderElection (LeaderElection.java:askForVotes(182)) - 06c06a68-4e48-447d-bb45-a3dc0e88cff1@group-5058360C8EF9:LeaderElection49: begin an election at term 1 for -1: [06c06a68-4e48-447d-bb45-a3dc0e88cff1:192.168.151.73:34720], old=null
2019-09-25 12:10:43,548 [06c06a68-4e48-447d-bb45-a3dc0e88cff1@group-5058360C8EF9:LeaderElection49] INFO  impl.RoleInfo (RoleInfo.java:shutdownLeaderElection(134)) - 06c06a68-4e48-447d-bb45-a3dc0e88cff1: shutdown LeaderElection
2019-09-25 12:10:43,548 [06c06a68-4e48-447d-bb45-a3dc0e88cff1@group-5058360C8EF9:LeaderElection49] INFO  impl.RaftServerImpl (RaftServerImpl.java:setRole(174)) - 06c06a68-4e48-447d-bb45-a3dc0e88cff1@group-5058360C8EF9: changes role from CANDIDATE to LEADER at term 1 for changeToLeader
2019-09-25 12:10:43,548 [06c06a68-4e48-447d-bb45-a3dc0e88cff1@group-5058360C8EF9:LeaderElection49] INFO  impl.RaftServerImpl (ServerState.java:setLeader(253)) - 06c06a68-4e48-447d-bb45-a3dc0e88cff1@group-5058360C8EF9: change Leader from null to 06c06a68-4e48-447d-bb45-a3dc0e88cff1 at term 1 for becomeLeader, leader elected after 5033ms
2019-09-25 12:10:43,548 [06c06a68-4e48-447d-bb45-a3dc0e88cff1@group-5058360C8EF9:LeaderElection49] INFO  server.RaftServerConfigKeys (ConfUtils.java:logGet(43)) - raft.server.staging.catchup.gap = 1000 (default)
2019-09-25 12:10:43,548 [06c06a68-4e48-447d-bb45-a3dc0e88cff1@group-5058360C8EF9:LeaderElection49] INFO  server.RaftServerConfigKeys (ConfUtils.java:logGet(43)) - raft.server.rpc.sleep.time = 25ms (default)
2019-09-25 12:10:43,548 [06c06a68-4e48-447d-bb45-a3dc0e88cff1@group-5058360C8EF9:LeaderElection49] INFO  server.RaftServerConfigKeys (ConfUtils.java:logGet(43)) - raft.server.write.element-limit = 4096 (default)
2019-09-25 12:10:43,549 [06c06a68-4e48-447d-bb45-a3dc0e88cff1@group-5058360C8EF9:LeaderElection49] INFO  server.RaftServerConfigKeys (ConfUtils.java:logGet(43)) - raft.server.watch.timeout = 10s (default)
2019-09-25 12:10:43,549 [06c06a68-4e48-447d-bb45-a3dc0e88cff1@group-5058360C8EF9:LeaderElection49] INFO  server.RaftServerConfigKeys (ConfUtils.java:logGet(43)) - raft.server.watch.timeout.denomination = 1s (default)
2019-09-25 12:10:43,549 [06c06a68-4e48-447d-bb45-a3dc0e88cff1@group-5058360C8EF9:LeaderElection49] INFO  server.RaftServerConfigKeys (ConfUtils.java:logGet(43)) - raft.server.watch.element-limit = 65536 (default)
2019-09-25 12:10:43,551 [06c06a68-4e48-447d-bb45-a3dc0e88cff1@group-5058360C8EF9:LeaderElection49] INFO  impl.RoleInfo (RoleInfo.java:updateAndGet(143)) - 06c06a68-4e48-447d-bb45-a3dc0e88cff1: start LeaderState
2019-09-25 12:10:43,551 [06c06a68-4e48-447d-bb45-a3dc0e88cff1@group-5058360C8EF9:LeaderElection49] INFO  segmented.SegmentedRaftLogWorker (SegmentedRaftLogWorker.java:startLogSegment(380)) - 06c06a68-4e48-447d-bb45-a3dc0e88cff1@group-5058360C8EF9-SegmentedRaftLogWorker: Starting segment from index:0
2019-09-25 12:10:43,551 [06c06a68-4e48-447d-bb45-a3dc0e88cff1@group-5058360C8EF9:LeaderElection49] INFO  impl.RaftServerImpl (ServerState.java:setRaftConf(354)) - 06c06a68-4e48-447d-bb45-a3dc0e88cff1@group-5058360C8EF9: set configuration 0: [06c06a68-4e48-447d-bb45-a3dc0e88cff1:192.168.151.73:34720], old=null at 0
2019-09-25 12:10:43,564 [Thread-704] INFO  impl.FollowerState (FollowerState.java:run(106)) - 06c06a68-4e48-447d-bb45-a3dc0e88cff1:group-B3FCE94EBA28 changes to CANDIDATE, lastRpcTime:5153, electionTimeout:5153ms
2019-09-25 12:10:43,564 [Thread-704] INFO  impl.RoleInfo (RoleInfo.java:shutdownFollowerState(121)) - 06c06a68-4e48-447d-bb45-a3dc0e88cff1: shutdown FollowerState
2019-09-25 12:10:43,565 [Thread-704] INFO  impl.RaftServerImpl (RaftServerImpl.java:setRole(174)) - 06c06a68-4e48-447d-bb45-a3dc0e88cff1@group-B3FCE94EBA28: changes role from  FOLLOWER to CANDIDATE at term 0 for changeToCandidate
2019-09-25 12:10:43,565 [Thread-704] INFO  impl.RoleInfo (RoleInfo.java:updateAndGet(143)) - 06c06a68-4e48-447d-bb45-a3dc0e88cff1: start LeaderElection
2019-09-25 12:10:43,593 [Thread-713] INFO  impl.FollowerState (FollowerState.java:run(106)) - 06c06a68-4e48-447d-bb45-a3dc0e88cff1:group-8E10A34249DB changes to CANDIDATE, lastRpcTime:5027, electionTimeout:5022ms
2019-09-25 12:10:43,594 [Thread-707] INFO  impl.FollowerState (FollowerState.java:run(106)) - 80deecc8-67d2-4886-a269-aab5f88a17c2:group-CDC56F406E1B changes to CANDIDATE, lastRpcTime:5128, electionTimeout:5110ms
2019-09-25 12:10:43,594 [Thread-713] INFO  impl.RoleInfo (RoleInfo.java:shutdownFollowerState(121)) - 06c06a68-4e48-447d-bb45-a3dc0e88cff1: shutdown FollowerState
2019-09-25 12:10:43,594 [Thread-707] INFO  impl.RoleInfo (RoleInfo.java:shutdownFollowerState(121)) - 80deecc8-67d2-4886-a269-aab5f88a17c2: shutdown FollowerState
2019-09-25 12:10:43,594 [Thread-713] INFO  impl.RaftServerImpl (RaftServerImpl.java:setRole(174)) - 06c06a68-4e48-447d-bb45-a3dc0e88cff1@group-8E10A34249DB: changes role from  FOLLOWER to CANDIDATE at term 0 for changeToCandidate
2019-09-25 12:10:43,594 [Thread-707] INFO  impl.RaftServerImpl (RaftServerImpl.java:setRole(174)) - 80deecc8-67d2-4886-a269-aab5f88a17c2@group-CDC56F406E1B: changes role from  FOLLOWER to CANDIDATE at term 0 for changeToCandidate
2019-09-25 12:10:43,594 [Thread-713] INFO  impl.RoleInfo (RoleInfo.java:updateAndGet(143)) - 06c06a68-4e48-447d-bb45-a3dc0e88cff1: start LeaderElection
2019-09-25 12:10:43,594 [Thread-707] INFO  impl.RoleInfo (RoleInfo.java:updateAndGet(143)) - 80deecc8-67d2-4886-a269-aab5f88a17c2: start LeaderElection
2019-09-25 12:10:43,606 [06c06a68-4e48-447d-bb45-a3dc0e88cff1@group-5058360C8EF9-SegmentedRaftLogWorker] INFO  segmented.SegmentedRaftLogWorker (SegmentedRaftLogWorker.java:execute(569)) - 06c06a68-4e48-447d-bb45-a3dc0e88cff1@group-5058360C8EF9-SegmentedRaftLogWorker: created new log segment /workdir/hadoop-ozone/integration-test/target/test-dir/MiniOzoneClusterImpl-7d9c4453-492c-478b-a0e0-2871dbe18f6e/datanode-0/data/ratis/f6ddbc31-b98f-43a2-a9ba-5058360c8ef9/current/log_inprogress_0
2019-09-25 12:10:43,606 [06c06a68-4e48-447d-bb45-a3dc0e88cff1@group-B3FCE94EBA28:LeaderElection50] INFO  impl.LeaderElection (LeaderElection.java:askForVotes(182)) - 06c06a68-4e48-447d-bb45-a3dc0e88cff1@group-B3FCE94EBA28:LeaderElection50: begin an election at term 1 for -1: [06c06a68-4e48-447d-bb45-a3dc0e88cff1:192.168.151.73:34720], old=null
2019-09-25 12:10:43,606 [06c06a68-4e48-447d-bb45-a3dc0e88cff1@group-8E10A34249DB:LeaderElection51] INFO  impl.LeaderElection (LeaderElection.java:askForVotes(182)) - 06c06a68-4e48-447d-bb45-a3dc0e88cff1@group-8E10A34249DB:LeaderElection51: begin an election at term 1 for -1: [06c06a68-4e48-447d-bb45-a3dc0e88cff1:192.168.151.73:34720], old=null
2019-09-25 12:10:43,606 [80deecc8-67d2-4886-a269-aab5f88a17c2@group-CDC56F406E1B:LeaderElection52] INFO  impl.LeaderElection (LeaderElection.java:askForVotes(182)) - 80deecc8-67d2-4886-a269-aab5f88a17c2@group-CDC56F406E1B:LeaderElection52: begin an election at term 1 for -1: [80deecc8-67d2-4886-a269-aab5f88a17c2:192.168.151.73:41765], old=null
2019-09-25 12:10:43,607 [06c06a68-4e48-447d-bb45-a3dc0e88cff1@group-8E10A34249DB:LeaderElection51] INFO  impl.RoleInfo (RoleInfo.java:shutdownLeaderElection(134)) - 06c06a68-4e48-447d-bb45-a3dc0e88cff1: shutdown LeaderElection
2019-09-25 12:10:43,607 [06c06a68-4e48-447d-bb45-a3dc0e88cff1@group-B3FCE94EBA28:LeaderElection50] INFO  impl.RoleInfo (RoleInfo.java:shutdownLeaderElection(134)) - 06c06a68-4e48-447d-bb45-a3dc0e88cff1: shutdown LeaderElection
2019-09-25 12:10:43,607 [06c06a68-4e48-447d-bb45-a3dc0e88cff1@group-8E10A34249DB:LeaderElection51] INFO  impl.RaftServerImpl (RaftServerImpl.java:setRole(174)) - 06c06a68-4e48-447d-bb45-a3dc0e88cff1@group-8E10A34249DB: changes role from CANDIDATE to LEADER at term 1 for changeToLeader
2019-09-25 12:10:43,607 [80deecc8-67d2-4886-a269-aab5f88a17c2@group-CDC56F406E1B:LeaderElection52] INFO  impl.RoleInfo (RoleInfo.java:shutdownLeaderElection(134)) - 80deecc8-67d2-4886-a269-aab5f88a17c2: shutdown LeaderElection
2019-09-25 12:10:43,607 [06c06a68-4e48-447d-bb45-a3dc0e88cff1@group-8E10A34249DB:LeaderElection51] INFO  impl.RaftServerImpl (ServerState.java:setLeader(253)) - 06c06a68-4e48-447d-bb45-a3dc0e88cff1@group-8E10A34249DB: change Leader from null to 06c06a68-4e48-447d-bb45-a3dc0e88cff1 at term 1 for becomeLeader, leader elected after 5047ms
2019-09-25 12:10:43,607 [06c06a68-4e48-447d-bb45-a3dc0e88cff1@group-B3FCE94EBA28:LeaderElection50] INFO  impl.RaftServerImpl (RaftServerImpl.java:setRole(174)) - 06c06a68-4e48-447d-bb45-a3dc0e88cff1@group-B3FCE94EBA28: changes role from CANDIDATE to LEADER at term 1 for changeToLeader
2019-09-25 12:10:43,608 [06c06a68-4e48-447d-bb45-a3dc0e88cff1@group-8E10A34249DB:LeaderElection51] INFO  server.RaftServerConfigKeys (ConfUtils.java:logGet(43)) - raft.server.staging.catchup.gap = 1000 (default)
2019-09-25 12:10:43,607 [80deecc8-67d2-4886-a269-aab5f88a17c2@group-CDC56F406E1B:LeaderElection52] INFO  impl.RaftServerImpl (RaftServerImpl.java:setRole(174)) - 80deecc8-67d2-4886-a269-aab5f88a17c2@group-CDC56F406E1B: changes role from CANDIDATE to LEADER at term 1 for changeToLeader
2019-09-25 12:10:43,608 [06c06a68-4e48-447d-bb45-a3dc0e88cff1@group-8E10A34249DB:LeaderElection51] INFO  server.RaftServerConfigKeys (ConfUtils.java:logGet(43)) - raft.server.rpc.sleep.time = 25ms (default)
2019-09-25 12:10:43,608 [06c06a68-4e48-447d-bb45-a3dc0e88cff1@group-B3FCE94EBA28:LeaderElection50] INFO  impl.RaftServerImpl (ServerState.java:setLeader(253)) - 06c06a68-4e48-447d-bb45-a3dc0e88cff1@group-B3FCE94EBA28: change Leader from null to 06c06a68-4e48-447d-bb45-a3dc0e88cff1 at term 1 for becomeLeader, leader elected after 5202ms
2019-09-25 12:10:43,608 [06c06a68-4e48-447d-bb45-a3dc0e88cff1@group-8E10A34249DB:LeaderElection51] INFO  server.RaftServerConfigKeys (ConfUtils.java:logGet(43)) - raft.server.write.element-limit = 4096 (default)
2019-09-25 12:10:43,608 [80deecc8-67d2-4886-a269-aab5f88a17c2@group-CDC56F406E1B:LeaderElection52] INFO  impl.RaftServerImpl (ServerState.java:setLeader(253)) - 80deecc8-67d2-4886-a269-aab5f88a17c2@group-CDC56F406E1B: change Leader from null to 80deecc8-67d2-4886-a269-aab5f88a17c2 at term 1 for becomeLeader, leader elected after 5150ms
2019-09-25 12:10:43,608 [06c06a68-4e48-447d-bb45-a3dc0e88cff1@group-8E10A34249DB:LeaderElection51] INFO  server.RaftServerConfigKeys (ConfUtils.java:logGet(43)) - raft.server.watch.timeout = 10s (default)
2019-09-25 12:10:43,611 [80deecc8-67d2-4886-a269-aab5f88a17c2@group-CDC56F406E1B:LeaderElection52] INFO  server.RaftServerConfigKeys (ConfUtils.java:logGet(43)) - raft.server.staging.catchup.gap = 1000 (default)
2019-09-25 12:10:43,608 [06c06a68-4e48-447d-bb45-a3dc0e88cff1@group-B3FCE94EBA28:LeaderElection50] INFO  server.RaftServerConfigKeys (ConfUtils.java:logGet(43)) - raft.server.staging.catchup.gap = 1000 (default)
2019-09-25 12:10:43,612 [80deecc8-67d2-4886-a269-aab5f88a17c2@group-CDC56F406E1B:LeaderElection52] INFO  server.RaftServerConfigKeys (ConfUtils.java:logGet(43)) - raft.server.rpc.sleep.time = 25ms (default)
2019-09-25 12:10:43,611 [06c06a68-4e48-447d-bb45-a3dc0e88cff1@group-8E10A34249DB:LeaderElection51] INFO  server.RaftServerConfigKeys (ConfUtils.java:logGet(43)) - raft.server.watch.timeout.denomination = 1s (default)
2019-09-25 12:10:43,612 [80deecc8-67d2-4886-a269-aab5f88a17c2@group-CDC56F406E1B:LeaderElection52] INFO  server.RaftServerConfigKeys (ConfUtils.java:logGet(43)) - raft.server.write.element-limit = 4096 (default)
2019-09-25 12:10:43,612 [06c06a68-4e48-447d-bb45-a3dc0e88cff1@group-B3FCE94EBA28:LeaderElection50] INFO  server.RaftServerConfigKeys (ConfUtils.java:logGet(43)) - raft.server.rpc.sleep.time = 25ms (default)
2019-09-25 12:10:43,612 [80deecc8-67d2-4886-a269-aab5f88a17c2@group-CDC56F406E1B:LeaderElection52] INFO  server.RaftServerConfigKeys (ConfUtils.java:logGet(43)) - raft.server.watch.timeout = 10s (default)
2019-09-25 12:10:43,612 [06c06a68-4e48-447d-bb45-a3dc0e88cff1@group-8E10A34249DB:LeaderElection51] INFO  server.RaftServerConfigKeys (ConfUtils.java:logGet(43)) - raft.server.watch.element-limit = 65536 (default)
2019-09-25 12:10:43,613 [80deecc8-67d2-4886-a269-aab5f88a17c2@group-CDC56F406E1B:LeaderElection52] INFO  server.RaftServerConfigKeys (ConfUtils.java:logGet(43)) - raft.server.watch.timeout.denomination = 1s (default)
2019-09-25 12:10:43,613 [80deecc8-67d2-4886-a269-aab5f88a17c2@group-CDC56F406E1B:LeaderElection52] INFO  server.RaftServerConfigKeys (ConfUtils.java:logGet(43)) - raft.server.watch.element-limit = 65536 (default)
2019-09-25 12:10:43,613 [06c06a68-4e48-447d-bb45-a3dc0e88cff1@group-B3FCE94EBA28:LeaderElection50] INFO  server.RaftServerConfigKeys (ConfUtils.java:logGet(43)) - raft.server.write.element-limit = 4096 (default)
2019-09-25 12:10:43,613 [06c06a68-4e48-447d-bb45-a3dc0e88cff1@group-B3FCE94EBA28:LeaderElection50] INFO  server.RaftServerConfigKeys (ConfUtils.java:logGet(43)) - raft.server.watch.timeout = 10s (default)
2019-09-25 12:10:43,614 [06c06a68-4e48-447d-bb45-a3dc0e88cff1@group-B3FCE94EBA28:LeaderElection50] INFO  server.RaftServerConfigKeys (ConfUtils.java:logGet(43)) - raft.server.watch.timeout.denomination = 1s (default)
2019-09-25 12:10:43,614 [06c06a68-4e48-447d-bb45-a3dc0e88cff1@group-B3FCE94EBA28:LeaderElection50] INFO  server.RaftServerConfigKeys (ConfUtils.java:logGet(43)) - raft.server.watch.element-limit = 65536 (default)
2019-09-25 12:10:43,616 [06c06a68-4e48-447d-bb45-a3dc0e88cff1@group-8E10A34249DB:LeaderElection51] INFO  impl.RoleInfo (RoleInfo.java:updateAndGet(143)) - 06c06a68-4e48-447d-bb45-a3dc0e88cff1: start LeaderState
2019-09-25 12:10:43,616 [06c06a68-4e48-447d-bb45-a3dc0e88cff1@group-8E10A34249DB:LeaderElection51] INFO  segmented.SegmentedRaftLogWorker (SegmentedRaftLogWorker.java:startLogSegment(380)) - 06c06a68-4e48-447d-bb45-a3dc0e88cff1@group-8E10A34249DB-SegmentedRaftLogWorker: Starting segment from index:0
2019-09-25 12:10:43,616 [80deecc8-67d2-4886-a269-aab5f88a17c2@group-CDC56F406E1B:LeaderElection52] INFO  impl.RoleInfo (RoleInfo.java:updateAndGet(143)) - 80deecc8-67d2-4886-a269-aab5f88a17c2: start LeaderState
2019-09-25 12:10:43,617 [06c06a68-4e48-447d-bb45-a3dc0e88cff1@group-8E10A34249DB:LeaderElection51] INFO  impl.RaftServerImpl (ServerState.java:setRaftConf(354)) - 06c06a68-4e48-447d-bb45-a3dc0e88cff1@group-8E10A34249DB: set configuration 0: [06c06a68-4e48-447d-bb45-a3dc0e88cff1:192.168.151.73:34720], old=null at 0
2019-09-25 12:10:43,617 [80deecc8-67d2-4886-a269-aab5f88a17c2@group-CDC56F406E1B:LeaderElection52] INFO  segmented.SegmentedRaftLogWorker (SegmentedRaftLogWorker.java:startLogSegment(380)) - 80deecc8-67d2-4886-a269-aab5f88a17c2@group-CDC56F406E1B-SegmentedRaftLogWorker: Starting segment from index:0
2019-09-25 12:10:43,617 [06c06a68-4e48-447d-bb45-a3dc0e88cff1@group-B3FCE94EBA28:LeaderElection50] INFO  impl.RoleInfo (RoleInfo.java:updateAndGet(143)) - 06c06a68-4e48-447d-bb45-a3dc0e88cff1: start LeaderState
2019-09-25 12:10:43,617 [80deecc8-67d2-4886-a269-aab5f88a17c2@group-CDC56F406E1B:LeaderElection52] INFO  impl.RaftServerImpl (ServerState.java:setRaftConf(354)) - 80deecc8-67d2-4886-a269-aab5f88a17c2@group-CDC56F406E1B: set configuration 0: [80deecc8-67d2-4886-a269-aab5f88a17c2:192.168.151.73:41765], old=null at 0
2019-09-25 12:10:43,617 [06c06a68-4e48-447d-bb45-a3dc0e88cff1@group-B3FCE94EBA28:LeaderElection50] INFO  segmented.SegmentedRaftLogWorker (SegmentedRaftLogWorker.java:startLogSegment(380)) - 06c06a68-4e48-447d-bb45-a3dc0e88cff1@group-B3FCE94EBA28-SegmentedRaftLogWorker: Starting segment from index:0
2019-09-25 12:10:43,618 [06c06a68-4e48-447d-bb45-a3dc0e88cff1@group-B3FCE94EBA28:LeaderElection50] INFO  impl.RaftServerImpl (ServerState.java:setRaftConf(354)) - 06c06a68-4e48-447d-bb45-a3dc0e88cff1@group-B3FCE94EBA28: set configuration 0: [06c06a68-4e48-447d-bb45-a3dc0e88cff1:192.168.151.73:34720], old=null at 0
2019-09-25 12:10:43,641 [Thread-716] INFO  impl.FollowerState (FollowerState.java:run(106)) - c6fa9dcb-3f15-43b4-bafe-b7e2932cba65:group-220B70F062DA changes to CANDIDATE, lastRpcTime:5009, electionTimeout:5009ms
2019-09-25 12:10:43,641 [Thread-716] INFO  impl.RoleInfo (RoleInfo.java:shutdownFollowerState(121)) - c6fa9dcb-3f15-43b4-bafe-b7e2932cba65: shutdown FollowerState
2019-09-25 12:10:43,641 [Thread-716] INFO  impl.RaftServerImpl (RaftServerImpl.java:setRole(174)) - c6fa9dcb-3f15-43b4-bafe-b7e2932cba65@group-220B70F062DA: changes role from  FOLLOWER to CANDIDATE at term 0 for changeToCandidate
2019-09-25 12:10:43,641 [Thread-716] INFO  impl.RoleInfo (RoleInfo.java:updateAndGet(143)) - c6fa9dcb-3f15-43b4-bafe-b7e2932cba65: start LeaderElection
2019-09-25 12:10:43,692 [80deecc8-67d2-4886-a269-aab5f88a17c2@group-CDC56F406E1B-SegmentedRaftLogWorker] INFO  segmented.SegmentedRaftLogWorker (SegmentedRaftLogWorker.java:execute(569)) - 80deecc8-67d2-4886-a269-aab5f88a17c2@group-CDC56F406E1B-SegmentedRaftLogWorker: created new log segment /workdir/hadoop-ozone/integration-test/target/test-dir/MiniOzoneClusterImpl-7d9c4453-492c-478b-a0e0-2871dbe18f6e/datanode-4/data/ratis/d8ffa0e2-69b9-468a-8c22-cdc56f406e1b/current/log_inprogress_0
2019-09-25 12:10:43,692 [c6fa9dcb-3f15-43b4-bafe-b7e2932cba65@group-220B70F062DA:LeaderElection53] INFO  impl.LeaderElection (LeaderElection.java:askForVotes(182)) - c6fa9dcb-3f15-43b4-bafe-b7e2932cba65@group-220B70F062DA:LeaderElection53: begin an election at term 1 for -1: [c6fa9dcb-3f15-43b4-bafe-b7e2932cba65:192.168.151.73:46687], old=null
2019-09-25 12:10:43,692 [06c06a68-4e48-447d-bb45-a3dc0e88cff1@group-8E10A34249DB-SegmentedRaftLogWorker] INFO  segmented.SegmentedRaftLogWorker (SegmentedRaftLogWorker.java:execute(569)) - 06c06a68-4e48-447d-bb45-a3dc0e88cff1@group-8E10A34249DB-SegmentedRaftLogWorker: created new log segment /workdir/hadoop-ozone/integration-test/target/test-dir/MiniOzoneClusterImpl-7d9c4453-492c-478b-a0e0-2871dbe18f6e/datanode-0/data/ratis/3dc658d9-b5a1-4348-ba37-8e10a34249db/current/log_inprogress_0
2019-09-25 12:10:43,692 [06c06a68-4e48-447d-bb45-a3dc0e88cff1@group-B3FCE94EBA28-SegmentedRaftLogWorker] INFO  segmented.SegmentedRaftLogWorker (SegmentedRaftLogWorker.java:execute(569)) - 06c06a68-4e48-447d-bb45-a3dc0e88cff1@group-B3FCE94EBA28-SegmentedRaftLogWorker: created new log segment /workdir/hadoop-ozone/integration-test/target/test-dir/MiniOzoneClusterImpl-7d9c4453-492c-478b-a0e0-2871dbe18f6e/datanode-0/data/ratis/4d7a42bf-6e07-4bb5-8178-b3fce94eba28/current/log_inprogress_0
2019-09-25 12:10:43,692 [c6fa9dcb-3f15-43b4-bafe-b7e2932cba65@group-220B70F062DA:LeaderElection53] INFO  impl.RoleInfo (RoleInfo.java:shutdownLeaderElection(134)) - c6fa9dcb-3f15-43b4-bafe-b7e2932cba65: shutdown LeaderElection
2019-09-25 12:10:43,693 [c6fa9dcb-3f15-43b4-bafe-b7e2932cba65@group-220B70F062DA:LeaderElection53] INFO  impl.RaftServerImpl (RaftServerImpl.java:setRole(174)) - c6fa9dcb-3f15-43b4-bafe-b7e2932cba65@group-220B70F062DA: changes role from CANDIDATE to LEADER at term 1 for changeToLeader
2019-09-25 12:10:43,693 [c6fa9dcb-3f15-43b4-bafe-b7e2932cba65@group-220B70F062DA:LeaderElection53] INFO  impl.RaftServerImpl (ServerState.java:setLeader(253)) - c6fa9dcb-3f15-43b4-bafe-b7e2932cba65@group-220B70F062DA: change Leader from null to c6fa9dcb-3f15-43b4-bafe-b7e2932cba65 at term 1 for becomeLeader, leader elected after 5069ms
2019-09-25 12:10:43,693 [c6fa9dcb-3f15-43b4-bafe-b7e2932cba65@group-220B70F062DA:LeaderElection53] INFO  server.RaftServerConfigKeys (ConfUtils.java:logGet(43)) - raft.server.staging.catchup.gap = 1000 (default)
2019-09-25 12:10:43,693 [c6fa9dcb-3f15-43b4-bafe-b7e2932cba65@group-220B70F062DA:LeaderElection53] INFO  server.RaftServerConfigKeys (ConfUtils.java:logGet(43)) - raft.server.rpc.sleep.time = 25ms (default)
2019-09-25 12:10:43,693 [c6fa9dcb-3f15-43b4-bafe-b7e2932cba65@group-220B70F062DA:LeaderElection53] INFO  server.RaftServerConfigKeys (ConfUtils.java:logGet(43)) - raft.server.write.element-limit = 4096 (default)
2019-09-25 12:10:43,694 [c6fa9dcb-3f15-43b4-bafe-b7e2932cba65@group-220B70F062DA:LeaderElection53] INFO  server.RaftServerConfigKeys (ConfUtils.java:logGet(43)) - raft.server.watch.timeout = 10s (default)
2019-09-25 12:10:43,694 [c6fa9dcb-3f15-43b4-bafe-b7e2932cba65@group-220B70F062DA:LeaderElection53] INFO  server.RaftServerConfigKeys (ConfUtils.java:logGet(43)) - raft.server.watch.timeout.denomination = 1s (default)
2019-09-25 12:10:43,694 [c6fa9dcb-3f15-43b4-bafe-b7e2932cba65@group-220B70F062DA:LeaderElection53] INFO  server.RaftServerConfigKeys (ConfUtils.java:logGet(43)) - raft.server.watch.element-limit = 65536 (default)
2019-09-25 12:10:43,696 [c6fa9dcb-3f15-43b4-bafe-b7e2932cba65@group-220B70F062DA:LeaderElection53] INFO  impl.RoleInfo (RoleInfo.java:updateAndGet(143)) - c6fa9dcb-3f15-43b4-bafe-b7e2932cba65: start LeaderState
2019-09-25 12:10:43,696 [c6fa9dcb-3f15-43b4-bafe-b7e2932cba65@group-220B70F062DA:LeaderElection53] INFO  segmented.SegmentedRaftLogWorker (SegmentedRaftLogWorker.java:startLogSegment(380)) - c6fa9dcb-3f15-43b4-bafe-b7e2932cba65@group-220B70F062DA-SegmentedRaftLogWorker: Starting segment from index:0
2019-09-25 12:10:43,697 [c6fa9dcb-3f15-43b4-bafe-b7e2932cba65@group-220B70F062DA:LeaderElection53] INFO  impl.RaftServerImpl (ServerState.java:setRaftConf(354)) - c6fa9dcb-3f15-43b4-bafe-b7e2932cba65@group-220B70F062DA: set configuration 0: [c6fa9dcb-3f15-43b4-bafe-b7e2932cba65:192.168.151.73:46687], old=null at 0
2019-09-25 12:10:43,748 [c6fa9dcb-3f15-43b4-bafe-b7e2932cba65@group-220B70F062DA-SegmentedRaftLogWorker] INFO  segmented.SegmentedRaftLogWorker (SegmentedRaftLogWorker.java:execute(569)) - c6fa9dcb-3f15-43b4-bafe-b7e2932cba65@group-220B70F062DA-SegmentedRaftLogWorker: created new log segment /workdir/hadoop-ozone/integration-test/target/test-dir/MiniOzoneClusterImpl-7d9c4453-492c-478b-a0e0-2871dbe18f6e/datanode-1/data/ratis/6a526d47-15fd-4008-95cb-220b70f062da/current/log_inprogress_0
2019-09-25 12:10:43,754 [Thread-719] INFO  impl.FollowerState (FollowerState.java:run(106)) - 672ef084-74ba-47a7-a215-7b0464967c29:group-3D4083A8534B changes to CANDIDATE, lastRpcTime:5064, electionTimeout:5064ms
2019-09-25 12:10:43,754 [Thread-719] INFO  impl.RoleInfo (RoleInfo.java:shutdownFollowerState(121)) - 672ef084-74ba-47a7-a215-7b0464967c29: shutdown FollowerState
2019-09-25 12:10:43,754 [Thread-719] INFO  impl.RaftServerImpl (RaftServerImpl.java:setRole(174)) - 672ef084-74ba-47a7-a215-7b0464967c29@group-3D4083A8534B: changes role from  FOLLOWER to CANDIDATE at term 0 for changeToCandidate
2019-09-25 12:10:43,754 [Thread-719] INFO  impl.RoleInfo (RoleInfo.java:updateAndGet(143)) - 672ef084-74ba-47a7-a215-7b0464967c29: start LeaderElection
2019-09-25 12:10:43,761 [672ef084-74ba-47a7-a215-7b0464967c29@group-3D4083A8534B:LeaderElection54] INFO  impl.LeaderElection (LeaderElection.java:askForVotes(182)) - 672ef084-74ba-47a7-a215-7b0464967c29@group-3D4083A8534B:LeaderElection54: begin an election at term 1 for -1: [672ef084-74ba-47a7-a215-7b0464967c29:192.168.151.73:46323], old=null
2019-09-25 12:10:43,762 [672ef084-74ba-47a7-a215-7b0464967c29@group-3D4083A8534B:LeaderElection54] INFO  impl.RoleInfo (RoleInfo.java:shutdownLeaderElection(134)) - 672ef084-74ba-47a7-a215-7b0464967c29: shutdown LeaderElection
2019-09-25 12:10:43,762 [672ef084-74ba-47a7-a215-7b0464967c29@group-3D4083A8534B:LeaderElection54] INFO  impl.RaftServerImpl (RaftServerImpl.java:setRole(174)) - 672ef084-74ba-47a7-a215-7b0464967c29@group-3D4083A8534B: changes role from CANDIDATE to LEADER at term 1 for changeToLeader
2019-09-25 12:10:43,762 [672ef084-74ba-47a7-a215-7b0464967c29@group-3D4083A8534B:LeaderElection54] INFO  impl.RaftServerImpl (ServerState.java:setLeader(253)) - 672ef084-74ba-47a7-a215-7b0464967c29@group-3D4083A8534B: change Leader from null to 672ef084-74ba-47a7-a215-7b0464967c29 at term 1 for becomeLeader, leader elected after 5079ms
2019-09-25 12:10:43,762 [672ef084-74ba-47a7-a215-7b0464967c29@group-3D4083A8534B:LeaderElection54] INFO  server.RaftServerConfigKeys (ConfUtils.java:logGet(43)) - raft.server.staging.catchup.gap = 1000 (default)
2019-09-25 12:10:43,762 [672ef084-74ba-47a7-a215-7b0464967c29@group-3D4083A8534B:LeaderElection54] INFO  server.RaftServerConfigKeys (ConfUtils.java:logGet(43)) - raft.server.rpc.sleep.time = 25ms (default)
2019-09-25 12:10:43,762 [672ef084-74ba-47a7-a215-7b0464967c29@group-3D4083A8534B:LeaderElection54] INFO  server.RaftServerConfigKeys (ConfUtils.java:logGet(43)) - raft.server.write.element-limit = 4096 (default)
2019-09-25 12:10:43,763 [672ef084-74ba-47a7-a215-7b0464967c29@group-3D4083A8534B:LeaderElection54] INFO  server.RaftServerConfigKeys (ConfUtils.java:logGet(43)) - raft.server.watch.timeout = 10s (default)
2019-09-25 12:10:43,763 [672ef084-74ba-47a7-a215-7b0464967c29@group-3D4083A8534B:LeaderElection54] INFO  server.RaftServerConfigKeys (ConfUtils.java:logGet(43)) - raft.server.watch.timeout.denomination = 1s (default)
2019-09-25 12:10:43,763 [672ef084-74ba-47a7-a215-7b0464967c29@group-3D4083A8534B:LeaderElection54] INFO  server.RaftServerConfigKeys (ConfUtils.java:logGet(43)) - raft.server.watch.element-limit = 65536 (default)
2019-09-25 12:10:43,765 [672ef084-74ba-47a7-a215-7b0464967c29@group-3D4083A8534B:LeaderElection54] INFO  impl.RoleInfo (RoleInfo.java:updateAndGet(143)) - 672ef084-74ba-47a7-a215-7b0464967c29: start LeaderState
2019-09-25 12:10:43,765 [672ef084-74ba-47a7-a215-7b0464967c29@group-3D4083A8534B:LeaderElection54] INFO  segmented.SegmentedRaftLogWorker (SegmentedRaftLogWorker.java:startLogSegment(380)) - 672ef084-74ba-47a7-a215-7b0464967c29@group-3D4083A8534B-SegmentedRaftLogWorker: Starting segment from index:0
2019-09-25 12:10:43,765 [672ef084-74ba-47a7-a215-7b0464967c29@group-3D4083A8534B:LeaderElection54] INFO  impl.RaftServerImpl (ServerState.java:setRaftConf(354)) - 672ef084-74ba-47a7-a215-7b0464967c29@group-3D4083A8534B: set configuration 0: [672ef084-74ba-47a7-a215-7b0464967c29:192.168.151.73:46323], old=null at 0
2019-09-25 12:10:43,827 [672ef084-74ba-47a7-a215-7b0464967c29@group-3D4083A8534B-SegmentedRaftLogWorker] INFO  segmented.SegmentedRaftLogWorker (SegmentedRaftLogWorker.java:execute(569)) - 672ef084-74ba-47a7-a215-7b0464967c29@group-3D4083A8534B-SegmentedRaftLogWorker: created new log segment /workdir/hadoop-ozone/integration-test/target/test-dir/MiniOzoneClusterImpl-7d9c4453-492c-478b-a0e0-2871dbe18f6e/datanode-2/data/ratis/ff9b7d33-8bbe-4ea7-bff7-3d4083a8534b/current/log_inprogress_0
2019-09-25 12:10:43,837 [Thread-722] INFO  impl.FollowerState (FollowerState.java:run(106)) - 672ef084-74ba-47a7-a215-7b0464967c29:group-BC0E168631E1 changes to CANDIDATE, lastRpcTime:5100, electionTimeout:5100ms
2019-09-25 12:10:43,837 [Thread-722] INFO  impl.RoleInfo (RoleInfo.java:shutdownFollowerState(121)) - 672ef084-74ba-47a7-a215-7b0464967c29: shutdown FollowerState
2019-09-25 12:10:43,837 [Thread-722] INFO  impl.RaftServerImpl (RaftServerImpl.java:setRole(174)) - 672ef084-74ba-47a7-a215-7b0464967c29@group-BC0E168631E1: changes role from  FOLLOWER to CANDIDATE at term 0 for changeToCandidate
2019-09-25 12:10:43,837 [Thread-722] INFO  impl.RoleInfo (RoleInfo.java:updateAndGet(143)) - 672ef084-74ba-47a7-a215-7b0464967c29: start LeaderElection
2019-09-25 12:10:43,854 [672ef084-74ba-47a7-a215-7b0464967c29@group-BC0E168631E1:LeaderElection55] INFO  impl.LeaderElection (LeaderElection.java:askForVotes(182)) - 672ef084-74ba-47a7-a215-7b0464967c29@group-BC0E168631E1:LeaderElection55: begin an election at term 1 for -1: [672ef084-74ba-47a7-a215-7b0464967c29:192.168.151.73:46323], old=null
2019-09-25 12:10:43,854 [672ef084-74ba-47a7-a215-7b0464967c29@group-BC0E168631E1:LeaderElection55] INFO  impl.RoleInfo (RoleInfo.java:shutdownLeaderElection(134)) - 672ef084-74ba-47a7-a215-7b0464967c29: shutdown LeaderElection
2019-09-25 12:10:43,854 [672ef084-74ba-47a7-a215-7b0464967c29@group-BC0E168631E1:LeaderElection55] INFO  impl.RaftServerImpl (RaftServerImpl.java:setRole(174)) - 672ef084-74ba-47a7-a215-7b0464967c29@group-BC0E168631E1: changes role from CANDIDATE to LEADER at term 1 for changeToLeader
2019-09-25 12:10:43,854 [672ef084-74ba-47a7-a215-7b0464967c29@group-BC0E168631E1:LeaderElection55] INFO  impl.RaftServerImpl (ServerState.java:setLeader(253)) - 672ef084-74ba-47a7-a215-7b0464967c29@group-BC0E168631E1: change Leader from null to 672ef084-74ba-47a7-a215-7b0464967c29 at term 1 for becomeLeader, leader elected after 5125ms
2019-09-25 12:10:43,855 [672ef084-74ba-47a7-a215-7b0464967c29@group-BC0E168631E1:LeaderElection55] INFO  server.RaftServerConfigKeys (ConfUtils.java:logGet(43)) - raft.server.staging.catchup.gap = 1000 (default)
2019-09-25 12:10:43,855 [672ef084-74ba-47a7-a215-7b0464967c29@group-BC0E168631E1:LeaderElection55] INFO  server.RaftServerConfigKeys (ConfUtils.java:logGet(43)) - raft.server.rpc.sleep.time = 25ms (default)
2019-09-25 12:10:43,855 [672ef084-74ba-47a7-a215-7b0464967c29@group-BC0E168631E1:LeaderElection55] INFO  server.RaftServerConfigKeys (ConfUtils.java:logGet(43)) - raft.server.write.element-limit = 4096 (default)
2019-09-25 12:10:43,855 [672ef084-74ba-47a7-a215-7b0464967c29@group-BC0E168631E1:LeaderElection55] INFO  server.RaftServerConfigKeys (ConfUtils.java:logGet(43)) - raft.server.watch.timeout = 10s (default)
2019-09-25 12:10:43,855 [672ef084-74ba-47a7-a215-7b0464967c29@group-BC0E168631E1:LeaderElection55] INFO  server.RaftServerConfigKeys (ConfUtils.java:logGet(43)) - raft.server.watch.timeout.denomination = 1s (default)
2019-09-25 12:10:43,855 [672ef084-74ba-47a7-a215-7b0464967c29@group-BC0E168631E1:LeaderElection55] INFO  server.RaftServerConfigKeys (ConfUtils.java:logGet(43)) - raft.server.watch.element-limit = 65536 (default)
2019-09-25 12:10:43,857 [672ef084-74ba-47a7-a215-7b0464967c29@group-BC0E168631E1:LeaderElection55] INFO  impl.RoleInfo (RoleInfo.java:updateAndGet(143)) - 672ef084-74ba-47a7-a215-7b0464967c29: start LeaderState
2019-09-25 12:10:43,858 [672ef084-74ba-47a7-a215-7b0464967c29@group-BC0E168631E1:LeaderElection55] INFO  segmented.SegmentedRaftLogWorker (SegmentedRaftLogWorker.java:startLogSegment(380)) - 672ef084-74ba-47a7-a215-7b0464967c29@group-BC0E168631E1-SegmentedRaftLogWorker: Starting segment from index:0
2019-09-25 12:10:43,858 [672ef084-74ba-47a7-a215-7b0464967c29@group-BC0E168631E1:LeaderElection55] INFO  impl.RaftServerImpl (ServerState.java:setRaftConf(354)) - 672ef084-74ba-47a7-a215-7b0464967c29@group-BC0E168631E1: set configuration 0: [672ef084-74ba-47a7-a215-7b0464967c29:192.168.151.73:46323], old=null at 0
2019-09-25 12:10:43,886 [Thread-725] INFO  impl.FollowerState (FollowerState.java:run(106)) - 06c06a68-4e48-447d-bb45-a3dc0e88cff1:group-791D28C25CCC changes to CANDIDATE, lastRpcTime:5105, electionTimeout:5105ms
2019-09-25 12:10:43,887 [Thread-725] INFO  impl.RoleInfo (RoleInfo.java:shutdownFollowerState(121)) - 06c06a68-4e48-447d-bb45-a3dc0e88cff1: shutdown FollowerState
2019-09-25 12:10:43,887 [Thread-725] INFO  impl.RaftServerImpl (RaftServerImpl.java:setRole(174)) - 06c06a68-4e48-447d-bb45-a3dc0e88cff1@group-791D28C25CCC: changes role from  FOLLOWER to CANDIDATE at term 0 for changeToCandidate
2019-09-25 12:10:43,887 [Thread-725] INFO  impl.RoleInfo (RoleInfo.java:updateAndGet(143)) - 06c06a68-4e48-447d-bb45-a3dc0e88cff1: start LeaderElection
2019-09-25 12:10:43,900 [Thread-728] INFO  impl.FollowerState (FollowerState.java:run(106)) - 672ef084-74ba-47a7-a215-7b0464967c29:group-0142EA358AFE changes to CANDIDATE, lastRpcTime:5074, electionTimeout:5074ms
2019-09-25 12:10:43,900 [Thread-728] INFO  impl.RoleInfo (RoleInfo.java:shutdownFollowerState(121)) - 672ef084-74ba-47a7-a215-7b0464967c29: shutdown FollowerState
2019-09-25 12:10:43,900 [Thread-728] INFO  impl.RaftServerImpl (RaftServerImpl.java:setRole(174)) - 672ef084-74ba-47a7-a215-7b0464967c29@group-0142EA358AFE: changes role from  FOLLOWER to CANDIDATE at term 0 for changeToCandidate
2019-09-25 12:10:43,900 [Thread-728] INFO  impl.RoleInfo (RoleInfo.java:updateAndGet(143)) - 672ef084-74ba-47a7-a215-7b0464967c29: start LeaderElection
2019-09-25 12:10:43,913 [672ef084-74ba-47a7-a215-7b0464967c29@group-BC0E168631E1-SegmentedRaftLogWorker] INFO  segmented.SegmentedRaftLogWorker (SegmentedRaftLogWorker.java:execute(569)) - 672ef084-74ba-47a7-a215-7b0464967c29@group-BC0E168631E1-SegmentedRaftLogWorker: created new log segment /workdir/hadoop-ozone/integration-test/target/test-dir/MiniOzoneClusterImpl-7d9c4453-492c-478b-a0e0-2871dbe18f6e/datanode-2/data/ratis/7009e24f-fa84-4bcb-9d90-bc0e168631e1/current/log_inprogress_0
2019-09-25 12:10:43,913 [672ef084-74ba-47a7-a215-7b0464967c29@group-0142EA358AFE:LeaderElection57] INFO  impl.LeaderElection (LeaderElection.java:askForVotes(182)) - 672ef084-74ba-47a7-a215-7b0464967c29@group-0142EA358AFE:LeaderElection57: begin an election at term 1 for -1: [672ef084-74ba-47a7-a215-7b0464967c29:192.168.151.73:46323], old=null
2019-09-25 12:10:43,913 [06c06a68-4e48-447d-bb45-a3dc0e88cff1@group-791D28C25CCC:LeaderElection56] INFO  impl.LeaderElection (LeaderElection.java:askForVotes(182)) - 06c06a68-4e48-447d-bb45-a3dc0e88cff1@group-791D28C25CCC:LeaderElection56: begin an election at term 1 for -1: [06c06a68-4e48-447d-bb45-a3dc0e88cff1:192.168.151.73:34720], old=null
2019-09-25 12:10:43,914 [672ef084-74ba-47a7-a215-7b0464967c29@group-0142EA358AFE:LeaderElection57] INFO  impl.RoleInfo (RoleInfo.java:shutdownLeaderElection(134)) - 672ef084-74ba-47a7-a215-7b0464967c29: shutdown LeaderElection
2019-09-25 12:10:43,914 [06c06a68-4e48-447d-bb45-a3dc0e88cff1@group-791D28C25CCC:LeaderElection56] INFO  impl.RoleInfo (RoleInfo.java:shutdownLeaderElection(134)) - 06c06a68-4e48-447d-bb45-a3dc0e88cff1: shutdown LeaderElection
2019-09-25 12:10:43,914 [672ef084-74ba-47a7-a215-7b0464967c29@group-0142EA358AFE:LeaderElection57] INFO  impl.RaftServerImpl (RaftServerImpl.java:setRole(174)) - 672ef084-74ba-47a7-a215-7b0464967c29@group-0142EA358AFE: changes role from CANDIDATE to LEADER at term 1 for changeToLeader
2019-09-25 12:10:43,914 [06c06a68-4e48-447d-bb45-a3dc0e88cff1@group-791D28C25CCC:LeaderElection56] INFO  impl.RaftServerImpl (RaftServerImpl.java:setRole(174)) - 06c06a68-4e48-447d-bb45-a3dc0e88cff1@group-791D28C25CCC: changes role from CANDIDATE to LEADER at term 1 for changeToLeader
2019-09-25 12:10:43,914 [672ef084-74ba-47a7-a215-7b0464967c29@group-0142EA358AFE:LeaderElection57] INFO  impl.RaftServerImpl (ServerState.java:setLeader(253)) - 672ef084-74ba-47a7-a215-7b0464967c29@group-0142EA358AFE: change Leader from null to 672ef084-74ba-47a7-a215-7b0464967c29 at term 1 for becomeLeader, leader elected after 5095ms
2019-09-25 12:10:43,914 [06c06a68-4e48-447d-bb45-a3dc0e88cff1@group-791D28C25CCC:LeaderElection56] INFO  impl.RaftServerImpl (ServerState.java:setLeader(253)) - 06c06a68-4e48-447d-bb45-a3dc0e88cff1@group-791D28C25CCC: change Leader from null to 06c06a68-4e48-447d-bb45-a3dc0e88cff1 at term 1 for becomeLeader, leader elected after 5140ms
2019-09-25 12:10:43,915 [672ef084-74ba-47a7-a215-7b0464967c29@group-0142EA358AFE:LeaderElection57] INFO  server.RaftServerConfigKeys (ConfUtils.java:logGet(43)) - raft.server.staging.catchup.gap = 1000 (default)
2019-09-25 12:10:43,915 [06c06a68-4e48-447d-bb45-a3dc0e88cff1@group-791D28C25CCC:LeaderElection56] INFO  server.RaftServerConfigKeys (ConfUtils.java:logGet(43)) - raft.server.staging.catchup.gap = 1000 (default)
2019-09-25 12:10:43,915 [672ef084-74ba-47a7-a215-7b0464967c29@group-0142EA358AFE:LeaderElection57] INFO  server.RaftServerConfigKeys (ConfUtils.java:logGet(43)) - raft.server.rpc.sleep.time = 25ms (default)
2019-09-25 12:10:43,915 [06c06a68-4e48-447d-bb45-a3dc0e88cff1@group-791D28C25CCC:LeaderElection56] INFO  server.RaftServerConfigKeys (ConfUtils.java:logGet(43)) - raft.server.rpc.sleep.time = 25ms (default)
2019-09-25 12:10:43,915 [672ef084-74ba-47a7-a215-7b0464967c29@group-0142EA358AFE:LeaderElection57] INFO  server.RaftServerConfigKeys (ConfUtils.java:logGet(43)) - raft.server.write.element-limit = 4096 (default)
2019-09-25 12:10:43,915 [06c06a68-4e48-447d-bb45-a3dc0e88cff1@group-791D28C25CCC:LeaderElection56] INFO  server.RaftServerConfigKeys (ConfUtils.java:logGet(43)) - raft.server.write.element-limit = 4096 (default)
2019-09-25 12:10:43,916 [672ef084-74ba-47a7-a215-7b0464967c29@group-0142EA358AFE:LeaderElection57] INFO  server.RaftServerConfigKeys (ConfUtils.java:logGet(43)) - raft.server.watch.timeout = 10s (default)
2019-09-25 12:10:43,916 [06c06a68-4e48-447d-bb45-a3dc0e88cff1@group-791D28C25CCC:LeaderElection56] INFO  server.RaftServerConfigKeys (ConfUtils.java:logGet(43)) - raft.server.watch.timeout = 10s (default)
2019-09-25 12:10:43,916 [672ef084-74ba-47a7-a215-7b0464967c29@group-0142EA358AFE:LeaderElection57] INFO  server.RaftServerConfigKeys (ConfUtils.java:logGet(43)) - raft.server.watch.timeout.denomination = 1s (default)
2019-09-25 12:10:43,916 [06c06a68-4e48-447d-bb45-a3dc0e88cff1@group-791D28C25CCC:LeaderElection56] INFO  server.RaftServerConfigKeys (ConfUtils.java:logGet(43)) - raft.server.watch.timeout.denomination = 1s (default)
2019-09-25 12:10:43,916 [672ef084-74ba-47a7-a215-7b0464967c29@group-0142EA358AFE:LeaderElection57] INFO  server.RaftServerConfigKeys (ConfUtils.java:logGet(43)) - raft.server.watch.element-limit = 65536 (default)
2019-09-25 12:10:43,916 [06c06a68-4e48-447d-bb45-a3dc0e88cff1@group-791D28C25CCC:LeaderElection56] INFO  server.RaftServerConfigKeys (ConfUtils.java:logGet(43)) - raft.server.watch.element-limit = 65536 (default)
2019-09-25 12:10:43,920 [672ef084-74ba-47a7-a215-7b0464967c29@group-0142EA358AFE:LeaderElection57] INFO  impl.RoleInfo (RoleInfo.java:updateAndGet(143)) - 672ef084-74ba-47a7-a215-7b0464967c29: start LeaderState
2019-09-25 12:10:43,920 [672ef084-74ba-47a7-a215-7b0464967c29@group-0142EA358AFE:LeaderElection57] INFO  segmented.SegmentedRaftLogWorker (SegmentedRaftLogWorker.java:startLogSegment(380)) - 672ef084-74ba-47a7-a215-7b0464967c29@group-0142EA358AFE-SegmentedRaftLogWorker: Starting segment from index:0
2019-09-25 12:10:43,920 [06c06a68-4e48-447d-bb45-a3dc0e88cff1@group-791D28C25CCC:LeaderElection56] INFO  impl.RoleInfo (RoleInfo.java:updateAndGet(143)) - 06c06a68-4e48-447d-bb45-a3dc0e88cff1: start LeaderState
2019-09-25 12:10:43,921 [672ef084-74ba-47a7-a215-7b0464967c29@group-0142EA358AFE:LeaderElection57] INFO  impl.RaftServerImpl (ServerState.java:setRaftConf(354)) - 672ef084-74ba-47a7-a215-7b0464967c29@group-0142EA358AFE: set configuration 0: [672ef084-74ba-47a7-a215-7b0464967c29:192.168.151.73:46323], old=null at 0
2019-09-25 12:10:43,921 [06c06a68-4e48-447d-bb45-a3dc0e88cff1@group-791D28C25CCC:LeaderElection56] INFO  segmented.SegmentedRaftLogWorker (SegmentedRaftLogWorker.java:startLogSegment(380)) - 06c06a68-4e48-447d-bb45-a3dc0e88cff1@group-791D28C25CCC-SegmentedRaftLogWorker: Starting segment from index:0
2019-09-25 12:10:43,922 [06c06a68-4e48-447d-bb45-a3dc0e88cff1@group-791D28C25CCC:LeaderElection56] INFO  impl.RaftServerImpl (ServerState.java:setRaftConf(354)) - 06c06a68-4e48-447d-bb45-a3dc0e88cff1@group-791D28C25CCC: set configuration 0: [06c06a68-4e48-447d-bb45-a3dc0e88cff1:192.168.151.73:34720], old=null at 0
2019-09-25 12:10:43,982 [672ef084-74ba-47a7-a215-7b0464967c29@group-0142EA358AFE-SegmentedRaftLogWorker] INFO  segmented.SegmentedRaftLogWorker (SegmentedRaftLogWorker.java:execute(569)) - 672ef084-74ba-47a7-a215-7b0464967c29@group-0142EA358AFE-SegmentedRaftLogWorker: created new log segment /workdir/hadoop-ozone/integration-test/target/test-dir/MiniOzoneClusterImpl-7d9c4453-492c-478b-a0e0-2871dbe18f6e/datanode-2/data/ratis/09d72fb0-4530-419c-9e6b-0142ea358afe/current/log_inprogress_0
2019-09-25 12:10:43,982 [06c06a68-4e48-447d-bb45-a3dc0e88cff1@group-791D28C25CCC-SegmentedRaftLogWorker] INFO  segmented.SegmentedRaftLogWorker (SegmentedRaftLogWorker.java:execute(569)) - 06c06a68-4e48-447d-bb45-a3dc0e88cff1@group-791D28C25CCC-SegmentedRaftLogWorker: created new log segment /workdir/hadoop-ozone/integration-test/target/test-dir/MiniOzoneClusterImpl-7d9c4453-492c-478b-a0e0-2871dbe18f6e/datanode-0/data/ratis/b17c0b1f-ff3e-46cd-8d2a-791d28c25ccc/current/log_inprogress_0
2019-09-25 12:10:44,013 [Thread-731] INFO  impl.FollowerState (FollowerState.java:run(106)) - c6fa9dcb-3f15-43b4-bafe-b7e2932cba65:group-BFB1E5B576C2 changes to CANDIDATE, lastRpcTime:5110, electionTimeout:5110ms
2019-09-25 12:10:44,013 [Thread-731] INFO  impl.RoleInfo (RoleInfo.java:shutdownFollowerState(121)) - c6fa9dcb-3f15-43b4-bafe-b7e2932cba65: shutdown FollowerState
2019-09-25 12:10:44,014 [Thread-731] INFO  impl.RaftServerImpl (RaftServerImpl.java:setRole(174)) - c6fa9dcb-3f15-43b4-bafe-b7e2932cba65@group-BFB1E5B576C2: changes role from  FOLLOWER to CANDIDATE at term 0 for changeToCandidate
2019-09-25 12:10:44,014 [Thread-731] INFO  impl.RoleInfo (RoleInfo.java:updateAndGet(143)) - c6fa9dcb-3f15-43b4-bafe-b7e2932cba65: start LeaderElection
2019-09-25 12:10:44,024 [Thread-734] INFO  impl.FollowerState (FollowerState.java:run(106)) - c6fa9dcb-3f15-43b4-bafe-b7e2932cba65:group-C3E74B22D82E changes to CANDIDATE, lastRpcTime:5067, electionTimeout:5067ms
2019-09-25 12:10:44,025 [Thread-734] INFO  impl.RoleInfo (RoleInfo.java:shutdownFollowerState(121)) - c6fa9dcb-3f15-43b4-bafe-b7e2932cba65: shutdown FollowerState
2019-09-25 12:10:44,025 [Thread-734] INFO  impl.RaftServerImpl (RaftServerImpl.java:setRole(174)) - c6fa9dcb-3f15-43b4-bafe-b7e2932cba65@group-C3E74B22D82E: changes role from  FOLLOWER to CANDIDATE at term 0 for changeToCandidate
2019-09-25 12:10:44,025 [Thread-734] INFO  impl.RoleInfo (RoleInfo.java:updateAndGet(143)) - c6fa9dcb-3f15-43b4-bafe-b7e2932cba65: start LeaderElection
2019-09-25 12:10:44,033 [c6fa9dcb-3f15-43b4-bafe-b7e2932cba65@group-BFB1E5B576C2:LeaderElection58] INFO  impl.LeaderElection (LeaderElection.java:askForVotes(182)) - c6fa9dcb-3f15-43b4-bafe-b7e2932cba65@group-BFB1E5B576C2:LeaderElection58: begin an election at term 1 for -1: [c6fa9dcb-3f15-43b4-bafe-b7e2932cba65:192.168.151.73:46687], old=null
2019-09-25 12:10:44,033 [c6fa9dcb-3f15-43b4-bafe-b7e2932cba65@group-C3E74B22D82E:LeaderElection59] INFO  impl.LeaderElection (LeaderElection.java:askForVotes(182)) - c6fa9dcb-3f15-43b4-bafe-b7e2932cba65@group-C3E74B22D82E:LeaderElection59: begin an election at term 1 for -1: [c6fa9dcb-3f15-43b4-bafe-b7e2932cba65:192.168.151.73:46687], old=null
2019-09-25 12:10:44,033 [c6fa9dcb-3f15-43b4-bafe-b7e2932cba65@group-BFB1E5B576C2:LeaderElection58] INFO  impl.RoleInfo (RoleInfo.java:shutdownLeaderElection(134)) - c6fa9dcb-3f15-43b4-bafe-b7e2932cba65: shutdown LeaderElection
2019-09-25 12:10:44,033 [c6fa9dcb-3f15-43b4-bafe-b7e2932cba65@group-C3E74B22D82E:LeaderElection59] INFO  impl.RoleInfo (RoleInfo.java:shutdownLeaderElection(134)) - c6fa9dcb-3f15-43b4-bafe-b7e2932cba65: shutdown LeaderElection
2019-09-25 12:10:44,033 [c6fa9dcb-3f15-43b4-bafe-b7e2932cba65@group-BFB1E5B576C2:LeaderElection58] INFO  impl.RaftServerImpl (RaftServerImpl.java:setRole(174)) - c6fa9dcb-3f15-43b4-bafe-b7e2932cba65@group-BFB1E5B576C2: changes role from CANDIDATE to LEADER at term 1 for changeToLeader
2019-09-25 12:10:44,034 [c6fa9dcb-3f15-43b4-bafe-b7e2932cba65@group-C3E74B22D82E:LeaderElection59] INFO  impl.RaftServerImpl (RaftServerImpl.java:setRole(174)) - c6fa9dcb-3f15-43b4-bafe-b7e2932cba65@group-C3E74B22D82E: changes role from CANDIDATE to LEADER at term 1 for changeToLeader
2019-09-25 12:10:44,034 [c6fa9dcb-3f15-43b4-bafe-b7e2932cba65@group-BFB1E5B576C2:LeaderElection58] INFO  impl.RaftServerImpl (ServerState.java:setLeader(253)) - c6fa9dcb-3f15-43b4-bafe-b7e2932cba65@group-BFB1E5B576C2: change Leader from null to c6fa9dcb-3f15-43b4-bafe-b7e2932cba65 at term 1 for becomeLeader, leader elected after 5137ms
2019-09-25 12:10:44,034 [c6fa9dcb-3f15-43b4-bafe-b7e2932cba65@group-C3E74B22D82E:LeaderElection59] INFO  impl.RaftServerImpl (ServerState.java:setLeader(253)) - c6fa9dcb-3f15-43b4-bafe-b7e2932cba65@group-C3E74B22D82E: change Leader from null to c6fa9dcb-3f15-43b4-bafe-b7e2932cba65 at term 1 for becomeLeader, leader elected after 5083ms
2019-09-25 12:10:44,034 [c6fa9dcb-3f15-43b4-bafe-b7e2932cba65@group-BFB1E5B576C2:LeaderElection58] INFO  server.RaftServerConfigKeys (ConfUtils.java:logGet(43)) - raft.server.staging.catchup.gap = 1000 (default)
2019-09-25 12:10:44,034 [c6fa9dcb-3f15-43b4-bafe-b7e2932cba65@group-C3E74B22D82E:LeaderElection59] INFO  server.RaftServerConfigKeys (ConfUtils.java:logGet(43)) - raft.server.staging.catchup.gap = 1000 (default)
2019-09-25 12:10:44,034 [c6fa9dcb-3f15-43b4-bafe-b7e2932cba65@group-BFB1E5B576C2:LeaderElection58] INFO  server.RaftServerConfigKeys (ConfUtils.java:logGet(43)) - raft.server.rpc.sleep.time = 25ms (default)
2019-09-25 12:10:44,034 [c6fa9dcb-3f15-43b4-bafe-b7e2932cba65@group-C3E74B22D82E:LeaderElection59] INFO  server.RaftServerConfigKeys (ConfUtils.java:logGet(43)) - raft.server.rpc.sleep.time = 25ms (default)
2019-09-25 12:10:44,035 [c6fa9dcb-3f15-43b4-bafe-b7e2932cba65@group-BFB1E5B576C2:LeaderElection58] INFO  server.RaftServerConfigKeys (ConfUtils.java:logGet(43)) - raft.server.write.element-limit = 4096 (default)
2019-09-25 12:10:44,035 [c6fa9dcb-3f15-43b4-bafe-b7e2932cba65@group-C3E74B22D82E:LeaderElection59] INFO  server.RaftServerConfigKeys (ConfUtils.java:logGet(43)) - raft.server.write.element-limit = 4096 (default)
2019-09-25 12:10:44,035 [c6fa9dcb-3f15-43b4-bafe-b7e2932cba65@group-BFB1E5B576C2:LeaderElection58] INFO  server.RaftServerConfigKeys (ConfUtils.java:logGet(43)) - raft.server.watch.timeout = 10s (default)
2019-09-25 12:10:44,035 [c6fa9dcb-3f15-43b4-bafe-b7e2932cba65@group-C3E74B22D82E:LeaderElection59] INFO  server.RaftServerConfigKeys (ConfUtils.java:logGet(43)) - raft.server.watch.timeout = 10s (default)
2019-09-25 12:10:44,035 [c6fa9dcb-3f15-43b4-bafe-b7e2932cba65@group-BFB1E5B576C2:LeaderElection58] INFO  server.RaftServerConfigKeys (ConfUtils.java:logGet(43)) - raft.server.watch.timeout.denomination = 1s (default)
2019-09-25 12:10:44,035 [c6fa9dcb-3f15-43b4-bafe-b7e2932cba65@group-C3E74B22D82E:LeaderElection59] INFO  server.RaftServerConfigKeys (ConfUtils.java:logGet(43)) - raft.server.watch.timeout.denomination = 1s (default)
2019-09-25 12:10:44,035 [c6fa9dcb-3f15-43b4-bafe-b7e2932cba65@group-BFB1E5B576C2:LeaderElection58] INFO  server.RaftServerConfigKeys (ConfUtils.java:logGet(43)) - raft.server.watch.element-limit = 65536 (default)
2019-09-25 12:10:44,036 [c6fa9dcb-3f15-43b4-bafe-b7e2932cba65@group-C3E74B22D82E:LeaderElection59] INFO  server.RaftServerConfigKeys (ConfUtils.java:logGet(43)) - raft.server.watch.element-limit = 65536 (default)
2019-09-25 12:10:44,039 [c6fa9dcb-3f15-43b4-bafe-b7e2932cba65@group-BFB1E5B576C2:LeaderElection58] INFO  impl.RoleInfo (RoleInfo.java:updateAndGet(143)) - c6fa9dcb-3f15-43b4-bafe-b7e2932cba65: start LeaderState
2019-09-25 12:10:44,039 [c6fa9dcb-3f15-43b4-bafe-b7e2932cba65@group-BFB1E5B576C2:LeaderElection58] INFO  segmented.SegmentedRaftLogWorker (SegmentedRaftLogWorker.java:startLogSegment(380)) - c6fa9dcb-3f15-43b4-bafe-b7e2932cba65@group-BFB1E5B576C2-SegmentedRaftLogWorker: Starting segment from index:0
2019-09-25 12:10:44,040 [c6fa9dcb-3f15-43b4-bafe-b7e2932cba65@group-C3E74B22D82E:LeaderElection59] INFO  impl.RoleInfo (RoleInfo.java:updateAndGet(143)) - c6fa9dcb-3f15-43b4-bafe-b7e2932cba65: start LeaderState
2019-09-25 12:10:44,040 [c6fa9dcb-3f15-43b4-bafe-b7e2932cba65@group-BFB1E5B576C2:LeaderElection58] INFO  impl.RaftServerImpl (ServerState.java:setRaftConf(354)) - c6fa9dcb-3f15-43b4-bafe-b7e2932cba65@group-BFB1E5B576C2: set configuration 0: [c6fa9dcb-3f15-43b4-bafe-b7e2932cba65:192.168.151.73:46687], old=null at 0
2019-09-25 12:10:44,040 [c6fa9dcb-3f15-43b4-bafe-b7e2932cba65@group-C3E74B22D82E:LeaderElection59] INFO  segmented.SegmentedRaftLogWorker (SegmentedRaftLogWorker.java:startLogSegment(380)) - c6fa9dcb-3f15-43b4-bafe-b7e2932cba65@group-C3E74B22D82E-SegmentedRaftLogWorker: Starting segment from index:0
2019-09-25 12:10:44,041 [c6fa9dcb-3f15-43b4-bafe-b7e2932cba65@group-C3E74B22D82E:LeaderElection59] INFO  impl.RaftServerImpl (ServerState.java:setRaftConf(354)) - c6fa9dcb-3f15-43b4-bafe-b7e2932cba65@group-C3E74B22D82E: set configuration 0: [c6fa9dcb-3f15-43b4-bafe-b7e2932cba65:192.168.151.73:46687], old=null at 0
2019-09-25 12:10:44,093 [c6fa9dcb-3f15-43b4-bafe-b7e2932cba65@group-C3E74B22D82E-SegmentedRaftLogWorker] INFO  segmented.SegmentedRaftLogWorker (SegmentedRaftLogWorker.java:execute(569)) - c6fa9dcb-3f15-43b4-bafe-b7e2932cba65@group-C3E74B22D82E-SegmentedRaftLogWorker: created new log segment /workdir/hadoop-ozone/integration-test/target/test-dir/MiniOzoneClusterImpl-7d9c4453-492c-478b-a0e0-2871dbe18f6e/datanode-1/data/ratis/fd95f3df-1a34-4eb0-b6ac-c3e74b22d82e/current/log_inprogress_0
2019-09-25 12:10:44,093 [c6fa9dcb-3f15-43b4-bafe-b7e2932cba65@group-BFB1E5B576C2-SegmentedRaftLogWorker] INFO  segmented.SegmentedRaftLogWorker (SegmentedRaftLogWorker.java:execute(569)) - c6fa9dcb-3f15-43b4-bafe-b7e2932cba65@group-BFB1E5B576C2-SegmentedRaftLogWorker: created new log segment /workdir/hadoop-ozone/integration-test/target/test-dir/MiniOzoneClusterImpl-7d9c4453-492c-478b-a0e0-2871dbe18f6e/datanode-1/data/ratis/e9388d87-8ef5-4ab7-9cb7-bfb1e5b576c2/current/log_inprogress_0
2019-09-25 12:10:44,120 [Thread-737] INFO  impl.FollowerState (FollowerState.java:run(106)) - ed9e8526-460d-4c85-81a4-c6a64f474ec5:group-C4DDED4A3AE7 changes to CANDIDATE, lastRpcTime:5106, electionTimeout:5106ms
2019-09-25 12:10:44,120 [Thread-737] INFO  impl.RoleInfo (RoleInfo.java:shutdownFollowerState(121)) - ed9e8526-460d-4c85-81a4-c6a64f474ec5: shutdown FollowerState
2019-09-25 12:10:44,120 [Thread-737] INFO  impl.RaftServerImpl (RaftServerImpl.java:setRole(174)) - ed9e8526-460d-4c85-81a4-c6a64f474ec5@group-C4DDED4A3AE7: changes role from  FOLLOWER to CANDIDATE at term 0 for changeToCandidate
2019-09-25 12:10:44,120 [Thread-737] INFO  impl.RoleInfo (RoleInfo.java:updateAndGet(143)) - ed9e8526-460d-4c85-81a4-c6a64f474ec5: start LeaderElection
2019-09-25 12:10:44,139 [ed9e8526-460d-4c85-81a4-c6a64f474ec5@group-C4DDED4A3AE7:LeaderElection60] INFO  impl.LeaderElection (LeaderElection.java:askForVotes(182)) - ed9e8526-460d-4c85-81a4-c6a64f474ec5@group-C4DDED4A3AE7:LeaderElection60: begin an election at term 1 for -1: [ed9e8526-460d-4c85-81a4-c6a64f474ec5:192.168.151.73:34002], old=null
2019-09-25 12:10:44,139 [ed9e8526-460d-4c85-81a4-c6a64f474ec5@group-C4DDED4A3AE7:LeaderElection60] INFO  impl.RoleInfo (RoleInfo.java:shutdownLeaderElection(134)) - ed9e8526-460d-4c85-81a4-c6a64f474ec5: shutdown LeaderElection
2019-09-25 12:10:44,139 [ed9e8526-460d-4c85-81a4-c6a64f474ec5@group-C4DDED4A3AE7:LeaderElection60] INFO  impl.RaftServerImpl (RaftServerImpl.java:setRole(174)) - ed9e8526-460d-4c85-81a4-c6a64f474ec5@group-C4DDED4A3AE7: changes role from CANDIDATE to LEADER at term 1 for changeToLeader
2019-09-25 12:10:44,139 [ed9e8526-460d-4c85-81a4-c6a64f474ec5@group-C4DDED4A3AE7:LeaderElection60] INFO  impl.RaftServerImpl (ServerState.java:setLeader(253)) - ed9e8526-460d-4c85-81a4-c6a64f474ec5@group-C4DDED4A3AE7: change Leader from null to ed9e8526-460d-4c85-81a4-c6a64f474ec5 at term 1 for becomeLeader, leader elected after 5134ms
2019-09-25 12:10:44,142 [ed9e8526-460d-4c85-81a4-c6a64f474ec5@group-C4DDED4A3AE7:LeaderElection60] INFO  server.RaftServerConfigKeys (ConfUtils.java:logGet(43)) - raft.server.staging.catchup.gap = 1000 (default)
2019-09-25 12:10:44,142 [ed9e8526-460d-4c85-81a4-c6a64f474ec5@group-C4DDED4A3AE7:LeaderElection60] INFO  server.RaftServerConfigKeys (ConfUtils.java:logGet(43)) - raft.server.rpc.sleep.time = 25ms (default)
2019-09-25 12:10:44,143 [ed9e8526-460d-4c85-81a4-c6a64f474ec5@group-C4DDED4A3AE7:LeaderElection60] INFO  server.RaftServerConfigKeys (ConfUtils.java:logGet(43)) - raft.server.write.element-limit = 4096 (default)
2019-09-25 12:10:44,143 [ed9e8526-460d-4c85-81a4-c6a64f474ec5@group-C4DDED4A3AE7:LeaderElection60] INFO  server.RaftServerConfigKeys (ConfUtils.java:logGet(43)) - raft.server.watch.timeout = 10s (default)
2019-09-25 12:10:44,143 [ed9e8526-460d-4c85-81a4-c6a64f474ec5@group-C4DDED4A3AE7:LeaderElection60] INFO  server.RaftServerConfigKeys (ConfUtils.java:logGet(43)) - raft.server.watch.timeout.denomination = 1s (default)
2019-09-25 12:10:44,143 [ed9e8526-460d-4c85-81a4-c6a64f474ec5@group-C4DDED4A3AE7:LeaderElection60] INFO  server.RaftServerConfigKeys (ConfUtils.java:logGet(43)) - raft.server.watch.element-limit = 65536 (default)
2019-09-25 12:10:44,146 [ed9e8526-460d-4c85-81a4-c6a64f474ec5@group-C4DDED4A3AE7:LeaderElection60] INFO  impl.RoleInfo (RoleInfo.java:updateAndGet(143)) - ed9e8526-460d-4c85-81a4-c6a64f474ec5: start LeaderState
2019-09-25 12:10:44,146 [ed9e8526-460d-4c85-81a4-c6a64f474ec5@group-C4DDED4A3AE7:LeaderElection60] INFO  segmented.SegmentedRaftLogWorker (SegmentedRaftLogWorker.java:startLogSegment(380)) - ed9e8526-460d-4c85-81a4-c6a64f474ec5@group-C4DDED4A3AE7-SegmentedRaftLogWorker: Starting segment from index:0
2019-09-25 12:10:44,147 [ed9e8526-460d-4c85-81a4-c6a64f474ec5@group-C4DDED4A3AE7:LeaderElection60] INFO  impl.RaftServerImpl (ServerState.java:setRaftConf(354)) - ed9e8526-460d-4c85-81a4-c6a64f474ec5@group-C4DDED4A3AE7: set configuration 0: [ed9e8526-460d-4c85-81a4-c6a64f474ec5:192.168.151.73:34002], old=null at 0
2019-09-25 12:10:44,182 [Thread-740] INFO  impl.FollowerState (FollowerState.java:run(106)) - 06c06a68-4e48-447d-bb45-a3dc0e88cff1:group-7D04EA2C4A0F changes to CANDIDATE, lastRpcTime:5125, electionTimeout:5125ms
2019-09-25 12:10:44,182 [Thread-740] INFO  impl.RoleInfo (RoleInfo.java:shutdownFollowerState(121)) - 06c06a68-4e48-447d-bb45-a3dc0e88cff1: shutdown FollowerState
2019-09-25 12:10:44,182 [Thread-740] INFO  impl.RaftServerImpl (RaftServerImpl.java:setRole(174)) - 06c06a68-4e48-447d-bb45-a3dc0e88cff1@group-7D04EA2C4A0F: changes role from  FOLLOWER to CANDIDATE at term 0 for changeToCandidate
2019-09-25 12:10:44,183 [Thread-740] INFO  impl.RoleInfo (RoleInfo.java:updateAndGet(143)) - 06c06a68-4e48-447d-bb45-a3dc0e88cff1: start LeaderElection
2019-09-25 12:10:44,215 [ed9e8526-460d-4c85-81a4-c6a64f474ec5@group-C4DDED4A3AE7-SegmentedRaftLogWorker] INFO  segmented.SegmentedRaftLogWorker (SegmentedRaftLogWorker.java:execute(569)) - ed9e8526-460d-4c85-81a4-c6a64f474ec5@group-C4DDED4A3AE7-SegmentedRaftLogWorker: created new log segment /workdir/hadoop-ozone/integration-test/target/test-dir/MiniOzoneClusterImpl-7d9c4453-492c-478b-a0e0-2871dbe18f6e/datanode-3/data/ratis/e5fb21c2-65f3-4e59-a3eb-c4dded4a3ae7/current/log_inprogress_0
2019-09-25 12:10:44,215 [06c06a68-4e48-447d-bb45-a3dc0e88cff1@group-7D04EA2C4A0F:LeaderElection61] INFO  impl.LeaderElection (LeaderElection.java:askForVotes(182)) - 06c06a68-4e48-447d-bb45-a3dc0e88cff1@group-7D04EA2C4A0F:LeaderElection61: begin an election at term 1 for -1: [06c06a68-4e48-447d-bb45-a3dc0e88cff1:192.168.151.73:34720], old=null
2019-09-25 12:10:44,215 [06c06a68-4e48-447d-bb45-a3dc0e88cff1@group-7D04EA2C4A0F:LeaderElection61] INFO  impl.RoleInfo (RoleInfo.java:shutdownLeaderElection(134)) - 06c06a68-4e48-447d-bb45-a3dc0e88cff1: shutdown LeaderElection
2019-09-25 12:10:44,215 [06c06a68-4e48-447d-bb45-a3dc0e88cff1@group-7D04EA2C4A0F:LeaderElection61] INFO  impl.RaftServerImpl (RaftServerImpl.java:setRole(174)) - 06c06a68-4e48-447d-bb45-a3dc0e88cff1@group-7D04EA2C4A0F: changes role from CANDIDATE to LEADER at term 1 for changeToLeader
2019-09-25 12:10:44,216 [06c06a68-4e48-447d-bb45-a3dc0e88cff1@group-7D04EA2C4A0F:LeaderElection61] INFO  impl.RaftServerImpl (ServerState.java:setLeader(253)) - 06c06a68-4e48-447d-bb45-a3dc0e88cff1@group-7D04EA2C4A0F: change Leader from null to 06c06a68-4e48-447d-bb45-a3dc0e88cff1 at term 1 for becomeLeader, leader elected after 5165ms
2019-09-25 12:10:44,216 [06c06a68-4e48-447d-bb45-a3dc0e88cff1@group-7D04EA2C4A0F:LeaderElection61] INFO  server.RaftServerConfigKeys (ConfUtils.java:logGet(43)) - raft.server.staging.catchup.gap = 1000 (default)
2019-09-25 12:10:44,216 [06c06a68-4e48-447d-bb45-a3dc0e88cff1@group-7D04EA2C4A0F:LeaderElection61] INFO  server.RaftServerConfigKeys (ConfUtils.java:logGet(43)) - raft.server.rpc.sleep.time = 25ms (default)
2019-09-25 12:10:44,216 [06c06a68-4e48-447d-bb45-a3dc0e88cff1@group-7D04EA2C4A0F:LeaderElection61] INFO  server.RaftServerConfigKeys (ConfUtils.java:logGet(43)) - raft.server.write.element-limit = 4096 (default)
2019-09-25 12:10:44,216 [06c06a68-4e48-447d-bb45-a3dc0e88cff1@group-7D04EA2C4A0F:LeaderElection61] INFO  server.RaftServerConfigKeys (ConfUtils.java:logGet(43)) - raft.server.watch.timeout = 10s (default)
2019-09-25 12:10:44,216 [06c06a68-4e48-447d-bb45-a3dc0e88cff1@group-7D04EA2C4A0F:LeaderElection61] INFO  server.RaftServerConfigKeys (ConfUtils.java:logGet(43)) - raft.server.watch.timeout.denomination = 1s (default)
2019-09-25 12:10:44,217 [06c06a68-4e48-447d-bb45-a3dc0e88cff1@group-7D04EA2C4A0F:LeaderElection61] INFO  server.RaftServerConfigKeys (ConfUtils.java:logGet(43)) - raft.server.watch.element-limit = 65536 (default)
2019-09-25 12:10:44,219 [06c06a68-4e48-447d-bb45-a3dc0e88cff1@group-7D04EA2C4A0F:LeaderElection61] INFO  impl.RoleInfo (RoleInfo.java:updateAndGet(143)) - 06c06a68-4e48-447d-bb45-a3dc0e88cff1: start LeaderState
2019-09-25 12:10:44,219 [06c06a68-4e48-447d-bb45-a3dc0e88cff1@group-7D04EA2C4A0F:LeaderElection61] INFO  segmented.SegmentedRaftLogWorker (SegmentedRaftLogWorker.java:startLogSegment(380)) - 06c06a68-4e48-447d-bb45-a3dc0e88cff1@group-7D04EA2C4A0F-SegmentedRaftLogWorker: Starting segment from index:0
2019-09-25 12:10:44,220 [06c06a68-4e48-447d-bb45-a3dc0e88cff1@group-7D04EA2C4A0F:LeaderElection61] INFO  impl.RaftServerImpl (ServerState.java:setRaftConf(354)) - 06c06a68-4e48-447d-bb45-a3dc0e88cff1@group-7D04EA2C4A0F: set configuration 0: [06c06a68-4e48-447d-bb45-a3dc0e88cff1:192.168.151.73:34720], old=null at 0
2019-09-25 12:10:44,272 [Thread-743] INFO  impl.FollowerState (FollowerState.java:run(106)) - 672ef084-74ba-47a7-a215-7b0464967c29:group-B5B85577EDD9 changes to CANDIDATE, lastRpcTime:5169, electionTimeout:5169ms
2019-09-25 12:10:44,273 [Thread-743] INFO  impl.RoleInfo (RoleInfo.java:shutdownFollowerState(121)) - 672ef084-74ba-47a7-a215-7b0464967c29: shutdown FollowerState
2019-09-25 12:10:44,273 [Thread-743] INFO  impl.RaftServerImpl (RaftServerImpl.java:setRole(174)) - 672ef084-74ba-47a7-a215-7b0464967c29@group-B5B85577EDD9: changes role from  FOLLOWER to CANDIDATE at term 0 for changeToCandidate
2019-09-25 12:10:44,273 [Thread-743] INFO  impl.RoleInfo (RoleInfo.java:updateAndGet(143)) - 672ef084-74ba-47a7-a215-7b0464967c29: start LeaderElection
2019-09-25 12:10:44,291 [06c06a68-4e48-447d-bb45-a3dc0e88cff1@group-7D04EA2C4A0F-SegmentedRaftLogWorker] INFO  segmented.SegmentedRaftLogWorker (SegmentedRaftLogWorker.java:execute(569)) - 06c06a68-4e48-447d-bb45-a3dc0e88cff1@group-7D04EA2C4A0F-SegmentedRaftLogWorker: created new log segment /workdir/hadoop-ozone/integration-test/target/test-dir/MiniOzoneClusterImpl-7d9c4453-492c-478b-a0e0-2871dbe18f6e/datanode-0/data/ratis/68770823-4cb8-44d8-9b69-7d04ea2c4a0f/current/log_inprogress_0
2019-09-25 12:10:44,305 [672ef084-74ba-47a7-a215-7b0464967c29@group-B5B85577EDD9:LeaderElection62] INFO  impl.LeaderElection (LeaderElection.java:askForVotes(182)) - 672ef084-74ba-47a7-a215-7b0464967c29@group-B5B85577EDD9:LeaderElection62: begin an election at term 1 for -1: [672ef084-74ba-47a7-a215-7b0464967c29:192.168.151.73:46323], old=null
2019-09-25 12:10:44,305 [672ef084-74ba-47a7-a215-7b0464967c29@group-B5B85577EDD9:LeaderElection62] INFO  impl.RoleInfo (RoleInfo.java:shutdownLeaderElection(134)) - 672ef084-74ba-47a7-a215-7b0464967c29: shutdown LeaderElection
2019-09-25 12:10:44,305 [672ef084-74ba-47a7-a215-7b0464967c29@group-B5B85577EDD9:LeaderElection62] INFO  impl.RaftServerImpl (RaftServerImpl.java:setRole(174)) - 672ef084-74ba-47a7-a215-7b0464967c29@group-B5B85577EDD9: changes role from CANDIDATE to LEADER at term 1 for changeToLeader
2019-09-25 12:10:44,305 [672ef084-74ba-47a7-a215-7b0464967c29@group-B5B85577EDD9:LeaderElection62] INFO  impl.RaftServerImpl (ServerState.java:setLeader(253)) - 672ef084-74ba-47a7-a215-7b0464967c29@group-B5B85577EDD9: change Leader from null to 672ef084-74ba-47a7-a215-7b0464967c29 at term 1 for becomeLeader, leader elected after 5209ms
2019-09-25 12:10:44,305 [672ef084-74ba-47a7-a215-7b0464967c29@group-B5B85577EDD9:LeaderElection62] INFO  server.RaftServerConfigKeys (ConfUtils.java:logGet(43)) - raft.server.staging.catchup.gap = 1000 (default)
2019-09-25 12:10:44,306 [672ef084-74ba-47a7-a215-7b0464967c29@group-B5B85577EDD9:LeaderElection62] INFO  server.RaftServerConfigKeys (ConfUtils.java:logGet(43)) - raft.server.rpc.sleep.time = 25ms (default)
2019-09-25 12:10:44,306 [672ef084-74ba-47a7-a215-7b0464967c29@group-B5B85577EDD9:LeaderElection62] INFO  server.RaftServerConfigKeys (ConfUtils.java:logGet(43)) - raft.server.write.element-limit = 4096 (default)
2019-09-25 12:10:44,306 [672ef084-74ba-47a7-a215-7b0464967c29@group-B5B85577EDD9:LeaderElection62] INFO  server.RaftServerConfigKeys (ConfUtils.java:logGet(43)) - raft.server.watch.timeout = 10s (default)
2019-09-25 12:10:44,306 [672ef084-74ba-47a7-a215-7b0464967c29@group-B5B85577EDD9:LeaderElection62] INFO  server.RaftServerConfigKeys (ConfUtils.java:logGet(43)) - raft.server.watch.timeout.denomination = 1s (default)
2019-09-25 12:10:44,306 [672ef084-74ba-47a7-a215-7b0464967c29@group-B5B85577EDD9:LeaderElection62] INFO  server.RaftServerConfigKeys (ConfUtils.java:logGet(43)) - raft.server.watch.element-limit = 65536 (default)
2019-09-25 12:10:44,308 [Thread-752] INFO  impl.FollowerState (FollowerState.java:run(106)) - ed9e8526-460d-4c85-81a4-c6a64f474ec5:group-F0F0CF8417AF changes to CANDIDATE, lastRpcTime:5037, electionTimeout:5037ms
2019-09-25 12:10:44,308 [Thread-752] INFO  impl.RoleInfo (RoleInfo.java:shutdownFollowerState(121)) - ed9e8526-460d-4c85-81a4-c6a64f474ec5: shutdown FollowerState
2019-09-25 12:10:44,308 [Thread-752] INFO  impl.RaftServerImpl (RaftServerImpl.java:setRole(174)) - ed9e8526-460d-4c85-81a4-c6a64f474ec5@group-F0F0CF8417AF: changes role from  FOLLOWER to CANDIDATE at term 0 for changeToCandidate
2019-09-25 12:10:44,308 [Thread-752] INFO  impl.RoleInfo (RoleInfo.java:updateAndGet(143)) - ed9e8526-460d-4c85-81a4-c6a64f474ec5: start LeaderElection
2019-09-25 12:10:44,309 [672ef084-74ba-47a7-a215-7b0464967c29@group-B5B85577EDD9:LeaderElection62] INFO  impl.RoleInfo (RoleInfo.java:updateAndGet(143)) - 672ef084-74ba-47a7-a215-7b0464967c29: start LeaderState
2019-09-25 12:10:44,309 [672ef084-74ba-47a7-a215-7b0464967c29@group-B5B85577EDD9:LeaderElection62] INFO  segmented.SegmentedRaftLogWorker (SegmentedRaftLogWorker.java:startLogSegment(380)) - 672ef084-74ba-47a7-a215-7b0464967c29@group-B5B85577EDD9-SegmentedRaftLogWorker: Starting segment from index:0
2019-09-25 12:10:44,310 [672ef084-74ba-47a7-a215-7b0464967c29@group-B5B85577EDD9:LeaderElection62] INFO  impl.RaftServerImpl (ServerState.java:setRaftConf(354)) - 672ef084-74ba-47a7-a215-7b0464967c29@group-B5B85577EDD9: set configuration 0: [672ef084-74ba-47a7-a215-7b0464967c29:192.168.151.73:46323], old=null at 0
2019-09-25 12:10:44,314 [Thread-746] INFO  impl.FollowerState (FollowerState.java:run(106)) - b0d03c9b-af36-4ed0-8381-e873bbd9be0f:group-ED14AB0E932B changes to CANDIDATE, lastRpcTime:5141, electionTimeout:5141ms
2019-09-25 12:10:44,314 [Thread-746] INFO  impl.RoleInfo (RoleInfo.java:shutdownFollowerState(121)) - b0d03c9b-af36-4ed0-8381-e873bbd9be0f: shutdown FollowerState
2019-09-25 12:10:44,315 [Thread-746] INFO  impl.RaftServerImpl (RaftServerImpl.java:setRole(174)) - b0d03c9b-af36-4ed0-8381-e873bbd9be0f@group-ED14AB0E932B: changes role from  FOLLOWER to CANDIDATE at term 0 for changeToCandidate
2019-09-25 12:10:44,315 [Thread-746] INFO  impl.RoleInfo (RoleInfo.java:updateAndGet(143)) - b0d03c9b-af36-4ed0-8381-e873bbd9be0f: start LeaderElection
2019-09-25 12:10:44,325 [ed9e8526-460d-4c85-81a4-c6a64f474ec5@group-F0F0CF8417AF:LeaderElection63] INFO  impl.LeaderElection (LeaderElection.java:askForVotes(182)) - ed9e8526-460d-4c85-81a4-c6a64f474ec5@group-F0F0CF8417AF:LeaderElection63: begin an election at term 1 for -1: [ed9e8526-460d-4c85-81a4-c6a64f474ec5:192.168.151.73:34002], old=null
2019-09-25 12:10:44,325 [b0d03c9b-af36-4ed0-8381-e873bbd9be0f@group-ED14AB0E932B:LeaderElection64] INFO  impl.LeaderElection (LeaderElection.java:askForVotes(182)) - b0d03c9b-af36-4ed0-8381-e873bbd9be0f@group-ED14AB0E932B:LeaderElection64: begin an election at term 1 for -1: [b0d03c9b-af36-4ed0-8381-e873bbd9be0f:192.168.151.73:36577], old=null
2019-09-25 12:10:44,325 [ed9e8526-460d-4c85-81a4-c6a64f474ec5@group-F0F0CF8417AF:LeaderElection63] INFO  impl.RoleInfo (RoleInfo.java:shutdownLeaderElection(134)) - ed9e8526-460d-4c85-81a4-c6a64f474ec5: shutdown LeaderElection
2019-09-25 12:10:44,325 [b0d03c9b-af36-4ed0-8381-e873bbd9be0f@group-ED14AB0E932B:LeaderElection64] INFO  impl.RoleInfo (RoleInfo.java:shutdownLeaderElection(134)) - b0d03c9b-af36-4ed0-8381-e873bbd9be0f: shutdown LeaderElection
2019-09-25 12:10:44,325 [ed9e8526-460d-4c85-81a4-c6a64f474ec5@group-F0F0CF8417AF:LeaderElection63] INFO  impl.RaftServerImpl (RaftServerImpl.java:setRole(174)) - ed9e8526-460d-4c85-81a4-c6a64f474ec5@group-F0F0CF8417AF: changes role from CANDIDATE to LEADER at term 1 for changeToLeader
2019-09-25 12:10:44,325 [b0d03c9b-af36-4ed0-8381-e873bbd9be0f@group-ED14AB0E932B:LeaderElection64] INFO  impl.RaftServerImpl (RaftServerImpl.java:setRole(174)) - b0d03c9b-af36-4ed0-8381-e873bbd9be0f@group-ED14AB0E932B: changes role from CANDIDATE to LEADER at term 1 for changeToLeader
2019-09-25 12:10:44,325 [ed9e8526-460d-4c85-81a4-c6a64f474ec5@group-F0F0CF8417AF:LeaderElection63] INFO  impl.RaftServerImpl (ServerState.java:setLeader(253)) - ed9e8526-460d-4c85-81a4-c6a64f474ec5@group-F0F0CF8417AF: change Leader from null to ed9e8526-460d-4c85-81a4-c6a64f474ec5 at term 1 for becomeLeader, leader elected after 5059ms
2019-09-25 12:10:44,326 [b0d03c9b-af36-4ed0-8381-e873bbd9be0f@group-ED14AB0E932B:LeaderElection64] INFO  impl.RaftServerImpl (ServerState.java:setLeader(253)) - b0d03c9b-af36-4ed0-8381-e873bbd9be0f@group-ED14AB0E932B: change Leader from null to b0d03c9b-af36-4ed0-8381-e873bbd9be0f at term 1 for becomeLeader, leader elected after 5165ms
2019-09-25 12:10:44,326 [ed9e8526-460d-4c85-81a4-c6a64f474ec5@group-F0F0CF8417AF:LeaderElection63] INFO  server.RaftServerConfigKeys (ConfUtils.java:logGet(43)) - raft.server.staging.catchup.gap = 1000 (default)
2019-09-25 12:10:44,355 [ed9e8526-460d-4c85-81a4-c6a64f474ec5@group-F0F0CF8417AF:LeaderElection63] INFO  server.RaftServerConfigKeys (ConfUtils.java:logGet(43)) - raft.server.rpc.sleep.time = 25ms (default)
2019-09-25 12:10:44,354 [b0d03c9b-af36-4ed0-8381-e873bbd9be0f@group-ED14AB0E932B:LeaderElection64] INFO  server.RaftServerConfigKeys (ConfUtils.java:logGet(43)) - raft.server.staging.catchup.gap = 1000 (default)
2019-09-25 12:10:44,355 [ed9e8526-460d-4c85-81a4-c6a64f474ec5@group-F0F0CF8417AF:LeaderElection63] INFO  server.RaftServerConfigKeys (ConfUtils.java:logGet(43)) - raft.server.write.element-limit = 4096 (default)
2019-09-25 12:10:44,355 [b0d03c9b-af36-4ed0-8381-e873bbd9be0f@group-ED14AB0E932B:LeaderElection64] INFO  server.RaftServerConfigKeys (ConfUtils.java:logGet(43)) - raft.server.rpc.sleep.time = 25ms (default)
2019-09-25 12:10:44,355 [ed9e8526-460d-4c85-81a4-c6a64f474ec5@group-F0F0CF8417AF:LeaderElection63] INFO  server.RaftServerConfigKeys (ConfUtils.java:logGet(43)) - raft.server.watch.timeout = 10s (default)
2019-09-25 12:10:44,356 [b0d03c9b-af36-4ed0-8381-e873bbd9be0f@group-ED14AB0E932B:LeaderElection64] INFO  server.RaftServerConfigKeys (ConfUtils.java:logGet(43)) - raft.server.write.element-limit = 4096 (default)
2019-09-25 12:10:44,356 [ed9e8526-460d-4c85-81a4-c6a64f474ec5@group-F0F0CF8417AF:LeaderElection63] INFO  server.RaftServerConfigKeys (ConfUtils.java:logGet(43)) - raft.server.watch.timeout.denomination = 1s (default)
2019-09-25 12:10:44,356 [b0d03c9b-af36-4ed0-8381-e873bbd9be0f@group-ED14AB0E932B:LeaderElection64] INFO  server.RaftServerConfigKeys (ConfUtils.java:logGet(43)) - raft.server.watch.timeout = 10s (default)
2019-09-25 12:10:44,356 [ed9e8526-460d-4c85-81a4-c6a64f474ec5@group-F0F0CF8417AF:LeaderElection63] INFO  server.RaftServerConfigKeys (ConfUtils.java:logGet(43)) - raft.server.watch.element-limit = 65536 (default)
2019-09-25 12:10:44,356 [b0d03c9b-af36-4ed0-8381-e873bbd9be0f@group-ED14AB0E932B:LeaderElection64] INFO  server.RaftServerConfigKeys (ConfUtils.java:logGet(43)) - raft.server.watch.timeout.denomination = 1s (default)
2019-09-25 12:10:44,356 [b0d03c9b-af36-4ed0-8381-e873bbd9be0f@group-ED14AB0E932B:LeaderElection64] INFO  server.RaftServerConfigKeys (ConfUtils.java:logGet(43)) - raft.server.watch.element-limit = 65536 (default)
2019-09-25 12:10:44,360 [ed9e8526-460d-4c85-81a4-c6a64f474ec5@group-F0F0CF8417AF:LeaderElection63] INFO  impl.RoleInfo (RoleInfo.java:updateAndGet(143)) - ed9e8526-460d-4c85-81a4-c6a64f474ec5: start LeaderState
2019-09-25 12:10:44,360 [b0d03c9b-af36-4ed0-8381-e873bbd9be0f@group-ED14AB0E932B:LeaderElection64] INFO  impl.RoleInfo (RoleInfo.java:updateAndGet(143)) - b0d03c9b-af36-4ed0-8381-e873bbd9be0f: start LeaderState
2019-09-25 12:10:44,360 [ed9e8526-460d-4c85-81a4-c6a64f474ec5@group-F0F0CF8417AF:LeaderElection63] INFO  segmented.SegmentedRaftLogWorker (SegmentedRaftLogWorker.java:startLogSegment(380)) - ed9e8526-460d-4c85-81a4-c6a64f474ec5@group-F0F0CF8417AF-SegmentedRaftLogWorker: Starting segment from index:0
2019-09-25 12:10:44,361 [b0d03c9b-af36-4ed0-8381-e873bbd9be0f@group-ED14AB0E932B:LeaderElection64] INFO  segmented.SegmentedRaftLogWorker (SegmentedRaftLogWorker.java:startLogSegment(380)) - b0d03c9b-af36-4ed0-8381-e873bbd9be0f@group-ED14AB0E932B-SegmentedRaftLogWorker: Starting segment from index:0
2019-09-25 12:10:44,361 [ed9e8526-460d-4c85-81a4-c6a64f474ec5@group-F0F0CF8417AF:LeaderElection63] INFO  impl.RaftServerImpl (ServerState.java:setRaftConf(354)) - ed9e8526-460d-4c85-81a4-c6a64f474ec5@group-F0F0CF8417AF: set configuration 0: [ed9e8526-460d-4c85-81a4-c6a64f474ec5:192.168.151.73:34002], old=null at 0
2019-09-25 12:10:44,362 [b0d03c9b-af36-4ed0-8381-e873bbd9be0f@group-ED14AB0E932B:LeaderElection64] INFO  impl.RaftServerImpl (ServerState.java:setRaftConf(354)) - b0d03c9b-af36-4ed0-8381-e873bbd9be0f@group-ED14AB0E932B: set configuration 0: [b0d03c9b-af36-4ed0-8381-e873bbd9be0f:192.168.151.73:36577], old=null at 0
2019-09-25 12:10:44,368 [672ef084-74ba-47a7-a215-7b0464967c29@group-B5B85577EDD9-SegmentedRaftLogWorker] INFO  segmented.SegmentedRaftLogWorker (SegmentedRaftLogWorker.java:execute(569)) - 672ef084-74ba-47a7-a215-7b0464967c29@group-B5B85577EDD9-SegmentedRaftLogWorker: created new log segment /workdir/hadoop-ozone/integration-test/target/test-dir/MiniOzoneClusterImpl-7d9c4453-492c-478b-a0e0-2871dbe18f6e/datanode-2/data/ratis/de950c19-e15b-4a42-b8a0-b5b85577edd9/current/log_inprogress_0
2019-09-25 12:10:44,413 [ed9e8526-460d-4c85-81a4-c6a64f474ec5@group-F0F0CF8417AF-SegmentedRaftLogWorker] INFO  segmented.SegmentedRaftLogWorker (SegmentedRaftLogWorker.java:execute(569)) - ed9e8526-460d-4c85-81a4-c6a64f474ec5@group-F0F0CF8417AF-SegmentedRaftLogWorker: created new log segment /workdir/hadoop-ozone/integration-test/target/test-dir/MiniOzoneClusterImpl-7d9c4453-492c-478b-a0e0-2871dbe18f6e/datanode-3/data/ratis/5ef8f1c8-85b7-413c-b6bf-f0f0cf8417af/current/log_inprogress_0
2019-09-25 12:10:44,413 [b0d03c9b-af36-4ed0-8381-e873bbd9be0f@group-ED14AB0E932B-SegmentedRaftLogWorker] INFO  segmented.SegmentedRaftLogWorker (SegmentedRaftLogWorker.java:execute(569)) - b0d03c9b-af36-4ed0-8381-e873bbd9be0f@group-ED14AB0E932B-SegmentedRaftLogWorker: created new log segment /workdir/hadoop-ozone/integration-test/target/test-dir/MiniOzoneClusterImpl-7d9c4453-492c-478b-a0e0-2871dbe18f6e/datanode-5/data/ratis/f870b249-12e1-454d-a909-ed14ab0e932b/current/log_inprogress_0
2019-09-25 12:10:44,414 [Thread-755] INFO  impl.FollowerState (FollowerState.java:run(106)) - ed9e8526-460d-4c85-81a4-c6a64f474ec5:group-295A0D2C5133 changes to CANDIDATE, lastRpcTime:5102, electionTimeout:5102ms
2019-09-25 12:10:44,414 [Thread-755] INFO  impl.RoleInfo (RoleInfo.java:shutdownFollowerState(121)) - ed9e8526-460d-4c85-81a4-c6a64f474ec5: shutdown FollowerState
2019-09-25 12:10:44,414 [Thread-755] INFO  impl.RaftServerImpl (RaftServerImpl.java:setRole(174)) - ed9e8526-460d-4c85-81a4-c6a64f474ec5@group-295A0D2C5133: changes role from  FOLLOWER to CANDIDATE at term 0 for changeToCandidate
2019-09-25 12:10:44,415 [Thread-755] INFO  impl.RoleInfo (RoleInfo.java:updateAndGet(143)) - ed9e8526-460d-4c85-81a4-c6a64f474ec5: start LeaderElection
2019-09-25 12:10:44,420 [Thread-749] INFO  impl.FollowerState (FollowerState.java:run(106)) - 80deecc8-67d2-4886-a269-aab5f88a17c2:group-A2A8BD9DDE5C changes to CANDIDATE, lastRpcTime:5196, electionTimeout:5196ms
2019-09-25 12:10:44,420 [Thread-749] INFO  impl.RoleInfo (RoleInfo.java:shutdownFollowerState(121)) - 80deecc8-67d2-4886-a269-aab5f88a17c2: shutdown FollowerState
2019-09-25 12:10:44,420 [Thread-749] INFO  impl.RaftServerImpl (RaftServerImpl.java:setRole(174)) - 80deecc8-67d2-4886-a269-aab5f88a17c2@group-A2A8BD9DDE5C: changes role from  FOLLOWER to CANDIDATE at term 0 for changeToCandidate
2019-09-25 12:10:44,421 [Thread-749] INFO  impl.RoleInfo (RoleInfo.java:updateAndGet(143)) - 80deecc8-67d2-4886-a269-aab5f88a17c2: start LeaderElection
2019-09-25 12:10:44,440 [80deecc8-67d2-4886-a269-aab5f88a17c2@group-A2A8BD9DDE5C:LeaderElection66] INFO  impl.LeaderElection (LeaderElection.java:askForVotes(182)) - 80deecc8-67d2-4886-a269-aab5f88a17c2@group-A2A8BD9DDE5C:LeaderElection66: begin an election at term 1 for -1: [80deecc8-67d2-4886-a269-aab5f88a17c2:192.168.151.73:41765], old=null
2019-09-25 12:10:44,440 [ed9e8526-460d-4c85-81a4-c6a64f474ec5@group-295A0D2C5133:LeaderElection65] INFO  impl.LeaderElection (LeaderElection.java:askForVotes(182)) - ed9e8526-460d-4c85-81a4-c6a64f474ec5@group-295A0D2C5133:LeaderElection65: begin an election at term 1 for -1: [ed9e8526-460d-4c85-81a4-c6a64f474ec5:192.168.151.73:34002], old=null
2019-09-25 12:10:44,440 [80deecc8-67d2-4886-a269-aab5f88a17c2@group-A2A8BD9DDE5C:LeaderElection66] INFO  impl.RoleInfo (RoleInfo.java:shutdownLeaderElection(134)) - 80deecc8-67d2-4886-a269-aab5f88a17c2: shutdown LeaderElection
2019-09-25 12:10:44,440 [ed9e8526-460d-4c85-81a4-c6a64f474ec5@group-295A0D2C5133:LeaderElection65] INFO  impl.RoleInfo (RoleInfo.java:shutdownLeaderElection(134)) - ed9e8526-460d-4c85-81a4-c6a64f474ec5: shutdown LeaderElection
2019-09-25 12:10:44,441 [80deecc8-67d2-4886-a269-aab5f88a17c2@group-A2A8BD9DDE5C:LeaderElection66] INFO  impl.RaftServerImpl (RaftServerImpl.java:setRole(174)) - 80deecc8-67d2-4886-a269-aab5f88a17c2@group-A2A8BD9DDE5C: changes role from CANDIDATE to LEADER at term 1 for changeToLeader
2019-09-25 12:10:44,441 [ed9e8526-460d-4c85-81a4-c6a64f474ec5@group-295A0D2C5133:LeaderElection65] INFO  impl.RaftServerImpl (RaftServerImpl.java:setRole(174)) - ed9e8526-460d-4c85-81a4-c6a64f474ec5@group-295A0D2C5133: changes role from CANDIDATE to LEADER at term 1 for changeToLeader
2019-09-25 12:10:44,441 [80deecc8-67d2-4886-a269-aab5f88a17c2@group-A2A8BD9DDE5C:LeaderElection66] INFO  impl.RaftServerImpl (ServerState.java:setLeader(253)) - 80deecc8-67d2-4886-a269-aab5f88a17c2@group-A2A8BD9DDE5C: change Leader from null to 80deecc8-67d2-4886-a269-aab5f88a17c2 at term 1 for becomeLeader, leader elected after 5222ms
2019-09-25 12:10:44,441 [ed9e8526-460d-4c85-81a4-c6a64f474ec5@group-295A0D2C5133:LeaderElection65] INFO  impl.RaftServerImpl (ServerState.java:setLeader(253)) - ed9e8526-460d-4c85-81a4-c6a64f474ec5@group-295A0D2C5133: change Leader from null to ed9e8526-460d-4c85-81a4-c6a64f474ec5 at term 1 for becomeLeader, leader elected after 5133ms
2019-09-25 12:10:44,441 [80deecc8-67d2-4886-a269-aab5f88a17c2@group-A2A8BD9DDE5C:LeaderElection66] INFO  server.RaftServerConfigKeys (ConfUtils.java:logGet(43)) - raft.server.staging.catchup.gap = 1000 (default)
2019-09-25 12:10:44,441 [ed9e8526-460d-4c85-81a4-c6a64f474ec5@group-295A0D2C5133:LeaderElection65] INFO  server.RaftServerConfigKeys (ConfUtils.java:logGet(43)) - raft.server.staging.catchup.gap = 1000 (default)
2019-09-25 12:10:44,441 [80deecc8-67d2-4886-a269-aab5f88a17c2@group-A2A8BD9DDE5C:LeaderElection66] INFO  server.RaftServerConfigKeys (ConfUtils.java:logGet(43)) - raft.server.rpc.sleep.time = 25ms (default)
2019-09-25 12:10:44,441 [ed9e8526-460d-4c85-81a4-c6a64f474ec5@group-295A0D2C5133:LeaderElection65] INFO  server.RaftServerConfigKeys (ConfUtils.java:logGet(43)) - raft.server.rpc.sleep.time = 25ms (default)
2019-09-25 12:10:44,442 [80deecc8-67d2-4886-a269-aab5f88a17c2@group-A2A8BD9DDE5C:LeaderElection66] INFO  server.RaftServerConfigKeys (ConfUtils.java:logGet(43)) - raft.server.write.element-limit = 4096 (default)
2019-09-25 12:10:44,442 [ed9e8526-460d-4c85-81a4-c6a64f474ec5@group-295A0D2C5133:LeaderElection65] INFO  server.RaftServerConfigKeys (ConfUtils.java:logGet(43)) - raft.server.write.element-limit = 4096 (default)
2019-09-25 12:10:44,442 [80deecc8-67d2-4886-a269-aab5f88a17c2@group-A2A8BD9DDE5C:LeaderElection66] INFO  server.RaftServerConfigKeys (ConfUtils.java:logGet(43)) - raft.server.watch.timeout = 10s (default)
2019-09-25 12:10:44,442 [ed9e8526-460d-4c85-81a4-c6a64f474ec5@group-295A0D2C5133:LeaderElection65] INFO  server.RaftServerConfigKeys (ConfUtils.java:logGet(43)) - raft.server.watch.timeout = 10s (default)
2019-09-25 12:10:44,442 [80deecc8-67d2-4886-a269-aab5f88a17c2@group-A2A8BD9DDE5C:LeaderElection66] INFO  server.RaftServerConfigKeys (ConfUtils.java:logGet(43)) - raft.server.watch.timeout.denomination = 1s (default)
2019-09-25 12:10:44,442 [ed9e8526-460d-4c85-81a4-c6a64f474ec5@group-295A0D2C5133:LeaderElection65] INFO  server.RaftServerConfigKeys (ConfUtils.java:logGet(43)) - raft.server.watch.timeout.denomination = 1s (default)
2019-09-25 12:10:44,443 [80deecc8-67d2-4886-a269-aab5f88a17c2@group-A2A8BD9DDE5C:LeaderElection66] INFO  server.RaftServerConfigKeys (ConfUtils.java:logGet(43)) - raft.server.watch.element-limit = 65536 (default)
2019-09-25 12:10:44,443 [ed9e8526-460d-4c85-81a4-c6a64f474ec5@group-295A0D2C5133:LeaderElection65] INFO  server.RaftServerConfigKeys (ConfUtils.java:logGet(43)) - raft.server.watch.element-limit = 65536 (default)
2019-09-25 12:10:44,446 [80deecc8-67d2-4886-a269-aab5f88a17c2@group-A2A8BD9DDE5C:LeaderElection66] INFO  impl.RoleInfo (RoleInfo.java:updateAndGet(143)) - 80deecc8-67d2-4886-a269-aab5f88a17c2: start LeaderState
2019-09-25 12:10:44,447 [ed9e8526-460d-4c85-81a4-c6a64f474ec5@group-295A0D2C5133:LeaderElection65] INFO  impl.RoleInfo (RoleInfo.java:updateAndGet(143)) - ed9e8526-460d-4c85-81a4-c6a64f474ec5: start LeaderState
2019-09-25 12:10:44,447 [Thread-763] INFO  impl.FollowerState (FollowerState.java:run(106)) - 80deecc8-67d2-4886-a269-aab5f88a17c2:group-E6FCBCCA7B73 changes to CANDIDATE, lastRpcTime:5007, electionTimeout:5007ms
2019-09-25 12:10:44,447 [80deecc8-67d2-4886-a269-aab5f88a17c2@group-A2A8BD9DDE5C:LeaderElection66] INFO  segmented.SegmentedRaftLogWorker (SegmentedRaftLogWorker.java:startLogSegment(380)) - 80deecc8-67d2-4886-a269-aab5f88a17c2@group-A2A8BD9DDE5C-SegmentedRaftLogWorker: Starting segment from index:0
2019-09-25 12:10:44,447 [ed9e8526-460d-4c85-81a4-c6a64f474ec5@group-295A0D2C5133:LeaderElection65] INFO  segmented.SegmentedRaftLogWorker (SegmentedRaftLogWorker.java:startLogSegment(380)) - ed9e8526-460d-4c85-81a4-c6a64f474ec5@group-295A0D2C5133-SegmentedRaftLogWorker: Starting segment from index:0
2019-09-25 12:10:44,447 [Thread-763] INFO  impl.RoleInfo (RoleInfo.java:shutdownFollowerState(121)) - 80deecc8-67d2-4886-a269-aab5f88a17c2: shutdown FollowerState
2019-09-25 12:10:44,447 [Thread-763] INFO  impl.RaftServerImpl (RaftServerImpl.java:setRole(174)) - 80deecc8-67d2-4886-a269-aab5f88a17c2@group-E6FCBCCA7B73: changes role from  FOLLOWER to CANDIDATE at term 0 for changeToCandidate
2019-09-25 12:10:44,448 [80deecc8-67d2-4886-a269-aab5f88a17c2@group-A2A8BD9DDE5C:LeaderElection66] INFO  impl.RaftServerImpl (ServerState.java:setRaftConf(354)) - 80deecc8-67d2-4886-a269-aab5f88a17c2@group-A2A8BD9DDE5C: set configuration 0: [80deecc8-67d2-4886-a269-aab5f88a17c2:192.168.151.73:41765], old=null at 0
2019-09-25 12:10:44,448 [ed9e8526-460d-4c85-81a4-c6a64f474ec5@group-295A0D2C5133:LeaderElection65] INFO  impl.RaftServerImpl (ServerState.java:setRaftConf(354)) - ed9e8526-460d-4c85-81a4-c6a64f474ec5@group-295A0D2C5133: set configuration 0: [ed9e8526-460d-4c85-81a4-c6a64f474ec5:192.168.151.73:34002], old=null at 0
2019-09-25 12:10:44,448 [Thread-763] INFO  impl.RoleInfo (RoleInfo.java:updateAndGet(143)) - 80deecc8-67d2-4886-a269-aab5f88a17c2: start LeaderElection
2019-09-25 12:10:44,474 [80deecc8-67d2-4886-a269-aab5f88a17c2@group-E6FCBCCA7B73:LeaderElection67] INFO  impl.LeaderElection (LeaderElection.java:askForVotes(182)) - 80deecc8-67d2-4886-a269-aab5f88a17c2@group-E6FCBCCA7B73:LeaderElection67: begin an election at term 1 for -1: [80deecc8-67d2-4886-a269-aab5f88a17c2:192.168.151.73:41765], old=null
2019-09-25 12:10:44,474 [80deecc8-67d2-4886-a269-aab5f88a17c2@group-E6FCBCCA7B73:LeaderElection67] INFO  impl.RoleInfo (RoleInfo.java:shutdownLeaderElection(134)) - 80deecc8-67d2-4886-a269-aab5f88a17c2: shutdown LeaderElection
2019-09-25 12:10:44,474 [80deecc8-67d2-4886-a269-aab5f88a17c2@group-E6FCBCCA7B73:LeaderElection67] INFO  impl.RaftServerImpl (RaftServerImpl.java:setRole(174)) - 80deecc8-67d2-4886-a269-aab5f88a17c2@group-E6FCBCCA7B73: changes role from CANDIDATE to LEADER at term 1 for changeToLeader
2019-09-25 12:10:44,474 [80deecc8-67d2-4886-a269-aab5f88a17c2@group-E6FCBCCA7B73:LeaderElection67] INFO  impl.RaftServerImpl (ServerState.java:setLeader(253)) - 80deecc8-67d2-4886-a269-aab5f88a17c2@group-E6FCBCCA7B73: change Leader from null to 80deecc8-67d2-4886-a269-aab5f88a17c2 at term 1 for becomeLeader, leader elected after 5042ms
2019-09-25 12:10:44,474 [80deecc8-67d2-4886-a269-aab5f88a17c2@group-E6FCBCCA7B73:LeaderElection67] INFO  server.RaftServerConfigKeys (ConfUtils.java:logGet(43)) - raft.server.staging.catchup.gap = 1000 (default)
2019-09-25 12:10:44,474 [80deecc8-67d2-4886-a269-aab5f88a17c2@group-E6FCBCCA7B73:LeaderElection67] INFO  server.RaftServerConfigKeys (ConfUtils.java:logGet(43)) - raft.server.rpc.sleep.time = 25ms (default)
2019-09-25 12:10:44,475 [80deecc8-67d2-4886-a269-aab5f88a17c2@group-E6FCBCCA7B73:LeaderElection67] INFO  server.RaftServerConfigKeys (ConfUtils.java:logGet(43)) - raft.server.write.element-limit = 4096 (default)
2019-09-25 12:10:44,475 [80deecc8-67d2-4886-a269-aab5f88a17c2@group-E6FCBCCA7B73:LeaderElection67] INFO  server.RaftServerConfigKeys (ConfUtils.java:logGet(43)) - raft.server.watch.timeout = 10s (default)
2019-09-25 12:10:44,475 [80deecc8-67d2-4886-a269-aab5f88a17c2@group-E6FCBCCA7B73:LeaderElection67] INFO  server.RaftServerConfigKeys (ConfUtils.java:logGet(43)) - raft.server.watch.timeout.denomination = 1s (default)
2019-09-25 12:10:44,475 [80deecc8-67d2-4886-a269-aab5f88a17c2@group-E6FCBCCA7B73:LeaderElection67] INFO  server.RaftServerConfigKeys (ConfUtils.java:logGet(43)) - raft.server.watch.element-limit = 65536 (default)
2019-09-25 12:10:44,477 [80deecc8-67d2-4886-a269-aab5f88a17c2@group-E6FCBCCA7B73:LeaderElection67] INFO  impl.RoleInfo (RoleInfo.java:updateAndGet(143)) - 80deecc8-67d2-4886-a269-aab5f88a17c2: start LeaderState
2019-09-25 12:10:44,477 [80deecc8-67d2-4886-a269-aab5f88a17c2@group-E6FCBCCA7B73:LeaderElection67] INFO  segmented.SegmentedRaftLogWorker (SegmentedRaftLogWorker.java:startLogSegment(380)) - 80deecc8-67d2-4886-a269-aab5f88a17c2@group-E6FCBCCA7B73-SegmentedRaftLogWorker: Starting segment from index:0
2019-09-25 12:10:44,478 [80deecc8-67d2-4886-a269-aab5f88a17c2@group-E6FCBCCA7B73:LeaderElection67] INFO  impl.RaftServerImpl (ServerState.java:setRaftConf(354)) - 80deecc8-67d2-4886-a269-aab5f88a17c2@group-E6FCBCCA7B73: set configuration 0: [80deecc8-67d2-4886-a269-aab5f88a17c2:192.168.151.73:41765], old=null at 0
2019-09-25 12:10:44,494 [80deecc8-67d2-4886-a269-aab5f88a17c2@group-A2A8BD9DDE5C-SegmentedRaftLogWorker] INFO  segmented.SegmentedRaftLogWorker (SegmentedRaftLogWorker.java:execute(569)) - 80deecc8-67d2-4886-a269-aab5f88a17c2@group-A2A8BD9DDE5C-SegmentedRaftLogWorker: created new log segment /workdir/hadoop-ozone/integration-test/target/test-dir/MiniOzoneClusterImpl-7d9c4453-492c-478b-a0e0-2871dbe18f6e/datanode-4/data/ratis/8d6c6fe7-4f0d-42df-a128-a2a8bd9dde5c/current/log_inprogress_0
2019-09-25 12:10:44,494 [ed9e8526-460d-4c85-81a4-c6a64f474ec5@group-295A0D2C5133-SegmentedRaftLogWorker] INFO  segmented.SegmentedRaftLogWorker (SegmentedRaftLogWorker.java:execute(569)) - ed9e8526-460d-4c85-81a4-c6a64f474ec5@group-295A0D2C5133-SegmentedRaftLogWorker: created new log segment /workdir/hadoop-ozone/integration-test/target/test-dir/MiniOzoneClusterImpl-7d9c4453-492c-478b-a0e0-2871dbe18f6e/datanode-3/data/ratis/4793a0e1-3214-4307-9669-295a0d2c5133/current/log_inprogress_0
2019-09-25 12:10:44,500 [Thread-758] INFO  impl.FollowerState (FollowerState.java:run(106)) - df786a85-25e2-42b5-b190-b73745044b82:group-F5C426F56B2B changes to CANDIDATE, lastRpcTime:5133, electionTimeout:5133ms
2019-09-25 12:10:44,500 [Thread-758] INFO  impl.RoleInfo (RoleInfo.java:shutdownFollowerState(121)) - df786a85-25e2-42b5-b190-b73745044b82: shutdown FollowerState
2019-09-25 12:10:44,500 [Thread-758] INFO  impl.RaftServerImpl (RaftServerImpl.java:setRole(174)) - df786a85-25e2-42b5-b190-b73745044b82@group-F5C426F56B2B: changes role from  FOLLOWER to CANDIDATE at term 0 for changeToCandidate
2019-09-25 12:10:44,500 [Thread-758] INFO  impl.RoleInfo (RoleInfo.java:updateAndGet(143)) - df786a85-25e2-42b5-b190-b73745044b82: start LeaderElection
2019-09-25 12:10:44,508 [df786a85-25e2-42b5-b190-b73745044b82@group-F5C426F56B2B:LeaderElection68] INFO  impl.LeaderElection (LeaderElection.java:askForVotes(182)) - df786a85-25e2-42b5-b190-b73745044b82@group-F5C426F56B2B:LeaderElection68: begin an election at term 1 for -1: [df786a85-25e2-42b5-b190-b73745044b82:192.168.151.73:38744], old=null
2019-09-25 12:10:44,508 [df786a85-25e2-42b5-b190-b73745044b82@group-F5C426F56B2B:LeaderElection68] INFO  impl.RoleInfo (RoleInfo.java:shutdownLeaderElection(134)) - df786a85-25e2-42b5-b190-b73745044b82: shutdown LeaderElection
2019-09-25 12:10:44,509 [df786a85-25e2-42b5-b190-b73745044b82@group-F5C426F56B2B:LeaderElection68] INFO  impl.RaftServerImpl (RaftServerImpl.java:setRole(174)) - df786a85-25e2-42b5-b190-b73745044b82@group-F5C426F56B2B: changes role from CANDIDATE to LEADER at term 1 for changeToLeader
2019-09-25 12:10:44,509 [df786a85-25e2-42b5-b190-b73745044b82@group-F5C426F56B2B:LeaderElection68] INFO  impl.RaftServerImpl (ServerState.java:setLeader(253)) - df786a85-25e2-42b5-b190-b73745044b82@group-F5C426F56B2B: change Leader from null to df786a85-25e2-42b5-b190-b73745044b82 at term 1 for becomeLeader, leader elected after 5149ms
2019-09-25 12:10:44,523 [df786a85-25e2-42b5-b190-b73745044b82@group-F5C426F56B2B:LeaderElection68] INFO  server.RaftServerConfigKeys (ConfUtils.java:logGet(43)) - raft.server.staging.catchup.gap = 1000 (default)
2019-09-25 12:10:44,524 [df786a85-25e2-42b5-b190-b73745044b82@group-F5C426F56B2B:LeaderElection68] INFO  server.RaftServerConfigKeys (ConfUtils.java:logGet(43)) - raft.server.rpc.sleep.time = 25ms (default)
2019-09-25 12:10:44,524 [df786a85-25e2-42b5-b190-b73745044b82@group-F5C426F56B2B:LeaderElection68] INFO  server.RaftServerConfigKeys (ConfUtils.java:logGet(43)) - raft.server.write.element-limit = 4096 (default)
2019-09-25 12:10:44,524 [df786a85-25e2-42b5-b190-b73745044b82@group-F5C426F56B2B:LeaderElection68] INFO  server.RaftServerConfigKeys (ConfUtils.java:logGet(43)) - raft.server.watch.timeout = 10s (default)
2019-09-25 12:10:44,524 [df786a85-25e2-42b5-b190-b73745044b82@group-F5C426F56B2B:LeaderElection68] INFO  server.RaftServerConfigKeys (ConfUtils.java:logGet(43)) - raft.server.watch.timeout.denomination = 1s (default)
2019-09-25 12:10:44,524 [df786a85-25e2-42b5-b190-b73745044b82@group-F5C426F56B2B:LeaderElection68] INFO  server.RaftServerConfigKeys (ConfUtils.java:logGet(43)) - raft.server.watch.element-limit = 65536 (default)
2019-09-25 12:10:44,526 [df786a85-25e2-42b5-b190-b73745044b82@group-F5C426F56B2B:LeaderElection68] INFO  impl.RoleInfo (RoleInfo.java:updateAndGet(143)) - df786a85-25e2-42b5-b190-b73745044b82: start LeaderState
2019-09-25 12:10:44,527 [df786a85-25e2-42b5-b190-b73745044b82@group-F5C426F56B2B:LeaderElection68] INFO  segmented.SegmentedRaftLogWorker (SegmentedRaftLogWorker.java:startLogSegment(380)) - df786a85-25e2-42b5-b190-b73745044b82@group-F5C426F56B2B-SegmentedRaftLogWorker: Starting segment from index:0
2019-09-25 12:10:44,527 [df786a85-25e2-42b5-b190-b73745044b82@group-F5C426F56B2B:LeaderElection68] INFO  impl.RaftServerImpl (ServerState.java:setRaftConf(354)) - df786a85-25e2-42b5-b190-b73745044b82@group-F5C426F56B2B: set configuration 0: [df786a85-25e2-42b5-b190-b73745044b82:192.168.151.73:38744], old=null at 0
2019-09-25 12:10:44,547 [80deecc8-67d2-4886-a269-aab5f88a17c2@group-E6FCBCCA7B73-SegmentedRaftLogWorker] INFO  segmented.SegmentedRaftLogWorker (SegmentedRaftLogWorker.java:execute(569)) - 80deecc8-67d2-4886-a269-aab5f88a17c2@group-E6FCBCCA7B73-SegmentedRaftLogWorker: created new log segment /workdir/hadoop-ozone/integration-test/target/test-dir/MiniOzoneClusterImpl-7d9c4453-492c-478b-a0e0-2871dbe18f6e/datanode-4/data/ratis/5452de70-231b-494e-9424-e6fcbcca7b73/current/log_inprogress_0
2019-09-25 12:10:44,586 [df786a85-25e2-42b5-b190-b73745044b82@group-F5C426F56B2B-SegmentedRaftLogWorker] INFO  segmented.SegmentedRaftLogWorker (SegmentedRaftLogWorker.java:execute(569)) - df786a85-25e2-42b5-b190-b73745044b82@group-F5C426F56B2B-SegmentedRaftLogWorker: created new log segment /workdir/hadoop-ozone/integration-test/target/test-dir/MiniOzoneClusterImpl-7d9c4453-492c-478b-a0e0-2871dbe18f6e/datanode-6/data/ratis/a42fe5f8-22f3-4705-a0bf-f5c426f56b2b/current/log_inprogress_0
2019-09-25 12:10:44,586 [Thread-769] INFO  impl.FollowerState (FollowerState.java:run(106)) - ed9e8526-460d-4c85-81a4-c6a64f474ec5:group-B6F57B6FE84A changes to CANDIDATE, lastRpcTime:5034, electionTimeout:5034ms
2019-09-25 12:10:44,586 [Thread-769] INFO  impl.RoleInfo (RoleInfo.java:shutdownFollowerState(121)) - ed9e8526-460d-4c85-81a4-c6a64f474ec5: shutdown FollowerState
2019-09-25 12:10:44,587 [Thread-769] INFO  impl.RaftServerImpl (RaftServerImpl.java:setRole(174)) - ed9e8526-460d-4c85-81a4-c6a64f474ec5@group-B6F57B6FE84A: changes role from  FOLLOWER to CANDIDATE at term 0 for changeToCandidate
2019-09-25 12:10:44,587 [Thread-769] INFO  impl.RoleInfo (RoleInfo.java:updateAndGet(143)) - ed9e8526-460d-4c85-81a4-c6a64f474ec5: start LeaderElection
2019-09-25 12:10:44,599 [ed9e8526-460d-4c85-81a4-c6a64f474ec5@group-B6F57B6FE84A:LeaderElection69] INFO  impl.LeaderElection (LeaderElection.java:askForVotes(182)) - ed9e8526-460d-4c85-81a4-c6a64f474ec5@group-B6F57B6FE84A:LeaderElection69: begin an election at term 1 for -1: [ed9e8526-460d-4c85-81a4-c6a64f474ec5:192.168.151.73:34002], old=null
2019-09-25 12:10:44,599 [ed9e8526-460d-4c85-81a4-c6a64f474ec5@group-B6F57B6FE84A:LeaderElection69] INFO  impl.RoleInfo (RoleInfo.java:shutdownLeaderElection(134)) - ed9e8526-460d-4c85-81a4-c6a64f474ec5: shutdown LeaderElection
2019-09-25 12:10:44,599 [ed9e8526-460d-4c85-81a4-c6a64f474ec5@group-B6F57B6FE84A:LeaderElection69] INFO  impl.RaftServerImpl (RaftServerImpl.java:setRole(174)) - ed9e8526-460d-4c85-81a4-c6a64f474ec5@group-B6F57B6FE84A: changes role from CANDIDATE to LEADER at term 1 for changeToLeader
2019-09-25 12:10:44,599 [ed9e8526-460d-4c85-81a4-c6a64f474ec5@group-B6F57B6FE84A:LeaderElection69] INFO  impl.RaftServerImpl (ServerState.java:setLeader(253)) - ed9e8526-460d-4c85-81a4-c6a64f474ec5@group-B6F57B6FE84A: change Leader from null to ed9e8526-460d-4c85-81a4-c6a64f474ec5 at term 1 for becomeLeader, leader elected after 5052ms
2019-09-25 12:10:44,599 [ed9e8526-460d-4c85-81a4-c6a64f474ec5@group-B6F57B6FE84A:LeaderElection69] INFO  server.RaftServerConfigKeys (ConfUtils.java:logGet(43)) - raft.server.staging.catchup.gap = 1000 (default)
2019-09-25 12:10:44,599 [ed9e8526-460d-4c85-81a4-c6a64f474ec5@group-B6F57B6FE84A:LeaderElection69] INFO  server.RaftServerConfigKeys (ConfUtils.java:logGet(43)) - raft.server.rpc.sleep.time = 25ms (default)
2019-09-25 12:10:44,600 [ed9e8526-460d-4c85-81a4-c6a64f474ec5@group-B6F57B6FE84A:LeaderElection69] INFO  server.RaftServerConfigKeys (ConfUtils.java:logGet(43)) - raft.server.write.element-limit = 4096 (default)
2019-09-25 12:10:44,600 [ed9e8526-460d-4c85-81a4-c6a64f474ec5@group-B6F57B6FE84A:LeaderElection69] INFO  server.RaftServerConfigKeys (ConfUtils.java:logGet(43)) - raft.server.watch.timeout = 10s (default)
2019-09-25 12:10:44,600 [ed9e8526-460d-4c85-81a4-c6a64f474ec5@group-B6F57B6FE84A:LeaderElection69] INFO  server.RaftServerConfigKeys (ConfUtils.java:logGet(43)) - raft.server.watch.timeout.denomination = 1s (default)
2019-09-25 12:10:44,600 [ed9e8526-460d-4c85-81a4-c6a64f474ec5@group-B6F57B6FE84A:LeaderElection69] INFO  server.RaftServerConfigKeys (ConfUtils.java:logGet(43)) - raft.server.watch.element-limit = 65536 (default)
2019-09-25 12:10:44,602 [ed9e8526-460d-4c85-81a4-c6a64f474ec5@group-B6F57B6FE84A:LeaderElection69] INFO  impl.RoleInfo (RoleInfo.java:updateAndGet(143)) - ed9e8526-460d-4c85-81a4-c6a64f474ec5: start LeaderState
2019-09-25 12:10:44,602 [ed9e8526-460d-4c85-81a4-c6a64f474ec5@group-B6F57B6FE84A:LeaderElection69] INFO  segmented.SegmentedRaftLogWorker (SegmentedRaftLogWorker.java:startLogSegment(380)) - ed9e8526-460d-4c85-81a4-c6a64f474ec5@group-B6F57B6FE84A-SegmentedRaftLogWorker: Starting segment from index:0
2019-09-25 12:10:44,602 [ed9e8526-460d-4c85-81a4-c6a64f474ec5@group-B6F57B6FE84A:LeaderElection69] INFO  impl.RaftServerImpl (ServerState.java:setRaftConf(354)) - ed9e8526-460d-4c85-81a4-c6a64f474ec5@group-B6F57B6FE84A: set configuration 0: [ed9e8526-460d-4c85-81a4-c6a64f474ec5:192.168.151.73:34002], old=null at 0
2019-09-25 12:10:44,656 [ed9e8526-460d-4c85-81a4-c6a64f474ec5@group-B6F57B6FE84A-SegmentedRaftLogWorker] INFO  segmented.SegmentedRaftLogWorker (SegmentedRaftLogWorker.java:execute(569)) - ed9e8526-460d-4c85-81a4-c6a64f474ec5@group-B6F57B6FE84A-SegmentedRaftLogWorker: created new log segment /workdir/hadoop-ozone/integration-test/target/test-dir/MiniOzoneClusterImpl-7d9c4453-492c-478b-a0e0-2871dbe18f6e/datanode-3/data/ratis/a21b2fe1-f607-49ab-848b-b6f57b6fe84a/current/log_inprogress_0
2019-09-25 12:10:44,706 [Thread-766] INFO  impl.FollowerState (FollowerState.java:run(106)) - ed9e8526-460d-4c85-81a4-c6a64f474ec5:group-6774927E6B7A changes to CANDIDATE, lastRpcTime:5199, electionTimeout:5199ms
2019-09-25 12:10:44,706 [Thread-766] INFO  impl.RoleInfo (RoleInfo.java:shutdownFollowerState(121)) - ed9e8526-460d-4c85-81a4-c6a64f474ec5: shutdown FollowerState
2019-09-25 12:10:44,706 [Thread-766] INFO  impl.RaftServerImpl (RaftServerImpl.java:setRole(174)) - ed9e8526-460d-4c85-81a4-c6a64f474ec5@group-6774927E6B7A: changes role from  FOLLOWER to CANDIDATE at term 0 for changeToCandidate
2019-09-25 12:10:44,707 [Thread-766] INFO  impl.RoleInfo (RoleInfo.java:updateAndGet(143)) - ed9e8526-460d-4c85-81a4-c6a64f474ec5: start LeaderElection
2019-09-25 12:10:44,720 [ed9e8526-460d-4c85-81a4-c6a64f474ec5@group-6774927E6B7A:LeaderElection70] INFO  impl.LeaderElection (LeaderElection.java:askForVotes(182)) - ed9e8526-460d-4c85-81a4-c6a64f474ec5@group-6774927E6B7A:LeaderElection70: begin an election at term 1 for -1: [ed9e8526-460d-4c85-81a4-c6a64f474ec5:192.168.151.73:34002], old=null
2019-09-25 12:10:44,720 [ed9e8526-460d-4c85-81a4-c6a64f474ec5@group-6774927E6B7A:LeaderElection70] INFO  impl.RoleInfo (RoleInfo.java:shutdownLeaderElection(134)) - ed9e8526-460d-4c85-81a4-c6a64f474ec5: shutdown LeaderElection
2019-09-25 12:10:44,720 [ed9e8526-460d-4c85-81a4-c6a64f474ec5@group-6774927E6B7A:LeaderElection70] INFO  impl.RaftServerImpl (RaftServerImpl.java:setRole(174)) - ed9e8526-460d-4c85-81a4-c6a64f474ec5@group-6774927E6B7A: changes role from CANDIDATE to LEADER at term 1 for changeToLeader
2019-09-25 12:10:44,721 [ed9e8526-460d-4c85-81a4-c6a64f474ec5@group-6774927E6B7A:LeaderElection70] INFO  impl.RaftServerImpl (ServerState.java:setLeader(253)) - ed9e8526-460d-4c85-81a4-c6a64f474ec5@group-6774927E6B7A: change Leader from null to ed9e8526-460d-4c85-81a4-c6a64f474ec5 at term 1 for becomeLeader, leader elected after 5220ms
2019-09-25 12:10:44,721 [ed9e8526-460d-4c85-81a4-c6a64f474ec5@group-6774927E6B7A:LeaderElection70] INFO  server.RaftServerConfigKeys (ConfUtils.java:logGet(43)) - raft.server.staging.catchup.gap = 1000 (default)
2019-09-25 12:10:44,721 [ed9e8526-460d-4c85-81a4-c6a64f474ec5@group-6774927E6B7A:LeaderElection70] INFO  server.RaftServerConfigKeys (ConfUtils.java:logGet(43)) - raft.server.rpc.sleep.time = 25ms (default)
2019-09-25 12:10:44,721 [ed9e8526-460d-4c85-81a4-c6a64f474ec5@group-6774927E6B7A:LeaderElection70] INFO  server.RaftServerConfigKeys (ConfUtils.java:logGet(43)) - raft.server.write.element-limit = 4096 (default)
2019-09-25 12:10:44,721 [ed9e8526-460d-4c85-81a4-c6a64f474ec5@group-6774927E6B7A:LeaderElection70] INFO  server.RaftServerConfigKeys (ConfUtils.java:logGet(43)) - raft.server.watch.timeout = 10s (default)
2019-09-25 12:10:44,721 [ed9e8526-460d-4c85-81a4-c6a64f474ec5@group-6774927E6B7A:LeaderElection70] INFO  server.RaftServerConfigKeys (ConfUtils.java:logGet(43)) - raft.server.watch.timeout.denomination = 1s (default)
2019-09-25 12:10:44,722 [ed9e8526-460d-4c85-81a4-c6a64f474ec5@group-6774927E6B7A:LeaderElection70] INFO  server.RaftServerConfigKeys (ConfUtils.java:logGet(43)) - raft.server.watch.element-limit = 65536 (default)
2019-09-25 12:10:44,724 [ed9e8526-460d-4c85-81a4-c6a64f474ec5@group-6774927E6B7A:LeaderElection70] INFO  impl.RoleInfo (RoleInfo.java:updateAndGet(143)) - ed9e8526-460d-4c85-81a4-c6a64f474ec5: start LeaderState
2019-09-25 12:10:44,724 [ed9e8526-460d-4c85-81a4-c6a64f474ec5@group-6774927E6B7A:LeaderElection70] INFO  segmented.SegmentedRaftLogWorker (SegmentedRaftLogWorker.java:startLogSegment(380)) - ed9e8526-460d-4c85-81a4-c6a64f474ec5@group-6774927E6B7A-SegmentedRaftLogWorker: Starting segment from index:0
2019-09-25 12:10:44,724 [ed9e8526-460d-4c85-81a4-c6a64f474ec5@group-6774927E6B7A:LeaderElection70] INFO  impl.RaftServerImpl (ServerState.java:setRaftConf(354)) - ed9e8526-460d-4c85-81a4-c6a64f474ec5@group-6774927E6B7A: set configuration 0: [ed9e8526-460d-4c85-81a4-c6a64f474ec5:192.168.151.73:34002], old=null at 0
2019-09-25 12:10:44,734 [Thread-775] INFO  impl.FollowerState (FollowerState.java:run(106)) - 80deecc8-67d2-4886-a269-aab5f88a17c2:group-2F53B1F7F88C changes to CANDIDATE, lastRpcTime:5099, electionTimeout:5099ms
2019-09-25 12:10:44,734 [Thread-775] INFO  impl.RoleInfo (RoleInfo.java:shutdownFollowerState(121)) - 80deecc8-67d2-4886-a269-aab5f88a17c2: shutdown FollowerState
2019-09-25 12:10:44,734 [Thread-775] INFO  impl.RaftServerImpl (RaftServerImpl.java:setRole(174)) - 80deecc8-67d2-4886-a269-aab5f88a17c2@group-2F53B1F7F88C: changes role from  FOLLOWER to CANDIDATE at term 0 for changeToCandidate
2019-09-25 12:10:44,734 [Thread-775] INFO  impl.RoleInfo (RoleInfo.java:updateAndGet(143)) - 80deecc8-67d2-4886-a269-aab5f88a17c2: start LeaderElection
2019-09-25 12:10:44,752 [Thread-772] INFO  impl.FollowerState (FollowerState.java:run(106)) - ed9e8526-460d-4c85-81a4-c6a64f474ec5:group-51E0158AAE9C changes to CANDIDATE, lastRpcTime:5159, electionTimeout:5159ms
2019-09-25 12:10:44,753 [Thread-772] INFO  impl.RoleInfo (RoleInfo.java:shutdownFollowerState(121)) - ed9e8526-460d-4c85-81a4-c6a64f474ec5: shutdown FollowerState
2019-09-25 12:10:44,753 [Thread-772] INFO  impl.RaftServerImpl (RaftServerImpl.java:setRole(174)) - ed9e8526-460d-4c85-81a4-c6a64f474ec5@group-51E0158AAE9C: changes role from  FOLLOWER to CANDIDATE at term 0 for changeToCandidate
2019-09-25 12:10:44,753 [Thread-772] INFO  impl.RoleInfo (RoleInfo.java:updateAndGet(143)) - ed9e8526-460d-4c85-81a4-c6a64f474ec5: start LeaderElection
2019-09-25 12:10:44,755 [80deecc8-67d2-4886-a269-aab5f88a17c2@group-2F53B1F7F88C:LeaderElection71] INFO  impl.LeaderElection (LeaderElection.java:askForVotes(182)) - 80deecc8-67d2-4886-a269-aab5f88a17c2@group-2F53B1F7F88C:LeaderElection71: begin an election at term 1 for -1: [80deecc8-67d2-4886-a269-aab5f88a17c2:192.168.151.73:41765], old=null
2019-09-25 12:10:44,755 [80deecc8-67d2-4886-a269-aab5f88a17c2@group-2F53B1F7F88C:LeaderElection71] INFO  impl.RoleInfo (RoleInfo.java:shutdownLeaderElection(134)) - 80deecc8-67d2-4886-a269-aab5f88a17c2: shutdown LeaderElection
2019-09-25 12:10:44,755 [80deecc8-67d2-4886-a269-aab5f88a17c2@group-2F53B1F7F88C:LeaderElection71] INFO  impl.RaftServerImpl (RaftServerImpl.java:setRole(174)) - 80deecc8-67d2-4886-a269-aab5f88a17c2@group-2F53B1F7F88C: changes role from CANDIDATE to LEADER at term 1 for changeToLeader
2019-09-25 12:10:44,755 [80deecc8-67d2-4886-a269-aab5f88a17c2@group-2F53B1F7F88C:LeaderElection71] INFO  impl.RaftServerImpl (ServerState.java:setLeader(253)) - 80deecc8-67d2-4886-a269-aab5f88a17c2@group-2F53B1F7F88C: change Leader from null to 80deecc8-67d2-4886-a269-aab5f88a17c2 at term 1 for becomeLeader, leader elected after 5125ms
2019-09-25 12:10:44,756 [80deecc8-67d2-4886-a269-aab5f88a17c2@group-2F53B1F7F88C:LeaderElection71] INFO  server.RaftServerConfigKeys (ConfUtils.java:logGet(43)) - raft.server.staging.catchup.gap = 1000 (default)
2019-09-25 12:10:44,756 [80deecc8-67d2-4886-a269-aab5f88a17c2@group-2F53B1F7F88C:LeaderElection71] INFO  server.RaftServerConfigKeys (ConfUtils.java:logGet(43)) - raft.server.rpc.sleep.time = 25ms (default)
2019-09-25 12:10:44,756 [80deecc8-67d2-4886-a269-aab5f88a17c2@group-2F53B1F7F88C:LeaderElection71] INFO  server.RaftServerConfigKeys (ConfUtils.java:logGet(43)) - raft.server.write.element-limit = 4096 (default)
2019-09-25 12:10:44,756 [80deecc8-67d2-4886-a269-aab5f88a17c2@group-2F53B1F7F88C:LeaderElection71] INFO  server.RaftServerConfigKeys (ConfUtils.java:logGet(43)) - raft.server.watch.timeout = 10s (default)
2019-09-25 12:10:44,756 [80deecc8-67d2-4886-a269-aab5f88a17c2@group-2F53B1F7F88C:LeaderElection71] INFO  server.RaftServerConfigKeys (ConfUtils.java:logGet(43)) - raft.server.watch.timeout.denomination = 1s (default)
2019-09-25 12:10:44,756 [80deecc8-67d2-4886-a269-aab5f88a17c2@group-2F53B1F7F88C:LeaderElection71] INFO  server.RaftServerConfigKeys (ConfUtils.java:logGet(43)) - raft.server.watch.element-limit = 65536 (default)
2019-09-25 12:10:44,758 [80deecc8-67d2-4886-a269-aab5f88a17c2@group-2F53B1F7F88C:LeaderElection71] INFO  impl.RoleInfo (RoleInfo.java:updateAndGet(143)) - 80deecc8-67d2-4886-a269-aab5f88a17c2: start LeaderState
2019-09-25 12:10:44,758 [80deecc8-67d2-4886-a269-aab5f88a17c2@group-2F53B1F7F88C:LeaderElection71] INFO  segmented.SegmentedRaftLogWorker (SegmentedRaftLogWorker.java:startLogSegment(380)) - 80deecc8-67d2-4886-a269-aab5f88a17c2@group-2F53B1F7F88C-SegmentedRaftLogWorker: Starting segment from index:0
2019-09-25 12:10:44,758 [80deecc8-67d2-4886-a269-aab5f88a17c2@group-2F53B1F7F88C:LeaderElection71] INFO  impl.RaftServerImpl (ServerState.java:setRaftConf(354)) - 80deecc8-67d2-4886-a269-aab5f88a17c2@group-2F53B1F7F88C: set configuration 0: [80deecc8-67d2-4886-a269-aab5f88a17c2:192.168.151.73:41765], old=null at 0
2019-09-25 12:10:44,758 [ed9e8526-460d-4c85-81a4-c6a64f474ec5@group-51E0158AAE9C:LeaderElection72] INFO  impl.LeaderElection (LeaderElection.java:askForVotes(182)) - ed9e8526-460d-4c85-81a4-c6a64f474ec5@group-51E0158AAE9C:LeaderElection72: begin an election at term 1 for -1: [ed9e8526-460d-4c85-81a4-c6a64f474ec5:192.168.151.73:34002], old=null
2019-09-25 12:10:44,759 [ed9e8526-460d-4c85-81a4-c6a64f474ec5@group-51E0158AAE9C:LeaderElection72] INFO  impl.RoleInfo (RoleInfo.java:shutdownLeaderElection(134)) - ed9e8526-460d-4c85-81a4-c6a64f474ec5: shutdown LeaderElection
2019-09-25 12:10:44,759 [ed9e8526-460d-4c85-81a4-c6a64f474ec5@group-51E0158AAE9C:LeaderElection72] INFO  impl.RaftServerImpl (RaftServerImpl.java:setRole(174)) - ed9e8526-460d-4c85-81a4-c6a64f474ec5@group-51E0158AAE9C: changes role from CANDIDATE to LEADER at term 1 for changeToLeader
2019-09-25 12:10:44,759 [ed9e8526-460d-4c85-81a4-c6a64f474ec5@group-51E0158AAE9C:LeaderElection72] INFO  impl.RaftServerImpl (ServerState.java:setLeader(253)) - ed9e8526-460d-4c85-81a4-c6a64f474ec5@group-51E0158AAE9C: change Leader from null to ed9e8526-460d-4c85-81a4-c6a64f474ec5 at term 1 for becomeLeader, leader elected after 5170ms
2019-09-25 12:10:44,759 [ed9e8526-460d-4c85-81a4-c6a64f474ec5@group-51E0158AAE9C:LeaderElection72] INFO  server.RaftServerConfigKeys (ConfUtils.java:logGet(43)) - raft.server.staging.catchup.gap = 1000 (default)
2019-09-25 12:10:44,759 [ed9e8526-460d-4c85-81a4-c6a64f474ec5@group-51E0158AAE9C:LeaderElection72] INFO  server.RaftServerConfigKeys (ConfUtils.java:logGet(43)) - raft.server.rpc.sleep.time = 25ms (default)
2019-09-25 12:10:44,759 [ed9e8526-460d-4c85-81a4-c6a64f474ec5@group-51E0158AAE9C:LeaderElection72] INFO  server.RaftServerConfigKeys (ConfUtils.java:logGet(43)) - raft.server.write.element-limit = 4096 (default)
2019-09-25 12:10:44,759 [ed9e8526-460d-4c85-81a4-c6a64f474ec5@group-51E0158AAE9C:LeaderElection72] INFO  server.RaftServerConfigKeys (ConfUtils.java:logGet(43)) - raft.server.watch.timeout = 10s (default)
2019-09-25 12:10:44,760 [ed9e8526-460d-4c85-81a4-c6a64f474ec5@group-51E0158AAE9C:LeaderElection72] INFO  server.RaftServerConfigKeys (ConfUtils.java:logGet(43)) - raft.server.watch.timeout.denomination = 1s (default)
2019-09-25 12:10:44,760 [ed9e8526-460d-4c85-81a4-c6a64f474ec5@group-51E0158AAE9C:LeaderElection72] INFO  server.RaftServerConfigKeys (ConfUtils.java:logGet(43)) - raft.server.watch.element-limit = 65536 (default)
2019-09-25 12:10:44,761 [ed9e8526-460d-4c85-81a4-c6a64f474ec5@group-51E0158AAE9C:LeaderElection72] INFO  impl.RoleInfo (RoleInfo.java:updateAndGet(143)) - ed9e8526-460d-4c85-81a4-c6a64f474ec5: start LeaderState
2019-09-25 12:10:44,762 [ed9e8526-460d-4c85-81a4-c6a64f474ec5@group-51E0158AAE9C:LeaderElection72] INFO  segmented.SegmentedRaftLogWorker (SegmentedRaftLogWorker.java:startLogSegment(380)) - ed9e8526-460d-4c85-81a4-c6a64f474ec5@group-51E0158AAE9C-SegmentedRaftLogWorker: Starting segment from index:0
2019-09-25 12:10:44,762 [ed9e8526-460d-4c85-81a4-c6a64f474ec5@group-51E0158AAE9C:LeaderElection72] INFO  impl.RaftServerImpl (ServerState.java:setRaftConf(354)) - ed9e8526-460d-4c85-81a4-c6a64f474ec5@group-51E0158AAE9C: set configuration 0: [ed9e8526-460d-4c85-81a4-c6a64f474ec5:192.168.151.73:34002], old=null at 0
2019-09-25 12:10:44,776 [ed9e8526-460d-4c85-81a4-c6a64f474ec5@group-6774927E6B7A-SegmentedRaftLogWorker] INFO  segmented.SegmentedRaftLogWorker (SegmentedRaftLogWorker.java:execute(569)) - ed9e8526-460d-4c85-81a4-c6a64f474ec5@group-6774927E6B7A-SegmentedRaftLogWorker: created new log segment /workdir/hadoop-ozone/integration-test/target/test-dir/MiniOzoneClusterImpl-7d9c4453-492c-478b-a0e0-2871dbe18f6e/datanode-3/data/ratis/4696f922-3f51-4840-9a6f-6774927e6b7a/current/log_inprogress_0
2019-09-25 12:10:44,791 [Thread-781] INFO  impl.FollowerState (FollowerState.java:run(106)) - 80deecc8-67d2-4886-a269-aab5f88a17c2:group-429BF13C1817 changes to CANDIDATE, lastRpcTime:5044, electionTimeout:5044ms
2019-09-25 12:10:44,791 [Thread-781] INFO  impl.RoleInfo (RoleInfo.java:shutdownFollowerState(121)) - 80deecc8-67d2-4886-a269-aab5f88a17c2: shutdown FollowerState
2019-09-25 12:10:44,791 [Thread-781] INFO  impl.RaftServerImpl (RaftServerImpl.java:setRole(174)) - 80deecc8-67d2-4886-a269-aab5f88a17c2@group-429BF13C1817: changes role from  FOLLOWER to CANDIDATE at term 0 for changeToCandidate
2019-09-25 12:10:44,791 [Thread-781] INFO  impl.RoleInfo (RoleInfo.java:updateAndGet(143)) - 80deecc8-67d2-4886-a269-aab5f88a17c2: start LeaderElection
2019-09-25 12:10:44,818 [ed9e8526-460d-4c85-81a4-c6a64f474ec5@group-51E0158AAE9C-SegmentedRaftLogWorker] INFO  segmented.SegmentedRaftLogWorker (SegmentedRaftLogWorker.java:execute(569)) - ed9e8526-460d-4c85-81a4-c6a64f474ec5@group-51E0158AAE9C-SegmentedRaftLogWorker: created new log segment /workdir/hadoop-ozone/integration-test/target/test-dir/MiniOzoneClusterImpl-7d9c4453-492c-478b-a0e0-2871dbe18f6e/datanode-3/data/ratis/8fce06e3-8506-4172-8754-51e0158aae9c/current/log_inprogress_0
2019-09-25 12:10:44,818 [80deecc8-67d2-4886-a269-aab5f88a17c2@group-429BF13C1817:LeaderElection73] INFO  impl.LeaderElection (LeaderElection.java:askForVotes(182)) - 80deecc8-67d2-4886-a269-aab5f88a17c2@group-429BF13C1817:LeaderElection73: begin an election at term 1 for -1: [80deecc8-67d2-4886-a269-aab5f88a17c2:192.168.151.73:41765], old=null
2019-09-25 12:10:44,818 [Thread-784] INFO  impl.FollowerState (FollowerState.java:run(106)) - b0d03c9b-af36-4ed0-8381-e873bbd9be0f:group-C07D9AC652E0 changes to CANDIDATE, lastRpcTime:5026, electionTimeout:5026ms
2019-09-25 12:10:44,818 [80deecc8-67d2-4886-a269-aab5f88a17c2@group-2F53B1F7F88C-SegmentedRaftLogWorker] INFO  segmented.SegmentedRaftLogWorker (SegmentedRaftLogWorker.java:execute(569)) - 80deecc8-67d2-4886-a269-aab5f88a17c2@group-2F53B1F7F88C-SegmentedRaftLogWorker: created new log segment /workdir/hadoop-ozone/integration-test/target/test-dir/MiniOzoneClusterImpl-7d9c4453-492c-478b-a0e0-2871dbe18f6e/datanode-4/data/ratis/9cca0aba-f39b-450e-958b-2f53b1f7f88c/current/log_inprogress_0
2019-09-25 12:10:44,819 [Thread-784] INFO  impl.RoleInfo (RoleInfo.java:shutdownFollowerState(121)) - b0d03c9b-af36-4ed0-8381-e873bbd9be0f: shutdown FollowerState
2019-09-25 12:10:44,818 [80deecc8-67d2-4886-a269-aab5f88a17c2@group-429BF13C1817:LeaderElection73] INFO  impl.RoleInfo (RoleInfo.java:shutdownLeaderElection(134)) - 80deecc8-67d2-4886-a269-aab5f88a17c2: shutdown LeaderElection
2019-09-25 12:10:44,819 [Thread-784] INFO  impl.RaftServerImpl (RaftServerImpl.java:setRole(174)) - b0d03c9b-af36-4ed0-8381-e873bbd9be0f@group-C07D9AC652E0: changes role from  FOLLOWER to CANDIDATE at term 0 for changeToCandidate
2019-09-25 12:10:44,819 [80deecc8-67d2-4886-a269-aab5f88a17c2@group-429BF13C1817:LeaderElection73] INFO  impl.RaftServerImpl (RaftServerImpl.java:setRole(174)) - 80deecc8-67d2-4886-a269-aab5f88a17c2@group-429BF13C1817: changes role from CANDIDATE to LEADER at term 1 for changeToLeader
2019-09-25 12:10:44,819 [Thread-784] INFO  impl.RoleInfo (RoleInfo.java:updateAndGet(143)) - b0d03c9b-af36-4ed0-8381-e873bbd9be0f: start LeaderElection
2019-09-25 12:10:44,819 [80deecc8-67d2-4886-a269-aab5f88a17c2@group-429BF13C1817:LeaderElection73] INFO  impl.RaftServerImpl (ServerState.java:setLeader(253)) - 80deecc8-67d2-4886-a269-aab5f88a17c2@group-429BF13C1817: change Leader from null to 80deecc8-67d2-4886-a269-aab5f88a17c2 at term 1 for becomeLeader, leader elected after 5079ms
2019-09-25 12:10:44,820 [80deecc8-67d2-4886-a269-aab5f88a17c2@group-429BF13C1817:LeaderElection73] INFO  server.RaftServerConfigKeys (ConfUtils.java:logGet(43)) - raft.server.staging.catchup.gap = 1000 (default)
2019-09-25 12:10:44,820 [80deecc8-67d2-4886-a269-aab5f88a17c2@group-429BF13C1817:LeaderElection73] INFO  server.RaftServerConfigKeys (ConfUtils.java:logGet(43)) - raft.server.rpc.sleep.time = 25ms (default)
2019-09-25 12:10:44,820 [80deecc8-67d2-4886-a269-aab5f88a17c2@group-429BF13C1817:LeaderElection73] INFO  server.RaftServerConfigKeys (ConfUtils.java:logGet(43)) - raft.server.write.element-limit = 4096 (default)
2019-09-25 12:10:44,820 [80deecc8-67d2-4886-a269-aab5f88a17c2@group-429BF13C1817:LeaderElection73] INFO  server.RaftServerConfigKeys (ConfUtils.java:logGet(43)) - raft.server.watch.timeout = 10s (default)
2019-09-25 12:10:44,820 [80deecc8-67d2-4886-a269-aab5f88a17c2@group-429BF13C1817:LeaderElection73] INFO  server.RaftServerConfigKeys (ConfUtils.java:logGet(43)) - raft.server.watch.timeout.denomination = 1s (default)
2019-09-25 12:10:44,820 [80deecc8-67d2-4886-a269-aab5f88a17c2@group-429BF13C1817:LeaderElection73] INFO  server.RaftServerConfigKeys (ConfUtils.java:logGet(43)) - raft.server.watch.element-limit = 65536 (default)
2019-09-25 12:10:44,822 [80deecc8-67d2-4886-a269-aab5f88a17c2@group-429BF13C1817:LeaderElection73] INFO  impl.RoleInfo (RoleInfo.java:updateAndGet(143)) - 80deecc8-67d2-4886-a269-aab5f88a17c2: start LeaderState
2019-09-25 12:10:44,823 [80deecc8-67d2-4886-a269-aab5f88a17c2@group-429BF13C1817:LeaderElection73] INFO  segmented.SegmentedRaftLogWorker (SegmentedRaftLogWorker.java:startLogSegment(380)) - 80deecc8-67d2-4886-a269-aab5f88a17c2@group-429BF13C1817-SegmentedRaftLogWorker: Starting segment from index:0
2019-09-25 12:10:44,823 [80deecc8-67d2-4886-a269-aab5f88a17c2@group-429BF13C1817:LeaderElection73] INFO  impl.RaftServerImpl (ServerState.java:setRaftConf(354)) - 80deecc8-67d2-4886-a269-aab5f88a17c2@group-429BF13C1817: set configuration 0: [80deecc8-67d2-4886-a269-aab5f88a17c2:192.168.151.73:41765], old=null at 0
2019-09-25 12:10:44,843 [b0d03c9b-af36-4ed0-8381-e873bbd9be0f@group-C07D9AC652E0:LeaderElection74] INFO  impl.LeaderElection (LeaderElection.java:askForVotes(182)) - b0d03c9b-af36-4ed0-8381-e873bbd9be0f@group-C07D9AC652E0:LeaderElection74: begin an election at term 1 for -1: [b0d03c9b-af36-4ed0-8381-e873bbd9be0f:192.168.151.73:36577], old=null
2019-09-25 12:10:44,843 [b0d03c9b-af36-4ed0-8381-e873bbd9be0f@group-C07D9AC652E0:LeaderElection74] INFO  impl.RoleInfo (RoleInfo.java:shutdownLeaderElection(134)) - b0d03c9b-af36-4ed0-8381-e873bbd9be0f: shutdown LeaderElection
2019-09-25 12:10:44,843 [b0d03c9b-af36-4ed0-8381-e873bbd9be0f@group-C07D9AC652E0:LeaderElection74] INFO  impl.RaftServerImpl (RaftServerImpl.java:setRole(174)) - b0d03c9b-af36-4ed0-8381-e873bbd9be0f@group-C07D9AC652E0: changes role from CANDIDATE to LEADER at term 1 for changeToLeader
2019-09-25 12:10:44,844 [b0d03c9b-af36-4ed0-8381-e873bbd9be0f@group-C07D9AC652E0:LeaderElection74] INFO  impl.RaftServerImpl (ServerState.java:setLeader(253)) - b0d03c9b-af36-4ed0-8381-e873bbd9be0f@group-C07D9AC652E0: change Leader from null to b0d03c9b-af36-4ed0-8381-e873bbd9be0f at term 1 for becomeLeader, leader elected after 5058ms
2019-09-25 12:10:44,844 [b0d03c9b-af36-4ed0-8381-e873bbd9be0f@group-C07D9AC652E0:LeaderElection74] INFO  server.RaftServerConfigKeys (ConfUtils.java:logGet(43)) - raft.server.staging.catchup.gap = 1000 (default)
2019-09-25 12:10:44,844 [b0d03c9b-af36-4ed0-8381-e873bbd9be0f@group-C07D9AC652E0:LeaderElection74] INFO  server.RaftServerConfigKeys (ConfUtils.java:logGet(43)) - raft.server.rpc.sleep.time = 25ms (default)
2019-09-25 12:10:44,844 [b0d03c9b-af36-4ed0-8381-e873bbd9be0f@group-C07D9AC652E0:LeaderElection74] INFO  server.RaftServerConfigKeys (ConfUtils.java:logGet(43)) - raft.server.write.element-limit = 4096 (default)
2019-09-25 12:10:44,844 [b0d03c9b-af36-4ed0-8381-e873bbd9be0f@group-C07D9AC652E0:LeaderElection74] INFO  server.RaftServerConfigKeys (ConfUtils.java:logGet(43)) - raft.server.watch.timeout = 10s (default)
2019-09-25 12:10:44,844 [b0d03c9b-af36-4ed0-8381-e873bbd9be0f@group-C07D9AC652E0:LeaderElection74] INFO  server.RaftServerConfigKeys (ConfUtils.java:logGet(43)) - raft.server.watch.timeout.denomination = 1s (default)
2019-09-25 12:10:44,844 [b0d03c9b-af36-4ed0-8381-e873bbd9be0f@group-C07D9AC652E0:LeaderElection74] INFO  server.RaftServerConfigKeys (ConfUtils.java:logGet(43)) - raft.server.watch.element-limit = 65536 (default)
2019-09-25 12:10:44,846 [b0d03c9b-af36-4ed0-8381-e873bbd9be0f@group-C07D9AC652E0:LeaderElection74] INFO  impl.RoleInfo (RoleInfo.java:updateAndGet(143)) - b0d03c9b-af36-4ed0-8381-e873bbd9be0f: start LeaderState
2019-09-25 12:10:44,846 [b0d03c9b-af36-4ed0-8381-e873bbd9be0f@group-C07D9AC652E0:LeaderElection74] INFO  segmented.SegmentedRaftLogWorker (SegmentedRaftLogWorker.java:startLogSegment(380)) - b0d03c9b-af36-4ed0-8381-e873bbd9be0f@group-C07D9AC652E0-SegmentedRaftLogWorker: Starting segment from index:0
2019-09-25 12:10:44,847 [b0d03c9b-af36-4ed0-8381-e873bbd9be0f@group-C07D9AC652E0:LeaderElection74] INFO  impl.RaftServerImpl (ServerState.java:setRaftConf(354)) - b0d03c9b-af36-4ed0-8381-e873bbd9be0f@group-C07D9AC652E0: set configuration 0: [b0d03c9b-af36-4ed0-8381-e873bbd9be0f:192.168.151.73:36577], old=null at 0
2019-09-25 12:10:44,857 [Thread-778] INFO  impl.FollowerState (FollowerState.java:run(106)) - 80deecc8-67d2-4886-a269-aab5f88a17c2:group-DB5E9E6606EC changes to CANDIDATE, lastRpcTime:5176, electionTimeout:5176ms
2019-09-25 12:10:44,858 [Thread-778] INFO  impl.RoleInfo (RoleInfo.java:shutdownFollowerState(121)) - 80deecc8-67d2-4886-a269-aab5f88a17c2: shutdown FollowerState
2019-09-25 12:10:44,858 [Thread-778] INFO  impl.RaftServerImpl (RaftServerImpl.java:setRole(174)) - 80deecc8-67d2-4886-a269-aab5f88a17c2@group-DB5E9E6606EC: changes role from  FOLLOWER to CANDIDATE at term 0 for changeToCandidate
2019-09-25 12:10:44,858 [Thread-778] INFO  impl.RoleInfo (RoleInfo.java:updateAndGet(143)) - 80deecc8-67d2-4886-a269-aab5f88a17c2: start LeaderElection
2019-09-25 12:10:44,873 [80deecc8-67d2-4886-a269-aab5f88a17c2@group-429BF13C1817-SegmentedRaftLogWorker] INFO  segmented.SegmentedRaftLogWorker (SegmentedRaftLogWorker.java:execute(569)) - 80deecc8-67d2-4886-a269-aab5f88a17c2@group-429BF13C1817-SegmentedRaftLogWorker: created new log segment /workdir/hadoop-ozone/integration-test/target/test-dir/MiniOzoneClusterImpl-7d9c4453-492c-478b-a0e0-2871dbe18f6e/datanode-4/data/ratis/3bd964fd-994f-47b7-8ad5-429bf13c1817/current/log_inprogress_0
2019-09-25 12:10:44,873 [80deecc8-67d2-4886-a269-aab5f88a17c2@group-DB5E9E6606EC:LeaderElection75] INFO  impl.LeaderElection (LeaderElection.java:askForVotes(182)) - 80deecc8-67d2-4886-a269-aab5f88a17c2@group-DB5E9E6606EC:LeaderElection75: begin an election at term 1 for -1: [80deecc8-67d2-4886-a269-aab5f88a17c2:192.168.151.73:41765], old=null
2019-09-25 12:10:44,873 [80deecc8-67d2-4886-a269-aab5f88a17c2@group-DB5E9E6606EC:LeaderElection75] INFO  impl.RoleInfo (RoleInfo.java:shutdownLeaderElection(134)) - 80deecc8-67d2-4886-a269-aab5f88a17c2: shutdown LeaderElection
2019-09-25 12:10:44,873 [80deecc8-67d2-4886-a269-aab5f88a17c2@group-DB5E9E6606EC:LeaderElection75] INFO  impl.RaftServerImpl (RaftServerImpl.java:setRole(174)) - 80deecc8-67d2-4886-a269-aab5f88a17c2@group-DB5E9E6606EC: changes role from CANDIDATE to LEADER at term 1 for changeToLeader
2019-09-25 12:10:44,873 [80deecc8-67d2-4886-a269-aab5f88a17c2@group-DB5E9E6606EC:LeaderElection75] INFO  impl.RaftServerImpl (ServerState.java:setLeader(253)) - 80deecc8-67d2-4886-a269-aab5f88a17c2@group-DB5E9E6606EC: change Leader from null to 80deecc8-67d2-4886-a269-aab5f88a17c2 at term 1 for becomeLeader, leader elected after 5199ms
2019-09-25 12:10:44,873 [80deecc8-67d2-4886-a269-aab5f88a17c2@group-DB5E9E6606EC:LeaderElection75] INFO  server.RaftServerConfigKeys (ConfUtils.java:logGet(43)) - raft.server.staging.catchup.gap = 1000 (default)
2019-09-25 12:10:44,874 [80deecc8-67d2-4886-a269-aab5f88a17c2@group-DB5E9E6606EC:LeaderElection75] INFO  server.RaftServerConfigKeys (ConfUtils.java:logGet(43)) - raft.server.rpc.sleep.time = 25ms (default)
2019-09-25 12:10:44,874 [80deecc8-67d2-4886-a269-aab5f88a17c2@group-DB5E9E6606EC:LeaderElection75] INFO  server.RaftServerConfigKeys (ConfUtils.java:logGet(43)) - raft.server.write.element-limit = 4096 (default)
2019-09-25 12:10:44,874 [80deecc8-67d2-4886-a269-aab5f88a17c2@group-DB5E9E6606EC:LeaderElection75] INFO  server.RaftServerConfigKeys (ConfUtils.java:logGet(43)) - raft.server.watch.timeout = 10s (default)
2019-09-25 12:10:44,874 [80deecc8-67d2-4886-a269-aab5f88a17c2@group-DB5E9E6606EC:LeaderElection75] INFO  server.RaftServerConfigKeys (ConfUtils.java:logGet(43)) - raft.server.watch.timeout.denomination = 1s (default)
2019-09-25 12:10:44,874 [80deecc8-67d2-4886-a269-aab5f88a17c2@group-DB5E9E6606EC:LeaderElection75] INFO  server.RaftServerConfigKeys (ConfUtils.java:logGet(43)) - raft.server.watch.element-limit = 65536 (default)
2019-09-25 12:10:44,876 [80deecc8-67d2-4886-a269-aab5f88a17c2@group-DB5E9E6606EC:LeaderElection75] INFO  impl.RoleInfo (RoleInfo.java:updateAndGet(143)) - 80deecc8-67d2-4886-a269-aab5f88a17c2: start LeaderState
2019-09-25 12:10:44,876 [80deecc8-67d2-4886-a269-aab5f88a17c2@group-DB5E9E6606EC:LeaderElection75] INFO  segmented.SegmentedRaftLogWorker (SegmentedRaftLogWorker.java:startLogSegment(380)) - 80deecc8-67d2-4886-a269-aab5f88a17c2@group-DB5E9E6606EC-SegmentedRaftLogWorker: Starting segment from index:0
2019-09-25 12:10:44,877 [80deecc8-67d2-4886-a269-aab5f88a17c2@group-DB5E9E6606EC:LeaderElection75] INFO  impl.RaftServerImpl (ServerState.java:setRaftConf(354)) - 80deecc8-67d2-4886-a269-aab5f88a17c2@group-DB5E9E6606EC: set configuration 0: [80deecc8-67d2-4886-a269-aab5f88a17c2:192.168.151.73:41765], old=null at 0
2019-09-25 12:10:44,887 [b0d03c9b-af36-4ed0-8381-e873bbd9be0f@group-C07D9AC652E0-SegmentedRaftLogWorker] INFO  segmented.SegmentedRaftLogWorker (SegmentedRaftLogWorker.java:execute(569)) - b0d03c9b-af36-4ed0-8381-e873bbd9be0f@group-C07D9AC652E0-SegmentedRaftLogWorker: created new log segment /workdir/hadoop-ozone/integration-test/target/test-dir/MiniOzoneClusterImpl-7d9c4453-492c-478b-a0e0-2871dbe18f6e/datanode-5/data/ratis/3d6e1826-cbeb-4849-a73f-c07d9ac652e0/current/log_inprogress_0
2019-09-25 12:10:44,919 [80deecc8-67d2-4886-a269-aab5f88a17c2@group-DB5E9E6606EC-SegmentedRaftLogWorker] INFO  segmented.SegmentedRaftLogWorker (SegmentedRaftLogWorker.java:execute(569)) - 80deecc8-67d2-4886-a269-aab5f88a17c2@group-DB5E9E6606EC-SegmentedRaftLogWorker: created new log segment /workdir/hadoop-ozone/integration-test/target/test-dir/MiniOzoneClusterImpl-7d9c4453-492c-478b-a0e0-2871dbe18f6e/datanode-4/data/ratis/9114921d-caac-4d5c-b7d5-db5e9e6606ec/current/log_inprogress_0
2019-09-25 12:10:45,230 [Thread-787] INFO  impl.FollowerState (FollowerState.java:run(106)) - b0d03c9b-af36-4ed0-8381-e873bbd9be0f:group-E5AD430D4944 changes to CANDIDATE, lastRpcTime:5196, electionTimeout:5125ms
2019-09-25 12:10:45,231 [Thread-787] INFO  impl.RoleInfo (RoleInfo.java:shutdownFollowerState(121)) - b0d03c9b-af36-4ed0-8381-e873bbd9be0f: shutdown FollowerState
2019-09-25 12:10:45,231 [Thread-787] INFO  impl.RaftServerImpl (RaftServerImpl.java:setRole(174)) - b0d03c9b-af36-4ed0-8381-e873bbd9be0f@group-E5AD430D4944: changes role from  FOLLOWER to CANDIDATE at term 0 for changeToCandidate
2019-09-25 12:10:45,231 [Thread-787] INFO  impl.RoleInfo (RoleInfo.java:updateAndGet(143)) - b0d03c9b-af36-4ed0-8381-e873bbd9be0f: start LeaderElection
2019-09-25 12:10:45,251 [Thread-790] INFO  impl.FollowerState (FollowerState.java:run(106)) - b0d03c9b-af36-4ed0-8381-e873bbd9be0f:group-00545004E2EA changes to CANDIDATE, lastRpcTime:5032, electionTimeout:5032ms
2019-09-25 12:10:45,251 [Thread-790] INFO  impl.RoleInfo (RoleInfo.java:shutdownFollowerState(121)) - b0d03c9b-af36-4ed0-8381-e873bbd9be0f: shutdown FollowerState
2019-09-25 12:10:45,251 [Thread-790] INFO  impl.RaftServerImpl (RaftServerImpl.java:setRole(174)) - b0d03c9b-af36-4ed0-8381-e873bbd9be0f@group-00545004E2EA: changes role from  FOLLOWER to CANDIDATE at term 0 for changeToCandidate
2019-09-25 12:10:45,251 [Thread-790] INFO  impl.RoleInfo (RoleInfo.java:updateAndGet(143)) - b0d03c9b-af36-4ed0-8381-e873bbd9be0f: start LeaderElection
2019-09-25 12:10:45,256 [b0d03c9b-af36-4ed0-8381-e873bbd9be0f@group-E5AD430D4944:LeaderElection76] INFO  impl.LeaderElection (LeaderElection.java:askForVotes(182)) - b0d03c9b-af36-4ed0-8381-e873bbd9be0f@group-E5AD430D4944:LeaderElection76: begin an election at term 1 for -1: [b0d03c9b-af36-4ed0-8381-e873bbd9be0f:192.168.151.73:36577], old=null
2019-09-25 12:10:45,257 [b0d03c9b-af36-4ed0-8381-e873bbd9be0f@group-E5AD430D4944:LeaderElection76] INFO  impl.RoleInfo (RoleInfo.java:shutdownLeaderElection(134)) - b0d03c9b-af36-4ed0-8381-e873bbd9be0f: shutdown LeaderElection
2019-09-25 12:10:45,257 [b0d03c9b-af36-4ed0-8381-e873bbd9be0f@group-E5AD430D4944:LeaderElection76] INFO  impl.RaftServerImpl (RaftServerImpl.java:setRole(174)) - b0d03c9b-af36-4ed0-8381-e873bbd9be0f@group-E5AD430D4944: changes role from CANDIDATE to LEADER at term 1 for changeToLeader
2019-09-25 12:10:45,257 [b0d03c9b-af36-4ed0-8381-e873bbd9be0f@group-E5AD430D4944:LeaderElection76] INFO  impl.RaftServerImpl (ServerState.java:setLeader(253)) - b0d03c9b-af36-4ed0-8381-e873bbd9be0f@group-E5AD430D4944: change Leader from null to b0d03c9b-af36-4ed0-8381-e873bbd9be0f at term 1 for becomeLeader, leader elected after 5249ms
2019-09-25 12:10:45,257 [b0d03c9b-af36-4ed0-8381-e873bbd9be0f@group-E5AD430D4944:LeaderElection76] INFO  server.RaftServerConfigKeys (ConfUtils.java:logGet(43)) - raft.server.staging.catchup.gap = 1000 (default)
2019-09-25 12:10:45,257 [b0d03c9b-af36-4ed0-8381-e873bbd9be0f@group-E5AD430D4944:LeaderElection76] INFO  server.RaftServerConfigKeys (ConfUtils.java:logGet(43)) - raft.server.rpc.sleep.time = 25ms (default)
2019-09-25 12:10:45,257 [b0d03c9b-af36-4ed0-8381-e873bbd9be0f@group-E5AD430D4944:LeaderElection76] INFO  server.RaftServerConfigKeys (ConfUtils.java:logGet(43)) - raft.server.write.element-limit = 4096 (default)
2019-09-25 12:10:45,257 [b0d03c9b-af36-4ed0-8381-e873bbd9be0f@group-E5AD430D4944:LeaderElection76] INFO  server.RaftServerConfigKeys (ConfUtils.java:logGet(43)) - raft.server.watch.timeout = 10s (default)
2019-09-25 12:10:45,257 [b0d03c9b-af36-4ed0-8381-e873bbd9be0f@group-E5AD430D4944:LeaderElection76] INFO  server.RaftServerConfigKeys (ConfUtils.java:logGet(43)) - raft.server.watch.timeout.denomination = 1s (default)
2019-09-25 12:10:45,258 [b0d03c9b-af36-4ed0-8381-e873bbd9be0f@group-E5AD430D4944:LeaderElection76] INFO  server.RaftServerConfigKeys (ConfUtils.java:logGet(43)) - raft.server.watch.element-limit = 65536 (default)
2019-09-25 12:10:45,258 [b0d03c9b-af36-4ed0-8381-e873bbd9be0f@group-00545004E2EA:LeaderElection77] INFO  impl.LeaderElection (LeaderElection.java:askForVotes(182)) - b0d03c9b-af36-4ed0-8381-e873bbd9be0f@group-00545004E2EA:LeaderElection77: begin an election at term 1 for -1: [b0d03c9b-af36-4ed0-8381-e873bbd9be0f:192.168.151.73:36577], old=null
2019-09-25 12:10:45,258 [b0d03c9b-af36-4ed0-8381-e873bbd9be0f@group-00545004E2EA:LeaderElection77] INFO  impl.RoleInfo (RoleInfo.java:shutdownLeaderElection(134)) - b0d03c9b-af36-4ed0-8381-e873bbd9be0f: shutdown LeaderElection
2019-09-25 12:10:45,259 [b0d03c9b-af36-4ed0-8381-e873bbd9be0f@group-00545004E2EA:LeaderElection77] INFO  impl.RaftServerImpl (RaftServerImpl.java:setRole(174)) - b0d03c9b-af36-4ed0-8381-e873bbd9be0f@group-00545004E2EA: changes role from CANDIDATE to LEADER at term 1 for changeToLeader
2019-09-25 12:10:45,259 [b0d03c9b-af36-4ed0-8381-e873bbd9be0f@group-00545004E2EA:LeaderElection77] INFO  impl.RaftServerImpl (ServerState.java:setLeader(253)) - b0d03c9b-af36-4ed0-8381-e873bbd9be0f@group-00545004E2EA: change Leader from null to b0d03c9b-af36-4ed0-8381-e873bbd9be0f at term 1 for becomeLeader, leader elected after 5044ms
2019-09-25 12:10:45,259 [b0d03c9b-af36-4ed0-8381-e873bbd9be0f@group-00545004E2EA:LeaderElection77] INFO  server.RaftServerConfigKeys (ConfUtils.java:logGet(43)) - raft.server.staging.catchup.gap = 1000 (default)
2019-09-25 12:10:45,259 [b0d03c9b-af36-4ed0-8381-e873bbd9be0f@group-00545004E2EA:LeaderElection77] INFO  server.RaftServerConfigKeys (ConfUtils.java:logGet(43)) - raft.server.rpc.sleep.time = 25ms (default)
2019-09-25 12:10:45,259 [b0d03c9b-af36-4ed0-8381-e873bbd9be0f@group-E5AD430D4944:LeaderElection76] INFO  impl.RoleInfo (RoleInfo.java:updateAndGet(143)) - b0d03c9b-af36-4ed0-8381-e873bbd9be0f: start LeaderState
2019-09-25 12:10:45,259 [b0d03c9b-af36-4ed0-8381-e873bbd9be0f@group-00545004E2EA:LeaderElection77] INFO  server.RaftServerConfigKeys (ConfUtils.java:logGet(43)) - raft.server.write.element-limit = 4096 (default)
2019-09-25 12:10:45,260 [b0d03c9b-af36-4ed0-8381-e873bbd9be0f@group-E5AD430D4944:LeaderElection76] INFO  segmented.SegmentedRaftLogWorker (SegmentedRaftLogWorker.java:startLogSegment(380)) - b0d03c9b-af36-4ed0-8381-e873bbd9be0f@group-E5AD430D4944-SegmentedRaftLogWorker: Starting segment from index:0
2019-09-25 12:10:45,260 [b0d03c9b-af36-4ed0-8381-e873bbd9be0f@group-00545004E2EA:LeaderElection77] INFO  server.RaftServerConfigKeys (ConfUtils.java:logGet(43)) - raft.server.watch.timeout = 10s (default)
2019-09-25 12:10:45,260 [b0d03c9b-af36-4ed0-8381-e873bbd9be0f@group-00545004E2EA:LeaderElection77] INFO  server.RaftServerConfigKeys (ConfUtils.java:logGet(43)) - raft.server.watch.timeout.denomination = 1s (default)
2019-09-25 12:10:45,260 [b0d03c9b-af36-4ed0-8381-e873bbd9be0f@group-E5AD430D4944:LeaderElection76] INFO  impl.RaftServerImpl (ServerState.java:setRaftConf(354)) - b0d03c9b-af36-4ed0-8381-e873bbd9be0f@group-E5AD430D4944: set configuration 0: [b0d03c9b-af36-4ed0-8381-e873bbd9be0f:192.168.151.73:36577], old=null at 0
2019-09-25 12:10:45,260 [b0d03c9b-af36-4ed0-8381-e873bbd9be0f@group-00545004E2EA:LeaderElection77] INFO  server.RaftServerConfigKeys (ConfUtils.java:logGet(43)) - raft.server.watch.element-limit = 65536 (default)
2019-09-25 12:10:45,262 [b0d03c9b-af36-4ed0-8381-e873bbd9be0f@group-00545004E2EA:LeaderElection77] INFO  impl.RoleInfo (RoleInfo.java:updateAndGet(143)) - b0d03c9b-af36-4ed0-8381-e873bbd9be0f: start LeaderState
2019-09-25 12:10:45,262 [b0d03c9b-af36-4ed0-8381-e873bbd9be0f@group-00545004E2EA:LeaderElection77] INFO  segmented.SegmentedRaftLogWorker (SegmentedRaftLogWorker.java:startLogSegment(380)) - b0d03c9b-af36-4ed0-8381-e873bbd9be0f@group-00545004E2EA-SegmentedRaftLogWorker: Starting segment from index:0
2019-09-25 12:10:45,263 [b0d03c9b-af36-4ed0-8381-e873bbd9be0f@group-00545004E2EA:LeaderElection77] INFO  impl.RaftServerImpl (ServerState.java:setRaftConf(354)) - b0d03c9b-af36-4ed0-8381-e873bbd9be0f@group-00545004E2EA: set configuration 0: [b0d03c9b-af36-4ed0-8381-e873bbd9be0f:192.168.151.73:36577], old=null at 0
2019-09-25 12:10:45,314 [b0d03c9b-af36-4ed0-8381-e873bbd9be0f@group-E5AD430D4944-SegmentedRaftLogWorker] INFO  segmented.SegmentedRaftLogWorker (SegmentedRaftLogWorker.java:execute(569)) - b0d03c9b-af36-4ed0-8381-e873bbd9be0f@group-E5AD430D4944-SegmentedRaftLogWorker: created new log segment /workdir/hadoop-ozone/integration-test/target/test-dir/MiniOzoneClusterImpl-7d9c4453-492c-478b-a0e0-2871dbe18f6e/datanode-5/data/ratis/125f9844-59ab-4f05-83a1-e5ad430d4944/current/log_inprogress_0
2019-09-25 12:10:45,314 [b0d03c9b-af36-4ed0-8381-e873bbd9be0f@group-00545004E2EA-SegmentedRaftLogWorker] INFO  segmented.SegmentedRaftLogWorker (SegmentedRaftLogWorker.java:execute(569)) - b0d03c9b-af36-4ed0-8381-e873bbd9be0f@group-00545004E2EA-SegmentedRaftLogWorker: created new log segment /workdir/hadoop-ozone/integration-test/target/test-dir/MiniOzoneClusterImpl-7d9c4453-492c-478b-a0e0-2871dbe18f6e/datanode-5/data/ratis/980e341c-6247-455f-a5eb-00545004e2ea/current/log_inprogress_0
2019-09-25 12:10:45,344 [Thread-796] INFO  impl.FollowerState (FollowerState.java:run(106)) - df786a85-25e2-42b5-b190-b73745044b82:group-C46FA42B5D58 changes to CANDIDATE, lastRpcTime:5016, electionTimeout:5016ms
2019-09-25 12:10:45,344 [Thread-796] INFO  impl.RoleInfo (RoleInfo.java:shutdownFollowerState(121)) - df786a85-25e2-42b5-b190-b73745044b82: shutdown FollowerState
2019-09-25 12:10:45,344 [Thread-796] INFO  impl.RaftServerImpl (RaftServerImpl.java:setRole(174)) - df786a85-25e2-42b5-b190-b73745044b82@group-C46FA42B5D58: changes role from  FOLLOWER to CANDIDATE at term 0 for changeToCandidate
2019-09-25 12:10:45,344 [Thread-796] INFO  impl.RoleInfo (RoleInfo.java:updateAndGet(143)) - df786a85-25e2-42b5-b190-b73745044b82: start LeaderElection
2019-09-25 12:10:45,358 [df786a85-25e2-42b5-b190-b73745044b82@group-C46FA42B5D58:LeaderElection78] INFO  impl.LeaderElection (LeaderElection.java:askForVotes(182)) - df786a85-25e2-42b5-b190-b73745044b82@group-C46FA42B5D58:LeaderElection78: begin an election at term 1 for -1: [df786a85-25e2-42b5-b190-b73745044b82:192.168.151.73:38744], old=null
2019-09-25 12:10:45,358 [df786a85-25e2-42b5-b190-b73745044b82@group-C46FA42B5D58:LeaderElection78] INFO  impl.RoleInfo (RoleInfo.java:shutdownLeaderElection(134)) - df786a85-25e2-42b5-b190-b73745044b82: shutdown LeaderElection
2019-09-25 12:10:45,358 [df786a85-25e2-42b5-b190-b73745044b82@group-C46FA42B5D58:LeaderElection78] INFO  impl.RaftServerImpl (RaftServerImpl.java:setRole(174)) - df786a85-25e2-42b5-b190-b73745044b82@group-C46FA42B5D58: changes role from CANDIDATE to LEADER at term 1 for changeToLeader
2019-09-25 12:10:45,359 [df786a85-25e2-42b5-b190-b73745044b82@group-C46FA42B5D58:LeaderElection78] INFO  impl.RaftServerImpl (ServerState.java:setLeader(253)) - df786a85-25e2-42b5-b190-b73745044b82@group-C46FA42B5D58: change Leader from null to df786a85-25e2-42b5-b190-b73745044b82 at term 1 for becomeLeader, leader elected after 5037ms
2019-09-25 12:10:45,359 [df786a85-25e2-42b5-b190-b73745044b82@group-C46FA42B5D58:LeaderElection78] INFO  server.RaftServerConfigKeys (ConfUtils.java:logGet(43)) - raft.server.staging.catchup.gap = 1000 (default)
2019-09-25 12:10:45,359 [df786a85-25e2-42b5-b190-b73745044b82@group-C46FA42B5D58:LeaderElection78] INFO  server.RaftServerConfigKeys (ConfUtils.java:logGet(43)) - raft.server.rpc.sleep.time = 25ms (default)
2019-09-25 12:10:45,359 [df786a85-25e2-42b5-b190-b73745044b82@group-C46FA42B5D58:LeaderElection78] INFO  server.RaftServerConfigKeys (ConfUtils.java:logGet(43)) - raft.server.write.element-limit = 4096 (default)
2019-09-25 12:10:45,359 [df786a85-25e2-42b5-b190-b73745044b82@group-C46FA42B5D58:LeaderElection78] INFO  server.RaftServerConfigKeys (ConfUtils.java:logGet(43)) - raft.server.watch.timeout = 10s (default)
2019-09-25 12:10:45,359 [df786a85-25e2-42b5-b190-b73745044b82@group-C46FA42B5D58:LeaderElection78] INFO  server.RaftServerConfigKeys (ConfUtils.java:logGet(43)) - raft.server.watch.timeout.denomination = 1s (default)
2019-09-25 12:10:45,360 [df786a85-25e2-42b5-b190-b73745044b82@group-C46FA42B5D58:LeaderElection78] INFO  server.RaftServerConfigKeys (ConfUtils.java:logGet(43)) - raft.server.watch.element-limit = 65536 (default)
2019-09-25 12:10:45,361 [df786a85-25e2-42b5-b190-b73745044b82@group-C46FA42B5D58:LeaderElection78] INFO  impl.RoleInfo (RoleInfo.java:updateAndGet(143)) - df786a85-25e2-42b5-b190-b73745044b82: start LeaderState
2019-09-25 12:10:45,362 [df786a85-25e2-42b5-b190-b73745044b82@group-C46FA42B5D58:LeaderElection78] INFO  segmented.SegmentedRaftLogWorker (SegmentedRaftLogWorker.java:startLogSegment(380)) - df786a85-25e2-42b5-b190-b73745044b82@group-C46FA42B5D58-SegmentedRaftLogWorker: Starting segment from index:0
2019-09-25 12:10:45,362 [df786a85-25e2-42b5-b190-b73745044b82@group-C46FA42B5D58:LeaderElection78] INFO  impl.RaftServerImpl (ServerState.java:setRaftConf(354)) - df786a85-25e2-42b5-b190-b73745044b82@group-C46FA42B5D58: set configuration 0: [df786a85-25e2-42b5-b190-b73745044b82:192.168.151.73:38744], old=null at 0
2019-09-25 12:10:45,365 [Thread-793] INFO  impl.FollowerState (FollowerState.java:run(106)) - b0d03c9b-af36-4ed0-8381-e873bbd9be0f:group-664FBE969A51 changes to CANDIDATE, lastRpcTime:5084, electionTimeout:5084ms
2019-09-25 12:10:45,365 [Thread-793] INFO  impl.RoleInfo (RoleInfo.java:shutdownFollowerState(121)) - b0d03c9b-af36-4ed0-8381-e873bbd9be0f: shutdown FollowerState
2019-09-25 12:10:45,366 [Thread-793] INFO  impl.RaftServerImpl (RaftServerImpl.java:setRole(174)) - b0d03c9b-af36-4ed0-8381-e873bbd9be0f@group-664FBE969A51: changes role from  FOLLOWER to CANDIDATE at term 0 for changeToCandidate
2019-09-25 12:10:45,366 [Thread-793] INFO  impl.RoleInfo (RoleInfo.java:updateAndGet(143)) - b0d03c9b-af36-4ed0-8381-e873bbd9be0f: start LeaderElection
2019-09-25 12:10:45,379 [b0d03c9b-af36-4ed0-8381-e873bbd9be0f@group-664FBE969A51:LeaderElection79] INFO  impl.LeaderElection (LeaderElection.java:askForVotes(182)) - b0d03c9b-af36-4ed0-8381-e873bbd9be0f@group-664FBE969A51:LeaderElection79: begin an election at term 1 for -1: [b0d03c9b-af36-4ed0-8381-e873bbd9be0f:192.168.151.73:36577], old=null
2019-09-25 12:10:45,380 [b0d03c9b-af36-4ed0-8381-e873bbd9be0f@group-664FBE969A51:LeaderElection79] INFO  impl.RoleInfo (RoleInfo.java:shutdownLeaderElection(134)) - b0d03c9b-af36-4ed0-8381-e873bbd9be0f: shutdown LeaderElection
2019-09-25 12:10:45,380 [b0d03c9b-af36-4ed0-8381-e873bbd9be0f@group-664FBE969A51:LeaderElection79] INFO  impl.RaftServerImpl (RaftServerImpl.java:setRole(174)) - b0d03c9b-af36-4ed0-8381-e873bbd9be0f@group-664FBE969A51: changes role from CANDIDATE to LEADER at term 1 for changeToLeader
2019-09-25 12:10:45,380 [b0d03c9b-af36-4ed0-8381-e873bbd9be0f@group-664FBE969A51:LeaderElection79] INFO  impl.RaftServerImpl (ServerState.java:setLeader(253)) - b0d03c9b-af36-4ed0-8381-e873bbd9be0f@group-664FBE969A51: change Leader from null to b0d03c9b-af36-4ed0-8381-e873bbd9be0f at term 1 for becomeLeader, leader elected after 5103ms
2019-09-25 12:10:45,380 [b0d03c9b-af36-4ed0-8381-e873bbd9be0f@group-664FBE969A51:LeaderElection79] INFO  server.RaftServerConfigKeys (ConfUtils.java:logGet(43)) - raft.server.staging.catchup.gap = 1000 (default)
2019-09-25 12:10:45,380 [b0d03c9b-af36-4ed0-8381-e873bbd9be0f@group-664FBE969A51:LeaderElection79] INFO  server.RaftServerConfigKeys (ConfUtils.java:logGet(43)) - raft.server.rpc.sleep.time = 25ms (default)
2019-09-25 12:10:45,380 [b0d03c9b-af36-4ed0-8381-e873bbd9be0f@group-664FBE969A51:LeaderElection79] INFO  server.RaftServerConfigKeys (ConfUtils.java:logGet(43)) - raft.server.write.element-limit = 4096 (default)
2019-09-25 12:10:45,380 [b0d03c9b-af36-4ed0-8381-e873bbd9be0f@group-664FBE969A51:LeaderElection79] INFO  server.RaftServerConfigKeys (ConfUtils.java:logGet(43)) - raft.server.watch.timeout = 10s (default)
2019-09-25 12:10:45,381 [b0d03c9b-af36-4ed0-8381-e873bbd9be0f@group-664FBE969A51:LeaderElection79] INFO  server.RaftServerConfigKeys (ConfUtils.java:logGet(43)) - raft.server.watch.timeout.denomination = 1s (default)
2019-09-25 12:10:45,381 [b0d03c9b-af36-4ed0-8381-e873bbd9be0f@group-664FBE969A51:LeaderElection79] INFO  server.RaftServerConfigKeys (ConfUtils.java:logGet(43)) - raft.server.watch.element-limit = 65536 (default)
2019-09-25 12:10:45,382 [b0d03c9b-af36-4ed0-8381-e873bbd9be0f@group-664FBE969A51:LeaderElection79] INFO  impl.RoleInfo (RoleInfo.java:updateAndGet(143)) - b0d03c9b-af36-4ed0-8381-e873bbd9be0f: start LeaderState
2019-09-25 12:10:45,383 [b0d03c9b-af36-4ed0-8381-e873bbd9be0f@group-664FBE969A51:LeaderElection79] INFO  segmented.SegmentedRaftLogWorker (SegmentedRaftLogWorker.java:startLogSegment(380)) - b0d03c9b-af36-4ed0-8381-e873bbd9be0f@group-664FBE969A51-SegmentedRaftLogWorker: Starting segment from index:0
2019-09-25 12:10:45,383 [b0d03c9b-af36-4ed0-8381-e873bbd9be0f@group-664FBE969A51:LeaderElection79] INFO  impl.RaftServerImpl (ServerState.java:setRaftConf(354)) - b0d03c9b-af36-4ed0-8381-e873bbd9be0f@group-664FBE969A51: set configuration 0: [b0d03c9b-af36-4ed0-8381-e873bbd9be0f:192.168.151.73:36577], old=null at 0
2019-09-25 12:10:45,408 [df786a85-25e2-42b5-b190-b73745044b82@group-C46FA42B5D58-SegmentedRaftLogWorker] INFO  segmented.SegmentedRaftLogWorker (SegmentedRaftLogWorker.java:execute(569)) - df786a85-25e2-42b5-b190-b73745044b82@group-C46FA42B5D58-SegmentedRaftLogWorker: created new log segment /workdir/hadoop-ozone/integration-test/target/test-dir/MiniOzoneClusterImpl-7d9c4453-492c-478b-a0e0-2871dbe18f6e/datanode-6/data/ratis/e07438ce-d42b-4151-a0f8-c46fa42b5d58/current/log_inprogress_0
2019-09-25 12:10:45,432 [b0d03c9b-af36-4ed0-8381-e873bbd9be0f@group-664FBE969A51-SegmentedRaftLogWorker] INFO  segmented.SegmentedRaftLogWorker (SegmentedRaftLogWorker.java:execute(569)) - b0d03c9b-af36-4ed0-8381-e873bbd9be0f@group-664FBE969A51-SegmentedRaftLogWorker: created new log segment /workdir/hadoop-ozone/integration-test/target/test-dir/MiniOzoneClusterImpl-7d9c4453-492c-478b-a0e0-2871dbe18f6e/datanode-5/data/ratis/065b8dab-be99-4dcb-bd38-664fbe969a51/current/log_inprogress_0
2019-09-25 12:10:45,470 [Thread-802] INFO  impl.FollowerState (FollowerState.java:run(106)) - b0d03c9b-af36-4ed0-8381-e873bbd9be0f:group-7178924212C3 changes to CANDIDATE, lastRpcTime:5022, electionTimeout:5022ms
2019-09-25 12:10:45,471 [Thread-802] INFO  impl.RoleInfo (RoleInfo.java:shutdownFollowerState(121)) - b0d03c9b-af36-4ed0-8381-e873bbd9be0f: shutdown FollowerState
2019-09-25 12:10:45,471 [Thread-802] INFO  impl.RaftServerImpl (RaftServerImpl.java:setRole(174)) - b0d03c9b-af36-4ed0-8381-e873bbd9be0f@group-7178924212C3: changes role from  FOLLOWER to CANDIDATE at term 0 for changeToCandidate
2019-09-25 12:10:45,471 [Thread-802] INFO  impl.RoleInfo (RoleInfo.java:updateAndGet(143)) - b0d03c9b-af36-4ed0-8381-e873bbd9be0f: start LeaderElection
2019-09-25 12:10:45,486 [b0d03c9b-af36-4ed0-8381-e873bbd9be0f@group-7178924212C3:LeaderElection80] INFO  impl.LeaderElection (LeaderElection.java:askForVotes(182)) - b0d03c9b-af36-4ed0-8381-e873bbd9be0f@group-7178924212C3:LeaderElection80: begin an election at term 1 for -1: [b0d03c9b-af36-4ed0-8381-e873bbd9be0f:192.168.151.73:36577], old=null
2019-09-25 12:10:45,487 [b0d03c9b-af36-4ed0-8381-e873bbd9be0f@group-7178924212C3:LeaderElection80] INFO  impl.RoleInfo (RoleInfo.java:shutdownLeaderElection(134)) - b0d03c9b-af36-4ed0-8381-e873bbd9be0f: shutdown LeaderElection
2019-09-25 12:10:45,487 [b0d03c9b-af36-4ed0-8381-e873bbd9be0f@group-7178924212C3:LeaderElection80] INFO  impl.RaftServerImpl (RaftServerImpl.java:setRole(174)) - b0d03c9b-af36-4ed0-8381-e873bbd9be0f@group-7178924212C3: changes role from CANDIDATE to LEADER at term 1 for changeToLeader
2019-09-25 12:10:45,487 [b0d03c9b-af36-4ed0-8381-e873bbd9be0f@group-7178924212C3:LeaderElection80] INFO  impl.RaftServerImpl (ServerState.java:setLeader(253)) - b0d03c9b-af36-4ed0-8381-e873bbd9be0f@group-7178924212C3: change Leader from null to b0d03c9b-af36-4ed0-8381-e873bbd9be0f at term 1 for becomeLeader, leader elected after 5044ms
2019-09-25 12:10:45,487 [b0d03c9b-af36-4ed0-8381-e873bbd9be0f@group-7178924212C3:LeaderElection80] INFO  server.RaftServerConfigKeys (ConfUtils.java:logGet(43)) - raft.server.staging.catchup.gap = 1000 (default)
2019-09-25 12:10:45,487 [b0d03c9b-af36-4ed0-8381-e873bbd9be0f@group-7178924212C3:LeaderElection80] INFO  server.RaftServerConfigKeys (ConfUtils.java:logGet(43)) - raft.server.rpc.sleep.time = 25ms (default)
2019-09-25 12:10:45,487 [b0d03c9b-af36-4ed0-8381-e873bbd9be0f@group-7178924212C3:LeaderElection80] INFO  server.RaftServerConfigKeys (ConfUtils.java:logGet(43)) - raft.server.write.element-limit = 4096 (default)
2019-09-25 12:10:45,487 [b0d03c9b-af36-4ed0-8381-e873bbd9be0f@group-7178924212C3:LeaderElection80] INFO  server.RaftServerConfigKeys (ConfUtils.java:logGet(43)) - raft.server.watch.timeout = 10s (default)
2019-09-25 12:10:45,488 [b0d03c9b-af36-4ed0-8381-e873bbd9be0f@group-7178924212C3:LeaderElection80] INFO  server.RaftServerConfigKeys (ConfUtils.java:logGet(43)) - raft.server.watch.timeout.denomination = 1s (default)
2019-09-25 12:10:45,488 [b0d03c9b-af36-4ed0-8381-e873bbd9be0f@group-7178924212C3:LeaderElection80] INFO  server.RaftServerConfigKeys (ConfUtils.java:logGet(43)) - raft.server.watch.element-limit = 65536 (default)
2019-09-25 12:10:45,489 [b0d03c9b-af36-4ed0-8381-e873bbd9be0f@group-7178924212C3:LeaderElection80] INFO  impl.RoleInfo (RoleInfo.java:updateAndGet(143)) - b0d03c9b-af36-4ed0-8381-e873bbd9be0f: start LeaderState
2019-09-25 12:10:45,490 [b0d03c9b-af36-4ed0-8381-e873bbd9be0f@group-7178924212C3:LeaderElection80] INFO  segmented.SegmentedRaftLogWorker (SegmentedRaftLogWorker.java:startLogSegment(380)) - b0d03c9b-af36-4ed0-8381-e873bbd9be0f@group-7178924212C3-SegmentedRaftLogWorker: Starting segment from index:0
2019-09-25 12:10:45,490 [b0d03c9b-af36-4ed0-8381-e873bbd9be0f@group-7178924212C3:LeaderElection80] INFO  impl.RaftServerImpl (ServerState.java:setRaftConf(354)) - b0d03c9b-af36-4ed0-8381-e873bbd9be0f@group-7178924212C3: set configuration 0: [b0d03c9b-af36-4ed0-8381-e873bbd9be0f:192.168.151.73:36577], old=null at 0
2019-09-25 12:10:45,556 [b0d03c9b-af36-4ed0-8381-e873bbd9be0f@group-7178924212C3-SegmentedRaftLogWorker] INFO  segmented.SegmentedRaftLogWorker (SegmentedRaftLogWorker.java:execute(569)) - b0d03c9b-af36-4ed0-8381-e873bbd9be0f@group-7178924212C3-SegmentedRaftLogWorker: created new log segment /workdir/hadoop-ozone/integration-test/target/test-dir/MiniOzoneClusterImpl-7d9c4453-492c-478b-a0e0-2871dbe18f6e/datanode-5/data/ratis/1e0588aa-cc57-407a-8fb7-7178924212c3/current/log_inprogress_0
2019-09-25 12:10:45,559 [Thread-808] INFO  impl.FollowerState (FollowerState.java:run(106)) - df786a85-25e2-42b5-b190-b73745044b82:group-4499D858D06B changes to CANDIDATE, lastRpcTime:5012, electionTimeout:5012ms
2019-09-25 12:10:45,559 [Thread-808] INFO  impl.RoleInfo (RoleInfo.java:shutdownFollowerState(121)) - df786a85-25e2-42b5-b190-b73745044b82: shutdown FollowerState
2019-09-25 12:10:45,559 [Thread-808] INFO  impl.RaftServerImpl (RaftServerImpl.java:setRole(174)) - df786a85-25e2-42b5-b190-b73745044b82@group-4499D858D06B: changes role from  FOLLOWER to CANDIDATE at term 0 for changeToCandidate
2019-09-25 12:10:45,559 [Thread-808] INFO  impl.RoleInfo (RoleInfo.java:updateAndGet(143)) - df786a85-25e2-42b5-b190-b73745044b82: start LeaderElection
2019-09-25 12:10:45,567 [Thread-799] INFO  impl.FollowerState (FollowerState.java:run(106)) - df786a85-25e2-42b5-b190-b73745044b82:group-B545924C6F21 changes to CANDIDATE, lastRpcTime:5184, electionTimeout:5184ms
2019-09-25 12:10:45,568 [Thread-799] INFO  impl.RoleInfo (RoleInfo.java:shutdownFollowerState(121)) - df786a85-25e2-42b5-b190-b73745044b82: shutdown FollowerState
2019-09-25 12:10:45,568 [Thread-799] INFO  impl.RaftServerImpl (RaftServerImpl.java:setRole(174)) - df786a85-25e2-42b5-b190-b73745044b82@group-B545924C6F21: changes role from  FOLLOWER to CANDIDATE at term 0 for changeToCandidate
2019-09-25 12:10:45,568 [Thread-799] INFO  impl.RoleInfo (RoleInfo.java:updateAndGet(143)) - df786a85-25e2-42b5-b190-b73745044b82: start LeaderElection
2019-09-25 12:10:45,600 [df786a85-25e2-42b5-b190-b73745044b82@group-B545924C6F21:LeaderElection82] INFO  impl.LeaderElection (LeaderElection.java:askForVotes(182)) - df786a85-25e2-42b5-b190-b73745044b82@group-B545924C6F21:LeaderElection82: begin an election at term 1 for -1: [df786a85-25e2-42b5-b190-b73745044b82:192.168.151.73:38744], old=null
2019-09-25 12:10:45,600 [df786a85-25e2-42b5-b190-b73745044b82@group-4499D858D06B:LeaderElection81] INFO  impl.LeaderElection (LeaderElection.java:askForVotes(182)) - df786a85-25e2-42b5-b190-b73745044b82@group-4499D858D06B:LeaderElection81: begin an election at term 1 for -1: [df786a85-25e2-42b5-b190-b73745044b82:192.168.151.73:38744], old=null
2019-09-25 12:10:45,600 [df786a85-25e2-42b5-b190-b73745044b82@group-B545924C6F21:LeaderElection82] INFO  impl.RoleInfo (RoleInfo.java:shutdownLeaderElection(134)) - df786a85-25e2-42b5-b190-b73745044b82: shutdown LeaderElection
2019-09-25 12:10:45,601 [df786a85-25e2-42b5-b190-b73745044b82@group-4499D858D06B:LeaderElection81] INFO  impl.RoleInfo (RoleInfo.java:shutdownLeaderElection(134)) - df786a85-25e2-42b5-b190-b73745044b82: shutdown LeaderElection
2019-09-25 12:10:45,601 [df786a85-25e2-42b5-b190-b73745044b82@group-B545924C6F21:LeaderElection82] INFO  impl.RaftServerImpl (RaftServerImpl.java:setRole(174)) - df786a85-25e2-42b5-b190-b73745044b82@group-B545924C6F21: changes role from CANDIDATE to LEADER at term 1 for changeToLeader
2019-09-25 12:10:45,601 [df786a85-25e2-42b5-b190-b73745044b82@group-4499D858D06B:LeaderElection81] INFO  impl.RaftServerImpl (RaftServerImpl.java:setRole(174)) - df786a85-25e2-42b5-b190-b73745044b82@group-4499D858D06B: changes role from CANDIDATE to LEADER at term 1 for changeToLeader
2019-09-25 12:10:45,601 [df786a85-25e2-42b5-b190-b73745044b82@group-B545924C6F21:LeaderElection82] INFO  impl.RaftServerImpl (ServerState.java:setLeader(253)) - df786a85-25e2-42b5-b190-b73745044b82@group-B545924C6F21: change Leader from null to df786a85-25e2-42b5-b190-b73745044b82 at term 1 for becomeLeader, leader elected after 5222ms
2019-09-25 12:10:45,601 [df786a85-25e2-42b5-b190-b73745044b82@group-4499D858D06B:LeaderElection81] INFO  impl.RaftServerImpl (ServerState.java:setLeader(253)) - df786a85-25e2-42b5-b190-b73745044b82@group-4499D858D06B: change Leader from null to df786a85-25e2-42b5-b190-b73745044b82 at term 1 for becomeLeader, leader elected after 5059ms
2019-09-25 12:10:45,601 [df786a85-25e2-42b5-b190-b73745044b82@group-B545924C6F21:LeaderElection82] INFO  server.RaftServerConfigKeys (ConfUtils.java:logGet(43)) - raft.server.staging.catchup.gap = 1000 (default)
2019-09-25 12:10:45,601 [df786a85-25e2-42b5-b190-b73745044b82@group-4499D858D06B:LeaderElection81] INFO  server.RaftServerConfigKeys (ConfUtils.java:logGet(43)) - raft.server.staging.catchup.gap = 1000 (default)
2019-09-25 12:10:45,601 [df786a85-25e2-42b5-b190-b73745044b82@group-B545924C6F21:LeaderElection82] INFO  server.RaftServerConfigKeys (ConfUtils.java:logGet(43)) - raft.server.rpc.sleep.time = 25ms (default)
2019-09-25 12:10:45,602 [df786a85-25e2-42b5-b190-b73745044b82@group-4499D858D06B:LeaderElection81] INFO  server.RaftServerConfigKeys (ConfUtils.java:logGet(43)) - raft.server.rpc.sleep.time = 25ms (default)
2019-09-25 12:10:45,602 [df786a85-25e2-42b5-b190-b73745044b82@group-B545924C6F21:LeaderElection82] INFO  server.RaftServerConfigKeys (ConfUtils.java:logGet(43)) - raft.server.write.element-limit = 4096 (default)
2019-09-25 12:10:45,602 [df786a85-25e2-42b5-b190-b73745044b82@group-4499D858D06B:LeaderElection81] INFO  server.RaftServerConfigKeys (ConfUtils.java:logGet(43)) - raft.server.write.element-limit = 4096 (default)
2019-09-25 12:10:45,602 [df786a85-25e2-42b5-b190-b73745044b82@group-B545924C6F21:LeaderElection82] INFO  server.RaftServerConfigKeys (ConfUtils.java:logGet(43)) - raft.server.watch.timeout = 10s (default)
2019-09-25 12:10:45,602 [df786a85-25e2-42b5-b190-b73745044b82@group-4499D858D06B:LeaderElection81] INFO  server.RaftServerConfigKeys (ConfUtils.java:logGet(43)) - raft.server.watch.timeout = 10s (default)
2019-09-25 12:10:45,602 [df786a85-25e2-42b5-b190-b73745044b82@group-B545924C6F21:LeaderElection82] INFO  server.RaftServerConfigKeys (ConfUtils.java:logGet(43)) - raft.server.watch.timeout.denomination = 1s (default)
2019-09-25 12:10:45,603 [df786a85-25e2-42b5-b190-b73745044b82@group-4499D858D06B:LeaderElection81] INFO  server.RaftServerConfigKeys (ConfUtils.java:logGet(43)) - raft.server.watch.timeout.denomination = 1s (default)
2019-09-25 12:10:45,603 [df786a85-25e2-42b5-b190-b73745044b82@group-B545924C6F21:LeaderElection82] INFO  server.RaftServerConfigKeys (ConfUtils.java:logGet(43)) - raft.server.watch.element-limit = 65536 (default)
2019-09-25 12:10:45,603 [df786a85-25e2-42b5-b190-b73745044b82@group-4499D858D06B:LeaderElection81] INFO  server.RaftServerConfigKeys (ConfUtils.java:logGet(43)) - raft.server.watch.element-limit = 65536 (default)
2019-09-25 12:10:45,605 [df786a85-25e2-42b5-b190-b73745044b82@group-B545924C6F21:LeaderElection82] INFO  impl.RoleInfo (RoleInfo.java:updateAndGet(143)) - df786a85-25e2-42b5-b190-b73745044b82: start LeaderState
2019-09-25 12:10:45,605 [df786a85-25e2-42b5-b190-b73745044b82@group-4499D858D06B:LeaderElection81] INFO  impl.RoleInfo (RoleInfo.java:updateAndGet(143)) - df786a85-25e2-42b5-b190-b73745044b82: start LeaderState
2019-09-25 12:10:45,605 [df786a85-25e2-42b5-b190-b73745044b82@group-B545924C6F21:LeaderElection82] INFO  segmented.SegmentedRaftLogWorker (SegmentedRaftLogWorker.java:startLogSegment(380)) - df786a85-25e2-42b5-b190-b73745044b82@group-B545924C6F21-SegmentedRaftLogWorker: Starting segment from index:0
2019-09-25 12:10:45,606 [df786a85-25e2-42b5-b190-b73745044b82@group-4499D858D06B:LeaderElection81] INFO  segmented.SegmentedRaftLogWorker (SegmentedRaftLogWorker.java:startLogSegment(380)) - df786a85-25e2-42b5-b190-b73745044b82@group-4499D858D06B-SegmentedRaftLogWorker: Starting segment from index:0
2019-09-25 12:10:45,606 [df786a85-25e2-42b5-b190-b73745044b82@group-B545924C6F21:LeaderElection82] INFO  impl.RaftServerImpl (ServerState.java:setRaftConf(354)) - df786a85-25e2-42b5-b190-b73745044b82@group-B545924C6F21: set configuration 0: [df786a85-25e2-42b5-b190-b73745044b82:192.168.151.73:38744], old=null at 0
2019-09-25 12:10:45,606 [df786a85-25e2-42b5-b190-b73745044b82@group-4499D858D06B:LeaderElection81] INFO  impl.RaftServerImpl (ServerState.java:setRaftConf(354)) - df786a85-25e2-42b5-b190-b73745044b82@group-4499D858D06B: set configuration 0: [df786a85-25e2-42b5-b190-b73745044b82:192.168.151.73:38744], old=null at 0
2019-09-25 12:10:45,657 [df786a85-25e2-42b5-b190-b73745044b82@group-4499D858D06B-SegmentedRaftLogWorker] INFO  segmented.SegmentedRaftLogWorker (SegmentedRaftLogWorker.java:execute(569)) - df786a85-25e2-42b5-b190-b73745044b82@group-4499D858D06B-SegmentedRaftLogWorker: created new log segment /workdir/hadoop-ozone/integration-test/target/test-dir/MiniOzoneClusterImpl-7d9c4453-492c-478b-a0e0-2871dbe18f6e/datanode-6/data/ratis/787ed671-3495-4422-a673-4499d858d06b/current/log_inprogress_0
2019-09-25 12:10:45,657 [df786a85-25e2-42b5-b190-b73745044b82@group-B545924C6F21-SegmentedRaftLogWorker] INFO  segmented.SegmentedRaftLogWorker (SegmentedRaftLogWorker.java:execute(569)) - df786a85-25e2-42b5-b190-b73745044b82@group-B545924C6F21-SegmentedRaftLogWorker: created new log segment /workdir/hadoop-ozone/integration-test/target/test-dir/MiniOzoneClusterImpl-7d9c4453-492c-478b-a0e0-2871dbe18f6e/datanode-6/data/ratis/9295dcb8-a5c3-4849-ac5d-b545924c6f21/current/log_inprogress_0
2019-09-25 12:10:45,673 [main] INFO  ozoneimpl.OzoneContainer (OzoneContainer.java:stop(231)) - Attempting to stop container services.
2019-09-25 12:10:45,673 [ForkJoinPool.commonPool-worker-1] INFO  ozoneimpl.OzoneContainer (OzoneContainer.java:stop(231)) - Attempting to stop container services.
2019-09-25 12:10:45,673 [main] INFO  impl.RaftServerProxy (RaftServerProxy.java:lambda$close$4(314)) - 80deecc8-67d2-4886-a269-aab5f88a17c2: close
2019-09-25 12:10:45,674 [ForkJoinPool.commonPool-worker-1] INFO  impl.RaftServerProxy (RaftServerProxy.java:lambda$close$4(314)) - c6fa9dcb-3f15-43b4-bafe-b7e2932cba65: close
2019-09-25 12:10:45,674 [main] INFO  impl.RaftServerImpl (RaftServerImpl.java:lambda$shutdown$3(251)) - 80deecc8-67d2-4886-a269-aab5f88a17c2@group-E6FCBCCA7B73: shutdown
2019-09-25 12:10:45,674 [ForkJoinPool.commonPool-worker-1] INFO  impl.RaftServerImpl (RaftServerImpl.java:lambda$shutdown$3(251)) - c6fa9dcb-3f15-43b4-bafe-b7e2932cba65@group-25800BA67197: shutdown
2019-09-25 12:10:45,675 [main] INFO  util.JmxRegister (JmxRegister.java:unregister(73)) - Successfully un-registered JMX Bean with object name Ratis:service=RaftServer,group=group-E6FCBCCA7B73,id=80deecc8-67d2-4886-a269-aab5f88a17c2
2019-09-25 12:10:45,675 [ForkJoinPool.commonPool-worker-1] INFO  util.JmxRegister (JmxRegister.java:unregister(73)) - Successfully un-registered JMX Bean with object name Ratis:service=RaftServer,group=group-25800BA67197,id=c6fa9dcb-3f15-43b4-bafe-b7e2932cba65
2019-09-25 12:10:45,675 [main] INFO  impl.RoleInfo (RoleInfo.java:shutdownLeaderState(104)) - 80deecc8-67d2-4886-a269-aab5f88a17c2: shutdown LeaderState
2019-09-25 12:10:45,675 [ForkJoinPool.commonPool-worker-1] INFO  impl.RoleInfo (RoleInfo.java:shutdownLeaderState(104)) - c6fa9dcb-3f15-43b4-bafe-b7e2932cba65: shutdown LeaderState
2019-09-25 12:10:45,676 [main] INFO  impl.PendingRequests (PendingRequests.java:sendNotLeaderResponses(202)) - 80deecc8-67d2-4886-a269-aab5f88a17c2-PendingRequests: sendNotLeaderResponses
2019-09-25 12:10:45,676 [ForkJoinPool.commonPool-worker-1] INFO  impl.PendingRequests (PendingRequests.java:sendNotLeaderResponses(202)) - c6fa9dcb-3f15-43b4-bafe-b7e2932cba65-PendingRequests: sendNotLeaderResponses
2019-09-25 12:10:45,677 [main] INFO  impl.StateMachineUpdater (StateMachineUpdater.java:stopAndJoin(125)) - 80deecc8-67d2-4886-a269-aab5f88a17c2@group-E6FCBCCA7B73-StateMachineUpdater: set stopIndex = 0
2019-09-25 12:10:45,677 [ForkJoinPool.commonPool-worker-1] INFO  impl.StateMachineUpdater (StateMachineUpdater.java:stopAndJoin(125)) - c6fa9dcb-3f15-43b4-bafe-b7e2932cba65@group-25800BA67197-StateMachineUpdater: set stopIndex = 0
2019-09-25 12:10:45,678 [ForkJoinPool.commonPool-worker-1] INFO  impl.RaftServerImpl (ServerState.java:close(385)) - c6fa9dcb-3f15-43b4-bafe-b7e2932cba65@group-25800BA67197: closes. applyIndex: 0
2019-09-25 12:10:45,678 [main] INFO  impl.RaftServerImpl (ServerState.java:close(385)) - 80deecc8-67d2-4886-a269-aab5f88a17c2@group-E6FCBCCA7B73: closes. applyIndex: 0
2019-09-25 12:10:45,678 [c6fa9dcb-3f15-43b4-bafe-b7e2932cba65@group-25800BA67197-SegmentedRaftLogWorker] INFO  segmented.SegmentedRaftLogWorker (SegmentedRaftLogWorker.java:run(313)) - c6fa9dcb-3f15-43b4-bafe-b7e2932cba65@group-25800BA67197-SegmentedRaftLogWorker was interrupted, exiting. There are 0 tasks remaining in the queue.
2019-09-25 12:10:45,679 [80deecc8-67d2-4886-a269-aab5f88a17c2@group-E6FCBCCA7B73-SegmentedRaftLogWorker] INFO  segmented.SegmentedRaftLogWorker (SegmentedRaftLogWorker.java:run(313)) - 80deecc8-67d2-4886-a269-aab5f88a17c2@group-E6FCBCCA7B73-SegmentedRaftLogWorker was interrupted, exiting. There are 0 tasks remaining in the queue.
2019-09-25 12:10:45,683 [Thread-811] INFO  impl.FollowerState (FollowerState.java:run(106)) - df786a85-25e2-42b5-b190-b73745044b82:group-620A6D52D7B5 changes to CANDIDATE, lastRpcTime:5091, electionTimeout:5091ms
2019-09-25 12:10:45,684 [ForkJoinPool.commonPool-worker-1] INFO  segmented.SegmentedRaftLogWorker (SegmentedRaftLogWorker.java:close(228)) - c6fa9dcb-3f15-43b4-bafe-b7e2932cba65@group-25800BA67197-SegmentedRaftLogWorker close()
2019-09-25 12:10:45,687 [main] INFO  segmented.SegmentedRaftLogWorker (SegmentedRaftLogWorker.java:close(228)) - 80deecc8-67d2-4886-a269-aab5f88a17c2@group-E6FCBCCA7B73-SegmentedRaftLogWorker close()
2019-09-25 12:10:45,687 [Thread-805] INFO  impl.FollowerState (FollowerState.java:run(106)) - df786a85-25e2-42b5-b190-b73745044b82:group-ED79F6DFF296 changes to CANDIDATE, lastRpcTime:5182, electionTimeout:5182ms
2019-09-25 12:10:45,687 [Thread-811] INFO  impl.RoleInfo (RoleInfo.java:shutdownFollowerState(121)) - df786a85-25e2-42b5-b190-b73745044b82: shutdown FollowerState
2019-09-25 12:10:45,699 [Thread-805] INFO  impl.RoleInfo (RoleInfo.java:shutdownFollowerState(121)) - df786a85-25e2-42b5-b190-b73745044b82: shutdown FollowerState
2019-09-25 12:10:45,699 [main] INFO  impl.RaftServerImpl (RaftServerImpl.java:lambda$shutdown$3(251)) - 80deecc8-67d2-4886-a269-aab5f88a17c2@group-2F53B1F7F88C: shutdown
2019-09-25 12:10:45,693 [ForkJoinPool.commonPool-worker-1] INFO  impl.RaftServerImpl (RaftServerImpl.java:lambda$shutdown$3(251)) - c6fa9dcb-3f15-43b4-bafe-b7e2932cba65@group-C3E74B22D82E: shutdown
2019-09-25 12:10:45,700 [main] INFO  util.JmxRegister (JmxRegister.java:unregister(73)) - Successfully un-registered JMX Bean with object name Ratis:service=RaftServer,group=group-2F53B1F7F88C,id=80deecc8-67d2-4886-a269-aab5f88a17c2
2019-09-25 12:10:45,700 [main] INFO  impl.RoleInfo (RoleInfo.java:shutdownLeaderState(104)) - 80deecc8-67d2-4886-a269-aab5f88a17c2: shutdown LeaderState
2019-09-25 12:10:45,699 [Thread-805] INFO  impl.RaftServerImpl (RaftServerImpl.java:setRole(174)) - df786a85-25e2-42b5-b190-b73745044b82@group-ED79F6DFF296: changes role from  FOLLOWER to CANDIDATE at term 0 for changeToCandidate
2019-09-25 12:10:45,699 [Thread-811] INFO  impl.RaftServerImpl (RaftServerImpl.java:setRole(174)) - df786a85-25e2-42b5-b190-b73745044b82@group-620A6D52D7B5: changes role from  FOLLOWER to CANDIDATE at term 0 for changeToCandidate
2019-09-25 12:10:45,701 [Thread-805] INFO  impl.RoleInfo (RoleInfo.java:updateAndGet(143)) - df786a85-25e2-42b5-b190-b73745044b82: start LeaderElection
2019-09-25 12:10:45,701 [main] INFO  impl.PendingRequests (PendingRequests.java:sendNotLeaderResponses(202)) - 80deecc8-67d2-4886-a269-aab5f88a17c2-PendingRequests: sendNotLeaderResponses
2019-09-25 12:10:45,700 [ForkJoinPool.commonPool-worker-1] INFO  util.JmxRegister (JmxRegister.java:unregister(73)) - Successfully un-registered JMX Bean with object name Ratis:service=RaftServer,group=group-C3E74B22D82E,id=c6fa9dcb-3f15-43b4-bafe-b7e2932cba65
2019-09-25 12:10:45,702 [main] INFO  impl.StateMachineUpdater (StateMachineUpdater.java:stopAndJoin(125)) - 80deecc8-67d2-4886-a269-aab5f88a17c2@group-2F53B1F7F88C-StateMachineUpdater: set stopIndex = 0
2019-09-25 12:10:45,703 [main] INFO  impl.RaftServerImpl (ServerState.java:close(385)) - 80deecc8-67d2-4886-a269-aab5f88a17c2@group-2F53B1F7F88C: closes. applyIndex: 0
2019-09-25 12:10:45,701 [Thread-811] INFO  impl.RoleInfo (RoleInfo.java:updateAndGet(143)) - df786a85-25e2-42b5-b190-b73745044b82: start LeaderElection
2019-09-25 12:10:45,703 [80deecc8-67d2-4886-a269-aab5f88a17c2@group-2F53B1F7F88C-SegmentedRaftLogWorker] INFO  segmented.SegmentedRaftLogWorker (SegmentedRaftLogWorker.java:run(313)) - 80deecc8-67d2-4886-a269-aab5f88a17c2@group-2F53B1F7F88C-SegmentedRaftLogWorker was interrupted, exiting. There are 0 tasks remaining in the queue.
2019-09-25 12:10:45,702 [ForkJoinPool.commonPool-worker-1] INFO  impl.RoleInfo (RoleInfo.java:shutdownLeaderState(104)) - c6fa9dcb-3f15-43b4-bafe-b7e2932cba65: shutdown LeaderState
2019-09-25 12:10:45,706 [main] INFO  segmented.SegmentedRaftLogWorker (SegmentedRaftLogWorker.java:close(228)) - 80deecc8-67d2-4886-a269-aab5f88a17c2@group-2F53B1F7F88C-SegmentedRaftLogWorker close()
2019-09-25 12:10:45,707 [ForkJoinPool.commonPool-worker-1] INFO  impl.PendingRequests (PendingRequests.java:sendNotLeaderResponses(202)) - c6fa9dcb-3f15-43b4-bafe-b7e2932cba65-PendingRequests: sendNotLeaderResponses
2019-09-25 12:10:45,712 [main] INFO  impl.RaftServerImpl (RaftServerImpl.java:lambda$shutdown$3(251)) - 80deecc8-67d2-4886-a269-aab5f88a17c2@group-CDC56F406E1B: shutdown
2019-09-25 12:10:45,713 [ForkJoinPool.commonPool-worker-1] INFO  impl.StateMachineUpdater (StateMachineUpdater.java:stopAndJoin(125)) - c6fa9dcb-3f15-43b4-bafe-b7e2932cba65@group-C3E74B22D82E-StateMachineUpdater: set stopIndex = 0
2019-09-25 12:10:45,713 [main] INFO  util.JmxRegister (JmxRegister.java:unregister(73)) - Successfully un-registered JMX Bean with object name Ratis:service=RaftServer,group=group-CDC56F406E1B,id=80deecc8-67d2-4886-a269-aab5f88a17c2
2019-09-25 12:10:45,714 [main] INFO  impl.RoleInfo (RoleInfo.java:shutdownLeaderState(104)) - 80deecc8-67d2-4886-a269-aab5f88a17c2: shutdown LeaderState
2019-09-25 12:10:45,713 [ForkJoinPool.commonPool-worker-1] INFO  impl.RaftServerImpl (ServerState.java:close(385)) - c6fa9dcb-3f15-43b4-bafe-b7e2932cba65@group-C3E74B22D82E: closes. applyIndex: 0
2019-09-25 12:10:45,715 [main] INFO  impl.PendingRequests (PendingRequests.java:sendNotLeaderResponses(202)) - 80deecc8-67d2-4886-a269-aab5f88a17c2-PendingRequests: sendNotLeaderResponses
2019-09-25 12:10:45,715 [c6fa9dcb-3f15-43b4-bafe-b7e2932cba65@group-C3E74B22D82E-SegmentedRaftLogWorker] INFO  segmented.SegmentedRaftLogWorker (SegmentedRaftLogWorker.java:run(313)) - c6fa9dcb-3f15-43b4-bafe-b7e2932cba65@group-C3E74B22D82E-SegmentedRaftLogWorker was interrupted, exiting. There are 0 tasks remaining in the queue.
2019-09-25 12:10:45,716 [main] INFO  impl.StateMachineUpdater (StateMachineUpdater.java:stopAndJoin(125)) - 80deecc8-67d2-4886-a269-aab5f88a17c2@group-CDC56F406E1B-StateMachineUpdater: set stopIndex = 0
2019-09-25 12:10:45,718 [ForkJoinPool.commonPool-worker-1] INFO  segmented.SegmentedRaftLogWorker (SegmentedRaftLogWorker.java:close(228)) - c6fa9dcb-3f15-43b4-bafe-b7e2932cba65@group-C3E74B22D82E-SegmentedRaftLogWorker close()
2019-09-25 12:10:45,719 [main] INFO  impl.RaftServerImpl (ServerState.java:close(385)) - 80deecc8-67d2-4886-a269-aab5f88a17c2@group-CDC56F406E1B: closes. applyIndex: 0
2019-09-25 12:10:45,724 [ForkJoinPool.commonPool-worker-1] INFO  impl.RaftServerImpl (RaftServerImpl.java:lambda$shutdown$3(251)) - c6fa9dcb-3f15-43b4-bafe-b7e2932cba65@group-220B70F062DA: shutdown
2019-09-25 12:10:45,725 [80deecc8-67d2-4886-a269-aab5f88a17c2@group-CDC56F406E1B-SegmentedRaftLogWorker] INFO  segmented.SegmentedRaftLogWorker (SegmentedRaftLogWorker.java:run(313)) - 80deecc8-67d2-4886-a269-aab5f88a17c2@group-CDC56F406E1B-SegmentedRaftLogWorker was interrupted, exiting. There are 0 tasks remaining in the queue.
2019-09-25 12:10:45,725 [ForkJoinPool.commonPool-worker-1] INFO  util.JmxRegister (JmxRegister.java:unregister(73)) - Successfully un-registered JMX Bean with object name Ratis:service=RaftServer,group=group-220B70F062DA,id=c6fa9dcb-3f15-43b4-bafe-b7e2932cba65
2019-09-25 12:10:45,728 [main] INFO  segmented.SegmentedRaftLogWorker (SegmentedRaftLogWorker.java:close(228)) - 80deecc8-67d2-4886-a269-aab5f88a17c2@group-CDC56F406E1B-SegmentedRaftLogWorker close()
2019-09-25 12:10:45,728 [ForkJoinPool.commonPool-worker-1] INFO  impl.RoleInfo (RoleInfo.java:shutdownLeaderState(104)) - c6fa9dcb-3f15-43b4-bafe-b7e2932cba65: shutdown LeaderState
2019-09-25 12:10:45,734 [main] INFO  impl.RaftServerImpl (RaftServerImpl.java:lambda$shutdown$3(251)) - 80deecc8-67d2-4886-a269-aab5f88a17c2@group-A2A8BD9DDE5C: shutdown
2019-09-25 12:10:45,734 [df786a85-25e2-42b5-b190-b73745044b82@group-ED79F6DFF296:LeaderElection83] INFO  impl.LeaderElection (LeaderElection.java:askForVotes(182)) - df786a85-25e2-42b5-b190-b73745044b82@group-ED79F6DFF296:LeaderElection83: begin an election at term 1 for -1: [df786a85-25e2-42b5-b190-b73745044b82:192.168.151.73:38744], old=null
2019-09-25 12:10:45,735 [main] INFO  util.JmxRegister (JmxRegister.java:unregister(73)) - Successfully un-registered JMX Bean with object name Ratis:service=RaftServer,group=group-A2A8BD9DDE5C,id=80deecc8-67d2-4886-a269-aab5f88a17c2
2019-09-25 12:10:45,736 [main] INFO  impl.RoleInfo (RoleInfo.java:shutdownLeaderState(104)) - 80deecc8-67d2-4886-a269-aab5f88a17c2: shutdown LeaderState
2019-09-25 12:10:45,735 [ForkJoinPool.commonPool-worker-1] INFO  impl.PendingRequests (PendingRequests.java:sendNotLeaderResponses(202)) - c6fa9dcb-3f15-43b4-bafe-b7e2932cba65-PendingRequests: sendNotLeaderResponses
2019-09-25 12:10:45,735 [df786a85-25e2-42b5-b190-b73745044b82@group-620A6D52D7B5:LeaderElection84] INFO  impl.LeaderElection (LeaderElection.java:askForVotes(182)) - df786a85-25e2-42b5-b190-b73745044b82@group-620A6D52D7B5:LeaderElection84: begin an election at term 1 for -1: [df786a85-25e2-42b5-b190-b73745044b82:192.168.151.73:38744], old=null
2019-09-25 12:10:45,736 [ForkJoinPool.commonPool-worker-1] INFO  impl.StateMachineUpdater (StateMachineUpdater.java:stopAndJoin(125)) - c6fa9dcb-3f15-43b4-bafe-b7e2932cba65@group-220B70F062DA-StateMachineUpdater: set stopIndex = 0
2019-09-25 12:10:45,737 [ForkJoinPool.commonPool-worker-1] INFO  impl.RaftServerImpl (ServerState.java:close(385)) - c6fa9dcb-3f15-43b4-bafe-b7e2932cba65@group-220B70F062DA: closes. applyIndex: 0
2019-09-25 12:10:45,736 [main] INFO  impl.PendingRequests (PendingRequests.java:sendNotLeaderResponses(202)) - 80deecc8-67d2-4886-a269-aab5f88a17c2-PendingRequests: sendNotLeaderResponses
2019-09-25 12:10:45,735 [df786a85-25e2-42b5-b190-b73745044b82@group-ED79F6DFF296:LeaderElection83] INFO  impl.RoleInfo (RoleInfo.java:shutdownLeaderElection(134)) - df786a85-25e2-42b5-b190-b73745044b82: shutdown LeaderElection
2019-09-25 12:10:45,737 [c6fa9dcb-3f15-43b4-bafe-b7e2932cba65@group-220B70F062DA-SegmentedRaftLogWorker] INFO  segmented.SegmentedRaftLogWorker (SegmentedRaftLogWorker.java:run(313)) - c6fa9dcb-3f15-43b4-bafe-b7e2932cba65@group-220B70F062DA-SegmentedRaftLogWorker was interrupted, exiting. There are 0 tasks remaining in the queue.
2019-09-25 12:10:45,737 [df786a85-25e2-42b5-b190-b73745044b82@group-620A6D52D7B5:LeaderElection84] INFO  impl.RoleInfo (RoleInfo.java:shutdownLeaderElection(134)) - df786a85-25e2-42b5-b190-b73745044b82: shutdown LeaderElection
2019-09-25 12:10:45,741 [ForkJoinPool.commonPool-worker-1] INFO  segmented.SegmentedRaftLogWorker (SegmentedRaftLogWorker.java:close(228)) - c6fa9dcb-3f15-43b4-bafe-b7e2932cba65@group-220B70F062DA-SegmentedRaftLogWorker close()
2019-09-25 12:10:45,738 [df786a85-25e2-42b5-b190-b73745044b82@group-ED79F6DFF296:LeaderElection83] INFO  impl.RaftServerImpl (RaftServerImpl.java:setRole(174)) - df786a85-25e2-42b5-b190-b73745044b82@group-ED79F6DFF296: changes role from CANDIDATE to LEADER at term 1 for changeToLeader
2019-09-25 12:10:45,738 [main] INFO  impl.StateMachineUpdater (StateMachineUpdater.java:stopAndJoin(125)) - 80deecc8-67d2-4886-a269-aab5f88a17c2@group-A2A8BD9DDE5C-StateMachineUpdater: set stopIndex = 0
2019-09-25 12:10:45,747 [main] INFO  impl.RaftServerImpl (ServerState.java:close(385)) - 80deecc8-67d2-4886-a269-aab5f88a17c2@group-A2A8BD9DDE5C: closes. applyIndex: 0
2019-09-25 12:10:45,747 [df786a85-25e2-42b5-b190-b73745044b82@group-ED79F6DFF296:LeaderElection83] INFO  impl.RaftServerImpl (ServerState.java:setLeader(253)) - df786a85-25e2-42b5-b190-b73745044b82@group-ED79F6DFF296: change Leader from null to df786a85-25e2-42b5-b190-b73745044b82 at term 1 for becomeLeader, leader elected after 5246ms
2019-09-25 12:10:45,746 [ForkJoinPool.commonPool-worker-1] INFO  impl.RaftServerImpl (RaftServerImpl.java:lambda$shutdown$3(251)) - c6fa9dcb-3f15-43b4-bafe-b7e2932cba65@group-8189532C6E21: shutdown
2019-09-25 12:10:45,741 [df786a85-25e2-42b5-b190-b73745044b82@group-620A6D52D7B5:LeaderElection84] INFO  impl.RaftServerImpl (RaftServerImpl.java:setRole(174)) - df786a85-25e2-42b5-b190-b73745044b82@group-620A6D52D7B5: changes role from CANDIDATE to LEADER at term 1 for changeToLeader
2019-09-25 12:10:45,748 [ForkJoinPool.commonPool-worker-1] INFO  util.JmxRegister (JmxRegister.java:unregister(73)) - Successfully un-registered JMX Bean with object name Ratis:service=RaftServer,group=group-8189532C6E21,id=c6fa9dcb-3f15-43b4-bafe-b7e2932cba65
2019-09-25 12:10:45,749 [ForkJoinPool.commonPool-worker-1] INFO  impl.RoleInfo (RoleInfo.java:shutdownLeaderState(104)) - c6fa9dcb-3f15-43b4-bafe-b7e2932cba65: shutdown LeaderState
2019-09-25 12:10:45,748 [df786a85-25e2-42b5-b190-b73745044b82@group-ED79F6DFF296:LeaderElection83] INFO  server.RaftServerConfigKeys (ConfUtils.java:logGet(43)) - raft.server.staging.catchup.gap = 1000 (default)
2019-09-25 12:10:45,749 [df786a85-25e2-42b5-b190-b73745044b82@group-ED79F6DFF296:LeaderElection83] INFO  server.RaftServerConfigKeys (ConfUtils.java:logGet(43)) - raft.server.rpc.sleep.time = 25ms (default)
2019-09-25 12:10:45,748 [80deecc8-67d2-4886-a269-aab5f88a17c2@group-A2A8BD9DDE5C-SegmentedRaftLogWorker] INFO  segmented.SegmentedRaftLogWorker (SegmentedRaftLogWorker.java:run(313)) - 80deecc8-67d2-4886-a269-aab5f88a17c2@group-A2A8BD9DDE5C-SegmentedRaftLogWorker was interrupted, exiting. There are 0 tasks remaining in the queue.
2019-09-25 12:10:45,749 [df786a85-25e2-42b5-b190-b73745044b82@group-ED79F6DFF296:LeaderElection83] INFO  server.RaftServerConfigKeys (ConfUtils.java:logGet(43)) - raft.server.write.element-limit = 4096 (default)
2019-09-25 12:10:45,749 [ForkJoinPool.commonPool-worker-1] INFO  impl.PendingRequests (PendingRequests.java:sendNotLeaderResponses(202)) - c6fa9dcb-3f15-43b4-bafe-b7e2932cba65-PendingRequests: sendNotLeaderResponses
2019-09-25 12:10:45,748 [df786a85-25e2-42b5-b190-b73745044b82@group-620A6D52D7B5:LeaderElection84] INFO  impl.RaftServerImpl (ServerState.java:setLeader(253)) - df786a85-25e2-42b5-b190-b73745044b82@group-620A6D52D7B5: change Leader from null to df786a85-25e2-42b5-b190-b73745044b82 at term 1 for becomeLeader, leader elected after 5162ms
2019-09-25 12:10:45,752 [ForkJoinPool.commonPool-worker-1] INFO  impl.StateMachineUpdater (StateMachineUpdater.java:stopAndJoin(125)) - c6fa9dcb-3f15-43b4-bafe-b7e2932cba65@group-8189532C6E21-StateMachineUpdater: set stopIndex = 0
2019-09-25 12:10:45,753 [ForkJoinPool.commonPool-worker-1] INFO  impl.RaftServerImpl (ServerState.java:close(385)) - c6fa9dcb-3f15-43b4-bafe-b7e2932cba65@group-8189532C6E21: closes. applyIndex: 0
2019-09-25 12:10:45,752 [df786a85-25e2-42b5-b190-b73745044b82@group-ED79F6DFF296:LeaderElection83] INFO  server.RaftServerConfigKeys (ConfUtils.java:logGet(43)) - raft.server.watch.timeout = 10s (default)
2019-09-25 12:10:45,752 [main] INFO  segmented.SegmentedRaftLogWorker (SegmentedRaftLogWorker.java:close(228)) - 80deecc8-67d2-4886-a269-aab5f88a17c2@group-A2A8BD9DDE5C-SegmentedRaftLogWorker close()
2019-09-25 12:10:45,753 [df786a85-25e2-42b5-b190-b73745044b82@group-ED79F6DFF296:LeaderElection83] INFO  server.RaftServerConfigKeys (ConfUtils.java:logGet(43)) - raft.server.watch.timeout.denomination = 1s (default)
2019-09-25 12:10:45,753 [c6fa9dcb-3f15-43b4-bafe-b7e2932cba65@group-8189532C6E21-SegmentedRaftLogWorker] INFO  segmented.SegmentedRaftLogWorker (SegmentedRaftLogWorker.java:run(313)) - c6fa9dcb-3f15-43b4-bafe-b7e2932cba65@group-8189532C6E21-SegmentedRaftLogWorker was interrupted, exiting. There are 0 tasks remaining in the queue.
2019-09-25 12:10:45,753 [df786a85-25e2-42b5-b190-b73745044b82@group-620A6D52D7B5:LeaderElection84] INFO  server.RaftServerConfigKeys (ConfUtils.java:logGet(43)) - raft.server.staging.catchup.gap = 1000 (default)
2019-09-25 12:10:45,761 [ForkJoinPool.commonPool-worker-1] INFO  segmented.SegmentedRaftLogWorker (SegmentedRaftLogWorker.java:close(228)) - c6fa9dcb-3f15-43b4-bafe-b7e2932cba65@group-8189532C6E21-SegmentedRaftLogWorker close()
2019-09-25 12:10:45,758 [df786a85-25e2-42b5-b190-b73745044b82@group-ED79F6DFF296:LeaderElection83] INFO  server.RaftServerConfigKeys (ConfUtils.java:logGet(43)) - raft.server.watch.element-limit = 65536 (default)
2019-09-25 12:10:45,758 [main] INFO  impl.RaftServerImpl (RaftServerImpl.java:lambda$shutdown$3(251)) - 80deecc8-67d2-4886-a269-aab5f88a17c2@group-DB5E9E6606EC: shutdown
2019-09-25 12:10:45,769 [ForkJoinPool.commonPool-worker-1] INFO  impl.RaftServerImpl (RaftServerImpl.java:lambda$shutdown$3(251)) - c6fa9dcb-3f15-43b4-bafe-b7e2932cba65@group-BFB1E5B576C2: shutdown
2019-09-25 12:10:45,761 [df786a85-25e2-42b5-b190-b73745044b82@group-620A6D52D7B5:LeaderElection84] INFO  server.RaftServerConfigKeys (ConfUtils.java:logGet(43)) - raft.server.rpc.sleep.time = 25ms (default)
2019-09-25 12:10:45,770 [ForkJoinPool.commonPool-worker-1] INFO  util.JmxRegister (JmxRegister.java:unregister(73)) - Successfully un-registered JMX Bean with object name Ratis:service=RaftServer,group=group-BFB1E5B576C2,id=c6fa9dcb-3f15-43b4-bafe-b7e2932cba65
2019-09-25 12:10:45,770 [ForkJoinPool.commonPool-worker-1] INFO  impl.RoleInfo (RoleInfo.java:shutdownLeaderState(104)) - c6fa9dcb-3f15-43b4-bafe-b7e2932cba65: shutdown LeaderState
2019-09-25 12:10:45,769 [main] INFO  util.JmxRegister (JmxRegister.java:unregister(73)) - Successfully un-registered JMX Bean with object name Ratis:service=RaftServer,group=group-DB5E9E6606EC,id=80deecc8-67d2-4886-a269-aab5f88a17c2
2019-09-25 12:10:45,770 [df786a85-25e2-42b5-b190-b73745044b82@group-ED79F6DFF296:LeaderElection83] INFO  impl.RoleInfo (RoleInfo.java:updateAndGet(143)) - df786a85-25e2-42b5-b190-b73745044b82: start LeaderState
2019-09-25 12:10:45,770 [ForkJoinPool.commonPool-worker-1] INFO  impl.PendingRequests (PendingRequests.java:sendNotLeaderResponses(202)) - c6fa9dcb-3f15-43b4-bafe-b7e2932cba65-PendingRequests: sendNotLeaderResponses
2019-09-25 12:10:45,770 [df786a85-25e2-42b5-b190-b73745044b82@group-620A6D52D7B5:LeaderElection84] INFO  server.RaftServerConfigKeys (ConfUtils.java:logGet(43)) - raft.server.write.element-limit = 4096 (default)
2019-09-25 12:10:45,771 [ForkJoinPool.commonPool-worker-1] INFO  impl.StateMachineUpdater (StateMachineUpdater.java:stopAndJoin(125)) - c6fa9dcb-3f15-43b4-bafe-b7e2932cba65@group-BFB1E5B576C2-StateMachineUpdater: set stopIndex = 0
2019-09-25 12:10:45,771 [df786a85-25e2-42b5-b190-b73745044b82@group-ED79F6DFF296:LeaderElection83] INFO  segmented.SegmentedRaftLogWorker (SegmentedRaftLogWorker.java:startLogSegment(380)) - df786a85-25e2-42b5-b190-b73745044b82@group-ED79F6DFF296-SegmentedRaftLogWorker: Starting segment from index:0
2019-09-25 12:10:45,771 [main] INFO  impl.RoleInfo (RoleInfo.java:shutdownLeaderState(104)) - 80deecc8-67d2-4886-a269-aab5f88a17c2: shutdown LeaderState
2019-09-25 12:10:45,772 [ForkJoinPool.commonPool-worker-1] INFO  impl.RaftServerImpl (ServerState.java:close(385)) - c6fa9dcb-3f15-43b4-bafe-b7e2932cba65@group-BFB1E5B576C2: closes. applyIndex: 0
2019-09-25 12:10:45,771 [df786a85-25e2-42b5-b190-b73745044b82@group-620A6D52D7B5:LeaderElection84] INFO  server.RaftServerConfigKeys (ConfUtils.java:logGet(43)) - raft.server.watch.timeout = 10s (default)
2019-09-25 12:10:45,773 [c6fa9dcb-3f15-43b4-bafe-b7e2932cba65@group-BFB1E5B576C2-SegmentedRaftLogWorker] INFO  segmented.SegmentedRaftLogWorker (SegmentedRaftLogWorker.java:run(313)) - c6fa9dcb-3f15-43b4-bafe-b7e2932cba65@group-BFB1E5B576C2-SegmentedRaftLogWorker was interrupted, exiting. There are 0 tasks remaining in the queue.
2019-09-25 12:10:45,772 [main] INFO  impl.PendingRequests (PendingRequests.java:sendNotLeaderResponses(202)) - 80deecc8-67d2-4886-a269-aab5f88a17c2-PendingRequests: sendNotLeaderResponses
2019-09-25 12:10:45,772 [df786a85-25e2-42b5-b190-b73745044b82@group-ED79F6DFF296:LeaderElection83] INFO  impl.RaftServerImpl (ServerState.java:setRaftConf(354)) - df786a85-25e2-42b5-b190-b73745044b82@group-ED79F6DFF296: set configuration 0: [df786a85-25e2-42b5-b190-b73745044b82:192.168.151.73:38744], old=null at 0
2019-09-25 12:10:45,816 [main] INFO  impl.StateMachineUpdater (StateMachineUpdater.java:stopAndJoin(125)) - 80deecc8-67d2-4886-a269-aab5f88a17c2@group-DB5E9E6606EC-StateMachineUpdater: set stopIndex = 0
2019-09-25 12:10:45,816 [main] INFO  impl.RaftServerImpl (ServerState.java:close(385)) - 80deecc8-67d2-4886-a269-aab5f88a17c2@group-DB5E9E6606EC: closes. applyIndex: 0
2019-09-25 12:10:45,814 [ForkJoinPool.commonPool-worker-1] INFO  segmented.SegmentedRaftLogWorker (SegmentedRaftLogWorker.java:close(228)) - c6fa9dcb-3f15-43b4-bafe-b7e2932cba65@group-BFB1E5B576C2-SegmentedRaftLogWorker close()
2019-09-25 12:10:45,773 [df786a85-25e2-42b5-b190-b73745044b82@group-620A6D52D7B5:LeaderElection84] INFO  server.RaftServerConfigKeys (ConfUtils.java:logGet(43)) - raft.server.watch.timeout.denomination = 1s (default)
2019-09-25 12:10:45,821 [ForkJoinPool.commonPool-worker-1] INFO  impl.RaftServerImpl (RaftServerImpl.java:lambda$shutdown$3(251)) - c6fa9dcb-3f15-43b4-bafe-b7e2932cba65@group-385F8712F586: shutdown
2019-09-25 12:10:45,817 [80deecc8-67d2-4886-a269-aab5f88a17c2@group-DB5E9E6606EC-SegmentedRaftLogWorker] INFO  segmented.SegmentedRaftLogWorker (SegmentedRaftLogWorker.java:run(313)) - 80deecc8-67d2-4886-a269-aab5f88a17c2@group-DB5E9E6606EC-SegmentedRaftLogWorker was interrupted, exiting. There are 0 tasks remaining in the queue.
2019-09-25 12:10:45,822 [ForkJoinPool.commonPool-worker-1] INFO  util.JmxRegister (JmxRegister.java:unregister(73)) - Successfully un-registered JMX Bean with object name Ratis:service=RaftServer,group=group-385F8712F586,id=c6fa9dcb-3f15-43b4-bafe-b7e2932cba65
2019-09-25 12:10:45,822 [df786a85-25e2-42b5-b190-b73745044b82@group-620A6D52D7B5:LeaderElection84] INFO  server.RaftServerConfigKeys (ConfUtils.java:logGet(43)) - raft.server.watch.element-limit = 65536 (default)
2019-09-25 12:10:45,824 [ForkJoinPool.commonPool-worker-1] INFO  impl.RoleInfo (RoleInfo.java:shutdownLeaderState(104)) - c6fa9dcb-3f15-43b4-bafe-b7e2932cba65: shutdown LeaderState
2019-09-25 12:10:45,824 [main] INFO  segmented.SegmentedRaftLogWorker (SegmentedRaftLogWorker.java:close(228)) - 80deecc8-67d2-4886-a269-aab5f88a17c2@group-DB5E9E6606EC-SegmentedRaftLogWorker close()
2019-09-25 12:10:45,824 [ForkJoinPool.commonPool-worker-1] INFO  impl.PendingRequests (PendingRequests.java:sendNotLeaderResponses(202)) - c6fa9dcb-3f15-43b4-bafe-b7e2932cba65-PendingRequests: sendNotLeaderResponses
2019-09-25 12:10:45,835 [main] INFO  impl.RaftServerImpl (RaftServerImpl.java:lambda$shutdown$3(251)) - 80deecc8-67d2-4886-a269-aab5f88a17c2@group-429BF13C1817: shutdown
2019-09-25 12:10:45,834 [df786a85-25e2-42b5-b190-b73745044b82@group-ED79F6DFF296-SegmentedRaftLogWorker] INFO  segmented.SegmentedRaftLogWorker (SegmentedRaftLogWorker.java:execute(569)) - df786a85-25e2-42b5-b190-b73745044b82@group-ED79F6DFF296-SegmentedRaftLogWorker: created new log segment /workdir/hadoop-ozone/integration-test/target/test-dir/MiniOzoneClusterImpl-7d9c4453-492c-478b-a0e0-2871dbe18f6e/datanode-6/data/ratis/89425617-3e77-48aa-8ff7-ed79f6dff296/current/log_inprogress_0
2019-09-25 12:10:45,835 [main] INFO  util.JmxRegister (JmxRegister.java:unregister(73)) - Successfully un-registered JMX Bean with object name Ratis:service=RaftServer,group=group-429BF13C1817,id=80deecc8-67d2-4886-a269-aab5f88a17c2
2019-09-25 12:10:45,835 [ForkJoinPool.commonPool-worker-1] INFO  impl.StateMachineUpdater (StateMachineUpdater.java:stopAndJoin(125)) - c6fa9dcb-3f15-43b4-bafe-b7e2932cba65@group-385F8712F586-StateMachineUpdater: set stopIndex = 0
2019-09-25 12:10:45,836 [df786a85-25e2-42b5-b190-b73745044b82@group-620A6D52D7B5:LeaderElection84] INFO  impl.RoleInfo (RoleInfo.java:updateAndGet(143)) - df786a85-25e2-42b5-b190-b73745044b82: start LeaderState
2019-09-25 12:10:45,836 [main] INFO  impl.RoleInfo (RoleInfo.java:shutdownLeaderState(104)) - 80deecc8-67d2-4886-a269-aab5f88a17c2: shutdown LeaderState
2019-09-25 12:10:45,836 [df786a85-25e2-42b5-b190-b73745044b82@group-620A6D52D7B5:LeaderElection84] INFO  segmented.SegmentedRaftLogWorker (SegmentedRaftLogWorker.java:startLogSegment(380)) - df786a85-25e2-42b5-b190-b73745044b82@group-620A6D52D7B5-SegmentedRaftLogWorker: Starting segment from index:0
2019-09-25 12:10:45,836 [ForkJoinPool.commonPool-worker-1] INFO  impl.RaftServerImpl (ServerState.java:close(385)) - c6fa9dcb-3f15-43b4-bafe-b7e2932cba65@group-385F8712F586: closes. applyIndex: 0
2019-09-25 12:10:45,836 [main] INFO  impl.PendingRequests (PendingRequests.java:sendNotLeaderResponses(202)) - 80deecc8-67d2-4886-a269-aab5f88a17c2-PendingRequests: sendNotLeaderResponses
2019-09-25 12:10:45,837 [c6fa9dcb-3f15-43b4-bafe-b7e2932cba65@group-385F8712F586-SegmentedRaftLogWorker] INFO  segmented.SegmentedRaftLogWorker (SegmentedRaftLogWorker.java:run(313)) - c6fa9dcb-3f15-43b4-bafe-b7e2932cba65@group-385F8712F586-SegmentedRaftLogWorker was interrupted, exiting. There are 0 tasks remaining in the queue.
2019-09-25 12:10:45,837 [df786a85-25e2-42b5-b190-b73745044b82@group-620A6D52D7B5:LeaderElection84] INFO  impl.RaftServerImpl (ServerState.java:setRaftConf(354)) - df786a85-25e2-42b5-b190-b73745044b82@group-620A6D52D7B5: set configuration 0: [df786a85-25e2-42b5-b190-b73745044b82:192.168.151.73:38744], old=null at 0
2019-09-25 12:10:45,837 [main] INFO  impl.StateMachineUpdater (StateMachineUpdater.java:stopAndJoin(125)) - 80deecc8-67d2-4886-a269-aab5f88a17c2@group-429BF13C1817-StateMachineUpdater: set stopIndex = 0
2019-09-25 12:10:45,837 [ForkJoinPool.commonPool-worker-1] INFO  segmented.SegmentedRaftLogWorker (SegmentedRaftLogWorker.java:close(228)) - c6fa9dcb-3f15-43b4-bafe-b7e2932cba65@group-385F8712F586-SegmentedRaftLogWorker close()
2019-09-25 12:10:45,838 [main] INFO  impl.RaftServerImpl (ServerState.java:close(385)) - 80deecc8-67d2-4886-a269-aab5f88a17c2@group-429BF13C1817: closes. applyIndex: 0
2019-09-25 12:10:45,873 [ForkJoinPool.commonPool-worker-1] INFO  server.GrpcService (GrpcService.java:closeImpl(164)) - c6fa9dcb-3f15-43b4-bafe-b7e2932cba65: shutdown server with port 46687 now
2019-09-25 12:10:45,874 [80deecc8-67d2-4886-a269-aab5f88a17c2@group-429BF13C1817-SegmentedRaftLogWorker] INFO  segmented.SegmentedRaftLogWorker (SegmentedRaftLogWorker.java:run(313)) - 80deecc8-67d2-4886-a269-aab5f88a17c2@group-429BF13C1817-SegmentedRaftLogWorker was interrupted, exiting. There are 0 tasks remaining in the queue.
2019-09-25 12:10:45,877 [main] INFO  segmented.SegmentedRaftLogWorker (SegmentedRaftLogWorker.java:close(228)) - 80deecc8-67d2-4886-a269-aab5f88a17c2@group-429BF13C1817-SegmentedRaftLogWorker close()
2019-09-25 12:10:45,877 [ForkJoinPool.commonPool-worker-1] INFO  server.GrpcService (GrpcService.java:closeImpl(172)) - c6fa9dcb-3f15-43b4-bafe-b7e2932cba65: shutdown server with port 46687 successfully
2019-09-25 12:10:45,881 [main] INFO  server.GrpcService (GrpcService.java:closeImpl(164)) - 80deecc8-67d2-4886-a269-aab5f88a17c2: shutdown server with port 41765 now
2019-09-25 12:10:45,884 [main] INFO  server.GrpcService (GrpcService.java:closeImpl(172)) - 80deecc8-67d2-4886-a269-aab5f88a17c2: shutdown server with port 41765 successfully
2019-09-25 12:10:45,897 [refreshUsed-/workdir/hadoop-ozone/integration-test/target/test-dir/MiniOzoneClusterImpl-7d9c4453-492c-478b-a0e0-2871dbe18f6e/datanode-1/data/containers] WARN  fs.CachingGetSpaceUsed (CachingGetSpaceUsed.java:run(183)) - Thread Interrupted waiting to refresh disk information: sleep interrupted
2019-09-25 12:10:45,897 [refreshUsed-/workdir/hadoop-ozone/integration-test/target/test-dir/MiniOzoneClusterImpl-7d9c4453-492c-478b-a0e0-2871dbe18f6e/datanode-4/data/containers] WARN  fs.CachingGetSpaceUsed (CachingGetSpaceUsed.java:run(183)) - Thread Interrupted waiting to refresh disk information: sleep interrupted
2019-09-25 12:10:45,898 [df786a85-25e2-42b5-b190-b73745044b82@group-620A6D52D7B5-SegmentedRaftLogWorker] INFO  segmented.SegmentedRaftLogWorker (SegmentedRaftLogWorker.java:execute(569)) - df786a85-25e2-42b5-b190-b73745044b82@group-620A6D52D7B5-SegmentedRaftLogWorker: created new log segment /workdir/hadoop-ozone/integration-test/target/test-dir/MiniOzoneClusterImpl-7d9c4453-492c-478b-a0e0-2871dbe18f6e/datanode-6/data/ratis/f4fbb72e-a318-47fe-85ba-620a6d52d7b5/current/log_inprogress_0
2019-09-25 12:10:45,914 [ForkJoinPool.commonPool-worker-1] INFO  utils.BackgroundService (BackgroundService.java:shutdown(148)) - Shutting down service BlockDeletingService
2019-09-25 12:10:45,915 [main] INFO  utils.BackgroundService (BackgroundService.java:shutdown(148)) - Shutting down service BlockDeletingService
2019-09-25 12:10:45,925 [ForkJoinPool.commonPool-worker-1] INFO  statemachine.DatanodeStateMachine (DatanodeStateMachine.java:stopDaemon(395)) - Ozone container server stopped.
2019-09-25 12:10:45,929 [main] INFO  statemachine.DatanodeStateMachine (DatanodeStateMachine.java:stopDaemon(395)) - Ozone container server stopped.
2019-09-25 12:10:45,934 [ForkJoinPool.commonPool-worker-1] INFO  handler.ContextHandler (ContextHandler.java:doStop(910)) - Stopped o.e.j.w.WebAppContext@3e4e8fdf{/,null,UNAVAILABLE}{/hddsDatanode}
2019-09-25 12:10:45,934 [main] INFO  handler.ContextHandler (ContextHandler.java:doStop(910)) - Stopped o.e.j.w.WebAppContext@ffd4cba{/,null,UNAVAILABLE}{/hddsDatanode}
2019-09-25 12:10:45,935 [ForkJoinPool.commonPool-worker-1] INFO  server.AbstractConnector (AbstractConnector.java:doStop(318)) - Stopped ServerConnector@6a1d6ef2{HTTP/1.1,[http/1.1]}{0.0.0.0:0}
2019-09-25 12:10:45,935 [main] INFO  server.AbstractConnector (AbstractConnector.java:doStop(318)) - Stopped ServerConnector@5f1483fd{HTTP/1.1,[http/1.1]}{0.0.0.0:0}
2019-09-25 12:10:45,937 [ForkJoinPool.commonPool-worker-1] INFO  handler.ContextHandler (ContextHandler.java:doStop(910)) - Stopped o.e.j.s.ServletContextHandler@203d1d93{/static,jar:file:/home/user/.m2/repository/org/apache/hadoop/hadoop-hdds-container-service/0.5.0-SNAPSHOT/hadoop-hdds-container-service-0.5.0-SNAPSHOT.jar!/webapps/static,UNAVAILABLE}
2019-09-25 12:10:45,938 [main] INFO  handler.ContextHandler (ContextHandler.java:doStop(910)) - Stopped o.e.j.s.ServletContextHandler@b3e86d5{/static,jar:file:/home/user/.m2/repository/org/apache/hadoop/hadoop-hdds-container-service/0.5.0-SNAPSHOT/hadoop-hdds-container-service-0.5.0-SNAPSHOT.jar!/webapps/static,UNAVAILABLE}
2019-09-25 12:10:45,940 [ForkJoinPool.commonPool-worker-1] INFO  handler.ContextHandler (ContextHandler.java:doStop(910)) - Stopped o.e.j.s.ServletContextHandler@4baed682{/logs,file:///workdir/hadoop-ozone/integration-test/target/log,UNAVAILABLE}
2019-09-25 12:10:45,940 [main] INFO  handler.ContextHandler (ContextHandler.java:doStop(910)) - Stopped o.e.j.s.ServletContextHandler@228bda54{/logs,file:///workdir/hadoop-ozone/integration-test/target/log,UNAVAILABLE}
2019-09-25 12:10:46,152 [Datanode State Machine Thread - 0] INFO  statemachine.DatanodeStateMachine (DatanodeStateMachine.java:lambda$startDaemon$0(350)) - Ozone container server started.
2019-09-25 12:10:46,207 [Datanode State Machine Thread - 0] INFO  statemachine.DatanodeStateMachine (DatanodeStateMachine.java:lambda$startDaemon$0(350)) - Ozone container server started.
2019-09-25 12:10:50,943 [main] INFO  ozoneimpl.OzoneContainer (OzoneContainer.java:stop(231)) - Attempting to stop container services.
2019-09-25 12:10:50,943 [ForkJoinPool.commonPool-worker-1] INFO  ozoneimpl.OzoneContainer (OzoneContainer.java:stop(231)) - Attempting to stop container services.
2019-09-25 12:10:50,945 [main] INFO  impl.RaftServerProxy (RaftServerProxy.java:lambda$close$4(314)) - ed9e8526-460d-4c85-81a4-c6a64f474ec5: close
2019-09-25 12:10:50,945 [ForkJoinPool.commonPool-worker-1] INFO  impl.RaftServerProxy (RaftServerProxy.java:lambda$close$4(314)) - 672ef084-74ba-47a7-a215-7b0464967c29: close
2019-09-25 12:10:50,945 [main] INFO  impl.RaftServerImpl (RaftServerImpl.java:lambda$shutdown$3(251)) - ed9e8526-460d-4c85-81a4-c6a64f474ec5@group-C4DDED4A3AE7: shutdown
2019-09-25 12:10:50,945 [ForkJoinPool.commonPool-worker-1] INFO  impl.RaftServerImpl (RaftServerImpl.java:lambda$shutdown$3(251)) - 672ef084-74ba-47a7-a215-7b0464967c29@group-7D47F5AFD98C: shutdown
2019-09-25 12:10:50,946 [main] INFO  util.JmxRegister (JmxRegister.java:unregister(73)) - Successfully un-registered JMX Bean with object name Ratis:service=RaftServer,group=group-C4DDED4A3AE7,id=ed9e8526-460d-4c85-81a4-c6a64f474ec5
2019-09-25 12:10:50,946 [ForkJoinPool.commonPool-worker-1] INFO  util.JmxRegister (JmxRegister.java:unregister(73)) - Successfully un-registered JMX Bean with object name Ratis:service=RaftServer,group=group-7D47F5AFD98C,id=672ef084-74ba-47a7-a215-7b0464967c29
2019-09-25 12:10:50,947 [main] INFO  impl.RoleInfo (RoleInfo.java:shutdownLeaderState(104)) - ed9e8526-460d-4c85-81a4-c6a64f474ec5: shutdown LeaderState
2019-09-25 12:10:50,947 [ForkJoinPool.commonPool-worker-1] INFO  impl.RoleInfo (RoleInfo.java:shutdownLeaderState(104)) - 672ef084-74ba-47a7-a215-7b0464967c29: shutdown LeaderState
2019-09-25 12:10:50,948 [main] INFO  impl.PendingRequests (PendingRequests.java:sendNotLeaderResponses(202)) - ed9e8526-460d-4c85-81a4-c6a64f474ec5-PendingRequests: sendNotLeaderResponses
2019-09-25 12:10:50,948 [ForkJoinPool.commonPool-worker-1] INFO  impl.PendingRequests (PendingRequests.java:sendNotLeaderResponses(202)) - 672ef084-74ba-47a7-a215-7b0464967c29-PendingRequests: sendNotLeaderResponses
2019-09-25 12:10:50,948 [main] INFO  impl.StateMachineUpdater (StateMachineUpdater.java:stopAndJoin(125)) - ed9e8526-460d-4c85-81a4-c6a64f474ec5@group-C4DDED4A3AE7-StateMachineUpdater: set stopIndex = 0
2019-09-25 12:10:50,949 [ForkJoinPool.commonPool-worker-1] INFO  impl.StateMachineUpdater (StateMachineUpdater.java:stopAndJoin(125)) - 672ef084-74ba-47a7-a215-7b0464967c29@group-7D47F5AFD98C-StateMachineUpdater: set stopIndex = 0
2019-09-25 12:10:50,949 [main] INFO  impl.RaftServerImpl (ServerState.java:close(385)) - ed9e8526-460d-4c85-81a4-c6a64f474ec5@group-C4DDED4A3AE7: closes. applyIndex: 0
2019-09-25 12:10:50,949 [ForkJoinPool.commonPool-worker-1] INFO  impl.RaftServerImpl (ServerState.java:close(385)) - 672ef084-74ba-47a7-a215-7b0464967c29@group-7D47F5AFD98C: closes. applyIndex: 0
2019-09-25 12:10:50,950 [ed9e8526-460d-4c85-81a4-c6a64f474ec5@group-C4DDED4A3AE7-SegmentedRaftLogWorker] INFO  segmented.SegmentedRaftLogWorker (SegmentedRaftLogWorker.java:run(313)) - ed9e8526-460d-4c85-81a4-c6a64f474ec5@group-C4DDED4A3AE7-SegmentedRaftLogWorker was interrupted, exiting. There are 0 tasks remaining in the queue.
2019-09-25 12:10:50,950 [672ef084-74ba-47a7-a215-7b0464967c29@group-7D47F5AFD98C-SegmentedRaftLogWorker] INFO  segmented.SegmentedRaftLogWorker (SegmentedRaftLogWorker.java:run(313)) - 672ef084-74ba-47a7-a215-7b0464967c29@group-7D47F5AFD98C-SegmentedRaftLogWorker was interrupted, exiting. There are 0 tasks remaining in the queue.
2019-09-25 12:10:50,951 [main] INFO  segmented.SegmentedRaftLogWorker (SegmentedRaftLogWorker.java:close(228)) - ed9e8526-460d-4c85-81a4-c6a64f474ec5@group-C4DDED4A3AE7-SegmentedRaftLogWorker close()
2019-09-25 12:10:50,951 [ForkJoinPool.commonPool-worker-1] INFO  segmented.SegmentedRaftLogWorker (SegmentedRaftLogWorker.java:close(228)) - 672ef084-74ba-47a7-a215-7b0464967c29@group-7D47F5AFD98C-SegmentedRaftLogWorker close()
2019-09-25 12:10:50,955 [main] INFO  impl.RaftServerImpl (RaftServerImpl.java:lambda$shutdown$3(251)) - ed9e8526-460d-4c85-81a4-c6a64f474ec5@group-6774927E6B7A: shutdown
2019-09-25 12:10:50,957 [ForkJoinPool.commonPool-worker-1] INFO  impl.RaftServerImpl (RaftServerImpl.java:lambda$shutdown$3(251)) - 672ef084-74ba-47a7-a215-7b0464967c29@group-36F5C8162F17: shutdown
2019-09-25 12:10:50,958 [main] INFO  util.JmxRegister (JmxRegister.java:unregister(73)) - Successfully un-registered JMX Bean with object name Ratis:service=RaftServer,group=group-6774927E6B7A,id=ed9e8526-460d-4c85-81a4-c6a64f474ec5
2019-09-25 12:10:50,958 [main] INFO  impl.RoleInfo (RoleInfo.java:shutdownLeaderState(104)) - ed9e8526-460d-4c85-81a4-c6a64f474ec5: shutdown LeaderState
2019-09-25 12:10:50,958 [ForkJoinPool.commonPool-worker-1] INFO  util.JmxRegister (JmxRegister.java:unregister(73)) - Successfully un-registered JMX Bean with object name Ratis:service=RaftServer,group=group-36F5C8162F17,id=672ef084-74ba-47a7-a215-7b0464967c29
2019-09-25 12:10:50,959 [main] INFO  impl.PendingRequests (PendingRequests.java:sendNotLeaderResponses(202)) - ed9e8526-460d-4c85-81a4-c6a64f474ec5-PendingRequests: sendNotLeaderResponses
2019-09-25 12:10:50,959 [ForkJoinPool.commonPool-worker-1] INFO  impl.RoleInfo (RoleInfo.java:shutdownLeaderState(104)) - 672ef084-74ba-47a7-a215-7b0464967c29: shutdown LeaderState
2019-09-25 12:10:50,960 [main] INFO  impl.StateMachineUpdater (StateMachineUpdater.java:stopAndJoin(125)) - ed9e8526-460d-4c85-81a4-c6a64f474ec5@group-6774927E6B7A-StateMachineUpdater: set stopIndex = 0
2019-09-25 12:10:50,960 [ForkJoinPool.commonPool-worker-1] INFO  impl.PendingRequests (PendingRequests.java:sendNotLeaderResponses(202)) - 672ef084-74ba-47a7-a215-7b0464967c29-PendingRequests: sendNotLeaderResponses
2019-09-25 12:10:50,960 [main] INFO  impl.RaftServerImpl (ServerState.java:close(385)) - ed9e8526-460d-4c85-81a4-c6a64f474ec5@group-6774927E6B7A: closes. applyIndex: 0
2019-09-25 12:10:50,961 [ForkJoinPool.commonPool-worker-1] INFO  impl.StateMachineUpdater (StateMachineUpdater.java:stopAndJoin(125)) - 672ef084-74ba-47a7-a215-7b0464967c29@group-36F5C8162F17-StateMachineUpdater: set stopIndex = 0
2019-09-25 12:10:50,961 [ed9e8526-460d-4c85-81a4-c6a64f474ec5@group-6774927E6B7A-SegmentedRaftLogWorker] INFO  segmented.SegmentedRaftLogWorker (SegmentedRaftLogWorker.java:run(313)) - ed9e8526-460d-4c85-81a4-c6a64f474ec5@group-6774927E6B7A-SegmentedRaftLogWorker was interrupted, exiting. There are 0 tasks remaining in the queue.
2019-09-25 12:10:50,961 [ForkJoinPool.commonPool-worker-1] INFO  impl.RaftServerImpl (ServerState.java:close(385)) - 672ef084-74ba-47a7-a215-7b0464967c29@group-36F5C8162F17: closes. applyIndex: 0
2019-09-25 12:10:50,962 [main] INFO  segmented.SegmentedRaftLogWorker (SegmentedRaftLogWorker.java:close(228)) - ed9e8526-460d-4c85-81a4-c6a64f474ec5@group-6774927E6B7A-SegmentedRaftLogWorker close()
2019-09-25 12:10:50,962 [672ef084-74ba-47a7-a215-7b0464967c29@group-36F5C8162F17-SegmentedRaftLogWorker] INFO  segmented.SegmentedRaftLogWorker (SegmentedRaftLogWorker.java:run(313)) - 672ef084-74ba-47a7-a215-7b0464967c29@group-36F5C8162F17-SegmentedRaftLogWorker was interrupted, exiting. There are 0 tasks remaining in the queue.
2019-09-25 12:10:50,964 [main] INFO  impl.RaftServerImpl (RaftServerImpl.java:lambda$shutdown$3(251)) - ed9e8526-460d-4c85-81a4-c6a64f474ec5@group-51E0158AAE9C: shutdown
2019-09-25 12:10:50,965 [ForkJoinPool.commonPool-worker-1] INFO  segmented.SegmentedRaftLogWorker (SegmentedRaftLogWorker.java:close(228)) - 672ef084-74ba-47a7-a215-7b0464967c29@group-36F5C8162F17-SegmentedRaftLogWorker close()
2019-09-25 12:10:50,965 [main] INFO  util.JmxRegister (JmxRegister.java:unregister(73)) - Successfully un-registered JMX Bean with object name Ratis:service=RaftServer,group=group-51E0158AAE9C,id=ed9e8526-460d-4c85-81a4-c6a64f474ec5
2019-09-25 12:10:50,967 [ForkJoinPool.commonPool-worker-1] INFO  impl.RaftServerImpl (RaftServerImpl.java:lambda$shutdown$3(251)) - 672ef084-74ba-47a7-a215-7b0464967c29@group-3D4083A8534B: shutdown
2019-09-25 12:10:50,968 [main] INFO  impl.RoleInfo (RoleInfo.java:shutdownLeaderState(104)) - ed9e8526-460d-4c85-81a4-c6a64f474ec5: shutdown LeaderState
2019-09-25 12:10:50,968 [ForkJoinPool.commonPool-worker-1] INFO  util.JmxRegister (JmxRegister.java:unregister(73)) - Successfully un-registered JMX Bean with object name Ratis:service=RaftServer,group=group-3D4083A8534B,id=672ef084-74ba-47a7-a215-7b0464967c29
2019-09-25 12:10:50,968 [main] INFO  impl.PendingRequests (PendingRequests.java:sendNotLeaderResponses(202)) - ed9e8526-460d-4c85-81a4-c6a64f474ec5-PendingRequests: sendNotLeaderResponses
2019-09-25 12:10:50,969 [ForkJoinPool.commonPool-worker-1] INFO  impl.RoleInfo (RoleInfo.java:shutdownLeaderState(104)) - 672ef084-74ba-47a7-a215-7b0464967c29: shutdown LeaderState
2019-09-25 12:10:50,969 [main] INFO  impl.StateMachineUpdater (StateMachineUpdater.java:stopAndJoin(125)) - ed9e8526-460d-4c85-81a4-c6a64f474ec5@group-51E0158AAE9C-StateMachineUpdater: set stopIndex = 0
2019-09-25 12:10:50,970 [main] INFO  impl.RaftServerImpl (ServerState.java:close(385)) - ed9e8526-460d-4c85-81a4-c6a64f474ec5@group-51E0158AAE9C: closes. applyIndex: 0
2019-09-25 12:10:50,969 [ForkJoinPool.commonPool-worker-1] INFO  impl.PendingRequests (PendingRequests.java:sendNotLeaderResponses(202)) - 672ef084-74ba-47a7-a215-7b0464967c29-PendingRequests: sendNotLeaderResponses
2019-09-25 12:10:50,970 [ed9e8526-460d-4c85-81a4-c6a64f474ec5@group-51E0158AAE9C-SegmentedRaftLogWorker] INFO  segmented.SegmentedRaftLogWorker (SegmentedRaftLogWorker.java:run(313)) - ed9e8526-460d-4c85-81a4-c6a64f474ec5@group-51E0158AAE9C-SegmentedRaftLogWorker was interrupted, exiting. There are 0 tasks remaining in the queue.
2019-09-25 12:10:50,970 [ForkJoinPool.commonPool-worker-1] INFO  impl.StateMachineUpdater (StateMachineUpdater.java:stopAndJoin(125)) - 672ef084-74ba-47a7-a215-7b0464967c29@group-3D4083A8534B-StateMachineUpdater: set stopIndex = 0
2019-09-25 12:10:50,971 [main] INFO  segmented.SegmentedRaftLogWorker (SegmentedRaftLogWorker.java:close(228)) - ed9e8526-460d-4c85-81a4-c6a64f474ec5@group-51E0158AAE9C-SegmentedRaftLogWorker close()
2019-09-25 12:10:50,971 [ForkJoinPool.commonPool-worker-1] INFO  impl.RaftServerImpl (ServerState.java:close(385)) - 672ef084-74ba-47a7-a215-7b0464967c29@group-3D4083A8534B: closes. applyIndex: 0
2019-09-25 12:10:50,974 [main] INFO  impl.RaftServerImpl (RaftServerImpl.java:lambda$shutdown$3(251)) - ed9e8526-460d-4c85-81a4-c6a64f474ec5@group-295A0D2C5133: shutdown
2019-09-25 12:10:50,974 [672ef084-74ba-47a7-a215-7b0464967c29@group-3D4083A8534B-SegmentedRaftLogWorker] INFO  segmented.SegmentedRaftLogWorker (SegmentedRaftLogWorker.java:run(313)) - 672ef084-74ba-47a7-a215-7b0464967c29@group-3D4083A8534B-SegmentedRaftLogWorker was interrupted, exiting. There are 0 tasks remaining in the queue.
2019-09-25 12:10:50,974 [main] INFO  util.JmxRegister (JmxRegister.java:unregister(73)) - Successfully un-registered JMX Bean with object name Ratis:service=RaftServer,group=group-295A0D2C5133,id=ed9e8526-460d-4c85-81a4-c6a64f474ec5
2019-09-25 12:10:50,975 [ForkJoinPool.commonPool-worker-1] INFO  segmented.SegmentedRaftLogWorker (SegmentedRaftLogWorker.java:close(228)) - 672ef084-74ba-47a7-a215-7b0464967c29@group-3D4083A8534B-SegmentedRaftLogWorker close()
2019-09-25 12:10:50,975 [main] INFO  impl.RoleInfo (RoleInfo.java:shutdownLeaderState(104)) - ed9e8526-460d-4c85-81a4-c6a64f474ec5: shutdown LeaderState
2019-09-25 12:10:50,977 [ForkJoinPool.commonPool-worker-1] INFO  impl.RaftServerImpl (RaftServerImpl.java:lambda$shutdown$3(251)) - 672ef084-74ba-47a7-a215-7b0464967c29@group-BC0E168631E1: shutdown
2019-09-25 12:10:50,978 [main] INFO  impl.PendingRequests (PendingRequests.java:sendNotLeaderResponses(202)) - ed9e8526-460d-4c85-81a4-c6a64f474ec5-PendingRequests: sendNotLeaderResponses
2019-09-25 12:10:50,978 [ForkJoinPool.commonPool-worker-1] INFO  util.JmxRegister (JmxRegister.java:unregister(73)) - Successfully un-registered JMX Bean with object name Ratis:service=RaftServer,group=group-BC0E168631E1,id=672ef084-74ba-47a7-a215-7b0464967c29
2019-09-25 12:10:50,978 [main] INFO  impl.StateMachineUpdater (StateMachineUpdater.java:stopAndJoin(125)) - ed9e8526-460d-4c85-81a4-c6a64f474ec5@group-295A0D2C5133-StateMachineUpdater: set stopIndex = 0
2019-09-25 12:10:50,979 [ForkJoinPool.commonPool-worker-1] INFO  impl.RoleInfo (RoleInfo.java:shutdownLeaderState(104)) - 672ef084-74ba-47a7-a215-7b0464967c29: shutdown LeaderState
2019-09-25 12:10:50,979 [main] INFO  impl.RaftServerImpl (ServerState.java:close(385)) - ed9e8526-460d-4c85-81a4-c6a64f474ec5@group-295A0D2C5133: closes. applyIndex: 0
2019-09-25 12:10:50,979 [ForkJoinPool.commonPool-worker-1] INFO  impl.PendingRequests (PendingRequests.java:sendNotLeaderResponses(202)) - 672ef084-74ba-47a7-a215-7b0464967c29-PendingRequests: sendNotLeaderResponses
2019-09-25 12:10:50,980 [ed9e8526-460d-4c85-81a4-c6a64f474ec5@group-295A0D2C5133-SegmentedRaftLogWorker] INFO  segmented.SegmentedRaftLogWorker (SegmentedRaftLogWorker.java:run(313)) - ed9e8526-460d-4c85-81a4-c6a64f474ec5@group-295A0D2C5133-SegmentedRaftLogWorker was interrupted, exiting. There are 0 tasks remaining in the queue.
2019-09-25 12:10:50,980 [ForkJoinPool.commonPool-worker-1] INFO  impl.StateMachineUpdater (StateMachineUpdater.java:stopAndJoin(125)) - 672ef084-74ba-47a7-a215-7b0464967c29@group-BC0E168631E1-StateMachineUpdater: set stopIndex = 0
2019-09-25 12:10:50,980 [main] INFO  segmented.SegmentedRaftLogWorker (SegmentedRaftLogWorker.java:close(228)) - ed9e8526-460d-4c85-81a4-c6a64f474ec5@group-295A0D2C5133-SegmentedRaftLogWorker close()
2019-09-25 12:10:50,980 [ForkJoinPool.commonPool-worker-1] INFO  impl.RaftServerImpl (ServerState.java:close(385)) - 672ef084-74ba-47a7-a215-7b0464967c29@group-BC0E168631E1: closes. applyIndex: 0
2019-09-25 12:10:50,983 [main] INFO  impl.RaftServerImpl (RaftServerImpl.java:lambda$shutdown$3(251)) - ed9e8526-460d-4c85-81a4-c6a64f474ec5@group-B6F57B6FE84A: shutdown
2019-09-25 12:10:50,983 [672ef084-74ba-47a7-a215-7b0464967c29@group-BC0E168631E1-SegmentedRaftLogWorker] INFO  segmented.SegmentedRaftLogWorker (SegmentedRaftLogWorker.java:run(313)) - 672ef084-74ba-47a7-a215-7b0464967c29@group-BC0E168631E1-SegmentedRaftLogWorker was interrupted, exiting. There are 0 tasks remaining in the queue.
2019-09-25 12:10:50,984 [main] INFO  util.JmxRegister (JmxRegister.java:unregister(73)) - Successfully un-registered JMX Bean with object name Ratis:service=RaftServer,group=group-B6F57B6FE84A,id=ed9e8526-460d-4c85-81a4-c6a64f474ec5
2019-09-25 12:10:50,984 [ForkJoinPool.commonPool-worker-1] INFO  segmented.SegmentedRaftLogWorker (SegmentedRaftLogWorker.java:close(228)) - 672ef084-74ba-47a7-a215-7b0464967c29@group-BC0E168631E1-SegmentedRaftLogWorker close()
2019-09-25 12:10:50,984 [main] INFO  impl.RoleInfo (RoleInfo.java:shutdownLeaderState(104)) - ed9e8526-460d-4c85-81a4-c6a64f474ec5: shutdown LeaderState
2019-09-25 12:10:50,987 [ForkJoinPool.commonPool-worker-1] INFO  impl.RaftServerImpl (RaftServerImpl.java:lambda$shutdown$3(251)) - 672ef084-74ba-47a7-a215-7b0464967c29@group-B5B85577EDD9: shutdown
2019-09-25 12:10:50,987 [main] INFO  impl.PendingRequests (PendingRequests.java:sendNotLeaderResponses(202)) - ed9e8526-460d-4c85-81a4-c6a64f474ec5-PendingRequests: sendNotLeaderResponses
2019-09-25 12:10:50,987 [ForkJoinPool.commonPool-worker-1] INFO  util.JmxRegister (JmxRegister.java:unregister(73)) - Successfully un-registered JMX Bean with object name Ratis:service=RaftServer,group=group-B5B85577EDD9,id=672ef084-74ba-47a7-a215-7b0464967c29
2019-09-25 12:10:50,988 [main] INFO  impl.StateMachineUpdater (StateMachineUpdater.java:stopAndJoin(125)) - ed9e8526-460d-4c85-81a4-c6a64f474ec5@group-B6F57B6FE84A-StateMachineUpdater: set stopIndex = 0
2019-09-25 12:10:50,988 [ForkJoinPool.commonPool-worker-1] INFO  impl.RoleInfo (RoleInfo.java:shutdownLeaderState(104)) - 672ef084-74ba-47a7-a215-7b0464967c29: shutdown LeaderState
2019-09-25 12:10:50,988 [main] INFO  impl.RaftServerImpl (ServerState.java:close(385)) - ed9e8526-460d-4c85-81a4-c6a64f474ec5@group-B6F57B6FE84A: closes. applyIndex: 0
2019-09-25 12:10:50,989 [ForkJoinPool.commonPool-worker-1] INFO  impl.PendingRequests (PendingRequests.java:sendNotLeaderResponses(202)) - 672ef084-74ba-47a7-a215-7b0464967c29-PendingRequests: sendNotLeaderResponses
2019-09-25 12:10:50,989 [ed9e8526-460d-4c85-81a4-c6a64f474ec5@group-B6F57B6FE84A-SegmentedRaftLogWorker] INFO  segmented.SegmentedRaftLogWorker (SegmentedRaftLogWorker.java:run(313)) - ed9e8526-460d-4c85-81a4-c6a64f474ec5@group-B6F57B6FE84A-SegmentedRaftLogWorker was interrupted, exiting. There are 0 tasks remaining in the queue.
2019-09-25 12:10:50,989 [ForkJoinPool.commonPool-worker-1] INFO  impl.StateMachineUpdater (StateMachineUpdater.java:stopAndJoin(125)) - 672ef084-74ba-47a7-a215-7b0464967c29@group-B5B85577EDD9-StateMachineUpdater: set stopIndex = 0
2019-09-25 12:10:50,990 [main] INFO  segmented.SegmentedRaftLogWorker (SegmentedRaftLogWorker.java:close(228)) - ed9e8526-460d-4c85-81a4-c6a64f474ec5@group-B6F57B6FE84A-SegmentedRaftLogWorker close()
2019-09-25 12:10:50,990 [ForkJoinPool.commonPool-worker-1] INFO  impl.RaftServerImpl (ServerState.java:close(385)) - 672ef084-74ba-47a7-a215-7b0464967c29@group-B5B85577EDD9: closes. applyIndex: 0
2019-09-25 12:10:50,992 [main] INFO  impl.RaftServerImpl (RaftServerImpl.java:lambda$shutdown$3(251)) - ed9e8526-460d-4c85-81a4-c6a64f474ec5@group-F0F0CF8417AF: shutdown
2019-09-25 12:10:50,993 [672ef084-74ba-47a7-a215-7b0464967c29@group-B5B85577EDD9-SegmentedRaftLogWorker] INFO  segmented.SegmentedRaftLogWorker (SegmentedRaftLogWorker.java:run(313)) - 672ef084-74ba-47a7-a215-7b0464967c29@group-B5B85577EDD9-SegmentedRaftLogWorker was interrupted, exiting. There are 0 tasks remaining in the queue.
2019-09-25 12:10:50,993 [main] INFO  util.JmxRegister (JmxRegister.java:unregister(73)) - Successfully un-registered JMX Bean with object name Ratis:service=RaftServer,group=group-F0F0CF8417AF,id=ed9e8526-460d-4c85-81a4-c6a64f474ec5
2019-09-25 12:10:50,993 [ForkJoinPool.commonPool-worker-1] INFO  segmented.SegmentedRaftLogWorker (SegmentedRaftLogWorker.java:close(228)) - 672ef084-74ba-47a7-a215-7b0464967c29@group-B5B85577EDD9-SegmentedRaftLogWorker close()
2019-09-25 12:10:50,994 [main] INFO  impl.RoleInfo (RoleInfo.java:shutdownLeaderState(104)) - ed9e8526-460d-4c85-81a4-c6a64f474ec5: shutdown LeaderState
2019-09-25 12:10:50,996 [ForkJoinPool.commonPool-worker-1] INFO  impl.RaftServerImpl (RaftServerImpl.java:lambda$shutdown$3(251)) - 672ef084-74ba-47a7-a215-7b0464967c29@group-0142EA358AFE: shutdown
2019-09-25 12:10:50,997 [main] INFO  impl.PendingRequests (PendingRequests.java:sendNotLeaderResponses(202)) - ed9e8526-460d-4c85-81a4-c6a64f474ec5-PendingRequests: sendNotLeaderResponses
2019-09-25 12:10:50,997 [ForkJoinPool.commonPool-worker-1] INFO  util.JmxRegister (JmxRegister.java:unregister(73)) - Successfully un-registered JMX Bean with object name Ratis:service=RaftServer,group=group-0142EA358AFE,id=672ef084-74ba-47a7-a215-7b0464967c29
2019-09-25 12:10:50,997 [main] INFO  impl.StateMachineUpdater (StateMachineUpdater.java:stopAndJoin(125)) - ed9e8526-460d-4c85-81a4-c6a64f474ec5@group-F0F0CF8417AF-StateMachineUpdater: set stopIndex = 0
2019-09-25 12:10:50,997 [ForkJoinPool.commonPool-worker-1] INFO  impl.RoleInfo (RoleInfo.java:shutdownLeaderState(104)) - 672ef084-74ba-47a7-a215-7b0464967c29: shutdown LeaderState
2019-09-25 12:10:50,998 [main] INFO  impl.RaftServerImpl (ServerState.java:close(385)) - ed9e8526-460d-4c85-81a4-c6a64f474ec5@group-F0F0CF8417AF: closes. applyIndex: 0
2019-09-25 12:10:50,998 [ForkJoinPool.commonPool-worker-1] INFO  impl.PendingRequests (PendingRequests.java:sendNotLeaderResponses(202)) - 672ef084-74ba-47a7-a215-7b0464967c29-PendingRequests: sendNotLeaderResponses
2019-09-25 12:10:50,999 [ForkJoinPool.commonPool-worker-1] INFO  impl.StateMachineUpdater (StateMachineUpdater.java:stopAndJoin(125)) - 672ef084-74ba-47a7-a215-7b0464967c29@group-0142EA358AFE-StateMachineUpdater: set stopIndex = 0
2019-09-25 12:10:50,999 [ed9e8526-460d-4c85-81a4-c6a64f474ec5@group-F0F0CF8417AF-SegmentedRaftLogWorker] INFO  segmented.SegmentedRaftLogWorker (SegmentedRaftLogWorker.java:run(313)) - ed9e8526-460d-4c85-81a4-c6a64f474ec5@group-F0F0CF8417AF-SegmentedRaftLogWorker was interrupted, exiting. There are 0 tasks remaining in the queue.
2019-09-25 12:10:50,999 [ForkJoinPool.commonPool-worker-1] INFO  impl.RaftServerImpl (ServerState.java:close(385)) - 672ef084-74ba-47a7-a215-7b0464967c29@group-0142EA358AFE: closes. applyIndex: 0
2019-09-25 12:10:50,999 [main] INFO  segmented.SegmentedRaftLogWorker (SegmentedRaftLogWorker.java:close(228)) - ed9e8526-460d-4c85-81a4-c6a64f474ec5@group-F0F0CF8417AF-SegmentedRaftLogWorker close()
2019-09-25 12:10:51,000 [672ef084-74ba-47a7-a215-7b0464967c29@group-0142EA358AFE-SegmentedRaftLogWorker] INFO  segmented.SegmentedRaftLogWorker (SegmentedRaftLogWorker.java:run(313)) - 672ef084-74ba-47a7-a215-7b0464967c29@group-0142EA358AFE-SegmentedRaftLogWorker was interrupted, exiting. There are 0 tasks remaining in the queue.
2019-09-25 12:10:51,002 [main] INFO  server.GrpcService (GrpcService.java:closeImpl(164)) - ed9e8526-460d-4c85-81a4-c6a64f474ec5: shutdown server with port 34002 now
2019-09-25 12:10:51,002 [ForkJoinPool.commonPool-worker-1] INFO  segmented.SegmentedRaftLogWorker (SegmentedRaftLogWorker.java:close(228)) - 672ef084-74ba-47a7-a215-7b0464967c29@group-0142EA358AFE-SegmentedRaftLogWorker close()
2019-09-25 12:10:51,005 [main] INFO  server.GrpcService (GrpcService.java:closeImpl(172)) - ed9e8526-460d-4c85-81a4-c6a64f474ec5: shutdown server with port 34002 successfully
2019-09-25 12:10:51,008 [ForkJoinPool.commonPool-worker-1] INFO  server.GrpcService (GrpcService.java:closeImpl(164)) - 672ef084-74ba-47a7-a215-7b0464967c29: shutdown server with port 46323 now
2019-09-25 12:10:51,011 [ForkJoinPool.commonPool-worker-1] INFO  server.GrpcService (GrpcService.java:closeImpl(172)) - 672ef084-74ba-47a7-a215-7b0464967c29: shutdown server with port 46323 successfully
2019-09-25 12:10:51,013 [refreshUsed-/workdir/hadoop-ozone/integration-test/target/test-dir/MiniOzoneClusterImpl-7d9c4453-492c-478b-a0e0-2871dbe18f6e/datanode-2/data/containers] WARN  fs.CachingGetSpaceUsed (CachingGetSpaceUsed.java:run(183)) - Thread Interrupted waiting to refresh disk information: sleep interrupted
2019-09-25 12:10:51,014 [refreshUsed-/workdir/hadoop-ozone/integration-test/target/test-dir/MiniOzoneClusterImpl-7d9c4453-492c-478b-a0e0-2871dbe18f6e/datanode-3/data/containers] WARN  fs.CachingGetSpaceUsed (CachingGetSpaceUsed.java:run(183)) - Thread Interrupted waiting to refresh disk information: sleep interrupted
2019-09-25 12:10:51,036 [ForkJoinPool.commonPool-worker-1] INFO  utils.BackgroundService (BackgroundService.java:shutdown(148)) - Shutting down service BlockDeletingService
2019-09-25 12:10:51,036 [main] INFO  utils.BackgroundService (BackgroundService.java:shutdown(148)) - Shutting down service BlockDeletingService
2019-09-25 12:10:51,041 [ForkJoinPool.commonPool-worker-1] INFO  statemachine.DatanodeStateMachine (DatanodeStateMachine.java:stopDaemon(395)) - Ozone container server stopped.
2019-09-25 12:10:51,043 [main] INFO  statemachine.DatanodeStateMachine (DatanodeStateMachine.java:stopDaemon(395)) - Ozone container server stopped.
2019-09-25 12:10:51,048 [ForkJoinPool.commonPool-worker-1] INFO  handler.ContextHandler (ContextHandler.java:doStop(910)) - Stopped o.e.j.w.WebAppContext@14fded9d{/,null,UNAVAILABLE}{/hddsDatanode}
2019-09-25 12:10:51,048 [main] INFO  handler.ContextHandler (ContextHandler.java:doStop(910)) - Stopped o.e.j.w.WebAppContext@d5bb1c4{/,null,UNAVAILABLE}{/hddsDatanode}
2019-09-25 12:10:51,048 [ForkJoinPool.commonPool-worker-1] INFO  server.AbstractConnector (AbstractConnector.java:doStop(318)) - Stopped ServerConnector@bc6288b{HTTP/1.1,[http/1.1]}{0.0.0.0:0}
2019-09-25 12:10:51,050 [ForkJoinPool.commonPool-worker-1] INFO  handler.ContextHandler (ContextHandler.java:doStop(910)) - Stopped o.e.j.s.ServletContextHandler@76e9f00b{/static,jar:file:/home/user/.m2/repository/org/apache/hadoop/hadoop-hdds-container-service/0.5.0-SNAPSHOT/hadoop-hdds-container-service-0.5.0-SNAPSHOT.jar!/webapps/static,UNAVAILABLE}
2019-09-25 12:10:51,050 [main] INFO  server.AbstractConnector (AbstractConnector.java:doStop(318)) - Stopped ServerConnector@7ed3df3b{HTTP/1.1,[http/1.1]}{0.0.0.0:0}
2019-09-25 12:10:51,052 [ForkJoinPool.commonPool-worker-1] INFO  handler.ContextHandler (ContextHandler.java:doStop(910)) - Stopped o.e.j.s.ServletContextHandler@43d3aba5{/logs,file:///workdir/hadoop-ozone/integration-test/target/log,UNAVAILABLE}
2019-09-25 12:10:51,052 [main] INFO  handler.ContextHandler (ContextHandler.java:doStop(910)) - Stopped o.e.j.s.ServletContextHandler@f5cf29b{/static,jar:file:/home/user/.m2/repository/org/apache/hadoop/hadoop-hdds-container-service/0.5.0-SNAPSHOT/hadoop-hdds-container-service-0.5.0-SNAPSHOT.jar!/webapps/static,UNAVAILABLE}
2019-09-25 12:10:51,053 [main] INFO  handler.ContextHandler (ContextHandler.java:doStop(910)) - Stopped o.e.j.s.ServletContextHandler@3e36b7a0{/logs,file:///workdir/hadoop-ozone/integration-test/target/log,UNAVAILABLE}
2019-09-25 12:10:51,405 [Datanode State Machine Thread - 0] INFO  statemachine.DatanodeStateMachine (DatanodeStateMachine.java:lambda$startDaemon$0(350)) - Ozone container server started.
2019-09-25 12:10:52,021 [Datanode State Machine Thread - 0] INFO  statemachine.DatanodeStateMachine (DatanodeStateMachine.java:lambda$startDaemon$0(350)) - Ozone container server started.
2019-09-25 12:10:56,054 [ForkJoinPool.commonPool-worker-1] INFO  ozoneimpl.OzoneContainer (OzoneContainer.java:stop(231)) - Attempting to stop container services.
2019-09-25 12:10:56,055 [main] INFO  ozoneimpl.OzoneContainer (OzoneContainer.java:stop(231)) - Attempting to stop container services.
2019-09-25 12:10:56,055 [ForkJoinPool.commonPool-worker-1] INFO  impl.RaftServerProxy (RaftServerProxy.java:lambda$close$4(314)) - 06c06a68-4e48-447d-bb45-a3dc0e88cff1: close
2019-09-25 12:10:56,055 [main] INFO  impl.RaftServerProxy (RaftServerProxy.java:lambda$close$4(314)) - df786a85-25e2-42b5-b190-b73745044b82: close
2019-09-25 12:10:56,055 [ForkJoinPool.commonPool-worker-1] INFO  impl.RaftServerImpl (RaftServerImpl.java:lambda$shutdown$3(251)) - 06c06a68-4e48-447d-bb45-a3dc0e88cff1@group-DB4B7E81A29F: shutdown
2019-09-25 12:10:56,056 [main] INFO  impl.RaftServerImpl (RaftServerImpl.java:lambda$shutdown$3(251)) - df786a85-25e2-42b5-b190-b73745044b82@group-F5C426F56B2B: shutdown
2019-09-25 12:10:56,056 [ForkJoinPool.commonPool-worker-1] INFO  util.JmxRegister (JmxRegister.java:unregister(73)) - Successfully un-registered JMX Bean with object name Ratis:service=RaftServer,group=group-DB4B7E81A29F,id=06c06a68-4e48-447d-bb45-a3dc0e88cff1
2019-09-25 12:10:56,056 [main] INFO  util.JmxRegister (JmxRegister.java:unregister(73)) - Successfully un-registered JMX Bean with object name Ratis:service=RaftServer,group=group-F5C426F56B2B,id=df786a85-25e2-42b5-b190-b73745044b82
2019-09-25 12:10:56,057 [ForkJoinPool.commonPool-worker-1] INFO  impl.RoleInfo (RoleInfo.java:shutdownLeaderState(104)) - 06c06a68-4e48-447d-bb45-a3dc0e88cff1: shutdown LeaderState
2019-09-25 12:10:56,057 [main] INFO  impl.RoleInfo (RoleInfo.java:shutdownLeaderState(104)) - df786a85-25e2-42b5-b190-b73745044b82: shutdown LeaderState
2019-09-25 12:10:56,057 [ForkJoinPool.commonPool-worker-1] INFO  impl.PendingRequests (PendingRequests.java:sendNotLeaderResponses(202)) - 06c06a68-4e48-447d-bb45-a3dc0e88cff1-PendingRequests: sendNotLeaderResponses
2019-09-25 12:10:56,058 [main] INFO  impl.PendingRequests (PendingRequests.java:sendNotLeaderResponses(202)) - df786a85-25e2-42b5-b190-b73745044b82-PendingRequests: sendNotLeaderResponses
2019-09-25 12:10:56,058 [ForkJoinPool.commonPool-worker-1] INFO  impl.StateMachineUpdater (StateMachineUpdater.java:stopAndJoin(125)) - 06c06a68-4e48-447d-bb45-a3dc0e88cff1@group-DB4B7E81A29F-StateMachineUpdater: set stopIndex = 0
2019-09-25 12:10:56,059 [main] INFO  impl.StateMachineUpdater (StateMachineUpdater.java:stopAndJoin(125)) - df786a85-25e2-42b5-b190-b73745044b82@group-F5C426F56B2B-StateMachineUpdater: set stopIndex = 0
2019-09-25 12:10:56,059 [ForkJoinPool.commonPool-worker-1] INFO  impl.RaftServerImpl (ServerState.java:close(385)) - 06c06a68-4e48-447d-bb45-a3dc0e88cff1@group-DB4B7E81A29F: closes. applyIndex: 0
2019-09-25 12:10:56,060 [main] INFO  impl.RaftServerImpl (ServerState.java:close(385)) - df786a85-25e2-42b5-b190-b73745044b82@group-F5C426F56B2B: closes. applyIndex: 0
2019-09-25 12:10:56,060 [06c06a68-4e48-447d-bb45-a3dc0e88cff1@group-DB4B7E81A29F-SegmentedRaftLogWorker] INFO  segmented.SegmentedRaftLogWorker (SegmentedRaftLogWorker.java:run(313)) - 06c06a68-4e48-447d-bb45-a3dc0e88cff1@group-DB4B7E81A29F-SegmentedRaftLogWorker was interrupted, exiting. There are 0 tasks remaining in the queue.
2019-09-25 12:10:56,061 [df786a85-25e2-42b5-b190-b73745044b82@group-F5C426F56B2B-SegmentedRaftLogWorker] INFO  segmented.SegmentedRaftLogWorker (SegmentedRaftLogWorker.java:run(313)) - df786a85-25e2-42b5-b190-b73745044b82@group-F5C426F56B2B-SegmentedRaftLogWorker was interrupted, exiting. There are 0 tasks remaining in the queue.
2019-09-25 12:10:56,061 [ForkJoinPool.commonPool-worker-1] INFO  segmented.SegmentedRaftLogWorker (SegmentedRaftLogWorker.java:close(228)) - 06c06a68-4e48-447d-bb45-a3dc0e88cff1@group-DB4B7E81A29F-SegmentedRaftLogWorker close()
2019-09-25 12:10:56,061 [main] INFO  segmented.SegmentedRaftLogWorker (SegmentedRaftLogWorker.java:close(228)) - df786a85-25e2-42b5-b190-b73745044b82@group-F5C426F56B2B-SegmentedRaftLogWorker close()
2019-09-25 12:10:56,064 [ForkJoinPool.commonPool-worker-1] INFO  impl.RaftServerImpl (RaftServerImpl.java:lambda$shutdown$3(251)) - 06c06a68-4e48-447d-bb45-a3dc0e88cff1@group-B3FCE94EBA28: shutdown
2019-09-25 12:10:56,067 [main] INFO  impl.RaftServerImpl (RaftServerImpl.java:lambda$shutdown$3(251)) - df786a85-25e2-42b5-b190-b73745044b82@group-C46FA42B5D58: shutdown
2019-09-25 12:10:56,067 [ForkJoinPool.commonPool-worker-1] INFO  util.JmxRegister (JmxRegister.java:unregister(73)) - Successfully un-registered JMX Bean with object name Ratis:service=RaftServer,group=group-B3FCE94EBA28,id=06c06a68-4e48-447d-bb45-a3dc0e88cff1
2019-09-25 12:10:56,067 [main] INFO  util.JmxRegister (JmxRegister.java:unregister(73)) - Successfully un-registered JMX Bean with object name Ratis:service=RaftServer,group=group-C46FA42B5D58,id=df786a85-25e2-42b5-b190-b73745044b82
2019-09-25 12:10:56,068 [main] INFO  impl.RoleInfo (RoleInfo.java:shutdownLeaderState(104)) - df786a85-25e2-42b5-b190-b73745044b82: shutdown LeaderState
2019-09-25 12:10:56,068 [ForkJoinPool.commonPool-worker-1] INFO  impl.RoleInfo (RoleInfo.java:shutdownLeaderState(104)) - 06c06a68-4e48-447d-bb45-a3dc0e88cff1: shutdown LeaderState
2019-09-25 12:10:56,069 [main] INFO  impl.PendingRequests (PendingRequests.java:sendNotLeaderResponses(202)) - df786a85-25e2-42b5-b190-b73745044b82-PendingRequests: sendNotLeaderResponses
2019-09-25 12:10:56,069 [ForkJoinPool.commonPool-worker-1] INFO  impl.PendingRequests (PendingRequests.java:sendNotLeaderResponses(202)) - 06c06a68-4e48-447d-bb45-a3dc0e88cff1-PendingRequests: sendNotLeaderResponses
2019-09-25 12:10:56,069 [main] INFO  impl.StateMachineUpdater (StateMachineUpdater.java:stopAndJoin(125)) - df786a85-25e2-42b5-b190-b73745044b82@group-C46FA42B5D58-StateMachineUpdater: set stopIndex = 0
2019-09-25 12:10:56,070 [ForkJoinPool.commonPool-worker-1] INFO  impl.StateMachineUpdater (StateMachineUpdater.java:stopAndJoin(125)) - 06c06a68-4e48-447d-bb45-a3dc0e88cff1@group-B3FCE94EBA28-StateMachineUpdater: set stopIndex = 0
2019-09-25 12:10:56,070 [main] INFO  impl.RaftServerImpl (ServerState.java:close(385)) - df786a85-25e2-42b5-b190-b73745044b82@group-C46FA42B5D58: closes. applyIndex: 0
2019-09-25 12:10:56,070 [ForkJoinPool.commonPool-worker-1] INFO  impl.RaftServerImpl (ServerState.java:close(385)) - 06c06a68-4e48-447d-bb45-a3dc0e88cff1@group-B3FCE94EBA28: closes. applyIndex: 0
2019-09-25 12:10:56,071 [df786a85-25e2-42b5-b190-b73745044b82@group-C46FA42B5D58-SegmentedRaftLogWorker] INFO  segmented.SegmentedRaftLogWorker (SegmentedRaftLogWorker.java:run(313)) - df786a85-25e2-42b5-b190-b73745044b82@group-C46FA42B5D58-SegmentedRaftLogWorker was interrupted, exiting. There are 0 tasks remaining in the queue.
2019-09-25 12:10:56,071 [06c06a68-4e48-447d-bb45-a3dc0e88cff1@group-B3FCE94EBA28-SegmentedRaftLogWorker] INFO  segmented.SegmentedRaftLogWorker (SegmentedRaftLogWorker.java:run(313)) - 06c06a68-4e48-447d-bb45-a3dc0e88cff1@group-B3FCE94EBA28-SegmentedRaftLogWorker was interrupted, exiting. There are 0 tasks remaining in the queue.
2019-09-25 12:10:56,071 [main] INFO  segmented.SegmentedRaftLogWorker (SegmentedRaftLogWorker.java:close(228)) - df786a85-25e2-42b5-b190-b73745044b82@group-C46FA42B5D58-SegmentedRaftLogWorker close()
2019-09-25 12:10:56,072 [ForkJoinPool.commonPool-worker-1] INFO  segmented.SegmentedRaftLogWorker (SegmentedRaftLogWorker.java:close(228)) - 06c06a68-4e48-447d-bb45-a3dc0e88cff1@group-B3FCE94EBA28-SegmentedRaftLogWorker close()
2019-09-25 12:10:56,074 [main] INFO  impl.RaftServerImpl (RaftServerImpl.java:lambda$shutdown$3(251)) - df786a85-25e2-42b5-b190-b73745044b82@group-620A6D52D7B5: shutdown
2019-09-25 12:10:56,076 [ForkJoinPool.commonPool-worker-1] INFO  impl.RaftServerImpl (RaftServerImpl.java:lambda$shutdown$3(251)) - 06c06a68-4e48-447d-bb45-a3dc0e88cff1@group-5058360C8EF9: shutdown
2019-09-25 12:10:56,076 [main] INFO  util.JmxRegister (JmxRegister.java:unregister(73)) - Successfully un-registered JMX Bean with object name Ratis:service=RaftServer,group=group-620A6D52D7B5,id=df786a85-25e2-42b5-b190-b73745044b82
2019-09-25 12:10:56,077 [ForkJoinPool.commonPool-worker-1] INFO  util.JmxRegister (JmxRegister.java:unregister(73)) - Successfully un-registered JMX Bean with object name Ratis:service=RaftServer,group=group-5058360C8EF9,id=06c06a68-4e48-447d-bb45-a3dc0e88cff1
2019-09-25 12:10:56,077 [main] INFO  impl.RoleInfo (RoleInfo.java:shutdownLeaderState(104)) - df786a85-25e2-42b5-b190-b73745044b82: shutdown LeaderState
2019-09-25 12:10:56,077 [ForkJoinPool.commonPool-worker-1] INFO  impl.RoleInfo (RoleInfo.java:shutdownLeaderState(104)) - 06c06a68-4e48-447d-bb45-a3dc0e88cff1: shutdown LeaderState
2019-09-25 12:10:56,078 [main] INFO  impl.PendingRequests (PendingRequests.java:sendNotLeaderResponses(202)) - df786a85-25e2-42b5-b190-b73745044b82-PendingRequests: sendNotLeaderResponses
2019-09-25 12:10:56,078 [ForkJoinPool.commonPool-worker-1] INFO  impl.PendingRequests (PendingRequests.java:sendNotLeaderResponses(202)) - 06c06a68-4e48-447d-bb45-a3dc0e88cff1-PendingRequests: sendNotLeaderResponses
2019-09-25 12:10:56,078 [main] INFO  impl.StateMachineUpdater (StateMachineUpdater.java:stopAndJoin(125)) - df786a85-25e2-42b5-b190-b73745044b82@group-620A6D52D7B5-StateMachineUpdater: set stopIndex = 0
2019-09-25 12:10:56,079 [ForkJoinPool.commonPool-worker-1] INFO  impl.StateMachineUpdater (StateMachineUpdater.java:stopAndJoin(125)) - 06c06a68-4e48-447d-bb45-a3dc0e88cff1@group-5058360C8EF9-StateMachineUpdater: set stopIndex = 0
2019-09-25 12:10:56,079 [main] INFO  impl.RaftServerImpl (ServerState.java:close(385)) - df786a85-25e2-42b5-b190-b73745044b82@group-620A6D52D7B5: closes. applyIndex: 0
2019-09-25 12:10:56,079 [ForkJoinPool.commonPool-worker-1] INFO  impl.RaftServerImpl (ServerState.java:close(385)) - 06c06a68-4e48-447d-bb45-a3dc0e88cff1@group-5058360C8EF9: closes. applyIndex: 0
2019-09-25 12:10:56,080 [df786a85-25e2-42b5-b190-b73745044b82@group-620A6D52D7B5-SegmentedRaftLogWorker] INFO  segmented.SegmentedRaftLogWorker (SegmentedRaftLogWorker.java:run(313)) - df786a85-25e2-42b5-b190-b73745044b82@group-620A6D52D7B5-SegmentedRaftLogWorker was interrupted, exiting. There are 0 tasks remaining in the queue.
2019-09-25 12:10:56,080 [06c06a68-4e48-447d-bb45-a3dc0e88cff1@group-5058360C8EF9-SegmentedRaftLogWorker] INFO  segmented.SegmentedRaftLogWorker (SegmentedRaftLogWorker.java:run(313)) - 06c06a68-4e48-447d-bb45-a3dc0e88cff1@group-5058360C8EF9-SegmentedRaftLogWorker was interrupted, exiting. There are 0 tasks remaining in the queue.
2019-09-25 12:10:56,082 [main] INFO  segmented.SegmentedRaftLogWorker (SegmentedRaftLogWorker.java:close(228)) - df786a85-25e2-42b5-b190-b73745044b82@group-620A6D52D7B5-SegmentedRaftLogWorker close()
2019-09-25 12:10:56,082 [ForkJoinPool.commonPool-worker-1] INFO  segmented.SegmentedRaftLogWorker (SegmentedRaftLogWorker.java:close(228)) - 06c06a68-4e48-447d-bb45-a3dc0e88cff1@group-5058360C8EF9-SegmentedRaftLogWorker close()
2019-09-25 12:10:56,084 [main] INFO  impl.RaftServerImpl (RaftServerImpl.java:lambda$shutdown$3(251)) - df786a85-25e2-42b5-b190-b73745044b82@group-4499D858D06B: shutdown
2019-09-25 12:10:56,086 [ForkJoinPool.commonPool-worker-1] INFO  impl.RaftServerImpl (RaftServerImpl.java:lambda$shutdown$3(251)) - 06c06a68-4e48-447d-bb45-a3dc0e88cff1@group-8E10A34249DB: shutdown
2019-09-25 12:10:56,087 [main] INFO  util.JmxRegister (JmxRegister.java:unregister(73)) - Successfully un-registered JMX Bean with object name Ratis:service=RaftServer,group=group-4499D858D06B,id=df786a85-25e2-42b5-b190-b73745044b82
2019-09-25 12:10:56,087 [ForkJoinPool.commonPool-worker-1] INFO  util.JmxRegister (JmxRegister.java:unregister(73)) - Successfully un-registered JMX Bean with object name Ratis:service=RaftServer,group=group-8E10A34249DB,id=06c06a68-4e48-447d-bb45-a3dc0e88cff1
2019-09-25 12:10:56,088 [ForkJoinPool.commonPool-worker-1] INFO  impl.RoleInfo (RoleInfo.java:shutdownLeaderState(104)) - 06c06a68-4e48-447d-bb45-a3dc0e88cff1: shutdown LeaderState
2019-09-25 12:10:56,087 [main] INFO  impl.RoleInfo (RoleInfo.java:shutdownLeaderState(104)) - df786a85-25e2-42b5-b190-b73745044b82: shutdown LeaderState
2019-09-25 12:10:56,088 [ForkJoinPool.commonPool-worker-1] INFO  impl.PendingRequests (PendingRequests.java:sendNotLeaderResponses(202)) - 06c06a68-4e48-447d-bb45-a3dc0e88cff1-PendingRequests: sendNotLeaderResponses
2019-09-25 12:10:56,088 [main] INFO  impl.PendingRequests (PendingRequests.java:sendNotLeaderResponses(202)) - df786a85-25e2-42b5-b190-b73745044b82-PendingRequests: sendNotLeaderResponses
2019-09-25 12:10:56,089 [ForkJoinPool.commonPool-worker-1] INFO  impl.StateMachineUpdater (StateMachineUpdater.java:stopAndJoin(125)) - 06c06a68-4e48-447d-bb45-a3dc0e88cff1@group-8E10A34249DB-StateMachineUpdater: set stopIndex = 0
2019-09-25 12:10:56,089 [main] INFO  impl.StateMachineUpdater (StateMachineUpdater.java:stopAndJoin(125)) - df786a85-25e2-42b5-b190-b73745044b82@group-4499D858D06B-StateMachineUpdater: set stopIndex = 0
2019-09-25 12:10:56,090 [main] INFO  impl.RaftServerImpl (ServerState.java:close(385)) - df786a85-25e2-42b5-b190-b73745044b82@group-4499D858D06B: closes. applyIndex: 0
2019-09-25 12:10:56,089 [ForkJoinPool.commonPool-worker-1] INFO  impl.RaftServerImpl (ServerState.java:close(385)) - 06c06a68-4e48-447d-bb45-a3dc0e88cff1@group-8E10A34249DB: closes. applyIndex: 0
2019-09-25 12:10:56,090 [df786a85-25e2-42b5-b190-b73745044b82@group-4499D858D06B-SegmentedRaftLogWorker] INFO  segmented.SegmentedRaftLogWorker (SegmentedRaftLogWorker.java:run(313)) - df786a85-25e2-42b5-b190-b73745044b82@group-4499D858D06B-SegmentedRaftLogWorker was interrupted, exiting. There are 0 tasks remaining in the queue.
2019-09-25 12:10:56,090 [06c06a68-4e48-447d-bb45-a3dc0e88cff1@group-8E10A34249DB-SegmentedRaftLogWorker] INFO  segmented.SegmentedRaftLogWorker (SegmentedRaftLogWorker.java:run(313)) - 06c06a68-4e48-447d-bb45-a3dc0e88cff1@group-8E10A34249DB-SegmentedRaftLogWorker was interrupted, exiting. There are 0 tasks remaining in the queue.
2019-09-25 12:10:56,090 [main] INFO  segmented.SegmentedRaftLogWorker (SegmentedRaftLogWorker.java:close(228)) - df786a85-25e2-42b5-b190-b73745044b82@group-4499D858D06B-SegmentedRaftLogWorker close()
2019-09-25 12:10:56,091 [ForkJoinPool.commonPool-worker-1] INFO  segmented.SegmentedRaftLogWorker (SegmentedRaftLogWorker.java:close(228)) - 06c06a68-4e48-447d-bb45-a3dc0e88cff1@group-8E10A34249DB-SegmentedRaftLogWorker close()
2019-09-25 12:10:56,093 [main] INFO  impl.RaftServerImpl (RaftServerImpl.java:lambda$shutdown$3(251)) - df786a85-25e2-42b5-b190-b73745044b82@group-B545924C6F21: shutdown
2019-09-25 12:10:56,102 [ForkJoinPool.commonPool-worker-1] INFO  impl.RaftServerImpl (RaftServerImpl.java:lambda$shutdown$3(251)) - 06c06a68-4e48-447d-bb45-a3dc0e88cff1@group-791D28C25CCC: shutdown
2019-09-25 12:10:56,102 [main] INFO  util.JmxRegister (JmxRegister.java:unregister(73)) - Successfully un-registered JMX Bean with object name Ratis:service=RaftServer,group=group-B545924C6F21,id=df786a85-25e2-42b5-b190-b73745044b82
2019-09-25 12:10:56,102 [ForkJoinPool.commonPool-worker-1] INFO  util.JmxRegister (JmxRegister.java:unregister(73)) - Successfully un-registered JMX Bean with object name Ratis:service=RaftServer,group=group-791D28C25CCC,id=06c06a68-4e48-447d-bb45-a3dc0e88cff1
2019-09-25 12:10:56,103 [main] INFO  impl.RoleInfo (RoleInfo.java:shutdownLeaderState(104)) - df786a85-25e2-42b5-b190-b73745044b82: shutdown LeaderState
2019-09-25 12:10:56,103 [ForkJoinPool.commonPool-worker-1] INFO  impl.RoleInfo (RoleInfo.java:shutdownLeaderState(104)) - 06c06a68-4e48-447d-bb45-a3dc0e88cff1: shutdown LeaderState
2019-09-25 12:10:56,103 [main] INFO  impl.PendingRequests (PendingRequests.java:sendNotLeaderResponses(202)) - df786a85-25e2-42b5-b190-b73745044b82-PendingRequests: sendNotLeaderResponses
2019-09-25 12:10:56,104 [ForkJoinPool.commonPool-worker-1] INFO  impl.PendingRequests (PendingRequests.java:sendNotLeaderResponses(202)) - 06c06a68-4e48-447d-bb45-a3dc0e88cff1-PendingRequests: sendNotLeaderResponses
2019-09-25 12:10:56,104 [main] INFO  impl.StateMachineUpdater (StateMachineUpdater.java:stopAndJoin(125)) - df786a85-25e2-42b5-b190-b73745044b82@group-B545924C6F21-StateMachineUpdater: set stopIndex = 0
2019-09-25 12:10:56,105 [ForkJoinPool.commonPool-worker-1] INFO  impl.StateMachineUpdater (StateMachineUpdater.java:stopAndJoin(125)) - 06c06a68-4e48-447d-bb45-a3dc0e88cff1@group-791D28C25CCC-StateMachineUpdater: set stopIndex = 0
2019-09-25 12:10:56,105 [main] INFO  impl.RaftServerImpl (ServerState.java:close(385)) - df786a85-25e2-42b5-b190-b73745044b82@group-B545924C6F21: closes. applyIndex: 0
2019-09-25 12:10:56,105 [ForkJoinPool.commonPool-worker-1] INFO  impl.RaftServerImpl (ServerState.java:close(385)) - 06c06a68-4e48-447d-bb45-a3dc0e88cff1@group-791D28C25CCC: closes. applyIndex: 0
2019-09-25 12:10:56,106 [df786a85-25e2-42b5-b190-b73745044b82@group-B545924C6F21-SegmentedRaftLogWorker] INFO  segmented.SegmentedRaftLogWorker (SegmentedRaftLogWorker.java:run(313)) - df786a85-25e2-42b5-b190-b73745044b82@group-B545924C6F21-SegmentedRaftLogWorker was interrupted, exiting. There are 0 tasks remaining in the queue.
2019-09-25 12:10:56,106 [06c06a68-4e48-447d-bb45-a3dc0e88cff1@group-791D28C25CCC-SegmentedRaftLogWorker] INFO  segmented.SegmentedRaftLogWorker (SegmentedRaftLogWorker.java:run(313)) - 06c06a68-4e48-447d-bb45-a3dc0e88cff1@group-791D28C25CCC-SegmentedRaftLogWorker was interrupted, exiting. There are 0 tasks remaining in the queue.
2019-09-25 12:10:56,106 [main] INFO  segmented.SegmentedRaftLogWorker (SegmentedRaftLogWorker.java:close(228)) - df786a85-25e2-42b5-b190-b73745044b82@group-B545924C6F21-SegmentedRaftLogWorker close()
2019-09-25 12:10:56,107 [ForkJoinPool.commonPool-worker-1] INFO  segmented.SegmentedRaftLogWorker (SegmentedRaftLogWorker.java:close(228)) - 06c06a68-4e48-447d-bb45-a3dc0e88cff1@group-791D28C25CCC-SegmentedRaftLogWorker close()
2019-09-25 12:10:56,107 [main] INFO  impl.RaftServerImpl (RaftServerImpl.java:lambda$shutdown$3(251)) - df786a85-25e2-42b5-b190-b73745044b82@group-ED79F6DFF296: shutdown
2019-09-25 12:10:56,107 [ForkJoinPool.commonPool-worker-1] INFO  impl.RaftServerImpl (RaftServerImpl.java:lambda$shutdown$3(251)) - 06c06a68-4e48-447d-bb45-a3dc0e88cff1@group-7D04EA2C4A0F: shutdown
2019-09-25 12:10:56,108 [main] INFO  util.JmxRegister (JmxRegister.java:unregister(73)) - Successfully un-registered JMX Bean with object name Ratis:service=RaftServer,group=group-ED79F6DFF296,id=df786a85-25e2-42b5-b190-b73745044b82
2019-09-25 12:10:56,108 [main] INFO  impl.RoleInfo (RoleInfo.java:shutdownLeaderState(104)) - df786a85-25e2-42b5-b190-b73745044b82: shutdown LeaderState
2019-09-25 12:10:56,108 [ForkJoinPool.commonPool-worker-1] INFO  util.JmxRegister (JmxRegister.java:unregister(73)) - Successfully un-registered JMX Bean with object name Ratis:service=RaftServer,group=group-7D04EA2C4A0F,id=06c06a68-4e48-447d-bb45-a3dc0e88cff1
2019-09-25 12:10:56,109 [main] INFO  impl.PendingRequests (PendingRequests.java:sendNotLeaderResponses(202)) - df786a85-25e2-42b5-b190-b73745044b82-PendingRequests: sendNotLeaderResponses
2019-09-25 12:10:56,109 [ForkJoinPool.commonPool-worker-1] INFO  impl.RoleInfo (RoleInfo.java:shutdownLeaderState(104)) - 06c06a68-4e48-447d-bb45-a3dc0e88cff1: shutdown LeaderState
2019-09-25 12:10:56,109 [main] INFO  impl.StateMachineUpdater (StateMachineUpdater.java:stopAndJoin(125)) - df786a85-25e2-42b5-b190-b73745044b82@group-ED79F6DFF296-StateMachineUpdater: set stopIndex = 0
2019-09-25 12:10:56,110 [main] INFO  impl.RaftServerImpl (ServerState.java:close(385)) - df786a85-25e2-42b5-b190-b73745044b82@group-ED79F6DFF296: closes. applyIndex: 0
2019-09-25 12:10:56,110 [ForkJoinPool.commonPool-worker-1] INFO  impl.PendingRequests (PendingRequests.java:sendNotLeaderResponses(202)) - 06c06a68-4e48-447d-bb45-a3dc0e88cff1-PendingRequests: sendNotLeaderResponses
2019-09-25 12:10:56,111 [df786a85-25e2-42b5-b190-b73745044b82@group-ED79F6DFF296-SegmentedRaftLogWorker] INFO  segmented.SegmentedRaftLogWorker (SegmentedRaftLogWorker.java:run(313)) - df786a85-25e2-42b5-b190-b73745044b82@group-ED79F6DFF296-SegmentedRaftLogWorker was interrupted, exiting. There are 0 tasks remaining in the queue.
2019-09-25 12:10:56,111 [ForkJoinPool.commonPool-worker-1] INFO  impl.StateMachineUpdater (StateMachineUpdater.java:stopAndJoin(125)) - 06c06a68-4e48-447d-bb45-a3dc0e88cff1@group-7D04EA2C4A0F-StateMachineUpdater: set stopIndex = 0
2019-09-25 12:10:56,113 [main] INFO  segmented.SegmentedRaftLogWorker (SegmentedRaftLogWorker.java:close(228)) - df786a85-25e2-42b5-b190-b73745044b82@group-ED79F6DFF296-SegmentedRaftLogWorker close()
2019-09-25 12:10:56,113 [ForkJoinPool.commonPool-worker-1] INFO  impl.RaftServerImpl (ServerState.java:close(385)) - 06c06a68-4e48-447d-bb45-a3dc0e88cff1@group-7D04EA2C4A0F: closes. applyIndex: 0
2019-09-25 12:10:56,113 [main] INFO  server.GrpcService (GrpcService.java:closeImpl(164)) - df786a85-25e2-42b5-b190-b73745044b82: shutdown server with port 38744 now
2019-09-25 12:10:56,114 [06c06a68-4e48-447d-bb45-a3dc0e88cff1@group-7D04EA2C4A0F-SegmentedRaftLogWorker] INFO  segmented.SegmentedRaftLogWorker (SegmentedRaftLogWorker.java:run(313)) - 06c06a68-4e48-447d-bb45-a3dc0e88cff1@group-7D04EA2C4A0F-SegmentedRaftLogWorker was interrupted, exiting. There are 0 tasks remaining in the queue.
2019-09-25 12:10:56,116 [main] INFO  server.GrpcService (GrpcService.java:closeImpl(172)) - df786a85-25e2-42b5-b190-b73745044b82: shutdown server with port 38744 successfully
2019-09-25 12:10:56,116 [ForkJoinPool.commonPool-worker-1] INFO  segmented.SegmentedRaftLogWorker (SegmentedRaftLogWorker.java:close(228)) - 06c06a68-4e48-447d-bb45-a3dc0e88cff1@group-7D04EA2C4A0F-SegmentedRaftLogWorker close()
2019-09-25 12:10:56,116 [ForkJoinPool.commonPool-worker-1] INFO  server.GrpcService (GrpcService.java:closeImpl(164)) - 06c06a68-4e48-447d-bb45-a3dc0e88cff1: shutdown server with port 34720 now
2019-09-25 12:10:56,118 [ForkJoinPool.commonPool-worker-1] INFO  server.GrpcService (GrpcService.java:closeImpl(172)) - 06c06a68-4e48-447d-bb45-a3dc0e88cff1: shutdown server with port 34720 successfully
2019-09-25 12:10:56,119 [refreshUsed-/workdir/hadoop-ozone/integration-test/target/test-dir/MiniOzoneClusterImpl-7d9c4453-492c-478b-a0e0-2871dbe18f6e/datanode-6/data/containers] WARN  fs.CachingGetSpaceUsed (CachingGetSpaceUsed.java:run(183)) - Thread Interrupted waiting to refresh disk information: sleep interrupted
2019-09-25 12:10:56,133 [refreshUsed-/workdir/hadoop-ozone/integration-test/target/test-dir/MiniOzoneClusterImpl-7d9c4453-492c-478b-a0e0-2871dbe18f6e/datanode-0/data/containers] WARN  fs.CachingGetSpaceUsed (CachingGetSpaceUsed.java:run(183)) - Thread Interrupted waiting to refresh disk information: sleep interrupted
2019-09-25 12:10:56,143 [main] INFO  utils.BackgroundService (BackgroundService.java:shutdown(148)) - Shutting down service BlockDeletingService
2019-09-25 12:10:56,148 [main] INFO  statemachine.DatanodeStateMachine (DatanodeStateMachine.java:stopDaemon(395)) - Ozone container server stopped.
2019-09-25 12:10:56,149 [main] INFO  handler.ContextHandler (ContextHandler.java:doStop(910)) - Stopped o.e.j.w.WebAppContext@2db1b657{/,null,UNAVAILABLE}{/hddsDatanode}
2019-09-25 12:10:56,150 [main] INFO  server.AbstractConnector (AbstractConnector.java:doStop(318)) - Stopped ServerConnector@7e351d7{HTTP/1.1,[http/1.1]}{0.0.0.0:0}
2019-09-25 12:10:56,150 [main] INFO  handler.ContextHandler (ContextHandler.java:doStop(910)) - Stopped o.e.j.s.ServletContextHandler@7a3b7122{/static,jar:file:/home/user/.m2/repository/org/apache/hadoop/hadoop-hdds-container-service/0.5.0-SNAPSHOT/hadoop-hdds-container-service-0.5.0-SNAPSHOT.jar!/webapps/static,UNAVAILABLE}
2019-09-25 12:10:56,151 [main] INFO  handler.ContextHandler (ContextHandler.java:doStop(910)) - Stopped o.e.j.s.ServletContextHandler@49469ffa{/logs,file:///workdir/hadoop-ozone/integration-test/target/log,UNAVAILABLE}
2019-09-25 12:10:56,154 [ForkJoinPool.commonPool-worker-1] INFO  utils.BackgroundService (BackgroundService.java:shutdown(148)) - Shutting down service BlockDeletingService
2019-09-25 12:10:56,158 [ForkJoinPool.commonPool-worker-1] INFO  statemachine.DatanodeStateMachine (DatanodeStateMachine.java:stopDaemon(395)) - Ozone container server stopped.
2019-09-25 12:10:56,163 [ForkJoinPool.commonPool-worker-1] INFO  handler.ContextHandler (ContextHandler.java:doStop(910)) - Stopped o.e.j.w.WebAppContext@5034f5dd{/,null,UNAVAILABLE}{/hddsDatanode}
2019-09-25 12:10:56,163 [ForkJoinPool.commonPool-worker-1] INFO  server.AbstractConnector (AbstractConnector.java:doStop(318)) - Stopped ServerConnector@31b7d869{HTTP/1.1,[http/1.1]}{0.0.0.0:0}
2019-09-25 12:10:56,165 [ForkJoinPool.commonPool-worker-1] INFO  handler.ContextHandler (ContextHandler.java:doStop(910)) - Stopped o.e.j.s.ServletContextHandler@235d659c{/static,jar:file:/home/user/.m2/repository/org/apache/hadoop/hadoop-hdds-container-service/0.5.0-SNAPSHOT/hadoop-hdds-container-service-0.5.0-SNAPSHOT.jar!/webapps/static,UNAVAILABLE}
2019-09-25 12:10:56,166 [ForkJoinPool.commonPool-worker-1] INFO  handler.ContextHandler (ContextHandler.java:doStop(910)) - Stopped o.e.j.s.ServletContextHandler@58d6e55a{/logs,file:///workdir/hadoop-ozone/integration-test/target/log,UNAVAILABLE}
2019-09-25 12:10:56,354 [Datanode State Machine Thread - 0] INFO  statemachine.DatanodeStateMachine (DatanodeStateMachine.java:lambda$startDaemon$0(350)) - Ozone container server started.
2019-09-25 12:11:01,153 [main] INFO  ozoneimpl.OzoneContainer (OzoneContainer.java:stop(231)) - Attempting to stop container services.
2019-09-25 12:11:01,154 [main] INFO  impl.RaftServerProxy (RaftServerProxy.java:lambda$close$4(314)) - b0d03c9b-af36-4ed0-8381-e873bbd9be0f: close
2019-09-25 12:11:01,155 [main] INFO  impl.RaftServerImpl (RaftServerImpl.java:lambda$shutdown$3(251)) - b0d03c9b-af36-4ed0-8381-e873bbd9be0f@group-E5AD430D4944: shutdown
2019-09-25 12:11:01,155 [ForkJoinPool.commonPool-worker-0] INFO  impl.RaftServerImpl (RaftServerImpl.java:lambda$shutdown$3(251)) - b0d03c9b-af36-4ed0-8381-e873bbd9be0f@group-00545004E2EA: shutdown
2019-09-25 12:11:01,155 [main] INFO  util.JmxRegister (JmxRegister.java:unregister(73)) - Successfully un-registered JMX Bean with object name Ratis:service=RaftServer,group=group-E5AD430D4944,id=b0d03c9b-af36-4ed0-8381-e873bbd9be0f
2019-09-25 12:11:01,155 [ForkJoinPool.commonPool-worker-0] INFO  util.JmxRegister (JmxRegister.java:unregister(73)) - Successfully un-registered JMX Bean with object name Ratis:service=RaftServer,group=group-00545004E2EA,id=b0d03c9b-af36-4ed0-8381-e873bbd9be0f
2019-09-25 12:11:01,156 [main] INFO  impl.RoleInfo (RoleInfo.java:shutdownLeaderState(104)) - b0d03c9b-af36-4ed0-8381-e873bbd9be0f: shutdown LeaderState
2019-09-25 12:11:01,156 [ForkJoinPool.commonPool-worker-0] INFO  impl.RoleInfo (RoleInfo.java:shutdownLeaderState(104)) - b0d03c9b-af36-4ed0-8381-e873bbd9be0f: shutdown LeaderState
2019-09-25 12:11:01,157 [main] INFO  impl.PendingRequests (PendingRequests.java:sendNotLeaderResponses(202)) - b0d03c9b-af36-4ed0-8381-e873bbd9be0f-PendingRequests: sendNotLeaderResponses
2019-09-25 12:11:01,157 [ForkJoinPool.commonPool-worker-0] INFO  impl.PendingRequests (PendingRequests.java:sendNotLeaderResponses(202)) - b0d03c9b-af36-4ed0-8381-e873bbd9be0f-PendingRequests: sendNotLeaderResponses
2019-09-25 12:11:01,158 [main] INFO  impl.StateMachineUpdater (StateMachineUpdater.java:stopAndJoin(125)) - b0d03c9b-af36-4ed0-8381-e873bbd9be0f@group-E5AD430D4944-StateMachineUpdater: set stopIndex = 0
2019-09-25 12:11:01,158 [main] INFO  impl.RaftServerImpl (ServerState.java:close(385)) - b0d03c9b-af36-4ed0-8381-e873bbd9be0f@group-E5AD430D4944: closes. applyIndex: 0
2019-09-25 12:11:01,158 [ForkJoinPool.commonPool-worker-0] INFO  impl.StateMachineUpdater (StateMachineUpdater.java:stopAndJoin(125)) - b0d03c9b-af36-4ed0-8381-e873bbd9be0f@group-00545004E2EA-StateMachineUpdater: set stopIndex = 0
2019-09-25 12:11:01,159 [b0d03c9b-af36-4ed0-8381-e873bbd9be0f@group-E5AD430D4944-SegmentedRaftLogWorker] INFO  segmented.SegmentedRaftLogWorker (SegmentedRaftLogWorker.java:run(313)) - b0d03c9b-af36-4ed0-8381-e873bbd9be0f@group-E5AD430D4944-SegmentedRaftLogWorker was interrupted, exiting. There are 0 tasks remaining in the queue.
2019-09-25 12:11:01,159 [ForkJoinPool.commonPool-worker-0] INFO  impl.RaftServerImpl (ServerState.java:close(385)) - b0d03c9b-af36-4ed0-8381-e873bbd9be0f@group-00545004E2EA: closes. applyIndex: 0
2019-09-25 12:11:01,159 [main] INFO  segmented.SegmentedRaftLogWorker (SegmentedRaftLogWorker.java:close(228)) - b0d03c9b-af36-4ed0-8381-e873bbd9be0f@group-E5AD430D4944-SegmentedRaftLogWorker close()
2019-09-25 12:11:01,159 [b0d03c9b-af36-4ed0-8381-e873bbd9be0f@group-00545004E2EA-SegmentedRaftLogWorker] INFO  segmented.SegmentedRaftLogWorker (SegmentedRaftLogWorker.java:run(313)) - b0d03c9b-af36-4ed0-8381-e873bbd9be0f@group-00545004E2EA-SegmentedRaftLogWorker was interrupted, exiting. There are 0 tasks remaining in the queue.
2019-09-25 12:11:01,160 [main] INFO  impl.RaftServerImpl (RaftServerImpl.java:lambda$shutdown$3(251)) - b0d03c9b-af36-4ed0-8381-e873bbd9be0f@group-664FBE969A51: shutdown
2019-09-25 12:11:01,160 [ForkJoinPool.commonPool-worker-0] INFO  segmented.SegmentedRaftLogWorker (SegmentedRaftLogWorker.java:close(228)) - b0d03c9b-af36-4ed0-8381-e873bbd9be0f@group-00545004E2EA-SegmentedRaftLogWorker close()
2019-09-25 12:11:01,160 [main] INFO  util.JmxRegister (JmxRegister.java:unregister(73)) - Successfully un-registered JMX Bean with object name Ratis:service=RaftServer,group=group-664FBE969A51,id=b0d03c9b-af36-4ed0-8381-e873bbd9be0f
2019-09-25 12:11:01,161 [ForkJoinPool.commonPool-worker-0] INFO  impl.RaftServerImpl (RaftServerImpl.java:lambda$shutdown$3(251)) - b0d03c9b-af36-4ed0-8381-e873bbd9be0f@group-7178924212C3: shutdown
2019-09-25 12:11:01,167 [main] INFO  impl.RoleInfo (RoleInfo.java:shutdownLeaderState(104)) - b0d03c9b-af36-4ed0-8381-e873bbd9be0f: shutdown LeaderState
2019-09-25 12:11:01,167 [ForkJoinPool.commonPool-worker-0] INFO  util.JmxRegister (JmxRegister.java:unregister(73)) - Successfully un-registered JMX Bean with object name Ratis:service=RaftServer,group=group-7178924212C3,id=b0d03c9b-af36-4ed0-8381-e873bbd9be0f
2019-09-25 12:11:01,168 [main] INFO  impl.PendingRequests (PendingRequests.java:sendNotLeaderResponses(202)) - b0d03c9b-af36-4ed0-8381-e873bbd9be0f-PendingRequests: sendNotLeaderResponses
2019-09-25 12:11:01,168 [ForkJoinPool.commonPool-worker-0] INFO  impl.RoleInfo (RoleInfo.java:shutdownLeaderState(104)) - b0d03c9b-af36-4ed0-8381-e873bbd9be0f: shutdown LeaderState
2019-09-25 12:11:01,168 [main] INFO  impl.StateMachineUpdater (StateMachineUpdater.java:stopAndJoin(125)) - b0d03c9b-af36-4ed0-8381-e873bbd9be0f@group-664FBE969A51-StateMachineUpdater: set stopIndex = 0
2019-09-25 12:11:01,169 [main] INFO  impl.RaftServerImpl (ServerState.java:close(385)) - b0d03c9b-af36-4ed0-8381-e873bbd9be0f@group-664FBE969A51: closes. applyIndex: 0
2019-09-25 12:11:01,169 [ForkJoinPool.commonPool-worker-0] INFO  impl.PendingRequests (PendingRequests.java:sendNotLeaderResponses(202)) - b0d03c9b-af36-4ed0-8381-e873bbd9be0f-PendingRequests: sendNotLeaderResponses
2019-09-25 12:11:01,169 [b0d03c9b-af36-4ed0-8381-e873bbd9be0f@group-664FBE969A51-SegmentedRaftLogWorker] INFO  segmented.SegmentedRaftLogWorker (SegmentedRaftLogWorker.java:run(313)) - b0d03c9b-af36-4ed0-8381-e873bbd9be0f@group-664FBE969A51-SegmentedRaftLogWorker was interrupted, exiting. There are 0 tasks remaining in the queue.
2019-09-25 12:11:01,170 [ForkJoinPool.commonPool-worker-0] INFO  impl.StateMachineUpdater (StateMachineUpdater.java:stopAndJoin(125)) - b0d03c9b-af36-4ed0-8381-e873bbd9be0f@group-7178924212C3-StateMachineUpdater: set stopIndex = 0
2019-09-25 12:11:01,170 [main] INFO  segmented.SegmentedRaftLogWorker (SegmentedRaftLogWorker.java:close(228)) - b0d03c9b-af36-4ed0-8381-e873bbd9be0f@group-664FBE969A51-SegmentedRaftLogWorker close()
2019-09-25 12:11:01,170 [ForkJoinPool.commonPool-worker-0] INFO  impl.RaftServerImpl (ServerState.java:close(385)) - b0d03c9b-af36-4ed0-8381-e873bbd9be0f@group-7178924212C3: closes. applyIndex: 0
2019-09-25 12:11:01,171 [b0d03c9b-af36-4ed0-8381-e873bbd9be0f@group-7178924212C3-SegmentedRaftLogWorker] INFO  segmented.SegmentedRaftLogWorker (SegmentedRaftLogWorker.java:run(313)) - b0d03c9b-af36-4ed0-8381-e873bbd9be0f@group-7178924212C3-SegmentedRaftLogWorker was interrupted, exiting. There are 0 tasks remaining in the queue.
2019-09-25 12:11:01,171 [ForkJoinPool.commonPool-worker-0] INFO  segmented.SegmentedRaftLogWorker (SegmentedRaftLogWorker.java:close(228)) - b0d03c9b-af36-4ed0-8381-e873bbd9be0f@group-7178924212C3-SegmentedRaftLogWorker close()
2019-09-25 12:11:01,171 [ForkJoinPool.commonPool-worker-0] INFO  impl.RaftServerImpl (RaftServerImpl.java:lambda$shutdown$3(251)) - b0d03c9b-af36-4ed0-8381-e873bbd9be0f@group-ED14AB0E932B: shutdown
2019-09-25 12:11:01,171 [ForkJoinPool.commonPool-worker-0] INFO  util.JmxRegister (JmxRegister.java:unregister(73)) - Successfully un-registered JMX Bean with object name Ratis:service=RaftServer,group=group-ED14AB0E932B,id=b0d03c9b-af36-4ed0-8381-e873bbd9be0f
2019-09-25 12:11:01,172 [ForkJoinPool.commonPool-worker-0] INFO  impl.RoleInfo (RoleInfo.java:shutdownLeaderState(104)) - b0d03c9b-af36-4ed0-8381-e873bbd9be0f: shutdown LeaderState
2019-09-25 12:11:01,172 [ForkJoinPool.commonPool-worker-0] INFO  impl.PendingRequests (PendingRequests.java:sendNotLeaderResponses(202)) - b0d03c9b-af36-4ed0-8381-e873bbd9be0f-PendingRequests: sendNotLeaderResponses
2019-09-25 12:11:01,172 [ForkJoinPool.commonPool-worker-0] INFO  impl.StateMachineUpdater (StateMachineUpdater.java:stopAndJoin(125)) - b0d03c9b-af36-4ed0-8381-e873bbd9be0f@group-ED14AB0E932B-StateMachineUpdater: set stopIndex = 0
2019-09-25 12:11:01,172 [ForkJoinPool.commonPool-worker-0] INFO  impl.RaftServerImpl (ServerState.java:close(385)) - b0d03c9b-af36-4ed0-8381-e873bbd9be0f@group-ED14AB0E932B: closes. applyIndex: 0
2019-09-25 12:11:01,173 [b0d03c9b-af36-4ed0-8381-e873bbd9be0f@group-ED14AB0E932B-SegmentedRaftLogWorker] INFO  segmented.SegmentedRaftLogWorker (SegmentedRaftLogWorker.java:run(313)) - b0d03c9b-af36-4ed0-8381-e873bbd9be0f@group-ED14AB0E932B-SegmentedRaftLogWorker was interrupted, exiting. There are 0 tasks remaining in the queue.
2019-09-25 12:11:01,173 [ForkJoinPool.commonPool-worker-0] INFO  segmented.SegmentedRaftLogWorker (SegmentedRaftLogWorker.java:close(228)) - b0d03c9b-af36-4ed0-8381-e873bbd9be0f@group-ED14AB0E932B-SegmentedRaftLogWorker close()
2019-09-25 12:11:01,174 [ForkJoinPool.commonPool-worker-0] INFO  impl.RaftServerImpl (RaftServerImpl.java:lambda$shutdown$3(251)) - b0d03c9b-af36-4ed0-8381-e873bbd9be0f@group-C07D9AC652E0: shutdown
2019-09-25 12:11:01,174 [ForkJoinPool.commonPool-worker-0] INFO  util.JmxRegister (JmxRegister.java:unregister(73)) - Successfully un-registered JMX Bean with object name Ratis:service=RaftServer,group=group-C07D9AC652E0,id=b0d03c9b-af36-4ed0-8381-e873bbd9be0f
2019-09-25 12:11:01,174 [ForkJoinPool.commonPool-worker-0] INFO  impl.RoleInfo (RoleInfo.java:shutdownLeaderState(104)) - b0d03c9b-af36-4ed0-8381-e873bbd9be0f: shutdown LeaderState
2019-09-25 12:11:01,174 [ForkJoinPool.commonPool-worker-0] INFO  impl.PendingRequests (PendingRequests.java:sendNotLeaderResponses(202)) - b0d03c9b-af36-4ed0-8381-e873bbd9be0f-PendingRequests: sendNotLeaderResponses
2019-09-25 12:11:01,174 [ForkJoinPool.commonPool-worker-0] INFO  impl.StateMachineUpdater (StateMachineUpdater.java:stopAndJoin(125)) - b0d03c9b-af36-4ed0-8381-e873bbd9be0f@group-C07D9AC652E0-StateMachineUpdater: set stopIndex = 0
2019-09-25 12:11:01,175 [ForkJoinPool.commonPool-worker-0] INFO  impl.RaftServerImpl (ServerState.java:close(385)) - b0d03c9b-af36-4ed0-8381-e873bbd9be0f@group-C07D9AC652E0: closes. applyIndex: 0
2019-09-25 12:11:01,175 [b0d03c9b-af36-4ed0-8381-e873bbd9be0f@group-C07D9AC652E0-SegmentedRaftLogWorker] INFO  segmented.SegmentedRaftLogWorker (SegmentedRaftLogWorker.java:run(313)) - b0d03c9b-af36-4ed0-8381-e873bbd9be0f@group-C07D9AC652E0-SegmentedRaftLogWorker was interrupted, exiting. There are 0 tasks remaining in the queue.
2019-09-25 12:11:01,175 [ForkJoinPool.commonPool-worker-0] INFO  segmented.SegmentedRaftLogWorker (SegmentedRaftLogWorker.java:close(228)) - b0d03c9b-af36-4ed0-8381-e873bbd9be0f@group-C07D9AC652E0-SegmentedRaftLogWorker close()
2019-09-25 12:11:01,176 [main] INFO  server.GrpcService (GrpcService.java:closeImpl(164)) - b0d03c9b-af36-4ed0-8381-e873bbd9be0f: shutdown server with port 36577 now
2019-09-25 12:11:01,179 [main] INFO  server.GrpcService (GrpcService.java:closeImpl(172)) - b0d03c9b-af36-4ed0-8381-e873bbd9be0f: shutdown server with port 36577 successfully
2019-09-25 12:11:01,187 [refreshUsed-/workdir/hadoop-ozone/integration-test/target/test-dir/MiniOzoneClusterImpl-7d9c4453-492c-478b-a0e0-2871dbe18f6e/datanode-5/data/containers] WARN  fs.CachingGetSpaceUsed (CachingGetSpaceUsed.java:run(183)) - Thread Interrupted waiting to refresh disk information: sleep interrupted
2019-09-25 12:11:01,202 [main] INFO  utils.BackgroundService (BackgroundService.java:shutdown(148)) - Shutting down service BlockDeletingService
2019-09-25 12:11:01,206 [main] INFO  statemachine.DatanodeStateMachine (DatanodeStateMachine.java:stopDaemon(395)) - Ozone container server stopped.
2019-09-25 12:11:01,208 [main] INFO  handler.ContextHandler (ContextHandler.java:doStop(910)) - Stopped o.e.j.w.WebAppContext@4130955c{/,null,UNAVAILABLE}{/hddsDatanode}
2019-09-25 12:11:01,208 [main] INFO  server.AbstractConnector (AbstractConnector.java:doStop(318)) - Stopped ServerConnector@2bfaba70{HTTP/1.1,[http/1.1]}{0.0.0.0:0}
2019-09-25 12:11:01,209 [main] INFO  handler.ContextHandler (ContextHandler.java:doStop(910)) - Stopped o.e.j.s.ServletContextHandler@6d091cad{/static,jar:file:/home/user/.m2/repository/org/apache/hadoop/hadoop-hdds-container-service/0.5.0-SNAPSHOT/hadoop-hdds-container-service-0.5.0-SNAPSHOT.jar!/webapps/static,UNAVAILABLE}
2019-09-25 12:11:01,209 [main] INFO  handler.ContextHandler (ContextHandler.java:doStop(910)) - Stopped o.e.j.s.ServletContextHandler@2c9a6717{/logs,file:///workdir/hadoop-ozone/integration-test/target/log,UNAVAILABLE}
2019-09-25 12:11:01,210 [main] INFO  ozone.MiniOzoneClusterImpl (MiniOzoneClusterImpl.java:stopSCM(392)) - Stopping the StorageContainerManager
2019-09-25 12:11:01,210 [main] INFO  server.StorageContainerManager (StorageContainerManager.java:stop(808)) - Stopping Replication Manager Service.
2019-09-25 12:11:01,211 [main] INFO  container.ReplicationManager (ReplicationManager.java:stop(204)) - Stopping Replication Monitor Thread.
2019-09-25 12:11:01,211 [main] INFO  server.StorageContainerManager (StorageContainerManager.java:stop(815)) - Stopping Lease Manager of the command watchers
2019-09-25 12:11:01,211 [main] INFO  server.StorageContainerManager (StorageContainerManager.java:stop(822)) - Stopping datanode service RPC server
2019-09-25 12:11:01,211 [main] INFO  server.SCMDatanodeProtocolServer (SCMDatanodeProtocolServer.java:stop(367)) - Stopping the RPC server for DataNodes
2019-09-25 12:11:01,211 [main] INFO  ipc.Server (Server.java:stop(3082)) - Stopping server on 44687
2019-09-25 12:11:01,214 [IPC Server listener on 44687] INFO  ipc.Server (Server.java:run(1185)) - Stopping IPC Server listener on 44687
2019-09-25 12:11:01,215 [IPC Server Responder] INFO  ipc.Server (Server.java:run(1319)) - Stopping IPC Server Responder
2019-09-25 12:11:01,241 [SCM Heartbeat Processing Thread - 0] WARN  node.NodeStateManager (NodeStateManager.java:scheduleNextHealthCheck(655)) - Current Thread is interrupted, shutting down HB processing thread for Node Manager.
2019-09-25 12:11:01,241 [main] INFO  server.StorageContainerManager (StorageContainerManager.java:stop(830)) - Stopping block service RPC server
2019-09-25 12:11:01,241 [main] INFO  server.SCMBlockProtocolServer (SCMBlockProtocolServer.java:stop(155)) - Stopping the RPC server for Block Protocol
2019-09-25 12:11:01,241 [main] INFO  ipc.Server (Server.java:stop(3082)) - Stopping server on 38975
2019-09-25 12:11:01,244 [IPC Server listener on 38975] INFO  ipc.Server (Server.java:run(1185)) - Stopping IPC Server listener on 38975
2019-09-25 12:11:01,244 [main] INFO  server.StorageContainerManager (StorageContainerManager.java:stop(837)) - Stopping the StorageContainerLocationProtocol RPC server
2019-09-25 12:11:01,246 [main] INFO  server.SCMClientProtocolServer (SCMClientProtocolServer.java:stop(159)) - Stopping the RPC server for Client Protocol
2019-09-25 12:11:01,246 [IPC Server Responder] INFO  ipc.Server (Server.java:run(1319)) - Stopping IPC Server Responder
2019-09-25 12:11:01,246 [main] INFO  ipc.Server (Server.java:stop(3082)) - Stopping server on 45516
2019-09-25 12:11:01,249 [IPC Server listener on 45516] INFO  ipc.Server (Server.java:run(1185)) - Stopping IPC Server listener on 45516
2019-09-25 12:11:01,249 [IPC Server Responder] INFO  ipc.Server (Server.java:run(1319)) - Stopping IPC Server Responder
2019-09-25 12:11:01,249 [main] INFO  server.StorageContainerManager (StorageContainerManager.java:stop(844)) - Stopping Storage Container Manager HTTP server.
2019-09-25 12:11:01,252 [main] INFO  handler.ContextHandler (ContextHandler.java:doStop(910)) - Stopped o.e.j.w.WebAppContext@7165d530{/,null,UNAVAILABLE}{/scm}
2019-09-25 12:11:01,253 [main] INFO  server.AbstractConnector (AbstractConnector.java:doStop(318)) - Stopped ServerConnector@12f49ca8{HTTP/1.1,[http/1.1]}{0.0.0.0:0}
2019-09-25 12:11:01,253 [main] INFO  handler.ContextHandler (ContextHandler.java:doStop(910)) - Stopped o.e.j.s.ServletContextHandler@44d64d4e{/static,file:///workdir/hadoop-ozone/integration-test/target/test-classes/webapps/static,UNAVAILABLE}
2019-09-25 12:11:01,254 [main] INFO  handler.ContextHandler (ContextHandler.java:doStop(910)) - Stopped o.e.j.s.ServletContextHandler@c386958{/logs,file:///workdir/hadoop-ozone/integration-test/target/log,UNAVAILABLE}
2019-09-25 12:11:01,255 [main] INFO  server.StorageContainerManager (StorageContainerManager.java:stop(855)) - Stopping Block Manager Service.
2019-09-25 12:11:01,255 [main] INFO  utils.BackgroundService (BackgroundService.java:shutdown(148)) - Shutting down service SCMBlockDeletingService
2019-09-25 12:11:01,255 [main] INFO  utils.BackgroundService (BackgroundService.java:shutdown(148)) - Shutting down service SCMBlockDeletingService
2019-09-25 12:11:01,256 [main] INFO  server.StorageContainerManager (StorageContainerManager.java:stop(877)) - Stopping SCM Event Queue.
2019-09-25 12:11:01,260 [main] INFO  impl.MetricsSystemImpl (MetricsSystemImpl.java:stop(210)) - Stopping HddsDatanode metrics system...
2019-09-25 12:11:01,289 [main] INFO  impl.MetricsSystemImpl (MetricsSystemImpl.java:stop(216)) - HddsDatanode metrics system stopped.
]]></system-out>
  </testcase>
</testsuite>