<?xml version="1.0" encoding="UTF-8"?>
<testsuite xmlns:xsi="http://www.w3.org/2001/XMLSchema-instance" xsi:noNamespaceSchemaLocation="https://maven.apache.org/surefire/maven-surefire-plugin/xsd/surefire-test-report.xsd" name="org.apache.hadoop.ozone.client.rpc.TestHybridPipelineOnDatanode" time="26.313" tests="1" errors="1" skipped="0" failures="0">
  <properties>
    <property name="awt.toolkit" value="sun.awt.X11.XToolkit"/>
    <property name="file.encoding.pkg" value="sun.io"/>
    <property name="java.specification.version" value="1.8"/>
    <property name="sun.cpu.isalist" value=""/>
    <property name="sun.jnu.encoding" value="UTF-8"/>
    <property name="java.class.path" value="/workdir/hadoop-ozone/integration-test/target/test-classes:/workdir/hadoop-ozone/integration-test/target/classes:/home/user/.m2/repository/org/apache/hadoop/hadoop-ozone-common/0.5.0-SNAPSHOT/hadoop-ozone-common-0.5.0-SNAPSHOT.jar:/home/user/.m2/repository/org/apache/commons/commons-compress/1.4.1/commons-compress-1.4.1.jar:/home/user/.m2/repository/org/tukaani/xz/1.0/xz-1.0.jar:/home/user/.m2/repository/org/apache/hadoop/hadoop-common/3.2.0/hadoop-common-3.2.0.jar:/home/user/.m2/repository/org/apache/hadoop/hadoop-hdfs/3.2.0/hadoop-hdfs-3.2.0.jar:/home/user/.m2/repository/org/apache/hadoop/hadoop-hdfs-client/3.2.0/hadoop-hdfs-client-3.2.0.jar:/home/user/.m2/repository/com/fasterxml/jackson/core/jackson-annotations/2.9.9/jackson-annotations-2.9.9.jar:/home/user/.m2/repository/org/apache/hadoop/hadoop-hdds-common/0.5.0-SNAPSHOT/hadoop-hdds-common-0.5.0-SNAPSHOT.jar:/home/user/.m2/repository/javax/annotation/javax.annotation-api/1.2/javax.annotation-api-1.2.jar:/home/user/.m2/repository/org/apache/ratis/ratis-server/0.4.0/ratis-server-0.4.0.jar:/home/user/.m2/repository/org/apache/ratis/ratis-thirdparty-misc/0.2.0/ratis-thirdparty-misc-0.2.0.jar:/home/user/.m2/repository/org/apache/ratis/ratis-proto/0.4.0/ratis-proto-0.4.0.jar:/home/user/.m2/repository/org/apache/ratis/ratis-common/0.4.0/ratis-common-0.4.0.jar:/home/user/.m2/repository/org/apache/ratis/ratis-client/0.4.0/ratis-client-0.4.0.jar:/home/user/.m2/repository/org/apache/ratis/ratis-metrics/0.4.0/ratis-metrics-0.4.0.jar:/home/user/.m2/repository/com/github/joshelser/dropwizard-metrics-hadoop-metrics2-reporter/0.1.2/dropwizard-metrics-hadoop-metrics2-reporter-0.1.2.jar:/home/user/.m2/repository/io/dropwizard/metrics/metrics-jvm/3.2.5/metrics-jvm-3.2.5.jar:/home/user/.m2/repository/io/dropwizard/metrics/metrics-ganglia/3.2.5/metrics-ganglia-3.2.5.jar:/home/user/.m2/repository/info/ganglia/gmetric4j/gmetric4j/1.0.7/gmetric4j-1.0.7.jar:/home/user/.m2/repository/org/apache/ratis/ratis-netty/0.4.0/ratis-netty-0.4.0.jar:/home/user/.m2/repository/org/apache/ratis/ratis-grpc/0.4.0/ratis-grpc-0.4.0.jar:/home/user/.m2/repository/org/rocksdb/rocksdbjni/6.0.1/rocksdbjni-6.0.1.jar:/home/user/.m2/repository/org/apache/logging/log4j/log4j-api/2.11.0/log4j-api-2.11.0.jar:/home/user/.m2/repository/org/apache/logging/log4j/log4j-core/2.11.0/log4j-core-2.11.0.jar:/home/user/.m2/repository/com/lmax/disruptor/3.4.2/disruptor-3.4.2.jar:/home/user/.m2/repository/org/apache/commons/commons-pool2/2.6.0/commons-pool2-2.6.0.jar:/home/user/.m2/repository/org/bouncycastle/bcpkix-jdk15on/1.60/bcpkix-jdk15on-1.60.jar:/home/user/.m2/repository/commons-validator/commons-validator/1.6/commons-validator-1.6.jar:/home/user/.m2/repository/commons-digester/commons-digester/1.8.1/commons-digester-1.8.1.jar:/home/user/.m2/repository/io/jaegertracing/jaeger-client/0.34.0/jaeger-client-0.34.0.jar:/home/user/.m2/repository/io/jaegertracing/jaeger-thrift/0.34.0/jaeger-thrift-0.34.0.jar:/home/user/.m2/repository/org/apache/thrift/libthrift/0.12.0/libthrift-0.12.0.jar:/home/user/.m2/repository/com/squareup/okhttp3/okhttp/3.9.0/okhttp-3.9.0.jar:/home/user/.m2/repository/com/squareup/okio/okio/1.13.0/okio-1.13.0.jar:/home/user/.m2/repository/io/jaegertracing/jaeger-core/0.34.0/jaeger-core-0.34.0.jar:/home/user/.m2/repository/io/jaegertracing/jaeger-tracerresolver/0.34.0/jaeger-tracerresolver-0.34.0.jar:/home/user/.m2/repository/io/opentracing/contrib/opentracing-tracerresolver/0.1.5/opentracing-tracerresolver-0.1.5.jar:/home/user/.m2/repository/io/opentracing/opentracing-util/0.31.0/opentracing-util-0.31.0.jar:/home/user/.m2/repository/io/opentracing/opentracing-api/0.31.0/opentracing-api-0.31.0.jar:/home/user/.m2/repository/io/opentracing/opentracing-noop/0.31.0/opentracing-noop-0.31.0.jar:/home/user/.m2/repository/org/apache/hadoop/hadoop-hdds-server-framework/0.5.0-SNAPSHOT/hadoop-hdds-server-framework-0.5.0-SNAPSHOT.jar:/home/user/.m2/repository/org/apache/hadoop/hadoop-hdds-container-service/0.5.0-SNAPSHOT/hadoop-hdds-container-service-0.5.0-SNAPSHOT.jar:/home/user/.m2/repository/org/apache/hadoop/hadoop-hdds-client/0.5.0-SNAPSHOT/hadoop-hdds-client-0.5.0-SNAPSHOT.jar:/home/user/.m2/repository/org/apache/hadoop/hadoop-hdds-tools/0.5.0-SNAPSHOT/hadoop-hdds-tools-0.5.0-SNAPSHOT.jar:/home/user/.m2/repository/org/apache/hadoop/hadoop-hdds-server-scm/0.5.0-SNAPSHOT/hadoop-hdds-server-scm-0.5.0-SNAPSHOT.jar:/home/user/.m2/repository/org/apache/hadoop/hadoop-hdds-docs/0.5.0-SNAPSHOT/hadoop-hdds-docs-0.5.0-SNAPSHOT.jar:/home/user/.m2/repository/io/dropwizard/metrics/metrics-core/3.2.4/metrics-core-3.2.4.jar:/home/user/.m2/repository/org/hamcrest/hamcrest-all/1.3/hamcrest-all-1.3.jar:/home/user/.m2/repository/org/bouncycastle/bcprov-jdk15on/1.60/bcprov-jdk15on-1.60.jar:/home/user/.m2/repository/info/picocli/picocli/3.9.6/picocli-3.9.6.jar:/home/user/.m2/repository/com/google/protobuf/protobuf-java/2.5.0/protobuf-java-2.5.0.jar:/home/user/.m2/repository/com/google/guava/guava/11.0.2/guava-11.0.2.jar:/home/user/.m2/repository/org/apache/hadoop/hadoop-ozone-ozone-manager/0.5.0-SNAPSHOT/hadoop-ozone-ozone-manager-0.5.0-SNAPSHOT.jar:/home/user/.m2/repository/org/apache/hadoop/hadoop-minikdc/3.2.0/hadoop-minikdc-3.2.0.jar:/home/user/.m2/repository/commons-io/commons-io/2.5/commons-io-2.5.jar:/home/user/.m2/repository/org/apache/kerby/kerb-simplekdc/1.0.1/kerb-simplekdc-1.0.1.jar:/home/user/.m2/repository/org/apache/kerby/kerb-client/1.0.1/kerb-client-1.0.1.jar:/home/user/.m2/repository/org/apache/kerby/kerby-config/1.0.1/kerby-config-1.0.1.jar:/home/user/.m2/repository/org/apache/kerby/kerb-core/1.0.1/kerb-core-1.0.1.jar:/home/user/.m2/repository/org/apache/kerby/kerby-pkix/1.0.1/kerby-pkix-1.0.1.jar:/home/user/.m2/repository/org/apache/kerby/kerby-asn1/1.0.1/kerby-asn1-1.0.1.jar:/home/user/.m2/repository/org/apache/kerby/kerby-util/1.0.1/kerby-util-1.0.1.jar:/home/user/.m2/repository/org/apache/kerby/kerb-common/1.0.1/kerb-common-1.0.1.jar:/home/user/.m2/repository/org/apache/kerby/kerb-crypto/1.0.1/kerb-crypto-1.0.1.jar:/home/user/.m2/repository/org/apache/kerby/kerb-util/1.0.1/kerb-util-1.0.1.jar:/home/user/.m2/repository/org/apache/kerby/token-provider/1.0.1/token-provider-1.0.1.jar:/home/user/.m2/repository/org/apache/kerby/kerb-admin/1.0.1/kerb-admin-1.0.1.jar:/home/user/.m2/repository/org/apache/kerby/kerb-server/1.0.1/kerb-server-1.0.1.jar:/home/user/.m2/repository/org/apache/kerby/kerb-identity/1.0.1/kerb-identity-1.0.1.jar:/home/user/.m2/repository/org/apache/kerby/kerby-xdr/1.0.1/kerby-xdr-1.0.1.jar:/home/user/.m2/repository/org/slf4j/slf4j-log4j12/1.7.25/slf4j-log4j12-1.7.25.jar:/home/user/.m2/repository/org/apache/hadoop/hadoop-ozone-s3gateway/0.5.0-SNAPSHOT/hadoop-ozone-s3gateway-0.5.0-SNAPSHOT.jar:/home/user/.m2/repository/org/jboss/weld/servlet/weld-servlet/2.4.7.Final/weld-servlet-2.4.7.Final.jar:/home/user/.m2/repository/org/glassfish/jersey/containers/jersey-container-servlet-core/2.27/jersey-container-servlet-core-2.27.jar:/home/user/.m2/repository/org/glassfish/hk2/external/javax.inject/2.5.0-b42/javax.inject-2.5.0-b42.jar:/home/user/.m2/repository/org/glassfish/jersey/core/jersey-common/2.27/jersey-common-2.27.jar:/home/user/.m2/repository/org/glassfish/hk2/osgi-resource-locator/1.0.1/osgi-resource-locator-1.0.1.jar:/home/user/.m2/repository/javax/ws/rs/javax.ws.rs-api/2.1/javax.ws.rs-api-2.1.jar:/home/user/.m2/repository/org/glassfish/jersey/ext/cdi/jersey-cdi1x/2.27/jersey-cdi1x-2.27.jar:/home/user/.m2/repository/org/glassfish/jersey/inject/jersey-hk2/2.27/jersey-hk2-2.27.jar:/home/user/.m2/repository/org/glassfish/hk2/hk2-locator/2.5.0-b42/hk2-locator-2.5.0-b42.jar:/home/user/.m2/repository/org/javassist/javassist/3.22.0-CR2/javassist-3.22.0-CR2.jar:/home/user/.m2/repository/org/glassfish/hk2/hk2-api/2.5.0/hk2-api-2.5.0.jar:/home/user/.m2/repository/org/glassfish/hk2/external/jakarta.inject/2.5.0/jakarta.inject-2.5.0.jar:/home/user/.m2/repository/org/glassfish/hk2/hk2-utils/2.5.0/hk2-utils-2.5.0.jar:/home/user/.m2/repository/jakarta/annotation/jakarta.annotation-api/1.3.4/jakarta.annotation-api-1.3.4.jar:/home/user/.m2/repository/org/glassfish/hk2/external/aopalliance-repackaged/2.5.0/aopalliance-repackaged-2.5.0.jar:/home/user/.m2/repository/com/fasterxml/jackson/dataformat/jackson-dataformat-xml/2.9.0/jackson-dataformat-xml-2.9.0.jar:/home/user/.m2/repository/com/fasterxml/jackson/core/jackson-core/2.9.9/jackson-core-2.9.9.jar:/home/user/.m2/repository/com/fasterxml/jackson/module/jackson-module-jaxb-annotations/2.9.9/jackson-module-jaxb-annotations-2.9.9.jar:/home/user/.m2/repository/javax/enterprise/cdi-api/1.2/cdi-api-1.2.jar:/home/user/.m2/repository/javax/el/javax.el-api/3.0.0/javax.el-api-3.0.0.jar:/home/user/.m2/repository/javax/interceptor/javax.interceptor-api/1.2/javax.interceptor-api-1.2.jar:/home/user/.m2/repository/javax/inject/javax.inject/1/javax.inject-1.jar:/home/user/.m2/repository/com/sun/xml/bind/jaxb-impl/2.3.0.1/jaxb-impl-2.3.0.1.jar:/home/user/.m2/repository/com/sun/xml/bind/jaxb-core/2.3.0.1/jaxb-core-2.3.0.1.jar:/home/user/.m2/repository/javax/xml/bind/jaxb-api/2.3.0/jaxb-api-2.3.0.jar:/home/user/.m2/repository/javax/activation/activation/1.1.1/activation-1.1.1.jar:/home/user/.m2/repository/org/apache/hadoop/hadoop-ozone-csi/0.5.0-SNAPSHOT/hadoop-ozone-csi-0.5.0-SNAPSHOT.jar:/home/user/.m2/repository/com/google/protobuf/protobuf-java-util/3.5.1/protobuf-java-util-3.5.1.jar:/home/user/.m2/repository/org/apache/hadoop/hadoop-hdds-config/0.5.0-SNAPSHOT/hadoop-hdds-config-0.5.0-SNAPSHOT.jar:/home/user/.m2/repository/io/grpc/grpc-netty/1.17.1/grpc-netty-1.17.1.jar:/home/user/.m2/repository/io/grpc/grpc-core/1.17.1/grpc-core-1.17.1.jar:/home/user/.m2/repository/io/grpc/grpc-context/1.17.1/grpc-context-1.17.1.jar:/home/user/.m2/repository/com/google/errorprone/error_prone_annotations/2.2.0/error_prone_annotations-2.2.0.jar:/home/user/.m2/repository/org/codehaus/mojo/animal-sniffer-annotations/1.17/animal-sniffer-annotations-1.17.jar:/home/user/.m2/repository/io/opencensus/opencensus-api/0.17.0/opencensus-api-0.17.0.jar:/home/user/.m2/repository/io/opencensus/opencensus-contrib-grpc-metrics/0.17.0/opencensus-contrib-grpc-metrics-0.17.0.jar:/home/user/.m2/repository/io/netty/netty-codec-http2/4.1.30.Final/netty-codec-http2-4.1.30.Final.jar:/home/user/.m2/repository/io/netty/netty-codec-http/4.1.30.Final/netty-codec-http-4.1.30.Final.jar:/home/user/.m2/repository/io/netty/netty-codec/4.1.30.Final/netty-codec-4.1.30.Final.jar:/home/user/.m2/repository/io/netty/netty-handler/4.1.30.Final/netty-handler-4.1.30.Final.jar:/home/user/.m2/repository/io/netty/netty-handler-proxy/4.1.30.Final/netty-handler-proxy-4.1.30.Final.jar:/home/user/.m2/repository/io/netty/netty-codec-socks/4.1.30.Final/netty-codec-socks-4.1.30.Final.jar:/home/user/.m2/repository/io/netty/netty-transport-native-epoll/4.1.30.Final/netty-transport-native-epoll-4.1.30.Final.jar:/home/user/.m2/repository/io/netty/netty-common/4.1.30.Final/netty-common-4.1.30.Final.jar:/home/user/.m2/repository/io/netty/netty-buffer/4.1.30.Final/netty-buffer-4.1.30.Final.jar:/home/user/.m2/repository/io/netty/netty-transport/4.1.30.Final/netty-transport-4.1.30.Final.jar:/home/user/.m2/repository/io/netty/netty-resolver/4.1.30.Final/netty-resolver-4.1.30.Final.jar:/home/user/.m2/repository/io/netty/netty-transport-native-unix-common/4.1.30.Final/netty-transport-native-unix-common-4.1.30.Final.jar:/home/user/.m2/repository/io/grpc/grpc-protobuf/1.17.1/grpc-protobuf-1.17.1.jar:/home/user/.m2/repository/com/google/api/grpc/proto-google-common-protos/1.0.0/proto-google-common-protos-1.0.0.jar:/home/user/.m2/repository/io/grpc/grpc-protobuf-lite/1.17.1/grpc-protobuf-lite-1.17.1.jar:/home/user/.m2/repository/io/grpc/grpc-stub/1.17.1/grpc-stub-1.17.1.jar:/home/user/.m2/repository/org/apache/hadoop/hadoop-ozone-recon/0.5.0-SNAPSHOT/hadoop-ozone-recon-0.5.0-SNAPSHOT.jar:/home/user/.m2/repository/org/apache/hadoop/hadoop-ozone-reconcodegen/0.5.0-SNAPSHOT/hadoop-ozone-reconcodegen-0.5.0-SNAPSHOT.jar:/home/user/.m2/repository/com/google/inject/extensions/guice-multibindings/4.0/guice-multibindings-4.0.jar:/home/user/.m2/repository/com/google/inject/guice/4.0/guice-4.0.jar:/home/user/.m2/repository/aopalliance/aopalliance/1.0/aopalliance-1.0.jar:/home/user/.m2/repository/com/google/inject/extensions/guice-servlet/4.0/guice-servlet-4.0.jar:/home/user/.m2/repository/org/glassfish/jersey/containers/jersey-container-servlet/2.27/jersey-container-servlet-2.27.jar:/home/user/.m2/repository/org/glassfish/hk2/guice-bridge/2.5.0/guice-bridge-2.5.0.jar:/home/user/.m2/repository/org/glassfish/jersey/core/jersey-server/2.27/jersey-server-2.27.jar:/home/user/.m2/repository/org/glassfish/jersey/core/jersey-client/2.27/jersey-client-2.27.jar:/home/user/.m2/repository/org/glassfish/jersey/media/jersey-media-jaxb/2.27/jersey-media-jaxb-2.27.jar:/home/user/.m2/repository/javax/validation/validation-api/1.1.0.Final/validation-api-1.1.0.Final.jar:/home/user/.m2/repository/org/glassfish/jersey/media/jersey-media-json-jackson/2.27/jersey-media-json-jackson-2.27.jar:/home/user/.m2/repository/org/glassfish/jersey/ext/jersey-entity-filtering/2.27/jersey-entity-filtering-2.27.jar:/home/user/.m2/repository/com/google/inject/extensions/guice-assistedinject/4.0/guice-assistedinject-4.0.jar:/home/user/.m2/repository/org/jooq/jooq/3.11.10/jooq-3.11.10.jar:/home/user/.m2/repository/org/jooq/jooq-meta/3.11.10/jooq-meta-3.11.10.jar:/home/user/.m2/repository/org/jooq/jooq-codegen/3.11.10/jooq-codegen-3.11.10.jar:/home/user/.m2/repository/com/jolbox/bonecp/0.8.0.RELEASE/bonecp-0.8.0.RELEASE.jar:/home/user/.m2/repository/org/xerial/sqlite-jdbc/3.25.2/sqlite-jdbc-3.25.2.jar:/home/user/.m2/repository/org/springframework/spring-jdbc/5.1.3.RELEASE/spring-jdbc-5.1.3.RELEASE.jar:/home/user/.m2/repository/org/springframework/spring-beans/5.1.3.RELEASE/spring-beans-5.1.3.RELEASE.jar:/home/user/.m2/repository/org/springframework/spring-core/5.1.3.RELEASE/spring-core-5.1.3.RELEASE.jar:/home/user/.m2/repository/org/springframework/spring-jcl/5.1.3.RELEASE/spring-jcl-5.1.3.RELEASE.jar:/home/user/.m2/repository/org/springframework/spring-tx/5.1.3.RELEASE/spring-tx-5.1.3.RELEASE.jar:/home/user/.m2/repository/org/apache/hadoop/hadoop-ozone-client/0.5.0-SNAPSHOT/hadoop-ozone-client-0.5.0-SNAPSHOT.jar:/home/user/.m2/repository/commons-lang/commons-lang/2.6/commons-lang-2.6.jar:/home/user/.m2/repository/org/apache/hadoop/hadoop-ozone-ozone-manager/0.5.0-SNAPSHOT/hadoop-ozone-ozone-manager-0.5.0-SNAPSHOT-tests.jar:/home/user/.m2/repository/junit/junit/4.11/junit-4.11.jar:/home/user/.m2/repository/org/hamcrest/hamcrest-core/1.3/hamcrest-core-1.3.jar:/home/user/.m2/repository/org/openjdk/jmh/jmh-core/1.19/jmh-core-1.19.jar:/home/user/.m2/repository/net/sf/jopt-simple/jopt-simple/4.6/jopt-simple-4.6.jar:/home/user/.m2/repository/org/apache/commons/commons-math3/3.1.1/commons-math3-3.1.1.jar:/home/user/.m2/repository/org/openjdk/jmh/jmh-generator-annprocess/1.19/jmh-generator-annprocess-1.19.jar:/home/user/.m2/repository/org/mockito/mockito-all/1.8.5/mockito-all-1.8.5.jar:/home/user/.m2/repository/org/apache/hadoop/hadoop-kms/3.2.0/hadoop-kms-3.2.0.jar:/home/user/.m2/repository/org/apache/hadoop/hadoop-auth/3.2.0/hadoop-auth-3.2.0.jar:/home/user/.m2/repository/com/nimbusds/nimbus-jose-jwt/4.41.1/nimbus-jose-jwt-4.41.1.jar:/home/user/.m2/repository/com/github/stephenc/jcip/jcip-annotations/1.0-1/jcip-annotations-1.0-1.jar:/home/user/.m2/repository/net/minidev/json-smart/2.3/json-smart-2.3.jar:/home/user/.m2/repository/net/minidev/accessors-smart/1.2/accessors-smart-1.2.jar:/home/user/.m2/repository/org/ow2/asm/asm/5.0.4/asm-5.0.4.jar:/home/user/.m2/repository/org/apache/curator/curator-framework/2.12.0/curator-framework-2.12.0.jar:/home/user/.m2/repository/com/sun/jersey/jersey-core/1.19/jersey-core-1.19.jar:/home/user/.m2/repository/javax/ws/rs/jsr311-api/1.1.1/jsr311-api-1.1.1.jar:/home/user/.m2/repository/com/sun/jersey/jersey-server/1.19/jersey-server-1.19.jar:/home/user/.m2/repository/javax/servlet/javax.servlet-api/3.1.0/javax.servlet-api-3.1.0.jar:/home/user/.m2/repository/org/eclipse/jetty/jetty-server/9.3.25.v20180904/jetty-server-9.3.25.v20180904.jar:/home/user/.m2/repository/org/eclipse/jetty/jetty-http/9.3.25.v20180904/jetty-http-9.3.25.v20180904.jar:/home/user/.m2/repository/org/eclipse/jetty/jetty-io/9.3.25.v20180904/jetty-io-9.3.25.v20180904.jar:/home/user/.m2/repository/org/eclipse/jetty/jetty-webapp/9.3.25.v20180904/jetty-webapp-9.3.25.v20180904.jar:/home/user/.m2/repository/org/eclipse/jetty/jetty-xml/9.3.25.v20180904/jetty-xml-9.3.25.v20180904.jar:/home/user/.m2/repository/log4j/log4j/1.2.17/log4j-1.2.17.jar:/home/user/.m2/repository/org/slf4j/slf4j-api/1.7.25/slf4j-api-1.7.25.jar:/home/user/.m2/repository/org/slf4j/jul-to-slf4j/1.7.25/jul-to-slf4j-1.7.25.jar:/home/user/.m2/repository/org/eclipse/jetty/jetty-util/9.3.25.v20180904/jetty-util-9.3.25.v20180904.jar:/home/user/.m2/repository/com/fasterxml/jackson/core/jackson-databind/2.9.9/jackson-databind-2.9.9.jar:/home/user/.m2/repository/org/apache/hadoop/hadoop-kms/3.2.0/hadoop-kms-3.2.0-tests.jar:/home/user/.m2/repository/org/apache/hadoop/hadoop-hdds-server-scm/0.5.0-SNAPSHOT/hadoop-hdds-server-scm-0.5.0-SNAPSHOT-tests.jar:/home/user/.m2/repository/org/apache/hadoop/hadoop-hdds-container-service/0.5.0-SNAPSHOT/hadoop-hdds-container-service-0.5.0-SNAPSHOT-tests.jar:/home/user/.m2/repository/org/yaml/snakeyaml/1.16/snakeyaml-1.16.jar:/home/user/.m2/repository/org/apache/hadoop/hadoop-common/3.2.0/hadoop-common-3.2.0-tests.jar:/home/user/.m2/repository/org/apache/hadoop/hadoop-annotations/3.2.0/hadoop-annotations-3.2.0.jar:/usr/lib/jvm/java-1.8-openjdk/jre/../lib/tools.jar:/home/user/.m2/repository/commons-cli/commons-cli/1.2/commons-cli-1.2.jar:/home/user/.m2/repository/org/apache/httpcomponents/httpclient/4.5.2/httpclient-4.5.2.jar:/home/user/.m2/repository/org/apache/httpcomponents/httpcore/4.4.4/httpcore-4.4.4.jar:/home/user/.m2/repository/commons-codec/commons-codec/1.11/commons-codec-1.11.jar:/home/user/.m2/repository/commons-net/commons-net/3.6/commons-net-3.6.jar:/home/user/.m2/repository/commons-collections/commons-collections/3.2.2/commons-collections-3.2.2.jar:/home/user/.m2/repository/org/eclipse/jetty/jetty-servlet/9.3.25.v20180904/jetty-servlet-9.3.25.v20180904.jar:/home/user/.m2/repository/org/eclipse/jetty/jetty-security/9.3.25.v20180904/jetty-security-9.3.25.v20180904.jar:/home/user/.m2/repository/javax/servlet/jsp/jsp-api/2.1/jsp-api-2.1.jar:/home/user/.m2/repository/com/sun/jersey/jersey-servlet/1.19/jersey-servlet-1.19.jar:/home/user/.m2/repository/com/sun/jersey/jersey-json/1.19/jersey-json-1.19.jar:/home/user/.m2/repository/org/codehaus/jettison/jettison/1.1/jettison-1.1.jar:/home/user/.m2/repository/org/codehaus/jackson/jackson-core-asl/1.9.13/jackson-core-asl-1.9.13.jar:/home/user/.m2/repository/org/codehaus/jackson/jackson-mapper-asl/1.9.13/jackson-mapper-asl-1.9.13.jar:/home/user/.m2/repository/org/codehaus/jackson/jackson-jaxrs/1.9.13/jackson-jaxrs-1.9.13.jar:/home/user/.m2/repository/org/codehaus/jackson/jackson-xc/1.9.13/jackson-xc-1.9.13.jar:/home/user/.m2/repository/commons-logging/commons-logging/1.1.3/commons-logging-1.1.3.jar:/home/user/.m2/repository/commons-beanutils/commons-beanutils/1.9.4/commons-beanutils-1.9.4.jar:/home/user/.m2/repository/org/apache/commons/commons-configuration2/2.1.1/commons-configuration2-2.1.1.jar:/home/user/.m2/repository/org/apache/commons/commons-lang3/3.7/commons-lang3-3.7.jar:/home/user/.m2/repository/org/apache/commons/commons-text/1.4/commons-text-1.4.jar:/home/user/.m2/repository/org/apache/avro/avro/1.7.7/avro-1.7.7.jar:/home/user/.m2/repository/com/thoughtworks/paranamer/paranamer/2.3/paranamer-2.3.jar:/home/user/.m2/repository/org/xerial/snappy/snappy-java/1.0.5/snappy-java-1.0.5.jar:/home/user/.m2/repository/com/google/re2j/re2j/1.1/re2j-1.1.jar:/home/user/.m2/repository/com/google/code/gson/gson/2.2.4/gson-2.2.4.jar:/home/user/.m2/repository/com/jcraft/jsch/0.1.54/jsch-0.1.54.jar:/home/user/.m2/repository/org/apache/curator/curator-client/2.12.0/curator-client-2.12.0.jar:/home/user/.m2/repository/org/apache/curator/curator-recipes/2.12.0/curator-recipes-2.12.0.jar:/home/user/.m2/repository/com/google/code/findbugs/jsr305/3.0.0/jsr305-3.0.0.jar:/home/user/.m2/repository/org/apache/htrace/htrace-core4/4.1.0-incubating/htrace-core4-4.1.0-incubating.jar:/home/user/.m2/repository/org/apache/zookeeper/zookeeper/3.4.13/zookeeper-3.4.13.jar:/home/user/.m2/repository/jline/jline/0.9.94/jline-0.9.94.jar:/home/user/.m2/repository/org/apache/yetus/audience-annotations/0.5.0/audience-annotations-0.5.0.jar:/home/user/.m2/repository/org/codehaus/woodstox/stax2-api/3.1.4/stax2-api-3.1.4.jar:/home/user/.m2/repository/com/fasterxml/woodstox/woodstox-core/5.0.3/woodstox-core-5.0.3.jar:/home/user/.m2/repository/dnsjava/dnsjava/2.1.7/dnsjava-2.1.7.jar:/home/user/.m2/repository/org/apache/hadoop/hadoop-hdfs/3.2.0/hadoop-hdfs-3.2.0-tests.jar:/home/user/.m2/repository/org/eclipse/jetty/jetty-util-ajax/9.3.25.v20180904/jetty-util-ajax-9.3.25.v20180904.jar:/home/user/.m2/repository/commons-daemon/commons-daemon/1.0.13/commons-daemon-1.0.13.jar:/home/user/.m2/repository/io/netty/netty/3.10.5.Final/netty-3.10.5.Final.jar:/home/user/.m2/repository/io/netty/netty-all/4.0.52.Final/netty-all-4.0.52.Final.jar:/home/user/.m2/repository/org/fusesource/leveldbjni/leveldbjni-all/1.8/leveldbjni-all-1.8.jar:"/>
    <property name="java.vm.vendor" value="IcedTea"/>
    <property name="sun.arch.data.model" value="64"/>
    <property name="test.build.dir" value="/workdir/hadoop-ozone/integration-test/target/test-dir"/>
    <property name="test.cache.data" value=""/>
    <property name="java.vendor.url" value="https://icedtea.classpath.org"/>
    <property name="user.timezone" value=""/>
    <property name="java.vm.specification.version" value="1.8"/>
    <property name="os.name" value="Linux"/>
    <property name="test.build.data" value="/workdir/hadoop-ozone/integration-test/target/test-dir"/>
    <property name="user.country" value="US"/>
    <property name="sun.java.launcher" value="SUN_STANDARD"/>
    <property name="sun.boot.library.path" value="/usr/lib/jvm/java-1.8-openjdk/jre/lib/amd64"/>
    <property name="sun.java.command" value="/workdir/hadoop-ozone/integration-test/target/surefire/surefirebooter5073706046602397993.jar /workdir/hadoop-ozone/integration-test/target/surefire 2019-09-25T11-13-37_982-jvmRun1 surefire7790787306899102418tmp surefire_692535151649759481985tmp"/>
    <property name="test" value="!TestMiniChaosOzoneCluster"/>
    <property name="surefire.test.class.path" value="/workdir/hadoop-ozone/integration-test/target/test-classes:/workdir/hadoop-ozone/integration-test/target/classes:/home/user/.m2/repository/org/apache/hadoop/hadoop-ozone-common/0.5.0-SNAPSHOT/hadoop-ozone-common-0.5.0-SNAPSHOT.jar:/home/user/.m2/repository/org/apache/commons/commons-compress/1.4.1/commons-compress-1.4.1.jar:/home/user/.m2/repository/org/tukaani/xz/1.0/xz-1.0.jar:/home/user/.m2/repository/org/apache/hadoop/hadoop-common/3.2.0/hadoop-common-3.2.0.jar:/home/user/.m2/repository/org/apache/hadoop/hadoop-hdfs/3.2.0/hadoop-hdfs-3.2.0.jar:/home/user/.m2/repository/org/apache/hadoop/hadoop-hdfs-client/3.2.0/hadoop-hdfs-client-3.2.0.jar:/home/user/.m2/repository/com/fasterxml/jackson/core/jackson-annotations/2.9.9/jackson-annotations-2.9.9.jar:/home/user/.m2/repository/org/apache/hadoop/hadoop-hdds-common/0.5.0-SNAPSHOT/hadoop-hdds-common-0.5.0-SNAPSHOT.jar:/home/user/.m2/repository/javax/annotation/javax.annotation-api/1.2/javax.annotation-api-1.2.jar:/home/user/.m2/repository/org/apache/ratis/ratis-server/0.4.0/ratis-server-0.4.0.jar:/home/user/.m2/repository/org/apache/ratis/ratis-thirdparty-misc/0.2.0/ratis-thirdparty-misc-0.2.0.jar:/home/user/.m2/repository/org/apache/ratis/ratis-proto/0.4.0/ratis-proto-0.4.0.jar:/home/user/.m2/repository/org/apache/ratis/ratis-common/0.4.0/ratis-common-0.4.0.jar:/home/user/.m2/repository/org/apache/ratis/ratis-client/0.4.0/ratis-client-0.4.0.jar:/home/user/.m2/repository/org/apache/ratis/ratis-metrics/0.4.0/ratis-metrics-0.4.0.jar:/home/user/.m2/repository/com/github/joshelser/dropwizard-metrics-hadoop-metrics2-reporter/0.1.2/dropwizard-metrics-hadoop-metrics2-reporter-0.1.2.jar:/home/user/.m2/repository/io/dropwizard/metrics/metrics-jvm/3.2.5/metrics-jvm-3.2.5.jar:/home/user/.m2/repository/io/dropwizard/metrics/metrics-ganglia/3.2.5/metrics-ganglia-3.2.5.jar:/home/user/.m2/repository/info/ganglia/gmetric4j/gmetric4j/1.0.7/gmetric4j-1.0.7.jar:/home/user/.m2/repository/org/apache/ratis/ratis-netty/0.4.0/ratis-netty-0.4.0.jar:/home/user/.m2/repository/org/apache/ratis/ratis-grpc/0.4.0/ratis-grpc-0.4.0.jar:/home/user/.m2/repository/org/rocksdb/rocksdbjni/6.0.1/rocksdbjni-6.0.1.jar:/home/user/.m2/repository/org/apache/logging/log4j/log4j-api/2.11.0/log4j-api-2.11.0.jar:/home/user/.m2/repository/org/apache/logging/log4j/log4j-core/2.11.0/log4j-core-2.11.0.jar:/home/user/.m2/repository/com/lmax/disruptor/3.4.2/disruptor-3.4.2.jar:/home/user/.m2/repository/org/apache/commons/commons-pool2/2.6.0/commons-pool2-2.6.0.jar:/home/user/.m2/repository/org/bouncycastle/bcpkix-jdk15on/1.60/bcpkix-jdk15on-1.60.jar:/home/user/.m2/repository/commons-validator/commons-validator/1.6/commons-validator-1.6.jar:/home/user/.m2/repository/commons-digester/commons-digester/1.8.1/commons-digester-1.8.1.jar:/home/user/.m2/repository/io/jaegertracing/jaeger-client/0.34.0/jaeger-client-0.34.0.jar:/home/user/.m2/repository/io/jaegertracing/jaeger-thrift/0.34.0/jaeger-thrift-0.34.0.jar:/home/user/.m2/repository/org/apache/thrift/libthrift/0.12.0/libthrift-0.12.0.jar:/home/user/.m2/repository/com/squareup/okhttp3/okhttp/3.9.0/okhttp-3.9.0.jar:/home/user/.m2/repository/com/squareup/okio/okio/1.13.0/okio-1.13.0.jar:/home/user/.m2/repository/io/jaegertracing/jaeger-core/0.34.0/jaeger-core-0.34.0.jar:/home/user/.m2/repository/io/jaegertracing/jaeger-tracerresolver/0.34.0/jaeger-tracerresolver-0.34.0.jar:/home/user/.m2/repository/io/opentracing/contrib/opentracing-tracerresolver/0.1.5/opentracing-tracerresolver-0.1.5.jar:/home/user/.m2/repository/io/opentracing/opentracing-util/0.31.0/opentracing-util-0.31.0.jar:/home/user/.m2/repository/io/opentracing/opentracing-api/0.31.0/opentracing-api-0.31.0.jar:/home/user/.m2/repository/io/opentracing/opentracing-noop/0.31.0/opentracing-noop-0.31.0.jar:/home/user/.m2/repository/org/apache/hadoop/hadoop-hdds-server-framework/0.5.0-SNAPSHOT/hadoop-hdds-server-framework-0.5.0-SNAPSHOT.jar:/home/user/.m2/repository/org/apache/hadoop/hadoop-hdds-container-service/0.5.0-SNAPSHOT/hadoop-hdds-container-service-0.5.0-SNAPSHOT.jar:/home/user/.m2/repository/org/apache/hadoop/hadoop-hdds-client/0.5.0-SNAPSHOT/hadoop-hdds-client-0.5.0-SNAPSHOT.jar:/home/user/.m2/repository/org/apache/hadoop/hadoop-hdds-tools/0.5.0-SNAPSHOT/hadoop-hdds-tools-0.5.0-SNAPSHOT.jar:/home/user/.m2/repository/org/apache/hadoop/hadoop-hdds-server-scm/0.5.0-SNAPSHOT/hadoop-hdds-server-scm-0.5.0-SNAPSHOT.jar:/home/user/.m2/repository/org/apache/hadoop/hadoop-hdds-docs/0.5.0-SNAPSHOT/hadoop-hdds-docs-0.5.0-SNAPSHOT.jar:/home/user/.m2/repository/io/dropwizard/metrics/metrics-core/3.2.4/metrics-core-3.2.4.jar:/home/user/.m2/repository/org/hamcrest/hamcrest-all/1.3/hamcrest-all-1.3.jar:/home/user/.m2/repository/org/bouncycastle/bcprov-jdk15on/1.60/bcprov-jdk15on-1.60.jar:/home/user/.m2/repository/info/picocli/picocli/3.9.6/picocli-3.9.6.jar:/home/user/.m2/repository/com/google/protobuf/protobuf-java/2.5.0/protobuf-java-2.5.0.jar:/home/user/.m2/repository/com/google/guava/guava/11.0.2/guava-11.0.2.jar:/home/user/.m2/repository/org/apache/hadoop/hadoop-ozone-ozone-manager/0.5.0-SNAPSHOT/hadoop-ozone-ozone-manager-0.5.0-SNAPSHOT.jar:/home/user/.m2/repository/org/apache/hadoop/hadoop-minikdc/3.2.0/hadoop-minikdc-3.2.0.jar:/home/user/.m2/repository/commons-io/commons-io/2.5/commons-io-2.5.jar:/home/user/.m2/repository/org/apache/kerby/kerb-simplekdc/1.0.1/kerb-simplekdc-1.0.1.jar:/home/user/.m2/repository/org/apache/kerby/kerb-client/1.0.1/kerb-client-1.0.1.jar:/home/user/.m2/repository/org/apache/kerby/kerby-config/1.0.1/kerby-config-1.0.1.jar:/home/user/.m2/repository/org/apache/kerby/kerb-core/1.0.1/kerb-core-1.0.1.jar:/home/user/.m2/repository/org/apache/kerby/kerby-pkix/1.0.1/kerby-pkix-1.0.1.jar:/home/user/.m2/repository/org/apache/kerby/kerby-asn1/1.0.1/kerby-asn1-1.0.1.jar:/home/user/.m2/repository/org/apache/kerby/kerby-util/1.0.1/kerby-util-1.0.1.jar:/home/user/.m2/repository/org/apache/kerby/kerb-common/1.0.1/kerb-common-1.0.1.jar:/home/user/.m2/repository/org/apache/kerby/kerb-crypto/1.0.1/kerb-crypto-1.0.1.jar:/home/user/.m2/repository/org/apache/kerby/kerb-util/1.0.1/kerb-util-1.0.1.jar:/home/user/.m2/repository/org/apache/kerby/token-provider/1.0.1/token-provider-1.0.1.jar:/home/user/.m2/repository/org/apache/kerby/kerb-admin/1.0.1/kerb-admin-1.0.1.jar:/home/user/.m2/repository/org/apache/kerby/kerb-server/1.0.1/kerb-server-1.0.1.jar:/home/user/.m2/repository/org/apache/kerby/kerb-identity/1.0.1/kerb-identity-1.0.1.jar:/home/user/.m2/repository/org/apache/kerby/kerby-xdr/1.0.1/kerby-xdr-1.0.1.jar:/home/user/.m2/repository/org/slf4j/slf4j-log4j12/1.7.25/slf4j-log4j12-1.7.25.jar:/home/user/.m2/repository/org/apache/hadoop/hadoop-ozone-s3gateway/0.5.0-SNAPSHOT/hadoop-ozone-s3gateway-0.5.0-SNAPSHOT.jar:/home/user/.m2/repository/org/jboss/weld/servlet/weld-servlet/2.4.7.Final/weld-servlet-2.4.7.Final.jar:/home/user/.m2/repository/org/glassfish/jersey/containers/jersey-container-servlet-core/2.27/jersey-container-servlet-core-2.27.jar:/home/user/.m2/repository/org/glassfish/hk2/external/javax.inject/2.5.0-b42/javax.inject-2.5.0-b42.jar:/home/user/.m2/repository/org/glassfish/jersey/core/jersey-common/2.27/jersey-common-2.27.jar:/home/user/.m2/repository/org/glassfish/hk2/osgi-resource-locator/1.0.1/osgi-resource-locator-1.0.1.jar:/home/user/.m2/repository/javax/ws/rs/javax.ws.rs-api/2.1/javax.ws.rs-api-2.1.jar:/home/user/.m2/repository/org/glassfish/jersey/ext/cdi/jersey-cdi1x/2.27/jersey-cdi1x-2.27.jar:/home/user/.m2/repository/org/glassfish/jersey/inject/jersey-hk2/2.27/jersey-hk2-2.27.jar:/home/user/.m2/repository/org/glassfish/hk2/hk2-locator/2.5.0-b42/hk2-locator-2.5.0-b42.jar:/home/user/.m2/repository/org/javassist/javassist/3.22.0-CR2/javassist-3.22.0-CR2.jar:/home/user/.m2/repository/org/glassfish/hk2/hk2-api/2.5.0/hk2-api-2.5.0.jar:/home/user/.m2/repository/org/glassfish/hk2/external/jakarta.inject/2.5.0/jakarta.inject-2.5.0.jar:/home/user/.m2/repository/org/glassfish/hk2/hk2-utils/2.5.0/hk2-utils-2.5.0.jar:/home/user/.m2/repository/jakarta/annotation/jakarta.annotation-api/1.3.4/jakarta.annotation-api-1.3.4.jar:/home/user/.m2/repository/org/glassfish/hk2/external/aopalliance-repackaged/2.5.0/aopalliance-repackaged-2.5.0.jar:/home/user/.m2/repository/com/fasterxml/jackson/dataformat/jackson-dataformat-xml/2.9.0/jackson-dataformat-xml-2.9.0.jar:/home/user/.m2/repository/com/fasterxml/jackson/core/jackson-core/2.9.9/jackson-core-2.9.9.jar:/home/user/.m2/repository/com/fasterxml/jackson/module/jackson-module-jaxb-annotations/2.9.9/jackson-module-jaxb-annotations-2.9.9.jar:/home/user/.m2/repository/javax/enterprise/cdi-api/1.2/cdi-api-1.2.jar:/home/user/.m2/repository/javax/el/javax.el-api/3.0.0/javax.el-api-3.0.0.jar:/home/user/.m2/repository/javax/interceptor/javax.interceptor-api/1.2/javax.interceptor-api-1.2.jar:/home/user/.m2/repository/javax/inject/javax.inject/1/javax.inject-1.jar:/home/user/.m2/repository/com/sun/xml/bind/jaxb-impl/2.3.0.1/jaxb-impl-2.3.0.1.jar:/home/user/.m2/repository/com/sun/xml/bind/jaxb-core/2.3.0.1/jaxb-core-2.3.0.1.jar:/home/user/.m2/repository/javax/xml/bind/jaxb-api/2.3.0/jaxb-api-2.3.0.jar:/home/user/.m2/repository/javax/activation/activation/1.1.1/activation-1.1.1.jar:/home/user/.m2/repository/org/apache/hadoop/hadoop-ozone-csi/0.5.0-SNAPSHOT/hadoop-ozone-csi-0.5.0-SNAPSHOT.jar:/home/user/.m2/repository/com/google/protobuf/protobuf-java-util/3.5.1/protobuf-java-util-3.5.1.jar:/home/user/.m2/repository/org/apache/hadoop/hadoop-hdds-config/0.5.0-SNAPSHOT/hadoop-hdds-config-0.5.0-SNAPSHOT.jar:/home/user/.m2/repository/io/grpc/grpc-netty/1.17.1/grpc-netty-1.17.1.jar:/home/user/.m2/repository/io/grpc/grpc-core/1.17.1/grpc-core-1.17.1.jar:/home/user/.m2/repository/io/grpc/grpc-context/1.17.1/grpc-context-1.17.1.jar:/home/user/.m2/repository/com/google/errorprone/error_prone_annotations/2.2.0/error_prone_annotations-2.2.0.jar:/home/user/.m2/repository/org/codehaus/mojo/animal-sniffer-annotations/1.17/animal-sniffer-annotations-1.17.jar:/home/user/.m2/repository/io/opencensus/opencensus-api/0.17.0/opencensus-api-0.17.0.jar:/home/user/.m2/repository/io/opencensus/opencensus-contrib-grpc-metrics/0.17.0/opencensus-contrib-grpc-metrics-0.17.0.jar:/home/user/.m2/repository/io/netty/netty-codec-http2/4.1.30.Final/netty-codec-http2-4.1.30.Final.jar:/home/user/.m2/repository/io/netty/netty-codec-http/4.1.30.Final/netty-codec-http-4.1.30.Final.jar:/home/user/.m2/repository/io/netty/netty-codec/4.1.30.Final/netty-codec-4.1.30.Final.jar:/home/user/.m2/repository/io/netty/netty-handler/4.1.30.Final/netty-handler-4.1.30.Final.jar:/home/user/.m2/repository/io/netty/netty-handler-proxy/4.1.30.Final/netty-handler-proxy-4.1.30.Final.jar:/home/user/.m2/repository/io/netty/netty-codec-socks/4.1.30.Final/netty-codec-socks-4.1.30.Final.jar:/home/user/.m2/repository/io/netty/netty-transport-native-epoll/4.1.30.Final/netty-transport-native-epoll-4.1.30.Final.jar:/home/user/.m2/repository/io/netty/netty-common/4.1.30.Final/netty-common-4.1.30.Final.jar:/home/user/.m2/repository/io/netty/netty-buffer/4.1.30.Final/netty-buffer-4.1.30.Final.jar:/home/user/.m2/repository/io/netty/netty-transport/4.1.30.Final/netty-transport-4.1.30.Final.jar:/home/user/.m2/repository/io/netty/netty-resolver/4.1.30.Final/netty-resolver-4.1.30.Final.jar:/home/user/.m2/repository/io/netty/netty-transport-native-unix-common/4.1.30.Final/netty-transport-native-unix-common-4.1.30.Final.jar:/home/user/.m2/repository/io/grpc/grpc-protobuf/1.17.1/grpc-protobuf-1.17.1.jar:/home/user/.m2/repository/com/google/api/grpc/proto-google-common-protos/1.0.0/proto-google-common-protos-1.0.0.jar:/home/user/.m2/repository/io/grpc/grpc-protobuf-lite/1.17.1/grpc-protobuf-lite-1.17.1.jar:/home/user/.m2/repository/io/grpc/grpc-stub/1.17.1/grpc-stub-1.17.1.jar:/home/user/.m2/repository/org/apache/hadoop/hadoop-ozone-recon/0.5.0-SNAPSHOT/hadoop-ozone-recon-0.5.0-SNAPSHOT.jar:/home/user/.m2/repository/org/apache/hadoop/hadoop-ozone-reconcodegen/0.5.0-SNAPSHOT/hadoop-ozone-reconcodegen-0.5.0-SNAPSHOT.jar:/home/user/.m2/repository/com/google/inject/extensions/guice-multibindings/4.0/guice-multibindings-4.0.jar:/home/user/.m2/repository/com/google/inject/guice/4.0/guice-4.0.jar:/home/user/.m2/repository/aopalliance/aopalliance/1.0/aopalliance-1.0.jar:/home/user/.m2/repository/com/google/inject/extensions/guice-servlet/4.0/guice-servlet-4.0.jar:/home/user/.m2/repository/org/glassfish/jersey/containers/jersey-container-servlet/2.27/jersey-container-servlet-2.27.jar:/home/user/.m2/repository/org/glassfish/hk2/guice-bridge/2.5.0/guice-bridge-2.5.0.jar:/home/user/.m2/repository/org/glassfish/jersey/core/jersey-server/2.27/jersey-server-2.27.jar:/home/user/.m2/repository/org/glassfish/jersey/core/jersey-client/2.27/jersey-client-2.27.jar:/home/user/.m2/repository/org/glassfish/jersey/media/jersey-media-jaxb/2.27/jersey-media-jaxb-2.27.jar:/home/user/.m2/repository/javax/validation/validation-api/1.1.0.Final/validation-api-1.1.0.Final.jar:/home/user/.m2/repository/org/glassfish/jersey/media/jersey-media-json-jackson/2.27/jersey-media-json-jackson-2.27.jar:/home/user/.m2/repository/org/glassfish/jersey/ext/jersey-entity-filtering/2.27/jersey-entity-filtering-2.27.jar:/home/user/.m2/repository/com/google/inject/extensions/guice-assistedinject/4.0/guice-assistedinject-4.0.jar:/home/user/.m2/repository/org/jooq/jooq/3.11.10/jooq-3.11.10.jar:/home/user/.m2/repository/org/jooq/jooq-meta/3.11.10/jooq-meta-3.11.10.jar:/home/user/.m2/repository/org/jooq/jooq-codegen/3.11.10/jooq-codegen-3.11.10.jar:/home/user/.m2/repository/com/jolbox/bonecp/0.8.0.RELEASE/bonecp-0.8.0.RELEASE.jar:/home/user/.m2/repository/org/xerial/sqlite-jdbc/3.25.2/sqlite-jdbc-3.25.2.jar:/home/user/.m2/repository/org/springframework/spring-jdbc/5.1.3.RELEASE/spring-jdbc-5.1.3.RELEASE.jar:/home/user/.m2/repository/org/springframework/spring-beans/5.1.3.RELEASE/spring-beans-5.1.3.RELEASE.jar:/home/user/.m2/repository/org/springframework/spring-core/5.1.3.RELEASE/spring-core-5.1.3.RELEASE.jar:/home/user/.m2/repository/org/springframework/spring-jcl/5.1.3.RELEASE/spring-jcl-5.1.3.RELEASE.jar:/home/user/.m2/repository/org/springframework/spring-tx/5.1.3.RELEASE/spring-tx-5.1.3.RELEASE.jar:/home/user/.m2/repository/org/apache/hadoop/hadoop-ozone-client/0.5.0-SNAPSHOT/hadoop-ozone-client-0.5.0-SNAPSHOT.jar:/home/user/.m2/repository/commons-lang/commons-lang/2.6/commons-lang-2.6.jar:/home/user/.m2/repository/org/apache/hadoop/hadoop-ozone-ozone-manager/0.5.0-SNAPSHOT/hadoop-ozone-ozone-manager-0.5.0-SNAPSHOT-tests.jar:/home/user/.m2/repository/junit/junit/4.11/junit-4.11.jar:/home/user/.m2/repository/org/hamcrest/hamcrest-core/1.3/hamcrest-core-1.3.jar:/home/user/.m2/repository/org/openjdk/jmh/jmh-core/1.19/jmh-core-1.19.jar:/home/user/.m2/repository/net/sf/jopt-simple/jopt-simple/4.6/jopt-simple-4.6.jar:/home/user/.m2/repository/org/apache/commons/commons-math3/3.1.1/commons-math3-3.1.1.jar:/home/user/.m2/repository/org/openjdk/jmh/jmh-generator-annprocess/1.19/jmh-generator-annprocess-1.19.jar:/home/user/.m2/repository/org/mockito/mockito-all/1.8.5/mockito-all-1.8.5.jar:/home/user/.m2/repository/org/apache/hadoop/hadoop-kms/3.2.0/hadoop-kms-3.2.0.jar:/home/user/.m2/repository/org/apache/hadoop/hadoop-auth/3.2.0/hadoop-auth-3.2.0.jar:/home/user/.m2/repository/com/nimbusds/nimbus-jose-jwt/4.41.1/nimbus-jose-jwt-4.41.1.jar:/home/user/.m2/repository/com/github/stephenc/jcip/jcip-annotations/1.0-1/jcip-annotations-1.0-1.jar:/home/user/.m2/repository/net/minidev/json-smart/2.3/json-smart-2.3.jar:/home/user/.m2/repository/net/minidev/accessors-smart/1.2/accessors-smart-1.2.jar:/home/user/.m2/repository/org/ow2/asm/asm/5.0.4/asm-5.0.4.jar:/home/user/.m2/repository/org/apache/curator/curator-framework/2.12.0/curator-framework-2.12.0.jar:/home/user/.m2/repository/com/sun/jersey/jersey-core/1.19/jersey-core-1.19.jar:/home/user/.m2/repository/javax/ws/rs/jsr311-api/1.1.1/jsr311-api-1.1.1.jar:/home/user/.m2/repository/com/sun/jersey/jersey-server/1.19/jersey-server-1.19.jar:/home/user/.m2/repository/javax/servlet/javax.servlet-api/3.1.0/javax.servlet-api-3.1.0.jar:/home/user/.m2/repository/org/eclipse/jetty/jetty-server/9.3.25.v20180904/jetty-server-9.3.25.v20180904.jar:/home/user/.m2/repository/org/eclipse/jetty/jetty-http/9.3.25.v20180904/jetty-http-9.3.25.v20180904.jar:/home/user/.m2/repository/org/eclipse/jetty/jetty-io/9.3.25.v20180904/jetty-io-9.3.25.v20180904.jar:/home/user/.m2/repository/org/eclipse/jetty/jetty-webapp/9.3.25.v20180904/jetty-webapp-9.3.25.v20180904.jar:/home/user/.m2/repository/org/eclipse/jetty/jetty-xml/9.3.25.v20180904/jetty-xml-9.3.25.v20180904.jar:/home/user/.m2/repository/log4j/log4j/1.2.17/log4j-1.2.17.jar:/home/user/.m2/repository/org/slf4j/slf4j-api/1.7.25/slf4j-api-1.7.25.jar:/home/user/.m2/repository/org/slf4j/jul-to-slf4j/1.7.25/jul-to-slf4j-1.7.25.jar:/home/user/.m2/repository/org/eclipse/jetty/jetty-util/9.3.25.v20180904/jetty-util-9.3.25.v20180904.jar:/home/user/.m2/repository/com/fasterxml/jackson/core/jackson-databind/2.9.9/jackson-databind-2.9.9.jar:/home/user/.m2/repository/org/apache/hadoop/hadoop-kms/3.2.0/hadoop-kms-3.2.0-tests.jar:/home/user/.m2/repository/org/apache/hadoop/hadoop-hdds-server-scm/0.5.0-SNAPSHOT/hadoop-hdds-server-scm-0.5.0-SNAPSHOT-tests.jar:/home/user/.m2/repository/org/apache/hadoop/hadoop-hdds-container-service/0.5.0-SNAPSHOT/hadoop-hdds-container-service-0.5.0-SNAPSHOT-tests.jar:/home/user/.m2/repository/org/yaml/snakeyaml/1.16/snakeyaml-1.16.jar:/home/user/.m2/repository/org/apache/hadoop/hadoop-common/3.2.0/hadoop-common-3.2.0-tests.jar:/home/user/.m2/repository/org/apache/hadoop/hadoop-annotations/3.2.0/hadoop-annotations-3.2.0.jar:/usr/lib/jvm/java-1.8-openjdk/jre/../lib/tools.jar:/home/user/.m2/repository/commons-cli/commons-cli/1.2/commons-cli-1.2.jar:/home/user/.m2/repository/org/apache/httpcomponents/httpclient/4.5.2/httpclient-4.5.2.jar:/home/user/.m2/repository/org/apache/httpcomponents/httpcore/4.4.4/httpcore-4.4.4.jar:/home/user/.m2/repository/commons-codec/commons-codec/1.11/commons-codec-1.11.jar:/home/user/.m2/repository/commons-net/commons-net/3.6/commons-net-3.6.jar:/home/user/.m2/repository/commons-collections/commons-collections/3.2.2/commons-collections-3.2.2.jar:/home/user/.m2/repository/org/eclipse/jetty/jetty-servlet/9.3.25.v20180904/jetty-servlet-9.3.25.v20180904.jar:/home/user/.m2/repository/org/eclipse/jetty/jetty-security/9.3.25.v20180904/jetty-security-9.3.25.v20180904.jar:/home/user/.m2/repository/javax/servlet/jsp/jsp-api/2.1/jsp-api-2.1.jar:/home/user/.m2/repository/com/sun/jersey/jersey-servlet/1.19/jersey-servlet-1.19.jar:/home/user/.m2/repository/com/sun/jersey/jersey-json/1.19/jersey-json-1.19.jar:/home/user/.m2/repository/org/codehaus/jettison/jettison/1.1/jettison-1.1.jar:/home/user/.m2/repository/org/codehaus/jackson/jackson-core-asl/1.9.13/jackson-core-asl-1.9.13.jar:/home/user/.m2/repository/org/codehaus/jackson/jackson-mapper-asl/1.9.13/jackson-mapper-asl-1.9.13.jar:/home/user/.m2/repository/org/codehaus/jackson/jackson-jaxrs/1.9.13/jackson-jaxrs-1.9.13.jar:/home/user/.m2/repository/org/codehaus/jackson/jackson-xc/1.9.13/jackson-xc-1.9.13.jar:/home/user/.m2/repository/commons-logging/commons-logging/1.1.3/commons-logging-1.1.3.jar:/home/user/.m2/repository/commons-beanutils/commons-beanutils/1.9.4/commons-beanutils-1.9.4.jar:/home/user/.m2/repository/org/apache/commons/commons-configuration2/2.1.1/commons-configuration2-2.1.1.jar:/home/user/.m2/repository/org/apache/commons/commons-lang3/3.7/commons-lang3-3.7.jar:/home/user/.m2/repository/org/apache/commons/commons-text/1.4/commons-text-1.4.jar:/home/user/.m2/repository/org/apache/avro/avro/1.7.7/avro-1.7.7.jar:/home/user/.m2/repository/com/thoughtworks/paranamer/paranamer/2.3/paranamer-2.3.jar:/home/user/.m2/repository/org/xerial/snappy/snappy-java/1.0.5/snappy-java-1.0.5.jar:/home/user/.m2/repository/com/google/re2j/re2j/1.1/re2j-1.1.jar:/home/user/.m2/repository/com/google/code/gson/gson/2.2.4/gson-2.2.4.jar:/home/user/.m2/repository/com/jcraft/jsch/0.1.54/jsch-0.1.54.jar:/home/user/.m2/repository/org/apache/curator/curator-client/2.12.0/curator-client-2.12.0.jar:/home/user/.m2/repository/org/apache/curator/curator-recipes/2.12.0/curator-recipes-2.12.0.jar:/home/user/.m2/repository/com/google/code/findbugs/jsr305/3.0.0/jsr305-3.0.0.jar:/home/user/.m2/repository/org/apache/htrace/htrace-core4/4.1.0-incubating/htrace-core4-4.1.0-incubating.jar:/home/user/.m2/repository/org/apache/zookeeper/zookeeper/3.4.13/zookeeper-3.4.13.jar:/home/user/.m2/repository/jline/jline/0.9.94/jline-0.9.94.jar:/home/user/.m2/repository/org/apache/yetus/audience-annotations/0.5.0/audience-annotations-0.5.0.jar:/home/user/.m2/repository/org/codehaus/woodstox/stax2-api/3.1.4/stax2-api-3.1.4.jar:/home/user/.m2/repository/com/fasterxml/woodstox/woodstox-core/5.0.3/woodstox-core-5.0.3.jar:/home/user/.m2/repository/dnsjava/dnsjava/2.1.7/dnsjava-2.1.7.jar:/home/user/.m2/repository/org/apache/hadoop/hadoop-hdfs/3.2.0/hadoop-hdfs-3.2.0-tests.jar:/home/user/.m2/repository/org/eclipse/jetty/jetty-util-ajax/9.3.25.v20180904/jetty-util-ajax-9.3.25.v20180904.jar:/home/user/.m2/repository/commons-daemon/commons-daemon/1.0.13/commons-daemon-1.0.13.jar:/home/user/.m2/repository/io/netty/netty/3.10.5.Final/netty-3.10.5.Final.jar:/home/user/.m2/repository/io/netty/netty-all/4.0.52.Final/netty-all-4.0.52.Final.jar:/home/user/.m2/repository/org/fusesource/leveldbjni/leveldbjni-all/1.8/leveldbjni-all-1.8.jar:"/>
    <property name="sun.cpu.endian" value="little"/>
    <property name="user.home" value="/home/user"/>
    <property name="user.language" value="en"/>
    <property name="java.specification.vendor" value="Oracle Corporation"/>
    <property name="java.home" value="/usr/lib/jvm/java-1.8-openjdk/jre"/>
    <property name="java.security.krb5.conf" value="/workdir/hadoop-ozone/integration-test/target/test-classes/krb5.conf"/>
    <property name="basedir" value="/workdir/hadoop-ozone/integration-test"/>
    <property name="file.separator" value="/"/>
    <property name="line.separator" value="&#10;"/>
    <property name="java.vm.specification.vendor" value="Oracle Corporation"/>
    <property name="java.specification.name" value="Java Platform API Specification"/>
    <property name="java.awt.graphicsenv" value="sun.awt.X11GraphicsEnvironment"/>
    <property name="surefire.real.class.path" value="/workdir/hadoop-ozone/integration-test/target/surefire/surefirebooter5073706046602397993.jar"/>
    <property name="hadoop.log.dir" value="/workdir/hadoop-ozone/integration-test/target/log"/>
    <property name="sun.boot.class.path" value="/usr/lib/jvm/java-1.8-openjdk/jre/lib/resources.jar:/usr/lib/jvm/java-1.8-openjdk/jre/lib/rt.jar:/usr/lib/jvm/java-1.8-openjdk/jre/lib/sunrsasign.jar:/usr/lib/jvm/java-1.8-openjdk/jre/lib/jsse.jar:/usr/lib/jvm/java-1.8-openjdk/jre/lib/jce.jar:/usr/lib/jvm/java-1.8-openjdk/jre/lib/charsets.jar:/usr/lib/jvm/java-1.8-openjdk/jre/lib/jfr.jar:/usr/lib/jvm/java-1.8-openjdk/jre/classes"/>
    <property name="sun.management.compiler" value="HotSpot 64-Bit Tiered Compilers"/>
    <property name="java.runtime.version" value="1.8.0_212-b04"/>
    <property name="java.net.preferIPv4Stack" value="true"/>
    <property name="user.name" value="jenkins1000"/>
    <property name="path.separator" value=":"/>
    <property name="java.security.egd" value="file:///dev/urandom"/>
    <property name="os.version" value="3.10.0-957.12.2.el7.x86_64"/>
    <property name="java.endorsed.dirs" value="/usr/lib/jvm/java-1.8-openjdk/jre/lib/endorsed"/>
    <property name="java.runtime.name" value="OpenJDK Runtime Environment"/>
    <property name="file.encoding" value="UTF-8"/>
    <property name="java.vm.name" value="OpenJDK 64-Bit Server VM"/>
    <property name="test.build.webapps" value=""/>
    <property name="localRepository" value="/home/user/.m2/repository"/>
    <property name="java.vendor.url.bug" value="https://icedtea.classpath.org/bugzilla"/>
    <property name="java.io.tmpdir" value="/tmp"/>
    <property name="require.test.libhadoop" value=""/>
    <property name="java.version" value="1.8.0_212"/>
    <property name="user.dir" value="/workdir/hadoop-ozone/integration-test"/>
    <property name="os.arch" value="amd64"/>
    <property name="java.vm.specification.name" value="Java Virtual Machine Specification"/>
    <property name="test.build.classes" value="/workdir/hadoop-ozone/integration-test/target/test-classes"/>
    <property name="java.awt.printerjob" value="sun.print.PSPrinterJob"/>
    <property name="sun.os.patch.level" value="unknown"/>
    <property name="hadoop.tmp.dir" value="/workdir/hadoop-ozone/integration-test/target/tmp"/>
    <property name="java.library.path" value="/usr/lib/jvm/java-1.8-openjdk/jre/lib/amd64/server:/usr/lib/jvm/java-1.8-openjdk/jre/lib/amd64:/usr/lib/jvm/java-1.8-openjdk/jre/../lib/amd64:/workdir/hadoop-ozone/integration-test/target/native/target/usr/local/lib:/workdir/hadoop-ozone/integration-test/../../hadoop-common-project/hadoop-common/target/native/target/usr/local/lib:/usr/java/packages/lib/amd64:/usr/lib64:/lib64:/lib:/usr/lib"/>
    <property name="java.vm.info" value="mixed mode"/>
    <property name="java.vendor" value="IcedTea"/>
    <property name="java.vm.version" value="25.212-b04"/>
    <property name="java.ext.dirs" value="/usr/lib/jvm/java-1.8-openjdk/jre/lib/ext:/usr/java/packages/lib/ext"/>
    <property name="sun.io.unicode.encoding" value="UnicodeLittle"/>
    <property name="java.class.version" value="52.0"/>
  </properties>
  <testcase name="testHybridPipelineOnDatanode" classname="org.apache.hadoop.ozone.client.rpc.TestHybridPipelineOnDatanode" time="6.647">
    <error message="Allocated 0 blocks. Requested 1 blocks" type="INTERNAL_ERROR org.apache.hadoop.ozone.om.exceptions.OMException">INTERNAL_ERROR org.apache.hadoop.ozone.om.exceptions.OMException: Allocated 0 blocks. Requested 1 blocks
	at org.apache.hadoop.ozone.om.protocolPB.OzoneManagerProtocolClientSideTranslatorPB.handleError(OzoneManagerProtocolClientSideTranslatorPB.java:732)
	at org.apache.hadoop.ozone.om.protocolPB.OzoneManagerProtocolClientSideTranslatorPB.openKey(OzoneManagerProtocolClientSideTranslatorPB.java:723)
	at sun.reflect.NativeMethodAccessorImpl.invoke0(Native Method)
	at sun.reflect.NativeMethodAccessorImpl.invoke(NativeMethodAccessorImpl.java:62)
	at sun.reflect.DelegatingMethodAccessorImpl.invoke(DelegatingMethodAccessorImpl.java:43)
	at java.lang.reflect.Method.invoke(Method.java:498)
	at org.apache.hadoop.hdds.tracing.TraceAllMethod.invoke(TraceAllMethod.java:66)
	at com.sun.proxy.$Proxy37.openKey(Unknown Source)
	at org.apache.hadoop.ozone.client.rpc.RpcClient.createKey(RpcClient.java:614)
	at org.apache.hadoop.ozone.client.OzoneBucket.createKey(OzoneBucket.java:325)
	at org.apache.hadoop.ozone.client.rpc.TestHybridPipelineOnDatanode.testHybridPipelineOnDatanode(TestHybridPipelineOnDatanode.java:115)
	at sun.reflect.NativeMethodAccessorImpl.invoke0(Native Method)
	at sun.reflect.NativeMethodAccessorImpl.invoke(NativeMethodAccessorImpl.java:62)
	at sun.reflect.DelegatingMethodAccessorImpl.invoke(DelegatingMethodAccessorImpl.java:43)
	at java.lang.reflect.Method.invoke(Method.java:498)
	at org.junit.runners.model.FrameworkMethod$1.runReflectiveCall(FrameworkMethod.java:47)
	at org.junit.internal.runners.model.ReflectiveCallable.run(ReflectiveCallable.java:12)
	at org.junit.runners.model.FrameworkMethod.invokeExplosively(FrameworkMethod.java:44)
	at org.junit.internal.runners.statements.InvokeMethod.evaluate(InvokeMethod.java:17)
	at org.junit.runners.ParentRunner.runLeaf(ParentRunner.java:271)
	at org.junit.runners.BlockJUnit4ClassRunner.runChild(BlockJUnit4ClassRunner.java:70)
	at org.junit.runners.BlockJUnit4ClassRunner.runChild(BlockJUnit4ClassRunner.java:50)
	at org.junit.runners.ParentRunner$3.run(ParentRunner.java:238)
	at org.junit.runners.ParentRunner$1.schedule(ParentRunner.java:63)
	at org.junit.runners.ParentRunner.runChildren(ParentRunner.java:236)
	at org.junit.runners.ParentRunner.access$000(ParentRunner.java:53)
	at org.junit.runners.ParentRunner$2.evaluate(ParentRunner.java:229)
	at org.junit.internal.runners.statements.RunBefores.evaluate(RunBefores.java:26)
	at org.junit.internal.runners.statements.RunAfters.evaluate(RunAfters.java:27)
	at org.junit.runners.ParentRunner.run(ParentRunner.java:309)
	at org.apache.maven.surefire.junit4.JUnit4Provider.execute(JUnit4Provider.java:365)
	at org.apache.maven.surefire.junit4.JUnit4Provider.executeWithRerun(JUnit4Provider.java:273)
	at org.apache.maven.surefire.junit4.JUnit4Provider.executeTestSet(JUnit4Provider.java:238)
	at org.apache.maven.surefire.junit4.JUnit4Provider.invoke(JUnit4Provider.java:159)
	at org.apache.maven.surefire.booter.ForkedBooter.invokeProviderInSameClassLoader(ForkedBooter.java:384)
	at org.apache.maven.surefire.booter.ForkedBooter.runSuitesInProcess(ForkedBooter.java:345)
	at org.apache.maven.surefire.booter.ForkedBooter.execute(ForkedBooter.java:126)
	at org.apache.maven.surefire.booter.ForkedBooter.main(ForkedBooter.java:418)
</error>
    <system-out><![CDATA[2019-09-25 12:11:02,815 [main] WARN  server.ServerUtils (ServerUtils.java:getScmDbDir(145)) - ozone.scm.db.dirs is not configured. We recommend adding this setting. Falling back to ozone.metadata.dirs instead.
2019-09-25 12:11:02,915 [main] WARN  server.ServerUtils (ServerUtils.java:getScmDbDir(145)) - ozone.scm.db.dirs is not configured. We recommend adding this setting. Falling back to ozone.metadata.dirs instead.
2019-09-25 12:11:02,918 [main] WARN  server.ServerUtils (ServerUtils.java:getScmDbDir(145)) - ozone.scm.db.dirs is not configured. We recommend adding this setting. Falling back to ozone.metadata.dirs instead.
2019-09-25 12:11:02,933 [main] INFO  util.log (Log.java:initialized(192)) - Logging initialized @842ms
2019-09-25 12:11:03,017 [main] INFO  db.DBStoreBuilder (DBStoreBuilder.java:addTable(110)) - using custom profile for table: deletedBlocks
2019-09-25 12:11:03,017 [main] INFO  db.DBStoreBuilder (DBStoreBuilder.java:processTables(161)) - Using default column profile:DBProfile.DISK for Table:deletedBlocks
2019-09-25 12:11:03,017 [main] INFO  db.DBStoreBuilder (DBStoreBuilder.java:addTable(110)) - using custom profile for table: validCerts
2019-09-25 12:11:03,018 [main] INFO  db.DBStoreBuilder (DBStoreBuilder.java:processTables(161)) - Using default column profile:DBProfile.DISK for Table:validCerts
2019-09-25 12:11:03,018 [main] INFO  db.DBStoreBuilder (DBStoreBuilder.java:addTable(110)) - using custom profile for table: revokedCerts
2019-09-25 12:11:03,018 [main] INFO  db.DBStoreBuilder (DBStoreBuilder.java:processTables(161)) - Using default column profile:DBProfile.DISK for Table:revokedCerts
2019-09-25 12:11:03,028 [main] INFO  db.DBStoreBuilder (DBStoreBuilder.java:addTable(110)) - using custom profile for table: default
2019-09-25 12:11:03,028 [main] INFO  db.DBStoreBuilder (DBStoreBuilder.java:processTables(167)) - Using default column profile:DBProfile.DISK for Table:default
2019-09-25 12:11:03,029 [main] INFO  db.DBStoreBuilder (DBStoreBuilder.java:getDbProfile(198)) - Using default options. DBProfile.DISK
2019-09-25 12:11:03,276 [main] INFO  net.NodeSchemaLoader (NodeSchemaLoader.java:loadSchemaFromFile(125)) - Loading file from sun.misc.CompoundEnumeration@a1153bc
2019-09-25 12:11:03,278 [main] INFO  net.NodeSchemaLoader (NodeSchemaLoader.java:loadSchema(171)) - Loading network topology layer schema file
2019-09-25 12:11:03,344 [main] WARN  server.ServerUtils (ServerUtils.java:sanitizeUserArgs(70)) - ozone.scm.stale.node.interval value = 300000 is larger than max = 100000 based on the key value of ozone.scm.heartbeat.thread.interval, reset to the max value 100000.
2019-09-25 12:11:03,345 [main] WARN  server.ServerUtils (ServerUtils.java:sanitizeUserArgs(70)) - ozone.scm.stale.node.interval value = 300000 is larger than max = 100000 based on the key value of ozone.scm.heartbeat.thread.interval, reset to the max value 100000.
2019-09-25 12:11:03,347 [main] INFO  node.SCMNodeManager (SCMNodeManager.java:<init>(114)) - Entering startup safe mode.
2019-09-25 12:11:03,416 [main] INFO  algorithms.ContainerPlacementPolicyFactory (ContainerPlacementPolicyFactory.java:getPolicy(59)) - Create container placement policy of type org.apache.hadoop.hdds.scm.container.placement.algorithms.SCMContainerPlacementRandom
2019-09-25 12:11:03,430 [main] WARN  server.ServerUtils (ServerUtils.java:getScmDbDir(145)) - ozone.scm.db.dirs is not configured. We recommend adding this setting. Falling back to ozone.metadata.dirs instead.
2019-09-25 12:11:03,505 [main] INFO  pipeline.SCMPipelineManager (SCMPipelineManager.java:initializePipelineState(132)) - No pipeline exists in current db
2019-09-25 12:11:03,508 [main] WARN  server.ServerUtils (ServerUtils.java:getScmDbDir(145)) - ozone.scm.db.dirs is not configured. We recommend adding this setting. Falling back to ozone.metadata.dirs instead.
2019-09-25 12:11:03,619 [main] WARN  events.EventQueue (EventQueue.java:fireEvent(183)) - No event handler registered for event TypedEvent{payloadType=SafeModeStatus, name='SafeModeStatus'}
2019-09-25 12:11:03,985 [main] INFO  ipc.CallQueueManager (CallQueueManager.java:<init>(84)) - Using callQueue: class java.util.concurrent.LinkedBlockingQueue, queueCapacity: 2000, scheduler: class org.apache.hadoop.ipc.DefaultRpcScheduler, ipcBackoff: false.
2019-09-25 12:11:04,013 [Socket Reader #1 for port 42378] INFO  ipc.Server (Server.java:run(1074)) - Starting Socket Reader #1 for port 42378
2019-09-25 12:11:04,138 [main] INFO  ipc.CallQueueManager (CallQueueManager.java:<init>(84)) - Using callQueue: class java.util.concurrent.LinkedBlockingQueue, queueCapacity: 2000, scheduler: class org.apache.hadoop.ipc.DefaultRpcScheduler, ipcBackoff: false.
2019-09-25 12:11:04,139 [Socket Reader #1 for port 44367] INFO  ipc.Server (Server.java:run(1074)) - Starting Socket Reader #1 for port 44367
2019-09-25 12:11:04,148 [main] INFO  ipc.CallQueueManager (CallQueueManager.java:<init>(84)) - Using callQueue: class java.util.concurrent.LinkedBlockingQueue, queueCapacity: 2000, scheduler: class org.apache.hadoop.ipc.DefaultRpcScheduler, ipcBackoff: false.
2019-09-25 12:11:04,149 [Socket Reader #1 for port 34067] INFO  ipc.Server (Server.java:run(1074)) - Starting Socket Reader #1 for port 34067
2019-09-25 12:11:04,174 [main] INFO  hdfs.DFSUtil (DFSUtil.java:httpServerTemplateForNNAndJN(1641)) - Starting Web-server for scm at: http://0.0.0.0:0
2019-09-25 12:11:04,319 [main] INFO  server.AuthenticationFilter (AuthenticationFilter.java:constructSecretProvider(240)) - Unable to initialize FileSignerSecretProvider, falling back to use random secrets.
2019-09-25 12:11:04,327 [main] WARN  http.HttpRequestLog (HttpRequestLog.java:getRequestLog(97)) - Jetty request log can only be enabled using Log4j
2019-09-25 12:11:04,335 [main] INFO  http.HttpServer2 (HttpServer2.java:addGlobalFilter(975)) - Added global filter 'safety' (class=org.apache.hadoop.http.HttpServer2$QuotingInputFilter)
2019-09-25 12:11:04,337 [main] INFO  http.HttpServer2 (HttpServer2.java:addFilter(948)) - Added filter static_user_filter (class=org.apache.hadoop.http.lib.StaticUserWebFilter$StaticUserFilter) to context scm
2019-09-25 12:11:04,338 [main] INFO  http.HttpServer2 (HttpServer2.java:addFilter(958)) - Added filter static_user_filter (class=org.apache.hadoop.http.lib.StaticUserWebFilter$StaticUserFilter) to context static
2019-09-25 12:11:04,338 [main] INFO  http.HttpServer2 (HttpServer2.java:addFilter(958)) - Added filter static_user_filter (class=org.apache.hadoop.http.lib.StaticUserWebFilter$StaticUserFilter) to context logs
2019-09-25 12:11:04,367 [main] INFO  server.StorageContainerManager (StorageContainerManager.java:start(770)) - StorageContainerLocationProtocol RPC server is listening at /0.0.0.0:34067
2019-09-25 12:11:04,430 [main] WARN  impl.MetricsConfig (MetricsConfig.java:loadFirst(134)) - Cannot locate configuration: tried hadoop-metrics2-storagecontainermanager.properties,hadoop-metrics2.properties
2019-09-25 12:11:04,442 [main] INFO  impl.MetricsSystemImpl (MetricsSystemImpl.java:startTimer(374)) - Scheduled Metric snapshot period at 10 second(s).
2019-09-25 12:11:04,442 [main] INFO  impl.MetricsSystemImpl (MetricsSystemImpl.java:start(191)) - StorageContainerManager metrics system started
2019-09-25 12:11:04,669 [main] INFO  server.SCMClientProtocolServer (SCMClientProtocolServer.java:start(151)) - RPC server for Client  is listening at /0.0.0.0:34067
2019-09-25 12:11:04,670 [IPC Server Responder] INFO  ipc.Server (Server.java:run(1314)) - IPC Server Responder: starting
2019-09-25 12:11:04,670 [IPC Server listener on 34067] INFO  ipc.Server (Server.java:run(1153)) - IPC Server listener on 34067: starting
2019-09-25 12:11:04,672 [main] INFO  server.StorageContainerManager (StorageContainerManager.java:start(780)) - ScmBlockLocationProtocol RPC server is listening at /0.0.0.0:44367
2019-09-25 12:11:04,673 [main] INFO  server.SCMBlockProtocolServer (SCMBlockProtocolServer.java:start(146)) - RPC server for Block Protocol is listening at /0.0.0.0:44367
2019-09-25 12:11:04,674 [IPC Server Responder] INFO  ipc.Server (Server.java:run(1314)) - IPC Server Responder: starting
2019-09-25 12:11:04,674 [IPC Server listener on 44367] INFO  ipc.Server (Server.java:run(1153)) - IPC Server listener on 44367: starting
2019-09-25 12:11:04,676 [main] INFO  server.StorageContainerManager (StorageContainerManager.java:start(784)) - ScmDatanodeProtocl RPC server is listening at /0.0.0.0:42378
2019-09-25 12:11:04,676 [main] INFO  server.SCMDatanodeProtocolServer (SCMDatanodeProtocolServer.java:start(191)) - RPC server for DataNodes is listening at /0.0.0.0:42378
2019-09-25 12:11:04,678 [IPC Server listener on 42378] INFO  ipc.Server (Server.java:run(1153)) - IPC Server listener on 42378: starting
2019-09-25 12:11:04,678 [IPC Server Responder] INFO  ipc.Server (Server.java:run(1314)) - IPC Server Responder: starting
2019-09-25 12:11:04,683 [main] INFO  http.HttpServer2 (HttpServer2.java:bindListener(1191)) - Jetty bound to port 36826
2019-09-25 12:11:04,684 [main] INFO  server.Server (Server.java:doStart(351)) - jetty-9.3.25.v20180904, build timestamp: 2018-09-04T21:11:46Z, git hash: 3ce520221d0240229c862b122d2b06c12a625732
2019-09-25 12:11:04,719 [main] INFO  handler.ContextHandler (ContextHandler.java:doStart(781)) - Started o.e.j.s.ServletContextHandler@6622fc65{/logs,file:///workdir/hadoop-ozone/integration-test/target/log,AVAILABLE}
2019-09-25 12:11:04,720 [main] INFO  handler.ContextHandler (ContextHandler.java:doStart(781)) - Started o.e.j.s.ServletContextHandler@23fb172e{/static,file:///workdir/hadoop-ozone/integration-test/target/test-classes/webapps/static,AVAILABLE}
2019-09-25 12:11:04,750 [main] INFO  handler.ContextHandler (ContextHandler.java:doStart(781)) - Started o.e.j.w.WebAppContext@3591009c{/,file:///workdir/hadoop-ozone/integration-test/target/test-classes/webapps/scm/,AVAILABLE}{/scm}
2019-09-25 12:11:04,755 [main] INFO  server.AbstractConnector (AbstractConnector.java:doStart(278)) - Started ServerConnector@2de366bb{HTTP/1.1,[http/1.1]}{0.0.0.0:36826}
2019-09-25 12:11:04,756 [main] INFO  server.Server (Server.java:doStart(419)) - Started @2665ms
2019-09-25 12:11:04,757 [main] INFO  impl.MetricsSinkAdapter (MetricsSinkAdapter.java:start(204)) - Sink prometheus started
2019-09-25 12:11:04,758 [main] INFO  impl.MetricsSystemImpl (MetricsSystemImpl.java:registerSink(301)) - Registered sink prometheus
2019-09-25 12:11:04,759 [main] INFO  server.BaseHttpServer (BaseHttpServer.java:updateConnectorAddress(215)) - HTTP server of SCM is listening at http://0.0.0.0:36826
2019-09-25 12:11:04,766 [org.apache.hadoop.util.JvmPauseMonitor$Monitor@64f857e7] INFO  util.JvmPauseMonitor (JvmPauseMonitor.java:run(188)) - Starting JVM pause monitor
2019-09-25 12:11:04,770 [main] WARN  server.ServerUtils (ServerUtils.java:getDBPath(222)) - ozone.om.db.dirs is not configured. We recommend adding this setting. Falling back to ozone.metadata.dirs instead.
2019-09-25 12:11:04,889 [main] WARN  server.ServerUtils (ServerUtils.java:getDBPath(222)) - ozone.om.db.dirs is not configured. We recommend adding this setting. Falling back to ozone.metadata.dirs instead.
2019-09-25 12:11:04,889 [main] WARN  server.ServerUtils (ServerUtils.java:getDBPath(222)) - ozone.om.db.dirs is not configured. We recommend adding this setting. Falling back to ozone.metadata.dirs instead.
2019-09-25 12:11:04,890 [main] INFO  om.OzoneManager (OzoneManager.java:setOMNodeDetails(652)) - OM Service ID is not set. Setting it to the default ID: omServiceIdDefault
2019-09-25 12:11:04,890 [main] INFO  om.OzoneManager (OzoneManager.java:setOMNodeDetails(658)) - OM Node ID is not set. Setting it to the OmStorage's OmID: c2a96238-a16b-4346-a493-a8158112264a
2019-09-25 12:11:04,891 [main] INFO  om.OzoneManager (OzoneManager.java:loadOMHAConfigs(609)) - Found matching OM address with OMServiceId: null, OMNodeId: null, RPC Address: localhost:0 and Ratis port: 9872
2019-09-25 12:11:05,508 [main] WARN  server.ServerUtils (ServerUtils.java:getDBPath(222)) - ozone.om.db.dirs is not configured. We recommend adding this setting. Falling back to ozone.metadata.dirs instead.
2019-09-25 12:11:05,514 [main] INFO  db.DBStoreBuilder (DBStoreBuilder.java:addTable(110)) - using custom profile for table: userTable
2019-09-25 12:11:05,515 [main] INFO  db.DBStoreBuilder (DBStoreBuilder.java:processTables(161)) - Using default column profile:DBProfile.DISK for Table:userTable
2019-09-25 12:11:05,515 [main] INFO  db.DBStoreBuilder (DBStoreBuilder.java:addTable(110)) - using custom profile for table: volumeTable
2019-09-25 12:11:05,515 [main] INFO  db.DBStoreBuilder (DBStoreBuilder.java:processTables(161)) - Using default column profile:DBProfile.DISK for Table:volumeTable
2019-09-25 12:11:05,515 [main] INFO  db.DBStoreBuilder (DBStoreBuilder.java:addTable(110)) - using custom profile for table: bucketTable
2019-09-25 12:11:05,515 [main] INFO  db.DBStoreBuilder (DBStoreBuilder.java:processTables(161)) - Using default column profile:DBProfile.DISK for Table:bucketTable
2019-09-25 12:11:05,516 [main] INFO  db.DBStoreBuilder (DBStoreBuilder.java:addTable(110)) - using custom profile for table: keyTable
2019-09-25 12:11:05,516 [main] INFO  db.DBStoreBuilder (DBStoreBuilder.java:processTables(161)) - Using default column profile:DBProfile.DISK for Table:keyTable
2019-09-25 12:11:05,516 [main] INFO  db.DBStoreBuilder (DBStoreBuilder.java:addTable(110)) - using custom profile for table: deletedTable
2019-09-25 12:11:05,516 [main] INFO  db.DBStoreBuilder (DBStoreBuilder.java:processTables(161)) - Using default column profile:DBProfile.DISK for Table:deletedTable
2019-09-25 12:11:05,516 [main] INFO  db.DBStoreBuilder (DBStoreBuilder.java:addTable(110)) - using custom profile for table: openKeyTable
2019-09-25 12:11:05,517 [main] INFO  db.DBStoreBuilder (DBStoreBuilder.java:processTables(161)) - Using default column profile:DBProfile.DISK for Table:openKeyTable
2019-09-25 12:11:05,517 [main] INFO  db.DBStoreBuilder (DBStoreBuilder.java:addTable(110)) - using custom profile for table: s3Table
2019-09-25 12:11:05,517 [main] INFO  db.DBStoreBuilder (DBStoreBuilder.java:processTables(161)) - Using default column profile:DBProfile.DISK for Table:s3Table
2019-09-25 12:11:05,517 [main] INFO  db.DBStoreBuilder (DBStoreBuilder.java:addTable(110)) - using custom profile for table: multipartInfoTable
2019-09-25 12:11:05,517 [main] INFO  db.DBStoreBuilder (DBStoreBuilder.java:processTables(161)) - Using default column profile:DBProfile.DISK for Table:multipartInfoTable
2019-09-25 12:11:05,518 [main] INFO  db.DBStoreBuilder (DBStoreBuilder.java:addTable(110)) - using custom profile for table: dTokenTable
2019-09-25 12:11:05,518 [main] INFO  db.DBStoreBuilder (DBStoreBuilder.java:processTables(161)) - Using default column profile:DBProfile.DISK for Table:dTokenTable
2019-09-25 12:11:05,518 [main] INFO  db.DBStoreBuilder (DBStoreBuilder.java:addTable(110)) - using custom profile for table: s3SecretTable
2019-09-25 12:11:05,518 [main] INFO  db.DBStoreBuilder (DBStoreBuilder.java:processTables(161)) - Using default column profile:DBProfile.DISK for Table:s3SecretTable
2019-09-25 12:11:05,518 [main] INFO  db.DBStoreBuilder (DBStoreBuilder.java:addTable(110)) - using custom profile for table: prefixTable
2019-09-25 12:11:05,519 [main] INFO  db.DBStoreBuilder (DBStoreBuilder.java:processTables(161)) - Using default column profile:DBProfile.DISK for Table:prefixTable
2019-09-25 12:11:05,519 [main] INFO  db.DBStoreBuilder (DBStoreBuilder.java:addTable(110)) - using custom profile for table: default
2019-09-25 12:11:05,519 [main] INFO  db.DBStoreBuilder (DBStoreBuilder.java:processTables(167)) - Using default column profile:DBProfile.DISK for Table:default
2019-09-25 12:11:05,519 [main] INFO  db.DBStoreBuilder (DBStoreBuilder.java:getDbProfile(198)) - Using default options. DBProfile.DISK
2019-09-25 12:11:06,080 [main] INFO  ipc.CallQueueManager (CallQueueManager.java:<init>(84)) - Using callQueue: class java.util.concurrent.LinkedBlockingQueue, queueCapacity: 2000, scheduler: class org.apache.hadoop.ipc.DefaultRpcScheduler, ipcBackoff: false.
2019-09-25 12:11:06,081 [Socket Reader #1 for port 33016] INFO  ipc.Server (Server.java:run(1074)) - Starting Socket Reader #1 for port 33016
2019-09-25 12:11:06,102 [main] INFO  om.OzoneManager (OzoneManager.java:start(1243)) - OzoneManager RPC server is listening at localhost/127.0.0.1:33016
2019-09-25 12:11:06,103 [main] INFO  impl.MetricsSystemImpl (MetricsSystemImpl.java:init(158)) - OzoneManager metrics system started (again)
2019-09-25 12:11:06,105 [IPC Server Responder] INFO  ipc.Server (Server.java:run(1314)) - IPC Server Responder: starting
2019-09-25 12:11:06,105 [IPC Server listener on 33016] INFO  ipc.Server (Server.java:run(1153)) - IPC Server listener on 33016: starting
2019-09-25 12:11:06,110 [main] INFO  hdfs.DFSUtil (DFSUtil.java:httpServerTemplateForNNAndJN(1641)) - Starting Web-server for ozoneManager at: http://0.0.0.0:0
2019-09-25 12:11:06,112 [main] INFO  server.AuthenticationFilter (AuthenticationFilter.java:constructSecretProvider(240)) - Unable to initialize FileSignerSecretProvider, falling back to use random secrets.
2019-09-25 12:11:06,113 [main] WARN  http.HttpRequestLog (HttpRequestLog.java:getRequestLog(97)) - Jetty request log can only be enabled using Log4j
2019-09-25 12:11:06,117 [main] INFO  http.HttpServer2 (HttpServer2.java:addGlobalFilter(975)) - Added global filter 'safety' (class=org.apache.hadoop.http.HttpServer2$QuotingInputFilter)
2019-09-25 12:11:06,118 [main] INFO  http.HttpServer2 (HttpServer2.java:addFilter(948)) - Added filter static_user_filter (class=org.apache.hadoop.http.lib.StaticUserWebFilter$StaticUserFilter) to context ozoneManager
2019-09-25 12:11:06,119 [main] INFO  http.HttpServer2 (HttpServer2.java:addFilter(958)) - Added filter static_user_filter (class=org.apache.hadoop.http.lib.StaticUserWebFilter$StaticUserFilter) to context logs
2019-09-25 12:11:06,119 [main] INFO  http.HttpServer2 (HttpServer2.java:addFilter(958)) - Added filter static_user_filter (class=org.apache.hadoop.http.lib.StaticUserWebFilter$StaticUserFilter) to context static
2019-09-25 12:11:06,122 [main] INFO  http.HttpServer2 (HttpServer2.java:bindListener(1191)) - Jetty bound to port 37707
2019-09-25 12:11:06,122 [main] INFO  server.Server (Server.java:doStart(351)) - jetty-9.3.25.v20180904, build timestamp: 2018-09-04T21:11:46Z, git hash: 3ce520221d0240229c862b122d2b06c12a625732
2019-09-25 12:11:06,125 [main] INFO  handler.ContextHandler (ContextHandler.java:doStart(781)) - Started o.e.j.s.ServletContextHandler@677b8e13{/logs,file:///workdir/hadoop-ozone/integration-test/target/log,AVAILABLE}
2019-09-25 12:11:06,126 [main] INFO  handler.ContextHandler (ContextHandler.java:doStart(781)) - Started o.e.j.s.ServletContextHandler@4c27d39d{/static,file:///workdir/hadoop-ozone/integration-test/target/test-classes/webapps/static,AVAILABLE}
2019-09-25 12:11:06,133 [main] INFO  handler.ContextHandler (ContextHandler.java:doStart(781)) - Started o.e.j.w.WebAppContext@3a022576{/,file:///workdir/hadoop-ozone/integration-test/target/test-classes/webapps/ozoneManager/,AVAILABLE}{/ozoneManager}
2019-09-25 12:11:06,134 [main] INFO  server.AbstractConnector (AbstractConnector.java:doStart(278)) - Started ServerConnector@2dbd803f{HTTP/1.1,[http/1.1]}{0.0.0.0:37707}
2019-09-25 12:11:06,134 [main] INFO  server.Server (Server.java:doStart(419)) - Started @4044ms
2019-09-25 12:11:06,135 [main] WARN  impl.MetricsSystemImpl (MetricsSystemImpl.java:register(276)) - Sink prometheus already exists!
2019-09-25 12:11:06,135 [main] INFO  server.BaseHttpServer (BaseHttpServer.java:updateConnectorAddress(215)) - HTTP server of OZONEMANAGER is listening at http://0.0.0.0:37707
2019-09-25 12:11:06,445 [main] INFO  impl.MetricsSystemImpl (MetricsSystemImpl.java:init(158)) - HddsDatanode metrics system started (again)
2019-09-25 12:11:06,497 [main] INFO  ozone.HddsDatanodeService (HddsDatanodeService.java:start(184)) - HddsDatanodeService host:pr-hdds-1569-shd4m-3693607622 ip:192.168.151.73
2019-09-25 12:11:06,526 [main] INFO  volume.HddsVolume (HddsVolume.java:<init>(176)) - Creating Volume: /workdir/hadoop-ozone/integration-test/target/test-dir/MiniOzoneClusterImpl-14adbd36-3f13-49d9-943b-28fb447cae9b/datanode-0/data/containers/hdds of  storage type : DISK and capacity : 1482555576320
2019-09-25 12:11:06,528 [main] INFO  volume.VolumeSet (VolumeSet.java:initializeVolumeSet(170)) - Added Volume : /workdir/hadoop-ozone/integration-test/target/test-dir/MiniOzoneClusterImpl-14adbd36-3f13-49d9-943b-28fb447cae9b/datanode-0/data/containers/hdds to VolumeSet
2019-09-25 12:11:06,531 [main] INFO  volume.ThrottledAsyncChecker (ThrottledAsyncChecker.java:schedule(139)) - Scheduling a check for org.apache.hadoop.ozone.container.common.volume.HddsVolume@4992613f
2019-09-25 12:11:06,547 [main] INFO  volume.HddsVolumeChecker (HddsVolumeChecker.java:checkAllVolumes(202)) - Scheduled health check for volume org.apache.hadoop.ozone.container.common.volume.HddsVolume@4992613f
2019-09-25 12:11:06,652 [main] INFO  impl.RaftServerProxy (ConfUtils.java:logGet(43)) - raft.rpc.type = GRPC (default)
2019-09-25 12:11:06,718 [main] INFO  grpc.GrpcFactory (GrpcFactory.java:checkPooledByteBufAllocatorUseCacheForAllThreads(45)) - PERFORMANCE WARNING: useCacheForAllThreads is true that may cause Netty to create a lot garbage objects and, as a result, trigger GC.
	It is recommended to disable useCacheForAllThreads by setting -Dorg.apache.ratis.thirdparty.io.netty.allocator.useCacheForAllThreads=false in command line.
2019-09-25 12:11:06,723 [main] INFO  grpc.GrpcConfigKeys$Server (ConfUtils.java:logGet(43)) - raft.grpc.server.port = 0 (default)
2019-09-25 12:11:06,724 [main] INFO  server.GrpcService (ConfUtils.java:logGet(43)) - raft.grpc.message.size.max = 33570816 (custom)
2019-09-25 12:11:06,725 [main] INFO  server.RaftServerConfigKeys (ConfUtils.java:logGet(43)) - raft.server.log.appender.buffer.byte-limit = 33554432 (custom)
2019-09-25 12:11:06,726 [main] INFO  server.GrpcService (ConfUtils.java:logGet(43)) - raft.grpc.flow.control.window = 1MB (=1048576) (default)
2019-09-25 12:11:06,727 [main] INFO  server.RaftServerConfigKeys (ConfUtils.java:logGet(43)) - raft.server.rpc.request.timeout = 3000ms (default)
2019-09-25 12:11:06,929 [main] INFO  server.RaftServerConfigKeys (ConfUtils.java:logGet(43)) - raft.server.storage.dir = [/workdir/hadoop-ozone/integration-test/target/test-dir/MiniOzoneClusterImpl-14adbd36-3f13-49d9-943b-28fb447cae9b/datanode-0/data/ratis] (custom)
2019-09-25 12:11:06,993 [main] INFO  hdfs.DFSUtil (DFSUtil.java:httpServerTemplateForNNAndJN(1641)) - Starting Web-server for hddsDatanode at: http://0.0.0.0:0
2019-09-25 12:11:06,997 [main] INFO  server.AuthenticationFilter (AuthenticationFilter.java:constructSecretProvider(240)) - Unable to initialize FileSignerSecretProvider, falling back to use random secrets.
2019-09-25 12:11:06,998 [main] WARN  http.HttpRequestLog (HttpRequestLog.java:getRequestLog(97)) - Jetty request log can only be enabled using Log4j
2019-09-25 12:11:07,001 [main] INFO  http.HttpServer2 (HttpServer2.java:addGlobalFilter(975)) - Added global filter 'safety' (class=org.apache.hadoop.http.HttpServer2$QuotingInputFilter)
2019-09-25 12:11:07,001 [main] INFO  http.HttpServer2 (HttpServer2.java:addFilter(948)) - Added filter static_user_filter (class=org.apache.hadoop.http.lib.StaticUserWebFilter$StaticUserFilter) to context hddsDatanode
2019-09-25 12:11:07,002 [main] INFO  http.HttpServer2 (HttpServer2.java:addFilter(958)) - Added filter static_user_filter (class=org.apache.hadoop.http.lib.StaticUserWebFilter$StaticUserFilter) to context logs
2019-09-25 12:11:07,002 [main] INFO  http.HttpServer2 (HttpServer2.java:addFilter(958)) - Added filter static_user_filter (class=org.apache.hadoop.http.lib.StaticUserWebFilter$StaticUserFilter) to context static
2019-09-25 12:11:07,004 [main] INFO  http.HttpServer2 (HttpServer2.java:bindListener(1191)) - Jetty bound to port 33845
2019-09-25 12:11:07,004 [main] INFO  server.Server (Server.java:doStart(351)) - jetty-9.3.25.v20180904, build timestamp: 2018-09-04T21:11:46Z, git hash: 3ce520221d0240229c862b122d2b06c12a625732
2019-09-25 12:11:07,007 [main] INFO  handler.ContextHandler (ContextHandler.java:doStart(781)) - Started o.e.j.s.ServletContextHandler@262816a8{/logs,file:///workdir/hadoop-ozone/integration-test/target/log,AVAILABLE}
2019-09-25 12:11:07,007 [main] INFO  handler.ContextHandler (ContextHandler.java:doStart(781)) - Started o.e.j.s.ServletContextHandler@46c269e0{/static,jar:file:/home/user/.m2/repository/org/apache/hadoop/hadoop-hdds-container-service/0.5.0-SNAPSHOT/hadoop-hdds-container-service-0.5.0-SNAPSHOT.jar!/webapps/static,AVAILABLE}
2019-09-25 12:11:07,041 [main] INFO  handler.ContextHandler (ContextHandler.java:doStart(781)) - Started o.e.j.w.WebAppContext@255eaa6b{/,file:///tmp/jetty-0.0.0.0-33845-hddsDatanode-_-any-8459027178321045152.dir/webapp/,AVAILABLE}{/hddsDatanode}
2019-09-25 12:11:07,041 [main] INFO  server.AbstractConnector (AbstractConnector.java:doStart(278)) - Started ServerConnector@476fe690{HTTP/1.1,[http/1.1]}{0.0.0.0:33845}
2019-09-25 12:11:07,042 [main] INFO  server.Server (Server.java:doStart(419)) - Started @4952ms
2019-09-25 12:11:07,043 [main] WARN  impl.MetricsSystemImpl (MetricsSystemImpl.java:register(276)) - Sink prometheus already exists!
2019-09-25 12:11:07,044 [main] INFO  server.BaseHttpServer (BaseHttpServer.java:updateConnectorAddress(215)) - HTTP server of HDDSDATANODE is listening at http://0.0.0.0:33845
2019-09-25 12:11:07,045 [main] INFO  impl.MetricsSystemImpl (MetricsSystemImpl.java:init(158)) - HddsDatanode metrics system started (again)
2019-09-25 12:11:07,050 [main] INFO  ozone.HddsDatanodeService (HddsDatanodeService.java:start(184)) - HddsDatanodeService host:pr-hdds-1569-shd4m-3693607622 ip:192.168.151.73
2019-09-25 12:11:07,052 [org.apache.hadoop.util.JvmPauseMonitor$Monitor@59fc5832] INFO  util.JvmPauseMonitor (JvmPauseMonitor.java:run(188)) - Starting JVM pause monitor
2019-09-25 12:11:07,059 [main] INFO  volume.HddsVolume (HddsVolume.java:<init>(176)) - Creating Volume: /workdir/hadoop-ozone/integration-test/target/test-dir/MiniOzoneClusterImpl-14adbd36-3f13-49d9-943b-28fb447cae9b/datanode-1/data/containers/hdds of  storage type : DISK and capacity : 1482555576320
2019-09-25 12:11:07,059 [main] INFO  volume.VolumeSet (VolumeSet.java:initializeVolumeSet(170)) - Added Volume : /workdir/hadoop-ozone/integration-test/target/test-dir/MiniOzoneClusterImpl-14adbd36-3f13-49d9-943b-28fb447cae9b/datanode-1/data/containers/hdds to VolumeSet
2019-09-25 12:11:07,059 [main] INFO  volume.ThrottledAsyncChecker (ThrottledAsyncChecker.java:schedule(139)) - Scheduling a check for org.apache.hadoop.ozone.container.common.volume.HddsVolume@623dcf2a
2019-09-25 12:11:07,061 [main] INFO  volume.HddsVolumeChecker (HddsVolumeChecker.java:checkAllVolumes(202)) - Scheduled health check for volume org.apache.hadoop.ozone.container.common.volume.HddsVolume@623dcf2a
2019-09-25 12:11:07,078 [main] INFO  impl.RaftServerProxy (ConfUtils.java:logGet(43)) - raft.rpc.type = GRPC (default)
2019-09-25 12:11:07,078 [main] INFO  grpc.GrpcFactory (GrpcFactory.java:checkPooledByteBufAllocatorUseCacheForAllThreads(45)) - PERFORMANCE WARNING: useCacheForAllThreads is true that may cause Netty to create a lot garbage objects and, as a result, trigger GC.
	It is recommended to disable useCacheForAllThreads by setting -Dorg.apache.ratis.thirdparty.io.netty.allocator.useCacheForAllThreads=false in command line.
2019-09-25 12:11:07,079 [main] INFO  grpc.GrpcConfigKeys$Server (ConfUtils.java:logGet(43)) - raft.grpc.server.port = 0 (default)
2019-09-25 12:11:07,079 [main] INFO  server.GrpcService (ConfUtils.java:logGet(43)) - raft.grpc.message.size.max = 33570816 (custom)
2019-09-25 12:11:07,079 [main] INFO  server.RaftServerConfigKeys (ConfUtils.java:logGet(43)) - raft.server.log.appender.buffer.byte-limit = 33554432 (custom)
2019-09-25 12:11:07,079 [main] INFO  server.GrpcService (ConfUtils.java:logGet(43)) - raft.grpc.flow.control.window = 1MB (=1048576) (default)
2019-09-25 12:11:07,080 [main] INFO  server.RaftServerConfigKeys (ConfUtils.java:logGet(43)) - raft.server.rpc.request.timeout = 3000ms (default)
2019-09-25 12:11:07,080 [main] INFO  server.RaftServerConfigKeys (ConfUtils.java:logGet(43)) - raft.server.storage.dir = [/workdir/hadoop-ozone/integration-test/target/test-dir/MiniOzoneClusterImpl-14adbd36-3f13-49d9-943b-28fb447cae9b/datanode-1/data/ratis] (custom)
2019-09-25 12:11:07,082 [main] INFO  hdfs.DFSUtil (DFSUtil.java:httpServerTemplateForNNAndJN(1641)) - Starting Web-server for hddsDatanode at: http://0.0.0.0:0
2019-09-25 12:11:07,084 [main] INFO  server.AuthenticationFilter (AuthenticationFilter.java:constructSecretProvider(240)) - Unable to initialize FileSignerSecretProvider, falling back to use random secrets.
2019-09-25 12:11:07,085 [main] WARN  http.HttpRequestLog (HttpRequestLog.java:getRequestLog(97)) - Jetty request log can only be enabled using Log4j
2019-09-25 12:11:07,087 [main] INFO  http.HttpServer2 (HttpServer2.java:addGlobalFilter(975)) - Added global filter 'safety' (class=org.apache.hadoop.http.HttpServer2$QuotingInputFilter)
2019-09-25 12:11:07,088 [main] INFO  http.HttpServer2 (HttpServer2.java:addFilter(948)) - Added filter static_user_filter (class=org.apache.hadoop.http.lib.StaticUserWebFilter$StaticUserFilter) to context hddsDatanode
2019-09-25 12:11:07,088 [main] INFO  http.HttpServer2 (HttpServer2.java:addFilter(958)) - Added filter static_user_filter (class=org.apache.hadoop.http.lib.StaticUserWebFilter$StaticUserFilter) to context logs
2019-09-25 12:11:07,088 [main] INFO  http.HttpServer2 (HttpServer2.java:addFilter(958)) - Added filter static_user_filter (class=org.apache.hadoop.http.lib.StaticUserWebFilter$StaticUserFilter) to context static
2019-09-25 12:11:07,089 [main] INFO  http.HttpServer2 (HttpServer2.java:bindListener(1191)) - Jetty bound to port 37940
2019-09-25 12:11:07,089 [main] INFO  server.Server (Server.java:doStart(351)) - jetty-9.3.25.v20180904, build timestamp: 2018-09-04T21:11:46Z, git hash: 3ce520221d0240229c862b122d2b06c12a625732
2019-09-25 12:11:07,091 [main] INFO  handler.ContextHandler (ContextHandler.java:doStart(781)) - Started o.e.j.s.ServletContextHandler@654c7d2d{/logs,file:///workdir/hadoop-ozone/integration-test/target/log,AVAILABLE}
2019-09-25 12:11:07,093 [main] INFO  handler.ContextHandler (ContextHandler.java:doStart(781)) - Started o.e.j.s.ServletContextHandler@15400fff{/static,jar:file:/home/user/.m2/repository/org/apache/hadoop/hadoop-hdds-container-service/0.5.0-SNAPSHOT/hadoop-hdds-container-service-0.5.0-SNAPSHOT.jar!/webapps/static,AVAILABLE}
2019-09-25 12:11:07,123 [main] INFO  handler.ContextHandler (ContextHandler.java:doStart(781)) - Started o.e.j.w.WebAppContext@25ad4f71{/,file:///tmp/jetty-0.0.0.0-37940-hddsDatanode-_-any-6926941397821370089.dir/webapp/,AVAILABLE}{/hddsDatanode}
2019-09-25 12:11:07,125 [main] INFO  server.AbstractConnector (AbstractConnector.java:doStart(278)) - Started ServerConnector@49faf066{HTTP/1.1,[http/1.1]}{0.0.0.0:37940}
2019-09-25 12:11:07,127 [main] INFO  server.Server (Server.java:doStart(419)) - Started @5036ms
2019-09-25 12:11:07,127 [main] WARN  impl.MetricsSystemImpl (MetricsSystemImpl.java:register(276)) - Sink prometheus already exists!
2019-09-25 12:11:07,128 [main] INFO  server.BaseHttpServer (BaseHttpServer.java:updateConnectorAddress(215)) - HTTP server of HDDSDATANODE is listening at http://0.0.0.0:37940
2019-09-25 12:11:07,129 [main] INFO  impl.MetricsSystemImpl (MetricsSystemImpl.java:init(158)) - HddsDatanode metrics system started (again)
2019-09-25 12:11:07,132 [org.apache.hadoop.util.JvmPauseMonitor$Monitor@df1ae61] INFO  util.JvmPauseMonitor (JvmPauseMonitor.java:run(188)) - Starting JVM pause monitor
2019-09-25 12:11:07,135 [main] INFO  ozone.HddsDatanodeService (HddsDatanodeService.java:start(184)) - HddsDatanodeService host:pr-hdds-1569-shd4m-3693607622 ip:192.168.151.73
2019-09-25 12:11:07,143 [main] INFO  volume.HddsVolume (HddsVolume.java:<init>(176)) - Creating Volume: /workdir/hadoop-ozone/integration-test/target/test-dir/MiniOzoneClusterImpl-14adbd36-3f13-49d9-943b-28fb447cae9b/datanode-2/data/containers/hdds of  storage type : DISK and capacity : 1482555576320
2019-09-25 12:11:07,144 [main] INFO  volume.VolumeSet (VolumeSet.java:initializeVolumeSet(170)) - Added Volume : /workdir/hadoop-ozone/integration-test/target/test-dir/MiniOzoneClusterImpl-14adbd36-3f13-49d9-943b-28fb447cae9b/datanode-2/data/containers/hdds to VolumeSet
2019-09-25 12:11:07,144 [main] INFO  volume.ThrottledAsyncChecker (ThrottledAsyncChecker.java:schedule(139)) - Scheduling a check for org.apache.hadoop.ozone.container.common.volume.HddsVolume@2924f1d8
2019-09-25 12:11:07,145 [main] INFO  volume.HddsVolumeChecker (HddsVolumeChecker.java:checkAllVolumes(202)) - Scheduled health check for volume org.apache.hadoop.ozone.container.common.volume.HddsVolume@2924f1d8
2019-09-25 12:11:07,163 [main] INFO  impl.RaftServerProxy (ConfUtils.java:logGet(43)) - raft.rpc.type = GRPC (default)
2019-09-25 12:11:07,164 [main] INFO  grpc.GrpcFactory (GrpcFactory.java:checkPooledByteBufAllocatorUseCacheForAllThreads(45)) - PERFORMANCE WARNING: useCacheForAllThreads is true that may cause Netty to create a lot garbage objects and, as a result, trigger GC.
	It is recommended to disable useCacheForAllThreads by setting -Dorg.apache.ratis.thirdparty.io.netty.allocator.useCacheForAllThreads=false in command line.
2019-09-25 12:11:07,164 [main] INFO  grpc.GrpcConfigKeys$Server (ConfUtils.java:logGet(43)) - raft.grpc.server.port = 0 (default)
2019-09-25 12:11:07,164 [main] INFO  server.GrpcService (ConfUtils.java:logGet(43)) - raft.grpc.message.size.max = 33570816 (custom)
2019-09-25 12:11:07,164 [main] INFO  server.RaftServerConfigKeys (ConfUtils.java:logGet(43)) - raft.server.log.appender.buffer.byte-limit = 33554432 (custom)
2019-09-25 12:11:07,165 [main] INFO  server.GrpcService (ConfUtils.java:logGet(43)) - raft.grpc.flow.control.window = 1MB (=1048576) (default)
2019-09-25 12:11:07,165 [main] INFO  server.RaftServerConfigKeys (ConfUtils.java:logGet(43)) - raft.server.rpc.request.timeout = 3000ms (default)
2019-09-25 12:11:07,166 [main] INFO  server.RaftServerConfigKeys (ConfUtils.java:logGet(43)) - raft.server.storage.dir = [/workdir/hadoop-ozone/integration-test/target/test-dir/MiniOzoneClusterImpl-14adbd36-3f13-49d9-943b-28fb447cae9b/datanode-2/data/ratis] (custom)
2019-09-25 12:11:07,168 [main] INFO  hdfs.DFSUtil (DFSUtil.java:httpServerTemplateForNNAndJN(1641)) - Starting Web-server for hddsDatanode at: http://0.0.0.0:0
2019-09-25 12:11:07,170 [main] INFO  server.AuthenticationFilter (AuthenticationFilter.java:constructSecretProvider(240)) - Unable to initialize FileSignerSecretProvider, falling back to use random secrets.
2019-09-25 12:11:07,170 [main] WARN  http.HttpRequestLog (HttpRequestLog.java:getRequestLog(97)) - Jetty request log can only be enabled using Log4j
2019-09-25 12:11:07,172 [main] INFO  http.HttpServer2 (HttpServer2.java:addGlobalFilter(975)) - Added global filter 'safety' (class=org.apache.hadoop.http.HttpServer2$QuotingInputFilter)
2019-09-25 12:11:07,173 [main] INFO  http.HttpServer2 (HttpServer2.java:addFilter(948)) - Added filter static_user_filter (class=org.apache.hadoop.http.lib.StaticUserWebFilter$StaticUserFilter) to context hddsDatanode
2019-09-25 12:11:07,173 [main] INFO  http.HttpServer2 (HttpServer2.java:addFilter(958)) - Added filter static_user_filter (class=org.apache.hadoop.http.lib.StaticUserWebFilter$StaticUserFilter) to context static
2019-09-25 12:11:07,173 [main] INFO  http.HttpServer2 (HttpServer2.java:addFilter(958)) - Added filter static_user_filter (class=org.apache.hadoop.http.lib.StaticUserWebFilter$StaticUserFilter) to context logs
2019-09-25 12:11:07,174 [main] INFO  http.HttpServer2 (HttpServer2.java:bindListener(1191)) - Jetty bound to port 41889
2019-09-25 12:11:07,174 [main] INFO  server.Server (Server.java:doStart(351)) - jetty-9.3.25.v20180904, build timestamp: 2018-09-04T21:11:46Z, git hash: 3ce520221d0240229c862b122d2b06c12a625732
2019-09-25 12:11:07,179 [main] INFO  handler.ContextHandler (ContextHandler.java:doStart(781)) - Started o.e.j.s.ServletContextHandler@799ed4e8{/logs,file:///workdir/hadoop-ozone/integration-test/target/log,AVAILABLE}
2019-09-25 12:11:07,180 [main] INFO  handler.ContextHandler (ContextHandler.java:doStart(781)) - Started o.e.j.s.ServletContextHandler@54d8c20d{/static,jar:file:/home/user/.m2/repository/org/apache/hadoop/hadoop-hdds-container-service/0.5.0-SNAPSHOT/hadoop-hdds-container-service-0.5.0-SNAPSHOT.jar!/webapps/static,AVAILABLE}
2019-09-25 12:11:07,193 [Datanode State Machine Thread - 0] INFO  datanode.InitDatanodeState (InitDatanodeState.java:persistContainerDatanodeDetails(140)) - DatanodeDetails is persisted to /workdir/hadoop-ozone/integration-test/target/test-dir/MiniOzoneClusterImpl-14adbd36-3f13-49d9-943b-28fb447cae9b/datanode-0/meta/datanode.id
2019-09-25 12:11:07,198 [Datanode State Machine Thread - 0] INFO  datanode.InitDatanodeState (InitDatanodeState.java:persistContainerDatanodeDetails(140)) - DatanodeDetails is persisted to /workdir/hadoop-ozone/integration-test/target/test-dir/MiniOzoneClusterImpl-14adbd36-3f13-49d9-943b-28fb447cae9b/datanode-1/meta/datanode.id
2019-09-25 12:11:07,217 [main] INFO  handler.ContextHandler (ContextHandler.java:doStart(781)) - Started o.e.j.w.WebAppContext@10f7c76{/,file:///tmp/jetty-0.0.0.0-41889-hddsDatanode-_-any-5425292929850509325.dir/webapp/,AVAILABLE}{/hddsDatanode}
2019-09-25 12:11:07,218 [main] INFO  server.AbstractConnector (AbstractConnector.java:doStart(278)) - Started ServerConnector@4745e9c{HTTP/1.1,[http/1.1]}{0.0.0.0:41889}
2019-09-25 12:11:07,220 [main] INFO  server.Server (Server.java:doStart(419)) - Started @5130ms
2019-09-25 12:11:07,221 [main] WARN  impl.MetricsSystemImpl (MetricsSystemImpl.java:register(276)) - Sink prometheus already exists!
2019-09-25 12:11:07,222 [main] INFO  server.BaseHttpServer (BaseHttpServer.java:updateConnectorAddress(215)) - HTTP server of HDDSDATANODE is listening at http://0.0.0.0:41889
2019-09-25 12:11:07,223 [main] INFO  ozone.MiniOzoneClusterImpl (MiniOzoneClusterImpl.java:lambda$waitForClusterToBeReady$0(147)) - Waiting for cluster to be ready. Got 0 of 3 DN Heartbeats.
2019-09-25 12:11:07,224 [org.apache.hadoop.util.JvmPauseMonitor$Monitor@5f3d8ba0] INFO  util.JvmPauseMonitor (JvmPauseMonitor.java:run(188)) - Starting JVM pause monitor
2019-09-25 12:11:07,228 [Datanode State Machine Thread - 0] INFO  datanode.InitDatanodeState (InitDatanodeState.java:persistContainerDatanodeDetails(140)) - DatanodeDetails is persisted to /workdir/hadoop-ozone/integration-test/target/test-dir/MiniOzoneClusterImpl-14adbd36-3f13-49d9-943b-28fb447cae9b/datanode-2/meta/datanode.id
2019-09-25 12:11:08,225 [main] INFO  ozone.MiniOzoneClusterImpl (MiniOzoneClusterImpl.java:lambda$waitForClusterToBeReady$0(147)) - Waiting for cluster to be ready. Got 0 of 3 DN Heartbeats.
2019-09-25 12:11:09,134 [Datanode State Machine Thread - 0] INFO  ozoneimpl.OzoneContainer (OzoneContainer.java:start(217)) - Attempting to start container services.
2019-09-25 12:11:09,139 [Datanode State Machine Thread - 0] INFO  ozoneimpl.OzoneContainer (OzoneContainer.java:startContainerScrub(179)) - Background container scanner has been disabled.
2019-09-25 12:11:09,139 [Datanode State Machine Thread - 0] INFO  ratis.XceiverServerRatis (XceiverServerRatis.java:start(411)) - Starting XceiverServerRatis 95841f60-59cb-43d2-bb49-deb4a2468360 at port 0
2019-09-25 12:11:09,152 [Datanode State Machine Thread - 0] INFO  ozoneimpl.OzoneContainer (OzoneContainer.java:start(217)) - Attempting to start container services.
2019-09-25 12:11:09,160 [Datanode State Machine Thread - 0] INFO  ozoneimpl.OzoneContainer (OzoneContainer.java:startContainerScrub(179)) - Background container scanner has been disabled.
2019-09-25 12:11:09,161 [Datanode State Machine Thread - 0] INFO  ratis.XceiverServerRatis (XceiverServerRatis.java:start(411)) - Starting XceiverServerRatis 0a02233c-b430-4ef8-86f7-62573cff9fbb at port 0
2019-09-25 12:11:09,171 [Datanode State Machine Thread - 0] INFO  impl.RaftServerProxy (RaftServerProxy.java:lambda$start$3(299)) - 95841f60-59cb-43d2-bb49-deb4a2468360: start RPC server
2019-09-25 12:11:09,171 [Datanode State Machine Thread - 0] INFO  impl.RaftServerProxy (RaftServerProxy.java:lambda$start$3(299)) - 0a02233c-b430-4ef8-86f7-62573cff9fbb: start RPC server
2019-09-25 12:11:09,227 [main] INFO  ozone.MiniOzoneClusterImpl (MiniOzoneClusterImpl.java:lambda$waitForClusterToBeReady$0(147)) - Waiting for cluster to be ready. Got 0 of 3 DN Heartbeats.
2019-09-25 12:11:09,240 [Datanode State Machine Thread - 0] INFO  ozoneimpl.OzoneContainer (OzoneContainer.java:start(217)) - Attempting to start container services.
2019-09-25 12:11:09,242 [Datanode State Machine Thread - 0] INFO  ozoneimpl.OzoneContainer (OzoneContainer.java:startContainerScrub(179)) - Background container scanner has been disabled.
2019-09-25 12:11:09,242 [Datanode State Machine Thread - 0] INFO  ratis.XceiverServerRatis (XceiverServerRatis.java:start(411)) - Starting XceiverServerRatis fec2f942-0387-4b01-b39b-3d25a3fbff72 at port 0
2019-09-25 12:11:09,251 [Datanode State Machine Thread - 0] INFO  impl.RaftServerProxy (RaftServerProxy.java:lambda$start$3(299)) - fec2f942-0387-4b01-b39b-3d25a3fbff72: start RPC server
2019-09-25 12:11:09,342 [Datanode State Machine Thread - 0] INFO  server.GrpcService (GrpcService.java:startImpl(158)) - 95841f60-59cb-43d2-bb49-deb4a2468360: GrpcService started, listening on 0.0.0.0/0.0.0.0:42020
2019-09-25 12:11:09,342 [Datanode State Machine Thread - 0] INFO  server.GrpcService (GrpcService.java:startImpl(158)) - 0a02233c-b430-4ef8-86f7-62573cff9fbb: GrpcService started, listening on 0.0.0.0/0.0.0.0:43494
2019-09-25 12:11:09,342 [Datanode State Machine Thread - 0] INFO  server.GrpcService (GrpcService.java:startImpl(158)) - fec2f942-0387-4b01-b39b-3d25a3fbff72: GrpcService started, listening on 0.0.0.0/0.0.0.0:45222
2019-09-25 12:11:09,343 [Datanode State Machine Thread - 0] INFO  ratis.XceiverServerRatis (XceiverServerRatis.java:start(421)) - XceiverServerRatis 0a02233c-b430-4ef8-86f7-62573cff9fbb is started using port 43494
2019-09-25 12:11:09,343 [Datanode State Machine Thread - 0] INFO  ratis.XceiverServerRatis (XceiverServerRatis.java:start(421)) - XceiverServerRatis 95841f60-59cb-43d2-bb49-deb4a2468360 is started using port 42020
2019-09-25 12:11:09,344 [Datanode State Machine Thread - 0] INFO  ratis.XceiverServerRatis (XceiverServerRatis.java:start(421)) - XceiverServerRatis fec2f942-0387-4b01-b39b-3d25a3fbff72 is started using port 45222
2019-09-25 12:11:09,350 [Datanode State Machine Thread - 0] INFO  server.XceiverServerGrpc (XceiverServerGrpc.java:start(149)) - XceiverServerGrpc fec2f942-0387-4b01-b39b-3d25a3fbff72 is started using port 35655
2019-09-25 12:11:09,351 [Datanode State Machine Thread - 0] INFO  server.XceiverServerGrpc (XceiverServerGrpc.java:start(149)) - XceiverServerGrpc 95841f60-59cb-43d2-bb49-deb4a2468360 is started using port 36267
2019-09-25 12:11:09,350 [Datanode State Machine Thread - 0] INFO  server.XceiverServerGrpc (XceiverServerGrpc.java:start(149)) - XceiverServerGrpc 0a02233c-b430-4ef8-86f7-62573cff9fbb is started using port 40629
2019-09-25 12:11:10,228 [main] INFO  ozone.MiniOzoneClusterImpl (MiniOzoneClusterImpl.java:lambda$waitForClusterToBeReady$0(147)) - Waiting for cluster to be ready. Got 0 of 3 DN Heartbeats.
2019-09-25 12:11:11,101 [IPC Server handler 0 on 42378] INFO  net.NetworkTopology (NetworkTopologyImpl.java:add(111)) - Added a new node: /default-rack/95841f60-59cb-43d2-bb49-deb4a2468360
2019-09-25 12:11:11,102 [IPC Server handler 0 on 42378] INFO  node.SCMNodeManager (SCMNodeManager.java:register(266)) - Registered Data node : 95841f60-59cb-43d2-bb49-deb4a2468360{ip: 192.168.151.73, host: pr-hdds-1569-shd4m-3693607622, networkLocation: /default-rack, certSerialId: null}
2019-09-25 12:11:11,108 [EventQueue-NodeRegistrationContainerReportForDataNodeSafeModeRule] INFO  safemode.SCMSafeModeManager (DataNodeSafeModeRule.java:process(71)) - SCM in safe mode. 1 DataNodes registered, 1 required.
2019-09-25 12:11:11,108 [EventQueue-NodeRegistrationContainerReportForDataNodeSafeModeRule] INFO  safemode.SCMSafeModeManager (SCMSafeModeManager.java:validateSafeModeExitRules(177)) - ScmSafeModeManager, all rules are successfully validated
2019-09-25 12:11:11,108 [EventQueue-NodeRegistrationContainerReportForDataNodeSafeModeRule] INFO  safemode.SCMSafeModeManager (SCMSafeModeManager.java:exitSafeMode(193)) - SCM exiting safe mode.
2019-09-25 12:11:11,137 [IPC Server handler 1 on 42378] INFO  net.NetworkTopology (NetworkTopologyImpl.java:add(111)) - Added a new node: /default-rack/0a02233c-b430-4ef8-86f7-62573cff9fbb
2019-09-25 12:11:11,137 [IPC Server handler 1 on 42378] INFO  node.SCMNodeManager (SCMNodeManager.java:register(266)) - Registered Data node : 0a02233c-b430-4ef8-86f7-62573cff9fbb{ip: 192.168.151.73, host: pr-hdds-1569-shd4m-3693607622, networkLocation: /default-rack, certSerialId: null}
2019-09-25 12:11:11,228 [IPC Server handler 2 on 42378] INFO  net.NetworkTopology (NetworkTopologyImpl.java:add(111)) - Added a new node: /default-rack/fec2f942-0387-4b01-b39b-3d25a3fbff72
2019-09-25 12:11:11,228 [IPC Server handler 2 on 42378] INFO  node.SCMNodeManager (SCMNodeManager.java:register(266)) - Registered Data node : fec2f942-0387-4b01-b39b-3d25a3fbff72{ip: 192.168.151.73, host: pr-hdds-1569-shd4m-3693607622, networkLocation: /default-rack, certSerialId: null}
2019-09-25 12:11:11,229 [main] INFO  ozone.MiniOzoneClusterImpl (MiniOzoneClusterImpl.java:lambda$waitForClusterToBeReady$0(147)) - Cluster is ready. Got 3 of 3 DN Heartbeats.
2019-09-25 12:11:11,645 [grpc-default-executor-0] INFO  impl.RaftServerProxy (RaftServerProxy.java:addNew(89)) - 95841f60-59cb-43d2-bb49-deb4a2468360: addNew group-E25E599C7B6B:[95841f60-59cb-43d2-bb49-deb4a2468360:192.168.151.73:42020] returns group-E25E599C7B6B:java.util.concurrent.CompletableFuture@216de320[Not completed]
2019-09-25 12:11:11,667 [pool-27-thread-1] INFO  impl.RaftServerImpl (RaftServerImpl.java:<init>(95)) - 95841f60-59cb-43d2-bb49-deb4a2468360: new RaftServerImpl for group-E25E599C7B6B:[95841f60-59cb-43d2-bb49-deb4a2468360:192.168.151.73:42020] with ContainerStateMachine:uninitialized
2019-09-25 12:11:11,671 [pool-27-thread-1] INFO  server.RaftServerConfigKeys (ConfUtils.java:logGet(43)) - raft.server.rpc.timeout.min = 5s (custom)
2019-09-25 12:11:11,672 [pool-27-thread-1] INFO  server.RaftServerConfigKeys (ConfUtils.java:logGet(43)) - raft.server.rpc.timeout.max = 5200ms (custom)
2019-09-25 12:11:11,672 [pool-27-thread-1] INFO  server.RaftServerConfigKeys (ConfUtils.java:logGet(43)) - raft.server.rpcslowness.timeout = 120s (custom)
2019-09-25 12:11:11,673 [pool-27-thread-1] INFO  server.RaftServerConfigKeys (ConfUtils.java:logGet(43)) - raft.server.sleep.deviation.threshold = 300 (default)
2019-09-25 12:11:11,675 [pool-27-thread-1] INFO  server.RaftServerConfigKeys (ConfUtils.java:logGet(43)) - raft.server.log.appender.install.snapshot.enabled = false (custom)
2019-09-25 12:11:11,684 [pool-27-thread-1] INFO  impl.RaftServerImpl (ServerState.java:<init>(103)) - 95841f60-59cb-43d2-bb49-deb4a2468360@group-E25E599C7B6B: ConfigurationManager, init=-1: [95841f60-59cb-43d2-bb49-deb4a2468360:192.168.151.73:42020], old=null, confs=<EMPTY_MAP>
2019-09-25 12:11:11,684 [pool-27-thread-1] INFO  server.RaftServerConfigKeys (ConfUtils.java:logGet(43)) - raft.server.storage.dir = [/workdir/hadoop-ozone/integration-test/target/test-dir/MiniOzoneClusterImpl-14adbd36-3f13-49d9-943b-28fb447cae9b/datanode-0/data/ratis] (custom)
2019-09-25 12:11:11,692 [pool-27-thread-1] INFO  storage.RaftStorageDirectory (RaftStorageDirectory.java:analyzeStorage(246)) - The storage directory /workdir/hadoop-ozone/integration-test/target/test-dir/MiniOzoneClusterImpl-14adbd36-3f13-49d9-943b-28fb447cae9b/datanode-0/data/ratis/27da74b1-2daa-4df4-866f-e25e599c7b6b does not exist. Creating ...
2019-09-25 12:11:11,710 [pool-27-thread-1] INFO  storage.RaftStorageDirectory (RaftStorageDirectory.java:tryLock(328)) - Lock on /workdir/hadoop-ozone/integration-test/target/test-dir/MiniOzoneClusterImpl-14adbd36-3f13-49d9-943b-28fb447cae9b/datanode-0/data/ratis/27da74b1-2daa-4df4-866f-e25e599c7b6b/in_use.lock acquired by nodename 12021@pr-hdds-1569-shd4m-3693607622
2019-09-25 12:11:11,730 [pool-27-thread-1] INFO  storage.RaftStorage (RaftStorage.java:format(72)) - Storage directory /workdir/hadoop-ozone/integration-test/target/test-dir/MiniOzoneClusterImpl-14adbd36-3f13-49d9-943b-28fb447cae9b/datanode-0/data/ratis/27da74b1-2daa-4df4-866f-e25e599c7b6b has been successfully formatted.
2019-09-25 12:11:11,733 [pool-27-thread-1] INFO  ratis.ContainerStateMachine (ContainerStateMachine.java:loadSnapshot(230)) - group-E25E599C7B6B: The snapshot info is null. Setting the last applied indexto:(t:0, i:~)
2019-09-25 12:11:11,733 [pool-27-thread-1] INFO  server.RaftServerConfigKeys (ConfUtils.java:logGet(43)) - raft.server.notification.no-leader.timeout = 120s (custom)
2019-09-25 12:11:11,736 [pool-27-thread-1] INFO  server.RaftServerConfigKeys (ConfUtils.java:logGet(43)) - raft.server.log.use.memory = false (default)
2019-09-25 12:11:11,747 [pool-27-thread-1] INFO  server.RaftServerConfigKeys (ConfUtils.java:logGet(43)) - raft.server.log.purge.gap = 1000000 (custom)
2019-09-25 12:11:11,747 [pool-27-thread-1] INFO  server.RaftServerConfigKeys (ConfUtils.java:logGet(43)) - raft.server.log.appender.buffer.byte-limit = 33554432 (custom)
2019-09-25 12:11:11,755 [pool-27-thread-1] INFO  server.RaftServerConfigKeys (ConfUtils.java:logGet(43)) - raft.server.log.segment.size.max = 1048576 (custom)
2019-09-25 12:11:11,761 [pool-27-thread-1] INFO  server.RaftServerConfigKeys (ConfUtils.java:logGet(43)) - raft.server.log.segment.cache.num.max = 2 (custom)
2019-09-25 12:11:11,768 [pool-27-thread-1] INFO  segmented.SegmentedRaftLogWorker (SegmentedRaftLogWorker.java:<init>(172)) - new 95841f60-59cb-43d2-bb49-deb4a2468360@group-E25E599C7B6B-SegmentedRaftLogWorker for RaftStorage:Storage Directory /workdir/hadoop-ozone/integration-test/target/test-dir/MiniOzoneClusterImpl-14adbd36-3f13-49d9-943b-28fb447cae9b/datanode-0/data/ratis/27da74b1-2daa-4df4-866f-e25e599c7b6b
2019-09-25 12:11:11,770 [pool-27-thread-1] INFO  impl.MetricsSystemImpl (MetricsSystemImpl.java:init(158)) - ratis metrics system started (again)
2019-09-25 12:11:11,778 [pool-27-thread-1] INFO  metrics.MetricRegistries (MetricRegistriesLoader.java:load(64)) - Loaded MetricRegistries class org.apache.ratis.metrics.impl.MetricRegistriesImpl
2019-09-25 12:11:11,806 [main] INFO  rpc.RpcClient (RpcClient.java:createVolume(276)) - Creating Volume: 15c5d774-73ba-4513-9aa6-48b5f1ff2edc, with jenkins1000 as owner.
2019-09-25 12:11:11,826 [pool-27-thread-1] INFO  server.RaftServerConfigKeys (ConfUtils.java:logGet(43)) - raft.server.log.queue.byte-limit = 2147483647 (custom)
2019-09-25 12:11:11,826 [pool-27-thread-1] INFO  server.RaftServerConfigKeys (ConfUtils.java:logGet(43)) - raft.server.log.queue.element-limit = 1024 (custom)
2019-09-25 12:11:11,831 [pool-27-thread-1] INFO  server.RaftServerConfigKeys (ConfUtils.java:logGet(43)) - raft.server.log.segment.size.max = 1048576 (custom)
2019-09-25 12:11:11,832 [pool-27-thread-1] INFO  server.RaftServerConfigKeys (ConfUtils.java:logGet(43)) - raft.server.log.preallocated.size = 16384 (custom)
2019-09-25 12:11:11,833 [pool-27-thread-1] INFO  server.RaftServerConfigKeys (ConfUtils.java:logGet(43)) - raft.server.log.write.buffer.size = 33554432 (custom)
2019-09-25 12:11:11,833 [pool-27-thread-1] INFO  server.RaftServerConfigKeys (ConfUtils.java:logGet(43)) - raft.server.log.force.sync.num = 128 (default)
2019-09-25 12:11:11,835 [pool-27-thread-1] INFO  server.RaftServerConfigKeys (ConfUtils.java:logGet(43)) - raft.server.log.statemachine.data.sync = true (default)
2019-09-25 12:11:11,835 [pool-27-thread-1] INFO  server.RaftServerConfigKeys (ConfUtils.java:logGet(43)) - raft.server.log.statemachine.data.sync.timeout = 10s (default)
2019-09-25 12:11:11,836 [pool-27-thread-1] INFO  server.RaftServerConfigKeys (ConfUtils.java:logGet(43)) - raft.server.log.statemachine.data.sync.timeout.retry = -1 (default)
2019-09-25 12:11:11,848 [pool-27-thread-1] INFO  server.RaftServerConfigKeys (ConfUtils.java:logGet(43)) - raft.server.log.statemachine.data.caching.enabled = true (custom)
2019-09-25 12:11:11,854 [pool-27-thread-1] INFO  segmented.SegmentedRaftLogWorker (SegmentedRaftLogWorker.java:lambda$new$0(132)) - 95841f60-59cb-43d2-bb49-deb4a2468360@group-E25E599C7B6B-SegmentedRaftLogWorker: flushIndex: setUnconditionally 0 -> -1
2019-09-25 12:11:11,860 [pool-27-thread-1] INFO  server.RaftServerConfigKeys (ConfUtils.java:logGet(43)) - raft.server.snapshot.auto.trigger.enabled = true (custom)
2019-09-25 12:11:11,861 [pool-27-thread-1] INFO  server.RaftServerConfigKeys (ConfUtils.java:logGet(43)) - raft.server.snapshot.auto.trigger.threshold = 10000 (custom)
2019-09-25 12:11:11,862 [pool-27-thread-1] INFO  server.RaftServerConfigKeys (ConfUtils.java:logGet(43)) - raft.server.snapshot.retention.num.files = 5 (custom)
2019-09-25 12:11:11,862 [pool-27-thread-1] INFO  server.RaftServerConfigKeys (ConfUtils.java:logGet(43)) - raft.server.retrycache.expirytime = 600000ms (custom)
2019-09-25 12:11:11,894 [pool-27-thread-1] INFO  impl.RaftServerImpl (RaftServerImpl.java:start(185)) - 95841f60-59cb-43d2-bb49-deb4a2468360@group-E25E599C7B6B: start as a follower, conf=-1: [95841f60-59cb-43d2-bb49-deb4a2468360:192.168.151.73:42020], old=null
2019-09-25 12:11:11,896 [pool-27-thread-1] INFO  impl.RaftServerImpl (RaftServerImpl.java:setRole(174)) - 95841f60-59cb-43d2-bb49-deb4a2468360@group-E25E599C7B6B: changes role from      null to FOLLOWER at term 0 for startAsFollower
2019-09-25 12:11:11,897 [pool-27-thread-1] INFO  impl.RoleInfo (RoleInfo.java:updateAndGet(143)) - 95841f60-59cb-43d2-bb49-deb4a2468360: start FollowerState
2019-09-25 12:11:11,899 [pool-27-thread-1] INFO  util.JmxRegister (JmxRegister.java:tryRegister(44)) - Successfully registered JMX Bean with object name Ratis:service=RaftServer,group=group-E25E599C7B6B,id=95841f60-59cb-43d2-bb49-deb4a2468360
2019-09-25 12:11:11,905 [IPC Server handler 0 on 33016] INFO  volume.OMVolumeCreateRequest (OMVolumeCreateRequest.java:validateAndUpdateCache(189)) - created volume:15c5d774-73ba-4513-9aa6-48b5f1ff2edc for user:jenkins1000
2019-09-25 12:11:11,928 [main] INFO  rpc.RpcClient (RpcClient.java:createBucket(415)) - Creating Bucket: 15c5d774-73ba-4513-9aa6-48b5f1ff2edc/320892d4-f1ab-4381-8972-349d226f4903, with Versioning false and Storage Type set to DISK and Encryption set to false 
2019-09-25 12:11:11,965 [RatisPipelineUtilsThread] INFO  pipeline.PipelineStateManager (PipelineStateManager.java:addPipeline(56)) - Created pipeline Pipeline[ Id: 27da74b1-2daa-4df4-866f-e25e599c7b6b, Nodes: 95841f60-59cb-43d2-bb49-deb4a2468360{ip: 192.168.151.73, host: pr-hdds-1569-shd4m-3693607622, networkLocation: /default-rack, certSerialId: null}, Type:RATIS, Factor:ONE, State:OPEN]
2019-09-25 12:11:11,989 [grpc-default-executor-0] INFO  impl.RaftServerProxy (RaftServerProxy.java:addNew(89)) - 0a02233c-b430-4ef8-86f7-62573cff9fbb: addNew group-BA23CF733901:[0a02233c-b430-4ef8-86f7-62573cff9fbb:192.168.151.73:43494] returns group-BA23CF733901:java.util.concurrent.CompletableFuture@6e7fda21[Not completed]
2019-09-25 12:11:12,018 [pool-37-thread-1] INFO  impl.RaftServerImpl (RaftServerImpl.java:<init>(95)) - 0a02233c-b430-4ef8-86f7-62573cff9fbb: new RaftServerImpl for group-BA23CF733901:[0a02233c-b430-4ef8-86f7-62573cff9fbb:192.168.151.73:43494] with ContainerStateMachine:uninitialized
2019-09-25 12:11:12,019 [pool-37-thread-1] INFO  server.RaftServerConfigKeys (ConfUtils.java:logGet(43)) - raft.server.rpc.timeout.min = 5s (custom)
2019-09-25 12:11:12,020 [pool-37-thread-1] INFO  server.RaftServerConfigKeys (ConfUtils.java:logGet(43)) - raft.server.rpc.timeout.max = 5200ms (custom)
2019-09-25 12:11:12,020 [pool-37-thread-1] INFO  server.RaftServerConfigKeys (ConfUtils.java:logGet(43)) - raft.server.rpcslowness.timeout = 120s (custom)
2019-09-25 12:11:12,020 [pool-37-thread-1] INFO  server.RaftServerConfigKeys (ConfUtils.java:logGet(43)) - raft.server.sleep.deviation.threshold = 300 (default)
2019-09-25 12:11:12,020 [pool-37-thread-1] INFO  server.RaftServerConfigKeys (ConfUtils.java:logGet(43)) - raft.server.log.appender.install.snapshot.enabled = false (custom)
2019-09-25 12:11:12,020 [pool-37-thread-1] INFO  impl.RaftServerImpl (ServerState.java:<init>(103)) - 0a02233c-b430-4ef8-86f7-62573cff9fbb@group-BA23CF733901: ConfigurationManager, init=-1: [0a02233c-b430-4ef8-86f7-62573cff9fbb:192.168.151.73:43494], old=null, confs=<EMPTY_MAP>
2019-09-25 12:11:12,021 [pool-37-thread-1] INFO  server.RaftServerConfigKeys (ConfUtils.java:logGet(43)) - raft.server.storage.dir = [/workdir/hadoop-ozone/integration-test/target/test-dir/MiniOzoneClusterImpl-14adbd36-3f13-49d9-943b-28fb447cae9b/datanode-1/data/ratis] (custom)
2019-09-25 12:11:12,021 [pool-37-thread-1] INFO  storage.RaftStorageDirectory (RaftStorageDirectory.java:analyzeStorage(246)) - The storage directory /workdir/hadoop-ozone/integration-test/target/test-dir/MiniOzoneClusterImpl-14adbd36-3f13-49d9-943b-28fb447cae9b/datanode-1/data/ratis/9ca3748c-08ab-435d-a4d0-ba23cf733901 does not exist. Creating ...
2019-09-25 12:11:12,047 [pool-37-thread-1] INFO  storage.RaftStorageDirectory (RaftStorageDirectory.java:tryLock(328)) - Lock on /workdir/hadoop-ozone/integration-test/target/test-dir/MiniOzoneClusterImpl-14adbd36-3f13-49d9-943b-28fb447cae9b/datanode-1/data/ratis/9ca3748c-08ab-435d-a4d0-ba23cf733901/in_use.lock acquired by nodename 12021@pr-hdds-1569-shd4m-3693607622
2019-09-25 12:11:12,060 [pool-37-thread-1] INFO  storage.RaftStorage (RaftStorage.java:format(72)) - Storage directory /workdir/hadoop-ozone/integration-test/target/test-dir/MiniOzoneClusterImpl-14adbd36-3f13-49d9-943b-28fb447cae9b/datanode-1/data/ratis/9ca3748c-08ab-435d-a4d0-ba23cf733901 has been successfully formatted.
2019-09-25 12:11:12,061 [pool-37-thread-1] INFO  ratis.ContainerStateMachine (ContainerStateMachine.java:loadSnapshot(230)) - group-BA23CF733901: The snapshot info is null. Setting the last applied indexto:(t:0, i:~)
2019-09-25 12:11:12,062 [pool-37-thread-1] INFO  server.RaftServerConfigKeys (ConfUtils.java:logGet(43)) - raft.server.notification.no-leader.timeout = 120s (custom)
2019-09-25 12:11:12,062 [pool-37-thread-1] INFO  server.RaftServerConfigKeys (ConfUtils.java:logGet(43)) - raft.server.log.use.memory = false (default)
2019-09-25 12:11:12,062 [pool-37-thread-1] INFO  server.RaftServerConfigKeys (ConfUtils.java:logGet(43)) - raft.server.log.purge.gap = 1000000 (custom)
2019-09-25 12:11:12,063 [pool-37-thread-1] INFO  server.RaftServerConfigKeys (ConfUtils.java:logGet(43)) - raft.server.log.appender.buffer.byte-limit = 33554432 (custom)
2019-09-25 12:11:12,063 [pool-37-thread-1] INFO  server.RaftServerConfigKeys (ConfUtils.java:logGet(43)) - raft.server.log.segment.size.max = 1048576 (custom)
2019-09-25 12:11:12,063 [pool-37-thread-1] INFO  server.RaftServerConfigKeys (ConfUtils.java:logGet(43)) - raft.server.log.segment.cache.num.max = 2 (custom)
2019-09-25 12:11:12,063 [pool-37-thread-1] INFO  segmented.SegmentedRaftLogWorker (SegmentedRaftLogWorker.java:<init>(172)) - new 0a02233c-b430-4ef8-86f7-62573cff9fbb@group-BA23CF733901-SegmentedRaftLogWorker for RaftStorage:Storage Directory /workdir/hadoop-ozone/integration-test/target/test-dir/MiniOzoneClusterImpl-14adbd36-3f13-49d9-943b-28fb447cae9b/datanode-1/data/ratis/9ca3748c-08ab-435d-a4d0-ba23cf733901
2019-09-25 12:11:12,069 [pool-37-thread-1] INFO  server.RaftServerConfigKeys (ConfUtils.java:logGet(43)) - raft.server.log.queue.byte-limit = 2147483647 (custom)
2019-09-25 12:11:12,069 [pool-37-thread-1] INFO  server.RaftServerConfigKeys (ConfUtils.java:logGet(43)) - raft.server.log.queue.element-limit = 1024 (custom)
2019-09-25 12:11:12,070 [pool-37-thread-1] INFO  server.RaftServerConfigKeys (ConfUtils.java:logGet(43)) - raft.server.log.segment.size.max = 1048576 (custom)
2019-09-25 12:11:12,070 [pool-37-thread-1] INFO  server.RaftServerConfigKeys (ConfUtils.java:logGet(43)) - raft.server.log.preallocated.size = 16384 (custom)
2019-09-25 12:11:12,070 [pool-37-thread-1] INFO  server.RaftServerConfigKeys (ConfUtils.java:logGet(43)) - raft.server.log.write.buffer.size = 33554432 (custom)
2019-09-25 12:11:12,070 [pool-37-thread-1] INFO  server.RaftServerConfigKeys (ConfUtils.java:logGet(43)) - raft.server.log.force.sync.num = 128 (default)
2019-09-25 12:11:12,070 [pool-37-thread-1] INFO  server.RaftServerConfigKeys (ConfUtils.java:logGet(43)) - raft.server.log.statemachine.data.sync = true (default)
2019-09-25 12:11:12,070 [pool-37-thread-1] INFO  server.RaftServerConfigKeys (ConfUtils.java:logGet(43)) - raft.server.log.statemachine.data.sync.timeout = 10s (default)
2019-09-25 12:11:12,071 [pool-37-thread-1] INFO  server.RaftServerConfigKeys (ConfUtils.java:logGet(43)) - raft.server.log.statemachine.data.sync.timeout.retry = -1 (default)
2019-09-25 12:11:12,071 [pool-37-thread-1] INFO  server.RaftServerConfigKeys (ConfUtils.java:logGet(43)) - raft.server.log.statemachine.data.caching.enabled = true (custom)
2019-09-25 12:11:12,071 [pool-37-thread-1] INFO  segmented.SegmentedRaftLogWorker (SegmentedRaftLogWorker.java:lambda$new$0(132)) - 0a02233c-b430-4ef8-86f7-62573cff9fbb@group-BA23CF733901-SegmentedRaftLogWorker: flushIndex: setUnconditionally 0 -> -1
2019-09-25 12:11:12,072 [pool-37-thread-1] INFO  server.RaftServerConfigKeys (ConfUtils.java:logGet(43)) - raft.server.snapshot.auto.trigger.enabled = true (custom)
2019-09-25 12:11:12,072 [pool-37-thread-1] INFO  server.RaftServerConfigKeys (ConfUtils.java:logGet(43)) - raft.server.snapshot.auto.trigger.threshold = 10000 (custom)
2019-09-25 12:11:12,072 [pool-37-thread-1] INFO  server.RaftServerConfigKeys (ConfUtils.java:logGet(43)) - raft.server.snapshot.retention.num.files = 5 (custom)
2019-09-25 12:11:12,072 [pool-37-thread-1] INFO  server.RaftServerConfigKeys (ConfUtils.java:logGet(43)) - raft.server.retrycache.expirytime = 600000ms (custom)
2019-09-25 12:11:12,077 [pool-37-thread-1] INFO  impl.RaftServerImpl (RaftServerImpl.java:start(185)) - 0a02233c-b430-4ef8-86f7-62573cff9fbb@group-BA23CF733901: start as a follower, conf=-1: [0a02233c-b430-4ef8-86f7-62573cff9fbb:192.168.151.73:43494], old=null
2019-09-25 12:11:12,077 [pool-37-thread-1] INFO  impl.RaftServerImpl (RaftServerImpl.java:setRole(174)) - 0a02233c-b430-4ef8-86f7-62573cff9fbb@group-BA23CF733901: changes role from      null to FOLLOWER at term 0 for startAsFollower
2019-09-25 12:11:12,078 [pool-37-thread-1] INFO  impl.RoleInfo (RoleInfo.java:updateAndGet(143)) - 0a02233c-b430-4ef8-86f7-62573cff9fbb: start FollowerState
2019-09-25 12:11:12,079 [pool-37-thread-1] INFO  util.JmxRegister (JmxRegister.java:tryRegister(44)) - Successfully registered JMX Bean with object name Ratis:service=RaftServer,group=group-BA23CF733901,id=0a02233c-b430-4ef8-86f7-62573cff9fbb
2019-09-25 12:11:12,094 [RatisPipelineUtilsThread] INFO  pipeline.PipelineStateManager (PipelineStateManager.java:addPipeline(56)) - Created pipeline Pipeline[ Id: 9ca3748c-08ab-435d-a4d0-ba23cf733901, Nodes: 0a02233c-b430-4ef8-86f7-62573cff9fbb{ip: 192.168.151.73, host: pr-hdds-1569-shd4m-3693607622, networkLocation: /default-rack, certSerialId: null}, Type:RATIS, Factor:ONE, State:OPEN]
2019-09-25 12:11:12,114 [grpc-default-executor-0] INFO  impl.RaftServerProxy (RaftServerProxy.java:addNew(89)) - 95841f60-59cb-43d2-bb49-deb4a2468360: addNew group-EFCBE039F268:[95841f60-59cb-43d2-bb49-deb4a2468360:192.168.151.73:42020] returns group-EFCBE039F268:java.util.concurrent.CompletableFuture@4e445881[Not completed]
2019-09-25 12:11:12,138 [pool-27-thread-1] INFO  impl.RaftServerImpl (RaftServerImpl.java:<init>(95)) - 95841f60-59cb-43d2-bb49-deb4a2468360: new RaftServerImpl for group-EFCBE039F268:[95841f60-59cb-43d2-bb49-deb4a2468360:192.168.151.73:42020] with ContainerStateMachine:uninitialized
2019-09-25 12:11:12,139 [pool-27-thread-1] INFO  server.RaftServerConfigKeys (ConfUtils.java:logGet(43)) - raft.server.rpc.timeout.min = 5s (custom)
2019-09-25 12:11:12,139 [pool-27-thread-1] INFO  server.RaftServerConfigKeys (ConfUtils.java:logGet(43)) - raft.server.rpc.timeout.max = 5200ms (custom)
2019-09-25 12:11:12,139 [pool-27-thread-1] INFO  server.RaftServerConfigKeys (ConfUtils.java:logGet(43)) - raft.server.rpcslowness.timeout = 120s (custom)
2019-09-25 12:11:12,139 [pool-27-thread-1] INFO  server.RaftServerConfigKeys (ConfUtils.java:logGet(43)) - raft.server.sleep.deviation.threshold = 300 (default)
2019-09-25 12:11:12,140 [pool-27-thread-1] INFO  server.RaftServerConfigKeys (ConfUtils.java:logGet(43)) - raft.server.log.appender.install.snapshot.enabled = false (custom)
2019-09-25 12:11:12,140 [pool-27-thread-1] INFO  impl.RaftServerImpl (ServerState.java:<init>(103)) - 95841f60-59cb-43d2-bb49-deb4a2468360@group-EFCBE039F268: ConfigurationManager, init=-1: [95841f60-59cb-43d2-bb49-deb4a2468360:192.168.151.73:42020], old=null, confs=<EMPTY_MAP>
2019-09-25 12:11:12,140 [pool-27-thread-1] INFO  server.RaftServerConfigKeys (ConfUtils.java:logGet(43)) - raft.server.storage.dir = [/workdir/hadoop-ozone/integration-test/target/test-dir/MiniOzoneClusterImpl-14adbd36-3f13-49d9-943b-28fb447cae9b/datanode-0/data/ratis] (custom)
2019-09-25 12:11:12,141 [pool-27-thread-1] INFO  storage.RaftStorageDirectory (RaftStorageDirectory.java:analyzeStorage(246)) - The storage directory /workdir/hadoop-ozone/integration-test/target/test-dir/MiniOzoneClusterImpl-14adbd36-3f13-49d9-943b-28fb447cae9b/datanode-0/data/ratis/bc97fa71-944d-4940-9fec-efcbe039f268 does not exist. Creating ...
2019-09-25 12:11:12,154 [pool-27-thread-1] INFO  storage.RaftStorageDirectory (RaftStorageDirectory.java:tryLock(328)) - Lock on /workdir/hadoop-ozone/integration-test/target/test-dir/MiniOzoneClusterImpl-14adbd36-3f13-49d9-943b-28fb447cae9b/datanode-0/data/ratis/bc97fa71-944d-4940-9fec-efcbe039f268/in_use.lock acquired by nodename 12021@pr-hdds-1569-shd4m-3693607622
2019-09-25 12:11:12,167 [pool-27-thread-1] INFO  storage.RaftStorage (RaftStorage.java:format(72)) - Storage directory /workdir/hadoop-ozone/integration-test/target/test-dir/MiniOzoneClusterImpl-14adbd36-3f13-49d9-943b-28fb447cae9b/datanode-0/data/ratis/bc97fa71-944d-4940-9fec-efcbe039f268 has been successfully formatted.
2019-09-25 12:11:12,168 [pool-27-thread-1] INFO  ratis.ContainerStateMachine (ContainerStateMachine.java:loadSnapshot(230)) - group-EFCBE039F268: The snapshot info is null. Setting the last applied indexto:(t:0, i:~)
2019-09-25 12:11:12,168 [pool-27-thread-1] INFO  server.RaftServerConfigKeys (ConfUtils.java:logGet(43)) - raft.server.notification.no-leader.timeout = 120s (custom)
2019-09-25 12:11:12,168 [pool-27-thread-1] INFO  server.RaftServerConfigKeys (ConfUtils.java:logGet(43)) - raft.server.log.use.memory = false (default)
2019-09-25 12:11:12,168 [pool-27-thread-1] INFO  server.RaftServerConfigKeys (ConfUtils.java:logGet(43)) - raft.server.log.purge.gap = 1000000 (custom)
2019-09-25 12:11:12,169 [pool-27-thread-1] INFO  server.RaftServerConfigKeys (ConfUtils.java:logGet(43)) - raft.server.log.appender.buffer.byte-limit = 33554432 (custom)
2019-09-25 12:11:12,169 [pool-27-thread-1] INFO  server.RaftServerConfigKeys (ConfUtils.java:logGet(43)) - raft.server.log.segment.size.max = 1048576 (custom)
2019-09-25 12:11:12,169 [pool-27-thread-1] INFO  server.RaftServerConfigKeys (ConfUtils.java:logGet(43)) - raft.server.log.segment.cache.num.max = 2 (custom)
2019-09-25 12:11:12,169 [pool-27-thread-1] INFO  segmented.SegmentedRaftLogWorker (SegmentedRaftLogWorker.java:<init>(172)) - new 95841f60-59cb-43d2-bb49-deb4a2468360@group-EFCBE039F268-SegmentedRaftLogWorker for RaftStorage:Storage Directory /workdir/hadoop-ozone/integration-test/target/test-dir/MiniOzoneClusterImpl-14adbd36-3f13-49d9-943b-28fb447cae9b/datanode-0/data/ratis/bc97fa71-944d-4940-9fec-efcbe039f268
2019-09-25 12:11:12,170 [pool-27-thread-1] INFO  server.RaftServerConfigKeys (ConfUtils.java:logGet(43)) - raft.server.log.queue.byte-limit = 2147483647 (custom)
2019-09-25 12:11:12,170 [pool-27-thread-1] INFO  server.RaftServerConfigKeys (ConfUtils.java:logGet(43)) - raft.server.log.queue.element-limit = 1024 (custom)
2019-09-25 12:11:12,170 [pool-27-thread-1] INFO  server.RaftServerConfigKeys (ConfUtils.java:logGet(43)) - raft.server.log.segment.size.max = 1048576 (custom)
2019-09-25 12:11:12,170 [pool-27-thread-1] INFO  server.RaftServerConfigKeys (ConfUtils.java:logGet(43)) - raft.server.log.preallocated.size = 16384 (custom)
2019-09-25 12:11:12,171 [pool-27-thread-1] INFO  server.RaftServerConfigKeys (ConfUtils.java:logGet(43)) - raft.server.log.write.buffer.size = 33554432 (custom)
2019-09-25 12:11:12,171 [pool-27-thread-1] INFO  server.RaftServerConfigKeys (ConfUtils.java:logGet(43)) - raft.server.log.force.sync.num = 128 (default)
2019-09-25 12:11:12,171 [pool-27-thread-1] INFO  server.RaftServerConfigKeys (ConfUtils.java:logGet(43)) - raft.server.log.statemachine.data.sync = true (default)
2019-09-25 12:11:12,171 [pool-27-thread-1] INFO  server.RaftServerConfigKeys (ConfUtils.java:logGet(43)) - raft.server.log.statemachine.data.sync.timeout = 10s (default)
2019-09-25 12:11:12,172 [pool-27-thread-1] INFO  server.RaftServerConfigKeys (ConfUtils.java:logGet(43)) - raft.server.log.statemachine.data.sync.timeout.retry = -1 (default)
2019-09-25 12:11:12,172 [pool-27-thread-1] INFO  server.RaftServerConfigKeys (ConfUtils.java:logGet(43)) - raft.server.log.statemachine.data.caching.enabled = true (custom)
2019-09-25 12:11:12,172 [pool-27-thread-1] INFO  segmented.SegmentedRaftLogWorker (SegmentedRaftLogWorker.java:lambda$new$0(132)) - 95841f60-59cb-43d2-bb49-deb4a2468360@group-EFCBE039F268-SegmentedRaftLogWorker: flushIndex: setUnconditionally 0 -> -1
2019-09-25 12:11:12,173 [pool-27-thread-1] INFO  server.RaftServerConfigKeys (ConfUtils.java:logGet(43)) - raft.server.snapshot.auto.trigger.enabled = true (custom)
2019-09-25 12:11:12,173 [pool-27-thread-1] INFO  server.RaftServerConfigKeys (ConfUtils.java:logGet(43)) - raft.server.snapshot.auto.trigger.threshold = 10000 (custom)
2019-09-25 12:11:12,173 [pool-27-thread-1] INFO  server.RaftServerConfigKeys (ConfUtils.java:logGet(43)) - raft.server.snapshot.retention.num.files = 5 (custom)
2019-09-25 12:11:12,174 [pool-27-thread-1] INFO  server.RaftServerConfigKeys (ConfUtils.java:logGet(43)) - raft.server.retrycache.expirytime = 600000ms (custom)
2019-09-25 12:11:12,200 [pool-27-thread-1] INFO  impl.RaftServerImpl (RaftServerImpl.java:start(185)) - 95841f60-59cb-43d2-bb49-deb4a2468360@group-EFCBE039F268: start as a follower, conf=-1: [95841f60-59cb-43d2-bb49-deb4a2468360:192.168.151.73:42020], old=null
2019-09-25 12:11:12,200 [pool-27-thread-1] INFO  impl.RaftServerImpl (RaftServerImpl.java:setRole(174)) - 95841f60-59cb-43d2-bb49-deb4a2468360@group-EFCBE039F268: changes role from      null to FOLLOWER at term 0 for startAsFollower
2019-09-25 12:11:12,200 [pool-27-thread-1] INFO  impl.RoleInfo (RoleInfo.java:updateAndGet(143)) - 95841f60-59cb-43d2-bb49-deb4a2468360: start FollowerState
2019-09-25 12:11:12,201 [pool-27-thread-1] INFO  util.JmxRegister (JmxRegister.java:tryRegister(44)) - Successfully registered JMX Bean with object name Ratis:service=RaftServer,group=group-EFCBE039F268,id=95841f60-59cb-43d2-bb49-deb4a2468360
2019-09-25 12:11:12,212 [RatisPipelineUtilsThread] INFO  pipeline.PipelineStateManager (PipelineStateManager.java:addPipeline(56)) - Created pipeline Pipeline[ Id: bc97fa71-944d-4940-9fec-efcbe039f268, Nodes: 95841f60-59cb-43d2-bb49-deb4a2468360{ip: 192.168.151.73, host: pr-hdds-1569-shd4m-3693607622, networkLocation: /default-rack, certSerialId: null}, Type:RATIS, Factor:ONE, State:OPEN]
2019-09-25 12:11:12,230 [grpc-default-executor-0] INFO  impl.RaftServerProxy (RaftServerProxy.java:addNew(89)) - 0a02233c-b430-4ef8-86f7-62573cff9fbb: addNew group-E4DF514C08D2:[0a02233c-b430-4ef8-86f7-62573cff9fbb:192.168.151.73:43494] returns group-E4DF514C08D2:java.util.concurrent.CompletableFuture@3e8cba4c[Not completed]
2019-09-25 12:11:12,233 [pool-37-thread-1] INFO  impl.RaftServerImpl (RaftServerImpl.java:<init>(95)) - 0a02233c-b430-4ef8-86f7-62573cff9fbb: new RaftServerImpl for group-E4DF514C08D2:[0a02233c-b430-4ef8-86f7-62573cff9fbb:192.168.151.73:43494] with ContainerStateMachine:uninitialized
2019-09-25 12:11:12,233 [pool-37-thread-1] INFO  server.RaftServerConfigKeys (ConfUtils.java:logGet(43)) - raft.server.rpc.timeout.min = 5s (custom)
2019-09-25 12:11:12,233 [pool-37-thread-1] INFO  server.RaftServerConfigKeys (ConfUtils.java:logGet(43)) - raft.server.rpc.timeout.max = 5200ms (custom)
2019-09-25 12:11:12,234 [pool-37-thread-1] INFO  server.RaftServerConfigKeys (ConfUtils.java:logGet(43)) - raft.server.rpcslowness.timeout = 120s (custom)
2019-09-25 12:11:12,234 [pool-37-thread-1] INFO  server.RaftServerConfigKeys (ConfUtils.java:logGet(43)) - raft.server.sleep.deviation.threshold = 300 (default)
2019-09-25 12:11:12,234 [pool-37-thread-1] INFO  server.RaftServerConfigKeys (ConfUtils.java:logGet(43)) - raft.server.log.appender.install.snapshot.enabled = false (custom)
2019-09-25 12:11:12,234 [pool-37-thread-1] INFO  impl.RaftServerImpl (ServerState.java:<init>(103)) - 0a02233c-b430-4ef8-86f7-62573cff9fbb@group-E4DF514C08D2: ConfigurationManager, init=-1: [0a02233c-b430-4ef8-86f7-62573cff9fbb:192.168.151.73:43494], old=null, confs=<EMPTY_MAP>
2019-09-25 12:11:12,235 [pool-37-thread-1] INFO  server.RaftServerConfigKeys (ConfUtils.java:logGet(43)) - raft.server.storage.dir = [/workdir/hadoop-ozone/integration-test/target/test-dir/MiniOzoneClusterImpl-14adbd36-3f13-49d9-943b-28fb447cae9b/datanode-1/data/ratis] (custom)
2019-09-25 12:11:12,235 [pool-37-thread-1] INFO  storage.RaftStorageDirectory (RaftStorageDirectory.java:analyzeStorage(246)) - The storage directory /workdir/hadoop-ozone/integration-test/target/test-dir/MiniOzoneClusterImpl-14adbd36-3f13-49d9-943b-28fb447cae9b/datanode-1/data/ratis/d6c89d16-9273-4421-99ec-e4df514c08d2 does not exist. Creating ...
2019-09-25 12:11:12,248 [pool-37-thread-1] INFO  storage.RaftStorageDirectory (RaftStorageDirectory.java:tryLock(328)) - Lock on /workdir/hadoop-ozone/integration-test/target/test-dir/MiniOzoneClusterImpl-14adbd36-3f13-49d9-943b-28fb447cae9b/datanode-1/data/ratis/d6c89d16-9273-4421-99ec-e4df514c08d2/in_use.lock acquired by nodename 12021@pr-hdds-1569-shd4m-3693607622
2019-09-25 12:11:12,265 [pool-37-thread-1] INFO  storage.RaftStorage (RaftStorage.java:format(72)) - Storage directory /workdir/hadoop-ozone/integration-test/target/test-dir/MiniOzoneClusterImpl-14adbd36-3f13-49d9-943b-28fb447cae9b/datanode-1/data/ratis/d6c89d16-9273-4421-99ec-e4df514c08d2 has been successfully formatted.
2019-09-25 12:11:12,266 [pool-37-thread-1] INFO  ratis.ContainerStateMachine (ContainerStateMachine.java:loadSnapshot(230)) - group-E4DF514C08D2: The snapshot info is null. Setting the last applied indexto:(t:0, i:~)
2019-09-25 12:11:12,266 [pool-37-thread-1] INFO  server.RaftServerConfigKeys (ConfUtils.java:logGet(43)) - raft.server.notification.no-leader.timeout = 120s (custom)
2019-09-25 12:11:12,267 [pool-37-thread-1] INFO  server.RaftServerConfigKeys (ConfUtils.java:logGet(43)) - raft.server.log.use.memory = false (default)
2019-09-25 12:11:12,267 [pool-37-thread-1] INFO  server.RaftServerConfigKeys (ConfUtils.java:logGet(43)) - raft.server.log.purge.gap = 1000000 (custom)
2019-09-25 12:11:12,267 [pool-37-thread-1] INFO  server.RaftServerConfigKeys (ConfUtils.java:logGet(43)) - raft.server.log.appender.buffer.byte-limit = 33554432 (custom)
2019-09-25 12:11:12,267 [pool-37-thread-1] INFO  server.RaftServerConfigKeys (ConfUtils.java:logGet(43)) - raft.server.log.segment.size.max = 1048576 (custom)
2019-09-25 12:11:12,268 [pool-37-thread-1] INFO  server.RaftServerConfigKeys (ConfUtils.java:logGet(43)) - raft.server.log.segment.cache.num.max = 2 (custom)
2019-09-25 12:11:12,268 [pool-37-thread-1] INFO  segmented.SegmentedRaftLogWorker (SegmentedRaftLogWorker.java:<init>(172)) - new 0a02233c-b430-4ef8-86f7-62573cff9fbb@group-E4DF514C08D2-SegmentedRaftLogWorker for RaftStorage:Storage Directory /workdir/hadoop-ozone/integration-test/target/test-dir/MiniOzoneClusterImpl-14adbd36-3f13-49d9-943b-28fb447cae9b/datanode-1/data/ratis/d6c89d16-9273-4421-99ec-e4df514c08d2
2019-09-25 12:11:12,268 [pool-37-thread-1] INFO  server.RaftServerConfigKeys (ConfUtils.java:logGet(43)) - raft.server.log.queue.byte-limit = 2147483647 (custom)
2019-09-25 12:11:12,269 [pool-37-thread-1] INFO  server.RaftServerConfigKeys (ConfUtils.java:logGet(43)) - raft.server.log.queue.element-limit = 1024 (custom)
2019-09-25 12:11:12,269 [pool-37-thread-1] INFO  server.RaftServerConfigKeys (ConfUtils.java:logGet(43)) - raft.server.log.segment.size.max = 1048576 (custom)
2019-09-25 12:11:12,269 [pool-37-thread-1] INFO  server.RaftServerConfigKeys (ConfUtils.java:logGet(43)) - raft.server.log.preallocated.size = 16384 (custom)
2019-09-25 12:11:12,270 [pool-37-thread-1] INFO  server.RaftServerConfigKeys (ConfUtils.java:logGet(43)) - raft.server.log.write.buffer.size = 33554432 (custom)
2019-09-25 12:11:12,270 [pool-37-thread-1] INFO  server.RaftServerConfigKeys (ConfUtils.java:logGet(43)) - raft.server.log.force.sync.num = 128 (default)
2019-09-25 12:11:12,270 [pool-37-thread-1] INFO  server.RaftServerConfigKeys (ConfUtils.java:logGet(43)) - raft.server.log.statemachine.data.sync = true (default)
2019-09-25 12:11:12,270 [pool-37-thread-1] INFO  server.RaftServerConfigKeys (ConfUtils.java:logGet(43)) - raft.server.log.statemachine.data.sync.timeout = 10s (default)
2019-09-25 12:11:12,271 [pool-37-thread-1] INFO  server.RaftServerConfigKeys (ConfUtils.java:logGet(43)) - raft.server.log.statemachine.data.sync.timeout.retry = -1 (default)
2019-09-25 12:11:12,271 [pool-37-thread-1] INFO  server.RaftServerConfigKeys (ConfUtils.java:logGet(43)) - raft.server.log.statemachine.data.caching.enabled = true (custom)
2019-09-25 12:11:12,272 [pool-37-thread-1] INFO  segmented.SegmentedRaftLogWorker (SegmentedRaftLogWorker.java:lambda$new$0(132)) - 0a02233c-b430-4ef8-86f7-62573cff9fbb@group-E4DF514C08D2-SegmentedRaftLogWorker: flushIndex: setUnconditionally 0 -> -1
2019-09-25 12:11:12,272 [pool-37-thread-1] INFO  server.RaftServerConfigKeys (ConfUtils.java:logGet(43)) - raft.server.snapshot.auto.trigger.enabled = true (custom)
2019-09-25 12:11:12,272 [pool-37-thread-1] INFO  server.RaftServerConfigKeys (ConfUtils.java:logGet(43)) - raft.server.snapshot.auto.trigger.threshold = 10000 (custom)
2019-09-25 12:11:12,273 [pool-37-thread-1] INFO  server.RaftServerConfigKeys (ConfUtils.java:logGet(43)) - raft.server.snapshot.retention.num.files = 5 (custom)
2019-09-25 12:11:12,273 [pool-37-thread-1] INFO  server.RaftServerConfigKeys (ConfUtils.java:logGet(43)) - raft.server.retrycache.expirytime = 600000ms (custom)
2019-09-25 12:11:12,280 [pool-37-thread-1] INFO  impl.RaftServerImpl (RaftServerImpl.java:start(185)) - 0a02233c-b430-4ef8-86f7-62573cff9fbb@group-E4DF514C08D2: start as a follower, conf=-1: [0a02233c-b430-4ef8-86f7-62573cff9fbb:192.168.151.73:43494], old=null
2019-09-25 12:11:12,281 [pool-37-thread-1] INFO  impl.RaftServerImpl (RaftServerImpl.java:setRole(174)) - 0a02233c-b430-4ef8-86f7-62573cff9fbb@group-E4DF514C08D2: changes role from      null to FOLLOWER at term 0 for startAsFollower
2019-09-25 12:11:12,281 [pool-37-thread-1] INFO  impl.RoleInfo (RoleInfo.java:updateAndGet(143)) - 0a02233c-b430-4ef8-86f7-62573cff9fbb: start FollowerState
2019-09-25 12:11:12,281 [pool-37-thread-1] INFO  util.JmxRegister (JmxRegister.java:tryRegister(44)) - Successfully registered JMX Bean with object name Ratis:service=RaftServer,group=group-E4DF514C08D2,id=0a02233c-b430-4ef8-86f7-62573cff9fbb
2019-09-25 12:11:12,293 [RatisPipelineUtilsThread] INFO  pipeline.PipelineStateManager (PipelineStateManager.java:addPipeline(56)) - Created pipeline Pipeline[ Id: d6c89d16-9273-4421-99ec-e4df514c08d2, Nodes: 0a02233c-b430-4ef8-86f7-62573cff9fbb{ip: 192.168.151.73, host: pr-hdds-1569-shd4m-3693607622, networkLocation: /default-rack, certSerialId: null}, Type:RATIS, Factor:ONE, State:OPEN]
2019-09-25 12:11:12,307 [grpc-default-executor-0] INFO  impl.RaftServerProxy (RaftServerProxy.java:addNew(89)) - 0a02233c-b430-4ef8-86f7-62573cff9fbb: addNew group-18FD8D7BCBA2:[0a02233c-b430-4ef8-86f7-62573cff9fbb:192.168.151.73:43494] returns group-18FD8D7BCBA2:java.util.concurrent.CompletableFuture@774655e9[Not completed]
2019-09-25 12:11:12,309 [pool-37-thread-1] INFO  impl.RaftServerImpl (RaftServerImpl.java:<init>(95)) - 0a02233c-b430-4ef8-86f7-62573cff9fbb: new RaftServerImpl for group-18FD8D7BCBA2:[0a02233c-b430-4ef8-86f7-62573cff9fbb:192.168.151.73:43494] with ContainerStateMachine:uninitialized
2019-09-25 12:11:12,310 [pool-37-thread-1] INFO  server.RaftServerConfigKeys (ConfUtils.java:logGet(43)) - raft.server.rpc.timeout.min = 5s (custom)
2019-09-25 12:11:12,310 [pool-37-thread-1] INFO  server.RaftServerConfigKeys (ConfUtils.java:logGet(43)) - raft.server.rpc.timeout.max = 5200ms (custom)
2019-09-25 12:11:12,310 [pool-37-thread-1] INFO  server.RaftServerConfigKeys (ConfUtils.java:logGet(43)) - raft.server.rpcslowness.timeout = 120s (custom)
2019-09-25 12:11:12,310 [pool-37-thread-1] INFO  server.RaftServerConfigKeys (ConfUtils.java:logGet(43)) - raft.server.sleep.deviation.threshold = 300 (default)
2019-09-25 12:11:12,310 [pool-37-thread-1] INFO  server.RaftServerConfigKeys (ConfUtils.java:logGet(43)) - raft.server.log.appender.install.snapshot.enabled = false (custom)
2019-09-25 12:11:12,311 [pool-37-thread-1] INFO  impl.RaftServerImpl (ServerState.java:<init>(103)) - 0a02233c-b430-4ef8-86f7-62573cff9fbb@group-18FD8D7BCBA2: ConfigurationManager, init=-1: [0a02233c-b430-4ef8-86f7-62573cff9fbb:192.168.151.73:43494], old=null, confs=<EMPTY_MAP>
2019-09-25 12:11:12,311 [pool-37-thread-1] INFO  server.RaftServerConfigKeys (ConfUtils.java:logGet(43)) - raft.server.storage.dir = [/workdir/hadoop-ozone/integration-test/target/test-dir/MiniOzoneClusterImpl-14adbd36-3f13-49d9-943b-28fb447cae9b/datanode-1/data/ratis] (custom)
2019-09-25 12:11:12,311 [pool-37-thread-1] INFO  storage.RaftStorageDirectory (RaftStorageDirectory.java:analyzeStorage(246)) - The storage directory /workdir/hadoop-ozone/integration-test/target/test-dir/MiniOzoneClusterImpl-14adbd36-3f13-49d9-943b-28fb447cae9b/datanode-1/data/ratis/5c4cabc4-f57d-4ab7-8325-18fd8d7bcba2 does not exist. Creating ...
2019-09-25 12:11:12,326 [pool-37-thread-1] INFO  storage.RaftStorageDirectory (RaftStorageDirectory.java:tryLock(328)) - Lock on /workdir/hadoop-ozone/integration-test/target/test-dir/MiniOzoneClusterImpl-14adbd36-3f13-49d9-943b-28fb447cae9b/datanode-1/data/ratis/5c4cabc4-f57d-4ab7-8325-18fd8d7bcba2/in_use.lock acquired by nodename 12021@pr-hdds-1569-shd4m-3693607622
2019-09-25 12:11:12,339 [pool-37-thread-1] INFO  storage.RaftStorage (RaftStorage.java:format(72)) - Storage directory /workdir/hadoop-ozone/integration-test/target/test-dir/MiniOzoneClusterImpl-14adbd36-3f13-49d9-943b-28fb447cae9b/datanode-1/data/ratis/5c4cabc4-f57d-4ab7-8325-18fd8d7bcba2 has been successfully formatted.
2019-09-25 12:11:12,339 [pool-37-thread-1] INFO  ratis.ContainerStateMachine (ContainerStateMachine.java:loadSnapshot(230)) - group-18FD8D7BCBA2: The snapshot info is null. Setting the last applied indexto:(t:0, i:~)
2019-09-25 12:11:12,340 [pool-37-thread-1] INFO  server.RaftServerConfigKeys (ConfUtils.java:logGet(43)) - raft.server.notification.no-leader.timeout = 120s (custom)
2019-09-25 12:11:12,340 [pool-37-thread-1] INFO  server.RaftServerConfigKeys (ConfUtils.java:logGet(43)) - raft.server.log.use.memory = false (default)
2019-09-25 12:11:12,340 [pool-37-thread-1] INFO  server.RaftServerConfigKeys (ConfUtils.java:logGet(43)) - raft.server.log.purge.gap = 1000000 (custom)
2019-09-25 12:11:12,340 [pool-37-thread-1] INFO  server.RaftServerConfigKeys (ConfUtils.java:logGet(43)) - raft.server.log.appender.buffer.byte-limit = 33554432 (custom)
2019-09-25 12:11:12,340 [pool-37-thread-1] INFO  server.RaftServerConfigKeys (ConfUtils.java:logGet(43)) - raft.server.log.segment.size.max = 1048576 (custom)
2019-09-25 12:11:12,341 [pool-37-thread-1] INFO  server.RaftServerConfigKeys (ConfUtils.java:logGet(43)) - raft.server.log.segment.cache.num.max = 2 (custom)
2019-09-25 12:11:12,341 [pool-37-thread-1] INFO  segmented.SegmentedRaftLogWorker (SegmentedRaftLogWorker.java:<init>(172)) - new 0a02233c-b430-4ef8-86f7-62573cff9fbb@group-18FD8D7BCBA2-SegmentedRaftLogWorker for RaftStorage:Storage Directory /workdir/hadoop-ozone/integration-test/target/test-dir/MiniOzoneClusterImpl-14adbd36-3f13-49d9-943b-28fb447cae9b/datanode-1/data/ratis/5c4cabc4-f57d-4ab7-8325-18fd8d7bcba2
2019-09-25 12:11:12,341 [pool-37-thread-1] INFO  server.RaftServerConfigKeys (ConfUtils.java:logGet(43)) - raft.server.log.queue.byte-limit = 2147483647 (custom)
2019-09-25 12:11:12,341 [pool-37-thread-1] INFO  server.RaftServerConfigKeys (ConfUtils.java:logGet(43)) - raft.server.log.queue.element-limit = 1024 (custom)
2019-09-25 12:11:12,342 [pool-37-thread-1] INFO  server.RaftServerConfigKeys (ConfUtils.java:logGet(43)) - raft.server.log.segment.size.max = 1048576 (custom)
2019-09-25 12:11:12,342 [pool-37-thread-1] INFO  server.RaftServerConfigKeys (ConfUtils.java:logGet(43)) - raft.server.log.preallocated.size = 16384 (custom)
2019-09-25 12:11:12,342 [pool-37-thread-1] INFO  server.RaftServerConfigKeys (ConfUtils.java:logGet(43)) - raft.server.log.write.buffer.size = 33554432 (custom)
2019-09-25 12:11:12,342 [pool-37-thread-1] INFO  server.RaftServerConfigKeys (ConfUtils.java:logGet(43)) - raft.server.log.force.sync.num = 128 (default)
2019-09-25 12:11:12,342 [pool-37-thread-1] INFO  server.RaftServerConfigKeys (ConfUtils.java:logGet(43)) - raft.server.log.statemachine.data.sync = true (default)
2019-09-25 12:11:12,342 [pool-37-thread-1] INFO  server.RaftServerConfigKeys (ConfUtils.java:logGet(43)) - raft.server.log.statemachine.data.sync.timeout = 10s (default)
2019-09-25 12:11:12,343 [pool-37-thread-1] INFO  server.RaftServerConfigKeys (ConfUtils.java:logGet(43)) - raft.server.log.statemachine.data.sync.timeout.retry = -1 (default)
2019-09-25 12:11:12,343 [pool-37-thread-1] INFO  server.RaftServerConfigKeys (ConfUtils.java:logGet(43)) - raft.server.log.statemachine.data.caching.enabled = true (custom)
2019-09-25 12:11:12,343 [pool-37-thread-1] INFO  segmented.SegmentedRaftLogWorker (SegmentedRaftLogWorker.java:lambda$new$0(132)) - 0a02233c-b430-4ef8-86f7-62573cff9fbb@group-18FD8D7BCBA2-SegmentedRaftLogWorker: flushIndex: setUnconditionally 0 -> -1
2019-09-25 12:11:12,344 [pool-37-thread-1] INFO  server.RaftServerConfigKeys (ConfUtils.java:logGet(43)) - raft.server.snapshot.auto.trigger.enabled = true (custom)
2019-09-25 12:11:12,344 [pool-37-thread-1] INFO  server.RaftServerConfigKeys (ConfUtils.java:logGet(43)) - raft.server.snapshot.auto.trigger.threshold = 10000 (custom)
2019-09-25 12:11:12,344 [pool-37-thread-1] INFO  server.RaftServerConfigKeys (ConfUtils.java:logGet(43)) - raft.server.snapshot.retention.num.files = 5 (custom)
2019-09-25 12:11:12,345 [pool-37-thread-1] INFO  server.RaftServerConfigKeys (ConfUtils.java:logGet(43)) - raft.server.retrycache.expirytime = 600000ms (custom)
2019-09-25 12:11:12,350 [pool-37-thread-1] INFO  impl.RaftServerImpl (RaftServerImpl.java:start(185)) - 0a02233c-b430-4ef8-86f7-62573cff9fbb@group-18FD8D7BCBA2: start as a follower, conf=-1: [0a02233c-b430-4ef8-86f7-62573cff9fbb:192.168.151.73:43494], old=null
2019-09-25 12:11:12,350 [pool-37-thread-1] INFO  impl.RaftServerImpl (RaftServerImpl.java:setRole(174)) - 0a02233c-b430-4ef8-86f7-62573cff9fbb@group-18FD8D7BCBA2: changes role from      null to FOLLOWER at term 0 for startAsFollower
2019-09-25 12:11:12,350 [pool-37-thread-1] INFO  impl.RoleInfo (RoleInfo.java:updateAndGet(143)) - 0a02233c-b430-4ef8-86f7-62573cff9fbb: start FollowerState
2019-09-25 12:11:12,350 [pool-37-thread-1] INFO  util.JmxRegister (JmxRegister.java:tryRegister(44)) - Successfully registered JMX Bean with object name Ratis:service=RaftServer,group=group-18FD8D7BCBA2,id=0a02233c-b430-4ef8-86f7-62573cff9fbb
2019-09-25 12:11:12,360 [RatisPipelineUtilsThread] INFO  pipeline.PipelineStateManager (PipelineStateManager.java:addPipeline(56)) - Created pipeline Pipeline[ Id: 5c4cabc4-f57d-4ab7-8325-18fd8d7bcba2, Nodes: 0a02233c-b430-4ef8-86f7-62573cff9fbb{ip: 192.168.151.73, host: pr-hdds-1569-shd4m-3693607622, networkLocation: /default-rack, certSerialId: null}, Type:RATIS, Factor:ONE, State:OPEN]
2019-09-25 12:11:12,373 [grpc-default-executor-0] INFO  impl.RaftServerProxy (RaftServerProxy.java:addNew(89)) - 0a02233c-b430-4ef8-86f7-62573cff9fbb: addNew group-4E070500CD62:[0a02233c-b430-4ef8-86f7-62573cff9fbb:192.168.151.73:43494] returns group-4E070500CD62:java.util.concurrent.CompletableFuture@14d2e41f[Not completed]
2019-09-25 12:11:12,375 [pool-37-thread-1] INFO  impl.RaftServerImpl (RaftServerImpl.java:<init>(95)) - 0a02233c-b430-4ef8-86f7-62573cff9fbb: new RaftServerImpl for group-4E070500CD62:[0a02233c-b430-4ef8-86f7-62573cff9fbb:192.168.151.73:43494] with ContainerStateMachine:uninitialized
2019-09-25 12:11:12,375 [pool-37-thread-1] INFO  server.RaftServerConfigKeys (ConfUtils.java:logGet(43)) - raft.server.rpc.timeout.min = 5s (custom)
2019-09-25 12:11:12,375 [pool-37-thread-1] INFO  server.RaftServerConfigKeys (ConfUtils.java:logGet(43)) - raft.server.rpc.timeout.max = 5200ms (custom)
2019-09-25 12:11:12,375 [pool-37-thread-1] INFO  server.RaftServerConfigKeys (ConfUtils.java:logGet(43)) - raft.server.rpcslowness.timeout = 120s (custom)
2019-09-25 12:11:12,376 [pool-37-thread-1] INFO  server.RaftServerConfigKeys (ConfUtils.java:logGet(43)) - raft.server.sleep.deviation.threshold = 300 (default)
2019-09-25 12:11:12,376 [pool-37-thread-1] INFO  server.RaftServerConfigKeys (ConfUtils.java:logGet(43)) - raft.server.log.appender.install.snapshot.enabled = false (custom)
2019-09-25 12:11:12,376 [pool-37-thread-1] INFO  impl.RaftServerImpl (ServerState.java:<init>(103)) - 0a02233c-b430-4ef8-86f7-62573cff9fbb@group-4E070500CD62: ConfigurationManager, init=-1: [0a02233c-b430-4ef8-86f7-62573cff9fbb:192.168.151.73:43494], old=null, confs=<EMPTY_MAP>
2019-09-25 12:11:12,376 [pool-37-thread-1] INFO  server.RaftServerConfigKeys (ConfUtils.java:logGet(43)) - raft.server.storage.dir = [/workdir/hadoop-ozone/integration-test/target/test-dir/MiniOzoneClusterImpl-14adbd36-3f13-49d9-943b-28fb447cae9b/datanode-1/data/ratis] (custom)
2019-09-25 12:11:12,376 [pool-37-thread-1] INFO  storage.RaftStorageDirectory (RaftStorageDirectory.java:analyzeStorage(246)) - The storage directory /workdir/hadoop-ozone/integration-test/target/test-dir/MiniOzoneClusterImpl-14adbd36-3f13-49d9-943b-28fb447cae9b/datanode-1/data/ratis/dcb42115-57b9-4abd-b581-4e070500cd62 does not exist. Creating ...
2019-09-25 12:11:12,389 [pool-37-thread-1] INFO  storage.RaftStorageDirectory (RaftStorageDirectory.java:tryLock(328)) - Lock on /workdir/hadoop-ozone/integration-test/target/test-dir/MiniOzoneClusterImpl-14adbd36-3f13-49d9-943b-28fb447cae9b/datanode-1/data/ratis/dcb42115-57b9-4abd-b581-4e070500cd62/in_use.lock acquired by nodename 12021@pr-hdds-1569-shd4m-3693607622
2019-09-25 12:11:12,402 [pool-37-thread-1] INFO  storage.RaftStorage (RaftStorage.java:format(72)) - Storage directory /workdir/hadoop-ozone/integration-test/target/test-dir/MiniOzoneClusterImpl-14adbd36-3f13-49d9-943b-28fb447cae9b/datanode-1/data/ratis/dcb42115-57b9-4abd-b581-4e070500cd62 has been successfully formatted.
2019-09-25 12:11:12,403 [pool-37-thread-1] INFO  ratis.ContainerStateMachine (ContainerStateMachine.java:loadSnapshot(230)) - group-4E070500CD62: The snapshot info is null. Setting the last applied indexto:(t:0, i:~)
2019-09-25 12:11:12,403 [pool-37-thread-1] INFO  server.RaftServerConfigKeys (ConfUtils.java:logGet(43)) - raft.server.notification.no-leader.timeout = 120s (custom)
2019-09-25 12:11:12,403 [pool-37-thread-1] INFO  server.RaftServerConfigKeys (ConfUtils.java:logGet(43)) - raft.server.log.use.memory = false (default)
2019-09-25 12:11:12,403 [pool-37-thread-1] INFO  server.RaftServerConfigKeys (ConfUtils.java:logGet(43)) - raft.server.log.purge.gap = 1000000 (custom)
2019-09-25 12:11:12,403 [pool-37-thread-1] INFO  server.RaftServerConfigKeys (ConfUtils.java:logGet(43)) - raft.server.log.appender.buffer.byte-limit = 33554432 (custom)
2019-09-25 12:11:12,403 [pool-37-thread-1] INFO  server.RaftServerConfigKeys (ConfUtils.java:logGet(43)) - raft.server.log.segment.size.max = 1048576 (custom)
2019-09-25 12:11:12,404 [pool-37-thread-1] INFO  server.RaftServerConfigKeys (ConfUtils.java:logGet(43)) - raft.server.log.segment.cache.num.max = 2 (custom)
2019-09-25 12:11:12,404 [pool-37-thread-1] INFO  segmented.SegmentedRaftLogWorker (SegmentedRaftLogWorker.java:<init>(172)) - new 0a02233c-b430-4ef8-86f7-62573cff9fbb@group-4E070500CD62-SegmentedRaftLogWorker for RaftStorage:Storage Directory /workdir/hadoop-ozone/integration-test/target/test-dir/MiniOzoneClusterImpl-14adbd36-3f13-49d9-943b-28fb447cae9b/datanode-1/data/ratis/dcb42115-57b9-4abd-b581-4e070500cd62
2019-09-25 12:11:12,404 [pool-37-thread-1] INFO  server.RaftServerConfigKeys (ConfUtils.java:logGet(43)) - raft.server.log.queue.byte-limit = 2147483647 (custom)
2019-09-25 12:11:12,404 [pool-37-thread-1] INFO  server.RaftServerConfigKeys (ConfUtils.java:logGet(43)) - raft.server.log.queue.element-limit = 1024 (custom)
2019-09-25 12:11:12,404 [pool-37-thread-1] INFO  server.RaftServerConfigKeys (ConfUtils.java:logGet(43)) - raft.server.log.segment.size.max = 1048576 (custom)
2019-09-25 12:11:12,404 [pool-37-thread-1] INFO  server.RaftServerConfigKeys (ConfUtils.java:logGet(43)) - raft.server.log.preallocated.size = 16384 (custom)
2019-09-25 12:11:12,404 [pool-37-thread-1] INFO  server.RaftServerConfigKeys (ConfUtils.java:logGet(43)) - raft.server.log.write.buffer.size = 33554432 (custom)
2019-09-25 12:11:12,405 [pool-37-thread-1] INFO  server.RaftServerConfigKeys (ConfUtils.java:logGet(43)) - raft.server.log.force.sync.num = 128 (default)
2019-09-25 12:11:12,405 [pool-37-thread-1] INFO  server.RaftServerConfigKeys (ConfUtils.java:logGet(43)) - raft.server.log.statemachine.data.sync = true (default)
2019-09-25 12:11:12,405 [pool-37-thread-1] INFO  server.RaftServerConfigKeys (ConfUtils.java:logGet(43)) - raft.server.log.statemachine.data.sync.timeout = 10s (default)
2019-09-25 12:11:12,405 [pool-37-thread-1] INFO  server.RaftServerConfigKeys (ConfUtils.java:logGet(43)) - raft.server.log.statemachine.data.sync.timeout.retry = -1 (default)
2019-09-25 12:11:12,405 [pool-37-thread-1] INFO  server.RaftServerConfigKeys (ConfUtils.java:logGet(43)) - raft.server.log.statemachine.data.caching.enabled = true (custom)
2019-09-25 12:11:12,405 [pool-37-thread-1] INFO  segmented.SegmentedRaftLogWorker (SegmentedRaftLogWorker.java:lambda$new$0(132)) - 0a02233c-b430-4ef8-86f7-62573cff9fbb@group-4E070500CD62-SegmentedRaftLogWorker: flushIndex: setUnconditionally 0 -> -1
2019-09-25 12:11:12,406 [pool-37-thread-1] INFO  server.RaftServerConfigKeys (ConfUtils.java:logGet(43)) - raft.server.snapshot.auto.trigger.enabled = true (custom)
2019-09-25 12:11:12,406 [pool-37-thread-1] INFO  server.RaftServerConfigKeys (ConfUtils.java:logGet(43)) - raft.server.snapshot.auto.trigger.threshold = 10000 (custom)
2019-09-25 12:11:12,406 [pool-37-thread-1] INFO  server.RaftServerConfigKeys (ConfUtils.java:logGet(43)) - raft.server.snapshot.retention.num.files = 5 (custom)
2019-09-25 12:11:12,406 [pool-37-thread-1] INFO  server.RaftServerConfigKeys (ConfUtils.java:logGet(43)) - raft.server.retrycache.expirytime = 600000ms (custom)
2019-09-25 12:11:12,410 [pool-37-thread-1] INFO  impl.RaftServerImpl (RaftServerImpl.java:start(185)) - 0a02233c-b430-4ef8-86f7-62573cff9fbb@group-4E070500CD62: start as a follower, conf=-1: [0a02233c-b430-4ef8-86f7-62573cff9fbb:192.168.151.73:43494], old=null
2019-09-25 12:11:12,410 [pool-37-thread-1] INFO  impl.RaftServerImpl (RaftServerImpl.java:setRole(174)) - 0a02233c-b430-4ef8-86f7-62573cff9fbb@group-4E070500CD62: changes role from      null to FOLLOWER at term 0 for startAsFollower
2019-09-25 12:11:12,410 [pool-37-thread-1] INFO  impl.RoleInfo (RoleInfo.java:updateAndGet(143)) - 0a02233c-b430-4ef8-86f7-62573cff9fbb: start FollowerState
2019-09-25 12:11:12,411 [pool-37-thread-1] INFO  util.JmxRegister (JmxRegister.java:tryRegister(44)) - Successfully registered JMX Bean with object name Ratis:service=RaftServer,group=group-4E070500CD62,id=0a02233c-b430-4ef8-86f7-62573cff9fbb
2019-09-25 12:11:12,419 [RatisPipelineUtilsThread] INFO  pipeline.PipelineStateManager (PipelineStateManager.java:addPipeline(56)) - Created pipeline Pipeline[ Id: dcb42115-57b9-4abd-b581-4e070500cd62, Nodes: 0a02233c-b430-4ef8-86f7-62573cff9fbb{ip: 192.168.151.73, host: pr-hdds-1569-shd4m-3693607622, networkLocation: /default-rack, certSerialId: null}, Type:RATIS, Factor:ONE, State:OPEN]
2019-09-25 12:11:12,438 [grpc-default-executor-0] INFO  impl.RaftServerProxy (RaftServerProxy.java:addNew(89)) - fec2f942-0387-4b01-b39b-3d25a3fbff72: addNew group-5DDEEE7DEEEF:[fec2f942-0387-4b01-b39b-3d25a3fbff72:192.168.151.73:45222] returns group-5DDEEE7DEEEF:java.util.concurrent.CompletableFuture@6a4181e5[Not completed]
2019-09-25 12:11:12,440 [pool-47-thread-1] INFO  impl.RaftServerImpl (RaftServerImpl.java:<init>(95)) - fec2f942-0387-4b01-b39b-3d25a3fbff72: new RaftServerImpl for group-5DDEEE7DEEEF:[fec2f942-0387-4b01-b39b-3d25a3fbff72:192.168.151.73:45222] with ContainerStateMachine:uninitialized
2019-09-25 12:11:12,441 [pool-47-thread-1] INFO  server.RaftServerConfigKeys (ConfUtils.java:logGet(43)) - raft.server.rpc.timeout.min = 5s (custom)
2019-09-25 12:11:12,441 [pool-47-thread-1] INFO  server.RaftServerConfigKeys (ConfUtils.java:logGet(43)) - raft.server.rpc.timeout.max = 5200ms (custom)
2019-09-25 12:11:12,441 [pool-47-thread-1] INFO  server.RaftServerConfigKeys (ConfUtils.java:logGet(43)) - raft.server.rpcslowness.timeout = 120s (custom)
2019-09-25 12:11:12,442 [pool-47-thread-1] INFO  server.RaftServerConfigKeys (ConfUtils.java:logGet(43)) - raft.server.sleep.deviation.threshold = 300 (default)
2019-09-25 12:11:12,442 [pool-47-thread-1] INFO  server.RaftServerConfigKeys (ConfUtils.java:logGet(43)) - raft.server.log.appender.install.snapshot.enabled = false (custom)
2019-09-25 12:11:12,442 [pool-47-thread-1] INFO  impl.RaftServerImpl (ServerState.java:<init>(103)) - fec2f942-0387-4b01-b39b-3d25a3fbff72@group-5DDEEE7DEEEF: ConfigurationManager, init=-1: [fec2f942-0387-4b01-b39b-3d25a3fbff72:192.168.151.73:45222], old=null, confs=<EMPTY_MAP>
2019-09-25 12:11:12,442 [pool-47-thread-1] INFO  server.RaftServerConfigKeys (ConfUtils.java:logGet(43)) - raft.server.storage.dir = [/workdir/hadoop-ozone/integration-test/target/test-dir/MiniOzoneClusterImpl-14adbd36-3f13-49d9-943b-28fb447cae9b/datanode-2/data/ratis] (custom)
2019-09-25 12:11:12,443 [pool-47-thread-1] INFO  storage.RaftStorageDirectory (RaftStorageDirectory.java:analyzeStorage(246)) - The storage directory /workdir/hadoop-ozone/integration-test/target/test-dir/MiniOzoneClusterImpl-14adbd36-3f13-49d9-943b-28fb447cae9b/datanode-2/data/ratis/1f03891a-71f2-41cf-931f-5ddeee7deeef does not exist. Creating ...
2019-09-25 12:11:12,458 [pool-47-thread-1] INFO  storage.RaftStorageDirectory (RaftStorageDirectory.java:tryLock(328)) - Lock on /workdir/hadoop-ozone/integration-test/target/test-dir/MiniOzoneClusterImpl-14adbd36-3f13-49d9-943b-28fb447cae9b/datanode-2/data/ratis/1f03891a-71f2-41cf-931f-5ddeee7deeef/in_use.lock acquired by nodename 12021@pr-hdds-1569-shd4m-3693607622
2019-09-25 12:11:12,471 [pool-47-thread-1] INFO  storage.RaftStorage (RaftStorage.java:format(72)) - Storage directory /workdir/hadoop-ozone/integration-test/target/test-dir/MiniOzoneClusterImpl-14adbd36-3f13-49d9-943b-28fb447cae9b/datanode-2/data/ratis/1f03891a-71f2-41cf-931f-5ddeee7deeef has been successfully formatted.
2019-09-25 12:11:12,471 [pool-47-thread-1] INFO  ratis.ContainerStateMachine (ContainerStateMachine.java:loadSnapshot(230)) - group-5DDEEE7DEEEF: The snapshot info is null. Setting the last applied indexto:(t:0, i:~)
2019-09-25 12:11:12,472 [pool-47-thread-1] INFO  server.RaftServerConfigKeys (ConfUtils.java:logGet(43)) - raft.server.notification.no-leader.timeout = 120s (custom)
2019-09-25 12:11:12,472 [pool-47-thread-1] INFO  server.RaftServerConfigKeys (ConfUtils.java:logGet(43)) - raft.server.log.use.memory = false (default)
2019-09-25 12:11:12,472 [pool-47-thread-1] INFO  server.RaftServerConfigKeys (ConfUtils.java:logGet(43)) - raft.server.log.purge.gap = 1000000 (custom)
2019-09-25 12:11:12,472 [pool-47-thread-1] INFO  server.RaftServerConfigKeys (ConfUtils.java:logGet(43)) - raft.server.log.appender.buffer.byte-limit = 33554432 (custom)
2019-09-25 12:11:12,472 [pool-47-thread-1] INFO  server.RaftServerConfigKeys (ConfUtils.java:logGet(43)) - raft.server.log.segment.size.max = 1048576 (custom)
2019-09-25 12:11:12,473 [pool-47-thread-1] INFO  server.RaftServerConfigKeys (ConfUtils.java:logGet(43)) - raft.server.log.segment.cache.num.max = 2 (custom)
2019-09-25 12:11:12,473 [pool-47-thread-1] INFO  segmented.SegmentedRaftLogWorker (SegmentedRaftLogWorker.java:<init>(172)) - new fec2f942-0387-4b01-b39b-3d25a3fbff72@group-5DDEEE7DEEEF-SegmentedRaftLogWorker for RaftStorage:Storage Directory /workdir/hadoop-ozone/integration-test/target/test-dir/MiniOzoneClusterImpl-14adbd36-3f13-49d9-943b-28fb447cae9b/datanode-2/data/ratis/1f03891a-71f2-41cf-931f-5ddeee7deeef
2019-09-25 12:11:12,478 [pool-47-thread-1] INFO  server.RaftServerConfigKeys (ConfUtils.java:logGet(43)) - raft.server.log.queue.byte-limit = 2147483647 (custom)
2019-09-25 12:11:12,478 [pool-47-thread-1] INFO  server.RaftServerConfigKeys (ConfUtils.java:logGet(43)) - raft.server.log.queue.element-limit = 1024 (custom)
2019-09-25 12:11:12,478 [pool-47-thread-1] INFO  server.RaftServerConfigKeys (ConfUtils.java:logGet(43)) - raft.server.log.segment.size.max = 1048576 (custom)
2019-09-25 12:11:12,479 [pool-47-thread-1] INFO  server.RaftServerConfigKeys (ConfUtils.java:logGet(43)) - raft.server.log.preallocated.size = 16384 (custom)
2019-09-25 12:11:12,479 [pool-47-thread-1] INFO  server.RaftServerConfigKeys (ConfUtils.java:logGet(43)) - raft.server.log.write.buffer.size = 33554432 (custom)
2019-09-25 12:11:12,479 [pool-47-thread-1] INFO  server.RaftServerConfigKeys (ConfUtils.java:logGet(43)) - raft.server.log.force.sync.num = 128 (default)
2019-09-25 12:11:12,479 [pool-47-thread-1] INFO  server.RaftServerConfigKeys (ConfUtils.java:logGet(43)) - raft.server.log.statemachine.data.sync = true (default)
2019-09-25 12:11:12,479 [pool-47-thread-1] INFO  server.RaftServerConfigKeys (ConfUtils.java:logGet(43)) - raft.server.log.statemachine.data.sync.timeout = 10s (default)
2019-09-25 12:11:12,480 [pool-47-thread-1] INFO  server.RaftServerConfigKeys (ConfUtils.java:logGet(43)) - raft.server.log.statemachine.data.sync.timeout.retry = -1 (default)
2019-09-25 12:11:12,480 [pool-47-thread-1] INFO  server.RaftServerConfigKeys (ConfUtils.java:logGet(43)) - raft.server.log.statemachine.data.caching.enabled = true (custom)
2019-09-25 12:11:12,481 [pool-47-thread-1] INFO  segmented.SegmentedRaftLogWorker (SegmentedRaftLogWorker.java:lambda$new$0(132)) - fec2f942-0387-4b01-b39b-3d25a3fbff72@group-5DDEEE7DEEEF-SegmentedRaftLogWorker: flushIndex: setUnconditionally 0 -> -1
2019-09-25 12:11:12,481 [pool-47-thread-1] INFO  server.RaftServerConfigKeys (ConfUtils.java:logGet(43)) - raft.server.snapshot.auto.trigger.enabled = true (custom)
2019-09-25 12:11:12,481 [pool-47-thread-1] INFO  server.RaftServerConfigKeys (ConfUtils.java:logGet(43)) - raft.server.snapshot.auto.trigger.threshold = 10000 (custom)
2019-09-25 12:11:12,481 [pool-47-thread-1] INFO  server.RaftServerConfigKeys (ConfUtils.java:logGet(43)) - raft.server.snapshot.retention.num.files = 5 (custom)
2019-09-25 12:11:12,482 [pool-47-thread-1] INFO  server.RaftServerConfigKeys (ConfUtils.java:logGet(43)) - raft.server.retrycache.expirytime = 600000ms (custom)
2019-09-25 12:11:12,486 [pool-47-thread-1] INFO  impl.RaftServerImpl (RaftServerImpl.java:start(185)) - fec2f942-0387-4b01-b39b-3d25a3fbff72@group-5DDEEE7DEEEF: start as a follower, conf=-1: [fec2f942-0387-4b01-b39b-3d25a3fbff72:192.168.151.73:45222], old=null
2019-09-25 12:11:12,486 [pool-47-thread-1] INFO  impl.RaftServerImpl (RaftServerImpl.java:setRole(174)) - fec2f942-0387-4b01-b39b-3d25a3fbff72@group-5DDEEE7DEEEF: changes role from      null to FOLLOWER at term 0 for startAsFollower
2019-09-25 12:11:12,486 [pool-47-thread-1] INFO  impl.RoleInfo (RoleInfo.java:updateAndGet(143)) - fec2f942-0387-4b01-b39b-3d25a3fbff72: start FollowerState
2019-09-25 12:11:12,487 [pool-47-thread-1] INFO  util.JmxRegister (JmxRegister.java:tryRegister(44)) - Successfully registered JMX Bean with object name Ratis:service=RaftServer,group=group-5DDEEE7DEEEF,id=fec2f942-0387-4b01-b39b-3d25a3fbff72
2019-09-25 12:11:12,496 [RatisPipelineUtilsThread] INFO  pipeline.PipelineStateManager (PipelineStateManager.java:addPipeline(56)) - Created pipeline Pipeline[ Id: 1f03891a-71f2-41cf-931f-5ddeee7deeef, Nodes: fec2f942-0387-4b01-b39b-3d25a3fbff72{ip: 192.168.151.73, host: pr-hdds-1569-shd4m-3693607622, networkLocation: /default-rack, certSerialId: null}, Type:RATIS, Factor:ONE, State:OPEN]
2019-09-25 12:11:12,507 [grpc-default-executor-0] INFO  impl.RaftServerProxy (RaftServerProxy.java:addNew(89)) - 0a02233c-b430-4ef8-86f7-62573cff9fbb: addNew group-899D657C856A:[0a02233c-b430-4ef8-86f7-62573cff9fbb:192.168.151.73:43494] returns group-899D657C856A:java.util.concurrent.CompletableFuture@1ac7cb0e[Not completed]
2019-09-25 12:11:12,509 [pool-37-thread-1] INFO  impl.RaftServerImpl (RaftServerImpl.java:<init>(95)) - 0a02233c-b430-4ef8-86f7-62573cff9fbb: new RaftServerImpl for group-899D657C856A:[0a02233c-b430-4ef8-86f7-62573cff9fbb:192.168.151.73:43494] with ContainerStateMachine:uninitialized
2019-09-25 12:11:12,509 [pool-37-thread-1] INFO  server.RaftServerConfigKeys (ConfUtils.java:logGet(43)) - raft.server.rpc.timeout.min = 5s (custom)
2019-09-25 12:11:12,510 [pool-37-thread-1] INFO  server.RaftServerConfigKeys (ConfUtils.java:logGet(43)) - raft.server.rpc.timeout.max = 5200ms (custom)
2019-09-25 12:11:12,510 [pool-37-thread-1] INFO  server.RaftServerConfigKeys (ConfUtils.java:logGet(43)) - raft.server.rpcslowness.timeout = 120s (custom)
2019-09-25 12:11:12,510 [pool-37-thread-1] INFO  server.RaftServerConfigKeys (ConfUtils.java:logGet(43)) - raft.server.sleep.deviation.threshold = 300 (default)
2019-09-25 12:11:12,510 [pool-37-thread-1] INFO  server.RaftServerConfigKeys (ConfUtils.java:logGet(43)) - raft.server.log.appender.install.snapshot.enabled = false (custom)
2019-09-25 12:11:12,510 [pool-37-thread-1] INFO  impl.RaftServerImpl (ServerState.java:<init>(103)) - 0a02233c-b430-4ef8-86f7-62573cff9fbb@group-899D657C856A: ConfigurationManager, init=-1: [0a02233c-b430-4ef8-86f7-62573cff9fbb:192.168.151.73:43494], old=null, confs=<EMPTY_MAP>
2019-09-25 12:11:12,511 [pool-37-thread-1] INFO  server.RaftServerConfigKeys (ConfUtils.java:logGet(43)) - raft.server.storage.dir = [/workdir/hadoop-ozone/integration-test/target/test-dir/MiniOzoneClusterImpl-14adbd36-3f13-49d9-943b-28fb447cae9b/datanode-1/data/ratis] (custom)
2019-09-25 12:11:12,511 [pool-37-thread-1] INFO  storage.RaftStorageDirectory (RaftStorageDirectory.java:analyzeStorage(246)) - The storage directory /workdir/hadoop-ozone/integration-test/target/test-dir/MiniOzoneClusterImpl-14adbd36-3f13-49d9-943b-28fb447cae9b/datanode-1/data/ratis/967f3504-66ce-40bf-906a-899d657c856a does not exist. Creating ...
2019-09-25 12:11:12,523 [pool-37-thread-1] INFO  storage.RaftStorageDirectory (RaftStorageDirectory.java:tryLock(328)) - Lock on /workdir/hadoop-ozone/integration-test/target/test-dir/MiniOzoneClusterImpl-14adbd36-3f13-49d9-943b-28fb447cae9b/datanode-1/data/ratis/967f3504-66ce-40bf-906a-899d657c856a/in_use.lock acquired by nodename 12021@pr-hdds-1569-shd4m-3693607622
2019-09-25 12:11:12,544 [pool-37-thread-1] INFO  storage.RaftStorage (RaftStorage.java:format(72)) - Storage directory /workdir/hadoop-ozone/integration-test/target/test-dir/MiniOzoneClusterImpl-14adbd36-3f13-49d9-943b-28fb447cae9b/datanode-1/data/ratis/967f3504-66ce-40bf-906a-899d657c856a has been successfully formatted.
2019-09-25 12:11:12,544 [pool-37-thread-1] INFO  ratis.ContainerStateMachine (ContainerStateMachine.java:loadSnapshot(230)) - group-899D657C856A: The snapshot info is null. Setting the last applied indexto:(t:0, i:~)
2019-09-25 12:11:12,544 [pool-37-thread-1] INFO  server.RaftServerConfigKeys (ConfUtils.java:logGet(43)) - raft.server.notification.no-leader.timeout = 120s (custom)
2019-09-25 12:11:12,544 [pool-37-thread-1] INFO  server.RaftServerConfigKeys (ConfUtils.java:logGet(43)) - raft.server.log.use.memory = false (default)
2019-09-25 12:11:12,545 [pool-37-thread-1] INFO  server.RaftServerConfigKeys (ConfUtils.java:logGet(43)) - raft.server.log.purge.gap = 1000000 (custom)
2019-09-25 12:11:12,545 [pool-37-thread-1] INFO  server.RaftServerConfigKeys (ConfUtils.java:logGet(43)) - raft.server.log.appender.buffer.byte-limit = 33554432 (custom)
2019-09-25 12:11:12,545 [pool-37-thread-1] INFO  server.RaftServerConfigKeys (ConfUtils.java:logGet(43)) - raft.server.log.segment.size.max = 1048576 (custom)
2019-09-25 12:11:12,545 [pool-37-thread-1] INFO  server.RaftServerConfigKeys (ConfUtils.java:logGet(43)) - raft.server.log.segment.cache.num.max = 2 (custom)
2019-09-25 12:11:12,545 [pool-37-thread-1] INFO  segmented.SegmentedRaftLogWorker (SegmentedRaftLogWorker.java:<init>(172)) - new 0a02233c-b430-4ef8-86f7-62573cff9fbb@group-899D657C856A-SegmentedRaftLogWorker for RaftStorage:Storage Directory /workdir/hadoop-ozone/integration-test/target/test-dir/MiniOzoneClusterImpl-14adbd36-3f13-49d9-943b-28fb447cae9b/datanode-1/data/ratis/967f3504-66ce-40bf-906a-899d657c856a
2019-09-25 12:11:12,546 [pool-37-thread-1] INFO  server.RaftServerConfigKeys (ConfUtils.java:logGet(43)) - raft.server.log.queue.byte-limit = 2147483647 (custom)
2019-09-25 12:11:12,546 [pool-37-thread-1] INFO  server.RaftServerConfigKeys (ConfUtils.java:logGet(43)) - raft.server.log.queue.element-limit = 1024 (custom)
2019-09-25 12:11:12,546 [pool-37-thread-1] INFO  server.RaftServerConfigKeys (ConfUtils.java:logGet(43)) - raft.server.log.segment.size.max = 1048576 (custom)
2019-09-25 12:11:12,546 [pool-37-thread-1] INFO  server.RaftServerConfigKeys (ConfUtils.java:logGet(43)) - raft.server.log.preallocated.size = 16384 (custom)
2019-09-25 12:11:12,546 [pool-37-thread-1] INFO  server.RaftServerConfigKeys (ConfUtils.java:logGet(43)) - raft.server.log.write.buffer.size = 33554432 (custom)
2019-09-25 12:11:12,546 [pool-37-thread-1] INFO  server.RaftServerConfigKeys (ConfUtils.java:logGet(43)) - raft.server.log.force.sync.num = 128 (default)
2019-09-25 12:11:12,547 [pool-37-thread-1] INFO  server.RaftServerConfigKeys (ConfUtils.java:logGet(43)) - raft.server.log.statemachine.data.sync = true (default)
2019-09-25 12:11:12,547 [pool-37-thread-1] INFO  server.RaftServerConfigKeys (ConfUtils.java:logGet(43)) - raft.server.log.statemachine.data.sync.timeout = 10s (default)
2019-09-25 12:11:12,547 [pool-37-thread-1] INFO  server.RaftServerConfigKeys (ConfUtils.java:logGet(43)) - raft.server.log.statemachine.data.sync.timeout.retry = -1 (default)
2019-09-25 12:11:12,547 [pool-37-thread-1] INFO  server.RaftServerConfigKeys (ConfUtils.java:logGet(43)) - raft.server.log.statemachine.data.caching.enabled = true (custom)
2019-09-25 12:11:12,548 [pool-37-thread-1] INFO  segmented.SegmentedRaftLogWorker (SegmentedRaftLogWorker.java:lambda$new$0(132)) - 0a02233c-b430-4ef8-86f7-62573cff9fbb@group-899D657C856A-SegmentedRaftLogWorker: flushIndex: setUnconditionally 0 -> -1
2019-09-25 12:11:12,548 [pool-37-thread-1] INFO  server.RaftServerConfigKeys (ConfUtils.java:logGet(43)) - raft.server.snapshot.auto.trigger.enabled = true (custom)
2019-09-25 12:11:12,548 [pool-37-thread-1] INFO  server.RaftServerConfigKeys (ConfUtils.java:logGet(43)) - raft.server.snapshot.auto.trigger.threshold = 10000 (custom)
2019-09-25 12:11:12,549 [pool-37-thread-1] INFO  server.RaftServerConfigKeys (ConfUtils.java:logGet(43)) - raft.server.snapshot.retention.num.files = 5 (custom)
2019-09-25 12:11:12,549 [pool-37-thread-1] INFO  server.RaftServerConfigKeys (ConfUtils.java:logGet(43)) - raft.server.retrycache.expirytime = 600000ms (custom)
2019-09-25 12:11:12,553 [pool-37-thread-1] INFO  impl.RaftServerImpl (RaftServerImpl.java:start(185)) - 0a02233c-b430-4ef8-86f7-62573cff9fbb@group-899D657C856A: start as a follower, conf=-1: [0a02233c-b430-4ef8-86f7-62573cff9fbb:192.168.151.73:43494], old=null
2019-09-25 12:11:12,553 [pool-37-thread-1] INFO  impl.RaftServerImpl (RaftServerImpl.java:setRole(174)) - 0a02233c-b430-4ef8-86f7-62573cff9fbb@group-899D657C856A: changes role from      null to FOLLOWER at term 0 for startAsFollower
2019-09-25 12:11:12,553 [pool-37-thread-1] INFO  impl.RoleInfo (RoleInfo.java:updateAndGet(143)) - 0a02233c-b430-4ef8-86f7-62573cff9fbb: start FollowerState
2019-09-25 12:11:12,553 [pool-37-thread-1] INFO  util.JmxRegister (JmxRegister.java:tryRegister(44)) - Successfully registered JMX Bean with object name Ratis:service=RaftServer,group=group-899D657C856A,id=0a02233c-b430-4ef8-86f7-62573cff9fbb
2019-09-25 12:11:12,561 [RatisPipelineUtilsThread] INFO  pipeline.PipelineStateManager (PipelineStateManager.java:addPipeline(56)) - Created pipeline Pipeline[ Id: 967f3504-66ce-40bf-906a-899d657c856a, Nodes: 0a02233c-b430-4ef8-86f7-62573cff9fbb{ip: 192.168.151.73, host: pr-hdds-1569-shd4m-3693607622, networkLocation: /default-rack, certSerialId: null}, Type:RATIS, Factor:ONE, State:OPEN]
2019-09-25 12:11:12,573 [grpc-default-executor-0] INFO  impl.RaftServerProxy (RaftServerProxy.java:addNew(89)) - 0a02233c-b430-4ef8-86f7-62573cff9fbb: addNew group-1219E2FFF721:[0a02233c-b430-4ef8-86f7-62573cff9fbb:192.168.151.73:43494] returns group-1219E2FFF721:java.util.concurrent.CompletableFuture@2d6a8d3f[Not completed]
2019-09-25 12:11:12,575 [pool-37-thread-1] INFO  impl.RaftServerImpl (RaftServerImpl.java:<init>(95)) - 0a02233c-b430-4ef8-86f7-62573cff9fbb: new RaftServerImpl for group-1219E2FFF721:[0a02233c-b430-4ef8-86f7-62573cff9fbb:192.168.151.73:43494] with ContainerStateMachine:uninitialized
2019-09-25 12:11:12,576 [pool-37-thread-1] INFO  server.RaftServerConfigKeys (ConfUtils.java:logGet(43)) - raft.server.rpc.timeout.min = 5s (custom)
2019-09-25 12:11:12,576 [pool-37-thread-1] INFO  server.RaftServerConfigKeys (ConfUtils.java:logGet(43)) - raft.server.rpc.timeout.max = 5200ms (custom)
2019-09-25 12:11:12,576 [pool-37-thread-1] INFO  server.RaftServerConfigKeys (ConfUtils.java:logGet(43)) - raft.server.rpcslowness.timeout = 120s (custom)
2019-09-25 12:11:12,576 [pool-37-thread-1] INFO  server.RaftServerConfigKeys (ConfUtils.java:logGet(43)) - raft.server.sleep.deviation.threshold = 300 (default)
2019-09-25 12:11:12,576 [pool-37-thread-1] INFO  server.RaftServerConfigKeys (ConfUtils.java:logGet(43)) - raft.server.log.appender.install.snapshot.enabled = false (custom)
2019-09-25 12:11:12,576 [pool-37-thread-1] INFO  impl.RaftServerImpl (ServerState.java:<init>(103)) - 0a02233c-b430-4ef8-86f7-62573cff9fbb@group-1219E2FFF721: ConfigurationManager, init=-1: [0a02233c-b430-4ef8-86f7-62573cff9fbb:192.168.151.73:43494], old=null, confs=<EMPTY_MAP>
2019-09-25 12:11:12,576 [pool-37-thread-1] INFO  server.RaftServerConfigKeys (ConfUtils.java:logGet(43)) - raft.server.storage.dir = [/workdir/hadoop-ozone/integration-test/target/test-dir/MiniOzoneClusterImpl-14adbd36-3f13-49d9-943b-28fb447cae9b/datanode-1/data/ratis] (custom)
2019-09-25 12:11:12,577 [pool-37-thread-1] INFO  storage.RaftStorageDirectory (RaftStorageDirectory.java:analyzeStorage(246)) - The storage directory /workdir/hadoop-ozone/integration-test/target/test-dir/MiniOzoneClusterImpl-14adbd36-3f13-49d9-943b-28fb447cae9b/datanode-1/data/ratis/4c6a8633-7d16-4d85-b318-1219e2fff721 does not exist. Creating ...
2019-09-25 12:11:12,591 [pool-37-thread-1] INFO  storage.RaftStorageDirectory (RaftStorageDirectory.java:tryLock(328)) - Lock on /workdir/hadoop-ozone/integration-test/target/test-dir/MiniOzoneClusterImpl-14adbd36-3f13-49d9-943b-28fb447cae9b/datanode-1/data/ratis/4c6a8633-7d16-4d85-b318-1219e2fff721/in_use.lock acquired by nodename 12021@pr-hdds-1569-shd4m-3693607622
2019-09-25 12:11:12,604 [pool-37-thread-1] INFO  storage.RaftStorage (RaftStorage.java:format(72)) - Storage directory /workdir/hadoop-ozone/integration-test/target/test-dir/MiniOzoneClusterImpl-14adbd36-3f13-49d9-943b-28fb447cae9b/datanode-1/data/ratis/4c6a8633-7d16-4d85-b318-1219e2fff721 has been successfully formatted.
2019-09-25 12:11:12,605 [pool-37-thread-1] INFO  ratis.ContainerStateMachine (ContainerStateMachine.java:loadSnapshot(230)) - group-1219E2FFF721: The snapshot info is null. Setting the last applied indexto:(t:0, i:~)
2019-09-25 12:11:12,605 [pool-37-thread-1] INFO  server.RaftServerConfigKeys (ConfUtils.java:logGet(43)) - raft.server.notification.no-leader.timeout = 120s (custom)
2019-09-25 12:11:12,605 [pool-37-thread-1] INFO  server.RaftServerConfigKeys (ConfUtils.java:logGet(43)) - raft.server.log.use.memory = false (default)
2019-09-25 12:11:12,605 [pool-37-thread-1] INFO  server.RaftServerConfigKeys (ConfUtils.java:logGet(43)) - raft.server.log.purge.gap = 1000000 (custom)
2019-09-25 12:11:12,605 [pool-37-thread-1] INFO  server.RaftServerConfigKeys (ConfUtils.java:logGet(43)) - raft.server.log.appender.buffer.byte-limit = 33554432 (custom)
2019-09-25 12:11:12,605 [pool-37-thread-1] INFO  server.RaftServerConfigKeys (ConfUtils.java:logGet(43)) - raft.server.log.segment.size.max = 1048576 (custom)
2019-09-25 12:11:12,606 [pool-37-thread-1] INFO  server.RaftServerConfigKeys (ConfUtils.java:logGet(43)) - raft.server.log.segment.cache.num.max = 2 (custom)
2019-09-25 12:11:12,606 [pool-37-thread-1] INFO  segmented.SegmentedRaftLogWorker (SegmentedRaftLogWorker.java:<init>(172)) - new 0a02233c-b430-4ef8-86f7-62573cff9fbb@group-1219E2FFF721-SegmentedRaftLogWorker for RaftStorage:Storage Directory /workdir/hadoop-ozone/integration-test/target/test-dir/MiniOzoneClusterImpl-14adbd36-3f13-49d9-943b-28fb447cae9b/datanode-1/data/ratis/4c6a8633-7d16-4d85-b318-1219e2fff721
2019-09-25 12:11:12,606 [pool-37-thread-1] INFO  server.RaftServerConfigKeys (ConfUtils.java:logGet(43)) - raft.server.log.queue.byte-limit = 2147483647 (custom)
2019-09-25 12:11:12,606 [pool-37-thread-1] INFO  server.RaftServerConfigKeys (ConfUtils.java:logGet(43)) - raft.server.log.queue.element-limit = 1024 (custom)
2019-09-25 12:11:12,606 [pool-37-thread-1] INFO  server.RaftServerConfigKeys (ConfUtils.java:logGet(43)) - raft.server.log.segment.size.max = 1048576 (custom)
2019-09-25 12:11:12,606 [pool-37-thread-1] INFO  server.RaftServerConfigKeys (ConfUtils.java:logGet(43)) - raft.server.log.preallocated.size = 16384 (custom)
2019-09-25 12:11:12,606 [pool-37-thread-1] INFO  server.RaftServerConfigKeys (ConfUtils.java:logGet(43)) - raft.server.log.write.buffer.size = 33554432 (custom)
2019-09-25 12:11:12,607 [pool-37-thread-1] INFO  server.RaftServerConfigKeys (ConfUtils.java:logGet(43)) - raft.server.log.force.sync.num = 128 (default)
2019-09-25 12:11:12,607 [pool-37-thread-1] INFO  server.RaftServerConfigKeys (ConfUtils.java:logGet(43)) - raft.server.log.statemachine.data.sync = true (default)
2019-09-25 12:11:12,607 [pool-37-thread-1] INFO  server.RaftServerConfigKeys (ConfUtils.java:logGet(43)) - raft.server.log.statemachine.data.sync.timeout = 10s (default)
2019-09-25 12:11:12,607 [pool-37-thread-1] INFO  server.RaftServerConfigKeys (ConfUtils.java:logGet(43)) - raft.server.log.statemachine.data.sync.timeout.retry = -1 (default)
2019-09-25 12:11:12,607 [pool-37-thread-1] INFO  server.RaftServerConfigKeys (ConfUtils.java:logGet(43)) - raft.server.log.statemachine.data.caching.enabled = true (custom)
2019-09-25 12:11:12,608 [pool-37-thread-1] INFO  segmented.SegmentedRaftLogWorker (SegmentedRaftLogWorker.java:lambda$new$0(132)) - 0a02233c-b430-4ef8-86f7-62573cff9fbb@group-1219E2FFF721-SegmentedRaftLogWorker: flushIndex: setUnconditionally 0 -> -1
2019-09-25 12:11:12,608 [pool-37-thread-1] INFO  server.RaftServerConfigKeys (ConfUtils.java:logGet(43)) - raft.server.snapshot.auto.trigger.enabled = true (custom)
2019-09-25 12:11:12,608 [pool-37-thread-1] INFO  server.RaftServerConfigKeys (ConfUtils.java:logGet(43)) - raft.server.snapshot.auto.trigger.threshold = 10000 (custom)
2019-09-25 12:11:12,608 [pool-37-thread-1] INFO  server.RaftServerConfigKeys (ConfUtils.java:logGet(43)) - raft.server.snapshot.retention.num.files = 5 (custom)
2019-09-25 12:11:12,608 [pool-37-thread-1] INFO  server.RaftServerConfigKeys (ConfUtils.java:logGet(43)) - raft.server.retrycache.expirytime = 600000ms (custom)
2019-09-25 12:11:12,611 [pool-37-thread-1] INFO  impl.RaftServerImpl (RaftServerImpl.java:start(185)) - 0a02233c-b430-4ef8-86f7-62573cff9fbb@group-1219E2FFF721: start as a follower, conf=-1: [0a02233c-b430-4ef8-86f7-62573cff9fbb:192.168.151.73:43494], old=null
2019-09-25 12:11:12,611 [pool-37-thread-1] INFO  impl.RaftServerImpl (RaftServerImpl.java:setRole(174)) - 0a02233c-b430-4ef8-86f7-62573cff9fbb@group-1219E2FFF721: changes role from      null to FOLLOWER at term 0 for startAsFollower
2019-09-25 12:11:12,611 [pool-37-thread-1] INFO  impl.RoleInfo (RoleInfo.java:updateAndGet(143)) - 0a02233c-b430-4ef8-86f7-62573cff9fbb: start FollowerState
2019-09-25 12:11:12,612 [pool-37-thread-1] INFO  util.JmxRegister (JmxRegister.java:tryRegister(44)) - Successfully registered JMX Bean with object name Ratis:service=RaftServer,group=group-1219E2FFF721,id=0a02233c-b430-4ef8-86f7-62573cff9fbb
2019-09-25 12:11:12,620 [RatisPipelineUtilsThread] INFO  pipeline.PipelineStateManager (PipelineStateManager.java:addPipeline(56)) - Created pipeline Pipeline[ Id: 4c6a8633-7d16-4d85-b318-1219e2fff721, Nodes: 0a02233c-b430-4ef8-86f7-62573cff9fbb{ip: 192.168.151.73, host: pr-hdds-1569-shd4m-3693607622, networkLocation: /default-rack, certSerialId: null}, Type:RATIS, Factor:ONE, State:OPEN]
2019-09-25 12:11:12,621 [RatisPipelineUtilsThread] INFO  pipeline.PipelinePlacementPolicy (PipelinePlacementPolicy.java:meetCriteria(91)) - Pipeline Placement: can't place more pipeline on heavy datanode： 0a02233c-b430-4ef8-86f7-62573cff9fbb Heaviness: 6 limit: 5
2019-09-25 12:11:12,632 [grpc-default-executor-0] INFO  impl.RaftServerProxy (RaftServerProxy.java:addNew(89)) - 95841f60-59cb-43d2-bb49-deb4a2468360: addNew group-80EA3D06DB62:[95841f60-59cb-43d2-bb49-deb4a2468360:192.168.151.73:42020] returns group-80EA3D06DB62:java.util.concurrent.CompletableFuture@631e136f[Not completed]
2019-09-25 12:11:12,634 [pool-27-thread-1] INFO  impl.RaftServerImpl (RaftServerImpl.java:<init>(95)) - 95841f60-59cb-43d2-bb49-deb4a2468360: new RaftServerImpl for group-80EA3D06DB62:[95841f60-59cb-43d2-bb49-deb4a2468360:192.168.151.73:42020] with ContainerStateMachine:uninitialized
2019-09-25 12:11:12,634 [pool-27-thread-1] INFO  server.RaftServerConfigKeys (ConfUtils.java:logGet(43)) - raft.server.rpc.timeout.min = 5s (custom)
2019-09-25 12:11:12,634 [pool-27-thread-1] INFO  server.RaftServerConfigKeys (ConfUtils.java:logGet(43)) - raft.server.rpc.timeout.max = 5200ms (custom)
2019-09-25 12:11:12,634 [pool-27-thread-1] INFO  server.RaftServerConfigKeys (ConfUtils.java:logGet(43)) - raft.server.rpcslowness.timeout = 120s (custom)
2019-09-25 12:11:12,635 [pool-27-thread-1] INFO  server.RaftServerConfigKeys (ConfUtils.java:logGet(43)) - raft.server.sleep.deviation.threshold = 300 (default)
2019-09-25 12:11:12,635 [pool-27-thread-1] INFO  server.RaftServerConfigKeys (ConfUtils.java:logGet(43)) - raft.server.log.appender.install.snapshot.enabled = false (custom)
2019-09-25 12:11:12,635 [pool-27-thread-1] INFO  impl.RaftServerImpl (ServerState.java:<init>(103)) - 95841f60-59cb-43d2-bb49-deb4a2468360@group-80EA3D06DB62: ConfigurationManager, init=-1: [95841f60-59cb-43d2-bb49-deb4a2468360:192.168.151.73:42020], old=null, confs=<EMPTY_MAP>
2019-09-25 12:11:12,635 [pool-27-thread-1] INFO  server.RaftServerConfigKeys (ConfUtils.java:logGet(43)) - raft.server.storage.dir = [/workdir/hadoop-ozone/integration-test/target/test-dir/MiniOzoneClusterImpl-14adbd36-3f13-49d9-943b-28fb447cae9b/datanode-0/data/ratis] (custom)
2019-09-25 12:11:12,636 [pool-27-thread-1] INFO  storage.RaftStorageDirectory (RaftStorageDirectory.java:analyzeStorage(246)) - The storage directory /workdir/hadoop-ozone/integration-test/target/test-dir/MiniOzoneClusterImpl-14adbd36-3f13-49d9-943b-28fb447cae9b/datanode-0/data/ratis/5bbab869-4c87-47dc-b7a6-80ea3d06db62 does not exist. Creating ...
2019-09-25 12:11:12,661 [pool-27-thread-1] INFO  storage.RaftStorageDirectory (RaftStorageDirectory.java:tryLock(328)) - Lock on /workdir/hadoop-ozone/integration-test/target/test-dir/MiniOzoneClusterImpl-14adbd36-3f13-49d9-943b-28fb447cae9b/datanode-0/data/ratis/5bbab869-4c87-47dc-b7a6-80ea3d06db62/in_use.lock acquired by nodename 12021@pr-hdds-1569-shd4m-3693607622
2019-09-25 12:11:12,674 [pool-27-thread-1] INFO  storage.RaftStorage (RaftStorage.java:format(72)) - Storage directory /workdir/hadoop-ozone/integration-test/target/test-dir/MiniOzoneClusterImpl-14adbd36-3f13-49d9-943b-28fb447cae9b/datanode-0/data/ratis/5bbab869-4c87-47dc-b7a6-80ea3d06db62 has been successfully formatted.
2019-09-25 12:11:12,675 [pool-27-thread-1] INFO  ratis.ContainerStateMachine (ContainerStateMachine.java:loadSnapshot(230)) - group-80EA3D06DB62: The snapshot info is null. Setting the last applied indexto:(t:0, i:~)
2019-09-25 12:11:12,675 [pool-27-thread-1] INFO  server.RaftServerConfigKeys (ConfUtils.java:logGet(43)) - raft.server.notification.no-leader.timeout = 120s (custom)
2019-09-25 12:11:12,675 [pool-27-thread-1] INFO  server.RaftServerConfigKeys (ConfUtils.java:logGet(43)) - raft.server.log.use.memory = false (default)
2019-09-25 12:11:12,675 [pool-27-thread-1] INFO  server.RaftServerConfigKeys (ConfUtils.java:logGet(43)) - raft.server.log.purge.gap = 1000000 (custom)
2019-09-25 12:11:12,675 [pool-27-thread-1] INFO  server.RaftServerConfigKeys (ConfUtils.java:logGet(43)) - raft.server.log.appender.buffer.byte-limit = 33554432 (custom)
2019-09-25 12:11:12,676 [pool-27-thread-1] INFO  server.RaftServerConfigKeys (ConfUtils.java:logGet(43)) - raft.server.log.segment.size.max = 1048576 (custom)
2019-09-25 12:11:12,676 [pool-27-thread-1] INFO  server.RaftServerConfigKeys (ConfUtils.java:logGet(43)) - raft.server.log.segment.cache.num.max = 2 (custom)
2019-09-25 12:11:12,676 [pool-27-thread-1] INFO  segmented.SegmentedRaftLogWorker (SegmentedRaftLogWorker.java:<init>(172)) - new 95841f60-59cb-43d2-bb49-deb4a2468360@group-80EA3D06DB62-SegmentedRaftLogWorker for RaftStorage:Storage Directory /workdir/hadoop-ozone/integration-test/target/test-dir/MiniOzoneClusterImpl-14adbd36-3f13-49d9-943b-28fb447cae9b/datanode-0/data/ratis/5bbab869-4c87-47dc-b7a6-80ea3d06db62
2019-09-25 12:11:12,676 [pool-27-thread-1] INFO  server.RaftServerConfigKeys (ConfUtils.java:logGet(43)) - raft.server.log.queue.byte-limit = 2147483647 (custom)
2019-09-25 12:11:12,676 [pool-27-thread-1] INFO  server.RaftServerConfigKeys (ConfUtils.java:logGet(43)) - raft.server.log.queue.element-limit = 1024 (custom)
2019-09-25 12:11:12,677 [pool-27-thread-1] INFO  server.RaftServerConfigKeys (ConfUtils.java:logGet(43)) - raft.server.log.segment.size.max = 1048576 (custom)
2019-09-25 12:11:12,677 [pool-27-thread-1] INFO  server.RaftServerConfigKeys (ConfUtils.java:logGet(43)) - raft.server.log.preallocated.size = 16384 (custom)
2019-09-25 12:11:12,677 [pool-27-thread-1] INFO  server.RaftServerConfigKeys (ConfUtils.java:logGet(43)) - raft.server.log.write.buffer.size = 33554432 (custom)
2019-09-25 12:11:12,677 [pool-27-thread-1] INFO  server.RaftServerConfigKeys (ConfUtils.java:logGet(43)) - raft.server.log.force.sync.num = 128 (default)
2019-09-25 12:11:12,677 [pool-27-thread-1] INFO  server.RaftServerConfigKeys (ConfUtils.java:logGet(43)) - raft.server.log.statemachine.data.sync = true (default)
2019-09-25 12:11:12,678 [pool-27-thread-1] INFO  server.RaftServerConfigKeys (ConfUtils.java:logGet(43)) - raft.server.log.statemachine.data.sync.timeout = 10s (default)
2019-09-25 12:11:12,678 [pool-27-thread-1] INFO  server.RaftServerConfigKeys (ConfUtils.java:logGet(43)) - raft.server.log.statemachine.data.sync.timeout.retry = -1 (default)
2019-09-25 12:11:12,678 [pool-27-thread-1] INFO  server.RaftServerConfigKeys (ConfUtils.java:logGet(43)) - raft.server.log.statemachine.data.caching.enabled = true (custom)
2019-09-25 12:11:12,678 [pool-27-thread-1] INFO  segmented.SegmentedRaftLogWorker (SegmentedRaftLogWorker.java:lambda$new$0(132)) - 95841f60-59cb-43d2-bb49-deb4a2468360@group-80EA3D06DB62-SegmentedRaftLogWorker: flushIndex: setUnconditionally 0 -> -1
2019-09-25 12:11:12,679 [pool-27-thread-1] INFO  server.RaftServerConfigKeys (ConfUtils.java:logGet(43)) - raft.server.snapshot.auto.trigger.enabled = true (custom)
2019-09-25 12:11:12,679 [pool-27-thread-1] INFO  server.RaftServerConfigKeys (ConfUtils.java:logGet(43)) - raft.server.snapshot.auto.trigger.threshold = 10000 (custom)
2019-09-25 12:11:12,679 [pool-27-thread-1] INFO  server.RaftServerConfigKeys (ConfUtils.java:logGet(43)) - raft.server.snapshot.retention.num.files = 5 (custom)
2019-09-25 12:11:12,679 [pool-27-thread-1] INFO  server.RaftServerConfigKeys (ConfUtils.java:logGet(43)) - raft.server.retrycache.expirytime = 600000ms (custom)
2019-09-25 12:11:12,682 [pool-27-thread-1] INFO  impl.RaftServerImpl (RaftServerImpl.java:start(185)) - 95841f60-59cb-43d2-bb49-deb4a2468360@group-80EA3D06DB62: start as a follower, conf=-1: [95841f60-59cb-43d2-bb49-deb4a2468360:192.168.151.73:42020], old=null
2019-09-25 12:11:12,683 [pool-27-thread-1] INFO  impl.RaftServerImpl (RaftServerImpl.java:setRole(174)) - 95841f60-59cb-43d2-bb49-deb4a2468360@group-80EA3D06DB62: changes role from      null to FOLLOWER at term 0 for startAsFollower
2019-09-25 12:11:12,683 [pool-27-thread-1] INFO  impl.RoleInfo (RoleInfo.java:updateAndGet(143)) - 95841f60-59cb-43d2-bb49-deb4a2468360: start FollowerState
2019-09-25 12:11:12,683 [pool-27-thread-1] INFO  util.JmxRegister (JmxRegister.java:tryRegister(44)) - Successfully registered JMX Bean with object name Ratis:service=RaftServer,group=group-80EA3D06DB62,id=95841f60-59cb-43d2-bb49-deb4a2468360
2019-09-25 12:11:12,692 [RatisPipelineUtilsThread] INFO  pipeline.PipelineStateManager (PipelineStateManager.java:addPipeline(56)) - Created pipeline Pipeline[ Id: 5bbab869-4c87-47dc-b7a6-80ea3d06db62, Nodes: 95841f60-59cb-43d2-bb49-deb4a2468360{ip: 192.168.151.73, host: pr-hdds-1569-shd4m-3693607622, networkLocation: /default-rack, certSerialId: null}, Type:RATIS, Factor:ONE, State:OPEN]
2019-09-25 12:11:12,693 [RatisPipelineUtilsThread] INFO  pipeline.PipelinePlacementPolicy (PipelinePlacementPolicy.java:meetCriteria(91)) - Pipeline Placement: can't place more pipeline on heavy datanode： 0a02233c-b430-4ef8-86f7-62573cff9fbb Heaviness: 6 limit: 5
2019-09-25 12:11:12,704 [grpc-default-executor-0] INFO  impl.RaftServerProxy (RaftServerProxy.java:addNew(89)) - fec2f942-0387-4b01-b39b-3d25a3fbff72: addNew group-4F36338CCC50:[fec2f942-0387-4b01-b39b-3d25a3fbff72:192.168.151.73:45222] returns group-4F36338CCC50:java.util.concurrent.CompletableFuture@42e60f15[Not completed]
2019-09-25 12:11:12,707 [pool-47-thread-1] INFO  impl.RaftServerImpl (RaftServerImpl.java:<init>(95)) - fec2f942-0387-4b01-b39b-3d25a3fbff72: new RaftServerImpl for group-4F36338CCC50:[fec2f942-0387-4b01-b39b-3d25a3fbff72:192.168.151.73:45222] with ContainerStateMachine:uninitialized
2019-09-25 12:11:12,707 [pool-47-thread-1] INFO  server.RaftServerConfigKeys (ConfUtils.java:logGet(43)) - raft.server.rpc.timeout.min = 5s (custom)
2019-09-25 12:11:12,707 [pool-47-thread-1] INFO  server.RaftServerConfigKeys (ConfUtils.java:logGet(43)) - raft.server.rpc.timeout.max = 5200ms (custom)
2019-09-25 12:11:12,707 [pool-47-thread-1] INFO  server.RaftServerConfigKeys (ConfUtils.java:logGet(43)) - raft.server.rpcslowness.timeout = 120s (custom)
2019-09-25 12:11:12,707 [pool-47-thread-1] INFO  server.RaftServerConfigKeys (ConfUtils.java:logGet(43)) - raft.server.sleep.deviation.threshold = 300 (default)
2019-09-25 12:11:12,708 [pool-47-thread-1] INFO  server.RaftServerConfigKeys (ConfUtils.java:logGet(43)) - raft.server.log.appender.install.snapshot.enabled = false (custom)
2019-09-25 12:11:12,708 [pool-47-thread-1] INFO  impl.RaftServerImpl (ServerState.java:<init>(103)) - fec2f942-0387-4b01-b39b-3d25a3fbff72@group-4F36338CCC50: ConfigurationManager, init=-1: [fec2f942-0387-4b01-b39b-3d25a3fbff72:192.168.151.73:45222], old=null, confs=<EMPTY_MAP>
2019-09-25 12:11:12,708 [pool-47-thread-1] INFO  server.RaftServerConfigKeys (ConfUtils.java:logGet(43)) - raft.server.storage.dir = [/workdir/hadoop-ozone/integration-test/target/test-dir/MiniOzoneClusterImpl-14adbd36-3f13-49d9-943b-28fb447cae9b/datanode-2/data/ratis] (custom)
2019-09-25 12:11:12,709 [pool-47-thread-1] INFO  storage.RaftStorageDirectory (RaftStorageDirectory.java:analyzeStorage(246)) - The storage directory /workdir/hadoop-ozone/integration-test/target/test-dir/MiniOzoneClusterImpl-14adbd36-3f13-49d9-943b-28fb447cae9b/datanode-2/data/ratis/c61fe9c8-71d3-487b-8b5e-4f36338ccc50 does not exist. Creating ...
2019-09-25 12:11:12,721 [pool-47-thread-1] INFO  storage.RaftStorageDirectory (RaftStorageDirectory.java:tryLock(328)) - Lock on /workdir/hadoop-ozone/integration-test/target/test-dir/MiniOzoneClusterImpl-14adbd36-3f13-49d9-943b-28fb447cae9b/datanode-2/data/ratis/c61fe9c8-71d3-487b-8b5e-4f36338ccc50/in_use.lock acquired by nodename 12021@pr-hdds-1569-shd4m-3693607622
2019-09-25 12:11:12,734 [pool-47-thread-1] INFO  storage.RaftStorage (RaftStorage.java:format(72)) - Storage directory /workdir/hadoop-ozone/integration-test/target/test-dir/MiniOzoneClusterImpl-14adbd36-3f13-49d9-943b-28fb447cae9b/datanode-2/data/ratis/c61fe9c8-71d3-487b-8b5e-4f36338ccc50 has been successfully formatted.
2019-09-25 12:11:12,735 [pool-47-thread-1] INFO  ratis.ContainerStateMachine (ContainerStateMachine.java:loadSnapshot(230)) - group-4F36338CCC50: The snapshot info is null. Setting the last applied indexto:(t:0, i:~)
2019-09-25 12:11:12,735 [pool-47-thread-1] INFO  server.RaftServerConfigKeys (ConfUtils.java:logGet(43)) - raft.server.notification.no-leader.timeout = 120s (custom)
2019-09-25 12:11:12,735 [pool-47-thread-1] INFO  server.RaftServerConfigKeys (ConfUtils.java:logGet(43)) - raft.server.log.use.memory = false (default)
2019-09-25 12:11:12,735 [pool-47-thread-1] INFO  server.RaftServerConfigKeys (ConfUtils.java:logGet(43)) - raft.server.log.purge.gap = 1000000 (custom)
2019-09-25 12:11:12,735 [pool-47-thread-1] INFO  server.RaftServerConfigKeys (ConfUtils.java:logGet(43)) - raft.server.log.appender.buffer.byte-limit = 33554432 (custom)
2019-09-25 12:11:12,736 [pool-47-thread-1] INFO  server.RaftServerConfigKeys (ConfUtils.java:logGet(43)) - raft.server.log.segment.size.max = 1048576 (custom)
2019-09-25 12:11:12,736 [pool-47-thread-1] INFO  server.RaftServerConfigKeys (ConfUtils.java:logGet(43)) - raft.server.log.segment.cache.num.max = 2 (custom)
2019-09-25 12:11:12,736 [pool-47-thread-1] INFO  segmented.SegmentedRaftLogWorker (SegmentedRaftLogWorker.java:<init>(172)) - new fec2f942-0387-4b01-b39b-3d25a3fbff72@group-4F36338CCC50-SegmentedRaftLogWorker for RaftStorage:Storage Directory /workdir/hadoop-ozone/integration-test/target/test-dir/MiniOzoneClusterImpl-14adbd36-3f13-49d9-943b-28fb447cae9b/datanode-2/data/ratis/c61fe9c8-71d3-487b-8b5e-4f36338ccc50
2019-09-25 12:11:12,736 [pool-47-thread-1] INFO  server.RaftServerConfigKeys (ConfUtils.java:logGet(43)) - raft.server.log.queue.byte-limit = 2147483647 (custom)
2019-09-25 12:11:12,736 [pool-47-thread-1] INFO  server.RaftServerConfigKeys (ConfUtils.java:logGet(43)) - raft.server.log.queue.element-limit = 1024 (custom)
2019-09-25 12:11:12,737 [pool-47-thread-1] INFO  server.RaftServerConfigKeys (ConfUtils.java:logGet(43)) - raft.server.log.segment.size.max = 1048576 (custom)
2019-09-25 12:11:12,737 [pool-47-thread-1] INFO  server.RaftServerConfigKeys (ConfUtils.java:logGet(43)) - raft.server.log.preallocated.size = 16384 (custom)
2019-09-25 12:11:12,737 [pool-47-thread-1] INFO  server.RaftServerConfigKeys (ConfUtils.java:logGet(43)) - raft.server.log.write.buffer.size = 33554432 (custom)
2019-09-25 12:11:12,737 [pool-47-thread-1] INFO  server.RaftServerConfigKeys (ConfUtils.java:logGet(43)) - raft.server.log.force.sync.num = 128 (default)
2019-09-25 12:11:12,737 [pool-47-thread-1] INFO  server.RaftServerConfigKeys (ConfUtils.java:logGet(43)) - raft.server.log.statemachine.data.sync = true (default)
2019-09-25 12:11:12,737 [pool-47-thread-1] INFO  server.RaftServerConfigKeys (ConfUtils.java:logGet(43)) - raft.server.log.statemachine.data.sync.timeout = 10s (default)
2019-09-25 12:11:12,738 [pool-47-thread-1] INFO  server.RaftServerConfigKeys (ConfUtils.java:logGet(43)) - raft.server.log.statemachine.data.sync.timeout.retry = -1 (default)
2019-09-25 12:11:12,738 [pool-47-thread-1] INFO  server.RaftServerConfigKeys (ConfUtils.java:logGet(43)) - raft.server.log.statemachine.data.caching.enabled = true (custom)
2019-09-25 12:11:12,738 [pool-47-thread-1] INFO  segmented.SegmentedRaftLogWorker (SegmentedRaftLogWorker.java:lambda$new$0(132)) - fec2f942-0387-4b01-b39b-3d25a3fbff72@group-4F36338CCC50-SegmentedRaftLogWorker: flushIndex: setUnconditionally 0 -> -1
2019-09-25 12:11:12,739 [pool-47-thread-1] INFO  server.RaftServerConfigKeys (ConfUtils.java:logGet(43)) - raft.server.snapshot.auto.trigger.enabled = true (custom)
2019-09-25 12:11:12,739 [pool-47-thread-1] INFO  server.RaftServerConfigKeys (ConfUtils.java:logGet(43)) - raft.server.snapshot.auto.trigger.threshold = 10000 (custom)
2019-09-25 12:11:12,739 [pool-47-thread-1] INFO  server.RaftServerConfigKeys (ConfUtils.java:logGet(43)) - raft.server.snapshot.retention.num.files = 5 (custom)
2019-09-25 12:11:12,739 [pool-47-thread-1] INFO  server.RaftServerConfigKeys (ConfUtils.java:logGet(43)) - raft.server.retrycache.expirytime = 600000ms (custom)
2019-09-25 12:11:12,743 [pool-47-thread-1] INFO  impl.RaftServerImpl (RaftServerImpl.java:start(185)) - fec2f942-0387-4b01-b39b-3d25a3fbff72@group-4F36338CCC50: start as a follower, conf=-1: [fec2f942-0387-4b01-b39b-3d25a3fbff72:192.168.151.73:45222], old=null
2019-09-25 12:11:12,743 [pool-47-thread-1] INFO  impl.RaftServerImpl (RaftServerImpl.java:setRole(174)) - fec2f942-0387-4b01-b39b-3d25a3fbff72@group-4F36338CCC50: changes role from      null to FOLLOWER at term 0 for startAsFollower
2019-09-25 12:11:12,743 [pool-47-thread-1] INFO  impl.RoleInfo (RoleInfo.java:updateAndGet(143)) - fec2f942-0387-4b01-b39b-3d25a3fbff72: start FollowerState
2019-09-25 12:11:12,744 [pool-47-thread-1] INFO  util.JmxRegister (JmxRegister.java:tryRegister(44)) - Successfully registered JMX Bean with object name Ratis:service=RaftServer,group=group-4F36338CCC50,id=fec2f942-0387-4b01-b39b-3d25a3fbff72
2019-09-25 12:11:12,751 [RatisPipelineUtilsThread] INFO  pipeline.PipelineStateManager (PipelineStateManager.java:addPipeline(56)) - Created pipeline Pipeline[ Id: c61fe9c8-71d3-487b-8b5e-4f36338ccc50, Nodes: fec2f942-0387-4b01-b39b-3d25a3fbff72{ip: 192.168.151.73, host: pr-hdds-1569-shd4m-3693607622, networkLocation: /default-rack, certSerialId: null}, Type:RATIS, Factor:ONE, State:OPEN]
2019-09-25 12:11:12,752 [RatisPipelineUtilsThread] INFO  pipeline.PipelinePlacementPolicy (PipelinePlacementPolicy.java:meetCriteria(91)) - Pipeline Placement: can't place more pipeline on heavy datanode： 0a02233c-b430-4ef8-86f7-62573cff9fbb Heaviness: 6 limit: 5
2019-09-25 12:11:12,763 [grpc-default-executor-0] INFO  impl.RaftServerProxy (RaftServerProxy.java:addNew(89)) - fec2f942-0387-4b01-b39b-3d25a3fbff72: addNew group-3B60DD4A729A:[fec2f942-0387-4b01-b39b-3d25a3fbff72:192.168.151.73:45222] returns group-3B60DD4A729A:java.util.concurrent.CompletableFuture@3f427f26[Not completed]
2019-09-25 12:11:12,765 [pool-47-thread-1] INFO  impl.RaftServerImpl (RaftServerImpl.java:<init>(95)) - fec2f942-0387-4b01-b39b-3d25a3fbff72: new RaftServerImpl for group-3B60DD4A729A:[fec2f942-0387-4b01-b39b-3d25a3fbff72:192.168.151.73:45222] with ContainerStateMachine:uninitialized
2019-09-25 12:11:12,765 [pool-47-thread-1] INFO  server.RaftServerConfigKeys (ConfUtils.java:logGet(43)) - raft.server.rpc.timeout.min = 5s (custom)
2019-09-25 12:11:12,765 [pool-47-thread-1] INFO  server.RaftServerConfigKeys (ConfUtils.java:logGet(43)) - raft.server.rpc.timeout.max = 5200ms (custom)
2019-09-25 12:11:12,765 [pool-47-thread-1] INFO  server.RaftServerConfigKeys (ConfUtils.java:logGet(43)) - raft.server.rpcslowness.timeout = 120s (custom)
2019-09-25 12:11:12,765 [pool-47-thread-1] INFO  server.RaftServerConfigKeys (ConfUtils.java:logGet(43)) - raft.server.sleep.deviation.threshold = 300 (default)
2019-09-25 12:11:12,766 [pool-47-thread-1] INFO  server.RaftServerConfigKeys (ConfUtils.java:logGet(43)) - raft.server.log.appender.install.snapshot.enabled = false (custom)
2019-09-25 12:11:12,766 [pool-47-thread-1] INFO  impl.RaftServerImpl (ServerState.java:<init>(103)) - fec2f942-0387-4b01-b39b-3d25a3fbff72@group-3B60DD4A729A: ConfigurationManager, init=-1: [fec2f942-0387-4b01-b39b-3d25a3fbff72:192.168.151.73:45222], old=null, confs=<EMPTY_MAP>
2019-09-25 12:11:12,766 [pool-47-thread-1] INFO  server.RaftServerConfigKeys (ConfUtils.java:logGet(43)) - raft.server.storage.dir = [/workdir/hadoop-ozone/integration-test/target/test-dir/MiniOzoneClusterImpl-14adbd36-3f13-49d9-943b-28fb447cae9b/datanode-2/data/ratis] (custom)
2019-09-25 12:11:12,766 [pool-47-thread-1] INFO  storage.RaftStorageDirectory (RaftStorageDirectory.java:analyzeStorage(246)) - The storage directory /workdir/hadoop-ozone/integration-test/target/test-dir/MiniOzoneClusterImpl-14adbd36-3f13-49d9-943b-28fb447cae9b/datanode-2/data/ratis/47221fcc-9400-48f8-a000-3b60dd4a729a does not exist. Creating ...
2019-09-25 12:11:12,779 [pool-47-thread-1] INFO  storage.RaftStorageDirectory (RaftStorageDirectory.java:tryLock(328)) - Lock on /workdir/hadoop-ozone/integration-test/target/test-dir/MiniOzoneClusterImpl-14adbd36-3f13-49d9-943b-28fb447cae9b/datanode-2/data/ratis/47221fcc-9400-48f8-a000-3b60dd4a729a/in_use.lock acquired by nodename 12021@pr-hdds-1569-shd4m-3693607622
2019-09-25 12:11:12,798 [pool-47-thread-1] INFO  storage.RaftStorage (RaftStorage.java:format(72)) - Storage directory /workdir/hadoop-ozone/integration-test/target/test-dir/MiniOzoneClusterImpl-14adbd36-3f13-49d9-943b-28fb447cae9b/datanode-2/data/ratis/47221fcc-9400-48f8-a000-3b60dd4a729a has been successfully formatted.
2019-09-25 12:11:12,799 [pool-47-thread-1] INFO  ratis.ContainerStateMachine (ContainerStateMachine.java:loadSnapshot(230)) - group-3B60DD4A729A: The snapshot info is null. Setting the last applied indexto:(t:0, i:~)
2019-09-25 12:11:12,799 [pool-47-thread-1] INFO  server.RaftServerConfigKeys (ConfUtils.java:logGet(43)) - raft.server.notification.no-leader.timeout = 120s (custom)
2019-09-25 12:11:12,799 [pool-47-thread-1] INFO  server.RaftServerConfigKeys (ConfUtils.java:logGet(43)) - raft.server.log.use.memory = false (default)
2019-09-25 12:11:12,799 [pool-47-thread-1] INFO  server.RaftServerConfigKeys (ConfUtils.java:logGet(43)) - raft.server.log.purge.gap = 1000000 (custom)
2019-09-25 12:11:12,799 [pool-47-thread-1] INFO  server.RaftServerConfigKeys (ConfUtils.java:logGet(43)) - raft.server.log.appender.buffer.byte-limit = 33554432 (custom)
2019-09-25 12:11:12,800 [pool-47-thread-1] INFO  server.RaftServerConfigKeys (ConfUtils.java:logGet(43)) - raft.server.log.segment.size.max = 1048576 (custom)
2019-09-25 12:11:12,800 [pool-47-thread-1] INFO  server.RaftServerConfigKeys (ConfUtils.java:logGet(43)) - raft.server.log.segment.cache.num.max = 2 (custom)
2019-09-25 12:11:12,800 [pool-47-thread-1] INFO  segmented.SegmentedRaftLogWorker (SegmentedRaftLogWorker.java:<init>(172)) - new fec2f942-0387-4b01-b39b-3d25a3fbff72@group-3B60DD4A729A-SegmentedRaftLogWorker for RaftStorage:Storage Directory /workdir/hadoop-ozone/integration-test/target/test-dir/MiniOzoneClusterImpl-14adbd36-3f13-49d9-943b-28fb447cae9b/datanode-2/data/ratis/47221fcc-9400-48f8-a000-3b60dd4a729a
2019-09-25 12:11:12,800 [pool-47-thread-1] INFO  server.RaftServerConfigKeys (ConfUtils.java:logGet(43)) - raft.server.log.queue.byte-limit = 2147483647 (custom)
2019-09-25 12:11:12,800 [pool-47-thread-1] INFO  server.RaftServerConfigKeys (ConfUtils.java:logGet(43)) - raft.server.log.queue.element-limit = 1024 (custom)
2019-09-25 12:11:12,800 [pool-47-thread-1] INFO  server.RaftServerConfigKeys (ConfUtils.java:logGet(43)) - raft.server.log.segment.size.max = 1048576 (custom)
2019-09-25 12:11:12,801 [pool-47-thread-1] INFO  server.RaftServerConfigKeys (ConfUtils.java:logGet(43)) - raft.server.log.preallocated.size = 16384 (custom)
2019-09-25 12:11:12,801 [pool-47-thread-1] INFO  server.RaftServerConfigKeys (ConfUtils.java:logGet(43)) - raft.server.log.write.buffer.size = 33554432 (custom)
2019-09-25 12:11:12,801 [pool-47-thread-1] INFO  server.RaftServerConfigKeys (ConfUtils.java:logGet(43)) - raft.server.log.force.sync.num = 128 (default)
2019-09-25 12:11:12,801 [pool-47-thread-1] INFO  server.RaftServerConfigKeys (ConfUtils.java:logGet(43)) - raft.server.log.statemachine.data.sync = true (default)
2019-09-25 12:11:12,801 [pool-47-thread-1] INFO  server.RaftServerConfigKeys (ConfUtils.java:logGet(43)) - raft.server.log.statemachine.data.sync.timeout = 10s (default)
2019-09-25 12:11:12,801 [pool-47-thread-1] INFO  server.RaftServerConfigKeys (ConfUtils.java:logGet(43)) - raft.server.log.statemachine.data.sync.timeout.retry = -1 (default)
2019-09-25 12:11:12,802 [pool-47-thread-1] INFO  server.RaftServerConfigKeys (ConfUtils.java:logGet(43)) - raft.server.log.statemachine.data.caching.enabled = true (custom)
2019-09-25 12:11:12,802 [pool-47-thread-1] INFO  segmented.SegmentedRaftLogWorker (SegmentedRaftLogWorker.java:lambda$new$0(132)) - fec2f942-0387-4b01-b39b-3d25a3fbff72@group-3B60DD4A729A-SegmentedRaftLogWorker: flushIndex: setUnconditionally 0 -> -1
2019-09-25 12:11:12,802 [pool-47-thread-1] INFO  server.RaftServerConfigKeys (ConfUtils.java:logGet(43)) - raft.server.snapshot.auto.trigger.enabled = true (custom)
2019-09-25 12:11:12,803 [pool-47-thread-1] INFO  server.RaftServerConfigKeys (ConfUtils.java:logGet(43)) - raft.server.snapshot.auto.trigger.threshold = 10000 (custom)
2019-09-25 12:11:12,803 [pool-47-thread-1] INFO  server.RaftServerConfigKeys (ConfUtils.java:logGet(43)) - raft.server.snapshot.retention.num.files = 5 (custom)
2019-09-25 12:11:12,803 [pool-47-thread-1] INFO  server.RaftServerConfigKeys (ConfUtils.java:logGet(43)) - raft.server.retrycache.expirytime = 600000ms (custom)
2019-09-25 12:11:12,806 [pool-47-thread-1] INFO  impl.RaftServerImpl (RaftServerImpl.java:start(185)) - fec2f942-0387-4b01-b39b-3d25a3fbff72@group-3B60DD4A729A: start as a follower, conf=-1: [fec2f942-0387-4b01-b39b-3d25a3fbff72:192.168.151.73:45222], old=null
2019-09-25 12:11:12,806 [pool-47-thread-1] INFO  impl.RaftServerImpl (RaftServerImpl.java:setRole(174)) - fec2f942-0387-4b01-b39b-3d25a3fbff72@group-3B60DD4A729A: changes role from      null to FOLLOWER at term 0 for startAsFollower
2019-09-25 12:11:12,806 [pool-47-thread-1] INFO  impl.RoleInfo (RoleInfo.java:updateAndGet(143)) - fec2f942-0387-4b01-b39b-3d25a3fbff72: start FollowerState
2019-09-25 12:11:12,807 [pool-47-thread-1] INFO  util.JmxRegister (JmxRegister.java:tryRegister(44)) - Successfully registered JMX Bean with object name Ratis:service=RaftServer,group=group-3B60DD4A729A,id=fec2f942-0387-4b01-b39b-3d25a3fbff72
2019-09-25 12:11:12,815 [RatisPipelineUtilsThread] INFO  pipeline.PipelineStateManager (PipelineStateManager.java:addPipeline(56)) - Created pipeline Pipeline[ Id: 47221fcc-9400-48f8-a000-3b60dd4a729a, Nodes: fec2f942-0387-4b01-b39b-3d25a3fbff72{ip: 192.168.151.73, host: pr-hdds-1569-shd4m-3693607622, networkLocation: /default-rack, certSerialId: null}, Type:RATIS, Factor:ONE, State:OPEN]
2019-09-25 12:11:12,815 [RatisPipelineUtilsThread] INFO  pipeline.PipelinePlacementPolicy (PipelinePlacementPolicy.java:meetCriteria(91)) - Pipeline Placement: can't place more pipeline on heavy datanode： 0a02233c-b430-4ef8-86f7-62573cff9fbb Heaviness: 6 limit: 5
2019-09-25 12:11:12,826 [grpc-default-executor-0] INFO  impl.RaftServerProxy (RaftServerProxy.java:addNew(89)) - fec2f942-0387-4b01-b39b-3d25a3fbff72: addNew group-07F6242ACDA0:[fec2f942-0387-4b01-b39b-3d25a3fbff72:192.168.151.73:45222] returns group-07F6242ACDA0:java.util.concurrent.CompletableFuture@159baea0[Not completed]
2019-09-25 12:11:12,828 [pool-47-thread-1] INFO  impl.RaftServerImpl (RaftServerImpl.java:<init>(95)) - fec2f942-0387-4b01-b39b-3d25a3fbff72: new RaftServerImpl for group-07F6242ACDA0:[fec2f942-0387-4b01-b39b-3d25a3fbff72:192.168.151.73:45222] with ContainerStateMachine:uninitialized
2019-09-25 12:11:12,828 [pool-47-thread-1] INFO  server.RaftServerConfigKeys (ConfUtils.java:logGet(43)) - raft.server.rpc.timeout.min = 5s (custom)
2019-09-25 12:11:12,829 [pool-47-thread-1] INFO  server.RaftServerConfigKeys (ConfUtils.java:logGet(43)) - raft.server.rpc.timeout.max = 5200ms (custom)
2019-09-25 12:11:12,829 [pool-47-thread-1] INFO  server.RaftServerConfigKeys (ConfUtils.java:logGet(43)) - raft.server.rpcslowness.timeout = 120s (custom)
2019-09-25 12:11:12,829 [pool-47-thread-1] INFO  server.RaftServerConfigKeys (ConfUtils.java:logGet(43)) - raft.server.sleep.deviation.threshold = 300 (default)
2019-09-25 12:11:12,829 [pool-47-thread-1] INFO  server.RaftServerConfigKeys (ConfUtils.java:logGet(43)) - raft.server.log.appender.install.snapshot.enabled = false (custom)
2019-09-25 12:11:12,829 [pool-47-thread-1] INFO  impl.RaftServerImpl (ServerState.java:<init>(103)) - fec2f942-0387-4b01-b39b-3d25a3fbff72@group-07F6242ACDA0: ConfigurationManager, init=-1: [fec2f942-0387-4b01-b39b-3d25a3fbff72:192.168.151.73:45222], old=null, confs=<EMPTY_MAP>
2019-09-25 12:11:12,829 [pool-47-thread-1] INFO  server.RaftServerConfigKeys (ConfUtils.java:logGet(43)) - raft.server.storage.dir = [/workdir/hadoop-ozone/integration-test/target/test-dir/MiniOzoneClusterImpl-14adbd36-3f13-49d9-943b-28fb447cae9b/datanode-2/data/ratis] (custom)
2019-09-25 12:11:12,830 [pool-47-thread-1] INFO  storage.RaftStorageDirectory (RaftStorageDirectory.java:analyzeStorage(246)) - The storage directory /workdir/hadoop-ozone/integration-test/target/test-dir/MiniOzoneClusterImpl-14adbd36-3f13-49d9-943b-28fb447cae9b/datanode-2/data/ratis/e565c788-f8ca-43f5-b1e6-07f6242acda0 does not exist. Creating ...
2019-09-25 12:11:12,843 [pool-47-thread-1] INFO  storage.RaftStorageDirectory (RaftStorageDirectory.java:tryLock(328)) - Lock on /workdir/hadoop-ozone/integration-test/target/test-dir/MiniOzoneClusterImpl-14adbd36-3f13-49d9-943b-28fb447cae9b/datanode-2/data/ratis/e565c788-f8ca-43f5-b1e6-07f6242acda0/in_use.lock acquired by nodename 12021@pr-hdds-1569-shd4m-3693607622
2019-09-25 12:11:12,856 [pool-47-thread-1] INFO  storage.RaftStorage (RaftStorage.java:format(72)) - Storage directory /workdir/hadoop-ozone/integration-test/target/test-dir/MiniOzoneClusterImpl-14adbd36-3f13-49d9-943b-28fb447cae9b/datanode-2/data/ratis/e565c788-f8ca-43f5-b1e6-07f6242acda0 has been successfully formatted.
2019-09-25 12:11:12,856 [pool-47-thread-1] INFO  ratis.ContainerStateMachine (ContainerStateMachine.java:loadSnapshot(230)) - group-07F6242ACDA0: The snapshot info is null. Setting the last applied indexto:(t:0, i:~)
2019-09-25 12:11:12,856 [pool-47-thread-1] INFO  server.RaftServerConfigKeys (ConfUtils.java:logGet(43)) - raft.server.notification.no-leader.timeout = 120s (custom)
2019-09-25 12:11:12,857 [pool-47-thread-1] INFO  server.RaftServerConfigKeys (ConfUtils.java:logGet(43)) - raft.server.log.use.memory = false (default)
2019-09-25 12:11:12,857 [pool-47-thread-1] INFO  server.RaftServerConfigKeys (ConfUtils.java:logGet(43)) - raft.server.log.purge.gap = 1000000 (custom)
2019-09-25 12:11:12,857 [pool-47-thread-1] INFO  server.RaftServerConfigKeys (ConfUtils.java:logGet(43)) - raft.server.log.appender.buffer.byte-limit = 33554432 (custom)
2019-09-25 12:11:12,857 [pool-47-thread-1] INFO  server.RaftServerConfigKeys (ConfUtils.java:logGet(43)) - raft.server.log.segment.size.max = 1048576 (custom)
2019-09-25 12:11:12,857 [pool-47-thread-1] INFO  server.RaftServerConfigKeys (ConfUtils.java:logGet(43)) - raft.server.log.segment.cache.num.max = 2 (custom)
2019-09-25 12:11:12,857 [pool-47-thread-1] INFO  segmented.SegmentedRaftLogWorker (SegmentedRaftLogWorker.java:<init>(172)) - new fec2f942-0387-4b01-b39b-3d25a3fbff72@group-07F6242ACDA0-SegmentedRaftLogWorker for RaftStorage:Storage Directory /workdir/hadoop-ozone/integration-test/target/test-dir/MiniOzoneClusterImpl-14adbd36-3f13-49d9-943b-28fb447cae9b/datanode-2/data/ratis/e565c788-f8ca-43f5-b1e6-07f6242acda0
2019-09-25 12:11:12,858 [pool-47-thread-1] INFO  server.RaftServerConfigKeys (ConfUtils.java:logGet(43)) - raft.server.log.queue.byte-limit = 2147483647 (custom)
2019-09-25 12:11:12,858 [pool-47-thread-1] INFO  server.RaftServerConfigKeys (ConfUtils.java:logGet(43)) - raft.server.log.queue.element-limit = 1024 (custom)
2019-09-25 12:11:12,858 [pool-47-thread-1] INFO  server.RaftServerConfigKeys (ConfUtils.java:logGet(43)) - raft.server.log.segment.size.max = 1048576 (custom)
2019-09-25 12:11:12,858 [pool-47-thread-1] INFO  server.RaftServerConfigKeys (ConfUtils.java:logGet(43)) - raft.server.log.preallocated.size = 16384 (custom)
2019-09-25 12:11:12,858 [pool-47-thread-1] INFO  server.RaftServerConfigKeys (ConfUtils.java:logGet(43)) - raft.server.log.write.buffer.size = 33554432 (custom)
2019-09-25 12:11:12,858 [pool-47-thread-1] INFO  server.RaftServerConfigKeys (ConfUtils.java:logGet(43)) - raft.server.log.force.sync.num = 128 (default)
2019-09-25 12:11:12,858 [pool-47-thread-1] INFO  server.RaftServerConfigKeys (ConfUtils.java:logGet(43)) - raft.server.log.statemachine.data.sync = true (default)
2019-09-25 12:11:12,859 [pool-47-thread-1] INFO  server.RaftServerConfigKeys (ConfUtils.java:logGet(43)) - raft.server.log.statemachine.data.sync.timeout = 10s (default)
2019-09-25 12:11:12,859 [pool-47-thread-1] INFO  server.RaftServerConfigKeys (ConfUtils.java:logGet(43)) - raft.server.log.statemachine.data.sync.timeout.retry = -1 (default)
2019-09-25 12:11:12,859 [pool-47-thread-1] INFO  server.RaftServerConfigKeys (ConfUtils.java:logGet(43)) - raft.server.log.statemachine.data.caching.enabled = true (custom)
2019-09-25 12:11:12,859 [pool-47-thread-1] INFO  segmented.SegmentedRaftLogWorker (SegmentedRaftLogWorker.java:lambda$new$0(132)) - fec2f942-0387-4b01-b39b-3d25a3fbff72@group-07F6242ACDA0-SegmentedRaftLogWorker: flushIndex: setUnconditionally 0 -> -1
2019-09-25 12:11:12,860 [pool-47-thread-1] INFO  server.RaftServerConfigKeys (ConfUtils.java:logGet(43)) - raft.server.snapshot.auto.trigger.enabled = true (custom)
2019-09-25 12:11:12,860 [pool-47-thread-1] INFO  server.RaftServerConfigKeys (ConfUtils.java:logGet(43)) - raft.server.snapshot.auto.trigger.threshold = 10000 (custom)
2019-09-25 12:11:12,860 [pool-47-thread-1] INFO  server.RaftServerConfigKeys (ConfUtils.java:logGet(43)) - raft.server.snapshot.retention.num.files = 5 (custom)
2019-09-25 12:11:12,860 [pool-47-thread-1] INFO  server.RaftServerConfigKeys (ConfUtils.java:logGet(43)) - raft.server.retrycache.expirytime = 600000ms (custom)
2019-09-25 12:11:12,863 [pool-47-thread-1] INFO  impl.RaftServerImpl (RaftServerImpl.java:start(185)) - fec2f942-0387-4b01-b39b-3d25a3fbff72@group-07F6242ACDA0: start as a follower, conf=-1: [fec2f942-0387-4b01-b39b-3d25a3fbff72:192.168.151.73:45222], old=null
2019-09-25 12:11:12,864 [pool-47-thread-1] INFO  impl.RaftServerImpl (RaftServerImpl.java:setRole(174)) - fec2f942-0387-4b01-b39b-3d25a3fbff72@group-07F6242ACDA0: changes role from      null to FOLLOWER at term 0 for startAsFollower
2019-09-25 12:11:12,864 [pool-47-thread-1] INFO  impl.RoleInfo (RoleInfo.java:updateAndGet(143)) - fec2f942-0387-4b01-b39b-3d25a3fbff72: start FollowerState
2019-09-25 12:11:12,864 [pool-47-thread-1] INFO  util.JmxRegister (JmxRegister.java:tryRegister(44)) - Successfully registered JMX Bean with object name Ratis:service=RaftServer,group=group-07F6242ACDA0,id=fec2f942-0387-4b01-b39b-3d25a3fbff72
2019-09-25 12:11:12,875 [RatisPipelineUtilsThread] INFO  pipeline.PipelineStateManager (PipelineStateManager.java:addPipeline(56)) - Created pipeline Pipeline[ Id: e565c788-f8ca-43f5-b1e6-07f6242acda0, Nodes: fec2f942-0387-4b01-b39b-3d25a3fbff72{ip: 192.168.151.73, host: pr-hdds-1569-shd4m-3693607622, networkLocation: /default-rack, certSerialId: null}, Type:RATIS, Factor:ONE, State:OPEN]
2019-09-25 12:11:12,875 [RatisPipelineUtilsThread] INFO  pipeline.PipelinePlacementPolicy (PipelinePlacementPolicy.java:meetCriteria(91)) - Pipeline Placement: can't place more pipeline on heavy datanode： 0a02233c-b430-4ef8-86f7-62573cff9fbb Heaviness: 6 limit: 5
2019-09-25 12:11:12,885 [grpc-default-executor-0] INFO  impl.RaftServerProxy (RaftServerProxy.java:addNew(89)) - fec2f942-0387-4b01-b39b-3d25a3fbff72: addNew group-0E2D96AD957F:[fec2f942-0387-4b01-b39b-3d25a3fbff72:192.168.151.73:45222] returns group-0E2D96AD957F:java.util.concurrent.CompletableFuture@31f56eba[Not completed]
2019-09-25 12:11:12,887 [pool-47-thread-1] INFO  impl.RaftServerImpl (RaftServerImpl.java:<init>(95)) - fec2f942-0387-4b01-b39b-3d25a3fbff72: new RaftServerImpl for group-0E2D96AD957F:[fec2f942-0387-4b01-b39b-3d25a3fbff72:192.168.151.73:45222] with ContainerStateMachine:uninitialized
2019-09-25 12:11:12,887 [pool-47-thread-1] INFO  server.RaftServerConfigKeys (ConfUtils.java:logGet(43)) - raft.server.rpc.timeout.min = 5s (custom)
2019-09-25 12:11:12,887 [pool-47-thread-1] INFO  server.RaftServerConfigKeys (ConfUtils.java:logGet(43)) - raft.server.rpc.timeout.max = 5200ms (custom)
2019-09-25 12:11:12,888 [pool-47-thread-1] INFO  server.RaftServerConfigKeys (ConfUtils.java:logGet(43)) - raft.server.rpcslowness.timeout = 120s (custom)
2019-09-25 12:11:12,888 [pool-47-thread-1] INFO  server.RaftServerConfigKeys (ConfUtils.java:logGet(43)) - raft.server.sleep.deviation.threshold = 300 (default)
2019-09-25 12:11:12,888 [pool-47-thread-1] INFO  server.RaftServerConfigKeys (ConfUtils.java:logGet(43)) - raft.server.log.appender.install.snapshot.enabled = false (custom)
2019-09-25 12:11:12,888 [pool-47-thread-1] INFO  impl.RaftServerImpl (ServerState.java:<init>(103)) - fec2f942-0387-4b01-b39b-3d25a3fbff72@group-0E2D96AD957F: ConfigurationManager, init=-1: [fec2f942-0387-4b01-b39b-3d25a3fbff72:192.168.151.73:45222], old=null, confs=<EMPTY_MAP>
2019-09-25 12:11:12,888 [pool-47-thread-1] INFO  server.RaftServerConfigKeys (ConfUtils.java:logGet(43)) - raft.server.storage.dir = [/workdir/hadoop-ozone/integration-test/target/test-dir/MiniOzoneClusterImpl-14adbd36-3f13-49d9-943b-28fb447cae9b/datanode-2/data/ratis] (custom)
2019-09-25 12:11:12,889 [pool-47-thread-1] INFO  storage.RaftStorageDirectory (RaftStorageDirectory.java:analyzeStorage(246)) - The storage directory /workdir/hadoop-ozone/integration-test/target/test-dir/MiniOzoneClusterImpl-14adbd36-3f13-49d9-943b-28fb447cae9b/datanode-2/data/ratis/b70871eb-5b7b-4ac6-9e8c-0e2d96ad957f does not exist. Creating ...
2019-09-25 12:11:12,902 [pool-47-thread-1] INFO  storage.RaftStorageDirectory (RaftStorageDirectory.java:tryLock(328)) - Lock on /workdir/hadoop-ozone/integration-test/target/test-dir/MiniOzoneClusterImpl-14adbd36-3f13-49d9-943b-28fb447cae9b/datanode-2/data/ratis/b70871eb-5b7b-4ac6-9e8c-0e2d96ad957f/in_use.lock acquired by nodename 12021@pr-hdds-1569-shd4m-3693607622
2019-09-25 12:11:12,915 [pool-47-thread-1] INFO  storage.RaftStorage (RaftStorage.java:format(72)) - Storage directory /workdir/hadoop-ozone/integration-test/target/test-dir/MiniOzoneClusterImpl-14adbd36-3f13-49d9-943b-28fb447cae9b/datanode-2/data/ratis/b70871eb-5b7b-4ac6-9e8c-0e2d96ad957f has been successfully formatted.
2019-09-25 12:11:12,915 [pool-47-thread-1] INFO  ratis.ContainerStateMachine (ContainerStateMachine.java:loadSnapshot(230)) - group-0E2D96AD957F: The snapshot info is null. Setting the last applied indexto:(t:0, i:~)
2019-09-25 12:11:12,915 [pool-47-thread-1] INFO  server.RaftServerConfigKeys (ConfUtils.java:logGet(43)) - raft.server.notification.no-leader.timeout = 120s (custom)
2019-09-25 12:11:12,915 [pool-47-thread-1] INFO  server.RaftServerConfigKeys (ConfUtils.java:logGet(43)) - raft.server.log.use.memory = false (default)
2019-09-25 12:11:12,916 [pool-47-thread-1] INFO  server.RaftServerConfigKeys (ConfUtils.java:logGet(43)) - raft.server.log.purge.gap = 1000000 (custom)
2019-09-25 12:11:12,916 [pool-47-thread-1] INFO  server.RaftServerConfigKeys (ConfUtils.java:logGet(43)) - raft.server.log.appender.buffer.byte-limit = 33554432 (custom)
2019-09-25 12:11:12,916 [pool-47-thread-1] INFO  server.RaftServerConfigKeys (ConfUtils.java:logGet(43)) - raft.server.log.segment.size.max = 1048576 (custom)
2019-09-25 12:11:12,916 [pool-47-thread-1] INFO  server.RaftServerConfigKeys (ConfUtils.java:logGet(43)) - raft.server.log.segment.cache.num.max = 2 (custom)
2019-09-25 12:11:12,916 [pool-47-thread-1] INFO  segmented.SegmentedRaftLogWorker (SegmentedRaftLogWorker.java:<init>(172)) - new fec2f942-0387-4b01-b39b-3d25a3fbff72@group-0E2D96AD957F-SegmentedRaftLogWorker for RaftStorage:Storage Directory /workdir/hadoop-ozone/integration-test/target/test-dir/MiniOzoneClusterImpl-14adbd36-3f13-49d9-943b-28fb447cae9b/datanode-2/data/ratis/b70871eb-5b7b-4ac6-9e8c-0e2d96ad957f
2019-09-25 12:11:12,916 [pool-47-thread-1] INFO  server.RaftServerConfigKeys (ConfUtils.java:logGet(43)) - raft.server.log.queue.byte-limit = 2147483647 (custom)
2019-09-25 12:11:12,917 [pool-47-thread-1] INFO  server.RaftServerConfigKeys (ConfUtils.java:logGet(43)) - raft.server.log.queue.element-limit = 1024 (custom)
2019-09-25 12:11:12,917 [pool-47-thread-1] INFO  server.RaftServerConfigKeys (ConfUtils.java:logGet(43)) - raft.server.log.segment.size.max = 1048576 (custom)
2019-09-25 12:11:12,917 [pool-47-thread-1] INFO  server.RaftServerConfigKeys (ConfUtils.java:logGet(43)) - raft.server.log.preallocated.size = 16384 (custom)
2019-09-25 12:11:12,917 [pool-47-thread-1] INFO  server.RaftServerConfigKeys (ConfUtils.java:logGet(43)) - raft.server.log.write.buffer.size = 33554432 (custom)
2019-09-25 12:11:12,917 [pool-47-thread-1] INFO  server.RaftServerConfigKeys (ConfUtils.java:logGet(43)) - raft.server.log.force.sync.num = 128 (default)
2019-09-25 12:11:12,917 [pool-47-thread-1] INFO  server.RaftServerConfigKeys (ConfUtils.java:logGet(43)) - raft.server.log.statemachine.data.sync = true (default)
2019-09-25 12:11:12,918 [pool-47-thread-1] INFO  server.RaftServerConfigKeys (ConfUtils.java:logGet(43)) - raft.server.log.statemachine.data.sync.timeout = 10s (default)
2019-09-25 12:11:12,918 [pool-47-thread-1] INFO  server.RaftServerConfigKeys (ConfUtils.java:logGet(43)) - raft.server.log.statemachine.data.sync.timeout.retry = -1 (default)
2019-09-25 12:11:12,918 [pool-47-thread-1] INFO  server.RaftServerConfigKeys (ConfUtils.java:logGet(43)) - raft.server.log.statemachine.data.caching.enabled = true (custom)
2019-09-25 12:11:12,918 [pool-47-thread-1] INFO  segmented.SegmentedRaftLogWorker (SegmentedRaftLogWorker.java:lambda$new$0(132)) - fec2f942-0387-4b01-b39b-3d25a3fbff72@group-0E2D96AD957F-SegmentedRaftLogWorker: flushIndex: setUnconditionally 0 -> -1
2019-09-25 12:11:12,919 [pool-47-thread-1] INFO  server.RaftServerConfigKeys (ConfUtils.java:logGet(43)) - raft.server.snapshot.auto.trigger.enabled = true (custom)
2019-09-25 12:11:12,919 [pool-47-thread-1] INFO  server.RaftServerConfigKeys (ConfUtils.java:logGet(43)) - raft.server.snapshot.auto.trigger.threshold = 10000 (custom)
2019-09-25 12:11:12,919 [pool-47-thread-1] INFO  server.RaftServerConfigKeys (ConfUtils.java:logGet(43)) - raft.server.snapshot.retention.num.files = 5 (custom)
2019-09-25 12:11:12,919 [pool-47-thread-1] INFO  server.RaftServerConfigKeys (ConfUtils.java:logGet(43)) - raft.server.retrycache.expirytime = 600000ms (custom)
2019-09-25 12:11:12,923 [pool-47-thread-1] INFO  impl.RaftServerImpl (RaftServerImpl.java:start(185)) - fec2f942-0387-4b01-b39b-3d25a3fbff72@group-0E2D96AD957F: start as a follower, conf=-1: [fec2f942-0387-4b01-b39b-3d25a3fbff72:192.168.151.73:45222], old=null
2019-09-25 12:11:12,923 [pool-47-thread-1] INFO  impl.RaftServerImpl (RaftServerImpl.java:setRole(174)) - fec2f942-0387-4b01-b39b-3d25a3fbff72@group-0E2D96AD957F: changes role from      null to FOLLOWER at term 0 for startAsFollower
2019-09-25 12:11:12,923 [pool-47-thread-1] INFO  impl.RoleInfo (RoleInfo.java:updateAndGet(143)) - fec2f942-0387-4b01-b39b-3d25a3fbff72: start FollowerState
2019-09-25 12:11:12,923 [pool-47-thread-1] INFO  util.JmxRegister (JmxRegister.java:tryRegister(44)) - Successfully registered JMX Bean with object name Ratis:service=RaftServer,group=group-0E2D96AD957F,id=fec2f942-0387-4b01-b39b-3d25a3fbff72
2019-09-25 12:11:12,932 [RatisPipelineUtilsThread] INFO  pipeline.PipelineStateManager (PipelineStateManager.java:addPipeline(56)) - Created pipeline Pipeline[ Id: b70871eb-5b7b-4ac6-9e8c-0e2d96ad957f, Nodes: fec2f942-0387-4b01-b39b-3d25a3fbff72{ip: 192.168.151.73, host: pr-hdds-1569-shd4m-3693607622, networkLocation: /default-rack, certSerialId: null}, Type:RATIS, Factor:ONE, State:OPEN]
2019-09-25 12:11:12,932 [RatisPipelineUtilsThread] INFO  pipeline.PipelinePlacementPolicy (PipelinePlacementPolicy.java:meetCriteria(91)) - Pipeline Placement: can't place more pipeline on heavy datanode： 0a02233c-b430-4ef8-86f7-62573cff9fbb Heaviness: 6 limit: 5
2019-09-25 12:11:12,944 [grpc-default-executor-0] INFO  impl.RaftServerProxy (RaftServerProxy.java:addNew(89)) - fec2f942-0387-4b01-b39b-3d25a3fbff72: addNew group-3213D7C59F93:[fec2f942-0387-4b01-b39b-3d25a3fbff72:192.168.151.73:45222] returns group-3213D7C59F93:java.util.concurrent.CompletableFuture@222066cd[Not completed]
2019-09-25 12:11:12,946 [pool-47-thread-1] INFO  impl.RaftServerImpl (RaftServerImpl.java:<init>(95)) - fec2f942-0387-4b01-b39b-3d25a3fbff72: new RaftServerImpl for group-3213D7C59F93:[fec2f942-0387-4b01-b39b-3d25a3fbff72:192.168.151.73:45222] with ContainerStateMachine:uninitialized
2019-09-25 12:11:12,946 [pool-47-thread-1] INFO  server.RaftServerConfigKeys (ConfUtils.java:logGet(43)) - raft.server.rpc.timeout.min = 5s (custom)
2019-09-25 12:11:12,947 [pool-47-thread-1] INFO  server.RaftServerConfigKeys (ConfUtils.java:logGet(43)) - raft.server.rpc.timeout.max = 5200ms (custom)
2019-09-25 12:11:12,947 [pool-47-thread-1] INFO  server.RaftServerConfigKeys (ConfUtils.java:logGet(43)) - raft.server.rpcslowness.timeout = 120s (custom)
2019-09-25 12:11:12,947 [pool-47-thread-1] INFO  server.RaftServerConfigKeys (ConfUtils.java:logGet(43)) - raft.server.sleep.deviation.threshold = 300 (default)
2019-09-25 12:11:12,947 [pool-47-thread-1] INFO  server.RaftServerConfigKeys (ConfUtils.java:logGet(43)) - raft.server.log.appender.install.snapshot.enabled = false (custom)
2019-09-25 12:11:12,947 [pool-47-thread-1] INFO  impl.RaftServerImpl (ServerState.java:<init>(103)) - fec2f942-0387-4b01-b39b-3d25a3fbff72@group-3213D7C59F93: ConfigurationManager, init=-1: [fec2f942-0387-4b01-b39b-3d25a3fbff72:192.168.151.73:45222], old=null, confs=<EMPTY_MAP>
2019-09-25 12:11:12,947 [pool-47-thread-1] INFO  server.RaftServerConfigKeys (ConfUtils.java:logGet(43)) - raft.server.storage.dir = [/workdir/hadoop-ozone/integration-test/target/test-dir/MiniOzoneClusterImpl-14adbd36-3f13-49d9-943b-28fb447cae9b/datanode-2/data/ratis] (custom)
2019-09-25 12:11:12,948 [pool-47-thread-1] INFO  storage.RaftStorageDirectory (RaftStorageDirectory.java:analyzeStorage(246)) - The storage directory /workdir/hadoop-ozone/integration-test/target/test-dir/MiniOzoneClusterImpl-14adbd36-3f13-49d9-943b-28fb447cae9b/datanode-2/data/ratis/fd9c50fc-5c1a-4752-b903-3213d7c59f93 does not exist. Creating ...
2019-09-25 12:11:12,961 [pool-47-thread-1] INFO  storage.RaftStorageDirectory (RaftStorageDirectory.java:tryLock(328)) - Lock on /workdir/hadoop-ozone/integration-test/target/test-dir/MiniOzoneClusterImpl-14adbd36-3f13-49d9-943b-28fb447cae9b/datanode-2/data/ratis/fd9c50fc-5c1a-4752-b903-3213d7c59f93/in_use.lock acquired by nodename 12021@pr-hdds-1569-shd4m-3693607622
2019-09-25 12:11:12,973 [pool-47-thread-1] INFO  storage.RaftStorage (RaftStorage.java:format(72)) - Storage directory /workdir/hadoop-ozone/integration-test/target/test-dir/MiniOzoneClusterImpl-14adbd36-3f13-49d9-943b-28fb447cae9b/datanode-2/data/ratis/fd9c50fc-5c1a-4752-b903-3213d7c59f93 has been successfully formatted.
2019-09-25 12:11:12,974 [pool-47-thread-1] INFO  ratis.ContainerStateMachine (ContainerStateMachine.java:loadSnapshot(230)) - group-3213D7C59F93: The snapshot info is null. Setting the last applied indexto:(t:0, i:~)
2019-09-25 12:11:12,974 [pool-47-thread-1] INFO  server.RaftServerConfigKeys (ConfUtils.java:logGet(43)) - raft.server.notification.no-leader.timeout = 120s (custom)
2019-09-25 12:11:12,974 [pool-47-thread-1] INFO  server.RaftServerConfigKeys (ConfUtils.java:logGet(43)) - raft.server.log.use.memory = false (default)
2019-09-25 12:11:12,974 [pool-47-thread-1] INFO  server.RaftServerConfigKeys (ConfUtils.java:logGet(43)) - raft.server.log.purge.gap = 1000000 (custom)
2019-09-25 12:11:12,975 [pool-47-thread-1] INFO  server.RaftServerConfigKeys (ConfUtils.java:logGet(43)) - raft.server.log.appender.buffer.byte-limit = 33554432 (custom)
2019-09-25 12:11:12,976 [pool-47-thread-1] INFO  server.RaftServerConfigKeys (ConfUtils.java:logGet(43)) - raft.server.log.segment.size.max = 1048576 (custom)
2019-09-25 12:11:12,976 [pool-47-thread-1] INFO  server.RaftServerConfigKeys (ConfUtils.java:logGet(43)) - raft.server.log.segment.cache.num.max = 2 (custom)
2019-09-25 12:11:12,976 [pool-47-thread-1] INFO  segmented.SegmentedRaftLogWorker (SegmentedRaftLogWorker.java:<init>(172)) - new fec2f942-0387-4b01-b39b-3d25a3fbff72@group-3213D7C59F93-SegmentedRaftLogWorker for RaftStorage:Storage Directory /workdir/hadoop-ozone/integration-test/target/test-dir/MiniOzoneClusterImpl-14adbd36-3f13-49d9-943b-28fb447cae9b/datanode-2/data/ratis/fd9c50fc-5c1a-4752-b903-3213d7c59f93
2019-09-25 12:11:12,976 [pool-47-thread-1] INFO  server.RaftServerConfigKeys (ConfUtils.java:logGet(43)) - raft.server.log.queue.byte-limit = 2147483647 (custom)
2019-09-25 12:11:12,976 [pool-47-thread-1] INFO  server.RaftServerConfigKeys (ConfUtils.java:logGet(43)) - raft.server.log.queue.element-limit = 1024 (custom)
2019-09-25 12:11:12,976 [pool-47-thread-1] INFO  server.RaftServerConfigKeys (ConfUtils.java:logGet(43)) - raft.server.log.segment.size.max = 1048576 (custom)
2019-09-25 12:11:12,976 [pool-47-thread-1] INFO  server.RaftServerConfigKeys (ConfUtils.java:logGet(43)) - raft.server.log.preallocated.size = 16384 (custom)
2019-09-25 12:11:12,977 [pool-47-thread-1] INFO  server.RaftServerConfigKeys (ConfUtils.java:logGet(43)) - raft.server.log.write.buffer.size = 33554432 (custom)
2019-09-25 12:11:12,977 [pool-47-thread-1] INFO  server.RaftServerConfigKeys (ConfUtils.java:logGet(43)) - raft.server.log.force.sync.num = 128 (default)
2019-09-25 12:11:12,977 [pool-47-thread-1] INFO  server.RaftServerConfigKeys (ConfUtils.java:logGet(43)) - raft.server.log.statemachine.data.sync = true (default)
2019-09-25 12:11:12,977 [pool-47-thread-1] INFO  server.RaftServerConfigKeys (ConfUtils.java:logGet(43)) - raft.server.log.statemachine.data.sync.timeout = 10s (default)
2019-09-25 12:11:12,977 [pool-47-thread-1] INFO  server.RaftServerConfigKeys (ConfUtils.java:logGet(43)) - raft.server.log.statemachine.data.sync.timeout.retry = -1 (default)
2019-09-25 12:11:12,977 [pool-47-thread-1] INFO  server.RaftServerConfigKeys (ConfUtils.java:logGet(43)) - raft.server.log.statemachine.data.caching.enabled = true (custom)
2019-09-25 12:11:12,978 [pool-47-thread-1] INFO  segmented.SegmentedRaftLogWorker (SegmentedRaftLogWorker.java:lambda$new$0(132)) - fec2f942-0387-4b01-b39b-3d25a3fbff72@group-3213D7C59F93-SegmentedRaftLogWorker: flushIndex: setUnconditionally 0 -> -1
2019-09-25 12:11:12,978 [pool-47-thread-1] INFO  server.RaftServerConfigKeys (ConfUtils.java:logGet(43)) - raft.server.snapshot.auto.trigger.enabled = true (custom)
2019-09-25 12:11:12,978 [pool-47-thread-1] INFO  server.RaftServerConfigKeys (ConfUtils.java:logGet(43)) - raft.server.snapshot.auto.trigger.threshold = 10000 (custom)
2019-09-25 12:11:12,978 [pool-47-thread-1] INFO  server.RaftServerConfigKeys (ConfUtils.java:logGet(43)) - raft.server.snapshot.retention.num.files = 5 (custom)
2019-09-25 12:11:12,979 [pool-47-thread-1] INFO  server.RaftServerConfigKeys (ConfUtils.java:logGet(43)) - raft.server.retrycache.expirytime = 600000ms (custom)
2019-09-25 12:11:12,982 [pool-47-thread-1] INFO  impl.RaftServerImpl (RaftServerImpl.java:start(185)) - fec2f942-0387-4b01-b39b-3d25a3fbff72@group-3213D7C59F93: start as a follower, conf=-1: [fec2f942-0387-4b01-b39b-3d25a3fbff72:192.168.151.73:45222], old=null
2019-09-25 12:11:12,982 [pool-47-thread-1] INFO  impl.RaftServerImpl (RaftServerImpl.java:setRole(174)) - fec2f942-0387-4b01-b39b-3d25a3fbff72@group-3213D7C59F93: changes role from      null to FOLLOWER at term 0 for startAsFollower
2019-09-25 12:11:12,982 [pool-47-thread-1] INFO  impl.RoleInfo (RoleInfo.java:updateAndGet(143)) - fec2f942-0387-4b01-b39b-3d25a3fbff72: start FollowerState
2019-09-25 12:11:12,983 [pool-47-thread-1] INFO  util.JmxRegister (JmxRegister.java:tryRegister(44)) - Successfully registered JMX Bean with object name Ratis:service=RaftServer,group=group-3213D7C59F93,id=fec2f942-0387-4b01-b39b-3d25a3fbff72
2019-09-25 12:11:12,988 [RatisPipelineUtilsThread] INFO  pipeline.PipelineStateManager (PipelineStateManager.java:addPipeline(56)) - Created pipeline Pipeline[ Id: fd9c50fc-5c1a-4752-b903-3213d7c59f93, Nodes: fec2f942-0387-4b01-b39b-3d25a3fbff72{ip: 192.168.151.73, host: pr-hdds-1569-shd4m-3693607622, networkLocation: /default-rack, certSerialId: null}, Type:RATIS, Factor:ONE, State:OPEN]
2019-09-25 12:11:12,989 [RatisPipelineUtilsThread] INFO  pipeline.PipelinePlacementPolicy (PipelinePlacementPolicy.java:meetCriteria(91)) - Pipeline Placement: can't place more pipeline on heavy datanode： fec2f942-0387-4b01-b39b-3d25a3fbff72 Heaviness: 6 limit: 5
2019-09-25 12:11:12,989 [RatisPipelineUtilsThread] INFO  pipeline.PipelinePlacementPolicy (PipelinePlacementPolicy.java:meetCriteria(91)) - Pipeline Placement: can't place more pipeline on heavy datanode： 0a02233c-b430-4ef8-86f7-62573cff9fbb Heaviness: 6 limit: 5
2019-09-25 12:11:13,001 [grpc-default-executor-0] INFO  impl.RaftServerProxy (RaftServerProxy.java:addNew(89)) - 95841f60-59cb-43d2-bb49-deb4a2468360: addNew group-9879F74AE381:[95841f60-59cb-43d2-bb49-deb4a2468360:192.168.151.73:42020] returns group-9879F74AE381:java.util.concurrent.CompletableFuture@4bac6b60[Not completed]
2019-09-25 12:11:13,003 [pool-27-thread-1] INFO  impl.RaftServerImpl (RaftServerImpl.java:<init>(95)) - 95841f60-59cb-43d2-bb49-deb4a2468360: new RaftServerImpl for group-9879F74AE381:[95841f60-59cb-43d2-bb49-deb4a2468360:192.168.151.73:42020] with ContainerStateMachine:uninitialized
2019-09-25 12:11:13,004 [pool-27-thread-1] INFO  server.RaftServerConfigKeys (ConfUtils.java:logGet(43)) - raft.server.rpc.timeout.min = 5s (custom)
2019-09-25 12:11:13,004 [pool-27-thread-1] INFO  server.RaftServerConfigKeys (ConfUtils.java:logGet(43)) - raft.server.rpc.timeout.max = 5200ms (custom)
2019-09-25 12:11:13,004 [pool-27-thread-1] INFO  server.RaftServerConfigKeys (ConfUtils.java:logGet(43)) - raft.server.rpcslowness.timeout = 120s (custom)
2019-09-25 12:11:13,004 [pool-27-thread-1] INFO  server.RaftServerConfigKeys (ConfUtils.java:logGet(43)) - raft.server.sleep.deviation.threshold = 300 (default)
2019-09-25 12:11:13,004 [pool-27-thread-1] INFO  server.RaftServerConfigKeys (ConfUtils.java:logGet(43)) - raft.server.log.appender.install.snapshot.enabled = false (custom)
2019-09-25 12:11:13,004 [pool-27-thread-1] INFO  impl.RaftServerImpl (ServerState.java:<init>(103)) - 95841f60-59cb-43d2-bb49-deb4a2468360@group-9879F74AE381: ConfigurationManager, init=-1: [95841f60-59cb-43d2-bb49-deb4a2468360:192.168.151.73:42020], old=null, confs=<EMPTY_MAP>
2019-09-25 12:11:13,005 [pool-27-thread-1] INFO  server.RaftServerConfigKeys (ConfUtils.java:logGet(43)) - raft.server.storage.dir = [/workdir/hadoop-ozone/integration-test/target/test-dir/MiniOzoneClusterImpl-14adbd36-3f13-49d9-943b-28fb447cae9b/datanode-0/data/ratis] (custom)
2019-09-25 12:11:13,005 [pool-27-thread-1] INFO  storage.RaftStorageDirectory (RaftStorageDirectory.java:analyzeStorage(246)) - The storage directory /workdir/hadoop-ozone/integration-test/target/test-dir/MiniOzoneClusterImpl-14adbd36-3f13-49d9-943b-28fb447cae9b/datanode-0/data/ratis/02d856b8-7939-4f03-b89d-9879f74ae381 does not exist. Creating ...
2019-09-25 12:11:13,017 [pool-27-thread-1] INFO  storage.RaftStorageDirectory (RaftStorageDirectory.java:tryLock(328)) - Lock on /workdir/hadoop-ozone/integration-test/target/test-dir/MiniOzoneClusterImpl-14adbd36-3f13-49d9-943b-28fb447cae9b/datanode-0/data/ratis/02d856b8-7939-4f03-b89d-9879f74ae381/in_use.lock acquired by nodename 12021@pr-hdds-1569-shd4m-3693607622
2019-09-25 12:11:13,037 [pool-27-thread-1] INFO  storage.RaftStorage (RaftStorage.java:format(72)) - Storage directory /workdir/hadoop-ozone/integration-test/target/test-dir/MiniOzoneClusterImpl-14adbd36-3f13-49d9-943b-28fb447cae9b/datanode-0/data/ratis/02d856b8-7939-4f03-b89d-9879f74ae381 has been successfully formatted.
2019-09-25 12:11:13,037 [pool-27-thread-1] INFO  ratis.ContainerStateMachine (ContainerStateMachine.java:loadSnapshot(230)) - group-9879F74AE381: The snapshot info is null. Setting the last applied indexto:(t:0, i:~)
2019-09-25 12:11:13,037 [pool-27-thread-1] INFO  server.RaftServerConfigKeys (ConfUtils.java:logGet(43)) - raft.server.notification.no-leader.timeout = 120s (custom)
2019-09-25 12:11:13,037 [pool-27-thread-1] INFO  server.RaftServerConfigKeys (ConfUtils.java:logGet(43)) - raft.server.log.use.memory = false (default)
2019-09-25 12:11:13,037 [pool-27-thread-1] INFO  server.RaftServerConfigKeys (ConfUtils.java:logGet(43)) - raft.server.log.purge.gap = 1000000 (custom)
2019-09-25 12:11:13,038 [pool-27-thread-1] INFO  server.RaftServerConfigKeys (ConfUtils.java:logGet(43)) - raft.server.log.appender.buffer.byte-limit = 33554432 (custom)
2019-09-25 12:11:13,038 [pool-27-thread-1] INFO  server.RaftServerConfigKeys (ConfUtils.java:logGet(43)) - raft.server.log.segment.size.max = 1048576 (custom)
2019-09-25 12:11:13,038 [pool-27-thread-1] INFO  server.RaftServerConfigKeys (ConfUtils.java:logGet(43)) - raft.server.log.segment.cache.num.max = 2 (custom)
2019-09-25 12:11:13,038 [pool-27-thread-1] INFO  segmented.SegmentedRaftLogWorker (SegmentedRaftLogWorker.java:<init>(172)) - new 95841f60-59cb-43d2-bb49-deb4a2468360@group-9879F74AE381-SegmentedRaftLogWorker for RaftStorage:Storage Directory /workdir/hadoop-ozone/integration-test/target/test-dir/MiniOzoneClusterImpl-14adbd36-3f13-49d9-943b-28fb447cae9b/datanode-0/data/ratis/02d856b8-7939-4f03-b89d-9879f74ae381
2019-09-25 12:11:13,038 [pool-27-thread-1] INFO  server.RaftServerConfigKeys (ConfUtils.java:logGet(43)) - raft.server.log.queue.byte-limit = 2147483647 (custom)
2019-09-25 12:11:13,038 [pool-27-thread-1] INFO  server.RaftServerConfigKeys (ConfUtils.java:logGet(43)) - raft.server.log.queue.element-limit = 1024 (custom)
2019-09-25 12:11:13,039 [pool-27-thread-1] INFO  server.RaftServerConfigKeys (ConfUtils.java:logGet(43)) - raft.server.log.segment.size.max = 1048576 (custom)
2019-09-25 12:11:13,039 [pool-27-thread-1] INFO  server.RaftServerConfigKeys (ConfUtils.java:logGet(43)) - raft.server.log.preallocated.size = 16384 (custom)
2019-09-25 12:11:13,039 [pool-27-thread-1] INFO  server.RaftServerConfigKeys (ConfUtils.java:logGet(43)) - raft.server.log.write.buffer.size = 33554432 (custom)
2019-09-25 12:11:13,039 [pool-27-thread-1] INFO  server.RaftServerConfigKeys (ConfUtils.java:logGet(43)) - raft.server.log.force.sync.num = 128 (default)
2019-09-25 12:11:13,039 [pool-27-thread-1] INFO  server.RaftServerConfigKeys (ConfUtils.java:logGet(43)) - raft.server.log.statemachine.data.sync = true (default)
2019-09-25 12:11:13,040 [pool-27-thread-1] INFO  server.RaftServerConfigKeys (ConfUtils.java:logGet(43)) - raft.server.log.statemachine.data.sync.timeout = 10s (default)
2019-09-25 12:11:13,040 [pool-27-thread-1] INFO  server.RaftServerConfigKeys (ConfUtils.java:logGet(43)) - raft.server.log.statemachine.data.sync.timeout.retry = -1 (default)
2019-09-25 12:11:13,040 [pool-27-thread-1] INFO  server.RaftServerConfigKeys (ConfUtils.java:logGet(43)) - raft.server.log.statemachine.data.caching.enabled = true (custom)
2019-09-25 12:11:13,040 [pool-27-thread-1] INFO  segmented.SegmentedRaftLogWorker (SegmentedRaftLogWorker.java:lambda$new$0(132)) - 95841f60-59cb-43d2-bb49-deb4a2468360@group-9879F74AE381-SegmentedRaftLogWorker: flushIndex: setUnconditionally 0 -> -1
2019-09-25 12:11:13,041 [pool-27-thread-1] INFO  server.RaftServerConfigKeys (ConfUtils.java:logGet(43)) - raft.server.snapshot.auto.trigger.enabled = true (custom)
2019-09-25 12:11:13,041 [pool-27-thread-1] INFO  server.RaftServerConfigKeys (ConfUtils.java:logGet(43)) - raft.server.snapshot.auto.trigger.threshold = 10000 (custom)
2019-09-25 12:11:13,041 [pool-27-thread-1] INFO  server.RaftServerConfigKeys (ConfUtils.java:logGet(43)) - raft.server.snapshot.retention.num.files = 5 (custom)
2019-09-25 12:11:13,041 [pool-27-thread-1] INFO  server.RaftServerConfigKeys (ConfUtils.java:logGet(43)) - raft.server.retrycache.expirytime = 600000ms (custom)
2019-09-25 12:11:13,045 [pool-27-thread-1] INFO  impl.RaftServerImpl (RaftServerImpl.java:start(185)) - 95841f60-59cb-43d2-bb49-deb4a2468360@group-9879F74AE381: start as a follower, conf=-1: [95841f60-59cb-43d2-bb49-deb4a2468360:192.168.151.73:42020], old=null
2019-09-25 12:11:13,045 [pool-27-thread-1] INFO  impl.RaftServerImpl (RaftServerImpl.java:setRole(174)) - 95841f60-59cb-43d2-bb49-deb4a2468360@group-9879F74AE381: changes role from      null to FOLLOWER at term 0 for startAsFollower
2019-09-25 12:11:13,045 [pool-27-thread-1] INFO  impl.RoleInfo (RoleInfo.java:updateAndGet(143)) - 95841f60-59cb-43d2-bb49-deb4a2468360: start FollowerState
2019-09-25 12:11:13,046 [pool-27-thread-1] INFO  util.JmxRegister (JmxRegister.java:tryRegister(44)) - Successfully registered JMX Bean with object name Ratis:service=RaftServer,group=group-9879F74AE381,id=95841f60-59cb-43d2-bb49-deb4a2468360
2019-09-25 12:11:13,052 [RatisPipelineUtilsThread] INFO  pipeline.PipelineStateManager (PipelineStateManager.java:addPipeline(56)) - Created pipeline Pipeline[ Id: 02d856b8-7939-4f03-b89d-9879f74ae381, Nodes: 95841f60-59cb-43d2-bb49-deb4a2468360{ip: 192.168.151.73, host: pr-hdds-1569-shd4m-3693607622, networkLocation: /default-rack, certSerialId: null}, Type:RATIS, Factor:ONE, State:OPEN]
2019-09-25 12:11:13,052 [RatisPipelineUtilsThread] INFO  pipeline.PipelinePlacementPolicy (PipelinePlacementPolicy.java:meetCriteria(91)) - Pipeline Placement: can't place more pipeline on heavy datanode： fec2f942-0387-4b01-b39b-3d25a3fbff72 Heaviness: 6 limit: 5
2019-09-25 12:11:13,052 [RatisPipelineUtilsThread] INFO  pipeline.PipelinePlacementPolicy (PipelinePlacementPolicy.java:meetCriteria(91)) - Pipeline Placement: can't place more pipeline on heavy datanode： 0a02233c-b430-4ef8-86f7-62573cff9fbb Heaviness: 6 limit: 5
2019-09-25 12:11:13,071 [grpc-default-executor-0] INFO  impl.RaftServerProxy (RaftServerProxy.java:addNew(89)) - 95841f60-59cb-43d2-bb49-deb4a2468360: addNew group-729B76284DD6:[95841f60-59cb-43d2-bb49-deb4a2468360:192.168.151.73:42020] returns group-729B76284DD6:java.util.concurrent.CompletableFuture@26b450[Not completed]
2019-09-25 12:11:13,074 [pool-27-thread-1] INFO  impl.RaftServerImpl (RaftServerImpl.java:<init>(95)) - 95841f60-59cb-43d2-bb49-deb4a2468360: new RaftServerImpl for group-729B76284DD6:[95841f60-59cb-43d2-bb49-deb4a2468360:192.168.151.73:42020] with ContainerStateMachine:uninitialized
2019-09-25 12:11:13,074 [pool-27-thread-1] INFO  server.RaftServerConfigKeys (ConfUtils.java:logGet(43)) - raft.server.rpc.timeout.min = 5s (custom)
2019-09-25 12:11:13,074 [pool-27-thread-1] INFO  server.RaftServerConfigKeys (ConfUtils.java:logGet(43)) - raft.server.rpc.timeout.max = 5200ms (custom)
2019-09-25 12:11:13,074 [pool-27-thread-1] INFO  server.RaftServerConfigKeys (ConfUtils.java:logGet(43)) - raft.server.rpcslowness.timeout = 120s (custom)
2019-09-25 12:11:13,075 [pool-27-thread-1] INFO  server.RaftServerConfigKeys (ConfUtils.java:logGet(43)) - raft.server.sleep.deviation.threshold = 300 (default)
2019-09-25 12:11:13,075 [pool-27-thread-1] INFO  server.RaftServerConfigKeys (ConfUtils.java:logGet(43)) - raft.server.log.appender.install.snapshot.enabled = false (custom)
2019-09-25 12:11:13,075 [pool-27-thread-1] INFO  impl.RaftServerImpl (ServerState.java:<init>(103)) - 95841f60-59cb-43d2-bb49-deb4a2468360@group-729B76284DD6: ConfigurationManager, init=-1: [95841f60-59cb-43d2-bb49-deb4a2468360:192.168.151.73:42020], old=null, confs=<EMPTY_MAP>
2019-09-25 12:11:13,075 [pool-27-thread-1] INFO  server.RaftServerConfigKeys (ConfUtils.java:logGet(43)) - raft.server.storage.dir = [/workdir/hadoop-ozone/integration-test/target/test-dir/MiniOzoneClusterImpl-14adbd36-3f13-49d9-943b-28fb447cae9b/datanode-0/data/ratis] (custom)
2019-09-25 12:11:13,076 [pool-27-thread-1] INFO  storage.RaftStorageDirectory (RaftStorageDirectory.java:analyzeStorage(246)) - The storage directory /workdir/hadoop-ozone/integration-test/target/test-dir/MiniOzoneClusterImpl-14adbd36-3f13-49d9-943b-28fb447cae9b/datanode-0/data/ratis/30f09b70-4189-44e0-a5e3-729b76284dd6 does not exist. Creating ...
2019-09-25 12:11:13,088 [pool-27-thread-1] INFO  storage.RaftStorageDirectory (RaftStorageDirectory.java:tryLock(328)) - Lock on /workdir/hadoop-ozone/integration-test/target/test-dir/MiniOzoneClusterImpl-14adbd36-3f13-49d9-943b-28fb447cae9b/datanode-0/data/ratis/30f09b70-4189-44e0-a5e3-729b76284dd6/in_use.lock acquired by nodename 12021@pr-hdds-1569-shd4m-3693607622
2019-09-25 12:11:13,101 [pool-27-thread-1] INFO  storage.RaftStorage (RaftStorage.java:format(72)) - Storage directory /workdir/hadoop-ozone/integration-test/target/test-dir/MiniOzoneClusterImpl-14adbd36-3f13-49d9-943b-28fb447cae9b/datanode-0/data/ratis/30f09b70-4189-44e0-a5e3-729b76284dd6 has been successfully formatted.
2019-09-25 12:11:13,102 [pool-27-thread-1] INFO  ratis.ContainerStateMachine (ContainerStateMachine.java:loadSnapshot(230)) - group-729B76284DD6: The snapshot info is null. Setting the last applied indexto:(t:0, i:~)
2019-09-25 12:11:13,102 [pool-27-thread-1] INFO  server.RaftServerConfigKeys (ConfUtils.java:logGet(43)) - raft.server.notification.no-leader.timeout = 120s (custom)
2019-09-25 12:11:13,102 [pool-27-thread-1] INFO  server.RaftServerConfigKeys (ConfUtils.java:logGet(43)) - raft.server.log.use.memory = false (default)
2019-09-25 12:11:13,102 [pool-27-thread-1] INFO  server.RaftServerConfigKeys (ConfUtils.java:logGet(43)) - raft.server.log.purge.gap = 1000000 (custom)
2019-09-25 12:11:13,102 [pool-27-thread-1] INFO  server.RaftServerConfigKeys (ConfUtils.java:logGet(43)) - raft.server.log.appender.buffer.byte-limit = 33554432 (custom)
2019-09-25 12:11:13,102 [pool-27-thread-1] INFO  server.RaftServerConfigKeys (ConfUtils.java:logGet(43)) - raft.server.log.segment.size.max = 1048576 (custom)
2019-09-25 12:11:13,103 [pool-27-thread-1] INFO  server.RaftServerConfigKeys (ConfUtils.java:logGet(43)) - raft.server.log.segment.cache.num.max = 2 (custom)
2019-09-25 12:11:13,103 [pool-27-thread-1] INFO  segmented.SegmentedRaftLogWorker (SegmentedRaftLogWorker.java:<init>(172)) - new 95841f60-59cb-43d2-bb49-deb4a2468360@group-729B76284DD6-SegmentedRaftLogWorker for RaftStorage:Storage Directory /workdir/hadoop-ozone/integration-test/target/test-dir/MiniOzoneClusterImpl-14adbd36-3f13-49d9-943b-28fb447cae9b/datanode-0/data/ratis/30f09b70-4189-44e0-a5e3-729b76284dd6
2019-09-25 12:11:13,103 [pool-27-thread-1] INFO  server.RaftServerConfigKeys (ConfUtils.java:logGet(43)) - raft.server.log.queue.byte-limit = 2147483647 (custom)
2019-09-25 12:11:13,103 [pool-27-thread-1] INFO  server.RaftServerConfigKeys (ConfUtils.java:logGet(43)) - raft.server.log.queue.element-limit = 1024 (custom)
2019-09-25 12:11:13,103 [pool-27-thread-1] INFO  server.RaftServerConfigKeys (ConfUtils.java:logGet(43)) - raft.server.log.segment.size.max = 1048576 (custom)
2019-09-25 12:11:13,104 [pool-27-thread-1] INFO  server.RaftServerConfigKeys (ConfUtils.java:logGet(43)) - raft.server.log.preallocated.size = 16384 (custom)
2019-09-25 12:11:13,104 [pool-27-thread-1] INFO  server.RaftServerConfigKeys (ConfUtils.java:logGet(43)) - raft.server.log.write.buffer.size = 33554432 (custom)
2019-09-25 12:11:13,104 [pool-27-thread-1] INFO  server.RaftServerConfigKeys (ConfUtils.java:logGet(43)) - raft.server.log.force.sync.num = 128 (default)
2019-09-25 12:11:13,104 [pool-27-thread-1] INFO  server.RaftServerConfigKeys (ConfUtils.java:logGet(43)) - raft.server.log.statemachine.data.sync = true (default)
2019-09-25 12:11:13,104 [pool-27-thread-1] INFO  server.RaftServerConfigKeys (ConfUtils.java:logGet(43)) - raft.server.log.statemachine.data.sync.timeout = 10s (default)
2019-09-25 12:11:13,104 [pool-27-thread-1] INFO  server.RaftServerConfigKeys (ConfUtils.java:logGet(43)) - raft.server.log.statemachine.data.sync.timeout.retry = -1 (default)
2019-09-25 12:11:13,105 [pool-27-thread-1] INFO  server.RaftServerConfigKeys (ConfUtils.java:logGet(43)) - raft.server.log.statemachine.data.caching.enabled = true (custom)
2019-09-25 12:11:13,105 [pool-27-thread-1] INFO  segmented.SegmentedRaftLogWorker (SegmentedRaftLogWorker.java:lambda$new$0(132)) - 95841f60-59cb-43d2-bb49-deb4a2468360@group-729B76284DD6-SegmentedRaftLogWorker: flushIndex: setUnconditionally 0 -> -1
2019-09-25 12:11:13,105 [pool-27-thread-1] INFO  server.RaftServerConfigKeys (ConfUtils.java:logGet(43)) - raft.server.snapshot.auto.trigger.enabled = true (custom)
2019-09-25 12:11:13,106 [pool-27-thread-1] INFO  server.RaftServerConfigKeys (ConfUtils.java:logGet(43)) - raft.server.snapshot.auto.trigger.threshold = 10000 (custom)
2019-09-25 12:11:13,106 [pool-27-thread-1] INFO  server.RaftServerConfigKeys (ConfUtils.java:logGet(43)) - raft.server.snapshot.retention.num.files = 5 (custom)
2019-09-25 12:11:13,106 [pool-27-thread-1] INFO  server.RaftServerConfigKeys (ConfUtils.java:logGet(43)) - raft.server.retrycache.expirytime = 600000ms (custom)
2019-09-25 12:11:13,109 [pool-27-thread-1] INFO  impl.RaftServerImpl (RaftServerImpl.java:start(185)) - 95841f60-59cb-43d2-bb49-deb4a2468360@group-729B76284DD6: start as a follower, conf=-1: [95841f60-59cb-43d2-bb49-deb4a2468360:192.168.151.73:42020], old=null
2019-09-25 12:11:13,110 [pool-27-thread-1] INFO  impl.RaftServerImpl (RaftServerImpl.java:setRole(174)) - 95841f60-59cb-43d2-bb49-deb4a2468360@group-729B76284DD6: changes role from      null to FOLLOWER at term 0 for startAsFollower
2019-09-25 12:11:13,110 [pool-27-thread-1] INFO  impl.RoleInfo (RoleInfo.java:updateAndGet(143)) - 95841f60-59cb-43d2-bb49-deb4a2468360: start FollowerState
2019-09-25 12:11:13,111 [pool-27-thread-1] INFO  util.JmxRegister (JmxRegister.java:tryRegister(44)) - Successfully registered JMX Bean with object name Ratis:service=RaftServer,group=group-729B76284DD6,id=95841f60-59cb-43d2-bb49-deb4a2468360
2019-09-25 12:11:13,116 [RatisPipelineUtilsThread] INFO  pipeline.PipelineStateManager (PipelineStateManager.java:addPipeline(56)) - Created pipeline Pipeline[ Id: 30f09b70-4189-44e0-a5e3-729b76284dd6, Nodes: 95841f60-59cb-43d2-bb49-deb4a2468360{ip: 192.168.151.73, host: pr-hdds-1569-shd4m-3693607622, networkLocation: /default-rack, certSerialId: null}, Type:RATIS, Factor:ONE, State:OPEN]
2019-09-25 12:11:13,116 [RatisPipelineUtilsThread] INFO  pipeline.PipelinePlacementPolicy (PipelinePlacementPolicy.java:meetCriteria(91)) - Pipeline Placement: can't place more pipeline on heavy datanode： fec2f942-0387-4b01-b39b-3d25a3fbff72 Heaviness: 6 limit: 5
2019-09-25 12:11:13,116 [RatisPipelineUtilsThread] INFO  pipeline.PipelinePlacementPolicy (PipelinePlacementPolicy.java:meetCriteria(91)) - Pipeline Placement: can't place more pipeline on heavy datanode： 0a02233c-b430-4ef8-86f7-62573cff9fbb Heaviness: 6 limit: 5
2019-09-25 12:11:13,126 [grpc-default-executor-0] INFO  impl.RaftServerProxy (RaftServerProxy.java:addNew(89)) - 95841f60-59cb-43d2-bb49-deb4a2468360: addNew group-BCF6F00FA5D0:[95841f60-59cb-43d2-bb49-deb4a2468360:192.168.151.73:42020] returns group-BCF6F00FA5D0:java.util.concurrent.CompletableFuture@19a42cfe[Not completed]
2019-09-25 12:11:13,457 [pool-27-thread-1] INFO  impl.RaftServerImpl (RaftServerImpl.java:<init>(95)) - 95841f60-59cb-43d2-bb49-deb4a2468360: new RaftServerImpl for group-BCF6F00FA5D0:[95841f60-59cb-43d2-bb49-deb4a2468360:192.168.151.73:42020] with ContainerStateMachine:uninitialized
2019-09-25 12:11:13,458 [pool-27-thread-1] INFO  server.RaftServerConfigKeys (ConfUtils.java:logGet(43)) - raft.server.rpc.timeout.min = 5s (custom)
2019-09-25 12:11:13,458 [pool-27-thread-1] INFO  server.RaftServerConfigKeys (ConfUtils.java:logGet(43)) - raft.server.rpc.timeout.max = 5200ms (custom)
2019-09-25 12:11:13,458 [pool-27-thread-1] INFO  server.RaftServerConfigKeys (ConfUtils.java:logGet(43)) - raft.server.rpcslowness.timeout = 120s (custom)
2019-09-25 12:11:13,459 [pool-27-thread-1] INFO  server.RaftServerConfigKeys (ConfUtils.java:logGet(43)) - raft.server.sleep.deviation.threshold = 300 (default)
2019-09-25 12:11:13,459 [pool-27-thread-1] INFO  server.RaftServerConfigKeys (ConfUtils.java:logGet(43)) - raft.server.log.appender.install.snapshot.enabled = false (custom)
2019-09-25 12:11:13,459 [pool-27-thread-1] INFO  impl.RaftServerImpl (ServerState.java:<init>(103)) - 95841f60-59cb-43d2-bb49-deb4a2468360@group-BCF6F00FA5D0: ConfigurationManager, init=-1: [95841f60-59cb-43d2-bb49-deb4a2468360:192.168.151.73:42020], old=null, confs=<EMPTY_MAP>
2019-09-25 12:11:13,459 [pool-27-thread-1] INFO  server.RaftServerConfigKeys (ConfUtils.java:logGet(43)) - raft.server.storage.dir = [/workdir/hadoop-ozone/integration-test/target/test-dir/MiniOzoneClusterImpl-14adbd36-3f13-49d9-943b-28fb447cae9b/datanode-0/data/ratis] (custom)
2019-09-25 12:11:13,460 [pool-27-thread-1] INFO  storage.RaftStorageDirectory (RaftStorageDirectory.java:analyzeStorage(246)) - The storage directory /workdir/hadoop-ozone/integration-test/target/test-dir/MiniOzoneClusterImpl-14adbd36-3f13-49d9-943b-28fb447cae9b/datanode-0/data/ratis/3d5a81a9-4e62-404c-84d1-bcf6f00fa5d0 does not exist. Creating ...
2019-09-25 12:11:13,476 [pool-27-thread-1] INFO  storage.RaftStorageDirectory (RaftStorageDirectory.java:tryLock(328)) - Lock on /workdir/hadoop-ozone/integration-test/target/test-dir/MiniOzoneClusterImpl-14adbd36-3f13-49d9-943b-28fb447cae9b/datanode-0/data/ratis/3d5a81a9-4e62-404c-84d1-bcf6f00fa5d0/in_use.lock acquired by nodename 12021@pr-hdds-1569-shd4m-3693607622
2019-09-25 12:11:13,499 [pool-27-thread-1] INFO  storage.RaftStorage (RaftStorage.java:format(72)) - Storage directory /workdir/hadoop-ozone/integration-test/target/test-dir/MiniOzoneClusterImpl-14adbd36-3f13-49d9-943b-28fb447cae9b/datanode-0/data/ratis/3d5a81a9-4e62-404c-84d1-bcf6f00fa5d0 has been successfully formatted.
2019-09-25 12:11:13,499 [pool-27-thread-1] INFO  ratis.ContainerStateMachine (ContainerStateMachine.java:loadSnapshot(230)) - group-BCF6F00FA5D0: The snapshot info is null. Setting the last applied indexto:(t:0, i:~)
2019-09-25 12:11:13,499 [pool-27-thread-1] INFO  server.RaftServerConfigKeys (ConfUtils.java:logGet(43)) - raft.server.notification.no-leader.timeout = 120s (custom)
2019-09-25 12:11:13,500 [pool-27-thread-1] INFO  server.RaftServerConfigKeys (ConfUtils.java:logGet(43)) - raft.server.log.use.memory = false (default)
2019-09-25 12:11:13,500 [pool-27-thread-1] INFO  server.RaftServerConfigKeys (ConfUtils.java:logGet(43)) - raft.server.log.purge.gap = 1000000 (custom)
2019-09-25 12:11:13,500 [pool-27-thread-1] INFO  server.RaftServerConfigKeys (ConfUtils.java:logGet(43)) - raft.server.log.appender.buffer.byte-limit = 33554432 (custom)
2019-09-25 12:11:13,500 [pool-27-thread-1] INFO  server.RaftServerConfigKeys (ConfUtils.java:logGet(43)) - raft.server.log.segment.size.max = 1048576 (custom)
2019-09-25 12:11:13,500 [pool-27-thread-1] INFO  server.RaftServerConfigKeys (ConfUtils.java:logGet(43)) - raft.server.log.segment.cache.num.max = 2 (custom)
2019-09-25 12:11:13,501 [pool-27-thread-1] INFO  segmented.SegmentedRaftLogWorker (SegmentedRaftLogWorker.java:<init>(172)) - new 95841f60-59cb-43d2-bb49-deb4a2468360@group-BCF6F00FA5D0-SegmentedRaftLogWorker for RaftStorage:Storage Directory /workdir/hadoop-ozone/integration-test/target/test-dir/MiniOzoneClusterImpl-14adbd36-3f13-49d9-943b-28fb447cae9b/datanode-0/data/ratis/3d5a81a9-4e62-404c-84d1-bcf6f00fa5d0
2019-09-25 12:11:13,501 [pool-27-thread-1] INFO  server.RaftServerConfigKeys (ConfUtils.java:logGet(43)) - raft.server.log.queue.byte-limit = 2147483647 (custom)
2019-09-25 12:11:13,501 [pool-27-thread-1] INFO  server.RaftServerConfigKeys (ConfUtils.java:logGet(43)) - raft.server.log.queue.element-limit = 1024 (custom)
2019-09-25 12:11:13,501 [pool-27-thread-1] INFO  server.RaftServerConfigKeys (ConfUtils.java:logGet(43)) - raft.server.log.segment.size.max = 1048576 (custom)
2019-09-25 12:11:13,501 [pool-27-thread-1] INFO  server.RaftServerConfigKeys (ConfUtils.java:logGet(43)) - raft.server.log.preallocated.size = 16384 (custom)
2019-09-25 12:11:13,502 [pool-27-thread-1] INFO  server.RaftServerConfigKeys (ConfUtils.java:logGet(43)) - raft.server.log.write.buffer.size = 33554432 (custom)
2019-09-25 12:11:13,502 [pool-27-thread-1] INFO  server.RaftServerConfigKeys (ConfUtils.java:logGet(43)) - raft.server.log.force.sync.num = 128 (default)
2019-09-25 12:11:13,502 [pool-27-thread-1] INFO  server.RaftServerConfigKeys (ConfUtils.java:logGet(43)) - raft.server.log.statemachine.data.sync = true (default)
2019-09-25 12:11:13,502 [pool-27-thread-1] INFO  server.RaftServerConfigKeys (ConfUtils.java:logGet(43)) - raft.server.log.statemachine.data.sync.timeout = 10s (default)
2019-09-25 12:11:13,502 [pool-27-thread-1] INFO  server.RaftServerConfigKeys (ConfUtils.java:logGet(43)) - raft.server.log.statemachine.data.sync.timeout.retry = -1 (default)
2019-09-25 12:11:13,503 [pool-27-thread-1] INFO  server.RaftServerConfigKeys (ConfUtils.java:logGet(43)) - raft.server.log.statemachine.data.caching.enabled = true (custom)
2019-09-25 12:11:13,503 [pool-27-thread-1] INFO  segmented.SegmentedRaftLogWorker (SegmentedRaftLogWorker.java:lambda$new$0(132)) - 95841f60-59cb-43d2-bb49-deb4a2468360@group-BCF6F00FA5D0-SegmentedRaftLogWorker: flushIndex: setUnconditionally 0 -> -1
2019-09-25 12:11:13,504 [pool-27-thread-1] INFO  server.RaftServerConfigKeys (ConfUtils.java:logGet(43)) - raft.server.snapshot.auto.trigger.enabled = true (custom)
2019-09-25 12:11:13,504 [pool-27-thread-1] INFO  server.RaftServerConfigKeys (ConfUtils.java:logGet(43)) - raft.server.snapshot.auto.trigger.threshold = 10000 (custom)
2019-09-25 12:11:13,504 [pool-27-thread-1] INFO  server.RaftServerConfigKeys (ConfUtils.java:logGet(43)) - raft.server.snapshot.retention.num.files = 5 (custom)
2019-09-25 12:11:13,504 [pool-27-thread-1] INFO  server.RaftServerConfigKeys (ConfUtils.java:logGet(43)) - raft.server.retrycache.expirytime = 600000ms (custom)
2019-09-25 12:11:13,508 [pool-27-thread-1] INFO  impl.RaftServerImpl (RaftServerImpl.java:start(185)) - 95841f60-59cb-43d2-bb49-deb4a2468360@group-BCF6F00FA5D0: start as a follower, conf=-1: [95841f60-59cb-43d2-bb49-deb4a2468360:192.168.151.73:42020], old=null
2019-09-25 12:11:13,508 [pool-27-thread-1] INFO  impl.RaftServerImpl (RaftServerImpl.java:setRole(174)) - 95841f60-59cb-43d2-bb49-deb4a2468360@group-BCF6F00FA5D0: changes role from      null to FOLLOWER at term 0 for startAsFollower
2019-09-25 12:11:13,508 [pool-27-thread-1] INFO  impl.RoleInfo (RoleInfo.java:updateAndGet(143)) - 95841f60-59cb-43d2-bb49-deb4a2468360: start FollowerState
2019-09-25 12:11:13,509 [pool-27-thread-1] INFO  util.JmxRegister (JmxRegister.java:tryRegister(44)) - Successfully registered JMX Bean with object name Ratis:service=RaftServer,group=group-BCF6F00FA5D0,id=95841f60-59cb-43d2-bb49-deb4a2468360
2019-09-25 12:11:13,514 [RatisPipelineUtilsThread] INFO  pipeline.PipelineStateManager (PipelineStateManager.java:addPipeline(56)) - Created pipeline Pipeline[ Id: 3d5a81a9-4e62-404c-84d1-bcf6f00fa5d0, Nodes: 95841f60-59cb-43d2-bb49-deb4a2468360{ip: 192.168.151.73, host: pr-hdds-1569-shd4m-3693607622, networkLocation: /default-rack, certSerialId: null}, Type:RATIS, Factor:ONE, State:OPEN]
2019-09-25 12:11:13,515 [RatisPipelineUtilsThread] INFO  pipeline.PipelinePlacementPolicy (PipelinePlacementPolicy.java:meetCriteria(91)) - Pipeline Placement: can't place more pipeline on heavy datanode： fec2f942-0387-4b01-b39b-3d25a3fbff72 Heaviness: 6 limit: 5
2019-09-25 12:11:13,515 [RatisPipelineUtilsThread] INFO  pipeline.PipelinePlacementPolicy (PipelinePlacementPolicy.java:meetCriteria(91)) - Pipeline Placement: can't place more pipeline on heavy datanode： 0a02233c-b430-4ef8-86f7-62573cff9fbb Heaviness: 6 limit: 5
2019-09-25 12:11:13,515 [RatisPipelineUtilsThread] INFO  pipeline.PipelinePlacementPolicy (PipelinePlacementPolicy.java:meetCriteria(91)) - Pipeline Placement: can't place more pipeline on heavy datanode： 95841f60-59cb-43d2-bb49-deb4a2468360 Heaviness: 6 limit: 5
2019-09-25 12:11:13,516 [RatisPipelineUtilsThread] ERROR pipeline.PipelinePlacementPolicy (PipelinePlacementPolicy.java:filterViableNodes(148)) - Unable to find enough nodes that meet the criteria that cannot engage in more than 5 pipelines. Nodes required: 1 Found: 0, healthy nodes count inNodeManager: 3.
2019-09-25 12:11:13,518 [RatisPipelineUtilsThread] ERROR pipeline.SCMPipelineManager (SCMPipelineManager.java:createPipeline(167)) - Pipeline creation failed.
org.apache.hadoop.hdds.scm.exceptions.SCMException: Unable to find enough nodes that meet the criteria that cannot engage in more than 5 pipelines. Nodes required: 1 Found: 0, healthy nodes count inNodeManager: 3.
	at org.apache.hadoop.hdds.scm.pipeline.PipelinePlacementPolicy.filterViableNodes(PipelinePlacementPolicy.java:149)
	at org.apache.hadoop.hdds.scm.pipeline.PipelinePlacementPolicy.chooseDatanodes(PipelinePlacementPolicy.java:172)
	at org.apache.hadoop.hdds.scm.pipeline.RatisPipelineProvider.create(RatisPipelineProvider.java:93)
	at org.apache.hadoop.hdds.scm.pipeline.PipelineFactory.create(PipelineFactory.java:58)
	at org.apache.hadoop.hdds.scm.pipeline.SCMPipelineManager.createPipeline(SCMPipelineManager.java:155)
	at org.apache.hadoop.hdds.scm.pipeline.BackgroundPipelineCreator.createPipelines(BackgroundPipelineCreator.java:99)
	at java.util.concurrent.Executors$RunnableAdapter.call(Executors.java:511)
	at java.util.concurrent.FutureTask.run(FutureTask.java:266)
	at java.util.concurrent.ScheduledThreadPoolExecutor$ScheduledFutureTask.access$201(ScheduledThreadPoolExecutor.java:180)
	at java.util.concurrent.ScheduledThreadPoolExecutor$ScheduledFutureTask.run(ScheduledThreadPoolExecutor.java:293)
	at java.util.concurrent.ThreadPoolExecutor.runWorker(ThreadPoolExecutor.java:1149)
	at java.util.concurrent.ThreadPoolExecutor$Worker.run(ThreadPoolExecutor.java:624)
	at java.lang.Thread.run(Thread.java:748)
2019-09-25 12:11:13,520 [RatisPipelineUtilsThread] INFO  pipeline.PipelinePlacementPolicy (PipelinePlacementPolicy.java:meetCriteria(91)) - Pipeline Placement: can't place more pipeline on heavy datanode： fec2f942-0387-4b01-b39b-3d25a3fbff72 Heaviness: 6 limit: 5
2019-09-25 12:11:13,521 [RatisPipelineUtilsThread] INFO  pipeline.PipelinePlacementPolicy (PipelinePlacementPolicy.java:meetCriteria(91)) - Pipeline Placement: can't place more pipeline on heavy datanode： 0a02233c-b430-4ef8-86f7-62573cff9fbb Heaviness: 6 limit: 5
2019-09-25 12:11:13,521 [RatisPipelineUtilsThread] INFO  pipeline.PipelinePlacementPolicy (PipelinePlacementPolicy.java:meetCriteria(91)) - Pipeline Placement: can't place more pipeline on heavy datanode： 95841f60-59cb-43d2-bb49-deb4a2468360 Heaviness: 6 limit: 5
2019-09-25 12:11:13,521 [RatisPipelineUtilsThread] ERROR pipeline.PipelinePlacementPolicy (PipelinePlacementPolicy.java:filterViableNodes(148)) - Unable to find enough nodes that meet the criteria that cannot engage in more than 5 pipelines. Nodes required: 3 Found: 0, healthy nodes count inNodeManager: 3.
2019-09-25 12:11:13,521 [RatisPipelineUtilsThread] ERROR pipeline.SCMPipelineManager (SCMPipelineManager.java:createPipeline(167)) - Pipeline creation failed.
org.apache.hadoop.hdds.scm.exceptions.SCMException: Unable to find enough nodes that meet the criteria that cannot engage in more than 5 pipelines. Nodes required: 3 Found: 0, healthy nodes count inNodeManager: 3.
	at org.apache.hadoop.hdds.scm.pipeline.PipelinePlacementPolicy.filterViableNodes(PipelinePlacementPolicy.java:149)
	at org.apache.hadoop.hdds.scm.pipeline.PipelinePlacementPolicy.chooseDatanodes(PipelinePlacementPolicy.java:172)
	at org.apache.hadoop.hdds.scm.pipeline.RatisPipelineProvider.create(RatisPipelineProvider.java:93)
	at org.apache.hadoop.hdds.scm.pipeline.PipelineFactory.create(PipelineFactory.java:58)
	at org.apache.hadoop.hdds.scm.pipeline.SCMPipelineManager.createPipeline(SCMPipelineManager.java:155)
	at org.apache.hadoop.hdds.scm.pipeline.BackgroundPipelineCreator.createPipelines(BackgroundPipelineCreator.java:99)
	at java.util.concurrent.Executors$RunnableAdapter.call(Executors.java:511)
	at java.util.concurrent.FutureTask.run(FutureTask.java:266)
	at java.util.concurrent.ScheduledThreadPoolExecutor$ScheduledFutureTask.access$201(ScheduledThreadPoolExecutor.java:180)
	at java.util.concurrent.ScheduledThreadPoolExecutor$ScheduledFutureTask.run(ScheduledThreadPoolExecutor.java:293)
	at java.util.concurrent.ThreadPoolExecutor.runWorker(ThreadPoolExecutor.java:1149)
	at java.util.concurrent.ThreadPoolExecutor$Worker.run(ThreadPoolExecutor.java:624)
	at java.lang.Thread.run(Thread.java:748)
2019-09-25 12:11:13,522 [RatisPipelineUtilsThread] INFO  pipeline.PipelinePlacementPolicy (PipelinePlacementPolicy.java:meetCriteria(91)) - Pipeline Placement: can't place more pipeline on heavy datanode： fec2f942-0387-4b01-b39b-3d25a3fbff72 Heaviness: 6 limit: 5
2019-09-25 12:11:13,522 [RatisPipelineUtilsThread] INFO  pipeline.PipelinePlacementPolicy (PipelinePlacementPolicy.java:meetCriteria(91)) - Pipeline Placement: can't place more pipeline on heavy datanode： 0a02233c-b430-4ef8-86f7-62573cff9fbb Heaviness: 6 limit: 5
2019-09-25 12:11:13,522 [RatisPipelineUtilsThread] INFO  pipeline.PipelinePlacementPolicy (PipelinePlacementPolicy.java:meetCriteria(91)) - Pipeline Placement: can't place more pipeline on heavy datanode： 95841f60-59cb-43d2-bb49-deb4a2468360 Heaviness: 6 limit: 5
2019-09-25 12:11:13,522 [RatisPipelineUtilsThread] ERROR pipeline.PipelinePlacementPolicy (PipelinePlacementPolicy.java:filterViableNodes(148)) - Unable to find enough nodes that meet the criteria that cannot engage in more than 5 pipelines. Nodes required: 1 Found: 0, healthy nodes count inNodeManager: 3.
2019-09-25 12:11:13,523 [RatisPipelineUtilsThread] ERROR pipeline.SCMPipelineManager (SCMPipelineManager.java:createPipeline(167)) - Pipeline creation failed.
org.apache.hadoop.hdds.scm.exceptions.SCMException: Unable to find enough nodes that meet the criteria that cannot engage in more than 5 pipelines. Nodes required: 1 Found: 0, healthy nodes count inNodeManager: 3.
	at org.apache.hadoop.hdds.scm.pipeline.PipelinePlacementPolicy.filterViableNodes(PipelinePlacementPolicy.java:149)
	at org.apache.hadoop.hdds.scm.pipeline.PipelinePlacementPolicy.chooseDatanodes(PipelinePlacementPolicy.java:172)
	at org.apache.hadoop.hdds.scm.pipeline.RatisPipelineProvider.create(RatisPipelineProvider.java:93)
	at org.apache.hadoop.hdds.scm.pipeline.PipelineFactory.create(PipelineFactory.java:58)
	at org.apache.hadoop.hdds.scm.pipeline.SCMPipelineManager.createPipeline(SCMPipelineManager.java:155)
	at org.apache.hadoop.hdds.scm.pipeline.BackgroundPipelineCreator.createPipelines(BackgroundPipelineCreator.java:99)
	at org.apache.hadoop.hdds.scm.pipeline.BackgroundPipelineCreator.lambda$startFixedIntervalPipelineCreator$0(BackgroundPipelineCreator.java:70)
	at java.util.concurrent.Executors$RunnableAdapter.call(Executors.java:511)
	at java.util.concurrent.FutureTask.runAndReset(FutureTask.java:308)
	at java.util.concurrent.ScheduledThreadPoolExecutor$ScheduledFutureTask.access$301(ScheduledThreadPoolExecutor.java:180)
	at java.util.concurrent.ScheduledThreadPoolExecutor$ScheduledFutureTask.run(ScheduledThreadPoolExecutor.java:294)
	at java.util.concurrent.ThreadPoolExecutor.runWorker(ThreadPoolExecutor.java:1149)
	at java.util.concurrent.ThreadPoolExecutor$Worker.run(ThreadPoolExecutor.java:624)
	at java.lang.Thread.run(Thread.java:748)
2019-09-25 12:11:13,523 [RatisPipelineUtilsThread] INFO  pipeline.PipelinePlacementPolicy (PipelinePlacementPolicy.java:meetCriteria(91)) - Pipeline Placement: can't place more pipeline on heavy datanode： fec2f942-0387-4b01-b39b-3d25a3fbff72 Heaviness: 6 limit: 5
2019-09-25 12:11:13,523 [RatisPipelineUtilsThread] INFO  pipeline.PipelinePlacementPolicy (PipelinePlacementPolicy.java:meetCriteria(91)) - Pipeline Placement: can't place more pipeline on heavy datanode： 0a02233c-b430-4ef8-86f7-62573cff9fbb Heaviness: 6 limit: 5
2019-09-25 12:11:13,523 [RatisPipelineUtilsThread] INFO  pipeline.PipelinePlacementPolicy (PipelinePlacementPolicy.java:meetCriteria(91)) - Pipeline Placement: can't place more pipeline on heavy datanode： 95841f60-59cb-43d2-bb49-deb4a2468360 Heaviness: 6 limit: 5
2019-09-25 12:11:13,524 [RatisPipelineUtilsThread] ERROR pipeline.PipelinePlacementPolicy (PipelinePlacementPolicy.java:filterViableNodes(148)) - Unable to find enough nodes that meet the criteria that cannot engage in more than 5 pipelines. Nodes required: 3 Found: 0, healthy nodes count inNodeManager: 3.
2019-09-25 12:11:13,524 [RatisPipelineUtilsThread] ERROR pipeline.SCMPipelineManager (SCMPipelineManager.java:createPipeline(167)) - Pipeline creation failed.
org.apache.hadoop.hdds.scm.exceptions.SCMException: Unable to find enough nodes that meet the criteria that cannot engage in more than 5 pipelines. Nodes required: 3 Found: 0, healthy nodes count inNodeManager: 3.
	at org.apache.hadoop.hdds.scm.pipeline.PipelinePlacementPolicy.filterViableNodes(PipelinePlacementPolicy.java:149)
	at org.apache.hadoop.hdds.scm.pipeline.PipelinePlacementPolicy.chooseDatanodes(PipelinePlacementPolicy.java:172)
	at org.apache.hadoop.hdds.scm.pipeline.RatisPipelineProvider.create(RatisPipelineProvider.java:93)
	at org.apache.hadoop.hdds.scm.pipeline.PipelineFactory.create(PipelineFactory.java:58)
	at org.apache.hadoop.hdds.scm.pipeline.SCMPipelineManager.createPipeline(SCMPipelineManager.java:155)
	at org.apache.hadoop.hdds.scm.pipeline.BackgroundPipelineCreator.createPipelines(BackgroundPipelineCreator.java:99)
	at org.apache.hadoop.hdds.scm.pipeline.BackgroundPipelineCreator.lambda$startFixedIntervalPipelineCreator$0(BackgroundPipelineCreator.java:70)
	at java.util.concurrent.Executors$RunnableAdapter.call(Executors.java:511)
	at java.util.concurrent.FutureTask.runAndReset(FutureTask.java:308)
	at java.util.concurrent.ScheduledThreadPoolExecutor$ScheduledFutureTask.access$301(ScheduledThreadPoolExecutor.java:180)
	at java.util.concurrent.ScheduledThreadPoolExecutor$ScheduledFutureTask.run(ScheduledThreadPoolExecutor.java:294)
	at java.util.concurrent.ThreadPoolExecutor.runWorker(ThreadPoolExecutor.java:1149)
	at java.util.concurrent.ThreadPoolExecutor$Worker.run(ThreadPoolExecutor.java:624)
	at java.lang.Thread.run(Thread.java:748)
2019-09-25 12:11:13,633 [main] INFO  impl.MetricsSystemImpl (MetricsSystemImpl.java:init(158)) - XceiverClientMetrics metrics system started (again)
2019-09-25 12:11:14,115 [Thread-178] INFO  container.ReplicationManager (ReplicationManager.java:start(163)) - Starting Replication Monitor Thread.
2019-09-25 12:11:14,120 [ReplicationMonitor] INFO  container.ReplicationManager (ReplicationManager.java:run(226)) - Replication Monitor Thread took 4 milliseconds for processing 1 containers.
2019-09-25 12:11:16,996 [Thread-183] INFO  impl.FollowerState (FollowerState.java:run(106)) - 95841f60-59cb-43d2-bb49-deb4a2468360:group-E25E599C7B6B changes to CANDIDATE, lastRpcTime:5099, electionTimeout:5098ms
2019-09-25 12:11:16,998 [Thread-183] INFO  impl.RoleInfo (RoleInfo.java:shutdownFollowerState(121)) - 95841f60-59cb-43d2-bb49-deb4a2468360: shutdown FollowerState
2019-09-25 12:11:16,999 [Thread-183] INFO  impl.RaftServerImpl (RaftServerImpl.java:setRole(174)) - 95841f60-59cb-43d2-bb49-deb4a2468360@group-E25E599C7B6B: changes role from  FOLLOWER to CANDIDATE at term 0 for changeToCandidate
2019-09-25 12:11:17,003 [Thread-183] INFO  impl.RoleInfo (RoleInfo.java:updateAndGet(143)) - 95841f60-59cb-43d2-bb49-deb4a2468360: start LeaderElection
2019-09-25 12:11:17,020 [95841f60-59cb-43d2-bb49-deb4a2468360@group-E25E599C7B6B:LeaderElection1] INFO  impl.LeaderElection (LeaderElection.java:askForVotes(182)) - 95841f60-59cb-43d2-bb49-deb4a2468360@group-E25E599C7B6B:LeaderElection1: begin an election at term 1 for -1: [95841f60-59cb-43d2-bb49-deb4a2468360:192.168.151.73:42020], old=null
2019-09-25 12:11:17,022 [95841f60-59cb-43d2-bb49-deb4a2468360@group-E25E599C7B6B:LeaderElection1] INFO  impl.RoleInfo (RoleInfo.java:shutdownLeaderElection(134)) - 95841f60-59cb-43d2-bb49-deb4a2468360: shutdown LeaderElection
2019-09-25 12:11:17,023 [95841f60-59cb-43d2-bb49-deb4a2468360@group-E25E599C7B6B:LeaderElection1] INFO  impl.RaftServerImpl (RaftServerImpl.java:setRole(174)) - 95841f60-59cb-43d2-bb49-deb4a2468360@group-E25E599C7B6B: changes role from CANDIDATE to LEADER at term 1 for changeToLeader
2019-09-25 12:11:17,023 [95841f60-59cb-43d2-bb49-deb4a2468360@group-E25E599C7B6B:LeaderElection1] INFO  impl.RaftServerImpl (ServerState.java:setLeader(253)) - 95841f60-59cb-43d2-bb49-deb4a2468360@group-E25E599C7B6B: change Leader from null to 95841f60-59cb-43d2-bb49-deb4a2468360 at term 1 for becomeLeader, leader elected after 5289ms
2019-09-25 12:11:17,030 [95841f60-59cb-43d2-bb49-deb4a2468360@group-E25E599C7B6B:LeaderElection1] INFO  server.RaftServerConfigKeys (ConfUtils.java:logGet(43)) - raft.server.staging.catchup.gap = 1000 (default)
2019-09-25 12:11:17,030 [95841f60-59cb-43d2-bb49-deb4a2468360@group-E25E599C7B6B:LeaderElection1] INFO  server.RaftServerConfigKeys (ConfUtils.java:logGet(43)) - raft.server.rpc.sleep.time = 25ms (default)
2019-09-25 12:11:17,033 [95841f60-59cb-43d2-bb49-deb4a2468360@group-E25E599C7B6B:LeaderElection1] INFO  server.RaftServerConfigKeys (ConfUtils.java:logGet(43)) - raft.server.write.element-limit = 4096 (default)
2019-09-25 12:11:17,036 [95841f60-59cb-43d2-bb49-deb4a2468360@group-E25E599C7B6B:LeaderElection1] INFO  server.RaftServerConfigKeys (ConfUtils.java:logGet(43)) - raft.server.watch.timeout = 10s (default)
2019-09-25 12:11:17,036 [95841f60-59cb-43d2-bb49-deb4a2468360@group-E25E599C7B6B:LeaderElection1] INFO  server.RaftServerConfigKeys (ConfUtils.java:logGet(43)) - raft.server.watch.timeout.denomination = 1s (default)
2019-09-25 12:11:17,037 [95841f60-59cb-43d2-bb49-deb4a2468360@group-E25E599C7B6B:LeaderElection1] INFO  server.RaftServerConfigKeys (ConfUtils.java:logGet(43)) - raft.server.watch.element-limit = 65536 (default)
2019-09-25 12:11:17,050 [95841f60-59cb-43d2-bb49-deb4a2468360@group-E25E599C7B6B:LeaderElection1] INFO  impl.RoleInfo (RoleInfo.java:updateAndGet(143)) - 95841f60-59cb-43d2-bb49-deb4a2468360: start LeaderState
2019-09-25 12:11:17,068 [95841f60-59cb-43d2-bb49-deb4a2468360@group-E25E599C7B6B:LeaderElection1] INFO  segmented.SegmentedRaftLogWorker (SegmentedRaftLogWorker.java:startLogSegment(380)) - 95841f60-59cb-43d2-bb49-deb4a2468360@group-E25E599C7B6B-SegmentedRaftLogWorker: Starting segment from index:0
2019-09-25 12:11:17,075 [95841f60-59cb-43d2-bb49-deb4a2468360@group-E25E599C7B6B:LeaderElection1] INFO  impl.RaftServerImpl (ServerState.java:setRaftConf(354)) - 95841f60-59cb-43d2-bb49-deb4a2468360@group-E25E599C7B6B: set configuration 0: [95841f60-59cb-43d2-bb49-deb4a2468360:192.168.151.73:42020], old=null at 0
2019-09-25 12:11:17,261 [Thread-186] INFO  impl.FollowerState (FollowerState.java:run(106)) - 0a02233c-b430-4ef8-86f7-62573cff9fbb:group-BA23CF733901 changes to CANDIDATE, lastRpcTime:5183, electionTimeout:5182ms
2019-09-25 12:11:17,287 [Thread-186] INFO  impl.RoleInfo (RoleInfo.java:shutdownFollowerState(121)) - 0a02233c-b430-4ef8-86f7-62573cff9fbb: shutdown FollowerState
2019-09-25 12:11:17,287 [Thread-186] INFO  impl.RaftServerImpl (RaftServerImpl.java:setRole(174)) - 0a02233c-b430-4ef8-86f7-62573cff9fbb@group-BA23CF733901: changes role from  FOLLOWER to CANDIDATE at term 0 for changeToCandidate
2019-09-25 12:11:17,287 [Thread-186] INFO  impl.RoleInfo (RoleInfo.java:updateAndGet(143)) - 0a02233c-b430-4ef8-86f7-62573cff9fbb: start LeaderElection
2019-09-25 12:11:17,302 [95841f60-59cb-43d2-bb49-deb4a2468360@group-E25E599C7B6B-SegmentedRaftLogWorker] INFO  segmented.SegmentedRaftLogWorker (SegmentedRaftLogWorker.java:execute(569)) - 95841f60-59cb-43d2-bb49-deb4a2468360@group-E25E599C7B6B-SegmentedRaftLogWorker: created new log segment /workdir/hadoop-ozone/integration-test/target/test-dir/MiniOzoneClusterImpl-14adbd36-3f13-49d9-943b-28fb447cae9b/datanode-0/data/ratis/27da74b1-2daa-4df4-866f-e25e599c7b6b/current/log_inprogress_0
2019-09-25 12:11:17,302 [0a02233c-b430-4ef8-86f7-62573cff9fbb@group-BA23CF733901:LeaderElection2] INFO  impl.LeaderElection (LeaderElection.java:askForVotes(182)) - 0a02233c-b430-4ef8-86f7-62573cff9fbb@group-BA23CF733901:LeaderElection2: begin an election at term 1 for -1: [0a02233c-b430-4ef8-86f7-62573cff9fbb:192.168.151.73:43494], old=null
2019-09-25 12:11:17,304 [0a02233c-b430-4ef8-86f7-62573cff9fbb@group-BA23CF733901:LeaderElection2] INFO  impl.RoleInfo (RoleInfo.java:shutdownLeaderElection(134)) - 0a02233c-b430-4ef8-86f7-62573cff9fbb: shutdown LeaderElection
2019-09-25 12:11:17,304 [0a02233c-b430-4ef8-86f7-62573cff9fbb@group-BA23CF733901:LeaderElection2] INFO  impl.RaftServerImpl (RaftServerImpl.java:setRole(174)) - 0a02233c-b430-4ef8-86f7-62573cff9fbb@group-BA23CF733901: changes role from CANDIDATE to LEADER at term 1 for changeToLeader
2019-09-25 12:11:17,304 [0a02233c-b430-4ef8-86f7-62573cff9fbb@group-BA23CF733901:LeaderElection2] INFO  impl.RaftServerImpl (ServerState.java:setLeader(253)) - 0a02233c-b430-4ef8-86f7-62573cff9fbb@group-BA23CF733901: change Leader from null to 0a02233c-b430-4ef8-86f7-62573cff9fbb at term 1 for becomeLeader, leader elected after 5242ms
2019-09-25 12:11:17,304 [0a02233c-b430-4ef8-86f7-62573cff9fbb@group-BA23CF733901:LeaderElection2] INFO  server.RaftServerConfigKeys (ConfUtils.java:logGet(43)) - raft.server.staging.catchup.gap = 1000 (default)
2019-09-25 12:11:17,304 [0a02233c-b430-4ef8-86f7-62573cff9fbb@group-BA23CF733901:LeaderElection2] INFO  server.RaftServerConfigKeys (ConfUtils.java:logGet(43)) - raft.server.rpc.sleep.time = 25ms (default)
2019-09-25 12:11:17,305 [0a02233c-b430-4ef8-86f7-62573cff9fbb@group-BA23CF733901:LeaderElection2] INFO  server.RaftServerConfigKeys (ConfUtils.java:logGet(43)) - raft.server.write.element-limit = 4096 (default)
2019-09-25 12:11:17,305 [0a02233c-b430-4ef8-86f7-62573cff9fbb@group-BA23CF733901:LeaderElection2] INFO  server.RaftServerConfigKeys (ConfUtils.java:logGet(43)) - raft.server.watch.timeout = 10s (default)
2019-09-25 12:11:17,305 [0a02233c-b430-4ef8-86f7-62573cff9fbb@group-BA23CF733901:LeaderElection2] INFO  server.RaftServerConfigKeys (ConfUtils.java:logGet(43)) - raft.server.watch.timeout.denomination = 1s (default)
2019-09-25 12:11:17,305 [0a02233c-b430-4ef8-86f7-62573cff9fbb@group-BA23CF733901:LeaderElection2] INFO  server.RaftServerConfigKeys (ConfUtils.java:logGet(43)) - raft.server.watch.element-limit = 65536 (default)
2019-09-25 12:11:17,309 [0a02233c-b430-4ef8-86f7-62573cff9fbb@group-BA23CF733901:LeaderElection2] INFO  impl.RoleInfo (RoleInfo.java:updateAndGet(143)) - 0a02233c-b430-4ef8-86f7-62573cff9fbb: start LeaderState
2019-09-25 12:11:17,309 [0a02233c-b430-4ef8-86f7-62573cff9fbb@group-BA23CF733901:LeaderElection2] INFO  segmented.SegmentedRaftLogWorker (SegmentedRaftLogWorker.java:startLogSegment(380)) - 0a02233c-b430-4ef8-86f7-62573cff9fbb@group-BA23CF733901-SegmentedRaftLogWorker: Starting segment from index:0
2019-09-25 12:11:17,309 [0a02233c-b430-4ef8-86f7-62573cff9fbb@group-BA23CF733901:LeaderElection2] INFO  impl.RaftServerImpl (ServerState.java:setRaftConf(354)) - 0a02233c-b430-4ef8-86f7-62573cff9fbb@group-BA23CF733901: set configuration 0: [0a02233c-b430-4ef8-86f7-62573cff9fbb:192.168.151.73:43494], old=null at 0
2019-09-25 12:11:17,367 [Thread-195] INFO  impl.FollowerState (FollowerState.java:run(106)) - 0a02233c-b430-4ef8-86f7-62573cff9fbb:group-18FD8D7BCBA2 changes to CANDIDATE, lastRpcTime:5017, electionTimeout:5017ms
2019-09-25 12:11:17,368 [Thread-195] INFO  impl.RoleInfo (RoleInfo.java:shutdownFollowerState(121)) - 0a02233c-b430-4ef8-86f7-62573cff9fbb: shutdown FollowerState
2019-09-25 12:11:17,368 [Thread-195] INFO  impl.RaftServerImpl (RaftServerImpl.java:setRole(174)) - 0a02233c-b430-4ef8-86f7-62573cff9fbb@group-18FD8D7BCBA2: changes role from  FOLLOWER to CANDIDATE at term 0 for changeToCandidate
2019-09-25 12:11:17,368 [Thread-195] INFO  impl.RoleInfo (RoleInfo.java:updateAndGet(143)) - 0a02233c-b430-4ef8-86f7-62573cff9fbb: start LeaderElection
2019-09-25 12:11:17,369 [0a02233c-b430-4ef8-86f7-62573cff9fbb@group-BA23CF733901-SegmentedRaftLogWorker] INFO  segmented.SegmentedRaftLogWorker (SegmentedRaftLogWorker.java:execute(569)) - 0a02233c-b430-4ef8-86f7-62573cff9fbb@group-BA23CF733901-SegmentedRaftLogWorker: created new log segment /workdir/hadoop-ozone/integration-test/target/test-dir/MiniOzoneClusterImpl-14adbd36-3f13-49d9-943b-28fb447cae9b/datanode-1/data/ratis/9ca3748c-08ab-435d-a4d0-ba23cf733901/current/log_inprogress_0
2019-09-25 12:11:17,386 [0a02233c-b430-4ef8-86f7-62573cff9fbb@group-18FD8D7BCBA2:LeaderElection3] INFO  impl.LeaderElection (LeaderElection.java:askForVotes(182)) - 0a02233c-b430-4ef8-86f7-62573cff9fbb@group-18FD8D7BCBA2:LeaderElection3: begin an election at term 1 for -1: [0a02233c-b430-4ef8-86f7-62573cff9fbb:192.168.151.73:43494], old=null
2019-09-25 12:11:17,386 [0a02233c-b430-4ef8-86f7-62573cff9fbb@group-18FD8D7BCBA2:LeaderElection3] INFO  impl.RoleInfo (RoleInfo.java:shutdownLeaderElection(134)) - 0a02233c-b430-4ef8-86f7-62573cff9fbb: shutdown LeaderElection
2019-09-25 12:11:17,386 [0a02233c-b430-4ef8-86f7-62573cff9fbb@group-18FD8D7BCBA2:LeaderElection3] INFO  impl.RaftServerImpl (RaftServerImpl.java:setRole(174)) - 0a02233c-b430-4ef8-86f7-62573cff9fbb@group-18FD8D7BCBA2: changes role from CANDIDATE to LEADER at term 1 for changeToLeader
2019-09-25 12:11:17,386 [0a02233c-b430-4ef8-86f7-62573cff9fbb@group-18FD8D7BCBA2:LeaderElection3] INFO  impl.RaftServerImpl (ServerState.java:setLeader(253)) - 0a02233c-b430-4ef8-86f7-62573cff9fbb@group-18FD8D7BCBA2: change Leader from null to 0a02233c-b430-4ef8-86f7-62573cff9fbb at term 1 for becomeLeader, leader elected after 5046ms
2019-09-25 12:11:17,386 [0a02233c-b430-4ef8-86f7-62573cff9fbb@group-18FD8D7BCBA2:LeaderElection3] INFO  server.RaftServerConfigKeys (ConfUtils.java:logGet(43)) - raft.server.staging.catchup.gap = 1000 (default)
2019-09-25 12:11:17,386 [0a02233c-b430-4ef8-86f7-62573cff9fbb@group-18FD8D7BCBA2:LeaderElection3] INFO  server.RaftServerConfigKeys (ConfUtils.java:logGet(43)) - raft.server.rpc.sleep.time = 25ms (default)
2019-09-25 12:11:17,387 [0a02233c-b430-4ef8-86f7-62573cff9fbb@group-18FD8D7BCBA2:LeaderElection3] INFO  server.RaftServerConfigKeys (ConfUtils.java:logGet(43)) - raft.server.write.element-limit = 4096 (default)
2019-09-25 12:11:17,387 [0a02233c-b430-4ef8-86f7-62573cff9fbb@group-18FD8D7BCBA2:LeaderElection3] INFO  server.RaftServerConfigKeys (ConfUtils.java:logGet(43)) - raft.server.watch.timeout = 10s (default)
2019-09-25 12:11:17,387 [0a02233c-b430-4ef8-86f7-62573cff9fbb@group-18FD8D7BCBA2:LeaderElection3] INFO  server.RaftServerConfigKeys (ConfUtils.java:logGet(43)) - raft.server.watch.timeout.denomination = 1s (default)
2019-09-25 12:11:17,387 [0a02233c-b430-4ef8-86f7-62573cff9fbb@group-18FD8D7BCBA2:LeaderElection3] INFO  server.RaftServerConfigKeys (ConfUtils.java:logGet(43)) - raft.server.watch.element-limit = 65536 (default)
2019-09-25 12:11:17,391 [0a02233c-b430-4ef8-86f7-62573cff9fbb@group-18FD8D7BCBA2:LeaderElection3] INFO  impl.RoleInfo (RoleInfo.java:updateAndGet(143)) - 0a02233c-b430-4ef8-86f7-62573cff9fbb: start LeaderState
2019-09-25 12:11:17,392 [0a02233c-b430-4ef8-86f7-62573cff9fbb@group-18FD8D7BCBA2:LeaderElection3] INFO  segmented.SegmentedRaftLogWorker (SegmentedRaftLogWorker.java:startLogSegment(380)) - 0a02233c-b430-4ef8-86f7-62573cff9fbb@group-18FD8D7BCBA2-SegmentedRaftLogWorker: Starting segment from index:0
2019-09-25 12:11:17,393 [0a02233c-b430-4ef8-86f7-62573cff9fbb@group-18FD8D7BCBA2:LeaderElection3] INFO  impl.RaftServerImpl (ServerState.java:setRaftConf(354)) - 0a02233c-b430-4ef8-86f7-62573cff9fbb@group-18FD8D7BCBA2: set configuration 0: [0a02233c-b430-4ef8-86f7-62573cff9fbb:192.168.151.73:43494], old=null at 0
2019-09-25 12:11:17,429 [Thread-192] INFO  impl.FollowerState (FollowerState.java:run(106)) - 0a02233c-b430-4ef8-86f7-62573cff9fbb:group-E4DF514C08D2 changes to CANDIDATE, lastRpcTime:5148, electionTimeout:5142ms
2019-09-25 12:11:17,429 [Thread-189] INFO  impl.FollowerState (FollowerState.java:run(106)) - 95841f60-59cb-43d2-bb49-deb4a2468360:group-EFCBE039F268 changes to CANDIDATE, lastRpcTime:5228, electionTimeout:5193ms
2019-09-25 12:11:17,429 [Thread-192] INFO  impl.RoleInfo (RoleInfo.java:shutdownFollowerState(121)) - 0a02233c-b430-4ef8-86f7-62573cff9fbb: shutdown FollowerState
2019-09-25 12:11:17,430 [Thread-189] INFO  impl.RoleInfo (RoleInfo.java:shutdownFollowerState(121)) - 95841f60-59cb-43d2-bb49-deb4a2468360: shutdown FollowerState
2019-09-25 12:11:17,430 [Thread-192] INFO  impl.RaftServerImpl (RaftServerImpl.java:setRole(174)) - 0a02233c-b430-4ef8-86f7-62573cff9fbb@group-E4DF514C08D2: changes role from  FOLLOWER to CANDIDATE at term 0 for changeToCandidate
2019-09-25 12:11:17,430 [Thread-189] INFO  impl.RaftServerImpl (RaftServerImpl.java:setRole(174)) - 95841f60-59cb-43d2-bb49-deb4a2468360@group-EFCBE039F268: changes role from  FOLLOWER to CANDIDATE at term 0 for changeToCandidate
2019-09-25 12:11:17,430 [Thread-192] INFO  impl.RoleInfo (RoleInfo.java:updateAndGet(143)) - 0a02233c-b430-4ef8-86f7-62573cff9fbb: start LeaderElection
2019-09-25 12:11:17,430 [Thread-189] INFO  impl.RoleInfo (RoleInfo.java:updateAndGet(143)) - 95841f60-59cb-43d2-bb49-deb4a2468360: start LeaderElection
2019-09-25 12:11:17,444 [0a02233c-b430-4ef8-86f7-62573cff9fbb@group-18FD8D7BCBA2-SegmentedRaftLogWorker] INFO  segmented.SegmentedRaftLogWorker (SegmentedRaftLogWorker.java:execute(569)) - 0a02233c-b430-4ef8-86f7-62573cff9fbb@group-18FD8D7BCBA2-SegmentedRaftLogWorker: created new log segment /workdir/hadoop-ozone/integration-test/target/test-dir/MiniOzoneClusterImpl-14adbd36-3f13-49d9-943b-28fb447cae9b/datanode-1/data/ratis/5c4cabc4-f57d-4ab7-8325-18fd8d7bcba2/current/log_inprogress_0
2019-09-25 12:11:17,444 [0a02233c-b430-4ef8-86f7-62573cff9fbb@group-E4DF514C08D2:LeaderElection4] INFO  impl.LeaderElection (LeaderElection.java:askForVotes(182)) - 0a02233c-b430-4ef8-86f7-62573cff9fbb@group-E4DF514C08D2:LeaderElection4: begin an election at term 1 for -1: [0a02233c-b430-4ef8-86f7-62573cff9fbb:192.168.151.73:43494], old=null
2019-09-25 12:11:17,444 [95841f60-59cb-43d2-bb49-deb4a2468360@group-EFCBE039F268:LeaderElection5] INFO  impl.LeaderElection (LeaderElection.java:askForVotes(182)) - 95841f60-59cb-43d2-bb49-deb4a2468360@group-EFCBE039F268:LeaderElection5: begin an election at term 1 for -1: [95841f60-59cb-43d2-bb49-deb4a2468360:192.168.151.73:42020], old=null
2019-09-25 12:11:17,444 [0a02233c-b430-4ef8-86f7-62573cff9fbb@group-E4DF514C08D2:LeaderElection4] INFO  impl.RoleInfo (RoleInfo.java:shutdownLeaderElection(134)) - 0a02233c-b430-4ef8-86f7-62573cff9fbb: shutdown LeaderElection
2019-09-25 12:11:17,444 [95841f60-59cb-43d2-bb49-deb4a2468360@group-EFCBE039F268:LeaderElection5] INFO  impl.RoleInfo (RoleInfo.java:shutdownLeaderElection(134)) - 95841f60-59cb-43d2-bb49-deb4a2468360: shutdown LeaderElection
2019-09-25 12:11:17,444 [0a02233c-b430-4ef8-86f7-62573cff9fbb@group-E4DF514C08D2:LeaderElection4] INFO  impl.RaftServerImpl (RaftServerImpl.java:setRole(174)) - 0a02233c-b430-4ef8-86f7-62573cff9fbb@group-E4DF514C08D2: changes role from CANDIDATE to LEADER at term 1 for changeToLeader
2019-09-25 12:11:17,444 [95841f60-59cb-43d2-bb49-deb4a2468360@group-EFCBE039F268:LeaderElection5] INFO  impl.RaftServerImpl (RaftServerImpl.java:setRole(174)) - 95841f60-59cb-43d2-bb49-deb4a2468360@group-EFCBE039F268: changes role from CANDIDATE to LEADER at term 1 for changeToLeader
2019-09-25 12:11:17,444 [0a02233c-b430-4ef8-86f7-62573cff9fbb@group-E4DF514C08D2:LeaderElection4] INFO  impl.RaftServerImpl (ServerState.java:setLeader(253)) - 0a02233c-b430-4ef8-86f7-62573cff9fbb@group-E4DF514C08D2: change Leader from null to 0a02233c-b430-4ef8-86f7-62573cff9fbb at term 1 for becomeLeader, leader elected after 5178ms
2019-09-25 12:11:17,445 [95841f60-59cb-43d2-bb49-deb4a2468360@group-EFCBE039F268:LeaderElection5] INFO  impl.RaftServerImpl (ServerState.java:setLeader(253)) - 95841f60-59cb-43d2-bb49-deb4a2468360@group-EFCBE039F268: change Leader from null to 95841f60-59cb-43d2-bb49-deb4a2468360 at term 1 for becomeLeader, leader elected after 5276ms
2019-09-25 12:11:17,445 [0a02233c-b430-4ef8-86f7-62573cff9fbb@group-E4DF514C08D2:LeaderElection4] INFO  server.RaftServerConfigKeys (ConfUtils.java:logGet(43)) - raft.server.staging.catchup.gap = 1000 (default)
2019-09-25 12:11:17,445 [95841f60-59cb-43d2-bb49-deb4a2468360@group-EFCBE039F268:LeaderElection5] INFO  server.RaftServerConfigKeys (ConfUtils.java:logGet(43)) - raft.server.staging.catchup.gap = 1000 (default)
2019-09-25 12:11:17,445 [0a02233c-b430-4ef8-86f7-62573cff9fbb@group-E4DF514C08D2:LeaderElection4] INFO  server.RaftServerConfigKeys (ConfUtils.java:logGet(43)) - raft.server.rpc.sleep.time = 25ms (default)
2019-09-25 12:11:17,445 [95841f60-59cb-43d2-bb49-deb4a2468360@group-EFCBE039F268:LeaderElection5] INFO  server.RaftServerConfigKeys (ConfUtils.java:logGet(43)) - raft.server.rpc.sleep.time = 25ms (default)
2019-09-25 12:11:17,446 [0a02233c-b430-4ef8-86f7-62573cff9fbb@group-E4DF514C08D2:LeaderElection4] INFO  server.RaftServerConfigKeys (ConfUtils.java:logGet(43)) - raft.server.write.element-limit = 4096 (default)
2019-09-25 12:11:17,446 [95841f60-59cb-43d2-bb49-deb4a2468360@group-EFCBE039F268:LeaderElection5] INFO  server.RaftServerConfigKeys (ConfUtils.java:logGet(43)) - raft.server.write.element-limit = 4096 (default)
2019-09-25 12:11:17,446 [0a02233c-b430-4ef8-86f7-62573cff9fbb@group-E4DF514C08D2:LeaderElection4] INFO  server.RaftServerConfigKeys (ConfUtils.java:logGet(43)) - raft.server.watch.timeout = 10s (default)
2019-09-25 12:11:17,446 [95841f60-59cb-43d2-bb49-deb4a2468360@group-EFCBE039F268:LeaderElection5] INFO  server.RaftServerConfigKeys (ConfUtils.java:logGet(43)) - raft.server.watch.timeout = 10s (default)
2019-09-25 12:11:17,446 [0a02233c-b430-4ef8-86f7-62573cff9fbb@group-E4DF514C08D2:LeaderElection4] INFO  server.RaftServerConfigKeys (ConfUtils.java:logGet(43)) - raft.server.watch.timeout.denomination = 1s (default)
2019-09-25 12:11:17,446 [95841f60-59cb-43d2-bb49-deb4a2468360@group-EFCBE039F268:LeaderElection5] INFO  server.RaftServerConfigKeys (ConfUtils.java:logGet(43)) - raft.server.watch.timeout.denomination = 1s (default)
2019-09-25 12:11:17,446 [0a02233c-b430-4ef8-86f7-62573cff9fbb@group-E4DF514C08D2:LeaderElection4] INFO  server.RaftServerConfigKeys (ConfUtils.java:logGet(43)) - raft.server.watch.element-limit = 65536 (default)
2019-09-25 12:11:17,447 [95841f60-59cb-43d2-bb49-deb4a2468360@group-EFCBE039F268:LeaderElection5] INFO  server.RaftServerConfigKeys (ConfUtils.java:logGet(43)) - raft.server.watch.element-limit = 65536 (default)
2019-09-25 12:11:17,451 [95841f60-59cb-43d2-bb49-deb4a2468360@group-EFCBE039F268:LeaderElection5] INFO  impl.RoleInfo (RoleInfo.java:updateAndGet(143)) - 95841f60-59cb-43d2-bb49-deb4a2468360: start LeaderState
2019-09-25 12:11:17,451 [0a02233c-b430-4ef8-86f7-62573cff9fbb@group-E4DF514C08D2:LeaderElection4] INFO  impl.RoleInfo (RoleInfo.java:updateAndGet(143)) - 0a02233c-b430-4ef8-86f7-62573cff9fbb: start LeaderState
2019-09-25 12:11:17,451 [95841f60-59cb-43d2-bb49-deb4a2468360@group-EFCBE039F268:LeaderElection5] INFO  segmented.SegmentedRaftLogWorker (SegmentedRaftLogWorker.java:startLogSegment(380)) - 95841f60-59cb-43d2-bb49-deb4a2468360@group-EFCBE039F268-SegmentedRaftLogWorker: Starting segment from index:0
2019-09-25 12:11:17,452 [0a02233c-b430-4ef8-86f7-62573cff9fbb@group-E4DF514C08D2:LeaderElection4] INFO  segmented.SegmentedRaftLogWorker (SegmentedRaftLogWorker.java:startLogSegment(380)) - 0a02233c-b430-4ef8-86f7-62573cff9fbb@group-E4DF514C08D2-SegmentedRaftLogWorker: Starting segment from index:0
2019-09-25 12:11:17,452 [95841f60-59cb-43d2-bb49-deb4a2468360@group-EFCBE039F268:LeaderElection5] INFO  impl.RaftServerImpl (ServerState.java:setRaftConf(354)) - 95841f60-59cb-43d2-bb49-deb4a2468360@group-EFCBE039F268: set configuration 0: [95841f60-59cb-43d2-bb49-deb4a2468360:192.168.151.73:42020], old=null at 0
2019-09-25 12:11:17,452 [0a02233c-b430-4ef8-86f7-62573cff9fbb@group-E4DF514C08D2:LeaderElection4] INFO  impl.RaftServerImpl (ServerState.java:setRaftConf(354)) - 0a02233c-b430-4ef8-86f7-62573cff9fbb@group-E4DF514C08D2: set configuration 0: [0a02233c-b430-4ef8-86f7-62573cff9fbb:192.168.151.73:43494], old=null at 0
2019-09-25 12:11:17,501 [0a02233c-b430-4ef8-86f7-62573cff9fbb@group-E4DF514C08D2-SegmentedRaftLogWorker] INFO  segmented.SegmentedRaftLogWorker (SegmentedRaftLogWorker.java:execute(569)) - 0a02233c-b430-4ef8-86f7-62573cff9fbb@group-E4DF514C08D2-SegmentedRaftLogWorker: created new log segment /workdir/hadoop-ozone/integration-test/target/test-dir/MiniOzoneClusterImpl-14adbd36-3f13-49d9-943b-28fb447cae9b/datanode-1/data/ratis/d6c89d16-9273-4421-99ec-e4df514c08d2/current/log_inprogress_0
2019-09-25 12:11:17,501 [95841f60-59cb-43d2-bb49-deb4a2468360@group-EFCBE039F268-SegmentedRaftLogWorker] INFO  segmented.SegmentedRaftLogWorker (SegmentedRaftLogWorker.java:execute(569)) - 95841f60-59cb-43d2-bb49-deb4a2468360@group-EFCBE039F268-SegmentedRaftLogWorker: created new log segment /workdir/hadoop-ozone/integration-test/target/test-dir/MiniOzoneClusterImpl-14adbd36-3f13-49d9-943b-28fb447cae9b/datanode-0/data/ratis/bc97fa71-944d-4940-9fec-efcbe039f268/current/log_inprogress_0
2019-09-25 12:11:17,609 [Thread-198] INFO  impl.FollowerState (FollowerState.java:run(106)) - 0a02233c-b430-4ef8-86f7-62573cff9fbb:group-4E070500CD62 changes to CANDIDATE, lastRpcTime:5198, electionTimeout:5198ms
2019-09-25 12:11:17,609 [Thread-198] INFO  impl.RoleInfo (RoleInfo.java:shutdownFollowerState(121)) - 0a02233c-b430-4ef8-86f7-62573cff9fbb: shutdown FollowerState
2019-09-25 12:11:17,609 [Thread-198] INFO  impl.RaftServerImpl (RaftServerImpl.java:setRole(174)) - 0a02233c-b430-4ef8-86f7-62573cff9fbb@group-4E070500CD62: changes role from  FOLLOWER to CANDIDATE at term 0 for changeToCandidate
2019-09-25 12:11:17,610 [Thread-198] INFO  impl.RoleInfo (RoleInfo.java:updateAndGet(143)) - 0a02233c-b430-4ef8-86f7-62573cff9fbb: start LeaderElection
2019-09-25 12:11:17,625 [0a02233c-b430-4ef8-86f7-62573cff9fbb@group-4E070500CD62:LeaderElection6] INFO  impl.LeaderElection (LeaderElection.java:askForVotes(182)) - 0a02233c-b430-4ef8-86f7-62573cff9fbb@group-4E070500CD62:LeaderElection6: begin an election at term 1 for -1: [0a02233c-b430-4ef8-86f7-62573cff9fbb:192.168.151.73:43494], old=null
2019-09-25 12:11:17,625 [0a02233c-b430-4ef8-86f7-62573cff9fbb@group-4E070500CD62:LeaderElection6] INFO  impl.RoleInfo (RoleInfo.java:shutdownLeaderElection(134)) - 0a02233c-b430-4ef8-86f7-62573cff9fbb: shutdown LeaderElection
2019-09-25 12:11:17,625 [0a02233c-b430-4ef8-86f7-62573cff9fbb@group-4E070500CD62:LeaderElection6] INFO  impl.RaftServerImpl (RaftServerImpl.java:setRole(174)) - 0a02233c-b430-4ef8-86f7-62573cff9fbb@group-4E070500CD62: changes role from CANDIDATE to LEADER at term 1 for changeToLeader
2019-09-25 12:11:17,626 [0a02233c-b430-4ef8-86f7-62573cff9fbb@group-4E070500CD62:LeaderElection6] INFO  impl.RaftServerImpl (ServerState.java:setLeader(253)) - 0a02233c-b430-4ef8-86f7-62573cff9fbb@group-4E070500CD62: change Leader from null to 0a02233c-b430-4ef8-86f7-62573cff9fbb at term 1 for becomeLeader, leader elected after 5222ms
2019-09-25 12:11:17,626 [0a02233c-b430-4ef8-86f7-62573cff9fbb@group-4E070500CD62:LeaderElection6] INFO  server.RaftServerConfigKeys (ConfUtils.java:logGet(43)) - raft.server.staging.catchup.gap = 1000 (default)
2019-09-25 12:11:17,626 [0a02233c-b430-4ef8-86f7-62573cff9fbb@group-4E070500CD62:LeaderElection6] INFO  server.RaftServerConfigKeys (ConfUtils.java:logGet(43)) - raft.server.rpc.sleep.time = 25ms (default)
2019-09-25 12:11:17,626 [0a02233c-b430-4ef8-86f7-62573cff9fbb@group-4E070500CD62:LeaderElection6] INFO  server.RaftServerConfigKeys (ConfUtils.java:logGet(43)) - raft.server.write.element-limit = 4096 (default)
2019-09-25 12:11:17,626 [0a02233c-b430-4ef8-86f7-62573cff9fbb@group-4E070500CD62:LeaderElection6] INFO  server.RaftServerConfigKeys (ConfUtils.java:logGet(43)) - raft.server.watch.timeout = 10s (default)
2019-09-25 12:11:17,626 [0a02233c-b430-4ef8-86f7-62573cff9fbb@group-4E070500CD62:LeaderElection6] INFO  server.RaftServerConfigKeys (ConfUtils.java:logGet(43)) - raft.server.watch.timeout.denomination = 1s (default)
2019-09-25 12:11:17,627 [0a02233c-b430-4ef8-86f7-62573cff9fbb@group-4E070500CD62:LeaderElection6] INFO  server.RaftServerConfigKeys (ConfUtils.java:logGet(43)) - raft.server.watch.element-limit = 65536 (default)
2019-09-25 12:11:17,629 [0a02233c-b430-4ef8-86f7-62573cff9fbb@group-4E070500CD62:LeaderElection6] INFO  impl.RoleInfo (RoleInfo.java:updateAndGet(143)) - 0a02233c-b430-4ef8-86f7-62573cff9fbb: start LeaderState
2019-09-25 12:11:17,630 [0a02233c-b430-4ef8-86f7-62573cff9fbb@group-4E070500CD62:LeaderElection6] INFO  segmented.SegmentedRaftLogWorker (SegmentedRaftLogWorker.java:startLogSegment(380)) - 0a02233c-b430-4ef8-86f7-62573cff9fbb@group-4E070500CD62-SegmentedRaftLogWorker: Starting segment from index:0
2019-09-25 12:11:17,630 [0a02233c-b430-4ef8-86f7-62573cff9fbb@group-4E070500CD62:LeaderElection6] INFO  impl.RaftServerImpl (ServerState.java:setRaftConf(354)) - 0a02233c-b430-4ef8-86f7-62573cff9fbb@group-4E070500CD62: set configuration 0: [0a02233c-b430-4ef8-86f7-62573cff9fbb:192.168.151.73:43494], old=null at 0
2019-09-25 12:11:17,664 [Thread-201] INFO  impl.FollowerState (FollowerState.java:run(106)) - fec2f942-0387-4b01-b39b-3d25a3fbff72:group-5DDEEE7DEEEF changes to CANDIDATE, lastRpcTime:5178, electionTimeout:5176ms
2019-09-25 12:11:17,665 [Thread-201] INFO  impl.RoleInfo (RoleInfo.java:shutdownFollowerState(121)) - fec2f942-0387-4b01-b39b-3d25a3fbff72: shutdown FollowerState
2019-09-25 12:11:17,665 [Thread-201] INFO  impl.RaftServerImpl (RaftServerImpl.java:setRole(174)) - fec2f942-0387-4b01-b39b-3d25a3fbff72@group-5DDEEE7DEEEF: changes role from  FOLLOWER to CANDIDATE at term 0 for changeToCandidate
2019-09-25 12:11:17,665 [Thread-201] INFO  impl.RoleInfo (RoleInfo.java:updateAndGet(143)) - fec2f942-0387-4b01-b39b-3d25a3fbff72: start LeaderElection
2019-09-25 12:11:17,689 [0a02233c-b430-4ef8-86f7-62573cff9fbb@group-4E070500CD62-SegmentedRaftLogWorker] INFO  segmented.SegmentedRaftLogWorker (SegmentedRaftLogWorker.java:execute(569)) - 0a02233c-b430-4ef8-86f7-62573cff9fbb@group-4E070500CD62-SegmentedRaftLogWorker: created new log segment /workdir/hadoop-ozone/integration-test/target/test-dir/MiniOzoneClusterImpl-14adbd36-3f13-49d9-943b-28fb447cae9b/datanode-1/data/ratis/dcb42115-57b9-4abd-b581-4e070500cd62/current/log_inprogress_0
2019-09-25 12:11:17,690 [fec2f942-0387-4b01-b39b-3d25a3fbff72@group-5DDEEE7DEEEF:LeaderElection7] INFO  impl.LeaderElection (LeaderElection.java:askForVotes(182)) - fec2f942-0387-4b01-b39b-3d25a3fbff72@group-5DDEEE7DEEEF:LeaderElection7: begin an election at term 1 for -1: [fec2f942-0387-4b01-b39b-3d25a3fbff72:192.168.151.73:45222], old=null
2019-09-25 12:11:17,690 [fec2f942-0387-4b01-b39b-3d25a3fbff72@group-5DDEEE7DEEEF:LeaderElection7] INFO  impl.RoleInfo (RoleInfo.java:shutdownLeaderElection(134)) - fec2f942-0387-4b01-b39b-3d25a3fbff72: shutdown LeaderElection
2019-09-25 12:11:17,690 [fec2f942-0387-4b01-b39b-3d25a3fbff72@group-5DDEEE7DEEEF:LeaderElection7] INFO  impl.RaftServerImpl (RaftServerImpl.java:setRole(174)) - fec2f942-0387-4b01-b39b-3d25a3fbff72@group-5DDEEE7DEEEF: changes role from CANDIDATE to LEADER at term 1 for changeToLeader
2019-09-25 12:11:17,690 [fec2f942-0387-4b01-b39b-3d25a3fbff72@group-5DDEEE7DEEEF:LeaderElection7] INFO  impl.RaftServerImpl (ServerState.java:setLeader(253)) - fec2f942-0387-4b01-b39b-3d25a3fbff72@group-5DDEEE7DEEEF: change Leader from null to fec2f942-0387-4b01-b39b-3d25a3fbff72 at term 1 for becomeLeader, leader elected after 5218ms
2019-09-25 12:11:17,690 [fec2f942-0387-4b01-b39b-3d25a3fbff72@group-5DDEEE7DEEEF:LeaderElection7] INFO  server.RaftServerConfigKeys (ConfUtils.java:logGet(43)) - raft.server.staging.catchup.gap = 1000 (default)
2019-09-25 12:11:17,691 [fec2f942-0387-4b01-b39b-3d25a3fbff72@group-5DDEEE7DEEEF:LeaderElection7] INFO  server.RaftServerConfigKeys (ConfUtils.java:logGet(43)) - raft.server.rpc.sleep.time = 25ms (default)
2019-09-25 12:11:17,691 [fec2f942-0387-4b01-b39b-3d25a3fbff72@group-5DDEEE7DEEEF:LeaderElection7] INFO  server.RaftServerConfigKeys (ConfUtils.java:logGet(43)) - raft.server.write.element-limit = 4096 (default)
2019-09-25 12:11:17,691 [fec2f942-0387-4b01-b39b-3d25a3fbff72@group-5DDEEE7DEEEF:LeaderElection7] INFO  server.RaftServerConfigKeys (ConfUtils.java:logGet(43)) - raft.server.watch.timeout = 10s (default)
2019-09-25 12:11:17,691 [fec2f942-0387-4b01-b39b-3d25a3fbff72@group-5DDEEE7DEEEF:LeaderElection7] INFO  server.RaftServerConfigKeys (ConfUtils.java:logGet(43)) - raft.server.watch.timeout.denomination = 1s (default)
2019-09-25 12:11:17,691 [fec2f942-0387-4b01-b39b-3d25a3fbff72@group-5DDEEE7DEEEF:LeaderElection7] INFO  server.RaftServerConfigKeys (ConfUtils.java:logGet(43)) - raft.server.watch.element-limit = 65536 (default)
2019-09-25 12:11:17,694 [fec2f942-0387-4b01-b39b-3d25a3fbff72@group-5DDEEE7DEEEF:LeaderElection7] INFO  impl.RoleInfo (RoleInfo.java:updateAndGet(143)) - fec2f942-0387-4b01-b39b-3d25a3fbff72: start LeaderState
2019-09-25 12:11:17,695 [fec2f942-0387-4b01-b39b-3d25a3fbff72@group-5DDEEE7DEEEF:LeaderElection7] INFO  segmented.SegmentedRaftLogWorker (SegmentedRaftLogWorker.java:startLogSegment(380)) - fec2f942-0387-4b01-b39b-3d25a3fbff72@group-5DDEEE7DEEEF-SegmentedRaftLogWorker: Starting segment from index:0
2019-09-25 12:11:17,695 [fec2f942-0387-4b01-b39b-3d25a3fbff72@group-5DDEEE7DEEEF:LeaderElection7] INFO  impl.RaftServerImpl (ServerState.java:setRaftConf(354)) - fec2f942-0387-4b01-b39b-3d25a3fbff72@group-5DDEEE7DEEEF: set configuration 0: [fec2f942-0387-4b01-b39b-3d25a3fbff72:192.168.151.73:45222], old=null at 0
2019-09-25 12:11:17,728 [Thread-204] INFO  impl.FollowerState (FollowerState.java:run(106)) - 0a02233c-b430-4ef8-86f7-62573cff9fbb:group-899D657C856A changes to CANDIDATE, lastRpcTime:5175, electionTimeout:5159ms
2019-09-25 12:11:17,728 [Thread-207] INFO  impl.FollowerState (FollowerState.java:run(106)) - 0a02233c-b430-4ef8-86f7-62573cff9fbb:group-1219E2FFF721 changes to CANDIDATE, lastRpcTime:5117, electionTimeout:5088ms
2019-09-25 12:11:17,729 [Thread-204] INFO  impl.RoleInfo (RoleInfo.java:shutdownFollowerState(121)) - 0a02233c-b430-4ef8-86f7-62573cff9fbb: shutdown FollowerState
2019-09-25 12:11:17,729 [Thread-207] INFO  impl.RoleInfo (RoleInfo.java:shutdownFollowerState(121)) - 0a02233c-b430-4ef8-86f7-62573cff9fbb: shutdown FollowerState
2019-09-25 12:11:17,729 [Thread-204] INFO  impl.RaftServerImpl (RaftServerImpl.java:setRole(174)) - 0a02233c-b430-4ef8-86f7-62573cff9fbb@group-899D657C856A: changes role from  FOLLOWER to CANDIDATE at term 0 for changeToCandidate
2019-09-25 12:11:17,729 [Thread-207] INFO  impl.RaftServerImpl (RaftServerImpl.java:setRole(174)) - 0a02233c-b430-4ef8-86f7-62573cff9fbb@group-1219E2FFF721: changes role from  FOLLOWER to CANDIDATE at term 0 for changeToCandidate
2019-09-25 12:11:17,729 [Thread-204] INFO  impl.RoleInfo (RoleInfo.java:updateAndGet(143)) - 0a02233c-b430-4ef8-86f7-62573cff9fbb: start LeaderElection
2019-09-25 12:11:17,729 [Thread-207] INFO  impl.RoleInfo (RoleInfo.java:updateAndGet(143)) - 0a02233c-b430-4ef8-86f7-62573cff9fbb: start LeaderElection
2019-09-25 12:11:17,741 [fec2f942-0387-4b01-b39b-3d25a3fbff72@group-5DDEEE7DEEEF-SegmentedRaftLogWorker] INFO  segmented.SegmentedRaftLogWorker (SegmentedRaftLogWorker.java:execute(569)) - fec2f942-0387-4b01-b39b-3d25a3fbff72@group-5DDEEE7DEEEF-SegmentedRaftLogWorker: created new log segment /workdir/hadoop-ozone/integration-test/target/test-dir/MiniOzoneClusterImpl-14adbd36-3f13-49d9-943b-28fb447cae9b/datanode-2/data/ratis/1f03891a-71f2-41cf-931f-5ddeee7deeef/current/log_inprogress_0
2019-09-25 12:11:17,741 [0a02233c-b430-4ef8-86f7-62573cff9fbb@group-1219E2FFF721:LeaderElection9] INFO  impl.LeaderElection (LeaderElection.java:askForVotes(182)) - 0a02233c-b430-4ef8-86f7-62573cff9fbb@group-1219E2FFF721:LeaderElection9: begin an election at term 1 for -1: [0a02233c-b430-4ef8-86f7-62573cff9fbb:192.168.151.73:43494], old=null
2019-09-25 12:11:17,742 [0a02233c-b430-4ef8-86f7-62573cff9fbb@group-899D657C856A:LeaderElection8] INFO  impl.LeaderElection (LeaderElection.java:askForVotes(182)) - 0a02233c-b430-4ef8-86f7-62573cff9fbb@group-899D657C856A:LeaderElection8: begin an election at term 1 for -1: [0a02233c-b430-4ef8-86f7-62573cff9fbb:192.168.151.73:43494], old=null
2019-09-25 12:11:17,742 [0a02233c-b430-4ef8-86f7-62573cff9fbb@group-1219E2FFF721:LeaderElection9] INFO  impl.RoleInfo (RoleInfo.java:shutdownLeaderElection(134)) - 0a02233c-b430-4ef8-86f7-62573cff9fbb: shutdown LeaderElection
2019-09-25 12:11:17,742 [0a02233c-b430-4ef8-86f7-62573cff9fbb@group-899D657C856A:LeaderElection8] INFO  impl.RoleInfo (RoleInfo.java:shutdownLeaderElection(134)) - 0a02233c-b430-4ef8-86f7-62573cff9fbb: shutdown LeaderElection
2019-09-25 12:11:17,742 [0a02233c-b430-4ef8-86f7-62573cff9fbb@group-1219E2FFF721:LeaderElection9] INFO  impl.RaftServerImpl (RaftServerImpl.java:setRole(174)) - 0a02233c-b430-4ef8-86f7-62573cff9fbb@group-1219E2FFF721: changes role from CANDIDATE to LEADER at term 1 for changeToLeader
2019-09-25 12:11:17,742 [0a02233c-b430-4ef8-86f7-62573cff9fbb@group-899D657C856A:LeaderElection8] INFO  impl.RaftServerImpl (RaftServerImpl.java:setRole(174)) - 0a02233c-b430-4ef8-86f7-62573cff9fbb@group-899D657C856A: changes role from CANDIDATE to LEADER at term 1 for changeToLeader
2019-09-25 12:11:17,742 [0a02233c-b430-4ef8-86f7-62573cff9fbb@group-1219E2FFF721:LeaderElection9] INFO  impl.RaftServerImpl (ServerState.java:setLeader(253)) - 0a02233c-b430-4ef8-86f7-62573cff9fbb@group-1219E2FFF721: change Leader from null to 0a02233c-b430-4ef8-86f7-62573cff9fbb at term 1 for becomeLeader, leader elected after 5137ms
2019-09-25 12:11:17,742 [0a02233c-b430-4ef8-86f7-62573cff9fbb@group-899D657C856A:LeaderElection8] INFO  impl.RaftServerImpl (ServerState.java:setLeader(253)) - 0a02233c-b430-4ef8-86f7-62573cff9fbb@group-899D657C856A: change Leader from null to 0a02233c-b430-4ef8-86f7-62573cff9fbb at term 1 for becomeLeader, leader elected after 5198ms
2019-09-25 12:11:17,742 [0a02233c-b430-4ef8-86f7-62573cff9fbb@group-1219E2FFF721:LeaderElection9] INFO  server.RaftServerConfigKeys (ConfUtils.java:logGet(43)) - raft.server.staging.catchup.gap = 1000 (default)
2019-09-25 12:11:17,743 [0a02233c-b430-4ef8-86f7-62573cff9fbb@group-899D657C856A:LeaderElection8] INFO  server.RaftServerConfigKeys (ConfUtils.java:logGet(43)) - raft.server.staging.catchup.gap = 1000 (default)
2019-09-25 12:11:17,743 [0a02233c-b430-4ef8-86f7-62573cff9fbb@group-1219E2FFF721:LeaderElection9] INFO  server.RaftServerConfigKeys (ConfUtils.java:logGet(43)) - raft.server.rpc.sleep.time = 25ms (default)
2019-09-25 12:11:17,743 [0a02233c-b430-4ef8-86f7-62573cff9fbb@group-899D657C856A:LeaderElection8] INFO  server.RaftServerConfigKeys (ConfUtils.java:logGet(43)) - raft.server.rpc.sleep.time = 25ms (default)
2019-09-25 12:11:17,743 [0a02233c-b430-4ef8-86f7-62573cff9fbb@group-1219E2FFF721:LeaderElection9] INFO  server.RaftServerConfigKeys (ConfUtils.java:logGet(43)) - raft.server.write.element-limit = 4096 (default)
2019-09-25 12:11:17,743 [0a02233c-b430-4ef8-86f7-62573cff9fbb@group-899D657C856A:LeaderElection8] INFO  server.RaftServerConfigKeys (ConfUtils.java:logGet(43)) - raft.server.write.element-limit = 4096 (default)
2019-09-25 12:11:17,743 [0a02233c-b430-4ef8-86f7-62573cff9fbb@group-1219E2FFF721:LeaderElection9] INFO  server.RaftServerConfigKeys (ConfUtils.java:logGet(43)) - raft.server.watch.timeout = 10s (default)
2019-09-25 12:11:17,743 [0a02233c-b430-4ef8-86f7-62573cff9fbb@group-899D657C856A:LeaderElection8] INFO  server.RaftServerConfigKeys (ConfUtils.java:logGet(43)) - raft.server.watch.timeout = 10s (default)
2019-09-25 12:11:17,743 [0a02233c-b430-4ef8-86f7-62573cff9fbb@group-1219E2FFF721:LeaderElection9] INFO  server.RaftServerConfigKeys (ConfUtils.java:logGet(43)) - raft.server.watch.timeout.denomination = 1s (default)
2019-09-25 12:11:17,744 [0a02233c-b430-4ef8-86f7-62573cff9fbb@group-899D657C856A:LeaderElection8] INFO  server.RaftServerConfigKeys (ConfUtils.java:logGet(43)) - raft.server.watch.timeout.denomination = 1s (default)
2019-09-25 12:11:17,744 [0a02233c-b430-4ef8-86f7-62573cff9fbb@group-1219E2FFF721:LeaderElection9] INFO  server.RaftServerConfigKeys (ConfUtils.java:logGet(43)) - raft.server.watch.element-limit = 65536 (default)
2019-09-25 12:11:17,744 [0a02233c-b430-4ef8-86f7-62573cff9fbb@group-899D657C856A:LeaderElection8] INFO  server.RaftServerConfigKeys (ConfUtils.java:logGet(43)) - raft.server.watch.element-limit = 65536 (default)
2019-09-25 12:11:17,745 [Thread-210] INFO  impl.FollowerState (FollowerState.java:run(106)) - 95841f60-59cb-43d2-bb49-deb4a2468360:group-80EA3D06DB62 changes to CANDIDATE, lastRpcTime:5062, electionTimeout:5062ms
2019-09-25 12:11:17,746 [Thread-210] INFO  impl.RoleInfo (RoleInfo.java:shutdownFollowerState(121)) - 95841f60-59cb-43d2-bb49-deb4a2468360: shutdown FollowerState
2019-09-25 12:11:17,746 [Thread-210] INFO  impl.RaftServerImpl (RaftServerImpl.java:setRole(174)) - 95841f60-59cb-43d2-bb49-deb4a2468360@group-80EA3D06DB62: changes role from  FOLLOWER to CANDIDATE at term 0 for changeToCandidate
2019-09-25 12:11:17,746 [Thread-210] INFO  impl.RoleInfo (RoleInfo.java:updateAndGet(143)) - 95841f60-59cb-43d2-bb49-deb4a2468360: start LeaderElection
2019-09-25 12:11:17,749 [0a02233c-b430-4ef8-86f7-62573cff9fbb@group-1219E2FFF721:LeaderElection9] INFO  impl.RoleInfo (RoleInfo.java:updateAndGet(143)) - 0a02233c-b430-4ef8-86f7-62573cff9fbb: start LeaderState
2019-09-25 12:11:17,749 [0a02233c-b430-4ef8-86f7-62573cff9fbb@group-1219E2FFF721:LeaderElection9] INFO  segmented.SegmentedRaftLogWorker (SegmentedRaftLogWorker.java:startLogSegment(380)) - 0a02233c-b430-4ef8-86f7-62573cff9fbb@group-1219E2FFF721-SegmentedRaftLogWorker: Starting segment from index:0
2019-09-25 12:11:17,749 [0a02233c-b430-4ef8-86f7-62573cff9fbb@group-899D657C856A:LeaderElection8] INFO  impl.RoleInfo (RoleInfo.java:updateAndGet(143)) - 0a02233c-b430-4ef8-86f7-62573cff9fbb: start LeaderState
2019-09-25 12:11:17,749 [0a02233c-b430-4ef8-86f7-62573cff9fbb@group-1219E2FFF721:LeaderElection9] INFO  impl.RaftServerImpl (ServerState.java:setRaftConf(354)) - 0a02233c-b430-4ef8-86f7-62573cff9fbb@group-1219E2FFF721: set configuration 0: [0a02233c-b430-4ef8-86f7-62573cff9fbb:192.168.151.73:43494], old=null at 0
2019-09-25 12:11:17,784 [0a02233c-b430-4ef8-86f7-62573cff9fbb@group-899D657C856A:LeaderElection8] INFO  segmented.SegmentedRaftLogWorker (SegmentedRaftLogWorker.java:startLogSegment(380)) - 0a02233c-b430-4ef8-86f7-62573cff9fbb@group-899D657C856A-SegmentedRaftLogWorker: Starting segment from index:0
2019-09-25 12:11:17,784 [95841f60-59cb-43d2-bb49-deb4a2468360@group-80EA3D06DB62:LeaderElection10] INFO  impl.LeaderElection (LeaderElection.java:askForVotes(182)) - 95841f60-59cb-43d2-bb49-deb4a2468360@group-80EA3D06DB62:LeaderElection10: begin an election at term 1 for -1: [95841f60-59cb-43d2-bb49-deb4a2468360:192.168.151.73:42020], old=null
2019-09-25 12:11:17,784 [95841f60-59cb-43d2-bb49-deb4a2468360@group-80EA3D06DB62:LeaderElection10] INFO  impl.RoleInfo (RoleInfo.java:shutdownLeaderElection(134)) - 95841f60-59cb-43d2-bb49-deb4a2468360: shutdown LeaderElection
2019-09-25 12:11:17,785 [95841f60-59cb-43d2-bb49-deb4a2468360@group-80EA3D06DB62:LeaderElection10] INFO  impl.RaftServerImpl (RaftServerImpl.java:setRole(174)) - 95841f60-59cb-43d2-bb49-deb4a2468360@group-80EA3D06DB62: changes role from CANDIDATE to LEADER at term 1 for changeToLeader
2019-09-25 12:11:17,785 [95841f60-59cb-43d2-bb49-deb4a2468360@group-80EA3D06DB62:LeaderElection10] INFO  impl.RaftServerImpl (ServerState.java:setLeader(253)) - 95841f60-59cb-43d2-bb49-deb4a2468360@group-80EA3D06DB62: change Leader from null to 95841f60-59cb-43d2-bb49-deb4a2468360 at term 1 for becomeLeader, leader elected after 5109ms
2019-09-25 12:11:17,785 [0a02233c-b430-4ef8-86f7-62573cff9fbb@group-899D657C856A:LeaderElection8] INFO  impl.RaftServerImpl (ServerState.java:setRaftConf(354)) - 0a02233c-b430-4ef8-86f7-62573cff9fbb@group-899D657C856A: set configuration 0: [0a02233c-b430-4ef8-86f7-62573cff9fbb:192.168.151.73:43494], old=null at 0
2019-09-25 12:11:17,785 [95841f60-59cb-43d2-bb49-deb4a2468360@group-80EA3D06DB62:LeaderElection10] INFO  server.RaftServerConfigKeys (ConfUtils.java:logGet(43)) - raft.server.staging.catchup.gap = 1000 (default)
2019-09-25 12:11:17,812 [0a02233c-b430-4ef8-86f7-62573cff9fbb@group-1219E2FFF721-SegmentedRaftLogWorker] INFO  segmented.SegmentedRaftLogWorker (SegmentedRaftLogWorker.java:execute(569)) - 0a02233c-b430-4ef8-86f7-62573cff9fbb@group-1219E2FFF721-SegmentedRaftLogWorker: created new log segment /workdir/hadoop-ozone/integration-test/target/test-dir/MiniOzoneClusterImpl-14adbd36-3f13-49d9-943b-28fb447cae9b/datanode-1/data/ratis/4c6a8633-7d16-4d85-b318-1219e2fff721/current/log_inprogress_0
2019-09-25 12:11:17,815 [95841f60-59cb-43d2-bb49-deb4a2468360@group-80EA3D06DB62:LeaderElection10] INFO  server.RaftServerConfigKeys (ConfUtils.java:logGet(43)) - raft.server.rpc.sleep.time = 25ms (default)
2019-09-25 12:11:17,815 [95841f60-59cb-43d2-bb49-deb4a2468360@group-80EA3D06DB62:LeaderElection10] INFO  server.RaftServerConfigKeys (ConfUtils.java:logGet(43)) - raft.server.write.element-limit = 4096 (default)
2019-09-25 12:11:17,816 [95841f60-59cb-43d2-bb49-deb4a2468360@group-80EA3D06DB62:LeaderElection10] INFO  server.RaftServerConfigKeys (ConfUtils.java:logGet(43)) - raft.server.watch.timeout = 10s (default)
2019-09-25 12:11:17,816 [95841f60-59cb-43d2-bb49-deb4a2468360@group-80EA3D06DB62:LeaderElection10] INFO  server.RaftServerConfigKeys (ConfUtils.java:logGet(43)) - raft.server.watch.timeout.denomination = 1s (default)
2019-09-25 12:11:17,816 [95841f60-59cb-43d2-bb49-deb4a2468360@group-80EA3D06DB62:LeaderElection10] INFO  server.RaftServerConfigKeys (ConfUtils.java:logGet(43)) - raft.server.watch.element-limit = 65536 (default)
2019-09-25 12:11:17,819 [95841f60-59cb-43d2-bb49-deb4a2468360@group-80EA3D06DB62:LeaderElection10] INFO  impl.RoleInfo (RoleInfo.java:updateAndGet(143)) - 95841f60-59cb-43d2-bb49-deb4a2468360: start LeaderState
2019-09-25 12:11:17,819 [95841f60-59cb-43d2-bb49-deb4a2468360@group-80EA3D06DB62:LeaderElection10] INFO  segmented.SegmentedRaftLogWorker (SegmentedRaftLogWorker.java:startLogSegment(380)) - 95841f60-59cb-43d2-bb49-deb4a2468360@group-80EA3D06DB62-SegmentedRaftLogWorker: Starting segment from index:0
2019-09-25 12:11:17,820 [95841f60-59cb-43d2-bb49-deb4a2468360@group-80EA3D06DB62:LeaderElection10] INFO  impl.RaftServerImpl (ServerState.java:setRaftConf(354)) - 95841f60-59cb-43d2-bb49-deb4a2468360@group-80EA3D06DB62: set configuration 0: [95841f60-59cb-43d2-bb49-deb4a2468360:192.168.151.73:42020], old=null at 0
2019-09-25 12:11:17,847 [0a02233c-b430-4ef8-86f7-62573cff9fbb@group-899D657C856A-SegmentedRaftLogWorker] INFO  segmented.SegmentedRaftLogWorker (SegmentedRaftLogWorker.java:execute(569)) - 0a02233c-b430-4ef8-86f7-62573cff9fbb@group-899D657C856A-SegmentedRaftLogWorker: created new log segment /workdir/hadoop-ozone/integration-test/target/test-dir/MiniOzoneClusterImpl-14adbd36-3f13-49d9-943b-28fb447cae9b/datanode-1/data/ratis/967f3504-66ce-40bf-906a-899d657c856a/current/log_inprogress_0
2019-09-25 12:11:17,870 [95841f60-59cb-43d2-bb49-deb4a2468360@group-80EA3D06DB62-SegmentedRaftLogWorker] INFO  segmented.SegmentedRaftLogWorker (SegmentedRaftLogWorker.java:execute(569)) - 95841f60-59cb-43d2-bb49-deb4a2468360@group-80EA3D06DB62-SegmentedRaftLogWorker: created new log segment /workdir/hadoop-ozone/integration-test/target/test-dir/MiniOzoneClusterImpl-14adbd36-3f13-49d9-943b-28fb447cae9b/datanode-0/data/ratis/5bbab869-4c87-47dc-b7a6-80ea3d06db62/current/log_inprogress_0
2019-09-25 12:11:17,902 [Thread-213] INFO  impl.FollowerState (FollowerState.java:run(106)) - fec2f942-0387-4b01-b39b-3d25a3fbff72:group-4F36338CCC50 changes to CANDIDATE, lastRpcTime:5158, electionTimeout:5158ms
2019-09-25 12:11:17,902 [Thread-213] INFO  impl.RoleInfo (RoleInfo.java:shutdownFollowerState(121)) - fec2f942-0387-4b01-b39b-3d25a3fbff72: shutdown FollowerState
2019-09-25 12:11:17,902 [Thread-213] INFO  impl.RaftServerImpl (RaftServerImpl.java:setRole(174)) - fec2f942-0387-4b01-b39b-3d25a3fbff72@group-4F36338CCC50: changes role from  FOLLOWER to CANDIDATE at term 0 for changeToCandidate
2019-09-25 12:11:17,903 [Thread-213] INFO  impl.RoleInfo (RoleInfo.java:updateAndGet(143)) - fec2f942-0387-4b01-b39b-3d25a3fbff72: start LeaderElection
2019-09-25 12:11:17,919 [fec2f942-0387-4b01-b39b-3d25a3fbff72@group-4F36338CCC50:LeaderElection11] INFO  impl.LeaderElection (LeaderElection.java:askForVotes(182)) - fec2f942-0387-4b01-b39b-3d25a3fbff72@group-4F36338CCC50:LeaderElection11: begin an election at term 1 for -1: [fec2f942-0387-4b01-b39b-3d25a3fbff72:192.168.151.73:45222], old=null
2019-09-25 12:11:17,920 [fec2f942-0387-4b01-b39b-3d25a3fbff72@group-4F36338CCC50:LeaderElection11] INFO  impl.RoleInfo (RoleInfo.java:shutdownLeaderElection(134)) - fec2f942-0387-4b01-b39b-3d25a3fbff72: shutdown LeaderElection
2019-09-25 12:11:17,920 [fec2f942-0387-4b01-b39b-3d25a3fbff72@group-4F36338CCC50:LeaderElection11] INFO  impl.RaftServerImpl (RaftServerImpl.java:setRole(174)) - fec2f942-0387-4b01-b39b-3d25a3fbff72@group-4F36338CCC50: changes role from CANDIDATE to LEADER at term 1 for changeToLeader
2019-09-25 12:11:17,920 [fec2f942-0387-4b01-b39b-3d25a3fbff72@group-4F36338CCC50:LeaderElection11] INFO  impl.RaftServerImpl (ServerState.java:setLeader(253)) - fec2f942-0387-4b01-b39b-3d25a3fbff72@group-4F36338CCC50: change Leader from null to fec2f942-0387-4b01-b39b-3d25a3fbff72 at term 1 for becomeLeader, leader elected after 5185ms
2019-09-25 12:11:17,920 [fec2f942-0387-4b01-b39b-3d25a3fbff72@group-4F36338CCC50:LeaderElection11] INFO  server.RaftServerConfigKeys (ConfUtils.java:logGet(43)) - raft.server.staging.catchup.gap = 1000 (default)
2019-09-25 12:11:17,920 [fec2f942-0387-4b01-b39b-3d25a3fbff72@group-4F36338CCC50:LeaderElection11] INFO  server.RaftServerConfigKeys (ConfUtils.java:logGet(43)) - raft.server.rpc.sleep.time = 25ms (default)
2019-09-25 12:11:17,920 [fec2f942-0387-4b01-b39b-3d25a3fbff72@group-4F36338CCC50:LeaderElection11] INFO  server.RaftServerConfigKeys (ConfUtils.java:logGet(43)) - raft.server.write.element-limit = 4096 (default)
2019-09-25 12:11:17,920 [fec2f942-0387-4b01-b39b-3d25a3fbff72@group-4F36338CCC50:LeaderElection11] INFO  server.RaftServerConfigKeys (ConfUtils.java:logGet(43)) - raft.server.watch.timeout = 10s (default)
2019-09-25 12:11:17,920 [fec2f942-0387-4b01-b39b-3d25a3fbff72@group-4F36338CCC50:LeaderElection11] INFO  server.RaftServerConfigKeys (ConfUtils.java:logGet(43)) - raft.server.watch.timeout.denomination = 1s (default)
2019-09-25 12:11:17,920 [fec2f942-0387-4b01-b39b-3d25a3fbff72@group-4F36338CCC50:LeaderElection11] INFO  server.RaftServerConfigKeys (ConfUtils.java:logGet(43)) - raft.server.watch.element-limit = 65536 (default)
2019-09-25 12:11:17,922 [fec2f942-0387-4b01-b39b-3d25a3fbff72@group-4F36338CCC50:LeaderElection11] INFO  impl.RoleInfo (RoleInfo.java:updateAndGet(143)) - fec2f942-0387-4b01-b39b-3d25a3fbff72: start LeaderState
2019-09-25 12:11:17,923 [fec2f942-0387-4b01-b39b-3d25a3fbff72@group-4F36338CCC50:LeaderElection11] INFO  segmented.SegmentedRaftLogWorker (SegmentedRaftLogWorker.java:startLogSegment(380)) - fec2f942-0387-4b01-b39b-3d25a3fbff72@group-4F36338CCC50-SegmentedRaftLogWorker: Starting segment from index:0
2019-09-25 12:11:17,923 [fec2f942-0387-4b01-b39b-3d25a3fbff72@group-4F36338CCC50:LeaderElection11] INFO  impl.RaftServerImpl (ServerState.java:setRaftConf(354)) - fec2f942-0387-4b01-b39b-3d25a3fbff72@group-4F36338CCC50: set configuration 0: [fec2f942-0387-4b01-b39b-3d25a3fbff72:192.168.151.73:45222], old=null at 0
2019-09-25 12:11:17,957 [fec2f942-0387-4b01-b39b-3d25a3fbff72@group-4F36338CCC50-SegmentedRaftLogWorker] INFO  segmented.SegmentedRaftLogWorker (SegmentedRaftLogWorker.java:execute(569)) - fec2f942-0387-4b01-b39b-3d25a3fbff72@group-4F36338CCC50-SegmentedRaftLogWorker: created new log segment /workdir/hadoop-ozone/integration-test/target/test-dir/MiniOzoneClusterImpl-14adbd36-3f13-49d9-943b-28fb447cae9b/datanode-2/data/ratis/c61fe9c8-71d3-487b-8b5e-4f36338ccc50/current/log_inprogress_0
2019-09-25 12:11:17,972 [Thread-216] INFO  impl.FollowerState (FollowerState.java:run(106)) - fec2f942-0387-4b01-b39b-3d25a3fbff72:group-3B60DD4A729A changes to CANDIDATE, lastRpcTime:5165, electionTimeout:5160ms
2019-09-25 12:11:17,973 [Thread-216] INFO  impl.RoleInfo (RoleInfo.java:shutdownFollowerState(121)) - fec2f942-0387-4b01-b39b-3d25a3fbff72: shutdown FollowerState
2019-09-25 12:11:17,973 [Thread-216] INFO  impl.RaftServerImpl (RaftServerImpl.java:setRole(174)) - fec2f942-0387-4b01-b39b-3d25a3fbff72@group-3B60DD4A729A: changes role from  FOLLOWER to CANDIDATE at term 0 for changeToCandidate
2019-09-25 12:11:17,973 [Thread-216] INFO  impl.RoleInfo (RoleInfo.java:updateAndGet(143)) - fec2f942-0387-4b01-b39b-3d25a3fbff72: start LeaderElection
2019-09-25 12:11:17,989 [fec2f942-0387-4b01-b39b-3d25a3fbff72@group-3B60DD4A729A:LeaderElection12] INFO  impl.LeaderElection (LeaderElection.java:askForVotes(182)) - fec2f942-0387-4b01-b39b-3d25a3fbff72@group-3B60DD4A729A:LeaderElection12: begin an election at term 1 for -1: [fec2f942-0387-4b01-b39b-3d25a3fbff72:192.168.151.73:45222], old=null
2019-09-25 12:11:17,989 [fec2f942-0387-4b01-b39b-3d25a3fbff72@group-3B60DD4A729A:LeaderElection12] INFO  impl.RoleInfo (RoleInfo.java:shutdownLeaderElection(134)) - fec2f942-0387-4b01-b39b-3d25a3fbff72: shutdown LeaderElection
2019-09-25 12:11:17,989 [fec2f942-0387-4b01-b39b-3d25a3fbff72@group-3B60DD4A729A:LeaderElection12] INFO  impl.RaftServerImpl (RaftServerImpl.java:setRole(174)) - fec2f942-0387-4b01-b39b-3d25a3fbff72@group-3B60DD4A729A: changes role from CANDIDATE to LEADER at term 1 for changeToLeader
2019-09-25 12:11:17,990 [fec2f942-0387-4b01-b39b-3d25a3fbff72@group-3B60DD4A729A:LeaderElection12] INFO  impl.RaftServerImpl (ServerState.java:setLeader(253)) - fec2f942-0387-4b01-b39b-3d25a3fbff72@group-3B60DD4A729A: change Leader from null to fec2f942-0387-4b01-b39b-3d25a3fbff72 at term 1 for becomeLeader, leader elected after 5190ms
2019-09-25 12:11:17,990 [fec2f942-0387-4b01-b39b-3d25a3fbff72@group-3B60DD4A729A:LeaderElection12] INFO  server.RaftServerConfigKeys (ConfUtils.java:logGet(43)) - raft.server.staging.catchup.gap = 1000 (default)
2019-09-25 12:11:17,990 [fec2f942-0387-4b01-b39b-3d25a3fbff72@group-3B60DD4A729A:LeaderElection12] INFO  server.RaftServerConfigKeys (ConfUtils.java:logGet(43)) - raft.server.rpc.sleep.time = 25ms (default)
2019-09-25 12:11:17,990 [fec2f942-0387-4b01-b39b-3d25a3fbff72@group-3B60DD4A729A:LeaderElection12] INFO  server.RaftServerConfigKeys (ConfUtils.java:logGet(43)) - raft.server.write.element-limit = 4096 (default)
2019-09-25 12:11:17,990 [fec2f942-0387-4b01-b39b-3d25a3fbff72@group-3B60DD4A729A:LeaderElection12] INFO  server.RaftServerConfigKeys (ConfUtils.java:logGet(43)) - raft.server.watch.timeout = 10s (default)
2019-09-25 12:11:17,990 [fec2f942-0387-4b01-b39b-3d25a3fbff72@group-3B60DD4A729A:LeaderElection12] INFO  server.RaftServerConfigKeys (ConfUtils.java:logGet(43)) - raft.server.watch.timeout.denomination = 1s (default)
2019-09-25 12:11:17,991 [fec2f942-0387-4b01-b39b-3d25a3fbff72@group-3B60DD4A729A:LeaderElection12] INFO  server.RaftServerConfigKeys (ConfUtils.java:logGet(43)) - raft.server.watch.element-limit = 65536 (default)
2019-09-25 12:11:17,994 [fec2f942-0387-4b01-b39b-3d25a3fbff72@group-3B60DD4A729A:LeaderElection12] INFO  impl.RoleInfo (RoleInfo.java:updateAndGet(143)) - fec2f942-0387-4b01-b39b-3d25a3fbff72: start LeaderState
2019-09-25 12:11:17,994 [fec2f942-0387-4b01-b39b-3d25a3fbff72@group-3B60DD4A729A:LeaderElection12] INFO  segmented.SegmentedRaftLogWorker (SegmentedRaftLogWorker.java:startLogSegment(380)) - fec2f942-0387-4b01-b39b-3d25a3fbff72@group-3B60DD4A729A-SegmentedRaftLogWorker: Starting segment from index:0
2019-09-25 12:11:17,995 [fec2f942-0387-4b01-b39b-3d25a3fbff72@group-3B60DD4A729A:LeaderElection12] INFO  impl.RaftServerImpl (ServerState.java:setRaftConf(354)) - fec2f942-0387-4b01-b39b-3d25a3fbff72@group-3B60DD4A729A: set configuration 0: [fec2f942-0387-4b01-b39b-3d25a3fbff72:192.168.151.73:45222], old=null at 0
2019-09-25 12:11:18,032 [Thread-219] INFO  impl.FollowerState (FollowerState.java:run(106)) - fec2f942-0387-4b01-b39b-3d25a3fbff72:group-07F6242ACDA0 changes to CANDIDATE, lastRpcTime:5168, electionTimeout:5137ms
2019-09-25 12:11:18,033 [Thread-222] INFO  impl.FollowerState (FollowerState.java:run(106)) - fec2f942-0387-4b01-b39b-3d25a3fbff72:group-0E2D96AD957F changes to CANDIDATE, lastRpcTime:5109, electionTimeout:5073ms
2019-09-25 12:11:18,033 [Thread-219] INFO  impl.RoleInfo (RoleInfo.java:shutdownFollowerState(121)) - fec2f942-0387-4b01-b39b-3d25a3fbff72: shutdown FollowerState
2019-09-25 12:11:18,033 [Thread-222] INFO  impl.RoleInfo (RoleInfo.java:shutdownFollowerState(121)) - fec2f942-0387-4b01-b39b-3d25a3fbff72: shutdown FollowerState
2019-09-25 12:11:18,033 [Thread-219] INFO  impl.RaftServerImpl (RaftServerImpl.java:setRole(174)) - fec2f942-0387-4b01-b39b-3d25a3fbff72@group-07F6242ACDA0: changes role from  FOLLOWER to CANDIDATE at term 0 for changeToCandidate
2019-09-25 12:11:18,033 [Thread-222] INFO  impl.RaftServerImpl (RaftServerImpl.java:setRole(174)) - fec2f942-0387-4b01-b39b-3d25a3fbff72@group-0E2D96AD957F: changes role from  FOLLOWER to CANDIDATE at term 0 for changeToCandidate
2019-09-25 12:11:18,033 [Thread-219] INFO  impl.RoleInfo (RoleInfo.java:updateAndGet(143)) - fec2f942-0387-4b01-b39b-3d25a3fbff72: start LeaderElection
2019-09-25 12:11:18,033 [Thread-222] INFO  impl.RoleInfo (RoleInfo.java:updateAndGet(143)) - fec2f942-0387-4b01-b39b-3d25a3fbff72: start LeaderElection
2019-09-25 12:11:18,046 [fec2f942-0387-4b01-b39b-3d25a3fbff72@group-3B60DD4A729A-SegmentedRaftLogWorker] INFO  segmented.SegmentedRaftLogWorker (SegmentedRaftLogWorker.java:execute(569)) - fec2f942-0387-4b01-b39b-3d25a3fbff72@group-3B60DD4A729A-SegmentedRaftLogWorker: created new log segment /workdir/hadoop-ozone/integration-test/target/test-dir/MiniOzoneClusterImpl-14adbd36-3f13-49d9-943b-28fb447cae9b/datanode-2/data/ratis/47221fcc-9400-48f8-a000-3b60dd4a729a/current/log_inprogress_0
2019-09-25 12:11:18,046 [fec2f942-0387-4b01-b39b-3d25a3fbff72@group-0E2D96AD957F:LeaderElection14] INFO  impl.LeaderElection (LeaderElection.java:askForVotes(182)) - fec2f942-0387-4b01-b39b-3d25a3fbff72@group-0E2D96AD957F:LeaderElection14: begin an election at term 1 for -1: [fec2f942-0387-4b01-b39b-3d25a3fbff72:192.168.151.73:45222], old=null
2019-09-25 12:11:18,046 [fec2f942-0387-4b01-b39b-3d25a3fbff72@group-07F6242ACDA0:LeaderElection13] INFO  impl.LeaderElection (LeaderElection.java:askForVotes(182)) - fec2f942-0387-4b01-b39b-3d25a3fbff72@group-07F6242ACDA0:LeaderElection13: begin an election at term 1 for -1: [fec2f942-0387-4b01-b39b-3d25a3fbff72:192.168.151.73:45222], old=null
2019-09-25 12:11:18,046 [fec2f942-0387-4b01-b39b-3d25a3fbff72@group-0E2D96AD957F:LeaderElection14] INFO  impl.RoleInfo (RoleInfo.java:shutdownLeaderElection(134)) - fec2f942-0387-4b01-b39b-3d25a3fbff72: shutdown LeaderElection
2019-09-25 12:11:18,047 [fec2f942-0387-4b01-b39b-3d25a3fbff72@group-07F6242ACDA0:LeaderElection13] INFO  impl.RoleInfo (RoleInfo.java:shutdownLeaderElection(134)) - fec2f942-0387-4b01-b39b-3d25a3fbff72: shutdown LeaderElection
2019-09-25 12:11:18,047 [fec2f942-0387-4b01-b39b-3d25a3fbff72@group-0E2D96AD957F:LeaderElection14] INFO  impl.RaftServerImpl (RaftServerImpl.java:setRole(174)) - fec2f942-0387-4b01-b39b-3d25a3fbff72@group-0E2D96AD957F: changes role from CANDIDATE to LEADER at term 1 for changeToLeader
2019-09-25 12:11:18,047 [fec2f942-0387-4b01-b39b-3d25a3fbff72@group-07F6242ACDA0:LeaderElection13] INFO  impl.RaftServerImpl (RaftServerImpl.java:setRole(174)) - fec2f942-0387-4b01-b39b-3d25a3fbff72@group-07F6242ACDA0: changes role from CANDIDATE to LEADER at term 1 for changeToLeader
2019-09-25 12:11:18,047 [fec2f942-0387-4b01-b39b-3d25a3fbff72@group-0E2D96AD957F:LeaderElection14] INFO  impl.RaftServerImpl (ServerState.java:setLeader(253)) - fec2f942-0387-4b01-b39b-3d25a3fbff72@group-0E2D96AD957F: change Leader from null to fec2f942-0387-4b01-b39b-3d25a3fbff72 at term 1 for becomeLeader, leader elected after 5131ms
2019-09-25 12:11:18,047 [fec2f942-0387-4b01-b39b-3d25a3fbff72@group-07F6242ACDA0:LeaderElection13] INFO  impl.RaftServerImpl (ServerState.java:setLeader(253)) - fec2f942-0387-4b01-b39b-3d25a3fbff72@group-07F6242ACDA0: change Leader from null to fec2f942-0387-4b01-b39b-3d25a3fbff72 at term 1 for becomeLeader, leader elected after 5190ms
2019-09-25 12:11:18,047 [fec2f942-0387-4b01-b39b-3d25a3fbff72@group-0E2D96AD957F:LeaderElection14] INFO  server.RaftServerConfigKeys (ConfUtils.java:logGet(43)) - raft.server.staging.catchup.gap = 1000 (default)
2019-09-25 12:11:18,047 [fec2f942-0387-4b01-b39b-3d25a3fbff72@group-07F6242ACDA0:LeaderElection13] INFO  server.RaftServerConfigKeys (ConfUtils.java:logGet(43)) - raft.server.staging.catchup.gap = 1000 (default)
2019-09-25 12:11:18,047 [fec2f942-0387-4b01-b39b-3d25a3fbff72@group-0E2D96AD957F:LeaderElection14] INFO  server.RaftServerConfigKeys (ConfUtils.java:logGet(43)) - raft.server.rpc.sleep.time = 25ms (default)
2019-09-25 12:11:18,047 [fec2f942-0387-4b01-b39b-3d25a3fbff72@group-07F6242ACDA0:LeaderElection13] INFO  server.RaftServerConfigKeys (ConfUtils.java:logGet(43)) - raft.server.rpc.sleep.time = 25ms (default)
2019-09-25 12:11:18,048 [fec2f942-0387-4b01-b39b-3d25a3fbff72@group-0E2D96AD957F:LeaderElection14] INFO  server.RaftServerConfigKeys (ConfUtils.java:logGet(43)) - raft.server.write.element-limit = 4096 (default)
2019-09-25 12:11:18,048 [fec2f942-0387-4b01-b39b-3d25a3fbff72@group-07F6242ACDA0:LeaderElection13] INFO  server.RaftServerConfigKeys (ConfUtils.java:logGet(43)) - raft.server.write.element-limit = 4096 (default)
2019-09-25 12:11:18,048 [fec2f942-0387-4b01-b39b-3d25a3fbff72@group-0E2D96AD957F:LeaderElection14] INFO  server.RaftServerConfigKeys (ConfUtils.java:logGet(43)) - raft.server.watch.timeout = 10s (default)
2019-09-25 12:11:18,048 [fec2f942-0387-4b01-b39b-3d25a3fbff72@group-07F6242ACDA0:LeaderElection13] INFO  server.RaftServerConfigKeys (ConfUtils.java:logGet(43)) - raft.server.watch.timeout = 10s (default)
2019-09-25 12:11:18,049 [fec2f942-0387-4b01-b39b-3d25a3fbff72@group-0E2D96AD957F:LeaderElection14] INFO  server.RaftServerConfigKeys (ConfUtils.java:logGet(43)) - raft.server.watch.timeout.denomination = 1s (default)
2019-09-25 12:11:18,049 [fec2f942-0387-4b01-b39b-3d25a3fbff72@group-07F6242ACDA0:LeaderElection13] INFO  server.RaftServerConfigKeys (ConfUtils.java:logGet(43)) - raft.server.watch.timeout.denomination = 1s (default)
2019-09-25 12:11:18,050 [fec2f942-0387-4b01-b39b-3d25a3fbff72@group-0E2D96AD957F:LeaderElection14] INFO  server.RaftServerConfigKeys (ConfUtils.java:logGet(43)) - raft.server.watch.element-limit = 65536 (default)
2019-09-25 12:11:18,051 [fec2f942-0387-4b01-b39b-3d25a3fbff72@group-07F6242ACDA0:LeaderElection13] INFO  server.RaftServerConfigKeys (ConfUtils.java:logGet(43)) - raft.server.watch.element-limit = 65536 (default)
2019-09-25 12:11:18,055 [fec2f942-0387-4b01-b39b-3d25a3fbff72@group-0E2D96AD957F:LeaderElection14] INFO  impl.RoleInfo (RoleInfo.java:updateAndGet(143)) - fec2f942-0387-4b01-b39b-3d25a3fbff72: start LeaderState
2019-09-25 12:11:18,055 [fec2f942-0387-4b01-b39b-3d25a3fbff72@group-0E2D96AD957F:LeaderElection14] INFO  segmented.SegmentedRaftLogWorker (SegmentedRaftLogWorker.java:startLogSegment(380)) - fec2f942-0387-4b01-b39b-3d25a3fbff72@group-0E2D96AD957F-SegmentedRaftLogWorker: Starting segment from index:0
2019-09-25 12:11:18,056 [fec2f942-0387-4b01-b39b-3d25a3fbff72@group-07F6242ACDA0:LeaderElection13] INFO  impl.RoleInfo (RoleInfo.java:updateAndGet(143)) - fec2f942-0387-4b01-b39b-3d25a3fbff72: start LeaderState
2019-09-25 12:11:18,056 [fec2f942-0387-4b01-b39b-3d25a3fbff72@group-07F6242ACDA0:LeaderElection13] INFO  segmented.SegmentedRaftLogWorker (SegmentedRaftLogWorker.java:startLogSegment(380)) - fec2f942-0387-4b01-b39b-3d25a3fbff72@group-07F6242ACDA0-SegmentedRaftLogWorker: Starting segment from index:0
2019-09-25 12:11:18,056 [fec2f942-0387-4b01-b39b-3d25a3fbff72@group-0E2D96AD957F:LeaderElection14] INFO  impl.RaftServerImpl (ServerState.java:setRaftConf(354)) - fec2f942-0387-4b01-b39b-3d25a3fbff72@group-0E2D96AD957F: set configuration 0: [fec2f942-0387-4b01-b39b-3d25a3fbff72:192.168.151.73:45222], old=null at 0
2019-09-25 12:11:18,090 [fec2f942-0387-4b01-b39b-3d25a3fbff72@group-07F6242ACDA0:LeaderElection13] INFO  impl.RaftServerImpl (ServerState.java:setRaftConf(354)) - fec2f942-0387-4b01-b39b-3d25a3fbff72@group-07F6242ACDA0: set configuration 0: [fec2f942-0387-4b01-b39b-3d25a3fbff72:192.168.151.73:45222], old=null at 0
2019-09-25 12:11:18,127 [fec2f942-0387-4b01-b39b-3d25a3fbff72@group-0E2D96AD957F-SegmentedRaftLogWorker] INFO  segmented.SegmentedRaftLogWorker (SegmentedRaftLogWorker.java:execute(569)) - fec2f942-0387-4b01-b39b-3d25a3fbff72@group-0E2D96AD957F-SegmentedRaftLogWorker: created new log segment /workdir/hadoop-ozone/integration-test/target/test-dir/MiniOzoneClusterImpl-14adbd36-3f13-49d9-943b-28fb447cae9b/datanode-2/data/ratis/b70871eb-5b7b-4ac6-9e8c-0e2d96ad957f/current/log_inprogress_0
2019-09-25 12:11:18,151 [fec2f942-0387-4b01-b39b-3d25a3fbff72@group-07F6242ACDA0-SegmentedRaftLogWorker] INFO  segmented.SegmentedRaftLogWorker (SegmentedRaftLogWorker.java:execute(569)) - fec2f942-0387-4b01-b39b-3d25a3fbff72@group-07F6242ACDA0-SegmentedRaftLogWorker: created new log segment /workdir/hadoop-ozone/integration-test/target/test-dir/MiniOzoneClusterImpl-14adbd36-3f13-49d9-943b-28fb447cae9b/datanode-2/data/ratis/e565c788-f8ca-43f5-b1e6-07f6242acda0/current/log_inprogress_0
2019-09-25 12:11:18,167 [Thread-228] INFO  impl.FollowerState (FollowerState.java:run(106)) - 95841f60-59cb-43d2-bb49-deb4a2468360:group-9879F74AE381 changes to CANDIDATE, lastRpcTime:5121, electionTimeout:5121ms
2019-09-25 12:11:18,167 [Thread-228] INFO  impl.RoleInfo (RoleInfo.java:shutdownFollowerState(121)) - 95841f60-59cb-43d2-bb49-deb4a2468360: shutdown FollowerState
2019-09-25 12:11:18,168 [Thread-228] INFO  impl.RaftServerImpl (RaftServerImpl.java:setRole(174)) - 95841f60-59cb-43d2-bb49-deb4a2468360@group-9879F74AE381: changes role from  FOLLOWER to CANDIDATE at term 0 for changeToCandidate
2019-09-25 12:11:18,168 [Thread-228] INFO  impl.RoleInfo (RoleInfo.java:updateAndGet(143)) - 95841f60-59cb-43d2-bb49-deb4a2468360: start LeaderElection
2019-09-25 12:11:18,172 [Thread-225] INFO  impl.FollowerState (FollowerState.java:run(106)) - fec2f942-0387-4b01-b39b-3d25a3fbff72:group-3213D7C59F93 changes to CANDIDATE, lastRpcTime:5188, electionTimeout:5188ms
2019-09-25 12:11:18,173 [Thread-225] INFO  impl.RoleInfo (RoleInfo.java:shutdownFollowerState(121)) - fec2f942-0387-4b01-b39b-3d25a3fbff72: shutdown FollowerState
2019-09-25 12:11:18,173 [Thread-225] INFO  impl.RaftServerImpl (RaftServerImpl.java:setRole(174)) - fec2f942-0387-4b01-b39b-3d25a3fbff72@group-3213D7C59F93: changes role from  FOLLOWER to CANDIDATE at term 0 for changeToCandidate
2019-09-25 12:11:18,173 [Thread-225] INFO  impl.RoleInfo (RoleInfo.java:updateAndGet(143)) - fec2f942-0387-4b01-b39b-3d25a3fbff72: start LeaderElection
2019-09-25 12:11:18,197 [fec2f942-0387-4b01-b39b-3d25a3fbff72@group-3213D7C59F93:LeaderElection16] INFO  impl.LeaderElection (LeaderElection.java:askForVotes(182)) - fec2f942-0387-4b01-b39b-3d25a3fbff72@group-3213D7C59F93:LeaderElection16: begin an election at term 1 for -1: [fec2f942-0387-4b01-b39b-3d25a3fbff72:192.168.151.73:45222], old=null
2019-09-25 12:11:18,197 [95841f60-59cb-43d2-bb49-deb4a2468360@group-9879F74AE381:LeaderElection15] INFO  impl.LeaderElection (LeaderElection.java:askForVotes(182)) - 95841f60-59cb-43d2-bb49-deb4a2468360@group-9879F74AE381:LeaderElection15: begin an election at term 1 for -1: [95841f60-59cb-43d2-bb49-deb4a2468360:192.168.151.73:42020], old=null
2019-09-25 12:11:18,197 [fec2f942-0387-4b01-b39b-3d25a3fbff72@group-3213D7C59F93:LeaderElection16] INFO  impl.RoleInfo (RoleInfo.java:shutdownLeaderElection(134)) - fec2f942-0387-4b01-b39b-3d25a3fbff72: shutdown LeaderElection
2019-09-25 12:11:18,198 [95841f60-59cb-43d2-bb49-deb4a2468360@group-9879F74AE381:LeaderElection15] INFO  impl.RoleInfo (RoleInfo.java:shutdownLeaderElection(134)) - 95841f60-59cb-43d2-bb49-deb4a2468360: shutdown LeaderElection
2019-09-25 12:11:18,198 [fec2f942-0387-4b01-b39b-3d25a3fbff72@group-3213D7C59F93:LeaderElection16] INFO  impl.RaftServerImpl (RaftServerImpl.java:setRole(174)) - fec2f942-0387-4b01-b39b-3d25a3fbff72@group-3213D7C59F93: changes role from CANDIDATE to LEADER at term 1 for changeToLeader
2019-09-25 12:11:18,198 [95841f60-59cb-43d2-bb49-deb4a2468360@group-9879F74AE381:LeaderElection15] INFO  impl.RaftServerImpl (RaftServerImpl.java:setRole(174)) - 95841f60-59cb-43d2-bb49-deb4a2468360@group-9879F74AE381: changes role from CANDIDATE to LEADER at term 1 for changeToLeader
2019-09-25 12:11:18,198 [fec2f942-0387-4b01-b39b-3d25a3fbff72@group-3213D7C59F93:LeaderElection16] INFO  impl.RaftServerImpl (ServerState.java:setLeader(253)) - fec2f942-0387-4b01-b39b-3d25a3fbff72@group-3213D7C59F93: change Leader from null to fec2f942-0387-4b01-b39b-3d25a3fbff72 at term 1 for becomeLeader, leader elected after 5224ms
2019-09-25 12:11:18,198 [95841f60-59cb-43d2-bb49-deb4a2468360@group-9879F74AE381:LeaderElection15] INFO  impl.RaftServerImpl (ServerState.java:setLeader(253)) - 95841f60-59cb-43d2-bb49-deb4a2468360@group-9879F74AE381: change Leader from null to 95841f60-59cb-43d2-bb49-deb4a2468360 at term 1 for becomeLeader, leader elected after 5161ms
2019-09-25 12:11:18,198 [fec2f942-0387-4b01-b39b-3d25a3fbff72@group-3213D7C59F93:LeaderElection16] INFO  server.RaftServerConfigKeys (ConfUtils.java:logGet(43)) - raft.server.staging.catchup.gap = 1000 (default)
2019-09-25 12:11:18,198 [95841f60-59cb-43d2-bb49-deb4a2468360@group-9879F74AE381:LeaderElection15] INFO  server.RaftServerConfigKeys (ConfUtils.java:logGet(43)) - raft.server.staging.catchup.gap = 1000 (default)
2019-09-25 12:11:18,199 [fec2f942-0387-4b01-b39b-3d25a3fbff72@group-3213D7C59F93:LeaderElection16] INFO  server.RaftServerConfigKeys (ConfUtils.java:logGet(43)) - raft.server.rpc.sleep.time = 25ms (default)
2019-09-25 12:11:18,199 [95841f60-59cb-43d2-bb49-deb4a2468360@group-9879F74AE381:LeaderElection15] INFO  server.RaftServerConfigKeys (ConfUtils.java:logGet(43)) - raft.server.rpc.sleep.time = 25ms (default)
2019-09-25 12:11:18,199 [fec2f942-0387-4b01-b39b-3d25a3fbff72@group-3213D7C59F93:LeaderElection16] INFO  server.RaftServerConfigKeys (ConfUtils.java:logGet(43)) - raft.server.write.element-limit = 4096 (default)
2019-09-25 12:11:18,199 [95841f60-59cb-43d2-bb49-deb4a2468360@group-9879F74AE381:LeaderElection15] INFO  server.RaftServerConfigKeys (ConfUtils.java:logGet(43)) - raft.server.write.element-limit = 4096 (default)
2019-09-25 12:11:18,199 [fec2f942-0387-4b01-b39b-3d25a3fbff72@group-3213D7C59F93:LeaderElection16] INFO  server.RaftServerConfigKeys (ConfUtils.java:logGet(43)) - raft.server.watch.timeout = 10s (default)
2019-09-25 12:11:18,200 [95841f60-59cb-43d2-bb49-deb4a2468360@group-9879F74AE381:LeaderElection15] INFO  server.RaftServerConfigKeys (ConfUtils.java:logGet(43)) - raft.server.watch.timeout = 10s (default)
2019-09-25 12:11:18,200 [fec2f942-0387-4b01-b39b-3d25a3fbff72@group-3213D7C59F93:LeaderElection16] INFO  server.RaftServerConfigKeys (ConfUtils.java:logGet(43)) - raft.server.watch.timeout.denomination = 1s (default)
2019-09-25 12:11:18,200 [95841f60-59cb-43d2-bb49-deb4a2468360@group-9879F74AE381:LeaderElection15] INFO  server.RaftServerConfigKeys (ConfUtils.java:logGet(43)) - raft.server.watch.timeout.denomination = 1s (default)
2019-09-25 12:11:18,200 [fec2f942-0387-4b01-b39b-3d25a3fbff72@group-3213D7C59F93:LeaderElection16] INFO  server.RaftServerConfigKeys (ConfUtils.java:logGet(43)) - raft.server.watch.element-limit = 65536 (default)
2019-09-25 12:11:18,200 [95841f60-59cb-43d2-bb49-deb4a2468360@group-9879F74AE381:LeaderElection15] INFO  server.RaftServerConfigKeys (ConfUtils.java:logGet(43)) - raft.server.watch.element-limit = 65536 (default)
2019-09-25 12:11:18,204 [fec2f942-0387-4b01-b39b-3d25a3fbff72@group-3213D7C59F93:LeaderElection16] INFO  impl.RoleInfo (RoleInfo.java:updateAndGet(143)) - fec2f942-0387-4b01-b39b-3d25a3fbff72: start LeaderState
2019-09-25 12:11:18,204 [fec2f942-0387-4b01-b39b-3d25a3fbff72@group-3213D7C59F93:LeaderElection16] INFO  segmented.SegmentedRaftLogWorker (SegmentedRaftLogWorker.java:startLogSegment(380)) - fec2f942-0387-4b01-b39b-3d25a3fbff72@group-3213D7C59F93-SegmentedRaftLogWorker: Starting segment from index:0
2019-09-25 12:11:18,204 [fec2f942-0387-4b01-b39b-3d25a3fbff72@group-3213D7C59F93:LeaderElection16] INFO  impl.RaftServerImpl (ServerState.java:setRaftConf(354)) - fec2f942-0387-4b01-b39b-3d25a3fbff72@group-3213D7C59F93: set configuration 0: [fec2f942-0387-4b01-b39b-3d25a3fbff72:192.168.151.73:45222], old=null at 0
2019-09-25 12:11:18,242 [95841f60-59cb-43d2-bb49-deb4a2468360@group-9879F74AE381:LeaderElection15] INFO  impl.RoleInfo (RoleInfo.java:updateAndGet(143)) - 95841f60-59cb-43d2-bb49-deb4a2468360: start LeaderState
2019-09-25 12:11:18,243 [95841f60-59cb-43d2-bb49-deb4a2468360@group-9879F74AE381:LeaderElection15] INFO  segmented.SegmentedRaftLogWorker (SegmentedRaftLogWorker.java:startLogSegment(380)) - 95841f60-59cb-43d2-bb49-deb4a2468360@group-9879F74AE381-SegmentedRaftLogWorker: Starting segment from index:0
2019-09-25 12:11:18,243 [95841f60-59cb-43d2-bb49-deb4a2468360@group-9879F74AE381:LeaderElection15] INFO  impl.RaftServerImpl (ServerState.java:setRaftConf(354)) - 95841f60-59cb-43d2-bb49-deb4a2468360@group-9879F74AE381: set configuration 0: [95841f60-59cb-43d2-bb49-deb4a2468360:192.168.151.73:42020], old=null at 0
2019-09-25 12:11:18,273 [fec2f942-0387-4b01-b39b-3d25a3fbff72@group-3213D7C59F93-SegmentedRaftLogWorker] INFO  segmented.SegmentedRaftLogWorker (SegmentedRaftLogWorker.java:execute(569)) - fec2f942-0387-4b01-b39b-3d25a3fbff72@group-3213D7C59F93-SegmentedRaftLogWorker: created new log segment /workdir/hadoop-ozone/integration-test/target/test-dir/MiniOzoneClusterImpl-14adbd36-3f13-49d9-943b-28fb447cae9b/datanode-2/data/ratis/fd9c50fc-5c1a-4752-b903-3213d7c59f93/current/log_inprogress_0
2019-09-25 12:11:18,296 [95841f60-59cb-43d2-bb49-deb4a2468360@group-9879F74AE381-SegmentedRaftLogWorker] INFO  segmented.SegmentedRaftLogWorker (SegmentedRaftLogWorker.java:execute(569)) - 95841f60-59cb-43d2-bb49-deb4a2468360@group-9879F74AE381-SegmentedRaftLogWorker: created new log segment /workdir/hadoop-ozone/integration-test/target/test-dir/MiniOzoneClusterImpl-14adbd36-3f13-49d9-943b-28fb447cae9b/datanode-0/data/ratis/02d856b8-7939-4f03-b89d-9879f74ae381/current/log_inprogress_0
2019-09-25 12:11:18,304 [Thread-231] INFO  impl.FollowerState (FollowerState.java:run(106)) - 95841f60-59cb-43d2-bb49-deb4a2468360:group-729B76284DD6 changes to CANDIDATE, lastRpcTime:5193, electionTimeout:5193ms
2019-09-25 12:11:18,304 [Thread-231] INFO  impl.RoleInfo (RoleInfo.java:shutdownFollowerState(121)) - 95841f60-59cb-43d2-bb49-deb4a2468360: shutdown FollowerState
2019-09-25 12:11:18,305 [Thread-231] INFO  impl.RaftServerImpl (RaftServerImpl.java:setRole(174)) - 95841f60-59cb-43d2-bb49-deb4a2468360@group-729B76284DD6: changes role from  FOLLOWER to CANDIDATE at term 0 for changeToCandidate
2019-09-25 12:11:18,305 [Thread-231] INFO  impl.RoleInfo (RoleInfo.java:updateAndGet(143)) - 95841f60-59cb-43d2-bb49-deb4a2468360: start LeaderElection
2019-09-25 12:11:18,325 [95841f60-59cb-43d2-bb49-deb4a2468360@group-729B76284DD6:LeaderElection17] INFO  impl.LeaderElection (LeaderElection.java:askForVotes(182)) - 95841f60-59cb-43d2-bb49-deb4a2468360@group-729B76284DD6:LeaderElection17: begin an election at term 1 for -1: [95841f60-59cb-43d2-bb49-deb4a2468360:192.168.151.73:42020], old=null
2019-09-25 12:11:18,326 [95841f60-59cb-43d2-bb49-deb4a2468360@group-729B76284DD6:LeaderElection17] INFO  impl.RoleInfo (RoleInfo.java:shutdownLeaderElection(134)) - 95841f60-59cb-43d2-bb49-deb4a2468360: shutdown LeaderElection
2019-09-25 12:11:18,326 [95841f60-59cb-43d2-bb49-deb4a2468360@group-729B76284DD6:LeaderElection17] INFO  impl.RaftServerImpl (RaftServerImpl.java:setRole(174)) - 95841f60-59cb-43d2-bb49-deb4a2468360@group-729B76284DD6: changes role from CANDIDATE to LEADER at term 1 for changeToLeader
2019-09-25 12:11:18,326 [95841f60-59cb-43d2-bb49-deb4a2468360@group-729B76284DD6:LeaderElection17] INFO  impl.RaftServerImpl (ServerState.java:setLeader(253)) - 95841f60-59cb-43d2-bb49-deb4a2468360@group-729B76284DD6: change Leader from null to 95841f60-59cb-43d2-bb49-deb4a2468360 at term 1 for becomeLeader, leader elected after 5224ms
2019-09-25 12:11:18,326 [95841f60-59cb-43d2-bb49-deb4a2468360@group-729B76284DD6:LeaderElection17] INFO  server.RaftServerConfigKeys (ConfUtils.java:logGet(43)) - raft.server.staging.catchup.gap = 1000 (default)
2019-09-25 12:11:18,326 [95841f60-59cb-43d2-bb49-deb4a2468360@group-729B76284DD6:LeaderElection17] INFO  server.RaftServerConfigKeys (ConfUtils.java:logGet(43)) - raft.server.rpc.sleep.time = 25ms (default)
2019-09-25 12:11:18,326 [95841f60-59cb-43d2-bb49-deb4a2468360@group-729B76284DD6:LeaderElection17] INFO  server.RaftServerConfigKeys (ConfUtils.java:logGet(43)) - raft.server.write.element-limit = 4096 (default)
2019-09-25 12:11:18,327 [95841f60-59cb-43d2-bb49-deb4a2468360@group-729B76284DD6:LeaderElection17] INFO  server.RaftServerConfigKeys (ConfUtils.java:logGet(43)) - raft.server.watch.timeout = 10s (default)
2019-09-25 12:11:18,327 [95841f60-59cb-43d2-bb49-deb4a2468360@group-729B76284DD6:LeaderElection17] INFO  server.RaftServerConfigKeys (ConfUtils.java:logGet(43)) - raft.server.watch.timeout.denomination = 1s (default)
2019-09-25 12:11:18,327 [95841f60-59cb-43d2-bb49-deb4a2468360@group-729B76284DD6:LeaderElection17] INFO  server.RaftServerConfigKeys (ConfUtils.java:logGet(43)) - raft.server.watch.element-limit = 65536 (default)
2019-09-25 12:11:18,330 [95841f60-59cb-43d2-bb49-deb4a2468360@group-729B76284DD6:LeaderElection17] INFO  impl.RoleInfo (RoleInfo.java:updateAndGet(143)) - 95841f60-59cb-43d2-bb49-deb4a2468360: start LeaderState
2019-09-25 12:11:18,330 [95841f60-59cb-43d2-bb49-deb4a2468360@group-729B76284DD6:LeaderElection17] INFO  segmented.SegmentedRaftLogWorker (SegmentedRaftLogWorker.java:startLogSegment(380)) - 95841f60-59cb-43d2-bb49-deb4a2468360@group-729B76284DD6-SegmentedRaftLogWorker: Starting segment from index:0
2019-09-25 12:11:18,331 [95841f60-59cb-43d2-bb49-deb4a2468360@group-729B76284DD6:LeaderElection17] INFO  impl.RaftServerImpl (ServerState.java:setRaftConf(354)) - 95841f60-59cb-43d2-bb49-deb4a2468360@group-729B76284DD6: set configuration 0: [95841f60-59cb-43d2-bb49-deb4a2468360:192.168.151.73:42020], old=null at 0
2019-09-25 12:11:18,384 [95841f60-59cb-43d2-bb49-deb4a2468360@group-729B76284DD6-SegmentedRaftLogWorker] INFO  segmented.SegmentedRaftLogWorker (SegmentedRaftLogWorker.java:execute(569)) - 95841f60-59cb-43d2-bb49-deb4a2468360@group-729B76284DD6-SegmentedRaftLogWorker: created new log segment /workdir/hadoop-ozone/integration-test/target/test-dir/MiniOzoneClusterImpl-14adbd36-3f13-49d9-943b-28fb447cae9b/datanode-0/data/ratis/30f09b70-4189-44e0-a5e3-729b76284dd6/current/log_inprogress_0
2019-09-25 12:11:18,405 [IPC Server handler 0 on 44367] INFO  pipeline.PipelinePlacementPolicy (PipelinePlacementPolicy.java:meetCriteria(91)) - Pipeline Placement: can't place more pipeline on heavy datanode： fec2f942-0387-4b01-b39b-3d25a3fbff72 Heaviness: 6 limit: 5
2019-09-25 12:11:18,406 [IPC Server handler 0 on 44367] INFO  pipeline.PipelinePlacementPolicy (PipelinePlacementPolicy.java:meetCriteria(91)) - Pipeline Placement: can't place more pipeline on heavy datanode： 0a02233c-b430-4ef8-86f7-62573cff9fbb Heaviness: 6 limit: 5
2019-09-25 12:11:18,406 [IPC Server handler 0 on 44367] INFO  pipeline.PipelinePlacementPolicy (PipelinePlacementPolicy.java:meetCriteria(91)) - Pipeline Placement: can't place more pipeline on heavy datanode： 95841f60-59cb-43d2-bb49-deb4a2468360 Heaviness: 6 limit: 5
2019-09-25 12:11:18,406 [IPC Server handler 0 on 44367] ERROR pipeline.PipelinePlacementPolicy (PipelinePlacementPolicy.java:filterViableNodes(148)) - Unable to find enough nodes that meet the criteria that cannot engage in more than 5 pipelines. Nodes required: 3 Found: 0, healthy nodes count inNodeManager: 3.
2019-09-25 12:11:18,406 [IPC Server handler 0 on 44367] ERROR pipeline.SCMPipelineManager (SCMPipelineManager.java:createPipeline(167)) - Pipeline creation failed.
org.apache.hadoop.hdds.scm.exceptions.SCMException: Unable to find enough nodes that meet the criteria that cannot engage in more than 5 pipelines. Nodes required: 3 Found: 0, healthy nodes count inNodeManager: 3.
	at org.apache.hadoop.hdds.scm.pipeline.PipelinePlacementPolicy.filterViableNodes(PipelinePlacementPolicy.java:149)
	at org.apache.hadoop.hdds.scm.pipeline.PipelinePlacementPolicy.chooseDatanodes(PipelinePlacementPolicy.java:172)
	at org.apache.hadoop.hdds.scm.pipeline.RatisPipelineProvider.create(RatisPipelineProvider.java:93)
	at org.apache.hadoop.hdds.scm.pipeline.PipelineFactory.create(PipelineFactory.java:58)
	at org.apache.hadoop.hdds.scm.pipeline.SCMPipelineManager.createPipeline(SCMPipelineManager.java:155)
	at org.apache.hadoop.hdds.scm.block.BlockManagerImpl.allocateBlock(BlockManagerImpl.java:190)
	at org.apache.hadoop.hdds.scm.server.SCMBlockProtocolServer.allocateBlock(SCMBlockProtocolServer.java:182)
	at org.apache.hadoop.ozone.protocolPB.ScmBlockLocationProtocolServerSideTranslatorPB.allocateScmBlock(ScmBlockLocationProtocolServerSideTranslatorPB.java:183)
	at org.apache.hadoop.ozone.protocolPB.ScmBlockLocationProtocolServerSideTranslatorPB.processMessage(ScmBlockLocationProtocolServerSideTranslatorPB.java:141)
	at org.apache.hadoop.ozone.protocolPB.ScmBlockLocationProtocolServerSideTranslatorPB.send(ScmBlockLocationProtocolServerSideTranslatorPB.java:116)
	at org.apache.hadoop.hdds.protocol.proto.ScmBlockLocationProtocolProtos$ScmBlockLocationProtocolService$2.callBlockingMethod(ScmBlockLocationProtocolProtos.java:13157)
	at org.apache.hadoop.ipc.ProtobufRpcEngine$Server$ProtoBufRpcInvoker.call(ProtobufRpcEngine.java:524)
	at org.apache.hadoop.ipc.RPC$Server.call(RPC.java:1025)
	at org.apache.hadoop.ipc.Server$RpcCall.run(Server.java:876)
	at org.apache.hadoop.ipc.Server$RpcCall.run(Server.java:822)
	at java.security.AccessController.doPrivileged(Native Method)
	at javax.security.auth.Subject.doAs(Subject.java:422)
	at org.apache.hadoop.security.UserGroupInformation.doAs(UserGroupInformation.java:1730)
	at org.apache.hadoop.ipc.Server$Handler.run(Server.java:2682)
2019-09-25 12:11:18,407 [IPC Server handler 0 on 44367] WARN  block.BlockManagerImpl (BlockManagerImpl.java:allocateBlock(192)) - Pipeline creation failed for type:RATIS factor:THREE. Retrying get pipelines call once.
org.apache.hadoop.hdds.scm.exceptions.SCMException: Unable to find enough nodes that meet the criteria that cannot engage in more than 5 pipelines. Nodes required: 3 Found: 0, healthy nodes count inNodeManager: 3.
	at org.apache.hadoop.hdds.scm.pipeline.PipelinePlacementPolicy.filterViableNodes(PipelinePlacementPolicy.java:149)
	at org.apache.hadoop.hdds.scm.pipeline.PipelinePlacementPolicy.chooseDatanodes(PipelinePlacementPolicy.java:172)
	at org.apache.hadoop.hdds.scm.pipeline.RatisPipelineProvider.create(RatisPipelineProvider.java:93)
	at org.apache.hadoop.hdds.scm.pipeline.PipelineFactory.create(PipelineFactory.java:58)
	at org.apache.hadoop.hdds.scm.pipeline.SCMPipelineManager.createPipeline(SCMPipelineManager.java:155)
	at org.apache.hadoop.hdds.scm.block.BlockManagerImpl.allocateBlock(BlockManagerImpl.java:190)
	at org.apache.hadoop.hdds.scm.server.SCMBlockProtocolServer.allocateBlock(SCMBlockProtocolServer.java:182)
	at org.apache.hadoop.ozone.protocolPB.ScmBlockLocationProtocolServerSideTranslatorPB.allocateScmBlock(ScmBlockLocationProtocolServerSideTranslatorPB.java:183)
	at org.apache.hadoop.ozone.protocolPB.ScmBlockLocationProtocolServerSideTranslatorPB.processMessage(ScmBlockLocationProtocolServerSideTranslatorPB.java:141)
	at org.apache.hadoop.ozone.protocolPB.ScmBlockLocationProtocolServerSideTranslatorPB.send(ScmBlockLocationProtocolServerSideTranslatorPB.java:116)
	at org.apache.hadoop.hdds.protocol.proto.ScmBlockLocationProtocolProtos$ScmBlockLocationProtocolService$2.callBlockingMethod(ScmBlockLocationProtocolProtos.java:13157)
	at org.apache.hadoop.ipc.ProtobufRpcEngine$Server$ProtoBufRpcInvoker.call(ProtobufRpcEngine.java:524)
	at org.apache.hadoop.ipc.RPC$Server.call(RPC.java:1025)
	at org.apache.hadoop.ipc.Server$RpcCall.run(Server.java:876)
	at org.apache.hadoop.ipc.Server$RpcCall.run(Server.java:822)
	at java.security.AccessController.doPrivileged(Native Method)
	at javax.security.auth.Subject.doAs(Subject.java:422)
	at org.apache.hadoop.security.UserGroupInformation.doAs(UserGroupInformation.java:1730)
	at org.apache.hadoop.ipc.Server$Handler.run(Server.java:2682)
2019-09-25 12:11:18,407 [IPC Server handler 0 on 44367] INFO  block.BlockManagerImpl (BlockManagerImpl.java:allocateBlock(198)) - Could not find available pipeline of type:RATIS and factor:THREE even after retrying
2019-09-25 12:11:18,407 [IPC Server handler 0 on 44367] ERROR block.BlockManagerImpl (BlockManagerImpl.java:allocateBlock(222)) - Unable to allocate a block for the size: 4194304, type: RATIS, factor: THREE
]]></system-out>
    <system-err><![CDATA[ERROR StatusLogger No Log4j 2 configuration file found. Using default configuration (logging only errors to the console), or user programmatically provided configurations. Set system property 'log4j2.debug' to show Log4j 2 internal initialization logging. See https://logging.apache.org/log4j/2.x/manual/configuration.html for instructions on how to configure Log4j 2
]]></system-err>
  </testcase>
</testsuite>